<?xml version="1.0" encoding="UTF-8"?>
<testsuite xmlns:xsi="http://www.w3.org/2001/XMLSchema-instance" xsi:noNamespaceSchemaLocation="https://maven.apache.org/surefire/maven-failsafe-plugin/xsd/failsafe-test-report-3.0.xsd" version="3.0" name="starter.CucumberTestSuite" time="23.276" tests="3" errors="1" skipped="0" failures="1">
  <properties>
    <property name="java.specification.version" value="19"/>
    <property name="sun.cpu.isalist" value="amd64"/>
    <property name="sun.jnu.encoding" value="Cp1252"/>
    <property name="java.class.path" value="C:\Dev\CapstoneProjectBaru\SKUYPAY API AUTOMATION\target\test-classes;C:\Users\HP\.m2\repository\net\serenity-bdd\serenity-core\3.5.1\serenity-core-3.5.1.jar;C:\Users\HP\.m2\repository\net\serenity-bdd\serenity-model\3.5.1\serenity-model-3.5.1.jar;C:\Users\HP\.m2\repository\org\apache\commons\commons-text\1.10.0\commons-text-1.10.0.jar;C:\Users\HP\.m2\repository\commons-net\commons-net\3.8.0\commons-net-3.8.0.jar;C:\Users\HP\.m2\repository\com\google\guava\guava\31.1-jre\guava-31.1-jre.jar;C:\Users\HP\.m2\repository\com\google\guava\failureaccess\1.0.1\failureaccess-1.0.1.jar;C:\Users\HP\.m2\repository\com\google\guava\listenablefuture\9999.0-empty-to-avoid-conflict-with-guava\listenablefuture-9999.0-empty-to-avoid-conflict-with-guava.jar;C:\Users\HP\.m2\repository\com\google\code\findbugs\jsr305\3.0.2\jsr305-3.0.2.jar;C:\Users\HP\.m2\repository\org\checkerframework\checker-qual\3.12.0\checker-qual-3.12.0.jar;C:\Users\HP\.m2\repository\com\google\errorprone\error_prone_annotations\2.11.0\error_prone_annotations-2.11.0.jar;C:\Users\HP\.m2\repository\com\google\j2objc\j2objc-annotations\1.3\j2objc-annotations-1.3.jar;C:\Users\HP\.m2\repository\com\google\inject\guice\5.1.0\guice-5.1.0.jar;C:\Users\HP\.m2\repository\javax\inject\javax.inject\1\javax.inject-1.jar;C:\Users\HP\.m2\repository\aopalliance\aopalliance\1.0\aopalliance-1.0.jar;C:\Users\HP\.m2\repository\org\jsoup\jsoup\1.14.3\jsoup-1.14.3.jar;C:\Users\HP\.m2\repository\com\thoughtworks\xstream\xstream\1.4.19\xstream-1.4.19.jar;C:\Users\HP\.m2\repository\io\github\x-stream\mxparser\1.2.2\mxparser-1.2.2.jar;C:\Users\HP\.m2\repository\xmlpull\xmlpull\1.1.3.1\xmlpull-1.1.3.1.jar;C:\Users\HP\.m2\repository\com\typesafe\config\1.4.2\config-1.4.2.jar;C:\Users\HP\.m2\repository\org\imgscalr\imgscalr-lib\4.2\imgscalr-lib-4.2.jar;C:\Users\HP\.m2\repository\org\awaitility\awaitility\4.2.0\awaitility-4.2.0.jar;C:\Users\HP\.m2\repository\org\freemarker\freemarker\2.3.31\freemarker-2.3.31.jar;C:\Users\HP\.m2\repository\io\github\classgraph\classgraph\4.8.138\classgraph-4.8.138.jar;C:\Users\HP\.m2\repository\net\sourceforge\jexcelapi\jxl\2.6.12\jxl-2.6.12.jar;C:\Users\HP\.m2\repository\net\bytebuddy\byte-buddy-agent\1.12.18\byte-buddy-agent-1.12.18.jar;C:\Users\HP\.m2\repository\org\objenesis\objenesis\3.1\objenesis-3.1.jar;C:\Users\HP\.m2\repository\net\serenity-bdd\serenity-reports\3.5.1\serenity-reports-3.5.1.jar;C:\Users\HP\.m2\repository\net\serenity-bdd\serenity-stats\3.5.1\serenity-stats-3.5.1.jar;C:\Users\HP\.m2\repository\net\serenity-bdd\serenity-reports-configuration\3.5.1\serenity-reports-configuration-3.5.1.jar;C:\Users\HP\.m2\repository\com\vladsch\flexmark\flexmark-all\0.34.30\flexmark-all-0.34.30.jar;C:\Users\HP\.m2\repository\com\vladsch\flexmark\flexmark\0.34.30\flexmark-0.34.30.jar;C:\Users\HP\.m2\repository\com\vladsch\flexmark\flexmark-ext-abbreviation\0.34.30\flexmark-ext-abbreviation-0.34.30.jar;C:\Users\HP\.m2\repository\com\vladsch\flexmark\flexmark-ext-admonition\0.34.30\flexmark-ext-admonition-0.34.30.jar;C:\Users\HP\.m2\repository\com\vladsch\flexmark\flexmark-ext-anchorlink\0.34.30\flexmark-ext-anchorlink-0.34.30.jar;C:\Users\HP\.m2\repository\com\vladsch\flexmark\flexmark-ext-aside\0.34.30\flexmark-ext-aside-0.34.30.jar;C:\Users\HP\.m2\repository\com\vladsch\flexmark\flexmark-ext-attributes\0.34.30\flexmark-ext-attributes-0.34.30.jar;C:\Users\HP\.m2\repository\com\vladsch\flexmark\flexmark-ext-autolink\0.34.30\flexmark-ext-autolink-0.34.30.jar;C:\Users\HP\.m2\repository\org\nibor\autolink\autolink\0.6.0\autolink-0.6.0.jar;C:\Users\HP\.m2\repository\com\vladsch\flexmark\flexmark-ext-definition\0.34.30\flexmark-ext-definition-0.34.30.jar;C:\Users\HP\.m2\repository\com\vladsch\flexmark\flexmark-ext-emoji\0.34.30\flexmark-ext-emoji-0.34.30.jar;C:\Users\HP\.m2\repository\com\vladsch\flexmark\flexmark-ext-enumerated-reference\0.34.30\flexmark-ext-enumerated-reference-0.34.30.jar;C:\Users\HP\.m2\repository\com\vladsch\flexmark\flexmark-ext-escaped-character\0.34.30\flexmark-ext-escaped-character-0.34.30.jar;C:\Users\HP\.m2\repository\com\vladsch\flexmark\flexmark-ext-footnotes\0.34.30\flexmark-ext-footnotes-0.34.30.jar;C:\Users\HP\.m2\repository\com\vladsch\flexmark\flexmark-ext-gfm-issues\0.34.30\flexmark-ext-gfm-issues-0.34.30.jar;C:\Users\HP\.m2\repository\com\vladsch\flexmark\flexmark-ext-gfm-strikethrough\0.34.30\flexmark-ext-gfm-strikethrough-0.34.30.jar;C:\Users\HP\.m2\repository\com\vladsch\flexmark\flexmark-ext-gfm-tables\0.34.30\flexmark-ext-gfm-tables-0.34.30.jar;C:\Users\HP\.m2\repository\com\vladsch\flexmark\flexmark-ext-gfm-tasklist\0.34.30\flexmark-ext-gfm-tasklist-0.34.30.jar;C:\Users\HP\.m2\repository\com\vladsch\flexmark\flexmark-ext-gfm-users\0.34.30\flexmark-ext-gfm-users-0.34.30.jar;C:\Users\HP\.m2\repository\com\vladsch\flexmark\flexmark-ext-gitlab\0.34.30\flexmark-ext-gitlab-0.34.30.jar;C:\Users\HP\.m2\repository\com\vladsch\flexmark\flexmark-ext-jekyll-front-matter\0.34.30\flexmark-ext-jekyll-front-matter-0.34.30.jar;C:\Users\HP\.m2\repository\com\vladsch\flexmark\flexmark-ext-jekyll-tag\0.34.30\flexmark-ext-jekyll-tag-0.34.30.jar;C:\Users\HP\.m2\repository\com\vladsch\flexmark\flexmark-ext-media-tags\0.34.30\flexmark-ext-media-tags-0.34.30.jar;C:\Users\HP\.m2\repository\com\vladsch\flexmark\flexmark-test-util\0.34.30\flexmark-test-util-0.34.30.jar;C:\Users\HP\.m2\repository\com\vladsch\flexmark\flexmark-ext-ins\0.34.30\flexmark-ext-ins-0.34.30.jar;C:\Users\HP\.m2\repository\com\vladsch\flexmark\flexmark-ext-xwiki-macros\0.34.30\flexmark-ext-xwiki-macros-0.34.30.jar;C:\Users\HP\.m2\repository\com\vladsch\flexmark\flexmark-ext-superscript\0.34.30\flexmark-ext-superscript-0.34.30.jar;C:\Users\HP\.m2\repository\com\vladsch\flexmark\flexmark-ext-tables\0.34.30\flexmark-ext-tables-0.34.30.jar;C:\Users\HP\.m2\repository\com\vladsch\flexmark\flexmark-ext-toc\0.34.30\flexmark-ext-toc-0.34.30.jar;C:\Users\HP\.m2\repository\com\vladsch\flexmark\flexmark-ext-typographic\0.34.30\flexmark-ext-typographic-0.34.30.jar;C:\Users\HP\.m2\repository\com\vladsch\flexmark\flexmark-ext-wikilink\0.34.30\flexmark-ext-wikilink-0.34.30.jar;C:\Users\HP\.m2\repository\com\vladsch\flexmark\flexmark-ext-yaml-front-matter\0.34.30\flexmark-ext-yaml-front-matter-0.34.30.jar;C:\Users\HP\.m2\repository\com\vladsch\flexmark\flexmark-ext-youtube-embedded\0.34.30\flexmark-ext-youtube-embedded-0.34.30.jar;C:\Users\HP\.m2\repository\com\vladsch\flexmark\flexmark-formatter\0.34.30\flexmark-formatter-0.34.30.jar;C:\Users\HP\.m2\repository\com\vladsch\flexmark\flexmark-html-parser\0.34.30\flexmark-html-parser-0.34.30.jar;C:\Users\HP\.m2\repository\com\vladsch\flexmark\flexmark-jira-converter\0.34.30\flexmark-jira-converter-0.34.30.jar;C:\Users\HP\.m2\repository\com\vladsch\flexmark\flexmark-pdf-converter\0.34.30\flexmark-pdf-converter-0.34.30.jar;C:\Users\HP\.m2\repository\com\openhtmltopdf\openhtmltopdf-core\0.0.1-RC13\openhtmltopdf-core-0.0.1-RC13.jar;C:\Users\HP\.m2\repository\com\openhtmltopdf\openhtmltopdf-pdfbox\0.0.1-RC13\openhtmltopdf-pdfbox-0.0.1-RC13.jar;C:\Users\HP\.m2\repository\org\apache\pdfbox\pdfbox\2.0.8\pdfbox-2.0.8.jar;C:\Users\HP\.m2\repository\org\apache\pdfbox\fontbox\2.0.8\fontbox-2.0.8.jar;C:\Users\HP\.m2\repository\org\apache\pdfbox\xmpbox\2.0.8\xmpbox-2.0.8.jar;C:\Users\HP\.m2\repository\de\rototor\pdfbox\graphics2d\0.12\graphics2d-0.12.jar;C:\Users\HP\.m2\repository\com\openhtmltopdf\openhtmltopdf-rtl-support\0.0.1-RC13\openhtmltopdf-rtl-support-0.0.1-RC13.jar;C:\Users\HP\.m2\repository\com\ibm\icu\icu4j\59.1\icu4j-59.1.jar;C:\Users\HP\.m2\repository\com\openhtmltopdf\openhtmltopdf-jsoup-dom-converter\0.0.1-RC13\openhtmltopdf-jsoup-dom-converter-0.0.1-RC13.jar;C:\Users\HP\.m2\repository\com\vladsch\flexmark\flexmark-profile-pegdown\0.34.30\flexmark-profile-pegdown-0.34.30.jar;C:\Users\HP\.m2\repository\com\vladsch\flexmark\flexmark-util\0.34.30\flexmark-util-0.34.30.jar;C:\Users\HP\.m2\repository\com\vladsch\flexmark\flexmark-youtrack-converter\0.34.30\flexmark-youtrack-converter-0.34.30.jar;C:\Users\HP\.m2\repository\es\nitaur\markdown\txtmark\0.16\txtmark-0.16.jar;C:\Users\HP\.m2\repository\net\serenity-bdd\serenity-report-resources\3.5.1\serenity-report-resources-3.5.1.jar;C:\Users\HP\.m2\repository\com\google\code\gson\gson\2.9.0\gson-2.9.0.jar;C:\Users\HP\.m2\repository\com\fasterxml\jackson\core\jackson-core\2.13.4\jackson-core-2.13.4.jar;C:\Users\HP\.m2\repository\com\fasterxml\jackson\core\jackson-databind\2.13.4\jackson-databind-2.13.4.jar;C:\Users\HP\.m2\repository\com\fasterxml\jackson\core\jackson-annotations\2.13.4\jackson-annotations-2.13.4.jar;C:\Users\HP\.m2\repository\commons-codec\commons-codec\1.15\commons-codec-1.15.jar;C:\Users\HP\.m2\repository\commons-io\commons-io\2.11.0\commons-io-2.11.0.jar;C:\Users\HP\.m2\repository\org\apache\httpcomponents\httpclient\4.5.13\httpclient-4.5.13.jar;C:\Users\HP\.m2\repository\org\apache\httpcomponents\httpcore\4.4.13\httpcore-4.4.13.jar;C:\Users\HP\.m2\repository\commons-logging\commons-logging\1.2\commons-logging-1.2.jar;C:\Users\HP\.m2\repository\org\seleniumhq\selenium\selenium-java\4.7.1\selenium-java-4.7.1.jar;C:\Users\HP\.m2\repository\org\seleniumhq\selenium\selenium-devtools-v106\4.7.1\selenium-devtools-v106-4.7.1.jar;C:\Users\HP\.m2\repository\org\seleniumhq\selenium\selenium-devtools-v107\4.7.1\selenium-devtools-v107-4.7.1.jar;C:\Users\HP\.m2\repository\org\seleniumhq\selenium\selenium-devtools-v108\4.7.1\selenium-devtools-v108-4.7.1.jar;C:\Users\HP\.m2\repository\org\seleniumhq\selenium\selenium-devtools-v85\4.7.1\selenium-devtools-v85-4.7.1.jar;C:\Users\HP\.m2\repository\org\seleniumhq\selenium\selenium-remote-driver\4.7.1\selenium-remote-driver-4.7.1.jar;C:\Users\HP\.m2\repository\io\netty\netty-buffer\4.1.84.Final\netty-buffer-4.1.84.Final.jar;C:\Users\HP\.m2\repository\io\netty\netty-codec-http\4.1.84.Final\netty-codec-http-4.1.84.Final.jar;C:\Users\HP\.m2\repository\io\netty\netty-codec\4.1.84.Final\netty-codec-4.1.84.Final.jar;C:\Users\HP\.m2\repository\io\netty\netty-handler\4.1.84.Final\netty-handler-4.1.84.Final.jar;C:\Users\HP\.m2\repository\io\netty\netty-common\4.1.84.Final\netty-common-4.1.84.Final.jar;C:\Users\HP\.m2\repository\io\netty\netty-transport-classes-epoll\4.1.84.Final\netty-transport-classes-epoll-4.1.84.Final.jar;C:\Users\HP\.m2\repository\io\netty\netty-transport-classes-kqueue\4.1.84.Final\netty-transport-classes-kqueue-4.1.84.Final.jar;C:\Users\HP\.m2\repository\io\netty\netty-transport-native-epoll\4.1.84.Final\netty-transport-native-epoll-4.1.84.Final.jar;C:\Users\HP\.m2\repository\io\netty\netty-transport-native-kqueue\4.1.84.Final\netty-transport-native-kqueue-4.1.84.Final.jar;C:\Users\HP\.m2\repository\io\netty\netty-transport-native-unix-common\4.1.84.Final\netty-transport-native-unix-common-4.1.84.Final.jar;C:\Users\HP\.m2\repository\io\netty\netty-transport\4.1.84.Final\netty-transport-4.1.84.Final.jar;C:\Users\HP\.m2\repository\io\netty\netty-resolver\4.1.84.Final\netty-resolver-4.1.84.Final.jar;C:\Users\HP\.m2\repository\io\opentelemetry\opentelemetry-api\1.19.0\opentelemetry-api-1.19.0.jar;C:\Users\HP\.m2\repository\io\opentelemetry\opentelemetry-context\1.19.0\opentelemetry-context-1.19.0.jar;C:\Users\HP\.m2\repository\io\opentelemetry\opentelemetry-exporter-logging\1.19.0\opentelemetry-exporter-logging-1.19.0.jar;C:\Users\HP\.m2\repository\io\opentelemetry\opentelemetry-sdk-metrics\1.19.0\opentelemetry-sdk-metrics-1.19.0.jar;C:\Users\HP\.m2\repository\io\opentelemetry\opentelemetry-sdk-logs\1.19.0-alpha\opentelemetry-sdk-logs-1.19.0-alpha.jar;C:\Users\HP\.m2\repository\io\opentelemetry\opentelemetry-api-logs\1.19.0-alpha\opentelemetry-api-logs-1.19.0-alpha.jar;C:\Users\HP\.m2\repository\io\opentelemetry\opentelemetry-sdk-common\1.19.0\opentelemetry-sdk-common-1.19.0.jar;C:\Users\HP\.m2\repository\io\opentelemetry\opentelemetry-sdk-extension-autoconfigure-spi\1.19.0\opentelemetry-sdk-extension-autoconfigure-spi-1.19.0.jar;C:\Users\HP\.m2\repository\io\opentelemetry\opentelemetry-sdk-extension-autoconfigure\1.19.0-alpha\opentelemetry-sdk-extension-autoconfigure-1.19.0-alpha.jar;C:\Users\HP\.m2\repository\io\opentelemetry\opentelemetry-exporter-common\1.19.0\opentelemetry-exporter-common-1.19.0.jar;C:\Users\HP\.m2\repository\io\opentelemetry\opentelemetry-sdk-trace\1.19.0\opentelemetry-sdk-trace-1.19.0.jar;C:\Users\HP\.m2\repository\io\opentelemetry\opentelemetry-sdk\1.19.0\opentelemetry-sdk-1.19.0.jar;C:\Users\HP\.m2\repository\io\opentelemetry\opentelemetry-semconv\1.19.0-alpha\opentelemetry-semconv-1.19.0-alpha.jar;C:\Users\HP\.m2\repository\io\ous\jtoml\2.0.0\jtoml-2.0.0.jar;C:\Users\HP\.m2\repository\org\apache\commons\commons-exec\1.3\commons-exec-1.3.jar;C:\Users\HP\.m2\repository\org\asynchttpclient\async-http-client\2.12.3\async-http-client-2.12.3.jar;C:\Users\HP\.m2\repository\org\asynchttpclient\async-http-client-netty-utils\2.12.3\async-http-client-netty-utils-2.12.3.jar;C:\Users\HP\.m2\repository\io\netty\netty-codec-socks\4.1.60.Final\netty-codec-socks-4.1.60.Final.jar;C:\Users\HP\.m2\repository\io\netty\netty-handler-proxy\4.1.60.Final\netty-handler-proxy-4.1.60.Final.jar;C:\Users\HP\.m2\repository\io\netty\netty-transport-native-epoll\4.1.60.Final\netty-transport-native-epoll-4.1.60.Final-linux-x86_64.jar;C:\Users\HP\.m2\repository\io\netty\netty-transport-native-kqueue\4.1.60.Final\netty-transport-native-kqueue-4.1.60.Final-osx-x86_64.jar;C:\Users\HP\.m2\repository\org\reactivestreams\reactive-streams\1.0.3\reactive-streams-1.0.3.jar;C:\Users\HP\.m2\repository\com\typesafe\netty\netty-reactive-streams\2.0.4\netty-reactive-streams-2.0.4.jar;C:\Users\HP\.m2\repository\org\seleniumhq\selenium\selenium-manager\4.7.1\selenium-manager-4.7.1.jar;C:\Users\HP\.m2\repository\org\seleniumhq\selenium\selenium-safari-driver\4.7.1\selenium-safari-driver-4.7.1.jar;C:\Users\HP\.m2\repository\org\seleniumhq\selenium\selenium-api\4.7.1\selenium-api-4.7.1.jar;C:\Users\HP\.m2\repository\org\seleniumhq\selenium\selenium-support\4.7.1\selenium-support-4.7.1.jar;C:\Users\HP\.m2\repository\com\google\auto\service\auto-service-annotations\1.0.1\auto-service-annotations-1.0.1.jar;C:\Users\HP\.m2\repository\com\google\auto\service\auto-service\1.0.1\auto-service-1.0.1.jar;C:\Users\HP\.m2\repository\com\google\auto\auto-common\1.2\auto-common-1.2.jar;C:\Users\HP\.m2\repository\org\seleniumhq\selenium\selenium-json\4.7.1\selenium-json-4.7.1.jar;C:\Users\HP\.m2\repository\org\seleniumhq\selenium\selenium-chrome-driver\4.7.1\selenium-chrome-driver-4.7.1.jar;C:\Users\HP\.m2\repository\org\seleniumhq\selenium\selenium-chromium-driver\4.7.1\selenium-chromium-driver-4.7.1.jar;C:\Users\HP\.m2\repository\org\seleniumhq\selenium\selenium-firefox-driver\4.7.1\selenium-firefox-driver-4.7.1.jar;C:\Users\HP\.m2\repository\org\seleniumhq\selenium\selenium-http\4.7.1\selenium-http-4.7.1.jar;C:\Users\HP\.m2\repository\dev\failsafe\failsafe\3.3.0\failsafe-3.3.0.jar;C:\Users\HP\.m2\repository\org\seleniumhq\selenium\selenium-edge-driver\4.7.1\selenium-edge-driver-4.7.1.jar;C:\Users\HP\.m2\repository\org\seleniumhq\selenium\selenium-ie-driver\4.7.1\selenium-ie-driver-4.7.1.jar;C:\Users\HP\.m2\repository\org\projectlombok\lombok\1.18.20\lombok-1.18.20.jar;C:\Users\HP\.m2\repository\io\appium\java-client\8.3.0\java-client-8.3.0.jar;C:\Users\HP\.m2\repository\commons-validator\commons-validator\1.7\commons-validator-1.7.jar;C:\Users\HP\.m2\repository\commons-digester\commons-digester\2.1\commons-digester-2.1.jar;C:\Users\HP\.m2\repository\org\apache\groovy\groovy\4.0.6\groovy-4.0.6.jar;C:\Users\HP\.m2\repository\net\sf\opencsv\opencsv\2.0\opencsv-2.0.jar;C:\Users\HP\.m2\repository\commons-beanutils\commons-beanutils\1.9.4\commons-beanutils-1.9.4.jar;C:\Users\HP\.m2\repository\org\apache\commons\commons-lang3\3.12.0\commons-lang3-3.12.0.jar;C:\Users\HP\.m2\repository\commons-collections\commons-collections\3.2.2\commons-collections-3.2.2.jar;C:\Users\HP\.m2\repository\org\fluentlenium\fluentlenium-core\0.10.2\fluentlenium-core-0.10.2.jar;C:\Users\HP\.m2\repository\io\github\bonigarcia\webdrivermanager\5.3.0\webdrivermanager-5.3.0.jar;C:\Users\HP\.m2\repository\com\github\docker-java\docker-java\3.2.13\docker-java-3.2.13.jar;C:\Users\HP\.m2\repository\com\github\docker-java\docker-java-core\3.2.13\docker-java-core-3.2.13.jar;C:\Users\HP\.m2\repository\com\github\docker-java\docker-java-api\3.2.13\docker-java-api-3.2.13.jar;C:\Users\HP\.m2\repository\org\apache\commons\commons-compress\1.21\commons-compress-1.21.jar;C:\Users\HP\.m2\repository\org\bouncycastle\bcpkix-jdk15on\1.64\bcpkix-jdk15on-1.64.jar;C:\Users\HP\.m2\repository\org\bouncycastle\bcprov-jdk15on\1.64\bcprov-jdk15on-1.64.jar;C:\Users\HP\.m2\repository\org\slf4j\jcl-over-slf4j\1.7.30\jcl-over-slf4j-1.7.30.jar;C:\Users\HP\.m2\repository\com\github\docker-java\docker-java-transport-httpclient5\3.2.13\docker-java-transport-httpclient5-3.2.13.jar;C:\Users\HP\.m2\repository\com\github\docker-java\docker-java-transport\3.2.13\docker-java-transport-3.2.13.jar;C:\Users\HP\.m2\repository\net\java\dev\jna\jna\5.8.0\jna-5.8.0.jar;C:\Users\HP\.m2\repository\org\brotli\dec\0.1.2\dec-0.1.2.jar;C:\Users\HP\.m2\repository\org\apache\httpcomponents\client5\httpclient5\5.1.3\httpclient5-5.1.3.jar;C:\Users\HP\.m2\repository\org\apache\httpcomponents\core5\httpcore5\5.1.3\httpcore5-5.1.3.jar;C:\Users\HP\.m2\repository\org\apache\httpcomponents\core5\httpcore5-h2\5.1.3\httpcore5-h2-5.1.3.jar;C:\Users\HP\.m2\repository\com\jhlabs\filters\2.0.235\filters-2.0.235.jar;C:\Users\HP\.m2\repository\com\paulhammant\ngwebdriver\1.1.6\ngwebdriver-1.1.6.jar;C:\Users\HP\.m2\repository\joda-time\joda-time\2.8.2\joda-time-2.8.2.jar;C:\Users\HP\.m2\repository\com\google\jimfs\jimfs\1.2\jimfs-1.2.jar;C:\Users\HP\.m2\repository\org\mockito\mockito-core\3.3.3\mockito-core-3.3.3.jar;C:\Users\HP\.m2\repository\javax\xml\bind\jaxb-api\2.3.1\jaxb-api-2.3.1.jar;C:\Users\HP\.m2\repository\javax\activation\javax.activation-api\1.2.0\javax.activation-api-1.2.0.jar;C:\Users\HP\.m2\repository\com\sun\xml\bind\jaxb-core\2.3.0.1\jaxb-core-2.3.0.1.jar;C:\Users\HP\.m2\repository\com\sun\xml\bind\jaxb-impl\2.3.3\jaxb-impl-2.3.3.jar;C:\Users\HP\.m2\repository\jakarta\xml\bind\jakarta.xml.bind-api\2.3.3\jakarta.xml.bind-api-2.3.3.jar;C:\Users\HP\.m2\repository\com\sun\activation\jakarta.activation\1.2.2\jakarta.activation-1.2.2.jar;C:\Users\HP\.m2\repository\javax\activation\activation\1.1.1\activation-1.1.1.jar;C:\Users\HP\.m2\repository\net\serenity-bdd\serenity-cucumber\3.5.1\serenity-cucumber-3.5.1.jar;C:\Users\HP\.m2\repository\io\cucumber\cucumber-core\7.8.1\cucumber-core-7.8.1.jar;C:\Users\HP\.m2\repository\io\cucumber\cucumber-gherkin\7.8.1\cucumber-gherkin-7.8.1.jar;C:\Users\HP\.m2\repository\io\cucumber\cucumber-gherkin-messages\7.8.1\cucumber-gherkin-messages-7.8.1.jar;C:\Users\HP\.m2\repository\io\cucumber\gherkin\24.0.0\gherkin-24.0.0.jar;C:\Users\HP\.m2\repository\io\cucumber\messages\19.1.4\messages-19.1.4.jar;C:\Users\HP\.m2\repository\io\cucumber\tag-expressions\4.1.0\tag-expressions-4.1.0.jar;C:\Users\HP\.m2\repository\io\cucumber\cucumber-expressions\16.0.0\cucumber-expressions-16.0.0.jar;C:\Users\HP\.m2\repository\io\cucumber\datatable\7.8.1\datatable-7.8.1.jar;C:\Users\HP\.m2\repository\io\cucumber\cucumber-plugin\7.8.1\cucumber-plugin-7.8.1.jar;C:\Users\HP\.m2\repository\io\cucumber\docstring\7.8.1\docstring-7.8.1.jar;C:\Users\HP\.m2\repository\io\cucumber\html-formatter\20.1.0\html-formatter-20.1.0.jar;C:\Users\HP\.m2\repository\io\cucumber\ci-environment\9.1.0\ci-environment-9.1.0.jar;C:\Users\HP\.m2\repository\io\cucumber\cucumber-java\7.8.1\cucumber-java-7.8.1.jar;C:\Users\HP\.m2\repository\io\cucumber\cucumber-junit\7.8.1\cucumber-junit-7.8.1.jar;C:\Users\HP\.m2\repository\org\apache\commons\commons-csv\1.5\commons-csv-1.5.jar;C:\Users\HP\.m2\repository\net\serenity-bdd\serenity-screenplay\3.5.1\serenity-screenplay-3.5.1.jar;C:\Users\HP\.m2\repository\net\serenity-bdd\serenity-screenplay-webdriver\3.5.1\serenity-screenplay-webdriver-3.5.1.jar;C:\Users\HP\.m2\repository\net\serenity-bdd\serenity-ensure\3.5.1\serenity-ensure-3.5.1.jar;C:\Users\HP\.m2\repository\net\serenity-bdd\serenity-junit\3.5.1\serenity-junit-3.5.1.jar;C:\Users\HP\.m2\repository\org\jetbrains\kotlin\kotlin-stdlib\1.7.21\kotlin-stdlib-1.7.21.jar;C:\Users\HP\.m2\repository\org\jetbrains\kotlin\kotlin-stdlib-common\1.7.21\kotlin-stdlib-common-1.7.21.jar;C:\Users\HP\.m2\repository\org\jetbrains\annotations\13.0\annotations-13.0.jar;C:\Users\HP\.m2\repository\org\junit\platform\junit-platform-launcher\1.8.2\junit-platform-launcher-1.8.2.jar;C:\Users\HP\.m2\repository\org\junit\platform\junit-platform-engine\1.8.2\junit-platform-engine-1.8.2.jar;C:\Users\HP\.m2\repository\org\junit\platform\junit-platform-commons\1.8.2\junit-platform-commons-1.8.2.jar;C:\Users\HP\.m2\repository\org\apiguardian\apiguardian-api\1.1.2\apiguardian-api-1.1.2.jar;C:\Users\HP\.m2\repository\org\junit\jupiter\junit-jupiter-engine\5.8.2\junit-jupiter-engine-5.8.2.jar;C:\Users\HP\.m2\repository\org\junit\jupiter\junit-jupiter-api\5.8.2\junit-jupiter-api-5.8.2.jar;C:\Users\HP\.m2\repository\org\junit\vintage\junit-vintage-engine\5.8.2\junit-vintage-engine-5.8.2.jar;C:\Users\HP\.m2\repository\junit\junit\4.13.2\junit-4.13.2.jar;C:\Users\HP\.m2\repository\org\hamcrest\hamcrest-core\1.3\hamcrest-core-1.3.jar;C:\Users\HP\.m2\repository\ch\qos\logback\logback-classic\1.2.10\logback-classic-1.2.10.jar;C:\Users\HP\.m2\repository\ch\qos\logback\logback-core\1.2.10\logback-core-1.2.10.jar;C:\Users\HP\.m2\repository\org\slf4j\slf4j-api\1.7.32\slf4j-api-1.7.32.jar;C:\Users\HP\.m2\repository\org\assertj\assertj-core\3.23.1\assertj-core-3.23.1.jar;C:\Users\HP\.m2\repository\net\bytebuddy\byte-buddy\1.12.10\byte-buddy-1.12.10.jar;C:\Users\HP\.m2\repository\net\serenity-bdd\serenity-rest-assured\3.5.1\serenity-rest-assured-3.5.1.jar;C:\Users\HP\.m2\repository\org\apache\groovy\groovy-json\4.0.6\groovy-json-4.0.6.jar;C:\Users\HP\.m2\repository\org\apache\groovy\groovy-xml\4.0.6\groovy-xml-4.0.6.jar;C:\Users\HP\.m2\repository\org\opentest4j\opentest4j\1.2.0\opentest4j-1.2.0.jar;C:\Users\HP\.m2\repository\io\rest-assured\rest-assured\5.3.0\rest-assured-5.3.0.jar;C:\Users\HP\.m2\repository\org\apache\httpcomponents\httpmime\4.5.13\httpmime-4.5.13.jar;C:\Users\HP\.m2\repository\org\ccil\cowan\tagsoup\tagsoup\1.2.1\tagsoup-1.2.1.jar;C:\Users\HP\.m2\repository\io\rest-assured\json-path\5.3.0\json-path-5.3.0.jar;C:\Users\HP\.m2\repository\io\rest-assured\rest-assured-common\5.3.0\rest-assured-common-5.3.0.jar;C:\Users\HP\.m2\repository\io\rest-assured\xml-path\5.2.0\xml-path-5.2.0.jar;C:\Users\HP\.m2\repository\org\hamcrest\hamcrest\2.2\hamcrest-2.2.jar;C:\Users\HP\.m2\repository\org\json\json\20230227\json-20230227.jar;C:\Users\HP\.m2\repository\com\github\javafaker\javafaker\0.14\javafaker-0.14.jar;C:\Users\HP\.m2\repository\org\yaml\snakeyaml\1.19\snakeyaml-1.19-android.jar;C:\Users\HP\.m2\repository\com\github\mifmif\generex\1.0.2\generex-1.0.2.jar;C:\Users\HP\.m2\repository\dk\brics\automaton\automaton\1.11-8\automaton-1.11-8.jar;C:\Users\HP\.m2\repository\org\testng\testng\7.7.0\testng-7.7.0.jar;C:\Users\HP\.m2\repository\com\beust\jcommander\1.82\jcommander-1.82.jar;C:\Users\HP\.m2\repository\org\webjars\jquery\3.6.1\jquery-3.6.1.jar;C:\Users\HP\.m2\repository\com\github\rjeschke\txtmark\0.13\txtmark-0.13.jar;C:\Users\HP\.m2\repository\org\lucee\txtmark\0.16.0\txtmark-0.16.0.jar;C:\Users\HP\.m2\repository\com\github\com-github-javabdd\com.github.javabdd\4.0.0\com.github.javabdd-4.0.0.jar;C:\Users\HP\.m2\repository\com\github\aniketwadkar78\com.github.aniketwadkar78\1.0.3\com.github.aniketwadkar78-1.0.3.jar;C:\Users\HP\.m2\repository\com\github\jovanikos\com.github.jovanikos\1.1\com.github.jovanikos-1.1.jar;C:\Users\HP\.m2\repository\com\auth0\java-jwt\3.8.3\java-jwt-3.8.3.jar;C:\Users\HP\.m2\repository\org\springframework\spring-context\5.2.1.RELEASE\spring-context-5.2.1.RELEASE.jar;C:\Users\HP\.m2\repository\org\springframework\spring-aop\5.2.1.RELEASE\spring-aop-5.2.1.RELEASE.jar;C:\Users\HP\.m2\repository\org\springframework\spring-beans\5.2.1.RELEASE\spring-beans-5.2.1.RELEASE.jar;C:\Users\HP\.m2\repository\org\springframework\spring-core\5.2.1.RELEASE\spring-core-5.2.1.RELEASE.jar;C:\Users\HP\.m2\repository\org\springframework\spring-jcl\5.2.1.RELEASE\spring-jcl-5.2.1.RELEASE.jar;C:\Users\HP\.m2\repository\org\springframework\spring-expression\5.2.1.RELEASE\spring-expression-5.2.1.RELEASE.jar;"/>
    <property name="java.vm.vendor" value="Oracle Corporation"/>
    <property name="sun.arch.data.model" value="64"/>
    <property name="user.variant" value=""/>
    <property name="java.vendor.url" value="https://java.oracle.com/"/>
    <property name="user.timezone" value="Asia/Jakarta"/>
    <property name="os.name" value="Windows 11"/>
    <property name="java.vm.specification.version" value="19"/>
    <property name="sun.java.launcher" value="SUN_STANDARD"/>
    <property name="user.country" value="ID"/>
    <property name="sun.boot.library.path" value="C:\Program Files\Java\jdk-19\bin"/>
    <property name="sun.java.command" value="org.apache.maven.surefire.booter.ForkedBooter C:\Users\HP\AppData\Local\Temp\surefire14339154901910044121 2023-06-18T07-56-11_865-jvmRun1 surefire13617329667802141113tmp surefire_05427151887642115980tmp"/>
    <property name="jdk.debug" value="release"/>
    <property name="surefire.test.class.path" value="C:\Dev\CapstoneProjectBaru\SKUYPAY API AUTOMATION\target\test-classes;C:\Users\HP\.m2\repository\net\serenity-bdd\serenity-core\3.5.1\serenity-core-3.5.1.jar;C:\Users\HP\.m2\repository\net\serenity-bdd\serenity-model\3.5.1\serenity-model-3.5.1.jar;C:\Users\HP\.m2\repository\org\apache\commons\commons-text\1.10.0\commons-text-1.10.0.jar;C:\Users\HP\.m2\repository\commons-net\commons-net\3.8.0\commons-net-3.8.0.jar;C:\Users\HP\.m2\repository\com\google\guava\guava\31.1-jre\guava-31.1-jre.jar;C:\Users\HP\.m2\repository\com\google\guava\failureaccess\1.0.1\failureaccess-1.0.1.jar;C:\Users\HP\.m2\repository\com\google\guava\listenablefuture\9999.0-empty-to-avoid-conflict-with-guava\listenablefuture-9999.0-empty-to-avoid-conflict-with-guava.jar;C:\Users\HP\.m2\repository\com\google\code\findbugs\jsr305\3.0.2\jsr305-3.0.2.jar;C:\Users\HP\.m2\repository\org\checkerframework\checker-qual\3.12.0\checker-qual-3.12.0.jar;C:\Users\HP\.m2\repository\com\google\errorprone\error_prone_annotations\2.11.0\error_prone_annotations-2.11.0.jar;C:\Users\HP\.m2\repository\com\google\j2objc\j2objc-annotations\1.3\j2objc-annotations-1.3.jar;C:\Users\HP\.m2\repository\com\google\inject\guice\5.1.0\guice-5.1.0.jar;C:\Users\HP\.m2\repository\javax\inject\javax.inject\1\javax.inject-1.jar;C:\Users\HP\.m2\repository\aopalliance\aopalliance\1.0\aopalliance-1.0.jar;C:\Users\HP\.m2\repository\org\jsoup\jsoup\1.14.3\jsoup-1.14.3.jar;C:\Users\HP\.m2\repository\com\thoughtworks\xstream\xstream\1.4.19\xstream-1.4.19.jar;C:\Users\HP\.m2\repository\io\github\x-stream\mxparser\1.2.2\mxparser-1.2.2.jar;C:\Users\HP\.m2\repository\xmlpull\xmlpull\1.1.3.1\xmlpull-1.1.3.1.jar;C:\Users\HP\.m2\repository\com\typesafe\config\1.4.2\config-1.4.2.jar;C:\Users\HP\.m2\repository\org\imgscalr\imgscalr-lib\4.2\imgscalr-lib-4.2.jar;C:\Users\HP\.m2\repository\org\awaitility\awaitility\4.2.0\awaitility-4.2.0.jar;C:\Users\HP\.m2\repository\org\freemarker\freemarker\2.3.31\freemarker-2.3.31.jar;C:\Users\HP\.m2\repository\io\github\classgraph\classgraph\4.8.138\classgraph-4.8.138.jar;C:\Users\HP\.m2\repository\net\sourceforge\jexcelapi\jxl\2.6.12\jxl-2.6.12.jar;C:\Users\HP\.m2\repository\net\bytebuddy\byte-buddy-agent\1.12.18\byte-buddy-agent-1.12.18.jar;C:\Users\HP\.m2\repository\org\objenesis\objenesis\3.1\objenesis-3.1.jar;C:\Users\HP\.m2\repository\net\serenity-bdd\serenity-reports\3.5.1\serenity-reports-3.5.1.jar;C:\Users\HP\.m2\repository\net\serenity-bdd\serenity-stats\3.5.1\serenity-stats-3.5.1.jar;C:\Users\HP\.m2\repository\net\serenity-bdd\serenity-reports-configuration\3.5.1\serenity-reports-configuration-3.5.1.jar;C:\Users\HP\.m2\repository\com\vladsch\flexmark\flexmark-all\0.34.30\flexmark-all-0.34.30.jar;C:\Users\HP\.m2\repository\com\vladsch\flexmark\flexmark\0.34.30\flexmark-0.34.30.jar;C:\Users\HP\.m2\repository\com\vladsch\flexmark\flexmark-ext-abbreviation\0.34.30\flexmark-ext-abbreviation-0.34.30.jar;C:\Users\HP\.m2\repository\com\vladsch\flexmark\flexmark-ext-admonition\0.34.30\flexmark-ext-admonition-0.34.30.jar;C:\Users\HP\.m2\repository\com\vladsch\flexmark\flexmark-ext-anchorlink\0.34.30\flexmark-ext-anchorlink-0.34.30.jar;C:\Users\HP\.m2\repository\com\vladsch\flexmark\flexmark-ext-aside\0.34.30\flexmark-ext-aside-0.34.30.jar;C:\Users\HP\.m2\repository\com\vladsch\flexmark\flexmark-ext-attributes\0.34.30\flexmark-ext-attributes-0.34.30.jar;C:\Users\HP\.m2\repository\com\vladsch\flexmark\flexmark-ext-autolink\0.34.30\flexmark-ext-autolink-0.34.30.jar;C:\Users\HP\.m2\repository\org\nibor\autolink\autolink\0.6.0\autolink-0.6.0.jar;C:\Users\HP\.m2\repository\com\vladsch\flexmark\flexmark-ext-definition\0.34.30\flexmark-ext-definition-0.34.30.jar;C:\Users\HP\.m2\repository\com\vladsch\flexmark\flexmark-ext-emoji\0.34.30\flexmark-ext-emoji-0.34.30.jar;C:\Users\HP\.m2\repository\com\vladsch\flexmark\flexmark-ext-enumerated-reference\0.34.30\flexmark-ext-enumerated-reference-0.34.30.jar;C:\Users\HP\.m2\repository\com\vladsch\flexmark\flexmark-ext-escaped-character\0.34.30\flexmark-ext-escaped-character-0.34.30.jar;C:\Users\HP\.m2\repository\com\vladsch\flexmark\flexmark-ext-footnotes\0.34.30\flexmark-ext-footnotes-0.34.30.jar;C:\Users\HP\.m2\repository\com\vladsch\flexmark\flexmark-ext-gfm-issues\0.34.30\flexmark-ext-gfm-issues-0.34.30.jar;C:\Users\HP\.m2\repository\com\vladsch\flexmark\flexmark-ext-gfm-strikethrough\0.34.30\flexmark-ext-gfm-strikethrough-0.34.30.jar;C:\Users\HP\.m2\repository\com\vladsch\flexmark\flexmark-ext-gfm-tables\0.34.30\flexmark-ext-gfm-tables-0.34.30.jar;C:\Users\HP\.m2\repository\com\vladsch\flexmark\flexmark-ext-gfm-tasklist\0.34.30\flexmark-ext-gfm-tasklist-0.34.30.jar;C:\Users\HP\.m2\repository\com\vladsch\flexmark\flexmark-ext-gfm-users\0.34.30\flexmark-ext-gfm-users-0.34.30.jar;C:\Users\HP\.m2\repository\com\vladsch\flexmark\flexmark-ext-gitlab\0.34.30\flexmark-ext-gitlab-0.34.30.jar;C:\Users\HP\.m2\repository\com\vladsch\flexmark\flexmark-ext-jekyll-front-matter\0.34.30\flexmark-ext-jekyll-front-matter-0.34.30.jar;C:\Users\HP\.m2\repository\com\vladsch\flexmark\flexmark-ext-jekyll-tag\0.34.30\flexmark-ext-jekyll-tag-0.34.30.jar;C:\Users\HP\.m2\repository\com\vladsch\flexmark\flexmark-ext-media-tags\0.34.30\flexmark-ext-media-tags-0.34.30.jar;C:\Users\HP\.m2\repository\com\vladsch\flexmark\flexmark-test-util\0.34.30\flexmark-test-util-0.34.30.jar;C:\Users\HP\.m2\repository\com\vladsch\flexmark\flexmark-ext-ins\0.34.30\flexmark-ext-ins-0.34.30.jar;C:\Users\HP\.m2\repository\com\vladsch\flexmark\flexmark-ext-xwiki-macros\0.34.30\flexmark-ext-xwiki-macros-0.34.30.jar;C:\Users\HP\.m2\repository\com\vladsch\flexmark\flexmark-ext-superscript\0.34.30\flexmark-ext-superscript-0.34.30.jar;C:\Users\HP\.m2\repository\com\vladsch\flexmark\flexmark-ext-tables\0.34.30\flexmark-ext-tables-0.34.30.jar;C:\Users\HP\.m2\repository\com\vladsch\flexmark\flexmark-ext-toc\0.34.30\flexmark-ext-toc-0.34.30.jar;C:\Users\HP\.m2\repository\com\vladsch\flexmark\flexmark-ext-typographic\0.34.30\flexmark-ext-typographic-0.34.30.jar;C:\Users\HP\.m2\repository\com\vladsch\flexmark\flexmark-ext-wikilink\0.34.30\flexmark-ext-wikilink-0.34.30.jar;C:\Users\HP\.m2\repository\com\vladsch\flexmark\flexmark-ext-yaml-front-matter\0.34.30\flexmark-ext-yaml-front-matter-0.34.30.jar;C:\Users\HP\.m2\repository\com\vladsch\flexmark\flexmark-ext-youtube-embedded\0.34.30\flexmark-ext-youtube-embedded-0.34.30.jar;C:\Users\HP\.m2\repository\com\vladsch\flexmark\flexmark-formatter\0.34.30\flexmark-formatter-0.34.30.jar;C:\Users\HP\.m2\repository\com\vladsch\flexmark\flexmark-html-parser\0.34.30\flexmark-html-parser-0.34.30.jar;C:\Users\HP\.m2\repository\com\vladsch\flexmark\flexmark-jira-converter\0.34.30\flexmark-jira-converter-0.34.30.jar;C:\Users\HP\.m2\repository\com\vladsch\flexmark\flexmark-pdf-converter\0.34.30\flexmark-pdf-converter-0.34.30.jar;C:\Users\HP\.m2\repository\com\openhtmltopdf\openhtmltopdf-core\0.0.1-RC13\openhtmltopdf-core-0.0.1-RC13.jar;C:\Users\HP\.m2\repository\com\openhtmltopdf\openhtmltopdf-pdfbox\0.0.1-RC13\openhtmltopdf-pdfbox-0.0.1-RC13.jar;C:\Users\HP\.m2\repository\org\apache\pdfbox\pdfbox\2.0.8\pdfbox-2.0.8.jar;C:\Users\HP\.m2\repository\org\apache\pdfbox\fontbox\2.0.8\fontbox-2.0.8.jar;C:\Users\HP\.m2\repository\org\apache\pdfbox\xmpbox\2.0.8\xmpbox-2.0.8.jar;C:\Users\HP\.m2\repository\de\rototor\pdfbox\graphics2d\0.12\graphics2d-0.12.jar;C:\Users\HP\.m2\repository\com\openhtmltopdf\openhtmltopdf-rtl-support\0.0.1-RC13\openhtmltopdf-rtl-support-0.0.1-RC13.jar;C:\Users\HP\.m2\repository\com\ibm\icu\icu4j\59.1\icu4j-59.1.jar;C:\Users\HP\.m2\repository\com\openhtmltopdf\openhtmltopdf-jsoup-dom-converter\0.0.1-RC13\openhtmltopdf-jsoup-dom-converter-0.0.1-RC13.jar;C:\Users\HP\.m2\repository\com\vladsch\flexmark\flexmark-profile-pegdown\0.34.30\flexmark-profile-pegdown-0.34.30.jar;C:\Users\HP\.m2\repository\com\vladsch\flexmark\flexmark-util\0.34.30\flexmark-util-0.34.30.jar;C:\Users\HP\.m2\repository\com\vladsch\flexmark\flexmark-youtrack-converter\0.34.30\flexmark-youtrack-converter-0.34.30.jar;C:\Users\HP\.m2\repository\es\nitaur\markdown\txtmark\0.16\txtmark-0.16.jar;C:\Users\HP\.m2\repository\net\serenity-bdd\serenity-report-resources\3.5.1\serenity-report-resources-3.5.1.jar;C:\Users\HP\.m2\repository\com\google\code\gson\gson\2.9.0\gson-2.9.0.jar;C:\Users\HP\.m2\repository\com\fasterxml\jackson\core\jackson-core\2.13.4\jackson-core-2.13.4.jar;C:\Users\HP\.m2\repository\com\fasterxml\jackson\core\jackson-databind\2.13.4\jackson-databind-2.13.4.jar;C:\Users\HP\.m2\repository\com\fasterxml\jackson\core\jackson-annotations\2.13.4\jackson-annotations-2.13.4.jar;C:\Users\HP\.m2\repository\commons-codec\commons-codec\1.15\commons-codec-1.15.jar;C:\Users\HP\.m2\repository\commons-io\commons-io\2.11.0\commons-io-2.11.0.jar;C:\Users\HP\.m2\repository\org\apache\httpcomponents\httpclient\4.5.13\httpclient-4.5.13.jar;C:\Users\HP\.m2\repository\org\apache\httpcomponents\httpcore\4.4.13\httpcore-4.4.13.jar;C:\Users\HP\.m2\repository\commons-logging\commons-logging\1.2\commons-logging-1.2.jar;C:\Users\HP\.m2\repository\org\seleniumhq\selenium\selenium-java\4.7.1\selenium-java-4.7.1.jar;C:\Users\HP\.m2\repository\org\seleniumhq\selenium\selenium-devtools-v106\4.7.1\selenium-devtools-v106-4.7.1.jar;C:\Users\HP\.m2\repository\org\seleniumhq\selenium\selenium-devtools-v107\4.7.1\selenium-devtools-v107-4.7.1.jar;C:\Users\HP\.m2\repository\org\seleniumhq\selenium\selenium-devtools-v108\4.7.1\selenium-devtools-v108-4.7.1.jar;C:\Users\HP\.m2\repository\org\seleniumhq\selenium\selenium-devtools-v85\4.7.1\selenium-devtools-v85-4.7.1.jar;C:\Users\HP\.m2\repository\org\seleniumhq\selenium\selenium-remote-driver\4.7.1\selenium-remote-driver-4.7.1.jar;C:\Users\HP\.m2\repository\io\netty\netty-buffer\4.1.84.Final\netty-buffer-4.1.84.Final.jar;C:\Users\HP\.m2\repository\io\netty\netty-codec-http\4.1.84.Final\netty-codec-http-4.1.84.Final.jar;C:\Users\HP\.m2\repository\io\netty\netty-codec\4.1.84.Final\netty-codec-4.1.84.Final.jar;C:\Users\HP\.m2\repository\io\netty\netty-handler\4.1.84.Final\netty-handler-4.1.84.Final.jar;C:\Users\HP\.m2\repository\io\netty\netty-common\4.1.84.Final\netty-common-4.1.84.Final.jar;C:\Users\HP\.m2\repository\io\netty\netty-transport-classes-epoll\4.1.84.Final\netty-transport-classes-epoll-4.1.84.Final.jar;C:\Users\HP\.m2\repository\io\netty\netty-transport-classes-kqueue\4.1.84.Final\netty-transport-classes-kqueue-4.1.84.Final.jar;C:\Users\HP\.m2\repository\io\netty\netty-transport-native-epoll\4.1.84.Final\netty-transport-native-epoll-4.1.84.Final.jar;C:\Users\HP\.m2\repository\io\netty\netty-transport-native-kqueue\4.1.84.Final\netty-transport-native-kqueue-4.1.84.Final.jar;C:\Users\HP\.m2\repository\io\netty\netty-transport-native-unix-common\4.1.84.Final\netty-transport-native-unix-common-4.1.84.Final.jar;C:\Users\HP\.m2\repository\io\netty\netty-transport\4.1.84.Final\netty-transport-4.1.84.Final.jar;C:\Users\HP\.m2\repository\io\netty\netty-resolver\4.1.84.Final\netty-resolver-4.1.84.Final.jar;C:\Users\HP\.m2\repository\io\opentelemetry\opentelemetry-api\1.19.0\opentelemetry-api-1.19.0.jar;C:\Users\HP\.m2\repository\io\opentelemetry\opentelemetry-context\1.19.0\opentelemetry-context-1.19.0.jar;C:\Users\HP\.m2\repository\io\opentelemetry\opentelemetry-exporter-logging\1.19.0\opentelemetry-exporter-logging-1.19.0.jar;C:\Users\HP\.m2\repository\io\opentelemetry\opentelemetry-sdk-metrics\1.19.0\opentelemetry-sdk-metrics-1.19.0.jar;C:\Users\HP\.m2\repository\io\opentelemetry\opentelemetry-sdk-logs\1.19.0-alpha\opentelemetry-sdk-logs-1.19.0-alpha.jar;C:\Users\HP\.m2\repository\io\opentelemetry\opentelemetry-api-logs\1.19.0-alpha\opentelemetry-api-logs-1.19.0-alpha.jar;C:\Users\HP\.m2\repository\io\opentelemetry\opentelemetry-sdk-common\1.19.0\opentelemetry-sdk-common-1.19.0.jar;C:\Users\HP\.m2\repository\io\opentelemetry\opentelemetry-sdk-extension-autoconfigure-spi\1.19.0\opentelemetry-sdk-extension-autoconfigure-spi-1.19.0.jar;C:\Users\HP\.m2\repository\io\opentelemetry\opentelemetry-sdk-extension-autoconfigure\1.19.0-alpha\opentelemetry-sdk-extension-autoconfigure-1.19.0-alpha.jar;C:\Users\HP\.m2\repository\io\opentelemetry\opentelemetry-exporter-common\1.19.0\opentelemetry-exporter-common-1.19.0.jar;C:\Users\HP\.m2\repository\io\opentelemetry\opentelemetry-sdk-trace\1.19.0\opentelemetry-sdk-trace-1.19.0.jar;C:\Users\HP\.m2\repository\io\opentelemetry\opentelemetry-sdk\1.19.0\opentelemetry-sdk-1.19.0.jar;C:\Users\HP\.m2\repository\io\opentelemetry\opentelemetry-semconv\1.19.0-alpha\opentelemetry-semconv-1.19.0-alpha.jar;C:\Users\HP\.m2\repository\io\ous\jtoml\2.0.0\jtoml-2.0.0.jar;C:\Users\HP\.m2\repository\org\apache\commons\commons-exec\1.3\commons-exec-1.3.jar;C:\Users\HP\.m2\repository\org\asynchttpclient\async-http-client\2.12.3\async-http-client-2.12.3.jar;C:\Users\HP\.m2\repository\org\asynchttpclient\async-http-client-netty-utils\2.12.3\async-http-client-netty-utils-2.12.3.jar;C:\Users\HP\.m2\repository\io\netty\netty-codec-socks\4.1.60.Final\netty-codec-socks-4.1.60.Final.jar;C:\Users\HP\.m2\repository\io\netty\netty-handler-proxy\4.1.60.Final\netty-handler-proxy-4.1.60.Final.jar;C:\Users\HP\.m2\repository\io\netty\netty-transport-native-epoll\4.1.60.Final\netty-transport-native-epoll-4.1.60.Final-linux-x86_64.jar;C:\Users\HP\.m2\repository\io\netty\netty-transport-native-kqueue\4.1.60.Final\netty-transport-native-kqueue-4.1.60.Final-osx-x86_64.jar;C:\Users\HP\.m2\repository\org\reactivestreams\reactive-streams\1.0.3\reactive-streams-1.0.3.jar;C:\Users\HP\.m2\repository\com\typesafe\netty\netty-reactive-streams\2.0.4\netty-reactive-streams-2.0.4.jar;C:\Users\HP\.m2\repository\org\seleniumhq\selenium\selenium-manager\4.7.1\selenium-manager-4.7.1.jar;C:\Users\HP\.m2\repository\org\seleniumhq\selenium\selenium-safari-driver\4.7.1\selenium-safari-driver-4.7.1.jar;C:\Users\HP\.m2\repository\org\seleniumhq\selenium\selenium-api\4.7.1\selenium-api-4.7.1.jar;C:\Users\HP\.m2\repository\org\seleniumhq\selenium\selenium-support\4.7.1\selenium-support-4.7.1.jar;C:\Users\HP\.m2\repository\com\google\auto\service\auto-service-annotations\1.0.1\auto-service-annotations-1.0.1.jar;C:\Users\HP\.m2\repository\com\google\auto\service\auto-service\1.0.1\auto-service-1.0.1.jar;C:\Users\HP\.m2\repository\com\google\auto\auto-common\1.2\auto-common-1.2.jar;C:\Users\HP\.m2\repository\org\seleniumhq\selenium\selenium-json\4.7.1\selenium-json-4.7.1.jar;C:\Users\HP\.m2\repository\org\seleniumhq\selenium\selenium-chrome-driver\4.7.1\selenium-chrome-driver-4.7.1.jar;C:\Users\HP\.m2\repository\org\seleniumhq\selenium\selenium-chromium-driver\4.7.1\selenium-chromium-driver-4.7.1.jar;C:\Users\HP\.m2\repository\org\seleniumhq\selenium\selenium-firefox-driver\4.7.1\selenium-firefox-driver-4.7.1.jar;C:\Users\HP\.m2\repository\org\seleniumhq\selenium\selenium-http\4.7.1\selenium-http-4.7.1.jar;C:\Users\HP\.m2\repository\dev\failsafe\failsafe\3.3.0\failsafe-3.3.0.jar;C:\Users\HP\.m2\repository\org\seleniumhq\selenium\selenium-edge-driver\4.7.1\selenium-edge-driver-4.7.1.jar;C:\Users\HP\.m2\repository\org\seleniumhq\selenium\selenium-ie-driver\4.7.1\selenium-ie-driver-4.7.1.jar;C:\Users\HP\.m2\repository\org\projectlombok\lombok\1.18.20\lombok-1.18.20.jar;C:\Users\HP\.m2\repository\io\appium\java-client\8.3.0\java-client-8.3.0.jar;C:\Users\HP\.m2\repository\commons-validator\commons-validator\1.7\commons-validator-1.7.jar;C:\Users\HP\.m2\repository\commons-digester\commons-digester\2.1\commons-digester-2.1.jar;C:\Users\HP\.m2\repository\org\apache\groovy\groovy\4.0.6\groovy-4.0.6.jar;C:\Users\HP\.m2\repository\net\sf\opencsv\opencsv\2.0\opencsv-2.0.jar;C:\Users\HP\.m2\repository\commons-beanutils\commons-beanutils\1.9.4\commons-beanutils-1.9.4.jar;C:\Users\HP\.m2\repository\org\apache\commons\commons-lang3\3.12.0\commons-lang3-3.12.0.jar;C:\Users\HP\.m2\repository\commons-collections\commons-collections\3.2.2\commons-collections-3.2.2.jar;C:\Users\HP\.m2\repository\org\fluentlenium\fluentlenium-core\0.10.2\fluentlenium-core-0.10.2.jar;C:\Users\HP\.m2\repository\io\github\bonigarcia\webdrivermanager\5.3.0\webdrivermanager-5.3.0.jar;C:\Users\HP\.m2\repository\com\github\docker-java\docker-java\3.2.13\docker-java-3.2.13.jar;C:\Users\HP\.m2\repository\com\github\docker-java\docker-java-core\3.2.13\docker-java-core-3.2.13.jar;C:\Users\HP\.m2\repository\com\github\docker-java\docker-java-api\3.2.13\docker-java-api-3.2.13.jar;C:\Users\HP\.m2\repository\org\apache\commons\commons-compress\1.21\commons-compress-1.21.jar;C:\Users\HP\.m2\repository\org\bouncycastle\bcpkix-jdk15on\1.64\bcpkix-jdk15on-1.64.jar;C:\Users\HP\.m2\repository\org\bouncycastle\bcprov-jdk15on\1.64\bcprov-jdk15on-1.64.jar;C:\Users\HP\.m2\repository\org\slf4j\jcl-over-slf4j\1.7.30\jcl-over-slf4j-1.7.30.jar;C:\Users\HP\.m2\repository\com\github\docker-java\docker-java-transport-httpclient5\3.2.13\docker-java-transport-httpclient5-3.2.13.jar;C:\Users\HP\.m2\repository\com\github\docker-java\docker-java-transport\3.2.13\docker-java-transport-3.2.13.jar;C:\Users\HP\.m2\repository\net\java\dev\jna\jna\5.8.0\jna-5.8.0.jar;C:\Users\HP\.m2\repository\org\brotli\dec\0.1.2\dec-0.1.2.jar;C:\Users\HP\.m2\repository\org\apache\httpcomponents\client5\httpclient5\5.1.3\httpclient5-5.1.3.jar;C:\Users\HP\.m2\repository\org\apache\httpcomponents\core5\httpcore5\5.1.3\httpcore5-5.1.3.jar;C:\Users\HP\.m2\repository\org\apache\httpcomponents\core5\httpcore5-h2\5.1.3\httpcore5-h2-5.1.3.jar;C:\Users\HP\.m2\repository\com\jhlabs\filters\2.0.235\filters-2.0.235.jar;C:\Users\HP\.m2\repository\com\paulhammant\ngwebdriver\1.1.6\ngwebdriver-1.1.6.jar;C:\Users\HP\.m2\repository\joda-time\joda-time\2.8.2\joda-time-2.8.2.jar;C:\Users\HP\.m2\repository\com\google\jimfs\jimfs\1.2\jimfs-1.2.jar;C:\Users\HP\.m2\repository\org\mockito\mockito-core\3.3.3\mockito-core-3.3.3.jar;C:\Users\HP\.m2\repository\javax\xml\bind\jaxb-api\2.3.1\jaxb-api-2.3.1.jar;C:\Users\HP\.m2\repository\javax\activation\javax.activation-api\1.2.0\javax.activation-api-1.2.0.jar;C:\Users\HP\.m2\repository\com\sun\xml\bind\jaxb-core\2.3.0.1\jaxb-core-2.3.0.1.jar;C:\Users\HP\.m2\repository\com\sun\xml\bind\jaxb-impl\2.3.3\jaxb-impl-2.3.3.jar;C:\Users\HP\.m2\repository\jakarta\xml\bind\jakarta.xml.bind-api\2.3.3\jakarta.xml.bind-api-2.3.3.jar;C:\Users\HP\.m2\repository\com\sun\activation\jakarta.activation\1.2.2\jakarta.activation-1.2.2.jar;C:\Users\HP\.m2\repository\javax\activation\activation\1.1.1\activation-1.1.1.jar;C:\Users\HP\.m2\repository\net\serenity-bdd\serenity-cucumber\3.5.1\serenity-cucumber-3.5.1.jar;C:\Users\HP\.m2\repository\io\cucumber\cucumber-core\7.8.1\cucumber-core-7.8.1.jar;C:\Users\HP\.m2\repository\io\cucumber\cucumber-gherkin\7.8.1\cucumber-gherkin-7.8.1.jar;C:\Users\HP\.m2\repository\io\cucumber\cucumber-gherkin-messages\7.8.1\cucumber-gherkin-messages-7.8.1.jar;C:\Users\HP\.m2\repository\io\cucumber\gherkin\24.0.0\gherkin-24.0.0.jar;C:\Users\HP\.m2\repository\io\cucumber\messages\19.1.4\messages-19.1.4.jar;C:\Users\HP\.m2\repository\io\cucumber\tag-expressions\4.1.0\tag-expressions-4.1.0.jar;C:\Users\HP\.m2\repository\io\cucumber\cucumber-expressions\16.0.0\cucumber-expressions-16.0.0.jar;C:\Users\HP\.m2\repository\io\cucumber\datatable\7.8.1\datatable-7.8.1.jar;C:\Users\HP\.m2\repository\io\cucumber\cucumber-plugin\7.8.1\cucumber-plugin-7.8.1.jar;C:\Users\HP\.m2\repository\io\cucumber\docstring\7.8.1\docstring-7.8.1.jar;C:\Users\HP\.m2\repository\io\cucumber\html-formatter\20.1.0\html-formatter-20.1.0.jar;C:\Users\HP\.m2\repository\io\cucumber\ci-environment\9.1.0\ci-environment-9.1.0.jar;C:\Users\HP\.m2\repository\io\cucumber\cucumber-java\7.8.1\cucumber-java-7.8.1.jar;C:\Users\HP\.m2\repository\io\cucumber\cucumber-junit\7.8.1\cucumber-junit-7.8.1.jar;C:\Users\HP\.m2\repository\org\apache\commons\commons-csv\1.5\commons-csv-1.5.jar;C:\Users\HP\.m2\repository\net\serenity-bdd\serenity-screenplay\3.5.1\serenity-screenplay-3.5.1.jar;C:\Users\HP\.m2\repository\net\serenity-bdd\serenity-screenplay-webdriver\3.5.1\serenity-screenplay-webdriver-3.5.1.jar;C:\Users\HP\.m2\repository\net\serenity-bdd\serenity-ensure\3.5.1\serenity-ensure-3.5.1.jar;C:\Users\HP\.m2\repository\net\serenity-bdd\serenity-junit\3.5.1\serenity-junit-3.5.1.jar;C:\Users\HP\.m2\repository\org\jetbrains\kotlin\kotlin-stdlib\1.7.21\kotlin-stdlib-1.7.21.jar;C:\Users\HP\.m2\repository\org\jetbrains\kotlin\kotlin-stdlib-common\1.7.21\kotlin-stdlib-common-1.7.21.jar;C:\Users\HP\.m2\repository\org\jetbrains\annotations\13.0\annotations-13.0.jar;C:\Users\HP\.m2\repository\org\junit\platform\junit-platform-launcher\1.8.2\junit-platform-launcher-1.8.2.jar;C:\Users\HP\.m2\repository\org\junit\platform\junit-platform-engine\1.8.2\junit-platform-engine-1.8.2.jar;C:\Users\HP\.m2\repository\org\junit\platform\junit-platform-commons\1.8.2\junit-platform-commons-1.8.2.jar;C:\Users\HP\.m2\repository\org\apiguardian\apiguardian-api\1.1.2\apiguardian-api-1.1.2.jar;C:\Users\HP\.m2\repository\org\junit\jupiter\junit-jupiter-engine\5.8.2\junit-jupiter-engine-5.8.2.jar;C:\Users\HP\.m2\repository\org\junit\jupiter\junit-jupiter-api\5.8.2\junit-jupiter-api-5.8.2.jar;C:\Users\HP\.m2\repository\org\junit\vintage\junit-vintage-engine\5.8.2\junit-vintage-engine-5.8.2.jar;C:\Users\HP\.m2\repository\junit\junit\4.13.2\junit-4.13.2.jar;C:\Users\HP\.m2\repository\org\hamcrest\hamcrest-core\1.3\hamcrest-core-1.3.jar;C:\Users\HP\.m2\repository\ch\qos\logback\logback-classic\1.2.10\logback-classic-1.2.10.jar;C:\Users\HP\.m2\repository\ch\qos\logback\logback-core\1.2.10\logback-core-1.2.10.jar;C:\Users\HP\.m2\repository\org\slf4j\slf4j-api\1.7.32\slf4j-api-1.7.32.jar;C:\Users\HP\.m2\repository\org\assertj\assertj-core\3.23.1\assertj-core-3.23.1.jar;C:\Users\HP\.m2\repository\net\bytebuddy\byte-buddy\1.12.10\byte-buddy-1.12.10.jar;C:\Users\HP\.m2\repository\net\serenity-bdd\serenity-rest-assured\3.5.1\serenity-rest-assured-3.5.1.jar;C:\Users\HP\.m2\repository\org\apache\groovy\groovy-json\4.0.6\groovy-json-4.0.6.jar;C:\Users\HP\.m2\repository\org\apache\groovy\groovy-xml\4.0.6\groovy-xml-4.0.6.jar;C:\Users\HP\.m2\repository\org\opentest4j\opentest4j\1.2.0\opentest4j-1.2.0.jar;C:\Users\HP\.m2\repository\io\rest-assured\rest-assured\5.3.0\rest-assured-5.3.0.jar;C:\Users\HP\.m2\repository\org\apache\httpcomponents\httpmime\4.5.13\httpmime-4.5.13.jar;C:\Users\HP\.m2\repository\org\ccil\cowan\tagsoup\tagsoup\1.2.1\tagsoup-1.2.1.jar;C:\Users\HP\.m2\repository\io\rest-assured\json-path\5.3.0\json-path-5.3.0.jar;C:\Users\HP\.m2\repository\io\rest-assured\rest-assured-common\5.3.0\rest-assured-common-5.3.0.jar;C:\Users\HP\.m2\repository\io\rest-assured\xml-path\5.2.0\xml-path-5.2.0.jar;C:\Users\HP\.m2\repository\org\hamcrest\hamcrest\2.2\hamcrest-2.2.jar;C:\Users\HP\.m2\repository\org\json\json\20230227\json-20230227.jar;C:\Users\HP\.m2\repository\com\github\javafaker\javafaker\0.14\javafaker-0.14.jar;C:\Users\HP\.m2\repository\org\yaml\snakeyaml\1.19\snakeyaml-1.19-android.jar;C:\Users\HP\.m2\repository\com\github\mifmif\generex\1.0.2\generex-1.0.2.jar;C:\Users\HP\.m2\repository\dk\brics\automaton\automaton\1.11-8\automaton-1.11-8.jar;C:\Users\HP\.m2\repository\org\testng\testng\7.7.0\testng-7.7.0.jar;C:\Users\HP\.m2\repository\com\beust\jcommander\1.82\jcommander-1.82.jar;C:\Users\HP\.m2\repository\org\webjars\jquery\3.6.1\jquery-3.6.1.jar;C:\Users\HP\.m2\repository\com\github\rjeschke\txtmark\0.13\txtmark-0.13.jar;C:\Users\HP\.m2\repository\org\lucee\txtmark\0.16.0\txtmark-0.16.0.jar;C:\Users\HP\.m2\repository\com\github\com-github-javabdd\com.github.javabdd\4.0.0\com.github.javabdd-4.0.0.jar;C:\Users\HP\.m2\repository\com\github\aniketwadkar78\com.github.aniketwadkar78\1.0.3\com.github.aniketwadkar78-1.0.3.jar;C:\Users\HP\.m2\repository\com\github\jovanikos\com.github.jovanikos\1.1\com.github.jovanikos-1.1.jar;C:\Users\HP\.m2\repository\com\auth0\java-jwt\3.8.3\java-jwt-3.8.3.jar;C:\Users\HP\.m2\repository\org\springframework\spring-context\5.2.1.RELEASE\spring-context-5.2.1.RELEASE.jar;C:\Users\HP\.m2\repository\org\springframework\spring-aop\5.2.1.RELEASE\spring-aop-5.2.1.RELEASE.jar;C:\Users\HP\.m2\repository\org\springframework\spring-beans\5.2.1.RELEASE\spring-beans-5.2.1.RELEASE.jar;C:\Users\HP\.m2\repository\org\springframework\spring-core\5.2.1.RELEASE\spring-core-5.2.1.RELEASE.jar;C:\Users\HP\.m2\repository\org\springframework\spring-jcl\5.2.1.RELEASE\spring-jcl-5.2.1.RELEASE.jar;C:\Users\HP\.m2\repository\org\springframework\spring-expression\5.2.1.RELEASE\spring-expression-5.2.1.RELEASE.jar;"/>
    <property name="sun.cpu.endian" value="little"/>
    <property name="user.home" value="C:\Users\HP"/>
    <property name="user.language" value="en"/>
    <property name="java.specification.vendor" value="Oracle Corporation"/>
    <property name="jdk.module.path" value="C:\Dev\CapstoneProjectBaru\SKUYPAY API AUTOMATION\target\apiskuypay-1.0-SNAPSHOT.jar"/>
    <property name="java.version.date" value="2023-01-17"/>
    <property name="java.home" value="C:\Program Files\Java\jdk-19"/>
    <property name="file.separator" value="\"/>
    <property name="basedir" value="C:\Dev\CapstoneProjectBaru\SKUYPAY API AUTOMATION"/>
    <property name="java.vm.compressedOopsMode" value="32-bit"/>
    <property name="line.separator" value="&#10;"/>
    <property name="java.vm.specification.vendor" value="Oracle Corporation"/>
    <property name="java.specification.name" value="Java Platform API Specification"/>
    <property name="surefire.real.class.path" value="C:\Users\HP\.m2\repository\org\apache\maven\surefire\surefire-booter\3.0.0-M5\surefire-booter-3.0.0-M5.jar;C:\Users\HP\.m2\repository\org\apache\maven\surefire\surefire-api\3.0.0-M5\surefire-api-3.0.0-M5.jar;C:\Users\HP\.m2\repository\org\apache\maven\surefire\surefire-logger-api\3.0.0-M5\surefire-logger-api-3.0.0-M5.jar;C:\Users\HP\.m2\repository\org\apache\maven\surefire\surefire-shared-utils\3.0.0-M4\surefire-shared-utils-3.0.0-M4.jar;C:\Users\HP\.m2\repository\org\apache\maven\surefire\surefire-extensions-spi\3.0.0-M5\surefire-extensions-spi-3.0.0-M5.jar;C:\Dev\CapstoneProjectBaru\SKUYPAY API AUTOMATION\target\test-classes;C:\Users\HP\.m2\repository\net\serenity-bdd\serenity-core\3.5.1\serenity-core-3.5.1.jar;C:\Users\HP\.m2\repository\net\serenity-bdd\serenity-model\3.5.1\serenity-model-3.5.1.jar;C:\Users\HP\.m2\repository\org\apache\commons\commons-text\1.10.0\commons-text-1.10.0.jar;C:\Users\HP\.m2\repository\commons-net\commons-net\3.8.0\commons-net-3.8.0.jar;C:\Users\HP\.m2\repository\com\google\guava\guava\31.1-jre\guava-31.1-jre.jar;C:\Users\HP\.m2\repository\com\google\guava\failureaccess\1.0.1\failureaccess-1.0.1.jar;C:\Users\HP\.m2\repository\com\google\guava\listenablefuture\9999.0-empty-to-avoid-conflict-with-guava\listenablefuture-9999.0-empty-to-avoid-conflict-with-guava.jar;C:\Users\HP\.m2\repository\com\google\code\findbugs\jsr305\3.0.2\jsr305-3.0.2.jar;C:\Users\HP\.m2\repository\org\checkerframework\checker-qual\3.12.0\checker-qual-3.12.0.jar;C:\Users\HP\.m2\repository\com\google\errorprone\error_prone_annotations\2.11.0\error_prone_annotations-2.11.0.jar;C:\Users\HP\.m2\repository\com\google\j2objc\j2objc-annotations\1.3\j2objc-annotations-1.3.jar;C:\Users\HP\.m2\repository\com\google\inject\guice\5.1.0\guice-5.1.0.jar;C:\Users\HP\.m2\repository\javax\inject\javax.inject\1\javax.inject-1.jar;C:\Users\HP\.m2\repository\aopalliance\aopalliance\1.0\aopalliance-1.0.jar;C:\Users\HP\.m2\repository\org\jsoup\jsoup\1.14.3\jsoup-1.14.3.jar;C:\Users\HP\.m2\repository\com\thoughtworks\xstream\xstream\1.4.19\xstream-1.4.19.jar;C:\Users\HP\.m2\repository\io\github\x-stream\mxparser\1.2.2\mxparser-1.2.2.jar;C:\Users\HP\.m2\repository\xmlpull\xmlpull\1.1.3.1\xmlpull-1.1.3.1.jar;C:\Users\HP\.m2\repository\com\typesafe\config\1.4.2\config-1.4.2.jar;C:\Users\HP\.m2\repository\org\imgscalr\imgscalr-lib\4.2\imgscalr-lib-4.2.jar;C:\Users\HP\.m2\repository\org\awaitility\awaitility\4.2.0\awaitility-4.2.0.jar;C:\Users\HP\.m2\repository\org\freemarker\freemarker\2.3.31\freemarker-2.3.31.jar;C:\Users\HP\.m2\repository\io\github\classgraph\classgraph\4.8.138\classgraph-4.8.138.jar;C:\Users\HP\.m2\repository\net\sourceforge\jexcelapi\jxl\2.6.12\jxl-2.6.12.jar;C:\Users\HP\.m2\repository\net\bytebuddy\byte-buddy-agent\1.12.18\byte-buddy-agent-1.12.18.jar;C:\Users\HP\.m2\repository\org\objenesis\objenesis\3.1\objenesis-3.1.jar;C:\Users\HP\.m2\repository\net\serenity-bdd\serenity-reports\3.5.1\serenity-reports-3.5.1.jar;C:\Users\HP\.m2\repository\net\serenity-bdd\serenity-stats\3.5.1\serenity-stats-3.5.1.jar;C:\Users\HP\.m2\repository\net\serenity-bdd\serenity-reports-configuration\3.5.1\serenity-reports-configuration-3.5.1.jar;C:\Users\HP\.m2\repository\com\vladsch\flexmark\flexmark-all\0.34.30\flexmark-all-0.34.30.jar;C:\Users\HP\.m2\repository\com\vladsch\flexmark\flexmark\0.34.30\flexmark-0.34.30.jar;C:\Users\HP\.m2\repository\com\vladsch\flexmark\flexmark-ext-abbreviation\0.34.30\flexmark-ext-abbreviation-0.34.30.jar;C:\Users\HP\.m2\repository\com\vladsch\flexmark\flexmark-ext-admonition\0.34.30\flexmark-ext-admonition-0.34.30.jar;C:\Users\HP\.m2\repository\com\vladsch\flexmark\flexmark-ext-anchorlink\0.34.30\flexmark-ext-anchorlink-0.34.30.jar;C:\Users\HP\.m2\repository\com\vladsch\flexmark\flexmark-ext-aside\0.34.30\flexmark-ext-aside-0.34.30.jar;C:\Users\HP\.m2\repository\com\vladsch\flexmark\flexmark-ext-attributes\0.34.30\flexmark-ext-attributes-0.34.30.jar;C:\Users\HP\.m2\repository\com\vladsch\flexmark\flexmark-ext-autolink\0.34.30\flexmark-ext-autolink-0.34.30.jar;C:\Users\HP\.m2\repository\org\nibor\autolink\autolink\0.6.0\autolink-0.6.0.jar;C:\Users\HP\.m2\repository\com\vladsch\flexmark\flexmark-ext-definition\0.34.30\flexmark-ext-definition-0.34.30.jar;C:\Users\HP\.m2\repository\com\vladsch\flexmark\flexmark-ext-emoji\0.34.30\flexmark-ext-emoji-0.34.30.jar;C:\Users\HP\.m2\repository\com\vladsch\flexmark\flexmark-ext-enumerated-reference\0.34.30\flexmark-ext-enumerated-reference-0.34.30.jar;C:\Users\HP\.m2\repository\com\vladsch\flexmark\flexmark-ext-escaped-character\0.34.30\flexmark-ext-escaped-character-0.34.30.jar;C:\Users\HP\.m2\repository\com\vladsch\flexmark\flexmark-ext-footnotes\0.34.30\flexmark-ext-footnotes-0.34.30.jar;C:\Users\HP\.m2\repository\com\vladsch\flexmark\flexmark-ext-gfm-issues\0.34.30\flexmark-ext-gfm-issues-0.34.30.jar;C:\Users\HP\.m2\repository\com\vladsch\flexmark\flexmark-ext-gfm-strikethrough\0.34.30\flexmark-ext-gfm-strikethrough-0.34.30.jar;C:\Users\HP\.m2\repository\com\vladsch\flexmark\flexmark-ext-gfm-tables\0.34.30\flexmark-ext-gfm-tables-0.34.30.jar;C:\Users\HP\.m2\repository\com\vladsch\flexmark\flexmark-ext-gfm-tasklist\0.34.30\flexmark-ext-gfm-tasklist-0.34.30.jar;C:\Users\HP\.m2\repository\com\vladsch\flexmark\flexmark-ext-gfm-users\0.34.30\flexmark-ext-gfm-users-0.34.30.jar;C:\Users\HP\.m2\repository\com\vladsch\flexmark\flexmark-ext-gitlab\0.34.30\flexmark-ext-gitlab-0.34.30.jar;C:\Users\HP\.m2\repository\com\vladsch\flexmark\flexmark-ext-jekyll-front-matter\0.34.30\flexmark-ext-jekyll-front-matter-0.34.30.jar;C:\Users\HP\.m2\repository\com\vladsch\flexmark\flexmark-ext-jekyll-tag\0.34.30\flexmark-ext-jekyll-tag-0.34.30.jar;C:\Users\HP\.m2\repository\com\vladsch\flexmark\flexmark-ext-media-tags\0.34.30\flexmark-ext-media-tags-0.34.30.jar;C:\Users\HP\.m2\repository\com\vladsch\flexmark\flexmark-test-util\0.34.30\flexmark-test-util-0.34.30.jar;C:\Users\HP\.m2\repository\com\vladsch\flexmark\flexmark-ext-ins\0.34.30\flexmark-ext-ins-0.34.30.jar;C:\Users\HP\.m2\repository\com\vladsch\flexmark\flexmark-ext-xwiki-macros\0.34.30\flexmark-ext-xwiki-macros-0.34.30.jar;C:\Users\HP\.m2\repository\com\vladsch\flexmark\flexmark-ext-superscript\0.34.30\flexmark-ext-superscript-0.34.30.jar;C:\Users\HP\.m2\repository\com\vladsch\flexmark\flexmark-ext-tables\0.34.30\flexmark-ext-tables-0.34.30.jar;C:\Users\HP\.m2\repository\com\vladsch\flexmark\flexmark-ext-toc\0.34.30\flexmark-ext-toc-0.34.30.jar;C:\Users\HP\.m2\repository\com\vladsch\flexmark\flexmark-ext-typographic\0.34.30\flexmark-ext-typographic-0.34.30.jar;C:\Users\HP\.m2\repository\com\vladsch\flexmark\flexmark-ext-wikilink\0.34.30\flexmark-ext-wikilink-0.34.30.jar;C:\Users\HP\.m2\repository\com\vladsch\flexmark\flexmark-ext-yaml-front-matter\0.34.30\flexmark-ext-yaml-front-matter-0.34.30.jar;C:\Users\HP\.m2\repository\com\vladsch\flexmark\flexmark-ext-youtube-embedded\0.34.30\flexmark-ext-youtube-embedded-0.34.30.jar;C:\Users\HP\.m2\repository\com\vladsch\flexmark\flexmark-formatter\0.34.30\flexmark-formatter-0.34.30.jar;C:\Users\HP\.m2\repository\com\vladsch\flexmark\flexmark-html-parser\0.34.30\flexmark-html-parser-0.34.30.jar;C:\Users\HP\.m2\repository\com\vladsch\flexmark\flexmark-jira-converter\0.34.30\flexmark-jira-converter-0.34.30.jar;C:\Users\HP\.m2\repository\com\vladsch\flexmark\flexmark-pdf-converter\0.34.30\flexmark-pdf-converter-0.34.30.jar;C:\Users\HP\.m2\repository\com\openhtmltopdf\openhtmltopdf-core\0.0.1-RC13\openhtmltopdf-core-0.0.1-RC13.jar;C:\Users\HP\.m2\repository\com\openhtmltopdf\openhtmltopdf-pdfbox\0.0.1-RC13\openhtmltopdf-pdfbox-0.0.1-RC13.jar;C:\Users\HP\.m2\repository\org\apache\pdfbox\pdfbox\2.0.8\pdfbox-2.0.8.jar;C:\Users\HP\.m2\repository\org\apache\pdfbox\fontbox\2.0.8\fontbox-2.0.8.jar;C:\Users\HP\.m2\repository\org\apache\pdfbox\xmpbox\2.0.8\xmpbox-2.0.8.jar;C:\Users\HP\.m2\repository\de\rototor\pdfbox\graphics2d\0.12\graphics2d-0.12.jar;C:\Users\HP\.m2\repository\com\openhtmltopdf\openhtmltopdf-rtl-support\0.0.1-RC13\openhtmltopdf-rtl-support-0.0.1-RC13.jar;C:\Users\HP\.m2\repository\com\ibm\icu\icu4j\59.1\icu4j-59.1.jar;C:\Users\HP\.m2\repository\com\openhtmltopdf\openhtmltopdf-jsoup-dom-converter\0.0.1-RC13\openhtmltopdf-jsoup-dom-converter-0.0.1-RC13.jar;C:\Users\HP\.m2\repository\com\vladsch\flexmark\flexmark-profile-pegdown\0.34.30\flexmark-profile-pegdown-0.34.30.jar;C:\Users\HP\.m2\repository\com\vladsch\flexmark\flexmark-util\0.34.30\flexmark-util-0.34.30.jar;C:\Users\HP\.m2\repository\com\vladsch\flexmark\flexmark-youtrack-converter\0.34.30\flexmark-youtrack-converter-0.34.30.jar;C:\Users\HP\.m2\repository\es\nitaur\markdown\txtmark\0.16\txtmark-0.16.jar;C:\Users\HP\.m2\repository\net\serenity-bdd\serenity-report-resources\3.5.1\serenity-report-resources-3.5.1.jar;C:\Users\HP\.m2\repository\com\google\code\gson\gson\2.9.0\gson-2.9.0.jar;C:\Users\HP\.m2\repository\com\fasterxml\jackson\core\jackson-core\2.13.4\jackson-core-2.13.4.jar;C:\Users\HP\.m2\repository\com\fasterxml\jackson\core\jackson-databind\2.13.4\jackson-databind-2.13.4.jar;C:\Users\HP\.m2\repository\com\fasterxml\jackson\core\jackson-annotations\2.13.4\jackson-annotations-2.13.4.jar;C:\Users\HP\.m2\repository\commons-codec\commons-codec\1.15\commons-codec-1.15.jar;C:\Users\HP\.m2\repository\commons-io\commons-io\2.11.0\commons-io-2.11.0.jar;C:\Users\HP\.m2\repository\org\apache\httpcomponents\httpclient\4.5.13\httpclient-4.5.13.jar;C:\Users\HP\.m2\repository\org\apache\httpcomponents\httpcore\4.4.13\httpcore-4.4.13.jar;C:\Users\HP\.m2\repository\commons-logging\commons-logging\1.2\commons-logging-1.2.jar;C:\Users\HP\.m2\repository\org\seleniumhq\selenium\selenium-java\4.7.1\selenium-java-4.7.1.jar;C:\Users\HP\.m2\repository\org\seleniumhq\selenium\selenium-devtools-v106\4.7.1\selenium-devtools-v106-4.7.1.jar;C:\Users\HP\.m2\repository\org\seleniumhq\selenium\selenium-devtools-v107\4.7.1\selenium-devtools-v107-4.7.1.jar;C:\Users\HP\.m2\repository\org\seleniumhq\selenium\selenium-devtools-v108\4.7.1\selenium-devtools-v108-4.7.1.jar;C:\Users\HP\.m2\repository\org\seleniumhq\selenium\selenium-devtools-v85\4.7.1\selenium-devtools-v85-4.7.1.jar;C:\Users\HP\.m2\repository\org\seleniumhq\selenium\selenium-remote-driver\4.7.1\selenium-remote-driver-4.7.1.jar;C:\Users\HP\.m2\repository\io\netty\netty-buffer\4.1.84.Final\netty-buffer-4.1.84.Final.jar;C:\Users\HP\.m2\repository\io\netty\netty-codec-http\4.1.84.Final\netty-codec-http-4.1.84.Final.jar;C:\Users\HP\.m2\repository\io\netty\netty-codec\4.1.84.Final\netty-codec-4.1.84.Final.jar;C:\Users\HP\.m2\repository\io\netty\netty-handler\4.1.84.Final\netty-handler-4.1.84.Final.jar;C:\Users\HP\.m2\repository\io\netty\netty-common\4.1.84.Final\netty-common-4.1.84.Final.jar;C:\Users\HP\.m2\repository\io\netty\netty-transport-classes-epoll\4.1.84.Final\netty-transport-classes-epoll-4.1.84.Final.jar;C:\Users\HP\.m2\repository\io\netty\netty-transport-classes-kqueue\4.1.84.Final\netty-transport-classes-kqueue-4.1.84.Final.jar;C:\Users\HP\.m2\repository\io\netty\netty-transport-native-epoll\4.1.84.Final\netty-transport-native-epoll-4.1.84.Final.jar;C:\Users\HP\.m2\repository\io\netty\netty-transport-native-kqueue\4.1.84.Final\netty-transport-native-kqueue-4.1.84.Final.jar;C:\Users\HP\.m2\repository\io\netty\netty-transport-native-unix-common\4.1.84.Final\netty-transport-native-unix-common-4.1.84.Final.jar;C:\Users\HP\.m2\repository\io\netty\netty-transport\4.1.84.Final\netty-transport-4.1.84.Final.jar;C:\Users\HP\.m2\repository\io\netty\netty-resolver\4.1.84.Final\netty-resolver-4.1.84.Final.jar;C:\Users\HP\.m2\repository\io\opentelemetry\opentelemetry-api\1.19.0\opentelemetry-api-1.19.0.jar;C:\Users\HP\.m2\repository\io\opentelemetry\opentelemetry-context\1.19.0\opentelemetry-context-1.19.0.jar;C:\Users\HP\.m2\repository\io\opentelemetry\opentelemetry-exporter-logging\1.19.0\opentelemetry-exporter-logging-1.19.0.jar;C:\Users\HP\.m2\repository\io\opentelemetry\opentelemetry-sdk-metrics\1.19.0\opentelemetry-sdk-metrics-1.19.0.jar;C:\Users\HP\.m2\repository\io\opentelemetry\opentelemetry-sdk-logs\1.19.0-alpha\opentelemetry-sdk-logs-1.19.0-alpha.jar;C:\Users\HP\.m2\repository\io\opentelemetry\opentelemetry-api-logs\1.19.0-alpha\opentelemetry-api-logs-1.19.0-alpha.jar;C:\Users\HP\.m2\repository\io\opentelemetry\opentelemetry-sdk-common\1.19.0\opentelemetry-sdk-common-1.19.0.jar;C:\Users\HP\.m2\repository\io\opentelemetry\opentelemetry-sdk-extension-autoconfigure-spi\1.19.0\opentelemetry-sdk-extension-autoconfigure-spi-1.19.0.jar;C:\Users\HP\.m2\repository\io\opentelemetry\opentelemetry-sdk-extension-autoconfigure\1.19.0-alpha\opentelemetry-sdk-extension-autoconfigure-1.19.0-alpha.jar;C:\Users\HP\.m2\repository\io\opentelemetry\opentelemetry-exporter-common\1.19.0\opentelemetry-exporter-common-1.19.0.jar;C:\Users\HP\.m2\repository\io\opentelemetry\opentelemetry-sdk-trace\1.19.0\opentelemetry-sdk-trace-1.19.0.jar;C:\Users\HP\.m2\repository\io\opentelemetry\opentelemetry-sdk\1.19.0\opentelemetry-sdk-1.19.0.jar;C:\Users\HP\.m2\repository\io\opentelemetry\opentelemetry-semconv\1.19.0-alpha\opentelemetry-semconv-1.19.0-alpha.jar;C:\Users\HP\.m2\repository\io\ous\jtoml\2.0.0\jtoml-2.0.0.jar;C:\Users\HP\.m2\repository\org\apache\commons\commons-exec\1.3\commons-exec-1.3.jar;C:\Users\HP\.m2\repository\org\asynchttpclient\async-http-client\2.12.3\async-http-client-2.12.3.jar;C:\Users\HP\.m2\repository\org\asynchttpclient\async-http-client-netty-utils\2.12.3\async-http-client-netty-utils-2.12.3.jar;C:\Users\HP\.m2\repository\io\netty\netty-codec-socks\4.1.60.Final\netty-codec-socks-4.1.60.Final.jar;C:\Users\HP\.m2\repository\io\netty\netty-handler-proxy\4.1.60.Final\netty-handler-proxy-4.1.60.Final.jar;C:\Users\HP\.m2\repository\io\netty\netty-transport-native-epoll\4.1.60.Final\netty-transport-native-epoll-4.1.60.Final-linux-x86_64.jar;C:\Users\HP\.m2\repository\io\netty\netty-transport-native-kqueue\4.1.60.Final\netty-transport-native-kqueue-4.1.60.Final-osx-x86_64.jar;C:\Users\HP\.m2\repository\org\reactivestreams\reactive-streams\1.0.3\reactive-streams-1.0.3.jar;C:\Users\HP\.m2\repository\com\typesafe\netty\netty-reactive-streams\2.0.4\netty-reactive-streams-2.0.4.jar;C:\Users\HP\.m2\repository\org\seleniumhq\selenium\selenium-manager\4.7.1\selenium-manager-4.7.1.jar;C:\Users\HP\.m2\repository\org\seleniumhq\selenium\selenium-safari-driver\4.7.1\selenium-safari-driver-4.7.1.jar;C:\Users\HP\.m2\repository\org\seleniumhq\selenium\selenium-api\4.7.1\selenium-api-4.7.1.jar;C:\Users\HP\.m2\repository\org\seleniumhq\selenium\selenium-support\4.7.1\selenium-support-4.7.1.jar;C:\Users\HP\.m2\repository\com\google\auto\service\auto-service-annotations\1.0.1\auto-service-annotations-1.0.1.jar;C:\Users\HP\.m2\repository\com\google\auto\service\auto-service\1.0.1\auto-service-1.0.1.jar;C:\Users\HP\.m2\repository\com\google\auto\auto-common\1.2\auto-common-1.2.jar;C:\Users\HP\.m2\repository\org\seleniumhq\selenium\selenium-json\4.7.1\selenium-json-4.7.1.jar;C:\Users\HP\.m2\repository\org\seleniumhq\selenium\selenium-chrome-driver\4.7.1\selenium-chrome-driver-4.7.1.jar;C:\Users\HP\.m2\repository\org\seleniumhq\selenium\selenium-chromium-driver\4.7.1\selenium-chromium-driver-4.7.1.jar;C:\Users\HP\.m2\repository\org\seleniumhq\selenium\selenium-firefox-driver\4.7.1\selenium-firefox-driver-4.7.1.jar;C:\Users\HP\.m2\repository\org\seleniumhq\selenium\selenium-http\4.7.1\selenium-http-4.7.1.jar;C:\Users\HP\.m2\repository\dev\failsafe\failsafe\3.3.0\failsafe-3.3.0.jar;C:\Users\HP\.m2\repository\org\seleniumhq\selenium\selenium-edge-driver\4.7.1\selenium-edge-driver-4.7.1.jar;C:\Users\HP\.m2\repository\org\seleniumhq\selenium\selenium-ie-driver\4.7.1\selenium-ie-driver-4.7.1.jar;C:\Users\HP\.m2\repository\org\projectlombok\lombok\1.18.20\lombok-1.18.20.jar;C:\Users\HP\.m2\repository\io\appium\java-client\8.3.0\java-client-8.3.0.jar;C:\Users\HP\.m2\repository\commons-validator\commons-validator\1.7\commons-validator-1.7.jar;C:\Users\HP\.m2\repository\commons-digester\commons-digester\2.1\commons-digester-2.1.jar;C:\Users\HP\.m2\repository\org\apache\groovy\groovy\4.0.6\groovy-4.0.6.jar;C:\Users\HP\.m2\repository\net\sf\opencsv\opencsv\2.0\opencsv-2.0.jar;C:\Users\HP\.m2\repository\commons-beanutils\commons-beanutils\1.9.4\commons-beanutils-1.9.4.jar;C:\Users\HP\.m2\repository\org\apache\commons\commons-lang3\3.12.0\commons-lang3-3.12.0.jar;C:\Users\HP\.m2\repository\commons-collections\commons-collections\3.2.2\commons-collections-3.2.2.jar;C:\Users\HP\.m2\repository\org\fluentlenium\fluentlenium-core\0.10.2\fluentlenium-core-0.10.2.jar;C:\Users\HP\.m2\repository\io\github\bonigarcia\webdrivermanager\5.3.0\webdrivermanager-5.3.0.jar;C:\Users\HP\.m2\repository\com\github\docker-java\docker-java\3.2.13\docker-java-3.2.13.jar;C:\Users\HP\.m2\repository\com\github\docker-java\docker-java-core\3.2.13\docker-java-core-3.2.13.jar;C:\Users\HP\.m2\repository\com\github\docker-java\docker-java-api\3.2.13\docker-java-api-3.2.13.jar;C:\Users\HP\.m2\repository\org\apache\commons\commons-compress\1.21\commons-compress-1.21.jar;C:\Users\HP\.m2\repository\org\bouncycastle\bcpkix-jdk15on\1.64\bcpkix-jdk15on-1.64.jar;C:\Users\HP\.m2\repository\org\bouncycastle\bcprov-jdk15on\1.64\bcprov-jdk15on-1.64.jar;C:\Users\HP\.m2\repository\org\slf4j\jcl-over-slf4j\1.7.30\jcl-over-slf4j-1.7.30.jar;C:\Users\HP\.m2\repository\com\github\docker-java\docker-java-transport-httpclient5\3.2.13\docker-java-transport-httpclient5-3.2.13.jar;C:\Users\HP\.m2\repository\com\github\docker-java\docker-java-transport\3.2.13\docker-java-transport-3.2.13.jar;C:\Users\HP\.m2\repository\net\java\dev\jna\jna\5.8.0\jna-5.8.0.jar;C:\Users\HP\.m2\repository\org\brotli\dec\0.1.2\dec-0.1.2.jar;C:\Users\HP\.m2\repository\org\apache\httpcomponents\client5\httpclient5\5.1.3\httpclient5-5.1.3.jar;C:\Users\HP\.m2\repository\org\apache\httpcomponents\core5\httpcore5\5.1.3\httpcore5-5.1.3.jar;C:\Users\HP\.m2\repository\org\apache\httpcomponents\core5\httpcore5-h2\5.1.3\httpcore5-h2-5.1.3.jar;C:\Users\HP\.m2\repository\com\jhlabs\filters\2.0.235\filters-2.0.235.jar;C:\Users\HP\.m2\repository\com\paulhammant\ngwebdriver\1.1.6\ngwebdriver-1.1.6.jar;C:\Users\HP\.m2\repository\joda-time\joda-time\2.8.2\joda-time-2.8.2.jar;C:\Users\HP\.m2\repository\com\google\jimfs\jimfs\1.2\jimfs-1.2.jar;C:\Users\HP\.m2\repository\org\mockito\mockito-core\3.3.3\mockito-core-3.3.3.jar;C:\Users\HP\.m2\repository\javax\xml\bind\jaxb-api\2.3.1\jaxb-api-2.3.1.jar;C:\Users\HP\.m2\repository\javax\activation\javax.activation-api\1.2.0\javax.activation-api-1.2.0.jar;C:\Users\HP\.m2\repository\com\sun\xml\bind\jaxb-core\2.3.0.1\jaxb-core-2.3.0.1.jar;C:\Users\HP\.m2\repository\com\sun\xml\bind\jaxb-impl\2.3.3\jaxb-impl-2.3.3.jar;C:\Users\HP\.m2\repository\jakarta\xml\bind\jakarta.xml.bind-api\2.3.3\jakarta.xml.bind-api-2.3.3.jar;C:\Users\HP\.m2\repository\com\sun\activation\jakarta.activation\1.2.2\jakarta.activation-1.2.2.jar;C:\Users\HP\.m2\repository\javax\activation\activation\1.1.1\activation-1.1.1.jar;C:\Users\HP\.m2\repository\net\serenity-bdd\serenity-cucumber\3.5.1\serenity-cucumber-3.5.1.jar;C:\Users\HP\.m2\repository\io\cucumber\cucumber-core\7.8.1\cucumber-core-7.8.1.jar;C:\Users\HP\.m2\repository\io\cucumber\cucumber-gherkin\7.8.1\cucumber-gherkin-7.8.1.jar;C:\Users\HP\.m2\repository\io\cucumber\cucumber-gherkin-messages\7.8.1\cucumber-gherkin-messages-7.8.1.jar;C:\Users\HP\.m2\repository\io\cucumber\gherkin\24.0.0\gherkin-24.0.0.jar;C:\Users\HP\.m2\repository\io\cucumber\messages\19.1.4\messages-19.1.4.jar;C:\Users\HP\.m2\repository\io\cucumber\tag-expressions\4.1.0\tag-expressions-4.1.0.jar;C:\Users\HP\.m2\repository\io\cucumber\cucumber-expressions\16.0.0\cucumber-expressions-16.0.0.jar;C:\Users\HP\.m2\repository\io\cucumber\datatable\7.8.1\datatable-7.8.1.jar;C:\Users\HP\.m2\repository\io\cucumber\cucumber-plugin\7.8.1\cucumber-plugin-7.8.1.jar;C:\Users\HP\.m2\repository\io\cucumber\docstring\7.8.1\docstring-7.8.1.jar;C:\Users\HP\.m2\repository\io\cucumber\html-formatter\20.1.0\html-formatter-20.1.0.jar;C:\Users\HP\.m2\repository\io\cucumber\ci-environment\9.1.0\ci-environment-9.1.0.jar;C:\Users\HP\.m2\repository\io\cucumber\cucumber-java\7.8.1\cucumber-java-7.8.1.jar;C:\Users\HP\.m2\repository\io\cucumber\cucumber-junit\7.8.1\cucumber-junit-7.8.1.jar;C:\Users\HP\.m2\repository\org\apache\commons\commons-csv\1.5\commons-csv-1.5.jar;C:\Users\HP\.m2\repository\net\serenity-bdd\serenity-screenplay\3.5.1\serenity-screenplay-3.5.1.jar;C:\Users\HP\.m2\repository\net\serenity-bdd\serenity-screenplay-webdriver\3.5.1\serenity-screenplay-webdriver-3.5.1.jar;C:\Users\HP\.m2\repository\net\serenity-bdd\serenity-ensure\3.5.1\serenity-ensure-3.5.1.jar;C:\Users\HP\.m2\repository\net\serenity-bdd\serenity-junit\3.5.1\serenity-junit-3.5.1.jar;C:\Users\HP\.m2\repository\org\jetbrains\kotlin\kotlin-stdlib\1.7.21\kotlin-stdlib-1.7.21.jar;C:\Users\HP\.m2\repository\org\jetbrains\kotlin\kotlin-stdlib-common\1.7.21\kotlin-stdlib-common-1.7.21.jar;C:\Users\HP\.m2\repository\org\jetbrains\annotations\13.0\annotations-13.0.jar;C:\Users\HP\.m2\repository\org\junit\platform\junit-platform-launcher\1.8.2\junit-platform-launcher-1.8.2.jar;C:\Users\HP\.m2\repository\org\junit\platform\junit-platform-engine\1.8.2\junit-platform-engine-1.8.2.jar;C:\Users\HP\.m2\repository\org\junit\platform\junit-platform-commons\1.8.2\junit-platform-commons-1.8.2.jar;C:\Users\HP\.m2\repository\org\apiguardian\apiguardian-api\1.1.2\apiguardian-api-1.1.2.jar;C:\Users\HP\.m2\repository\org\junit\jupiter\junit-jupiter-engine\5.8.2\junit-jupiter-engine-5.8.2.jar;C:\Users\HP\.m2\repository\org\junit\jupiter\junit-jupiter-api\5.8.2\junit-jupiter-api-5.8.2.jar;C:\Users\HP\.m2\repository\org\junit\vintage\junit-vintage-engine\5.8.2\junit-vintage-engine-5.8.2.jar;C:\Users\HP\.m2\repository\junit\junit\4.13.2\junit-4.13.2.jar;C:\Users\HP\.m2\repository\org\hamcrest\hamcrest-core\1.3\hamcrest-core-1.3.jar;C:\Users\HP\.m2\repository\ch\qos\logback\logback-classic\1.2.10\logback-classic-1.2.10.jar;C:\Users\HP\.m2\repository\ch\qos\logback\logback-core\1.2.10\logback-core-1.2.10.jar;C:\Users\HP\.m2\repository\org\slf4j\slf4j-api\1.7.32\slf4j-api-1.7.32.jar;C:\Users\HP\.m2\repository\org\assertj\assertj-core\3.23.1\assertj-core-3.23.1.jar;C:\Users\HP\.m2\repository\net\bytebuddy\byte-buddy\1.12.10\byte-buddy-1.12.10.jar;C:\Users\HP\.m2\repository\net\serenity-bdd\serenity-rest-assured\3.5.1\serenity-rest-assured-3.5.1.jar;C:\Users\HP\.m2\repository\org\apache\groovy\groovy-json\4.0.6\groovy-json-4.0.6.jar;C:\Users\HP\.m2\repository\org\apache\groovy\groovy-xml\4.0.6\groovy-xml-4.0.6.jar;C:\Users\HP\.m2\repository\org\opentest4j\opentest4j\1.2.0\opentest4j-1.2.0.jar;C:\Users\HP\.m2\repository\io\rest-assured\rest-assured\5.3.0\rest-assured-5.3.0.jar;C:\Users\HP\.m2\repository\org\apache\httpcomponents\httpmime\4.5.13\httpmime-4.5.13.jar;C:\Users\HP\.m2\repository\org\ccil\cowan\tagsoup\tagsoup\1.2.1\tagsoup-1.2.1.jar;C:\Users\HP\.m2\repository\io\rest-assured\json-path\5.3.0\json-path-5.3.0.jar;C:\Users\HP\.m2\repository\io\rest-assured\rest-assured-common\5.3.0\rest-assured-common-5.3.0.jar;C:\Users\HP\.m2\repository\io\rest-assured\xml-path\5.2.0\xml-path-5.2.0.jar;C:\Users\HP\.m2\repository\org\hamcrest\hamcrest\2.2\hamcrest-2.2.jar;C:\Users\HP\.m2\repository\org\json\json\20230227\json-20230227.jar;C:\Users\HP\.m2\repository\com\github\javafaker\javafaker\0.14\javafaker-0.14.jar;C:\Users\HP\.m2\repository\org\yaml\snakeyaml\1.19\snakeyaml-1.19-android.jar;C:\Users\HP\.m2\repository\com\github\mifmif\generex\1.0.2\generex-1.0.2.jar;C:\Users\HP\.m2\repository\dk\brics\automaton\automaton\1.11-8\automaton-1.11-8.jar;C:\Users\HP\.m2\repository\org\testng\testng\7.7.0\testng-7.7.0.jar;C:\Users\HP\.m2\repository\com\beust\jcommander\1.82\jcommander-1.82.jar;C:\Users\HP\.m2\repository\org\webjars\jquery\3.6.1\jquery-3.6.1.jar;C:\Users\HP\.m2\repository\com\github\rjeschke\txtmark\0.13\txtmark-0.13.jar;C:\Users\HP\.m2\repository\org\lucee\txtmark\0.16.0\txtmark-0.16.0.jar;C:\Users\HP\.m2\repository\com\github\com-github-javabdd\com.github.javabdd\4.0.0\com.github.javabdd-4.0.0.jar;C:\Users\HP\.m2\repository\com\github\aniketwadkar78\com.github.aniketwadkar78\1.0.3\com.github.aniketwadkar78-1.0.3.jar;C:\Users\HP\.m2\repository\com\github\jovanikos\com.github.jovanikos\1.1\com.github.jovanikos-1.1.jar;C:\Users\HP\.m2\repository\com\auth0\java-jwt\3.8.3\java-jwt-3.8.3.jar;C:\Users\HP\.m2\repository\org\springframework\spring-context\5.2.1.RELEASE\spring-context-5.2.1.RELEASE.jar;C:\Users\HP\.m2\repository\org\springframework\spring-aop\5.2.1.RELEASE\spring-aop-5.2.1.RELEASE.jar;C:\Users\HP\.m2\repository\org\springframework\spring-beans\5.2.1.RELEASE\spring-beans-5.2.1.RELEASE.jar;C:\Users\HP\.m2\repository\org\springframework\spring-core\5.2.1.RELEASE\spring-core-5.2.1.RELEASE.jar;C:\Users\HP\.m2\repository\org\springframework\spring-jcl\5.2.1.RELEASE\spring-jcl-5.2.1.RELEASE.jar;C:\Users\HP\.m2\repository\org\springframework\spring-expression\5.2.1.RELEASE\spring-expression-5.2.1.RELEASE.jar;C:\Users\HP\.m2\repository\org\apache\maven\surefire\surefire-junit-platform\3.0.0-M5\surefire-junit-platform-3.0.0-M5.jar;C:\Users\HP\.m2\repository\org\apache\maven\surefire\common-java5\3.0.0-M5\common-java5-3.0.0-M5.jar"/>
    <property name="user.script" value=""/>
    <property name="sun.management.compiler" value="HotSpot 64-Bit Tiered Compilers"/>
    <property name="java.runtime.version" value="19.0.2+7-44"/>
    <property name="user.name" value="HP"/>
    <property name="stdout.encoding" value="Cp1252"/>
    <property name="path.separator" value=";"/>
    <property name="os.version" value="10.0"/>
    <property name="java.runtime.name" value="Java(TM) SE Runtime Environment"/>
    <property name="file.encoding" value="UTF-8"/>
    <property name="java.vm.name" value="Java HotSpot(TM) 64-Bit Server VM"/>
    <property name="localRepository" value="C:\Users\HP\.m2\repository"/>
    <property name="java.vendor.url.bug" value="https://bugreport.java.com/bugreport/"/>
    <property name="java.io.tmpdir" value="C:\Users\HP\AppData\Local\Temp\"/>
    <property name="java.version" value="19.0.2"/>
    <property name="user.dir" value="C:\Dev\CapstoneProjectBaru\SKUYPAY API AUTOMATION"/>
    <property name="os.arch" value="amd64"/>
    <property name="java.vm.specification.name" value="Java Virtual Machine Specification"/>
    <property name="sun.os.patch.level" value=""/>
    <property name="native.encoding" value="Cp1252"/>
    <property name="java.library.path" value="C:\Program Files\Java\jdk-19\bin;C:\WINDOWS\Sun\Java\bin;C:\WINDOWS\system32;C:\WINDOWS;C:\Program Files\Common Files\Oracle\Java\javapath;C:\Program Files\Java\jdk1.8.0_361\bin;c:\Program Files (x86)\Common Files\Intel\Shared Files\cpp\bin\Intel64;C:\WINDOWS\system32;C:\WINDOWS;C:\WINDOWS\System32\Wbem;C:\WINDOWS\System32\WindowsPowerShell\v1.0\;C:\WINDOWS\System32\OpenSSH\;C:\Users\apache-maven-3.9.1-bin\bin;%MAVEN_HOME%\bin;C:\Users\HP\AppData\Local\Android\Sdk;C:\Users\HP\AppData\Local\Android\Sdk\platform-tools;C:\Program Files\nodejs\;C:\Program Files\Git\cmd;C:\Users\HP\AppData\Local\Microsoft\WindowsApps;C:\Program Files\JetBrains\IntelliJ IDEA Community Edition 2022.3.2\bin;C:\Users\HP\AppData\Local\GitHubDesktop\bin;C:\Users\HP\AppData\Local\Programs\Microsoft VS Code\bin;C:\Users\HP\AppData\Roaming\npm;C:\Users\HP\AppData\Local\gitkraken\bin;."/>
    <property name="java.vm.info" value="mixed mode"/>
    <property name="stderr.encoding" value="Cp1252"/>
    <property name="java.vendor" value="Oracle Corporation"/>
    <property name="java.vm.version" value="19.0.2+7-44"/>
    <property name="sun.io.unicode.encoding" value="UnicodeLittle"/>
    <property name="java.class.version" value="63.0"/>
  </properties>
  <testcase name="User berhasil mengubah gambar profil" classname="Update Image" time="10.227">
    <system-out><![CDATA[07:56:18.326 [main] DEBUG net.thucydides.core.guice.Injectors - Created injector for module net.thucydides.core.guice.ThucydidesModule
07:56:18.800 [main] INFO io.cucumber.core.plugin.SerenityReporter - Running feature from file:///C:/Dev/CapstoneProjectBaru/SKUYPAY%20API%20AUTOMATION/src/test/resources/features/UpdateImage.feature
07:56:19.114 [main] DEBUG net.thucydides.core.guice.Injectors - Created injector for module net.thucydides.core.guice.webdriver.WebDriverModule
07:56:19.141 [main] INFO  - 

-------------------------------------------------------------------------------------
     _______. _______ .______       _______ .__   __.  __  .___________.____    ____ 
    /       ||   ____||   _  \     |   ____||  \ |  | |  | |           |\   \  /   / 
   |   (----`|  |__   |  |_)  |    |  |__   |   \|  | |  | `---|  |----` \   \/   /  
    \   \    |   __|  |      /     |   __|  |  . `  | |  |     |  |       \_    _/   
.----)   |   |  |____ |  |\  \----.|  |____ |  |\   | |  |     |  |         |  |     
|_______/    |_______|| _| `._____||_______||__| \__| |__|     |__|         |__|    
                                                                                     
 News and tutorials at http://www.serenity-bdd.info                                  
 Documentation at https://wakaleo.gitbooks.io/the-serenity-book/content/             
 Join the Serenity Community on Gitter: https://gitter.im/serenity-bdd/serenity-core 
 Serenity BDD Support and Training at http://serenity-bdd.info/#/trainingandsupport  
-------------------------------------------------------------------------------------

07:56:19.146 [main] DEBUG net.thucydides.core.steps.StepEventBus - Test suite started for story net.thucydides.core.model.Story@4eaea683
07:56:19.149 [main] INFO  - Test Suite Started: Update Image
07:56:19.177 [main] INFO io.cucumber.core.plugin.SerenityReporter - Running feature from file:///C:/Dev/CapstoneProjectBaru/SKUYPAY%20API%20AUTOMATION/src/test/resources/features/UpdateImage.feature
07:56:19.182 [main] DEBUG net.thucydides.core.steps.StepEventBus - Test suite started for story net.thucydides.core.model.Story@4eaea683
07:56:19.183 [main] INFO  - Test Suite Started: Update Image

@Update-Image-01
Scenario: User berhasil mengubah gambar profil                 &amp#27;[90m# src/test/resources/features/UpdateImage.feature:4&amp#27;[0m
07:56:19.376 [main] INFO io.cucumber.core.plugin.SerenityReporter - Running feature from file:///C:/Dev/CapstoneProjectBaru/SKUYPAY%20API%20AUTOMATION/src/test/resources/features/UpdateImage.feature
07:56:19.621 [main] INFO  - 
  _____   ___   ___   _____     ___   _____     _     ___   _____   ___   ___  
 |_   _| | __| / __| |_   _|   / __| |_   _|   /_\   | _ \ |_   _| | __| |   \ 
   | |   | _|  \__ \   | |     \__ \   | |    / _ \  |   /   | |   | _|  | |) |
   |_|   |___| |___/   |_|     |___/   |_|   /_/ \_\ |_|_\   |_|   |___| |___/ 

User berhasil mengubah gambar profil(update-image;user-berhasil-mengubah-gambar-profil)
--------------------------------------------------------------------------------
07:56:20.661 [main] DEBUG net.thucydides.core.steps.StepInterceptor - STARTING STEP: UpdateImageSteps.iHaveEndpointAuthForUpdateImageUser - I have endpoint auth for update image user
07:56:20.665 [main] DEBUG net.thucydides.core.steps.StepInterceptor - STEP DONE: I have endpoint auth for update image user
  &amp#27;[32mGiven &amp#27;[0m&amp#27;[32mI have endpoint auth for update image user&amp#27;[0m             &amp#27;[90m# starter.stepdefinitions.UpdateImageSteps.iHaveEndpointAuthForUpdateImageUser()&amp#27;[0m
07:56:20.685 [main] DEBUG net.thucydides.core.steps.StepInterceptor - STARTING STEP: UpdateImageSteps.iSendEndpointAuthForUpdateImageAndGetToken - I send endpoint auth for update image and get token
07:56:24.594 [main] DEBUG net.thucydides.core.steps.StepInterceptor - STARTING STEP: UpdateImage.iSendEndpointAuthforUpdateImageUserandGetToken - I have endpoint auth for update image user
07:56:24.595 [main] DEBUG net.thucydides.core.steps.StepInterceptor - STEP DONE: I have endpoint auth for update image user
07:56:26.039 [main] DEBUG org.apache.http.impl.conn.BasicClientConnectionManager - Get connection for route {}->http://34.101.78.228:2424
07:56:26.058 [main] DEBUG org.apache.http.impl.conn.DefaultClientConnectionOperator - Connecting to 34.101.78.228:2424
07:56:26.299 [main] DEBUG org.apache.http.client.protocol.RequestAddCookies - CookieSpec selected: ignoreCookies
07:56:26.302 [main] DEBUG org.apache.http.client.protocol.RequestAuthCache - Auth cache not set in the context
07:56:26.302 [main] DEBUG org.apache.http.client.protocol.RequestTargetAuthentication - Target auth state: UNCHALLENGED
07:56:26.303 [main] DEBUG org.apache.http.client.protocol.RequestProxyAuthentication - Proxy auth state: UNCHALLENGED
07:56:26.304 [main] DEBUG org.apache.http.impl.client.DefaultHttpClient - Attempt 1 to execute request
07:56:26.304 [main] DEBUG org.apache.http.impl.conn.DefaultClientConnection - Sending request: POST /api/v1/login HTTP/1.1
07:56:26.305 [main] DEBUG org.apache.http.wire -  >> "POST /api/v1/login HTTP/1.1[\r][\n]"
07:56:26.307 [main] DEBUG org.apache.http.wire -  >> "Accept: */*[\r][\n]"
07:56:26.307 [main] DEBUG org.apache.http.wire -  >> "Content-Type: application/json[\r][\n]"
07:56:26.307 [main] DEBUG org.apache.http.wire -  >> "Content-Length: 49[\r][\n]"
07:56:26.307 [main] DEBUG org.apache.http.wire -  >> "Host: 34.101.78.228:2424[\r][\n]"
07:56:26.307 [main] DEBUG org.apache.http.wire -  >> "Connection: Keep-Alive[\r][\n]"
07:56:26.307 [main] DEBUG org.apache.http.wire -  >> "User-Agent: Apache-HttpClient/4.5.13 (Java/19.0.2)[\r][\n]"
07:56:26.307 [main] DEBUG org.apache.http.wire -  >> "Accept-Encoding: gzip,deflate[\r][\n]"
07:56:26.307 [main] DEBUG org.apache.http.wire -  >> "[\r][\n]"
07:56:26.308 [main] DEBUG org.apache.http.headers - >> POST /api/v1/login HTTP/1.1
07:56:26.308 [main] DEBUG org.apache.http.headers - >> Accept: */*
07:56:26.308 [main] DEBUG org.apache.http.headers - >> Content-Type: application/json
07:56:26.308 [main] DEBUG org.apache.http.headers - >> Content-Length: 49
07:56:26.308 [main] DEBUG org.apache.http.headers - >> Host: 34.101.78.228:2424
07:56:26.308 [main] DEBUG org.apache.http.headers - >> Connection: Keep-Alive
07:56:26.308 [main] DEBUG org.apache.http.headers - >> User-Agent: Apache-HttpClient/4.5.13 (Java/19.0.2)
07:56:26.308 [main] DEBUG org.apache.http.headers - >> Accept-Encoding: gzip,deflate
07:56:26.309 [main] DEBUG org.apache.http.wire -  >> "{"password":"12345678","email":"user2@gmail.com"}"
07:56:26.559 [main] DEBUG org.apache.http.wire -  << "HTTP/1.1 200 OK[\r][\n]"
07:56:26.561 [main] DEBUG org.apache.http.wire -  << "Content-Type: application/json; charset=UTF-8[\r][\n]"
07:56:26.561 [main] DEBUG org.apache.http.wire -  << "Vary: Origin[\r][\n]"
07:56:26.561 [main] DEBUG org.apache.http.wire -  << "Date: Sun, 18 Jun 2023 00:56:25 GMT[\r][\n]"
07:56:26.561 [main] DEBUG org.apache.http.wire -  << "Content-Length: 406[\r][\n]"
07:56:26.562 [main] DEBUG org.apache.http.wire -  << "[\r][\n]"
07:56:26.563 [main] DEBUG org.apache.http.impl.conn.DefaultClientConnection - Receiving response: HTTP/1.1 200 OK
07:56:26.563 [main] DEBUG org.apache.http.headers - << HTTP/1.1 200 OK
07:56:26.563 [main] DEBUG org.apache.http.headers - << Content-Type: application/json; charset=UTF-8
07:56:26.563 [main] DEBUG org.apache.http.headers - << Vary: Origin
07:56:26.563 [main] DEBUG org.apache.http.headers - << Date: Sun, 18 Jun 2023 00:56:25 GMT
07:56:26.563 [main] DEBUG org.apache.http.headers - << Content-Length: 406
07:56:26.570 [main] DEBUG org.apache.http.impl.client.DefaultHttpClient - Connection can be kept alive indefinitely
07:56:26.579 [main] DEBUG io.restassured.internal.RestAssuredHttpBuilder - Parsing response as: application/json; charset=UTF-8
07:56:26.579 [main] DEBUG io.restassured.internal.RestAssuredHttpBuilder - Parsed data to instance of: class org.apache.http.conn.EofSensorInputStream
07:56:26.661 [main] DEBUG org.apache.http.wire -  << "{"data":{"id":"eaf0b5ed-d242-41aa-98e2-61b53f42fbde","name":"user1","email":"user2@gmail.com","token":"eyJhbGciOiJIUzI1NiIsInR5cCI6IkpXVCJ9.eyJhdXRob3JpemVkIjp0cnVlLCJleHAiOjE2ODk2NDE3ODUsInVzZXJJZCI6ImVhZjBiNWVkLWQyNDItNDFhYS05OGUyLTYxYjUzZjQyZmJkZSIsInVzZXJfdHlwZSI6InVzZXIifQ.GkFnR0w0l40Wd-e-MhL7-Ce2TRM7ou82uxfTsC8IVBE"},"metadata":{"status":200,"message":"User Login successfully"},"pagination":null}[\n]"
07:56:26.662 [main] DEBUG org.apache.http.impl.conn.BasicClientConnectionManager - Releasing connection org.apache.http.impl.conn.ManagedClientConnectionImpl@59e0d521
07:56:26.663 [main] DEBUG org.apache.http.impl.conn.BasicClientConnectionManager - Connection can be kept alive indefinitely
07:56:27.884 [main] DEBUG net.thucydides.core.steps.StepInterceptor - STEP DONE: I send endpoint auth for update image and get token
  &amp#27;[32mWhen &amp#27;[0m&amp#27;[32mI send endpoint auth for update image and get token&amp#27;[0m     &amp#27;[90m# starter.stepdefinitions.UpdateImageSteps.iSendEndpointAuthForUpdateImageAndGetToken()&amp#27;[0m
07:56:27.904 [main] DEBUG net.thucydides.core.steps.StepInterceptor - STARTING STEP: UpdateImageSteps.iSetUpdateImageApiEndpoint - I set update image api endpoint
07:56:27.905 [main] DEBUG net.thucydides.core.steps.StepInterceptor - STEP DONE: I set update image api endpoint
  &amp#27;[32mThen &amp#27;[0m&amp#27;[32mI set update image api endpoint&amp#27;[0m                         &amp#27;[90m# starter.stepdefinitions.UpdateImageSteps.iSetUpdateImageApiEndpoint()&amp#27;[0m
07:56:27.918 [main] DEBUG net.thucydides.core.steps.StepInterceptor - STARTING STEP: UpdateImageSteps.iSendUploadImageHTTPRequestWithFormatValid - I send upload image HTTP request with format valid
07:56:28.158 [main] DEBUG net.thucydides.core.steps.StepInterceptor - STARTING STEP: UpdateImage.iSendUploadImageHTTPRequestwithFormatValid - I set update image api endpoint
07:56:28.159 [main] DEBUG net.thucydides.core.steps.StepInterceptor - STEP DONE: I set update image api endpoint
07:56:28.467 [main] DEBUG org.apache.http.impl.conn.BasicClientConnectionManager - Get connection for route {}->http://34.101.78.228:2424
07:56:28.468 [main] DEBUG org.apache.http.impl.conn.DefaultClientConnectionOperator - Connecting to 34.101.78.228:2424
07:56:28.496 [main] DEBUG org.apache.http.client.protocol.RequestAddCookies - CookieSpec selected: ignoreCookies
07:56:28.496 [main] DEBUG org.apache.http.client.protocol.RequestAuthCache - Auth cache not set in the context
07:56:28.496 [main] DEBUG org.apache.http.client.protocol.RequestProxyAuthentication - Proxy auth state: UNCHALLENGED
07:56:28.497 [main] DEBUG org.apache.http.impl.client.DefaultHttpClient - Attempt 1 to execute request
07:56:28.497 [main] DEBUG org.apache.http.impl.conn.DefaultClientConnection - Sending request: PUT /api/v1/user/image HTTP/1.1
07:56:28.497 [main] DEBUG org.apache.http.wire -  >> "PUT /api/v1/user/image HTTP/1.1[\r][\n]"
07:56:28.497 [main] DEBUG org.apache.http.wire -  >> "Authorization: Bearer eyJhbGciOiJIUzI1NiIsInR5cCI6IkpXVCJ9.eyJhdXRob3JpemVkIjp0cnVlLCJleHAiOjE2ODk2NDE3ODUsInVzZXJJZCI6ImVhZjBiNWVkLWQyNDItNDFhYS05OGUyLTYxYjUzZjQyZmJkZSIsInVzZXJfdHlwZSI6InVzZXIifQ.GkFnR0w0l40Wd-e-MhL7-Ce2TRM7ou82uxfTsC8IVBE[\r][\n]"
07:56:28.497 [main] DEBUG org.apache.http.wire -  >> "Accept: application/json[\r][\n]"
07:56:28.497 [main] DEBUG org.apache.http.wire -  >> "Content-Length: 278156[\r][\n]"
07:56:28.498 [main] DEBUG org.apache.http.wire -  >> "Content-Type: multipart/form-data; boundary=xyz123[\r][\n]"
07:56:28.498 [main] DEBUG org.apache.http.wire -  >> "Host: 34.101.78.228:2424[\r][\n]"
07:56:28.498 [main] DEBUG org.apache.http.wire -  >> "Connection: Keep-Alive[\r][\n]"
07:56:28.498 [main] DEBUG org.apache.http.wire -  >> "User-Agent: Apache-HttpClient/4.5.13 (Java/19.0.2)[\r][\n]"
07:56:28.498 [main] DEBUG org.apache.http.wire -  >> "Accept-Encoding: gzip,deflate[\r][\n]"
07:56:28.498 [main] DEBUG org.apache.http.wire -  >> "[\r][\n]"
07:56:28.498 [main] DEBUG org.apache.http.headers - >> PUT /api/v1/user/image HTTP/1.1
07:56:28.498 [main] DEBUG org.apache.http.headers - >> Authorization: Bearer eyJhbGciOiJIUzI1NiIsInR5cCI6IkpXVCJ9.eyJhdXRob3JpemVkIjp0cnVlLCJleHAiOjE2ODk2NDE3ODUsInVzZXJJZCI6ImVhZjBiNWVkLWQyNDItNDFhYS05OGUyLTYxYjUzZjQyZmJkZSIsInVzZXJfdHlwZSI6InVzZXIifQ.GkFnR0w0l40Wd-e-MhL7-Ce2TRM7ou82uxfTsC8IVBE
07:56:28.498 [main] DEBUG org.apache.http.headers - >> Accept: application/json
07:56:28.498 [main] DEBUG org.apache.http.headers - >> Content-Length: 278156
07:56:28.498 [main] DEBUG org.apache.http.headers - >> Content-Type: multipart/form-data; boundary=xyz123
07:56:28.498 [main] DEBUG org.apache.http.headers - >> Host: 34.101.78.228:2424
07:56:28.498 [main] DEBUG org.apache.http.headers - >> Connection: Keep-Alive
07:56:28.499 [main] DEBUG org.apache.http.headers - >> User-Agent: Apache-HttpClient/4.5.13 (Java/19.0.2)
07:56:28.499 [main] DEBUG org.apache.http.headers - >> Accept-Encoding: gzip,deflate
07:56:28.499 [main] DEBUG org.apache.http.wire -  >> "--xyz123[\r][\n]"
07:56:28.499 [main] DEBUG org.apache.http.wire -  >> "Content-Disposition: form-data; name="image"; filename=""[\r][\n]"
07:56:28.499 [main] DEBUG org.apache.http.wire -  >> "Content-Type: image/png[\r][\n]"
07:56:28.499 [main] DEBUG org.apache.http.wire -  >> "[\r][\n]"
07:56:28.499 [main] DEBUG org.apache.http.wire -  >> "[0xef][0xbf][0xbd]PNG[\r][\n]"
07:56:28.500 [main] DEBUG org.apache.http.wire -  >> "[0x1a][\n]"
07:56:28.500 [main] DEBUG org.apache.http.wire -  >> "[0x0][0x0][0x0][\r]IHDR[0x0][0x0][0x1][0xef][0xbf][0xbd][0x0][0x0][0x2][0xef][0xbf][0xbd][0x8][0x6][0x0][0x0][0x0][0xef][0xbf][0xbd][0xef][0xbf][0xbd]70[0x0][0x0][0x0][0x9]pHYs[0x0][0x0][0xb][0x13][0x0][0x0][0xb][0x13][0x1][0x0][0xef][0xbf][0xbd][0xef][0xbf][0xbd][0x18][0x0][0x0][0x0][0x1]sRGB[0x0][0xef][0xbf][0xbd][0xef][0xbf][0xbd][0x1c][0xef][0xbf][0xbd][0x0][0x0][0x0][0x4]gAMA[0x0][0x0][0xef][0xbf][0xbd][0xef][0xbf][0xbd][0xb][0xef][0xbf][0xbd]a[0x5][0x0][0x2]V0IDATx[0x1][0xef][0xbf][0xbd][0xef][0xbf][0xbd][0xef][0xbf][0xbd][0xef][0xbf][0xbd]mYv[0x1e][0xef][0xbf][0xbd][0xef][0xbf][0xbd][0xef][0xbf][0xbd]OU[0xef][0xbf][0xbd][0xef][0xbf][0xbd]b[0xef][0xbf][0xbd][0xef][0xbf][0xbd]?[0xd0][0xa7][0xef][0xbf][0xbd] [0xef][0xbf][0xbd][0xef][0xbf][0xbd]&[0xef][0xbf][0xbd]V[0x1e][0xef][0xbf][0xbd]$uh[0xc7][0x86]/[0x1][0xef][0xbf][0xbd][0xef][0xbf][0xbd][0xc8][0x80]-[0x4][0xef][0xbf][0xbd][0xef][0xbf][0xbd][0xef][0xbf][0xbd]H[0xef][0xbf][0xbd][0xef][0xbf][0xbd])>[0x4]H[0x0][0x7]UT[0xef][0xbf][0xbd]8P[0x2][0xef][0xbf][0xbd]u[0xef][0xbf][0xbd],ZQ[0x15]m[0xef][0xbf][0xbd][0x2]d@t[0x1c]$[0x6][0xef][0xbf][0xbd][0xef][0xbf][0xbd]U[\n]"
07:56:28.502 [main] DEBUG org.apache.http.wire -  >> "%[0xda][0xa1][0x1]5[0x9][0xef][0xbf][0xbd][0xef][0xbf][0xbd][0xca][0x8b][0xef][0xbf][0xbd][0xef][0xbf][0xbd][0xb][0xef][0xbf][0xbd][0x1]LJ[0xef][0xbf][0xbd][0xee][0xb3][0x86][0xef][0xbf][0xbd]Zc|[0xef][0xbf][0xbd][0xef][0xbf][0xbd][0xef][0xbf][0xbd][0xda][0xbf]jVw[0xef][0xbf][0xbd][0xef][0xbf][0xbd]T[0xef][0xbf][0xbd][0x1c]]}~{[0xef][0xbf][0xbd][0xef][0xbf][0xbd][0xd6][0xbc][0xef][0xbf][0xbd]9[0xef][0xbf][0xbd][0xef][0xbf][0xbd][0xef][0xbf][0xbd]m[0xef][0xbf][0xbd]e[0xef][0xbf][0xbd]h[0xd1][0xa2]E[0xef][0xbf][0xbd][0x16][0xef][0xbf][0xbd][0xb][0xef][0xbf][0xbd][0xef][0xbf][0xbd][0xef][0xbf][0xbd]o[0xef][0xbf][0xbd][0xef][0xbf][0xbd][0xef][0xbf][0xbd]Go[0xdc][0xb7][0xef][0xbf][0xbd][0xef][0xbf][0xbd].[0xef][0xbf][0xbd]h[0xd1][0xa2]E[0xef][0xbf][0xbd][0x16][0xef][0xbf][0xbd]![0xef][0xbf][0xbd][0xef][0xbf][0xbd][0xef][0xbf][0xbd][0xef][0xbf][0xbd]x[0xef][0xbf][0xbd][0xef][0xbf][0xbd][0xef][0xbf][0xbd][0xef][0xbf][0xbd][0xef][0xbf][0xbd][0xef][0xbf][0xbd][0xef][0xbf][0xbd]=e[0xef][0xbf][0xbd][0xef][0xbf][0xbd]l[0xd1][0xa2]E[0xef][0xbf][0xbd][0x16][0xef][0xbf][0xbd][0xef][0xbf][0xbd][0xef][0xbf][0xbd][0xef][0xbf][0xbd]3[0xef][0xbf][0xbd][0xef][0xbf][0xbd][0xef][0xbf][0xbd][0xef][0xbf][0xbd][0xd6][0x98][0xef][0xbf][0xbd][0xef][0xbf][0xbd][0xef][0xbf][0xbd][0xef][0xbf][0xbd]_}dO[0x11]- [[0xef][0xbf][0xbd]h[0xd1][0xa2]E[0xdf][0x97]vk,b{[0xef][0xbf][0xbd],|[0xef][0xbf][0xbd]~[0xef][0xbf][0xbd][0xef][0xbf][0xbd]3O[0xef][0xbf][0xbd]U[0xef][0xbf][0xbd][0xef][0xbf][0xbd]l[0xd1][0xa2]E[0xef][0xbf][0xbd][0x16]}_[0xef][0xbf][0xbd]w[0xef][0xbf][0xbd]^[0xef][0xbf][0xbd][0xef][0xbf][0xbd][0xef][0xbf][0xbd]b[0xef][0xbf][0xbd]y![0xef][0xbf][0xbd][0xd1][0x97][0xef][0xbf][0xbd][0xef][0xbf][0xbd][0xef][0xbf][0xbd][0xef][0xbf][0xbd]=%[0xef][0xbf][0xbd]h[0xd1][0xa2]E[0xef][0xbf][0xbd][0x16][0xef][0xbf][0xbd][0x3]=|[0xef][0xbf][0xbd][0xef][0xbf][0xbd][0xef][0xbf][0xbd]{[0xef][0xbf][0xbd]>[0xef][0xbf][0xbd];a[0x1e][0x1e][0xef][0xbf][0xbd][0xef][0xbf][0xbd][0xe][0xef][0xbf][0xbd][0xef][0xbf][0xbd][0xef][0xbf][0xbd][0xef][0xbf][0xbd][0xef][0xbf][0xbd][0xef][0xbf][0xbd][0xef][0xbf][0xbd][0xef][0xbf][0xbd][0xef][0xbf][0xbd][0xef][0xbf][0xbd][0xef][0xbf][0xbd]z[0xef][0xbf][0xbd][0xef][0xbf][0xbd]m[0x1f]2-[0xef][0xbf][0xbd]l[0xd1][0xa2]E[0xef][0xbf][0xbd][0x16][0xef][0xbf][0xbd]#][0xef][0xbf][0xbd]}[0xef][0xbf][0xbd][0xef][0xbf][0xbd][0xef][0xbf][0xbd][0xef][0xbf][0xbd][0xef][0xbf][0xbd][[0xef][0xbf][0xbd][0xef][0xbf][0xbd][0x0]r[0xef][0xbf][0xbd][0xef][0xbf][0xbd][0xef][0xbf][0xbd][0xef][0xbf][0xbd]|[0xef][0xbf][0xbd]p1. [[0xef][0xbf][0xbd]h[0xd1][0xa2]Ew[0xef][0xbf][0xbd]O\[0xdd][0x87]W[0xef][0xbf][0xbd]z[0xef][0xbf][0xbd][0xef][0xbf][0xbd][0xef][0xbf][0xbd][0x16]w[0xef][0xbf][0xbd][0xef][0xbf][0xbd]A[0xef][0xbf][0xbd][0xef][0xbf][0xbd]a[0xef][0xbf][0xbd][0xef][0xbf][0xbd])H[0xef][0xbf][0xbd]X@[0xef][0xbf][0xbd]h[0xd1][0xa2]E[0xef][0xbf][0xbd]n[0xef][0xbf][0xbd]H[0xef][0xbf][0xbd]kl[0xef][0xbf][0xbd][0x12][0xef][0xbf][0xbd][0xef][0xbf][0xbd][0xef][0xbf][0xbd]1O[0x8][0x3][0xef][0xbf][0xbd][0x1e]2[0xef][0xbf][0xbd][0xef][0xbf][0xbd][0x1b]?[0xef][0xbf][0xbd][0xc4][0x8f][0x5]d[0xef][0xbf][0xbd][0x16]-Z[0xef][0xbf][0xbd][0xef][0xbf][0xbd][0xef][0xbf][0xbd][0xef][0xbf][0xbd][0xef][0xbf][0xbd]+@[0xef][0xbf][0xbd][0xef][0xbf][0xbd]c[0xef][0xbf][0xbd][0xef][0xbf][0xbd]=[0xef][0xbf][0xbd][0xef][0xbf][0xbd][0xef][0xbf][0xbd]`[0xef][0xbf][0xbd][0xef][0xbf][0xbd]o[0xc7][0xb4][0xef][0xbf][0xbd][0xef][0xbf][0xbd][0x3][0xef][0xbf][0xbd][0xc2][0xb6]G_~[0xef][0xbf][0xbd][0xef][0xbf][0xbd]_[0xef][0xbf][0xbd][0xf][0xef][0xbf][0xbd]V[0xef][0xbf][0xbd][0xc7][0xa2]E[0xef][0xbf][0xbd][0x16]-[0x1a][0xef][0xbf][0xbd][0x13][0xef][0xbf][0xbd][0xdc][0xbf][0xef][0xbf][0xbd]x[0xef][0xbf][0xbd][0xef][0xbf][0xbd]u[0xef][0xbf][0xbd][0xef][0xbf][0xbd][0xef][0xbf][0xbd][0x1d]~[0xef][0xbf][0xbd]z(h[0x4][\r][0xef][0xbf][0xbd][0xef][0xbf][0xbd][0xef][0xbf][0xbd][0xef][0xbf][0xbd]y[0xef][0xbf][0xbd][0xef][0xbf][0xbd][0xef][0xbf][0xbd][0xef][0xbf][0xbd][0x1b][0x1f]R[0xef][0xbf][0xbd][0xc7][0xb2][0xef][0xbf][0xbd][0x16]-Z[0xef][0xbf][0xbd]h[0x11])[0xef][0xbf][0xbd][0xef][0xbf][0xbd][0xef][0xbf][0xbd]k[0xef][0xbf][0xbd]T{k[0x10][0xef][0xbf][0xbd])[0xef][0xbf][0xbd][0xc]1[0xef][0xbf][0xbd][0xef][0xbf][0xbd][0xef][0xbf][0xbd]_[0xef][0xbf][0xbd][0xef][0xbf][0xbd][0xef][0xbf][0xbd]W[0xef][0xbf][0xbd]C[0xef][0xbf][0xbd][0x5]d[0xef][0xbf][0xbd][0x16]-Z[0xef][0xbf][0xbd][0xef][0xbf][0xbd]ty[0xef][0xbf][0xbd][0xdf][0x8a][0xef][0xbf][0xbd][0x4][0xef][0xbf][0xbd][0xef][0xbf][0xbd][0xef][0xbf][0xbd][0xef][0xbf][0xbd][0xef][0xbf][0xbd][0xef][0xbf][0xbd][0x1d][0xef][0xbf][0xbd][0x12][0xef][0xbf][0xbd][0xef][0xbf][0xbd]P[0xef][0xbf][0xbd]n[0xef][0xbf][0xbd][0xef][0xbf][0xbd]a[0xef][0xbf][0xbd]E&}\[0xef][0xbf][0xbd][0xef][0xbf][0xbd][0xef][0xbf][0xbd][0xef][0xbf][0xbd]G[0xef][0xbf][0xbd]([0xef][0xbf][0xbd]0. [[0xef][0xbf][0xbd]h[0xd1][0xa2]E[0x7]}[0xef][0xbf][0xbd][0xef][0xbf][0xbd]7_[0xef][0xbf][0xbd][0xef][0xbf][0xbd][0xef][0xbf][0xbd][0x3][0xef][0xbf][0xbd]([0xef][0xbf][0xbd][0xef][0xbf][0xbd]@[0xef][0xbf][0xbd]c[0x18]][0xef][0xbf][0xbd][0xef][0xbf][0xbd][0x12][0xef][0xbf][0xbd]p[0xef][0xbf][0xbd][0xef][0xbf][0xbd][0xef][0xbf][0xbd][0xef][0xbf][0xbd][0xef][0xbf][0xbd]>[0xef][0xbf][0xbd][0xef][0xbf][0xbd]}[0x8][0xef][0xbf][0xbd]bd[0xef][0xbf][0xbd][0x16]-Z[0xef][0xbf][0xbd][0xc8][0xbe][0xef][0xbf][0xbd][0xef][0xbf][0xbd][0xef][0xbf][0xbd][0xef][0xbf][0xbd][0x17][0xef][0xbf][0xbd].[0xc4][0xbf]gV[0xd9][0x89]{\[0xef][0xbf][0xbd][0x0]*[0xcf][0xac][0xef][0xbf][0xbd][0x2][0xef][0xbf][0xbd][0xef][0xbf][0xbd][0xef][0xbf][0xbd]ud0bctZl[0xef][0xbf][0xbd][0x17][0xef][0xbf][0xbd][0xef][0xbf][0xbd]^[0xef][0xbf][0xbd][0xef][0xbf][0xbd]?[0xef][0xbf][0xbd][o[0xef][0xbf][0xbd][0xef][0xbf][0xbd][0xef][0xbf][0xbd][0xef][0xbf][0xbd][0x3][0xef][0xbf][0xbd]e[0xef][0xbf][0xbd]-Z[0xef][0xbf][0xbd]h[0xef][0xbf][0xbd]'[0xef][0xbf][0xbd][0xef][0xbf][0xbd][0xef][0xbf][0xbd][0xef][0xbf][0xbd]_[0xef][0xbf][0xbd]u?[0xef][0xbf][0xbd]*+1[\r][0x1d][0x5][0xef][0xbf][0xbd][0xef][0xbf][0xbd][0x0]b[0x7][0xef][0xbf][0xbd]U[0xef][0xbf][0xbd][0xef][0xbf][0xbd]~kB[0xef][0xbf][0xbd][0xef][0xbf][0xbd][0xef][0xbf][0xbd][0xef][0xbf][0xbd][0x7][0xef][0xbf][0xbd][0xef][0xbf][0xbd][0xef][0xbf][0xbd][0xef][0xbf][0xbd]l[0xd1][0xa2]E[0xef][0xbf][0xbd]>[0xef][0xbf][0xbd][0xef][0xbf][0xbd][0xef][0xbf][0xbd]v[0xef][0xbf][0xbd]b[0x14]2[0x1][0xef][0xbf][0xbd]:[0xef][0xbf][0xbd]#[0x1][0xef][0xbf][0xbd][0xef][0xbf][0xbd][0xef][0xbf][0xbd]"x[0xef][0xbf][0xbd][0xef][0xbf][0xbd][0xef][0xbf][0xbd]7[0x12][0xef][0xbf][0xbd]<[0x1]/[0x1e]}[0xd0][0x9b][0xef][0xbf][0xbd][0x17][0xef][0xbf][0xbd]-Z[0xef][0xbf][0xbd]h[0xef][0xbf][0xbd]'[0xef][0xbf][0xbd][0xef][0xbf][0xbd][0xef][0xbf][0xbd][0xef][0xbf][0xbd][0xef][0xbf][0xbd][0xef][0xbf][0xbd]=[0xef][0xbf][0xbd][0xef][0xbf][0xbd][0xef][0xbf][0xbd][0xef][0xbf][0xbd][0xc9][0xac][0xef][0xbf][0xbd][0xef][0xbf][0xbd][0xef][0xbf][0xbd]#[0xef][0xbf][0xbd][0x18]63[0xef][0xbf][0xbd]=d[0xef][0xbf][0xbd]y[0xef][0xbf][0xbd][0xef][0xbf][0xbd][0xec][0xb1][0x81][0xef][0xbf][0xbd][0x3][0xef][0xbf][0xbd][0xef][0xbf][0xbd][0x16][0xef][0xbf][0xbd]-Z[0xef][0xbf][0xbd]h[0xef][0xbf][0xbd]'[0xef][0xbf][0xbd][0xef][0xbf][0xbd][0xef][0xbf][0xbd][0xef][0xbf][0xbd][0xef][0xbf][0xbd]{[0xef][0xbf][0xbd]^[0xef][0xbf][0xbd][0xef][0xbf][0xbd][0xc7][0x99]}[0xef][0xbf][0xbd][0xef][0xbf][0xbd][0xef][0xbf][0xbd][0x2][0xef][0xbf][0xbd][0xef][0xbf][0xbd][0xef][0xbf][0xbd][0xef][0xbf][0xbd]K[0xef][0xbf][0xbd][0xef][0xbf][0xbd][0xef][0xbf][0xbd][0xef][0xbf][0xbd]4[0xef][0xbf][0xbd][0xef][0xbf][0xbd]7[0xef][0xbf][0xbd][0x1d][0xef][0xbf][0xbd][0x1f]}[0xef][0xbf][0xbd][0xef][0xbf][0xbd]_}[0xef][0xbf][0xbd]> Z@[0xef][0xbf][0xbd]h[0xd1][0xa2]E[0xef][0xbf][0xbd]@z[0xef][0xbf][0xbd][0xef][0xbf][0xbd][0xef][0xbf][0xbd][0xef][0xbf][0xbd][0xb]n[0xef][0xbf][0xbd][0xef][0xbf][0xbd]1?[0xe][0xef][0xbf][0xbd][0xef][0xbf][0xbd][0xef][0xbf][0xbd]LSt[0xef][0xbf][0xbd][0xef][0xbf][0xbd]b<[0xef][0xbf][0xbd][0x1b][0xef][0xbf][0xbd][0xef][0xbf][0xbd]Z[0xef][0xbf][0xbd][0xef][0xbf][0xbd]D[0xef][0xbf][0xbd][0xef][0xbf][0xbd]r[0xef][0xbf][0xbd]q[0xef][0xbf][0xbd]K[0xef][0xbf][0xbd][0x1][0xef][0xbf][0xbd][0x2][0xef][0xbf][0xbd]E[0xef][0xbf][0xbd][0x16]-[0xef][0xbf][0xbd][0xef][0xbf][0xbd][0xd1][0x9e][0xef][0xbf][0xbd]q[0xef][0xbf][0xbd]xs[0xef][0xbf][0xbd]\1[0xef][0xbf][0xbd][0xef][0xbf][0xbd][0xef][0xbf][0xbd][0xef][0xbf][0xbd]:^[0xef][0xbf][0xbd]b[0xef][0xbf][0xbd]A[0xcc][0x8c]I[0x1c][0xef][0xbf][0xbd][0xef][0xbf][0xbd]K[0xef][0xbf][0xbd][0xef][0xbf][0xbd][0xef][0xbf][0xbd][0x6][0xef][0xbf][0xbd]c[0xef][0xbf][0xbd]#[0xef][0xbf][0xbd][0x1f][0xef][0xbf][0xbd][0x1f][0xef][0xbf][0xbd][0xef][0xbf][0xbd]}[0xef][0xbf][0xbd]$[0xef][0xbf][0xbd][0xef][0xbf][0xbd][0xef][0xbf][0xbd][0xef][0xbf][0xbd]_{[0xef][0xbf][0xbd]>[0x0]Z[0xef][0xbf][0xbd][0xef][0xbf][0xbd][0xef][0xbf][0xbd][0x16]-Z[0xef][0xbf][0xbd][0x9][0xef][0xbf][0xbd][0x3][0xc4][0x9e][0xef][0xbf][0xbd][0xef][0xbf][0xbd][0xef][0xbf][0xbd][0xef][0xbf][0xbd]j[0xf][0xef][0xbf][0xbd][0xef][0xbf][0xbd]A[0xef][0xbf][0xbd]f}[0xef][0xbf][0xbd]}[0xef][0xbf][0xbd][0xef][0xbf][0xbd]6[0xef][0xbf][0xbd][0xef][0xbf][0xbd][0xef][0xbf][0xbd][0xef][0xbf][0xbd][0x16][0xef][0xbf][0xbd][0xef][0xbf][0xbd][0xef][0xbf][0xbd]J[0xef][0xbf][0xbd]d[0xde][0x9b][0xef][0xbf][0xbd][0xef][0xbf][0xbd]W[0xef][0xbf][0xbd]Mf[0xef][0xbf][0xbd][0xef][0xbf][0xbd][0xd6][0xbf][0xef][0xbf][0xbd][0xef][0xbf][0xbd][0xef][0xbf][0xbd][0xef][0xbf][0xbd][0xef][0xbf][0xbd]e[0xef][0xbf][0xbd]-Z[0xef][0xbf][0xbd]h[0xef][0xbf][0xbd]'[0xef][0xbf][0xbd][0x1e]<z[0xef][0xbf][0xbd][0xef][0xbf][0xbd][0xef][0xbf][0xbd]O[0xef][0xbf][0xbd][0xef][0xbf][0xbd][0xef][0xbf][0xbd]+[0xef][0xbf][0xbd]<`<+ro[0xef][0xbf][0xbd][0xef][0xbf][0xbd][0xdb][0xb1]S[0x1e][0x10][0xef][0xbf][0xbd]t[0xef][0xbf][0xbd]t%[0xef][0xbf][0xbd]t[0xef][0xbf][0xbd]h+-l[0xef][0xbf][0xbd]s?<o[0xef][0xbf][0xbd]$[0xef][0xbf][0xbd][0xef][0xbf][0xbd]M[0xef][0xbf][0xbd][0xef][0xbf][0xbd][0xef][0xbf][0xbd][0xef][0xbf][0xbd][0xef][0xbf][0xbd][0xef][0xbf][0xbd][0xef][0xbf][0xbd]&[0xef][0xbf][0xbd][0x5]d[0xef][0xbf][0xbd][0x16]-Z[0xef][0xbf][0xbd][0x9][0xef][0xbf][0xbd][0xef][0xbf][0xbd]}[0xea][0xbb][0xaf]_[0xef][0xbf][0xbd][0xe7][0xab][0x9a][0xc4][0x91][0xef][0xbf][0xbd][0xef][0xbf][0xbd][0x7]"[0xef][0xbf][0xbd][0x10][0xef][0xbf][0xbd][0x9]f[0xef][0xbf][0xbd][0xef][0xbf][0xbd][0xef][0xbf][0xbd]][0xef][0xbf][0xbd][0xef][0xbf][0xbd]d[0xef][0xbf][0xbd][0xef][0xbf][0xbd]%/w9[0xef][0xbf][0xbd][0xef][0xbf][0xbd]YN[0x4]\[0xef][0xbf][0xbd][0xef][0xbf][0xbd][0xef][0xbf][0xbd][0xef][0xbf][0xbd]U[0xb][0xef][0xbf][0xbd][0x16]-Z[0xef][0xbf][0xbd][0xef][0xbf][0xbd][0x13]@?qd([0xef][0xbf][0xbd][0xcb][0x95]7[0xef][0xbf][0xbd]D[0xef][0xbf][0xbd][0xef][0xbf][0xbd]Q[0x4]H[0xef][0xbf][0xbd][0xef][0xbf][0xbd][0xef][0xbf][0xbd]3[0xef][0xbf][0xbd][0xef][0xbf][0xbd][0xef][0xbf][0xbd]:W[0xef][0xbf][0xbd][0xce][0xa5]*[0xef][0xbf][0xbd]b[0xef][0xbf][0xbd]v[0x1][0xef][0xbf][0xbd]([0xb][0xef][0xbf][0xbd][0x0]w[0xef][0xbf][0xbd][0xef][0xbf][0xbd][0xef][0xbf][0xbd]U[0xef][0xbf][0xbd]bd[0xef][0xbf][0xbd][0x16]-Z[0xef][0xbf][0xbd]1[0xef][0xbf][0xbd]=[0xef][0xbf][0xbd][0xef][0xbf][0xbd][0xef][0xbf][0xbd]-[0xef][0xbf][0xbd]%[0xef][0xbf][0xbd][0xef][0xbf][0xbd]=b[0xef][0xbf][0xbd][0xd0][0xb1]c[0xef][0xbf][0xbd]%[0xef][0xbf][0xbd][0xef][0xbf][0xbd][0xef][0xbf][0xbd][0x11]#[0xef][0xbf][0xbd][0xdf][0x8e]o[0x15]'C[0xef][0xbf][0xbd]G[0xef][0xbf][0xbd][0xef][0xbf][0xbd][0xef][0xbf][0xbd]k\[0x12][0xef][0xbf][0xbd][0xef][0xbf][0xbd]>\[0xef][0xbf][0xbd][0x11]W[0xef][0xbf][0xbd]/[0xef][0xbf][0xbd]~?ce[0xef][0xbf][0xbd]"[[0xef][0xbf][0xbd]h[0xd1][0xa2][0xef][0xbf][0xbd]1[0x1][0xc4][0x8e][0x8][0xef][0xbf][0xbd]W[0xef][0xbf][0xbd]=[0xef][0xbf][0xbd][0xef][0xbf][0xbd][0xef][0xbf][0xbd],[0xef][0xbf][0xbd][0xef][0xbf][0xbd][0xef][0xbf][0xbd]6[0xef][0xbf][0xbd]r[0xd0][0xb5]X[0xef][0xbf][0xbd][0x1b]2[0x19][0xef][0xbf][0xbd][0x0][0xef][0xbf][0xbd]NZ[0xef][0xbf][0xbd][\r][0xd2][0x9a][0xef][0xbf][0xbd][0xef][0xbf][0xbd][0x4][0xef][0xbf][0xbd][0xef][0xbf][0xbd]5V[0xef][0xbf][0xbd],[0xef][0xbf][0xbd]E[0xef][0xbf][0xbd][0x16]-[0xef][0xbf][0xbd][0xef][0xbf][0xbd][0xef][0xbf][0xbd][0xef][0xbf][0xbd][0xef][0xbf][0xbd]o[0xef][0xbf][0xbd]t[0xef][0xbf][0xbd]xC[0xef][0xbf][0xbd]$[0xef][0xbf][0xbd][0xef][0xbf][0xbd]X[0xef][0xbf][0xbd][0xef][0xbf][0xbd][0xef][0xbf][0xbd][0xef][0xbf][0xbd]R[0x5]C[0xef][0xbf][0xbd][0xef][0xbf][0xbd]:>yo[0xef][0xbf][0xbd][0x1e][0xef][0xbf][0xbd][0xef][0xbf][0xbd][0x1c][0xd9][0x8a][0xef][0xbf][0xbd][0xef][0xbf][0xbd][0xef][0xbf][0xbd]X[0x17][0xef][0xbf][0xbd][0xef][0xbf][0xbd]w[0xef][0xbf][0xbd]o[0xef][0xbf][0xbd][0xef][0xbf][0xbd]|[0xef][0xbf][0xbd][0xef][0xbf][0xbd][0xef][0xbf][0xbd][0x1f]V[0xd9][0xb2][0xef][0xbf][0xbd][0x16]-Z[0xef][0xbf][0xbd][0xef][0xbf][0xbd]cH_9@l{[0x13][0x1][0xef][0xbf][0xbd]J7D6b[0xef][0xbf][0xbd][0xef][0xbf][0xbd]b[0xef][0xbf][0xbd]b%h[0x18]7479[0x12][0xef][0xbf][0xbd]/w[0xef][0xbf][0xbd]W[0xef][0xbf][0xbd][0x18][0xef][0xbf][0xbd][0xcd][0xbd]e[0x15]:[0xef][0xbf][0xbd]<[0xef][0xbf][0xbd][0xef][0xbf][0xbd]x[0x0]I"[0xef][0xbf][0xbd][0xef][0xbf][0xbd][0xef][0xbf][0xbd][0xef][0xbf][0xbd]yr[0xef][0xbf][0xbd]}9[0xef][0xbf][0xbd]c[0x1][0xd9][0xa2]E[0xef][0xbf][0xbd][0x16]}[0xef][0xbf][0xbd][0xef][0xbf][0xbd]K[0xef][0xbf][0xbd][0xef][0xbf][0xbd][0xef][0xbf][0xbd]z[0xef][0xbf][0xbd]&oZ%][0x1c][0xef][0xbf][0xbd][0xef][0xbf][0xbd]U[0x0]Coa[0xef][0xbf][0xbd]k[0xc][0xef][0xbf][0xbd]D=CQ[0xdd][0x90][0xef][0xbf][0xbd][0xef][0xbf][0xbd].[0xef][0xbf][0xbd][0x19] <[0xef][0xbf][0xbd]#[0xf][0x3][0xef][0xbf][0xbd]_[0xef][0xbf][0xbd][0xef][0xbf][0xbd]=?%4^^[0xef][0xbf][0xbd][0xef][0xbf][0xbd][0xef][0xbf][0xbd][0x16][0xef][0xbf][0xbd]-Z[0xef][0xbf][0xbd]h[0xef][0xbf][0xbd][0xc7][0x88][0xef][0xbf][0xbd][0xef][0xbf][0xbd]/[0xef][0xbf][0xbd][0xef][0xbf][0xbd]W/[0xef][0xbf][0xbd][0xef][0xbf][0xbd][0x13][0xef][0xbf][0xbd].[0xef][0xbf][0xbd]VX[0xc6][0xb1][0xef][0xbf][0xbd][0xef][0xbf][0xbd]H[0xef][0xbf][0xbd][0x2][0xef][0xbf][0xbd][0xef][0xbf][0xbd][0xef][0xbf][0xbd]U[0x19][0xef][0xbf][0xbd]ii%[0x1][0x0];[0xef][0xbf][0xbd][0xef][0xbf][0xbd][0xde][0xa2]Y[0xd9][0x88][0x11]u[0x14][0xef][0xbf][0xbd][0xef][0xbf][0xbd]c[te[0xef][0xbf][0xbd]y#[0x1b],[0xef][0xbf][0xbd][0x3] [0x1f]|[0xef][0xbf][0xbd][0xef][0xbf][0xbd][0xde][0x9f][0xef][0xbf][0xbd][0xef][0xbf][0xbd][0xef][0xbf][0xbd]l[0xd1][0xa2]E[0xef][0xbf][0xbd]>&[0xef][0xbf][0xbd][0xef][0xbf][0xbd][0xef][0xbf][0xbd][0x15][0xef][0xbf][0xbd][0xde][0xba]"[0xef][0xbf][0xbd]}9[0xef][0xbf][0xbd]#[0xef][0xbf][0xbd][0xef][0xbf][0xbd]w"[0xef][0xbf][0xbd]8j**W[0xef][0xbf][0xbd]@G[0xef][0xbf][0xbd][0xef][0xbf][0xbd][0xef][0xbf][0xbd][0xef][0xbf][0xbd][\n]"
07:56:28.503 [main] DEBUG org.apache.http.wire -  >> "[0xef][0xbf][0xbd]e[0xef][0xbf][0xbd]L[0xef][0xbf][0xbd][0xef][0xbf][0xbd]F[0xef][0xbf][0xbd][0xef][0xbf][0xbd][0x7][0xef][0xbf][0xbd][0xef][0xbf][0xbd]u[0x1e][0xef][0xbf][0xbd][0xef][0xbf][0xbd][0x5][0x19][0xef][0xbf][0xbd]<ny[0xcf][0x93]>V[0xef][0xbf][0xbd][0xc7][0xa2]E[0xef][0xbf][0xbd][0x16]}[0xc][0xef][0xbf][0xbd]@[0xef][0xbf][0xbd]W[0xef][0xbf][0xbd]8[0xef][0xbf][0xbd]<[0x12]:[0xef][0xbf][0xbd]^0&m[0xef][0xbf][0xbd][0xef][0xbf][0xbd]/?[0xe]H[0xef][0xbf][0xbd]c[0xef][0xbf][0xbd]Fz[0xef][0xbf][0xbd][0xef][0xbf][0xbd][0xef][0xbf][0xbd][0xd7][0x9b][0xef][0xbf][0xbd][0xef][0xbf][0xbd][0xef][0xbf][0xbd]z9[0xef][0xbf][0xbd][0xef][0xbf][0xbd]#[0xef][0xbf][0xbd]FY]%~[0xef][0xbf][0xbd][0xef][0xbf][0xbd][0xef][0xbf][0xbd]#Kr[0xef][0xbf][0xbd][0xef][0xbf][0xbd][0xef][0xbf][0xbd][0xef][0xbf][0xbd][0xef][0xbf][0xbd][0xde][0xbd]EzYd[0xef][0xbf][0xbd][0x16]-Z[0xef][0xbf][0xbd][0x11][0xef][0xbf][0xbd][0x3][0xef][0xbf][0xbd][0xef][0xbf][0xbd][0xef][0xbf][0xbd]V[0xef][0xbf][0xbd][0xef][0xbf][0xbd][0x13][0xef][0xbf][0xbd][0xef][0xbf][0xbd]:[0x6]VGNYc[0xef][0xbf][0xbd][0xd5][0x8b][0xef][0xbf][0xbd][0xef][0xbf][0xbd]^[0xef][0xbf][0xbd]K[0xef][0xbf][0xbd][0xef][0xbf][0xbd][0xef][0xbf][0xbd][0x17][\n]"
07:56:28.504 [main] DEBUG org.apache.http.wire -  >> "[0xef][0xbf][0xbd][0xef][0xbf][0xbd]z[0xc5][0x8b][0x1][0xdc][0x90]~D[0xef][0xbf][0xbd][0xef][0xbf][0xbd][0xef][0xbf][0xbd]0[0xef][0xbf][0xbd]s[0xef][0xbf][0xbd][0xef][0xbf][0xbd],[0xef][0xbf][0xbd][0xef][0xbf][0xbd][0xef][0xbf][0xbd][0xef][0xbf][0xbd]4V[0xef][0xbf][0xbd][0xef][0xbf][0xbd]l[0xd1][0xa2]E[0xef][0xbf][0xbd]>[0xef][0xbf][0xbd][0xef][0xbf][0xbd][0xef][0xbf][0xbd][0xef][0xbf][0xbd]o[0xef][0xbf][0xbd]dq[0xef][0xbf][0xbd][0xef][0xbf][0xbd][0x15]<[0xef][0xbf][0xbd];[0xf][0xef][0xbf][0xbd]I[0x1c]f[0xef][0xbf][0xbd]n[0xef][0xbf][0xbd]LB[0xef][0xbf][0xbd]?[0xef][0xbf][0xbd][0xef][0xbf][0xbd][0xef][0xbf][0xbd][0xef][0xbf][0xbd]W[0xef][0xbf][0xbd][0xef][0xbf][0xbd][0xef][0xbf][0xbd][0xef][0xbf][0xbd]a[0xef][0xbf][0xbd][0x5][0xef][0xbf][0xbd]^t[0xef][0xbf][0xbd]seu$U[0x1e]K[0xef][0xbf][0xbd][0xef][0xbf][0xbd][0xef][0xbf][0xbd][0x1d]^[0xef][0xbf][0xbd][0xef][0xbf][0xbd][0xef][0xbf][0xbd]{[0xef][0xbf][0xbd][0x16][0xef][0xbf][0xbd][0x5]d[0xef][0xbf][0xbd][0x16]-Z[0xef][0xbf][0xbd][0x11][0xef][0xbf][0xbd][0x1d][0xef][0xbf][0xbd]b[0xef][0xbf][0xbd]7[0xef][0xbf][0xbd]8t[0x0][0xc]2[0x6];[0x13][0x11]{[0xef][0xbf][0xbd][0xef][0xbf][0xbd][0xef][0xbf][0xbd]H[0xef][0xbf][0xbd][0xef][0xbf][0xbd][0xef][0xbf][0xbd][0x5]S[0x10]q[0xef][0xbf][0xbd]G[0xef][0xbf][0xbd][0xef][0xbf][0xbd]`U[0xef][0xbf][0xbd][0xef][0xbf][0xbd]T[0x7][0xef][0xbf][0xbd][0xef][0xbf][0xbd][0x1]f!i[0xef][0xbf][0xbd][0x1e][0x15]8[0xcb][0xb0]Z[0xef][0xbf][0xbd][0x10][0xef][0xbf][0xbd][0xef][0xbf][0xbd][0x17][0xef][0xbf][0xbd][0xef][0xbf][0xbd]^[0xef][0xbf][0xbd][0xef][0xbf][0xbd][0xef][0xbf][0xbd]{[0xef][0xbf][0xbd][0xef][0xbf][0xbd][0xef][0xbf][0xbd]bd[0xef][0xbf][0xbd][0x16]-Z[0xef][0xbf][0xbd][0x11][0xef][0xbf][0xbd][0xef][0xbf][0xbd]W[0x10][0xef][0xbf][0xbd]l[0xef][0xbf][0xbd][0xef][0xbf][0xbd][0xef][0xbf][0xbd]9O[0xef][0xbf][0xbd][0xef][0xbf][0xbd][0xef][0xbf][0xbd][0xef][0xbf][0xbd][0xef][0xbf][0xbd][0xef][0xbf][0xbd]<[0xef][0xbf][0xbd]\[0x1d][0xef][0xbf][0xbd][0xf2][0x8e][0xa1][0xa5]9U[0x7][0xef][0xbf][0xbd][0x1e]q.[0xef][0xbf][0xbd]/;[0xef][0xbf][0xbd]I[0xef][0xbf][0xbd][0x1][0xef][0xbf][0xbd][0xef][0xbf][0xbd][0xef][0xbf][0xbd]h[0x3]6[0xee][0xa7][0x82][0x4]A+chG}[0xef][0xbf][0xbd][0xef][0xbf][0xbd]^[0xef][0xbf][0xbd]z][0xef][0xbf][0xbd]^[0xef][0xbf][0xbd]q[0xda][0xbe]}[0xef][0xbf][0xbd][0xef][0xbf][0xbd][0xef][0xbf][0xbd]}[0xef][0xbf][0xbd][0xef][0xbf][0xbd]~[0xef][0xbf][0xbd]=[0xef][0xbf][0xbd] [0xef][0xbf][0xbd],[0xef][0xbf][0xbd]E[0xef][0xbf][0xbd][0x16]-[0xef][0xbf][0xbd][0xef][0xbf][0xbd][0xd1][0x97][0xef][0xbf][0xbd][0xef][0xbf][0xbd][0xef][0xbf][0xbd][0xeb][0xab][0x97][0xef][0xbf][0xbd][0xef][0xbf][0xbd][0xef][0xbf][0xbd]w&[0xef][0xbf][0xbd][0xef][0xbf][0xbd]{[0xef][0xbf][0xbd][0xef][0xbf][0xbd][0xef][0xbf][0xbd]l`[0x1c]O[0xef][0xbf][0xbd]L[0xef][0xbf][0xbd][0xef][0xbf][0xbd]{[0xcd][0xb1][0xef][0xbf][0xbd][0xef][0xbf][0xbd][0xef][0xbf][0xbd][0xef][0xbf][0xbd]M[0xef][0xbf][0xbd];v.[0xef][0xbf][0xbd]|[0xef][0xbf][0xbd][0xef][0xbf][0xbd][0xef][0xbf][0xbd][0xef][0xbf][0xbd][0xef]"
07:56:28.504 [main] DEBUG org.apache.http.wire -  >> "[0xbf][0xbd][0xef][0xbf][0xbd]([0xef][0xbf][0xbd][0x2]7[0xef][0xbf][0xbd][0xef][0xbf][0xbd][0xef][0xbf][0xbd]bqT[0xef][0xbf][0xbd][0xef][0xbf][0xbd][0xef][0xbf][0xbd][0xef][0xbf][0xbd]3[0xef][0xbf][0xbd]I[0x6][0xef][0xbf][0xbd][0x2][0xef][0xbf][0xbd]E[0xef][0xbf][0xbd][0x16]-[0xef][0xbf][0xbd][0x8][0xef][0xbf][0xbd][0xe]b[0xef][0xbf][0xbd]?[0xef][0xbf][0xbd][0xef][0xbf][0xbd][0xef][0xbf][0xbd][0x1a]w[0x19]N[0xef][0xbf][0xbd][0xef][0xbf][0xbd]4-~[0xef][0xbf][0xbd][0xef][0xbf][0xbd][0xef][0xbf][0xbd][0xef][0xbf][0xbd]"h[0xef][0xbf][0xbd][0xef][0xbf][0xbd][0x1b]i/[0xef][0xbf][0xbd][0xef][0xbf][0xbd][0xef][0xbf][0xbd]t@z[0xef][0xbf][0xbd][0xef][0xbf][0xbd][0xef][0xbf][0xbd]4~[0xef][0xbf][0xbd][0x1b][0xef][0xbf][0xbd]&&$[0xef][0xbf][0xbd]_\[0xef][0xbf][0xbd]%a[0xef][0xbf][0xbd][0xef][0xbf][0xbd]h[0xef][0xbf][0xbd][0xef][0xbf][0xbd][0xef][0xbf][0xbd][0x15]{[0xf]h[0x1][0xd9][0xa2]E[0xef][0xbf][0xbd][0x16]}D[0xef][0xbf][0xbd]+[0xef][0xbf][0xbd][0xef][0xbf][0xbd][0x1b][0xef][0xbf][0xbd]_[0x11][0xef][0xbf][0xbd]5[0xef][0xbf][0xbd][0x1c][0xef][0xbf][0xbd][0xef][0xbf][0xbd]U [0xef][0xbf][0xbd][0xe3][0xa5][0x82][0xef][0xbf][0xbd]P[0xef][0xbf][0xbd][0xef][0xbf][0xbd]_[0xef][0xbf][0xbd][0xef][0xbf][0xbd][0xef][0xbf][0xbd][0xef][0xbf][0xbd][0xef][0xbf][0xbd]hZU[0xef][0xbf][0xbd]?[0xef][0xbf][0xbd][0xef][0xbf][0xbd]1[0xef][0xbf][0xbd][0xef][0xbf][0xbd]I[0xef][0xbf][0xbd]#~p[0xef][0xbf][0xbd]:o[0xef][0xbf][0xbd][0xca][0xae]R<[0xef][0xbf][0xbd][0x16]Z'>[0xef][0xbf][0xbd][0xdb][0xa5];[0xef][0xbf][0xbd]v[0xef][0xbf][0xbd]p@[0xef][0xbf][0xbd][0xef][0xbf][0xbd][0xdf][0x8b][\r][0xef][0xbf][0xbd][0xef][0xbf][0xbd][0xd8][0xa2]E[0xef][0xbf][0xbd][0x16]-z[0xef][0xbf][0xbd]i[0xef][0xbf][0xbd][0xef][0xbf][0xbd][0xef][0xbf][0xbd]>[0xef][0xbf][0xbd][0xef][0xbf][0xbd]~E[0xef][0xbf][0xbd][0xef][0xbf][0xbd]xVTg[0x12][0xef][0xbf][0xbd][0xef][0xbf][0xbd]lT4[0xef][0xbf][0xbd][0x12]2[0xef][0xbf][0xbd][0xef][0xbf][0xbd][0x1e][0xef][0xbf][0xbd][0xef][0xbf][0xbd][0xef][0xbf][0xbd][0xef][0xbf][0xbd]q>M[0xef][0xbf][0xbd][0xef][0xbf][0xbd][0xef][0xbf][0xbd][0xef][0xbf][0xbd][0xef][0xbf][0xbd]%[0x7][0x2]7@n[0xef][0xbf][0xbd].[0xef][0xbf][0xbd][0xef][0xbf][0xbd][0x14][0xef][0xbf][0xbd][0xef][0xbf][0xbd]J[0xef][0xbf][0xbd]L[0xef][0xbf][0xbd]Jx[0xef][0xbf][0xbd][0xef][0xbf][0xbd]3[0xef][0xbf][0xbd][0xef][0xbf][0xbd][\n]"
07:56:28.505 [main] DEBUG org.apache.http.wire -  >> "[0x8]3[0xef][0xbf][0xbd]v[0xef][0xbf][0xbd]kw/[0xef][0xbf][0xbd]'[0xef][0xbf][0xbd]#[0xef][0xbf][0xbd]J[0xef][0xbf][0xbd]X[0xef][0xbf][0xbd]h[0xd1][0xa2][0xef][0xbf][0xbd][0xef][0xbf][0xbd][0xe][0x10][0xef][0xbf][0xbd][0xef][0xbf][0xbd]x[0xef][0xbf][0xbd][\n]"
07:56:28.505 [main] DEBUG org.apache.http.wire -  >> "[0x2]_-[0xef][0xbf][0xbd][0xef][0xbf][0xbd][\r][0xef][0xbf][0xbd]L[0xef][0xbf][0xbd][0xef][0xbf][0xbd]0f&[0xef][0xbf][0xbd][0xef][0xbf][0xbd][0xef][0xbf][0xbd]783bf[0xef][0xbf][0xbd][[0xef][0xbf][0xbd][0xef][0xbf][0xbd]9[0xef][0xbf][0xbd][0x5][0xef][0xbf][0xbd][0xef][0xbf][0xbd]U[0xef][0xbf][0xbd][0xef][0xbf][0xbd]n[0xef][0xbf][0xbd][0xd1][0x8c][0xef][0xbf][0xbd][0xef][0xbf][0xbd][0xef][0xbf][0xbd]>[0xef][0xbf][0xbd][0xef][0xbf][0xbd]L*A[0xef][0xbf][0xbd]G[0xef][0xbf][0xbd]6[0xef][0xbf][0xbd]1i"[0xef][0xbf][0xbd][0xef][0xbf][0xbd]>[0x13]K[0xef][0xbf][0xbd]X<[0xef][0xbf][0xbd][0xc7][0xbf][0xef][0xbf][0xbd][0xef][0xbf][0xbd][0xef][0xbf][0xbd][0xef][0xbf][0xbd][0xef][0xbf][0xbd][0xef][0xbf][0xbd][0xef][0xbf][0xbd]\[0xef][0xbf][0xbd][0xef][0xbf][0xbd][0x16]-Z[0xef][0xbf][0xbd][0xef][0xbf][0xbd][0xef][0xbf][0xbd][0xef][0xbf][0xbd][0xef][0xbf][0xbd][0x7][0xef][0xbf][0xbd][0xef][0xbf][0xbd]\|[0xef][0xbf][0xbd][\n]"
07:56:28.505 [main] DEBUG org.apache.http.wire -  >> "[0x18]?y\[0xef][0xbf][0xbd]c[0xef][0xbf][0xbd][0xef][0xbf][0xbd][0xef][0xbf][0xbd][0xef][0xbf][0xbd][0x1a][0xef][0xbf][0xbd];[0x18]&[0xef][0xbf][0xbd][0xef][0xbf][0xbd]f[0xef][0xbf][0xbd]o[0xcc][0x8d][0xef][0xbf][0xbd]f[0xef][0xbf][0xbd]2[0xef][0xbf][0xbd]$[0xef][0xbf][0xbd]u[\r]v[0x5]S[0xef][0xbf][0xbd][0xef][0xbf][0xbd][0xef][0xbf][0xbd][0xef][0xbf][0xbd][0xef][0xbf][0xbd]=i[0xef][0xbf][0xbd][0xef][0xbf][0xbd]X`)&[0x1a][0xef][0xbf][0xbd][0xef][0xbf][0xbd][0xef][0xbf][0xbd][0x8]I[0xef][0xbf][0xbd][0x1c]o,[0xef][0xbf][0xbd][0xef][0xbf][0xbd][0xde][0xb3][0x1f]-[0x15]Yd[0xef][0xbf][0xbd][0x16]-Z[0xef][0xbf][0xbd][0x14][0xef][0xbf][0xbd]~Z[0xef][0xbf][0xbd][0xef][0xbf][0xbd]3[0xef][0xbf][0xbd]|[0xef][0xbf][0xbd][0xef][0xbf][0xbd][0x5][0xef][0xbf][0xbd][0xcd][0xab][0x15][0xef][0xbf][0xbd][0xc9][0x81][0xef][0xbf][0xbd][0xef][0xbf][0xbd][0xef][0xbf][0xbd][0x14][0xef][0xbf][0xbd][0xef][0xbf][0xbd]}c8[0x8]8`[0xef][0xbf][0xbd][0xef][0xbf][0xbd],[0xef][0xbf][0xbd][0xef][0xbf][0xbd][t[0xef][0xbf][0xbd]=}~[0xef][0xbf][0xbd]ColVWd[0xef][0xbf][0xbd][0x7]7[0x1e][0xef][0xbf][0xbd]![0xef][0xbf][0xbd]BC[0xef][0xbf][0xbd][0xef][0xbf][0xbd][0xef][0xbf][0xbd]<[0xef][0xbf][0xbd][0xef][0xbf][0xbd]hg[0xef][0xbf][0xbd]x[0xef][0xbf][0xbd]}[0xef][0xbf][0xbd][0xef][0xbf][0xbd][0xef][0xbf][0xbd][0xef][0xbf][0xbd]|[0xef][0xbf][0xbd]~W[0xd9][0xb2][0xef][0xbf][0xbd][0x16]-Z[0xef][0xbf][0xbd][0xef][0xbf][0xbd])[0xef][0xbf][0xbd][0xef][0xbf][0xbd]?[0xef][0xbf][0xbd][0xef][0xbf][0xbd]_[0xef][0xbf][0xbd]{[0xcf][0xbc]u[0xef][0xbf][0xbd][0xef][0xbf][0xbd][0xf][0xef][0xbf][0xbd][0xef][0xbf][0xbd][0xd3][0x95][0xef][0xbf][0xbd][0x1f][0xef][0xbf][0xbd][0xcb][0xb7]<3D[0xef][0xbf][0xbd]r[0xef][0xbf][0xbd][0x14][0xef][0xbf][0xbd][0xdc][0x8c]}h[0xef][0xbf][0xbd]UL[0xef][0xbf][0xbd][0xef][0xbf][0xbd][0xc][0xef][0xbf][0xbd]_B6[0xef][0xbf][0xbd][0xef][0xbf][0xbd]p[0xef][0xbf][0xbd][0xb][0xef][0xbf][0xbd]M_a[0xd6][0x89]#[0xef][0xbf][0xbd]mz[0x2][0x8][0xf]![0xef][0xbf][0xbd][0x14][0xf][0xef][0xbf][0xbd][0xef][0xbf][0xbd][0xef][0xbf][0xbd][0xef][0xbf][0xbd]f[0x1c]q[0xef][0xbf][0xbd]x[0xef][0xbf][0xbd][0xf][0xef][0xbf][0xbd][0xef][0xbf][0xbd][0xef][0xbf][0xbd]K[0xef][0xbf][0xbd]C[0xef][0xbf][0xbd][0x2][0xef][0xbf][0xbd]E[0xef][0xbf][0xbd][0x16]-z[0xef][0xbf][0xbd][0xef][0xbf][0xbd][0xef][0xbf][0xbd][0xef][0xbf][0xbd][0xef][0xbf][0xbd]7^[0xef][0xbf][0xbd]7:[0xef][0xbf][0xbd]GN[0x1d][0xef][0xbf][0xbd][0xef][0xbf][0xbd][0xef][0xbf][0xbd][0xef][0xbf][0xbd][0xef][0xbf][0xbd]r[0xf][0x2]y$[0xef][0xbf][0xbd]"[0x1][0xef][0xbf][0xbd][0xef][0xbf][0xbd][0xef][0xbf][0xbd]h[0x14]o[0xef][0xbf][0xbd][0xef][0xbf][0xbd][0xef][0xbf][0xbd]WC#m[0xef][0xbf][0xbd]@(BO[0xc2][0xa7][0xef][0xbf][0xbd][0x17][0xef][0xbf][0xbd][0x17]c[0x2][0xef][0xbf][0xbd][\n]"
07:56:28.506 [main] DEBUG org.apache.http.wire -  >> "[0xef][0xbf][0xbd]`[0xef][0xbf][0xbd][0xef][0xbf][0xbd]zo[0xef][0xbf][0xbd][0xc6][0x9b][0xef][0xbf][0xbd]i[0xef][0xbf][0xbd][0xef][0xbf][0xbd][0xef][0xbf][0xbd];[0xef][0xbf][0xbd]r#4[0xef][0xbf][0xbd]A[0xc4][0xb6][0xef][0xbf][0xbd][0xef][0xbf][0xbd][0x8][0xef][0xbf][0xbd][0xef][0xbf][0xbd][0xef][0xbf][0xbd]Z\[0xef][0xbf][0xbd]h[0xd1][0xa2][0xef][0xbf][0xbd][0xef][0xbf][0xbd][0xef][0xbf][0xbd][0xef][0xbf][0xbd][0xef][0xbf][0xbd]o[0xef][0xbf][0xbd][0x1e]{[0x16]_[0xef][0xbf][0xbd][0x15]u\[0xef][0xbf][0xbd]{Pr[0x13]k[0xef][0xbf][0xbd]1v[0xef][0xbf][0xbd][0x15][0xef][0xbf][0xbd]0[0x6][0xef][0xbf][0xbd]n=slN[0xef][0xbf][0xbd]z[0xef][0xbf][0xbd]@[0xef][0xbf][0xbd]d#[0xef][0xbf][0xbd][0xc6][0xb7][0xef][0xbf][0xbd][0xef][0xbf][0xbd]$;YL[0xef][0xbf][0xbd][0x1a][0xef][0xbf][0xbd][0xef][0xbf][0xbd]os[0xef][0xbf][0xbd][0xef][0xbf][0xbd]h[0xef][0xbf][0xbd]@[0x1f][0x2]MGJ~~[0xef][0xbf][0xbd][0xef][0xbf][0xbd][0xef][0xbf][0xbd]4[0xf][0xef][0xbf][0xbd]W[0xef][0xbf][0xbd]z[0xef][0xbf][0xbd][0xef][0xbf][0xbd])[0xef][0xbf][0xbd][0xc6][0xac]o{[0xef][0xbf][0xbd]'[0xef][0xbf][0xbd][0xef][0xbf][0xbd]k?[0xef][0xbf][0xbd][0x1b][0xef][0xbf][0xbd][0x3][0xef][0xbf][0xbd]J[0xef][0xbf][0xbd]_[0xef][0xbf][0xbd]h[0xd1][0xa2][0xf][0xef][0xbf][0xbd][0xef][0xbf][0xbd][0xef][0xbf][0xbd][0xef][0xbf][0xbd][0xef][0xbf][0xbd][0xef][0xbf][0xbd][0xef][0xbf][0xbd][0xef][0xbf][0xbd][0xef][0xbf][0xbd]a[0xef][0xbf][0xbd][0xef][0xbf][0xbd][0xef][0xbf][0xbd]#n[0xef][0xbf][0xbd]2k`[0xef][0xbf][0xbd][0xef][0xbf][0xbd][0xef][0xbf][0xbd][0xef][0xbf][0xbd]P[0xef][0xbf][0xbd]9U[0xef][0xbf][0xbd]F[0x17];l[0xef][0xbf][0xbd][0xef][0xbf][0xbd][0xef][0xbf][0xbd]ch[0xc]l[0xd5][0xb1]Ve[0xef][0xbf][0xbd][0xef][0xbf][0xbd][0xef][0xbf][0xbd][0xef][0xbf][0xbd][0x6]:[0x14][0xef][0xbf][0xbd]%[0xef][0xbf][0xbd]c[0x14][0xef][0xbf][0xbd][0xef][0xbf][0xbd][0x4]?b[0xef][0xbf][0xbd][0x19][0xef][0xbf][0xbd][0xef][0xbf][0xbd]`v[0xef][0xbf][0xbd]~[0xef][0xbf][0xbd]B[0xe]([0x16]o[0xef][0xbf][0xbd]O[0x17]h[0xef][0xbf][0xbd]z[0xef][0xbf][0xbd][0xef][0xbf][0xbd]V[0xef][0xbf][0xbd][0xf][0xc]d[0xcb][0xb5][0xef][0xbf][0xbd]h[0xd1][0xa2]E[0x1f]"[0x1d][0xef][0xbf][0xbd][0xef][0xbf][0xbd]?n_[0xef][0xbf][0xbd][0xef][0xbf][0xbd][0xef][0xbf][0xbd][0x17]l[0xef][0xbf][0xbd][0xef][0xbf][0xbd][0x4][0xef][0xbf][0xbd][0xef][0xbf][0xbd][0x8]SaS[0x1f][0xef][0xbf][0xbd][0xef][0xbf][0xbd]i[0xef][0xbf][0xbd]y[0xef][0xbf][0xbd][0xef][0xbf][0xbd][0xef][0xbf][0xbd]B2[0x7][0xef][0xbf][0xbd]c][0xef][0xbf][0xbd][0xef][0xbf][0xbd][0xef][0xbf][0xbd]w[0x6]c[0xc5][0xba][0x1c][0xef][0xbf][0xbd][0xef][0xbf][0xbd]#[0xef][0xbf][0xbd]\[0xdd][0x84]}[0xef][0xbf][0xbd][0x7]*[0xef][0xbf][0xbd]xX[0xef][0xbf][0xbd][0xef][0xbf][0xbd][0xef][0xbf][0xbd][0xef][0xbf][0xbd]|AY[0xef][0xbf][0xbd]Zc6[0xef][0xbf][0xbd]g[0x1d];[0xef][0xbf][0xbd]}y[0xef][0xbf][0xbd][0xef][0xbf][0xbd][0xef][0xbf][0xbd][0x1f][0xef][0xbf][0xbd][0xc8][0xaa][0x5]d[0xef][0xbf][0xbd][0x16]-Z[0xef][0xbf][0xbd]![0xef][0xbf][0xbd]W[0xef][0xbf][0xbd][0xef][0xbf][0xbd][0xef][0xbf][0xbd]~[0xef][0xbf][0xbd][0xef][0xbf][0xbd]s;[0xef][0xbf][0xbd][0xc5][0x83]<I[0xef][0xbf][0xbd][0xef][0xbf][0xbd][0x18]g<[0xef][0xbf][0xbd]3[0xef][0xbf][0xbd][0x3]'[0xef][0xbf][0xbd][0xef][0xbf][0xbd][0xef][0xbf][0xbd][0x1c][0xef][0xbf][0xbd][0xe][0xef][0xbf][0xbd][0xef][0xbf][0xbd][0x0][0xef][0xbf][0xbd][0x2]1[0xef][0xbf][0xbd][0xe][0xcc][0xa3]3/[0xef][0xbf][0xbd][0xef][0xbf][0xbd]X}Z0-=[0x5],[0xef][0xbf][0xbd]a[0x5]<[0xef][0xbf][0xbd][0xef][0xbf][0xbd]~[0xef][0xbf][0xbd][0xef][0xbf][0xbd][0xef][0xbf][0xbd][0xef][0xbf][0xbd][0xef][0xbf][0xbd][0xef][0xbf][0xbd][0xdb][0x93]/[0xef][0xbf][0xbd]f[0xef][0xbf][0xbd][0xef][0xbf][0xbd]O[0xef][0xbf][0xbd][0xef][0xbf][0xbd][0xef][0xbf][0xbd]^0K[0xef][0xbf][0xbd][0xef][0xbf][0xbd][0xef][0xbf][0xbd]Dd[0xe][0xef][0xbf][0xbd][0xef][0xbf][0xbd][0xef][0xbf][0xbd][0x1][0xef][0xbf][0xbd][0xef][0xbf][0xbd][0xef][0xbf][0xbd]?[0xef][0xbf][0xbd]?[0xef][0xbf][0xbd][0xef][0xbf][0xbd]_[0xef][0xb2][0x80]l[0xd1][0xa2]E[0xef][0xbf][0xbd]>[0x4][0xef][0xbf][0xbd][0xef][0xbf][0xbd]O[0xef][0xbf][0xbd][0xef][0xbf][0xbd]j<[0xef][0xbf][0xbd]7[0xef][0xbf][0xbd][0x1f][0xef][0xbf][0xbd][0x13][0xef][0xbf][0xbd]v[0xef][0xbf][0xbd][0x1f]&[0xef][0xbf][0xbd]#'[0xef][0xbf][0xbd][0xef][0xbf][0xbd][0xef][0xbf][0xbd][0x1a][0xef][0xbf][0xbd][0xef][0xbf][0xbd][0xef][0xbf][0xbd][0xe]F[0xef][0xbf][0xbd][0xef][0xbf][0xbd][0xef][0xbf][0xbd]S[0xef][0xbf][0xbd][0xe][0xef][0xbf][0xbd][0xef][0xbf][0xbd]%&n[0xef][0xbf][0xbd]E][0xef][0xbf][0xbd][0xef][0xbf][0xbd][0xef][0xbf][0xbd],Hos[0xef][0xbf][0xbd]@M[0x1][0xef][0xbf][0xbd][0x10]B[0xef][0xbf][0xbd][0x17][0xef][0xbf][0xbd][0x16][0x17][0xef][0xbf][0xbd][0xc2][0x85][0x19][0x3][0xef][0xbf][0xbd][0xef][0xbf][0xbd][0xef][0xbf][0xbd]so[0xd4][0x86][0xef][0xbf][0xbd][0x14][0xef][0xbf][0xbd]n[0x1e]/[0xef][0xbf][0xbd][0xf]H+[0xef][0xbf][0xbd]c[0xd1][0xa2]E[0xef][0xbf][0xbd]>@z[0xef][0xbf][0xbd][0xef][0xbf][0xbd][0x1b][0xef][0xbf][0xbd],[0xef][0xbf][0xbd]m[0xef][0xbf][0xbd][0xef][0xbf][0xbd]![0xdd][0xaf][0xef][0xbf][0xbd][0xef][0xbf][0xbd][0x13]:[0xef][0xbf][0xbd]ZFH[0xef][0xbf][0xbd]p&h[0xef][0xbf][0xbd][0xef][0xbf][0xbd]$[0xef][0xbf][0xbd][0xef][0xbf][0xbd][0xef][0xbf][0xbd][0xef][0xbf][0xbd];1$[0xef][0xbf][0xbd][0xef][0xbf][0xbd][0xef][0xbf][0xbd]9[0xef][0xbf][0xbd][0xef][0xbf][0xbd]Z[0xef][0xbf][0xbd]8[0xef][0xbf][0xbd].[0xef][0xbf][0xbd][0xef][0xbf][0xbd][0xef][0xbf][0xbd][0xef][0xbf][0xbd][0xef][0xbf][0xbd][0xef][0xbf][0xbd]p[0xef][0xbf][0xbd][0x7]bgy[0xc]H=[0xef][0xbf][0xbd][0xef][0xbf][0xbd]a[0xef][0xbf][0xbd][0x4][0x11]P&z[0xef][0xbf][0xbd][0xef][0xbf][0xbd]Q[0xef][0xbf][0xbd][0x10]_[0xef][0xbf][0xbd][0xdb][0xbf][0xef][0xbf][0xbd][0xcc][0x93]/[0xef][0xbf][0xbd] [0xef][0xbf][0xbd]wY[0x16][0xd9][0xa2]E[0xef][0xbf][0xbd][0x16]}@[0xef][0xbf][0xbd][0xef][0xbf][0xbd][0xef][0xbf][0xbd]k<l[0xef][0xbf][0xbd]o[0xef][0xbf][0xbd]_39[0xef][0xbf][0xbd][0xef][0xbf][0xbd]~>[0xef][0xbf][0xbd][0xef][0xbf][0xbd]oq:n[0xef][0xbf][0xbd][0x19][0x17]u1bZl[0xef][0xbf][0xbd][0x10][0xcb][0xad]4[0xef][0xbf][0xbd][0xef][0xbf][0xbd]J[0xef][0xbf][0xbd][0xc]Ta[0xef][0xbf][0xbd]`[0xc6][0xbd][0xef][0xbf][0xbd]H[0xdb][0xa7][0xc7][0xb0][0xef][0xbf][0xbd][0xef][0xbf][0xbd][0xef][0xbf][0xbd]4}[0xef][0xbf][0xbd][0xef][0xbf][0xbd]x$u\[0xef][0xbf][0xbd][0x10]Rm.[0x17]c[0xef][0xbf][0xbd][0x1e]C[0xef][0xbf][0xbd][0xc][\r][0x1d][0xef][0xbf][0xbd]2k?[0xef][0xbf][0xbd][0xef][0xbf][0xbd][0xef][0xbf][0xbd]?[0xef][0xbf][0xbd][0xef][0xbf][0xbd]g[0xef][0xbf][0xbd]f?[0x0]- [[0xef][0xbf][0xbd]h[0xd1][0xa2][0xf][0xef][0xbf][0xbd][0xef][0xbf][0xbd]M[0xef][0xbf][0xbd][0xef][0xbf][0xbd][0xc2][0xbf]~[0x15][0xef][0xbf][0xbd][0xf][0xef][0xbf][0xbd]z[0xef][0xbf][0xbd][0xef][0xbf][0xbd][0xef][0xbf][0xbd][0x13]x[0xef][0xbf][0xbd][0xd4][0xbb][0xef][0xbf][0xbd]Bx[0xb][0xef][0xbf][0xbd][0x11][0xef][0xbf][0xbd]r[0xef][0xbf][0xbd]st[0x9]v2[0x7][0xef][0xbf][0xbd]4z[0xef][0xbf][0xbd][0xef][0xbf][0xbd]O[0xef][0xbf][0xbd]8[0xef][0xbf][0xbd]h^([0xef][0xbf][0xbd]VT[0x16][0x16]F *[0xef][0xbf][0xbd]dot[0x6]*e[\n]"
07:56:28.507 [main] DEBUG org.apache.http.wire -  >> "}~[0xd9][0x90][_[0xef][0xbf][0xbd]z'[0xef][0xbf][0xbd][0x0][0xd4][0xaa][0xef][0xbf][0xbd][0xef][0xbf][0xbd]_[0x1d][0xef][0xbf][0xbd]`9[0xef][0xbf][0xbd][0xef][0xbf][0xbd][0x12]_[0xef][0xbf][0xbd][0x1f][0xef][0xbf][0xbd][0xef][0xbf][0xbd]kq[0xd1][0xa2]E[0xef][0xbf][0xbd][0xef][0xbf][0xbd]g[0xef][0xbf][0xbd][0xef][0xbf][0xbd]O[0xef][0xbf][0xbd][0xef][0xbf][0xbd]z[0xe4][0xbb][0xb7][0xef][0xbf][0xbd]_'G9[0xef][0xbf][0xbd][0xef][0xbf][0xbd][0xef][0xbf][0xbd][0xef][0xbf][0xbd]x)[0x17]w[0xef][0xbf][0xbd]I[0xef][0xbf][0xbd];[0x10][0xef][0xbf][0xbd][0xef][0xbf][0xbd][0xef][0xbf][0xbd][0xef][0xbf][0xbd][0xef][0xbf][0xbd]%[0x1e]?[0xc2][0xbb]7[0xec][0xac][0xaa][0xef][0xbf][0xbd][0xef][0xbf][0xbd][0x4][0xef][0xbf][0xbd][0xef][0xbf][0xbd][0x17][0xef][0xbf][0xbd],*[0xef][0xbf][0xbd][0xef][0xbf][0xbd]lD[0x1b][0xef][0xbf][0xbd]mq[0xef][0xbf][0xbd]h[0xef][0xbf][0xbd][0xef][0xbf][0xbd][0xef][0xbf][0xbd]|[0xef][0xbf][0xbd]tm%[0xd8][0xa2][0xef][0xbf][0xbd]1l[0xef][0xbf][0xbd][0xef][0xbf][0xbd]_[0x7][0xe][0x13]@[0xb][0xef][0xbf][0xbd][0xef][0xbf][0xbd]}[0xef][0xbf][0xbd][0xef][0xbf][0xbd][0xef][0xbf][0xbd][0xef][0xbf][0xbd][0xef][0xbf][0xbd][0xc8][0xaa][0xef][0xbf][0xbd][0xef][0xbf][0xbd]l[0xd1][0xa2]E[0xef][0xbf][0xbd][0xef][0xbf][0xbd]'[0xef][0xbf][0xbd]][0xef][0xbf][0xbd]W[0xef][0xbf][0xbd][0xef][0xbf][0xbd]/_[0xef][0xbf][0xbd][0xef][0xbf][0xbd]Wy[0xef][0xbf][0xbd][0xef][0xbf][0xbd][0xef][0xbf][0xbd]w[0xef][0xbf][0xbd][0xef][0xbf][0xbd]u[0xef][0xbf][0xbd][0xef][0xbf][0xbd]y[0x1f][0xef][0xbf][0xbd][0xef][0xbf][0xbd]3K[0xef][0xbf][0xbd]N[0xef][0xbf][0xbd]NU[0xef][0xbf][0xbd]FTL[0xef][0xbf][0xbd][0x10][0xef][0xbf][0xbd]J[0xef][0xbf][0xbd][0xef][0xbf][0xbd]@[0x1d][0xef][0xbf][0xbd][0xde][0xaa][0x1b]>[0xef][0xbf][0xbd][0x2][0xef][0xbf][0xbd][0x2]M)[\n]"
07:56:28.508 [main] DEBUG org.apache.http.wire -  >> "[0xd9][0x90]>[0xef][0xbf][0xbd]t[0xef][0xbf][0xbd]Go[0xef][0xbf][0xbd]-[0x12][0xef][0xbf][0xbd]2[0xef][0xbf][0xbd][0xef][0xbf][0xbd][0x13]9C[0xef][0xbf][0xbd]Hj#w[0x3][[0xef][0xbf][0xbd][0x17]':[0x3][0xef][0xbf][0xbd]59[0xef][0xbf][0xbd][0xf][0xef][0xbf][0xbd]{[0xef][0xbf][0xbd][0xef][0xbf][0xbd][0xef][0xbf][0xbd][0xef][0xbf][0xbd][0xef][0xbf][0xbd][0x5]-[0xef][0xbf][0xbd][0xef][0xbf][0xbd]E[0xef][0xbf][0xbd][0x16][0xef][0xbf][0xbd][0xf][0xef][0xbf][0xbd][0xef][0xbf][0xbd]O[0xef][0xbf][0xbd][0xef][0xbf][0xbd]/[0xdc][0xb3][0xef][0xbf][0xbd][0xd5][0x95]( [0xef][0xbf][0xbd][0xef][0xbf][0xbd]B[0xef][0xbf][0xbd]c[0xef][0xbf][0xbd]T[0xef][0xbf][0xbd]X[0xef][0xbf][0xbd][0xef][0xbf][0xbd]-[0xef][0xbf][0xbd][0xef][0xbf][0xbd][0xef][0xbf][0xbd][0xef][0xbf][0xbd]/3[0xef][0xbf][0xbd][0xef][0xbf][0xbd][0xef][0xbf][0xbd][[0xef][0xbf][0xbd][0xcc][0x8c][0xef][0xbf][0xbd][0xef][0xbf][0xbd][0xef][0xbf][0xbd][0xc4][0xab]tw[0xef][0xbf][0xbd][0x13]3[0xef][0xbf][0xbd][0x8][0xef][0xbf][0xbd][0x5][0xef][0xbf][0xbd]XZ[0xef][0xbf][0xbd][0xef][0xbf][0xbd][0xef][0xbf][0xbd][0xef][0xbf][0xbd][0x15]<[0xef][0xbf][0xbd]j/b[0xef][0xbf][0xbd][0xef][0xbf][0xbd]'[0xef][0xbf][0xbd][0xef][0xbf][0xbd]W[0xef][0xbf][0xbd][0xef][0xbf][0xbd][0x1a][0x18]@[0xef][0xbf][0xbd][0xef][0xbf][0xbd][0xe][0xef][0xbf][0xbd][0xef][0xbf][0xbd]uL[0xef][0xbf][0xbd]nG[0xef][0xbf][0xbd]8[0xef][0xbf][0xbd][0xef][0xbf][0xbd]K[0x0][0xef][0xbf][0xbd][0xef][0xbf][0xbd][0xef][0xbf][0xbd][0xef][0xbf][0xbd][0xef][0xbf][0xbd]d[0xb][0xef][0xbf][0xbd][0x16]-Z[0xef][0xbf][0xbd][0xef][0xbf][0xbd]=[0xef][0xbf][0xbd][0xef][0xbf][0xbd][0xef][0xbf][0xbd][0xef][0xbf][0xbd][0xef][0xbf][0xbd][0xef][0xbf][0xbd][0xef][0xbf][0xbd],[0xde][0xbe][0xef][0xbf][0xbd][0xef][0xbf][0xbd][0xef][0xbf][0xbd]V@Q?[0xef][0xbf][0xbd][0xef][0xbf][0xbd]}[[0xef][0xbf][0xbd] D"[0xef][0xbf][0xbd]q[0xef][0xbf][0xbd]pu[0xef][0xbf][0xbd][0xd8][0x8c][0xe7][0xac][0xb7][0xef][0xbf][0xbd]U[0x1][0xef][0xbf][0xbd]x[0xef][0xbf][0xbd][0xf][0xef][0xbf][0xbd][0xef][0xbf][0xbd][0xef][0xbf][0xbd]L[0xef][0xbf][0xbd]|[0xef][0xbf][0xbd][0xef][0xbf][0xbd]iz$U%w$[0xef][0xbf][0xbd][0xef][0xbf][0xbd]&[0xef][0xbf][0xbd][0xef][0xbf][0xbd] cwU[0xc6][0x88][0xef][0xbf][0xbd][0xef][0xbf][0xbd]-[0xef][0xbf][0xbd]UG[0xef][0xbf][0xbd]#`[0xef][0xbf][0xbd][0x1d][0xef][0xbf][0xbd]1[0xef][0xbf][0xbd][0x5]V[0xef][0xbf][0xbd][0xc9][0x86]g[0x13][0xef][0xbf][0xbd][0xef][0xbf][0xbd][0xef][0xbf][0xbd][0xef][0xbf][0xbd][0xef][0xbf][0xbd][0xef][0xbf][0xbd][0xef][0xbf][0xbd]][0xef][0xbf][0xbd]r-.Z[0xef][0xbf][0xbd]h[0xef][0xbf][0xbd]{D[0xef][0xbf][0xbd]+[0xef][0xbf][0xbd][0xef][0xbf][0xbd]{[0xef][0xbf][0xbd]*[0xef][0xbf][0xbd][0x1f][0xef][0xbf][0xbd][0xef][0xbf][0xbd][0xef][0xbf][0xbd][0xef][0xbf][0xbd]m[0xef][0xbf][0xbd]V[0xef][0xbf][0xbd][0x19][0xef][0xbf][0xbd]2x[0xef][0xbf][0xbd].[0xdc][0xaf][0xef][0xbf][0xbd][0xef][0xbf][0xbd][0xef][0xbf][0xbd]8[0xef][0xbf][0xbd][0xef][0xbf][0xbd][0xef][0xbf][0xbd][0x8][0xef][0xbf][0xbd][0xd7][0xa2]Ty&nH[0xef][0xbf][0xbd][0x18]R[0xdd][0x83][0xef][0xbf][0xbd][0x10][0xef][0xbf][0xbd]FL[0xef][0xbf][0xbd][0x0][0xef][0xbf][0xbd]Kz[0xef][0xbf][0xbd][0x0]R[0xef][0xbf][0xbd][0x1d][0xef][0xbf][0xbd]AG |[0xef][0xbf][0xbd][0x1d]H[0xef][0xbf][0xbd]g%f[0xef][0xbf][0xbd].[0xef][0xbf][0xbd]Yw[0xef][0xbf][0xbd]4ff[0xef][0xbf][0xbd][0xef][0xbf][0xbd][0xef][0xbf][0xbd]3"[0xef][0xbf][0xbd]K[0xef][0xbf][0xbd][0xef][0xbf][0xbd][0xef][0xbf][0xbd][0xcd][0xb8][0xef][0xbf][0xbd][0xef][0xbf][0xbd][0xef][0xbf][0xbd][0xef][0xbf][0xbd][0xef][0xbf][0xbd][0xdb][0x8f][0xef][0xbf][0xbd]z[0xef][0xbf][0xbd][0xef][0xbf][0xbd][0x10]Z[0x16][0xd9][0xa2]E[0xef][0xbf][0xbd][0x16][0xef][0xbf][0xbd][0x7]t[0xef][0xbf][0xbd][0x12][0xef][0xbf][0xbd][0xef][0xbf][0xbd]?[0xef][0xbf][0xbd][0xef][0xbf][0xbd][0xc3][0xa3][0xef][0xbf][0xbd]@*[0x11][0xde][0xbe]b[0xef][0xbf][0xbd][0xef][0xbf][0xbd]$[0xc4][0x94][0xef][0xbf][0xbd]xkp[0xef][0xbf][0xbd]f[0xef][0xbf][0xbd][0xef][0xbf][0xbd]z[0x15][0xef][0xbf][0xbd]h[0xe]lA[0x19]U[0x1e][0xef][0xbf][0xbd]9m[0xef][0xbf][0xbd][0x6][0xef][0xbf][0xbd][0xef][0xbf][0xbd][0xef][0xbf][0xbd][0xef][0xbf][0xbd][0xef][0xbf][0xbd][0xef][0xbf][0xbd][0xef][0xbf][0xbd][0x1b][0xef][0xbf][0xbd]O[0xcf][0x9a]l[0xef][0xbf][0xbd]>[0xef][0xbf][0xbd]T[[0x1d][0xef][0xbf][0xbd][0xef][0xbf][0xbd][0xef][0xbf][0xbd]&K7b[0x3])@[0xef][0xbf][0xbd]P[0xef][0xbf][0xbd]C[0xef][0xbf][0xbd][0xc]T[0xef][0xbf][0xbd][0xef][0xbf][0xbd]_[0xef][0xbf][0xbd][0xca][0xbd][0xef][0xbf][0xbd]h[0xd1][0xa2]E[0xef][0xbf][0xbd]~h[0xef][0xbf][0xbd]78[0xef][0xbf][0xbd]r[0xef][0xbf][0xbd][0xd5][0xab][0xef][0xbf][0xbd]~[0x5][0xef][0xbf][0xbd]:[0xef][0xbf][0xbd][0xef][0xbf][0xbd]y[0xef][0xbf][0xbd]8[0xef][0xbf][0xbd][0x1e][0xef][0xbf][0xbd][0x16][e[0xef][0xbf][0xbd]1[0xef][0xbf][0xbd][0xef][0xbf][0xbd][0xef][0xbf][0xbd][0xef][0xbf][0xbd]}[0xef][0xbf][0xbd]{Q[0xef][0xbf][0xbd][0xef][0xbf][0xbd][0xd9][0xa4][0xef][0xbf][0xbd]R[0xef][0xbf][0xbd]M[0xc6][0xa1][0xef][0xbf][0xbd][0xef][0xbf][0xbd]#[0xef][0xbf][0xbd]~t9)_[0xdc][0x8e][0xef][0xbf][0xbd];[0xef][0xbf][0xbd]F[0xef][0xbf][0xbd][\n]"
07:56:28.509 [main] DEBUG org.apache.http.wire -  >> "[0x1b][0xef][0xbf][0xbd][0xd4][0xa9]:[0xef][0xbf][0xbd][0xef][0xbf][0xbd][0xcf][0x99][0xef][0xbf][0xbd][0xef][0xbf][0xbd][0xef][0xbf][0xbd])[0xef][0xbf][0xbd]rl[0xef][0xbf][0xbd]Fv[0xef][0xbf][0xbd][0xef][0xbf][0xbd]h[0x10]i~[0xef][0xbf][0xbd]q[0xef][0xbf][0xbd]o[0xef][0xbf][0xbd]w"
07:56:28.509 [main] DEBUG org.apache.http.wire -  >> "[0xef][0xbf][0xbd]bs[0xef][0xbf][0xbd][0xef][0xbf][0xbd][0xef][0xbf][0xbd][0x16]-Z[0xef][0xbf][0xbd][0xe8][0x87][0xa4][0xdd][0x95][0xef][0xbf][0xbd][0xef][0xbf][0xbd][0xcb][0xbd]_9@L[0x12][0x15][0xef][0xbf][0xbd][0xef][0xbf][0xbd]P[0xef][0xbf][0xbd][0xda][0xac]S[0x2][0xef][0xbf][0xbd][0xef][0xbf][0xbd][0xef][0xbf][0xbd]Xl[0xef][0xbf][0xbd][0xef][0xbf][0xbd][0xcf][0xb2]][0xb][0xe]=[0x1e][0xc6][0xab][0xc8][0x90][0xef][0xbf][0xbd][0xef][0xbf][0xbd][0x4][0xef][0xbf][0xbd]>Y#[0xeb][0xaa][0x97]X[0xef][0xbf][0xbd][0xef][0xbf][0xbd][0xb][0xef][0xbf][0xbd][0xef][0xbf][0xbd]F[0xef][0xbf][0xbd][0xea][0xaa][0x9e]n[0xef][0xbf][0xbd]G[0x1e]F[0xef][0xbf][0xbd]U~[0xef][0xbf][0xbd][0xef][0xbf][0xbd]W[0xef][0xbf][0xbd][0xef][0xbf][0xbd][0xef][0xbf][0xbd][\r]b[0xef][0xbf][0xbd]si[0xef][0xbf][0xbd]c[0x18][0xef][0xbf][0xbd][0xef][0xbf][0xbd]x[0xef][0xbf][0xbd][0xef][0xbf][0xbd][0xef][0xbf][0xbd][0xef][0xbf][0xbd][0xef][0xbf][0xbd][0xef][0xbf][0xbd]:fX[0xef][0xbf][0xbd][0x12]k|m'[0xdb][0x8f]}[0xef][0xbf][0xbd],s[0x7]- [[0xef][0xbf][0xbd]h[0xd1][0xa2][0x1f][0xef][0xbf][0xbd]~[0xef][0xbf][0xbd][0xef][0xbf][0xbd][0x1f]<[0xef][0xbf][0xbd]w[0xef][0xbf][0xbd][0xef][0xbf][0xbd][0xef][0xbf][0xbd][0xef][0xbf][0xbd][0xef][0xbf][0xbd][0xef][0xbf][0xbd][0x13][0xef][0xbf][0xbd]P][0xef][0xbf][0xbd][0x19]rvyq3pYJr[0xef][0xbf][0xbd]E[0xb]t&[0xef][0xbf][0xbd]\[0xda][0x9c]Aqu[0x10]0[\n]"
07:56:28.509 [main] DEBUG org.apache.http.wire -  >> "3[0xef][0xbf][0xbd][0xef][0xbf][0xbd][0xef][0xbf][0xbd][0xef][0xbf][0xbd][0xef][0xbf][0xbd]J[0xef][0xbf][0xbd]t[0xef][0xbf][0xbd][0xef][0xbf][0xbd]!ZLvd[0x1f]j"[0xef][0xbf][0xbd]w[0xef][0xbf][0xbd]{[0xef][0xbf][0xbd][0xef][0xbf][0xbd][0xef][0xbf][0xbd][0xef][0xbf][0xbd][0xef][0xbf][0xbd]+[0xef][0xbf][0xbd];[0xef][0xbf][0xbd][0xef][0xbf][0xbd]n[\r][0xef][0xbf][0xbd]@l[0xef][0xbf][0xbd]E[0x3][0xef][0xbf][0xbd]![0x1][0x4][0xef][0xbf][0xbd]#[0x19]#[0xef][0xbf][0xbd][0xef][0xbf][0xbd][0xef][0xbf][0xbd][0xef][0xbf][0xbd]L[0xef][0xbf][0xbd][0xef][0xbf][0xbd][0xef][0xbf][0xbd][0x2][0xef][0xbf][0xbd][0xd9][0xaf]m[0xef][0xbf][0xbd][0xef][0xbf][0xbd][0xef][0xbf][0xbd]/[0xef][0xbf][0xbd]\[0xef][0xbf][0xbd][0x1e][0xef][0xbf][0xbd][0x16]-Z[0xef][0xbf][0xbd][0x3][0xef][0xbf][0xbd][0xef][0xbf][0xbd]J[0xef][0xbf][0xbd][0xef][0xbf][0xbd][0xef][0xbf][0xbd][0xef][0xbf][0xbd][0xef][0xbf][0xbd]+.<[\n]"
07:56:28.510 [main] DEBUG org.apache.http.wire -  >> "[0x1c]W[0xef][0xbf][0xbd][0xef][0xbf][0xbd][0x6]W\c[0xef][0xbf][0xbd][0xef][0xbf][0xbd][0xef][0xbf][0xbd][0xef][0xbf][0xbd][0xef][0xbf][0xbd][0x12][0x2]S[0xef][0xbf][0xbd]bo[0xc][0x17]IfE[0x0][0xd4][0xac]>[0xef][0xbf][0xbd][0xb][0xef][0xbf][0xbd]^[0xef][0xbf][0xbd]R[0xef][0xbf][0xbd]d[0x15][0xef][0xbf][0xbd][0xef][0xbf][0xbd][0xef][0xbf][0xbd][0x13]r[0xef][0xbf][0xbd][0x15][0xef][0xbf][0xbd]Y$|[0xef][0xbf][0xbd][0xef][0xbf][0xbd][0xef][0xbf][0xbd][0xef][0xbf][0xbd][0xef][0xbf][0xbd]x[0x3][0xef][0xbf][0xbd]]Y[0xef][0xbf][0xbd]J[\r]8>bc[0xef][0xbf][0xbd][0x14][0xdd][0x8f]{[0xef][0xbf][0xbd][0xef][0xbf][0xbd]d[0xcc][0xb0][0xef][0xbf][0xbd]}[0x1c][0xef][0xbf][0xbd]U[0xef][0xbf][0xbd][0xef][0xbf][0xbd]ss5[0xef][0xbf][0xbd][0xef][0xbf][0xbd]J[0xef][0xbf][0xbd][0xef][0xbf][0xbd][0xef][0xbf][0xbd][0xe1][0xa7][0xaf][0xef][0xbf][0xbd]_[0xef][0xbf][0xbd][0xef][0xbf][0xbd]C[0xef][0xbf][0xbd]"[[0xef][0xbf][0xbd]h[0xd1][0xa2]wI[0xf][0xef][0xbf][0xbd][0xef][0xbf][0xbd][0xef][0xbf][0xbd][0xe8][0xb3][0xbb][0x15]v[0xef][0xbf][0xbd]GH^H[0xef][0xbf][0xbd][0xef][0xbf][0xbd]1[0x1b][0xef][0xbf][0xbd][0xef][0xbf][0xbd]v6[0xef][0xbf][0xbd])[0xef][0xbf][0xbd]Fj[0xef][0xbf][0xbd]0[0xef][0xbf][0xbd][0xef][0xbf][0xbd][0xef][0xbf][0xbd][0xef][0xbf][0xbd][0x13][0xef][0xbf][0xbd][0xef][0xbf][0xbd][0x17][0xe][0xef][0xbf][0xbd]u[0xef][0xbf][0xbd][0xef][0xbf][0xbd]y/[0xef][0xbf][0xbd],[0xef][0xbf][0xbd][0xef][0xbf][0xbd]6[0xef][0xbf][0xbd]}Y[0xef][0xbf][0xbd][0xef][0xbf][0xbd][0xdc][0xbb] [0xef][0xbf][0xbd][0xef][0xbf][0xbd][0xef][0xbf][0xbd][0xef][0xbf][0xbd]#[0xef][0xbf][0xbd]Z[0xef][0xbf][0xbd][0xef][0xbf][0xbd][0x18][0x0]W4V[0xef][0xbf][0xbd]V[0xef][0xbf][0xbd][0x13][0xef][0xbf][0xbd][0xef][0xbf][0xbd][0xef][0xbf][0xbd][0xef][0xbf][0xbd]k[0xef][0xbf][0xbd].[0xef][0xbf][0xbd]rM[0xef][0xbf][0xbd]Z[0xef][0xbf][0xbd][0xef][0xbf][0xbd]g[0x1f][0xef][0xbf][0xbd]C=[0x5][0xef][0xbf][0xbd]O[0xef][0xbf][0xbd]G[0xcc][0xad]:[0xef][0xbf][0xbd][0xef][0xbf][0xbd]/[0xef][0xbf][0xbd][0xef][0xbf][0xbd][0xef][0xbf][0xbd][0xef][0xbf][0xbd][0x17][0xef][0xbf][0xbd][0xef][0xbf][0xbd][0xd0][0xb2][0xef][0xbf][0xbd][0x16]-Z[0xef][0xbf][0xbd][0xef][0xbf][0xbd][0xf][0xef][0xbf][0xbd]#[0xef][0xbf][0xbd][0xef][0xbf][0xbd]=[0xef][0xbf][0xbd][0xef][0xbf][0xbd][0x1f]#G"[0xef][0xbf][0xbd][0xef][0xbf][0xbd][0x15]^[0xef][0xbf][0xbd]lula[0xef][0xbf][0xbd][0xef][0xbf][0xbd][0xef][0xbf][0xbd]<wV[0xef][0xbf][0xbd]([0xef][0xbf][0xbd][0xe][0xef][0xbf][0xbd]0})[0xef][0xbf][0xbd]XV[0xef][0xbf][0xbd]|[0xef][0xbf][0xbd][0xef][0xbf][0xbd]'[0xef][0xbf][0xbd][0xef][0xbf][0xbd][0xef][0xbf][0xbd][0xda][0xb9]9([0x1f]8[0xef][0xbf][0xbd][0xef][0xbf][0xbd][0x15]8"[0xef][0xbf][0xbd][0xec][0xa1][0xb2][0xef][0xbf][0xbd][0xef][0xbf][0xbd]Fr[0x2][0x8][0x2]^G[0xef][0xbf][0xbd][0xe1][0xb4][0xa2][0xef][0xbf][0xbd]m[0xef][0xbf][0xbd][0xef][0xbf][0xbd][0xc][0xef][0xbf][0xbd]eyz[0xef][0xbf][0xbd][0xef][0xbf][0xbd]5[0xef][0xbf][0xbd][0x5][0xef][0xbf][0xbd]p[0xef][0xbf][0xbd][0xdf][0x88][0xef][0xbf][0xbd][0xe][0xef][0xbf][0xbd]B]8[0xef][0xbf][0xbd][0xef][0xbf][0xbd]LRO[0x18][0xef][0xbf][0xbd][0x13][0xef][0xbf][0xbd][0xef][0xbf][0xbd][0xef][0xbf][0xbd][0xef][0xbf][0xbd][0xc5][0xbf]l[0xef][0xbf][0xbd]@[0xef][0xbf][0xbd]"[[0xef][0xbf][0xbd]h[0xd1][0xa2][0xef][0xbf][0xbd]C[0xf][0xef][0xbf][0xbd][0xef][0xbf][0xbd][0x1b][0xef][0xbf][0xbd]>{[0xef][0xbf][0xbd][0xef][0xbf][0xbd][0xef][0xbf][0xbd][0xef][0xbf][0xbd][0xef][0xbf][0xbd][0xef][0xbf][0xbd][0xef][0xbf][0xbd][0xdb][0xb2][0xef][0xbf][0xbd]`,[0x11]x:C[0x3][0xef][0xbf][0xbd]Vf[0x10]Rr[0xef][0xbf][0xbd]@v[0xef][0xbf][0xbd][0xef][0xbf][0xbd]AT:[0x1e]j[0xef][0xbf][0xbd]d:[0xef][0xbf][0xbd]*[0xef][0xbf][0xbd][0xef][0xbf][0xbd][0xda][0xb0][0xef][0xbf][0xbd][0x18]Y[0xc7][0x96][0x2]X[\n]"
07:56:28.511 [main] DEBUG org.apache.http.wire -  >> "p[0xef][0xbf][0xbd]=8[0xef][0xbf][0xbd][0xef][0xbf][0xbd][0xef][0xbf][0xbd][0xc8][0x90][0x8][0xef][0xbf][0xbd]o[0xef][0xbf][0xbd]VZ[0xef][0xbf][0xbd]J[0xef][0xbf][0xbd][0xef][0xbf][0xbd]'[0x19][0xef][0xbf][0xbd],[0xef][0xbf][0xbd]`BD[0xef][0xbf][0xbd][0x1d][0xef][0xbf][0xbd][0xef][0xbf][0xbd]f[0xef][0xbf][0xbd][0xf][0xef][0xbf][0xbd][0xef][0xbf][0xbd][0xef][0xbf][0xbd]31[0xef][0xbf][0xbd]/[0xef][0xbf][0xbd][0xef][0xbf][0xbd]l$[0xef][0xbf][0xbd][0x4][0xdd][0xa5][0xef][0xbf][0xbd][0xef][0xbf][0xbd][0xef][0xbf][0xbd]8[0xef][0xbf][0xbd][0x2][0xef][0xbf][0xbd]E[0xef][0xbf][0xbd][0x16]-z[0x7][0xef][0xbf][0xbd][0xca][0x9f][0xef][0xbf][0xbd][0xef][0xbf][0xbd]_[0xef][0xbf][0xbd][0xef][0xbf][0xbd]3o]?~![0xef][0xbf][0xbd][0xef][0xbf][0xbd][0x1c][0xef][0xbf][0xbd][0xef][0xbf][0xbd]qJ[0xd6][0x9b][0xef][0xbf][0xbd][0xef][0xbf][0xbd]0Qn[0xef][0xbf][0xbd][0xef][0xbf][0xbd][0xef][0xbf][0xbd][0x1a]W[0xef][0xbf][0xbd][0xef][0xbf][0xbd][0xef][0xbf][0xbd][0xef][0xbf][0xbd]y[0x1e]&[0xef][0xbf][0xbd][0xef][0xbf][0xbd][0xef][0xbf][0xbd][0xef][0xbf][0xbd][0x0]N[0xef][0xbf][0xbd] [0xef][0xbf][0xbd][0xef][0xbf][0xbd][0xef][0xbf][0xbd]*AO[0xef][0xbf][0xbd][0xc9][0x91]!)a[0xef][0xbf][0xbd]J[0xef][0xbf][0xbd][0xef][0xbf][0xbd][0x13]@[0xef][0xbf][0xbd][0x6]O[0xef][0xbf][0xbd]"[0xef][0xbf][0xbd][0xef][0xbf][0xbd]H[0xef][0xbf][0xbd][0xef][0xbf][0xbd]3[0xef][0xbf][0xbd][0xef][0xbf][0xbd]DY[0x4][0xef][0xbf][0xbd][0xef][0xbf][0xbd][0xef][0xbf][0xbd][0x19][0xef][0xbf][0xbd][0xef][0xbf][0xbd][0xef][0xbf][0xbd][0xef][0xbf][0xbd]i[0xef][0xbf][0xbd]"[0xef][0xbf][0xbd][0xef][0xbf][0xbd][0x10][0xef][0xbf][0xbd]B[0x11][0xef][0xbf][0xbd][0xef][0xbf][0xbd][0xef][0xbf][0xbd]\[0x13]`X[0xef][0xbf][0xbd][0xef][0xbf][0xbd][0xef][0xbf][0xbd][0xef][0xbf][0xbd]3[0xef][0xbf][0xbd][0x18]_[0xef][0xbf][0xbd][0xef][0xbf][0xbd][0xef][0xbf][0xbd]9[0xef][0xbf][0xbd]c[0xef][0xbf][0xbd][0x16][0x17]-Z[0xef][0xbf][0xbd][0xef][0xbf][0xbd]D_[0xef][0xbf][0xbd]W[0xef][0xbf][0xbd][0xef][0xbf][0xbd][0xef][0xbf][0xbd][0xd9][0xb3]o\[0xef][0xbf][0xbd][0xef][0xbf][0xbd]W[0xef][0xbf][0xbd][0x1e][0xef][0xbf][0xbd][0xef][0xbf][0xbd][0xef][0xbf][0xbd][0xef][0xbf][0xbd][0xef][0xbf][0xbd][0xef][0xbf][0xbd][0x18][0xef][0xbf][0xbd][\n]"
07:56:28.511 [main] DEBUG org.apache.http.wire -  >> "[0xe]w[0xef][0xbf][0xbd][0x19][0x13][0xef][0xbf][0xbd][0xef][0xbf][0xbd][0xef][0xbf][0xbd]C[0xef][0xbf][0xbd][0xef][0xbf][0xbd]{[0xef][0xbf][0xbd][0x1]~[0xdb][0x96][0xf]0u[0xef][0xbf][0xbd][0xef][0xbf][0xbd][0xef][0xbf][0xbd]kU[0xef][0xbf][0xbd][0xef][0xbf][0xbd]@_[0xef][0xbf][0xbd][0xef][0xbf][0xbd][0x19][0xdc][0x80][0xe][0xef][0xbf][0xbd]0[0xeb][0x86][0x81]3-[0xef][0xbf][0xbd][0xef][0xbf][0xbd]1[0xef][0xbf][0xbd]1[0xef][0xbf][0xbd][0xef][0xbf][0xbd]|[0xef][0xbf][0xbd]1];[0xef][0xbf][0xbd][0xef][0xbf][0xbd]x[0x11][0xef][0xbf][0xbd][0xef][0xbf][0xbd][0x7][0xe]s[0xef][0xbf][0xbd][0xef][0xbf][0xbd][0xef][0xbf][0xbd][0x1c][0xef][0xbf][0xbd][0xef][0xbf][0xbd][0xef][0xbf][0xbd]:[0xdc][0x86]u[0xd9][0xb1]3[0xef][0xbf][0xbd]d[0xef][0xbf][0xbd][0xef][0xbf][0xbd]z[0xef][0xbf][0xbd]F[0xef][0xbf][0xbd]i[0x1f][0x0][0xef][0xbf][0xbd][0xef][0xbf][0xbd][0xef][0xbf][0xbd][0xef][0xbf][0xbd][0xef][0xbf][0xbd]4[0xef][0xbf][0xbd][0xef][0xbf][0xbd][0xdf][0xb6];hYd[0xef][0xbf][0xbd][0x16]-Z$[0xef][0xbf][0xbd][0xef][0xbf][0xbd]?[0xef][0xbf][0xbd][0x1f][0xef][0xbf][0xbd]z[0x5][0xef][0xbf][0xbd]:[0xef][0xbf][0xbd]2[0xef][0xbf][0xbd][0x4][0xef][0xbf][0xbd][\r][0x0]8[0xef][0xbf][0xbd]*[0xef][0xbf][0xbd][0xef][0xbf][0xbd]-[0x6][0xef][0xbf][0xbd]^[0xef][0xbf][0xbd]l[0xef][0xbf][0xbd][0xef][0xbf][0xbd]_[0xef][0xbf][0xbd]/f[0xef][0xbf][0xbd]w[0xef][0xbf][0xbd][0x12]#P[0xef][0xbf][0xbd][0xef][0xbf][0xbd][0xef][0xbf][0xbd]SI[0x19][0x12][0xef][0xbf][0xbd][0xef][0xbf][0xbd][0xef][0xbf][0xbd]T[0xef][0xbf][0xbd]K[c[0xef][0xbf][0xbd]_>w\t$]X[0xef][0xbf][0xbd][0x10][0xef][0xbf][0xbd][0xc6][0x8e][0xef][0xbf][0xbd]U(o[0xef][0xbf][0xbd][0xef][0xbf][0xbd]ld[0x1e][0xef][0xbf][0xbd];[0xef][0xbf][0xbd][0x1c][0x11],[0xef][0xbf][0xbd]X[0xef][0xbf][0xbd][0xef][0xbf][0xbd][0xef][0xbf][0xbd].}b[0xef][0xbf][0xbd]$[0xef][0xbf][0xbd][0xef][0xbf][0xbd]&[0xef][0xbf][0xbd][0x4][0xef][0xbf][0xbd][0x16][0xef][0xbf][0xbd]D[0xc2][0x9f][0xef][0xbf][0xbd]+[0x3][0xef][0xbf][0xbd]=[0xef][0xbf][0xbd]w[0xef][0xbf][0xbd]e[0xef][0xbf][0xbd]-Z[0xef][0xbf][0xbd]h[0xef][0xbf][0xbd][0xef][0xbf][0xbd][\n]"
07:56:28.512 [main] DEBUG org.apache.http.wire -  >> "{[0xee][0x8d][0xab][0xef][0xbf][0xbd][0xef][0xbf][0xbd][\r][0xef][0xbf][0xbd][0xef][0xbf][0xbd][[0xc9][0xbb][0xef][0xbf][0xbd]:[0xef][0xbf][0xbd][0x1]R}[0xef][0xbf][0xbd][0xef][0xbf][0xbd][0xef][0xbf][0xbd][0xef][0xbf][0xbd]_.eY[0xc5][0xb0]/*[0x15][0x1e][0xef][0xbf][0xbd][0xef][0xbf][0xbd][0xef][0xbf][0xbd]B[0x2][0xc4][0xa2][0x18][0x15]:Q[0xc5][0xb1][0xef][0xbf][0xbd]M[0xef][0xbf][0xbd]a[0xce][0x85][0xef][0xbf][0xbd][0xef][0xbf][0xbd][0xef][0xbf][0xbd]6[0x1f][0xef][0xbf][0xbd]p[0x14]p[0xef][0xbf][0xbd][0xef][0xbf][0xbd]z[0xef][0xbf][0xbd]XZT[0xef][0xbf][0xbd][0xef][0xbf][0xbd][0xef][0xbf][0xbd][0x0][0xc][0xc4][0xae]*;[0x10]m4[0xee][0x89][0xbb]>[0xef][0xbf][0xbd][0xef][0xbf][0xbd][0xef][0xbf][0xbd][0xef][0xbf][0xbd][0x14][0xef][0xbf][0xbd]L[0xef][0xbf][0xbd]p[0xef][0xbf][0xbd][0xef][0xbf][0xbd][m=([0xef][0xbf][0xbd][0xef][0xbf][0xbd]D-[0xef][0xbf][0xbd][0xef][0xbf][0xbd][_[0xef][0xbf][0xbd][0xef][0xbf][0xbd][0xcf][0x98][0xef][0xbf][0xbd][0xef][0xbf][0xbd][0xef][0xbf][0xbd][0xef][0xbf][0xbd][0xef][0xbf][0xbd]D[0xc]&y[0xef][0xbf][0xbd][0xef][0xbf][0xbd]{[0xef][0xbf][0xbd][0xde][0x81][0xef][0xbf][0xbd][0x16]-Z[0xef][0xbf][0xbd][0xef][0xbf][0xbd][0x13]L{F[0xef][0xbf][0xbd]g[0xef][0xbf][0xbd]{[0xef][0xbf][0xbd][0xef][0xbf][0xbd]U`[0xef][0xbf][0xbd][0xef][0xbf][0xbd][0xd8][0x98][0xef][0xbf][0xbd]][0xcb][0x94][0xef][0xbf][0xbd][0xef][0xbf][0xbd][0x9]y[0x1][0xb][0xc5][0x99]n[0xf][0xef][0xbf][0xbd]3[0x4]5[0x1]b[0xef][0xbf][0xbd][0xef][0xbf][0xbd][0xef][0xbf][0xbd]c[0xef][0xbf][0xbd]E[0xb]'[0xef][0xbf][0xbd]H[0xef][0xbf][0xbd][0xef][0xbf][0xbd][0xef][0xbf][0xbd]*<[0xef][0xbf][0xbd][0xef][0xbf][0xbd]2[0xef][0xbf][0xbd]D[0x1][0x2][0xef][0xbf][0xbd][0x2][0xcf][0xae][0xce][0xae][0xef][0xbf][0xbd]p[0xef][0xbf][0xbd][0xef][0xbf][0xbd]Vx[0x1c][0xef][0xbf][0xbd]a[0xef][0xbf][0xbd]l[0xef][0xbf][0xbd];[0xef][0xbf][0xbd][0xef][0xbf][0xbd]>Xvn[0xef][0xbf][0xbd][0xef][0xbf][0xbd]h[0x0]f[0xef][0xbf][0xbd][0xef][0xbf][0xbd][0xef][0xbf][0xbd][0xef][0xbf][0xbd][0xef][0xbf][0xbd][0xcd][0xa6][0x3][0xef][0xbf][0xbd][0xef][0xbf][0xbd][0xef][0xbf][0xbd][0xef][0xbf][0xbd][0xef][0xbf][0xbd]N[0x1c][0xef][0xbf][0xbd]~9[0xef][0xbf][0xbd][0xef][0xbf][0xbd][0xf][0xef][0xbf][0xbd][0xef][0xbf][0xbd][0xef][0xbf][0xbd][0xef][0xbf][0xbd]=[0xef][0xbf][0xbd][0xef][0xbf][0xbd][0xef][0xbf][0xbd]u\[0xef][0xbf][0xbd]r-.Z[0xef][0xbf][0xbd][0xef][0xbf][0xbd][0x13]K[0xc7][0xbe][0xef][0xbf][0xbd][0xe7][0x9e][0xbb][0xef][0xbf][0xbd][0x11][0xef][0xbf][0xbd]5y!$[0xef][0xbf][0xbd][0x16] TG[0xef][0xbf][0xbd]Ff[0xef][0xbf][0xbd]y[0xef][0xbf][0xbd]{[0xef][0xbf][0xbd][0xef][0xbf][0xbd]v[0xef][0xbf][0xbd]"[0x1]"[0x10][0xef][0xbf][0xbd]i1[0xef][0xbf][0xbd][0x1c][0xef][0xbf][0xbd]0n[0xef][0xbf][0xbd]>[0xef][0xbf][0xbd][0xef][0xbf][0xbd]{[0xef][0xbf][0xbd]v[0xef][0xbf][0xbd]~[0xd3][0x86][0xef][0xbf][0xbd][0xef][0xbf][0xbd]N[0xef][0xbf][0xbd][0x8][0x2][0xef][0xbf][0xbd][0xef][0xbf][0xbd]~[0x5][0x18][0xef][0xbf][0xbd]xV[0xef][0xbf][0xbd][0xef][0xbf][0xbd]z[0xef][0xbf][0xbd][0xef][0xbf][0xbd]6[0xef][0xbf][0xbd][0xef][0xbf][0xbd][0xef][0xbf][0xbd][0xec][0xb0][0x8b][0xef][0xbf][0xbd][0xef][0xbf][0xbd][0xef][0xbf][0xbd][0xef][0xbf][0xbd][0xef][0xbf][0xbd][0xef][0xbf][0xbd][0xf]ZM[0xef][0xbf][0xbd][0xe4][0x8c][0xb9]o,[0xef][0xbf][0xbd]\[0xef][0xbf][0xbd][0x15][0xef][0xbf][0xbd]b[0xef][0xbf][0xbd][0xef][0xbf][0xbd][0xd4][0xa2][0xef][0xbf][0xbd]B[0xef][0xbf][0xbd]r_[0x7][0x7][0xef][0xbf][0xbd][0xef][0xbf][0xbd][0x1c][0x1e][0xef][0xbf][0xbd]X[0xef][0xbf][0xbd][0xef][0xbf][0xbd][0xef][0xbf][0xbd][0xef][0xbf][0xbd][0xef][0xbf][0xbd][0xe1][0xb8][0xaa][0xef][0xbf][0xbd]Z\[0xef][0xbf][0xbd]h[0xef][0xbf][0xbd]'[0xef][0xbf][0xbd][0xef][0xbf][0xbd]}a[0xef][0xbf][0xbd]}[0xef][0xbf][0xbd][0xd5][0xab][0xef][0xbf][0xbd][0xef][0xbf][0xbd][0x13]#[0x10]o[0xef][0xbf][0xbd][0xef][0xbf][0xbd]U[0xef][0xbf][0xbd][0xef][0xbf][0xbd][0xef][0xbf][0xbd][0xef][0xbf][0xbd][0x15];d[0xef][0xbf][0xbd][0xef][0xbf][0xbd]$[0xef][0xbf][0xbd][0xef][0xbf][0xbd][0x0]S[0xef][0xbf][0xbd][0xef][0xbf][0xbd].t[0x1f][0xef][0xbf][0xbd][0xef][0xbf][0xbd][0xef][0xbf][0xbd]Df![0x1e][0xef][0xbf][0xbd][0xef][0xbf][0xbd][0x18][0xef][0xbf][0xbd]K"[0xef][0xbf][0xbd][0xef][0xbf][0xbd][0x9][0x1f][0xef][0xbf][0xbd][0xef][0xbf][0xbd]o[0xdc][0x93]f[0xef][0xbf][0xbd]d[0xef][0xbf][0xbd][0xef][0xbf][0xbd]ql[0xef][0xbf][0xbd][0xef][0xbf][0xbd][0xef][0xbf][0xbd]i[0xef][0xbf][0xbd][0xe1][0x82][0xb8]4+C[0xef][0xbf][0xbd][0xef][0xbf][0xbd],[0xef][0xbf][0xbd]5[0xef][0xbf][0xbd][0xef][0xbf][0xbd]h[0xef][0xbf][0xbd][0xef][0xbf][0xbd]@[0xef][0xbf][0xbd][0xc3][0x97][0xef][0xbf][0xbd][0xef][0xbf][0xbd],n[0xef][0xbf][0xbd][0x10][0xef][0xbf][0xbd][0xef][0xbf][0xbd]-[0xef][0xbf][0xbd][0x4][0x14][0xef][0xbf][0xbd][0xef][0xbf][0xbd]amM[0xef][0xbf][0xbd][0xef][0xbf][0xbd][0xef][0xbf][0xbd][0xef][0xbf][0xbd]V[0xef][0xbf][0xbd][0xd9][0xbd]'[0xef][0xbf][0xbd][0xef][0xbf][0xbd]L[0xef][0xbf][0xbd]X[0x16][0xd9][0xa2]E[0xef][0xbf][0xbd]>Q[0xef][0xbf][0xbd][0xef][0xbf][0xbd]_[0xef][0xbf][0xbd][0xef][0xbf][0xbd]^[0xef][0xbf][0xbd][0xcc][0xa7][0xef][0xbf][0xbd][0xef][0xbf][0xbd][0xef][0xbf][0xbd]U<>[0xef][0xbf][0xbd][0xef][0xbf][0xbd][0xef][0xbf][0xbd][0xef][0xbf][0xbd]o[0xef][0xbf][0xbd]r[0xef][0xbf][0xbd][0xef][0xbf][0xbd]K[0xef][0xbf][0xbd]7.[0xef][0xbf][0xbd][0xef][0xbf][0xbd]$oX[0xef][0xbf][0xbd]XI[0x18][0xef][0xbf][0xbd][0x0]RVQ[0x17]d.[0x7]f(M[0x10]3[0xef][0xbf][0xbd][0xef][0xbf][0xbd]x[0xef][0xbf][0xbd][0x7][0xef][0xbf][0xbd][0xef][0xbf][0xbd][[0xef][0xbf][0xbd][0xef][0xbf][0xbd][0xef][0xbf][0xbd]xOX[0xef][0xbf][0xbd]H[0x1b]yJHe[0xef][0xbf][0xbd][0x4][0xef][0xbf][0xbd] 8[\n]"
07:56:28.513 [main] DEBUG org.apache.http.wire -  >> "[0xef][0xbf][0xbd]z[0x1e][0xef][0xbf][0xbd]/[0xef][0xbf][0xbd][0xef][0xbf][0xbd]\[0xef][0xbf][0xbd]"[0xef][0xbf][0xbd][0xcb][0x8d][0xef][0xbf][0xbd]i[0xef][0xbf][0xbd][0xd2][0x92]s[0xef][0xbf][0xbd][0xe9][0x9b][0x99]dl[0xef][0xbf][0xbd][0x17][0xef][0xbf][0xbd]}[0xef][0xbf][0xbd][0xef][0xbf][0xbd][0xef][0xbf][0xbd]`_[0x3][0xef][0xbf][0xbd]w[0xef][0xbf][0xbd][0xef][0xbf][0xbd][0xef][0xbf][0xbd][0xef][0xbf][0xbd]A[0xef][0xbf][0xbd]"[[0xef][0xbf][0xbd]h[0xef][0xbf][0xbd]'[0xef][0xbf][0xbd][0xef][0xbf][0xbd]X[0xd8][0xa7][0xef][0xbf][0xbd]{[0xef][0xbf][0xbd]*[0x19]_[0xef][0xbf][0xbd][0xef][0xbf][0xbd]T[0xef][0xbf][0xbd].o7[0xef][0xbf][0xbd][0xef][0xbf][0xbd]R[0xef][0xbf][0xbd]6[0xef][0xbf][0xbd][0xc5][0xb8]S[0xef][0xbf][0xbd][0xef][0xbf][0xbd];[0x10][0x1f]kw`[0xef][0xbf][0xbd]Ww8[0xef][0xbf][0xbd]W[0xef][0xbf][0xbd] [0x1b][0xef][0xbf][0xbd]"[0xef][0xbf][0xbd][0xd5][0x96]I[\r][0xef][0xbf][0xbd]{%[0x11][0x3][0xef][0xbf][0xbd][0xef][0xbf][0xbd][0x1d][0xef][0xbf][0xbd][0xef][0xbf][0xbd][0xef][0xbf][0xbd]l,[0xb][0xef][0xbf][0xbd][0xef][0xbf][0xbd]][0xef][0xbf][0xbd]_\R[0xef][0xbf][0xbd][0xef][0xbf][0xbd][0xef][0xbf][0xbd]B[0x3]&[0xef][0xbf][0xbd][0x18][0xef][0xbf][0xbd][0xef][0xbf][0xbd]E[0xef][0xbf][0xbd][0xef][0xbf][0xbd][0xef][0xbf][0xbd][0xef][0xbf][0xbd]U[0x9]|[0xef][0xbf][0xbd]}f4Y[0xef][0xbf][0xbd]f=[0xef][0xbf][0xbd][0xef][0xbf][0xbd][0xef][0xbf][0xbd][0x2][0xef][0xbf][0xbd]+[0xef][0xbf][0xbd][0x5][0xef][0xbf][0xbd][0xef][0xbf][0xbd]`[0xd3][0xb4]I[0xef][0xbf][0xbd]~g[0xef][0xbf][0xbd][0x1c][0x1b][0xef][0xbf][0xbd]a_[0xef][0xbf][0xbd]_^[0xef][0xbf][0xbd];hYd[0xef][0xbf][0xbd][0x16]-[0xef][0xbf][0xbd][0xef][0xbf][0xbd][0xd3][0x97][0xef][0xbf][0xbd][0xef][0xbf][0xbd][0xef][0xbf][0xbd][0xef][0xbf][0xbd][0xef][0xbf][0xbd][0xef][0xbf][0xbd][0xef][0xbf][0xbd][0xef][0xbf][0xbd]s[0x15][0xef][0xbf][0xbd]/[0xef][0xbf][0xbd]%[0xef][0xbf][0xbd]/E[0xef][0xbf][0xbd][0xef][0xbf][0xbd][0xca][0xa3]V[0xef][0xbf][0xbd];-[0xef][0xbf][0xbd][0xef][0xbf][0xbd]&[0xef][0xbf][0xbd][0xd6][0xa2][0x1b][0xef][0xbf][0xbd]"[0xef][0xbf][0xbd][0xef][0xbf][0xbd]ZJ?[0xca][0xbf][0xef][0xbf][0xbd]M[0xef][0xbf][0xbd][0xef][0xbf][0xbd][0xef][0xbf][0xbd]<[\n]"
07:56:28.514 [main] DEBUG org.apache.http.wire -  >> "[0xef][0xbf][0xbd][0x3][0x7]U[0xef][0xbf][0xbd][0xef][0xbf][0xbd][0xef][0xbf][0xbd]V[0xef][0xbf][0xbd][0xef][0xbf][0xbd][0xef][0xbf][0xbd][0xef][0xbf][0xbd][0xc]3[0xef][0xbf][0xbd][0xef][0xbf][0xbd][0xef][0xbf][0xbd][0xef][0xbf][0xbd]+[0xef][0xbf][0xbd][0xef][0xbf][0xbd][0xef][0xbf][0xbd]\[0xef][0xbf][0xbd]K[0xef][0xad][0x98][0x16][0x1]*[0xef][0xbf][0xbd]/[0xef][0xbf][0xbd],;&[0xd8][0xa8][0xef][0xbf][0xbd][0xef][0xbf][0xbd][0xef][0xbf][0xbd][0xef][0xbf][0xbd][0xef][0xbf][0xbd][0xef][0xbf][0xbd][0xef][0xbf][0xbd]C[0x18][0xef][0xbf][0xbd]I[0x1c]j][0xef][0xbf][0xbd][0xef][0xbf][0xbd]Z/[0xd6][0x8c][0xef][0xbf][0xbd]3L[0xef][0xbf][0xbd]x/[0x1b][0xef][0xbf][0xbd]a[0xef][0xbf][0xbd][0xc7][0xac][\r]8[0xef][0xbf][0xbd]_[0xef][0xbf][0xbd][0xef][0xbf][0xbd][0xef][0xbf][0xbd][0xd7][0xb9][0xef][0xbf][0xbd][0xef][0xbf][0xbd]"[[0xef][0xbf][0xbd]h[0xef][0xbf][0xbd][0xc7][0x96][0x1e][0xef][0xbf][0xbd][0xef][0xbf][0xbd]o<p[0xef][0xbf][0xbd][0xef][0xbf][0xbd][0x1b][0xef][0xbf][0xbd][0xef][0xbf][0xbd]I[0xef][0xbf][0xbd][0xef][0xbf][0xbd]c[0xef][0xbf][0xbd][0xc2][0x98][0xef][0xbf][0xbd][0x7]{[0x5]Yu[0x1a][0xef][0xbf][0xbd]1[0xef][0xbf][0xbd][0x3]|np[0xef][0xbf][0xbd][0xe5][0xaf][0x8e][0xef][0xbf][0xbd][0x6][0xc5][0xaf][0xef][0xbf][0xbd][0xef][0xbf][0xbd]K[0xef][0xbf][0xbd][0xef][0xbf][0xbd]$[0xc9][0x80]L[0xef][0xbf][0xbd][0xef][0xbf][0xbd]q[0x1d][0xef][0xbf][0xbd]}[0xef][0xbf][0xbd][0xef][0xbf][0xbd][0xef][0xbf][0xbd][0xef][0xbf][0xbd]y[0x10][0xef][0xbf][0xbd][0xef][0xbf][0xbd][0xef][0xbf][0xbd][0xef][0xbf][0xbd]M[0x1c]#[0xef][0xbf][0xbd][0xef][0xbf][0xbd][0xe4][0xa7][0x8d][0xd7][0xa1][0xe][0xd2][0x80]a[0x6]O)[0xef][0xbf][0xbd]J[0xef][0xbf][0xbd]I[0xef][0xbf][0xbd][0xef][0xbf][0xbd])#[0xef][0xbf][0xbd]G[0xef][0xbf][0xbd]4[0xef][0xbf][0xbd][0xef][0xbf][0xbd]Z+[0xef][0xbf][0xbd][0xef][0xbf][0xbd][0xef][0xbf][0xbd]r[0xef][0xbf][0xbd]b[0xef][0xbf][0xbd][0xef][0xbf][0xbd][0xef][0xbf][0xbd][0xef][0xbf][0xbd][0xef][0xbf][0xbd]k[0xef][0xbf][0xbd][0xef][0xbf][0xbd][0xef][0xbf][0xbd]qz[0xef][0xbf][0xbd]g1[0xef][0xbf][0xbd][0xef][0xbf][0xbd][0xef][0xbf][0xbd][0xef][0xbf][0xbd][0xef][0xbf][0xbd]l[0xef][0xbf][0xbd][0xef][0xbf][0xbd][0xef][0xbf][0xbd]7[0xef][0xbf][0xbd][\r][0xb][0xef][0xbf][0xbd][0x16]-Z[0xef][0xbf][0xbd][0xef][0xbf][0xbd][0xef][0xbf][0xbd]t#~[0xef][0xbf][0xbd][0xef][0xbf][0xbd]_[0xef][0xbf][0xbd]m[0xef][0xbf][0xbd][0xcf][0xa7]+[0xef][0xbf][0xbd][0x1c][0xef][0xbf][0xbd]2Y[0xef][0xbf][0xbd]}[0xef][0xbf][0xbd][0x12]KI~[0xd7][0xb3]E[0x14][0xef][0xbf][0xbd][0x15]8[0xef][0xbf][0xbd][0xef][0xbf][0xbd]Sdg[0xef][0xbf]"
07:56:28.515 [main] DEBUG org.apache.http.wire -  >> "[0xbd]^[0x1f][0xef][0xbf][0xbd][0xef][0xbf][0xbd]Gj[0xef][0xbf][0xbd]W[0xef][0xbf][0xbd][0xef][0xbf][0xbd][0xef][0xbf][0xbd][0x1][0xef][0xbf][0xbd][\n]"
07:56:28.515 [main] DEBUG org.apache.http.wire -  >> "Z*K[0xef][0xbf][0xbd]y[0xef][0xbf][0xbd][0xef][0xbf][0xbd]FP[0xef][0xbf][0xbd]v6[0xef][0xbf][0xbd]Xe!Z[0x1f][0xef][0xbf][0xbd][0xb][0xef][0xbf][0xbd][0xef][0xbf][0xbd]v5[0x1e]v[0xef][0xbf][0xbd][0xef][0xbf][0xbd]([0xc][0xf][0xef][0xbf][0xbd][0xef][0xbf][0xbd][0xef][0xbf][0xbd]}h[0xc7][0x8f]][0x3][0xef][0xbf][0xbd]#4~Z[0xef][0xbf][0xbd][0xef][0xbf][0xbd][0xef][0xbf][0xbd][0xef][0xbf][0xbd][0xef][0x97][0x8b][0xef][0xbf][0xbd][0x4]+P2[0xef][0xbf][0xbd]"i]!s?[0xef][0xbf][0xbd][0xef][0xbf][0xbd]J[0xef][0xbf][0xbd][0xef][0xbf][0xbd]&[0xef][0xbf][0xbd][0xca][0x8b][0xf][0xef][0xbf][0xbd]ys-x[0xef][0xbf][0xbd]I;[0xef][0xbf][0xbd][0x2][0xef][0xbf][0xbd]E[0xef][0xbf][0xbd][0x16]}[0xef][0xbf][0xbd][0xef][0xbf][0xbd][0xef][0xbf][0xbd][0xef][0xbf][0xbd][0x1f][0xef][0xbf][0xbd]p[0x15][0xef][0xbf][0xbd]o^E[0xef][0xbf][0xbd][0x17][0xef][0xbf][0xbd]=[0xef][0xbf][0xbd]^[0xef][0xbf][0xbd][0xef][0xbf][0xbd]y[0xef][0xbf][0xbd]-S[0xdf][0xbd][0xef][0xbf][0xbd][0xef][0xbf][0xbd]t[0xef][0xbf][0xbd]u[0xef][0xbf][0xbd]y[0xef][0xbf][0xbd][0xef][0xbf][0xbd][0x10][0xef][0xbf][0xbd]1[0xef][0xbf][0xbd][0x6]G[0xef][0xbf][0xbd]&[0xef][0xbf][0xbd][0xef][0xbf][0xbd][0xef][0xbf][0xbd]U[0x6][0x13][0xef][0xbf][0xbd][0xef][0xbf][0xbd]![0xef][0xbf][0xbd]M[0xef][0xbf][0xbd]y[0xef][0xbf][0xbd][0xef][0xbf][0xbd][0xef][0xbf][0xbd][0xef][0xbf][0xbd]U tU[0xef][0xbf][0xbd][0xef][0xbf][0xbd][0x3]9K[0xef][0xbf][0xbd][0xef][0xbf][0xbd][\n]"
07:56:28.516 [main] DEBUG org.apache.http.wire -  >> "v[0xef][0xbf][0xbd][0x1d][0xdb][0x9a][0x1d][[0xef][0xbf][0xbd][0xef][0xbf][0xbd][0xef][0xbf][0xbd]}[0xef][0xbf][0xbd]I[0x18][0xef][0xbf][0xbd][0xef][0xbf][0xbd]M[0xef][0xbf][0xbd][0xef][0xbf][0xbd][0xef][0xbf][0xbd][0xef][0xbf][0xbd]1[0xef][0xbf][0xbd]&8bc_[0x19][0xef][0xbf][0xbd][0xef][0xbf][0xbd]2[0xd0][0xb8][0x11][0x1a][0xef][0xbf][0xbd]g[0xef][0xbf][0xbd][0xef][0xbf][0xbd][0x19]<[0xd5][0x9e][0xef][0xbf][0xbd]1[0xef][0xbf][0xbd]U[0xef][0xbf][0xbd][0x17][0xef][0xbf][0xbd][\r][0xef][0xbf][0xbd][0xef][0xbf][0xbd][0xef][0xbf][0xbd].[0xef][0xbf][0xbd]`[0xef][0xbf][0xbd][0xef][0xbf][0xbd][0xef][0xbf][0xbd]q[0xef][0xbf][0xbd]&[0x5][0x1][0xd9][0xa2]E[0xef][0xbf][0xbd]>[0x16][0xef][0xbf][0xbd][0xef][0xbf][0xbd]_[0xef][0xbf][0xbd];[0xf][0xef][0xbf][0xbd][0xef][0xbf][0xbd][0xef][0xbf][0xbd][0xef][0xbf][0xbd][0xef][0xbf][0xbd][0xef][0xbf][0xbd]b"[0xef][0xbf][0xbd]FA[0xef][0xbf][0xbd][0xef][0xbf][0xbd][0x1a]`[0xef][0xbf][0xbd]+[0xef][0xbf][0xbd][0xef][0xbf][0xbd]*[0x8][0xef][0xbf][0xbd]"[0xef][0xbf][0xbd]#[0xef][0xbf][0xbd]~?[0x17]#[0xef][0xbf][0xbd]B[0xd7][0xac]M[0xef][0xbf][0xbd][0xef][0xbf][0xbd]&[0x0][0xef][0xbf][0xbd]0[0xef][0xbf][0xbd][0xef][0xbf][0xbd]7[0xef][0xbf][0xbd][0xef][0xbf][0xbd][0x13][0xef][0xbf][0xbd]OY[0x1f]u[0xef][0xbf][0xbd]ceQ[0x4][0xef][0xbf][0xbd]=[0xef][0xbf][0xbd]f[0x15][0xef][0xbf][0xbd]d[0x8][0xef][0xbf][0xbd][0x3]l57V[0xef][0xbf][0xbd]d[0xef][0xbf][0xbd][0xef][0xbf][0xbd][0xef][0xbf][0xbd]~[0xef][0xbf][0xbd][0xc][0xef][0xbf][0xbd]1[0x2];[0xf][0xef][0xbf][0xbd]z[0xef][0xbf][0xbd]o[0xef][0xbf][0xbd]h[0xef][0xbf][0xbd][0xb]M[0xef][0xbf][0xbd][0x19][0xef][0xbf][0xbd][0xc]9[0xef][0xbf][0xbd]J[0xef][0xbf][0xbd][[0xef][0xbf][0xbd]q[0xef][0xbf][0xbd]-[0xef][0xbf][0xbd][0x19]'[0xef][0xbf][0xbd]8[0x1b][0xdd][0x98]x[0xef][0xbf][0xbd][0xef][0xbf][0xbd][0xef][0xbf][0xbd]=[0x1e]G[0xef][0xbf][0xbd]7@[0xef][0xbf][0xbd][0xef][0xbf][0xbd]=[0x16]-Z[0xef][0xbf][0xbd][0xef][0xbf][0xbd][0xef][0xbf][0xbd]/[0xef][0xbf][0xbd][0xef][0xbf][0xbd][0xef][0xbf][0xbd][0xef][0xbf][0xbd]{[0xef][0xbf][0xbd][0xef][0xbf][0xbd][0xef][0xbf][0xbd][0x2][0xef][0xbf][0xbd]ki [0xef][0xbf][0xbd]r[0xef][0xbf][0xbd][0x12][0x1d]g[0xef][0xbf][0xbd]c[0xef][0xbf][0xbd][0xef][0xbf][0xbd]8q[0xdd][0xac][0x12]<[0xda][0x9d][0xef][0xbf][0xbd][0xef][0xbf][0xbd]3][0xef][0xbf][0xbd]xd[0xef][0xbf][0xbd][0xef][0xbf][0xbd]OA[0xc][0xef][0xbf][0xbd]mu[0xef][0xbf][0xbd][0xef][0xbf][0xbd]d[0xef][0xbf][0xbd]W[0xef][0xbf][0xbd][0xef][0xbf][0xbd]^[0x1c][0xef][0xbf][0xbd][0xef][0xbf][0xbd][0xef][0xbf][0xbd][0xef][0xbf][0xbd].[0xef][0xbf][0xbd]|[0xef][0xbf][0xbd][0xef][0xbf][0xbd][0x17][0x1a][0x1b]6N[0x14])[0xef][0xbf][0xbd]Q[0xef][0xbf][0xbd][0xef][0xbf][0xbd][0xef][0xbf][0xbd][0xef][0xbf][0xbd][0xef][0xbf][0xbd]C[0xef][0xbf][0xbd]g[0xef][0xbf][0xbd]1e[0xef][0xbf][0xbd][0xef][0xbf][0xbd][0x9]Y[0xef][0xbf][0xbd][0xef][0xbf][0xbd][0xef][0xbf][0xbd]b[0xef][0xbf][0xbd][0xef][0xbf][0xbd]v[0xef][0xbf][0xbd]o[0xef][0xbf][0xbd]<Jf[0x1b]Q[0xef][0xbf][0xbd][0xef][0xbf][0xbd][0xef][0xbf][0xbd]]qj[0xe]\[0xef][0xbf][0xbd][0x11][0xef][0xbf][0xbd]#[0x1f][0xef][0xbf][0xbd][0xef][0xbf][0xbd][0x9]t[0xef][0xbf][0xbd][0xef][0xbf][0xbd][0xef][0xbf][0xbd][0x1a][0xef][0xbf][0xbd][0xef][0xbf][0xbd][0xef][0xbf][0xbd][0xef][0xbf][0xbd]e[0xef][0xbf][0xbd]-Z[0xef][0xbf][0xbd][0xef][0xbf][0xbd]#K[0xf][0xef][0xbf][0xbd][0xef][0xbf][0xbd][0xef][0xbf][0xbd][0xef][0xbf][0xbd][0xef][0xbf][0xbd][0xc5][0xb7]7[0xef][0xbf][0xbd][0x1f][0x1f][0xef][0xbf][0xbd]~#[0x15][0xef][0xbf][0xbd]%Wcf$[0xc2][0xb8][0x19]q/[0xd9][0x84]k[0xef][0xbf][0xbd]M[0xef][0xbf][0xbd][0x18][0xef][0xbf][0xbd]Ul[0x7][0xef][0xbf][0xbd]>[0xef][0xbf][0xbd]v[0xef][0xbf][0xbd]bQ[0xef][0xbf][0xbd]b3[0xef][0xbf][0xbd]E[0xef][0xbf][0xbd]I[0x18]][0xef][0xbf][0xbd][0x0]!@[0xef][0xbf][0xbd][0xef][0xbf][0xbd][0xef][0xbf][0xbd][\r][0xef][0xbf][0xbd][0xef][0xbf][0xbd][0xef][0xbf][0xbd][0xe][0xef][0xbf][0xbd][0xef][0xbf][0xbd][0xd5][0x8e][0xef][0xbf][0xbd][0x1b][0xef][0xbf][0xbd][0xef][0xbf][0xbd][0xef][0xbf][0xbd][0xef][0xbf][0xbd]X[0xef][0xbf][0xbd][0xef][0xbf][0xbd]p[0xef][0xbf][0xbd][0xef][0xbf][0xbd][0xef][0xbf][0xbd]#16[0xef][0xbf][0xbd]8[0xef][0xbf][0xbd][0xef][0xbf][0xbd][0xef][0xbf][0xbd][0xef][0xbf][0xbd]I[0xef][0xbf][0xbd]Rl[0x5][0xef][0xbf][0xbd]2[0xef][0xbf][0xbd][0xef][0xbf][0xbd][0xef][0xbf][0xbd]([0xef][0xbf][0xbd]F[0xef][0xbf][0xbd]w[0xef][0xbf][0xbd][0x19];u[0xef][0xbf][0xbd][0xef][0xbf][0xbd][0xef][0xbf][0xbd][0xef][0xbf][0xbd][0xef][0xbf][0xbd]&'[0x13]sL.[0xef][0xbf][0xbd]6q[0xef][0xbf][0xbd][0xef][0xbf][0xbd]=yt[0xef][0xbf][0xbd][0xef][0xbf][0xbd]K[0xef][0xbf][0xbd]k[0x1][0xd9][0xa2]E[0xef][0xbf][0xbd]>rt[0xef][0xbf][0xbd][0x11][0xef][0xbf][0xbd][0xef][0xbf][0xbd][0xd7][0xaf]q[0xef][0xbf][0xbd][0xef][0xbf][0xbd]Y[0xef][0xbf][0xbd]t[0xef][0xbf][0xbd]a[0xef][0xbf][0xbd]J$p[0xef][0xbf][0xbd]`[0xef][0xbf][0xbd][0x8]P[0xef][0xbf][0xbd][0xef][0xbf][0xbd][0xb]q[0xef][0xbf][0xbd][0xef][0xbf][0xbd][0x17]DZ[\n]"
07:56:28.517 [main] DEBUG org.apache.http.wire -  >> "[0xd5][0x8b]#[0xef][0xbf][0xbd]<[0xef][0xbf][0xbd][0xdc][0x80][0xef][0xbf][0xbd]K[0x1]'[0xef][0xbf][0xbd])Pa[0x2]#[0xef][0xbf][0xbd]~^[0xef][0xbf][0xbd][0xef][0xbf][0xbd]|[0x4][0xef][0xbf][0xbd][0xef][0xbf][0xbd][0xef][0xbf][0xbd][0xef][0xbf][0xbd][0xef][0xbf][0xbd]aLT[0xef][0xbf][0xbd]=oU.6d[0xef][0xbf][0xbd][0xef][0xbf][0xbd][0xef][0xbf][0xbd]K[0xef][0xbf][0xbd]>[0x11][0xef][0xbf][0xbd]&'}[0xef][0xbf][0xbd]U[0xef][0xbf][0xbd][0x4][0xef][0xbf][0xbd][0xef][0xbf][0xbd][0xef][0xbf][0xbd]<[0x11][0xef][0xbf][0xbd][0xef][0xbf][0xbd][0xef][0xbf][0xbd]O[0xef][0xbf][0xbd][0xef][0xbf][0xbd]m` [0xef][0xbf][0xbd][0xef][0xbf][0xbd]|[0xef][0xbf][0xbd][0xef][0xbf][0xbd]c[0xef][0xbf][0xbd]/2([0x16][0xef][0xbf][0xbd]|u[0xef][0xbf][0xbd]]G[0xc][0xef][0xbf][0xbd][0x1a][0xef][0xbf][0xbd][0xef][0xbf][0xbd][0xef][0xbf][0xbd]y[0xef][0xbf][0xbd][0xef][0xbf][0xbd][0x1]_mn[0xef][0xbf][0xbd][0xef][0xbf][0xbd][0xef][0xbf][0xbd][0xef][0xbf][0xbd][0xef][0xbf][0xbd]- [[0xef][0xbf][0xbd]h[0xef][0xbf][0xbd]G[0xef][0xbf][0xbd][0xef][0xbf][0xbd]l[0xef][0xbf][0xbd][0xef][0xbf][0xbd]~[0xef][0xbf][0xbd][0xef][0xbf][0xbd]_[0xef][0xbf][0xbd][0xef][0xbf][0xbd][0xef][0xbf][0xbd]f[0xef][0xbf][0xbd]9[0xef][0xbf][0xbd]K[0xc4][0x95][0x6][0xef][0xbf][0xbd][0xef][0xbf][0xbd]v~[0xef][0xbf][0xbd]uW[0x6]U[0xef][0xbf][0xbd]e*[0xef][0xbf][0xbd]t[0x14][0xef][0xbf][0xbd]y[0xef][0xbf][0xbd][0xef][0xbf][0xbd][\r][0xd4][0xbd]+[0xef][0xbf][0xbd][0xef][0xbf][0xbd]D[0x9]F[0xef][0xbf][0xbd] o[0xef][0xbf][0xbd]r[0xef][0xbf][0xbd]:3Ne]f[|[0xef][0xbf][0xbd][0xef][0xbf][0xbd][0x1a][0xef][0xbf][0xbd][0xef][0xbf][0xbd]+nl[0xef][0xbf][0xbd][0xef][0xbf][0xbd][[0xef][0xbf][0xbd][0xdd][0xa3]![0xef][0xbf][0xbd][0xef][0xbf][0xbd]%@[0xef][0xbf][0xbd]-[0xef][0xbf][0xbd][0xef][0xbf][0xbd][0xef][0xbf][0xbd][0xef][0xbf][0xbd][0xef][0xbf][0xbd]#[0xef][0xbf][0xbd]@[0xef][0xbf][0xbd][0x18][0xef][0xbf][0xbd][0xef][0xbf][0xbd]g[0xef][0xbf][0xbd][0xef][0xbf][0xbd][0x1][0xef][0xbf][0xbd]!r[0xef][0xbf][0xbd]6[0xef][0xbf][0xbd][0x0]l[0xef][0xbf][0xbd][0xef][0xbf][0xbd][0x17][0xef][0xbf][0xbd][0xef][0xbf][0xbd][0xef][0xbf][0xbd][0xef][0xbf][0xbd]>2[0xef][0xbf][0xbd]>[0x1f][0xef][0xbf][0xbd][\n]"
07:56:28.518 [main] DEBUG org.apache.http.wire -  >> "[0xef][0xbf][0xbd][0xef][0xbf][0xbd][0xef][0xbf][0xbd]s[0xef][0xbf][0xbd][0xef][0xbf][0xbd],a[0xef][0xbf][0xbd][0xef][0xbf][0xbd][0x17][0xef][0xbf][0xbd][0xef][0xbf][0xbd][0xb][0xef][0xbf][0xbd][0x16]-Z[0xef][0xbf][0xbd][0xef][0xbf][0xbd][0xef][0xbf][0xbd][0xef][0xbf][0xbd][0xef][0xbf][0xbd][0xcb][0xbf][0xef][0xbf][0xbd][0xef][0xbf][0xbd][0x12][0xef][0xbf][0xbd]7[0xef][0xbf][0xbd]R[0xef][0xbf][0xbd][0xef][0xbf][0xbd][0xef][0xbf][0xbd][0xef][0xbf][0xbd][0x8])O[0xef][0xbf][0xbd]:[0xef][0xbf][0xbd][0xd4][0xbc][0xef][0xbf][0xbd][0xef][0xbf][0xbd][0xef][0xbf][0xbd]"[0x3][0xef][0xbf][0xbd]~[0xef][0xbf][0xbd][0xef][0xbf][0xbd]2`[0xef][0xbf][0xbd]L[0x8][0xef][0xbf][0xbd]Y+d[0xef][0xbf][0xbd]u&[0xef][0xbf][0xbd][0x9][0xef][0xbf][0xbd][0xef][0xbf][0xbd])[0xef][0xbf][0xbd]#[0xef][0xbf][0xbd][0x19][0x13]Za[0xef][0xbf][0xbd](GZ[0xef][0xbf][0xbd][0x6]d[0xef][0xbf][0xbd]I[0x11][0xef][0xbf][0xbd][0xef][0xbf][0xbd][0x7][0xef][0xbf][0xbd][0xef][0xbf][0xbd]7[0xef][0xbf][0xbd]'[0xef][0xbf][0xbd][0xb][0x12][0xef][0xbf][0xbd][0xef][0xbf][0xbd][0xef][0xbf][0xbd]\[0x1d]q[0x1][0xef][0xbf][0xbd],[0xc])[0xef][0xbf][0xbd]5[0xef][0xbf][0xbd][0x1][0xef][0xbf][0xbd]$[0xef][0xbf][0xbd][0xef][0xbf][0xbd],[0xef][0xbf][0xbd][0xc4][0x93]r[0x15]2c[0x11][0x16] [0xef][0xbf][0xbd][0xef][0xbf][0xbd][0xe2][0xa5][0xa3][0xd3][0x83][0xef][0xbf][0xbd][0xc7][0xb3][0x6][0x7][0xef][0xbf][0xbd][0xcd][0xa8][0xef][0xbf][0xbd]p7[0xc2][0xb0]l[0x1e]B[0xef][0xbf][0xbd][0x18])[0xef][0xbf][0xbd]w[0xef][0xbf][0xbd][0xef][0xbf][0xbd][0xef][0xbf][0xbd]E[0xef][0xbf][0xbd][0x16]=%[0xef][0xbf][0xbd][0xef][0xbf][0xbd]?[0xef][0xbf][0xbd]w[0xef][0xbf][0xbd][0x1a][0x17][0xdb][0xb3][0x11][0x1f]9[0xef][0xbf][0xbd]RHl[0x13][0xef][0xbf][0xbd]Bb\[0xef][0xbf][0xbd]H![0xef][0xbf][0xbd][0xef][0xbf][0xbd][0xb][0xef][0xbf][0xbd]M[0xef][0xbf][0xbd]- C[0xef][0xbf][0xbd]g#;1[0xef][0xbf][0xbd][0xef][0xbf][0xbd][0x1a]kTi![0xef][0xbf][0xbd]vr3Rp[0xef][0xbf][0xbd][0xb]+[0xef][0xbf][0xbd][0xef][0xbf][0xbd]v9e[0x4]v[0xef][0xbf][0xbd]1[0xd0][0x8b][0xef][0xbf][0xbd]9;%q[0xef][0xbf][0xbd]R[0xef][0xbf][0xbd][0xef][0xbf][0xbd][0xef][0xbf][0xbd]J[0xef][0xbf][0xbd][0xf][0xef][0xbf][0xbd]H[0xef][0xbf][0xbd][0xef][0xbf][0xbd];[0xce][0x80][0xef][0xbf][0xbd][0xef][0xbf][0xbd]N[0x3][0xef][0xbf][0xbd][0xef][0xbf][0xbd]x<[\r].[0xef][0xbf][0xbd][0x1b][0xef][0xbf][0xbd][0x1a][0xef][0xbf][0xbd][0xef][0xbf][0xbd]}a[0xef][0xbf][0xbd]3f[0xef][0xbf][0xbd]eP[0xef][0xbf][0xbd][0xef][0xbf][0xbd][0xef][0xbf][0xbd][0xef][0xbf][0xbd][0xef][0xbf][0xbd][0x10][0x17][0xef][0xbf][0xbd][0x1c][0xef][0xbf][0xbd]u[0xce][0x92][0xef][0xbf][0xbd][0xef][0xbf][0xbd][0x9][0xef][0xbf][0xbd][0xef][0xbf][0xbd][0xef][0xbf][0xbd][0xef][0xbf][0xbd][0xef][0xbf][0xbd]T<[0xef][0xbf][0xbd]W[0xef][0xbf][0xbd],[0xef][0xbf][0xbd]l[0xd1][0xa2]EO%[0x1d]'[0xef][0xbf][0xbd][0xef][0xbf][0xbd][0xef][0xbf][0xbd]^[0xef][0xbf][0xbd]'[0xef][0xbf][0xbd]+[0xef][0xbf][0xbd][0xef][0xbf][0xbd]ti]\[0xef][0xbf][0xbd][0xef][0xbf][0xbd][0xef][0xbf][0xbd]+[0xef][0xbf][0xbd][0x14][0xef][0xbf][0xbd]r5[0xef][0xbf][0xbd][0xef][0xbf][0xbd][0xef][0xbf][0xbd]@2[0xef][0xbf][0xbd]c[0xef][0xbf][0xbd]w[0xef][0xbf][0xbd]'/[0xef][0xbf][0xbd]Z[0xef][0xbf][0xbd][0x10]C[0xef][0xbf][0xbd][0xef][0xbf][0xbd][0xef][0xbf][0xbd][0xef][0xbf][0xbd][0xef][0xbf][0xbd][A[0xef][0xbf][0xbd][0x1]b&[0x0][0xef][0xbf][0xbd]_[0xef][0xbf][0xbd]{[0xef][0xbf][0xbd][0xe8][0xbb][0x8b][0xef][0xbf][0xbd][0xef][0xbf][0xbd]5[0x10]4[0x1][0xef][0xbf][0xbd][0xdb][0xb8][0xef][0xbf][0xbd][0xef][0xbf][0xbd][0xef][0xbf][0xbd][0xef][0xbf][0xbd]=[0xef][0xbf][0xbd][0xef][0xbf][0xbd][0xca][0xb0][0xd1][0xb2]'[0xef][0xbf][0xbd]LN[0xef][0xbf][0xbd]@f[0xef][0xbf][0xbd]Y'[0xef][0xbf][0xbd][0xef][0xbf][0xbd][0x1b][0x0]*$[0x17][0xef][0xbf][0xbd][0xef][0xbf][0xbd],hX[0x19][0xef][0xbf][0xbd]}[0xef][0xbf][0xbd][0xef][0xbf][0xbd][0xef][0xbf][0xbd][\r][0xef][0xbf][0xbd][0xe5][0xbb][0xb6][0xef][0xbf][0xbd]8[0x1e][0xef][0xbf][0xbd]4[0xef][0xbf][0xbd];[0xef][0xbf][0xbd]~[0xef][0xbf][0xbd]ez[0x1e]'4[0xef][0xbf][0xbd]X[0xef][0xbf][0xbd][0xef][0xbf][0xbd]\[0xef][0xbf][0xbd][0xef][0xbf][0xbd][0xef][0xbf][0xbd]3[0xef][0xbf][0xbd]y[0xef][0xbf][0xbd][0xef][0xbf][0xbd][0xef][0xbf][0xbd]?[0x7][0xef][0xbf][0xbd][0xef][0xbf][0xbd][0xef][0xbf][0xbd][0xef][0xbf][0xbd]E[0xef][0xbf][0xbd][0x16]=u[0xef][0xbf][0xbd][0xef][0xbf][0xbd][0xef][0xbf][0xbd][0xef][0xbf][0xbd][0xef][0xbf][0xbd][0xef][0xbf][0xbd][0xef][0xbf][0xbd][0xef][0xbf][0xbd][0xc8][0x8f][0xef][0xbf][0xbd][0xef][0xbf][0xbd][0xef][0xbf][0xbd][0xef][0xbf][0xbd]x%[0x4]s[0x1c][0xef][0xbf][0xbd][0xe][0x1b]R[0xef][0xbf][0xbd];};cd[0x13]x*][0xef][0xbf][0xbd][0xef][0xbf][0xbd]{[0xef][0xbf][0xbd]u[0xef][0xbf][0xbd][0xef][0xbf][0xbd][0xef][0xbf][0xbd][0xc]f[0xef][0xbf][0xbd]K[0xb][0xef][0xbf][0xbd][0xef][0xbf][0xbd][0xef][0xbf][0xbd]~-b[0xef][0xbf][0xbd]wL-[0x1a]<\[0xef][0xbf][0xbd][0xef][0xbf][0xbd]xS[0xef][0xbf][0xbd][0xef][0xbf][0xbd][0xef][0xbf][0xbd]\lA#`[0xef][0xbf][0xbd][0xef][0xbf][0xbd]B[0xef][0xbf][0xbd]#6[0xef][0xbf][0xbd][0xef][0xbf][0xbd]([0xef][0xbf][0xbd]$7[0xef][0xbf][0xbd]?[0xef][0xbf][0xbd][0xef][0xbf][0xbd][0xef][0xbf][0xbd][0xef][0xbf][0xbd][0x1c][0xef][0xbf][0xbd][0xef][0xbf][0xbd][0x18][0xef][0xbf][0xbd]v[0x13][0x1e][0xde][0xbf]K[0x19]y[0xef][0xbf][0xbd][0xef][0xbf][0xbd][0xdf][0xad]/[0xb][0xef][0xbf][0xbd]%a[0xef][0xbf][0xbd]*[0xef][0xbf][0xbd][0x3][0xef][0xbf][0xbd][0x1c][0xef][0xbf][0xbd]W[0xef][0xbf][0xbd][0xef][0xbf][0xbd]W[0xef][0xbf][0xbd][0xef][0xbf][0xbd][0xef][0xbf][0xbd],[0xef][0xbf][0xbd][0xef][0xbf][0xbd]kW[0xef][0xbf][0xbd][0xef][0xbf][0xbd][0xef][0xbf][0xbd][0xef][0xbf][0xbd][0x5][0xef][0xbf][0xbd]/[0xef][0xbf][0xbd][0x17][0x11][0xef][0xbf][0xbd][0x16]a[0xef][0xbf][0xbd][0xc][0xef][0xbf][0xbd]q[0xef][0xbf][0xbd]C[0xcf][0x84][0xef][0xbf][0xbd][0xef][0xbf][0xbd]}[0xef][0xbf][0xbd]O[0xef][0xbf][0xbd][0xef][0xbf][0xbd]e[0xef][0xbf][0xbd]-Z[0xef][0xbf][0xbd][0xe8][0xa9][0xa1]=[0xe][0xef][0xbf][0xbd]{o\%[0xef][0xbf][0xbd][0x3][0xef][0xbf][0xbd][0xef][0xbf][0xbd]W:A[0x4][0xef][0xbf][0xbd]es[0xef][0xbf][0xbd][0xef][0xbf][0xbd][0x10]"[0x4][0xef][0xbf][0xbd][0x1a][0xef][0xbf][0xbd][0xef][0xbf][0xbd]d@[0xd2][0x9f][0xef][0xbf][0xbd]=e[0xef][0xbf][0xbd][0xef][0xbf][0xbd][0xef][0xbf][0xbd]a[0xef][0xbf][0xbd][0xef][0xbf][0xbd][0xef][0xbf][0xbd]y[0xef][0xbf][0xbd][0xd6][0xa5]s9`N[0x10][0xef][0xbf][0xbd]X[0x0]c[[0xef][0xbf][0xbd][0xef][0xbf][0xbd][0x3][0xef][0xbf][0xbd][0xef][0xbf][0xbd][0xef][0xbf][0xbd][0xef][0xbf][0xbd][0xef][0xbf][0xbd][0xef][0xbf][0xbd][0xef][0xbf][0xbd][0xef][0xbf][0xbd][0xef][0xbf][0xbd]TY4Q[0x11][0xef][0xbf][0xbd][0xce][0x89][0xef][0xbf][0xbd][0xef][0xbf][0xbd];I[0xef][0xbf][0xbd]\[0xef][0xbf][0xbd][0xf][0xef][0xbf][0xbd][0x13][0xef][0xbf][0xbd][0x16][0xef][0xbf][0xbd]1[0x1c]'[0xef][0xbf][0xbd]OpM^[0xef][0xbf][0xbd][0xcd][0x97][0x10]X1[0xef][0xbf][0xbd][0xef][0xbf][0xbd][0x14][0xef][0xbf][0xbd]f[0xef][0xbf][0xbd][0xef][0xbf][0xbd]nc[0xef][0xbf][0xbd][0xef][0xbf][0xbd]b[0xef][0xbf][0xbd]v_V[0xef][0xbf][0xbd][0xef][0xbf][0xbd].Ixg[0xef][0xbf][0xbd]f[0xef][0xbf][0xbd][0xef][0xbf][0xbd]0[0xef][0xbf][0xbd][0x1][0xda][0xbd][0xef][0xbf][0xbd][0x1c][0xef][0xbf][0xbd][0xef][0xbf][0xbd][0x1][0xef][0xbf][0xbd][0xef][0xbf][0xbd]u[0x1b][0x12]8[0xef][0xbf][0xbd][0xef][0xbf][0xbd]][0xef][0xbf][0xbd][0xef][0xbf][0xbd][0x12][0x17][0xef][0xbf][0xbd]-Z[0xef][0xbf][0xbd][0xef][0xbf][0xbd]C[0xef][0xbf][0xbd][0x3][0xef][0xbf][0xbd][0xef][0xbf][0xbd]=[0xef][0xbf][0xbd][0xef][0xbf][0xbd]U[0xef][0xbf][0xbd]>[0xef][0xbf][0xbd][0x18][0x11][0xef][0xbf][0xbd][0x13][0x8],e[0xef][0xbf][0xbd][0xef][0xbf][0xbd]qv"[0xef][0xbf][0xbd][0xef][0xbf][0xbd][0x5][0x14][0xef][0xbf][0xbd]G[0xef][0xbf][0xbd][0xef][0xbf][0xbd][\r][0xef][0xbf][0xbd][0xef][0xbf][0xbd]?Yf[0xd0][0xad]f[0xf0][0xa9][0x99][0xa6][0xef][0xbf][0xbd];[0xef][0xbf][0xbd]p[0xef][0xbf][0xbd][0x2]%[0x13]D[0xcc][0xad]nM[0x14]$[0x16],[0x9][0xef][0xbf][0xbd]y[0xef][0xbf][0xbd]ih[0x1e][0xef][0xbf][0xbd][0xe]yy[0x7][0x10]^[0xef][0xbf][0xbd][0xef][0xbf][0xbd]mS4[0xef][0xbf][0xbd][0xef][0xbf][0xbd]/[0xef][0xbf][0xbd][0xef][0xbf][0xbd][0xef][0xbf][0xbd][0x6]N[0xef][0xbf][0xbd]r[0x14][0xef][0xbf][0xbd]Gs[0xef][0xbf][0xbd]m[0x14][0xef][0xbf][0xbd][0xef][0xbf][0xbd].[0xef][0xbf][0xbd]P[0xef][0xbf][0xbd]/+h[0xef][0xbf][0xbd][0xef][0xbf][0xbd]@[0xef][0xbf][0xbd][0xef][0xbf][0xbd]j[0xef][0xbf][0xbd][0xef][0xbf][0xbd][0xb][0xef][0xbf][0xbd] tM[0xef][0xbf][0xbd][0xef][0xbf][0xbd][0xef][0xbf][0xbd][0xef][0xbf][0xbd][0xef][0xbf][0xbd][0x3][0xef][0xbf][0xbd]%[0x9][0xef][0xbf][0xbd][0xef][0xbf][0xbd]YG[0xef][0xbf][0xbd][0xef][0xbf][0xbd][0xef][0xbf][0xbd]A[0x1c][0xef][0xbf][0xbd]x[0x4][0xef][0xbf][0xbd][0x12][0x9]3[0xef][0xbf][0xbd]|[0xef][0xbf][0xbd][0xef][0xbf][0xbd]k[0xef][0xbf][0xbd]1x[0xef][0xbf][0xbd][0xef][0xbf][0xbd][0x2][0xef][0xbf][0xbd]E[0xef][0xbf][0xbd][0x16]}h[0xef][0xbf][0xbd][0xef][0xbf][0xbd][0xef][0xbf][0xbd][0xef][0xbf][0xbd][0xef][0xbf][0xbd][0x12][0xcf][0xbe]z[0x15][0xef][0xbf][0xbd]/[0xef][0xbf][0xbd][0xef][0xbf][0xbd][0x10]+[0xef][0xbf][0xbd][0x1d]([0xef][0xbf][0xbd]'1@[0xe][0xef][0xbf][0xbd][0xef][0xbf][0xbd][0xef][0xbf][0xbd] [0x16]p|[\r][0xef][0xbf][0xbd][0x1c][0xef][0xbf][0xbd]M[0xef][0xbf][0xbd][0xef][0xbf][0xbd][0xef][0xbf][0xbd][0xef][0xbf][0xbd]c)[0xef][0xbf][0xbd][0xef][0xbf][0xbd]<s?[0xef][0xbf][0xbd]E[0xef][0xbf][0xbd]K3X[0x1d]i[0xef][0xbf][0xbd][0xef][0xbf][0xbd]d1NK[0xef][0xbf][0xbd][0x1a][0x1a][0xef][0xbf][0xbd][0xef][0xbf][0xbd]k#H[0xef][0xbf][0xbd][0x11][0xef][0xbf][0xbd][0x4][0xef][0xbf][0xbd][\n]"
07:56:28.542 [main] DEBUG org.apache.http.wire -  >> "[0x5]\,2[0xef][0xbf][0xbd][0xe3][0xa7][0x97][0xef][0xbf][0xbd]5[0x7][0x2]Y[0xef][0xbf][0xbd][0xef][0xbf][0xbd]\[0xef][0xbf][0xbd]M[0x6]P[0xef][0xbf][0xbd]z[0xef][0xbf][0xbd][0xc][0xef][0xbf][0xbd]x[0xef][0xbf][0xbd]A[0x11][0xef][0xbf][0xbd][0xef][0xbf][0xbd][\n]"
07:56:28.543 [main] DEBUG org.apache.http.wire -  >> "[0xef][0xbf][0xbd][0xef][0xbf][0xbd];[0xd1][0x98]DB[0xef][0xbf][0xbd]M][0xef][0xbf][0xbd][0xef][0xbf][0xbd]\[0xef][0xbf][0xbd]4I[0xef][0xbf][0xbd][0xef][0xbf][0xbd][0xef][0xbf][0xbd]3[0xef][0xbf][0xbd][0x17][0xef][0xbf][0xbd][0xef][0xbf][0xbd][0x0]I[0xef][0xbf][0xbd][0xd6][0xab][0x18][0xef][0xbf][0xbd]$-[0xef][0xbf][0xbd][0xef][0xbf][0xbd]U'[0xef][0xbf][0xbd]p$[0xef][0xbf][0xbd][0xef][0xbf][0xbd][0xef][0xbf][0xbd][0xef][0xbf][0xbd][0xef][0xbf][0xbd][0xef][0xbf][0xbd][0xef][0xbf][0xbd][0x2][0xef][0xbf][0xbd]E[0xef][0xbf][0xbd][0x16]}[0xef][0xbf][0xbd][0xef][0xbf][0xbd][0xef][0xbf][0xbd][0xef][0xbf][0xbd]7[0xef][0xbf][0xbd]v[0xef][0xbf][0xbd][0xef][0xbf][0xbd][0xef][0xbf][0xbd]WTy|[0xef][0xbf][0xbd]N[0xef][0xbf][0xbd]{+[0xef][0xbf][0xbd][0xef][0xbf][0xbd]..[0xef][0xbf][0xbd][0xef][0xbf][0xbd]O[0xef][0xbf][0xbd]+C[0x12]{[0xb];Z[0x5][0xef][0xbf][0xbd]v[0xef][0xbf][0xbd]{g[0xef][0xbf][0xbd][0x1a]S[0xef][0xbf][0xbd]y&[0xef][0xbf][0xbd]Y[0x3]J[0xef][0xbf][0xbd]i[0xef][0xbf][0xbd]z[0x4]0O[0xd6][0xa0][0x1][\n]"
07:56:28.543 [main] DEBUG org.apache.http.wire -  >> "[0xef][0xbf][0xbd]Dq[0xef][0xbf][0xbd]/-[0xef][0xbf][0xbd][0x2][0xef][0xbf][0xbd][0xef][0xbf][0xbd]|[0xef][0xbf][0xbd]uE[0xef][0xbf][0xbd][0xef][0xbf][0xbd][0xef][0xbf][0xbd]&[0xef][0xbf][0xbd]~[0xef][0xbf][0xbd][0xef][0xbf][0xbd][0xef][0xbf][0xbd][0xef][0xbf][0xbd][0x1f][0xef][0xbf][0xbd][0xef][0xbf][0xbd][0xe]:w~M[0xef][0xbf][0xbd][0x7][0x1a]A[0xef][0xbf][0xbd][0xef][0xbf][0xbd]"p[0xef][0xbf][0xbd][0xef][0xbf][0xbd][0xe][0xef][0xbf][0xbd][\n]"
07:56:28.543 [main] DEBUG org.apache.http.wire -  >> "[0xef][0xbf][0xbd]!:[0xef][0xbf][0xbd]w[0x6][0xdc][0x85][0xef][0xbf][0xbd]}[0xef][0xbf][0xbd][0x19][0x13]@[0xef][0xbf][0xbd]:[0xef][0xbf][0xbd]a[0xef][0xbf][0xbd][0x1][0xe9][0xb3][0xb9][0xef][0xbf][0xbd])[0xef][0xbf][0xbd][0xef][0xbf][0xbd]PYWo[0xe]p[0x13][0xef][0xbf][0xbd]L[0xef][0xbf][0xbd]3[0x12]x[0xef][0xbf][0xbd]3.)[0xef][0xbf][0xbd][0xb][0xef][0xbf][0xbd][0x16]-Z[0xef][0xbf][0xbd][0xef][0xbf][0xbd][0x1]`[0xef][0xbf][0xbd][0xe3][0x8f][0xaf][0xef][0xbf][0xbd][0xef][0xbf][0xbd][0xcd][0xb6]=[0xef][0xbf][0xbd]"
07:56:28.544 [main] DEBUG org.apache.http.wire -  >> "[0xc][0xef][0xbf][0xbd][\n]"
07:56:28.544 [main] DEBUG org.apache.http.wire -  >> "[0xef][0xbf][0xbd][0xef][0xbf][0xbd][0xef][0xbf][0xbd]c[0xef][0xbf][0xbd][0xef][0xbf][0xbd][0xef][0xbf][0xbd].[0xd9][0x85][0x1d]{1[0xef][0xbf][0xbd]<[0x1][0xef][0xbf][0xbd]g&[0xef][0xbf][0xbd]q[0xef][0xbf][0xbd]C[0xef][0xbf][0xbd]~`p[0xef][0xbf][0xbd]Ya[0xd6][0x87][0xd1][0xa6][0xef][0xbf][0xbd][0x10]-4[0xef][0xbf][0xbd][0xef][0xbf][0xbd][0xef][0xbf][0xbd][0xef][0xbf][0xbd]Wfm[0xef][0xbf][0xbd][0xef][0xbf][0xbd]C[0xef][0xbf][0xbd][0xef][0xbf][0xbd]A~[0xef][0xbf][0xbd][0xef][0xbf][0xbd]K][0xef][0xbf][0xbd][0xef][0xbf][0xbd][0xef][0xbf][0xbd]cn;u[0xef][0xbf][0xbd][0xef][0xbf][0xbd][0xef][0xbf][0xbd]g[0xef][0xbf][0xbd][0x0]K[0xef][0xbf][0xbd]@[0xef][0xbf][0xbd][0x1d]Z.IC[0xef][0xbf][0xbd][0xef][0xbf][0xbd]s[0xef][0xbf][0xbd]A[/[0xef][0xbf][0xbd]UH[0xef][0xbf][0xbd][\n]"
07:56:28.544 [main] DEBUG org.apache.http.wire -  >> "[0xef][0xbf][0xbd][[0xef][0xbf][0xbd][0x0][0xef][0xbf][0xbd]5[0xef][0xbf][0xbd]}[0xef][0xbf][0xbd][0xef][0xbf][0xbd][0xef][0xbf][0xbd][0x13]H[0xef][0xbf][0xbd][0xef][0xbf][0xbd][0xef][0xbf][0xbd][0xef][0xbf][0xbd][0xef][0xbf][0xbd]w[0xef][0xbf][0xbd]&[0xef][0xbf][0xbd]b'[0xef][0xbf][0xbd][0xd0][0x83][0x1b]j|[0xef][0xbf][0xbd][0xef][0xbf][0xbd][0xef][0xbf][0xbd]Z4[0xef][0xbf][0xbd][\r][0xef][0xbf][0xbd][0x1c][0xef][0xbf][0xbd][0xef][0xbf][0xbd][0xef][0xbf][0xbd][0xd9][0xb6]1[0xef][0xbf][0xbd][0x11][0x10][0xef][0xbf][0xbd][0xef][0xbf][0xbd]i[0xef][0xbf][0xbd][0xef][0xbf][0xbd]S[\r][0xb][0xef][0xbf][0xbd][0x1c][0xef][0xbf][0xbd][0xef][0xbf][0xbd]6.Z[0xef][0xbf][0xbd]h[0xef][0xbf][0xbd][0xef][0xbf][0xbd]N_~[0xef][0xbf][0xbd][0xef][0xbf][0xbd][0x1c]qy[0xef][0xbf][0xbd]*[0xef][0xbf][0xbd][0x1e][0xef][0xbf][0xbd][0xef][0xbf][0xbd][0xd0][0x8d][0xef][0xbf][0xbd]T[0xef][0xbf][0xbd][0xef][0xbf][0xbd][0xe9][0x9e][0xa1][0xef][0xbf][0xbd]2[0xef][0xbf][0xbd][0xdd][0x86][0x5]ef[0xef][0xbf][0xbd][0xef][0xbf][0xbd][0xef][0xbf][0xbd][0x14]7[0x6][0x5][0xef][0xbf][0xbd]^[0xef][0xbf][0xbd]z[0xef][0xbf][0xbd][0xef][0xbf][0xbd]j[0xef][0xbf][0xbd]U[0xb][0xef][0xbf][0xbd][0xef][0xbf][0xbd]\[0xef][0xbf][0xbd][0x14][0x13][0xef][0xbf][0xbd][0x16]1[0xef][0xbf][0xbd]-[0xd8][0x9f][0xef][0xbf][0xbd][0x1]@[0xef][0xbf][0xbd]m;o[0xef][0xbf][0xbd]g6[0xef][0xbf][0xbd]0[0xef][0xbf][0xbd][0xef][0xbf][0xbd]l$q[0xef][0xbf][0xbd]C[0xef][0xbf][0xbd][0xef][0xbf][0xbd]V%[0xef][0xbf][0xbd][0xef][0xbf][0xbd][\n]"
07:56:28.545 [main] DEBUG org.apache.http.wire -  >> " ,[0xef][0xbf][0xbd][0xef][0xbf][0xbd]2;[[0xef][0xbf][0xbd][0xef][0xbf][0xbd][0xef][0xbf][0xbd][0xc4][0x93][0xef][0xbf][0xbd][0xd1][0x80][0xef][0xbf][0xbd][0xef][0xbf][0xbd],[0x1b][0xef][0xbf][0xbd][0xc4][0x9b][0xef][0xbf][0xbd]cv[\n]"
07:56:28.546 [main] DEBUG org.apache.http.wire -  >> "}[0x18][0xef][0xbf][0xbd]<[0xef][0xbf][0xbd]R[0xef][0xbf][0xbd][0xef][0xbf][0xbd][0xef][0xbf][0xbd]F@[0xef][0xbf][0xbd][0xef][0xbf][0xbd][0xef][0xbf][0xbd][0xef][0xbf][0xbd]{[0xef][0xbf][0xbd][0xef][0xbf][0xbd]+[0xef][0xbf][0xbd][0xef][0xbf][0xbd][0xef][0xbf][0xbd][0xef][0xbf][0xbd]u5[0xf][0xef][0xbf][0xbd]O[0xef][0xbf][0xbd][0xef][0xbf][0xbd][0xef][0xbf][0xbd]g?[0x15][0xef][0xbf][0xbd][0xef][0xbf][0xbd][0xef][0xbf][0xbd][0xef][0xbf][0xbd]?[0xef][0xbf][0xbd][0xef][0xbf][0xbd]e[0xef][0xbf][0xbd]-Z[0xef][0xbf][0xbd][0xef][0xbf][0xbd]}[0xef][0xbf][0xbd][0xef][0xbf][0xbd][0xef][0xbf][0xbd][0xef][0xbf][0xbd]p[0xef][0xbf][0xbd]`[0xef][0xbf][0xbd]]?>j[0xef][0xbf][0xbd][0xef][0xbf][0xbd][0xef][0xbf][0xbd][0xef][0xbf][0xbd][0xef][0xbf][0xbd][0xef][0xbf][0xbd]A[0xef][0xbf][0xbd][0xef][0xbf][0xbd][0xef][0xbf][0xbd]~[0xef][0xbf][0xbd][0xd3][0xaa][0xef][0xbf][0xbd][0xef][0xbf][0xbd][0xef][0xbf][0xbd]P[0xef][0xbf][0xbd][0xef][0xbf][0xbd]N[0xef][0xbf][0xbd]=X[0xef][0xbf][0xbd][0xef][0xbf][0xbd][0x8][0xef][0xbf][0xbd]P[0xef][0xbf][0xbd]][0xef][0xbf][0xbd][0xef][0xbf][0xbd][0xef][0xbf][0xbd]5[0x15]u~[0xef][0xbf][0xbd][0xef][0xbf][0xbd][0xef][0xbf][0xbd][0xef][0xbf][0xbd]j[0xef][0xbf][0xbd]b[0x18]B=[0xef][0xbf][0xbd][0x9][0xef][0xbf][0xbd]Xg?T[0xef][0xbf][0xbd][0xef][0xbf][0xbd]3[0xef][0xbf][0xbd][0xef][0xbf][0xbd]U[0xef][0xbf][0xbd]@J][0xef][0xbf][0xbd]Y[0xef][0xbf][0xbd]QL[0x0][0xf][0xef][0xbf][0xbd][0xef][0xbf][0xbd]U:[0x1e][0xef][0xbf][0xbd]Rh[0xef][0xbf][0xbd][0xef][0xbf][0xbd][0x13][0xef][0xbf][0xbd][0xef][0xbf][0xbd][0x6][0x1f][0xef][0xbf][0xbd][0xef][0xbf][0xbd]L}[0x3]D[0xef][0xbf][0xbd][0x11]hyy[0xef][0xbf][0xbd][0xef][0xbf][0xbd][0xef][0xbf][0xbd][0xef][0xbf][0xbd]w[0xef][0xbf][0xbd][0xef][0xbf][0xbd]d[0xef][0xbf][0xbd]L[0x10][0xb][0xef][0xbf][0xbd][0xef][0xbf][0xbd]q[0xef][0xbf][0xbd][0x3][0x6][0x3]T[0xef][0xbf][0xbd][0xdb][0xbe][0xef][0xbf][0xbd][0xef][0xbf][0xbd][0xef][0xbf][0xbd][0xef][0xbf][0xbd][0xef][0xbf][0xbd];[0xef][0xbf][0xbd][0xef][0xbf][0xbd]m[0xef][0xbf][0xbd][0xef][0xbf][0xbd][0xef][0xbf][0xbd][0x1c][0x1a][0xc][0xef][0xbf][0xbd]K[0xef][0xbf][0xbd]0Zl[0xef][0xbf][0xbd][0xef][0xbf][0xbd][0xef][0xbf][0xbd]{[0xef][0xbf][0xbd][0x17][0xf][0xef][0xbf][0xbd][0x1f]~c[0x1][0xd9][0xa2]E[0xef][0xbf][0xbd][0xef][0xbf][0xbd][0x17]z[0xef][0xbf][0xbd][0xef][0xbf][0xbd][0xef][0xbf][0xbd][0xef][0xbf][0xbd][0xef][0xbf][0xbd][0xde][0xab]W[0xef][0xbf][0xbd][0xef][0xbf][0xbd][0xef][0xbf][0xbd]> 8)[0xef][0xbf][0xbd]$fE[0xef][0xbf][0xbd]@rG[0xef][0xbf][0xbd]4"D[0xef][0xbf][0xbd][0xb][0xef][0xbf][0xbd]"HuCv[0x2]AR[0x9]F[0xef][0xbf][0xbd][0xef][0xbf][0xbd][0xef][0xbf][0xbd][0xef][0xbf][0xbd]f[0xef][0xbf][0xbd]B[0x2]`[0xef][0xbf][0xbd][0xef][0xbf][0xbd][0x16][0xef][0xbf][0xbd][0xef][0xbf][0xbd]%[0xef][0xbf][0xbd]W[0x10]<+[0xef][0xbf][0xbd][0xef][0xbf][0xbd]{[0xef][0xbf][0xbd][0x12]t[0xef][0xbf][0xbd][0x10][0xef][0xbf][0xbd][0x2]:Kt5[0xef][0xbf][0xbd][0xef][0xbf][0xbd]m[0xef][0xbf][0xbd]A[0xef][0xbf][0xbd]#[0xf][0xef][0xbf][0xbd][0xef][0xbf][0xbd]*[0xef][0xbf][0xbd][0xef][0xbf][0xbd][0xef][0xbf][0xbd][0xef][0xbf][0xbd][0x1f]V[0xef][0xbf][0xbd]8||[0x7][0xef][0xbf][0xbd]w[0xef][0xbf][0xbd]I[0xef][0xbf][0xbd][0xdc][0xaa]k[0xef][0xbf][0xbd][0xef][0xbf][0xbd][0x1][0xef][0xbf][0xbd]`[\r][0xef][0xbf][0xbd][\r]crg([0xef][0xbf][0xbd][0xef][0xbf][0xbd][0xef][0xbf][0xbd],2=[0xef][0xbf][0xbd]`e[0x9][0xef][0xbf][0xbd][0xef][0xbf][0xbd][0xef][0xbf][0xbd]i[0xef][0xbf][0xbd][0xef][0xbf][0xbd][0xef][0xbf][0xbd]=[0xe][0xef][0xbf][0xbd]H[0xef][0xbf][0xbd]Z!@[0xef][0xbf][0xbd][0x8]j[0xef][0xbf][0xbd][0xef][0xbf][0xbd]X[0xef][0xbf][0xbd][0x18][0xef][0xbf][0xbd][0xef][0xbf][0xbd]R[0xef][0xbf][0xbd][0xef][0xbf][0xbd]C][0xef][0xbf][0xbd]5qr[0xef][0xbf][0xbd]Y[0xef][0xbf][0xbd]?[0xef][0xbf][0xbd]=[0xef][0xbf][0xbd][0x5]d[0xef][0xbf][0xbd][0x16]-z[0xef][0xbf][0xbd][0xef][0xbf][0xbd]+[0xef][0xbf][0xbd][0xef][0xbf][0xbd][0xef][0xbf][0xbd][0xef][0xbf][0xbd][0xc9][0xab][0xc][0xef][0xbf][0xbd][0xef][0xbf][0xbd][0xef][0xbf][0xbd][0xef][0xbf][0xbd][0xef][0xbf][0xbd]#f0X[0xef][0xbf][0xbd][0xef][0xbf][0xbd][0xef][0xbf][0xbd]%[0xef][0xbf][0xbd][0xef][0xbf][0xbd]p[0xef][0xbf][0xbd]|J[0xef][0xbf][0xbd][0xef][0xbf][0xbd][0x16]`Fa[0xef][0xbf][0xbd][0xef][0xbf][0xbd][0xef][0xbf][0xbd][0xcb][0xa2][0xef][0xbf][0xbd][0xef][0xbf][0xbd][0x1a][0xef][0xbf][0xbd]{[0xef][0xbf][0xbd][0xca][0x82][0xef][0xbf][0xbd][0x14]R[0x2]%[0xef][0xbf][0xbd]~[0xef][0xbf][0xbd][0xef][0xbf][0xbd][0xef][0xbf][0xbd] [0xef][0xbf][0xbd]*[0xda][0xb4]C<(/[0xef][0xbf][0xbd][0xef][0xbf][0xbd][0xef][0xbf][0xbd][0x0][0xef][0xbf][0xbd][0x18][0x1e]P/[0xef][0xbf][0xbd]<#Sg[0xef][0xbf][0xbd]`[0xef][0xbf][0xbd],}N[0xef][0xbf][0xbd]X[0x18][0xef][0xbf][0xbd][0xef][0xbf][0xbd][0x1b][0xd5][0x89][0xef][0xbf][0xbd][0x7][0xef][0xbf][0xbd][0xcf][0xac][0xdd][0x91][0xef][0xbf][0xbd]5[0xef][0xbf][0xbd][0xef][0xbf][0xbd]C$[0xef][0xbf][0xbd]}6[0xef][0xbf][0xbd]8[0xef][0xbf][0xbd][0xef][0xbf][0xbd][0xef][0xbf][0xbd][0xef][0xbf][0xbd][0xef][0xbf][0xbd]2v[0x1f][0xef][0xbf][0xbd][0xef][0xbf][0xbd]b,[0xef][0xbf][0xbd][0xef][0xbf][0xbd][0x9][0xef][0xbf][0xbd]V[0xef][0xbf][0xbd]"[0xef][0xbf][0xbd][0xef][0xbf][0xbd][0xef][0xbf][0xbd][0xef][0xbf][0xbd]a[0xef][0xbf][0xbd]Y[0xef][0xbf][0xbd][0xef][0xbf][0xbd]`=-[0xef][0xbf][0xbd][0xc2][0xaa][0xef][0xbf][0xbd][0x1c][0xef][0xbf][0xbd][0xef][0xbf][0xbd]R[0xef][0xbf][0xbd][0xcd][0xa1][0xef][0xbf][0xbd][0xef][0xbf][0xbd][0xef][0xbf][0xbd]#sq[0x1][0xd9][0xa2]E[0xef][0xbf][0xbd][0xef][0xbf][0xbd][0x13]:R[0xef][0xbf][0xbd][0xef][0xbf][0xbd]=[0xef][0xbf][0xbd][0xef][0xbf][0xbd][0xef][0xbf][0xbd]Kf[0xef][0xbf][0xbd][0x1e][0xef][0xbf][0xbd][0xef][0xbf][0xbd][0xc7][0x90]X[0xef][0xbf][0xbd][0xef][0xbf][0xbd][0xef][0xbf][0xbd][0xef][0xbf][0xbd]J[0xef][0xbf][0xbd]i[0xef][0xbf][0xbd]C[0xef][0xbf][0xbd][0xef][0xbf][0xbd]t'[0x8][0xef][0xbf][0xbd][0x14][0xef][0xbf][0xbd][0xef][0xbf][0xbd][0xef][0xbf][0xbd][0xef][0xbf][0xbd]M[!![0xef][0xbf][0xbd]\[0xef][0xbf][0xbd]*[0xef][0xbf][0xbd][0xef][0xbf][0xbd]2rcv^[0xef][0xbf][0xbd]+[0xef][0xbf][0xbd][0xef][0xbf][0xbd][0x7]y[0xef][0xbf][0xbd]v[0xef][0xbf][0xbd][0x0][0x16]%`[0x1][0xef][0xbf][0xbd]&[0xef][0xbf][0xbd]`[0xef][0xbf][0xbd][0xef][0xbf][0xbd]J[0xef][0xbf][0xbd][0xef][0xbf][0xbd][0x1a][0xef][0xbf][0xbd][0xef][0xbf][0xbd]P[0xef][0xbf][0xbd][0xef][0xbf][0xbd][0x0][0x6].[0xef][0xbf][0xbd]K[0xef][0xbf][0xbd][0xef][0xbf][0xbd]-FCN[0xef][0xbf][0xbd]XYeK[0x12]t[0xef][0xbf][0xbd][0x5]g[0xef][0xbf][0xbd][0x1b][0xef][0xbf][0xbd][0xef][0xbf][0xbd][0xef][0xbf][0xbd][0xe5][0x82][0x94][0xef][0xbf][0xbd][0xef][0xbf][0xbd]bC-L[0xef][0xbf][0xbd] V[0xef][0xbf][0xbd][0x1][0xef][0xbf][0xbd][0xef][0xbf][0xbd][3wI[0xef][0xbf][0xbd][0x8][0xe]#[0xef][0xbf][0xbd]+[0xef][0xbf][0xbd][0xef][0xbf][0xbd]U[0xdb][0xb1][0xef][0xbf][0xbd][0xef][0xbf][0xbd]8[0xef][0xbf][0xbd]p[0x17][0xe][0xef][0xbf][0xbd],[0xef][0xbf][0xbd][[0x17][0xef][0xbf][0xbd]Tw1[0xdd][0x8c][0xef][0xbf][0xbd]n[0xef][0xbf][0xbd][0xef][0xbf][0xbd][0xef][0xbf][0xbd]F[0xef][0xbf][0xbd][0xef][0xbf][0xbd][0xef][0xbf][0xbd][0xef][0xbf][0xbd][0xef][0xbf][0xbd][0x14][0xef][0xbf][0xbd][0xef][0xbf][0xbd]l[0xd1][0xa2]E?[0x12][0xed][0x99][0x88][0xef][0xbf][0xbd][0xef][0xbf][0xbd][0xef][0xbf][0xbd]u[0xef][0xbf][0xbd][0xef][0xbf][0xbd][0x15][0xef][0xbf][0xbd]Z[0x5][0xef][0xbf][0xbd][0xc]~[0xef][0xbf][0xbd][0x14][0xef][0xbf][0xbd][0x5]Xn[0x12]w))K#&[0xef][0xbf][0xbd]M[0x15][0xef][0xbf][0xbd]\s[0xef][0xbf][0xbd]([0xef][0xbf][0xbd]w[0x7][0xef][0xbf][0xbd]*$" [0xef][0xbf][0xbd][0xef][0xbf][0xbd][[0xef][0xbf][0xbd][0xef][0xbf][0xbd][0x1f][0xc4][0xaf]Zt[\n]"
07:56:28.547 [main] DEBUG org.apache.http.wire -  >> "[0xef][0xbf][0xbd][0xef][0xbf][0xbd]8T[0xef][0xbf][0xbd][0xef][0xbf][0xbd][0x4]R[0xef][0xbf][0xbd][0x9]O[0xef][0xbf][0xbd]uf[0xef][0xbf][0xbd][0xef][0xbf][0xbd]H[0xef][0xbf][0xbd]z[0xef][0xbf][0xbd]r[0x2]iP[0xef][0xbf][0xbd]we*[0xef][0xbf][0xbd]M[0xd9][0x87]:[0xef][0xbf][0xbd]Y>[0xef][0xbf][0xbd],[0xef][0xbf][0xbd]k[0xef][0xbf][0xbd][0xef][0xbf][0xbd][0x1a][0xef][0xbf][0xbd][0x19][0xef][0xbf][0xbd][0xef][0xbf][0xbd][0xef][0xbf][0xbd][0xd0][0x94][0x15][0xef][0xbf][0xbd][0xb][0xef][0xbf][0xbd][0x6][0xef][0xbf][0xbd]V[0xef][0xbf][0xbd][0x17][0xef][0xbf][0xbd]k[0xef][0xbf][0xbd][0x9]E[0xef][0xbf][0xbd][0xef][0xbf][0xbd]^[0x3]m[0x2][0xef][0xbf][0xbd][0xd6][0x8a][0x8][0xef][0xbf][0xbd][0xef][0xbf][0xbd][0xef][0xbf][0xbd][0x8][0xd6][0x9a][0xef][0xbf][0xbd][0xdf][0x8c][0xef][0xbf][0xbd]6[0xef][0xbf][0xbd][0xef][0xbf][0xbd][0xef][0xbf][0xbd]Ug $[0xef][0xbf][0xbd][0xef][0xbf][0xbd]q[0xd9][0x8e][0xef][0xbf][0xbd][0xef][0xbf][0xbd][0x5]d[0xef][0xbf][0xbd][0x16]-[0xef][0xbf][0xbd][0xef][0xbf][0xbd][0xef][0xbf][0xbd][0xef][0xbf][0xbd][0xcb][0xbf]|[0xef][0xbf][0xbd][0xef][0xbf][0xbd][0x17];R[0xef][0xbf][0xbd][0xef][0xbf][0xbd][0xef][0xbf][0xbd][0xef][0xbf][0xbd]t[0xef][0xbf][0xbd]m[0xef][0xbf][0xbd]V&o[0xef][0xbf][0xbd]5[0xef][0xbf][0xbd][0xef][0xbf][0xbd][0xef][0xbf][0xbd][\n]"
07:56:28.548 [main] DEBUG org.apache.http.wire -  >> "[0xef][0xbf][0xbd]([0xef][0xbf][0xbd][0xef][0xbf][0xbd]H[0xef][0xbf][0xbd][0xe2][0xbb][0x8c][0x2]h[0xef][0xbf][0xbd][0xef][0xbf][0xbd][0xef][0xbf][0xbd]gmA[0xef][0xbf][0xbd]oz+[0xef][0xbf][0xbd][0xef][0xbf][0xbd]>]k!.B[0xef][0xbf][0xbd][0xef][0xbf][0xbd]Q[0xd2][0xb1][\r]+[0x15][0xef][0xbf][0xbd][0xef][0xbf][0xbd]{[0xef][0xbf][0xbd][0xef][0xbf][0xbd][0xef][0xbf][0xbd]~[0xd1][0xbc]n<[0xef][0xbf][0xbd])[0xef][0xbf][0xbd]K[0x13][0xef][0xbf][0xbd]4I[0xef][0xbf][0xbd][0x8]\[0x1e]"[0xef][0xbf][0xbd][0xef][0xbf][0xbd][0xef][0xbf][0xbd]3-[0xef][0xbf][0xbd]`[0xef][0xbf][0xbd][0xef][0xbf][0xbd]e4-?[0xef][0xbf][0xbd][0x1d][0xef][0xbf][0xbd][0xef][0xbf][0xbd][0xef][0xbf][0xbd][0x2]C9[0xef][0xbf][0xbd][0x1d][0x5]1[0xef][0xbf][0xbd][0xef][0xbf][0xbd]j4[0x13][0xef][0xbf][0xbd][0xef][0xbf][0xbd][0xef][0xbf][0xbd][0x1][0xef][0xbf][0xbd][0x9][0xef][0xbf][0xbd]r[0x14][0xef][0xbf][0xbd]y[0xef][0xbf][0xbd]Y[0xef][0xbf][0xbd][0xef][0xbf][0xbd][0xef][0xbf][0xbd][0xef][0xbf][0xbd][0xef][0xbf][0xbd]}Ct [0xef][0xbf][0xbd]' H[0xef][0xbf][0xbd]L[0xef][0xbf][0xbd][0xef][0xbf][0xbd][0xef][0xbf][0xbd][0x15][0x8][0xef][0xbf][0xbd][0xef][0xbf][0xbd][0xb]Q[0xef][0xbf][0xbd][0xef][0xbf][0xbd]s[0xef][0xbf][0xbd][0xef][0xbf][0xbd]b[0xef][0xbf][0xbd]:[0xef][0xbf][0xbd]-[0x1c][0xb][0xef][0xbf][0xbd][0x16]-Z[0xef][0xbf][0xbd][0xd1][0xb1][0x17][0xef][0xbf][0xbd]r[0xef][0xbf][0xbd][0xef][0xbf][0xbd][0xef][0xbf][0xbd][0xef][0xbf][0xbd]U[0xef][0xbf][0xbd][0xef][0xbf][0xbd][0xdf][0xa2]m[0xe][0x3][0x1e]X[0xef][0xbf][0xbd][0xef][0xbf][0xbd]q[0xef][0xbf][0xbd][0xef][0xbf][0xbd][0x8]\[0xef][0xbf][0xbd][0xef][0xbf][0xbd][0x11]s[0xcd][0x9b][0x3]b[0xef][0xbf][0xbd][0xef][0xbf][0xbd]"[0xef][0xbf][0xbd][0xef][0xbf][0xbd]xG[0x9]wX_[\n]"
07:56:28.548 [main] DEBUG org.apache.http.wire -  >> "o[0xd5][0x94][0xef][0xbf][0xbd][0xef][0xbf][0xbd][0x4][0xb]2[0xef][0xbf][0xbd]}[0xef][0xbf][0xbd][0xef][0xbf][0xbd]\[0xef][0xbf][0xbd]d[0xef][0xbf][0xbd][0x4][0xef][0xbf][0xbd]xo[0xef][0xbf][0xbd][0xef][0xbf][0xbd]Z[\n]"
07:56:28.548 [main] DEBUG org.apache.http.wire -  >> "[0xef][0xbf][0xbd][0xef][0xbf][0xbd]u[0xef][0xbf][0xbd]C[0xef][0xbf][0xbd][0xef][0xbf][0xbd]'[01[0xc2][0xac]S[0xef][0xbf][0xbd]mi[0xef][0xbf][0xbd][0xef][0xbf][0xbd][0xef][0xbf][0xbd]D[0xef][0xbf][0xbd][0xef][0xbf][0xbd]:[0xef][0xbf][0xbd][0xef][0xbf][0xbd][0xef][0xbf][0xbd][0xef][0xbf][0xbd][0x4][0xef][0xbf][0xbd][0xef][0xbf][0xbd]u[0xef][0xbf][0xbd]kl>[\n]"
07:56:28.549 [main] DEBUG org.apache.http.wire -  >> "[0xef][0xbf][0xbd][0xef][0xbf][0xbd][0xef][0xbf][0xbd][0x5]P[0xef][0xbf][0xbd]Ru/[0xef][0xbf][0xbd])[0x18]u![0x0][0xef][0xbf][0xbd][0xef][0xbf][0xbd][0xef][0xbf][0xbd]-[0xef][0xbf][0xbd]k[0x0]D9^[0xef][0xbf][0xbd]}x[0x16][0xef][0xbf][0xbd]=1[0xef][0xbf][0xbd][0x13]=L[0xef][0xbf][0xbd]6[0xef][0xbf][0xbd]c[0xef][0xbf][0xbd][0xef][0xbf][0xbd]x[0xe][0xef][0xbf][0xbd][0xef][0xbf][0xbd][0xef][0xbf][0xbd][0xc][0xef][0xbf][0xbd]A[0xef][0xbf][0xbd][0xef][0xbf][0xbd][0xef][0xbf][0xbd]z#[0xef][0xbf][0xbd]E,[0xef][0xbf][0xbd]l[0xd1][0xa2]E[0xef][0xbf][0xbd][0xe][0x0]{[0xef][0xbf][0xbd][\n]"
07:56:28.549 [main] DEBUG org.apache.http.wire -  >> "`[0xef][0xbf][0xbd][0x3]X[0xef][0xbf][0xbd]G[0x16][0x2][0xef][0xbf][0xbd]^[0x1b][0x0]g[0xef][0xbf][0xbd][0xef][0xbf][0xbd][0xef][0xbf][0xbd]@[0x7][0xef][0xbf][0xbd]v[0xef][0xbf][0xbd][0x17]a[0x5]iFb[0xde][0x84][0xef][0xbf][0xbd][0xef][0xbf][0xbd]8[0xef][0xbf][0xbd][0xef][0xbf][0xbd]9,[0xef][0xbf][0xbd][\n]"
07:56:28.549 [main] DEBUG org.apache.http.wire -  >> "KJ[0x3].[0xef][0xbf][0xbd][0xef][0xbf][0xbd][0xef][0xbf][0xbd]m[0x9]Jn[0xef][0xbf][0xbd][0xef][0xbf][0xbd]*[0xef][0xbf][0xbd]-[0xef][0xbf][0xbd][0xef][0xbf][0xbd][0xcf][0xb2])[0xef][0xbf][0xbd][0xef][0xbf][0xbd][0xef][0xbf][0xbd]([0xef][0xbf][0xbd]-[0xc][0xef][0xbf][0xbd]$[0xc][0xef][0xbf][0xbd][0xef][0xbf][0xbd][0xb][0xef][0xbf][0xbd];[0xdc][0xa6][0xef][0xbf][0xbd][0xef][0xbf][0xbd][0xef][0xbf][0xbd],>;[0xef][0xbf][0xbd][0x6]D[0xda][0xbd][0xef][0xbf][0xbd][0xef][0xbf][0xbd]L[0xe][0xef][0xbf][0xbd][0xef][0xbf][0xbd][0xef][0xbf][0xbd][\r]F[0xef][0xbf][0xbd][0x0][0xef][0xbf][0xbd][0xd3][0x94][0xef][0xbf][0xbd][0x10],[0xef][0xbf][0xbd]. [0xef][0xbf][0xbd]4[0xf0][0xb9][0xad][0xac]n[0xd3][0xb4][0xef][0xbf][0xbd]zl$[0xef][0xbf][0xbd][0xef][0xbf][0xbd]7I[0x2][0xc6][0xb4][0xef][0xbf][0xbd][0xef][0xbf][0xbd]c[0xef][0xbf][0xbd]J[0xef][0xbf][0xbd][0xef][0xbf][0xbd]b.[0xef][0xbf][0xbd][0xef][0xbf][0xbd][0xef][0xbf][0xbd][0x17].[0x15][0xef][0xbf][0xbd]u)[0xef][0xbf][0xbd][0x6][0x18],[0xef][0xbf][0xbd][0x1e][0x16][0xef][0xbf][0xbd][0xef][0xbf][0xbd]Mb[0xef][0xbf][0xbd][0xef][0xbf][0xbd]0ax+'^[0xca][0x85][0xd9][0xb2][0xef][0xbf][0xbd][0x16]-Z[0xef][0xbf][0xbd][0xef][0xbf][0xbd][0xef][0xbf][0xbd]B|[0xef][0xbf][0xbd][0x1e]_?[0xef][0xbf][0xbd][0xef][0xbf][0xbd][0xef][0xbf][0xbd][0xdc][0x83][0xef][0xbf][0xbd];[0xc7][0xb8]W[0xef][0xbf][0xbd][0xef][0xbf][0xbd][0x0];[0x8][0xef][0xbf][0xbd]0[0x1b]q[0xef][0xbf][0xbd][0xef][0xbf][0xbd][0xef][0xbf][0xbd][0xef][0xbf][0xbd][0xef][0xbf][0xbd][0xef][0xbf][0xbd][0xef][0xbf][0xbd] [0xef][0xbf][0xbd]:s[0xe][0xef][0xbf][0xbd][0xef][0xbf][0xbd]U[0x4][0xef][0xbf][0xbd]+[0xef][0xbf][0xbd][0xef][0xbf][0xbd]gqZ[0xef][0xbf][0xbd]][0xef][0xbf][0xbd]gS[0xef][0xbf][0xbd][0x1e]iK%A[0xef][0xbf][0xbd][0xef][0xbf][0xbd][0xef][0xbf][0xbd]b5@[0x2][0xef][0xbf][0xbd][0xef][0xbf][0xbd][0xf2][0xb0][0xa8][0x8d]I[0x9]a[0x12][0x4]Ky[0xef][0xbf][0xbd]2;f[0x3][0xef][0xbf][0xbd][0xef][0xbf][0xbd]4[0xef][0xbf][0xbd][0xef][0xbf][0xbd]d[0xef][0xbf][0xbd][0xef][0xbf][0xbd][0xef][0xbf][0xbd][0x6][0xef][0xbf][0xbd]Xo[0x9]A[0xef][0xbf][0xbd]`$[0xef][0xbf][0xbd][0xef][0xbf][0xbd]mO0[0xef][0xbf][0xbd][0x18][0xef][0xbf][0xbd][0xef][0xbf][0xbd][0x9][0xef][0xbf][0xbd]j[0xef][0xbf][0xbd][0xef][0xbf][0xbd]`[0xef][0xbf][0xbd][0xef][0xbf][0xbd][\r][0xef][0xbf][0xbd][0xef][0xbf][0xbd][0x19]'[0xef][0xbf][0xbd][0xef][0xbf][0xbd][0xef][0xbf][0xbd][0x6];[0xef][0xbf][0xbd]C[0xef][0xbf][0xbd][0x0][0xef][0xbf][0xbd][0xd4][0xac]x[0xef][0xbf][0xbd][0xef][0xbf][0xbd][0xef][0xbf][0xbd][0xef][0xbf][0xbd]\[0x16][0xef][0xbf][0xbd]l[0xef][0xbf][0xbd][0xef][0xbf][0xbd][0xef][0xbf][0xbd][0x6][0xef][0xbf][0xbd]l[0xef][0xbf][0xbd]e[0xef][0xbf][0xbd]-[0xef][0xbf][0xbd]l-[0xef][0xbf][0xbd]9[0xef][0xbf][0xbd]/[qy[0xef][0xbf][0xbd][0xef][0xbf][0xbd][0xef][0xbf][0xbd][0xef][0xbf][0xbd]l[0xd1][0xa2]Ew[0xef][0xbf][0xbd][0x1]`[0xef][0xbf][0xbd]][0xef][0xbf][0xbd][0xef][0xbf][0xbd][0x10]_[0xef][0xbf][0xbd]J[0xef][0xbf][0xbd][0xef][0xbf][0xbd][0xef][0xbf][0xbd]63[0xef][0xbf][0xbd][0xef][0xbf][0xbd][0xef][0xbf][0xbd]{[0xef][0xbf][0xbd]L,[0xef][0xbf][0xbd]@r!s0B\F[0xef][0xbf][0xbd][0xef][0xbf][0xbd][0xef][0xbf][0xbd][0xef][0xbf][0xbd]m[0x14][0xef][0xbf][0xbd]a[0xef][0xbf][0xbd]'[0x9]Ag~k[0xef][0xbf][0xbd][0xef][0xbf][0xbd][0xef][0xbf][0xbd][0x5]F%[0xef][0xbf][0xbd]M[0xef][0xbf][0xbd][0xef][0xbf][0xbd][0xef][0xbf][0xbd]'1[0xef][0xbf][0xbd][0xef][0xbf][0xbd]=[0x9]p[0xef][0xbf][0xbd][0xef][0xbf][0xbd][0x1a][0xef][0xbf][0xbd][0x1f][0xef][0xbf][0xbd][0xef][0xbf][0xbd][0x11][0xef][0xbf][0xbd][0xef][0xbf][0xbd]f[0xef][0xbf][0xbd]VF[0xef][0xbf][0xbd][0xd3][0x84][0xef][0xbf][0xbd]4[0xef][0xbf][0xbd]>[0xef][0xbf][0xbd][0xef][0xbf][0xbd][0xef][0xbf][0xbd][0xef][0xbf][0xbd][\r][0xef][0xbf][0xbd][0xef][0xbf][0xbd][0xb][0xef][0xbf][0xbd][0xef][0xbf][0xbd]HW [0xef][0xbf][0xbd][0x1]P[0xef][0xbf][0xbd][0xef][0xbf][0xbd]B[0xef][0xbf][0xbd][0xef][0xbf][0xbd][0xef][0xbf][0xbd][0xef][0xbf][0xbd]Qu[0xef][0xbf][0xbd][0xef][0xbf][0xbd][0x15][0x18]MN[0xef][0xbf][0xbd]gngpX[0xef][0xbf][0xbd]2l[0xef][0xbf][0xbd]V<[0xef][0xbf][0xbd]'nH[0xef][0xbf][0xbd][0xef][0xbf][0xbd]z[0xef][0xbf][0xbd][0xef][0xbf][0xbd][0xef][0xbf][0xbd]k[0xef][0xbf][0xbd]w[0xef][0xbf][0xbd][0xef][0xbf][0xbd]"[0x13][0xef][0xbf][0xbd]u[0xef][0xbf][0xbd][0xef][0xbf][0xbd][0x1][0xef][0xbf][0xbd]p [0xef][0xbf][0xbd][0x3][0xef][0xbf][0xbd]U[0xef][0xbf][0xbd]i[0xef][0xbf][0xbd][0x9][0xef][0xbf][0xbd][0x13][0xef][0xbf][0xbd][0x1a][0xef][0xbf][0xbd]4[0xef][0xbf][0xbd]x[0xef][0xbf][0xbd][0xef][0xbf][0xbd][0x2][0xef][0xbf][0xbd]E[0xef][0xbf][0xbd][0x16]M[0x2][0xef][0xbf][0xbd]][0xef][0xbf][0xbd][0xef][0xbf][0xbd]+[l[0xef][0xbf][0xbd])[0xef][0xbf][0xbd]!e[0xef][0xbf][0xbd][0x4][0x14][0xef][0xbf][0xbd][0xef][0xbf][0xbd][0xe]9[0xef][0xbf][0xbd]$[0xef][0xbf][0xbd][0xef][0xbf][0xbd][0xef][0xbf][0xbd][0xef][0xbf][0xbd]n[0xef][0xbf][0xbd]0`[\r][0xef][0xbf][0xbd][0xef][0xbf][0xbd][0xef][0xbf][0xbd]Y[0xef][0xbf][0xbd][0xef][0xbf][0xbd][0xef][0xbf][0xbd]>[0xef][0xbf][0xbd][0x2]@[0xef][0xbf][0xbd][0xef][0xbf][0xbd][0xef][0xbf][0xbd][0xef][0xbf][0xbd]%Z[0x1f]hQ[0xef][0xbf][0xbd]5[0xef][0xbf][0xbd][0xef][0xbf][0xbd][0xef][0xbf][0xbd][0xef][0xbf][0xbd][0x4][0x1][0x1b][0xef][0xbf][0xbd][0x6][0xef][0xbf][0xbd]$[\r][0xef][0xbf][0xbd]l[0xef][0xbf][0xbd][0x1]L6[0xef][0xbf][0xbd]:[0x1b][0xef][0xbf][0xbd][0x5][0xef][0xbf][0xbd]|[0xef][0xbf][0xbd]G[0x4]o[0x3]D[0xef][0xbf][0xbd][0xe1][0x94][0x89]L[0x4][0xef][0xbf][0xbd][0xef][0xbf][0xbd][0xd5][0xad][0x13]%[0xef][0xbf][0xbd][0xef][0xbf][0xbd][0x14]^[0xef][0xbf][0xbd]]RJB+[0x7][\n]"
07:56:28.550 [main] DEBUG org.apache.http.wire -  >> "[0xef][0xbf][0xbd][0x1d][0xef][0xbf][0xbd]3[0xef][0xbf][0xbd][0xef][0xbf][0xbd][[0xef][0xbf][0xbd][0xe6][0x94][0x87][0xef][0xbf][0xbd][0xef][0xbf][0xbd][0x6][0xef][0xbf][0xbd][0xef][0xbf][0xbd][0xef][0xbf][0xbd]Y[0x1e][0xef][0xbf][0xbd]=vn[0xd6][0xae][0xda][0xb0][0xef][0xbf][0xbd][0xef][0xbf][0xbd]jT[0xef][0xbf][0xbd]J[0x1c]f[0xef][0xbf][0xbd]f[0x8][0x17]Z"
07:56:28.551 [main] DEBUG org.apache.http.wire -  >> "[0xd3][0xb0][0xd0][0x9b]3et[0xef][0xbf][0xbd][0xef][0xbf][0xbd]9O#[0xef][0xbf][0xbd]x[0x1e]F[0xef][0xbf][0xbd][0xef][0xbf][0xbd]z[0xef][0xbf][0xbd]- [[0xef][0xbf][0xbd]h[0xef][0xbf][0xbd]A[\r]`v[0x5][0xef][0xbf][0xbd]=[0x6][0xef][0xbf][0xbd][0xef][0xbf][0xbd]E[0xef][0xbf][0xbd][0xef][0xbf][0xbd][0xd8][0x87]j[0xef][0xbf][0xbd][0xd6][0xb1][0x13][0xef][0xbf][0xbd]-8E[0xef][0xbf][0xbd][0xef][0xbf][0xbd][0xef][0xbf][0xbd][0xef][0xbf][0xbd]a[0xef][0xbf][0xbd][0xef][0xbf][0xbd]Qb[0xef][0xbf][0xbd]![0xef][0xbf][0xbd]n[0xef][0xbf][0xbd]1[0x6][0xef][0xbf][0xbd][0xef][0xbf][0xbd][0x3][0xef][0xbf][0xbd][0xef][0xbf][0xbd]$8p[0xef][0xbf][0xbd]h[0xef][0xbf][0xbd][0xef][0xbf][0xbd][0x13][0xef][0xbf][0xbd][0xef][0xbf][0xbd]%[0xef][0xbf][0xbd][0x1e]Np[0xef][0xbf][0xbd][0xef][0xbf][0xbd]![0xef][0xbf][0xbd][0xef][0xbf][0xbd][0xef][0xbf][0xbd][0xef][0xbf][0xbd]aT[0xef][0xbf][0xbd]}[0x18]@F<AQm[0xef][0xbf][0xbd][0xef][0xbf][0xbd][0xef][0xbf][0xbd]U[0xf][0x4][0xef][0xbf][0xbd][0xef][0xbf][0xbd][0xef][0xbf][0xbd][0xef][0xbf][0xbd][0xef][0xbf][0xbd]350z[0xef][0xbf][0xbd][0x1c][0x11][0xef][0xbf][0xbd][0xc5][0xad]I[0xef][0xbf][0xbd][0xef][0xbf][0xbd][0xef][0xbf][0xbd][0xef][0xbf][0xbd]bkY[0xef][0xbf][0xbd][0xef][0xbf][0xbd]L[0x1][0x13]@[0x10][0xef][0xbf][0xbd][0xef][0xbf][0xbd][0xef][0xbf][0xbd]-[0xef][0xbf][0xbd]f[0xef][0xbf][0xbd]q[0x11]#[0x3][0xef][0xbf][0xbd][0xef][0xbf][0xbd][0xef][0xbf][0xbd][0xef][0xbf][0xbd][0xef][0xbf][0xbd][0xb][0xdb][0xad][0xef][0xbf][0xbd]Sa[0xef][0xbf][0xbd][0xef][0xbf][0xbd][0xef][0xbf][0xbd]#[0x9]J[0x1][0xef][0xbf][0xbd][0x10]'[0xef][0xbf][0xbd][0xef][0xbf][0xbd][0xef][0xbf][0xbd]z[0xef][0xbf][0xbd]uC[0xef][0xbf][0xbd]j[0xef][0xbf][0xbd][0xef][0xbf][0xbd]r[0xef][0xbf][0xbd]m[0xef][0xbf][0xbd](}[0xef][0xbf][0xbd][0xef][0xbf][0xbd][0xef][0xbf][0xbd][0xef][0xbf][0xbd][0x19];M [0xef][0xbf][0xbd][0xef][0xbf][0xbd][0xef][0xbf][0xbd][0xef][0xbf][0xbd][0xef][0xbf][0xbd][0xef][0xbf][0xbd][0x2][0xef][0xbf][0xbd]E[0xef][0xbf][0xbd]>[0xef][0xbf][0xbd][0x0][0xef][0xbf][0xbd][0xef][0xbf][0xbd][0xef][0xbf][0xbd]k[0xef][0xbf][0xbd][0xef][0xbf][0xbd][0xef][0xbf][0xbd][0x1a]<[0xf]ow`[0xef][0xbf][0xbd]D[0xef][0xbf][0xbd][0xef][0xbf][0xbd]zn[0xef][0xbf][0xbd]m3[0xef][0xbf][0xbd][0xef][0xbf][0xbd][0xca][0xad]d[0xef][0xbf][0xbd]`U[0xef][0xbf][0xbd][0xeb][0x86][0xa9]Ni[0xef][0xbf][0xbd][0x18]L[0xb][0xef][0xbf][0xbd][0x6]C[0x9][0x8][0xef][0xbf][0xbd][0x0][0xce][0xa8]O[0xef][0xbf][0xbd][%</%$[\r][0xef][0xbf][0xbd]vs[0xef][0xbf][0xbd]lW[0xef][0xbf][0xbd][0xef][0xbf][0xbd][0xcb][0xa7][0x5]v[0xef][0xbf][0xbd][0xdb][0x91][\r]Qi.vQ[0xef][0xbf][0xbd]?*k[0xef][0xbf][0xbd][0x5]7[0xdd][0xa7][0xef][0xbf][0xbd][0xef][0xbf][0xbd]b[0xef][0xbf][0xbd][0xef][0xbf][0xbd][0x12][0xef][0xbf][0xbd].[0xef][0xbf][0xbd][0xef][0xbf][0xbd][0xd6][0xb1]%[0x0]*[0xef][0xbf][0xbd]M[0x11][0xef][0xbf][0xbd][0xef][0xbf][0xbd]UM[0xef][0xbf][0xbd][0x10][0xef][0xbf][0xbd]&[0x4][0xef][0xbf][0xbd]` [0x9][0xef][0xbf][0xbd][0xef][0xbf][0xbd][0x0]$3[\r][0xef][0xbf][0xbd][0x15]k[0xef][0xbf][0xbd]t[0xef][0xbf][0xbd][0x6][0xef][0xbf][0xbd][0xe][0xef][0xbf][0xbd]U[0x1f][0xef][0xbf][0xbd][0xef][0xbf][0xbd]pY[0xdf][0x95][0xef][0xbf][0xbd]r[0xef][0xbf][0xbd]z[0x2][0xef][0xbf][0xbd]2[0xca][0xb8][0x17][0xef][0xbf][0xbd]\[0xef][0xbf][0xbd][0xef][0xbf][0xbd][0x1b][0xef][0xbf][0xbd]f4[0xef][0xbf][0xbd]-[0x15][0xef][0xbf][0xbd]y2V[0xef][0xbf][0xbd]d1[0xc6][0xb5]{[0xef][0xbf][0xbd][0xef][0xbf][0xbd]l[0xd1][0xa2]O(=x[0xef][0xbf][0xbd][\n]"
07:56:28.552 [main] DEBUG org.apache.http.wire -  >> "`[0xef][0xbf][0xbd][0xef][0xbf][0xbd][0x13]8^[0xef][0xbf][0xbd]Z5[0xef][0xbf][0xbd][0xef][0xbf][0xbd]kG[0xef][0xbf][0xbd][0xd9][0xb0][0xef][0xbf][0xbd]Z[0xcc][0xbb][0xef][0xbf][0xbd][0xef][0xbf][0xbd]E[0xef][0xbf][0xbd][0xef][0xbf][0xbd]9[0xef][0xbf][0xbd]9[0x1e]bj[0xdd][0x94][0xef][0xbf][0xbd][0xef][0xbf][0xbd][0x1b][0xef][0xbf][0xbd][0xcb][0xa7][0x16][0xef][0xbf][0xbd]kiUp&9%. [0xef][0xbf][0xbd][0xf][0x15][0xef][0xbf][0xbd][0x1]wf[0xef][0xbf][0xbd]H[0xef][0xbf][0xbd][0xef][0xbf][0xbd]Q[0xef][0xbf][0xbd][0xef][0xbf][0xbd][0xef][0xbf][0xbd]9[0xef][0xbf][0xbd][0xef][0xbf][0xbd]p[0xef][0xbf][0xbd][0x1a][0xef][0xbf][0xbd]%a~[0xef][0xbf][0xbd]9`[0x4][0xef][0xbf][0xbd][0xef][0xbf][0xbd][0xef][0xbf][0xbd][0xc5][0x99][0xef][0xbf][0xbd][0x2][0xb]U[0xef][0xbf][0xbd]b[0xef][0xbf][0xbd][0xef][0xbf][0xbd]Y_[0xef][0xbf][0xbd][0xef][0xbf][0xbd][0xf][0xef][0xbf][0xbd]3[0x17][0xef][0xbf][0xbd][0xef][0xbf][0xbd][0x3][0xef][0xbf][0xbd]3[0xef][0xbf][0xbd][0xef][0xbf][0xbd][0xef][0xbf][0xbd][0xef][0xbf][0xbd]q[0xdc][0x90]f?[0xef][0xbf][0xbd][0xef][0xbf][0xbd][0xc7][0x8e]T [0x4][0xef][0xbf][0xbd][0xef][0xbf][0xbd]l[0xef][0xbf][0xbd]j[0xf]<[0xef][0xbf][0xbd][0xef][0xbf][0xbd].0[0xef][0xbf][0xbd]Jp[0x0][0xef][0xbf][0xbd][0xef][0xbf][0xbd][0xef][0xbf][0xbd][0x1b][0xef][0xbf][0xbd][0xc][0xef][0xbf][0xbd][0xef][0xbf][0xbd][0xef][0xbf][0xbd]S[0xef][0xbf][0xbd]i9[0xef][0xbf][0xbd][0xef][0xbf][0xbd][0xde][0x80][0xef][0xbf][0xbd][0xef][0xbf][0xbd][0xef][0xbf][0xbd][0xef][0xbf][0xbd][0xef][0xbf][0xbd][0xef][0xbf][0xbd][0xef][0xbf][0xbd][0xef][0xbf][0xbd][0x19][0xef][0xbf][0xbd][0xef][0xbf][0xbd]>[0xef][0xbf][0xbd][0xef][0xbf][0xbd])[0xef][0xbf][0xbd]/[0xef][0xbf][0xbd][0x4]6d[0xef][0xbf][0xbd]Y7[0xef][0xbf][0xbd]~[0xb][0xef][0xbf][0xbd][0x16]-[0xef][0xbf][0xbd][0xef][0xbf][0xbd][0xef][0xbf][0xbd][0xc3][0x9f][0xef][0xbf][0xbd][0xef][0xbf][0xbd][0x7][0x17][0xef][0xbf][0xbd][0xef][0xbf][0xbd][0xef][0xbf][0xbd][0xef][0xbf][0xbd]~[0xef][0xbf][0xbd]x[0x15][\r][0xef][0xbf][0xbd]7[0xef][0xbf][0xbd]c[0xef][0xbf][0xbd]`UQ[0xef][0xbf][0xbd]U[0xef][0xbf][0xbd]f[0xc3][0xa5][0x15][0xef][0xbf][0xbd][0xef][0xbf][0xbd]n[0xef][0xbf][0xbd]1[0x1e][0xef][0xbf][0xbd][0xef][0xbf][0xbd][0xef][0xbf][0xbd]9:[0xd4][0xa5]1[0x1a][0xcd][0x8a]K[0x1][0xef][0xbf][0xbd]C[0xef][0xbf][0xbd]f[0x19]p![0xef][0xbf][0xbd]"[0xef][0xbf][0xbd][0xef][0xbf][0xbd][0xef][0xbf][0xbd]3[0x18][0xef][0xbf][0xbd]+I[0xef][0xbf][0xbd]hw[0xef][0xbf][0xbd][0xde][0x93][0xef][0xbf][0xbd][0xef][0xbf][0xbd][0x9][0xef][0xbf][0xbd][0xef][0xbf][0xbd][0x1e][0xef][0xbf][0xbd][0x18][0x16][0xef][0xbf][0xbd]-[0xef][0xbf][0xbd]n-5[0xef][0xbf][0xbd][0xef][0xbf][0xbd][0xef][0xbf][0xbd]C[0xef][0xbf][0xbd][0xef][0xbf][0xbd]i[0x6][0xef][0xbf][0xbd][0xe4][0x93][0x81]d[0xcb][0xa3]2[0xef][0xbf][0xbd][0x8][0xef][0xbf][0xbd][0xef][0xbf][0xbd]Vg[0xef][0xbf][0xbd]1[0xef][0xbf][0xbd][0xef][0xbf][0xbd]c[0xef][0xbf][0xbd][0x0][0xdc][0x9b]Z_[0xef][0xbf][0xbd][0xef][0xbf][0xbd]bF[0xef][0xbf][0xbd][0xef][0xbf][0xbd]"b[0xef][0xbf][0xbd]/[0xf] ,[0x0]S[0xef][0xbf][0xbd][0xb]0TcY [0xef][0xbf][0xbd][0xef][0xbf][0xbd]u"[0xef][0xbf][0xbd]6<[0xef][0xbf][0xbd]y[0xef][0xbf][0xbd]Qw[0xef][0xbf][0xbd]O[0xef][0xbf][0xbd][0x17][0xd4][0x92][0xef][0xbf][0xbd]^[0xef][0xbf][0xbd][0xef][0xbf][0xbd][0xef][0xbf][0xbd]5P[0xef][0xbf][0xbd][0xef][0xbf][0xbd][0xef][0xbf][0xbd]/[0xef][0xbf][0xbd]j[0x1][0xef][0xbf][0xbd]&[0xef][0xbf][0xbd][0xef][0xbf][0xbd][0xef][0xbf][0xbd]w/[0xef][0xbf][0xbd][0xef][0xbf][0xbd][0xb][0xef][0xbf][0xbd][0x16]-[0xef][0xbf][0xbd][0xef][0xbf][0xbd][0xef][0xbf][0xbd][0xc3][0x9f][0xef][0xbf][0xbd]O_[0xef][0xbf][0xbd]:[0xef][0xbf][0xbd]^[0xef][0xbf][0xbd][0xca][0x88][0xef][0xbf][0xbd][0x2][0xef][0xbf][0xbd][0x1b][0xef][0xbf][0xbd]![0x1b]i[0x19][0xef][0xbf][0xbd][0xef][0xbf][0xbd][0x8][0xef][0xbf][0xbd],B[0x1b][0x1e]6?][0xc3][0x86][0xef][0xbf][0xbd][0xef][0xbf][0xbd]R[0xef][0xbf][0xbd][0xef][0xbf][0xbd]V15[0xef][0xbf][0xbd][0xef][0xbf][0xbd]$y[0xef][0xbf][0xbd][0xef][0xbf][0xbd],B?[0xef][0xbf][0xbd]gF[0xef][0xbf][0xbd][0xef][0xbf][0xbd]8S[0xef][0xbf][0xbd][0xef][0xbf][0xbd][0xef][0xbf][0xbd]U[0xef][0xbf][0xbd]1[0x3][0xe]U[0xef][0xbf][0xbd][0xef][0xbf][0xbd][0x9]y[0xef][0xbf][0xbd][0xef][0xbf][0xbd]u[0xef][0xbf][0xbd][0x5][0xdb][0xa5][0x15]m[0xef][0xbf][0xbd][0xef][0xbf][0xbd][0xef][0xbf][0xbd][0xef][0xbf][0xbd]][0x1][0xef][0xbf][0xbd][0xef][0xbf][0xbd][0x10][0x1][0xef][0xbf][0xbd][0xef][0xbf][0xbd][0xef][0xbf][0xbd][0xef][0xbf][0xbd][0x19][0x1f][0xef][0xbf][0xbd]Pnt"[0xb][0xef][0xbf][0xbd][0xef][0xbf][0xbd][0xef][0xbf][0xbd]4[0xef][0xbf][0xbd]%[0xef][0xbf][0xbd][0x1a][[0xef][0xbf][0xbd]B[0xc][0xef][0xbf][0xbd][0xef][0xbf][0xbd]&0[0xef][0xbf][0xbd][0xef][0xbf][0xbd][0x6][0xef][0xbf][0xbd][0x14]n^[0xef][0xbf][0xbd][0xe]#[0xef][0xbf][0xbd][0xd8][0xb1][0xef][0xbf][0xbd][0xef][0xbf][0xbd][0xb][0x2]e4p[0xef][0xbf][0xbd].[0xef][0xbf][0xbd][0xef][0xbf][0xbd]T[0xef][0xbf][0xbd][0xd2][0xab][0x7][0xef][0xbf][0xbd]W[0xdc][0x80][0xef][0xbf][0xbd][0xef][0xbf][0xbd]-\[0xef][0xbf][0xbd]y!9![0xef][0xbf][0xbd][0xc9][0x85][0xef][0xbf][0xbd][0xef][0xbf][0xbd][0xef][0xbf][0xbd][0xef][0xbf][0xbd]*[0x1f][0xef][0xbf][0xbd][0xef][0xbf][0xbd][0x6][0xef][0xbf][0xbd][0x0][0xef][0xbf][0xbd]wnfH[0xef][0xbf][0xbd][0xf]}[0xef][0xbf][0xbd]qRX[0x16]-Z[0xef][0xbf][0xbd][0xef][0xbf][0xbd][0xef][0xbf][0xbd][0xef][0xbf][0xbd][0x5][0xef][0xbf][0xbd][0xef][0xbf][0xbd]x[0xef][0xbf][0xbd][0xef][0xbf][0xbd][0xef][0xbf][0xbd]>[0xef][0xbf][0xbd][0xef][0xbf][0xbd][0xef][0xbf][0xbd]^[0xef][0xbf][0xbd]b[0xef][0xbf][0xbd][0xef][0xbf][0xbd][0xd5][0xb5][0x5]-[0xef][0xbf][0xbd][0xef][0xbf][0xbd]b[0xef][0xbf][0xbd][0x1c][0x8][0xef][0xbf][0xbd][0xef][0xbf][0xbd]$[\n]"
07:56:28.553 [main] DEBUG org.apache.http.wire -  >> "[0xef][0xbf][0xbd]rZU[0xef][0xbf][0xbd]_[0xef][0xbf][0xbd]I[0xef][0xbf][0xbd]&1[0xef][0xbf][0xbd]SRE[0xef][0xbf][0xbd]J[0xef][0xbf][0xbd][0x18][0xd6][0x9c]U[0xef][0xbf][0xbd]0[0xef][0xbf][0xbd]F[0x12]G[0xef][0xbf][0xbd][0xef][0xbf][0xbd]h[0xef][0xbf][0xbd][0xef][0xbf][0xbd][0xef][0xbf][0xbd][0x12][0xef][0xbf][0xbd]i[0xef][0xbf][0xbd][0x16]7[0xef][0xbf][0xbd],[0xef][0xbf][0xbd]q$[0xef][0xbf][0xbd][0x19]-[0xef][0xbf][0xbd][0xef][0xbf][0xbd]<[0xcd][0xb8].[0xef][0xbf][0xbd]?[0xef][0xbf][0xbd]_[0xef][0xbf][0xbd][0xef][0xbf][0xbd]}K[0xef][0xbf][0xbd][\r][0xef][0xbf][0xbd][0xc5][0xb8][0x17][0xca][0x81]U[0xef][0xbf][0xbd][\n]"
07:56:28.554 [main] DEBUG org.apache.http.wire -  >> "][0xef][0xbf][0xbd][0xc3][0x85]k[0xef][0xbf][0xbd]F[0xef][0xbf][0xbd][0xef][0xbf][0xbd][0xef][0xbf][0xbd][0xef][0xbf][0xbd][0xef][0xbf][0xbd]& [0x12]}[0xcd][0xa8][0xef][0xbf][0xbd][0xef][0xbf][0xbd]R"$[0xef][0xbf][0xbd][0xca][0xa7][0xef][0xbf][0xbd]g[0xef][0xbf][0xbd]RG>[0xef][0xbf][0xbd]VtY[0xce][0xa2]t[0xef][0xbf][0xbd][0xef][0xbf][0xbd][0xef][0xbf][0xbd]Ts\[0xda][0xbd]hV[0xef][0xbf][0xbd]][0xef][0xbf][0xbd]s[0xef][0xbf][0xbd][0x0]L[0x1e]J[0xef][0xbf][0xbd][0xef][0xbf][0xbd]X2[0xef][0xbf][0xbd][0x9]sb[0xef][0xbf][0xbd]g[0x1e],[0xef][0xbf][0xbd]l[0xd1][0xa2][0xef][0xbf][0xbd])=[0xef][0xbf][0xbd][0xef][0xbf][0xbd][0xef][0xbf][0xbd][0xef][0xbf][0xbd][0x15][0xef][0xbf][0xbd][0xef][0xbf][0xbd][0xef][0xbf][0xbd][0xef][0xbf][0xbd][0xef][0xbf][0xbd][0xef][0xbf][0xbd][0xef][0xbf][0xbd]a[0x18][0xef][0xbf][0xbd][0xef][0xbf][0xbd]P[0xef][0xbf][0xbd]e[0x2]a[0xef][0xbf][0xbd][0x0]#[0x10],[0xef][0xbf][0xbd][0x18][0x1f][0xef][0xbf][0xbd][0xef][0xbf][0xbd]|}[0x7][0x10]C[0xdc][0xa4][0xef][0xbf][0xbd][0x19][0xe4][0x9e][0xb7][0xef][0xbf][0xbd]$[0xef][0xbf][0xbd][0xf][0xc4][0xb5][0x4]Pu[0xef][0xbf][0xbd][0xef][0xbf][0xbd]Qf[0xef][0xbf][0xbd]hc~[0x1]R3[0xef][0xbf][0xbd][0xef][0xbf][0xbd][0xef][0xbf][0xbd]{[0xef][0xbf][0xbd][0xef][0xbf][0xbd][0xef][0xbf][0xbd][0xd9][0xa9][0xef][0xbf][0xbd][0xef][0xbf][0xbd][0xef][0xbf][0xbd][0x1d] [0xef][0xbf][0xbd][0xef][0xbf][0xbd]R[0x4][0xef][0xbf][0xbd][0xef][0xbf][0xbd][0xef][0xbf][0xbd][0xef][0xbf][0xbd]s[0xef][0xbf][0xbd][0xef][0xbf][0xbd]"[0x6][0xef][0xbf][0xbd][0x2][0xef][0xbf][0xbd]$5_\[0xef][0xbf][0xbd][0xef][0xbf][0xbd]v2[0xef][0xbf][0xbd][0xef][0xbf][0xbd][\r][0xef][0xbf][0xbd][0xef][0xbf][0xbd]f[0xef][0xbf][0xbd][0xef][0xbf][0xbd][0x16]}~c[0xf]A[0xef][0xbf][0xbd][0xef][0xbf][0xbd][0xef][0xbf][0xbd][0xef][0xbf][0xbd]mvB[0xef][0xbf][0xbd][0xef][0xbf][0xbd]p[0xef][0xbf][0xbd][0xef][0xbf][0xbd]X[0xef][0xbf][0xbd][0x1f][0xef][0xbf][0xbd]6r[0xef][0xbf][0xbd]|[0xef][0xbf][0xbd]n[0xef][0xbf][0xbd][0x12]6[0xef][0xbf][0xbd][0xef][0xbf][0xbd][0xef][0xbf][0xbd][0xef][0xbf][0xbd]64[0x2][0xef][0xbf][0xbd]*[0x19]h.*[0xef][0xbf][0xbd][0xd8][0x98]*-[0xd3][0xb2][0xef][0xbf][0xbd]\q$[0x8][0xef][0xbf][0xbd][0xef][0xbf][0xbd].[0xef][0xbf][0xbd]P[0xef][0xbf][0xbd]Z@[0xef][0xbf][0xbd]h[0xef][0xbf][0xbd][0xc7][0x8c][0xef][0xbf][0xbd][0xef][0xbf][0xbd]3[0xef][0xbf][0xbd][0xef][0xbf][0xbd][0xef][0xbf][0xbd][0xd7][0xa5][0xef][0xbf][0xbd][0xef][0xbf][0xbd][0xef][0xbf][0xbd][0xef][0xbf][0xbd][0xb][0xef][0xbf][0xbd][0x5][0x9][0xef][0xbf][0xbd]X[0x9]|[0x1][0xef][0xbf][0xbd]P[0x9][0xef][0xbf][0xbd][0xef][0xbf][0xbd][0xb][0xef][0xbf][0xbd]#[0xef][0xbf][0xbd][0xef][0xbf][0xbd]F[0xef][0xbf][0xbd][0xef][0xbf][0xbd][0x2]h-_[0xef][0xbf][0xbd]f[0xef][0xbf][0xbd]`[0x5]v[0xe2][0x9c][0xbf][0xef][0xbf][0xbd]q[0xef][0xbf][0xbd]#[0xef][0xbf][0xbd]1-&h[0xef][0xbf][0xbd]T[0x1d]B[0x1e][0xc2][0xaf][0x1c]o[0xef][0xbf][0xbd]h[0xef][0xbf][0xbd]@[0xef][0xbf][0xbd][0xef][0xbf][0xbd]t[0xef][0xbf][0xbd][0xef][0xbf][0xbd][0x2][0xef][0xbf][0xbd]M[0xef][0xbf][0xbd][0x8]-2[0xef][0xbf][0xbd][0xef][0xbf][0xbd][0xef][0xbf][0xbd]R[0xef][0xbf][0xbd][0xef][0xbf][0xbd]R[0xef][0xbf][0xbd]=iFYl[0xef][0xbf][0xbd]~[0xc]$/[0x16][0xef][0xbf][0xbd]s[0xef][0xbf][0xbd][0x13]`[0x13]'[0xef][0xbf][0xbd]r[0xc]D7kls[0xef][0xbf][0xbd][0xef][0xbf][0xbd][0xd5][0x8e][0xef][0xbf][0xbd]i[0xef][0xbf][0xbd][0xef][0xbf][0xbd]lk[0xef][0xbf][0xbd][0x1e][0x19]>[0xef][0xbf][0xbd]7[\n]"
07:56:28.554 [main] DEBUG org.apache.http.wire -  >> "Ph-I[0x18][0xcd][0x81][0xef][0xbf][0xbd]:&[0xef][0xbf][0xbd][0xe][0xef][0xbf][0xbd]V!}[0xd2][0x81]N[0xef][0xbf][0xbd][0xef][0xbf][0xbd][0xef][0xbf][0xbd][0x1b]c[0xef][0xbf][0xbd]&}[0xef][0xbf][0xbd]>[0xef][0xbf][0xbd][0xef][0xbf][0xbd][0xef][0xbf][0xbd]}2[0xef][0xbf][0xbd][0xef][0xbf][0xbd][0xef][0xbf][0xbd]<0[0xef][0xbf][0xbd]0i[0xef][0xbf][0xbd]WJ[0x17][0xef][0xbf][0xbd][0xef][0xbf][0xbd]h[0xd1][0xa2][0xef][0xbf][0xbd]6[0x1d][0x19][0xef][0xbf][0xbd][0xef][0xbf][0xbd]y[0xef][0xbf][0xbd]2[0x10][0xef][0xbf][0xbd]F][0xef][0xbf][0xbd]U[0xef][0xbf][0xbd][0x1d][0x1e][0xef][0xbf][0xbd][0x4][0xef][0xbf][0xbd]I-[0xef][0xbf][0xbd][\r][0xef][0xbf][0xbd][0xde][0x8a][0x19][0xef][0xbf][0xbd][0xef][0xbf][0xbd]NL7[0xef][0xbf][0xbd][0xef][0xbf][0xbd][0xef][0xbf][0xbd] [0xd6][0x90][0xef][0xbf][0xbd]]`[0xef][0xbf][0xbd][0xef][0xbf][0xbd]j[0xef][0xbf][0xbd]g[0x0]4[0xef][0xbf][0xbd][0xef][0xbf][0xbd]I[0x12][0xef][0xbf][0xbd][0xef][0xbf][0xbd][0xef][0xbf][0xbd]][0xef][0xbf][0xbd][0xef][0xbf][0xbd][\n]"
07:56:28.555 [main] DEBUG org.apache.http.wire -  >> "[0x17][0xef][0xbf][0xbd]n[0xef][0xbf][0xbd][0xef][0xbf][0xbd][0xd5][0x96]^[0xef][0xbf][0xbd][0xef][0xbf][0xbd][0xef][0xbf][0xbd]d[0xef][0xbf][0xbd][0xce][0xa6][0xef][0xbf][0xbd][0xef][0xbf][0xbd][0x1]S[0xef][0xbf][0xbd][0xef][0xbf][0xbd]b[0xef][0xbf][0xbd]`z[0xef][0xbf][0xbd][0xef][0xbf][0xbd]Yt[0xef][0xbf][0xbd]q[0xef][0xbf][0xbd]W[0xc3][0x84]5[0xef][0xbf][0xbd]C[0xca][0x92]k[0xd1][0xa5][0xef][0xbf][0xbd][0xef][0xbf][0xbd][0xef][0xbf][0xbd]9[0xb]W[0xef][0xbf][0xbd][0xf]`[0xef][0xbf][0xbd][0xef][0xbf][0xbd][0xef][0xbf][0xbd][0xef][0xbf][0xbd][0xef][0xbf][0xbd][0xe]x36z[0x7][0xef][0xbf][0xbd]|\[0xef][0xbf][0xbd][0xef][0xbf][0xbd]{[0xef][0xbf][0xbd][0xef][0xbf][0xbd][0xef][0xbf][0xbd][0xef][0xbf][0xbd]Tr[0xef][0xbf][0xbd][0xef][0xbf][0xbd][0xef][0xbf][0xbd]-M;[0xef][0xbf][0xbd]brya@[0x18][0xef][0xbf][0xbd]zG[0xef][0xbf][0xbd][0xef][0xbf][0xbd]E[\r][0xef][0xbf][0xbd]'][0xef][0xbf][0xbd][0xef][0xbf][0xbd]h[0xef][0xbf][0xbd]v[0xef][0xbf][0xbd][0x1b][0xef][0xbf][0xbd][0xef][0xbf][0xbd][0x5]a[0xef][0xbf][0xbd]Y[0xef][0xbf][0xbd][0xef][0xbf][0xbd]a[0xef][0xbf][0xbd]q[0xef][0xbf][0xbd][0xef][0xbf][0xbd][0xef][0xbf][0xbd]/[0xef][0xbf][0xbd]l[0xd1][0xa2][0xef][0xbf][0xbd]0%[0xef][0xbf][0xbd]=[0xef][0xbf][0xbd][0xd8][0xbe][0x13][0xef][0xbf][0xbd][0xef][0xbf][0xbd][0xef][0xbf][0xbd][0xef][0xbf][0xbd]y[0xef][0xbf][0xbd]V[0xef][0xbf][0xbd]K[0xef][0xbf][0xbd]([0xef][0xbf][0xbd][0x14].!q[0xef][0xbf][0xbd]J[0xef][0xbf][0xbd][0xef][0xbf][0xbd]q[0xef][0xbf][0xbd]k[0xef][0xbf][0xbd][0xef][0xbf][0xbd][0xef][0xbf][0xbd]{[0xef][0xbf][0xbd][0xef][0xbf][0xbd][0xef][0xbf][0xbd][0xef][0xbf][0xbd]*$[0xef][0xbf][0xbd][0xef][0xbf][0xbd]pAi,[0xef][0xbf][0xbd][0xef][0xbf][0xbd]0[0xef][0xbf][0xbd][0x16][0xe][0xef][0xbf][0xbd]{[0xef][0xbf][0xbd]=[0xef][0xbf][0xbd]"-[0x4][0xef][0xbf][0xbd][0xd5][0x9e][0xef][0xbf][0xbd][0xef][0xbf][0xbd][0xca][0xbd][0xef][0xbf][0xbd]-[0xd9][0x9e]N8[0xc8][0x8d][0xc8][0x8e][0xef][0xbf][0xbd][0xc2][0x90]Nn[0xef][0xbf][0xbd][0xef][0xbf][0xbd][0xef][0xbf][0xbd][0xef][0xbf][0xbd][0x2][0xef][0xbf][0xbd]lpT[0xef][0xbf][0xbd]YE[0xef][0xbf][0xbd]K[0xef][0xbf][0xbd]\[0xef][0xbf][0xbd]f')P[0xef][0xbf][0xbd]o[0xef][0xbf][0xbd][0x9][0xef][0xbf][0xbd][0xef][0xbf][0xbd]Vu[0xef][0xbf][0xbd]1s[0x12]VR[0xef][0xbf][0xbd].[0x1c][0xef][0xbf][0xbd]7[0xef][0xbf][0xbd]1O[0xef][0xbf][0xbd]Jtk[0xef][0xbf][0xbd][\n]"
07:56:28.556 [main] DEBUG org.apache.http.wire -  >> "5[0xef][0xbf][0xbd][0xef][0xbf][0xbd][0xef][0xbf][0xbd][[0xef][0xbf][0xbd][0x7]+[0xef][0xbf][0xbd][0x19][0xef][0xbf][0xbd]}[0xef][0xbf][0xbd][0x7]%[0xef][0xbf][0xbd]%[0xef][0xbf][0xbd]T[0xef][0xbf][0xbd]1[0xef][0xbf][0xbd][0xef][0xbf][0xbd]n[0x3][0xef][0xbf][0xbd][[0x7][0xeb][0xa2][0xb1][0xef][0xbf][0xbd]c[0x9][0xef][0xbf][0xbd][0xef][0xbf][0xbd][0xef][0xbf][0xbd]c[0xef][0xbf][0xbd][0x3][0xef][0xbf][0xbd][0xef][0xbf][0xbd]M[0xef][0xbf][0xbd]G[0xef][0xbf][0xbd]GiDb$[0xef][0xbf][0xbd][0x18]][0xef][0xbf][0xbd]![0xef][0xbf][0xbd]G[0xef][0xbf][0xbd][\r][0x19][0xef][0xbf][0xbd]eU>[0x1c][0xef][0xbf][0xbd][0xc5][0xb7][0xef][0xbf][0xbd]l[0x3][0xef][0xbf][0xbd][0x16][0xef][0xbf][0xbd]-Z[0xef][0xbf][0xbd][0x11][0xef][0xbf][0xbd]=[0xef][0xbf][0xbd][0xde][0x9f]}[0xef][0xbf][0xbd][0xef][0xbf][0xbd][0xef][0xbf][0xbd]^[0xef][0xbf][0xbd][0xef][0xbf][0xbd][0xef][0xbf][0xbd][0xef][0xbf][0xbd]S[0xe][0x16][0xef][0xbf][0xbd][0xef][0xbf][0xbd]{[0xf]D!c[0xd4][0x9c][0xef][0xbf][0xbd]4[0xef][0xbf][0xbd][0xef][0xbf][0xbd]nNQ>z[0xef][0xbf][0xbd][0xef][0xbf][0xbd]b[0x11][0xef][0xbf][0xbd]^@[0xef][0xbf][0xbd]Y[0x9]9[0x8][0xca][0xaa][0xef][0xbf][0xbd][0x0]i[0xd5][0x94]i[0xef][0xbf][0xbd]l8[0xef][0xbf][0xbd][0xef][0xbf][0xbd][0xef][0xbf][0xbd]k[0xef][0xbf][0xbd][0xef][0xbf][0xbd][0xef][0xbf][0xbd]Rj3[0xef][0xbf][0xbd][0xc][0x1c][0xef][0xbf][0xbd][0xef][0xbf][0xbd][0xef][0xbf][0xbd]$_[0xef][0xbf][0xbd]L[0x9]o&%[0xef][0xbf][0xbd][0xef][0xbf][0xbd]f6[0x4]o[0xef][0xbf][0xbd][0xef][0xbf][0xbd][0xef][0xbf][0xbd]:[0xef][0xbf][0xbd]c[0xca][0xb4][0xef][0xbf][0xbd]J[0xef][0xbf][0xbd][0xef][0xbf][0xbd]*[0x4][0xef][0xbf][0xbd][0xdb][0x9d][0xef][0xbf][0xbd][0xef][0xbf][0xbd][0xef][0xbf][0xbd][0x6]`4[0x9]!&>&.0[0xef][0xbf][0xbd]/[0xdb][0xaf]Vk[0xef][0xbf][0xbd]4[0xef][0xbf][0xbd][0x1a]M[0xef][0xbf][0xbd]>z_[0xef][0xbf][0xbd]5[0xef][0xbf][0xbd][0xef][0xbf][0xbd]F3[0x1d][0xef][0xbf][0xbd][0xef][0xbf][0xbd][0xef][0xbf][0xbd][0xef][0xbf][0xbd]a[0xef][0xbf][0xbd][0x7]nc[0xef][0xbf][0xbd][0xd8][0xa8][0xef][0xbf][0xbd]-41[0xef][0xbf][0xbd]bX[0xef][0xbf][0xbd]&[0xef][0xbf][0xbd]2[\r][0xef][0xbf][0xbd][0x11][0xde][0x8d]y &Z[0x13][0xef][0xbf][0xbd][0x1e][0x15][0xef][0xbf][0xbd][0xef][0xbf][0xbd][0xe4][0xbf][0xb3][0xef][0xbf][0xbd]f[0xef][0xbf][0xbd][0xef][0xbf][0xbd]ubh[0xc]}[0xef][0xbf][0xbd][0x0];[0xd3][0x83][0xef][0xbf][0xbd][0x17][0xef][0xbf][0xbd]-Z[0xef][0xbf][0xbd][0xef][0xbf][0xbd][0xef][0xbf][0xbd][0xef][0xbf][0xbd][0xef][0xbf][0xbd][0xef][0xbf][0xbd][0xef][0xbf][0xbd][0xef][0xbf][0xbd][0xef][0xbf][0xbd]o[0xef][0xbf][0xbd][0xef][0xbf][0xbd]u[0x5][0xef][0xbf][0xbd][0x19][0xef][0xbf][0xbd]&[0xdb][0xb7][0xe]r[0xef][0xbf][0xbd][0x2][0xc][0x14][0xef][0xbf][0xbd]2)d[\n]"
07:56:28.557 [main] DEBUG org.apache.http.wire -  >> "X[0x1b][0xe][0x1c]D[0x12]A)[0xef][0xbf][0xbd][0x9][0x12][0xef][0xbf][0xbd][0xef][0xbf][0xbd][0x14][0xef][0xbf][0xbd][0xef][0xbf][0xbd]5[0x5][0xef][0xbf][0xbd][\n]"
07:56:28.557 [main] DEBUG org.apache.http.wire -  >> "[0x15][0xef][0xbf][0xbd][0x14][0xef][0xbf][0xbd]8[0xef][0xbf][0xbd][0xef][0xbf][0xbd]pZJ"[0xef][0xbf][0xbd]O.C[0x7][0xef][0xbf][0xbd]R[0xc8][0xaa][0xef][0xbf][0xbd][0xef][0xbf][0xbd][0xef][0xbf][0xbd]S[0xef][0xbf][0xbd][0xef][0xbf][0xbd]`][0xef][0xbf][0xbd][0xef][0xbf][0xbd]a[0xef][0xbf][0xbd][0xef][0xbf][0xbd][0xef][0xbf][0xbd]f[0xd1][0xa7][0xef][0xbf][0xbd]k[0xef][0xbf][0xbd]v[0xef][0xbf][0xbd][0xef][0xbf][0xbd][0xef][0xbf][0xbd][0xef][0xbf][0xbd][0xdc][0x99][0xef][0xbf][0xbd][0xef][0xbf][0xbd]Z[0xef][0xbf][0xbd][0xef][0xbf][0xbd]OV"5`![0xef][0xbf][0xbd][0xef][0xbf][0xbd][0xe][0xef][0xbf][0xbd]r[0xef][0xbf][0xbd][\r][0xef][0xbf][0xbd][0x1d][0xef][0xbf][0xbd]C[0xef][0xbf][0xbd]'[0xef][0xbf][0xbd][0xef][0xbf][0xbd]'p[0xef][0xbf][0xbd][0xef][0xbf][0xbd][0xef][0xbf][0xbd][0xef][0xbf][0xbd]`[0xc5][0xa6]V[0xef][0xbf][0xbd]O[0x2]%\r*[0x8][0xd6][0xa8][0xef][0xbf][0xbd][0xef][0xbf][0xbd][0x9][0x18]:e[0x11]v[0xef][0xbf][0xbd][0xef][0xbf][0xbd]6[0xef]"
07:56:28.558 [main] DEBUG org.apache.http.wire -  >> "[0xbf][0xbd][0x1c]c[0xef][0xbf][0xbd][0xef][0xbf][0xbd];/|</7[0x16][0xef][0xbf][0xbd][0xef][0xbf][0xbd]n6[0xef][0xbf][0xbd]2GS[0xef][0xbf][0xbd][0x9]?+>[0x18][0xef][0xbf][0xbd]|)[0xef][0xbf][0xbd][0xd3][0xb2]w[0xef][0xbf][0xbd][0xef][0xbf][0xbd][0xef][0xbf][0xbd][0xef][0xbf][0xbd]p[0xef][0xbf][0xbd][0xd5][0xad].H[0xef][0xbf][0xbd]tH[0xef][0xbf][0xbd][0x16][0xef][0xbf][0xbd]-Z[0xef][0xbf][0xbd][0x11][0xef][0xbf][0xbd]/[0xef][0xbf][0xbd][0xef][0xbf][0xbd][0xef][0xbf][0xbd][0xef][0xbf][0xbd][0xd7][0xae].[0xef][0xbf][0xbd]W[0xef][0xbf][0xbd][0xef][0xbf][0xbd][0xef][0xbf][0xbd][0xef][0xbf][0xbd][\r][0xef][0xbf][0xbd][0xef][0xbf][0xbd]aI[0xef][0xbf][0xbd][0xef][0xbf][0xbd]i[0xf][0xef][0xbf][0xbd]jk[0x2][0xef][0xbf][0xbd]J6[0x1d][0x1b]%k[0xef][0xbf][0xbd]L[0xef][0xbf][0xbd])[0xef][0xbf][0xbd][0x6][0xef][0xbf][0xbd]m[0x10][0xef][0xbf][0xbd]*[0xef][0xbf][0xbd][0xef][0xbf][0xbd]d[0xcf][0x85]976G[0x17][0xf][0xef][0xbf][0xbd]@[0xef][0xbf][0xbd][0x9][0xef][0xbf][0xbd]S2[\n]"
07:56:28.558 [main] DEBUG org.apache.http.wire -  >> "EI[0xef][0xbf][0xbd][0xef][0xbf][0xbd]w[0x16][0xef][0xbf][0xbd][0xef][0xbf][0xbd]Y/\U[\r]p[0xef][0xbf][0xbd]-[0xef][0xbf][0xbd][0xef][0xbf][0xbd][0xef][0xbf][0xbd][\n]"
07:56:28.559 [main] DEBUG org.apache.http.wire -  >> "[0xef][0xbf][0xbd][0xef][0xbf][0xbd]C[0xef][0xbf][0xbd][0xef][0xbf][0xbd][0xef][0xbf][0xbd][0xef][0xbf][0xbd][0xef][0xbf][0xbd])[0x1b]L[0xef][0xbf][0xbd]h[0xc8][0xb2][0xef][0xbf][0xbd][0xef][0xbf][0xbd][0x2]s&[0xef][0xbf][0xbd][0xef][0xbf][0xbd]f[\n]"
07:56:28.559 [main] DEBUG org.apache.http.wire -  >> "[0xef][0xbf][0xbd]A[0xef][0xbf][0xbd]M[0xef][0xbf][0xbd][0x1c][0x6][0xef][0xbf][0xbd][0xef][0xbf][0xbd][0xef][0xbf][0xbd][0xef][0xbf][0xbd]q[0xef][0xbf][0xbd]6`[0x2][0xef][0xbf][0xbd]@[0xef][0xbf][0xbd][0xef][0xbf][0xbd][0xef][0xbf][0xbd][0xef][0xbf][0xbd][0x2][0xef][0xbf][0xbd]\[0xef][0xbf][0xbd][0x19][\n]"
07:56:28.559 [main] DEBUG org.apache.http.wire -  >> "[0xef][0xbf][0xbd]2[0xef][0xbf][0xbd]Z[0xef][0xbf][0xbd][0xef][0xbf][0xbd][0x1f]0[0xef][0xbf][0xbd][0xef][0xbf][0xbd][0xef][0xbf][0xbd] [0xef][0xbf][0xbd][0xef][0xbf][0xbd]/ 9[0x1d][0xef][0xbf][0xbd][0xef][0xbf][0xbd],[0xef][0xbf][0xbd],[0xef][0xbf][0xbd]6I[0xef][0xbf][0xbd]n[0xef][0xbf][0xbd][0x1][0xef][0xbf][0xbd][0xef][0xbf][0xbd]&[0xef][0xbf][0xbd][0xef][0xbf][0xbd][0xef][0xbf][0xbd]i[0xef][0xbf][0xbd][0xef][0xbf][0xbd]3[0xef][0xbf][0xbd]:I[0x14][0xef][0xbf][0xbd]FNC[0xdd][0x97][0xef][0xbf][0xbd]mSe[0xef][0xbf][0xbd][0xef][0xbf][0xbd][0xef][0xbf][0xbd][0xef][0xbf][0xbd]l[0xd1][0xa2][0xef][0xbf][0xbd][0xef][0xbf][0xbd][0xef][0xbf][0xbd][0xef][0xbf][0xbd][0xef][0xbf][0xbd][0xef][0xbf][0xbd][0xef][0xbf][0xbd][0xef][0xbf][0xbd]W[0xef][0xbf][0xbd][0xef][0xbf][0xbd][0xef][0xbf][0xbd]u[\r][0xef][0xbf][0xbd]/[0x14][0xef][0xbf][0xbd]Ra[0xef][0xbf][0xbd]A$[0xef][0xbf][0xbd][0xef][0xbf][0xbd]z[0xef][0xbf][0xbd]}j[0xe9][0xa2][0x98][0x1b][0x5][0x1e]e[0xef][0xbf][0xbd][0xef][0xbf][0xbd][0xef][0xbf][0xbd]D[0x1][0xef][0xbf][0xbd][0xef][0xbf][0xbd][0x0][0xef][0xbf][0xbd]C[0xef][0xbf][0xbd][0xef][0xbf][0xbd][0xef][0xbf][0xbd]b[0xef][0xbf][0xbd]?[0xef][0xbf][0xbd][0xef][0xbf][0xbd][0x8]*,[0x8][0xef][0xbf][0xbd][0xef][0xbf][0xbd][0x19]S2[0xef][0xbf][0xbd];[0x11]M2[0xef][0xbf][0xbd][0xef][0xbf][0xbd][0xef][0xbf][0xbd]#[0xef][0xbf][0xbd]c,[0xef][0xbf][0xbd][0xef][0xbf][0xbd]([0xef][0xbf][0xbd][0xef][0xbf][0xbd][\n]"
07:56:28.559 [main] DEBUG org.apache.http.wire -  >> "[0xef][0xbf][0xbd]2[0x11]T[0xef][0xbf][0xbd][0xef][0xbf][0xbd]-[0xef][0xbf][0xbd][0xef][0xbf][0xbd][0xef][0xbf][0xbd][0xef][0xbf][0xbd][0xef][0xbf][0xbd][0xef][0xbf][0xbd][0x1c] ]7[0xef][0xbf][0xbd][0xef][0xbf][0xbd][0x10][0xef][0xbf][0xbd][0xef][0xbf][0xbd]&[0xef][0xbf][0xbd][0xef][0xbf][0xbd]@[0xef][0xbf][0xbd]Z[0xef][0xbf][0xbd][0xef][0xbf][0xbd]}`>[0xef][0xbf][0xbd][0xef][0xbf][0xbd]r[0xef][0xbf][0xbd]/[0xd7][0xa5] [0xef][0xbf][0xbd],[0xef][0xbf][0xbd]\ V[0xd5][0x9f][0xef][0xbf][0xbd]O[0xef][0xbf][0xbd]@_[0xef][0xbf][0xbd][0x10]h[0xef][0xbf][0xbd][0xef][0xbf][0xbd]>0b[0xef][0xbf][0xbd][0xef][0xbf][0xbd][0xef][0xbf][0xbd][0xef][0xbf][0xbd][0xef][0xbf][0xbd][0xef][0xbf][0xbd][0xef][0xbf][0xbd][0xef][0xbf][0xbd]%zl[0x2][0xef][0xbf][0xbd][0xef][0xbf][0xbd]b[0xb]T[0xf]M[0x14][0xef][0xbf][0xbd][0xef][0xbf][0xbd][0x1a]5[0x17]M[0xc]9[0x6][0xef][0xbf][0xbd][0x1a][0xef][0xbf][0xbd]n[0x0]-}[0xef][0xbf][0xbd][0xef][0xbf][0xbd]$[0xef][0xbf][0xbd]E'u[0x4][0xef][0xbf][0xbd]_C[0xef][0xbf][0xbd][0x15][0xef][0xbf][0xbd]=[0xef][0xbf][0xbd][0xef][0xbf][0xbd][0xef][0xbf][0xbd][0xef][0xbf][0xbd][0xef][0xbf][0xbd][0x5]d[0xef][0xbf][0xbd][0x16]=e[0xef][0xbf][0xbd][0xef][0xbf][0xbd][0xef][0xbf][0xbd][0xef][0xbf][0xbd][0xef][0xbf][0xbd]UI~[0xef][0xbf][0xbd][0xef][0xbf][0xbd][0x16]y[\n]"
07:56:28.560 [main] DEBUG org.apache.http.wire -  >> "}[\n]"
07:56:28.560 [main] DEBUG org.apache.http.wire -  >> "p[0x1b][0xef][0xbf][0xbd][0x12][0xef][0xbf][0xbd][0x1c][0xef][0xbf][0xbd]h8[0xef][0xbf][0xbd]HN[0xef][0xbf][0xbd][0xef][0xbf][0xbd][0xef][0xbf][0xbd][0xef][0xbf][0xbd]Y[[0x1f][0x10][0xef][0xbf][0xbd]]_[0xb]?M6[0xef][0xbf][0xbd]?^[0xef][0xbf][0xbd]n[0xef][0xbf][0xbd][0xef][0xbf][0xbd]$[0xef][0xbf][0xbd][0xef][0xbf][0xbd]??[0xef][0xbf][0xbd]|[0x1a][0x2][0xef][0xbf][0xbd][0xef][0xbf][0xbd]![0xef][0xbf][0xbd][0x1e][0xef][0xbf][0xbd][0xef][0xbf][0xbd][0xef][0xbf][0xbd][0xc3][0x8c][0xef][0xbf][0xbd][0x1d][0xef][0xbf][0xbd][0x2][0xef][0xbf][0xbd][0xef][0xbf][0xbd][0x10][0xef][0xbf][0xbd][0xef][0xbf][0xbd]Mc[0xef][0xbf][0xbd]L~+pI[0xef][0xbf][0xbd][0xef][0xbf][0xbd][0xef][0xbf][0xbd][0xef][0xbf][0xbd][0xef][0xbf][0xbd][0x5]Pw$[0xef][0xbf][0xbd]I[0xef][0xbf][0xbd][0xef][0xbf][0xbd]![0xef][0xbf][0xbd][0xef][0xbf][0xbd][0xef][0xbf][0xbd]?[0xef][0xbf][0xbd][0xef][0xbf][0xbd][0xef][0xbf][0xbd][0xef][0xbf][0xbd][0x2][0xef][0xbf][0xbd]Q[0xef][0xbf][0xbd]9[0xef][0xbf][0xbd]O[0x0][0xef][0xbf][0xbd][0xef][0xbf][0xbd][0xef][0xbf][0xbd][0xef][0xbf][0xbd][0xef][0xbf][0xbd][0xef][0xbf][0xbd][0xef][0xbf][0xbd]N[0xef][0xbf][0xbd][0xef][0xbf][0xbd][0x5][0xef][0xbf][0xbd][0xef][0xbf][0xbd]B[0xef][0xbf][0xbd][0xef][0xbf][0xbd]VM![0x15]N[0xef][0xbf][0xbd]ENM[0xef][0xbf][0xbd][0xef][0xbf][0xbd]JA[0x2][0xef][0xbf][0xbd][0xef][0xbf][0xbd]c[0xef][0xbf][0xbd]#[0xef][0xbf][0xbd][0xd9][0x82][0xef][0xbf][0xbd]5[0x12][0x1b]k[0xc5][0xa6][0xef][0xbf][0xbd][0xef][0xbf][0xbd][0xd6][0x99][0xef][0xbf][0xbd][0x18][0xe2][0xb2][0xba]|V[0xef][0xbf][0xbd]A[0xef][0xbf][0xbd]([0xd0][0x8f]l"[0x7][0x1b][0xef][0xbf][0xbd][0x16][0xef][0xbf][0xbd]x[0xef][0xbf][0xbd][0xef][0xbf][0xbd]9[0xef][0xbf][0xbd][0x2][0xef][0xbf][0xbd][0xe][0xef][0xbf][0xbd]Z[0xef][0xbf][0xbd]}[0xef][0xbf][0xbd][0xef][0xbf][0xbd]g[0xef][0xbf][0xbd]m}h[0x8]L[0x16][0xef][0xbf][0xbd][0xef][0xbf][0xbd][0x8]mp[0xef][0xbf][0xbd]i[0x1][0xd9][0xa2]EO[0x9][0x1d][0xf1][0xaf][0x8b][0xbd]f[<J[0xef][0xbf][0xbd][0xef][0xbf][0xbd]AHL[0x8][0x9]-D[0xc9][0xad]z[0x15][0xef][0xbf][0xbd]\[0xef][0xbf][0xbd][0xef][0xbf][0xbd]C[0xef][0xbf][0xbd]u&[0xef][0xbf][0xbd][0xef][0xbf][0xbd][0xef][0xbf][0xbd][0xd0][0xb2][0xc4][0x8c]n[0xef][0xbf][0xbd]r[0xcd][0xa5][0xef][0xbf][0xbd]-[0xef][0xbf][0xbd][0xef][0xbf][0xbd]B[0x1c] [0xda][0x92][0xde][0x87][0xef][0xbf][0xbd]^B[0x7][0x6][0xc][0xef][0xbf][0xbd]n@%[0xef][0xbf][0xbd][\r][0xef][0xbf][0xbd]1X[0xcf][0x98]u[0xef][0xbf][0xbd]E[\n]"
07:56:28.561 [main] DEBUG org.apache.http.wire -  >> "[0xef][0xbf][0xbd]jT[0xef][0xbf][0xbd][0x9]"[0xef][0xbf][0xbd][0xdf][0x8f]c[0xef][0xbf][0xbd][0x5][0xf]<[0xef][0xbf][0xbd][0x16][0xef][0xbf][0xbd]$[0xc6][0xa6][0x14][0xcc][0xaa][0xef][0xbf][0xbd][0xef][0xbf][0xbd]['[0xef][0xbf][0xbd][0x14][0xef][0xbf][0xbd][0xef][0xbf][0xbd][0xef][0xbf][0xbd][0xef][0xbf][0xbd]L[0xc8][0x88][0xef][0xbf][0xbd],"[0xef][0xbf][0xbd]a[0xef][0xbf][0xbd][0x1b]][0xef][0xbf][0xbd][0xcc][0x8a][0x1c][0xef][0xbf][0xbd]>[0xef][0xbf][0xbd]/Y[0x1f]"[0xef][0xbf][0xbd][0xdb][0x9b][0xef][0xbf][0xbd][0xef][0xbf][0xbd]"[0xef][0xbf][0xbd][0xef][0xbf][0xbd][0xef][0xbf][0xbd][0x1a]u[0xef][0xbf][0xbd][0xef][0xbf][0xbd][0xef][0xbf][0xbd][0x1c][0xd9][0x91][0xef][0xbf][0xbd]h[0xef][0xbf][0xbd][0xef][0xbf][0xbd][0xef][0xbf][0xbd][0xb][0xef][0xbf][0xbd][0xef][0xbf][0xbd]+[0xef][0xbf][0xbd][0xef][0xbf][0xbd][0xef][0xbf][0xbd]k[0xef][0xbf][0xbd]Zmk[0xef][0xbf][0xbd]Nq[0xc5][0x90]{y[0xef][0xbf][0xbd][0xef][0xbf][0xbd][0xef][0xbf][0xbd][0x2]W[0xef][0xbf][0xbd])[0xef][0xbf][0xbd][0xef][0xbf][0xbd][0xef][0xbf][0xbd]5[0xef][0xbf][0xbd]C+([0x17]. e[0xef][0xbf][0xbd][0xef][0xbf][0xbd][0xef][0xbf][0xbd][0x1f]Q[0xef][0xbf][0xbd])f[0xef][0xbf][0xbd][0xef][0xbf][0xbd][0xef][0xbf][0xbd][0xef][0xbf][0xbd][0x5]d[0xef][0xbf][0xbd][0x16]}[0xef][0xbf][0xbd][0xef][0xbf][0xbd][0xef][0xbf][0xbd][0xf]?[0xef][0xbf][0xbd]}[0xef][0xbf][0xbd][0xef][0xbf][0xbd][0xef][0xbf][0xbd]|[0xef][0xbf][0xbd]J[0x1f]AHdB[0xc3][0x96][0xef][0xbf][0xbd]y[0x8][0xef][0xbf][0xbd]@8[0x8][0xef][0xbf][0xbd][0xef][0xbf][0xbd][0xef][0xbf][0xbd][0x6]][\n]"
07:56:28.561 [main] DEBUG org.apache.http.wire -  >> "g[0xef][0xbf][0xbd][0x14]A=m[0xef][0xbf][0xbd][0xef][0xbf][0xbd]o([0xef][0xbf][0xbd][0xef][0xbf][0xbd][0xef][0xbf][0xbd]#[0xef][0xbf][0xbd][0xcc][0xac]7[0xef][0xbf][0xbd][0x16][0x16]9[0x13][0xef][0xbf][0xbd]U[0xd3][0x87] [0xef][0xbf][0xbd][0xef][0xbf][0xbd]A[0xef][0xbf][0xbd][0xef][0xbf][0xbd][0xef][0xbf][0xbd][0xe][0xef][0xbf][0xbd][0x11][0xef][0xbf][0xbd][0x14][0x17]_"[0xef][0xbf][0xbd]&[0x8]<[0xef][0xbf][0xbd][0x16][0xef][0xbf][0xbd][0xef][0xbf][0xbd][0x19][0xef][0xbf][0xbd]([0xef][0xbf][0xbd]2[0xef][0xbf][0xbd][0xef][0xbf][0xbd]hB[0xc6][0x82]\[0xef][0xbf][0xbd][0xef][0xbf][0xbd][0xef][0xbf][0xbd][0xd4][0x90][0xef][0xbf][0xbd][0xef][0xbf][0xbd][0xef][0xbf][0xbd][0xef][0xbf][0xbd][0xc8][0xb2][0xef][0xbf][0xbd][0x1b][0xc7][0xa2]-=<W&D[0xef][0xbf][0xbd][0xef][0xbf][0xbd][0xce][0x92][0xef][0xbf][0xbd]8[0x7][0xef][0xbf][0xbd][0xef][0xbf][0xbd][0xb]h[0xef][0xbf][0xbd][0xef][0xbf][0xbd][0xef][0xbf][0xbd]][0xef][0xbf][0xbd]q[0x13][0xef][0xbf][0xbd][0xef][0xbf][0xbd]>[0xef][0xbf][0xbd]K[0xef][0xbf][0xbd]i}[0xef][0xbf][0xbd]2[0xef][0xbf][0xbd]3A[0xef][0xbf][0xbd]zI?[0xef][0xbf][0xbd][0xef][0xbf][0xbd][0xef][0xbf][0xbd];Q[0xef][0xbf][0xbd]g[0xef][0xbf][0xbd]=-F[0xef][0xbf][0xbd]tvp[0xef][0xbf][0xbd][0xef][0xbf][0xbd][0x12]3[0xef][0xbf][0xbd]K[0xef][0xbf][0xbd][0x1][0xef][0xbf][0xbd][0x13][0xef][0xbf][0xbd][0xef][0xbf][0xbd][0xef][0xbf][0xbd]~[0xef][0xbf][0xbd]K[0xef][0xbf][0xbd]L[0x10][0x1]w[0xef][0xbf][0xbd]L[0xef][0xbf][0xbd][0xef][0xbf][0xbd][0xef][0xbf][0xbd]x>[0xef][0xbf][0xbd][0xef][0xbf][0xbd][0xef][0xbf][0xbd][0xef][0xbf][0xbd][0xef][0xbf][0xbd]^2@=[0x14][0xef][0xbf][0xbd][0xef][0xbf][0xbd][0xef][0xbf][0xbd]xv[0xef][0xbf][0xbd][0xef][0xbf][0xbd][0xef][0xbf][0xbd]t&[0xef][0xbf][0xbd], [[0xef][0xbf][0xbd][0xef][0xbf][0xbd][0xc3][0xa2]#[0xef][0xbf][0xbd]e[0xef][0xbf][0xbd][0xef][0xbf][0xbd][0xef][0xbf][0xbd][0xef][0xbf][0xbd]+[0xef][0xbf][0xbd][0xef][0xbf][0xbd]}[0x11][0xef][0xbf][0xbd][0xef][0xbf][0xbd]>[0xef][0xbf][0xbd][0xef][0xbf][0xbd]n8=[0xef][0xbf][0xbd][0xc][0xef][0xbf][0xbd]v[0xdb][0xb8]l[0xef][0xbf][0xbd][0x16]R[0xef][0xbf][0xbd][0xef][0xbf][0xbd]G[0xef][0xbf][0xbd][0xef][0xbf][0xbd] [0xef][0xbf][0xbd][0x4][0xef][0xbf][0xbd][0xe][0xef][0xbf][0xbd][0xef][0xbf][0xbd][0x18][0x1b][\n]"
07:56:28.562 [main] DEBUG org.apache.http.wire -  >> "[0xef][0xbf][0xbd]\[0xef][0xbf][0xbd][0xef][0xbf][0xbd][0x16]b[0xef][0xbf][0xbd]6[0xef][0xbf][0xbd][0x14]M[0xef][0xbf][0xbd][0xef][0xbf][0xbd][0x1b][0xef][0xbf][0xbd][0x16]w[0xef][0xbf][0xbd][0xef][0xbf][0xbd][0xcc][0x86][0xef][0xbf][0xbd][0x0][0x17][0x12]O[0xef][0xbf][0xbd]@_[0xef][0xbf][0xbd]bM[0xef][0xbf][0xbd]([0xef][0xbf][0xbd][0xef][0xbf][0xbd][0xef][0xbf][0xbd][0xef][0xbf][0xbd]EB[[0xef][0xbf][0xbd][0xef][0xbf][0xbd]F[0xef][0xbf][0xbd][0xef][0xbf][0xbd][0xef][0xbf][0xbd][0xe]+F8cG-KU1h[0xef][0xbf][0xbd]S[0x3][0xcf][0x88][0xef][0xbf][0xbd][0xef][0xbf][0xbd][0xef][0xbf][0xbd][0x1][0xef][0xbf][0xbd][0x15]PW[[0xca][0xa2]*[0xef][0xbf][0xbd][0xef][0xbf][0xbd][0xef][0xbf][0xbd])F[0xef][0xbf][0xbd][0xef][0xbf][0xbd],[0xe]Xy[0xc8][0x9e][0x1c]@1mJk`[0xeb][0xa3][0xbb][0xef][0xbf][0xbd]B[0xef][0xbf][0xbd][0xef][0xbf][0xbd]][0xef][0xbf][0xbd],[0xef][0xbf][0xbd]J[0x1][0xef][0xbf][0xbd]V[0xf][0xef][0xbf][0xbd],[0xef][0xbf][0xbd][0xef][0xbf][0xbd]m5cQ[0xef][0xbf][0xbd][0xef][0xbf][0xbd][0xef][0xbf][0xbd][0xef][0xbf][0xbd][0xef][0xbf][0xbd][0xef][0xbf][0xbd]d[0xef][0xbf][0xbd]T[0xef][0xbf][0xbd][0xef][0xbf][0xbd]%|[0xef][0xbf][0xbd][0x12][0xef][0xbf][0xbd][0x1a]I[0x1e][0x1a]\[0xef][0xbf][0xbd]e@Y[0xef][0xbf][0xbd]ucN[0xef][0xbf][0xbd][0xef][0xbf][0xbd][0xef][0xbf][0xbd]?[0xef][0xbf][0xbd]}J[0xef][0xbf][0xbd][0xef][0xbf][0xbd][0xef][0xbf][0xbd][0xef][0xbf][0xbd][0xdd][0xa4][0xef][0xbf][0xbd]@ai[0xef][0xbf][0xbd]Yyu[0xef][0xbf][0xbd]. [[0xef][0xbf][0xbd][0xe8][0x83][0xa6]k[0xef][0xbf][0xbd][0xef][0xbf][0xbd][0xef][0xbf][0xbd]u][0xef][0xbf][0xbd]z[0xef][0xbf][0xbd][0xef][0xbf][0xbd][0xef][0xbf][0xbd][0xef][0xbf][0xbd][0xef][0xbf][0xbd][0xef][0xbf][0xbd]R[0x9][0xef][0xbf][0xbd]8[[0x18]v[0xef][0xbf][0xbd][0x2]o [0xef][0xbf][0xbd][0xef][0xbf][0xbd]`[0xef][0xbf][0xbd]:[0xcc][0x98][0xef][0xbf][0xbd][0xef][0xbf][0xbd][0xef][0xbf][0xbd][\r][0xd6][0x82][0xef][0xbf][0xbd][0x1c]o[0xef][0xbf][0xbd]QM[0xef][0xbf][0xbd]R[0xef][0xbf][0xbd][0xef][0xbf][0xbd][0xef][0xbf][0xbd][0x12][0xef][0xbf][0xbd][0xef][0xbf][0xbd][0xef][0xbf][0xbd][0x15][0xef][0xbf][0xbd]"~[0x16][0x1a]W2[0xef][0xbf][0xbd][0xef][0xbf][0xbd][0xef][0xbf][0xbd][0x8][0xef][0xbf][0xbd][0xca][0xb2][0xef][0xbf][0xbd][0xef][0xbf][0xbd][0xef][0xbf][0xbd]F[0x2]Gu;`[0xef][0xbf][0xbd]I[0xef][0xbf][0xbd][0xef][0xbf][0xbd][0xef][0xbf][0xbd][0xef][0xbf][0xbd][0xef][0xbf][0xbd][0xef][0xbf][0xbd][0x12][0xef][0xbf][0xbd]V[0xef][0xbf][0xbd][0xca][0xb8][0xb]yF[0xef][0xbf][0xbd][0xef][0xbf][0xbd][0x8][0xef][0xbf][0xbd][0xe3][0x86][0x92][0xef][0xbf][0xbd][0x17][0xef][0xbf][0xbd][0x12][0x10][0xef][0xbf][0xbd]6[0xef][0xbf][0xbd][0xef][0xbf][0xbd]-[0x1d][0xef][0xbf][0xbd]i[0xef][0xbf][0xbd]#[0xef][0xbf][0xbd][0x17][0xef][0xbf][0xbd][0x0][0xef][0xbf][0xbd][0xef][0xbf][0xbd][0xef][0xbf][0xbd][0xe]hU[0xef][0xbf][0xbd]%d[0xef][0xbf][0xbd]i[0xef][0xbf][0xbd]d[0xef][0xbf][0xbd][0xef][0xbf][0xbd][0xef][0xbf][0xbd][0xef][0xbf][0xbd][0xef][0xbf][0xbd][0x2][0xef][0xbf][0xbd][0xef][0xbf][0xbd][0xef][0xbf][0xbd]G[0x13]W[0xef][0xbf][0xbd]uW[0xc4][0xb5][0xef][0xbf][0xbd]F7[0xef][0xbf][0xbd][0xef][0xbf][0xbd]C[0xef][0xbf][0xbd];[0xef][0xbf][0xbd][0x1f]9[0xef][0xbf][0xbd]d[0xec][0x92][0xa9]@[0xef][0xbf][0xbd]T[0x2]$[0xef][0xbf][0xbd]i=O[0xef][0xbf][0xbd][0x14][0xef][0xbf][0xbd]V[0x6][\n]"
07:56:28.563 [main] DEBUG org.apache.http.wire -  >> "[0x1c][0xef][0xbf][0xbd][0xef][0xbf][0xbd][0xef][0xbf][0xbd](h[0xef][0xbf][0xbd]C4[0x18][0xde][0x97][0xef][0xbf][0xbd][0xef][0xbf][0xbd]j[0xef][0xbf][0xbd][0xef][0xbf][0xbd][\r]}[0xef][0xbf][0xbd][0xef][0xbf][0xbd]E`[0x12][0xef][0xbf][0xbd]t[0xef][0xbf][0xbd][0x17][0xef][0xbf][0xbd]-Z[0xef][0xbf][0xbd]A[0xef][0xbf][0xbd][0xef][0xbf][0xbd]>[0xef][0xbf][0xbd][0xcf][0xbc]|[0xef][0xbf][0xbd][0xef][0xbf][0xbd]5[0xef][0xbf][0xbd]O[0xef][0xbf][0xbd][0xef][0xbf][0xbd][0xef][0xbf][0xbd]=c[\r][0x14]U[0xde][0x96]M[\n]"
07:56:28.563 [main] DEBUG org.apache.http.wire -  >> "b7[0xef][0xbf][0xbd]^[0x18]%[0xef][0xbf][0xbd][0xef][0xbf][0xbd][0xef][0xbf][0xbd](9f[0xef][0xbf][0xbd][0xef][0xbf][0xbd][0xef][0xbf][0xbd]!%[0x1b][0xd6][0x98][0xef][0xbf][0xbd][0x12][0x6][0xef][0xbf][0xbd][0xc][0x1]7[0xef][0xbf][0xbd]R[0xef][0xbf][0xbd][0xef][0xbf][0xbd]h`[0xef][0xbf][0xbd]5[0xef][0xbf][0xbd][0xef][0xbf][0xbd]O[0x9]0 [0xce][0xb0][0xf][\n]"
07:56:28.564 [main] DEBUG org.apache.http.wire -  >> "[0x8]+fF@P[0xef][0xbf][0xbd][0xef][0xbf][0xbd]IV[0xef][0xbf][0xbd][0x13]dK[0xef][0xbf][0xbd][0xef][0xbf][0xbd][0xef][0xbf][0xbd][0x3][0xef][0xbf][0xbd][0xef][0xbf][0xbd]@@[0x1c]u[0xef][0xbf][0xbd]s [0xef][0xbf][0xbd]7wZM[0x19]?2[0xef][0xbf][0xbd][0xef][0xbf][0xbd]KE[0xef][0xbf][0xbd][0xef][0xbf][0xbd][0xef][0xbf][0xbd]0[0xf][0xef][0xbf][0xbd];x@[0xef][0xbf][0xbd]_Vm[0xef][0xbf][0xbd]\[0x4][0xef][0xbf][0xbd][0x5][0xc][0xef][0xbf][0xbd][0xef][0xbf][0xbd][0x1b][0xdd][0xa4]@[0xef][0xbf][0xbd]<[0x0][0xef][0xbf][0xbd][0x18][0xef][0xbf][0xbd][0xc][0x3]oP[0x11][0xef][0xbf][0xbd][0xef][0xbf][0xbd][0x18][0x15]g[0xef][0xbf][0xbd][0xef][0xbf][0xbd]$[0xef][0xbf][0xbd][0xef][0xbf][0xbd][0xef][0xbf][0xbd]6[0x1][0xef][0xbf][0xbd][0x1a][0xef][0xbf][0xbd]P[0xef][0xbf][0xbd][0xc4][0x98][0x1d][0xef][0xbf][0xbd][0xde][0x86]IZ[0xef][0xbf][0xbd]2[0xef][0xbf][0xbd]D[0x19][0xef][0xbf][0xbd][0x10][0x8][0xef][0xbf][0xbd]k[0x1b]`[0xef][0xbf][0xbd][0xef][0xbf][0xbd]Y[0xef][0xbf][0xbd][0xef][0xbf][0xbd][0xef][0xbf][0xbd][0xef][0xbf][0xbd]K9[0x14]8[0xef][0xbf][0xbd][0xef][0xbf][0xbd]9[0xef][0xbf][0xbd][0x5]!\[0xd4][0xa7]VH[0x4][0xef][0xbf][0xbd][0xd3][0xa4]=[0xef][0xbf][0xbd]$[0x1b]T[0xef][0xbf][0xbd][0x16][0xef][0xbf][0xbd]m[0xef][0xbf][0xbd][0xef][0xbf][0xbd]_Y@[0xef][0xbf][0xbd]h[0xef][0xbf][0xbd][0xef][0xbf][0xbd]D;[0xef][0xbf][0xbd]}[0xef][0xbf][0xbd][0xef][0xbf][0xbd][0xef][0xbf][0xbd][0xef][0xbf][0xbd]W[0xef][0xbf][0xbd][0xef][0xbf][0xbd]+[0xef][0xbf][0xbd][0x15]y[0xef][0xbf][0xbd][0xef][0xbf][0xbd](B[0xef][0xbf][0xbd][0xef][0xbf][0xbd][0xb] [0xef][0xbf][0xbd][0xef][0xbf][0xbd][0x6]k[0xef][0xbf][0xbd]h[0xb][0xef][0xbf][0xbd][0x4][0xef][0xbf][0xbd]TX[0xc3][0xbd]$b[0xc8][0x91][0x5][0xef][0xbf][0xbd][0xef][0xbf][0xbd]zgl[0x18]8j[0xef][0xbf][0xbd][0xc]L[0xef][0xbf][0xbd][0xef][0xbf][0xbd]UV4[0xef][0xbf][0xbd]5F[0xef][0xbf][0xbd]K[0xef][0xbf][0xbd]H[0xef][0xbf][0xbd][0xef][0xbf][0xbd][0x0][0x8][0x6]a[0xd7][0xac][0x5][0xef][0xbf][0xbd]nvM[0xef][0xbf][0xbd][0xef][0xbf][0xbd][0xef][0xbf][0xbd][0xef][0xbf][0xbd]|[0x1c][0x16][0xf][0xef][0xbf][0xbd] [0xc]L[0xef][0xbf][0xbd]N g$[0xef][0xbf][0xbd]][0xef][0xbf][0xbd][0x6][0xef][0xbf][0xbd]![0xef][0xbf][0xbd][0xef][0xbf][0xbd][0xef][0xbf][0xbd][0xef][0xbf][0xbd][0xef][0xbf][0xbd][0x19]M%[0xef][0xbf][0xbd]N[0x1b][0x11]g[0xef][0xbf][0xbd]%[0x0]6KgmP{[0xd3][0xb2][0xef][0xbf][0xbd][0xef][0xbf][0xbd]([0xef][0xbf][0xbd]a[0xef][0xbf][0xbd][0x6]kX[0xef][0xbf][0xbd][0xef][0xbf][0xbd][0xef][0xbf][0xbd][0xef][0xbf][0xbd]e[0xef][0xbf][0xbd]"[0xef][0xbf][0xbd]x[0xef][0xbf][0xbd][0xef][0xbf][0xbd]s[0xef][0xbf][0xbd][0xef][0xbf][0xbd][0xef][0xbf][0xbd]yG[0xef][0xbf][0xbd][0xef][0xbf][0xbd][0x1e][0xcd][0xb1][0xef][0xbf][0xbd]t[0xef][0xbf][0xbd][0xef][0xbf][0xbd]t[\r][0x1a]^[0xef][0xbf][0xbd][0x3][0x6][0x10]t8v[0xef][0xbf][0xbd][0xef][0xbf][0xbd][0xef][0xbf][0xbd]=[0xef][0xbf][0xbd][0x19][0xef][0xbf][0xbd][0xef][0xbf][0xbd]v%[0xef][0xbf][0xbd]5^[0xcd][0x92][0xef][0xbf][0xbd]d[0xef][0xbf][0xbd][0xef][0xbf][0xbd][0xef][0xbf][0xbd]L[0xef][0xbf][0xbd]*4G[0xef][0xbf][0xbd]qW[0xef][0xbf][0xbd]6?[0xef][0xbf][0xbd]cvL[0xef][0xbf][0xbd]s\[0xef][0xbf][0xbd]n[0xef][0xbf][0xbd]`f[0xef][0xbf][0xbd][0xe][0xef][0xbf][0xbd]Ob[0xef][0xbf][0xbd][0xef][0xbf][0xbd][0x16]-z_[0xef][0xbf][0xbd][0xef][0xbf][0xbd][0xef][0xbf][0xbd][0xef][0xbf][0xbd][0xef][0xbf][0xbd]}[0x18][0xef][0xbf][0xbd]}8[0xef][0xbf][0xbd]D-[0x10][0xef][0xbf][0xbd])[0xca][0x88][0xcb][0x9c][0x0]J[0x1e][0xef][0xbf][0xbd]>[0xef][0xbf][0xbd]+[0x15]h*m[0xef][0xbf][0xbd][0x16][0xef][0xbf][0xbd][0x5][0xef][0xbf][0xbd][0xef][0xbf][0xbd][0xef][0xbf][0xbd][0xef][0xbf][0xbd][0xef][0xbf][0xbd][0xef][0xbf][0xbd]%[0xef][0xbf][0xbd][0x2][0xef][0xbf][0xbd][0x11][0xef][0xbf][0xbd][0xef][0xbf][0xbd][0xef][0xbf][0xbd][0xef][0xbf][0xbd][0xef][0xbf][0xbd][0xc9][0xa1]Ur[0xef][0xbf][0xbd][0x12]\[0xef][0xbf][0xbd][0xef][0xbf][0xbd]5[[[0x19]&[0xef][0xbf][0xbd]^Y[0xef][0xbf][0xbd][0xef][0xbf][0xbd][0x0][0xef][0xbf][0xbd]3[0x8]U[0xef][0xbf][0xbd]B[0xef][0xbf][0xbd]S[0xef][0xbf][0xbd]yY[0xef][0xbf][0xbd]6[0xef][0xbf][0xbd][0x11][0xef][0xbf][0xbd];[0xef][0xbf][0xbd][0x16][0x13]w[0xef][0xbf][0xbd][0x5][0xef][0xbf][0xbd]~G#],_[0x7]4[0xef][0xbf][0xbd][0x19][0xef][0xbf][0xbd][0xef][0xbf][0xbd][0xef][0xbf][0xbd]r[0xef][0xbf][0xbd]YZ[0xef][0xbf][0xbd][0xef][0xbf][0xbd]J[0x3][0xef][0xbf][0xbd][0xef][0xbf][0xbd][0xef][0xbf][0xbd][0xef][0xbf][0xbd]j[0xe7][0xb6][0x89]pvXo[0xef][0xbf][0xbd][0xef][0xbf][0xbd][0x2][0xef][0xbf][0xbd][0xef][0xbf][0xbd][0xcd][0xa5][\r][0xef][0xbf][0xbd]+[0xef][0xbf][0xbd]L[0xef][0xbf][0xbd]&[0xef][0xbf][0xbd][0xef][0xbf][0xbd]+[0xef][0xbf][0xbd]F[0x1c]$P{[0xef][0xbf][0xbd][0x14]O[0xef][0xbf][0xbd][0xef][0xbf][0xbd][0xef][0xbf][0xbd][0xef][0xbf][0xbd]+_P[0xef][0xbf][0xbd][0xef][0xbf][0xbd][0x18]6[0xdc][0xa7][0xef][0xbf][0xbd]5[\r]+[0xef][0xbf][0xbd][0xef][0xbf][0xbd][0xef][0xbf][0xbd][0xd9][0x80][\r][0xee][0xb6][0x9a]"[\n]"
07:56:28.564 [main] DEBUG org.apache.http.wire -  >> "[\n]"
07:56:28.564 [main] DEBUG org.apache.http.wire -  >> "[0xef][0xbf][0xbd][0xef][0xbf][0xbd][0x1a][0x0],[0xef][0xbf][0xbd][\r] [0xef][0xbf][0xbd]-#2[0xef][0xbf][0xbd][0xef][0xbf][0xbd]v[0xef][0xbf][0xbd][0xef][0xbf][0xbd][0xef][0xbf][0xbd][0xef][0xbf][0xbd]*c[0x14][0xef][0xbf][0xbd][0xef][0xbf][0xbd]O[0xef][0xbf][0xbd][[0xef][0xbf][0xbd][0xef][0xbf][0xbd][0x5]d[0xef][0xbf][0xbd][0x16][0xef][0xbf][0xbd][0x7][0xef][0xbf][0xbd][0xef][0xbf][0xbd][0xd7][0x8f]=[0xef][0xbf][0xbd]x<[0xef][0xbf][0xbd]}[0xef][0xbf][0xbd]k8[0xef][0xbf][0xbd][0xef][0xbf][0xbd]($[0xef][0xbf][0xbd][0xef][0xbf][0xbd]qv[0xef][0xbf][0xbd][0x1e][0xef][0xbf][0xbd]z[0xef][0xbf][0xbd][0xef][0xbf][0xbd][0xef][0xbf][0xbd][0xf][0xcb][0x98][0xef][0xbf][0xbd][0xef][0xbf][0xbd][0xef][0xbf][0xbd][0xef][0xbf][0xbd][0x19]7"
07:56:28.565 [main] DEBUG org.apache.http.wire -  >> ";[0x19][0x7][0xef][0xbf][0xbd]x[0xef][0xbf][0xbd]eS[0xef][0xbf][0xbd]/m[0xef][0xbf][0xbd][0xef][0xbf][0xbd]V[0xef][0xbf][0xbd][0xef][0xbf][0xbd],[0xef][0xbf][0xbd][0xef][0xbf][0xbd][0xce][0x93][0xef][0xbf][0xbd]![0xef][0xbf][0xbd]@k[0xef][0xbf][0xbd]F[0xef][0xbf][0xbd]q[0xef][0xbf][0xbd][0xef][0xbf][0xbd][0xd2][0x9d][0xef][0xbf][0xbd][0xef][0xbf][0xbd][0xef][0xbf][0xbd][0xc3][0xb2]M[0xef][0xbf][0xbd]W[0xef][0xbf][0xbd][0xef][0xbf][0xbd][0xe8][0x82][0xb4][0xef][0xbf][0xbd]l[0xcb][0x85]|[0xef][0xbf][0xbd][0xef][0xbf][0xbd][0xef][0xbf][0xbd])[0xef][0xbf][0xbd][0x10][0x1f]Cx_[0xef][0xbf][0xbd][0x14][0x9][0xc][0xef][0xbf][0xbd]6[0xef][0xbf][0xbd][0x8]H[0xef][0xbf][0xbd][0xef][0xbf][0xbd][0x1a]-[0xef][0xbf][0xbd][0xef][0xbf][0xbd][0xef][0xbf][0xbd][0x6]n[0x13][0xef][0xbf][0xbd][0xef][0xbf][0xbd][0x16][0xd5][0xa5][0xef][0xbf][0xbd][0xef][0xbf][0xbd][0x3]D;[0xef][0xbf][0xbd][0xef][0xbf][0xbd]:[0xef][0xbf][0xbd][0xef][0xbf][0xbd][0x6][0xef][0xbf][0xbd]t[0xe]Ytj[0xef][0xbf][0xbd][0xef][0xbf][0xbd][0xef][0xbf][0xbd][0xef][0xbf][0xbd]'[0x13][0xef][0xbf][0xbd]W[0xef][0xbf][0xbd][0xef][0xbf][0xbd]I[[0xef][0xbf][0xbd]b[0xef][0xbf][0xbd]1[0x1][0xef][0xbf][0xbd][0xef][0xbf][0xbd]v3[0xef][0xbf][0xbd]q[0xef][0xbf][0xbd]![0xc5][0xa4][0xef][0xbf][0xbd][0xef][0xbf][0xbd][0xef][0xbf][0xbd]9[0xef][0xbf][0xbd][0xef][0xbf][0xbd]j`[0x1e])[0xef][0xbf][0xbd]R[0xef][0xbf][0xbd][0xef][0xbf][0xbd]ez[0xef][0xbf][0xbd]K[0xef][0xbf][0xbd][0xde][0x95][0xb]0[0xef][0xbf][0xbd]5[0xef][0xbf][0xbd][0xef][0xbf][0xbd][0x5]*j5z^S[0xef][0xbf][0xbd][0x15]:[0xef][0xbf][0xbd]fQ&[0x0][0xef][0xbf][0xbd]#[0xef][0xbf][0xbd][0xef][0xbf][0xbd]f[0xef][0xbf][0xbd]8[0xef][0xbf][0xbd][0xef][0xbf][0xbd]][0xef][0xbf][0xbd]E[0xef][0xbf][0xbd]h[0xd1][0x8f]L[0xef][0xbf][0xbd][0xef][0xbf][0xbd]u[0xef][0xbf][0xbd]\^[0xef][0xbf][0xbd].[0xef][0xbf][0xbd][0x17][0xef][0xbf][0xbd][0xef][0xbf][0xbd][0xef][0xbf][0xbd][0xef][0xbf][0xbd][0xef][0xbf][0xbd]x[0xef][0xbf][0xbd][0xef][0xbf][0xbd][0x8][0xef][0xbf][0xbd][0xef][0xbf][0xbd]x[0xef][0xbf][0xbd][0xef][0xbf][0xbd]U[0x9]-[0xef][0xbf][0xbd]L|[0xde][0x91]>[0xef][0xbf][0xbd][0xef][0xbf][0xbd][0x3][0xe8][0x8d][0xa2][0xef][0xbf][0xbd][0xef][0xbf][0xbd][0xef][0xbf][0xbd][0x1a] [0xef][0xbf][0xbd][0xef][0xbf][0xbd]:Hc[0xef][0xbf][0xbd][0x1e][0xef][0xbf][0xbd][0xd6][0xbb]!l[0x15]t[0xef][0xbf][0xbd][0xef][0xbf][0xbd][0x3][0x10][0xef][0xbf][0xbd][0xef][0xbf][0xbd][0x14]x[0xef][0xbf][0xbd]D[0xef][0xbf][0xbd]|[0xef][0xbf][0xbd]^T[0xef][0xbf][0xbd]H[0x13]E[0xc][0xef][0xbf][0xbd][0xef][0xbf][0xbd][0xef][0xbf][0xbd][0xef][0xbf][0xbd]:[\r]_[0xef][0xbf][0xbd]\%P[0xc7][0xa7]pt[\n]"
07:56:28.566 [main] DEBUG org.apache.http.wire -  >> "v[0x7]o(D[0xef][0xbf][0xbd][0xef][0xbf][0xbd][0xef][0xbf][0xbd][0xef][0xbf][0xbd][0x4]>[\n]"
07:56:28.566 [main] DEBUG org.apache.http.wire -  >> "[0xef][0xbf][0xbd]b\Y"[0xef][0xbf][0xbd][0x9]([0xef][0xbf][0xbd][0xef][0xbf][0xbd]I[0xef][0xbf][0xbd]t[0xef][0xbf][0xbd][0xef][0xbf][0xbd]Y[0xef][0xbf][0xbd][0xef][0xbf][0xbd][0xef][0xbf][0xbd]u[0xef][0xbf][0xbd][0xef][0xbf][0xbd][0x7][0xef][0xbf][0xbd]-7gY[0xef][0xbf][0xbd]m[0xef][0xbf][0xbd][\r][0xef][0xbf][0xbd][0xef][0xbf][0xbd][0xef][0xbf][0xbd][0xef][0xbf][0xbd]t[0xef][0xbf][0xbd][\n]"
07:56:28.567 [main] DEBUG org.apache.http.wire -  >> "xc[0xef][0xbf][0xbd][0x8][0xef][0xbf][0xbd]T[0xef][0xbf][0xbd][0xef][0xbf][0xbd]U;[0xef][0xbf][0xbd]A,3[0x1a][0xef][0xbf][0xbd]5[0xef][0xbf][0xbd]'c[0x12][0xef][0xbf][0xbd]q5[0xef][0xbf][0xbd][0xef][0xbf][0xbd][0xd8][0x98][0xef][0xbf][0xbd][0xc2][0x83]5[0xef][0xbf][0xbd][0x3][0xef][0xbf][0xbd][0xef][0xbf][0xbd][0xef][0xbf][0xbd][0xe4][0x98][0x8a]5,%S[0xef][0xbf][0xbd][0xef][0xbf][0xbd][0xef][0xbf][0xbd][[0x1]`[0xef][0xbf][0xbd][0xef][0xbf][0xbd][0xef][0xbf][0xbd][0xef][0xbf][0xbd]7[0xef][0xbf][0xbd]b3[0xef][0xbf][0xbd][0xef][0xbf][0xbd][0xef][0xbf][0xbd][0xef][0xbf][0xbd][0xef][0xbf][0xbd][0x7]P;[0xef][0xbf][0xbd][0xef][0xbf][0xbd]@[0xea][0xbf][0x9d][0xef][0xbf][0xbd][0xef][0xbf][0xbd][0xef][0xbf][0xbd][0xef][0xbf][0xbd][0xef][0xbf][0xbd][0xef][0xbf][0xbd][0x4][0xef][0xbf][0xbd][0xef][0xbf][0xbd]M[0xef][0xbf][0xbd][0x16]-[0xef][0xbf][0xbd]C[0xef][0xbf][0xbd]H[0xef][0xbf][0xbd]x[0xef][0xbf][0xbd][0xef][0xbf][0xbd][0xef][0xbf][0xbd]t[0x15]6/[0xef][0xbf][0xbd]~x/ih[0xef][0xbf][0xbd][0x9]R[IE[0xef][0xbf][0xbd]'E)[0xef][0xbf][0xbd].[0xef][0xbf][0xbd][0xef][0xbf][0xbd].[0xef][0xbf][0xbd]R0[0xef][0xbf][0xbd]lr[0xef][0xbf][0xbd].[0xd6][0x92]R[0xef][0xbf][0xbd]}[0x8][0xef][0xbf][0xbd][0xef][0xbf][0xbd][0xef][0xbf][0xbd][0xef][0xbf][0xbd][0xef][0xbf][0xbd][0xef][0xbf][0xbd][0xef][0xbf][0xbd][0xef][0xbf][0xbd]i[0x12]6h4[0xef][0xbf][0xbd][0xef][0xbf][0xbd]@[0xef][0xbf][0xbd][0xef][0xbf][0xbd][0xef][0xbf][0xbd]n[0xef][0xbf][0xbd]GU[0xef][0xbf][0xbd][0x9][0xef][0xbf][0xbd]o}[0xef][0xbf][0xbd][0xef][0xbf][0xbd]9[0xef][0xbf][0xbd]#[0xef][0xbf][0xbd][0xef][0xbf][0xbd][0xef][0xbf][0xbd]lk[0x10]e[0xef][0xbf][0xbd][0xef][0xbf][0xbd]b[0xef][0xbf][0xbd][0xef][0xbf][0xbd]Haj[0xef][0xbf][0xbd][0xef][0xbf][0xbd][0xef][0xbf][0xbd]*[0xef][0xbf][0xbd][0xef][0xbf][0xbd]k&[0xef][0xbf][0xbd]*[0xef][0xbf][0xbd][0x18][0xef][0xbf][0xbd]I[0xef][0xbf][0xbd][0x1c][0xef][0xbf][0xbd]5vv[0xef][0xbf][0xbd]M7[0xdf][0xb4][0xef][0xbf][0xbd]&[0xef][0xbf][0xbd]F[0x1b][0x1]Z:v|6[0xef][0xbf][0xbd][0xc7][0x90]5h[0xef][0xbf][0xbd][0x1c]!V[0xef][0xbf][0xbd][0xe4][0xb1][0x8e]e[0xef][0xbf][0xbd][0xb][0xef][0xbf][0xbd][0x7]s<-[0xef][0xbf][0xbd][0xef][0xbf][0xbd][0xef][0xbf][0xbd]J$[0xef][0xbf][0xbd][0xef][0xbf][0xbd][0xef][0xbf][0xbd][0xef][0xbf][0xbd][0xef][0xbf][0xbd][0x2][0xef][0xbf][0xbd],[0xef][0xbf][0xbd][0xc6][0xb8][0xef][0xbf][0xbd][0xef][0xbf][0xbd]h[0xef][0xbf][0xbd][0xef][0xbf][0xbd][0x12]h[0xef][0xbf][0xbd]Yg[0xef][0xbf][0xbd]S[0xef][0xbf][0xbd];[0x12]D8[8[0x17]z[0xef][0xbf][0xbd][0xce][0x9e][0xef][0xbf][0xbd][0xe2][0x97][0xa2]t[p,k[0x17][0xef][0xbf][0xbd][0xef][0xbf][0xbd]wYd[0xef][0xbf][0xbd][0x16][0xef][0xbf][0xbd]Kz[0xef][0xbf][0xbd][0xef][0xbf][0xbd][0xef][0xbf][0xbd][0xef][0xbf][0xbd]_[0xef][0xbf][0xbd].[0xef][0xbf][0xbd][0x17]/~[0xef][0xbf][0xbd][0xef][0xbf][0xbd]X<_'k[0xef][0xbf][0xbd][0x15]u[0xef][0xbf][0xbd][0xef][0xbf][0xbd][0xda][0x85]@[0xef][0xbf][0xbd][0xef][0xbf][0xbd]W^[0xef][0xbf][0xbd]R[0xef][0xbf][0xbd]CL[0x1f][0x15][0xef][0xbf][0xbd]Y[0xef][0xbf][0xbd]M[0xef][0xbf][0xbd][0xd6][0xad][0xef][0xbf][0xbd][0x19][0xef][0xbf][0xbd][0x4][0x0][0xef][0xbf][0xbd]2$N[0xef][0xbf][0xbd][0xef][0xbf][0xbd][0xef][0xbf][0xbd][0xef][0xbf][0xbd]Sl[0x8][0xef][0xbf][0xbd]TY[0xef][0xbf][0xbd][0xef][0xbf][0xbd][0xef][0xbf][0xbd][\r][0x1d]>[0xef][0xbf][0xbd][0x17]J[0xef][0xbf][0xbd][0xef][0xbf][0xbd][0xef][0xbf][0xbd][0xef][0xbf][0xbd];[0xef][0xbf][0xbd],[0xef][0xbf][0xbd][0xef][0xbf][0xbd]n[0xef][0xbf][0xbd][0xef][0xbf][0xbd][0xef][0xbf][0xbd]M[0x5][0xef][0xbf][0xbd][0xef][0xbf][0xbd][0xef][0xbf][0xbd]3[0xef][0xbf][0xbd][0x14][0xef][0xbf][0xbd].[0xef][0xbf][0xbd][0xef][0xbf][0xbd]r[0xef][0xbf][0xbd]k[0xef][0xbf][0xbd][0xef][0xbf][0xbd]P[0xef][0xbf][0xbd]gy[0x5]RA6[0xef][0xbf][0xbd]Z[0xef][0xbf][0xbd][0x13][0xef][0xbf][0xbd]O1[0x16][0xef][0xbf][0xbd]I[0xef][0xbf][0xbd][0xef][0xbf][0xbd]ro5[0x18][0xef][0xbf][0xbd][0x9]^[0xef][0xbf][0xbd][0x4][0xef][0xbf][0xbd][0xef][0xbf][0xbd][0xef][0xbf][0xbd]7[0x7]\[0xdb][0x9e]Q[0xef][0xbf][0xbd][0xef][0xbf][0xbd]T[0xef][0xbf][0xbd][0xef][0xbf][0xbd]J[0xef][0xbf][0xbd][0xef][0xbf][0xbd][0x17][0xef][0xbf][0xbd][0xef][0xbf][0xbd][0xef][0xbf][0xbd]BSC*[0xef][0xbf][0xbd]/V{aJw#f[0xef][0xbf][0xbd][\n]"
07:56:28.567 [main] DEBUG org.apache.http.wire -  >> "[0x3]][0xef][0xbf][0xbd][0xef][0xbf][0xbd][0xef][0xbf][0xbd]H[0xb][0xef][0xbf][0xbd][0xef][0xbf][0xbd]Lp[0xef][0xbf][0xbd][0xdb][0x8d] f[0xef][0xbf][0xbd]tL[0xc5][0x84]@m[0xef][0xbf][0xbd][0xef][0xbf][0xbd][0x9][0xef][0xbf][0xbd][0xef][0xbf][0xbd](Inm[0xef][0xbf][0xbd]u[0x1d][0xd8][0x8e][0x18]L[0xc][0xef][0xbf][0xbd]Iw[0xef][0xbf][0xbd]ve~[0x8]J[0xef][0xbf][0xbd][0xef][0xbf][0xbd][0xef][0xbf][0xbd][0xef][0xbf][0xbd]$[0xef][0xbf][0xbd][0xef][0xbf][0xbd][0xef][0xbf][0xbd][0xef][0xbf][0xbd][0xef][0xbf][0xbd][0xef][0xbf][0xbd][0xef][0xbf][0xbd]o[0xef][0xbf][0xbd][0xef][0xbf][0xbd][0x2][0xef][0xbf][0xbd]E[0xef][0xbf][0xbd][0xef][0xbf][0xbd][0xf][0xef][0xbf][0xbd][0xef][0xbf][0xbd][0xef][0xbf][0xbd][0xef][0xbf][0xbd]D^[0xef][0xbf][0xbd][0xef][0xbf][0xbd][0xef][0xbf][0xbd]GpW[0xef][0xbf][0xbd]Z9i[0xef][0xbf][0xbd]>[0xef][0xbf][0xbd][0xef][0xbf][0xbd]'[0x6][0xef][0xbf][0xbd][0xef][0xbf][0xbd][0x1f][0xef][0xbf][0xbd][0xef][0xbf][0xbd][0xef][0xbf][0xbd][0xef][0xbf][0xbd][0xef][0xbf][0xbd][0xef][0xbf][0xbd]X[0xef][0xbf][0xbd][0xef][0xbf][0xbd]p[0xef][0xbf][0xbd][0xef][0xbf][0xbd][0xef][0xbf][0xbd][0x3]h[0xd6][0x9b]z}[\n]"
07:56:28.567 [main] DEBUG org.apache.http.wire -  >> "[0xef][0xbf][0xbd][0xef][0xbf][0xbd][0xcb][0x9f][0xef][0xbf][0xbd][0x1]m[0xef][0xbf][0xbd][0x0][0xd9][0x82][0x17][0xef][0xbf][0xbd][0x18][0xef][0xbf][0xbd]][0xef][0xbf][0xbd][0xef][0xbf][0xbd]r[0xf][0xd1][0xaa]j[0xb][0xef][0xbf][0xbd]I[0xef][0xbf][0xbd]4[0xef][0xbf][0xbd][0xef][0xbf][0xbd][0xef][0xbf][0xbd]X[0xef][0xbf][0xbd][0xef][0xbf][0xbd]u[0xef][0xbf][0xbd][0xef][0xbf][0xbd][0xef][0xbf][0xbd][0xef][0xbf][0xbd][0xef][0xbf][0xbd][0xef][0xbf][0xbd]RGC[0xc8][0xb0]$2[0xef][0xbf][0xbd][c[0xef][0xbf][0xbd][0x8][0xef][0xbf][0xbd][0xef][0xbf][0xbd]U![0xef][0xbf][0xbd][0xef][0xbf][0xbd][0x13]W[0xef][0xbf][0xbd]Ge1[0xef][0xbf][0xbd]<u[0xef][0xbf][0xbd]G[0xef][0xbf][0xbd][0xef][0xbf][0xbd][0xef][0xbf][0xbd][0xef][0xbf][0xbd]Z[0x14][0x1e]X[0x1b]$[0xef][0xbf][0xbd]|[0xef][0xbf][0xbd][0xef][0xbf][0xbd][0xef][0xbf][0xbd]:[0x1a]o-[0xef][0xbf][0xbd][0xef][0xbf][0xbd]v[0xef][0xbf][0xbd]*[0xef][0xbf][0xbd][0xef][0xbf][0xbd]6[0x2][0xef][0xbf][0xbd][0xef][0xbf][0xbd]<[0xef][0xbf][0xbd][0xef][0xbf][0xbd]@[0xef][0xbf][0xbd][0xcd][0x91][0xef][0xbf][0xbd]1[0xef][0xbf][0xbd]8[0x13][0xef][0xbf][0xbd]p;[0x12][0xef][0xbf][0xbd][\n]"
07:56:28.568 [main] DEBUG org.apache.http.wire -  >> "[0x1][0xe][0xef][0xbf][0xbd][0xef][0xbf][0xbd][0xef][0xbf][0xbd]"[0xef][0xbf][0xbd]=[0xef][0xbf][0xbd]q[0xef][0xbf][0xbd][0xef][0xbf][0xbd][0xef][0xbf][0xbd]8[0xef][0xbf][0xbd]D|[0xef][0xbf][0xbd][0xef][0xbf][0xbd][0xef][0xbf][0xbd]|(+F[0xef][0xbf][0xbd]6C[0xef][0xbf][0xbd][0xc3][0xa2]MC+[0xef][0xbf][0xbd]U[[0xef][0xbf][0xbd][0x7][0xef][0xbf][0xbd][0x15][0xef][0xbf][0xbd][0xef][0xbf][0xbd]19[0xef][0xbf][0xbd]`[0xef][0xbf][0xbd]\[0xef][0xbf][0xbd][0xef][0xbf][0xbd][0xef][0xbf][0xbd][0xef][0xbf][0xbd]Z[0xef][0xbf][0xbd][0xef][0xbf][0xbd][0xc][0xef][0xbf][0xbd][0xef][0xbf][0xbd][0xef][0xbf][0xbd][0xef][0xbf][0xbd][0xb][0xef][0xbf][0xbd][0x16]-[0xef][0xbf][0xbd][0xef][0xbf][0xbd]v[0xef][0xbf][0xbd][0xef][0xbf][0xbd]/[0xef][0xbf][0xbd]^[0xef][0xbf][0xbd][0xef][0xbf][0xbd]3/[0xc7][0x9e]:[0xef][0xbf][0xbd]>[0xef][0xbf][0xbd]F[0x1b][0xef][0xbf][0xbd]"y[0xef][0xbf][0xbd][0xef][0xbf][0xbd]I[0xef][0xbf][0xbd][0xef][0xbf][0xbd]>[0xdc][0x84][[0xef][0xbf][0xbd]I1[0x1c][0x1b][0x18]S[0xef][0xbf][0xbd]8}:f[0xef][0xbf][0xbd][0xef][0xbf][0xbd]O[0xef][0xbf][0xbd][0xef][0xbf][0xbd][0xef][0xbf][0xbd]R[0x10][\r][0xef][0xbf][0xbd]`'[0xef][0xbf][0xbd][0xef][0xbf][0xbd]u[0xef][0xbf][0xbd][0xef][0xbf][0xbd]FK[0xef][0xbf][0xbd][0xef][0xbf][0xbd][0x0][0xef][0xbf][0xbd][0xef][0xbf][0xbd]2[0xef][0xbf][0xbd][0x2][0xef][0xbf][0xbd][0xef][0xbf][0xbd][\r][0x17]S[0xef][0xbf][0xbd][0xef][0xbf][0xbd]X[0xef][0xbf][0xbd]z[0xef][0xbf][0xbd]L[0x5][0xef][0xbf][0xbd][0xef][0xbf][0xbd]I[0xef][0xbf][0xbd]B[0xef][0xbf][0xbd]j=[0xb][0xef][0xbf][0xbd]2-[0xef][0xbf][0xbd][0x9][0x1b][0xef][0xbf][0xbd]"[0xef][0xbf][0xbd][0xef][0xbf][0xbd][0xe]%[0xef][0xbf][0xbd][0xef][0xbf][0xbd]A[0x18][0xef][0xbf][0xbd])[0xef][0xbf][0xbd]H[0xef][0xbf][0xbd][0x17]-[0xef][0xbf][0xbd][0xef][0xbf][0xbd]HRJ[0xef][0xbf][0xbd]@[0xef][0xbf][0xbd][0xef][0xbf][0xbd][0xef][0xbf][0xbd]4[0xef][0xbf][0xbd][N[0xef][0xbf][0xbd][0xef][0xbf][0xbd][0xef][0xbf][0xbd][0xef][0xbf][0xbd]8[0xef][0xbf][0xbd][\n]"
07:56:28.568 [main] DEBUG org.apache.http.wire -  >> "[0xef][0xbf][0xbd][0x2][0xef][0xbf][0xbd]il[0xef][0xbf][0xbd][0xef][0xbf][0xbd][0x11][0xef][0xbf][0xbd][0xef][0xbf][0xbd][0x8][0xef][0xbf][0xbd][0xef][0xbf][0xbd][0xef][0xbf][0xbd][0xef][0xbf][0xbd]r[0xef][0xbf][0xbd][0xef][0xbf][0xbd][0xef][0xbf][0xbd][0xef][0xbf][0xbd]UL[\r][0xef][0xbf][0xbd][0xef][0xbf][0xbd][0xef][0xbf][0xbd]sL[0xef][0xbf][0xbd][0xef][0xbf][0xbd][0xef][0xbf][0xbd]!c[0xef][0xbf][0xbd][0xef][0xbf][0xbd]v[0xef][0xbf][0xbd]Z+B[0xef][0xbf][0xbd][0x10][0xef][0xbf][0xbd][0xef][0xbf][0xbd]7[0xef][0xbf][0xbd]B[0xef][0xbf][0xbd][0xef][0xbf][0xbd]6[0xef][0xbf][0xbd][0xef][0xbf][0xbd][0xef][0xbf][0xbd][0xef][0xbf][0xbd]T[0xef][0xbf][0xbd][0x9]V[0xef][0xbf][0xbd][0xef][0xbf][0xbd][[0xef][0xbf][0xbd][0xef][0xbf][0xbd][0xef][0xbf][0xbd][\r][0xef][0xbf][0xbd][0xef][0xbf][0xbd][0xef][0xbf][0xbd]z[0xc][0x1a]i[0xef][0xbf][0xbd][0xef][0xbf][0xbd][0xef][0xbf][0xbd]0n[0xef][0xbf][0xbd][0xef][0xbf][0xbd][0xef][0xbf][0xbd][0xef][0xbf][0xbd]8[0x6][0xef][0xbf][0xbd][0xef][0xbf][0xbd][0xef][0xbf][0xbd][0x1]b[0xcd][0x86]e[0xef][0xbf][0xbd]-Zt[0xef][0xbf][0xbd][0xef][0xbf][0xbd][0xef][0xbf][0xbd]z[0xef][0xbf][0xbd][0xef][0xbf][0xbd]_[0xef][0xbf][0xbd][0xef][0xbf][0xbd][0xef][0xbf][0xbd][0xef][0xbf][0xbd]][0xef][0xbf][0xbd][0xef][0xbf][0xbd][0xb][0xef][0xbf][0xbd][0xef][0xbf][0xbd][0xef][0xbf][0xbd]R[0xef][0xbf][0xbd][0xef][0xbf][0xbd]J[0xef][0xbf][0xbd][0xef][0xbf][0xbd]cvA[0xef][0xbf][0xbd]F[0xd9][0x9e]8[0xef][0xbf][0xbd][0xef][0xbf][0xbd][0xef][0xbf][0xbd])[0x1a]y[\n]"
07:56:28.569 [main] DEBUG org.apache.http.wire -  >> ".[0xef][0xbf][0xbd][0xef][0xbf][0xbd][0xef][0xbf][0xbd];[0xc9][0xa0][0xef][0xbf][0xbd][0xc9][0xaa]BA[0xef][0xbf][0xbd][0xf][0x17]1[0xef][0xbf][0xbd][0xef][0xbf][0xbd][0xef][0xbf][0xbd]Z[0x1b][0xef][0xbf][0xbd][0xef][0xbf][0xbd][0x8]s[0xef][0xbf][0xbd][0xef][0xbf][0xbd]o[0xef][0xbf][0xbd]W[0xef][0xbf][0xbd]y[0xef][0xbf][0xbd][0xef][0xbf][0xbd][0x8][0xef][0xbf][0xbd][0xef][0xbf][0xbd][0xef][0xbf][0xbd];[0xef][0xbf][0xbd][0xef][0xbf][0xbd]4[0xd3][0xbf][0xef][0xbf][0xbd][\n]"
07:56:28.569 [main] DEBUG org.apache.http.wire -  >> ";:[0xef][0xbf][0xbd][0x1d]oj[0xef][0xbf][0xbd][0xef][0xbf][0xbd][0x11]1[0xef][0xbf][0xbd][0xef][0xbf][0xbd]j[0xef][0xbf][0xbd]BX[0xef][0xbf][0xbd][0xef][0xbf][0xbd]/[0xef][0xbf][0xbd][0x15][0x1][0xef][0xbf][0xbd]]a[0xef][0xbf][0xbd][0xef][0xbf][0xbd]([0x17]`CA[0xef][0xbf][0xbd]g[0xd4][0xa7]q[0xef][0xbf][0xbd][0xef][0xbf][0xbd][0xef][0xbf][0xbd][0xef][0xbf][0xbd][0x1c][0xef][0xbf][0xbd][0x13]OhU[0xef][0xbf][0xbd][0x3][0xef][0xbf][0xbd][0x4][0xef][0xbf][0xbd][0xef][0xbf][0xbd][0xef][0xbf][0xbd]Bt[0xef][0xbf][0xbd][0xef][0xbf][0xbd]H[0xef][0xbf][0xbd]b[0x8][0xef][0xbf][0xbd][\r]w&[0xef][0xbf][0xbd][0xef][0xbf][0xbd]hybd[0xe7][0x90][0xb6][0xef][0xbf][0xbd][0xd6][0x96][0xef][0xbf][0xbd]9=[0xd3][0xaa][0xef][0xbf][0xbd][0xef][0xbf][0xbd][0x4][0xef][0xbf][0xbd][0x12][0xef][0xbf][0xbd]k[0xef][0xbf][0xbd]?[0xc7][0xbc][0xef][0xbf][0xbd][0xef][0xbf][0xbd][0xef][0xbf][0xbd][0xef][0xbf][0xbd][0xef][0xbf][0xbd]RQ[0xd6][0xa0][0xef][0xbf][0xbd][0xef][0xbf][0xbd][0xef][0xbf][0xbd]R[0xef][0xbf][0xbd][<[0xc][0xef][0xbf][0xbd][0x19][0xef][0xbf][0xbd]. [0x15]naL[0xef][0xbf][0xbd][0xef][0xbf][0xbd][0x1c][0xef][0xbf][0xbd]"[0xef][0xbf][0xbd][0xef][0xbf][0xbd][0xef][0xbf][0xbd]cy[0xef][0xbf][0xbd][0x5][0xef][0xbf][0xbd]h[0xef][0xbf][0xbd][0xef][0xbf][0xbd][0xef][0xbf][0xbd][0xef][0xbf][0xbd]U[0xef][0xbf][0xbd]][0xef][0xbf][0xbd][0xef][0xbf][0xbd][0xef][0xbf][0xbd]M[0xef][0xbf][0xbd][0xef][0xbf][0xbd][0xef][0xbf][0xbd]l[0xef][0xbf][0xbd]'[0xef][0xbf][0xbd][0x1e][0xef][0xbf][0xbd]o[0xef][0xbf][0xbd]k[0xef][0xbf][0xbd][0xef][0xbf][0xbd][0xef][0xbf][0xbd][0xef][0xbf][0xbd]bx[0xef][0xbf][0xbd][0xef][0xbf][0xbd][0xef][0xbf][0xbd][0xef][0xbf][0xbd][0x1f][0x1][0xef][0xbf][0xbd]f[0xef][0xbf][0xbd][0xef][0xbf][0xbd]Uc3-[0xef][0xbf][0xbd][0x1c][0xef][0xbf][0xbd]2[0xef][0xbf][0xbd]U[0xef][0xbf][0xbd][0x4]O[0xef][0xbf][0xbd] [0xef][0xbf][0xbd][0xd6][0xbe][0xef][0xbf][0xbd][0xef][0xbf][0xbd][0xef][0xbf][0xbd][0xef][0xbf][0xbd]2[0xef][0xbf][0xbd]+[0xef][0xbf][0xbd][0x1e]G[0xef][0xbf][0xbd][0x1d]J[0xef][0xbf][0xbd]N[0x16][0xef][0xbf][0xbd][0xca][0xba]q[0xef][0xbf][0xbd][0xef][0xbf][0xbd][0xd6][0xba]q[0xef][0xbf][0xbd][0xef][0xbf][0xbd][0xef][0xbf][0xbd]cF[0xef][0xbf][0xbd][0xef][0xbf][0xbd]i[0xdb][0x88]*[0xef][0xbf][0xbd][0xef][0xbf][0xbd]n[0xef][0xbf][0xbd][0xef][0xbf][0xbd]B[0xef][0xbf][0xbd]i[0x16][0xef][0xbf][0xbd]>[0xef][0xbf][0xbd][0xef][0xbf][0xbd][0xef][0xbf][0xbd][0xef][0xbf][0xbd][0xb][0xef][0xbf][0xbd][0xe1][0x80][0xb1]m[0x0][0xef][0xbf][0xbd][0xef][0xbf][0xbd][0xef][0xbf][0xbd][0xef][0xbf][0xbd]O[0xef][0xbf][0xbd][0xef][0xbf][0xbd]S3[0xef][0xbf][0xbd]:6[0xef][0xbf][0xbd]![0x1e][0x11]v[0xef][0xbf][0xbd]<$[0xef][0xbf][0xbd][0xef][0xbf][0xbd][0xef][0xbf][0xbd][\n]"
07:56:28.569 [main] DEBUG org.apache.http.wire -  >> "[0xef][0xbf][0xbd][0x1][0x2]?N[0xef][0xbf][0xbd][0xef][0xbf][0xbd]J[0x5]{;[0xef][0xbf][0xbd]=[0xef][0xbf][0xbd][0xef][0xbf][0xbd]6[0x1]a[0xe]l[0xef][0xbf][0xbd] [0xef][0xbf][0xbd]nx[0xef][0xbf][0xbd][0xef][0xbf][0xbd]z [0xef][0xbf][0xbd];x[0x16][0xef][0xbf][0xbd][0x1d]RV[o[0xef][0xbf][0xbd]*^"[0x3][0xef][0xbf][0xbd]}[0xef][0xbf][0xbd][0xef][0xbf][0xbd];[0xef][0xbf][0xbd]I+[0x3]#[0xef][0xbf][0xbd][0x1e]S[0xef][0xbf][0xbd][0x19]W[0xef][0xbf][0xbd][0xef][0xbf][0xbd][0xd9][0xba]P[0x0]1[0xef][0xbf][0xbd]9[0x6]E[0xc][0xef][0xbf][0xbd][0xef][0xbf][0xbd]e[0xef][0xbf][0xbd][0x1d][0xef][0xbf][0xbd][0xef][0xbf][0xbd][0xef][0xbf][0xbd][0xef][0xbf][0xbd][0xef][0xbf][0xbd]#\[0xef][0xbf][0xbd]<t[0xd9][0x80][0xef][0xbf][0xbd][0xef][0xbf][0xbd]9m[0xef][0xbf][0xbd][0x9]D[0xef][0xbf][0xbd][0x9]?[0xef][0xbf][0xbd][0x4]F$[0xef][0xbf][0xbd][0xef][0xbf][0xbd][0xef][0xbf][0xbd]f[0xef][0xbf][0xbd]@[0xef][0xbf][0xbd]S+[0xef][0xbf][0xbd][0xc2][0xa6][0xef][0xbf][0xbd][0xf]O[0xc2][0x96]kq[0xef][0xbf][0xbd]'[0xef][0xbf][0xbd][0xe][0xef][0xbf][0xbd][0xef][0xbf][0xbd]3[0xef][0xbf][0xbd][0xef][0xbf][0xbd][0xef][0xbf][0xbd]_[0xef][0xbf][0xbd]kS[0xef][0xbf][0xbd][0xef][0xbf][0xbd]_e[0x8][0xef][0xbf][0xbd]h[0xef][0xbf][0xbd][0xef][0xbf][0xbd]X[0xef][0xbf][0xbd][0x11][0xef][0xbf][0xbd]L[0xef][0xbf][0xbd]d3[0x11][0xef][0xbf][0xbd][0xef][0xbf][0xbd][0xef][0xbf][0xbd]o[0xcc][0x9e][0xef][0xbf][0xbd]E[0xef][0xbf][0xbd]w[0xef][0xbf][0xbd][0xef][0xbf][0xbd]E-sh[0xef][0xbf][0xbd]j[0xef][0xbf][0xbd][0xef][0xbf][0xbd][0xef][0xbf][0xbd][0xef][0xbf][0xbd][0xef][0xbf][0xbd][0xef][0xbf][0xbd]{k[0xef][0xbf][0xbd],[0x4][0x16]L[0xef][0xbf][0xbd][0xef][0xbf][0xbd][0xef][0xbf][0xbd][0xef][0xbf][0xbd][0x1e]uI[0xc2][0x85]'[0xef][0xbf][0xbd][0xef][0xbf][0xbd][0xef][0xbf][0xbd]2:8[0xef][0xbf][0xbd][0xef][0xbf][0xbd]Xw4[0x18]G+`S[0x13][0xef][0xbf][0xbd]hD[0xef][0xbf][0xbd][0xef][0xbf][0xbd][0xef][0xbf][0xbd]![0xef][0xbf][0xbd]|[0xef][0xbf][0xbd]4;[0xef][0xbf][0xbd][0xef][0xbf][0xbd][0x1][0xef][0xbf][0xbd]m,[0x1][0xef][0xbf][0xbd][0xef][0xbf][0xbd]eHa[0xef][0xbf][0xbd]`[0xef][0xbf][0xbd][0xef][0xbf][0xbd][0xef][0xbf][0xbd][0xef][0xbf][0xbd]w|[0xef][0xbf][0xbd][0xef][0xbf][0xbd][0xef][0xbf][0xbd]5[0xef][0xbf][0xbd][0xef][0xbf][0xbd][0x14][0xef][0xbf][0xbd][0xef][0xbf][0xbd]Vh[0xef][0xbf][0xbd][0x14][0xef][0xbf][0xbd][\n]"
07:56:28.570 [main] DEBUG org.apache.http.wire -  >> "[0x8] e2[0xef][0xbf][0xbd]/[0xef][0xbf][0xbd][0xef][0xbf][0xbd]-{[0xef][0xbf][0xbd]SZn[0xef][0xbf][0xbd][0xef][0xbf][0xbd]t[0xef][0xbf][0xbd][0xef][0xbf][0xbd][0xef][0xbf][0xbd]8[af0H[0xef][0xbf][0xbd]T[0xef][0xbf][0xbd][0xef][0xbf][0xbd][0xef][0xbf][0xbd][0xef][0xbf][0xbd]4MW0[0xef][0xbf][0xbd][0x18]D[0xef][0xbf][0xbd][0xef][0xbf][0xbd][0xdc][0xb1][0xef][0xbf][0xbd]V[0xef][0xbf][0xbd][0xef][0xbf][0xbd][0xef][0xbf][0xbd][0xef][0xbf][0xbd][0xef][0xbf][0xbd]([0xef][0xbf][0xbd]/[0xef][0xbf][0xbd][0xef][0xbf][0xbd][0x8][0xef][0xbf][0xbd]V,[0x4][0xef][0xbf][0xbd]9[0xef][0xbf][0xbd][0xef][0xbf][0xbd][0xef][0xbf][0xbd]Z[1\[0xef][0xbf][0xbd][0xef][0xbf][0xbd]S[0xef][0xbf][0xbd][0xef][0xbf][0xbd]Vi[0xef][0xbf][0xbd][0x16]H[0xef][0xbf][0xbd][0x7][0xef][0xbf][0xbd][0xef][0xbf][0xbd][0xef][0xbf][0xbd][0xd8][0xbd]X[0xef][0xbf][0xbd][0xef][0xbf][0xbd]E[0xef][0xbf][0xbd]P[0xda][0xad][0xef][0xbf][0xbd][0xef][0xbf][0xbd]Zx[0xef][0xbf][0xbd]2~[0xf2][0xba][0x98][0x9e]/[0x5][0xef][0xbf][0xbd][0xef][0xbf][0xbd]#-[0xef][0xbf][0xbd][0x8][0x10][0x0][0x12]j[0xef][0xbf][0xbd])[0xef][0xbf][0xbd][0xef][0xbf][0xbd]d[0xef][0xbf][0xbd]M[0xef][0xbf][0xbd][0x1b][0xef][0xbf][0xbd][0xef][0xbf][0xbd][0xef][0xbf][0xbd][\n]"
07:56:28.570 [main] DEBUG org.apache.http.wire -  >> "ld[0xef][0xbf][0xbd][0xef][0xbf][0xbd][0xef][0xbf][0xbd][0xef][0xbf][0xbd][0x18][0xef][0xbf][0xbd][0xd2][0x96][0x1]3[0xef][0xbf][0xbd][0x1d]2[0xef][0xbf][0xbd][0xe]S[0xef][0xbf][0xbd][0xef][0xbf][0xbd]q[0xef][0xbf][0xbd][0xef][0xbf][0xbd][0xd2][0xb6][0xef][0xbf][0xbd]bc,[0xef][0xbf][0xbd][0xef][0xbf][0xbd]P[0xb][0x18][0xef][0xbf][0xbd]W7[0x1][0xef][0xbf][0xbd][0xef][0xbf][0xbd]^}[0xef][0xbf][0xbd][0xef][0xbf][0xbd][0xd0][0xb5]L[0xef][0xbf][0xbd][0xef][0xbf][0xbd]h{0-N[0x9]2[0xef][0xbf][0xbd]+I}[0xef][0xbf][0xbd]]Xnt[0x9]Z[0xef][0xbf][0xbd][0xef][0xbf][0xbd][0xef][0xbf][0xbd][0x2][0xef][0xbf][0xbd][0xef][0xbf][0xbd]73/[0xef][0xbf][0xbd][0x5][0xef][0xbf][0xbd]Z[0x1f][0x14][0xef][0xbf][0xbd][0xef][0xbf][0xbd][0x4][0xef][0xbf][0xbd]3[0xef][0xbf][0xbd][0xef][0xbf][0xbd][\r][0xef][0xbf]"
07:56:28.571 [main] DEBUG org.apache.http.wire -  >> "[0xbd]t+[0x3][0x8][0xef][0xbf][0xbd][0x1f].[0xef][0xbf][0xbd][0x18][0xef][0xbf][0xbd]-qq[0x1f][0x16]/9&[0xef][0xbf][0xbd]f[0xef][0xbf][0xbd]-LO[0xef][0xbf][0xbd][0xd2][0x9b]J[0xe][0xef][0xbf][0xbd][0xef][0xbf][0xbd][0xef][0xbf][0xbd]\[0xef][0xbf][0xbd][0x1c]'[0xef][0xbf][0xbd][0xef][0xbf][0xbd][0xef][0xbf][0xbd]JI[0xef][0xbf][0xbd]u[0xef][0xbf][0xbd]7Z[0xef][0xbf][0xbd][0xd7][0x90][0xef][0xbf][0xbd]t[0xef][0xbf][0xbd]b[0xef][0xbf][0xbd][0xef][0xbf][0xbd]K[0x1f]k[0xef][0xbf][0xbd][0xef][0xbf][0xbd][0x2]Q[0xef][0xbf][0xbd][0xef][0xbf][0xbd][0xef][0xbf][0xbd][0xef][0xbf][0xbd][0x19][0xef][0xbf][0xbd]UC[0xef][0xbf][0xbd][0xef][0xbf][0xbd][0xef][0xbf][0xbd][0xef][0xbf][0xbd]u[0x8][0xef][0xbf][0xbd]*[0xef][0xbf][0xbd]P.V3[0xef][0xbf][0xbd]?s[0xef][0xbf][0xbd]k[0x4]r[0xef][0xbf][0xbd][0xef][0xbf][0xbd][0xef][0xbf][0xbd][0xef][0xbf][0xbd][0x18]c[0xef][0xbf][0xbd]3c(m5[0xef][0xbf][0xbd]e[0xef][0xbf][0xbd]U#[0xef][0xbf][0xbd][0xcf][0x9b]${P[0x11][0xef][0xbf][0xbd]5[0xef][0xbf][0xbd][0xef][0xbf][0xbd][0xef][0xbf][0xbd][0xef][0xbf][0xbd][0xef][0xbf][0xbd]t[d[0xef][0xbf][0xbd][0xef][0xbf][0xbd]d[0xd1][0xa2][0xef][0xbf][0xbd][0x19][0x1d][0xef][0xbf][0xbd]n|[0xef][0xbf][0xbd][0xef][0xbf][0xbd][0xef][0xbf][0xbd][0xef][0xbf][0xbd][0xef][0xbf][0xbd]|[0xef][0xbf][0xbd]z?[0xef][0xbf][0xbd][0xef][0xbf][0xbd][0xef][0xbf][0xbd]N[0xef][0xbf][0xbd] A[0xb][0xef][0xbf][0xbd][0xef][0xbf][0xbd]|[0xef][0xbf][0xbd][0x1b]z[0xef][0xbf][0xbd],[0xef][0xbf][0xbd][0xef][0xbf][0xbd][0xef][0xbf][0xbd][0x17][0x8][0xef][0xbf][0xbd]h[0x17][0xc][0xef][0xbf][0xbd]:[0xef][0xbf][0xbd]@[0x9][0xef][0xbf][0xbd][0x8][0xef][0xbf][0xbd]@[0x5][0x18][0xef][0xbf][0xbd]Jk[0xef][0xbf][0xbd]w[0xc2][0xb4]n[0xef][0xbf][0xbd][0x1b][0xef][0xbf][0xbd]F[0xef][0xbf][0xbd]W9[0xef][0xbf][0xbd][0xef][0xbf][0xbd][0xef][0xbf][0xbd][0xca][0x83][0x15][0xef][0xbf][0xbd]{[0xef][0xbf][0xbd][0x10][0xef][0xbf][0xbd][0xef][0xbf][0xbd][0xef][0xbf][0xbd]b[0x5][0xef][0xbf][0xbd][0xef][0xbf][0xbd]Pd{P/[0x13]K[0xef][0xbf][0xbd]L"[0xef][0xbf][0xbd]K:9![0xef][0xbf][0xbd][0xef][0xbf][0xbd][0xef][0xbf][0xbd]\[0xdd][0x94]>[0xef][0xbf][0xbd][0xef][0xbf][0xbd]d[0xef][0xbf][0xbd][0x0][0xef][0xbf][0xbd]Q[0xef][0xbf][0xbd][0x16]m[0x11]L[0xef][0xbf][0xbd]X[0xb]G[0x13]~[0xef][0xbf][0xbd]F[0xef][0xbf][0xbd][0x1f][0xda][0xa0][0xef][0xbf][0xbd][0xef][0xbf][0xbd]|[0xef][0xbf][0xbd][0xef][0xbf][0xbd]s[0xef][0xbf][0xbd]w[0xef][0xbf][0xbd][0xef][0xbf][0xbd][0xc9][0xa2][0xef][0xbf][0xbd][0xc4][0x96]9a[0xef][0xbf][0xbd][0x1]3u=c[0xef][0xbf][0xbd][0x0]|d[0xef][0xbf][0xbd][0xef][0xbf][0xbd][0xef][0xbf][0xbd][0xef][0xbf][0xbd][0xd2][0xbb][0x8][0xef][0xbf][0xbd]9[0xef][0xbf][0xbd][0x1c]w*[0x12][0xef][0xbf][0xbd]{[0xef][0xbf][0xbd]X7[0x10][0xef][0xbf][0xbd][0xef][0xbf][0xbd]W}[0x1][0xef][0xbf][0xbd][0xef][0xbf][0xbd][0xef][0xbf][0xbd]y*[0x5][\r][0xef][0xbf][0xbd]3[0xef][0xbf][0xbd][0xef][0xbf][0xbd]|[0xef][0xbf][0xbd]([0xef][0xbf][0xbd][0xb][0xef][0xbf][0xbd][0xef][0xbf][0xbd]c[0xef][0xbf][0xbd]e[0xef][0xbf][0xbd][0xef][0xbf][0xbd][0xef][0xbf][0xbd][0xef][0xbf][0xbd]4[0xef][0xbf][0xbd]Xc'[0xef][0xbf][0xbd][0xef][0xbf][0xbd][0xef][0xbf][0xbd]|r[0xef][0xbf][0xbd][0xef][0x9f][0xbe][0xef][0xbf][0xbd][0xef][0xbf][0xbd]_{[0xef][0xbf][0xbd]<n[[0x16][0xd9][0xa2][0xef][0xbf][0xbd]%[0x1d][0xef][0xbf][0xbd][0xef][0xbf][0xbd][0xef][0xbf][0xbd][0xef][0xbf][0xbd]_[0xef][0xbf][0xbd][0xef][0xbf][0xbd][0xef][0xbf][0xbd][0xef][0xbf][0xbd][0xef][0xbf][0xbd][0x13][0xef][0xbf][0xbd][0x5][0xef][0xbf][0xbd][0xef][0xbf][0xbd]t[0x1f]zdh[0xef][0xbf][0xbd][0x17][0xef][0xbf][0xbd][0xef][0xbf][0xbd][0x1c][0xef][0xbf][0xbd];[0xef][0xbf][0xbd][0xef][0xbf][0xbd]w[0xef][0xbf][0xbd]?o[0xef][0xbf][0xbd][0xef][0xbf][0xbd][0xd1][0x89][0x8]US)[0xef][0xbf][0xbd][0xef][0xbf][0xbd]C[0xcb][0xa4][0xef][0xbf][0xbd][0x6]%[0xef][0xbf][0xbd][0xef][0xbf][0xbd]U[0x1d][0xef][0xbf][0xbd]V9[\r][0xef][0xbf][0xbd][0x4][0xef][0xbf][0xbd][0x1]D[0xef][0xbf][0xbd]!h[0xef][0xbf][0xbd][0xef][0xbf][0xbd][0xef][0xbf][0xbd]RKG[0xb][0xef][0xbf][0xbd]&[0xef][0xbf][0xbd][0x2][0xef][0xbf][0xbd][0xef][0xbf][0xbd][[0x14][0xef][0xbf][0xbd][0xef][0xbf][0xbd][0x14][0xef][0xbf][0xbd][0xef][0xbf][0xbd]{[0xef][0xbf][0xbd]\[0xef][0xbf][0xbd]/[0xef][0xbf][0xbd]Y[0xef][0xbf][0xbd][0xef][0xbf][0xbd][0xef][0xbf][0xbd]9[0x5][)[0xef][0xbf][0xbd]`w[0xef][0xbf][0xbd][0xc]K[0xef][0xbf][0xbd][0x1e][0xef][0xbf][0xbd][0x15][0xef][0xbf][0xbd][0xef][0xbf][0xbd]n[0xef][0xbf][0xbd]_[0x10][0xef][0xbf][0xbd]g[0xe][\r]@[0xef][0xbf][0xbd]][0xed][0x9c][0x8d][0xef][0xbf][0xbd]^O[0xef][0xbf][0xbd]J:[0x11][0xef][0xbf][0xbd][0x14]D{[0xef][0xbf][0xbd]F|[0xef][0xbf][0xbd]u[0xef][0xbf][0xbd]@[0xef][0xbf][0xbd][0x1][0xef][0xbf][0xbd]S[0xef][0xbf][0xbd]6N[0xef][0xbf][0xbd][0xef][0xbf][0xbd][0xef][0xbf][0xbd]t[0xef][0xbf][0xbd]J1to[0x18][0xef][0xbf][0xbd][0xef][0xbf][0xbd][0xef][0xbf][0xbd][0xef][0xbf][0xbd][0xef][0xbf][0xbd]q0[0xef][0xbf][0xbd]`eZ[0xef][0xbf][0xbd][0xef][0xbf][0xbd][0xdf][0x80]c[0xef][0xbf][0xbd][0xef][0xbf][0xbd][0xef][0xbf][0xbd]r{R[0xef][0xbf][0xbd][0xef][0xbf][0xbd][0xef][0xbf][0xbd][0xe][0x19][0xef][0xbf][0xbd][0x12]*8[0xef][0xbf][0xbd][\r][0xef][0xbf][0xbd]<!%[0xef][0xbf][0xbd][0xef][0xbf][0xbd]$G[0xda][0xa5]([0xef][0xbf][0xbd][0x3]n[0xef][0xbf][0xbd][0xef][0xbf][0xbd][0x1b][0xef][0xbf][0xbd][0x8]8[0xef][0xbf][0xbd][0xef][0xbf][0xbd][0xef][0xbf][0xbd][0xef][0xbf][0xbd]Q[0xef][0xbf][0xbd]1?[0xef][0xbf][0xbd][0xef][0xbf][0xbd][0xef][0xbf][0xbd]{[0x1][0xef][0xbf][0xbd][0xef][0xbf][0xbd][0xef][0xbf][0xbd]x[0xef][0xbf][0xbd][0xef][0xbf][0xbd]5[0x6][0xef][0xbf][0xbd]V[0x1f][0xef][0xbf][0xbd][0xd1][0xa1][0x18]a[0xef][0xbf][0xbd][0xef][0xbf][0xbd]o:0[0xc6][0xa7][0xef][0xbf][0xbd]]R[0xef][0xbf][0xbd]wZ@[0xef][0xbf][0xbd][0xef][0xbf][0xbd]cE[0xf][0xef][0xbf][0xbd][0xcd][0xb7][0x1e]][0x17][0xef][0xbf][0xbd][0xd7][0xae][0xef][0xbf][0xbd][0xef][0xbf][0xbd][0xef][0xbf][0xbd][0xef][0xbf][0xbd][0xef][0xbf][0xbd][0xef][0xbf][0xbd][0xef][0xbf][0xbd]b,o[0xd7][0xb3][0xef][0xbf][0xbd][0xca][0x95][0xef][0xbf][0xbd]*[0xef][0xbf][0xbd][\n]"
07:56:28.571 [main] DEBUG org.apache.http.wire -  >> "[0xef][0xbf][0xbd][0x8][0xe]^[0xef][0xbf][0xbd][0xef][0xbf][0xbd]([0xef][0xbf][0xbd]u,[0xef][0xbf][0xbd][\r][0xef][0xbf][0xbd]V[0xef][0xbf][0xbd]\.[0xef][0xbf][0xbd]T[0xef][0xbf][0xbd][0xef][0xbf][0xbd]D[0x8][\n]"
07:56:28.572 [main] DEBUG org.apache.http.wire -  >> "[0xef][0xbf][0xbd]Z[0xef][0xbf][0xbd]T[0xef][0xbf][0xbd][[0x10]B_[0xe]u[0xef][0xbf][0xbd]d;[0xef][0xbf][0xbd]W[0xef][0xbf][0xbd][\r]n[0xef][0xbf][0xbd][0xef][0xbf][0xbd][0x6]d[0xef][0xbf][0xbd]%`[0xef][0xbf][0xbd]([0xef][0xbf][0xbd]C[0xef][0xbf][0xbd]"[0xef][0xbf][0xbd]*[0xef][0xbf][0xbd]F[0xb],0q5[0xef][0xbf][0xbd][0x1a][0x1d][0xef][0xbf][0xbd][0xef][0xbf][0xbd][0xef][0xbf][0xbd][0x9]8v x[0x9]EZk<[0xef][0xbf][0xbd][0xef][0xbf][0xbd][0xef][0xbf][0xbd]I[0x1a][0xef][0xbf][0xbd][0xef][0xbf][0xbd]h[0xef][0xbf][0xbd][0xef][0xbf][0xbd][0xef][0xbf][0xbd][0x19][0xef][0xbf][0xbd] [0xef][0xbf][0xbd]:&F[0xef][0xbf][0xbd]S{[0xef][0xbf][0xbd][0xef][0xbf][0xbd]6q[\r][0xef][0xbf][0xbd]5Xj[0xef][0xbf][0xbd][0xef][0xbf][0xbd]b[0xef][0xbf][0xbd][0xef][0xbf][0xbd]MP&\-$[0xef][0xbf][0xbd][0xef][0xbf][0xbd]Rh:^[0xef][0xbf][0xbd][0x1e][0xef][0xbf][0xbd][0xef][0xbf][0xbd][0xef][0xbf][0xbd]O[0xef][0xbf][0xbd][0xef][0xbf][0xbd]=[0xef][0xbf][0xbd][0xef][0xbf][0xbd]h[0xef][0xbf][0xbd][0x4][0xef][0xbf][0xbd][0xef][0xbf][0xbd]NI[0xef][0xbf][0xbd]![0xd2][0x86]9[0xef][0xbf][0xbd][0xef][0xbf][0xbd]q[0xef][0xbf][0xbd][0xf][0xb][0x6][0xef][0xbf][0xbd][0xef][0xbf][0xbd]XO[0xef][0xbf][0xbd]L[0xef][0xbf][0xbd]j[0x4][0xef][0xbf][0xbd][s[0xef][0xbf][0xbd]]:[0xef][0xbf][0xbd][0xef][0xbf][0xbd][0xef][0xbf][0xbd]a[0xef][0xbf][0xbd][0x18]JX[0x1][0xef][0xbf][0xbd]3[0xef][0xbf][0xbd][0x1f][0xef][0xbf][0xbd][0x10][0xef][0xbf][0xbd][0xef][0xbf][0xbd]X]4[0xef][0xbf][0xbd][0xef][0xbf][0xbd][0x11](wX,[0xef][0xbf][0xbd][0x16]][0xef][0xbf][0xbd]I[0xef][0xbf][0xbd]54[0xef][0xbf][0xbd][0x5][0xef][0xbf][0xbd]/L[0xef][0xbf][0xbd][0xef][0xbf][0xbd]7[0xef][0xbf][0xbd][0x18]n[0x1f]E"[0xef][0xbf][0xbd][0xef][0xbf][0xbd][0x19][0xef][0xbf][0xbd];- [[0xef][0xbf][0xbd][0xef][0xbf][0xbd][0xef][0xbf][0xbd][0x7][0xef][0xbf][0xbd][0xef][0xbf][0xbd]uu[0x1d][0xef][0xbf][0xbd][0xef][0xbf][0xbd]p}[0xef][0xbf][0xbd][0xef][0xbf][0xbd][0x18][0x1e]P[0x10][0x1a][0xef][0xbf][0xbd][\r][0xef][0xbf][0xbd]$2[0xef][0xbf][0xbd][0xef][0xbf][0xbd]|[0xef][0xbf][0xbd][0xef][0xbf][0xbd][0x1]aZ[0xc2][0x9c][0xef][0xbf][0xbd][0x13]B][0xef][0xbf][0xbd]%P[0xed][0x9d][0x80]xh[0xef][0xbf][0xbd]\[0xef][0xbf][0xbd][0xef][0xbf][0xbd].f[0xef][0xbf][0xbd]"[0xef][0xbf][0xbd][0xef][0xbf][0xbd]o}[0xb][0xef][0xbf][0xbd][0xef][0xbf][0xbd]F[0xef][0xbf][0xbd][0x2] [0xef][0xbf][0xbd][0xef][0xbf][0xbd]\[0xef][0xbf][0xbd]y[0xef][0xbf][0xbd][0xef][0xbf][0xbd][0xef][0xbf][0xbd][\n]"
07:56:28.572 [main] DEBUG org.apache.http.wire -  >> "[0xef][0xbf][0xbd];[0xef][0xbf][0xbd][0xef][0xbf][0xbd][0xef][0xbf][0xbd][0xef][0xbf][0xbd]&[0xdd][0xa3]=[0xef][0xbf][0xbd]y[0xef][0xbf][0xbd][0xef][0xbf][0xbd][0xef][0xbf][0xbd][0xef][0xbf][0xbd]*[0xef][0xbf][0xbd][0xef][0xbf][0xbd]&[0xef][0xbf][0xbd][0xef][0xbf][0xbd][0x2]1[0xef][0xbf][0xbd][0xef][0xbf][0xbd][0xef][0xbf][0xbd][0x15][0x6]Q[0xef][0xbf][0xbd]J[0x0][\n]"
07:56:28.573 [main] DEBUG org.apache.http.wire -  >> "[0xef][0xbf][0xbd]rk[0xef][0xbf][0xbd][0xef][0xbf][0xbd][0x12][0xef][0xbf][0xbd][0xef][0xbf][0xbd][0xef][0xbf][0xbd][0x2][0xef][0xbf][0xbd]M2D[0xef][0xbf][0xbd][0xe][0xef][0xbf][0xbd]^C[0xef][0xbf][0xbd][0xef][0xbf][0xbd][0x1b][0xef][0xbf][0xbd]\[0xef][0xbf][0xbd][0x12][0xd6][0x80][0xef][0xbf][0xbd]WB:?[0xef][0xbf][0xbd]5[0xef][0xbf][0xbd][0xef][0xbf][0xbd])[0xef][0xbf][0xbd].[0xef][0xbf][0xbd]c[0xef][0xbf][0xbd]p<L[0xef][0xbf][0xbd][0xef][0xbf][0xbd][0xef][0xbf][0xbd][0xef][0xbf][0xbd][0xef][0xbf][0xbd][0xef][0xbf][0xbd]Q[0xef][0xbf][0xbd][0x15][0xef][0xbf][0xbd]l[0xef][0xbf][0xbd]S[0xef][0xbf][0xbd][0xef][0xbf][0xbd]v[0xef][0xbf][0xbd][0xef][0xbf][0xbd][0xef][0xbf][0xbd][0x0]{\[0xef][0xbf][0xbd]ra6,O[0xef][0xbf][0xbd][0x1a][0xef][0xbf][0xbd][0xf]ex[0xf][0xef][0xbf][0xbd][0xef][0xbf][0xbd][0xef][0xbf][0xbd]-[0xef][0xbf][0xbd][0xef][0xbf][0xbd]'7[0x1e][0xef][0xbf][0xbd][0x1b][0xef][0xbf][0xbd]'N[0xef][0xbf][0xbd][0xef][0xbf][0xbd][0xef][0xbf][0xbd]YY{x[0xef][0xbf][0xbd]5,[0xef][0xbf][0xbd]r%[0x16][0xef][0xbf][0xbd][0x13][0xef][0xbf][0xbd]n[0xef][0xbf][0xbd]L[0xef][0xbf][0xbd]4Zi[0xef][0xbf][0xbd][0xef][0xbf][0xbd][0xef][0xbf][0xbd][0x17][0xef][0xbf][0xbd][[0xef][0xbf][0xbd]T)P[0x16][0x9][0xef][0xbf][0xbd]G[0xef][0xbf][0xbd][0xef][0xbf][0xbd]m[0xef][0xbf][0xbd]i[0x1][0xd9][0xa2][0xef][0xbf][0xbd]$[0x1d][0xef][0xbf][0xbd][0xef][0xbf][0xbd][0xef][0xbf][0xbd][0xef][0xbf][0xbd][0xef][0xbf][0xbd]u[0xef][0xbf][0xbd][0xef][0xbf][0xbd]|]l[0xef][0xbf][0xbd][0xef][0xbf][0xbd]H[0xe]J)[0xd2][0xa9][0xef][0xbf][0xbd][0xef][0xbf][0xbd]([0x1f]j1[0xef][0xbf][0xbd][0xef][0xbf][0xbd][0xc9][0x85]k)[0xef][0xbf][0xbd]S[0xd4][0xab]/[0x1f][0x14][0x12][0xef][0xbf][0xbd]jyl[0xef][0xbf][0xbd]:[0xef][0xbf][0xbd][0xef][0xbf][0xbd].!*[0xd1][0x8e]*[0xef][0xbf][0xbd]{j[0xef][0xbf][0xbd][0x1b][0xef][0xbf][0xbd]S[0xea][0x98][0x89]Q[0xef][0xbf][0xbd][0xef][0xbf][0xbd],b"B[0xef][0xbf][0xbd][0xef][0xbf][0xbd][0x18]q#[0xef][0xbf][0xbd]s[0xef][0xbf][0xbd][0x1b][0xef][0xbf][0xbd][0xef][0xbf][0xbd][0xcd][0xb0][0xef][0xbf][0xbd][0xef][0xbf][0xbd][0xef][0xbf][0xbd][0xef][0xbf][0xbd]:3[0xef][0xbf][0xbd][0x2][0xef][0xbf][0xbd]y[0xef][0xbf][0xbd][0xef][0xbf][0xbd][0xdb][0xae]2[0x1b][0xef][0xbf][0xbd]d[0xef][0xbf][0xbd][0xef][0xbf][0xbd]?[0xef][0xbf][0xbd][0xb][0x17]w[0xef][0xbf][0xbd]F[0xef][0xbf][0xbd][0xef][0xbf][0xbd]+l[0xef][0xbf][0xbd][0x13][0xef][0xbf][0xbd]}[0xef][0xbf][0xbd]hu[0x18],[0xe][0xef][0xbf][0xbd][[0xef][0xbf][0xbd][0xdb][0xac]!<[0x16][0xef][0xbf][0xbd][0x6][0xef][0xbf][0xbd]ty[0xef][0xbf][0xbd][0xef][0xbf][0xbd]XHl[0xef][0xbf][0xbd]$[0xef][0xbf][0xbd]#[0xcb][0xbe]P[0xd0][0xb6][0xef][0xbf][0xbd][\n]"
07:56:28.573 [main] DEBUG org.apache.http.wire -  >> "?i[0xc][0xef][0xbf][0xbd]|[0xef][0xbf][0xbd][0xef][0xbf][0xbd][0xef][0xbf][0xbd]`pY[0xb]p[0xef][0xbf][0xbd]Q^;[0xef][0xbf][0xbd][0xef][0xbf][0xbd]F[0xef][0xbf][0xbd][0xef][0xbf][0xbd][0xef][0xbf][0xbd][0x13]Qn[0xef][0xbf][0xbd][0xef][0xbf][0xbd][0xef][0xbf][0xbd]*[0xef][0xbf][0xbd]8[0xef][0xbf][0xbd][0xef][0xbf][0xbd]G[0xef][0xbf][0xbd][0xef][0xbf][0xbd][0xef][0xbf][0xbd][0x19][0xef][0xbf][0xbd]Y[0xef][0xbf][0xbd][0xef][0xbf][0xbd]N[0xef][0xbf][0xbd][0xef][0xbf][0xbd]>[0xef][0xbf][0xbd][0xef][0xbf][0xbd]RL3[0xef][0xbf][0xbd]gOV{56[0xef][0xbf][0xbd]{[0xef][0xbf][0xbd][0xef][0xbf][0xbd]L[0xef][0xbf][0xbd]B[0x2][\r][0x4][0xe8][0xb5][0x87][0xef][0xbf][0xbd]z[0xe2][0x8e][0xbe][0xef][0xbf][0xbd]PJ<[0xef][0xbf][0xbd][0xef][0xbf][0xbd]_9[0xef][0xbf][0xbd]e[0xef][0xbf][0xbd][0xef][0xbf][0xbd]}[0xef][0xbf][0xbd]{[0xef][0xbf][0xbd]-[0x1b][0xef][0xbf][0xbd]Z[0xef][0xbf][0xbd][0xef][0xbf][0xbd]#D[0xf][0xef][0xbf][0xbd]w[0xef][0xbf][0xbd][0xef][0xbf][0xbd][0x17][0xef][0xbf][0xbd][0xb][0xef][0xbf][0xbd][0xc5][0x8b]]][0xef][0xbf][0xbd]{[0xef][0xbf][0xbd]a[0x11][0xef][0xbf][0xbd]>Th[0xef][0xbf][0xbd]q[0xef][0xbf][0xbd]Z[0xef][0xbf][0xbd]n[0xef][0xbf][0xbd][0xef][0xbf][0xbd][0xef][0xbf][0xbd][0xef][0xbf][0xbd][0x19][0xef][0xbf][0xbd][0xef][0xbf][0xbd][0xc9][0x97][0xef][0xbf][0xbd][0xd8][0x81]c?[0x1f]n[\n]"
07:56:28.573 [main] DEBUG org.apache.http.wire -  >> "[0xef][0xbf][0xbd][0xef][0xbf][0xbd]*[0xc]8S[0xef][0xbf][0xbd][0xef][0xbf][0xbd][0xef][0xbf][0xbd]4[0x5][0xef][0xbf][0xbd][0xef][0xbf][0xbd]lm"m[0x1]i[0xef][0xbf][0xbd][0xdf][0x9e][0xdb][0xa0][0xef][0xbf][0xbd]q[0xd6][0xb2][0xef][0xbf][0xbd]`Rq[0xef][0xbf][0xbd][0xef][0xbf][0xbd]$[0xef][0xbf][0xbd]b%[0x2][\n]"
07:56:28.574 [main] DEBUG org.apache.http.wire -  >> "[0x8][0xef][0xbf][0xbd]\QdC@[0xef][0xbf][0xbd][0x1][0xef][0xbf][0xbd][0x3][0xef][0xbf][0xbd][0xdc][0x80][0xef][0xbf][0xbd][0xc3][0xa8][0x14][0xef][0xbf][0xbd]*V[0x10]]n[0xef][0xbf][0xbd]'[0xef][0xbf][0xbd]~5C[0xef][0xbf][0xbd][0xef][0xbf][0xbd]A1d/[0xef][0xbf][0xbd]&5v[0xef][0xbf][0xbd][0xd9][0xaf][0xef][0xbf][0xbd]1[0xef][0xbf][0xbd][0x1c][0xc7][0xbc][0xef][0xbf][0xbd]5[0xef][0xbf][0xbd]#n[0xef][0xbf][0xbd][0xef][0xbf][0xbd]&[0xef][0xbf][0xbd][0xef][0xbf][0xbd]u[0x12][0xef][0xbf][0xbd][0xef][0xbf][0xbd][0xef][0xbf][0xbd]8[0x1c]g1_[0xef][0xbf][0xbd][0xef][0xbf][0xbd][0xef][0xbf][0xbd][0xef][0xbf][0xbd][0xef][0xbf][0xbd][0x1d]-[0xb][0xd9][0x83]5N:[0xef][0xbf][0xbd][0xef][0xbf][0xbd]f[0xef][0xbf][0xbd][0x3][0xef][0xbf][0xbd]0[0x0]2[0x14]l[0xef][0xbf][0xbd]U[0xef][0xbf][0xbd]?N[0xef][0xbf][0xbd][0xef][0xbf][0xbd][0xef][0xbf][0xbd][0x1c]e[0xef][0xbf][0xbd][0x5][0xef][0xbf][0xbd]>@y[0xef][0xbf][0xbd][0x1f][0xcb][0xa5]9[0xef][0xbf][0xbd]5[0xef][0xbf][0xbd]s[0xef][0xbf][0xbd][0xef][0xbf][0xbd][0xef][0xbf][0xbd][0xd1][0xb4][0xef][0xbf][0xbd][0xef][0xbf][0xbd][0xd5][0xb8] [0x15][0xef][0xbf][0xbd]{[0xdc][0xa0][0xef][0xbf][0xbd][0x1](;1$[0x1a][0xef][0xbf][0xbd]}d[0xef][0xbf][0xbd][0xef][0xbf][0xbd]B[0xef][0xbf][0xbd][0x6]M|[0xef][0xbf][0xbd]#[0xef][0xbf][0xbd]c[0xef][0xbf][0xbd]e[0xef][0xbf][0xbd]-z[0xef][0xbf][0xbd][0xe9][0xb0][0xbe]~[0xef][0xbf][0xbd]rd[0x1d]^'[0xef][0xbf][0xbd][0xef][0xbf][0xbd]^[0x10][0xef][0xbf][0xbd][0xef][0xbf][0xbd]'[0xef][0xbf][0xbd][0xef][0xbf][0xbd]?[0xef][0xbf][0xbd]K[0x1a]s[0xef][0xbf][0xbd]S[0xef][0xbf][0xbd]6[0x17])[0xef][0xbf][0xbd]N[0xef][0xbf][0xbd]}[0xef][0xbf][0xbd]A[0xef][0xbf][0xbd]z[0xef][0xbf][0xbd][0x1c]FF[0xef][0xbf][0xbd][0xef][0xbf][0xbd][0xc2][0xaa],[0xef][0xbf][0xbd][0x0][0xef][0xbf][0xbd][0xd1][0xa9](~[0xef][0xbf][0xbd][0xef][0xbf][0xbd][0xef][0xbf][0xbd][0xef][0xbf][0xbd][0xef][0xbf][0xbd][0x12]M[0xef][0xbf][0xbd][0x4]E[0xef][0xbf][0xbd]:y@[0xef][0xbf][0xbd]x[0xef][0xbf][0xbd][0xef][0xbf][0xbd][0xef][0xbf][0xbd]i![0xef][0xbf][0xbd]6Hc[0xef][0xbf][0xbd]qH[0xef][0xbf][0xbd][0x5][0xef][0xbf][0xbd][0x5]^[0xef][0xbf][0xbd][0x10]$q[0xef][0xbf][0xbd]^h[0xef][0xbf][0xbd]3i`[0xef][0xbf][0xbd][0xef][0xbf][0xbd]D[0xef][0xbf][0xbd]o%[0xef][0xbf][0xbd][0x15][0x3][0xef][0xbf][0xbd][0xef][0xbf][0xbd][0xb][0xef][0xbf][0xbd][0xef][0xbf][0xbd][0x19][0xef][0xbf][0xbd][0xef][0xbf][0xbd]Z[0xef][0xbf][0xbd][0xef][0xbf][0xbd]U[0xef][0xbf][0xbd][0xef][0xbf][0xbd][0xef][0xbf][0xbd]N;[0x9]B[0x8]|'/.m|[0xef][0xbf][0xbd][0xef][0xbf][0xbd][0xef][0xbf][0xbd][0x1][0xef][0xbf][0xbd][0xef][0xbf][0xbd][0xef][0xbf][0xbd][0xca][0x84][0x5][0xef][0xbf][0xbd]{[0xef][0xbf][0xbd][0xce][0x80]@S[0xef][0xbf][0xbd][0xef][0xbf][0xbd][0xef][0xbf][0xbd][0xef][0xbf][0xbd][0xef][0xbf][0xbd][0xef][0xbf][0xbd]q+[0xef][0xbf][0xbd]R h[0xef][0xbf][0xbd]z[0xef][0xbf][0xbd][0xef][0xbf][0xbd][0xef][0xbf][0xbd]'[0xef][0xbf][0xbd]T[0xc3][0x9d]&G[0x15][0x16]=N[0xef][0xbf][0xbd]z[0xd1][0x8f][0xef][0xbf][0xbd]+[0xef][0xbf][0xbd][0x18][0xef][0xbf][0xbd][0xef][0xbf][0xbd][0xef][0xbf][0xbd][0xef][0xbf][0xbd][0xd2][0xbf][0xef][0xbf][0xbd][0xef][0xbf][0xbd][0xef][0xbf][0xbd][0xef][0xbf][0xbd][0xef][0xbf][0xbd]<5[0xef][0xbf][0xbd][0xef][0xbf][0xbd][0x13][0xef][0xbf][0xbd][0xef][0xbf][0xbd][0xef][0xbf][0xbd][0xef][0xbf][0xbd][0x1e]5[\n]"
07:56:28.575 [main] DEBUG org.apache.http.wire -  >> "[0xef][0xbf][0xbd][0xef][0xbf][0xbd][0xef][0xbf][0xbd][0xcd][0x8e][0xef][0xbf][0xbd]I:)0o[0xef][0xbf][0xbd]b[0xef][0xbf][0xbd][0xd9][0x88]O[0xef][0xbf][0xbd][0xef][0xbf][0xbd][0xef][0xbf][0xbd]bl[0x19]J[0x16][0xef][0xbf][0xbd]D[0x10][0xef][0xbf][0xbd]s][0xef][0xbf][0xbd]+[0xef][0xbf][0xbd]}[0xef][0xbf][0xbd][0xef][0xbf][0xbd][0xef][0xbf][0xbd][0xef][0xbf][0xbd]D[0xef][0xbf][0xbd][0xef][0xbf][0xbd][0xef][0xbf][0xbd]$![0xef][0xbf][0xbd]w[0xef][0xbf][0xbd][0x19][0xef][0xbf][0xbd][0xef][0xbf][0xbd]rJ[0xef][0xbf][0xbd][0xef][0xbf][0xbd]i[0x1][0xd9][0xa2][0xef][0xbf][0xbd][0xef][0xbf][0xbd][0x1e][0xef][0xbf][0xbd][0xef][0xbf][0xbd][0xef][0xbf][0xbd][0xef][0xbf][0xbd][0xef][0xbf][0xbd]:[0xef][0xbf][0xbd]_[0xef][0xbf][0xbd]N[0xef][0xbf][0xbd]Gr[0xef][0xbf][0xbd]WtD[0xef][0xbf][0xbd][0xef][0xbf][0xbd][0xef][0xbf][0xbd]3[0xef][0xbf][0xbd] n[0xef][0xbf][0xbd][0x0].!k[0xef][0xbf][0xbd]a[0xef][0xbf][0xbd][0xef][0xbf][0xbd][0xef][0xbf][0xbd][0x12][0xef][0xbf][0xbd][0xd6][0xa7]Uj[0xc6][0xa3]X3[0xef][0xbf][0xbd][0xef][0xbf][0xbd]E[0xb][0xef][0xbf][0xbd]W|h[0xef][0xbf][0xbd][0x12][0xef][0xbf][0xbd][0xef][0xbf][0xbd]>[0xef][0xbf][0xbd][0xef][0xbf][0xbd]a[[0xef][0xbf][0xbd]D[0xef][0xbf][0xbd][0xef][0xbf][0xbd]EO[0xef][0xbf][0xbd][0x1d][0x1d][0xef][0xbf][0xbd][0xef][0xbf][0xbd]L[0xef][0xbf][0xbd][0x16]Z[0xef][0xbf][0xbd][0xef][0xbf][0xbd].j[0xef][0xbf][0xbd][0xef][0xbf][0xbd][0xef][0xbf][0xbd]Dq[0xef][0xbf][0xbd]K[0xef][0xbf][0xbd][0xef][0xbf][0xbd]WEi[0xef][0xbf][0xbd]!B[0xef][0xbf][0xbd][0x13]YJ[0xef][0xbf][0xbd]>[0xef][0xbf][0xbd]&[0x0][0xef][0xbf][0xbd][0xef][0xbf][0xbd]rk[0xef][0xbf][0xbd][0xef][0xbf][0xbd]91=[0xef][0xbf][0xbd][0xef][0xbf][0xbd]`f[0xef][0xbf][0xbd][0xef][0xbf][0xbd][0xef][0xbf][0xbd]<K[0xef][0xbf][0xbd][0x17][0xef][0xbf][0xbd]o[0xc]*[0x12][0x10][0xef][0xbf][0xbd][0xef][0xbf][0xbd]@[0xef][0xbf][0xbd][0xef][0xbf][0xbd][0x18][0x1d][0xef][0xbf][0xbd][0xef][0xbf][0xbd]8A[0xef][0xbf][0xbd][0x5][0xef][0xbf][0xbd][0xef][0xbf][0xbd]18[0xef][0xbf][0xbd][0x13]HLjC[0xc6][0x85][0xef][0xbf][0xbd][0xef][0xbf][0xbd][0xef][0xbf][0xbd][0xef][0xbf][0xbd]t[0xef][0xbf][0xbd][0xe7][0xa7][0x9a][0xef][0xbf][0xbd]&e[0xef][0xbf][0xbd][0xef][0xbf][0xbd][0xe]b[0x1b]%:[0x18][0xdd][0x8f][0xef][0xbf][0xbd]Za;[0xef][0xbf][0xbd]$[0xef][0xbf][0xbd][0xe5][0xb2][0x9a][0x1a][0xef][0xbf][0xbd]0[0xef][0xbf][0xbd][0xef][0xbf][0xbd]T[0xef][0xbf][0xbd][0xef][0xbf][0xbd]T[0x0][0xef][0xbf][0xbd][0xef][0xbf][0xbd][0xef][0xbf][0xbd]9[0xef][0xbf][0xbd][0xef][0xbf][0xbd]%[0xef][0xbf][0xbd][0xef][0xbf][0xbd]"[0xef][0xbf][0xbd]1l%ZG[0xc5][0xa2][0xef][0xbf][0xbd][0x9]S}.8[0x16]2[0xef][0xbf][0xbd]`[0x1e][0xef][0xbf][0xbd][0xcf][0x86]qk%+[0x15]>[0x18]W[0xef][0xbf][0xbd]#)G[0x14][0xef][0xbf][0xbd][0xef][0xbf][0xbd]8[0xef][0xbf][0xbd]6[0xef][0xbf][0xbd][0xef][0xbf][0xbd]Q`[0xef][0xbf][0xbd][0xef][0xbf][0xbd][0xef][0xbf][0xbd]H[0xef][0xbf][0xbd][0xef][0xbf][0xbd]i[0x1][0xd9][0xa2][0xef][0xbf][0xbd][0xef][0xbf][0xbd][0xef][0xbf][0xbd][0xef][0xbf][0xbd][0x17][0xef][0xbf][0xbd][0xef][0xbf][0xbd]?[0xef][0xbf][0xbd][0xef][0xbf][0xbd]{[0xef][0xbf][0xbd]y[0xef][0xbf][0xbd]:y_[0xef][0xbf][0xbd]j[0xef][0xbf][0xbd][0xef][0xbf][0xbd][0xef][0xbf][0xbd]H[0xef][0xbf][0xbd][0xef][0xbf][0xbd][0xef][0xbf][0xbd]Z}i[0xef][0xbf][0xbd][0xef][0xbf][0xbd]5([0xef][0xbf][0xbd][0xef][0xbf][0xbd]X$&^[0xef][0xbf][0xbd][0xef][0xbf][0xbd][0xef][0xbf][0xbd][0xef][0xbf][0xbd][0xef][0xbf][0xbd]k[0xe7][0xb0][0xba]|l[0xef][0xbf][0xbd][0x4][0xef][0xbf][0xbd]*[0xef][0xbf][0xbd][0xef][0xbf][0xbd])[0x1b].@[0xef][0xbf][0xbd]K8[0xef][0xbf][0xbd];H[0xef][0xbf][0xbd]vf[0xef][0xbf][0xbd][0xef][0xbf][0xbd]v[0xef][0xbf][0xbd]Q`[0xef]"
07:56:28.576 [main] DEBUG org.apache.http.wire -  >> "[0xbf][0xbd]o[0xca][0x87][0xef][0xbf][0xbd]%[0xef][0xbf][0xbd][0xef][0xbf][0xbd][0xef][0xbf][0xbd][0xef][0xbf][0xbd]C[0x8]{[0x1b]DGI[0xef][0xbf][0xbd]#[0xef][0xbf][0xbd][0xef][0xbf][0xbd]UrX87[0x4][0xef][0xbf][0xbd];[0xef][0xbf][0xbd][0xef][0xbf][0xbd][0xef][0xbf][0xbd][0xef][0xbf][0xbd][0x15][0xef][0xbf][0xbd][0xef][0xbf][0xbd]iP[0x18]\[0xef][0xbf][0xbd]1[0x15][0xef][0xbf][0xbd][0xf][0x0]/[0xef][0xbf][0xbd][0xef][0xbf][0xbd]LP [0xef][0xbf][0xbd][0xef][0xbf][0xbd]1<`"<;[0xef][0xbf][0xbd]srw[0xef][0xbf][0xbd][0xef][0xbf][0xbd]G[0xef][0xbf][0xbd]|#s[\r][0xef][0xbf][0xbd][0xef][0xbf][0xbd][0xef][0xbf][0xbd][0x1][0xef][0xbf][0xbd]0A[0xef][0xbf][0xbd][0xef][0xbf][0xbd][0xc6][0x86]M[0xef][0xbf][0xbd][0x4]J[0xef][0xbf][0xbd]v5[0xef][0xbf][0xbd][0xef][0xbf][0xbd]7[0xef][0xbf][0xbd][0xef][0xbf][0xbd][0xef][0xbf][0xbd]@[0xef][0xbf][0xbd]*$[0xe0][0xba][0xba][0xef][0xbf][0xbd]Q:][0xc2][0x9a][0xdc][0xb0][0xef][0xbf][0xbd]X[0xef][0xbf][0xbd][0x1][0xef][0xbf][0xbd][0xef][0xbf][0xbd]a[0x16][0x5][0xef][0xbf][0xbd]R[0xf]78[0xd5][0xa0][0xef][0xbf][0xbd]|[0xf][0xd1][0xa7]|Z[0xef][0xbf][0xbd]D.f=[0xef][0xbf][0xbd][0xef][0xbf][0xbd][0xef][0xbf][0xbd][0xef][0xbf][0xbd][0xef][0xbf][0xbd][0xef][0xbf][0xbd][\n]"
07:56:28.576 [main] DEBUG org.apache.http.wire -  >> "[0xef][0xbf][0xbd][0xef][0xbf][0xbd][0xef][0xbf][0xbd]T[[0xef][0xbf][0xbd]f[0xef][0xbf][0xbd]Ok[0xef][0xbf][0xbd][0xef][0xbf][0xbd][0xef][0xbf][0xbd]G[0xef][0xbf][0xbd][0xef][0xbf][0xbd][0xef][0xbf][0xbd]Mk%[0x1]MF[0x1d][0xef][0xbf][0xbd][0xef][0xbf][0xbd]U.[0x17][0xef][0xbf][0xbd][0xef][0xbf][0xbd]R[0xef][0xbf][0xbd]1a[0xef][0xbf][0xbd][0xef][0xbf][0xbd][0xef][0xbf][0xbd][0x2][0xef][0xbf][0xbd]EO[0x5]=|[0xef][0xbf][0xbd]j}[0xef][0xbf][0xbd][0xef][0xbf][0xbd][0xef][0xbf][0xbd]d[0xef][0xbf][0xbd][0xef][0xbf][0xbd][0xb]}[0xef][0xbf][0xbd]M[0xef][0xbf][0xbd]0[0xef][0xbf][0xbd]g[0xef][0xbf][0xbd][0xef][0xbf][0xbd]p[0x8][0x8][0xef][0xbf][0xbd][0xef][0xbf][0xbd]-[0x8][0xef][0xbf][0xbd]H[0xef][0xbf][0xbd]7SK4XI-[0x14][0xef][0xbf][0xbd][0xef][0xbf][0xbd]Ni[0xef][0xbf][0xbd][0x16]]K[0x1][0xef][0xbf][0xbd]Q[0xef][0xbf][0xbd][0xef][0xbf][0xbd][0x16][0xef][0xbf][0xbd]p'[0xef][0xbf][0xbd]P[0xef][0xbf][0xbd][0xef][0xbf][0xbd][0xef][0xbf][0xbd][0xc][0xef][0xbf][0xbd][0x0]7[0xef][0xbf][0xbd]eM[0xef][0xbf][0xbd]r[0xef][0xbf][0xbd][0xef][0xbf][0xbd][0xef][0xbf][0xbd][0xef][0xbf][0xbd]K[0xef][0xbf][0xbd]oift\[0xef][0xbf][0xbd]R)mIn[0xef][0xbf][0xbd]}2[0x13]7[0xef][0xbf][0xbd][0xef][0xbf][0xbd][0xef][0xbf][0xbd]'X*|[0xef][0xbf][0xbd]i[0xef][0xbf][0xbd]Taj3A[0xef][0xbf][0xbd]R[0xef][0xbf][0xbd][0x3][0xef][0xbf][0xbd][0xef][0xbf][0xbd][0x1][0x14]> [0xc3][0xbf] ZM[0xef][0xbf][0xbd][0xef][0xbf][0xbd][\n]"
07:56:28.576 [main] DEBUG org.apache.http.wire -  >> "}8[0xef][0xbf][0xbd][0xef][0xbf][0xbd][0x19][0xc][0xef][0xbf][0xbd]l[0xef][0xbf][0xbd]u[0xef][0xbf][0xbd][0xef][0xbf][0xbd]'[0xef][0xbf][0xbd]tr*[0xef][0xbf][0xbd][0xef][0xbf][0xbd])[0xef][0xbf][0xbd]e[0xef][0xbf][0xbd]_Y [0xef][0xbf][0xbd]WJGW}[0xef][0xbf][0xbd][0x2]8[0xcd][0xb2][0xef][0xbf][0xbd][0xef][0xbf][0xbd]P[0xef][0xbf][0xbd][0xef][0xbf][0xbd][0xef][0xbf][0xbd]1[0xef][0xbf][0xbd][0x16][0xef][0xbf][0xbd]7[0xef][0xbf][0xbd]&[0xef][0xbf][0xbd][0xef][0xbf][0xbd][0xef][0xbf][0xbd];nk[0xb][0x16][0xef][0xbf][0xbd][\r][0xef][0xbf][0xbd][0xef][0xbf][0xbd][0x3][0xef][0xbf][0xbd][0xef][0xbf][0xbd][0x1c][0xcd][0x9b][0xef][0xbf][0xbd]w[0x2][0x15][0xc][0xca][0x88]u[0xef][0xbf][0xbd][0xef][0xbf][0xbd][\r]+[\r]t[0xef][0xbf][0xbd]IH\[0xef][0xbf][0xbd][0xef][0xbf][0xbd][0x4]5[0xef][0xbf][0xbd][0xef][0xbf][0xbd][0xef][0xbf][0xbd][0x4][0x1a]kg%[0xef][0xbf][0xbd][0xef][0xbf][0xbd][0xef][0xbf][0xbd][0x1][\n]"
07:56:28.577 [main] DEBUG org.apache.http.wire -  >> "[0x1f]K-=[0x2]^^[0xef][0xbf][0xbd]dx[0xef][0xbf][0xbd][0xef][0xbf][0xbd]AE[0xef][0xbf][0xbd][0xef][0xbf][0xbd][0xef][0xbf][0xbd][0xef][0xbf][0xbd]t,[0xda][0x8d][0xef][0xbf][0xbd][0xef][0xbf][0xbd][0xef][0xbf][0xbd][0xef][0xbf][0xbd].[0x3]e[0x18][0xd6][0xa1]d[0xb]s[0xef][0xbf][0xbd][0xef][0xbf][0xbd][0x10][0xef][0xbf][0xbd]:[0xef][0xbf][0xbd]_[0xef][0xbf][0xbd][0xef][0xbf][0xbd][0xef][0xbf][0xbd][0xef][0xbf][0xbd])v;[0xef][0xbf][0xbd][0xef][0xbf][0xbd][0x16]}@[0xef][0xbf][0xbd][0xef][0xbf][0xbd]k[0xef][0xbf][0xbd][0xcb][0x9f][0xef][0xbf][0xbd]c_[0xef][0xbf][0xbd]\[0xef][0xbf][0xbd][0xef][0xbf][0xbd]?[0x7]{)$[0xef][0xbf][0xbd][0xef][0xbf][0xbd][0xef][0xbf][0xbd][0xef][0xbf][0xbd]z[0x3]O[0xc9][0x86][0xef][0xbf][0xbd]7[0xef][0xbf][0xbd]"[0xef][0xbf][0xbd]8[0x4][0xef][0xbf][0xbd]RL[0xef][0xbf][0xbd][0xef][0xbf][0xbd][0x16][0xef][0xbf][0xbd][0xef][0xbf][0xbd]][0xef][0xbf][0xbd][\r]E[0x7][0x5][0xef][0xbf][0xbd][0xef][0xbf][0xbd][0xcf][0xa0]K/[0xef][0xbf][0xbd][0x1b]JQ[0xef][0xbf][0xbd][0xef][0xbf][0xbd][0xef][0xbf][0xbd][0x19][0xef][0xbf][0xbd][0x1e][0x1d][0xef][0xbf][0xbd][0xef][0xbf][0xbd]3e[0xef][0xbf][0xbd][0xef][0xbf][0xbd][0x6][0xef][0xbf][0xbd][[0xef][0xbf][0xbd][0x13]8U[0xef][0xbf][0xbd]kY[0xef][0xbf][0xbd][0xef][0xbf][0xbd][0xef][0xbf][0xbd]@[0xef][0xbf][0xbd][0x3][0xef][0xbf][0xbd][0xef][0xbf][0xbd]LMX[0xef][0xbf][0xbd]-[0x1c]QH[0xef][0xbf][0xbd][0xef][0xbf][0xbd]&Y[0xef][0xbf][0xbd][0xef][0xbf][0xbd] [0xef][0xbf][0xbd]g[0xef][0xbf][0xbd]D[0xef][0xbf][0xbd]9[0x1e]e[0xef][0xbf][0xbd][0xef][0xbf][0xbd][0xef][0xbf][0xbd][0xef][0xbf][0xbd][0x10][0xef][0xbf][0xbd]H*[0xef][0xbf][0xbd][0xef][0xbf][0xbd][0xef][0xbf][0xbd]V[0xef][0xbf][0xbd][0x1f][0xef][0xbf][0xbd][0xef][0xbf][0xbd][0xef][0xbf][0xbd];[0xef][0xbf][0xbd][0xef][0xbf][0xbd]P[0xef][0xbf][0xbd][0x8][0xef][0xbf][0xbd][0x3]K&z[0xef][0xbf][0xbd][\n]"
07:56:28.577 [main] DEBUG org.apache.http.wire -  >> "[0xef][0xbf][0xbd]o-[0xef][0xbf][0xbd]3[0x18][0x5][0xcb][0xa2][0xef][0xbf][0xbd]R[0xef][0xbf][0xbd]f![0xc7][0x85][0xef][0xbf][0xbd]y+'H][0xef][0xbf][0xbd][0xef][0xbf][0xbd]9[0xef][0xbf][0xbd][0x1f][0x1a]&[0xef][0xbf][0xbd]8[0x1c][0xef][0xbf][0xbd]Ty*[0xef][0xbf][0xbd][0xef][0xbf][0xbd][0x1a][0xc4][0xb9][0xef][0xbf][0xbd][0xef][0xbf][0xbd][0xef][0xbf][0xbd]T[0xef][0xbf][0xbd][\r]q[0xef][0xbf][0xbd]E[\r][0xb][0xef][0xbf][0xbd]&[0xef][0xbf][0xbd][\r][0xef][0xbf][0xbd][0xef][0xbf][0xbd][0xef][0xbf][0xbd]2xKK[0xef][0xbf][0xbd][0x13][0xef][0xbf][0xbd][0xc][0xef][0xbf][0xbd][0xef][0xbf][0xbd]>[0x1a][0xef][0xbf][0xbd][0xef][0xbf][0xbd][0xef][0xbf][0xbd][[0xef][0xbf][0xbd]![0x6]u[0xef][0xbf][0xbd][0xef][0xbf][0xbd],{[0xef][0xbf][0xbd][0xef][0xbf][0xbd]i[0xef][0xbf][0xbd][\r]EWD}[0xef][0xbf][0xbd][0xef][0xbf][0xbd][0xef][0xbf][0xbd][0xef][0xbf][0xbd][0xc]W[0xef][0xbf][0xbd][0xef][0xbf][0xbd]4v[0xef][0xbf][0xbd]n[0xef][0xbf][0xbd] 7[0xef][0xbf][0xbd][0xef][0xbf][0xbd]7~[0xef][0xbf][0xbd][0xef][0xbf][0xbd][0x17][0xef][0xbf][0xbd]D[0xef][0xbf][0xbd]"[[0xef][0xbf][0xbd][0xef][0xbf][0xbd][0xc3][0xbf][0xef][0xbf][0xbd]k/[0xef][0xbf][0xbd][0xef][0xbf][0xbd][0xef][0xbf][0xbd][0xef][0xbf][0xbd][0xef][0xbf][0xbd]~[0xef][0xbf][0xbd]}KQ[0x16][0xef][0xbf][0xbd][\n]"
07:56:28.577 [main] DEBUG org.apache.http.wire -  >> "[0xef][0xbf][0xbd]r[0xef][0xbf][0xbd][0xef][0xbf][0xbd][0xef][0xbf][0xbd][0xef][0xbf][0xbd]W[0xcb][0xb5]6[0xef][0xbf][0xbd]-[0x9][0xef][0xbf][0xbd]SZ[0xef][0xbf][0xbd]p[0xef][0xbf][0xbd]`[0xef][0xbf][0xbd][0xef][0xbf][0xbd][\n]"
07:56:28.578 [main] DEBUG org.apache.http.wire -  >> "%[0xef][0xbf][0xbd][0xef][0xbf][0xbd]}:[0xef][0xbf][0xbd]^B[0xd3][0xa7][0xef][0xbf][0xbd]w|[0xef][0xbf][0xbd]:[0xef][0xbf][0xbd]TW`q[0xef][0xbf][0xbd]Q[0x1a]+I[0xef][0xbf][0xbd][0xef][0xbf][0xbd]g[0xef][0xbf][0xbd]y[0xef][0xbf][0xbd][0xef][0xbf][0xbd]sX[0xef][0xbf][0xbd]ty[0x11][0xef][0xbf][0xbd]P[0xef][0xbf][0xbd][0xd1][0xb0]jC[0x9][0xef][0xbf][0xbd]v[0xef][0xbf][0xbd][0xef][0xbf][0xbd]{[0xef][0xbf][0xbd][0xef][0xbf][0xbd]UG[0xef][0xbf][0xbd]ri[0xdf][0xbb][0xef][0xbf][0xbd]wz[0x11]d[0xef][0xbf][0xbd][0xef][0xbf][0xbd]'[0xef][0xbf][0xbd][0xef][0xbf][0xbd]{[0xef][0xbf][0xbd]j0X[0xef][0xbf][0xbd][0xef][0xbf][0xbd]p/[0xef][0xbf][0xbd][0xef][0xbf][0xbd][0xef][0xbf][0xbd][0xef][0xbf][0xbd][\r][0xef][0xbf][0xbd]rh[0xef][0xbf][0xbd]E[0x1f][0x1f]5[0xef][0xbf][0xbd][0xef][0xbf][0xbd][0xef][0xbf][0xbd]%[0xef][0xbf][0xbd][0xef][0xbf][0xbd]l[0xef][0xbf][0xbd]x[0x0]Dt5[0xef][0xbf][0xbd]o~?[0x9][0xef][0xbf][0xbd]VXh.[0xef][0xbf][0xbd][0xef][0xbf][0xbd][0xef][0xbf][0xbd][0x1d]`[0xef][0xbf][0xbd][0x16][0xef][0xbf][0xbd][0xef][0xbf][0xbd][0xef][0xbf][0xbd]h'[0xef][0xbf][0xbd][0x1]BY[0xef][0xbf][0xbd][0xef][0xbf][0xbd][0x8][0xc][0x17][0x1f][0xef][0xbf][0xbd][0x17][0xef][0xbf][0xbd][0xef][0xbf][0xbd][0x5]z3[0xef][0xbf][0xbd]bj[0xcc][0x8b][0xef][0xbf][0xbd]{[0xef][0xbf][0xbd]:I[0xef][0xbf][0xbd][0xf]Zfcl[0xef][0xbf][0xbd]A[0x18][0xef][0xbf][0xbd][0xef][0xbf][0xbd][0xef][0xbf][0xbd][0xef][0xbf][0xbd][0xb]`[0xef][0xbf][0xbd][0x3][0xef][0xbf][0xbd][0xd9][0x8f][0xef][0xbf][0xbd][0xef][0xbf][0xbd]A[0xef][0xbf][0xbd][0xef][0xbf][0xbd][0x1c]9[0xef][0xbf][0xbd]6w[0xef][0xbf][0xbd]n[0xe][0xef][0xbf][0xbd].-[0x8][0x1]/3[0xef][0xbf][0xbd] [0xef][0xbf][0xbd].[0x8][0xef][0xbf][0xbd]9[0x14][0xe]xG[0xef][0xbf][0xbd]~[0xef][0xbf][0xbd]A[0xef][0xbf][0xbd][0xef][0xbf][0xbd][0xf]%"[0xef][0xbf][0xbd]U [0xef][0xbf][0xbd]5[0xef][0xbf][0xbd][0x13][0xef][0xbf][0xbd]][0xef][0xbf][0xbd][0xef][0xbf][0xbd][0xef][0xbf][0xbd][0xef][0xbf][0xbd]$z[0xec][0xb4][0x80]l[0xef][0xbf][0xbd][0x7]B[0xef][0xbf][0xbd][0xef][0xbf][0xbd][0xef][0xbf][0xbd][0xef][0xbf][0xbd][0xcb][0xb3]/_[0xef][0xbf][0xbd][0xef][0xbf][0xbd][0xef][0xbf][0xbd]"[0xef][0xbf][0xbd]<[0x12][0xef][0xbf][0xbd]G[0xef][0xbf][0xbd][0xef][0xbf][0xbd]E[[0xef][0xbf][0xbd][0xef][0xbf][0xbd][0xef][0xbf][0xbd][0xef][0xbf][0xbd][0x13]a[0xd9][0x9a]z/[0xef][0xbf][0xbd][0xef][0xbf][0xbd][0xef][0xbf][0xbd]+xxK4o[0xef][0xbf][0xbd][0x1d][0xef][0xbf][0xbd][0xd2][0xa4]Ua[0xef][0xbf][0xbd][0x14]![0xef][0xbf][0xbd][0xef][0xbf][0xbd].[0xef][0xbf][0xbd][0xd0][0xb6][0x2][0xef][0xbf][0xbd]|[0xef][0xbf][0xbd]\\[0x1b][0xef][0xbf][0xbd]K[0xef][0xbf][0xbd][0xef][0xbf][0xbd]N4[0x1b][0x16][0x12]e[0xf]~"[0x8][0xef][0xbf][0xbd][0xef][0xbf][0xbd][0x15]Z[0xef][0xbf][0xbd][0x4][0xef][0xbf][0xbd][0xef][0xbf][0xbd]z[0xef][0xbf][0xbd]u[0x8][0xef][0xbf][0xbd]7[0xef][0xbf][0xbd]L[0xef][0xbf][0xbd][0xef][0xbf][0xbd][0xef][0xbf][0xbd][0xef][0xbf][0xbd][0xe3][0xae][0xae][0xef][0xbf][0xbd]h[0xef][0xbf][0xbd][0xef][0xbf][0xbd][0x12]T-[0xef][0xbf][0xbd]tw[0x19][0xef][0xbf][0xbd]a[0xef][0xbf][0xbd][0xca][0xa9][0xef][0xbf][0xbd]cP[0x1][0xef][0xbf][0xbd]8j[0xef][0xbf][0xbd][0xda][0x89][0xef][0xbf][0xbd][\r].F[0xef][0xbf][0xbd]^[0xef][0xbf][0xbd]][0x5][0xef][0xbf][0xbd][0xca][0xa3]V$[0xef][0xbf][0xbd]W[0xef][0xbf][0xbd][0xef][0xbf][0xbd]B[\n]"
07:56:28.578 [main] DEBUG org.apache.http.wire -  >> "q[0x1][0xef][0xbf][0xbd]s=v[0xef][0xbf][0xbd][0x1b][0xef][0xbf][0xbd][0x1f][0x5][0xef][0xbf][0xbd][0xef][0xbf][0xbd]t[0xef][0xbf][0xbd][0xef][0xbf][0xbd]p[0x7]z#@6[0x16][0xd6][0x83];Op[0x11][0x6]h[0xef][0xbf][0xbd]6[0xef][0xbf][0xbd]1[0xd9][0x82]l[0xef][0xbf][0xbd][0x18][0xc][0xef][0xbf][0xbd]s[0x1b][0xef][0xbf][0xbd]f[0xef][0xbf][0xbd]s[0xcf][0x87][0xef][0xbf][0xbd][0xef][0xbf][0xbd][0xf][0xef][0xbf][0xbd][0x19]5[0xb][0x15][0xef][0xbf][0xbd]=[0xef][0xbf][0xbd]4 M[0xef][0xbf][0xbd]R[0xef][0xbf][0xbd][0xef][0xbf][0xbd][0xef][0xbf][0xbd][0xef][0xbf][0xbd]lQu[0xef][0xbf][0xbd]bq[0xc]>r[0xef][0xbf][0xbd][0xef][0xbf][0xbd]7/[0xef][0xbf][0xbd]N[0x0][0x19][0x1e][0x12]O[0xef][0xbf][0xbd]1[0xef][0xbf][0xbd]AD[\r][0xef][0xbf][0xbd][0xef][0xbf][0xbd][0x5][0xf][0xef][0xbf][0xbd][0x5]K[0xef][0xbf][0xbd][0xef][0xbf][0xbd]=[0x12]^n[0xef][0xbf][0xbd][0xd9][0x88][0x1e][0xef][0xbf][0xbd][0xef][0xbf][0xbd]`[0xef][0xbf][0xbd][0xef][0xbf][0xbd];h[0x1][0xd9][0xa2][0xef][0xbf][0xbd][0xef][0xbf][0xbd][0xe][0xef][0xbf][0xbd][0xef][0xbf][0xbd][0xef][0xbf][0xbd][0xef][0xbf][0xbd][0xef][0xbf][0xbd]x|[0xef][0xbf][0xbd][0xef][0xbf][0xbd][0xcf][0x8b][0xef][0xbf][0xbd][0xc][0xef][0xbf][0xbd][0xef][0xbf][0xbd]^X[0xef][0xbf][0xbd][0x3][0xb][0x13][0xef][0xbf][0xbd][0xe]2[0xef][0xbf][0xbd][0x5][0xef][0xbf][0xbd][0x0][[0x15]F[0xb][0xef][0xbf][0xbd]5[0xef][0xbf][0xbd]%[0xc2][0xb1][0xef][0xbf][0xbd][0xc][0xef][0xbf][0xbd][\r]\c[0xef][0xbf][0xbd][0x8][0xef][0xbf][0xbd]P[0xef][0xbf][0xbd]0[0xef][0xbf][0xbd][0x0]2[0xd3][0x98][0xef][0xbf][0xbd][0x5]I[0xef][0xbf][0xbd][0x14][0xef][0xbf][0xbd][0xef][0xbf][0xbd][0x13][0x18][0xea][0xb7][0x96][0xef][0xbf][0xbd]%[0xef][0xbf][0xbd]N[0xef][0xbf][0xbd]O[0xef][0xbf][0xbd][0xef][0xbf][0xbd][0xef][0xbf][0xbd]Y*[0xef][0xbf][0xbd][0xef][0xbf][0xbd]S&$[0xef][0xbf][0xbd][0xef][0xbf][0xbd][0xef][0xbf][0xbd][0xf],%[0xef][0xbf][0xbd]I[0x1]b[0xef][0xbf][0xbd][0x2][h[0xc]1[0xef][0xbf][0xbd][0xc2][0xbe][0x14][0xef][0xbf][0xbd],^[0xef][0xbf][0xbd][0xef][0xbf][0xbd][0xef][0xbf][0xbd]+DC0zBo[0xef][0xbf][0xbd][0xef][0xbf][0xbd]n[0xef][0xbf][0xbd]~>[0x6][0xef][0xbf][0xbd][0x11]_[0xc]"m[0xcb][0xb8]B[0xef][0xbf][0xbd]9f[0xef][0xbf][0xbd][0xef][0xbf][0xbd]@<[0xef][0xbf][0xbd]Y[0xdc][0xb1]*A[0xef][0xbf][0xbd][0xc5][0x9b]K[0xef][0xbf][0xbd][0x10][0xef][0xbf][0xbd]=~B[0xef][0xbf][0xbd]*[0xef][0xbf][0xbd][0xef][0xbf][0xbd]`[0xef][0xbf][0xbd][0xef][0xbf][0xbd][0xef][0xbf][0xbd][0x1]~[0xef][0xbf][0xbd]{1[0xef][0xbf][0xbd][0xc2][0x8c][0xef][0xbf][0xbd][\r][0xef][0xbf][0xbd]re[0x12][0xd1][0x91][0xef][0xbf][0xbd][0xef][0xbf][0xbd]s5[0xef][0xbf][0xbd]Rp[0x11][0xef][0xbf][0xbd][e[0xef][0xbf][0xbd][0x4][0xef][0xbf][0xbd]Y8[0xef][0xbf][0xbd]K[0xef][0xbf][0xbd][0xef][0xbf][0xbd]Y[0xef][0xbf][0xbd]%[0xef][0xbf][0xbd][0xef][0xbf][0xbd]Z[0xef][0xbf][0xbd]9[0xef][0xbf][0xbd]e[0xef][0xbf][0xbd][0x13]w<[0xef][0xbf][0xbd].k[0x1f][0xef][0xbf][0xbd]![0xc7][0xa0][0xef][0xbf][0xbd][0x9][0xef][0xbf][0xbd][0xd4][0xb9][0xe][0xef][0xbf][0xbd][0xef][0xbf][0xbd][0xef][0xbf][0xbd],U[0x6][0xef][0xbf][0xbd]t[0x0]M*[0xef][0xbf][0xbd]<[0xef][0xbf][0xbd][0x12]![0xef][0xbf][0xbd][0x5]#[0xef][0xbf][0xbd]K$\50[0xef][0xbf][0xbd][0xef][0xbf][0xbd][0xef][0xbf][0xbd][0xd4][0x8b]]Ix[0xef][0xbf][0xbd][0xef][0xbf][0xbd] [0xef][0xbf][0xbd]E[0xef][0xbf][0xbd][0xef][0xbf][0xbd][0x7]:[0xdc][0x87][0x16]/_<^[0xef][0xbf][0xbd]z[0xef][0xbf][0xbd][0xef][0xbf][0xbd]J=c$m[0xef][0xbf][0xbd][0xef][0xbf][0xbd]<[0xef][0xbf][0xbd][0xef][0xbf][0xbd][0x18][0xef][0xbf][0xbd][0xef][0xbf][0xbd]BC[0xef][0xbf][0xbd][0xef][0xbf][0xbd]F[0xef][0xbf][0xbd]<s[0xef][0xbf][0xbd][0xef][0xbf][0xbd][0x19] [0xef][0xbf][0xbd][0xef][0xbf][0xbd];[0xc][0xef][0xbf][0xbd];k[0xef][0xbf][0xbd]6O`[0xef][0xbf][0xbd][0xc7][0x81][0xef][0xbf][0xbd]by[0xef][0xbf][0xbd]%W[0xef][0xbf][0xbd])[0x10]r[0xe9][0xb2][0xbc]^X[0xef][0xbf][0xbd][0x1a]`L@[0xef][0xbf][0xbd]}[0x12][0xef][0xbf][0xbd][0xef][0xbf][0xbd]\[0xef][0xbf][0xbd][0xef][0xbf][0xbd]Z|TV%@kc[0xef][0xbf][0xbd][0xef][0xbf][0xbd]cl[0xef][0xbf][0xbd]m[0xef][0xbf][0xbd][0xef][0xbf][0xbd]z[0xef][0xbf][0xbd][0x13][0x17][[0xd6][0x94][0xef][0xbf][0xbd]+@[0xef][0xbf][0xbd]|[0xef][0xbf][0xbd];[0xef][0xbf][0xbd]"F[0xef][0xbf][0xbd] [0xef][0xbf][0xbd][0x17]cng[0xef][0xbf][0xbd]=[0xef][0xbf][0xbd][\n]"
07:56:28.579 [main] DEBUG org.apache.http.wire -  >> "u5[0xef][0xbf][0xbd][0xef][0xbf][0xbd][0xef][0xbf][0xbd][0xef][0xbf][0xbd][0xef][0xbf][0xbd]l[0xef][0xbf][0xbd][0xef][0xbf][0xbd])[0xef][0xbf][0xbd][0xef][0xbf][0xbd]X[0xef][0xbf][0xbd][0xef][0xbf][0xbd]f[0xef][0xbf][0xbd][0xef][0xbf][0xbd][0x4][0xef][0xbf][0xbd].([0xef][0xbf][0xbd]m[0xef][0xbf][0xbd]F[0xef][0xbf][0xbd]g[\r][0xef][0xbf][0xbd][0xef][0xbf][0xbd]q[0xef][0xbf][0xbd][0x13][0xcf][0x8e][0xef][0xbf][0xbd].b[0xdd][0x91]![0xef][0xbf][0xbd][0xef][0xbf][0xbd]zL[0xef][0xbf][0xbd]_[0xef][0xbf][0xbd]"[0xef][0xbf][0xbd][0xef][0xbf][0xbd]6[0xef][0xbf][0xbd][0xef][0xbf][0xbd][0xef][0xbf][0xbd]6[0xef][0xbf][0xbd][0xef][0xbf][0xbd]m[0x1b]cG:gJ[0xef][0xbf][0xbd][0xef][0xbf][0xbd]c=fd[0xef][0xbf][0xbd][0xef][0xbf][0xbd][0x5]\[0xef][0xbf][0xbd][0xef][0xbf][0xbd][0xeb][0x98][0x8f]e[0xef][0xbf][0xbd][0xef][0xbf][0xbd][0xd4][0x88]nv1[0xef][0xbf][0xbd][0xef][0xbf][0xbd]4[0x7][0xef][0xbf][0xbd][0x1a]N;[0xef][0xbf][0xbd][0xef][0xbf][0xbd].A[0xef][0xbf][0xbd][0xef][0xbf][0xbd][0xef][0xbf][0xbd]u[0xef][0xbf][0xbd][0xef][0xbf][0xbd][0x18][\r]^@T[0xef][0xbf][0xbd][0x7]|n[0xef][0xbf][0xbd]*[0xef][0xbf][0xbd][0xef][0xbf][0xbd][0xc]N[0xef][0xbf][0xbd][0xef][0xbf][0xbd][0xef][0xbf][0xbd][0xef][0xbf][0xbd]&[0xef][0xbf][0xbd][0xef][0xbf][0xbd][0xef][0xbf][0xbd][0xef][0xbf][0xbd][0xef][0xbf][0xbd]w[0xef][0xbf][0xbd][0xef][0xbf][0xbd]vZ[0x16][0xd9][0xa2][0xef][0xbf][0xbd][0xef][0xbf][0xbd][0x1e][0xef][0xbf][0xbd][0x1f][0xef][0xbf][0xbd][0x0][0xef][0xbf][0xbd][0xef][0xbf][0xbd]^[0xef][0xbf][0xbd]N[0xef][0xbf][0xbd]G[0xef][0xbf][0xbd]P a[0xf][0xef][0xbf][0xbd][0xef][0xbf][0xbd]^[0xef][0xbf][0xbd]([0xef][0xbf][0xbd]Zv[0xef][0xbf][0xbd]v[0xef][0xbf][0xbd][0xef][0xbf][0xbd][0xef][0xbf][0xbd][0x1e][0xef][0xbf][0xbd][0xef][0xbf][0xbd]p[0xef][0xbf][0xbd][0x3]7 [0xef][0xbf][0xbd]RL[0x11]w[\n]"
07:56:28.579 [main] DEBUG org.apache.http.wire -  >> "[0xef][0xbf][0xbd][0xef][0xbf][0xbd][0xef][0xbf][0xbd][0xef][0xbf][0xbd]^[0xef][0xbf][0xbd][0xef][0xbf][0xbd]?[\n]"
07:56:28.579 [main] DEBUG org.apache.http.wire -  >> "[0xef][0xbf][0xbd]n@[0xef][0xbf][0xbd]W[0xef][0xbf][0xbd][0xef][0xbf][0xbd][0xef][0xbf][0xbd][0xef][0xbf][0xbd][0xef][0xbf][0xbd]u[\r][0xef][0xbf][0xbd][0xcd][0xb5]|[0xef][0xbf][0xbd][0xef][0xbf][0xbd]ml|[0xef][0xbf][0xbd]S[0x2]7[0xef][0xbf][0xbd][0xef][0xbf][0xbd][0xd8][0x82]`xn[0x2]q[0xef][0xbf][0xbd][0x9]z[0xef][0xbf][0xbd][0xef][0xbf][0xbd]+[\r][0x17]eCH[0xef][0xbf][0xbd][0xef][0xbf][0xbd][0xef][0xbf][0xbd][0xef][0xbf][0xbd]bZj[0xef][0xbf][0xbd]U[\n]"
07:56:28.580 [main] DEBUG org.apache.http.wire -  >> "[0x1][0x11]|[0xc9][0x81][0x12][0xef][0xbf][0xbd][0xef][0xbf][0xbd]6[0x15][0xef][0xbf][0xbd]eN[0x3][0xef][0xbf][0xbd][0x1a]\[0xef][0xbf][0xbd][0x17]j[0xef][0xbf][0xbd][0x15]pa[0x10]_Q/[0xef][0xbf][0xbd]=@[0xef][0xbf][0xbd][0xef][0xbf][0xbd][0xef][0xbf][0xbd][0x5]c[0xef][0xbf][0xbd][0xef][0xbf][0xbd]q[0x17][0xb][0xef][0xbf][0xbd]A[0xef][0xbf][0xbd][0xef][0xbf][0xbd]p7[0xef][0xbf][0xbd][0xc]b[0x12]s[0xef][0xbf][0xbd]Kl8,[0x1c][0x1f][0x16][0xef][0xbf][0xbd])a[0xef][0xbf][0xbd][0xcf][0xab][0xef][0xbf][0xbd]UHN[0xef][0xbf][0xbd]7[0xef][0xbf][0xbd]rs[0x16][0xef][0xbf][0xbd][0xef][0xbf][0xbd][0xef][0xbf][0xbd][0x2][0xef][0xbf][0xbd]2R[0xef][0xbf][0xbd][0xef][0xbf][0xbd][0xe2][0xaf][0x99][0xef][0xbf][0xbd][0xef][0xbf][0xbd][0xef][0xbf][0xbd][0x1][0xef][0xbf][0xbd]j[0xef][0xbf][0xbd][0xef][0xbf][0xbd][0xef][0xbf][0xbd][0xef][0xbf][0xbd][\r][0x6][0xef][0xbf][0xbd]DY^[0x6][0xef][0xbf][0xbd]@[0xf]@[0xef][0xbf][0xbd][0xef][0xbf][0xbd]m[0xef][0xbf][0xbd](8[0x10][0xcf][0xb5].M[0xef][0xbf][0xbd] [0x12]v86/y[0xf]+[0xef][0xbf][0xbd][0xef][0xbf][0xbd][0x16][0xef][0xbf][0xbd][0xef][0xbf][0xbd]k[0xef][0xbf][0xbd][0xef][0xbf][0xbd][0xef][0xbf][0xbd]zk[0xef][0xbf][0xbd][0xef][0xbf][0xbd][0xef][0xbf][0xbd][0x2][0xef][0xbf][0xbd][0xef][0xbf][0xbd]u[0xef][0xbf][0xbd][0xef][0xbf][0xbd][0x18]]o[0xef][0xbf][0xbd]@[0xef][0xbf][0xbd][0xd8][0xb7]a[0xef][0xbf][0xbd]B[0xef][0xbf][0xbd][0xdb][0x9f]x[0xef][0xbf][0xbd][0xde][0x81][0x16][0xef][0xbf][0xbd]-zO[0xef][0xbf][0xbd][0xef][0xbf][0xbd][0xef][0xbf][0xbd][0xef][0xbf][0xbd]W[0x1f][0xef][0xbf][0xbd][0xef][0xbf][0xbd]{[0xd5][0x9e][0xef][0xbf][0xbd][0xef][0xbf][0xbd]e[0xef][0xbf][0xbd][0xef][0xbf][0xbd][0xef][0xbf][0xbd]_[\n]"
07:56:28.580 [main] DEBUG org.apache.http.wire -  >> "[0xef][0xbf][0xbd][0xef][0xbf][0xbd]R(=[0xef][0xbf][0xbd]c[0x3][0x1d];[0xef][0xbf][0xbd][0xef][0xbf][0xbd][0xef][0xbf][0xbd]u[0x6][0xef][0xbf][0xbd]u/c[0xef][0xbf][0xbd][a[0xef][0xbf][0xbd][0xef][0xbf][0xbd].k[0xef][0xbf][0xbd]U[0xef][0xbf][0xbd][0x1f]X[0xef][0xbf][0xbd][0xef][0xbf][0xbd]?[0xde][0x8e]Ew3[0xef][0xbf][0xbd]P[0xef][0xbf][0xbd]-K[0xef][0xbf][0xbd]P[0xef][0xbf][0xbd][0xef][0xbf][0xbd][0xef][0xbf][0xbd][0xef][0xbf][0xbd]#HL[0xef][0xbf][0xbd][0xb][0xef][0xbf][0xbd][0xef][0xbf][0xbd]9AMV[0x5])[0xef][0xbf][0xbd][0xef][0xbf][0xbd][0xef][0xbf][0xbd]vIF[[0x12][0xf4][0x8a][0x9a][0x80]SH[0xef][0xbf][0xbd]*[0xef][0xbf][0xbd]S[0xef][0xbf][0xbd]'tC[0xef][0xbf][0xbd][0xef][0xbf][0xbd][0xef][0xbf][0xbd][0xca][0x80][0xef][0xbf][0xbd]i0[0xef][0xbf][0xbd]Q[0xef][0xbf][0xbd]@[0xef][0xbf][0xbd]e[0xef][0xbf][0xbd][0xef][0xbf][0xbd][0xef][0xbf][0xbd][0xef][0xbf][0xbd]#]H[0xef][0xbf][0xbd]B[0x1c][0x10][0xca][0x98]W[0xef][0xbf][0xbd][0xef][0xbf][0xbd]5ND[0xef][0xbf][0xbd][0xef][0xbf][0xbd]7[0xef][0xbf][0xbd][0x0][0xef][0xbf][0xbd][0xcd][0x8e][0x4][0x1f]>[0x1e][0xef][0xbf][0xbd]`Y[0xe][0xef][0xbf][0xbd]Y[0xef][0xbf][0xbd]`g[0xef][0xbf][0xbd]z[0xef][0xbf][0xbd][0xef][0xbf][0xbd]/;[0xe4][0xb0][0x84][0xef][0xbf][0xbd][\n]"
07:56:28.580 [main] DEBUG org.apache.http.wire -  >> "[0xef][0xbf][0xbd][0xef][0xbf][0xbd][0xef][0xbf][0xbd]~&0d[0xef][0xbf][0xbd])t:[0xef][0xbf][0xbd]QQ[0xef][0xbf][0xbd][0xef][0xbf][0xbd][0xef][0xbf][0xbd]9[0xd6][0xac][0xef][0xbf][0xbd][0xef][0xbf][0xbd][0xef][0xbf][0xbd][0xef]"
07:56:28.581 [main] DEBUG org.apache.http.wire -  >> "[0xbf][0xbd]f[0xef][0xbf][0xbd]$-[\r]jU[0x6][0xef][0xbf][0xbd][0xef][0xbf][0xbd]h[0xef][0xbf][0xbd]@i[0xef][0xbf][0xbd]T%[0xef][0xbf][0xbd][0x4][0xef][0xbf][0xbd][0xef][0xbf][0xbd]h[0x5]([0xef][0xbf][0xbd] [0xe]P*/[0xef][0xbf][0xbd][0x8][0xef][0xbf][0xbd]|![0xef][0xbf][0xbd]+Lj~j[0xef][0xbf][0xbd][0xef][0xbf][0xbd]A&[0xef][0xbf][0xbd]R[0xef][0xbf][0xbd][0x1e][0xef][0xbf][0xbd]w[0xef][0xbf][0xbd][0xef][0xbf][0xbd]:[0x14]`[0x0]T[0x15]#[0xef][0xbf][0xbd][0xef][0xbf][0xbd][0xc7][0x9c][0xef][0xbf][0xbd]o[0xef][0xbf][0xbd]o][0xef][0xbf][0xbd][0x13][0xef][0xbf][0xbd][0xef][0xbf][0xbd][0xef][0xbf][0xbd][0xef][0xbf][0xbd]J)[0xef][0xbf][0xbd]V[0x0][0xef][0xbf][0xbd]s[0xef][0xbf][0xbd][0xef][0xbf][0xbd][0xef][0xbf][0xbd][0xef][0xbf][0xbd]*{[0xdb][0x9e][0xef][0xbf][0xbd][0x19][0x1f][0xef][0xbf][0xbd]i[0x1][0xd9][0xa2][0x1f][0xef][0xbf][0xbd][0x1e][0xef][0xbf][0xbd][0x1f][0xef][0xbf][0xbd][0xef][0xbf][0xbd][0xef][0xbf][0xbd][0xef][0xbf][0xbd][0xef][0xbf][0xbd][0xef][0xbf][0xbd][0xef][0xbf][0xbd][0xef][0xbf][0xbd]w[0xef][0xbf][0xbd]@[0x5][0xef][0xbf][0xbd],[0xef][0xbf][0xbd][0xdd][0xbf][0x10]G[0xef][0xbf][0xbd][0x1a][0xef][0xbf][0xbd][0xef][0xbf][0xbd][0xef][0xbf][0xbd]f[0xef][0xbf][0xbd][0xef][0xbf][0xbd][0xef][0xbf][0xbd]PI.B[0x15][0xef][0xbf][0xbd][0xef][0xbf][0xbd][0xef][0xbf][0xbd][0xef][0xbf][0xbd][0x4][0xef][0xbf][0xbd]C[0xef][0xbf][0xbd][0xef][0xbf][0xbd][0xef][0xbf][0xbd][0xef][0xbf][0xbd][0xef][0xbf][0xbd]B+C[0xef][0xbf][0xbd][0x16]X-"kl[0xef][0xbf][0xbd][0xb]6[0xef][0xbf][0xbd]t[0xef][0xbf][0xbd][0xef][0xbf][0xbd][0xef][0xbf][0xbd][0xef][0xbf][0xbd]|[0xef][0xbf][0xbd]#[0xef][0xbf][0xbd][0x1d]&[0xef][0xbf][0xbd][0x0][0x12](t[0xef][0xbf][0xbd][0xe][0xef][0xbf][0xbd][0xef][0xbf][0xbd][0xef][0xbf][0xbd][0x14][\r][0xef][0xbf][0xbd]`'q84[0xf][0xef][0xbf][0xbd]Sn[0xef][0xbf][0xbd]G[0x8]r[0xef][0xbf][0xbd]y[0xef][0xbf][0xbd]v[0xef][0xbf][0xbd][0xef][0xbf][0xbd][0xf]b1L[0xd9][0x8a]e$[0x8]f[0xef][0xbf][0xbd]c5[0xef][0xbf][0xbd][0xdb][0x8e][0xef][0xbf][0xbd]{[0xef][0xbf][0xbd][0xef][0xbf][0xbd][0xef][0xbf][0xbd]RB[0xef][0xbf][0xbd][0x1][0x3][0x18][0x1b][0xef][0xbf][0xbd]N_[0x6][0xef][0xbf][0xbd][0xef][0xbf][0xbd]56I[0xef][0xbf][0xbd]7[0xef][0xbf][0xbd]M[0xef][0xbf][0xbd][0xef][0xbf][0xbd]X[0xef][0xbf][0xbd][0xef][0xbf][0xbd][0x4][0xef][0xbf][0xbd][0xef][0xbf][0xbd]:[0xef][0xbf][0xbd]@[0x10][0x1c],[0xef][0xbf][0xbd][0x13]f[0xef][0xbf][0xbd][0xef][0xbf][0xbd][0x11]hX[0xef][0xbf][0xbd][0xef][0xbf][0xbd]*[0xef][0xbf][0xbd][0xef][0xbf][0xbd][+[0xef][0xbf][0xbd][0xef][0xbf][0xbd][0xef][0xbf][0xbd][0xef][0xbf][0xbd][0xef][0xbf][0xbd][0xef][0xbf][0xbd][0xef][0xbf][0xbd][0x3][0xef][0xbf][0xbd]#[0x1b][0x1][0x5][0xcb][0xb2][0xef][0xbf][0xbd]UW[0xef][0xbf][0xbd]$[\n]"
07:56:28.581 [main] DEBUG org.apache.http.wire -  >> "[0xef][0xbf][0xbd][0xef][0xbf][0xbd][0xef][0xbf][0xbd]Zk[0xef][0xbf][0xbd][0xef][0xbf][0xbd][0xef][0xbf][0xbd]}-[0xef][0xbf][0xbd][[0x5]1Z[0xef][0xbf][0xbd][0xef][0xbf][0xbd][0xef][0xbf][0xbd][0xef][0xbf][0xbd][[0x8][0xef][0xbf][0xbd]u[0xef][0xbf][0xbd][0xef][0xbf][0xbd]%e[0xef][0xbf][0xbd][0xef][0xbf][0xbd]!c[0xef][0xbf][0xbd][0xef][0xbf][0xbd]c[0xef][0xbf][0xbd][0x1d][0x1f][0xef][0xbf][0xbd][0xc4][0x8a][0x1a][0x14][0xef][0xbf][0xbd][0xef][0xbf][0xbd]mD)[0xef][0xbf][0xbd]=A[0xef][0xbf][0xbd][0xda][0x93]a[0xef][0xbf][0xbd]][0xef][0xbf][0xbd][\r][[0xef][0xbf][0xbd]"{.[0xc2][0xb8][0xef][0xbf][0xbd]R&$[0xef][0xbf][0xbd][0xef][0xbf][0xbd]Gy[0xef][0xbf][0xbd][0x1c][0xef][0xbf][0xbd][0xef][0xbf][0xbd][0xef][0xbf][0xbd][0xef][0xbf][0xbd]>[0xef][0xbf][0xbd][0xef][0xbf][0xbd][0xef][0xbf][0xbd][0xef][0xbf][0xbd]cl[0xc4][0xa2]E?[0x8]=x[0xef][0xbf][0xbd][0xef][0xbf][0xbd][0xef][0xbf][0xbd]?[0xef][0xbf][0xbd][0xef][0xbf][0xbd][0xef][0xbf][0xbd][0xd8][0xb7][0xef][0xbf][0xbd][0xef][0xbf][0xbd]T[0xef][0xbf][0xbd][0xef][0xbf][0xbd]"%'[0xef][0xbf][0xbd]!+[0xc4][0x8a][0xef][0xbf][0xbd][0x13]*R[0x8][0xef][0xbf][0xbd][0xef][0xbf][0xbd][0xef][0xbf][0xbd])[0xef][0xbf][0xbd][0xef][0xbf][0xbd]k-[0x0][0xef][0xbf][0xbd][0x1e]Ywwp[0xef][0xbf][0xbd]@[0xef][0xbf][0xbd]F[0xef][0xbf][0xbd][0xef][0xbf][0xbd][0xef][0xbf][0xbd]8cL[0xef][0xbf][0xbd][0xef][0xbf][0xbd][0xef][0xbf][0xbd]$[0xef][0xbf][0xbd][0x18]:H[0xef][0xbf][0xbd]q[0x0]-[0xef][0xbf][0xbd][0x5][0x7][\n]"
07:56:28.581 [main] DEBUG org.apache.http.wire -  >> "7[0xef][0xbf][0xbd][0xef][0xbf][0xbd][0xef][0xbf][0xbd]}[0xef][0xbf][0xbd][0xef][0xbf][0xbd]N[0xef][0xbf][0xbd].[0xef][0xbf][0xbd][0xef][0xbf][0xbd][0xef][0xbf][0xbd][0xef][0xbf][0xbd][0xef][0xbf][0xbd][0x1c][0xef][0xbf][0xbd]T[0xef][0xbf][0xbd]Q[0x1a][0xef][0xbf][0xbd][0x10][0xef][0xbf][0xbd][0x6][0xef][0xbf][0xbd][0xe][0xef][0xbf][0xbd])n[0xdd][0x8e][0xd1][0x98][0xdc][0xb2][0xef][0xbf][0xbd][0xef][0xbf][0xbd][0xc3][0xb0][0xef][0xbf][0xbd][0xef][0xbf][0xbd]j[0x12]?[0xef][0xbf][0xbd][0xef][0xbf][0xbd][0xef][0xbf][0xbd]l[0xef][0xbf][0xbd][0x19]-[0xef][0xbf][0xbd][0xef][0xbf][0xbd][0xef][0xbf][0xbd][0x1b]a[0xef][0xbf][0xbd][0xef][0xbf][0xbd]*c[0xef][0xbf][0xbd].)[0xef][0xbf][0xbd][0xef][0xbf][0xbd]e[0xef][0xbf][0xbd][0xef][0xbf][0xbd] `[0xef][0xbf][0xbd][0xef][0xbf][0xbd]T[0xef][0xbf][0xbd]4V[0x0]L7[0xef][0xbf][0xbd]v[0xef][0xbf][0xbd][0xef][0xbf][0xbd][0xef][0xbf][0xbd][0xef][0xbf][0xbd]rK[0xf][0xef][0xbf][0xbd][0xef][0xbf][0xbd][0xef][0xbf][0xbd][0xef][0xbf][0xbd]6H,[0x7][0xd2][0x99][0xef][0xbf][0xbd]%7[0xef][0xbf][0xbd]\i[0xef][0xbf][0xbd]4?F[0xef][0xbf][0xbd][0x4]vs[0xef][0xbf][0xbd][0xef][0xbf][0xbd]d[0xf][0xef][0xbf][0xbd]s[0xef][0xbf][0xbd][0xef][0xbf][0xbd]'F[0xef][0xbf][0xbd][0xef][0xbf][0xbd][0x1d]`[0xef][0xbf][0xbd]e[0xef][0xbf][0xbd]{[0xef][0xbf][0xbd][0xc4][0xb2][0xef][0xbf][0xbd][0xef][0xbf][0xbd][0x8][0x17][0xef][0xbf][0xbd][0x6]O[Y[0xef][0xbf][0xbd]r[0xef][0xbf][0xbd]A[0x10]|[0xef][0xbf][0xbd][0xef][0xbf][0xbd]T[0xef][0xbf][0xbd]cc[0xef][0xbf][0xbd][0xef][0xbf][0xbd]&[0xef][0xbf][0xbd][0xef][0xbf][0xbd]D[0xef][0xbf][0xbd]Q[0xef][0xbf][0xbd]w[0xef][0xbf][0xbd][0x8]'ozj[0xef][0xbf][0xbd][0xef][0xbf][0xbd][0x8][0xe7][0x80][0x9b][0xef][0xbf][0xbd][0xef][0xbf][0xbd]X[0xef][0xbf][0xbd][0xef][0xbf][0xbd]B[0xef][0xbf][0xbd][0xef][0xbf][0xbd][0xef][0xbf][0xbd][0xef][0xbf][0xbd][0xef][0xbf][0xbd][0xef][0xbf][0xbd][0xde][0x81][0xef][0xbf][0xbd]E[0xef][0xbf][0xbd][0xef][0xbf][0xbd]][0x13][0x1],[0xef][0xbf][0xbd][0xef][0xbf][0xbd]+Wm[0xef][0xbf][0xbd][0xef][0xbf][0xbd]Y[0x1b]Y[0xef][0xbf][0xbd][\n]"
07:56:28.582 [main] DEBUG org.apache.http.wire -  >> "[0xef][0xbf][0xbd][0x18][0xef][0xbf][0xbd]B[0xc7][0xa2]k[0xef][0xbf][0xbd]IWP[0xef][0xbf][0xbd][0xef][0xbf][0xbd]2[0xef][0xaf][0xac][0xef][0xbf][0xbd][0xef][0xbf][0xbd][0xef][0xbf][0xbd][0x1c]VXJ[0xef][0xbf][0xbd][0xef][0xbf][0xbd][0xef][0xbf][0xbd]u[0x1c]F[0xef][0xbf][0xbd][0xef][0xbf][0xbd][0xef][0xbf][0xbd]![0x18]uqZ[[0x0][0xef][0xbf][0xbd][0x16][0x13][0x1][0x15][0xef][0xbf][0xbd][0xef][0xbf][0xbd][0xef][0xbf][0xbd][0xef][0xbf][0xbd][0xef][0xbf][0xbd]/+[0xef][0xbf][0xbd]S[0xef][0xbf][0xbd][0xef][0xbf][0xbd][0xef][0xbf][0xbd][0xef][0xbf][0xbd][0x15][0xef][0xbf][0xbd][0xdf][0xa1][0xef][0xbf][0xbd][0xef][0xbf][0xbd][0xef][0xbf][0xbd][0xef][0xbf][0xbd][0x19][0x4][0xef][0xbf][0xbd]R[0xef][0xbf][0xbd][0xef][0xbf][0xbd]Jk[0xef][0xbf][0xbd]@[0x12]'[0xef][0xbf][0xbd])T[0x1a]4g[0xef][0xbf][0xbd][0x7]?9[0xef][0xbf][0xbd][0xef][0xbf][0xbd][0xc][0xef][0xbf][0xbd][0xe]V[0xef][0xbf][0xbd][0xef][0xbf][0xbd]D[0xef][0xbf][0xbd]X[0xef][0xbf][0xbd][0x2][0xef][0xbf][0xbd][0xd4][0xb8][0xef][0xbf][0xbd],[0xef][0xbf][0xbd] [0xef][0xbf][0xbd][0xe][0xef][0xbf][0xbd][0xef][0xbf][0xbd][0xdd][0x92]E8[0xef][0xbf][0xbd][0x15][0xef][0xbf][0xbd]u[0xef][0xbf][0xbd]%[0xef][0xbf][0xbd]\[0xef][0xbf][0xbd]a[0xef][0xbf][0xbd]='[0xef][0xa3][0xac]f[0xef][0xbf][0xbd]g[0xc]^V[\n]"
07:56:28.582 [main] DEBUG org.apache.http.wire -  >> "[0xd2][0x8a]\[0xef][0xbf][0xbd]Q[0xef][0xbf][0xbd]v[0xef][0xbf][0xbd][\n]"
07:56:28.582 [main] DEBUG org.apache.http.wire -  >> "bQf[0xef][0xbf][0xbd]7[0xef][0xbf][0xbd][0xc3][0xa4][0xef][0xbf][0xbd]j_0[0xef][0xbf][0xbd][0xef][0xbf][0xbd][0xef][0xbf][0xbd]'[0xef][0xbf][0xbd][0xef][0xbf][0xbd][0xef][0xbf][0xbd]2C[0xdb][0x85][0xef][0xbf][0xbd][0xef][0xbf][0xbd][0xef][0xbf][0xbd][0xef][0xbf][0xbd]INa[0xef][0xbf][0xbd][0xef][0xbf][0xbd][0xd3][0xaa]8[0xef][0xbf][0xbd][0xef][0xbf][0xbd][0xd5][0xbe][0x18][0xef][0xbf][0xbd][0xef][0xbf][0xbd][0xcd][0x87][0xef][0xbf][0xbd]`[0xef][0xbf][0xbd][\n]"
07:56:28.582 [main] DEBUG org.apache.http.wire -  >> "[0xef][0xbf][0xbd][0xef][0xbf][0xbd][0xef][0xbf][0xbd][0xef][0xbf][0xbd][0x4][0xef][0xbf][0xbd][0xef][0xbf][0xbd]*MI[0xef][0xbf][0xbd][0xef][0xbf][0xbd][0xef][0xbf][0xbd][0x12][0xef][0xbf][0xbd][0x9][0xef][0xbf][0xbd][0xef][0xbf][0xbd][0xef][0xbf][0xbd][0xef][0xbf][0xbd][0x4][0x18][0xef][0xbf][0xbd]n[0xef][0xbf][0xbd][0xde][0xaf][0xd9][0xb8]g6[0xef][0xbf][0xbd]u[0xef][0xbf][0xbd]q[0xef][0xbf][0xbd]8[0xef][0xbf][0xbd]%[0x19]2[0xe]Uh[0xef][0xbf][0xbd]6[0xef][0xbf][0xbd]%[0xef][0xbf][0xbd]5[0xe2][0xbc][0xb5][0xd7][0x87][0xdf][0xac][0xef][0xbf][0xbd][0xef][0xbf][0xbd][0xc8][0x8e]J[0xef][0xbf][0xbd][0xef][0xbf][0xbd][0xef][0xbf][0xbd][0x1c][0xef][0xbf][0xbd][0xef][0xbf][0xbd]p[0xef][0xbf][0xbd][0xef][0xbf][0xbd][0xef][0xbf][0xbd][0x13][0xef][0xbf][0xbd]O[0xef][0xbf][0xbd][0xef][0xbf][0xbd][0xef][0xbf][0xbd][0x2][0xef][0xbf][0xbd]E(5[0xef][0xbf][0xbd][0xef][0xbf][0xbd][0xef][0xbf][0xbd][0xef][0xbf][0xbd][0xef][0xbf][0xbd]9[0xef][0xbf][0xbd]|[[\n]"
07:56:28.583 [main] DEBUG org.apache.http.wire -  >> "[0xef][0xbf][0xbd]c[0xef][0xbf][0xbd][0xef][0xbf][0xbd]U[0xef][0xbf][0xbd][0xef][0xbf][0xbd][0xef][0xbf][0xbd],[0xef][0xbf][0xbd][0xef][0xbf][0xbd][0xef][0xbf][0xbd]m[0xd1][0x8e][0xef][0xbf][0xbd][0xef][0xbf][0xbd][0xda][0xa0][0xef][0xbf][0xbd]NAbP[0xef][0xbf][0xbd]8[0xef][0xbf][0xbd]E)[0xef][0xbf][0xbd][0xef][0xbf][0xbd][0xef][0xbf][0xbd][0x1a][0xef][0xbf][0xbd]$n`%[0xef][0xbf][0xbd][0xef][0xbf][0xbd][0xef][0xbf][0xbd][0xef][0xbf][0xbd]^[0xef][0xbf][0xbd][0xef][0xbf][0xbd]b[0xda][0x98]!X[0xef][0xbf][0xbd][0x9]A[0xef][0xbf][0xbd][0xef][0xbf][0xbd][0xef][0xbf][0xbd][0xef][0xbf][0xbd][0xef][0xbf][0xbd]i[0xef][0xbf][0xbd]l[0xef][0xbf][0xbd][0xef][0xbf][0xbd][0x16]J[0xef][0xbf][0xbd][0x1][0x1b][0x14]<1@[0xef][0xbf][0xbd][0xef][0xbf][0xbd][0xef][0xbf][0xbd].[0xef][0xbf][0xbd]Y[0xef][0xbf][0xbd][0x0]G[0xef][0xbf][0xbd][0xef][0xbf][0xbd][0xef][0xbf][0xbd][0xef][0xbf][0xbd][0xef][0xbf][0xbd][0xef][0xbf][0xbd]h[0xef][0xbf][0xbd]IC6[0xef][0xbf][0xbd]0[0xef][0xbf][0xbd]@_[0xf][0xef][0xbf][0xbd]AH=[0x13][0xb][0xef][0xbf][0xbd]*t3[0xef][0xbf][0xbd][0xef][0xbf][0xbd]*Y[0xef][0xbf][0xbd][0xef][0xbf][0xbd]M[0xef][0xbf][0xbd]AAv[0xef][0xbf][0xbd]Z[0xef][0xbf][0xbd]%[0xef][0xbf][0xbd][0xef][0xbf][0xbd]Z[0xef][0xbf][0xbd]!_[0xef][0xbf][0xbd][0x1f][0x18]Z6[0xef][0xbf][0xbd]E+[0xef][0xbf][0xbd][[0xef][0xbf][0xbd][0x9][0x1b][0xef][0xbf][0xbd][0x13][0xef][0xbf][0xbd]JE$[0xef][0xbf][0xbd][0xef][0xbf][0xbd][0xef][0xbf][0xbd][0x13][0xef][0xbf][0xbd][0xd4][0x97][0xef][0xbf][0xbd]W ([0xd9][0xbf]/[0xef][0xbf][0xbd]pE[0x12]J[0xef][0xbf][0xbd]_[0xef][0xbf][0xbd][0xef][0xbf][0xbd][0xef][0xbf][0xbd][0xef][0xbf][0xbd]g[0xef][0xbf][0xbd][0xef][0xbf][0xbd]K<[0x11]w*[\r][0xef][0xbf][0xbd][0x1e]#([0x2][0x1c][0x7]'[0xf0][0xa9][0x97][0x8f][0xef][0xbf][0xbd]jsQt[0xef][0xbf][0xbd]([0xef][0xbf][0xbd][0x14]<r[0xef][0xbf][0xbd]k[0xd5][0x89][0xef][0xbf][0xbd]ic%[0x19][0xef][0xbf][0xbd]=[0xef][0xbf][0xbd][0x3][0x1f]1[0xef][0xbf][0xbd][0x12][0xef][0xbf][0xbd][0xef][0xbf][0xbd]{[0xef][0xbf][0xbd]X[0x5][0xef][0xbf][0xbd][0xef][0xbf][0xbd]@[0xef][0xbf][0xbd](][0xef][0xbf][0xbd],[0xef][0xbf][0xbd][0xef][0xbf][0xbd]U[0xef][0xbf][0xbd]F[0xef][0xbf][0xbd]2L[0xef][0xbf][0xbd]@[0xef][0xbf][0xbd][0x1c]>v[0xef][0xbf][0xbd]X[0xef][0xbf][0xbd][0xef][0xbf][0xbd]m[0xdf][0xbe][0xef][0xbf][0xbd][0x8][0xd9][0xa2]E[0xef][0xbf][0xbd]@[0x9]`[0xdf][0xb9][0x2][0xd8][0x93]W[0xef][0xbf][0xbd][0xef][0xbf][0xbd][0xef][0xbf][0xbd]>[0xef][0xbf][0xbd]~[0xef][0xbf][0xbd]IAV[0xef][0xbf][0xbd][0xef][0xbf][0xbd][0xef][0xbf][0xbd]`[0xe5][0x8e][0xb7][0xef][0xbf][0xbd][0xc][0xdf][0x86][0xef][0xbf][0xbd]"[0xde][0xa3][0x18][0xcc][0x89]H[0xef][0xbf][0xbd][0xef][0xbf][0xbd]%A[0xef][0xbf][0xbd][0x16][0xe]-[0xc][0xef][0xbf][0xbd].'XI[0xef][0xbf][0xbd][0xef][0xbf][0xbd]$[0xef][0xbf][0xbd][0xef][0xbf][0xbd]L]"[0xef][0xbf][0xbd]Z[0xef][0xbf][0xbd][0xef][0xbf][0xbd]>[0xef][0xbf][0xbd][\r][0xef][0xbf][0xbd][0xef][0xbf][0xbd][0xef][0xbf][0xbd][0xef][0xbf][0xbd][0xc5][0x95][0x1b][0xef][0xbf][0xbd]|[0xef][0xbf][0xbd][0xd5][0x82]S[0x17][0xef][0xbf][0xbd]t3A[0xef][0xbf][0xbd]B-[0xef][0xbf][0xbd]7[0xef][0xbf][0xbd][0xef][0xbf][0xbd][0xef][0xbf][0xbd][0xef][0xbf][0xbd](Aa[0x3][0xef][0xbf][0xbd][0xef][0xbf][0xbd]E[0x3][0xb][0xef][0xbf][0xbd][0x2][\n]"
07:56:28.584 [main] DEBUG org.apache.http.wire -  >> "[0xef][0xbf][0xbd] [0xef][0xbf][0xbd][0xef][0xbf][0xbd]*[0xb]{y[0x0][0xef][0xbf][0xbd][0xef][0xbf][0xbd]x"[0xef][0xbf][0xbd]g.m5[0xef][0xbf][0xbd][0x0][0xef][0xbf][0xbd]l[0xef][0xbf][0xbd]v[0xef][0xbf][0xbd][0xef][0xbf][0xbd][0xef][0xbf][0xbd][0xef][0xbf][0xbd][0xef][0xbf][0xbd]0[0xef][0xbf][0xbd][0xef][0xbf][0xbd][0xef][0xbf][0xbd][0xef][0xbf][0xbd]d[0xef][0xbf][0xbd][0xe][0xef][0xbf][0xbd][0x1a][0x0][0xef][0xbf][0xbd]@[0xef][0xbf][0xbd][0xef][0xbf][0xbd][0xef][0xbf][0xbd]7[0x18][0xef][0xbf][0xbd][0xef][0xbf][0xbd][0xef][0xbf][0xbd]MGf5[0xef][0xbf][0xbd][0xef][0xbf][0xbd]\0[0xef][0xbf][0xbd]I[0xef][0xbf][0xbd][0x1][0xef][0xbf][0xbd]lx[0xef][0xbf][0xbd][0xef][0xbf][0xbd]|[0xef][0xbf][0xbd]G[0xef][0xbf][0xbd][0xef][0xbf][0xbd][0xc][\r][0xef][0xbf][0xbd]%M[0xef][0xbf][0xbd][0x5]oQ[0xef][0xbf][0xbd][0xef][0xbf][0xbd][0xef][0xbf][0xbd][0xef][0xbf][0xbd][0xef][0xbf][0xbd]z[0xef][0xbf][0xbd][0x9]i[0xd0][0x98],T[0xef][0xbf][0xbd][0xef][0xbf][0xbd][0xef][0xbf][0xbd]r[0xef][0xbf][0xbd][0xda][0xae]$[0xef][0xbf][0xbd]#[0xef][0xbf][0xbd][0xef][0xbf][0xbd][0x1c][0xef][0xbf][0xbd][0x9]"[0x5][0xef][0xbf][0xbd][0xdb][0x9d]m[0xef][0xbf][0xbd][0xef][0xbf][0xbd][0xef][0xbf][0xbd]k[0xef][0xbf][0xbd][0xef][0xbf][0xbd][0xef][0xbf][0xbd][0xef][0xbf][0xbd][0xb][0xef][0xbf][0xbd][0xef][0xbf][0xbd]:[0x2]C$N[0xef][0xbf][0xbd][0xef][0xbf][0xbd][0xef][0xbf][0xbd][0xef][0xbf][0xbd]3n[0xef][0xbf][0xbd][0xef][0xbf][0xbd]zW[0xef][0xbf][0xbd][0xef][0xbf][0xbd][0xec][0xa7][0xac][0xef][0xbf][0xbd][0x8][0xef][0xbf][0xbd][0xef][0xbf][0xbd]g[0xce][0xaf]o}[0xef][0xbf][0xbd][0x1d][0xef][0xbf][0xbd][0xef][0xbf][0xbd]A[0x17][[0xef][0xbf][0xbd][0xef][0xbf][0xbd][0xe][0xef][0xbf][0xbd][0xef][0xbf][0xbd][0xef][0xbf][0xbd][0xef][0xbf][0xbd]|[0xef][0xbf][0xbd][0xef][0xbf][0xbd][0xef][0xbf][0xbd][0xef][0xbf][0xbd][0xef][0xbf][0xbd][0xef][0xbf][0xbd]\[0xd5][0xba][0xef][0xbf][0xbd][0xef][0xbf][0xbd]/[0xef][0xbf][0xbd]/[\r]qR[0xef][0xbf][0xbd]bru[0xf][0xef][0xbf][0xbd]~$Bb[0xef][0xbf][0xbd][0xef][0xbf][0xbd][0xef][0xbf][0xbd]W[0xef][0xbf][0xbd][0xef][0xbf][0xbd][0xef][0xbf][0xbd]=[0x1d]%yr[0xef][0xbf][0xbd]_[0x6][0xef][0xbf][0xbd][0xef][0xbf][0xbd][0xef][0xbf][0xbd][0xef][0xbf][0xbd][0xef][0xbf][0xbd]:[[0xef][0xbf][0xbd][0xef][0xbf][0xbd][0xef][0xbf][0xbd][0xef][0xbf][0xbd][0x12][0xca][0xa0][0xef][0xbf][0xbd]K[0xef][0xbf][0xbd][0xef][0xbf][0xbd][0x18]][0xef][0xbf][0xbd]5[0x15][0xef][0xbf][0xbd][0x14][0x11][0xef][0xbf][0xbd]a[0xef][0xbf][0xbd][0x1b][0xef][0xbf][0xbd][\n]"
07:56:28.584 [main] DEBUG org.apache.http.wire -  >> "}[0xef][0xbf][0xbd][\r]G[0xef][0xbf][0xbd]N[0x8]t$8[0xef][0xbf][0xbd][0xef][0xbf][0xbd];>R[0x13]u7"[0xef][0xbf][0xbd]Of[0xef][0xbf][0xbd][0xef][0xbf][0xbd][0x13][0xef][0xbf][0xbd][0xef][0xbf][0xbd]U[0xef][0xbf][0xbd][0xef][0xbf][0xbd][0xef][0xbf][0xbd]}[0xef][0xbf][0xbd][0xef][0xbf][0xbd]OQ[0xef][0xbf][0xbd][0xef][0xbf][0xbd][0xef][0xbf][0xbd][0xef][0xbf][0xbd]tH[0xef][0xbf][0xbd][0xef][0xbf][0xbd]t[0xef][0xbf][0xbd]:{[0xef][0xbf][0xbd]:[0xef][0xbf][0xbd][0xe3][0x96][0x98][0xef][0xbf][0xbd]A[0x1]J[0xef][0xbf][0xbd]*[0xef][0xbf][0xbd][0x19]J[0x6][0xef][0xbf][0xbd]+8;Y[0xef][0xbf][0xbd]Q {|[0xef][0xbf][0xbd][0xe][0xef][0xbf][0xbd][0x1e]>[0xef][0xbf][0xbd]r[0x0][0xef][0xbf][0xbd][0xef][0xbf][0xbd]5[0xef][0xbf][0xbd][0xef][0xbf][0xbd]q[0xef][0xbf][0xbd]k[0xef][0xbf][0xbd][0xef][0xbf][0xbd]~[0xef][0xbf][0xbd][0xef][0xbf][0xbd][0xef][0xbf][0xbd][0xef][0xbf][0xbd][0x19]A[0xcb][0x98][0xef][0xbf][0xbd][0xef][0xbf][0xbd]N[0xef][0xbf][0xbd]fa[0x1][0x1d][0x1e][0xef][0xbf][0xbd]`E[0xef][0xbf][0xbd][0x17],([0xef][0xbf][0xbd][0x10][0xd0][0x8a]d_N[0x0][0xef][0xbf][0xbd][0xf][0xef][0xbf][0xbd][0xef][0xbf][0xbd][0xef][0xbf][0xbd][0xef][0xbf][0xbd][0xef][0xbf][0xbd]r;[0xef][0xbf][0xbd][0x15][0xef][0xbf][0xbd][0xb][0xef][0xbf][0xbd][0xef][0xbf][0xbd]A5[0xef][0xbf][0xbd]![0xef][0xbf][0xbd][0xef][0xbf][0xbd]f[0xef][0xbf][0xbd][0x0][0xef][0xbf][0xbd]a[0x1]d[0x13][0xef][0xbf][0xbd][0xef][0xbf][0xbd]K8[0x7]=|L[0xef][0xbf][0xbd][0xef][0xbf][0xbd]^[0xef][0xbf][0xbd]2[0xef][0xbf][0xbd][0xef][0xbf][0xbd]nU>[0x13][0xef][0xbf][0xbd]p[0xd4][0xb8][0xef][0xbf][0xbd]YcQ`[0xef][0xbf][0xbd][0xef][0xbf][0xbd]}[0xef][0xbf][0xbd]d1[0xef][0xbf][0xbd][0x3]k+[0xef][0xbf][0xbd]a[0xef][0xbf][0xbd][0xef][0xbf][0xbd]~[0xef][0xbf][0xbd][0xef][0xbf][0xbd][0xcd][0xa4][0xef][0xbf][0xbd]C&[0xef][0xbf][0xbd]c[0xef][0xbf][0xbd]"h[0xef][0xbf][0xbd][0x16][0x17][\r]z[0xef][0xbf][0xbd]o[0xef][0xbf][0xbd][0x17]/_[0xef][0xbf][0xbd][0xef][0xbf][0xbd]z5J[0xef][0xbf][0xbd][0xef][0xbf][0xbd]~[0xef][0xbf][0xbd]TtN[0xef][0xbf][0xbd][0xef][0xbf][0xbd][0xef][0xbf][0xbd]P[0xef][0xbf][0xbd][0xef][0xbf][0xbd]u9f[0xef][0xbf][0xbd]![0xd9][0xb8]42[0xc6][0xbc][0xef][0xbf][0xbd][0xc9][0x92][S[0x8][0xef][0xbf][0xbd]bixE~[0xef][0xbf][0xbd][0xef][0xbf][0xbd]l"X[0x1d][0xef][0xbf][0xbd][0xef][0xbf][0xbd]pQ[0xef][0xbf][0xbd][0x2][0xc9][0x95][0x6]a[0xef][0xbf][0xbd]u_[[\n]"
07:56:28.586 [main] DEBUG org.apache.http.wire -  >> "[0xef][0xbf][0xbd][0xef][0xbf][0xbd][0xef][0xbf][0xbd][0xef][0xbf][0xbd]v[0xef][0xbf][0xbd][0xef][0xbf][0xbd][0xef][0xbf][0xbd][0xd1][0x8a][0xef][0xbf][0xbd][0xef][0xbf][0xbd]wI}[0x0][0xef][0xbf][0xbd]ZA|8Z[0xef][0xbf][0xbd][0xef][0xbf][0xbd]=L[0xef][0xbf][0xbd][0xef][0xbf][0xbd]6[0xef][0xbf][0xbd]:[0xef][0xbf][0xbd][0xef][0xbf][0xbd]5[0xef][0xbf][0xbd]>n[0x4]3[0x15][0xef][0xbf][0xbd][0x0][0xef][0xbf][0xbd][0xef][0xbf][0xbd][0xef][0xbf][0xbd]QH>[0xb]V[0xef][0xbf][0xbd][0x8]d[0xef][0xbf][0xbd][0x7]m#[0xef][0xbf][0xbd][0xef][0xbf][0xbd][0xef][0xbf][0xbd][0x19][0xef][0xbf][0xbd]1[0xef][0xbf][0xbd].[0xef][0xbf][0xbd]B[0xef][0xbf][0xbd][0x2][0xef][0xbf][0xbd]*7[0xef][0xbf][0xbd]<([0xef][0xbf][0xbd] [0xef][0xbf][0xbd][0xdb][0xb0][0xef][0xbf][0xbd]i[0xef][0xbf][0xbd]zgHR[0x1e][0x1a]-[0xef][0xbf][0xbd][0xef][0xbf][0xbd][0xef][0xbf][0xbd]N1h[0x1]v9U[0xef][0xbf][0xbd]2[0xef][0xbf][0xbd][0x1d]RV[0x12][0x7]R[0x10]_[0xef][0xbf][0xbd][0xef][0xbf][0xbd]o# [0xef][0xbf][0xbd]Z;[0xef][0xbf][0xbd][0xef][0xbf][0xbd]v[0x1a]T[0xef][0xbf][0xbd]3[0xef][0xbf][0xbd]\[0xef][0xbf][0xbd][0xef][0xbf][0xbd]C[0xef][0xbf][0xbd])^[0xef][0xbf][0xbd]L[0xef][0xbf][0xbd]P[0x11][0xef][0xbf][0xbd]L[0xe4][0x98][0x9b][0xef][0xbf][0xbd]Z[0xef][0xbf][0xbd][0xe][0xef][0xbf][0xbd][0x4][0x15]*2[0x1]}[0x2][0xef][0xbf][0xbd]r[0xef][0xbf][0xbd][0xef][0xbf][0xbd]w2`[0xef][0xbf][0xbd]w[0xef][0xbf][0xbd]Fh<*[0xef][0xbf][0xbd][0xef][0xbf][0xbd]tK[0xef][0xbf][0xbd][\r][0xef][0xbf][0xbd][0xef][0xbf][0xbd][0x11]4[0xef][0xbf][0xbd][0x1a][0xef][0xbf][0xbd]K[0xef][0xbf][0xbd][0xef][0xbf][0xbd][0xef][0xbf][0xbd][0xef][0xbf][0xbd][0xef][0xbf][0xbd][0xef][0xbf][0xbd]Q[0xef][0xbf][0xbd]*[0xef][0xbf][0xbd][0xef][0xbf][0xbd][0xef][0xbf][0xbd]$t[0x13][0xef][0xbf][0xbd]9e[0xef][0xbf][0xbd]f[0xef][0xbf][0xbd][0xef][0xbf][0xbd][0xef][0xbf][0xbd]#a[0xef][0xbf][0xbd][0x16][0xef][0xbf][0xbd][0xef][0xbf][0xbd][0xc][0xb][0xef][0xbf][0xbd][0xef][0xbf][0xbd][0xef][0xbf][0xbd][0xef][0xbf][0xbd][0xef][0xbf][0xbd][0xc7][0xaa][0xef][0xbf][0xbd]E[0xef][0xbf][0xbd][0xef][0xbf][0xbd][0x0][0xef][0xbf][0xbd][0x17][0xef][0xbf][0xbd][0x5][0xdb][0x8e][0xef][0xbf][0xbd][0xef][0xbf][0xbd]/[0xef][0xbf][0xbd]][0xef][0xbf][0xbd][0xef][0xbf][0xbd]?H[0x5]g[0xef][0xbf][0xbd]3[0xef][0xbf][0xbd][0x10][0xef][0xbf][0xbd]%[0xef][0xbf][0xbd]Zo'[0xd7][0x84][0xef][0xbf][0xbd][0xef][0xbf][0xbd]K[0xef][0xbf][0xbd][0x1b][0xda][0x9c][0xef][0xbf][0xbd]h[0x1a][0xef][0xbf][0xbd][0xef][0xbf][0xbd][0xc2][0xb4]h[0x10][0x5]Z[0xef][0xbf][0xbd][0xef][0xbf][0xbd][0xef][0xbf][0xbd][0x1e][0xef][0xbf][0xbd][0x1b][0xef][0xbf][0xbd][0xef][0xbf][0xbd]3[0x16]MV[0xef][0xbf][0xbd][0xef][0xbf][0xbd]x[0xef][0xbf][0xbd]mAT[0xef][0xbf][0xbd] [0xef][0xbf][0xbd][0xef][0xbf][0xbd][0xef][0xbf][0xbd][0xef][0xbf][0xbd][0xef][0xbf][0xbd][0x1d][0xef][0xbf][0xbd]`[0xef][0xbf][0xbd][0x1]~[0xef][0xbf][0xbd]~[0xef][0xbf][0xbd][0xcd][0xaf][0x1b][0xef][0xbf][0xbd][0xef][0xbf][0xbd][0xb]Rl[0xef][0xbf][0xbd]2[0x1f][0xef][0xbf][0xbd]t[0xef][0xbf][0xbd][0xef][0xbf][0xbd]B[0xef][0xbf][0xbd][0xef][0xbf][0xbd][0xef][0xbf][0xbd]Q[0x8][0x1][0xef][0xbf][0xbd]@?[0xef][0xbf][0xbd]Z[0xef][0xbf][0xbd][0xef][0xbf][0xbd]{[0xef][0xbf][0xbd][[0xef][0xbf][0xbd]U[0x9]|[0xef][0xbf][0xbd][0xef][0xbf][0xbd]7O[0x17]?[0xef][0xbf][0xbd][0xef][0xbf][0xbd][0x14]X-[0xef][0xbf][0xbd][0xd4][0xbd][0xef][0xbf][0xbd]fG[0xb][0xef][0xbf][0xbd]"
07:56:28.587 [main] DEBUG org.apache.http.wire -  >> "[0x1e]g[0xef][0xbf][0xbd][0xef][0xbf][0xbd][0xef][0xbf][0xbd] [0xef][0xbf][0xbd][0xef][0xbf][0xbd]2O[0xef][0xbf][0xbd][0xef][0xbf][0xbd]L[0xef][0xbf][0xbd]:[0x1a][0xef][0xbf][0xbd][0xef][0xbf][0xbd]>[0xef][0xbf][0xbd]3[0xef][0xbf][0xbd][0x18][0xef][0xbf][0xbd]O[0xef][0xbf][0xbd]3[0xef][0xbf][0xbd][0xef][0xbf][0xbd]<[0xef][0xbf][0xbd][0xef][0xbf][0xbd]Y[0xef][0xbf][0xbd]?[0x12]d\[0xef][0xbf][0xbd]Y[0x15][0xef][0xbf][0xbd][0xdb][0x9a][0xef][0xbf][0xbd][0xef][0xbf][0xbd][0xef][0xbf][0xbd][0x3][0x1b][0xef][0xbf][0xbd][0xef][0xbf][0xbd]2,L[0xef][0xbf][0xbd]4[0xef][0xbf][0xbd]x[0xef][0xbf][0xbd][0xef][0xbf][0xbd]xs[0xef][0xbf][0xbd]4[0xef][0xbf][0xbd]x[0xef][0xbf][0xbd]s[0xef][0xbf][0xbd]{[0xef][0xbf][0xbd][0xef][0xbf][0xbd][0x4][0x15]|;[0xef][0xbf][0xbd][0xef][0xbf][0xbd][0xef][0xbf][0xbd]y[0xef][0xbf][0xbd]C[<m>[0xef][0xbf][0xbd]\/&q[0xef][0xbf][0xbd][%N][0xef][0xbf][0xbd]7|[0xef][0xbf][0xbd]hP[0xef][0xbf][0xbd][0xef][0xbf][0xbd][0xc][0xef][0xbf][0xbd]3[0x1f][0x14][0xef][0xbf][0xbd]]cq[0xef][0xbf][0xbd][0x10][0xef][0xbf][0xbd][0xef][0xbf][0xbd][0xef][0xbf][0xbd][0xef][0xbf][0xbd][0xf][0xef][0xbf][0xbd][0xef][0xbf][0xbd][q[0xef][0xbf][0xbd]e[0xef][0xbf][0xbd]}[0xef][0xbf][0xbd][0xef][0xbf][0xbd][0xef][0xbf][0xbd][0xef][0xbf][0xbd]_=2[0xef][0xbf][0xbd][0xef][0xbf][0xbd][0x3]{[0xef][0xbf][0xbd][0x5][0xef][0xbf][0xbd]:[0xef][0xbf][0xbd][0x15]@9%f-{[0xef][0xbf][0xbd]L[0xb]Kk5[0xef][0xbf][0xbd]x[0xef][0xbf][0xbd][0xef][0xbf][0xbd][0xd0][0x9b][0xef][0xbf][0xbd][0xef][0xbf][0xbd][0xef][0xbf][0xbd][0xef][0xbf][0xbd][0xef][0xbf][0xbd]?[0xef][0xbf][0xbd][0xef][0xbf][0xbd]V[0x1e][0xef][0xbf][0xbd]?Z#,[0xef][0xbf][0xbd]S[0xef][0xbf][0xbd][0xef][0xbf][0xbd](d[0xc][0xef][0xbf][0xbd]d[0x1][0x17][0x8]M9[%[0xef][0xbf][0xbd][0xef][0xbf][0xbd]f[0xef][0xbf][0xbd][0xde][0x86]Ai[0xef][0xbf][0xbd][0xef][0xbf][0xbd][0xef][0xbf][0xbd]n[0xc5][0x84][0xef][0xbf][0xbd][0xdd][0xaa]b[0x1e][0xef][0xbf][0xbd][0xef][0xbf][0xbd][0xce][0x8e][0xef][0xbf][0xbd][0x19][0x5][0xef][0xbf][0xbd]>cg[0xef][0xbf][0xbd][0x1a]CXZ[0xef][0xbf][0xbd][0xc][0x16]m[0xef][0xbf][0xbd]=[0x13][0xef][0xbf][0xbd]!P(l[0x1c][0xef][0xbf][0xbd][0xef][0xbf][0xbd][0xef][0xbf][0xbd]UZ[0xef][0xbf][0xbd][0xef][0xbf][0xbd][0xef][0xbf][0xbd][0xef][0xbf][0xbd],1[0xef][0xbf][0xbd][0xef][0xbf][0xbd][0xef][0xbf][0xbd],[0xef][0xbf][0xbd][0xef][0xbf][0xbd](t[0xef][0xbf][0xbd][0xef][0xbf][0xbd][0x12][0xef][0xbf][0xbd]k[0xef][0xbf][0xbd][0xc2][0x8c]:Dy[0xef][0xbf][0xbd]P}@[0xef][0xbf][0xbd]][0xe][0xef][0xbf][0xbd][0xef][0xbf][0xbd][0x1a]=[0xef][0xbf][0xbd][0x13]0[0xef][0xbf][0xbd]0n[0xef][0xbf][0xbd]_[0xef][0xbf][0xbd][0xd8][0x8c]m[0xef][0xbf][0xbd][0xef][0xbf][0xbd][0xef][0xbf][0xbd][0xe8][0xa9][0x95][0xef][0xbf][0xbd]$`[0x3]m[0xef][0xbf][0xbd]-=[0xf]h6[0x1e][0xef][0xbf][0xbd]k[0xef][0xbf][0xbd]m[0xef][0xbf][0xbd]s[0x1a]x7[0xef][0xbf][0xbd][0xef][0xbf][0xbd][0xef][0xbf][0xbd]]@[0xef][0xbf][0xbd]~[0x2]1m[0xef][0xbf][0xbd][0xef][0xbf][0xbd][[0xef][0xbf][0xbd][0xef][0xbf][0xbd][0x1c][0xc2][0xbe]W[0xca][0x98][\n]"
07:56:28.587 [main] DEBUG org.apache.http.wire -  >> "[0x0]>[0xef][0xbf][0xbd][0xef][0xbf][0xbd][0xef][0xbf][0xbd]`[0xef][0xbf][0xbd][0xef][0xbf][0xbd][0xef][0xbf][0xbd]8[0xef][0xbf][0xbd]1[0x1e][0x5]&[0x1b]A[0xef][0xbf][0xbd]3H[0xef][0xbf][0xbd]>[0xef][0xbf][0xbd]\[0xef][0xbf][0xbd][0x11]'[0xd8][0xb3]h[0xef][0xbf][0xbd][0xef][0xbf][0xbd][0xef][0xbf][0xbd]xe&[0x8][0x1b][0xef][0xbf][0xbd]>t[0x13][0xef][0xbf][0xbd]\[0xef][0xbf][0xbd][0xef][0xb6][0xac][0x18][0xd7][0xbc][0xef][0xbf][0xbd][0xef][0xbf][0xbd]z[0xef][0xbf][0xbd]e[0x14][0xef][0xbf][0xbd][0xef][0xbf][0xbd][0x1a][0xef][0xbf][0xbd]M[0xef][0xbf][0xbd][0xef][0xbf][0xbd]([0xef][0xbf][0xbd]m{[0x17][0xef][0xbf][0xbd][0xef][0xbf][0xbd][0xef][0xbf][0xbd][0x13]JW[0x17][0xef][0xbf][0xbd][0x3][0xef][0xbf][0xbd]wy[0xef][0xbf][0xbd][0x1a][0x14]~[0xef][0xbf][0xbd]s[0xef][0xbf][0xbd]H[0xef][0xbf][0xbd]{[0xef][0xbf][0xbd][0xef][0xbf][0xbd][0xcf][0x91][0xef][0xbf][0xbd][0xca][0x8d][0xef][0xbf][0xbd] [0xef][0xbf][0xbd]"t[0xef][0xbf][0xbd][0xe2][0xa4][0x8e][0xef][0xbf][0xbd][0xef][0xbf][0xbd]>[0xef][0xbf][0xbd][0xef][0xbf][0xbd][0xcb][0xa3]Of5[0xef][0xbf][0xbd]f:[0xef][0xbf][0xbd][\r][0x15][0xef][0xbf][0xbd]i[0x11][0xef][0xbf][0xbd][0x4][0x6]k[\r]2d[0xef][0xbf][0xbd][0xef][0xbf][0xbd][0xef][0xbf][0xbd][0xef][0xbf][0xbd][0xef][0xbf][0xbd]0[0xef][0xbf][0xbd])[0x17][0x1b]d[0xef][0xbf][0xbd][0xef][0xbf][0xbd]&?[0x9][0xef][0xbf][0xbd]tLmC[0xef][0xbf][0xbd][0xef][0xbf][0xbd]{FW)[0xef][0xbf][0xbd]ra[0xef][0xbf][0xbd][0xef][0xbf][0xbd]G=[0xef][0xbf][0xbd]1[\r][0xf]i:[0xef][0xbf][0xbd][0x17]2[0x18][0xef][0xbf][0xbd]G[0xef][0xbf][0xbd][0xef][0xbf][0xbd][0xef][0xbf][0xbd]%V[0xef][0xbf][0xbd][0xef][0xbf][0xbd][0x17]7[0x1][0xef][0xbf][0xbd][0xef][0xbf][0xbd]@\1[0xc7][0x80]>%[0xc7][0x98][0xef][0xbf][0xbd][0xef][0xbf][0xbd]}h[0xef][0xbf][0xbd]+c[0x1a][0xef][0xbf][0xbd][0x1d][0xef][0xbf][0xbd]N[0xef][0xbf][0xbd][0xef][0xbf][0xbd][0xef][0xbf][0xbd]V[0xde][0x93][0xef][0xbf][0xbd]+[0x7][0x1b][0xef][0xbf][0xbd].[0xef][0xbf][0xbd][0x15]KWaq5D[0x1][0xef][0xbf][0xbd][0x18][0xef][0xbf][0xbd]`[0xef][0xbf][0xbd][0x1b]1Z[0xc][0xef][0xbf][0xbd][0x4][0xef][0xbf][0xbd][0xef][0xbf][0xbd]I[0xef][0xbf][0xbd]{[0xef][0xbf][0xbd][0xef][0xbf][0xbd][0xef][0xbf][0xbd]-[0xef][0xbf][0xbd][0xef][0xbf][0xbd][0xef][0xbf][0xbd]w[0x5]][0xef][0xbf][0xbd][0xef][0xbf][0xbd][0x16]k$V[0xef][0xbf][0xbd][0xef][0xbf][0xbd]4[\n]"
07:56:28.587 [main] DEBUG org.apache.http.wire -  >> "[0xef][0xbf][0xbd][0x7].r[0xef][0xbf][0xbd][0x16][0xef][0xbf][0xbd][0xef][0xbf][0xbd][0xef][0xbf][0xbd]t[0xef][0xbf][0xbd][0xef][0xbf][0xbd]C[0x5]P[0x2][0xef][0xbf][0xbd][0xef][0xbf][0xbd][0xef][0xbf][0xbd][0xef][0xbf][0xbd][0xef][0xbf][0xbd]B[0xef][0xbf][0xbd][0xef][0xbf][0xbd][0xc]s[0xef][0xbf][0xbd][0xef][0xbf][0xbd][0x9][0x1]i'F[0xef][0xbf][0xbd][0xef][0xbf][0xbd][0xef][0xbf][0xbd][0xef][0xbf][0xbd][0x0]l-[0xef][0xbf][0xbd][0xc4][0x96][0xef][0xbf][0xbd][0xef][0xbf][0xbd]1[0x16][0xef][0xbf][0xbd]=[\r][0xef][0xbf][0xbd][0xef][0xbf][0xbd]|[0xef][0xbf][0xbd]`[0xef][0xbf][0xbd][0xef][0xbf][0xbd].[0xef][0xbf][0xbd][0xef][0xbf][0xbd]a[0xef][0xbf][0xbd][0x1b][0xef][0xbf][0xbd][\n]"
07:56:28.587 [main] DEBUG org.apache.http.wire -  >> "@E[0xef][0xbf][0xbd][0xc9][0xa6]uf[0xef][0xbf][0xbd][0xef][0xbf][0xbd]q[0x7]([!#[0xef][0xbf][0xbd][0xd2][0x87]{[0xef][0xbf][0xbd][0xef][0xbf][0xbd][0xef][0xbf][0xbd][0xef][0xbf][0xbd][0xef][0xbf][0xbd]v[0x7][0xef][0xbf][0xbd][0xef][0xbf][0xbd]_[0xef][0xbf][0xbd]wAn[0xef][0xbf][0xbd]>Qtd"~[0xef][0xbf][0xbd]{[0xef][0xbf][0xbd][0xdd][0xb6][0xef][0xbf][0xbd][0xef][0xbf][0xbd][0xef][0xbf][0xbd]~[0xef][0xbf][0xbd]3[0xce][0x8b][0x1b][0x8][0xc5][0xa5]`7[0x2] D[0xef][0xbf][0xbd][0xef][0xbf][0xbd][0xc4][0x9d][0xef][0xbf][0xbd][0xe][0xef][0xbf][0xbd]{[0xd0][0xac]ee-[0x1c][0xef][0xbf][0xbd][0xef][0xbf][0xbd]?Z[0xef][0xbf][0xbd][0xef][0xbf][0xbd]E[0x11][0xc3][0xa5]vG[[[0xef][0xbf][0xbd][0xef][0xbf][0xbd]K[0xef][0xbf][0xbd]&[0x1f][0xef][0xbf][0xbd][0x1b]S[0xef][0xbf][0xbd]4Y[0xef][0xbf][0xbd]X[0xef][0xbf][0xbd][0xdb][0x8a][0xef][0xbf][0xbd][0xef][0xbf][0xbd]j[0xef][0xbf][0xbd])X},:7[0xef][0xbf][0xbd][0xef][0xbf][0xbd][0xef][0xbf][0xbd]S)[0xef][0xbf][0xbd]%[0x8][0xef][0xbf][0xbd][0xef][0xbf][0xbd][0xef][0xbf][0xbd][0xef][0xbf][0xbd][0xef][0xbf][0xbd]]6xG[0xef][0xbf][0xbd][0xec][0x9c][0x8b][0xef][0xbf][0xbd]P[0xef][0xbf][0xbd][0xef][0xbf][0xbd][0x10]Mc[0x0][0xce][0x99]G[0xef][0xbf][0xbd][0xef][0xbf][0xbd]o~[0xef][0xbf][0xbd]|+[0x4][0xef][0xbf][0xbd]u[0xef][0xbf][0xbd][0x10]Z[0x17][0xef][0xbf][0xbd]A[0xef][0xbf][0xbd]a[0xef][0xbf][0xbd]8[0xef][0xbf][0xbd]V0[0xef][0xbf][0xbd][0xef][0xbf][0xbd]>)[0xef][0xbf][0xbd][0xef][0xbf][0xbd][\n]"
07:56:28.588 [main] DEBUG org.apache.http.wire -  >> "0Nt[0xef][0xbf][0xbd][0x1e][0xef][0xbf][0xbd][0xef][0xbf][0xbd][0xef][0xbf][0xbd][0xef][0xbf][0xbd][0xef][0xbf][0xbd][0xef][0xbf][0xbd]X[0xef][0xbf][0xbd]T6[0xef][0xbf][0xbd][0x1e][0xef][0xbf][0xbd][0xef][0xbf][0xbd][0xd1][0xa7][0x1e][0xef][0xbf][0xbd][0x8][0xef][0xbf][0xbd][0xef][0xbf][0xbd][0x1b][0xef][0xbf][0xbd][0x14][0xef][0xbf][0xbd][0xef][0xbf][0xbd]T[0x6][0xef][0xbf][0xbd][0xef][0xbf][0xbd]e[0xef][0xbf][0xbd][0xef][0xbf][0xbd]UY[0xef][0xbf][0xbd]k[0xef][0xbf][0xbd]K[0x1][0xef][0xbf][0xbd][0xef][0xbf][0xbd][0x1c]P[0xef][0xbf][0xbd][0xef][0xbf][0xbd]p![0xef][0xbf][0xbd][0xef][0xbf][0xbd][0xd5][0x86]b[0xef][0xbf][0xbd][0xef][0xbf][0xbd][0xef][0xbf][0xbd][0xef][0xbf][0xbd]\[0xef][0xbf][0xbd][0xef][0xbf][0xbd][0x2]$OR[0x11]KW|[0xef][0xbf][0xbd][0xef][0xbf][0xbd]1^[0x2]Dg7[0xef][0xbf][0xbd][0xef][0xbf][0xbd][0x19]C.z?qZW[0xef][0xbf][0xbd]|[0xef][0xbf][0xbd]5[0xef][0xbf][0xbd]?u[0x1d][0xef][0xbf][0xbd][0x3][0xef][0xbf][0xbd][0x15][0xef][0xbf][0xbd][0x18][0xef][0xbf][0xbd][0xef][0xbf][0xbd][0xef][0xbf][0xbd][0x1b][0xef][0xbf][0xbd][0xef][0xbf][0xbd][0xef][0xbf][0xbd][0xef][0xbf][0xbd][0xef][0xbf][0xbd][0x5][0xef][0xbf][0xbd][0xef][0xbf][0xbd][0xef][0xbf][0xbd]O[0x10]}[0xef][0xbf][0xbd]/[0xef][0xbf][0xbd][0xef][0xbf][0xbd][0xef][0xbf][0xbd][0xef][0xbf][0xbd]|[0xef][0xbf][0xbd];[0xef][0xbf][0xbd][0xef][0xbf][0xbd]u[0xef][0xbf][0xbd][0xef][0xbf][0xbd]v[0xef][0xbf][0xbd])[0xef][0xbf][0xbd][0xc3][0x89][0xef][0xbf][0xbd]~[0xef][0xbf][0xbd][0xef][0xbf][0xbd]([0xef][0xbf][0xbd][0xef][0xbf][0xbd]?~[0xef][0xbf][0xbd][0xef][0xbf][0xbd][0xef][0xbf][0xbd]y([0xef][0xbf][0xbd][0xef][0xbf][0xbd]|[0xef][0xbf][0xbd]_3s[0xef][0xbf][0xbd][0xe]v[0xef][0xbf][0xbd]m[0xef][0xbf][0xbd]q[0xef][0xbf][0xbd][0xef][0xbf][0xbd][0xd1][0xa2]p[0x9][0xef][0xbf][0xbd]C[0xef][0xbf][0xbd][0x17][0xef][0xbf][0xbd]^[0xef][0xbf][0xbd][0xd1][0x90][0xef][0xbf][0xbd]SY[0xef][0xbf][0xbd][y1[0xef][0xbf][0xbd][0xef][0xbf][0xbd]*h[=[0xef][0xbf][0xbd]O[0xef][0xbf][0xbd][0x5]V[0xef][0xbf][0xbd]+t[0xef][0xbf][0xbd]p2[0x6][0xdc][0x9d]7[0xef][0xbf][0xbd][0xef][0xbf][0xbd][0xf]a[0x14][0xef][0xbf][0xbd]7t<[0x17][0xef][0xbf][0xbd][0xef][0xbf][0xbd]a[0xef][0xbf][0xbd] [[0x12][0xe2][0xad][0xb2][0xef][0xbf][0xbd][0xef][0xbf][0xbd]l[0xef][0xbf][0xbd][0xef][0xbf][0xbd][0xef][0xbf][0xbd][0xb]]%[0xef][0xbf][0xbd][0xef][0xbf][0xbd][0xc9][0xa8][0xef][0xbf][0xbd]I[[0xef][0xbf][0xbd][0xef][0xbf][0xbd][0x4]d[0xef][0xbf][0xbd]b[0xef][0xbf][0xbd]S8[0xef][0xbf][0xbd][0xef][0xbf][0xbd])[0x15][0xef][0xbf][0xbd]~+[0xef][0xbf][0xbd];[0xef][0xbf][0xbd][0xef][0xbf][0xbd][0xef][0xbf][0xbd][0xef][0xbf][0xbd])[0x16][0x8][0xef][0xbf][0xbd][0xef][0xbf][0xbd]\[0xef][0xbf][0xbd][0xef][0xbf][0xbd][0xef][0xbf][0xbd]Obe[0xef][0xbf][0xbd]([0xef][0xbf][0xbd][0xef][0xbf][0xbd][0xef][0xbf][0xbd]M[0xef][0xbf][0xbd][0xef][0xbf][0xbd]4RwpTh-yk[0xef][0xbf][0xbd][0xef][0xbf][0xbd][0xef][0xbf][0xbd][0xef][0xbf][0xbd][0x19]K[0xef][0xbf][0xbd][0xef][0xbf][0xbd][0xef][0xbf][0xbd]:[0xef][0xbf][0xbd]$[0xef][0xbf][0xbd][0xef][0xbf][0xbd].[0xef][0xbf][0xbd][0x19][0xef][0xbf][0xbd]Q[0xef][0xbf][0xbd]m~[0xef][0xbf][0xbd]G[0xef][0xbf][0xbd][0xc4][0xb8]u[0x6][0xef][0xbf][0xbd][0xef][0xbf][0xbd]B[0xef][0xbf][0xbd]q'[0xef][0xbf][0xbd][0x12][0xef][0xbf][0xbd][0xb]&[0xef][0xbf][0xbd][0xef][0xbf][0xbd]S[0xef][0xbf][0xbd][0x1e]fb[0xef][0xbf][0xbd][0x12]_[0xef][0xbf][0xbd]V"s[0x6][0xef][0xbf][0xbd][0xef][0xbf][0xbd]'[0xef][0xbf][0xbd][0xef][0xbf][0xbd][0xda][0x9e][0xef][0xbf][0xbd]}[0x5][\r][0xef][0xbf][0xbd][0xef][0xbf][0xbd][0xef][0xbf][0xbd].V[0xef][0xbf][0xbd][0xef][0xbf][0xbd][0xdd][0xa9][0xef][0xbf][0xbd][0xef][0xbf][0xbd]V[0xef][0xbf][0xbd][0x18][0xc9][0x89][0xb]a[0xef][0xbf][0xbd][0xef][0xbf][0xbd][0xef][0xbf][0xbd]u-C~[0xef][0xbf][0xbd][0xef][0xbf][0xbd]o[0xef][0xbf][0xbd]r5$[0xef][0xbf][0xbd][0xef][0xbf][0xbd][0xef][0xbf][0xbd][0xef][0xbf][0xbd]O[0xef][0xbf][0xbd]D[0xef][0xbf][0xbd][0xef][0xbf][0xbd][0xef][0xbf][0xbd]KZ[0xef][0xbf][0xbd][0xef][0xbf][0xbd]O[0x0][0xef][0xbf][0xbd]q[0xef][0xbf][0xbd][0xef][0xbf][0xbd][0xef][0xbf][0xbd][0xef][0xbf][0xbd][0xd7][0x89][0xef][0xbf][0xbd][0xef][0xbf][0xbd][0xef][0xbf][0xbd]Q[0xe1][0xb4][0xb3][0xef][0xbf][0xbd][0x3][0x15][0xef][0xbf][0xbd][0xef][0xbf][0xbd][0x10][0xef][0xbf][0xbd][0xef][0xbf][0xbd]n>[0xef][0xbf][0xbd][0xef][0xbf][0xbd][0xef][0xbf][0xbd][0xef][0xbf][0xbd]r[0xef][0xbf][0xbd][0xef][0xbf][0xbd][0x19][0xef][0xbf][0xbd][0xef][0xbf][0xbd]0fG[0x1d][0xef][0xbf][0xbd][0xef][0xbf][0xbd]%[0xef][0xbf][0xbd][0x11][0xef][0xbf][0xbd][0xef][0xbf][0xbd][0xe][0xef][0xbf][0xbd][0x1]h[0x11][0xef][0xbf][0xbd]U[0xef][0xbf][0xbd]ZL[0x2][0x1c][0xef][0xbf][0xbd][0x1a][0xef][0xbf][0xbd][0xef][0xbf][0xbd]o[0x15][0xef][0xbf][0xbd][0xef][0xbf][0xbd]vv`[0x1b][\r][0xef][0xbf][0xbd][0xef][0xbf][0xbd]H[0xef][0xbf][0xbd]4Fj[0xef][0xbf][0xbd]A[0xef][0xbf][0xbd]C[0xef][0xbf][0xbd][0xef][0xbf][0xbd][0x9][0xef][0xbf][0xbd][0xef][0xbf][0xbd]L28^[0x2][0xef][0xbf][0xbd][0xcd][0xa7]Uu[0x13][0xef][0xbf][0xbd])[0xef][0xbf][0xbd]1[0xef][0xbf][0xbd][0xef][0xbf][0xbd]>[0xef][0xbf][0xbd][0xef][0xbf][0xbd][\n]"
07:56:28.588 [main] DEBUG org.apache.http.wire -  >> "=[0xef][0xbf][0xbd][0xef][0xbf][0xbd][0xb][0xef][0xbf][0xbd]W-nw;[0xef][0xbf][0xbd][0xef][0xbf][0xbd][0xef][0xbf][0xbd][0x0]_[0xef][0xbf][0xbd].y[0xef][0xbf][0xbd][0xef][0xbf][0xbd]Lt"D[0xef][0xbf][0xbd]?L[0xef][0xbf][0xbd]v[0x9][0xef][0xbf][0xbd][0x1c][0xef][0xbf][0xbd][0xef][0xbf][0xbd]U[0xef][0xbf][0xbd][0xef][0xbf][0xbd](a[0x18]=[0xef][0xbf][0xbd]~[0xef][0xbf][0xbd][0xef][0xbf][0xbd][0xef][0xbf][0xbd][0xef][0xbf][0xbd][0xef][0xbf][0xbd]_[0xef][0xbf][0xbd][0xc5][0x86]p[0xef][0xbf][0xbd]/[0xef][0xbf][0xbd][0xef][0xbf][0xbd]_[0xef][0xbf][0xbd][0xef][0xbf][0xbd][0xef][0xbf][0xbd][0xef][0xbf][0xbd][0xef][0xbf][0xbd]U[0x8][0xef][0xbf][0xbd][0x16]K[0xef][0xbf][0xbd]t[\n]"
07:56:28.588 [main] DEBUG org.apache.http.wire -  >> "[0xef][0xbf][0xbd][0xef][0xbf][0xbd]<[0xd1][0x96][0x15][0xef][0xbf][0xbd][0xef][0xbf][0xbd][0xef][0xbf][0xbd][0xef][0xbf][0xbd][0xef][0xbf][0xbd][0xef][0xbf][0xbd]I[0xef][0xbf][0xbd][0xf]Pdb[0xef][0xbf][0xbd]@lV,f0<[0xef][0xbf][0xbd][\r]tV[0xef][0xbf][0xbd][0xef][0xbf][0xbd][0x9][0x6]j[0xef][0xbf][0xbd][0x19][0xef][0xbf][0xbd][0xef][0xbf][0xbd][0xef][0xbf][0xbd]To[0xc5][0xb6][0xef][0xbf][0xbd][0xef][0xbf][0xbd][0x15].K[0xef][0xbf][0xbd]-[0xef][0xbf][0xbd]6[0x1d][0xef][0xbf][0xbd][0xef][0xbf][0xbd][0xef][0xbf][0xbd][\n]"
07:56:28.588 [main] DEBUG org.apache.http.wire -  >> "[0xef][0xbf][0xbd]jz'c6[0xef][0xbf][0xbd][0xef][0xbf][0xbd][0xef][0xbf][0xbd]<[0x16]=\&[0xef][0xbf][0xbd]Y~m4[0xef][0xbf][0xbd]&[0xef][0xbf][0xbd][0xef][0xbf][0xbd][0xef][0xbf][0xbd][0xef][0xbf][0xbd][0xef][0xbf][0xbd][0xf][0xef][0xbf][0xbd]<YN[0xef][0xbf][0xbd]J[0xef][0xbf][0xbd][0xef][0xbf][0xbd][0xef][0xbf][0xbd][0xef][0xbf][0xbd]=[0xef][0xbf][0xbd][0xef][0xbf][0xbd]FQ=[0xef][0xbf][0xbd][0xef][0xbf][0xbd][0xef][0xbf][0xbd]e[0xef][0xbf][0xbd]_[0x16])|I[0xef][0xbf][0xbd][0xef][0xbf][0xbd][0xef][0xbf][0xbd][0xef][0xbf][0xbd][0xef][0xbf][0xbd][0xef][0xbf][0xbd][0xef][0xbf][0xbd][0xef][0xbf][0xbd][0xef][0xbf][0xbd]KZ@[0xef][0xbf][0xbd]1[0xef][0xbf][0xbd]#[0xe][0xef][0xbf][0xbd][0xef][0xbf][0xbd]3[0xef][0xbf][0xbd]_'[0xc6][0x8b][0xef][0xbf][0xbd]S[0xef][0xbf][0xbd]*Q"$d[0xef][0xbf][0xbd][0x16][0x8][0xef][0xbf][0xbd][0x12][0xef][0xbf][0xbd]pK[0xef][0xbf][0xbd]7w,C[0x1][0xef][0xbf][0xbd][0xef][0xbf][0xbd]r[0xef][0xbf][0xbd][0xef][0xbf][0xbd][0xd4][0xbe]s[0xef][0xbf][0xbd]CPD[0xef][0xbf][0xbd]h[0xef][0xbf][0xbd][0xef][0xbf][0xbd]]]GZo[0xef][0xbf][0xbd][0x1c][0xef][0xbf][0xbd]s[0xef][0xbf][0xbd][0xef][0xbf][0xbd][0xef][0xbf][0xbd][0xef][0xbf][0xbd][0xef][0xbf][0xbd][0xef][0xbf][0xbd][0xef][0xbf][0xbd]B[0xef][0xbf][0xbd]qk[\n]"
07:56:28.588 [main] DEBUG org.apache.http.wire -  >> "[0xef][0xbf][0xbd][0x12][0xef][0xbf][0xbd][0x11][0xef][0xbf][0xbd]~[0xef][0xbf][0xbd][0xef][0xbf][0xbd]Z[0xef][0xbf][0xbd]%[0x1c][0xef][0xbf][0xbd][0xef][0xbf][0xbd]+a[0xef][0xbf][0xbd][0x2][0xef][0xbf][0xbd][0xe]950<[0xef][0xbf][0xbd][0x13][0xef][0xbf][0xbd][0x18]N5[0xef][0xbf][0xbd]\1~f[0xef][0xbf][0xbd]C[0xef][0xbf][0xbd][0xef][0xbf][0xbd][0xef][0xbf][0xbd][0x0]G>[0xef][0xbf][0xbd][0x1]E[0xef][0xbf][0xbd][0xef][0xbf][0xbd]'[0xef][0xbf][0xbd][0x10],[0xef][0xbf][0xbd][0xef][0xbf][0xbd]G[0x18][0xef][0xbf][0xbd][0xef][0xbf][0xbd][0xef][0xbf][0xbd]@[0xef][0xbf][0xbd][0x1]-[0xef][0xbf][0xbd][0xef][0xbf][0xbd]I]b[0xef][0xbf][0xbd]-16[0xef][0xbf][0xbd][0x10][0x0]U[0xef][0xbf][0xbd]q[0x10]W[0xef][0xbf][0xbd]v#[0x6][0xef][0xbf][0xbd][0xef][0xbf][0xbd]$[0xef][0xbf][0xbd][0x1]>[0x15][0xef][0xbf][0xbd]g{[0xdd][0x86][0xef][0xbf][0xbd][\n]"
07:56:28.589 [main] DEBUG org.apache.http.wire -  >> "[0xef][0xbf][0xbd][0xef][0xbf][0xbd])[0xef][0xbf][0xbd][0xef][0xbf][0xbd][\n]"
07:56:28.589 [main] DEBUG org.apache.http.wire -  >> "+0[0xef][0xbf][0xbd][0x4][0xef][0xbf][0xbd][0x6][\n]"
07:56:28.589 [main] DEBUG org.apache.http.wire -  >> "*$6[0xef][0xbf][0xbd][0xd4][0x9c][0x1a]n7[0xef][0xbf][0xbd][0xef][0xbf][0xbd]k"[0xef][0xbf][0xbd]C[\n]"
07:56:28.589 [main] DEBUG org.apache.http.wire -  >> ";[0xef][0xbf][0xbd]x[0xef][0xbf][0xbd][0xef][0xbf][0xbd][0x16][0xb][0xef][0xbf][0xbd][0xef][0xbf][0xbd]V[0xef][0xbf][0xbd][0xef][0xbf][0xbd]\[0xef][0xbf][0xbd]E2[0xef][0xbf][0xbd][0xca][0x81][0xef][0xbf][0xbd][0xef][0xbf][0xbd][0xd0][0x95]`2[0xef][0xbf][0xbd][0xef][0xbf][0xbd]~[0xef][0xbf][0xbd]-g[0xc4][0xa5][0xef][0xbf][0xbd][0xef][0xbf][0xbd]r[0xef][0xbf][0xbd][0x5][0xef][0xbf][0xbd][0xef][0xbf][0xbd]U[0xef][0xbf][0xbd])[0xef][0xbf][0xbd]Q[0xef][0xbf][0xbd][0xef][0xbf][0xbd][0xef][0xbf][0xbd]cxq[0xef][0xbf][0xbd]8F[0xef][0xbf][0xbd][0xef][0xbf][0xbd][0x18][0xe9][0x85][0xa8]n[0x1d]'<[0xcd][0x93][0xef][0xbf][0xbd][0xef][0xbf][0xbd]1[0xef][0xbf][0xbd]m[0x0][0xc][0xef][0xbf][0xbd]![0x0]3[0xef][0xbf][0xbd][0xef][0xbf][0xbd][0xef][0xbf][0xbd]-[0xef][0xbf][0xbd][0xef][0xbf][0xbd]y[0xef][0xbf][0xbd][0xef][0xbf][0xbd]Y[0xef][0xbf][0xbd][0xef][0xbf][0xbd][0xef][0xbf][0xbd][0xef][0xbf][0xbd][0xef][0xbf][0xbd]}[0xef][0xbf][0xbd]W[0xef][0xbf][0xbd][0xef][0xbf][0xbd]Oo[0xef][0xbf][0xbd][0xef][0xbf][0xbd][0xef][0xbf][0xbd][0xef][0xbf][0xbd][0xef][0xbf][0xbd]e[0xef][0xbf][0xbd][0x16][0xef][0xbf][0xbd]}[0xc][0xe9][0x88][0x83][0xef][0xbf][0xbd][0xef][0xbf][0xbd]k[0x1c]l[0xef][0xbf][0xbd]W[0xef][0xbf][0xbd][0xef][0xbf][0xbd][0xcf][0xb7][0xef][0xbf][0xbd][0xef][0xbf][0xbd][0xca][0x99][0xef][0xbf][0xbd][0x12][0xef][0xbf][0xbd]~[0xef][0xbf][0xbd][0xef][0xbf][0xbd]8[0xef][0xbf][0xbd]%[0x4][0xef][0xbf][0xbd]k[0xef][0xbf][0xbd]S[0xef][0xbf][0xbd][0xc]Y[0xef][0xbf][0xbd][0x5]bj[0xef][0xbf][0xbd]u[0xef][0xbf][0xbd][0xef][0xbf][0xbd]f[0xef][0xbf][0xbd]^.[0xef][0xbf][0xbd][0xef][0xbf][0xbd]e[0xef][0xbf][0xbd]SP[0x6][0xef][0xbf][0xbd][0xef][0xbf][0xbd][0xef][0xbf][0xbd][0x1a][0xef][0xbf][0xbd]'=[0xef][0xbf][0xbd][0xef][0xbf][0xbd][0xef][0xbf][0xbd][0x1e][0xef][0xbf][0xbd][0x19][0xef][0xbf][0xbd][0xef][0xbf][0xbd] [0xef][0xbf][0xbd][0xef][0xbf][0xbd][0xef][0xbf][0xbd][0xef][0xbf][0xbd][0x1f]k[0xef][0xbf][0xbd][0xef][0xbf][0xbd]EK([0xef][0xbf][0xbd][0x10][0xef][0xbf][0xbd]w[0xef][0xbf][0xbd] [0x3][0xef][0xbf][0xbd][0xef][0xbf][0xbd][0xf][0xef][0xbf][0xbd]?[0xef][0xbf][0xbd][0xef][0xbf][0xbd]o[0x14]?[0xef][0xbf][0xbd][0xef][0xbf][0xbd][0xef][0xbf][0xbd]T[0xd4][0xa0][0x1][0xef][0xbf][0xbd]a[0x8][0xef][0xbf][0xbd]/~[0x1b][0xef][0xbf][0xbd][0xef][0xbf][0xbd] [0x16]S[0xef][0xbf][0xbd]>[0xef][0xbf][0xbd][0x1b]2[0xef][0xbf][0xbd][0xef][0xbf][0xbd][0xef][0xbf][0xbd]u[0xef][0xbf][0xbd][0x19][0xef][0xbf][0xbd][0xef][0xbf][0xbd]$[0xef][0xbf][0xbd][0xef][0xbf][0xbd][0x9][0xef][0xbf][0xbd]y[0xef][0xbf][0xbd][0xef][0xbf][0xbd][0xef][0xbf][0xbd]0M[0xef][0xbf][0xbd]I[0xef][0xbf][0xbd]g[0xef][0xbf][0xbd][0xef][0xbf][0xbd]|[0x12][0x19][0xef][0xbf][0xbd][0x12][0xef][0xbf][0xbd]V([0xb]Tb[0xef][0xbf][0xbd][0xef][0xbf][0xbd][0xc4][0xbd][0xef][0xbf][0xbd]D[0xef][0xbf][0xbd]:[0xef][0xbf][0xbd][0xef][0xbf][0xbd][0x0]M/9l[0x12][0xef][0xbf][0xbd][0xec][0xb6][0xb0][0xef][0xbf][0xbd]P4*.[0xef][0xbf][0xbd][0xef][0xbf][0xbd][0xd4][0x80][0xef][0xbf][0xbd][0xef][0xbf][0xbd]U[0xef][0xbf][0xbd][0xef][0xbf][0xbd][0xef][0xbf][0xbd][0xef][0xbf][0xbd]"[0xef][0xbf][0xbd]i[0xef][0xbf][0xbd]Z7[0xef][0xbf][0xbd][0xef][0xbf][0xbd][0x18][0xef][0xbf][0xbd][0xef][0xbf][0xbd][0xef][0xbf][0xbd][0xef][0xbf][0xbd][0xef][0xbf][0xbd]X-[0xef][0xbf][0xbd][0x1a]p[0xef][0xbf][0xbd][0x4][0xef][0xbf][0xbd][0xef][0xbf][0xbd]c[0xef][0xbf][0xbd]e[0xd9][0x9a][0xef][0xbf][0xbd][0x19]3m/[0x9]|v[0x6]1[0xef][0xbf][0xbd]X[0xef][0xbf][0xbd]xX[0xef][0xbf][0xbd][0xef][0xbf][0xbd]7k[0x17]K5[0xef][0xbf][0xbd][0xef][0xbf][0xbd][0xef][0xbf][0xbd]Lh[0xef][0xbf][0xbd](T[0xef][0xbf][0xbd][0xef][0xbf][0xbd]c[0xef][0xbf][0xbd][0xef][0xbf][0xbd][0xd7][0x9c]Da[0xef][0xbf][0xbd][0xef][0xbf][0xbd][0xb][0xef][0xbf][0xbd]M[0xef][0xbf][0xbd]ss[0xef][0xbf][0xbd][)[0x3]&[0xef][0xbf][0xbd]_[0xef][0xbf][0xbd]@[0xef][0xbf][0xbd][0xef][0xbf][0xbd]_[0xef][0xbf][0xbd][0x1f][0xef][0xbf][0xbd][0xef][0xbf][0xbd][0x16]}[0xef][0xbf][0xbd][0xef][0xbf][0xbd][0xef][0xbf][0xbd][0xef][0xbf][0xbd][0xef][0xbf][0xbd][0xef][0xbf][0xbd]zt[0x1d][0xef][0xbf][0xbd]7[0xef][0xbf][0xbd][0xef][0xbf][0xbd][0xef][0xbf][0xbd]A^[0x9][0xef][0xbf][0xbd][0xdb][0xb8][0xef][0xbf][0xbd][0xd3][0xb5][0xef][0xbf][0xbd][0xef][0xbf][0xbd]r[0xef][0xbf][0xbd]C[0xef][0xbf][0xbd][0x2][0xef][0xbf][0xbd] [0xef][0xbf][0xbd];[0x1c]3[0xef][0xbf][0xbd][0xef][0xbf][0xbd][0xc6][0x98][0xef]"
07:56:28.590 [main] DEBUG org.apache.http.wire -  >> "[0xbf][0xbd]6f[0xef][0xbf][0xbd][0xef][0xbf][0xbd]][0x17][0xef][0xbf][0xbd][0xef][0xbf][0xbd][0xef][0xbf][0xbd][0xef][0xbf][0xbd]V[0x1e][0xef][0xbf][0xbd][0xef][0xbf][0xbd]7[0x15][0xe]S[0xef][0xbf][0xbd]u[0xef][0xbf][0xbd]p[0x13][0xef][0xbf][0xbd]e![0x0][0xef][0xbf][0xbd][\n]"
07:56:28.590 [main] DEBUG org.apache.http.wire -  >> "[0xef][0xbf][0xbd][0xe2][0x8e][0x89][0xef][0xbf][0xbd][0x2]?[0xef][0xbf][0xbd]20[0xef][0xbf][0xbd][0xef][0xbf][0xbd][0xef][0xbf][0xbd][0xef][0xbf][0xbd]"%[0xef][0xbf][0xbd]B\4[0x1b][0xef][0xbf][0xbd][0x9][0xef][0xbf][0xbd]_[0xef][0xbf][0xbd][0xef][0xbf][0xbd]4[0xf]Z[0xef][0xbf][0xbd][0x1e][0xef][0xbf][0xbd]> W[0xef][0xbf][0xbd]Rt[0xef][0xbf][0xbd][0xef][0xbf][0xbd][0xef][0xbf][0xbd][0xef][0xbf][0xbd]c[0xef][0xbf][0xbd][0xc][0xef][0xbf][0xbd]Fk[0xef][0xbf][0xbd][0xef][0xbf][0xbd]Xn@[0x15][0xef][0xbf][0xbd]-[0xef][0xbf][0xbd]EB[0xef][0xbf][0xbd]Q[0xef][0xbf][0xbd]pkaB,Re[0xef][0xbf][0xbd]n[0xef][0xbf][0xbd][0xef][0xbf][0xbd][0xef][0xbf][0xbd][0xef][0xbf][0xbd]s[0xd6][0x9e][0xef][0xbf][0xbd][0xef][0xbf][0xbd]w[0x1b][0xef][0xbf][0xbd]j[0xef][0xbf][0xbd][0x17][0xef][0xbf][0xbd][0x19][0xef][0xbf][0xbd][0xef][0xbf][0xbd]w[0x1b][0xef][0xbf][0xbd][0xf][0xef][0xbf][0xbd]l[0xef][0xbf][0xbd]v[0xef][0xbf][0xbd][0xef][0xbf][0xbd][0xef][0xbf][0xbd][0xef][0xbf][0xbd]+V[0xdc][0x99][0xef][0xbf][0xbd]=[0xef][0xbf][0xbd][0xef][0xbf][0xbd][0xef][0xbf][0xbd][0xef][0xbf][0xbd]r[0xef][0xbf][0xbd]@A[0xef][0xbf][0xbd][0xef][0xbf][0xbd]tN[0xef][0xbf][0xbd][0xef][0xbf][0xbd][0x19][0xef][0xbf][0xbd][0xef][0xbf][0xbd][0x13][0xef][0xbf][0xbd]m[0xef][0xbf][0xbd][0xef][0xbf][0xbd][0xef][0xbf][0xbd]/[0xef][0xbf][0xbd]2u[0xef][0xbf][0xbd][0xef][0xbf][0xbd]X[0x13][0xef][0xbf][0xbd]>[0xef][0xbf][0xbd][0x1e]C{[0xef][0xbf][0xbd][0xef][0xbf][0xbd]~2[0xef][0xbf][0xbd][0xef][0xbf][0xbd][0xef][0xbf][0xbd][0x11]&[0xef][0xbf][0xbd]#[0xef][0xbf][0xbd][0xef][0xbf][0xbd][0xf]F[0xef][0xbf][0xbd]9[0xef][0xbf][0xbd]j[0xef][0xbf][0xbd][0xef][0xbf][0xbd]f[0xef][0xbf][0xbd][0xea][0xb3][0x9f][0xef][0xbf][0xbd][0xd6][0xae]`x[0xef][0xbf][0xbd]k[0xef][0xbf][0xbd][0xcc][0x98][0xef][0xbf][0xbd][0xef][0xbf][0xbd]([0x12][0x16][0xef][0xbf][0xbd][0xef][0xbf][0xbd][0xde][0xad][0x19][0xef][0xbf][0xbd]9Y[0xef][0xbf][0xbd][0xd5][0x9b]7[0xef][0xbf][0xbd][0x3]p[0xef][0xbf][0xbd][0xef][0xbf][0xbd][0xef][0xbf][0xbd][0xef][0xbf][0xbd][0x7][0xef][0xbf][0xbd]`?[0x0]-[0xef][0xbf][0xbd][0xef][0xbf][0xbd]cB[0xef][0xbf][0xbd][0x15][0xef][0xbf][0xbd][0xef][0xbf][0xbd][0x1f][0xef][0xbf][0xbd][0xef][0xbf][0xbd][0x1b][0xd7][0xa9][0xef][0xbf][0xbd]y[0xcf][0xb5][[0xef][0xbf][0xbd]([0xef][0xbf][0xbd]5lh[0xef][0xbf][0xbd][0xef][0xbf][0xbd][0xca][0xa1]P[0x1f]N[0xef][0xbf][0xbd][\r][0x2]![0xef][0xbf][0xbd][0xef][0xbf][0xbd],[0xf]Z[0xef][0xbf][0xbd]1[0xef][0xbf][0xbd][0xef][0xbf][0xbd]#[0xef][0xbf][0xbd][0xef][0xbf][0xbd]D[0xef][0xbf][0xbd][0xef][0xbf][0xbd][0xef][0xbf][0xbd][0xef][0xbf][0xbd]H[0xef][0xbf][0xbd]G]HU[0xf][0xef][0xbf][0xbd][0xef][0xbf][0xbd][0xef][0xbf][0xbd][0x16][0xef][0xbf][0xbd]Q[0x8]o[0xef][0xbf][0xbd]:[0xef][0xbf][0xbd][0xef][0xbf][0xbd][0xef][0xbf][0xbd]A+[0xc][0xef][0xbf][0xbd]+[0xef][0xbf][0xbd]~[0xef][0xbf][0xbd]m[0xef][0xbf][0xbd]!)[0xef][0xbf][0xbd][0xef][0xbf][0xbd]+[0xef][0xbf][0xbd]Sn[0xef][0xbf][0xbd][0xef][0xbf][0xbd][0xef][0xbf][0xbd][0xef][0xbf][0xbd][0xef][0xbf][0xbd][0xc8][0x83]Sx[0xef][0xbf][0xbd]b[0xef][0xbf][0xbd]d[0xef][0xbf][0xbd]R[0xef][0xbf][0xbd]@[0x3]xV[0xef][0xbf][0xbd][0xef][0xbf][0xbd][0xef][0xbf][0xbd][0x2]x&[0x0]m[0xef][0xbf][0xbd][0xef][0xbf][0xbd]9[0xef][0xbf][0xbd][0xef][0xbf][0xbd]n[0xef][0xbf][0xbd][0x9][0xef][0xbf][0xbd][0xef][0xbf][0xbd]@[0xef][0xbf][0xbd][0xef][0xbf][0xbd][0xef][0xbf][0xbd][0xef][0xbf][0xbd]t[0xef][0xbf][0xbd]>[0xef][0xbf][0xbd][0xef][0xbf][0xbd][0xef][0xbf][0xbd][0xef][0xbf][0xbd][0xef][0xbf][0xbd]e[0x0][0xef][0xbf][0xbd]{+[0xd3][0xa1][\n]"
07:56:28.591 [main] DEBUG org.apache.http.wire -  >> "[0x4][0xef][0xbf][0xbd][0xef][0xbf][0xbd]l[0xef][0xbf][0xbd][0xef][0xbf][0xbd][0xef][0xbf][0xbd][0xef][0xbf][0xbd][0xef][0xbf][0xbd][0x12][0xef][0xbf][0xbd]`~[0xef][0xbf][0xbd][0x1f]z[0xef][0xbf][0xbd][0xef][0xbf][0xbd]K[0xef][0xbf][0xbd][0xef][0xbf][0xbd][0xef][0xbf][0xbd]NaX[0xef][0xbf][0xbd][0xef][0xbf][0xbd][0xef][0xbf][0xbd]uVh[0x1e][0xdc][0xbc][0xef][0xbf][0xbd]X[0xef][0xbf][0xbd][0x1d]*[0xef][0xbf][0xbd]V[0x18]h[0xef][0xbf][0xbd][0x4][0xdc][0x85]B[0xef][0xbf][0xbd][\r]N[0xef][0xbf][0xbd]TalZ6[0xef][0xbf][0xbd]/Xrv[0x13][0x13][0xef][0xbf][0xbd][0xef][0xbf][0xbd]([0xef][0xbf][0xbd]B[0xdc][0xb7][0xef][0xbf][0xbd][0x2]~[0xef][0xbf][0xbd]JT[0xef][0xbf][0xbd]6[0xe][0xef][0xbf][0xbd]6[0xef][0xbf][0xbd][0xdd][0xba]I![0xcf][0x99][0xef][0xbf][0xbd]Tp[0xef][0xbf][0xbd][0xef][0xbf][0xbd][0xef][0xbf][0xbd][0x6]E[0xef][0xbf][0xbd][0xef][0xbf][0xbd][0xef][0xbf][0xbd][0xef][0xbf][0xbd]k[0x11]X[0x1]f[0x1c]Lv[0xef][0xbf][0xbd]K[0x0]X[0xef][0xbf][0xbd]i[0xef][0xbf][0xbd][0xb][0xef][0xbf][0xbd]9[0xd7][0x9a].[0xb][0x19][0xef][0xbf][0xbd]lg[0xef][0xbf][0xbd]1N[0xef][0xbf][0xbd]RZL[0xef][0xbf][0xbd][0xef][0xbf][0xbd][0xef][0xbf][0xbd][0xef][0xbf][0xbd]?~[0xef][0xbf][0xbd]l0[0xef][0xbf][0xbd]+[0xef][0xbf][0xbd][0xef][0xbf][0xbd][0xef][0xbf][0xbd][0xef][0xbf][0xbd]TgZY[0xef][0xbf][0xbd][0x1f][0x3][0xef][0xbf][0xbd][0xef][0xbf][0xbd][0xef][0xbf][0xbd][0xef][0xbf][0xbd]_[0xef][0xbf][0xbd][0xef][0xbf][0xbd]?[0xef][0xbf][0xbd][0xef][0xbf][0xbd]w[0xef][0xbf][0xbd][0xef][0xbf][0xbd][0xef][0xbf][0xbd][0xc5][0x9a][0xef][0xbf][0xbd][0xef][0xbf][0xbd][0xef][0xbf][0xbd][0x1e][0xef][0xbf][0xbd][0xef][0xbf][0xbd][0xef][0xbf][0xbd]Q[0xef][0xbf][0xbd]8[0xef][0xbf][0xbd][0xef][0xbf][0xbd][0xef][0xbf][0xbd][0xef][0xbf][0xbd]VYb>\[0xef][0xbf][0xbd]UN[0x9][0xef][0xbf][0xbd][0xef][0xbf][0xbd](u[0xef][0xbf][0xbd][0x19][0xef][0xbf][0xbd][0xef][0xbf][0xbd]*[0xef][0xbf][0xbd]@{[0x8]P[0xef][0xbf][0xbd]i![0x12][0xef][0xbf][0xbd][0xef][0xbf][0xbd]n2[0xef][0xbf][0xbd][0xef][0xbf][0xbd][[0xef][0xbf][0xbd][0x17]>[0xef][0xbf][0xbd][0xb][0xef][0xbf][0xbd]B[0xef][0xbf][0xbd][0xef][0xbf][0xbd]SX7V[0xef][0xbf][0xbd]"46[0xef][0xbf][0xbd][0x1a][0xca][0xbf]Vk[0x17][0xef][0xbf][0xbd][0xef][0xbf][0xbd][0x16]e[0xef][0xbf][0xbd][0xef][0xbf][0xbd][0xef][0xbf][0xbd][0xef][0x8c][0xbb][0xd5][0x83][0x6][0xef][0xbf][0xbd][0xef][0xbf][0xbd][0xef][0xbf][0xbd][0x9][0xef][0xbf][0xbd][0xef][0xbf][0xbd][0xef][0xbf][0xbd][0xef][0xbf][0xbd]<[0xef][0xbf][0xbd]_[0xef][0xbf][0xbd][0xef][0xbf][0xbd][0xef][0xbf][0xbd][0x1c][0xef][0xbf][0xbd][0xef][0xbf][0xbd]C<[0xde][0x90]7[0xef][0xbf][0xbd][0xef][0xbf][0xbd][0x4][0xef][0xbf][0xbd]h[0xef][0xbf][0xbd][0xef][0xbf][0xbd][0xef][0xbf][0xbd]C[0xef][0xbf][0xbd]X[0xef][0xbf][0xbd][0xd5][0x90][0x1b]*n[0xef][0xbf][0xbd]d(?[0xef][0xbf][0xbd]Q[0xef][0xbf][0xbd][0xef][0xbf][0xbd]n[0xef][0xbf][0xbd][0xef][0xbf][0xbd]Z[0x1][0xef][0xbf][0xbd][0xef][0xbf][0xbd][0xef][0xbf][0xbd]Zy[0xef][0xbf][0xbd][0xef][0xbf][0xbd][0x1]Z$[0xef][0xbf][0xbd][0xef][0xbf][0xbd][0x18][0xef][0xbf][0xbd].[0x13][\r][0xef][0xbf][0xbd][0x1e][0x14][0xef][0xbf][0xbd][0xef][0xbf][0xbd]?[0x16][0x1f]][0xef][0xbf][0xbd]:b[0xc]F}wC[0xef][0xbf][0xbd][0xef][0xbf][0xbd][0x1]z[0x1c][0x2][0xef][0xbf][0xbd][0xef][0xbf][0xbd][0xef][0xbf][0xbd]#[0xef][0xbf][0xbd]Ikm[0xef][0xbf][0xbd]L[0xef][0xbf][0xbd][0xef][0xbf][0xbd]<fF[0xef][0xbf][0xbd]1[0xef][0xbf][0xbd]bX[0xef][0xbf][0xbd][0x15]S[0xef][0xbf][0xbd][0xef][0xbf][0xbd][0x1d][0xef][0xbf][0xbd][0xef][0xbf][0xbd][0xef][0xbf][0xbd]x [0xef][0xbf][0xbd][0x2][0xef][0xbf][0xbd][0xef][0xbf][0xbd][0xef][0xbf][0xbd][0xef][0xbf][0xbd][0xcd][0x9a][0x1d].[\n]"
07:56:28.591 [main] DEBUG org.apache.http.wire -  >> "[0xef][0xbf][0xbd][0xef][0xbf][0xbd];[0xef][0xbf][0xbd][0x17][0xef][0xbf][0xbd][0xef][0xbf][0xbd]F[0x8]q[0xef][0xbf][0xbd][0xef][0xbf][0xbd][0xef][0xbf][0xbd][0xdc][0xac][0xef][0xbf][0xbd]e[0xef][0xbf][0xbd]^[0x18][0xef][0xbf][0xbd][0xef][0xbf][0xbd][0xef][0xbf][0xbd][0xef][0xbf][0xbd][0xef][0xbf][0xbd]vz[0xef][0xbf][0xbd][0xcd][0xab][0xdf][0x93]_[0xef][0xbf][0xbd][0xef][0xbf][0xbd]U[0xef][0xbf][0xbd]j[0xef][0xbf][0xbd]]U[0xef][0xbf][0xbd]^f[0xef][0xbf][0xbd]~[0xef][0xbf][0xbd][0xef][0xbf][0xbd][0xef][0xbf][0xbd][0x6]W-S[0xf][0xef][0xbf][0xbd][0xef][0xbf][0xbd][0x6]u[0xef][0xbf][0xbd]s;62?0G[0xef][0xbf][0xbd]|[0xef][0xbf][0xbd][0xef][0xbf][0xbd]/[0xef][0xbf][0xbd][0xf]Hn[0xef][0xbf][0xbd]>[0xef][0xbf][0xbd][0xef][0xbf][0xbd][0xef][0xbf][0xbd][0xef][0xbf][0xbd][0xef][0xbf][0xbd]_[0xdd][0x9e][0xef][0xbf][0xbd]75[0xef][0xbf][0xbd][0xb]^~[0xef][0xbf][0xbd]TN[0xef][0xbf][0xbd]4o[0xe5][0xa1][0x96][0xef][0xbf][0xbd][0xef][0xbf][0xbd][0xde][0x8f];[0xef][0xbf][0xbd][0x2].[0xef][0xbf][0xbd][0xef][0xbf][0xbd]lj[0xef][0xbf][0xbd]T[0x15][0xef][0xbf][0xbd][0x7][0xef][0xbf][0xbd][0x6][0xef][0xbf][0xbd][0xef][0xbf][0xbd][0xef][0xbf][0xbd][0xef][0xbf][0xbd][0xef][0xbf][0xbd]T9[0xef][0xbf][0xbd][0xef][0xbf][0xbd]j[0xef][0xbf][0xbd]g;![0x4][0xef][0xbf][0xbd][0xef][0xbf][0xbd][0xc5][0x8f][0xce][0xa2]EF[0xc4][0xb0][0x12][0xef][0xbf][0xbd][0xef][0xbf][0xbd]>%[0xef][0xbf][0xbd][0xf1][0xb1][0xa0][0xad]qk[0xef][0xbf][0xbd][0xef][0xbf][0xbd]M[0xcb][0xa5][0xef][0xbf][0xbd]U[\n]"
07:56:28.591 [main] DEBUG org.apache.http.wire -  >> "d[0x1][0x6][\n]"
07:56:28.591 [main] DEBUG org.apache.http.wire -  >> "[0xef][0xbf][0xbd]|[0xef][0xbf][0xbd][0xef][0xbf][0xbd]+-[0xef][0xbf][0xbd][0xf1][0xbc][0xb3][0x9d][0xef][0xbf][0xbd][0x12]:[0xef][0xbf][0xbd])[0xef][0xbf][0xbd]0[0xef][0xbf][0xbd]x[0x3]E[0xef][0xbf][0xbd][0xef][0xbf][0xbd]b[0xef][0xbf][0xbd][0xce][0xaa]z;[0x1][0x0][0xef][0xbf][0xbd][0xef][0xbf][0xbd][0xef][0xbf][0xbd][0xef][0xbf][0xbd]s[0xef][0xbf][0xbd]:n[0xef][0xbf][0xbd][0xdc][0x86][0xef][0xbf][0xbd][0xef][0xbf][0xbd]$[0xc]7[0xef][0xbf][0xbd][0xef][0xbf][0xbd]0Rav[0xef][0xbf][0xbd][0xef][0xbf][0xbd]4[0x11]\[0xef][0xbf][0xbd][0xef][0xbf][0xbd]+;[0xef][0xbf][0xbd][0xef][0xbf][0xbd]d[0xef][0xbf][0xbd][0xcc][0x8d]SR[0xef][0xbf][0xbd][0xef][0xbf][0xbd]%4[0xef][0xbf][0xbd][0xef][0xbf][0xbd][0xef][0xbf][0xbd][0x19][0xef][0xbf][0xbd]g[0xef][0xbf][0xbd][0xda][0xa5][0xef][0xbf][0xbd]=[0x1c]([0xef][0xbf][0xbd]x[0xef][0xbf][0xbd][0xef][0xbf][0xbd][0xef][0xbf][0xbd][0xef][0xbf][0xbd]\k[0x1][0xef][0xbf][0xbd]4[0xef][0xbf][0xbd][0xef][0xbf][0xbd]sa[0xef][0xbf][0xbd]'1[0xef][0xbf][0xbd]\,[0xef][0xbf][0xbd][0xef][0xbf][0xbd][0xef][0xbf][0xbd][[0xef][0xbf][0xbd]x[0xef][0xbf][0xbd][0xef][0xbf][0xbd][0x1f][0xef][0xbf][0xbd]K[0xef][0xbf][0xbd][0x16][0x1a]<[0xef][0xbf][0xbd]C[0xb][0xef][0xbf][0xbd][0xef][0xbf][0xbd][0xef][0xbf][0xbd]6[0xb]b[0xef][0xbf][0xbd])_[0xef][0xbf][0xbd]O[0xef][0xbf][0xbd]8[0xef][0xbf][0xbd][0xef][0xbf][0xbd]%[0xef][0xbf][0xbd][0x10]>4Z[0x8][0xef][0xbf][0xbd]G;[0xef][0xbf][0xbd]y[0xef][0xbf][0xbd][0xef][0xbf][0xbd][0xef][0xbf][0xbd][0xef][0xbf][0xbd][0xef][0xbf][0xbd][0xef][0xbf][0xbd]|3YS[0xef][0xbf][0xbd][0xef][0xbf][0xbd][0xef][0xbf][0xbd]b[0xef][0xbf][0xbd][0xef][0xbf][0xbd][0x4][0x15][0xef][0xbf][0xbd][0xef][0xbf][0xbd]<[0xef][0xbf][0xbd][0xef][0xbf][0xbd][0xef][0xbf][0xbd][0xef][0xbf][0xbd]p[0xef][0xbf][0xbd]s|[0xdf][0xbe][0xef][0xbf][0xbd][0x15][0xef][0xbf][0xbd]~@Z[0xef][0xbf][0xbd][0xc5][0x8f] [0x1d][0xef][0xbf][0xbd][0x1c][0xef][0xbf][0xbd][0xef][0xbf][0xbd][0x1e]o[[0xef][0xbf][0xbd][0xef][0xbf][0xbd][0xcf][0x91][0xdd][0xac][0x1e][0xef][0xbf][0xbd]T[0xef][0xbf][0xbd]>[0xef][0xbf][0xbd][0xef][0xbf][0xbd][0xef][0xbf][0xbd]~]8[0xc9][0x8f][0xef][0xbf][0xbd][0xef][0xbf][0xbd][0xef][0xbf][0xbd][0xef][0xbf][0xbd][0xef][0xbf][0xbd][0xf]g[\n]"
07:56:28.594 [main] DEBUG org.apache.http.wire -  >> "[0xef][0xbf][0xbd][0xef][0xbf][0xbd]G[0xef][0xbf][0xbd][0x19][0xb][0xef][0xbf][0xbd]YN[0xef][0xbf][0xbd]r=[0xef][0xbf][0xbd]6g[0xef][0xbf][0xbd][0xef][0xbf][0xbd] [0xef][0xbf][0xbd] [0xc6][0x85][0xef][0xbf][0xbd]q[0x1b]o+[0xef][0xbf][0xbd][0xef][0xbf][0xbd][0xef][0xbf][0xbd]~[0xef][0xbf][0xbd][0xef][0xbf][0xbd][\n]"
07:56:28.594 [main] DEBUG org.apache.http.wire -  >> "Ui[0xef][0xbf][0xbd]2[0xef][0xbf][0xbd];NT?[0xef][0xbf][0xbd][0xef][0xbf][0xbd][0xef][0xbf][0xbd]W[0xef][0xbf][0xbd]P%?a[0xef][0xbf][0xbd][0xef][0xbf][0xbd][0xef][0xbf][0xbd]h[0xef][0xbf][0xbd][0xef][0xbf][0xbd]+[0xef][0xbf][0xbd]O[0xef][0xbf][0xbd]o[0xef][0xbf][0xbd][0xef][0xbf][0xbd][0xc]"[0xef][0xbf][0xbd][0xef][0xbf][0xbd]WW[0xef][0xbf][0xbd]e[0xef][0xbf][0xbd]4[0xef][0xbf][0xbd]uB[0xef][0xbf][0xbd]i[0xc][0xef][0xbf][0xbd][0x5][0xef][0xbf][0xbd][0xef][0xbf][0xbd],[0xef][0xbf][0xbd]>[0x2][0x17][0xef][0xbf][0xbd][0xdf][0xb8][0xef][0xbf][0xbd]h5A[0xef][0xbf][0xbd][0xef][0xbf][0xbd][0xef][0xbf][0xbd];[0xef][0xbf][0xbd][0x1f][0xef][0xbf][0xbd]h[0xef][0xbf][0xbd][0xef][0xbf][0xbd]j[0x13][0x1][0x1]<[0xef][0xbf][0xbd][0xef][0xbf][0xbd]n![0x3]}[0xef][0xbf][0xbd][\n]"
07:56:28.594 [main] DEBUG org.apache.http.wire -  >> "C[0xc2][0x81][0xef][0xbf][0xbd]-[0xef][0xbf][0xbd][0xef][0xbf][0xbd][0xef][0xbf][0xbd]J[0xef][0xbf][0xbd][0xef][0xbf][0xbd][0xef][0xbf][0xbd]FY[0xef][0xbf][0xbd][0x2][0xef][0xbf][0xbd]Z^f[0xef][0xbf][0xbd][0xc4][0x92][0xdd][0xa6][0xef][0xbf][0xbd][0x11]3[0xef][0xbf][0xbd][0xc7][0xaf][0xda][0x89][0xef][0xbf][0xbd][0xef][0xbf][0xbd][0xef][0xbf][0xbd][0xef][0xbf][0xbd][0xef][0xbf][0xbd] 4_r,[0xef][0xbf][0xbd]A"[0xef][0xbf][0xbd][0xeb][0x91][0xa1][0xef][0xbf][0xbd]x[H.[0xef][0xbf][0xbd][0xda][0xba]a[0xef][0xbf][0xbd][0xef][0xbf][0xbd]u[0xef][0xbf][0xbd][0xef][0xbf][0xbd][0xef][0xbf][0xbd][0x9][0xef][0xbf][0xbd][0x14][0xef][0xbf][0xbd][0x9][0xc8][0xa2]h[0xef][0xbf][0xbd][0xef][0xbf][0xbd][0xef][0xbf][0xbd]U[0x5][0xef][0xbf][0xbd][0xef][0xbf][0xbd][0x13][0x17]J[0x9][\n]"
07:56:28.594 [main] DEBUG org.apache.http.wire -  >> "@[0x11][0xef][0xbf][0xbd]`[0x15]([0xef][0xbf][0xbd][0xef][0xbf][0xbd]`[0xef][0xbf][0xbd]a*-[0xef][0xbf][0xbd][0xef][0xbf][0xbd][0xef][0xbf][0xbd][0xef][0xbf][0xbd][0xef][0xbf][0xbd]8[0x1b][0xef][0xbf][0xbd][0xb][0xef][0xbf][0xbd]A[0x8][0xef][0xbf][0xbd]y[[0xef][0xbf][0xbd][0xef][0xbf][0xbd][0xef][0xbf][0xbd][0xef][0xbf][0xbd][0xef][0xbf][0xbd]c[0xef][0xbf][0xbd][0xef][0xbf][0xbd][0x1f][0xef][0xbf][0xbd][\n]"
07:56:28.595 [main] DEBUG org.apache.http.wire -  >> "G[0xef][0xbf][0xbd]([0xef][0xbf][0xbd]m[0xef][0xbf][0xbd]5?[0xef][0xbf][0xbd][0xef][0xbf][0xbd]p[0xef][0xbf][0xbd][0xef][0xbf][0xbd][0xef][0xbf][0xbd][0x1][0xef][0xbf][0xbd][0xef][0xbf][0xbd][\r][0xef][0xbf][0xbd][0xdb][0xa2][0xef][0xbf][0xbd][0x14]=[0xef][0xbf][0xbd]K[0xef][0xbf][0xbd][0xef][0xbf][0xbd][0xeb][0xa8][0xbf]y[0x1d][0xef][0xbf][0xbd]/[0xef][0xbf][0xbd]M[0x12][0xef][0xbf][0xbd]N5[\r]iy[0xe1][0x8e][0xa0]K[0xcd][0xb8]v[\n]"
07:56:28.595 [main] DEBUG org.apache.http.wire -  >> "[0xef][0xbf][0xbd]L[0x4].,[0x9]-[0xef][0xbf][0xbd]j[0xef][0xbf][0xbd][0xd6][0xac][0xef][0xbf][0xbd][0x4]O[0xef][0xbf][0xbd][0xef][0xbf][0xbd][0x7][0xef][0xbf][0xbd][0x1d][0xef][0xbf][0xbd]m) [0xef][0xbf][0xbd]z[0xef][0xbf][0xbd]([0x2][0xef][0xbf][0xbd]d"[0xef][0xbf][0xbd][0xef][0xbf][0xbd]L,[0x1c]c{X[0xef][0xbf][0xbd]hp[0xd5][0x85][0xef][0xbf][0xbd][0xef][0xbf][0xbd]q[0xef][0xbf][0xbd]fBcd[0xef][0xbf][0xbd][0x4][0xef][0xbf][0xbd][0xef][0xbf][0xbd][0x7]v[0xef][0xbf][0xbd]>N[0x17][0xef][0xbf][0xbd]A[0xef][0xbf][0xbd]Vk[0xef][0xbf][0xbd]$[0x1]c[0xef][0xbf][0xbd][0xef][0xbf][0xbd][0xef][0xbf][0xbd]j[0x19][0x2]N[0x1][0xef][0xbf][0xbd][0xef][0xbf][0xbd][0xef][0xbf][0xbd]cO[0xef][0xbf][0xbd]JUNv[0x1]*[0xef][0xbf][0xbd][0xef][0xbf][0xbd][0xef][0xbf][0xbd][0xef][0xbf][0xbd]}[0x14]h[0x11]*[0xef][0xbf][0xbd][0x7][0xef][0xbf][0xbd][0xef][0xbf][0xbd]y[0xef][0xbf][0xbd],[0xef][0xbf][0xbd][0x4][0xef][0xbf][0xbd]r[0xef][0xbf][0xbd][0xb][0xef][0xbf][0xbd][0xef][0xbf][0xbd]}[0xef][0xbf][0xbd]ml[0xef][0xbf][0xbd]`[0x1e][0xd8][0xb9][0x1e][0xef][0xbf][0xbd][0x17][0xef][0xbf][0xbd][0xef][0xbf][0xbd][0xef][0xbf][0xbd]l/[0x8][0xef][0xbf][0xbd][0xef][0xbf][0xbd][0xef][0xbf][0xbd]r[0x1b]3]][0xef][0xbf][0xbd][0xef][0xbf][0xbd]<[0x1a][0xef][0xbf][0xbd];[0xef][0xbf][0xbd]1Z[0x1b][0xef][0xbf][0xbd][0xef][0xbf][0xbd][0xef][0xbf][0xbd][0xef][0xbf][0xbd][0xef][0xbf][0xbd]1[0xef][0xbf][0xbd][0xef][0xbf][0xbd]`[0x1b][0xef][0xbf][0xbd]S[0xd8][0xa9][0xef][0xbf][0xbd])[0xef][0xbf][0xbd][0xef][0xbf][0xbd]A|7"U[0xef][0xbf][0xbd][0xef][0xbf][0xbd][0xef][0xbf][0xbd]j [0xef][0xbf][0xbd]0?[0xef][0xbf][0xbd][0xef][0xbf][0xbd][0xef][0xbf][0xbd](0[0xef][0xbf][0xbd][0xef][0xbf][0xbd][0xef][0xbf][0xbd][0xef][0xbf][0xbd](c[0xef][0xbf][0xbd][0xef][0xbf][0xbd]?[0xef][0xbf][0xbd][0xef][0xbf][0xbd][0x13][0xef][0xbf][0xbd][0xef][0xbf][0xbd][0xef][0xbf][0xbd][0xef][0xbf][0xbd]2[0xef][0xbf][0xbd][0xef][0xbf][0xbd][0xef][0xbf][0xbd][0xef][0xbf][0xbd][0xef][0xbf][0xbd]h[0xef][0xbf][0xbd][0xef][0xbf][0xbd][0xef][0xbf][0xbd][0xef][0xbf][0xbd]Ca[0xef][0xbf][0xbd][0x18]c[0x2]w[0xdb][0x8d][0xef][0xbf][0xbd],[0x6]2[0x7]6[0xef][0xbf][0xbd][0xef][0xbf][0xbd][0xef][0xbf][0xbd]9s[0xef][0xbf][0xbd][0xef][0xbf][0xbd]?[0xef][0xbf][0xbd]Nz=g[0xef][0xbf][0xbd][0x17][0xef][0xbf][0xbd][0xd3][0x96][0xef][0xbf][0xbd][0xef][0xbf][0xbd][0xef][0xbf][0xbd]7[0xef][0xbf][0xbd][0xdd][0x9d][0xef][0xbf][0xbd]q[0xef][0xbf][0xbd]e[0xef][0xbf][0xbd]}Dh[0xef][0xbf][0xbd][0xef][0xbf][0xbd]>[0xef][0xbf][0xbd]y{5b{[0xc5][0xac]'[0x4][0xef][0xbf][0xbd]]g[0xd8][0x96]vw[0xef][0xbf][0xbd][0x4][0xef][0xbf][0xbd][0xef][0xbf][0xbd][0xef][0xbf][0xbd]D[0xef][0xbf][0xbd]bI[0xef][0xbf][0xbd][0xef][0xbf][0xbd][0xb]4w[0xef][0xbf][0xbd][0xef][0xbf][0xbd][0x14]*Qd[0x1][0xef][0xbf][0xbd][0xef][0xbf][0xbd][0xef][0xbf][0xbd][0xef][0xbf][0xbd][0xef][0xbf][0xbd]Q`C+n[0xef][0xbf][0xbd](a[0xef][0xbf][0xbd][0xef][0xbf][0xbd][0xef][0xbf][0xbd][0x14]x[0xef][0xbf][0xbd][0xef][0xbf][0xbd][0xef][0xbf][0xbd]hi[0xef][0xbf][0xbd][0xef][0xbf][0xbd][0x15]B75[0xef][0xbf][0xbd]h[0x19]TBu[0xef][0xbf][0xbd]b"[0xef][0xbf][0xbd][0xe][0xef][0xbf][0xbd][0xef][0xbf][0xbd][0xef][0xbf][0xbd][0xef][0xbf][0xbd][0xef][0xbf][0xbd]$S+[0xc][0x2][0xef][0xbf][0xbd];d[0x12][0xef][0xbf][0xbd][0xef][0xbf][0xbd][0xef][0xbf][0xbd][0xca][0x80][0xef][0xbf][0xbd]=[0xef][0xbf][0xbd][0xef][0xbf][0xbd][0xef][0xbf][0xbd]G[0xef][0xbf][0xbd]T[0xef][0xbf][0xbd]d[0x19][0xef][0xbf][0xbd]\[0x6][0xef][0xbf][0xbd][\n]"
07:56:28.596 [main] DEBUG org.apache.http.wire -  >> "u[0x1a][0xef][0xbf][0xbd]R[0xef][0xbf][0xbd][0xef][0xbf][0xbd]s[0xef][0xbf][0xbd][0xef][0xbf][0xbd][0xef][0xbf][0xbd][0xf][0x7]>d[0xef][0xbf][0xbd][0xef][0xbf][0xbd]z[0xef][0xbf][0xbd][0x12][0xef][0xbf][0xbd][0xef][0xbf][0xbd]D[[0xf]I[0xef][0xbf][0xbd]g[0xef][0xbf][0xbd][0xef][0xbf][0xbd][0x1e]%H[0xef][0xbf][0xbd][0xef][0xbf][0xbd][0xe][0x1b]W[0xef][0xbf][0xbd]i[0xef][0xbf][0xbd][0xef][0xbf][0xbd][0x0]%[0xdc][0x97]V[0xef][0xbf][0xbd][0x10][0xef][0xbf][0xbd][0xef][0xbf][0xbd]}]fC[0xef][0xbf][0xbd][0xef][0xbf][0xbd][0x5]?U[0xef][0xbf][0xbd]c;[0xef][0xbf][0xbd]U[;[0xef][0xbf][0xbd][0x6][0xef][0xbf][0xbd][0xef][0xbf][0xbd][0xef][0xbf][0xbd][0xef][0xbf][0xbd][0xe6][0x85][0x9b]L[0xef][0xbf][0xbd]Q[0xef][0xbf][0xbd]3[0xef][0xbf][0xbd][0x8][0xef][0xbf][0xbd][0xef][0xbf][0xbd][0x3][0xef][0xbf][0xbd][0xef][0xbf][0xbd][0xe][0xef][0xbf][0xbd]v[0xef][0xbf][0xbd] <:[0xef][0xbf][0xbd]2[0xef][0xbf][0xbd][0x18][0xef][0xbf][0xbd]7(Wb[0xef][0xbf][0xbd][0xef][0xbf][0xbd][0xef][0xbf][0xbd][0xef][0xbf][0xbd][0xef][0xbf][0xbd]<[0xef][0xbf][0xbd]o[0xef][0xbf][0xbd][0xef][0xbf][0xbd][0xef][0xbf][0xbd]}[0xcb][0x92][0xef][0xbf][0xbd][0x13][0xef][0xbf][0xbd]v%[0xef][0xbf][0xbd][0xef][0xbf][0xbd]D[0x0][0x5]&[0xef][0xbf][0xbd][0xef][0xbf][0xbd]L[0xef][0xbf][0xbd][0x1c]@e[0xef][0xbf][0xbd][0xe3][0xb1][0x8f][0x6]w[0xef][0xbf][0xbd][0xef][0xbf][0xbd]Y[0xce][0xbf][0xef][0xbf][0xbd][0xef][0xbf][0xbd]9[0xef][0xbf][0xbd][0x14][0x8][0xef][0xbf][0xbd]Z[0xef][0xbf][0xbd][0xef][0xbf][0xbd][0xc5][0x83]ZV[0xcd][0x9d]h6v&)[0x1][0xef][0xbf][0xbd][0xcf][0x98][0xef][0xbf][0xbd][0xd1][0xa2]#<[0xef][0xbf][0xbd]+[0x17][0x1],[0xef][0xbf][0xbd][0x16]-~[0x6][0xef][0xbf][0xbd][0xef][0xbf][0xbd][0xef][0xbf][0xbd]o[0xef][0xbf][0xbd][0xf]I[0xb][0xef][0xbf][0xbd]>[0x2]t[0xef][0xbf][0xbd][0xef][0xbf][0xbd]?[0x13]o\[0x7][0xef][0xbf][0xbd][0x1]/F[0xef][0xbf][0xbd][0xef][0xbf][0xbd][q'[0xef][0xbf][0xbd][0xef][0xbf][0xbd][0xef][0xbf][0xbd]{[0xef][0xbf][0xbd][0x1f][0xef][0xbf][0xbd]bF[0xef][0xbf][0xbd][0xef][0xbf][0xbd][0xc][0xb]u[0xb]r[0xef][0xbf][0xbd]{[0xef][0xbf][0xbd].[0xef][0xbf][0xbd][0xef][0xbf][0xbd][0x14][0xef][0xbf][0xbd][0xe0][0xbf][0xae][0xef][0xbf][0xbd]U[\r][0xef][0xbf][0xbd]][0xef][0xbf][0xbd][0xef][0xbf][0xbd]|@[0xef][0xbf][0xbd][0xef][0xbf][0xbd][0x1b][0xef][0xbf][0xbd][0x8][0xef][0xbf][0xbd][0xef][0xbf][0xbd]Lt[0x13]c`[0xef][0xbf][0xbd][0xef][0xbf][0xbd]N`RKX[0xef][0xbf][0xbd][0x0][0x17]a[0x1][0xef][0xbf][0xbd][0xef][0xbf][0xbd]R)[0xef][0xbf][0xbd][0xef][0xbf][0xbd][0x0]/[0x8][0xef][0xbf][0xbd][0xef][0xbf][0xbd]1[0xef][0xbf][0xbd]u[0x18]t[0xb]Q[0xef][0xbf][0xbd]w[0x6][0xef][0xbf][0xbd][0xef][0xbf][0xbd][\r][0xef][0xbf][0xbd][0xef][0xbf][0xbd]v[0xef][0xbf][0xbd][0xef][0xbf][0xbd][0xef][0xbf][0xbd][0xef][0xbf][0xbd]t[0xd9][0xa1][0xef][0xbf][0xbd][0xef][0xbf][0xbd][0x10][0x5]a[0xc5][0x9d][0xef][0xbf][0xbd][0x16]De'#$[0x9]F[0xef][0xbf][0xbd][0xef][0xbf][0xbd][0x4]Y3[0x1f][0x19]j[0xef][0xbf][0xbd][0x14][0xef][0xbf][0xbd]b[0xef][0xbf][0xbd]x[0xef][0xbf][0xbd][0xef][0xbf][0xbd]i[0xef][0xbf][0xbd][0xef][0xbf][0xbd][0xef][0xbf][0xbd][0xef][0xbf][0xbd]1Z[0xef][0xbf][0xbd][0xef][0xbf][0xbd]{S[0xef][0xbf][0xbd][0xe][0xef][0xbf][0xbd][0xef][0xbf][0xbd]8[0xef]"
07:56:28.596 [main] DEBUG org.apache.http.wire -  >> "[0xbf][0xbd][0x10][0xef][0xbf][0xbd]Ld![0xef][0xbf][0xbd][0xc2][0x9d][0xef][0xbf][0xbd]jL[0xef][0xbf][0xbd][0xef][0xbf][0xbd][0x0][0x8][0xef][0xbf][0xbd][0xef][0xbf][0xbd][0xef][0xbf][0xbd][0xef][0xbf][0xbd]qR[0x18][0xef][0xbf][0xbd][0x6][0x1a][0xd2][0xa5][0xef][0xbf][0xbd]g[0xef][0xbf][0xbd]3i[0xef][0xbf][0xbd][0xc7][0x98][0xef][0xbf][0xbd]J[0xef][0xbf][0xbd][0xef][0xbf][0xbd]i[0xef][0xbf][0xbd][0x15]g[0xef][0xbf][0xbd][0xb]F[0x7]q[0xef][0xbf][0xbd][0xef][0xbf][0xbd][0xef][0xbf][0xbd]#@![0x1][0xef][0xbf][0xbd][0xef][0xbf][0xbd][0x13][0xef][0xbf][0xbd][0xef][0xbf][0xbd]oT[0xef][0xbf][0xbd][0xef][0xbf][0xbd][0xef][0xbf][0xbd][0xef][0xbf][0xbd][0xef][0xbf][0xbd][0x12]9[0xef][0xbf][0xbd]9o[0xda][0x83]q[0xef][0xbf][0xbd]kz[0x1f]R/[0xef][0xbf][0xbd]_"[0xef][0xbf][0xbd][0x11]x+3[0xef][0xbf][0xbd]r[0x8]S[0x1][0xef][0xbf][0xbd][0xef][0xbf][0xbd][0xef][0xbf][0xbd][0xe9][0xbd][0x9b][0xef][0xbf][0xbd][0xcb][0xb1][0xef][0xbf][0xbd][0xef][0xbf][0xbd][0x12][0xef][0xbf][0xbd]=[0xef][0xbf][0xbd][0xef][0xbf][0xbd][0xef][0xbf][0xbd][0xef][0xbf][0xbd]B[0xef][0xbf][0xbd][0xef][0xbf][0xbd][0x0][0xef][0xbf][0xbd][0xef][0xbf][0xbd][0x18][0x12][0xef][0xbf][0xbd]C[0xef][0xbf][0xbd]Ac[0xef][0xbf][0xbd]Uv[0xef][0xbf][0xbd][0xf]m[0xef][0xbf][0xbd][0xef][0xbf][0xbd][0xdb][0xbe][0xef][0xbf][0xbd][0xef][0xbf][0xbd]_[0xef][0xbf][0xbd][0x1f][0xef][0xbf][0xbd][0x16][0xef][0xbf][0xbd]=[0xef][0xbf][0xbd]4[0xef][0xbf][0xbd]0[0xef][0xbf][0xbd][0xef][0xbf][0xbd][0xef][0xbf][0xbd]I[0xef][0xbf][0xbd]{[0xef][0xbf][0xbd][0xef][0xbf][0xbd]W[0xef][0xbf][0xbd]b[0xef][0xbf][0xbd][0x18][0xef][0xbf][0xbd][0xef][0xbf][0xbd][\n]"
07:56:28.597 [main] DEBUG org.apache.http.wire -  >> "[0xef][0xbf][0xbd][0xef][0xbf][0xbd][0xef][0xbf][0xbd][0xef][0xbf][0xbd]txH[0xef][0xbf][0xbd][0x13]yG[0xef][0xbf][0xbd][0xef][0xbf][0xbd][0x2][0x14][\n]"
07:56:28.597 [main] DEBUG org.apache.http.wire -  >> "[0xef][0xbf][0xbd][0xef][0xbf][0xbd]i[0xb]z[0xef][0xbf][0xbd][0x1b][0xca][0xa0][0xef][0xbf][0xbd][0xef][0xbf][0xbd][0x17][0xef][0xbf][0xbd]~[0xef][0xbf][0xbd]f[0xef][0xbf][0xbd][0x1c][0xef][0xbf][0xbd][0x1][0x5][0xef][0xbf][0xbd][0xef][0xbf][0xbd]p*[0xef][0xbf][0xbd][0xef][0xbf][0xbd]^[0x2][0x17][0xef][0xbf][0xbd]l[0xef][0x98][0xb8][0xef][0xbf][0xbd]J[0xef][0xbf][0xbd][0x10][0xef][0xbf][0xbd]C[0x10][0xef][0xbf][0xbd]3z[0xef][0xbf][0xbd][\n]"
07:56:28.597 [main] DEBUG org.apache.http.wire -  >> "f[0xef][0xbf][0xbd]Z<[0xef][0xbf][0xbd][0xef][0xbf][0xbd][0xef][0xbf][0xbd][0x6][0xeb][0xb4][0xb5][0xef][0xbf][0xbd][0x12][0xef][0xbf][0xbd]J[0xef][0xbf][0xbd][0xef][0xbf][0xbd]t[0x11]Z'[0x0]4X[\n]"
07:56:28.597 [main] DEBUG org.apache.http.wire -  >> "[0xef][0xbf][0xbd][0xef][0xbf][0xbd][0xef][0xbf][0xbd][0xef][0xbf][0xbd]Z[0xef][0xbf][0xbd]_Z-[0x4][0x9][0xef][0xbf][0xbd][0x17]6j[0xef][0xbf][0xbd][0xef][0xbf][0xbd]IW[0x1d][0xc3][0x85][0xef][0xbf][0xbd][0xef][0xbf][0xbd][0xef][0xbf][0xbd][0xef][0xbf][0xbd][0x9]*.[0xef][0xbf][0xbd][0xef][0xbf][0xbd]4(k[0xef][0xbf][0xbd]h[0xef][0xbf][0xbd][0x5][0x3][0x19]b[0xef][0xbf][0xbd][0x17][0xef][0xbf][0xbd]F[S[0x6][0xef][0xbf][0xbd][0xef][0xbf][0xbd][0xef][0xbf][0xbd]B[0xef][0xbf][0xbd][0xef][0xbf][0xbd][0xef][0xbf][0xbd][0xef][0xbf][0xbd]6[0xef][0xbf][0xbd][0x6]*66[0xef][0xbf][0xbd][0x1f]Q[0xef][0xbf][0xbd][0xef][0xbf][0xbd][0xd7][0xa9]D[0xef][0xbf][0xbd][0xef][0xbf][0xbd]'RE[0xef][0xbf][0xbd]au9\[0xc8][0x8e]v[0x7][0x11]{>^^[0xef][0xbf][0xbd][0xef][0xbf][0xbd]"[0xef][0xbf][0xbd]{~[0x7]hH[0xef][0xbf][0xbd][0xef][0xbf][0xbd]P[0x10][0x7][0xef][0xbf][0xbd][0xef][0xbf][0xbd]<:[0xef][0xbf][0xbd]S#[0xef][0xbf][0xbd][0xef][0xbf][0xbd]Un[0xef][0xbf][0xbd][0x3]'Gt[\n]"
07:56:28.597 [main] DEBUG org.apache.http.wire -  >> "~}[0x1f][\n]"
07:56:28.597 [main] DEBUG org.apache.http.wire -  >> "[0xef][0xbf][0xbd][0xd1][0xb8][0xef][0xbf][0xbd]p8f~)l5[0xc][0xef][0xbf][0xbd][0xef][0xbf][0xbd][0xd2][0x93]=[0xef][0xbf][0xbd][0x8][0xe][0x13][0xcd][0xa3][0xef][0xbf][0xbd]$U[0x16][0x1c]vn[0xef][0xbf][0xbd][0x1f][0xef][0xbf][0xbd][0xef][0xbf][0xbd][0xef][0xbf][0xbd]G[0xef][0xbf][0xbd],[0xef][0xbf][0xbd][0xef][0xbf][0xbd][0xef][0xbf][0xbd][0x1e]z[0xef][0xbf][0xbd][0xef][0xbf][0xbd]=[0x0]V[0xef][0xbf][0xbd]<[0xc]&[0xef][0xbf][0xbd]_j[\n]"
07:56:28.597 [main] DEBUG org.apache.http.wire -  >> "[0x5][0xef][0xbf][0xbd]U[0xde][0x95]~[0xef][0xbf][0xbd][0x7]9[0xef][0xbf][0xbd][0xef][0xbf][0xbd]L+[0xef][0xbf][0xbd][0xef][0xbf][0xbd])[0xef][0xbf][0xbd]/[0xef][0xbf][0xbd][0xef][0xbf][0xbd][0xef][0xbf][0xbd]_[0xef][0xbf][0xbd][0xef][0xbf][0xbd][0xef][0xbf][0xbd][0xef][0xbf][0xbd][0xef][0xbf][0xbd]P?F[0xef][0xbf][0xbd][0x9]H[0xef][0xbf][0xbd]~[0xef][0xbf][0xbd]h[\n]"
07:56:28.597 [main] DEBUG org.apache.http.wire -  >> "[0x1a]r[0xef][0xbf][0xbd][0x10][0xef][0xbf][0xbd][\n]"
07:56:28.598 [main] DEBUG org.apache.http.wire -  >> "[0xef][0xbf][0xbd]\[0xef][0xbf][0xbd][0xef][0xbf][0xbd][0xef][0xbf][0xbd][0xef][0xbf][0xbd][\r][0x13][0xef][0xbf][0xbd][0xef][0xbf][0xbd]q[0xef][0xbf][0xbd][0xef][0xbf][0xbd][0xef][0xbf][0xbd][0xef][0xbf][0xbd]gy[0xef][0xbf][0xbd][0x11][0xef][0xbf][0xbd] [0xef][0xbf][0xbd]j[0x9]@[0xef][0xbf][0xbd][0xef][0xbf][0xbd][0xef][0xbf][0xbd]P[0xc4][0x91][0xef][0xbf][0xbd][0x1a]FE[0x16][0xef][0xbf][0xbd]\B&D[0xef][0xbf][0xbd]uO[0xef][0xbf][0xbd][0xef][0xbf][0xbd]Aiu[0x7][\n]"
07:56:28.598 [main] DEBUG org.apache.http.wire -  >> "E[0xef][0xbf][0xbd][\n]"
07:56:28.598 [main] DEBUG org.apache.http.wire -  >> "[0xef][0xbf][0xbd][0xef][0xbf][0xbd][0xd4][0xb0][X[0x19][0xef][0xbf][0xbd][0xdd][0x98][0xd6][0x82][0xef][0xbf][0xbd][0xef][0xbf][0xbd]u[0x2][0xef][0xbf][0xbd][0xef][0xbf][0xbd][\r][0x7][0x16][0xef][0xbf][0xbd]~{[0x3]z[0xef][0xbf][0xbd][0xef][0xbf][0xbd]lB[0xef][0xbf][0xbd][0xef][0xbf][0xbd]p[0x13]`V[0xef][0xbf][0xbd]k[0xef][0xbf][0xbd][0xef][0xbf][0xbd][0xef][0xbf][0xbd]E[0xb][0xef][0xbf][0xbd]P[0xef][0xbf][0xbd][0xef][0xbf][0xbd][0xcc][0xb5][0xef][0xbf][0xbd][0xef][0xbf][0xbd][0xe]7[0x0][0xb][0xef][0xbf][0xbd]G[0xc][0xef][0xbf][0xbd][0xe9][0x95][0xb8][0xd0][0xad][0x4][0xef][0xbf][0xbd]m(8[0xef][0xbf][0xbd][0xe][0x1e]@yW[0xef][0xbf][0xbd]d[0xef][0xbf][0xbd]o=kP+bJ{[0xef][0xbf][0xbd][0xef][0xbf][0xbd][0xef][0xbf][0xbd]qj[0xef][0xbf][0xbd][0xef][0xbf][0xbd]EEr[0xef][0xbf][0xbd][0xef][0xbf][0xbd]A+[0xef][0xbf][0xbd]96[0xef][0xbf][0xbd]I[0xef][0xbf][0xbd][0xef][0xbf][0xbd][0xc]`[0x6]J~[0xef][0xbf][0xbd][0xef][0xbf][0xbd][0xef][0xbf][0xbd][0xef][0xbf][0xbd]M[0xef][0xbf][0xbd];4)tZ_[0xef][0xbf][0xbd][0xef][0xbf][0xbd][0xef][0xbf][0xbd][0xef][0xbf][0xbd]6[0xef][0xbf][0xbd]1[0xef][0xbf][0xbd][0xd5][0xb7][0x1b]D[\n]"
07:56:28.598 [main] DEBUG org.apache.http.wire -  >> "v[0xef][0xbf][0xbd]xrC~[0xef][0xbf][0xbd][0xca][0xa5][0x15][0xef][0xbf][0xbd]X[0xef][0xbf][0xbd]-?[0xef][0xbf][0xbd][0xef][0xbf][0xbd][0xef][0xbf][0xbd]A.[0xef][0xbf][0xbd][0x2]Pk(2u[0xef][0xbf][0xbd][0xef][0xbf][0xbd]p9[0xef][0xbf][0xbd]S/[0xd8][0x90][0xef][0xbf][0xbd]g[0x1a][0xef][0xbf][0xbd][0x11]H9Z[0xef][0xbf][0xbd]2[0x0]>[0xef][0xbf][0xbd]2[0x14]1z[0xef][0xbf][0xbd]Q%[0xef][0xbf][0xbd][0xef][0xbf][0xbd]2_o[0x15][0xef][0xbf][0xbd]P[0xef][0xbf][0xbd]1fhC[0x10][0xef][0xbf][0xbd][0xef][0xbf][0xbd]w{[0xef][0xbf][0xbd][0xef][0xbf][0xbd][0xef][0xbf][0xbd][0xef][0xbf][0xbd][0xef][0xbf][0xbd][0xef][0xbf][0xbd][0x5]dO!}[0xef][0xbf][0xbd]/}[0xef][0xbf][0xbd][0xef][0xbf][0xbd][0xef][0xbf][0xbd][0xef][0xbf][0xbd]|[0xef][0xbf][0xbd]:[0xef][0xbf][0xbd]_[0xef][0xbf][0xbd]*[0xef][0xbf][0xbd][0xef][0xbf][0xbd][0xef][0xbf][0xbd][0xef][0xbf][0xbd][0xef][0xbf][0xbd][0xef][0xbf][0xbd][0xd4][0xad][0xef][0xbf][0xbd][0x1c][0x10]c[0xef][0xbf][0xbd][0xb][0xef][0xbf][0xbd][0xef][0xbf][0xbd][0xef][0xbf][0xbd]>f[0xef][0xbf][0xbd]+[0xef][0xbf][0xbd][0x0][0xef][0xbf][0xbd]E[0xef][0xbf][0xbd][0xef][0xbf][0xbd]m[0xef][0xbf][0xbd][0xef][0xbf][0xbd]r[0xef][0xbf][0xbd][0x6]S @p[0xef][0xbf][0xbd][0xef][0xbf][0xbd]K[0xef][0xbf][0xbd][0xef][0xbf][0xbd]R[0xef][0xbf][0xbd]0[0xef][0xbf][0xbd][\n]"
07:56:28.598 [main] DEBUG org.apache.http.wire -  >> "p[0xef][0xbf][0xbd][0x15]![0xef][0xbf][0xbd][0xef][0xbf][0xbd]F[0x19][0xef][0xbf][0xbd]e[0x0][0xef][0xbf][0xbd][0xef][0xbf][0xbd]~[0x8][0xef][0xbf][0xbd]h[0xef][0xbf][0xbd][0x10]26[0xef][0xbf][0xbd][0x1f][0xef][0xbf][0xbd][0xef][0xbf][0xbd]QX[0xef][0xbf][0xbd]U[0xef][0xbf][0xbd]p[0xef][0xbf][0xbd]cqS[0xef][0xbf][0xbd]T=[0xef][0xbf][0xbd]/[0xef][0xbf][0xbd][0x12]bj [0xef][0xbf][0xbd][0xef][0xbf][0xbd][0x0][0x0][0xef][0xbf][0xbd][0xc][0xef][0xbf][0xbd][0x12]%=+[0xef][0xbf][0xbd][0xef][0xbf][0xbd]U[0xef][0xbf][0xbd]*[0xef][0xbf][0xbd]G[0xef][0xbf][0xbd][0x14][0x13][0x0][0xef][0xbf][0xbd][0xef][0xbf][0xbd]C[0xef][0xbf][0xbd][0x6][0xef][0xbf][0xbd].[0x1][0xef][0xbf][0xbd]FJ[0xef][0xbf][0xbd][0xef][0xbf][0xbd][0xef][0xbf][0xbd][\r]w[0x1e][0xef][0xbf][0xbd]2[0xef][0xbf][0xbd][0x4]k[0xef][0xbf][0xbd][0x9]a[0xef][0xbf][0xbd][0xf]_[0xef][0xbf][0xbd][0x8]s[0xef][0xbf][0xbd][0xef][0xbf][0xbd][0xef][0xbf][0xbd]X+j[0xef][0xbf][0xbd][0xef][0xbf][0xbd][0xef][0xbf][0xbd][0xef][0xbf][0xbd]q[0xef][0xbf][0xbd]t[0x3]{[0xef][0xbf][0xbd]3[0xef][0xbf][0xbd][0x0])[0xf]3[0xc][0x2][0x19][0xef][0xbf][0xbd]:[0xef][0xbf][0xbd][0xb]`E[0xef][0xbf][0xbd]=b:[0xef][0xbf][0xbd]_[0xef][0xbf][0xbd]eT[0xc2][0xb4][0xef][0xbf][0xbd]a&[0xef][0xbf][0xbd][0xef][0xbf][0xbd][0xef][0xbf][0xbd][0xef][0xbf][0xbd]5[0xef][0xbf][0xbd]q[0xef][0xbf][0xbd][0xef][0xbf][0xbd]4F[0xef][0xbf][0xbd]x8[0xef][0xbf][0xbd][0xef][0xbf][0xbd][0xef][0xbf][0xbd][0xef][0xbf][0xbd][0xef][0xbf][0xbd][\r][0xef][0xbf][0xbd]7[0xef][0xbf][0xbd]0Q5n[0xb][0x15][0xef][0xbf][0xbd][0xef][0xbf][0xbd][0xef][0xbf][0xbd][0xef][0xbf][0xbd][0xef][0xbf][0xbd][0xef][0xbf][0xbd][0xef][0xbf][0xbd][0xc3][0x9e][0xef][0xbf][0xbd]d[0xef][0xbf][0xbd][0xef][0xbf][0xbd][0xdd][0x98][0xe6][0xbd][0x90]]yPe[0xe][0xef][0xbf][0xbd][0x10][0xef][0xbf][0xbd]d[0x1c]d[0xef][0xbf][0xbd]Qy([0xef][0xbf][0xbd][0xef][0xbf][0xbd][0x1a][0xef][0xbf][0xbd]@S[0xef][0xbf][0xbd][0x8][0xef][0xbf][0xbd][0xdd][0xae][0xef][0xbf][0xbd]c[0xef][0xbf][0xbd][0x1d]1N[0xef][0xbf][0xbd]i[0xef][0xbf][0xbd]vq[0xf][0xef][0xbf][0xbd]\*k[0xef][0xbf][0xbd]k[0x1e][0xef][0xbf][0xbd][0xef][0xbf][0xbd][0xef][0xbf][0xbd][0xef][0xbf][0xbd][0xef][0xbf][0xbd][0xef][0xbf][0xbd]X,[0xef][0xbf][0xbd][0xef][0xbf][0xbd][0xef][0xbf][0xbd][0xef][0xbf][0xbd]o[0xef][0xbf][0xbd][0xda][0xbf][0xef][0xbf][0xbd][0xef][0xbf][0xbd]#[0xef][0xbf][0xbd]r->E[0xef][0xbf][0xbd][0xef][0xbf][0xbd][0xef][0xbf][0xbd][0xef][0xbf][0xbd]?[0xef][0xbf][0xbd][0xef][0xbf][0xbd][0xef][0xbf][0xbd][0x1b][0xef][0xbf][0xbd]q~[0x4][0xef][0xbf][0xbd][0xef][0xbf][0xbd][0xd2][0xa5]g[0xc7][0xb7][0x14][0xef][0xbf][0xbd]%[0x1c]{M[0xef][0xbf][0xbd][0x3][0xef][0xbf][0xbd][0xef][0xbf][0xbd]&\F[0xef][0xbf][0xbd]cr[0xef][0xbf][0xbd]IU[0xef][0xbf][0xbd][0xdf][0xb5]v[0xef][0xbf][0xbd][0xef][0xbf][0xbd][\n]"
07:56:28.599 [main] DEBUG org.apache.http.wire -  >> "[0xef][0xbf][0xbd][0xef][0xbf][0xbd][0xc2][0x9a][0xef][0xbf][0xbd]Y[0xef][0xbf][0xbd][0xef][0xbf][0xbd][0xef][0xbf][0xbd]E[0xef][0xbf][0xbd]t)'[0xef][0xbf][0xbd][0xef][0xbf][0xbd][0xef][0xbf][0xbd][0xef][0xbf][0xbd][0xef][0xbf][0xbd]X[0xef][0xbf][0xbd]C[0xef][0xbf][0xbd]+[0xef][0xbf][0xbd]954[0xef][0xbf][0xbd][0xef][0xbf][0xbd][0xcd][0x86]6`[0xef][0xbf][0xbd][0xef][0xbf][0xbd][0xef][0xbf][0xbd]:k[0xce][0xbd][0xef][0xbf][0xbd]j[0xef][0xbf][0xbd][0xef][0xbf][0xbd]!I[0xef][0xbf][0xbd]Tk[0xef][0xbf][0xbd][0xef][0xbf][0xbd][0x8]F[0xef][0xbf][0xbd][0x2]3j[0xef][0xbf][0xbd]>W=[0x2]<[0xef][0xbf][0xbd][0xef][0xbf][0xbd][0xc8][0x82][0xef][0xbf][0xbd]8[0xef][0xbf][0xbd][0xef][0xbf][0xbd][0x11][0xef][0xbf][0xbd]#[0xef][0xbf][0xbd]g[0x1]WP[0xef][0xbf][0xbd][0x12][0xef][0xbf][0xbd][0xd2][0xa3][0x1]<[0xc4][0xa0][0xef][0xbf][0xbd][0xef][0xbf][0xbd][0xef][0xbf][0xbd]B[\r][0x1][0xef][0xbf][0xbd][0xef][0xbf][0xbd]&[0x10][0x19]0[0xef][0xbf][0xbd]3[0xb][0xef][0xbf][0xbd][0xef][0xbf][0xbd]6u[0xef][0xbf][0xbd]:[0xef][0xbf][0xbd][0xef][0xbf][0xbd]9\[0xef][0xbf][0xbd]wd(&[0xef][0xbf][0xbd][0xef][0xbf][0xbd][0xef][0xbf][0xbd][0x19][0xef][0xbf][0xbd][0x19][0xef][0xbf][0xbd][0xef][0xbf][0xbd][0xef][0xbf][0xbd]J[0x18]2[0xef][0xbf][0xbd][0xef][0xbf][0xbd][0xef][0xbf][0xbd]s[0xef][0xbf][0xbd][0xd8][0x8c][0xef][0xbf][0xbd][0xef][0xbf][0xbd][0xe6][0x8e][0x99](_[0xef][0xbf][0xbd][0xef][0xbf][0xbd]3[0xef][0xbf][0xbd][0xef][0xbf][0xbd]F[0xef][0xbf][0xbd][0xef][0xbf][0xbd][0xef][0xbf][0xbd]ai[0xef][0xbf][0xbd]k[0xef][0xbf][0xbd]1[0xef][0xbf][0xbd][0xef][0xbf][0xbd]\[0xef][0xbf][0xbd]sUF;&'[0xef][0xbf][0xbd][0xef][0xbf][0xbd][0x3]A[0xef][0xbf][0xbd][0xef][0xbf][0xbd][0xef][0xbf][0xbd]sVB[0xef][0xbf][0xbd]N1[0xef][0xbf][0xbd][0xef][0xbf][0xbd][0xd2][0x91][0xef][0xbf][0xbd]([0xef][0xbf][0xbd][0xef][0xbf][0xbd][0xef][0xbf][0xbd]J[0xef][0xbf][0xbd][0xeb][0x8f][0xa1]S4[0x12][\n]"
07:56:28.599 [main] DEBUG org.apache.http.wire -  >> "[0xef][0xbf][0xbd]w[0xef][0xbf][0xbd][0x10][0xef][0xbf][0xbd][0xef][0xbf][0xbd][0xef][0xbf][0xbd][0xef][0xbf][0xbd][0xef][0xbf][0xbd]Z[0xef][0xbf][0xbd]([0xef][0xbf][0xbd][0xef][0xbf][0xbd][0xef][0xbf][0xbd]w[0xef][0xbf][0xbd][0xef][0xbf][0xbd][0xef][0xbf][0xbd][\n]"
07:56:28.599 [main] DEBUG org.apache.http.wire -  >> "[0xef][0xbf][0xbd][0x7][0xef][0xbf][0xbd][0xd6][0x8f][0x1b][0xef][0xbf][0xbd].[0xef][0xbf][0xbd][0xef][0xbf][0xbd]w5H/[0x3][0x9][0x1b][0x10];[0xef][0xbf][0xbd][0xef][0xbf][0xbd][0xef][0xbf][0xbd]pY[0xef][0xbf][0xbd]5[0xef][0xbf][0xbd][0xef][0xbf][0xbd][0xef][0xbf][0xbd][0xef][0xbf][0xbd]&[0xef][0xbf][0xbd])[0xef][0xbf][0xbd][0x15][0xef][0xbf][0xbd][0x1]o[0xef][0xbf][0xbd]+[0x3][0xef][0xbf][0xbd],[0xef][0xbf][0xbd]m[0xd9][0x9a][0xef][0xbf][0xbd][0xef][0xbf][0xbd][0xef][0xbf][0xbd][0xef][0xbf][0xbd]K[0xef][0xbf][0xbd]#[0xd2][0xb2][0xc8][0x9e][0x12][0xef][0xbf][0xbd][0xef][0xbf][0xbd][0xef][0xbf][0xbd][0xef][0xbf][0xbd]_[0xef][0xbf][0xbd].[0xcc][0xaf]_[0xef][0xbf][0xbd][0xef][0xbf][0xbd]G[0xef][0xbf][0xbd][0xef][0xbf][0xbd][0xef][0xbf][0xbd][0xef][0xbf][0xbd]4gA[0xef][0xbf][0xbd][0xef][0xbf][0xbd]\Z][0xef][0xbf][0xbd]d[0xef][0xbf][0xbd][0xef][0xbf][0xbd][0x6][0xef][0xbf][0xbd][0xef][0xbf][0xbd]v[0xef][0xbf][0xbd]Y[0xef][0xbf][0xbd][0xef][0xbf][0xbd][0xef][0xbf][0xbd]e[0xef][0xbf][0xbd][0xef][0xbf][0xbd]&:[0x15][0xda][0xa6][0xef][0xbf][0xbd][0xf][0xef][0xbf][0xbd][0xef][0xbf][0xbd][0xef][0xbf][0xbd][0x5]n[0xc]J[0xef][0xbf][0xbd][0xef][0xbf][0xbd]>[0xef][0xbf][0xbd][0xef][0xbf][0xbd]w[0x2]NU[0xef][0xbf][0xbd]B[0xef][0xbf][0xbd]D'[0xef][0xbf][0xbd]Z[0x9];+&p)[0xef][0xbf][0xbd][0x2][0x1d]t[0xef][0xbf][0xbd]X[0xb][0xef][0xbf][0xbd][0xef][0xbf][0xbd][0xef][0xbf][0xbd][0xef][0xbf][0xbd][0xef][0xbf][0xbd][0xc2][0xbb]a[0x2][0x1][0xef][0xbf][0xbd][0xef][0xbf][0xbd][0xcd][0xb1][0xef][0xbf][0xbd]wV-P[0xef][0xbf][0xbd][0x18]~Liv[0xef][0xbf][0xbd]S[\n]"
07:56:28.599 [main] DEBUG org.apache.http.wire -  >> "[0xef][0xbf][0xbd][0xef][0xbf][0xbd][0xef][0xbf][0xbd][0xef][0xbf][0xbd][0xef][0xbf][0xbd]?[\n]"
07:56:28.600 [main] DEBUG org.apache.http.wire -  >> "[0xef][0xbf][0xbd]h[0xef][0xbf][0xbd][0xef][0xbf][0xbd]5<[0xef][0xbf][0xbd]H?[0xef][0xbf][0xbd]#[0xef][0xbf][0xbd][0xef][0xbf][0xbd]E[0x4]P[0x1][0xef][0xbf][0xbd][0xef][0xbf][0xbd][0xef][0xbf][0xbd][0xef][0xbf][0xbd]^RO[0xef][0xbf][0xbd]i[0xef][0xbf][0xbd][0xef][0xbf][0xbd][0xef][0xbf][0xbd]jS`[0xef][0xbf][0xbd][0xef][0xbf][0xbd]]Bw[0x15][0xef][0xbf][0xbd][0xef][0xbf][0xbd][0xef][0xbf][0xbd]M[0xef][0xbf][0xbd]@)[0xef][0xbf][0xbd][0xef][0xbf][0xbd](`[0xef][0xbf][0xbd][0x13]V&[0xef][0xbf][0xbd]i[0x6]y[0xd0][0xbb]9[0xef][0xbf][0xbd][0xef][0xbf][0xbd]jg[0xef][0xbf][0xbd][0xef][0xbf][0xbd][0x6][0xf][0x5][0x1][0xef][0xbf][0xbd][0xef][0xbf][0xbd][0x6][0x1f]})[0xdd][0xa8][0xef][0xbf][0xbd]0[0xcb][0x94]J[0xb][0xef][0xbf][0xbd][0xef][0xbf][0xbd]3[0x1b][0x4]-[0xef][0xbf][0xbd][0xef][0xbf][0xbd][HW[0xef][0xbf][0xbd][0xef][0xbf][0xbd]'[0xef][0xbf][0xbd][0x13]ms[0x11]~[0xef][0xbf][0xbd]+-L[0xef][0xbf][0xbd][0xef][0xbf][0xbd][0x9][0xef][0xbf][0xbd][0x4][[0xef][0xbf][0xbd][0x1c][0xef][0xbf][0xbd][0x1f][0xef][0xbf][0xbd][0xef][0xbf][0xbd][0xef][0xbf][0xbd]E9"[0x4][0x6][0xef][0xbf][0xbd]1[0xef][0xbf][0xbd][\n]"
07:56:28.600 [main] DEBUG org.apache.http.wire -  >> "#[0xc][0x1a][0xef][0xbf][0xbd][0xef][0xbf][0xbd]u[0xef][0xbf][0xbd]%[0xef][0xbf][0xbd][0xef][0xbf][0xbd]?[0xef][0xbf][0xbd][\n]"
07:56:28.600 [main] DEBUG org.apache.http.wire -  >> "`[0x1f][0xdc][0xb7][0xef][0xbf][0xbd][0xef][0xbf][0xbd][0x19][0xef][0xbf][0xbd]ig[0x10][0xef][0xbf][0xbd]l[0xef][0xbf][0xbd]A[0xef][0xbf][0xbd][0x1][0xef][0xbf][0xbd][0xef][0xbf][0xbd][0xdd][0xae]g[0xef][0xbf][0xbd]s[0xce][0xb1],-[0xef][0xbf][0xbd][0x1b][0xef][0xbf][0xbd][0xef][0xbf][0xbd]?[0xef][0xbf][0xbd][0x7][0xef][0xbf][0xbd]m[0xef][0xbf][0xbd][0x11]iYd[0x1f]2=x[0xef][0xbf][0xbd][0xef][0xbf][0xbd][0xef][0xbf][0xbd]?soO[0xef][0xbf][0xbd]W8[0xe5][0xa0][0x93][0xef][0xbf][0xbd]Q[0xcb][0x85][0xef][0xbf][0xbd][0xef][0xbf][0xbd]@[0xef][0xbf][0xbd][0xef][0xbf][0xbd]7[0xef][0xbf][0xbd][0xef][0xbf][0xbd][0xef][0xbf][0xbd][0xd8][0xb1][0xef][0xbf][0xbd]6[0x1f][0x0][0xef][0xbf][0xbd],DsH[0xef][0xbf][0xbd][0xef][0xbf][0xbd]kF[0x18][0xef][0xbf][0xbd]J[0xef][0xbf][0xbd][0x14][0xef][0xbf][0xbd]}[0x5][0x9][0x18][0xef][0xbf][0xbd][0xef][0xbf][0xbd][0xc][0xef][0xbf][0xbd]D*[0xef][0xbf][0xbd][0xd9][0x94][0xef][0xbf][0xbd]p[0xef][0xbf][0xbd][0xef][0xbf][0xbd][\n]"
07:56:28.600 [main] DEBUG org.apache.http.wire -  >> "[0xef][0xbf][0xbd][0xe][0xef][0xbf][0xbd][0xef][0xbf][0xbd]u\[0xef][0xbf][0xbd][0x1d][0xef][0xbf][0xbd]6f[0xef][0xbf][0xbd][0x14][0xe]A[0xef][0xbf][0xbd]U[0xef][0xbf][0xbd][0xef][0xbf][0xbd][0xef][0xbf][0xbd]&[0x6]f[0xef][0xbf][0xbd][0xef][0xbf][0xbd][0x10][0x1d][0xef][0xbf][0xbd][0xef][0xbf][0xbd][0xef][0xbf][0xbd][0xef][0xbf][0xbd]X[0xef][0xbf][0xbd]^[0xef][0xbf][0xbd]T{[0xef][0xbf][0xbd][0xef][0xbf][0xbd]l[0xef][0xbf][0xbd][0xef][0xbf][0xbd][0xef][0xbf][0xbd]i[0xf][0xef][0xbf][0xbd][0xef][0xbf][0xbd][0xef][0xbf][0xbd]q[0xef][0xbf][0xbd]B[0xef][0xbf][0xbd][0xef][0xbf][0xbd][0xef][0xbf][0xbd]}-[0xef][0xbf][0xbd][0xcf][0x94]+[0xef][0xbf][0xbd] >[0x17]3[0xef][0xbf][0xbd]Vl/[0xef][0xbf][0xbd]J^Y[0xef][0xbf][0xbd];[0x4]W[0xe][0xef][0xbf][0xbd]5[0xef][0xbf][0xbd]t[0xef][0xbf][0xbd]x[0xe][0xc2][0x8b][0xef][0xbf][0xbd][0x3][\n]"
07:56:28.601 [main] DEBUG org.apache.http.wire -  >> "Z[0xef][0xbf][0xbd][0xd7][0xa4][0x2][0xef][0xbf][0xbd][0xef][0xbf][0xbd]y[0xef][0xbf][0xbd]L6m[0xef][0xbf][0xbd][0x12]v`[0xea][0x99][0xa7][0xef][0xbf][0xbd]\[0xef][0xbf][0xbd][0x16]c[0x1]L+[0xef][0xbf][0xbd]=[0xef][0xbf][0xbd][0xef][0xbf][0xbd][0xef][0xbf][0xbd][0xef][0xbf][0xbd][0xef][0xbf][0xbd][0xef][0xbf][0xbd][0x1a][0xef][0xbf][0xbd][0xc][0xef][0xbf][0xbd][0xef][0xbf][0xbd][0xef][0xbf][0xbd][0x1f],[0xef][0xbf][0xbd][0xef][0xbf][0xbd]B[0xef][0xbf][0xbd][0x7]u[0xef][0xbf][0xbd][0x10][0xef][0xbf][0xbd]_[[0xef][0xbf][0xbd][0xce][0xb6][0xef][0xbf][0xbd][0xef][0xbf][0xbd][0xef][0xbf][0xbd][0xef][0xbf][0xbd]'[0xef][0xbf][0xbd][0xef][0xbf][0xbd][0xef][0xbf][0xbd][0xef][0xbf][0xbd][0xef][0xbf][0xbd][0xef][0xbf][0xbd][0x8][0xef][0xbf][0xbd][0xef][0xbf][0xbd][0x1c]e[0xcc][0x9d][0xef][0xbf][0xbd][0x13][T[0xef][0xbf][0xbd][0xef][0xbf][0xbd]iGa[0xef][0xbf][0xbd][0xef][0xbf][0xbd] S[0x1b][0xef][0xbf][0xbd][0x0]jK[0xef][0xbf][0xbd][0xef][0xbf][0xbd][0xef][0xbf][0xbd]~[0xef][0xbf][0xbd]R[0xef][0xbf][0xbd]gj[0x10][0xef][0xbf][0xbd]q[0xef][0xbf][0xbd]X[0xef][0xbf][0xbd]J[0xef][0xbf][0xbd][0xef][0xbf][0xbd][0x1c][0xef][0xbf][0xbd][0xc3][0x87]tS4[0xef][0xbf][0xbd]OT]U.[0xef][0xbf][0xbd][0xca][0x82][0xef][0xbf][0xbd][0xef][0xbf][0xbd][0x1b]2[0xef][0xbf][0xbd][0xef][0xbf][0xbd]3Fx\[0xef][0xbf][0xbd][0xef][0xbf][0xbd]J[0xef][0xbf][0xbd][0xef][0xbf][0xbd][0xef][0xbf][0xbd][0xef][0xbf][0xbd][0xef][0xbf][0xbd][0x7][0xef][0xbf][0xbd],[0xef][0xbf][0xbd][0xf][0xef][0xbf][0xbd]vW[0xef][0xbf][0xbd]/[0xef][0xbf][0xbd][0xef][0xbf][0xbd][0x1d][0xc4][0xa6][0xef][0xbf][0xbd]0[0x17][0xef][0xbf][0xbd][0xef][0xbf][0xbd]a[0xef][0xbf][0xbd][0xef][0xbf][0xbd]h[0xb]][0xef][0xbf][0xbd]y[0x3]5[0xef][0xbf][0xbd]8[0xef][0xbf][0xbd]bS[0xc]D-[0xef][0xbf][0xbd].[0xef][0xbf][0xbd][0x16]X[0xef][0xbf][0xbd]o[0xef][0xbf][0xbd][0x9][0x1a][0xef][0xbf][0xbd][0xef][0xbf][0xbd][0xef][0xbf][0xbd][0xef][0xbf][0xbd][0x1d]jXOb[0xef][0xbf][0xbd][0xef][0xbf][0xbd]lEp[0xef][0xbf][0xbd][0xef][0xbf][0xbd]PQX6[0xef][0xbf][0xbd]sz[0xef][0xbf][0xbd]$[0xef][0xbf][0xbd]P[0xef][0xbf][0xbd]>[0xef][0xbf][0xbd]sX[0x3][0xef][0xbf][0xbd][0xc4][0x8c][0xef][0xbf][0xbd][0x15]~[0xef][0xbf][0xbd],E[0xef][0xbf][0xbd][0x16][0xef][0xbf][0xbd]Q[0xef][0xbf][0xbd][0x13]>[0xef][0xbf][0xbd][0xc5][0xa8]&[0xef][0xbf][0xbd][0xef][0xbf][0xbd]a[0xef][0xbf][0xbd])[0xef][0xbf][0xbd]k[0xd9][0x89][0xef][0xbf][0xbd][0xef][0xbf][0xbd][0xef][0xbf][0xbd][0xcb][0xbe][0x17][0x0][0xef][0xbf][0xbd][0xef][0xbf][0xbd]SAV[0xef][0xbf][0xbd][0xef][0xbf][0xbd]r)[0xef][0xbf][0xbd][0xe][0x11]P[0xef][0xbf][0xbd]&[0xef][0xbf][0xbd][0xef][0xbf][0xbd][0xef][0xbf][0xbd][0x8][0xef][0xbf][0xbd]#C[0xb][0xef][0xbf][0xbd]W&1[0xef][0xbf][0xbd][0xe][0xef][0xbf][0xbd]+km[0x16]>bM[0x1d][0xef][0xbf][0xbd]I[0xef][0xbf][0xbd][0xef][0xbf][0xbd]?_[0x0][0x10][0xef][0xbf][0xbd][0xef][0xbf][0xbd]|[0xef][0xbf][0xbd]j[0xe][0xef][0xbf][0xbd][0xf][0xef][0xbf][0xbd]O[0x3]IV[0xef][0xbf][0xbd][0xef][0xbf][0xbd]#5[0xef][0xbf][0xbd]:[0xef][0xbf][0xbd]6[0xef][0xbf][0xbd]c[0xef][0xbf][0xbd][0xef][0xbf][0xbd][0xef][0xbf][0xbd]/|[0xef][0xbf][0xbd][0xef][0xbf][0xbd]V[0xef][0xbf][0xbd]M[0xef][0xbf][0xbd];[0xef][0xbf][0xbd]"[0xef][0xbf][0xbd]?[0xef][0xbf][0xbd]4[0x4]+[0xef][0xbf][0xbd]d[0xef][0xbf][0xbd][0xd9][0xb4][0xef][0xbf][0xbd]M[0xef][0xbf][0xbd][0xef][0xbf][0xbd][0xef][0xbf][0xbd][0xef][0xbf][0xbd][0x1d]gr[0xef][0xbf][0xbd][0x16][0xef][0xbf][0xbd][0xb][0xef][0xbf][0xbd][0x9]x[0xef][0xbf][0xbd]3[0xef][0xbf][0xbd][0xef][0xbf][0xbd][0x10][0xef][0xbf][0xbd]vj[0xef][0xbf]"
07:56:28.602 [main] DEBUG org.apache.http.wire -  >> "[0xbd],[0x3]kE[0xc]=~9{[0xef][0xbf][0xbd]'S[0xef][0xbf][0xbd][0x1d][0xef][0xbf][0xbd][0x1c];*[0xef][0xbf][0xbd]qc[0xef][0xbf][0xbd][0x9]W[[0xef][0xbf][0xbd]@[0xef][0xbf][0xbd]F{i[0x12][0xef][0xbf][0xbd][0xef][0xbf][0xbd][0xef][0xbf][0xbd]+5g[0xef][0xbf][0xbd][0x8][0xef][0xbf][0xbd][0xef][0xbf][0xbd]%[0x1b]p[0xef][0xbf][0xbd]J[0xef][0xbf][0xbd]c[0x15]}[0xef][0xbf][0xbd][0xef][0xbf][0xbd][0xef][0xbf][0xbd]{b[0xef][0xbf][0xbd][0xef][0xbf][0xbd][0xef][0xbf][0xbd]C[0xef][0xbf][0xbd]/[0xef][0xbf][0xbd][0xef][0xbf][0xbd][0xef][0xbf][0xbd]|[0xef][0xbf][0xbd][0xef][0xbf][0xbd][0xef][0xbf][0xbd][0x1f]]?>[0xef][0xbf][0xbd]+[0x14]r&[0xef][0xbf][0xbd]S[0xef][0xbf][0xbd][0xef][0xbf][0xbd]T9[0xef][0xbf][0xbd][0x14])[0x15][0xef][0xbf][0xbd]*%[0xef][0xbf][0xbd]8[0xef][0xbf][0xbd][0xef][0xbf][0xbd][0xef][0xbf][0xbd][0xef][0xbf][0xbd]whA-|&l@([0xef][0xbf][0xbd]V[0xef][0xbf][0xbd]A[0xef][0xbf][0xbd][0xef][0xbf][0xbd][0xef][0xbf][0xbd][\n]"
07:56:28.602 [main] DEBUG org.apache.http.wire -  >> "[0xef][0xbf][0xbd][0xef][0xbf][0xbd][0xef][0xbf][0xbd][0xef][0xbf][0xbd][0xef][0xbf][0xbd][0x8]W%,[0xef][0xbf][0xbd]0[0xef][0xbf][0xbd]K+h[0xef][0xbf][0xbd][0xef][0xbf][0xbd]?[0x16][0xef][0xbf][0xbd]h[0x17][0xef][0xbf][0xbd]pX[0xef][0xbf][0xbd]X[0xef][0xbf][0xbd][0x2][0x12]!M,[0xc][0xef][0xbf][0xbd]h[0xef][0xbf][0xbd]AV[0xef][0xbf][0xbd]H*[0xef][0xbf][0xbd]W[0xef][0xbf][0xbd]P[0xef][0xbf][0xbd][0x9][0xef][0xbf][0xbd]j[0xef][0xbf][0xbd][0xef][0xbf][0xbd]_[0xef][0xbf][0xbd][0xc]=rvXg[\r][0xdc][0xb2]s[0xef][0xbf][0xbd][0xef][0xbf][0xbd]j[0xef][0xbf][0xbd][0x19]L[0xef][0xbf][0xbd]KO[0xef][0xbf][0xbd][0xef][0xbf][0xbd][0xef][0xbf][0xbd](n@[0x1][0x18][0xb][0x13][0xef][0xbf][0xbd]^3[0xef][0xbf][0xbd]n[0x1e]UWg[0xef][0xbf][0xbd][0xc]>[0xef][0xbf][0xbd][0xef][0xbf][0xbd][0xef][0xbf][0xbd][0xef][0xbf][0xbd][0xef][0xbf][0xbd]~[0xef][0xbf][0xbd]x[0xef][0xbf][0xbd][0xef][0xbf][0xbd]e][0x1].%[0xef][0xbf][0xbd][0xef][0xbf][0xbd]K2[0xec][0x9d][0xa6]XH'[0xef][0xbf][0xbd]6;[0xef][0xbf][0xbd][0xef][0xbf][0xbd][0xef][0xbf][0xbd][0xe][0xef][0xbf][0xbd][0xef][0xbf][0xbd][0x1]C[0xef][0xbf][0xbd][0xef][0xbf][0xbd]m[0xef][0xbf][0xbd][0xef][0xbf][0xbd]1[0xef][0xbf][0xbd]a[0x6]P[0x1d][0xef][0xbf][0xbd][0xef][0xbf][0xbd]O[0xef][0xbf][0xbd][0x9][\n]"
07:56:28.603 [main] DEBUG org.apache.http.wire -  >> "[0xef][0xbf][0xbd]'9[0xef][0xbf][0xbd][0x1d]C:[0xef][0xbf][0xbd]~[0xef][0xbf][0xbd]6[0xef][0xbf][0xbd][0xef][0xbf][0xbd]H[0xef][0xbf][0xbd][0xef][0xbf][0xbd]T[0xef][0xbf][0xbd][0xef][0xbf][0xbd][0xef][0xbf][0xbd][0xef][0xbf][0xbd]-[0xef][0xbf][0xbd]E[0xef][0xbf][0xbd][0xef][0xbf][0xbd]CB[0xef][0xbf][0xbd]][0xef][0xbf][0xbd][0xef][0xbf][0xbd][0xef][0xbf][0xbd][0xef][0xbf][0xbd][0xef][0xbf][0xbd]=[0xef][0xbf][0xbd][0x15][0x1f][0xef][0xbf][0xbd][0x3][0xef][0xbf][0xbd]Z[0xef][0xbf][0xbd][0xef][0xbf][0xbd]v[0xef][0xbf][0xbd][0xef][0xbf][0xbd][0xef][0xbf][0xbd]z[0xef][0xbf][0xbd][0xef][0xbf][0xbd]?[0xef][0xbf][0xbd][0xf]&[0x1e][0xef][0xbf][0xbd]o[0xef][0xbf][0xbd][0xef][0xbf][0xbd]&[0xef][0xbf][0xbd]}[0xef][0xbf][0xbd][0xef][0xbf][0xbd][0xef][0xbf][0xbd]Z[0xef][0xbf][0xbd][0xef][0xbf][0xbd]^[0xef][0xbf][0xbd]7[0xef][0xbf][0xbd][0xef][0xbf][0xbd][0xef][0xbf][0xbd]R[0xef][0xbf][0xbd][0xef][0xbf][0xbd][0x0][0xef][0xbf][0xbd][0xef][0xbf][0xbd][0x5][0xef][0xbf][0xbd]u[0xef][0xbf][0xbd][0xef][0xbf][0xbd][0xef][0xbf][0xbd]$[0xef][0xbf][0xbd][0x1b]k[0xef][0xbf][0xbd]z[0xef][0xbf][0xbd][0xe8][0x83][0xa4][0xdd][0x95][0xef][0xbf][0xbd][0xef][0xbf][0xbd]{[0xef][0xbf][0xbd]W=O[0xef][0xbf][0xbd][0xef][0xbf][0xbd][0xc8][0xbb][0xef][0xbf][0xbd][0x1b])[0xef][0xbf][0xbd][0xef][0xbf][0xbd]d[0xef][0xbf][0xbd][0xef][0xbf][0xbd][0x1d]B[0xef][0xbf][0xbd][0xef][0xbf][0xbd]"4%[0xef][0xbf][0xbd]C[0xef][0xbf][0xbd]QQ![0xef][0xbf][0xbd]O[0xef][0xbf][0xbd][0xef][0xbf][0xbd]{;8[0xef][0xbf][0xbd]W[0xef][0xbf][0xbd]8[0xef][0xbf][0xbd]i5[0x11][0xef][0xbf][0xbd]d][0x2]{[0xef][0xbf][0xbd][0xef][0xbf][0xbd],m5[0xef][0xbf][0xbd]nPu?[0xb][0xef][0xbf][0xbd]f[0x14][0xef][0xbf][0xbd]C[0x18][0xef][0xbf][0xbd][0xef][0xbf][0xbd][0xef][0xbf][0xbd]r[0xef][0xbf][0xbd]P[0xef][0xbf][0xbd][0x13] z[0xef][0xbf][0xbd][[0xef][0xbf][0xbd][0xef][0xbf][0xbd]@[0xef][0xbf][0xbd]l[0xef][0xbf][0xbd]m[0xef][0xbf][0xbd][0x1]`h[0x1c][0xd3][0x85][0xde][0xae][0xef][0xbf][0xbd][0xef][0xbf][0xbd][0xe][0xef][0xbf][0xbd]ud[0xef][0xbf][0xbd][0xef][0xbf][0xbd][0xef][0xbf][0xbd] [0xef][0xbf][0xbd]0[0xcb][0xb2][0xef][0xbf][0xbd][0xef][0xbf][0xbd][0x6]~[0xef][0xbf][0xbd][0xef][0xbf][0xbd]^[0xef][0xbf][0xbd][0x1e]*+3[0xef][0xbf][0xbd][0x3][0xef][0xbf][0xbd][0xef][0xbf][0xbd]5[0xef][0xbf][0xbd].[0xef][0xbf][0xbd][0xef][0xbf][0xbd]A0w[0x1]F[0xd7][0x99][0xef][0xbf][0xbd]v[0xef][0xbf][0xbd][0x15][0xef][0xbf][0xbd]<[0xef][0xbf][0xbd][0xef][0xbf][0xbd]H[0xef][0xbf][0xbd][0xef][0xbf][0xbd][0xef][0xbf][0xbd][0xd3][0xa3]8[0xdc][0x9e][0xef][0xbf][0xbd][0xef][0xbf][0xbd]-[0xef][0xbf][0xbd]9[0xef][0xbf][0xbd][0xef][0xbf][0xbd]s[0xef][0xbf][0xbd][0xef][0xbf][0xbd])[0xef][0xbf][0xbd][0xef][0xbf][0xbd][0xef][0xbf][0xbd]{[0xef][0xbf][0xbd][0xef][0xbf][0xbd]P[0xef][0xbf][0xbd][0xef][0xbf][0xbd]&c[0xc][0x9][0xef][0xbf][0xbd][0x19][0xef][0xbf][0xbd][0xef][0xbf][0xbd][0xef][0xbf][0xbd][0x10]U[0xef][0xbf][0xbd]pYEM[0xef][0xbf][0xbd]#[0xef][0xbf][0xbd]%[0xef][0xbf][0xbd]5.[0xef][0xbf][0xbd][\r][0x18][0xef][0xbf][0xbd][0xef][0xbf][0xbd]R%[0xef][0xbf][0xbd]q=[0xef][0xbf][0xbd][0xef][0xbf][0xbd]z[0xef][0xbf][0xbd]L[0xef][0xbf][0xbd]*[0xef][0xbf][0xbd]\+U[0x8]U-[0xef][0xbf][0xbd][0x8][0xef][0xbf][0xbd][0xef][0xbf][0xbd]is[0xef][0xbf][0xbd]w[0xef][0xbf][0xbd][0xef][0xbf][0xbd]]kJ[0xef][0xbf][0xbd][0xef][0xbf][0xbd][0x7][0xef][0xbf][0xbd]LDk![0xef][0xbf][0xbd]kA[0xef][0xbf][0xbd][0xef][0xbf][0xbd]O[0xef][0xbf][0xbd][0xef][0xbf][0xbd]U[0xef][0xbf][0xbd][0xef][0xbf][0xbd][0xef][0xbf][0xbd],t=j[0xef][0xbf][0xbd]xMt[0xef][0xbf][0xbd][0x18].dh[0xef][0xbf][0xbd][0xef][0xbf][0xbd][0xef][0xbf][0xbd][0xef][0xbf][0xbd]`[0x2]X[0xef][0xbf][0xbd]2[0xef][0xbf][0xbd]jb[0xef][0xbf][0xbd][0xef][0xbf][0xbd][0xef][0xbf][0xbd]?oY[0xef][0xbf][0xbd]fo[0xef][0xbf][0xbd]W[0xef][0xbf][0xbd][0xef][0xbf][0xbd][0xef][0xbf][0xbd][0xef][0xbf][0xbd][0xef][0xbf][0xbd][0xef][0xbf][0xbd][0xef][0xbf][0xbd]E[0xef][0xbf][0xbd][0x1][0xef][0xbf][0xbd][0xef][0xbf][0xbd]J[0xef][0xbf][0xbd][0xef][0xbf][0xbd][0xd5][0x95]x[0x1d][0xef][0xbf][0xbd]W[0xef][0xbf][0xbd][0xef][0xbf][0xbd]+[\r][0xef][0xbf][0xbd]KO=[0xcf][0x88][0xef][0xbf][0xbd]#[0xef][0xbf][0xbd][0xef][0xbf][0xbd] f}WAr[0xef][0xbf][0xbd][0xef][0xbf][0xbd]`[0xef][0xbf][0xbd][0xef][0xbf][0xbd][T#[0xef][0xbf][0xbd][0xef][0xbf][0xbd]|[\n]"
07:56:28.604 [main] DEBUG org.apache.http.wire -  >> "*[0xef][0xbf][0xbd]\[0xef][0xbf][0xbd][0xef][0xbf][0xbd][0xef][0xbf][0xbd]A[0xef][0xbf][0xbd][0x10][0xef][0xbf][0xbd][0xef][0xbf][0xbd][0x1c][0xef][0xbf][0xbd][0x11][0xef][0xbf][0xbd][0xef][0xbf][0xbd]>\[0xef][0xbf][0xbd],[0xef][0xbf][0xbd]{[0xef][0xbf][0xbd][0xef][0xbf][0xbd]IF[0xef][0xbf][0xbd][0xef][0xbf][0xbd]0[0xef][0xbf][0xbd][0xf][0xef][0xbf][0xbd]V[0xcb][0xb2][0xef][0xbf][0xbd][0xef][0xbf][0xbd][0xef][0xbf][0xbd][0x1a][0xef][0xbf][0xbd][0xef][0xbf][0xbd]EM[0xef][0xbf][0xbd][0xef][0xbf][0xbd][\r]h[0xef][0xbf][0xbd][0xef][0xbf][0xbd][0xef][0xbf][0xbd]~R[0xef][0xbf][0xbd]![0xef][0xbf][0xbd][0xef][0xbf][0xbd][0xef][0xbf][0xbd][0xef][0xbf][0xbd]v[0xef][0xbf][0xbd]z[0xef][0xbf][0xbd][0x4]gf[0xef][0xbf][0xbd]S[0xef][0xbf][0xbd][0xef][0xbf][0xbd][0xef][0xbf][0xbd]V[0xef][0xbf][0xbd][0xef][0xbf][0xbd]Rw[0x12][0xcb][0x8d]y[\r][0x2][0xef][0xbf][0xbd][0xef][0xbf][0xbd][0xef][0xbf][0xbd][0xef][0xbf][0xbd]h[0xef][0xbf][0xbd][0xef][0xbf][0xbd]5[0xef][0xbf][0xbd][0xef][0xbf][0xbd]1[0xef][0xbf][0xbd]C[0xef][0xbf][0xbd][0x14][0xef][0xbf][0xbd][0xef][0xbf][0xbd]S*[0xef][0xbf][0xbd][0xef][0xbf][0xbd][0x0]kU#[0xef][0xbf][0xbd][0x16]ag[0xef][0xbf][0xbd][0xef][0xbf][0xbd]+[\n]"
07:56:28.606 [main] DEBUG org.apache.http.wire -  >> "[0xef][0xbf][0xbd][0x6]"[0x1f]2[0xef][0xbf][0xbd][0xef][0xbf][0xbd][0xc5][0xa9]I[0xef][0xbf][0xbd][0xef][0xbf][0xbd]a[0x11][0xef][0xbf][0xbd]1&[0xef][0xbf][0xbd],[0xef][0xbf][0xbd]_[0xef][0xbf][0xbd][0xf][0xde][0x9f];[0xef][0xbf][0xbd][0xef][0xbf][0xbd][0xef][0xbf][0xbd]O[0xef][0xbf][0xbd]:[0xef][0xbf][0xbd]Z[0xef][0xbf][0xbd]FL([0x14]S$[0xef][0xbf][0xbd]L?/#[0xef][0xbf][0xbd][0xef][0xbf][0xbd] c/[0xef][0xbf][0xbd]o4[0xef][0xbf][0xbd]q[0xef][0xbf][0xbd][0xef][0xbf][0xbd][0xef][0xbf][0xbd]c[0xef][0xbf][0xbd][0xef][0xbf][0xbd]ET[0xef][0xbf][0xbd][0xef][0xbf][0xbd]h[0xef][0xbf][0xbd][0xef][0xbf][0xbd][0x16][0xef][0xbf][0xbd][0xef][0xbf][0xbd][0xef][0xbf][0xbd][0xef][0xbf][0xbd][0xef][0xbf][0xbd][0xce][0x9e][0xf][0xef][0xbf][0xbd][0xef][0xbf][0xbd][0xef][0xbf][0xbd][0xef][0xbf][0xbd]MB[0xef][0xbf][0xbd][0xef][0xbf][0xbd]z[0xef][0xbf][0xbd]P[0xef][0xbf][0xbd][0x6][0x16]L[0xd0][0xb2][0xef][0xbf][0xbd][0x1c][0xef][0xbf][0xbd]'[0xef][0xbf][0xbd]m[0xef][0xbf][0xbd][0xef][0xbf][0xbd][0xef][0xbf][0xbd]|[0x1f]M[0xef][0xbf][0xbd]>[0xef][0xbf][0xbd][0xef][0xbf][0xbd]B[0xef][0xbf][0xbd][0x4][0xef][0xbf][0xbd][0x8][0xef][0xbf][0xbd]*[0xef][0xbf][0xbd]'[0xef][0xbf][0xbd][0x17](;T9[0xd5][0x89][0xef][0xbf][0xbd][0xef][0xbf][0xbd]N[0xef][0xbf][0xbd]%[0xef][0xbf][0xbd][0x1f][0xef][0xbf][0xbd]D[0xef][0xbf][0xbd][0xef][0xbf][0xbd][0xef][0xbf][0xbd][0xef][0xbf][0xbd][0xef][0xbf][0xbd][0xef][0xbf][0xbd][0xef][0xbf][0xbd][0x3][0xef][0xbf][0xbd][0xef][0xbf][0xbd][0xef][0xbf][0xbd]7_[0xef][0xbf][0xbd][0xef][0xbf][0xbd]+[0xef][0xbf][0xbd]:[0xef][0xbf][0xbd][0x1e][0xef][0xbf][0xbd]Y[0xef][0xbf][0xbd][0xdb][0x89][0xef][0xbf][0xbd][0xef][0xbf][0xbd][0xef][0xbf][0xbd][0x13]M'g[0xb][0xef][0xbf][0xbd][0xef][0xbf][0xbd][0x9][0xef][0xbf][0xbd]&[0xef][0xbf][0xbd][0xef][0xbf][0xbd]^[0xef][0xbf][0xbd][0xef][0xbf][0xbd][0xef][0xbf][0xbd][0xdb][0xb9][0xef][0xbf][0xbd]a[0x15]`[0xef][0xbf][0xbd][0x16]@[0xef][0xbf][0xbd][0xef][0xbf][0xbd]w[0xef][0xbf][0xbd][0xef][0xbf][0xbd][[0xef][0xbf][0xbd]j[0x3]\[0xef][0xbf][0xbd][0xef][0xbf][0xbd]%[0x12][0xef][0xbf][0xbd][0xd1][0xa9][0x16][0xef][0xbf][0xbd][0x3]\[0xef][0xbf][0xbd][0xef][0xbf][0xbd][0x13].[0xef][0xbf][0xbd][0x13]~[0xef][0xbf][0xbd];Sk[0x8][0xef][0xbf][0xbd][0xef][0xbf][0xbd][0xef][0xbf][0xbd][0x15][0xef][0xbf][0xbd][0x9][0x1a]VB[0xef][0xbf][0xbd][0x12][0xef][0xbf][0xbd][0xef][0xbf][0xbd][0xef][0xbf][0xbd]da[0xef][0xbf][0xbd][0xef][0xbf][0xbd][0xef][0xbf][0xbd][0x6]k[0xc]i}[0xef][0xbf][0xbd]u[0x5][0x1c][0xef][0xbf][0xbd]`[0x11]F[0xef][0xbf][0xbd][0x1c]gP@[0xef][0xbf][0xbd][0x16][0xef][0xbf][0xbd]b,[0xef][0xbf][0xbd][0xef][0xbf][0xbd]-P[0xe8][0xad][0x94][0x3]>D[0x1e][0xef][0xbf][0xbd][0xef][0xbf][0xbd]>Pq-[0xef][0xbf][0xbd][0xef][0xbf][0xbd]9[0xef][0xbf][0xbd]Y[0xe][0x3][0xef][0xbf][0xbd]=[0x14][0xef][0xbf][0xbd][0xef][0xbf][0xbd]o[0xef][0xbf][0xbd][0x2][0xd0][0xa2]>[0xcb][0xbc][0xef][0xbf][0xbd][0xef][0xbf][0xbd][0xef][0xbf][0xbd][0x9]t[0x1d][0x2][0x11]a<[0xef][0xbf][0xbd];[0xef][0xbf][0xbd][0x19]Y[0xef][0xbf][0xbd][0x0]>[0xef][0xbf][0xbd][0xef][0xbf][0xbd][0xef][0xbf][0xbd][0xef][0xbf][0xbd][0x14][0xef][0xbf][0xbd][0xef][0xbf][0xbd]#[0xef][0xbf][0xbd][0xef][0xbf][0xbd]i[0xef][0xbf][0xbd][0xc3][0x8a][0xef][0xbf][0xbd][0xef][0xbf][0xbd][0x1b]\[0xef][0xbf][0xbd]'[0xef][0xbf][0xbd][0xef][0xbf][0xbd][0x1b][0xef][0xbf][0xbd][0xef][0xbf][0xbd]y[\r][0xef][0xbf][0xbd][0x3][0xef][0xbf][0xbd][0xef][0xbf][0xbd][0x0]g[/[0xef][0xbf][0xbd]n[0xef][0xbf][0xbd]v%[0xef][0xbf][0xbd]N[0xef][0xbf][0xbd][0xef][0xbf][0xbd]{[0xef][0xbf][0xbd][0xef][0xbf][0xbd][0xef][0xbf][0xbd][0x4][0xef][0xbf][0xbd][0xef][0xbf][0xbd]rA)[0xef][0xbf][0xbd][0xef][0xbf][0xbd][0xef][0xbf][0xbd][0xef][0xbf][0xbd][0x16][0xef][0xbf][0xbd].D[0xef][0xbf][0xbd][0xef][0xbf][0xbd][0xef][0xbf][0xbd][0x8]*ES[0x15][0xef][0xbf][0xbd][0xef][0xbf][0xbd]'[0xef][0xbf][0xbd][0xef][0xbf][0xbd][0xef][0xbf][0xbd][0xef][0xbf][0xbd][0xef][0xbf][0xbd][0xef][0xbf][0xbd].[0xef][0xbf][0xbd][0xef][0xbf][0xbd];[0xef][0xbf][0xbd][\r][0xef][0xbf][0xbd]Pi[0xef][0xbf][0xbd]Q[0xef][0xbf][0xbd]R[0xef][0xbf][0xbd][0xef][0xbf][0xbd][0xef][0xbf][0xbd][0xef][0xbf][0xbd][0xef][0xbf][0xbd]?[0x4]L[0xef][0xbf][0xbd][0xef][0xbf][0xbd][0xef][0xbf][0xbd]^[0xef][0xbf][0xbd][0xef][0xbf][0xbd]Z[0xef][0xbf][0xbd][0x3][0xef][0xbf][0xbd][0xef][0xbf][0xbd][0xef][0xbf][0xbd][0xef][0xbf][0xbd]CP[0x19][0xef][0xbf][0xbd][0x1a][0xcb][0x9d][0xe][0xef][0xbf][0xbd][0xef][0xbf][0xbd][0xef][0xbf][0xbd][0x16][0xef][0xbf][0xbd][0xef][0xbf][0xbd][0xef][0xbf][0xbd][0xef][0xbf][0xbd][0xef][0xbf][0xbd]*6[0x6]Z@[0xef][0xbf][0xbd][0x1][0xd0][0x97][0xef][0xbf][0xbd][0xef][0xbf][0xbd]o[0xef][0xbf][0xbd]~[0x1d][0xef][0xbf][0xbd]7[0xef][0xbf][0xbd]Cz[0x1f][0xd7][0x90][0xef][0xbf][0xbd][0x13]\[0xdf][0x98]S*[0xef][0xbf][0xbd][0xef][0xbf][0xbd][0xef][0xbf][0xbd][0xef][0xbf][0xbd]3f.Z[[0xef][0xbf][0xbd][0xef][0xbf][0xbd]0[0xef][0xbf][0xbd][0xe][0xef][0xbf][0xbd]>[0xef][0xbf][0xbd]Y[0x10]H[0xde][0xb9]]-[0xce][0xa0][0xef][0xbf][0xbd]b![0xef][0xbf][0xbd][0xef][0xbf][0xbd][0xdc][0x88][0xef][0xbf][0xbd]][0xef][0xbf][0xbd][0xef][0xbf][0xbd]sq{C[0xef][0xbf][0xbd][0xef][0xbf][0xbd]L[0x12][0x1][0x2]f{[0xef][0xbf][0xbd][0xef][0xbf][0xbd][0xef][0xbf][0xbd][0xef][0xbf][0xbd]Hv[0xef][0xbf][0xbd]t-f[0xdd][0x91]Y[0x16][0xef][0xbf][0xbd][0xef][0xbf][0xbd]n[0xef][0xbf][0xbd][\r][0xef][0xbf][0xbd][2[0xef][0xbf][0xbd][0x7][0xef][0xbf][0xbd]m[0xef][0xbf][0xbd][0xef][0xbf][0xbd][0xef][0xbf][0xbd][0xd7][0x8c][0xb][0xef][0xbf][0xbd][0xef][0xbf][0xbd][0x12]q[0xef][0xbf][0xbd][0xef][0xbf][0xbd][\r][0xef][0xbf][0xbd][0xef][0xbf][0xbd][0xef][0xbf][0xbd][0xef][0xbf][0xbd][0xef][0xbf][0xbd]F=[0xef][0xbf][0xbd]q[0xef][0xbf][0xbd]1w[0xef][0xbf][0xbd][0xef][0xbf][0xbd][0x0]Z[0x10]"d`[0xef][0xbf][0xbd][0xdd][0x88][0xef][0xbf][0xbd][0x6][0xef][0xbf][0xbd][0x14]^T[\r][0xef][0xbf][0xbd]$[0xef][0xbf][0xbd]T3%L[0x4]i[0xef][0xbf][0xbd][0x15][0xef][0xbf][0xbd][0xef][0xbf][0xbd][0xef][0xbf][0xbd][0x19][0x4]o[&[0xef][0xbf][0xbd][0xef][0xbf][0xbd][0xef][0xbf][0xbd][0xef][0xbf][0xbd][0xef][0xbf][0xbd]9V.[0xef][0xbf][0xbd][0x1a][0x5][0x8][0xef][0xbf][0xbd]a9r@ ?}(^[0x15][0xe9][0xa7][0xb0]C[0xef][0xbf][0xbd][0xef][0xbf][0xbd]Y[0xef][0xbf][0xbd]@[0xef][0xbf][0xbd][0xc][0x14]P6[0xef][0xbf][0xbd][0xef][0xbf][0xbd]@;4[0xe][0xef][0xbf][0xbd][0xe6][0xbc][0xb9]6[0x14][0xef][0xbf][0xbd][0xef][0xbf][0xbd][0xef][0xbf][0xbd]4A[0xef][0xbf][0xbd][0xef][0xbf][0xbd][0xef][0xbf][0xbd][0xef][0xbf][0xbd][0xef][0xbf][0xbd]-[0x15][0xef][0xbf][0xbd][0xef][0xbf][0xbd][0x10]p[0xef][0xbf][0xbd][0xef][0xbf][0xbd]P[0xef][0xbf][0xbd]4i[0xef][0xbf][0xbd][0x0][0xef][0xbf][0xbd]b[0xef][0xbf][0xbd][0xef][0xbf][0xbd]k[0xef][0xbf][0xbd]N[0x18][0xef][0xbf][0xbd]F6[0xef][0xbf][0xbd][0xef][0xbf][0xbd][0xef][0xbf][0xbd]Ccf[0x1d]kF;[0xef][0xbf][0xbd]r[0xef][0xbf][0xbd][0xef][0xbf][0xbd]Yaf[0xef][0xbf][0xbd][0xef][0xbf][0xbd]o[0x10][0x12]UE[0xef][0xbf][0xbd]!O[0xef][0xbf][0xbd][0xef][0xbf][0xbd][0xef][0xbf][0xbd]o[0xef][0xbf][0xbd]([0xef][0xbf][0xbd]=[0xef][0xbf][0xbd][0xef][0xbf][0xbd]b[0xc][0xef][0xbf][0xbd][0x1][0xd2][0xa4]Y[0xef][0xbf][0xbd][0xef][0xbf][0xbd]Y[0xef][0xbf][0xbd][0xef][0xbf][0xbd][0xef][0xbf][0xbd]D[0xef][0xbf][0xbd][0xef][0xbf][0xbd][0x13][0xef][0xbf][0xbd]<[0xef][0xbf][0xbd][0xef][0xbf][0xbd]P&D[0x2]x/NbX[0xef][0xbf][0xbd][0xef][0xbf][0xbd][0xef][0xbf][0xbd]J[0xc4][0x93]?[0xef][0xbf][0xbd][0xef][0xbf][0xbd]/[0xef][0xbf][0xbd]{L+[0xef][0xbf][0xbd][0xef][0xbf][0xbd]}[0xef][0xbf][0xbd]=[0x1e][0xef][0xbf][0xbd][0xef][0xbf][0xbd]g[0xef][0xbf][0xbd][0xef][0xbf][0xbd][0xef][0xbf][0xbd][0x16][0xef][0xbf][0xbd]#[0xef][0xbf][0xbd][0x6][0xef][0xbf][0xbd][0xef][0xbf][0xbd]0[0xef][0xbf][0xbd][0xef][0xbf][0xbd]S[0xef][0xbf][0xbd]Z[0xef][0xbf][0xbd][0x1b]<[0x1f]1[0xef][0xbf][0xbd]=[0xef][0xbf][0xbd][0x19]bj[0x1d]L[0xef][0xbf][0xbd]$[0x1f]S[0x15]O[0xef][0xbf][0xbd]h[0xef][0xbf][0xbd][0xef][0xbf][0xbd][0xef][0xbf][0xbd][0x1b]P[0x8]":[0xef][0xbf][0xbd]iB[0x19][0xef][0xbf][0xbd][0x1]#[0xef][0xbf][0xbd][0xef][0xbf][0xbd]h[0xef][0xbf][0xbd].K[\r][0xef][0xbf][0xbd]E[0xef][0xbf][0xbd][0xef][0xbf][0xbd]A[0x17][0xef][0xbf][0xbd][0xef][0xbf][0xbd]~[0xef][0xbf][0xbd]?o/[0x4]r[0x13]!U[0x16]D[0xef][0xbf][0xbd]f[0x10]n#![0x2][0x1d][0xef][0xbf][0xbd][0xef][0xbf][0xbd]EC[0x12][0xef][0xbf][0xbd]T[0xcd][0x83][0x7][0xef][0xbf][0xbd][0xef][0xbf][0xbd];][0x1e][0x1d][0xef][0xbf][0xbd][0xef][0xbf][0xbd],i[0xef][0xbf][0xbd][0xef][0xbf][0xbd][0xdc][0x90][0xef][0xbf][0xbd][0xef][0xbf][0xbd]G[0xef][0xbf][0xbd][0xef][0xbf][0xbd][0xef][0xbf][0xbd]6[0x2]0[0x16][0xef][0xbf][0xbd][0x8])`F+ l[0xef][0xbf][0xbd]M[0xef][0xbf][0xbd]/d<[0xef][0xbf][0xbd]_C&[0xef][0xbf][0xbd]$1[0xef][0xbf][0xbd][0xef][0xbf][0xbd][0xef][0xbf][0xbd][0xdc][0x80][0xef][0xbf][0xbd]sqA[0xef][0xbf][0xbd][0xef][0xbf][0xbd]o[0x16]=[0xef][0xbf][0xbd][0xef][0xbf][0xbd][0x0].7[0xef][0xbf][0xbd][0xef][0xbf][0xbd][0xef][0xbf][0xbd][0xef][0xbf][0xbd]Z[0xef][0xbf][0xbd][0xef][0xbf][0xbd]3[[0xcf][0xab][0xef][0xbf][0xbd][0xd6][0x8c][0xef][0xbf][0xbd][0x16][0xef][0xbf][0xbd]L[0xef][0xbf][0xbd][0xef][0xbf][0xbd][0xef][0xbf][0xbd]f][0x7]|Rm[0xef][0xbf][0xbd][0xef][0xbf][0xbd]w1[0xef][0xbf][0xbd]T[0xd1][0x98][0xef][0xbf][0xbd]71[0xef][0xbf][0xbd][0x1e][0x7]au[0xc5][0x9a][0xef][0xbf][0xbd]}TZ[0xef][0xbf][0xbd][0xef][0xbf][0xbd][0x2]vjS/[0xef][0xbf][0xbd][0xef][0xbf][0xbd][0xef][0xbf][0xbd]A-[0xd1][0xa8][0x18]([0xef][0xbf][0xbd]U[0xef][0xbf][0xbd].j[0xef][0xbf][0xbd][0xcb][0xb2][0x1a][0x14][0xef][0xbf][0xbd][0xef][0xbf][0xbd]Rk[0x1][0xef][0xbf][0xbd][0xef][0xbf][0xbd][0xef][0xbf][0xbd][0xef][0xbf][0xbd][0xef][0xbf][0xbd][0xef][0xbf][0xbd][0xef][0xbf][0xbd][0xef][0xbf][0xbd]exIp[0xef][0xbf][0xbd][0xef][0xbf][0xbd][0xef][0xbf][0xbd]J[0xef][0xbf][0xbd][0x6][\n]"
07:56:28.607 [main] DEBUG org.apache.http.wire -  >> "[0xef][0xbf][0xbd][0xef][0xbf][0xbd][0xef][0xbf][0xbd][0xef][0xbf][0xbd][0x1f]q[0xef][0xbf][0xbd][0xef][0xbf][0xbd]8[0xef][0xbf][0xbd][0xef][0xbf][0xbd][0x1d][0xef][0xbf][0xbd][0xef][0xbf][0xbd]:[0xef][0xbf][0xbd]i[0x18][\r][0xef][0xbf][0xbd])e[0xd8][0x8e]Jz[0xef][0xbf][0xbd][0xe][0xef][0xbf][0xbd][l,3yr[0xef][0xbf][0xbd]H[0xef][0xbf][0xbd][0xef][0xbf][0xbd]B-[(*[0xd7][0xaf]o[0xef][0xbf][0xbd](g*[0xef][0xbf][0xbd][0x13]-[0xef][0xbf][0xbd][0xef][0xbf][0xbd]}[0xef][0xbf][0xbd][0xef][0xbf][0xbd][0xef][0xbf][0xbd][0xef][0xbf][0xbd][0xef][0xbf][0xbd][0xef][0xbf][0xbd][0xef][0xbf][0xbd]O?{[0xef][0xbf][0xbd][0xef][0xbf][0xbd][0xef][0xbf][0xbd]t8WP[0x9][0xef][0xbf][0xbd]0X0[0xef][0xbf][0xbd][0x1f][0x0]|[0x8][0x15][0xef][0xbf][0xbd][0xef][0xbf][0xbd]Yn[0xef][0xbf][0xbd][0xef][0xbf][0xbd];|-[0xef][0xbf][0xbd][0xef][0xbf][0xbd]Q[0xef][0xbf][0xbd]{[0xef][0xbf][0xbd]TI[0xef][0xbf][0xbd]h :[0xef][0xbf][0xbd][0x3][0xef][0xbf][0xbd][\n]"
07:56:28.607 [main] DEBUG org.apache.http.wire -  >> "c[0x12][0x10][0xef][0xbf][0xbd]"[0xef][0xbf][0xbd][0xef][0xbf][0xbd]b&[0xef][0xbf][0xbd][0x16][0xef][0xbf][0xbd]&[0xef][0xbf][0xbd]"[0xef][0xbf][0xbd][0xef][0xbf][0xbd][0xef][0xbf][0xbd][0xef][0xbf][0xbd]J[0xef][0xbf][0xbd]t[0xef][0xbf][0xbd][0xef][0xbf][0xbd][0x1c][0xef][0xbf][0xbd]a[0x8]-[0xef][0xbf][0xbd][0xef][0xbf][0xbd]<[0xef][0xbf][0xbd]YZ[0x10][0xef][0xbf][0xbd]ee[0xef][0xbf][0xbd][0xef][0xbf][0xbd][0xef][0xbf][0xbd][0x1]r[0xef][0xbf][0xbd][0xef][0xbf][0xbd][0xef][0xbf][0xbd]uv\[0x9]NS[0xef][0xbf][0xbd]=[0xef][0xbf][0xbd][0xef][0xbf][0xbd][0xef][0xbf][0xbd]R[0xef][0xbf][0xbd]~~[0xef][0xbf][0xbd][0xef][0xbf][0xbd]_(@[0xef][0xbf][0xbd][0xef][0xbf][0xbd]my[0xef][0xbf][0xbd][0xef][0xbf][0xbd]6|[0xef][0xbf][0xbd]n[0xb]-5N[0x1a][0xef][0xbf][0xbd]q[0xef][0xbf][0xbd]wS[0xef][0xbf][0xbd]T[0xef][0xbf][0xbd][\r]u[0xef][0xbf][0xbd][0xef][0xbf][0xbd][0xef][0xbf][0xbd][0xef][0xbf][0xbd][0xef][0xbf][0xbd]Fx[0xef][0xbf][0xbd][0xef][0xbf][0xbd][0x1a][0x15]E]&>[0xef][0xbf][0xbd] [0x1d][0xef][0xbf][0xbd]h[0xef][0xbf][0xbd][0xef][0xbf][0xbd][0xef][0xbf][0xbd]M[0xef][0xbf][0xbd]F[0xef][0xbf][0xbd][0xef][0xbf][0xbd].][0xef][0xbf][0xbd] 4[0xef][0xbf][0xbd][0x1a]`[0xef][0xbf][0xbd]i[0xef][0xbf][0xbd][0xef][0xbf][0xbd][[\n]"
07:56:28.607 [main] DEBUG org.apache.http.wire -  >> "[0xef][0xbf][0xbd][0xef][0xbf][0xbd][0xef][0xbf][0xbd]5[0xc7][0xb9][0xef][0xbf][0xbd]L2[0x19];}?[0xef][0xbf][0xbd]y[0xef][0xbf][0xbd]2[0xef][0xbf][0xbd][0x8]Fe:[0xef][0xbf][0xbd][\r]O[0xef][0xbf][0xbd]2[0xef][0xbf][0xbd][0xef][0xbf][0xbd]M[0xef][0xbf][0xbd][0xef][0xbf][0xbd][0xef][0xbf][0xbd]h^d|[0xef][0xbf][0xbd][0xef][0xbf][0xbd][0xef][0xbf][0xbd][0xef][0xbf][0xbd]-[0xef][0xbf][0xbd]Q[0xef][0xbf][0xbd]<~b^T[0xd1][0x98][0xef][0xbf][0xbd]n[0xef][0xbf][0xbd][0xef][0xbf][0xbd]X[0xef][0xbf][0xbd][0x3]T[0xef][0xbf][0xbd][0xef][0xbf][0xbd][0xef][0xbf][0xbd][0xef][0xbf][0xbd][0xc8][0xa3]s[0xef][0xbf][0xbd][0xef][0xbf][0xbd][0xef][0xbf][0xbd][0xef][0xbf][0xbd][0x7]K[0xef][0xbf][0xbd]?>[0xef][0xbf][0xbd][0xef][0xbf][0xbd]2,[0xef][0xbf][0xbd]Z[0xef][0xbf]"
07:56:28.608 [main] DEBUG org.apache.http.wire -  >> "[0xbd]C1[0xef][0xbf][0xbd][0x1b][0xef][0xbf][0xbd]'[0xef][0xbf][0xbd][0x1d][0xef][0xbf][0xbd][0xef][0xbf][0xbd][0x10]4)U[0xef][0xbf][0xbd][0x12][0xef][0xbf][0xbd][0x13][0xef][0xbf][0xbd][0xef][0xbf][0xbd][0xef][0xbf][0xbd]RG [0xef][0xbf][0xbd][0x16][0x1b][0xef][0xbf][0xbd][0xef][0xbf][0xbd]>[0x14][0xef][0xbf][0xbd][0xef][0xbf][0xbd][0xef][0xbf][0xbd][0xef][0xbf][0xbd][0x15][0xef][0xbf][0xbd]fWU[0x17][0xef][0xbf][0xbd]r[0xef][0xbf][0xbd]L[0xef][0xbf][0xbd],[0xef][0xbf][0xbd]G<S[0xef][0xbf][0xbd]h[0x1][0xef][0xbf][0xbd][0xef][0xbf][0xbd]@[0xf][0xef][0xbf][0xbd][0xef][0xbf][0xbd][0xef][0xbf][0xbd]|i[0xef][0xbf][0xbd]'o_'[0xc5][0x83][0x14][0xef][0xbf][0xbd]n:[0xef][0xbf][0xbd][0xd5][0x8f][0xef][0xbf][0xbd][0x10]?[0xef][0xbf][0xbd][0xef][0xbf][0xbd][0x14][0xef][0xbf][0xbd]^[0xef][0xbf][0xbd][0x7][0xef][0xbf][0xbd][0x9][0x12][0xef][0xbf][0xbd][0xef][0xbf][0xbd]t[0xef][0xbf][0xbd]iK[0xb]3h[0xef][0xbf][0xbd][0xef][0xbf][0xbd][0xef][0xbf][0xbd]z[0xef][0xbf][0xbd][0x14][0xef][0xbf][0xbd][0xef][0xbf][0xbd]Y[0xef][0xbf][0xbd][0xef][0xbf][0xbd]@2[0xdc][0x85][0xef][0xbf][0xbd][0xef][0xbf][0xbd][0xc][0xef][0xbf][0xbd][0xef][0xbf][0xbd][0x1b] [0xef][0xbf][0xbd][0x8][0xef][0xbf][0xbd][0xef][0xbf][0xbd][0xef][0xbf][0xbd]u[0x15][0x5][0xef][0xbf][0xbd][0x1b]L@r[0xef][0xbf][0xbd][p/vi|[0x1d]w[0xef][0xbf][0xbd]=%[0xef][0xbf][0xbd][0xef][0xbf][0xbd][0xef][0xbf][0xbd][0xef][0xbf][0xbd]:[0xef][0xbf][0xbd])P[0xef][0xbf][0xbd][0x1][0xef][0xbf][0xbd]PZ[0xef][0xbf][0xbd]2Y[0xef][0xbf][0xbd][0xef][0xbf][0xbd][0x6]n[0xef][0xbf][0xbd][0x10]K[0xef][0xbf][0xbd][0xf][0xef][0xbf][0xbd]*KA[0xef][0xbf][0xbd]g;i[0xef][0xbf][0xbd]*[0xef][0xbf][0xbd][0x14]O[0x9][0xef][0xbf][0xbd][0x18]#[0xef][0xbf][0xbd]X[0xef][0xbf][0xbd]#[0xef][0xbf][0xbd][0xef][0xbf][0xbd][0xef][0xbf][0xbd][0x4][0xef][0xbf][0xbd][\n]"
07:56:28.608 [main] DEBUG org.apache.http.wire -  >> "[0x1b][0xef][0xbf][0xbd][x[0x13]Hj[0xef][0xbf][0xbd]4[0xef][0xbf][0xbd][0x14]8[0xef][0xbf][0xbd]P[0xef][0xbf][0xbd][0xef][0xbf][0xbd][0xef][0xbf][0xbd][0x11][0x1c]Y[0xef][0xbf][0xbd][0xef][0xbf][0xbd][0xef][0xbf][0xbd]nW[0xef][0xbf][0xbd][0xef][0xbf][0xbd]-#[0xef][0xbf][0xbd]o[0x1b][0xef][0xbf][0xbd][0xef][0xbf][0xbd][0xef][0xbf][0xbd]\[0xef][0xbf][0xbd][0xef][0xbf][0xbd]I[0xef][0xbf][0xbd][0x1c][\r]D[0xef][0xbf][0xbd]}W[0xef][0xbf][0xbd][0xef][0xbf][0xbd][0xef][0xbf][0xbd]Z[0xef][0xbf][0xbd].\[0xef][0xbf][0xbd][0x1]l[0x4][0xef][0xbf][0xbd][0xef][0xbf][0xbd]y[0x18][0xef][0xbf][0xbd]][0x12]&6[0xef][0xbf][0xbd][0x17][0xef][0xbf][0xbd]3[0xef][0xbf][0xbd][0xef][0xbf][0xbd]nA[0xef][0xbf][0xbd]n8[0xef][0xbf][0xbd][0xef][0xbf][0xbd]4u[0xef][0xbf][0xbd][0xef][0xbf][0xbd][0xef][0xbf][0xbd]5[0xef][0xbf][0xbd][0xef][0xbf][0xbd]O[0xef][0xbf][0xbd][0xef][0xbf][0xbd][0xef][0xbf][0xbd]2[0x5][0xef][0xbf][0xbd][0xef][0xbf][0xbd][0xef][0xbf][0xbd][0xef][0xbf][0xbd]L[0xef][0xbf][0xbd][0xef][0xbf][0xbd]7[0xef][0xbf][0xbd][0xef][0xbf][0xbd][0xef][0xbf][0xbd]~[0xef][0xbf][0xbd].0[0x1f][0xef][0xbf][0xbd][0x15][0xef][0xbf][0xbd][0xef][0xbf][0xbd]x[0x15][0xef][0xbf][0xbd][0x18][0xef][0xbf][0xbd][0xef][0xbf][0xbd]fg[0xef][0xbf][0xbd]F[0xef][0xbf][0xbd]J[0x18]a[0xef][0xbf][0xbd].[0xef][0xbf][0xbd]<`[0xef][0xbf][0xbd]"[0xef][0xbf][0xbd][0x13][0x15][0xb][0xef][0xbf][0xbd]z[0xc][\r][0xef][0xbf][0xbd][0xef][0xbf][0xbd][0xef][0xbf][0xbd][0xe8][0x8b][0xae][0xef][0xbf][0xbd][0x1c][0xef][0xbf][0xbd][0xef][0xbf][0xbd][0xef][0xbf][0xbd][0x12][0x1d][0xc]C[0x1d][0xef][0xbf][0xbd][0xef][0xbf][0xbd]x[0xd9][0x88][0xef][0xbf][0xbd][0xef][0xbf][0xbd]#[0xef][0xbf][0xbd][0xf0][0xa3][0x9e][0xa9][0xef][0xbf][0xbd]N[0xef][0xbf][0xbd][0xef][0xbf][0xbd][0xef][0xbf][0xbd]=[0xef][0xbf][0xbd][0xef][0xbf][0xbd][0xef][0xbf][0xbd]7_[0xef][0xbf][0xbd][0xef][0xbf][0xbd]So"[0x1e][0xef][0xbf][0xbd]-[0xef][0xbf][0xbd][0x9]:[0xef][0xbf][0xbd][0xef][0xbf][0xbd]=9[0xef][0xbf][0xbd]_[0xb]h[0xef][0xbf][0xbd]M[0xef][0xbf][0xbd][0x10][0xef][0xbf][0xbd][0xef][0xbf][0xbd][0xef][0xbf][0xbd][0x17][0xef][0xbf][0xbd]?A[0x12][0xef][0xbf][0xbd][0xef][0xbf][0xbd][0xef][0xbf][0xbd][0xef][0xbf][0xbd]UG[0xef][0xbf][0xbd]eQ[0xef][0xbf][0xbd][0x18][0xef][0xbf][0xbd][0xe][0xc2][0xb0][0xef][0xbf][0xbd][0xef][0xbf][0xbd][0x8][0x12]\;![0xef][0xbf][0xbd][0xef][0xbf][0xbd][0xef][0xbf][0xbd]1H[0xef][0xbf][0xbd] x[0xef][0xbf][0xbd] [0xef][0xbf][0xbd][0xef][0xbf][0xbd][0xef][0xbf][0xbd][0x1d]@jT[0xef][0xbf][0xbd][0xef][0xbf][0xbd][0xef][0xbf][0xbd][0x4][0x0]j[0xef][0xbf][0xbd][0xef][0xbf][0xbd][0xef][0xbf][0xbd][0xef][0xbf][0xbd][0xef][0xbf][0xbd][0x1f][0x8][0x19][0xef][0xbf][0xbd][0xef][0xbf][0xbd][0xef][0xbf][0xbd][0xef][0xbf][0xbd][0xef][0xbf][0xbd]R[0xef][0xbf][0xbd][0xc7][0x98][0xb]%ui[0xef][0xbf][0xbd][0x5]R7Jk[0x4][0xef][0xbf][0xbd]bv[0xef][0xbf][0xbd]Z[0xef][0xbf][0xbd][0xef][0xbf][0xbd]E[0xef][0xbf][0xbd]B[0xef][0xbf][0xbd]Z{[0xef][0xbf][0xbd]y@[0xef][0xbf][0xbd]U([0x7]\[0xef][0xbf][0xbd]*[0xef][0xbf][0xbd]o[0xef][0xbf][0xbd][0x8]5(C[0xef][0xbf][0xbd]E[0xef][0xbf][0xbd][0x7]K[0xef][0xbf][0xbd]$[0xef][0xbf][0xbd]n[0x7][\n]"
07:56:28.608 [main] DEBUG org.apache.http.wire -  >> "[0xef][0xbf][0xbd][0xef][0xbf][0xbd][0x4]([0xef][0xbf][0xbd]$[0xef][0xbf][0xbd][0xef][0xbf][0xbd][0xef][0xbf][0xbd][0xef][0xbf][0xbd][0xef][0xbf][0xbd]$>[0xef][0xbf][0xbd]F[0xef][0xbf][0xbd][0xef][0xbf][0xbd]K[0xef][0xbf][0xbd][0x3]-[0xef][0xbf][0xbd]X[0x1a]~[0x1b][0xef][0xbf][0xbd][0xef][0xbf][0xbd][0x0][0xcd][0xae][0xef][0xbf][0xbd]Rv[0xef][0xbf][0xbd][0xef][0xbf][0xbd][0xef][0xbf][0xbd]h[0xef][0xbf][0xbd]T[0xef][0xbf][0xbd][0x2][0x5][0x18][0xef][0xbf][0xbd]*.[0xef][0xbf][0xbd][0xef][0xbf][0xbd]_[0xef][0xbf][0xbd][0xef][0xbf][0xbd][0xde][0xa3][0x8]Q:[0xef][0xbf][0xbd][\n]"
07:56:28.608 [main] DEBUG org.apache.http.wire -  >> "[0xef][0xbf][0xbd]z[0xe5][0xa0][0x9a][0xef][0xbf][0xbd]3[0xef][0xbf][0xbd][0xef][0xbf][0xbd].V1[\n]"
07:56:28.609 [main] DEBUG org.apache.http.wire -  >> "[0xef][0xbf][0xbd][0xef][0xbf][0xbd]8,Qw[0xef][0xbf][0xbd]H5kT[0xef][0xbf][0xbd][0x17][0xef][0xbf][0xbd][0xd4][0x9a][0xef][0xbf][0xbd][0x1c][0xc6][0xb2][0x14][0xef][0xbf][0xbd][0xef][0xbf][0xbd]xA[0xef][0xbf][0xbd]?[0xef][0xbf][0xbd]oyQ0C[0xef][0xbf][0xbd][0xef][0xbf][0xbd]0[0x3][0xd2][0x86][0xef][0xbf][0xbd]{[0xef][0xbf][0xbd][0xef][0xbf][0xbd][0xef][0xbf][0xbd][0xef][0xbf][0xbd][0xdd][0x96][0xef][0xbf][0xbd][0xef][0xbf][0xbd][0xef][0xbf][0xbd][0xef][0xbf][0xbd]/[0xef][0xbf][0xbd][0xef][0xbf][0xbd]O[0xef][0xbf][0xbd][0x14][0xef][0xbf][0xbd][0xef][0xbf][0xbd][0x3][0xef][0xbf][0xbd][0x10]{<[0xef][0xbf][0xbd][0xef][0xbf][0xbd]V[0xef][0xbf][0xbd][0x6][0xef][0xbf][0xbd]Sa[0xef][0xbf][0xbd]om[0xef][0xbf][0xbd]g[0xde][0xb4][0xef][0xbf][0xbd][0xef][0xbf][0xbd][0xef][0xbf][0xbd][0x16][0xef][0xbf][0xbd]'t[0xef][0xbf][0xbd][0xc3][0x9e]}[0xef][0xbf][0xbd][0xef][0xbf][0xbd]k([0xef][0xbf][0xbd]e[0xca][0xa0][0xef][0xbf][0xbd]hjE[0xef][0xbf][0xbd]<[0xef][0xbf][0xbd][0x1f]Zb[0xef][0xbf][0xbd][0x3]bL1n[0xef][0xbf][0xbd]k[0xef][0xbf][0xbd]W[0xef][0xbf][0xbd][0xf][0xef][0xbf][0xbd][0xef][0xbf][0xbd][0xef][0xbf][0xbd]][0xef][0xbf][0xbd][0xef][0xbf][0xbd]^[0x16]1dh"X[0xef][0xbf][0xbd][0xef][0xbf][0xbd][0xef][0xbf][0xbd]:[0xef][0xbf][0xbd][0x1f]U[0xef][0xbf][0xbd][0xef][0xbf][0xbd][0xef][0xbf][0xbd]^Yi[0xef][0xbf][0xbd][0xef][0xbf][0xbd]2[0xef][0xbf][0xbd][0xef][0xbf][0xbd][0xef][0xbf][0xbd][0x10][0xef][0xbf][0xbd][0xef][0xbf][0xbd][0xef][0xbf][0xbd]Ft[0xef][0xbf][0xbd][0x1f][0xef][0xbf][0xbd][0xef][0xbf][0xbd][0x1f]m[0x2](mb-[0xef][0xbf][0xbd][0xef][0xbf][0xbd][0xef][0xbf][0xbd]6[[0x1]X[0xef][0xbf][0xbd][0xef][0xbf][0xbd]1[0xef][0xbf][0xbd]uH[0xef][0xbf][0xbd][0xef][0xbf][0xbd][0xef][0xbf][0xbd][0x1f][0xef][0xbf][0xbd][0xdd][0x9b][0xef][0xbf][0xbd]Wb[0xef][0xbf][0xbd][[0xef][0xbf][0xbd]X[0xef][0xbf][0xbd]AV[0xef][0xbf][0xbd][0xef][0xbf][0xbd][0xef][0xbf][0xbd]J[0x12]P[0xef][0xbf][0xbd][0xef][0xbf][0xbd]Q[0xef][0xbf][0xbd][0xef][0xbf][0xbd][0x11][0x4][0xef][0xbf][0xbd][0xe][0xef][0xbf][0xbd][0xef][0xbf][0xbd][0xef][0xbf][0xbd][0xef][0xbf][0xbd][0xef][0xbf][0xbd][0xef][0xbf][0xbd][0xef][0xbf][0xbd][0xef][0xbf][0xbd][0xef][0xbf][0xbd][0xef][0xbf][0xbd][0xef][0xbf][0xbd]g[0x5]S[0xef][0xbf][0xbd][0xef][0xbf][0xbd][0xb][0xef][0xbf][0xbd]"[0xef][0xbf][0xbd][0x1a][0xef][0xbf][0xbd]n?[0xef][0xbf][0xbd][0xef][0xbf][0xbd]c\N[0xef][0xbf][0xbd]([0x1][0xef][0xbf][0xbd][0xef][0xbf][0xbd]<Ko[0xef][0xbf][0xbd][0xef][0xbf][0xbd][0xef][0xbf][0xbd]K[0xef][0xbf][0xbd][0xef][0xbf][0xbd]h[0xef][0xbf][0xbd]s[0x1a][0xef][0xbf][0xbd][0xef][0xbf][0xbd]=[0xef][0xbf][0xbd]]Cp[0xcc][0xa4][0xef][0xbf][0xbd][0xef][0xbf][0xbd]n[0xef][0xbf][0xbd]R[0xef][0xbf][0xbd][0xef][0xbf][0xbd][0xef][0xbf][0xbd][0xef][0xbf][0xbd][0x2]F[0x4][0xef][0xbf][0xbd][0xef][0xbf][0xbd][0x5][0xef][0xbf][0xbd][0x1b][0xef][0xbf][0xbd][0xef][0xbf][0xbd]"[0xef][0xbf][0xbd] 4[0xef][0xbf][0xbd][0xef][0xbf][0xbd]v[0xef][0xbf][0xbd][0xef][0xbf][0xbd][0x9]v[0x18]Z[0x0]i5[0x17][0x0]&[0xef][0xbf][0xbd]k[0x10][0xef][0xbf][0xbd]~[0xef][0xbf][0xbd]cP[0xef][0xbf][0xbd],s[0xc][0xef][0xbf][0xbd]t[0xef][0xbf][0xbd]o][0xef][0xbf][0xbd][0xef][0xbf][0xbd]6[0xef][0xbf][0xbd]%4[[0xef][0xbf][0xbd][0xef][0xbf][0xbd]Fp[0xef][0xbf][0xbd][0xef][0xbf][0xbd]X[0xef][0xbf][0xbd][0xef][0xbf][0xbd][0x8]2[0xef][0xbf][0xbd]{[0xef][0xbf][0xbd]T[0xef][0xbf][0xbd][0xef][0xbf][0xbd]+[0xef][0xbf][0xbd][0xef][0xbf][0xbd]q[0x1d]{![0xef][0xbf][0xbd][0xef][0xbf][0xbd][0xef][0xbf][0xbd]<[0xef][0xbf][0xbd][0xef][0xbf][0xbd]C[0xef][0xbf][0xbd][0xef][0xbf][0xbd]$DCp#[0xef][0xbf][0xbd][0xef][0xbf][0xbd]U[0xef][0xbf][0xbd][0xef][0xbf][0xbd]7[0xef][0xbf][0xbd][0xef][0xbf][0xbd][0xef][0xbf][0xbd][0xef][0xbf][0xbd]d[0xef][0xbf][0xbd][0x13]- {[0xf]h[0xef][0xbf][0xbd][0x1f][0xef][0xbf][0xbd]={[0xef][0xbf][0xbd][0xef][0xbf][0xbd]+3[0xef][0xbf][0xbd][0xef][0xbf][0xbd][0xc]E[0xef][0xbf][0xbd][0xed][0x9b][0xa4][0xef][0xbf][0xbd]\[0xef][0xbf][0xbd][0xd5][0x80]0[0xef][0xbf][0xbd][0xef][0xbf][0xbd]1U.X[0xef][0xbf][0xbd]s^[0xef][0xbf][0xbd][0xcb][0xb1]Q>[0x1e][0xef][0xbf][0xbd][0xe7][0x8d][0x97][0xef][0xbf][0xbd][0xef][0xbf][0xbd][0xef][0xbf][0xbd],[0x1c]U[0xef][0xbf][0xbd][0xef][0xbf][0xbd][0xef][0xbf][0xbd]}[0xef][0xbf][0xbd]\[0x1][0x19][0x17]IC[0x1b][~[0x6][0xef][0xbf][0xbd][0xd3][0x82]([0xef][0xbf][0xbd][0xef][0xbf][0xbd]{*vb![0xef][0xbf][0xbd][0xef][0xbf][0xbd][0x2][0xea][0xb5][0xa9]{[0x8][0xef][0xbf][0xbd][0xef][0xbf][0xbd][0xef][0xbf][0xbd]&[0xef][0xbf][0xbd][0x15][0xef][0xbf][0xbd]!#'[0xef][0xbf][0xbd][0xef][0xbf][0xbd]Y[0xef][0xbf][0xbd]E[0xef][0xbf][0xbd][0xef][0xbf][0xbd]b[0xef][0xbf][0xbd][0xef][0xbf][0xbd][0xef][0xbf][0xbd][0xef][0xbf][0xbd]zS3[0xd7][0xa2]&[0xef][0xbf][0xbd][0xef][0xbf][0xbd][0xef][0xbf][0xbd]g[0xef][0xbf][0xbd][0xef][0xbf][0xbd][0xef][0xbf][0xbd]![0xef][0xbf][0xbd][0xf][0xef][0xbf][0xbd]?[0xef][0xbf][0xbd]^S[0xef][0xbf][0xbd]ja[0xef][0xbf][0xbd][\r][0xef][0xbf][0xbd][0xef][0xbf][0xbd]Fi7[0x5][0xef][0xbf][0xbd]l[0xef][0xbf][0xbd]u[0xef][0xbf][0xbd]P[0xef][0xbf][0xbd][0xef][0xbf][0xbd][0xef][0xbf][0xbd][0x1b][0xca][0x8a][0xef][0xbf][0xbd][0xef][0xbf][0xbd]l[0x1][0xef][0xbf][0xbd][0xef][0xbf][0xbd][0xef][0xbf][0xbd][0xef][0xbf][0xbd]Y[0xef][0xbf][0xbd]z[0x1f][0xef][0xbf][0xbd]8[\n]"
07:56:28.610 [main] DEBUG org.apache.http.wire -  >> "[0x0][0xef][0xbf][0xbd]+[0xef][0xbf][0xbd][0xef][0xbf][0xbd][0xef][0xbf][0xbd]F[0xef][0xbf][0xbd][0xc9][0xbc][0x1b]7[0xef][0xbf][0xbd][0xef][0xbf][0xbd][0xcd][0xb8][0xb][0xef][0xbf][0xbd][0xef][0xbf][0xbd][0x8]7[0x11][0xef][0xbf][0xbd][0xef][0xbf][0xbd][0xef][0xbf][0xbd][0xef][0xbf][0xbd]6[0xef][0xbf][0xbd][0xc][0xef][0xbf][0xbd]6B[0x1]2[0xef][0xbf][0xbd]Y[0xef][0xbf][0xbd]c[0x1b][0xef][0xbf][0xbd]J[0x9][0xef][0xbf][0xbd][0xef][0xbf][0xbd]&[0xef][0xbf][0xbd];[0x10]}g[0xca][0xb6]u[0x1d][0xef][0xbf][0xbd]+[0xef][0xbf][0xbd]!<[0xef][0xbf][0xbd][0xcb][0x92][0xc3][0xb8]Y_[0xef][0xbf][0xbd][0xef][0xbf][0xbd][0xef][0xbf][0xbd][0xf]0;[0xc8][0xb7][0xef][0xbf][0xbd]ky[0xef][0xbf][0xbd]#[0xef][0xbf][0xbd][0xef][0xbf][0xbd]N[0xef][0xbf][0xbd][0x1e][0x13][0x19][0xef][0xbf][0xbd][0xef][0xbf][0xbd][0xc8][0x8d]P[0xef][0xbf][0xbd]`(J[0xef][0xbf][0xbd][0xb][0xef][0xbf][0xbd]][0xef][0xbf][0xbd]?[0xef][0xbf][0xbd]/[0xef][0xbf][0xbd][0x13][0xef][0xbf][0xbd][0xef][0xbf][0xbd][0xef][0xbf][0xbd][0xef][0xbf][0xbd]u[0x6][0xef][0xbf][0xbd][0xef][0xbf][0xbd]q[0xef][0xbf][0xbd]{[0xef][0xbf][0xbd][0xef][0xbf][0xbd][0xef][0xbf][0xbd][0xef][0xbf][0xbd][0xef][0xbf][0xbd]s_[0xef][0xbf][0xbd][0xef][0xbf][0xbd][0xef][0xbf][0xbd][0xef][0xbf][0xbd]k[0xef][0xbf][0xbd]G[0xef][0xbf][0xbd][0x1d][0xef][0xbf][0xbd][0xef][0xbf][0xbd]{o][0xef][0xbf][0xbd][0xef][0xbf][0xbd]?[0xef][0xbf][0xbd][0xef][0xbf][0xbd][0xef][0xbf][0xbd][0x14]v[0x6]q[0xef][0xbf][0xbd][0xef][0xbf][0xbd][0x1b][0x1b][0xef][0xbf][0xbd]s[0xef][0xbf][0xbd]r[0xef][0xbf][0xbd][0xef][0xbf][0xbd]R[0xef][0xbf][0xbd][0xef][0xbf][0xbd]#[0xef][0xbf][0xbd][0xef][0xbf][0xbd][0xef][0xbf][0xbd][0xef][0xbf][0xbd][0xef][0xbf][0xbd][0xef][0xbf][0xbd]\[0xef][0xbf][0xbd][0xef][0xbf][0xbd]Y[0xe][0xef][0xbf][0xbd],B[0xef][0xbf][0xbd]Y[0x9][0xef][0xbf][0xbd][0xef][0xbf][0xbd][0x0][0xef][0xbf][0xbd][0xef][0xbf][0xbd][0xef][0xbf][0xbd]2Q[0xef][0xbf][0xbd][0xef][0xbf][0xbd][0xef][0xbf][0xbd]>[0x1a][0xef][0xbf][0xbd])[0xef][0xbf][0xbd][0xef][0xbf][0xbd][0xef][0xbf][0xbd]85[0x7][0xef][0xbf][0xbd][0xef][0xbf][0xbd][0xef][0xbf][0xbd]8[0xef][0xbf][0xbd][0x19][0xef][0xbf][0xbd][0xef][0xbf][0xbd][0xef][0xbf][0xbd]@[0xef][0xbf][0xbd][0xef][0xbf][0xbd][0xef][0xbf][0xbd]E[0xef][0xbf][0xbd][0x9]`[0x1b]J[0xef][0xbf][0xbd][0xef][0xbf][0xbd][0xef][0xbf][0xbd][0xef][0xbf][0xbd]B[0xef][0xbf][0xbd]![0xef][0xbf][0xbd]d[0xef][0xbf][0xbd][0xef][0xbf][0xbd][0x1b][0xef][0xbf][0xbd][0xef][0xbf][0xbd][0xef][0xbf][0xbd]`[0xef][0xbf][0xbd][0xef][0xbf][0xbd][0xef][0xbf][0xbd]2?[0xef][0xbf][0xbd]M>[0x16][0xef][0xbf][0xbd]U.[0xef][0xbf][0xbd][0xef][0xbf][0xbd]5u'S[0xef][0xbf][0xbd][0xef][0xbf][0xbd][0xef][0xbf][0xbd]r[0xef][0xbf][0xbd][0x0]([0xef][0xbf][0xbd][0xef][0xbf][0xbd]i[0x17]h0[0xef][0xbf][0xbd][0x6]|;[0xef][0xbf][0xbd][\r]\e^[0xef][0xbf][0xbd][\r][0xef][0xbf][0xbd]^[0xca][0xab][0x12]^[0xef][0xbf][0xbd][0xef][0xbf][0xbd][0xef][0xbf][0xbd][0xef][0xbf][0xbd][0x4]17[0xef][0xbf][0xbd][0xef][0xbf][0xbd][0xc8][0x8b][0xef][0xbf][0xbd]T[0xef][0xbf][0xbd][0xef][0xbf][0xbd][0xef][0xbf][0xbd]$[0x2][0xef][0xbf][0xbd][0xef][0xbf][0xbd]([0x17][0x11][0xef][0xbf][0xbd][0x6][0xd6][0xb9][0xef][0xbf][0xbd][0xef][0xbf][0xbd][0xef][0xbf][0xbd]g8[0xef][0xbf][0xbd][0xb][0xef][0xbf][0xbd]I[0xef][0xbf][0xbd][0xef][0xbf][0xbd][0x14]KK[0xd8][0xa2][0xef][0xbf][0xbd][0xc9][0x92][0xef][0xbf][0xbd]jga[0xef][0xbf][0xbd][0xef][0xbf][0xbd][0xef][0xbf][0xbd][0xef][0xbf][0xbd][0x0][0xef][0xbf][0xbd][0xef][0xbf][0xbd][0xef][0xbf][0xbd][0xef][0xbf][0xbd]t[0xef][0xbf][0xbd]ZI[0xef][0xbf][0xbd][0x4][0xef][0xbf][0xbd][0x10]pA[0xef][0xbf][0xbd]~[0xef][0xbf][0xbd]>[0xef][0xbf][0xbd][0xef][0xbf][0xbd][0x18][0xef][0xbf][0xbd][\r][0xef][0xbf][0xbd][0x14][0xef][0xbf][0xbd][0xef][0xbf][0xbd]9[0xef][0xbf][0xbd]![0xef][0xbf][0xbd][0xef][0xbf][0xbd][0xef][0xbf][0xbd]#[0xef][0xbf][0xbd]v[0x1a][0xef][0xbf][0xbd][0x19][0xef][0xbf][0xbd]*#[0xef][0xbf][0xbd][0xef][0xbf][0xbd]![0xef][0xbf][0xbd][0xef][0xbf][0xbd][0xef][0xbf][0xbd][0xef][0xbf][0xbd][0xef][0xbf][0xbd][0xef][0xbf][0xbd]>[0xef][0xbf][0xbd][0x1c][0xef][0xbf][0xbd][0xef][0xbf][0xbd]N;[0xef][0xbf][0xbd]X[0xef][0xbf][0xbd]s[0xef][0xbf][0xbd][0xef][0xbf][0xbd]6[0xdc][0x9e][0xef][0xbf][0xbd]\z[0xef][0xbf][0xbd];[0xef][0xbf][0xbd]m&[0xef][0xbf][0xbd]2b[0xef][0xbf][0xbd][0xef][0xbf][0xbd]q[0xef][0xbf][0xbd][0xef][0xbf][0xbd],2[0xef][0xbf][0xbd][0xef][0xbf][0xbd][0xef][0xbf][0xbd][0xef][0xbf][0xbd][0xef][0xbf][0xbd][0x7][0xef][0xbf][0xbd]F[0xdc][0x8a][0xef][0xbf][0xbd]2[0xef][0xbf][0xbd][\n]"
07:56:28.610 [main] DEBUG org.apache.http.wire -  >> "[0xef][0xbf][0xbd]aU[0xe][0xef][0xbf][0xbd]p[0xef][0xbf][0xbd]~[0xef][0xbf][0xbd][0xd7][0x81][0x17][0xef][0xbf][0xbd]N[0xef][0xbf][0xbd]xX[0xef][0xbf][0xbd][0xef][0xbf][0xbd][0xef][0xbf][0xbd][0xef][0xbf][0xbd][0xef][0xbf][0xbd][0xef][0xbf][0xbd][0xef][0xbf][0xbd][0xef][0xbf][0xbd][0x16][0xef][0xbf][0xbd][0xef][0xbf][0xbd][0x8][0xef][0xbf][0xbd][0xef][0xbf][0xbd][0xef][0xbf][0xbd][0xd7][0x8f][0xef][0xbf][0xbd][0xef][0xbf][0xbd]{_[0xef][0xbf][0xbd][0xe][0xef][0xbf][0xbd][0x3][0xef][0xbf][0xbd][0xef][0xbf][0xbd]iA[0xef][0xbf][0xbd][0x8][0xef][0xbf][0xbd][0xef][0xbf][0xbd][0xb]q[0xef][0xbf][0xbd][0x6]V[0x13][0x6]K\s[0xd0][0x84][0xef][0xbf][0xbd]B[0xef][0xbf][0xbd][0xef][0xbf][0xbd][0xef][0xbf][0xbd][0xc5][0x97][0xef][0xbf][0xbd][0x7][0x18][0xef][0xbf][0xbd]K$[0xef][0xbf][0xbd]-M[0xef][0xbf][0xbd]4:o9[0xef][0xbf][0xbd]e[0xef][0xbf][0xbd][0xef][0xbf][0xbd]4[0xef][0xbf][0xbd][0xe]A[0xef][0xbf][0xbd][0xef][0xbf][0xbd][0x19]3[0x1b]1F-[0xef][0xbf][0xbd][0xef][0xbf][0xbd][0x3][0x8]c[0x7][0xef][0xbf][0xbd][0x6][0x17][0xef][0xbf][0xbd][0x1c][0x1a][0xef][0xbf][0xbd]K[0xef][0xbf][0xbd][0xef][0xbf][0xbd]%[0xef][0xbf][0xbd][0xef][0xbf][0xbd][0xef][0xbf][0xbd][0x16][0xef][0xbf][0xbd][0xef][0xbf][0xbd][0xb].[0xef][0xbf][0xbd]wB[0xef][0xbf][0xbd][0x10][0xef][0xbf][0xbd]_[0x1]@I[0xef][0xbf][0xbd][0xef][0xbf][0xbd].[0xef][0xbf][0xbd]X [0x10]n[0x10][0x14][0xef][0xbf][0xbd][p!W[0xef][0xbf][0xbd]"[0xef][0xbf][0xbd][0xef][0xbf][0xbd]*[0xef][0xbf][0xbd][0x3][0xef][0xbf][0xbd][0x8][0xef][0xbf][0xbd]S[0xef][0xbf][0xbd]:[0xdc][0x86][0xef][0xbf][0xbd]b[0x12][0xef][0xbf][0xbd][0x11]c[0xef][0xbf][0xbd][0xef][0xbf][0xbd][0x1b][0xe]u[0x10][0x14]{[0xef][0xbf][0xbd]w[\n]"
07:56:28.611 [main] DEBUG org.apache.http.wire -  >> "[0xef][0xbf][0xbd][0xef][0xbf][0xbd][0xef][0xbf][0xbd]0@p[0xef][0xbf][0xbd][0xd3][0xac]`[0xef][0xbf][0xbd]O[0x3][0x11][0xef][0xbf][0xbd][0xd1][0x8c][0xef][0xbf][0xbd])[0xef][0xbf][0xbd]-Y/[0x1][0xef][0xbf][0xbd][0xc][0xce][0xa0][0x2]o3[0xef][0xbf][0xbd][0xc2][0xa8]![0x1f][0xef][0xbf][0xbd]-Z[0xf][0xef][0xbf][0xbd][0xef][0xbf][0xbd]!K)DE[0x19][0xef][0xbf][0xbd].[0xef][0xbf][0xbd][0xef][0xbf][0xbd]6.4[0xef][0xbf][0xbd]L[0xef][0xbf][0xbd][0xf][0xef][0xbf][0xbd][0x19]v[0xef][0xbf][0xbd]%[0xef][0xbf][0xbd]IR[0xef][0xbf][0xbd][0xef][0xbf][0xbd][0x14][0x15][0xef][0xbf][0xbd]V[0xef][0xbf][0xbd]r[0xef][0xbf][0xbd]3[0x15][0xef][0xbf][0xbd]i![0xef][0xbf][0xbd][0xd9][0xb4][0x6][0xef][0xbf][0xbd][0xef][0xbf][0xbd]y[0xef][0xbf][0xbd][0xef][0xbf][0xbd][0xd1][0xa8][0xef][0xbf][0xbd][0xef][0xbf][0xbd][0xef][0xbf][0xbd][0xef][0xbf][0xbd]jG[0xef][0xbf][0xbd]N[0xef][0xbf][0xbd]P[0x5][0xef][0xbf][0xbd]|[0xef][0xbf][0xbd];[0xc6][0xb8][0xef][0xbf][0xbd][0xef][0xbf][0xbd]wMX[0xef][0xbf][0xbd]f[0xef][0xbf][0xbd]:[0xef][0xbf][0xbd][0xef][0xbf][0xbd][0xb]@[0xef][0xbf][0xbd]5G[0xef][0xbf][0xbd][0xef][0xbf][0xbd][0x3]A^[0xd2][0x85][0xdd][0xbc][0xf][0x13]0[0x2]_[0xef][0xbf][0xbd][0xef][0xbf][0xbd][0xef][0xbf][0xbd][0xef][0xbf][0xbd][0xee][0x9b][0xa1][0x13]6U&[0xef][0xbf][0xbd][0xef][0xbf][0xbd]|[0xef][0xbf][0xbd][0xef][0xbf][0xbd]~[0xef][0xbf][0xbd][0xef][0xbf][0xbd]gZ@[0xef][0xbf][0xbd]C[0xef][0xbf][0xbd][0x1f][0xef][0xbf][0xbd]w~[0xef][0xbf][0xbd][0xef][0xbf][0xbd]8[0xef][0xbf][0xbd][0xef][0xbf][0xbd]{R[0x7][0xef][0xbf][0xbd][0xdd][0x91][0xef][0xbf][0xbd]m[0xef][0xbf][0xbd]pB[0xef][0xbf][0xbd][0x1][0xef][0xbf][0xbd]{NqkM[0xef][0xbf][0xbd][0xef][0xbf][0xbd]=[0xef][0xbf][0xbd]eN]ro[0xef][0xbf][0xbd][0x14][0xef][0xbf][0xbd]\[0xef][0xbf][0xbd][0xef][0xbf][0xbd][0xef][0xbf][0xbd]H[0xef][0xbf][0xbd][0xef][0xbf][0xbd]?`[0xef][0xbf][0xbd]`[0xef][0xbf][0xbd][0xef][0xbf][0xbd]H2[0x14]nt[0xef][0xbf][0xbd][0xef][0xbf][0xbd];[0xef][0xbf][0xbd][0x4]6[0xef][0xbf][0xbd]z[0xef][0xbf][0xbd]7[[0x0]T[0xef][0xbf][0xbd]"p([0xef][0xbf][0xbd]0[0xef][0xbf][0xbd][0x3][0xef][0xbf][0xbd][0xde][0x99][0xef][0xbf][0xbd][0xef][0xbf][0xbd][0xef][0xbf][0xbd][0x17]H[0xe]az@X[0xef][0xbf][0xbd][0xef][0xbf][0xbd]e[0xef][0xbf][0xbd]m[0xc7][0xb1]Q[0xef][0xbf][0xbd][0x0][0x18]l[0xef][0xbf][0xbd][0xef][0xbf][0xbd][0x1e]j[0xef][0xbf][0xbd][0xef][0xbf][0xbd])[0xef][0xbf][0xbd]I[0xef][0xbf][0xbd][0xef][0xbf][0xbd][0xdc][0x94][0x16][0xef][0xbf][0xbd]Cu[\r][0xc6][0xb9][0xef][0xbf][0xbd][0xef][0xbf][0xbd],[0xef][0xbf][0xbd]%[0xef][0xbf][0xbd]G[0x9][0xea][0x93][0xb2][0xef][0xbf][0xbd]N[0xf][0xef][0xbf][0xbd][0xef][0xbf][0xbd]- l[0x8][0x7][0xef][0xbf][0xbd][0xef][0xbf][0xbd]Q,[0xef][0xbf][0xbd][0xef][0xbf][0xbd]lv[0xef][0xbf][0xbd]#[0xef][0xbf][0xbd][0xef][0xbf][0xbd][0xef][0xbf][0xbd][0xef][0xbf][0xbd][0xef][0xbf][0xbd]'[0x17][0xef][0xbf][0xbd]\n[0xef][0xbf][0xbd][0x2][0xef][0xbf][0xbd][0xd9][0xbe]n[0xef][0xbf][0xbd]4 [0xef][0xbf][0xbd]MK^[0x5][0xef][0xbf][0xbd][0x18][0xef][0xbf][0xbd]l[0xef][0xbf][0xbd][0xef][0xbf][0xbd]Wz[0xef][0xbf][0xbd][0xef][0xbf][0xbd][0xef][0xbf][0xbd]~[0xef][0xbf][0xbd]Pi}[0x9]SX[0x9][0x0][0x8][0xef][0xbf][0xbd][\r][0xef][0xbf][0xbd]H[0xef][0xbf][0xbd]%[0xef][0xbf][0xbd][0xef][0xbf][0xbd]^[0xef][0xbf][0xbd][0xef][0xbf][0xbd][0xef][0xbf][0xbd][0xef][0xbf][0xbd][0xef][0xbf][0xbd][0xef][0xbf][0xbd]r[0x9][0xef][0xbf][0xbd][0xef][0xbf][0xbd][0xef][0xbf][0xbd][0x5][0xef][0xbf][0xbd][0x0][0x8][0xef][0xbf][0xbd][0xef][0xbf][0xbd]t[0x17]~D+"Fs[0xef][0xbf][0xbd][0xef][0xbf][0xbd]e[0xef][0xbf][0xbd][0x17][0xef][0xbf][0xbd]h[0xef][0xbf][0xbd][0xef][0xbf][0xbd][0xef][0xbf][0xbd][0x19][0xef][0xbf][0xbd][0xb][0x7]0s[0xef][0xbf][0xbd][0xef][0xbf]"
07:56:28.612 [main] DEBUG org.apache.http.wire -  >> "[0xbd][0xc4][0x94][0xef][0xbf][0xbd][0xef][0xbf][0xbd][0x1c]V[0xef][0xbf][0xbd][0xef][0xbf][0xbd]W[0xef][0xbf][0xbd]qj[0x12][0xef][0xbf][0xbd][0x7][0xef][0xbf][0xbd][0xef][0xbf][0xbd];.[0xef][0xbf][0xbd]Y[0xef][0xbf][0xbd]UM[0xef][0xbf][0xbd]*`F[0xef][0xbf][0xbd]?[0xef][0xbf][0xbd][0xef][0xbf][0xbd][0xef][0xbf][0xbd][0xef][0xbf][0xbd]5Vc[0xef][0xbf][0xbd][0xef][0xbf][0xbd][0x16][0x10][0xef][0xbf][0xbd][0xef][0xbf][0xbd][0xef][0xbf][0xbd][0xef][0xbf][0xbd][0x9][0xef][0xbf][0xbd][0xef][0xbf][0xbd]^w=NsL[0xef][0xbf][0xbd][0xb]T0[0xef][0xbf][0xbd][0xef][0xbf][0xbd][0xef][0xbf][0xbd]n[0xef][0xbf][0xbd][0xef][0xbf][0xbd]5[0xef][0xbf][0xbd][0x0]h[0x1][0xef][0xbf][0xbd][0xf]A[0xf][0xef][0xbf][0xbd][0xef][0xbf][0xbd][0xef][0xbf][0xbd][0xef][0xbf][0xbd]u[0xef][0xbf][0xbd][0xef][0xbf][0xbd][0xef][0xbf][0xbd]?[0x7]3[\r]s[0x15][0x1e]7[0xef][0xbf][0xbd][0xef][0xbf][0xbd][0x4]A [0x6]0*[0xe5][0xbc][0xa4]l[0x1]_0[0xd8][0x8d]Gw [0xd8][0x8e][0xef][0xbf][0xbd]][0x4][0xef][0xbf][0xbd][0x7][0xef][0xbf][0xbd][0xef][0xbf][0xbd][0xef][0xbf][0xbd]D[0xef][0xbf][0xbd])[0x6][0xef][0xbf][0xbd]r)[0xef][0xbf][0xbd]f,[0xef][0xbf][0xbd][0xef][0xbf][0xbd]M[0xef][0xbf][0xbd]:C[0xef][0xbf][0xbd][0xef][0xbf][0xbd][0xef][0xbf][0xbd][0xef][0xbf][0xbd][0xef][0xbf][0xbd]<W`[0xef][0xbf][0xbd][0xef][0xbf][0xbd][0xef][0xbf][0xbd]W[0xef][0xbf][0xbd][0xef][0xbf][0xbd][0xcf][0x92][0xef][0xbf][0xbd]X[0xef][0xbf][0xbd]"[0xef][0xbf][0xbd]n[0x6][0xef][0xbf][0xbd]d[0xef][0xbf][0xbd][0xef][0xbf][0xbd][0xef][0xbf][0xbd]r[0xef][0xbf][0xbd]C[0xc][0xef][0xbf][0xbd][0xef][0xbf][0xbd][0xef][0xbf][0xbd][0xef][0xbf][0xbd][\r][0xef][0xbf][0xbd][0xef][0xbf][0xbd];O[0x5][0xef][0xbf][0xbd][0xef][0xbf][0xbd][0x1c]m[0xef][0xbf][0xbd][0xef][0xbf][0xbd][0xef][0xbf][0xbd]k[0xef][0xbf][0xbd][0xef][0xbf][0xbd]>[0xf][0xef][0xbf][0xbd][0xef][0xbf][0xbd]F[0xef][0xbf][0xbd][[0xef][0xbf][0xbd][0xef][0xbf][0xbd][0xef][0xbf][0xbd]-DiR[0xef][0xbf][0xbd]O[0xef][0xbf][0xbd][0x1][0xef][0xbf][0xbd][0xef][0xbf][0xbd]$#,[0xef][0xbf][0xbd][0xef][0xbf][0xbd]K[0xef][0xbf][0xbd]/e[0xef][0xbf][0xbd][0xef][0xbf][0xbd]|[0xef][0xbf][0xbd][0xef][0xbf][0xbd][0xef][0xbf][0xbd]ml[0xef][0xbf][0xbd]=[0x6][0xef][0xbf][0xbd]m.[0x7]7[0xef][0xbf][0xbd][[0xef][0xbf][0xbd][0xef][0xbf][0xbd][0xef][0xbf][0xbd]Y[0xef][0xbf][0xbd]wjk[0xef][0xbf][0xbd][0xef][0xbf][0xbd]K[0xc4][0x91][0xef][0xbf][0xbd]xs[0x8][0xef][0xbf][0xbd][0x18]"+F[0xef][0xbf][0xbd]is=q[0xc3][0xa6]47[0x8]<Bvh[0xef][0xbf][0xbd][0x3][0xef][0xbf][0xbd][0xef][0xbf][0xbd]w[0xef][0xbf][0xbd]_* [0xef][0xbf][0xbd][0xef][0xbf][0xbd]$8@[0xef][0xbf][0xbd]sJ[0xef][0xbf][0xbd][0x6]*[0xef][0xbf][0xbd]G[0xef][0xbf][0xbd]g+[0x9][0xef][0xbf][0xbd][0xef][0xbf][0xbd]l[0xef][0xbf][0xbd]"[0xef][0xbf][0xbd]V.L[0xef][0xbf][0xbd][0xef][0xbf][0xbd][0xef][0xbf][0xbd]#[0xef][0xbf][0xbd][0xef][0xbf][0xbd]*[0xf][0xef][0xbf][0xbd][0x2][0xef][0xbf][0xbd][0xc5][0xa1]c[0xef][0xbf][0xbd][0xef][0xbf][0xbd][0xef][0xbf][0xbd][0xf]U[0xef][0xbf][0xbd],nN{[0xef][0xbf][0xbd][0xef][0xbf][0xbd]-[0xef][0xbf][0xbd][0x3][0xef][0xbf][0xbd][0xef][0xbf][0xbd][0xef][0xbf][0xbd][0x1c][0xe3][0xad][0xad][0xef][0xbf][0xbd][0x1a]c*Bf[0xef][0xbf][0xbd][0xef][0xbf][0xbd][0x14]86[0xf]r>[0xef][0xbf][0xbd]X:[0x1e][0xef][0xbf][0xbd]Z[0xef][0xbf][0xbd]A[0xef][0xbf][0xbd][0xef][0xbf][0xbd][0xef][0xbf][0xbd]t[0xef][0xbf][0xbd]H[0xef][0xbf][0xbd]z98[0x4]P[0xef][0xbf][0xbd]b[0xef][0xbf][0xbd][0xef][0xbf][0xbd]qqU[0xef][0xbf][0xbd]+[0xef][0xbf][0xbd][0xef][0xbf][0xbd][0xef][0xbf][0xbd]=#X[0xef][0xbf][0xbd]i[0xef][0xbf][0xbd][0xef][0xbf][0xbd][0xef][0xbf][0xbd]E[0x1b][0xef][0xbf][0xbd][0xef][0xbf][0xbd][0xef][0xbf][0xbd][0xef][0xbf][0xbd]I[0xef][0xbf][0xbd]?[0xef][0xbf][0xbd][0xdb][0xa2][0x1f][0xef][0xbf][0xbd][0x1e][0xef][0xbf][0xbd][0xef][0xbf][0xbd]o[0xef][0xbf][0xbd]zu[0x11][0xef][0xbf][0xbd][0xef][0xbf][0xbd] [0xef][0xbf][0xbd]8[0xef][0xbf][0xbd]s[0xef][0xbf][0xbd]T[0xef][0xbf][0xbd]([0xef][0xbf][0xbd][0xef][0xbf][0xbd].[\n]"
07:56:28.613 [main] DEBUG org.apache.http.wire -  >> "[0xef][0xbf][0xbd]VY[[0x12]I[0xef][0xbf][0xbd]C[0xef][0xbf][0xbd]F[0xef][0xbf][0xbd]c[0x16][0xef][0xbf][0xbd][0xef][0xbf][0xbd]Y`P[0x1b]<n[\n]"
07:56:28.613 [main] DEBUG org.apache.http.wire -  >> "[0xef][0xbf][0xbd]#k[0xef][0xbf][0xbd][0xef][0xbf][0xbd][0x16]g[0xef][0xbf][0xbd]c[0xef][0xbf][0xbd]! s[0x11][0xef][0xbf][0xbd][0xef][0xbf][0xbd]~L[0xef][0xbf][0xbd]V[0xef][0xbf][0xbd][0xef][0xbf][0xbd]L[0xef][0xbf][0xbd]\eD[0x8]b[0xef][0xbf][0xbd][0xef][0xbf][0xbd][0xef][0xbf][0xbd][0xef][0xbf][0xbd]1A[0xc2][0xac]\[0xef][0xbf][0xbd][0x14][0xef][0xbf][0xbd][0xef][0xbf][0xbd]1[0xb][0xef][0xbf][0xbd]jAU[0xef][0xbf][0xbd]UZ[0xef][0xbf][0xbd]y[0xef][0xbf][0xbd]N[0xef][0xbf][0xbd][0x19][0xef][0xbf][0xbd][0xc9][0xb3][0xef][0xbf][0xbd]A[0xd6][0xb9][\n]"
07:56:28.614 [main] DEBUG org.apache.http.wire -  >> "=[0xef][0xbf][0xbd][Ayk&d[0x1b][0xef][0xbf][0xbd][0xef][0xbf][0xbd][0xef][0xbf][0xbd]j`[0xef][0xbf][0xbd][0xef][0xbf][0xbd][0x12][0xef][0xbf][0xbd][0xef][0xbf][0xbd][0xef][0xbf][0xbd][0xef][0xbf][0xbd]S[0x0]E[0xef][0xbf][0xbd][0x14][0x1b][0x1][0xef][0xbf][0xbd]P[0xef][0xbf][0xbd]oh[0xef][0xbf][0xbd]q[0xef][0xbf][0xbd][0xef][0xbf][0xbd][0x9][0x13]h[0xf][0xef][0xbf][0xbd][0xef][0xbf][0xbd]R[0xef][0xbf][0xbd][0x9]D[0xef][0xbf][0xbd] [0x6]*[0xef][0xbf][0xbd][0xd6][0x9d][0xef][0xbf][0xbd][0xef][0xbf][0xbd]C[0xef][0xbf][0xbd][0xef][0xbf][0xbd][0xef][0xbf][0xbd]3[0xef][0xbf][0xbd][0x11]8[0xef][0xbf][0xbd]h[0xef][0xbf][0xbd][0xef][0xbf][0xbd][0xef][0xbf][0xbd]N[0xb]o[0xef][0xbf][0xbd]CX[0xcf][0x9f][0xef][0xbf][0xbd]w[0xef][0xbf][0xbd]i[0xef][0xbf][0xbd]%&[0x4][0xef][0xbf][0xbd]-|[0xe]U[0x1e]<z[0xef][0xbf][0xbd][\r][0xef][0xbf][0xbd][0xef][0xbf][0xbd]qQ[0xef][0xbf][0xbd][0x1e]44;[0xef][0xbf][0xbd]m[0xef][0xbf][0xbd][0xd9][0xa7][0x0][0xef][0xbf][0xbd]c[0xef][0xbf][0xbd]s[0xef][0xbf][0xbd]uM[0xef][0xbf][0xbd][0xef][0xbf][0xbd][0xef][0xbf][0xbd][0xef][0xbf][0xbd][0xef][0xbf][0xbd]9\$[0xef][0xbf][0xbd][0xef][0xbf][0xbd]5[0xef][0xbf][0xbd][0xef][0xbf][0xbd]F[0xef][0xbf][0xbd]6[0xef][0xbf][0xbd]a[0x9]KY[0xef][0xbf][0xbd][0xc][0xef][0xbf][0xbd]>B[0xef][0xbf][0xbd][0xef][0xbf][0xbd][0xef][0xbf][0xbd][m?[0xef][0xbf][0xbd][0xef][0xbf][0xbd][0xef][0xbf][0xbd][0xef][0xbf][0xbd][0xef][0xbf][0xbd],[0x1f][0xef][0xbf][0xbd]>[0xef][0xbf][0xbd]:*[0xef][0xbf][0xbd].|[0xef][0xbf][0xbd][0xef][0xbf][0xbd][0xef][0xbf][0xbd][0xef][0xbf][0xbd]z[0xef][0xbf][0xbd][0xef][0xbf][0xbd]Z[0xef][0xbf][0xbd]>a]Q[0xef][0xbf][0xbd][0xef][0xbf][0xbd][0xc4][0x9a][0xef][0xbf][0xbd]Ne[0xef][0xbf][0xbd][0xef][0xbf][0xbd][0xef][0xbf][0xbd][0xef][0xbf][0xbd]1[0xef][0xbf][0xbd][0xef][0xbf][0xbd][0xef][0xbf][0xbd]N[0xef][0xbf][0xbd]rM[0xef][0xbf][0xbd][0xef][0xbf][0xbd]7[0xef][0xbf][0xbd][0xef][0xbf][0xbd][0xef][0xbf][0xbd][0xef][0xbf][0xbd]Q[0xef][0xbf][0xbd][0xef][0xbf][0xbd]hYd?[0x0][0xef][0xbf][0xbd][0xef][0xbf][0xbd][0xef][0xbf][0xbd][0xef][0xbf][0xbd][o\g[0xef][0xbf][0xbd]k[0x0][0xef][0xbf][0xbd][0xef][0xbf][0xbd]<[0x8][0x2][0xef][0xbf][0xbd]yxO[0x4]g[0xcc][0x89]FF.[0xef][0xbf][0xbd][0xef][0xbf][0xbd]dh[0xef][0xbf][0xbd][0xef][0xbf][0xbd][0x11][0x1b][0xef][0xbf][0xbd][0xef][0xbf][0xbd][0xef][0xbf][0xbd][0xea][0x8b][0x96][0xef][0xbf][0xbd][0xef][0xbf][0xbd][0xdb][0xb3][0xe][0xef][0xbf][0xbd]2E[0xef][0xbf][0xbd][0xef][0xbf][0xbd]P[0xef][0xbf][0xbd]W&[0xef][0xbf][0xbd][0xef][0xbf][0xbd][0xef][0xbf][0xbd][0xef][0xbf][0xbd]Cy[0x16][0xef][0xbf][0xbd]zg/[0xef][0xbf][0xbd]'c[\r][0xef][0xbf][0xbd][0x16]b[0xef][0xbf][0xbd]n[0xef][0xbf][0xbd][0xef][0xbf][0xbd][0xef][0xbf][0xbd]V.DJ~[0xef][0xbf][0xbd]K[0xef][0xbf][0xbd][0xef][0xbf][0xbd]Y%[0xef][0xbf][0xbd][0xd4][0xa1][0xef][0xbf][0xbd][0x4][0xef][0xbf][0xbd][0x14][0xef][0xbf][0xbd][0x5][0x16]C[0xef][0xbf][0xbd]e[0xef][0xbf][0xbd]D[0xef][0xbf][0xbd][0xef][0xbf][0xbd][0xef][0xbf][0xbd]t[0xef][0xbf][0xbd][0xef][0xbf][0xbd][0xef][0xbf][0xbd]i[0xef][0xbf][0xbd][0xef][0xbf][0xbd]([0xef][0xbf][0xbd]~v-[0xda][0xa5][0xd5][0x85]8[0xef][0xbf][0xbd]`r[0xef][0xbf][0xbd]W[0xef][0xbf][0xbd]hYE[0xef][0xbf][0xbd][0xef][0xbf][0xbd]"&[0xef][0xbf][0xbd][0xef][0xbf][0xbd][0xef][0xbf][0xbd][0x6]T[0xef][0xbf][0xbd]Y[0xef][0xbf][0xbd][0xd4][0xb0]Q[0xef][0xbf][0xbd]q[0x3][0xef][0xbf][0xbd]4[0xef][0xbf][0xbd][0x17][0xef][0xbf][0xbd]r[0x9][0xef][0xbf][0xbd][0xdb][0x8c]>x[0xef][0xbf][0xbd][0x1a]k\[0xd4][0x85]X[0xef][0xbf][0xbd]7[0xef][0xbf][0xbd]HX[0x7][0xef][0xbf][0xbd]1[0xef][0xbf][0xbd][0x6][0xef][0xbf][0xbd][0xef][0xbf][0xbd]np[0xef][0xbf][0xbd][0x15]X[0xef][0xbf][0xbd][0x3][0xef][0xbf][0xbd][0xef][0xbf][0xbd]r1Q[0x9]r<V2[0xef][0xbf][0xbd][0xef][0xbf][0xbd][0xef][0xbf][0xbd][0xd2][0xae]tH[0xef][0xbf][0xbd][0xef][0xbf][0xbd]O[0x14][0xf][0xef][0xbf][0xbd][0xef][0xbf][0xbd]a!m[0x1c][0x13][0xef][0xbf][0xbd][0xef][0xbf][0xbd]a=[0xef][0xbf][0xbd][0xef][0xbf][0xbd][0xef][0xbf][0xbd][0xef][0xbf][0xbd][0xef][0xbf][0xbd]t[0xef][0xbf][0xbd]0[0xef][0xbf][0xbd][0xef][0xbf][0xbd]p[0xef][0xbf][0xbd][0x1]c[0xef][0xbf][0xbd][0xd5][0x9c][0xef][0xbf][0xbd][0xd9][0x8f][0xef][0xbf][0xbd]O[wP[0xef][0xbf][0xbd][0xef][0xbf][0xbd]:[0xc4][0x9c]j%[0xef][0xbf][0xbd][0xef][0xbf][0xbd])$[0xef][0xbf][0xbd][0x18][0xef][0xbf][0xbd][0xef][0xbf][0xbd]+[0x16]L[0xef][0xbf][0xbd]![0xef][0xbf][0xbd][0xef][0xbf][0xbd][0x1b][0xd0][0xbc][0x15][\r]|[0xef][0xbf][0xbd]y[0xef][0xbf][0xbd]y![0xef][0xbf][0xbd][0xb][0xc]<[0xef][0xbf][0xbd][0xef][0xbf][0xbd][0xef][0xbf][0xbd][0xd8][0x82]A[0xef][0xbf][0xbd][0xef][0xbf][0xbd][0x12][0xef][0xbf][0xbd][0xef][0xbf][0xbd][0xef][0xbf][0xbd];[0xef][0xbf][0xbd]Z[0xef][0xbf][0xbd]~-[0x17]~[0xef][0xbf][0xbd][0x12][0xef][0xbf][0xbd]_[0xd6][0xa1],kW[0xef][0xbf][0xbd]{[0xef][0xbf][0xbd])P[0xef][0xbf][0xbd][0xef][0xbf][0xbd][0xef][0xbf][0xbd]{[0xef][0xbf][0xbd]S[0xef][0xbf][0xbd][0x1][0xef][0xbf][0xbd]:k[0xef][0xbf][0xbd]][0xd0][0x83]7[0xef][0xbf][0xbd]~[0xef][0xbf][0xbd][0xef][0xbf][0xbd][0xef][0xbf][0xbd][0xef][0xbf][0xbd][0xef][0xbf][0xbd][0xef][0xbf][0xbd]}[0xef][0xbf][0xbd][0xef][0xbf][0xbd][0xef][0xbf][0xbd]h[0xef][0xbf][0xbd]"[0xef][0xbf][0xbd][0xef][0xbf][0xbd][0x10]Y[0xef][0xbf][0xbd][0xef][0xbf][0xbd][0xef][0xbf][0xbd][0x10][0xef][0xbf][0xbd][0xef][0xbf][0xbd][0x14][0xef][0xbf][0xbd][0x16][0xef][0xbf][0xbd][0xef][0xbf][0xbd]H[0xef][0xbf][0xbd][0xef][0xbf][0xbd][0xef][0xbf][0xbd][0x1b]f[0xef][0xbf][0xbd]1[0xef][0xbf][0xbd][0xef][0xbf][0xbd][0xef][0xbf][0xbd]>[0xef][0xbf][0xbd][0xef][0xbf][0xbd][0xef][0xbf][0xbd][0x4][0xef][0xbf][0xbd][0xef][0xbf][0xbd]H[0xef][0xbf][0xbd]U[0xef][0xbf][0xbd][0x10][0xef][0xbf][0xbd]0[0x5][0xef][0xbf][0xbd][0xcb][0x82]f[0xef][0xbf][0xbd][0x0][0xef][0xbf][0xbd][0xef][0xbf][0xbd][0xef][0xbf][0xbd]z[0xef][0xbf][0xbd][0xef][0xbf][0xbd]L[0xef][0xbf][0xbd][0xef][0xbf][0xbd][0x1b][0xc2][0xb3][0x1e][0xef][0xbf][0xbd][0xef][0xbf][0xbd][0xef][0xbf][0xbd][0x17][0xef][0xbf][0xbd]i[0x17][X[0x4][0x1f]h-[0xef][0xbf][0xbd][0x5].XXY[0xef][0xbf][0xbd][0xef][0xbf][0xbd][0xef][0xbf][0xbd][0xef][0xbf][0xbd]:PO[0x19][0xef][0xbf][0xbd][0xef][0xbf][0xbd]mX[0xef][0xbf][0xbd]FE[0xef][0xbf][0xbd][0x1a][0x0]^ru[0xef][0xbf][0xbd][0xef][0xbf][0xbd]q[0x1]A[0x8][0xef][0xbf][0xbd]bm[0xef][0xbf][0xbd]Vp[0xde][0x92][\r][0x1d]/w[0xef][0xbf][0xbd](&[0xd1][0x82]Q[0xef][0xbf][0xbd][0xef][0xbf][0xbd][0xef][0xbf][0xbd]M[0xef][0xbf][0xbd][0xef][0xbf][0xbd][0xef][0xbf][0xbd][0xef][0xbf][0xbd][0xef][0xbf][0xbd][0xef][0xbf][0xbd][0x2]O[0xcb][0xab]~[0xef][0xbf][0xbd][0x18][0xef][0xbf][0xbd][0xef][0xbf][0xbd]*[0xef][0xbf][0xbd],[0x5][0xef][0xbf][0xbd][0xef][0xbf][0xbd]V.[0xef][0xbf][0xbd][0x2][0xef][0xbf][0xbd]$[0xde][0xa4][0xef][0xbf][0xbd][0xef][0xbf][0xbd]+[0x18][0xef][0xbf][0xbd][0x2]N[0xef][0xbf][0xbd][0xef][0xbf][0xbd]0Xc1[0xda][0x8a][0xef][0xbf][0xbd]*[0xef][0xbf][0xbd][0x10][0xef][0xbf][0xbd][0xef][0xbf][0xbd][0xef][0xbf][0xbd][0xea][0xa1][0x8d]k[0xef][0xbf][0xbd]f[0xef][0xbf][0xbd][0x9][\r][0xef][0xbf][0xbd]l4V[0xef][0xbf][0xbd]S[0xef][0xbf][0xbd][0xef][0xbf][0xbd]%[0xef][0xbf][0xbd]a.[0xef][0xbf][0xbd]ru,M[0xef][0xbf][0xbd][0xef][0xbf][0xbd][0xc9][0xa2]p[0xef][0xbf][0xbd]VG<[0xef][0xbf][0xbd][0xef][0xbf][0xbd]_[0xef][0xbf][0xbd][0xef][0xbf][0xbd][0xef][0xbf][0xbd],&k[0x16][0xef][0xbf][0xbd]k[0x1a]s[\r]@_z[0xef][0xbf][0xbd][0xef][0xbf][0xbd][0xef][0xbf][0xbd][0xef][0xbf][0xbd][0xda][0xaa][0xef][0xbf][0xbd]O[0xef][0xbf][0xbd][0xef][0xbf][0xbd][0xef][0xbf][0xbd]Zk[0xef][0xbf][0xbd]H[0xef][0xbf][0xbd]_[0xef][0xbf][0xbd][0x1d][0xef][0xbf][0xbd][0xef][0xbf][0xbd][0xef][0xbf][0xbd][0xd1][0xb1]7[0xef][0xbf][0xbd];c[0xef][0xbf][0xbd][0x1e][0x4][0xef][0xbf][0xbd]y[0xef][0xbf][0xbd]K[0xef][0xbf][0xbd]:s[0xef][0xbf][0xbd][0x7][0x1d][0x11]Q[0xef][0xbf][0xbd][0x2][0xef][0xbf][0xbd][0x19][0xef][0xbf][0xbd][0xf][0xef][0xbf][0xbd][0x1b][0x1a]T[0xef][0xbf][0xbd]G.T[0xef][0xbf][0xbd][0xef][0xbf][0xbd][0x3]o[0xef][0xbf][0xbd]x[0xef][0xbf][0xbd]x[0x19][0xef][0xbf][0xbd]B[0xef][0xbf][0xbd][0x0][0xef][0xbf][0xbd][0xef][0xbf][0xbd][0xef][0xbf][0xbd][0xef][0xbf][0xbd][0xef][0xbf][0xbd]r)[0xef][0xbf][0xbd][0xef][0xbf][0xbd][0x16]}_[0xef][0xbf][0xbd]A[0xef][0xbf][0xbd]S[0xef][0xbf][0xbd][0xef][0xbf][0xbd][[0xef][0xbf][0xbd][0xef][0xbf][0xbd][0xef][0xbf][0xbd]I7[0x15]h[0x6][0xef][0xbf][0xbd]"[0x16]M[0xef][0xbf][0xbd][0xef][0xbf][0xbd][0xef][0xbf][0xbd][0xef][0xbf][0xbd]R1zQ[0xef][0xbf][0xbd][0xef][0xbf][0xbd][0xef][0xbf][0xbd]UX:d[0x18][0x1][0xef][0xbf][0xbd]xv;[0xd4][0xa4][0xef][0xbf][0xbd][0xef][0xbf][0xbd][0x14]!x[0xef][0xbf][0xbd][0xef][0xbf][0xbd][0xef][0xbf][0xbd][0xef][0xbf][0xbd][0xef][0xbf][0xbd]][0xf]aB [0xef][0xbf][0xbd][0xef][0xbf][0xbd][0xef][0xbf][0xbd]^T[\r][0xef][0xbf][0xbd]{]c/[0xef][0xbf][0xbd][0xef][0xbf][0xbd]J[0xef][0xbf][0xbd][0xde][0x88]kF[0xef][0xbf][0xbd][0xef][0xbf][0xbd]2[0xef][0xbf][0xbd][0xef][0xbf][0xbd][0x12][0xc8][0x98][0xef][0xbf][0xbd][0xef][0xbf][0xbd]B[0xef][0xbf][0xbd]v[0xef][0xbf][0xbd]hy[0xc5][0x97][0xef][0xbf][0xbd]![0xef][0xbf][0xbd][0xef][0xbf][0xbd][0xef][0xbf][0xbd][0xef][0xbf][0xbd][0x5]][0x1]eq[0x1]U[0xef][0xbf][0xbd]6[0xef][0xbf][0xbd]W]S[0x1][0xef][0xbf][0xbd][0xef][0xbf][0xbd][0x1]>[0xef][0xbf][0xbd][0x7]'[0x4][0xef][0xbf][0xbd][0xef][0xbf][0xbd]m[0x3]-[0x1e][0xef][0xbf][0xbd]R[0x1e]/[0xef][0xbf][0xbd][0x11]]~[0x9][0xef][0xbf][0xbd]tI[0xef][0xbf][0xbd][0xef][0xbf][0xbd][0xef][0xbf][0xbd];[0xef][0xbf][0xbd][0xef][0xbf][0xbd]6)[0xef][0xbf][0xbd][0xef][0xbf][0xbd]"[0xef][0xbf][0xbd]b(T[0x9][0xef][0xbf][0xbd][0xef][0xbf][0xbd]M3X[0xef][0xbf][0xbd][0xef][0xbf][0xbd][0xef][0xbf][0xbd]<[0x1d][0xef][0xbf][0xbd]ge[0x0][0xef][0xbf][0xbd]j[0x8][0xef][0xbf][0xbd]}[0xef][0xbf][0xbd][0xcb][0x9a]c[0xef][0xbf][0xbd]2[0x14][0xef][0xbf][0xbd],hp[0xef][0xbf][0xbd]\[0xef][0xbf][0xbd][0xef][0xbf][0xbd][0x10][0xef][0xbf][0xbd]N[0xd3][0xb2][0xef][0xbf][0xbd]G0[0xef][0xbf][0xbd]s[0xef][0xbf][0xbd][0xef][0xbf][0xbd]K[0xef][0xbf][0xbd]k[0xef][0xbf][0xbd][0xef][0xbf][0xbd][0xef][0xbf][0xbd]jcm[0xef][0xbf][0xbd][0xc9][0x85][0xef][0xbf][0xbd][0xef][0xbf][0xbd][0xdd][0x8c][0xef][0xbf][0xbd][0xef][0xbf][0xbd][0x1a][0xef][0xbf][0xbd][0xef][0xbf][0xbd][0xe]N[0x3][0xef][0xbf][0xbd][0xef][0xbf][0xbd][0xef][0xbf][0xbd]`/lO[0xef][0xbf][0xbd][0xef][0xbf][0xbd][0xc8][0xbf][0xef][0xbf][0xbd][0xef][0xbf][0xbd]B2[0xef][0xbf][0xbd]i[0xef][0xbf][0xbd]w[0xd7][0xaa]O[0xcd][0xac][0xef][0xbf][0xbd][0xef][0xbf][0xbd][0xef][0xbf][0xbd]e[0xef][0xbf][0xbd]E[0xef][0xbf][0xbd]V&JL^[0xef][0xbf][0xbd][0x1b][0x19]s[0x2][0xef][0xbf][0xbd][0xef][0xbf][0xbd]p[[0xef][0xbf][0xbd][0xef][0xbf][0xbd][0xef][0xbf][0xbd]uE][0xef][0xbf][0xbd].[0xef][0xbf][0xbd][0x1f][0xef][0xbf][0xbd]S6@7O[0xef][0xbf][0xbd]Ka[0xef][0xbf][0xbd][0xef][0xbf][0xbd][0xef][0xbf][0xbd][0xef][0xbf][0xbd][0xef][0xbf][0xbd][0x3]s)[0xef][0xbf][0xbd][0xef][0xbf][0xbd]k[0xef][0xbf][0xbd][0xef][0xbf][0xbd][0xef][0xbf][0xbd][0xc3][0xbf][0xef][0xbf][0xbd][0xef][0xbf][0xbd][0x7][0xef][0xbf][0xbd][0xef][0xbf][0xbd][0xef][0xbf][0xbd]g[0xef][0xbf][0xbd][0xef][0xbf][0xbd]c[0xef][0xbf][0xbd]3[0x12]3[0xef][0xbf][0xbd]ua[0xef][0xbf][0xbd][0xef][0xbf][0xbd]a;[0xef][0xbf][0xbd][0x0][0xef][0xbf][0xbd][0xef][0xbf][0xbd]w[0xef][0xbf][0xbd]$XU[0xef][0xbf][0xbd][0xef][0xbf][0xbd]K[0xef][0xbf][0xbd][0xef][0xbf][0xbd][0xef][0xbf][0xbd][0x9]oP[0xef][0xbf][0xbd]X[0x7][0x1e]uq[0xef][0xbf][0xbd][0xef][0xbf][0xbd][0xef][0xbf][0xbd][0xef][0xbf][0xbd]?[0xef][0xbf][0xbd][0x1e]^[0xef][0xbf][0xbd]T{[0xef][0xbf][0xbd][0xef][0xbf][0xbd][0x2]3[0xef][0xbf][0xbd]W[0xef][0xbf][0xbd]rc2[0xef][0xbf][0xbd]![0xef][0xbf][0xbd][0x2]CU[0x16]T[0xcb][0xbb]7Ny[0xef][0xbf][0xbd][0xef][0xbf][0xbd][0x1e][0xef][0xbf][0xbd]7[0xef][0xbf][0xbd][0x14][0xef][0xbf][0xbd][0xef][0xbf][0xbd][\n]"
07:56:28.617 [main] DEBUG org.apache.http.wire -  >> "r[0x1][0xef][0xbf][0xbd][0xef][0xbf][0xbd]O[0xef][0xbf][0xbd]<[0xef][0xbf][0xbd]-[0xef][0xbf][0xbd]E[0xef][0xbf][0xbd][0x16]W[0xef][0xbf][0xbd][0xef][0xbf][0xbd][0x11][0xef][0xbf][0xbd][0xef][0xbf][0xbd]2[0xef][0xbf][0xbd][0xef][0xbf][0xbd][0xef][0xbf][0xbd]u[0xef][0xbf][0xbd][0x15]d[0xef][0xbf][0xbd][0x12][0xb]i{h[0xef][0xbf][0xbd]t[0xef][0xbf][0xbd]y[0xef][0xbf][0xbd][\r]m[0xc5][0xb3][0xef][0xbf][0xbd][0xca][0xba][0xef][0xbf][0xbd][0xef][0xbf][0xbd][0xef][0xbf][0xbd]a[0xef][0xbf][0xbd]<[0xef][0xbf][0xbd]4(-[0xef][0xbf][0xbd]O[0xef][0xbf][0xbd][0x12]L\[0xef][0xbf][0xbd]'[0xef][0xbf][0xbd][0xef][0xbf][0xbd](,`QP[0xef][0xbf][0xbd]A[0xef][0xbf][0xbd]'0[0xef][0xbf][0xbd]=[0xe2][0xb2][0x84][0xef][0xbf][0xbd][0xef][0xbf][0xbd][0xef][0xbf][0xbd]m[0x0]c[0xef][0xbf][0xbd][0xef][0xbf][0xbd]:[0xef][0xbf][0xbd][0x13]Q[0xef][0xbf][0xbd]z[0xef][0xbf][0xbd]<-[0xef][0xbf][0xbd]?iq[0xef][0xbf][0xbd][0xef][0xbf][0xbd][0xef][0xbf][0xbd]0[0xef][0xbf][0xbd][0x15][0xef][0xbf][0xbd][0xef][0xbf][0xbd]_[0xef][0xbf][0xbd][0xef][0xbf][0xbd]J[0xef][0xbf][0xbd][0xef][0xbf][0xbd]D[0xef][0xbf][0xbd]r![0xef][0xbf][0xbd][0x10]>[[0xef][0xbf][0xbd][0xef][0xbf][0xbd][0xc7][0xac][0xef][0xbf][0xbd]O[0xef][0xbf][0xbd]f[0xef][0xbf][0xbd][0xef][0xbf][0xbd][0xef][0xbf][0xbd][0xef][0xbf][0xbd]r[0xef][0xbf][0xbd][0xef][0xbf][0xbd][0x1e][0x7]C[0xef][0xbf][0xbd]L[0xc4][0xa0][[0xef][0xbf][0xbd]YGn[0xef][0xbf][0xbd]pa[0xef][0xbf][0xbd][0xef][0xbf][0xbd]W2[0xc6][0xb9][0xef][0xbf][0xbd][0x1]x-[0xef][0xbf][0xbd][0xef][0xbf][0xbd][0xef][0xbf][0xbd][0xef][0xbf][0xbd][0x16][0xef][0xbf][0xbd][0xef][0xbf][0xbd][0x5][0xef][0xbf][0xbd])[0xef][0xbf][0xbd][0xef][0xbf][0xbd]])[0xef][0xbf][0xbd]B[0xef][0xbf][0xbd][0xef][0xbf][0xbd][0xef][0xbf][0xbd]Q[0xef][0xbf][0xbd][0xef][0xbf][0xbd]h3[0xef][0xbf][0xbd]9[0xf][0xef][0xbf][0xbd][0xef][0xbf][0xbd]0[0xef][0xbf][0xbd][0xef][0xbf][0xbd][0xef][0xbf][0xbd]X*[0xef][0xbf][0xbd]+[0xef][0xbf][0xbd][0xef][0xbf][0xbd]D[0xef][0xbf][0xbd][0x18][0xef][0xbf][0xbd][0xef][0xbf][0xbd]hO[0x16][0xe5][0xb5][0xbc]e[0xef][0xbf][0xbd][0xef][0xbf][0xbd][0xef][0xbf][0xbd][0xef][0xbf][0xbd].[0xef][0xbf][0xbd]]u[0x11]Y[0xef][0xbf][0xbd];[0xef][0xbf][0xbd][0xdb][0x93][0xef][0xbf][0xbd]>[0x4]Z@[0xef][0xbf][0xbd][0xe][0xef][0xbf][0xbd][0xef][0xbf][0xbd][0xef][0xbf][0xbd][0xd9][0xb3]o][0x3][0xef][0xbf][0xbd]_[0x15]-[0xef][0xbf][0xbd]Kn[0xef][0xbf][0xbd]x1[0xef][0xbf][0xbd]P5yJ[0xef][0xbf][0xbd]Pg[0xef][0xbf][0xbd][0xef][0xbf][0xbd][0xef][0xbf][0xbd]S[0xef][0xbf][0xbd][0x6][0xef][0xbf][0xbd]A[0xef][0xbf][0xbd]|[0xef][0xbf][0xbd]YPQ[0xef][0xbf][0xbd][0x2][0x11]W [0xef][0xbf][0xbd][0xef][0xbf][0xbd],'[0x17]I=[0xef][0xbf][0xbd]][0xef][0xbf][0xbd].[0xef][0xbf][0xbd][0x11]O[0x3][0xef][0xbf][0xbd]T+[0xef][0xbf][0xbd][0xef][0xbf][0xbd][0xef][0xbf][0xbd][0xef][0xbf][0xbd]([\r]=[0xef][0xbf][0xbd][0x4][0xef][0xbf][0xbd][0xd3][0x86]Z[0xef][0xbf][0xbd][0xef][0xbf][0xbd][0xef][0xbf][0xbd][0x9][0x12]V[0xef][0xbf][0xbd]N[0xef][0xbf][0xbd][0xef][0xbf][0xbd]9[0x1a]t[0xef][0xbf][0xbd][0xb]v[0xef][0xbf][0xbd][0xef][0xbf][0xbd][0xef][0xbf][0xbd][0xef][0xbf][0xbd][0xef][0xbf][0xbd]:[0xef][0xbf][0xbd][0xef][0xbf][0xbd][0xef][0xbf][0xbd][0xef][0xbf][0xbd]l}n[0xef][0xbf][0xbd],[0xef][0xbf][0xbd][0xef][0xbf][0xbd][0xef][0xbf][0xbd][0xd1][0xa7][0x17][0xef][0xbf][0xbd])}D[0x14][0xef][0xbf][0xbd][0x0][0xef][0xbf][0xbd]r[0x1c][0xef][0xbf][0xbd][0xef][0xbf][0xbd][0x16][0xef][0xbf][0xbd][0x1f][0xef][0xbf][0xbd](P[0xef][0xbf][0xbd]%s[0xef][0xbf][0xbd]~[0xef][0xbf][0xbd][0xef][0xbf][0xbd]tG[0xef][0xbf][0xbd][0xef][0xbf][0xbd][0x14][0x4]V[0xef][0xbf][0xbd][0xef][0xbf][0xbd][0xef][0xbf][0xbd][0xd6][0xbc][0xef][0xbf][0xbd][0xef][0xbf][0xbd]B[0x1c][\n]"
07:56:28.617 [main] DEBUG org.apache.http.wire -  >> "[0xef][0xbf][0xbd][0xef][0xbf][0xbd][0xef][0xbf][0xbd][0xef][0xbf][0xbd]}y[0xef][0xbf][0xbd][0xef][0xbf][0xbd]^J@[0xef][0xbf][0xbd][0xef][0xbf][0xbd][0xef][0xbf][0xbd][0x11][\r] [0x1c][0xef][0xbf][0xbd][0xef][0xbf][0xbd][0xc][0xef][0xbf][0xbd][0x1b][0xef][0xbf][0xbd]Y[0x3]A2[0xef][0xbf][0xbd][0xef][0xbf][0xbd][0x16]"
07:56:28.618 [main] DEBUG org.apache.http.wire -  >> "[0xef][0xbf][0xbd]fV[[0xef][0xbf][0xbd][0xef][0xbf][0xbd]PR[0xef][0xbf][0xbd][0xef][0xbf][0xbd][0xc]N[0x14][0xef][0xbf][0xbd]DZ[0xef][0xbf][0xbd]K;Q[0xef][0xbf][0xbd]~PI[0xef][0xbf][0xbd][0xef][0xbf][0xbd][0xef][0xbf][0xbd][0x1e][0xef][0xbf][0xbd][0xef][0xbf][0xbd]zgv&Z[0x1c][0xef][0xbf][0xbd][0x1a][0xe][0xef][0xbf][0xbd][0xef][0xbf][0xbd][0xef][0xbf][0xbd][0xef][0xbf][0xbd][0xef][0xbf][0xbd][0xef][0xbf][0xbd][0x14][0xcc][0x8c]Q[0xef][0xbf][0xbd][0x17]_[0x14][0xef][0xbf][0xbd][0x12][0xc2][0x9c]G[0x7]H:[0xef][0xbf][0xbd][0xef][0xbf][0xbd][0xef][0xbf][0xbd][0xef][0xbf][0xbd][0x15][0xef][0xbf][0xbd]VS6,[0xef][0xbf][0xbd][0xef][0xbf][0xbd][0xef][0xbf][0xbd]h[0xef][0xbf][0xbd]i5[0xef][0xbf][0xbd][0xef][0xbf][0xbd][0xef][0xbf][0xbd][0xef][0xbf][0xbd]2k[0xef][0xbf][0xbd][0xef][0xbf][0xbd][0xef][0xbf][0xbd][0xef][0xbf][0xbd][0xd8][0x9a][0xef][0xbf][0xbd][0xef][0xbf][0xbd][0xef][0xbf][0xbd]?[0xef][0xbf][0xbd] d[0xef][0xbf][0xbd][I[0xef][0xbf][0xbd][0x1][0xef][0xbf][0xbd][0xef][0xbf][0xbd][0xf][0xef][0xbf][0xbd][0xef][0xbf][0xbd][0xef][0xbf][0xbd][0xef][0xbf][0xbd][0x5][0xef][0xbf][0xbd][0xef][0xbf][0xbd]`[0xef][0xbf][0xbd]k[0xef][0xbf][0xbd]L[0xef][0xbf][0xbd]{C3X[0x7][0xd8][0xa6][0xef][0xbf][0xbd][0xef][0xbf][0xbd][0xef][0xbf][0xbd][0x12]|[0xdb][0x84]kmh[0x1f][0xef][0xbf][0xbd][0xef][0xbf][0xbd][0xcb][0xbf][0xef][0xbf][0xbd][0xef][0xbf][0xbd]{[0xef][0xbf][0xbd][0xef][0xbf][0xbd][0xef][0xbf][0xbd]wK[0xb][0xef][0xbf][0xbd][0xef][0xbf][0xbd][0x1d][0xef][0xbf][0xbd][0xc2][0x9f][0xef][0xbf][0xbd][0xef][0xbf][0xbd][0xef][0xbf][0xbd]}[0xef][0xbf][0xbd][0xef][0xbf][0xbd][0xef][0xbf][0xbd][[0xef][0xbf][0xbd]]BZH[0xef][0xbf][0xbd][0x4][0xef][0xbf][0xbd][0xef][0xbf][0xbd]E[0xef][0xbf][0xbd][0xef][0xbf][0xbd][0xef][0xbf][0xbd]_[0xef][0xbf][0xbd]s[0xef][0xbf][0xbd]][0xef][0xbf][0xbd][0xc3][0xa5][0xef][0xbf][0xbd][0xd5][0x82]T[0xef][0xbf][0xbd][0xef][0xbf][0xbd]5B[0xef][0xbf][0xbd]F+[0x1][0x18][0xef][0xbf][0xbd][0xef][0xbf][0xbd][0xef][0xbf][0xbd][0xc7][0x9e][0xef][0xbf][0xbd][0x0][0xef][0xbf][0xbd][0xef][0xbf][0xbd]K[0xef][0xbf][0xbd][0xef][0xbf][0xbd][0xef][0xbf][0xbd][0xef][0xbf][0xbd][0xef][0xbf][0xbd][0x2][0xef][0xbf][0xbd][0x11]3][0xef][0xbf][0xbd][0xef][0xbf][0xbd]n[0x11][0x8][0xef][0xbf][0xbd]K[0xef][0xbf][0xbd][0xef][0xbf][0xbd][0xdd][0x8c][0xef][0xbf][0xbd][0x8]k[0xef][0xbf][0xbd][\n]"
07:56:28.618 [main] DEBUG org.apache.http.wire -  >> "q/$[0xef][0xbf][0xbd][0x1b][0xef][0xbf][0xbd][0xef][0xbf][0xbd]z[0x11][0x5]7[0xe][0xef][0xbf][0xbd][0xef][0xbf][0xbd][0xef][0xbf][0xbd]([0xef][0xbf][0xbd]K3[0x1c][0xef][0xbf][0xbd]S [0xef][0xbf][0xbd][0x0][0xef][0xbf][0xbd]M[0xef][0xbf][0xbd]T[\n]"
07:56:28.619 [main] DEBUG org.apache.http.wire -  >> "[0x1d][0xef][0xbf][0xbd][0x18][0xef][0xbf][0xbd]E/A[0xef][0xbf][0xbd][0xef][0xbf][0xbd][0xef][0xbf][0xbd][0xef][0xbf][0xbd]>Wp[0x10][0xef][0xbf][0xbd]M[0xef][0xbf][0xbd][0xef][0xbf][0xbd][0x6][0xef][0xbf][0xbd]1[0x4][0xef][0xbf][0xbd]S`[0xef][0xbf][0xbd]~[0xf3][0xbe][0xa9][0xb6][0xef][0xbf][0xbd]H[0xef][0xbf][0xbd]Dp[0xef][0xbf][0xbd][0xef][0xbf][0xbd]q[0xef][0xbf][0xbd][0xef][0xbf][0xbd][0xef][0xbf][0xbd]Q@[0xef][0xbf][0xbd][0xef][0xbf][0xbd]2U[0xef][0xbf][0xbd][0xef][0xbf][0xbd]f[0xef][0xbf][0xbd][0xef][0xbf][0xbd][0x8]i;[0x19]s[0x7]A$![0xef][0xbf][0xbd][0xef][0xbf][0xbd][0x2]>[0xce][0xbd][0xef][0xbf][0xbd]:[0xef][0xbf][0xbd]Xt[0xef][0xbf][0xbd]A@w[0xc][0xef][0xbf][0xbd][0xef][0xbf][0xbd] [0xef][0xbf][0xbd][0xef][0xbf][0xbd]`%[0x17][0xef][0xbf][0xbd][0xef][0xbf][0xbd][0xef][0xbf][0xbd][0xef][0xbf][0xbd][0xef][0xbf][0xbd]X\Z[0xef][0xbf][0xbd][0xef][0xbf][0xbd][0x17][0xef][0xbf][0xbd])O[0xd0][0x8b](~[0xef][0xbf][0xbd]bc7|b:[0xef][0xbf][0xbd][0xef][0xbf][0xbd][0xef][0xbf][0xbd][0xef][0xbf][0xbd]hq+[0x3]r[0xef][0xbf][0xbd][0xef][0xbf][0xbd][0x18][0xef][0xbf][0xbd][0x0][0xef][0xbf][0xbd][0xef][0xbf][0xbd][0xef][0xbf][0xbd]3[0xef][0xbf][0xbd]:[0x6][0xef][0xbf][0xbd][0xef][0xbf][0xbd][0xef][0xbf][0xbd]3[0x5][0xef][0xbf][0xbd][0xef][0xbf][0xbd]IJ[0xef][0xbf][0xbd][0xef][0xbf][0xbd][0xef][0xbf][0xbd][0x12][0x10][0x0]~fK[0xef][0xbf][0xbd]z[0xe]][0xef][0xbf][0xbd][0xef][0xbf][0xbd][0xef][0xbf][0xbd],[0xef][0xbf][0xbd][0xef][0xbf][0xbd]I[0xef][0xbf][0xbd][0xef][0xbf][0xbd]<[0xef][0xbf][0xbd][0xef][0xbf][0xbd]X[0xef][0xbf][0xbd]3[0x6][0x1c][0x0][0xef][0xbf][0xbd][0xce][0x82][0x1f]n[0xef][0xbf][0xbd][0xef][0xbf][0xbd]@\Xe[0xef][0xbf][0xbd][0xef][0xbf][0xbd][0xef][0xbf][0xbd]u[0xef][0xbf][0xbd]F2j/[0xef][0xbf][0xbd]I[0xef][0xbf][0xbd][0xef][0xbf][0xbd][0x1e][0x8]'[0xef][0xbf][0xbd]Z)[0x13][0xef][0xbf][0xbd][0xef][0xbf][0xbd][0xef][0xbf][0xbd][0xef][0xbf][0xbd]>[0xef][0xbf][0xbd][0xef][0xbf][0xbd]}H[0xef][0xbf][0xbd][0xef][0xbf][0xbd][0xef][0xbf][0xbd]D[0xef][0xbf][0xbd]%[0xef][0xbf][0xbd][0xcf][0xbd]u[0x1d][0xef][0xbf][0xbd]/[0xef][0xbf][0xbd][0xef][0xbf][0xbd]38[0xef][0xbf][0xbd]u[0xef][0xbf][0xbd][0x3]H[0xef][0xbf][0xbd]I![0xef][0xbf][0xbd][0xdc][0xba][0xef][0xbf][0xbd][0xcc][0xbe][0xef][0xbf][0xbd][[0xef][0xbf][0xbd]$][0xef][0xbf][0xbd][0xc4][0xb3][0xef][0xbf][0xbd]![0xef][0xbf][0xbd]V[0xef][0xbf][0xbd][0xef][0xbf][0xbd]p&9[0xef][0xbf][0xbd][0xef][0xbf][0xbd]S[0xef][0xbf][0xbd][0xef][0xbf][0xbd]&[0xef][0xbf][0xbd]l[0x15][0xef][0xbf][0xbd][0xef][0xbf][0xbd];[0xef][0xbf][0xbd]58[0xef][0xbf][0xbd][0x12]3[0xef][0xbf][0xbd][0xef][0xbf][0xbd]B[0xef][0xbf][0xbd][0xef][0xbf][0xbd][0xef][0xbf][0xbd][0xef][0xbf][0xbd][0xef][0xbf][0xbd]d[0xef][0xbf][0xbd][0xef][0xbf][0xbd]E#[0xef][0xbf][0xbd]z[0x7]p[0xef][0xbf][0xbd][0xef][0xbf][0xbd][0xef][0xbf][0xbd][0xc])v[\n]"
07:56:28.619 [main] DEBUG org.apache.http.wire -  >> "[0xef][0xbf][0xbd]r[0xef][0xbf][0xbd][0xef][0xbf][0xbd][0x3][0xef][0xbf][0xbd]v[0xef][0xbf][0xbd]O[0xef][0xbf][0xbd]?[0xef][0xbf][0xbd][0x1d]K/[0xef][0xbf][0xbd]%[0x7][0xef][0xbf][0xbd][0xef][0xbf][0xbd]i[0xef][0xbf][0xbd][0x15]z[0x12]r[0xef][0xbf][0xbd][0xef][0xbf][0xbd][0xef][0xbf][0xbd][0xef][0xbf][0xbd][0xef][0xbf][0xbd]u?Y[0xef][0xbf][0xbd][0xef][0xbf][0xbd][0xef][0xbf][0xbd]([0xef][0xbf][0xbd]xP[0xef][0xbf][0xbd][0xf][0x1a][0xef][0xbf][0xbd]~[0xef][0xbf][0xbd][0x6][0xef][0xbf][0xbd][0xef][0xbf][0xbd][0xef][0xbf][0xbd]![0x17][0xef][0xbf][0xbd][0xef][0xbf][0xbd][0xef][0xbf][0xbd][0x12]u=X^[0xef][0xbf][0xbd][0xef][0xbf][0xbd][0xef][0xbf][0xbd]C[0x8][0xef][0xbf][0xbd][0x19][0xef][0xbf][0xbd]j"[0xef][0xbf][0xbd][0xef][0xbf][0xbd][0x1a][0xef][0xbf][0xbd][[0xef][0xbf][0xbd][0xef][0xbf][0xbd][0xef][0xbf][0xbd][0xef][0xbf][0xbd][0xef][0xbf][0xbd][0xef][0xbf][0xbd][0xef][0xbf][0xbd][0xec][0x94][0x89][0xef][0xb0][0x99](:[0x4]9[0xef][0xbf][0xbd][0xef][0xbf][0xbd])[0xef][0xbf][0xbd][0xef][0xbf][0xbd]y[0xef][0xbf][0xbd][0x6][\n]"
07:56:28.619 [main] DEBUG org.apache.http.wire -  >> "[0xef][0xbf][0xbd][0xb]m[0xef][0xbf][0xbd]iX[0x4][0xef][0xbf][0xbd]T[0xef][0xbf][0xbd].Z[0xef][0xbf][0xbd]f[0xef][0xbf][0xbd]}i[0xef][0xbf][0xbd]0[0xef][0xbf][0xbd]$[0xef][0xbf][0xbd]E[0xef][0xbf][0xbd]2R[0xef][0xbf][0xbd]k[0xef][0xbf][0xbd]vL[0xef][0xbf][0xbd]4@Z)[0x1a]P[0x12][0xef][0xbf][0xbd][0x12][0xef][0xbf][0xbd]_uW[0xef][0xbf][0xbd]9[0x9]([0xef][0xbf][0xbd]c[0xef][0xbf][0xbd]8[0xef][0xbf][0xbd]kH5[0xef][0xbf][0xbd][0xef][0xbf][0xbd]Po[0xe7][0xa3][0x8d][0xef][0xbf][0xbd][0xef][0xbf][0xbd][0x19][0xef][0xbf][0xbd];>n[0x5][0xef][0xbf][0xbd][0xef][0xbf][0xbd]*[0xef][0xbf][0xbd]]gU[0xef][0xbf][0xbd][\r][0xef][0xbf][0xbd][0x15][0xef][0xbf][0xbd][0xef][0xbf][0xbd][0xef][0xbf][0xbd]q[0xef][0xbf][0xbd][0xef][0xbf][0xbd][0xef][0xbf][0xbd]4[0xef][0xbf][0xbd]G[0xef][0xbf][0xbd][0x1d][0xef][0xbf][0xbd]?[0xef][0xbf][0xbd]VS[0xef][0xbf][0xbd]Tr[\n]"
07:56:28.619 [main] DEBUG org.apache.http.wire -  >> "[0x15][0xef][0xbf][0xbd]*[0xef][0xbf][0xbd]g[0xef][0xbf][0xbd]l[0xef][0xbf][0xbd]Z[0xef][0xbf][0xbd]y[0x9] [0x15][0xef][0xbf][0xbd][0xef][0xbf][0xbd][0x8]bP[0xef][0xbf][0xbd]jnQ[0xef][0xbf][0xbd][0xef][0xbf][0xbd]J[0xcb][0x8b][0xef][0xbf][0xbd]z[0xef][0xbf][0xbd][0xef][0xbf][0xbd]|[0xef][0xbf][0xbd]>$Z@&[0x4][0x10][0xef][0xbf][0xbd][0xef][0xbf][0xbd][0xef][0xbf][0xbd][0xef][0xbf][0xbd][0xef][0xbf][0xbd];4][0xef][0xbf][0xbd][0x9][0xef][0xbf][0xbd]k[0xef][0xbf][0xbd][0xef][0xbf][0xbd][0xef][0xbf][0xbd][0xef][0xbf][0xbd]"q([[0x5]D)[0xef][0xbf][0xbd][0xef][0xbf][0xbd][\n]"
07:56:28.619 [main] DEBUG org.apache.http.wire -  >> "[0xef][0xbf][0xbd][0xc][0xef][0xbf][0xbd][0xef][0xbf][0xbd][0xef][0xbf][0xbd][0xef][0xbf][0xbd]Nn[0xef][0xbf][0xbd]([0xef][0xbf][0xbd][0xef][0xbf][0xbd].8[0xef][0xbf][0xbd][0xef][0xbf][0xbd][0xef][0xbf][0xbd]z[0xef][0xbf][0xbd]F[0x19]![0xef][0xbf][0xbd][0xef][0xbf][0xbd]O[0xef][0xbf][0xbd][0xef][0xbf][0xbd][0xef][0xbf][0xbd]g[0xdc][0xaf][0xef][0xbf][0xbd]]"[0xef][0xbf][0xbd][0xef][0xbf][0xbd]6[0x7][0xef][0xbf][0xbd][0xef][0xbf][0xbd][0xef][0xbf][0xbd][0xef][0xbf][0xbd]$[0xf]8I[0xef][0xbf][0xbd][0xef][0xbf][0xbd]O\[0xef][0xbf][0xbd][0x14]tXl\[0xef][0xbf][0xbd][0xef][0xbf][0xbd][0xef][0xbf][0xbd][0xef][0xbf][0xbd][0xef][0xbf][0xbd][0xef][0xbf][0xbd][0xef][0xbf][0xbd].$[0xef][0xbf][0xbd]A[0x1a][0xef][0xbf][0xbd][0xca][0xbf][0xcb][0xa6][0xef][0xbf][0xbd]J[0xef][0xbf][0xbd][0xef][0xbf][0xbd]b[0x5][0x0][0x5][0xef][0xbf][0xbd][0xef][0xbf][0xbd][0xef][0xbf][0xbd][0x1e][0x6]%:x&[0xef][0xbf][0xbd]i[0xef][0xbf][0xbd][0xef][0xbf][0xbd][0xef][0xbf][0xbd][0xef][0xbf][0xbd]Z[0xb][0xef][0xbf][0xbd][0x16][0xef][0xbf][0xbd]y[0x6][0xef][0xbf][0xbd][0xef][0xbf][0xbd]K[0xef][0xbf][0xbd]V[0xef][0xbf][0xbd][0xf]![0xef][0xbf][0xbd][0xef][0xbf][0xbd]F[0xef][0xbf][0xbd][0xef][0xbf][0xbd][0xef][0xbf][0xbd]5[0xef][0xbf][0xbd][0xef][0xbf][0xbd]&g[0xef][0xbf][0xbd][0xc5][0x86][0x12][0xef][0xbf][0xbd]Z[0xef][0xbf][0xbd]Z;S[0xef][0xbf][0xbd]x[0xef][0xbf][0xbd][0xef][0xbf][0xbd][0xef][0xbf][0xbd][0x7][0xef][0xbf][0xbd]I[0xef][0xbf][0xbd]{[0xef][0xbf][0xbd][0xef][0xbf][0xbd]t[0x7][0xef][0xbf][0xbd]J[0xca][0x99][0x9]Hx[0xef][0xbf][0xbd][0xcf][0xa9]v?[0xef][0xbf][0xbd]$JI[0xef][0xbf][0xbd][0x12][0xef][0xbf][0xbd]N[0xef][0xbf][0xbd]G[0xef][0xbf][0xbd][0x5])[0xef][0xbf][0xbd][0xef][0xbf][0xbd][0xef][0xbf][0xbd]h[0xef][0xbf][0xbd][0xd9][0x8a][0xef][0xbf][0xbd][0xef][0xbf][0xbd]d[0xef][0xbf][0xbd][0x1a]s[0xef][0xbf][0xbd][0xef][0xbf][0xbd][0xef][0xbf][0xbd][0x8][0xef][0xbf][0xbd][0xef][0xbf][0xbd][0xef][0xbf][0xbd][0xef][0xbf][0xbd][0xef][0xbf][0xbd]8[0xef][0xbf][0xbd]u[0xef][0xbf][0xbd]m[0xef][0xbf][0xbd][0x0])Q`[0xef][0xbf][0xbd][0x5][0xef][0xbf][0xbd]Y[0xb][0xef][0xbf][0xbd][0xec][0x9f][0x9b][0xef][0xbf][0xbd][0xef][0xbf][0xbd][0xef][0xbf][0xbd][0xef][0xbf][0xbd][0xef][0xbf][0xbd][0xef][0xbf][0xbd][0xef][0xbf][0xbd][0xef][0xbf][0xbd][0xc2][0xab][0xef][0xbf][0xbd][0x2][0x1a]SWPb[0xde][0xb5][0xe5][0x91][0xac]h$[0xef][0xbf][0xbd]>|[0xef][0xbf][0xbd]T[0xef][0xbf][0xbd][0x5]0[0xef][0xbf][0xbd][0xc][0xef][0xbf][0xbd]>h[0xef][0xbf][0xbd][0xef][0xbf][0xbd][0xef][0xbf][0xbd][0x19][0xef][0xbf][0xbd]l0/[0xef][0xbf][0xbd]'[0x3]~0[0xef][0xbf][0xbd][0x11]FU[0xef][0xbf][0xbd][0xef][0xbf][0xbd][0x11][0xef][0xbf][0xbd]M[0xef][0xbf][0xbd][0xef][0xbf][0xbd]J[0x7][0xd6][0x91][0xef][0xbf][0xbd][0x0][0xef][0xbf][0xbd][0xc2][0xbc]}[0xef][0xbf][0xbd][0xef][0xbf][0xbd][0xef][0xbf][0xbd]7[0xef][0xbf][0xbd][0xef][0xbf][0xbd][0xef][0xbf][0xbd][0xdf][0xb4][0xf][0xef][0xbf][0xbd][0xef][0xbf][0xbd][0x16][0x1d]D[0x10]s[0xef][0xbf][0xbd][0xef][0xbf][0xbd][0xef][0xbf][0xbd]{[0xc3][0x98][0x14]W[0xef][0xbf][0xbd][0x1f][0xef][0xbf][0xbd]Q[0xe5][0xbf][0xba]@[0x4]f[0xef][0xbf][0xbd][0x16]K.[0xef][0xbf][0xbd][0x8]U[0xef][0xbf][0xbd]fvb>`&[0xef][0xbf][0xbd]x[0xef][0xbf][0xbd][0xef][0xbf][0xbd]&[0xef][0xbf][0xbd][0x1a][0xef][0xbf][0xbd][0xef][0xbf][0xbd][0xef][0xbf][0xbd][0xda][0xa1][0x19][0xef][0xbf][0xbd][0xef][0xbf][0xbd]X[0xef][0xbf][0xbd][0x7][0xef][0xbf][0xbd]H[0xef][0xbf][0xbd][0xc][0xcb][0x95][0x13][0xef][0xbf][0xbd]Xej[\r][0xef][0xbf][0xbd]v[\r][0xef][0xbf][0xbd][0x9]\"[0xef][0xbf][0xbd][\n]"
07:56:28.620 [main] DEBUG org.apache.http.wire -  >> "[0xef][0xbf][0xbd][0xef][0xbf][0xbd]r[0xef][0xbf][0xbd][0x0]N[0xef][0xbf][0xbd]W[0xef][0xbf][0xbd]xd<[0xef][0xbf][0xbd][0xef][0xbf][0xbd][0xef][0xbf][0xbd][0xef][0xbf][0xbd]n[0x17]7[0xef][0xbf][0xbd]nCI[0xef][0xbf][0xbd][0xef][0xbf][0xbd]L6S[0xef][0xbf][0xbd]Uj[0xef][0xbf][0xbd][0xef][0xbf][0xbd][0xef][0xbf][0xbd]d[0xef][0xbf][0xbd][0xef][0xbf][0xbd]=[0xb][0xef][0xbf][0xbd][0xef][0xbf][0xbd][0xef][0xbf][0xbd]l[0xef][0xbf][0xbd][0xef][0xbf][0xbd][0xef][0xbf][0xbd][0xef][0xbf][0xbd][0xef][0xbf][0xbd][0x12]h[0xd5][0xa8][0xd9][0x95]!8O[0xef][0xbf][0xbd][0x10][0x5][0xef][0xbf][0xbd]C\/[0xef][0xbf][0xbd][0x7]V[0xef][0xbf][0xbd][0xef][0xbf][0xbd][0xd0][0xb2]/[0xef][0xbf][0xbd][0xef][0xbf][0xbd][0xef][0xbf][0xbd][0x7][0xef][0xbf][0xbd][0xef][0xbf][0xbd][0xef][0xbf][0xbd][0xef][0xbf][0xbd][0xef][0xbf][0xbd]9[0xef][0xbf][0xbd][0xef][0xbf][0xbd][0xef][0xbf][0xbd][0xef][0xbf][0xbd]>Q[0xef][0xbf][0xbd][0xb][0xef][0xbf][0xbd]dr[0xef][0xbf][0xbd][0xef][0xbf][0xbd]V[0xef][0xbf][0xbd]6_[0xef][0xbf][0xbd][0xef][0xbf][0xbd]Z[0xef][0xbf][0xbd]g)[0x12][0xef][0xbf][0xbd][0xef][0xbf][0xbd][0xef][0xbf][0xbd]\[0xef][0xbf][0xbd]@[0xef][0xbf][0xbd][0xef][0xbf][0xbd]3[0xef][0xbf][0xbd]W0n[[0xef][0xbf][0xbd]U[0xcd][0x8c][0xef][0xbf][0xbd][0xef][0xbf][0xbd]}0[0xef][0xbf][0xbd][0xef][0xbf][0xbd]l[0xef][0xbf][0xbd][0x6]b[0xef][0xbf][0xbd][0xef][0xbf][0xbd]Z[0xef][0xbf][0xbd][0xef][0xbf][0xbd][0xef][0xbf][0xbd][0x10]d8[0xef][0xbf][0xbd]t[0x1b][0xef][0xbf][0xbd]I[0xef][0xbf][0xbd][0x3][0xef][0xbf][0xbd][0xef][0xbf][0xbd][0xef][0xbf][0xbd][0xef][0xbf][0xbd][0xef][0xbf][0xbd]\Um[0xef][0xbf][0xbd][0xef][0xbf][0xbd][0xef][0xbf][0xbd]c%[0xef][0xbf][0xbd]8-L[0xef][0xbf][0xbd][0xb]}([0xef][0xbf][0xbd]'[0x2]\[0x1a][0xef][0xbf][0xbd][0xef][0xbf][0xbd][0xef][0xbf][0xbd][0xef][0xbf][0xbd]u[0xef][0xbf][0xbd][0xd1][0x88]u"[0xef][0xbf][0xbd][0xef][0xbf][0xbd][0xe]0[0xef][0xbf][0xbd][0xef][0xbf][0xbd][0xef][0xbf][0xbd][0xef][0xbf][0xbd]R[0xef][0xbf][0xbd]B[0xef][0xbf][0xbd]j[0xef][0xbf][0xbd]*[0xef][0xbf][0xbd][0xef][0xbf][0xbd][0x7][0xef][0xbf][0xbd][0xef][0xbf][0xbd][0xef][0xbf][0xbd][0xef][0xbf][0xbd]~[0xef][0xbf][0xbd][0xef][0xbf][0xbd][0xef][0xbf][0xbd]![0xd3][0xb2][0xc8][0xac]A[0xef][0xbf][0xbd]:L[0xf][0xef][0xbf][0xbd][0xef][0xbf][0xbd][0xef][0xbf][0xbd][0xef][0xbf][0xbd]YVA[0xef][0xbf][0xbd]2[0xef][0xbf][0xbd]@F[0xef][0xbf][0xbd][0x12]g[0xef][0xbf][0xbd][0xef][0xbf][0xbd]K[0xef][0xbf][0xbd][0xef][0xbf][0xbd]2S4[0xef][0xbf][0xbd][0xef][0xbf][0xbd][0xef][0xbf][0xbd][0xef][0xbf][0xbd][0xef][0xbf][0xbd][0xef][0xbf][0xbd][0xef][0xbf][0xbd][0x2][0x1f]Q[0xef][0xbf][0xbd]0^/5[0xef][0xbf][0xbd][0xef][0xbf][0xbd]l*[0xc9][0xb5][0xef][0xbf][0xbd][0xef][0x92][0x8c]n[0xef][0xbf][0xbd]"[0xef][0xbf][0xbd]j[0xef][0xbf][0xbd]zI+9[0xef][0xbf][0xbd]v[\r][0xef][0xbf][0xbd][0xef][0xbf][0xbd][0xef][0xbf][0xbd]4,S[0xef][0xbf][0xbd]M[0xef][0xbf][0xbd][0xe8][0xb6][0xb1]@[0xef][0xbf][0xbd][\r],[0xef][0xbf][0xbd]B[0xef][0xbf][0xbd][0xef][0xbf][0xbd][0xef][0xbf][0xbd]JT[0xef][0xbf][0xbd]`[0xef][0xbf][0xbd][0xef][0xbf][0xbd]z[0xef][0xbf][0xbd]6[0xef][0xbf][0xbd][0xef][0xbf][0xbd][0x1e][0xef][0xbf][0xbd];[0xef][0xbf][0xbd]e[0xef][0xbf][0xbd]E3KA,N[0x5][0xef][0xbf][0xbd]j[0xef][0xbf][0xbd]n[0xef][0xbf][0xbd][0xef][0xbf][0xbd]r[0xef][0xbf][0xbd]nJRj[0xef][0xbf][0xbd])\k[0xef][0xbf][0xbd][0xef][0xbf][0xbd]Q[0xef][0xbf][0xbd][0xef][0xbf][0xbd][0x2][0x6]h[0xef][0xbf][0xbd][0x10][0xef][0xbf][0xbd][0xef][0xbf][0xbd]D[0xc][0xef][0xbf][0xbd]B[0x16]\[0xef][0xbf][0xbd]NL[0xf][0xef][0xbf][0xbd][0xef][0xbf][0xbd][0x5][0xef][0xbf][0xbd][0xef][0xbf][0xbd]?[0xe][0x19]. ![0xef][0xbf][0xbd][0x1e][0xef][0xbf][0xbd]L[0xef][0xbf][0xbd][0xef][0xbf][0xbd][0x8][0x5]1Z[0xef][0xbf][0xbd]r[0xef][0xbf][0xbd]Y[h[0xef][0xbf][0xbd][0xef][0xbf][0xbd]M[0xef][0xbf][0xbd]6[0xef][0xbf][0xbd][0xef][0xbf][0xbd][0xef][0xbf][0xbd][0xef][0xbf][0xbd][0xef][0xbf][0xbd].dB[0xef][0xbf][0xbd]Q[0xb][0xef][0xbf][0xbd][0x12][0xef][0xbf][0xbd]Yc[0xef][0xbf][0xbd][0xef][0xbf][0xbd][0x1d][0x7][0xef][0xbf][0xbd][0xef][0xbf][0xbd]Qi[0xef][0xbf][0xbd][0x17][0xef][0xbf][0xbd]M[0xef][0xbf][0xbd]l[0x6][0xef][0xbf][0xbd]j[0x19][0xef][0xbf][0xbd]#[0xef][0xbf][0xbd][0x6][0xef][0xbf][0xbd]~[0xef][0xbf][0xbd][Qil,[0xef][0xbf][0xbd][0x6][0xef][0xbf][0xbd]n[0xef][0xbf][0xbd]QY[#m[0xef][0xbf][0xbd][0xef][0xbf][0xbd][0xef][0xbf][0xbd][0xef][0xbf][0xbd]N[0xef][0xbf][0xbd]_,[0xef][0xbf][0xbd][0xef][0xbf][0xbd][0xef][0xbf][0xbd][0x13][0xef][0xbf][0xbd]JY[0xef][0xbf][0xbd][0xef][0xbf][0xbd][0xef][0xbf][0xbd]s[0xef][0xbf][0xbd]%,[0xef][0xbf][0xbd][0xef][0xbf][0xbd][0xc][0xef][0xbf][0xbd][0xef][0xbf][0xbd][0x1e][0xef][0xbf][0xbd]][0xef][0xbf][0xbd]",e[0x1d]8[0xef][0xbf][0xbd]3t[0xef][0xbf][0xbd][0xef][0xbf][0xbd]V[0xef][0xbf][0xbd][0xef][0xbf][0xbd][0xef][0xbf][0xbd]st[0xef][0xbf][0xbd][0xef][0xbf][0xbd][0x1]UJ[0xef][0xbf][0xbd]f[0xef][0xbf][0xbd][0xe][0xef][0xbf][0xbd][0x1f][0x12][0xef][0xbf][0xbd]S[0xef][0xbf][0xbd][0x14][0xef][0xbf][0xbd]'[0x1e][0xef][0xbf][0xbd][0xe][0x10][0xef][0xbf][0xbd][0xef][0xbf][0xbd];[0xef][0xbf][0xbd]}[0xef][0xbf][0xbd]Ef[0xef][0xbf][0xbd][0xef][0xbf][0xbd]@[0xef][0xbf][0xbd]c:fV[0x1e]\"[0x11]7[0xef][0xbf][0xbd][0xd6][0x90][0xef][0xbf][0xbd]+{[0xef][0xbf][0xbd][0xef][0xbf][0xbd][0xef][0xbf][0xbd][\r]7N][0xef][0xbf][0xbd][0xc9][0x92]I$H[0xef][0xbf][0xbd]8[0xef][0xbf][0xbd][0xef][0xbf][0xbd]T[0xef][0xbf][0xbd][0xef][0xbf][0xbd]P[0x1e][0xef][0xbf][0xbd][0xef][0xbf][0xbd][0xef][0xbf][0xbd][0x18][0xef][0xbf][0xbd]([0x15][0xef][0xbf][0xbd][0xef][0xbf][0xbd][0xef][0xbf][0xbd][0x2][0xef][0xbf][0xbd]p[0xef][0xbf][0xbd][0xef][0xbf][0xbd][0xd0][0xa2]f[0xef][0xbf][0xbd][0xef][0xbf][0xbd]t[0xef][0xbf][0xbd]YY[0xef][0xbf][0xbd][0xef][0xbf][0xbd]e6[0xef][0xbf][0xbd]K[0xef][0xbf][0xbd]B[0xef][0xbf][0xbd][0xef][0xbf][0xbd][0xef][0xbf][0xbd][0xef][0xbf][0xbd]|A[0xe3][0xa0][0xac]^[0xef][0xbf][0xbd][)z[0xef][0xbf][0xbd][0xef][0xbf][0xbd]J|sj[0x18][0xef][0xbf][0xbd]F,[0xef][0xbf][0xbd]T.[0xef][0xbf][0xbd][0x14]|[0xef][0xbf][0xbd][0xef][0xbf][0xbd]S[0xef][0xbf][0xbd]z[0xef][0xbf][0xbd]M[0xef][0xbf][0xbd][0xef][0xbf][0xbd]@m[0xef][0xbf][0xbd]@[0xb][0xef][0xbf][0xbd])[0xd9][0xb6]J[0x18][0xef][0xbf][0xbd][0xcb][0xba]As[0xef][0xbf][0xbd][0x13][0xef][0xbf][0xbd][0xef][0xbf][0xbd][0xef][0xbf][0xbd][0xef][0xbf][0xbd]$[0xef][0xbf][0xbd][0xef][0xbf][0xbd]y[0xb][0xef][0xbf][0xbd][0xef][0xbf][0xbd][0xef][0xbf][0xbd][0x1d]f[0xef][0xbf][0xbd]!t[0xef][0xbf][0xbd]>[0xef][0xbf][0xbd]K[0xef][0xbf][0xbd][0xef][0xbf][0xbd][0xef][0xbf][0xbd][0xef][0xbf][0xbd]u[0xef][0xbf][0xbd]p[0xef][0xbf][0xbd][0x1]}D3?[0xef][0xbf][0xbd][0xef][0xbf][0xbd][0xef][0xbf][0xbd][0xef][0xbf][0xbd][0xef][0xbf][0xbd][0xef][0xbf][0xbd]f[0xc2][0xaa]P[0xef][0xbf][0xbd][0xef][0xbf][0xbd]0[0xcc][0xa8]wt[0xf][0xef][0xbf][0xbd]i[0xef][0xbf][0xbd][0xef][0xbf][0xbd]J[0xef][0xbf][0xbd][0xef][0xbf][0xbd]P[0xef][0xbf][0xbd][0x8][0xef][0xbf][0xbd][0xef][0xbf][0xbd]c8[0xef][0xbf][0xbd][0xef][0xbf][0xbd][0x6]N;q`[0x14]5[0xef][0xbf][0xbd][0xef][0xbf][0xbd][0xca][0xb9][0xef][0xbf][0xbd][0x12][0x0][0x0][0x1f]}[0xef][0xbf][0xbd]Ny[0xef][0xbf][0xbd]c[0xc4][0xb1][0xef][0xbf][0xbd][0xef][0xbf][0xbd]/[0xef][0xbf][0xbd][0xef][0xbf][0xbd]L[0xef][0xbf][0xbd][0x1c][0xef][0xbf][0xbd]v[0xef][0xbf][0xbd][0xef][0xbf][0xbd]D[0xef][0xbf][0xbd]@j9[0xef][0xbf][0xbd][0x1]lO@oC[0xef][0xbf][0xbd][0xef][0xbf][0xbd][0x8]9[0xd8][0x8d][0xcb][0x98]@yZ[0xef][0xbf][0xbd][0xef][0xbf][0xbd]#9[0xd6][0x99][0xef][0xbf][0xbd]ipE[0xef][0xbf][0xbd][0xef][0xbf][0xbd]T[0xef][0xbf][0xbd]H[0xef][0xbf][0xbd]fb<[0xef][0xbf][0xbd][0xef][0xbf][0xbd][0xef][0xbf][0xbd]q[0xef][0xbf][0xbd][0xef][0xbf][0xbd]s[0xef][0xbf][0xbd][0xef][0xbf][0xbd][0xef][0xbf][0xbd][0xef][0xbf][0xbd][0xef][0xbf][0xbd][0xef][0xbf][0xbd][0xef][0xbf][0xbd]g_[0x10][0xef][0xbf][0xbd][0xef][0xbf][0xbd][0x16][0x10]4@[0xef][0xbf][0xbd][0xef][0xbf][0xbd][0x1a][0xef][0xbf][0xbd][0xef][0xbf][0xbd][0xef][0xbf][0xbd][0xef][0xbf][0xbd][0xef][0xbf][0xbd]~[0xcb][0x9e][0x2][0xef][0xbf][0xbd]g[0xef][0xbf][0xbd]`[0x2][0xef][0xbf][0xbd]]?>8.8[0xef][0xbf][0xbd][0xef][0xbf][0xbd][\r]*[0xef][0xbf][0xbd][0x18]z`[0xc6][0xa2]#d[0xef][0xbf][0xbd]_pz[0xef][0xbf][0xbd].Dg[0xce][0xb4][\r]1^[0xef][0xbf][0xbd][0xef][0xbf][0xbd]1y[0xef][0xbf][0xbd][0xef][0xbf][0xbd][0x4]i[0xef][0xbf][0xbd]b n[0xef][0xbf][0xbd][0xef][0xbf][0xbd][0x16]*1[0xef][0xbf][0xbd]LaG[0xef][0xbf][0xbd]Q[0xef][0xbf][0xbd][0xef][0xbf][0xbd][0xef][0xbf][0xbd]S/[0xb][0xef][0xbf][0xbd][0x8][0xe4][0xb2][0x82].[0xef][0xbf][0xbd][0xb][0xef][0xbf][0xbd][0xef][0xbf][0xbd]J[0xef][0xbf][0xbd][0x3][0xef][0xbf][0xbd][0xef][0xbf][0xbd]_[0xef][0xbf][0xbd]E[0xef][0xbf][0xbd][0xef][0xbf][0xbd][0xef][0xbf][0xbd]V[0xef][0xbf][0xbd][0xef][0xbf][0xbd]EWq[0x10]*%[0xef][0xbf][0xbd]8m[0xef][0xbf][0xbd]~`D[0xef][0xbf][0xbd][0xef][0xbf][0xbd]9[0xef][0xbf][0xbd][0xef][0xbf][0xbd]2W[0xef][0xbf][0xbd][0x19][0x15][0xef][0xbf][0xbd][0xef][0xbf][0xbd]8&[0xef][0xbf][0xbd][0xef][0xbf][0xbd]j[0xef][0xbf][0xbd][0x1b]b[0xef][0xbf][0xbd]uH&[0xef][0xbf][0xbd]W[0xb]>[0x17][0xef][0xbf][0xbd][0xef][0xbf][0xbd][0xef][0xbf][0xbd]rZ3U[0x17]X[0x16]"
07:56:28.621 [main] DEBUG org.apache.http.wire -  >> "=[0xef][0xbf][0xbd]R~g0c[0x1e][0xef][0xbf][0xbd]@[0xef][0xbf][0xbd][0xef][0xbf][0xbd][0xef][0xbf][0xbd][0xef][0xbf][0xbd]+z[0xef][0xbf][0xbd][0xef][0xbf][0xbd][0xef][0xbf][0xbd]'[0xef][0xbf][0xbd]n[0xef][0xbf][0xbd]}[0xef][0xbf][0xbd][0x16]Jy[0xef][0xbf][0xbd][0xef][0xbf][0xbd][0xef][0xbf][0xbd][0xef][0xbf][0xbd][0xef][0xbf][0xbd]U[0xef][0xbf][0xbd]<[0xcf][0x92][0x1e]b[0xef][0xbf][0xbd]W[0xef][0xbf][0xbd][0xef][0xbf][0xbd]}[0xef][0xbf][0xbd][0xef][0xbf][0xbd][0x8][0xef][0xbf][0xbd][0xef][0xbf][0xbd][0x8]j[0xef][0xbf][0xbd][0xef][0xbf][0xbd][0x2]8[0xef][0xbf][0xbd][0x5]R[0xef][0xbf][0xbd][0xef][0xbf][0xbd]c[0xef][0xbf][0xbd][0xef][0xbf][0xbd][0x13]%[0x8]p[0xef][0xbf][0xbd]7[0xef][0xbf][0xbd]N,[0x3]7[0xef][0xbf][0xbd][0xef][0xbf][0xbd]6[0x10][0xef][0xbf][0xbd][0xef][0xbf][0xbd]5[0xef][0xbf][0xbd][0xcc][0x88][0xef][0xbf][0xbd][0xef][0xbf][0xbd][0x18][0x5]H[0xe][0xb]y[0xef][0xbf][0xbd][0xef][0xbf][0xbd][0xef][0xbf][0xbd][0xef][0xbf][0xbd][0xef][0xbf][0xbd][0xef][0xbf][0xbd][0xef][0xbf][0xbd][0x1a][0xc]Y[0xef][0xbf][0xbd]dF[0xef][0xbf][0xbd][0x12][0xef][0xbf][0xbd][0xef][0xbf][0xbd]>[0x1a][0xef][0xbf][0xbd][0xef][0xbf][0xbd]b[0xef][0xbf][0xbd][0xef][0xbf][0xbd][0xef][0xbf][0xbd]{[0xef][0xbf][0xbd](.[0xef][0xbf][0xbd][0xef][0xbf][0xbd][0xef][0xbf][0xbd][0x3][0xef][0xbf][0xbd][0xef][0xbf][0xbd][0xef][0xbf][0xbd][0x1f][0x19][0xef][0xbf][0xbd][0xef][0xbf][0xbd]z[\n]"
07:56:28.621 [main] DEBUG org.apache.http.wire -  >> "[0xef][0xbf][0xbd][0xef][0xbf][0xbd]pY/[0xc2][0x91]a[0x1a][0xef][0xbf][0xbd]u[0xef][0xbf][0xbd]V[0xef][0xbf][0xbd]qQ[0xef][0xbf][0xbd][0xef][0xbf][0xbd][0xef][0xbf][0xbd]7u[0xef][0xbf][0xbd]K[0x15][0xef][0xbf][0xbd][0xef][0xbf][0xbd]['[0xef][0xbf][0xbd]|[0xef][0xbf][0xbd][0xef][0xbf][0xbd]o~[0xef][0xbf][0xbd]W[0xef][0xbf][0xbd][0xef][0xbf][0xbd][0xef][0xbf][0xbd][0xef][0xbf][0xbd]SB[0xef][0xbf][0xbd]X[0xef][0xbf][0xbd]l?[0xef][0xbf][0xbd][0xef][0xbf][0xbd][0xef][0xbf][0xbd]}[0xef][0xbf][0xbd][0xef][0xbf][0xbd](>[0xef][0xbf][0xbd][0xca][0xb6]_[0xef][0xbf][0xbd][0xef][0xbf][0xbd]w[0xef][0xbf][0xbd][0xef][0xbf][0xbd]G[0xc5][0xb7][0xef][0xbf][0xbd][0xef][0xbf][0xbd]P[0xef][0xbf][0xbd][0xef][0xbf][0xbd][0xe][0xef][0xbf][0xbd][0x1b].[0xef][0xbf][0xbd]t[0xef][0xbf][0xbd]WA}SmgL[0x1c]oWSY[0x12][0xef][0xbf][0xbd][0xef][0xbf][0xbd][0x6][0xef][0xbf][0xbd]tQ[0xef][0xbf][0xbd][0xef][0xbf][0xbd][0xef][0xbf][0xbd]c<[0x1f][0xef][0xbf][0xbd][0xf][0xef][0xbf][0xbd][0xef][0xbf][0xbd]h<[0xef][0xbf][0xbd]9[0xef][0xbf][0xbd][0x13]}B[0xef][0xbf][0xbd]:[0xef][0xbf][0xbd][0xef][0xbf][0xbd]0E[0xef][0xbf][0xbd]y[0xef][0xbf][0xbd]^8[0xef][0xbf][0xbd][0x19][0xef][0xbf][0xbd][0x15]x[0xef][0xbf][0xbd][0x2]%[0xef][0xbf][0xbd]~\[0xef][0xbf][0xbd]A[0xef][0xbf][0xbd]T=[0xef][0xbf][0xbd][0xdc][0x96].W[0xef][0xbf][0xbd][0xef][0xbf][0xbd]S[0xef][0xbf][0xbd]\[0xef][0xbf][0xbd][0xef][0xbf][0xbd][0xef][0xbf][0xbd][0xef][0xbf][0xbd]%[0xef][0xbf][0xbd]IU[0x6]\[0xef][0xbf][0xbd][0xef][0xbf][0xbd]0"\[0xef][0xbf][0xbd] [0xef][0xbf][0xbd][0xef][0xbf][0xbd][0x1f][0xef][0xbf][0xbd]7[0xef][0xbf][0xbd][0xef][0xbf][0xbd]> [0xef][0xbf][0xbd][0xef][0xbf][0xbd][0xef][0xbf][0xbd][0xef][0xbf][0xbd]^.[0xef][0xbf][0xbd]( 4~'[0xef][0xbf][0xbd]3}[0xef][0xbf][0xbd][0x16][0x13]8[0xef][0xbf][0xbd]>H[0xef][0xbf][0xbd][0xef][0xbf][0xbd][0xef][0xbf][0xbd][0xef][0xbf][0xbd][0xef][0xbf][0xbd][0xc2][0xbf][0xef][0xbf][0xbd][0xef][0xbf][0xbd][0xef][0xbf][0xbd]v[0xef][0xbf][0xbd]b/[0x1c][0xef][0xbf][0xbd][0xef][0xbf][0xbd][0xcb][0x91][0x0][0xef][0xbf][0xbd][0x17][0xef][0xbf][0xbd][0xc2][0x8a][0x1a]J[0x6][0xef][0xbf][0xbd][0xef][0xbf][0xbd][0x4][0x18][0xef][0xbf][0xbd][0x1b]w[0xef][0xbf][0xbd][0xef][0xbf][0xbd][0xd5][0x8a][\n]"
07:56:28.621 [main] DEBUG org.apache.http.wire -  >> "[\r][0xef][0xbf][0xbd][0xef][0xbf][0xbd][0xef][0xbf][0xbd][0x1d]wqp$0[0xef][0xbf][0xbd][0xef][0xbf][0xbd][0xef][0xbf][0xbd] c;[0x13]R[0xef][0xbf][0xbd][0xef][0xbf][0xbd]=Cqe[0xef][0xbf][0xbd][0xef][0xbf][0xbd]'[0xef][0xbf][0xbd]^[0xef][0xbf][0xbd][[0xcd][0x88]R&r!&[0xef][0xbf][0xbd][0x10][0xef][0xbf][0xbd][\n]"
07:56:28.621 [main] DEBUG org.apache.http.wire -  >> "[0xef][0xbf][0xbd][0xef][0xbf][0xbd]14[0xb]X[0x3][0x14][0xe]d[0x1][0xef][0xbf][0xbd][0xef][0xbf][0xbd][0xef][0xbf][0xbd][\n]"
07:56:28.622 [main] DEBUG org.apache.http.wire -  >> "[0xef][0xbf][0xbd][0xef][0xbf][0xbd][0x0][0xc4][0xbc][0xef][0xbf][0xbd][0xef][0xbf][0xbd]R[0xef][0xbf][0xbd][0xc]F7[0xef][0xbf][0xbd]ei-[0xef][0xbf][0xbd]1@[0xef][0xbf][0xbd][0x15][0xef][0xbf][0xbd]^[0xef][0xbf][0xbd][\r][0xef][0xbf][0xbd]0[0xef][0xbf][0xbd][0x6]N6[0xef][0xbf][0xbd][0x0][0xef][0xbf][0xbd]U[0xc8][0x8c][0xef][0xbf][0xbd][0x6][0xef][0xbf][0xbd][0xef][0xbf][0xbd][0x13]/[0x1a][0xd2][0xa0]X[0xef][0xbf][0xbd]m[0x5][0xef][0xbf][0xbd][0xef][0xbf][0xbd]1[0xef][0xbf][0xbd][0x1b]V2nR[0xef][0xbf][0xbd][0xec][0xba][0xb8][0xef][0xbf][0xbd]kN #[0xef][0xbf][0xbd]z[0xef][0xb7][0x9e]l[0xef][0xbf][0xbd][0xb][0xef][0xbf][0xbd][0x14][0xef][0xbf][0xbd]'[0x12][0xc8][0x8e]c[0xef][0xbf][0xbd][0xef][0xbf][0xbd][0xef][0xbf][0xbd][0xef][0xbf][0xbd][0x13][0xef][0xbf][0xbd][0xb]T[0x7][0xef][0xbf][0xbd][0xef][0xbf][0xbd]6t)[0xef][0xbf][0xbd]&(U[0xef][0xbf][0xbd][0xef][0xbf][0xbd][0xef][0xbf][0xbd]4s[0xef][0xbf][0xbd]8>C[0xef][0xbf][0xbd][0xc]-[0xef][0xbf][0xbd]r[0xef][0xbf][0xbd][0xef][0xbf][0xbd]J[0xef][0xbf][0xbd][0xef][0xbf][0xbd]0[0xef][0xbf][0xbd]j[0xef][0xbf][0xbd][0x1e]"[0xef][0xbf][0xbd]"[0xef][0xbf][0xbd][0x2]l[0x6]P0[0xef][0xbf][0xbd][0xef][0xbf][0xbd]Y[0xef][0xbf][0xbd]E/[0x16][0xef][0xbf][0xbd][0xef][0xbf][0xbd])4[0xef][0xbf][0xbd][0x18]"![0xef][0xbf][0xbd][0x16][0x18][0xef][0xbf][0xbd][\r]7[0xef][0xbf][0xbd][0xef][0xbf][0xbd] [0xef][0xbf][0xbd][0x0][0xef][0xbf][0xbd][0xef][0xbf][0xbd]\[0x1a])[0xdd][0x95][0xef][0xbf][0xbd] [0xef][0xbf][0xbd][0xef][0xbf][0xbd][0xef][0xbf][0xbd][0xef][0xbf][0xbd][0xef][0xbf][0xbd]!b[0xef][0xbf][0xbd][0xef][0xbf][0xbd]nS[0xef][0xbf][0xbd]@[0xef][0xbf][0xbd][0xef][0xbf][0xbd]E[0xef][0xbf][0xbd]|[0xef][0xbf][0xbd]r[0xef][0xbf][0xbd][0xef][0xbf][0xbd]a[0xef][0xbf][0xbd][0xef][0xbf][0xbd]p[0xef][0xbf][0xbd][0xef][0xbf][0xbd][0xef][0xbf][0xbd]OK[0x7]}[0xd5][0xb8]U6[0xef][0xbf][0xbd]xR@[0x1][0xef][0xbf][0xbd]k[0xef][0xbf][0xbd][0xef][0xbf][0xbd]<`[\r]|[0xd6][0xb9][0xef][0xbf][0xbd][0x12][0x1f]h[0xef][0xbf][0xbd][0xef][0xbf][0xbd][0xef][0xbf][0xbd]v-6[0xef][0xbf][0xbd][0x0] [0x1c]a'[0xef][0xbf][0xbd]^[0x6][0x1b]8[0xef][0xbf][0xbd][0xef][0xbf][0xbd] -u[0xef][0xbf][0xbd]f[0xef][0xbf][0xbd][0xef][0xbf][0xbd][0xef][0xbf][0xbd][0x12][0xef][0xbf][0xbd][0xef][0xbf][0xbd][0xef][0xbf][0xbd]3'[0xef][0xbf][0xbd][0xef][0xbf][0xbd]vau[0xef][0xbf][0xbd][0xef][0xbf][0xbd][0x1b] .[0xef][0xbf][0xbd][0xd3][0x9a][0xef][0xbf][0xbd][0x1]7[0xef][0xbf][0xbd][0xef][0xbf][0xbd][0xef][0xbf][0xbd]jH[0xef][0xbf][0xbd]-[0xef][0xbf][0xbd][0xef][0xbf][0xbd]D[0xef][0xbf][0xbd]*[0xef][0xbf][0xbd]Kb[0xef][0xbf][0xbd]Q[0x5][0x4]i[0xef][0xbf][0xbd][0xef][0xbf][0xbd][0xef][0xbf][0xbd]1[0xef][0xbf][0xbd]9Y`[0x4][0xef][0xbf][0xbd][[0xef][0xbf][0xbd][0x3][0xef][0xbf][0xbd][0xf][0xef][0xbf][0xbd]][0xc][0xef][0xbf][0xbd][0xef][0xbf][0xbd][0x4]m[0xef][0xbf][0xbd]1[0xef][0xbf][0xbd][0xef][0xbf][0xbd][0xef][0xbf][0xbd][0xef][0xbf][0xbd]x[0x6]8[0x5][0xef][0xbf][0xbd][0xef][0xbf][0xbd]^[0x12]l[0xc][0xef][0xbf][0xbd]3[0xef][0xbf][0xbd]>[0xef][0xbf][0xbd]Z[0xef][0xbf][0xbd][0xef][0xbf][0xbd][0x5][0xef][0xbf][0xbd]e[0xef][0xbf][0xbd][0xef][0xbf][0xbd]P[0xef][0xbf][0xbd][0xef][0xbf][0xbd][0xef][0xbf][0xbd][0xef][0xbf][0xbd]N[0xef][0xbf][0xbd]w[0xef][0xbf][0xbd]N[0xef][0xbf][0xbd][0xef][0xbf][0xbd][0x12]:[0xef][0xbf][0xbd][0xef][0xbf][0xbd][0x18]b^[0xef][0xbf][0xbd][0xef][0xbf][0xbd]'[0xef][0xbf][0xbd][0x18][0xef][0xbf][0xbd]\[0xef][0xbf][0xbd]\[0xef][0xbf][0xbd][0xef][0xbf][0xbd][0xef][0xbf][0xbd]%2[0xef][0xbf][0xbd]"gs[0xc4][0xb8][0xef][0xbf][0xbd][0x12]:[0xef][0xbf][0xbd][0x14]x.[0xef][0xbf][0xbd][0xef][0xbf][0xbd]k[0x17][0xef][0xbf][0xbd]3O[0xef][0xbf][0xbd]K[0x11][0xef][0xbf][0xbd][0x4][0xef][0xbf][0xbd][0xef][0xbf][0xbd]|[0xef][0xbf][0xbd]So\[0xef][0xbf][0xbd][0xef][0xbf][0xbd][0xef][0xbf][0xbd][0xef][0xbf][0xbd]%[0xef][0xbf][0xbd]R0[0xef][0xbf][0xbd]k[0xef][0xbf][0xbd]\[0xde][0xa0][0x1]a[0x1b][0x6][0xef][0xbf][0xbd][0xef][0xbf][0xbd][0xef][0xbf][0xbd][0xef][0xbf][0xbd]a[0xef][0xbf][0xbd]#[0xd5][0xab]v+[0xef][0xbf][0xbd],[0xef][0xbf][0xbd][0xef][0xbf][0xbd]j[0xef][0xbf][0xbd][0xef][0xbf][0xbd][0xef][0xbf][0xbd][0xef][0xbf][0xbd]V[0x2]'[0xef][0xbf][0xbd][0xef][0xbf][0xbd][0xef][0xbf][0xbd]%[0x14][0xef][0xbf][0xbd]E[0xef][0xbf][0xbd][0xef][0xbf][0xbd][0xef][0xbf][0xbd][[0xef][0xbf][0xbd]cr[0xef][0xbf][0xbd][0x1a]C[0xef][0xbf][0xbd][0xef][0xbf][0xbd][0xef][0xbf][0xbd][0x9][0x1c][0xef][0xbf][0xbd][0xdb][0x96]&[0xef][0xbf][0xbd][0xef][0xbf][0xbd][0xef][0xbf][0xbd]u[0xef][0xbf][0xbd][0xef][0xbf][0xbd]KC[0xef][0xbf][0xbd][0x13][0x1a][0x1a]W[0xef][0xbf][0xbd]![0xef][0xbf][0xbd][0x19][0xef][0xbf][0xbd][0xef][0xbf][0xbd]g[0xef][0xbf][0xbd][0xef][0xbf][0xbd]D{[0xef][0xbf][0xbd][0xef][0xbf][0xbd]]<[0xef][0xbf][0xbd]4[0xef][0xbf][0xbd][0xef][0xbf][0xbd][0xc2][0x8b][0xef][0xbf][0xbd][0xef][0xbf][0xbd]B?3[0xef][0xbf][0xbd][0xef][0xbf][0xbd])*C[0xef][0xbf][0xbd]!f[0x19][0xef][0xbf][0xbd]_[0xef][0xbf][0xbd][0xef][0xbf][0xbd][0xcb][0x98][0xef][0xbf][0xbd][0xef][0xbf][0xbd][0xef][0xbf][0xbd]C[0xef][0xbf][0xbd][0xb][0xef][0xbf][0xbd][0xef][0xbf][0xbd]w[0xef][0xbf][0xbd][0xef][0xbf][0xbd][0xb][0xef][0xbf][0xbd][0xef][0xbf][0xbd][0xef][0xbf][0xbd][0xef][0xbf][0xbd][0xef][0xbf][0xbd]<*v[0x11][0x12][0xef][0xbf][0xbd][0xef][0xbf][0xbd][0x1a][0xef][0xbf][0xbd][0xef][0xbf][0xbd][0xef][0xbf][0xbd][0xef][0xbf][0xbd][0xef][0xbf][0xbd]j[0xef][0xbf][0xbd][0x5][0xef][0xbf][0xbd]Y[0x1]+[0xef][0xbf][0xbd][0xef][0xbf][0xbd][0x13][0xef][0xbf][0xbd]k[0x18][0xef][0xbf][0xbd][0x12]R[0xef][0xbf][0xbd]rkv[0xef][0xbf][0xbd]4[0xef][0xbf][0xbd][0xef][0xbf][0xbd][0xda][0x98][0xef][0xbf][0xbd]I[0x18]q[0x6]M[0xef][0xbf][0xbd]s+t[0xef][0xbf][0xbd][0xde][0xb2][0xef][0xbf][0xbd]SH[0x1d][0xef][0xbf][0xbd][0xef][0xbf][0xbd][0xef][0xbf][0xbd]b[0xef][0xbf][0xbd][0xef][0xbf][0xbd][0xef][0xbf][0xbd]T[0xef][0xbf][0xbd][0x1b]d[0xef][0xbf][0xbd][0x16][0xef][0xbf][0xbd][0x18][0x1b]L[0xef][0xbf][0xbd][0xef][0xbf][0xbd]pj[0x9]yYx[0x7][0xef][0xbf][0xbd][0x1]j[0xef][0xbf][0xbd][0xef][0xbf][0xbd]4[0xef][0xbf][0xbd][0xef][0xbf][0xbd][0xef][0xbf][0xbd]b[0xef][0xbf][0xbd]("[0xef][0xbf][0xbd][0xef][0xbf][0xbd]e[0xd9][0xb0][0xd6][0x8d][0xef][0xbf][0xbd]DN+[0xef][0xbf][0xbd]![0xef][0xbf][0xbd][0xef][0xbf][0xbd]B1G[0xef][0xbf][0xbd][0xd7][0xbf]([0xe]t[0xef][0xbf][0xbd]I[0xef][0xbf][0xbd][0xef][0xbf][0xbd][0xef][0xbf][0xbd][0xf][0x0][0xef][0xbf][0xbd][0xef][0xbf][0xbd]|Y[0xef][0xbf][0xbd]Q[0xef][0xbf][0xbd]m[0xef][0xbf][0xbd][0xef][0xbf][0xbd][0xef][0xbf][0xbd][0xef][0xbf][0xbd][0xef][0xbf][0xbd]~[0xef][0xbf][0xbd][0xef][0xbf][0xbd][0xef][0xbf][0xbd]7N[0xef][0xbf][0xbd]=[0xef][0xbf][0xbd]C[0xef][0xbf][0xbd]T4[0xef][0xbf][0xbd]h[0x9][0xef][0xbf][0xbd][0xef][0xbf][0xbd][0xef][0xbf][0xbd]Z[0xef][0xbf][0xbd][0xef][0xbf][0xbd]{[0x1e]b[0xef][0xbf][0xbd][0xef][0xbf][0xbd]8Jl[0xef][0xbf][0xbd]z[0xef][0xbf][0xbd][0xef][0xbf][0xbd][0xef][0xbf][0xbd][0xe2][0xbd][0xb7][0xef][0xbf][0xbd]J[0xb][0xef][0xbf][0xbd]9[0xef][0xbf][0xbd][0xb][0xef][0xbf][0xbd][0xef][0xbf][0xbd][0xef][0xbf][0xbd][0xef][0xbf][0xbd][0xd9][0xb7][0xef][0xbf][0xbd])[0xef][0xbf][0xbd]O[0x1c][0xef][0xbf][0xbd]=[0xef][0xbf][0xbd][0xef][0xbf][0xbd][0xef][0xbf][0xbd]~[0xef][0xbf][0xbd]*s^[0x4][0x0][0xef][0xbf][0xbd]:}fB2[0xef][0xbf][0xbd]l[0xce][0x98][0xef][0xbf][0xbd]r2&[0x16][0xef][0xbf][0xbd]"[0xef][0xbf][0xbd][0xef][0xbf][0xbd][0xef][0xbf][0xbd]QN[0xef][0xbf][0xbd][0x12][0xef][0xbf][0xbd][0xef][0xbf][0xbd][0x0]\,,[0xef][0xbf][0xbd]L[0xef][0xbf][0xbd][0xef][0xbf][0xbd][0xef][0xbf][0xbd][\r] 7[0xef][0xbf][0xbd][0xef][0xbf][0xbd]H[0xca][0x88]jR[0xef][0xbf][0xbd][0xef][0xbf][0xbd][0xef][0xbf][0xbd][\n]"
07:56:28.622 [main] DEBUG org.apache.http.wire -  >> "[0xef][0xbf][0xbd]b[0xef][0xbf][0xbd][0xef][0xbf][0xbd]f$[0x1c]m[0xef][0xbf][0xbd][0x6][0xef][0xbf][0xbd].{[0xef][0xbf][0xbd]o[0xef][0xbf][0xbd]oN[0xd7][0xab][0xef][0xbf][0xbd][0xef][0xbf][0xbd][0xef][0xbf][0xbd]K([0xef][0xbf][0xbd][0xd0][0xbf]x[0xef][0xbf][0xbd][0xef][0xbf][0xbd]D[0x4]m[0xef][0xbf][0xbd][0xef][0xbf][0xbd]g[0xc8][0x91]a[0xef][0xbf][0xbd][0xef][0xbf][0xbd][0xef][0xbf][0xbd]2@[0xef][0xbf][0xbd][0xef][0xbf][0xbd][0x4]&[0xef][0xbf][0xbd][0xef][0xbf][0xbd]h[0xef][0xbf][0xbd]V[0xd9][0x82][0xef][0xbf][0xbd]t[0xef][0xbf][0xbd]L[0x1][0xef][0xbf][0xbd][0xef][0xbf][0xbd]f1[0xef][0xbf][0xbd]BTW[0xef][0xbf][0xbd][0xef][0xbf][0xbd]s[0xef][0xbf][0xbd]M[0xef][0xbf][0xbd][0x9]4@[0xef][0xbf][0xbd][0xef][0xbf][0xbd][0xc]k[0xef][0xbf][0xbd],[0xef][0xbf][0xbd]<[0xef][0xbf][0xbd][0xef][0xbf][0xbd][0xef][0xbf][0xbd][\n]"
07:56:28.625 [main] DEBUG org.apache.http.wire -  >> "[0xef][0xbf][0xbd].[0xef][0xbf][0xbd][0xef][0xbf][0xbd][0xef][0xbf][0xbd][0x1f][0xef][0xbf][0xbd][0x17]7s[0x5][0x3][0xef][0xbf][0xbd][0x12][0xef][0xbf][0xbd][0xf1][0xa0][0xb8][0x84]zj[0xc]v[0x7][0xef][0xbf][0xbd][0xef][0xbf][0xbd][0xef][0xbf][0xbd];[0xef][0xbf][0xbd][0xef][0xbf][0xbd]4[0xef][0xbf][0xbd][0xef][0xbf][0xbd]X[0xef][0xbf][0xbd][0xef][0xbf][0xbd]b[0xef][0xbf][0xbd][0x1e]2[0x11][0xef][0xbf][0xbd][0xef][0xbf][0xbd][0x8][\n]"
07:56:28.625 [main] DEBUG org.apache.http.wire -  >> "[0x8][0xef][0xbf][0xbd][0x4][0xef][0xbf][0xbd][0x6]x[0xef][0xbf][0xbd]M[0xc4][0xa3]5[0xef][0xbf][0xbd]rZKX[0x0]@`2[0xef][0xbf][0xbd][0xf][0xef][0xbf][0xbd][0xef][0xbf][0xbd][0xef][0xbf][0xbd]Yy[0xef][0xbf][0xbd]c[0xd0][0x96][0xef][0xbf][0xbd][0xcd][0x9d][0x2]^[0xef][0xbf][0xbd]Y_[0xef][0xbf][0xbd][0xef][0xbf][0xbd][0xef][0xbf][0xbd][0xef][0xbf][0xbd][0xef][0xbf][0xbd][0xef][0xbf][0xbd][0xef][0xbf][0xbd]y[0xe][0xef][0xbf][0xbd]g[0xef][0xbf][0xbd]-[0xef][0xbf][0xbd]U[0x2][0xef][0xbf][0xbd]_[0xd9][0x9a][0xef][0xbf][0xbd]pz[[0xef][0xbf][0xbd][0xef][0xbf][0xbd][0xef][0xbf][0xbd]@1w[0xef][0xbf][0xbd][0xef][0xbf][0xbd][0x1][0xef][0xbf][0xbd][0x2][0xef][0xbf][0xbd][0xef][0xbf][0xbd][0x5]^[0xef][0xbf][0xbd][0xef][0xbf][0xbd]/3[0xef][0xbf][0xbd]q[0xef][0xbf][0xbd]Zm[0x11]olE[0xef][0xbf][0xbd]:[0xef][0xbf][0xbd]{2fh[0xef][0xbf][0xbd]/w(*[0xef][0xbf][0xbd]ya[0xef][0xbf][0xbd][0xef][0xbf][0xbd]7[0xef][0xbf][0xbd][0xef][0xbf][0xbd]^[0xef][0xbf][0xbd][0xef][0xbf][0xbd][0xef][0xbf][0xbd]>Q@[0xef][0xbf][0xbd][0xef][0xbf][0xbd][0xef][0xbf][0xbd][0xef][0xbf][0xbd][0xef][0xbf][0xbd]W[0xef][0xbf][0xbd][0xef][0xbf][0xbd][0xef][0xbf][0xbd][0xef][0xbf][0xbd][0xef][0xbf][0xbd][0xef][0xbf][0xbd] [0xc6][0x93][0xb]L1[0xef][0xbf][0xbd][0xef][0xbf][0xbd]h[0xce][0xb4]c0[0x1]L5[0xef][0xbf][0xbd][0xef][0xbf][0xbd]*Ao[0x1a][0x13][0xef][0xbf][0xbd][0xef][0xbf][0xbd][0x12]K)5[0xef][0xbf][0xbd][0x1a][0xc9][0xb5][0x16]s[0xef][0xbf][0xbd][0xef][0xbf][0xbd][0xef][0xbf][0xbd][0xef][0xbf][0xbd]3[0xef][0xbf][0xbd]Wp[0xef][0xbf][0xbd]{[0xef][0xbf][0xbd][0x1f]*[0xef][0xbf][0xbd]Qv[0xef][0xbf][0xbd]R[0xef][0xbf][0xbd]C[0x17][0xef][0xbf][0xbd][0xef][0xbf][0xbd][0xef][0xbf][0xbd][0x19][0xef][0xbf][0xbd][0xef][0xbf][0xbd][0xef][0xbf][0xbd][0xef][0xbf][0xbd][0x15]w[0x0][0xef][0xbf][0xbd][0xef][0xbf][0xbd][0xef][0xbf][0xbd]/9V[0xef][0xbf][0xbd][0xe]e[0x3][0xef][0xbf][0xbd]-^[0xef][0xbf][0xbd]1[0x4][0xef][0xbf][0xbd][0xef][0xbf][0xbd]]'[0xef][0xbf][0xbd]b[0xef][0xbf][0xbd][0x1]%l0[0xef][0xbf][0xbd][0x16][0xef][0xbf][0xbd][0xef][0xbf][0xbd]~[0xef][0xbf][0xbd][0xef][0xbf][0xbd]t[0xef][0xbf][0xbd][0xef][0xbf][0xbd][0xef][0xbf][0xbd][0xef][0xbf][0xbd][0xef][0xbf][0xbd]Uc[0xef][0xbf][0xbd][0xef][0xbf][0xbd][0xef][0xbf][0xbd][0xef][0xbf][0xbd][0x5][0xc][0x16][0x19][0xef][0xbf][0xbd][0xef][0xbf][0xbd]|[0xef][0xbf][0xbd]7E[0xef][0xbf][0xbd][0xc4][0xba]|[0xef][0xbf][0xbd]2[0xef][0xbf][0xbd][0xef][0xbf][0xbd][0xd6][0x83][0xef][0xbf][0xbd][0xef][0xbf][0xbd]r{[0xef][0xbf][0xbd][0xef][0xbf][0xbd]9[0xef][0xbf][0xbd][0xef][0xbf][0xbd]+[0xd1][0xa3][0x5][0xef][0xbf][0xbd]0[0xef][0xbf][0xbd][0xef][0xbf][0xbd][0xef][0xbf][0xbd][0x1b]![0xef][0xbf][0xbd][0x9]X[0x14]~[0xef][0xbf][0xbd][0xdc][0x9d]!H[0xef][0xbf][0xbd]vl[0x2][0xef][0xbf][0xbd]S8[0xf][0xef][0xbf][0xbd]([0xef][0xbf][0xbd][0x1b][0xef][0xbf][0xbd][0xef][0xbf][0xbd][0xef][0xbf][0xbd][0x1b][0xef][0xbf][0xbd]&W[0xb][0xef][0xbf][0xbd][0xef][0xbf][0xbd][0x6]AZ[0xef][0xbf][0xbd]2[0x3][0xef][0xbf][0xbd][0xef][0xbf][0xbd][0x10][0xef][0xbf][0xbd]J[0xef][0xbf][0xbd][0xef][0xbf][0xbd]a[\r]}6y[0xef][0xbf][0xbd][0x11]b[0x3][0xef][0xbf][0xbd][0xef][0xbf][0xbd]#[0xef][0xbf][0xbd][0xef][0xbf][0xbd]q[0xef][0xbf][0xbd][0x19][0xef][0xbf][0xbd]w[0xef][0xbf][0xbd][0xef][0xbf][0xbd][0xef][0xbf][0xbd]s[0x1e][0xef][0xbf][0xbd][0x16]UX[0xef][0xbf][0xbd][0xef][0xbf][0xbd]0[0xef][0xbf][0xbd][0xef][0xbf][0xbd][0xc5][0xb2][0xef][0xbf][0xbd]][0xef][0xbf][0xbd][0xb]?[0x0]X[0xef][0xbf][0xbd][0xef][0xbf][0xbd]X[0xef][0xbf][0xbd][0xef][0xbf][0xbd]^S[0xef][0xbf][0xbd][0xef][0xbf][0xbd][0xef][0xbf][0xbd]/[0xef][0xbf][0xbd][0xef][0xbf][0xbd]Ej=[0xef][0xbf][0xbd][0xef][0xbf][0xbd]\[0x8][0xef][0xbf][0xbd]Q;[0xef][0xbf][0xbd][0xd4][0x8d][\r][0xef][0xbf][0xbd][0xef][0xbf][0xbd]43;[0xef][0xbf][0xbd][0xef][0xbf][0xbd][0xef][0xbf][0xbd]m[0xef][0xbf][0xbd]g[0x5][0xef][0xbf][0xbd])[0x4][\n]"
07:56:28.625 [main] DEBUG org.apache.http.wire -  >> "[0xd3][0x8b][0xef][0xbf][0xbd]A[0xef][0xbf][0xbd]6[0xef][0xbf][0xbd][0xef][0xbf][0xbd]7.[0xef][0xbf][0xbd]j[0xef][0xbf][0xbd][0xef][0xbf][0xbd][0xef][0xbf][0xbd]A[0xef][0xbf][0xbd]N[0xef][0xbf][0xbd][0xef][0xbf][0xbd][0xef][0xbf][0xbd]?[0xef][0xbf][0xbd][0xef][0xbf][0xbd]1[0xef][0xbf][0xbd]~w[0xef][0xbf][0xbd]g_[0xef][0xbf][0xbd][0xef][0xbf][0xbd][0xef][0xbf][0xbd]>1Y[0xef][0xbf][0xbd][0xef][0xbf][0xbd][\n]"
07:56:28.625 [main] DEBUG org.apache.http.wire -  >> "b[0xef][0xbf][0xbd]K1wJ[0xf][0xef][0xbf][0xbd][0xef][0xbf][0xbd][0xea][0x92][0xb5]@o[0xef][0xbf][0xbd]a[0xef][0xbf][0xbd][0xef][0xbf][0xbd][0x12][0xef][0xbf][0xbd][0xef][0xbf][0xbd][0xdb][0x90][0x0]r [0xef][0xbf][0xbd][0xef][0xbf][0xbd].[0xef][0xbf][0xbd][0x14][0xef][0xbf][0xbd][0xef][0xbf][0xbd]>[0x1a]D[0xef][0xbf][0xbd];[0xef][0xbf][0xbd][0xdd][0xb0]h'[0x5]J[0xef][0xbf][0xbd]o[0x1e][0xef][0xbf][0xbd][0xef][0xbf][0xbd][0xef][0xbf][0xbd]Z[0xef][0xbf][0xbd][0xef][0xbf][0xbd][0xef][0xbf][0xbd][0xef][0xbf][0xbd][0xef][0xbf][0xbd]*[0xef][0xbf][0xbd]R[0xef][0xbf][0xbd][0xef][0xbf][0xbd]uR[0xef][0xbf][0xbd][0x14][0xef][0xbf][0xbd]gfb[0xef][0xbf][0xbd][0xef][0xbf][0xbd]0[0xef][0xbf][0xbd][0xd4][0x9f]^[0xef][0xbf][0xbd][0xef][0xbf][0xbd]=N[0xef][0xbf][0xbd][0xef][0xbf][0xbd],93[0xef][0xbf][0xbd][j,[0xef][0xbf][0xbd][0xef][0xbf][0xbd][0xb][0xef][0xbf][0xbd][0xef][0xbf][0xbd][0x15][0xef][0xbf][0xbd][0x1e]o[0xef][0xbf][0xbd][0xef][0xbf][0xbd][0x6][0xef][0xbf][0xbd]8i[0xef][0xbf][0xbd][0xef][0xbf][0xbd]M[0xef][0xbf][0xbd]u[0x9]qLw[0x7][0x5]z[0xef][0xbf][0xbd]K\+[0xef][0xbf][0xbd][0x13][0xef][0xbf][0xbd]+4[0x11][0x4]7[0xc][0xef][0xbf][0xbd][0xcb][0x83][0xef][0xbf][0xbd][0xef][0xbf][0xbd]t[0xef][0xbf][0xbd][0x0]Y <u[0xef][0xbf][0xbd]EU[0xef][0xbf][0xbd]UO[0xef][0xbf][0xbd]ve[0xef][0xbf][0xbd]5[0xcf][0x91][0x1d][0xef][0xbf][0xbd]B[0xef][0xbf][0xbd][0x4][0x0][0xef][0xbf][0xbd][0xef][0xbf][0xbd][0xef][0xbf][0xbd]f4[0xef][0xbf][0xbd][0xef][0xbf][0xbd]([0xef][0xbf][0xbd][0xef][0xbf][0xbd]Z[0xef][0xbf][0xbd][0xef][0xbf][0xbd][0xef][0xbf][0xbd][0xef][0xbf][0xbd]I[0xef][0xbf][0xbd][0x11][0xc][0xb]XKX![0xef][0xbf][0xbd]J[0xef][0xbf][0xbd][0xef][0xbf][0xbd][0xef][0xbf][0xbd]_[0x3]q[0xef][0xbf][0xbd][0xef][0xbf][0xbd][0xdd][0x8e][0xef][0xbf][0xbd]fw[0xef][0xbf][0xbd][0x6][0xef][0xbf][0xbd][0x2][0xef][0xbf][0xbd][0x18][0xef][0xbf][0xbd][0x18][0xd3][0xa5][0xef][0xbf][0xbd][0xef][0xbf][0xbd]\[0xef][0xbf][0xbd][0xef][0xbf][0xbd][0xef][0xbf][0xbd][0x6][0xd4][0x8c][0x10][0xef][0xbf][0xbd]+d>[0x6]a[0xef][0xbf][0xbd][0xef][0xbf][0xbd]f`[0xef][0xbf][0xbd]EN0[0xef][0xbf][0xbd][0xc9][0x89][0xe7][0x86][0x9b][0xef][0xbf][0xbd]d[0xef][0xbf][0xbd][0xef][0xbf][0xbd][0xef][0xbf][0xbd]G]vi#[0xef][0xbf][0xbd][0xef][0xbf][0xbd]:%k[0xd9][0xa3][0xef][0xbf][0xbd]G[0xb]\[0xef][0xbf][0xbd][0xef][0xbf][0xbd][0xef][0xbf][0xbd]V[0xef][0xbf][0xbd]s$[\n]"
07:56:28.625 [main] DEBUG org.apache.http.wire -  >> "[0xef][0xbf][0xbd][0xef][0xbf][0xbd][0xef][0xbf][0xbd][0xef][0xbf][0xbd]L[0xef][0xbf][0xbd]b[0xc3][0x92]F[\r][0xef][0xbf][0xbd][0x16][0x19][0x5]@[0xef][0xbf][0xbd][[0xef][0xbf][0xbd]F[0xef][0xbf][0xbd][0xef][0xbf][0xbd]fhq[0xef][0xbf][0xbd][0xef][0xbf][0xbd]1[0xef][0xbf][0xbd][0xef][0xbf][0xbd][0xef][0xbf][0xbd][0xcc][0xb5][0xef][0xbf][0xbd][0xef][0xbf][0xbd]][0xef][0xbf][0xbd][0xef][0xbf][0xbd]xd[0xef][0xbf][0xbd]~[0xef][0xbf][0xbd][0xef][0xbf][0xbd][0xef][0xbf][0xbd][0xef][0xbf][0xbd][0xef][0xbf][0xbd][0xef][0xbf][0xbd]=[0xef][0xbf][0xbd][0xef][0xbf][0xbd][0xef][0xbf][0xbd][0xef][0xbf][0xbd][0xef][0xbf][0xbd]/~[0xef][0xbf][0xbd][0xef][0xbf][0xbd]u@^+[0xef][0xbf][0xbd][0x16][0x10] ~[0xef][0xbf][0xbd][0xef][0xbf][0xbd]_[0xef][0xbf][0xbd][0x12][0xef][0xbf][0xbd][0xef][0xbf][0xbd]wY[0xe][0x9]o[0xef][0xbf][0xbd]}[0xef][0xbf][0xbd][0x8]I[0xef][0xbf][0xbd][0xef][0xbf][0xbd][0xef][0xbf][0xbd][0x5]g[0x0][0xef][0xbf][0xbd]![0xef][0xbf][0xbd][0xef][0xbf][0xbd][0xef][0xbf][0xbd][0xca][0x90][0x4][0xef][0xbf][0xbd]"
07:56:28.626 [main] DEBUG org.apache.http.wire -  >> "eL. [0xef][0xbf][0xbd]CV[0xef][0xbf][0xbd]h[0xef][0xbf][0xbd][0x1b]<[0x11][0x10][0xef][0xbf][0xbd]~[0xef][0xbf][0xbd][0xef][0xbf][0xbd][0xe][0xcc][0x80]U[0xef][0xbf][0xbd]+[0xef][0xbf][0xbd][0xef][0xbf][0xbd]Rb[0xef][0xbf][0xbd]L[0xcc][0x89][0xef][0xbf][0xbd][0xef][0xbf][0xbd]#[0xef][0xbf][0xbd][0xef][0xbf][0xbd][0xef][0xbf][0xbd][0xef][0xbf][0xbd][0xcc][0xbb][0xef][0xbf][0xbd]}V[0xef][0xbf][0xbd][0xef][0xbf][0xbd]q[0xef][0xbf][0xbd]}[0xef][0xbf][0xbd][0xdb][0xac]@[0x9][0xef][0xbf][0xbd][0x1a][0x14]A[0x14]>QM-A[0xef][0xbf][0xbd][0xef][0xbf][0xbd][0xef][0xbf][0xbd][0x1e][0x19][0xef][0xbf][0xbd]VG[0xef][0xbf][0xbd]a[0xef][0xbf][0xbd][0xef][0xbf][0xbd][0xef][0xbf][0xbd][0xef][0xbf][0xbd]L[0xef][0xbf][0xbd]h[0xef][0xbf][0xbd][0xef][0xbf][0xbd][0xef][0xbf][0xbd][0xe4][0xb3][0xa9]r[0xef][0xbf][0xbd][0x10][0xcc][0xb0][0xef][0xbf][0xbd][0xf]9[0xc4][0xbd]E[0x14][0x16][0xef][0xbf][0xbd]8E%eAi[0xef][0xbf][0xbd]e[0xef][0xbf][0xbd][0xef][0xbf][0xbd][0xef][0xbf][0xbd]R[0xc5][0x95][0xef][0xbf][0xbd][0x13][0x1e][0xef][0xbf][0xbd][0xef][0xbf][0xbd][0xef][0xbf][0xbd]Qu\ZF[0xef][0xbf][0xbd][0xef][0xbf][0xbd]I[0xef][0xbf][0xbd]v[0xef][0xbf][0xbd][0x1f]5%[0xef][0xbf][0xbd]0[0xef][0xbf][0xbd][0xef][0xbf][0xbd][0x6][0xef][0xbf][0xbd][0xef][0xbf][0xbd]h[0xef][0xbf][0xbd];[0xef][0xbf][0xbd][\n]"
07:56:28.627 [main] DEBUG org.apache.http.wire -  >> "Z[0xef][0xbf][0xbd]j[0xef][0xbf][0xbd][0x1][0xef][0xbf][0xbd]l[0xef][0xbf][0xbd][0xef][0xbf][0xbd][0x11]w[0xef][0xbf][0xbd]A[0xef][0xbf][0xbd]j[0x1e][0xc4][0x98]s%w[0x1d][0xef][0xbf][0xbd][0xc]~[0xef][0xbf][0xbd][0xef][0xbf][0xbd][0xef][0xbf][0xbd][0x6] [0xef][0xbf][0xbd][0xef][0xbf][0xbd]j[0x6][0xef][0xbf][0xbd]Z[0xef][0xbf][0xbd][0xef][0xbf][0xbd][0xef][0xbf][0xbd][0x1f]a[0xef][0xbf][0xbd]tdvr[0x5]v[0xef][0xbf][0xbd][0xef][0xbf][0xbd]\[0xef][0xbf][0xbd][0xef][0xbf][0xbd][0xef][0xbf][0xbd][0xef][0xbf][0xbd][0xef][0xbf][0xbd][0xef][0xbf][0xbd][0x1c]v][0xef][0xbf][0xbd]>[0x0][0xef][0xbf][0xbd][0xc][0xef][0xbf][0xbd]qZ[0xef][0xbf][0xbd][0xef][0xbf][0xbd][0xef][0xbf][0xbd][0xef][0xbf][0xbd]41j*[0xef][0xbf][0xbd][0xef][0xbf][0xbd]l[0xcb][0x98][0x15][0xef][0xbf][0xbd][0xef][0xbf][0xbd][0xef][0xbf][0xbd]I[[0xef][0xbf][0xbd][0xc9][0x83][0xef][0xbf][0xbd]&6/Z[0x17]+q[0xef][0xbf][0xbd][0xef][0xbf][0xbd][0x2][0xef][0xbf][0xbd][0xef][0xbf][0xbd][0xef][0xbf][0xbd][0xef][0xbf][0xbd][0x14][0xef][0xbf][0xbd][0xf]K[0xef][0xbf][0xbd][0xef][0xbf][0xbd][0xef][0xbf][0xbd][0x1f][0xef][0xbf][0xbd][0xef][0xbf][0xbd][0xef][0xbf][0xbd][0xef][0xbf][0xbd][0xef][0xbf][0xbd]7[0xef][0xbf][0xbd][0xef][0xbf][0xbd][0xef][0xbf][0xbd][0xdf][0xb0][0xef][0xbf][0xbd][0xef][0xbf][0xbd]>[0xef][0xbf][0xbd][0x16][0xd9][0x97][0xef][0xbf][0xbd][0x1a][0xef][0xbf][0xbd][0xef][0xbf][0xbd]/cm[0xef][0xbf][0xbd]T[0xef][0xbf][0xbd][0xef][0xbf][0xbd]d[0x10].3c"[0xef][0xbf][0xbd]T[0xef][0xbf][0xbd][0xef][0xbf][0xbd][0xd2][0x81]uY[0x18][0xef][0xbf][0xbd][0xd0][0xa9]@[0xef][0xbf][0xbd][0xef][0xbf][0xbd]$J[0xef][0xbf][0xbd][0xef][0xbf][0xbd][0x8]W[0xef][0xbf][0xbd]v[0xef][0xbf][0xbd][0x1a]:[0xef][0xbf][0xbd][0xef][0xbf][0xbd][0x10][0xef][0xbf][0xbd][0x17][0xc6][0xa2][0xef][0xbf][0xbd];[0xca][0xae][0xef][0xbf][0xbd][0xef][0xbf][0xbd]m[0xef][0xbf][0xbd][0xef][0xbf][0xbd]]/7u[0xf][0xef][0xbf][0xbd]c[0xef][0xbf][0xbd][\n]"
07:56:28.627 [main] DEBUG org.apache.http.wire -  >> "[0xef][0xbf][0xbd][0xdd][0x98][0xef][0xbf][0xbd]V[0x5]^[0xef][0xbf][0xbd][0xef][0xbf][0xbd]w[0xd2][0x9a][0xef][0xbf][0xbd]&J[0xef][0xbf][0xbd]I[0xef][0xbf][0xbd]%[0xef][0xbf][0xbd]2f[0xef][0xbf][0xbd][0xef][0xbf][0xbd][0x1][0xef][0xbf][0xbd]R[0xef][0xbf][0xbd]+[0x14]< L[0xef][0xbf][0xbd][0xef][0xbf][0xbd][0xef][0xbf][0xbd][0xef][0xbf][0xbd]i[0xef][0xbf][0xbd][0x6]+/[0xef][0xbf][0xbd]e[0xef][0xbf][0xbd]. 4C,[0xef][0xbf][0xbd][0x12][0xef][0xbf][0xbd]~V7aIt[0xc][0xef][0xbf][0xbd]h[0xef][0xbf][0xbd]A([0xef][0xbf][0xbd][0xef][0xbf][0xbd][0xef][0xbf][0xbd][0xef][0xbf][0xbd][0x10]5[0xef][0xbf][0xbd]0[0xef][0xbf][0xbd][0xef][0xbf][0xbd][0xef][0xbf][0xbd]\[0xef][0xbf][0xbd][0xef][0xbf][0xbd][0xef][0xbf][0xbd][0x17][0xef][0xbf][0xbd]4[0xef][0xbf][0xbd][0x18],[0xef][0xbf][0xbd][0xef][0xbf][0xbd]S[[0x3]'[0xef][0xbf][0xbd]%[0xef][0xbf][0xbd][0xef][0xbf][0xbd][0x14]h[0x17][0xef][0xbf][0xbd][0x1d]/[0xef][0xbf][0xbd]q&r6[0xef][0xbf][0xbd]M[0xef][0xbf][0xbd][0xef][0xbf][0xbd][0xef][0xbf][0xbd][0x1a][0xef][0xbf][0xbd]00[\r]H [0xef][0xbf][0xbd][0xef][0xbf][0xbd][0xef][0xbf][0xbd][0xef][0xbf][0xbd][0xc][0xd2][0xba]3?[0x9]a[0xef][0xbf][0xbd][Q[0xef][0xbf][0xbd]g[0xef][0xbf][0xbd]g3[0xef][0xbf][0xbd]SF[0xef][0xbf][0xbd][0x5]6[0xef][0xbf][0xbd]:[0xef][0xbf][0xbd][0xef][0xbf][0xbd][0xef][0xbf][0xbd][0xef][0xbf][0xbd][0xef][0xbf][0xbd]oXX;-[0x8]N[0xef][0xbf][0xbd][0x1b][0xef][0xbf][0xbd][0x19]A[0xef][0xbf][0xbd]_Lx[0x15]:[0xef][0xbf][0xbd]mN[0xef][0xbf][0xbd][0xef][0xbf][0xbd]_[0xef][0xbf][0xbd]z[0xef][0xbf][0xbd][0xef][0xbf][0xbd][0x0][0xef][0xbf][0xbd][0xef][0xbf][0xbd][0xef][0xbf][0xbd][0xef][0xbf][0xbd][0xef][0xbf][0xbd][0xef][0xbf][0xbd][0xea][0xb0][0xae][0xef][0xbf][0xbd][0xef][0xbf][0xbd]py[0xd6][0xa6]5[0xef][0xbf][0xbd]%[0xef][0xbf][0xbd][0xc]vi[0x14][0xef][0xbf][0xbd]>5W= [0xef][0xbf][0xbd][0x1d][0xef][0xbf][0xbd][0xd4][0x92][0xef][0xbf][0xbd][0xef][0xbf][0xbd][0xef][0xbf][0xbd][0xf][0xef][0xbf][0xbd][0xef][0xbf][0xbd][0xef][0xbf][0xbd]e[0xef][0xbf][0xbd]&[0xef][0xbf][0xbd][0xef][0xbf][0xbd]5[0xef][0xbf][0xbd][0xef][0xbf][0xbd]V[0xef][0xbf][0xbd][0xea][0x92][0xae]W[0xef][0xbf][0xbd][0xef][0xbf][0xbd]|[0xef][0xbf][0xbd]W~[0xef][0xbf][0xbd]cO9}[0xef][0xbf][0xbd][0xef][0xbf][0xbd][0xef][0xbf][0xbd]x[0x1d][0xef][0xbf][0xbd]3[0xef][0xbf][0xbd][0xef][0xbf][0xbd]g[0xd7][0xa1]}[0xef][0xbf][0xbd]4[0xef][0xbf][0xbd][0xef][0xbf][0xbd][0xef][0xbf][0xbd]n[0xef][0xbf][0xbd]l[0xef][0xbf][0xbd][0x0]v[0xef][0xbf][0xbd][0x19][0xef][0xbf][0xbd][0x10][0xef][0xbf][0xbd]^[0xef][0xbf][0xbd]U[0xef][0xbf][0xbd]M[0xef][0xbf][0xbd][0xef][0xbf][0xbd][0xef][0xbf][0xbd][0xef][0xbf][0xbd][0xef][0xbf][0xbd]D>[0xef][0xbf][0xbd]I[0xef][0xbf][0xbd]C[0xef][0xbf][0xbd]7[0xef][0xbf][0xbd]hqlWy'k[0xef][0xbf][0xbd][0xef][0xbf][0xbd],[0xc7][0xb4][0x6]),[0xe]9W[0xef][0xbf][0xbd][0xef][0xbf][0xbd][0xef][0xbf][0xbd]][0xef][0xbf][0xbd][0xef][0xbf][0xbd][0x6][0xef][0xbf][0xbd]U[0x13][0x14]YK[0xef][0xbf][0xbd][0xef][0xbf][0xbd]<:;[0x4][0xb][0xef][0xbf][0xbd][0xef][0xbf][0xbd][0xef][0xbf][0xbd][0x3]'[0x15][0xd7][0xb6][0xef][0xbf][0xbd][0xef][0xbf][0xbd]u[0x5]^'[0xef][0xbf][0xbd][0xef][0xbf][0xbd][0xef][0xbf][0xbd][0x18]R[0x3][0xef][0xbf][0xbd]M[0x4][\n]"
07:56:28.628 [main] DEBUG org.apache.http.wire -  >> ",!>[0xd7][0xa0][0xc7][0xb6][0xef][0xbf][0xbd][0xd0][0x82]E[0xef][0xbf][0xbd]1[0x8][0xef][0xbf][0xbd]0z[0xef][0xbf][0xbd][0xef][0xbf][0xbd][0xef][0xbf][0xbd][0xef][0xbf][0xbd]-[0xef][0xbf][0xbd]"t[0xef][0xbf][0xbd]`c[0xef][0xbf][0xbd]Jj[0xef][0xbf][0xbd]U[0xef][0xbf][0xbd][0xef][0xbf][0xbd][0xef][0xbf][0xbd][0x17][0x13][0xef][0xbf][0xbd][0xef][0xbf][0xbd]`[0xef][0xbf][0xbd][0xef][0xbf][0xbd][0xef][0xbf][0xbd]:[0xc]q[0x1][0xef][0xbf][0xbd][0xef][0xbf][0xbd][0xef][0xbf][0xbd]Tf[0xd8][0x88][0xef][0xbf][0xbd]e[0x7][0xef][0xbf][0xbd]r)[0xef][0xbf][0xbd][0xef][0xbf][0xbd][0xef][0xbf][0xbd][0x14][0xef][0xbf][0xbd][0xef][0xbf][0xbd][0xef][0xbf][0xbd][0xef][0xbf][0xbd][0x19][0xef][0xbf][0xbd])K[0xef][0xbf][0xbd]aX[0xc][0xef][0xbf][0xbd]i[0xef][0xbf][0xbd]t[0x4]?QM[0xef][0xbf][0xbd]"[0xef][0xbf][0xbd]g[0xd0][0x89][0x0]}A[0xea][0x85][0x82]@[0x3]&[[0xef][0xbf][0xbd]R_[0xef][0xbf][0xbd][0xef][0xbf][0xbd][0xef][0xbf][0xbd][0xc][0xef][0xbf][0xbd][0x16][0xef][0xbf][0xbd][0xef][0xbf][0xbd][0xc4][0xb5][0xd6][0x8a][0xef][0xbf][0xbd][0xef][0xbf][0xbd][0xef][0xbf][0xbd][\n]"
07:56:28.628 [main] DEBUG org.apache.http.wire -  >> "[0xef][0xbf][0xbd]&[0xef][0xbf][0xbd][0xef][0xbf][0xbd]K4[0xef][0xbf][0xbd]*[0xef][0xbf][0xbd]d5#[0x0]R[0xef][0xbf][0xbd]i[0xef][0xbf][0xbd][0xef][0xbf][0xbd][0xef][0xbf][0xbd]Aa[0xef][0xbf][0xbd]h[0xef][0xbf][0xbd]z[0x16][0xef][0xbf][0xbd][[0xef][0xbf][0xbd][0xef][0xbf][0xbd][0x14][0xe][0xef][0xbf][0xbd]K[0xef][0xbf][0xbd]5[0xef][0xbf][0xbd]y[0xc2][0x85][0xef][0xbf][0xbd][0x1a][0xef][0xbf][0xbd][0xef][0xbf][0xbd]>[0xef][0xbf][0xbd][0xef][0xbf][0xbd]v[0xef][0xbf][0xbd][0xef][0xbf][0xbd]s[0x1c][0xef][0xbf][0xbd]9.y[0xef][0xbf][0xbd]}.[0xef][0xbf][0xbd]`[0xef][0xbf][0xbd][0xef][0xbf][0xbd][0xef][0xbf][0xbd]6s[0xef][0xbf][0xbd]DaqQ[0xef][0xbf][0xbd]z[0xef][0xbf][0xbd][0xef][0xbf][0xbd][0x9]J[0xef][0xbf][0xbd]o[0xef][0xbf][0xbd][0xef][0xbf][0xbd][0xef][0xbf][0xbd][0xef][0xbf][0xbd][0xef][0xbf][0xbd][0xef][0xbf][0xbd][0xef][0xbf][0xbd][0xef][0xbf][0xbd][0xef][0xbf][0xbd][0x11][0xef][0xbf][0xbd][0xef][0xbf][0xbd][0xef][0xbf][0xbd]k[0xef][0xbf][0xbd][0xef][0xbf][0xbd][0xef][0xbf][0xbd][0xef][0xbf][0xbd][0xef][0xbf][0xbd][0x7][0xef][0xbf][0xbd][0xef][0xbf][0xbd][0xde][0xba]~|[0xef][0xbf][0xbd][0x1a][0xb][0xef][0xbf][0xbd][0x12][0xef][0xbf][0xbd][0xef][0xbf][0xbd][0xef][0xbf][0xbd][0xef][0xbf][0xbd][0xef][0xbf][0xbd]Q[0xef][0xbf][0xbd]([0xef][0xbf][0xbd][0x2][0x1b]w[0xef][0xbf][0xbd][0xef][0xbf][0xbd][0xef][0xbf][0xbd][0xef][0xbf][0xbd]5gQ[0xef][0xbf][0xbd][0xef][0xbf][0xbd]2,[0xef][0xbf][0xbd][0x18][0xd3][0xa5]A[0x11]^i[0xef][0xbf][0xbd][0x4][0xef][0xbf][0xbd][0xef][0xbf][0xbd]Q[0xef][0xbf][0xbd]}[0xef][0xbf][0xbd]Uy[0xef][0xbf][0xbd]g[0x1f][0xef][0xbf][0xbd][0xef][0xbf][0xbd]Ka[0xef][0xbf][0xbd]fE[0xef][0xbf][0xbd]:[0xef][0xbf][0xbd]F?[0xef][0xbf][0xbd]"[0x14][0xef][0xbf][0xbd]l@[0xef][0xbf][0xbd][0xef][0xbf][0xbd][0x12]"[0x6])0[0xef][0xbf][0xbd]N[0xef][0xbf][0xbd].[0xef][0xbf][0xbd]2[0xef][0xbf][0xbd][0xef][0xbf][0xbd][0x2][0xef][0xbf][0xbd]7[0xef][0xbf][0xbd][0xef][0xbf][0xbd]Q[0x3]'[0xef][0xbf][0xbd][0xef][0xbf][0xbd].W[0xef][0xbf][0xbd][0x14][0xe])t[0xef][0xbf][0xbd][0xd9][0xae][0xd6][0x94][0xef][0xbf][0xbd][0xef][0xbf][0xbd][0xef][0xbf][0xbd]v[[0x1b][0x12][0x1c][0x17][0xef][0xbf][0xbd]Sft[0x17][0xef][0xbf][0xbd][0xef][0xbf][0xbd]5[0xef][0xbf][0xbd][0xef][0xbf][0xbd][0x15][0xef][0xbf][0xbd]u[0xef][0xbf][0xbd]Yn=9>Uqoi[0x0]a/[0xef][0xbf][0xbd][0xef][0xbf][0xbd][0x12]![0xef][0x9a][0x95][0xef][0xbf][0xbd]J[\r][0x8][0xef][0xbf][0xbd]P[0xef][0xbf][0xbd],)(Ns3[0xef][0xbf][0xbd][0xef][0xbf][0xbd][0xef][0xbf][0xbd][0xef][0xbf][0xbd][0x15][0xef][0xbf][0xbd](;_[0xe9][0xaf][0x91][0xdd][0xa4][0x1b][0xef][0xbf][0xbd]k[0xce][0x96][0xef][0xbf][0xbd][0xef][0xbf][0xbd][0xce][0x9b][0xef][0xbf][0xbd]5[0xef][0xbf][0xbd]w[0xef][0xbf][0xbd][8[0xce][0xa3][0xef][0xbf][0xbd]K&[0xef][0xbf][0xbd]7[0xef][0xbf][0xbd]7_,[0xef][0xbf][0xbd]C[0xef][0xbf][0xbd][0xef][0xbf][0xbd][0xef][0xbf][0xbd]+[0xef][0xbf][0xbd]b[0x17][0xd9][0x94][0x5][0xef][0xbf][0xbd]D[0xef][0xbf][0xbd][0xef][0xbf][0xbd][0xef][0xbf][0xbd];[0xdd][0x90]b[0x18]g<[0xef][0xbf][0xbd]z[0xef][0xbf][0xbd]T[0xef][0xbf][0xbd][0xef][0xbf][0xbd][0xef][0xbf][0xbd][0xef][0xbf][0xbd]3[0xef][0xbf][0xbd]*[0xef][0xbf][0xbd][0xef][0xbf][0xbd]B G[0xef][0xbf][0xbd]#[0xef][0xbf][0xbd][0xc]]'@[0xef][0xbf][0xbd]g[0xef][0xbf][0xbd]ooM[0xef][0xbf][0xbd][0xef][0xbf][0xbd]0[0xef][0xbf][0xbd]Z[0xef][0xbf][0xbd][0x1c]R[0xef][0xbf][0xbd][0x12]@[0xef][0xbf][0xbd][0xf]u[0xef][0xbf][0xbd][0xef][0xbf][0xbd][0xef][0xbf][0xbd][0xef][0xbf][0xbd][\r][0xef][0xbf][0xbd]R?i[0xef][0xbf][0xbd]oE[0xef][0xbf][0xbd]p[0xef][0xbf][0xbd]7[0xef][0xbf][0xbd]([\n]"
07:56:28.628 [main] DEBUG org.apache.http.wire -  >> "IF[0x13][R[\n]"
07:56:28.628 [main] DEBUG org.apache.http.wire -  >> "q[0xec][0xb6][0x86]?I[0xef][0xbf][0xbd][0x1e][0xef][0xbf][0xbd]3[0x1][\n]"
07:56:28.628 [main] DEBUG org.apache.http.wire -  >> "[0xef][0xbf][0xbd]/[0xef][0xbf][0xbd]f[0xef][0xbf][0xbd][0x16]mQ;$[0xef][0xbf][0xbd]H[0xef][0xbf][0xbd][0xef][0xbf][0xbd][0x1a][0x15][0xef][0xbf][0xbd][0xef][0xbf][0xbd]6[0x1]t[0xef][0xbf][0xbd][0xf]T4[0x10]s[0xef][0xbf][0xbd]r[0xef][0xbf][0xbd][0x19]6@l+[0xef][0xbf][0xbd]9[0xef][0xbf][0xbd][0xc8][0x99]!9[0xef][0xbf][0xbd]Y[0xef][0xbf][0xbd][0xef][0xbf][0xbd]Y[0xef][0xbf][0xbd][0xef][0xbf][0xbd]u?[0xef][0xbf][0xbd]7[0xef][0xbf][0xbd][0xef][0xbf][0xbd]zf[0xef][0xbf][0xbd]M[0xef][0xbf][0xbd][0xef][0xbf][0xbd][0xef][0xbf][0xbd][0xef][0xbf][0xbd][0xef][0xbf][0xbd]_[0xef][0xbf][0xbd]}[0xef][0xbf][0xbd][0xef][0xbf][0xbd]Z[0xef][0xbf][0xbd]Z[0xef][0xbf][0xbd]yv[0xef][0xbf][0xbd][0xef][0xbf][0xbd][0xef][0xbf][0xbd]1^}h[0xef][0xbf][0xbd][0xef][0xbf][0xbd][0xef][0xbf][0xbd][0xef][0xbf][0xbd]@[0xef][0xbf][0xbd][0x4][0xef][0xbf][0xbd][0xef][0xbf][0xbd][0xef][0xbf][0xbd][0xef][0xbf][0xbd][0xef][0xbf][0xbd][0xef][0xbf][0xbd][0xef][0xbf][0xbd][0xef][0xbf][0xbd][0xef][0xbf][0xbd][0x8]R[0xef][0xbf][0xbd]4 [0xef][0xbf][0xbd][0xef][0xbf][0xbd]^[0xef][0xbf][0xbd]>[0xef][0xbf][0xbd]D[0xef][0xbf][0xbd][0xef][0xbf][0xbd]?[0x16][0xcb][0x98]G2[0xef][0xbf][0xbd]]{[0xef][0xbf][0xbd]c5[0xef][0xbf][0xbd]'%[0xef][0xbf][0xbd][0xef][0xbf][0xbd][0xd1][0x98]}S[0xef][0xbf][0xbd]-Ub[0xc][0xef][0xbf][0xbd][0xef][0xbf][0xbd]s[0xef][0xbf][0xbd][0xef][0xbf][0xbd]/o[0xef][0xbf][0xbd][0xef][0xbf][0xbd][0xef][0xbf][0xbd]xL[0xef][0xbf][0xbd]G[0x16][0xef][0xbf][0xbd][0xef][0xbf][0xbd][0x13][0xef][0xbf][0xbd][0xef][0xbf][0xbd]z[0xef][0xbf][0xbd][0x13][0xef][0xbf][0xbd][0xef][0xbf][0xbd]V[0xef][0xbf][0xbd]P[0xef][0xbf][0xbd]9[0xef][0xbf][0xbd][0x3]=[0xef][0xbf][0xbd]B-=Ooy[0x18][0x9][0xef][0xbf][0xbd][0xef][0xbf][0xbd]e[0xef][0xbf][0xbd][0xef][0xbf][0xbd][0x3][0x1c]Cd[[0xef][0xbf][0xbd]<U[0xef][0xbf][0xbd]D[0xef][0xbf][0xbd][0xef][0xbf][0xbd][0xef][0xbf][0xbd][0xef][0xbf][0xbd][0xd0][0x9d][0xef][0xbf][0xbd][0xef][0xbf][0xbd][0x1c][0xef][0xbf][0xbd][0xe]*[0xef][0xbf][0xbd][0xef][0xbf][0xbd]U[0x14][\r]%[0x10]h7[0xef][0xbf][0xbd])S[0xef][0xbf][0xbd]Hh[0xef][0xbf][0xbd][0xef][0xbf][0xbd]Q:Z[0xef][0xbf][0xbd]q[0xef][0xbf][0xbd]P[0xef][0xbf][0xbd];i[0xef][0xbf][0xbd][0x1c][0xef][0xbf][0xbd]l}B[0x9][0xef][0xbf][0xbd][0xef][0xbf][0xbd][0xef][0xbf][0xbd]N[0xef][0xbf][0xbd][0xef][0xbf][0xbd][0xef][0xbf][0xbd]2[0xef][0xbf][0xbd]X[0xef][0xbf][0xbd][0xef][0xbf][0xbd]A[0x19]"[0xc7][0x8b][0xef][0xbf][0xbd][0xef][0xbf][0xbd][\r][0xef][0xbf][0xbd][0xdf][0x9b][0xef][0xbf][0xbd][0xef][0xbf][0xbd][0xef][0xbf][0xbd]_[0xef][0xbf][0xbd][0xef][0xbf][0xbd][0xef][0xbf][0xbd]E![0xef][0xbf][0xbd][0xef][0xbf][0xbd]Xx?)[0x14][0xef][0xbf][0xbd][0xef][0xbf][0xbd][0xef][0xbf][0xbd][0x17][0xef][0xbf][0xbd].[0xef][0xbf][0xbd]Cg[0xef][0xbf][0xbd]%[0xef][0xbf][0xbd][0x16][0x1e],[0xef][0xbf][0xbd][0xef][0xbf][0xbd][0xef][0xbf][0xbd]{[0x18][0xef][0xbf][0xbd][0xef][0xbf][0xbd][0x3]X[0xef][0xbf][0xbd]D[0xef][0xbf][0xbd]@v[0xef][0xbf][0xbd][0xef][0xbf][0xbd][0xef][0xbf][0xbd][\n]"
07:56:28.629 [main] DEBUG org.apache.http.wire -  >> "[0xef][0xbf][0xbd][0xef][0xbf][0xbd][0x5]Q[0xef][0xbf][0xbd]o[0xef][0xbf][0xbd]a }6Z[0xef][0xbf][0xbd][0x14][0xef][0xbf][0xbd]![0xef][0xbf][0xbd]c[0xef][0xbf][0xbd][0xef][0xbf][0xbd]\[0xef][0xbf][0xbd]8[0xef][0xbf][0xbd][0xef][0xbf][0xbd][0xef][0xbf][0xbd][0xef][0xbf][0xbd]n[0xef][0xbf][0xbd]/8[0x8]XM[0xef][0xbf][0xbd][0x1d][0xef][0xbf][0xbd][0xef][0xbf][0xbd]g*L[0xef][0xbf][0xbd][0x1e]<c^[0xef][0xbf][0xbd]69[0xef][0xbf][0xbd][0xef][0xbf][0xbd][0xef][0xbf][0xbd][0xef][0xbf][0xbd][0x1a][0x2]L[0xef][0xbf][0xbd]a[0xef][0xbf][0xbd]B[0xef][0xbf][0xbd]Y[0xef][0xbf][0xbd][0x1f]a[0xc][0xef][0xbf][0xbd][0xef][0xbf][0xbd][0xef][0xbf][0xbd][0xef][0xbf][0xbd]N[0xef][0xbf][0xbd][0x17][0x10][0xef][0xbf][0xbd][0xb][0x13][0xef][0xbf][0xbd][0xef][0xbf][0xbd][0xef][0xbf][0xbd][0xef][0xbf][0xbd];[0xef][0xbf][0xbd]T[0xef][0xbf][0xbd]aYO6Kh!,[0xef][0xbf][0xbd][0xef][0xbf][0xbd][0xb]p[0xef][0xbf][0xbd][0xef][0xbf][0xbd][0xef][0xbf][0xbd][\n]"
07:56:28.629 [main] DEBUG org.apache.http.wire -  >> "[0xef][0xbf][0xbd]N[0xef][0xbf][0xbd][0x5]w[0xef][0xbf][0xbd][0x18][0x7]w[0xef][0xbf][0xbd][0xef][0xbf][0xbd][0xef][0xbf][0xbd][0xef][0xbf][0xbd][0xef][0xbf][0xbd][0xef][0xbf][0xbd]N[0xef][0xbf][0xbd][0xef][0xbf][0xbd][0xe3][0xbe][0xa3][0x11][0x18][0xef][0xbf][0xbd]eg[0xef][0xbf][0xbd]`[0xef][0xbf][0xbd][0xde][0x9d]=x1[0xef][0xbf][0xbd][0xef][0xbf][0xbd][0xef][0xbf][0xbd]K[0x1f][0xef][0xbf][0xbd][0xef][0xbf][0xbd][0xef][0xbf][0xbd][0xef][0xbf][0xbd]W[0xef][0xbf][0xbd]H[0x2][0xef][0xbf][0xbd]O[0xef][0xbf][0xbd][0xef][0xbf][0xbd][0xef][0xbf][0xbd][0xef][0xbf][0xbd][0xef][0xbf][0xbd]yi~[0xef][0xbf][0xbd][0xef][0xbf][0xbd]m_[0xef][0xbf][0xbd]S[0xef][0xbf][0xbd][0x2]Gs4hi[0xe5][0x92][0xac][0xd0][0xae]J[0xef][0xbf][0xbd][0xef][0xbf][0xbd][0xef][0xbf][0xbd]R[0xef][0xbf][0xbd]oz?[0xef][0xbf][0xbd]y=[F[0xef][0xbf][0xbd][0xef][0xbf][0xbd][0xef][0xbf][0xbd][0xef][0xbf][0xbd]x[0xef][0xbf][0xbd]j4[0xef][0xbf][0xbd][0xb]W <d[0xef][0xbf][0xbd][0x1]+D[0x1c]0Y[0xef][0xbf][0xbd]iMB[0x0][0xc4][0x93][0xef][0xbf][0xbd][0xef][0xbf][0xbd]X[0x19]n[0xd6][0x85]Q[0xc]6[0xd3][0xab][0xef][0xbf][0xbd][0xef][0xbf][0xbd]s[0xef][0xbf][0xbd][0xef][0xbf][0xbd])Ox[0xef][0xbf][0xbd][0xef][0xbf][0xbd].[0xef][0xbf][0xbd]I[0xef][0xbf][0xbd][0xef][0xbf][0xbd]2[0xef][0xbf][0xbd][0xea][0x81][0xa6][0xef][0xbf][0xbd][0xef][0xbf][0xbd][0xef][0xbf][0xbd][0xda][0xbd]%[0xef][0xbf][0xbd][0xef][0xbf][0xbd][0xef][0xbf][0xbd]8[0xef][0xbf][0xbd][\r]zz[0xef][0xbf][0xbd][0xef][0xbf][0xbd]s[0xef][0xbf][0xbd]M,[0xef][0xbf][0xbd][0x1a][0xef][0xbf][0xbd]b [0xef][0xbf][0xbd]tb[0x0][0xef][0xbf][0xbd][0xef][0xbf][0xbd],[0xef][0xbf][0xbd][0xef][0xbf][0xbd]S[0xef][0xbf][0xbd]3[0xef][0xbf][0xbd]N[0xef][0xbf][0xbd][0xef][0xbf][0xbd]J^Y\[0xef][0xbf][0xbd][0xef][0xbf][0xbd]x[0x3][0xef][0xbf][0xbd][0xef][0xbf][0xbd][0x0][0x7][0xef][0xbf][0xbd]p[0x6]g[0xef][0xbf][0xbd]9[0xef][0xbf][0xbd]![0xef][0xbf][0xbd][0xef][0xbf][0xbd][0xef][0xbf][0xbd]Z[0xef][0xbf][0xbd][0xef][0xbf][0xbd][0xef][0xbf][0xbd]7[0xef][0xbf][0xbd][0xef][0xbf][0xbd]([0x1b][0xef][0xbf][0xbd][0xef][0xbf][0xbd]u>[0xef][0xbf][0xbd][0xef][0xbf][0xbd][0xd1][0x91][0xef][0xbf][0xbd]xV[0xef][0xbf][0xbd][0x1][0xef][0xbf][0xbd][0xec][0x96][0x81]1[0x16]:pt[0x8][0xef][0xbf][0xbd]^M$[0xef][0xbf][0xbd][0x13] [0xef][0xbf][0xbd]{G[0xef][0xbf][0xbd][0xef][0xbf][0xbd]&B[0xef][0xbf][0xbd][0x18][0xb]?g[0xef][0xbf][0xbd]P6E[0xef][0xbf][0xbd]+N[0xef][0xbf][0xbd][0x13][0x3]L[0xef][0xbf][0xbd][0xef][0xbf][0xbd][0x1c][0xef][0xbf][0xbd][0xef][0xbf][0xbd]iD[0xef][0xbf][0xbd]o[0xef][0xbf][0xbd][0xef][0xbf][0xbd][0xef][0xbf][0xbd][0xef][0xbf][0xbd][0x1a][0xce][0xac][0x17][0xef][0xbf][0xbd]!S[0xef][0xbf][0xbd]q[0x16][0xcc][0xab][0xef][0xbf][0xbd]Q[0xef][0xbf][0xbd]~[0xef][0xbf][0xbd][0xef][0xbf][0xbd]\[0xef][0xbf][0xbd][0xef][0xbf][0xbd][0xef][0xbf][0xbd][0xef][0xbf][0xbd][0xc][0xef][0xbf][0xbd]T[0x6][0xef][0xbf][0xbd][0xef][0xbf][0xbd][0x2]r[0xef][0xbf][0xbd]8[0x18]c[0xef][0xbf][0xbd][0xef][0xbf][0xbd][0xef][0xbf][0xbd]x[0xef][0xbf][0xbd][0xc][0xd3][0xbc]2[0xef][0xbf][0xbd]:[0x9]:[0xef][0xbf][0xbd][0xef][0xbf][0xbd][0x6][0xef][0xbf][0xbd]s1[0xef][0xbf][0xbd]"[0xf][0xef][0xbf][0xbd][0xef][0xbf][0xbd]n[0x3][0x4][0xef][0xbf][0xbd]r[0xef][0xbf][0xbd][0xe]o7[0xef][0xbf][0xbd]g[0xef][0xbf][0xbd][0xef][0xbf][0xbd][0x1f][0xef][0xbf][0xbd][0xef][0xbf][0xbd];[0xef][0xbf][0xbd][0xef][0xbf][0xbd]#[0x7]d?[0xef][0xbf][0xbd][0xef][0xbf][0xbd].i[0xef][0xbf][0xbd][0xef][0xbf][0xbd]k1O[0xdb][0xa8][0x5][0xef][0xbf][0xbd][0xef][0xbf][0xbd]O[0xef][0xbf][0xbd][0xef][0xbf][0xbd]U[0xef][0xbf][0xbd]|Kq[0xef][0xbf][0xbd]N[0xef][0xbf][0xbd][0xef][0xbf][0xbd]mT$[0xef][0xbf][0xbd]vE[0xef][0xbf][0xbd]m[0xef][0xbf][0xbd][0xda][0xbb];[0x1c]xS![0x2][0x19][0xd2][0x95]m[0x2][0xef][0xbf][0xbd][0xef][0xbf][0xbd][x[0xd2][0x9e][0xef][0xbf][0xbd][0x10]l[0xef][0xbf][0xbd][0xef][0xbf][0xbd]3[0x9][0xef][0xbf][0xbd][0xef][0xbf][0xbd][0xef][0xbf][0xbd][0x18][0xef][0xbf][0xbd][0xef][0xbf][0xbd]R[0x3][0x4][0xef][0xbf][0xbd])@k8F[0x13][0xef][0xbf][0xbd][0x8][0x1a]e2v'[0xef][0xbf][0xbd][0xef][0xbf][0xbd]S[0x1f][0xef][0xbf][0xbd]R[0xef][0xbf][0xbd][0xef][0xbf][0xbd]tm[0xef][0xbf][0xbd][0xc][0xef][0xbf][0xbd][0xef][0xbf][0xbd][0x7][0xef][0xbf][0xbd][0xef][0xbf][0xbd][0xef][0xbf][0xbd][0xef][0xbf][0xbd]i[0x15]s[0xef][0xbf][0xbd][0xda][0x9c][0xef][0xbf][0xbd]^[0xef][0xbf][0xbd]hC[0xef][0xbf][0xbd][0xef][0xbf][0xbd][0xef][0xbf][0xbd][0xef][0xbf][0xbd][0xef][0xbf][0xbd][0xef][0xbf][0xbd][0xef][0xbf][0xbd]Z6[0xef][0xbf][0xbd]0[0xef][0xbf][0xbd][0xef][0xbf][0xbd][0x9]j[0xef][0xbf][0xbd][0x11][0xef][0xbf][0xbd][0xef][0xbf][0xbd]_y[0xef][0xbf][0xbd][0xef][0xbf][0xbd]5[0xdd][0xbd]&[0xe][0xef][0xbf][0xbd]>[0xef][0xbf][0xbd][0xef][0xbf][0xbd][0xef][0xbf][0xbd]bu[0xef][0xbf][0xbd][0xd0][0xa2][0xef][0xbf][0xbd][0xef][0xbf][0xbd][0xef][0xbf][0xbd][0xef][0xbf][0xbd]V[0xef][0xbf][0xbd][0xef][0xbf][0xbd][0xef][0xbf][0xbd]"[0xef][0xbf][0xbd]d[0x4][0xef][0xbf][0xbd][0xef][0xbf][0xbd]F[0xef][0xbf][0xbd][0xef][0xbf][0xbd]<I[0xef][0xbf][0xbd][0xe]h[0xef][0xbf][0xbd]s[0xef][0xbf][0xbd][0xef][0xbf][0xbd][0x3][0xef][0xbf][0xbd]5[0xef][0xbf][0xbd][0xef][0xbf][0xbd][0xe][0xef][0xbf][0xbd][0xef][0xbf][0xbd]?;2[0xef][0xbf][0xbd][0xef][0xbf][0xbd][0xd9][0xbf][0xe2][0x9a][0xa0][0xef][0xbf][0xbd][0xef][0xbf][0xbd][0xef][0xbf][0xbd] [0xef][0xbf][0xbd]n[0xef][0xbf][0xbd][0xef][0xbf][0xbd][0xef]"
07:56:28.630 [main] DEBUG org.apache.http.wire -  >> "[0xbf][0xbd]-[0xef][0xbf][0xbd]j[0xef][0xbf][0xbd]jo/B[0xef][0xbf][0xbd][0xef][0xbf][0xbd][0xef][0xbf][0xbd][0xef][0xbf][0xbd][0xef][0xbf][0xbd][0xef][0xbf][0xbd]d[0x1f][0xef][0xbf][0xbd][0xef][0xbf][0xbd]BP[0xef][0xbf][0xbd][0xef][0xbf][0xbd]XHP[0xef][0xbf][0xbd][0xef][0xbf][0xbd][0xef][0xbf][0xbd][0x8][0xef][0xbf][0xbd][0xef][0xbf][0xbd][0xef][0xbf][0xbd][0xef][0xbf][0xbd]-/[0x0][0x7]f[0xef][0xbf][0xbd]]i;[0xef][0xbf][0xbd][0xef][0xbf][0xbd]>[0xef][0xbf][0xbd][0xef][0xbf][0xbd]N4[0xef][0xbf][0xbd][0xef][0xbf][0xbd][0x14][0xef][0xbf][0xbd][0x2][0xef][0xbf][0xbd]2[0xef][0xbf][0xbd]`{[0xef][0xbf][0xbd][0xef][0xbf][0xbd][0xef][0xbf][0xbd][0xef][0xbf][0xbd][0x1b][0xef][0xbf][0xbd][0xef][0xbf][0xbd]I[0xef][0xbf][0xbd][0xef][0xbf][0xbd]r[0xef][0xbf][0xbd]#[0xef][0xbf][0xbd][0xef][0xbf][0xbd][0xef][0xbf][0xbd][0x16][0xef][0xbf][0xbd]p8[0xef][0xbf][0xbd][0xef][0xbf][0xbd][0xef][0xbf][0xbd]Z[0xef][0xbf][0xbd]S[0x3][0xef][0xbf][0xbd]6[0xef][0xbf][0xbd][0xef][0xbf][0xbd])[0xef][0xbf][0xbd]h[0xef][0xbf][0xbd]e[0xef][0xbf][0xbd][0xef][0xbf][0xbd][0xc][0xef][0xbf][0xbd][0xcc][0xb5]][0xef][0xbf][0xbd][0xef][0xbf][0xbd]bH[0xd8][0x94][0xef][0xbf][0xbd]a{[0xef][0xbf][0xbd][0xef][0xbf][0xbd][0xef][0xbf][0xbd][0xef][0xbf][0xbd]?[0xef][0xbf][0xbd][0xc7][0xac]|[0xef][0xbf][0xbd][0xef][0xbf][0xbd]=[0xef][0xbf][0xbd][0xef][0xbf][0xbd][0xef][0xbf][0xbd][0xef][0xbf][0xbd][0xef][0xbf][0xbd]?^[0xef][0xbf][0xbd][0xef][0xbf][0xbd]K[0xef][0xbf][0xbd][0x19]v[0xef][0xbf][0xbd]]r)[0xef][0xbf][0xbd]h[0xef][0xbf][0xbd][0x1f]s[0xef][0xbf][0xbd]x0j[0xef][0xbf][0xbd][0xef][0xbf][0xbd]q[0xef][0xbf][0xbd];[0xef][0xbf][0xbd][0xef][0xbf][0xbd]!W[0xc][0xef][0xbf][0xbd][0xef][0xbf][0xbd]/Z[0xe][0xef][0xbf][0xbd][0xef][0xbf][0xbd][0xef][0xbf][0xbd][0x15]N[0xef][0xbf][0xbd]Q#[0xef][0xbf][0xbd][0x1c],[0xef][0xbf][0xbd]`bA[0x1d][0xef][0xbf][0xbd]B[0xef][0xbf][0xbd]z[0xef][0xbf][0xbd][0xef][0xbf][0xbd][0xc8][0xa0](ld[0xef][0xbf][0xbd][,[0x1e][0x7][0xef][0xbf][0xbd][0xef][0xbf][0xbd]X[0x6][0x1d]V[0xf][0xef][0xbf][0xbd]r8%[0xef][0xbf][0xbd]tF"[0xef][0xbf][0xbd]td[0x1f]>t[0xef][0xbf][0xbd][0xef][0xbf][0xbd][0xef][0xbf][0xbd]<Bc0[0xef][0xbf][0xbd]m[0xef][0xbf][0xbd]o[0xef][0xbf][0xbd]V[0xb][0xef][0xbf][0xbd][0xef][0xbf][0xbd][0xef][0xbf][0xbd]"[0x4][0xef][0xbf][0xbd]E[0xef][0xbf][0xbd][0xef][0xbf][0xbd][0xef][0xbf][0xbd][0xef][0xbf][0xbd]Hx]<[0xef][0xbf][0xbd]?b,[0xe][0xef][0xbf][0xbd]o[0xd6][0xb2][0xef][0xbf][0xbd][0x8][0xea][0x94][0xb3][0xef][0xbf][0xbd]Q[0xc2][0x8b][0xef][0xbf][0xbd][0xef][0xbf][0xbd]l[0xef][0xbf][0xbd][0xef][0xbf][0xbd]q0[0xef][0xbf][0xbd]B[0xef][0xbf][0xbd][0x18][0xef][0xbf][0xbd]}1"[0xef][0xbf][0xbd]c2[0xef][0xbf][0xbd][0x7]}%[0xef][0xbf][0xbd]8[0xef][0xbf][0xbd][0xef][0xbf][0xbd]V[0x18]w[0xef][0xbf][0xbd]r[\n]"
07:56:28.630 [main] DEBUG org.apache.http.wire -  >> "7[0xef][0xbf][0xbd]2[0xef][0xbf][0xbd][0xef][0xbf][0xbd]9[0xef][0xbf][0xbd][0xef][0xbf][0xbd]B[0xef][0xbf][0xbd][0x14][0xef][0xbf][0xbd]pj[0x6]JQ[0xef][0xbf][0xbd][0xd6][0xb7]?[0xef][0xbf][0xbd][0xc6][0xb0][0xd0][0xa7]0[0xef][0xbf][0xbd][0xce][0xa7][0x1a]v[0xef][0xbf][0xbd]\S[0xef][0xbf][0xbd][0x12];[0xef][0xbf][0xbd][0xef][0xbf][0xbd][0xef][0xbf][0xbd]Q[0xca][0xb6]\[0xef][0xbf][0xbd][0xef][0xbf][0xbd][0xef][0xbf][0xbd]<[0xef][0xbf][0xbd]Y[0xde][0xa8][0xef][0xbf][0xbd]'h[0xda][0x99][0xef][0xbf][0xbd]U[0xef][0xbf][0xbd][0x12][0xef][0xbf][0xbd]p[0xef][0xbf][0xbd][0xd1][0xa0][0xef][0xbf][0xbd][0x17][0x7]g[0x0][\r][0xef][0xbf][0xbd][0xef][0xbf][0xbd]/[0xef][0xbf][0xbd][0xef][0xbf][0xbd][0xef][0xbf][0xbd]d[0xef][0xbf][0xbd][0xef][0xbf][0xbd]e[0xf]t)[0xef][0xbf][0xbd][0xef][0xbf][0xbd];[0xef][0xbf][0xbd]D[0xef][0xbf][0xbd]p[0xef][0xbf][0xbd][0xef][0xbf][0xbd];[0xef][0xbf][0xbd][0xd6][0xa2]E[0xd8][0x8e]^;d[0xef][0xbf][0xbd]y[0x10]:rm[0xef][0xbf][0xbd]:X[0xef][0xbf][0xbd]:[0x1c][0xef][0xbf][0xbd]W[0xef][0xbf][0xbd][0xef][0xbf][0xbd].K[0xef][0xbf][0xbd]uC{[0xef][0xbf][0xbd]2[0xef][0xbf][0xbd]Qf[0x1c][0xda][0xbb][0xef][0xbf][0xbd][0xef][0xbf][0xbd]{_[0xef][0xbf][0xbd]O[0xef][0xbf][0xbd][0xef][0xbf][0xbd][0xef][0xbf][0xbd][0xef][0xbf][0xbd]cX>2[0x1e][0xef][0xbf][0xbd]O[0xef][0xbf][0xbd][0xef][0xbf][0xbd][0x7]'l[0xef][0xbf][0xbd][0xef][0xbf][0xbd][0xef][0xbf][0xbd]6[0xef][0xbf][0xbd][0xd9][0xba]i[0xef][0xbf][0xbd][0x2]z[0xef][0xbf][0xbd][\r][0xf]B[0xef][0xbf][0xbd][0xef][0xbf][0xbd][0xef][0xbf][0xbd][0x14][0xef][0xbf][0xbd]A[0xef][0xbf][0xbd][0x2]AY[0xef][0xbf][0xbd][0xef][0xbf][0xbd]w[0xef][0xbf][0xbd]f[0xef][0xbf][0xbd][0xef][0xbf][0xbd][0xef][0xbf][0xbd][0xef][0xbf][0xbd]/s[0xef][0xbf][0xbd][0xef][0xbf][0xbd][0xef][0xbf][0xbd][0xef][0xbf][0xbd][0x18]E[0x2][0xef][0xbf][0xbd][0xef][0xbf][0xbd][0x1e][0xef][0xbf][0xbd][0x11]S[0xef][0xbf][0xbd][0xca][0xae][[0xef][0xbf][0xbd][0xef][0xbf][0xbd][0xef][0xbf][0xbd]w[0xef][0xbf][0xbd]#[0xef][0xbf][0xbd]oh[0xef][0xbf][0xbd]nK[0xef][0xbf][0xbd]L[0xef][0xbf][0xbd]7b[0xef][0xbf][0xbd][0x13][0xef][0xbf][0xbd]G$Wk[0xef][0xbf][0xbd]A[0xef][0xbf][0xbd][0xef][0xbf][0xbd][0xef][0xbf][0xbd][0xef][0xbf][0xbd][0xef][0xbf][0xbd][0xef][0xbf][0xbd][0xe][0xef][0xbf][0xbd][0xef][0xbf][0xbd][0xef][0xbf][0xbd]#[0xef][0xbf][0xbd][0xef][0xbf][0xbd]GXU[0xef][0xbf][0xbd][0xef][0xbf][0xbd]boa[0xef][0xbf][0xbd][0xef][0xbf][0xbd]}>[0xef][0xbf][0xbd][0xef][0xbf][0xbd][0xf]ij[0x12]}[0xef][0xbf][0xbd][0xef][0xbf][0xbd][0xef][0xbf][0xbd]'r[0xef][0xbf][0xbd]0Pk:[0xef][0xbf][0xbd][0xef][0xbf][0xbd][0xd9][0xa8][0xef][0xbf][0xbd]m[0x0][0xef][0xbf][0xbd][0xef][0xbf][0xbd][0xef][0xbf][0xbd]H[0xef][0xbf][0xbd][0xef][0xbf][0xbd]U[0x18]y[0xd8][0x98][0xef][0xbf][0xbd]c[[0xef][0xbf][0xbd]Rn[0xef][0xbf][0xbd]X[0xef][0xbf][0xbd][0xef][0xbf][0xbd]H[0xd3][0xa5][0xef][0xbf][0xbd]j[0xef][0xbf][0xbd]jWf[0xef][0xbf][0xbd];b[0xc6][0xab]zK[0xef][0xbf][0xbd][0x0][0xef][0xbf][0xbd]D[0xef][0xbf][0xbd]p[0xef][0xbf][0xbd]i[0xef][0xbf][0xbd]XL'[0x18][0x12]6e[0xef][0xbf][0xbd]"[0xef][0xbf][0xbd]gx5Xz[0x3][0xef][0xbf][0xbd]:WO[0xef][0xbf][0xbd]pE(It[0xef][0xbf][0xbd][0x17],[0xc2][0xba][0xef][0xbf][0xbd]Fz[0xef][0xbf][0xbd][0xef][0xbf][0xbd]|[0xef][0xbf][0xbd][0xef][0xbf][0xbd][0xef][0xbf][0xbd]*[0xef][0xbf][0xbd][0xef][0xbf][0xbd]O[\n]"
07:56:28.631 [main] DEBUG org.apache.http.wire -  >> "Q[0xef][0xbf][0xbd][0xef][0xbf][0xbd]Xz[0xef][0xbf][0xbd]bN[0xef][0xbf][0xbd][0xef][0xbf][0xbd][0xef][0xbf][0xbd][0xef][0xbf][0xbd]=[0xef][0xbf][0xbd]&0[0x10][0xef][0xbf][0xbd][0xef][0xbf][0xbd]_{-V[0xef][0xbf][0xbd][0xef][0xbf][0xbd][0xef][0xbf][0xbd]S[0x19]"[0xef][0xbf][0xbd][0x2][0xef][0xbf][0xbd][0xd4][0xbf]:[0xef][0xbf][0xbd]y[0xef][0xbf][0xbd][0xef][0xbf][0xbd][0xef][0xbf][0xbd]p[0xef][0xbf][0xbd][0xc6][0x87][0x1a][0xef][0xbf][0xbd]&Zx[0xef][0xbf][0xbd][0xef][0xbf][0xbd][0x16]c[0xef][0xbf][0xbd][0xef][0xbf][0xbd][0xef][0xbf][0xbd][0xef][0xbf][0xbd][0xef][0xbf][0xbd]l[0xef][0xbf][0xbd][0xef][0xbf][0xbd]9ryE#[0xe7][0x82][0xb1]I[0xef][0xbf][0xbd][0xef][0xbf][0xbd]g][0xef][0xbf][0xbd][0x19][0xef][0xbf][0xbd][0xef][0xbf][0xbd][0xef][0xbf][0xbd][0xef][0xbf][0xbd]<[0xef][0xbf][0xbd][0xc7][0xb4]|$[0xef][0xbf][0xbd]l[0xef][0xbf][0xbd]I[0xef][0xbf][0xbd][0xef][0xbf][0xbd][0xef][0xbf][0xbd]?[0xef][0xbf][0xbd][0xcf][0x9f][0xef][0xbf][0xbd][0xef][0xbf][0xbd][0xef][0xbf][0xbd][0xdd][0xb5][0xef][0xbf][0xbd]LS[0xde][0xa8]C[0xef][0xbf][0xbd]UO[0xef][0xbf][0xbd][0xef][0xbf][0xbd]Cd)[0xef][0xbf][0xbd][0x15]L[0x19][0xef][0xbf][0xbd]f[0xef][0xbf][0xbd]{k[\r][0xef][0xbf][0xbd][0xef][0xbf][0xbd]`[0xef][0xbf][0xbd]h[0x10][0x1d][0xe][0xef][0xbf][0xbd][0xcd][0x8a][0x1][0xef][0xbf][0xbd][0xef][0xbf][0xbd][0xef][0xbf][0xbd][0xef][0xbf][0xbd][0x15];[0xef][0xbf][0xbd][0xef][0xbf][0xbd][0xb][0x5][0xca][0xb9][0xef][0xbf][0xbd][0xef][0xbf][0xbd][0xef][0xbf][0xbd][0xdf][0x98]~[0xef][0xbf][0xbd][0xef][0xbf][0xbd][0xef][0xbf][0xbd]jR[0xef][0xbf][0xbd][0xef][0xbf][0xbd] 0[0x14][0xef][0xbf][0xbd][0xef][0xbf][0xbd][0x14][0xef][0xbf][0xbd]]l[0xef][0xbf][0xbd][0xef][0xbf][0xbd][0xef][0xbf][0xbd]f[0xef][0xbf][0xbd]}i[0xd0][0xa6]t[0xef][0xbf][0xbd][0xef][0xbf][0xbd][0xef][0xbf][0xbd][0xef][0xbf][0xbd])[0xef][0xbf][0xbd][0x0][0xef][0xbf][0xbd][0xef][0xbf][0xbd][0x1f][0x1c][0xef][0xbf][0xbd][0xef][0xbf][0xbd][0xef][0xbf][0xbd][0xef][0xbf][0xbd][0xc2][0x83][0xef][0xbf][0xbd]n[0xef][0xbf][0xbd]8&[0xe]T[0xd4][0x8b]Tq9B[0xef][0xbf][0xbd][0xef][0xbf][0xbd][0xef][0xbf][0xbd]m[0xef][0xbf][0xbd]Q[0xef][0xbf][0xbd]HX[0xef][0xbf][0xbd]E[0xef][0xbf][0xbd][0xef][0xbf][0xbd][0xef][0xbf][0xbd][0xef][0xbf][0xbd]SI[0xef][0xbf][0xbd][0xef][0xbf][0xbd][0x0][0xef][0xbf][0xbd][0xeb][0xb0][0xb5][0xef][0xbf][0xbd][0x1f][0xef][0xbf][0xbd]U6P[0xef][0xbf][0xbd][0xef][0xbf][0xbd]![0xef][0xbf][0xbd][0xef][0xbf][0xbd]i[0xef][0xbf][0xbd][0xef][0xbf][0xbd][0xef][0xbf][0xbd]4[0x8]7[0xef][0xbf][0xbd][0xda][0xba]p$[0xef][0xbf][0xbd][0xef][0xbf][0xbd]U[0xe7][0xba][0x97]'[0xef][0xbf][0xbd][0xc5][0x9f][0xef][0xbf][0xbd][0x1][0xef][0xbf][0xbd]}[0xef][0xbf][0xbd]V1[0xef][0xbf][0xbd][0xef][0xbf][0xbd] [0xef][0xbf][0xbd][0xef][0xbf][0xbd][0x13]T\[0xef][0xbf][0xbd]T[0xef][0xbf][0xbd]u[0xef][0xbf][0xbd][0xc8][0x89][0xef][0xbf][0xbd][0xef][0xbf][0xbd]l,{Q[0xef][0xbf][0xbd]|[0xcc][0xbc]Z^s[0xef][0xbf][0xbd][0xef][0xbf][0xbd]l[0x16]:[0x18]J[0xef][0xbf][0xbd]F[0xef][0xbf][0xbd]}[0xef][0xbf][0xbd][0xef][0xbf][0xbd][0xef][0xbf][0xbd]M[0xef][0xbf][0xbd]& [0xef][0xbf][0xbd][0xef][0xbf][0xbd][0xef][0xbf][0xbd]Dy'!pcF[0xef][0xbf][0xbd][0xef][0xbf][0xbd]O[0xef][0xbf][0xbd]EO[0x9]7R[0xef][0xbf][0xbd][0xef][0xbf][0xbd],[0xef][0xbf][0xbd][0xef][0xbf][0xbd]|[0xef][0xbf][0xbd][0xef][0xbf][0xbd]I[0x1e]AWK[0xef][0xbf][0xbd]f/*[0x19][0xef][0xbf][0xbd][0xef][0xbf][0xbd][0x4][0xe][0xef][0xbf][0xbd]8[\r][0xef][0xbf][0xbd][0xef][0xbf][0xbd][0xef][0xbf][0xbd][0xef][0xbf][0xbd][0xef][0xbf][0xbd]o[0xef][0xbf][0xbd]z[0xc9][0xb6][0xef][0xbf][0xbd]u[0xef][0xbf][0xbd][0x0]5[0xef][0xbf][0xbd][0xef][0xbf][0xbd]$[0xef][0xbf][0xbd][0xef][0xbf][0xbd]r[0xef][0xbf][0xbd]z[0xef][0xbf][0xbd]9b[0xef][0xbf][0xbd][0xef][0xbf][0xbd][0xef][0xbf][0xbd][0xef][0xbf][0xbd][0xef][0xbf][0xbd][0xef][0xbf][0xbd]vd[0xef][0xbf][0xbd]uL{[0xef][0xbf][0xbd][0xef][0xbf][0xbd][0xef][0xbf][0xbd][0xef][0xbf][0xbd]l[0xef][0xbf][0xbd][0xef][0xbf][0xbd][0xd3][0xaf]<|[0xef][0xbf][0xbd]U<[0xef][0xbf][0xbd][0xef][0xbf][0xbd]#[0x1]d?[0xef][0xbf][0xbd][0xef][0xbf][0xbd][0xd8][0xaf][0xef][0xbf][0xbd]W[0xef][0xbf][0xbd]'[0xef][0xbf][0xbd]4[0xef][0xbf][0xbd]u[0xb]f[0xef][0xbf][0xbd][0xef][0xbf][0xbd]{[0xef][0xbf][0xbd][0xef][0xbf][0xbd][0xef][0xbf][0xbd][0xef][0xbf][0xbd]x0[0xef][0xbf][0xbd][0xef][0xbf][0xbd][0xef][0xbf][0xbd][0x17][0xef][0xbf][0xbd][0xef][0xbf][0xbd][0xef][0xbf][0xbd][0xef][0xbf][0xbd][0xef][0xbf][0xbd][0x18][0xef][0xbf][0xbd][0xef][0xbf][0xbd];[0xef][0xbf][0xbd][0xef][0xbf][0xbd]g[0xe][0xef][0xbf][0xbd][0xef][0xbf][0xbd]K[0xef][0xbf][0xbd]M[0xc6][0xa4][0xd1][0xa6][0xef][0xbf][0xbd][0xe]f[0xef][0xbf][0xbd]a[0xef][0xbf][0xbd]6[0xef][0xbf][0xbd][0xef][0xbf][0xbd][0x4]][0x1e]F[0xef][0xbf][0xbd][0xef][0xbf][0xbd][0xef][0xbf][0xbd],|+[0xef][0xbf][0xbd][0xef][0xbf][0xbd][0xef][0xbf][0xbd][0x16][0xef][0xbf][0xbd]i[0xef][0xbf][0xbd]9[0xef][0xbf][0xbd]Q[0xef][0xbf][0xbd]y[0x10]\i[0xef][0xbf][0xbd][0xef][0xbf][0xbd])|L6'I[0xef][0xbf][0xbd][0xef][0xbf][0xbd][0xef][0xbf][0xbd]J[0xef][0xbf][0xbd]&][0xef][0xbf][0xbd][0xef][0xbf][0xbd]`[0x3][0xef][0xbf][0xbd][\r][0xef][0xbf][0xbd]e[0x5][0x6]M^[0xef][0xbf][0xbd]I[0xef][0xbf][0xbd][0xef][0xbf][0xbd]Ff[0xef][0xbf][0xbd][0x14][[0xef][0xbf][0xbd]N[0xef][0xbf][0xbd]n[0xef][0xbf][0xbd] [0xd1][0x9e]o[0xb][0xef][0xbf][0xbd][0x4][0xef][0xbf][0xbd]vb[0x13][0xef][0xbf][0xbd])[0xef][0xbf][0xbd][0x1a][0x18][0xef][0xbf][0xbd][0xef][0xbf][0xbd][0xef][0xbf][0xbd]g[0xef][0xbf][0xbd][0xef][0xbf][0xbd]P=[0xef][0xbf][0xbd]^G[0x5][0xd7][0x82][0xef][0xbf][0xbd][0xef][0xbf][0xbd]h[0xef][0xbf][0xbd]Z[0xef][0xbf][0xbd][0xdc][0x8e][0xef][0xbf][0xbd][0xef][0xbf][0xbd][0x1d][0xef][0xbf][0xbd][0xef][0xbf][0xbd][0xef][0xbf][0xbd]n[0xce][0xa0]H[0xef][0xbf][0xbd]o8[0xef][0xbf][0xbd][0x0][0xef][0xbf][0xbd][0xef][0xbf][0xbd][0xc][0x0][0x8]8[0xe]P[0xef][0xbf][0xbd][0xef][0xbf][0xbd][0xef][0xbf][0xbd]9[0xef][0xbf][0xbd][0xef][0xbf][0xbd]0[0xef][0xbf][0xbd][0x17][0xef][0xbf][0xbd]X[0xef][0xbf][0xbd][0xef][0xbf][0xbd][0xef][0xbf][0xbd]?[0xef][0xbf][0xbd][0xef][0xbf][0xbd]^[0xef][0xbf][0xbd][0xef][0xbf][0xbd][0xef][0xbf][0xbd]<` [0xef][0xbf][0xbd][0xef][0xbf][0xbd][0x11][0xef][0xbf][0xbd]jL[0xef][0xbf][0xbd][0x1c]zg$[0xef][0xbf][0xbd]1[0xf][0xef][0xbf][0xbd]V[0xd7][0xb3]!|6[0xef][0xbf][0xbd][0xef][0xbf][0xbd][0x1e]Y[0xef][0xbf][0xbd]e\G[0xef][0xbf][0xbd]X[0x6][0xef][0xbf][0xbd]ib[0xef][0xbf][0xbd][0xef][0xbf][0xbd]c[0x1b][0x4][0xef][0xbf][0xbd]T}[0xef][0xbf][0xbd][0xef][0xbf][0xbd][0xef][0xbf][0xbd][0x12][0x12]X[0xd0][0xb5][0x1]t[0xd4][0x83]$[0xd0][0x93][0xef][0xbf][0xbd][0xef][0xbf][0xbd][0xef][0xbf][0xbd]C<[0xef][0xbf][0xbd][0xef][0xbf][0xbd]n[0xef][0xbf][0xbd][0x17][0xef][0xbf][0xbd]e[0xef][0xbf][0xbd][0xef][0xbf][0xbd]2x[0xe][0xef][0xbf][0xbd][0xef][0xbf][0xbd]{$[0xef][0xbf][0xbd]C[0xef][0xbf][0xbd][0xef][0xbf][0xbd][0xef][0xbf][0xbd][0xef][0xbf][0xbd][0x19]6"[0xef][0xbf][0xbd]1[0xef][0xbf][0xbd][0x3][0xef][0xbf][0xbd][0xef][0xbf][0xbd][0xef][0xbf][0xbd]P[0xef][0xbf][0xbd][0xef][0xbf][0xbd]Yj[0xef][0xbf][0xbd]:[0xef][0xbf][0xbd][0xef][0xbf][0xbd][0xef][0xbf][0xbd]~[0xef][0xbf][0xbd]W|c;[0xef][0xbf][0xbd]_[0xef][0xbf][0xbd][0xef][0xbf][0xbd][0x1e][0xef][0xbf][0xbd][0xc][0xc5][0xbb][0xef][0xbf][0xbd]c[0xf]d[0xef][0xbf][0xbd][0xef][0xbf][0xbd]|[0x10]0[0xef][0xbf][0xbd] }[0xef][0xbf][0xbd]A=[0xd6][0x87][0x19][0xef][0xbf][0xbd][0xef][0xbf][0xbd][0xef][0xbf][0xbd]<[0xef][0xbf][0xbd]H[0xef][0xbf][0xbd][0xef][0xbf][0xbd]Of[0xef][0xbf][0xbd]U[0xef][0xbf][0xbd]UhJ[0xef][0xbf][0xbd][0xef][0xbf][0xbd]&[0xef][0xbf][0xbd][0x3]JeK[0xef][0xbf][0xbd]H[0xef][0xbf][0xbd]m[0xef][0xbf][0xbd]}[0xef][0xbf][0xbd][0xef][0xbf][0xbd]T[0xef][0xbf][0xbd]"[0xef][0xbf][0xbd][0xef][0xbf][0xbd]a[0x6][0xef][0xbf][0xbd][0x15][0xef][0xbf][0xbd][0xef][0xbf][0xbd][0xef][0xbf][0xbd][0xef][0xbf][0xbd][\r][0x1]-N[0x2][0xef][0xbf][0xbd][0xef][0xbf][0xbd][0xef][0xbf][0xbd]H[0xef][0xbf][0xbd][0xef][0xbf][0xbd][0xef][0xbf][0xbd]o[0xef][0xbf][0xbd][0x9][0xef][0xbf][0xbd][0xef][0xbf][0xbd][\n]"
07:56:28.631 [main] DEBUG org.apache.http.wire -  >> "P[0xef][0xbf][0xbd][0xef][0xbf][0xbd][0xef][0xbf][0xbd][0xef][0xbf][0xbd]s[0xef][0xbf][0xbd]d[0xef][0xbf][0xbd]k[0xef][0xbf][0xbd][0xcb][0xab][\n]"
07:56:28.631 [main] DEBUG org.apache.http.wire -  >> "[0x1d][0xef][0xbf][0xbd][0xef][0xbf][0xbd][0xef][0xbf][0xbd]M[0xc7][0xa6][0x2][0xef][0xbf][0xbd]![0xef][0xbf][0xbd][0xef][0xbf][0xbd][0xc7][0x94][0xef][0xbf][0xbd][0x0][0x1]"Z}W[0xef][0xbf][0xbd][0xef][0xbf][0xbd][0x3].[0xef][0xbf][0xbd][0xef][0xbf][0xbd][0x6][0xef][0xbf][0xbd]A5[0xef][0xbf][0xbd][0x3][0xef][0xbf][0xbd]a[0x1d][0xef][0xbf][0xbd][0xef][0xbf][0xbd].[0xef][0xbf][0xbd][0xc8][0xae][0x11][0xef][0xbf][0xbd]i!P[0xef][0xbf][0xbd][0xef][0xbf][0xbd]`[0x7][0x12][;[0xef][0xbf][0xbd][0xef][0xbf][0xbd][0xef][0xbf][0xbd][0x0][0xef][0xbf][0xbd][0xef][0xbf][0xbd][0x1a][0xef][0xbf][0xbd][0xef][0xbf][0xbd][0x17][0xef][0xbf][0xbd]8[0xef][0xbf][0xbd][0xef][0xbf][0xbd]H[0xf]-c0[0x10][0xef][0xbf][0xbd]~[0xef][0xbf][0xbd][0xef][0xbf][0xbd]G'Va[0xef][0xbf][0xbd][0xe][0xef][0xbf][0xbd][0xef][0xbf][0xbd]r[0xef][0xbf][0xbd]IL[0x1f][0xef][0xbf][0xbd][0xef][0xbf][0xbd][0xef][0xbf][0xbd][0xef][0xbf][0xbd][0xef][0xbf][0xbd]KC[0xef][0xbf][0xbd][0xef][0xbf][0xbd][0xf][[0xef][0xbf][0xbd]f[0xef][0xbf][0xbd][0xef][0xbf][0xbd]^[0xf]d8[0xef][0xbf][0xbd][0xef][0xbf][0xbd][0xef][0xbf][0xbd]a[0xd2][0x83][0xef][0xbf][0xbd][0xef][0xbf][0xbd]T[0xef][0xbf][0xbd]^:n[0xef][0xbf][0xbd]P[0xef][0xbf][0xbd][0xef][0xbf][0xbd]*nT[0xef][0xbf][0xbd]4[0xef][0xbf][0xbd][0xef][0xbf][0xbd][0xef][0xbf][0xbd][0xef][0xbf][0xbd][0x16][0xef][0xbf][0xbd]v[0x1d]O;[0xef][0xbf][0xbd]B[0xf][0xef][0xbf][0xbd][0xef][0xbf][0xbd][0xef][0xbf][0xbd] [0xef][0xbf][0xbd]T?][0xef][0xbf][0xbd][0xef][0xbf][0xbd][0xef][0xbf][0xbd][0xc2][0x8e][0xef][0xbf][0xbd][0xef][0xbf][0xbd][0x14][0x16][0xef][0xbf][0xbd]G[0x10]F[0xef][0xbf][0xbd]j[0xef][0xbf][0xbd]U[0x1f][0xef][0xbf][0xbd][0x7][0xdd][0xbb][0xef][0xbf][0xbd]m[0xef][0xbf][0xbd][0xef][0xbf][0xbd]X[0xef][0xbf][0xbd][[0xef][0xbf][0xbd][0xef][0xbf][0xbd][0xc8][0x86]611uR[0x17][0xef][0xbf][0xbd][0xef][0xbf][0xbd]<hl[0xef][0xbf][0xbd]g[0xef][0xbf][0xbd][0xef][0xbf][0xbd]a$[0xef][0xbf][0xbd]6N[0xef][0xbf][0xbd][0xef][0xbf][0xbd][0x18])I[`3[0xef][0xbf][0xbd]j[0xef][0xbf][0xbd]h[0xef][0xbf][0xbd][0x5][0xf][0xef][0xbf][0xbd]>[0xef][0xbf][0xbd]|[0xef][0xbf][0xbd]q[0x7][0xef][0xbf][0xbd]K[0x9]<[0xef][0xbf][0xbd][0xef][0xbf][0xbd]'[0xef][0xbf][0xbd][0xef][0xbf][0xbd][0xef][0xbf][0xbd][0xef][0xbf][0xbd]{[0xef][0xbf][0xbd][0xef][0xbf][0xbd]am[0xef][0xbf][0xbd]>[0xef][0xbf][0xbd][0xef][0xbf][0xbd][0xef][0xbf][0xbd]j[0xef][0xbf][0xbd]BwFT[0xef][0xbf][0xbd]l[0x15][0xef][0xbf][0xbd]Y3[0x5][0xef][0xbf][0xbd][0xef][0xbf][0xbd][0xef][0xbf][0xbd]rQ[0xef][0xbf][0xbd][[0xef][0xbf][0xbd][0xef][0xbf][0xbd][0xef][0xbf][0xbd][0xef][0xbf][0xbd]q[0xef][0xbf][0xbd]ZdL%[0xef][0xbf][0xbd][0xef][0xbf][0xbd][0xef][0xbf][0xbd]Mj[0x12]G[0xef][0xbf][0xbd]b[0xef][0xbf][0xbd]<[0xc4][0x8c][0xc]o[0xef][0xbf][0xbd][0xef][0xbf][0xbd][0xef][0xbf][0xbd]x[0xef][0xbf][0xbd][0xef][0xbf][0xbd]J[0xef][0xbf][0xbd][0xef][0xbf][0xbd][0xef][0xbf][0xbd][0xef][0xbf][0xbd]cz[0xef][0xbf][0xbd]+[0x17]v[0xef][0xbf][0xbd]'[0xef][0xbf][0xbd][0xef][0xbf][0xbd][0xef][0xbf][0xbd]E\[0xe][0xef][0xbf][0xbd][0xef][0xbf][0xbd][0xef][0xbf][0xbd][0xef][0xbf][0xbd][0xef][0xbf][0xbd]w[0xef][0xbf][0xbd][0x1b][0xef][0xbf][0xbd]p[0x0]K_9[0xef][0xbf][0xbd][0xe6][0x9f][0xb7][0xef][0xbf][0xbd][0xef][0xbf][0xbd][0xef][0xbf][0xbd]o[0xef][0xbf][0xbd]sy[0xef][0xbf][0xbd]/[0xef][0xbf][0xbd]T[0x14]2[0xef][0xbf][0xbd]o"mEt[0xef][0xbf][0xbd][0xef][0xbf][0xbd]4ius[0xef][0xbf][0xbd][0x1a],[0xef][0xbf][0xbd][0x16]s[0xef][0xbf][0xbd][0x13][0xef][0xbf][0xbd][0xef][0xbf][0xbd]JkxJ[0xef][0xbf][0xbd][0xef][0xbf][0xbd][0xef][0xbf][0xbd][0xef][0xbf][0xbd][0xd8][0x89][0xef][0xbf][0xbd][0x3]y[3[0xef][0xbf][0xbd][0xef][0xbf][0xbd][0xef][0xbf][0xbd]c[0xef][0xbf][0xbd][0xef][0xbf][0xbd][0xef][0xbf][0xbd]Pp[0xef][0xbf][0xbd][0xef][0xbf][0xbd][0xef][0xbf][0xbd][0x1f][0xef][0xbf][0xbd][0xc6][0xbd][0xef][0xbf][0xbd][0xef][0xbf][0xbd][0xef][0xbf][0xbd][0xc]a[0xef][0xbf][0xbd][0xef][0xbf][0xbd]/[0x0][0xef][0xbf][0xbd][0xef][0xbf][0xbd]c[0xef][0xbf][0xbd][0x11][0xef][0xbf][0xbd][0xef][0xbf][0xbd]Y7[0xef][0xbf][0xbd][0xef][0xbf][0xbd][0xef][0xbf][0xbd][0x9]v.V[0x1]4[0x0]L[0xef][0xbf][0xbd][0x18]c[0xe][0xef][0xbf][0xbd][0x6]?[0xcb][0xb8][0xef][0xbf][0xbd]%Y[0xef][0xbf][0xbd][0x13][0xef][0xbf][0xbd]@[0xef][0xbf][0xbd][0xd2][0x97]>[0xef][0xbf][0xbd][0xef][0xbf][0xbd]5[0xef][0xbf][0xbd]{[0xef][0xbf][0xbd][0xef][0xbf][0xbd][0xef][0xbf][0xbd]]Ko[0xef][0xbf][0xbd][0xef][0xbf][0xbd][0xef][0xbf][0xbd][0xef][0xbf][0xbd]@[0xef][0xbf][0xbd][0xef][0xbf][0xbd]^+,[0xef][0xbf][0xbd]1M[0xde][0xbd][0x6][0xef][0xbf][0xbd]y[0xef][0xbf][0xbd]X[0xe][0xef][0xbf][0xbd][0xef][0xbf][0xbd]2.[0x1c]e[0xef][0xbf][0xbd]=,[0xd9][0x88]B[0xdc][0x88][0xef][0xbf][0xbd][0xef][0xbf][0xbd][0xef][0xbf][0xbd]l[0xef][0xbf][0xbd][0xef][0xbf][0xbd]1[0xef][0xbf][0xbd][0xef][0xbf][0xbd]eo[0xef][0xbf][0xbd]8[0xef][0xbf][0xbd]9[0xef][0xbf][0xbd][0xef][0xbf][0xbd]k[0xef][0xbf][0xbd]<k[0xef][0xbf][0xbd]9[0xef][0xbf][0xbd][0xef][0xbf][0xbd]i[0xef][0xbf][0xbd][0xef][0xbf][0xbd][0x18]r[0xef][0xbf][0xbd]Kn[0xef][0xbf][0xbd][0xef][0xbf][0xbd][0xef][0xbf][0xbd][0xef][0xbf][0xbd][0xef][0xbf][0xbd]7[0xef][0xbf][0xbd][0xef][0xbf][0xbd][0xef][0xbf][0xbd]@yl=[0xef][0xbf][0xbd]Kr[0xef][0xbf][0xbd]=<[0xef][0xbf][0xbd]B[0xef][0xbf][0xbd][0xb][0x19][0xef][0xbf][0xbd]m[0xef][0xbf][0xbd]%[0xef][0xbf][0xbd][0xef][0xbf][0xbd][0xef][0xbf][0xbd][[0xef][0xbf][0xbd]ln[0xef][0xbf][0xbd][0xef][0xbf][0xbd][0x1d]3SSI>[0x1e][0xef][0xbf][0xbd]%[0xef][0xbf][0xbd][0xef][0xbf][0xbd]<[0xc8][0x96]][0xef][0xbf][0xbd][0xef][0xbf][0xbd][0xd6][0x9b][0xef][0xbf][0xbd]o[0xef][0xbf][0xbd]&7[0xef][0xbf][0xbd]t|n[0xef][0xbf][0xbd][0x18][0x1b]p[0xef][0xbf][0xbd][0xef][0xbf][0xbd]TK[0xef][0xbf][0xbd][0xef][0xbf][0xbd][0xef][0xbf][0xbd][0xef][0xbf][0xbd][0xef][0xbf][0xbd][0xef][0xbf][0xbd][0x19][0xef][0xbf][0xbd][0xef][0xbf][0xbd][0xef][0xbf][0xbd]@,[0xef][0xbf][0xbd]Sc=[0x1a][0xef][0xbf][0xbd][0x1d]fI+[0xef][0xbf][0xbd][0xef][0xbf][0xbd]L[0xef][0xbf][0xbd][0x18][0xef][0xbf][0xbd][0xef][0xbf][0xbd]'![0xe]v[0x1c][0xef][0xbf][0xbd]S[0x7][0xef][0xbf][0xbd]W[0xef][0xbf][0xbd]Z[0xb]-[0xef][0xbf][0xbd][0xef][0xbf][0xbd]~][0xef][0xbf][0xbd]Y[0xef][0xbf][0xbd][0xef][0xbf][0xbd][0xef][0xbf][0xbd][0xef][0xbf][0xbd]%[0xef][0xbf][0xbd][0xef][0xbf][0xbd]H[0xef][0xbf][0xbd]6[0xef][0xbf]"
07:56:28.632 [main] DEBUG org.apache.http.wire -  >> "[0xbd][0xef][0xbf][0xbd][0x16][0xef][0xbf][0xbd][0xcf][0x8d][0x11][0xef][0xbf][0xbd][0xef][0xbf][0xbd]X[0xef][0xbf][0xbd][0x14][0xc9][0xbe][0xef][0xbf][0xbd][\n]"
07:56:28.632 [main] DEBUG org.apache.http.wire -  >> "[0xef][0xbf][0xbd]_g[0xef][0xbf][0xbd][0xef][0xbf][0xbd]M^[0x13][0xef][0xbf][0xbd]PH[0x2][0xef][0xbf][0xbd][0x14]My[0x4]n[0xef][0xbf][0xbd]0Q[0xd4][0x85][0xef][0xbf][0xbd]6![0xef][0xbf][0xbd]L[0xef][0xbf][0xbd][0x10]=0Z[0xef][0xbf][0xbd][0xef][0xbf][0xbd]|[0xef][0xbf][0xbd][0xef][0xbf][0xbd]4#[0x13]7[0xef][0xbf][0xbd][0xef][0xbf][0xbd]^[0xef][0xbf][0xbd]p[0xef][0xbf][0xbd][0x18][0xef][0xbf][0xbd]([0xf][0xb][0xef][0xbf][0xbd]x[0x14][0xef][0xbf][0xbd][0xef][0xbf][0xbd][0x1d][0xef][0xbf][0xbd]k[0xef][0xbf][0xbd]=[0xef][0xbf][0xbd]Z@[0xef][0xbf][0xbd][0xef][0xbf][0xbd][0x1f]z[\r][0xef][0xbf][0xbd][0xef][0xbf][0xbd]u[0xef][0xbf][0xbd][0xef][0xbf][0xbd][0xef][0xbf][0xbd][0x17][0xef][0xbf][0xbd]\[0xef][0xbf][0xbd]%[0xef][0xbf][0xbd].[0xef][0xbf][0xbd][0xef][0xbf][0xbd][0x4];[0xf][0xef][0xbf][0xbd][0xef][0xbf][0xbd]w[0x19]5[0x6][0x1e][0xef][0xbf][0xbd][0xef][0xbf][0xbd]F[0xef][0xbf][0xbd][0xef][0xbf][0xbd][0xef][0xbf][0xbd]y[0xef][0xbf][0xbd]+[0xef][0xbf][0xbd][0xef][0xbf][0xbd]@|[0xef][0xbf][0xbd]a[0x6]i[0xef][0xbf][0xbd][0x7][0xef][0xbf][0xbd]fo[0x1e][0xef][0xbf][0xbd]S[0xef][0xbf][0xbd]}l[0x1d]tK[0xef][0xbf][0xbd]6[0xef][0xbf][0xbd]n[0xef][0xbf][0xbd]w[0xef][0xbf][0xbd]\[0xef][0xbf][0xbd][0xef][0xbf][0xbd]![0xef][0xbf][0xbd][0x7][0xef][0xbf][0xbd][0xef][0xbf][0xbd][0x7][0xef][0xbf][0xbd]/0#[0xef][0xbf][0xbd]~$*[0xef][0xbf][0xbd][0xef][0xbf][0xbd]bw:[0xef][0xbf][0xbd][0xef][0xbf][0xbd][0xef][0xbf][0xbd][0x4][0xef][0xbf][0xbd]|,[0xef][0xbf][0xbd][0xef][0xbf][0xbd]q[0xef][0xbf][0xbd]M?[0xef][0xbf][0xbd]#2,[0xef][0xbf][0xbd]l[0x1]v|2[0xef][0xbf][0xbd][0xef][0xbf][0xbd][0xef][0xbf][0xbd][0xef][0xbf][0xbd][0xd8][0xa5]<[0xef][0xbf][0xbd]@v[0xde][0x88][0xef][0xbf][0xbd]?[0xef][0xbf][0xbd]y[0xef][0xbf][0xbd][0xef][0xbf][0xbd]b[0xef][0xbf][0xbd][0xef][0xbf][0xbd]K[0x1c]BeUO[0xef][0xbf][0xbd][0xef][0xbf][0xbd]u[0x2][0xef][0xbf][0xbd][0x6][0xef][0xbf][0xbd]z)[0xef][0xbf][0xbd][0xef][0xbf][0xbd][0xef][0xbf][0xbd]i^[0xef][0xbf][0xbd]vSg[0xef][0xbf][0xbd][0xef][0xbf][0xbd][0xef][0xbf][0xbd][0xef][0xbf][0xbd][0xef][0xbf][0xbd][0xef][0xbf][0xbd]:J[0x19]}[0xef][0xbf][0xbd][0x2]vk[0x0][0xef][0xbf][0xbd]L[0xef][0xbf][0xbd][0x1e][0xef][0xbf][0xbd][0xef][0xbf][0xbd][0x2]N]7[0xd6][0xa2]SV+[0x16][0xef][0xbf][0xbd][0xef][0xbf][0xbd]g[0xef][0xbf][0xbd][0xc7][0x83][0xef][0xbf][0xbd]*[0xef][0xbf][0xbd][0xef][0xbf][0xbd][0xef][0xbf][0xbd][0x4][0xef][0xbf][0xbd]V[0xef][0xbf][0xbd][0xef][0xbf][0xbd][0x1].g:[0xef][0xbf][0xbd]{R|[0xef][0xbf][0xbd]d[0xef][0xbf][0xbd][0xef][0xbf][0xbd]O[0x3]HyM[0xef][0xbf][0xbd][0x11]F[0xe][0xef][0xbf][0xbd]y[0x1c][0xef][0xbf][0xbd][[0x12][0x1]E0[0xef][0xbf][0xbd]S`[0xef][0xbf][0xbd]i`RK[0x1d][0x2][0xcd][0x9e][0xef][0xbf][0xbd](f[0x7]p@[0xef][0xbf][0xbd]J 8[0xef][0xbf][0xbd][0xef][0xbf][0xbd]i[0xc5][0xa1][0xef][0xbf][0xbd][0xef][0xbf][0xbd][0xef][0xbf][0xbd][0x1e][0x11][0xef][0xbf][0xbd][0xef][0xbf][0xbd]]|[\n]"
07:56:28.633 [main] DEBUG org.apache.http.wire -  >> "[0xef][0xbf][0xbd]6[0xde][0x92][0xef][0xbf][0xbd][0xef][0xbf][0xbd][0x13][0xef][0xbf][0xbd]Z[0xef][0xbf][0xbd]B[0xef][0xbf][0xbd][0xf][0xef][0xbf][0xbd]J[0xf]|[0xef][0xbf][0xbd][0xef][0xbf][0xbd][0xde][0x9e][0xef][0xbf][0xbd]W[0xef][0xbf][0xbd]z[0xef][0xbf][0xbd]*M[0x5]P5[0xef][0xbf][0xbd]u[0xc7][0xb7][0xef][0xbf][0xbd][0x14][0xef][0xbf][0xbd][0xef][0xbf][0xbd]![0xef][0xbf][0xbd][0x2]v[0xef][0xbf][0xbd]>&q[0x5]M][0xef][0xbf][0xbd](Y[0xef][0xbf][0xbd][0xef][0xbf][0xbd][0x14]5[0xef][0xbf][0xbd]e[0x0][0xef][0xbf][0xbd][0xef][0xbf][0xbd]G[0xef][0xbf][0xbd]_[0xcb][0x8a]e[0xef][0xbf][0xbd]m[0xef][0xbf][0xbd]h[0xef][0xbf][0xbd][0x1c]%4[0xef][0xbf][0xbd][0xef][0xbf][0xbd]y[0xef][0xbf][0xbd][0xef][0xbf][0xbd][0xef][0xbf][0xbd]k[0xef][0xbf][0xbd][0xef][0xbf][0xbd]-[0xef][0xbf][0xbd]<[0xef][0xbf][0xbd][0xef][0xbf][0xbd][0xef][0xbf][0xbd]n[0xef][0xbf][0xbd][0xef][0xbf][0xbd]k[0xef][0xbf][0xbd][0xef][0xbf][0xbd][0xef][0xbf][0xbd]L[0xef][0xbf][0xbd]1O3[0xef][0xbf][0xbd]$[0xef][0xbf][0xbd]^b?a[0xef][0xbf][0xbd][0xef][0xbf][0xbd][0xef][0xbf][0xbd]F??c[0xef][0xbf][0xbd][0xef][0xbf][0xbd]k[0xef][0xbf][0xbd][0xef][0xbf][0xbd]Y[0x7][0xef][0xbf][0xbd] 'L[0xef][0xbf][0xbd]o#[0xef][0xbf][0xbd][0xef][0xbf][0xbd][0xef][0xbf][0xbd][0x9][0xef][0xbf][0xbd]~B[0xef][0xbf][0xbd]d}=[0xef][0xbf][0xbd]i[0xef][0xbf][0xbd][0xef][0xbf][0xbd]&[0xc][0xef][0xbf][0xbd]/ [0xef][0xbf][0xbd][0xef][0xbf][0xbd][0xef][0xbf][0xbd][0xef][0xbf][0xbd][0xef][0xbf][0xbd][0xef][0xbf][0xbd]#T[0x1e]K [0xef][0xbf][0xbd][0xb][0xef][0xbf][0xbd][0xef][0xbf][0xbd][0xef][0xbf][0xbd][0xef][0xbf][0xbd];/[0xcc][0xa7][0xef][0xbf][0xbd](.[0xef][0xbf][0xbd][0xef][0xbf][0xbd] [0xef][0xbf][0xbd][0xef][0xbf][0xbd][0xd1][0xa4][0xef][0xbf][0xbd][0xef][0xbf][0xbd]h[0xef][0xbf][0xbd]F/[0xef][0xbf][0xbd][0xef][0xbf][0xbd][0xef][0xbf][0xbd][0x1c][0xc9][0xb2][0xef][0xbf][0xbd]zs[0x1]4[0xef][0xbf][0xbd]1[0xef][0xbf][0xbd]T[0xef][0xbf][0xbd][0x2][0xef][0xbf][0xbd][0xef][0xbf][0xbd]o[0xef][0xbf][0xbd][0xef][0xbf][0xbd][0xef][0xbf][0xbd]V)T[0xef][0xbf][0xbd]K1[0x15]Y4Y+[0xc4][0xbe]yz[0xef][0xbf][0xbd][0xb]c[0xef][0xbf][0xbd][0xef][0xbf][0xbd][0xef][0xbf][0xbd][0xef][0xbf][0xbd]Ew[0xef][0xbf][0xbd][0x3][0xef][0xbf][0xbd][\n]"
07:56:28.633 [main] DEBUG org.apache.http.wire -  >> "v[0xef][0xbf][0xbd][0xc][0xef][0xbf][0xbd][0xef][0xbf][0xbd]\S[0xef][0xbf][0xbd][\r]BJ[0xef][0xbf][0xbd][0xef][0xbf][0xbd][0xef][0xbf][0xbd]H[0xef][0xbf][0xbd]Ik[0x5]c[0xef][0xbf][0xbd]{[0xef][0xbf][0xbd][0x13][0xef][0xbf][0xbd][0xef][0xbf][0xbd]0[0xef][0xbf][0xbd][0xef][0xbf][0xbd]o[0x13]>O[0xef][0xbf][0xbd]Q[0x10]:[0xef][0xbf][0xbd][0xef][0xbf][0xbd]S[0xb][0x1f][0xef][0xbf][0xbd]([0xef][0xbf][0xbd]\[0xef][0xbf][0xbd]A[0xe4][0x92][0x85][0x7]3[0xef][0xbf][0xbd]s[0x16],K[0xef][0xbf][0xbd]T[0xc4][0x9a][0xef][0xbf][0xbd][0xef][0xbf][0xbd][0xef][0xbf][0xbd][0xef][0xbf][0xbd][0xef][0xbf][0xbd]z[0xef][0xbf][0xbd]:[0xef][0xbf][0xbd][0xef][0xbf][0xbd][0x2][0x13][0xef][0xbf][0xbd]Y[0x14][0xef][0xbf][0xbd]5[0x1][0xef][0xbf][0xbd]V[0xef][0xbf][0xbd]+[0xef][0xbf][0xbd][0x1d][0xef][0xbf][0xbd][0xef][0xbf][0xbd]<[0xef][0xbf][0xbd][0x2][0xef][0xbf][0xbd]\[0xef][0xbf][0xbd][0xef][0xbf][0xbd][0xef][0xbf][0xbd][0xef][0xbf][0xbd]%[0xef][0xbf][0xbd][0xb]&1[0x10]@[0xef][0xbf][0xbd][0xef][0xbf][0xbd][0xef][0xbf][0xbd][0xef][0xbf][0xbd]S[0xef][0xbf][0xbd]RgK:[0xef][0xbf][0xbd][0xef][0xbf][0xbd]{nH5[0xef][0xbf][0xbd]0[0xef][0xbf][0xbd]z[0xd6][0xb9][0xef][0xbf][0xbd][0xc][0x3][0xef][0xbf][0xbd][0xef][0xbf][0xbd][0xef][0xbf][0xbd]l[0x9][0xef][0xbf][0xbd][0xef][0xbf][0xbd]zh[0xef][0xbf][0xbd][0xef][0xbf][0xbd][0xef][0xbf][0xbd][0xef][0xbf][0xbd][0x1a]=-[0xef][0xbf][0xbd];[0xd9][0xa5][0xef][0xbf][0xbd][0xef][0xbf][0xbd]+[0xef][0xbf][0xbd];[0xef][0xbf][0xbd][0xef][0xbf][0xbd]_[0xef][0xbf][0xbd]T[0x9].[0xef][0xbf][0xbd]k[0xef][0xbf][0xbd][0x11]W,qCHR0;[0x1]][0xef][0xbf][0xbd]{[0xef][0xbf][0xbd][0xef][0xbf][0xbd][0x10]c`[0xc9][0xb1][0xef][0xbf][0xbd][0xef][0xbf][0xbd])[0x0][0x9][0xef][0xbf][0xbd]|{[0xef][0xbf][0xbd][0xef][0xbf][0xbd]r}_[0xef][0xbf][0xbd]v[0xef][0xbf][0xbd][0xef][0xbf][0xbd][0xef][0xbf][0xbd][0xef][0xbf][0xbd][0xef][0xbf][0xbd]fH[0xef][0xbf][0xbd]x[0xef][0xbf][0xbd]#[0x1b]hk[0xef][0xbf][0xbd]q[0xef][0xbf][0xbd][0xef][0xbf][0xbd]c[0xef][0xbf][0xbd]IH,<?[0xef][0xbf][0xbd]>O[\n]"
07:56:28.633 [main] DEBUG org.apache.http.wire -  >> "[0xef][0xbf][0xbd][0xef][0xbf][0xbd][0xef][0xbf][0xbd][0xeb][0xae][0x96]C[0xef][0xbf][0xbd][0xef][0xbf][0xbd][0xef][0xbf][0xbd]{[0xef][0xbf][0xbd][0xef][0xbf][0xbd][0xef][0xbf][0xbd][0xef][0xbf][0xbd][0xef][0xbf][0xbd][0x3][0xef][0xbf][0xbd]K[0x9]<fe[0xef][0xbf][0xbd][0xef][0xbf][0xbd]a{[0x8][0xef][0xbf][0xbd]>[0xef][0xbf][0xbd][0x10][0xef][0xbf][0xbd][0xf][0xef][0xbf][0xbd][0x11][0xef][0xbf][0xbd][0xef][0xbf][0xbd][0xef][0xbf][0xbd][0x1f]dg[0xef][0xbf][0xbd][0xef][0xbf][0xbd][0xef][0xbf][0xbd][0xef][0xbf][0xbd][0xef][0xbf][0xbd] [0xef][0xbf][0xbd][0xef][0xbf][0xbd]$'[0xef][0xbf][0xbd][0xef][0xbf][0xbd][0xef][0xbf][0xbd][0xea][0xaf][0x91][0xef][0xbf][0xbd][0x14]t[0xef][0xbf][0xbd][0xef][0xbf][0xbd]2[\n]"
07:56:28.633 [main] DEBUG org.apache.http.wire -  >> "!{scb[0xe][0xef][0xbf][0xbd][0xef][0xbf][0xbd][0xef][0xbf][0xbd]*[0xef][0xbf][0xbd][0xef][0xbf][0xbd][0xef][0xbf][0xbd]}*[[0xef][0xbf][0xbd][0xef][0xbf][0xbd]7[0xef][0xbf][0xbd][0xef][0xbf][0xbd][0xef][0xbf][0xbd][0xef][0xbf][0xbd]M[0xef][0xbf][0xbd]p[0xef][0xbf][0xbd]XP([0xef][0xbf][0xbd][0xef][0xbf][0xbd]F[0xef][0xbf][0xbd]'2[0xef][0xbf][0xbd]x[0xef][0xbf][0xbd])[0xc][0xef][0xbf][0xbd][0xef][0xbf][0xbd]v[0xef][0xbf][0xbd]gc[0xef][0xbf][0xbd][0xef][0xbf][0xbd]f[0xef][0xbf][0xbd][0xef][0xbf][0xbd]s[0x1c][0xef][0xbf][0xbd][0xef][0xbf][0xbd]y[0xef][0xbf][0xbd][0xef][0xbf][0xbd][0x6][0x4][0xef][0xbf][0xbd][0xef][0xbf][0xbd]HJ[0x9]J[0xef][0xbf][0xbd]^[0xef][0xbf][0xbd]L[0xef][0xbf][0xbd]5X[0xef][0xbf][0xbd]m[0xef][0xbf][0xbd]3[0xef][0xbf][0xbd]9Tc[0x1c][0xef][0xbf][0xbd][0xef][0xbf][0xbd]n/[0xef][0xbf][0xbd][0xef][0xbf][0xbd][0xef][0xbf][0xbd]1[0x15][\r]Fq[0xef][0xbf][0xbd]t[0xef][0xbf][0xbd][0xef][0xbf][0xbd][0xef][0xbf][0xbd][0xef][0xbf][0xbd]W[0xef][0xbf][0xbd][0xef][0xbf][0xbd]![0xef][0xbf][0xbd]h[0xef][0xbf][0xbd][0xef][0xbf][0xbd][0xc4][0x9e][0xef][0xbf][0xbd][0xef][0xbf][0xbd][0xf][0xef][0xbf][0xbd]>[0xef][0xbf][0xbd][0xef][0xbf][0xbd][0xef][0xbf][0xbd][0xef][0xbf][0xbd]T[0xef][0xbf][0xbd][0xef][0xbf][0xbd][0xef][0xbf][0xbd][0x13]f[0xe][0x19][0x16][0x1b][0xef][0xbf][0xbd]yF[0xef][0xbf][0xbd][0xde][0x9a][0x4][0xef][0xbf][0xbd][0xef][0xbf][0xbd]1[0xef][0xbf][0xbd]z)[0xef][0xbf][0xbd]Z[0xef][0xbf][0xbd]o[0xef][0xbf][0xbd]6[0xef][0xbf][0xbd][0xef][0xbf][0xbd]j[0xef][0xbf][0xbd][0xef][0xbf][0xbd]zP[0xef][0xbf][0xbd][0xef][0xbf][0xbd][0xef][0xbf][0xbd][0x0]y[0xef][0xbf][0xbd]5[0xef][0xbf][0xbd]n[0xef][0xbf][0xbd];[0xef][0xbf][0xbd][0xc9][0x8a]em[0xef][0xbf][0xbd];[0xef][0xbf][0xbd][0x11][0xef][0xbf][0xbd][0x6]e[0xef][0xbf][0xbd][0xef][0xbf][0xbd][0xef][0xbf][0xbd][0xef][0xbf][0xbd][0xef][0xbf][0xbd][0x5]Z[0xef][0xbf][0xbd][0xef][0xbf][0xbd];U[0xef][0xbf][0xbd]}h[0xef][0xbf][0xbd]v=m[0xef][0xbf][0xbd])[0x5]X[0xef][0xbf][0xbd]:^[0xef][0xbf][0xbd]^[0xef][0xbf][0xbd].h&`d8k[0xef][0xbf][0xbd][0xef][0xbf][0xbd][0xef][0xbf][0xbd]De[0xef][0xbf][0xbd]g[0x3]d[0x18]|[0xef][0xbf][0xbd][0xef][0xbf][0xbd]Fm[0xef][0xbf][0xbd][0xef][0xbf][0xbd][0xef][0xbf][0xbd]9C[0xef][0xbf][0xbd]W%[0xef][0xbf][0xbd][0xef][0xbf][0xbd]i[0xef][0xbf][0xbd]2[0x17][0xef][0xbf][0xbd][0xef][0xbf][0xbd][0x1d][0xef][0xbf][0xbd][0xef][0xbf][0xbd][0x1f][0xef][0xbf][0xbd][0xef][0xbf][0xbd]}-[0xd3][0x99] [0x13][0xef][0xbf][0xbd]?[0xef][0xbf][0xbd][0xef][0xbf][0xbd][0xef][0xbf][0xbd]?[0xef][0xbf][0xbd][0xef][0xbf][0xbd][0xef][0xbf][0xbd]G[0xef][0xbf][0xbd]<VO[0xef][0xbf][0xbd][0xef][0xbf][0xbd][0xef][0xbf][0xbd][0xef][0xbf][0xbd][0xef][0xbf][0xbd][0xef][0xbf][0xbd]ye~|8vZY[0xef][0xbf][0xbd][0xef][0xbf][0xbd][0xb] [0xef][0xbf][0xbd]9[0xef][0xbf][0xbd][0xca][0x89][0xef][0xbf][0xbd]#[0xef][0xbf][0xbd][0xef][0xbf][0xbd][0xef][0xbf][0xbd][\r][0xef][0xbf][0xbd][0x1d][0xef][0xbf][0xbd]8P*[0x1a][0x12][0x7][0xef][0xbf][0xbd][0xef][0xbf][0xbd][0xef][0xbf][0xbd]-p[0xef][0xbf][0xbd][0xef][0xbf][0xbd][0xef][0xbf][0xbd][0x1a][0xef][0xbf][0xbd][0xef][0xbf][0xbd]5F[0x1f][0xef][0xbf][0xbd][0xef][0xbf][0xbd]\H[0xef][0xbf][0xbd]`&[0xef][0xbf][0xbd]Q[0xb]<(B[0x1]V^^r[0xef][0xbf][0xbd][0x7]%[0xef][0xbf][0xbd][0xef][0xbf][0xbd][0x4][0xef][0xbf][0xbd]+[0xef][0xbf][0xbd][0x4][0xef][0xbf][0xbd][\r][0xef][0xbf][0xbd][0x7][0xef][0xbf][0xbd]d[0xef][0xbf][0xbd][0x7][0xef][0xbf][0xbd]v[0xef][0xbf][0xbd][0xef][0xbf][0xbd][0x13][0x15][0xef][0xbf][0xbd][0xef][0xbf][0xbd][0x4]N[0xef][0xbf][0xbd][0xef][0xbf][0xbd]U_[0xef][0xbf][0xbd][0x17][0xc4][0x84][0xef][0xbf][0xbd]O[0xef][0xbf][0xbd][0x1a]R[0xef][0xbf][0xbd][0xef][0xbf][0xbd][0xef][0xbf][0xbd]9[\r]~[0xef][0xbf][0xbd][0xef][0xbf][0xbd][0xef][0xbf][0xbd]:0[0x11]s[0xef][0xbf][0xbd]O[0xef][0xbf][0xbd][0x15]f[0xef][0xbf][0xbd][0xef][0xbf][0xbd]K[0xef][0xbf][0xbd][0xef][0xbf][0xbd]h[0x1a][0xef][0xbf][0xbd]F[0xef][0xbf][0xbd][0xef][0xbf][0xbd]; J[0x13][0x4][0xef][0xbf][0xbd]=[0xef][0xbf][0xbd][0xef][0xbf][0xbd][0xc][0xef][0xbf][0xbd][0xef][0xbf][0xbd][0x12][0xef][0xbf][0xbd]C[0xef][0xbf][0xbd]l,[0x5]|H[[0xef][0xbf][0xbd][0x14][0xef][0xbf][0xbd][0x18][0xef][0xbf][0xbd][0xef][0xbf][0xbd]"[0xef][0xbf][0xbd][0xef][0xbf][0xbd]p[0xef][0xbf][0xbd]A[0xef][0xbf][0xbd][0x15]{[0xef][0xbf][0xbd]-[0xef][0xbf][0xbd][0xef][0xbf][0xbd][0xef][0xbf][0xbd][0xef][0xbf][0xbd]U[0x19][0xef][0xbf][0xbd][0xef][0xbf][0xbd]P[0xef][0xbf][0xbd]K[0xef][0xbf][0xbd]y[0xef][0xbf][0xbd][0xef][0xbf][0xbd]{Z[0xef][0xbf][0xbd][0x1b]S[0xef][0xbf][0xbd][0x1f][0xef][0xbf][0xbd][0xef][0xbf][0xbd]{{:[0xef][0xbf][0xbd][0xef][0xbf][0xbd][0xef][0xbf][0xbd][0xef][0xbf][0xbd][0x1d][0xef][0xbf][0xbd]0a8C[0xe]d[0x19]\0[0x7][0xef][0xbf][0xbd][0xef][0xbf][0xbd]rZ[0xef][0xbf][0xbd][0xef][0xbf][0xbd]Z7[0xef][0xbf][0xbd][0xef][0xbf][0xbd][0x1b][0xef][0xbf][0xbd][0xef][0xbf][0xbd]9[0xef][0xbf][0xbd][0xef][0xbf][0xbd][0xef][0xbf][0xbd][0xef][0xbf][0xbd]9[0xef][0xbf][0xbd]}[0xef][0xbf][0xbd][0x8][0xef][0xbf][0xbd]Z[0xef][0xbf][0xbd][0xde][0xb1][0x1a][0x10]uFzA[0x17]?r[0xef][0xbf][0xbd][0xef][0xbf][0xbd][0xb]c[0xef][0xbf][0xbd]9[0xef][0xbf][0xbd][0x18]ZSh[0xef][0xbf][0xbd]/[0xef][0xbf][0xbd]Y[0xef][0xbf][0xbd][0xef][0xbf][0xbd][0xef][0xbf][0xbd][0xcf][0x80][0xef][0xbf][0xbd][0xef][0xbf][0xbd]w[0x1a][0x18][0x10][0xef][0xbf][0xbd][0xef][0xbf][0xbd][0xd3][0xaf]?[0xef][0xbf][0xbd][0x1f][0xef][0xbf][0xbd]<X2}[0xef][0xbf][0xbd]^@[0xef][0xbf][0xbd][0xef][0xbf][0xbd]H[0xef][0xbf][0xbd]HMi[0xef][0xbf][0xbd]/|[0xef][0xbf][0xbd][0xef][0xbf][0xbd][0xef][0xbf][0xbd][0xef][0xbf][0xbd][0x11][0x1f][0xef][0xbf][0xbd][0xef][0xbf][0xbd]Q[0xef][0xbf][0xbd][0xef][0xbf][0xbd][0xcf][0x9d][0xef][0xbf][0xbd][0xef][0xbf][0xbd]A[0xef][0xbf][0xbd][0xef][0xbf][0xbd]l[0x13]3*[0xef][0xbf][0xbd][0xef][0xbf][0xbd][0xef][0xbf][0xbd][0xef][0xbf][0xbd][0xef][0xbf][0xbd]Z[0xef][0xbf][0xbd][0xef][0xbf][0xbd].i[0x11]%[0xef][0xbf][0xbd][0xef][0xbf][0xbd]}[0x1c][0xef][0xbf][0xbd]0[0xef][0xbf][0xbd][0xef][0xbf][0xbd]zj[0xef][0xbf][0xbd][0x0][0x17]T[0xef][0xbf][0xbd]$[0xef][0xbf][0xbd]:5[0xef][0xbf][0xbd]v[0xef][0xbf][0xbd][0xef][0xbf][0xbd]b[0x16]U1[0xef][0xbf][0xbd]igi[0xef][0xbf][0xbd][0xd5][0xa3][0xef][0xbf][0xbd][0xef][0xbf][0xbd]?[0xef][0xbf][0xbd][0xef][0xbf][0xbd][0xb]H[0xef][0xbf][0xbd][0x1d][0xef][0xbf][0xbd]^[0xef][0xbf][0xbd][0x8][0xef][0xbf][0xbd][0x14][0xef][0xbf][0xbd][0xef][0xbf][0xbd][0xef][0xbf][0xbd]*[0x1e]RL1[0xef][0xbf][0xbd]Z[0xef][0xbf][0xbd][0xef][0xbf][0xbd]7E[0xef][0xbf][0xbd][0x4][0xef][0xbf][0xbd]Q[0x0][0xef][0xbf][0xbd][0xef][0xbf][0xbd][0x12]v[0xef][0xbf][0xbd]%[0x13]i[0x17][0x1f]o[0xef][0xbf][0xbd][0xef][0xbf][0xbd]r[0xef][0xbf][0xbd][0xb],[0x19][0xef][0xbf][0xbd]&S[0xef][0xbf][0xbd][0xc4][0xb6][0xef][0xbf][0xbd]c[0x15][0xef][0xbf][0xbd]hY[0xef][0xbf][0xbd][0xef][0xbf][0xbd]n[0xef][0xbf][0xbd]9],z[0xef][0xbf][0xbd]=[0xef][0xbf][0xbd]$[0xef][0xbf][0xbd][0x5][0xef][0xbf][0xbd][0xef][0xbf][0xbd][0xef][0xbf][0xbd]j[0xef][0xbf][0xbd][0x1e]d[0xef][0xbf][0xbd]EM[0xef][0xbf][0xbd][0xef][0xbf][0xbd][0xef][0xbf][0xbd][0xef][0xbf][0xbd]|[0xef][0xbf][0xbd]urZ9I[0xef][0xbf][0xbd][0xef][0xbf][0xbd]o[0x10]U[0x17][0xef][0xbf][0xbd]HE[0x7]&F[0xd4][0xb3][0x19][0xef][0xbf][0xbd][\n]"
07:56:28.633 [main] DEBUG org.apache.http.wire -  >> "[0x6][0x16][0xef][0xbf][0xbd]LD#[0xef][0xbf][0xbd]/[0xef][0xbf][0xbd]t_&[0x16][0xef][0xbf][0xbd]][0xef][0xbf][0xbd][0xef][0xbf][0xbd][0xef][0xbf][0xbd][0xef][0xbf][0xbd]@[0xef][0xbf][0xbd]][0xef][0xbf][0xbd]1[0xef][0xbf][0xbd][0xdd][0xb7].` @[0xef][0xbf][0xbd]*[0xef][0xbf][0xbd][0x14]u[0xef][0xbf][0xbd]/-[0xef][0xbf][0xbd]`[0xef][0xbf][0xbd][0xef][0xbf][0xbd][0xef][0xbf][0xbd]b[0xef][0xbf][0xbd][0xef][0xbf][0xbd]z$[0x1]q<[0xd5][0xbd][0xef][0xbf][0xbd][0xc2][0xb0]S[0xef][0xbf][0xbd] i[0xef][0xbf][0xbd]4[0xef][0xa9][0xb7][0xef][0xbf][0xbd][0xef][0xbf][0xbd][0xef][0xbf][0xbd][0xd7][0xb2][0xef][0xbf][0xbd]9-[0xef][0xbf][0xbd][0xef][0xbf][0xbd]^[0xef][0xbf][0xbd][0x18]6[0xef][0xbf][0xbd]m[0xef][0xbf][0xbd][0xef][0xbf][0xbd][0xef][0xbf][0xbd]9[0xef][0xbf][0xbd][0xef][0xbf][0xbd][0xef][0xbf][0xbd][0xef][0xbf][0xbd]-n[0xef][0xbf][0xbd][0xef][0xbf][0xbd]t[0xef][0xbf][0xbd][0xc][0xef][0xbf][0xbd]S[0xef][0xbf][0xbd]#[0xef][0xbf][0xbd]Z[0xef][0xbf][0xbd]%[0x9]fy[0xca][0x91][0xef][0xbf][0xbd][0x8][0xef][0xbf][0xbd]7[0xef][0xbf][0xbd][0xef][0xbf][0xbd][0xef][0xbf][0xbd]~[0xef][0xbf][0xbd],[0xef][0xbf][0xbd]X#[0xef][0xbf][0xbd]>[0xef][0xbf][0xbd][0xef][0xbf][0xbd][0x14][0xef][0xbf][0xbd][0x2][0x2]>[0xef][0xbf][0xbd][0xef][0xbf][0xbd][0xef][0xbf][0xbd][0xef][0xbf][0xbd][0x13]I[0xef][0xbf][0xbd][0xef][0xbf][0xbd][0xda][0xb7]?[0xef][0xbf][0xbd]4>[0xef][0xbf][0xbd][0xef][0xbf][0xbd][0x1][0xef][0xbf][0xbd][0xef][0xbf][0xbd][0xef][0xbf][0xbd][0xef][0xbf][0xbd][0xef][0xbf][0xbd][0xef][0xbf][0xbd]W[0xef][0xbf][0xbd][0xef][0xbf][0xbd][0xef][0xbf][0xbd][0xef][0xbf][0xbd]f[0xef][0xbf][0xbd]f[0xef][0xbf][0xbd][0x1][0xef][0xbf][0xbd][0xef][0xbf][0xbd][0xef][0xbf][0xbd][0xef][0xbf][0xbd][0xef][0xbf][0xbd]O}[0x1e][0x1b]cn[0xef][0xbf][0xbd][0xef][0xbf][0xbd][0xef][0xbf][0xbd][0xef][0xbf][0xbd]V[0xef][0xbf][0xbd][0xef][0xbf][0xbd]vZ[\r]0@[0xc]Q[0xef][0xbf][0xbd][0xef][0xbf][0xbd][0xef][0xbf][0xbd]x[0xef][0xbf][0xbd][0xef][0xbf][0xbd]"a[0xef][0xbf][0xbd][0xef][0xbf][0xbd]][0xef][0xbf][0xbd][0xef][0xbf][0xbd][0x3][0xef][0xbf][0xbd]!-[0xef][0xbf][0xbd]>[0xef][0xbf][0xbd]A[0x1c][0x7][0xef][0xbf][0xbd] [R[0xca][0x98][0xef][0xbf][0xbd]F[0xef][0xbf][0xbd][0xef][0xb6][0xa8][0xef][0xbf][0xbd][0xef][0xbf][0xbd][0xef][0xbf][0xbd][0xea][0x83][0x8e][0xef][0xbf][0xbd][\r][0xef][0xbf][0xbd][0xef][0xbf][0xbd][0xef][0xbf][0xbd]G"[0x1e]hE[0xef][0xbf][0xbd][0xef][0xbf][0xbd]:[0xef][0xbf][0xbd]$[0x5][0xd0][0x8a]w[0xef][0xbf][0xbd][0xef][0xbf][0xbd][0xef][0xbf][0xbd]^$[0xef][0xbf][0xbd][0xef][0xbf][0xbd]o[0xef][0xbf][0xbd]YR[0xef][0xbf][0xbd]s`[0xc6][0xa5][0xef][0xbf][0xbd]kJ[0xef][0xbf][0xbd]Qd[0xef][0xbf][0xbd]bd[0x1]E0[0x2][0xef][0xbf][0xbd][0xef][0xbf][0xbd]b[0x5][0xc2][0x94][0xcb][0xbb],-[0x17] [0x8][0x18][0xef][0xbf][0xbd][0xef][0xbf][0xbd][0x8]N[0xef][0xbf][0xbd][0x15][0xef][0xbf][0xbd][0xef][0xbf][0xbd][0xef][0xbf][0xbd]l[\n]"
07:56:28.633 [main] DEBUG org.apache.http.wire -  >> "[0xef][0xbf][0xbd][0xef][0xbf][0xbd][0xef][0xbf][0xbd]@[0xef][0xbf][0xbd][0xef][0xbf][0xbd]e[0xef][0xbf][0xbd]G][0xef][0xbf][0xbd][0x1]L[0xef][0xbf][0xbd]o[0x14]![0xef][0xbf][0xbd]q[0xef][0xbf][0xbd][0xef][0xbf][0xbd].[0xef][0xbf][0xbd][0x1d][0x15]8[0xef][0xbf][0xbd][0xef][0xbf][0xbd][0xef][0xbf][0xbd]7[0x17][0x2]h[\r]jO[0xef][0xbf][0xbd]0[0xdc][0x9b]`b[\n]"
07:56:28.633 [main] DEBUG org.apache.http.wire -  >> "[0xef][0xbf][0xbd]1[0x1e]{@[0xef][0xbf][0xbd][0xef][0xbf][0xbd][0xef][0xbf][0xbd][0xef][0xbf][0xbd]z3[0x10](a[0xef][0xbf][0xbd][0xc][0x1c][0xef][0xbf][0xbd]Fl$![0xef][0xbf][0xbd][0xef][0xbf][0xbd](~[0xef][0xbf][0xbd]s[0xef][0xbf][0xbd]d[\n]"
07:56:28.633 [main] DEBUG org.apache.http.wire -  >> "(|[0xef][0xbf][0xbd]fl[0x4][0x13]X[0xef][0xbf][0xbd][0xef][0xbf][0xbd][0x8][0xef][0xbf][0xbd][0xef][0xbf][0xbd][0xef][0xbf][0xbd][0xc9][0x8d]a[0xef][0xbf][0xbd][0x13][0xef][0xbf][0xbd]r/[0xef][0xbf][0xbd][0xef][0xbf][0xbd][0x1c][0xef][0xbf][0xbd][0x11]@[0xb]z[0xc][0xef][0xbf][0xbd]j[0xef][0xbf][0xbd]!K[0xef][0xbf][0xbd][0x18]m3[0xef][0xbf][0xbd][0xef][0xbf][0xbd][0xef][0xbf][0xbd][0x7][0xef][0xbf][0xbd][0xef][0xbf][0xbd][0xef][0xbf][0xbd][0xef][0xbf][0xbd][0xef][0xbf][0xbd]6[0xef][0xbf][0xbd][0x1f][0xd6][0x8e]h[0xce][0xbc][0xef][0xbf][0xbd][0x13][0x0]g[0x12][0xef][0xbf][0xbd][0xb][0xef][0xbf][0xbd]1[0xef][0xbf][0xbd]L[0xef][0xbf][0xbd][0xef][0xbf][0xbd]80[0xef][0xbf][0xbd]e[0xef][0xbf][0xbd]=[0xef][0xbf][0xbd][0xb][0xef][0xbf][0xbd]r[0x6][0xef][0xbf][0xbd][0xef][0xbf][0xbd][0xef][0xbf][0xbd][0xef][0xbf][0xbd]S;[0xef][0xbf][0xbd]N[0x9]<[0x6][0xef][0xbf][0xbd]B)[0x6][0xef][0xbf][0xbd][0xef][0xbf][0xbd][0xef][0xbf][0xbd]y[[0xef][0xbf][0xbd][0xef][0xbf][0xbd][0xef][0xbf][0xbd][0xef][0xbf][0xbd][0xc4][0x8e][0x7][0xef][0xbf][0xbd]Q[0xef][0xbf][0xbd][0x18][0xef][0xbf][0xbd][0xef][0xbf][0xbd][0xef][0xbf][0xbd][0xef][0xbf][0xbd][0xef][0xbf][0xbd]Ru[0xef][0xbf][0xbd][0xef][0xbf][0xbd][0xef][0xbf][0xbd]4[0xef][0xbf][0xbd]6X[0xef][0xbf][0xbd][0xef][0xbf][0xbd][0x17][0xef][0xbf][0xbd]LLn^[0xef][0xbf][0xbd][0x8][0xef][0xbf][0xbd][0xef][0xbf][0xbd][0xcf][0xb1][0xef][0xbf][0xbd][0xef][0xbf][0xbd][0xef][0xbf][0xbd]'7[0xef][0xbf][0xbd][0xef][0xbf][0xbd][0xef][0xbf][0xbd][0xc6][0x95][0xef][0xbf][0xbd][0x19][0xef][0xbf][0xbd]E^S[\r][0x6]#[\r][0xef][0xbf][0xbd][0x5][0xef][0xbf][0xbd]'4[0xef][0xbf][0xbd][0xef][0xbf][0xbd]'?[0xef][0xbf][0xbd][0xef][0xbf][0xbd][[0x9][0xef][0xbf][0xbd][0xef][0xbf][0xbd][0xef][0xbf]"
07:56:28.634 [main] DEBUG org.apache.http.wire -  >> "[0xbd][0xef][0xbf][0xbd][0xef][0xbf][0xbd][0xef][0xbf][0xbd][0xef][0xbf][0xbd][0xef][0xbf][0xbd][0xef][0xbf][0xbd]A[0xef][0xbf][0xbd]k[0xef][0xbf][0xbd][0x10][0x16][0xef][0xbf][0xbd]*-[0xef][0xbf][0xbd][0x13][0xef][0xbf][0xbd]i[0xef][0xbf][0xbd][0xef][0xbf][0xbd]qa[0x7][0xef][0xbf][0xbd](37[0xef][0xbf][0xbd]i[0x2][0xef][0xbf][0xbd][0xef][0xbf][0xbd][0x1][0xef][0xbf][0xbd]t[0xf]k[0xef][0xbf][0xbd][0x17][0xef][0xbf][0xbd]_[0xef][0xbf][0xbd]F[0xef][0xbf][0xbd][0x19][0xef][0xbf][0xbd][0x1b][0x8][0xef][0xbf][0xbd]{[0xef][0xbf][0xbd][0x16][0xef][0xbf][0xbd][0xef][0xbf][0xbd][0xef][0xbf][0xbd] [0xef][0xbf][0xbd]e[0x3][0xef][0xbf][0xbd][0xef][0xbf][0xbd]A[0xef][0xbf][0xbd];[0xef][0xbf][0xbd][0xef][0xbf][0xbd][0xef][0xbf][0xbd][0xef][0xbf][0xbd][0xf]4[0xef][0xbf][0xbd]_[0xef][0xbf][0xbd][0x16][0x10][0xef][0xbf][0xbd]e[0xef][0xbf][0xbd]_F[0x1a][0xef][0xbf][0xbd][0x1a]>W[0xef][0xbf][0xbd][0x1d][0xef][0xbf][0xbd][0x10]d\[0xef][0xbf][0xbd][[0xeb][0xa1][0x99][0xef][0xbf][0xbd]>p[0xef][0xbf][0xbd]`0[0x14][0x14][0xef][0xbf][0xbd][0xd7][0x9f];[0xef][0xbf][0xbd][0xef][0xbf][0xbd][0xef][0xbf][0xbd][0x5]T[0xef][0xbf][0xbd]a[0xef][0xbf][0xbd]X[0xef][0xbf][0xbd][0xef][0xbf][0xbd][0xef][0xbf][0xbd][0xef][0xbf][0xbd]/4[0xef][0xbf][0xbd][0xd6][0x8f]4[0xef][0xbf][0xbd]8[0xef][0xbf][0xbd][0xef][0xbf][0xbd][0xef][0xbf][0xbd][0xef][0xbf][0xbd][0x1d](H[0xef][0xbf][0xbd][0x4]$[0xef][0xbf][0xbd][0xef][0xbf][0xbd]U[0xe][0x1c]n[0xef][0xbf][0xbd][0xef][0xbf][0xbd][0xef][0xbf][0xbd][0xef][0xbf][0xbd][0xef][0xbf][0xbd][0xef][0xbf][0xbd][0xef][0xbf][0xbd][0xef][0xbf][0xbd][0x4][0xef][0xbf][0xbd]6c[0xef][0xbf][0xbd][0x2][0xef][0xbf][0xbd][0xef][0xbf][0xbd][0x6]H\[0xef][0xbf][0xbd]E,[0xef][0xbf][0xbd]<[0xef][0xbf][0xbd]xZ[0xef][0xbf][0xbd]:[0xef][0xbf][0xbd]'[0x1e]y[0xef][0xbf][0xbd]([0xef][0xbf][0xbd]noN[0xef][0xbf][0xbd]*o?[0xef][0xbf][0xbd][0xef][0xbf][0xbd]>[0xef][0xbf][0xbd][0xef][0xbf][0xbd]M[0xef][0xbf][0xbd]V[0xef][0xbf][0xbd][0xef][0xbf][0xbd]{[0xef][0xbf][0xbd]l[0xef][0xbf][0xbd]![0xef][0xbf][0xbd]s[0xef][0xbf][0xbd][0xef][0xbf][0xbd][0xef][0xbf][0xbd][0xef][0xbf][0xbd][0xef][0xbf][0xbd][0xef][0xbf][0xbd][0xef][0xbf][0xbd]i[0xef][0xbf][0xbd]~[0xef][0xbf][0xbd][0xef][0xbf][0xbd][0xef][0xbf][0xbd][0x1][0xef][0xbf][0xbd].[0xef][0xbf][0xbd][0xef][0xbf][0xbd][0xef][0xbf][0xbd][0xef][0xbf][0xbd]j[0xef][0xbf][0xbd][0xef][0xbf][0xbd][0xef][0xbf][0xbd]+[0xef][0xbf][0xbd]o[0xef][0xbf][0xbd][0x18]'@[0xef][0xbf][0xbd]1Yn[0x2][0xf]o[0x4][0xef][0xbf][0xbd][0xef][0xbf][0xbd]b[0xef][0xbf][0xbd]<[0x14][0xc6][0x84][0xef][0xbf][0xbd]n[0xef][0xbf][0xbd]i[0xef][0xbf][0xbd][0xef][0xbf][0xbd]X[0xef][0xbf][0xbd][0xef][0xbf][0xbd]MAf~[0xef][0xbf][0xbd]4[0xc2][0x98][0xef][0xbf][0xbd][\r]D2[0xef][0xbf][0xbd][0xef][0xbf][0xbd]>[0xe][0xef][0xbf][0xbd][0xef][0xbf][0xbd][0xe][0xef][0xbf][0xbd]yN[0xef][0xbf][0xbd]\[0x15]8&[0xef][0xbf][0xbd][0xef][0xbf][0xbd][0xef][0xbf][0xbd][0xef][0xbf][0xbd][0xc7][0x87][0xef][0xbf][0xbd][0xef][0xbf][0xbd][0xef][0xbf][0xbd][0xef][0xbf][0xbd].[0xef][0xbf][0xbd][0xef][0xbf][0xbd]p&[0xef][0xbf][0xbd][0xef][0xbf][0xbd][\n]"
07:56:28.634 [main] DEBUG org.apache.http.wire -  >> "[0xef][0xbf][0xbd]V)[0xef][0xbf][0xbd][0xef][0xbf][0xbd][0xef][0xbf][0xbd]<[0xd0][0x9d][0x1a]\5"[0xef][0xbf][0xbd][0xef][0xbf][0xbd]m"[0x1c][0xef][0xbf][0xbd][0xef][0xbf][0xbd]c[0xef][0xbf][0xbd]c[0x1e][0x4][0xef][0xbf][0xbd][0x16][0xef][0xbf][0xbd][0xef][0xbf][0xbd]M8[0xef][0xbf][0xbd][0xef][0xbf][0xbd][0xef][0xbf][0xbd][0x5][0x6][0xef][0xbf][0xbd]L'[0x18]8T[0x1f][0xef][0xbf][0xbd]E[0xef][0xbf][0xbd][0xef][0xbf][0xbd][0x2][\n]"
07:56:28.634 [main] DEBUG org.apache.http.wire -  >> "0[0xef][0xbf][0xbd]L[0xf]fr,m[0xc9][0x9d][0xef][0xbf][0xbd][0xd1][0xa9]t[0xef][0xbf][0xbd]'a[0xef][0xbf][0xbd][0xef][0xbf][0xbd][0xc6][0x8b][0xef][0xbf][0xbd][0xc2][0xbe][0xef][0xbf][0xbd]q[0xef][0xbf][0xbd]V\c[0xef][0xbf][0xbd]@ tj#=[0x16][0xef][0xbf][0xbd][0xef][0xbf][0xbd][0xef][0xbf][0xbd][0xef][0xbf][0xbd][0xb][0xef][0xbf][0xbd]{[0xef][0xbf][0xbd]yh[0x1d][0xef][0xbf][0xbd][0xcf][0xb4])[0xef][0xbf][0xbd][0xef][0xbf][0xbd][0xe][0xef][0xbf][0xbd]rkk|t[0xef][0xbf][0xbd][0xef][0xbf][0xbd][0xef][0xbf][0xbd][0x2][0xef][0xbf][0xbd][0xef][0xbf][0xbd]R`[0x8][0xef][0xbf][0xbd][0xef][0xbf][0xbd]k[0xef][0xbf][0xbd][0xef][0xbf][0xbd]M[0xef][0xbf][0xbd][0xef][0xbf][0xbd][0xef][0xbf][0xbd]x{[0xef][0xbf][0xbd]9;[0x2]N[0xef][0xbf][0xbd][0xef][0xbf][0xbd][0xef][0xbf][0xbd][0xef][0xbf][0xbd][0xef][0xbf][0xbd][0x7],[0xef][0xbf][0xbd]][0x14][0x1a][0x1e][0xef][0xbf][0xbd][0xc]v5"[0xc2][0x89][0xef][0xbf][0xbd][0xc5][0x88][0xef][0xbf][0xbd][0xef][0xbf][0xbd]a[0xef][0xbf][0xbd]([0xef][0xbf][0xbd][0xcf][0xbf]A[0xcf][0x80][0xef][0xbf][0xbd][0xef][0xbf][0xbd][0x1f][0xef][0xbf][0xbd][0x4]l[0xef][0xbf][0xbd][[0x18][0xef][0xbf][0xbd][0xef][0xbf][0xbd]>[0xef][0xbf][0xbd][0x14][0xef][0xbf][0xbd]y[0x1a][0xef][0xbf][0xbd][0xef][0xbf][0xbd][0x13][0xef][0xbf][0xbd][0x7][0xef][0xbf][0xbd][0xef][0xbf][0xbd].3[0xef][0xbf][0xbd][0xef][0xbf][0xbd][0xef][0xbf][0xbd][0xef][0xbf][0xbd][0xef][0xbf][0xbd]{b[0x9]p[0xef][0xbf][0xbd][0xd4][0x90][0xef][0xbf][0xbd][0x1c]9[0xef][0xbf][0xbd][0x13][0xef][0xbf][0xbd][0xef][0xbf][0xbd])Xd[0xef][0xbf][0xbd][0xef][0xbf][0xbd][0xef][0xbf][0xbd][0xef][0xbf][0xbd]>. v)[0x1f]z [0xef][0xbf][0xbd][0xef][0xbf][0xbd]/[0xef][0xbf][0xbd][0xef][0xbf][0xbd][0xcf][0x9d][0xef][0xbf][0xbd]<([0x1d][0x19]Zu[0xef][0xbf][0xbd]t[0xef][0xbf][0xbd]X[0xef][0xbf][0xbd][0xe][0xef][0xbf][0xbd][0xef][0xbf][0xbd][0xef][0xbf][0xbd][0xe8][0xac][0xa6][0x13]+[0xef][0xbf][0xbd][0xef][0xbf][0xbd]cc[\r]H[0xef][0xbf][0xbd]_[0xef][0xbf][0xbd]U[0xef][0xbf][0xbd][0x0]G[0x8][0x8][0xef][0xbf][0xbd][0x1c][0xef][0xbf][0xbd][0xef][0xbf][0xbd]]#d[0xef][0xbf][0xbd][0xef][0xbf][0xbd][0xef][0xbf][0xbd][0xef][0xbf][0xbd]t[0xef][0xbf][0xbd][0xef][0xbf][0xbd]@6[0xef][0xbf][0xbd][0xef][0xbf][0xbd][0x1d][0xef][0xbf][0xbd]Q[0xef][0xbf][0xbd]W[0xef][0xbf][0xbd]N[0xef][0xbf][0xbd]?;[0xef][0xbf][0xbd][0xef][0xbf][0xbd]M[0xc]i[0xef][0xbf][0xbd]3[0xef][0xbf][0xbd]R[0xef][0xbf][0xbd][0xef][0xbf][0xbd]@2[0xef][0xbf][0xbd][0xef][0xbf][0xbd][0xc][0xef][0xbf][0xbd][0xc3][0x8e]'P[0xef][0xbf][0xbd]l[0xef][0xbf][0xbd]I[0xef][0xbf][0xbd][0x7][0xef][0xbf][0xbd][0xef][0xbf][0xbd][0x14][0xef][0xbf][0xbd]^*[0xdd][0xbe][0xef][0xbf][0xbd]T[0xef][0xbf][0xbd][0xef][0xbf][0xbd]{r[0x12]UH[0xee][0x9c][0x9c][0xc][0xef][0xbf][0xbd][0xef][0xbf][0xbd]JJ[0xef][0xbf][0xbd][0xef][0xbf][0xbd]@H[0x5][0xef][0xbf][0xbd][0xef][0xbf][0xbd][0xef][0xbf][0xbd][[0xef][0xbf][0xbd]4ZH4[0x16]lZ[0x6]<i[0xef][0xbf][0xbd][0xf][0xef][0xbf][0xbd][0xef][0xbf][0xbd]G[0xef][0xbf][0xbd]R:1a[0xcd][0xb6]I[0xef][0xbf][0xbd][0xef][0xbf][0xbd][0xef][0xbf][0xbd]#[0xef][0xbf][0xbd][0xef][0xbf][0xbd][0xef][0xbf][0xbd][0xef][0xbf][0xbd][0x13][0xef][0xbf][0xbd][0xef][0xbf][0xbd][0xef][0xbf][0xbd][0xef][0xbf][0xbd][0xef][0xbf][0xbd][0xef][0xbf][0xbd]n[0xdb][0xa6])[0xef][0xbf][0xbd][0xef][0xbf][0xbd]![0xef][0xbf][0xbd][0x1c]W[0xef][0xbf][0xbd][0x1a].{[0x2][0xef][0xbf][0xbd][0xef][0xbf][0xbd]9H[0xef][0xbf][0xbd][\r][0xef][0xbf][0xbd];[0xef][0xbf][0xbd]I[0xef][0xbf][0xbd]v[0xef][0xbf][0xbd]8e[0xef][0xbf][0xbd]r[0xef][0xbf][0xbd]US[0x1a][0xef][0xbf][0xbd]i[0x14]>0[0xef][0xbf][0xbd][0xef][0xbf][0xbd]:[0xef][0xbf][0xbd]P[0x7][0xef][0xbf][0xbd][0xef][0xbf][0xbd]p [0xd0][0x86][0xef][0xbf][0xbd][0xef][0xbf][0xbd][0x1e][0xef][0xbf][0xbd]~[0xef][0xbf][0xbd]$Fr[0xef][0xbf][0xbd][0x2]y`[0xef][0xbf][0xbd][0xef][0xbf][0xbd]J[0xef][0xbf][0xbd][0xef][0xbf][0xbd][0x11][0xef][0xbf][0xbd][0xef][0xbf][0xbd][0x1c]w,fO[0xef][0xbf][0xbd][0xef][0xbf][0xbd];,w[0xef][0xbf][0xbd]a[0xef][0xbf][0xbd][0x0]U[0xef][0xbf][0xbd]T[0xef][0xbf][0xbd][0xef][0xbf][0xbd][0x9][0xef][0xbf][0xbd][0xef][0xbf][0xbd][0xef][0xbf][0xbd]`=[0xef][0xbf][0xbd]Wc[0xef][0xbf][0xbd][0x1e][0x16][0xc8][0x9d][0xef][0xbf][0xbd][0x14]=[0xef][0xbf][0xbd]`[0x4][0xef][0xbf][0xbd][0x1e][0xef][0xbf][0xbd]L[0xef][0xbf][0xbd]eL:[0xef][0xbf][0xbd] [0xef][0xbf][0xbd]W[0x1b][0x1e]g[0xef][0xbf][0xbd]@[0xc9][0x84][0xef][0xbf][0xbd][0x1][0xef][0xbf][0xbd][0xef][0xbf][0xbd][0xef][0xbf][0xbd][0xdd][0xa1][0xef][0xbf][0xbd]k~[0xef][0xbf][0xbd][0xef][0xbf][0xbd][0xef][0xbf][0xbd][0xc8][0xa7]>. v)[0xef][0xbf][0xbd][0xf]q[0xef][0xbf][0xbd]P[0xef][0xbf][0xbd][0x19][0xef][0xbf][0xbd][0xef][0xbf][0xbd]1[0xef][0xbf][0xbd]b[0xef][0xbf][0xbd][0xef][0xbf][0xbd][0xef][0xbf][0xbd][0xcf][0x92]G[0xef][0xbf][0xbd]F[0xd3][0xa2]Py[0xef][0xbf][0xbd][\r][0xef][0xbf][0xbd][0xef][0xbf][0xbd][\n]"
07:56:28.667 [main] DEBUG org.apache.http.wire -  >> ",[0xef][0xbf][0xbd]i@[0xef][0xbf][0xbd][0xef][0xbf][0xbd])0r[0xef][0xbf][0xbd]g[0xef][0xbf][0xbd][0xc][0xef][0xbf][0xbd]u[0x1f][0xef][0xbf][0xbd][0xef][0xbf][0xbd][0x0]h{G[0x7][0xef][0xbf][0xbd][0xef][0xbf][0xbd][0xef][0xbf][0xbd][0xef][0xbf][0xbd][0xef][0xbf][0xbd][0x1e][0xef][0xbf][0xbd][0xef][0xbf][0xbd]k[0xef][0xbf][0xbd][0xf1][0x8a][0x95][0x8a][0xef][0xbf][0xbd]?Tt[0xdf][0xb2]&[0xef][0xbf][0xbd]W[0x0]z[0xef][0xbf][0xbd]w[0xd1][0xa9][0xef][0xbf][0xbd]P[0xd0][0x8c][0xef][0xbf][0xbd][0xef][0xbf][0xbd]}[0xef][0xbf][0xbd][0xef][0xbf][0xbd]I[0xef][0xbf][0xbd][0xef][0xbf][0xbd][0xef][0xbf][0xbd][0xef][0xbf][0xbd][0xef][0xbf][0xbd][0xef][0xbf][0xbd]o+5[0xef][0xbf][0xbd][0xef][0xbf][0xbd][0xef][0xbf][0xbd]\'P[0xef][0xbf][0xbd][0xef][0xbf][0xbd][0x2][0x15] /[0xef][0xbf][0xbd](`i[0xdf][0xa9])[0xef][0xbf][0xbd]Xt[0xef][0xbf][0xbd]s[0xef][0xbf][0xbd]6M[0xef][0xbf][0xbd][0xe]`[0xef][0xbf][0xbd]3[0xef][0xbf][0xbd]}[0xef][0xbf][0xbd][0xef][0xbf][0xbd][0x6][0x15]d5[0x13]]c[0xef][0xbf][0xbd][0xef][0xbf][0xbd](=[0xef][0xbf][0xbd][0xef][0xbf][0xbd]N[0xef][0xbf][0xbd][0xef][0xbf][0xbd][0xcb][0xa9][0xef][0xbf][0xbd][0xef][0xbf][0xbd][0xef][0xbf][0xbd][0x1e][0xef][0xbf][0xbd][0xef][0xbf][0xbd]rY[0xef][0xbf][0xbd][0x1b]A[0xef][0xbf][0xbd][0xef][0xbf][0xbd]X[0xef][0xbf][0xbd]C[0x0]f[0xef][0xbf][0xbd]i^[0xef][0xbf][0xbd][0xef][0xbf][0xbd]L[0xef][0xbf][0xbd]^[0xe][0xef][0xbf][0xbd]E[0xef][0xbf][0xbd][0x0]G>[0xef][0xbf][0xbd]X[0xef][0xbf][0xbd][0x1b]-[0xef][0xbf][0xbd][\r][0xef][0xbf][0xbd][0xef][0xbf][0xbd][0xef][0xbf][0xbd][0xef][0xbf][0xbd]h[0xde][0x93][0xef][0xbf][0xbd]?[0xef][0xbf][0xbd]b[0xef][0xbf][0xbd][0xef][0xbf][0xbd][0xef][0xbf][0xbd]S{TZR[0xef][0xbf][0xbd][0xef][0xbf][0xbd][0xef][0xbf][0xbd][0xef][0xbf][0xbd][0x19][0x15][0xef][0xbf][0xbd][0xef][0xbf][0xbd][0xef][0xbf][0xbd]^[0xef][0xbf][0xbd][0xef][0xbf][0xbd][0x19][0xef][0xbf][0xbd][\r].[0xef][0xbf][0xbd][0xef][0xbf][0xbd]Zy[0x7][0xef][0xbf][0xbd]e[0xef][0xbf][0xbd][0xea][0x8e][0xb5]Z&~M![0xef][0xbf][0xbd][0x1e][0xef][0xbf][0xbd][0xef][0xbf][0xbd][0xc2][0x81][0xe5][0x9c][0xb0]o[0xef][0xbf][0xbd][0xd4][0xb6][0xc6][0xb5][0xef][0xbf][0xbd][0xef][0xbf][0xbd]ja[0xef][0xbf][0xbd]c[0xef][0xbf][0xbd][0xef][0xbf][0xbd]n[0xef][0xbf][0xbd]p[0xef][0xbf][0xbd]>[0xef][0xbf][0xbd]-[0xdd][0x9d][0xef][0xbf][0xbd][[\n]"
07:56:28.667 [main] DEBUG org.apache.http.wire -  >> "d[0xef][0xbf][0xbd][0xef][0xbf][0xbd][0x1a][0xef][0xbf][0xbd][0xef][0xbf][0xbd]_y[0xef][0xbf][0xbd][0xef][0xbf][0xbd]}[0xef][0xbf][0xbd][0x1f][0x2][0xef][0xbf][0xbd][0xef][0xbf][0xbd][0xef][0xbf][0xbd][0xf][0xef][0xbf][0xbd]Gv[0xef][0xbf][0xbd]H~[0xef][0xbf][0xbd][0xef][0xbf][0xbd]W[0xef][0xbf][0xbd]W[0x7]b5[0x17][0xf][0x0][0xef][0xbf][0xbd]P[0x3][0xef][0xbf][0xbd][0xef][0xbf][0xbd]E[\n]"
07:56:28.667 [main] DEBUG org.apache.http.wire -  >> "[0xef][0xbf][0xbd][0xef][0xbf][0xbd][0xc3][0xb1][0xef][0xbf][0xbd]l[0xd3][0x9a][0xef][0xbf][0xbd]m[0xef][0xbf][0xbd][0xd7][0xb6]QV[0xef][0xbf][0xbd][0xef][0xbf][0xbd][0xef][0xbf][0xbd]E[0xef][0xbf][0xbd][0xef][0xbf][0xbd]b9B=[0xef][0xbf][0xbd][0xef][0xbf][0xbd][0xef][0xbf][0xbd][0xef][0xbf][0xbd][[0xef][0xbf][0xbd]][0xef][0xbf][0xbd]_[0xef][0xbf][0xbd]([0xef][0xbf][0xbd]-[0xef][0xbf][0xbd][0xef][0xbf][0xbd][0x15]b>7[0x13]<[0xef][0xbf][0xbd].[0xef][0xbf][0xbd][0x0][0xef][0xbf][0xbd]|b:Y[0xef][0xbf][0xbd][0xce][0xaa][0x10]C[0xef][0xbf][0xbd][0xef][0xbf][0xbd]M[0xef][0xbf][0xbd]W[0xef][0xbf][0xbd][0xef][0xbf][0xbd][0xef][0xbf][0xbd]A[0xef][0xbf][0xbd][0xef][0xbf][0xbd][0xef][0xbf][0xbd]b[0xef][0xbf][0xbd]"[0xef][0xbf][0xbd][0xef][0xbf][0xbd][0xef][0xbf][0xbd][0xef][0xbf][0xbd]~#([0xef][0xbf][0xbd][0xef][0xbf][0xbd]|[0xd6][0x8d][0xef][0xbf][0xbd]0[0x1c][\r][0xef][0xbf][0xbd][0xd0][0xaa]A[0xef][0xbf][0xbd][0xef][0xbf][0xbd][0xc7][0x93]I[0xef][0xbf][0xbd]y([0xef][0xbf][0xbd][0xd6][0xa9][0xef][0xbf][0xbd][0xef][0xbf][0xbd][0xef][0xbf][0xbd][0xef][0xbf][0xbd][0x9][0xef][0xbf][0xbd]2[0xef][0xbf][0xbd]~[0xef][0xbf][0xbd]r[0xef][0xbf][0xbd][0xb]y[0x1e][0x3]bh[0xef][0xbf][0xbd][0x18]&1y[\n]"
07:56:28.667 [main] DEBUG org.apache.http.wire -  >> ")[0x19][0xea][0xbb][0xbe]>[0xef][0xbf][0xbd]3[0xe]\[0xef][0xbf][0xbd][0xef][0xbf][0xbd]S[0xef][0xbf][0xbd][0x2]1[0xef][0xbf][0xbd][0xef][0xbf][0xbd]4[0xef][0xbf][0xbd]g[0xef][0xbf][0xbd]VM[0xef][0xbf][0xbd][0xd2][0xb0][0x1]X[0xef][0xbf][0xbd][0x2][0xef][0xbf][0xbd]r[0xef][0xbf][0xbd][0xef][0xbf][0xbd]U[0x1a][0x4][0xef][0xbf][0xbd]NY[0xef][0xbf][0xbd]%/[0xef][0xbf][0xbd][0xef][0xbf][0xbd]n[0xef][0xbf][0xbd][0x1e]7[0xef][0xbf][0xbd][0xef][0xbf][0xbd][0x5][0xef][0xbf][0xbd][0xef][0xbf][0xbd]^U[0xc]aXP[0x16][0xef][0xbf][0xbd]{2T7[0xef][0xbf][0xbd][0xef][0xbf][0xbd][0x18]([0xef][0xbf][0xbd]6Z[0xef][0xbf][0xbd][0xef][0xbf][0xbd]R\p<[0xef][0xbf][0xbd][0xdc][0x93]{[0xef][0xbf][0xbd]n[0xef][0xbf][0xbd][0xef][0xbf][0xbd]\=[0xef][0xbf][0xbd][0xef][0xbf][0xbd]5R[0xef][0xbf][0xbd][0xef][0xbf][0xbd][0xef][0xbf][0xbd]<[0xef][0xbf][0xbd]4[0xef][0xbf][0xbd][0xef][0xbf][0xbd]K[0xef][0xbf][0xbd][0xef][0xbf][0xbd][0xef][0xbf][0xbd][0x1a][\r]l[0xef][0xbf][0xbd][0xdb][0xa8]k[0xef][0xbf][0xbd][0x1b]{[0xef][0xbf][0xbd][0xef][0xbf][0xbd][0xef][0xbf][0xbd][0xef][0xbf][0xbd]-[0xef][0xbf][0xbd]4[0xef][0xbf][0xbd]~[0xef][0xbf][0xbd]v8{[0xef][0xbf][0xbd][0x4][0xef][0xbf][0xbd][0xef][0xbf][0xbd]5b?9G[0xef][0xbf][0xbd]($[0xef][0xbf][0xbd][0xef][0xbf][0xbd][0xef][0xbf][0xbd][0x9]b[0xef][0xbf][0xbd][0xef][0xbf][0xbd][0x5][0xef][0xbf][0xbd][0xef][0xbf][0xbd]p[0xef][0xbf][0xbd][0x14][0x13][0xf][0xef][0xbf][0xbd][0xf][0xef][0xbf][0xbd][0xb][0xef][0xbf][0xbd][0xef][0xbf][0xbd]5[0xef][0xbf][0xbd][0xef][0xbf][0xbd][0xef][0xbf][0xbd][0xef][0xbf][0xbd]![0xef][0xbf][0xbd][0x2][0xef][0xbf][0xbd]p[[0xef][0xbf][0xbd][0xef][0xbf][0xbd][0xef][0xbf][0xbd][0x1a]R[0xef][0xbf][0xbd]]o[0xef][0xbf][0xbd]R+[0xe3][0x88][0x83]qO L`[0xef][0xbf][0xbd]$=[0xef][0xbf][0xbd][0x19][0xef][0xbf][0xbd]c[0xef][0xbf][0xbd]h[0xef][0xbf][0xbd][0x1a]N[0x10][\r][\r]%[0xef][0xbf][0xbd][0xef][0xbf][0xbd][0xef][0xbf][0xbd]t[0xef][0xbf][0xbd][0xef][0xbf][0xbd]|#j.[0x7][0xef][0xbf][0xbd][0xef][0xbf][0xbd]w;[0x18]x[0x15][[0xef][0xbf][0xbd][0xef][0xbf][0xbd][0xef][0xbf][0xbd]0[0xef][0xbf][0xbd][0xda][0xb1][0xef][0xbf][0xbd]Q[0xef][0xbf][0xbd][0x1c][0xef][0xbf][0xbd][0x1d][0xef][0xbf][0xbd]h[0xef][0xbf][0xbd][0xef][0xbf][0xbd][0xef][0xbf][0xbd]&[0x14]([0xef][0xbf][0xbd][0xef][0xbf][0xbd][0xef][0xbf][0xbd][0xef][0xbf][0xbd]v[0xef][0xbf][0xbd][0xef][0xbf][0xbd][0xef][0xbf][0xbd])[0x15][0xef][0xbf][0xbd]RL[0xef][0xbf][0xbd][0x4]dS[0xef][0xbf][0xbd][0xef][0xbf][0xbd]dg[\r]R[0xef][0xbf][0xbd][0xef][0xbf][0xbd]D[0xef][0xbf][0xbd]3[0xef][0xbf][0xbd] [0xef][0xbf][0xbd][0x17][0x3]f-[0xef][0xbf][0xbd][0xef][0xbf][0xbd][\n]"
07:56:28.667 [main] DEBUG org.apache.http.wire -  >> "[0xef][0xbf][0xbd]\h[0xef][0xbf][0xbd]S[0xef][0xbf][0xbd][0xef][0xbf][0xbd]~:[0xef][0xbf][0xbd]q|Z[0x5][0xc][0x5]9[0xef][0xbf][0xbd][0xef][0xbf][0xbd][0xd7][0xa0]L[0xef][0xbf][0xbd][0xef][0xbf][0xbd][0xef][0xbf][0xbd]<[0x1d][0xef][0xbf][0xbd][0xef][0xbf][0xbd]}[0xef][0xbf][0xbd][0xef][0xbf][0xbd][0x9][0xef][0xbf][0xbd][0xef][0xbf][0xbd]a6[0xd4][0x91][0xef][0xbf][0xbd][0xef][0xbf][0xbd])[0xef][0xbf][0xbd]x[0xef][0xbf][0xbd][0xd3][0xa0]>[0x1b][0xef][0xbf][0xbd][0xef][0xbf][0xbd][0xef][0xbf][0xbd]7[0xef][0xbf][0xbd][0x18][0xef][0xbf][0xbd]\U[0xd5][0xb5]>f.[0xef][0xbf][0xbd][0xef][0xbf][0xbd][0xef][0xbf][0xbd]y[0xef][0xbf][0xbd]A[0xef][0xbf][0xbd]j[0xe]][0xef][0xbf][0xbd][0xef][0xbf][0xbd]7[0xc3][0xbb]p|t[0xef][0xbf][0xbd]^z[0xef][0xbf][0xbd][0x18][0xef][0xbf][0xbd]M[0xda][0x92][0xef][0xbf][0xbd]6sa0#[0x6]0[0xef][0xbf][0xbd]2Ju[0xef][0xbf][0xbd][0xef][0xbf][0xbd]c[0xef][0xbf][0xbd]RB[0xef][0xbf][0xbd][0xef][0xbf][0xbd]d|[0xef][0xbf][0xbd]E.+[0xce][0xb7][0x8][0x1a]{\.9[0xef][0xbf][0xbd][0xef][0xbf][0xbd]X\[0xef][0xbf][0xbd][0xef][0xbf][0xbd][0xd6][0x94][0xef][0xbf][0xbd][0xc][0xef][0xbf][0xbd][0xef][0xbf][0xbd]t.'[0xef][0xbf][0xbd][0xef][0xbf][0xbd]X[0xef][0xbf][0xbd][0xef][0xbf][0xbd][0xef][0xbf][0xbd]P[0xef][0xbf][0xbd]q[0xef][0xbf][0xbd][0xef][0xbf][0xbd][0xd2][0x9b]V[0xef][0xbf][0xbd]&[0xef][0xbf][0xbd][0xef][0xbf][0xbd][0xef][0xbf][0xbd][0xef][0xbf][0xbd][0xef][0xbf][0xbd]{?[0xef][0xbf][0xbd]q[0x4][0xef][0xbf][0xbd]K[0x9]|[0x8]KQ[0xef][0xbf][0xbd][0xef][0xbf][0xbd][0xef][0xbf][0xbd]{[0xef][0xbf][0xbd].[0xef][0xbf][0xbd][0xd1][0xa2][0x3][0xef][0xbf][0xbd][0xef][0xbf][0xbd]=m[0xef][0xbf][0xbd]9[0x11]}[0xef][0xbf][0xbd][0x1][0xef][0xbf][0xbd][0xef][0xbf][0xbd][0xef][0xbf][0xbd][0xef][0xbf][0xbd]'[0xb]%i[0xef][0xbf][0xbd][0x1d]O[0x17]3![0x17]js[0x1d]Z"[0xf][0xef][0xbf][0xbd]O[0xef][0xbf][0xbd]f[[0xef][0xbf][0xbd]abd[0xef][0xbf][0xbd][0x15][0xef][0xbf][0xbd][0x0][0xef][0xbf][0xbd][0xef][0xbf][0xbd]aQ![0xef][0xbf][0xbd]xv[0xef][0xbf][0xbd][0xef][0xbf][0xbd]1k[0xef][0xbf][0xbd][0xef][0xbf][0xbd][0xef][0xbf][0xbd][0xef][0xbf][0xbd][0xef][0xbf][0xbd]q<w[0xca][0xb0][0xef][0xbf][0xbd][0xef][0xbf][0xbd]_[0xef][0xbf][0xbd]h[0xef][0xbf][0xbd];[0xef][0xbf][0xbd]x[0xef][0xbf][0xbd][0x17][0xdf][0x89][0xef][0xbf][0xbd][0xef][0xbf][0xbd]>${[0xef][0xbf][0xbd][0xef][0xbf][0xbd][0xef][0xbf][0xbd][0xef][0xbf][0xbd][0xef][0xbf][0xbd][0xef][0xbf][0xbd][0xef][0xbf][0xbd]1[0xef][0xbf][0xbd]"[0x4][0xef][0xbf][0xbd]$[0xef][0xbf][0xbd][0xb]e[0xef][0xbf][0xbd][0x16][0xef][0xbf][0xbd],[0xef][0xbf][0xbd]4jl[0xef][0xbf][0xbd][0x15][\r]o[0xef][0xbf][0xbd][0xef][0xbf][0xbd]X[0xf] }[0xef][0xbf][0xbd][0xef][0xbf][0xbd]m[0xef][0xbf][0xbd]5[\r][0x4]TrK[0xef][0xbf][0xbd]\+[0xef][0xbf][0xbd][0x17]Z{[0xef][0xbf][0xbd]N[0xef][0xbf][0xbd][0xef][0xbf][0xbd][0xd7][0xb8]x[0x17]NIKb[0xef][0xbf][0xbd][0x2][0xef][0xbf][0xbd][0xef][0xbf][0xbd][0xef][0xbf][0xbd][0xdd][0x84][0xef][0xbf][0xbd][0xef][0xbf][0xbd]Y[0xef][0xbf][0xbd][0xef][0xbf][0xbd][0xef][0xbf][0xbd]v{+5[0xef][0xbf][0xbd][0xd8][0x9b]x[0xef][0xbf][0xbd]_[0xef][0xbf][0xbd]D[0xef][0xbf][0xbd]7[0x6]N[0xef][0xbf][0xbd]A[0xef][0xbf][0xbd][0xef][0xbf][0xbd]n$[0xef][0xbf][0xbd][0xef][0xbf][0xbd][0x0]/[0x1e][\n]"
07:56:28.667 [main] DEBUG org.apache.http.wire -  >> "[[7`[0xef][0xbf][0xbd][0xef][0xbf][0xbd][0xef][0xbf][0xbd][0xc2][0x9e]\|[0xef][0xbf][0xbd][0xef][0xbf][0xbd]zdg[0xef][0xbf][0xbd][0x17][0xb][0x1]S@[0xef][0xbf][0xbd]cF[0xef][0xbf][0xbd][0xef][0xbf][0xbd][0xef][0xbf][0xbd]0[0xef][0xbf][0xbd][0xef][0xbf][0xbd][0x13]_[0x3][0xef][0xbf][0xbd][0xef][0xbf][0xbd]v=[0x16]#[0xef][0xbf][0xbd][0xef][0xbf][0xbd][0xef][0xbf][0xbd][0xef][0xbf][0xbd][0x3]]Hj[0xef][0xbf][0xbd]d[0xe][0xef][0xbf][0xbd]F[0x1f][0xef][0xbf][0xbd][0xef][0xbf][0xbd][0xca][0xa5]K[0xef][0xbf][0xbd][0x5][0xef][0xbf][0xbd]^[0xef][0xbf][0xbd][0x4][0xef][0xbf][0xbd]x[0xef][0xbf][0xbd]s[0xef][0xbf][0xbd]m[0xef][0xbf][0xbd]W_[0xef][0xbf][0xbd]LPf~[0xef][0xbf][0xbd]g[0xef][0xbf][0xbd][0xef][0xbf][0xbd][0xef][0xbf][0xbd][0xd2][0x89]_[0xef][0xbf][0xbd][0xef][0xbf][0xbd]k[0xef][0xbf][0xbd]>6[0xef][0xbf][0xbd][0x1d]w[0xef][0xbf][0xbd][0xf][0xef][0xbf][0xbd]Gv[0xef][0xbf][0xbd][0xef][0xbf][0xbd][0xef][0xbf][0xbd][0xef][0xbf][0xbd][0xef][0xbf][0xbd][0xef][0xbf][0xbd]+#[\r]X[0xef][0xbf][0xbd][0xef][0xbf][0xbd][0x1b]v[0x4]b[0xef][0xbf][0xbd][0xef][0xbf][0xbd]2[0xef][0xbf][0xbd],i[0x1][0xef][0xbf][0xbd]G[0xe2][0x98][0xb3][0xd2][0x85][0xef][0xbf][0xbd][0xef][0xbf][0xbd][0xef][0xbf][0xbd][0x17][0xef][0xbf][0xbd]1[0xef][0xbf][0xbd][0xef][0xbf][0xbd] B[0xef][0xbf][0xbd]8[0x15][0xef][0xbf][0xbd][0xef][0xbf][0xbd]k[0xef][0xbf][0xbd][0xef][0xbf][0xbd]f[0x3]O[0xef][0xbf][0xbd]@[0x1d][0xef][0xbf][0xbd]P0[0xef][0xbf][0xbd][0xef][0xbf][0xbd][0xef][0xbf][0xbd]M'[0xef][0xbf][0xbd][0xef][0xbf][0xbd]l[0xef][0xbf][0xbd][0xef][0xbf][0xbd][0x12]e[0xef][0xbf][0xbd][0xef][0xbf][0xbd]m[0xef][0xbf][0xbd]-[0x7][0xef][0xbf][0xbd][0xef][0xbf][0xbd][0x11]M[0xef][0xbf][0xbd][0xef][0xbf][0xbd][[0xef][0xbf][0xbd]1[0xef][0xbf][0xbd]o[0x18]%O[0xd1][0x8a]l@'[0xef][0xbf][0xbd]3[0xef][0xbf][0xbd][0x1e][0xef][0xbf][0xbd]}[0xd8][0x8a][0xef][0xbf][0xbd]#c[0xef][0xbf][0xbd]F[0xef][0xbf][0xbd][0xef][0xbf][0xbd][0xef][0xbf][0xbd]9@[0xef][0xbf][0xbd]q[0x11][0xef][0xbf][0xbd][0xda][0xb2][0xef][0xbf][0xbd]k[0xef][0xbf][0xbd][0xef][0xbf][0xbd][0xef][0xbf][0xbd][0xef][0xbf][0xbd]Fg"[0xef][0xbf][0xbd]X[0xef][0xbf][0xbd]rR[0xef][0xbf][0xbd]G;F[0xef][0xbf][0xbd]([0xda][0xac][0x15]C[0x1a][0xd3][0xa8][0xef][0xbf][0xbd][0xe7][0xac][0x85]l}t[0xef][0xbf][0xbd][0x2][0xef][0xbf][0xbd][\n]"
07:56:28.667 [main] DEBUG org.apache.http.wire -  >> "2[0xef][0xbf][0xbd]'[0xef][0xbf][0xbd]]@[0xef][0xbf][0xbd]u"
07:56:28.668 [main] DEBUG org.apache.http.wire -  >> "bm8[0xef][0xbf][0xbd].\[0xef][0xbf][0xbd]u[0xef][0xbf][0xbd]@c[0xef][0xbf][0xbd]K[0xef][0xbf][0xbd]%i69[0xe];[0x0][0xef][0xbf][0xbd]=r[0xef][0xbf][0xbd][0x12]\[0xef][0xbf][0xbd][0xef][0xbf][0xbd][0xef][0xbf][0xbd][0xef][0xbf][0xbd]zXCK[0xef][0xbf][0xbd][0xef][0xbf][0xbd]M[0xef][0xbf][0xbd]on[0xef][0xbf][0xbd].[0xef][0xbf][0xbd][0xc]=X[0xef][0xbf][0xbd][0xef][0xbf][0xbd]q[0xef][0xbf][0xbd][0xef][0xbf][0xbd]my0 b[0xef][0xbf][0xbd][0xef][0xbf][0xbd]C|K[0xef][0xbf][0xbd][0xef][0xbf][0xbd][0x3]9l[0xef][0xbf][0xbd][0xef][0xbf][0xbd][0xef][0xbf][0xbd]%[0xef][0xbf][0xbd][0xef][0xbf][0xbd]J[0xdd][0xbe][0xef][0xbf][0xbd][0x11]8[0x8][0x0]j[0xef][0xbf][0xbd]i[0xef][0xbf][0xbd][0xef][0xbf][0xbd]S[0xef][0xbf][0xbd][0xef][0xbf][0xbd]v8[0xd0][0x85]b[0xef][0xbf][0xbd][0xef][0xbf][0xbd]?s[0xef][0xbf][0xbd][0xef][0xbf][0xbd][0x4][0x1d]R@~[0xef][0xbf][0xbd][0xef][0xbf][0xbd]L[0xef][0xbf][0xbd]K[0xef][0xbf][0xbd]?[0xef][0xbf][0xbd][0x19][0xef][0xbf][0xbd]$[0xef][0xbf][0xbd]][0xef][0xbf][0xbd]>-~`[0xef][0xbf][0xbd]`[0xef][0xbf][0xbd][0xef][0xbf][0xbd][0xef][0xbf][0xbd]HO[0x1f]{[0x10][0xef][0xbf][0xbd][0xef][0xbf][0xbd][0xf][0x1d][0xef][0xbf][0xbd]]([0xef][0xbf][0xbd][0xef][0xbf][0xbd]Z>[0x18]m8[0xef][0xbf][0xbd]F}[0xda][0xa4][0xef][0xbf][0xbd][0xdd][0x83]Z[0xef][0xbf][0xbd]r[0xef][0xbf][0xbd][0xef][0xbf][0xbd][0xe2][0x91][0xa4][0xef][0xbf][0xbd][0xef][0xbf][0xbd]v[0xef][0xbf][0xbd][0xef][0xbf][0xbd]6[0xef][0xbf][0xbd][0xef][0xbf][0xbd]o[0xef][0xbf][0xbd]jH[0xef][0xbf][0xbd]b[0xef][0xbf][0xbd]9u[0xef][0xbf][0xbd];F[0xef][0xbf][0xbd][0xef][0xbf][0xbd]QF[0xdd][0x8b][0xef][0xbf][0xbd][0xef][0xbf][0xbd]')&8[0xef][0xbf][0xbd][0x12][0x0][0xef][0xbf][0xbd][0xef][0xbf][0xbd]8[0xef][0xbf][0xbd][0xef][0xbf][0xbd][0xef][0xbf][0xbd][0xef][0xbf][0xbd][0xef][0xbf][0xbd][0x4]q[0xef][0xbf][0xbd]B[0xef][0xbf][0xbd][0x1a][0xef][0xbf][0xbd][0xef][0xbf][0xbd]b[0xe][0xef][0xbf][0xbd]([0xef][0xbf][0xbd]:[0xef][0xbf][0xbd][0x1c][0xef][0xbf][0xbd]Vne[0x3]I[0xef][0xbf][0xbd]C[0xef][0xbf][0xbd]f[0xef][0xbf][0xbd][0xef][0xbf][0xbd][0xd9][0xbc]X[0xef][0xbf][0xbd][0x1]Y[0xef][0xbf][0xbd]u[0xef][0xbf][0xbd][0xef][0xbf][0xbd][0x17][0xdd][0xbf];[0xef][0xbf][0xbd][0xef][0xbf][0xbd]Gu[0xe3][0x82][0xb7][0xe]@[0xef][0xbf][0xbd]q[0xef][0xbf][0xbd]c[0xef][0xbf][0xbd]s[0xef][0xbf][0xbd][0xef][0xbf][0xbd]z?[0xef][0xbf][0xbd]([0xef][0xbf][0xbd]N2[0xef][0xbf][0xbd],[0x1b][0xef][0xbf][0xbd][0xef][0xbf][0xbd][0x12][0x4][0xef][0xbf][0xbd]R[0xef][0xbf][0xbd]+[0xef][0xbf][0xbd]E[0xef][0xbf][0xbd]\[0xef][0xbf][0xbd][0xef][0xbf][0xbd][0xef][0xbf][0xbd][0x16]9[0xef][0xbf][0xbd][0xef][0xbf][0xbd]o[0xef][0xbf][0xbd][0xef][0xbf][0xbd][0xef][0xbf][0xbd]F[0xef][0xbf][0xbd]E[\n]"
07:56:28.669 [main] DEBUG org.apache.http.wire -  >> "[0xef][0xbf][0xbd]c1a[0xef][0xbf][0xbd]R[0xef][0xbf][0xbd][0xef][0xbf][0xbd][0xef][0x8d][0x8e][0x1c]*9$[0xef][0xbf][0xbd]\[0xef][0xbf][0xbd][0xef][0xbf][0xbd]zzK[0xef][0xbf][0xbd][0xef][0xbf][0xbd][0x5][0xef][0xbf][0xbd][0xeb][0x81][0x84][0xef][0xbf][0xbd]Q[0x14]Z[0xef][0xbf][0xbd][\r][0x13][0x1f][0xef][0xbf][0xbd][0x0]V[0xef][0xbf][0xbd]4[0xef][0xbf][0xbd][0x1e][0xef][0xbf][0xbd][0xef][0xbf][0xbd]o[0xef][0xbf][0xbd][0xef][0xbf][0xbd][0xef][0xbf][0xbd][0xe5][0x80][0xbb][0xef][0xbf][0xbd]Z[0xef][0xbf][0xbd][0x9][0xef][0xbf][0xbd][0xef][0xbf][0xbd]k![0xb][0xef][0xbf][0xbd][0x16][0xef][0xbf][0xbd][0x1d]M%[0xef][0xbf][0xbd][0x3][0xef][0xbf][0xbd]j[0xef][0xbf][0xbd]'c?[0x7]1[0xef][0xbf][0xbd][0xef][0xbf][0xbd][0x8][0xef][0xbf][0xbd][0xef][0xbf][0xbd][0x19]<9-C[0x1c][0xc8][0x83][0x19]0[0x6][0xef][0xbf][0xbd]cp[0xef][0xbf][0xbd][0xef][0xbf][0xbd][\r]77[0x7][0xef][0xbf][0xbd][0xef][0xbf][0xbd][0xef][0xbf][0xbd][0xef][0xbf][0xbd][0xef][0xbf][0xbd][0xef][0xbf][0xbd][0xcb][0x81]B[0x14][0xef][0xbf][0xbd][0xef][0xbf][0xbd][0xef][0xbf][0xbd]\[0xef][0xbf][0xbd]K.sd?a[0xef][0xbf][0xbd][0xef][0xbf][0xbd]~[0xef][0xbf][0xbd][0xef][0xbf][0xbd][0xd3][0xba][0x3][0x18][0xef][0xbf][0xbd]h[0xef][0xbf][0xbd][0xef][0xbf][0xbd]U0[0xef][0xbf][0xbd][0xef][0xbf][0xbd][0xef][0xbf][0xbd]k[0xef][0xbf][0xbd][0x7][0xef][0xbf][0xbd]K[0x9]|[0xef][0xbf][0xbd]Jg)[0xef][0xbf][0xbd][0xef][0xbf][0xbd][0xf][0xef][0xbf][0xbd][0xca][0xa7]@Kzf[0xef][0xbf][0xbd]1d[0xef][0xbf][0xbd][0x13][0xef][0xbf][0xbd]Y[0xef][0xbf][0xbd]<&[0xef][0xbf][0xbd][0x1d][0xef][0xbf][0xbd][0xef][0xbf][0xbd][0xef][0xbf][0xbd][0xef][0xbf][0xbd][0xef][0xbf][0xbd]9[0xef][0xbf][0xbd][0xef][0xbf][0xbd][0x6][0xef][0xbf][0xbd]N[0xef][0xbf][0xbd](E[0xef][0xbf][0xbd][0x1b][0xef][0xbf][0xbd][0xef][0xbf][0xbd][0xef][0xbf][0xbd][0x6][0xef][0xbf][0xbd][0xef][0xbf][0xbd][0xef][0xbf][0xbd]$*@[0x7][0xf]CcJ+O[0xef][0xbf][0xbd][0x1e][0xef][0xbf][0xbd]U[0xef][0xbf][0xbd][0xc7][0xbc][0x16][0xef][0xbf][0xbd][0xef][0xbf][0xbd][0xef][0xbf][0xbd]I[0xef][0xbf][0xbd][0xc2][0x83][0xef][0xbf][0xbd][0xef][0xbf][0xbd]3DY[0xef][0xbf][0xbd]xo[0xef][0xbf][0xbd]c[0x0][0xef][0xbf][0xbd][0x16]-[0xef][0xbf][0xbd][0xef][0xbf][0xbd]B[0x7]y]C[0xb][0xef][0xbf][0xbd][0xef][0xbf][0xbd]NM[0xef][0xbf][0xbd][0xef][0xbf][0xbd][0xef][0xbf][0xbd]Q[0xf]4[0x16][0xef][0xbf][0xbd][0x14][0x9]T[0xef][0xbf][0xbd][0x6][0xef][0xbf][0xbd],[0xef][0xbf][0xbd]I[0xc2][0x91][0x7] [0xef][0xbf][0xbd][0xef][0xbf][0xbd]([0xef][0xbf][0xbd][0x1e][0xef][0xbf][0xbd]u[0xef][0xbf][0xbd][0xef][0xbf][0xbd]s]x[0xef][0xbf][0xbd][0x1f][0xef][0xbf][0xbd][0xc2][0xb9][0x2][0xef][0xbf][0xbd]\([0xef][0xbf][0xbd]$[0xef][0xbf][0xbd]:[0x2][0xef][0xbf][0xbd][0xb][0xef][0xbf][0xbd]k{P%Yf[0xef][0xbf][0xbd]5X[0xef][0xbf][0xbd]:[0xef][0xbf][0xbd][0xef][0xbf][0xbd]+[0xef][0xbf][0xbd]a[0xef][0xbf][0xbd][0xef][0xbf][0xbd][0xef][0xbf][0xbd][0xef][0xbf][0xbd][0xef][0xbf][0xbd]a[0xef][0xbf][0xbd][0xef][0xbf][0xbd]k%[0xef][0xbf][0xbd]s[0xe] [0x1][0xef][0xbf][0xbd]k[0xef][0xbf][0xbd]&[0xef][0xbf][0xbd][0x15][0xcd][0xb5][0xef][0xbf][0xbd][0x1f][0xef][0xbf][0xbd]y[0x8]<[0x1]w[0xef][0xbf][0xbd][0xef][0xbf][0xbd][0x18][0xf][0xef][0xbf][0xbd]v=+[0xef][0xbf][0xbd][0xef][0xbf][0xbd][0xef][0xbf][0xbd][0xef][0xbf][0xbd]r[0xef][0xbf][0xbd][0x1b]m<)[0xef][0xbf][0xbd][0xef][0xbf][0xbd]Fge[0xef][0xbf][0xbd]=[0xef][0xbf][0xbd][0x18]&DH_[0xef][0xbf][0xbd][0xef][0xbf][0xbd][0x1e][0xe4][0xb6][0xb2][0xef][0xbf][0xbd][0xef][0xbf][0xbd][0xef][0xbf][0xbd][0xef][0xbf][0xbd]8[0xef][0xbf][0xbd][0xef][0xbf][0xbd][0xef][0xbf][0xbd]o[0x1f][0x17][0xef][0xbf][0xbd][0xef][0xbf][0xbd][0xef][0xbf][0xbd]oY[0xef][0xbf][0xbd][0xef][0xbf][0xbd][0x2]y[0xef][0xbf][0xbd][\r][0xef][0xbf][0xbd][0xef][0xbf][0xbd][0xef][0xbf][0xbd]7[0x19][0xef][0xbf][0xbd][0xef][0xbf][0xbd][0xef][0xbf][0xbd]P|}[0xef][0xbf][0xbd][\r]01s[0xef][0xbf][0xbd][0xef][0xbf][0xbd][0xef][0xbf][0xbd]6@[0xef][0xbf][0xbd]g[0xef][0xbf][0xbd]V[0xef][0xbf][0xbd]h<a{6[0xef][0xbf][0xbd][0xef][0xbf][0xbd][0xef][0xbf][0xbd][0xc][0xef][0xbf][0xbd][0xef][0xbf][0xbd][0xf][0x1c][0xcd][0x87][0xef][0xbf][0xbd][0x17][0xef][0xbf][0xbd][0xef][0xbf][0xbd][0xef][0xbf][0xbd][0xef][0xbf][0xbd]kO[0xef][0xbf][0xbd]V[0xef][0xbf][0xbd][0xef][0xbf][0xbd][0xef][0xbf][0xbd][0xef][0xbf][0xbd][0xef][0xbf][0xbd][0xde][0xbd][0xef][0xbf][0xbd][0xef][0xbf][0xbd]/[0xef][0xbf][0xbd][0xef][0xbf][0xbd]/[0xef][0xbf][0xbd][0x1f]0u[0xef][0xbf][0xbd]T@t]b[0xef][0xbf][0xbd]\<[0xd5][0xa1][0xef][0xbf][0xbd][0xef][0xbf][0xbd]S[0xef][0xbf][0xbd][0xef][0xbf][0xbd]I[0xef][0xbf][0xbd]1[0xef][0xbf][0xbd][0xef][0xbf][0xbd][0xef][0xbf][0xbd]^[0xef][0xbf][0xbd]=[0xef][0xbf][0xbd]#V[0xef][0xbf][0xbd]2[\r]|"[0xe][0xef][0xbf][0xbd]@[0xef][0xbf][0xbd]g#K[0xef][0xbf][0xbd][0x18]O[0xef][0xbf][0xbd]@[0xd3][0x8d]}z[0xef][0xbf][0xbd][0xef][0xbf][0xbd][0x1b][0x4][0xef][0xbf][0xbd][0xef][0xbf][0xbd][0x19]M[0xef][0xbf][0xbd][0xef][0xbf][0xbd]c9[0xef][0xbf][0xbd][0xef][0xbf][0xbd]K[0xef][0xbf][0xbd]0[0x9][0xef][0xbf][0xbd]a[0xef][0xbf][0xbd][0xef][0xbf][0xbd]b[0x17]o[0xef][0xbf][0xbd][0xef][0xbf][0xbd]k[0xef][0xbf][0xbd][0xc2][0xb5]y[0xef][0xbf][0xbd][0xef][0xbf][0xbd][0xef][0xbf][0xbd][0xef][0xbf][0xbd][0xef][0xbf][0xbd][0x4][0xef][0xbf][0xbd][[0xef][0xbf][0xbd]G[0xef][0xbf][0xbd]^[0x16][0xef][0xbf][0xbd][0xef][0xbf][0xbd][0xef][0xbf][0xbd][0xef][0xbf][0xbd][0xef][0xbf][0xbd]xbI[0xef][0xbf][0xbd][0xef][0xbf][0xbd][0xef][0xbf][0xbd][0xef][0xbf][0xbd]~ [0xef][0xbf][0xbd]$Y9&[0x19][0xef][0xbf][0xbd][0xef][0xbf][0xbd][0x1f][\r][0xc2][0xb6][\r][0x6][0xef][0xbf][0xbd][0xef][0xbf][0xbd]$@[0xda][0x8e][0xef][0xbf][0xbd]1@[0xef][0xbf][0xbd]+Z[0xef][0xbf][0xbd]\[0xef][0xbf][0xbd]0[0xef][0xbf][0xbd][0xe][0xef][0xbf][0xbd][0xef][0xbf][0xbd][0xef][0xbf][0xbd][0xef][0xbf][0xbd][0x3][0xef][0xbf][0xbd][0xef][0xbf][0xbd][0xe][0xef][0xbf][0xbd][0xef][0xbf][0xbd][0xef][0xbf][0xbd]As*[0xef][0xbf][0xbd]2)[0xef][0xbf][0xbd]8[0xef][0xbf][0xbd]ia[0xef][0xbf][0xbd][0xef][0xbf][0xbd]6p[0x5]bV[0xef][0xbf][0xbd][0xef][0xbf][0xbd]"[0x7][0xef][0xbf][0xbd][0xef][0xbf][0xbd]]b)|[0xef][0xbf][0xbd]&WnU[0xef][0xbf][0xbd][0xef][0xbf][0xbd]7[0x19]W[0x9]#[0xef][0xbf][0xbd][0xef][0xbf][0xbd][0x9]mu[0xca][0x8b]n^[0xef][0xbf][0xbd][0xef][0xbf][0xbd]L(l [0xf][0xef][0xbf][0xbd][0xef][0xbf][0xbd].mPA[0x1b][0xef][0xbf][0xbd][0xb][0x8][0xef][0xbf][0xbd]@[0xef][0xbf][0xbd][0xef][0xbf][0xbd]"[0xef][0xbf][0xbd][0xef][0xbf][0xbd]2y[0xef][0xbf][0xbd]2[0x1b][0xef][0xbf][0xbd][0xb][0xef][0xbf][0xbd]?[0xef][0xbf][0xbd][0xef][0xbf][0xbd]i[0xef][0xbf][0xbd].[0x6][0xef][0xbf][0xbd][0xde][0x91][0xef][0xbf][0xbd][0x5][[0xef][0xbf][0xbd]r[0xef][0xbf][0xbd]9[0xef][0xbf][0xbd][0xef][0xbf][0xbd]Q[0xef][0xbf][0xbd]e[0xf][0xef][0xbf][0xbd][0xef][0xbf][0xbd][0xef][0xbf][0xbd]#[0xef][0xbf][0xbd]I[0xef][0xbf][0xbd]Q\@[0xef][0xbf][0xbd][0xef][0xbf][0xbd][0x1b]@[0xef][0xbf][0xbd]&[0x2]1{[0xef][0xbf][0xbd][0x1e]-[0x5]"[0x1e][0xef][0xbf][0xbd]v>[0xef][0xbf][0xbd][0xef][0xbf][0xbd][0xef][0xbf][0xbd][0xef][0xbf][0xbd]\4[0xef][0xbf][0xbd]5[0xf][0xde][0xa3]V[0xef][0xbf][0xbd][0xd1][0x86][0xef][0xbf][0xbd]o[0xef][0xbf][0xbd][0xef][0xbf][0xbd][0xef][0xbf][0xbd][0xef][0xbf][0xbd]Z>4@[0xef][0xbf][0xbd][0xef][0xbf][0xbd][0xef][0xbf][0xbd][0xf]?s^[0xef][0xbf][0xbd][0xef][0xbf][0xbd][0xe]4[0xef][0xbf][0xbd][0xc4][0x9f]F[0xef][0xbf][0xbd]s[[0xef][0xbf][0xbd][0xef][0xbf][0xbd]<[0x19]1[0xef][0xbf][0xbd][0x18]o[0xef][0xbf][0xbd]rORh[0xef][0xbf][0xbd]_x[0xef][0xbf][0xbd]-p[0x1a][0xef][0xbf][0xbd][0xef][0xbf][0xbd]O[0xef][0xbf][0xbd][0xef][0xbf][0xbd]A_[0xef][0xbf][0xbd][0x7][0x1d][0xef][0xbf][0xbd][0x19][0xef][0xbf][0xbd][0xef][0xbf][0xbd][0xef][0xbf][0xbd][0xdc][0xaa][0xef][0xbf][0xbd]R[0xef][0xbf][0xbd][0xef][0xbf][0xbd]O,8.c[0xef][0xbf][0xbd][0xef][0xbf][0xbd][0xef][0xbf][0xbd][0x0]![0xda][0x9c][0x13][0xef][0xbf][0xbd][0xef][0xbf][0xbd][0xef][0xbf][0xbd][0xef][0xbf][0xbd][0xef][0xbf][0xbd]u[0xef][0xbf][0xbd]l[0x17]C[0xef][0xbf][0xbd][0xef][0xbf][0xbd]IL[0xef][0xbf][0xbd][0xef][0xbf][0xbd]{[0xef][0xbf][0xbd][0xef][0xbf][0xbd][0xef][0xbf][0xbd][0xef][0xbf][0xbd][0x12]@[0x1a]p`g[0x5][0xef][0xbf][0xbd][0x16][0xef][0xbf][0xbd]>[0xef][0xbf][0xbd]z[0xc6][0xab][0xef][0xbf][0xbd]1[0xef][0xbf][0xbd][0x3][0x17]X.r[0xb]j[0xef][0xbf][0xbd]A[0xef][0xbf][0xbd]8&[0xef][0xbf][0xbd][0xef][0xbf][0xbd][0xe0][0xb6][0x83]X[0xd2][0x90][0xef][0xbf][0xbd][0xef][0xbf][0xbd]OM[0xef][0xbf][0xbd][0xef][0xbf][0xbd][0xef][0xbf][0xbd][0xb]`I[0xef][0xbf][0xbd][0xef][0xbf][0xbd]i#JA[0xef][0xbf][0xbd][0xef][0xbf][0xbd][0x1d]s[0xca][0x8c]\'E[0xef][0xbf][0xbd][0x1d]l[0x16][0xef][0xbf][0xbd][0x14]PJ[0x1c][0xef][0xbf][0xbd][0xef][0xbf][0xbd][0xef][0xbf][0xbd][\n]"
07:56:28.669 [main] DEBUG org.apache.http.wire -  >> "[0xef][0xbf][0xbd][0xef][0xbf][0xbd]wR@[0xef][0xbf][0xbd]u:[0xef][0xbf][0xbd]g[0xef][0xbf][0xbd]h[0x12][0xef][0xbf][0xbd]ug[0xef][0xbf][0xbd][0xef][0xbf][0xbd]m[0xef][0xbf][0xbd][0xef][0xbf][0xbd][0xef][0xbf][0xbd][0xd4][0xa3][0xef][0xbf][0xbd](>a[0xef][0xbf][0xbd][0x3][0xef][0xbf][0xbd]lg[0xef][0xbf][0xbd]5[0xef][0xbf][0xbd]`__[0x0][0xef][0xbf][0xbd][0xef][0xbf][0xbd]/[0xef][0xbf][0xbd][0xef][0xbf][0xbd][0xca][0x93]X[0xef][0xbf][0xbd][\n]"
07:56:28.669 [main] DEBUG org.apache.http.wire -  >> "5[0xef][0xbf][0xbd][0xef][0xbf][0xbd][\r][0xd0][0xbc]f[0xef][0xbf][0xbd]+ [0xef][0xbf][0xbd]--[\r] [0x14][0xef][0xbf][0xbd]Y[0xef][0xbf][0xbd]c[0xef][0xbf][0xbd]E[0xef][0xbf][0xbd][0xd2][0x81][0xef][0xbf][0xbd]H[0xef][0xbf][0xbd][\n]"
07:56:28.669 [main] DEBUG org.apache.http.wire -  >> "[0x13][0x7][0xef][0xbf][0xbd][0xe]{2[0xef][0xbf][0xbd][0xef][0xbf][0xbd][0xef][0xbf][0xbd][0xef][0xbf][0xbd]sg[0xef][0xbf][0xbd][0x18]u[0xef][0xbf][0xbd][0x9]p![0x0][0xef][0xbf][0xbd]xW2[0xef][0xbf][0xbd][0xef][0xbf][0xbd][0xef][0xbf][0xbd]U+m v[0xef][0xbf][0xbd]u[0xef][0xbf][0xbd][0x13][0xef][0xbf][0xbd][0xef][0xbf][0xbd][0xef][0xbf][0xbd]X[0x4][0xef][0xbf][0xbd];[0xef][0xbf][0xbd]E[0x13][0xef][0xbf][0xbd][0xef][0xbf][0xbd][0xef][0xbf][0xbd]8[0xef][0xbf][0xbd][0xef][0xbf][0xbd][0xef][0xbf][0xbd][0x6][0xef][0xbf][0xbd][0xef][0xbf][0xbd][0x1][0xef][0xbf][0xbd][0xef][0xbf][0xbd][0xef][0xbf][0xbd]Gmx9TH[0xef][0xbf][0xbd][0x17][0xef][0xbf][0xbd][0xef][0xbf][0xbd][0xef][0xbf][0xbd][0xef][0xbf][0xbd][0xef][0xbf][0xbd]|(~[0xc6][0xa5][0xef][0xbf][0xbd][0x14]?~[0xef][0xbf][0xbd][0x4]u^o5*KS[0xef][0xbf][0xbd][0xef][0xbf][0xbd][0xef][0xbf][0xbd][0xef][0xbf][0xbd]z')[0xef][0xbf][0xbd]%E`[0xef][0xbf][0xbd][0xcc][0xb8][0xef][0xbf][0xbd]0z[0xef][0xbf][0xbd][0xef][0xbf][0xbd]J[0xef][0xbf][0xbd]>@[0xef][0xbf][0xbd]*[0xef][0xbf][0xbd]N[0xef][0xbf][0xbd][0xef][0xbf][0xbd][0x14] %[0xef][0xbf][0xbd]q[0x18][0x1d][0xc][0xef][0xbf][0xbd]|[0x16]'X7[0xef][0xbf][0xbd][0xef][0xbf][0xbd]i[0xef][0xbf][0xbd][0xef][0xbf][0xbd][0x3][0xef][0xbf][0xbd][0xef][0xbf][0xbd]a[0xef][0xbf][0xbd]>[0xef][0xbf][0xbd][0x2][0xef][0xbf][0xbd]1[0xef][0xbf][0xbd]tK[0xc5][0x96][0xef][0xbf][0xbd][0xef][0xbf][0xbd]C[0x16],yK[0xef][0xbf][0xbd][0xef][0xbf][0xbd][0x7][0xef][0xbf][0xbd]@oN[0xef][0xbf][0xbd]^/[0xef][0xbf][0xbd]ot@[0xef][0xbf][0xbd]P[0xef][0xbf][0xbd]J[0x11]0[0xef][0xbf][0xbd][0xef][0xbf][0xbd]>[0xef][0xbf][0xbd][0xef][0xbf][0xbd]M[0xef][0xbf][0xbd]L[0xb]6[0xef][0xbf][0xbd]d[0xef][0xbf][0xbd]z[0xef][0xbf][0xbd][0xef][0xbf][0xbd][0xf][0xef][0xbf][0xbd][0xef][0xbf][0xbd][0xef][0xbf][0xbd][0xe5][0x89][0xb1]@w8[0xef][0xbf][0xbd]([0xef][0xbf][0xbd]_[0xef][0xbf][0xbd]*[0xef][0xbf][0xbd])[0xef][0xbf][0xbd]p=H[0xef][0xbf][0xbd]&b[0xef][0xbf][0xbd]I[0xef][0xbf][0xbd]J[0xef][0xbf][0xbd]H[0x13]N=[0xef][0xbf][0xbd][0xef][0xbf][0xbd][0x11][0xef][0xbf][0xbd][0xef][0xbf][0xbd][0xef][0xbf][0xbd]$[0xef][0xbf][0xbd][0xef][0xbf][0xbd][0xef][0xbf][0xbd]F<a[0xef][0xbf][0xbd]\6"[0xc3][0x9a]4x2g}z[0xef][0xbf][0xbd].[0x4][0xef][0xbf][0xbd])W[0xef][0xbf][0xbd][0xef][0xbf][0xbd]*[0xef][0xbf][0xbd]4[0xef][0xbf][0xbd][0x14]2[0xef][0xbf][0xbd][0x7][0xef][0xbf][0xbd][0xef][0xbf][0xbd][0x17][0xc7][0xb7]Z[0xef][0xbf][0xbd]f[0xc4][0x8c]h[0xc2][0x9c][0xef][0xbf][0xbd][0xef][0xbf][0xbd]Q[0xef][0xbf][0xbd][0x1a][0x10]0[0x0][0xef][0xbf][0xbd][0x1e]z[0xef][0xbf][0xbd]2|K/c[0xef][0xbf][0xbd]?im]g[0x11]v[0xef][0xbf][0xbd]<[0xef][0xbf][0xbd][0xef][0xbf][0xbd][0xca][0xba][[0xda][0x8c]![0x1a]1[0xef][0xbf][0xbd][0xef][0xbf][0xbd]h[0xef][0xbf][0xbd][0x14]R[0x5]c[0xef][0xbf][0xbd][0x0][0xef][0xbf][0xbd][0xef][0xbf][0xbd][0xef][0xbf][0xbd]HLR[0x4][0xef][0xbf][0xbd])]m[0x18][0xef][0xbf][0xbd]Z[0xef][0xbf][0xbd]U[0xef][0xbf][0xbd]&[0xef][0xbf][0xbd][0xef][0xbf][0xbd][4l[0xef][0xbf][0xbd][0x13]Cd[0xef][0xbf][0xbd][0xef][0xbf][0xbd]Y[0x1c][0xef][0xbf][0xbd][0xef][0xbf][0xbd][0x0][0x18])[0xef][0xbf][0xbd][0xef][0xbf][0xbd][0xef][0xbf][0xbd]L[0xef][0xbf][0xbd]HK<[0xef][0xbf][0xbd][0x1d]e}[0xef][0xbf][0xbd][0xef][0xbf][0xbd][0xef][0xbf][0xbd][0xef][0xbf][0xbd]DK[0xef][0xbf][0xbd]=[0xef][0xbf][0xbd][0xd5][0xbf][0xef][0xbf][0xbd][0xd7][0x9e][0xc5][0xad]\[0xef][0xbf][0xbd][0xf][0xef][0xbf][0xbd]Gv[0xef][0xbf][0xbd][0x13][0xef][0xbf][0xbd];[0xef][0xbf][0xbd][0xef][0xbf][0xbd][0xef][0xbf][0xbd][0xef][0xbf][0xbd]r[0xef][0xbf][0xbd]&d}R/[0xef][0xbf][0xbd][0xef][0xbf][0xbd]z[0x1][0x10]iH[0xef][0xbf][0xbd][0xef][0xbf][0xbd]L[0x6][0xef][0xbf][0xbd][0xef][0xbf][0xbd][0xef][0xbf][0xbd][0xef][0xbf][0xbd]M[0x18]W[0xef][0xbf][0xbd][0x5]MP[0xef][0xbf][0xbd][0xef][0xbf][0xbd][0xef][0xbf][0xbd][0xef][0xbf][0xbd]z[0xef][0xbf][0xbd][0xdf][0xac]:[0xef][0xbf][0xbd][0xef][0xbf][0xbd][0xe]N[0xef][0xbf][0xbd][0xef][0xbf][0xbd][0x1e]SR[0xef][0xbf][0xbd][0xef][0xbf][0xbd][0x13]E[0xef][0xbf][0xbd][0xef][0xbf][0xbd][0xdc][0xa4][0xef][0xbf][0xbd]A[0xef][0xbf][0xbd][0xef][0xbf][0xbd]7~os[0xef][0xbf][0xbd]&[0x18][0xef][0xbf][0xbd]G([0xef][0xbf][0xbd]B[\n]"
07:56:28.669 [main] DEBUG org.apache.http.wire -  >> "[0xef][0xbf][0xbd]q[0xef][0xbf][0xbd]4_[0xef][0xbf][0xbd]\[0xef][0xbf][0xbd][0xef][0xbf][0xbd]V`}B'[0x0][0x11]C[0xef][0xbf][0xbd]6[0xef][0xbf][0xbd][0xb]/3[0x12][0xef][0xbf][0xbd][0xf][0xef][0xbf][0xbd][0xef][0xbf][0xbd][0xef][0xbf][0xbd]]Ml9r1[0xef][0xbf][0xbd][0xc][0xef][0xbf][0xbd][0xef][0xbf][0xbd]'[0xef][0xbf][0xbd][0xdd][0xb0][0xef][0xbf][0xbd][0xef][0xbf][0xbd][0x11][0xef][0xbf][0xbd][0x1b][0xea][0x92][0x89][0xef][0xbf][0xbd]Iy[0xef][0xbf][0xbd][0xc3][0xa4]E[0xef][0xbf][0xbd]3d[0xef][0xbf][0xbd]G]K'&[0x0][0xef][0xbf][0xbd]}:[0xef][0xbf][0xbd][0xef][0xbf][0xbd][0xd7][0xb9][0xef][0xbf][0xbd]O[0xef][0xbf][0xbd]X[0xef][0xbf][0xbd]`[0xef][0xbf][0xbd][0x14][0x1])[0xef][0xbf][0xbd][0xef][0xbf][0xbd][0xef][0xbf][0xbd][0x19][0xef][0xbf][0xbd][0x1f][0xef][0xbf][0xbd]4[0xef][0xbf][0xbd]F[0xef][0xbf][0xbd]\[0xef][0xbf][0xbd][0xef][0xbf][0xbd]}Q[0xef][0xbf][0xbd][0xef][0xbf][0xbd][0xef][0xbf][0xbd]z[0xef][0xbf][0xbd][0xef][0xbf][0xbd];[0xef][0xbf][0xbd]?[0xef][0xbf][0xbd][0xef][0xbf][0xbd][0xef][0xbf][0xbd][0[\n]"
07:56:28.669 [main] DEBUG org.apache.http.wire -  >> "[0xd9][0xb5][0xef][0xbf][0xbd][0x5][0xef][0xbf][0xbd]`cu/[0xef][0xbf][0xbd][0xef][0xbf][0xbd][0xef][0xbf][0xbd]\hP[0xef][0xbf][0xbd][0xef][0xbf][0xbd]'![0xef][0xbf][0xbd]S[0xef][0xbf][0xbd]Z[0xef][0xbf][0xbd][0xef][0xbf][0xbd][0xef][0xbf][0xbd][0xef][0xbf][0xbd][0xef][0xbf][0xbd]W[0xef][0xbf][0xbd]3m[0xef][0xbf][0xbd][0xef][0xbf][0xbd]Ka<i[0xd0][0x92][0xef][0xbf][0xbd]M[0xef][0xbf][0xbd]z[0xef][0xbf][0xbd][0xef][0xbf][0xbd]H[0xb][0xef][0xbf][0xbd][\n]"
07:56:28.669 [main] DEBUG org.apache.http.wire -  >> "[0xc4][0x98][0xef][0xbf][0xbd][0xef][0xbf][0xbd][0xc9][0x89]{$[0xef][0xbf][0xbd]X[0xef][0xbf][0xbd][0xd3][0xad][0xef][0xbf][0xbd]N[0x1a][0xef][0xbf][0xbd][0xef][0xbf][0xbd]l[0x9]O[0x18][0xef][0xbf][0xbd]3s[0xef][0xbf][0xbd][0x11]3[0xef][0xbf][0xbd][0xef][0xbf][0xbd][0xd5][0x8e][0x1][0xc8][0x80][0xef][0xbf][0xbd]+GT[0xef][0xbf][0xbd]i[0xef][0xbf][0xbd]6[0xef][0xbf][0xbd]L6l0+IDb[0xef][0xbf][0xbd]=H[0xef][0xbf][0xbd]$[0xef][0xbf][0xbd]L![0xef][0xbf][0xbd] [0xef][0xbf][0xbd][0xef][0xbf][0xbd]T[!\k[0xef][0xbf][0xbd]?o[0xef][0xbf][0xbd][0xef][0xbf][0xbd]z[0x3][0xef][0xbf][0xbd][0xef][0xbf][0xbd].[0xef][0xbf][0xbd][0xf][0xef][0xbf][0xbd][0xef][0xbf][0xbd][0xef][0xbf][0xbd][0xef][0xbf][0xbd][0xef][0xbf][0xbd][0xef][0xbf][0xbd][0xef][0xbf][0xbd][0x18][0xef][0xbf][0xbd]Fw$[0xef][0xbf][0xbd][0xef][0xbf][0xbd][0xef][0xbf][0xbd][0x18]G[0x3]P[0xef][0xbf][0xbd][0xef][0xbf][0xbd][0xef][0xbf][0xbd][0x7]Q[0xef][0xbf][0xbd]{O[0x14][0x18]eM@[0xef][0xbf][0xbd]Z)[0xef][0xbf][0xbd]^4[0xef][0xbf][0xbd]>gL[0xef][0xbf][0xbd][0xef][0xbf][0xbd][0xdf][0x9c][0xef][0xbf][0xbd]2[0xef][0xbf][0xbd][0xc9][0x85][0x1f]"5[0xef][0xbf][0xbd]6[0xef][0xbf][0xbd]6\[0xef][0xbf][0xbd][0xc][0xef][0xbf][0xbd]d[0x1f][0xef][0xbf][0xbd][0xef][0xbf][0xbd][0xd3][0xbb][0xdd][0x8f][0xef][0xbf][0xbd]$[0xda][0xa4][0xef][0xbf][0xbd][0xef][0xbf][0xbd]BeSu[0xef][0xbf][0xbd][0xef][0xbf][0xbd][0xef][0xbf][0xbd][0xef][0xbf][0xbd]{}[0xef][0xbf][0xbd][0xef][0xbf][0xbd]&[0xef][0xbf][0xbd]h)v_[0xef][0xbf][0xbd][0xef][0xbf][0xbd][0xef][0xbf][0xbd][0xef][0xbf][0xbd][0xef][0xbf][0xbd]D[0xef][0xbf][0xbd]E[0xef][0xbf][0xbd][0xc7][0x8c][0x13]X[0xef][0xbf][0xbd]G[0xef][0xbf][0xbd][0x5]Fk[0xef][0xbf][0xbd][0xef][0xbf][0xbd]~;j:[0x0][0xef][0xbf][0xbd]lC[0xdf][0xb1][0xef][0xbf][0xbd][0xef][0xbf][0xbd][0xef][0xbf][0xbd][0x10][0xef][0xbf][0xbd][0xef][0xbf][0xbd]}d[0xef][0xbf][0xbd]e[0xef][0xbf][0xbd]pB[0xef][0xbf][0xbd][0xef][0xbf][0xbd][0xc][0xef][0xbf][0xbd]Y[0xef][0xbf][0xbd][0xef][0xbf][0xbd][0xef][0xbf][0xbd][[0xef][0xbf][0xbd]"[0xef][0xbf][0xbd][0xef][0xbf][0xbd][0xef][0xbf][0xbd][0xef][0xbf][0xbd][0x16][0xef][0xbf][0xbd][[0xef][0xbf][0xbd][0xd2][0x88]QZR3X[0xef][0xbf][0xbd][0x1d][0xef][0xbf][0xbd]Q[0xef][0xbf][0xbd]$[0x15][0xef][0xbf][0xbd][0xef][0xbf][0xbd]UH[0xef][0xbf][0xbd][0xef][0xbf][0xbd]d[0x9][[0xce][0xb4][0xef][0xbf][0xbd][0xef][0xbf][0xbd][0xef][0xbf][0xbd][0x1c]7[0xef][0xbf][0xbd]x[0xef][0xbf][0xbd][0xef][0xbf][0xbd][0xef][0xbf][0xbd]1^[0xef][0xbf][0xbd]30[0xef][0xbf][0xbd]m2"
07:56:28.670 [main] DEBUG org.apache.http.wire -  >> ")`v[0xef][0xbf][0xbd][0xcd][0xab][0xef][0xbf][0xbd][0xef][0xbf][0xbd]}[\r][0xef][0xbf][0xbd]A][0xef][0xbf][0xbd][0xef][0xbf][0xbd][0xef][0xbf][0xbd]e][0x0][0xef][0xbf][0xbd]<[0xef][0xbf][0xbd]e[0xef][0xbf][0xbd][0xef][0xbf][0xbd]~~[0xef][0xbf][0xbd]u[0xef][0xbf][0xbd]:[0xef][0xbf][0xbd][0xef][0xbf][0xbd]6[0xef][0xbf][0xbd][0x18]![0xef][0xbf][0xbd][0xef][0xbf][0xbd][0xef][0xbf][0xbd][0xef][0xbf][0xbd][0xef][0xbf][0xbd][0xef][0xbf][0xbd]<[0x2][0x8]_sP~[0xef][0xbf][0xbd]][0xef][0xbf][0xbd][0xef][0xbf][0xbd][0xef][0xbf][0xbd][0xef][0xbf][0xbd][0xef][0xbf][0xbd]R^[0xef][0xbf][0xbd]U[0xef][0xbf][0xbd],[0xef][0xbf][0xbd][0xef][0xbf][0xbd][0x1c]K[0xef][0xbf][0xbd][0xef][0xbf][0xbd][0x1][0xef][0xbf][0xbd][0xef][0xbf][0xbd][0x11][0xef][0xbf][0xbd][0xef][0xbf][0xbd][0xef][0xbf][0xbd][0xef][0xbf][0xbd][0xef][0xbf][0xbd][0x2]Cq[0x12][0xef][0xbf][0xbd][0xef][0xbf][0xbd][0xef][0xbf][0xbd][0xef][0xbf][0xbd][0xef][0xbf][0xbd]M[0xef][0xbf][0xbd]q[0xef][0xbf][0xbd][0xef][0xbf][0xbd][0xef][0xbf][0xbd][0xef][0xbf][0xbd]X!F[0x12][0xef][0xbf][0xbd][0x7]^[\r]l[0xef][0xbf][0xbd][0xef][0xbf][0xbd][0xef][0xbf][0xbd][0xef][0xbf][0xbd][0xef][0xbf][0xbd][0xef][0xbf][0xbd][0xf]q+oY>p[0xef][0xbf][0xbd],[0xef][0xbf][0xbd]}[0xef][0xbf][0xbd][0xef][0xbf][0xbd]1[0xef][0xbf][0xbd][0xef][0xbf][0xbd][0x13][0xef][0xbf][0xbd][0x1][0xef][0xbf][0xbd][0xef][0xbf][0xbd][0xef][0xbf][0xbd]$?G)Td[0x3][0xef][0xbf][0xbd][0xef][0xbf][0xbd]W[0xef][0xbf][0xbd]Es<[0xef][0xbf][0xbd][0xef][0xbf][0xbd][0xef][0xbf][0xbd][0xef][0xbf][0xbd][0xef][0xbf][0xbd]][0xef][0xbf][0xbd]&[0x13][0xef][0xbf][0xbd]ILN[0xc4][0xa8][0x19][0xef][0xbf][0xbd][\n]"
07:56:28.670 [main] DEBUG org.apache.http.wire -  >> "[0xef][0xbf][0xbd]G[0xef][0xbf][0xbd][0xef][0xbf][0xbd]YR[0xef][0xbf][0xbd]J[0xd1][0x87]`[0xef][0xbf][0xbd][0xef][0xbf][0xbd]P[0xef][0xbf][0xbd][0xef][0xbf][0xbd]6[0xef][0xbf][0xbd][0xef][0xbf][0xbd]k[0x5]X:'[0x17]e([0xef][0xbf][0xbd][0xef][0xbf][0xbd][0xef][0xbf][0xbd][0x1]kR[0x9][0x3][0xef][0xbf][0xbd][0xef][0xbf][0xbd][0xdc][0xb2][0xef][0xbf][0xbd][0xef][0xbf][0xbd](A[0xef][0xbf][0xbd][0xef][0xbf][0xbd]u {n[0xef][0xbf][0xbd]q[0xef][0xbf][0xbd][0xef][0xbf][0xbd][0xef][0xbf][0xbd][0xe6][0xaf][0xba][0xef][0xbf][0xbd][0x0]n[0xef][0xbf][0xbd]E[0xef][0xbf][0xbd][0x1c]z[0x12][0xef][0xbf][0xbd]~[0xef][0xbf][0xbd]2[0xef][0xbf][0xbd]6S[0xef][0xbf][0xbd]:[0xef][0xbf][0xbd]Lt[0x13]_[0xc9][0x84]{[0xc][0xef][0xbf][0xbd][0x16][0xef][0xbf][0xbd][0xef][0xbf][0xbd]6[0xed][0x8d][0x9e][0xef][0xbf][0xbd]q[0x5]2[0x17][0xef][0xbf][0xbd][0xe][0xef][0xbf][0xbd][0xef][0xbf][0xbd][0xc4][0xb2][0xef][0xbf][0xbd]h [0xef][0xbf][0xbd][0xef][0xbf][0xbd][0xef][0xbf][0xbd][0xef][0xbf][0xbd][0x4][0xd6][0x86]p[0xef][0xbf][0xbd][0x1][0xef][0xbf][0xbd][0xef][0xbf][0xbd][0x0]Z[0xef][0xbf][0xbd])[0xef][0xbf][0xbd]P[0xef][0xbf][0xbd][0xef][0xbf][0xbd][0xef][0xbf][0xbd]&P[0x5][0xef][0xbf][0xbd]MO[0xef][0xbf][0xbd][0xef][0xbf][0xbd][0xef][0xbf][0xbd][0xd4][0xa8][0xef][0xbf][0xbd][0xef][0xbf][0xbd]+[0xee][0x89][0xaa]k[0xef][0xbf][0xbd][0xef][0xbf][0xbd]P[0x3][0xef][0xbf][0xbd][0xef][0xbf][0xbd]W[0xee][0xab][0xb6][0xef][0xbf][0xbd]Z[0xef][0xbf][0xbd]1[0xef][0xbf][0xbd][0x7] [0x10]#[\r][0x1d][0xef][0xbf][0xbd][0xef][0xbf][0xbd][0xef][0xbf][0xbd][0xef][0xbf][0xbd]79[0xef][0xbf][0xbd][0xef][0xbf][0xbd]0[0xc3][0xa6][0xef][0xbf][0xbd]t[0xef][0xbf][0xbd]4[0xef][0xbf][0xbd][0xef][0xbf][0xbd]Njv[\r]R[0xef][0xbf][0xbd]p[0xef][0xbf][0xbd]6[0xef][0xbf][0xbd][0xef][0xbf][0xbd][0xef][0xbf][0xbd][0x1f][0xef][0xbf][0xbd][0x15]A[0xef][0xbf][0xbd][0xef][0xbf][0xbd][0x1f]}:[0xef][0xbf][0xbd]5/[0xc4][0x9c][0xef][0xbf][0xbd]9[0xef][0xbf][0xbd]W[0xef][0xbf][0xbd][0xd3][0x92][0xef][0xbf][0xbd][0x19][0xef][0xbf][0xbd]p[0xef][0xbf][0xbd][0xef][0xbf][0xbd]c;[\r][0x7][0xef][0xbf][0xbd][0xef][0xbf][0xbd][0xef][0xbf][0xbd][0xef][0xbf][0xbd][0xef][0xbf][0xbd]@[0x13]\[0xef][0xbf][0xbd]X[0x0][0x15][0xef][0xbf][0xbd][\r][0xef][0xbf][0xbd]P[0xef][0xbf][0xbd]9[0xef][0xbf][0xbd]c4[0xef][0xbf][0xbd][0xef][0xbf][0xbd]^[0xef][0xbf][0xbd][0xef][0xbf][0xbd][0xef][0xbf][0xbd]=[0xef][0xbf][0xbd]X2[0xef][0xbf][0xbd][0xef][0xbf][0xbd]+y[0xef][0xbf][0xbd][0xd1][0xa7]o [0xef][0xbf][0xbd][0xef][0xbf][0xbd][0xef][0xbf][0xbd][0x7][\n]"
07:56:28.670 [main] DEBUG org.apache.http.wire -  >> "d[0xef][0xbf][0xbd][0x4][0xef][0xbf][0xbd][0xef][0xbf][0xbd].x0[0x1e][0xef][0xbf][0xbd][0x2][p[0xef][0xbf][0xbd]M[\n]"
07:56:28.670 [main] DEBUG org.apache.http.wire -  >> "Q[0xef][0xbf][0xbd][0x1b][0xef][0xbf][0xbd][0xef][0xbf][0xbd]|[0xef][0xbf][0xbd]\'+[0x8]([0xef][0xbf][0xbd]R[0xef][0xbf][0xbd]=.[0xef][0xbf][0xbd][\n]"
07:56:28.671 [main] DEBUG org.apache.http.wire -  >> "[0xf]5[0xef][0xbf][0xbd][0x14][0xef][0xbf][0xbd][0x13][0xef][0xbf][0xbd]`[0xef][0xbf][0xbd]"m[0x1f]s[0xef][0xbf][0xbd][0xef][0xbf][0xbd][0xc8][0x8c]N[0xef][0xbf][0xbd]W[0xef][0xbf][0xbd]i`[0x1c]n[0xef][0xbf][0xbd]9&[0xef][0xbf][0xbd].'n[0xef][0xbf][0xbd][0xef][0xbf][0xbd]8[0xd7][0x9f][0xef][0xbf][0xbd]hI;[0xef][0xbf][0xbd]:A[0xef][0xbf][0xbd]n0[0xef][0xbf][0xbd]'[0xef][0xbf][0xbd][0xef][0xbf][0xbd][0xb][0xef][0xbf][0xbd]2[0x1d][0xef][0xbf][0xbd][0xef][0xbf][0xbd][0x2]JW[0xef][0xbf][0xbd][0xef][0xbf][0xbd][0xef][0xbf][0xbd][0xef][0xbf][0xbd][0xc])`;[0xef][0xbf][0xbd][0xca][0x96]C[0x1f][0xef][0xbf][0xbd][0xef][0xbf][0xbd]s[0xef][0xbf][0xbd][0xef][0xbf][0xbd][0xef][0xbf][0xbd]<[0xef][0xbf][0xbd]k[0xef][0xbf][0xbd][0xef][0xbf][0xbd][0xef][0xbf][0xbd]T/\s[0xef][0xbf][0xbd]2[0xef][0xbf][0xbd][0xef][0xbf][0xbd][0xef][0xbf][0xbd]/e[0xef][0xbf][0xbd][0xdf][0xa1][0xef][0xbf][0xbd][0xc7][0x8a][0xef][0xbf][0xbd]mV}[0xef][0xbf][0xbd]Y?\8[0xef][0xbf][0xbd]z[0xef][0xbf][0xbd]n[0xef][0xbf][0xbd]hE*[0xef][0xbf][0xbd]B[0xef][0xbf][0xbd]`[0xef][0xbf][0xbd]6[0x2]D[0xef][0xbf][0xbd]([0xef][0xbf][0xbd]S[0xef][0xbf][0xbd][0x2][0xef][0xbf][0xbd][0xef][0xbf][0xbd][0xd5][0xa2][0xef][0xbf][0xbd][0xef][0xbf][0xbd][0xef][0xbf][0xbd][0xc][0xef][0xbf][0xbd][0xef][0xbf][0xbd][0xef][0xbf][0xbd]'[0xef][0xbf][0xbd][0xef][0xbf][0xbd][0xef][0xbf][0xbd]`[0xef][0xbf][0xbd][0xef][0xbf][0xbd][0xde][0x90]>[0xef][0xbf][0xbd]0"[0xef][0xbf][0xbd]R2[0xef][0xbf][0xbd][0xef][0xbf][0xbd][0x16][0xef][0xbf][0xbd][0xef][0xbf][0xbd]OV0[0xef][0xbf][0xbd]";[0xef][0xbf][0xbd][0x6][0xef][0xbf][0xbd][0xef][0xbf][0xbd]([0x0][0xef][0xbf][0xbd][0xef][0xbf][0xbd][0x5]:[0xef][0xbf][0xbd][0xef][0xbf][0xbd][0x15][0xef][0xbf][0xbd][0xef][0xbf][0xbd]8[0xef][0xbf][0xbd][0xef][0xbf][0xbd][0x1b]G[0xef][0xbf][0xbd]7[0x18][0x1][0xef][0xbf][0xbd][0x19][0x0][0xef][0xbf][0xbd]6[0xef][0xbf][0xbd]&[\r][0xef][0xbf][0xbd][0xef][0xbf][0xbd][0xef][0xbf][0xbd][0xef][0xbf][0xbd][0x1][0xef][0xbf][0xbd]dc[0xef][0xbf][0xbd][0xef][0xbf][0xbd][0x17][0xef][0xbf][0xbd][0xef][0xbf][0xbd][0xef][0xbf][0xbd]d[0x1f]R(}D%[0xef][0xbf][0xbd][0xef][0xbf][0xbd]{[0xef][0xbf][0xbd][0xef][0xbf][0xbd][0xef][0xbf][0xbd][0xef][0xbf][0xbd]9G[0xef][0xbf][0xbd][0xc][0xef][0xbf][0xbd][0xef][0xbf][0xbd][0xef][0xbf][0xbd][0xef][0xbf][0xbd][0x10][0xef][0xbf][0xbd][0xb][0xef][0xbf][0xbd]ta2[0xef][0xbf][0xbd]u[0xef][0xbf][0xbd]Z%e[0xef][0xbf][0xbd]="V[0xef][0xbf][0xbd][0xcd][0x9f]8[0xef][0xbf][0xbd][0xd7][0xba]*[0x7]# {[0xef][0xbf][0xbd][0xef][0xbf][0xbd]-[0xef][0xbf][0xbd]r[0x16][0xef][0xbf][0xbd]S_}[0xef][0xbf][0xbd][0xef][0xbf][0xbd][0x15][0xef][0xbf][0xbd][0xef][0xbf][0xbd][0xef][0xbf][0xbd]-[0x1f][0x18][0xef][0xbf][0xbd]=[0xef][0xbf][0xbd][0xef][0xbf][0xbd][0x1f]<q^[0xef][0xbf][0xbd][0xef][0xbf][0xbd]i[0xef][0xbf][0xbd][0xef][0xbf][0xbd][0x11][0xef][0xbf][0xbd][0xef][0xbf][0xbd][0xef][0xbf][0xbd][0xef][0xbf][0xbd][0xef][0xbf][0xbd][0xef][0xbf][0xbd][0xef][0xbf][0xbd]t;*[0xef][0xbf][0xbd]-[0xef][0xbf][0xbd]\[0x14]n_m[0xef][0xbf][0xbd]t[0xef][0xbf][0xbd][0xef][0xbf][0xbd][0xef][0xbf][0xbd][0xef][0xbf][0xbd][0x6][0xc5][0xbb]z$F[0xef][0xbf][0xbd][0xef][0xbf][0xbd][0xef][0xbf][0xbd][0xc],1[0x4] [0xef][0xbf][0xbd]p][0xef][0xbf][0xbd][0x11][0xf][0xef][0xbf][0xbd]*[0xef][0xbf][0xbd]D[0xef][0xbf][0xbd][0xef][0xbf][0xbd]cbl[0xef][0xbf][0xbd][0xef][0xbf][0xbd])[0xef][0xbf][0xbd]YY[0xef][0xbf][0xbd][0xef][0xbf][0xbd][0xef][0xbf][0xbd][0xc3][0xa6]XY[0xda][0x98].[0xef][0xbf][0xbd][0xef][0xbf][0xbd]"F^[0xef][0xbf][0xbd]c[0xef][0xbf][0xbd]<[0x2][0x7][0xef][0xbf][0xbd][0xef][0xbf][0xbd]J[0xef][0xbf][0xbd]9[0xef][0xbf][0xbd]>[0xef][0xbf][0xbd]Q<[0xef][0xbf][0xbd][0x15][0xef][0xbf][0xbd][0xef][0xbf][0xbd][0xef][0xbf][0xbd][0x8]S[0xd2][0xb9]zU3[0xef][0xbf][0xbd]=[0x9]g[0xef][0xbf][0xbd][0xef][0xbf][0xbd]<R[0x1][0xc][0xef][0xbf][0xbd]]1[0xef][0xbf][0xbd][0xef][0xbf][0xbd]1[0xef][0xbf][0xbd][0xef][0xbf][0xbd][0xc]B[0xef][0xbf][0xbd]k[0xef][0xbf][0xbd][0xef][0xbf][0xbd][0xef][0xbf][0xbd] [0xe][0xef][0xbf][0xbd][0x7][0xef][0xbf][0xbd][0x11][0xef][0xbf][0xbd]14[\r][0xef][0xbf][0xbd]b[0xef][0xbf][0xbd]t[0xef][0xbf][0xbd][0x3][0x12][0xef][0xbf][0xbd][0xef][0xbf][0xbd]{?[0xef][0xbf][0xbd]TG[0xef][0xbf][0xbd]R[0xef][0xbf][0xbd]C[0xef][0xbf][0xbd][0xef][0xbf][0xbd]o[0xef][0xbf][0xbd][0xef][0xbf][0xbd][0xef][0xbf][0xbd],[0x9]:[0xef][0xbf][0xbd][0xef][0xbf][0xbd]rw,[0x0][0xef][0xbf][0xbd][0xef][0xbf][0xbd][0x4][0x2][0x4][0xef][0xbf][0xbd]U[0xef][0xbf][0xbd][0x5]S[0xef][0xbf][0xbd][0xef][0xbf][0xbd]Y[0xef][0xbf][0xbd][0xef][0xbf][0xbd]\[0xef][0xbf][0xbd]1A`[0xef][0xbf][0xbd][0xef][0xbf][0xbd]2NL[0xef][0xbf][0xbd]q[0xef][0xbf][0xbd]1DW[0x3][0xef][0xbf][0xbd][0xef][0xbf][0xbd](5[0xef][0xbf][0xbd][0x18][0x1c][0xef][0xbf][0xbd][0xef][0xbf][0xbd]^[0xef][0xbf][0xbd]^[0xef][0xbf][0xbd][0xc]#5}[0xef][0xbf][0xbd][0xef][0xbf][0xbd][0xef][0xbf][0xbd][0xef][0xbf][0xbd][0xef][0xbf][0xbd][0xef][0xbf][0xbd][0xef][0xbf][0xbd][0x4]$[0xd7][0x83][0xef][0xbf][0xbd]8so[0xef][0xbf][0xbd][0xef][0xbf][0xbd]+[0xef][0xbf][0xbd][0xef][0xbf][0xbd]S[0xef][0xbf][0xbd]9[0xef][0xbf][0xbd][0xef][0xbf][0xbd][0xef][0xbf][0xbd][0x2][0xef][0xbf][0xbd];[0xef][0xbf][0xbd]L[[0xef][0xbf][0xbd]w[0x18]7[0x1f]7y[0xef][0xbf][0xbd][0xd6][0xaf][0xef][0xbf][0xbd][0xef][0xbf][0xbd][0xce][0x83]q[0xd8][0x95][0xef][0xbf][0xbd][0xef][0xbf][0xbd]lA6[0xef][0xbf][0xbd][0x11]ff[0xb]`M[0xef][0xbf][0xbd] G[0xcd][0x84][0xef][0xbf][0xbd][0xef][0xbf][0xbd][0xef][0xbf][0xbd][0xda][0x9f][0xef][0xbf][0xbd][0xcf][0xbe][0xef][0xbf][0xbd][0xef][0xbf][0xbd][0xef][0xbf][0xbd]W_[0xc3][0xad][0xef][0xbf][0xbd][0xef][0xbf][0xbd][0xef][0xbf][0xbd][0x1][0xef][0xbf][0xbd]'[0xef][0xbf][0xbd][0xef][0xbf][0xbd][0xcb][0xbf]z[0xef][0xbf][0xbd][0xef][0xbf][0xbd]~[0xef][0xbf][0xbd][0x10]p[0xef][0xbf][0xbd]S[0x1e][0xef][0xbf][0xbd],[0xef][0xbf][0xbd]X[0xef][0xbf][0xbd]fP[0x7]6:$[0xef][0xbf][0xbd][0xef][0xbf][0xbd][0xef][0xbf][0xbd][0xef][0xbf][0xbd][0x12][0xef][0xbf][0xbd][0xdb][0x9e]a@[0x18][0x6]DB[0xef][0xbf][0xbd][0xef][0xbf][0xbd][0xcf][0x8a][0xef][0xbf][0xbd][0x1][0xef][0xbf][0xbd][0xef][0xbf][0xbd]7.H[0xef][0xbf][0xbd]G[0xef][0xbf][0xbd]_[0xef][0xbf][0xbd]=[0xef][0xbf][0xbd][0xcc][0xaa],[0xef][0xbf][0xbd][0x1][0xef][0xbf][0xbd][0xef][0xbf][0xbd][0xf]6uDm[0xef][0xbf][0xbd][0xef][0xbf][0xbd]K[0xef][0xbf][0xbd]T&[0xef][0xbf][0xbd]r.[0xef][0xbf][0xbd][0xef][0xbf][0xbd][0xef][0xbf][0xbd][0xef][0xbf][0xbd]g[0xef][0xbf][0xbd]s[0xef][0xbf][0xbd][0x9]ho[0xef][0xbf][0xbd][0x14]Ni[0x9]v[0xef][0xbf][0xbd][0xef][0xbf][0xbd][0xef][0xbf][0xbd]i[0xef][0xbf][0xbd][0xef][0xbf][0xbd][[0xef][0xbf][0xbd]>[0x3]i[0xef][0xbf][0xbd]+[0xef][0xbf][0xbd]F[0xcc][0x90][0xef][0xbf][0xbd]-[0xdd][0x93]~[0x12]C[0x6][0x3][0xef][0xbf][0xbd]'([0xc][0xef][0xbf][0xbd][0xe][0xef][0xbf][0xbd][0xef][0xbf][0xbd][0xef][0xbf][0xbd]&[\r][0xef][0xbf][0xbd][0xcb][0x82][0xef][0xbf][0xbd][0x1e][\n]"
07:56:28.671 [main] DEBUG org.apache.http.wire -  >> "[0x13][0xef][0xbf][0xbd]8F[0xef][0xbf][0xbd][0xef][0xbf][0xbd]m[0xef][0xbf][0xbd]~[0x17]{[0xb][0xef][0xbf][0xbd]7*[0xef][0xbf][0xbd]>&R[0xef][0xbf][0xbd][0xef][0xbf][0xbd][0x15] G?[0xef][0xbf][0xbd][0xef][0xbf][0xbd][0xef][0xbf][0xbd]L8[0xef][0xbf][0xbd][0xef][0xbf][0xbd][0xef][0xbf][0xbd]w>[0xef][0xbf][0xbd]zE{[0x13][0xef][0xbf][0xbd][0x17][0xef][0xbf][0xbd][%[0xef][0xbf][0xbd]*S[0xef][0xbf][0xbd]WVz[0x10][0x8]9[0xef][0xbf][0xbd]ljx[0xc])[0xef][0xbf][0xbd]tQ[0xef][0xbf][0xbd][0xee][0xb2][0xa5][0xef][0xbf][0xbd]W[0xef][0xbf][0xbd][0xb][\r][0xef][0xbf][0xbd][0xef][0xbf][0xbd][0xef][0xbf][0xbd]`[0xef][0xbf][0xbd][0x0][0xef][0xbf][0xbd]=[0x1b][0xef][0xbf][0xbd]][0xef][0xbf][0xbd][0xef][0xbf][0xbd][0xef][0xbf][0xbd]n[0xef][0xbf][0xbd][0xef][0xbf][0xbd][0xc2][0x8c][0xef][0xbf][0xbd][0x0]oW[0xef][0xbf][0xbd]{[0xef][0xbf][0xbd]r[0x1][0x1c][0x18]k[0xef][0xbf][0xbd]$J[0x19]XI[0xef][0xbf][0xbd]Zq[0xef][0xbf][0xbd]Yv[0xef][0xbf][0xbd]G9[0xef][0xbf][0xbd][0xef][0xbf][0xbd],[0xf][0xef][0xbf][0xbd]{[0xe]sa[0x8][0x9][0xef][0xbf][0xbd]([0xef][0xbf][0xbd]V[0x16]VZ[0xef][0xbf][0xbd]^[0xef][0xbf][0xbd][0x14][0xef][0xbf][0xbd];[0xef][0xbf][0xbd]_[0xef][0xbf][0xbd];[0xef][0xbf][0xbd][0xef][0xbf][0xbd]L[0xef][0xbf][0xbd][0xef][0xbf][0xbd][0xef][0xbf][0xbd]y,[0xd5][0xb9]g[0x12]:[0xef][0xbf][0xbd][0x7]E[0xef][0xbf][0xbd][0xef][0xbf][0xbd][0xef][0xbf][0xbd][0x1f][0xef][0xbf][0xbd][0xdd][0xbc][0xef][0xbf][0xbd][0xef][0xbf][0xbd]_x[0xef][0xbf][0xbd][0xef][0xbf][0xbd][0xef][0xbf][0xbd]i[0x1d]?h[0x9]|[0x0][0xef][0xbf][0xbd][0xef][0xbf][0xbd][0xef][0xbf][0xbd]{[0xef][0xbf][0xbd]xY[0xef][0xbf][0xbd]U[0xef][0xbf][0xbd][0xef][0xbf][0xbd]Q[0x0][0x18][0xef][0xbf][0xbd]e[0xef][0xbf][0xbd][0xef][0xbf][0xbd]v[0xef][0xbf][0xbd]"[0xef][0xbf][0xbd]U[0x1f]5[0xef][0xbf][0xbd]1[0xef][0xbf][0xbd][0xef][0xbf][0xbd][0xef][0xbf][0xbd]b[0xef][0xbf][0xbd][0xef][0xbf][0xbd]([0xef][0xbf][0xbd][0xef][0xbf][0xbd][0xef][0xbf][0xbd]4x[0x18]Z p$[0xef][0xbf][0xbd][0xef][0xbf][0xbd][0xef][0xbf][0xbd][0xef][0xbf][0xbd][0xef][0xbf][0xbd]CP[0xef][0xbf][0xbd][0x4][0xef][0xbf][0xbd][0xef][0xbf][0xbd][0x1d][0xef][0xbf][0xbd][0xef][0xbf][0xbd][0xef][0xbf][0xbd][0xef][0xbf][0xbd]Pm[0xef][0xbf][0xbd][0xef][0xbf][0xbd]5[0x16][0xef][0xbf][0xbd]`[0x19]C[0xef][0xbf][0xbd]E\~[0xef][0xbf][0xbd][0x12]yu[0xef][0xbf][0xbd]U[0xef][0xbf][0xbd][0x3][0xef][0xbf][0xbd]S4[0x5]z[0x1d][0xef][0xbf][0xbd][0xd9][0xbf][0xef][0xbf][0xbd][0xef][0xbf][0xbd][0xef][0xbf][0xbd][0xef][0xbf][0xbd][0xef][0xbf][0xbd][0xd6][0x98][0xef][0xbf][0xbd]1[0xef][0xbf][0xbd][0x0]2O[0xef][0xbf][0xbd]P[0x16][0x1f][0xef][0xbf][0xbd][e[0xef][0xbf][0xbd][0xef][0xbf][0xbd][0xe][0xef][0xbf][0xbd][0xcb][0xa1]_[0xef][0xbf][0xbd]2[0xef][0xbf][0xbd],[0xef][0xbf][0xbd]d[0xef][0xbf][0xbd]9LB[0x3]B[0xef][0xbf][0xbd][0x1c]B%[0x14][0xef][0xbf][0xbd][0xc9][0xa5][0xef][0xbf][0xbd]-S[0xef][0xbf][0xbd]D[0xef][0xbf][0xbd][0xe][0xef][0xbf][0xbd]"Z[0xef][0xbf][0xbd][0x11][0xef][0xbf][0xbd][0xc2][0x93][0x2][0xef][0xbf][0xbd][0xef][0xbf][0xbd]D[0xef][0xbf][0xbd]3q[0x19]n[0xef][0xbf][0xbd][0x19][0x16][0xef][0xbf][0xbd][0x1c][0xef][0xbf][0xbd]U[0xef][0xbf][0xbd]@[0xcb][0xa5][0xef][0xbf][0xbd]l[0x1e]X+[0xef][0xbf][0xbd][0xef][0xbf][0xbd][0x13]1[0xef][0xbf][0xbd][0xef][0xbf][0xbd][0xef][0xbf][0xbd][0x1b][0xef][0xbf][0xbd][0x0][0xef][0xbf][0xbd][0xef][0xbf][0xbd]Gv[0x1f]2[0xef][0xbf][0xbd][0x16][0xef][0xbf][0xbd][0x19][0xef][0xbf][0xbd][f[0xef][0xbf][0xbd][0xef][0xbf][0xbd][0xef][0xbf][0xbd]=[0xef][0xbf][0xbd]e[0xef][0xbf][0xbd].[0x1d]H}[0xef][0xbf][0xbd][0xef][0xbf][0xbd]B[0xef][0xbf][0xbd]O[0xef][0xbf][0xbd][0xef][0xbf][0xbd]h{bd*[0xef][0xbf][0xbd][0x1c][0xef][0xbf][0xbd][0x5][0xef][0xbf][0xbd]St,3[0xef][0xbf][0xbd][0xd9][0xa4][0xef][0xbf][0xbd][0xef][0xbf][0xbd][0xef][0xbf][0xbd][0xc]a[0xef][0xbf][0xbd]Ug[\n]"
07:56:28.671 [main] DEBUG org.apache.http.wire -  >> "[0xef][0xbf][0xbd][0xef][0xbf][0xbd][0xef][0xbf][0xbd]r[0xef][0xbf][0xbd]G[0xef][0xbf][0xbd][0xef][0xbf][0xbd][0xef][0xbf][0xbd][0xef][0xbf][0xbd]e[0xef][0xbf][0xbd]F[0xeb][0xb9][0x9b][0xef][0xbf][0xbd]U}h[0xef][0xbf][0xbd]G[0xef][0xbf][0xbd][0xe][0xef][0xbf][0xbd]k[0xef][0xbf][0xbd][0xef][0xbf][0xbd]-[0x7][0xef][0xbf][0xbd][0xef][0xbf][0xbd][0x15][[0xef][0xbf][0xbd]Y[0x5][0xef][0xbf][0xbd][\r][0xef][0xbf][0xbd][0xd3][0xbf]0)[0xef][0xbf][0xbd]*{~[0x18][0xef][0xbf][0xbd][0xef][0xbf][0xbd][0xef][0xbf][0xbd][0xef][0xbf][0xbd][0xd9][0xaf][0xef][0xbf][0xbd]?[0xef][0xbf][0xbd]~[0x6][0xef][0xbf][0xbd][0xef][0xbf][0xbd][0x3][0xef][0xbf][0xbd][0xf][0xef][0xbf][0xbd]#[0xef][0xbf][0xbd][0xef][0xbf][0xbd]}[0xef][0xbf][0xbd]s4[0xef][0xbf][0xbd][0xef][0xbf][0xbd][0xef][0xbf][0xbd][0xef][0xbf][0xbd][0xef][0xbf][0xbd]&P[0xef][0xbf][0xbd][0xef][0xbf][0xbd]s^[0xef][0xbf][0xbd]c@e0[0xef][0xbf][0xbd]f[0xef][0xbf][0xbd][0xef][0xbf][0xbd]B[0xef][0xbf][0xbd][0xef][0xbf][0xbd][0x14][0xef][0xbf][0xbd][0xef][0xbf][0xbd][0xef][0xbf][0xbd][0xef][0xbf][0xbd]W[0xef][0xbf][0xbd][0x1d]7[0xef][0xbf][0xbd][0x1e]D[0x12]@[0x1a]B[0xef][0xbf][0xbd]gZ[0xef][0xbf][0xbd][0xef][0xbf][0xbd][0x10][0xef][0xbf][0xbd][0xef][0xbf][0xbd][0xef][0xbf][0xbd][0xef][0xbf][0xbd][0xef][0xbf][0xbd],[0xef][0xbf][0xbd][0x1a]U#O[0xef][0xbf][0xbd][0xef][0xbf][0xbd]NL[0xef][0xbf][0xbd]Fzz[0xef][0xbf][0xbd][0xef][0xbf][0xbd]&[0x1a]O[0xef][0xbf][0xbd]D[0xef][0xbf][0xbd][0xef][0xbf][0xbd]a+-Y[0xda][0x95] ,[0xef][0xbf][0xbd]4[0x4][0xef][0xbf][0xbd][0x1d][0xdf][0xa2][0xef][0xbf][0xbd][0xef][0xbf][0xbd][0xef][0xbf][0xbd][0xef][0xbf][0xbd][0xef][0xbf][0xbd][0xef][0xbf][0xbd]l[0xef][0xbf][0xbd][0xef][0xbf][0xbd][0xe]9[0x19][0xef][0xbf][0xbd]-[0xef][0xbf][0xbd][0xef][0xbf][0xbd][0xef][0xbf][0xbd]<[0xef][0xbf][0xbd][0xef][0xbf][0xbd][0xef][0xbf][0xbd][0xef][0xbf][0xbd][0xef][0xbf][0xbd][0xef][0xbf][0xbd]T[0xef][0xbf][0xbd][0xef][0xbf][0xbd][0xef][0xbf][0xbd][0xef][0xbf][0xbd])[0xef][0xbf][0xbd][0x1c][0xef][0xbf][0xbd][0xc][0x5][0xef][0xbf][0xbd][0x18][[0xcb][0x80][0xef][0xbf][0xbd]!3Mg[0xef][0xbf][0xbd][0xef][0xbf][0xbd](y![\r]-[0xef][0xbf][0xbd][0xef][0xbf][0xbd][0xef][0xbf][0xbd][0xef][0xbf][0xbd]L[0xef][0xbf][0xbd]9h8[0xc][0x19]W%[0xef][0xbf][0xbd][0xef][0xbf][0xbd][0x9]y[0xef][0xbf][0xbd]l[0xcb][0x92][0x2]Z[0xef][0xbf][0xbd]L|[0xef][0xbf][0xbd][0xef][0xbf][0xbd][0xef][0xbf][0xbd]G[0xe][0xef][0xbf][0xbd][0xef][0xbf][0xbd][0xef][0xbf][0xbd][0x1e][0xef][0xbf][0xbd][0x17][0xef][0xbf][0xbd]v[0xef][0xbf][0xbd]4$m[0xef][0xbf][0xbd][0xef][0xbf][0xbd]&[0xd5][0x80]G[0xc2][0x89]U[0xef][0xbf][0xbd][0xef][0xbf][0xbd][0x5][0xef][0xbf][0xbd][0x5]W[0xef][0xbf][0xbd]&-[0xef][0xbf][0xbd][0x4][0xef][0xbf][0xbd][0xb][0x18][0x1f][0xef][0xbf][0xbd][0xef][0xbf][0xbd][0xef][0xbf][0xbd]y[0xef][0xbf][0xbd]<[0xef][0xbf][0xbd][0xef][0xbf][0xbd][0xc]@[0xef][0xbf][0xbd]3\?[0x17]U[0xef][0xbf][0xbd][0xef][0xbf][0xbd][0xef][0xbf][0xbd]W[0x1c]JP[0xef][0xbf][0xbd][0xef][0xbf][0xbd][0xef][0xbf][0xbd]2[0xef][0xbf][0xbd]${[0xef][0xbf][0xbd][0xef][0xbf][0xbd][0xef][0xbf][0xbd]r[0x14]8[0xef][0xbf][0xbd]R [0x16][0x10] [0xef][0xbf][0xbd]Q%[0xef][0xbf][0xbd][0xef][0xbf][0xbd]q[0xef][0xbf][0xbd][0xef][0xbf][0xbd]K"[0xef][0xbf][0xbd][0xef][0xbf][0xbd]1b[0xef][0xbf][0xbd][0xef][0xbf][0xbd]R [0x16]t[0x1d][0xef][0xbf][0xbd]y[0xef][0xbf][0xbd][0xef][0xbf][0xbd]a@ V[0xef][0xbf][0xbd]Q[0xef][0xbf][0xbd]}[0xef][0xbf][0xbd]m[0xef][0xbf][0xbd][0x15][0xef][0xbf][0xbd][0xef][0xbf][0xbd][0x1d][0xef][0xbf][0xbd]?[0xef][0xbf][0xbd][0xef][0xbf][0xbd][0xef][0xbf][0xbd]a$6 [0x9][0xef][0xbf][0xbd][0xef][0xbf][0xbd][0xc][0xef][0xbf][0xbd]w[0xe7][0xbf][0x9f][0xef][0xbf][0xbd][0xef][0xbf][0xbd][0xef][0xbf][0xbd][0xf]_[0x2][0xef][0xbf][0xbd]s[0xef][0xbf][0xbd][0xef][0xbf][0xbd][0xef][0xbf][0xbd][0xef][0xbf][0xbd][0xef][0xbf][0xbd][0xef][0xbf][0xbd][0xef][0xbf][0xbd]f@^[0xde][0xa5]6[0xef][0xbf][0xbd]V\_[0xef][0xbf][0xbd][0xef][0xbf][0xbd]y[0x18][0xef][0xbf][0xbd])[0xef][0xbf][0xbd][0xef][0xbf][0xbd]p[0xb][0x17]Zi[0xef][0xbf][0xbd][0xef][0xbf][0xbd]_[0x14]O[0x1b][0xef][0xbf][0xbd][0xef][0xbf][0xbd][0xef][0xbf][0xbd][0xef][0xbf][0xbd][0xef][0xbf][0xbd]j[0xd2][0xae][0xef][0xbf][0xbd]KV[0xef][0xbf][0xbd]4[0xef][0xbf][0xbd][0xef][0xbf][0xbd][0xef][0xbf][0xbd]/@^[0xc7][0xbc][0xef][0xbf][0xbd][0x4][0x10][0x19][0xef][0xbf][0xbd][0xef][0xbf][0xbd]![0xef][0xbf][0xbd][0xef][0xbf][0xbd][0xef][0xbf][0xbd][0xef][0xbf][0xbd][0x6][0xef][0xbf][0xbd]G&k[0xef][0xbf][0xbd][0xef][0xbf][0xbd][0x8][0xef][0xbf][0xbd]6$[0x1f][0x1b][0xef][0xbf][0xbd]`[0xef][0xbf][0xbd]x[0xef][0xbf][0xbd][0xef][0xbf][0xbd][0xef][0xbf][0xbd]g[0xef][0xbf][0xbd]S[0xef][0xbf][0xbd][0xef][0xbf][0xbd][0xef][0xbf][0xbd]Vm_[0xef][0xbf][0xbd]>y[0xef][0xbf][0xbd][0xef][0xbf][0xbd][0xef][0xbf][0xbd][0xef][0xbf][0xbd]h[~[0xef][0xbf][0xbd]bi?fxw[0xef][0xbf][0xbd][0x13][0xc][0xef][0xbf][0xbd][0xef][0xbf][0xbd][0xc][0xef][0xbf][0xbd]V#[0xef][0xbf][0xbd][0xef][0xbf][0xbd][0xef][0xbf][0xbd][0xef][0xbf][0xbd]\[0xe4][0x9a][0xac][0xef][0xbf][0xbd]g[0xef][0xbf][0xbd][0xef][0xbf][0xbd];[0xef][0xbf][0xbd][0xe2][0xb5][0xa9][0xef][0xbf][0xbd][0xef][0xbf][0xbd]j[0xef][0xbf][0xbd][0xef][0xbf][0xbd]o[0xef][0xbf][0xbd][0xef][0xbf][0xbd]/e[0x1];[0x18][0xef][0xbf][0xbd]i[0xef][0xbf][0xbd][0xef][0xbf][0xbd]l[0xef][0xbf][0xbd]Y5r[0xef][0xbf][0xbd]][0xef][0xbf][0xbd]S[0xef][0xbf][0xbd]>[0xc6][0xb2][0xef][0xbf][0xbd]Y[0xef][0xbf][0xbd][0xef][0xbf][0xbd]t0\[0xef][0xbf][0xbd][0xef][0xbf][0xbd]"
07:56:28.672 [main] DEBUG org.apache.http.wire -  >> "z)[0x19][0xef][0xbf][0xbd]g[0xef][0xbf][0xbd][0x1d];{hcZ;L6\n[0xef][0xbf][0xbd][{[0xef][0xbf][0xbd]&Y[0x7]=[0xef][0xbf][0xbd]C[0xef][0xbf][0xbd]U[0xef][0xbf][0xbd][0xef][0xbf][0xbd][0xef][0xbf][0xbd][0xef][0xbf][0xbd]R_^[0xef][0xbf][0xbd]a[0xef][0xbf][0xbd]5[0x13][0xef][0xbf][0xbd][0xef][0xbf][0xbd]o[0xef][0xbf][0xbd]Xd[0xef][0xbf][0xbd]+[0x2][0x4][0xef][0xbf][0xbd]Q[0xef][0xbf][0xbd][0x1b][0xef][0xbf][0xbd][0xef][0xbf][0xbd][0x1c]l[0x3][0xef][0xbf][0xbd][0xef][0xbf][0xbd][0xef][0xbf][0xbd]I,[0xef][0xbf][0xbd]pM[0xef][0xbf][0xbd] [0xef][0xbf][0xbd][0x18][0xef][0xbf][0xbd][0x3][0xef][0xbf][0xbd][0xef][0xbf][0xbd]B[0xef][0xbf][0xbd]f6[0xef][0xbf][0xbd][0xef][0xbf][0xbd][0x5][0xef][0xbf][0xbd][0xb][0xef][0xbf][0xbd]X[0xef][0xbf][0xbd]k[0xf][0xef][0xbf][0xbd][0xef][0xbf][0xbd][0xef][0xbf][0xbd][0x9]v[0x11][0xef][0xbf][0xbd]w[0xef][0xbf][0xbd][0xef][0xbf][0xbd]W"[0xef][0xbf][0xbd]u[0xef][0xbf][0xbd]^'[0xef][0xbf][0xbd]d[0xef][0xbf][0xbd]n#[0xef][0xbf][0xbd][0xef][0xbf][0xbd]W[0xef][0xbf][0xbd]/[0xef][0xbf][0xbd]/<}K[0xef][0xbf][0xbd]x[0x7][0xef][0xbf][0xbd]}[0xef][0xbf][0xbd][0xef][0xbf][0xbd][0xef][0xbf][0xbd][0xef][0xbf][0xbd][0xef][0xbf][0xbd][0xcf][0xa3][0xef][0xbf][0xbd][0xef][0xbf][0xbd]0:[0xef][0xbf][0xbd]7E[0xef][0xbf][0xbd][0xef][0xbf][0xbd][0xef][0xbf][0xbd]6[0xef][0xbf][0xbd][0xef][0xbf][0xbd][0xef][0xbf][0xbd][0xef][0xbf][0xbd][0x10]g[0xef][0x99][0xb0][0x1d][0xef][0xbf][0xbd]*[0xef][0xbf][0xbd]o[0xef][0xbf][0xbd]{[0xef][0xbf][0xbd]p[0xef][0xbf][0xbd])# [0xef][0xbf][0xbd]~Mn[0x8]F[0xef][0xbf][0xbd][0x17][0xef][0xbf][0xbd][0xef][0xbf][0xbd][0x17]WZ;,n[0xef][0xbf][0xbd]?[0xef][0xbf][0xbd][0x5][0xef][0xbf][0xbd][0xef][0xbf][0xbd]Y2[0xef][0xbf][0xbd][0x10][0xef][0xbf][0xbd][0xef][0xbf][0xbd][0x9][0xef][0xbf][0xbd][0xf][0xef][0xbf][0xbd][0xef][0xbf][0xbd]`[0xef][0xbf][0xbd]`zS[0xef][0xbf][0xbd]Xo[0xef][0xbf][0xbd][0xef][0xbf][0xbd][0x5][0xef][0xbf][0xbd][0xef][0xbf][0xbd]+[0xef][0xbf][0xbd]mH*[0xef][0xbf][0xbd]8[0xef][0xbf][0xbd][0x1b]_[0xef][0xbf][0xbd]X[0xef][0xbf][0xbd][0xef][0xbf][0xbd][0xef][0xbf][0xbd][0xef][0xbf][0xbd][0x1d]nU[0xef][0xbf][0xbd][0xef][0xbf][0xbd][0xef][0xbf][0xbd][0xef][0xbf][0xbd][0xef][0xbf][0xbd][0xdb][0xb7][0xef][0xbf][0xbd]ZYP[0xb]A[0xef][0xbf][0xbd]9[0xef][0xbf][0xbd][0xef][0xbf][0xbd]#%\[0xef][0xbf][0xbd][0xef][0xbf][0xbd][0xef][0xbf][0xbd][0x1a]+[0x13][0xef][0xbf][0xbd][0xef][0xbf][0xbd][0x1f][0xef][0xbf][0xbd]l[0x4][0xef][0xbf][0xbd]pS[0x1a][\n]"
07:56:28.672 [main] DEBUG org.apache.http.wire -  >> "[0xef][0xbf][0xbd]r[0xef][0xbf][0xbd][0xef][0xbf][0xbd][0xef][0xbf][0xbd]-[0xef][0xbf][0xbd]__[0xef][0xbf][0xbd]BO[0xef][0xbf][0xbd][0xef][0xbf][0xbd][0xdc][0x9f][0xef][0xbf][0xbd]gZ[0xef][0xbf][0xbd]i[0xd3][0x94]|[0xef][0xbf][0xbd]K[0x8][0xef][0xbf][0xbd][0xef][0xbf][0xbd]X[0x18]`[0xef][0xbf][0xbd][0x6][\n]"
07:56:28.672 [main] DEBUG org.apache.http.wire -  >> "[0xef][0xbf][0xbd][0xef][0xbf][0xbd][0xef][0xbf][0xbd]0[0x8]Si[0xef][0xbf][0xbd][0xef][0xbf][0xbd][0xef][0xbf][0xbd][0xef][0xbf][0xbd]no[0xef][0xbf][0xbd][0x2][0x7][0xcb][0xbe][0xef][0xbf][0xbd][0xef][0xbf][0xbd][0xef][0xbf][0xbd][0xef][0xbf][0xbd][0xef][0xbf][0xbd]@[0x3][0xef][0xbf][0xbd][0xd3][0x9b][0x1c]yM[0x1f][0xe][0xe2][0x81][0xa3][0xef][0xbf][0xbd][0xef][0xbf][0xbd][0x6][0xef][0xbf][0xbd][0xef][0xbf][0xbd][0x3][0x10][0xef][0xbf][0xbd][0xef][0xbf][0xbd]S&^[0xef][0xbf][0xbd][0xef][0xbf][0xbd][0xef][0xbf][0xbd][0xef][0xbf][0xbd][0x1e][0xef][0xbf][0xbd][0xef][0xbf][0xbd][0xef][0xbf][0xbd]d[0x1d]rg[0x4][0xef][0xbf][0xbd][0xef][0xbf][0xbd][0xef][0xbf][0xbd][0xef][0xbf][0xbd][0xef][0xbf][0xbd][0xef][0xbf][0xbd]+t[0x14][0xef][0xbf][0xbd]![0xef][0xbf][0xbd]_y[0xef][0xbf][0xbd]R[0x3]F'k[0xef][0xbf][0xbd][0xef][0xbf][0xbd][0xef][0xbf][0xbd][0xef][0xbf][0xbd][0xef][0xbf][0xbd]?[0xef][0xbf][0xbd]G[0xd7][0xbd]2[0xef][0xbf][0xbd]%[0xef][0xbf][0xbd][0xef][0xbf][0xbd]]1[0xef][0xbf][0xbd][0xef][0xbf][0xbd]97&[0x3][0xef][0xbf][0xbd][0xc][0xef][0xbf][0xbd][0xef][0xbf][0xbd][0xc2][0x89][0xef][0xbf][0xbd][0x12]v,[0x16]c/s[0xef][0xbf][0xbd]/[0xef][0xbf][0xbd]w[0xef][0xbf][0xbd]o [0xef][0xbf][0xbd][0xef][0xbf][0xbd][0xef][0xbf][0xbd][0xef][0xbf][0xbd][\n]"
07:56:28.672 [main] DEBUG org.apache.http.wire -  >> "d[0xef][0xbf][0xbd][0xef][0xbf][0xbd][0x14][0x11]O[0xef][0xbf][0xbd];[0xef][0xbf][0xbd][0xef][0xbf][0xbd]1[0xef][0xbf][0xbd]Yg[0xef][0xbf][0xbd]I[0xef][0xbf][0xbd][0xef][0xbf][0xbd]ur[0xef][0xbf][0xbd]/[0xf]'[0xc][0xef][0xbf][0xbd][0xef][0xbf][0xbd]y[0xef][0xbf][0xbd][0xef][0xbf][0xbd]$[0x10] [0xef][0xbf][0xbd]h[0xdc][0x98][0xef][0xbf][0xbd][0x5]Ya[0x2]7S[0xd4][0x82][0xef][0xbf][0xbd][0xef][0xbf][0xbd]#[0x4][0xef][0xbf][0xbd]" [0xef][0xbf][0xbd][0x9][0x7]N[0xef][0xbf][0xbd][0xef][0xbf][0xbd][0xef][0xbf][0xbd][0xef][0xbf][0xbd][0xef][0xbf][0xbd]$$[0xef][0xbf][0xbd][0x1a][0xef][0xbf][0xbd][0xef][0xbf][0xbd]![0xef][0xbf][0xbd]*[0xef][0xbf][0xbd][0xef][0xbf][0xbd]}3[0xef][0xbf][0xbd][0xef][0xbf][0xbd][0xef][0xbf][0xbd][0xef][0xbf][0xbd]"[0xef][0xbf][0xbd][0x8][0xef][0xbf][0xbd][0xef][0xbf][0xbd]~C[0xef][0xbf][0xbd]K[0xef][0xbf][0xbd][0xef][0xbf][0xbd]H[0x13]U[0xef][0xbf][0xbd]2][0xef][0xbf][0xbd][0xef][0xbf][0xbd]}P[0xef][0xbf][0xbd]W[0xef][0xbf][0xbd][0xef][0xbf][0xbd]-[0xef][0xbf][0xbd]5[0xef][0xbf][0xbd]Y[0xef][0xbf][0xbd] [0xef][0xbf][0xbd][0xef][0xbf][0xbd]V[0x4][0xef][0xbf][0xbd][0xef][0xbf][0xbd]K[0x1c][0xef][0xbf][0xbd][0xef][0xbf][0xbd][0xef][0xbf][0xbd][0x6][0xef][0xbf][0xbd][0xef][0xbf][0xbd]G[0x1b][0x1c][\r][0xef][0xbf][0xbd][0xef][0xbf][0xbd]!P[0xef][0xbf][0xbd]R[0xef][0xbf][0xbd][0xcd][0xac][0xef][0xbf][0xbd][0xef][0xbf][0xbd])o[0xef][0xbf][0xbd][0x7][0xef][0xbf][0xbd][0xef][0xbf][0xbd]mH([0x18][0xef][0xbf][0xbd]L;[0xef][0xbf][0xbd]?[0x16][0xef][0xbf][0xbd]3ZUk\[#rY[0xb]X[0xef][0xbf][0xbd][0xb][0xef][0xbf][0xbd][0x2]E[0x3]n.W4}[0xef][0xbf][0xbd]`K[0xf]5[0xef][0xbf][0xbd][0x1f][0xc2][0xbe][0xef][0xbf][0xbd]d[0xe][0xef][0xbf][0xbd]b[0xef][0xbf][0xbd][0xef][0xbf][0xbd]}c[0xef][0xbf][0xbd][0x15]w[0xef][0xbf][0xbd][0xef][0xbf][0xbd][0xef][0xbf][0xbd][0xc5][0xa1]L[0xce][0x84][0xef][0xbf][0xbd]6+[0xef][0xbf][0xbd]yU[0xef][0xbf][0xbd]e[0xef][0xbf][0xbd][0xef][0xbf][0xbd]I4+][0xda][0xb4]yk[0xef][0xbf][0xbd][0x6]Z[0x4][0x16]0[0x17]&[0xf][0xef][0xbf][0xbd]8[0xef][0xbf][0xbd][g[0xef][0xbf][0xbd]W9[0xef][0xbf][0xbd]4[0xef][0xbf][0xbd]J[0xb]dy=[0xef][0xbf][0xbd][0x6]u[0xef][0xbf][0xbd][0xef][0xbf][0xbd][0xef][0xbf][0xbd][0xef][0xbf][0xbd][0xef][0xbf][0xbd][0xef][0xbf][0xbd][0xef][0xbf][0xbd][0xef][0xbf][0xbd][0xef][0xbf][0xbd]Z5[0xef][0xbf][0xbd][0xd6][0xb7][0x4][0xef][0xbf][0xbd]Z[0xef][0xbf][0xbd]1[0xef][0xbf][0xbd][0xda][0xbe][0x19]zy[0x4]-[0xef][0xbf][0xbd][0xef][0xbf][0xbd]?-[0xef][0xbf][0xbd];[0xef][0xbf][0xbd][0xef][0xbf][0xbd][0xef][0xbf][0xbd][0xc4][0x9c][0xef][0xbf][0xbd][0xef][0xbf][0xbd]f[0xef][0xbf][0xbd]w[0xef][0xbf][0xbd][0xef][0xbf][0xbd][0x17]^;[0xef][0xbf][0xbd]_|[0xe9][0x85][0xa7]_[0xef][0xbf][0xbd][0xef][0xbf][0xbd][0xef][0xbf][0xbd][0xef][0xbf][0xbd]r[0x1f][0xef][0xbf][0xbd]c[0xef][0xbf][0xbd][0xd3][0xbd][0xcf][0xb5][0x19]o[0xef][0xbf][0xbd]M[\n]"
07:56:28.672 [main] DEBUG org.apache.http.wire -  >> "8z[0x1f][0xef][0xbf][0xbd][0xef][0xbf][0xbd][0xef][0xbf][0xbd])8n[0xef][0xbf][0xbd][0x1c][0xef][0xbf][0xbd][0xef][0xbf][0xbd][0xef][0xbf][0xbd]L5[0xef][0xbf][0xbd][0xef][0xbf][0xbd][0x1][0xef][0xbf][0xbd][0x3][0x3][0x16][0xef][0xbf][0xbd][0xef][0xbf][0xbd][0xef][0xbf][0xbd])[0xef][0xbf][0xbd]8[0xef][0xbf][0xbd][0xef][0xbf][0xbd]&xJ[0xef][0xbf][0xbd])[0xef][0xbf][0xbd][0x18][0xef][0xbf][0xbd][0xef][0xbf][0xbd][0xef][0xbf][0xbd][0xe8][0xb3][0xb6]wc[0xef][0xbf][0xbd]2b[0xef][0xbf][0xbd]m[0xef][0xbf][0xbd][0xef][0xbf][0xbd][0xef][0xbf][0xbd][0xef][0xbf][0xbd]y[0xef][0xbf][0xbd]@[0xef][0xbf][0xbd][0xe8][0x90][0x9a]RD[0x1c]R[0xef][0xbf][0xbd]w[0xef][0xbf][0xbd][0x18][0xb][0x5][0xef][0xbf][0xbd][\r][0xef][0xbf][0xbd]a[0xef][0xbf][0xbd][0x6]W[0xef][0xbf][0xbd]k[\n]"
07:56:28.678 [main] DEBUG org.apache.http.wire -  >> "r[0xef][0xbf][0xbd]_g[0xf][0xef][0xbf][0xbd]bc[0xef][0xbf][0xbd][0x6][0xef][0xbf][0xbd][0xc9][0xb3]O[0xef][0xbf][0xbd][0xef][0xbf][0xbd][0xef][0xbf][0xbd][0xef][0xbf][0xbd][0xef][0xbf][0xbd]0[0xef][0xbf][0xbd][0xef][0xbf][0xbd][0xdd][0x92]3y[0xef][0xbf][0xbd][0xef][0xbf][0xbd]S[0xef][0xbf][0xbd][0xef][0xbf][0xbd][0x1d]%[0xef][0xbf][0xbd][0x18]m+[0xef][0xbf][0xbd],[0xef][0xbf][0xbd][0x4][0xef][0xbf][0xbd][0xef][0xbf][0xbd]B`[0xef][0xbf][0xbd][0xef][0xbf][0xbd]I[0x19][0x1d]rnR[0xef][0xbf][0xbd][0x1a][0xef][0xbf][0xbd]C[0x1a][0xef][0xbf][0xbd][0x16][0xef][0xbf][0xbd]I[0xef][0xbf][0xbd][0xef][0xbf][0xbd][[0xef][0xbf][0xbd][0xef][0xbf][0xbd],[0x1f][0xef][0xbf][0xbd][0xef][0xbf][0xbd]?b*[0xef][0xbf][0xbd]h^[0xef][0xbf][0xbd]m[0xef][0xbf][0xbd]K[0xef][0xbf][0xbd][0xef][0xbf][0xbd]Q[0xef][0xbf][0xbd][0x6][0xef][0xbf][0xbd]>[0xef][0xbf][0xbd]U[0x2][0x19][0xef][0xbf][0xbd][0xef][0xbf][0xbd][0xef][0xbf][0xbd]8g[0xb]f[0xef][0xbf][0xbd][0xef][0xbf][0xbd][0xef][0xbf][0xbd][0x6]m[0xef][0xbf][0xbd]=[0xef][0xbf][0xbd][0x1c][0xef][0xbf][0xbd]<4[0x1c]w[0xef][0xbf][0xbd]x[0x1c]q}[0xef][0xbf][0xbd]f[0xef][0xbf][0xbd][0xef][0xbf][0xbd]N[0xef][0xbf][0xbd][0xef][0xbf][0xbd][0x1b]=[0xef][0xbf][0xbd]+E[0xdb][0x93][0x1f][0x10][0xef][0xbf][0xbd]{[0xef][0xbf][0xbd][0xef][0xbf][0xbd]C[0xef][0xbf][0xbd][0xb][0xef][0xbf][0xbd]V[0x9]B[0xef][0xbf][0xbd]P[0xef][0xbf][0xbd][0xef][0xbf][0xbd][0xef][0xbf][0xbd]6[0xef][0xbf][0xbd]>[0xef][0xbf][0xbd][0xef][0xbf][0xbd]k9[0xef][0xbf][0xbd][0xef][0xbf][0xbd]9&3[0x1c][0xef][0xbf][0xbd][0xef][0xbf][0xbd][0xef][0xbf][0xbd]^[0xef][0xbf][0xbd]F[0xef][0xbf][0xbd]Y[0xd7][0x95][0xef][0xbf][0xbd]?a[0xef][0xbf][0xbd][0xcb][0xb7][0xdb][0x98][0xef][0xbf][0xbd][0xef][0xbf][0xbd]L[0xef][0xbf][0xbd][0xef][0xbf][0xbd][0xef][0xbf][0xbd]t5[0xef][0xbf][0xbd]m0*[0xef][0xbf][0xbd][0xef][0xbf][0xbd][0xef][0xbf][0xbd][0xef][0xbf][0xbd][0x2]"[0xef][0xbf][0xbd][0xc6][0x82][0xef][0xbf][0xbd]a[0xef][0xbf][0xbd]w[0xef][0xbf][0xbd]}[0xef][0xbf][0xbd][0x5][0xef][0xbf][0xbd]pMp[0xef][0xbf][0xbd][0xef][0xbf][0xbd][0xef][0xbf][0xbd]wn[0xef][0xbf][0xbd]w[0xef][0xbf][0xbd][0xef][0xbf][0xbd]o[0x1e]Y=[0xef][0xbf][0xbd]>[0x1f]\^[0xef][0xbf][0xbd]b[0xef][0xbf][0xbd]R=K[0xef][0xbf][0xbd][0xef][0xbf][0xbd][0xef][0xbf][0xbd]Q[0x16][0xef][0xbf][0xbd])[0xef][0xbf][0xbd][0xef][0xbf][0xbd][0xef][0xbf][0xbd]W[0xc][0xf][0xef][0xbf][0xbd][0x1c][0xc2][0x9c][0xc][0xef][0xbf][0xbd][0xd9][0xbd]![0xef][0xbf][0xbd][0xef][0xbf][0xbd][0xef][0xbf][0xbd]`}[0x4]x[0xef][0xbf][0xbd]Cs#[0xef][0xbf][0xbd][0xef][0xbf][0xbd]1[0x7][0xef][0xbf][0xbd][0xef][0xbf][0xbd][0xef][0xbf][0xbd]9[0xef][0xbf][0xbd]J[0xef][0xbf][0xbd]7[0xef][0xbf][0xbd]][0xef][0xbf][0xbd]o[0xef][0xbf][0xbd][0xef][0xbf][0xbd]h[0xef][0xbf][0xbd][0xef][0xbf][0xbd][0x8],[0xef][0xbf][0xbd][0x7]d'[0x1c][0xef][0xbf][0xbd]p[0xef][0xbf][0xbd][0xef][0xbf][0xbd]`[0xef][0xbf][0xbd][0xef][0xbf][0xbd][0xef][0xbf][0xbd]k[0xef][0xbf][0xbd][0xef][0xbf][0xbd][0xef][0xbf][0xbd]U[0xef][0xbf][0xbd][0xe]S[0x19][0xef][0xbf][0xbd][0xef][0xbf][0xbd][0xef][0xbf][0xbd]x[0xef][0xbf][0xbd]E[0xef][0xbf][0xbd][0xef][0xbf][0xbd][0x2]|9[0xef][0xbf][0xbd]m[0x7]`c[0x1f]H[0xef][0xbf][0xbd]AyU"J[\r]x[0xef][0xbf][0xbd][0xef][0xbf][0xbd][0x13][0xef][0xbf][0xbd]z[0xd5][0x9c][0x12]^"D[0x1b]]#[0xef][0xbf][0xbd][0xef][0xbf][0xbd]s^g[0xef][0xbf][0xbd]{+e[0xef][0xbf][0xbd]e[0xef][0xbf][0xbd][0xef][0xbf][0xbd]?[0xef][0xbf][0xbd][0xef][0xbf][0xbd][0x9]x[0xef][0xbf][0xbd][0xef][0xbf][0xbd][0x0]+[0xef][0xbf][0xbd][0xef][0xbf][0xbd][0xe2][0x8e][0xaf][0xef][0xbf][0xbd]yH[0xef][0xbf][0xbd][0xef][0xbf][0xbd][0xef][0xbf][0xbd]F[0xef][0xbf][0xbd]1PpH}[0x19][0xef][0xbf][0xbd][0xef][0xbf][0xbd]?[0xef][0xbf][0xbd][0xef][0xbf][0xbd][0xef][0xbf][0xbd],[0xef][0xbf][0xbd][0xef][0xbf][0xbd]|[0x7][0xc5][0xa9][0xef][0xbf][0xbd]l[0xef][0xbf][0xbd]-[0xef][0xbf][0xbd],~.[0xef][0xbf][0xbd]11[0xef][0xbf][0xbd]u,[0xef][0xbf][0xbd]"[0xef][0xbf][0xbd][0x5]+[0xc7][0xb2][0xef][0xbf][0xbd][\r][0x1][0xef][0xbf][0xbd][0xef][0xbf][0xbd][0xef][0xbf][0xbd][0xef][0xbf][0xbd]G)[0xef][0xbf][0xbd][0xef][0xbf][0xbd];[0xef][0xbf][0xbd][0xef][0xbf][0xbd]*[0xef][0xbf][0xbd][0xef][0xbf][0xbd][0xef][0xbf][0xbd][0xef][0xbf][0xbd]N[0xef][0xbf][0xbd]p[0xef][0xbf][0xbd][0xef][0xbf][0xbd][0x9]1[0xef][0xbf][0xbd][0xd2][0xaf][0xef][0xbf][0xbd][0xef][0xbf][0xbd][0xef][0xbf][0xbd][0x1e][0xef][0xbf][0xbd]0[0x1e][0x3].5[0xef][0xbf][0xbd][0xef][0xbf][0xbd][0xef][0xbf][0xbd]e[0x1e][0xef][0xbf][0xbd][0xef][0xbf][0xbd][0x1]B[0xef][0xbf][0xbd][[0x1b][0xef][0xbf][0xbd][0xef][0xbf][0xbd][0xef][0xbf][0xbd]d$[0xef][0xbf][0xbd][0x13][0xef][0xbf][0xbd][0xef][0xbf][0xbd][0xef][0xbf][0xbd][0x5][0xef][0xbf][0xbd][0xef][0xbf][0xbd]}[0xef][0xbf][0xbd]e[0x1c]Aj[0xd4][0x84][0xd6][0x9b][0xef][0xbf][0xbd][0xca][0x8e][0xef][0xbf][0xbd][0xef][0xbf][0xbd]e=+[0xef][0xbf][0xbd]o[0xef][0xbf][0xbd][0xe5][0x99][0x89]7[0x10]{[0xef][0xbf][0xbd][0xef][0xbf][0xbd][0xef][0xbf][0xbd]G-[0xef][0xbf][0xbd]N[0xef][0xbf][0xbd][0xef][0xbf][0xbd]C4[\n]"
07:56:28.678 [main] DEBUG org.apache.http.wire -  >> "[0xef][0xbf][0xbd][0x3][0xef][0xbf][0xbd]*[0xef][0xbf][0xbd][0xef][0xbf][0xbd][0xef][0xbf][0xbd]J[0x13][0xcc][0x9e][0xef][0xbf][0xbd][0xc]JNG[0xef][0xbf][0xbd]Im[0xef][0xbf][0xbd][0x1b][0xef][0xbf][0xbd]3[0xf][0xef][0xbf][0xbd][0xef][0xbf][0xbd]/;[0xef][0xbf][0xbd].D[0xef][0xbf][0xbd][0xef][0xbf][0xbd][0xd4][0x9f](4[0x10][0x3][0xef][0xbf][0xbd][0xef][0xbf][0xbd][0x9],[0x8][0x0][0xef][0xbf][0xbd][0xef][0xbf][0xbd][0xef][0xbf][0xbd][0xef][0xbf][0xbd][0xef][0xbf][0xbd][0xef][0xbf][0xbd]D[0xef][0xbf][0xbd]2[0x17][0x0][0xef][0xbf][0xbd][0xef][0xbf][0xbd][0xef][0xbf][0xbd]V[0xef][0xbf][0xbd]\[0xef][0xbf][0xbd][0xef][0xbf][0xbd]Cc][0xef][0xbf][0xbd][0xef][0xbf][0xbd][0xd2][0x99][0xef][0xbf][0xbd][0xef][0xbf][0xbd][0xef][0xbf][0xbd][0xe6][0xb0][0xa9][0xef][0xbf][0xbd][0xef][0xbf][0xbd][0xef][0xbf][0xbd][0xef][0xbf][0xbd][0xef][0xbf][0xbd]F[0xe9][0xbc][0x8e]yhQ[0xd8][0xad]g[0xef][0xbf][0xbd][0xef][0xbf][0xbd]R[0xef][0xbf][0xbd][0x1c]B[0xef][0xbf][0xbd]P4[0x4][0x2][0xef][0xbf][0xbd]Aw[0xef][0xbf][0xbd]*#[0xef][0xbf][0xbd][0xef][0xbf][0xbd][0xef][0xbf][0xbd]RDm[0x18][0xef][0xbf][0xbd]B[0xef][0xbf][0xbd][0x9]t[0xef][0xbf][0xbd][0xef][0xbf][0xbd][0x1c]>[0xef][0xbf][0xbd][0xef][0xbf][0xbd]"[0xef][0xbf][0xbd][0x0][0xef][0xbf][0xbd]k[0xef][0xbf][0xbd][0x2]gY[0xef][0xbf][0xbd]r[0xef][0xbf][0xbd][0xcb][0xb4][0xef][0xbf][0xbd][0xef][0xbf][0xbd]{[0xef][0xbf][0xbd][0xef][0xbf][0xbd][0x1c]3[0xef][0xbf][0xbd]t[0x1f][0xef][0xbf][0xbd][\n]"
07:56:28.678 [main] DEBUG org.apache.http.wire -  >> "[0xef][0xbf][0xbd][0xef][0xbf][0xbd][0xef][0xbf][0xbd]1[0xef][0xbf][0xbd][0xef][0xbf][0xbd][0xef][0xbf][0xbd]H[0x1b]GCI[0xef][0xbf][0xbd][0xef][0xbf][0xbd][0xce][0x86][0xef][0xbf][0xbd]8[0xef][0xbf][0xbd]W)Ry[0xef][0xbf][0xbd]1[0xef][0xbf][0xbd][0xef][0xbf][0xbd][0xef][0xbf][0xbd]z[0x5]$[0xc][0xef][0xbf][0xbd]F[k4Z[0x6][0xef][0xbf][0xbd][0xef][0xbf][0xbd][0xef][0xbf][0xbd]}[0xef][0xbf][0xbd]#[0xef][0xbf][0xbd]SCp}[0x17][0xef][0xbf][0xbd]CW[0xef][0xbf][0xbd],r[0xef][0xbf][0xbd]g[0xef][0xbf][0xbd])E[0xed][0x82][0x91]g*=[0xef][0xbf][0xbd]C[0xef][0xbf][0xbd][0x16][0x8][0xef][0xbf][0xbd][0xef][0xbf][0xbd][0xef][0xbf][0xbd][0x8][\r]Ru  [0xef][0xbf][0xbd][0xd9][0x87]i3[0xef][0xbf][0xbd]sc[0x14][0xef][0xbf][0xbd]<[0xef][0xbf][0xbd][0xef][0xbf][0xbd]v[0xc][0xef][0xbf][0xbd]CL[0xef][0xbf][0xbd]F[0x1d][0x1e][0xef][0xbf][0xbd][0xef][0xbf][0xbd]>v[0xef][0xbf][0xbd][0xef][0xbf][0xbd]U[0xef][0xbf][0xbd][0xef][0xbf][0xbd][0x18][0xef][0xbf][0xbd][0xef][0xbf][0xbd][0x14][0xef][0xbf][0xbd][0xef][0xbf][0xbd][0x1e][0x2]gyz38u[0xef][0xbf][0xbd]o[0xef][0xbf][0xbd]-/[0xef][0xbf][0xbd][0xef][0xbf][0xbd]([0xef][0xbf][0xbd]g[0xef][0xbf][0xbd]T[0xef][0xbf][0xbd][0x17]p+[0xef][0xbf][0xbd]zy_[0xef][0xbf][0xbd][0xef][0xbf][0xbd][0xe2][0x8d][0x9d][0x17][0xef][0xbf][0xbd][0x1]w%w[0xef][0xbf][0xbd][0xef][0xbf][0xbd]][0xef][0xbf][0xbd][0xef][0xbf][0xbd]8[0xef][0xbf][0xbd]tF[0xef][0xbf][0xbd][0xef][0xbf][0xbd][0x15][0xef][0xbf][0xbd]Vs[0xef][0xbf][0xbd][0xef][0xbf][0xbd][0xb][0xef][0xbf][0xbd][0x10][0xef][0xbf][0xbd]*[0xef][0xbf][0xbd]t[0xef][0xbf][0xbd]N[\n]"
07:56:28.679 [main] DEBUG org.apache.http.wire -  >> "[0xef][0xbf][0xbd][0x0]H[0xef][0xbf][0xbd][0xc6][0xab][0xef][0xbf][0xbd][0x11][0xef][0xbf][0xbd]~[0x15][0xef][0xbf][0xbd][0xef][0xbf][0xbd]jw[0xef][0xbf][0xbd]x[0xef][0xbf][0xbd][0xef][0xbf][0xbd][0xef][0xbf][0xbd]i|[0xef][0xbf][0xbd][0xef][0xbf][0xbd][0xf][0xef][0xbf][0xbd]~Hc>[0xef][0xbf][0xbd][0x6][0xef][0xbf][0xbd]5Sr[0xef][0xbf][0xbd][0x9]([0xef][0xbf][0xbd][0xef][0xbf][0xbd][0x15]_e[0xef][0xbf][0xbd][0xef][0xbf][0xbd][0xef][0xbf][0xbd][0xef][0xbf][0xbd][0xef][0xbf][0xbd]f[0xc9][0x84]c[0xef][0xbf][0xbd][0xe3][0xa2][0x86][0xef][0xbf][0xbd]4q.1[0xef][0xbf][0xbd]F[0xef][0xbf][0xbd]\[0xef][0xbf][0xbd]%C[0xef][0xbf][0xbd]P[0xef][0xbf][0xbd]a[0xc7][0x83][0xef][0xbf][0xbd][0xef][0xbf][0xbd][0xef][0xbf][0xbd][0x4][0xef][0xbf][0xbd][0x1e][0x1f].<t%[0x1]![0x6]W[0xef][0xbf][0xbd][0xef][0xbf][0xbd][0xef][0xbf][0xbd][0xef][0xbf][0xbd]Qr[0xef][0xbf][0xbd]\L[0xef][0xbf][0xbd][0xef][0xbf][0xbd][0xef][0xbf][0xbd]3E[0xef][0xbf][0xbd][\n]"
07:56:28.679 [main] DEBUG org.apache.http.wire -  >> "[0xef][0xbf][0xbd][0xef][0xbf][0xbd]vd[0xef][0xbf][0xbd][0xef][0xbf][0xbd][0xef][0xbf][0xbd].|[0xef][0xbf][0xbd][0xef][0xbf][0xbd]X[0xef][0xbf][0xbd][0x14]7?[0xef][0xbf][0xbd][0xef][0xbf][0xbd]a[\n]"
07:56:28.679 [main] DEBUG org.apache.http.wire -  >> "?[0xdb][0xbd][0xef][0xbf][0xbd][0xef][0xbf][0xbd]d:?1[0xef][0xbf][0xbd][0xef][0xbf][0xbd][0xd7][0x8c]I`[0xef][0xbf][0xbd]1[0x19][0x1c][0xef][0xbf][0xbd][0x8][0xef][0xbf][0xbd]#[0xef][0xbf][0xbd][0xef][0xbf][0xbd]([0xef][0xbf][0xbd](:[0xef][0xbf][0xbd]|[0xc2][0xb9]0[0xe][0xef][0xbf][0xbd][0xef][0xbf][0xbd][0x0]([0xef][0xbf][0xbd]#[0xef][0xbf][0xbd][0xef][0xbf][0xbd][0x8][0xef][0xbf][0xbd]O[0x0]K[0xb]_[0xef][0xbf][0xbd]K[0xef][0xbf][0xbd]'[0x14]T[0xef][0xbf][0xbd]q}[0xef][0xbf][0xbd]o[0x7]p[0xef][0xbf][0xbd],HO[0xef][0xbf][0xbd]m[0xef][0xbf][0xbd][0xef][0xbf][0xbd][0xef][0xbf][0xbd]n[0xef][0xbf][0xbd]@[0xef][0xbf][0xbd][0xef][0xbf][0xbd]#l;[0x7][0xef][0xbf][0xbd]Ucj[0xef][0xbf][0xbd]Pc8[0xef][0xbf][0xbd][0xef][0xbf][0xbd]8[0xef][0xbf][0xbd][0xef][0xbf][0xbd][0xef][0xbf][0xbd][0xef][0xbf][0xbd][0x18][0xef][0xbf][0xbd][0x9][0xef][0xbf][0xbd][0x0][0xef][0xbf][0xbd]Z50[0xef][0xbf][0xbd]j#|[0xef][0xbf][0xbd][0xef][0xbf][0xbd]j[0xef][0xbf][0xbd]Y[0x15][0xef][0xbf][0xbd][0xc6][0xa5][0xef][0xbf][0xbd][0xef][0xbf][0xbd][0x6][0xef][0xbf][0xbd][0xef][0xbf][0xbd].[0xef][0xbf][0xbd][0xef][0xbf][0xbd].[0xef][0xbf][0xbd]}[0xef][0xbf][0xbd]|[0xef][0xbf][0xbd][0x1a]v[0x10]{[0x5][0xef][0xbf][0xbd][0xef][0xbf][0xbd][0xef][0xbf][0xbd]'FV[0xef][0xbf][0xbd]1[0xc6][0x91]&}[0xef][0xbf][0xbd][\n]"
07:56:28.679 [main] DEBUG org.apache.http.wire -  >> "+&!"j[0xef][0xbf][0xbd]IO[0xef][0xbf][0xbd]I[0xef][0xbf][0xbd][0xef][0xbf][0xbd]^[0x16][0xef][0xbf][0xbd][0xc]+y%[0x2]3[0xc]P[0xef][0xbf][0xbd]{[0x16][0xef][0xbf][0xbd][0xef][0xbf][0xbd]3[0xc]o[0xef][0xbf][0xbd][0xef][0xbf][0xbd][0xb][0xef][0xbf][0xbd][0x4][0xda][0x94][0xef][0xbf][0xbd][0xef][0xbf][0xbd]/p"[0xef][0xbf][0xbd]>f;[0x14]<[0xef][0xbf][0xbd]pW[0xef][0xbf][0xbd][0xef][0xbf][0xbd]f[0xef][0xbf][0xbd]n[0xcc][0xa4][0xef][0xbf][0xbd][0xef][0xbf][0xbd][0xef][0xbf][0xbd][0xef][0xbf][0xbd][0xef][0xbf][0xbd][0xef][0xbf][0xbd][0xe][0xef][0xbf][0xbd]V[0xef][0xbf][0xbd]s[0xef][0xbf][0xbd]f[0xef][0xbf][0xbd][0xef][0xbf][0xbd]9[0xef][0xbf][0xbd][0xef][0xbf][0xbd][0x1f][0xef][0xbf][0xbd][0xef][0xbf][0xbd][0xef][0xbf][0xbd]Y[0xc6][0xa9]M[0xef][0xbf][0xbd][0x1c][0x1c]%[0xef][0xbf][0xbd][0xef][0xbf][0xbd][0xef][0xbf][0xbd]u[0xef][0xbf][0xbd][0xef][0xbf][0xbd][0xef][0xbf][0xbd]1;HQX[0xef][0xbf][0xbd][0xef][0xbf][0xbd][0x17][0xce][0x95][0x1e]_[0xef][0xbf][0xbd]P;[0xef][0xbf][0xbd][0xef][0xbf][0xbd][0xef][0xbf][0xbd]r#m[0xef][0xbf][0xbd][0xef][0xbf][0xbd][0xef][0xbf][0xbd][0xef][0xbf][0xbd][0xef][0xbf][0xbd]dC[0xef][0xbf][0xbd]:[0x7][0x16]Z[0x19][0xef][0xbf][0xbd][0xef][0xbf][0xbd]g[0xef][0xbf][0xbd][0x1c][0xef][0xbf][0xbd]tz[0xef][0xbf][0xbd]}[0xef][0xbf][0xbd]\[0x1a],[0x1e][0x2]zl[0xef][0xbf][0xbd]j[0xef][0xbf][0xbd]@}4L-[0x19][0xef][0xbf][0xbd][0xef][0xbf][0xbd][0xef][0xbf][0xbd][0xef][0xbf][0xbd][0xef][0xbf][0xbd][0xef][0xbf][0xbd]B[0x1a][0x18]m[0xef][0xbf][0xbd][0xef][0xbf][0xbd]~[0xef][0xbf][0xbd][0xef][0xbf][0xbd][0xef][0xbf][0xbd]{[0xef][0xbf][0xbd][0xef][0xbf][0xbd][0xef][0xbf][0xbd]n~[0xef][0xbf][0xbd][0xd2][0x82]@[0xef][0xbf][0xbd]8L[0xef][0xbf][0xbd][0xef][0xbf][0xbd]o[0xef][0xbf][0xbd][0xef][0xbf][0xbd][0xef][0xbf][0xbd]uU[\r]$A[0xef][0xbf][0xbd][0xef][0xbf][0xbd][0xef][0xbf][0xbd]X[0x19]7[0xef][0xbf][0xbd]dC[0xef][0xbf][0xbd][0xef][0xbf][0xbd]@[0x11]pA[0xef][0xbf][0xbd][0xef][0xbf][0xbd]s[0x3]![\r]\f[0xef][0xbf][0xbd]B[0xef][0xbf][0xbd][0xef][0xbf][0xbd][0xef][0xbf][0xbd]M[0xef][0xbf][0xbd])5k[0xdb][0xac][0xef][0xbf][0xbd]G[0xef][0xbf][0xbd]}[0xef][0xbf][0xbd][0xef][0xbf][0xbd][0x1e][0x18]CfjOs[0xef][0xbf][0xbd]E"
07:56:28.679 [main] DEBUG org.apache.http.wire -  >> "[0xef][0xbf][0xbd][0xef][0xbf][0xbd]Y[0xef][0xbf][0xbd][0xef][0xbf][0xbd][0xef][0xbf][0xbd][0x1b]L![0xd4][0xbf][0xef][0xbf][0xbd]od[0xef][0xbf][0xbd][0xef][0xbf][0xbd][0xef][0xbf][0xbd][0xef][0xbf][0xbd]1[0xef][0xbf][0xbd][0xef][0xbf][0xbd]9:^I[0xef][0xbf][0xbd]7[0xef][0xbf][0xbd][0xef][0xbf][0xbd][0xc]n[\n]"
07:56:28.680 [main] DEBUG org.apache.http.wire -  >> "h0}#O[0xd0][0x98][0xef][0xbf][0xbd][0xef][0xbf][0xbd]aQ[0xef][0xbf][0xbd][0xef][0xbf][0xbd]7[0xef][0xbf][0xbd][0xef][0xbf][0xbd][0xef][0xbf][0xbd][0xef][0xbf][0xbd][0xef][0xbf][0xbd]W[0xef][0xbf][0xbd][0xef][0xbf][0xbd][0xef][0xbf][0xbd]?x[0xef][0xbf][0xbd]W[0xef][0xbf][0xbd][0xef][0xbf][0xbd][0xef][0xbf][0xbd][0xef][0xbf][0xbd][0xef][0xbf][0xbd][0xef][0xbf][0xbd]=[0xef][0xbf][0xbd][0xef][0xbf][0xbd]vo[0xc][0xef][0xbf][0xbd][0x9][0x2][0x8]A([0xef][0xbf][0xbd][0xef][0xbf][0xbd][0xef][0xbf][0xbd][0x4]Y<c[0xef][0xbf][0xbd]e[0x1c],T[0xef][0xbf][0xbd][0xef][0xbf][0xbd]A[0x4][0xef][0xbf][0xbd]r[0xef][0xbf][0xbd][0xef][0xbf][0xbd]f[[0xef][0xbf][0xbd]A[0xef][0xbf][0xbd][0xef][0xbf][0xbd]6[0xef][0xbf][0xbd][0xef][0xbf][0xbd][0xef][0xbf][0xbd][0xef][0xbf][0xbd]9,[0xef][0xbf][0xbd][0xef][0xbf][0xbd][0xef][0xbf][0xbd][0xef][0xbf][0xbd][0x7][0xef][0xbf][0xbd][0xef][0xbf][0xbd]GEs[0xc6][0x8b][0xef][0xbf][0xbd][0xef][0xbf][0xbd][0xef][0xbf][0xbd][0xef][0xbf][0xbd]Z`[0xef][0xbf][0xbd]48[0xef][0xbf][0xbd]\h[0xef][0xbf][0xbd][0x15]d9[0xef][0xbf][0xbd]EE8[0xef][0xbf][0xbd]5[0xef][0xbf][0xbd][0xef][0xbf][0xbd][0xef][0xbf][0xbd]1F8[0xef][0xbf][0xbd][0xef][0xbf][0xbd]KF[0xef][0xbf][0xbd]L[0xef][0xbf][0xbd]$X[0xef][0xbf][0xbd][0x1a][0xef][0xbf][0xbd]yz{[0xef][0xbf][0xbd]4[0xef][0xbf][0xbd].[0xef][0xbf][0xbd][0xef][0xbf][0xbd][0x9]S[0x13][0xef][0xbf][0xbd]B[0xef][0xbf][0xbd]=dX[0xef][0xbf][0xbd][0xef][0xbf][0xbd]FM[0x1d][0xef][0xbf][0xbd],<9[0xef][0xbf][0xbd]sg[0x6]X[0xef][0xbf][0xbd]2[0xef][0xbf][0xbd][0x15][0x11][0xef][0xbf][0xbd][0xef][0xbf][0xbd][0xef][0xbf][0xbd][0xef][0xbf][0xbd]#[0xef][0xbf][0xbd][0xf][0xef][0xbf][0xbd][0xef][0xbf][0xbd][0xef][0xbf][0xbd][0xef][0xbf][0xbd][0xef][0xbf][0xbd][0xef][0xbf][0xbd][0xef][0xbf][0xbd][0xef][0xbf][0xbd]K[0xef][0xbf][0xbd]^[0xef][0xbf][0xbd]\[0xef][0xbf][0xbd]\[0x5]d[0xef][0xbf][0xbd][0x1c][0xe8][0xa4][0x81]BY[0xcd][0xa6]j[0x0][0xef][0xbf][0xbd]yfK[0xf][0xef][0xbf][0xbd]3QM[0xef][0xbf][0xbd]"[0xef][0xbf][0xbd][0xef][0xbf][0xbd]i< h[0x3][0xd6][0x96]l[0xdd][0x99]w[0xef][0xbf][0xbd]3d[0xef][0xbf][0xbd]E[0xef][0xbf][0xbd]GB;AG[0xef][0xbf][0xbd]Z$i^m[0xcf][0x8f]\+[0xef][0xbf][0xbd][0xef][0xbf][0xbd][0xef][0xbf][0xbd]#2V[0xf]f[0xef][0xbf][0xbd][0xef][0xbf][0xbd]8[0x1e][0xd3][0xa4]C[0x6][0xef][0xbf][0xbd][0x0]e[0xef][0xbf][0xbd]I7[0xef][0xbf][0xbd][0xcf][0x99][0xef][0xbf][0xbd][0x1b][0xef][0xbf][0xbd][0xef][0xbf][0xbd]V[0xef][0xbf][0xbd][0xef][0xbf][0xbd](Y[0xef][0xbf][0xbd][0x19]Y- [0xef][0xbf][0xbd][0xcc][0xa9][0xef][0xbf][0xbd][0x17][0x1b][0xef][0xbf][0xbd][0x1e][0xef][0xbf][0xbd][0xef][0xbf][0xbd][0x19][0xef][0xbf][0xbd])[0xef][0xbf][0xbd]V[0x1f][0x0][0xef][0xbf][0xbd][0xec][0x86][0x9e][0xef][0xbf][0xbd]>[0xef][0xbf][0xbd]qE[0x19][0xef][0xbf][0xbd][0x18][0xef][0xbf][0xbd]8`[0xef][0xbf][0xbd][0xef][0xbf][0xbd][0xef][0xbf][0xbd][0x1c][0xc][0xef][0xbf][0xbd][0xef][0xbf][0xbd][0xef][0xbf][0xbd][0xef][0xbf][0xbd][0xef][0xbf][0xbd][0xef][0xbf][0xbd][0xef][0xbf][0xbd][0xef][0xbf][0xbd][0x1b][0xef][0xbf][0xbd][0xef][0xbf][0xbd][0x1f][0xef][0xbf][0xbd]=[0x7][0xef][0xbf][0xbd][0xef][0xbf][0xbd]T[0xef][0xbf][0xbd][0xef][0xbf][0xbd]A[0xef][0xbf][0xbd][0xf][0xef][0xbf][0xbd][0xef][0xbf][0xbd][0xef][0xbf][0xbd]W[0xef][0xbf][0xbd]d[0x1d]X[0xef][0xbf][0xbd]f[0x3][0xef][0xbf][0xbd][0x18][0xef][0xbf][0xbd][0xef][0xbf][0xbd][0xef][0xbf][0xbd][0xef][0xbf][0xbd][\n]"
07:56:28.680 [main] DEBUG org.apache.http.wire -  >> "[[0xef][0xbf][0xbd][0xef][0xbf][0xbd][0x19][0xef][0xbf][0xbd][0xef][0xbf][0xbd][0xde][0x94][0xef][0xbf][0xbd][0xef][0xbf][0xbd]l(i[0xef][0xbf][0xbd]&[0xef][0xbf][0xbd]W[0xef][0xbf][0xbd]G[0xef][0xbf][0xbd][0xef][0xbf][0xbd]}d[0xef][0xbf][0xbd][0xef][0xbf][0xbd]i[0x1d][0xef][0xbf][0xbd],[0xef][0xbf][0xbd][0xef][0xbf][0xbd][0xef][0xbf][0xbd]s"[0xef][0xbf][0xbd][0xef][0xbf][0xbd][0xef][0xbf][0xbd][0xef][0xbf][0xbd]+k[0xef][0xbf][0xbd][0xef][0xbf][0xbd]a[0xef][0xbf][0xbd][0xef][0xbf][0xbd]A1[0xf],Q[0xef][0xbf][0xbd]V[0xef][0xbf][0xbd]v[0xef][0xbf][0xbd][0xef][0xbf][0xbd][0xef][0xbf][0xbd][0xef][0xbf][0xbd][0x2][0xef][0xbf][0xbd][0xef][0xbf][0xbd][0x12]l[0xef][0xbf][0xbd][0xef][0xbf][0xbd][0xef][0xbf][0xbd][0xb][0x19]+[0xef][0xbf][0xbd][0xef][0xbf][0xbd],A[0xef][0xbf][0xbd]$[0xef][0xbf][0xbd][0xef][0xbf][0xbd][0xef][0xbf][0xbd]+[0xef][0xbf][0xbd]5[0xef][0xbf][0xbd][0xef][0xbf][0xbd]c[0xef][0xbf][0xbd]wi[0xef][0xbf][0xbd][0x6]p[0xef][0xbf][0xbd]tj`L[0xef][0xbf][0xbd][0xef][0xbf][0xbd][0xef][0xbf][0xbd]n[0xef][0xbf][0xbd]T"[0x4][0xef][0xbf][0xbd]k[0xef][0xbf][0xbd][0xef][0xbf][0xbd]L[0xef][0xbf][0xbd]J[0x1c][0xef][0xbf][0xbd]$s-{[0xef][0xbf][0xbd]P/[0xef][0xbf][0xbd][0xef][0xbf][0xbd]~[0xef][0xbf][0xbd][0xef][0xbf][0xbd]K[0xef][0xbf][0xbd][0x19][0xcc][0xbc][0xb][0x1c][0x5]o[0xef][0xbf][0xbd]Ky[\r]ez[0xef][0xbf][0xbd][0xef][0xbf][0xbd]R[0xef][0xbf][0xbd][0x15][0xef][0xbf][0xbd].^{#[0xef][0xbf][0xbd]+[0xcf][0x8d][0xef][0xbf][0xbd][0x1b][0x14][0xef][0xbf][0xbd]6[0xef][0xbf][0xbd][0xef][0xbf][0xbd]4f[0xef][0xbf][0xbd][0xef][0xbf][0xbd]U[0xef][0xbf][0xbd]i[0xef][0xbf][0xbd]W@[0xef][0xbf][0xbd][0xef][0xbf][0xbd][0xef][0xbf][0xbd][0xef][0xbf][0xbd][0xef][0xbf][0xbd]8[0xef][0xbf][0xbd][0xef][0xbf][0xbd][0xef][0xbf][0xbd][0xef][0xbf][0xbd][0x18]G[0x2][0xef][0xbf][0xbd][0x4]m[0xef][0xbf][0xbd];C[0xef][0xbf][0xbd][0xef][0xbf][0xbd][0xef][0xbf][0xbd][0xef][0xbf][0xbd][0xef][0xbf][0xbd][0x14][0xef][0xbf][0xbd][0xc6][0xb9][0xef][0xbf][0xbd]7tY[0xef][0xbf][0xbd][0xef][0xbf][0xbd]xh[\r][0xe]I/g[0xef][0xbf][0xbd][0xef][0xbf][0xbd][0x18]~[0xef][0xbf][0xbd][0xef][0xbf][0xbd]|[0xef][0xbf][0xbd][0xef][0xbf][0xbd]NL[0xef][0xbf][0xbd][0xef][0xbf][0xbd]fT[0xef][0xbf][0xbd]W[0xef][0xbf][0xbd][0xef][0xbf][0xbd]j[[0x9][0xef][0xbf][0xbd][0xef][0xbf][0xbd][0xef][0xbf][0xbd],[0xef][0xbf][0xbd]C[0xef][0xbf][0xbd][0xef][0xbf][0xbd]>[0xef][0xbf][0xbd][0xef][0xbf][0xbd][0xef][0xbf][0xbd]H[0xef][0xbf][0xbd]K[0xef][0xbf][0xbd]4[0xef][0xbf][0xbd]b[0xf][0xef][0xbf][0xbd]`[0xef][0xbf][0xbd][0xef][0xbf][0xbd][\r][0xef][0xbf][0xbd]_[0xef][0xbf][0xbd][0xef][0xbf][0xbd][0x17][0xef][0xbf][0xbd]~[0x1][0xef][0xbf][0xbd][0xef][0xbf][0xbd][0xef][0xbf][0xbd][0x14][0xef][0xbf][0xbd]~[0xef][0xbf][0xbd]o[0xef][0xbf][0xbd]g[0xef][0xbf][0xbd]9/[0xec][0x83][0x8c][0xef][0xbf][0xbd][0x13]u[0xef][0xbf][0xbd][0x4]9 [0xef][0xbf][0xbd]}[0xef][0xbf][0xbd][0xda][0xb9][0xef][0xbf][0xbd]t[0xef][0xbf][0xbd]b[0xef][0xbf][0xbd][0xc6][0x98][0xef][0xbf][0xbd][0xef][0xbf][0xbd]x[0xef][0xbf][0xbd]j{[0x9][0xf3][0xba][0xa8][0xb0]0[0xef][0xbf][0xbd][0xef][0xbf][0xbd][0xef][0xbf][0xbd][0xef][0xbf][0xbd]Bv[0xef][0xbf][0xbd][0xef][0xbf][0xbd]^bI[0x0]Im[0xef][0xbf][0xbd][0xef][0xbf][0xbd][0xef][0xbf][0xbd][0x9][0x1c][0xef][0xbf][0xbd][0xef][0xbf][0xbd][0xef][0xbf][0xbd][0x6]h.[0xe9][0x8c][0x95][0xef][0xbf][0xbd]ZA[0xef][0xbf][0xbd][0xef][0xbf][0xbd][0xc6][0xab][0x1e][0xc7][0xa2]>l<9[0x3][0xf]7K[0xef][0xbf][0xbd]f[0xc3][0x8a][0xef][0xbf][0xbd]XwcuZ[0xef][0xbf][0xbd][\r][0xef][0xbf][0xbd]%[0xef][0xbf][0xbd][0xef][0xbf][0xbd]D[0xef][0xbf][0xbd]Vt[0xef][0xbf][0xbd][0x8][0xef][0xbf][0xbd][0xef][0xbf][0xbd]E"[0xef][0xbf][0xbd]F[0xef][0xbf][0xbd][0x10][0xef][0xbf][0xbd][0x1]Pb[0x1b]0[0xef][0xbf][0xbd][0xef][0xbf][0xbd]y[0xef][0xbf][0xbd][0x6][0xef][0xbf][0xbd]K[0xef][0xbf][0xbd][[0xef][0xbf][0xbd][0xef][0xbf][0xbd]?[0xef][0xbf][0xbd][0x4][0xef][0xbf][0xbd]U[0xef][0xbf][0xbd],C[0xef][0xbf][0xbd][0xef][0xbf][0xbd][0xef][0xbf][0xbd][0xef][0xbf][0xbd][0xef][0xbf][0xbd][0xef][0xbf][0xbd]h][0x16][0xef][0xbf][0xbd][0x5][0xef][0xbf][0xbd]R[0xef][0xbf][0xbd]RZ[0xef][0xbf][0xbd][0xef][0xbf][0xbd]AF4[0x16][0xc5][0x98][0xef][0xbf][0xbd][0xef][0xbf][0xbd]Z[0xef][0xbf][0xbd]X[0xef][0xbf][0xbd]D[0xef][0xbf][0xbd]M[0xc][0x8][0xef][0xbf][0xbd][0xef][0xbf][0xbd][0xef][0xbf][0xbd][0xef][0xbf][0xbd][0xef][0xbf][0xbd]h8[0x10][0xef][0xbf][0xbd][0x12][0xef][0xbf][0xbd]\1[0xef][0xbf][0xbd]<|[0xef][0xbf][0xbd][0xef][0xbf][0xbd]b/[0xef][0xbf][0xbd][0xef][0xbf][0xbd]<_L[0x9][0xef][0xbf][0xbd][0x13]xq[0xef][0xbf][0xbd]1[0xef][0xbf][0xbd]/[0xef][0xbf][0xbd][0xef][0xbf][0xbd][0x16]l[0xef][0xbf][0xbd][0xef][0xbf][0xbd]X[0x0][0xef][0xbf][0xbd]@[0xef][0xbf][0xbd][0xb]A)[0xef][0xbf][0xbd][0xef][0xbf][0xbd][0xef][0xbf][0xbd][0xef][0xbf][0xbd]V[0x16]L{A[0x4][0xef][0xbf][0xbd][0xef][0xbf][0xbd]qB[0xef][0xbf][0xbd]K#[0xef][0xbf][0xbd][0xef][0xbf][0xbd][0xef][0xbf][0xbd][0xef][0xbf][0xbd]sf[0xef][0xbf][0xbd]*[0xef][0xbf][0xbd]^[0xef][0xbf][0xbd][0xef][0xbf][0xbd][0xef][0xbf][0xbd]EW\y[0xd0][0x91]Ga[0xef][0xbf][0xbd].[0x9][0xef][0xbf][0xbd];[0xef][0xbf][0xbd][0xef][0xbf][0xbd][0xef][0xbf][0xbd]Kzd[0xef][0xbf][0xbd][0xef][0xbf][0xbd][0xef][0xbf][0xbd][0xef][0xbf][0xbd]g[0xef][0xbf][0xbd][0xef][0xbf][0xbd][0xef][0xbf][0xbd]_[0xef][0xbf][0xbd][0xef][0xbf][0xbd][0xef][0xbf][0xbd][<[0xef][0xbf][0xbd][0xef][0xbf][0xbd]-[0xef][0xbf][0xbd]i[0xef][0xbf][0xbd],[0xef][0xbf][0xbd][0xef][0xbf][0xbd][0xef][0xbf][0xbd][0xef][0xbf][0xbd],[0xef][0xbf][0xbd][0xef][0xbf][0xbd][0xef][0xbf][0xbd][0xef][0xbf][0xbd]K[0xef][0xbf][0xbd][0xef][0xbf][0xbd]Bc'[0xef][0xbf][0xbd][0x13][0xef][0xbf][0xbd][0xef][0xbf][0xbd][0xef][0xbf][0xbd][0x7]F1[0x13]0|Cc[0xef][0xbf][0xbd][0xef][0xbf][0xbd][0xef][0xbf][0xbd]V2[0xef][0xbf][0xbd][0xef][0xbf][0xbd][0xef][0xbf][0xbd]1a)[0xef][0xbf][0xbd]e[0xef][0xbf][0xbd]0[0xef][0xbf][0xbd][0xef][0xbf][0xbd]([0xef][0xbf][0xbd][0xef][0xbf][0xbd]k[0x13][0xef][0xbf][0xbd][0xef][0xbf][0xbd]&.'g[0xef][0xbf][0xbd]=[0xef][0xbf][0xbd][0x1c][0x15][0xef][0xbf][0xbd]He[0xef][0xbf][0xbd][0xef][0xbf][0xbd][0xef][0xbf][0xbd][0xc][0xe]t[0xef][0xbf][0xbd].9[0xef][0xbf][0xbd][0x0][0xef][0xbf][0xbd][0xef][0xbf][0xbd][0xef][0xbf][0xbd]F[0xef][0xbf][0xbd]hT[0xef][0xbf][0xbd]7[0x12]c[0xef][0xbf][0xbd]7h[0xef][0xbf][0xbd]LJ[0xef][0xbf][0xbd]3[0x1b]S#^[0xc][0x7][0xef][0xbf][0xbd][0xef][0xbf][0xbd]\[0xd1][0x93][0xc8][0xa2][0x13]I[0xef][0xbf][0xbd][0x18][0x1e]0%Jk[0xef][0xbf][0xbd]@[0xef][0xbf][0xbd][\n]"
07:56:28.681 [main] DEBUG org.apache.http.wire -  >> "([0xef][0xbf][0xbd][0x13][0xef][0xbf][0xbd][0xef][0xbf][0xbd][0xef][0xbf][0xbd][0xef][0xbf][0xbd][0xef][0xbf][0xbd][0xef][0xbf][0xbd][0xef][0xbf][0xbd]bo[0xef][0xbf][0xbd][0x1a]=$%[0xef][0xbf][0xbd]X[0xef][0xbf][0xbd]f[0xef][0xbf][0xbd][0xef][0xbf][0xbd]PAkM[0x8]q[0x1d][0xef][0xbf][0xbd][0xef][0xbf][0xbd][0x14]j[0xef][0xbf][0xbd][0xef][0xbf][0xbd]41I[0xef][0xbf][0xbd][0xef][0xbf][0xbd];[0xef][0xbf][0xbd][0xef][0xbf][0xbd][0x0]]\[0xef][0xbf][0xbd][0xef][0xbf][0xbd][0xef][0xbf][0xbd],[0x1c]6[0xef][0xbf][0xbd][0xef][0xbf][0xbd]S-Cq[0xef][0xbf][0xbd]{[0xef][0xbf][0xbd]o[[0xd4][0x9b][0xc][0x9]z[0xef][0xbf][0xbd]|[0xef][0xbf][0xbd]Z[0xef][0xbf][0xbd][0xef][0xbf][0xbd]K[0x1a][0x7]F[0xef][0xbf][0xbd][0xef][0xbf][0xbd]*[0xef][0xbf][0xbd][0xef][0xbf][0xbd][0xef][0xbf][0xbd]$`F[0xef][0xbf][0xbd][0xef][0xbf][0xbd][0xef][0xbf][0xbd][0x1e][0xef][0xbf][0xbd]i[0xef][0xbf][0xbd][0xef][0xbf][0xbd][0x1f][0xef][0xbf][0xbd][0xef][0xbf][0xbd][0xef][0xbf][0xbd][0x4]L[0xef][0xbf][0xbd]J[0xef][0xbf][0xbd][0xef][0xbf][0xbd]>[0xef][0xbf][0xbd]m[0xef][0xbf][0xbd]8[0xef][0xbf][0xbd][0xef][0xbf][0xbd]KR[0xef][0xbf][0xbd]A[0xef][0xbf][0xbd]o[0xef][0xbf][0xbd]f[0xef][0xbf][0xbd]ce[0x8]b[0xef][0xbf][0xbd][0xef][0xbf][0xbd]\[0xef][0xbf][0xbd]&;[0xef][0xbf][0xbd][0xef][0xbf][0xbd][0xef][0xbf][0xbd].[0xef][0xbf][0xbd][0xef][0xbf][0xbd][0xef][0xbf][0xbd]3[0xef][0xbf][0xbd]Q[0xef][0xbf][0xbd][0xef][0xbf][0xbd]8[0xef][0xbf][0xbd]X[0xef][0xbf][0xbd]d[0xef][0xbf][0xbd]EF&[0xef][0xbf][0xbd][0xc][0x1f][0xef][0xbf][0xbd]]1m[0xd3][0xbc]PL8[0xef][0xbf][0xbd][0xd5][0x9c][0xef][0xbf][0xbd]1[0xef][0xbf][0xbd]>[0xef][0xbf][0xbd][0xef][0xbf][0xbd]bpJ[0xef][0xbf][0xbd]p[0xef][0xbf][0xbd][0xef][0xbf][0xbd][0xef][0xbf][0xbd]7z[0xef][0xbf][0xbd][0xef][0xbf][0xbd][0xef][0xbf][0xbd][0xef][0xbf][0xbd]g_|[0xef][0xbf][0xbd]W[0xef][0xbf][0xbd][0xc7][0xad][0xef][0xbf][0xbd][0xef][0xbf][0xbd][0xef][0xbf][0xbd]=[0xef][0xbf][0xbd][0xef][0xbf][0xbd][0xef][0xbf][0xbd][0xef][0xbf][0xbd][0xc6][0xb6][0xef][0xbf][0xbd]7[0xef][0xbf][0xbd][0xef][0xbf][0xbd][0xef][0xbf][0xbd]$:[0xef][0xbf][0xbd]"[0xef][0xbf][0xbd][0xef][0xbf][0xbd][0xd1][0x86][0xef][0xbf][0xbd][0xef][0xbf][0xbd][0xef][0xbf][0xbd]1[0xef][0xbf][0xbd][0xef][0xbf][0xbd]0I[0x0][0x4][0xef][0xbf][0xbd][0xe][0x15]F[0xef][0xbf][0xbd][0xef][0xbf][0xbd]5[0xef][0xbf][0xbd][0x11]i>[0xef][0xbf][0xbd]e[0xef][0xbf][0xbd]d[0xef][0xbf][0xbd][0xef][0xbf][0xbd][0xef][0xbf][0xbd]io[0xef][0xbf][0xbd][0xef][0xbf][0xbd]i[0xef][0xbf][0xbd]}z[0xef][0xbf][0xbd]Z[0xef][0xbf][0xbd][0xef][0xbf][0xbd][0xef][0xbf][0xbd]N[0xef][0xbf][0xbd][0xef][0xbf][0xbd]X[0xef][0xbf][0xbd][0xef][0xbf][0xbd][0xc6][0x80][0xef][0xbf][0xbd][0xef][0xbf][0xbd]c\[0xef][0xbf][0xbd]t[0xef][0xbf][0xbd];[0x5]D?R[0xef][0xbf][0xbd][0xef][0xbf][0xbd][0xc][0xef][0xbf][0xbd][0x13])[0x1a][0xef][0xbf][0xbd][0x2][0xdd][0xbe]k[0x1b]HS`[0xef][0xbf][0xbd][0xef][0xbf][0xbd][0xef][0xbf][0xbd][0xef][0xbf][0xbd]Q[0xef][0xbf][0xbd]:[0xef][0xbf][0xbd][0xef][0xbf][0xbd][0xef][0xbf][0xbd]8[0xef][0xbf][0xbd][0x9][0xef][0xbf][0xbd][0x16][0xef][0xbf][0xbd]3i[0xef][0xbf][0xbd][0xef][0xbf][0xbd]T{E^[0xef][0xbf][0xbd][0xef][0xbf][0xbd][0xef][0xbf][0xbd][0xef][0xbf][0xbd]A[0xef][0xbf][0xbd]r[0xef][0xbf][0xbd]Xa[0xef][0xbf][0xbd][\r]Z[0x12]R[0xef][0xbf][0xbd][0xef][0xbf][0xbd]P[0xef][0xbf][0xbd][0xef][0xbf][0xbd]&[0xef][0xbf][0xbd][0xef][0xbf][0xbd][0xef][0xbf][0xbd][0xc8][0x94][0x1f]<y[0xef][0xbf][0xbd]8_zd@mb[0x1b][0x19][0xef][0xbf][0xbd][0xef][0xbf][0xbd][0xef][0xbf][0xbd][0xef][0xbf][0xbd]z[0xef][0xbf][0xbd] [0x7][0xef][0xbf][0xbd][0x2]4[0xef][0xbf][0xbd][0xef][0xbf][0xbd][0x8]([0xef][0xbf][0xbd]}[0xef][0xbf][0xbd][Sqt.[0xef][0xbf][0xbd][0xef][0xbf][0xbd]W?[0xef][0xbf][0xbd] [0x1a]/[0xef][0xbf][0xbd][0x6][0xef][0xbf][0xbd][0xef][0xbf][0xbd]%[0x17][0xef][0xbf][0xbd][0x8]yd[0xef][0xbf][0xbd][0xef][0xbf][0xbd][x:[0xef][0xbf][0xbd][0x9][0xef][0xbf][0xbd][0xef][0xbf][0xbd][0xef][0xbf][0xbd][0xef][0xbf][0xbd]@[0x10]I,8[0xef][0xbf][0xbd][0xef][0xbf][0xbd]ID^[0xef][0xbf][0xbd]V[!y[0xef][0xbf][0xbd]N[0xef][0xbf][0xbd][0xef][0xbf][0xbd][0xef][0xbf][0xbd]_[0xef][0xbf][0xbd][0xef][0xbf][0xbd]@[0x14]$[0xef][0xbf][0xbd][0xef][0xbf][0xbd][0xef][0xbf][0xbd][0x0][0xef][0xbf][0xbd][0xef][0xbf][0xbd][0x17][0xef][0xbf][0xbd][0xef][0xbf][0xbd][0xda][0xb7]s [0xef][0xbf][0xbd]*V[0x0][0xef][0xbf][0xbd]5[0xef][0xbf][0xbd]e[0x12][0xef][0xbf][0xbd] [0xef][0xbf][0xbd]2[0xef][0xbf][0xbd][0xc3][0x8d][0xef][0xbf][0xbd][0xef][0xbf][0xbd][0xef][0xbf][0xbd][0xef][0xbf][0xbd][0xef][0xbf][0xbd][0xef][0xbf][0xbd]>[0x10]<@[0xef][0xbf][0xbd][0x9][0xef][0xbf][0xbd]cmos[0xef][0xbf][0xbd]kf[0x3]W[0xef][0xbf][0xbd]E9U[0xef][0xbf][0xbd][0xef][0xbf][0xbd]&[0xc5][0x92]2[\r][0xef][0xbf][0xbd] [0xdb][0x86]cxe[0xef][0xbf][0xbd]G[0xef][0xbf][0xbd][0x6]b[0x1f]\y[0xef][0xbf][0xbd][0xef][0xbf][0xbd]{[0xef][0xbf][0xbd]?'[0xef][0xbf][0xbd][0xef][0xbf][0xbd][0xef][0xbf][0xbd]&5P[0xc5][0x99]J[0x1b][0xef][0xbf][0xbd][\n]"
07:56:28.681 [main] DEBUG org.apache.http.wire -  >> "muS[0xef][0xbf][0xbd][0xef][0xbf][0xbd][0xef][0xbf][0xbd]L[0xef][0xbf][0xbd]W[0xef][0xbf][0xbd]o[0x14]{[0xef][0xbf][0xbd] I#)@[0xef][0xbf][0xbd][0xef][0xbf][0xbd]?[0xef][0xbf][0xbd]8[0xef][0xbf][0xbd]xu[0xef][0xbf][0xbd][0xef][0xbf][0xbd]E[0xef][0xbf][0xbd][0x19][0xef][0xbf][0xbd]9[0xc][0x5]F[0x4][0x15]i[0xdd][0xa1]Ci[0xef][0xbf][0xbd]VEBH[0xd1][0x93][0xd9][0xa9][0xef][0xbf][0xbd][0xef][0xbf][0xbd][0xef][0xbf][0xbd][0xef][0xbf][0xbd]&[0xef][0xbf][0xbd][0xe4][0xac][0x94]*"%[0xef][0xbf][0xbd]f[0xef][0xbf][0xbd][0x1d][0xef][0xbf][0xbd][0xca][0xbb][0xef][0xbf][0xbd]O[0xef][0xbf][0xbd]C[0xef][0xbf][0xbd]e[0xef][0xbf][0xbd][0xef][0xbf][0xbd][0xef][0xbf][0xbd][0x7]Vm[0xef][0xbf][0xbd][0xef][0xbf][0xbd][0xef][0xbf][0xbd]vUL[0xef][0xbf][0xbd]dO[0xef][0xbf][0xbd]Q[0xef][0xbf][0xbd][0x6][0xef][0xbf][0xbd][0xef][0xbf][0xbd]3a[0xef][0xbf][0xbd]:z[0xef][0xbf][0xbd][0xef][0xbf][0xbd][0x19]_[0xef][0xbf][0xbd]Sa6X[0xef][0xbf][0xbd]z[0xb]J[0xef][0xbf][0xbd][0xef][0xbf][0xbd][0xef][0xbf][0xbd][0xef][0xbf][0xbd][0x7][0x3][0xef][0xbf][0xbd][0xef][0xbf][0xbd][0xef][0xbf][0xbd][0x11][0xef][0xbf][0xbd][0x5][0xef][0xbf][0xbd]V[0xef][0xbf][0xbd][0x1e]A;[0xef][0xbf][0xbd][[0xef][0xbf][0xbd][0x1e]&[0xef][0xbf][0xbd][0xef][0xbf][0xbd][0x2]t[0xef][0xbf][0xbd]5[0xef][0xbf][0xbd][0xef][0xbf][0xbd]:[0xd2][0x80][0xef][0xbf][0xbd][0x14]V[\r]/0[0x1c]\2[0xef][0xbf][0xbd][0xef][0xbf][0xbd][0xef][0xbf][0xbd][0xef][0xbf][0xbd]WwZ[\r][0xef][0xbf][0xbd]8[\n]"
07:56:28.681 [main] DEBUG org.apache.http.wire -  >> "5[0x6][0xef][0xbf][0xbd][0xef][0xbf][0xbd][0xef][0xbf][0xbd]U[0xef][0xbf][0xbd]{[0xef][0xbf][0xbd]*[0xef][0xbf][0xbd][0xef][0xbf][0xbd][0xef][0xbf][0xbd]SlS[0xef][0xbf][0xbd]L[0xef][0xbf][0xbd]E[0xef][0xbf][0xbd]C[0xef][0xbf][0xbd][0xef][0xbf][0xbd][0xda][0x8e]G[0xef][0xbf][0xbd][0xef][0xbf][0xbd][0xdd][0x80]l[0xe][0xef][0xbf][0xbd][0x1c][0xb]{[0xef][0xbf][0xbd][0xef][0xbf][0xbd][0xef][0xbf][0xbd][0xef][0xbf][0xbd][0xef][0xbf][0xbd][0xef][0xbf][0xbd]c[0x1e][0xef][0xbf][0xbd]r[0xdc][0x85]![0x1][0xef][0xbf][0xbd][0xef][0xbf][0xbd][0xef][0xbf][0xbd]*w7[0xef][0xbf][0xbd]z[0x1d]Ze|lY+M[0xef][0xbf][0xbd][0xef][0xbf][0xbd][0xef][0xbf][0xbd]\[0xef][0xbf][0xbd][0x10]0[0x16][0xef][0xbf][0xbd]k[0xef][0xbf][0xbd]=[0x1e][0xc7][0x9e]Yw[0x1]3[0xef][0xbf][0xbd][0x11][0xef][0xbf][0xbd][0xef][0xbf][0xbd][0xef][0xbf][0xbd]R[0x17][0xef][0xbf][0xbd]G[0xef][0xbf][0xbd][0xef][0xbf][0xbd]&ek5L|[0xef][0xbf][0xbd][0x15][0xef][0xbf][0xbd]J2[0xef][0xbf][0xbd]}[0xef][0xbf][0xbd]n[0xef][0xbf][0xbd][0xef][0xbf][0xbd][0x1f]pyO[0xef][0xbf][0xbd][0xc5][0x9f][0xef][0xbf][0xbd][0xef][0xbf][0xbd][0xef][0xbf][0xbd]?[0xef][0xbf][0xbd][0xef][0xbf][0xbd][0xef][0xbf][0xbd][0xef][0xbf][0xbd][0xef][0xbf][0xbd]: 3[0xef][0xbf][0xbd]g[0xef][0xbf][0xbd]&[0xef][0xbf][0xbd][0xef][0xbf][0xbd][0xef][0xbf][0xbd][0xef][0xbf][0xbd][0xef][0xbf][0xbd]MG[0xef][0xbf][0xbd][0xe][0x19]EFC[0xef][0xbf][0xbd][0xef][0xbf][0xbd][0xef][0xbf][0xbd][0xef][0xbf][0xbd]*A[0xef][0xbf][0xbd]3[0xef][0xbf][0xbd][0xef][0xbf][0xbd]5[0x10][0xef][0xbf][0xbd]M[0xef][0xbf][0xbd][0xef][0xbf][0xbd]x[0xef][0xbf][0xbd]-9[0xef][0xbf][0xbd][0xef][0xbf][0xbd]:*[0xef][0xbf][0xbd][0xef][0xbf][0xbd]4[0xdc][0x96]e[0xef][0xbf][0xbd][0x19]i|3[0xef][0xbf][0xbd][0xef][0xbf][0xbd][0xef][0xbf][0xbd])L[0xef][0xbf][0xbd][0xef][0xbf][0xbd]O[0x6]k[0xef][0xbf][0xbd][0xef][0xbf][0xbd][0x6][0xef][0xbf][0xbd]I-hi[0xef][0xbf][0xbd][0x18][0xef][0xbf][0xbd]3'[0xef][0xbf][0xbd]'/L[0x1c][0xef][0xbf][0xbd][\r]X[\n]"
07:56:28.681 [main] DEBUG org.apache.http.wire -  >> "8[0xef][0xbf][0xbd] O[0xef][0xbf][0xbd]mI[0xef][0xbf][0xbd]G[0x1b][0xe][0x0]Y27o[0x13][0xef][0xbf][0xbd][0xef][0xbf][0xbd]G[0xe][0xef][0xbf][0xbd][0xef][0xbf][0xbd]8Tm[0xef][0xbf][0xbd][0x4][0xef][0xbf][0xbd][0xef][0xbf][0xbd][\r][0xef][0xbf][0xbd][0xe]|~[0x1c][0xef][0xbf][0xbd][0x1][0xef][0xbf][0xbd]P[0xef][0xbf][0xbd]([0xef][0xbf][0xbd][0x9]C[0x15][0x9][0xef][0xbf][0xbd]I[0xef][0xbf][0xbd][0x5][0xef][0xbf][0xbd][0xef][0xbf][0xbd][0x15]+Em[0xef][0xbf][0xbd][0xef][0xbf][0xbd][0x1a][0x1a].l[0xef][0xbf][0xbd]l[0xef][0xbf][0xbd][0xef][0xbf][0xbd]$[0xef][0xbf][0xbd][0xdc][0xad][0xef][0xbf][0xbd]hc[0x1]9[0xe][0xef][0xbf][0xbd]=[0xef][0xbf][0xbd][0x14].[0xef][0xbf][0xbd][0x1c]ChC[YDD[0xef][0xbf][0xbd][0xef][0xbf][0xbd]2[0xef][0xbf][0xbd]m]Xo[0xef][0xbf][0xbd][0xef][0xbf][0xbd][0x3])[0xef][0xbf][0xbd][0xef][0xbf][0xbd][0xef][0xbf][0xbd][0x4][0xef][0xbf][0xbd]}C{[0xef][0xbf][0xbd]}[0xef][0xbf][0xbd]%R[0xef][0xbf][0xbd][0xef][0xbf][0xbd]|[0xef][0xbf][0xbd][0x17][0x5][0xef][0xbf][0xbd][0xef][0xbf][0xbd]3[0xef][0xbf][0xbd]7[0x1d][0xef][0xbf][0xbd]b[0x3][0xef][0xbf][0xbd][0xef][0xbf][0xbd]8XhL}[0xef][0xbf][0xbd]c5[0x0][0xef][0xbf][0xbd][0xef][0xbf][0xbd]U[0xef][0xbf][0xbd][0xef][0xbf][0xbd][0xef][0xbf][0xbd][0xef][0xbf][0xbd][0xef][0xbf][0xbd]2[0x14][0xef][0xbf][0xbd]\[0xef][0xbf][0xbd][0x17][0xef][0xbf][0xbd]g[0xef][0xbf][0xbd][0xef][0xbf][0xbd][0xef][0xbf][0xbd][0x11]_[0xd6][0xa4][0xef][0xbf][0xbd]Y[0xef][0xbf][0xbd][0xef][0xbf][0xbd][0x19]G+8&[0xef][0xbf][0xbd]g[0x11][0xef][0xbf][0xbd][0xef][0xbf][0xbd][0xef][0xbf][0xbd]*1[0xef][0xbf][0xbd] SY[0xef][0xbf][0xbd][0xef][0xbf][0xbd]7W[0xef][0xbf][0xbd]g[0x6][0xef][0xbf][0xbd][0xef][0xbf][0xbd][0xef][0xbf][0xbd][0xef][0xbf][0xbd][0xef][0xbf][0xbd][0xef][0xbf][0xbd]W[0x1f][0xef][0xbf][0xbd][0xef]"
07:56:28.682 [main] DEBUG org.apache.http.wire -  >> "[0xbf][0xbd]g_[0xef][0xbf][0xbd][0xef][0xbf][0xbd][0xef][0xbf][0xbd][\r][0xef][0xbf][0xbd][0x1f][0xef][0xbf][0xbd][0xef][0xbf][0xbd]xd[0xef][0xbf][0xbd][0xef][0xbf][0xbd]|[0x6]E[0xef][0xbf][0xbd][0x19]6[0x0][0xef][0xbf][0xbd];[0xef][0xbf][0xbd]xB[0xef][0xbf][0xbd]h[0xef][0xbf][0xbd]1[0xef][0xbf][0xbd][0xef][0xbf][0xbd][0xef][0xbf][0xbd][0xef][0xbf][0xbd])[0x1b].[0xef][0xbf][0xbd]}14[0xc8][0x95]R[0x9][0xcf][0xa4][0xef][0xbf][0xbd][0xef][0xbf][0xbd][0xef][0xbf][0xbd]r[0xef][0xbf][0xbd]JKM[0xef][0xbf][0xbd][0xce][0xb1][0xef][0xbf][0xbd][0xef][0xbf][0xbd][0xef][0xbf][0xbd][0xef][0xbf][0xbd][0x1d][0x1a][0x13]c;[0xef][0xbf][0xbd][0xef][0xbf][0xbd][0xef][0xbf][0xbd],[0xef][0xbf][0xbd][0xef][0xbf][0xbd][0x3]K2([0xc3][0xb1][0xef][0xbf][0xbd]6[0xef][0xbf][0xbd]~[0xef][0xbf][0xbd] y[0xef][0xbf][0xbd][0xef][0xbf][0xbd]_[0xef][0xbf][0xbd][0xef][0x9b][0x80]O][0xef][0xbf][0xbd]|[0xef][0xbf][0xbd][0xef][0xbf][0xbd][0xef][0xbf][0xbd]S[0xef][0xbf][0xbd][0x12][0x14][0x1b][0xcb][0x95][0xef][0xbf][0xbd][0x1e]|[0x1][0xef][0xbf][0xbd]F[\r]m[0x7]W[0xef][0xbf][0xbd][0xef][0xbf][0xbd][0xef][0xbf][0xbd][0xef][0xbf][0xbd][0xef][0xbf][0xbd][0xef][0xbf][0xbd]y[0xef][0xbf][0xbd][0xef][0xbf][0xbd]jg[0xef][0xbf][0xbd][0xef][0xbf][0xbd])[0xef][0xbf][0xbd]6.[0xef][0xbf][0xbd][0xef][0xbf][0xbd][0xef][0xbf][0xbd]S[0xef][0xbf][0xbd] [0xef][0xbf][0xbd]5[0xef][0xbf][0xbd][0xef][0xbf][0xbd][0xef][0xbf][0xbd] g[0x1]"[0xef][0xbf][0xbd]C[0xef][0xbf][0xbd][0x9][0xef][0xbf][0xbd]hfK[0xf][0x1f][0xf][0xef][0xbf][0xbd][0x12]B[0x2][0x1a][0xef][0xbf][0xbd]1I[0xef][0xbf][0xbd]kE[0xef][0xbf][0xbd] [0xef][0xbf][0xbd][0x7][0xe]s[0x14]]HCy[0xef][0xbf][0xbd][0xef][0xbf][0xbd][0xef][0xbf][0xbd][0x10][0xef][0xbf][0xbd]X[0xef][0xbf][0xbd],[0xef][0xbf][0xbd][0xef][0xbf][0xbd]_MNB[0xef][0xbf][0xbd][0xef][0xbf][0xbd]E@[0xd4][0x98]S[0xef][0xbf][0xbd]Xe[0xef][0xbf][0xbd][0xef][0xbf][0xbd][0x12]O[0xef][0x95][0xac][0xef][0xbf][0xbd]Wo[0xef][0xbf][0xbd][0xdb][0x9a][0xef][0xbf][0xbd]9[0x2][0xef][0xbf][0xbd]n[0x18][0xc][0x0][0x2][0xef][0xbf][0xbd]\FAO[0xef][0xbf][0xbd]4"[0x1]t[0xef][0xbf][0xbd]R[0xef][0xbf][0xbd][0xef][0xbf][0xbd]v[0xef][0xbf][0xbd][0xef][0xbf][0xbd][0x8]u[0xef][0xbf][0xbd][0xef][0xbf][0xbd][0xef][0xbf][0xbd]}[0xef][0xbf][0xbd]t[0xef][0xbf][0xbd]`[0xef][0xbf][0xbd][0xef][0xbf][0xbd][0x7]&[0x14]*[0x8]}L[0x19][0xef][0xbf][0xbd]T[0xef][0xbf][0xbd]P[0xef][0xbf][0xbd]-[0xef][0xbf][0xbd]1[0x10][0xef][0xbf][0xbd][0xef][0xbf][0xbd][0x1b][0xef][0xbf][0xbd][0xef][0xbf][0xbd]C;k[0xef][0xbf][0xbd]X[0xef][0xbf][0xbd][0x6]>[\r]M[0xef][0xbf][0xbd][0xef][0xbf][0xbd][0xef][0xbf][0xbd][0xef][0xbf][0xbd]S[0xef][0xbf][0xbd]C[0xef][0xbf][0xbd][0xef][0xbf][0xbd][0x17][0xef][0xbf][0xbd][0xef][0xbf][0xbd]-[0xef][0xbf][0xbd]=[0xef][0xbf][0xbd][0xef][0xbf][0xbd][0xef][0xbf][0xbd][0xef][0xbf][0xbd][0x6]b[0x1f][0xef][0xbf][0xbd][0x12]x[0xef][0xbf][0xbd][0xef][0xbf][0xbd][0xef][0xbf][0xbd]{c[0xef][0xbf][0xbd][0xef][0xbf][0xbd][0xef][0xbf][0xbd][0xef][0xbf][0xbd][0xef][0xbf][0xbd][0x1]A[0xef][0xbf][0xbd]i[0xef][0xbf][0xbd][0xef][0xbf][0xbd]l[0xef][0xbf][0xbd][0xef][0xbf][0xbd][0xef][0xbf][0xbd]6[0xd4][0x8a][0x14][0xef][0xbf][0xbd]yc:[0xef][0xbf][0xbd][0xef][0xbf][0xbd][0x15][0xd4][0xaf]%[0xef][0xbf][0xbd]6 [0xef][0xbf][0xbd][0xef][0xbf][0xbd]j[0xef][0xbf][0xbd][0xef][0xbf][0xbd][0x1c][0xef][0xbf][0xbd][0xef][0xbf][0xbd]X[0x0]4[0x7]z8[0xef][0xbf][0xbd][0xef][0xbf][0xbd][0xb],[0xef][0xbf][0xbd]H[0xc8][0x90][0xcb][0x83]2L[0xef][0xbf][0xbd][0x0][0xef][0xbf][0xbd],[0xef][0xbf][0xbd])x[0xef][0xbf][0xbd][0xef][0xbf][0xbd]V[0xef][0xbf][0xbd]1[0xef][0xbf][0xbd]c[0xef][0xbf][0xbd][0xef][0xbf][0xbd]([0xef][0xbf][0xbd][0x4]z9Ku[0xc][0xef][0xbf][0xbd]t}=[0xef][0xbf][0xbd][0xef][0xbf][0xbd][0xef][0xbf][0xbd]hL[0xef][0xbf][0xbd][0xef][0xbf][0xbd][0xef][0xbf][0xbd]x[0x3][0xef][0xbf][0xbd]ts[0x5][0x18]o[0xef][0xbf][0xbd][0xef][0xbf][0xbd][0x14][0x16]cB[0xef][0xbf][0xbd][0xef][0xbf][0xbd][0xef][0xbf][0xbd]~[0xef][0xbf][0xbd][0xef][0xbf][0xbd]Lc[0xef][0xbf][0xbd][0xcd][0xb5][0xef][0xbf][0xbd][0xef][0xbf][0xbd]+[0x10]S[0xef][0xbf][0xbd][0x12]][0xef][0xbf][0xbd][0xef][0xbf][0xbd]x[0xef][0xbf][0xbd]B[0xef][0xbf][0xbd]px[0x13][0x5][0xef][0xbf][0xbd]U[\r][0xef][0xbf][0xbd]R[0xef][0xbf][0xbd][0xef][0xbf][0xbd]0[0xef][0xbf][0xbd]5[0xef][0xbf][0xbd]k[0xef][0xbf][0xbd][0xef][0xbf][0xbd][0xef][0xbf][0xbd]:Z[0xef][0xbf][0xbd]-[0xf]:[0xef][0xbf][0xbd]l[0xef][0xbf][0xbd]#0[0xef][0xbf][0xbd][0x2][0xef][0xbf][0xbd]V[0xef][0xbf][0xbd]er[0xef][0xbf][0xbd][0xef][0xbf][0xbd]<[0xef][0xbf][0xbd][0xef][0xbf][0xbd]|[0x8]zm9[0x1b][0xef][0xbf][0xbd]r[[0xef][0xbf][0xbd][0x15][0xef][0xbf][0xbd][0xef][0xbf][0xbd][0xef][0xbf][0xbd]G[0xef][0xbf][0xbd][0xef][0xbf][0xbd][0xef][0xbf][0xbd]v[[0xef][0xbf][0xbd]$[0xef][0xbf][0xbd]+[0x1c]p[0xef][0xbf][0xbd][0xef][0xbf][0xbd][0xc7][0x9a]p![0xef][0xbf][0xbd][0xef][0xbf][0xbd][0xef][0xbf][0xbd]PFD_[0xef][0xbf][0xbd][0xef][0xbf][0xbd]5<[0xef][0xbf][0xbd][0xef][0xbf][0xbd][0xef][0xbf][0xbd][0xef][0xbf][0xbd][0xef][0xbf][0xbd]P[0xef][0xbf][0xbd]Vhk[0x16]/[0x15]X[0x18][0xef][0xbf][0xbd][0xef][0xbf][0xbd]@[[0xef][0xbf][0xbd]1[0xef][0xbf][0xbd][0x7][0xf][0xef][0xbf][0xbd][0xef][0xbf][0xbd]IV[0xef][0xbf][0xbd][0xef][0xbf][0xbd]5[0xef][0xbf][0xbd][0xef][0xbf][0xbd],_b[0xef][0xbf][0xbd][0xef][0xbf][0xbd][0xef][0xbf][0xbd]D[0xcd][0xa5],"[0xef][0xbf][0xbd]yE<[0xef][0xbf][0xbd][0xf][0xef][0xbf][0xbd][0xef][0xbf][0xbd][0xeb][0xb3][0xb8][0xef][0xbf][0xbd][0xf]Uy[0xef][0xbf][0xbd]=[0xef][0xbf][0xbd]O~[0xef][0xbf][0xbd]s[0xef][0xbf][0xbd]S[0xef][0xbf][0xbd][0x3][0x3]Oji([0xef][0xbf][0xbd][0xef][0xbf][0xbd]-[0xe][0xef][0xbf][0xbd][[0x3][0xef][0xbf][0xbd][0xef][0xbf][0xbd][0xef][0xbf][0xbd][0xef][0xbf][0xbd][0xef][0xbf][0xbd][0x7]i[0xef][0xbf][0xbd]V[0xef][0xbf][0xbd]([0xef][0xbf][0xbd][0xef][0xbf][0xbd][0xef][0xbf][0xbd]D_r[0xef][0xbf][0xbd][0xef][0xbf][0xbd][0xef][0xbf][0xbd]$[0xef][0xbf][0xbd][0x5][0x1b]L[\n]"
07:56:28.682 [main] DEBUG org.apache.http.wire -  >> "[0xef][0xbf][0xbd][0xef][0xbf][0xbd][0xef][0xbf][0xbd][0xef][0xbf][0xbd]T[0x1b]>[0xef][0xbf][0xbd][0xef][0xbf][0xbd][0x17][0xef][0xbf][0xbd][0xef][0xbf][0xbd][0xe]iVR[0x9][0xef][0xbf][0xbd]'9[0xef][0xbf][0xbd][0x13]r[0x1e][0xef][0xbf][0xbd][0xef][0xbf][0xbd][0xef][0xbf][0xbd][0x5][\r][0xef][0xbf][0xbd]J[0xef][0xbf][0xbd][0xc7][0xa2]H[0xef][0xbf][0xbd]F-[0xf]m[0x0][0xd9][0xa7]nr[0xef][0xbf][0xbd][0xef][0xbf][0xbd][0x1f].[0xef][0xbf][0xbd][0xef][0xbf][0xbd]*o[0xef][0xbf][0xbd][0xda][0x8f][0xef][0xbf][0xbd]-[0xef][0xbf][0xbd][0xc][0xef][0xbf][0xbd]D[0xef][0xbf][0xbd][0xef][0xbf][0xbd][0xef][0xbf][0xbd]k[0xef][0xbf][0xbd][0xef][0xbf][0xbd][0x4][0xc3][0x8f]|w[0xef][0xbf][0xbd][0xef][0xbf][0xbd]n,dH[0xef][0xbf][0xbd][0xef][0xbf][0xbd][0xef][0xbf][0xbd]7[0xef][0xbf][0xbd]}[\n]"
07:56:28.682 [main] DEBUG org.apache.http.wire -  >> "Z[0xef][0xbf][0xbd][0xef][0xbf][0xbd][0xef][0xbf][0xbd]jo[0xef][0xbf][0xbd]}[0x0][0xef][0xbf][0xbd][0xef][0xbf][0xbd]Q[0xef][0xbf][0xbd][0xb]LA[0xef][0xbf][0xbd][0x4]I}DF[0xef][0xbf][0xbd][0xef][0xbf][0xbd]n{[0xef][0xbf][0xbd]M1!yN2[0xef][0xbf][0xbd]b][0xef][0xbf][0xbd][0x11][0xef][0xbf][0xbd][0xef][0xbf][0xbd][0xef][0xbf][0xbd][0x19][0xc3][0xbc][0xef][0xbf][0xbd][0xef][0xbf][0xbd]:[0xef][0xbf][0xbd][0xef][0xbf][0xbd][0xef][0xbf][0xbd]4[0xef][0xbf][0xbd]6[0xef][0xbf][0xbd]1[0xef][0xbf][0xbd][0xef][0xbf][0xbd]$[0xef][0xbf][0xbd]xY[0xef][0xbf][0xbd]e:[\n]"
07:56:28.682 [main] DEBUG org.apache.http.wire -  >> "[0xef][0xbf][0xbd]QFH[0xc6][0xb2][0xef][0xbf][0xbd][0xef][0xbf][0xbd][0xef][0xbf][0xbd][0xef][0xbf][0xbd]e[0xef][0xbf][0xbd][0xef][0xbf][0xbd][0xef][0xbf][0xbd][0xef][0xbf][0xbd][0x2][0xef][0xbf][0xbd]H[0xef][0xbf][0xbd][0xef][0xbf][0xbd][0xef][0xbf][0xbd][0xef][0xbf][0xbd][0x17][0xef][0xbf][0xbd]&[0xef][0xbf][0xbd]71"[0xef][0xbf][0xbd][0xef][0xbf][0xbd]N[0xef][0xbf][0xbd]\[0xef][0xbf][0xbd][0xef][0xbf][0xbd][0xef][0xbf][0xbd][0xef][0xbf][0xbd]a[\n]"
07:56:28.683 [main] DEBUG org.apache.http.wire -  >> "[0xef][0xbf][0xbd][0x1d][0xef][0xbf][0xbd][0x16][0xef][0xbf][0xbd]m[0xef][0xbf][0xbd] [0x3]r[0xef][0xbf][0xbd]|MI[0xef][0xbf][0xbd][0xef][0xbf][0xbd]$[0x0][0xef][0xbf][0xbd][\r][0xef][0xbf][0xbd]{,[0xef][0xbf][0xbd]Ss.[0xef][0xbf][0xbd]0[0xef][0xbf][0xbd][0xef][0xbf][0xbd][0xef][0xbf][0xbd]([0xef][0xbf][0xbd][0x1e]X3[0x15][0x9][0xc9][0xb4][0xef][0xbf][0xbd][0x1a][0xef][0xbf][0xbd][0xef][0xbf][0xbd]y[0xef][0xbf][0xbd]?}[0x3][0xef][0xbf][0xbd][0xf]g[0x9][0xef][0xbf][0xbd][0xef][0xbf][0xbd]e[0xef][0xbf][0xbd][0xef][0xbf][0xbd]>[0xef][0xbf][0xbd][0xef][0xbf][0xbd][0xef][0xbf][0xbd][0xef][0xbf][0xbd][\n]"
07:56:28.683 [main] DEBUG org.apache.http.wire -  >> "[0xef][0xbf][0xbd][0x17]V[0x1b][0xef][0xbf][0xbd][0x15][0xef][0xbf][0xbd][0xef][0xbf][0xbd][0xef][0xbf][0xbd][0xe][0x6][0xef][0xbf][0xbd]+[0x1e][0xef][0xbf][0xbd]][0xef][0xbf][0xbd]L[0xef][0xbf][0xbd][0xef][0xbf][0xbd]\[0xef][0xbf][0xbd][0xef][0xbf][0xbd][0x2]k[0xef][0xbf][0xbd][0x15]cx[0xef][0xbf][0xbd]xB}[0xc2][0xb8][0xef][0xbf][0xbd][0xef][0xbf][0xbd];[0xb][0xef][0xbf][0xbd][0xc5][0x99]+[0xef][0xbf][0xbd],[0xef][0xbf][0xbd][0xef][0xbf][0xbd]E[0xef][0xbf][0xbd][0x16]VO'[0xef][0xbf][0xbd]H[0xef][0xbf][0xbd][0xce][0xb9][0xef][0xbf][0xbd][0xef][0xbf][0xbd]c^V][0xef][0xbf][0xbd][0xef][0xbf][0xbd][0xef][0xbf][0xbd][0xef][0xbf][0xbd][0xd8][0xae][0xef][0xbf][0xbd]~[0xb][0xef][0xbf][0xbd][0xef][0xbf][0xbd][0xef][0xbf][0xbd][\n]"
07:56:28.683 [main] DEBUG org.apache.http.wire -  >> "[0xef][0xbf][0xbd]}i.g,[0xef][0xbf][0xbd]@y[0xef][0xbf][0xbd][0xef][0xbf][0xbd]$[0xc9][0xa3]L[0xef][0xbf][0xbd]i[0xef][0xbf][0xbd][0xef][0xbf][0xbd]X[0xef][0xbf][0xbd][0xef][0xbf][0xbd] R=S[0xef][0xbf][0xbd][0xef][0xbf][0xbd][0xef][0xbf][0xbd][0xef][0xbf][0xbd]q[0xef][0xbf][0xbd]s[0xef][0xbf][0xbd][0xef][0xbf][0xbd]"X[0xef][0xbf][0xbd]ed[0xef][0xbf][0xbd]V[0xef][0xbf][0xbd]O[0xef][0xbf][0xbd][0xef][0xbf][0xbd],[0xef][0xbf][0xbd][0xc6][0xae][0x1e]*[0xef][0xbf][0xbd][0x3]d[0xef][0xbf][0xbd]Lf[0xef][0xbf][0xbd]~[0xef][0xbf][0xbd][0xef][0xbf][0xbd][0xdb][0xba][0xef][0xbf][0xbd][0xef][0xbf][0xbd]S[0xef][0xbf][0xbd]2-n[0xef][0xbf][0xbd]C[0xef][0xbf][0xbd]6[0xef][0xbf][0xbd][0xe2][0xad][0xbd]&o[\r][0x3][[0xef][0xbf][0xbd].^U[0xef][0xbf][0xbd]<[0xef][0xbf][0xbd][0xef][0xbf][0xbd][0x14]F[0xef][0xbf][0xbd]L[0xef][0xbf][0xbd][0xc]s[0xef][0xbf][0xbd][0x1e]F[0x8][0xef][0xbf][0xbd]{[0xef][0xbf][0xbd][0xef][0xbf][0xbd]N)[0xef][0xbf][0xbd][0xf]4'm[0x2][0xef][0xbf][0xbd][0xef][0xbf][0xbd]a[0xc6][0xa2]]#[0x19][0xef][0xbf][0xbd]\a[0xea][0xa6][0x9d][0xef][0xbf][0xbd][0xef][0xbf][0xbd]H[0xef][0xbf][0xbd]':[0xef][0xbf][0xbd]3e[0x18]8+[0xef][0xbf][0xbd][0xef][0xbf][0xbd][0xc][\n]"
07:56:28.683 [main] DEBUG org.apache.http.wire -  >> "[0xef][0xbf][0xbd][0xef][0xbf][0xbd]2[0xb][0xcd][0x9b]F[0xef][0xbf][0xbd]2.[0xef][0xbf][0xbd][0xef][0xbf][0xbd];[0xef][0xbf][0xbd][0xef][0xbf][0xbd][0xc8][0xa5]>[0xef][0xbf][0xbd]l[0xef][0xbf][0xbd]s[0xef][0xbf][0xbd]y[0xef][0xbf][0xbd]6([0xef][0xbf][0xbd][0xef][0xbf][0xbd][0xef][0xbf][0xbd]7[0xef][0xbf][0xbd][0xef][0xbf][0xbd][0xef][0xbf][0xbd][0xef][0xbf][0xbd][0x9]j[0xef][0xbf][0xbd][0x2]/[0xef][0xbf][0xbd][0xef][0xbf][0xbd][0xef][0xbf][0xbd]7[0xef][0xbf][0xbd]~[0xe5][0x85][0xa7]_[0xc5][0xad]|([0xcb][0xbb][0xef][0xbf][0xbd][0xef][0xbf][0xbd]q[0xef][0xbf][0xbd][0xef][0xbf][0xbd][0x16][0xef][0xbf][0xbd]\[0xef][0xbf][0xbd]a[0xef][0xbf][0xbd][0xef][0xbf][0xbd][0xc4][0xaa][0xef][0xbf][0xbd]x[0xef][0xbf][0xbd]{[0xef][0xbf][0xbd][0xc5][0x98]X[0x0][0xef][0xbf][0xbd][0xc][0xef][0xbf][0xbd]}[0xef][0xbf][0xbd][0xcd][0x89][0xef][0xbf][0xbd][0xef][0xbf][0xbd][[0xef][0xbf][0xbd][0xef][0xbf][0xbd]%[0xef][0xbf][0xbd][0xef][0xbf][0xbd]h[0xef][0xbf][0xbd][0xef][0xbf][0xbd][\n]"
07:56:28.683 [main] DEBUG org.apache.http.wire -  >> "X[0xef][0xbf][0xbd][0x4][0xef][0xbf][0xbd]5[0xef][0xbf][0xbd][0xef][0xbf][0xbd][0xef][0xbf][0xbd][0x13][0xb]6[0x1f]U[0x1d][0xef][0xbf][0xbd][0x10][0xef][0xbf][0xbd][0xef][0xbf][0xbd][0xef][0xbf][0xbd][0x7][0xef][0xbf][0xbd]}[0x1f]2[0xef][0xbf][0xbd],[0xef][0xbf][0xbd][0xef][0xbf][0xbd]}[0xef][0xbf][0xbd][0x1a][0xef][0xbf][0xbd]NM[0xef][0xbf][0xbd][0xef][0xbf][0xbd])u[0xef][0xbf][0xbd][0xef][0xbf][0xbd][0xef][0xbf][0xbd]r[0xef][0xbf][0xbd]g[0xef][0xbf][0xbd]v![0xef][0xbf][0xbd]>[0xef][0xbf][0xbd]9k[0x1]b[0xef][0xbf][0xbd][0x18][0xef][0xbf][0xbd]P_[0xef][0xbf][0xbd] 5[0xef][0xbf][0xbd][0xef][0xbf][0xbd]^[0xef][0xbf][0xbd]L[0xef][0xbf][0xbd][0xef][0xbf][0xbd]C[0xef][0xbf][0xbd][0xef][0xbf][0xbd]M[0xef][0xbf][0xbd][0x1c]m[0x1d][0xef][0xbf][0xbd][0xef][0xbf][0xbd]HT[0xef][0xbf][0xbd][0xef][0xbf][0xbd]5[0xc3][0x96][0xef][0xbf][0xbd][0xef][0xbf][0xbd][0xef][0xbf][0xbd]![0xef][0xbf][0xbd]:[0xef][0xbf][0xbd]tk[0xef][0xbf][0xbd]i![0xef][0xbf][0xbd]Z$-[0xda][0x8b][0xef][0xbf][0xbd][0x0][0xef][0xbf][0xbd][0xef][0xbf][0xbd][0xef][0xbf][0xbd][0xef][0xbf][0xbd]{z[[0xef][0xbf][0xbd][0xef][0xbf][0xbd][0xb][0xef][0xbf][0xbd]L[0xef][0xbf][0xbd][0xef][0xbf][0xbd]^[0x17]8[0xef][0xbf][0xbd][0xef][0xbf][0xbd]r[0xef][0xbf][0xbd]e[0xef][0xbf][0xbd]6[0xef][0xbf][0xbd]A[0xef][0xbf][0xbd][0xef][0xbf][0xbd]9[0xef][0xbf][0xbd][0xef][0xbf][0xbd][0xef][0xbf][0xbd]qShy[0xef][0xbf][0xbd][0xef][0xbf][0xbd][0xd0][0xb7]]`[0xef][0xbf][0xbd][0xef][0xbf][0xbd][0xca][0xb3][0xef][0xbf][0xbd]_[0x0]s[0xef][0xbf][0xbd]U[0xef][0xbf][0xbd]![0x3]3F[0x1a]he[0xef][0xbf][0xbd][0xef][0xbf][0xbd]P[0xef][0xbf][0xbd][0xef][0xbf][0xbd][0xef][0xbf][0xbd][0xef][0xbf][0xbd]4[0xef][0xbf][0xbd]`=[0xef][0xbf][0xbd][0xef][0xbf][0xbd][0xef][0xbf][0xbd]=[0xef][0xbf][0xbd][0xef][0xbf][0xbd][0xef][0xbf][0xbd][0xef][0xbf][0xbd][0xef][0xbf][0xbd][0x6] [0xef][0xbf][0xbd][0xef][0xbf][0xbd][0x1][0xef][0xbf][0xbd][0xef][0xbf][0xbd]b[0xef][0xbf][0xbd][0xef][0xbf][0xbd][0x1c][0xef][0xbf][0xbd]8[0xef][0xbf][0xbd][0xef][0xbf][0xbd]?m[0x1a][0xef][0xbf][0xbd]go[0xef][0xbf][0xbd]3 [0xdc][0x90][0xef][0xbf][0xbd][0xef][0xbf][0xbd][0x3]b[0xef][0xbf][0xbd][0xef][0xbf][0xbd]K[0xef][0xbf][0xbd][0xef][0xbf][0xbd]@[0xef][0xbf][0xbd]5[0x1][0xef][0xbf][0xbd][0xef][0xbf][0xbd][0x1a][0xef][0xbf][0xbd]r$8n[0xef][0xbf][0xbd][0xef][0xbf][0xbd]8[0xef][0xbf][0xbd][0xef][0xbf][0xbd]Q[0xef][0xbf][0xbd]B[0xef][0xbf][0xbd]Q[0xef][0xbf][0xbd][0xef][0xbf][0xbd][0xef][0xbf][0xbd]&[0xef][0xbf][0xbd][\n]"
07:56:28.688 [main] DEBUG org.apache.http.wire -  >> "[0xef][0xbf][0xbd][0x1a]r[0xef][0xbf][0xbd])f[0xef][0xbf][0xbd][0xef][0xbf][0xbd][0xef][0xbf][0xbd][0xef][0xbf][0xbd][0xef][0xbf][0xbd][0xef][0xbf][0xbd][0x1]1[0xca][0x80][0xef][0xbf][0xbd][0x1][0x1a][0xef][0xbf][0xbd]I[0xef][0xbf][0xbd][0xef][0xbf][0xbd][0xef][0xbf][0xbd][0xef][0xbf][0xbd]F[0xef][0xbf][0xbd][0xef][0xbf][0xbd][0xef][0xbf][0xbd]}[0xef][0xbf][0xbd][0xef][0xbf][0xbd][0xef][0xbf][0xbd][[0xef][0xbf][0xbd][0xef][0xbf][0xbd]V>[0xef][0xbf][0xbd][0xef][0xbf][0xbd]][0xef][0xbf][0xbd][0x16][0xef][0xbf][0xbd])[0xef][0xbf][0xbd][0xef][0xbf][0xbd]6:[0xef][0xbf][0xbd][0xef][0xbf][0xbd][0xef][0xbf][0xbd]9[0x1c][0xef][0xbf][0xbd]I/[0xef][0xbf][0xbd]9[0x13][0xef][0xbf][0xbd]D[0x1])[0xef][0xbf][0xbd]d[0xea][0xbd][0x80][0xef][0xbf][0xbd]H[0xef][0xbf][0xbd]Q[0xef][0xbf][0xbd][0xef][0xbf][0xbd][0xef][0xbf][0xbd][0xef][0xbf][0xbd]i[0xef][0xbf][0xbd][\n]"
07:56:28.689 [main] DEBUG org.apache.http.wire -  >> "@[0xef][0xbf][0xbd][0xef][0xbf][0xbd].?[0xef][0xbf][0xbd][0xef][0xbf][0xbd]7[0x13]C%[0xc]uQ[\r][0xef][0xbf][0xbd]`[0xef][0xbf][0xbd]pI[0xef][0xbf][0xbd]$[0xef][0xbf][0xbd]f[0xef][0xbf][0xbd]r[0xef][0xbf][0xbd]"[0xef][0xbf][0xbd]zo[0xef][0xbf][0xbd][0x11]C[0xef][0xbf][0xbd]i[0xef][0xbf][0xbd])e[0xef][0xbf][0xbd]![0xef][0xbf][0xbd]H[0x1d][0xef][0xbf][0xbd][\n]"
07:56:28.689 [main] DEBUG org.apache.http.wire -  >> "[0xe]t[0xef][0xbf][0xbd][0xef][0xbf][0xbd]T[0x1a][0xef][0xbf][0xbd][0xef][0xbf][0xbd][0xef][0xbf][0xbd][0xef][0xbf][0xbd]e4[0xef][0xbf][0xbd][0xef][0xbf][0xbd][0xef][0xbf][0xbd][0xd5][0x94]y_[0xef][0xbf][0xbd]q[0xef][0xbf][0xbd][0xef][0xbf][0xbd]{0,\Z[0xef][0xbf][0xbd][0xef][0xbf][0xbd]uG[0xef][0xbf][0xbd]?[0x7]$[0xef][0xbf][0xbd][0xef][0xbf][0xbd][0xef][0xbf][0xbd]E[0xef][0xbf][0xbd][0xef][0xbf][0xbd].J[0xef][0xbf][0xbd]i[0xef][0xbf][0xbd][0xef][0xbf][0xbd][0xef][0xbf][0xbd]Ms[0xef][0xbf][0xbd][0x0][0xef][0xbf][0xbd]K[[0xef][0xbf][0xbd]M[0xef][0xbf][0xbd][0xef][0xbf][0xbd][0xc]s[0xef][0xbf][0xbd][0xef][0xbf][0xbd][0x1b][0xef][0xbf][0xbd][0x2][0xef][0xbf][0xbd]9w[0xef][0xbf][0xbd]<[0xef][0xbf][0xbd][0x1][0x19][0xef][0xbf][0xbd][0xef][0xbf][0xbd][0x1d][0xef][0xbf][0xbd][0xef][0xbf][0xbd][0x11][0x18][0xef][0xbf][0xbd][0x16][0xef][0xbf][0xbd]Y b[0xef][0xbf][0xbd]>[0xef][0xbf][0xbd]X[0xef][0xbf][0xbd][0xef][0xbf][0xbd][0xef][0xbf][0xbd]d[0xef][0xbf][0xbd][0xef][0xbf][0xbd][0x13]`O'[0xef][0xbf][0xbd][0xef][0xbf][0xbd]][0xb][0xef][0xbf][0xbd][0xef][0xbf][0xbd]:[0x19]1}F[0xef][0xbf][0xbd][0xef][0xbf][0xbd][0xef][0xbf][0xbd]i)[0xe9][0x9e][0xba][0x6][0xef][0xbf][0xbd][0xef][0xbf][0xbd][0xef][0xbf][0xbd][0xef][0xbf][0xbd][0xf][0xef][0xbf][0xbd][0xef][0xbf][0xbd]][0xef][0xbf][0xbd]-![0x1c][0xef][0xbf][0xbd][0x4]g[0xef][0xbf][0xbd][0xef][0xbf][0xbd][0xef][0xbf][0xbd]}7[0xef][0xbf][0xbd][0x1c]ag-B[0xef][0xbf][0xbd]d8[0xef][0xbf][0xbd][0xef][0xbf][0xbd]$[0xdb][0x96][0xef][0xbf][0xbd][0xef][0xbf][0xbd][0xef][0xbf][0xbd]8k[0x5]Z[0xef][0xbf][0xbd]Q[0xef][0xbf][0xbd]}}[0xef][0xbf][0xbd][0xef][0xbf][0xbd][0xef][0xbf][0xbd][0xd1][0xba]b![0xef][0xbf][0xbd]O[0xef][0xbf][0xbd]p[0xef][0xbf][0xbd]Gi[0x6][0xb][0xef][0xbf][0xbd][0xd5][0x9c][0xef][0xbf][0xbd][0xef][0xbf][0xbd][0xef][0xbf][0xbd][0x13]p;[0x11][0xef][0xbf][0xbd][0xef][0xbf][0xbd][0xef][0xbf][0xbd][0xef][0xbf][0xbd]H[0x2][0xef][0xbf][0xbd][0xef][0xbf][0xbd][0x12][0xef][0xbf][0xbd][0xef][0xbf][0xbd][0xef][0xbf][0xbd][0x3][0xef][0xbf][0xbd][0xef][0xbf][0xbd]][0x13][0xf][0x1f][0xef][0xbf][0xbd][0xef][0xbf][0xbd][0xef][0xbf][0xbd][0xcf][0xbe][0xef][0xbf][0xbd][0x1f][0xef][0xbf][0xbd]@[0xef][0xbf][0xbd]q([0xef][0xbf][0xbd]G[0xef][0xbf][0xbd][0xd3][0xbf][0xef][0xbf][0xbd][0xef][0xbf][0xbd]}[0xef][0xbf][0xbd]e~[0xef][0xbf][0xbd]\[0xef][0xbf][0xbd]sb[0xef][0xbf][0xbd]{[0xef][0xbf][0xbd][0x16]Oi[0xef][0xbf][0xbd][0xef][0xbf][0xbd]rb[0xef][0xbf][0xbd][0xef][0xbf][0xbd]s[0xef][0xbf][0xbd][0x11][0xc5][0x93]J=[0xef][0xbf][0xbd][0xef][0xbf][0xbd][0x13][0xef][0xbf][0xbd]A[0xef][0xbf][0xbd]Y[0xef][0xbf][0xbd][0x1b][0x16][0xef][0xbf][0xbd][0xcb][0xae]_[0xef][0xbf][0xbd]f[0xef][0xbf][0xbd][0xef][0xbf][0xbd][0xef][0xbf][0xbd][0xef][0xbf][0xbd]4y}[0xef][0xbf][0xbd][0x0]s[0xef][0xbf][0xbd][\r][0xd0][0xb4][0xe])[0xef][0xbf][0xbd][0x18][0xcb][0xb1]p%[0xef][0xbf][0xbd]xY[0x11]C[0xef][0xbf][0xbd][0xef][0xbf][0xbd][0x1b]*[0xef][0xbf][0xbd][\n]"
07:56:28.689 [main] DEBUG org.apache.http.wire -  >> "[0xef][0xbf][0xbd]Z[0xef][0xbf][0xbd][0x1][0xef][0xbf][0xbd][0x7]3[0xef][0xbf][0xbd][0x15][0xda][0xb2][0xef][0xbf][0xbd][0xef][0xbf][0xbd]R[0xef][0xbf][0xbd]N5[0xef][0xbf][0xbd]i[0xef][0xbf][0xbd]=[0xef][0xbf][0xbd][0x1]X[0xef][0xbf][0xbd][0xef][0xbf][0xbd]D?][0xef][0xbf][0xbd]4zG0[0xef][0xbf][0xbd][0xef][0xbf][0xbd][0x1a][0xef][0xbf][0xbd]m$[0xef][0xbf][0xbd]Y[0xef][0xbf][0xbd][0xef][0xbf][0xbd]Cq[0xef][0xbf][0xbd][0xef][0xbf][0xbd]`[0xef][0xbf][0xbd][0xef][0xbf][0xbd][0x10][0xef][0xbf][0xbd]>D[0xef][0xbf][0xbd][0xef][0xbf][0xbd][0x6][0xef][0xbf][0xbd][0xef][0xbf][0xbd][0xef][0xbf][0xbd]2-S:[0xef][0xbf][0xbd]q4X[0x1f].[0xef][0xbf][0xbd][0xef][0xbf][0xbd][0xef][0xbf][0xbd][0xef][0xbf][0xbd][0xef][0xbf][0xbd]1n[0x12][0xe9][0x80][0xa7][0x1a][0xef][0xbf][0xbd][0xd4][0x99][0xef][0xbf][0xbd][0x9]A6[0xef][0xbf][0xbd][0xef][0xbf][0xbd]crJ[0xef][0xbf][0xbd]@Rq"^3[0xef][0xbf][0xbd]8E[0xef][0xbf][0xbd][0xef][0xbf][0xbd][0xef][0xbf][0xbd]&[0xef][0xbf][0xbd]v[0xef][0xbf][0xbd][0xef][0xbf][0xbd][0xd4][0x96][0xef][0xbf][0xbd]S[![[0xef][0xbf][0xbd][0xef][0xbf][0xbd][0x8][0xc6][0x8c][0xef][0xbf][0xbd][0xef][0xbf][0xbd][0x10][0xef][0xbf][0xbd]g:[0xef][0xbf][0xbd][0xef][0xbf][0xbd][0xef][0xbf][0xbd][\r][0xef][0xbf][0xbd]I[0xef][0xbf][0xbd][0xef][0xbf][0xbd]|[0xef][0xbf][0xbd]Uc)[0xef][0xbf][0xbd][0xd8][0xb4]=[0xef][0xbf][0xbd]=[0xef][0xbf][0xbd]U[0xef][0xbf][0xbd][0xef][0xbf][0xbd][0xed][0x8c][0xa8][0xd6][0xb2][0xef][0xbf][0xbd]OuO[0xef][0xbf][0xbd]d[0xef][0xbf][0xbd][0xd9][0x86][0xef][0xbf][0xbd]M[0xef][0xbf][0xbd][0xef][0xbf][0xbd]([0x1][0xef][0xbf][0xbd][0xef][0xbf][0xbd][0xef][0xbf][0xbd][0xef][0xbf][0xbd][0x8][0x1e][0xef][0xbf][0xbd][0x5][0xe5][0x82][0xa4][0xef][0xbf][0xbd][0xef][0xbf][0xbd][0xef][0xbf][0xbd][0xd5][0x9c][0xef][0xbf][0xbd][0xef][0xbf][0xbd]D,t[0xef][0xbf][0xbd][0xef][0xbf][0xbd][0xef][0xbf][0xbd][0xef][0xbf][0xbd][0xef][0xbf][0xbd][0x1f]T[0xef][0xbf][0xbd][0xef][0xbf][0xbd]4[0xef][0xbf][0xbd]h[0xef][0xbf][0xbd][\n]"
07:56:28.689 [main] DEBUG org.apache.http.wire -  >> "[0x4][0xef][0xbf][0xbd][0xef][0xbf][0xbd][0xef][0xbf][0xbd]g[0x0][0xef][0xbf][0xbd][0xef][0xbf][0xbd][0xef][0xbf][0xbd][0xef][0xbf][0xbd][0x18][0xef][0xbf][0xbd]w[0xef][0xbf][0xbd]#[0xef][0xbf][0xbd]p[0xef][0xbf][0xbd]U[0xef][0xbf][0xbd][0xef][0xbf][0xbd][0xef][0xbf][0xbd][\n]"
07:56:28.690 [main] DEBUG org.apache.http.wire -  >> "c![0xef][0xbf][0xbd][0xef][0xbf][0xbd][0xef][0xbf][0xbd])[0xef][0xbf][0xbd][0xef][0xbf][0xbd][0xef][0xbf][0xbd]d[0xef][0xbf][0xbd]U$+n[0xef][0xbf][0xbd][0x17]K[0xef][0xbf][0xbd]#j[0x1f][0xef][0xbf][0xbd]T[0xef][0xbf][0xbd]!4[0xb][0xe][0xef][0xbf][0xbd][0xef][0xbf][0xbd]k_r[0xef][0xbf][0xbd]B[0x7][0x2][0xef][0xbf][0xbd][0xef][0xbf][0xbd][0x18][0xef][0xbf][0xbd][0xef][0xbf][0xbd][0xef][0xbf][0xbd][0xef][0xbf][0xbd][0xef][0xbf][0xbd]@[0xef][0xbf][0xbd]|J"
07:56:28.690 [main] DEBUG org.apache.http.wire -  >> "h[0x1e][0x5]Ky%[0xef][0xbf][0xbd][0xef][0xbf][0xbd]3E[0xef][0xbf][0xbd]#M[0xd5][0x83][0x17][0xc8][0x91][0xb][0xef][0xbf][0xbd][0xda][0xb2]4[0xef][0xbf][0xbd][0xef][0xbf][0xbd]0[0x0]G*z[0xef][0xbf][0xbd][0xef][0xbf][0xbd]=[0xef][0xbf][0xbd]J|[0x1][Sf[0xef][0xbf][0xbd]w[0xef][0xbf][0xbd][0xef][0xbf][0xbd][0xef][0xbf][0xbd]B[\n]"
07:56:28.690 [main] DEBUG org.apache.http.wire -  >> "R[0xef][0xbf][0xbd]u[0xef][0xbf][0xbd]KR[0xef][0xbf][0xbd][0xef][0xbf][0xbd]B[0xef][0xbf][0xbd]j[0xdc][0xac]}[0xef][0xbf][0xbd][0xef][0xbf][0xbd][0xef][0xbf][0xbd]2,[0xef][0xbf][0xbd][0xef][0xbf][0xbd][0xef][0xbf][0xbd][0x19][0xef][0xbf][0xbd][0xef][0xbf][0xbd][0xef][0xbf][0xbd][0xef][0xbf][0xbd]^1[0xef][0xbf][0xbd]wI[0xef][0xbf][0xbd]qy@q[0xef][0xbf][0xbd][0xef][0xbf][0xbd][0x1b]f[0xef][0xbf][0xbd][0xef][0xbf][0xbd]9[0x1a][0xc]VO[0x1a][0xef][0xbf][0xbd][0xef][0xbf][0xbd][0xef][0xbf][0xbd][0xb]z[0xd7][0xb1]6R[0xef][0xbf][0xbd][0xef][0xbf][0xbd][0xef][0xbf][0xbd][0xef][0xbf][0xbd][0x11][0xef][0xbf][0xbd][0xef][0xbf][0xbd][0xef][0xbf][0xbd]?e[0xef][0xbf][0xbd][0xef][0xbf][0xbd]-[0xcf][0x9d][0xef][0xbf][0xbd][0xef][0xbf][0xbd][0xef][0xbf][0xbd]jM-[0xef][0xbf][0xbd][0xef][0xbf][0xbd]^[0xef][0xbf][0xbd]N[0xef][0xbf][0xbd]i[[0xef][0xbf][0xbd]T*[0xef][0xbf][0xbd][\n]"
07:56:28.690 [main] DEBUG org.apache.http.wire -  >> "[0x1d][0xef][0xbf][0xbd]a1[0xef][0xbf][0xbd][0xef][0xbf][0xbd]=[0xef][0xbf][0xbd]a[0xef][0xbf][0xbd]s,Z[0x1d]p[0xef][0xbf][0xbd]m[0xef][0xbf][0xbd]aY[0x1e][0xef][0xbf][0xbd][0xef][0xbf][0xbd][0x1c][0xef][0xbf][0xbd]>}c[0xef][0xbf][0xbd]a[0xef][0xbf][0xbd][0x11][0xef][0xbf][0xbd]_[0xef][0xbf][0xbd][0xc4][0xb3][0xef][0xbf][0xbd]-[0xf][0xde][0x93][0xef][0xbf][0xbd][0xef][0xbf][0xbd]e<[0xef][0xbf][0xbd][0xef][0xbf][0xbd][0xef][0xbf][0xbd]][0xef][0xbf][0xbd]KoP[0x1a][0xef][0xbf][0xbd][0xef][0xbf][0xbd]=[0xef][0xbf][0xbd]f[0xef][0xbf][0xbd]:d[0x0]Kj[0xef][0xbf][0xbd]d[0xef][0xbf][0xbd][0xef][0xbf][0xbd][0x1b][0xef][0xbf][0xbd][0xef][0xbf][0xbd]Inus&i[0xef][0xbf][0xbd][0xef][0xbf][0xbd]6k[0xef][0xbf][0xbd][0xef][0xbf][0xbd][0xef][0xbf][0xbd]S[0x19]%j[0xef][0xbf][0xbd][0xef][0xbf][0xbd]#[0xef][0xbf][0xbd][0xef][0xbf][0xbd]/[0xef][0xbf][0xbd][0xef][0xbf][0xbd]_[0xef][0xbf][0xbd][0xef][0xbf][0xbd][0xef][0xbf][0xbd]cV[0x2][0xef][0xbf][0xbd]B[0xef][0xbf][0xbd][0xef][0xbf][0xbd][0xef][0xbf][0xbd][0xef][0xbf][0xbd]'O?r[0xef][0xbf][0xbd][0xf][0xef][0xbf][0xbd][0xef][0xbf][0xbd][0x19][0x13][0xef][0xbf][0xbd]&jm/9J[\n]"
07:56:28.691 [main] DEBUG org.apache.http.wire -  >> "[0xef][0xbf][0xbd]9][0x3][0xef][0xbf][0xbd]pC[0xef][0xbf][0xbd]<[0xef][0xbf][0xbd]%[0x1][0xef][0xbf][0xbd][0xef][0xbf][0xbd][0x12][0x1c][0xef][0xbf][0xbd][0xca][0x96]k[0xef][0xbf][0xbd]1c!rN[0x14]6[0xef][0xbf][0xbd][0xef][0xbf][0xbd][0xef][0xbf][0xbd][0xef][0xbf][0xbd]h[0x1]*[0xef][0xbf][0xbd]l[0xef][0xbf][0xbd]\[0xef][0xbf][0xbd][0xef][0xbf][0xbd][0x1c][0xef][0xbf][0xbd][0xcf][0x9d][0xef][0xbf][0xbd]~[0xef][0xbf][0xbd][0x3][0x18][0x16][0xef][0xbf][0xbd][0xef][0xbf][0xbd][0xef][0xbf][0xbd][0x19][0xef][0xbf][0xbd][0xef][0xbf][0xbd]p[0x5][0xef][0xbf][0xbd]V[0xef][0xbf][0xbd][0xef][0xbf][0xbd]^[0xef][0xbf][0xbd][0xce][0x93]7[0xef][0xbf][0xbd]M.[0xef][0xbf][0xbd][0xef][0xbf][0xbd][0xef][0xbf][0xbd][0xef][0xbf][0xbd][0xef][0xbf][0xbd][0xef][0xbf][0xbd]X[0x13]MF4[0xef][0xbf][0xbd],[0xef][0xbf][0xbd][0xef][0xbf][0xbd][0xef][0xbf][0xbd][0xef][0xbf][0xbd]|[0xef][0xbf][0xbd][0xef][0xbf][0xbd][0xef][0xbf][0xbd][0xef][0xbf][0xbd][0xef][0xbf][0xbd]q[0xf][0xca][0xb0]~[0x18][0xef][0xbf][0xbd]L[0xef][0xbf][0xbd][0x3]X[0x0]2[0xef][0xbf][0xbd][0xef][0xbf][0xbd][0xde][0x98][0xef][0xbf][0xbd]h4O[0xef][0xbf][0xbd][0xef][0xbf][0xbd]S[0xef][0xbf][0xbd][0xd1][0xad][0xef][0xbf][0xbd]U[0xef][0xbf][0xbd]I[0xef][0xbf][0xbd][0xef][0xbf][0xbd][0x1e][0xef][0xbf][0xbd][0xef][0xbf][0xbd][rZ[0xef][0xbf][0xbd][0xef][0xbf][0xbd]Z[0xef][0xbf][0xbd]e[0xef][0xbf][0xbd]V[0xef][0xbf][0xbd]0{[0xef][0xbf][0xbd]{[0xef][0xbf][0xbd][0xdf][0xa4]*[0xef][0xbf][0xbd][0xef][0xbf][0xbd][0x13]F0[0xef][0xbf][0xbd][0x16][0xef][0xbf][0xbd][0xef][0xbf][0xbd]][0xef][0xbf][0xbd][0xef][0xbf][0xbd][0xef][0xbf][0xbd][0xef][0xbf][0xbd][0xef][0xbf][0xbd]s[0xef][0xbf][0xbd][0xc3][0xb8][0xef][0xbf][0xbd]q[0xcd][0x8e][0xef][0xbf][0xbd]hw[0xef][0xbf][0xbd]-W}[0xef][0xbf][0xbd][0x1f][0x0]qu[0xef][0xbf][0xbd][0x8]0[0xef][0xbf][0xbd]=c[0xef][0xbf][0xbd]JY[0xef][0xbf][0xbd]l[0xef][0xbf][0xbd]KfibZ[0xef][0xbf][0xbd][0xef][0xbf][0xbd][0xef][0xbf][0xbd]kp[0xef][0xbf][0xbd]%`[0xef][0xbf][0xbd]Rym[0xef][0xbf][0xbd]s[0xef][0xbf][0xbd]7[0xef][0xbf][0xbd][0xef][0xbf][0xbd][0xef][0xbf][0xbd]m[0xef][0xbf][0xbd][0xef][0xbf][0xbd]P[0xc6][0xbd]r[0xef][0xbf][0xbd][0xef][0xbf][0xbd][0xef][0xbf][0xbd][0xef][0xbf][0xbd]{[0xef][0xbf][0xbd]Y[\r]}[0xef][0xbf][0xbd]{[0xef][0xbf][0xbd][0xef][0xbf][0xbd][0xef][0xbf][0xbd][0xef][0xbf][0xbd][0xef][0xbf][0xbd][0x7][0xef][0xbf][0xbd]=J[0xef][0xbf][0xbd][0xef][0xbf][0xbd]u[0xcd][0xa7][0xef][0xbf][0xbd]R[0x17]hy[0xef][0xbf][0xbd][0xef][0xbf][0xbd][0xef][0xbf][0xbd][0xef][0xbf][0xbd]3[0xef][0xbf][0xbd][0xef][0xbf][0xbd][0x1a]n[0xef][0xbf][0xbd],[0xef][0xbf][0xbd]G[0x16][0xef][0xbf][0xbd][0xef][0xbf][0xbd][0xef][0xbf][0xbd][0xef][0xbf][0xbd]R[0xef][0xbf][0xbd][0xef][0xbf][0xbd][0xef][0xbf][0xbd]\)[0xef][0xbf][0xbd].Y[0xef][0xbf][0xbd][0xef][0xbf][0xbd]c[0xef][0xbf][0xbd][0xe][0xef][0xbf][0xbd][0x17][0xef][0xbf][0xbd][0xef][0xbf][0xbd][0xc2][0xbf][0x18] [0x2][0xef][0xbf][0xbd][0x1b][0xef][0xbf][0xbd][[0xef][0xbf][0xbd][0xef][0xbf][0xbd]_n[0xef][0xbf][0xbd]G[0x1a][0xef][0xbf][0xbd]<[0xef][0xbf][0xbd]\,[0xef][0xbf][0xbd][0xef][0xbf][0xbd]([0xef][0xbf][0xbd]A)[0xef][0xbf][0xbd];[0xef][0xbf][0xbd][0xef][0xbf][0xbd]`_G[0xef][0xbf][0xbd]6-[0x17][0xef][0xbf][0xbd]\z[0xef][0xbf][0xbd][0xef][0xbf][0xbd][0xef][0xbf][0xbd][0xef][0xbf][0xbd][0xef][0xbf][0xbd][\r][0xef][0xbf][0xbd][0xef][0xbf][0xbd][0x19][0xef][0xbf][0xbd]K[0xef][0xbf][0xbd]fv[0x0][0xef][0xbf][0xbd][0xef][0xbf][0xbd][0xef][0xbf][0xbd]K+[0xcf][0xb6]([0xef][0xbf][0xbd]hxK[0xef][0xbf][0xbd][0xef][0xbf][0xbd]a[0xef][0xbf][0xbd][0xef][0xbf][0xbd][0xef][0xbf][0xbd][0xef][0xbf][0xbd][0x1e][0xef][0xbf][0xbd][0xef][0xbf][0xbd][0xef][0xbf][0xbd][0x1][0xef][0xbf][0xbd]O[0xef][0xbf][0xbd][0xef][0xbf][0xbd])[0x10]+ui[0xef][0xbf][0xbd][0xd1][0x82][0xc3][0xb4][0xde][0xa9][0x3][0xd9][0xbb]-[0xef][0xbf][0xbd][0xef][0xbf][0xbd]3[0xef][0xbf][0xbd],[0xef][0xbf][0xbd]>[0xca][0xb7][0xdd][0x93][0xef][0xbf][0xbd][0xef][0xbf][0xbd][0xef][0xbf][0xbd][0xef][0xbf][0xbd][0x4]`![\r]d[0xef][0xbf][0xbd]r'eZ[0xef][0xbf][0xbd]y[0xef][0xbf][0xbd]s[0xef][0xbf][0xbd]f}[0xef][0xbf][0xbd]/[0xef][0xbf][0xbd][0xef][0xbf][0xbd][0xc]][0xc7][0xb6][0xef][0xbf][0xbd][0xef][0xbf][0xbd][0xef][0xbf][0xbd]R[0xef][0xbf][0xbd]p[0xef][0xbf][0xbd]B!*[0xef][0xbf][0xbd][0xef][0xbf][0xbd][0xef][0xbf][0xbd]#[0x18]b ][0xef][0xbf][0xbd][0xef][0xbf][0xbd]&[0xef][0xbf][0xbd][0xc6][0x94][0xef][0xbf][0xbd][0xef][0xbf][0xbd][0xef][0xbf][0xbd][0xef][0xbf][0xbd]l[0x7][0xef][0xbf][0xbd][0xc6][0x94][0x2][0xef][0xbf][0xbd][0xef][0xbf][0xbd][0xef][0xbf][0xbd][0xf]{[0x1]qb[0xef][0xbf][0xbd][0xef][0xbf][0xbd][0xef][0xbf][0xbd][0xef][0xbf][0xbd]%[0xef][0xbf][0xbd][0xef][0xbf][0xbd][0xef][0xbf][0xbd]V[0xef][0xbf][0xbd][0xef][0xbf][0xbd]p[0xef][0xbf][0xbd]:[0xef][0xbf][0xbd][0xef][0xbf][0xbd][0xe]{[0xef][0xbf][0xbd][0x3]P[0xef][0xbf][0xbd][0xe][0xef][0xbf][0xbd]'[0x4][0xef][0xbf][0xbd][0xef][0xbf][0xbd]pg[0xef][0xbf][0xbd]k5[0xef][0xbf][0xbd][0x4][0xef][0xbf][0xbd]:[0x5]L[0xef][0xbf][0xbd]^[0xef][0xbf][0xbd]S[0xef][0xbf][0xbd][0xef][0xbf][0xbd][0xef][0xbf][0xbd]YP[0xef][0xbf][0xbd][0xef][0xbf][0xbd]pY_[0xef][0xbf][0xbd]7W[0x18][0x18]K\[0xef][0xbf][0xbd]'m[[0xef][0xbf][0xbd]Y{J1[0x1e]q[0xef][0xbf][0xbd][0x1][0xef][0xbf][0xbd]!I[0xef][0xbf][0xbd][0xef][0xbf][0xbd]t[0xef][0xbf][0xbd]O[0xef][0xbf][0xbd]@[0xef][0xbf][0xbd][0xef][0xbf][0xbd].[0xef][0xbf][0xbd]wX[0xef][0xbf][0xbd][0xef][0xbf][0xbd][0xef][0xbf][0xbd][0x1f][0xef][0xbf][0xbd][0xef][0xbf][0xbd][0xdc][0x9a][0xef][0xbf][0xbd][0x14][0xef][0xbf][0xbd]^]Q$[0xef][0xbf][0xbd]x[0x1f]<1u[0xef][0xbf][0xbd])[\r][0xef][0xbf][0xbd]h[0xef][0xbf][0xbd][0xef][0xbf][0xbd][0x9][0xef][0xbf][0xbd][0xef][0xbf][0xbd][0xef][0xbf][0xbd][0xef][0xbf][0xbd][0xef][0xbf][0xbd]{[0x4]fU[0xef][0xbf][0xbd][0x17][0xef][0xbf][0xbd][0xef][0xbf][0xbd][0x18]*i[0xef][0xbf][0xbd]@[0xcc][0x98]/[0xef][0xbf][0xbd][0xef][0xbf][0xbd]=+6w`qRT#[0xef][0xbf][0xbd][0xef][0xbf][0xbd]9`Q[0xc6][0x87]Y[0xef][0xbf][0xbd][0xda][0x94][0x2][0x18]o[0x1]WVqik*[0xef][0xbf][0xbd][0xca][0x82][0xef][0xbf][0xbd]G[0xef][0xbf][0xbd]7[0x1a]kD[0x18][0xef][0xbf][0xbd]e?V[0x2][0xef][0xbf][0xbd][0xef][0xbf][0xbd][0xef][0xbf][0xbd][0x0]$[0xf]l[0xe][0xd2][0xb4][0xef][0xbf][0xbd][0xdb][0x82]q%[0x1f][0xef][0xbf][0xbd][0x19][0xef][0xbf][0xbd]n[0xef][0xbf][0xbd][0xef][0xbf][0xbd][0xef][0xbf][0xbd]z~[0xef][0xbf][0xbd][0xef][0xbf][0xbd]h[0xef][0xbf][0xbd]u[0xef][0xbf][0xbd][0xd3][0xbd][0xef][0xbf][0xbd][0xef][0xbf][0xbd][0xce][0xb8][0xef][0xbf][0xbd]>[0xef][0xbf][0xbd]4j[0xef][0xbf][0xbd]w[0x0]N[0xef][0xbf][0xbd][0xef][0xbf][0xbd][0xef][0xbf][0xbd][0xef][0xbf][0xbd]D[0xef][0xbf][0xbd]?[0xef][0xbf][0xbd]8b[0xef][0xbf][0xbd]v[0x2][0xd0][0xbc][[0xef][0xbf][0xbd][0xd1][0xb5][0xef][0xbf][0xbd]V[0xc6][0xb5][0xef][0xbf][0xbd]=[0xf][0xef][0xbf][0xbd][0xef][0xbf][0xbd]\[0xef][0xbf][0xbd][0xef][0xbf][0xbd]IlK[0xef][0xbf][0xbd]iy[0x13][0xef][0xbf][0xbd]t[0xef][0xbf][0xbd][0xef][0xbf][0xbd][0xef][0xbf][0xbd][0xef][0xbf][0xbd]d[\r]u&[0xef][0xbf][0xbd]%a[0xef][0xbf][0xbd]2[0xef][0xbf][0xbd][0xe]k[0xef][0xbf][0xbd][0xef][0xbf][0xbd]\[0xef][0xbf][0xbd][0xef][0xbf][0xbd][0xe][0xef][0xbf][0xbd]>[0xef][0xbf][0xbd][0xef][0xbf][0xbd][0xef][0xbf][0xbd]o[0xef][0xbf][0xbd][0xd5][0xb2][0xef][0xbf][0xbd][\r][0xef][0xbf][0xbd]{[0xef][0xbf][0xbd][0xef][0xbf][0xbd]Q[0xef][0xbf][0xbd]Lr[0xef][0xbf][0xbd]b[0xef][0xbf][0xbd]K'[0xef][0xbf][0xbd][0xef][0xbf][0xbd][0x1d].[0x3]2[0xce][0x9f][0xef][0xbf][0xbd][0xef][0xbf][0xbd]u[0xef][0xbf][0xbd][0xc3][0xa5][0xef][0xbf][0xbd]d[0xef][0xbf][0xbd][0xef][0xbf][0xbd][0xef][0xbf][0xbd]zh[0xef][0xbf][0xbd][0xef][0xbf][0xbd][0xef][0xbf][0xbd][0xef][0xbf][0xbd]0[0xef][0xbf][0xbd][0xef][0xbf][0xbd]*[0x16]K[0xef][0xbf][0xbd]mK[0xef][0xbf][0xbd]#v)[0xcf][0xbf][0xef][0xbf][0xbd][0xef][0xbf][0xbd]o?{K[0xef][0xbf][0xbd][0xef][0xbf][0xbd][0xef][0xbf][0xbd];O[0xef][0xbf][0xbd][0xef][0xbf][0xbd][0xef][0xbf][0xbd]'[0xef][0xbf][0xbd][0x1a]e([0xef][0xbf][0xbd]96g+[0xef][0xbf][0xbd][0xef][0xbf][0xbd].[0xef][0xbf][0xbd][0xef][0xbf][0xbd]bO[0xef][0xbf][0xbd]'[0xef][0xbf][0xbd][0xef][0xbf][0xbd]0[0xef][0xbf][0xbd]1[0x8][0x1b][0x12][0xdc][0x8e][0x1d]H[0x1][0x6][0xf]F[0xef][0xbf][0xbd]R[0xef][0xbf][0xbd][0x1b][0x18][0xef][0xbf][0xbd][0x5][0xef][0xbf][0xbd][0xef][0xbf][0xbd]C[0xef][0xbf][0xbd][0xef][0xbf][0xbd]\[0xef][0xbf][0xbd]A[0xef][0xbf][0xbd]D[0xef][0xbf][0xbd][0x13][0x1d][0xef][0xbf][0xbd][0xf][0x11]4B[0xef][0xbf][0xbd][0xef][0xbf][0xbd][0x0][0x3][0xef][0xbf][0xbd][0x1a]s[0xef][0xbf][0xbd]8[0x1][0xef][0xbf][0xbd][0xef][0xbf][0xbd][0xef][0xbf][0xbd]FX[0xef][0xbf][0xbd][0xef][0xbf][0xbd][0xef][0xbf][0xbd][0xef][0xbf][0xbd]>[0xc5][0x8a][0xef][0xbf][0xbd][0xef][0xbf][0xbd][0xef][0xbf][0xbd][0xef][0xbf][0xbd]/rl[0xef][0xbf][0xbd]8[0xef][0xbf][0xbd]A[0xef][0xbf][0xbd][0xef][0xbf][0xbd][0xc2][0xb3]3[0xef][0xbf][0xbd]#[0x17][0xef][0xbf][0xbd][0xef][0xbf][0xbd][0x18][0x18][0xef][0xbf][0xbd][0x8]F[0xef][0xbf][0xbd][0xef][0xbf][0xbd][0xc2][0xb8]8[0xb][0xef][0xbf][0xbd][0xef][0xbf][0xbd]+`[0xef][0xbf][0xbd]&[0xef][0xbf][0xbd]i[[0xef][0xbf][0xbd][0x1][0xef][0xbf][0xbd]^[0xef][0xbf][0xbd][0xef][0xbf][0xbd]6x[0xef][0xbf][0xbd]N[0xef][0xbf][0xbd]&[0xef][0xbf][0xbd]5[0x1e]Y[0xef][0xbf][0xbd]=[0xef][0xbf][0xbd][0x12][0xef][0xbf][0xbd][0x9]5[0xef][0xbf][0xbd];[0xef][0xbf][0xbd]3$[0xef][0xbf][0xbd][0xef][0xbf][0xbd]i[0xef][0xbf][0xbd][0x0][0xef][0xbf][0xbd]:[0xb]*3bR[0xef][0xbf][0xbd]D;N<[0xef][0xbf][0xbd][0xef][0xbf][0xbd]*[0xef][0xbf][0xbd][0x1f]:[0xef][0xbf][0xbd][0xef][0xbf][0xbd][0xef][0xbf][0xbd][0xef][0xbf][0xbd]y[0xef][0xbf][0xbd]!h[0x19][0xef][0xbf][0xbd][0xef][0xbf][0xbd]9[0xef][0xbf][0xbd][0xca][0x80][0xcd][0xb2][0xef][0xbf][0xbd]ZF[0x15]6:[0xef][0xbf][0xbd][0xd9][0x99][0xef][0xbf][0xbd][0xef][0xbf][0xbd][0xef][0xbf][0xbd]I,[0xef][0xbf][0xbd][0xef][0xbf][0xbd][0x4]C[0xef][0xbf][0xbd]D[0xf][0xef][0xbf][0xbd][0xef][0xbf][0xbd][0xef][0xbf][0xbd][0xef][0xbf][0xbd][\r]`i[0xef][0xbf][0xbd][0xd6][0xa9][0xef][0xbf][0xbd][0xef][0xbf][0xbd]F|N[0x18]}[0xef][0xbf][0xbd][0xda][0x99][0xdf][0xb9]R[0xef][0xbf][0xbd][0xef][0xbf][0xbd][0x1]Iw!z[0xef][0xbf][0xbd][0xef][0xbf][0xbd][\n]"
07:56:28.692 [main] DEBUG org.apache.http.wire -  >> "[0xef][0xbf][0xbd][0x8][0xef][0xbf][0xbd][0x8][0xef][0xbf][0xbd]4[0xef][0xbf][0xbd][0xef][0xbf][0xbd]*zD5[0xef][0xbf][0xbd][0xef][0xbf][0xbd]#[0xc8][0x82]`[0xef][0xbf][0xbd][0x7][0xdb][0xad]=[0xef][0xbf][0xbd]>n[0xef][0xbf][0xbd][0xef][0xbf][0xbd]X[0x1d][0x6][0x18][0xef][0xbf][0xbd][0xef][0xbf][0xbd][0xef][0xbf][0xbd][0xdf][0x84][0xda][0xb2]>[0xef][0xbf][0xbd][0xef][0xbf][0xbd][0xef][0xbf][0xbd][0x1f][0xef][0xbf][0xbd][0xef][0xbf][0xbd][0xca][0xbd][0xd3][0xa3][0xef][0xbf][0xbd][0xef][0xbf][0xbd][0xef][0xbf][0xbd][0xef][0xbf][0xbd][0xef][0xbf][0xbd][0xef][0xbf][0xbd]|[0xef][0xbf][0xbd][[0xef][0xbf][0xbd]H[0xef][0xbf][0xbd]w[0xc]d[0x19][0x17]Z[0xef][0xbf][0xbd][0xef][0xbf][0xbd][0xef][0xbf][0xbd][0xef][0xbf][0xbd][0xef][0xbf][0xbd]N[0xef][0xbf][0xbd]L3[0xef][0xbf][0xbd][0xef][0xbf][0xbd][0xef][0xbf][0xbd][0xef][0xbf][0xbd][0xef][0xbf][0xbd][0xef][0xbf][0xbd][0xef][0xbf][0xbd][0xef][0xbf][0xbd][0xef][0xbf][0xbd][0xef][0xbf][0xbd][0xef][0xbf][0xbd][0xef][0xbf][0xbd][0xef][0xbf][0xbd][0xef][0xbf][0xbd][0xef][0xbf][0xbd]d=FCp[0x11]][0xef][0xbf][0xbd][0xef][0xbf][0xbd]A![0xef][0xbf][0xbd]baBY[0xef][0xbf][0xbd]v[0xef][0xbf][0xbd]rQ0[0xef][0xbf][0xbd][0x4][0xef][0xbf][0xbd][0xef][0xbf][0xbd][0xef][0xbf][0xbd]Uy[0xef][0xbf][0xbd][0x16]g[0xef][0xbf][0xbd][0xef][0xbf][0xbd]c([0xef][0xbf][0xbd][0xef][0xbf][0xbd][0xef][0xbf][0xbd]z[0xc8][0xb3][0x18]MA@[0xef][0xbf][0xbd][0x0]B[0x3][0xef][0xbf][0xbd][0x0][0xef][0xbf][0xbd]"[0xef][0xbf][0xbd][0xef][0xbf][0xbd]"[0xef][0xbf][0xbd]g[0x6][0xef][0xbf][0xbd]z[0xcc][0xa8][0xef][0xbf][0xbd][0xef][0xbf][0xbd]u[0x19][0x19][0x0][0xe][0xef][0xbf][0xbd][0xef][0xbf][0xbd]e0[0x15][0xef][0xbf][0xbd][0x5][0xef][0xbf][0xbd][0xef][0xbf][0xbd][0x9]iSk8hM[0xef][0xbf][0xbd]r[0xef][0xbf][0xbd]/[0xef][0xbf][0xbd]a[0xc7][0xac][0x5][0x1c][0xc3][0x97][0xef][0xbf][0xbd][\r][0xef][0xbf][0xbd][0xef][0xbf][0xbd][0xca][0xa3]3J*[0xd4][0x97][0xef][0xbf][0xbd]#[0xef][0xbf][0xbd]\x[0xce][0xa9][0xef][0xbf][0xbd][0xef][0xbf][0xbd]{[0xef][0xbf][0xbd][\r][0xef][0xbf][0xbd][0xef][0xbf][0xbd][0x12][0xef][0xbf][0xbd][0xef][0xbf][0xbd]Y[0x16][0xef][0xbf][0xbd][0xef][0xbf][0xbd][0xef][0xbf][0xbd]v[0xef][0xbf][0xbd]:[0xef][0xbf][0xbd]/[0xef][0xbf][0xbd]j[0xdc][0xa7]B,[0x1e][0xef][0xbf][0xbd][\n]"
07:56:28.692 [main] DEBUG org.apache.http.wire -  >> "u[0xef][0xbf][0xbd]^[0x16][0xef][0xbf][0xbd][0xef][0xbf][0xbd]y[0xef][0xbf][0xbd][0xef][0xbf][0xbd][0xef][0xbf][0xbd][0xef][0xbf][0xbd][0x1c]t7[0xef][0xbf][0xbd]B[\n]"
07:56:28.692 [main] DEBUG org.apache.http.wire -  >> "[0x4]4[0xf][0xcd][0xad]0[0xef][0xbf][0xbd][0xef][0xbf][0xbd]x[0xef][0xbf][0xbd][0xef][0xbf][0xbd]H[0xef][0xbf][0xbd][0xef][0xbf][0xbd]\[0x1a][0xef][0xbf][0xbd][0xef][0xbf][0xbd][0xef][0xbf][0xbd][0xec][0x80][0x98]![0xef][0xbf][0xbd][0xef][0xbf][0xbd][0xef][0xbf][0xbd][0xef][0xbf][0xbd][0xef][0xbf][0xbd][0xef][0xbf][0xbd]J[0xef][0xbf][0xbd]i[0xef][0xbf][0xbd][0x18][0xef][0xbf][0xbd].s[0xef][0xbf][0xbd][0xef][0xbf][0xbd][0xef][0xbf][0xbd][\r][0xef][0xbf][0xbd][0xef][0xbf][0xbd][0x17][0xef][0xbf][0xbd]2[0xef][0xbf][0xbd][0xef][0xbf][0xbd][0xef][0xbf][0xbd]m[0xef][0xbf][0xbd][0xef][0xbf][0xbd]V[0xef][0xbf][0xbd][0x15][0xef][0xbf][0xbd][0xef][0xbf][0xbd]R[0xef][0xbf][0xbd]"[0xef][0xbf][0xbd]0[0xef][0xbf][0xbd]rl[0xef][0xbf][0xbd][0xef][0xbf][0xbd][0x1b][0x4]@[0xef][0xbf][0xbd][0xef][0xbf][0xbd][0xef][0xbf][0xbd][0x16]}[0xef][0xbf][0xbd]>[0xc9][0x85][0xef][0xbf][0xbd]g^[0xef][0xbf][0xbd][0xef][0xbf][0xbd]_z[0x16][0xef][0xbf][0xbd][0xef][0xbf][0xbd]*[0xef][0xbf][0xbd]wP[0xef][0xbf][0xbd][0xef][0xbf][0xbd][0xef][0xbf][0xbd]o[0xef][0xbf][0xbd][0xef][0xbf][0xbd][0xef][0xbf][0xbd][0xef][0xbf][0xbd]si[0xc3][0xb8][0xef][0xbf][0xbd][0xef][0xbf][0xbd][0xef][0xbf][0xbd][0xef][0xbf][0xbd][0xef][0xbf][0xbd][0xef][0xbf][0xbd][0xef][0xbf][0xbd][0xef][0xbf][0xbd][0x6]_[0xef][0xbf][0xbd][0xef][0xbf][0xbd]V*a9[0xef][0xbf][0xbd]R[0x1e][0xef][0xbf][0xbd][0x15][0xef][0xbf][0xbd][0x10][0xef][0xbf][0xbd][0xef][0xbf][0xbd][0xef][0xbf][0xbd]9\[0xcb][0xa3]?[0xda][0xa5]c9[0xef][0xbf][0xbd][0x17]<x[0xef][0xbf][0xbd]4[0xef][0xbf][0xbd])8[0xef][0xbf][0xbd][0xdf][0x9b][0xef][0xbf][0xbd][0xef][0xbf][0xbd][0xef][0xbf][0xbd][0xef][0xbf][0xbd]g[0x10][0xef][0xbf][0xbd][0xef][0xbf][0xbd][0xef][0xbf][0xbd][0x1d]~&kHpz[0xef][0xbf][0xbd][0x9][0x0][0xef][0xbf][0xbd][0xef][0xbf][0xbd]C9R[0xef][0xbf][0xbd]m[0xef][0xbf][0xbd][0x11][0xef][0xbf][0xbd][0xd9][0xac][0xef][0xbf][0xbd]5[0xef][0xbf][0xbd]\<[0xef][0xbf][0xbd][0xef][0xbf][0xbd][0xef][0xbf][0xbd][0xef][0xbf][0xbd][0x1a]p[0xef][0xbf][0xbd]\[0xef][0xbf][0xbd][0x5][0xef][0xbf][0xbd]j[0xef][0xbf][0xbd][0x1a][0xef][0xbf][0xbd][0xef][0xbf][0xbd][0x1b][0xef][0xbf][0xbd][0xe]m[0xef][0xbf][0xbd][0xef][0xbf][0xbd]Z:[0xef][0xbf][0xbd]A\(Z[[0xef][0xbf][0xbd][0x10]P[0xef][0xbf][0xbd]%[0xef][0xbf][0xbd][0xef][0xbf][0xbd][0x1][0xef][0xbf][0xbd][0xef][0xbf][0xbd]r[0xef][0xbf][0xbd]k[0xef][0xbf][0xbd][0xca][0x9d][0xef][0xbf][0xbd]([0xef][0xbf][0xbd]4[0xef][0xbf][0xbd][0xc3][0x96]~[0xef][0xbf][0xbd][0xef][0xbf][0xbd][0x16][0x18][0xef][0xbf][0xbd][0xef][0xbf][0xbd][0xef][0xbf][0xbd][0xef][0xbf][0xbd][0xc][0xef][0xbf][0xbd][0xd1][0x8e][0xc8][0xab]~m[0xef][0xbf][0xbd][0xef][0xbf][0xbd]A_[0x1b][0xef][0xbf][0xbd][0xdc][0xb0]P[0xef][0xbf][0xbd]\[0xef][0xbf][0xbd][0xef][0xbf][0xbd][0xef][0xbf][0xbd][0xef][0xbf][0xbd]G[0xef][0xbf][0xbd][0xf][0xef][0xbf][0xbd]fZ?b[0xef][0xbf][0xbd]([0xef][0xbf][0xbd][0xef][0xbf][0xbd][0xef][0xbf][0xbd][0xf][[0xef][0xbf][0xbd]m[0x0][0xef][0xbf][0xbd][0x1]bd;[0xef][0xbf][0xbd][0xef][0xbf][0xbd][0xef][0xbf][0xbd][0xcd][0x81]+Au7[0xef][0xbf][0xbd][0x17][0xef][0xbf][0xbd][0xef][0xbf][0xbd][0xef][0xbf][0xbd]%J[0xef][0xbf][0xbd][0xef][0xbf][0xbd]c}[0xef][0xbf][0xbd][0xc8][0xa0][0xef][0xbf][0xbd][0xef][0xbf][0xbd]B[0xef][0xbf][0xbd][0xef][0xbf][0xbd][0xe][0xef][0xbf][0xbd][0xef][0xbf][0xbd][0xef][0xbf][0xbd][0xef][0xbf][0xbd]V[0x4]l[0xef][0xbf][0xbd][0xef][0xbf][0xbd][0xef][0xbf][0xbd][0xef][0xbf][0xbd][0xef][0xbf][0xbd][0xef][0xbf][0xbd][0xef][0xbf][0xbd]>[0xef][0xbf][0xbd][0xef][0xbf][0xbd] [0xef][0xbf][0xbd][0xef][0xbf][0xbd][0xef][0xbf][0xbd][0xef][0xbf][0xbd]/czx[0xe][0xef][0xbf][0xbd]~[0xef][0xbf][0xbd][0xef][0xbf][0xbd][0xef][0xbf][0xbd][0xef][0xbf][0xbd][0xef][0xbf][0xbd]_[0xef][0xbf][0xbd][0xef][0xbf][0xbd]|[0xef][0xbf][0xbd][0xef][0xbf][0xbd];[0xef][0xbf][0xbd][0xef][0xbf][0xbd][0xef][0xbf][0xbd]G+[0xef][0xbf][0xbd]c/ig[0x16]p'[0xcd][0xb7]XLl[0x9][0xef][0xbf][0xbd][0xef][0xbf][0xbd]v[0xef][0xbf][0xbd][0xef][0xbf][0xbd][0x1a][0xef][0xbf][0xbd]>z[0x3][0xef][0xbf][0xbd]\[0xef][0xbf][0xbd]U[0xef][0xbf][0xbd]`[0x18]C+AJ[0xef][0xbf][0xbd][0xef][0xbf][0xbd]N[0xef][0xbf][0xbd]&%[0xf][0xef][0xbf][0xbd][0xef][0xbf][0xbd][0xd4][0x81][0xd9][0x87]f[0xef][0xbf][0xbd][0x14][0xef][0xbf][0xbd][0xef][0xbf][0xbd][0xef][0xbf][0xbd]a/W[0xf][0xef][0xbf][0xbd][0xef][0xbf][0xbd][0xef][0xbf][0xbd] [0x11]s[0xef][0xbf][0xbd][0x6][0xc4][0xa4]dv[0xef][0xbf][0xbd]p[0xef][0xbf][0xbd][0x19]S][0xef][0xbf][0xbd][0xef][0xbf][0xbd][0x16][0xef][0xbf][0xbd]+[0xd0][0xa4][0x1c][0xef][0xbf][0xbd][0xef][0xbf][0xbd][0xef][0xbf][0xbd][0xef][0xbf][0xbd]R[0xf]A:[0xef][0xbf][0xbd]f[0xef][0xbf][0xbd][0xef][0xbf][0xbd]S[0xef][0xbf][0xbd]qt[0x1b][0xef][0xbf][0xbd][0xef][0xbf][0xbd]D"W[0xef][0xbf][0xbd][0x10][0xef][0xbf][0xbd]wM[0xef][0xbf][0xbd][0xeb][0xaa][0x84][0x1d][0xef][0xbf][0xbd]"F[0xef][0xbf][0xbd][[0xef][0xbf][0xbd]wR[0xef][0xbf][0xbd][0x1e]$[0x1e][0xc]+k[0xef][0xbf][0xbd][0x1c][0xef][0xbf][0xbd];i[0x1d]Z[0xef][0xbf][0xbd][0xef][0xbf][0xbd]UJ[0xef][0xbf][0xbd][0x2][0xef][0xbf][0xbd][0xef][0xbf][0xbd][0xef][0xbf][0xbd][0xef][0xbf][0xbd][0xef][0xbf][0xbd][0x1a]6,.*g[0xef][0xbf][0xbd]TX_F'[0xef][0xbf][0xbd]G[0xef][0xbf][0xbd].[0xef][0xbf][0xbd][0xef][0xbf][0xbd]W[0xef][0xbf][0xbd]_[0x17][0xef][0xbf][0xbd]$[0xef][0xbf][0xbd][0xef][0xbf][0xbd][0xef][0xbf][0xbd]8[0xef][0xbf][0xbd]/[0xc][0xef][0xbf][0xbd]6[0xef][0xbf][0xbd][0xef][0xbf][0xbd][0xef][0xbf][0xbd][0xef][0xbf][0xbd][0xef][0xbf][0xbd][0xef][0xbf][0xbd]Lc [0xef][0xbf][0xbd][0x9][0xd6][0x9c][0xef][0xbf][0xbd][0xef][0xbf][0xbd][0xef][0xbf][0xbd][0xef][0xbf][0xbd][0xef][0xbf][0xbd][0xef][0xbf][0xbd][0xef][0xbf][0xbd][0xef][0xbf][0xbd]e[0xef][0xbf][0xbd][0x8][0xef][0xbf][0xbd]I[0xef][0xbf][0xbd]{jk[0xef][0xbf][0xbd]r8[0xef][0xbf][0xbd][0x19][0xef][0xbf][0xbd]"
07:56:28.693 [main] DEBUG org.apache.http.wire -  >> "[0xef][0xbf][0xbd][0xef][0xbf][0xbd][0xef][0xbf][0xbd]=[0x8][0x1c][0x2][0xef][0xbf][0xbd]$i`{\+[0xef][0xbf][0xbd][0xef][0xbf][0xbd][0xca][0x83][0xef][0xbf][0xbd]ROx[0xef][0xbf][0xbd] GC%^n^8[0xc8][0x9c][0xef][0xbf][0xbd][0xef][0xbf][0xbd][0x16][0xef][0xbf][0xbd]%7[0xef][0xbf][0xbd][0xef][0xbf][0xbd][0xe][0x1c][0xef][0xbf][0xbd]&[0xc][0xef][0xbf][0xbd]/[0x18]#%[0xef][0xbf][0xbd][0xef][0xbf][0xbd]s[0xef][0xbf][0xbd][0x3]|[0xef][0xbf][0xbd][0xef][0xbf][0xbd]^[0xef][0xbf][0xbd][0xef][0xbf][0xbd][0xef][0xbf][0xbd][0xcf][0xbe][0xef][0xbf][0xbd][0xdb][0xbf]t[0xef][0xbf][0xbd][0xef][0xbf][0xbd][0xef][0xbf][0xbd]#\[0xef][0xbf][0xbd]Q[0xef][0xbf][0xbd][0xef][0xbf][0xbd]y[0xef][0xbf][0xbd]<[0xef][0xbf][0xbd][0xef][0xbf][0xbd][0x18][0xef][0xbf][0xbd]vm[0xef][0xbf][0xbd][0xef][0xbf][0xbd]Z[0xef][0xbf][0xbd][\n]"
07:56:28.694 [main] DEBUG org.apache.http.wire -  >> "[0xef][0xbf][0xbd]a[[0xef][0xbf][0xbd][0x5][0x3][0xef][0xbf][0xbd][0x1c][0xef][0xbf][0xbd][0xef][0xbf][0xbd][0xef][0xbf][0xbd]ri7[\r][0xef][0xbf][0xbd][0xef][0xbf][0xbd][0xef][0xbf][0xbd][0xef][0xbf][0xbd]-[0xef][0xbf][0xbd][0xef][0xbf][0xbd][0xef][0xbf][0xbd]?[0xef][0xbf][0xbd]Q[0xef][0xbf][0xbd][0xef][0xbf][0xbd][0xef][0xbf][0xbd][0xef][0xbf][0xbd][0x18]o-1[0xef][0xbf][0xbd]_[0xef][0xbf][0xbd][0xef][0xbf][0xbd][0x4]H[0x1a][0xef][0xbf][0xbd][0xef][0xbf][0xbd]b[0xef][0xbf][0xbd][0xef][0xbf][0xbd]![0xef][0xbf][0xbd][0x12]7[0xce][0x9f][0xef][0xbf][0xbd]x[0xef][0xbf][0xbd]B[0xd1][0xa1][0xef][0xbf][0xbd][0x4][0xef][0xbf][0xbd][0xef][0xbf][0xbd]A"[\r][0xc2][0x83][0xef][0xbf][0xbd]I'N[0xef][0xbf][0xbd][0xef][0xbf][0xbd][0xef][0xbf][0xbd][0xd2][0xa1]([CD[0xef][0xbf][0xbd][0xef][0xbf][0xbd][0x1e][0xef][0xbf][0xbd]e`d[0x1e]p[0xef][0xbf][0xbd][0xd8][0xaa][0xef][0xbf][0xbd][0xe9][0xa5][0x80][0xef][0xbf][0xbd][0xef][0xbf][0xbd][0xea][0xb4][0xb3][0xef][0xbf][0xbd][0x7][0xef][0xbf][0xbd]^}[0xd3][0x97][0xef][0xbf][0xbd]Zk[0xef][0xbf][0xbd][0x10][0xef][0xbf][0xbd][0xef][0xbf][0xbd]![0xef][0xbf][0xbd][0xef][0xbf][0xbd][0xef][0xbf][0xbd],[0xef][0xbf][0xbd][0xef][0xbf][0xbd]L[0xef][0xbf][0xbd][0x1b]S[0xef][0xbf][0xbd][0xef][0xbf][0xbd]`K[0xef][0xbf][0xbd][0xef][0xbf][0xbd]^[0xef][0xbf][0xbd]~[0xef][0xbf][0xbd]E[0xcc][0x9a]rM[0xef][0xbf][0xbd][0xc8][0x9a][0xef][0xbf][0xbd][0x1a].Yl[0xef][0xbf][0xbd][0xef][0xbf][0xbd][0xef][0xbf][0xbd]-[0xef][0xbf][0xbd][0xef][0xbf][0xbd][0xcc][0x8e]S[\n]"
07:56:28.694 [main] DEBUG org.apache.http.wire -  >> "[0xef][0xbf][0xbd]$q[0x11][0xef][0xbf][0xbd][0xef][0xbf][0xbd][0xef][0xbf][0xbd]a[0xd6][0x8e][0xef][0xbf][0xbd][0x1b][0x4][0xef][0xbf][0xbd][0xef][0xbf][0xbd]`[0xef][0xbf][0xbd]*[0x19][0xef][0xbf][0xbd]r[0xef][0xbf][0xbd][0xef][0xbf][0xbd][0xef][0xbf][0xbd][0x1f]s6R[0xef][0xbf][0xbd]*[0xef][0xbf][0xbd]?[0xef][0xbf][0xbd]>|[0xef][0xbf][0xbd]IN-[0x5]M[0xef][0xbf][0xbd]we$[0xef][0xbf][0xbd]7[0xef][0xbf][0xbd][0xef][0xbf][0xbd][0xef][0xbf][0xbd][0x2]F[0xef][0xbf][0xbd]8[0xef][0xbf][0xbd]O6[0xef][0xbf][0xbd][0xef][0xbf][0xbd][0xef][0xbf][0xbd][0xef][0xbf][0xbd][0xef][0xbf][0xbd][0xef][0xbf][0xbd]n[0x1b]"[0xef][0xbf][0xbd][0xef][0xbf][0xbd]6[0xdf][0xbd][0xef][0xbf][0xbd]9[0x11][0x2][0xef][0xbf][0xbd][0x19][0xef][0xbf][0xbd][0xef][0xbf][0xbd][0xef][0xbf][0xbd][0xef][0xbf][0xbd][0x14]gB[0xef][0xbf][0xbd][0xef][0xbf][0xbd][0xef][0xbf][0xbd][0xef][0xbf][0xbd][0xef][0xbf][0xbd][0xef][0xbf][0xbd];R[0xef][0xbf][0xbd][0xda][0xbd][0xef][0xbf][0xbd][0xef][0xbf][0xbd][0xef][0xbf][0xbd]*-*[0xef][0xbf][0xbd]0T[0xef][0xbf][0xbd][0xef][0xbf][0xbd][0xef][0xbf][0xbd][0xef][0xbf][0xbd][0xc3][0xb3][0xef][0xbf][0xbd][0xef][0xbf][0xbd][0xef][0xbf][0xbd]/~[0xef][0xbf][0xbd][0x6]b[0x1f][0xef][0xbf][0xbd][0xef][0xbf][0xbd]C{d[0xef][0xbf][0xbd]'y[0xef][0xbf][0xbd]7[0xcd][0x83][0x3]e7[0x11][0xef][0xbf][0xbd][0xef][0xbf][0xbd][0xef][0xbf][0xbd][0xef][0xbf][0xbd]$G[0xef][0xbf][0xbd][0xef][0xbf][0xbd][0xef][0xbf][0xbd]4[0xef][0xbf][0xbd]t[0xef][0xbf][0xbd][0xef][0xbf][0xbd][0x1][0xef][0xbf][0xbd][0xef][0xbf][0xbd][0xef][0xbf][0xbd]@[0xef][0xbf][0xbd][0xef][0xbf][0xbd]G0[0xef][0xbf][0xbd][0xe5][0xbc][0xaf]4\[0xef][0xbf][0xbd]y[0xef][0xbf][0xbd][0xef][0xbf][0xbd][0xef][0xbf][0xbd]L[0x11][0xef][0xbf][0xbd][0xef][0xbf][0xbd][0xef][0xbf][0xbd][0xef][0xbf][0xbd]0[0xef][0xbf][0xbd]3[0xef][0xbf][0xbd]t[0xef][0xbf][0xbd][0xef][0xbf][0xbd][0x18][0xef][0xbf][0xbd][0xef][0xbf][0xbd]8[0xef][0xbf][0xbd][0xef][0xbf][0xbd][0x1a]+[0xef][0xbf][0xbd][0xef][0xbf][0xbd][0x5][0xef][0xbf][0xbd][0xef][0xbf][0xbd]s[0xef][0xbf][0xbd]Q[0xef][0xbf][0xbd][0xef][0xbf][0xbd][\r][0x5][0xef][0xbf][0xbd]/[0xef][0xbf][0xbd]B4[0xef][0xbf][0xbd]V[0xef][0xbf][0xbd][0xef][0xbf][0xbd][0xef][0xbf][0xbd][0xef][0xbf][0xbd][0xef][0xbf][0xbd]F[0xef][0xbf][0xbd][0xef][0xbf][0xbd][0xef][0xbf][0xbd][0xef][0xbf][0xbd][0xef][0xbf][0xbd][0x1c][0x4][0xef][0xbf][0xbd]6[0xef][0xbf][0xbd]<[0xef][0xbf][0xbd][0xef][0xbf][0xbd]X,Y[0xef][0xbf][0xbd][0xef][0xbf][0xbd]o[0xef][0xbf][0xbd]][0xef][0xbf][0xbd]i7[0x7][0xef][0xbf][0xbd][0xef][0xbf][0xbd]q[0xef][0xbf][0xbd][0xef][0xbf][0xbd]k[0xef][0xbf][0xbd]B[0xef][0xbf][0xbd][0x14][0xef][0xbf][0xbd]P[0xef][0xbf][0xbd][0xef][0xbf][0xbd]1M[0xef][0xbf][0xbd][0xef][0xbf][0xbd][0xef][0xbf][0xbd]D[0x1c][0xef][0xbf][0xbd]|[0xdb][0xb3][0xef][0xbf][0xbd]d$[0xef][0xbf][0xbd]~o[0xef][0xbf][0xbd]+b2[0xef][0xbf][0xbd]9[0x3][0xef][0xbf][0xbd][0x11][0x3][0xef][0xbf][0xbd][0xef][0xbf][0xbd]t[0xef][0xbf][0xbd][0xef][0xbf][0xbd][0x14]md[0xef][0xbf][0xbd] [0xef][0xbf][0xbd][0xef][0xbf][0xbd][0xef][0xbf][0xbd][0xd8][0xa5]T8[0xef][0xbf][0xbd]?r[0x13][0xef][0xbf][0xbd],[0x0][0xef][0xbf][0xbd]{c:[0xef][0xbf][0xbd]%[0xef][0xbf][0xbd]q[0x0]p[0xef][0xbf][0xbd]1G[0xef][0xbf][0xbd]/[0xef][0xbf][0xbd][0xef][0xbf][0xbd][0xcf][0xb6][0xef][0xbf][0xbd][0x10][\r]o[0x1]{[0xef][0xbf][0xbd][0xef][0xbf][0xbd][0x6][0xef][0xbf][0xbd][0xef][0xbf][0xbd][0xef][0xbf][0xbd][0x10][0xef][0xbf][0xbd][0xef][0xbf][0xbd]][0xef][0xbf][0xbd][0xef][0xbf][0xbd][0xef][0xbf][0xbd][0xef][0xbf][0xbd][0xef][0xbf][0xbd][0xef][0xbf][0xbd][0x14][0xef][0xbf][0xbd]e^{[0xef][0xbf][0xbd]a`[0xef][0xbf][0xbd]][0xcc][0xa1][0xef][0xbf][0xbd]9[0xef][0xbf][0xbd]%[0xef][0xbf][0xbd]&!ez,[0x15]CWb[0x15][0xef][0xbf][0xbd][0xef][0xbf][0xbd]&y[0xef][0xbf][0xbd][0xef][0xbf][0xbd]0[0xef][0xbf][0xbd][0xef][0xbf][0xbd][0x7][0xef][0xbf][0xbd][0x1c][0xe9][0x98][0x99][0x2][0x8]|=[0xef][0xbf][0xbd]<[0xef][0xbf][0xbd][0xef][0xbf][0xbd][0x17][0xef][0xbf][0xbd][0xef][0xbf][0xbd]_~[0x1][0xef][0xbf][0xbd][0xef][0xbf][0xbd](?[0xef][0xbf][0xbd]G[0xef][0xbf][0xbd]q[0xef][0xbf][0xbd][0xef][0xbf][0xbd]J[0x1b][0xef][0xbf][0xbd][0x12][0xef][0xbf][0xbd]F)[0xef][0xbf][0xbd]u>[0xef][0xbf][0xbd][0xef][0xbf][0xbd][0xda][0x9f]U[0xef][0xbf][0xbd]l[0xef][0xbf][0xbd]9[0xef][0xbf][0xbd][0x1][0xef][0xbf][0xbd]h[0xd3][0x9a]LY[0x1f][0xef][0xbf][0xbd][0xef][0xbf][0xbd]V[0xef][0xbf][0xbd][0xef][0xbf][0xbd][0xef][0xbf][0xbd][0xef][0xbf][0xbd]N^[0xef][0xbf][0xbd][0xc][0xef][0xbf][0xbd]m[0xef][0xbf][0xbd]M[0xef][0xbf][0xbd][0xd8][0xb7]{1<[0xef][0xbf][0xbd]</[0xef][0xbf][0xbd][0xe][0xef][0xbf][0xbd]0[0xef][0xbf][0xbd][\r][0xef][0xbf][0xbd][0xef][0xbf][0xbd][0xef][0xbf][0xbd]j[0xef][0xbf][0xbd]R[0xdf][0x8d][0x1d][0x1a]:[0xef][0xbf][0xbd][0xef][0xbf][0xbd][0xef][0xbf][0xbd]m[0xef][0xbf][0xbd][0x7]o+[0x1c][0x16][0xef][0xbf][0xbd]1_K[0x11][0xef][0xbf][0xbd]Y[0xef][0xbf][0xbd]%[0xef][0xbf][0xbd]Z[0xef][0xbf][0xbd]jl8[0xd2][0xa5][0x7][0xef][0xbf][0xbd][0xef][0xbf][0xbd]]F'[0xef][0xbf][0xbd][0x1c]p[0xe0][0xa8][0xb1][0xef][0xbf][0xbd][0xef][0xbf][0xbd][0x14]1EqJ[0xef][0xbf][0xbd][0x19][0x1c][0xef][0xbf][0xbd][0xe6][0x86][0x83]V[0xef][0xbf][0xbd][0xef][0xbf][0xbd]Z[0xef][0xbf][0xbd][0xef][0xbf][0xbd][[0xef][0xbf][0xbd]Q2[0xef][0xbf][0xbd][0xef][0xbf][0xbd]M[0xef][0xbf][0xbd][0xef][0xbf][0xbd]UIo'[0xef][0xbf][0xbd]41[0xef][0xbf][0xbd][0xef][0xbf][0xbd]q[0xef][0xbf][0xbd]c[0xef][0xbf][0xbd][0xde][0xab][0xef][0xbf][0xbd];[0xef][0xbf][0xbd]g[0xcb][0xbb][0xef][0xbf][0xbd][0xef][0xbf][0xbd][\r]%[0xef][0xbf][0xbd]/[0xef][0xbf][0xbd]k@[0xef][0xbf][0xbd][0xef][0xbf][0xbd][0xef][0xbf][0xbd]`<7[0xef][0xbf][0xbd][0xef][0xbf][0xbd]$[0xef][0xbf][0xbd]w[0x1a][0xb][0xef][0xbf][0xbd][0xef][0xbf][0xbd][0xef][0xbf][0xbd][0x18][0x17]K[0x5][0xef][0xbf][0xbd][0xd0][0xb4][0xef][0xbf][0xbd]|m[0xef][0xbf][0xbd]X[0xef][0xbf][0xbd][0xef][0xbf][0xbd][0xef][0xbf][0xbd][0x0]c[0xef][0xbf][0xbd][0xef][0xbf][0xbd][0x5][0xef][0xbf][0xbd]=ko[0xef][0xbf][0xbd])[0x13]K[0xcc][0xab][0xef][0xbf][0xbd][0x1e][0xef][0xbf][0xbd][0xcd][0xb5][0xef][0xbf][0xbd]Y[0xef][0xbf][0xbd],'[0xef][0xbf][0xbd][0xef][0xbf][0xbd]to[0xf]y[0xef][0xbf][0xbd]@[0x11][0xef][0xbf][0xbd][0xef][0xbf][0xbd]u[0x17]5[0xef][0xbf][0xbd][0xef][0xbf][0xbd]^[0xef][0xbf][0xbd][0x1a][0xef][0xbf][0xbd][0x15]#[0xef][0xbf][0xbd][0xd9][0xaf]4[0xef][0xbf][0xbd][0xef][0xbf][0xbd][0xef][0xbf][0xbd]f[\n]"
07:56:28.694 [main] DEBUG org.apache.http.wire -  >> "49[0xef][0xbf][0xbd][0xef][0xbf][0xbd]7[0xef][0xbf][0xbd][0xef][0xbf][0xbd][\r][0xef][0xbf][0xbd]>^%[0xef][0xbf][0xbd]C[0xef][0xbf][0xbd][0xef][0xbf][0xbd][0xef][0xbf][0xbd][0xef][0xbf][0xbd][0xef][0xbf][0xbd][0xf][0xef][0xbf][0xbd][0xef][0xbf][0xbd][0xef][0xbf][0xbd][0x1f][0xef][0xbf][0xbd]o2-[0xef][0xbf][0xbd]![0xef][0xbf][0xbd]0+U$J[0xef][0xbf][0xbd]tLs[0xef][0xbf][0xbd][0x6]4<[0x14][0xef][0xbf][0xbd]\[!aLP[0xef][0xbf][0xbd][0xef][0xbf][0xbd]O[0xef][0xbf][0xbd][0x0][0xef][0xbf][0xbd][0xef][0xbf][0xbd][0xef][0xbf][0xbd][0xef][0xbf][0xbd]![0xef][0xbf][0xbd]l[P[0xef][0xbf][0xbd][0xef][0xbf][0xbd][0xef][0xbf][0xbd]Z[0xef][0xbf][0xbd][0x13][0xef][0xbf][0xbd]9[0xef][0xbf][0xbd])o[0xda][0x89]}[0xd5][0xbf][0xef][0xbf][0xbd]=9[0xef][0xbf][0xbd]Bb[0xef][0xbf][0xbd]&[0x7]%J[0xef][0xbf][0xbd][0x6]Uc[0xef][0xbf][0xbd][0x16]N[0xd0][0xa9][0xef][0xbf][0xbd]h[0xef][0xbf][0xbd]k[0x1f][0xef][0xbf][0xbd]Lr[0xef][0xbf][0xbd][0xef][0xbf][0xbd][0xef][0xbf][0xbd]-[0xef][0xbf][0xbd][0xef][0xbf][0xbd][0xef][0xbf][0xbd][0xef][0xbf][0xbd][\n]"
07:56:28.694 [main] DEBUG org.apache.http.wire -  >> "[0xef][0xbf][0xbd][0xef][0xbf][0xbd]r[0xef][0xbf][0xbd][0xef][0xbf][0xbd]l!<[0xef][0xbf][0xbd]#X5[0xef][0xbf][0xbd]z[0xef][0xbf][0xbd]E<9:[0xef][0xbf][0xbd][0xef][0xbf][0xbd]r[0xd6][0x85][0xef][0xbf][0xbd].[0xef][0xbf][0xbd][0xef][0xbf][0xbd]\[0x1][0xef][0xbf][0xbd]b[0xef][0xbf][0xbd][0xef][0xbf][0xbd]xX_c[0xef][0xbf][0xbd]k'[0xef][0xbf][0xbd][0x1a]O[0xef][0xbf][0xbd][0xef][0xbf][0xbd]z[0x0][0xef][0xbf][0xbd][0xef][0xbf][0xbd]`O[0xef][0xbf][0xbd]{[0xef][0xbf][0xbd][0xef][0xbf][0xbd][0xef][0xbf][0xbd],hJ4[0x10]a[0xef][0xbf][0xbd][0xe]BV[0xef][0xbf][0xbd][0xef][0xbf][0xbd][0xef][0xbf][0xbd]R[0xef][0xbf][0xbd]O[0xef][0xbf][0xbd]x[0xef][0xbf][0xbd][0xef][0xbf][0xbd][0xef][0xbf][0xbd]+f[0xef][0xbf][0xbd][0xef][0xbf][0xbd][0xef][0xbf][0xbd]D[0x1e]L[0xef][0xbf][0xbd]AA[0xd4][0xb0]6`[[0xef][0xbf][0xbd]>[0xef][0xbf][0xbd]n[0xef][0xbf][0xbd][0xef][0xbf][0xbd]i`[0xef][0xbf][0xbd][0xef][0xbf][0xbd][0x1d][0xef][0xbf][0xbd][0xef][0xbf][0xbd][0xef][0xbf][0xbd][0xef][0xbf][0xbd][0xef][0xbf][0xbd]j[0xef][0xbf][0xbd][0xef][0xbf][0xbd][0x7][0x12]E[0xef][0xbf][0xbd][0xef][0xbf][0xbd]CT[0xef][0xbf][0xbd][0xef][0xbf][0xbd][0xcf][0xbc]ud[0xef][0xbf][0xbd]=2[0xef][0xbf][0xbd][0xef][0xbf][0xbd][0xef][0xbf][0xbd]${[0xef][0xbf][0xbd][0xef][0xbf][0xbd]Fx[[0xef][0xbf][0xbd][0xef][0xbf][0xbd][0x0]Yo0[\n]"
07:56:28.694 [main] DEBUG org.apache.http.wire -  >> "ctY[0xef][0xbf][0xbd][0xef][0xbf][0xbd][0xef][0xbf][0xbd][0xef][0xbf][0xbd]+[0xef][0xbf][0xbd]}[0xef][0xbf][0xbd][0xef][0xbf][0xbd]lk[0xef][0xbf][0xbd][0xef][0xbf][0xbd][0xef][0xbf][0xbd][0xef][0xbf][0xbd][0xcf][0xbe][0xef][0xbf][0xbd][0xdb][0xbf][0xef][0xbf][0xbd][0x10][0xef][0xbf][0xbd][0xef][0xbf][0xbd]+?[0x1c][0xef][0xbf][0xbd][0xef][0xbf][0xbd]=z[\n]"
07:56:28.694 [main] DEBUG org.apache.http.wire -  >> "[0xef][0xbf][0xbd][0xef][0xbf][0xbd].[0x0],[0x15]]@rUDu[0xef][0xbf][0xbd][0xef][0xbf][0xbd][0xef][0xbf][0xbd][0xef][0xbf][0xbd]<[0xef][0xbf][0xbd]I5[0xef][0xbf][0xbd]5[0x8][0x12][0xef][0xbf][0xbd]()S>[0xdd][0xab]i[0xef][0xbf][0xbd]2$[0xb][0xc4][0xa8][0xef][0xbf][0xbd][0xef][0xbf][0xbd][0xef][0xbf][0xbd][0x1a]J([0x0][0xef][0xbf][0xbd][0xef][0xbf][0xbd]P[0xef][0xbf][0xbd]B [0xef][0xbf][0xbd]r[0xef][0xbf][0xbd][\n]"
07:56:28.695 [main] DEBUG org.apache.http.wire -  >> "[0xef][0xbf][0xbd]V}[0xef][0xbf][0xbd][0xef][0xbf][0xbd][0xef][0xbf][0xbd]2[0xef][0xbf][0xbd][0x3][0xd8][0x8d][0xef][0xbf][0xbd]([0xef][0xbf][0xbd][0xef][0xbf][0xbd][0x19]d[0xd1][0xa6][0xef][0xbf][0xbd])[0xef][0xbf][0xbd]fE[0xc]8[0xef][0xbf][0xbd]X[0xef][0xbf][0xbd][0xef][0xbf][0xbd][0xef][0xbf][0xbd][0xef][0xbf][0xbd]%[0xef][0xbf][0xbd][0xef][0xbf][0xbd]9[0xef][0xbf][0xbd][0xef][0xbf][0xbd]$[0x15][0xef][0xbf][0xbd]8[0xef][0xbf][0xbd][0xef][0xbf][0xbd]Je}[0xe][0xef][0xbf][0xbd]G[0x1c][0xef][0xbf][0xbd]2[0xef][0xbf][0xbd][0xef][0xbf][0xbd][0xef][0xbf][0xbd][0xb]x[0x13][0xef][0xbf][0xbd][0xef][0xbf][0xbd][0xef][0xbf][0xbd][0xef][0xbf][0xbd]5>Q[0xf][0xef][0xbf][0xbd][0xef][0xbf][0xbd]p[0xef][0xbf][0xbd][0xef][0xbf][0xbd][0xef][0xbf][0xbd]A[0xef][0xbf][0xbd][0xef][0xbf][0xbd][0xef][0xbf][0xbd];%[0xef][0xbf][0xbd][0xef][0xbf][0xbd][0xef][0xbf][0xbd][0xef][0xbf][0xbd][0xef][0xbf][0xbd][0xef][0xbf][0xbd][0xc]B[0x0]4[0xef][0xbf][0xbd]%[0x2]W-[0xe][0xef][0xbf][0xbd][0xef][0xbf][0xbd][0xef][0xbf][0xbd]([0xef][0xbf][0xbd]D[0x6]D[0xef][0xbf][0xbd];[0x3]B[0x13][0xef][0xbf][0xbd]h[0xef][0xbf][0xbd][0xef][0xbf][0xbd]`[0x0][0x8][0xef][0xbf][0xbd][0xef][0xbf][0xbd]}[0xef][0xbf][0xbd]r[0xef][0xbf][0xbd][0xef][0xbf][0xbd][0xdf][0x87][0xef][0xbf][0xbd]q,[0x1a]d$h~[0x1a]2[0x2][0xef][0xbf][0xbd][0xef][0xbf][0xbd][0x1])[0xc5][0xa1]f[0xef][0xab][0xbe][0xef][0xbf][0xbd]f[0x10][0xef][0xbf][0xbd]s.[0xef][0xbf][0xbd])H[0x9]w[0xef][0xbf][0xbd] s[0x1a][0xef][0xbf][0xbd][0x6][0xef][0xbf][0xbd]TQ[0xef][0xbf][0xbd]K[0xef][0xbf][0xbd]8y[0xef][0xbf][0xbd][0xef][0xbf][0xbd][0xef][0xbf][0xbd][0xef][0xbf][0xbd][0xef][0xbf][0xbd][0xef][0xbf][0xbd][0xef][0xbf][0xbd][0xd0][0xa3][0xef][0xbf][0xbd][0xef][0xbf][0xbd][\r][0x5][0x1])[0xef][0xbf][0xbd][0xef][0xbf][0xbd]3[0xef][0xbf][0xbd][0xef][0xbf][0xbd][0xef][0xbf][0xbd][0xef][0xbf][0xbd]V[0x3]va[0xef][0xbf][0xbd]<I$[0x3][0xef][0xbf][0xbd]T[0x1b][0xef][0xbf][0xbd]V_=[0xef][0xbf][0xbd][0xef][0xbf][0xbd]w^[0xef][0xbf][0xbd][0xef][0xbf][0xbd]/[0xef][0xbf][0xbd][0xef][0xbf][0xbd]`[0x1f][0xef][0xbf][0xbd][0xef][0xbf][0xbd]CQ[0xef][0xbf][0xbd]gZ[0xef][0xbf][0xbd]W0[0x1e][0xef][0xbf][0xbd]!B[0x1f][0xef][0xbf][0xbd][0xef][0xbf][0xbd][0x5]A[0xef][0xbf][0xbd][0xef][0xbf][0xbd]R[0xd5][0xb1]X[0xef][0xbf][0xbd]*[0xef][0xbf][0xbd][0xef][0xbf][0xbd]O[0xef][0xbf][0xbd]ly[0xef][0xbf][0xbd]V[0x1e]>[0xef][0xbf][0xbd]c[0xef][0xbf][0xbd][0xef][0xbf][0xbd] c#[0xef][0xbf][0xbd][0xef][0xbf][0xbd]Q[0xef][0xbf][0xbd]aTS[0xef][0xbf][0xbd]Q/[0xef][0xbf][0xbd][0xef][0xbf][0xbd][\n]"
07:56:28.695 [main] DEBUG org.apache.http.wire -  >> "[0xc]&[0xb][0xef][0xbf][0xbd]I[0xe][0xef][0xbf][0xbd][0xef][0xbf][0xbd][0xef][0xbf][0xbd][0xd5][0x96][0xef][0xbf][0xbd][0xef][0xbf][0xbd][0xef][0xbf][0xbd]_%[0xef][0xbf][0xbd][0xef][0xbf][0xbd]{^[0xef][0xbf][0xbd]J[0xef][0xbf][0xbd][0x10]uWc[0xef][0xbf][0xbd][0xef][0xbf][0xbd][0xef][0xbf][0xbd][0xef][0xbf][0xbd][0xef][0xbf][0xbd][0xef][0xbf][0xbd]*[0xe2][0xac][0x8c][0xef][0xbf][0xbd]Ib1iY[0xef][0xbf][0xbd]&[0xef][0xbf][0xbd][0xef][0xbf][0xbd][0x7]9S[0xef][0xbf][0xbd][0xef][0xbf][0xbd][0xef][0xbf][0xbd][0xef][0xbf][0xbd][0xef][0xbf][0xbd][0x7][0x1][0xef][0xbf][0xbd]N[0xef][0xbf][0xbd][0xef][0xbf][0xbd][0xd6][0x84][0xef][0xbf][0xbd][0xef][0xbf][0xbd][0xef][0xbf][0xbd]j7n[0xef][0xbf][0xbd]d[0xef][0xbf][0xbd]`.[0x0][0xef][0xbf][0xbd]~.[0xef][0xbf][0xbd][0x18][0xef][0xbf][0xbd][0xef][0xbf][0xbd][0xef][0xbf][0xbd]X[0xef][0xbf][0xbd]b[0x15]G[0xef][0xbf][0xbd][0xef][0xbf][0xbd][0x4]R%[0x6]1[0x9][0x3]d[0xef][0xbf][0xbd][0x4][0xef][0xbf][0xbd][0xef][0xbf][0xbd][0x0]X[0xef][0xbf][0xbd][0xef][0xbf][0xbd]j[0xef][0xbf][0xbd][0x1e][0x1d][0xef][0xbf][0xbd][0xef][0xbf][0xbd]i[0xef][0xbf][0xbd]j[0xef][0xbf][0xbd][0xef][0xbf][0xbd][0xef][0xbf][0xbd][0xef][0xbf][0xbd]-;[0xef][0xbf][0xbd][0xef][0xbf][0xbd]uj[0xef][0xbf][0xbd][0xef][0xbf][0xbd][0xef][0xbf][0xbd][0x2][0xef][0xbf][0xbd]E[0xef][0xbf][0xbd][0xef][0xbf][0xbd][0x13][0xb][0x5]9{[0xef][0xbf][0xbd][0xef][0xbf][0xbd][0xef][0xbf][0xbd]C[0xef][0xbf][0xbd][0xef][0xbf][0xbd][0x12][0xef][0xbf][0xbd][0x1d][0x9][0xef][0xbf][0xbd][0xef][0xbf][0xbd][0x15][0xef][0xbf][0xbd]b[0xef][0xbf][0xbd][0xef][0xbf][0xbd][0x6][0xef][0xbf][0xbd]3[0xef][0xbf][0xbd]?[0xef][0xbf][0xbd][0x2][0xef][0xbf][0xbd]n[0xef][0xbf][0xbd][0xef][0xbf][0xbd][0x9][0xef][0xbf][0xbd][0x2]l[0xef][0xbf][0xbd]J[0xef][0xbf][0xbd][0xef][0xbf][0xbd]Z,[0xef][0xbf][0xbd][0xef][0xbf][0xbd][0xef][0xbf][0xbd][0xef][0xbf][0xbd]p[0xef][0xbf][0xbd]h[0xef][0xbf][0xbd][0xef][0xbf][0xbd][0xef][0xbf][0xbd]N[0xef][0xbf][0xbd]o[0xef][0xbf][0xbd][0xc][0xef][0xbf][0xbd][0xef][0xbf][0xbd][0xef][0xbf][0xbd]=4>[0x12][0xce][0x98][0x13],I[0xb][0x6][0xef][0xbf][0xbd]u[0xef][0xbf][0xbd][0x13][0xef][0xbf][0xbd]L1:Q[0x1b]bg2N[0xef][0xbf][0xbd][0xef][0xbf][0xbd],[0xef][0xbf][0xbd]][0xef][0xbf][0xbd]_|[0xef][0xbf][0xbd][[0xef][0xbf][0xbd][0xef][0xbf][0xbd][0xef][0xbf][0xbd][0x17][0xef][0xbf][0xbd][0xef][0xbf][0xbd]Wn [0xef][0xbf][0xbd]1/[0xef][0xbf][0xbd][0x3][0xef][0xbf][0xbd]/Z1[0xef][0xbf][0xbd]em[0xef][0xbf][0xbd][0xef][0xbf][0xbd][0xef][0xbf][0xbd][0xef][0xbf][0xbd]xy[[0xef][0xbf][0xbd][0xef][0xbf][0xbd]6[0xef][0xbf][0xbd][0x18] [0xef][0xbf][0xbd]+We|[0xef][0xbf][0xbd][0xef][0xbf][0xbd][0xef][0xbf][0xbd]H[0xef][0xbf][0xbd]I9[0xef][0xbf][0xbd][0xef][0xbf][0xbd]K3[0xef][0xbf][0xbd][0xef][0xbf][0xbd]1[0xef][0xbf][0xbd]F[0xef][0xbf][0xbd][0xef][0xbf][0xbd]Z[0xef][0xbf][0xbd]k[0xef][0xbf][0xbd]d[0x15]u[0xef][0xbf][0xbd][0xca][0xb1][0xef][0xbf][0xbd]X;[0xef][0xbf][0xbd]Na[0xee][0x9d][0x94][0xef][0xbf][0xbd][0xef][0xbf][0xbd][0xef][0xbf][0xbd][0x6]M[0xef][0xbf][0xbd][0xef][0xbf][0xbd][0xef][0xbf][0xbd][0x19][0xef][0xbf][0xbd][0x2]3/!s[0x11]n[0xef][0xbf][0xbd])[0xef][0xbf][0xbd][0xef][0xbf][0xbd]`[0xef][0xbf][0xbd][0xef][0xbf][0xbd][0x17][0xef][0xbf][0xbd][0x9][0xef][0xbf][0xbd]#[0xef][0xbf][0xbd]2[0x1d]K8[0xef][0xbf][0xbd]J[0xef][0xbf][0xbd]d[0xef][0xbf][0xbd][0xef][0xbf][0xbd][0xef][0xbf][0xbd]0j[0x15]kR[0xef][0xbf][0xbd][0xef][0xbf][0xbd]:[0xef][0xbf][0xbd][0x1c][0x5]|[0xef][0xbf][0xbd]{[0x2][0xef][0xbf][0xbd][0xef][0xbf][0xbd][0xef][0xbf][0xbd]o[0x7]*[0xef][0xbf][0xbd]^wR[0xc6][0xa4]qs[0xef][0xbf][0xbd][0xef][0xbf][0xbd][0xef][0xbf][0xbd]#%[0xef][0xbf][0xbd]d[0xef][0xbf][0xbd]e0[0xef][0xbf][0xbd]9[0x11][0xef][0xbf][0xbd]2[0xef][0xbf][0xbd][0xef][0xbf][0xbd][0xef][0xbf][0xbd][0x0]6[0xef][0xbf][0xbd][0xef][0xbf][0xbd]o[0xf]_[0xef][0xbf][0xbd][[0xef][0xbf][0xbd][0xef][0xbf][0xbd][0xef][0xbf][0xbd][0xef][0xbf][0xbd]p[0xef][0xbf][0xbd]k[0xef][0xbf][0xbd][0xef][0xbf][0xbd][0xef][0xbf][0xbd]X[0xef][0xbf][0xbd]T[0xef][0xbf][0xbd],I{Oi}[0xef][0xbf][0xbd]6[0xef][0xbf][0xbd][0xef][0xbf][0xbd][0xef][0xbf][0xbd][0xef][0xbf][0xbd][0xef][0xbf][0xbd][0xef][0xbf][0xbd]=[0xef][0xbf][0xbd]Q[0xef][0xbf][0xbd][0xef][0xbf][0xbd]x[0xef][0xbf][0xbd]:[0xe]t:3ur[0xef][0xbf][0xbd]1[0xc5][0xac][0xef][0xbf][0xbd]v'1[0x0]LHNF[0xef][0xbf][0xbd][0xef][0xbf][0xbd][0x6][0xef][0xbf][0xbd][0xef][0xbf][0xbd][0xef][0xbf][0xbd]<[0x8][0xef][0xbf][0xbd]p[0xef][0xbf][0xbd]b[0xef][0xbf][0xbd][0xef][0xbf][0xbd][0xef][0xbf][0xbd][0x6][0xef][0xbf][0xbd]wL-[0xef][0xbf][0xbd][0x15]|[0xef][0xbf][0xbd][0xef][0xbf][0xbd]g#[0xef][0xbf][0xbd][0xef][0xbf][0xbd][0x7][0x1c][0xef][0xbf][0xbd][0xef][0xbf][0xbd])[0xef][0xbf][0xbd][0xef][0xbf][0xbd][0xef][0xbf][0xbd][0xef][0xbf][0xbd][0xef][0xbf][0xbd][0xd7][0x8c]"[0xef][0xbf][0xbd][0xef][0xbf][0xbd]W2[0xef][0xbf][0xbd][0xcf][0xbe][0xef][0xbf][0xbd][0x1f][0xef][0xbf][0xbd][0xef][0xbf][0xbd]C[0xef][0xbf][0xbd][0xca][0xad][0xef][0xbf][0xbd][0xef][0xbf][0xbd][0xef][0xbf][0xbd][0x16]/[0xef][0xbf][0xbd][0xef][0xbf][0xbd][0xef][0xbf][0xbd][0xef][0xbf][0xbd]j[0xef][0xbf][0xbd][\r]e[0xef][0xbf][0xbd]4i[0xef][0xbf][0xbd][0x1b][0xef][0xbf][0xbd][0xef][0xbf][0xbd]8*%[0xef][0xbf][0xbd][0xef][0xbf][0xbd]Tmug[0x1b][0xef][0xbf][0xbd][0xef][0xbf][0xbd][0xc8][0xaa][0xc9][0xa0]^[0xef][0xbf][0xbd]3r[0xef][0xbf][0xbd]"JI8[0xef][0xbf][0xbd][\r][0xef][0xbf][0xbd]4 [0xef][0xbf][0xbd][0x4]K[0xef][0xbf][0xbd][0xef][0xbf][0xbd][0xef][0xbf][0xbd][0xef][0xbf][0xbd][0xef][0xbf][0xbd][0xef][0xbf][0xbd][0xef][0xbf][0xbd][0xef][0xbf][0xbd][0xef][0xbf][0xbd]a[0xef][0xbf][0xbd]|[0x19]2,[0xef][0xbf][0xbd][0x1e],[0xef][0xbf][0xbd][0xef][0xbf][0xbd][0xef][0xbf][0xbd]O[0xef][0xbf][0xbd]"4nS[0xef][0xbf][0xbd][0xef][0xbf][0xbd][0xef][0xbf][0xbd]|[0x14]T[0xef][0xbf][0xbd]ln[0x14]A,r[0xef][0xbf][0xbd]9[0xef][0xbf][0xbd]Q[0xef][0xbf][0xbd]9[0xef][0xbf][0xbd]k[0x4][0xef][0xbf][0xbd][0xef][0xbf][0xbd]^L[0xef][0xbf][0xbd][0xef][0xbf][0xbd][0x16][0xef][0xbf][0xbd][0xef][0xbf][0xbd][0xef][0xbf][0xbd]y[0xe6][0xa7][0xa2]zf[0xef][0xbf][0xbd]x[0x1d][0xef][0xbf][0xbd][0xef][0xbf][0xbd][0xf][0xef][0xbf][0xbd][0xef][0xbf][0xbd]@6*[0x1b]p[0xef][0xbf]"
07:56:28.702 [main] DEBUG org.apache.http.wire -  >> "[0xbd][0xef][0xbf][0xbd]_[0xef][0xbf][0xbd][0x1e][0xef][0xbf][0xbd][0xef][0xbf][0xbd][0x19][0xef][0xbf][0xbd];_[0xef][0xbf][0xbd]P[0xef][0xbf][0xbd][0xef][0xbf][0xbd][0x6][0x5]fkw[0xef][0xbf][0xbd][0xef][0xbf][0xbd][0x14][0xef][0xbf][0xbd][0xef][0xbf][0xbd]_[0xd8][0x82][0x14][0xef][0xbf][0xbd]f[0x16]~Q[0xef][0xbf][0xbd][0xef][0xbf][0xbd][0xef][0xbf][0xbd]D[0xef][0xbf][0xbd][0xef][0xbf][0xbd]E[0x1][0x15]m[0xef][0xbf][0xbd]4[0xef][0xbf][0xbd]8[0x1d][0xef][0xbf][0xbd][0xef][0xbf][0xbd][0xef][0xbf][0xbd]ua[0xef][0xbf][0xbd]x[0xef][0xbf][0xbd][0x13][0x8][0xef][0xbf][0xbd]{[0xef][0xbf][0xbd][0x6][0xef][0xbf][0xbd][0x18][0xef][0xbf][0xbd]=e[0xef][0xbf][0xbd]Y[0xef][0xbf][0xbd]I[0x6]-[0xef][0xbf][0xbd][0xef][0xbf][0xbd][0xef][0xbf][0xbd][0xef][0xbf][0xbd][[0xef][0xbf][0xbd][0xef][0xbf][0xbd][0xef][0xbf][0xbd][0x13][0xef][0xbf][0xbd][0x18]Y[0xe][0x13][0x15][0xef][0xbf][0xbd][0x16][0x8]c[0xef][0xbf][0xbd][0xef][0xbf][0xbd]v[0x1c]i[0xef][0xbf][0xbd][0xef][0xbf][0xbd][0x10].a[0xef][0xbf][0xbd][0xef][0xbf][0xbd][0x10][0xef][0xbf][0xbd][0xef][0xbf][0xbd][0xef][0xbf][0xbd][0xd1][0xbe][0x4]1[0x19]1[0xef][0xbf][0xbd][0x10][0xef][0xbf][0xbd][0xef][0xbf][0xbd][0xef][0xbf][0xbd][0x9][0x4]RAB[0xef][0xbf][0xbd][0xef][0xbf][0xbd]P[0xef][0xbf][0xbd][0xef][0xbf][0xbd]q8[0x1d][0x13][0xef][0xbf][0xbd]x_7[0xef][0xbf][0xbd][0x3]e[0xef][0xbf][0xbd][0xef][0xbf][0xbd][0xcd][0xbf][0xef][0xbf][0xbd]o[0xef][0xbf][0xbd]~f[0xef][0xbf][0xbd]V[0xef][0xbf][0xbd][0xef][0xbf][0xbd][0x3]S[0xef][0xbf][0xbd]y[0xef][0xbf][0xbd][0xef][0xbf][0xbd]+[0xef][0xbf][0xbd]mb[0xef][0xbf][0xbd][0xef][0xbf][0xbd]k[0xef][0xbf][0xbd].oH[0xef][0xbf][0xbd][0xef][0xbf][0xbd][0xef][0xbf][0xbd][0xef][0xbf][0xbd]5[0xef][0xbf][0xbd][0xef][0xbf][0xbd][0xe]%[0xe9][0xa5][0xa0]_[0xef][0xbf][0xbd]>[0xef][0xbf][0xbd][0xef][0xbf][0xbd] [0xd2][0x87]azO[0xef][0xbf][0xbd][0xd1][0x97][0xef][0xbf][0xbd][0xef][0xbf][0xbd]2$-58[0xef][0xbf][0xbd]j[[0xef][0xbf][0xbd][0x15][0xef][0xbf][0xbd]k=R[0xef][0xbf][0xbd][0xef][0xbf][0xbd][0xef][0xbf][0xbd][0xef][0xbf][0xbd]-eQ[0xe8][0x93][0x9a][0xef][0xbf][0xbd][0xef][0xbf][0xbd]M[0xef][0xbf][0xbd][0xdf][0x94][0xef][0xbf][0xbd][0xef][0xbf][0xbd][0xef][0xbf][0xbd][0x15][0xef][0xbf][0xbd]][0xef][0xbf][0xbd]J]@[0xef][0xbf][0xbd][0xef][0xbf][0xbd][0xef][0xbf][0xbd]ZK[0xef][0xbf][0xbd]I[0x1c][0xef][0xbf][0xbd][0xef][0xbf][0xbd]=6[0xef][0xbf][0xbd][0xe4][0x9f][0x87][0xe]#f[0xef][0xbf][0xbd][0x5][0xef][0xbf][0xbd][0xef][0xbf][0xbd]5[0xef][0xbf][0xbd][\n]"
07:56:28.702 [main] DEBUG org.apache.http.wire -  >> "Y[\n]"
07:56:28.702 [main] DEBUG org.apache.http.wire -  >> "[0xef][0xbf][0xbd][0xef][0xbf][0xbd][0xef][0xbf][0xbd][0xef][0xbf][0xbd][0xef][0xbf][0xbd][0xef][0xbf][0xbd][0xef][0xbf][0xbd]D[0xef][0xbf][0xbd][\n]"
07:56:28.703 [main] DEBUG org.apache.http.wire -  >> "[0x4][0xef][0xbf][0xbd]Y[0xef][0xbf][0xbd]6[0x12][0xe][0xef][0xbf][0xbd]*[0xef][0xbf][0xbd]u[0xef][0xbf][0xbd]"[0x1a]5[0x8][0xef][0xbf][0xbd][0xef][0xbf][0xbd][0xef][0xbf][0xbd][0xef][0xbf][0xbd][0xef][0xbf][0xbd][0xef][0xbf][0xbd]U[0xef][0xbf][0xbd][0x19][0x13][0xef][0xbf][0xbd]SG[0xef][0xbf][0xbd]=[0xef][0xbf][0xbd][0xef][0xbf][0xbd][0xef][0xbf][0xbd][0x1c]Zw [0xef][0xbf][0xbd][0x1d]Gm?[0xef][0xbf][0xbd]T[0xef][0xbf][0xbd][0xef][0xbf][0xbd]@W[0xef][0xbf][0xbd][0xef][0xbf][0xbd][0xef][0xbf][0xbd][0xef][0xbf][0xbd]+U[0x1b]h [0xef][0xbf][0xbd]:[0xef][0xbf][0xbd][0xef][0xbf][0xbd]<]Y[[0xef][0xbf][0xbd]dn[0xef][0xbf][0xbd]]n&tk[0xef][0xbf][0xbd]^s[0xef][0xbf][0xbd][0xef][0xbf][0xbd][0xef][0xbf][0xbd][0xef][0xbf][0xbd]U[0xef][0xbf][0xbd]*[0xef][0xbf][0xbd]{[0x1c]k[0xef][0xbf][0xbd]^L[0xef][0xbf][0xbd]p[0xef][0xbf][0xbd][0xef][0xbf][0xbd][0xef][0xbf][0xbd][0xef][0xbf][0xbd][0xcd][0x86];zi[0xef][0xbf][0xbd][0x15]q[0xef][0xbf][0xbd][0xef][0xbf][0xbd]w[0xef][0xbf][0xbd][0x11][0xef][0xbf][0xbd]W[0x1e]k[0xef][0xbf][0xbd][0xef][0xbf][0xbd]R[0xef][0xbf][0xbd][0xef][0xbf][0xbd][0xef][0xbf][0xbd]Q[0xef][0xbf][0xbd]'c[0xef][0xbf][0xbd][0xef][0xbf][0xbd][0xef][0xbf][0xbd]sy[0xef][0xbf][0xbd][0xef][0xbf][0xbd]g[0xef][0xbf][0xbd]l[0xef][0xbf][0xbd][0xef][0xbf][0xbd][0xef][0xbf][0xbd]7_[0xef][0xbf][0xbd]s/[0xef][0xbf][0xbd][0x7]7[0x10][0xef][0xbf][0xbd][0xef][0xbf][0xbd][0xef][0xbf][0xbd][0x12]?H[0xef][0xbf][0xbd][0xef][0xbf][0xbd]V[0xcc][0x97][0xef][0xbf][0xbd][0xef][0xbf][0xbd]<[0xef][0xbf][0xbd]Q&9*x[0xef][0xbf][0xbd][0xef][0xbf][0xbd][0xef][0xbf][0xbd][0xef][0xbf][0xbd]C[0xef][0xbf][0xbd][0xef][0xbf][0xbd]g[0xef][0xbf][0xbd]>[0xef][0xbf][0xbd]0[0x1c]`[0xef][0xbf][0xbd][0x18][0x1b][0xef][0xbf][0xbd]X_[0xef][0xbf][0xbd][0xef][0xbf][0xbd][0xef][0xbf][0xbd]d}[0xef][0xbf][0xbd][0xef][0xbf][0xbd][0x6]J[0xef][0xbf][0xbd][0x17]CO[0x1][0xef][0xbf][0xbd][0xef][0xbf][0xbd][0xef][0xbf][0xbd]L[0xef][0xbf][0xbd][0xef][0xbf][0xbd]2i8[0xef][0xbf][0xbd]y[0xef][0xbf][0xbd][0xef][0xbf][0xbd][0xd0][0x8e][0x1c][0xef][0xbf][0xbd][0x1f][0xef][0xbf][0xbd][0xef][0xbf][0xbd]V[&N[0xef][0xbf][0xbd][0xef][0xbf][0xbd]#[0xef][0xbf][0xbd]x[0xef][0xbf][0xbd](6Y[0xef][0xbf][0xbd][0xef][0xbf][0xbd][0xc9][0x9d][0xef][0xbf][0xbd][0xef][0xbf][0xbd][0xef][0xbf][0xbd][0xef][0xbf][0xbd]e[0xef][0xbf][0xbd]2gc.[0xef][0xbf][0xbd][0xc3][0xb8][0xef][0xbf][0xbd][0x1f]i[0xd9][0xa1]1[0xef][0xbf][0xbd]zL[0xef][0xbf][0xbd]q-r[0xcc][0x94][0xef][0xbf][0xbd][0xef][0xbf][0xbd]k[0x0][0xca][0x95]&[0xef][0xbf][0xbd][0xef][0xbf][0xbd]9j[0xef][0xbf][0xbd][0x1a]6[0xef][0xbf][0xbd];[0xef][0xbf][0xbd]E[0xef][0xbf][0xbd]l[0xef][0xbf][0xbd]A;e[0xef][0xbf][0xbd]9[0xef][0xbf][0xbd]][0xef][0xbf][0xbd][0xef][0xbf][0xbd][0xcb][0xba][0xef][0xbf][0xbd][0xef][0xbf][0xbd]=[0xef][0xbf][0xbd]t[0xef][0xbf][0xbd]m[0xef][0xbf][0xbd]tCci[0xef][0xbf][0xbd][0x12][0xf][0xef][0xbf][0xbd][0x16][0x14]ac[0xef][0xbf][0xbd]5[0xef][0xbf][0xbd][0x2][0xe][0xef][0xbf][0xbd][0xef][0xbf][0xbd][0xef][0xbf][0xbd]ws[0xef][0xbf][0xbd]rVj[0xef][0xbf][0xbd][[0xef][0xbf][0xbd][0xef][0xbf][0xbd][0xef][0xbf][0xbd][0xef][0xbf][0xbd]^[0xef][0xbf][0xbd][0xef][0xbf][0xbd]>[0xef][0xbf][0xbd][0xef][0xbf][0xbd][0xef][0xbf][0xbd]<[0xef][0xbf][0xbd][0xef][0xbf][0xbd][0xef][0xbf][0xbd]%[0xef][0xbf][0xbd]k[0xef][0xbf][0xbd][\r][0x13]O[0xef][0xbf][0xbd]$[0xef][0xbf][0xbd],m[0xef][0xbf][0xbd][0xc][0xef][0xbf][0xbd][0xef][0xbf][0xbd][0xef][0xbf][0xbd]bY[0xef][0xbf][0xbd]Y[0xef][0xbf][0xbd]h[0x4]W{s[0xef][0xbf][0xbd]r[0xef][0xbf][0xbd][0xc2][0x82][0xef][0xbf][0xbd][0xef][0xbf][0xbd][0x10])s[0xef][0xbf][0xbd][0x15]?z[0xef][0xbf][0xbd]x[0xef][0xbf][0xbd][0xef][0xbf][0xbd]F[0xef][0xbf][0xbd][0xef][0xbf][0xbd][0xef][0xbf][0xbd]U~ j[0xef][0xbf][0xbd]|^>[0xef][0xbf][0xbd]{[0x14][0xef][0xbf][0xbd]^L+.[0xef][0xbf][0xbd]"[0xe4][0x81][0xa8]`[0xef][0xbf][0xbd][0x1d][0xef][0xbf][0xbd][0xef][0xbf][0xbd][0xef][0xbf][0xbd]`[0xef][0xbf][0xbd][0xef][0xbf][0xbd]m[0xef][0xbf][0xbd].[0x14][0xef][0xbf][0xbd][0xef][0xbf][0xbd][0x16]q[0xef][0xbf][0xbd]b][0xef][0xbf][0xbd]F[0x0]r,[0xef][0xbf][0xbd][0xef][0xbf][0xbd]:c[0xef][0xbf][0xbd][0x5][0x1a]mE[0xef][0xbf][0xbd]0[0xef][0xbf][0xbd][0xe5][0x8a][0x99][0xef][0xbf][0xbd]l[0x1b]O<[0xef][0xbf][0xbd]([0xef][0xbf][0xbd][0xef][0xbf][0xbd]1[0xef][0xbf][0xbd]dZ[0x16]Cu[0xd4][0x97]S[0xef][0xbf][0xbd][0xef][0xbf][0xbd][0xef][0xbf][0xbd][0x0]<[0xc3][0xaa]A[0xef][0xbf][0xbd][0xef][0xbf][0xbd][0xef][0xbf][0xbd]F0[0xef][0xbf][0xbd][0x16][0xef][0xbf][0xbd][0xef][0xbf][0xbd]a7[0xef][0xbf][0xbd][0xef][0xbf][0xbd][0x19]3w[0xef][0xbf][0xbd]X[0xef][0xbf][0xbd]N;[0xef][0xbf][0xbd][0xef][0xbf][0xbd][0xef][0xbf][0xbd][0xc]oQr[0xef][0xbf][0xbd][0xf]s[0xef][0xbf][0xbd]$[0x1c][0xef][0xbf][0xbd][0xc9][0xa9]3[0xef][0xbf][0xbd])[0x3][0x2]=H.Z[0xef][0xbf][0xbd][0xef][0xbf][0xbd][0x4][0x8]`[0xef][0xbf][0xbd][0xe][0xef][0xbf][0xbd][0x1e]Q[0xef][0xbf][0xbd][0xef][0xbf][0xbd]"[0xef][0xbf][0xbd]-sf>[0xef][0xbf][0xbd]w[0xef][0xbf][0xbd])U[0xef][0xbf][0xbd][0x2]3[0xef][0xbf][0xbd][0xce][0x85][0xef][0xbf][0xbd]5[0xef][0xbf][0xbd]m[0xef][0xbf][0xbd][0xef][0xbf][0xbd]2[0x1b]S[0xef][0xbf][0xbd],:31l[0xef][0xbf][0xbd][0xef][0xbf][0xbd][0xef][0xbf][0xbd]L4[0x3][0xef][0xbf][0xbd]-".[0xef][0xbf][0xbd][0xef][0xbf][0xbd][0xef][0xbf][0xbd]\[0xef][0xbf][0xbd][0x2][0xc5][0xa1]*[0xef][0xbf][0xbd][0xef][0xbf][0xbd][0xef][0xbf][0xbd]v[0xef][0xbf][0xbd]|[0xef][0xbf][0xbd][0xef][0xbf][0xbd][0xef][0xbf][0xbd][0xe2][0x99][0xa4][0xef][0xbf][0xbd][0xef][0xbf][0xbd][0xef][0xbf][0xbd][0xef][0xbf][0xbd][0xef][0xbf][0xbd][0x4]eZ[0x1a][0xef][0xbf][0xbd][0x9][0xef][0xbf][0xbd]1,[0xef][0xbf][0xbd][0x1]Q[0xef][0xbf][0xbd]_[0xe][0xef][0xbf][0xbd]-[0xef][0xbf][0xbd][0x5][0xef][0xbf][0xbd][0xef][0xbf][0xbd][0xef][0xbf][0xbd]s[0x1b][0x1e][0xef][0xbf][0xbd][0xef][0xbf][0xbd]M[0xef][0xbf][0xbd][0xef][0xbf][0xbd]I[0xef][0xbf][0xbd][0x4][0xef][0xbf][0xbd][0xef][0xbf][0xbd]C[0x12][0x13][0xef][0xbf][0xbd][0x2][0x4]b}[0xef][0xbf][0xbd]I[0xef][0xbf][0xbd]X[0xdc][0x9c][0xef][0xbf][0xbd][0xef][0xbf][0xbd]W[0xef][0xbf][0xbd][0xef][0xbf][0xbd][0xef][0xbf][0xbd]F[0xef][0xbf][0xbd]>9[0xef][0xbf][0xbd]W[0xef][0xbf][0xbd][0xef][0xbf][0xbd]=[0xef][0xbf][0xbd][0xd2][0xbf][0xef][0xbf][0xbd][0xef][0xbf][0xbd][0xef][0xbf][0xbd][0xef][0xbf][0xbd][[0xef][0xbf][0xbd][0xef][0xbf][0xbd][0xef][0xbf][0xbd]S~ j[0xef][0xbf][0xbd][0xef][0xbf][0xbd]>[0xef][0xbf][0xbd][0xef][0xbf][0xbd][0xc5][0xbe]ui9[0xc7][0x9c]c[0xdd][0x9b][0x5][0xd2][0x81][0xef][0xbf][0xbd][0xef][0xbf][0xbd][0xef][0xbf][0xbd][0xdd][0x91]v[0xef][0xbf][0xbd]n[0xef][0xbf][0xbd][0xc2][0xae]E[0x1f][0xef][0xbf][0xbd][0xef][0xbf][0xbd][0xef][0xbf][0xbd]-{[0xef][0xbf][0xbd][0xef][0xbf][0xbd][0xef][0xbf][0xbd][0x2][0xef][0xbf][0xbd][0xef][0xbf][0xbd]j[0x14]k[0xef][0xbf][0xbd][0xef][0xbf][0xbd]S[0xef][0xbf][0xbd]VM[0xef][0xbf][0xbd][0xef][0xbf][0xbd][0xef][0xbf][0xbd]5[0xef][0xbf][0xbd][0xef][0xbf][0xbd]8[0x1c][0xef][0xbf][0xbd][0xef][0xbf][0xbd][0xef][0xbf][0xbd][0xef][0xbf][0xbd][0xef][0xbf][0xbd]dR[0xef][0xbf][0xbd][0xef][0xbf][0xbd][0xef][0xbf][0xbd][0xef][0xbf][0xbd][0x0][0xef][0xbf][0xbd]D@`![0x0][0x10]\[0xef][0xbf][0xbd][0xef][0xbf][0xbd][0xef][0xbf][0xbd][0xef][0xbf][0xbd][0xef][0xbf][0xbd][0xef][0xbf][0xbd]%[0xef][0xbf][0xbd][0xef][0xbf][0xbd][0xd4][0x82][0xef][0xbf][0xbd][0xd6][0x87][0xef][0xbf][0xbd][0xdf][0x80][0xef][0xbf][0xbd][0xe]RL[0xef][0xbf][0xbd]>[0xef][0xbf][0xbd][0xef][0xbf][0xbd]qy[0xef][0xbf][0xbd][0xef][0xbf][0xbd][0xef][0xbf][0xbd][0x1d][0x2][0x11]LS[0xcf][0x8d][0xef][0xbf][0xbd][0xd2][0xa1][0xef][0xbf][0xbd][0x4][0x11]&[\n]"
07:56:28.703 [main] DEBUG org.apache.http.wire -  >> "S[0xef][0xbf][0xbd]T[0xef][0xbf][0xbd][0xef][0xbf][0xbd][0x1d]az[0xef][0xbf][0xbd][0xef][0xbf][0xbd][0xef][0xbf][0xbd][0xef][0xbf][0xbd]o[0xef][0xbf][0xbd]@[0xef][0xbf][0xbd][0xf][0xef][0xbf][0xbd]k[0xef][0xbf][0xbd]iB[0x18][0xef][0xbf][0xbd]N[0xef][0xbf][0xbd][0xdd][0xbe]/[0xef][0xbf][0xbd][0xef][0xbf][0xbd][0xef][0xbf][0xbd][0xef][0xbf][0xbd]W[0xef][0xbf][0xbd]<[0xda][0x86]M[0xef][0xbf][0xbd][0x1]][0xef][0xbf][0xbd][0x9][0xef][0xbf][0xbd][0x9][0xef][0xbf][0xbd][0xef][0xbf][0xbd][0x1b]Y[0xef][0xbf][0xbd]T{[0xef][0xbf][0xbd]T[0xef][0xbf][0xbd][0xb]k6[0xef][0xbf][0xbd]d[0xef][0xbf][0xbd]_[0xef][0xbf][0xbd][0xef][0xbf][0xbd]k%[0xef][0xbf][0xbd]KH[0xef][0xbf][0xbd][0xef][0xbf][0xbd][0xef][0xbf][0xbd][0xe][0xef][0xbf][0xbd]S[0xef][0xbf][0xbd][0x8][0xef][0xbf][0xbd]OM[0xef][0xbf][0xbd][0x6][0xef][0xbf][0xbd][0xef][0xbf][0xbd][0x1b][0xeb][0xac][0xa7]O[0xef][0xbf][0xbd][0xef][0xbf][0xbd][0xef][0xbf][0xbd][0xef][0xbf][0xbd][0xef][0xbf][0xbd]J[0xef][0xbf][0xbd][0xef][0xbf][0xbd][0x1e]([0x1c][0xef][0xbf][0xbd]S[0xef][0xbf][0xbd][0xef][0xbf][0xbd]/9[0xd3][0x90][0x2]1[0xef][0xbf][0xbd][0xef][0xbf][0xbd]K[0xef][0xbf][0xbd]MC[0x8][0xef][0xbf][0xbd][0x6][0xef][0xbf][0xbd][0xef][0xbf][0xbd][0x1b][0xef][0xbf][0xbd]D[0xef][0xbf][0xbd][0xef][0xbf][0xbd]@[0xef][0xbf][0xbd][0xef][0xbf][0xbd][0xef][0xbf][0xbd][0xef][0xbf][0xbd]HOj[0x5][0xef][0xbf][0xbd][0xef][0xbf][0xbd]-Z[0xef][0xbf][0xbd]u[0xef][0xbf][0xbd]{9[0xef][0xbf][0xbd]f[0xef][0xbf][0xbd][0xef][0xbf][0xbd][0xef][0xbf][0xbd]M[0xef][0xbf][0xbd][0xef][0xbf][0xbd]E[0xef][0xbf][0xbd]z[0xef][0xbf][0xbd][0xef][0xbf][0xbd]3[0xef][0xbf][0xbd][0xef][0xbf][0xbd][0xef][0xbf][0xbd][0xef][0xbf][0xbd][0xef][0xbf][0xbd]/[0xef][0xbf][0xbd][0xef][0xbf][0xbd][0x1b][0xef][0xbf][0xbd][0xef][0xbf][0xbd][0xef][0xbf][0xbd][0xef][0xbf][0xbd]+[0xef][0xbf][0xbd]v+[0xef][0xbf][0xbd]M[0xef][0xbf][0xbd]/[0xef][0xbf][0xbd][0xef][0xbf][0xbd][0xef][0xbf][0xbd][0xef][0xbf][0xbd][0xef][0xbf][0xbd]&[0xe]e[0xef][0xbf][0xbd][0xd3][0x8c]Q[0xef][0xbf][0xbd][0xef][0xbf][0xbd] [0xc3][0xaf][0xef][0xbf][0xbd]no[0xef][0xbf][0xbd]I<X[0xef][0xbf][0xbd][0xef][0xbf][0xbd]Q[0xef][0xbf][0xbd]K[0xef][0xbf][0xbd]c[0xef][0xbf][0xbd][0x0]G[0xef][0xbf][0xbd][0x19])[0xef][0xbf][0xbd][0xef][0xbf][0xbd][0xef][0xbf][0xbd][0xef][0xbf][0xbd][0xea][0xa0][0x87]1[0xef][0xbf][0xbd][0xef][0xbf][0xbd]I[0x0]WY[0xef][0xbf][0xbd]u[0xef][0xbf][0xbd][0xef][0xbf][0xbd][0xef][0xbf][0xbd][0x6]~[0xcf][0x93]:[0xef][0xbf][0xbd]ks8f[0xef][0xbf][0xbd]`z[0xef][0xbf][0xbd]xK0[0xef][0xbf][0xbd][0xef][0xbf][0xbd][0xef][0xbf][0xbd]@[0xef][0xbf][0xbd]o[0xef][0xbf][0xbd][0xcd][0xb2][0x0][0xef][0xbf][0xbd][0xef][0xbf][0xbd][0xef][0xbf][0xbd]8[0x16][0xef][0xbf][0xbd]\tm[0xef][0xbf][0xbd]+[0xef][0xbf][0xbd]9[0xef][0xbf][0xbd][0xef][0xbf][0xbd]6[0xef][0xbf][0xbd][0x13][0xef][0xbf][0xbd][0xef][0xbf][0xbd][0xef][0xbf][0xbd]}[0xef][0xbf][0xbd][0xef][0xbf][0xbd]<[0xef][0xbf][0xbd][0xef][0xbf][0xbd][0xef][0xbf][0xbd]8[0xcf][0x92]y[[0xef][0xbf][0xbd]G[\n]"
07:56:28.704 [main] DEBUG org.apache.http.wire -  >> "qo[0xef][0xbf][0xbd]3&[[0xef][0xbf][0xbd]K[0xef][0xbf][0xbd][0xef][0xbf][0xbd]1u_m[0xef][0xbf][0xbd]'[0xef][0xbf][0xbd]R[0xd2][0xba]B}[0xef][0xbf][0xbd][0xc][0xf][0xef][0xbf][0xbd][0x16]p[0xef][0xbf][0xbd][0x0]t^8[0xef][0xbf][0xbd][0xef][0xbf][0xbd]pn[0xef][0xbf][0xbd]t[0x16]"[0x16][0xef][0xbf][0xbd]4[0xef][0xbf][0xbd]\[0xef][0xbf][0xbd]T[0xef][0xbf][0xbd][0xef][0xbf][0xbd]xL[0xef][0xbf][0xbd][0xef][0xbf][0xbd][0xef][0xbf][0xbd][0x19][0xef][0xbf][0xbd]#56[0xef][0xbf][0xbd][{[\r][0xef][0xbf][0xbd][0xd3][0x90]G[0xef][0xbf][0xbd]m[0xef][0xbf][0xbd]y[0xef][0xbf][0xbd][0xef][0xbf][0xbd][0xef][0xbf][0xbd]s[0xef][0xbf][0xbd][0x3][0xef][0xbf][0xbd][0xef][0xbf][0xbd][0xef][0xbf][0xbd][0xef][0xbf][0xbd][0xef][0xbf][0xbd][0xc4][0x83]%[0xef][0xbf][0xbd][0xef][0xbf][0xbd][0xef][0xbf][0xbd][0xef][0xbf][0xbd]Z[0xef][0xbf][0xbd][0xc][0x15][0xb][0xef][0xbf][0xbd][0xef][0xbf][0xbd][0x15][0xef][0xbf][0xbd]b[0xef][0xbf][0xbd][0xef][0xbf][0xbd][0xef][0xbf][0xbd]#[0xef][0xbf][0xbd][0xef][0xbf][0xbd][0xef][0xbf][0xbd][0xef][0xbf][0xbd]Q[0xef][0xbf][0xbd][0x1e][0xe3][0xb6][0x96][0xcc][0x97][0xef][0xbf][0xbd][0xef][0xbf][0xbd][0xef][0xbf][0xbd][0xef][0xbf][0xbd][0xdb][0xac][0xef][0xbf][0xbd].[0xef][0xbf][0xbd][0xef][0xbf][0xbd][0x7][0x10][0xef][0xbf][0xbd][0xef][0xbf][0xbd][0xef][0xbf][0xbd][0xef][0xbf][0xbd]_[0xef][0xbf][0xbd][0xef][0xbf][0xbd]3[0xef][0xbf][0xbd][0xef][0xbf][0xbd][0xef][0xbf][0xbd]_|[0x5][0xef][0xbf][0xbd]r+?@y[0xef][0xbf][0xbd][0xef][0xbf][0xbd][0xef][0xbf][0xbd]N+[0xef][0xbf][0xbd][0x14][0xef][0xbf][0xbd][0x9][0xef][0xbf][0xbd][0xef][0xbf][0xbd];[0xef][0xbf][0xbd][0x5]\[0xef][0xbf][0xbd],[0x3]1~ j[0xef][0xbf][0xbd]m[0xc][0xef][0xbf][0xbd][0xef][0xbf][0xbd][0xdb][0xae][0x17][0xef][0xbf][0xbd][0xef][0xbf][0xbd][0xef][0xbf][0xbd]K[\n]"
07:56:28.704 [main] DEBUG org.apache.http.wire -  >> "[0xef][0xbf][0xbd]Ac[0x1])[0xef][0xbf][0xbd];[0xef][0xbf][0xbd]O[0xef][0xbf][0xbd];[0xef][0xbf][0xbd]GF#T7[0x0][0x1f][0xef][0xbf][0xbd][0x1d]8[0x19][0x6][0x1d][0xb][0xef][0xbf][0xbd]~[0xdd][0xa7][0xef][0xbf][0xbd][0x15][0xef][0xbf][0xbd]~[0x12][0xef][0xbf][0xbd][0xef][0xbf][0xbd][0xef][0xbf][0xbd][0xc3][0xbd]>)j[0xef][0xbf][0xbd][0x14][0xef][0xbf][0xbd][0xef][0xbf][0xbd][0xef][0xbf][0xbd][0xef][0xbf][0xbd]EK[0xcb][0xbb][0xef][0xbf][0xbd][0xef][0xbf][0xbd][0x8][0xef][0xbf][0xbd][0x8][0xef][0xbf][0xbd][0xef][0xbf][0xbd][0xe][0xef][0xbf][0xbd][0xef][0xbf][0xbd][0xef][0xbf][0xbd]B#6M[0x4][0xef][0xbf][0xbd][0xef][0xbf][0xbd][0xc][0x7][0xef][0xbf][0xbd]=![0xef][0xbf][0xbd].R[0xef][0xbf][0xbd]QSG[0xef][0xbf][0xbd]![0xef][0xbf][0xbd][0xef][0xbf][0xbd][0xef][0xbf][0xbd][0xef][0xbf][0xbd][0xef][0xbf][0xbd]D[0xef][0xbf][0xbd]8[0xef][0xbf][0xbd]Ud[0xef][0xbf][0xbd][0xef][0xbf][0xbd][0xef][0xbf][0xbd][0xef][0xbf][0xbd][0x16]c=FW[0xe6][0x91][0xad]ZW([0xef][0xbf][0xbd][0xdd][0xb7][0x1a][0xef][0xbf][0xbd][0xef][0xbf][0xbd][0xef][0xbf][0xbd][0xef][0xbf][0xbd]Ipt[0xef][0xbf][0xbd]J[0xd2][0x85][0xef][0xbf][0xbd].[0x2]I*[0xef][0xbf][0xbd][0xef][0xbf][0xbd][0x1]b[0xef][0xbf][0xbd]B[0x1e]c3[0xef][0xbf][0xbd][0xef][0xbf][0xbd][0xef][0xbf][0xbd][0xef][0xbf][0xbd]C[0xef][0xbf][0xbd][0xef][0xbf][0xbd][0xf].\[0xef][0xbf][0xbd]VQ[0x1b][0xef][0xbf][0xbd][0xef][0xbf][0xbd]f[0xef][0xbf][0xbd]=[0xef][0xbf][0xbd]@[0xef][0xbf][0xbd]Q[0xef][0xbf][0xbd][0xef][0xbf][0xbd]F[0x1b]J[0x14]Y{[0xef][0xbf][0xbd]&[0x10]&[0xef][0xbf][0xbd]!h[0xef][0xbf][0xbd][0x9][0xef][0xbf][0xbd][0xef][0xbf][0xbd][0xef][0xbf][0xbd]7C[0xef][0xbf][0xbd][0xef][0xbf][0xbd][0xef][0xbf][0xbd][0xef][0xbf][0xbd][0xd7][0xb2]J[0xef][0xbf][0xbd][0xef][0xbf][0xbd]y8[0xef][0xbf][0xbd]V[0xef][0xbf][0xbd][0xef][0xbf][0xbd]i[0xef][0xbf][0xbd][0xc5][0xb1][0xef][0xbf][0xbd][0xef][0xbf][0xbd]@[0xef][0xbf][0xbd][0xef][0xbf][0xbd]"[0xef][0xbf][0xbd]S[0xef][0xbf][0xbd][0xed][0x94][0x8c][0x8][0xef][0xbf][0xbd]s[0xef][0xbf][0xbd]9/[0xef][0xbf][0xbd]O[0xef][0xbf][0xbd][0x14][0xcc][0x9e][0xef][0xbf][0xbd]Y[0xe]*[0xef][0xbf][0xbd]==[0xef][0xbf][0xbd]0Oq[0x6][0xef][0xbf][0xbd][0xef][0xbf][0xbd]!n[0xef][0xbf][0xbd]V~[0xef][0xbf][0xbd][0xef][0xbf][0xbd],N[0xef][0xbf][0xbd]y[0xef][0xbf][0xbd][0xef][0xbf][0xbd][0x5][0xeb][0x8d][0x8a]4Z[0xef][0xbf][0xbd]~[0x1a]$[0xef][0xbf][0xbd][0xef][0xbf][0xbd][0x1f][0xef][0xbf][0xbd][0x6][0xef][0xbf][0xbd]Q[0xef][0xbf][0xbd][0xef][0xbf][0xbd][\r][0xd0][0x82][0xef][0xbf][0xbd][0x13]b^R\[0xef][0xbf][0xbd][0x14][0x19][0xef][0xbf][0xbd][0xef][0xbf][0xbd][\n]"
07:56:28.704 [main] DEBUG org.apache.http.wire -  >> "[0xef][0xbf][0xbd][0xef][0xbf][0xbd]M7Q[0x0]x[0xef][0xbf][0xbd][0xef][0xbf][0xbd][0xcb][0xa3][0xef][0xbf][0xbd][0xef][0xbf][0xbd][0xef][0xbf][0xbd][0x5][0xef][0xbf][0xbd][0xef][0xbf][0xbd][0xef][0xbf][0xbd][0xef][0xbf][0xbd][0xef][0xbf][0xbd][0x11]l[0xef][0xbf][0xbd][0xb][0x1][0xd6][0x99][0xef][0xbf][0xbd][0xef][0xbf][0xbd]Y[0xef][0xbf][0xbd][0xef][0xbf][0xbd][0xef][0xbf][0xbd][0xef][0xbf][0xbd]~;S[0xef][0xbf][0xbd][0xef][0xbf][0xbd]IjSv[0xef][0xbf][0xbd]Q3[0xc6][0x98][0xef][0xbf][0xbd]([0xef][0xbf][0xbd]wCH[0x1f][0x4]s[0xef][0xbf][0xbd][0xef][0xbf][0xbd]o[0x1a]gb[0x5][0x13]E[0xef][0xbf][0xbd][0xef][0xbf][0xbd][0x8])Bz[0x11][0x2][0xef][0xbf][0xbd][0xef][0xbf][0xbd][0xef][0xbf][0xbd][0xef][0xbf][0xbd]/[0xef][0xbf][0xbd][0xef][0xbf][0xbd]-[0xef][0xbf][0xbd][0xd7][0x8a][0xef][0xbf][0xbd][0xef][0xbf][0xbd][0xef][0xbf][0xbd][0xef][0xbf][0xbd]M[0x14]j\[0x6][0xef][0xbf][0xbd][0xef][0xbf][0xbd]A[0xef][0xbf][0xbd][0xef][0xbf][0xbd][0xef][0xbf][0xbd][0xef][0xbf][0xbd][0xef][0xbf][0xbd][0xef][0xbf][0xbd][0x1d]C[0x19]2[0xef][0xbf][0xbd][0xef][0xbf][0xbd]L[0xef][0xbf][0xbd][0xef][0xbf][0xbd]N[0xef][0xbf][0xbd]][0xef][0xbf][0xbd]6mj[0xef][0xbf][0xbd]zQ[0xef][0xbf][0xbd][0xef][0xbf][0xbd][0xef][0xbf][0xbd][0x0][`">[0xd0][0x95][0x5]w[0xef][0xbf][0xbd]D[0xef][0xbf][0xbd]5[0xef][0xbf][0xbd][\n]"
07:56:28.704 [main] DEBUG org.apache.http.wire -  >> "[0x1f][0xef][0xbf][0xbd]z[0xef][0xbf][0xbd][0xef][0xbf][0xbd][0xef][0xbf][0xbd][0xef][0xbf][0xbd][0xef][0xbf][0xbd][0xef][0xbf][0xbd][0xc3][0x91][0x19]3[0xef][0xbf][0xbd]l[0xef][0xbf][0xbd]F[0xef][0xbf][0xbd]3[0xef][0xbf][0xbd]^Gm[0xef][0xbf][0xbd][0xef][0xbf][0xbd][0xef][0xbf][0xbd][0xef][0xbf][0xbd]&V[0x7][0xef][0xbf][0xbd][0xef][0xbf][0xbd]"[0xef][0xbf][0xbd]h[0xef][0xbf][0xbd][0xef][0xbf][0xbd]A[0xef][0xbf][0xbd][0xef][0xbf][0xbd][0xef][0xbf][0xbd]Z[0x2][0xef][0xbf][0xbd]mt[0xef][0xbf][0xbd][0xef][0xbf][0xbd]"pKy/[0xef][0xbf][0xbd][0xef][0xbf][0xbd][[0xef][0xbf][0xbd][0x13][0xef][0xbf][0xbd]ULXs[0xef][0xbf][0xbd][0x1e]@[0xef][0xbf][0xbd][0xef][0xbf][0xbd][0xc][0xef][0xbf][0xbd]>#[0x19][0xef][0xbf][0xbd][0xef][0xbf][0xbd]hkJ[0xef][0xbf][0xbd][\r][0xef][0xbf][0xbd][0xef][0xbf][0xbd]d[0xef][0xbf][0xbd][0xef][0xbf][0xbd][\r][0xef][0xbf][0xbd]?^>[0xef][0xbf][0xbd][0xef][0xbf][0xbd][0xef][0xbf][0xbd][0xef][0xbf][0xbd][0xef][0xbf][0xbd][0xef][0xbf][0xbd][0xcb][0xb8][0xef][0xbf][0xbd][y[0x7][0xef][0xbf][0xbd]m[0x3][0xef][0xbf][0xbd]y[0x3][0xef][0xbf][0xbd][0xef][0xbf][0xbd]@[0xef][0xbf][0xbd]n[0xef][0xbf][0xbd][0xef][0xbf][0xbd]a[0xef][0xbf][0xbd]=[0xef][0xbf][0xbd][0xef][0xbf][0xbd][0xef][0xbf][0xbd]y[0xcd][0xa2]4[0xef][0xbf][0xbd][0xef][0xbf][0xbd]k7[0x3]0&[0xf][0xef][0xbf][0xbd]a[0xef][0xbf][0xbd][\n]"
07:56:28.704 [main] DEBUG org.apache.http.wire -  >> "[0xef][0xbf][0xbd][0xef][0xbf][0xbd][0x11][0xef][0xbf][0xbd]H[0xef][0xbf][0xbd]~[0xef][0xbf][0xbd][0xef][0xbf][0xbd][0xef][0xbf][0xbd][0x1d][0xef][0x94][0xb5][0xef][0xbf][0xbd]s[0xef][0xbf][0xbd][0xef][0xbf][0xbd][0xef][0xbf][0xbd][0xef][0xbf][0xbd]q^[0xef][0xbf][0xbd]1.*}[0xef][0xbf][0xbd][0xef][0xbf][0xbd][0xef][0xbf][0xbd][0xef][0xbf][0xbd][0xef][0xbf][0xbd]k[0xef][0xbf][0xbd][0x13]f[0x3]R[0xef][0xbf][0xbd][0xef][0xbf][0xbd][0xef][0xbf][0xbd]!MG[0xef][0xbf][0xbd][0xef][0xbf][0xbd]"
07:56:28.705 [main] DEBUG org.apache.http.wire -  >> "@.[0x16][\n]"
07:56:28.705 [main] DEBUG org.apache.http.wire -  >> "r[0xef][0xbf][0xbd]+[0xef][0xbf][0xbd][0xef][0xbf][0xbd][0xef][0xbf][0xbd][0xef][0xbf][0xbd][0xef][0xbf][0xbd][0xef][0xbf][0xbd][\n]"
07:56:28.705 [main] DEBUG org.apache.http.wire -  >> "zU[0xef][0xbf][0xbd][\r][0x8][0xef][0xbf][0xbd][0x1a][0x6][0xef][0xbf][0xbd]a[0xc][0xef][0xbf][0xbd][0xef][0xbf][0xbd]V[0xef][0xbf][0xbd]"v[0xef][0xbf][0xbd][0xea][0xb9][0x8f][0xef][0xbf][0xbd]t[0xef][0xbf][0xbd][0xef][0xbf][0xbd]O[0xef][0xbf][0xbd][0xef][0xbf][0xbd]][0xc][\r][0xef][0xbf][0xbd]u[0xef][0xbf][0xbd][0xef][0xbf][0xbd][0x1]8g[0x8][0xef][0xbf][0xbd]Ne[0x16]c[0xe]hD.&D[0x8][0xef][0xbf][0xbd][U[0xef][0xbf][0xbd][0xda][0x97][0xef][0xbf][0xbd].[0xef][0xbf][0xbd]D[0xb][0x1f][0xef][0xbf][0xbd]b(4[0xef][0xbf][0xbd]Kv[0xef][0xbf][0xbd][0x17][0xef][0xbf][0xbd]x[0xd6][0xab]W&[0xcb][0x8b][0xef][0xbf][0xbd]C[0xc2][0x9c][0xef][0xbf][0xbd][0xef][0xbf][0xbd][0xef][0xbf][0xbd][0x0][0xef][0xbf][0xbd][0xef][0xbf][0xbd][0xef][0xbf][0xbd][0xef][0xbf][0xbd][0xef][0xbf][0xbd]z[0xef][0xbf][0xbd][0xef][0xbf][0xbd][0xef][0xbf][0xbd][0xef][0xbf][0xbd][0xef][0xbf][0xbd];M[0xef][0xbf][0xbd]S+[0xef][0xbf][0xbd][0xef][0xbf][0xbd][0xef][0xbf][0xbd][0x4][0xef][0xbf][0xbd][0xef][0xbf][0xbd][0xef][0xbf][0xbd][0x18][q[0xef][0xbf][0xbd]^[0xef][0xbf][0xbd]h[0xef][0xbf][0xbd][0xd0][0x90][0x4][0xef][0xbf][0xbd][0xef][0xbf][0xbd]e[0xef][0xbf][0xbd][0xef][0xbf][0xbd]8n[0xef][0xbf][0xbd][0x1]:[0xef][0xbf][0xbd]E[0xef][0xbf][0xbd],%.q[0xef][0xbf][0xbd][0xef][0xbf][0xbd]e0[0xef][0xbf][0xbd][0xef][0xbf][0xbd][0xef][0xbf][0xbd][0xef][0xbf][0xbd];d[0xef][0xbf][0xbd][0x17]zl[0xef][0xbf][0xbd]![0xef][0xbf][0xbd]X[0x0][0x6][0xef][0xbf][0xbd]C[0xef][0xbf][0xbd][0x3]gF[0xef][0xbf][0xbd][0xef][0xbf][0xbd]@[0xef][0xbf][0xbd]F[0xef][0xbf][0xbd][0x17][0xef][0xbf][0xbd][0xef][0xbf][0xbd][0xef][0xbf][0xbd][0x13]9n[0xef][0xbf][0xbd]])o+[0xef][0xbf][0xbd][0xef][0xbf][0xbd]~[0xef][0xbf][0xbd][0xe5][0x9f][0x9b][0xef][0xbf][0xbd][0xef][0xbf][0xbd]m[0xef][0xbf][0xbd]NR[0xef][0xbf][0xbd][0xef][0xbf][0xbd]A>[0xef][0xbf][0xbd]\^[0xef][0xbf][0xbd][0xef][0xbf][0xbd][0xef][0xbf][0xbd]X9[0xef][0xbf][0xbd]t[j[0xe]wc[0xef][0xbf][0xbd][0xef][0xbf][0xbd]i[0xef][0xbf][0xbd][0xef][0xbf][0xbd][0x0][0xef][0xbf][0xbd][0xef][0xbf][0xbd]M}[0x1c][0xef][0xbf][0xbd]L[0xef][0xbf][0xbd][0xef][0xbf][0xbd]U[0x7]>[0xd3][0x95][0xef][0xbf][0xbd]X[0xef][0xbf][0xbd][0x16][0xef][0xbf][0xbd]Q[0xef][0xbf][0xbd][0x3][0xef][0xbf][0xbd]4[0xef][0xbf][0xbd]u&[0xef][0xbf][0xbd]?[0xef][0xbf][0xbd][0x13][0xd2][0x88][0xef][0xbf][0xbd][0xef][0xbf][0xbd]*K[0xef][0xbf][0xbd][0x6]:j[0xef][0xbf][0xbd][0xef][0xbf][0xbd][0xc][0xef][0xbf][0xbd][0xef][0xbf][0xbd]F[0x18]*[\n]"
07:56:28.705 [main] DEBUG org.apache.http.wire -  >> "=[0xda][0xbd]X[0x7][0xef][0xbf][0xbd]9~TX[0xef][0xbf][0xbd](N[0xb][0xef][0xbf][0xbd][0xd3][0x83][0xef][0xbf][0xbd](~[0xef][0xbf][0xbd]$[0xef][0xbf][0xbd][0x18][0xef][0xbf][0xbd]b[0xef][0xbf][0xbd]d[0x13][0xef][0xbf][0xbd]|[0xef][0xbf][0xbd]Ah[0x9][0xef][0xbf][0xbd][0xef][0xbf][0xbd]c[0xef][0xbf][0xbd]BrM[0xef][0xbf][0xbd][0xef][0xbf][0xbd][0xef][0xbf][0xbd][0xef][0xbf][0xbd][0x8]y{i[0xef][0xbf][0xbd][0x12]i[0xef][0xbf][0xbd][0xef][0xbf][0xbd][0xef][0xbf][0xbd]@[0xef][0xbf][0xbd][0xef][0xbf][0xbd][0xef][0xbf][0xbd][0xef][0xbf][0xbd][0xc]#Q[0xef][0xbf][0xbd]-[0xef][0xbf][0xbd][0xef][0xbf][0xbd]O[0xef][0xbf][0xbd]_[0xef][0xbf][0xbd][0xef][0xbf][0xbd]6g[0xef][0xbf][0xbd][0xef][0xbf][0xbd][0x19]0Te1[0xcb][0x9d][0xef][0xbf][0xbd][0xef][0xbf][0xbd][0xef][0xbf][0xbd][0xef][0xbf][0xbd][0xef][0xbf][0xbd][0xef][0xbf][0xbd][0xef][0xbf][0xbd][0xef][0xbf][0xbd]m[0x6]#[0xef][0xbf][0xbd]X[0xef][0xbf][0xbd]$[0x19]M[0xef][0xbf][0xbd]4[0x1a]o[0xef][0xbf][0xbd][0x13][0xef][0xbf][0xbd]k[0xef][0xbf][0xbd][0xef][0xbf][0xbd]mH[0xef][0xbf][0xbd]{[0x19][0xc7][0xb5][0xef][0xbf][0xbd]v%[0xef][0xbf][0xbd][0xef][0xbf][0xbd][0xef][0xbf][0xbd]D[0xdd][0x96]}[0xef][0xbf][0xbd]p[0xef][0xbf][0xbd]N[0x3] [0xef][0xbf][0xbd]-[0xef][0xbf][0xbd]iC,[0xef][0xbf][0xbd][0xef][0xbf][0xbd],[0xef][0xbf][0xbd]T[0xef][0xbf][0xbd][0xef][0xbf][0xbd]`[0xef][0xbf][0xbd]o[0xef][0xbf][0xbd]Wq[0x18][0xef][0xbf][0xbd][0xef][0xbf][0xbd][0x19][0xc2][0xac][0x9]|[0xef][0xbf][0xbd]][0xef][0xbf][0xbd][0xef][0xbf][0xbd][0xef][0xbf][0xbd][0xef][0xbf][0xbd]5[0xef][0xbf][0xbd][0xc9][0x9f]}[0xef][0xbf][0xbd][0xb]7[0x10][0xef][0xbf][0xbd][0xef][0xbf][0xbd]w[0xef][0xbf][0xbd][0xef][0xbf][0xbd]-[0xef][0xbf][0xbd][0xef][0xbf][0xbd][0x19]>[0xef][0xbf][0xbd]>a[0xef][0xbf][0xbd]+[0xde][0xaa][0xef][0xbf][0xbd][0xd9][0x8c][0xef][0xbf][0xbd]^JK[0xef][0xbf][0xbd][0xef][0xbf][0xbd]7[0xef][0xbf][0xbd]"2[0x16]E[0xef][0xbf][0xbd][0xef][0xbf][0xbd]Tu[0xef][0xbf][0xbd][0xd7][0xb3][0xef][0xbf][0xbd][0x0]M[0xef][0xbf][0xbd]qH[0xef][0xbf][0xbd]D[0xef][0xbf][0xbd][0xef][0xbf][0xbd]E[0xef][0xbf][0xbd][0xef][0xbf][0xbd]Z[0xef][0xbf][0xbd][0xef][0xbf][0xbd][0xef][0xbf][0xbd]~[0xef][0xbf][0xbd][0x15][0x1f]l[0x10]`[0xef][0xbf][0xbd][0xef][0xbf][0xbd]([0xef][0xbf][0xbd][0xef][0xbf][0xbd][0xca][0xa9][0x1b][0xef][0xbf][0xbd][0x1c][0xef][0xbf][0xbd][0xef][0xbf][0xbd][0xef][0xbf][0xbd][0xef][0xbf][0xbd][0x1a][0xef][0xbf][0xbd]U[0x7][0xef][0xbf][0xbd][0xc8][0xa5][0xef][0xbf][0xbd][0xef][0xbf][0xbd][\r][0xef][0xbf][0xbd]v[0xef][0xbf][0xbd][0xef][0xbf][0xbd][0x9]1[0xef][0xbf][0xbd][0xef][0xbf][0xbd][0x0][0xef][0xbf][0xbd][0xef][0xbf][0xbd][0xcd][0x89][0xef][0xbf][0xbd]MS[0xc2][0x8e][0xef][0xbf][0xbd][0xef][0xbf][0xbd][0xef][0xbf][0xbd][0xef][0xbf][0xbd][0xef][0xbf][0xbd][\r][0xef][0xbf][0xbd][0xef][0xbf][0xbd][0x11]yX[0xef][0xbf][0xbd][0xef][0xbf][0xbd][0xef][0xbf][0xbd]5x[0xef][0xbf][0xbd]Re![0xef][0xbf][0xbd]]B'[0xef][0xbf][0xbd][0xef][0xbf][0xbd][0x13]v[0xef][0xbf][0xbd][0x12]H[0xc][0x16]dH[0xef][0xbf][0xbd]h[0xef][0xbf][0xbd][0x1b][0xef][0xbf][0xbd][0xef][0xbf][0xbd][0x7]H[0xef][0xbf][0xbd]B4[0xef][0xbf][0xbd]@[0xef][0xbf][0xbd]{E2[0xef][0xbf][0xbd][0xef][0xbf][0xbd] c`Ck[0xef][0xbf][0xbd]#; [0xef][0xbf][0xbd][0xef][0xbf][0xbd][0x5]C[0xef][0xbf][0xbd]_[0xef][0xbf][0xbd][0xef][0xbf][0xbd][0xef][0xbf][0xbd]&L[0xef][0xbf][0xbd]4[0x16][0xef][0xbf][0xbd]M[0xef][0xbf][0xbd][0xb][0xef][0xbf][0xbd][0xef][0xbf][0xbd]Md6[0xef][0xbf][0xbd]y::[0xc]d[0xef][0xbf][0xbd][\r][0xef][0xbf][0xbd][0xef][0xbf][0xbd][0xef][0xbf][0xbd]T[0xef][0xbf][0xbd][0xf][0xef][0xbf][0xbd][0xef][0xbf][0xbd][0x6][0x16][0xe4][0x95][0xb5][0xef][0xbf][0xbd]8[0xef][0xbf][0xbd][0xef][0xbf][0xbd]z[0xef][0xbf][0xbd]<F[0xef][0xbf][0xbd]A[0xef][0xbf][0xbd][0xef][0xbf][0xbd][0xef][0xbf][0xbd]<+[0x1d][0xef][0xbf][0xbd][0xef][0xbf][0xbd]$[0xd5][0x82][0x1]d*N[0x7][0xef][0xbf][0xbd][0xef][0xbf][0xbd][0xef][0xbf][0xbd][0x10]8[0x11][0xef][0xbf][0xbd].[0xef][0xbf][0xbd][0xf][0xef][0xbf][0xbd]w[0xef][0xbf][0xbd][0xef][0xbf][0xbd][0xef][0xbf][0xbd][0x1b][0xef][0xbf][0xbd][0xef][0xbf][0xbd][0xef][0xbf][0xbd][0xef][0xbf][0xbd][0xef][0xbf][0xbd][0xef][0xbf][0xbd]^[0xef][0xbf][0xbd][0xef][0xbf][0xbd][0xd3][0xaf][0xef][0xbf][0xbd]Vn[0xef][0xbf][0xbd]].o[0xb][0xef][0xbf][0xbd][0xef][0xbf][0xbd]{[0xef][0xbf][0xbd])[0xef][0xbf][0xbd][0xef][0xbf][0xbd][0x14][0x5]U[0xef][0xbf][0xbd][0xb][0xef][0xbf][0xbd][0xef][0xbf][0xbd][0xef][0xbf][0xbd]m9[0xef][0xbf][0xbd][0xef][0xbf][0xbd][0xd4][0x93]}[0xef][0xbf][0xbd]PVb[0xef][0xbf][0xbd][0xef][0xbf][0xbd][0xef][0xbf][0xbd][0xef][0xbf][0xbd][0xef][0xbf][0xbd]hL[0x17][0xef][0xbf][0xbd][0x19][0xef][0xbf][0xbd][0x19][0xef][0xbf][0xbd]RZ[0x1d][0xef][0xbf][0xbd][0xef][0xbf][0xbd][0xef][0xbf][0xbd][0xef][0xbf][0xbd][0xdb][0x8e]x[0xef][0xbf][0xbd][0xef][0xbf][0xbd]c[0xc5][0xa3]dj[0xef][0xbf][0xbd][0xef][0xbf][0xbd]u[0xef][0xbf][0xbd][0xca][0x81]P[0xef][0xbf][0xbd][0xef][0xbf][0xbd]T[0xef][0xbf][0xbd][0xef][0xbf][0xbd][0x9][0x1e][0xef][0xbf][0xbd]n[0xef][0xbf][0xbd]!0[0xef][0xbf][0xbd][0xd0][0xb9]6[0xef][0xbf][0xbd]J[\n]"
07:56:28.706 [main] DEBUG org.apache.http.wire -  >> "[0xef][0xbf][0xbd][0xef][0xbf][0xbd]3[0xef][0xbf][0xbd]<0[0xef][0xbf][0xbd][0x15][0xef][0xbf][0xbd][0xc]K[0xef][0xbf][0xbd]0[0xef][0xbf][0xbd]T[\r]j[0xef][0xbf][0xbd]2[0x1b][0xef][0xbf][0xbd][0xef][0xbf][0xbd][0xef][0xbf][0xbd]O[0xef][0xbf][0xbd][0xc]=[0x1b][0xea][0x81][0xb8][0x0]([0xef][0xbf][0xbd][0xef][0xbf][0xbd]J%[0xef][0xbf][0xbd][0xef][0xbf][0xbd]B[0xef][0xbf][0xbd]A [0xef][0xbf][0xbd]f([0x14]`o[0x3]7#z[0x3][0xef][0xbf][0xbd][0x1e]?[0xef][0xbf][0xbd][0xef][0xbf][0xbd][0xef][0xbf][0xbd]9s[0xef][0xbf][0xbd][0x16][0xef][0xbf][0xbd],[0xef][0xbf][0xbd]G[0xef][0xbf][0xbd][0x10]9[0x16][0xef][0xbf][0xbd][0xef][0xbf][0xbd][0xef][0xbf][0xbd]%n6[0x1e][0xef][0xbf][0xbd][0xef][0xbf][0xbd]Q[0xef][0xbf][0xbd]0=[0x11][0xef][0xbf][0xbd][0xef][0xbf][0xbd]m[0xef][0xbf][0xbd]Q[0xef][0xbf][0xbd]Z[0xef][0xbf][0xbd][0xef][0xbf][0xbd][0xef][0xbf][0xbd]3[0xef][0xbf][0xbd][0xef][0xbf][0xbd]"[0xef][0xbf][0xbd]s[0xef][0xbf][0xbd][0xef][0xbf][0xbd][0x8]>[0xef][0xbf][0xbd][0xef][0xbf][0xbd][0x8][0x1e][0xd9][0x98]y}F[0xef][0xbf][0xbd]AI;[0xef][0xbf][0xbd]OJ[0xef][0xbf][0xbd][0xef][0xbf][0xbd][0x16]H[0x10][0xef][0xbf][0xbd][0xef][0xbf][0xbd][0xdb][0xb4][0xef][0xbf][0xbd]}[0xef][0xbf][0xbd][0x1f][0xd3][0x8f][0xef][0xbf][0xbd]R[0xef][0xbf][0xbd]q[\n]"
07:56:28.706 [main] DEBUG org.apache.http.wire -  >> "[0xf][0xef][0xbf][0xbd]"[0xef][0xbf][0xbd][0xef][0xbf][0xbd][0xf][0xef][0xbf][0xbd]T[0xef][0xbf][0xbd][0xcb][0xb2][0xea][0x86][0xa3][0xef][0xbf][0xbd][0xef][0xbf][0xbd][0xef][0xbf][0xbd]j[0xef][0xbf][0xbd]j[0xef][0xbf][0xbd]`[0xef][0xbf][0xbd][0xe][0xef][0xbf][0xbd]l[0xef][0xbf][0xbd]Y[0xef][0xbf][0xbd][0xef][0xbf][0xbd][0xef][0xbf][0xbd]y[0xef][0xbf][0xbd]g^[0xef][0xbf][0xbd][[0xef][0xbf][0xbd][0xef][0xbf][0xbd][0xef][0xbf][0xbd][0xef][0xbf][0xbd]Vn[0xef][0xbf][0xbd]=*[0xef][0xbf][0xbd][0xef][0xbf][0xbd]*[0xef][0xbf][0xbd][0xef][0xbf][0xbd][0xef][0xbf][0xbd]|[0xef][0xbf][0xbd][0xef][0xbf][0xbd][0xef][0xbf][0xbd][0x9]p[0xd9][0xb3][0xef][0xbf][0xbd];U[0x17]$[0xef][0xbf][0xbd][0xef][0xbf][0xbd][0xef][0xbf][0xbd]Rg[0xef][0xbf][0xbd][0xef][0xbf][0xbd]4W[0xef][0xbf][0xbd]}R[0xef][0xbf][0xbd]Le[0xef][0xbf][0xbd]Z[0xef][0xbf][0xbd][0xef][0xbf][0xbd]*Q(A[0xef][0xbf][0xbd]#[0x1][0xef][0xbf][0xbd]^[0xef][0xbf][0xbd][0xef][0xbf][0xbd][0xef][0xbf][0xbd][0xef][0xbf][0xbd][0xef][0xbf][0xbd][0x19]}l[0xcb][0xb8]z~[0xef][0xbf][0xbd][0x0][0xef][0xbf][0xbd][0x14][0xef][0xbf][0xbd]*[0xef][0xbf][0xbd][0x5][0xef][0xbf][0xbd]\[0xef][0xbf][0xbd][0xef][0xbf][0xbd][0xef][0xbf][0xbd]y[0xc]Hk[0xef][0xbf][0xbd][0xef][0xbf][0xbd][0xef][0xbf][0xbd]@';[0xef][0xbf][0xbd][0xc]&Qu[0xef][0xbf][0xbd]<[0xef][0xbf][0xbd]I[0xef][0xbf][0xbd][0x0][0xef][0xbf][0xbd][0x17][0xef][0xbf][0xbd][0x16][0xef][0xbf][0xbd][0xef][0xbf][0xbd][0xef][0xbf][0xbd][0x1e]`[0xef][0xbf][0xbd][0xef][0xbf][0xbd][0xef][0xbf][0xbd][0xe][0x19][0x10]Iue$[0xef][0xbf][0xbd][\n]"
07:56:28.706 [main] DEBUG org.apache.http.wire -  >> "N[0x4]p[0xef][0xbf][0xbd][0xef][0xbf][0xbd]l[0xef][0xbf][0xbd]?)Wt[0xef][0xbf][0xbd][0xef][0xbf][0xbd][0xef][0xbf][0xbd]em[0xef][0xbf][0xbd]=B][0xef][0xbf][0xbd][0x17]I[0xef][0xbf][0xbd][0xef][0xbf][0xbd][0xc8][0x97][0xef][0xbf][0xbd][0xef][0xbf][0xbd]\[0xef][0xbf][0xbd][0x11]X[0xef][0xbf][0xbd]B[0x9]![0xef][0xbf][0xbd]v[0xef][0xbf][0xbd][0xef][0xbf][0xbd][0x7][0x2]Z[0xef][0xbf][0xbd]1![0xef][0xbf][0xbd])[0xef][0xbf][0xbd]d[0xef][0xbf][0xbd][0xef][0xbf][0xbd][0xef][0xbf][0xbd][0xef][0xbf][0xbd]P}[0xef][0xbf][0xbd]UN2[0xef][0xbf][0xbd][0xef][0xbf][0xbd]Z[0xb]/[0xef][0xbf][0xbd]'Tb[0xef][0xbf][0xbd][0x1b][0xdb][0x87][0xef][0xbf][0xbd][0xef][0xbf][0xbd]@[0xef][0xbf][0xbd]([0xef][0xbf][0xbd]8[0xef][0xbf][0xbd][0xef][0xbf][0xbd]"[0xef][0xbf][0xbd]m[0xe2][0x8c][0xb6][0x0][0xda][0x96][0x16]w[0xef][0xbf][0xbd][0xef][0xbf][0xbd][0xd6][0xb6]U[0xef][0xbf][0xbd]w[0xef][0xbf][0xbd]_[0xef][0xbf][0xbd]sN[0x9][0xef][0xbf][0xbd]e?[0x1e][0xef][0xbf][0xbd][0xef][0xbf][0xbd][0xef][0xbf][0xbd][0xef][0xbf][0xbd]'[0xef][0xbf][0xbd]9D[0xef][0xbf][0xbd][0xef][0xbf][0xbd][0xef][0xbf][0xbd][0xef][0xbf][0xbd][0xef][0xbf][0xbd]C[0xef][0xbf][0xbd][0xef][0xbf][0xbd][0x15][0xef][0xbf][0xbd][0xef][0xbf][0xbd]2(D[0xef][0xbf][0xbd]vc{[0xef][0xbf][0xbd]o[0xef][0xbf][0xbd][0xef][0xbf][0xbd]a[0xef][0xbf][0xbd][&[0xe2][0xad][0xbc]/[0xef][0xbf][0xbd][0xef][0xbf][0xbd]zdg+[0xef][0xbf][0xbd])y;R[0xef][0xbf][0xbd][0x9][0x3][0xef][0xbf][0xbd][0xef][0xbf][0xbd][0xef][0xbf][0xbd]42-7y[0xef][0xbf][0xbd]-[0xef][0xbf][0xbd][0x18][0xef][0xbf][0xbd][0xef][0xbf][0xbd]-[0xef][0xbf][0xbd],[0xef][0xbf][0xbd][0xef][0xbf][0xbd]B[0xc][0x3][0xef][0xbf][0xbd]g[0x12][0xef][0xbf][0xbd][0xef][0xbf][0xbd][0xef][0xbf][0xbd]4[0xef][0xbf][0xbd]t[0xef][0xbf][0xbd][0x3][0xef][0xbf][0xbd]X[0xef][0xbf][0xbd]![0xb][0xef][0xbf][0xbd][0x15][0xef][0xbf][0xbd]Pw[0xef][0xbf][0xbd][0xef][0xbf][0xbd]W[0xef][0xbf][0xbd][0xef][0xbf][0xbd]y[0xef][0xbf][0xbd][0xef][0xbf][0xbd][0xef][0xbf][0xbd]}_[0xef][0xbf][0xbd][0xef][0xbf][0xbd][0xef][0xbf][0xbd][0x1a]@c[0xef][0xbf][0xbd][0xef][0xbf][0xbd][0xef][0xbf][0xbd]x[0xef][0xbf][0xbd][0x9][0xef][0xbf][0xbd][0xc6][0xa8]k[0xef][0xbf][0xbd][0x14]q[0xef][0xbf][0xbd][0xef][0xbf][0xbd]%[0xef][0xbf][0xbd][0xef][0xbf][0xbd][0x18]E[0xef][0xbf][0xbd][0xef][0xbf][0xbd]2[0xef][0xbf][0xbd][0x14]\[0xef][0xbf][0xbd]o[0xef][0xbf][0xbd]R[0x3]%[0xef][0xbf][0xbd][0xef][0xbf][0xbd][0x9][0xef][0xbf][0xbd]w[0xef][0xbf][0xbd]g\[0xef][0xbf][0xbd]E[[0xdb][0xa6][0xef][0xbf][0xbd][0x2][0xef][0xbf][0xbd][0xef][0xbf][0xbd]l[0x1c],[0xef][0xbf][0xbd][0xef][0xbf][0xbd]x8m[0xef][0xbf][0xbd][0xef][0xbf][0xbd][0xef][0xbf][0xbd]y-[0xf]z[0xef][0xbf][0xbd][0xef][0xbf][0xbd][0xef][0xbf][0xbd]I[0xef][0xbf][0xbd]#[0x15]yx[0xef][0xbf][0xbd]/[0xef][0xbf][0xbd][0xef][0xbf][0xbd][0x1d]p[0xef][0xbf][0xbd][0xef][0xbf][0xbd][0xc9][0xad][0x1f][0xef][0xbf][0xbd][0xdb][0xbb]ho[0xef][0xbf][0xbd][0xef][0xbf][0xbd][0xef][0xbf][0xbd][0xef][0xbf][0xbd]Bw[0xef][0xbf][0xbd][0x1a][0xef][0xbf][0xbd]~M`f[0xef][0xbf][0xbd][0xef][0xbf][0xbd][0xef][0xbf][0xbd][0xef][0xbf][0xbd]e([0xcc][0x97]L4[0xef][0xbf][0xbd][0xef][0xbf][0xbd]6[0xef][0xbf][0xbd][0xef][0xbf][0xbd][0xef][0xbf][0xbd][0xef][0xbf][0xbd][0xef][0xbf][0xbd][0xc4][0xba]V[0x10][0xef][0xbf][0xbd][0xef][0xbf][0xbd][0xef][0xbf][0xbd]9[0xef][0xbf][0xbd]>[0xef][0xbf][0xbd]k[0x10][0xef][0xbf][0xbd][0xda][0x94][0xef][0xbf][0xbd][0x10][0xef][0xbf][0xbd]F[0xd1][0x81]1 [0xef][0xbf][0xbd][0xef][0xbf][0xbd][0x1d][0xef][0xbf][0xbd][0xef][0xbf][0xbd][0xcc][0xa6][0x11][0xef][0xbf][0xbd]@,[0x16][0x19]d[0xef][0xbf][0xbd][0xef][0xbf][0xbd]H[0xef][0xbf][0xbd][0xef][0xbf][0xbd][0xef][0xbf][0xbd][0x14]0[0xef][0xbf][0xbd]![0xef][0xbf][0xbd][0xef][0xbf][0xbd]e[0x19]#<} p[0xef][0xbf][0xbd][0x1]4[0xef][0xbf][0xbd]@w[0xef][0xbf][0xbd]Vn[0xef][0xbf][0xbd][0x0][0xef][0xbf][0xbd]v[0x3][0xef][0xbf][0xbd][y_[0xef][0xbf][0xbd][0xef][0xbf][0xbd][0xef][0xbf][0xbd][0x16][0x3]?[0xef][0xbf][0xbd][0xef][0xbf][0xbd][0xef][0xbf][0xbd]\[0xef][0xbf][0xbd]s[0xef][0xbf][0xbd]gJ[0xef][0xbf][0xbd]n`[0xef][0xbf][0xbd][\r]*[0xef][0xbf][0xbd]*[0xef][0xbf][0xbd]n[0xef][0xbf][0xbd][0xef][0xbf][0xbd][0xc][0xef][0xbf][0xbd]>4[0xc]3dJ+[0xef][0xbf][0xbd][0xef][0xbf][0xbd][0xef][0xbf][0xbd]6]Xc[0xef][0xbf][0xbd]cc[0xef][0xbf][0xbd][0xd6][0xaf][0xd9][0xae][0xf]0[\n]"
07:56:28.707 [main] DEBUG org.apache.http.wire -  >> "[0xef][0xbf][0xbd]a7,[0xef][0xbf][0xbd][0xef][0xbf][0xbd][0x0][0xef][0xbf][0xbd][0xf][0xef][0xbf][0xbd]g[0xef][0xbf][0xbd]u<Fu[-5([0xef][0xbf][0xbd]z[\r][0x7][0xef][0xbf][0xbd][0xc6][0xa1][0xef][0xbf][0xbd]U.[0xef][0xbf][0xbd]h[0xef][0xbf][0xbd][0x7][0xef][0xbf][0xbd][0xef][0xbf][0xbd][0xd1][0x8a][0xef][0xbf][0xbd][0xef][0xbf][0xbd][0xef][0xbf][0xbd]{[0xef][0xbf][0xbd]F[0xef][0xbf][0xbd]A[0xef][0xbf][0xbd][0xef][0xbf][0xbd][0xef][0xbf][0xbd][0xef][0xbf][0xbd][0xef][0xbf][0xbd]+[0xef][0xbf][0xbd]=RJlk[0xef][0xbf][0xbd][0x17]C[0xef][0xbf][0xbd][0xef][0xbf][0xbd]Ls[0x4]V_[0xef][0xbf][0xbd][0xef][0xbf][0xbd][0xef][0xbf][0xbd][0xef][0xbf][0xbd]Z[0xd3][0xbe]6[0xef][0xbf][0xbd]8[0xef][0xbf][0xbd]w[0xef][0xbf][0xbd]8 M[0xef][0xbf][0xbd][0xef][0xbf][0xbd][0xef][0xbf][0xbd].Y[0xef][0xbf][0xbd][0xef][0xbf][0xbd]}S[0xef][0xbf][0xbd]0!p[0xef][0xbf][0xbd]F[0xef][0xbf][0xbd][0xef][0xbf][0xbd][0xef][0xbf][0xbd][0x5][0xef][0xbf][0xbd][0xe6][0xa5][0xb5][0xef][0xbf][0xbd]W[0xef][0xbf][0xbd]*c[0xef][0xbf][0xbd]J[0x1e]=[0xd6][0x98][0xef][0xbf][0xbd][0xef][0xbf][0xbd][0xc]][0xef][0xbf][0xbd][0xef][0xbf][0xbd][0xef][0xbf][0xbd][0xef][0xbf][0xbd]h[0xef][0xbf][0xbd][0xef][0xbf][0xbd][0x18][0xef][0xbf][0xbd]"[0xef][0xbf][0xbd][0xef][0xbf][0xbd]Y[\r][0xef][0xbf][0xbd]6[0x4]x[0xef][0xbf][0xbd][0xef][0xbf][0xbd][0xef][0xbf][0xbd]F[0xef][0xbf][0xbd]p[0xef][0xbf][0xbd][0xef][0xbf][0xbd][0xef][0xbf][0xbd][0xef][0xbf][0xbd][0x1]f1[[0xef][0xbf][0xbd][0xef][0xbf][0xbd]d[0xef][0xbf][0xbd][0xef][0xbf][0xbd][0xef][0xbf][0xbd][0xef][0xbf][0xbd]M_[0xef][0xbf][0xbd]wDQ$[0x1b]][0xda][0xab][0xef][0xbf][0xbd][0xef][0xbf][0xbd]C[0xef][0xbf][0xbd][0xef][0xbf][0xbd][0x1b]pd[0xef][0xbf][0xbd]R[0xef][0xbf][0xbd]p[0xef][0xbf][0xbd]r[0xef][0xbf][0xbd][0xef][0xbf][0xbd][0xf]d[0xef][0xbf][0xbd]S[0xef][0xbf][0xbd][0xef][0xbf][0xbd][0xef][0xbf][0xbd][0x18][0xc][0xef][0xbf][0xbd][0xef][0xbf][0xbd][0x14][0xef][0xbf][0xbd]5j[0xef][0xbf][0xbd]6[0xef][0xbf][0xbd][0xc3][0x8c][0xef][0xbf][0xbd][0x7][0xef][0xbf][0xbd]7o[0x0]v+[0xef][0xbf][0xbd]y[0x1b]@[0x16]O[0xef][0xbf][0xbd]8[0xef][0xbf][0xbd][0xf][0xef][0xbf][0xbd][0xef][0xbf][0xbd][0xe8][0x97][0xb8][0xb][0xef][0xbf][0xbd][0xef][0xbf][0xbd]BD[0xef][0xbf][0xbd][0xef][0xbf][0xbd][0xef][0xbf][0xbd][0xef][0xbf][0xbd]s[0xef][0xbf][0xbd][0x1b]p[0xef][0xbf][0xbd]T[0xef][0xbf][0xbd][0x18]3[0x13][0xef][0xbf][0xbd][0xef][0xbf][0xbd][0xef][0xbf][0xbd][0xef][0xbf][0xbd][0xef][0xbf][0xbd]$9[0xef][0xbf][0xbd][0xef][0xbf][0xbd]t[0xef][0xbf][0xbd][0xef][0xbf][0xbd]Jt[0xef][0xbf][0xbd][0xef][0xbf][0xbd][0xef][0xbf][0xbd][0xef][0xbf][0xbd][0xef][0xbf][0xbd][[0xef][0xbf][0xbd]![0xef][0xbf][0xbd]F[0xdf][0xa4][0xef][0xbf][0xbd]n[0xef][0xbf][0xbd]9[0xef][0xbf][0xbd][0xef][0xbf][0xbd]![0xef][0xbf][0xbd]T[0xef][0xbf][0xbd][0xef][0xbf][0xbd]r[0xef][0xbf][0xbd][0xef][0xbf][0xbd][0x1]0[0xef][0xbf][0xbd][0x1e][0xef][0xbf][0xbd]%Hq[0xef][0xbf][0xbd]k[0xef][0xbf][0xbd][0xef][0xbf][0xbd][0x1b][0xef][0xbf][0xbd][0xef][0xbf][0xbd]l[0xef][0xbf][0xbd][0xef][0xbf][0xbd]"JFpWK[0xef][0xbf][0xbd]IY/[0xef][0xbf][0xbd]S[0xef][0xbf][0xbd][0xb][0xef][0xbf][0xbd][0xef][0xbf][0xbd]>T4[0xef][0xbf][0xbd][0xef][0xbf][0xbd]K[0xc]8.J[0xef][0xbf][0xbd][0xef][0xbf][0xbd][0x18]X[0xef][0xbf][0xbd][0xef][0xbf][0xbd]N[0xef][0xbf][0xbd]o[0xd6][0x80][0x1e][0xef][0xbf][0xbd][0xef][0xbf][0xbd][0xef][0xbf][0xbd]I[0xef][0xbf][0xbd][0xef][0xbf][0xbd]5[0x3][0xef][0xbf][0xbd][0xef][0xbf][0xbd][0xef][0xbf][0xbd][0xe6][0xb3][0xbc][0xef][0xbf][0xbd]I[0xef][0xbf][0xbd]|e[0xef][0xbf][0xbd]0[0xef][0xbf][0xbd]r[0xef][0xbf][0xbd][0xef][0xbf][0xbd]bI,![0xef][0xbf][0xbd][0xef][0xbf][0xbd][0xef][0xbf][0xbd][0xef][0xbf][0xbd][0xc8][0x89]<[0x6][0xef][0xbf][0xbd][0xef][0xbf][0xbd][0xef][0xbf][0xbd]1CG[0xef][0xbf][0xbd]N[0xef][0xbf][0xbd]*[0xef][0xbf][0xbd]L[0x13][0x7][0xef][0xbf][0xbd][0xef][0xbf][0xbd][0xef][0xbf][0xbd],[0xef][0xbf][0xbd][0x14][0xe][0xef][0xbf][0xbd]=[0xef][0xbf][0xbd][0x1a][0xef][0xbf][0xbd]A[0xef][0xbf][0xbd]n[0xef][0xbf][0xbd][0xef][0xbf][0xbd][0xef][0xbf][0xbd]3[0xef][0xbf][0xbd]4[0xef][0xbf][0xbd]|k[0xef][0xbf][0xbd][0xdb][0xad][0xef][0xbf][0xbd][0xef][0xbf][0xbd][0xd8][0xa3]<G[0x3][0xef][0xbf][0xbd]n[0xef][0xbf][0xbd]@[0xef][0xbf][0xbd][0x1c]|[0x8][0xef][0xbf][0xbd]z[0xef][0xbf][0xbd][0x1b][0xef][0xbf][0xbd][0xcc][0xaf]/[0xef][0xbf][0xbd]L[0xef][0xbf][0xbd]#[\r][0xef][0xbf][0xbd][0xef][0xbf][0xbd]\[0x1b]L[0xef][0xbf][0xbd][0xef][0xbf][0xbd]k[0xef][0xbf][0xbd][0xef][0xbf][0xbd][0xef][0xbf][0xbd][0xef][0xbf][0xbd][0xef][0xbf][0xbd][0xef][0xbf][0xbd][0x16][0xef][0xbf][0xbd]s[0x2]7[0x0][0xef][0xbf][0xbd][0xef][0xbf][0xbd][0xf][0xef][0xbf][0xbd]|O [0xef][0xbf][0xbd][0xef][0xbf][0xbd][0xef][0xbf][0xbd][0xef][0xbf][0xbd][0xef][0xbf][0xbd]?[0x5]<zBgT[0xef][0xbf][0xbd]6[0xef][0xbf][0xbd][0xef][0xbf][0xbd]h(:_[0xef][0xbf][0xbd][0x18][0xef][0xbf][0xbd]}[0xef][0xbf][0xbd][0x13]e[0xca][0x93]API[0xef][0xbf][0xbd][0xef][0xbf][0xbd]O[0xef][0xbf][0xbd][0xef][0xbf][0xbd][0xef][0xbf][0xbd]L-[0xef][0xbf][0xbd]~[0x10][0xef][0xbf][0xbd][0x1][0xef][0xbf][0xbd][0xef][0xbf][0xbd]PU[0xef][0xbf][0xbd]P[0xef][0xbf][0xbd][0xf] e[0x6][0xef][0xbf][0xbd][0xef][0xbf][0xbd][0x19][0xef][0xbf][0xbd]J[0xef][0xbf][0xbd][0xef][0xbf][0xbd][0x9]9[0xc]c[0xef][0xbf][0xbd][\n]"
07:56:28.707 [main] DEBUG org.apache.http.wire -  >> "[0xef][0xbf][0xbd]C[0xef][0xbf][0xbd][0xef][0xbf][0xbd][0xef][0xbf][0xbd]n[0xef][0xbf][0xbd]l[0x14][0xef][0xbf][0xbd][0xef][0xbf][0xbd][0xef][0xbf][0xbd]n[0xef][0xbf][0xbd]B[0x3]_[0x3][L[0xef][0xbf][0xbd][0xef][0xbf][0xbd][\n]"
07:56:28.707 [main] DEBUG org.apache.http.wire -  >> "[0xef][0xbf][0xbd]3[0xef][0xbf][0xbd]}Lq[0xef][0xbf][0xbd][0xef][0xbf][0xbd][0xef][0xbf][0xbd][0xef][0xbf][0xbd][0xef][0xbf][0xbd][0xef][0xbf][0xbd]oi9,[0xef][0xbf][0xbd][0xef][0xbf][0xbd]'.d[0xef][0xbf][0xbd][0x13][0xef][0xbf][0xbd][0xef][0xbf][0xbd]h-Eo[0xef][0xbf][0xbd]&"
07:56:28.707 [main] DEBUG org.apache.http.wire -  >> "[0xef][0xbf][0xbd]qY -[0x1d][0xef][0xbf][0xbd][0x18][0xef][0xbf][0xbd][0xef][0xbf][0xbd][0xef][0xbf][0xbd][0xef][0xbf][0xbd][0xef][0xbf][0xbd]eR[0xe][0xef][0xbf][0xbd]}[0xef][0xbf][0xbd]O7E[0xc8][0x92][0xef][0xbf][0xbd]N[0xef][0xbf][0xbd]![0xef][0xbf][0xbd]b[0x3][0xef][0xbf][0xbd][0x1e][0xef][0xbf][0xbd]"2@[0xef][0xbf][0xbd][0xef][0xbf][0xbd]!([0xef][0xbf][0xbd][[0x4]Yab[0xef][0xbf][0xbd]d<j[0xef][0xbf][0xbd][0xef][0xbf][0xbd][0x1][0xef][0xbf][0xbd][0xef][0xbf][0xbd][0xef][0xbf][0xbd][0x1c][0xef][0xbf][0xbd][0xef][0xbf][0xbd][0xef][0xbf][0xbd]r[0xd2][0x83][0xef][0xbf][0xbd][0xef][0xbf][0xbd][0xef][0xbf][0xbd]}[0xef][0xbf][0xbd]f[0xef][0xbf][0xbd][0xef][0xbf][0xbd][0x7]c[0xef][0xbf][0xbd][0x4]I[0xef][0xbf][0xbd]$u[0x17][\r]:[0xef][0xbf][0xbd][0xef][0xbf][0xbd][0xe][0xef][0xbf][0xbd]M&[0xef][0xbf][0xbd][0xe8][0x81][0xa9][0xdb][0x89][0x1a]0o[0xef][0xbf][0xbd][0xef][0xbf][0xbd]c[0xef][0xbf][0xbd][0xef][0xbf][0xbd]:zs=[0x10]>5[\r][0x8][0xef][0xbf][0xbd][0x19]ez[0xef][0xbf][0xbd]([0xef][0xbf][0xbd][0x12]-[0xef][0xbf][0xbd][0xef][0xbf][0xbd][0xef][0xbf][0xbd][0xef][0xbf][0xbd][0x7][0xef][0xbf][0xbd][0x0][0xef][0xbf][0xbd][0xef][0xbf][0xbd][0x1e][0xef][0xbf][0xbd]Vn[0xef][0xbf][0xbd][0x3].[0xef][0xbf][0xbd][0x13][0xef][0xbf][0xbd]N[0xef][0xbf][0xbd][0xef][0xbf][0xbd][0xef][0xbf][0xbd]F%[0x1d][0xef][0xbf][0xbd][0xef][0xbf][0xbd]i[0xef][0xbf][0xbd].D[0x5][0xef][0xbf][0xbd][0x7]e[0xef][0xbf][0xbd][0xef][0xbf][0xbd][0x4]~[0xef][0xbf][0xbd][0x18]s{[0xef][0xbf][0xbd][0x5][0xef][0xbf][0xbd][0xef][0xbf][0xbd]&[0xef][0xbf][0xbd]b[0xef][0xbf][0xbd]A[0xef][0xbf][0xbd]%[0xef][0xbf][0xbd]1-[0xef][0xbf][0xbd][0x5][0xef][0xbf][0xbd][0xef][0xbf][0xbd][0x1]#[0xe]O[0x1][0x19]k[0xef][0xbf][0xbd][0xef][0xbf][0xbd][0x18][0xef][0xbf][0xbd][0xef][0xbf][0xbd][0xef][0xbf][0xbd][0x18][0xef][0xbf][0xbd][0x9][0xef][0xbf][0xbd][0x10][0xef][0xbf][0xbd]74[0xd9][0x8b]3?[0xef][0xbf][0xbd][0xef][0xbf][0xbd][0xef][0xbf][0xbd][0xef][0xbf][0xbd]0/Fk[0xef][0xbf][0xbd][0xef][0xbf][0xbd][0x0]B[\r]H[0xef][0xbf][0xbd][0xef][0xbf][0xbd][0xef][0xbf][0xbd][0xef][0xbf][0xbd][0xef][0xbf][0xbd]"[\n]"
07:56:28.712 [main] DEBUG org.apache.http.wire -  >> "[0xef][0xbf][0xbd][0xef][0xbf][0xbd][0xef][0xbf][0xbd][0x15][0xef][0xbf][0xbd]V[0xd5][0xae]hE[0xef][0xbf][0xbd][0xef][0xbf][0xbd][0x11][0xc4][0x80][0xef][0xbf][0xbd]8![0xef][0xbf][0xbd][0xef][0xbf][0xbd][0xef][0xbf][0xbd]8[0x9][0x13][0xdb][0x87]n[0xd7][0x85][0xef][0xbf][0xbd]o:[0xef][0xbf][0xbd][0x6]J[0xef][0xbf][0xbd][0x1b]Fn[0xe]M[0xef][0xbf][0xbd]~[0xef][0xbf][0xbd][0xef][0xbf][0xbd][0xef][0xbf][0xbd]([0xf]L[0xef][0xbf][0xbd]&[0xef][0xbf][0xbd][0x17]B f[0xef][0xbf][0xbd]&[0xef][0xbf][0xbd]/[0xef][0xbf][0xbd]g[0xda][0xa3];[0xcd][0xa5][0xe7][0xb4][0x9a][0x12][0xef][0xbf][0xbd][0xd2][0xb4]be[0xef][0xbf][0xbd][0xef][0xbf][0xbd][0xef][0xbf][0xbd]A[0x18];2[0xef][0xbf][0xbd][0xef][0xbf][0xbd][0xef][0xbf][0xbd]Z[0xef][0xbf][0xbd]4sR[0xef][0xbf][0xbd]bL_-[0xef][0xbf][0xbd]jH76[0x1f][0xef][0xbf][0xbd]OB[0xef][0xbf][0xbd]r[0x3][0xef][0xbf][0xbd] I[0xef][0xbf][0xbd][0xef][0xbf][0xbd][0xd8][0x92][0xef][0xbf][0xbd]o[0xef][0xbf][0xbd][0xef][0xbf][0xbd][0xef][0xbf][0xbd][0xef][0xbf][0xbd]5][0xef][0xbf][0xbd][0xef][0xbf][0xbd]5[0x3][0xef][0xbf][0xbd]YI[0xef][0xbf][0xbd][0xef][0xbf][0xbd][0xef][0xbf][0xbd]m[0x3]8[0xef][0xbf][0xbd]{[0xef][0xbf][0xbd][0xef][0xbf][0xbd]J`[0xef][0xbf][0xbd][0xef][0xbf][0xbd]A\[0xef][0xbf][0xbd][0xef][0xbf][0xbd][0xc2][0x8b]V[0xef][0xbf][0xbd][0xef][0xbf][0xbd][0xef][0xbf][0xbd]g[0xe8][0x8f][0xaa][0xef][0xbf][0xbd][0xef][0xbf][0xbd]'[0xf][0xef][0xbf][0xbd]o[0xef][0xbf][0xbd]}[0xef][0xbf][0xbd]o[0xef][0xbf][0xbd][0xef][0xbf][0xbd]C[0xef][0xbf][0xbd][0xca][0xad]|H[0xef][0xbf][0xbd][0xef][0xbf][0xbd][0x4][0xef][0xbf][0xbd][0xef][0xbf][0xbd]v[0xef][0xbf][0xbd][0xef][0xbf][0xbd][0xef][0xbf][0xbd]?[0xef][0xbf][0xbd][0xef][0xbf][0xbd][0x10][0x16]=[0xef][0xbf][0xbd][0xef][0xbf][0xbd]W[0xc8][0xb1]Ms[0xef][0xbf][0xbd][0xef][0xbf][0xbd][0xef][0xbf][0xbd][0x3]Z[0x1d][0xef][0xbf][0xbd]:[0xef][0xbf][0xbd][0xef][0xbf][0xbd][0x15][0xef][0xbf][0xbd][0x1a]OT[0xef][0xbf][0xbd][0xef][0xbf][0xbd][0xef][0xbf][0xbd][0xef][0xbf][0xbd] \[0xef][0xbf][0xbd][0xef][0xbf][0xbd][0x5]`[0xef][0xbf][0xbd]x[0xef][0xbf][0xbd]h[0xef][0xbf][0xbd]U[0x19][0x16][0xef][0xbf][0xbd]t}[0xef][0xbf][0xbd][0xc9][0x9a]3*[0xef][0xbf][0xbd][0xef][0xbf][0xbd]S[0xef][0xbf][0xbd]<[0xb]1@[0xef][0xbf][0xbd][0xef][0xbf][0xbd]@l(F[0xef][0xbf][0xbd][0x11][0xef][0xbf][0xbd][0xef][0xbf][0xbd]Q[0xef][0xbf][0xbd][0x1a][0xef][0xbf][0xbd][0xef][0xbf][0xbd][0xef][0xbf][0xbd][0xef][0xbf][0xbd][0xef][0xbf][0xbd][0x10]r[0xef][0xbf][0xbd][0xef][0xbf][0xbd][0xef][0xbf][0xbd]T[0xef][0xbf][0xbd][0xef][0xbf][0xbd]v\[0xef][0xbf][0xbd]1%[0xef][0xbf][0xbd]"[0xef][0xbf][0xbd]B[0xef][0xbf][0xbd]f[0x17]on[0xef][0xbf][0xbd][0xef][0xbf][0xbd]L[0xef][0xbf][0xbd][0xef][0xbf][0xbd]nF[0xef][0xbf][0xbd][0xef][0xbf][0xbd]K[0xef][0xbf][0xbd](N[0x3][0xef][0xbf][0xbd]cC[0xef][0xbf][0xbd]@v0n%xH*[0xef][0xbf][0xbd]= [0xef][0xbf][0xbd]5&H[0xef][0xbf][0xbd]7[0xef][0xbf][0xbd]0[0xef][0xbf][0xbd]E[0xcf][0xa7]}[0xef][0xbf][0xbd][0xef][0xbf][0xbd][0x1][0xef][0xbf][0xbd][0xef][0xbf][0xbd][0x16][0xef][0xbf][0xbd][0xef][0xbf][0xbd]8[0xef][0xbf][0xbd]F[0xef][0xbf][0xbd],[0xef][0xbf][0xbd][0xef][0xbf][0xbd]x[0xef][0xbf][0xbd][0x1f][0xef][0xbf][0xbd][0xef][0xbf][0xbd][0xe]m[0xc9][0xb6]g[0x17][0xef][0xbf][0xbd][0xef][0xbf][0xbd][0x10][0xef][0xbf][0xbd][0xef][0xbf][0xbd]~[0xef][0xbf][0xbd]![0xef][0xbf][0xbd]M8=[0xef][0xbf][0xbd]E[0xef][0xbf][0xbd][0xef][0xbf][0xbd]k[0xef][0xbf][0xbd][0xef][0xbf][0xbd][0xef][0xbf][0xbd]Z[0xef][0xbf][0xbd][0xef][0xbf][0xbd][0xef][0xbf][0xbd]LL[0xef][0xbf][0xbd]{N[0xef][0xbf][0xbd][0xef][0xbf][0xbd][0xef][0xbf][0xbd]Z[0xef][0xbf][0xbd][0x10]4[0xef][0xbf][0xbd][0xef][0xbf][0xbd]a[0xd1][0x83]/[0xef][0xbf][0xbd]y[0xef][0xbf][0xbd][0x1][0xef][0xbf][0xbd]A[0xef][0xbf][0xbd][0xc6][0xa7][0xef][0xbf][0xbd]8H[0xef][0xbf][0xbd][0x3],J[0xef][0xbf][0xbd][0xef][0xbf][0xbd];g[0xc][0xf][0xef][0xbf][0xbd][0x2]`[0xef][0xbf][0xbd][0x6]`[0xef][0xbf][0xbd][0xef][0xbf][0xbd][0xef][0xbf][0xbd]+[0xef][0xbf][0xbd]/F[0xef][0xbf][0xbd][0xef][0xbf][0xbd]q[0xc7][0x87]N[0xef][0xbf][0xbd][0xde][0x97][0xef][0xbf][0xbd][0xef][0xbf][0xbd][0xef][0xbf][0xbd][0xef][0xbf][0xbd][0xef][0xbf][0xbd][0xef][0xbf][0xbd][0x10][0xef][0xbf][0xbd][0xef][0xbf][0xbd]A[0xef][0xbf][0xbd][0xd9][0x93][0xef][0xbf][0xbd]a[0xef][0xbf][0xbd]'[0xef][0xbf][0xbd]R[0xef][0xbf][0xbd]^.[\n]"
07:56:28.713 [main] DEBUG org.apache.http.wire -  >> "[0xef][0xbf][0xbd][0xef][0xbf][0xbd]]'%[0xef][0xbf][0xbd][0xef][0xbf][0xbd]I)Hf[0xc]4[0xef][0xbf][0xbd][0xd5][0x80][0xef][0xbf][0xbd]0[0xef][0xbf][0xbd][0xef][0xbf][0xbd]T[0x3]Hh[0xef][0xbf][0xbd][0xef][0xbf][0xbd][0xef][0xbf][0xbd]{[0xef][0xbf][0xbd]>[\r]8[0xef][0xbf][0xbd][0xef][0xbf][0xbd]+[0xef][0xbf][0xbd][0x12]s[0xef][0xbf][0xbd]Lt<J[0xef][0xbf][0xbd]PSg[0xef][0xbf][0xbd][0x15]m[\n]"
07:56:28.713 [main] DEBUG org.apache.http.wire -  >> "[0xf]0[0xef][0xbf][0xbd][0xef][0xbf][0xbd][0xef][0xbf][0xbd][0xef][0xbf][0xbd][0xc][0xef][0xbf][0xbd]!4I)[\n]"
07:56:28.713 [main] DEBUG org.apache.http.wire -  >> "!I[0xef][0xbf][0xbd][0xef][0xbf][0xbd]KN[0xef][0xbf][0xbd]yN[0xef][0xbf][0xbd][0x13][0xef][0xbf][0xbd]C[0xef][0xbf][0xbd][0xef][0xbf][0xbd]F[0xef][0xbf][0xbd]\N[0xef][0xbf][0xbd]Y[0x1]kQ[0xef][0xbf][0xbd][0xef][0xbf][0xbd][0xf]([0xef][0xbf][0xbd]<[0xef][0xbf][0xbd]g,mQA[0x1f][0xef][0xbf][0xbd]ehYJJ[0xef][0xbf][0xbd]'[0xef][0xbf][0xbd][0xef][0xbf][0xbd]7c[0x12][0xef][0xbf][0xbd][0x13][0xef][0xbf][0xbd][0x1b][0xef][0xbf][0xbd]yi[0xef][0xbf][0xbd][0xef][0xbf][0xbd]>[0xef][0xbf][0xbd]G[0xcc][0xba][0xef][0xbf][0xbd][0xc5][0xb5]x@a[0xef][0xbf][0xbd][0x11][0xef][0xbf][0xbd][0xef][0xbf][0xbd][0xef][0xbf][0xbd][0xef][0xbf][0xbd]4[0xef][0xbf][0xbd]-[0xef][0xbf][0xbd]v[0xef][0xbf][0xbd]p[0xef][0xbf][0xbd][0x1b][0xef][0xbf][0xbd][0xef][0xbf][0xbd]1F4[0xef][0xbf][0xbd]k~[0xef][0xbf][0xbd][0xef][0xbf][0xbd]1[0xef][0xbf][0xbd]lrc[0xef][0xbf][0xbd][0xef][0xbf][0xbd][0x16][0xef][0xbf][0xbd][0xef][0xbf][0xbd][0xef][0xbf][0xbd][0x16][0xef][0xbf][0xbd][\r][0xef][0xbf][0xbd]FI:[0xef][0xbf][0xbd]M[0xef][0xbf][0xbd]r<[0xef][0xbf][0xbd]2[0xef][0xbf][0xbd][0xef][0xbf][0xbd][0xef][0xbf][0xbd][0xef][0xbf][0xbd]VoN[0xef][0xbf][0xbd][0xef][0xbf][0xbd]Z[0xef][0xbf][0xbd][0xef][0xbf][0xbd]!i*[0xe1][0xb9][0xb7][0x6][0xc6][0x92][0xef][0xbf][0xbd]F[0x14][0xef][0xbf][0xbd]}[0xef][0xbf][0xbd][0xef][0xbf][0xbd][0xef][0xbf][0xbd][0x6]`[0xef][0xbf][0xbd][0xef][0xbf][0xbd].o[0x9]d?[0xef][0xbf][0xbd]w[0xef][0xbf][0xbd][0xef][0xbf][0xbd][0xef][0xbf][0xbd][0xef][0xbf][0xbd][0xef][0xbf][0xbd]PJ[0x11]t&h7[0xef][0xbf][0xbd]i[0xef][0xbf][0xbd][0xef][0xbf][0xbd]3[0xef][0xbf][0xbd][0xef][0xbf][0xbd][0xef][0xbf][0xbd][0x1][0xef][0xbf][0xbd]X[0xef][0xbf][0xbd][0xef][0xbf][0xbd][0xef][0xbf][0xbd][0xef][0xbf][0xbd][0x1f][0xef][0xbf][0xbd][0xef][0xbf][0xbd]`[0x11].[0xef][0xbf][0xbd]q[0x3][0x15][0xef][0xbf][0xbd][0xef][0xbf][0xbd][0xef][0xbf][0xbd][0x1c]o[0xef][0xbf][0xbd]90[0xef][0xbf][0xbd]h[0xef][0xbf][0xbd]T[0xef][0xbf][0xbd][0x15]J'[0xef][0xbf][0xbd]tG+[0xef][0xbf][0xbd]%kQ[0xef][0xbf][0xbd][0xef][0xbf][0xbd]wn<[0x1e][0xef][0xbf][0xbd]L},[0xef][0xbf][0xbd]`[0xf]g[0xef][0xbf][0xbd][0x4][0xef][0xbf][0xbd][0xef][0xbf][0xbd][0x14]TX[0xef][0xbf][0xbd][0xef][0xbf][0xbd][0x14][0x1a]`[0xef][0xbf][0xbd]i[0xe2][0x9a][0xaa][0xef][0xbf][0xbd]*[0xef][0xbf][0xbd][0xef][0xbf][0xbd][0x10][0xf][0xef][0xbf][0xbd][0x12][0xef][0xbf][0xbd]1[0xef][0xbf][0xbd][\n]"
07:56:28.714 [main] DEBUG org.apache.http.wire -  >> "[0xef][0xbf][0xbd]K[0xef][0xbf][0xbd][0xef][0xbf][0xbd][0xef][0xbf][0xbd]1a[0xef][0xbf][0xbd]d}[0xef][0xbf][0xbd]|}5[0xef][0xbf][0xbd]2[0x11]Me[0x1e]h[0xd5][0xbe]f[0xef][0xbf][0xbd][0xef][0xbf][0xbd]O[0x1][0x1]5[0xef][0xbf][0xbd][0xcc][0x95][0xef][0xbf][0xbd]q[0xef][0xbf][0xbd][0x4]QE^[0x18][0xef][0xbf][0xbd]%[0xef][0xbf][0xbd]%[0xef][0xbf][0xbd][0xef][0xbf][0xbd][0xef][0xbf][0xbd][0x6]1nf[0xef][0xbf][0xbd][0xef][0xbf][0xbd]+[0xef][0xbf][0xbd][0xef][0xbf][0xbd]S[0xef][0xbf][0xbd][0xf][0xef][0xbf][0xbd]|[0xef][0xbf][0xbd]{x[0xef][0xbf][0xbd][0x17][0xef][0xbf][0xbd][0xef][0xbf][0xbd][0xef][0xbf][0xbd][0xd9][0xba]x[0xef][0xbf][0xbd][0xef][0xbf][0xbd]6}[0x0][0xef][0xbf][0xbd][0xef][0xbf][0xbd][0xef][0xbf][0xbd][0xef][0xbf][0xbd]([0x10][0xef][0xbf][0xbd][0x18][0x19]*[0xef][0xbf][0xbd]([0xef][0xbf][0xbd][0x14][0xef][0xbf][0xbd][0x1e][0xef][0xbf][0xbd][0xef][0xbf][0xbd][0xef][0xbf][0xbd][0xef][0xbf][0xbd][0xef][0xbf][0xbd][0x1e][0xef][0xbf][0xbd][0xef][0xbf][0xbd]rx[0xef][0xbf][0xbd]k[0xef][0xbf][0xbd] [0xef][0xbf][0xbd][0xef][0xbf][0xbd][0xef][0xbf][0xbd]\`>c[0xd1][0x8a][0xef][0xbf][0xbd][0xef][0xbf][0xbd][0xef][0xbf][0xbd][0x4][0xc2][0x9e]@[0xef][0xbf][0xbd][0xef][0xbf][0xbd]x[0xef][0xbf][0xbd]_[0xef][0xbf][0xbd]n[0x0]v+[0xef][0xbf][0xbd]IyK [0xef][0xbf][0xbd][0xef][0xbf][0xbd][0xef][0xbf][0xbd][0xef][0xbf][0xbd]O[0xef][0xbf][0xbd]%C[0xef][0xbf][0xbd][0xef][0xbf][0xbd][0x7][0xef][0xbf][0xbd][0xef][0xbf][0xbd]&[0xef][0xbf][0xbd][0xef][0xbf][0xbd]J[0xef][0xbf][0xbd]B[0x9]8[0xef][0xbf][0xbd][0xef][0xbf][0xbd]{[0xef][0xbf][0xbd][0xef][0xbf][0xbd]A[0xef][0xbf][0xbd]u#[0xef][0xbf][0xbd][0xef][0xbf][0xbd][0x0][0xef][0xbf][0xbd]Q[0xef][0xbf][0xbd][0xef][0xbf][0xbd]VoNO[0xef][0xbf][0xbd]0[0xef][0xbf][0xbd]X[0x12][0x1e][0xef][0xbf][0xbd][0x3][0xef][0xbf][0xbd]D[0xe]B[0x1e][0x1f]n[0xef][0xbf][0xbd]i[0xef][0xbf][0xbd][0xd0][0xae][0xef][0xbf][0xbd]6H[0xef][0xbf][0xbd][0xef][0xbf][0xbd][0x4]rP"[0xef][0xbf][0xbd][0xef][0xbf][0xbd][0xef][0xbf][0xbd][0xef][0xbf][0xbd]$At[0xef][0xbf][0xbd]E[0xef][0xbf][0xbd][0x4][0xc][0xef][0xbf][0xbd][0xef][0xbf][0xbd][0xef][0xbf][0xbd]f6[0x3]X[0xef][0xbf][0xbd][0x17][0xef][0xbf][0xbd]5[0xef][0xbf][0xbd][0x9][0xef][0xbf][0xbd][0x9][0x18][0x18][0xef][0xbf][0xbd]j[0xef][0xbf][0xbd],[0x16][0xef][0xbf][0xbd]p[0xe][0xef][0xbf][0xbd][0x14][0xef][0xbf][0xbd]d[0xef][0xbf][0xbd][0xef][0xbf][0xbd][0xef][0xbf][0xbd][0x8][0xef][0xbf][0xbd][0xef][0xbf][0xbd]c^R[0xef][0xbf][0xbd][0xef][0xbf][0xbd][0xef][0xbf][0xbd][0xef][0xbf][0xbd]*w8[0xef][0xbf][0xbd][0x8]BW1/h[0xef][0xbf][0xbd][0xef][0xbf][0xbd]![0x19][0xef][0xbf][0xbd][0xef][0xbf][0xbd]W[0xef][0xbf][0xbd]x[0xc][0xef][0xbf][0xbd][0xef][0xbf][0xbd][0xef][0xbf][0xbd][0xef][0xbf][0xbd][0xef][0xbf][0xbd][0xef][0xbf][0xbd]D[0xd3][0xb2]uu;<[0x5][0x18]ib[0xef][0xbf][0xbd].[0x1d]T[0xef][0xbf][0xbd][0xef][0xbf][0xbd]'[0xef][0xbf][0xbd][0xef][0xbf][0xbd]V[0xef][0xbf][0xbd][0xc7][0xa3]t[0x3][0xef][0xbf][0xbd]x+J[0xef][0xbf][0xbd]Q"M{[0xef][0xbf][0xbd]\y[0xef][0xbf][0xbd]?D5[0xef][0xbf][0xbd][0x1c]h[0xef][0xbf][0xbd][0x4][0xef][0xbf][0xbd]~[0xef][0xbf][0xbd]r[0xef][0xbf][0xbd]r[0xef][0xbf][0xbd]f[0xef][0xbf][0xbd][0xef][0xbf][0xbd][0x19][0xef][0xbf][0xbd][0xef][0xbf][0xbd][0xef][0xbf][0xbd][0xef][0xbf][0xbd][0xef][0xbf][0xbd]YB[0xef][0xbf][0xbd][0x1e][0xef][0xbf][0xbd][0xef][0xbf][0xbd][0x0][0x6]v[0xef][0xbf][0xbd][0xef][0xbf][0xbd][0xef][0xbf][0xbd][0xef][0xbf][0xbd]2*U[0x1b]:0[0xef][0xbf][0xbd]`[0xef][0xbf][0xbd]][0xef][0xbf][0xbd]9[0xef][0xbf][0xbd][0xef][0xbf][0xbd][0xef][0xbf][0xbd]3[0xef][0xbf][0xbd][0xef][0xbf][0xbd][0xef][0xbf][0xbd]$swL[0xef][0xbf][0xbd][0xef][0xbf][0xbd][0xef][0xbf][0xbd]-[0xef][0xbf][0xbd][0xef][0xbf][0xbd]G[0xef][0xbf][0xbd][0xef][0xbf][0xbd]_[0xef][0xbf][0xbd][\n]"
07:56:28.714 [main] DEBUG org.apache.http.wire -  >> "n[0xef][0xbf][0xbd]V[0x1e][0xef][0xbf][0xbd][0xef][0xbf][0xbd]@v>[0x11][0xef][0xbf][0xbd]b[0xef][0xbf][0xbd] V[0xef][0xbf][0xbd] tnGm5[0x0][0xef][0xbf][0xbd][0xef][0xbf][0xbd]s[0xf]d[0x0][0xef][0xbf][0xbd][0xef][0xbf][0xbd]z[0xef][0xbf][0xbd][0x16]#{[0xef][0xbf][0xbd][0xef][0xbf][0xbd][0xe]*[0xef][0xbf][0xbd][0xef][0xbf][0xbd]%u`2[0xef][0xbf][0xbd][0x4][0x1e][0xdc][0x9f]d[0xef][0xbf][0xbd]\[0xc7][0xb9][0xef][0xbf][0xbd].J[0xef][0xbf][0xbd][0xe]{=[0x1c][0x15]$[0xd5][0x8c][0x3][0xef][0xbf][0xbd][0xef][0xbf][0xbd]P[0xdd][0xa0]k[0xef][0xbf][0xbd]2A[0x3][0xef][0xbf][0xbd][0xef][0xbf][0xbd][0xef][0xbf][0xbd][0xef][0xbf][0xbd][0xef][0xbf][0xbd]r[0xef][0xbf][0xbd]P[0xef][0xbf][0xbd][0xef][0xbf][0xbd][0xef][0xbf][0xbd][0x4][0xd2][0x89][0xef][0xbf][0xbd]7^[0xef][0xbf][0xbd][0xef][0xbf][0xbd]H[0x2]z[0xef][0xbf][0xbd]W$[0xef][0xbf][0xbd]-R[0xef][0xbf][0xbd][0xef][0xbf][0xbd][0xef][0xbf][0xbd][0xd2][0x80]N[0xef][0xbf][0xbd]tBF[0x4][0xef][0xbf][0xbd][0xef][0xbf][0xbd][tH[0xef][0xbf][0xbd][0xef][0xbf][0xbd][0xef][0xbf][0xbd]][0xef][0xbf][0xbd][0xef][0xbf][0xbd]C[0xef][0xbf][0xbd]"[0xef][0xbf][0xbd]RMd[0xc7][0xa0][0xef][0xbf][0xbd]ru[0xef][0xbf][0xbd][0xef][0xbf][0xbd][0xe][0x7][0xef][0xbf][0xbd][0x13][0xef][0xbf][0xbd]CL\[0x13]KY[0x12]<[0xef][0xbf][0xbd][0xef][0xbf][0xbd][0xef][0xbf][0xbd]W[0xef][0xbf][0xbd]j[0xdb][0xa6][0xef][0xbf][0xbd]7[0xef][0xbf][0xbd][0xef][0xbf][0xbd]n[0xef][0xbf][0xbd]t[0x16]Z3[0xef][0xbf][0xbd][0xef][0xbf][0xbd]d[0xef][0xbf][0xbd]9[0xef][0xbf][0xbd]aM,S[0xef][0xbf][0xbd][0xef][0xbf][0xbd][0xef][0xbf][0xbd]i[0xef][0xbf][0xbd]xc[0xef][0xbf][0xbd]"H-[0xef][0xbf][0xbd][0xef][0xbf][0xbd][0xc],[0xef][0xbf][0xbd]^[0xef][0xbf][0xbd][0xef][0xbf][0xbd][0xef][0xbf][0xbd]p[0x13][0xef][0xbf][0xbd][0xef][0xbf][0xbd][0x16][0xef][0xbf][0xbd][0x1c][0xef][0xbf][0xbd][0xef][0xbf][0xbd][0xef][0xbf][0xbd][0xef][0xbf][0xbd]D@[0xef][0xbf][0xbd].Z[0xef][0xbf][0xbd]w[0xef][0xbf][0xbd][0xef][0xbf][0xbd]S[0xef][0xbf][0xbd]][0xef][0xbf][0xbd][0xef][0xbf][0xbd][0xef][0xbf][0xbd][0xef][0xbf][0xbd][0xef][0xbf][0xbd][0xef][0xbf][0xbd]`1[0xef][0xbf][0xbd][0xef][0xbf][0xbd][0xef][0xbf][0xbd]5[0xef][0xbf][0xbd]`[0xef][0xbf][0xbd]L[0xef][0xbf][0xbd][0xd7][0xbc][0xef][0xbf][0xbd]s[0xef][0xbf][0xbd][0xef][0xbf][0xbd][0xef][0xbf][0xbd][0xef][0xbf][0xbd][0xef][0xbf][0xbd][0x1b]?[0xef][0xbf][0xbd]=[0xef][0xbf][0xbd][0xef][0xbf][0xbd]s[0xef][0xbf][0xbd]p{[0x16][0xef][0xbf][0xbd]<v[0xef][0xbf][0xbd]{[0xef][0xbf][0xbd][0xc8][0x9e][0xef][0xbf][0xbd][0xef][0xbf][0xbd]=[0xef][0xbf][0xbd]G[0xef][0xbf][0xbd][0xef][0xbf][0xbd][0xef][0xbf][0xbd]!M,[0xef][0xbf][0xbd][0xef][0xbf][0xbd]4[0xef][0xbf][0xbd][0xef][0xbf][0xbd]r[0xef][0xbf][0xbd]=[0xef][0xbf][0xbd][0xef][0xbf][0xbd][0xef][0xbf][0xbd][0x6][0xef][0xbf][0xbd][0xef][0xbf][0xbd][0xd0][0xba][0xef][0xbf][0xbd][0x10][0xef][0xbf][0xbd][0xef][0xbf][0xbd][0xd9][0x8f][0xef][0xbf][0xbd][0xe1][0x94][0xa9][0xef][0xbf][0xbd]29M[0xef][0xbf][0xbd]P[0x11]sLJ[0xef][0xbf][0xbd](+[0xef][0xbf][0xbd]@,[0xef][0xbf][0xbd][0xef][0xbf][0xbd][0xef][0xbf][0xbd]l[0xef][0xbf][0xbd][0x5][0xef][0xbf][0xbd][0xef][0xbf][0xbd][0xf][0xef][0xbf][0xbd][0xef][0xbf][0xbd][0xef][0xbf][0xbd].[\n]"
07:56:28.714 [main] DEBUG org.apache.http.wire -  >> "`3S][0xef][0xbf][0xbd]Y*i![0xc7][0xa2][0xef][0xbf][0xbd]|[0xef][0xbf][0xbd][0x1d][0x8]s[0xef][0xbf][0xbd][0xef][0xbf][0xbd][0xef][0xbf][0xbd]X[0xef][0xbf][0xbd][0xef][0xbf][0xbd]x[0xef][0xbf][0xbd]\n[0xef][0xbf][0xbd][\r][0xef][0xbf][0xbd]5e[0x12][0xef][0xbf][0xbd][0xef][0xbf][0xbd]Cg5[0xef][0xbf][0xbd]-q4[0xef][0xbf][0xbd][0xef][0xbf][0xbd],xywX[0xef][0xbf][0xbd][0xef][0xbf][0xbd]I68[0xef][0xbf][0xbd]\[0xef][0xbf][0xbd][0xef][0xbf][0xbd][0x15]+[0x1c][0xef][0xbf][0xbd]H[0xef][0xbf][0xbd][0x12][0xef][0xbf][0xbd][[0xde][0x9b][0xef][0xbf][0xbd]W[0xef][0xbf][0xbd][0x1]h[0x5][0xd9][0x91]e"[0xef][0xbf][0xbd]0[0xef][0xbf][0xbd][0xef][0xbf][0xbd]h[0x18]+Z[0xef][0xbf][0xbd]T7[0xb]J614[0xef][0xbf][0xbd]y[0xef][0xbf][0xbd][0xef][0xbf][0xbd][0xef][0xbf][0xbd][0xef][0xbf][0xbd]C[0xef][0xbf][0xbd][0xef][0xbf][0xbd][0xef][0xbf][0xbd]Lk[0xef][0xbf][0xbd]J8[0xef][0xbf][0xbd][0xef][0xbf][0xbd][0xef][0xbf][0xbd][0xef][0xbf][0xbd]ZtC[0xef][0xbf][0xbd]q[0xef][0xbf][0xbd][0xef][0xbf][0xbd][0xef][0xbf][0xbd]$[0xef][0xbf][0xbd][0xef][0xbf][0xbd][0xef][0xbf][0xbd][0xef][0xbf][0xbd][0x5]@[0xef][0xbf][0xbd][0x17]l[0xf][0xef][0xbf][0xbd][0x0][0xb] `[0xef][0xbf][0xbd][0xef][0xbf][0xbd][0xef][0xbf][0xbd][0xef][0xbf][0xbd][0xef][0xbf][0xbd]+[0xef][0xbf][0xbd][0xc2][0x87][0xef][0xbf][0xbd][0xc3][0x90]1W[0xef][0xbf][0xbd][0xef][0xbf][0xbd] [0xef][0xbf][0xbd][0x7][0xef][0xbf][0xbd]T[0xef][0xbf][0xbd][0xef][0xbf][0xbd][0xef][0xbf][0xbd][0xef][0xbf][0xbd][0xf][0xef][0xbf][0xbd]ht[0x3]M[0xef][0xbf][0xbd]3[0xef][0xbf][0xbd][0xef][0xbf][0xbd][0xef][0xbf][0xbd][0xef][0xbf][0xbd][0xef][0xbf][0xbd][0xef][0xbf][0xbd][0xef][0xbf][0xbd]{[0xef][0xbf][0xbd][0xef][0xbf][0xbd][0x1e][0xef][0xbf][0xbd][0x0][0xef][0xbf][0xbd]V[0x1e][0xef][0xbf][0xbd][0x12]w}[0xef][0xbf][0xbd][0xef][0xbf][0xbd][0xef][0xbf][0xbd][0xef][0xbf][0xbd][0xef][0xbf][0xbd]O[0xef][0xbf][0xbd][0xef][0xbf][0xbd][0xef][0xbf][0xbd][0xef][0xbf][0xbd]C?[0x15]~[0xef][0xbf][0xbd][0xef][0xbf][0xbd]<;[0xef][0xbf][0xbd]Jj[0xef][0xbf][0xbd][0xef][0xbf][0xbd][0xef][0xbf][0xbd][0xef][0xbf][0xbd][0xef][0xbf][0xbd](:D [0x9][0xef][0xbf][0xbd]t[0xef][0xbf][0xbd]r[0xef][0xbf][0xbd][0xef][0xbf][0xbd]u#d[0xef][0xbf][0xbd][0xef][0xbf][0xbd][0xef][0xbf][0xbd]tE[0xef][0xbf][0xbd]|[0xc](3P[0xef][0xbf][0xbd][0x1c][0xef][0xbf][0xbd][0xef][0xbf][0xbd][0xef][0xbf][0xbd]I[0xec][0x8a][0x9b][0x1e][0xef][0xbf][0xbd][0x10]8m[0xef][0xbf][0xbd][0xef][0xbf][0xbd](<[0xef][0xbf][0xbd]5[0xef][0xbf][0xbd]P[0xcd][0xa0][0xef][0xbf][0xbd][0xef][0xbf][0xbd][0x1f]l[0xef][0xbf][0xbd][0xef][0xbf][0xbd][0x1][0xef][0xbf][0xbd]`[0xef][0xbf][0xbd]'e[0x17][0xef][0xbf][0xbd][0xef][0xbf][0xbd]6[0x3][0xef][0xbf][0xbd][0xef][0xbf][0xbd]=[0xef][0xbf][0xbd][0xef][0xbf][0xbd][0xef][0xbf][0xbd][0x1][0xef][0xbf][0xbd]8[0xef][0xbf][0xbd]c[[0xef][0xbf][0xbd]_[0xcc][0x8b][0xef][0xbf][0xbd]bU[0xef][0xbf][0xbd]-[0x4]([0x5][0xef][0xbf][0xbd][0xef][0xbf][0xbd][0xef][0xbf][0xbd][0xef][0xbf][0xbd]L[0xef][0xbf][0xbd][0xef][0xbf][0xbd][0xef][0xbf][0xbd][[\r][0xef][0xbf][0xbd]L[0xef][0xbf][0xbd]cqi[0x1a][0xef][0xbf][0xbd][0xef][0xbf][0xbd][0x18][0xef][0xbf][0xbd]F[0xef][0xbf][0xbd][0xef][0xbf][0xbd][0xef][0xbf][0xbd][0xef][0xbf][0xbd][0xef][0xbf][0xbd]`}[0xef][0xbf][0xbd][0xef][0xbf][0xbd]&[0x9][0xef][0xbf][0xbd]U[0xef][0xbf][0xbd][0x6],[\n]"
07:56:28.714 [main] DEBUG org.apache.http.wire -  >> "[0x1c]6.z-![0xef][0xbf][0xbd]S1[0xd8][0xbe]&q[0xef][0xbf][0xbd][0xef][0xbf][0xbd]T[0xef][0xbf][0xbd][0xef][0xbf][0xbd][0xef][0xbf][0xbd]q[0xef][0xbf][0xbd]@[0xef][0xbf][0xbd]k[0xef][0xbf][0xbd][0x2][0xef][0xbf][0xbd][0x7][0xef][0xbf][0xbd][0xef][0xbf][0xbd]c[0xef][0xbf][0xbd]z[0xd4][0xae][0xef][0xbf][0xbd]C[0xef][0xbf][0xbd][0xef][0xbf][0xbd][0xef][0xbf][0xbd][0xef][0xbf][0xbd][0xef][0xbf][0xbd]w[0xef][0xbf][0xbd][0xef][0xbf][0xbd][0x1]O[0xef][0xbf][0xbd][0x7][0xef][0xbf][0xbd][0xce][0xbe][0xef][0xbf][0xbd][0x1c][0xef][0xbf][0xbd]l+[0xef][0xbf][0xbd]Y[0xef][0xbf][0xbd][0xd9][0xa7][0xcb][0x9c][0xef][0xbf][0xbd][0xef][0xbf][0xbd][0xef][0xbf][0xbd][0xef][0xbf][0xbd][0xef][0xbf][0xbd]8[0x3][0xef][0xbf][0xbd][0x17]n[0x0]v+[0x1f][0xef][0xbf][0xbd]r[0xef][0xbf][0xbd]Gv[0xef][0xbf][0xbd][0xef][0xbf][0xbd]S[0xef][0xbf][0xbd]3t1x[0xef][0xbf][0xbd][0xef][0xbf][0xbd]>[0xef][0xbf][0xbd][0xc][0xef][0xbf][0xbd]"
07:56:28.715 [main] DEBUG org.apache.http.wire -  >> "D[0xef][0xbf][0xbd]9][0xef][0xbf][0xbd][0xef][0xbf][0xbd][0xef][0xbf][0xbd]C[0xef][0xbf][0xbd][0xef][0xbf][0xbd]oP_[0xef][0xbf][0xbd]T[0xef][0xbf][0xbd][0xef][0xbf][0xbd][0xc3][0x9c][0xef][0xbf][0xbd][0xc6][0x90][0xef][0xbf][0xbd][0x19]\[0xef][0xbf][0xbd][0xef][0xbf][0xbd][0x5][0xef][0xbf][0xbd][0xef][0xbf][0xbd]f[0xef][0xbf][0xbd][0x14][:[0xef][0xbf][0xbd][0x18][0x6][0xef][0xbf][0xbd][0x3]\[0xef][0xbf][0xbd][0xef][0xbf][0xbd][0x1a][0xef][0xbf][0xbd]=[0xc2][0xa5]-%V[0x14][0xef][0xbf][0xbd][0xef][0xbf][0xbd][0xef][0xbf][0xbd]Hj[0xef][0xbf][0xbd]P[0xef][0xbf][0xbd][0x7][0xef][0xbf][0xbd][0xef][0xbf][0xbd]X[0xef][0xbf][0xbd]8`[0xf][0xd0][0x9b][0xef][0xbf][0xbd]y:[0xef][0xbf][0xbd][0x15][0xef][0xbf][0xbd]([0xef][0xbf][0xbd][0xef][0xbf][0xbd]Y[0xef][0xbf][0xbd][0xef][0xbf][0xbd]dy[0xef][0xbf][0xbd]F[0xef][0xbf][0xbd][0xef][0xbf][0xbd][0xef][0xbf][0xbd]z[0xef][0xbf][0xbd]{[0xef][0xbf][0xbd][0xef][0xbf][0xbd][0xef][0xbf][0xbd][0xef][0xbf][0xbd][0xef][0xbf][0xbd]l[0xef][0xbf][0xbd][0x1b][0xef][0xbf][0xbd][0xef][0xbf][0xbd]#J[0x1f][0xef][0xbf][0xbd][0xef][0xbf][0xbd][0xef][0xbf][0xbd][0xde][0x91][0xef][0xbf][0xbd]-[0xb][0xef][0xbf][0xbd]Cm=s[0xef][0xbf][0xbd]S(`&[0xef][0xbf][0xbd]s[0xef][0xbf][0xbd])[0xef][0xbf][0xbd]HK[0xd5][0x83][0x19][0x1][0xd3][0xae][0xef][0xbf][0xbd][0x4][0xef][0xbf][0xbd][0xef][0xbf][0xbd][0x3]J`[0x19][0x0][0xef][0xbf][0xbd]I[[0xef][0xbf][0xbd][0xef][0xbf][0xbd]"[0xef][0xbf][0xbd][\n]"
07:56:28.715 [main] DEBUG org.apache.http.wire -  >> "\jG([0xde][0x97][0xb][0xef][0xbf][0xbd][0xef][0xbf][0xbd][0xef][0xbf][0xbd]A[0xef][0xbf][0xbd][0xef][0xbf][0xbd][0xef][0xbf][0xbd][0xef][0xbf][0xbd]/0@[0xef][0xbf][0xbd][0xef][0xbf][0xbd][0x1a]b[0xef][0xbf][0xbd]Ao[0xef][0xbf][0xbd][0xef][0xbf][0xbd][0xef][0xbf][0xbd][0xef][0xbf][0xbd]0[0x1b][0x7]6e[0xef][0xbf][0xbd]c.[0xef][0xbf][0xbd]<kB[0x16];[e[0xef][0xbf][0xbd]eG[0x19]HR[0x18][0xef][0xbf][0xbd]9[0xef][0xbf][0xbd][0xef][0xbf][0xbd]?L[0xef][0xbf][0xbd][0xef][0xbf][0xbd][0xef][0xbf][0xbd]K[0xef][0xbf][0xbd][0xef][0xbf][0xbd][[0x2][0xc7][0xad]|[0xef][0xbf][0xbd][0xca][0x9d]@[0x16][0xef][0xbf][0xbd]N+v[0xef][0xbf][0xbd]@[0xef][0xbf][0xbd][0xef][0xbf][0xbd][0xef][0xbf][0xbd]9 [0x2][0xef][0xbf][0xbd]\[0xef][0xbf][0xbd]W[0xef][0xbf][0xbd]QK|[0xef][0xbf][0xbd][0xef][0xbf][0xbd][0xef][0xbf][0xbd]J'[0xef][0xbf][0xbd][0xef][0xbf][0xbd][0xef][0xbf][0xbd]3[0xef][0xbf][0xbd]F[0xef][0xbf][0xbd]~Z[0xe][0x8]Z[0xef][0xbf][0xbd][0xef][0xbf][0xbd][0xef][0xbf][0xbd]`[0xef][0xbf][0xbd][0x1][0xef][0xbf][0xbd][\r]/[0xef][0xbf][0xbd][0xef][0xbf][0xbd][0xef][0xbf][0xbd][0xef][0xbf][0xbd][0xef][0xbf][0xbd]"[0xef][0xbf][0xbd][0xef][0xbf][0xbd]f[0xef][0xbf][0xbd]L[0xef][0xbf][0xbd][0xf0][0xbc][0x87][0x83][0xef][0xbf][0xbd]B[0xdf][0x99][0x12][0x1f][0xef][0xbf][0xbd][0xef][0xbf][0xbd][0xd6][0xbb][0xef][0xbf][0xbd]IZ[0x11]]yg0[0xef][0xbf][0xbd][0xf][0xef][0xbf][0xbd]_Hy[0xef][0xbf][0xbd][0xef][0xbf][0xbd][0xef][0xbf][0xbd][0xef][0xbf][0xbd]S9*[0xef][0xbf][0xbd]y[0xef][0xbf][0xbd][0xef][0xbf][0xbd]o>[0xef][0xbf][0xbd]6[0xe]Ly[0x12]JF[0xef][0xbf][0xbd][0xc2][0xb3][0xe]a[0xd4][0x9f][0x19][0x9]sy[0xef][0xbf][0xbd]I[0xef][0xbf][0xbd]^[0xef][0xbf][0xbd]k[0xef][0xbf][0xbd][0xef][0xbf][0xbd][0xef][0xbf][0xbd]LMMY[0xef][0xbf][0xbd][0x2]=z[0xef][0xbf][0xbd][0xef][0xbf][0xbd]S[0x17][0xef][0xbf][0xbd][0xef][0xbf][0xbd][0x1][0xef][0xbf][0xbd][0xb][0xef][0xbf][0xbd][0xef][0xbf][0xbd]f%&[0xef][0xbf][0xbd]h[0xef][0xbf][0xbd][0xef][0xbf][0xbd][0xef][0xbf][0xbd]X[0xef][0xbf][0xbd][0xef][0xbf][0xbd][0x12][0x13][0xef][0xbf][0xbd][0xef][0xbf][0xbd]z[0xef][0xbf][0xbd][0xef][0xbf][0xbd]Y[0xef][0xbf][0xbd]=I[0x2][0x13][0xef][0xbf][0xbd][0x12]`@[0xef][0xbf][0xbd][0x1f]9[0xef][0xbf][0xbd].[0x0][0xef][0xbf][0xbd]([0x1a][0xef][0xbf][0xbd];N[0xef][0xbf][0xbd][0xef][0xbf][0xbd][0xef][0xbf][0xbd][0x1e]4[0xc][0xef][0xbf][0xbd]\[0xef][0xbf][0xbd][0xef][0xbf][0xbd]f[0xef][0xbf][0xbd][0xef][0xbf][0xbd][0xef][0xbf][0xbd][0xef][0xbf][0xbd][0xef][0xbf][0xbd][0x1f]3n[0xef][0xbf][0xbd]j[0x12]I[0xef][0xbf][0xbd][0xef][0xbf][0xbd][0xef][0xbf][0xbd]N[0xef][0xbf][0xbd][0xef][0xbf][0xbd][0xc2][0xbd][0xef][0xbf][0xbd][0xef][0xbf][0xbd][\n]"
07:56:28.716 [main] DEBUG org.apache.http.wire -  >> "[0xd4][0x92][0xef][0xbf][0xbd])[0xef][0xbf][0xbd][0xc9][0x99][0xef][0xbf][0xbd]vf[0xef][0xbf][0xbd][0xef][0xbf][0xbd]g[0xef][0xbf][0xbd][0xef][0xbf][0xbd][0xef][0xbf][0xbd]/[0xef][0xbf][0xbd]_[0xef][0xbf][0xbd][0xef][0xbf][0xbd][0xf]q+[0xef][0xbf][0xbd][0xef][0xbf][0xbd][0x11],w[0x2][0xd9][0x99]$y[0xef][0xbf][0xbd]C[0xcd][0x93][0xef][0xbf][0xbd]u)[0xef][0xbf][0xbd]h[0xef][0xbf][0xbd][0xef][0xbf][0xbd]2N[0xef][0xbf][0xbd]~[0xef][0xbf][0xbd][0xef][0xbf][0xbd][0x9][0xef][0xbf][0xbd][0xef][0xbf][0xbd]2[0x1][\r]Bi[0x10])[0x0]j[0x1a][0xef][0xbf][0xbd][0xef][0xbf][0xbd][0xd8][0x9c]k?n[0xef][0xbf][0xbd][0x1b]`[0xef][0xbf][0xbd]WT[0xef][0xbf][0xbd][0xef][0xbf][0xbd][0xef][0xbf][0xbd][0xef][0xbf][0xbd]z[0xef][0xbf][0xbd]R[0xef][0xbf][0xbd][0xef][0xbf][0xbd])[0xef][0xbf][0xbd][0xef][0xbf][0xbd][0xef][0xbf][0xbd][0xef][0xbf][0xbd][0x2]gr[0x7]gC[0xef][0xbf][0xbd][0xef][0xbf][0xbd][0x8][0xef][0xbf][0xbd][0x1c][0xef][0xbf][0xbd][0xd3][0xaf][0xef][0xbf][0xbd][0xef][0xbf][0xbd]H[0x1a]e[0xef][0xbf][0xbd]hG[0xef][0xbf][0xbd]r[0x19][0xef][0xbf][0xbd]f[0xca][0x8d]s[0xef][0xbf][0xbd]9[0x1d][0xef][0xbf][0xbd][0x16]2[0xef][0xbf][0xbd][0xd8][0x9c]D[0x1b][0xef][0xbf][0xbd]M[0xef][0xbf][0xbd]\[0xd2][0xb2][0xef][0xbf][0xbd]Z[0xef][0xbf][0xbd]j[0xef][0xbf][0xbd]|[0xef][0xbf][0xbd]+"[0xef][0xbf][0xbd][0xc8][0xb5]N[0xef][0xbf][0xbd]a[0xef][0xbf][0xbd][0xef][0xbf][0xbd]W[0xef][0xbf][0xbd] [0xef][0xbf][0xbd]#,Y\@)[0x1b]E~I[0x1c][0xef][0xbf][0xbd]RV[0xef][0xbf][0xbd]J[0xf]L[0xef][0xbf][0xbd][0xef][0xbf][0xbd]ca1i@[0xef][0xbf][0xbd][0xef][0xbf][0xbd]g[0xf]m[0xef][0xbf][0xbd][\r]e[0xdd][0x8b]e@[0xef][0xbf][0xbd][0x9][0xef][0xbf][0xbd][0x2][0x19]+[0x18]V*.[0xd3][0x8a]zo[0xef][0xbf][0xbd]P.[0x1d]t[0xef][0xbf][0xbd]Z[\n]"
07:56:28.716 [main] DEBUG org.apache.http.wire -  >> "[0xef][0xbf][0xbd][0xef][0xbf][0xbd]![0xef][0xbf][0xbd]j[0xef][0xbf][0xbd]s;[0x4]T[0xda][0x8b][0xef][0xbf][0xbd][0x9][0xef][0xbf][0xbd][0xef][0xbf][0xbd][0xef][0xbf][0xbd][0xef][0xbf][0xbd]hz[0xef][0xbf][0xbd][0xef][0xbf][0xbd]zX[0xef][0xbf][0xbd][0xef][0xbf][0xbd]N[0xef][0xbf][0xbd][0xef][0xbf][0xbd][0x5]:[0xef][0xbf][0xbd][0xef][0xbf][0xbd]^[0xef][0xbf][0xbd][0xef][0xbf][0xbd][0xef][0xbf][0xbd][0xef][0xbf][0xbd]y[0xf][0xef][0xbf][0xbd]m[0xef][0xbf][0xbd][0xef][0xbf][0xbd]{[0xef][0xbf][0xbd][0xef][0xbf][0xbd][0xef][0xbf][0xbd]y[0xef][0xbf][0xbd][0xef][0xbf][0xbd]O[0xef][0xbf][0xbd][0xef][0xbf][0xbd][0xdc][0x8d]>[0xef][0xbf][0xbd][0xef][0xbf][0xbd][0xef][0xbf][0xbd]z[0xef][0xbf][0xbd][0xef][0xbf][0xbd][0x7][0xf]~[0xef][0xbf][0xbd][0xef][0xbf][0xbd]'~[0xef][0xbf][0xbd];[0xef][0xbf][0xbd]u[0xef][0xbf][0xbd][0xef][0xbf][0xbd]]G[0xef][0xbf][0xbd]R/Mi[0x1b][0xef][0xbf][0xbd]L[0xef][0xbf][0xbd][0xef][0xbf][0xbd],[0xc3][0xb4][0x4][0xef][0xbf][0xbd][0x10]`[0x1d][0xef][0xbf][0xbd][0xef][0xbf][0xbd][0xef][0xbf][0xbd][0xef][0xbf][0xbd][0xc]"[0xef][0xbf][0xbd].(<[0xc9][0xa5]sZ[0xef][0xbf][0xbd][0xef][0xbf][0xbd]e[0xef][0xbf][0xbd]sX@Q[0xef][0xbf][0xbd]l(NFE#[0x17]"[0xef][0xbf][0xbd][0xd1][0x80]y1p[0xef][0xbf][0xbd][0xef][0xbf][0xbd][0x12][0x3][0xef][0xbf][0xbd][0xef][0xbf][0xbd][0xef][0xbf][0xbd][0xef][0xbf][0xbd][0xd6][0xb8][0xef][0xbf][0xbd]@[0xef][0xbf][0xbd][0xd9][0x95]y[0xef][0xbf][0xbd])[0xef][0xbf][0xbd][0xef][0xbf][0xbd]`[0xef][0xbf][0xbd]%I[0xef][0xbf][0xbd][0xef][0xbf][0xbd][0xef][0xbf][0xbd][0xef][0xbf][0xbd][0xef][0xbf][0xbd][0xef][0xbf][0xbd][0xef][0xbf][0xbd]#[0xf]-D[0x13]*M?[0xd7][0xba][0x1e][0xcf][0xbc][0xef][0xbf][0xbd][0xef][0xbf][0xbd]o_[0xef][0xbf][0xbd][0xef][0xbf][0xbd][\r][0xef][0xbf][0xbd][0xef][0xbf][0xbd]r=[0xef][0xbf][0xbd]K=[0x1][0x5][0xef][0xbf][0xbd][0xef][0xbf][0xbd][0xef][0xbf][0xbd]:[0xef][0xbf][0xbd][0x9][0xc5][0xa8][0xef][0xbf][0xbd][0xef][0xbf][0xbd][0xeb][0xb5][0xa3][0x1][0xef][0xbf][0xbd]M[0x1][0xef][0xbf][0xbd]o[0x12]0[0xef][0xbf][0xbd]GP[0xd7][0xb5][0xef][0xbf][0xbd][0xef][0xbf][0xbd][0xf]e3s[0xef][0xbf][0xbd][0xef][0xbf][0xbd]\[0xef][0xbf][0xbd][0x0][0xef][0xbf][0xbd];[0xef][0xbf][0xbd][0xef][0xbf][0xbd]n[0xef][0xbf][0xbd]pjPi[0xef][0xbf][0xbd][0xef][0xbf][0xbd]XrX[0xef][0xbf][0xbd][0xef][0xbf][0xbd][0xef][0xbf][0xbd][0xb][0xef][0xbf][0xbd][0xef][0xbf][0xbd][0xef][0xbf][0xbd]F[0xef][0xbf][0xbd][0xef][0xbf][0xbd][0xef][0xbf][0xbd]x[0xef][0xbf][0xbd][0xd6][0x98][0xc5][0xbb]d[0xef][0xbf][0xbd][0xef][0xbf][0xbd]2Z[0xef][0xbf][0xbd][0xef][0xbf][0xbd]Ay1[0x5][0xef][0xbf][0xbd]#[0xef][0xbf][0xbd][0x1][0xef][0xbf][0xbd]}[0xef][0xbf][0xbd]_>[0xef][0xbf][0xbd][0xef][0xbf][0xbd][0xef][0xbf][0xbd]7>[0xef][0xbf][0xbd][0xef][0xbf][0xbd][0x1b][0xef][0xbf][0xbd][0xef][0xbf][0xbd][0xef][0xbf][0xbd][0xc7][0xa5]\yd[0xef][0xbf][0xbd][0xef][0xbf][0xbd]{[0xef][0xbf][0xbd]g[0x0][0xef][0xbf][0xbd][0x8][0xef][0xbf][0xbd][0xef][0xbf][0xbd][0xef][0xbf][0xbd]R[0xef][0xbf][0xbd][0xca][0x92][0xef][0xbf][0xbd][0xef][0xbf][0xbd][0x14]V[0xef][0xbf][0xbd][0xef][0xbf][0xbd]u[0xef][0xbf][0xbd][0xef][0xbf][0xbd][0x15]=[0x15][0xef][0xbf][0xbd]^a[0x5]1[0xef][0xbf][0xbd]([0xef][0xbf][0xbd][0x19]F[0xef][0xbf][0xbd][0xef][0xbf][0xbd][0xef][0xbf][0xbd]u[0xef][0xbf][0xbd]xj[0x7]z[0x11][0xef][0xbf][0xbd]6[0xef][0xbf][0xbd]J[0xef][0xbf][0xbd][0xef][0xbf][0xbd][0xef][0xbf][0xbd]X[0xef][0xbf][0xbd][0xef][0xbf][0xbd]H[0xc][0xef][0xbf][0xbd][0xef][0xbf][0xbd][0xef][0xbf][0xbd][0x3][0xef][0xbf][0xbd][0xd4][0x93][0x13]P8([0x1e][0x3]-~/[0xef][0xbf][0xbd][0xef][0xbf][0xbd]8[0xef][0xbf][0xbd][0xef][0xbf][0xbd][0xef][0xbf][0xbd]g{^3[0xef][0xbf][0xbd][0x1e][0xc7][0x86][0xef][0xbf][0xbd]W[0x3][0x1][0xef][0xbf][0xbd][0xef][0xbf][0xbd][0xef][0xbf][0xbd]k[0xef][0xbf][0xbd]YC[0x1b][0xef][0xbf][0xbd][0xef][0xbf][0xbd][0xef][0xbf][0xbd][0xef][0xbf][0xbd][0xef][0xbf][0xbd]n[0xef][0xbf][0xbd][0x8][0x2][0xef][0xbf][0xbd]vd[0xef][0xbf][0xbd][0xef][0xbf][0xbd][0xef][0xbf][0xbd][0xd5][0xa9][0xef][0xbf][0xbd][0xef][0xbf][0xbd][0xef][0xbf][0xbd][0xef][0xbf][0xbd]:[0xef][0xbf][0xbd]rQ[0xef][0xbf][0xbd][0xef][0xbf][0xbd][0xef][0xbf][0xbd][0x11][0xb][0xef][0xbf][0xbd]].<[0xef][0xbf][0xbd][0xef][0xbf][0xbd][0xef][0xbf][0xbd][0xef][0xbf][0xbd]u%[0xef][0xbf][0xbd][0xef][0xbf][0xbd]E#[0xef][0xbf][0xbd][0xc8][0xb8][\r][0xef][0xbf][0xbd][0xef][0xbf][0xbd][0x1][0xc5][0xaf][0xef][0xbf][0xbd][0xef][0xbf][0xbd]ir[0x0][0xef][0xbf][0xbd]b[0xef][0xbf][0xbd][0xef][0xbf][0xbd]c[0xef][0xbf][0xbd][0xef][0xbf][0xbd][0xef][0xbf][0xbd][0xef][0xbf][0xbd][0x11][0xef][0xbf][0xbd]*[0xef][0xbf][0xbd]b$[0xef][0xbf][0xbd][0x6]x;[0xd9][0x8c]?[0xef][0xbf][0xbd][0x19]Q[0xef][0xbf][0xbd][0xef][0xbf][0xbd]cE`[0xef][0xbf][0xbd]-%[0xef][0xbf][0xbd][0xef][0xbf][0xbd][0xcf][0x9a][0xef][0xbf][0xbd][0xef][0xbf][0xbd][0xdf][0xac][0x18]n[0xef][0xbf][0xbd]z[0xdf][0x86][0xef][0xbf][0xbd][0xef][0xbf][0xbd][0x16][0xef][0xbf][0xbd]1[0xc5][0xb1][0xef][0xbf][0xbd][0xef][0xbf][0xbd]1[0xef][0xbf][0xbd]>W[0xef][0xbf][0xbd][0xef][0xbf][0xbd][0x10][0xef][0xbf][0xbd][0xef][0xbf][0xbd]n7[0xef][0xbf][0xbd][0xef][0xbf][0xbd][0x8][0xef][0xbf][0xbd][0x17][0xef][0xbf][0xbd]w[0xef][0xbf][0xbd]e[0xef][0xbf][0xbd]z[0xef][0xbf][0xbd][0xef][0xbf][0xbd][0xef][0xbf][0xbd];[0xef][0xbf][0xbd][0xc5][0x97][0xef][0xbf][0xbd]O7[0xef][0xbf][0xbd][0xef][0xbf][0xbd]V>~[0xef][0xbf][0xbd][\n]"
07:56:28.716 [main] DEBUG org.apache.http.wire -  >> "[0xef][0xbf][0xbd][0xef][0xbf][0xbd]a{[0x12][0x1e]|VV[0xef][0xbf][0xbd][0xef][0xbf][0xbd],[0xef][0xbf][0xbd][0xe][0xef][0xbf][0xbd][0xef][0xbf][0xbd][0xef][0xbf][0xbd][0x1f][0xef][0xbf][0xbd][0x1b][0xc2][0x9a]l[0xef][0xbf][0xbd][0xef][0xbf][0xbd][0xef][0xbf][0xbd][0xef][0xbf][0xbd][0xef][0xbf][0xbd])[0xef][0xbf][0xbd][0xef][0xbf][0xbd][0xef][0xbf][0xbd][0xc7][0x99][0xef][0xbf][0xbd][0xef][0xbf][0xbd][0xef][0xbf][0xbd][0xef][0xbf][0xbd]D[0xef][0xbf][0xbd]Rcq[0xdd][0x9e][0xef][0xbf][0xbd][0xef][0xbf][0xbd]W[0xef][0xbf][0xbd][0x1c][0xef][0xbf][0xbd]K[0xef][0xbf][0xbd]PU[0x12]D[0xef][0xbf][0xbd][0xef][0xbf][0xbd]b[0xef][0xbf][0xbd]`[0xef][0xbf][0xbd]@[0xef][0xbf][0xbd][0xef][0xbf][0xbd][0xdb][0x94][0x1a]>[0xcf][0x84][0x4]D[0xef][0xbf][0xbd][0xef][0xbf][0xbd][0xef][0xbf][0xbd][0xf]v[0xef][0xbf][0xbd][0xef][0xbf][0xbd][0xef][0xbf][0xbd][0xef][0xbf][0xbd][0x2][0xef][0xbf][0xbd][0x13][0x1c]:U1Z[0xef][0xbf][0xbd]]y^=[0xef][0xbf][0xbd][0xef][0xbf][0xbd][0xef][0xbf][0xbd][0xef][0xbf][0xbd]x[0xef][0xbf][0xbd]5[0xef][0xbf][0xbd][0xef][0xbf][0xbd][0xef][0xbf][0xbd][0xc7][0xb7]\[0xef][0xbf][0xbd]Aj'[0x18][0xef][0xbf][0xbd][0xef][0xbf][0xbd][0x9]y[0xef][0xbf][0xbd][0xef][0xbf][0xbd]g[[0xef][0xbf][0xbd]g9`[0x1c][0x13][0xef][0xbf][0xbd][0xc9][0x91]j7OZ[0xef][0xbf][0xbd]|%[0xef][0xbf][0xbd]w[0xef][0xbf][0xbd][0xef][0xbf][0xbd]KA[0xef][0xbf][0xbd].9[0xef][0xbf][0xbd][0xef][0xbf][0xbd]G[0xcb][0xbd] [0x0][0xef][0xbf][0xbd]~[0xef][0xbf][0xbd]k[0xef][0xbf][0xbd]i[0xef][0xbf][0xbd]??)[0xef][0xbf][0xbd][0xef][0xbf][0xbd][0x1][0xef][0xbf][0xbd][0xef][0xbf][0xbd][0x4][0xef][0xbf][0xbd]z[0xef][0xbf][0xbd][0xb][0xef][0xbf][0xbd][0xef][0xbf][0xbd][0xc3][0xb2][0xef][0xbf][0xbd][0x7]V4I[0xef][0xbf][0xbd]O`[0xef][0xbf][0xbd]&F[0xef][0xbf][0xbd][0xd0][0xa8][0x1b][0x16]\[0xef][0xbf][0xbd][0xef][0xbf][0xbd]5[0xef][0xbf][0xbd]4d[0xef][0xbf][0xbd]1L[0xef][0xbf][0xbd][0xef][0xbf][0xbd]}[0xef][0xbf][0xbd][0xef][0xbf][0xbd][0xe]OK[0xef][0xbf][0xbd][0x10][0xef][0xbf][0xbd][0xc2][0x93][0xef][0xbf][0xbd]x[0xc7][0xbd][0xef][0xbf][0xbd]Ns[0xef][0xbf][0xbd][0x17][0xef][0xbf][0xbd]E[0xef][0xbf][0xbd][0xef][0xbf][0xbd][0xef][0xbf][0xbd][0x1b]g[0x2][0xef][0xbf][0xbd][0xef][0xbf][0xbd][0xef][0xbf][0xbd][0xef][0xbf][0xbd][0xef][0xbf][0xbd]>+[0x1f][0xef][0xbf][0xbd]r[0x1d]#[0xef][0xbf][0xbd]|[\n]"
07:56:28.716 [main] DEBUG org.apache.http.wire -  >> "c[0x1d][0xef][0xbf][0xbd]Y\[0xef][0xbf][0xbd][0x1a][0xef][0xbf][0xbd][0xef][0xbf][0xbd][0xef][0xbf][0xbd][0x19][0xef][0xbf][0xbd][0x17]CC[0xef][0xbf][0xbd]%[0xef][0xbf][0xbd][0xef][0xbf][0xbd][0x1][0xef][0xbf][0xbd][0xef][0xbf][0xbd][0xef][0xbf][0xbd]h[0xef][0xbf][0xbd]Qm[0xef][0xbf][0xbd]b[0x17]8f'[0x19][0xef][0xbf][0xbd]D[0xef][0xbf][0xbd][0xef][0xbf][0xbd]]8[0xef][0xbf][0xbd]T[0xef][0xbf][0xbd][0xef][0xbf][0xbd][0x2][0xef][0xbf][0xbd]^[0xef][0xbf][0xbd][0xef][0xbf][0xbd]n[0xef][0xbf][0xbd][0x12]U[0xef][0xbf][0xbd][0xef][0xbf][0xbd]X[0x2][0xef][0xbf][0xbd][0xef][0xbf][0xbd][0xef][0xbf][0xbd][0xef][0xbf][0xbd]4[0xef][0xbf][0xbd][0x1f][0xef][0xbf][0xbd][0x17] [\n]"
07:56:28.717 [main] DEBUG org.apache.http.wire -  >> "[0xef][0xbf][0xbd]qC~.u5\UN[0xef][0xbf][0xbd][0x0][0xef][0xbf][0xbd][0xef][0xbf][0xbd][0x6][0x4][0xef][0xbf][0xbd][0x10][0xef][0xbf][0xbd][0xef][0xbf][0xbd]L[0xef][0xbf][0xbd]?[0xef][0xbf][0xbd][0xef][0xbf][0xbd][0xef][0xbf][0xbd][0xef][0xbf][0xbd]"-[0xef][0xbf][0xbd]h[0xef][0xbf][0xbd]%[0xc][0xef][0xbf][0xbd]u}-W[0xc]jy[0xef][0xbf][0xbd]|[0xef][0xbf][0xbd][0xef][0xbf][0xbd]'M[0xef][0xbf][0xbd])[0xef][0xbf][0xbd]f[0x19]-[0xef][0xbf][0xbd][0xef][0xbf][0xbd][0xd0][0xa5][0xef][0xbf][0xbd][0xef][0xbf][0xbd]AR[0xef][0xbf][0xbd]D[0xef][0xbf][0xbd]1[0xef][0xbf][0xbd]'0[0xef][0xbf][0xbd]J[0xef][0xbf][0xbd][0xef][0xbf][0xbd][0xef][0xbf][0xbd][0xef][0xbf][0xbd][0xef][0xbf][0xbd][0xef][0xbf][0xbd][0xe1][0x9a][0x8f][0x4][0xe]zy[0xef][0xbf][0xbd]i[0xef][0xbf][0xbd]L[0xef][0xbf][0xbd]\[0xef][0xbf][0xbd][0xef][0xbf][0xbd][0xef][0xbf][0xbd][0xef][0xbf][0xbd]Z[0xef][0xbf][0xbd][0xef][0xbf][0xbd][0xef][0xbf][0xbd][0xef][0xbf][0xbd][0xe3][0x8d][0xa9][0xd3][0x9d][0xe][0xef][0xbf][0xbd]TRmO)[0x16][0xef][0xbf][0xbd][0xc8][0xbc][0xef][0xbf][0xbd]eT[0xef][0xbf][0xbd][0x1a]Fu[0xef][0xbf][0xbd][0xef][0xbf][0xbd]![0x14]#[0xef][0xbf][0xbd][0x14]1[0x15][0xef][0xbf][0xbd]YB[0xef][0xbf][0xbd][0xef][0xbf][0xbd]M[0xef][0xbf][0xbd][0x1e][0xef][0xbf][0xbd][0xef][0xbf][0xbd][0xef][0xbf][0xbd]y[0xef][0xbf][0xbd][0x1d]*[0xd4][0xba]pN2%[0xef][0xbf][0xbd][0xef][0xbf][0xbd][0xef][0xbf][0xbd][0xef][0xbf][0xbd][0xf][0xef][0xbf][0xbd]Bz[0xef][0xbf][0xbd][0xef][0xbf][0xbd][0xef][0xbf][0xbd][0xef][0xbf][0xbd][0xef][0xbf][0xbd][0xef][0xbf][0xbd][0xef][0xbf][0xbd][0xef][0xbf][0xbd][[0xef][0xbf][0xbd][0xef][0xbf][0xbd][0xef][0xbf][0xbd][0xef][0xbf][0xbd]=[0x1e]`[0x14][0xef][0xbf][0xbd]{ID[0x8]y#[0xef][0xbf][0xbd]b[0x6][0xef][0xbf][0xbd][0x14]j*[0x1a]M[0xe]O[0xef][0xbf][0xbd][0xef][0xbf][0xbd]$[0xef][0xbf][0xbd][0xef][0xbf][0xbd]LO$H[0xef][0xbf][0xbd][0xef][0xbf][0xbd]_t[0xef][0xbf][0xbd])[0xef][0xbf][0xbd][0xef][0xbf][0xbd][0xef][0xbf][0xbd][0x1c]![0xef][0xbf][0xbd]AVj)[0xef][0xbf][0xbd]M)[0xef][0xbf][0xbd][0xef][0xbf][0xbd]U[0x1e]u8[0xef][0xbf][0xbd]2[0xef][0xbf][0xbd][0xef][0xbf][0xbd]\!*[0xef][0xbf][0xbd][0xef][0xbf][0xbd][0x6][0xef][0xbf][0xbd]}I[0xef][0xbf][0xbd]Gk[0xef][0xbf][0xbd][0xef][0xbf][0xbd][0xef][0xbf][0xbd][0xef][0xbf][0xbd][\n]"
07:56:28.717 [main] DEBUG org.apache.http.wire -  >> "[0x1b][0xef][0xbf][0xbd][0xef][0xbf][0xbd]][0xef][0xbf][0xbd]t[0xef][0xbf][0xbd][0xef][0xbf][0xbd][0xef][0xbf][0xbd];[0x12]=[0xef][0xbf][0xbd][\n]"
07:56:28.717 [main] DEBUG org.apache.http.wire -  >> "M[0xef][0xbf][0xbd]z[0xef][0xbf][0xbd]s[0xe][0xef][0xbf][0xbd][0xef][0xbf][0xbd][0xef][0xbf][0xbd][0xef][0xbf][0xbd]5;]Z[0xef][0xbf][0xbd][0xef][0xbf][0xbd][0x19]e' !U>8fbhWD[0xef][0xbf][0xbd]6i[0xc6][0x8a][0xef][0xbf][0xbd][0xef][0xbf][0xbd][0xcc][0x8a][0x3]`[0xef][0xbf][0xbd][0xef][0xbf][0xbd]#[0xef][0xbf][0xbd][0xef][0xbf][0xbd][0xef][0xbf][0xbd][0xef][0xbf][0xbd][0xef][0xbf][0xbd][0xef][0xbf][0xbd]e[0xef][0xbf][0xbd][0x1a][0xef][0xbf][0xbd]f[0xef][0xbf][0xbd][0xef][0xbf][0xbd]P[0xef][0xbf][0xbd]h[0xef][0xbf][0xbd], [0x12][0xc6][0x8e][0xef][0xbf][0xbd][0xef][0xbf][0xbd][0xef][0xbf][0xbd]:[0xef][0xbf][0xbd][0xef][0xbf][0xbd]9[0xef][0xbf][0xbd][0xc7][0xb9][0xef][0xbf][0xbd][0x17][0xef][0xbf][0xbd][0xef][0xbf][0xbd]\E[0x17][0xef][0xbf][0xbd]l[0xef][0xbf][0xbd]Z[0xef][0xbf][0xbd]b[0xef][0xbf][0xbd]DG[0xef][0xbf][0xbd]eJv[0xef][0xbf][0xbd][0x1][0xef][0xbf][0xbd][0xca][0xb6][0x12]`{[0xef][0xbf][0xbd]/[0x0]Ih[0xef][0xbf][0xbd]z^[0xef][0xbf][0xbd]8S[0xef][0xbf][0xbd][0xef][0xbf][0xbd]?[0x11][0xef][0xbf][0xbd]ij[[0xef][0xbf][0xbd]z[0xde][0xb4][0xcf][0xbf]q[0xef][0xbf][0xbd][0xef][0xbf][0xbd][0xef][0xbf][0xbd]q+[0xef][0xbf][0xbd]r,[0xef][0xbf][0xbd]o[0xef][0xbf][0xbd][0xef][0xbf][0xbd]q)F[0x1]J[c[0xef][0xbf][0xbd][0xef][0xbf][0xbd]WA}[0x1d][0xef][0xbf][0xbd][0xef][0xbf][0xbd][0xef][0xbf][0xbd][0xef][0xbf][0xbd][0xef][0xbf][0xbd]p[0x15]g[0xef][0xbf][0xbd][0xef][0xbf][0xbd][0xef][0xbf][0xbd][0x2]]c[0x9][0x6]h[0x0][0xef][0xbf][0xbd]AY[0xef][0xbf][0xbd]X&[0xef][0xbf][0xbd][0xef][0xbf][0xbd];9!L[0xef][0xbf][0xbd]H1[0xef][0xbf][0xbd][0xef][0xbf][0xbd][0xb][0xef][0xbf][0xbd][0xef][0xbf][0xbd]+c=[0xef][0xbf][0xbd][0xef][0xbf][0xbd]([0xef][0xbf][0xbd]Q[0xef][0xbf][0xbd]tN[0xef][0xbf][0xbd][0xef][0xbf][0xbd]I[0xd4][0xb0]9M[0x2][0x7][0xef][0xbf][0xbd]_[0xef][0xbf][0xbd].[0xef][0xbf][0xbd]+[0xef][0xbf][0xbd]h[0x1a][0xef][0xbf][0xbd]W[0xef][0xbf][0xbd][0xef][0xbf][0xbd][0xef][0xbf][0xbd][0xef][0xbf][0xbd]R[0xef][0xbf][0xbd][0xe6][0x9c][0x93]i[0xef][0xbf][0xbd]k>[0x1][0xef][0xbf][0xbd]2F[0xef][0xbf][0xbd][0xef][0xbf][0xbd][0x1][0xef][0xbf][0xbd]V[0xef][0xbf][0xbd]z[0xef][0xbf][0xbd]UL[0xc]t[0xef][0xbf][0xbd][0xef][0xbf][0xbd][0x14][0xef][0xbf][0xbd][0xef][0xbf][0xbd][0xef][0xbf][0xbd]1[0x1e]:[0x13]3[0xef][0xbf][0xbd][0xef][0xbf][0xbd]cB[0xef][0xbf][0xbd][0x12][0xef][0xbf][0xbd][0xef][0xbf][0xbd][0xef][0xbf][0xbd][0xef][0xbf][0xbd][0xef][0xbf][0xbd]d[0xef][0xbf][0xbd][0xef][0xbf][0xbd]xq[0xef][0xbf][0xbd][0xef][0xbf][0xbd][0xef][0xbf][0xbd]"ph[0xf]Z[0xef][0xbf][0xbd]nL[0xef][0xbf][0xbd]Q[0xef][0xbf][0xbd][0xef][0xbf][0xbd]7[0xef][0xbf][0xbd][0xef][0xbf][0xbd][0xef][0xbf][0xbd]_[0xef][0xbf][0xbd][0xef][0xbf][0xbd]L.[0xef][0xbf][0xbd][0xef][0xbf][0xbd]Z[0xef][0xbf][0xbd][0xef][0xbf][0xbd][0xef][0xbf][0xbd][0xef][0xbf][0xbd][0xc2][0x8c][0xef][0xbf][0xbd]f\:[0x6][0xef][0xbf][0xbd][0xef][0xbf][0xbd][0xef][0xbf][0xbd][0xef][0xbf][0xbd][0xef][0xbf][0xbd][0xc8][0xa1];[0xef][0xbf][0xbd][0x9][0xdb][0x94][0x14][0xef][0xbf][0xbd][0xef][0xbf][0xbd][0xc]1[0xef][0xbf][0xbd]Skun[0xef][0xbf][0xbd]|[0x16][0xef][0xbf][0xbd][0xef][0xbf][0xbd][0xef][0xbf][0xbd][0xef][0xbf][0xbd]n[0xef][0xbf][0xbd][0xef][0xbf][0xbd][[0xef][0xbf][0xbd][0xef][0xbf][0xbd][0xef][0xbf][0xbd]Q[0x16][0xef][0xbf][0xbd][0xef][0xbf][0xbd][0xef][0xbf][0xbd][0x1e]u[0xef][0xbf][0xbd][0xef][0xbf][0xbd][0xf][0xef][0xbf][0xbd][0x12]slC[0xef][0xbf][0xbd]@&<[0xef][0xbf][0xbd]n[0xd8][0xae][0xef][0xbf][0xbd][0xc4][0x9c][0xef][0xbf][0xbd][0x4][0xef][0xbf][0xbd][0xef][0xbf][0xbd]r[0xef][0xbf][0xbd][0xef][0xbf][0xbd][0xef][0xbf][0xbd][0xef][0xbf][0xbd]"[0xb]g[0xcd][0xb5]C[0xf][0xef][0xbf][0xbd][0xef][0xbf][0xbd][0xef][0xbf][0xbd]J/[0xef][0xbf][0xbd][0xe5][0xb4][0xa7]eY[0xef][0xbf][0xbd][0xef][0xbf][0xbd]3^[0x17][0x1c][0xef][0xbf][0xbd][0xef][0xbf][0xbd][0x18][0x1b]j[0xef][0xbf][0xbd][0x13]6[0xef][0xbf][0xbd][0xef][0xbf][0xbd][0xef][0xbf][0xbd][0xef][0xbf][0xbd][0xef][0xbf][0xbd]k[0x3]j"
07:56:28.718 [main] DEBUG org.apache.http.wire -  >> ":M[0x15][0xef][0xbf][0xbd]os?,[0xb]Q^[0xef][0xbf][0xbd]j[0xef][0xbf][0xbd]'[0xef][0xbf][0xbd]X![0xef][0xbf][0xbd][0x18][0xef][0xbf][0xbd][0xef][0xbf][0xbd]a[0xef][0xbf][0xbd][0x14]tt[0xef][0xbf][0xbd][0xef][0xbf][0xbd][0x6]? [0xd8][0x9e]N[0xef][0xbf][0xbd]-[0x1f][0x1e][0x1c][0xef][0xbf][0xbd][0xef][0xbf][0xbd]r,[0xef][0xbf][0xbd]51[0xef][0xbf][0xbd]Y[0xc8][0x98][0xef][0xbf][0xbd][0xef][0xbf][0xbd][0xef][0xbf][0xbd]}[0xef][0xbf][0xbd]r[0xef][0xbf][0xbd][\n]"
07:56:28.718 [main] DEBUG org.apache.http.wire -  >> "[0xef][0xbf][0xbd]_[0xef][0xbf][0xbd]U[0xef][0xbf][0xbd]gyEd@q[0xef][0xbf][0xbd][0xef][0xbf][0xbd]a[0xef][0xbf][0xbd]A[0xef][0xbf][0xbd][0xef][0xbf][0xbd][0xef][0xbf][0xbd]_[0xef][0xbf][0xbd]r[0xef][0xbf][0xbd][0xef][0xbf][0xbd][0x19][0xef][0xbf][0xbd])B[0xef][0xbf][0xbd][0xef][0xbf][0xbd][0xef][0xbf][0xbd][0xef][0xbf][0xbd][0x18][0xef][0xbf][0xbd]l[0xef][0xbf][0xbd]A\[0xef][0xbf][0xbd]&T[0xef][0xbf][0xbd][0xef][0xbf][0xbd][0xef][0xbf][0xbd]PL[0xef][0xbf][0xbd][0x3][0xef][0xbf][0xbd]l[0xc7][0xac]E[0x7]1[0xef][0xbf][0xbd][0xef][0xbf][0xbd]%[0xef][0xbf][0xbd]Z[0xef][0xbf][0xbd]^[0xcf][0xa2][0x6]([0xef][0xbf][0xbd][0xef][0xbf][0xbd][0x1f]V[0x6][0xef][0xbf][0xbd][0xef][0xbf][0xbd]bcLP[0x12]3[0x19][0xef][0xbf][0xbd]8[0xef][0xbf][0xbd]M[0xef][0xbf][0xbd]|[0xef][0xbf][0xbd][0xef][0xbf][0xbd][0xef][0xbf][0xbd]^[0xef][0xbf][0xbd][0xef][0xbf][0xbd][0xef][0xbf][0xbd][0xdb][0x93]7n[0xef][0xbf][0xbd]V[0xef][0xbf][0xbd]FY[0xef][0xbf][0xbd][0xef][0xbf][0xbd][0x12]=[0xef][0xbf][0xbd][0xef][0xbf][0xbd]bN[0xef][0xbf][0xbd][0xef][0xbf][0xbd]9[0xef][0xbf][0xbd][0xef][0xbf][0xbd][0xef][0xbf][0xbd][0x2][0x19]~[0x1b][0xef][0xbf][0xbd][0xef][0xbf][0xbd][0xef][0xbf][0xbd][0xef][0xbf][0xbd]j[0xef][0xbf][0xbd][0xef][0xbf][0xbd]d[0x1f][0xef][0xbf][0xbd])[0xef][0xbf][0xbd][0xef][0xbf][0xbd][0xef][0xbf][0xbd]j[0xd2][0x94](b[0xef][0xbf][0xbd]Y[0xef][0xbf][0xbd][0x9][0xcd][0x80]I[0xef][0xbf][0xbd]1[0xef][0xbf][0xbd]"[0xef][0xbf][0xbd][0xef][0xbf][0xbd][0x16][0x13][0xef][0xbf][0xbd][0x7]bdN[0xef][0xbf][0xbd][0xef][0xbf][0xbd]w[0x1e][0xef][0xbf][0xbd][0xef][0xbf][0xbd][0xef][0xbf][0xbd][0xef][0xbf][0xbd][0x11]vK[0xef][0xbf][0xbd][0xd5][0x87][0xef][0xbf][0xbd][0xef][0xbf][0xbd][0xef][0xbf][0xbd]IpGl[0xef][0xbf][0xbd][0xef][0xbf][0xbd]%[0xef][0xbf][0xbd]~[0x5][0xef][0xbf][0xbd]T[0xef][0xbf][0xbd]q[0xef][0xbf][0xbd][0xef][0xbf][0xbd]`[0xef][0xbf][0xbd][0xef][0xbf][0xbd][0xef][0xbf][0xbd][0xef][0xbf][0xbd][0xef][0xbf][0xbd]k[0xc][0xef][0xbf][0xbd][0x1d][0xef][0xbf][0xbd][0xef][0xbf][0xbd][0xc9][0xba][0xef][0xbf][0xbd][0xef][0xbf][0xbd]<[0xef][0xbf][0xbd]\[0xef][0xbf][0xbd][0xc8][0x90][0xef][0xbf][0xbd][0xef][0xbf][0xbd]u[0xef][0xbf][0xbd]v,C1[0xef][0xbf][0xbd][0xef][0xbf][0xbd]r[0x5][0xef][0xbf][0xbd][0xef][0xbf][0xbd]<[0x18][0x5]r^[0xcd][0x99][0xef][0xbf][0xbd][0x11]b4[0xef][0xbf][0xbd][0xef][0xbf][0xbd][0xef][0xbf][0xbd][0xef][0xbf][0xbd][\r][0xef][0xbf][0xbd][0xef][0xbf][0xbd]Z;[0xef][0xbf][0xbd][0xc7][0xa5][0xef][0xbf][0xbd][0xef][0xbf][0xbd][0xef][0xbf][0xbd][0xef][0xbf][0xbd]}[0xef][0xbf][0xbd][0xef][0xbf][0xbd]$J[0xd0][0x84]7[0xef][0xbf][0xbd]RnT[0x14][0xef][0xbf][0xbd][0xc4][0xb8]Oa[0xef][0xbf][0xbd]=[0xef][0xbf][0xbd]`\[0xef][0xbf][0xbd][0xef][0xbf][0xbd][0x3][0xef][0xbf][0xbd]f[0xef][0xbf][0xbd][0xef][0xbf][0xbd][0xef][0xbf][0xbd][0xef][0xbf][0xbd][0x18]Oi[0xef][0xbf][0xbd]<[\r][0xef][0xbf][0xbd]xH[0x15][0xef][0xbf][0xbd]\[0xef][0xbf][0xbd][0xef][0xbf][0xbd][0x1c]*Q[0xef][0xbf][0xbd][0x6][0xef][0xbf][0xbd][0x12]s[0xef][0xbf][0xbd][0xef][0xbf][0xbd][0xef][0xbf][0xbd]3x[0xef][0xbf][0xbd]^x[0xef][0xbf][0xbd][0xef][0xbf][0xbd][0xef][0xbf][0xbd][0x17]o[0xef][0xbf][0xbd][0xef][0xbf][0xbd][0x18][0xef][0xbf][0xbd][0xcf][0xbf][0xef][0xbf][0xbd][0x4]>[0xef][0xbf][0xbd]#?[0xef][0xbf][0xbd]_[0xef][0xbf][0xbd]o~[\r][0xef][0xbf][0xbd][0xef][0xbf][0xbd][0x5][0xef][0xbf][0xbd][0xef][0xbf][0xbd]![0xef][0xbf][0xbd][0x7][0xef][0xbf][0xbd]0[0x11][0xef][0xbf][0xbd][0xd6][0xbb]+[0xef][0xbf][0xbd][0xef][0xbf][0xbd]D[0xf]yU:[0xef][0xbf][0xbd][0xef][0xbf][0xbd][0xef][0xbf][0xbd]b[0xef][0xbf][0xbd]#,[0xef][0xbf][0xbd]yI[0xef][0xbf][0xbd][0xef][0xbf][0xbd]5n[0xef][0xbf][0xbd]k[0xef][0xbf][0xbd][0xef][0xbf][0xbd][0xef][0xbf][0xbd][0xef][0xbf][0xbd]r[0xef][0xbf][0xbd]068@EXc[0xef][0xbf][0xbd]N:[0xef][0xbf][0xbd][0xef][0xbf][0xbd][0xef][0xbf][0xbd][0x1d][0xef][0xbf][0xbd][0xef][0xbf][0xbd]{[0xd5][0xbe]W-[0xef][0xbf][0xbd][0x2][0xef][0xbf][0xbd]9[0xde][0x8d][0xef][0xbf][0xbd][0xef][0xbf][0xbd][0xef][0xbf][0xbd]f,[0xef][0xbf][0xbd][0xef][0xbf][0xbd][0xef][0xbf][0xbd]z[0xef][0xbf][0xbd][0xef][0xbf][0xbd]T[0xef][0xbf][0xbd]D[0xef][0xbf][0xbd]d[0xd8][0xb8][0xef][0xbf][0xbd][0xef][0xbf][0xbd]*AD[0x1e][0xef][0xbf][0xbd][0xef][0xbf][0xbd]g[0xef][0xbf][0xbd][0xef][0xbf][0xbd][0xef][0xbf][0xbd][0xef][0xbf][0xbd]D[0xef][0xbf][0xbd][0xef][0xbf][0xbd]q[0x1e][0xef][0xbf][0xbd]V[0xef][0xbf][0xbd][0xce][0xba][0xef][0xbf][0xbd][0xef][0xbf][0xbd]Z[0xef][0xbf][0xbd][0xef][0xbf][0xbd][0xd3][0x98][0x12]o[0xef][0xbf][0xbd][0xef][0xbf][0xbd][0xef][0xbf][0xbd][0xef][0xbf][0xbd]%L8[0xe][0xef][0xbf][0xbd][0xef][0xbf][0xbd]Mq[0xef][0xbf][0xbd]Ah[0xef][0xbf][0xbd]T[0x1c]k[0xef][0xbf][0xbd][0xef][0xbf][0xbd]2BZ[0xd7][0x8f][0xef][0xbf][0xbd]Erj[0xef][0xbf][0xbd]fh.#[0xef][0xbf][0xbd][0xef][0xbf][0xbd][0x9]8[0xef][0xbf][0xbd]v[0xef][0xbf][0xbd]4[0xef][0xbf][0xbd][0xef][0xbf][0xbd]k[0xef][0xbf][0xbd]pm[0xd6][0xbf][0xef][0xbf][0xbd][0xef][0xbf][0xbd][0x8][0xef][0xbf][0xbd]#29[0xef][0xbf][0xbd][0x19][0xef][0xbf][0xbd]C[0xef][0xbf][0xbd][0xef][0xbf][0xbd][0xef][0xbf][0xbd][0xd0][0xb6]d[0xef][0xbf][0xbd]1[0xef][0xbf][0xbd][0xef][0xbf][0xbd][0xef][0xbf][0xbd][0xca][0xb1][0x1e]b`[0xef][0xbf][0xbd][0xef][0xbf][0xbd]6[0x1a][0xef][0xbf][0xbd]v[0xef][0xbf][0xbd]<[0xef][0xbf][0xbd][0xef][0xbf][0xbd][0xef][0xbf][0xbd][0xef][0xbf][0xbd][0xef][0xbf][0xbd]#l[0xef][0xbf][0xbd][0xef][0xbf][0xbd][0xef][0xbf][0xbd][0xef][0xbf][0xbd][0xef][0xbf][0xbd][0xef][0xbf][0xbd][0xef][0xbf][0xbd]~6[0xef][0xbf][0xbd]CX[0x1e]\[0xef][0xbf][0xbd][0xef][0xbf][0xbd]G[0xef][0xbf][0xbd][0xc4][0xbd][0x13][0xef][0xbf][0xbd]<mx[0xef][0xbf][0xbd][0xef][0xbf][0xbd]m?[0xef][0xbf][0xbd][0xef][0xbf][0xbd]{?[0xef][0xbf][0xbd][0xef][0xbf][0xbd]7[0xef][0xbf][0xbd]o>[0xef][0xbf][0xbd][0xef][0xbf][0xbd][0xef][0xbf][0xbd]<=8W{"~[0xef][0xbf][0xbd]>[0xef][0xbf][0xbd][0xef][0xbf][0xbd]_[0xef][0xbf][0xbd]3_[0xc4][0xad]| e[0x1][0xef][0xbf][0xbd]S[0xef][0xbf][0xbd]J[0xef][0xbf][0xbd][0xef][0xbf][0xbd]f[0xef][0xbf][0xbd]X[0x15][0xce][0xa2][0x10]/e[0xe]s[[0xef][0xbf][0xbd][0x16][0xef][0xbf][0xbd]oJ[0xef][0xbf][0xbd]^[0xb][0xef][0xbf][0xbd]:Km[0xef][0xbf][0xbd]^[0x10][0xd8][0x85][0xef][0xbf][0xbd][0xef][0xbf][0xbd]D[0x7][0xef][0xab][0xa9][0xef][0xbf][0xbd][0xef][0xbf][0xbd][0x1]=[0xef][0xbf][0xbd]h%3`[0xef][0xbf][0xbd][0x0][0x12][0xef][0xbf][0xbd][0xef][0xbf][0xbd]:[0x16]6[0xef][0xbf][0xbd]X[0xc][0x14][0xef][0xbf][0xbd][0xef][0xbf][0xbd]4&U:[0xef][0xbf][0xbd]7[0xef][0xbf][0xbd]x[0xef][0xbf][0xbd][0xef][0xbf][0xbd]=[0xef][0xbf][0xbd][0xe][0xef][0xbf][0xbd][0xef][0xbf][0xbd]N[0xee][0x91][0xbb]G@[0xef][0xbf][0xbd][0xef][0xbf][0xbd]g[0xef][0xbf][0xbd][0xef][0xbf][0xbd][0xef][0xbf][0xbd][0xef][0xbf][0xbd]2[0xef][0xbf][0xbd][0xef][0xbf][0xbd][0xef][0xbf][0xbd]k#[0xef][0xbf][0xbd][0x18]0[0x15][0x1d][0xef][0xbf][0xbd][0xef][0xbf][0xbd][0xef][0xbf][0xbd]4[0xef][0xbf][0xbd][0xef][0xbf][0xbd][0xef][0xbf][0xbd][0xf][0xef][0xbf][0xbd];[0xef][0xbf][0xbd][0x8]\5~[0xef][0xbf][0xbd][0xef][0xbf][0xbd][0x6][0x1][0xcd][0xae][0xef][0xbf][0xbd]/[0xef][0xbf][0xbd]_~[0xef][0xbf][0xbd]n[0xef][0xbf][0xbd][0xef][0xbf][0xbd]y[0xef][0xbf][0xbd][0xef][0xbf][0xbd]=[0xef][0xbf][0xbd][0x4],P[0xc7][0xb1][0xef][0xbf][0xbd]Tn[0xef][0xbf][0xbd]zq~[0xef][0xbf][0xbd][0x6]C[0xef][0xbf][0xbd]:[0xef][0xbf][0xbd]D[0xef][0xbf][0xbd][[0xe][0x4][0xef][0xbf][0xbd]i[0xef][0xbf][0xbd][0xef][0xbf][0xbd]<[0xef][0xbf][0xbd]T[0x1f]yl[0xc]M[0xc9][0xad][0xb][0xef][0xbf][0xbd]][0xef][0xbf][0xbd]1[0xef][0xbf][0xbd][0xef][0xbf][0xbd][0x19][0xef][0xbf][0xbd]`[0xef][0xbf][0xbd][0xef][0xbf][0xbd]'pq5[0xef][0xbf][0xbd][0xef][0xbf][0xbd]A[0xef][0xbf][0xbd]f[0xef][0xbf][0xbd]Z[0xef][0xbf][0xbd]^o[0xef][0xbf][0xbd]Y[0xef][0xbf][0xbd][0x3][0xef][0xbf][0xbd][0x17]=[0xef][0xbf][0xbd]U[0xef][0xbf][0xbd][0x13]N[0xef][0xbf][0xbd]x[0xef][0xbf][0xbd]G_[0xef][0xbf][0xbd][0xef][0xbf][0xbd][0xef][0xbf][0xbd][0xef][0xbf][0xbd]/[0xef][0xbf][0xbd][0xef][0xbf][0xbd][0xef][0xbf][0xbd][0xef][0xbf][0xbd][0xcb][0xb8][0xef][0xbf][0xbd][0xf][0xef][0xbf][0xbd]<[0xef][0xbf][0xbd][0xef][0xbf][0xbd][0xef][0xbf][0xbd][0xf]>q[0x6](\[0xef][0xbf][0xbd]*NO[0xef][0xbf][0xbd]i[0xef][0xbf][0xbd][0xef][0xbf][0xbd]8/[0xef][0xbf][0xbd][0xef][0xbf][0xbd]R?8/[0xef][0xbf][0xbd]s[0xef][0xbf][0xbd]'T[0xef][0xbf][0xbd][0x1e][0xef][0xbf][0xbd][0xef][0xbf][0xbd][0xef][0xbf][0xbd]8|[0xef][0xbf][0xbd][0xdb][0xa7][0xef][0xbf][0xbd][0xef][0xbf][0xbd]S[0xeb][0xa6][0x8b][0xef][0xbf][0xbd]y:[0xef][0xbf][0xbd][0xef][0xbf][0xbd][0xef][0xbf][0xbd][0xef][0xbf][0xbd]{[0xef][0xbf][0xbd][0xef][0xbf][0xbd]Gxt[0x3][0xef][0xbf][0xbd][0xf][0xef][0xbf][0xbd],J[0xef][0xbf][0xbd]~[0xef][0xbf][0xbd]k[0xef][0xbf][0xbd][0xef][0xbf][0xbd]r-[0xef][0xbf][0xbd][0xce][0xa2][0xef][0xbf][0xbd]B~[0xef][0xbf][0xbd][0xef][0xbf][0xbd]j[0xef][0xbf][0xbd]r[0xef][0xbf][0xbd][0xef][0xbf][0xbd][0xef][0xbf][0xbd][0xef][0xbf][0xbd][0xef][0xbf][0xbd][0xef][0xbf][0xbd]0[0xcb][0x9e][0xd7][0x87][0x14][0x0],v[0xef][0xbf][0xbd][0xe3][0x8d][0xa4][0xef][0xbf][0xbd][0xef][0xbf][0xbd]q!3[0xef][0xbf][0xbd][0xef][0xbf][0xbd]8'0"[0xe]7[0xef][0xbf][0xbd][\n]"
07:56:28.726 [main] DEBUG org.apache.http.wire -  >> "[0xef][0xbf][0xbd]"[0xef][0xbf][0xbd]&$[0xef][0xbf][0xbd]"W[0xef][0xbf][0xbd][0xef][0xbf][0xbd][0xef][0xbf][0xbd][\r][0xef][0xbf][0xbd][0xef][0xbf][0xbd]9[\n]"
07:56:28.726 [main] DEBUG org.apache.http.wire -  >> "=[0xef][0xbf][0xbd][0xef][0xbf][0xbd]|[0xef][0xbf][0xbd][0x3][0xef][0xbf][0xbd][0xef][0xbf][0xbd][0xdd][0x8e][0xef][0xbf][0xbd][0x18][0xef][0xbf][0xbd]J Em:[0x1f][0xef][0xbf][0xbd][0xef][0xbf][0xbd]t[0x10]|k[0x4][0xef][0xbf][0xbd][0xef][0xbf][0xbd]y[0xef][0xbf][0xbd][0xef][0xbf][0xbd]B=[0xef][0xbf][0xbd]q[0xef][0xbf][0xbd][0xef][0xbf][0xbd][\n]"
07:56:28.726 [main] DEBUG org.apache.http.wire -  >> "[0xef][0xbf][0xbd]|[0xef][0xbf][0xbd][0x14][0xef][0xbf][0xbd][0xc]|M[0xef][0xbf][0xbd]0[0xef][0xbf][0xbd]%HP[0xef][0xbf][0xbd]z[0xef][0xbf][0xbd][0xef][0xbf][0xbd]Y@[0xef][0xbf][0xbd][0xef][0xbf][0xbd]n{[0x2]N[0xef][0xbf][0xbd]j[0x1b][0xef][0xbf][0xbd][0xef][0xbf][0xbd][0x1][^[0x12]>(.[0x3][0xef][0xbf][0xbd][0x4][0xef][0xbf][0xbd]l[0xef][0xbf][0xbd]$=d[0x3][0xef][0xbf][0xbd]#[0xef][0xbf][0xbd]i[0xef][0xbf][0xbd][0xef][0xbf][0xbd]$[0xef][0xbf][0xbd][0xef][0xbf][0xbd][0xef][0xbf][0xbd][0x10]S[0xef][0xbf][0xbd]{%[0xef][0xbf][0xbd][0xef][0xbf][0xbd][0xef][0xbf][0xbd][0xef][0xbf][0xbd][0xef][0xbf][0xbd]M[0x7]ZJk[0xef][0xbf][0xbd]F[0xef][0xbf][0xbd];[0xef][0xbf][0xbd][0xef][0xbf][0xbd][0xef][0xbf][0xbd][0xef][0xbf][0xbd][0xef][0xbf][0xbd]x[0xef][0xbf][0xbd][0xef][0xbf][0xbd]o[0xef][0xbf][0xbd][0xef][0xbf][0xbd][0xef][0xbf][0xbd][0x13]7[0xef][0xbf][0xbd][0xef][0xbf][0xbd]r[0x4][0xef][0xbf][0xbd][0xef][0xbf][0xbd][0x1f]?[0x13][0xef][0xbf][0xbd][0xef][0xbf][0xbd][0xef][0xbf][0xbd]K[0x18][0xef][0xbf][0xbd][0xef][0xbf][0xbd][0xef][0xbf][0xbd]i[0xef][0xbf][0xbd]<[0xef][0xbf][0xbd][0xef][0xbf][0xbd]7[0x3][0xef][0xbf][0xbd]xt[0xc2][0xa3][0xef][0xbf][0xbd][0xef][0xbf][0xbd]9[0x5][0xef][0xbf][0xbd]T[0xef][0xbf][0xbd][0xef][0xbf][0xbd][0x1f]<T[0xef][0xbf][0xbd][0xef][0xbf][0xbd]~[0xef][0xbf][0xbd]_}[0xe][0xef][0xbf][0xbd][0xef][0xbf][0xbd][0x16][0x1d]T[0xef][0xbf][0xbd]X[0xef][0xbf][0xbd]R[0xef][0xbf][0xbd][0xef][0xbf][0xbd][0xef][0xbf][0xbd][0x16][0xef][0xbf][0xbd][0xef][0xbf][0xbd][0xef][0xbf][0xbd]J[0xef][0xbf][0xbd]C[0xef][0xbf][0xbd]^[0xef][0xbf][0xbd][0xef][0xbf][0xbd]T[0xef][0xbf][0xbd][0xef][0xbf][0xbd][0x0]6[0xef][0xbf][0xbd]wR[0xef][0xbf][0xbd]{[0xef][0xbf][0xbd]g[0xef][0xbf][0xbd][0xef][0xbf][0xbd][0xef][0xbf][0xbd][0xef][0xbf][0xbd][0xef][0xbf][0xbd][0x0]b)[0xef][0xbf][0xbd][0x9]Z[0xef][0xbf][0xbd]l.`[0x3]y[0xef][0xbf][0xbd]X[0xef][0xbf][0xbd][0xef][0xbf][0xbd][0xd8][0x87])[0xe1][0xb1][0xb6][0xef][0xbf][0xbd]0[0xef][0xbf][0xbd]E[0xef][0xbf][0xbd][0xef][0xbf][0xbd][0xef][0xbf][0xbd][0xef][0xbf][0xbd][0xef][0xbf][0xbd])][0xe][0xef][0xbf][0xbd][\n]"
07:56:28.726 [main] DEBUG org.apache.http.wire -  >> "[0xef][0xbf][0xbd][0xef][0xbf][0xbd][0xef][0xbf][0xbd][0xef][0xbf][0xbd][0xef][0xbf][0xbd][0xef][0xbf][0xbd][0xef][0xbf][0xbd]<[0xef][0xbf][0xbd][0x1][0xef][0xbf][0xbd]t[0xef][0xbf][0xbd][0xef][0xbf][0xbd][0xef][0xbf][0xbd][0xef][0xbf][0xbd]`q3[0xef][0xbf][0xbd][0xef][0xbf][0xbd][0xef][0xbf][0xbd]c[0xc9][0xb4] [0xef][0xbf][0xbd][0x1]H[0xef][0xbf][0xbd][0xb]qP[0xef][0xbf][0xbd]C#:B.[0xef][0xbf][0xbd][0xef][0xbf][0xbd][0x1]9[0xef][0xbf][0xbd][0xef][0xbf][0xbd][0xef][0xbf][0xbd]1[0xef][0xbf][0xbd][0x0][0xef][0xbf][0xbd][0xef][0xbf][0xbd][0x9][0xf][0xef][0xbf][0xbd]I[0xef][0xbf][0xbd][0xef][0xbf][0xbd][0xc9][0x8f]i[0x1][0xef][0xbf][0xbd][0xef][0xbf][0xbd][0xef][0xbf][0xbd][0xef][0xbf][0xbd]s/I4i}[0xef][0xbf][0xbd][0xef][0xbf][0xbd]v[0xef][0xbf][0xbd][0xe][0xef][0xbf][0xbd]1[0xef][0xbf][0xbd]Fp[0xef][0xbf][0xbd]u[0xef][0xbf][0xbd][0xef][0xbf][0xbd][0xd1][0xa6]=[0xef][0xbf][0xbd][0xef][0xbf][0xbd][0xef][0xbf][0xbd][0xef][0xbf][0xbd]#[0xef][0xbf][0xbd]<[0x0][0xef][0xbf][0xbd]x[0xd3][0xab]\[0xef][0xbf][0xbd][0xcf][0xac]_ys[0x3][0xef][0xbf][0xbd]g[0xef][0xbf][0xbd]w[0xef][0xbf][0xbd][0xef][0xbf][0xbd]7[0xef][0xbf][0xbd][0xef][0xbf][0xbd]n7,[0xef][0xbf][0xbd][0xef][0xbf][0xbd][0xef][0xbf][0xbd][0x2]V[0x17][0xef][0xbf][0xbd][0xef][0xbf][0xbd][0xef][0xbf][0xbd][0xef][0xbf][0xbd][0xef][0xbf][0xbd]k[0xef][0xbf][0xbd][0xef][0xbf][0xbd][0xef][0xbf][0xbd][0xef][0xbf][0xbd][0x9][0xef][0xbf][0xbd]G[0xef][0xbf][0xbd][0x3][0x16][0x2][0xef][0xbf][0xbd][0x1f][0xef][0xbf][0xbd]y[0xd2][0xb3][0xef][0xbf][0xbd][0xef][0xbf][0xbd]![0xef][0xbf][0xbd][0xef][0xbf][0xbd]d[0x14][0x1a]AS[0x5]([0xef][0xbf][0xbd][0xef][0xbf][0xbd][0xef][0xbf][0xbd]3[0xef][0xbf][0xbd]/[0xef][0xbf][0xbd]7[0xef][0xbf][0xbd][0xc5][0xad][0xef][0xbf][0xbd]oE[0xef][0xbf][0xbd][0xe2][0x8f][0xbe][0xef][0xbf][0xbd]'/[0xef][0xbf][0xbd]9=[0xef][0xbf][0xbd]%[0xef][0xbf][0xbd]|/[0x16]7c[0x11][0xef][0xbf][0xbd]t2[0xef][0xbf][0xbd][0xef][0xbf][0xbd]%a[0xef][0xbf][0xbd][[0xef][0xbf][0xbd]k[0x7]F[0xef][0xbf][0xbd][0x0][0xc8][0x9b][0xef][0xbf][0xbd][0xef][0xbf][0xbd]6[0x3]1[0xef][0xbf][0xbd]g[0xef][0xbf][0xbd][0x9]q[0xef][0xbf][0xbd][0xef][0xbf][0xbd]1[0xef][0xbf][0xbd][0xef][0xbf][0xbd]PJ[0xef][0xbf][0xbd][0x16][0x17][0xef][0xbf][0xbd][0x1c][0xef][0xbf][0xbd][0xef][0xbf][0xbd][0xd0][0xaa][0xc7][0xa6]B[0xef][0xbf][0xbd]*St[0x16][0xef][0xbf][0xbd]M`[0xb][0xef][0xbf][0xbd]xv[0x8][0xef][0xbf][0xbd]G[0xef][0xbf][0xbd]j[0xef][0xbf][0xbd]^[0xef][0xbf][0xbd][0xc3][0x96][0x3][0xef][0xbf][0xbd]uS4[0xd4][0xb6][0xef][0xbf][0xbd]g[0xef][0xbf][0xbd][0x11][0xef][0xbf][0xbd]BO[0xef][0xbf][0xbd][0xef][0xbf][0xbd][0x8][0xef][0xbf][0xbd][0xd2][0xa6][0xef][0xbf][0xbd]*[0x1a]o[0xef][0xbf][0xbd]=[0xef][0xbf][0xbd]5[0xef][0xbf][0xbd][0x7];p[0xef][0xbf][0xbd][0xef][0xbf][0xbd][0x1b][0x7]l([0xef][0xbf][0xbd]%[0xcd][0x83][0xef][0xbf][0xbd]z[0xef][0xbf][0xbd]1[0xef][0xbf][0xbd][0xcb][0xa7][0xef][0xbf][0xbd]L[0xef][0xbf][0xbd]3[0xef][0xbf][0xbd][0xef][0xbf][0xbd]+[0x10][0xef][0xbf][0xbd][0xef][0xbf][0xbd][0xef][0xbf][0xbd][0xc4][0x9e]j<[0x4]PfB[0xef][0xbf][0xbd]?[0xef][0xbf][0xbd]pj[0x7];[0xef][0xbf][0xbd]q[0xd8][0xb9][0x8][0xef][0xbf][0xbd]0j[0xef][0xbf][0xbd][0xef][0xbf][0xbd]5[0xef][0xbf][0xbd]6^[0xef][0xbf][0xbd]J[0xef][0xbf][0xbd][0xef][0xbf][0xbd]3S[0x11][0xef][0xbf][0xbd][0xef][0xbf][0xbd][0x12]}]4x8[0xef][0xbf][0xbd]g[[0x1f][0xef][0xbf][0xbd][0xef][0xbf][0xbd][0xcc][0xbd]][0xef][0xbf][0xbd][0xef][0xbf][0xbd]\[0xef][0xbf][0xbd]b[\r][0x17][0xef][0xbf][0xbd][0xef][0xbf][0xbd][0xef][0xbf][0xbd][0xef][0xbf][0xbd][0xef][0xbf][0xbd][0xef][0xbf][0xbd][0xef][0xbf][0xbd][0xef][0xbf][0xbd]m[0xcf][0xbf][0xef][0xbf][0xbd][0xef][0xbf][0xbd][0xef][0xbf][0xbd][0xef][0xbf][0xbd]!n[0xef][0xbf][0xbd]])[0xef][0xbf][0xbd][0x3][0xef][0xbf][0xbd][0x1e][0xef][0xbf][0xbd][0xef][0xbf][0xbd][L[0xef][0xa0][0xbc][0xef][0xbf][0xbd][0x0][0xef][0xbf][0xbd]7c[0xef][0xbf][0xbd]@[0xef][0xbf][0xbd].[0x18]G[0xc]p[0xef][0xbf][0xbd]=Mul[0xcf][0x9c]~[0xef][0xbf][0xbd]a[0xef][0xbf][0xbd][0xef][0xbf][0xbd][0xef][0xbf][0xbd][0xca][0xb3][0xef][0xbf][0xbd][0xef][0xbf][0xbd][0xef][0xbf][0xbd][0xef][0xbf][0xbd][0x8][0xef][0xbf][0xbd][0xce][0x94][0xef][0xbf][0xbd][0x13][0xef][0xbf][0xbd]>e[0xef][0xbf][0xbd]v~A[0xef][0xbf][0xbd]Yf+E[0x8]U[0xef][0xbf][0xbd]_r3[0xef][0xbf][0xbd]c[0xef][0xbf][0xbd][0xef][0xbf][0xbd][0xef][0xbf][0xbd]LDY[0xef][0xbf][0xbd]h[0xf][0xef][0xbf][0xbd][0xef][0xbf][0xbd]J:[0xef][0xbf][0xbd][0xef][0xbf][0xbd][0x6][0xef][0xbf][0xbd]2L[0xef][0xbf][0xbd].[0x1c]l[0xef][0xbf][0xbd][0xef][0xbf][0xbd][0xef][0xbf][0xbd]3[0xef][0xbf][0xbd][0xef][0xbf][0xbd][0xef][0xbf][0xbd])[0xef][0xbf][0xbd][0x10][0xef][0xbf][0xbd][0xef][0xbf][0xbd][0xef][0xbf][0xbd])*[0xef][0xbf][0xbd].[0xef][0xbf][0xbd][0xef][0xbf][0xbd]3`[0xef][0xbf][0xbd]v[0xef][0xbf][0xbd][0x1a]Uf<L4[0xef][0xbf][0xbd][0xef][0xbf][0xbd]W!r[0xef][0xbf][0xbd][0x1e]=Y[0xef][0xbf][0xbd]Y[0xef][0xbf][0xbd][0xef][0xbf][0xbd]$p[0xef][0xbf][0xbd]9o:!|[0xef][0xbf][0xbd][0x4][0x16]O[0xc9][0x8a][0xef][0xbf][0xbd]P[0x9][0xef][0xbf][0xbd]G[0xef][0xbf][0xbd][[0xef][0xbf][0xbd][0xef][0xbf][0xbd][0xef][0xbf][0xbd][\r][0x16][0xf][0xef][0xbf][0xbd][0x1c][0xef][0xbf][0xbd][0xef][0xbf][0xbd][[0x1b][0x1]]U[0xef][0xbf][0xbd]Z[0xef][0xbf][0xbd])[0xef][0xbf][0xbd]A[0xef][0xbf][0xbd][0xef][0xbf][0xbd][0xef][0xbf][0xbd][0xef][0xbf][0xbd]~N[0xef][0xbf][0xbd]p[0xef][0xbf][0xbd]5qP%K[0xef][0xbf][0xbd]N[0xef][0xbf][0xbd]}[0xef][0xbf][0xbd][0xde][0xa6]K[0xef][0xbf][0xbd][0xef][0xbf][0xbd][0xef][0xbf][0xbd]\[[0xef][0xbf][0xbd]0u[0xef][0xbf][0xbd][0xef][0xbf][0xbd][0xef][0xbf][0xbd]qKq[0xef][0xbf][0xbd][0xef][0xbf][0xbd]a[0xef][0xbf][0xbd][0x9]r[0xef][0xbf][0xbd]![0xd0][0x84][0xef][0xbf][0xbd][0xf][0x1b][0xef][0xbf][0xbd]y[0xef][0xbf][0xbd][0xc7][0x98][0x1b][0xef][0xbf][0xbd]j[0xe][0xd2][0xb3]P[0xef][0xbf][0xbd][0xef][0xbf][0xbd]%[0xef][0xbf][0xbd][0xef][0xbf][0xbd]G[0xf][0x11][0xef][0xbf][0xbd][0xef][0xbf][0xbd][0xef][0xbf][0xbd][0xda][0x9b]o[0xef][0xbf][0xbd]nX[0xef][0xbf][0xbd]![0xef][0xbf][0xbd][0xef][0xbf][0xbd][0x9]Vw[0xef][0xbf][0xbd]7[0xef][0xbf][0xbd][0x4]^[0xef][0xbf][0xbd][0xef][0xbf][0xbd]9[0xe][0xef][0xbf][0xbd][0xef][0xbf][0xbd][0xef][0xbf][0xbd][0xd0][0x89][0xef][0xbf][0xbd][0xef][0xbf][0xbd];[0xb]~[0xef][0xbf][0xbd][0xef][0xbf][0xbd][0xef][0xbf][0xbd][0xef][0xbf][0xbd]6[0xef][0xbf][0xbd][0xef][0xbf][0xbd][0x1b][0xef][0xbf][0xbd][0xef][0xbf][0xbd]{>[0x18][0xcf][0x9c][0xef][0xbf][0xbd][0xef][0xbf][0xbd]_[0xef][0xbf][0xbd][0xe6][0x99][0xbd]?[0xc5][0x92]=N?#[\n]"
07:56:28.727 [main] DEBUG org.apache.http.wire -  >> "E[0x11][0xef][0xbf][0xbd]y[0xef][0xbf][0xbd][0xef][0xbf][0xbd]gy[0xef][0xbf][0xbd]y[[0xef][0xbf][0xbd][0xef][0xbf][0xbd])[0xe8][0xbc][0xad]\@[0xef][0xbf][0xbd][0xef][0xbf][0xbd]km[0xef][0xbf][0xbd][0xef][0xbf][0xbd][0xef][0xbf][0xbd][0x0]&g0/1[0xef][0xbf][0xbd]n[0xef][0xbf][0xbd][0xef][0xbf][0xbd]=[0xef][0xbf][0xbd][0xef][0xbf][0xbd][0xef][0xbf][0xbd]_[0xef][0xbf][0xbd][0xef][0xbf][0xbd]@[0xef][0xbf][0xbd]][0xef][0xbf][0xbd]A[0xef][0xbf][0xbd][0x13][0x15]e[0xef][0xbf][0xbd][0xef][0xbf][0xbd][0x12][0xef][0xbf][0xbd]([0xef][0xbf][0xbd]*[0xef][0xbf][0xbd][0xef][0xbf][0xbd]x[\r][0xef][0xbf][0xbd][0xef][0xbf][0xbd][0xef][0xbf][0xbd][0x4]Q[0xef][0xbf][0xbd]j/[0xef][0xbf][0xbd][0xef][0xbf][0xbd][0x1][0xef][0xbf][0xbd]L[0xef][0xbf][0xbd]j[0xef][0xbf][0xbd]Z[0xef][0xbf][0xbd][0xef][0xbf][0xbd][0x1c][0x18][0xda][0xb0][0xef][0xbf][0xbd][0xef][0xbf][0xbd][0xef][0xbf][0xbd]\[0xef][0xbf][0xbd]r[0x1b]t5yM[0xef][0xbf][0xbd]k[0x7][0xef][0xbf][0xbd]I[0xef][0xbf][0xbd][0xef][0xbf][0xbd][0xc8][0xb4]V=n[0xef][0xbf][0xbd]'[0x1c][0xef][0xbf][0xbd]n[0x1f][0xef][0xbf][0xbd][0xef][0xbf][0xbd][0xef][0xbf][0xbd][0xef][0xbf][0xbd][0x19]L[0xc][0xef][0xbf][0xbd]U[0xef][0xbf][0xbd][0x4][0xef][0xbf][0xbd][0xef][0xbf][0xbd]U[0xef][0xbf][0xbd]L[0xef][0xbf][0xbd][0xef][0xbf][0xbd]; [0xef][0xbf][0xbd]~[0x9][0xef][0xbf][0xbd]S[0xef][0xbf][0xbd][0xef][0xbf][0xbd][0xef][0xbf][0xbd]> [0xef][0xbf][0xbd]9[0xef][0xbf][0xbd][0x1]f[0xef][0xbf][0xbd][0xef][0xbf][0xbd]/[0xef][0xbf][0xbd][0xef][0xbf][0xbd][[0xef][0xbf][0xbd][0xef][0xbf][0xbd][0xef][0xbf][0xbd][0x12][0xef][0xbf][0xbd][0xef][0xbf][0xbd])/L[0xef][0xbf][0xbd]?[0xef][0xbf][0xbd]@[0xef][0xbf][0xbd][0xef][0xbf][0xbd]B%h[0xef][0xbf][0xbd]`H[0xef][0xbf][0xbd]1[0xef][0xbf][0xbd]5[0xe5][0x9e][0x85][0xef][0xbf][0xbd]k[0xef][0xbf][0xbd]!z[0x1f]3[0xef][0xbf][0xbd][0xcb][0x8c]_=C[0xef][0xbf][0xbd][0x17][0xef][0xbf][0xbd][0xef][0xbf][0xbd][0xef][0xbf]"
07:56:28.727 [main] DEBUG org.apache.http.wire -  >> "[0xbd][0xef][0xbf][0xbd][0xef][0xbf][0xbd][0xef][0xbf][0xbd][0xef][0xbf][0xbd][0xef][0xbf][0xbd][0xe3][0x87][0xb8][0xef][0xbf][0xbd][0xef][0xbf][0xbd][.Y[0xef][0xbf][0xbd][0xef][0xbf][0xbd][0xef][0xbf][0xbd][0xef][0xbf][0xbd][0x19][0xef][0xbf][0xbd][0xce][0x80][0xef][0xbf][0xbd][0xc][0xef][0xbf][0xbd][0xef][0xbf][0xbd][0xef][0xbf][0xbd][0xef][0xbf][0xbd]d[0x14]X[0x15][\r][0xef][0xbf][0xbd][0x1e][0xef][0xbf][0xbd][0xef][0xbf][0xbd]]e[0x7][0xef][0xbf][0xbd][0xef][0xbf][0xbd][0xef][0xbf][0xbd][0xe]`u\[0xef][0xbf][0xbd][0xef][0xbf][0xbd][0xd0][0x88][0xef][0xbf][0xbd][0x16][0xef][0xbf][0xbd][0xef][0xbf][0xbd]<[0xef][0xbf][0xbd][0xef][0xbf][0xbd][0xd9][0x93][0xef][0xbf][0xbd]:[0xef][0xbf][0xbd]j[0xef][0xbf][0xbd][0xef][0xbf][0xbd][0xb][0xef][0xbf][0xbd][0xce][0x9e][0xd9][0xbd][0xef][0xbf][0xbd][0xef][0xbf][0xbd][0xef][0xbf][0xbd]W[0x1e][0xef][0xbf][0xbd][0xef][0xbf][0xbd][[0x2][0xef][0xbf][0xbd]{][0x6][0xef][0xbf][0xbd][0xef][0xbf][0xbd]l[0xef][0xbf][0xbd]P[0xef][0xbf][0xbd][0xef][0xbf][0xbd][0xef][0xbf][0xbd]"[0xef][0xbf][0xbd]8[0x1d][0xef][0xbf][0xbd]&[0xef][0xbf][0xbd][0xef][0xbf][0xbd]h[0xef][0xbf][0xbd][0xef][0xbf][0xbd][0xef][0xbf][0xbd]X[0xef][0xbf][0xbd][0x19][0x1c][0xe9][0xa6][0x80]S{[0x2][0xef][0xbf][0xbd],[0xef][0xbf][0xbd][0xef][0xbf][0xbd]-[0x14][0xef][0xbf][0xbd][0x3]d[0xef][0xbf][0xbd]*[0xef][0xbf][0xbd][0xef][0xbf][0xbd]qM[0xef][0xbf][0xbd]N[0xef][0xbf][0xbd][0xef][0xbf][0xbd]Rz[0xef][0xbf][0xbd][0xef][0xbf][0xbd]q[0xc7][0xb1][0xef][0xbf][0xbd][0xef][0xbf][0xbd][0xef][0xbf][0xbd]f[0xef][0xbf][0xbd][0x6]IJ3[0xef][0xbf][0xbd][0x1e][0xef][0xbf][0xbd][0x2]C<[0xef][0xbf][0xbd][0x1e]S[0xef][0xbf][0xbd][0xe][0x1a]~sL[0xef][0xbf][0xbd][0x17]<[0xc7][0x83][0xef][0xbf][0xbd][0x1f][0xef][0xbf][0xbd][0xef][0xbf][0xbd]Q[0xef][0xbf][0xbd][0xef][0xbf][0xbd]/[0x14]f[0x11]X[0xef][0xbf][0xbd][0xef][0xbf][0xbd]`[0xc][0xef][0xbf][0xbd]O[0xef][0xbf][0xbd]&?[0xef][0xbf][0xbd][0xef][0xbf][0xbd]~[0xef][0xbf][0xbd].[0xef][0xbf][0xbd]v[0xef][0xbf][0xbd][0xef][0xbf][0xbd]QN[0xc3][0x9e][0xef][0xbf][0xbd]L[0x15][0xef][0xbf][0xbd][0x1c][0xef][0xbf][0xbd][\r][0xef][0xbf][0xbd][0x8]D[0xef][0xbf][0xbd][0xef][0xbf][0xbd]}z|[0xef][0xbf][0xbd]_[0x1a][0x1c][0xef][0xbf][0xbd]*[0xef][0xbf][0xbd][0xef][0xbf][0xbd]![0xef][0xbf][0xbd][0xef][0xbf][0xbd][\r][0xef][0xbf][0xbd] [0xef][0xbf][0xbd][[0xef][0xbf][0xbd][0xca][0x82][0xef][0xbf][0xbd]Un[0xcb][0x84]([0xef][0xbf][0xbd][0xef][0xbf][0xbd]x[0x3]J[0xef][0xbf][0xbd][0x10]([0xef][0xbf][0xbd][0xd3][0xb2][0xef][0xbf][0xbd]Q5[0xef][0xbf][0xbd]A[0xef][0xbf][0xbd][0xef][0xbf][0xbd]v[0xef][0xbf][0xbd]S[0xef][0xbf][0xbd])[0xef][0xbf][0xbd][0xef][0xbf][0xbd]~[0xef][0xbf][0xbd][0xef][0xbf][0xbd]!O.f([0xef][0xbf][0xbd][0xef][0xbf][0xbd]N[0xef][0xbf][0xbd][0x14][0xcb][0xaf][0xef][0xbf][0xbd][0xef][0xbf][0xbd][0xef][0xbf][0xbd][0xef][0xbf][0xbd][0x1b][0xef][0xbf][0xbd][0xef][0xbf][0xbd]u[0xef][0xbf][0xbd][0xde][0xa2]8`[0xef][0xbf][0xbd][0xef][0xbf][0xbd]~[0xef][0xbf][0xbd]N[0xef][0xbf][0xbd][0xef][0xbf][0xbd]R[0xef][0xbf][0xbd][0xef][0xbf][0xbd][0x7][0xef][0xbf][0xbd][0xef][0xbf][0xbd][0xef][0xbf][0xbd][0xef][0xbf][0xbd][0xef][0xbf][0xbd]7[0xef][0xbf][0xbd][0xef][0xbf][0xbd][0xef][0xbf][0xbd][0xef][0xbf][0xbd][0xef][0xbf][0xbd][0xef][0xbf][0xbd][0xef][0xbf][0xbd]l[0xd8][0xa9][0xef][0xbf][0xbd][0xef][0xbf][0xbd][0xef][0xbf][0xbd]_V[0x13][0xef][0xbf][0xbd][0x1f][0xef][0xbf][0xbd] [0xef][0xbf][0xbd][0xef][0xbf][0xbd][0x17]![0xef][0xbf][0xbd][0xc7][0xb4][0xef][0xbf][0xbd][0xef][0xbf][0xbd]1[0xef][0xbf][0xbd][0x4][0xef][0xbf][0xbd][0xef][0xbf][0xbd][0xef][0xbf][0xbd][~[0xef][0xbf][0xbd][0xc]f[0xef][0xbf][0xbd][0xef][0xbf][0xbd][0xef][0xbf][0xbd]{[[0x4]d[0xef][0xbf][0xbd]{[0x0][0xef][0xbf][0xbd]B4;[0x3][0xef][0xbf][0xbd]5[0xef][0xbf][0xbd][0x5]*[0xef][0xbf][0xbd][0xef][0xbf][0xbd][0xef][0xbf][0xbd][0xd8][0xbf][0xd3][0x92]b[0xef][0xbf][0xbd]gCs[0xef][0xbf][0xbd][0xef][0xbf][0xbd][0xef][0xbf][0xbd][0xef][0xbf][0xbd][0xef][0xbf][0xbd][0xef][0xbf][0xbd][0xef][0xbf][0xbd]6(p[\n]"
07:56:28.727 [main] DEBUG org.apache.http.wire -  >> "y[0x1f][0xef][0xbf][0xbd]g2[0x1a][\r]hOph[0xef][0xbf][0xbd][0xef][0xbf][0xbd][0xe6][0x9e][0xa5]e[0xef][0xbf][0xbd][0xef][0xbf][0xbd][0xef][0xbf][0xbd][0xef][0xbf][0xbd][0xef][0xbf][0xbd]?[0xef][0xbf][0xbd]Y[0xef][0xbf][0xbd]h[0xef][0xbf][0xbd][0xef][0xbf][0xbd]1yO[0x18][0xef][0xbf][0xbd][0xef][0xbf][0xbd][0xef][0xbf][0xbd][0xef][0xbf][0xbd]bQ[0xef][0xbf][0xbd][0xef][0xbf][0xbd]7I[0xef][0xbf][0xbd][\n]"
07:56:28.727 [main] DEBUG org.apache.http.wire -  >> "[0xef][0xbf][0xbd]NK[0xef][0xbf][0xbd][0x13]V,[0xef][0xbf][0xbd]![0xef][0xbf][0xbd][0xef][0xbf][0xbd][0xef][0xbf][0xbd][0xef][0xbf][0xbd]N[0xef][0xbf][0xbd]p[0xef][0xbf][0xbd][0xca][0xab]'[0xef][0xbf][0xbd][0xef][0xbf][0xbd][0x5]][0x19][0xef][0xbf][0xbd][0xef][0xbf][0xbd][0x1a][0xef][0xbf][0xbd][0xef][0xbf][0xbd][0xef][0xbf][0xbd][0xef][0xbf][0xbd]q_[0xd9][0xa6][0x0][0x1f][0xef][0xbf][0xbd][0xef][0xbf][0xbd][0xef][0xbf][0xbd][0xef][0xbf][0xbd][0x17]F8[0xef][0xbf][0xbd][0xef][0xbf][0xbd]-2[0xef][0xbf][0xbd]<[0xef][0xbf][0xbd][0xef][0xbf][0xbd][0x1d]KSF[0xde][0xa4][0xef][0xbf][0xbd][0xef][0xbf][0xbd]i[0x1][0xef][0xbf][0xbd][0xef][0xbf][0xbd][0xef][0xbf][0xbd]GVk[0xef][0xbf][0xbd][0xef][0xbf][0xbd]![0xef][0xbf][0xbd]i[0xef][0xbf][0xbd]-[0xef][0xbf][0xbd]Z [0xef][0xbf][0xbd][0xef][0xbf][0xbd][0xef][0xbf][0xbd]3[0xef][0xbf][0xbd]f[\r][0x9][0xef][0xbf][0xbd]#[0xef][0xbf][0xbd][0xef][0xbf][0xbd]'eX`<=[0xef][0xbf][0xbd]$eoq[0xef][0xbf][0xbd]E[0xef][0xbf][0xbd][0xef][0xbf][0xbd][0xef][0xbf][0xbd]vi[0xef][0xbf][0xbd][0xef][0xbf][0xbd]I[0xef][0xbf][0xbd][0xef][0xbf][0xbd][0xef][0xbf][0xbd][0xef][0xbf][0xbd] Y[\n]"
07:56:28.727 [main] DEBUG org.apache.http.wire -  >> "[0xef][0xbf][0xbd][0x1e][0xef][0xbf][0xbd]_>[0xef][0xbf][0xbd][0xef][0xbf][0xbd][0xef][0xbf][0xbd][0xef][0xbf][0xbd][0xef][0xbf][0xbd]}[0xef][0xbf][0xbd][0xef][0xbf][0xbd]-[0xef][0xbf][0xbd]:[0xef][0xbf][0xbd][0xef][0xbf][0xbd][0xf][0xef][0xbf][0xbd]\[0x0][0xef][0xbf][0xbd]O[0xef][0xbf][0xbd]}[0x6][0xef][0xbf][0xbd]o[0xef][0xbf][0xbd][0x1e][0xef][0xbf][0xbd][0xef][0xbf][0xbd]I[0xef][0xbf][0xbd][0x4][0xd6][0xb3][0xef][0xbf][0xbd][0xc6][0x83][0xef][0xbf][0xbd][0xd6][0x90]![0xef][0xbf][0xbd]Y<[0xef][0xbf][0xbd][0xde][0x88];[0xef][0xbf][0xbd][0xef][0xbf][0xbd][0xef][0xbf][0xbd][0xd7][0x96]_[0xef][0xbf][0xbd][0xef][0xbf][0xbd][0xef][0xbf][0xbd]{[$[0xef][0xbf][0xbd][0xef][0xbf][0xbd][0xef][0xbf][0xbd][0xef][0xbf][0xbd][0xef][0xbf][0xbd][0xef][0xbf][0xbd][0xef][0xbf][0xbd][0xef][0xbf][0xbd][0xef][0xbf][0xbd][0xef][0xbf][0xbd]i[0xef][0xbf][0xbd]r[0xef][0xbf][0xbd]/w[0xef][0xbf][0xbd][0xef][0xbf][0xbd][0xef][0xbf][0xbd]Z[0xec][0xaf][0xa5]![0xef][0xbf][0xbd]j[0xef][0xbf][0xbd][0xef][0xbf][0xbd]8j[0xe4][0x85][0x8a][0x4],c[0xef][0xbf][0xbd][0xef][0xbf][0xbd][0xef][0xbf][0xbd][0xef][0xbf][0xbd][0xef][0xbf][0xbd]zL[0xef][0xbf][0xbd][0xef][0xbf][0xbd]{i%X[0xef][0xbf][0xbd]e[0xef][0xbf][0xbd][0xc3][0x94][0xef][0xbf][0xbd]u?[0xef][0xbf][0xbd]n*F[0x2])[0xef][0xbf][0xbd]V[0xef][0xbf][0xbd][0xef][0xbf][0xbd]m[0xef][0xbf][0xbd]1[0x9][0x7][0xef][0xbf][0xbd][0xef][0xbf][0xbd][0x16]Y`[0xef][0xbf][0xbd]uRS.[0xef][0xbf][0xbd]?[0xef][0xbf][0xbd]9O[0xef][0xbf][0xbd]@[0xef][0xbf][0xbd]2[0xef][0xbf][0xbd][0xef][0xbf][0xbd][0xef][0xbf][0xbd]M[\r][0x1a][0xef][0xbf][0xbd]}[0xef][0xbf][0xbd][0x18]x[0xef][0xbf][0xbd][0xe]p[0xef][0xbf][0xbd][0xd6][0xb0][0xef][0xbf][0xbd][0xef][0xbf][0xbd][0xef][0xbf][0xbd][0xef][0xbf][0xbd][0xef][0xbf][0xbd]m[0x18][0xef][0xbf][0xbd][0xef][0xbf][0xbd][0x18]I[0xef][0xbf][0xbd]f[0xef][0xbf][0xbd][0x10][0xe3][0xba][0xbb]U[0xef][0xbf][0xbd][0xef][0xbf][0xbd]Y[0xef][0xbf][0xbd][0x6]f]S[0x6]F[0xef][0xbf][0xbd]H[0xef][0xbf][0xbd][0xef][0xbf][0xbd][0xef][0xbf][0xbd][0xef][0xbf][0xbd]k[0x17][0xef][0xbf][0xbd][0x10][\n]"
07:56:28.728 [main] DEBUG org.apache.http.wire -  >> "[0xef][0xbf][0xbd]2[0xef][0xbf][0xbd][0xef][0xbf][0xbd]d[0xef][0xbf][0xbd]lgbc[0xef][0xbf][0xbd][0xef][0xbf][0xbd][0x10][0x3]X[0xef][0xbf][0xbd]l[0xef][0xbf][0xbd]8U[0xef][0xbf][0xbd][0xef][0xbf][0xbd]i.[0xef][0xbf][0xbd][0xef][0xbf][0xbd][0xef][0xbf][0xbd][0xef][0xbf][0xbd])[0xef][0xbf][0xbd][0xef][0xbf][0xbd][0xef][0xbf][0xbd][0xef][0xbf][0xbd]O[0xef][0xbf][0xbd][0xef][0xbf][0xbd][0xef][0xbf][0xbd][0xef][0xbf][0xbd]_?o[0xef][0xbf][0xbd][0xef][0xbf][0xbd]x[0xef][0xbf][0xbd];[0xef][0xbf][0xbd][0xef][0xbf][0xbd]X{_o[0xef][0xbf][0xbd][0xef][0xbf][0xbd][0xef][0xbf][0xbd][0xef][0xbf][0xbd][0xef][0xbf][0xbd][0x1d][0xef][0xbf][0xbd][0xef][0xbf][0xbd][0xef][0xbf][0xbd]v[0x10]{[0xef][0xbf][0xbd][0xef][0xbf][0xbd]% [0xef][0xbf][0xbd]|[0xef][0xbf][0xbd][0x1d]K[0xef][0xbf][0xbd][0x1c][0xef][0xbf][0xbd]i[0xd5][0x91]1[0xef][0xbf][0xbd]W8[0xef][0xbf][0xbd][0xef][0xbf][0xbd][0x15][0xef][0xbf][0xbd][0xef][0xbf][0xbd][0xef][0xbf][0xbd][0xef][0xbf][0xbd][0xf]LV[0xef][0xbf][0xbd]zz[0xef][0xbf][0xbd][0xef][0xbf][0xbd]O[0xef][0xbf][0xbd][0xef][0xbf][0xbd][0xef][0xbf][0xbd][[0xef][0xbf][0xbd][0x1b][0xef][0xbf][0xbd][0xdf][0x83][0xef][0xbf][0xbd][0xb]zyXp}L[0xef][0xbf][0xbd]YR[0xef][0xbf][0xbd][0xef][0xbf][0xbd]n[0xef][0xbf][0xbd]peW_[0x1c][0xef][0xbf][0xbd]-[0xef][0xbf][0xbd][0xef][0xbf][0xbd][0x19][0xda][0xa2][0x5][0xef][0xbf][0xbd][0xef][0xbf][0xbd]G%[0xde][0x8a][0xef][0xbf][0xbd][0xd0][0xae][0xef][0xbf][0xbd][0xcf][0xbb][0x12]=(N][0xef][0xbf][0xbd][0xef][0xbf][0xbd][0x9][0xef][0xbf][0xbd][0x8]W[0xef][0xbf][0xbd][0xd1][0xa5]{7C[0xef][0xbf][0xbd]UEf[0x18]V[0x13][0xef][0xbf][0xbd][0xef][0xbf][0xbd]O[0x15]c[0xef][0xbf][0xbd][0x1a][0xc5][0x81]>[0xef][0xbf][0xbd][0xd9][0x8f]e~(WA[0xd9][0x87]3[0x0][0x19][0x3]:D[0x1d]_[0xef][0xbf][0xbd][0x2][0xef][0xbf][0xbd];[0xef][0xbf][0xbd]4R[0xef][0xbf][0xbd][0xef][0xbf][0xbd]2[0xef][0xbf][0xbd][0xef][0xbf][0xbd][0x1d][0xef][0xbf][0xbd]0[0x2][0x18][0x19][0x13]3jH[0xef][0xbf][0xbd][0xef][0xbf][0xbd]a[0xef][0xbf][0xbd][0xef][0xbf][0xbd][0xef][0xbf][0xbd][0xef][0xbf][0xbd][0xef][0xbf][0xbd]"[0xef][0xbf][0xbd]%Q[0x4][0xef][0xbf][0xbd]6[0xef][0xbf][0xbd][0xef][0xbf][0xbd][0xef][0xbf][0xbd]^[?[0xef][0xbf][0xbd][0xef][0xbf][0xbd][[0x1a][0x12][0xef][0xbf][0xbd][0xef][0xbf][0xbd]0Y[0xef][0xbf][0xbd]t8[0xef][0xbf][0xbd]`?/a[0xef][0xbf][0xbd]IX[0xef][0xbf][0xbd][0xc][0xef][0xbf][0xbd]g[0xef][0xbf][0xbd][0xef][0xbf][0xbd]][0x3][0xef][0xbf][0xbd][0xef][0xbf][0xbd]V[0x17][0xef][0xbf][0xbd]d[0x1f][0xef][0xbf][0xbd][0xef][0xbf][0xbd][0xef][0xbf][0xbd]![0xef][0xbf][0xbd][0xef][0xbf][0xbd][0xef][0xbf][0xbd][0xef][0xbf][0xbd][0xef][0xbf][0xbd]?z[0x1][0x1f][0xef][0xbf][0xbd][0xef][0xbf][0xbd]I[0x17]u[0xef][0xbf][0xbd][0xef][0xbf][0xbd][0xef][0xbf][0xbd][0xef][0xbf][0xbd]N[0xf][0xef][0xbf][0xbd][0x18][0xef][0xbf][0xbd][0x2][0xef][0xbf][0xbd]G[0xef][0xbf][0xbd][0xef][0xbf][0xbd][\n]"
07:56:28.728 [main] DEBUG org.apache.http.wire -  >> "[0xef][0xbf][0xbd][0xef][0xbf][0xbd]rY[0xef][0xbf][0xbd][0xd3][0x89][0xef][0xbf][0xbd][0xd9][0x93]y[0xef][0xbf][0xbd]D[0xef][0xbf][0xbd][0xef][0xbf][0xbd]X[0xef][0xbf][0xbd][0xef][0xbf][0xbd]a[0xef][0xbf][0xbd][0xef][0xbf][0xbd][0xef][0xbf][0xbd][0xef][0xbf][0xbd].[0xf][0xb]@[0xef][0xbf][0xbd][0xef][0xbf][0xbd][0xef][0xbf][0xbd][0xef][0xbf][0xbd][0xef][0xbf][0xbd][0xef][0xbf][0xbd]D[0xc4][0xb0] [0x0]?[0xef][0xbf][0xbd][0xef][0xbf][0xbd][\r][0xef][0xbf][0xbd][0xde][0x9b][0xef][0xbf][0xbd]S[0xef][0xbf][0xbd][0xef][0xbf][0xbd][0xef][0xbf][0xbd][0xef][0xbf][0xbd][0xef][0xbf][0xbd][0x17]J'[\r][0xef][0xbf][0xbd][0xef][0xbf][0xbd]v6[0xef][0xbf][0xbd][0xef][0xbf][0xbd][0xcd][0x90][0x16]R[0x4]^[0xef][0xbf][0xbd][0xef][0xbf][0xbd][0xef][0xbf][0xbd][0xef][0xbf][0xbd][0xc]Y[0xef][0xbf][0xbd][0xef][0xbf][0xbd]}[0xef][0xbf][0xbd]N[0xef][0xbf][0xbd][0x15][0xef][0xbf][0xbd][0xef][0xbf][0xbd][0xef][0xbf][0xbd]X[0xde][0x87][0xef][0xbf][0xbd]f[0xef][0xbf][0xbd]1[0xef][0xbf][0xbd][0xef][0xbf][0xbd]7[0xef][0xbf][0xbd][0xef][0xbf][0xbd]W[0xef][0xbf][0xbd][0xc5][0x95]b[0xef][0xbf][0xbd]r[0x2][0xeb][0xb8][0xb5][0xef][0xbf][0xbd]mw"[0x4]7ew^[0xef][0xbf][0xbd][0x10][0x11]W[0x4][0xef][0xbf][0xbd]6[0xef][0xbf][0xbd][0xef][0xbf][0xbd]c[0xb][0xef][0xbf][0xbd]u<[0xef][0xbf][0xbd][0xef][0xbf][0xbd]Mp[0xef][0xbf][0xbd][0xef][0xbf][0xbd].--Q.[0xef][0xbf][0xbd]tb2![0x1c][0xef][0xbf][0xbd]q[0xef][0xbf][0xbd][0x16]`[0xdb][0x9f][0xef][0xbf][0xbd][0xef][0xbf][0xbd][0xca][0xa9][0xef][0xbf][0xbd][0xef][0xbf][0xbd][0xef][0xbf][0xbd]1[0x1a][0x4][0xef][0xbf][0xbd]L[0xef][0xbf][0xbd]A[0xef][0xbf][0xbd]{[0xef][0xbf][0xbd]V[0xef][0xbf][0xbd][0xef][0xbf][0xbd]LE[0xef][0xbf][0xbd]f[0xef][0xbf][0xbd]5z[0x14]|[0x10]q[0x8][0xef][0xbf][0xbd][0xef][0xbf][0xbd]7EX,![0xef][0xbf][0xbd][[0x9][0xef][0xbf][0xbd][0xef][0xbf][0xbd]|[\r]x[0x6][0xef][0xbf][0xbd][0xb]t[0xef][0xbf][0xbd]sE[0xef][0xbf][0xbd][0xef][0xbf][0xbd],[0xef][0xbf][0xbd][0xef][0xbf][0xbd]Q[0xef][0xbf][0xbd][0xef][0xbf][0xbd][0xef][0xbf][0xbd][\r]&JF[0xef][0xbf][0xbd][0xef][0xbf][0xbd]0W[0xef][0xbf][0xbd][0xef][0xbf][0xbd][0xd7][0xb4][0xef][0xbf][0xbd][0xef][0xbf][0xbd][0xef][0xbf][0xbd]-[0xef][0xbf][0xbd]2[0xef][0xbf][0xbd][0xef][0xbf][0xbd]=[0xef][0xbf][0xbd][0x5][0xef][0xbf][0xbd][0xef][0xbf][0xbd]/[0xef][0xbf][0xbd][0xef][0xbf][0xbd][0x1f][0xf][0xef][0xbf][0xbd][0xef][0xbf][0xbd][0xef][0xbf][0xbd][0xef][0xbf][0xbd][0xef][0xbf][0xbd][0xef][0xbf][0xbd]O[0xef][0xbf][0xbd][0xef][0xbf][0xbd]B[0xef][0xbf][0xbd][0xef][0xbf][0xbd][0xef][0xbf][0xbd][0xef][0xbf][0xbd][0xef][0xbf][0xbd][0x4][0xef][0xbf][0xbd][0x1][0xc5][0xb0][0xef][0xbf][0xbd]i[0xef][0xbf][0xbd][0xef][0xbf][0xbd][0xd4][0x9f][0xef][0xbf][0xbd][0xef][0xbf][0xbd][0xef][0xbf][0xbd][0xef][0xbf][0xbd][0xef][0xbf][0xbd]]([0xef][0xbf][0xbd]h[0xef][0xbf][0xbd][0xef][0xbf][0xbd][0xef][0xbf][0xbd]q[0xef][0xbf][0xbd][0x18][0xef][0xbf][0xbd]/[0xef][0xbf][0xbd]*[0xef][0xbf][0xbd]k[0xef][0xbf][0xbd]$[0xef][0xbf][0xbd][0xef][0xbf][0xbd][0xef][0xbf][0xbd][0xef][0xbf][0xbd][0x17][0xef][0xbf][0xbd][0xef][0xbf][0xbd]nvo[0xef][0xbf][0xbd]g[0xdb][0xac]?[0x1a][0xef][0xbf][0xbd]?[0xef][0xbf][0xbd][0xef][0xbf][0xbd]>[0xef][0xbf][0xbd][0xef][0xbf][0xbd][0xef][0xbf][0xbd]?[0xef][0xbf][0xbd]4~[0xef][0xbf][0xbd]_{[0x5][0xef][0xbf][0xbd][0xef][0xbf][0xbd][0x1d][0xef][0xbf][0xbd]N[0xef][0xbf][0xbd][0xef][0xbf][0xbd][0xef][0xbf][0xbd][0x4][0x1e]m[0xef][0xbf][0xbd]4j[0xdc][0x95]L![0xef][0xbf][0xbd]J[0xef][0xbf][0xbd]2F[0xef][0xbf][0xbd][0xef][0xbf][0xbd]{[0xef][0xbf][0xbd]l[0xef][0xbf][0xbd]v[d[0x12][0xef][0xbf][0xbd][0xef][0xbf][0xbd][0xb][0xef][0xbf][0xbd][\n]"
07:56:28.728 [main] DEBUG org.apache.http.wire -  >> "t ux[0xef][0xbf][0xbd][0xef][0xbf][0xbd]GpP,[0xef][0xbf][0xbd][0xef][0xbf][0xbd][\n]"
07:56:28.728 [main] DEBUG org.apache.http.wire -  >> "[0xef][0xbf][0xbd][0xef][0xbf][0xbd][0xef][0xbf][0xbd][0xd5][0xa9][0xef][0xbf][0xbd]!([0x19]Az[0xc][0x18][0xb][0xef][0xbf][0xbd][0xef][0xbf][0xbd]&G[0xef][0xbf][0xbd][0xc][0xef][0xbf][0xbd]_[0xef][0xbf][0xbd][0xef][0xbf][0xbd][0xef][0xbf][0xbd][0x9][0xef][0xbf][0xbd][0x7]2:[0xef][0xbf][0xbd]%[0x14]t#V[0x10][0xef][0xbf][0xbd][\r]M[0xef][0xbf][0xbd].[0xef][0xbf][0xbd]\[0xd0][0x98][\r][0xef][0xbf][0xbd]K+o[0xef][0xbf][0xbd]<[0xef][0xbf][0xbd][0xef][0xbf][0xbd]P[0x16]W[0xef][0xbf][0xbd][0xef][0xbf][0xbd]~[0xef][0xbf][0xbd]m[0xef][0xbf][0xbd][0xef][0xbf][0xbd][0xef][0xbf][0xbd]_[0x7][0xef][0xbf][0xbd][0x1a][0x8][0x17][0xe]S[0xc]/[0xef][0xbf][0xbd][0xb]<su[0xef][0xbf][0xbd]A[0xef][0xbf][0xbd]#<+[0x12][0xef][0xbf][0xbd][0x11][0xef][0xbf][0xbd]>[0xef][0xbf][0xbd][0xef][0xbf][0xbd][0xef][0xbf][0xbd]C[0xef][0xbf][0xbd][0xef][0xbf][0xbd][0xc8][0xa9][0xef][0xbf][0xbd][0xef][0xbf][0xbd] [0xef][0xbf][0xbd][0xc4][0xae]z[0xef][0xbf][0xbd]zDc[0xef][0xbf][0xbd][0xef][0xbf][0xbd][0xef][0xbf][0xbd][0x18][0xef][0xbf][0xbd][0xef][0xbf][0xbd][0xef][0xbf][0xbd]t[0xef][0xbf][0xbd][\n]"
07:56:28.728 [main] DEBUG org.apache.http.wire -  >> "[0xef][0xbf][0xbd][0xef][0xbf][0xbd]O[0xef][0xbf][0xbd][0xef][0xbf][0xbd]=[0xef][0xbf][0xbd]q[0xd2][0x83][0xef][0xbf][0xbd][0x6][0xef][0xbf][0xbd][0xef][0xbf][0xbd][0x9][0xef][0xbf][0xbd][0x0]f1_[0xca][0xab]g[0xef][0xbf][0xbd][0xef][0xbf][0xbd][0xef][0xbf][0xbd][0xd7][0xbf]s[0xef][0xbf][0xbd]L[0x1f]~[0xef][0xbf][0xbd]#I[0x1f][0xef][0xbf][0xbd][0x1a]<[0xef][0xbf][0xbd];=u[0xef][0xbf][0xbd]2[0x5]S[0xef][0xbf][0xbd]<[0xef][0xbf][0xbd][0xef][0xbf][0xbd][0x2]`[0xef][0xbf][0xbd]<[0xef][0xbf][0xbd][0xef][0xbf][0xbd][0x5][0xef][0xbf][0xbd][0x1e]q3O[0xef][0xbf][0xbd][0xef][0xbf][0xbd][0x1c][0x7]([\n]"
07:56:28.728 [main] DEBUG org.apache.http.wire -  >> ""[0xf][0xef][0xbf][0xbd]C[0xef][0xbf][0xbd]TV[0x7][0xef][0xbf][0xbd][0xef][0xbf][0xbd][0xef][0xbf][0xbd]:[0x16]1[0xef][0xbf][0xbd][0xef][0xbf][0xbd][0xef][0xbf][0xbd][0xef][0xbf][0xbd]I[0xef][0xbf][0xbd][0xef][0xbf][0xbd]P[0xef][0xbf][0xbd]S[0xef][0xbf][0xbd][0xef][0xbf][0xbd][0xef][0xbf][0xbd][0xef][0xbf][0xbd][0xef][0xbf][0xbd][0x7][0xef][0xbf][0xbd]p[0xef][0xbf][0xbd][0xef][0xbf][0xbd]G70{W[0xef][0xbf][0xbd][0xe]d[0xef][0xbf][0xbd][0xef][0xbf][0xbd]3[0xef][0xbf][0xbd]}[0xef][0xbf][0xbd][0xef][0xbf][0xbd]8[0xef][0xbf][0xbd][0xef][0xbf][0xbd][0xef][0xbf][0xbd][0x5][0x6][0x10][0xef][0xbf][0xbd][0xef][0xbf][0xbd]~xz[0x7]H;z![0xef][0xbf][0xbd]V[0xef][0xbf][0xbd]#[0xef][0xbf][0xbd][0xef][0xbf][0xbd][0xef][0xbf][0xbd][0x18][0xef][0xbf][0xbd][0xde][0xbe][0xef][0xbf][0xbd]x[0xef][0xbf][0xbd][0xef][0xbf][0xbd]"P[0xef][0xbf][0xbd][0x1c][0xef][0xbf][0xbd][0xef][0xbf][0xbd]p[0xef][0xbf][0xbd][0xd2][0xa9]=7[0xef][0xbf][0xbd][0xef][0xbf][0xbd]Z1[0xef][0xbf][0xbd]P[0xef][0xbf][0xbd]$[0xef][0xbf][0xbd][0xef][0xbf][0xbd]NI[0xb],"[0x1d][0xef][0xbf][0xbd][0xef][0xbf][0xbd][0x1c][0xef][0xbf][0xbd]zR[0xef][0xbf][0xbd][0x1][0xef][0xbf][0xbd]\C[0xef][0xbf][0xbd]Q[0xef][0xbf][0xbd]N [0xef][0xbf][0xbd]u[0xef][0xbf][0xbd][0xef][0xbf][0xbd][0xef][0xbf][0xbd][0x15][0x8][0xef][0xbf][0xbd][0x14]*9[0xef][0xbf][0xbd][0xef][0xbf][0xbd] :[0xef][0xbf][0xbd][0xef][0xbf][0xbd][0xef][0xbf][0xbd][0x11],[0xef][0xbf][0xbd][0xef][0xbf][0xbd][0xef][0xbf][0xbd]L?[0x1f]_5G[0xef][0xbf][0xbd][0xef][0xbf][0xbd][0x13][0xef][0xbf][0xbd][0xd4][0x99]C[0x19][0xef][0xbf][0xbd]a"[0xef][0xbf][0xbd]1Q[0xef][0xbf][0xbd]a[0xef][0xbf][0xbd]T[0xef][0xbf][0xbd]M[0xef][0xbf][0xbd][0xef][0xbf][0xbd]XEY[0xef][0xbf][0xbd][0xef][0xbf][0xbd][0xef][0xbf][0xbd]^[0xb][0xef][0xbf][0xbd][0xef][0xbf][0xbd][0xef][0xbf][0xbd]2[0xef][0xbf][0xbd][0xce][0x8d][0xef][0xbf][0xbd][0xef][0xbf][0xbd]k[0x19][0xef][0xbf][0xbd][0x1c][0xef][0xbf][0xbd]LV[0xef][0xbf][0xbd][0xef][0xbf][0xbd][0xef][0xbf][0xbd]o[0xef][0xbf][0xbd]8[0xd5][0x87]&[0xef][0xbf][0xbd][0xef][0xbf][0xbd]A[0xef][0xbf][0xbd][0xef][0xbf][0xbd]xo[0xef][0xbf][0xbd]&[0xef][0xbf][0xbd][0xef][0xbf][0xbd][0xef][0xbf][0xbd]d[0xef][0xbf][0xbd][0xef][0xbf][0xbd]w_[0x9][0xef][0xbf][0xbd][0xef][0xbf][0xbd][0xef][0xbf][0xbd][0xef][0xbf][0xbd][0xef][0xbf][0xbd][0xef][0xbf][0xbd][0x17]_y[0xef][0xbf][0xbd][0xef][0xbf][0xbd][0xef][0xbf][0xbd][0x1][0xef][0xbf][0xbd][0xb]h[0xef][0xbf][0xbd][0xef][0xbf][0xbd]Q<y/NO[0xef][0xbf][0xbd]E[\r]>[0xef][0xbf][0xbd]^[0xef][0xbf][0xbd][0xef][0xbf][0xbd]*[0xef][0xbf][0xbd][0x7][0xef][0xbf][0xbd][0xda][0xa3]3[0xef][0xbf][0xbd]=[0xef][0xbf][0xbd]D[0xef][0xbf][0xbd]P[0xef][0xbf][0xbd][0xe][0xef][0xbf][0xbd]m[0xef][0xbf][0xbd][0xef][0xbf][0xbd][0x1][0x1d]?[0xef][0xbf][0xbd];UXj([0xef][0xbf][0xbd]![0xef][0xbf][0xbd][0xef][0xbf][0xbd]j[0xef][0xbf][0xbd][0xef][0xbf][0xbd]E[0xef][0xbf][0xbd][0xef][0xbf][0xbd]!u[0xef][0xbf][0xbd]^q[0x16][0xef][0xbf][0xbd]$[\n]"
07:56:28.728 [main] DEBUG org.apache.http.wire -  >> "[0x1c][0xca][0x83]S[0xef][0xbf][0xbd]~w[0xef][0xbf][0xbd][0xef][0xbf][0xbd][0xcb][0x9f][0xef][0xbf][0xbd][0xef][0xbf][0xbd][0xef][0xbf][0xbd][0xef][0xbf][0xbd][0xef][0xbf][0xbd][0xef][0xbf][0xbd].[0xef][0xbf][0xbd][0xef][0xbf][0xbd]Z[0xef][0xbf][0xbd]w[0xef][0xbf][0xbd][0x9]l[0xef][0xbf][0xbd][0xef][0xbf][0xbd]T[0x1d][0xef][0xbf][0xbd]8[0xef][0xbf][0xbd]$p[0xef][0xbf][0xbd][0xef][0xbf][0xbd][0xef][0xbf][0xbd][0x0][0xef][0xbf][0xbd][0xef][0xbf][0xbd][0xef][0xbf][0xbd][0xef][0xbf][0xbd][0xef][0xbf][0xbd][0xef][0xbf][0xbd]Q[0x11][0xef][0xbf][0xbd][0xef][0xbf][0xbd][0xef][0xbf][0xbd]aa[0xef][0xbf][0xbd][0xef][0xbf][0xbd][0xef][0xbf][0xbd][0xef][0xbf][0xbd][0xef][0xbf][0xbd]([0x13][0xef][0xbf][0xbd]J[0xef][0xbf][0xbd][0xdc][0xa0][0xef][0xbf][0xbd]b[0xef][0xbf][0xbd][0xef][0xbf][0xbd][0xef][0xbf][0xbd][0xef][0xbf][0xbd]v[0xef][0xbf][0xbd]G[0x1d]i:{k[0xef][0xbf][0xbd][0xef][0xbf][0xbd]BU[0x1f][0xef][0xbf][0xbd]r[0xef][0xbf][0xbd]t,[0xef][0xbf][0xbd][0x4]i[0xef][0xbf][0xbd]hfM[0xef][0xbf][0xbd][0xef][0xbf][0xbd]<1[0xef][0xbf][0xbd][0x1d][0x3][0xef][0xbf][0xbd]vK[0xef][0xbf][0xbd][0xef][0xbf][0xbd]u<[0x14]8[0xef][0xbf][0xbd][0xef][0xbf][0xbd][0xef][0xbf][0xbd][0xef][0xbf][0xbd][0xef][0xbf][0xbd][0xef][0xbf][0xbd],1[0x18][0xd7][0x95][0xef][0xbf][0xbd][0x1e][0xef][0xbf][0xbd][0xd7][0xa8]/[0xef][0xbf][0xbd]#!Dkw([0xef][0xbf][0xbd][0xef][0xbf][0xbd][0x13]HC`f[0xef][0xbf][0xbd][0x14]c[0xef][0xbf][0xbd]"[0xef][0xbf][0xbd]Z[0xef][0xbf][0xbd][0x9][0xef][0xbf][0xbd][0x12]V[0x1c][0xef][0xbf][0xbd]1>[0x1e][0xef][0xbf][0xbd][0xef][0xbf][0xbd]q[0x19][0xef][0xbf][0xbd]Y1[0xef][0xbf][0xbd]f[0xef][0xbf][0xbd]Cc*z[0xef][0xbf][0xbd]@#[0xef][0xbf][0xbd][0xef][0xbf][0xbd]FQ[0xc8][0x8b]C[0xc]]S2[0xef][0xbf][0xbd][0xef][0xbf][0xbd][0x19]([0x3][0xef][0xbf][0xbd][0xef][0xbf][0xbd][0xef][0xbf][0xbd][0xef][0xbf][0xbd]{[0xef][0xbf][0xbd][0xb][0xef][0xbf][0xbd]z[0xef][0xbf][0xbd]7[0xef][0xbf][0xbd][0xef][0xbf][0xbd][0xef][0xbf][0xbd][0xef][0xbf][0xbd][0xef][0xbf][0xbd][0xef]"
07:56:28.729 [main] DEBUG org.apache.http.wire -  >> "[0xbf][0xbd]?[0xef][0xbf][0xbd][0xef][0xbf][0xbd]=[0xef][0xbf][0xbd][0xef][0xbf][0xbd][0xef][0xbf][0xbd][0xef][0xbf][0xbd][0xef][0xbf][0xbd][0xef][0xbf][0xbd]8[0xef][0xbf][0xbd][0xef][0xbf][0xbd][0xef][0xbf][0xbd][0x1d][0xef][0xbf][0xbd][0xef][0xbf][0xbd][0xef][0xbf][0xbd][0xef][0xbf][0xbd][0x2]`[0xef][0xbf][0xbd][0x1d]m[0x17][0xde][0xa4][0xdc][0xb6][0xef][0xbf][0xbd][0xc6][0xb0][0xef][0xbf][0xbd][0xef][0xbf][0xbd][0xef][0xbf][0xbd][0xef][0xbf][0xbd]F[0x15][0xef][0xbf][0xbd][0xef][0xbf][0xbd][0xef][0xbf][0xbd]*[0xe7][0x96][0x8d][0xef][0xbf][0xbd][0xef][0xbf][0xbd]',[0xef][0xbf][0xbd]X[0xef][0xbf][0xbd]6)[0xd3][0xac][0xef][0xbf][0xbd]![0xef][0xbf][0xbd]m[0xef][0xbf][0xbd][0xef][0xbf][0xbd][0xef][0xbf][0xbd][0xef][0xbf][0xbd][0xef][0xbf][0xbd][0x1f][0xef][0xbf][0xbd][0xef][0xbf][0xbd]~[0xef][0xbf][0xbd][0x11][0xef][0xbf][0xbd]i[0xef][0xbf][0xbd][0xef][0xbf][0xbd];.[0x5]d[0xef][0xbf][0xbd][0xf]HOM[0xef][0xbf][0xbd][0xef][0xbf][0xbd]P[ [0xef][0xbf][0xbd][0xef][0xbf][0xbd][0xb][0xef][0xbf][0xbd]G%U[0xef][0xbf][0xbd]Rm[0xef][0xbf][0xbd][0x1c][0xef][0xbf][0xbd]][0xef][0xbf][0xbd][0xef][0xbf][0xbd][0xef][0xbf][0xbd]'[0xef][0xbf][0xbd][0xef][0xbf][0xbd]9[0xef][0xbf][0xbd][0xef][0xbf][0xbd]n[0x19]&M526[0xef][0xbf][0xbd][0x6]\5[0x1c][0xef][0xbf][0xbd][0xef][0xbf][0xbd]h[0xef][0xbf][0xbd][0xef][0xbf][0xbd]e[0xef][0xbf][0xbd]G[0xef][0xbf][0xbd][0xef][0xbf][0xbd][0xef][0xbf][0xbd]h?1^[0xef][0xbf][0xbd]-[[0xef][0xbf][0xbd]g[0xef][0xbf][0xbd]#5[0xc8][0x87][0x7][0x16][0xef][0xbf][0xbd]/[0x4]-[0xef][0xbf][0xbd]_<[0x14][0xef][0xbf][0xbd][0xef][0xbf][0xbd]z[0xef][0xbf][0xbd]t[0x7][0xef][0xbf][0xbd]&m[0xef][0xbf][0xbd][0xef][0xbf][0xbd]([0xdd][0xbb][0xef][0xbf][0xbd][0x5]C[0xef][0xbf][0xbd]c[0xef][0xbf][0xbd]`u$[0xe]I-[0xe6][0x89][0x90][0xef][0xbf][0xbd][0xef][0xbf][0xbd]D[0xef][0xbf][0xbd]f[0xef][0xbf][0xbd][0xef][0xbf][0xbd][0xef][0xbf][0xbd][0xef][0xbf][0xbd]7[0xef][0xbf][0xbd]R[0xef][0xbf][0xbd][0x11][0xef][0xbf][0xbd]^*N[0xef][0xbf][0xbd]8[0xef][0xbf][0xbd]5[0xef][0xbf][0xbd][0xef][0xbf][0xbd][0xef][0xbf][0xbd][0x9][0x2]33[0x14][0x1a][0xef][0xbf][0xbd][0xef][0xbf][0xbd][0xef][0xbf][0xbd]N[0xef][0xbf][0xbd][0xe][0xef][0xbf][0xbd][0xef][0xbf][0xbd]%t[\n]"
07:56:28.729 [main] DEBUG org.apache.http.wire -  >> "[0x13][0xef][0xbf][0xbd][0x18][0x4][0xef][0xbf][0xbd]J)[0x1a][0xef][0xbf][0xbd][0xef][0xbf][0xbd]l[0xef][0xbf][0xbd][0xef][0xbf][0xbd][0xef][0xbf][0xbd][0x13][0xef][0xbf][0xbd][0xf][\r][0xd9][0x92]"C[0xef][0xbf][0xbd][0x1e]tv,[0xef][0xbf][0xbd][0xef][0xbf][0xbd]6[0xef][0xbf][0xbd][0xef][0xbf][0xbd][0xef][0xbf][0xbd][0xcf][0xbe][0xef][0xbf][0xbd][0xef][0xbf][0xbd]~[0xef][0xbf][0xbd]![0x1e][0xd3][0xb2]?[0x4][0x17]x[0xef][0xbf][0xbd][0x12][0xef][0xbf][0xbd]:O[0xef][0xbf][0xbd][0xef][0xbf][0xbd][0xd4][0x9e][0xef][0xbf][0xbd]w[0x1f]u[0xef][0xbf][0xbd][0xef][0xbf][0xbd]S[0xef][0xbf][0xbd]g[0x0][0xef][0xbf][0xbd]xa[0xef][0xbf][0xbd][0xef][0xbf][0xbd]-cG1[0xef][0xbf][0xbd]-@)[0xef][0xbf][0xbd][0xef][0xbf][0xbd][0xef][0xbf][0xbd][0xef][0xbf][0xbd]I6PJ{[0xef][0xbf][0xbd][0xef][0xbf][0xbd][0xef][0xbf][0xbd][0x16][0xef][0xbf][0xbd]m[0xef][0xbf][0xbd]+[0xef][0xbf][0xbd][0x8][0xef][0xbf][0xbd][0xef][0xbf][0xbd][0xef][0xbf][0xbd]@[0xef][0xbf][0xbd]2[0xef][0xbf][0xbd][0xef][0xbf][0xbd][0x1f]xu[0x3][0xef][0xbf][0xbd][0xef][0xbf][0xbd][0xc4][0xa7][0xef][0xbf][0xbd][0xef][0xbf][0xbd][0xef][0xbf][0xbd][0x1f][0xef][0xbf][0xbd][0xef][0xbf][0xbd][0xef][0xbf][0xbd][0xef][0xbf][0xbd][0xef][0xbf][0xbd]|[0x16][0xef][0xbf][0xbd][0xef][0xbf][0xbd][\n]"
07:56:28.729 [main] DEBUG org.apache.http.wire -  >> "[0xef][0xbf][0xbd]#{B[0xef][0xbf][0xbd][0xef][0xbf][0xbd]^k[0xef][0xbf][0xbd][0xef][0xbf][0xbd]C1[0xef][0xbf][0xbd][0xef][0xbf][0xbd][0xef][0xbf][0xbd][0xef][0xbf][0xbd][0xef][0xbf][0xbd][0x4][0xef][0xbf][0xbd]2^[0xef][0xbf][0xbd][0xef][0xbf][0xbd][0x1c][0xef][0xbf][0xbd][0xef][0xbf][0xbd][0xef][0xbf][0xbd]U[0xef][0xbf][0xbd][0x14]|?@[0x1]m[0xef][0xbf][0xbd][0xef][0xbf][0xbd]6[0xef][0xbf][0xbd][0x6]4[0xef][0xbf][0xbd]@d[YW[0xe]j[0xd4][0x91]h-[0xef][0xbf][0xbd][0xef][0xbf][0xbd][0xef][0xbf][0xbd][0xef][0xbf][0xbd]l[0xdb][0x86][0x15];[0xef][0xbf][0xbd][0xef][0xbf][0xbd][0xef][0xbf][0xbd][0x1b][0xef][0xbf][0xbd]L[0x12][0xef][0xbf][0xbd][0xef][0xbf][0xbd][0xef][0xbf][0xbd]~+[0xef][0xbf][0xbd]y[0xef][0xbf][0xbd]f[0xef][0xbf][0xbd][0x1e]P[0xef][0xbf][0xbd]J[0xc][0xef][0xbf][0xbd][0xef][0xbf][0xbd]b[0xef][0xbf][0xbd]<a[0xef][0xbf][0xbd]*[0xef][0xbf][0xbd]=[0xef][0xbf][0xbd][0xef][0xbf][0xbd][0xef][0xbf][0xbd][0x7][0xef][0xbf][0xbd]z[0xef][0xbf][0xbd][0x9],1B[0xef][0xbf][0xbd][0x16][0xef][0xbf][0xbd][0xef][0xbf][0xbd][\r][0xef][0xbf][0xbd][0x1c]y[0x10]`tx[0xef][0xbf][0xbd][0xef][0xbf][0xbd][0xef][0xbf][0xbd]B[0xef][0xbf][0xbd][0x8][0xef][0xbf][0xbd]2[0xef][0xbf][0xbd]AK[0xef][0xbf][0xbd]Hn[0xef][0xbf][0xbd]Y[0x1e][0xef][0xbf][0xbd][0xef][0xbf][0xbd]_[0xef][0xbf][0xbd][0xef][0xbf][0xbd]F[0xef][0xbf][0xbd][0xc][0xef][0xbf][0xbd]6[0xf]4[0xef][0xbf][0xbd][0xef][0xbf][0xbd]n[0xef][0xbf][0xbd][0xef][0xbf][0xbd][0xef][0xbf][0xbd]X[0xef][0xbf][0xbd][0xef][0xbf][0xbd]g[0x8]0[0x5]N'[0xef][0xbf][0xbd][0xef][0xbf][0xbd]X338[0xef][0xbf][0xbd][0xef][0xbf][0xbd][0xef][0xbf][0xbd][0xef][0xbf][0xbd][0xef][0xbf][0xbd][0xe0][0xb1][0xb5][0xef][0xbf][0xbd][0xef][0xbf][0xbd][0xef][0xbf][0xbd][0xef][0xbf][0xbd][0x17][0xef][0xbf][0xbd][0xef][0xbf][0xbd][0xef][0xbf][0xbd]g^[0xef][0xbf][0xbd][0xef][0xbf][0xbd][0xef][0xbf][0xbd]w[0xef][0xbf][0xbd][0xef][0xbf][0xbd][0xc7][0xa8]\[0xef][0xbf][0xbd][0xef][0xbf][0xbd]{?[0xef][0xbf][0xbd][0xef][0xbf][0xbd][0xef][0xbf][0xbd]N[0xef][0xbf][0xbd][0xef][0xbf][0xbd]1[0x11]#[0xef][0xbf][0xbd][0x16][0xef][0xbf][0xbd][0xef][0xbf][0xbd]][0xef][0xbf][0xbd][0xef][0xbf][0xbd][0x0][0xef][0xbf][0xbd][0xef][0xbf][0xbd][0xef][0xbf][0xbd]&[0x4][0xef][0xbf][0xbd]N[0xef][0xbf][0xbd]s_[0xef][0xbf][0xbd]N[0xef][0xbf][0xbd][0xc3][0xbf][0x18]c[0xef][0xbf][0xbd],I[0xef][0xbf][0xbd]@h[0xef][0xbf][0xbd]JE[0xef][0xbf][0xbd]5[0xef][0xbf][0xbd][0xef][0xbf][0xbd][0xef][0xbf][0xbd]c[0xef][0xbf][0xbd]"[0xea][0x8d][0x98][0xef][0xbf][0xbd][0xc][0xef][0xbf][0xbd][0xef][0xbf][0xbd]X[\r][0xc5][0xb9][0xef][0xbf][0xbd]-(p[0xc]0#[0xef][0xbf][0xbd]RJ'[0xef][0xbf][0xbd][0xef][0xbf][0xbd][0xef][0xbf][0xbd]K[0xef][0xbf][0xbd][0xef][0xbf][0xbd][0xef][0xbf][0xbd][0xef][0xbf][0xbd][0x17]o[0xef][0xbf][0xbd]e|'e[0x17][0xef][0xbf][0xbd]O[0xef][0xbf][0xbd][0xef][0xbf][0xbd]+/[0xef][0xbf][0xbd][0xef][0xbf][0xbd]<[0x10][0x18][\r]O[0x13]cSX[0xef][0xbf][0xbd][0xef][0xbf][0xbd][0xef][0xbf][0xbd][0xef][0xbf][0xbd][0xef][0xbf][0xbd]^[0xef][0xbf][0xbd][0xef][0xbf][0xbd][0xef][0xbf][0xbd][0xef][0xbf][0xbd][0x1][0x3]y[0xef][0xbf][0xbd][0xef][0xbf][0xbd][0xef][0xbf][0xbd][0xef][0xbf][0xbd]][0xef][0xbf][0xbd][0xef][0xbf][0xbd][0xef][0xbf][0xbd][0xef][0xbf][0xbd][0xef][0xbf][0xbd]P[0x6][0x4][0xef][0xbf][0xbd]w(+[0xef][0xbf][0xbd][0xd2][0xae][0xdf][0xb9][0xef][0xbf][0xbd][0xef][0xbf][0xbd]6MI'/g>[0xef][0xbf][0xbd][0xef][0xbf][0xbd]N[0xef][0xbf][0xbd][0xef][0xbf][0xbd]t[0x8]m[0xde][0xa2][0xd4][0x96]G<1[0x3]p[0xef][0xbf][0xbd][0xd3][0xb2][0xef][0xbf][0xbd]~w[0xef][0xbf][0xbd]Or[0xef][0xbf][0xbd]U~D5yR[0xef][0xbf][0xbd][0xef][0xbf][0xbd][0x9][0xef][0xbf][0xbd][0xc5][0xad][0xef][0xbf][0xbd]S[0xf][0xef][0xbf][0xbd]m[0xef][0xbf][0xbd] U:[0xef][0xbf][0xbd]C[0xef][0xbf][0xbd][0xef][0xbf][0xbd]>[0xef][0xbf][0xbd][0xef][0xbf][0xbd][0x13][0xef][0xbf][0xbd]j[0xef][0xbf][0xbd]gq[0xd5][0x97]$[0x7][0x1c][0xef][0xbf][0xbd][\r][0xef][0xbf][0xbd][0xef][0xbf][0xbd]ea[0xef][0xbf][0xbd][0xef][0xbf][0xbd][0xef][0xbf][0xbd][0xef][0xbf][0xbd]V[0xef][0xbf][0xbd][\n]"
07:56:28.737 [main] DEBUG org.apache.http.wire -  >> "7[0xef][0xbf][0xbd][0xef][0xbf][0xbd]P:[0xef][0xbf][0xbd]Xo[0xc7][0xa0][0x17]n[0xef][0xbf][0xbd]g[0xef][0xbf][0xbd][0xef][0xbf][0xbd][0xef][0xbf][0xbd][0xef][0xbf][0xbd][0x18]K|[0xef][0xbf][0xbd][0xef][0xbf][0xbd]Zo[0xef][0xbf][0xbd]g[0xef][0xbf][0xbd]~[0xef][0xbf][0xbd][0xef][0xbf][0xbd][0xef][0xbf][0xbd]7[0xef][0xbf][0xbd]x[\r][0xef][0xbf][0xbd]M[0x2][0xef][0xbf][0xbd]%[0xef][0xbf][0xbd][0xef][0xbf][0xbd]([0xc2][0x8f]{[0xef][0xbf][0xbd][0x0][0xd8][0xb7][0xef][0xbf][0xbd][0xef][0xbf][0xbd]][0xef][0xbf][0xbd][0xef][0xbf][0xbd]7[0xef][0xbf][0xbd],[0xf][0xef][0xbf][0xbd][0xef][0xbf][0xbd]86Y[0xef][0xbf][0xbd]1[0xef][0xbf][0xbd]oY[0xef][0xbf][0xbd][0xef][0xbf][0xbd]u[0xef][0xbf][0xbd]'l[0xef][0xbf][0xbd][\r][0xef][0xbf][0xbd]>/V[0x2][0xef][0xbf][0xbd]r?[0x19][0xef][0xbf][0xbd][0xef][0xbf][0xbd][0xef][0xbf][0xbd]gh6[0xef][0xbf][0xbd]Q[0x7]|O[0xef][0xbf][0xbd]p:[0xef][0xbf][0xbd][0x1][0xb][0xef][0xbf][0xbd][0xef][0xbf][0xbd][0x14][0xef][0xbf][0xbd][0x1d][0xdd][0xb8][0xef][0xbf][0xbd]I+[0xef][0xbf][0xbd]t[0xef][0xbf][0xbd][0xef][0xbf][0xbd]S<}[0xef][0xbf][0xbd]a[0xef][0xbf][0xbd][0xef][0xbf][0xbd]/[\r]d_[0xef][0xbf][0xbd]Sd4S+[0xef][0xbf][0xbd][0xef][0xbf][0xbd][0xef][0xbf][0xbd][0x4][0xef][0xbf][0xbd]d[0xef][0xbf][0xbd]VH[0x7][0x10][0xef][0xbf][0xbd][0xef][0xbf][0xbd]6[0xef][0xbf][0xbd][0xdd][0xaa][0x10][0xef][0xbf][0xbd][0xef][0xbf][0xbd][0xcf][0xbf]l[0xef][0xbf][0xbd][0x17][0xd9][0x95]hm[0xef][0xbf][0xbd][0xef][0xbf][0xbd][0x19]FKb[0x1f][0xef][0xbf][0xbd][0xef][0xbf][0xbd]P^[0xef][0xbf][0xbd][0xef][0xbf][0xbd]9[0xef][0xbf][0xbd]87K[0xef][0xbf][0xbd]`[0xef][0xbf][0xbd]G&[0xef][0xbf][0xbd]fo[0xef][0xbf][0xbd][0xef][0xbf][0xbd]a[0xef][0xbf][0xbd][0xb]<[0xef][0xbf][0xbd][0xef][0xbf][0xbd]^[0xef][0xbf][0xbd][0xef][0xbf][0xbd]LPi[0x1][0xef][0xbf][0xbd][0xef][0xbf][0xbd][0xef][0xbf][0xbd][0xef][0xbf][0xbd]!S[0xda][0xbf]VM7[0xef][0xbf][0xbd][0xef][0xbf][0xbd]^[\r][0x7]"o[0xef][0xbf][0xbd][0xef][0xbf][0xbd][0xef][0xbf][0xbd][0xef][0xbf][0xbd]P[0xef][0xbf][0xbd][0xef][0xbf][0xbd]+a[0xef][0xbf][0xbd]5[0x1c]Hg[0xef][0xbf][0xbd][0xef][0xbf][0xbd]k[0xef][0xbf][0xbd][0xef][0xbf][0xbd][0xef][0xbf][0xbd][0xef][0xbf][0xbd]*[0xef][0xbf][0xbd][0xef][0xbf][0xbd]]k$[0xef][0xbf][0xbd][0x13][0xef][0xbf][0xbd]*[0xef][0xbf][0xbd]d5[0x10][0xef][0xbf][0xbd][0x0][0xef][0xbf][0xbd][0xef][0xbf][0xbd]#[0xef][0xbf][0xbd][0x16]c[0xef][0xbf][0xbd][0xef][0xbf][0xbd]X[0xef][0xbf][0xbd]V[0x7]8[0x18][0x16][0xef][0xbf][0xbd]{[0xf][0xef][0xbf][0xbd][0x14][0x10][0xef][0xbf][0xbd][0xef][0xbf][0xbd][0xef][0xbf][0xbd][0x18][0xef][0xbf][0xbd][0xef][0xbf][0xbd]?[0xef][0xbf][0xbd]a[0x7]0&d[0xef][0xbf][0xbd][0xef][0xbf][0xbd][0xef][0xbf][0xbd][0xef][0xbf][0xbd][0xef][0xbf][0xbd]y[0x2]O-[0xef][0xbf][0xbd][0xd6][0xad][0xef][0xbf][0xbd][0xef][0xbf][0xbd][0x0][0xef][0xbf][0xbd][0xef][0xbf][0xbd][0xef][0xbf][0xbd][0xef][0xbf][0xbd][0xef][0xbf][0xbd][0x17][0x0]C[0xef][0xbf][0xbd][0xef][0xbf][0xbd]h[0x10][0xef][0xbf][0xbd][0x10]?C[0xef][0xbf][0xbd])[0xc7][0x80][0x2][0xef][0xbf][0xbd]E[0xd0][0x9b]j[0xd0][0x89][0xef][0xbf][0xbd][0xef][0xbf][0xbd]0y[0x1e]C[0xef][0xbf][0xbd]m[0xef][0xbf][0xbd]Wes[0xd2][0xb4]=[0x5]<M[0xda][0xae][0xef][0xbf][0xbd][0xef][0xbf][0xbd]7[0xef][0xbf][0xbd]7H[0xef][0xbf][0xbd]V5}[0xef][0xbf][0xbd]f3[0xef][0xbf][0xbd][0xef][0xbf][0xbd][0xef][0xbf][0xbd][0xef][0xbf][0xbd]yy[0xef][0xbf][0xbd][0xef][0xbf][0xbd][0xdf][0xbd][0xef][0xbf][0xbd]c[0xef][0xbf][0xbd]C[0xef][0xbf][0xbd][0xef][0xbf][0xbd]o[0xef][0xbf][0xbd][0xef][0xbf][0xbd][0xef][0xbf][0xbd][0xef][0xbf][0xbd][0xef][0xbf][0xbd][0xc4][0xa5][0x18][0xef][0xbf][0xbd][0xef][0xbf][0xbd][0xef][0xbf][0xbd][0xef][0xbf][0xbd]Z[0xef][0xbf][0xbd][0x5][0xef][0xbf][0xbd][0xef][0xbf][0xbd]>[0xef][0xbf][0xbd][0xef][0xbf][0xbd][0xef][0xbf][0xbd]U][0xef][0xbf][0xbd][0xef][0xbf][0xbd][0xef][0xbf][0xbd][0xef][0xbf][0xbd][0xef][0xbf][0xbd][0xef][0xbf][0xbd][0xef][0xbf][0xbd][0xef][0xbf][0xbd][0x19]=[0xef][0xbf][0xbd]Q4[0xef][0xbf][0xbd]AJ[0xef][0xbf][0xbd][0xef][0xbf][0xbd][0xef][0xbf][0xbd][0x4]\[0xef][0xbf][0xbd][0x14][0xef][0xbf][0xbd][0xef][0xbf][0xbd][0x10][0xf]}[0xef][0xbf][0xbd][0xef][0xbf][0xbd][0xef][0xbf][0xbd]{[0xef][0xbf][0xbd]H[0xef][0xbf][0xbd]B[0xef][0xbf][0xbd][0x1][0xef][0xbf][0xbd]\A[0xef][0xbf][0xbd][0xe][0xef][0xbf][0xbd][0xef][0xbf][0xbd]lL[0xef][0xbf][0xbd][0xef][0xbf][0xbd][0xcf][0x86][0xef][0xbf][0xbd][0x18][0xef][0xbf][0xbd][0xca][0x92]S[0xef][0xbf][0xbd]d2[0xef][0xbf][0xbd][0xef][0xbf][0xbd]U[0xef][0xbf][0xbd]aM[0xef][0xbf][0xbd]Gc[0xef][0xbf][0xbd][0xef][0xbf][0xbd][0xb][0xef][0xbf][0xbd]u%Fs[0xef][0xbf][0xbd][0xef][0xbf][0xbd]u[0xd7][0x93][0xef][0xbf][0xbd]O[0xef][0xbf][0xbd]d[0xef][0xbf][0xbd][0x8][0x1][0xef][0xbf][0xbd][0xef][0xbf][0xbd][0xef][0xbf][0xbd]5[0x8]Rfy[0xef][0xbf][0xbd]8[0xc][0xef][0xbf][0xbd][0xef][0xbf][0xbd]m[0x1]'[0xef][0xbf][0xbd][0xef][0xbf][0xbd]xs[0xef][0xbf][0xbd]NW`[0xef][0xbf][0xbd][0xef][0xbf][0xbd][0xef][0xbf][0xbd][0xef][0xbf][0xbd][0xef][0xbf][0xbd][0xef][0xbf][0xbd]CL[0xef][0xbf][0xbd][0xef][0xbf][0xbd][[0xef][0xbf][0xbd]GM0+[0xef][0xbf][0xbd]ZDt[0xef][0xbf][0xbd]0[0x1][0xef][0xbf][0xbd][0xcd][0xab]gN[0xef][0xbf][0xbd]7[0xef][0xbf][0xbd][0xef][0xbf][0xbd]=[0xef][0xbf][0xbd]a[0x4]0[0xef][0xbf][0xbd][0x9][0xef][0xbf][0xbd][0xef][0xbf][0xbd][0xef][0xbf][0xbd][[0xef][0xbf][0xbd][0xef][0xbf][0xbd][0xef][0xbf][0xbd]v[0xef][0xbf][0xbd][0xef][0xbf][0xbd][0xef][0xbf][0xbd][0xef][0xbf][0xbd];x[0xef][0xbf][0xbd][0xef][0xbf][0xbd]6[0xef][0xbf][0xbd][0xef][0xbf][0xbd][0xef][0xbf][0xbd]w[0xef][0xbf][0xbd][0x12]F[0xef][0xbf][0xbd]![0xef][0xbf][0xbd][0xef][0xbf][0xbd]<0[0xef][0xbf][0xbd]D}n[0xef][0xbf][0xbd]V[0xef][0xbf][0xbd].B[0x1e][0xef][0xbf][0xbd][0xef][0xbf][0xbd][0x2][0xef][0xbf][0xbd]~L[0xef][0xbf][0xbd][0xef][0xbf][0xbd][0xef][0xbf][0xbd][0xef][0xbf][0xbd]C<[0x13][0xef][0xbf][0xbd][0x11][0xef][0xbf][0xbd][0xef][0xbf][0xbd][0x14])O0[0xef][0xbf][0xbd])[0xef][0xbf][0xbd][0xef][0xbf][0xbd][0xdc][0x82]c8[0xef][0xbf][0xbd][0xef][0xbf][0xbd]s#/o[0xef][0xbf][0xbd][0xef][0xbf][0xbd][0x7][0xef][0xbf][0xbd][0xef][0xbf][0xbd][0xef][0xbf][0xbd][0x1f][0xef][0xbf][0xbd][0xef][0xbf][0xbd][0xef][0xbf][0xbd][0xef][0xbf][0xbd]w[0xef][0xbf][0xbd][0xef][0xbf][0xbd][0x9]=[0xef][0xbf][0xbd]*[0xef][0xbf][0xbd],[0xef][0xbf][0xbd]FM[0xe5][0x96][0xb6][0x1][0x11]r[0xef][0xbf][0xbd]E[0xef][0xbf][0xbd][0xef][0xbf][0xbd][0xdf][0xba]4[0xef][0xbf][0xbd]nJ[0xef][0xbf][0xbd][0xef][0xbf][0xbd][0xef][0xbf][0xbd]=[0x14][0xef][0xbf][0xbd]S[0xef][0xbf][0xbd][0xef][0xbf][0xbd][0xef][0xbf][0xbd][0x2][0xef][0xbf][0xbd]+,11[0xef][0xbf][0xbd]j[0xef][0xbf][0xbd]#3[0xef][0xbf][0xbd][0xef][0xbf][0xbd]V[0xef][0xbf][0xbd]w[0xef][0xbf][0xbd][0xef][0xbf][0xbd]I[0x14]j[0xef][0xbf][0xbd][0x7][0xef][0xbf][0xbd]_[0x13][0x4]7[0xe][0xef][0xbf][0xbd][0xef][0xbf][0xbd][0x12][0x3][0xef][0xbf][0xbd][0x14]O[0xd3][0xa0])[0xef][0xbf][0xbd][0xef][0xbf][0xbd]~[0xef][0xbf][0xbd]h[0xef][0xbf][0xbd][0x5][0xef][0xbf][0xbd]RU[0xef][0xbf][0xbd][0xef][0xbf][0xbd]p[0xef][0xbf][0xbd]D[0xef][0xbf][0xbd]![0xef][0xbf][0xbd][0xef][0xbf][0xbd]r!E8[0x10][0xef][0xbf][0xbd][0xef][0xbf][0xbd][0x13]8[0x6]A[0xef][0xbf][0xbd]H[0x8][0xef][0xbf][0xbd]YY[0x7][0xce][0xad][0xef][0xbf][0xbd][0xef][0xbf][0xbd][0x17][\r]<[0xef][0xbf][0xbd]X[0xef][0xbf][0xbd][0x18][0x17]lJ6[0xef][0xbf][0xbd][0x1e][0xef][0xbf][0xbd][0xef][0xbf][0xbd][0xef][0xbf][0xbd]=-[0xef][0xbf][0xbd][0xef][0xbf][0xbd][0x16][0xef][0xbf][0xbd][0xef][0xbf][0xbd][0x1][0xef][0xbf][0xbd]h[0xef][0xbf][0xbd][0xef][0xbf][0xbd][0xef][0xbf][0xbd][0xef][0xbf][0xbd][0xef][0xbf][0xbd][0xef][0xbf][0xbd][0xef][0xbf][0xbd][0xef][0xbf][0xbd][0x0][0xef][0xbf][0xbd]7[0x1c]@[0xef][0xbf][0xbd][0xef][0xbf][0xbd]:[0xef][0xbf][0xbd][0xef][0xbf][0xbd]U[0xef][0xbf][0xbd]MP[0xb][0xef][0xbf][0xbd]{`[0xef][0xbf][0xbd][0xcf][0xbf][0xef][0xbf][0xbd][0xcd][0x8b][0x7][0xef][0xbf][0xbd][0xef][0xbf][0xbd][0xf][\r][0xef][0xbf][0xbd]yR[0xef][0xbf][0xbd]Y[0x4]?[0xef][0xbf][0xbd]h[0xef][0xbf][0xbd][0xc2][0x80][0xef][0xbf][0xbd]V[0xef][0xbf][0xbd].[0xef][0xbf][0xbd]~[0xef][0xbf][0xbd]M[0xef][0xbf][0xbd][0xef][0xbf][0xbd]/[0xef][0xbf][0xbd][0xef][0xbf][0xbd][0xef][0xbf][0xbd]G[0xef][0xbf][0xbd]wx8[0xef][0xbf][0xbd]'3x[0xef][0xbf][0xbd]G[0xef][0xbf][0xbd][0xef][0xbf][0xbd][0xc3][0xb7]&[0x12][0xef][0xbf][0xbd][0x1c][0xef][0xbf][0xbd][0xef][0xbf][0xbd][0xc][0xdc][0x80][0xd5][0x83][0x3]`w[0xef][0xbf][0xbd][0xef][0xbf][0xbd]Q[0xef][0xbf][0xbd]R[0xef][0xbf][0xbd]U_t[0xef][0xbf][0xbd][0x1e][0xb][0xef][0xbf][0xbd]M[0xef][0xbf][0xbd]G[0xef][0xbf][0xbd][0xef][0xbf][0xbd][0xef][0xbf][0xbd][0xef][0xbf][0xbd][0xef][0xbf][0xbd][0xef][0xbf][0xbd][0xef][0xbf][0xbd]}[0xef][0xbf][0xbd][0xef][0xbf][0xbd][0xef][0xbf][0xbd])oi[0xef][0xbf][0xbd]?L[0xef][0xbf][0xbd][0xef][0xbf][0xbd][0xef][0xbf][0xbd][0xef][0xbf][0xbd][0xef][0xbf][0xbd][0x19]J\[0x1d]%[0xef][0xbf][0xbd][0xd1][0x92]a[0xef][0xbf][0xbd]z)[0xef][0xbf][0xbd].[0x2][0xef][0xbf][0xbd]Eg]Z[0xef][0xbf][0xbd]f[0xef][0xbf][0xbd]ti%K[0xdc][0xa3]E[0x1f]b[0xef][0xbf][0xbd][0xef][0xbf][0xbd][0xef][0xbf][0xbd]WL[0xef][0xbf][0xbd][0x0][0xef][0xbf][0xbd][0xef][0xbf][0xbd]H[0x0][0xef][0xbf][0xbd]x[0xef][0xbf][0xbd][0xef][0xbf][0xbd][0xef][0xbf][0xbd][0xef][0xbf][0xbd][0xef][0xbf][0xbd][0x1e]Z[0xef][0xbf][0xbd]Spr[0xef][0xbf][0xbd]4g[0xe]=[\n]"
07:56:28.738 [main] DEBUG org.apache.http.wire -  >> "[0xd2][0x87][0xef][0xbf][0xbd][0xef][0xbf][0xbd][0xef][0xbf][0xbd]i[0xef][0xbf][0xbd]lR[0xef][0xbf][0xbd]z[0xef][0xbf][0xbd][0xef][0xbf][0xbd]t[0xef][0xbf][0xbd][0xef][0xbf][0xbd]G[0x10][0xef][0xbf][0xbd]w[0xef][0xbf][0xbd]$[0xef][0xbf][0xbd][0xef][0xbf][0xbd][0x1f][0xef][0xbf][0xbd]I[0xef][0xbf][0xbd][0xef][0xbf][0xbd][0xef][0xbf][0xbd][0xef][0xbf][0xbd];{2[0xef][0xbf][0xbd]([0xef][0xbf][0xbd][0xef][0xbf][0xbd]$[0xef][0xbf][0xbd]![0xf][0xef][0xbf][0xbd][0xef][0xbf][0xbd]C [0xef][0xbf][0xbd][0xf][0xef][0xbf][0xbd][0x4][0xef][0xbf][0xbd]PP[[0xef][0xbf][0xbd][0xef][0xbf][0xbd][0x11][0xef][0xbf][0xbd]<[0xef][0xbf][0xbd][0xef][0xbf][0xbd][0xef][0xbf][0xbd][0xef][0xbf][0xbd]99U[0xef][0xbf][0xbd][0xef][0xbf][0xbd][0x14]L[0xef][0xbf][0xbd][0xb][0xef][0xbf][0xbd]2[\r]d[0xef][0xbf][0xbd]G|[0x1][0xef][0xbf][0xbd][0xef][0xbf][0xbd][0xef][0xbf][0xbd][0xef][0xbf][0xbd][0xef][0xbf][0xbd][0xef][0xbf][0xbd]"[0xef][0xbf][0xbd][0xef][0xbf][0xbd]Fzf{[0xef][0xbf][0xbd][0xc2][0x9d][0xef][0xbf][0xbd]][0xe][0xef][0xbf][0xbd]s[0x1f][0xef][0xbf][0xbd]n[0xef][0xbf][0xbd][0xef][0xbf][0xbd]z[0xef][0xbf][0xbd][0xef][0xbf][0xbd][0xef][0xbf][0xbd][0xef][0xbf][0xbd][0xef][0xbf][0xbd][0xef][0xbf][0xbd][0xef][0xbf][0xbd][0xef][0xbf][0xbd][0x11][0xef][0xbf][0xbd][0xef][0xbf][0xbd][0x13][0xef][0xbf][0xbd]>[0xef][0xbf][0xbd][0xc4][0xb7][0x12][0xef][0xbf][0xbd][0xef][0xbf][0xbd]6[0xef][0xbf][0xbd][0x5][0xef][0xbf][0xbd][0xef][0xbf][0xbd][0xef][0xbf][0xbd][0xef][0xbf][0xbd]o[0xef][0xbf][0xbd];[0xef][0xbf][0xbd]~[0xef][0xbf][0xbd][0xef][0xbf][0xbd][0xef][0xbf][0xbd]q?U[0x1d][0xef][0xbf][0xbd][0xef][0xbf][0xbd]}3[0xef][0xbf][0xbd]#[0xef][0xbf][0xbd][0xef][0xbf][0xbd]o[0xef][0xbf][0xbd][0xef][0xbf][0xbd][0xef][0xbf][0xbd]g3Bfg[0xca][0x94]H[0xef][0xbf][0xbd]s[i[0xef][0xbf][0xbd]is'[0xef][0xbf][0xbd]/[0xc4][0xb2][0x1f][0xef][0xbf][0xbd][0xef][0xbf][0xbd][w[0xef][0xbf][0xbd][0xef][0xbf][0xbd]1[0xef][0xbf][0xbd]O8u.[0xef][0xbf][0xbd][0xef][0xbf][0xbd][0xef][0xbf][0xbd]?[0xef][0xbf][0xbd][0xef][0xbf][0xbd]i[0xc][0x5]s[0xef][0xbf][0xbd][0xef][0xbf][0xbd][0xef][0xbf][0xbd]{?[0xef][0xbf][0xbd]c[0xef][0xbf][0xbd][0xef][0xbf][0xbd][0x8]x[0x1a][0xef][0xbf][0xbd][0xef][0xbf][0xbd][0xef][0xbf][0xbd][0xef][0xbf][0xbd]S[0xef][0xbf][0xbd][0xef][0xbf][0xbd][0xef][0xbf][0xbd][0xcf][0x9c][0xef][0xbf][0xbd][0xef][0xbf][0xbd]h[0xef][0xbf][0xbd][0xef][0xbf][0xbd][S[0xef][0xbf][0xbd]%.$[0xf]*W[\n]"
07:56:28.738 [main] DEBUG org.apache.http.wire -  >> "[0xef][0xbf][0xbd]n|[0xef][0xbf][0xbd]P0h[0x4][0xef][0xbf][0xbd]9[0xef][0xbf][0xbd][0xc3][0xb4]Xd[0xef][0xbf][0xbd][0xef][0xbf][0xbd][0xef][0xbf][0xbd]g[0xef][0xbf][0xbd]]p3[0x8]dD[0x11]v[0xef][0xbf][0xbd]v[0xef][0xbf][0xbd][0xef][0xbf][0xbd][0xef][0xbf][0xbd]d[0xef][0xbf][0xbd][0x5][0xc2][0x91][0xef][0xbf][0xbd] ny[0xef][0xbf][0xbd]A[0xef][0xbf][0xbd]MEo[0xef][0xbf][0xbd]f[\r]S[0xef][0xbf][0xbd][0x15][0xef][0xbf][0xbd]<[0xef][0xbf][0xbd]@[0x15][0xef][0xbf][0xbd][0xef][0xbf][0xbd][0x1c][0xef][0xbf][0xbd]t[0xef][0xbf][0xbd][0x1b][0xef][0xbf][0xbd][0xef][0xbf][0xbd] [0x0][0xef][0xbf][0xbd]A[0xef][0xbf][0xbd]no[0xe2][0x86][0xa0]Z[0x17][0xef][0xbf][0xbd]"[0xef][0xbf][0xbd][0x18][0x14]u[0xef][0xbf][0xbd][0xb][0xd0][0x9a][0xef][0xbf][0xbd][0xef][0xbf][0xbd][0xef][0xbf][0xbd][0x1e]cQP[0xef][0xbf][0xbd]a[0xef][0xbf][0xbd][0xef][0xbf][0xbd][0x0]=[0x1a]<e[0xef][0xbf][0xbd][0x1c]@[0xef][0xbf][0xbd](c[0x1d][0xef][0xbf][0xbd][0xef][0xbf][0xbd]\[0x1b][0xef][0xbf][0xbd]Q2[0xef][0xbf][0xbd]B[0x9][0xef][0xbf][0xbd][0xef][0xbf][0xbd][0xe][0xef][0xbf][0xbd]d[0xef][0xbf][0xbd]e[0xef][0xbf][0xbd][0xef][0xbf][0xbd][0xef][0xbf][0xbd]a;[0x5][0xef][0xbf][0xbd]@[0xef][0xbf][0xbd][0x14][0x15][0xef][0xbf][0xbd][0xef][0xbf][0xbd][0xef][0xbf][0xbd][0x1f][0xef][0xbf][0xbd][0x14][0xef][0xbf][0xbd][0xef][0xbf][0xbd].[0xef][0xbf][0xbd][0xef][0xbf][0xbd][0x1][0xef][0xbf][0xbd][0xef][0xbf][0xbd][0xef][0xbf][0xbd]?{`[0xef][0xbf][0xbd]<[0xef][0xbf][0xbd][0xef][0xbf][0xbd][0x1][0xef][0xbf][0xbd]~[0xef][0xbf][0xbd][0xd6][0x8f][0xef][0xbf]"
07:56:28.738 [main] DEBUG org.apache.http.wire -  >> "[0xbd][0xef][0xbf][0xbd]<[0xef][0xbf][0xbd][0xef][0xbf][0xbd]Q[\n]"
07:56:28.739 [main] DEBUG org.apache.http.wire -  >> "[0xef][0xbf][0xbd][0xef][0xbf][0xbd]U[0xef][0xbf][0xbd][0xef][0xbf][0xbd][0xef][0xbf][0xbd][0x5][0xef][0xbf][0xbd][0xef][0xbf][0xbd][0xef][0xbf][0xbd][0x1][0xef][0xbf][0xbd]R[0xef][0xbf][0xbd][0xef][0xbf][0xbd]L[0xe9][0xa3][0xab][0xef][0xbf][0xbd][0xc]([0xda][0x88][0xef][0xbf][0xbd](2[0xef][0xbf][0xbd][0xef][0xbf][0xbd][0xef][0xbf][0xbd][0xef][0xbf][0xbd][0xef][0xbf][0xbd][0xef][0xbf][0xbd]7[0xef][0xbf][0xbd][0xef][0xbf][0xbd][0xef][0xbf][0xbd] [0xef][0xbf][0xbd][0xef][0xbf][0xbd]3[0xef][0xbf][0xbd]IRG[0xef][0xbf][0xbd]X9[0xef][0xbf][0xbd][0x3][0xef][0xbf][0xbd]5hc[0xef][0xbf][0xbd][0xef][0xbf][0xbd][0xf]:[0xef][0xbf][0xbd][0xef][0xbf][0xbd][0xef][0xbf][0xbd]$1[0xe7][0xbb][0xae]Y[0xef][0xbf][0xbd][0xef][0xbf][0xbd]u[0xef][0xbf][0xbd][0xef][0xbf][0xbd][0xef][0xbf][0xbd]U[0xef][0xbf][0xbd]%[0xef][0xbf][0xbd][0xef][0xbf][0xbd][0xef][0xbf][0xbd]9}[0xe9][0x9f][0xbd]r[0xef][0xbf][0xbd]d|[0xef][0xbf][0xbd][0xef][0xbf][0xbd][0xef][0xbf][0xbd][0xef][0xbf][0xbd][0xef][0xbf][0xbd]y[0xef][0xbf][0xbd][0xef][0xbf][0xbd]A[0xef][0xbf][0xbd]"[0xef][0xbf][0xbd][0xef][0xbf][0xbd].o6[0xef][0xbf][0xbd][0xef][0xbf][0xbd]][0xef][0xbf][0xbd]O[0x0]q[0xc5][0x8c][0xef][0xbf][0xbd][0xef][0xbf][0xbd]c[0xef][0xbf][0xbd]4[0xcf][0x8b]Y[0x19]`L[0x16]X[0xef][0xbf][0xbd]8[0xef][0xbf][0xbd][0xef][0xbf][0xbd]R@4a[0xef][0xbf][0xbd][0xef][0xbf][0xbd][0xef][0xbf][0xbd]76[0xef][0xbf][0xbd]9%[0xef][0xbf][0xbd]d[0xe7][0xb5][0x82][0xf][0xef][0xbf][0xbd][0x12][0xef][0xbf][0xbd]V[0xef][0xbf][0xbd]`[0xef][0xbf][0xbd]}#%[0x19][0xef][0xbf][0xbd]<[0xef][0xbf][0xbd][0xef][0xbf][0xbd]\[\n]"
07:56:28.739 [main] DEBUG org.apache.http.wire -  >> "[0x1b]0p[0xef][0xbf][0xbd]9[0x10] [0xef][0xbf][0xbd]xi0[0x17][0xef][0xbf][0xbd][0xd1][0xa1][0x1a][0xef][0xbf][0xbd]m[0xef][0xbf][0xbd][0xef][0xbf][0xbd]C[0xef][0xbf][0xbd][0xef][0xbf][0xbd]M[0xcf][0x86]7t[0xef][0xbf][0xbd][0xef][0xbf][0xbd][0x18]8[0xef][0xbf][0xbd]*[0xef][0xbf][0xbd][0xef][0xbf][0xbd]&`[0xdb][0xb4]v[0xef][0xbf][0xbd][0xef][0xbf][0xbd][0xef][0xbf][0xbd],[0x1d][0xef][0xbf][0xbd][0xef][0xbf][0xbd]ZbI[0xef][0xbf][0xbd]O[0xef][0xbf][0xbd][0x7][0xef][0xbf][0xbd]FhI:[0xef][0xbf][0xbd][0xef][0xbf][0xbd][0xef][0xbf][0xbd][0xef][0xbf][0xbd][0xd9][0x8b][0xef][0xbf][0xbd][0xef][0xbf][0xbd]R[0xef][0xbf][0xbd]R[0xef][0xbf][0xbd]F4&[0xef][0xbf][0xbd][0xd5][0xad]q[0x4][0xef][0xbf][0xbd]~[0xef][0xbf][0xbd]O[0xc6][0xae][0xb][0xef][0xbf][0xbd]v[0xef][0xbf][0xbd]|[0xef][0xbf][0xbd][0xef][0xbf][0xbd][0xef][0xbf][0xbd][0xef][0xbf][0xbd].[0x0][0xef][0xbf][0xbd][0xef][0xbf][0xbd]{`zZ[0xef][0xbf][0xbd][0xef][0xbf][0xbd][0xef][0xbf][0xbd][0xef][0xbf][0xbd]-1[0xef][0xbf][0xbd][0x1b]n[0xef][0xbf][0xbd][0xef][0xbf][0xbd][0xef][0xbf][0xbd][0xd1][0x9b][0x1b][0xef][0xbf][0xbd][0xef][0xbf][0xbd][0xef][0xbf][0xbd][0xef][0xbf][0xbd][0xef][0xbf][0xbd]s,[0xef][0xbf][0xbd]R[0xef][0xbf][0xbd][0x19][0xef][0xbf][0xbd][0xef][0xbf][0xbd][0xef][0xbf][0xbd]H[0xef][0xbf][0xbd][0xef][0xbf][0xbd][0x1a][0xef][0xbf][0xbd]+hO[0x9]b[0xef][0xbf][0xbd]wso[0xef][0xbf][0xbd][0x1b]RFQ[0xf]R[0xef][0xbf][0xbd]r[0x14]X[0x5][0x1a][0x16][0xef][0xbf][0xbd][0xef][0xbf][0xbd]{XFn[0xef][0xbf][0xbd]A0m[0xef][0xbf][0xbd][0x3][0xf][0xef][0xbf][0xbd][0x10]<[0xef][0xbf][0xbd][0xef][0xbf][0xbd][0xef][0xbf][0xbd][0xef][0xbf][0xbd][0x1f]c[0xef][0xbf][0xbd][0xef][0xbf][0xbd][0xef][0xbf][0xbd][0xef][0xbf][0xbd][0xef][0xbf][0xbd][0xef][0xbf][0xbd][0xef][0xbf][0xbd]?[0xef][0xbf][0xbd][0xef][0xbf][0xbd][0xef][0xbf][0xbd][0xef][0xbf][0xbd]=[0xc4][0xad]|[0xef][0xbf][0xbd]r[0xef][0xbf][0xbd][0xef][0xbf][0xbd]OD[0xef][0xbf][0xbd]pE[0xef][0xbf][0xbd]d[0xef][0xbf][0xbd][0xf]@4[0xef][0xbf][0xbd][0xdf][0x9f][0x5])[0xef][0xbf][0xbd][0xef][0xbf][0xbd]@[0xef][0xbf][0xbd]u[0xef][0xbf][0xbd]E[0xef][0xbf][0xbd][0xef][0xbf][0xbd][0xef][0xbf][0xbd]%[0xd7][0xba][0xef][0xbf][0xbd][0xef][0xbf][0xbd]Ccnjd[0xef][0xbf][0xbd][0xc5][0xac]zJ[0xef][0xbf][0xbd][0xef][0xbf][0xbd][0xef][0xbf][0xbd][0xef][0xbf][0xbd]:[0xef][0xbf][0xbd][0xef][0xbf][0xbd][0xef][0xbf][0xbd][0xef][0xbf][0xbd]V[0xef][0xbf][0xbd]}[0x13]q0[0xef][0xbf][0xbd]t}}[0xef][0xbf][0xbd][0xef][0xbf][0xbd][0xef][0xbf][0xbd][0xef][0xbf][0xbd])E[0xef][0xbf][0xbd][0xef][0xbf][0xbd][0xef][0xbf][0xbd][0x19]#&1[0xef][0xbf][0xbd]$][0xef][0xbf][0xbd][0xc][0xef][0xbf][0xbd]G[0xef][0xbf][0xbd]$[0x1f]:Aogo8[0xef][0xbf][0xbd][0xef][0xbf][0xbd][0xef][0xbf][0xbd]n]Y[0xef][0xbf][0xbd][0xef][0xbf][0xbd]3[0xe]s[0x5][0xef][0xbf][0xbd]N[0x2]qz[0xef][0xbf][0xbd][0xef][0xbf][0xbd]x[0xef][0xbf][0xbd][0x1a]Gb[0xef][0xbf][0xbd][0xef][0xbf][0xbd]M[0xef][0xbf][0xbd]0[0xef][0xbf][0xbd][0xef][0xbf][0xbd]@2[0xef][0xbf][0xbd][0xef][0xbf][0xbd][0xef][0xbf][0xbd][0xef][0xbf][0xbd][0xc7][0x81][0xef][0xbf][0xbd][0xef][0xbf][0xbd][0xef][0xbf][0xbd]U~[0xef][0xbf][0xbd]6[0xef][0xbf][0xbd][0xef][0xbf][0xbd][0xef][0xbf][0xbd] [0xef][0xbf][0xbd]Z[0xef][0xbf][0xbd]m[0xef][0xbf][0xbd][0xef][0xbf][0xbd][0x7][0xef][0xbf][0xbd][0x18]vF[0xef][0xbf][0xbd]g^[0xef][0xbf][0xbd]w[0xef][0xbf][0xbd][0x10][0xef][0xbf][0xbd]g[0x0][0xef][0xbf][0xbd][0xef][0xbf][0xbd]/[0xef][0xbf][0xbd][0xef][0xbf][0xbd][0xef][0xbf][0xbd]e[0x15]>5C[0xef][0xbf][0xbd][0xef][0xbf][0xbd]wR.[0xef][0xbf][0xbd][0xef][0xbf][0xbd][0xef][0xbf][0xbd][0xef][0xbf][0xbd]=[0xef][0xbf][0xbd]o[0xef][0xbf][0xbd]i[0xef][0xbf][0xbd][0xef][0xbf][0xbd][0xef][0xbf][0xbd][0xd5][0x82]afa[0x1f][0xef][0xbf][0xbd]+[0x10][0xef][0xbf][0xbd][0xef][0xbf][0xbd]_[0x1f]\[0xde][0x9d]p<-'L[0xef][0xbf][0xbd]+;5[0xef][0xbf][0xbd][0xef][0xbf][0xbd]U[0xef][0xbf][0xbd][0xef][0xbf][0xbd][0xef][0xbf][0xbd]6k,[0xef][0xbf][0xbd][0x3]+[0x1d]i;[0xef][0xbf][0xbd][0xef][0xbf][0xbd]?[0xef][0xbf][0xbd][0xef][0xbf][0xbd]*[0xef][0xbf][0xbd][0xef][0xbf][0xbd]y[0x5][0xef][0xbf][0xbd][0xef][0xbf][0xbd][0xc5][0xb3]q}[0xef][0xbf][0xbd]9[0x19]g[0xef][0xbf][0xbd]L?[0xc5][0xbd][0xef][0xbf][0xbd][0x3][0xef][0xbf][0xbd][0xef][0xbf][0xbd][0xef][0xbf][0xbd][0xef][0xbf][0xbd][0xef][0xbf][0xbd][0xef][0xbf][0xbd][0xb]o[0xef][0xbf][0xbd][0xef][0xbf][0xbd][0xef][0xbf][0xbd]0[0xef][0xbf][0xbd][0xef][0xbf][0xbd][0x1][0x11]z7zoo[0xef][0xbf][0xbd][0xd2][0x96][0xef][0xbf][0xbd].[0xef][0xbf][0xbd][0xef][0xbf][0xbd]>[0xef][0xbf][0xbd]{[0x14]Z@][0xef][0xbf][0xbd]n`[7DOz[0x4]R[0xc2][0x9e][0x12]o[0x16]=[0x16]@;[0x4]x[0xef][0xbf][0xbd][0xef][0xbf][0xbd]i[0xf][0xef][0xbf][0xbd]X[0xef][0xbf][0xbd]'[0x9][0xef][0xbf][0xbd][0xef][0xbf][0xbd][0xef][0xbf][0xbd][0xef][0xbf][0xbd][0xef][0xbf][0xbd]G[0xef][0xbf][0xbd]W%P[0xef][0xbf][0xbd][0xef][0xbf][0xbd]y[0xef][0xbf][0xbd][0xef][0xbf][0xbd]D[0x1d][0xef][0xbf][0xbd][0x3][0x1d][0xef][0xbf][0xbd]a[0xef][0xbf][0xbd][0xef][0xbf][0xbd][0xef][0xbf][0xbd][0xef][0xbf][0xbd]2sX[0xef][0xbf][0xbd][0xef][0xbf][0xbd][0xef][0xbf][0xbd][0xef][0xbf][0xbd][0xef][0xbf][0xbd]p7f[0xef][0xbf][0xbd]8e[0xef][0xbf][0xbd][0xef][0xbf][0xbd]KC[0xef][0xbf][0xbd].H[0xef][0xbf][0xbd][0xef][0xbf][0xbd]*[0xef][0xbf][0xbd][0x6][0x9][0xef][0xbf][0xbd][0x7][0xef][0xbf][0xbd][0xde][0x92]_0M[0xd6][0x81][0xef][0xbf][0xbd]$[0x1f]4[0xe5][0xb7][0xa3][0xef][0xbf][0xbd][0xef][0xbf][0xbd][0xef][0xbf][0xbd][0x1c][0xef][0xbf][0xbd][[0xc]5[0xef][0xbf][0xbd][0xef][0xbf][0xbd][0xb][0xef][0xbf][0xbd][0xef][0xbf][0xbd]hG[0xef][0xbf][0xbd]k[0xef][0xbf][0xbd]y}~{[0xb][0xef][0xbf][0xbd][0xef][0xbf][0xbd][0x10][0xef][0xbf][0xbd][0xef][0xbf][0xbd]g^[0xef][0xbf][0xbd][0xef][0xbf][0xbd][0xdf][0x9f][0x1b][0xef][0xbf][0xbd]/^[0xd7][0x8f][0xef][0xbf][0xbd][0xef][0xbf][0xbd][0xef][0xbf][0xbd]g[0xef][0xbf][0xbd] [0xef][0xbf][0xbd])`[0x7][0xef][0xbf][0xbd]'[0xef][0xbf][0xbd]'[0xef][0xbf][0xbd]o[0xe5][0x9d][0x95][0x1d][0xef][0xbf][0xbd]^[0xef][0xbf][0xbd][0x0][0xef][0xbf][0xbd][0x1b][0xef][0xbf][0xbd][0xef][0xbf][0xbd]:[0xef][0xbf][0xbd]'[0xef][0xbf][0xbd][0xef][0xbf][0xbd]1[0xec][0x92][0x86]Wm[0x1b][0xef][0xbf][0xbd][0x1e][0xef][0xbf][0xbd]y<*[0xef][0xbf][0xbd]5[0xef][0xbf][0xbd]r~[0xef][0xbf][0xbd][0xef][0xbf][0xbd][0x7][0xef][0xbf][0xbd][0xef][0xbf][0xbd][0x8][0xef][0xbf][0xbd][q[0x1a]V[0x6]m\1\[0xdd][0xac]P[0xef][0xbf][0xbd][0xef][0xbf][0xbd][0xef][0xbf][0xbd]}E[0xef][0xbf][0xbd][0xef][0xbf][0xbd][0xe][0xef][0xbf][0xbd]@g0[0xef][0xbf][0xbd][0xef][0xbf][0xbd]b[0xef][0xbf][0xbd][0xef][0xbf][0xbd]u[0xef][0xbf][0xbd]1[0xef][0xbf][0xbd][0xef][0xbf][0xbd][0xef][0xbf][0xbd][0xef][0xbf][0xbd];m[0xef][0xbf][0xbd]s[0x1f]?~{&[0xef][0xbf][0xbd][0xef][0xbf][0xbd]+[0xef][0xbf][0xbd]O[0x1b][0xef][0xbf][0xbd]l[0x6][0x14][0xef][0xbf][0xbd][0xef][0xbf][0xbd][0xef][0xbf][0xbd]/Z[0xef][0xbf][0xbd][0xef][0xbf][0xbd][0xef][0xbf][0xbd][0xef][0xbf][0xbd]N[0x10][0x1f][0xef][0xbf][0xbd]o[0xef][0xbf][0xbd][0xef][0xbf][0xbd][0xef][0xbf][0xbd],{[0xef][0xbf][0xbd]Z0[0xef][0xbf][0xbd][0xef][0xbf][0xbd][0xef][0xbf][0xbd][0xef][0xbf][0xbd]w[0xef][0xbf][0xbd]/[0xcc][0x8d]oS[\n]"
07:56:28.739 [main] DEBUG org.apache.http.wire -  >> "[0xd9][0xbf][0x10][0xef][0xbf][0xbd][0xef][0xbf][0xbd][0x18]9l(d[0xef][0xbf][0xbd]E[0xef][0xbf][0xbd]&9A[0xef][0xbf][0xbd][0xef][0xbf][0xbd]P[0xef][0xbf][0xbd][0xef][0xbf][0xbd]]eh?[0xef][0xbf][0xbd]AS[0xef][0xbf][0xbd][0x2][0x5][0xcd][0xb3][0x6]X[0xef][0xbf][0xbd][0xf][0xef][0xbf][0xbd]P[0xef][0xbf][0xbd]tR[0xef][0xbf][0xbd][0x2][0xef][0xbf][0xbd][0xc4][0xaf]*[0xef][0xbf][0xbd][0x7][0xca][0xa8][0xef][0xbf][0xbd][0xef][0xbf][0xbd][0x1]+[0x2][0xef][0xbf][0xbd][0xef][0xbf][0xbd]@[0xef][0xbf][0xbd][\r]r[0x10][0x1a][0xef][0xbf][0xbd][0x12][0xef][0xbf][0xbd][0xef][0xbf][0xbd]o}[0x0][0x6]I[0xef][0xbf][0xbd][0xef][0xbf][0xbd]L[0x19][\r][0xef][0xbf][0xbd][0xef][0xbf][0xbd][0x1b][0xef][0xbf][0xbd]d[0x9][0xef][0xbf][0xbd]M[0xef][0xbf][0xbd][0xef][0xbf][0xbd]e[0xef][0xbf][0xbd]rj[0xef][0xbf][0xbd]S1[0xef][0xbf][0xbd][0xef][0xbf][0xbd]Z[0xef][0xbf][0xbd]/%[0xe5][0x99][0xae]lf[0xef][0xbf][0xbd]:[0xe1][0x98][0xb5][0xef][0xbf][0xbd]1[0xef][0xbf][0xbd]5R[0xef][0xbf][0xbd][0xce][0x99][0x1f]6}[0xef][0xbf][0xbd]x[0xef][0xbf][0xbd][0xef][0xbf][0xbd]K[0xef][0xbf][0xbd][0xef][0xbf][0xbd][0xef][0xbf][0xbd][0xf][0xef][0xbf][0xbd][0x1e][0x16][0xef][0xbf][0xbd][0xb][0xef][0xbf][0xbd]q.$n[0xef][0xbf][0xbd][0xef][0xbf][0xbd]-o|[0xef][0xbf][0xbd];[0xef][0xbf][0xbd][0xef][0xbf][0xbd]?[0xef][0xbf][0xbd][0x16][0xef][0xbf][0xbd]|[0xef][0xbf][0xbd][0x1e]S[0xc6][0xb3]_[0xef][0xbf][0xbd]![0xef][0xbf][0xbd][0xef][0xbf][0xbd]L[0xef][0xbf][0xbd][0xef][0xbf][0xbd][0xc][0xef][0xbf][0xbd][0xef][0xbf][0xbd]1[0xef][0xbf][0xbd][0xef][0xbf][0xbd][0xe8][0xb4][0x9e][0xef][0xbf][0xbd][0xef][0xbf][0xbd][0xef][0xbf][0xbd]w<n[0xef][0xbf][0xbd][0x1d][0xef][0xbf][0xbd]'E[0xef][0xbf][0xbd][0xef][0xbf][0xbd][0xef][0xbf][0xbd][0xef][0xbf][0xbd][0xef][0xbf][0xbd][0x8][0xef][0xbf][0xbd]>[0xef][0xbf][0xbd][0xef][0xbf][0xbd][0xd6][0x8d][0x1b][0xef][0xbf][0xbd][0xef][0xbf][0xbd][0xef][0xbf][0xbd]K[0x1c][0xef][0xbf][0xbd][0xdb][0xbf]^[0x1f][0xef][0xbf][0xbd]>[0xef][0xbf][0xbd][0xef][0xbf][0xbd][0xd0][0x94]C[\r][0xdc][0xa5][0xef][0xbf][0xbd]Z[0x1f]?y[0xef][0xbf][0xbd]O[0xef][0xbf][0xbd]K[0xef][0xbf][0xbd]{[0x13][0xef][0xbf][0xbd]=[0xef][0xbf][0xbd][0xef][0xbf][0xbd]{[0xef][0xbf][0xbd][0xef][0xbf][0xbd][ya[0xef][0xbf][0xbd][0x17][0xef][0xbf][0xbd]^[0xd8][0x81][0xef][0xbf][0xbd][0x15]n[0xce][0x9e]k=[0xe][0xef][0xbf][0xbd]6l[0xef][0xbf][0xbd]B[0x1b][0xef][0xbf][0xbd][0x12][0x9]!S[0xef][0xbf][0xbd][0x0][0xe][0xef][0xbf][0xbd][0x19][0xef][0xbf][0xbd].[0x15][0x1f]X)[0x1c][0xc]-[0xef][0xbf][0xbd][0xef][0xbf][0xbd][0xef][0xbf][0xbd]4[0xef][0xbf][0xbd][0xef][0xbf][0xbd][0xef][0xbf][0xbd]=0[0xef][0xbf][0xbd]@[0xef][0xbf][0xbd][0xef][0xbf][0xbd][0xef][0xbf][0xbd][0xef][0xbf][0xbd]:[0xef][0xbf][0xbd]-.[0x6]u[0xef][0xbf][0xbd][0xef][0xbf][0xbd]![0x1a]K[0xef][0xbf][0xbd][0xef][0xbf][0xbd]\uj[0xef][0xbf][0xbd]7[0x18]/f[0xef][0xbf][0xbd][0x0]l[0xef][0xbf][0xbd]Cs[0x1d][\n]"
07:56:28.740 [main] DEBUG org.apache.http.wire -  >> "[0xef][0xbf][0xbd]dD[0xef][0xbf][0xbd][0xef][0xbf][0xbd].[0xef][0xbf][0xbd][0xef][0xbf][0xbd][0x19][0x17][0xef][0xbf][0xbd]p[0xef][0xbf][0xbd]S[0xef][0xbf][0xbd]$[0x10][0xef][0xbf][0xbd][0xef][0xbf][0xbd]*[0xef][0xbf][0xbd]}[0x1b][0x1b][0xef][0xbf][0xbd][0xef][0xbf][0xbd]JY[0xef][0xbf][0xbd]p[0xef][0xbf][0xbd][0xef][0xbf][0xbd]2[0xef][0xbf][0xbd][0x12][0x16][0xef][0xbf][0xbd]+[0xef][0xbf][0xbd][0x15][0x10]f[0x7][0x14][0xef][0xbf][0xbd][0xef][0xbf][0xbd][0xc7][0xba][0xef][0xbf][0xbd][0xef][0xbf][0xbd]O[0xef][0xbf][0xbd][0xef][0xbf][0xbd]E[0xef][0xbf][0xbd][0x15][0xef][0xbf][0xbd]X[0xef][0xbf][0xbd]i[0xef][0xbf][0xbd][\r][0xef][0xbf][0xbd][0xef][0xbf][0xbd]&[0xef][0xbf][0xbd][0xef][0xbf][0xbd][0xef][0xbf][0xbd]V[0x2][0xef][0xbf][0xbd]'~[0xef][0xbf][0xbd][0xef][0xbf][0xbd][0x12]Y[\r][0xef][0xbf][0xbd]*[0xef][0xbf][0xbd]~[0xef][0xbf][0xbd][0xef][0xbf][0xbd]W[0x10]o~[0xef][0xbf][0xbd][0xef][0xbf][0xbd]g[0xde][0xbb]g![0xef][0xbf][0xbd][0xef][0xbf][0xbd]u[0xef][0xbf][0xbd]V[0xde][0xa3][0xef][0xbf][0xbd][0xd7][0xbe][0xef][0xbf][0xbd]o[0xef][0xbf][0xbd][0xef][0xbf][0xbd][0xef][0xbf][0xbd][0xef][0xbf][0xbd][0xef][0xbf][0xbd][0xd7][0xbf][[0xef][0xbf][0xbd][0xef][0xbf][0xbd][0xef][0xbf][0xbd]u[0xef][0xbf][0xbd][0xe]1[0x1b]@V[0x13]3[0xef][0xbf][0xbd]`[0xe]M[0xef][0xbf][0xbd][0x15][0x1][0xef][0xbf][0xbd]?[0x1e]#[0xef][0xbf][0xbd]O[0xef][0xbf][0xbd])[0xc]`[0xef][0xbf][0xbd][0xef][0xbf][0xbd]b2P[0xef][0xbf][0xbd][0xef][0xbf][0xbd][0x2][0xef][0xbf][0xbd]?B[0x11]^[0x1e]:[0xef][0xbf][0xbd][0xef][0xbf][0xbd]^[0xef][0xbf][0xbd][0x1d][0xef][0xbf][0xbd][0xef][0xbf][0xbd]:5[0xef][0xbf][0xbd][0x0][0xef][0xbf][0xbd][0xef][0xbf][0xbd][0xef][0xbf][0xbd]18;[0xef][0xbf][0xbd][0xe8][0xb7][0x9f][0xef][0xbf][0xbd][0xef][0xbf][0xbd][0x3]j[0xef][0xbf][0xbd][0xef][0xbf][0xbd][0xef][0xbf][0xbd]v[0xef][0xbf][0xbd][0xef][0xbf][0xbd][0xef][0xbf][0xbd][0xef][0xbf][0xbd][0xef][0xbf][0xbd][0xef][0xbf][0xbd][0xef][0xbf][0xbd][0xef][0xbf][0xbd]p+w[0xef][0xbf][0xbd][0xef][0xbf][0xbd][0xef][0xbf][0xbd][0xef][0xbf][0xbd][0xef][0xbf][0xbd][0xef][0xbf][0xbd][0xef][0xbf][0xbd][0xef][0xbf][0xbd][0xb][0xef][0xbf][0xbd]?[0xef][0xbf][0xbd]y[0xef][0xbf][0xbd][0xef][0xbf][0xbd]zA]{[0x5][0x14][0xef][0xbf][0xbd]DJ2[0xef][0xbf][0xbd][0x13][0xef][0xbf][0xbd][0xef][0xbf][0xbd][0x2][0xe][0xef][0xbf][0xbd][0x14]c,[0xef][0xbf][0xbd]f[0xef][0xbf][0xbd][0xef][0xbf][0xbd][0x16][0xef][0xbf][0xbd][0xe]Ss[0xef][0xbf][0xbd][0xef][0xbf][0xbd][0xef][0xbf][0xbd][0x14]-9[0x16][0xef][0xbf][0xbd]RO_g[0x13][\r][0x1c]<(i[0xef][0xbf][0xbd][0xef][0xbf][0xbd][0xef][0xbf][0xbd][0xef][0xbf][0xbd][0x7]K[0xef][0xbf][0xbd][0xef][0xbf][0xbd]X[0xef][0xbf][0xbd][0xef][0xbf][0xbd][0xef][0xbf][0xbd][0xef][0xbf][0xbd][0xef][0xbf][0xbd][0xef][0xbf][0xbd][0xef][0xbf][0xbd]ZrA'[0xe7][0x8d][0xb7]E[0xef][0xbf][0xbd][0xc][0xef][0xbf][0xbd],[0xf][0xef][0xbf][0xbd]NK[0xef][0xbf][0xbd]P[0xe][0xef][0xbf][0xbd][0x15][0xef][0xbf][0xbd]n[0xe]C*[0xef][0xbf][0xbd][0xef][0xbf][0xbd][0xef][0xbf][0xbd][0xef][0xbf][0xbd][0xef][0xbf][0xbd]m[0xef][0xbf][0xbd]^[\n]"
07:56:28.740 [main] DEBUG org.apache.http.wire -  >> "[0xef][0xbf][0xbd][0xef][0xbf][0xbd][0xef][0xbf][0xbd][0xef][0xbf][0xbd]6[0xef][0xbf][0xbd]5k[0xef][0xbf][0xbd][0xef][0xbf][0xbd][0xef][0xbf][0xbd][0x1][0xef][0xbf][0xbd][0x16][0xef][0xbf][0xbd]E[0xef][0xbf][0xbd]m'[0xef][0xbf][0xbd]2[0x1c][0x0][0xef][0xbf][0xbd]u[0xef][0xbf][0xbd]^[0xef][0xbf][0xbd]0[0xef][0xbf][0xbd]a[0x1][0xef][0xbf][0xbd][0xef][0xbf][0xbd]u{[0x7][0xef][0xbf][0xbd][0xef][0xbf][0xbd]}[0xef][0xbf][0xbd]g_|[0xef][0xbf][0xbd][0xef][0xbf][0xbd][0xef][0xbf][0xbd][0xef][0xbf][0xbd][0x1c][0xef][0xbf][0xbd];c][0xef][0xbf][0xbd][0xef][0xbf][0xbd]G[0xef][0xbf][0xbd][0xef][0xbf][0xbd][0xef][0xbf][0xbd]'[0xef][0xbf][0xbd]M|[0xef][0xbf][0xbd][[0xef][0xbf][0xbd][0x1e][0xef][0xbf][0xbd][0xef][0xbf][0xbd])[0xef][0xbf][0xbd]h[0x1b]n'[0xef][0xbf][0xbd];u[0xef][0xbf][0xbd]Y[\r]yK[0xef][0xbf][0xbd]0[0x11]4[0xef][0xbf][0xbd][0x14][0xef][0xbf][0xbd][0xef][0xbf][0xbd][0xef][0xbf][0xbd][0xef][0xbf][0xbd]~}8[0xef][0xbf][0xbd][0xef][0xbf][0xbd][0x4][0xef][0xbf][0xbd][0xef][0xbf][0xbd][0xef][0xbf][0xbd]&:[0xef][0xbf][0xbd][0xd1][0x9b][0xef][0xbf][0xbd][0xef][0xbf][0xbd]-[0xef][0xbf][0xbd][0xef][0xbf][0xbd][0xef][0xbf][0xbd][0xef][0xbf][0xbd][0xef][0xbf][0xbd]/[0x16]c[0xef][0xbf][0xbd]?[0xef][0xbf][0xbd][0xef][0xbf][0xbd]Gc[0x1][0xef][0xbf][0xbd]>[0xef][0xbf][0xbd][0xef][0xbf][0xbd][0xea][0xbd][0x95]\[0xef][0xbf][0xbd][0x0]L[0xef][0xbf][0xbd][0xef][0xbf][0xbd][0xef][0xbf][0xbd]Cj[0x18][0xef][0xbf][0xbd][0xef][0xbf][0xbd][0xef][0xbf][0xbd][0xef][0xbf][0xbd][0xef][0xbf][0xbd][0xef][0xbf][0xbd]G[0xef][0xbf][0xbd]>[0xef][0xbf][0xbd]$~[0xef][0xbf][0xbd]O[\r][0xef][0xbf][0xbd]rU[0xef][0xbf][0xbd]W[0xc]`[0xef][0xbf][0xbd][0x2][0x14][0xef][0xbf][0xbd][0xef][0xbf][0xbd]w[0xef][0xbf][0xbd][0xd4][0xb6]f[0xef][0xbf][0xbd][0x1c]l[0xef][0xbf][0xbd][0xef][0xbf][0xbd][0xef][0xbf][0xbd][0xef][0xbf][0xbd][0xef][0xbf][0xbd]|[0x1]@n[0xef][0xbf][0xbd]j*[0xef][0xbf][0xbd]C[0x19]*@[0xdf][0x93][0xef][0xbf][0xbd]v,d[0xef][0xbf][0xbd]J*[0xef][0xbf][0xbd][0xef][0xbf][0xbd][0xef][0xbf][0xbd][0xef][0xbf][0xbd][0xef][0xbf][0xbd][0x3][0x1f][0x1d]U>Kb[0xef][0xbf][0xbd]4[0xef][0xbf][0xbd][0xef][0xbf][0xbd]X[0xef][0xbf][0xbd]P[0xef][0xbf][0xbd][0xef][0xbf][0xbd]l[0xef][0xbf][0xbd]R[0xef][0xbf][0xbd][0xef][0xbf][0xbd][0x0][0xef][0xbf][0xbd]HK[0xef][0xbf][0xbd][0xef][0xbf][0xbd][0x15]s[0xcc][0xb3][0xd1][0x86]w[0xef][0xbf][0xbd][0x7][0xef][0xbf][0xbd][0xef][0xbf][0xbd][0x14]/l[0xef][0xbf][0xbd][0xef][0xbf][0xbd][0xef][0xbf][0xbd]\[0xef][0xbf][0xbd]- >[0xef][0xbf][0xbd]3[0xc] [0xef][0xbf][0xbd][0xef][0xbf][0xbd]e[0x6][0xef][0xbf][0xbd][0xd1][0x87]#[0xc9][0xa1]4[0xef][0xbf][0xbd]Z{5[0xef][0xbf][0xbd][0xef][0xbf][0xbd][0xef][0xbf][0xbd][0xef][0xbf][0xbd]L[0xef][0xbf][0xbd][0x1f]Ke[0xef][0xbf][0xbd][0xd7][0x9c][0xef][0xbf][0xbd][0xe]e[0xef][0xbf][0xbd]R[0xef][0xbf][0xbd]t[0xef][0xbf][0xbd]IZ[0xef][0xbf][0xbd],'YcY[0x9][0x3][0xef][0xbf][0xbd][0xe][0xef][0xbf][0xbd][0xef][0xbf][0xbd][0xef][0xbf][0xbd][0xef][0xbf][0xbd]@[0x16][0x15]G[0xef][0xbf][0xbd]q[0xef][0xbf][0xbd][0xef][0xbf][0xbd][0xef][0xbf][0xbd][0x5][0xef][0xbf][0xbd][0xef][0xbf][0xbd][0xef][0xbf][0xbd][0xef][0xbf][0xbd][0xef][0xbf][0xbd]![0xef][0xbf][0xbd][0xef][0xbf][0xbd]G[0xcf][0xbd][0xef][0xbf][0xbd][0xef][0xbf][0xbd][0xef][0xbf][0xbd][0xef][0xbf][0xbd][0xef][0xbf][0xbd][0x0].[0xef][0xbf][0xbd][0xd5][0x94][0xef][0xbf][0xbd]gp[0xef][0xbf][0xbd]u[0xef][0xbf][0xbd]oe[0xef][0xbf][0xbd]6[0xef][0xbf][0xbd][0xef][0xbf][0xbd][0xef][0xbf][0xbd][0xef][0xbf][0xbd][0xef][0xbf][0xbd][0xef][0xbf][0xbd][0xef][0xbf][0xbd][0xb]c[0x1c]l/[0xb][0xef][0xbf][0xbd]^'[0xef][0xbf][0xbd][0xef][0xbf][0xbd]l[0x1b][0xef][0xbf][0xbd][0xef][0xbf][0xbd]j[0xc8][0x9a][0x3][0xef][0xbf][0xbd]G[0xef][0xbf][0xbd][0xef][0xbf][0xbd]=[0xef][0xbf][0xbd]A[0xef][0xbf][0xbd],{7[0xef][0xbf][0xbd][0xef][0xbf][0xbd]-[0xef][0xbf][0xbd]X[0x6],[0xef][0xbf][0xbd][0xef][0xbf][0xbd]+[0xef][0xbf][0xbd]?`[0xef][0xbf][0xbd][0xef][0xbf][0xbd][0x6][0x4]V[0xcf][0xae]O`[0xef][0xbf][0xbd]f[0xef][0xbf][0xbd][0xef][0xbf][0xbd]m3[0xef][0xbf][0xbd]z[0x16][0xef][0xbf][0xbd][0xef][0xbf][0xbd][0xef][0xbf][0xbd][0xef][0xbf][0xbd]t[0x1d][0xef][0xbf][0xbd][0xef][0xbf][0xbd][0xef][0xbf][0xbd][0xef][0xbf][0xbd][0xef][0xbf][0xbd]I([0xef][0xbf][0xbd][0xef][0xbf][0xbd][0xef][0xbf][0xbd][0xef][0xbf][0xbd][0xef][0xbf][0xbd][0xef][0xbf][0xbd]r[0xef][0xbf][0xbd][7[0xef][0xbf][0xbd][0xef][0xbf][0xbd][0xef][0xbf][0xbd][0xef][0xbf][0xbd][0xef][0xbf][0xbd][0xef][0xbf][0xbd][0xef][0xbf][0xbd]x[0xef][0xbf][0xbd][0xef][0xbf][0xbd][0xef][0xbf][0xbd][0xef][0xbf][0xbd]e[0xef][0xbf][0xbd][0xef][0xbf][0xbd][0xef][0xbf][0xbd][0xef][0xbf][0xbd][0xef][0xbf][0xbd]'M [0xef][0xbf][0xbd][0x1e][0xef][0xbf][0xbd]P[0xef][0xbf][0xbd][0xcb][0xb2][0xef][0xbf][0xbd][0x2]3[0xef][0xbf][0xbd][0xef][0xbf][0xbd][0x14][0x2]*ZK[0xef][0xbf][0xbd][0xef][0xbf][0xbd][0xef][0xbf][0xbd][0xef][0xbf][0xbd][0xef][0xbf][0xbd][0xe][0xef][0xbf][0xbd]R[0xef][0xbf][0xbd][0xc7][0x8b][0xef][0xbf][0xbd]t[0xef][0xbf][0xbd][0xef][0xbf][0xbd][0xe][0x17][0x1e]/[0xef][0xbf][0xbd][0xef][0xbf][0xbd][0xef][0xbf][0xbd][0xef][0xbf][0xbd]b[0xef][0xbf][0xbd]&[0xef][0xbf][0xbd]d[0x1e][0xef][0xbf][0xbd][0x16][0xef][0xbf][0xbd][0xef][0xbf][0xbd][0xef][0xbf][0xbd]Cd[0xef][0xbf][0xbd][0xef][0xbf][0xbd]'{[0xef][0xbf][0xbd]X[0x1b][0xef][0xbf][0xbd]s[0xef][0xbf][0xbd][0xef][0xbf][0xbd][0xef][0xbf][0xbd]8[0x19][0xef][0xbf][0xbd][0xef][0xbf][0xbd][0xef][0xbf][0xbd]K[0xef][0xbf][0xbd][0x17][0x5],[0xef][0xbf][0xbd]}[0xef][0xbf][0xbd]=Dy[0x6][0xef][0xbf][0xbd][0xef][0xbf][0xbd]A$K[0xd8][0x98][0xef][0xbf][0xbd][0x11][0x14]G]G#[0xef][0xbf][0xbd][0x18][0xef][0xbf][0xbd]tp[\r]7A[0xef][0xbf][0xbd][0xef][0xbf][0xbd]m[0xef][0xbf][0xbd]v[0xc][0xef][0xbf][0xbd],4[0xef][0xbf][0xbd][0xef][0xbf][0xbd][0x17][0xef][0xbf][0xbd][0xef][0xbf][0xbd]I[0xef][0xbf][0xbd]o[0xc6][0x9f][0xd9][0xad][0xef][0xbf][0xbd][0x1a][0xef][0xbf][0xbd][0x1][0xde][0xa9]f[0xef][0xbf][0xbd]G[0xef][0xbf][0xbd]2d[0xef][0xbf][0xbd][0xed][0x9a][0xb3][0xef][0xbf][0xbd][0xef][0xbf][0xbd]"
07:56:28.741 [main] DEBUG org.apache.http.wire -  >> "[0xef][0xbf][0xbd][0xef][0xbf][0xbd]n[0xef][0xbf][0xbd][0xef][0xbf][0xbd][0xef][0xbf][0xbd]7[0xef][0xbf][0xbd]>[0xd3][0x88][0xef][0xbf][0xbd][0xef][0xbf][0xbd]](|[0x4][0xd4][0xbd]{[0xef][0xbf][0xbd]~[0xef][0xbf][0xbd][0xef][0xbf][0xbd].[0xef][0xbf][0xbd][0x1b]e[0xef][0xbf][0xbd]>[0xef][0xbf][0xbd][0xef][0xbf][0xbd][0xef][0xbf][0xbd][0xef][0xbf][0xbd][0xef][0xbf][0xbd][0xef][0xbf][0xbd][0xef][0xbf][0xbd]M<[0xef][0xbf][0xbd][0xef][0xbf][0xbd]|v1o[0xef][0xbf][0xbd][0xef][0xbf][0xbd][0x3][0xef][0xbf][0xbd][0xef][0xbf][0xbd][0xe]t`[0xef][0xbf][0xbd][0x15]cU[0xef][0xbf][0xbd]~[0xef][0xbf][0xbd]U"[0xef][0xbf][0xbd]]bR}[0xef][0xbf][0xbd]a2[0xef][0xbf][0xbd][0xef][0xbf][0xbd][0x4][0xef][0xbf][0xbd][0xef][0xbf][0xbd][0xef][0xbf][0xbd][0xef][0xbf][0xbd][0xef][0xbf][0xbd][0xef][0xbf][0xbd]>[0xef][0xbf][0xbd]Q[0xef][0xbf][0xbd][0xef][0xbf][0xbd][0x16][0x8][0xef][0xbf][0xbd][0xef][0xbf][0xbd][0xef][0xbf][0xbd]`[0xca][0x8d][0xef][0xbf][0xbd][0xe0][0xa5][0x91][0xef][0xbf][0xbd][0x1b][0xef][0xbf][0xbd][0xef][0xbf][0xbd][0xef][0xbf][0xbd][0x19][0x1a][0xef][0xbf][0xbd][0x1f][0x10][0x1a]|}[0xef][0xbf][0xbd][0xef][0xbf][0xbd][0xef][0xbf][0xbd][0xc8][0x89][0xef][0xbf][0xbd]{}[0xef][0xbf][0xbd][0xdc][0x83][0xef][0xbf][0xbd][0xef][0xbf][0xbd]_[0xef][0xbf][0xbd][0xef][0xbf][0xbd][0xef][0xbf][0xbd][0xef][0xbf][0xbd]([0xef][0xbf][0xbd]?[0xef][0xbf][0xbd]>[0xef][0xbf][0xbd]A[0xef][0xbf][0xbd][0xef][0xbf][0xbd]d[0xef][0xbf][0xbd]Q[0xef][0xbf][0xbd][0xef][0xbf][0xbd][0xef][0xbf][0xbd]M[0xef][0xbf][0xbd][0xef][0xbf][0xbd]u[0xef][0xbf][0xbd][0xd2][0x86]N,[0xef][0xbf][0xbd][0x1f][0xef][0xbf][0xbd]+([0xb][0xef][0xbf][0xbd][0xef][0xbf][0xbd]-x[0xef][0xbf][0xbd]F[0x4][0x16]G[0xc5][0xa3][0xef][0xbf][0xbd][0xef][0xbf][0xbd]f[0xef][0xbf][0xbd]i[0xef][0xbf][0xbd]5?[0xef][0xbf][0xbd]Kv[0xef][0xbf][0xbd][0x0][0xef][0xbf][0xbd][0xef][0xbf][0xbd][0xef][0xbf][0xbd]X[0xef][0xbf][0xbd]I[0xef][0xbf][0xbd]AG[0xef][0xbf][0xbd][0xef][0xbf][0xbd]z[0xef][0xbf][0xbd]Ry[0xef][0xbf][0xbd][0xef][0xbf][0xbd]/-5[0xef][0xbf][0xbd][0xef][0xbf][0xbd]>l[0x7]K[0xef][0xbf][0xbd][0xef][0xbf][0xbd][0xef][0xbf][0xbd][0xef][0xbf][0xbd][0x1][0xc6][0xa4]0C[0xef][0xbf][0xbd][0xef][0xbf][0xbd][[0xef][0xbf][0xbd]@zC[0x10][0x1f]8[0xef][0xbf][0xbd]][0xef][0xbf][0xbd]=[0xef][0xbf][0xbd]o[0xef][0xbf][0xbd][0xef][0xbf][0xbd]<[0xef][0xbf][0xbd][0x3][0x5][0x3]0+[0xef][0xbf][0xbd][0xef][0xbf][0xbd]}[0xef][0xbf][0xbd][0xef][0xbf][0xbd]0[0xef][0xbf][0xbd][0xef][0xbf][0xbd][0xef][0xbf][0xbd]^^f[0xef][0xbf][0xbd][0xef][0xbf][0xbd]lG[0xef][0xbf][0xbd][0xef][0xbf][0xbd]Y[0xef][0xbf][0xbd]L[0x18][0xef][0xbf][0xbd]?q1[0xef][0xbf][0xbd]5[0xef][0xbf][0xbd][0xef][0xbf][0xbd][0xef][0xbf][0xbd][0xef][0xbf][0xbd][0xef][0xbf][0xbd][0xef][0xbf][0xbd]3[0xef][0xbf][0xbd][0xef][0xbf][0xbd][0xef][0xbf][0xbd][0x1f][0xef][0xbf][0xbd][0x1d][0xef][0xbf][0xbd][0xef][0xbf][0xbd])[0xef][0xbf][0xbd][0xde][0xaf][0xef][0xbf][0xbd][0xef][0xbf][0xbd][0xef][0xbf][0xbd][0xef][0xbf][0xbd][0xf][0xef][0xbf][0xbd]|wO[0xef][0xbf][0xbd][0xef][0xbf][0xbd]&[0xef][0xbf][0xbd][0xef][0xbf][0xbd][0xef][0xbf][0xbd]w1[0xef][0xbf][0xbd][0x1c][0xef][0xbf][0xbd][0xef][0xbf][0xbd]Xv [0xef][0xbf][0xbd](B[0xef][0xbf][0xbd]DX[0xef][0xbf][0xbd]+p[0xef][0xbf][0xbd]Cs[0x9]B.yBq[0xef][0xbf][0xbd][0x4][0x1e]|[0xef][0xbf][0xbd][0xef][0xbf][0xbd]1[0xc][0xef][0xbf][0xbd][0xd8][0x99]I[0xef][0xbf][0xbd][0xef][0xbf][0xbd][0xef][0xbf][0xbd][0xef][0xbf][0xbd][0xef][0xbf][0xbd]Ru[0x10]=u[0xef][0xbf][0xbd][0xef][0xbf][0xbd][0xef][0xbf][0xbd][0x15][0xef][0xbf][0xbd][0xef][0xbf][0xbd][0xec][0x80][0x86][0xd1][0x88]\[0xef][0xbf][0xbd][0xef][0xbf][0xbd][0xef][0xbf][0xbd]K[0xef][0xbf][0xbd]'#[0xde][0x92]^[0x1c]D]_[0xef][0xbf][0xbd][0xef][0xbf][0xbd][0xef][0xbf][0xbd][0xef][0xbf][0xbd]3l[0xef][0xbf][0xbd]:[0xef][0xbf][0xbd][0xef][0xbf][0xbd]K[0xef][0xbf][0xbd]~[0xef][0xbf][0xbd]_y[0x1][0xef][0xbf][0xbd][0xef][0xbf][0xbd][0xef][0xbf][0xbd][0xef][0xbf][0xbd]{[0xc4][0x80][0xef][0xbf][0xbd])[0xef][0xbf][0xbd][0xef][0xbf][0xbd]y[0x11][0xef][0xbf][0xbd]K[0xef][0xbf][0xbd][0xef][0xbf][0xbd][0xef][0xbf][0xbd]F[0xef][0xbf][0xbd]b@[0xef][0xbf][0xbd][0xef][0xbf][0xbd][0xef][0xbf][0xbd][0x13][0xef][0xbf][0xbd][0xef][0xbf][0xbd][0xef][0xbf][0xbd][0xef][0xbf][0xbd][0xef][0xbf][0xbd][0x16][0xef][0xbf][0xbd]t*[0xb][0xef][0xbf][0xbd][0xef][0xbf][0xbd][0xef][0xbf][0xbd]1[0xef][0xbf][0xbd]6[0xef][0xbf][0xbd][0xef][0xbf][0xbd]r[0xef][0xbf][0xbd],d[0xef][0xbf][0xbd][0x1]c[0x1]1[0xef][0xbf][0xbd]C[0xef][0xbf][0xbd][0xef][0xbf][0xbd]~Q[0xef][0xbf][0xbd]HD9[0xef][0xbf][0xbd][0x1e][0xef][0xbf][0xbd][0xef][0xbf][0xbd][\r][0xef][0xbf][0xbd][0xef][0xbf][0xbd][0xef][0xbf][0xbd][0xef][0xbf][0xbd]y[0xef][0xbf][0xbd][0xf][0xc]@[0xe]%[0xef][0xbf][0xbd][0xef][0xbf][0xbd][0xef][0xbf][0xbd]F[0xef][0xbf][0xbd][0xef][0xbf][0xbd][0xef][0xbf][0xbd]T[0xef][0xbf][0xbd][0xef][0xbf][0xbd]t[0xef][0xbf][0xbd][0xef][0xbf][0xbd][0xef][0xbf][0xbd]t[0xef][0xbf][0xbd]r[0xef][0xbf][0xbd]M|[0xef][0xbf][0xbd][0xef][0xbf][0xbd]r[0x14][0xef][0xbf][0xbd][0xef][0xbf][0xbd]4a4[0xef][0xbf][0xbd][0xef][0xbf][0xbd][0xef][0xbf][0xbd]=[0xef][0xbf][0xbd]%[0x17]mP[0xef][0xbf][0xbd][0xef][0xbf][0xbd][0xef][0xbf][0xbd]W[0xef][0xbf][0xbd][0xef][0xbf][0xbd]P[0xef][0xbf][0xbd][0xef][0xbf][0xbd]D?{[0xef][0xbf][0xbd][0x1b][0xef][0xbf][0xbd]M[0xef][0xbf][0xbd]3[0x5][0xef][0xbf][0xbd][0x9],[0xef][0xbf][0xbd]}1[0xef][0xbf][0xbd][0x18][0xef][0xbf][0xbd][0xef][0xbf][0xbd][0x17][0xef][0xbf][0xbd][0xef][0xbf][0xbd][0xef][0xbf][0xbd][0xef][0xbf][0xbd][0xef][0xbf][0xbd]h[0xef][0xbf][0xbd][0x16]|L[0xef][0xbf][0xbd]y'|#[0xef][0xbf][0xbd]x[0xef][0xbf][0xbd]q[0xef][0xbf][0xbd];[0xef][0xbf][0xbd][0xef][0xbf][0xbd][0x10][0x1c][0xef][0xbf][0xbd][0xef][0xbf][0xbd][0xef][0xbf][0xbd][0xef][0xbf][0xbd]<[0xef][0xbf][0xbd][0xef][0xbf][0xbd]#|[0xef][0xbf][0xbd][0xef][0xbf][0xbd][0xef][0xbf][0xbd]9[0xe][0xef][0xbf][0xbd][0x6][0xef][0xbf][0xbd]L[0x14][0xcb][0x86][0xef][0xbf][0xbd]A'[0x17][0xef][0xbf][0xbd][0x9]mb[0xef][0xbf][0xbd][0x18]][0xef][0xbf][0xbd][\r][0xc][0xef][0xbf][0xbd]=[0xef][0xbf][0xbd][0xef][0xbf][0xbd][0xef][0xbf][0xbd][0xef][0xbf][0xbd]0v[0xef][0xbf][0xbd][0xef][0xbf][0xbd][[0xef][0xbf][0xbd][0xef][0xbf][0xbd][0xef][0xbf][0xbd][0xc][0x1]J[0xef][0xbf][0xbd][0x11][0x12][0xef][0xbf][0xbd]Kvc[0xef][0xbf][0xbd][0xef][0xbf][0xbd][0xef][0xbf][0xbd][0xef][0xbf][0xbd][0xd9][0xb7][0xd5][0xa9][0xef][0xbf][0xbd][0xef][0xbf][0xbd][0xc]@[0x10][0xef][0xbf][0xbd][0xef][0xbf][0xbd]G[0xef][0xbf][0xbd]g^[0xef][0xbf][0xbd][0xef][0xbf][0xbd]|ZC[0xef][0xbf][0xbd][H[0x8]V[0xef][0xbf][0xbd]3[0xef][0xbf][0xbd][0xef][0xbf][0xbd][0xe][0xef][0xbf][0xbd][0xef][0xbf][0xbd][0xc6][0xa3][0xef][0xbf][0xbd][0x19][0xef][0xbf][0xbd][0xef][0xbf][0xbd][0xef][0xbf][0xbd][0x1c][0xef][0xbf][0xbd][0xef][0xbf][0xbd]<~[0xef][0xbf][0xbd][0xef][0xbf][0xbd]p[0xef][0xbf][0xbd][0xef][0xbf][0xbd]M[0xef][0xbf][0xbd]?[0xef][0xbf][0xbd]tI[0xef][0xbf][0xbd]t[0x1b]m[0xef][0xbf][0xbd][0xef][0xbf][0xbd]k[0xef][0xbf][0xbd][0xef][0xbf][0xbd][0xef][0xbf][0xbd][0xef][0xbf][0xbd][0xef][0xbf][0xbd]v[0xef][0xbf][0xbd]3[0xef][0xbf][0xbd][0xef][0xbf][0xbd]aZ[0x14][0xef][0xbf][0xbd][0xef][0xbf][0xbd]Lb [0xef][0xbf][0xbd][0x1f]+(B#[0xef][0xbf][0xbd][0xcf][0x86]r[0xdb][0xbf][0xef][0xbf][0xbd][0x1][0x1f]3[0xef][0xbf][0xbd][0xef][0xbf][0xbd][0xef][0xbf][0xbd]ic[0xcd][0xb5]}[0xef][0xbf][0xbd]#[0xef][0xbf][0xbd][0xef][0xbf][0xbd]J[0x18]D[0xef][0xbf][0xbd][0xef][0xbf][0xbd]u[0xef][0xbf][0xbd][0x1d]x[0xef][0xbf][0xbd][0x8]<}[0xef][0xbf][0xbd]6= [0xef][0xbf][0xbd][0xef][0xbf][0xbd][0xef][0xbf][0xbd][0xcd][0xb6][0x2][0xef][0xbf][0xbd][0xef][0xbf][0xbd][0xef][0xbf][0xbd][0x10][0xef][0xbf][0xbd][0x4][0xef][0xbf][0xbd][0xef][0xbf][0xbd]1[0xef][0xbf][0xbd]Y<[0xef][0xbf][0xbd]0[0xef][0xbf][0xbd][0xef][0xbf][0xbd]@hT[0xef][0xbf][0xbd];S[0xc8][0xad][0xef][0xbf][0xbd]Pj[0x3]e[0xef][0xbf][0xbd][0xef][0xbf][0xbd][0xef][0xbf][0xbd][0xc][0xef][0xbf][0xbd]Y J[0x11]Y[0xef][0xbf][0xbd][0x17]f[0xef][0xbf][0xbd][0xef][0xbf][0xbd]D[0x2][0xef][0xbf][0xbd][0xef][0xbf][0xbd][0xef][0xbf][0xbd][0x0]lYW`[0xef][0xbf][0xbd][0xef][0xbf][0xbd][0xef][0xbf][0xbd][0xef][0xbf][0xbd][0xef][0xbf][0xbd]{[0xef][0xbf][0xbd]?z[0xef][0xbf][0xbd][0xef][0xbf][0xbd]W[0xef][0xbf][0xbd][0xef][0xbf][0xbd][0xef][0xbf][0xbd]nh[0xef][0xbf][0xbd][0xef][0xbf][0xbd][0xd7][0x87][0xef][0xbf][0xbd]l[0xef][0xbf][0xbd][0xef][0xbf][0xbd]q[0xef][0xbf][0xbd][0xef][0xbf][0xbd][0xef][0xbf][0xbd][x[0xef][0xbf][0xbd]z[0xef][0xbf][0xbd]~[0xef][0xbf][0xbd][0x12][\r]_|[0xef][0xbf][0xbd]O@qRF[0xef][0xbf][0xbd][0x9]0h[0xef][0xbf][0xbd]Na[0xef][0xbf][0xbd][0xef][0xbf][0xbd][0xef][0xbf][0xbd][0xef][0xbf][0xbd][0xef][0xbf][0xbd]e[\r][0xef][0xbf][0xbd].[0xef][0xbf][0xbd]2[0x14][0x1b][0xef][0xbf][0xbd][0xef][0xbf][0xbd]?e[0xef][0xbf][0xbd][0x13][0xef][0xbf][0xbd][0xef][0xbf][0xbd]n[0xef][0xbf][0xbd][0xef][0xbf][0xbd][0x3][0xdf][0x9f][0xef][0xbf][0xbd][0xef][0xbf][0xbd]Y[0xef][0xbf][0xbd][0x8][0xef][0xbf][0xbd][0xef][0xbf][0xbd][0xef][0xbf][0xbd][0xef][0xbf][0xbd]S[0x1c][0xef][0xbf][0xbd][0xef][0xbf][0xbd]c[0xef][0xbf][0xbd]?[0xef][0xbf][0xbd]r?[0xef][0xbf][0xbd]R^f[0xef][0xbf][0xbd][0xef][0xbf][0xbd][0x0][0xef][0xbf][0xbd][0xef][0xbf][0xbd]\[0x19][0xef][0xbf][0xbd]<[0xe]2d[0xe9][0x9b][0xa1][0xef][0xbf][0xbd][0xef][0xbf][0xbd]c[0xef][0xbf][0xbd][0x13][0xef][0xbf][0xbd]N[0xef][0xbf][0xbd][0xef][0xbf][0xbd][0xef][0xbf][0xbd]#[0xef][0xbf][0xbd][0xd3][0xb8][0xef][0xbf][0xbd][0xef][0xbf][0xbd][0xef][0xbf][0xbd]?[0xef][0xbf][0xbd][0xc6][0x8f][0x13][0xef][0xbf][0xbd][0xef][0xbf][0xbd][0xef][0xbf][0xbd]][0xef][0xbf][0xbd]/:[0xef][0xbf][0xbd][0xc5][0x8a][0x0][0xef][0xbf][0xbd]O#[0x1a][0x11]c[0xc][0xef][0xbf][0xbd][0xef][0xbf][0xbd][0xef][0xbf][0xbd]l[0xef][0xbf][0xbd]j[0xef][0xbf][0xbd]'z[0xef][0xbf][0xbd][0xef][0xbf][0xbd][\n]"
07:56:28.742 [main] DEBUG org.apache.http.wire -  >> "O[0x2][0xef][0xbf][0xbd]%[0x11][0xef][0xbf][0xbd][0xef][0xbf][0xbd][0xef][0xbf][0xbd][0xef][0xbf][0xbd][0xef][0xbf][0xbd]X[0x19][0xef][0xbf][0xbd][0xef][0xbf][0xbd]Q[0xef][0xbf][0xbd][0xef][0xbf][0xbd]8[0x1c][0xef][0xbf][0xbd][0xef][0xbf][0xbd][0x14][0xef][0xbf][0xbd][0x1d][0x10][0xef][0xbf][0xbd][0xef][0xbf][0xbd][0xc4][0x93]4([0xef][0xbf][0xbd][0xef][0xbf][0xbd]cDX[0x12]@[0x6]u[0xdb][0xb2][0x14]U[0xef][0xbf][0xbd]op[0xef][0xbf][0xbd]:[0xef][0xbf][0xbd]qqe[0xef][0xbf][0xbd][0xc9][0x8d][0xef][0xbf][0xbd][0xef][0xbf][0xbd][0xf][0xef][0xbf][0xbd][0x1f]zto][0xef][0xbf][0xbd]^[0xef][0xbf][0xbd]1sQ[0xef][0xbf][0xbd][0xef][0xbf][0xbd][0xef][0xbf][0xbd][0xef][0xbf][0xbd][0xc][0x1b][0x1d][0x1e][0xef][0xbf][0xbd]e`k[0xef][0xbf][0xbd][0xef][0xbf][0xbd][0xef][0xbf][0xbd]3[0xef][0xbf][0xbd]KV[0x11]p[0xef][0xbf][0xbd][0xef][0xbf][0xbd][0xef][0xbf][0xbd][0xef][0xbf][0xbd]`;[0xef][0xbf][0xbd]H[0xef][0xbf][0xbd]s[0xef][0xbf][0xbd][0xef][0xbf][0xbd][0xef][0xbf][0xbd][0xef][0xbf][0xbd][0xef][0xbf][0xbd]_}[0xef][0xbf][0xbd][0x11]u[0xef][0xbf][0xbd][0xd7][0xbd]{[0xef][0xbf][0xbd][\n]"
07:56:28.745 [main] DEBUG org.apache.http.wire -  >> "[0xef][0xbf][0xbd][0xef][0xbf][0xbd][0xef][0xbf][0xbd][0xef][0xbf][0xbd][0xef][0xbf][0xbd].[0xef][0xbf][0xbd][0xef][0xbf][0xbd][0xef][0xbf][0xbd]7[0xef][0xbf][0xbd][0xef][0xbf][0xbd][0xef][0xbf][0xbd]=+q[0xcc][0x9d][0x18]%[0x1f][0x3][0x18]T[0x5][0xef][0xbf][0xbd][0xef][0xbf][0xbd][0xef][0xbf][0xbd][0xef][0xbf][0xbd][0xef][0xbf][0xbd]E[0xef][0xbf][0xbd][0xef][0xbf][0xbd]3d9O+[0xdc][0x96][0x4]K[0xef][0xbf][0xbd][0xef][0xbf][0xbd][0xef][0xbf][0xbd][0xef][0xbf][0xbd];[0xef][0xbf][0xbd][0x1f][0xef][0xbf][0xbd][0xef][0xbf][0xbd]f[0xef][0xbf][0xbd][0xef][0xbf][0xbd][0x5][0x1c][0xc]M/[0x5][0xef][0xbf][0xbd]a[0xef][0xbf][0xbd]N[0xef][0xbf][0xbd]:\F[0xef][0xbf][0xbd]>KcY[0xe][0xcd][0x98][0xef][0xbf][0xbd][0x4][0x2]Q[0xef][0xbf][0xbd][0xef][0xbf][0xbd][0xef][0xbf][0xbd][0xef][0xbf][0xbd],[0x0][0xef][0xbf][0xbd][0xef][0xbf][0xbd][0x0]Vo[0x5]b[0xef][0xbf][0xbd][0xef][0xbf][0xbd]S[0xef][0xbf][0xbd][0xef][0xbf][0xbd][0xef][0xbf][0xbd][0xef][0xbf][0xbd][0xef][0xbf][0xbd]vK[0xc9][0xaf][0x12]?[0xef][0xbf][0xbd]w[0xef][0xbf][0xbd][0xef][0xbf][0xbd][0xef][0xbf][0xbd] [0xef][0xbf][0xbd][0x1f][0xef][0xbf][0xbd][0xef][0xbf][0xbd]0[0xef][0xbf][0xbd]~,rX[0x18][0xef][0xbf][0xbd][0xef][0xbf][0xbd][0xef][0xbf][0xbd].[0x1d][0xef][0xbf][0xbd]\>h[0x0][0xef][0xbf][0xbd]5[0xef][0xbf][0xbd][0xef][0xbf][0xbd]{[0xef][0xbf][0xbd]]n8<[0x19]X,Jt[0xef][0xbf][0xbd][0xef][0xbf][0xbd][0xef][0xbf][0xbd]\[0xef][0xbf][0xbd][0xef][0xbf][0xbd]5[0xef][0xbf][0xbd][0xef][0xbf][0xbd][0xd9][0x8c][0xef][0xbf][0xbd]y[0xef][0xbf][0xbd]xT[0xef][0xbf][0xbd][0xef][0xbf][0xbd][0xef][0xbf][0xbd][0x1f][0xef][0xbf][0xbd][0xef][0xbf][0xbd][0xef][0xbf][0xbd][[0xef][0xbf][0xbd]I[0x9][0xb][0xef][0xbf][0xbd][0xef][0xbf][0xbd]|[\r]MY[0xef][0xbf][0xbd]Q[0xef][0xbf][0xbd][0xef][0xbf][0xbd][0xef][0xbf][0xbd][0xef][0xbf][0xbd][0xef][0xbf][0xbd]kZCf[0xef][0xbf][0xbd][0xef][0xbf][0xbd][0x11]0q[0xef][0xbf][0xbd][0xef][0xbf][0xbd][0xc8][0x90][0xef][0xbf][0xbd]K[0xef][0xbf][0xbd]0I;[0xef][0xbf][0xbd]:p[0xef][0xbf][0xbd])M[0xef][0xbf][0xbd][0xef][0xbf][0xbd]U[0xef][0xbf][0xbd][0xef][0xbf][0xbd]j[0xef][0xbf][0xbd][0x1e]T[0xb][0xef][0xbf][0xbd]:[0xef][0xbf][0xbd]f[0xda][0xb1][0x1d]oC[0xef][0xbf][0xbd]J[0xef][0xbf][0xbd][0xef][0xbf][0xbd][0xef][0xbf][0xbd]A[0xee][0xaf][0x9e][0xef][0xbf][0xbd]>[0xef][0xbf][0xbd][0xc6][0xa3][0xef][0xbf][0xbd][0xef][0xbf][0xbd][0xef][0xbf][0xbd][0xef][0xbf][0xbd]E[0xef][0xbf][0xbd][0xef][0xbf][0xbd]6[0xef][0xbf][0xbd][0xef][0xbf][0xbd][0xf]Ey[0xef][0xbf][0xbd][0xef][0xbf][0xbd][0xef][0xbf][0xbd][0xef][0xbf][0xbd][g[0x0][0xef][0xbf][0xbd][0xef][0xbf][0xbd][0xef][0xbf][0xbd]@C[0xef][0xbf][0xbd]4[0xef][0xbf][0xbd]w[0xef][0xbf][0xbd]q.[0x1a]r[0xef][0xbf][0xbd][0xef][0xbf][0xbd][0x1e][0x3]*U[0xef][0xbf][0xbd][0xe]%[0xef][0xbf][0xbd]7=[0xef][0xbf][0xbd][0xc6][0x80][0xef][0xbf][0xbd][0x16][0xef][0xbf][0xbd][0xef][0xbf][0xbd]s)[0xef][0xbf][0xbd][0xd3][0x80][0x1a][0xf][0xef][0xbf][0xbd][0xef][0xbf][0xbd][0xef][0xbf][0xbd]6u[0xef][0xbf][0xbd][0xe7][0x98][0x96][0xef][0xbf][0xbd][0xef][0xbf][0xbd][0xef][0xbf][0xbd][0xef][0xbf][0xbd][0xcb][0x94][0xef][0xbf][0xbd][0xef][0xbf][0xbd][0xef][0xbf][0xbd]UB[0xef][0xbf][0xbd][0x1c]7[0xef][0xbf][0xbd][0xef][0xbf][0xbd]8[0xef][0xbf][0xbd]z*[0xc8][0xb9][0xef][0xbf][0xbd])L[0xef][0xbf][0xbd][0x14][0xb][\n]"
07:56:28.746 [main] DEBUG org.apache.http.wire -  >> "^[0xef][0xbf][0xbd][0xef][0xbf][0xbd][0xcc][0xbb][0xef][0xbf][0xbd][0xef][0xbf][0xbd][0x11];;[0xef][0xbf][0xbd][0xef][0xbf][0xbd][0xef][0xbf][0xbd]#[0xef][0xbf][0xbd]j'[0xef][0xbf][0xbd][0xef][0xbf][0xbd]G[0xef][0xbf][0xbd]>qK[0xef][0xbf][0xbd][0xef][0xbf][0xbd]N-Zl[0xca][0xad][0xef][0xbf][0xbd][0xef][0xbf][0xbd]d[0xef][0xbf][0xbd][0xef][0xbf][0xbd][0xef][0xbf][0xbd]g1V[0xef][0xbf][0xbd][0xef][0xbf][0xbd][0x15]v\Y[0xef][0xbf][0xbd]IW[0xef][0xbf][0xbd][0xef][0xbf][0xbd]![0x1e][0xef][0xbf][0xbd]v[0xef][0xbf][0xbd]h[0xef][0xbf][0xbd][0xef][0xbf][0xbd][0xf]-&#[0x1a]L[0xc7][0x82]:[[0x1e]A984[0xef][0xbf][0xbd][0x1a][0xef][0xbf][0xbd]k[0xef][0xbf][0xbd][0xef][0xbf][0xbd][\n]"
07:56:28.746 [main] DEBUG org.apache.http.wire -  >> "[0xef][0xbf][0xbd][0xef][0xbf][0xbd]|[0xef][0xbf][0xbd][0xef][0xbf][0xbd][0xef][0xbf][0xbd][0xef][0xbf][0xbd]D[0xc]@5[0xef][0xbf][0xbd]q[0xef][0xbf][0xbd][0xef][0xbf][0xbd][0xef][0xbf][0xbd]U[0xef][0xbf][0xbd][0x14][0x1d][0xef][0xbf][0xbd][0xef][0xbf][0xbd][0x13][0xef][0xbf][0xbd][0xef][0xbf][0xbd][0x13]][0xef][0xbf][0xbd][0x1e]w[0xef][0xbf][0xbd]8[0xef][0xbf][0xbd][0xef][0xbf][0xbd]|z[0x1d][0xef][0xbf][0xbd][0xef][0xbf][0xbd]{[0xef][0xbf][0xbd]^[0xef][0xbf][0xbd][0xef][0xbf][0xbd]>`[0xef][0xbf][0xbd]T[0xef][0xbf][0xbd]>[0xef][0xbf][0xbd][0xef][0xbf][0xbd]18I[0xef][0xbf][0xbd][0xef][0xbf][0xbd][0xef][0xbf][0xbd]2[0xef][0xbf][0xbd][0xef][0xbf][0xbd][0xef][0xbf][0xbd]6Z[0xef][0xbf][0xbd]T[0xef][0xbf][0xbd]<[0xcd][0xbd][0xef][0xbf][0xbd][0xef][0xbf][0xbd][0xef][0xbf][0xbd][0x17][0xef][0xbf][0xbd][0x3]Z[0xef][0xbf][0xbd][0xef][0xbf][0xbd][0xef][0xbf][0xbd][0xef][0xbf][0xbd][0xef][0xbf][0xbd]![0x1e][0xef][0xbf][0xbd]x[0xef][0xbf][0xbd][0xef][0xbf][0xbd]g[0xef][0xbf][0xbd];[0xef][0xbf][0xbd][0xef][0xbf][0xbd]m[0xef][0xbf][0xbd][0xef][0xbf][0xbd]O[0xef][0xbf][0xbd]|[0xef][0xbf][0xbd][0xef][0xbf][0xbd][0xef][0xbf][0xbd]_[0xef][0xbf][0xbd][0xef][0xbf][0xbd]~[\r][0xef][0xbf][0xbd]l[0xef][0xbf][0xbd][0xf]U[0xef][0xbf][0xbd][0xd0][0x88]o[0xef][0xbf][0xbd][0xef][0xbf][0xbd]?[0xef][0xbf][0xbd]k[0xef][0xbf][0xbd][0xef][0xbf][0xbd][[0xef][0xbf][0xbd][0xef][0xbf][0xbd]t4[0x4]Yh[0xef][0xbf][0xbd][0xef][0xbf][0xbd][0x3][0xef][0xbf][0xbd][0xef][0xbf][0xbd][0xef][0xbf][0xbd][0xef][0xbf][0xbd])[0x19]![0xef][0xbf][0xbd]E[0xde][0x8c][0xef][0xbf][0xbd][0xc9][0xa2]:[0xef][0xbf][0xbd]Lw[0xef][0xbf][0xbd][0xef][0xbf][0xbd][0xd7][0xb3]R[0xef][0xbf][0xbd][0xcb][0x95]k][0x14][0xef][0xbf][0xbd]!Z[0xef][0xbf][0xbd][0xef][0xbf][0xbd][0xef][0xbf][0xbd][0xef][0xbf][0xbd][0xef][0xbf][0xbd]z[0xef][0xbf][0xbd][0x4]_^[0xef][0xbf][0xbd][0x7]O([0xef][0xbf][0xbd]#[0xef][0xbf][0xbd]d<[0xef][0xbf][0xbd]P[0xef][0xbf][0xbd][0xef][0xbf][0xbd]7[0xef][0xbf][0xbd][0xef][0xbf][0xbd][0xef][0xbf][0xbd][0xef][0xbf][0xbd]Fi[0xef][0xbf][0xbd]V[0xef][0xbf][0xbd]+5(J[0xef][0xbf][0xbd][0xe][0xef][0xbf][0xbd]}[0xce][0xad]=[0x1d]S3[0x10][[0xef][0xbf][0xbd][0xef][0xbf][0xbd][0xef][0xbf][0xbd][0xef][0xbf][0xbd][0xef][0xbf][0xbd]bdY<2Q[0xef][0xbf][0xbd][0x1e][0x1d][0xef][0xbf][0xbd][0xef][0xbf][0xbd][0xef][0xbf][0xbd]%[0x13]f][0x1c][0xef][0xbf][0xbd][0xef][0xbf][0xbd]+[0xef][0xbf][0xbd]wm[0xef][0xbf][0xbd],[0x1c][0xef][0xbf][0xbd][0xef][0xbf][0xbd]"[0xef][0xbf][0xbd][0xef][0xbf][0xbd]5[0xef][0xbf][0xbd]4[0xef][0xbf][0xbd][0xef][0xbf][0xbd]}[0xef][0xbf][0xbd][0x1e]c[0x1a][0xef][0xbf][0xbd][0xef][0xbf][0xbd][0xef][0xbf][0xbd][0xef][0xbf][0xbd]zN#=[0xef][0xbf][0xbd][0xef][0xbf][0xbd]Z.Te[0xef][0xbf][0xbd]-d\[0xef][0xbf][0xbd][0x1b],79[0xef][0xb2][0x99][0xef][0xbf][0xbd]v[0xef][0xbf][0xbd]8*[0xef][0xbf][0xbd][0x4][0x16][0xef][0xbf][0xbd][0xef][0xbf][0xbd]Qp[0xef][0xbf][0xbd]9[0x1d]-6[0xef][0xbf][0xbd]8\/[0xef][0xbf][0xbd][0xc8][0xbb][0xef][0xbf][0xbd]~X21^[0x1f][0xef][0xbf][0xbd]d[0xef][0xbf][0xbd]_[0xef][0xbf][0xbd][0xef][0xbf][0xbd]gYA[\n]"
07:56:28.746 [main] DEBUG org.apache.http.wire -  >> ".[0xef][0xbf][0xbd]\[\r][0x10][0x19]8bcP[0xef][0xbf][0xbd][0xef][0xbf][0xbd]L[\n]"
07:56:28.746 [main] DEBUG org.apache.http.wire -  >> "4.75#[0xef][0xbf][0xbd]}[0xef][0xbf][0xbd][0xef][0xbf][0xbd]~{[0xef][0xbf][0xbd][0x1c]z[0xef][0xbf][0xbd][0xc6][0xbd]8{_[0xef][0xbf][0xbd][0xef][0xbf][0xbd][0xef][0xbf][0xbd]?[0xef][0xbf][0xbd][0xef][0xbf][0xbd][0xef][0xbf][0xbd]-[0xef][0xbf][0xbd][0xef][0xbf][0xbd]_|c[0x7][0xef][0xbf][0xbd]Q[0xef][0xbf][0xbd][0xef][0xbf][0xbd][0xef][0xbf][0xbd][0xef][0xbf][0xbd]qo[0xef][0xbf][0xbd]Tr[0xef][0xbf][0xbd]Q[g~/[0xef][0xbf][0xbd][0xef][0xbf][0xbd][0xef][0xbf][0xbd][0xef][0xbf][0xbd]}[0xef][0xbf][0xbd][0x13]v[0xef][0xbf][0xbd]9[0xc][0xef][0xbf][0xbd][0xef][0xbf][0xbd][0x11][0xef][0xbf][0xbd]H[0xef][0xbf][0xbd][0x6][0xef][0xbf][0xbd][0x15][0xef][0xbf][0xbd]b[0xef][0xbf][0xbd][0xef][0xbf][0xbd][0xef][0xbf][0xbd]3[0xef][0xbf][0xbd][0xef][0xbf][0xbd][0xef][0xbf][0xbd]{[0xef][0xbf][0xbd][0xef][0xbf][0xbd]G[0xef][0xbf][0xbd]''[0x1a]2t4;kqO[0xef][0xbf][0xbd][0xef][0xbf][0xbd]8B[0xef][0xbf][0xbd][0x1c][0xef][0xbf][0xbd]:[0xef][0xbf][0xbd]&z[0xef][0xbf][0xbd]C;[0x1d]<[0xef][0xbf][0xbd][0xef][0xbf][0xbd]W[0xef][0xbf][0xbd][0x1c][0xef][0xbf][0xbd]0[0xdf][0x9d][0xef][0xbf][0xbd][0xef][0xbf][0xbd]k[0xef][0xbf][0xbd]_[0xef][0xbf][0xbd]3[0xef][0xbf][0xbd][0xef][0xbf][0xbd]c\[\n]"
07:56:28.746 [main] DEBUG org.apache.http.wire -  >> "[0xef][0xbf][0xbd].%[0xef][0xbf][0xbd]B[0xef][0xbf][0xbd]*];[0xef][0xbf][0xbd][0xef][0xbf][0xbd][0x18][0xef][0xbf][0xbd]n[0xef][0xbf][0xbd]1f&+K [0x9][0xef][0xbf][0xbd][0xc8][0x8e][0xef][0xbf][0xbd][0xef][0xbf][0xbd]-[0x1a]s[0x4][0xd0][0xaa]<[0x7]4[0xef][0xbf][0xbd]j[0xef][0xbf][0xbd]4h[0xef][0xbf][0xbd][0xef][0xbf][0xbd]I!c[0x14][0xef][0xbf][0xbd][0xef][0xbf][0xbd][0xef][0xbf][0xbd][0xef][0xbf][0xbd]m[0xef][0xbf][0xbd]xZ[0x18][0xef][0xbf][0xbd][0xcf][0xba][0xef][0xbf][0xbd][0xef][0xbf][0xbd]O[0x12][0xef][0xbf][0xbd][0xef][0xbf][0xbd][0xef][0xbf][0xbd](t[0xef][0xbf][0xbd][0xef][0xbf][0xbd][0xef][0xbf][0xbd]_[0xef][0xbf][0xbd][0xef][0xbf][0xbd]/L[0xef][0xbf][0xbd][0xef][0xbf][0xbd][0xef][0xbf][0xbd]u[0x18][0xd6][0xbd][0xef][0xbf][0xbd][0xef][0xbf][0xbd][0xef][0xbf][0xbd]$([0xc9][0xa4] Y!`[0xef][0xbf][0xbd]"[0xef][0xbf][0xbd]0![0xef][0xbf][0xbd][0xef][0xbf][0xbd][0x13]E[0xef][0xbf][0xbd]D@[0xef][0xbf][0xbd]@[0xef][0xbf][0xbd]rUDP[0xef][0xbf][0xbd][0xef][0xbf][0xbd][0xef][0xbf][0xbd][0xef][0xbf][0xbd]([0xef][0xbf][0xbd][0xef][0xbf][0xbd](Bv[0xef][0xbf][0xbd]1m[0x7][0x3][0xef][0xbf][0xbd][0x1][0x2]J%[0xef][0xbf][0xbd]T[0xef][0xbf][0xbd]B[0xef][0xbf][0xbd]I[0xef][0xbf][0xbd][0xef][0xbf][0xbd]I[0xef][0xbf][0xbd][0xc][0xef][0xbf][0xbd]RNY[0x12][0xc5][0x81]([0xef][0xbf][0xbd][0xef][0xbf][0xbd][0xef][0xbf][0xbd][0x10][0x3][0x10]$[0x6][0xef][0xbf][0xbd][0xef][0xbf][0xbd][0x19][0xef][0xbf][0xbd]"
07:56:28.747 [main] DEBUG org.apache.http.wire -  >> "7[0xef][0xbf][0xbd][0x3][0xc]0sf[0xef][0xbf][0xbd][0xef][0xbf][0xbd][0xef][0xbf][0xbd][0xef][0xbf][0xbd][0xef][0xbf][0xbd]^[0xef][0xbf][0xbd]W?{[0xef][0xbf][0xbd][0xb][0xef][0xbf][0xbd]r[0xef][0xbf][0xbd]s[0xef][0xbf][0xbd][0x3][0xef][0xbf][0xbd][0xef][0xbf][0xbd][0xef][0xbf][0xbd]~/[0xcf][0xbd]{[0xef][0xbf][0xbd][0xef][0xbf][0xbd][0xef][0xbf][0xbd][0xef][0xbf][0xbd][0xef][0xbf][0xbd]&[0xef][0xbf][0xbd][0xef][0xbf][0xbd]n[0xef][0xbf][0xbd]X[0xef][0xbf][0xbd][0xb][0xef][0xbf][0xbd]6[0x0]0gA[0xef][0xbf][0xbd][0xef][0xbf][0xbd][BF[0xef][0xbf][0xbd][0xef][0xbf][0xbd] [0xef][0xbf][0xbd][0xef][0xbf][0xbd][0x10][0xef][0xbf][0xbd][0xef][0xbf][0xbd]ks[0xef][0xbf][0xbd][0xef][0xbf][0xbd][0xef][0xbf][0xbd]z[0xef][0xbf][0xbd][0xef][0xbf][0xbd][0xef][0xbf][0xbd][0xef][0xbf][0xbd][0xef][0xbf][0xbd][0xef][0xbf][0xbd][0xef][0xbf][0xbd][0xef][0xbf][0xbd][0x10][0x6]n[0xef][0xbf][0xbd][0xef][0xbf][0xbd]7[0xef][0xbf][0xbd]*[0xef][0xbf][0xbd]y[0xef][0xbf][0xbd]nm,[0xef][0xbf][0xbd][0xef][0xbf][0xbd]:[0xef][0xbf][0xbd][0xef][0xbf][0xbd][0xef][0xbf][0xbd][0xef][0xbf][0xbd][0xef][0xbf][0xbd]^[0xef][0xbf][0xbd]g[0xef][0xbf][0xbd][0xef][0xbf][0xbd][0xef][0xbf][0xbd][0xef][0xbf][0xbd][0xef][0xbf][0xbd][0xef][0xbf][0xbd]y[0xef][0xbf][0xbd][0x2][0x6][0xef][0xbf][0xbd][0xef][0xbf][0xbd][0xdd][0x81][0x3][0xef][0xbf][0xbd]L\[\n]"
07:56:28.747 [main] DEBUG org.apache.http.wire -  >> "Buoe[0xb][0xef][0xbf][0xbd][0xef][0xbf][0xbd][0xef][0xbf][0xbd] [0xef][0xbf][0xbd][0xef][0xbf][0xbd][\r]YW2:[0xef][0xbf][0xbd][0xef][0xbf][0xbd][0x4])[0xef][0xbf][0xbd][0xef][0xbf][0xbd]W4[0xef][0xbf][0xbd]\[0x0][0x10]`[0xef][0xbf][0xbd][0xef][0xbf][0xbd][0xef][0xbf][0xbd][0x18] %dZ[0xef][0xbf][0xbd]W[0xef][0xbf][0xbd][0x15] [0xef][0xbf][0xbd]5p[0xc][0x11]4[0xef][0xbf][0xbd]MI[0xd0][0x83]{t[0xef][0xbf][0xbd][0x19][0xef][0xbf][0xbd]Q[0xef][0xbf][0xbd][0xef][0xbf][0xbd]/2[0xef][0xbf][0xbd][0x14]z[0xef][0xbf][0xbd][0x4][0xef][0xbf][0xbd][0xef][0xbf][0xbd]3Ti<[0xef][0xbf][0xbd][0xef][0xbf][0xbd][0xef][0xbf][0xbd]@[0xef][0xbf][0xbd]P[0xef][0xbf][0xbd][0x17][0xef][0xbf][0xbd][0xef][0xbf][0xbd][0xef][0xbf][0xbd][0xef][0xbf][0xbd]y?[0xef][0xbf][0xbd][0x18][0x1f][0xd4][0x89][0x15]([0xef][0xbf][0xbd][0xef][0xbf][0xbd].[0xef][0xbf][0xbd]8[0x1e]C[0xd9][0x96][0xb].[0xef][0xbf][0xbd][0xef][0xbf][0xbd]2[0xef][0xbf][0xbd][0xef][0xbf][0xbd][0xc]`F[0xef][0xbf][0xbd][0xef][0xbf][0xbd][0x9]bQ[0x11][0xd6][0xa1][0xef][0xbf][0xbd][0x9][0xef][0xbf][0xbd];[0x4][0xef][0xbf][0xbd]n[0xef][0xbf][0xbd]&H[0xef][0xbf][0xbd]x[0xef][0xbf][0xbd][0x1d][0x0][0xef][0xbf][0xbd][0xef][0xbf][0xbd][0xef][0xbf][0xbd]e[0xef][0xbf][0xbd][0xef][0xbf][0xbd][0xef][0xbf][0xbd]%Z[0xef][0xbf][0xbd][\r][0xef][0xbf][0xbd]i[0xef][0xbf][0xbd][0xef][0xbf][0xbd]P[0x2][0xef][0xbf][0xbd]~r[0xef][0xbf][0xbd]6#[0xef][0xbf][0xbd]l[0xef][0xbf][0xbd]c[0xef][0xbf][0xbd][0xef][0xbf][0xbd]s[0xdc][0xb4][0xef][0xbf][0xbd][0xef][0xbf][0xbd][0xef][0xbf][0xbd][0xef][0xbf][0xbd][0x0][0xdd][0x86]L[0xef][0xbf][0xbd];[0x12][0xef][0xbf][0xbd]4[0xef][0xbf][0xbd][0xef][0xbf][0xbd]@[0xef][0xbf][0xbd]A[0xef][0xbf][0xbd]5v[0xef][0xbf][0xbd][0xef][0xbf][0xbd][0x17]al~[0xef][0xbf][0xbd][0xef][0xbf][0xbd][0xef][0xbf][0xbd][0xef][0xbf][0xbd][0xef][0xbf][0xbd][0xe3][0xb7][0x9d][0xef][0xbf][0xbd]+[0xef][0xbf][0xbd][0xef][0xbf][0xbd]@[0x5][0xef][0xbf][0xbd][0xef][0xbf][0xbd][0x2][0xef][0xbf][0xbd][0xcc][0x83]X v"H[0xef][0xbf][0xbd]^[0xd3][0x80][0xef][0xbf][0xbd]Y|1l[0xef][0xbf][0xbd][0xef][0xbf][0xbd]g[0xef][0xbf][0xbd][0xef][0xbf][0xbd][0xef][0xbf][0xbd][0xef][0xbf][0xbd][0xef][0xbf][0xbd][0xef][0xbf][0xbd][0xef][0xbf][0xbd][0x9][0xef][0xbf][0xbd][\n]"
07:56:28.747 [main] DEBUG org.apache.http.wire -  >> "[0xef][0xbf][0xbd][0xef][0xbf][0xbd][0xef][0xbf][0xbd][0xef][0xbf][0xbd]ln[0xef][0xbf][0xbd]C[0x1c][0xef][0xbf][0xbd]?x[0xef][0xbf][0xbd]t[0xef][0xbf][0xbd][[0xef][0xbf][0xbd]b[0xef][0xbf][0xbd]Cn5H[0xef][0xbf][0xbd][0xef][0xbf][0xbd][0xd5][0xb7]]C[0xef][0xbf][0xbd][0x7][0xef][0xbf][0xbd]b8Xvz[0xf]\[0xef][0xbf][0xbd][0xf]e[0xef][0xbf][0xbd][0x1b]0[0xef][0xbf][0xbd][0xef][0xbf][0xbd]/[0xef][0xbf][0xbd][0xef][0xbf][0xbd][0x18][\n]"
07:56:28.747 [main] DEBUG org.apache.http.wire -  >> "[0xef][0xbf][0xbd][0xef][0xbf][0xbd][0xef][0xbf][0xbd][0xef][0xbf][0xbd][0xef][0xbf][0xbd][0xca][0x8a]l[0xef][0xbf][0xbd][0x1][0xef][0xbf][0xbd][0xef][0xbf][0xbd][0xef][0xbf][0xbd][0xef][0xbf][0xbd][\n]"
07:56:28.747 [main] DEBUG org.apache.http.wire -  >> "5[0xef][0xbf][0xbd][0xf][0x14][0x1b][0x12][0xef][0xbf][0xbd][0xef][0xbf][0xbd][0xef][0xbf][0xbd]2[0xef][0xbf][0xbd][0xef][0xbf][0xbd]\[0xef][0xbf][0xbd][0xef][0xbf][0xbd]O[0xef][0xbf][0xbd]d[0xef][0xbf][0xbd][0xef][0xbf][0xbd][0xef][0xbf][0xbd]H[0xef][0xbf][0xbd]-[0xdc][0x87]!,[0xef][0xbf][0xbd][0x1a][0xef][0xbf][0xbd][0xef][0xbf][0xbd]g*[0xd3][0xb6][0xef][0xbf][0xbd]?[0xef][0xbf][0xbd]g[0xef][0xbf][0xbd][0xef][0xbf][0xbd][0xef][0xbf][0xbd],[0xef][0xbf][0xbd]o[0xef][0xbf][0xbd][0xef][0xbf][0xbd]][0xef][0xbf][0xbd][0xef][0xbf][0xbd][0xef][0xbf][0xbd][0xef][0xbf][0xbd]nR[0xef][0xbf][0xbd][0xef][0xbf][0xbd][0xb][0xef][0xbf][0xbd]p[0x11][0xef][0xbf][0xbd]D#[0xef][0xbf][0xbd][0xef][0xbf][0xbd]P[0x13]mA[0xef][0xbf][0xbd]oT9Q[0xef][0xbf][0xbd]rw[0xef][0xbf][0xbd][0xef][0xbf][0xbd][0xec][0xb8][0xb1]w[0xef][0xbf][0xbd]l[0xea][0xa0][0x8f]v[0xef][0xbf][0xbd]Yh[0x5]fa[0x13]@[0xef][0xbf][0xbd][0x9][0x1b][0xef][0xbf][0xbd]va[0x1]A[0xce][0x94]}XV[0xef][0xbf][0xbd][0xd8][0xa0][0xef][0xbf][0xbd][0xe][0xef][0xbf][0xbd][0xef][0xbf][0xbd][0xef][0xbf][0xbd][0xd9][0xa7][0xef][0xbf][0xbd][0xd1][0x92][0xef][0xbf][0xbd][0xef][0xbf][0xbd]l,4[0xef][0xbf][0xbd][0xef][0xbf][0xbd]r[0xef][0xbf][0xbd][0x2][0xcb][0xbd]Q[0xef][0xbf][0xbd][0xef][0xbf][0xbd][0xdf][0xad][0xef][0xbf][0xbd]lq[\r][0x14][0xef][0xbf][0xbd]c]a[0x3]\a [0xef][0xbf][0xbd][0xef][0xbf][0xbd][0xef][0xbf][0xbd]M[0xef][0xbf][0xbd]([0xef][0xbf][0xbd][0x2][0xef][0xbf][0xbd]b[0xef][0xbf][0xbd][0x0][[0xd6][0x9a][0x1d]>[0xef][0xbf][0xbd]0{I[0x16]va_[0xd7][0xa7][0xef][0xbf][0xbd]p[0xef][0xbf][0xbd]9[0xef][0xbf][0xbd][0xef][0xbf][0xbd]o}[0xef][0xbf][0xbd][0xef][0xbf][0xbd][0xef][0xbf][0xbd][0xef][0xbf][0xbd][0xcd][0x90][0xef][0xbf][0xbd]/[0x1d][0xef][0xbf][0xbd][0xef][0xbf][0xbd][0xef][0xbf][0xbd].m[0xef][0xbf][0xbd]d#fN[0xef][0xbf][0xbd]1R[0xe5][0xad][0x9e]![0x3]S1[0x2][0xef][0xbf][0xbd][0xef][0xbf][0xbd][0xef][0xbf][0xbd]}[0x19][0xef][0xbf][0xbd][0xef][0xbf][0xbd]l[0xef][0xbf][0xbd][0xef][0xbf][0xbd][0xef][0xbf][0xbd]C[0xef][0xbf][0xbd][0x11][0xef][0xbf][0xbd][0xef][0xbf][0xbd][0xef][0xbf][0xbd]l[0xef][0xbf][0xbd][0xef][0xbf][0xbd]xM150)_[0xef][0xbf][0xbd]=[0xef][0xbf][0xbd]]j]P+[0x0]X[0xef][0xbf][0xbd][0xef][0xbf][0xbd]|[0xef][0xbf][0xbd][0xef][0xbf][0xbd][0xef][0xbf][0xbd][0xef][0xbf][0xbd][0xef][0xbf][0xbd]x[0xef][0xbf][0xbd][0xef][0xbf][0xbd][0xef][0xbf][0xbd]vU9[0xef][0xbf][0xbd][0xef][0xbf][0xbd][0xef][0xbf][0xbd][0xef][0xbf][0xbd][0xef][0xbf][0xbd]7r[0xef][0xbf][0xbd][0xef][0xbf][0xbd][0xef][0xbf][0xbd]b[0xef][0xbf][0xbd]k[0xef][0xbf][0xbd]D[0xef][0xbf][0xbd][0xef][0xbf][0xbd][\n]"
07:56:28.747 [main] DEBUG org.apache.http.wire -  >> "X[0x14][0xef][0xbf][0xbd][0xef][0xbf][0xbd][0xef][0xbf][0xbd][0xef][0xbf][0xbd][0x15]C[0xef][0xbf][0xbd][0xef][0xbf][0xbd][0xef][0xbf][0xbd][0xef][0xbf][0xbd][0xef][0xbf][0xbd][0xef][0xbf][0xbd]wF[0xef][0xbf][0xbd][0xef][0xbf][0xbd][0xef][0xbf][0xbd]hEm[0xef][0xbf][0xbd][0xef][0xbf][0xbd][0xef][0xbf][0xbd]n2\[0xef][0xbf][0xbd][0x16][0xef][0xbf][0xbd][0xef][0xbf][0xbd]P[0xef][0xbf][0xbd]NV8[0xef][0xbf][0xbd]5-b[0x5]a @[0x1c][0xb][0xef][0xbf][0xbd]=[0xef][0xbf][0xbd])[0xef][0xbf][0xbd][0xef][0xbf][0xbd][0x1e][\r]N[0xef][0xbf][0xbd]\2[0xef][0xbf][0xbd][0xef][0xbf][0xbd]h:wc[0x16]|^S[0xef][0xbf][0xbd][0xef][0xbf][0xbd]Ah[0xef][0xbf][0xbd][0xef][0xbf][0xbd][0xef][0xbf][0xbd][0xef][0xbf][0xbd][0xcb][0xbc][0xef][0xbf][0xbd][0xc4][0xb4]l[0xef][0xbf][0xbd][0xef][0xbf][0xbd][0xef][0xbf][0xbd][0xef][0xbf][0xbd][0xef][0xbf][0xbd][0xef][0xbf][0xbd][0xc4][0x8e]'O[0xef][0xbf][0xbd][0x5][0xef][0xbf][0xbd][0xef][0xbf][0xbd][0x5]'[0xef][0xbf][0xbd][0xef][0xbf][0xbd][0xef][0xbf][0xbd][0xef][0xbf][0xbd](c[0xef][0xbf][0xbd].[0xef][0xbf][0xbd][0xef][0xbf][0xbd][0xef][0xbf][0xbd]q[0xef][0xbf][0xbd][0xef][0xbf][0xbd][0xef][0xbf][0xbd]}[0xef][0xbf][0xbd]?[0xef][0xbf][0xbd][0xef][0xbf][0xbd][0xef][0xbf][0xbd][0xef][0xbf][0xbd][0xef][0xbf][0xbd].[0xef][0xbf][0xbd][0xef][0xbf][0xbd][0xef][0xbf][0xbd]U[0xef][0xbf][0xbd]<[0xdb][0xbe][0xef][0xbf][0xbd][0xef][0xbf][0xbd][0x1f][0x1d][0xdc][0x88][0xef][0xbf][0xbd][0xc][0xef][0xbf][0xbd][0xef][0xbf][0xbd][0xef][0xbf][0xbd][0xef][0xbf][0xbd][0xef][0xbf][0xbd][0xef][0xbf][0xbd][0xef][0xbf][0xbd][0xef][0xbf][0xbd]@[0x3][0x19][0xdc][0x81]f[0xef][0xbf][0xbd]B[\s[0xef][0xbf][0xbd][0xef][0xbf][0xbd][0xef][0xbf][0xbd]y[0xef][0xbf][0xbd][0xef][0xbf][0xbd]][0xef][0xbf][0xbd]R[0x1][0xef][0xbf][0xbd]A[0xd0][0xa9]P[0x12]([0xef][0xbf][0xbd][0xef][0xbf][0xbd]~[0xef][0xbf][0xbd][0xef][0xbf][0xbd]u[0xef][0xbf][0xbd]H[0xef][0xbf][0xbd]g[0xef][0xbf][0xbd][0xb][0xef][0xbf][0xbd]#[0xc7][0xad]N[\r]"[0xef][0xbf][0xbd][0xef][0xbf][0xbd]Q[0xef][0xbf][0xbd][0x1c]2[0xef][0xbf][0xbd][0xcd][0xb1][0xef][0xbf][0xbd]>[L`;WB[0xef][0xbf][0xbd][0xef][0xbf][0xbd]sz[0xef][0xbf][0xbd][0xef][0xbf][0xbd]~?#[0xef][0xbf][0xbd]Z[0xef][0xbf][0xbd][0xef][0xbf][0xbd]1[0xef][0xbf][0xbd][0xf1][0xb9][0xaf][0xbc][0xef][0xbf][0xbd]~|[0x17][0xef][0xbf][0xbd][0xef][0xbf][0xbd]f[0xf]L0R[0xef][0xbf][0xbd][0xef][0xbf][0xbd]s[0xef][0xbf][0xbd][0xef][0xbf][0xbd][0xef][0xbf][0xbd][0xef][0xbf][0xbd]eX[0xef][0xbf][0xbd]4v[0xef][0xbf][0xbd][0xef][0xbf][0xbd][0xef][0xbf][0xbd]>[0x10]z[0xef][0xbf][0xbd][0xef][0xbf][0xbd]*[0xef][0xbf][0xbd][0xef][0xbf][0xbd][0x17]Yo[0x1][0x6][0xe7][0xb0][0x85][0xef][0xbf][0xbd]5[0xef][0xbf][0xbd][0xef][0xbf][0xbd][0xef][0xbf][0xbd][0xef][0xbf][0xbd]S[0xef][0xbf][0xbd][0xef][0xbf][0xbd][0xd4][0x90]UV[0xef][0xbf][0xbd]-[0xef][0xbf][0xbd]'[0xc5][0xb7][0xef][0xbf][0xbd]g[0xef][0xbf][0xbd]l/[0xef][0xbf][0xbd][0x1]+sKo[0xef][0xbf][0xbd][0x10][0xef][0xbf][0xbd][0x13][0xd7][0xa3][0xef][0xbf][0xbd][0x0][0xcb][0xb2][0xef][0xbf][0xbd][0x4][0x19][0xef][0xbf][0xbd][0xef][0xbf][0xbd][0xef][0xbf][0xbd]v[0xef][0xbf][0xbd][0xef][0xbf][0xbd][0xef][0xbf][0xbd][0xef][0xbf][0xbd][0xef][0xbf][0xbd]h[0x10]x\_b[0xef][0xbf][0xbd][0xef][0xbf][0xbd][0xef][0xbf][0xbd][0x1e][0xef][0xbf][0xbd]E[0xef][0xbf][0xbd]a[0xd6][0xad][0xef][0xbf][0xbd][0xef][0xbf][0xbd][0xef][0xbf][0xbd][0xef][0xbf][0xbd][0xef][0xbf][0xbd][0xef][0xbf][0xbd][0xef][0xbf][0xbd]UV[0x1d][0xef][0xbf][0xbd][0xef][0xbf][0xbd]a5[0xef][0xbf][0xbd][0xef][0xbf][0xbd][0x0][0xef][0xbf][0xbd]3[0xef][0xbf][0xbd]d[0xef][0xbf][0xbd][0xef][0xbf][0xbd]<[0xef][0xbf][0xbd][0xef][0xbf][0xbd][0xef][0xbf][0xbd]}"^<[0x1f][0xb];[0x2][0xef][0xbf][0xbd][0xef][0xbf][0xbd]oz[0xef][0xbf][0xbd][0xef][0xbf][0xbd]t[0xef][0xbf][0xbd]a[0xd8][0xa5][0xdc][0xbd]e{o[0xef][0xbf][0xbd][0xef][0xbf][0xbd][0xef][0xbf][0xbd][0xef][0xbf][0xbd][0xef][0xbf][0xbd][0xef][0xbf][0xbd][0xef][0xbf][0xbd]?S[0xef][0xbf][0xbd][0x1c][0xef][0xbf][0xbd]S[0x1d]6[0xef][0xbf][0xbd][0xef][0xbf][0xbd][0xef][0xbf][0xbd][0xef][0xbf][0xbd]Hz[0xef][0xbf][0xbd][0xef][0xbf][0xbd]q#[0xd0][0x88][0xef][0xbf][0xbd][0xef][0xbf][0xbd][0xb]wtA[0x6]]([0x6][0xd0][0xa9][K[0xef][0xbf][0xbd]tb[0x19]d[0xef][0xbf][0xbd]C,[0xef][0xbf][0xbd][0xef][0xbf][0xbd][0x7][0xef][0xbf][0xbd][0xb][0xef][0xbf][0xbd][0xef][0xbf][0xbd][0xef][0xbf][0xbd][0xef][0xbf][0xbd][0xef][0xbf][0xbd]@[0xd8][0x86]4[0xef][0xbf][0xbd][0xef][0xbf][0xbd][0xef][0xbf][0xbd][0xc]EB[0x15]T[0xcb][0x96][0xef][0xbf][0xbd]Q[0xef][0xbf][0xbd][0x10]][0x1e][0x8][0x17]'[0x7][0xef][0xbf][0xbd][0xef][0xbf][0xbd]([0xd5][0x86][0xef][0xbf][0xbd]Fme[0xef][0xbf][0xbd][0xef][0xbf][0xbd][0x10][0xef][0xbf][0xbd]B[0xef][0xbf][0xbd]P[0xef][0xbf][0xbd][0xef][0xbf][0xbd][0xef][0xbf][0xbd])[0x3]S}%[0xc6][0xbf][0xef][0xbf][0xbd]F[0xef][0xbf][0xbd][0x16][0xef][0xbf][0xbd][0x4]T[0xef][0xbf][0xbd][0xef][0xbf][0xbd][0xef][0xbf][0xbd][0xef][0xbf][0xbd]#o[0xef][0xbf][0xbd][0xef][0xbf][0xbd][0xef][0xbf][0xbd][0xef][0xbf][0xbd][0xef][0xbf][0xbd]Q[0xef][0xbf][0xbd][0xef][0xbf][0xbd][0xef][0xbf][0xbd][0xef][0xbf][0xbd]d[0xf][0xef][0xbf][0xbd][0xef][0xbf][0xbd]~[0xef][0xbf][0xbd][0xef][0xbf][0xbd]*[0xb][0xef][0xbf][0xbd]lj[0xef][0xbf][0xbd][0x16][0x1d][0xef][0xbf][0xbd][0xef][0xbf][0xbd]~g.[0xef][0xbf][0xbd][0xef][0xbf][0xbd][0xe6][0xba][0xbd][0xef][0xbf][0xbd])[0xef][0xbf][0xbd][0xef][0xbf][0xbd]R[0xef][0xbf][0xbd]`;[0x6]V[0xef][0xbf][0xbd][0xef][0xbf][0xbd][0xc6][0xa5][0xef][0xbf][0xbd][0xef][0xbf][0xbd]8[0xd7][0xb9][\r][0xef][0xbf][0xbd][0xef][0xbf][0xbd]$[0xef][0xbf][0xbd]9[0xef][0xbf][0xbd]`d"6x[0xef][0xbf][0xbd]S%[0xef][0xbf][0xbd][0xef][0xbf][0xbd][0xef][0xbf][0xbd][0xef][0xbf][0xbd]b[0xef][0xbf][0xbd][0xef][0xbf][0xbd][0xef][0xbf][0xbd][0xef][0xbf][0xbd]%[0xef][0xbf][0xbd][0xef][0xbf][0xbd][0xef][0xbf][0xbd][0xd7][0xba]jh&/[0x7]-[0xef][0xbf][0xbd][0xe5][0xbd][0x98][0xef][0xbf][0xbd][0xef][0xbf][0xbd][0xef][0xbf][0xbd]6[0xef][0xbf][0xbd]jL[0xef][0xbf][0xbd][0xef][0xbf][0xbd]67'[0x0][0x12][0xef][0xbf][0xbd]'[0xef][0xbf][0xbd][0x2]c[0x1](G[0xef][0xbf][0xbd][0xe][0xef][0xbf][0xbd]&[0xef][0xbf][0xbd]}:[0x0][0xef][0xbf][0xbd][0xef][0xbf][0xbd]=[0xef][0xbf][0xbd][0xef][0xbf][0xbd]6[0xef][0xbf][0xbd]a>[0xef][0xbf][0xbd][0xef][0xbf][0xbd][0x3]v)[0xd7][0xa2][0xef][0xbf][0xbd][0xef][0xbf][0xbd][0xef][0xbf][0xbd]-[0xef][0xbf][0xbd][0xef][0xbf][0xbd]Sh[0xef][0xbf][0xbd][0x17]n[0xef][0xbf][0xbd][0xef][0xbf][0xbd][0xc]waN[0xef][0xbf][0xbd]LD[0xef][0xbf][0xbd]`I[0x1b][0xef][0xbf][0xbd]b0+[0xef][0xbf][0xbd]T[0xef][0xbf][0xbd][0xef][0xbf][0xbd][0x13][0xef][0xbf][0xbd][0xef][0xbf][0xbd][0xef][0xbf][0xbd][0xef][0xbf][0xbd]4t@[0xdd][0x96]h[0xef][0xbf][0xbd][0x1d]1[0xef][0xbf][0xbd][0xef][0xbf][0xbd].[0xef][0xbf][0xbd][0x1c]H[0xef][0xbf][0xbd][0x18]q[0xef][0xbf][0xbd][0xef][0xbf][0xbd][0xef][0xbf][0xbd]][0xef][0xbf][0xbd]H[0xef][0xbf][0xbd] h[0xef][0xbf][0xbd][0xcc][0xad][0xda][0x91][0xef][0xbf][0xbd][0xef][0xbf][0xbd][0xef][0xbf][0xbd]Z[0xef][0xbf][0xbd][0x17]K[0xef][0xbf][0xbd][0xef][0xbf][0xbd]$$#[0xef][0xbf][0xbd]o[0xef][0xbf][0xbd][0xef][0xbf][0xbd]9w[0xef][0xbf][0xbd]=)[0xef][0xbf][0xbd]_V|[0xef][0xbf][0xbd][0xef][0xbf][0xbd]h[0xef][0xbf][0xbd][0xef][0xbf][0xbd][0xdc][0xa7][0xef][0xbf][0xbd];[0xef][0xbf][0xbd][0xef][0xbf][0xbd][0xef][0xbf][0xbd]n;[0x3][0xef][0xbf][0xbd][0xef][0xbf][0xbd]N[0xef][0xbf][0xbd][0xef][0xbf][0xbd][0xef][0xbf][0xbd][0xdd][0xb7][0xef][0xbf][0xbd][0xef][0xbf][0xbd][0xef][0xbf][0xbd][0xef][0xbf][0xbd][0xef][0xbf][0xbd]>*[0xef][0xbf][0xbd]WT[0xef][0xbf][0xbd]<([0xef][0xbf][0xbd]7[0xef][0xbf][0xbd]4[0xef][0xbf][0xbd]$n[0xd3][0x93][0xef][0xbf][0xbd][0xef][0xbf][0xbd][0xef][0xbf][0xbd][0xef][0xbf][0xbd][0xc5][0xa0]x33[0xef][0xbf][0xbd]r![0xef][0xbf][0xbd]n[0xef][0xbf][0xbd]d[0xb]\[0xef][0xbf][0xbd][0xf][[0xef][0xbf][0xbd][0xb]@]o[0xef][0xbf][0xbd]-[0xef][0xbf][0xbd]8[0xef][0xbf][0xbd]W[0xef][0xbf][0xbd][0xef][0xbf][0xbd][0xef][0xbf][0xbd][0xef][0xbf][0xbd]s[0xef][0xbf][0xbd][0xef][0xbf][0xbd]U[0x1b][0xef][0xbf][0xbd][0x1b]jE5[0xef][0xbf][0xbd][0xcc][0xad][0xef][0xbf][0xbd]oH[0xef][0xbf][0xbd][0x7][0xef][0xbf][0xbd][0xef][0xbf][0xbd][0xef][0xbf][0xbd]:H[0x17],[0xef][0xbf][0xbd]%[0xef][0xbf][0xbd][0xef][0xbf][0xbd][0x5]f[0x1e][0x12][0xef][0xbf][0xbd][0xef][0xbf][0xbd]j[0xef][0xbf][0xbd] [0xef][0xbf][0xbd][0xc][0xef][0xbf][0xbd][0xe]\[0xef][0xbf][0xbd]-[0xef][0xbf][0xbd][0xef][0xbf][0xbd][0xef][0xbf][0xbd][0xef][0xbf][0xbd][0xef][0xbf][0xbd][0xef][0xbf][0xbd][0xef][0xbf][0xbd],mO[0xef][0xbf][0xbd][0xef][0xbf][0xbd][0xef][0xbf][0xbd][0x1c][0xef][0xbf][0xbd][0xef][0xbf][0xbd])[0xef][0xbf][0xbd][[0xef][0xbf][0xbd][0xef][0xbf][0xbd][0xef][0xbf][0xbd]>[0xef][0xbf][0xbd][0x1f]&,[0x5][0xef][0xbf][0xbd][0xef][0xbf][0xbd]tY[0xef][0xbf][0xbd][0xef][0xbf][0xbd][0xef][0xbf][0xbd]y[0xef][0xbf][0xbd]-e0A{[0xef][0xbf][0xbd][0x1][0xef][0xbf][0xbd][0x1f][0xef][0xbf][0xbd][0xef][0xbf][0xbd][0xef][0xbf][0xbd]/J[0xef][0xbf][0xbd][0xef][0xbf][0xbd][0xef][0xbf][0xbd][0xef][0xbf][0xbd][0x3][0x1f]L[0xef][0xbf][0xbd][0xef][0xbf][0xbd][\n]"
07:56:28.747 [main] DEBUG org.apache.http.wire -  >> "[0xef][0xbf][0xbd][0xef][0xbf][0xbd]r7[0xef][0xbf][0xbd]#[0xb][0xef][0xbf][0xbd][0xef][0xbf][0xbd];_[0xd8][0x9e][0xb]+o\[0x1b]2[0xef][0xbf][0xbd][0xef][0xbf][0xbd][0xc4][0xb9]\[0x12][0xef][0xbf][0xbd][0xef][0xbf][0xbd][0xef][0xbf][0xbd][0xef][0xbf][0xbd][0x0][0xef][0xbf][0xbd][0xef][0xbf][0xbd]|A[0x12];[0xef][0xbf][0xbd][0xef][0xbf][0xbd]X[0xef][0xbf][0xbd][0xef][0xbf][0xbd][0xef][0xbf][0xbd][0xef][0xbf][0xbd][0xd9][0x94][0xef][0xbf][0xbd][\r]0[0xef][0xbf][0xbd][0xef][0xbf][0xbd][0xc2][0xa9]m[0xef][0xbf][0xbd][0x15][0xef][0xbf][0xbd][0x10][0x18][0xd2][0xb2][0xef][0xbf][0xbd][0xef][0xbf][0xbd][0xef][0xbf][0xbd][0xef][0xbf][0xbd][0xef][0xbf][0xbd][\n]"
07:56:28.748 [main] DEBUG org.apache.http.wire -  >> "j[0xef][0xbf][0xbd]Nl[0xef][0xbf][0xbd]2;[0xef][0xbf][0xbd][0xef][0xbf][0xbd][0xb][0xef][0xbf][0xbd]![0xef][0xbf][0xbd]l>[0xef][0xbf][0xbd]g[0xef][0xbf][0xbd]Dy`[0xef][0xbf][0xbd][0x3][0xef][0xbf][0xbd][0xef][0xbf][0xbd]p[0xef][0xbf][0xbd]b[0xef][0xbf][0xbd][0xef][0xbf][0xbd][0x1d]J[0xef][0xbf][0xbd][0xef][0xbf][0xbd]Th[0xef][0xbf][0xbd][0xef][0xbf][0xbd]t[0xef][0xbf][0xbd].[0xef][0xbf][0xbd]w[0xef][0xbf][0xbd][0xef][0xbf][0xbd]+d[0xef][0xbf][0xbd]D[0xef][0xbf][0xbd]q[0xef][0xbf][0xbd]b[0xef][0xbf][0xbd]G[0xef][0xbf][0xbd][0xef][0xbf][0xbd][0xef][0xbf][0xbd]w?v8[0xef][0xbf][0xbd]N[0xef][0xbf][0xbd][0xef][0xbf][0xbd][0xef][0xbf][0xbd][0xef][0xbf][0xbd][0x0]b7[0xef][0xbf][0xbd]O[0xd6][0xa0][0xef][0xbf][0xbd][0xef][0xbf][0xbd][0xef][0xbf][0xbd]jr[0xef][0xbf][0xbd]l@[0xef][0xbf][0xbd][0x10][0xef][0xbf][0xbd][0xef][0xbf][0xbd]D_n.z[0xef][0xbf][0xbd][0xef][0xbf][0xbd]:[0xef][0xbf][0xbd]l[0xef][0xbf][0xbd][0xef][0xbf][0xbd][0xef][0xbf][0xbd][0xef][0xbf][0xbd][\n]"
07:56:28.748 [main] DEBUG org.apache.http.wire -  >> ";[0xef][0xbf][0xbd]Y|Y[0xef][0xbf][0xbd]L[0xef][0xbf][0xbd]5[0xef][0xbf][0xbd][0xef][0xbf][0xbd]4[0xef][0xbf][0xbd]0W2A[0xef][0xbf][0xbd]A[0xef][0xbf][0xbd][0xee][0x8c][0x82]E[0xef][0xbf][0xbd][0xef][0xbf][0xbd][0xef][0xbf][0xbd][0xc4][0xa6]b[[0xef][0xbf][0xbd]N[0xef][0xbf][0xbd][0xef][0xbf][0xbd]mB[0xef][0xbf][0xbd][0x13][0x9]L[0x2]z[0xef][0xbf][0xbd][0xef][0xbf][0xbd]H[0xef][0xbf][0xbd][0xb][0xef][0xbf][0xbd]0[0xef][0xbf][0xbd][0x11][0xf][0xef][0xbf][0xbd]=b[0xef][0xbf][0xbd][0xef][0xbf][0xbd][0xef][0xbf][0xbd][0xef][0xbf][0xbd]e[0xef][0xbf][0xbd][0xef][0xbf][0xbd][0xef][0xbf][0xbd]BU[0xef][0xbf][0xbd]X9[[0x1a][0x19]*n[0xef][0xbf][0xbd][0xef][0xbf][0xbd][0xef][0xbf][0xbd]oR*%[0xef][0xbf][0xbd][0xef][0xbf][0xbd]+[0xef][0xbf][0xbd][0xef][0xbf][0xbd][0xef][0xbf][0xbd]M,2[0x12][0xef][0xbf][0xbd][0xef][0xbf][0xbd][/[0xef][0xbf][0xbd][0xee][0x9d][0xbf][0xef][0xbf][0xbd][0xef][0xbf][0xbd][0x1f][0x11][0xef][0xbf][0xbd][0xef][0xbf][0xbd][0xef][0xbf][0xbd][0xef][0xbf][0xbd]z[0xef][0xbf][0xbd][0xef][0xbf][0xbd][0xef][0xbf][0xbd][0xef][0xbf][0xbd][0xef][0xbf][0xbd][0xef][0xbf][0xbd]'[0x1f]x`[0xef][0xbf][0xbd][0xef][0xbf][0xbd]v[0xef][0xbf][0xbd][0xef][0xbf][0xbd]][0xef][0xbf][0xbd][0xef][0xbf][0xbd][0xef][0xbf][0xbd][0x1f]~[0xd9][0xbe][0xef][0xbf][0xbd][0xef][0xbf][0xbd][0xef][0xbf][0xbd]o F[0xef][0xbf][0xbd]b[0xef][0xbf][0xbd][0xef][0xbf][0xbd]J,[0x0][0xef][0xbf][0xbd]d[0xef][0xbf][0xbd][0xef][0xbf][0xbd][0xef][0xbf][0xbd][0xef][0xbf][0xbd]x[0xef][0xbf][0xbd]^[0x3]a[0xc2][0xa6][0xef][0xbf][0xbd][0xef][0xbf][0xbd][0xef][0xbf][0xbd]fu[0x18][0xef][0xbf][0xbd]f[0xef][0xbf][0xbd]E[0xef][0xbf][0xbd]7[0xef][0xbf][0xbd][0xef][0xbf][0xbd][\n]"
07:56:28.748 [main] DEBUG org.apache.http.wire -  >> "[0xef][0xbf][0xbd]?[0xef][0xbf][0xbd]ykX<[0x17]l[0xef][0xbf][0xbd][0xef][0xbf][0xbd]<[0x12]4[0xef][0xbf][0xbd][0xef][0xbf][0xbd]P`([0xef][0xbf][0xbd][0xef][0xbf][0xbd][0xef][0xbf][0xbd][0xef][0xbf][0xbd][0xef][0xbf][0xbd][0xef][0xbf][0xbd];C[0x6][0xef][0xbf][0xbd][0xdf][0x89][0xef][0xbf][0xbd]*[0xef][0xbf][0xbd]R[0x7][0xef][0xbf][0xbd][0xef][0xbf][0xbd][0xef][0xbf][0xbd][0xef][0xbf][0xbd][0xef][0xbf][0xbd]![0x1][0xef][0xbf][0xbd][0xef][0xbf][0xbd][0xef][0xbf][0xbd]Y+9[0xef][0xbf][0xbd]^'Qd[0xef][0xbf][0xbd]Y[0xef][0xbf][0xbd][0xef][0xbf][0xbd][0xef][0xbf][0xbd][0xef][0xbf][0xbd]q.V[0xef][0xbf][0xbd][0x10][0xef][0xbf][0xbd]|[0xef][0xbf][0xbd][0xef][0xbf][0xbd]'[0xef][0xbf][0xbd][0xef][0xbf][0xbd]w[0xef][0xbf][0xbd][0xef][0xbf][0xbd][0xef][0xbf][0xbd][0xef][0xbf][0xbd][0xef][0xbf][0xbd]*[0xef][0xbf][0xbd][0xef][0xbf][0xbd][0xef][0xbf][0xbd][0xef][0xbf][0xbd][0xef][0xbf][0xbd]x[0xef][0xbf][0xbd][0xef][0xbf][0xbd]t[0xef][0xbf][0xbd]U,[0xef][0xbf][0xbd]^uX[0xef][0xbf][0xbd][0xef][0xbf][0xbd][0xef][0xbf][0xbd]B[0xef][0xbf][0xbd][0xef][0xbf][0xbd]t}[0xef][0xbf][0xbd]`)[0xd6][0xb0][0x6][0xef][0xbf][0xbd][0xef][0xbf][0xbd]C[0xef][0xbf][0xbd][0xd6][0xa9][0xef][0xbf][0xbd]t[0xef][0xbf][0xbd]q[0x11]+V[0xef][0xbf][0xbd]f|[0x18][0x17]R[0xc2][0x90][0xef][0xbf][0xbd][0x19]][0xef][0xbf][0xbd]e[0x0]5[0xef][0xbf][0xbd]6[0xef][0xbf][0xbd][0xef][0xbf][0xbd] [0xef][0xbf][0xbd][0xef][0xbf][0xbd]([0xef][0xbf][0xbd]?3[\n]"
07:56:28.748 [main] DEBUG org.apache.http.wire -  >> "[0x10][0xef][0xbf][0xbd][0xef][0xbf][0xbd]A[0xef][0xbf][0xbd]ln[0xef][0xbf][0xbd][0xef][0xbf][0xbd]v[0xef][0xbf][0xbd][0xef][0xbf]"
07:56:28.748 [main] DEBUG org.apache.http.wire -  >> "[0xbd][0xef][0xbf][0xbd][0xef][0xbf][0xbd]r#[0x1e]:[0xef][0xbf][0xbd][0xef][0xbf][0xbd][0xc][0xef][0xbf][0xbd][0xef][0xbf][0xbd]9[0xc][0x19][0xef][0xbf][0xbd][0xef][0xbf][0xbd][0xef][0xbf][0xbd]EK[0xef][0xbf][0xbd][0xef][0xbf][0xbd]<[0xef][0xbf][0xbd]>[0x6][0x10].[0xef][0xbf][0xbd][0xef][0xbf][0xbd][0xef][0xbf][0xbd][0x1b]e[0xef][0xbf][0xbd]\p[0xef][0xbf][0xbd][0xef][0xbf][0xbd]-[0xef][0xbf][0xbd]r>[0xef][0xbf][0xbd][0x3][0xef][0xbf][0xbd][0xef][0xbf][0xbd][0xef][0xbf][0xbd][0xef][0xbf][0xbd][0x3][0xef][0xbf][0xbd][0xef][0xbf][0xbd]{[0xef][0xbf][0xbd][0xef][0xbf][0xbd][0xd1][0xbf][0xef][0xbf][0xbd][0xef][0xbf][0xbd][0x12]O[0xef][0xbf][0xbd]_[0xef][0xbf][0xbd]rm[0xef][0xbf][0xbd][0xef][0xbf][0xbd][0xef][0xbf][0xbd][0xef][0xbf][0xbd][0xef][0xbf][0xbd][0x1b][0xef][0xbf][0xbd]o[0xef][0xbf][0xbd][0xf][0xef][0xbf][0xbd]D[0x5][0xef][0xbf][0xbd]v[0xef][0xbf][0xbd][0xef][0xbf][0xbd]57[0xef][0xbf][0xbd][0xef][0xbf][0xbd]53![0xef][0xbf][0xbd]p[0xef][0xbf][0xbd][0xc3][0x87];[0xef][0xbf][0xbd][0xef][0xbf][0xbd][0xef][0xbf][0xbd]w[0xef][0xbf][0xbd][0x6][0xef][0xbf][0xbd][\r]\[0xef][0xbf][0xbd][0x0][0xef][0xbf][0xbd]f[0xef][0xbf][0xbd][0xef][0xbf][0xbd]'T[0xef][0xbf][0xbd][0xef][0xbf][0xbd]V~a[0xef][0xbf][0xbd]E[0xef][0xbf][0xbd][0xef][0xbf][0xbd]K[0x1]i[0xef][0xbf][0xbd]1QG[0xef][0xbf][0xbd]y[0x7][0xef][0xbf][0xbd]3[0xef][0xbf][0xbd]U7[0xef][0xbf][0xbd][0xef][0xbf][0xbd][0x12][0xef][0xbf][0xbd][0xef][0xbf][0xbd][0xef][0xbf][0xbd]/[0xef][0xbf][0xbd][0xef][0xbf][0xbd][0xef][0xbf][0xbd]+[0xef][0xbf][0xbd][0xef][0xbf][0xbd]F[\r][0xc4][0x9f]vq[0x1a][0xef][0xbf][0xbd][0xef][0xbf][0xbd][0xef][0xbf][0xbd]j[0xd4][0xae][0xef][0xbf][0xbd]H[0x0][0xef][0xbf][0xbd][0xef][0xbf][0xbd][0xef][0xbf][0xbd][0xef][0xbf][0xbd])[0xef][0xbf][0xbd][0xef][0xbf][0xbd][0xca][0xbf][0x1e]?[0xef][0xbf][0xbd])[0xef][0xbf][0xbd]<[0xef][0xbf][0xbd][0xef][0xbf][0xbd][0xef][0xbf][0xbd][0xef][0xbf][0xbd][0xef][0xbf][0xbd][0xef][0xbf][0xbd][0xef][0xbf][0xbd][0xb]wn}[0xef][0xbf][0xbd]_[0xef][0xbf][0xbd]_[0x12]?[0xef][0xbf][0xbd]g\J[0xef][0xbf][0xbd][0xe9][0xa6][0x8e][0xef][0xbf][0xbd][0x18]T[0xef][0xbf][0xbd][0xef][0xbf][0xbd][0xef][0xbf][0xbd][0xef][0xbf][0xbd][0xf][0xef][0xbf][0xbd][0xef][0xbf][0xbd]F[0xef][0xbf][0xbd][0x1a]U[0xef][0xbf][0xbd]VJ[0xef][0xbf][0xbd][0xef][0xbf][0xbd][0xef][0xbf][0xbd][0x10][0x15]+[0xef][0xbf][0xbd][0xef][0xbf][0xbd]-[0x3][0xef][0xbf][0xbd][0xef][0xbf][0xbd][0x6][0xef][0xbf][0xbd]G@/[0xef][0xbf][0xbd][0xef][0xbf][0xbd][0xef][0xbf][0xbd]u[0xef][0xbf][0xbd]Y[0x1d][0x19][0xef][0xbf][0xbd]r[0xef][0xbf][0xbd]~[0xef][0xbf][0xbd]d[0xef][0xbf][0xbd][0xe2][0x9e][0x80][0xc3][0x8e]wx[0xef][0xbf][0xbd][0xef][0xbf][0xbd][0xef][0xbf][0xbd][0x2][0xef][0xbf][0xbd][0xef][0xbf][0xbd][0xef][0xbf][0xbd].[0xef][0xbf][0xbd][0xef][0xbf][0xbd][0xef][0xbf][0xbd][0x12][0xef][0xbf][0xbd][0xef][0xbf][0xbd][0xef][0xbf][0xbd]aH[0xef][0xbf][0xbd][0xef][0xbf][0xbd]>[0xef][0xbf][0xbd]s[0xef][0xbf][0xbd][0xef][0xbf][0xbd]*[0xef][0xbf][0xbd]( [0xef][0xbf][0xbd]J[0xef][0xbf][0xbd][0xef][0xbf][0xbd][0xef][0xbf][0xbd][0xef][0xbf][0xbd]@[0xef][0xbf][0xbd][0xef][0xbf][0xbd]Y[0xef][0xbf][0xbd][0xef][0xbf][0xbd][0x0][0xef][0xbf][0xbd].[0xef][0xbf][0xbd]?[0xef][0xbf][0xbd]F[0xef][0xbf][0xbd]7Cxc[0xef][0xbf][0xbd][0xef][0xbf][0xbd][0xef][0xbf][0xbd][0xef][0xbf][0xbd]kv[0xef][0xbf][0xbd]0g[0xef][0xbf][0xbd]~[0xef][0xbf][0xbd]G[0xef][0xbf][0xbd][0xef][0xbf][0xbd]7[0x6][0xef][0xbf][0xbd][0xef][0xbf][0xbd][0xef][0xbf][0xbd][0x2]`[0xd7][0xac]<[0xef][0xbf][0xbd]{_[0xef][0xbf][0xbd][[0xef][0xbf][0xbd][0xef][0xbf][0xbd][0xef][0xbf][0xbd][0xcd][0xa5][0xef][0xbf][0xbd][0xef][0xbf][0xbd]m[0xe][0xef][0xbf][0xbd][0xef][0xbf][0xbd]y%[0xef][0xbf][0xbd]j[0xef][0xbf][0xbd][\r]?c[0x4][0xef][0xbf][0xbd][0xef][0xbf][0xbd]BS[0xef][0xbf][0xbd][0xc7][0xae]+[0xef][0xbf][0xbd][0xef][0xbf][0xbd]*p[0xef][0xbf][0xbd][0x11]u[0xef][0xbf][0xbd]0[0xc6][0x8e]"[0xef][0xbf][0xbd][0xde][0xbe][0xef][0xbf][0xbd][0xef][0xbf][0xbd]A[0xef][0xbf][0xbd]|[0xef][0xbf][0xbd]@[0x12]g[0xef][0xbf][0xbd]QV"[0xef][0xbf][0xbd][0xef][0xbf][0xbd][0x4][0xef][0xbf][0xbd]z[0xd8][0x9a]m[0xef][0xbf][0xbd]A[0xcb][0x97][0x2]gWvx[0xef][0xbf][0xbd]Z%[0x13][0x19]f[0xef][0xbf][0xbd][0xef][0xbf][0xbd]@J[0xef][0xbf][0xbd][0xef][0xbf][0xbd][0xef][0xbf][0xbd][0x1c][0xef][0xbf][0xbd][0xd7][0x80]M%[0xef][0xbf][0xbd]v[0xef][0xbf][0xbd]%[0xef][0xbf][0xbd]![0xef][0xbf][0xbd]p[0xe][0xef][0xbf][0xbd][0xef][0xbf][0xbd]x*[0x12][0xef][0xbf][0xbd][0xef][0xbf][0xbd][0x10][0xef][0xbf][0xbd][0xef][0xbf][0xbd][0xef][0xbf][0xbd][0xef][0xbf][0xbd]Z[0xef][0xbf][0xbd][0xef][0xbf][0xbd][0x9][0x5]C[0xef][0xbf][0xbd]7[0xef][0xbf][0xbd]O?[0xef][0xbf][0xbd][0xef][0xbf][0xbd][0xef][0xbf][0xbd]up[0x13][0x1d]f[0xef][0xbf][0xbd][0x1d]+[0xdb][0x99][0xef][0xbf][0xbd][0xef][0xbf][0xbd]L|[0xef][0xbf][0xbd]f#[0xef][0xbf][0xbd][0x12]\[0xef][0xbf][0xbd][0xef][0xbf][0xbd]3x[0xef][0xbf][0xbd][0xef][0xbf][0xbd][0x1e]-'[0x9][0x1f]X[0xef][0xbf][0xbd][0xef][0xbf][0xbd]3m[0xf][0xef][0xbf][0xbd][0x4][0x16]q[0xef][0xbf][0xbd][0xef][0xbf][0xbd]8[0x17][0xef][0xbf][0xbd]L[0xef][0xbf][0xbd][0xef][0xbf][0xbd]((\\E@s[0x11][0xd1][0x90]1:[0xef][0xbf][0xbd][0x17][0xef][0xbf][0xbd][0xef][0xbf][0xbd][0xef][0xbf][0xbd][0xef][0xbf][0xbd][0xef][0xbf][0xbd][0xef][0xbf][0xbd][0xef][0xbf][0xbd][0xc][0xef][0xbf][0xbd]h[0xef][0xbf][0xbd]j[0xef][0xbf][0xbd]P[0xef][0xbf][0xbd][0xef][0xbf][0xbd][0xef][0xbf][0xbd][0xef][0xbf][0xbd]e[0xef][0xbf][0xbd]G[0x3]`[0xef][0xbf][0xbd][0xef][0xbf][0xbd]@[[0xef][0xbf][0xbd][0xef][0xbf][0xbd][0x16]q[0xc7][0x84][0xef][0xbf][0xbd][0xef][0xbf][0xbd]o[0x3]j[0x2][0xef][0xbf][0xbd][0xef][0xbf][0xbd][0xef][0xbf][0xbd][0xef][0xbf][0xbd][0xef][0xbf][0xbd][0xef][0xbf][0xbd][0x12][0xef][0xbf][0xbd]T[0xef][0xbf][0xbd][0xef][0xbf][0xbd]m[\n]"
07:56:28.748 [main] DEBUG org.apache.http.wire -  >> "?[0xef][0xbf][0xbd][0xef][0xbf][0xbd][0xef][0xbf][0xbd]{[0xcc][0xbe][0xef][0xbf][0xbd][0xef][0xbf][0xbd]va`[0xd7][0xb7][0xef][0xbf][0xbd]y[0xef][0xbf][0xbd]y{[0xef][0xbf][0xbd][0xef][0xbf][0xbd][0x1f][0x1d]X[0xef][0xbf][0xbd]s[0xef][0xbf][0xbd][0xef][0xbf][0xbd]Z'A$k`[0xef][0xbf][0xbd]_[0xef][0xbf][0xbd][0xef][0xbf][0xbd][0xef][0xbf][0xbd][0xf][0xef][0xbf][0xbd]}[0xed][0x91][0xa9][0xef][0xbf][0xbd][0x1b][0xef][0xbf][0xbd][0xef][0xbf][0xbd][0xef][0xbf][0xbd]O[0xef][0xbf][0xbd][0xef][0xbf][0xbd][0xef][0xbf][0xbd][0xe]j[0xef][0xbf][0xbd][0xef][0xbf][0xbd]CUo[0xef][0xbf][0xbd][0x6][0x19][0xef][0xbf][0xbd]J[0xef][0xbf][0xbd]ff'[0xef][0xbf][0xbd][0xef][0xbf][0xbd][0xef][0xbf][0xbd]5[0x13][0x1e][0xef][0xbf][0xbd]\[0xef][0xbf][0xbd][0xef][0xbf][0xbd][0xef][0xbf][0xbd][0xf][0xef][0xbf][0xbd][0xc4][0x81][0xef][0xbf][0xbd]z[0x1e][0xef][0xbf][0xbd][0xef][0xbf][0xbd][0xef][0xbf][0xbd][0xd9][0xaf][0xef][0xbf][0xbd][0xef][0xbf][0xbd][0xd5][0xb8]K[0xc9][0xb1][0xef][0xbf][0xbd]6u[0xef][0xbf][0xbd]<.Pfd3Mc[0x5][0x5][0xef][0xbf][0xbd]VY[0xef][0xbf][0xbd]V[0xef][0xbf][0xbd][0xef][0xbf][0xbd]x[0xef][0xbf][0xbd]>[0xef][0xbf][0xbd][0xef][0xbf][0xbd]&`![0xb]|}[0xef][0xbf][0xbd][0xef][0xbf][0xbd][0xef][0xbf][0xbd][0xef][0xbf][0xbd][0xef][0xbf][0xbd][0xe5][0xa6][0x93][0xef][0xbf][0xbd][0xf]euW[0xef][0xbf][0xbd]{[0xef][0xbf][0xbd][0xef][0xbf][0xbd]o[0xef][0xbf][0xbd][0xef][0xbf][0xbd][0xef][0xbf][0xbd][0xef][0xbf][0xbd][0xef][0xbf][0xbd][0xef][0xbf][0xbd][0xef][0xbf][0xbd][0xef][0xbf][0xbd]3.7[0xef][0xbf][0xbd][0xef][0xbf][0xbd][0xef][0xbf][0xbd][0xef][0xbf][0xbd][0xcc][0x9c]=[0xef][0xbf][0xbd][0x13][0xef][0xbf][0xbd][0xef][0xbf][0xbd][0xef][0xbf][0xbd]([0xef][0xbf][0xbd]\[0xef][0xbf][0xbd]}[0x5]$[0xef][0xbf][0xbd]w[0xef][0xbf][0xbd]9[0xef][0xbf][0xbd](Q[0xef][0xbf][0xbd]u'lD[0xef][0xbf][0xbd]/[0xef][0xbf][0xbd]Z[0xef][0xbf][0xbd]V[0x17]*[0x7][0xef][0xbf][0xbd][0xef][0xbf][0xbd][0xef][0xbf][0xbd][0xef][0xbf][0xbd][0x12][0xef][0xbf][0xbd][0xef][0xbf][0xbd][0x1c]k;6a[0x2]v[0xef][0xbf][0xbd][0xef][0xbf][0xbd]v[0xef][0xbf][0xbd]ML[0xd0][0xa4] [(@b[0xef][0xbf][0xbd][0xef][0xbf][0xbd][0xef][0xbf][0xbd]e[0xef][0xbf][0xbd][\r]b[0xef][0xbf][0xbd][0x14][0xef][0xbf][0xbd]bua<[0xef][0xbf][0xbd][0xc][0xef][0xbf][0xbd][0xef][0xbf][0xbd]d[0xef][0xbf][0xbd][0xef][0xbf][0xbd][0x10]f[0xef][0xbf][0xbd][0xc6][0xad].[0xef][0xbf][0xbd][0xce][0x82][0xef][0xbf][0xbd][0xef][0xbf][0xbd]09x}[0xef][0xbf][0xbd].w<'L[0x5]i[0xef][0xbf][0xbd][0x3][0xef][0xbf][0xbd][0x8][0xef][0xbf][0xbd]X[0xef][0xbf][0xbd][0xef][0xbf][0xbd]$[0xef][0xbf][0xbd][0xef][0xbf][0xbd][0xef][0xbf][0xbd]o[0xef][0xbf][0xbd][0xe8][0x85][0x81]][0xef][0xbf][0xbd][0x12][0x7][0xef][0xbf][0xbd][0xef][0xbf][0xbd][0xc2][0x81][0xef][0xbf][0xbd]=[0xef][0xbf][0xbd][0xef][0xbf][0xbd]?[0xef][0xbf][0xbd][0xef][0xbf][0xbd]e[0xef][0xbf][0xbd]l[0x1]P[0xef][0xbf][0xbd][0xef][0xbf][0xbd][0xe6][0xb0][0x80][0xef][0xbf][0xbd]dC[0xef][0xbf][0xbd][0xef][0xbf][0xbd]y[0x15][0xef][0xbf][0xbd]<HQn" [0x4][0xef][0xbf][0xbd]qnQ[0xef][0xbf][0xbd][0xef][0xbf][0xbd][0xef][0xbf][0xbd][0xef][0xbf][0xbd][0xef][0xbf][0xbd]U[0x12]T[0xef][0xbf][0xbd][0xef][0xbf][0xbd]J[0xef][0xbf][0xbd][0xef][0xbf][0xbd][0xef][0xbf][0xbd][0x2][0x6],c[0xef][0xbf][0xbd][0x14]W[0xc4][0xb7][0xef][0xbf][0xbd][0xef][0xbf][0xbd]9c=[0x16][0xef][0xbf][0xbd][0x2].[0xef][0xbf][0xbd]udr[0xef][0xbf][0xbd][0xc]%[0xef][0xbf][0xbd][0xef][0xbf][0xbd]/[0xef][0xbf][0xbd]w[0xef][0xbf][0xbd][0xef][0xbf][0xbd]x[0xef][0xbf][0xbd]?t[0x3][0xe6][0x8b][0x90][0x1f]4[0x10]h8[0x17][0xef][0xbf][0xbd][0x1d][0xef][0xbf][0xbd]k<[0xef][0xbf][0xbd]d3qe[0xdf][0x89] [0xef][0xbf][0xbd]_6][0x3][0x11][0xef][0xbf][0xbd][0xef][0xbf][0xbd]Y[0xef][0xbf][0xbd][0xde][0xba][0xef][0xbf][0xbd][0xef][0xbf][0xbd][0xef][0xbf][0xbd][0xef][0xbf][0xbd][0x15][0x1c][0x1f][0xef][0xbf][0xbd][0x7]~[0xef][0xbf][0xbd][0xef][0xbf][0xbd]}[0xef][0xbf][0xbd][0xc6][0x8f][0xef][0xbf][0xbd]~[0xef][0xbf][0xbd]i`[0xef][0xbf][0xbd]k[0xef][0xbf][0xbd][0xef][0xbf][0xbd]Vjs[0xef][0xbf][0xbd][0xef][0xbf][0xbd][0xef][0xbf][0xbd][0xef][0xbf][0xbd]R0[\n]"
07:56:28.749 [main] DEBUG org.apache.http.wire -  >> "0[0x9][0xef][0xbf][0xbd][0xef][0xbf][0xbd][0xce][0xba][0xef][0xbf][0xbd]&[0x10][0xef][0xbf][0xbd][0xef][0xbf][0xbd]L([0xef][0xbf][0xbd]F[0xef][0xbf][0xbd]N[0xef][0xbf][0xbd]sI[0xef][0xbf][0xbd]M[0xef][0xbf][0xbd]2[0xef][0xbf][0xbd][0xef][0xbf][0xbd][\r] [0xef][0xbf][0xbd][0xef][0xbf][0xbd][0xef][0xbf][0xbd][0xef][0xbf][0xbd]*[0xef][0xbf][0xbd]B[0xef][0xbf][0xbd][0x6][0x2]w[0xc]D[0xef][0xbf][0xbd][0xef][0xbf][0xbd][0xef][0xbf][0xbd][0xef][0xbf][0xbd][0x4][0xef][0xbf][0xbd][0xef][0xbf][0xbd]&[0xef][0xbf][0xbd][0x13][0xef][0xbf][0xbd][0xef][0xbf][0xbd]\[0xd2][0xad]97:^[0x1e][0xef][0xbf][0xbd]v[0xef][0xbf][0xbd]H[0xef][0xbf][0xbd][0xef][0xbf][0xbd][0xef][0xbf][0xbd]a[0xef][0xbf][0xbd][0xef][0xbf][0xbd][0xef][0xbf][0xbd][0xef][0xbf][0xbd][0xef][0xbf][0xbd][0xef][0xbf][0xbd][0xef][0xbf][0xbd][0xde][0x96][0xef][0xbf][0xbd][0xef][0xbf][0xbd][0xef][0xbf][0xbd]f[\r][0xef][0xbf][0xbd])[0xef][0xbf][0xbd][0xef][0xbf][0xbd]A[0x1c][0xef][0xbf][0xbd][[0xef][0xbf][0xbd][0xef][0xbf][0xbd]k[0xef][0xbf][0xbd]^++[0xef][0xbf][0xbd]m[0xef][0xbf][0xbd]O[0xef][0xbf][0xbd]e7[0xef][0xbf][0xbd]_|w[0xef][0xbf][0xbd][0xef][0xbf][0xbd][0xef][0xbf][0xbd]o[0xef][0xbf][0xbd][0xee][0x8d][0xbb]O[0x1e]@[0xef][0xbf][0xbd]1[0xef][0xbf][0xbd][0xef][0xbf][0xbd][0xef][0xbf][0xbd]kWn[0xef][0xbf][0xbd]9{[0xef][0xbf][0xbd][0xd3][0x9f]O[0x10][0xef][0xbf][0xbd][0x17][0xef][0xbf][0xbd][0xef][0xbf][0xbd][0xc5][0xaf]D&Dt[0xef][0xbf][0xbd]d9 [0xef][0xbf][0xbd]&[0xef][0xbf][0xbd][0xef][0xbf][0xbd][0xef][0xbf][0xbd]g[0xef][0xbf][0xbd]d[0xef][0xbf][0xbd][0xef][0xbf][0xbd][0xef][0xbf][0xbd][0xc6][0xa8]\[0x1b][0xef][0xbf][0xbd]7k[0xef][0xbf][0xbd][0x19][0x0]e[0xef][0xbf][0xbd][0xef][0xbf][0xbd]]VX[0xef][0xbf][0xbd]yA[0xef][0xbf][0xbd][0xef][0xbf][0xbd][\r][0xef][0xbf][0xbd][0xef][0xbf][0xbd][0xef][0xbf][0xbd][0xef][0xbf][0xbd][0x1][0xef][0xbf][0xbd][0xef][0xbf][0xbd]qJP[0xef][0xbf][0xbd][0xef][0xbf][0xbd][0xef][0xbf][0xbd]SL[0x1]:[0xef][0xbf][0xbd]p[0xef][0xbf][0xbd]ui[0xef][0xbf][0xbd]*S-[0xef][0xbf][0xbd]0[0xef][0xbf][0xbd]][0xef][0xbf][0xbd][0xef][0xbf][0xbd][0xef][0xbf][0xbd][0xef][0xbf][0xbd]_I[0xef][0xbf][0xbd][0xef][0xbf][0xbd]rAj[0xef][0xbf][0xbd][0xef][0xbf][0xbd]j~[0xef][0xbf][0xbd][0xef][0xbf][0xbd][0xef][0xbf][0xbd]A[0xef][0xbf][0xbd][0xef][0xbf][0xbd]V[0xef][0xbf][0xbd][0x19][0xef][0xbf][0xbd]>[0x9][0x12][0xf]M[0xef][0xbf][0xbd][0xef][0xbf][0xbd]C[0xef][0xbf][0xbd]M[0xef][0xbf][0xbd][0xef][0xbf][0xbd][0xcf][0xbb][0x1a][0xef][0xbf][0xbd][0xde][0xbf][0xef][0xbf][0xbd][0xef][0xbf][0xbd]?[0xef][0xbf][0xbd][0xef][0xbf][0xbd]w[0xef][0xbf][0xbd]=^[0x1e][0xef][0xbf][0xbd]^[0x3][0xef][0xbf][0xbd][0xf][0x1f][0xef][0xbf][0xbd]@[0xef][0xbf][0xbd][0xef][0xbf][0xbd][0x5]~[0xef][0xbf][0xbd]F-[0xef][0xbf][0xbd][0xef][0xbf][0xbd][0xef][0xbf][0xbd]P[0xef][0xbf][0xbd]. [0xef][0xbf][0xbd][0xef][0xbf][0xbd][0xef][0xbf][0xbd][0xef][0xbf][0xbd][0xde][0xb5][0xce][0x98][0xef][0xbf][0xbd]N4[0xef][0xbf][0xbd][0xe][0x7][0x13]0$[0xef][0xbf][0xbd][0x13]L[0xef][0xbf][0xbd]XJg[0xef][0xbf][0xbd];e[0xef][0xbf][0xbd][0x10][0xef][0xbf][0xbd]&?[0xef][0xbf][0xbd]kNl[0xef][0xbf][0xbd]HQ[0x1b]R,[0xef][0xbf][0xbd]8[0x9][0xef][0xbf][0xbd]b[0xef][0xbf][0xbd]16[0x0]![0xef][0xbf][0xbd][0xef][0xbf][0xbd][0x1b][0xef][0xbf][0xbd][0xef][0xbf][0xbd]Y;7[0xef][0xbf][0xbd]g[\r][0xef][0xbf][0xbd]m[0xef][0xbf][0xbd][0xef][0xbf][0xbd][0x11]R[0x2][0xef][0xbf][0xbd][0xef][0xbf][0xbd]*o[0x11][0xef][0xbf][0xbd]6[0xef][0xbf][0xbd]/[0xdb][0xa8][0xd6][0xba]I[0xef][0xbf][0xbd][0xef][0xbf][0xbd][0xef][0xbf][0xbd][0xef][0xbf][0xbd]vef[0xef][0xbf][0xbd][0xef][0xbf][0xbd][0xef][0xbf][0xbd][0x1a][0xef][0xbf][0xbd][0xef][0xbf][0xbd]?[0xef][0xbf][0xbd]l[0xef][0xbf][0xbd][0xef][0xbf][0xbd][0xef][0xbf][0xbd];[0xef][0xbf][0xbd][0xd2][0xb7]|,[0xef][0xbf][0xbd][0xef][0xbf][0xbd][0xef][0xbf][0xbd]?f[0xef][0xbf][0xbd][0xc][0xef][0xbf][0xbd]kY[0xef][0xbf][0xbd],[0xef][0xbf][0xbd][0xef][0xbf][0xbd][0x1][0xef][0xbf][0xbd][0xef][0xbf][0xbd][0xef][0xbf][0xbd]0[0x1e]k[0xef][0xbf][0xbd][0xef][0xbf][0xbd][0xef][0xbf][0xbd]T[0x1a]x[0xef][0xbf][0xbd][0x18]k[0x8]s[0xef][0xbf][0xbd]/[0xef][0xbf][0xbd]S[0xef][0xbf][0xbd][0xef][0xbf][0xbd][0xef][0xbf][0xbd][0xef][0xbf][0xbd][0xef][0xbf][0xbd][0xef][0xbf][0xbd]zC[0xef][0xbf][0xbd][0xef][0xbf][0xbd]a[0xef][0xbf][0xbd]L[\r][0xef][0xbf][0xbd][0x1a][0xef][0xbf][0xbd][0xef][0xbf][0xbd]E[0x8][0xef][0xbf][0xbd][0xef][0xbf][0xbd]>[0xef][0xbf][0xbd][0xef][0xbf][0xbd][0xef][0xbf][0xbd][0xef][0xbf][0xbd][0x2][0xef][0xbf][0xbd]*[0xef][0xbf][0xbd]6[0x10]#[0x16]i2k[0xef][0xbf][0xbd][0xef][0xbf][0xbd]v[0xc]nA[0xef][0xbf][0xbd]G[0x1f][0xef][0xbf][0xbd]1[0xc4][0xae]#[0xef][0xbf][0xbd]][0x18][0xef][0xbf][0xbd];[0xef][0xbf][0xbd]`[0xca][0x99]S[0x6][0xef][0xbf][0xbd][0x0][0x0]:d8[0xef][0xbf][0xbd]!Y[0xef][0xbf][0xbd]S[0xef][0xbf][0xbd]&[0xef][0xbf][0xbd][0xef][0xbf][0xbd][0xef][0xbf][0xbd]s-[0xef][0xbf][0xbd][0xef][0xbf][0xbd]\[0xef][0xbf][0xbd][0xef][0xbf][0xbd][0xef][0xbf][0xbd][0xef][0xbf][0xbd][0xef][0xbf][0xbd][0xcf][0xa0][0xef][0xbf][0xbd][0xc8][0xbf]0[0xef][0xbf][0xbd][0x13][0xef][0xbf][0xbd][0xef][0xbf][0xbd]E[0xef][0xbf][0xbd]S[0xef][0xbf][0xbd]?h[0xef][0xbf][0xbd][0x17]{[0xef][0xbf][0xbd][0xef][0xbf][0xbd]e[0x17][0xf][0xef][0xbf][0xbd][0xef][0xbf][0xbd]\[0xef][0xbf][0xbd]3[0xef][0xbf][0xbd][0xef][0xbf][0xbd][0x1a][0xef][0xbf][0xbd][0xef][0xbf][0xbd]Si[0xef][0xbf][0xbd][0xef][0xbf][0xbd][0xef][0xbf][0xbd]@f[0xef][0xbf][0xbd]it[0xef][0xbf][0xbd]=[0xef][0xbf][0xbd][0xc][0xef][0xbf][0xbd][0x7][0xef][0xbf][0xbd][0x1e][0xef][0xbf][0xbd]c[0xde][0x8e][0xef][0xbf][0xbd][0xef][0xbf][0xbd][0xef][0xbf][0xbd][0xef][0xbf][0xbd][0xef][0xbf][0xbd]$[0xef][0xbf][0xbd]U[0xef][0xbf][0xbd][0xef][0xbf][0xbd]n[0xef][0xbf][0xbd][0xb][0xef][0xbf][0xbd][0xef][0xbf][0xbd]D_[5[0xef][0xbf][0xbd][0xef][0xbf][0xbd][0xef][0xbf][0xbd]x[0x14]]J[0xc6][0x82][0xef][0xbf][0xbd][0xef][0xbf][0xbd][0xef][0xbf][0xbd]-`[0xef][0xbf][0xbd][0xef][0xbf][0xbd][0xef][0xbf][0xbd][0x1e]I[0xef][0xbf][0xbd]@U^<j[0xef][0xbf][0xbd][0xef][0xbf][0xbd][0xef][0xbf][0xbd][0xef][0xbf][0xbd][0xef][0xbf][0xbd]![0xef][0xbf][0xbd]b[0xef][0xbf][0xbd]!-[0xef][0xbf][0xbd][0x1a][0xef][0xbf][0xbd][0xef][0xbf][0xbd]U[0xef][0xbf][0xbd]n[0xef][0xbf][0xbd]&Y[0xef][0xbf][0xbd]eb[0xef][0xbf][0xbd]CW[0xef][0xbf][0xbd][0xef][0xbf][0xbd]]e[0xef][0xbf][0xbd]E?[0x16][0xd0][0xbe][0xef][0xbf][0xbd]Z[0xef][0xbf][0xbd][0xef][0xbf][0xbd][0xf]?[0xef][0xbf][0xbd][0xef][0xbf][0xbd][0xef][0xbf][0xbd]W[0xef][0xbf][0xbd][0xef][0xbf][0xbd][0xef][0xbf][0xbd][0xef][0xbf][0xbd][\r]?q[0x1][0xef][0xbf][0xbd][0xef][0xbf][0xbd]Y[0xef][0xbf][0xbd]|[0xef][0xbf][0xbd]Y{[0xef][0xbf][0xbd]S[0xef][0xbf][0xbd]i[0xef][0xbf][0xbd][0xef][0xbf][0xbd][0xef][0xbf][0xbd]M([0xef][0xbf][0xbd][0xef][0xbf][0xbd]4tP[\r][0xef][0xbf][0xbd][0xef][0xbf][0xbd]l[0xef][0xbf][0xbd][0x18]7[0xef][0xbf][0xbd][0xef][0xbf][0xbd][0xef][0xbf][0xbd]_[0xf][0xd7][0x9d][0xef][0xbf][0xbd][0xef][0xbf][0xbd][0xef][0xbf][0xbd][0xef][0xbf][0xbd]I[0xe][0xef][0xbf][0xbd][0xef][0xbf][0xbd]XE[0xef][0xbf][0xbd][0xef][0xbf][0xbd][0xef][0xbf][0xbd]Y'@[0xef][0xbf][0xbd][0x7][0xef][0xbf][0xbd][0x19]l[0xef][0xbf][0xbd]vu[0xb][0xef][0xbf][0xbd][0xef][0xbf][0xbd][0xef][0xbf][0xbd]pS[0xef][0xbf][0xbd][0xef][0xbf][0xbd]=[0xe5][0x9f][0xae]|&[0xef][0xbf][0xbd][0xef][0xbf][0xbd]~&[0xc8][0x98]MF3p[0x5][0xef][0xbf][0xbd]v f[0x6][0xef][0xbf][0xbd][0x14][0xef][0xbf][0xbd]u[0xef][0xbf][0xbd][0xef][0xbf][0xbd][0xef][0xbf][0xbd][0xef][0xbf][0xbd][0x1e]}s[0x6][0x5]p [0x1c][0xef][0xbf][0xbd][0xef][0xbf][0xbd][0x1b][0xef][0xbf][0xbd]G[0xef][0xbf][0xbd]}[0xef][0xbf][0xbd][0xef][0xbf][0xbd][0xef][0xbf][0xbd][0xef][0xbf][0xbd]3uN`1[0xef][0xbf][0xbd][0xef][0xbf][0xbd]k[\n]"
07:56:28.756 [main] DEBUG org.apache.http.wire -  >> "[0xef][0xbf][0xbd]0[0xef][0xbf][0xbd][0xef][0xbf][0xbd][0xcc][0x96][0xef][0xbf][0xbd][0xcf][0x95][0xef][0xbf][0xbd][0xef][0xbf][0xbd][0xef][0xbf][0xbd]u[0xef][0xbf][0xbd][0xef][0xbf][0xbd][0xef][0xbf][0xbd][0xdd][0x83]fO[0xef][0xbf][0xbd]G[0x1a]9[0xef][0xbf][0xbd][0xd4][0x97]4[0xef][0xbf][0xbd][0xef][0xbf][0xbd][0xef][0xbf][0xbd][0xef][0xbf][0xbd][0xef][0xbf][0xbd][0xef][0xbf][0xbd]2[0xef][0xbf][0xbd][0xef][0xbf][0xbd]H[0xef][0xbf][0xbd][0xef][0xbf][0xbd] [0xef][0xbf][0xbd],[0xef][0xbf][0xbd]JW]KDzU[5[0xef][0xbf][0xbd][0xd9][0xa9][0xef][0xbf][0xbd][0xef][0xbf][0xbd]Z[0xca][0xb6]Vj[0xef][0xbf][0xbd][0xef][0xbf][0xbd]+[0xef][0xbf][0xbd]qN[0xef][0xbf][0xbd][0xef][0xbf][0xbd]'[0x0][0xef][0xbf][0xbd][0x5][0xef][0xbf][0xbd][0xc3][0x86]5[0xef][0xbf][0xbd][0xef][0xbf][0xbd][0xef][0xbf][0xbd][0x14][0xcc][0x80][0xef][0xbf][0xbd][0xef][0xbf][0xbd]z[0xef][0xbf][0xbd][0xef][0xbf][0xbd][0xef][0xbf][0xbd][0xef][0xbf][0xbd]"[0xef][0xbf][0xbd][0x5][0xef][0xbf][0xbd]gA0[0xe][0xef][0xbf][0xbd][0xef][0xbf][0xbd][0xef][0xbf][0xbd]P y[0xef][0xbf][0xbd]{[0xef][0xbf][0xbd][0xef][0xbf][0xbd][0xef][0xbf][0xbd]c[0xef][0xbf][0xbd][0x11]q,[0xef][0xbf][0xbd][0xef][0xbf][0xbd][0xef][0xbf][0xbd][0xef][0xbf][0xbd]n[0xef][0xbf][0xbd][0x11][0xef][0xbf][0xbd]}[0xef][0xbf][0xbd][0xef][0xbf][0xbd]L[0xef][0xbf][0xbd][0xef][0xbf][0xbd][0xef][0xbf][0xbd][0xcd][0x9f][0xef][0xbf][0xbd]f[0xef][0xbf][0xbd][0xef][0xbf][0xbd][0xef][0xbf][0xbd]?[0xef][0xbf][0xbd][0x3][0x17][0x0][0xef][0xbf][0xbd][0xef][0xbf][0xbd]eca[0xef][0xbf][0xbd][0xef][0xbf][0xbd][0x7][0xef][0xbf][0xbd][0xef][0xbf][0xbd]g~[0xef][0xbf][0xbd][0xef][0xbf][0xbd][0xef][0xbf][0xbd]^[0xef][0xbf][0xbd][0xef][0xbf][0xbd]<[0xef][0xbf][0xbd][0xd6][0xb9][0x9][0xd0][0xb2]b[0xef][0xbf][0xbd][0xef][0xbf][0xbd][0xef][0xbf][0xbd][0xef][0xbf][0xbd]%[0xe5][0x83][0x91][0x15][0xef][0xbf][0xbd]AL[0x9][0x16][0xef][0xbf][0xbd]y[0xef][0xbf][0xbd];[0xef][0xbf][0xbd]LYq[0xef][0xbf][0xbd]x?[0xef][0xbf][0xbd][0xef][0xbf][0xbd]g[0xef][0xbf][0xbd]?[0xef][0xbf][0xbd][0xef][0xbf][0xbd][0xef][0xbf][0xbd]5[0xef][0xbf][0xbd][0xef][0xbf][0xbd][0x0][0x11]]/)[0xef][0xbf][0xbd]QJ[0xef][0xbf][0xbd][0xef][0xbf][0xbd]w3[0xef][0xbf][0xbd].?[0xef][0xbf][0xbd]u[0xef][0xbf][0xbd][0xef][0xbf][0xbd])[0xef][0xbf][0xbd][0xef][0xbf][0xbd]WZ[0x3]A[0xef][0xbf][0xbd][0xef][0xbf][0xbd]g[0xef][0xbf][0xbd]X[0xef][0xbf][0xbd][0xef][0xbf][0xbd][0xef][0xbf][0xbd]3cdT%[0xef][0xbf][0xbd]i[0xef][0xbf][0xbd]S[0xef][0xbf][0xbd]e[0xef][0xbf][0xbd][0xef][0xbf][0xbd]__[0xef][0xbf][0xbd]5[0xef][0xbf][0xbd][0xdf][0xa5]([0xef][0xbf][0xbd]m[0xef][0xbf][0xbd][0xef][0xbf][0xbd][0xe2][0xad][0xbe]\^[0x1f]4[0xef][0xbf][0xbd][0xef][0xbf][0xbd][0xef][0xbf][0xbd][0xef][0xbf][0xbd][0xef][0xbf][0xbd][0xf][0xef][0xbf][0xbd]=\v[0x7][0xef][0xbf][0xbd][0xef][0xbf][0xbd]<g[0x10]iQ[0x9][0xef][0xbf][0xbd][0x8][0xef][0xbf][0xbd][0xef][0xbf][0xbd]S[0xef][0xbf][0xbd][0xef][0xbf][0xbd]0[0xef][0xbf][0xbd][0xef][0xbf][0xbd][0x15][0xef][0xbf][0xbd]C[0x3][0xef][0xbf][0xbd]4[0xe]ES]@0s38[0xef][0xbf][0xbd]KQ[o[0xef][0xbf][0xbd][0xee][0x98][0x83][0xef][0xbf][0xbd][0xd0][0x95][0xef][0xbf][0xbd][0xef][0xbf][0xbd]Q[0xef][0xbf][0xbd][0xef][0xbf][0xbd][0xef][0xbf][0xbd][0x8][0xef]"
07:56:28.757 [main] DEBUG org.apache.http.wire -  >> "[0xbf][0xbd][0x16][0xb][0x1d][0xef][0xbf][0xbd]4[0xef][0xbf][0xbd][0xef][0xbf][0xbd][0xef][0xbf][0xbd]E[0x1b][0xef][0xbf][0xbd][0xde][0xb2][0xef][0xbf][0xbd].J[0xd8][0x81][0xef][0xbf][0xbd]S[0xcf][0xbe][0xef][0xbf][0xbd][0xef][0xbf][0xbd][0x5][0xef][0xbf][0xbd]58[0xef][0xbf][0xbd][0xef][0xbf][0xbd][0xef][0xbf][0xbd][0xef][0xbf][0xbd]X[0xef][0xbf][0xbd][0xef][0xbf][0xbd][0xef][0xbf][0xbd]S[0xef][0xbf][0xbd][0xef][0xbf][0xbd][0xca][0x9a][0xef][0xbf][0xbd]\[0x10]#[0xef][0xbf][0xbd]e[0xef][0xbf][0xbd][\r][0xef][0xbf][0xbd]B[0xef][0xbf][0xbd][0x1c][0xef][0xbf][0xbd][0xef][0xbf][0xbd][0xef][0xbf][0xbd][0xef][0xbf][0xbd][0xef][0xbf][0xbd]j`+[0x7]7h[0xef][0xbf][0xbd][0xef][0xbf][0xbd]o[0xef][0xbf][0xbd][0xef][0xbf][0xbd][0xef][0xbf][0xbd]7[0xd8][0xa5]\[0xcf][0xb2][0xef][0xbf][0xbd][0xef][0xbf][0xbd]'n[0xef][0xbf][0xbd][0xef][0xbf][0xbd][0xef][0xbf][0xbd][0x13][0xef][0xbf][0xbd]$[0x13]~[0xef][0xbf][0xbd]=V{(Q$[0xef][0xbf][0xbd]m[0xca][0xb2][0xef][0xbf][0xbd][0xf]z7[0x1][0xef][0xbf][0xbd]R[0xef][0xbf][0xbd]T[0x11]&[0xef][0xbf][0xbd]A[0xef][0xbf][0xbd][0xef][0xbf][0xbd]R[0xd0][0xb2];d!`0J[0xef][0xbf][0xbd]="Z[0xef][0xbf][0xbd]}[0x1][0x1f] n[0xef][0xbf][0xbd][0xe1][0x9b][0x89],[0xef][0xbf][0xbd][0xef][0xbf][0xbd][0xef][0xbf][0xbd][0xef][0xbf][0xbd]]`cF[0xef][0xbf][0xbd][0x1b][0xef][0xbf][0xbd]_ci\[0x14][0xe]8[0xc][0xef][0xbf][0xbd][0x3]+[0xef][0xbf][0xbd][0x1d]-[0xef][0xbf][0xbd][0xef][0xbf][0xbd]L[0xda][0x98])GS[0xd1][0x86][0xef][0xbf][0xbd]C[0xef][0xbf][0xbd][0xef][0xbf][0xbd][0xef][0xbf][0xbd][0xef][0xbf][0xbd]S[0xef][0xbf][0xbd]W[0x10][0xca][0xb5][0xef][0xbf][0xbd][0xd7][0x9f]M[0x4]A|[0xef][0xbf][0xbd][0xef][0xbf][0xbd][0xef][0xbf][0xbd]4![0xef][0xbf][0xbd][0x1f]qO[0xef][0xbf][0xbd][0xef][0xbf][0xbd][0xef][0xbf][0xbd][0xef][0xbf][0xbd];v#?[0xef][0xbf][0xbd][0xef][0xbf][0xbd]vQ[0xd0][0xa0][0xef][0xbf][0xbd][0xef][0xbf][0xbd][0x1b]mQ[0xef][0xbf][0xbd]w[0xef][0xbf][0xbd][0xef][0xbf][0xbd]z[0xef][0xbf][0xbd]:P[0xef][0xbf][0xbd][0x19][0xef][0xbf][0xbd][0xef][0xbf][0xbd][0xb][0xef][0xbf][0xbd][0xef][0xbf][0xbd][0xef][0xbf][0xbd]<[0x13][0xef][0xbf][0xbd][0xc2][0xac]G[0xe][0xef][0xbf][0xbd]i[0xef][0xbf][0xbd]0[0x13][0xd0][0xbc]-@[0xef][0xbf][0xbd][0xef][0xbf][0xbd]Ng[0xef][0xbf][0xbd][0xef][0xbf][0xbd][0xef][0xbf][0xbd][0x2][0xef][0xbf][0xbd]5[0xce][0xb4][0xef][0xbf][0xbd][0xc][0xc2][0xb5][0x11][0xef][0xbf][0xbd]][0xef][0xbf][0xbd]}M[0xef][0xbf][0xbd][0xef][0xbf][0xbd][0xef][0xbf][0xbd]oo[0xef][0xbf][0xbd][0xef][0xbf][0xbd][0xef][0xbf][0xbd][0xef][0xbf][0xbd]@[0xef][0xbf][0xbd][0xef][0xbf][0xbd][0xef][0xbf][0xbd]9LSR[0x19]`[0xcb][0xb4][0x15]S[0xd4][0xb7][0x8]`[0xef][0xbf][0xbd][0xef][0xbf][0xbd][0xef][0xbf][0xbd][0x2]}LI[0xef][0xbf][0xbd]>T?[0xef][0xbf][0xbd]![0xef][0xbf][0xbd][0xef][0xbf][0xbd]Ev/l[0x8][\n]"
07:56:28.757 [main] DEBUG org.apache.http.wire -  >> "[0xef][0xbf][0xbd][0xef][0xbf][0xbd][0xef][0xbf][0xbd][0x3][0x16][0xef][0xbf][0xbd]O[0xef][0xbf][0xbd]=[0xef][0xbf][0xbd]][0xef][0xbf][0xbd][0xef][0xbf][0xbd]+[0x1b][0xb][0xef][0xbf][0xbd][0xef][0xbf][0xbd][0xdf][0xb7]/[0xef][0xbf][0xbd][0xef][0xbf][0xbd][0xef][0xbf][0xbd]-n[0xef][0xbf][0xbd][0xef][0xbf][0xbd]q[0xef][0xbf][0xbd]VTr[0xef][0xbf][0xbd]O[0xc][0xef][0xbf][0xbd][0xef][0xbf][0xbd]s[0xef][0xbf][0xbd][0x16][0xef][0xbf][0xbd]*[0xef][0xbf][0xbd][0x12][0xef][0xbf][0xbd][0xef][0xbf][0xbd]_[0xe][0xe6][0xb1][0xa1][0xef][0xbf][0xbd]W[0xef][0xbf][0xbd][0xef][0xbf][0xbd]dL[0xef][0xbf][0xbd]g-{[0xef][0xbf][0xbd]~[0xef][0xbf][0xbd]![0xef][0xbf][0xbd]*[0xef][0xbf][0xbd]f[0xef][0xbf][0xbd]r[0xef][0xbf][0xbd].[0xca][0x90][0xef][0xbf][0xbd][0xef][0xbf][0xbd]#tq,[0xef][0xbf][0xbd],[0x19][0xef][0xbf][0xbd][0x13][0xcc][0x8c]^[\r][0xef][0xbf][0xbd]&1[0xe4][0xac][0x8c]_[0xb][0x1b][0xc][0xef][0xbf][0xbd]|$[0xef][0xbf][0xbd]8[0xef][0xbf][0xbd][0xef][0xbf][0xbd][0xef][0xbf][0xbd][0xef][0xbf][0xbd][0x0]5Z[0xef][0xbf][0xbd][0xef][0xbf][0xbd][0xef][0xbf][0xbd][0xef][0xbf][0xbd][0xef][0xbf][0xbd][0x9]~[0xef][0xbf][0xbd][0xef][0xbf][0xbd][0x0][0xef][0xbf][0xbd][0xef][0xbf][0xbd][0xef][0xbf][0xbd]h[0xef][0xbf][0xbd][0x1a]c[|[0xef][0xbf][0xbd]L[0xef][0xbf][0xbd]6[0x14][0xdc][0x86][0xef][0xbf][0xbd][0xef][0xbf][0xbd][0x18][0xef][0xbf][0xbd][0xef][0xbf][0xbd][0xef][0xbf][0xbd][0xef][0xbf][0xbd]^T[0xef][0xbf][0xbd]w[0xef][0xbf][0xbd]%[0xef][0xbf][0xbd]aVvt-[0xef][0xbf][0xbd][0xef][0xbf][0xbd]7d([0xef][0xbf][0xbd][0x5]t[0xef][0xbf][0xbd]oo4[0xef][0xbf][0xbd][0xef][0xbf][0xbd][0xc2][0x95][0xef][0xbf][0xbd][0x9][0xef][0xbf][0xbd]+[0xef][0xbf][0xbd][0x6]^[0xef][0xbf][0xbd]X[0xef][0xbf][0xbd][0xef][0xbf][0xbd][0xef][0xbf][0xbd][0xef][0xbf][0xbd]RG[0xef][0xbf][0xbd][0xef][0xbf][0xbd][0xef][0xbf][0xbd]%[0xef][0xbf][0xbd][0x3]s[0xef][0xbf][0xbd][0xef][0xbf][0xbd]N"[0xef][0xbf][0xbd][0xef][0xbf][0xbd][0xef][0xbf][0xbd][\r][0x5][0xef][0xbf][0xbd][0xef][0xbf][0xbd][0xef][0xbf][0xbd][0x10]"[0xef][0xbf][0xbd][0xef][0xbf][0xbd][0xef][0xbf][0xbd]t[0xef][0xbf][0xbd][0xef][0xbf][0xbd][0xc4][0xbc][0xef][0xbf][0xbd][0xef][0xbf][0xbd].[0xef][0xbf][0xbd][0xef][0xbf][0xbd]{l[0xef][0xbf][0xbd][0x6][0xef][0xbf][0xbd][0xef][0xbf][0xbd]D[0xef][0xbf][0xbd][0xef][0xbf][0xbd]Z[0xef][0xbf][0xbd][0xef][0xbf][0xbd],I[0x9][0x17]Ua[0xef][0xbf][0xbd][0xef][0xbf][0xbd][0x12][0xef][0xbf][0xbd][0xef][0xbf][0xbd]&[0xd8][0x88][[0x5][0xef][0xbf][0xbd]+[0xef][0xbf][0xbd][0xef][0xbf][0xbd]As0F[0xef][0xbf][0xbd][0xef][0xbf][0xbd]m[0xef][0xbf][0xbd][0xef][0xbf][0xbd][0xef][0xbf][0xbd]3[0xef][0xbf][0xbd]{[0xef][0xbf][0xbd][0xef][0xbf][0xbd][0x1f][0xda][0x98][0xef][0xbf][0xbd][0x11][0xef][0xbf][0xbd].[0xef][0xbf][0xbd][0xef][0xbf][0xbd][0xef][0xbf][0xbd];7[0xef][0xbf][0xbd][0xef][0xbf][0xbd]/[0xef][0xbf][0xbd][0xef][0xbf][0xbd]S[0x1b][0xb][0xef][0xbf][0xbd][0xef][0xbf][0xbd].l$9[0xef][0xbf][0xbd][0xef][0xbf][0xbd]][0xef][0xbf][0xbd][0xef][0xbf][0xbd][0xef][0xbf][0xbd][0xef][0xbf][0xbd][0xef][0xbf][0xbd]+w[0xef][0xbf][0xbd]b[0xef][0xbf][0xbd]s[0xf]Q[0x14]k/[0xef][0xbf][0xbd]p[0xef][0xbf][0xbd][0xef][0xbf][0xbd][0x1c][0xef][0xbf][0xbd][0xef][0xbf][0xbd][0xef][0xbf][0xbd][0x1a][0xef][0xbf][0xbd]_{T[0xef][0xbf][0xbd]\[0xef][0xbf][0xbd][0xef][0xbf][0xbd][0xef][0xbf][0xbd][0xef][0xbf][0xbd][0xef][0xbf][0xbd]x[0xef][0xbf][0xbd]+[0x1e][0xef][0xbf][0xbd][0xef][0xbf][0xbd],A:[0x3][0xef][0xbf][0xbd][0xef][0xbf][0xbd][0xef][0xbf][0xbd][0xef][0xbf][0xbd][0xef][0xbf][0xbd][0xef][0xbf][0xbd][0xef][0xbf][0xbd]rt[0xef][0xbf][0xbd]Q\b;[0xef][0xbf][0xbd]b[0xef][0xbf][0xbd]#[0xef][0xbf][0xbd][0xe]a[0xef][0xbf][0xbd][0xef][0xbf][0xbd]v[0xef][0xbf][0xbd][0x7]IS[0xef][0xbf][0xbd][0xef][0xbf][0xbd][0xef][0xbf][0xbd]e[0xef][0xbf][0xbd]?'%sI[0xef][0xbf][0xbd][0xcc][0xa8][0xef][0xbf][0xbd]2[0x16][0xef][0xbf][0xbd][0x6][0x14]_[0xef][0xbf][0xbd][0xef][0xbf][0xbd][0x2][0xef][0xbf][0xbd]u[0xef][0xbf][0xbd]O[0xef][0xbf][0xbd][0xef][0xbf][0xbd]^Z[0xef][0xbf][0xbd][0xef][0xbf][0xbd][0xef][0xbf][0xbd]k[0xef][0xbf][0xbd]k)[0x5]s[0xcf][0xb2][0xef][0xbf][0xbd][0xdd][0x93][0xef][0xbf][0xbd]}[0xdb][0x8d][0xef][0xbf][0xbd][0x0][0xef][0xbf][0xbd][0xef][0xbf][0xbd]-[0xef][0xbf][0xbd][0xef][0xbf][0xbd]O[m[0xef][0xbf][0xbd][0xef][0xbf][0xbd]@q,[0xe][0xef][0xbf][0xbd]Q[0xef][0xbf][0xbd][0xf][0xef][0xbf][0xbd]eUm[0xef][0xbf][0xbd][0xef][0xbf][0xbd][0xef][0xbf][0xbd][0x1f][0xef][0xbf][0xbd][0xef][0xbf][0xbd][0xef][0xbf][0xbd][0x18]ip5;?[0xc4][0x98][0xef][0xbf][0xbd][[[0xef][0xbf][0xbd][0xef][0xbf][0xbd]0[0xef][0xbf][0xbd][0xef][0xbf][0xbd][0xef][0xbf][0xbd][0xef][0xbf][0xbd][0xd0][0xa2][0xef][0xbf][0xbd]oy.[0xef][0xbf][0xbd][0xef][0xbf][0xbd]9{[0xef][0xbf][0xbd]l[0xef][0xbf][0xbd]{[[0xef][0xbf][0xbd][0xef][0xbf][0xbd][0x17]7[0xef][0xbf][0xbd][0xef][0xbf][0xbd][0xef][0xbf][0xbd][0xef][0xbf][0xbd]EO[0xef][0xbf][0xbd][0xef][0xbf][0xbd]9[0xef][0xbf][0xbd]n[0xef][0xbf][0xbd]d[0x1f]x[0x2][0xcf][0x97][0xef][0xbf][0xbd][0xef][0xbf][0xbd][0xef][0xbf][0xbd]e[0xef][0xbf][0xbd]=[0xef][0xbf][0xbd][0xef][0xbf][0xbd]Z[0xef][0xbf][0xbd]\[0xef][0xbf][0xbd][0xef][0xbf][0xbd][0x1d]Z[0xef][0xbf][0xbd]{O[0xef][0xbf][0xbd][\r][0x1e]'[0xef][0xbf][0xbd][0xea][0x87][0x99]~[0xef][0xbf][0xbd][0xef][0xbf][0xbd][0x1b][0x1f]9[0xef][0xbf][0xbd][0xd8][0x9b]/ v[\r][0xb]X[0xef][0xbf][0xbd]W>[0xef][0xbf][0xbd][0xef][0xbf][0xbd][0xef][0xbf][0xbd][0xef][0xbf][0xbd][0xef][0xbf][0xbd]P[0xef][0xbf][0xbd]6a[0xef][0xbf][0xbd]3[0xef][0xbf][0xbd]T[0xef][0xbf][0xbd][0xef][0xbf][0xbd][0xef][0xbf][0xbd][0x10][0xef][0xbf][0xbd]a[0xef][0xbf][0xbd][0x1d]D[0xef][0xbf][0xbd][0xe]l0[0xef][0xbf][0xbd][0xef][0xbf][0xbd]*[0xef][0xbf][0xbd]\[0xef][0xbf][0xbd]![0xef][0xbf][0xbd][0x1f]X[0xef][0xbf][0xbd]6[0xef][0xbf][0xbd]pl--[0xef][0xbf][0xbd]@^UW[0xc][0xef][0xbf][0xbd]#[0xef][0xbf][0xbd]-[0x1][0xef][0xbf][0xbd]R8rX[0xef][0xbf][0xbd]?l[0xef][0xbf][0xbd]0[0xef][0xbf][0xbd][0xef][0xbf][0xbd][0xef][0xbf][0xbd][0xef][0xbf][0xbd][0xef][0xbf][0xbd][\n]"
07:56:28.758 [main] DEBUG org.apache.http.wire -  >> "[0xef][0xbf][0xbd][0xc5][0x80]Up[0xef][0xbf][0xbd][0xef][0xbf][0xbd][0xef][0xbf][0xbd]1{[0x2]6a[0xef][0xbf][0xbd]e[0xef][0xbf][0xbd][0xef][0xbf][0xbd][0xef][0xbf][0xbd]9[0xef][0xbf][0xbd][0xef][0xbf][0xbd][0xde][0xba]?Qs[0x1f]2P[-X[0x9]CT[0x14][0xef][0xbf][0xbd][0xef][0xbf][0xbd]k[0xef][0xbf][0xbd][0x2][0xef][0xbf][0xbd][0x2]p[0x3][0xef][0xbf][0xbd]l[0x1a][0xb]'[0xdf][0xa3]uP[0xef][0xbf][0xbd][0xef][0xbf][0xbd]v[0xf][0xef][0xbf][0xbd]][0xef][0xbf][0xbd]}\[0xef][0xbf][0xbd][0xef][0xbf][0xbd][0xef][0xbf][0xbd][0x17]=/[0xef][0xbf][0xbd]]eF%[0x1d][0xef][0xbf][0xbd][0xef][0xbf][0xbd][0xef][0xbf][0xbd]w<[0xef][0xbf][0xbd]cC[0xe][0x3][0xcc][0xa6]n,[0xef][0xbf][0xbd]/n[0xef][0xbf][0xbd]<[0xe][0xef][0xbf][0xbd]n[0xef][0xbf][0xbd][0xef][0xbf][0xbd][0xef][0xbf][0xbd][0xef][0xbf][0xbd]M[0xef][0xbf][0xbd][0xef][0xbf][0xbd]d[0xef][0xbf][0xbd][[0xef][0xbf][0xbd]k[0xef][0xbf][0xbd][0xef][0xbf][0xbd][0x9][0xef][0xbf][0xbd][0xef][0xbf][0xbd]g:}l=[0xef][0xbf][0xbd][0xef][0xbf][0xbd][0xef][0xbf][0xbd][0xef][0xbf][0xbd]H[0xef][0xbf][0xbd]l[0xef][0xbf][0xbd][0xef][0xbf][0xbd][0xef][0xbf][0xbd][0xef][0xbf][0xbd]^k[0x1][0xef][0xbf][0xbd][0xef][0xbf][0xbd]p[0xef][0xbf][0xbd]g[0x1e]WkL\[0x18][0xef][0xbf][0xbd][0xef][0xbf][0xbd]b[0xef][0xbf][0xbd][0x17][0xef][0xbf][0xbd][0xef][0xbf][0xbd]0H[0x1c][0xef][0xbf][0xbd]1[0x7]~[0xef][0xbf][0xbd]N[0xef][0xbf][0xbd]?o~[0xef][0xbf][0xbd][0xd9][0x9f][0xef][0xbf][0xbd][0xef][0xbf][0xbd]-6v)[0xd7][0xab][0xef][0xbf][0xbd]|[0xcb][0xbe][0xef][0xbf][0xbd][0xef][0xbf][0xbd][0xef][0xbf][0xbd][0xef][0xbf][0xbd][0xef][0xbf][0xbd]q[0xef][0xbf][0xbd]bQ[0xef][0xbf][0xbd][0x9]p[0xef][0xbf][0xbd][0x14][0xef][0xbf][0xbd]![0xef][0xbf][0xbd]J[0xef][0xbf][0xbd]'4&[0xef][0xbf][0xbd]-[0xef][0xbf][0xbd][0xe][0xef][0xbf][0xbd][0xef][0xbf][0xbd][0xef][0xbf][0xbd][0xef][0xbf][0xbd][0xef][0xbf][0xbd]e1[0xef][0xbf][0xbd]"W[0xc9][0x8b][0xef][0xbf][0xbd]h"[0x10]6[0xef][0xbf][0xbd][0xef][0xbf][0xbd]5So[0xef][0xbf][0xbd][\r]w)bf%[0xef][0xbf][0xbd][0x1][0xef][0xbf][0xbd][0xd0][0x9b][0xef][0xbf][0xbd]H6r[0x8][0xef][0xbf][0xbd][ L\.[0xef][0xbf][0xbd]([0xef][0xbf][0xbd],[0xef][0xbf][0xbd][0xef][0xbf][0xbd]N[0xef][0xbf][0xbd]L Ngc[0xef][0xbf][0xbd][0xef][0xbf][0xbd]Fow[\r][0xef][0xbf][0xbd]h[[0xc2][0x85]f[0xef][0xbf][0xbd][0xef][0xbf][0xbd][0xef][0xbf][0xbd]~9q[0xef][0xbf][0xbd][0xef][0xbf][0xbd];[0xef][0xbf][0xbd]^*a[0xef][0xbf][0xbd]%![0xef][0xbf][0xbd]1[0xef][0xbf][0xbd]%[0xef][0xbf][0xbd][0xef][0xbf][0xbd][0x2][0xef][0xbf][0xbd][0xef][0xbf][0xbd]}[0xef][0xbf][0xbd][0xef][0xbf][0xbd][0xef][0xbf][0xbd][0xef][0xbf][0xbd][0xef][0xbf][0xbd][0xef][0xbf][0xbd][0x1f][0xef][0xbf][0xbd][0xef][0xbf][0xbd][[0xef][0xbf][0xbd][0x1e]+[0xef][0xbf][0xbd][0xef][0xbf][0xbd][0xef][0xbf][0xbd][0xef][0xbf][0xbd][0x10][0xef][0xbf][0xbd]"[0xef][0xbf][0xbd][0xef][0xbf][0xbd][0x1d][0xef][0xbf][0xbd]H[0xef][0xbf][0xbd][0xc5][0x80]3[0xef][0xbf][0xbd][0xef][0xbf][0xbd][0xef][0xbf][0xbd][0xef][0xbf][0xbd][0xc5][0x8c][0x9][0xef][0xbf][0xbd][0x17]t[0xef][0xbf][0xbd][0x1][0xef][0xbf][0xbd]2[\n]"
07:56:28.758 [main] DEBUG org.apache.http.wire -  >> "[0x1d][0x5][0xef][0xbf][0xbd][0xef][0xbf][0xbd][0xef][0xbf][0xbd]d)[0xef][0xbf][0xbd][0xef][0xbf][0xbd][0xef][0xbf][0xbd][0xef][0xbf][0xbd][0xef][0xbf][0xbd][0xb][0xef][0xbf][0xbd]U'[0x1]\[0x1][0xef][0xbf][0xbd]I[0x17][0xef][0xbf][0xbd]v[0x5][0xef][0xbf][0xbd]L3[0xef][0xbf][0xbd][0xef][0xbf][0xbd]d{[0xef][0xbf][0xbd]uD[\r][0xef][0xbf][0xbd]Y#[0xef][0xbf][0xbd][0x0]ak[0xef][0xbf][0xbd][0xef][0xbf][0xbd]~[0xef][0xbf][0xbd][0xef][0xbf][0xbd][0xef][0xbf][0xbd][0xef][0xbf][0xbd]@[0x6][0xef][0xbf][0xbd]F[0xef][0xbf][0xbd][0xcd][0x91][0xef][0xbf][0xbd]1}X[0x4][0xc]=[0xef][0xbf][0xbd][0xef][0xbf][0xbd]R[0x11][0xef][0xbf][0xbd]E[0xef][0xbf][0xbd][0xef][0xbf][0xbd]eO[0xef][0xbf][0xbd][0xef][0xbf][0xbd]u[0xef][0xbf][0xbd][0xef][0xbf][0xbd][0xef][0xbf][0xbd][0x1][0xef][0xbf][0xbd][0xef][0xbf][0xbd][[0xef][0xbf][0xbd]h[0xef][0xbf][0xbd]r[0xef][0xbf][0xbd][0xef][0xbf][0xbd][0xb][0xef][0xbf][0xbd][0xef][0xbf][0xbd][0xef][0xbf][0xbd][0xef][0xbf][0xbd][0xef][0xbf][0xbd]j[0x3]3[0xef][0xbf][0xbd]S[0xef][0xbf][0xbd][0x1c][0xef][0xbf][0xbd]?[0xef][0xbf][0xbd][0xef][0xbf][0xbd] [0xef][0xbf][0xbd][0xef][0xbf][0xbd]hp[0xef][0xbf][0xbd]M[0xef][0xbf][0xbd][[0xef][0xbf][0xbd][0xef][0xbf][0xbd][0xef][0xbf][0xbd][0x6] [0xef][0xbf][0xbd]7@[0xef][0xbf][0xbd]xZ[0xef][0xbf][0xbd]@[0xef][0xbf][0xbd]&}D[0xef][0xbf][0xbd]pq[0xef][0xbf][0xbd]S[0x1e][0xef][0xbf][0xbd][0x6][0xef][0xbf][0xbd][0xef][0xbf][0xbd]v[0xef][0xbf][0xbd][0xef][0xbf][0xbd]0[0xef][0xbf][0xbd][0x6]k[0xef][0xbf][0xbd]1[0x14][0xef][0xbf][0xbd][0xef][0xbf][0xbd]Q[0xef][0xbf][0xbd][0x3][0xef][0xbf][0xbd][0x18][0xef][0xbf][0xbd]_][0xef][0xbf][0xbd]"gR[0xf]X[0xef][0xbf][0xbd][0x1c]v[0xef][0xbf][0xbd][0xef][0xbf][0xbd]:[0xef][0xbf][0xbd][0xef][0xbf][0xbd]@KC[0x3][0xef][0xbf][0xbd] [0xef][0xbf][0xbd][0xef][0xbf][0xbd][0xef][0xbf][0xbd][0xef][0xbf][0xbd])[0xef][0xbf][0xbd][0xef][0xbf][0xbd]Nl[0x0][0xef][0xbf][0xbd]r&_P[0xef][0xbf][0xbd]M[0xef][0xbf][0xbd]X[0xef][0xbf][0xbd][0xef][0xbf][0xbd]4F[0xef][0xbf][0xbd][0xef][0xbf][0xbd]fL[0xef][0xbf][0xbd]!q[0xef][0xbf][0xbd]su[0xef][0xbf][0xbd])[0xef][0xbf][0xbd][0xef][0xbf][0xbd][0xef][0xbf][0xbd]t[0xef][0xbf][0xbd][0x2][0xe4][0x83][0xb6]{[0xef][0xbf][0xbd][0xef][0xbf][0xbd]ce[0x3][0xef][0xbf][0xbd][0xef][0xbf][0xbd][0xef][0xbf][0xbd]<[0xef][0xbf][0xbd]}[0x13]w!L[0xef][0xbf][0xbd][0xef][0xbf][0xbd][0xef][0xbf][0xbd]z;%[0xef][0xbf][0xbd][0xef][0xbf][0xbd][0xef][0xbf][0xbd][0xef][0xbf][0xbd].U[0xde][0xa5][0xef][0xbf][0xbd][0x9]bj[0xef][0xbf][0xbd]9[0xdf][0x92][0xef][0x82][0x98][0xd5][0x85][0xda][0xaf][0xef][0xbf][0xbd][0xb][0xef][0xbf][0xbd][0xef][0xbf][0xbd][0xef][0xbf][0xbd][0xef][0xbf][0xbd]28[0xef][0xbf][0xbd]D[q[0xef][0xbf][0xbd]YL[0x2][0x18][0xef][0xbf][0xbd]t[0xef][0xbf][0xbd][0xef][0xbf][0xbd]$[0xef][0xbf][0xbd][0xef][0xbf][0xbd][0xef][0xbf][0xbd][0xd0][0xa3]0[0xef][0xbf][0xbd]QL[0xef][0xbf][0xbd][0xef][0xbf][0xbd]Yw[0x19]y[0xef][0xbf][0xbd]Yd[0xef][0xbf][0xbd][0xef][0xbf][0xbd][0xef][0xbf][0xbd]!e[0x2]G[0xef][0xbf][0xbd];[0xef][0xbf][0xbd][0xef][0xbf][0xbd][0xef][0xbf][0xbd]([0xef][0xbf][0xbd][0xef][0xbf][0xbd][0xef][0xbf][0xbd]6'[0x1e]Z[0xef][0xbf][0xbd][0xef][0xbf][0xbd]^[0xef][0xbf][0xbd]U[0x13][0x18][0xef][0xbf][0xbd][0x4][0xef][0xbf][0xbd][0xef][0xbf][0xbd]i[0xef][0xbf][0xbd]I[0xef][0xbf][0xbd]`[0xc5][0x8e][0xef][0xbf][0xbd]Y[0xef][0xbf][0xbd][0xef][0xbf][0xbd]7[0xef][0xbf][0xbd]]@[0xef][0xbf][0xbd][0xda][0x95][0xef][0xbf][0xbd][0xef][0xbf][0xbd][0x17][0xef][0xbf][0xbd][0xef][0xbf][0xbd]O>m[0xef][0xbf][0xbd]~[0xef][0xbf][0xbd][0xdd][0xbe]S[0xef][0xbf][0xbd][0xef][0xbf][0xbd][0x16][0x1f]:[0xef][0xbf][0xbd][0x1c][0xef][0xbf][0xbd]&[0xef][0xbf][0xbd][0x2]-[0x7][0xef][0xbf][0xbd]l[0xef][0xbf][0xbd]Qhj[0x12][0xef][0xbf][0xbd][0xef][0xbf][0xbd][0xc]r[0xef][0xbf][0xbd]l3[0xef][0xbf][0xbd][0xef][0xbf][0xbd][0xef][0xbf][0xbd][0xef][0xbf][0xbd]7[0xef][0xbf][0xbd][0xef][0xbf][0xbd][0xef][0xbf][0xbd][0xef][0xbf][0xbd]a[\n]"
07:56:28.758 [main] DEBUG org.apache.http.wire -  >> "[0x1d][0xef][0xbf][0xbd]i'86[0xef][0xbf][0xbd][0xef][0xbf][0xbd]r[0xef][0xbf][0xbd]D6N[0xef][0xbf][0xbd][0x8][0xef][0xbf][0xbd][0xef][0xbf][0xbd][0xef][0xbf][0xbd][0xef][0xbf][0xbd][0xef][0xbf][0xbd]Y[0xef][0xbf][0xbd]j[0x1][0xef][0xbf][0xbd]R[0xef][0xbf][0xbd]h6[0x1a][0xef][0xbf][0xbd][0x11][0xef][0xbf][0xbd]i[0xef][0xbf][0xbd]n[0xef][0xbf][0xbd][0xef][0xbf][0xbd]N[0x8][0xef][0xbf][0xbd][0xef][0xbf][0xbd]}[0xef][0xbf][0xbd][0xef][0xbf][0xbd][0xef][0xbf][0xbd][0xef][0xbf][0xbd]/Cn[0xef][0xbf][0xbd]Zb[0xef][0xbf][0xbd][0xef][0xbf][0xbd][0xef][0xbf][0xbd][0xef][0xbf][0xbd]i7R[0xef][0xbf][0xbd][0xef][0xbf][0xbd]#6[0x1a][0xef][0xbf][0xbd][0xef][0xbf][0xbd][0x5]z&[0xef][0xbf][0xbd][0xef][0xbf][0xbd]f[0xef][0xbf][0xbd][0xef][0xbf][0xbd]0s?/[0xef][0xbf][0xbd]r[0xef][0xbf][0xbd]a[0xef][0xbf][0xbd]K[0xef][0xbf][0xbd]<[0xef][0xbf][0xbd]:[0x2][0xde][0xa5][0x4][0xc6][0xbd][0xef][0xbf][0xbd][0xf][0xef][0xbf][0xbd]O<uO[0xef][0xbf][0xbd][0xef][0xbf][0xbd]g[0x3][0xef][0xbf][0xbd][0xef][0xbf][0xbd][0xde][0x9e][0xd8][0xbe][0x9][0xd6][0x84]3[0xef][0xbf][0xbd]E[0xef][0xbf][0xbd]P[0xf]4t:>u[0xef][0xbf][0xbd]r[0x2]7[0xef][0xbf][0xbd][0xef][0xbf][0xbd][0xef][0xbf][0xbd][0xef][0xbf][0xbd]4h[0xef][0xbf][0xbd][0xd2][0xbe];[0xef][0xbf][0xbd][0xe]0[0xef][0xbf][0xbd][0xef][0xbf][0xbd]4[0xef][0xbf][0xbd]y>[0x17]K[0xdd][0x99][0x0][0xef][0xbf][0xbd][0xef][0xbf][0xbd]G[0xef][0xbf][0xbd][0xef][0xbf][0xbd][0xef][0xbf][0xbd][0x18]R[0x1d][0xce][0xa0]p[0xef][0xbf][0xbd][0xef][0xbf][0xbd][0x4][0xef][0xbf][0xbd][0xef][0xbf][0xbd][0xc6][0x85][0xef][0xbf][0xbd]D[0x4][0xef][0xbf][0xbd][0xef][0xbf][0xbd][0xd9][0xb4][0xef][0xbf][0xbd][0xc].B[0xef][0xbf][0xbd][0x16]?[0xef][0xbf][0xbd][0xef][0xbf][0xbd]`[0xef][0xbf][0xbd][0xef][0xbf][0xbd]b[0xef][0xbf][0xbd]Q[0xef][0xbf][0xbd][0xef][0xbf][0xbd][0xef][0xbf][0xbd][0x11][0x18]r[\n]"
07:56:28.758 [main] DEBUG org.apache.http.wire -  >> "[0x1b]R[0xef][0xbf][0xbd][0xef][0xbf][0xbd]2[0xef][0xbf][0xbd][0xef][0xbf][0xbd][0xe]q[0xef][0xbf][0xbd]t[0xef][0xbf][0xbd][0xef][0xbf][0xbd][0x5][0xef][0xbf][0xbd][0x2];[0xef][0xbf][0xbd][0x12][0xef][0xbf][0xbd][0xef][0xbf][0xbd]^[0xef][0xbf][0xbd][0xca][0x91][0xef][0xbf][0xbd]}[0xef][0xbf][0xbd][0xef][0xbf][0xbd]~[0xef][0xbf][0xbd][0xef][0xbf][0xbd]|[0xef][0xbf][0xbd]+[0xef][0xbf][0xbd][0x10]V>~[0xef][0xbf][0xbd]!+[0xef][0xbf][0xbd][0xef][0xbf][0xbd][0xef][0xbf][0xbd]b_[0xef][0xbf][0xbd][0xef][0xbf][0xbd]R*[0xef][0xbf][0xbd][0xef][0xbf][0xbd][0xef][0xbf][0xbd]Y[0xef][0xbf][0xbd]A[0xef][0xbf][0xbd]i[0xef][0xbf][0xbd][0xef][0xbf][0xbd]"%[0xef][0xbf][0xbd][0xef][0xbf][0xbd]SYK[0x1d][0xef][0xbf][0xbd][0xef][0xbf][0xbd][0xef][0xbf][0xbd]U![0xef][0xbf][0xbd]M[0x1f]S[0xef][0xbf][0xbd]M[\r],+[0xd5][0x99].[0xef][0xbf][0xbd][0xef][0xbf][0xbd][0xef][0xbf][0xbd]Py[0xef][0xbf][0xbd][0xc]de[0xef][0xbf][0xbd][0xef][0xbf][0xbd]#[0xef][0xbf][0xbd][0xef][0xbf][0xbd][0xef][0xbf][0xbd]EL[0xef][0xbf][0xbd][0xef][0xbf][0xbd][0x17][0xef][0xbf][0xbd][0xda][0x8f][0xef][0xbf][0xbd]d[0xef][0xbf][0xbd][0xef][0xbf][0xbd]q[0x7][0xef][0xbf][0xbd]a%[0xef][0xbf][0xbd])[0xef][0xbf][0xbd]n&^[0x1c][0xd7][0xb8]}[0xef][0xbf][0xbd][0xef][0xbf][0xbd][0xef][0xbf][0xbd]][0xef][0xbf][0xbd]wS[0xef][0xbf][0xbd][0xc7][0x83]e[0xef][0xbf][0xbd].lh)[0xef][0xbf][0xbd][0x1d]Y%[0xef][0xbf][0xbd]g[0xef][0xbf][0xbd]m@s[0xef][0xbf][0xbd][0xd8][0x9e][0xef][0xbf][0xbd]Pb[0xef][0xbf][0xbd]5[0xef][0xbf][0xbd][0xef][0xbf][0xbd][0xef][0xbf][0xbd]L[0xef][0xbf][0xbd]g[0x1d][0xef][0xbf][0xbd]@[0xef][0xbf][0xbd]]fo~[0xef][0xbf][0xbd][0xef][0xbf][0xbd][0xef][0xbf][0xbd][0xef][0xbf][0xbd][0xef][0xbf][0xbd]Ce[0x3][0xef][0xbf][0xbd]L[0xef][0xbf][0xbd]8[0xef][0xbf][0xbd]|[0xef][0xbf][0xbd][0xef][0xbf][0xbd][[0xef][0xbf][0xbd][0xef][0xbf][0xbd]ba[0xef][0xbf][0xbd]&57@[0xef][0xbf][0xbd][0xce][0xa6][0x19]&GM[0xef][0xbf][0xbd].[0xef][0xbf][0xbd]K&[0xef][0xbf][0xbd]\[0xef][0xbf][0xbd]Z[0xef][0xbf][0xbd][0xef][0xbf][0xbd]d[0x5]B[0x1][0xc2][0xb3][0x1d]^[0xef][0xbf][0xbd][0xef][0xbf][0xbd][0xef][0xbf][0xbd][0xef][0xbf][0xbd]`v_[0xef][0xbf][0xbd][0xef][0xbf][0xbd][0x5]n[0x15][0xef][0xbf][0xbd]}[\n]"
07:56:28.759 [main] DEBUG org.apache.http.wire -  >> "[0xef][0xbf][0xbd][0xef][0xbf][0xbd][0xef][0xbf][0xbd][0xef][0xbf][0xbd]![0xef][0xbf][0xbd]0[\r]LA[0xef][0xbf][0xbd]e#[0xef][0xbf][0xbd][0xef][0xbf][0xbd]$[0xef][0xbf][0xbd][0xef][0xbf][0xbd]{[0x1c]z[0xef][0xbf][0xbd]![0x10][0x1b][0xef][0xbf][0xbd]-[0xef][0xbf][0xbd][0xef][0xbf][0xbd][0xef][0xbf][0xbd])|[0xef][0xbf][0xbd]v[0x13][0x1]p[0xef][0xbf][0xbd][0xc5][0xbf][0xef][0xbf][0xbd][0xe][0x1c]F0[0xef][0xbf][0xbd]F7[0x8][0xef][0xbf][0xbd][0x1]A-[0xef][0xbf][0xbd][0xef][0xbf][0xbd][0xef][0xbf][0xbd][0xef][0xbf][0xbd][0xef][0xbf][0xbd][0xef][0xbf][0xbd][0x11][0xef][0xbf][0xbd][0xef][0xbf][0xbd][0xef][0xbf][0xbd]S[0xef][0xbf][0xbd]"
07:56:28.759 [main] DEBUG org.apache.http.wire -  >> "[0xef][0xbf][0xbd][0x1d]{[0xef][0xbf][0xbd][0x17][0xd3][0x9e][0xef][0xbf][0xbd][0xef][0xbf][0xbd][0xef][0xbf][0xbd][0xdb][0x92];N[0xef][0xbf][0xbd][0x7]Y[0x11]P[0xef][0xbf][0xbd]m1#X[0xef][0xbf][0xbd][0xef][0xbf][0xbd][0x6][0xef][0xbf][0xbd][0x7][0x0]9wv}r[0xda][0x87][0xef][0xbf][0xbd]|dxW[0xef][0xbf][0xbd]n[0xc][0xef][0xbf][0xbd]%[0xef][0xbf][0xbd][0xef][0xbf][0xbd][0xef][0xbf][0xbd][0xef][0xbf][0xbd][0xef][0xbf][0xbd][0xef][0xbf][0xbd][0xef][0xbf][0xbd]@Z[0xef][0xbf][0xbd]x7[0xef][0xbf][0xbd]97[0xef][0xbf][0xbd][0xef][0xbf][0xbd][0xef][0xbf][0xbd][0xef][0xbf][0xbd][0xef][0xbf][0xbd][0xef][0xbf][0xbd]5*[0xef][0xbf][0xbd][0x1][0xef][0xbf][0xbd]K[0xef][0xbf][0xbd][0x13][0xef][0xbf][0xbd]<zPH[0xef][0xbf][0xbd]L`AS[0xc8][0xb4]d[0xef][0xbf][0xbd][0x1] r1&$[\r][0xef][0xbf][0xbd]N[0x18][0xef][0xbf][0xbd][0xef][0xbf][0xbd]ygT[0xef][0xbf][0xbd][0xef][0xbf][0xbd][0xe9][0x8c][0xa5][0xef][0xbf][0xbd][0xc2][0x9b]2#[0xef][0xbf][0xbd]aaT[0x0]7[0xef][0xbf][0xbd][0xef][0xbf][0xbd]][0xef][0xbf][0xbd][0xef][0xbf][0xbd][0x16][0xef][0xbf][0xbd]'[0xef][0xbf][0xbd]o$[0x16][0xef][0xbf][0xbd][0xef][0xbf][0xbd][0x2][0xef][0xbf][0xbd][0xef][0xbf][0xbd]g[0xef][0xbf][0xbd][0x16]6[0xef][0xbf][0xbd][0xef][0xbf][0xbd][0xef][0xbf][0xbd][0xef][0xbf][0xbd][0xef][0xbf][0xbd]/[0xef][0xbf][0xbd][0x1e]*[0xef][0xbf][0xbd][0xef][0xbf][0xbd]aO[0xef][0xbf][0xbd][0xef][0xbf][0xbd]U[0x1c]1*[0xd1][0xa0][0xef][0xbf][0xbd][0xef][0xbf][0xbd][0xeb][0xbd][0xad][0xef][0xbf][0xbd]2S[0xef][0xbf][0xbd][0xda][0x9a]![0x8][0xef][0xbf][0xbd][0xef][0xbf][0xbd]7;[0x17]D&[0xef][0xbf][0xbd]%[0xef][0xbf][0xbd][0x14]sr[0xef][0xbf][0xbd][0xef][0xbf][0xbd][0xef][0xbf][0xbd]5[0xef][0xbf][0xbd][\n]"
07:56:28.759 [main] DEBUG org.apache.http.wire -  >> "[0xef][0xbf][0xbd][0x5]P[0xef][0xbf][0xbd][0x1c][0x1b]@`[0xef][0xbf][0xbd][0xca][0x8d][0xef][0xbf][0xbd] 5[0xef][0xbf][0xbd][0xef][0xbf][0xbd][0xef][0xbf][0xbd][0xef][0xbf][0xbd][0xca][0x9b][0xef][0xbf][0xbd][0xef][0xbf][0xbd]B[0xef][0xbf][0xbd][0xef][0xbf][0xbd][0xef][0xbf][0xbd][0xef][0xbf][0xbd].U[0xe7][0x87][0x8e][0xef][0xbf][0xbd][0xef][0xbf][0xbd][0xef][0xbf][0xbd][0xef][0xbf][0xbd]VS[0xef][0xbf][0xbd]~[0x8][0xc5][0xb7]1[0x5][0x10][0xef][0xbf][0xbd]0qM[0xef][0xbf][0xbd]z[0xef][0xbf][0xbd]/[0x5]v![0xef][0xbf][0xbd]b[0xef][0xbf][0xbd][0xef][0xbf][0xbd][0xef][0xbf][0xbd][0xef][0xbf][0xbd][0xef][0xbf][0xbd][0xf4][0x81][0x89][0xbd][0xef][0xbf][0xbd]uv)[0xd7][0xa7][0xef][0xbf][0xbd][0xef][0xbf][0xbd][0xef][0xbf][0xbd]W[0xef][0xbf][0xbd][0xef][0xbf][0xbd][0xef][0xbf][0xbd][0xef][0xbf][0xbd][0xef][0xbf][0xbd][0xef][0xbf][0xbd][0xef][0xbf][0xbd][0x1f]<C [0xc2][0xae]P`[0x1]?[0xef][0xbf][0xbd][0xef][0xbf][0xbd]a[0xef][0xbf][0xbd][0xef][0xbf][0xbd]%[0xef][0xbf][0xbd]H[0xef][0xbf][0xbd][0xef][0xbf][0xbd][0x1d][0xef][0xbf][0xbd][0xef][0xbf][0xbd]^[0xce][0x8c]C[0xef][0xbf][0xbd][0xc9][0xb6][0xef][0xbf][0xbd]k[0xef][0xbf][0xbd][0xef][0xbf][0xbd][0xc6][0xb3][0xef][0xbf][0xbd][0xef][0xbf][0xbd]DF[0xef][0xbf][0xbd]T[0x0][0xef][0xbf][0xbd][0xef][0xbf][0xbd]/P[0xef][0xbf][0xbd][0xef][0xbf][0xbd][0xef][0xbf][0xbd][0xef][0xbf][0xbd][0x1f][0xef][0xbf][0xbd][0x6]l[b;[0x6][0x0]U[0xef][0xbf][0xbd][0xef][0xbf][0xbd]2[0xef][0xbf][0xbd][0xef][0xbf][0xbd][0x1f]N[0xef][0xbf][0xbd][0x4].[X[0xef][0xbf][0xbd][0xef][0xbf][0xbd][0xef][0xbf][0xbd][0xef][0xbf][0xbd]TC[0xef][0xbf][0xbd][0xef][0xbf][0xbd]d[0xef][0xbf][0xbd][0x1c][0xef][0xbf][0xbd]Q[0xef][0xbf][0xbd]q[0xef][0xbf][0xbd][0xef][0xbf][0xbd]g{6[0xef][0xbf][0xbd]o[0xef][0xbf][0xbd]J[0xef][0xbf][0xbd][0xef][0xbf][0xbd]0[0x2]p[0xef][0xbf][0xbd]bu[0xf]u[0xef][0xbf][0xbd][0x9]h[0xef][0xbf][0xbd][0x18][0xef][0xbf][0xbd][0xef][0xbf][0xbd][0xef][0xbf][0xbd][0xc6][0xba]Z[0xef][0xbf][0xbd][0xda][0xa9]kR[0xef][0xbf][0xbd][0x1f][0xef][0xbf][0xbd][0x17]#?[0xef][0xbf][0xbd][0xef][0xbf][0xbd])p;w[0x1f][0xef][0xbf][0xbd]z[0xef][0xbf][0xbd]p[0x3][0xef][0xbf][0xbd]>>[0xef][0xbf][0xbd][0xef][0xbf][0xbd][0x4]n#c[0xef][0xbf][0xbd]Uy[0xef][0xbf][0xbd]5[0xd3][0x9e]u[0xef][0xbf][0xbd]}[0xef][0xbf][0xbd][0x1b]5[0xef][0xbf][0xbd]r[0x12]Kb[0xef][0xbf][0xbd]=[0xef][0xbf][0xbd]i[0x1d][0xef][0xbf][0xbd][0x12][0xef][0xbf][0xbd][0xef][0xbf][0xbd][0xef][0xbf][0xbd][0xef][0xbf][0xbd][0xef][0xbf][0xbd][0xef][0xbf][0xbd]e[0xef][0xbf][0xbd]Ck[0xcb][0xaa]B[0xef][0xbf][0xbd]l[0xef][0xbf][0xbd][0x4][0xef][0xbf][0xbd]w[0xef][0xbf][0xbd]WAH[0xef][0xbf][0xbd][0xef][0xbf][0xbd]/[0xef][0xbf][0xbd][0xef][0xbf][0xbd][0xef][0xbf][0xbd]m[0xef][0xbf][0xbd][0xef][0xbf][0xbd]aA[0xef][0xbf][0xbd][0xef][0xbf][0xbd]:[0x14][0xef][0xbf][0xbd][0xef][0xbf][0xbd]*[0xef][0xbf][0xbd][0x0]?[0xef][0xbf][0xbd]D[0xef][0xbf][0xbd]?[0xef][0xbf][0xbd][0xef][0xbf][0xbd]rLz[0xef][0xbf][0xbd][0x3]p[0xef][0xbf][0xbd]/3[0xef][0xbf][0xbd][0x1][0xef][0xbf][0xbd]e[0xc]zg[0xef][0xbf][0xbd]m[0x7]&[0xef][0xbf][0xbd][0xef][0xbf][0xbd][0xb][0xef][0xbf][0xbd]][0xef][0xbf][0xbd][0xef][0xbf][0xbd][0xef][0xbf][0xbd][0xef][0xbf][0xbd][0xef][0xbf][0xbd][0xef][0xbf][0xbd]=[0xef][0xbf][0xbd][0xb]OeZ[0xef][0xbf][0xbd]w[0xef][0xbf][0xbd]`[0xef][0xbf][0xbd]z[0xef][0xbf][0xbd]V[0xef][0xbf][0xbd]6[0xef][0xbf][0xbd][0xef][0xbf][0xbd]L=[0xef][0xbf][0xbd][0xef][0xbf][0xbd]z[0xef][0xbf][0xbd][0xef][0xbf][0xbd]O[0xef][0xbf][0xbd][0x12][0xef][0xbf][0xbd][0xef][0xbf][0xbd][0xef][0xbf][0xbd][0x11][0xd8][0xad][0xef][0xbf][0xbd][0x0],[0xd4][0x8d][0xd9][0xb6]Y[0x12][0x11]7y[0xb]P[0xef][0xbf][0xbd][0x1d][0xef][0xbf][0xbd][0x19][0x1c][0xef][0xbf][0xbd][0xef][0xbf][0xbd][0x1a][0xef][0xbf][0xbd]J[0xef][0xbf][0xbd]5P5[0x0]Q[0xef][0xbf][0xbd][0x1e]oA[0xef][0xbf][0xbd][0xef][0xbf][0xbd]h[0xef][0xbf][0xbd]K[0xef][0xbf][0xbd]4[0xef][0xbf][0xbd]![0xef][0xbf][0xbd][0xef][0xbf][0xbd][0xef][0xbf][0xbd][0xef][0xbf][0xbd]m[0xdf][0x8e][0xef][0xbf][0xbd][0xef][0xbf][0xbd]i[0xef][0xbf][0xbd]/V[0xef][0xbf][0xbd]/.[0xef][0xbf][0xbd][0x1][0xef][0xbf][0xbd]Q[0xef][0xbf][0xbd][0x1a]2[0xef][0xbf][0xbd]lLt[0xef][0xbf][0xbd][0x16][0xed][0x83][0x9d][0xef][0xbf][0xbd][0xef][0xbf][0xbd][0xef][0xbf][0xbd][0xef][0xbf][0xbd][0xef][0xbf][0xbd][0xef][0xbf][0xbd]^[0xef][0xbf][0xbd].[0xc6][0x89]l[[0xef][0xbf][0xbd]{[0xef][0xbf][0xbd]f[0xef][0xbf][0xbd][0xef][0xbf][0xbd]m[0xef][0xbf][0xbd][0xef][0xbf][0xbd];[0xef][0xbf][0xbd][0xef][0xbf][0xbd][0x13][0xef][0xbf][0xbd][0xef][0xbf][0xbd][0xef][0xbf][0xbd][0xef][0xbf][0xbd]}[0xef][0xbf][0xbd][0xf][0xef][0xbf][0xbd]=R[0x8]dwv[0xf]~[0xef][0xbf][0xbd][0xef][0xbf][0xbd][0x15][0xef][0xbf][0xbd][0xef][0xbf][0xbd][0xef][0xbf][0xbd][0x0][0xef][0xbf][0xbd][0xef][0xbf][0xbd]V[0xc2][0xa1]@'[0xef][0xbf][0xbd][0xef][0xbf][0xbd]{z[0xef][0xbf][0xbd][0xef][0xbf][0xbd]?$[0x19][0xef][0xbf][0xbd][0xef][0xbf][0xbd]6[0xef][0xbf][0xbd]H[\n]"
07:56:28.760 [main] DEBUG org.apache.http.wire -  >> "0[0x1e]N1[0xef][0xbf][0xbd]|[0x0][0x16]| [0xef][0xbf][0xbd][0xef][0xbf][0xbd]m[\r][0xef][0xbf][0xbd][0x16]RfB[0xef][0xbf][0xbd]u[0x13]f[0xef][0xbf][0xbd][0xef][0xbf][0xbd][0x1]V[0xef][0xbf][0xbd][0xef][0xbf][0xbd]o8[0xef][0xbf][0xbd]s[0xef][0xbf][0xbd][0xef][0xbf][0xbd][0xef][0xbf][0xbd][0x1c]@[0xe][0xef][0xbf][0xbd][0xef][0xbf][0xbd]4[0xef][0xbf][0xbd][0x1c][0xef][0xbf][0xbd][0xef][0xbf][0xbd][0x14][0xef][0xbf][0xbd]C[0xef][0xbf][0xbd]n[0xef][0xbf][0xbd]O[0xef][0xbf][0xbd][0xef][0xbf][0xbd][0xef][0xbf][0xbd][0x1b][0xef][0xbf][0xbd][0xef][0xbf][0xbd]R[0xef][0xbf][0xbd]d[0xef][0xbf][0xbd][0xef][0xbf][0xbd][0xe]"M[0xef][0xbf][0xbd]L[0xef][0xbf][0xbd]?[0xef][0xbf][0xbd][0xef][0xbf][0xbd][0xef][0xbf][0xbd][0xf][0xda][0xa5]\[0xef][0xbf][0xbd][0xef][0xbf][0xbd][0xef][0xbf][0xbd][0x5]{[0xef][0xbf][0xbd]_[0xef][0xbf][0xbd][0xef][0xbf][0xbd][0xef][0xbf][0xbd][0xef][0xbf][0xbd][0xef][0xbf][0xbd][0xef][0xbf][0xbd]6[[0xef][0xbf][0xbd]x[0xef][0xbf][0xbd][0xef][0xbf][0xbd]lZ[0xef][0xbf][0xbd]7H[0xef][0xbf][0xbd][0xef][0xbf][0xbd][0xef][0xbf][0xbd][0xef][0xbf][0xbd]B#b[0xef][0xbf][0xbd]lX[0xef][0xbf][0xbd][0x11][0xb]+h[0xef][0xbf][0xbd][0xef][0xbf][0xbd][0xef][0xbf][0xbd]V[0xef][0xbf][0xbd][0xef][0xbf][0xbd]}[0xef][0xbf][0xbd][0x1a]7[0xef][0xbf][0xbd][0xef][0xbf][0xbd][0xef][0xbf][0xbd]u[0x9][0xef][0xbf][0xbd]{[0xdb][0x86].(!v[0xef][0xbf][0xbd][0xef][0xbf][0xbd][0xef][0xbf][0xbd]V[0xef][0xbf][0xbd]x5*[0xef][0xbf][0xbd][0xef][0xbf][0xbd][0x11]'[0xef][0xbf][0xbd]S[0xef][0xbf][0xbd]([0xef][0xbf][0xbd][0xef][0xbf][0xbd]v[0xef][0xbf][0xbd]8[0xef][0xbf][0xbd][0x1a][0xef][0xbf][0xbd]1[0xef][0xbf][0xbd][0xef][0xbf][0xbd]2[0xef][0xbf][0xbd][0xef][0xbf][0xbd][0x13]@`[0xef][0xbf][0xbd][0xef][0xbf][0xbd]![0x2]m[0xef][0xbf][0xbd][0xef][0xbf][0xbd]_[0xef][0xbf][0xbd]c[0xef][0xbf][0xbd][0xef][0xbf][0xbd]1m[0xef][0xbf][0xbd]P[0xef][0xbf][0xbd]i[0xef][0xbf][0xbd][0xef][0xbf][0xbd]D[0xef][0xbf][0xbd]NF[0xef][0xbf][0xbd]U[0xb][0xef][0xbf][0xbd][0xef][0xbf][0xbd]G?3[0xef][0xbf][0xbd][0xef][0xbf][0xbd]sx[0xef][0xbf][0xbd]v[0xef][0xbf][0xbd][0xef][0xbf][0xbd]U[0x0]7[0xef][0xbf][0xbd][0xef][0xbf][0xbd][0xef][0xbf][0xbd]mxz[0xef][0xbf][0xbd][0x18][0xef][0xbf][0xbd][0xef][0xbf][0xbd][0xef][0xbf][0xbd][0xef][0xbf][0xbd][0xef][0xbf][0xbd][0xef][0xbf][0xbd]}[0xef][0xbf][0xbd][0xef][0xbf][0xbd][0xdf][0xb8]W[0xef][0xbf][0xbd]>[0x8]d[0xef][0xbf][0xbd][0xef][0xbf][0xbd][0xef][0xbf][0xbd][0xef][0xbf][0xbd][0xb][0xef][0xbf][0xbd][0xef][0xbf][0xbd][0xef][0xbf][0xbd][0x7][0x16][0xef][0xbf][0xbd][0xef][0xbf][0xbd][0xef][0xbf][0xbd]i[0xef][0xbf][0xbd][0xef][0xbf][0xbd]Fpd[0xf][0xef][0xbf][0xbd]][0x14][0xef][0xbf][0xbd]sK[0xef][0xbf][0xbd][0xef][0xbf][0xbd]0,[0xef][0xbf][0xbd][0xef][0xbf][0xbd][0xef][0xbf][0xbd][0xef][0xbf][0xbd][0xc][0xef][0xbf][0xbd]"[0x1e]D[0xef][0xbf][0xbd]9[0xef][0xbf][0xbd]S[0xef][0xbf][0xbd][0xef][0xbf][0xbd][0x11][0x18]R[0xef][0xbf][0xbd]7[0xef][0xbf][0xbd][0xef][0xbf][0xbd][0xf]N[0xef][0xbf][0xbd]E[0x17][0xef][0xbf][0xbd]T[0xef][0xbf][0xbd]@[0xef][0xbf][0xbd][0xef][0xbf][0xbd]i[0xef][0xbf][0xbd][0xef][0xbf][0xbd]L`[|[0xef][0xbf][0xbd][0xef][0xbf][0xbd][0x12]z[0xef][0xbf][0xbd][0xef][0xbf][0xbd][0xef][0xbf][0xbd][0xef][0xbf][0xbd][0xef][0xbf][0xbd]q[0xef][0xbf][0xbd]G[0xef][0xbf][0xbd]n[0x1d][0xef][0xbf][0xbd]en[0x2]a35[0x4][0xef][0xbf][0xbd]N[0xe7][0x96][0xab]r[0xef][0xbf][0xbd]N[0xef][0xbf][0xbd][0xef][0xbf][0xbd][0xd8][0xb5])/[0xef][0xbf][0xbd][0xef][0xbf][0xbd][0x1f][0xef][0xbf][0xbd]s[0x7][0x10][0xef][0xbf][0xbd]?[0xf3][0x9c][0x8d][0xbd]ki[0xef][0xbf][0xbd][0xef][0xbf][0xbd]p[0x16][0xef][0xbf][0xbd][0xef][0xbf][0xbd][0x1d][0xef][0xbf][0xbd][0xef][0xbf][0xbd][0xef][0xbf][0xbd]P[0xef][0xbf][0xbd][0xef][0xbf][0xbd][0x4] [0xef][0xbf][0xbd][0xef][0xbf][0xbd][0xef][0xbf][0xbd]f[0x4][0xef][0xbf][0xbd][0xef][0xbf][0xbd][0xef][0xbf][0xbd][0x19][0xef][0xbf][0xbd]dH[0xc9][0xa6][0xef][0xbf][0xbd]5[\r]*l[0xef][0xbf][0xbd]j'[0xef][0xbf][0xbd]W[0xef][0xbf][0xbd][0xef][0xbf][0xbd]4[0x18]]P[0xef][0xbf][0xbd]:[0x13]Q[0xef][0xbf][0xbd]z[0xef][0xbf][0xbd][0xef][0xbf][0xbd][0xef][0xbf][0xbd][0x16]-[0xef][0xbf][0xbd]0[0xef][0xbf][0xbd][0xef][0xbf][0xbd][0xef][0xbf][0xbd]/,[0x0]xi[0xef][0xbf][0xbd][0xef][0xbf][0xbd][0xef][0xbf][0xbd][0x1b][0xef][0xbf][0xbd][0xef][0xbf][0xbd][0xef][0xbf][0xbd]h[0x4]x[0xef][0xbf][0xbd][0xef][0xbf][0xbd]`D[0xef][0xbf][0xbd][0x1d]kQ6f[0xef][0xbf][0xbd]X[0xef][0xbf][0xbd]f[0xef][0xbf][0xbd][0xef][0xbf][0xbd][0x1d][0xef][0xbf][0xbd][0xdb][0xae][0xef][0xbf][0xbd]0u[0xef][0xbf][0xbd][0xef][0xbf][0xbd][0xef][0xbf][0xbd],AF[0xef][0xbf][0xbd][0xef][0xbf][0xbd][0xef][0xbf][0xbd][0xef][0xbf][0xbd]N[0xef][0xbf][0xbd]C[0xef][0xbf][0xbd]\[0xef][0xbf][0xbd][0xef][0xbf][0xbd]SY[0xec][0xb9][0xba][0xcf][0x95][0x1][0xef][0xbf][0xbd]`l[0xef][0xbf][0xbd][0xe][0xef][0xbf][0xbd]9[0xef][0xbf][0xbd][0xef][0xbf][0xbd]o}[0xef][0xbf][0xbd]uo[0xef][0xbf][0xbd]'be[0xcb][0x93][0xef][0xbf][0xbd][0xef][0xbf][0xbd][0xd9][0x8b][0xef][0xbf][0xbd]2[0xef][0xbf][0xbd][0xef][0xbf][0xbd]@0[0xef][0xbf][0xbd]E'h[0xef][0xbf][0xbd][0xef][0xbf][0xbd]e[0xef][0xbf][0xbd]`[0x19][0x4]H[0xef][0xbf][0xbd][0x5][0x17][0xef][0xbf][0xbd][0xef][0xbf][0xbd][0xef][0xbf][0xbd][0xef][0xbf][0xbd][0x17][0xef][0xbf][0xbd]S[0xef][0xbf][0xbd]!"%_[0xef][0xbf][0xbd][0x14]W[0xef][0xbf][0xbd][0xef][0xbf][0xbd][0xef][0xbf][0xbd][0xef][0xbf][0xbd]9[0xef][0xbf][0xbd][0xef][0xbf][0xbd]t<[0xef][0xbf][0xbd][0xf][0xef][0xbf][0xbd][0x19]f"[0xef][0xbf][0xbd]\[0xd8][0x90]>[0xef][0xbf][0xbd]b[0xef][0xbf][0xbd]hu[0x2][0xef][0xbf][0xbd][0xef][0xbf][0xbd][0xef][0xbf][0xbd][0xcf][0x99][0xef][0xbf][0xbd]y[0xef][0xbf][0xbd](B4[0xef][0xbf][0xbd][0x4]5[0xef][0xbf][0xbd]9[0xef][0xbf][0xbd][0xef][0xbf][0xbd]f[0xef][0xbf][0xbd][0x1][0xef][0xbf][0xbd]+03[0xef][0xbf][0xbd][0xef][0xbf][0xbd]S[0xef][0xbf][0xbd][0xef][0xbf][0xbd][0xef][0xbf][0xbd][0xef][0xbf][0xbd]/[0xef][0xbf][0xbd][0xef][0xbf][0xbd][0xef][0xbf][0xbd]P[0xef][0xbf][0xbd][0x9][0x1d][0xef][0xbf][0xbd][0xef][0xbf][0xbd][0xef][0xbf][0xbd][0xef][0xbf][0xbd][0xef][0xbf][0xbd][0xef][0xbf][0xbd][0xef][0xbf][0xbd]~[0xef][0xbf][0xbd][0xef][0xbf][0xbd][0xef][0xbf][0xbd][0xcf][0xa1]f[0xef][0xbf][0xbd][0xef][0xbf][0xbd][0xe]l[0xef][0xbf][0xbd][0xef][0xbf][0xbd][0xef][0xbf][0xbd]eD[0xef][0xbf][0xbd]HPK[0xef][0xbf][0xbd][0xef][0xbf][0xbd][0xef][0xbf][0xbd]{[0xef][0xbf][0xbd]&[0xef][0xbf][0xbd][0xef][0xbf][0xbd][0xef][0xbf][0xbd]J| &}y[0x16][0xef][0xbf][0xbd][0xf][0xef][0xbf][0xbd][0xef][0xbf][0xbd])[0x1e][0xef][0xbf][0xbd][0xef][0xbf][0xbd]C#[0xef][0xbf][0xbd][0x7]C9[0xef][0xbf][0xbd][0xef][0xbf][0xbd]G[0xef][0xbf][0xbd]vq[0xef][0xbf][0xbd][0xef][0xbf][0xbd][0xef][0xbf][0xbd][0x1d][0xed][0x96][0x9d][0xef][0xbf][0xbd][0xef][0xbf][0xbd][0x2][0xef][0xbf][0xbd]HB[0xef][0xbf][0xbd]x[0xef][0xbf][0xbd][0xef][0xbf][0xbd][0xef][0xbf][0xbd][0xef][0xbf][0xbd]?[0xef][0xbf][0xbd][0xef][0xbf][0xbd]qDE[0xef][0xbf][0xbd][0x10][0xef][0xbf][0xbd][0xd7][0xb8]Ve[0xef][0xbf][0xbd][0xef][0xbf][0xbd][0xef][0xbf][0xbd][0x4]^[0xc]m[0xca][0xbf]u[0xef][0xbf][0xbd]FVd[0xef][0xbf][0xbd]i[0xef][0xbf][0xbd][0xef][0xbf][0xbd] 8%[0xef][0xbf][0xbd]x[0xef][0xbf][0xbd][0xc6][0xa4][0xef][0xbf][0xbd][0x15][0xef][0xbf][0xbd]+[0xef][0xbf][0xbd][0x15][0xe]p[0xef][0xbf][0xbd][0xb]Nu[0xef][0xbf][0xbd][0xdc][0xab]s6[0xef][0xbf][0xbd]Y[0xef][0xbf][0xbd]N06][0xef][0xbf][0xbd][0xef][0xbf][0xbd][0x1f][0xef][0xbf][0xbd][0xef][0xbf][0xbd][0xef][0xbf][0xbd][0xef][0xbf][0xbd][0xef][0xbf][0xbd][0x1e]([0x3][0xef][0xbf][0xbd][0xe]c~|[0xef][0xbf][0xbd][0xef][0xbf][0xbd][0xef][0xbf][0xbd]Vz[0xef][0xbf][0xbd]N2[0x14][0xef][0xbf][0xbd][0xef][0xbf][0xbd][0xef][0xbf][0xbd]g%Y[0xef][0xbf][0xbd][0xef][0xbf][0xbd][0xef][0xbf][0xbd][0xef][0xbf][0xbd][0x15]c[0xef][0xbf][0xbd]p?&[0xef][0xbf][0xbd] [0xe3][0x91][0x8b] [0x6]W[0xef][0xbf][0xbd][0xef][0xbf][0xbd][0xef][0xbf][0xbd]oj[0xef][0xbf][0xbd] [0xef][0xbf][0xbd][0x16][0xef][0xbf][0xbd][0xef][0xbf][0xbd][0xef][0xbf][0xbd][0xef][0xbf][0xbd][0xef][0xbf][0xbd]`[0xef][0xbf][0xbd][0xef][0xbf][0xbd]n[0xd8][0x88]5S+;z[0xef][0xbf][0xbd]~[0xef][0xbf][0xbd]V-[0xef][0xbf][0xbd][0x3][0xef][0xbf][0xbd]_})D?[0xef][0xbf][0xbd]U[0xef][0xbf][0xbd][0xc4][0x98][0x1c][0x9],[0xef][0xbf][0xbd]I-c[0xef][0xbf][0xbd]"[0xef][0xbf][0xbd]0[0xef][0xbf][0xbd][0xef][0xbf][0xbd][0xef][0xbf][0xbd]NL[0xef][0xbf][0xbd]{[0xef][0xbf][0xbd][0xef][0xbf][0xbd][0xef][0xbf][0xbd].[0xef][0xbf][0xbd][0x1d][0xd7][0xa5][0x1c][0xef][0xbf][0xbd][0xef][0xbf][0xbd]s?[0xef][0xbf][0xbd][0xef][0xbf][0xbd][0xef][0xbf][0xbd][0xef][0xbf][0xbd][0xef][0xbf][0xbd][0xef][0xbf][0xbd][0x1c][0xef][0xbf][0xbd][0xef][0xbf][0xbd]1[0xef][0xbf][0xbd]r[0xef][0xbf][0xbd][[0xc5][0xaa]:[0xef][0xbf][0xbd][0xef][0xbf][0xbd][0xef][0xbf][0xbd][0x10][0x1e][0xef][0xbf][0xbd][0xef][0xbf][0xbd][0xef][0xbf][0xbd][0xef][0xbf][0xbd]nL[0x9][0xef][0xbf][0xbd]f[0xef][0xbf][0xbd][0xcc][0x88]J[0x1]k1[0xef][0xbf][0xbd]MX[0x10][0x13][0xef][0xbf][0xbd][0xef][0xbf][0xbd]4&[0xef][0xbf][0xbd]4[0xef][0xbf][0xbd]1j[0xef][0xbf][0xbd]tT[0xef][0xbf][0xbd]b[0xef][0xbf][0xbd][0x1a]e=[0xef][0xbf][0xbd]6[0xef][0xbf][0xbd][0x16][0x1c][0xef][0xbf][0xbd]~G[0xef][0xbf][0xbd][0xc5][0x97][0xef][0xbf][0xbd]6[0xef][0xbf][0xbd][0x19][0x1f][0xef][0xbf][0xbd]L[0xef][0xbf][0xbd][0xef][0xbf][0xbd][0xef][0xbf][0xbd]l[0x9]:[0xef][0xbf][0xbd][0xef][0xbf][0xbd]#u[0xef][0xbf][0xbd][0xef][0xbf][0xbd]5[0xef][0xbf][0xbd][0xef][0xbf][0xbd]q[0xef][0xbf][0xbd] [0x17]s[0x1a][0xef][0xbf][0xbd][0xef][0xbf][0xbd][0xef][0xbf][0xbd][0xef][0xbf][0xbd][[0xef][0xbf][0xbd]9[0xef][0xbf][0xbd]![0xef][0xbf][0xbd]N[0xef][0xbf][0xbd]3f{[0xef][0xbf][0xbd]p[0xef][0xbf][0xbd]N[0xef][0xbf][0xbd][0x1c]9[0xef][0xbf][0xbd]Nq\[\n]"
07:56:28.761 [main] DEBUG org.apache.http.wire -  >> "[0xef][0xbf][0xbd]*[0xef][0xbf][0xbd]g__%`t[0x2]X[0xef][0xbf][0xbd],[0xef][0xbf][0xbd]f[0xef][0xbf][0xbd]L[0xef][0xbf][0xbd].[0xdd][0x8b][0xef][0xbf][0xbd][0xef][0xbf][0xbd][0xef][0xbf][0xbd]<[0x1f][0xef][0xbf][0xbd][0x17][0xdc][0x8b][0x3][0xef][0xbf][0xbd]v[0xef][0xbf][0xbd][0xef][0xbf][0xbd]'[0xef][0xbf][0xbd][0x13][0xef][0xbf][0xbd][0xef][0xbf][0xbd]cqNj[0xef][0xbf][0xbd][0xef][0xbf][0xbd][0x2][0x2][0xef][0xbf][0xbd][0xef][0xbf][0xbd][0xef][0xbf][0xbd]ha[0xef][0xbf][0xbd][0xef][0xbf][0xbd][0xef][0xbf][0xbd][0xf][0xd4][0xab][0xef][0xbf][0xbd]f[0xef][0xbf][0xbd][0xb];b[0xef][0xbf][0xbd]t[0xef][0xbf][0xbd][0xef][0xbf][0xbd]V[0xef][0xbf][0xbd][0xef][0xbf][0xbd]`46[0xef][0xbf][0xbd][0xef][0xbf][0xbd]e)[kq+,[0xef][0xbf][0xbd][0xef][0xbf][0xbd][0xef][0xbf][0xbd]a[0x4]rK[0x14]F[0xef][0xbf][0xbd]O[0xef][0xbf][0xbd][0xef][0xbf][0xbd][0xc4][0xba]K~[0xda][0x95]QU*[0xef][0xbf][0xbd][0xef][0xbf][0xbd][0xef][0xbf][0xbd][0xef][0xbf][0xbd]4[0xef][0xbf][0xbd][0xef][0xbf][0xbd]r[0xef][0xbf][0xbd][0x6]'T"[0xef][0xbf][0xbd]-[0xef][0xbf][0xbd][0xef][0xbf][0xbd][0xef][0xbf][0xbd][0xef][0xbf][0xbd]i[0xef][0xbf][0xbd]5M7NF[0x11][0xef][0xbf][0xbd][0xef][0xbf][0xbd][0x6][0xef][0xbf][0xbd][0xb][0xef][0xbf][0xbd]][0xef][0xbf][0xbd][0xef][0xbf][0xbd][0xef][0xbf][0xbd][0xef][0xbf][0xbd]h[0xef][0xbf][0xbd][0x1e]@[0xef][0xbf][0xbd][0x18][0x17][t[0x11]c[0xc2][0x88]G[0xef][0xbf][0xbd][0x1d][0xef][0xbf][0xbd][0xef][0xbf][0xbd]=[0xef][0xbf][0xbd][0xef][0xbf][0xbd][0xef][0xbf][0xbd]k[0xef][0xbf][0xbd][0x6][0xc][0xef][0xbf][0xbd]^[0xef][0xbf][0xbd][0x4][0xef][0xbf][0xbd][0xef][0xbf][0xbd]X[0xef][0xbf][0xbd][0xef][0xbf][0xbd]K[0xef][0xbf][0xbd][0xe]>[0xef][0xbf][0xbd]7[0xc]E1[0x13][0xef][0xbf][0xbd]4[0xef][0xbf][0xbd]fwH/[0x6][0xef][0xbf][0xbd]@[0xef][0xbf][0xbd][0xd2][0xb1][0xef][0xbf][0xbd]=[0xc][0xef][0xbf][0xbd][0xef][0xbf][0xbd][0xef][0xbf][0xbd][0xef][0xbf][0xbd]Xde[0xc]F[0xef][0xbf][0xbd]X0[0xef][0xbf][0xbd]"46[0xef][0xbf][0xbd][0xef][0xbf][0xbd][0xef][0xbf][0xbd][0xef][0xbf][0xbd]e[0xef][0xbf][0xbd][0xef][0xbf][0xbd][0xef][0xbf][0xbd][0xd5][0x94][0xef][0xbf][0xbd]c[0xef][0xbf][0xbd];[0x13][0xef][0xbf][0xbd][0xef][0xbf][0xbd][0xef][0xbf][0xbd][0x8][0xef][0xbf][0xbd].[0xef][0xbf][0xbd]NJ[0x9]f[0x3][0x1b][0x15][0xe]%[0xef][0xbf][0xbd]Gx1[0xef][0xbf][0xbd][0xef][0xbf][0xbd]/[0xef][0xbf][0xbd][0xca][0x93][0xef][0xbf][0xbd]B[0xef][0xbf][0xbd]![0xce][0x90]k[0xef][0xbf][0xbd][0x9]kf[0x3][0xef][0xbf][0xbd][0xc2][0x9a][0xef][0xbf][0xbd][0xef][0xbf][0xbd][0x5][0xef][0xbf][0xbd][0xef][0xbf][0xbd][0xef][0xbf][0xbd][0xc7][0xb1]5{s[0xef][0xbf][0xbd][0xef][0xbf][0xbd]-}t[0xef][0xbf][0xbd][0xef][0xbf][0xbd][0xef][0xbf][0xbd]:[0xef][0xbf][0xbd][0xef][0xbf][0xbd][0xef][0xbf][0xbd][0xef][0xbf][0xbd]#o[0xef][0xbf][0xbd][0xef][0xbf][0xbd]I[0x1f][0x3][0xef][0xbf][0xbd]n=r|0[0xda][0xbf]p[0xef][0xbf][0xbd], D{[0xef][0xbf][0xbd][0xc][0xef][0xbf][0xbd][0x1b]2[0x3][0xef][0xbf][0xbd]d[0xd1][0x9c]1[0xef][0xbf][0xbd][0xef][0xbf][0xbd][0xef][0xbf][0xbd][0xef][0xbf][0xbd][0xce][0x8f][0xef][0xbf][0xbd]}eT -y[0xef][0xbf][0xbd][0x8][0xef][0xbf][0xbd][0xef][0xbf][0xbd][0xef][0xbf][0xbd]#[0x1]x[0xef][0xbf][0xbd]:F[0xef][0xbf][0xbd]j[0xef][0xbf][0xbd]D[0xef][0xbf][0xbd][0xdc][0x95][0xd6][0xbe]u[0x8][0xd6][0xb0]0[0xef][0xbf][0xbd][0xef][0xbf][0xbd]gA[0xef][0xbf][0xbd][0xef][0xbf][0xbd][0xef][0xbf][0xbd]F;[0xef][0xbf][0xbd][0xef][0xbf][0xbd]$(f[0xef][0xbf][0xbd]O[0xef][0xbf][0xbd]}J)[0x11][0xef][0xbf][0xbd]N(+[0xef][0xbf][0xbd]V[0xef][0xbf][0xbd]0[0xce][0xb1][0x12][0xef][0xbf][0xbd][0xef][0xbf][0xbd][0x11][0xef][0xbf][0xbd][0xef][0xbf][0xbd][0xef][0xbf][0xbd][0xef][0xbf][0xbd]]_[0xef][0xbf][0xbd][0xef][0xbf][0xbd][0xef][0xbf][0xbd][?[0xef][0xbf][0xbd][0xef][0xbf][0xbd][0xef][0xbf][0xbd][0xc2][0x93][0xef][0xbf][0xbd]-[0x7]M[0xc][0xef][0xbf][0xbd]v%[0x18]T[0xef][0xbf][0xbd]7v[0xef][0xbf][0xbd]@@[0x1a]c[0xef][0xbf][0xbd][0xef][0xbf][0xbd][0xef][0xbf][0xbd]C[0xd2][0xa5]:3I[0xef][0xbf][0xbd][0xf]aU[0x11]K[0xef][0xbf][0xbd] [0xef][0xbf][0xbd][0xef][0xbf][0xbd][0xef][0xbf][0xbd] C[0xef][0xbf][0xbd][0xef][0xbf][0xbd][0x6]J`[0x0][0x15][0xef][0xbf][0xbd]*[0xef][0xbf][0xbd][0xef][0xbf][0xbd]+[0xef][0xbf][0xbd][\n]"
07:56:28.766 [main] DEBUG org.apache.http.wire -  >> "_[0xef][0xbf][0xbd]'Ik[0xef][0xbf][0xbd][0xef][0xbf][0xbd]6 [0xef][0xbf][0xbd]'[0xd9][0x8a]"
07:56:28.767 [main] DEBUG org.apache.http.wire -  >> "[0x14][0xef][0xbf][0xbd][0x8][0xcd][0xbe][0xef][0xbf][0xbd][0xd0][0xa2][0xc][0xde][0xb1][0xef][0xbf][0xbd][0xef][0xbf][0xbd][0xef][0xbf][0xbd]IE[0x18][0xef][0xbf][0xbd][0x1f][0xef][0xbf][0xbd]/[0xef][0xbf][0xbd]Z[0xef][0xbf][0xbd]A[0xef][0xbf][0xbd][0xf][0xef][0xbf][0xbd][0xef][0xbf][0xbd]:[0x1e][0xef][0xbf][0xbd][0xef][0xbf][0xbd]x[0xef][0xbf][0xbd][0xef][0xbf][0xbd]:X[0xef][0xbf][0xbd][0xef][0xbf][0xbd]*[0xef][0xbf][0xbd][0xef][0xbf][0xbd]wd{*[0xef][0xbf][0xbd]+;[0xef][0xbf][0xbd]~[0xef][0xbf][0xbd][0xef][0xbf][0xbd][0xef][0xbf][0xbd][0xef][0xbf][0xbd][0xef][0xbf][0xbd][0xef][0xbf][0xbd][0xef][0xbf][0xbd][0xef][0xbf][0xbd][0xef][0xbf][0xbd][0x15][0xef][0xbf][0xbd][0xef][0xbf][0xbd][0xef][0xbf][0xbd][0x12][0xef][0xbf][0xbd][0xef][0xbf][0xbd]u8o[0xef][0xbf][0xbd][0xcf][0xae]y[0x19]@v[0xef][0xbf][0xbd]=o;[0xef][0xbf][0xbd]?[0xef][0xbf][0xbd]S[0xef][0xbf][0xbd][0xef][0xbf][0xbd]m[0xef][0xbf][0xbd][0xef][0xbf][0xbd]Xz[0xef][0xbf][0xbd]ZL@[0xef][0xbf][0xbd][0xef][0xbf][0xbd]VA0P[/[0xef][0xbf][0xbd]5[0x6]t[0xef][0xbf][0xbd]b[0xef][0xbf][0xbd][0xef][0xbf][0xbd]*&P89m[0x1b]+9P[0xef][0xbf][0xbd]T[0xef][0xbf][0xbd][0xef][0xbf][0xbd]v[0xef][0xbf][0xbd][0xef][0xbf][0xbd][0x1]O-[0xef][0xbf][0xbd][0xef][0xbf][0xbd]Z[0xef][0xbf][0xbd]M[0xef][0xbf][0xbd]#[0xef][0xbf][0xbd]:[0xef][0xbf][0xbd]9E[0xef][0xbf][0xbd][0xef][0xbf][0xbd][0xef][0xbf][0xbd][0xef][0xbf][0xbd][0xef][0xbf][0xbd]9[0xef][0xbf][0xbd][0xef][0xbf][0xbd][\r][0xef][0xbf][0xbd][0xef][0xbf][0xbd]t[0x3][0xef][0xbf][0xbd]*[0xd9][0x85][0xef][0xbf][0xbd][0xef][0xbf][0xbd]h[\n]"
07:56:28.767 [main] DEBUG org.apache.http.wire -  >> "I[0xef][0xbf][0xbd]I[0xef][0xbf][0xbd]~[0xef][0xbf][0xbd][0xef][0xbf][0xbd]?[0xef][0xbf][0xbd][0xef][0xbf][0xbd]y[0xef][0xbf][0xbd][0xef][0xbf][0xbd][0xef][0xbf][0xbd]B[0xef][0xbf][0xbd]3[0xef][0xbf][0xbd][0xef][0xbf][0xbd]oz[0xef][0xbf][0xbd][0x5][0xc4][0xae]A[0xef][0xbf][0xbd][0xef][0xbf][0xbd][0xef][0xbf][0xbd]_[0xef][0xbf][0xbd][0xef][0xbf][0xbd][0xef][0xbf][0xbd][0xef][0xbf][0xbd][0xe7][0xb6][0xbf][0xef][0xbf][0xbd][0xef][0xbf][0xbd]-[0xef][0xbf][0xbd]Q[0xef][0xbf][0xbd][0xef][0xbf][0xbd]|`[0xef][0xbf][0xbd]vo[0xef][0xbf][0xbd][0xef][0xbf][0xbd][0xc]d[0xef][0xbf][0xbd];[0x12]7p[0xef][0xbf][0xbd]VQ[0xef][0xbf][0xbd][0xef][0xbf][0xbd]#[0xef][0xbf][0xbd]-[0xef][0xbf][0xbd]r[0xc5][0x9b]-[0xef][0xbf][0xbd]$[0xef][0xbf][0xbd]">>[0x18][0xef][0xbf][0xbd][0xef][0xbf][0xbd][0xef][0xbf][0xbd]f[0x1c]G[0xef][0xbf][0xbd]e[0xef][0xbf][0xbd]6#[0xef][0xbf][0xbd]s[0xef][0xbf][0xbd][0xca][0xb0][0xef][0xbf][0xbd]v[0xef][0xbf][0xbd]S[0xef][0xbf][0xbd][0xef][0xbf][0xbd][0xe]L[0xef][0xbf][0xbd]+[0xef][0xbf][0xbd][0xef][0xbf][0xbd][0xef][0xbf][0xbd]E[0xf][0xef][0xbf][0xbd][0x8][0xef][0xbf][0xbd]q[0xef][0xbf][0xbd]B[0xf][0xef][0xbf][0xbd][0xc6][0x97]RL[0xef][0xbf][0xbd]r[0xef][0xbf][0xbd]Q[0xef][0xbf][0xbd]N[0xef][0xbf][0xbd][0xef][0xbf][0xbd][0xef][0xbf][0xbd][0xef][0xbf][0xbd][0xef][0xbf][0xbd][0x9]n[0xef][0xbf][0xbd]E[0x1a]K[0xef][0xbf][0xbd][0xe][0x1f][0xef][0xbf][0xbd][0xef][0xbf][0xbd]v[0xef][0xbf][0xbd][0xef][0xbf][0xbd][\r][0x0]p[0x1b]t[0xef][0xbf][0xbd][0xef][0xbf][0xbd][0xef][0xbf][0xbd]k[0xd4][0x9b]2[0xef][0xbf][0xbd][0xef][0xbf][0xbd]![0xef][0xbf][0xbd][0xef][0xbf][0xbd][0xef][0xbf][0xbd]f}[0xe8][0x87][0x9d][0xef][0xbf][0xbd][0xef][0xbf][0xbd][0xef][0xbf][0xbd][0xef][0xbf][0xbd][0x14][0x1f][0xef][0xbf][0xbd]7F[0x1d][0xda][0xae][0xef][0xbf][0xbd][0xef][0xbf][0xbd] [0x3]zY[0x3][0xef][0xbf][0xbd]w/[0xef][0xbf][0xbd][0xef][0xbf][0xbd][0x16]}[0xef][0xbf][0xbd][0x1f][0xef][0xbf][0xbd][0xef][0xbf][0xbd].[0xef][0xbf][0xbd]o[0xef][0xbf][0xbd]j[0xef][0xbf][0xbd]]dg[0xef][0xbf][0xbd]K[0xef][0xbf][0xbd][0xef][0xbf][0xbd][0xdd][0xb0][0xef][0xbf][0xbd]^[0x19]@[0x7]'[0xef][0xbf][0xbd][0xef][0xbf][0xbd]'[0xef][0xbf][0xbd][\n]"
07:56:28.767 [main] DEBUG org.apache.http.wire -  >> "n[\n]"
07:56:28.767 [main] DEBUG org.apache.http.wire -  >> "[0xef][0xbf][0xbd]n[0x5][0x10]I([0xef][0xbf][0xbd][0x16]si[0xef][0xbf][0xbd][0x5][0xef][0xbf][0xbd][0xef][0xbf][0xbd]fy[0xef][0xbf][0xbd]5[0xef][0xbf][0xbd][0xef][0xbf][0xbd]s&[0xef][0xbf][0xbd]TV[0xef][0xbf][0xbd]cY[0xef][0xbf][0xbd][0xef][0xbf][0xbd][0xc][0xef][0xbf][0xbd][0xef][0xbf][0xbd][0x1d][0xef][0xbf][0xbd][0xef][0xbf][0xbd][0xd1][0x84][0xef][0xbf][0xbd][0xc6][0xbc]d[0xef][0xbf][0xbd]^[0xd2][0x8f][0xef][0xbf][0xbd][0xef][0xbf][0xbd][0x17][0xb][0xef][0xbf][0xbd]w[0xef][0xbf][0xbd][0xef][0xbf][0xbd][0x1e]zU[0xef][0xbf][0xbd][0x4]x[0xd4][0x8b][0xef][0xbf][0xbd][0xef][0xbf][0xbd]][0xde][0x9d]x[\r][0xef][0xbf][0xbd][0xef][0xbf][0xbd][0x1b]`[0xef][0xbf][0xbd][0xef][0xbf][0xbd][0xef][0xbf][0xbd]_[0xef][0xbf][0xbd][0xef][0xbf][0xbd]\[0xef][0xbf][0xbd][0xef][0xbf][0xbd]rSF1[0x14][0x18][0xef][0xbf][0xbd]B[0xef][0xbf][0xbd]|[0xef][0xbf][0xbd][0xef][0xbf][0xbd]6[0xef][0xbf][0xbd][0xef][0xbf][0xbd]b[0x12][0xef][0xbf][0xbd]|[0x1b]][0xef][0xbf][0xbd]^9#[0xef][0xbf][0xbd]|[0xef][0xbf][0xbd])D[0xef][0xbf][0xbd][0xef][0xbf][0xbd][0xef][0xbf][0xbd]p[0xef][0xbf][0xbd]lQ[0xef][0xbf][0xbd][0x4][0xef][0xbf][0xbd]Y@C[0x2][0x15]M[0xef][0xbf][0xbd][0xef][0xbf][0xbd]Y[0xef][0xbf][0xbd][0xef][0xbf][0xbd][0x19][0xc][0xef][0xbf][0xbd]j[0x1e]X[0xef][0xbf][0xbd]j[0x13]b ae[0xef][0xbf][0xbd][0x1d]ey[0xef][0xbf][0xbd]kP[0xef][0xbf][0xbd][0x16][0xef][0xbf][0xbd][0xef][0xbf][0xbd]2K[0x19][0xef][0xbf][0xbd] [0xef][0xbf][0xbd][0xef][0xbf][0xbd][0xef][0xbf][0xbd]xL[0xef][0xbf][0xbd][\n]"
07:56:28.767 [main] DEBUG org.apache.http.wire -  >> "[0xe]~9[0xef][0xbf][0xbd][0xef][0xbf][0xbd][0xef][0xbf][0xbd]?[0xef][0xbf][0xbd][0xef][0xbf][0xbd]r[0xef][0xbf][0xbd]A[0x13]#[0xef][0xbf][0xbd]]~[0xef][0xbf][0xbd][0xd6][0x96][0xef][0xbf][0xbd]4[\r][0xef][0xbf][0xbd]S [0xef][0xbf][0xbd][0x1e][0xef][0xbf][0xbd][0xef][0xbf][0xbd][0x15][0x10][0xef][0xbf][0xbd]='[0xef][0xbf][0xbd]'[0xef][0xbf][0xbd][0xef][0xbf][0xbd]k;[0x17][0x17]Cu5[0xef][0xbf][0xbd][0xef][0xbf][0xbd][0xef][0xbf][0xbd][0xef][0xbf][0xbd])^U[0x1f]>[0xef][0xbf][0xbd][0x15][0x0]S[0xef][0xbf][0xbd][0xd9][0x9b][0x1f]|[0xef][0xbf][0xbd]w[0xef][0xbf][0xbd]5.'@[0xef][0xbf][0xbd][0xef][0xbf][0xbd][0x14]6[0xda][0x9e].{[0xef][0xbf][0xbd][0xef][0xbf][0xbd][0xdc][0x88]v[0xef][0xbf][0xbd][0xef][0xbf][0xbd]X[0x9][0x8][0xef][0xbf][0xbd][0xef][0xbf][0xbd]i[0xef][0xbf][0xbd][0xef][0xbf][0xbd][0xef][0xbf][0xbd][0xef][0xbf][0xbd][0xef][0xbf][0xbd]x[0xef][0xbf][0xbd][0x1][0xc]e[0xcd][0xb8][0xef][0xbf][0xbd]M[0x12][0xef][0xbf][0xbd]v[0xef][0xbf][0xbd][0xef][0xbf][0xbd][0xef][0xbf][0xbd]:[0xda][0xac]8*[0xef][0xbf][0xbd][0x16][0x8][0x12][0x1][0xef][0xbf][0xbd][0xef][0xbf][0xbd][0xef][0xbf][0xbd][0xef][0xbf][0xbd]b[0xef][0xbf][0xbd][0xef][0xbf][0xbd]v5Q[0xef][0xbf][0xbd]mh[0x14][0xef][0xbf][0xbd][0xef][0xbf][0xbd][0xef][0xbf][0xbd]6[0x3]g[0x16][0xef][0xbf][0xbd][0xef][0xbf][0xbd][0xef][0xbf][0xbd]=}4[0xef][0xbf][0xbd][0xef][0xbf][0xbd]*L[0x3][0xef][0xbf][0xbd],[0x1e]x[0xef][0xbf][0xbd][0xef][0xbf][0xbd]f)wm[0xef][0xbf][0xbd]\[0xef][0xbf][0xbd][0xef][0xbf][0xbd][0xef][0xbf][0xbd][0xef][0xbf][0xbd][0xef][0xbf][0xbd][0xef][0xbf][0xbd][0xef][0xbf][0xbd][0x1e]][0xef][0xbf][0xbd][0xef][0xbf][0xbd][0xd1][0xab]`[0xef][0xbf][0xbd]Pn[0xca][0x85]f0[\n]"
07:56:28.768 [main] DEBUG org.apache.http.wire -  >> "[0xef][0xbf][0xbd]$[0xef][0xbf][0xbd][0x1a][0xd1][0x9e][0x0][0x18][0xef][0xbf][0xbd]VI[0x19][0xef][0xbf][0xbd][0xef][0xbf][0xbd]&*[0xef][0xbf][0xbd][0xef][0xbf][0xbd][0xef][0xbf][0xbd][0xef][0xbf][0xbd][0xef][0xbf][0xbd]j[0xef][0xbf][0xbd]'[0xef][0xbf][0xbd]L<4[0xef][0xbf][0xbd][0xef][0xbf][0xbd]v[0xef][0xbf][0xbd][0xef][0xbf][0xbd][0xef][0xbf][0xbd][0xd7][0x87][0xef][0xbf][0xbd]SVE|[0xef][0xbf][0xbd][0xef][0xbf][0xbd][0xef][0xbf][0xbd]~w5[0x8]}[0xef][0xbf][0xbd]?^~[0x0]C[0xe][0xef][0xbf][0xbd][0xef][0xbf][0xbd][\n]"
07:56:28.768 [main] DEBUG org.apache.http.wire -  >> "[0x8][0x16][\r]V+[0xef][0xbf][0xbd]9[0x13][0xef][0xbf][0xbd][0xef][0xbf][0xbd][0xef][0xbf][0xbd] [0xef][0xbf][0xbd]['d,[0x13]"2[0x4]@t[0xef][0xbf][0xbd][0xef][0xbf][0xbd]y\@[0xef][0xbf][0xbd][0xef][0xbf][0xbd]U[0xef][0xbf][0xbd]1[0xef][0xbf][0xbd][0xef][0xbf][0xbd][0xb]<[0xef][0xbf][0xbd][0xf][0xef][0xbf][0xbd][0xef][0xbf][0xbd][0x18][0xef][0xbf][0xbd][0xef][0xbf][0xbd]E',cX[0xb][0xef][0xbf][0xbd]T[0xef][0xbf][0xbd]S[0xef][0xbf][0xbd][0xef][0xbf][0xbd]@,u[0xef][0xa3][0xb3][0xd5][0xae][0xef][0xbf][0xbd]b<[0xef][0xbf][0xbd][0xef][0xbf][0xbd]X[0xef][0xbf][0xbd][0x1c]q[0xef][0xbf][0xbd][0xef][0xbf][0xbd][0xd9][0xaf]u[0xef][0xbf][0xbd][0xef][0xbf][0xbd][0x4][0xc8][0x9e]|[0xef][0xbf][0xbd][0xef][0xbf][0xbd][0x1e]?[0xc][0xef][0xbf][0xbd]&[0xef][0xbf][0xbd][0xef][0xbf][0xbd]i&[0xef][0xbf][0xbd][0xef][0xbf][0xbd]$N[0x17][0xcb][0x99][0xef][0xbf][0xbd]@[0xef][0xbf][0xbd]e[0xef][0xbf][0xbd]8[0xef][0xbf][0xbd]@b[0x17]u[0xef][0xbf][0xbd]M[0xef][0xbf][0xbd]q[0xef][0xbf][0xbd]L[0xef][0xbf][0xbd]e![0xef][0xbf][0xbd][\n]"
07:56:28.768 [main] DEBUG org.apache.http.wire -  >> "w[0xef][0xbf][0xbd]F` [0x9][0xef][0xbf][0xbd]J[0xef][0xbf][0xbd]A[0xef][0xbf][0xbd]an[0x6][0xef][0xbf][0xbd]![0xef][0xbf][0xbd][0x17]:[0xef][0xbf][0xbd][0xef][0xbf][0xbd][0xef][0xbf][0xbd][0xef][0xbf][0xbd][0x18]S8[0xef][0xbf][0xbd]B[0xef][0xbf][0xbd][0xef][0xbf][0xbd][0xef][0xbf][0xbd][0xd4][0xa7][0xef][0xbf][0xbd]&[0xef][0xbf][0xbd][0xef][0xbf][0xbd][0xef][0xbf][0xbd][0xdb][0x98]y[0x15]w=[0x5][0xef][0xbf][0xbd][0xef][0xbf][0xbd]x[0xef][0xbf][0xbd]F[0xef][0xbf][0xbd]XC[0xef][0xbf][0xbd]I[0xef][0xbf][0xbd]p[0x0][0xef][0xbf][0xbd][0xef][0xbf][0xbd][0xef][0xbf][0xbd][0xef][0xbf][0xbd]K[0xef][0xbf][0xbd]bv[0xc5][0x86][0xef][0xbf][0xbd][0xef][0xbf][0xbd][0xd7][0xbe][0xef][0xbf][0xbd][0xef][0xbf][0xbd][0xef][0xbf][0xbd][0xef][0xbf][0xbd][0xef][0xbf][0xbd][0xef][0xbf][0xbd]'mp%[0xef][0xbf][0xbd][0xef][0xbf][0xbd]!R[0xef][0xbf][0xbd]a`k[0x1b]'[0xef][0xbf][0xbd][0x19]M[0xef][0xbf][0xbd]u[0xef][0xbf][0xbd]SIK[0xef][0xbf][0xbd][0xef][0xbf][0xbd][0xef][0xbf][0xbd][0xc2][0xac][0x18][0xef][0xbf][0xbd][0x9][0xef][0xbf][0xbd]u[0xef][0xbf][0xbd][0xef][0xbf][0xbd][0xef][0xbf][0xbd] [0xb][0xef][0xbf][0xbd]?[0xef][0xbf][0xbd][0xef][0xbf][0xbd][0xef][0xbf][0xbd][0x8][0x1f]+[0xef][0xbf][0xbd][0xc5][0xa5]IY4[0xef][0xbf][0xbd][0xef][0xbf][0xbd][0xef][0xbf][0xbd][0xef][0xbf][0xbd][0xef][0xbf][0xbd][0xef][0xbf][0xbd][0xb]|[0xb][0xef][0xbf][0xbd][0xef][0xbf][0xbd]]1:[\n]"
07:56:28.768 [main] DEBUG org.apache.http.wire -  >> "[0xc][0xef][0xbf][0xbd][0xef][0xbf][0xbd]@W0[0xef][0xbf][0xbd]*o[0xef][0xbf][0xbd]Q[0xef][0xbf][0xbd][0xef][0xbf][0xbd]i[0xef][0xbf][0xbd][0xef][0xbf][0xbd][0xef][0xbf][0xbd]?[0xef][0xbf][0xbd][0xf][0x10]h[0x6][0xef][0xbf][0xbd][0x17][0x15]*H[0xef][0xbf][0xbd]gR[0xef][0xbf][0xbd][0xc4][0xac]AFV[0xef][0xbf][0xbd]-#;[0xef][0xbf][0xbd][0xef][0xbf][0xbd],[0xef][0xbf][0xbd][0xef][0xbf][0xbd][0xef][0xbf][0xbd][0xef][0xbf][0xbd][0xef][0xbf][0xbd][\n]"
07:56:28.768 [main] DEBUG org.apache.http.wire -  >> "[0xef][0xbf][0xbd][0xef][0xbf][0xbd][0xef][0xbf][0xbd][0x1d]X_[0xef][0xbf][0xbd][0xef][0xbf][0xbd][0xef][0xbf][0xbd]l[0xef][0xbf][0xbd][0x10][0x0][0x1a][0xef][0xbf][0xbd][0x12];[0xef][0xbf][0xbd]9?[0xef][0xbf][0xbd][0xef][0xbf][0xbd][0x6]f9[0xef][0xbf][0xbd]2[0x16][0xef][0xbf][0xbd][0xc][0xef][0xbf][0xbd][0xef][0xbf][0xbd][0x1b][0xef][0xbf][0xbd][0xef][0xbf][0xbd]<[0xef][0xbf][0xbd][0xef][0xbf][0xbd][0xef][0xbf][0xbd][0xef][0xbf][0xbd][0xef][0xbf][0xbd]][0xef][0xbf][0xbd]r[0xef][0xbf][0xbd][0x17][0x17]c[0x1f]?[0xef][0xbf][0xbd][0xef][0xbf][0xbd][0xef][0xbf][0xbd] [0x2][, Jn[0xef][0xbf][0xbd]=[0xef][0xbf][0xbd][0xef][0xbf][0xbd][\r][0x1d][0x4]P[0xef][0xbf][0xbd][0xef][0xbf][0xbd][0xef][0xbf][0xbd][0xef][0xbf][0xbd][0xef][0xbf][0xbd][0xef][0xbf][0xbd][0xef][0xbf][0xbd]&[0xef][0xbf][0xbd]lW[0x19][0xef][0xbf][0xbd][0xef][0xbf][0xbd]U)&[0xf][0xef][0xbf][0xbd][0xef][0xbf][0xbd][0xf][\r]c[0x10][0x9]\[0xef][0xbf][0xbd]95[0xef][0xbf][0xbd]$Sm[0x1]X[0xef][0xbf][0xbd][0xef][0xbf][0xbd][0xef][0xbf][0xbd]`[0xc6][0x98]A03[0xef][0xbf][0xbd]J[0xef][0xbf][0xbd][0xef][0xbf][0xbd]/[0x1] q[0xef][0xbf][0xbd][0xcb][0x80][0xef][0xbf][0xbd]9[0xef][0xbf][0xbd][0xd4][0xb2][0xef][0xbf][0xbd]3[0xef][0xbf][0xbd]P&7[0xef][0xbf][0xbd][0xef][0xbf][0xbd]5[0xef][0xbf][0xbd][0xef][0xbf][0xbd]w|[0xef][0xbf][0xbd][0x3][0xef][0xbf][0xbd][0x1f][0xc5][0xbc][[0xef][0xbf][0xbd][0xef][0xbf][0xbd]~[0xef][0xbf][0xbd]n[0xef][0xbf][0xbd][0xef][0xbf][0xbd]'-neV[0xef][0xbf][0xbd]@[0x4][0xef][0xbf][0xbd][0xef][0xbf][0xbd]k9Z[0xef][0xbf][0xbd][0xef][0xbf][0xbd]i[0xef][0xbf][0xbd]%$[0x14][0xef][0xbf][0xbd][0xd9][0x86]Q[0xef][0xbf][0xbd][0xef][0xbf][0xbd]}T[0xef][0xbf][0xbd][0x5]p[0xef][0xbf][0xbd]v3[0xef][0xbf][0xbd][0xef][0xbf][0xbd]v P[0x7]m[0xef][0xbf][0xbd][0xef][0xbf][0xbd][0xef][0xbf][0xbd][0xef][0xbf][0xbd][0xef][0xbf][0xbd]EU[0xef][0xbf][0xbd][0x5][0x19][0xef][0xbf][0xbd]S[0xef][0xbf][0xbd]Zd[0x1d])[0xef][0xbf][0xbd][0xef][0xbf][0xbd][0xef][0xbf][0xbd]1[0xef][0xbf][0xbd][0xef][0xbf][0xbd][0xef][0xbf][0xbd][0x3]XK[0x1a]M[0xef][0xbf][0xbd][0xef][0xbf][0xbd]x,[0xef][0xbf][0xbd][\r]9[[0xef][0xbf][0xbd]*D.[0xc]s[0xef][0xbf][0xbd][0xef][0xbf][0xbd][0xef][0xbf][0xbd][0x1d]T[0xef][0xbf][0xbd][0x1c][0x1a]-m[0x3][0xef][0xbf][0xbd][0xef][0xbf][0xbd]D2?t[0xef][0xbf][0xbd]T@[0xef][0xbf][0xbd]e1[0xef][0xbf][0xbd][0xef][0xbf][0xbd][0x0]-[0xef][0xbf][0xbd]nZ;Y[0xef][0xbf][0xbd][0xef][0xbf][0xbd]l,[0xef][0xbf][0xbd]:[0xef][0xbf][0xbd]:[0xef][0xbf][0xbd]-[0xef][0xbf][0xbd][0xef][0xbf][0xbd]K[0xef][0xbf][0xbd][0x1a][0xef][0xbf][0xbd]Wc[0xef][0xbf][0xbd][0xef][0xbf][0xbd]R[0xef][0xbf][0xbd]l[0xef][0xbf][0xbd][0xef][0xbf][0xbd][0xef][0xbf][0xbd][0x18]9[0xef][0xbf][0xbd]y[0xef][0xbf][0xbd]Kz[0xef][0xbf][0xbd][0xef][0xbf][0xbd][0xef][0xbf][0xbd]][0x6]TQ[0xef][0xbf][0xbd][0xef][0xbf][0xbd]][0xef][0xbf][0xbd]8[0xef][0xbf][0xbd][0xee][0x8a][0x83][0xef][0xbf][0xbd][0xef][0xbf][0xbd][0xef][0xbf][0xbd][0xde][0xb5]x[0xef][0xbf][0xbd][0xef][0xbf][0xbd]}91z[0x13]-J[0x1e]|[0xef][0xbf][0xbd][0xef][0xbf][0xbd]<[0x0][0xef][0xbf][0xbd][0xef][0xbf][0xbd]2[0xd1][0x86][0xd5][0xbc]L[0x0][0xef][0xbf][0xbd][0x17];[0xef][0xbf][0xbd][0xef][0xbf][0xbd][0xef][0xbf][0xbd]DQ[0xef][0xbf][0xbd][0xef][0xbf][0xbd][0xc8][0xb4][0xef][0xbf][0xbd][0x0]>[0xef][0xbf][0xbd][0x7][0x3][0xef][0xbf][0xbd][0xef][0xbf][0xbd][0xef][0xbf][0xbd][0xef][0xbf][0xbd][0xda][0x9d][0xef][0xbf][0xbd]w[0xef][0xbf][0xbd][0x11][0xef][0xbf][0xbd]"[0xef][0xbf][0xbd]\[0x1b]E[0xef][0xbf][0xbd][0x18];[0xef][0xbf][0xbd])0[0xef][0xbf][0xbd]"[0xef][0xbf][0xbd]b|[0xef][0xbf][0xbd][0xc9][0xa0]N([0xef][0xbf][0xbd]F[0xef][0xbf][0xbd][0xef][0xbf][0xbd][0xef][0xbf][0xbd]sL[0xef][0xbf][0xbd][0xef][0xbf][0xbd][0xef][0xbf][0xbd][0x1e][0xef][0xbf][0xbd]K[0xef][0xbf][0xbd][0xef][0xbf][0xbd]J[0xef][0xbf][0xbd]x[0xef][0xbf][0xbd]^[0xef][0xbf][0xbd][0xef][0xbf][0xbd][0xef][0xbf][0xbd][0xef][0xbf][0xbd][0xef][0xbf][0xbd]/[0xef][0xbf][0xbd]V~_[0xef][0xbf][0xbd][0x1][0xef][0xbf][0xbd]Wn[0xef][0xbf][0xbd]r[0x9][0xef][0xbf][0xbd][0x2]-[0x1a]A[0xef][0xbf][0xbd][0xef][0xbf][0xbd][0xef][0xbf][0xbd][0xef][0xbf][0xbd][0xc][0xd7][0xa6])7[0xef][0xbf][0xbd][0xef][0xbf][0xbd].I[0xd9][0xa1]W[0xef][0xbf][0xbd]G[0xef][0xbf][0xbd][0xef][0xbf][0xbd]D0[0xef][0xbf][0xbd][\r][0xef][0xbf][0xbd][0xef][0xbf][0xbd]`8[0xef][0xbf][0xbd][0xef][0xbf][0xbd]([0xda][0x8e]^=[0xef][0xbf][0xbd][0xef][0xbf][0xbd][0x18][0xef][0xbf][0xbd][0xef][0xbf][0xbd][0xef][0xbf][0xbd][0xef][0xbf][0xbd][0xef][0xbf][0xbd]M&[0xef][0xbf][0xbd][0xef][0xbf][0xbd][0xef][0x9a][0xb1][0xd7][0xbd][0x14][0xef][0xbf][0xbd]\[0xef][0xbf][0xbd]`[0x6][0xef][0xbf][0xbd] [0x15]9[0xef][0xbf][0xbd][0xef][0xbf][0xbd][0xef][0xbf][0xbd]cBs[0x0][0xe]v[0xef][0xbf][0xbd][\n]"
07:56:28.769 [main] DEBUG org.apache.http.wire -  >> "[0xef][0xbf][0xbd][0xef][0xbf][0xbd]w[0xef][0xbf][0xbd][0xef][0xbf][0xbd][0xef][0xbf][0xbd]N[0xef][0xbf][0xbd][0xef][0xbf][0xbd][0xef][0xbf][0xbd][0xef][0xbf][0xbd]Zd?|q[0xef][0xbf][0xbd]#&[0xef][0xbf][0xbd]y7[0xef][0xbf][0xbd]Y[0xef][0xbf][0xbd][0xef][0xbf][0xbd][0xef][0xbf][0xbd][0xef][0xbf][0xbd][0x6]X[0xef][0xbf][0xbd][0xef][0xbf][0xbd][0xef][0xbf][0xbd][0xef][0xbf][0xbd][0xef][0xbf][0xbd][0xef][0xbf][0xbd][0xef][0xbf][0xbd]+[0xef][0xbf][0xbd]Ij[0xef][0xbf][0xbd]<Y[0x6][0xef][0xbf][0xbd][0xef][0xbf][0xbd][0xef][0xbf][0xbd]k[0xef][0xbf][0xbd]\[0xef][0xbf][0xbd]Br[\n]"
07:56:28.769 [main] DEBUG org.apache.http.wire -  >> "[0xec][0x9c][0xbe]lP[0xef][0xbf][0xbd][0xef][0xbf][0xbd][0x18][0x1d][0xef][0xbf][0xbd][0xef][0xbf][0xbd][0xef][0xbf][0xbd][0xef][0xbf][0xbd][0x3][0xef][0xbf][0xbd]{[0xc3][0xbb][0xec][0x9a][0x96][0xef][0xbf][0xbd]@v[0xef][0xbf][0xbd][0x11][0xef][0xbf][0xbd]8[0xef][0xbf][0xbd]D[0xef][0xbf][0xbd][0x15]A[0xef][0xbf][0xbd][0xcd][0xa8][0xef][0xbf][0xbd][0xef][0xbf][0xbd][0xef][0xbf][0xbd][0xef][0xbf][0xbd]<[0xef][0xbf][0xbd]ga"[0xef][0xbf][0xbd],;[0xef][0xbf][0xbd]([0xd7][0x83][0xef][0xbf][0xbd][0xef][0xbf][0xbd]N"[0xef][0xbf][0xbd]C[0x1a][0xef][0xbf][0xbd][0xef][0xbf][0xbd][0xef][0xbf][0xbd][0xef][0xbf][0xbd]^[0xef][0xbf][0xbd]@/*[0xef][0xbf][0xbd]k[0xef][0xbf][0xbd][0xef][0xbf][0xbd]D[0xef][0xbf][0xbd])![0xef][0xbf][0xbd][0x8][0xef][0xbf][0xbd].[0xee][0x88][0xa1][0x1d]bW[0xef][0xbf][0xbd][0xef][0xbf][0xbd],?g[0xef][0xbf][0xbd]$*[0xef][0xbf][0xbd]n[0xef][0xbf][0xbd][0xda][0xa3]>[0xef][0xbf][0xbd]U[0xef][0xbf][0xbd][0xef][0xbf][0xbd]([0xef][0xbf][0xbd][0xef][0xbf][0xbd][0xef][0xbf][0xbd][0xef][0xbf][0xbd][0xde][0x8c][0xef][0xbf][0xbd]dL'b`[0xef][0xbf][0xbd][0x3][0xef][0xbf][0xbd][0xef][0xbf][0xbd][0xef][0xbf][0xbd][0xef][0xbf][0xbd]v)w_[0xef][0xbf][0xbd]g_[0xef][0xbf][0xbd][0xef][0xbf][0xbd][0xef][0xbf][0xbd]v[0xef][0xbf][0xbd][0xef][0xbf][0xbd][0xef][0xbf][0xbd][0xef][0xbf][0xbd]y[0xef][0xbf][0xbd][0xef][0xbf][0xbd][0xef][0xbf][0xbd]$[0xb][0xef][0xbf][0xbd][0xe1][0xa5][0x83]'[0xef][0xbf][0xbd]w[0xef][0xbf][0xbd][0x10]%[0xef][0xbf][0xbd][0xef][0xbf][0xbd][0xef][0xbf][0xbd][0xef][0xbf][0xbd][0xef][0xbf][0xbd]a[0xef][0xbf][0xbd][0xef][0xbf][0xbd]cr[0xd6][0x92][0xef][0xbf][0xbd];[\r]q[0xef][0xbf][0xbd][0xef][0xbf][0xbd][0xef][0xbf][0xbd]w[0x1d][0x1e][0xef][0xbf][0xbd][0xc6][0xac][0xef][0xbf][0xbd]C[0xef][0xbf][0xbd][0x16][0xef][0xbf][0xbd]J[0xef][0xbf][0xbd]Z}[0xef][0xbf][0xbd]^[0xef][0xbf][0xbd]PX[0xef][0xbf][0xbd][0xef][0xbf][0xbd][0xef][0xbf][0xbd][0xd6][0xac][0xef][0xbf][0xbd][0x0][0x8][0xef][0xbf][0xbd]Fv,d[0xef][0xbf][0xbd][0xef][0xbf][0xbd]&[0xef][0xbf][0xbd][0xef][0xbf][0xbd][0xef][0xbf][0xbd]n[0xef][0xbf][0xbd]'[0xef][0xbf][0xbd][0xef][0xbf][0xbd][0xef][0xbf][0xbd]0[0xef][0xbf][0xbd][0xef][0xbf][0xbd][0xef][0xbf][0xbd]x[0xef][0xbf][0xbd][0xef][0xbf][0xbd]3[0x9][0xef][0xbf][0xbd]1E[0xef][0xbf][0xbd][0x17]A[0xef][0xbf][0xbd][\r][0xef][0xbf][0xbd][0xef][0xbf][0xbd][0xef][0xbf][0xbd]Y[0xef][0xbf][0xbd]^[0xef][0xbf][0xbd]kW[0xef][0xbf][0xbd]![0xef][0xbf][0xbd][0xef][0xbf][0xbd]q[0xef][0xbf][0xbd]QL'[0xef][0xbf][0xbd][0xef][0xbf][0xbd][0xcf][0x81]}\[0x1b][J[0xef][0xbf][0xbd][0xef][0xbf][0xbd][0xef][0xbf][0xbd][0xef][0xbf][0xbd][0x1f]+[0xef][0xbf][0xbd][0xef][0xbf][0xbd]=lb[0xef][0xbf][0xbd];[0xef][0xbf][0xbd]s[0xef][0xbf][0xbd][0xef][0xbf][0xbd][0xef][0xbf][0xbd]L[0x1]p[0xef][0xbf][0xbd][0xef][0xbf][0xbd][0xef][0xbf][0xbd][0x8][0xef][0xbf][0xbd]~[0xef][0xbf][0xbd]`[0xef][0xbf][0xbd][0xc5][0xbb][0xec][0x9a][0x96][0xef][0xbf][0xbd]@[0xef][0xbf][0xbd][0xef][0xbf][0xbd][0xef][0xbf][0xbd]G<[0xef][0xbf][0xbd][0xef][0xbf][0xbd][0xcb][0x89][0x1f]wX[0x8][0xef][0xbf][0xbd]u/[0xeb][0xb3][0xaf][0xd8][0xae]Z[0xef][0xbf][0xbd][0xef][0xbf][0xbd]%[0xc6][0xb3][0xef][0xbf][0xbd][0xef][0xbf][0xbd]I#n[0x0][[0x17]~[0xef][0xbf][0xbd][0xef][0xbf][0xbd]H[0xef][0xbf][0xbd]rTP[0xef][0xbf][0xbd]x;[0xef][0xbf][0xbd]o[0xef][0xbf][0xbd]`Nvj[0xef][0xbf][0xbd]1pn[0xd1][0xb4]`[0xe]B[0x12][0xef][0xbf][0xbd]d[0xef][0xbf][0xbd]d[0xef][0xbf][0xbd]j[0xef][0xbf][0xbd][0xef][0xbf][0xbd][0xef][0xbf][0xbd] t[0xef][0xbf][0xbd]<[0xef][0xbf][0xbd]([0xef][0xbf][0xbd]xI[0xef][0xbf][0xbd][0xef][0xbf][0xbd] j[0xef][0xbf][0xbd][0xef][0xbf][0xbd]6{[0x1f][0xc8][0x88]>[0xef][0xbf][0xbd][0x1e][0xef][0xbf][0xbd]#[0xb][0xef][0xbf][0xbd][0xef][0xbf][0xbd][0xb][0xef][0xbf][0xbd][0xdd][0x8d][0xef][0xbf][0xbd][0x8]^[0xef][0xbf][0xbd]~[0xef][0xbf][0xbd][0xef][0xbf][0xbd][0x1][0xef][0xbf][0xbd],Ty[0xef][0xbf][0xbd][0xef][0xbf][0xbd]G [0xef][0xbf][0xbd]A[0xef][0xbf][0xbd][0xef][0xbf][0xbd]-7[0xef][0xbf][0xbd][0x18]e[0xef][0xbf][0xbd][0x4]ta%[0xef][0xbf][0xbd][0xef][0xbf][0xbd][0x15][0xef][0xbf][0xbd][0xef][0xbf][0xbd][0xef][0xbf][0xbd][0xef][0xbf][0xbd][0xef][0xbf][0xbd][0xef][0xbf][0xbd][0xef][0xbf][0xbd]S[0xef][0xbf][0xbd][0xef][0xbf][0xbd][0x12][0xef][0xbf][0xbd]:[0x2]q/[0xef][0xbf][0xbd][m}[0xef][0xbf][0xbd][0xe9][0x92][0xac][0xef][0xbf][0xbd]M[0xef][0xbf][0xbd][0x18][0x5][0xef][0xbf][0xbd][0xef][0xbf][0xbd][0xc]&@j[0xef][0xbf][0xbd][0xef][0xbf][0xbd]a[0x1a]L0[0xef][0xbf][0xbd][0x19][0x5][0xef][0xbf][0xbd][0xef][0xbf][0xbd]t[0x18]v&[0xef][0xbf][0xbd][0xef][0xbf][0xbd][0xef][0xbf][0xbd]B[0x11][0xef][0xbf][0xbd][0xef][0xbf][0xbd]UlU[0xef][0xbf][0xbd][0xef][0xbf][0xbd][0xef][0xbf][0xbd][0xef][0xbf][0xbd][0xef][0xbf][0xbd],[0xef][0xbf][0xbd][\r][0xef][0xbf][0xbd]s[0x12][0xef][0xbf][0xbd][0xef][0xbf][0xbd][0x1c]Ns"
07:56:28.770 [main] DEBUG org.apache.http.wire -  >> "&[0xef][0xbf][0xbd],[0xef][0xbf][0xbd]RQ[0x16][0xef][0xbf][0xbd][0xef][0xbf][0xbd](L[0xef][0xbf][0xbd]W[0x1]P`[0xef][0xbf][0xbd][0xef][0xbf][0xbd]"[0xef][0xbf][0xbd]s[0xef][0xbf][0xbd][0xef][0xbf][0xbd]e[0xef][0xbf][0xbd]6[0xef][0xbf][0xbd][0x5][0xef][0xbf][0xbd]n[0xcd][0x86][0xef][0xbf][0xbd].[0xef][0xbf][0xbd][0x0]d[0xef][0xbf][0xbd][0xef][0xbf][0xbd][0xd3][0x85][0xef][0xbf][0xbd][0xef][0xbf][0xbd][0x0][0xef][0xbf][0xbd]z[0xef][0xbf][0xbd][0x9][0x8]i[0xc][\r][0xc7][0xa7][0xef][0xbf][0xbd]0[0x0]k[0x5]7w[0xef][0xbf][0xbd]=+[0xef][0xbf][0xbd]m[0xef][0xbf][0xbd][0xef][0xbf][0xbd][0xef][0xbf][0xbd][0xef][0xbf][0xbd][0xef][0xbf][0xbd]kZ[0xef][0xbf][0xbd][0xc][0xef][0xbf][0xbd][0x1c][0xef][0xbf][0xbd][0xef][0xbf][0xbd][0xef][0xbf][0xbd][0x1c]4_([0xef][0xbf][0xbd][0x13]0'=[0xef][0xbf][0xbd]P7+k[0xef][0xbf][0xbd][0x5][0xef][0xbf][0xbd][0xef][0xbf][0xbd][0xef][0xbf][0xbd][0xef][0xbf][0xbd][0xef][0xbf][0xbd]@[0xef][0xbf][0xbd][0xc3][0xb5][0xef][0xbf][0xbd][0xef][0xbf][0xbd][0xca][0x9b]a[0xef][0xbf][0xbd][0xef][0xbf][0xbd][0xef][0xbf][0xbd]$[0xef][0xbf][0xbd][0xef][0xbf][0xbd][0xc][0x1c][0xef][0xbf][0xbd]\*[0xef][0xbf][0xbd][0xef][0xbf][0xbd]f0[0xef][0xbf][0xbd]Eq[0xef][0xbf][0xbd]s[0xef][0xbf][0xbd]Y\[0xef][0xbf][0xbd][0x14][0xef][0xbf][0xbd][0x15][0x7]d[0xef][0xbf][0xbd](iQ_[0x1c][0xef][0xbf][0xbd][0xef][0xbf][0xbd]>[0xef][0xbf][0xbd][0xef][0xbf][0xbd][0xef][0xbf][0xbd]y[0xef][0xbf][0xbd][0xef][0xbf][0xbd]F[0xb][0xef][0xbf][0xbd]3[0xef][0xbf][0xbd]{[0xef][0xbf][0xbd][0x7]w[0xef][0xbf][0xbd][0xef][0xbf][0xbd][0xef][0xbf][0xbd]K[0xef][0xbf][0xbd][0xef][0xbf][0xbd][0xca][0x8b][0xef][0xbf][0xbd][0xef][0xbf][0xbd]-{[0xef][0xbf][0xbd]S76[0xef][0xbf][0xbd]bo[0x1b][0xef][0xbf][0xbd][0xef][0xbf][0xbd][0xef][0xbf][0xbd][0x1e][0xef][0xbf][0xbd][0xef][0xbf][0xbd][0xef][0xbf][0xbd]([0xef][0xbf][0xbd][0xef][0xbf][0xbd]5[0xef][0xbf][0xbd][0x3][0x6]c8[0xef][0xbf][0xbd]}O[0xef][0xbf][0xbd][0x8][0xef][0xbf][0xbd]`[0xef][0xbf][0xbd][0xef][0xbf][0xbd][0x9]*}[0xef][0xbf][0xbd]Vv[0x0][0xef][0xbf][0xbd][0x18]U[0x18][0xef][0xbf][0xbd][0x15][0xef][0xbf][0xbd][0xef][0xbf][0xbd]P[0xef][0xbf][0xbd]s[0xef][0xbf][0xbd][0xef][0xbf][0xbd][0xef][0xbf][0xbd]jlA[0x10]Wg"*[0xef][0xbf][0xbd][0xef][0xbf][0xbd]&[0xef][0xbf][0xbd][0xef][0xbf][0xbd][0xef][0xbf][0xbd][0xef][0xbf][0xbd][0xef][0xbf][0xbd]@[0xef][0xbf][0xbd][0xef][0xbf][0xbd][0x11][0xef][0xbf][0xbd][0xef][0xbf][0xbd]D[0xef][0xbf][0xbd]6b)[0x1f][0xef][0xbf][0xbd][p[0xef][0xbf][0xbd][0xef][0xbf][0xbd]|[0xef][0xbf][0xbd][0x1c]<[0xef][0xbf][0xbd][0x10][0xef][0xbf][0xbd][0xef][0xbf][0xbd][0xef][0xbf][0xbd]%[0xef][0xbf][0xbd])[0x13][0xef][0xbf][0xbd][0xc7][0xb9][0xef][0xbf][0xbd]R[0xef][0xbf][0xbd][0xef][0xbf][0xbd][0x6][0xef][0xbf][0xbd][0xef][0xbf][0xbd][0xef][0xbf][0xbd]"[0xef][0xbf][0xbd][0xef][0xbf][0xbd]A[0xd6][0x86]|v[0xef][0xbf][0xbd][0xef][0xbf][0xbd][0xef][0xbf][0xbd]v8s[0xef][0xbf][0xbd]X[0xdd][0xa4][0xef][0xbf][0xbd]0[0xef][0xbf][0xbd][0xef][0xbf][0xbd]5[0xef][0xbf][0xbd]U[0xef][0xbf][0xbd].[0xef][0xbf][0xbd]B7q+.[0xef][0xbf][0xbd]}[0xef][0xbf][0xbd][0xef][0xbf][0xbd][0xef][0xbf][0xbd]s[0x0]*[0xef][0xbf][0xbd][0x3][0xef][0xbf][0xbd][0xd8][0xbd][0x7]d[0xef][0xbf][0xbd][0xef][0xbf][0xbd][0xef][0xbf][0xbd][0xef][0xbf][0xbd]R [0xef][0xbf][0xbd]i[0xef][0xbf][0xbd],[0xef][0xbf][0xbd][0x18][0xef][0xbf][0xbd]?[0x3][0xef][0xbf][0xbd][0xef][0xbf][0xbd][0xef][0xbf][0xbd].[0xcb][0x86][0xef][0xbf][0xbd][0xef][0xbf][0xbd][0xef][0xbf][0xbd][0xc6][0xa8][0xef][0xbf][0xbd]=[0x18]Kp[0xc8][0x82][0xef][0xbf][0xbd]T\v[[0xef][0xbf][0xbd]@[0xef][0xbf][0xbd][0x3]H[\n]"
07:56:28.770 [main] DEBUG org.apache.http.wire -  >> "JQ[0x7][0xef][0xbf][0xbd][0xef][0xbf][0xbd][0xcb][0xac]c[0xef][0xbf][0xbd][0xef][0xbf][0xbd][0xef][0xbf][0xbd][0xef][0xbf][0xbd]2qZ3U[0xef][0xbf][0xbd][0xef][0xbf][0xbd][0xef][0xbf][0xbd][0xef][0xbf][0xbd][0xef][0xbf][0xbd][0xce][0x86]=S[0xef][0xbf][0xbd][0x1][0xef][0xbf][0xbd]V[0xef][0xbf][0xbd][0xef][0xbf][0xbd]U[0xef][0xbf][0xbd][0xef][0xbf][0xbd]7^[0xef][0xbf][0xbd];[0xef][0xbf][0xbd]r[0x4][0xef][0xbf][0xbd][0xef][0xbf][0xbd][0xef][0xbf][0xbd][0xef][0xbf][0xbd][0xef][0xbf][0xbd][0xd9][0x8b]O[0xef][0xbf][0xbd][0xef][0xbf][0xbd]b[0xef][0xbf][0xbd][0x19][0xef][0xbf][0xbd]d[0xef][0xbf][0xbd][0xef][0xbf][0xbd][0x0][0xef][0xbf][0xbd][0xef][0xbf][0xbd][0xef][0xbf][0xbd]C5[0xef][0xbf][0xbd]p/,"m[0xef][0xbf][0xbd][0x10][0xe4][0xb5][0x80][0xef][0xbf][0xbd]B[0xef][0xbf][0xbd][0xef][0xbf][0xbd][0xef][0xbf][0xbd]u[0xef][0xbf][0xbd][0x1e]C[0xef][0xbf][0xbd]L[0xef][0xbf][0xbd][0xef][0xbf][0xbd][0x2]p[0x12][0xd2][0xb6]-}[0xef][0xbf][0xbd]L[0xef][0xbf][0xbd][0xef][0xbf][0xbd][0xef][0xbf][0xbd][0x0]i[0xc6][0xa4][0xd9][0x94][0xef][0xbf][0xbd][0xef][0xbf][0xbd][0xef][0xbf][0xbd][0xef][0xbf][0xbd][0xef][0xbf][0xbd][0xef][0xbf][0xbd][0x1b][0x1d]U.[0xdb][0x96][0xef][0xbf][0xbd]y[0xef][0xbf][0xbd]x)[0xef][0xbf][0xbd]'+[0xef][0xbf][0xbd][0x4][0x0]R[0xc8][0x9b]mMC5[0xef][0xbf][0xbd][0x1f]6R[0xef][0xbf][0xbd]~[0xef][0xbf][0xbd][0xf]b[0xef][0xbf][0xbd][0xef][0xbf][0xbd]9[0xef][0xbf][0xbd]N[0xef][0xbf][0xbd]_&[0xef][0xbf][0xbd][0xef][0xbf][0xbd]i[0xef][0xbf][0xbd]0[0xef][0xbf][0xbd][0xda][0x90][0xef][0xbf][0xbd][0xef][0xbf][0xbd][0xd7][0x9e][0x1e]&|d[0xef][0xbf][0xbd][0xef][0xbf][0xbd]}&[0xef][0xbf][0xbd][0xef][0xbf][0xbd][0xef][0xbf][0xbd][0xef][0xbf][0xbd][0xef][0xbf][0xbd][0xef][0xbf][0xbd]+[0xef][0xbf][0xbd][0xef][0xbf][0xbd][0x1f][0xef][0xbf][0xbd]r[0xef][0xbf][0xbd][0xef][0xbf][0xbd][0xef][0xbf][0xbd]*[0xef][0xbf][0xbd][0x19][0x19][0xef][0xbf][0xbd](c N[0xef][0xbf][0xbd][0xef][0xbf][0xbd][0x0][0xef][0xbf][0xbd]$[0xef][0xbf][0xbd]q[0xef][0xbf][0xbd],e{[0x16]m[0xef][0xbf][0xbd][0xef][0xbf][0xbd][0xef][0xbf][0xbd]l[0xef][0xbf][0xbd][0xef][0xbf][0xbd][0x17][0xef][0xbf][0xbd][0xc3][0xae]a[0xef][0xbf][0xbd]Rkni[0xef][0xbf][0xbd]f[0xef][0xbf][0xbd][0xef][0xbf][0xbd].[0x0][0xef][0xbf][0xbd][0xef][0xbf][0xbd]'[0xf][0xcb][0xaa][0xef][0xbf][0xbd][0xef][0xbf][0xbd]'[0xef][0xbf][0xbd][0xef][0xbf][0xbd]Mh63m[0xc]>e[0xef][0xbf][0xbd]g[0xef][0xbf][0xbd]ROM[0xef][0xbf][0xbd][0xef][0xbf][0xbd][0xef][0xbf][0xbd]|[0xef][0xbf][0xbd]O5[0x7]O[0xef][0xbf][0xbd][0xef][0xbf][0xbd][[0xef][0xbf][0xbd]Y[0x8]`[0xef][0xbf][0xbd][0xef][0xbf][0xbd][0x1d][0x18][0xef][0xbf][0xbd]ddO6[0xef][0xbf][0xbd][0xe]w[0x1f][0xef][0xbf][0xbd][0xef][0xbf][0xbd]N[0xef][0xbf][0xbd][0xef][0xbf][0xbd]qCG,[0x1a][0xef][0xbf][0xbd]Q[0xef][0xbf][0xbd][0xef][0xbf][0xbd]jZ[0xef][0xbf][0xbd][0xef][0xbf][0xbd][0xef][0xbf][0xbd][0xef][0xbf][0xbd][0xef][0xbf][0xbd].;[0xef][0xbf][0xbd][0xef][0xbf][0xbd][0xef][0xbf][0xbd][0xef][0xbf][0xbd][0xef][0xbf][0xbd]R[0xef][0xbf][0xbd][0x12]_|[0xce][0x9e][0xef][0xbf][0xbd][0xef][0xbf][0xbd]/[0xef][0xbf][0xbd][0xef][0xbf][0xbd][0xef][0xbf][0xbd][0xef][0xbf][0xbd][0x11][0xef][0xbf][0xbd][0x1e][0xef][0xbf][0xbd]Wa_u [0xef][0xbf][0xbd][0xef][0xbf][0xbd]#[0xef][0xbf][0xbd][0x7]|%[0xef][0xbf][0xbd][0xef][0xbf][0xbd]K[0xe]QHF[0x2][0xcc][0xa7][0xef][0xbf][0xbd]d.[0xca][0x97]L[0xef][0xbf][0xbd][0xdf][0xb3][0x7][0xee][0xbd][0x93]mi[0xef][0xbf][0xbd][0xda][0x99]Q[0xef][0xbf][0xbd][0xef][0xbf][0xbd][0xef][0xbf][0xbd]p[0xef][0xbf][0xbd][0xef][0xbf][0xbd]^[0x1c][0xef][0xbf][0xbd]H[0xef][0xbf][0xbd][0xef][0xbf][0xbd][0xef][0xbf][0xbd][0xef][0xbf][0xbd][0xef][0xbf][0xbd]$[0xef][0xbf][0xbd]'[0xef][0xbf][0xbd][0xef][0xbf][0xbd][0xef][0xbf][0xbd][0x1d]v[0xef][0xbf][0xbd][0xef][0xbf][0xbd]e[0xef][0xbf][0xbd][0x11][0xef][0xbf][0xbd][0xef][0xbf][0xbd][0xef][0xbf][0xbd][0x9][0x1e][0xef][0xbf][0xbd][0xef][0xbf][0xbd][0xef][0xbf][0xbd]09uqq>[0xef][0xbf][0xbd][0xef][0xbf][0xbd][0xef][0xbf][0xbd][0xef][0xbf][0xbd][0xef][0xbf][0xbd][0xef][0xbf][0xbd][0xef][0xbf][0xbd][0x14][0xef][0xbf][0xbd][0xef][0xbf][0xbd]6h[0xef][0xbf][0xbd][0x2][0xef][0xbf][0xbd][0x12]OG[0xef][0xbf][0xbd]K[0xef][0xbf][0xbd][0xef][0xbf][0xbd]>f[0x3]wm[0xef][0xbf][0xbd][0xef][0xbf][0xbd]g[0xef][0xbf][0xbd][0x15][0x10][\n]"
07:56:28.770 [main] DEBUG org.apache.http.wire -  >> "[0xef][0xbf][0xbd]T[0xef][0xbf][0xbd]qc[0xef][0xbf][0xbd][0xef][0xbf][0xbd][0xef][0xbf][0xbd][0xef][0xbf][0xbd]H[0xef][0xbf][0xbd][0xef][0xbf][0xbd][0xef][0xbf][0xbd]('`[0xef][0xbf][0xbd]cg[0x12]:P[0xef][0xbf][0xbd][0xef][0xbf][0xbd][0x10]?1[0xef][0xbf][0xbd]{Np[0xdf][0xb9][0xef][0xbf][0xbd]_=[0xef][0xbf][0xbd][0xef][0xbf][0xbd][0xef][0xbf][0xbd][0xef][0xbf][0xbd]kX[0xef][0xbf][0xbd][0xef][0xbf][0xbd][0xef][0xbf][0xbd][0x1f][0x1f][[0xd9][0x94]mK[0xef][0xbf][0xbd][0xef][0xbf][0xbd]s[0xef][0xbf][0xbd][0x3][0xef][0xbf][0xbd][0xef][0xbf][0xbd][0x5][0xef][0xbf][0xbd][0xef][0xbf][0xbd]6[0xef][0xbf][0xbd]N[0xef][0xbf][0xbd][0xef][0xbf][0xbd]B[0xef][0xbf][0xbd]L,[0xef][0xbf][0xbd][0xef][0xbf][0xbd]pI[0xef][0xbf][0xbd][0x7][0xef][0xbf][0xbd][0x1f][0xef][0xbf][0xbd]e[0xca][0xba]l[0xef][0xbf][0xbd]@[0x0]5{5[0xef][0xbf][0xbd]P[0xef][0xbf][0xbd]fxM[0x1f]_[0xef][0xbf][0xbd][0xef][0xbf][0xbd][0xef][0xbf][0xbd][0xef][0xbf][0xbd][0xef][0xbf][0xbd][0xef][0xbf][0xbd]n[0xef][0xbf][0xbd]fsm[0xef][0xbf][0xbd][0xef][0xbf][0xbd]U#[0x1b]>[0xef][0xbf][0xbd][0x2]*g[0x1][0xef][0xbf][0xbd][0x7][0xef][0xbf][0xbd][0xef][0xbf][0xbd]}=[0xef][0xbf][0xbd][0xef][0xbf][0xbd]o[0xef][0xbf][0xbd][0xef][0xbf][0xbd][0xef][0xbf][0xbd][0xef][0xbf][0xbd]r[0xef][0xbf][0xbd]7[0xef][0xbf][0xbd][0xd0][0x9e][0xef][0xbf][0xbd][0xef][0xbf][0xbd]On[0xef][0xbf][0xbd][0x1d]e[0xef][0xbf][0xbd]P[[0xef][0xbf][0xbd][\n]"
07:56:28.770 [main] DEBUG org.apache.http.wire -  >> "6![0xef][0xbf][0xbd][0xef][0xbf][0xbd]*[0xef][0xbf][0xbd][0xef][0xbf][0xbd][0xef][0xbf][0xbd].+[0xef][0xbf][0xbd][0xef][0xbf][0xbd]}[0x3][0xdd][0x9f]X1[0x1e][0xef][0xbf][0xbd]W[0xef][0xbf][0xbd][0x13][0xef][0xbf][0xbd].[0xef][0xbf][0xbd][0xef][0xbf][0xbd]iM[0xef][0xbf][0xbd][0xef][0xbf][0xbd]WC[0xef][0xbf][0xbd][0xef][0xbf][0xbd]N[0xef][0xbf][0xbd]Ew[[0xef][0xbf][0xbd]e[0x13]5[0x2]2[0xef][0xbf][0xbd][0x10]43[0xef][0xbf][0xbd][0xef][0xbf][0xbd]l[0xef][0xbf][0xbd][0xef][0xbf][0xbd][0xef][0xbf][0xbd][0xef][0xbf][0xbd][0x14][0xef][0xbf][0xbd][0xef][0xbf][0xbd].[0xeb][0x8b][0x9e][0x18][0x17][0xef][0xbf][0xbd][0xef][0xbf][0xbd][0x3][0xef][0xbf][0xbd][0xf]n[\n]"
07:56:28.771 [main] DEBUG org.apache.http.wire -  >> "$[\r]R[0xef][0xbf][0xbd]E[0xef][0xbf][0xbd][0xef][0xbf][0xbd][0xef][0xbf][0xbd][0xef][0xbf][0xbd][0x6][0xef][0xbf][0xbd][0xef][0xbf][0xbd][0xef][0xbf][0xbd]d[0xef][0xbf][0xbd][0xef][0xbf][0xbd]kau4[0x15][0xef][0xbf][0xbd]NoupV[0xef][0xbf][0xbd][0xef][0xbf][0xbd][0xef][0xbf][0xbd][0xef][0xbf][0xbd]0nky[0xef][0xbf][0xbd][0xef][0xbf][0xbd]|a[0xef][0xbf][0xbd]WLD[0xef][0xbf][0xbd][0xef][0xbf][0xbd]y[0xef][0xbf][0xbd][0xf][0xef][0xbf][0xbd][0x3]Jn[0x1]4[0xef][0xbf][0xbd]Y@[0x3]q[0x10][0xef][0xbf][0xbd][0xef][0xbf][0xbd]^w[0xef][0xbf][0xbd][0x10][0xef][0xbf][0xbd][0xef][0xbf][0xbd]8[0xef][0xbf][0xbd][0x18]r[0xef][0xbf][0xbd][0x11][0x0];3[0xef][0xbf][0xbd][0xc3][0xa5]o[0xef][0xbf][0xbd]kX^[0x12][0xef][0xbf][0xbd][0xef][0xbf][0xbd][0xef][0xbf][0xbd][0x1e][0xef][0xbf][0xbd][0xcf][0xa0][0xef][0xbf][0xbd]S[0xef][0xbf][0xbd][0xef][0xbf][0xbd][0xef][0xbf][0xbd]u[0x14]u1G[0xef][0xbf][0xbd][\n]"
07:56:28.771 [main] DEBUG org.apache.http.wire -  >> "[0x5][0xef][0xbf][0xbd]y[0xef][0xbf][0xbd][0xd7][0x96][0x10][0xef][0xbf][0xbd][0xef][0xbf][0xbd][0xef][0xbf][0xbd]),,[0xc4][0xa7][0xef][0xbf][0xbd]S1[0x1e]4E[0xef][0xbf][0xbd]V[0xef][0xbf][0xbd]6[0x4]3[0xef][0xbf][0xbd]o[0xef][0xbf][0xbd][0x0]^[0xef][0xbf][0xbd][0x10][0xef][0xbf][0xbd]\o*[0xef][0xbf][0xbd][0xef][0xbf][0xbd]z[0xef][0xbf][0xbd]eX5[0xef][0xbf][0xbd][0xef][0xbf][0xbd]q}[0x13][0x8][0xef][0xbf][0xbd]4[0xd4][0xbd]H[0x1e][0xef][0xbf][0xbd]#[0xef][0xbf][0xbd][0x2][0xef][0xbf][0xbd]T[0x1e]Q[0xef][0xbf][0xbd][0xef][0xbf][0xbd][0xef][0xbf][0xbd]z[0xd3][0x9f][0xef][0xbf][0xbd][0xef][0xbf][0xbd][0xef][0xbf][0xbd][0xef][0xbf][0xbd][0xef][0xbf][0xbd][0xe2][0x93][0xbf]c/|[0xef][0xbf][0xbd][0xef][0xbf][0xbd][0x1d],[0xef][0xbf][0xbd]Y[0xef][0xbf][0xbd][0xef][0xbf][0xbd][0xef][0xbf][0xbd]_[0x12][0xef][0xbf][0xbd][0xef][0xbf][0xbd][0xef][0xbf][0xbd][0xef][0xbf][0xbd]([0xc4][0x99][0xef][0xbf][0xbd][0x19]f[0xef][0xbf][0xbd]<[0xc5][0x8a]k[0xdb][0x95]{Qt[\r]b\]G^?Qru[0xef][0xbf][0xbd]OW[0xef][0xbf][0xbd]A?{[\r]`[0xef][0xbf][0xbd][0xef][0xbf][0xbd]ndH[0xef][0xbf][0xbd][0x17][0xef][0xbf][0xbd][0xef][0xbf][0xbd][0xef][0xbf][0xbd]S[0xe]R[0x17][0xef][0xbf][0xbd][0xc8][0xbf]2A[0xc4][0xb1]BS}[0x1d][0x6][0x0]d[0x11][0xef][0xbf][0xbd][0xef][0xbf][0xbd]1[0x1a][0x6]oN[\n]"
07:56:28.771 [main] DEBUG org.apache.http.wire -  >> "?b[0xef][0xbf][0xbd]U[0x7]cR:[0x16][0x13][0xef][0xbf][0xbd]w[0xef][0xbf][0xbd][0xef][0xbf][0xbd][0xcd][0xbc]\[0xef][0xbf][0xbd][0xef][0xbf][0xbd][0xef][0xbf][0xbd]oc[0xef][0xbf][0xbd][0x4]>B[0xef][0xbf][0xbd][0xb][0xef][0xbf][0xbd][0xef][0xbf][0xbd]zW[0xef][0xbf][0xbd][0xef][0xbf][0xbd]=[\r][0xef][0xbf][0xbd]:[0xef][0xbf][0xbd][0xef][0xbf][0xbd]I[0xef][0xbf][0xbd]9[0xef][0xbf][0xbd]D[0xef][0xbf][0xbd][\n]"
07:56:28.771 [main] DEBUG org.apache.http.wire -  >> "([0x4][0xef][0xbf][0xbd]3n[0xef][0xbf][0xbd][0xef][0xbf][0xbd][0xef][0xbf][0xbd]M[0x3]$8[0xef][0xbf][0xbd][0xef][0xbf][0xbd][0x6][0xc]wb[0xc][0xef][0xbf][0xbd][0x0][0x6]V[0xef][0xbf][0xbd][0xd1][0xa1][0x1b]V&[0xef][0xbf][0xbd][0xef][0xbf][0xbd][0xef][0xbf][0xbd][0xef][0xbf][0xbd]G_[0xf][0x1f][0xef][0xbf][0xbd][0xc3][0xae]ayI ;[0xef][0xbf][0xbd]j[0xef][0xbf][0xbd]a[0xef][0xbf][0xbd][0x10].?[0x1][0x1][0x16]bc[0xef][0xbf][0xbd] [0xef][0xbf][0xbd]i![0xef][0xbf][0xbd][0xf][0xef][0xbf][0xbd][0xef][0xbf][0xbd][0xef][0xbf][0xbd]H[0x5][0xef][0xbf][0xbd]I[0xee][0xa0][0x8e][0xef][0xbf][0xbd]v[0xef][0xbf][0xbd][0xef][0xbf][0xbd][0xef][0xbf][0xbd][0x1b][0xef][0xbf][0xbd][0x1a]<[0xef][0xbf][0xbd][0xef][0xbf][0xbd]X[0xef][0xbf][0xbd][0xef][0xbf][0xbd][0xef][0xbf][0xbd][0xef][0xbf][0xbd][0xef][0xbf][0xbd][0xef][0xbf][0xbd][0xef][0xbf][0xbd][0xef][0xbf][0xbd][0xef][0xbf][0xbd][0xef][0xbf][0xbd][0x2]N[0xef][0xbf][0xbd]+rR[0x8]\\[0xef][0xbf][0xbd]s[0xef][0xbf][0xbd][0x14][0xef][0xbf][0xbd][0xef][0xbf][0xbd]|[0xef][0xbf][0xbd][0xef][0xbf][0xbd]<b=[0xef][0xbf][0xbd]l/[0xef][0xbf][0xbd]6[0x1a]h[0xef][0xbf][0xbd]D"[0xf2][0xaf][0xbb][0x9d]1[0xef][0xbf][0xbd][\n]"
07:56:28.771 [main] DEBUG org.apache.http.wire -  >> "[0xef][0xbf][0xbd][0xef][0xbf][0xbd][0x12][0x17][0xef][0xbf][0xbd][J[0xef][0xbf][0xbd]x[0xef][0xbf][0xbd]^[0xef][0xbf][0xbd]g[0xef][0xbf][0xbd][0xef][0xbf][0xbd][0xdb][0x9f][0xef][0xbf][0xbd][0xef][0xbf][0xbd][0xd6][0xab][0x1a]u[0xc4][0xbd][0xef][0xbf][0xbd][0xef][0xbf][0xbd]j+<[0xef][0xbf][0xbd]\[0xef][0xbf][0xbd]&9[0xef][0xbf][0xbd].[0xc]z[0x1d][\n]"
07:56:28.771 [main] DEBUG org.apache.http.wire -  >> "[0xef][0xbf][0xbd]h[0xef][0xbf][0xbd][0xd0][0xa8]k[0xc6][0x94][0xef][0xbf][0xbd]\ N[0x16]&[0xef][0xbf][0xbd][0x9]v7T[0xef][0xbf][0xbd][0xef][0xbf][0xbd][0x17][0xef][0xbf][0xbd][0x13][0xef][0xbf][0xbd]?F![0xef][0xbf][0xbd]3[0xef][0xbf][0xbd].[0xef][0xbf][0xbd][0xf]k[0x18][0x9][0xef][0xbf][0xbd].[0xef][0xbf][0xbd][0xef][0xbf][0xbd]}@q[0xef][0xbf][0xbd][0x11]\g[0xef][0xbf][0xbd][0xef][0xbf][0xbd][0x19]}[0xef][0xbf][0xbd][0xef][0xbf][0xbd]L[0xef][0xbf][0xbd][0xef][0xbf][0xbd]RA[0xef][0xbf][0xbd][0xef][0xbf][0xbd]=H[0xef][0xbf][0xbd]w[0xcc][0x9d][0xef][0xbf][0xbd][0xef][0xbf][0xbd][0xef][0xbf][0xbd][0x12]2[0xef][0xbf][0xbd][0xef][0xbf][0xbd][0xef][0xbf][0xbd]q[0xef][0xbf][0xbd]7z[0xef][0xbf][0xbd][0x8][0xef][0xbf][0xbd][0xef][0xbf][0xbd]%[0xef][0xbf][0xbd][0xca][0x84][0xef][0xbf][0xbd]E-[0x1a][0xef][0xbf][0xbd]%[0xef][0xbf][0xbd]a[0xef][0xbf][0xbd][0xef][0xbf][0xbd][0xef][0xbf][0xbd]e5[0xef][0xbf][0xbd][0xef][0xbf][0xbd]>[0xef][0xbf][0xbd][0x1e][0xef][0xbf][0xbd]t[0xef][0xbf][0xbd][0xef][0xbf][0xbd][0xef][0xbf][0xbd][0xef][0xbf][0xbd]l[0xef][0xbf][0xbd][0xef][0xbf][0xbd]&[0xef][0xbf][0xbd][0xef][0xbf][0xbd][0xef][0xbf][0xbd][0xef][0xbf][0xbd][0xc3][0xb9]B([0xc5][0xac][0xef][0xbf][0xbd]{.[0xef][0xbf][0xbd]([0xef][0xbf][0xbd][0xef][0xbf][0xbd]\;[0xb][0xef][0xbf][0xbd][0xef][0xbf][0xbd]}<o[0xef][0xbf][0xbd][0xef][0xbf][0xbd][0xe][0xef][0xbf][0xbd]\[0xef][0xbf][0xbd]w.~U[\r][0xef][0xbf][0xbd][0xef][0xbf][0xbd][0xef][0xbf][0xbd][0xef][0xbf][0xbd][0xef][0xbf][0xbd][0xc5][0xae][0xef][0xbf][0xbd]U[0xef][0xbf][0xbd][0x12]o[0xef][0xbf][0xbd][0xef][0xbf][0xbd]xn[0x1f]=[0xef][0xbf][0xbd][0xd1][0x81]e[0xef][0xbf][0xbd]0%[0xcd][0x90]D[0x11][0xef][0xbf][0xbd][0xef][0xbf][0xbd][\r][0xef][0xbf][0xbd][0xef][0xbf][0xbd][0xef][0xbf][0xbd][0xef][0xbf][0xbd][0x16]L[0xef][0xbf][0xbd][0xef][0xbf][0xbd];[0xef][0xbf][0xbd][0xef][0xbf][0xbd]W%[0xef][0xbf][0xbd][0xef][0xbf][0xbd]g>[0xef][0xbf][0xbd][0xef][0xbf][0xbd][0xef][0xbf][0xbd]"m[0xef][0xbf][0xbd][0xef][0xbf][0xbd][0xe3][0xa6][0x96][0xef][0xbf][0xbd][0x6][0xef][0xbf][0xbd][0x17];[0xc][0xef][0xbf][0xbd]0:PZHh[\r]2[0xef][0xbf][0xbd]#[0xef][0xbf][0xbd][0xef][0xbf][0xbd]n[0xef][0xbf][0xbd]X[0xef][0xbf][0xbd][0xef][0xbf][0xbd]:[0xef][0xbf][0xbd][0xef][0xbf][0xbd]?l[0xef][0xbf][0xbd][0xef][0xbf][0xbd][0xda][0x97]x[0xef][0xbf][0xbd]y{[0xef][0xbf][0xbd][0xef][0xbf][0xbd][0xef][0xbf][0xbd][0xef][0xbf][0xbd][0xef][0xbf][0xbd][0xef][0xbf][0xbd]3&[0x1a][0xef][0xbf][0xbd]j[0xef][0xbf][0xbd][0x4][0xef][0xbf][0xbd][0xef][0xbf][0xbd][0xcc][0xb8]V[0xef][0xbf][0xbd]&[0xef][0xbf][0xbd]C[0xef][0xbf][0xbd]z[0xef][0xbf][0xbd]&- [0xef][0xbf][0xbd]sZY[0xef][0xbf][0xbd][0xd9][0xbb]7[0xef][0xbf][0xbd][0xef][0xbf][0xbd]&r[0xef][0xbf][0xbd][0xdc][0x8a]S[0xef][0xbf][0xbd]:R"L[0x1e][0xef][0xbf][0xbd][0xef][0xbf][0xbd]k+6[0x1c][0x3][0x1d][0xef][0xbf][0xbd]?K}G[0xef][0xbf][0xbd][0xf][0xc][0xef][0xbf][0xbd]=[0xef][0xbf][0xbd]O[0xef][0xbf][0xbd][0xef][0xbf][0xbd][0xef][0xbf][0xbd][0xef][0xbf][0xbd][0x16])-[0x10]+C[0xef][0xbf][0xbd][0xef][0xbf][0xbd]+u[0xef][0xbf][0xbd][0xef][0xbf][0xbd]2[0xef][0xbf][0xbd][0xeb][0xa7][0xb6]/;F[0xef][0xbf][0xbd][0xef][0xbf][0xbd]N[0xef][0xbf][0xbd]JJ[0xef][0xbf][0xbd][0xef][0xbf][0xbd][0xef][0xbf][0xbd][0xef][0xbf][0xbd][0xef][0xbf][0xbd][0xef][0xbf][0xbd][0xef][0xbf][0xbd][0xef][0xbf][0xbd]V#[0xef][0xbf][0xbd]H![0xef][0xbf][0xbd]T[0xda][0x94]*[0xef][0xbf][0xbd]5[0xef][0xbf][0xbd]([0xef][0xbf][0xbd][0x16]:[0xd1][0x88]&R[0xef][0xbf][0xbd]{[0xf2][0xad][0xae][0xab][0xef][0xbf][0xbd][0xca][0xb0][0xef][0xbf][0xbd]q[0xef][0xbf][0xbd][0xef][0xbf][0xbd]X[0xef][0xbf][0xbd][0xef][0xbf][0xbd][0xef][0xbf][0xbd][0xef][0xbf][0xbd][0xef][0xbf][0xbd]y[0xef][0xbf][0xbd]a/[0xef][0xbf][0xbd][0xef][0xbf][0xbd][0xef][0xbf][0xbd]q[0xef][0xbf][0xbd][0xef][0xbf][0xbd] [0xef][0xbf][0xbd][0xef][0xbf][0xbd][0xef][0xbf][0xbd]U[0xef][0xbf][0xbd][0xd0][0x88]P[0xef][0xbf][0xbd][0xef][0xbf][0xbd][0xe3][0xad][0x8b]e[0xef][0xbf][0xbd][0x11][0xef][0xbf][0xbd]b[0xd7][0xb0]|u {[0xef][0xbf][0xbd]0[\r]XV*[0xef][0xbf][0xbd]Y[0xef][0xbf][0xbd][0xe]`/[0xef][0xbf][0xbd][0x6][0xef][0xbf][0xbd]q[0xef][0xbf][0xbd][0xef][0xbf][0xbd][0xef][0xbf][0xbd]-[0x17]y[0x1f]m[0xef][0xbf][0xbd][0xef][0xbf][0xbd]>[0xef][0xbf][0xbd][0x4][\r]Y[0xef][0xbf][0xbd][0xef][0xbf][0xbd][0x13][0xef][0xbf][0xbd][0xef][0xbf][0xbd]*bl[0xef][0xbf][0xbd]N[0xef][0xbf][0xbd]Ec[0x10]"X[0xef][0xbf][0xbd]m[0x1]y[0xef][0xbf][0xbd][0xef][0xbf][0xbd]9l8Z[0xef][0xbf][0xbd][0xef][0xbf][0xbd],[0xda][0xad][0xef][0xbf][0xbd][0xef][0xbf][0xbd]F[0xef][0xbf][0xbd][0xef][0xbf][0xbd][0xef][0xbf][0xbd]0S_[0xef][0xbf][0xbd][0xef][0xbf][0xbd][0xef][0xbf][0xbd]|[0xee][0xa4][0xad][0xef][0xbf][0xbd][0xef][0xbf][0xbd][0xcb][0x80]/[0xf]=[0xef][0xbf][0xbd][0x15]e[0xef][0xbf][0xbd][0x7]_[0xef][0xbf][0xbd][0xef][0xbf][0xbd][0xef][0xbf][0xbd][0xef][0xbf][0xbd]g[0xef][0xbf][0xbd][0xe]`v,[0x1d][0xef][0xbf][0xbd]*=X[0xf][0x14]O[0xef][0xbf][0xbd];[0xef][0xbf][0xbd]j[0x7][\r][0xef][0xbf][0xbd][0xef][0xbf][0xbd]S[0xef][0xbf][0xbd][0xef][0xbf][0xbd][0xef][0xbf][0xbd]}[0xcd][0xaa].A[0xe][0xef][0xbf][0xbd][0xef][0xbf][0xbd][0xef][0xbf][0xbd]e[0xef][0xbf][0xbd][0xef][0xbf][0xbd][0xef][0xbf][0xbd]7[0x10][0xef][0xbf][0xbd]DiRlk[0xef][0xbf][0xbd][0x19]zLbq[0xd4][0xbc]f[0xef][0xbf][0xbd][h[0xef][0xbf][0xbd][0xef][0xbf][0xbd]7Xc4>[0xef][0xbf][0xbd][0xef][0xbf][0xbd][0x4]5[0xef][0xbf][0xbd]([0xef][0xbf][0xbd];[0xef][0xbf][0xbd]yA[0xef][0xbf][0xbd][0x11][0xef][0xbf][0xbd][[0xef][0xbf][0xbd]q[0xef][0xbf][0xbd][0x14][0xef][0xbf][0xbd][0xef][0xbf][0xbd]l[0xeb][0xb3][0xbc][0xef][0xbf][0xbd][\n]"
07:56:28.771 [main] DEBUG org.apache.http.wire -  >> "rb[0x3][0xc]=[0xef][0xbf][0xbd]"[0xef][0xbf][0xbd][0xef][0xbf][0xbd][0xef][0xbf][0xbd][0xef][0xbf][0xbd][0xef][0xbf][0xbd][0xc][0xef][0xbf][0xbd]-[0xef][0xbf][0xbd]K=BP@%[0xef][0xbf][0xbd][0x15][0xef][0xbf][0xbd]O[0xef][0xbf][0xbd][0xef][0xbf][0xbd][0xef][0xbf][0xbd][0xef][0xbf][0xbd]i[0xef][0xbf][0xbd]0[0xef][0xbf][0xbd][0xef][0xbf][0xbd][0xef][0xbf][0xbd][0xef][0xbf][0xbd]Y[0xef][0xbf][0xbd][0xef][0xbf][0xbd]=S[0xe9][0x80][0x96][0xef][0xbf][0xbd][0xef][0xbf][0xbd]s[0xef][0xbf][0xbd][0x1b]+[0xef][0xbf][0xbd][0xef][0xbf][0xbd][0xef][0xbf][0xbd]V@[0xef][0xbf][0xbd]sa[0xd2][0xbf][0x1]b[0xef][0xbf][0xbd][0xd7][0xa0] [0xef][0xbf][0xbd][0xef][0xbf][0xbd][0x10]/[0x1b]/[0xef][0xbf][0xbd][0xef][0xbf][0xbd][0xef][0xbf][0xbd]fo[0xef][0xbf][0xbd]k"
07:56:28.772 [main] DEBUG org.apache.http.wire -  >> "X[0xef][0xbf][0xbd]*[0xef][0xbf][0xbd][0xef][0xbf][0xbd]~[0xef][0xbf][0xbd][0xef][0xbf][0xbd][0xef][0xbf][0xbd][0xe][0x13][0xef][0xbf][0xbd][0xef][0xbf][0xbd][0x1f][0xe]Y[0xef][0xbf][0xbd]m[0xef][0xbf][0xbd][0xef][0xbf][0xbd][0xef][0xbf][0xbd][0x9][0x13]>[0xef][0xbf][0xbd]+[0xef][0xbf][0xbd]M[0xef][0xbf][0xbd][\n]"
07:56:28.772 [main] DEBUG org.apache.http.wire -  >> "[0xef][0xbf][0xbd]~[0xb];[0xef][0xbf][0xbd][0x2][0xef][0xbf][0xbd]QK[0xef][0xbf][0xbd]o[0xef][0xbf][0xbd]0[0x13][0xef][0xbf][0xbd]a[N[0xef][0xbf][0xbd][0xef][0xbf][0xbd][0x12][\r][0xef][0xbf][0xbd][0xef][0xbf][0xbd][0xef][0xbf][0xbd]X[0xef][0xbf][0xbd][0xef][0xbf][0xbd][0xef][0xbf][0xbd]X3{[0xc][0xef][0xbf][0xbd][0x6]pm[0xef][0xbf][0xbd]f][0xc5][0x89][0xef][0xbf][0xbd]7[0xef][0xbf][0xbd][0xdd][0xb4][0xef][0xbf][0xbd]i]U[0x1f]0lh[0xef][0xbf][0xbd]m[0x13]}[0xef][0xbf][0xbd]#[0x17][0xef][0xbf][0xbd][0xef][0xbf][0xbd]]P[0xef][0xbf][0xbd][0xef][0xbf][0xbd][0xef][0xbf][0xbd][0xef][0xbf][0xbd]m[0xef][0xbf][0xbd]D;[0xef][0xbf][0xbd][0x15]Y[0x1c])[0xef][0xbf][0xbd]0RMT[0xef][0xbf][0xbd][0xef][0xbf][0xbd][0xef][0xbf][0xbd][0xef][0xbf][0xbd][0x1e][0xef][0xbf][0xbd][0xef][0xbf][0xbd].2[0x3][0xef][0xbf][0xbd][0xef][0xbf][0xbd][0xef][0xbf][0xbd][0xef][0xbf][0xbd][0xda][0xab][0xef][0xbf][0xbd][0xef][0xbf][0xbd]A[0x17][0x6]6[0x14]R1([0x0]X[0xef][0xbf][0xbd][0xef][0xbf][0xbd][0xef][0xbf][0xbd][0x5]g[0xc6][0xaa]YQ[0xef][0xbf][0xbd][0xef][0xbf][0xbd][0xef][0xbf][0xbd])[0xef][0xbf][0xbd][0xef][0xbf][0xbd][0x2]`[0xef][0xbf][0xbd]k[0x7][0xef][0xbf][0xbd]#2[0xef][0xbf][0xbd][0xef][0xbf][0xbd][0xef][0xbf][0xbd]|[0xef][0xbf][0xbd][0xef][0xbf][0xbd][0xef][0xbf][0xbd][0x13]p[0xef][0xbf][0xbd][0xef][0xbf][0xbd]`Z:[0xef][0xbf][0xbd][0xef][0xbf][0xbd]S.[0xef][0xbf][0xbd]?[0xef][0xbf][0xbd][0xef][0xbf][0xbd][0xef][0xbf][0xbd][0xef][0xbf][0xbd][0x6]B[0x0][0xef][0xbf][0xbd]D[0xde][0xa1][0xf][0xef][0xbf][0xbd]/[0xef][0xbf][0xbd][0xd0][0x9d]1[0xef][0xbf][0xbd]Q[0xef][0xbf][0xbd][0xef][0xbf][0xbd]|[0xef][0xbf][0xbd][0xef][0xbf][0xbd][0xef][0xbf][0xbd][0x1f][0xef][0xbf][0xbd][0xef][0xbf][0xbd][0x18]w[0xef][0xbf][0xbd]^[0xef][0xbf][0xbd][0xef][0xbf][0xbd][0xef][0xbf][0xbd][0xef][0xbf][0xbd][0x1f][0xef][0xbf][0xbd][0xc]3[0xef][0xbf][0xbd][0xef][0xbf][0xbd][0xef][0xbf][0xbd]]7[0xef][0xbf][0xbd]U[0x0]_g[0xef][0xbf][0xbd][0xef][0xbf][0xbd]$[0xef][0xbf][0xbd][\r][0xef][0xbf][0xbd][0xef][0xbf][0xbd]8&[0xef][0xbf][0xbd]#[0xef][0xbf][0xbd]sK[0xef][0xbf][0xbd][0xef][0xbf][0xbd]{p9[0xef][0xbf][0xbd][\r]R[0xef][0xbf][0xbd][0xef][0xbf][0xbd]m[0xef][0xbf][0xbd]w[0xd5][0x93][0xef][0xbf][0xbd]1[0x5][0xef][0xbf][0xbd][0xef][0xbf][0xbd]j[0xef][0xbf][0xbd][0xef][0xbf][0xbd][>[0xe][0xef][0xbf][0xbd][0xef][0xbf][0xbd][0xef][0xbf][0xbd]o_[0xef][0xbf][0xbd]v[0xef][0xbf][0xbd][0xd8][0x8d]H[0xef][0xbf][0xbd][0xef][0xbf][0xbd]lXX[0xef][0xbf][0xbd]8[0xef][0xbf][0xbd]};gr4[0xef][0xbf][0xbd]j[0xb]HcOm[0xef][0xbf][0xbd][0xef][0xbf][0xbd][0x10]n[0x15]0>@j[0xef][0xbf][0xbd]n[0xef][0xbf][0xbd][0xef][0xbf][0xbd]F[0xef][0xbf][0xbd]f.[\r]a[0xef][0xbf][0xbd][0xef][0xbf][0xbd][0x0][0xef][0xbf][0xbd][0x10][0x4][0xe]f[0xef][0xbf][0xbd][0xef][0xbf][0xbd][0xef][0xbf][0xbd]vG[0xef][0xbf][0xbd]s[0xef][0xbf][0xbd][0x16][0xef][0xbf][0xbd]D[0xef][0xbf][0xbd]B4[0xef][0xbf][0xbd][0xef][0xbf][0xbd]_+>S[0xef][0xbf][0xbd][0xef][0xbf][0xbd][0xef][0xbf][0xbd][0xef][0xbf][0xbd][0xef][0xbf][0xbd][0xef][0xbf][0xbd][0xef][0xbf][0xbd][0xef][0xbf][0xbd][0xef][0xbf][0xbd][0xef][0xbf][0xbd][0xd9][0xa5][0xef][0xbf][0xbd][0xef][0xbf][0xbd][0xef][0xbf][0xbd][0xef][0xbf][0xbd][0xef][0xbf][0xbd][0xef][0xbf][0xbd][0xef][0xbf][0xbd][0x17][0xf][0xef][0xbf][0xbd]eql[0xef][0xbf][0xbd][0xef][0xbf][0xbd]2[0xef][0xbf][0xbd]%N[0xef][0xbf][0xbd][0xef][0xbf][0xbd][0xef][0xbf][0xbd][0xef][0xbf][0xbd]4[0xef][0xbf][0xbd]a`[0xef][0xbf][0xbd][0xef][0xbf][0xbd]u_[0xef][0xbf][0xbd]f[0xef][0xbf][0xbd][\r]l[0xef][0xbf][0xbd]?[0xef][0xbf][0xbd][0xd8][0xad]Z[0x17]n[0xef][0xbf][0xbd][0xef][0xbf][0xbd]J[0xef][0xbf][0xbd][0xef][0xbf][0xbd]uz[0xef][0xbf][0xbd][0xef][0xbf][0xbd][0xef][0xbf][0xbd]i[0xef][0xbf][0xbd][0xef][0xbf][0xbd][0xef][0xbf][0xbd] [0xef][0xbf][0xbd]a[0xe][0xef][0xbf][0xbd]vN[0xef][0xbf][0xbd][0xef][0xbf][0xbd]n1[0xef][0xbf][0xbd][0xef][0xbf][0xbd]hEpLz[0xef][0xbf][0xbd][0xca][0xae][\r][0xef][0xbf][0xbd][0xef][0xbf][0xbd][0xef][0xbf][0xbd]d[0xef][0xbf][0xbd][0xef][0xbf][0xbd]"[0xf][0xef][0xbf][0xbd]q/[0x16][0xb][0xef][0xbf][0xbd][0xef][0xbf][0xbd][0xef][0xbf][0xbd][0xd0][0x8b][0xe6][0x9d][0x8d][0xef][0xbf][0xbd]P[0xef][0xbf][0xbd][0xef][0xbf][0xbd]pV[0xd7][0xb3][0xef][0xbf][0xbd][0xef][0xbf][0xbd][0x17][0x1f][0xef][0xbf][0xbd][0xef][0xbf][0xbd][0x7][0xef][0xbf][0xbd][0x1f]04[0xef][0xbf][0xbd],[0x1d]3[0xef][0xbf][0xbd]e[0xef][0xbf][0xbd][0xef][0xbf][0xbd][0xef][0xbf][0xbd]6]^[0xc7][0xa7]q$[0x1][0xef][0xbf][0xbd][0xef][0xbf][0xbd]I[0x1d]A[0xef][0xbf][0xbd][0xef][0xbf][0xbd]F[0xef][0xbf][0xbd]p[0xcc][0xbc]fB[0xd3][0x85][0xef][0xbf][0xbd][0xef][0xbf][0xbd][0xef][0xbf][0xbd][0xef][0xbf][0xbd]2U[0xef][0xbf][0xbd][0x19]ea][\n]"
07:56:28.778 [main] DEBUG org.apache.http.wire -  >> "p[0xef][0xbf][0xbd][0xd4][0xa9][0xef][0xbf][0xbd][0x0]V|Q[0xef][0xbf][0xbd]4[0xef][0xbf][0xbd][0xef][0xbf][0xbd]uv[\r][0xef][0xbf][0xbd][0xef][0xbf][0xbd]J[0x9]>J[0xef][0xbf][0xbd]j~_r[0xef][0xbf][0xbd]C[0xef][0xbf][0xbd][0xef][0xbf][0xbd]j%[0xef][0xbf][0xbd][0x9][0xef][0xbf][0xbd][0xef][0xbf][0xbd]e[0xef][0xbf][0xbd]2c[0xef][0xbf][0xbd][0x1a]D][0xef][0xbf][0xbd]3[0xef][0xbf][0xbd][0xef][0xbf][0xbd][0xf][0xef][0xbf][0xbd]d3s[0x5])[0xef][0xbf][0xbd]S[0xef][0xbf][0xbd][0xef][0xbf][0xbd]7[0xef][0xbf][0xbd][0x2][0x8][0xef][0xbf][0xbd][0xef][0xbf][0xbd][0xef][0xbf][0xbd][0xd4][0xac]][0xef][0xbf][0xbd];[0xef][0xbf][0xbd][0xef][0xbf][0xbd]Mv[0xdf][0xad][0xef][0xbf][0xbd][0xef][0xbf][0xbd][0xef][0xbf][0xbd][0xef][0xbf][0xbd]Xj[0x9]f[0xdb][0xb1]([0xef][0xbf][0xbd]ynKl[0x17]_~[0xef][0xbf][0xbd][0xef][0xbf][0xbd]5-[R[0xef][0xbf][0xbd]?[0xef][0xbf][0xbd][0xe5][0x8d][0x8d][0xef][0xbf][0xbd]QB[0x15]t^4[0xef][0xbf][0xbd][0xef][0xbf][0xbd]hcX[0xcc][0x94]*[0xef][0xbf][0xbd][0xe3][0xa3][0xad]r7[0xef][0xbf][0xbd][0xef][0xbf][0xbd]g& [0xde][0x98]a[0xef][0xbf][0xbd][0xef][0xbf][0xbd][\r][0xef][0xbf][0xbd][0x8]m_[0xef][0xbf][0xbd]+h4[0xef][0xbf][0xbd][0xef][0xbf][0xbd]L[0xef][0xbf][0xbd]~j[0x1e]j[0xef][0xbf][0xbd]h[0xef][0xbf][0xbd]>0)DUSc[0x6],[0xef][0xbf][0xbd]"*[0xef][0xbf][0xbd][0xf][0xef][0xbf][0xbd][0xef][0xbf][0xbd][0xef][0xbf][0xbd]}[0xef][0xbf][0xbd][0x10][0xef][0xbf][0xbd][0xef][0xbf][0xbd]b[0xef][0xbf][0xbd][0xef][0xbf][0xbd]C9[0xef][0xbf][0xbd][0xcf][0x99][0xef][0xbf][0xbd][0xdf][0x82]Nq[0xef][0xbf][0xbd][0xef][0xbf][0xbd]=[0xef][0xbf][0xbd]f`[0xef][0xbf][0xbd][0xef][0xbf][0xbd][0xef][0xbf][0xbd][0xef][0xbf][0xbd][0xef][0xbf][0xbd]q"[0xef][0xbf][0xbd][0xef][0xbf][0xbd] [0xef][0xbf][0xbd][0xef][0xbf][0xbd]7[0x14]1cM[0x1a]3[0xc][0xde][0x81])S[0xef][0xbf][0xbd]f%[0xef][0xbf][0xbd][0xef][0xbf][0xbd][0xef][0xbf][0xbd][0xef][0xbf][0xbd][0xef][0xbf][0xbd][0x11][0xef][0xbf][0xbd][0x3][0xef][0xbf][0xbd][0xef][0xbf][0xbd][0xef][0xbf][0xbd]>*c[0x16]h[0xef][0xbf][0xbd]([0xef][0xbf][0xbd][0x18][0xef][0xbf][0xbd][0xef][0xbf][0xbd]v[0xef][0xbf][0xbd][0xef][0xbf][0xbd][0x0][0xef][0xbf][0xbd]|[0xef][0xbf][0xbd][0xef][0xbf][0xbd]8[0xef][0xbf][0xbd]y[0x18][0xef][0xbf][0xbd][0xef][0xbf][0xbd]Nt[0xef][0xbf][0xbd][0x18][0xef][0xbf][0xbd][0x19][0xef][0xbf][0xbd][0xef][0xbf][0xbd][\r][0xef][0xbf][0xbd]([0xef][0xbf][0xbd][0xce][0xb1][0xef][0xbf][0xbd]*[0xf][0xef][0xbf][0xbd]p[0xef][0xbf][0xbd]mv[0xef][0xbf][0xbd][0xef][0xbf][0xbd][0xef][0xbf][0xbd][0x4]d[0xef][0xbf][0xbd]pt|Q] [0xef][0xbf][0xbd][0xef][0xbf][0xbd]o?[0xef][0xbf][0xbd][0xef][0xbf][0xbd][0x0][0x18][0xef][0xbf][0xbd][0xb][0xef][0xbf][0xbd][0xef][0xbf][0xbd]Y][0xef][0xbf][0xbd][0xef][0xbf][0xbd][0xef][0xbf][0xbd][0xef][0xbf][0xbd][0xef][0xbf][0xbd][0xef][0xbf][0xbd];i[0xef][0xbf][0xbd]vR[0xef][0xbf][0xbd]c]LC]%[0x12][0xef][0xbf][0xbd][0x1e]tsq[0xef][0xbf][0xbd][0xef][0xbf][0xbd][0x1b]|[0xef][0xbf][0xbd][0xef][0xbf][0xbd][0xef][0xbf][0xbd]o}[0xef][0xbf][0xbd][0xef][0xbf][0xbd][0xef][0xbf][0xbd]@[0x12]6[0x2][0xef][0xbf][0xbd][0xef][0xbf][0xbd]h~T[0xef][0xbf][0xbd][0xef][0xbf][0xbd][0xef][0xbf][0xbd]gX\cS[0x15][0xef][0xbf][0xbd][0xef][0xbf][0xbd][0xef][0xbf][0xbd]X[0xef][0xbf][0xbd][0x1d][0xca][0x9b]..[0xef][0xbf][0xbd][0xd7][0xb2][0x1c][0xef][0xbf][0xbd]:^[0xef][0xbf][0xbd][0xef][0xbf][0xbd]_[0xef][0xbf][0xbd][0xef][0xbf][0xbd][0xef][0xbf][0xbd]/[0xef][0xbf][0xbd]mO[0x1b]*[0xef][0xbf][0xbd]L[0xef][0xbf][0xbd][0xef][0xbf][0xbd][0xef][0xbf][0xbd][0x1f][0xef][0xbf][0xbd][0xef][0xbf][0xbd]Mt[0x1c][0x14]:[0x1f][0xef][0xbf][0xbd][0xef][0xbf][0xbd]6[0xc8][0xb6]][0x1a][0xef][0xbf][0xbd][0xef][0xbf][0xbd][0xef][0xbf][0xbd]{[0x2]5[0xef][0xbf][0xbd]U[0xef][0xbf][0xbd],K~$[0xc6][0xb6][0xef][0xbf][0xbd][0xc3][0xb5].[0xef][0xbf][0xbd][0xef][0xbf][0xbd][0xef][0xbf][0xbd]Bg0[0xef][0xbf][0xbd][0x1c][0xef][0xbf][0xbd]g[0x0]f[0xef][0xbf][0xbd][0x10]$[0xef][0xbf][0xbd][0xef][0xbf][0xbd][\r]6eZ[0xef][0xbf][0xbd]>Q[0xef][0xbf][0xbd][0xef][0xbf][0xbd][0x0][0xef][0xbf][0xbd][0xef][0xbf][0xbd][0xef][0xbf][0xbd][0x16]/>/[0xef][0xbf][0xbd][0xef][0xbf][0xbd][0xef][0xbf][0xbd]q[0xef][0xbf][0xbd]l=[0xef][0xbf][0xbd][0xef][0xbf][0xbd]4n[0xef][0xbf][0xbd]#,L:[0xef][0xbf][0xbd][0xef][0xbf][0xbd][0xef][0xbf][0xbd][0xef][0xbf][0xbd]f[0xef][0xbf][0xbd][0xef][0xbf][0xbd][0xef][0xbf][0xbd]l[0xef][0xbf][0xbd][0xef][0xbf][0xbd][0xef][0xbf][0xbd][0xef][0xbf][0xbd][0xdf][0xa0]k[\n]"
07:56:28.779 [main] DEBUG org.apache.http.wire -  >> "[0xef][0xbf][0xbd][0xef][0xbf][0xbd][0xef][0xbf][0xbd]4ZU[0xef][0xbf][0xbd]d[0x17][0x15]S[\r]A[0xef][0xbf][0xbd]4c[0xef][0xbf][0xbd][0xef][0xbf][0xbd]!,[0x6][0xef][0xbf][0xbd]b=[0xef][0xbf][0xbd][0xef][0xbf][0xbd]C[0xef][0xbf][0xbd][0xef][0xbf][0xbd]p[0xef][0xbf][0xbd]&U[0xef][0xbf][0xbd][0x1a][0xef][0xbf][0xbd]h~[0x2][0xef][0xbf][0xbd][0xef][0xbf][0xbd]s[0xef][0xbf][0xbd]/g[0xef][0xbf][0xbd][0x1]V>^[0xef][0xbf][0xbd][0xef][0xbf][0xbd]U[0xef][0xbf][0xbd]Ip[0xef][0xbf][0xbd][0xef][0xbf][0xbd][0xef][0xbf][0xbd][0xef][0xbf][0xbd][0x2][0xef][0xbf][0xbd][0xef][0xbf][0xbd][0xef][0xbf][0xbd][0xef][0xbf][0xbd]v<[0x18]v[0xef][0xbf][0xbd][0xef][0xbf][0xbd][0xd7][0xae]Q[0xef][0xbf][0xbd][0xef][0xbf][0xbd]1[0xc8][0x84][0xef][0xbf][0xbd][0x19][0xef][0xbf][0xbd]q[0xef][0xbf][0xbd][0xef][0xbf][0xbd]{d[0x8][0xef][0xbf][0xbd]&[0xef][0xbf][0xbd][0xef][0xbf][0xbd][0x9][0x18][0xd1][0x97]N[0xef][0xbf][0xbd][0x1][0xef][0xbf][0xbd]g[0xef][0xbf][0xbd]L[0xef][0xbf][0xbd][0x6]y[(b[0xef][0xbf][0xbd]E[0xef][0xbf][0xbd][0xef][0xbf][0xbd][0x1b][0xef][0xbf][0xbd][0xef][0xbf][0xbd]m=[0xef][0xbf][0xbd]l[0xef][0xbf][0xbd]>[0x16][0xef][0xbf][0xbd]i;[0x12]#e[0xef][0xbf][0xbd][0xef][0xbf][0xbd](7&[0xef][0xbf][0xbd][0xef][0xbf][0xbd]+[0xef][0xbf][0xbd]B[0xc]}[0xef][0xbf][0xbd]e[0x1e][0xef][0xbf][0xbd][0xef][0xbf][0xbd]>e[0xcf][0xa9]g[0xef][0xbf][0xbd][0xef][0xbf][0xbd]K[0xef][0xbf][0xbd][0xef][0xbf][0xbd]kY[0xef][0xbf][0xbd][0xef][0xbf][0xbd][0xef][0xbf][0xbd][0xef][0xbf][0xbd]?[0xef][0xbf][0xbd][0xef][0xbf][0xbd][0xef][0xbf][0xbd]W[0xef][0xbf][0xbd][0xef][0xbf][0xbd]e[0xef][0xbf][0xbd]-o[0xef][0xbf][0xbd][0xf][0xef][0xbf][0xbd]G[0xef][0xbf][0xbd][0xd8][0x8a][0x19]r$j[0xef][0xbf][0xbd]}[0xef][0xbf][0xbd]~i[0xef][0xbf][0xbd][0xef][0xbf][0xbd][0xef][0xbf][0xbd]~KF[0x8][0x9]BC[0x1a][0xef][0xbf][0xbd]=V[0xef][0xbf][0xbd][0x1b]J[0xef][0xbf][0xbd][0x17][0xef][0xbf][0xbd][0x15]R^[0xef][0xbf][0xbd][0x3][0xef][0xbf][0xbd]!k[0x1f]E4X[0xef][0xbf][0xbd][0xef][0xbf][0xbd]v[0x1f][0xef][0xbf][0xbd])[0xef][0xbf][0xbd],6h[0xef][0xbf][0xbd][0x9][0xef][0xbf][0xbd][0xef][0xbf][0xbd][0xef][0xbf][0xbd]0:[0x13]0[0xef][0xbf][0xbd]wX3[0xef][0xbf][0xbd]a[0xef][0xbf][0xbd][0xef][0xbf][0xbd][0xef][0xbf][0xbd]X[0xef][0xbf][0xbd][0x9][0x18][0x18][0xef][0xbf][0xbd]j[0xef][0xbf][0xbd]a[0xef][0xbf][0xbd][0xef][0xbf][0xbd]l'w[0xef][0xbf][0xbd][0x13][0xef][0xbf][0xbd][0xef][0xbf][0xbd]2j[0xef][0xbf][0xbd][\n]"
07:56:28.779 [main] DEBUG org.apache.http.wire -  >> "\[0xef][0xbf][0xbd][0xef][0xbf][0xbd][0x12][0x1e]`4.[0xef][0xbf][0xbd]nG[0x1c][0xef][0xbf][0xbd]}[0xef][0xbf][0xbd][0xef][0xbf][0xbd][0xef][0xbf][0xbd]y1[0x1e][0x1c]l[0xef][0xbf][0xbd][0xef][0xbf][0xbd]l|3O[0x19][0xef][0xbf][0xbd][0xef][0xbf][0xbd][0xef][0xbf][0xbd]J[0x14][0xc8][0x9b][0xf][0x6][0xef][0xbf][0xbd]][0xef][0xbf][0xbd]~[0xef][0xbf][0xbd][0xef][0xbf][0xbd][0xef][0xbf][0xbd][0xef][0xbf][0xbd]2[0xef][0xbf][0xbd]#$2[0x1e]D[0xef][0xbf][0xbd]N6[0xef][0xbf][0xbd][0xc5][0x8a][0x1]L>[0x13]Epl[0xef][0xbf][0xbd]G[0xef][0xbf][0xbd]n<[0xb]H[0xef][0xbf][0xbd]#<[0xef][0xbf][0xbd]wB[\n]"
07:56:28.780 [main] DEBUG org.apache.http.wire -  >> "l[0x18][0x6],[0xf][0xef][0xbf][0xbd][0xef][0xbf][0xbd][0x1]![0xef][0xbf][0xbd][0xef][0xbf][0xbd]5[0x3][0xef][0xbf][0xbd]a[0xef][0xbf][0xbd]?N[[0xef][0xbf][0xbd]$I[0xef][0xbf][0xbd] u[0xc]}[0xcb][0x8d][0xef][0xbf][0xbd][0xef][0xbf][0xbd][0x12])[0xef][0xbf][0xbd][0x11][0xef][0xbf][0xbd][0x17]dY[\r][0xef][0xbf][0xbd][0xef][0xbf][0xbd][0xef][0xbf][0xbd][0xef][0xbf][0xbd][0xef][0xbf][0xbd][0xef][0xbf][0xbd]:[0xef][0xbf][0xbd][0xef][0xbf][0xbd][0xef][0xbf][0xbd][0xef][0xbf][0xbd][0xef][0xbf][0xbd][0xef][0xbf][0xbd][0xef][0xbf][0xbd];N[0xef][0xbf][0xbd][0xef][0xbf][0xbd][0xef][0xbf][0xbd]'[0xef][0xbf][0xbd][0xef][0xbf][0xbd],[0xef][0xbf][0xbd]`'[0xef][0xbf][0xbd][0xef][0xbf][0xbd][0x1e]Yr[0xef][0xbf][0xbd]UW5[0xef][0xbf][0xbd][0xef][0xbf][0xbd][0xef][0xbf][0xbd]8nb[0xef][0xbf][0xbd][0x13]W[0xef][0xbf][0xbd]ZQ[0xef][0xbf][0xbd][0xef][0xbf][0xbd][0x11][0xef][0xbf][0xbd][0xef][0xbf][0xbd][0xd7][0xa6][0xdc][0xb9][0xef][0xbf][0xbd][0xef][0xbf][0xbd][0xef][0xbf][0xbd][0xef][0xbf][0xbd]?[0xef][0xbf][0xbd][0xef][0xbf][0xbd][0xef][0xbf][0xbd][0xb][0xef][0xbf][0xbd][0xef][0xbf][0xbd][0x1][0xef][0xbf][0xbd]$[0xef][0xbf][0xbd][0xef][0xbf][0xbd]1[0xef][0xbf][0xbd][0xef][0xbf][0xbd]a[0xef][0xbf][0xbd][0xef][0xbf][0xbd][0x18][0xef][0xbf][0xbd]5+VS[0xef][0xbf][0xbd][0xef][0xbf][0xbd][0xef][0xbf][0xbd][0xd1][0x9f][0xef][0xbf][0xbd][0xef][0xbf][0xbd]-:[0xef][0xbf][0xbd]bQ[0xef][0xbf][0xbd][0xef][0xbf][0xbd]3N[0x14][0xef][0xbf][0xbd][0xef][0xbf][0xbd][0xef][0xbf][0xbd]h,[0xcc][0x8d][0xef][0xbf][0xbd][0xd3][0xad][0xef][0xbf][0xbd][\n]"
07:56:28.780 [main] DEBUG org.apache.http.wire -  >> "[0xef][0xbf][0xbd][0x1d][0xef][0xbf][0xbd][0xef][0xbf][0xbd][0x11]0[0xef][0xbf][0xbd]%Fw2N[0x1e],[0xef][0xbf][0xbd][0xef][0xbf][0xbd]7[0xef][0xbf][0xbd][0xef][0xbf][0xbd][0xef][0xbf][0xbd]I9[0x3][0x1c]%;mt6[0x1][0xef][0xbf][0xbd][0xd6][0x8d][0xef][0xbf][0xbd]8~[0xef][0xbf][0xbd][0xf][0xef][0xbf][0xbd][0xef][0xbf][0xbd]V[0xef][0xbf][0xbd][0xef][0xbf][0xbd]y[0x9][0xe][0xef][0xbf][0xbd][0xef][0xbf][0xbd]Qa[0x0][0xef][0xbf][0xbd]_[0xef][0xbf][0xbd]nP[0xef][0xbf][0xbd][0xef][0xbf][0xbd],[0xef][0xbf][0xbd]?[0xef][0xbf][0xbd][0xef][0xbf][0xbd][0xef][0xbf][0xbd]K?2[0xf]'[0x8]>[0xdd][0xb8][0xef][0xbf][0xbd][0xef][0xbf][0xbd][0xef][0xbf][0xbd][0xf][0xef][0xbf][0xbd][0x14][0x9][0xef][0xbf][0xbd][0xc3][0xaa][0x8][0xef][0xbf][0xbd][0xef][0xbf][0xbd][0xef][0xbf][0xbd][0xef][0xbf][0xbd]H#[0xef][0xbf][0xbd][0xef][0xbf][0xbd][0xef][0xbf][0xbd][0xef][0xbf][0xbd]9[0xef][0xbf][0xbd]R[0xef][0xbf][0xbd]3[0xef][0xbf][0xbd][0x13][0xef][0xbf][0xbd][0x9][0xef][0xbf][0xbd]:[0xd2][0xac][0xef][0xbf][0xbd]"[0x1e]&[0xd7][0x9e][0x3][0xef][0xbf][0xbd]s[0xef][0xbf][0xbd][0xce][0x81][0xef][0xbf][0xbd][0xef][0xbf][0xbd][0xef][0xbf][0xbd][0xef][0xbf][0xbd][0xef][0xbf][0xbd][0xef][0xbf][0xbd][0xef][0xbf][0xbd][0xef][0xbf][0xbd][0xef][0xbf][0xbd][0xc]d[0xef][0xbf][0xbd]{1[0xef][0xbf][0xbd][0xef][0xbf][0xbd][0xef][0xbf][0xbd][0xef][0xbf][0xbd][0xc7][0xa8]aW[0x12][0xef][0xbf][0xbd][0xef][0xbf][0xbd][0xef][0xbf][0xbd][0xef][0xbf][0xbd][0x1e][0xef][0xbf][0xbd][0xef][0xbf][0xbd]`;Z[0xef][0xbf][0xbd][[0x1f][0xef][0xbf][0xbd][0xef][0xbf][0xbd]NQ\[0x11]Y[0xef][0xbf][0xbd][\n]"
07:56:28.780 [main] DEBUG org.apache.http.wire -  >> "L[0xef][0xbf][0xbd]1[0xef][0xbf][0xbd]P[0xef][0xbf][0xbd]'_[0xef][0xbf][0xbd]Mcyk[0xef][0xbf][0xbd][0xef][0xbf][0xbd][0xef][0xbf][0xbd][0x19][0x14]@[0xef][0xbf][0xbd][0xef][0xbf][0xbd][\r]Q.[\r]G,[0xef][0xbf][0xbd][0xef][0xbf][0xbd][0x6][0x1b][0xef][0xbf][0xbd][0x1b][0xef][0xbf][0xbd];Z}[0xef][0xbf][0xbd][0xef][0xbf][0xbd][0xef][0xbf][0xbd]!m[0x13][0xef][0xbf][0xbd][0xef][0xbf][0xbd][0xef][0xbf][0xbd][0xef][0xbf][0xbd]g[0xef][0xbf][0xbd]^[0xef][0xbf][0xbd]r[0xef][0xbf][0xbd][0xef][0xbf][0xbd]>o[0xef][0xbf][0xbd][0xef][0xbf][0xbd][0xef][0xbf][0xbd][0xef][0xbf][0xbd]K[0xef][0xbf][0xbd]B[0xef][0xbf][0xbd][0xe6][0x92][0xa2]T[0xef][0xbf][0xbd]yKy[0x10][0xef][0xbf][0xbd]Jy![0xef][0xbf][0xbd]et[0xef][0xbf][0xbd]q[0x7][0xef][0xbf][0xbd][0xef][0xbf][0xbd]^[0xef][0xbf][0xbd][0xef][0xbf][0xbd][0xc5][0xa2]+[0xef][0xbf][0xbd]8[0xc]-[0x1e]h<[0xef][0xbf][0xbd][0xef][0xbf][0xbd][0xef][0xbf][0xbd][0xef][0xbf][0xbd][0xef][0xbf][0xbd]}[[0xef][0xbf][0xbd]-t[0xeb][0xac][0x8d][0xef][0xbf][0xbd]q[0xf]>[0xef][0xbf][0xbd][0xef][0xbf][0xbd]l;[0xef][0xbf][0xbd][0xef][0xbf][0xbd]=[0xef][0xbf][0xbd][0xef][0xbf][0xbd][0xef][0xbf][0xbd][0xef][0xbf][0xbd]R&2i[0xef][0xbf][0xbd]T[0xef][0xbf][0xbd]N[0xef][0xbf][0xbd]-[0xef][0xbf][0xbd]yW[0xef][0xbf][0xbd]6[0xef][0xbf][0xbd][0xc4][0x87]f;[0xef][0xbf][0xbd]j[0xef][0xbf][0xbd]K[0xef][0xbf][0xbd][0xf]1[\n]"
07:56:28.780 [main] DEBUG org.apache.http.wire -  >> "[0xef][0xbf][0xbd][0x13]C[0xef][0xbf][0xbd][0xef][0xbf][0xbd][0xef][0xbf][0xbd][0x12][0xef][0xbf][0xbd][0x2][0xef][0xbf][0xbd][\n]"
07:56:28.780 [main] DEBUG org.apache.http.wire -  >> "[0xef][0xbf][0xbd][0xef][0xbf][0xbd][0xef][0xbf][0xbd][0xef][0xbf][0xbd]p~7[0xef][0xbf][0xbd][0xef][0xbf][0xbd][\n]"
07:56:28.780 [main] DEBUG org.apache.http.wire -  >> "[0xef][0xbf][0xbd][0xef][0xbf][0xbd][0xef][0xbf][0xbd][0xef][0xbf][0xbd][0x4]/t[0x5][[0xef][0xbf][0xbd][0xef][0xbf][0xbd]urL[0xef][0xbf][0xbd]H[0x15][0xef][0xbf][0xbd][0x3]`\[0xef][0xbf][0xbd][0xef][0xbf][0xbd]G[0xef][0xbf][0xbd][0xef][0xbf][0xbd][0xe]=[0xd8][0x89]+P[0xef][0xbf][0xbd]@[0xef][0xbf][0xbd]?[0xef][0xbf][0xbd]@[0xef][0xbf][0xbd][0xef][0xbf][0xbd][0xef][0xbf][0xbd]%[0xef][0xbf][0xbd]*[0xef][0xbf][0xbd]3H[0xef][0xbf][0xbd][0xef][0xbf][0xbd]S[0xef][0xbf][0xbd]1[0xef][0xbf][0xbd][0xef][0xbf][0xbd]K[0xef][0xbf][0xbd][0xef][0xbf][0xbd]f=[0xef][0xbf][0xbd][0xef][0xbf][0xbd]v[0xef][0xbf][0xbd][0xef][0xbf][0xbd][0xef][0xbf][0xbd][0x15][0xef][0xbf][0xbd]9L[0xc3][0x87]M[0x16][0xef][0xbf][0xbd][0xef][0xbf][0xbd]![0xef][0xbf][0xbd]1[0xe][0xef][0xbf][0xbd]VC[0x12]D[[0x10][0xef][0xbf][0xbd][0xef][0xbf][0xbd]k4[0xef][0xbf][0xbd][0xda][0xb5]-[0xef][0xbf][0xbd]E[0x19].[0xef][0xbf][0xbd][0xef][0xbf][0xbd]k[0xef][0xbf][0xbd]w[0xef][0xbf][0xbd][0xef][0xbf][0xbd]:[0xef][0xbf][0xbd][0xef][0xbf][0xbd]YGg([0xef][0xbf][0xbd][0xef][0xbf][0xbd]r!$&VS[0xef][0xbf][0xbd][x][0xef][0xbf][0xbd][0x1][0xef][0xbf][0xbd]7\!J[0xef][0xbf][0xbd]X[0xef][0xbf][0xbd]1[0xef][0xbf][0xbd]T[0xef][0xbf][0xbd]{[0xef][0xbf][0xbd][0x1d][0xef][0xbf][0xbd][0xef][0xbf][0xbd]q)[0xef][0xbf][0xbd]z[0xef][0xbf][0xbd][0xef][0xbf][0xbd][0xef][0xbf][0xbd]Sv[0xef][0xbf][0xbd]?[0xef][0xbf][0xbd][0xef][0xb0][0xa8][0x4]8[0xef][0xbf][0xbd]M[0xef][0xbf][0xbd][0xef][0xbf][0xbd]j[0xc3][0x85]f0[0xef][0xbf][0xbd][0xef][0xbf][0xbd]}[0xef][0xbf][0xbd][0xef][0xbf][0xbd][0xee][0x98][0xae][0xef][0xbf][0xbd][0xc8][0x80]2o+[0xef][0xbf][0xbd]3n[0xef][0xbf][0xbd][0xef][0xbf][0xbd][0x14]%[0x1b][0xef][0xbf][0xbd]8[0xef][0xbf][0xbd][0xe2][0xab][0xb2]+3[0xef][0xbf][0xbd]zC[0xef][0xbf][0xbd][0xef][0xbf][0xbd][0xef][0xbf][0xbd]6[0xef][0xbf][0xbd]K[0x9][0xef][0xbf][0xbd][0xef][0xbf][0xbd]k1[0xd6][0xbd][0xef][0xbf][0xbd][0x16][0xef][0xbf][0xbd][0xef][0xbf][0xbd][0x12][0x16]k[0xef][0xbf][0xbd][0xef][0xbf][0xbd].[0xef][0xbf][0xbd]][0xef][0xbf][0xbd]5g`%[0x16]CE.n[0xef][0xbf][0xbd]41+r]1'[0xef][0xbf][0xbd]{E[0x1d][0x2][0xf]0kG[0xef][0xbf][0xbd][0xcc][0x94][0xef][0xbf][0xbd][0x1e]I[0xef][0xbf][0xbd][0xcd][0x83]}[0xef][0xbf][0xbd]s}[0xc][0x6]'[0x10]2z[0xef][0xbf][0xbd]1[0xef][0xbf][0xbd]#[0xc7][0x8a][0xdb][0xbc][0xef][0xbf][0xbd][0xd7][0xb5]j[0x1c]D[0xef][0xbf][0xbd]q[0x19][0xef][0xbf][0xbd][\r][0x12][0xef][0xbf][0xbd][0xef][0xbf][0xbd][0xc4][0xb5][0xef][0xbf][0xbd]qs[0x13][0x10]B[0xef][0xbf][0xbd]m[0xd5][0x9d]K[0xef][0xbf][0xbd]E[0xef][0xbf][0xbd]xAF%[0x4][0xef][0xbf][0xbd]`[0xef][0xbf][0xbd];[0x13] c[0xef][0xbf][0xbd][0xef][0xbf][0xbd][0xef][0xbf][0xbd][0xb]q[0xef][0xbf][0xbd]s[0xef][0xbf][0xbd][0xef][0xbf][0xbd][0x9][0xef][0xbf][0xbd]v[\r][0xef][0xbf][0xbd][0xef][0xbf][0xbd][0x5]d[0xef][0xbf][0xbd][0xef][0xbf][0xbd]?[0xef][0xbf][0xbd][0xef][0xbf][0xbd]`O*[0xdd][0x86][0xef][0xbf][0xbd]}[0xef][0xbf][0xbd][0xcb][0xa0]kt[0xc][0xef][0xbf][0xbd][0xef][0xbf][0xbd][0xef][0xbf][0xbd][0xef][0xbf][0xbd][0xef][0xbf][0xbd][0xef][0xbf][0xbd]X j0[0xc6][0xb4][0xef]"
07:56:28.781 [main] DEBUG org.apache.http.wire -  >> "[0xbf][0xbd]l[0xef][0xbf][0xbd]Nb[0x9][0xef][0xbf][0xbd][0xef][0xbf][0xbd][0xef][0xbf][0xbd]p[0xef][0xbf][0xbd]B[0xc7][0x8f]0[0xef][0xbf][0xbd][0xca][0xaa][0xef][0xbf][0xbd]PD[0x4][0x3][0xef][0xbf][0xbd]A[0xef][0xbf][0xbd][0x18][0xef][0xbf][0xbd][0xef][0xbf][0xbd][0xef][0xbf][0xbd]i}^#[0xef][0xbf][0xbd][0xef][0xbf][0xbd]Vr[\n]"
07:56:28.781 [main] DEBUG org.apache.http.wire -  >> "[0xef][0xbf][0xbd][0xef][0xbf][0xbd][0xef][0xbf][0xbd]b[0xef][0xbf][0xbd]K[0xef][0xbf][0xbd][0xef][0xbf][0xbd][0xef][0xbf][0xbd][0xef][0xbf][0xbd]G^wI[0xef][0xbf][0xbd]x[0xef][0xbf][0xbd][0xef][0xbf][0xbd]13[0xef][0xbf][0xbd][0xef][0xbf][0xbd][0xef][0xbf][0xbd]?cw~[0xef][0xbf][0xbd]w[0xef][0xbf][0xbd]X[0xef][0xbf][0xbd]?+[0xef][0xbf][0xbd]D[0xef][0xbf][0xbd][0xef][0xbf][0xbd][0xef][0xbf][0xbd] [0xef][0xbf][0xbd]`[0xe]n#[0xef][0xbf][0xbd][\r][0xef][0xbf][0xbd][0x18][0xef][0xbf][0xbd][0x4]u&[0xef][0xbf][0xbd][0xef][0xbf][0xbd]P[0x2][0xef][0xbf][0xbd][0xef][0xbf][0xbd][0xb][0xef][0xbf][0xbd]{[0xef][0xbf][0xbd]fGe[0x18]|wa[0xca][0x8c][0xef][0xbf][0xbd]Vh[0x14]j[0xef][0xbf][0xbd][0xef][0xbf][0xbd]M[0x14][0x14]&w,[0xef][0xbf][0xbd]1[0xef][0xbf][0xbd]o[0xef][0xbf][0xbd][0xd1][0x85][0x16]mGj[0x1b]Y[0x1d][0xef][0xbf][0xbd][0xef][0xbf][0xbd][0xef][0xbf][0xbd]a[0xb]D[0xb]K[0xef][0xbf][0xbd][0xef][0xbf][0xbd][0x10][0xef][0xbf][0xbd][0x18][0x3][0x10][\n]"
07:56:28.782 [main] DEBUG org.apache.http.wire -  >> "[0xef][0xbf][0xbd]LB/o[0xef][0xbf][0xbd][0xef][0xbf][0xbd]T[0xef][0xbf][0xbd][0xef][0xbf][0xbd][0xef][0xbf][0xbd]W[0xef][0xbf][0xbd])[0xef][0xbf][0xbd]5[0xef][0xbf][0xbd]8[0xef][0xbf][0xbd][0xef][0xbf][0xbd]:#[0xef][0xbf][0xbd]@`[0xef][0xbf][0xbd][0x1][0xef][0xbf][0xbd][0xef][0xbf][0xbd][0xef][0xbf][0xbd][0xf][0x1d][0xef][0xbf][0xbd][0xd6][0xa5][0xef][0xbf][0xbd]v.[0x4][0xef][0xbf][0xbd][0xef][0xbf][0xbd]BC!l[0xef][0xbf][0xbd][0x1f]oX[0x7][0xef][0xbf][0xbd]$[0xef][0xbf][0xbd][0xef][0xbf][0xbd]qf@b[0xef][0xbf][0xbd]jW[0xef][0xbf][0xbd]Db.[0xef][0xbf][0xbd][0xef][0xbf][0xbd][0x11]PS@b[0xef][0xbf][0xbd]K[0x1]P[0xef][0xbf][0xbd][0xef][0xbf][0xbd][0x19][0xef][0xbf][0xbd][0xef][0xbf][0xbd][0x1e][0xef][0xbf][0xbd][0xdb][0x8b][0xef][0xbf][0xbd]X[0xef][0xbf][0xbd]{[0xef][0xbf][0xbd][0x13][0xef][0xbf][0xbd]v[0xef][0xbf][0xbd] [0x11][0x1d]o[0xdb][0x9f][0xef][0xbf][0xbd]u^[0xef][0xbf][0xbd][0xef][0xbf][0xbd]ui[0xd7][0x83]{[0xef][0xbf][0xbd][0xef][0xbf][0xbd]a[0xef][0xbf][0xbd][0xef][0xbf][0xbd][0xef][0xbf][0xbd][0xef][0xbf][0xbd]:qja[0xef][0xbf][0xbd]KI[0xef][0xbf][0xbd][0x9][0x1b][0x0][0xef][0xbf][0xbd][0xef][0xbf][0xbd]S[0xef][0xbf][0xbd]-[0xef][0xbf][0xbd][0xef][0xbf][0xbd][0xef][0xbf][0xbd]-[0xef][0xbf][0xbd]v)[0xd7][0x8e][0xef][0xbf][0xbd][0xef][0xbf][0xbd][0x9]Zp[0xd1][0xa2][0xef][0xbf][0xbd]_[0xef][0xbf][0xbd]F[0xef][0xbf][0xbd]L[0xee][0xa8][0x9d][0xef][0xbf][0xbd][0xef][0xbf][0xbd][0xef][0xbf][0xbd]z[0xef][0xbf][0xbd][0xef][0xbf][0xbd][0xef][0xbf][0xbd]$[0xef][0xbf][0xbd][0xef][0xbf][0xbd][0xef][0xbf][0xbd][0xef][0xbf][0xbd].[0x2][0xef][0xbf][0xbd][0xc2][0x87][0xef][0xbf][0xbd]b[0xdf][0x99]P[0xef][0xbf][0xbd]Z2[0xef][0xbf][0xbd][0x6]k[0xef][0xbf][0xbd]>[0xef][0xbf][0xbd][0xef][0xbf][0xbd][0x12][0x1b]{5[0xef][0xbf][0xbd]1[0xef][0xbf][0xbd][0xef][0xbf][0xbd][0x8]b[0xef][0xbf][0xbd][0xef][0xbf][0xbd][0xef][0xbf][0xbd][0xef][0xbf][0xbd][0x1c][0xc][0x18][0xef][0xbf][0xbd][0xef][0xbf][0xbd][0xef][0xbf][0xbd][0xef][0xbf][0xbd]z[0xef][0xbf][0xbd]2[0xef][0xbf][0xbd][0xef][0xbf][0xbd]5[0xef][0xbf][0xbd][0xef][0xbf][0xbd]l[0xef][0xbf][0xbd]5[0xef][0xbf][0xbd][0x11]Xv][0xef][0xbf][0xbd]fB[0xef][0xbf][0xbd]#f][0xef][0xbf][0xbd][0xef][0xbf][0xbd][0xef][0xbf][0xbd][0xef][0xbf][0xbd]L[0x16][0x3]A}1[0xef][0xbf][0xbd][0xef][0xbf][0xbd]j[0xef][0xbf][0xbd]vi[0x16][0xef][0xbf][0xbd][0xef][0xbf][0xbd][0xef][0xbf][0xbd]F[0xef][0xbf][0xbd]>[0xef][0xbf][0xbd]=[0x1b][0xef][0xbf][0xbd]!7N[0xef][0xbf][0xbd][0xef][0xbf][0xbd][0xef][0xbf][0xbd][0xef][0xbf][0xbd][0xef][0xbf][0xbd][0x8][0x1f][0xef][0xbf][0xbd][0x6]gTR[0xef][0xbf][0xbd][0xef][0xbf][0xbd]-m[0xef][0xbf][0xbd]G[0xef][0xbf][0xbd]g![0xef][0xbf][0xbd][0xef][0xbf][0xbd][0xef][0xbf][0xbd][0xef][0xbf][0xbd][0xef][0xbf][0xbd][0xef][0xbf][0xbd]:[0xef][0xbf][0xbd][0xef][0xbf][0xbd]%[0xef][0xbf][0xbd]v[0xef][0xbf][0xbd]5[0xef][0xbf][0xbd][0xef][0xbf][0xbd]"[0xef][0xbf][0xbd]p;v[0xef][0xbf][0xbd]tX6[0xef][0xbf][0xbd]=F@[0xef][0xbf][0xbd]l[0xef][0xbf][0xbd][0xef][0xbf][0xbd]E[0xef][0xbf][0xbd]d52\[0xef][0xbf][0xbd][0x15][0x15][0x1d][0xef][0xbf][0xbd]tf[0xef][0xbf][0xbd][0x1c][0xef][0xbf][0xbd][0xef][0xbf][0xbd]S4[0x0][0xef][0xbf][0xbd][0xcd][0x96][0x9]?[0xef][0xbf][0xbd]B[0xd1][0xa0]_[0xef][0xbf][0xbd][0xef][0xbf][0xbd]B[0xef][0xbf][0xbd][0xef][0xbf][0xbd][0xef][0xbf][0xbd]6[[0xb]v[0xef][0xbf][0xbd][0xef][0xbf][0xbd]p[0xef][0xbf][0xbd][0xef][0xbf][0xbd][0x8]\[0x0] q[0xef][0xbf][0xbd][0xef][0xbf][0xbd]:r[0xef][0xbf][0xbd],[[0x17][0xef][0xbf][0xbd][0xef][0xbf][0xbd]e[0xef][0xbf][0xbd][0xef][0xbf][0xbd]7[0xcb][0xbd][0xef][0xbf][0xbd]`[0xef][0xbf][0xbd]u[0xd3][0x84][0xef][0xbf][0xbd][0xef][0xbf][0xbd][0xef][0xbf][0xbd][0xef][0xbf][0xbd]v[0xef][0xbf][0xbd]jk[0xef][0xbf][0xbd]:g[0xef][0xbf][0xbd]dR[0xef][0xbf][0xbd][0xef][0xbf][0xbd].{[0x1a]{[0xef][0xbf][0xbd][0x19]c[0xef][0xbf][0xbd][0xef][0xbf][0xbd]8'[0xef][0xbf][0xbd][0xef][0xbf][0xbd]J[0xc][0xef][0xbf][0xbd][0xef][0xbf][0xbd]i:[0x15][0xef][0xbf][0xbd]p[0xd5][0xb2]][[0xef][0xbf][0xbd][0x8]GvO[0xef][0xbf][0xbd][0x14][0xef][0xbf][0xbd][0xef][0xbf][0xbd][0x5],[0xef][0xbf][0xbd]RD2[0xef][0xbf][0xbd][0xef][0xbf][0xbd]Vnftq[0xef][0xbf][0xbd][0xef][0xbf][0xbd]d[0xef][0xbf][0xbd][0xef][0xbf][0xbd][0xef][0xbf][0xbd][0xef][0xbf][0xbd][0xef][0xbf][0xbd][0xef][0xbf][0xbd][0xef][0xbf][0xbd][0x1e][0xef][0xbf][0xbd][0xef][0xbf][0xbd][0xef][0xbf][0xbd]W[0xef][0xbf][0xbd][0x1c]A[0xef][0xbf][0xbd][0xef][0xbf][0xbd][0x1][0xef][0xbf][0xbd][0xef][0xbf][0xbd][0xb]_[0xef][0xbf][0xbd]m[0xef][0xbf][0xbd][0xef][0xbf][0xbd]z[0xef][0xbf][0xbd]K[0xef][0xbf][0xbd][0xe][0xef][0xbf][0xbd]b[0xef][0xbf][0xbd][0xef][0xbf][0xbd][0xef][0xbf][0xbd]?Q-[0xef][0xbf][0xbd][0xef][0xbf][0xbd]X[0xef][0xbf][0xbd]!v23[0xef][0xbf][0xbd][0xef][0xbf][0xbd]yP[0xef][0xbf][0xbd][0x4][0xef][0xbf][0xbd][0xef][0xbf][0xbd]XW[0x18][0xef][0xbf][0xbd]8[0x1f][0xef][0xbf][0xbd][0xef][0xbf][0xbd][0x13]+[0xef][0xbf][0xbd][0xef][0xbf][0xbd]3[0xef][0xbf][0xbd][0xef][0xbf][0xbd] [0xef][0xbf][0xbd][0xef][0xbf][0xbd][0x14]v[0xef][0xbf][0xbd][0xef][0xbf][0xbd]L[0x10][0xef][0xbf][0xbd][0xc][0xef][0xbf][0xbd][0xef][0xbf][0xbd][0xef][0xbf][0xbd][0xef][0xbf][0xbd][0xef][0xbf][0xbd]u[0xef][0xbf][0xbd][0xef][0xbf][0xbd][0xdc][0xba][0xef][0xbf][0xbd][0x9]E[0xef][0xbf][0xbd][0x1f][0xef][0xbf][0xbd][0xef][0xbf][0xbd][0xef][0xbf][0xbd][0xef][0xbf][0xbd][0x5]$[0xef][0xbf][0xbd]O[0x1d][0xe]U[0xef][0xbf][0xbd][0xef][0xbf][0xbd][0xc5][0xbf]H[0xef][0xbf][0xbd][0xef][0xbf][0xbd]L_[0xef][0xbf][0xbd]f[0x6]v[0xef][0xbf][0xbd][0xef][0xbf][0xbd][0xc2][0x9e]e[0xd8][0x9b][0xef][0xbf][0xbd][0x16]R[0xef][0xbf][0xbd][0xef][0xbf][0xbd][0xef][0xbf][0xbd][0x4][0xef][0xbf][0xbd][0x1a]k[0xef][0xbf][0xbd][0x18]5[0xef][0xbf][0xbd][0xcb][0xa6];[0x1a][0xe][0xef][0xbf][0xbd]f[0xef][0xbf][0xbd]v[0x10]S p[0xef][0xbf][0xbd]%[0x0][0xef][0xbf][0xbd][0xef][0xbf][0xbd][0xef][0xbf][0xbd][0x8]~[0xef][0xbf][0xbd]R?[0xef][0xbf][0xbd][0x1a]n[0xef][0xbf][0xbd][0xef][0xbf][0xbd][0xef][0xbf][0xbd]UG[0xef][0xbf][0xbd]U[0xef][0xbf][0xbd]W[0xef][0xbf][0xbd][0x4]<[0xef][0xbf][0xbd]c![0xef][0xbf][0xbd][0xef][0xbf][0xbd][0xcf][0x81][0xef][0xbf][0xbd]\[0xe]7[0xef][0xbf][0xbd][0xef][0xbf][0xbd]*[0xef][0xbf][0xbd]U;[0xef][0xbf][0xbd]v[0x6]([0xef][0xbf][0xbd][0xef][0xbf][0xbd][0xef][0xbf][0xbd][0xef][0xbf][0xbd][0xef][0xbf][0xbd][0x1f]y[0xca][0xae]Y[0xef][0xbf][0xbd][0xef][0xbf][0xbd]5[0xef][0xbf][0xbd]s[0xef][0xbf][0xbd][0xef][0xbf][0xbd]G-l[0x6][0x3]a[0x1b]D'.[0xef][0xbf][0xbd]X[0xef][0xbf][0xbd],3[0x1f][0xef][0xbf][0xbd]_][0x9][0xef][0xbf][0xbd][0xef][0xbf][0xbd][0xef][0xbf][0xbd]d[0xef][0xbf][0xbd][0xef][0xbf][0xbd][0x19]\.[\n]"
07:56:28.782 [main] DEBUG org.apache.http.wire -  >> "[0x6]`[0x1d][0xef][0xbf][0xbd]v[0xef][0xbf][0xbd]fI}[0xef][0xbf][0xbd][0x15]k[0xef][0xbf][0xbd][0xef][0xbf][0xbd][0x9][0xef][0xbf][0xbd][0xef][0xbf][0xbd][0xef][0xbf][0xbd][0xef][0xbf][0xbd][0xef][0xbf][0xbd]X,([0xef][0xbf][0xbd][0xef][0xbf][0xbd][0xef][0xbf][0xbd]\[0xef][0xbf][0xbd][0xef][0xbf][0xbd]?W[0x17]Bo^Z[0xef][0xbf][0xbd][0xef][0xbf][0xbd]rac[0xef][0xbf][0xbd]Z9[0xef][0xbf][0xbd][0xef][0xbf][0xbd][0xef][0xbf][0xbd][0xef][0xbf][0xbd][0xef][0xbf][0xbd][0x3][0xef][0xbf][0xbd][0xdd][0x92][0xef][0xbf][0xbd]P[0xef][0xbf][0xbd][0x11][0xef][0xbf][0xbd]l[0xef][0xbf][0xbd]j[0xef][0xbf][0xbd]@T[0xef][0xbf][0xbd][0xef][0xbf][0xbd][0xef][0xbf][0xbd]4[0xef][0xbf][0xbd]b[0xef][0xbf][0xbd][0xef][0xbf][0xbd][0xef][0xbf][0xbd][0xef][0xbf][0xbd]:[\r]$[0x3][0xef][0xbf][0xbd][0xef][0xbf][0xbd]*[0xef][0xbf][0xbd][0xef][0xbf][0xbd][0x12][0x4]\[0xc][0xef][0xbf][0xbd]fQ[0xef][0xbf][0xbd][0xd6][0x98][0x9][0x19][0xc6][0xbd]5[0x13][0xef][0xbf][0xbd][0xef][0xbf][0xbd]Y[0xef][0xbf][0xbd],[0xef][0xbf][0xbd][0x3]Vy[0x19][0xef][0xbf][0xbd][0xc][0xef][0xbf][0xbd][0xef][0xbf][0xbd]DOV[0xef][0xbf][0xbd][0xef][0xbf][0xbd]P[0x0][0xef][0xbf][0xbd][0xef][0xbf][0xbd][0xef][0xbf][0xbd][0xef][0xbf][0xbd][0xeb][0x85][0xb1]E[0xef][0xbf][0xbd]\[0xef][0xbf][0xbd][0xef][0xbf][0xbd][0xef][0xbf][0xbd]>H[0xef][0xbf][0xbd][0x0]Ke[0xef][0xbf][0xbd]&s[0xef][0xbf][0xbd]elF[0xef][0xbf][0xbd]2[0xef][0xbf][0xbd][0x4][0xef][0xbf][0xbd]-[0xef][0xbf][0xbd]Y[0xef][0xbf][0xbd]z[0x1a][0xef][0xbf][0xbd][%[0xef][0xbf][0xbd][0xd1][0x8d]J#[0xd9][0x86][0xef][0xbf][0xbd][0x17][0xef][0xbf][0xbd]Sc[0xc7][0xac][0xef][0xbf][0xbd][0xef][0xbf][0xbd][0xef][0xbf][0xbd]=[0xb][0xef][0xbf][0xbd][0xef][0xbf][0xbd]k~Kg[0xef][0xbf][0xbd][0xef][0xbf][0xbd][\r][0xef][0xbf][0xbd][0xe][0xef][0xbf][0xbd][0xef][0xbf][0xbd][0xd4][0x94]VD[0xef][0xbf][0xbd]2-[0xef][0xbf][0xbd][0x1e][0x5][0xef][0xbf][0xbd]j[0xef][0xbf][0xbd][0xef][0xbf][0xbd][0xef][0xbf][0xbd][0x1a]K[0xd3][0xbf][0xef][0xbf][0xbd][0xef][0xbf][0xbd][0xef][0xbf][0xbd]Un[0xef][0xbf][0xbd]}[0xef][0xbf][0xbd][0xef][0xbf][0xbd][0xc6][0xb3]E[0xef][0xbf][0xbd]r[0xef][0xbf][0xbd][0xef][0xbf][0xbd][0xef][0xbf][0xbd][0xef][0xbf][0xbd]_[0xef][0xbf][0xbd]kV[0xef][0xbf][0xbd]n [0xef][0xbf][0xbd][0xef][0xbf][0xbd][0xef][0xbf][0xbd][0xef][0xbf][0xbd]n[0xef][0xbf][0xbd]o[0xef][0xbf][0xbd][0xef][0xbf][0xbd][0xef][0xbf][0xbd]y[0xef][0xbf][0xbd]^[0xef][0xbf][0xbd][\r]`vq[0xef][0xbf][0xbd]"[0xef][0xbf][0xbd]m[0xef][0xbf][0xbd][0xef][0xbf][0xbd][0xef][0xbf][0xbd]?[0xef][0xbf][0xbd][0xd9][0x8b]b_[0xe][0xda][0xb5][0xef][0xbf][0xbd][0xb]0[0xef][0xbf][0xbd][0xf]7[0xef][0xbf][0xbd],P[0xef][0xbf][0xbd][0xef][0xbf][0xbd]f[0xef][0xbf][0xbd][0xf][0xef][0xbf][0xbd][0xef][0xbf][0xbd][0xef][0xbf][0xbd]T[0xdd][0x88]mo[0xef][0xbf][0xbd]r[0xef][0xbf][0xbd][0xef][0xbf][0xbd]z>V[0x10][0xef][0xbf][0xbd][0xef][0xbf][0xbd]*H[0xb]7f[0xef][0xbf][0xbd]:"[0xef][0xbf][0xbd][0xef][0xbf][0xbd][0xef][0xbf][0xbd][0xd8][0x85][0xef][0xbf][0xbd][0xef][0xbf][0xbd]Z[0xef][0xbf][0xbd]^[0xef][0xbf][0xbd][0xef][0xbf][0xbd]O[0xef][0xbf][0xbd][0xef][0xbf][0xbd][0x16][0x1b][0xef][0xbf][0xbd][0x12][0xef][0xbf][0xbd]T[0xef][0xbf][0xbd]R[0xef][0xbf][0xbd]S1![0xef][0xbf][0xbd][0xef][0xbf][0xbd]J[0xef][0xbf][0xbd][0xef][0xbf][0xbd][0x11]72a"[0xef][0xbf][0xbd]>[0xef][0xbf][0xbd]-[0xef][0xbf][0xbd]X[0xef][0xbf][0xbd]O[0xef][0xbf][0xbd][0xef][0xbf][0xbd][0xef][0xbf][0xbd]K[0xef][0xbf][0xbd][0xef][0xbf][0xbd][0xef][0xbf][0xbd][0x0][0xef][0xbf][0xbd]?Y[0x9][0xef][0xbf][0xbd]3[0xef][0xbf][0xbd][0xef][0xbf][0xbd][0xef][0xbf][0xbd]f[0xef][0xbf][0xbd]w.[0x15][0xef][0xbf][0xbd]k[0xef][0xbf][0xbd][0x8]>[0xb]T[0xef][0xbf][0xbd][0xef][0xbf][0xbd][0x6][0xef][0xbf][0xbd][0xc6][0x94][0xef][0xbf][0xbd][0xef][0xbf][0xbd][0xef][0xbf][0xbd][0xef][0xbf][0xbd][0xef][0xbf][0xbd][0xef][0xbf][0xbd] [0xef][0xbf][0xbd][0xef][0xbf][0xbd][0x1a][0xef][0xbf][0xbd][0xef][0xbf][0xbd][0x14][0xef][0xbf][0xbd][0xef][0xbf][0xbd]~[0x1b][0xef][0xbf][0xbd]~`[0xef][0xbf][0xbd]@[0xef][0xbf][0xbd][0xef][0xbf][0xbd]x[0xef][0xbf][0xbd][0xca][0xb4]N[0xef][0xbf][0xbd]-B[0xef][0xbf][0xbd][0xc6][0x8b][0xef][0xbf][0xbd]S[0xef][0xbf][0xbd][0x18][0xc][0x2][0xef][0xbf][0xbd]e[0xef][0xbf][0xbd]R[0xef][0xbf][0xbd]B[0xef][0xbf][0xbd][0xef][0xbf][0xbd][0xef][0xbf][0xbd][0x6][0xef][0xbf][0xbd][0xef][0xbf][0xbd]i[0xef][0xbf][0xbd][0xef][0xbf][0xbd][0xef][0xbf][0xbd][0xef][0xbf][0xbd][0xef][0xbf][0xbd][0xef][0xbf][0xbd]KP[0xef][0xbf][0xbd]p[0xef][0xbf][0xbd][0xef][0xbf][0xbd]`[0xef][0xbf][0xbd][0xef][0xbf][0xbd]P<[0xef][0xbf][0xbd]'[0xef][0xbf][0xbd][0xef][0xbf][0xbd][0xef][0xbf][0xbd]2[0xef][0xbf][0xbd][0xef][0xbf][0xbd],[0xef][0xbf][0xbd][0xef][0xbf][0xbd][0xef][0xbf][0xbd][0x2][0xef][0xbf][0xbd]?[0xef][0xbf][0xbd][\r]g1[0xef][0xbf][0xbd][0xef][0xbf][0xbd]T[0x1][0xef][0xbf][0xbd]oK[0xef][0xbf][0xbd]l[0x5][0xef][0xbf][0xbd][0xef][0xbf][0xbd]6[0xef][0xbf][0xbd][0xef][0xbf][0xbd][0x1][0xef][0xbf][0xbd][0xef][0xbf][0xbd]n[0x1c][0xef][0xbf][0xbd]%[0xef][0xbf][0xbd]s[0xef][0xbf][0xbd]sAr[0xef][0xbf][0xbd][0x1d]t[0xef][0xbf][0xbd]][0xef][0xbf][0xbd][0xef][0xbf][0xbd][\r]i[0xd9][0xb0][0x7]?>&[0xef][0xbf][0xbd][0xef][0xbf][0xbd][0xe][0xef][0xbf][0xbd][0x1f]0[0xef][0xbf][0xbd]z[0xef][0xbf][0xbd][0xcd][0xb0][0x1b]kb[0xef][0xbf][0xbd][0xcd][0x8f][0xef][0xbf][0xbd]s[0xef][0xbf][0xbd][[0xb]i[0xef][0xbf][0xbd]Qi[0xef][0xbf][0xbd][0xd9][0x86][0xef][0xbf][0xbd][0x2][0xef][0xbf][0xbd][0xef][0xbf][0xbd][0xef][0xbf][0xbd]'[0x19][0xef][0xbf][0xbd][0xef][0xbf][0xbd][0xef][0xbf][0xbd][0xef][0xbf][0xbd][0xef][0xbf][0xbd][0x16][0x17][0xef][0xbf][0xbd][0xef][0xbf][0xbd][0xef][0xbf][0xbd][0xc6][0x88][0xef][0xbf][0xbd][0xef][0xbf][0xbd][0xef][0xbf][0xbd]>c0[0x19][0xef][0xbf][0xbd][0xef][0xbf][0xbd][0xef][0xbf][0xbd]fo&[0xef][0xbf][0xbd][0xef][0xbf][0xbd][0xdf][0x85][0xef][0xbf][0xbd][0xef][0xbf][0xbd]:e[0xef][0xbf][0xbd][0xef][0xbf][0xbd][0xdf][0xb1];[0xef][0xbf][0xbd][0xef][0xbf][0xbd]W[0xef][0xbf][0xbd][0xc5][0xbf][\n]"
07:56:28.782 [main] DEBUG org.apache.http.wire -  >> "(g2[0xef][0xbf][0xbd]}KJH<j[0xef][0xbf][0xbd][0xef][0xbf][0xbd][0xef][0xbf][0xbd],/[0xef][0xbf][0xbd][0xef][0xbf][0xbd][0xef][0xbf][0xbd][0xef][0xbf][0xbd]V[0xef][0xbf][0xbd]Dv[0x12][\r]$D[0xef][0xbf][0xbd]jG6t[0xef][0xbf][0xbd][0xef][0xbf][0xbd][0xef][0xbf][0xbd][0xb]Y[0xc2][0x96][0xef][0xbf][0xbd][0xef][0xbf][0xbd]"[0xef][0xbf][0xbd]X[0xef][0xbf][0xbd][[0xef][0xbf][0xbd]O[0x1b][0xcf][0xa0][0xef][0xbf][0xbd][0xef][0xbf][0xbd][0xef][0xbf][0xbd]%[0xef][0xbf][0xbd]+[0x11]C@[0xef][0xbf][0xbd]V>[0xef][0xbf][0xbd]Z[0xef][0xbf][0xbd]a[0xef][0xbf][0xbd]m[0xef][0xbf][0xbd][0xef][0xbf][0xbd]z[0xef][0xbf][0xbd]C^k[0xef][0xbf][0xbd][0xef][0xbf][0xbd]-s[0xef][0xbf][0xbd][0xef][0xbf][0xbd][0x1b][0xef][0xbf][0xbd]0E[0xef][0xbf][0xbd][0xef][0xbf][0xbd][0xef][0xbf][0xbd][0xef][0xbf][0xbd]!g[0xef][0xbf][0xbd]X[0xef][0xbf][0xbd][0xef][0xbf][0xbd][0xef][0xbf][0xbd]4fw[0xef][0xbf][0xbd]|[0xef][0xbf][0xbd][0xef][0xbf][0xbd][0xef][0xbf][0xbd][0xef][0xbf][0xbd]t[0xef][0xbf][0xbd][0xef][0xbf][0xbd]3[0xef][0xbf][0xbd]3p:h[0xef][0xbf][0xbd][0xef][0xbf][0xbd]{[0xef][0xbf][0xbd]/77q[0xef][0xbf][0xbd][0xef][0xbf][0xbd]e[0xef][0xbf][0xbd][0xef][0xbf][0xbd],[0xef][0xbf][0xbd]`[0xef][0xbf][0xbd]C[0xef][0xbf][0xbd][0x14][0xef][0xbf][0xbd]>M[0xef][0xbf][0xbd][0xef][0xbf][0xbd]l[0xef][0xbf][0xbd][0xef][0xbf][0xbd]{s[[0xef][0xbf][0xbd]WR[0xef][0xbf][0xbd][0xd7][0x97][0xef][0xbf][0xbd][0x6]l[0xef][0xbf][0xbd][0xef][0xbf][0xbd][0xce][0x82][0xef][0xbf][0xbd]Cbsav[0x12];ig54[0xef][0xbf][0xbd][0xf]e?a[0xd7][0xb0]|C@[0xef][0xbf][0xbd]k?[0xef][0xbf][0xbd][0x17]>q[0xef][0xbf][0xbd][0xef][0xbf][0xbd]O[0xef][0xbf][0xbd]Wq%fq[0xef][0xbf][0xbd][0xef][0xbf][0xbd]L`[0xc7][0xb5]N[0xef][0xbf][0xbd][0x17][0xe7][0xbe][0xa5][0xef][0xbf][0xbd][0xef][0xbf][0xbd][0xef][0xbf][0xbd]J[0xef][0xbf][0xbd]`[0xef][0xbf][0xbd][0xef][0xbf][0xbd]Jj@[0xef][0xbf][0xbd][0xef][0xbf][0xbd][0xcb][0x8e]8[0xef][0xbf][0xbd][0x1d][0xef][0xbf][0xbd][0x14][0xef][0xbf][0xbd][0xef][0xbf][0xbd]][0xef][0xbf][0xbd]U[0xef][0xbf][0xbd][0xef][0xbf][0xbd][0xef][0xbf][0xbd][0xef][0xbf][0xbd][0xef][0xbf][0xbd]$x[0xef][0xbf][0xbd]&[0xef][0xbf][0xbd][0x15][0xef][0xbf][0xbd][0xef][0xbf][0xbd][0xef][0xbf][0xbd][0xdf][0x97][0xef][0xbf][0xbd]vac[0xef][0xbf][0xbd]N[0xef][0xbf][0xbd][0xef][0xbf][0xbd][0xdf][0xb4][0xdb][0x9f][0xef][0xbf][0xbd][0xef][0xbf][0xbd][0xef][0xbf][0xbd]F[0xef][0xbf][0xbd][0x14]i|[0xef][0xbf][0xbd]/[0xef][0xbf][0xbd]F[0xef][0xbf][0xbd]f[0xef][0xbf][0xbd][0xef][0xbf][0xbd][0xdd][0x8a][0xef][0xbf][0xbd]D[0xef][0xbf][0xbd][0x9][0xef][0xbf][0xbd][0xef][0xbf][0xbd][\n]"
07:56:28.782 [main] DEBUG org.apache.http.wire -  >> "[0x6][0xef][0xbf][0xbd]:)[0x3][0xef][0xbf][0xbd][0xef][0xbf][0xbd]0[0xef][0xbf][0xbd][0xef][0xbf][0xbd]{[0xef][0xbf][0xbd][0x19][0xef][0xbf][0xbd][0xef][0xbf][0xbd][0xef][0xbf][0xbd][0x1c]4l[0xef][0xbf][0xbd][0xef][0xbf][0xbd]=[0xef][0xbf][0xbd]H[0xef][0xbf][0xbd][0x1a][0x0][\n]"
07:56:28.783 [main] DEBUG org.apache.http.wire -  >> "[0x4]J&J[0xef][0xbf][0xbd][0x0]:7Z[0xef][0xbf][0xbd][0xeb][0x83][0xb4][0xde][0x8e][0xef][0xbf][0xbd][0xef][0xbf][0xbd]#[0xef][0xbf][0xbd][0x16][0xef][0xbf][0xbd][0xef][0xbf][0xbd];[0x1b]A[0xef][0xbf][0xbd][0xef][0xbf][0xbd]@[0x0][0xef][0xbf][0xbd][0xef][0xbf][0xbd][0xef][0xbf][0xbd][0xef][0xbf][0xbd][0xef][0xbf][0xbd][0xef][0xbf][0xbd][0xef][0xbf][0xbd][0xef][0xbf][0xbd]9[0xef][0xbf][0xbd]~[0xef][0xbf][0xbd][0x18][0x1d][0xef][0xbf][0xbd]S[0xef][0xbf][0xbd][0xef][0xbf][0xbd][0xf][0xef][0xbf][0xbd]b[0x12][0xef][0xbf][0xbd]Aa[0xef][0xbf][0xbd]6j[0xef][0xbf][0xbd]([0xef][0xbf][0xbd][0xef][0xbf][0xbd]@S[0xb]Y)[0xef][0xbf][0xbd]D[0xef][0xbf][0xbd]4[0xef][0xbf][0xbd]U[0xef][0xbf][0xbd]w[0xef][0xbf][0xbd][0xd2][0x91][0xef][0xbf][0xbd][0xb][0xef][0xbf][0xbd]P[0xef][0xbf][0xbd][0xef][0xbf][0xbd]X[0xef][0xbf][0xbd][0x18]J[0x19][0xef][0xbf][0xbd][0x1][0xef][0xbf][0xbd][0xef][0xbf][0xbd][0xef][0xbf][0xbd]R#[0xef][0xbf][0xbd][\r]W[0xef][0xbf][0xbd],[0xef][0xbf][0xbd][0xd1][0xb8][\r][0xef][0xbf][0xbd]qI[0xc7][0xa5][0xef][0xbf][0xbd][0x18][0xef][0xbf][0xbd][0xef][0xbf][0xbd][0xef][0xbf][0xbd][0xef][0xbf][0xbd][0x6][0xef][0xbf][0xbd]m[0xef][0xbf][0xbd][0xef][0xbf][0xbd]mJ[0xef][0xbf][0xbd]M[0xef][0xbf][0xbd][0xef][0xbf][0xbd][0xef][0xbf][0xbd]s[0xef][0xbf][0xbd]n[0xef][0xbf][0xbd]3 z[0xef][0xbf][0xbd][0xef][0xbf][0xbd]k[0xef][0xbf][0xbd][0xc6][0x8e][0xef][0xbf][0xbd][0x1b][0xd6][0xb4];[0xef][0xbf][0xbd][0xef][0xbf][0xbd][0xef][0xbf][0xbd][0xef][0xbf][0xbd][0xef][0xbf][0xbd][0xef][0xbf][0xbd][0xef][0xbf][0xbd][0xef][0xbf][0xbd][0xef][0xbf][0xbd][0xd4][0xbd][0x18]XdH[0xd3][0xb1][0xef][0xbf][0xbd][0xef][0xbf][0xbd][0x11]?=[0xef][0xbf][0xbd][0x19][0xef][0xbf][0xbd]OE?[0xf]H[0x1c][0xef][0xbf][0xbd][0xef][0xbf][0xbd]<+0[0xef][0xbf][0xbd]g[0xef][0xbf][0xbd]C<J[0x19]N[0x8][0xef][0xbf][0xbd]nIs[0xef][0xbf][0xbd][0xef][0xbf][0xbd]n[0xef][0xbf][0xbd]`[0xef][0xbf][0xbd]:7[0xef][0xbf][0xbd][0xef][0xbf][0xbd]F)[0xef][0xbf][0xbd][0xed][0x8d][0x97][0xef][0xbf][0xbd][0xdb][0xbf][0xef][0xbf][0xbd][0xef][0xbf][0xbd][0xef][0xbf][0xbd]g[0xef][0xbf][0xbd][0xde][0x80]l+[0xef][0xbf][0xbd]Z[0xef][0xbf][0xbd]u`([0xef][0xbf][0xbd][0xef][0xbf][0xbd][0xef][0xbf][0xbd][0x9]n[0xef][0xbf][0xbd]<[0xef][0xbf][0xbd][0x1f]W[0xb][0xef][0xbf][0xbd][0x10][0xef][0xbf][0xbd];[0xef][0xbf][0xbd][0xef][0xbf][0xbd][0xef][0xbf][0xbd][0xef][0xbf][0xbd]W[0xef][0xbf][0xbd]WH+[0xef][0xbf][0xbd][0xef][0xbf][0xbd]8[0xef][0xbf][0xbd][0xc]N[0xef][0xbf][0xbd][0x13][0xef][0xbf][0xbd][0xef][0xbf][0xbd][0xef][0xbf][0xbd][0xef][0xbf][0xbd]YnsaD[0xef][0xbf][0xbd]g[0x9]0[0x9][0xef][0xbf][0xbd][0x5][0xef][0xbf][0xbd][0xef][0xbf][0xbd]YX[0xef][0xbf][0xbd][0xef][0xbf][0xbd]~[0xef][0xbf][0xbd]Q[0xef][0xbf][0xbd][0xef][0xbf][0xbd][0x1b]y[0xef][0xbf][0xbd][0xef][0xbf][0xbd]g22[0xef][0xbf][0xbd][0xef][0xbf][0xbd][0x3][0x8][0xef][0xbf][0xbd]u+[0xef][0xbf][0xbd]T[0xef][0xbf][0xbd]uNN[0xef][0xbf][0xbd]Q[0xef][0xbf][0xbd][0x1b][0xef][0xbf][0xbd][\n]"
07:56:28.783 [main] DEBUG org.apache.http.wire -  >> ">[0xdb][0x96]Wq[0xef][0xbf][0xbd][0xef][0xbf][0xbd]8[0xef][0xbf][0xbd]I"[0xef][0xbf][0xbd]Q[0xef][0xbf][0xbd]S/KW[0xef][0xbf][0xbd][0xef][0xbf][0xbd][[0xef][0xbf][0xbd][0xef][0xbf][0xbd][0x1b][0xef][0xbf][0xbd]][0x13][0x1a][0x0]f#[0xef][0xbf][0xbd]g[0xef][0xbf][0xbd][0xef][0xbf][0xbd][0xc5][0xbe][0x14][0x3][0x1a][0xef][0xbf][0xbd][0xef][0xbf][0xbd][0x13]=[0xef][0xbf][0xbd][0xef][0xbf][0xbd][0xef][0xbf][0xbd][0xef][0xbf][0xbd]fvX[0xef][0xbf][0xbd][0xef][0xbf][0xbd]lxn[0xef][0xbf][0xbd]v[0xef][0xbf][0xbd][0xef][0xbf][0xbd]][0xef][0xbf][0xbd]@uEHk\?@j[0xef][0xbf][0xbd][0xef][0xbf][0xbd]][0x15][0xef][0xbf][0xbd]q[[0xc][0x1d][0xef][0xbf][0xbd][0xef][0xbf][0xbd][0xef][0xbf][0xbd]E[0xef][0xbf][0xbd][0xef][0xbf][0xbd]r[0xef][0xbf][0xbd]^{[0xef][0xbf][0xbd][0xef][0xbf][0xbd]Sv[\r][0xef][0xbf][0xbd]7[0xc]d[0xef][0xbf][0xbd]=[0xef][0xbf][0xbd][0xef][0xbf][0xbd][0xef]"
07:56:28.783 [main] DEBUG org.apache.http.wire -  >> "[0xbf][0xbd]a[0xe][0xef][0xbf][0xbd][0xef][0xbf][0xbd]})3O[0xef][0xbf][0xbd]VV[0xef][0xbf][0xbd][0x16][0xef][0xbf][0xbd][0xef][0xbf][0xbd][0xef][0xbf][0xbd]*[0x16]j[0x19][0xef][0xbf][0xbd].[0xef][0xbf][0xbd]iu[0xef][0xbf][0xbd][0xef][0xbf][0xbd][0xef][0xbf][0xbd]v[0xef][0xbf][0xbd][0xef][0xbf][0xbd]Z([0xef][0xbf][0xbd][0xef][0xbf][0xbd]Vk[0xef][0xbf][0xbd][0xef][0xbf][0xbd][0xef][0xbf][0xbd][0xef][0xbf][0xbd]U+[0xef][0xbf][0xbd]"#f[0xef][0xbf][0xbd][0xef][0xbf][0xbd][0x14][0xef][0xbf][0xbd][0x8][0xef][0xbf][0xbd][0xe7][0xac][0x8d]h[0x17]1[0xef][0xbf][0xbd]P[0xef][0xbf][0xbd]bJ[0xef][0xbf][0xbd][0xef][0xbf][0xbd][0x1e]z[0xef][0xbf][0xbd][0xef][0xbf][0xbd][0xef][0xbf][0xbd]^[0xef][0xbf][0xbd]Ky[0xef][0xbf][0xbd][0xca][0x9d]_[0xef][0xbf][0xbd][0xef][0xbf][0xbd][\r][0xc4][0x86]q[0x1d]m[0xef][0xbf][0xbd][0x1b][0xef][0xbf][0xbd][0xef][0xbf][0xbd][0xef][0xbf][0xbd][0xec][0xbd][0xb1][0xef][0xbf][0xbd]X5[0xef][0xbf][0xbd][0xef][0xbf][0xbd]v![0xef][0xbf][0xbd][0xef][0xbf][0xbd]U[0xef][0xbf][0xbd][0xef][0xbf][0xbd][0xef][0xbf][0xbd]mG[0xef][0xbf][0xbd][0x3][0xef][0xbf][0xbd][0xef][0xbf][0xbd]3"[0xef][0xbf][0xbd]^[0xef][0xbf][0xbd] X1[0xef][0xbf][0xbd]=;[0xef][0xbf][0xbd]I[0xef][0xbf][0xbd][0xef][0xbf][0xbd]3[0xef][0xbf][0xbd][0xef][0xbf][0xbd]&#[0xef][0xbf][0xbd][0xf]L[0xef][0xbf][0xbd]n}[0x4][0xef][0xbf][0xbd][0xef][0xbf][0xbd][0xc5][0xb9]v[0xef][0xbf][0xbd][0xef][0xbf][0xbd][0xef][0xbf][0xbd][0xef][0xbf][0xbd][0xd9][0x94][0xef][0xbf][0xbd][0xef][0xbf][0xbd][0xef][0xbf][0xbd][0xef][0xbf][0xbd][0x11]5[0x12][0x1b][0xef][0xbf][0xbd]][0xef][0xbf][0xbd]{[0xef][0xbf][0xbd][0xef][0xbf][0xbd][0xef][0xbf][0xbd]Px[0x10]O[0xcc][0xac][0xef][0xbf][0xbd][0xef][0xbf][0xbd][0xc2][0x82]}I[0xef][0xbf][0xbd][0x11][0xef][0xbf][0xbd][\n]"
07:56:28.783 [main] DEBUG org.apache.http.wire -  >> "<![0xef][0xbf][0xbd][0x8][0xef][0xbf][0xbd][0xef][0xbf][0xbd][0x18][0xef][0xbf][0xbd]d([0xef][0xbf][0xbd][0xef][0xbf][0xbd][0xef][0xbf][0xbd]^#IL:[0xc4][0xb8]`[0xef][0xbf][0xbd][0xef][0xbf][0xbd]~[0xef][0xbf][0xbd][0xef][0xbf][0xbd][0xef][0xbf][0xbd]%[0xb][0xef][0xbf][0xbd][[0xef][0xbf][0xbd]G[0xef][0xbf][0xbd][0xef][0xbf][0xbd][0x7][0x19][0xef][0xbf][0xbd][0x0]XO[0xef][0xbf][0xbd][0xef][0xbf][0xbd]K{[0xef][0xbf][0xbd][0xdf][0xaf][0xef][0xbf][0xbd][0xef][0xbf][0xbd][0x6][0xef][0xbf][0xbd]@o[\n]"
07:56:28.783 [main] DEBUG org.apache.http.wire -  >> "[0x13][0x13][0x17][0xef][0xbf][0xbd][0x9]0[0xef][0xbf][0xbd][0xef][0xbf][0xbd]k[0x1c]L[0x19][0xef][0xbf][0xbd][0xef][0xbf][0xbd][0xef][0xbf][0xbd][0xef][0xbf][0xbd]'[0xef][0xbf][0xbd][0x1a][0xef][0xbf][0xbd]o[0x18][0xc8][0x8e]I[0x1f][0x7][0x13][0xef][0xbf][0xbd][0xef][0xbf][0xbd][0x17][0xef][0xbf][0xbd][0xdf][0x8e]![0xef][0xbf][0xbd][0xef][0xbf][0xbd][0xef][0xbf][0xbd][0x7][0xef][0xbf][0xbd][0xef][0xbf][0xbd][0xef][0xbf][0xbd][0xef][0xbf][0xbd][0xef][0xbf][0xbd][0xef][0xbf][0xbd][0xef][0xbf][0xbd][0x4]d[0xef][0xbf][0xbd][0x17]5 [0x12]$[0xef][0xbf][0xbd][0xef][0xbf][0xbd][0xef][0xbf][0xbd][0x1b][0xef][0xbf][0xbd]j[0x10]8[0xef][0xbf][0xbd][0xb][0xef][0xbf][0xbd][0xef][0xbf][0xbd]AF[0xef][0xbf][0xbd]4[0xef][0xbf][0xbd]}4fk[0xef][0xbf][0xbd]P[0xef][0xbf][0xbd]>z[0xef][0xbf][0xbd][0xef][0xbf][0xbd][0xc][0xef][0xbf][0xbd][0xef][0xbf][0xbd]w[0xef][0xbf][0xbd][0xef][0xbf][0xbd]u[0xef][0xbf][0xbd][0x14][0xef][0xbf][0xbd]![0xef][0xbf][0xbd][0xef][0xbf][0xbd]\^E[0xef][0xbf][0xbd]J[0xef][0xbf][0xbd];[0xef][0xbf][0xbd][0xef][0xbf][0xbd][0xef][0xbf][0xbd]lq[0xef][0xbf][0xbd]c[0xef][0xbf][0xbd]u[0xef][0xbf][0xbd]%[0xdc][0x81]S[0xef][0xbf][0xbd][0x3][0xef][0xbf][0xbd]0[0xef][0xbf][0xbd]}[0xef][0xbf][0xbd]o[0xef][0xbf][0xbd]n[0xef][0xbf][0xbd][0xef][0xbf][0xbd][0x12],[0xeb][0xb8][0x8e][0xef][0xbf][0xbd]9x\][0xef][0xbf][0xbd])[0xc4][0x90][0xef][0xbf][0xbd][0xef][0xbf][0xbd]V[0xef][0xbf][0xbd][0xef][0xbf][0xbd][0xef][0xbf][0xbd][0x2]I[0xef][0xbf][0xbd]g[\n]"
07:56:28.784 [main] DEBUG org.apache.http.wire -  >> "[0xd9][0x88][0xef][0xbf][0xbd][0xef][0xbf][0xbd][0xef][0xbf][0xbd]:]{[0xef][0xbf][0xbd]!:[0x1a][0xef][0xbf][0xbd][0xef][0xbf][0xbd][0x10][0xef][0xbf][0xbd][\r][0xef][0xbf][0xbd]N[0xef][0xbf][0xbd][0xef][0xbf][0xbd][0xef][0xbf][0xbd]2[0xef][0xbf][0xbd][0xef][0xbf][0xbd][0xef][0xbf][0xbd]!>$[0xef][0xbf][0xbd]d6[0xc][0xef][0xbf][0xbd]g[0x18][0xef][0xbf][0xbd]^[0xef][0xbf][0xbd]E[0xc][0x3][0xef][0xbf][0xbd]1W[0x1d][0xef][0xbf][0xbd]`K[0xef][0xbf][0xbd]5P[0xef][0xbf][0xbd][0xc4][0x89][0xef][0xbf][0xbd][0x3][0xef][0xbf][0xbd][0xef][0xbf][0xbd][0x1e][0xef][0xbf][0xbd]11!*![0xef][0xbf][0xbd][0x10][0xef][0xbf][0xbd]ciE[0xef][0xbf][0xbd][0xef][0xbf][0xbd][0xf][0xef][0xbf][0xbd][0xef][0xbf][0xbd][0xef][0xbf][0xbd][0xef][0xbf][0xbd][0xef][0xbf][0xbd][0xef][0xbf][0xbd][0xef][0xbf][0xbd][0xef][0xbf][0xbd][0xef][0xbf][0xbd]8[0xef][0xbf][0xbd][0xef][0xbf][0xbd]q2[0xef][0xbf][0xbd][0xef][0xbf][0xbd][0x1b][0xef][0xbf][0xbd][0xef][0xbf][0xbd][0xdc][0x96]![0x1f][0xef][0xbf][0xbd]_[0xef][0xbf][0xbd][0xef][0xbf][0xbd]j{[0xef][0xbf][0xbd][0xef][0xbf][0xbd][0xef][0xbf][0xbd]u[0x4][0xef][0xbf][0xbd][0xef][0xbf][0xbd][\r][0xef][0xbf][0xbd][0x4][0x1c][0xb][0xd4][0xae]d#q[0xef][0xbf][0xbd][0xef][0xbf][0xbd][0xef][0xbf][0xbd]x[0xef][0xbf][0xbd][0xef][0xbf][0xbd]F[0xef][0xbf][0xbd]}8[0x1][0x17][0xef][0xbf][0xbd]W[0xef][0xbf][0xbd][0x19]2[0xef][0xbf][0xbd][0xef][0xbf][0xbd]d[0xef][0xbf][0xbd][0xef][0xbf][0xbd][0xef][0xbf][0xbd][0xef][0xbf][0xbd][0xef][0xbf][0xbd]p)[0xef][0xbf][0xbd]n}\'[0xef][0xbf][0xbd]w'^[0xef][0xbf][0xbd][0xef][0xbf][0xbd][0x18][0xef][0xbf][0xbd]v[0xef][0xbf][0xbd]n[0xef][0xbf][0xbd]Q<[0xef][0xbf][0xbd]o~f[0x1][0x10]T[0xef][0xbf][0xbd]3[0xef][0xbf][0xbd][0xef][0xbf][0xbd]q[0xef][0xbf][0xbd][0xef][0xbf][0xbd]VfRX[[0x1c]r[0xef][0xbf][0xbd][0x19]k[0xef][0xbf][0xbd]|[0xef][0xbf][0xbd][0xef][0xbf][0xbd][0xef][0xbf][0xbd][0xef][0xbf][0xbd]:s[0xef][0xbf][0xbd]+tD[0xef][0xbf][0xbd][0x1d]cmAq[0x13][0xef][0xbf][0xbd][0xef][0xbf][0xbd][0xef][0xbf][0xbd][0xef][0xbf][0xbd]N[0x8][0xef][0xbf][0xbd]W[0xef][0xbf][0xbd][0x10][0x1]0[0xef][0xbf][0xbd],[0x1e][0xef][0xbf][0xbd][0xef][0xbf][0xbd][0xef][0xbf][0xbd]w*[0xef][0xbf][0xbd]2[0xe5][0x98][0x91]x[0xef][0xbf][0xbd][0xef][0xbf][0xbd]>m[0xef][0xbf][0xbd][0xef][0xbf][0xbd][0xef][0xbf][0xbd][0xef][0xbf][0xbd]:[0xef][0xbf][0xbd][0xef][0xbf][0xbd][0xef][0xbf][0xbd][0xde][0x90][0xef][0xbf][0xbd]Z[0xef][0x9f][0xb5][0x6][\n]"
07:56:28.784 [main] DEBUG org.apache.http.wire -  >> ",[0xef][0xbf][0xbd][0xc2][0xaa][0xef][0xbf][0xbd]=[0xef][0xbf][0xbd]SMXqP8[0xef][0xbf][0xbd][0xef][0xbf][0xbd]&w[0xef][0xbf][0xbd][0xdb][0xb0]j[0xef][0xbf][0xbd]R`[0x15][0xef][0xbf][0xbd][0xef][0xbf][0xbd]`[0xef][0xbf][0xbd][0xef][0xbf][0xbd]G[0x1a]H[0xef][0xbf][0xbd]y8[0xef][0xbf][0xbd][0x0][0x17]4t[0xef][0xbf][0xbd]1,[0xef][0xbf][0xbd][0xef][0xbf][0xbd]b;c[0x12][0xef][0xbf][0xbd]x+9>[0x0][0x12][0xef][0xbf][0xbd][0xef][0xbf][0xbd]n[0xef][0xbf][0xbd][0xef][0xbf][0xbd]a[0xc4][0x9d][0xef][0xbf][0xbd]S-V[0xef][0xbf][0xbd]qau[0xef][0xbf][0xbd][0xef][0xbf][0xbd][0xef][0xbf][0xbd][0xef][0xbf][0xbd]J[0xef][0xbf][0xbd]Wa[0xef][0xbf][0xbd]3[0xef][0xbf][0xbd]5[0xef][0xbf][0xbd]g[0x15][0xef][0xbf][0xbd]H[0xef][0xbf][0xbd][0xef][0xbf][0xbd]1[0x18]H[0xef][0xbf][0xbd][0xef][0xbf][0xbd][0x7][0x7][0xef][0xbf][0xbd][0x1f][0xcb][0xbd][0xd0][0xb8]01[0xef][0xbf][0xbd]>[0xef][0xbf][0xbd]9[0x1e][0xe][0x9][0x5][0xef][0xbf][0xbd][\r]Q[+[0xef][0xbf][0xbd][0xef][0xbf][0xbd][0x1c]l'{[0xef][0xbf][0xbd][0xe]+[0xef][0xbf][0xbd]]w[0xef][0xbf][0xbd][0xef][0xbf][0xbd][0xef][0xbf][0xbd]u[0x2]D[0xef][0xbf][0xbd]Eq[0xef][0xbf][0xbd][0xef][0xbf][0xbd]97[0xef][0xbf][0xbd]7[0xef][0xbf][0xbd]0[0x16][0xef][0xbf][0xbd]`[0xef][0xbf][0xbd]=[0xef][0xbf][0xbd]+Y[0xef][0xbf][0xbd][0xef][0xbf][0xbd]W1JW* [0xef][0xbf][0xbd][0xef][0xbf][0xbd][0xef][0xbf][0xbd]~[0x16][0xef][0xbf][0xbd]p_|5[0xef][0xbf][0xbd][0xef][0xbf][0xbd][0xef][0xbf][0xbd][0x1e][0xef][0xbf][0xbd][0xef][0xbf][0xbd]k[0xef][0xbf][0xbd][0xef][0xbf][0xbd][0xef][0xbf][0xbd][0xef][0xbf][0xbd][0xec][0x81][0xb2][0xef][0xbf][0xbd][0xef][0xbf][0xbd][0xef][0xbf][0xbd][0xef][0xbf][0xbd]qN[0xef][0xbf][0xbd][0x6]S#[0xef][0xbf][0xbd][0xef][0xbf][0xbd][0xef][0xbf][0xbd]B[0xc6][0x85]L[0xef][0xbf][0xbd][0xef][0xbf][0xbd][\n]"
07:56:28.792 [main] DEBUG org.apache.http.wire -  >> "[0xef][0xbf][0xbd]i[0xef][0xbf][0xbd]m_ai-[0xef][0xbf][0xbd][0xef][0xbf][0xbd][0xef][0xbf][0xbd]l[0xef][0xbf][0xbd][0xb]+[0xef][0xbf][0xbd]G[0xef][0xbf][0xbd][0xef][0xbf][0xbd][0xef][0xbf][0xbd][0xc8][0x8d]-[0xef][0xbf][0xbd]:2[0xef][0xbf][0xbd]-\[0xef][0xbf][0xbd][0xef][0xbf][0xbd]h,[0xef][0xbf][0xbd]n+[0xef][0xbf][0xbd][0x9][0xef][0xbf][0xbd][0xef][0xbf][0xbd][0x17][0x1a][0xef][0xbf][0xbd][0xef][0xbf][0xbd]-}t+^[0xef][0xbf][0xbd][0xef][0xbf][0xbd]^[0xef][0xbf][0xbd]o[0xef][0xbf][0xbd][0xef][0xbf][0xbd]s|{[0xef][0xbf][0xbd][0xef][0xbf][0xbd][0xef][0xbf][0xbd]G\[0x1c][0xef][0xbf][0xbd]Q^A[0xef][0xbf][0xbd]-[0xef][0xbf][0xbd][0xc4][0x89][0xef][0xbf][0xbd][0xef][0xbf][0xbd]:[0xdb][0x90]Th[0x3][0xef][0xbf][0xbd]4M[0xef][0xbf][0xbd][0x15]l[0xef][0xbf][0xbd][0xef][0xbf][0xbd]333?q[0xef][0xbf][0xbd][0xef][0xbf][0xbd]/[0xef][0xbf][0xbd][0xef][0xbf][0xbd][0xef][0xbf][0xbd][0xe][0xef][0xbf][0xbd]HrP[iy[0xef][0xbf][0xbd][0xef][0xbf][0xbd]&p[0xef][0xbf][0xbd][0xef][0xbf][0xbd].[0xef][0xbf][0xbd]&_[0xef][0xbf][0xbd][0xef][0xbf][0xbd]c[0xf]w[0xef][0xbf][0xbd]3[0xef][0xbf][0xbd]ff[0xea][0x95][0x8b][0xef][0xbf][0xbd][0xef][0xbf][0xbd][0xef][0xbf][0xbd]f[[0xef][0xbf][0xbd];[0xef][0xbf][0xbd]c[0x4][0xef][0xbf][0xbd]M{[0xef][0xbf][0xbd]dLo([0xef][0xbf][0xbd][0xef][0xbf][0xbd][0x10]9[0xef][0xbf][0xbd]a[0xef][0xbf][0xbd][0x5]T|[0xef][0xbf][0xbd]\[0xef][0xbf][0xbd]\[0x7][0xef][0xbf][0xbd][0xef][0xbf][0xbd][0xef][0xbf][0xbd]teEa[0xef][0xbf][0xbd]yM[0xef][0xbf][0xbd]1<]S#[0xef][0xbf][0xbd][0xef][0xbf][0xbd]S[0x0][0xef][0xbf][0xbd]r[0x13]x[0xcf][0xa1]I[0xef][0xbf][0xbd][0xef][0xbf][0xbd][0xdc][0x88][0xef][0xbf][0xbd]ST[0xef][0xbf][0xbd][0x3]a/[0xef][0xbf][0xbd][0xef][0xbf][0xbd][0xef][0xbf][0xbd]S[0x4]p[0xef][0xbf][0xbd]R$[0xef][0xbf][0xbd][0xef][0xbf][0xbd][0xef][0xbf][0xbd][0xef][0xbf][0xbd]CO[0xef][0xbf][0xbd][0x10][0xef][0xbf][0xbd][0x6][0xef][0xbf][0xbd][0x1]$q[0xef][0xbf][0xbd][0xcf][0x89][0xef][0xbf][0xbd][0xef][0xbf][0xbd][0xef][0xbf][0xbd]u[0x12]R[0x19][0xef][0xbf][0xbd][0xef][0xbf][0xbd][0xdf][0xab]@,[0xef][0xbf][0xbd]t[0xef][0xbf][0xbd]h[0x1e][0xef][0xbf][0xbd][0xef][0xbf][0xbd]X[0xef][0xbf][0xbd][0xef][0xbf][0xbd][0x17][0xef][0xbf][0xbd][0xef][0xbf][0xbd]][0x1e][0xef][0xbf][0xbd]kZ[0xef][0xbf][0xbd][0xef][0xbf][0xbd]iuw[0xef][0xbf][0xbd][0x1e][0xcb][0xbd]M[0xef][0xbf][0xbd][0xef][0xbf][0xbd][0xc2][0x89][0xef][0xbf][0xbd][0xef][0xbf][0xbd]K[0x9]4A[0x11][0xef][0xbf][0xbd]V:t[0xef][0xbf][0xbd][0xef][0xbf][0xbd]9[0xef][0xbf][0xbd][0xef][0xbf][0xbd]y[0xef][0xbf][0xbd]n*[0x8]u[0xef][0xbf][0xbd][0xef][0xbf][0xbd][0x6][0xef][0xbf][0xbd][0xef][0xbf][0xbd]D[0xef][0xbf][0xbd]h[0xef][0xbf][0xbd][0xe5][0xb5][0x99][0xef][0xbf][0xbd][0x6]Q0[0xef][0xbf][0xbd]z[0xef][0xbf][0xbd][0xc][0xef][0xbf][0xbd]8[0xef][0xbf][0xbd][0xef][0xbf][0xbd][0xef][0xbf][0xbd][0x16]y[0xef][0xbf][0xbd][0xef][0xbf][0xbd]O[0xef][0xbf][0xbd][0xef][0xbf][0xbd][0xef][0xbf][0xbd]%[0xef][0xbf][0xbd]|[0xef][0xbf][0xbd][0xef][0xbf][0xbd][0xef][0xbf][0xbd][0xd4][0xa7][0xef][0xbf][0xbd][0x7][0xef][0xbf][0xbd][0x17][0xef][0xbf][0xbd][0xef][0xbf][0xbd]us[0x17][0x16][0xef][0xbf][0xbd][0xef][0xbf][0xbd]V[0xef][0xbf][0xbd][0xef][0xbf][0xbd][0xef][0xbf][0xbd][0xef][0xbf][0xbd][0xef][0xbf][0xbd]jZ[0xef][0xbf][0xbd]C[0xef][0xbf][0xbd][0xef][0xbf][0xbd][0xb][0xef][0xbf][0xbd][0x18][0xd7][0x9c]ne[0xef][0xbf][0xbd][0xef][0xbf][0xbd][\r][0xef][0xbf][0xbd][0x0]([0xef][0xbf][0xbd]D+[0xef][0xbf][0xbd][0xef][0xbf][0xbd][0x4][0x7][0xef][0xbf][0xbd]_5E6[0xef][0xbf][0xbd][0xef][0xbf][0xbd][0xef][0xbf][0xbd][0xd9][0xba][0xd7][0x85][0xef][0xbf][0xbd][0xef][0xbf][0xbd]I^F[0x1]n[0xde][0xa7][\r][0xef][0xbf][0xbd]Z[0xef][0xbf][0xbd][0xcc][0x80][0xef][0xbf][0xbd][0xd1][0xb5][0xef][0xbf][0xbd]U[0xe6][0x90][0xaa]>[0xe7][0xa4][0x81]Q[0xef][0xbf][0xbd][0xef][0xbf][0xbd][0xef][0xbf][0xbd][0xef][0xbf][0xbd][0xef][0xbf][0xbd][0xef][0xbf][0xbd][0xef][0xbf][0xbd]Z[0xef][0xbf][0xbd][0x0][0xda][0xbf][0xef][0xbf][0xbd][0xdc][0xa9][0x5][0x12][0xef][0xbf][0xbd]G[0xef][0xbf][0xbd]%[0x18]w[0xef][0xbf][0xbd][0x1a][0xef][0xbf][0xbd]~[0xef][0xbf][0xbd][0xef][0xbf][0xbd]r[0xef][0xbf][0xbd][0x0][0x1c][0xef][0xbf][0xbd]<vzJj)[0xef][0xbf][0xbd][0xef][0xbf][0xbd][0xef][0xbf][0xbd]Q[0xef][0xbf][0xbd][0xf][0xef][0xbf][0xbd][0xef][0xbf][0xbd]LK'H![0xef][0xbf][0xbd][0x1e][0xef][0xbf][0xbd][0x1b][0xef][0xbf][0xbd][0xef][0xbf][0xbd][0xef][0xbf][0xbd]%k[0xef][0xbf][0xbd]B|[0xef][0xbf][0xbd][0xef][0xbf][0xbd][0xef][0xbf][0xbd]2w[0x8].'[0xef][0xbf][0xbd][0xef][0xbf][0xbd][0xef][0xbf][0xbd]:[0xef][0xbf][0xbd][0xef][0xbf][0xbd][0x0][0xef][0xbf][0xbd][0xef][0xbf][0xbd]H][0xef][0xbf][0xbd][0xef][0xbf][0xbd]b[0xef][0xbf][0xbd][0xef][0xbf][0xbd][0xcc][0xbd]5[\r]qr[0xef][0xbf][0xbd][0x1c]@[0xd6][0xb1]}[0xef][0xbf][0xbd][0xef][0xbf][0xbd]vM[0xcb][0x9f][0x18][0xef][0xbf][0xbd]~[0xef][0xbf][0xbd][0xef][0xbf][0xbd][0xef][0xbf][0xbd][0x9][0xef][0xbf][0xbd][\n]"
07:56:28.792 [main] DEBUG org.apache.http.wire -  >> "[0xef][0xbf][0xbd][0x1b]>lP[0xef][0xbf][0xbd]*[0x0][0x1][0x0]W[0xef][0xbf][0xbd][0xef][0xbf][0xbd]CO[0xef][0xbf][0xbd][0xef][0xbf][0xbd][0xef][0xbf][0xbd]S)EW[0x1c]V[0xd4][0xaa][0xef][0xbf][0xbd]P[0xef][0xbf][0xbd][0xef][0xbf][0xbd][0xef][0xbf][0xbd][\r][0xef][0xbf][0xbd]%[0xef][0xbf][0xbd]m[0xef][0xbf][0xbd][0xc6][0xba][0xc9][0xac][0xef][0xbf][0xbd]4[0xef][0xbf][0xbd][0x2][0x1]v[0xef][0xbf][0xbd][0xef][0xbf][0xbd][0xef][0xbf][0xbd]I[0x4][0xef][0xbf][0xbd]E[0xef][0xbf][0xbd]qD[0xef][0xbf][0xbd][0x1f][0xef][0xbf][0xbd][0xef][0xbf][0xbd][0xdc][0xbf][0xef][0xbf][0xbd]%A[0xef][0xbf][0xbd][0xef][0xbf][0xbd][0x9]b~[0xef][0xbf][0xbd][0xef][0xbf][0xbd]}[0xe8][0xbe][0xa4][0xef][0xbf][0xbd][0xef][0xbf][0xbd]|[\r][0x13]U[0xef][0xbf][0xbd][0xef][0xbf][0xbd][0xc]`'[0xef][0xbf][0xbd][0x0][0xef][0xbf][0xbd]x[\r]M[0x15][0xef][0xbf][0xbd]B[0x1f]F5[0xef][0xbf][0xbd][0x4][0xef][0xbf][0xbd][0xef][0xbf][0xbd][0xef][0xbf][0xbd]H[0x16]V[0xef][0xbf][0xbd]v[0xef][0xbf][0xbd]]=[0x15]f[0xef][0xbf][0xbd]-[0xef][0xbf][0xbd][0xef][0xbf][0xbd][0xef][0xbf][0xbd](o[0xef][0xbf][0xbd]][0xef][0xbf][0xbd]Nj[0xef][0xbf][0xbd]1!#N[0xef][0xbf][0xbd]d[0x10][0xef][0xbf][0xbd][0xef][0xbf][0xbd][0xef][0xbf][0xbd][0xef][0xbf][0xbd]r[0xef][0xbf][0xbd]Z[0xef][0xbf][0xbd]=[0xef][0xbf][0xbd][0xef][0xbf][0xbd][0xef][0xbf][0xbd]*{[0x17]p[0xef][0xbf][0xbd]b/[0xef][0xbf][0xbd][0x15]yZs[0xef][0xbf][0xbd][0xef][0xbf][0xbd][0xc8][0xbf][0xef][0xbf][0xbd][0xef][0xbf][0xbd][0xef][0xbf][0xbd][0xef][0xbf][0xbd][0xef][0xbf][0xbd]dq[0xef][0xbf][0xbd][0x3][0xef][0xbf][0xbd][\r]Kg[0xef][0xbf][0xbd]M[0x1b] A[0xef][0xbf][0xbd][0xef][0xbf][0xbd][0xef][0xbf][0xbd][0xef][0xbf][0xbd][0xef][0xbf][0xbd]A[0xef][0xbf][0xbd][0x12]l[0xef][0xbf][0xbd]K[0xef][0xbf][0xbd]J>:{[0x14][0xef][0xbf][0xbd]2:N[0xef][0xbf][0xbd]q[0xef][0xbf][0xbd]eC[0xf][0xef][0xbf][0xbd]([0xef][0xbf][0xbd]3[0xef][0xbf][0xbd]N[0xef][0xbf][0xbd]V[0xef][0xbf][0xbd][0xef][0xbf][0xbd][0xef][0xbf][0xbd]5r[0x1e]mi[0xef][0xbf][0xbd][0xef][0xbf][0xbd][0xef][0xbf][0xbd][0xef][0xbf][0xbd]J t>[0x17]v[0xef][0xbf][0xbd][0xef][0xbf][0xbd]h[0xef][0xbf][0xbd][0xc6][0xbe][0xef][0xbf][0xbd][0xef][0xbf][0xbd]'[0xec][0x9a][0x96][0xef][0xbf][0xbd]E[0xef][0xbf][0xbd][0x1e]f[0xef][0xbf][0xbd][0xef][0xbf][0xbd][0xef][0xbf][0xbd]D2[0xef][0xbf][0xbd][0xef][0xbf][0xbd][0xef][0xbf][0xbd]V[0xef][0xbf][0xbd][0xef][0xbf][0xbd]$[0xef][0xbf][0xbd][0xef][0xbf][0xbd][0xef][0xbf][0xbd][0x10][\r]x[0xef][0xbf][0xbd][0xef][0xbf][0xbd][0xef][0xbf][0xbd][0xef][0xbf][0xbd]h[0x1b][0xef][0xbf][0xbd]D=[[0x18]Y[0x7][0xef][0xbf][0xbd][0xef][0xbf][0xbd]a[0xd5][0xae]w[0x9]~[0xef][0xbf][0xbd][0xef][0xbf][0xbd]T[0x12][0xef][0xbf][0xbd][0x13][0x1d][0xef][0xbf][0xbd][0xef][0xbf][0xbd]6Km[0x1f][0xef][0xbf][0xbd]l[0xef][0xbf][0xbd]z[0xef][0xbf][0xbd][0xef][0xbf][0xbd]e[0xef][0xbf][0xbd][0xef][0xbf][0xbd]|[0xef][0xbf][0xbd]G[0x1e][0xef][0xbf][0xbd]Ky[0xef][0xbf][0xbd][0xef][0xbf][0xbd][0x11][0xef][0xbf][0xbd][0xef][0xbf][0xbd]G&[0xef][0xbf][0xbd][0xef][0xbf][0xbd][u [0x19][0xef][0xbf][0xbd]O[0xef][0xbf][0xbd][0xef][0xbf][0xbd][0x1d][0xca][0xbf]Tk)V[0x12][0xef][0xbf][0xbd]`p[0xef][0xbf][0xbd][0xef][0xbf][0xbd][0x1a][0xef][0xbf][0xbd][0xde][0xa0]~l[\r][0xc9][0x84][0xef][0xbf][0xbd][0xef][0xbf][0xbd]?[0x1b][0xef][0xbf][0xbd][0xef][0xbf][0xbd]n[0xef][0xbf][0xbd]9[0xef][0xbf][0xbd]af6[0xef][0xbf][0xbd][0x7][0xef][0xbf][0xbd][0xef][0xbf][0xbd][0xef][0xbf][0xbd][0xef][0xbf][0xbd]8[0xf][0xef][0xbf][0xbd]([0xef][0xbf][0xbd]FK[0xef][0xbf][0xbd][0xef][0xbf][0xbd]d[0xe5][0xaa][0xa2][0xef][0xbf][0xbd]>[0xef][0xbf][0xbd][0xef][0xbf][0xbd][0xe7][0xb9][0x9c][0xef][0xbf][0xbd]}[0xef][0xbf][0xbd][0xef][0xbf][0xbd][0xef][0xbf][0xbd][0xef][0xbf][0xbd][0xc]f[0xef][0xbf][0xbd][0x0]b6Ui[0x3][0xef][0xbf][0xbd][0xef][0xbf][0xbd][0xef][0xbf][0xbd]1[0x1f]Q[0xef][0xbf][0xbd][0x1]A[0xd6][0x8a]p![0xef][0xbf][0xbd][0x8][0x3][0x10][0xef][0xbf][0xbd][[0xef][0xbf][0xbd][0x18][0xef][0xbf][0xbd][0xef][0xbf][0xbd]U[0xef][0xbf][0xbd]C}[0xef][0xbf][0xbd][0xef][0xbf][0xbd]`[0xef][0xbf][0xbd][0xef][0xbf][0xbd]"[0x18]W[0xef][0xbf][0xbd][0xef][0xbf][0xbd]eB[0xef][0xbf][0xbd]S^}[0xef][0xbf][0xbd]B[0xde][0xb3]o7`[0xef][0xbf][0xbd]#[0xef][0xbf][0xbd]_[0xef][0xbf][0xbd]U[0xef][0xbf][0xbd]V\[0xef][0xbf][0xbd][\r][0xef][0xbf][0xbd][0xef][0xbf][0xbd][0xef][0xbf][0xbd][0x1e]3U[0xef][0xbf][0xbd][0x11]Xe[0xef][0xbf][0xbd]tl[0xef][0xbf][0xbd][0x1c][0xef][0xbf][0xbd][0xef][0xbf][0xbd][0xef][0xbf][0xbd][0x13][0xef][0xbf][0xbd]{[0xef][0xbf][0xbd][0xef][0xbf][0xbd][0xef][0xbf][0xbd][0xef][0xbf][0xbd][0xef][0xbf][0xbd][0xc2][0x90]x[0xef][0xbf][0xbd]<R[0x0]0[0xef][0xbf][0xbd]f[0xef][0xbf][0xbd][0xef][0xbf][0xbd]g[0xef][0xbf][0xbd][\[0xef][0xbf][0xbd][0xef][0xbf][0xbd]'[0xef][0xbf][0xbd]w[0xef][0xbf][0xbd][0xef][0xbf][0xbd]Qp[0xef][0xbf][0xbd]s[0xef][0xbf][0xbd][0xef][0xbf][0xbd]{[0xef][0xbf][0xbd][0xef][0xbf][0xbd]][0xef][0xbf][0xbd][0xef][0xbf][0xbd][0x0][0xef][0xbf][0xbd][0xb][0xef][0xbf][0xbd][0xef][0xbf][0xbd]O:[0xde][0xbf][0x18][0xef][0xbf][0xbd][0x1f][0xef][0xbf][0xbd][0xef][0xbf][0xbd][0xef][0xbf][0xbd][0xef][0xbf][0xbd][0xef][0xbf][0xbd]-[0xef][0xbf][0xbd][0xef][0xbf][0xbd]B[0xef][0xbf][0xbd],<[0x17]b[0xef][0xbf][0xbd][0x10]0[0x5]Q[0x10][0x3][0xef][0xbf][0xbd][0xef][0xbf][0xbd]Z[0xef][0xbf][0xbd][0xc3][0x92][0x1d][0x17]1[0xef][0xbf][0xbd][0xef][0xbf][0xbd][0xef][0xbf][0xbd]{~L[0xef][0xbf][0xbd][0xef][0xbf][0xbd]Pt[0xef][0xbf][0xbd][0xcf][0x9d][0x1a][0x1]V[0x11][0xef][0xbf][0xbd]/[\n]"
07:56:28.793 [main] DEBUG org.apache.http.wire -  >> "/[0xef][0xbf][0xbd]z[0xef][0xbf][0xbd][0xef][0xbf][0xbd][0xef][0xbf][0xbd]lecb[0xc7][0x98][0xd8][0x97][0xef][0xbf][0xbd] &J(Ja[0xef][0xbf][0xbd]V[0xef][0xbf][0xbd]"[0xef][0xbf][0xbd][0xef][0xbf][0xbd](TJ0j[0xef][0xbf][0xbd][0x5][0xd6][0x8c]h[0xf]qyE[0xdf][0x97][0xef][0xbf][0xbd]q/{z[0xb]LO[0xdb][0xb0][0xef][0xbf][0xbd][0x1d]z4[0xef][0xbf][0xbd][0xef][0xbf][0xbd]6[0x19][0x0][0xef][0xbf][0xbd][0xd2][0x97][0xef][0xbf][0xbd]>_\@~[0xef][0xbf][0xbd]j[0xef][0xbf][0xbd]>[0xef][0xbf][0xbd][0xef][0xbf][0xbd][0xef][0xbf][0xbd]:[0xc][0xef][0xbf][0xbd][J[0xef][0xbf][0xbd]78[0xef][0xbf][0xbd]@[0xef][0xbf][0xbd]S[0x1f][0xef][0xbf][0xbd][0xef][0xbf][0xbd][0xef][0xbf][0xbd][0x12]C[0xef][0xbf][0xbd][0x1a].[0xef][0xbf][0xbd][0x12]+I:[0xdc][0x84]c2 [0x18][0xef][0xbf][0xbd][0xef][0xbf][0xbd]%6[0xef][0xbf][0xbd]P[0xef][0xbf][0xbd]&[0xef][0xbf][0xbd][0xef][0xbf][0xbd]X[0x13][0xef][0xbf][0xbd][0xef][0xbf][0xbd][0xef][0xbf][0xbd]3#Q[0xef][0xbf][0xbd]C[0x6][0xef][0xbf][0xbd][0xef][0xbf][0xbd]y;[0xef][0xbf][0xbd]3[0xef][0xbf][0xbd][0xef][0xbf][0xbd]pn[\n]"
07:56:28.793 [main] DEBUG org.apache.http.wire -  >> "[0xd2][0x8e]u[0xef][0xae][0x90][0xef][0xbf][0xbd]lt[0xef][0xbf][0xbd][0xef][0xbf][0xbd]D[0xef][0xbf][0xbd][0xef][0xbf][0xbd]@[0xef][0xbf][0xbd][0xef][0xbf][0xbd]\Y[0xef][0xbf][0xbd][0xef][0xbf][0xbd]{[[0x6][0xef][0xbf][0xbd]X[0x15][0xd3][0x9d]k/Y[0xef][0xbf][0xbd]JU7[0xef][0xbf][0xbd][0xef][0xbf][0xbd]>[\r]}[0xef][0xbf][0xbd][0xf]q[0xef][0xbf][0xbd]A[0xef][0xbf][0xbd]:Q[0xef][0xbf][0xbd][0xef][0xbf][0xbd]4[0x1d][0xef][0xbf][0xbd][0xef][0xbf][0xbd]a[0xef][0xbf][0xbd][0xdf][0xad][0xef][0xbf][0xbd]C[0xef][0xbf][0xbd][0xd2][0xae]qyY[0xef][0xbf][0xbd]lK[0xc5][0xb7][0xef][0xbf][0xbd][0xef][0xbf][0xbd].[0x8]L[0xef][0xbf][0xbd]%Y[0xef][0xbf][0xbd]E-[0xef][0xbf][0xbd][0xef][0xbf][0xbd][0xef][0xbf][0xbd][0xef][0xbf][0xbd][0xc6][0xaf]c[0xc8][0x8a][0xef][0xbf][0xbd][0xef][0xbf][0xbd][0xef][0xbf][0xbd]c1[0xef][0xbf][0xbd]<[0xef][0xbf][0xbd][0x6]`[0xef][0xbf][0xbd][0xef][0xbf][0xbd]O[0xef][0xbf][0xbd][0xef][0xbf][0xbd]F8YgM[0x0][0xef][0xbf][0xbd][0xef][0xbf][0xbd]}[0xef][0xbf][0xbd]8[0xef][0xbf][0xbd][0xef][0xbf]"
07:56:28.793 [main] DEBUG org.apache.http.wire -  >> "[0xbd][0xef][0xbf][0xbd]a}[0xc3][0xbf][0xef][0xbf][0xbd]l[0xef][0xbf][0xbd][0xef][0xbf][0xbd][0xb][0xef][0xbf][0xbd][0x17][0xef][0xbf][0xbd][0xef][0xbf][0xbd][0xef][0xbf][0xbd]R[0x0]bv`b[0xef][0xbf][0xbd][0xef][0xbf][0xbd][0xef][0xbf][0xbd][0xdb][0xab][0xef][0xbf][0xbd][0xef][0xbf][0xbd]-[0xef][0xbf][0xbd][0xd6][0xb1]"[0xef][0xbf][0xbd][0xef][0xbf][0xbd][0xef][0xbf][0xbd])[0xef][0xbf][0xbd]w[0xef][0xbf][0xbd][0xef][0xbf][0xbd][0xef][0xbf][0xbd]Qt][0x15][0xef][0xbf][0xbd]1[0x18][0xef][0xbf][0xbd][0xef][0xbf][0xbd]d[0xef][0xbf][0xbd]EW[0xef][0xbf][0xbd]p[0xef][0xbf][0xbd]B[0xef][0xbf][0xbd]D:[0xef][0xbf][0xbd]#.[0x19][0xef][0xbf][0xbd][0xef][0xbf][0xbd][0xef][0xbf][0xbd]N[0x1b][0xef][0xbf][0xbd][0xef][0xbf][0xbd][0xef][0xbf][0xbd]$[0x1][0xef][0xbf][0xbd]T[0xef][0xbf][0xbd]M[0xef][0xbf][0xbd][0x1c]n[0xef][0xbf][0xbd][0x2][0x12][0xef][0xbf][0xbd]%p[0xef][0xbf][0xbd][0x6][0x1b][0xef][0xbf][0xbd][0xcf][0xb0]_sB[0xef][0xbf][0xbd][0xef][0xbf][0xbd][0xef][0xbf][0xbd][0xef][0xbf][0xbd][0xef][0xbf][0xbd][0xcd][0xb0][0xef][0xbf][0xbd][0xef][0xbf][0xbd][0xef][0xbf][0xbd]6Th[0xef][0xbf][0xbd][0xef][0xbf][0xbd]UM5[0xef][0xbf][0xbd][0xef][0xbf][0xbd]`M[0xef][0xbf][0xbd]<[0xe6][0x9c][0xa6][0xef][0xbf][0xbd][0xef][0xbf][0xbd][0x9][0x1c]u%&[0xef][0xbf][0xbd][0xef][0xbf][0xbd]T[0xef][0xbf][0xbd]%[0xef][0xbf][0xbd]&b[0xef][0xbf][0xbd]Pu[0xef][0xbf][0xbd][0xef][0xbf][0xbd][0xef][0xbf][0xbd][0xef][0xbf][0xbd]h[0xc8][0xaf][0x0][0x11][0xef][0xbf][0xbd][0xef][0xbf][0xbd][0xef][0xbf][0xbd][\n]"
07:56:28.793 [main] DEBUG org.apache.http.wire -  >> "[0xef][0xbf][0xbd][0xef][0xbf][0xbd][0xef][0xbf][0xbd][0xef][0xbf][0xbd]^[\n]"
07:56:28.793 [main] DEBUG org.apache.http.wire -  >> "i|j%[0xef][0xbf][0xbd][0xef][0xbf][0xbd][0xc4][0x85][0x5]8[0x7][0xef][0xbf][0xbd]uH_[0xef][0xbf][0xbd][0xef][0xbf][0xbd]d[\r][0xef][0xbf][0xbd],[0x0][0xef][0xbf][0xbd]<[0xef][0xbf][0xbd]~e[0x19][0xef][0xbf][0xbd],[0x9]f}[0xef][0xbf][0xbd][0xef][0xbf][0xbd]![0xef][0xbf][0xbd]8{[0xef][0xbf][0xbd]Z[0xef][0xbf][0xbd]x![0xef][0xbf][0xbd][0xef][0xbf][0xbd][0xef][0xbf][0xbd][0x2]d[0xef][0xbf][0xbd]r[0xef][0xbf][0xbd][0xdd][0x87]mo_$[0x18][0xef][0xbf][0xbd][0xef][0xbf][0xbd][0xef][0xbf][0xbd]"[0xef][0xbf][0xbd][0xef][0xbf][0xbd][0x11][0xef][0xbf][0xbd][0xef][0xbf][0xbd]4[0xef][0xbf][0xbd]u[0x2]S[0xef][0xbf][0xbd]CG[0xb]{[0xef][0xbf][0xbd]&[0xef][0xbf][0xbd][0xef][0xbf][0xbd]u[0xef][0xbf][0xbd][0xef][0xbf][0xbd]PE[0xef][0xbf][0xbd]+[0xef][0xbf][0xbd][0xef][0xbf][0xbd][0xef][0xbf][0xbd][0xef][0xbf][0xbd]A[0xef][0xbf][0xbd][0xc][0xef][0xbf][0xbd][0x6][0xef][0xbf][0xbd][0xef][0xbf][0xbd]I(2qw[0xe]9_[0xc7][0x94][0xef][0xbf][0xbd][0xef][0xbf][0xbd][0xef][0xbf][0xbd]K[0xef][0xbf][0xbd][0xef][0xbf][0xbd][0xef][0xbf][0xbd]Q[0x12][0xc4][0x9e] [0xef][0xbf][0xbd][0xef][0xbf][0xbd][0xef][0xbf][0xbd][0xef][0xbf][0xbd][0xef][0xbf][0xbd]v[0xef][0xbf][0xbd]y[0xef][0xbf][0xbd][0x1a][0xef][0xbf][0xbd]7[0xef][0xbf][0xbd]Y[0xef][0xbf][0xbd][0xef][0xbf][0xbd]Q[0xef][0xbf][0xbd]@[0xef][0xbf][0xbd][2[0x11][0xcb][0x94]g[0xef][0xbf][0xbd]>@{[0xef][0xbf][0xbd]Ov>@[0xef][0xbf][0xbd]Tszz[0x15][0xef][0xbf][0xbd][0xef][0xbf][0xbd]jH[0x8]d[0xef][0xbf][0xbd][0xef][0xbf][0xbd][0xef][0xbf][0xbd][0xef][0xbf][0xbd][0xef][0xbf][0xbd][0xef][0xbf][0xbd][0xef][0xbf][0xbd] [0xef][0xbf][0xbd][0xef][0xbf][0xbd]$[0xef][0xbf][0xbd][0x11][0x5].[0xef][0xbf][0xbd][0xef][0xbf][0xbd][0x8]y[0xef][0xbf][0xbd]}o[0xef][0xbf][0xbd]n5[0xef][0xbf][0xbd][0xef][0xbf][0xbd][0xef][0xbf][0xbd][0xf])h[0xef][0xbf][0xbd][0xef][0xbf][0xbd][0xef][0xbf][0xbd]3Y#[0xef][0xbf][0xbd][0xef][0xbf][0xbd][0xef][0xbf][0xbd]H[0xef][0xbf][0xbd][0xef][0xbf][0xbd]`Wp[0xef][0xbf][0xbd]*R;[0xc5][0xac]e[0x15][0xef][0xbf][0xbd][0xef][0xbf][0xbd][0xef][0xbf][0xbd][0xb]/[0x5][0xef][0xbf][0xbd][0xef][0xbf][0xbd]w z[0x15]l[0xef][0xbf][0xbd][0xca][0xbf]j[0xef][0xbf][0xbd][0xef][0xbf][0xbd]m[0xef][0xbf][0xbd][0xe][0xef][0xbf][0xbd][0xef][0xbf][0xbd][0xe]h[0xef][0xbf][0xbd]3*[0x1a]F%[\r][0x1][0xef][0xbf][0xbd]3[0xef][0xbf][0xbd]~p/[0xef][0xbf][0xbd]*[0xef][0xbf][0xbd]][0xef][0xbf][0xbd][0xef][0xbf][0xbd]uq[0xef][0xbf][0xbd][0xef][0xbf][0xbd]rQ[0xef][0xbf][0xbd][0xef][0xbf][0xbd][0xd9][0x9a]cL[0xef][0xbf][0xbd][0x1e][0xef][0xbf][0xbd]'\[0xef][0xbf][0xbd]Vl[0xef][0xbf][0xbd][0xef][0xbf][0xbd]~[0xef][0xbf][0xbd][0xef][0xbf][0xbd][0xef][0xbf][0xbd][0xef][0xbf][0xbd][0xef][0xbf][0xbd][0xef][0xbf][0xbd]qr[0x11][0x3][0xd4][0x8d][0xc]G[0x1a][0xef][0xbf][0xbd]i[0xef][0xbf][0xbd][0xef][0xbf][0xbd]U[0xed][0x9f][0xab][0xef][0xbf][0xbd][0xef][0xbf][0xbd][0xef][0xbf][0xbd]q[0xe7][0x87][0xbe][0xef][0xbf][0xbd][0xef][0xbf][0xbd]v[0xef][0xbf][0xbd][0xef][0xbf][0xbd][0xef][0xbf][0xbd][0x6]dGVvX[0xef][0xbf][0xbd]4[0x6]y4[0x2][0xef][0xbf][0xbd]Z[0xef][0xbf][0xbd][0xef][0xbf][0xbd]LJ[0x1c]k[0xef][0xbf][0xbd]oW[0xef][0xbf][0xbd][0x2]eE[0xef][0xbf][0xbd][0x12][0x1e][0xef][0xbf][0xbd][0xef][0xbf][0xbd][0xef][0xbf][0xbd][0xef][0xbf][0xbd]b[0x7][0xdc][0x82][0xc][0xef][0xbf][0xbd][0xef][0xbf][0xbd]u[0xef][0xbf][0xbd]U[0xef][0xbf][0xbd][0x19][0xef][0xbf][0xbd][0x1b]Zo[0xef][0xbf][0xbd][0x4][0x12][0xef][0xbf][0xbd]zQ[0xef][0xbf][0xbd]8[0xef][0xbf][0xbd]v[0x7][0xef][0xbf][0xbd]=[0xef][0xbf][0xbd]^&[0xef][0xbf][0xbd][0xcb][0x9b]<[0xef][0xbf][0xbd][0xef][0xbf][0xbd]e[0xef][0xbf][0xbd][0xef][0xbf][0xbd][0x1d]A[0xef][0xbf][0xbd][0xef][0xbf][0xbd][0x1d][0x13]Sv[0xef][0xbf][0xbd][0xef][0xbf][0xbd][0xc8][0x9a][0xef][0xbf][0xbd]vq-[0xef][0xbf][0xbd][0xef][0xbf][0xbd][0xef][0xbf][0xbd]-[0x4]V@[0xef][0xbf][0xbd][0x5][0xef][0xbf][0xbd][0xef][0xbf][0xbd]C[0xef][0xbf][0xbd][0xef][0xbf][0xbd]n+[0xef][0xbf][0xbd]_7[0x1e][0xef][0xbf][0xbd][0xef][0xbf][0xbd][0x6][\n]"
07:56:28.794 [main] DEBUG org.apache.http.wire -  >> "AMbG#q[0x3][0xef][0xbf][0xbd]j[0xef][0xbf][0xbd][0xef][0xbf][0xbd]{[\n]"
07:56:28.794 [main] DEBUG org.apache.http.wire -  >> "[0x18]R[0xef][0xbf][0xbd];[0x7]3[0x18][0xef][0xbf][0xbd][0xef][0xbf][0xbd]R3[0xef][0xbf][0xbd]c[0xef][0xbf][0xbd][0xef][0xbf][0xbd]M[0x1a][0xef][0xbf][0xbd][0x13]6[0xef][0xbf][0xbd]Nk55I[0x5],s[0xef][0xbf][0xbd]r[0xef][0xbf][0xbd][0xef][0xbf][0xbd][0xef][0xbf][0xbd]2[0xef][0xbf][0xbd]~[0xef][0xbf][0xbd][[0xe][0xd9][0x8e][0xef][0xbf][0xbd][0x1a][0xef][0xbf][0xbd]&[0xef][0xbf][0xbd][0xef][0xbf][0xbd][0x1d][0xef][0xbf][0xbd][0x6][0xef][0xbf][0xbd][0xef][0xbf][0xbd][0xef][0xbf][0xbd]![0xef][0xbf][0xbd][0xef][0xbf][0xbd]A[0xef][0xbf][0xbd][0xef][0xbf][0xbd][0xef][0xbf][0xbd]rO*[0x1a]@[0xef][0xbf][0xbd][0xef][0xbf][0xbd][0xef][0xbf][0xbd]kN|[0xef][0xbf][0xbd][0xef][0xbf][0xbd][0xef][0xbf][0xbd][\n]"
07:56:28.794 [main] DEBUG org.apache.http.wire -  >> "]8:[0xef][0xbf][0xbd]S[0xef][0xbf][0xbd][0xef][0xbf][0xbd][0xef][0xbf][0xbd][0x1e][0xef][0xbf][0xbd][0xef][0xbf][0xbd][0xd3][0x98]DT[[0xef][0xbf][0xbd][0xef][0xbf][0xbd][0xef][0xbf][0xbd]-Si4[0xef][0xbf][0xbd]N!7[0xef][0xbf][0xbd]L[0xef][0xbf][0xbd]~[0xef][0xbf][0xbd][0xef][0xbf][0xbd][0xe1][0x9a][0x95][0xef][0xbf][0xbd][0xef][0xbf][0xbd]@[0xef][0xbf][0xbd][0xef][0xbf][0xbd][0xd4][0x8b],G>2`~[0xef][0xbf][0xbd][0xef][0xbf][0xbd][0xef][0xbf][0xbd][0xef][0xbf][0xbd][0xef][0xbf][0xbd][0xef][0xbf][0xbd][0xef][0xbf][0xbd][0xed][0x9a][0x97][0xef][0xbf][0xbd][0xef][0xbf][0xbd][0x17]v[0xef][0xbf][0xbd][0xef][0xbf][0xbd][0xef][0xbf][0xbd][0xef][0xbf][0xbd]E>[0xef][0xbf][0xbd]D[\r]I[0xef][0xbf][0xbd][0x8]P[0xef][0xbf][0xbd]%[0x1b][0xef][0xbf][0xbd][0xd7][0xa7][0xef][0xbf][0xbd][0xef][0xbf][0xbd]B[0x1c][0xef][0xbf][0xbd][0xef][0xbf][0xbd][0xef][0xbf][0xbd][0xef][0xbf][0xbd][0xef][0xbf][0xbd]"?[0xef][0xbf][0xbd][0xef][0xbf][0xbd]Qb[0xef][0xbf][0xbd]7qW[0xef][0xbf][0xbd][0xef][0xbf][0xbd][0xef][0xbf][0xbd]%[0xef][0xbf][0xbd][0x16]\-)`[0xef][0xbf][0xbd]p[0xef][0xbf][0xbd][0x7][0xef][0xbf][0xbd][0x5][0x1][0xef][0xbf][0xbd][0x13][\r][0xef][0xbf][0xbd][0xdb][0xb3]c[0x17][0xef][0xbf][0xbd][0xe2][0x9f][0xa8]lL[0xef][0xbf][0xbd][0x1f]=[0xef][0xbf][0xbd][0xef][0xbf][0xbd][\r]e.[0xef][0xbf][0xbd]R[0xef][0xbf][0xbd][\r])[0xef][0xbf][0xbd]brdo\[0xef][0xbf][0xbd][0xef][0xbf][0xbd][0xef][0xbf][0xbd][0xef][0xbf][0xbd].[0xef][0xbf][0xbd]%E[0xef][0xbf][0xbd][0xda][0x8f][0xef][0xbf][0xbd][0xef][0xbf][0xbd][0xef][0xbf][0xbd][0xef][0xbf][0xbd][0xef][0xbf][0xbd]Cko[0xef][0xbf][0xbd][0xef][0xbf][0xbd]@[0xef][0xbf][0xbd][0xcd][0xbb]C[0xef][0xbf][0xbd][\n]"
07:56:28.794 [main] DEBUG org.apache.http.wire -  >> "[0xef][0xbf][0xbd][0xcd][0xad][0xef][0xbf][0xbd][0xef][0xbf][0xbd][0xef][0xbf][0xbd][0xef][0xbf][0xbd][0xef][0xbf][0xbd][0xef][0xbf][0xbd][0xef][0xbf][0xbd]xkp[0xef][0xbf][0xbd]q[0x14][0xb]p[0xef][0xbf][0xbd]L[0xef][0xbf][0xbd][0x11]o[0xef][0xbf][0xbd][0xef][0xbf][0xbd]p[0xef][0xbf][0xbd]s[0xef][0xbf][0xbd][0xef][0xbf][0xbd][0xef][0xbf][0xbd][0xef][0xbf][0xbd]^[0x15][0xef][0xbf][0xbd][0xef][0xbf][0xbd]9[0xe5][0xa0][0xaa][0xd7][0xab]X[0x5][0xef][0xbf][0xbd]A[0xef][0xbf][0xbd][0xef][0xbf][0xbd][0xef][0xbf][0xbd]<[0x15][0xef][0xbf][0xbd]K[0xef][0xbf][0xbd][0xef][0xbf][0xbd][0xef][0xbf][0xbd]T[0xef][0xbf][0xbd]fhb[0x16][0xef][0xbf][0xbd][0xef][0xbf][0xbd]G[0xef][0xbf][0xbd][0xef][0xbf][0xbd][0xef][0xbf][0xbd][0xef][0xbf][0xbd]?g[0xef][0xbf][0xbd]^[0x1b][0xef][0xbf][0xbd][0xef][0xbf][0xbd][0xef][0xbf][0xbd][0x12]y[0xef][0xbf][0xbd][0xef][0xbf][0xbd]B[0xef][0xbf][0xbd]s)[0xef][0xbf][0xbd][0xef][0xbf][0xbd][0xef][0xbf][0xbd][0xef][0xbf][0xbd][0xef][0xbf][0xbd]H[0xef][0xbf][0xbd]f[0xef][0xbf][0xbd]@[0xef][0xbf][0xbd][0xef][0xbf][0xbd][0xef][0xbf][0xbd]p[0xe][0x1a]nCv"[0x13][0xef][0xbf][0xbd][0x1c][0xef][0xbf][0xbd][0xef][0xbf][0xbd][0xef][0xbf][0xbd][0xef][0xbf][0xbd][0xca][0xaa]bE[0xef][0xbf][0xbd]h+[0xef][0xbf][0xbd][0xef][0xbf][0xbd]cv[0xef][0xbf][0xbd][0xef][0xbf][0xbd]d[0xef][0xbf][0xbd][0x1][0xcd][0xa5][0xef][0xbf][0xbd]<[0xef][0xbf][0xbd][0xef][0xbf][0xbd][0xc8][0x84][0x0][0xef][0xbf][0xbd][0xdd][0xae]([0xef][0xbf][0xbd][0xef][0xbf][0xbd]p[0xef][0xbf][0xbd];/|[0xc4][0xae]yyY[0xef][0xbf][0xbd][0xef][0xbf][0xbd][0x16]+s[0xef][0xbf][0xbd][0xef][0xbf][0xbd]Z>[0xef][0xbf][0xbd][0x12][0x1e][0x0][0xef][0xbf][0xbd]m_z[0xef][0xbf][0xbd]RC[0x9]m[0xef][0xbf][0xbd][0xef][0xbf][0xbd][0x4][0x17]0%[0xef][0xbf][0xbd]o[0xef][0xbf][0xbd][0xef][0xbf][0xbd]e;[0xef][0xbf][0xbd][0xef][0xbf][0xbd]o[0xef][0xbf][0xbd]$P58[0x5][0xef][0xbf][0xbd][0xef][0xbf][0xbd].[0xef][0xbf][0xbd][0x5]}[0xe3][0xae][0x9c][0xef][0xbf][0xbd][0x1d][0x5][0xef][0xbf][0xbd][0xef][0xbf][0xbd][0xcb][0xb2][0xdb][0x8d][0xef][0xbf][0xbd][0x12][0xef][0xbf][0xbd][0xef][0xbf][0xbd]%[0xef][0xbf][0xbd][0xef][0xbf][0xbd]OR6&[0xef][0xbf][0xbd][0xef][0xbf][0xbd][0xd2][0x9d]x,[0xef][0xbf][0xbd][0xef][0xbf][0xbd][0xef][0xbf][0xbd][0xef][0xbf][0xbd][0xda][0x88][0xef][0xbf][0xbd][0x18][0xef][0xbf][0xbd][0xef][0xbf][0xbd]"[0xef][0xbf][0xbd][0xef][0xbf][0xbd]WH[0xd9][0x8b];[0xef][0xbf][0xbd]N[0xef][0xbf][0xbd][0xef][0xbf][0xbd][0x1]ER%FY[0xef][0xbf][0xbd]V[0xc][0xef][0xbf][0xbd]X[0xef][0xbf][0xbd][0x19][0xd9][0x89][\r][0xef][0xbf][0xbd]E[0xef][0xbf][0xbd]8[0xef][0xbf][0xbd][0xef][0xbf][0xbd]jS]@[0x10]j[0xef][0xbf][0xbd][0xef][0xbf][0xbd][0xef][0xbf][0xbd][0xc9][0xab]a[0x10]U[0x1f][0xef][0xbf][0xbd][0xef][0xbf][0xbd][0xef][0xbf][0xbd]o[0xef][0xbf][0xbd]7[0xef][0xbf][0xbd];[0xef][0xbf][0xbd]`[0xef][0xbf][0xbd]{[0xef][0xbf][0xbd]{![0xef][0xbf][0xbd]s[0xef][0xbf][0xbd][0x10][0xef][0xbf][0xbd]1[0xef][0xbf][0xbd]x_o[0xef][0xbf][0xbd]p}{[0xef][0xbf][0xbd][0xef][0xbf][0xbd]XHX[0xef][0xbf][0xbd]u[0xef][0xbf][0xbd][0xef][0xbf][0xbd]/[0xef][0xbf][0xbd]>[0x0][0xef][0xbf][0xbd][0xef][0xbf][0xbd][0xef][0xbf][0xbd][0xef][0xbf][0xbd]a:[0xc7][0xbf]K[0xef][0xbf][0xbd][0x7][0xef][0xbf][0xbd]ys[0xc8][0x88][0xef][0xbf][0xbd][\r]Lf[0xef][0xbf][0xbd]6[0xef][0xbf][0xbd][0xef][0xbf][0xbd][0xef][0xbf][0xbd]Y[0xef][0xbf][0xbd]%[0xdd][0x92]Mg[0xef][0xbf][0xbd]/$V[0xef][0xbf][0xbd][0xef][0xbf][0xbd][0xef][0xbf][0xbd][0xd4][0x8a][0xef][0xbf][0xbd][0xef][0xbf][0xbd][0xef][0xbf][0xbd][0xef][0xbf][0xbd][0xef][0xbf][0xbd][0xef][0xbf][0xbd][0xef][0xbf][0xbd]e[0xef][0xbf][0xbd])[0xef][0xbf][0xbd]9[0x16]Kd[0xca][0xbf][0xef][0xbf][0xbd][0xef][0xbf][0xbd]J[0xef][0xbf][0xbd]X[0xef][0xbf][0xbd][0xe]'[0xef][0xbf][0xbd][0x1];[0xef][0xbf][0xbd][0xef][0xbf][0xbd]+[0x0]k)[0xef][0xbf][0xbd][0xef][0xbf][0xbd][0xef][0xbf][0xbd]'[0xef][0xbf][0xbd][0xef][0xbf][0xbd]$d[0xef][0xbf][0xbd]-[0x12]#;i'[0xef][0xbf][0xbd]k[0xef][0xbf][0xbd][0xef][0xbf][0xbd][0xef][0xbf][0xbd][0xef][0xbf][0xbd][0x1b]?q][0xef][0xbf][0xbd][0xef][0xbf][0xbd][0xef][0xbf][0xbd]e[0xef][0xbf][0xbd][0x11]/[0xef][0xbf][0xbd][0xef][0xbf][0xbd][0xef][0xbf][0xbd][0xef][0xbf][0xbd]ar[0xef][0xbf][0xbd][0xef][0xbf][0xbd][0xef][0xbf][0xbd][0xef][0xbf][0xbd][0x19]h[0xef][0xbf][0xbd]RP[0x18]J c[0xef][0xbf][0xbd][0xdb][0xa7]U[0x9][0x5]UJ)[0xef][0xbf][0xbd][0x0][0x14]v[0x15][0x14][0x0][0xef][0xbf][0xbd][\r][0xef][0xbf][0xbd][0xef][0xbf][0xbd]A[0x1b][0xef][0xbf][0xbd][0x19]P[\r]tt[0x1f][0x18]-$&[0xef][0xbf][0xbd]D[0xef][0xbf][0xbd]$R[0xef][0xbf][0xbd][0xef][0xbf][0xbd][0x18].@[0xef][0xbf][0xbd][\r][0xef][0xbf][0xbd]db[0xef][0xbf][0xbd]<[0xef][0xbf][0xbd]}n[0xef][0xbf][0xbd]-[0xef][0xbf][0xbd]@7@BIY[0xef][0xbf][0xbd][0xef][0xbf][0xbd]*[0x1e][0xef][0xbf][0xbd][0xef][0xbf][0xbd][0xef][0xbf][0xbd][0xef][0xbf][0xbd][0xef][0xbf][0xbd]~[0xef][0xbf][0xbd][0xef][0xbf][0xbd][0xef][0xbf][0xbd]f[0x4]X[0xef][0xbf][0xbd][0xef][0xbf][0xbd]Y[0xef][0xbf][0xbd][0xef][0xbf][0xbd]![0xef][0xbf][0xbd][0xef][0xbf][0xbd]r="[0x1c]g[0x1a][0xef][0xbf][0xbd][0xef][0xbf][0xbd]x[0x1a],[0xef][0xbf][0xbd][0xd6][0x89][0x12][0xef][0xbf][0xbd]c[0xef][0xbf][0xbd][0xef][0xbf][0xbd][0x1f][0xef][0xbf][0xbd][0xef][0xbf][0xbd][0xef][0xbf][0xbd][0xef][0xbf][0xbd]c[0xef][0xbf][0xbd][0xef][0xbf][0xbd][0x1f][0x1e][0xb][0x10][0xef][0xbf][0xbd][0xef][0xbf][0xbd][0xef][0xbf][0xbd]~[0xef][0xbf][0xbd][0xef][0xbf][0xbd][0xef][0xbf][0xbd],A[0x9][0xef][0xbf][0xbd]o1YY+[0xef][0xbf][0xbd]h[0xef][0xbf][0xbd]aF6[0x9]&k[\r]"[0x14][0xca][0x81][0xef][0xbf][0xbd][0xef][0xbf][0xbd][0xef][0xbf][0xbd]P[0xef][0xbf][0xbd][0xde][0xb1]%t[0xef][0xbf][0xbd][0xc][0x12][0xef][0xbf][0xbd]c[0xef][0xbf][0xbd]p[0x19][0xef][0xbf][0xbd][0x5]`[0xef][0xbf][0xbd][0x3]`c[0xef][0xbf][0xbd]f[0x1c][0xef][0xbf][0xbd][0xef][0xbf][0xbd]}[0xef][0xbf][0xbd]Z[0x15]P[0xef][0xbf][0xbd][0xef][0xbf][0xbd][0x11][0xef][0xbf][0xbd][0x17]"e8[0xef][0xbf][0xbd][0x7][0xef][0xbf][0xbd][0xef][0xbf][0xbd][0xef][0xbf][0xbd]=cq5_Aw[0xef][0xbf][0xbd][0xef][0xbf][0xbd][0xb][0xef][0xbf][0xbd][0xef][0xbf][0xbd]G\N[0xef][0xbf][0xbd]C-[0xef][0xbf][0xbd]F[0x1]&H[0xef][0xbf][0xbd]1[0xef][0xbf][0xbd][0xd9][0x9f]=[0xef][0xbf][0xbd][\n]"
07:56:28.794 [main] DEBUG org.apache.http.wire -  >> "[0xef][0xbf][0xbd]f&ho[0x1c][0xef][0xbf][0xbd]i[0x1b][0x15][0x1a]>[0xef][0xbf][0xbd][0xef][0xbf][0xbd]k[0xef][0xbf][0xbd][0xef][0xbf][0xbd][0xef][0xbf][0xbd]v[0xef][0xbf][0xbd][0xef][0xbf][0xbd][0xef][0xbf][0xbd][0xef][0xbf][0xbd][0xef][0xbf][0xbd][0xef][0xbf][0xbd][0xef][0xbf][0xbd]{w[0xcb][0x8f]$_[0xef][0xbf][0xbd][0xef][0xbf][0xbd][0x3][0x19]XY[0xef][0xbf][0xbd]#|E#_[0xef][0xbf][0xbd][0xe]W[0xef][0xbf][0xbd][0xef][0xbf][0xbd][0x1f]6>Y[0x3][0xef][0xbf][0xbd]?F[0xef][0xbf][0xbd]b[0xef][0xbf][0xbd]h[0x0][0xef][0xbf][0xbd]v[0xef][0xbf][0xbd][0xef][0xbf][0xbd]D[0xef][0xbf][0xbd]>w[0xef][0xbf][0xbd][0xef][0xbf][0xbd][0xef][0xbf][0xbd]([0x1c][0xef][0xbf][0xbd][0x18]sj$[0xef][0xbf][0xbd][0xef][0xbf][0xbd][0xef][0xbf][0xbd]+[0xef][0xbf][0xbd]6[0xef][0xbf][0xbd]v[0xef][0xbf][0xbd][0xef][0xbf][0xbd][0x5]zy[0xef][0xbf][0xbd][0xef][0xbf][0xbd]7V6[0x10][0xef][0xbf][0xbd][0xef][0xbf][0xbd][0xef][0xbf][0xbd][0xef][0xbf][0xbd]bb[0x1d][0xef][0xbf][0xbd][0xef][0xbf][0xbd][0xef][0xbf][0xbd][0xef][0xbf][0xbd][0xef][0xbf][0xbd]Y[0xe][0xef][0xbf][0xbd][0xef][0xbf][0xbd][0xef][0xbf][0xbd][0xce][0x98][0xef][0xbf][0xbd][0xef][0xbf][0xbd][0xef][0xbf][0xbd][0x2][0x6][0xd4][0x96][0xef][0xbf][0xbd]Sa[0x16][0x3]3(zW[0xef][0xbf][0xbd][0x13]F[0xef][0xbf][0xbd][0xdb][0x88]"d}[[0xef][0xbf][0xbd][0xef][0xbf][0xbd]=[0xef][0xbf][0xbd]&[0xef][0xbf][0xbd][0xef][0xbf][0xbd][0xef][0xbf][0xbd]g[0xef][0xbf][0xbd][0xef][0xbf][0xbd][0x5]n[0xef][0xbf][0xbd][0xef][0xbf][0xbd][0xef][0xbf][0xbd]o[0xef][0xbf][0xbd]}[0x6];t[0x17][0xef][0xbf][0xbd][0xef][0xbf][0xbd][[0xef][0xbf][0xbd]+n[0xef][0xbf][0xbd]fL[0xf4][0x89][0xa9][0x9c]j[0xef][0xbf][0xbd].,[0xf][0xde][0xb1]hFf.[0xef][0xbf][0xbd]e[0xef][0xbf][0xbd]=r[0xef][0xbf][0xbd]j[0x19][0xef][0xbf][0xbd][0xef][0xbf][0xbd]t[0xef][0xbf][0xbd]5U[0xef][0xbf][0xbd][0xef][0xbf][0xbd]i6[0xef][0xbf][0xbd][0xd6][0xbf]O[0xef][0xbf][0xbd]j[0xef][0xbf][0xbd])[0xef][0xbf][0xbd]_[0xef][0xbf][0xbd][0xef][0xbf][0xbd]a[0xef][0xbf][0xbd]`[0xef][0xbf][0xbd]`[0xef][0xbf][0xbd]s[0xcd][0xbe]-[0xef][0xbf][0xbd][0xef][0xbf][0xbd]c`[0xef][0xbf][0xbd][0xef][0xbf][0xbd]^},G[0xef][0xbf][0xbd]t[0xef][0xbf][0xbd][0xb][0xef][0xbf][0xbd]~&[0xef][0xbf][0xbd][0xef][0xbf][0xbd][0xef][0xbf][0xbd]g&3EY[0xef][0xbf][0xbd][0xef][0xbf][0xbd]q[0xcf][0xb8][0xef][0xbf][0xbd]jW[0xef][0xbf][0xbd][0xf][0xef][0xbf][0xbd]VQ[\n]"
07:56:28.795 [main] DEBUG org.apache.http.wire -  >> "[0xef][0xbf][0xbd]^[0xef][0xbf][0xbd]\[0x15][0xef][0xbf][0xbd][0xef][0xbf][0xbd]d[0xef][0xbf][0xbd][0xef][0xbf][0xbd][0xef][0xbf][0xbd][0xef][0xbf][0xbd][0x2]^[0x18]G[0xef][0xbf][0xbd][0xef][0xbf][0xbd]u-.[0xef][0xbf][0xbd][0xef][0xbf][0xbd][0xef][0xbf][0xbd][0xef][0xbf][0xbd]w[0xef][0xbf][0xbd][0xef][0xbf][0xbd]}[0xef][0xbf][0xbd][0xef][0xbf][0xbd][0xef][0xbf][0xbd][0x4]v[0xef][0xbf][0xbd][0xef][0xbf][0xbd][0x1d][0xef][0xbf][0xbd]Ep[0xef][0xbf][0xbd]&=[0x19][0xef][0xbf][0xbd][0x6][0xc7][0xad][0xef][0xbf][0xbd][0xef][0xbf][0xbd][0xef][0xbf][0xbd]UC[0xef][0xbf][0xbd][0xcc][0xb8][0xef][0xbf][0xbd]+[0xef][0xbf][0xbd][0xef][0xbf][0xbd][0xef][0xbf][0xbd]{[0xef][0xbf][0xbd][0x18]{[0xef][0xbf][0xbd][0xef][0xbf][0xbd][0xef][0xbf][0xbd][0xef][0xbf][0xbd][0x19][0x10][0xef][0xbf][0xbd][0xef][0xbf][0xbd][0x1d][0xef][0xbf][0xbd]<C[0xe2][0xba][0x8f][0xef][0xbf][0xbd]2cl8;[0xef][0xbf][0xbd]w[0xef][0xbf][0xbd][0xef][0xbf][0xbd]/[0xef][0xbf][0xbd]f[0xef][0xbf][0xbd]=x[0xef][0xbf][0xbd][0xef][0xbf][0xbd]}#es'[0xef][0xbf][0xbd][0xef][0xbf][0xbd]_`b[0x7][0xef][0xbf][0xbd]t[0xef][0xbf][0xbd][0xc2][0x89][0xef][0xbf][0xbd][0xef][0xbf][0xbd][0x8][0xef][0xbf][0xbd][0xef][0xbf][0xbd][0xef][0xbf][0xbd];'[0xef][0xbf][0xbd][0xef][0xbf][0xbd][0xef][0xbf][0xbd]I[0xef][0xbf][0xbd][0xef][0xbf][0xbd][0xef][0xbf][0xbd]2nF[0x0]E[0xef][0xbf][0xbd][0xef][0xbf][0xbd][0xef][0xbf][0xbd]q[0xef][0xbf][0xbd][0xef][0xbf][0xbd]'Hm[0xef][0xbf][0xbd]ur([0xef][0xbf][0xbd][0x6][0xef][0xbf][0xbd]vC[0xef][0xbf][0xbd][0xde][0xb1]%O[0xef][0xbf][0xbd][0xef][0xbf][0xbd]rtSu[0xef][0xbf][0xbd][0xef][0xbf][0xbd][0xef][0xbf][0xbd]7[0xef][0xbf][0xbd][0xef][0xbf][0xbd][0xef][0xbf][0xbd][0x18]'[0xef][0xbf][0xbd]8[0xef][0xbf][0xbd][0xef][0xbf][0xbd][0x15][0xef][0xbf][0xbd][0x1][0xef][0xbf][0xbd][0xef][0xbf][0xbd]pf[0xef][0xbf][0xbd][0xd0][0xb1][0xef][0xbf][0xbd][0xef][0xbf][0xbd][0xef][0xbf][0xbd]Y3[0xef][0xbf][0xbd]t[0xce][0x95][0xef][0xbf][0xbd]N[\r][0x1d]Ri[0xef][0xbf][0xbd]+l[0xef][0xbf][0xbd]=-[0xc8][0x80][0x10][0xef][0xbf][0xbd][0xef][0xbf][0xbd][0xef][0xbf][0xbd]YSH&#[0xef][0xbf][0xbd]H[0x12]o,[0xef][0xbf][0xbd]7P[0x14][0xef][0xbf][0xbd][0xef][0xbf][0xbd]`5[0x15][0xef][0xbf][0xbd][[0xef][0xbf][0xbd]l[0xef][0xbf][0xbd][0xef][0xbf][0xbd]2[0xef][0xbf][0xbd][0xef][0xbf][0xbd][0xef][0xbf][0xbd]C[0xef][0xbf][0xbd]U[0xef][0xbf][0xbd]R[0x6][0xef][0xbf][0xbd][0xef][0xbf][0xbd][0x10]A=z[0xc3][0xb6]:[0xef][0xbf][0xbd][0xef][0xbf][0xbd]]Y[0x3][0xef][0xbf][0xbd][0xef][0xbf][0xbd]k4[0xef][0xbf][0xbd]0[0x12][0xd3][0xa3],+[0xef][0xbf][0xbd][0xef][0xbf][0xbd][0x0]nfg[0xef][0xbf][0xbd]9[0x14][0xef][0xbf][0xbd][0xef][0xbf][0xbd]"[0x1e]%}[0x10]][0xef][0xbf][0xbd]2[0xef][0xbf][0xbd][0xef][0xbf][0xbd][0xef][0xbf][0xbd][0xef][0xbf][0xbd]G[0xef][0xbf][0xbd][0xef][0xbf][0xbd][0xef][0xbf][0xbd][0xef][0xbf][0xbd]}[0xef][0xbf][0xbd][0xf][0xef][0xbf][0xbd]=R^[0x11]-|de[0x7][0xef][0xbf][0xbd][0xef][0xbf][0xbd]#[0xef][0xbf][0xbd][0xe][0xef][0xbf][0xbd][0xef][0xbf][0xbd]~[0xef][0xbf][0xbd]6[0xef][0xbf][0xbd]A[0xef][0xbf][0xbd]`[0xd0][0x85]![0x14][0xef][0xbf][0xbd][0xf]No[0xef][0xbf][0xbd]![0xef][0xbf][0xbd]8[0xef][0xbf][0xbd]-[0xc][0xef][0xbf][0xbd]9@[0xef][0xbf][0xbd]s[0xef][0xbf][0xbd]J[0xef][0xbf][0xbd][0xef][0xbf][0xbd][0xc][0x13][0x16]B'[0xef][0xbf][0xbd])6/[0x2][0x8][0x1]k[0xef][0xbf][0xbd][0xef][0xbf][0xbd][0xef][0xbf][0xbd]_[0xef][0xbf][0xbd][0xee][0xbf][0x81][0xef][0xbf][0xbd]%t[0x14][0xef][0xbf][0xbd][0xef][0xbf][0xbd][0xef][0xbf][0xbd][0xef][0xbf][0xbd]J.r[0xef][0xbf][0xbd]gd[0xef][0xbf][0xbd]{[0xef][0xbf][0xbd][0xef][0xbf][0xbd]`U[0xef][0xbf][0xbd]q[0xef][0xbf][0xbd][0xef][0xbf][0xbd]9/[0xef][0xbf][0xbd][0xef][0xbf][0xbd][0xef][0xbf][0xbd][0xef][0xbf][0xbd]Q[0xef][0xbf][0xbd][0xef][0xbf][0xbd][0x1f][0xef][0xbf][0xbd][0xef][0xbf][0xbd][0xef][0xbf][0xbd][0xef][0xbf][0xbd][0x0]"
07:56:28.796 [main] DEBUG org.apache.http.wire -  >> "S[0xef][0xbf][0xbd]>[0x2]H [0xef][0xbf][0xbd][0x2]c[0xdc][0x8a][0xef][0xbf][0xbd][0xef][0xbf][0xbd][0xef][0xbf][0xbd][0xef][0xbf][0xbd][0xef][0xbf][0xbd][0xef][0xbf][0xbd][0xef][0xbf][0xbd][0x1f][0xef][0xbf][0xbd]%[0xef][0xbf][0xbd]Y[0xef][0xbf][0xbd][[0xef][0xbf][0xbd]*[0x1b][0xef][0xbf][0xbd]l[0xef][0xbf][0xbd][0xef][0xbf][0xbd][0xc][0xef][0xbf][0xbd][0xd2][0xb5][0xef][0xbf][0xbd][0xef][0xbf][0xbd]8hp[0x11]I[0xef][0xbf][0xbd]D[0x5]}n)[0xef][0xbf][0xbd][0xef][0xbf][0xbd][0x4]C[q[0xef][0xbf][0xbd][0xef][0xbf][0xbd][0xef][0xbf][0xbd][0xdd][0x9c]&d3[0xef][0xbf][0xbd]*[0xef][0xbf][0xbd][0xef][0xbf][0xbd][0xef][0x9e][0xbc][0x13]GY`}z[0xef][0xbf][0xbd][0xef][0xbf][0xbd]T&[0x15][0x1b]c[0xef][0xbf][0xbd][0x9][0xef][0xbf][0xbd]6[0xef][0xbf][0xbd][0xef][0xbf][0xbd]_[0xef][0xbf][0xbd]*4[0xc8][0xbf][0xef][0xbf][0xbd][0xef][0xbf][0xbd][0xe][0xef][0xbf][0xbd][0xef][0xbf][0xbd][0xef][0xbf][0xbd]x[0xef][0xbf][0xbd][0xef][0xbf][0xbd][0xef][0xbf][0xbd]&[0xef][0xbf][0xbd]qt[0xef][0xbf][0xbd][0xef][0xbf][0xbd][0xef][0xbf][0xbd][0xef][0xbf][0xbd]q[0x3]/]"-c[0xef][0xbf][0xbd][0xef][0xbf][0xbd]=[0xef][0xbf][0xbd]J[0xef][0xbf][0xbd][0xef][0xbf][0xbd]*[0x17][0xef][0xbf][0xbd][0xef][0xbf][0xbd][0xef][0xbf][0xbd][0x19]+[0xef][0xbf][0xbd]D[0xef][0xbf][0xbd]&`[0xef][0xbf][0xbd] pU[0x12],[0xef][0xbf][0xbd][0xef][0xbf][0xbd][0xef][0xbf][0xbd]f[0xef][0xbf][0xbd]Y j#[0xef][0xbf][0xbd][0xef][0xbf][0xbd][0xef][0xbf][0xbd]{[0xef][0xbf][0xbd]ke[0xef][0xbf][0xbd][0xef][0xbf][0xbd]\[0xe][0xef][0xbf][0xbd][0xef][0xbf][0xbd][0xef][0xbf][0xbd]+[0xef][0xbf][0xbd])[0xef][0xbf][0xbd][0xef][0xbf][0xbd]}[0xef][0xbf][0xbd]G[0xef][0xbf][0xbd][0x1e])[0xef][0xbf][0xbd][0x18][0xef][0xbf][0xbd]8[0xef][0xbf][0xbd][0xef][0xbf][0xbd][0xef][0xbf][0xbd][0xef][0xbf][0xbd][0xef][0xbf][0xbd][0xef][0xbf][0xbd]fC[0xca][0xb7]/[0xef][0xbf][0xbd][0xef][0xbf][0xbd][0xef][0xbf][0xbd][0xef][0xbf][0xbd]z[0xef][0xbf][0xbd][0xef][0xbf][0xbd][0xc3][0xbd][0xef][0xbf][0xbd][0xef][0xbf][0xbd]V[0xef][0xbf][0xbd][0xef][0xbf][0xbd]t[0xef][0xbf][0xbd]J;6qm,[0x1c]-[0xef][0xbf][0xbd][0xef][0xbf][0xbd][0xef][0xbf][0xbd]2*7M[0xef][0xbf][0xbd][0xef][0xbf][0xbd]^nGtG[0xef][0xbf][0xbd][0xef][0xbf][0xbd]e7[0xef][0xbf][0xbd]c[0x17]F[0xef][0xbf][0xbd]u[0xef][0xbf][0xbd][0xef][0xbf][0xbd][[0xef][0xbf][0xbd][0xef][0xbf][0xbd][0xef][0xbf][0xbd][0xef][0xbf][0xbd][0xef][0xbf][0xbd][0xef][0xbf][0xbd]Q[0xef][0xbf][0xbd][0xef][0xbf][0xbd]n[0xef][0xbf][0xbd][\r]0[0xef][0xbf][0xbd]-[0xef][0xbf][0xbd]F[0xef][0xbf][0xbd]3[0x1f][0xef][0xbf][0xbd][0xef][0xbf][0xbd]Z[0xef][0xbf][0xbd][0xef][0xbf][0xbd]"[0xef][0xbf][0xbd][0x9]>|[0xef][0xbf][0xbd][0xef][0xbf][0xbd][0x9]p[0x17][0x5][0xef][0xbf][0xbd]He[0xef][0xbf][0xbd][0xef][0xbf][0xbd]A[0xef][0xbf][0xbd],[0xef][0xbf][0xbd][0xef][0xbf][0xbd][0xef][0xbf][0xbd][0x1a]e[0xef][0xbf][0xbd]e[0xef][0xbf][0xbd]L[0xef][0xbf][0xbd]Pl[\r]n[0x11][SoV[0xef][0xbf][0xbd]d[0xef][0xbf][0xbd][0xde][0xac][0xef][0xbf][0xbd][0x2][0xef][0xbf][0xbd]>[0xef][0xbf][0xbd][0xef][0xbf][0xbd]j[0x4][0xef][0xbf][0xbd]>[0xef][0xbf][0xbd]w[0xef][0xbf][0xbd][0x4]{[0xef][0xbf][0xbd]F[0xef][0xbf][0xbd][0xef][0xbf][0xbd][0x1b][0xef][0xbf][0xbd][0xef][0xbf][0xbd][0xef][0xbf][0xbd][0xef][0xbf][0xbd]7[0xef][0xbf][0xbd][0xef][0xbf][0xbd]f[0xef][0xbf][0xbd]^[0xef][0xbf][0xbd]c[0xef][0xbf][0xbd][0x11]K[0xef][0xbf][0xbd]f[0xef][0xbf][0xbd]n[0x1c][0xc7][0xbc][0xef][0xbf][0xbd][0xef][0xbf][0xbd]jO[0xef][0xbf][0xbd]m[0xef][0xbf][0xbd][0xef][0xbf][0xbd][0xef][0xbf][0xbd][0xef][0xbf][0xbd]A[0xef][0xbf][0xbd][0xef][0xbf][0xbd][0xd5][0x8f][0xef][0xbf][0xbd]y[0xef][0xbf][0xbd][0xef][0xbf][0xbd][0xef][0xbf][0xbd]W[0xef][0xbf][0xbd]Z[0xef][0xbf][0xbd][0xef][0xbf][0xbd][0x0][0xef][0xbf][0xbd][0xd1][0xa5][\r][0xef][0xbf][0xbd][0xef][0xbf][0xbd][0xef][0xbf][0xbd]+^[0xef][0xbf][0xbd][\r]2[0xef][0xbf][0xbd]e[0xc5][0xa0][0x19][0xef][0xbf][0xbd]*[0xef][0xbf][0xbd]X*[0x1b][0xef][0xbf][0xbd][0xef][0xbf][0xbd][0xef][0xbf][0xbd]c3[0xdc][0xb4][0xef][0xbf][0xbd][0xef][0xbf][0xbd][0xef][0xbf][0xbd][0xc8][0x80][0xef][0xbf][0xbd][0xec][0x8c][0xb3]M;I[0xd7][0xa7][0x15][0x14]W24[0xef][0xbf][0xbd][0xef][0xbf][0xbd][0xef][0xbf][0xbd][0xef][0xbf][0xbd][0x9]^![0xef][0xbf][0xbd][0xef][0xbf][0xbd]`K}[0xef][0xbf][0xbd]O[[0xef][0xbf][0xbd][0xef][0xbf][0xbd][0xef][0xbf][0xbd]ac[0xef][0xbf][0xbd][0xef][0xbf][0xbd]i[0xef][0xbf][0xbd]#+[0xef][0xbf][0xbd]s[0xef][0xbf][0xbd]`[0xef][0xbf][0xbd][0xef][0xbf][0xbd]L[0xef][0xbf][0xbd][0x16]S[0x16][0xef][0xbf][0xbd][[0xef][0xbf][0xbd][0xef][0xbf][0xbd][0xef][0xbf][0xbd][0xef][0xbf][0xbd][0xef][0xbf][0xbd]s[0xef][0xbf][0xbd][0x9]l[0x4][0x19][0xef][0xbf][0xbd][0xef][0xbf][0xbd]ap'T[0xef][0xbf][0xbd][0xef][0xbf][0xbd][0xef][0xbf][0xbd]Q8[0xef][0xbf][0xbd][0xef][0xbf][0xbd]][0xc7][0xb6][0xef][0xbf][0xbd][0x1e][0x2]o[0xcc][0x84][0xd2][0x8b]X%[0xef][0xbf][0xbd]|[0xef][0xbf][0xbd]"D[0xef][0xbf][0xbd][0x1d]/[0xf1][0xb1][0xaf][0xb9]l [0xef][0xbf][0xbd]_[0x1e][0xef][0xbf][0xbd][0xef][0xbf][0xbd][0x1f]}Ym[0x16]/2[0xe4][0xb1][0xa4][0xdc][0xa7][0xef][0xbf][0xbd][0xef][0xbf][0xbd]J[0xef][0xbf][0xbd][0x1e]L[0xce][0x98]S[0xef][0xbf][0xbd][0x19],[0xef][0xbf][0xbd]$[0xef][0xbf][0xbd][0xef][0xbf][0xbd]Ki[0x10][0xef][0xbf][0xbd]"Tq[0xb][0xef][0xbf][0xbd][0xef][0xbf][0xbd][0xef][0xbf][0xbd][0xef][0xbf][0xbd]u[0xef][0xbf][0xbd][0xef][0xbf][0xbd]m[0xd7][0x91][0xef][0xbf][0xbd][0xef][0xbf][0xbd]V[0xef][0xbf][0xbd]t[0xef][0xbf][0xbd][0xef][0xbf][0xbd][0xb]^:[0xef][0xbf][0xbd][0xef][0xbf][0xbd]}O[0xef][0xbf][0xbd][0xef][0xbf][0xbd]Lpa[0xef][0xbf][0xbd][0xef][0xbf][0xbd];[0xef][0xbf][0xbd][0xef][0xbf][0xbd]v[0xef][0xbf][0xbd]h[0xef][0xbf][0xbd][0xef][0xbf][0xbd][0xef][0xbf][0xbd]/[0x11][0x7][0x14]6[0xef][0xbf][0xbd][0x0]w[0x1a]}]K'[0xef][0xbf][0xbd]pl^[0xd7][0xb0][0xef][0xbf][0xbd]@[0xef][0xbf][0xbd]{[0xef][0xbf][0xbd])[0xef][0xbf][0xbd]%[0xe6][0x84][0x86][0xef][0xbf][0xbd][0xef][0xbf][0xbd][0xef][0xbf][0xbd][0x1f]_[0xb]u[0xef][0xbf][0xbd]~[0xef][0xbf][0xbd][0xc8][0xa6]dN[0x13](h[0xef][0xbf][0xbd][0xef][0xbf][0xbd]:[0x15]Y[0xef][0xbf][0xbd][0xef][0xbf][0xbd][0xef][0xbf][0xbd][0xef][0xbf][0xbd]u[0xef][0xbf][0xbd]JY[0x1][0xc][0xef][0xbf][0xbd][0x1][0x14][0xef][0xbf][0xbd]0)d[0xef][0xbf][0xbd]a[0xef][0xbf][0xbd]X[0xc7][0xba]X[0x13][0xef][0xbf][0xbd]x[0xef][0xbf][0xbd][0xef][0xbf][0xbd][0xef][0xbf][0xbd]$[0xef][0xbf][0xbd]j[0xef][0xbf][0xbd][0xef][0xbf][0xbd][0xef][0xbf][0xbd][0xef][0xbf][0xbd]}[0x0][0xef][0xbf][0xbd]L[0xef][0xbf][0xbd][0xef][0xbf][0xbd]5[0xef][0xbf][0xbd]R[0xef][0xbf][0xbd][0xef][0xbf][0xbd][0xef][0xbf][0xbd]]ag[0xdc][0x82]W[0xef][0xbf][0xbd][0xef][0xbf][0xbd][0x1b][0xda][0x8e][0xef][0xbf][0xbd][0xf]m[0xef][0xbf][0xbd]{[0x1e][0xef][0xbf][0xbd][0xef][0xbf][0xbd][0xef][0xbf][0xbd][0xef][0xbf][0xbd][0xef][0xbf][0xbd][0x0][0xef][0xbf][0xbd][0xef][0xbf][0xbd][0xef][0xbf][0xbd]dnO[0xef][0xbf][0xbd]Kl[0xef][0xbf][0xbd]X^Q:[0xef][0xbf][0xbd][0xef][0xbf][0xbd][0xef][0xbf][0xbd][0xe][0xef][0xbf][0xbd]V[0xb][0xef][0xbf][0xbd]{[0x6]T+[0x1]6T[0xb][0x11][0xef][0xbf][0xbd]=[0xef][0xbf][0xbd][0xef][0xbf][0xbd]U[0xc8][0xb7][0xef][0xbf][0xbd][0xef][0xbf][0xbd][0x6][0xef][0xbf][0xbd]F[0xef][0xbf][0xbd]8-[0xef][0xbf][0xbd]rE[0xef][0xbf][0xbd][0x1f]~[0x0]TL[0xef][0xbf][0xbd][0x1b]J[\n]"
07:56:28.796 [main] DEBUG org.apache.http.wire -  >> "7[0xef][0xbf][0xbd]ZAY7w[0xef][0xbf][0xbd]MU[0x14][0xef][0xbf][0xbd][0xef][0xbf][0xbd][0xef][0xbf][0xbd][0xef][0xbf][0xbd][0xef][0xbf][0xbd][0x12][0xef][0xbf][0xbd][0xef][0xbf][0xbd][0xef][0xbf][0xbd][0xef][0xbf][0xbd][0xef][0xbf][0xbd][0xef][0xbf][0xbd][0xef][0xbf][0xbd][0xef][0xbf][0xbd][0x19]I[0x17][0x9]>[0xef][0xbf][0xbd]5J[0xef][0xbf][0xbd][0xef][0xbf][0xbd]\b[0xef][0xbf][0xbd][0x2][0xef][0xbf][0xbd]*[0xef][0xbf][0xbd][0xef][0xbf][0xbd]S[0x18][0xef][0xbf][0xbd]v[0xef][0xbf][0xbd][0xd0][0x8e]^[0xef][0xbf][0xbd][0x19][0xef][0xbf][0xbd][0xef][0xbf][0xbd]Do[0xef][0xbf][0xbd][0xda][0xb2][0xef][0xbf][0xbd][0xef][0xbf][0xbd][0xef][0xbf][0xbd][0xef][0xbf][0xbd]c[0x0][0xd2][0x91][0xef][0xbf][0xbd]n[0xef][0xbf][0xbd][0xef][0xbf][0xbd][0x17][0xef][0xbf][0xbd]r@[0xef][0xbf][0xbd][0xef][0xbf][0xbd]3p[0x4]%O[0x3]+LQ$Z[0xef][0xbf][0xbd]o[0xef][0xbf][0xbd]1\L[0xef][0xbf][0xbd][0x1][0xeb][0xb8][0x9b][[0xef][0xbf][0xbd][0x1d]q[0xef][0xbf][0xbd][0xef][0xbf][0xbd][0xef][0xbf][0xbd][0x1b][0xef][0xbf][0xbd]C8[0xef][0xbf][0xbd][0xef][0xbf][0xbd]"d[0xdc][0xbf][0xef][0xbf][0xbd]A([0xef][0xbf][0xbd]_m[0xef][0xbf][0xbd]k1[0xef][0xbf][0xbd]C[0xef][0xbf][0xbd][0xef][0xbf][0xbd]^[0xc2][0xb6][0xef][0xbf][0xbd][0x18]RT[0xef][0xbf][0xbd][0x10][0x1b][0xef][0xbf][0xbd][0xc][0xef][0xbf][0xbd]i8e&[0x6][0xef][0xbf][0xbd];[0xce][0xbc]{[0xef][0xbf][0xbd]r[0xef][0xbf][0xbd][0xef][0xbf][0xbd][0xef][0xbf][0xbd]2[0x7]v[0xef][0xbf][0xbd](jB[0xef][0xbf][0xbd][0xef][0xbf][0xbd]k%[0xef][0xbf][0xbd]B[0xb][0xef][0xbf][0xbd]/)[0xef][0xbf][0xbd][0xef][0xbf][0xbd]{+([0x10][0xef][0xbf][0xbd]L[0xef][0xbf][0xbd][0x0]-.[0x2]"D[0xef][0xbf][0xbd]B[0xef][0xbf][0xbd]PA[0xef][0xbf][0xbd]-S][0x15]bP83[0xef][0xbf][0xbd]l-[0xef][0xbf][0xbd]of[0xef][0xbf][0xbd]![0xef][0xbf][0xbd][0xef][0xbf][0xbd]/[0xef][0xbf][0xbd]X[0xcc][0x85]w[0xb][0xef][0xbf][0xbd]Hl[0x6][0xef][0xbf][0xbd][0xef][0xbf][0xbd][0xef][0xbf][0xbd][0xef][0xbf][0xbd][0xef][0xbf][0xbd][0xef][0xbf][0xbd][0xef][0xbf][0xbd][0x1][0xef][0xbf][0xbd]K[0xef][0xbf][0xbd]?[0xef][0xbf][0xbd][0xef][0xbf][0xbd][0xf][0xef][0xbf][0xbd]=V^Q [0xef][0xbf][0xbd][0xef][0xbf][0xbd][0xef][0xbf][0xbd][0xef][0xbf][0xbd][0xef][0xbf][0xbd][0xf][0x19]2[0xef][0xbf][0xbd][0xef][0xbf][0xbd][0xef][0xbf][0xbd][0xef][0xbf][0xbd][0xef][0xbf][0xbd][0xef][0xbf][0xbd][0xef][0xbf][0xbd]jYP[0xef][0xbf][0xbd]][0xef][0xbf][0xbd]J,[0xef][0xbf][0xbd][0x13]J[0xef][0xbf][0xbd]i?[0xef][0xbf][0xbd][0xef][0xbf][0xbd]P[0x16][0xef][0xbf][0xbd]6[0xef][0xbf][0xbd][0xef][0xbf][0xbd]H[0xef][0xbf][0xbd]F[0xef][0xbf][0xbd][0x10][0xef][0xbf][0xbd][0xef][0xbf][0xbd]S[0xef][0xbf][0xbd][0xef][0xbf][0xbd]"[0xe9][0x8d][0x93]b6[0xef][0xbf][0xbd]eT[0xef][0xbf][0xbd]/[0xf]A[0xef][0xbf][0xbd][0xef][0xbf][0xbd][0x8]b[0xef][0xbf][0xbd][0xef][0xbf][0xbd]_[\n]"
07:56:28.796 [main] DEBUG org.apache.http.wire -  >> "l[0xef][0xbf][0xbd][0xef][0xbf][0xbd][0xef][0xbf][0xbd][0xc9][0xa0][0xef][0xbf][0xbd][0xef][0xbf][0xbd][0xef][0xbf][0xbd][0xef][0xbf][0xbd][0xef][0xbf][0xbd]'*[0xef][0xbf][0xbd][0xef][0xbf][0xbd][0xd4][0x89]z[0x12][0xef][0xbf][0xbd]"[0xef][0xbf][0xbd]m[0xef][0xbf][0xbd][0xef][0xbf][0xbd][0x12]&[0xef][0xbf][0xbd][0xef][0xbf][0xbd][0xef][0xbf][0xbd]T[0xef][0xbf][0xbd]`i[0xef][0xbf][0xbd][0xb]ft:[0xef][0xbf][0xbd]iB[0x2]A[0x10][0xef][0xbf][0xbd][0xef][0xbf][0xbd][0xef][0xbf][0xbd]j[0xef][0xbf][0xbd][0x1e][0x15]}[0xef][0xbf][0xbd][0xef][0xbf][0xbd]YJ[0xef][0xbf][0xbd][0x1c][0x4]!][0xe][0xef][0xbf][0xbd][0xc2][0xba]j/Q[0xef][0xbf][0xbd]K[0x15];[0xef][0xbf][0xbd]?_[0xef][0xbf][0xbd][0xef][0xbf][0xbd]Q1=[0xef][0xbf][0xbd]rwL[0xef][0xbf][0xbd][0xef][0xbf][0xbd][0xef][0xbf][0xbd]Z[0xef][0xbf][0xbd]4[0xef][0xbf][0xbd][0xd1][0x95][0xef][0xbf][0xbd][0xef][0xbf][0xbd][0xef][0xbf][0xbd]w[0x0];[0xef][0xbf][0xbd][0xef][0xbf][0xbd]KR}NY;va_[0xef][0xbf][0xbd]jN[0xef][0xbf][0xbd][0xef][0xbf][0xbd][0xef][0xbf][0xbd]R<K%[0x18][0xef][0xbf][0xbd][0xef][0xbf][0xbd]~[0xef][0xbf][0xbd]x^[0xef][0xbf][0xbd]X[0xef][0xbf][0xbd]w[0xcc][0x8f][0xef][0xbf][0xbd][0xef][0xbf][0xbd][0xef][0xbf][0xbd]r[0xef][0xbf][0xbd][0xef][0xbf][0xbd]'[0xd8][0x9e]([0xe5][0x8a][0xb9][0x15][0xef][0xbf][0xbd]srh[0xca][0x84][0xef][0xbf][0xbd][0xef][0xbf][0xbd][0xef][0xbf][0xbd][0xef][0xbf][0xbd][0xde][0x9c])[0xef][0xbf][0xbd]G [0xd8][0x97][0xef][0xbf][0xbd]8[0xef][0xbf][0xbd]}o[0xef][0xbf][0xbd]}[0xcd][0xbd]'L[0xef][0xbf][0xbd][0xef][0xbf][0xbd]N[0xef][0xbf][0xbd][0xef][0xbf][0xbd][\n]"
07:56:28.796 [main] DEBUG org.apache.http.wire -  >> "7![0x1]<[\r][0x9][0xef][0xbf][0xbd][0x19][0xef][0xbf][0xbd][0xef][0xbf][0xbd][\n]"
07:56:28.796 [main] DEBUG org.apache.http.wire -  >> "b+[0x10][0x11]([0xef][0xbf][0xbd]y[0x5]-[0xef][0xbf][0xbd][_[0xef][0xbf][0xbd]&~D[0xee][0x92][0x8f][0xd8][0xbf][0xef][0xbf][0xbd]O[0xef][0xbf][0xbd]=V^qM[0xef][0xbf][0xbd][0xef][0xbf][0xbd][0xef][0xbf][0xbd][0xef][0xbf][0xbd][0xef][0xbf][0xbd]~[0xef][0xbf][0xbd]0[0xef][0xbf][0xbd][0xef][0xbf][0xbd][[0xef][0xbf][0xbd][0xef][0xbf][0xbd]m[0x3][0xc4][0xbe][0xef][0xbf][0xbd]O[0xef][0xbf][0xbd][0xef][0xbf][0xbd][0xef][0xbf][0xbd][0xcd][0x9f][0xef][0xbf][0xbd]S[0xef][0xbf][0xbd][0x7][0xef][0xbf][0xbd][0x5][0xef][0xbf][0xbd][0xef][0xbf][0xbd]fr[0x3][0xef][0xbf][0xbd]JHlu[0xef][0xbf][0xbd][0xef][0xbf][0xbd]!${ Rme[0xef][0xbf][0xbd]V[0x1b][0xe]Ki[0xef][0xbf][0xbd],QV[0xef][0xbf][0xbd][0xef][0xbf][0xbd][0x18]h[0xef][0xbf][0xbd][0xef][0xbf][0xbd][0xef][0xbf][0xbd][0xef][0xbf][0xbd][0xee][0xbf][0xa6][0x12]O[0xef][0xbf][0xbd][0xef][0xbf][0xbd][0xef][0xbf][0xbd][0xef][0xbf][0xbd]w[0xef][0xbf][0xbd]5u[0xef][0xbf][0xbd]*[0xef][0xbf][0xbd][0x2]-[0xef][0xbf][0xbd]FP-B[0xef][0xbf][0xbd][0xef][0xbf][0xbd]n[0xef][0xbf][0xbd]Bf[0xef][0xbf][0xbd][0xef][0xbf][0xbd][0x16][0xef][0xbf][0xbd]\[0xef][0xbf][0xbd][0xef][0xbf][0xbd]B[0xef][0xbf][0xbd][0xd6][0x89][0xef][0xbf][0xbd][0xef][0xbf][0xbd]V[0x18][0xce][0x97][0xef][0xbf][0xbd];[\r][0x1f][0x5][0xd0][0xae]/[0xef][0xbf][0xbd][0xef][0xbf][0xbd][0x10][0xef][0xbf][0xbd]m[0xef][0xbf][0xbd][0x11][0x4][0xef][0xbf][0xbd][0x11][0xef][0xbf][0xbd]rG[0xef][0xbf][0xbd]P][0xef][0xbf][0xbd]F [0xc][0x2][0xef][0xbf][0xbd]![0xef][0xbf][0xbd][0xd6][0xa8][0xef][0xbf][0xbd][0xef][0xbf][0xbd]Ll[0xef][0xbf][0xbd]|z[0xef][0xbf][0xbd][0xdc][0xb8]W[0xef][0xbf][0xbd][0xef][0xbf][0xbd]*[0xef][0xbf][0xbd][0x6][0xef][0xbf][0xbd][0xef][0xbf][0xbd][0xef][0xbf][0xbd][0xef][0xbf][0xbd]d[0xef][0xbf][0xbd]g[0xef][0xbf][0xbd]D([0x5]`[0xef][0xbf][0xbd][\n]"
07:56:28.805 [main] DEBUG org.apache.http.wire -  >> "[0x16][0xef][0xbf][0xbd][0xef][0xbf][0xbd][0xef][0xbf][0xbd]j;[0xef][0xbf][0xbd]l[0xef][0xbf][0xbd][0xd4][0x83][0xef][0xbf][0xbd][0xef][0xbf][0xbd]SnC[0xef][0xbf][0xbd][0xef][0xbf][0xbd][0xef][0xbf][0xbd]v[0xef][0xbf][0xbd]hKaS[0xef][0xbf][0xbd]+[0xef][0xbf][0xbd][0x12]`[0xef][0xbf][0xbd][0xef][0xbf][0xbd]o&KY[0xef][0xbf][0xbd][0xef][0xbf][0xbd]}[0xef][0xbf][0xbd][0x0]/\e6[0xef][0xbf][0xbd][0xcb][0x9b]&[0xef][0xbf][0xbd][0xef][0xbf][0xbd]C[0xef][0xbf][0xbd][0xef][0xbf][0xbd][0xed][0x91][0xa8][0xef][0xbf][0xbd]@[0xef][0xbf][0xbd][0xef][0xbf][0xbd][\r][0xef][0xbf][0xbd][0xef][0xbf][0xbd][0xef][0xbf][0xbd][0xef][0xbf][0xbd]0[0xef][0xbf][0xbd];^[0xef][0xbf][0xbd]=[0xef][0xbf][0xbd][0xef][0xbf][0xbd]b[0xef][0xbf][0xbd][0xef][0xbf][0xbd][0xb][0xef][0xbf][0xbd]{V`[[0xef][0xbf][0xbd][0x1]#[0xef][0xbf][0xbd]/[0xef][0xbf][0xbd][0xef][0xbf][0xbd]$'[0x5][0xef][0xbf][0xbd]^LY#[0x1][0xef][0xbf][0xbd]8[0xef][0xbf][0xbd][0xef][0xbf][0xbd]V[0x1e][0xef][0xbf][0xbd][0xef][0xbf][0xbd]o?[0xef][0xbf][0xbd][0xef][0xbf][0xbd]cv[0xf][0xef][0xbf][0xbd]W[0xef][0xbf][0xbd]R[0x1c]V[0xef][0xbf][0xbd]C[0xef][0xbf][0xbd]%[0xef][0xbf][0xbd]@qm[0xec][0xac][0x8a],[0xef][0xbf][0xbd][0xef][0xbf][0xbd].[0xef][0xbf][0xbd][0xef][0xbf][0xbd][0xef][0xbf][0xbd][0x13][0xef][0xbf][0xbd]8[0xef][0xbf][0xbd][0xef][0xbf][0xbd][0x16][0x1f]7z[0xef][0xbf][0xbd][\n]"
07:56:28.805 [main] DEBUG org.apache.http.wire -  >> "K[0xef][0xbf][0xbd][0xef][0xbf][0xbd][0xef][0xbf][0xbd][0xef][0xbf][0xbd][0xef][0xbf][0xbd]y[0x1c][0x16][0x12][0x5] bU[0x3][0x1d][0xef][0xbf][0xbd]7Z[0xef][0xbf][0xbd][0x17]F[0xef][0xbf][0xbd]U[0xef][0xbf][0xbd][0x6]bO<U[0xef][0xbf][0xbd][0xef][0xbf][0xbd]m'[0xef][0xbf][0xbd][0xde][0x86][0xef][0xbf][0xbd][0xef][0xbf][0xbd]L[0xef][0xbf][0xbd][0xef][0xbf][0xbd][0xef][0xbf][0xbd][0xef][0xbf][0xbd]<%[0xef][0xbf][0xbd][0xef][0xbf][0xbd]V$i[0xd7][0x88][0xef][0xbf][0xbd][0x9][0xef][0xbf][0xbd]J[0x9][0xc5][0x8c][0xef][0xbf][0xbd][0xef][0xbf][0xbd][0xef][0xbf][0xbd][0xef][0xbf][0xbd]i[0xef][0xbf][0xbd]#[0xef][0xbf][0xbd][0xef][0xbf][0xbd]umy[0xef][0xbf][0xbd][0xef][0xbf][0xbd][0x10]Y[0xef][0xbf][0xbd][0x1a][0xb]s[0x1a][0xef][0xbf][0xbd]n[0xd3][0xa3][0x10][0xef][0xbf][0xbd]9H'[0xef][0xbf][0xbd][0xce][0x81][0x15]NP)[0xef][0xbf][0xbd][0xe]p[0xef][0xbf][0xbd]*3[0xef][0xbf][0xbd]/[0x0][0x13][0xef][0xbf][0xbd][0xef][0xbf][0xbd][0x14][0x7][0xef][0xbf][0xbd]@X[0xef][0xbf][0xbd][0xef][0xbf][0xbd][0x10]B[0xef][0xbf][0xbd][0xee][0xb3][0x87][0x15][0xef][0xbf][0xbd][0xef][0xbf][0xbd]#[0xef][0xbf][0xbd][0xef][0xbf][0xbd]+[0xb][0xef][0xbf][0xbd]"[0xef][0xbf][0xbd]q6J[0xef][0xbf][0xbd][0x1]'[\n]"
07:56:28.806 [main] DEBUG org.apache.http.wire -  >> "[0xef][0xbf][0xbd]K[0x12][0xef][0xbf][0xbd]^}[0xef][0xbf][0xbd]K[0xef][0xbf][0xbd][0x5][0xef][0xbf][0xbd][0x16][0x1f][0xef][0xbf][0xbd]?j[0xef][0xbf][0xbd][0xef][0xbf][0xbd][0xef][0xbf][0xbd]4|[0xef][0xbf][0xbd][0xef][0xbf][0xbd][0xef][0xbf][0xbd][0x12]^.[0xef][0xbf][0xbd][0xef][0xbf][0xbd][0xef][0xbf][0xbd]=[0xef][0xbf][0xbd][0xef][0xbf][0xbd][0xef][0xbf][0xbd]E'[0xdc][0xac][0x13]py[0x1d]s[0xef][0xbf][0xbd][0xef][0xbf][0xbd]in[0xef][0xbf][0xbd]:`[0xef][0xbf][0xbd]@-[0xef][0xbf][0xbd]V+[0xef][0xbf][0xbd][0xef][0xbf][0xbd][0x12][0xef][0xbf][0xbd][0xc5][0xb1]/@5[0xef][0xbf][0xbd]q:[0xef][0xbf][0xbd]u|[0xef][0xbf][0xbd][0x17][0xef][0xbf][0xbd][0x4][0xef][0xbf][0xbd]31[0xef][0xbf][0xbd]X[0xef][0xbf][0xbd][0xef][0xbf][0xbd][0xef][0xbf][0xbd][0xef][0xbf][0xbd]b[0xef][0xbf][0xbd][0xef][0xbf][0xbd][0x1d][0xef][0xbf][0xbd]dv[0xf][0xef][0xbf][0xbd]WE[0x13]?[0xef][0xbf][0xbd][0xd7][0xbf][0xef][0xbf][0xbd][0xef][0xbf][0xbd][0xc3][0x9f]|[0xef][0xbf][0xbd]r[0xef][0xbf][0xbd][0x3][0x17][0x18]>[0x11][0xef][0xbf][0xbd]l[[0x1f]fL[0xef][0xbf][0xbd][0xef][0xbf][0xbd]v[0xef][0xbf][0xbd][0xef][0xbf][0xbd][0xef][0xbf][0xbd]r[0xef][0xbf][0xbd][0xef][0xbf][0xbd][0xef][0xbf][0xbd]Szh[0x2][0x1b][0xef][0xbf][0xbd][0xef][0xbf][0xbd]^[0xef][0xbf][0xbd][0xef][0xbf][0xbd][0x19][[0xef][0xbf][0xbd]T[0x12]G108[0xef][0xbf][0xbd][0x1]Aj[0xef][0xbf][0xbd]S[0xef][0xbf][0xbd]$z[0xef][0xbf][0xbd]t9[0xef][0xbf][0xbd]X[0x1c]A[0xc][0xef][0xbf][0xbd]i[0x1a][0xef][0xbf][0xbd][0xef][0xbf][0xbd]i[0x2]B6^[0xef][0xbf][0xbd]dEM[0xd4][0xb5][0xef][0xbf][0xbd][0xc][0xef][0xbf][0xbd][0xef][0xbf][0xbd][0x12]X[0x1c]oJ[0xef][0xbf][0xbd] W[0x17][0x17]U*[0xef][0xbf][0xbd]e[0xef][0xbf][0xbd][0x7][0xef][0xbf][0xbd][0x4][0xef][0xbf][0xbd][0xef][0xbf][0xbd][0xef][0xbf][0xbd]rW[0xef][0xbf][0xbd]k[0xef][0xbf][0xbd][0xef][0xbf][0xbd]i[0x0][0xef][0xbf][0xbd][0xef][0xbf][0xbd][0xef][0xbf][0xbd]mpbJ<[0xef][0xbf][0xbd][0x1b][0xef][0xbf][0xbd][0xef][0xbf][0xbd]M[0xef][0xbf][0xbd]5[0x18][0xef][0xbf][0xbd]U[0xef][0xbf][0xbd]y[0xef][0xbf][0xbd][0xef][0xbf][0xbd][0x1c][0xef][0xbf][0xbd]+[0x14][0xef][0xbf][0xbd][0xef][0xbf][0xbd][0xef][0xbf][0xbd]j[0xef][0xbf][0xbd]I[0x3][0xef][0xbf][0xbd][0xef][0xbf][0xbd][0xb][0xef][0xbf][0xbd]QHI~[0xd8][0xbb][0x0][0xef][0xbf][0xbd][0xef][0xbf][0xbd][0x18]J[0xef][0xbf][0xbd]d[0xef][0xbf][0xbd]Z[0xef][0xbf][0xbd]![0x10]@QLl[0x1][0xef][0xbf][0xbd][0xef][0xbf][0xbd][0xef][0xbf][0xbd]K[0xe][0xef][0xbf][0xbd][0xef][0xbf][0xbd][0xef][0xbf][0xbd][0xdc][0xbb][0xef][0xbf][0xbd][0xc6][0x96][0x11][0x1e][0xef][0xbf][0xbd]g[0xef][0xbf][0xbd][0xef][0xbf][0xbd]h[0xef][0xbf][0xbd]*x)[0xef][0xbf][0xbd]/[0xef][0xbf][0xbd][0xef][0xbf][0xbd]dOX5[0x1a][0xef][0xbf][0xbd]5[0xef][0xbf][0xbd][0xe][0xef][0xbf][0xbd]  [0xef][0xbf][0xbd][0xef][0xbf][0xbd]c[0xef][0xbf][0xbd][0xef][0xbf][0xbd][0x7][0xef][0xbf][0xbd]mN[0xef][0xbf][0xbd][0xef][0xbf][0xbd][0x8][0xd7][0xae]{[0xef][0xbf][0xbd]P[0xef][0xbf][0xbd]^[0x2][0x1e][0xef][0xbf][0xbd]3[0xef][0xbf][0xbd][0xef][0xbf][0xbd][0xd9][0xb9][0xef][0xbf][0xbd][0xef][0xbf][0xbd][0x15][0xd8][0x8b][\n]"
07:56:28.806 [main] DEBUG org.apache.http.wire -  >> "[0xef][0xbf][0xbd][0x0][0xef][0xbf][0xbd]{[0xef][0xbf][0xbd]K[0xef][0xbf][0xbd][0x1f]i[0xef][0xbf][0xbd]g[0x0]J[0xef][0xbf][0xbd][0xef][0xbf][0xbd]s[0xd3][0x9d][0x2][0xef][0xbf][0xbd][0xef][0xbf][0xbd][0xef][0xbf][0xbd][0xef][0xbf][0xbd][0xc3][0x99]_[0xef][0xbf][0xbd][0xef][0xbf][0xbd]j[0xef][0xbf][0xbd][0xef][0xbf][0xbd]o?[0xef][0xbf][0xbd][0x1];[0xef][0xbf][0xbd][0xef][0xbf][0xbd][0xd3][0x92]d[0x9]X[e[0x8]Q[0xef][0xbf][0xbd][0xef][0xbf][0xbd]b[0xf][0xef][0xbf][0xbd][0xef][0xbf][0xbd];[0xdd][0xb8][[0xef][0xbf][0xbd][0x13]T[0xef][0xbf][0xbd],5h[0xef][0xbf][0xbd]n[0xc3][0xb7][0xef][0xbf][0xbd][0xd9][0x8b][0xef][0xbf][0xbd]([0x5] [0x3][0x9][0x14][0xef][0xbf][0xbd][0xef][0xbf][0xbd]P[0xef][0xbf][0xbd][0xe][0x9]5[0xef][0xbf][0xbd]/ [0xef][0xbf][0xbd][0xef][0xbf][0xbd]%~[0xef][0xbf][0xbd]w->[0xef][0xbf][0xbd][0x1b][0xef][0xbf][0xbd]9[0xef][0xbf][0xbd][0x3][0xef][0xbf][0xbd][0x7][0xef][0xbf][0xbd]U[0xef][0xbf][0xbd]Ihw/N[0xef][0xbf][0xbd][0x16]+t[0xef][0xbf][0xbd][0xef][0xbf][0xbd][0xef][0xbf][0xbd]:B=G[0xef][0xbf][0xbd][0xef][0xbf][0xbd][0xef][0xbf][0xbd]He[0xef][0xbf][0xbd]T[0xef][0xbf][0xbd][0xef][0xbf][0xbd]L[0xef][0xbf][0xbd][0xd8][0xa2][0x17]r"
07:56:28.807 [main] DEBUG org.apache.http.wire -  >> "[0xef][0xbf][0xbd][0xef][0xbf][0xbd][0x4][0xef][0xbf][0xbd][0xef][0xbf][0xbd][0xef][0xbf][0xbd]3T[0xef][0xbf][0xbd][0xef][0xbf][0xbd][0xef][0xbf][0xbd]B.[0xef][0xbf][0xbd][0x16][\r]}[0xef][0xbf][0xbd]8e3[0xef][0xbf][0xbd]?.8[0xef][0xbf][0xbd][0xef][0xbf][0xbd][0x18][0xef][0xbf][0xbd]$[0xef][0xbf][0xbd][0xef][0xbf][0xbd]52[0xdf][0xa3][0xef][0xbf][0xbd]/X[0xef][0xbf][0xbd][\r]f[0x5]I[0xef][0xbf][0xbd]H<[0xef][0xbf][0xbd][0x17][0xef][0xbf][0xbd][0xef][0xbf][0xbd][0xef][0xbf][0xbd][0xef][0xbf][0xbd][0xef][0xbf][0xbd]H[0xef][0xbf][0xbd][0xef][0xbf][0xbd][0xef][0xbf][0xbd][0xef][0xbf][0xbd][0xef][0xbf][0xbd] [0xef][0xbf][0xbd][0xef][0xbf][0xbd][0x6]t([0xf2][0x9a][0x9a][0xa1]kO[0xef][0xbf][0xbd][0xef][0xbf][0xbd][0xef][0xbf][0xbd][0xd4][0xa6][0xef][0xbf][0xbd][0xef][0xbf][0xbd][0x18][0xc9][0x80][0xef][0xbf][0xbd][0xef][0xbf][0xbd]K[0xef][0xbf][0xbd][0xef][0xbf][0xbd]+C[0x0][0xef][0xbf][0xbd][0xef][0xbf][0xbd][0x5][0xef][0xbf][0xbd]-[0xef][0xbf][0xbd]^[0xef][0xbf][0xbd][0xef][0xbf][0xbd][0xef][0xbf][0xbd][0xef][0xbf][0xbd]\[0xef][0xbf][0xbd][0xef][0xbf][0xbd][0xef][0xbf][0xbd]@[0xc5][0xb0]B=t[0x9]J[0xef][0xbf][0xbd]v[0x6][0xef][0xbf][0xbd][0xef][0xbf][0xbd][\r]S[0xef][0xbf][0xbd][0xef][0xbf][0xbd][0xef][0xbf][0xbd][0xef][0xbf][0xbd][0x1b]4[0x1f]2[0xef][0xbf][0xbd] [\r][0x12]0+l[0xef][0xbf][0xbd][0xef][0xbf][0xbd][0x17]c[0xef][0xbf][0xbd][0xef][0xbf][0xbd][0xef][0xbf][0xbd]LDR[0xef][0xbf][0xbd][0xef][0xbf][0xbd][0xef][0xbf][0xbd][0x1d][0xef][0xbf][0xbd][0xef][0xbf][0xbd]V[0xef][0xbf][0xbd]{)0[0xef][0xbf][0xbd][0xef][0xbf][0xbd][0xef][0xbf][0xbd][0xef][0xbf][0xbd][0x18]O[0xef][0xbf][0xbd]~[0xef][0xbf][0xbd]?f[0xef][0xbf][0xbd]py[0xd5][0x80][0xef][0xbf][0xbd][0xef][0xbf][0xbd]G[0xef][0xbf][0xbd]v[0xef][0xbf][0xbd][0x10].>f1[0xef][0xbf][0xbd][0xef][0xbf][0xbd]PV[[0xef][0xbf][0xbd]*$D[0x6][0xef][0xbf][0xbd]zX{[0x4]`9[0xe3][0x86][0xb6]$5[0xef][0xbf][0xbd][0xef][0xbf][0xbd][0xef][0xbf][0xbd]S[0xef][0xbf][0xbd][0xef][0xbf][0xbd][0xef][0xbf][0xbd][\r][0xef][0xbf][0xbd][0xef][0xbf][0xbd][0xef][0xbf][0xbd][\n]"
07:56:28.807 [main] DEBUG org.apache.http.wire -  >> "[0xdc][0xae][0xef][0xbf][0xbd][0x1b][0xef][0xbf][0xbd]]80[0xef][0xbf][0xbd]wo![0xef][0xbf][0xbd][0xef][0xbf][0xbd][0xdb][0xa5][0xef][0xbf][0xbd]/[0xef][0xbf][0xbd][0xef][0xbf][0xbd]_[0xef][0xbf][0xbd][0xef][0xbf][0xbd][0xef][0xbf][0xbd]_*[0x3][0xef][0xbf][0xbd][0xef][0xbf][0xbd][0x11]f[0xef][0xbf][0xbd][0xef][0xbf][0xbd][0xef][0xbf][0xbd][0xef][0xbf][0xbd][0x17][0xef][0xbf][0xbd][0xef][0xbf][0xbd][0xef][0xbf][0xbd][0x11][0xef][0xbf][0xbd]/[0xef][0xbf][0xbd][0xef][0xbf][0xbd]v-[0xef][0xbf][0xbd][0x15]{b$[0xef][0xbf][0xbd][0xef][0xbf][0xbd]o[0xef][0xbf][0xbd][0xef][0xbf][0xbd].4#[0xe8][0x84][0xb8][0xef][0xbf][0xbd][0xef][0xbf][0xbd][0xef][0xbf][0xbd][0xef][0xbf][0xbd]U[0xef][0xbf][0xbd]a[0xef][0xbf][0xbd][0xef][0xbf][0xbd]L[0xef][0xbf][0xbd][0xf][0x18][0xef][0xbf][0xbd][0xef][0xbf][0xbd]S[0xef][0xbf][0xbd][0xd6][0x93][0xef][0xbf][0xbd][0x17]lY[0xef][0xbf][0xbd]=[0xef][0xbf][0xbd]V[0xef][0xbf][0xbd]bQ[0xef][0xbf][0xbd][0xef][0xbf][0xbd][0xef][0xbf][0xbd][0xc6][0x84]~@[0xef][0xbf][0xbd]$B[0xef][0xbf][0xbd][0xef][0xbf][0xbd][0x9][0xef][0xbf][0xbd]([0xdd][0x8f][0xef][0xbf][0xbd][0xef][0xbf][0xbd]x2[0xef][0xbf][0xbd]'[0xef][0xbf][0xbd]l[0xef][0xbf][0xbd][0x1d][0xef][0xbf][0xbd][0xef][0xbf][0xbd]l[0x0][0xef][0xbf][0xbd]#[0xef][0xbf][0xbd][0xef][0xbf][0xbd]`[0xef][0xbf][0xbd]r[0xef][0xbf][0xbd]z[0xef][0xbf][0xbd]B[0xef][0xbf][0xbd]t[0xef][0xbf][0xbd][0x19]L[0xef][0xbf][0xbd]C[0xef][0xbf][0xbd]Z[0x15]1S[0xef][0xbf][0xbd])[0xef][0xbf][0xbd][0x4][0xef][0xbf][0xbd]T[0xef][0xbf][0xbd][0xef][0xbf][0xbd][0x14]F[0x0][0x14]v[0xef][0xbf][0xbd][0x19][0xef][0xbf][0xbd]|{[0xf]Yo[0x19][0x1f][0xce][0x9e]zq$Y[0xef][0xbf][0xbd])[0xef][0xbf][0xbd][0x5]$[0xef][0xbf][0xbd]C[0xef][0xbf][0xbd][0xef][0xbf][0xbd]_[0xef][0xbf][0xbd]3Q[0xef][0xbf][0xbd][0xef][0xbf][0xbd][0xef][0xbf][0xbd][0x1c]b?'#Dg[0xef][0xbf][0xbd][0xef][0xbf][0xbd][0xef][0xbf][0xbd]`[0xef][0xbf][0xbd][0xef][0xbf][0xbd][0xef][0xbf][0xbd][0xef][0xbf][0xbd][0xb]x[0xef][0xbf][0xbd][0xd7][0x95]e[0xef][0xbf][0xbd][0xef][0xbf][0xbd][0xe][0xd6][0x8e][0xef][0xbf][0xbd]I[0xef][0xbf][0xbd][0xef][0xbf][0xbd]y[0x0][0xef][0xbf][0xbd]gpq[0xef][0xbf][0xbd][0xef][0xbf][0xbd][0xef][0xbf][0xbd]m[0xef][0xbf][0xbd]xyU[0xef][0xbf][0xbd]<[0xef][0xbf][0xbd]n?[0xef][0xbf][0xbd][0xef][0xbf][0xbd][0xef][0xbf][0xbd][0xef][0xbf][0xbd]>-[0xb][0x19]%[0xef][0xbf][0xbd][0xce][0xaf]!Bb[0xef][0xbf][0xbd][0xef][0xbf][0xbd][0xef][0xbf][0xbd][0x2][0xef][0xbf][0xbd][0xef][0xbf][0xbd]%1[0x13]UX[0xef][0xbf][0xbd]Ee.[0x1]\[0xef][0xbf][0xbd][0xef][0xbf][0xbd]-[0xef][0xbf][0xbd][0xef][0xbf][0xbd]~@}ix[0xef][0xbf][0xbd][0xef][0xbf][0xbd][0xef][0xbf][0xbd][0xef][0xbf][0xbd][0xc6][0x8e]Jh[0xef][0xbf][0xbd][0xc3][0xb7][0x7].[0xef][0xbf][0xbd][0xef][0xbf][0xbd]\[0xef][0xbf][0xbd]gnY[0xef][0xbf][0xbd][0xef][0xbf][0xbd][0x13]-[0xef][0xbf][0xbd]e[\r][0xef][0xbf][0xbd][0x15]\[0xef][0xbf][0xbd][0xef][0xbf][0xbd][0xef][0xbf][0xbd][0x0][gc49[0xb][0xef][0xbf][0xbd]t[0xcc][0xa6][0xef][0xbf][0xbd]MD[0x14]fC[0xef][0xbf][0xbd][0xf]2[0xef][0xbf][0xbd][0xef][0xbf][0xbd]:TW[0x19]u[0xef][0xbf][0xbd]Yw[0xef][0xbf][0xbd]>XS[0xef][0xbf][0xbd][0xef][0xbf][0xbd]Z[0xef][0xbf][0xbd][0xf]7[0xef][0xbf][0xbd][0xef][0xbf][0xbd][0xef][0xbf][0xbd][0xef][0xbf][0xbd][0x9][0xef][0xbf][0xbd][[0xc9][0x82][\n]"
07:56:28.807 [main] DEBUG org.apache.http.wire -  >> "[0xef][0xbf][0xbd][0xef][0xbf][0xbd]W[0xef][0xbf][0xbd]m'[0xb][0x14]5Y}[0xef][0xbf][0xbd][0xef][0xbf][0xbd][0xef][0xbf][0xbd]![0xef][0xbf][0xbd]>[0x13]e[0x18][0x1e][0x13][0xef][0xbf][0xbd][0xef][0xbf][0xbd][0xf]1[0xc5][0x9c] ;[0xef][0xbf][0xbd][0xef][0xbf][0xbd]P[0xef][0xbf][0xbd][0xef][0xbf][0xbd][0x1a][0xef][0xbf][0xbd]b[0xef][0xbf][0xbd][0x19]][0xef][0xbf][0xbd]eU[0xef][0xbf][0xbd]$[0xd6][0x9c]G[0xef][0xbf][0xbd][0xef][0xbf][0xbd][0xef][0xbf][0xbd][0xef][0xbf][0xbd].1[0xd2][0xab][0xef][0xbf][0xbd]=[0xef][0xbf][0xbd]][0xef][0xbf][0xbd]c:|[0xef][0xbf][0xbd][0xf][0x13]+J[0xef][0xbf][0xbd][0x19]o[0xef][0xbf][0xbd]9[0xef][0xbf][0xbd][0xef][0xbf][0xbd][0x5]*[0xef][0xbf][0xbd]g[\n]"
07:56:28.807 [main] DEBUG org.apache.http.wire -  >> "f[0xef][0xbf][0xbd][0xef][0xbf][0xbd][0x1b]L[0xef][0xbf][0xbd][0xef][0xbf][0xbd]D[0xc2][0x8c]ru[0x3][0xef][0xbf][0xbd][0x16][0xef][0xbf][0xbd]Q[0xb][0xef][0xbf][0xbd][0xe][0xef][0xbf][0xbd]/A[0xef][0xbf][0xbd][0xef][0xbf][0xbd]jgz[0x1d][0xef][0xbf][0xbd]q[0xef][0xbf][0xbd][0xd5][0xb9][0xef][0xbf][0xbd][0xef][0xbf][0xbd]s[0xef][0xbf][0xbd]}[0xef][0xbf][0xbd][0xef][0xbf][0xbd][0xe][0xef][0xbf][0xbd]6c# w9[0x1]4[0x1c][0xef][0xbf][0xbd]z[0xef][0xbf][0xbd]*[0x7][0xef][0xbf][0xbd]o|m[0xef][0xbf][0xbd]u[0xef][0xbf][0xbd][0xef][0xbf][0xbd]|[0xef][0xbf][0xbd][0xef][0xbf][0xbd][0xef][0xbf][0xbd][0xef][0xbf][0xbd][0x1b]v[0xef][0xbf][0xbd][0xef][0xbf][0xbd]W[0x15][0xc8][0xb6]t|[0xef][0xbf][0xbd]G[0xef][0xbf][0xbd][Z[0xef][0xbf][0xbd][0xef][0xbf][0xbd]S[0xef][0xbf][0xbd][0xef][0xbf][0xbd][0xef][0xbf][0xbd][0xef][0xbf][0xbd][0xe6][0x9f][0xbe][0xef][0xbf][0xbd]a[0xef][0xbf][0xbd]EKvk[0x18]l[0xef][0xbf][0xbd][0xef][0xbf][0xbd][0xef][0xbf][0xbd]8[0xef][0xbf][0xbd][0xef][0xbf][0xbd][0xef][0xbf][0xbd]3[0xef][0xbf][0xbd][0xe][0x0][0xef][0xbf][0xbd][0x1d]$[0xd6][0x92]\6|[0xef][0xbf][0xbd][0xda][0xb1]|[0x18][0xef][0xbf][0xbd]RF[0xef][0xbf][0xbd]@[0xef][0xbf][0xbd][0xef][0xbf][0xbd][0xef][0xbf][0xbd][0xef][0xbf][0xbd]xb[0x6][0xef][0xbf][0xbd]K[0xef][0xbf][0xbd][0xef][0xbf][0xbd]NxJ3c=[0xef][0xbf][0xbd]vc,[0xef][0xbf][0xbd][0x18][0x1f]PC[0xef][0xbf][0xbd][0xef][0xbf][0xbd][0xef][0xbf][0xbd]M,[0xef][0xbf][0xbd])o[0xef][0xbf][0xbd]E[0xef][0xbf][0xbd][0xef][0xbf][0xbd]@*L[0xef][0xbf][0xbd][\r][0xef][0xbf][0xbd]Y^cB7z@[0xef][0xbf][0xbd][0xef][0xbf][0xbd][0x5]I[0x4][0xef][0xbf][0xbd][0xd9][0xb1]T[0x1a]\[0xd4][0xa6]I[0xef][0xbf][0xbd][0xef][0xbf][0xbd]e[0xef][0xbf][0xbd][0xef][0xbf][0xbd]*[0xef][0xbf][0xbd]<'[0xef][0xbf][0xbd]j[0xef][0xbf][0xbd][0xef][0xbf][0xbd][0xef][0xbf][0xbd][0xf][0xef][0xbf][0xbd][0xef][0xbf][0xbd]0[0xe7][0x91][0xba][0xef][0xbf][0xbd][0xef][0xbf][0xbd]5ca[0xef][0xbf][0xbd]_[0xef][0xbf][0xbd]UU[0xef][0xbf][0xbd][0xef][0xbf][0xbd][0xef][0xbf][0xbd][0xef][0xbf][0xbd][0xef][0xbf][0xbd][0x1e].[0xef][0xbf][0xbd][0xef][0xbf][0xbd][0xef][0xbf][0xbd]d0[0xef][0xbf][0xbd]X[0x13][0xef][0xbf][0xbd][0xef][0xbf][0xbd][0x1a][0xdc][0x97][0xe][0xef][0xbf][0xbd][0x1d]5v[0xef][0xbf][0xbd][0xef][0xbf][0xbd]<[0x0]@d].kE&[0xef][0xbf][0xbd]x[0xef][0xbf][0xbd][0xef][0xbf][0xbd][0xef][0xbf][0xbd]y[0xef][0xbf][0xbd][0x1d][0xef][0xbf][0xbd][0x1d][0x0][0xef][0xbf][0xbd][0x14][0xef][0xbf][0xbd]W[0x17]K[0xf][0x10][0x2][0xef][0xbf][0xbd]xU[0xef][0xbf][0xbd][0xf][0x6][0xef][0xbf][0xbd];[0xef][0xbf][0xbd][0x1e][0xef][0xbf][0xbd][0x1a][0xef][0xbf][0xbd][0xef][0xbf][0xbd][0xee][0xaf][0xad]Eg3[0xef][0xbf][0xbd]o[0xef][0xbf][0xbd][0xef][0xbf][0xbd][0x0][0xef][0xbf][0xbd]:[0xef][0xbf][0xbd][0xef][0xbf][0xbd]4[0x1f]F[0xef][0xbf][0xbd][0xef][0xbf][0xbd][0x1b]=[0xef][0xbf][0xbd][0xef][0xbf][0xbd]X[0xef][0xbf][0xbd][0xef][0xbf][0xbd]$~[0xef][0xbf][0xbd]@4[0x0]M[0xef][0xbf][0xbd][0xf][0xef][0xbf][0xbd][0xef][0xbf][0xbd]y[0xef][0xbf][0xbd]y?[0xef][0xbf][0xbd];[0xef][0xbf][0xbd][0xef][0xbf][0xbd][0x6][0xef][0xbf][0xbd]-.v[0xef][0xbf][0xbd][0xef][0xbf][0xbd][0xef][0xbf][0xbd]k[0xef][0xbf][0xbd][0xef][0xbf][0xbd][0xef][0xbf][0xbd]_ky[0xef][0xbf][0xbd][0xef][0xbf][0xbd][0xef][0xbf][0xbd][0xc4][0x8f][0xef][0xbf][0xbd][0xef][0xbf][0xbd]4([0x1b][0xef][0xbf][0xbd][0xe]~[0xef][0xbf][0xbd]y)[0xef][0xbf][0xbd][0xef][0xbf][0xbd][0xef][0xbf][0xbd]v[0xef][0xbf][0xbd]Yo:[0xef][0xbf][0xbd]WJ[0xef][0xbf][0xbd]cXc",![0xef][0xbf][0xbd][0xef][0xbf][0xbd][0xef][0xbf][0xbd][0xef][0xbf][0xbd]4[0xef][0xbf][0xbd][0xef][0xbf][0xbd]8I[0xef][0xbf][0xbd][0x10]'[0xef][0xbf][0xbd][0xef][0xbf][0xbd][0xef][0xbf][0xbd][0xef][0xbf][0xbd]%cq)[0xef][0xbf][0xbd][0xef][0xbf][0xbd][0xef][0xbf][0xbd]@[0xcc][0x8f][0xef][0xbf][0xbd])&vf[0xef][0xbf][0xbd][0x1a]M[0xef][0xbf][0xbd]0[0xef][0xbf][0xbd][0xef][0xbf][0xbd]'`[0x15]b[0xef][0xbf][0xbd]D[0xef][0xbf][0xbd][0xef][0xbf][0xbd]{[0xef][0xbf][0xbd]!m[0xf][0xde][0x9e]7[0xef][0xbf][0xbd][0x10][0xef][0xbf][0xbd][0xef][0xbf][0xbd]p1[0x18]"b=#[0xef][0xbf][0xbd]bB;_[\r][0x5]w[0xef][0xbf][0xbd][0xef][0xbf][0xbd][0xef][0xbf][0xbd][0xef][0xbf][0xbd][0xef][0xbf][0xbd]0[0xef][0xbf][0xbd][0xeb][0xba][0x95]|[0xef][0xbf][0xbd][0x17][0xef][0xbf][0xbd][0xef][0xbf][0xbd][0xef][0xbf][0xbd][0xef][0xbf][0xbd][0xef][0xbf][0xbd][0xef][0xbf][0xbd][0x12]$[0xef][0xbf][0xbd]][0x18][0xef][0xbf][0xbd][0xef][0xbf][0xbd]k[0xef][0xbf][0xbd]*[0xef][0xbf][0xbd]^0[0xef][0xbf][0xbd]4[0xef][0xbf][0xbd]*Ck[\n]"
07:56:28.808 [main] DEBUG org.apache.http.wire -  >> "[0x2][0x1d][0xef][0xbf][0xbd]2[0xef][0xbf][0xbd][0xef][0xbf][0xbd][[0xef][0xbf][0xbd][0x1a]v[0xef][0xbf][0xbd]Y&{[0x1c][0xef][0xbf][0xbd][0xef][0xbf][0xbd][0xef][0xbf][0xbd]^[0x6]E[0x1e][0xef][0xbf][0xbd]>[0x1f][0xef][0xbf][0xbd]U`[0xef][0xbf][0xbd][0xc5][0xaa]Y[0xef][0xbf][0xbd][[0xef][0xbf][0xbd][0xef][0xbf][0xbd][0xef][0xbf][0xbd][0x1a][0xef][0xbf][0xbd]Q[0xef][0xbf][0xbd][0xef][0xbf][0xbd][0xef][0xbf][0xbd]kq[0xef][0xbf][0xbd][0xef][0xbf][0xbd][0xef][0xbf][0xbd][0xef][0xbf][0xbd]C[0xef][0xbf][0xbd]b[0x5][0xef][0xbf][0xbd][0x6]zjq"[0xef][0xbf][0xbd][0xef][0xbf][0xbd][0xef][0xbf][0xbd]np[0xef][0xbf][0xbd]D[0x1b][0xef][0xbf][0xbd]@[0xef][0xbf][0xbd][0xc6][0xac][0xef][0xbf][0xbd]Jx[0xef][0xbf][0xbd][0xef][0xbf][0xbd][0xef][0xbf][0xbd][0x13]%[0xef][0xbf][0xbd]j[0x6]_[0xd9][0x85]s[0x17]y[0xef][0xbf][0xbd][0xef][0xbf][0xbd][0xf][0xef][0xbf][0xbd]b[0xef][0xbf][0xbd]@Y0[0xef][0xbf][0xbd][0x6]q[0xef][0xbf][0xbd][0xef][0xbf][0xbd][0xef][0xbf][0xbd]1[0xef][0xbf][0xbd][0xef][0xbf][0xbd]][0xef][0xbf][0xbd][0xef][0xbf][0xbd][0xef][0xbf][0xbd]UE[0xef][0xbf][0xbd]h[0xdb][0xbd]qV-[0xef][0xbf][0xbd][0xef][0xbf][0xbd][0xef][0xbf][0xbd][0xef][0xbf][0xbd][0x1f][0xef][0xbf][0xbd][0xef][0xbf][0xbd][0xef][0xbf][0xbd]bZ^[0x13]m[0xef][0xbf][0xbd][0xef][0xbf][0xbd][0xef][0xbf][0xbd][0x7][0x1e]=,[0xef][0xbf][0xbd][0xcd][0x92][0xef][0xbf][0xbd][0xef][0xbf][0xbd]t[0xef][0xbf][0xbd]q.9|,[\n]"
07:56:28.808 [main] DEBUG org.apache.http.wire -  >> "1m[0xef][0xbf][0xbd]({[0xef][0xbf][0xbd][0xef][0xbf][0xbd][0xef][0xbf][0xbd][0xc6][0xb0]vM[0xef][0xbf][0xbd][0xef][0xbf][0xbd][0x15][0xef][0xbf][0xbd]m[0xef][0xbf][0xbd]n[0xef][0xbf][0xbd]K[0xef][0xbf][0xbd][0xc8][0x83]Kp[0xef][0xbf][0xbd]#[0x0][0xef][0xbf][0xbd]w[0xef][0xbf][0xbd][0xef][0xbf][0xbd][0xb]#[0x1b][0xef][0xbf][0xbd][0x18][0x13];[0xef][0xbf][0xbd][0x18]@[0xef][0xbf][0xbd]1[0xef][0xbf][0xbd][0xef][0xbf][0xbd]g[0xef][0xbf][0xbd][0xc2][0x90][0xef][0xbf][0xbd][0xef][0xbf][0xbd]u[0xef][0xbf][0xbd][0xef][0xbf][0xbd][0xef][0xbf][0xbd][0xc4][0xa4]Q[0xef][0xbf][0xbd][0xef][0xbf][0xbd]([0xef][0xbf][0xbd]P[0xef][0xbf][0xbd][0xc8][0xba]7J?[0xef][0xbf][0xbd][0x2][0xef][0xbf][0xbd]d[0x7][0x1b][0xec][0xa4][0x95]sn[0xef][0xbf][0xbd][0x10]`[0xef][0xbf][0xbd]7:[0x12][0xef][0xbf][0xbd]r[0xef][0xbf][0xbd]q[0xef][0xbf][0xbd][0x8][0xef][0xbf][0xbd]a[0xef][0xbf][0xbd][0xef][0xbf][0xbd][0xe][0xef][0xbf][0xbd]^[0xef][0xbf][0xbd][0xef][0xbf][0xbd][0xef][0xbf][0xbd]|[0x4][0xef][0xbf][0xbd][0x1b][0xef][0xbf][0xbd]B[0xef][0xbf][0xbd]>[0xef][0xbf][0xbd][0x9][0x9]1[0x8][0xef][0xbf][0xbd][0x2]s[0xef][0xbf][0xbd][0xef][0xbf][0xbd]-[0xef][0xbf][0xbd]^[0xef][0xbf][0xbd][0xef][0xbf][0xbd][0xef][0xbf][0xbd][0xef][0xbf][0xbd][0xef][0xbf][0xbd]?[0xef][0xbf][0xbd][0xef][0xbf][0xbd]Q[0xef][0xbf][0xbd][0x1a]:[0x19][0xef][0xbf][0xbd][0xef][0xbf][0xbd][\r]6K,[0xef][0xbf][0xbd][0xef][0xbf][0xbd]3[0xc4][0xa0]x[[0xef][0xbf][0xbd][0xc6][0x8a][0xef][0xbf][0xbd][0xde][0x8c]oI|;06/[0x11][0xc5][0x80]^J[0xef][0xbf][0xbd][0xef][0xbf][0xbd][0xef][0xbf][0xbd]i[0xe2][0xb2][0x83][0xef][0xbf][0xbd][0xef][0xbf][0xbd][0xef][0xbf][0xbd]b[0xd1][0x95]xF[0xef][0xbf][0xbd][0xef][0xbf][0xbd][0x14]\8[0xef][0xbf][0xbd]z[0xef][0xbf][0xbd]4[0xef][0xbf][0xbd][0xef][0xbf][0xbd]D[0xef][0xbf][0xbd][0xef][0xbf][0xbd]IH[0xef][0xbf][0xbd][\n]"
07:56:28.808 [main] DEBUG org.apache.http.wire -  >> "[0xef][0xbf][0xbd][0xe][0xef][0xbf][0xbd]j[0x8]H.E[0x15][0xef][0xbf][0xbd][0xef][0xbf][0xbd]s[0x1a][0x15][0xef][0xbf][0xbd][0x9]?I[0x1c]1[0xef][0xbf][0xbd]S[0xe][0xef][0xbf][0xbd][0xef][0xbf][0xbd][0xef][0xbf][0xbd][0xef][0xbf][0xbd][0xef][0xbf][0xbd][0xef][0xbf][0xbd][0xef][0xbf][0xbd][0xef][0xbf][0xbd][0xef][0xbf][0xbd][0xef][0xbf][0xbd][0xef][0xbf][0xbd][0xef][0xbf][0xbd][0xf][0xef][0xbf][0xbd]}T^[0x13] [0xef][0xbf][0xbd]~[0xef][0xbf][0xbd][0xef][0xbf][0xbd][0xef][0xbf][0xbd]O[0x5][0xef][0xbf][0xbd][0xe0][0xa9][0xbe][0xef][0xbf][0xbd])[0xef][0xbf][0xbd][0xef][0xbf][0xbd][[0xef][0xbf][0xbd]Y[0xef][0xbf][0xbd][0xef][0xbf][0xbd][0x5]{1[0x14]hj[0x3][0xef][0xbf][0xbd]}[0xef][0xbf][0xbd][0xc][0xef][0xbf][0xbd][0x1f][0xef][0xbf][0xbd][0x4].[0xef][0xbf][0xbd][0xef][0xbf][0xbd]n[0xef][0xbf][0xbd][0xef][0xbf][0xbd][0xef][0xbf][0xbd][0x15]t[0x16]+[0xef][0xbf][0xbd]ag[0xef][0xbf][0xbd][0xef][0xbf][0xbd][0xef][0xbf][0xbd]J[0xef][0xbf][0xbd]}Z[0xe2][0x93][0xbf]n[0xef][0xbf][0xbd][0xef][0xbf][0xbd][0xef][0xbf][0xbd][0xef][0xbf][0xbd][0xef][0xbf][0xbd]4[0xef][0xbf][0xbd]W[0x1c][0xef][0xbf][0xbd]A@[0x4]O[0xef][0xbf][0xbd]"[0x10][0x11][0xef][0xbf][0xbd]IZXG[0xef][0xbf][0xbd]uAYE}<[0xef][0xbf][0xbd][0x18]Ci[0xef][0xbf][0xbd]^[0xef][0xbf][0xbd]1[0x12][0xef][0xbf][0xbd][0xef][0xbf][0xbd]]d[0xef][0xbf][0xbd]*)[0xef][0xbf][0xbd](+8[0xef][0xbf][0xbd][0xef][0xbf][0xbd][0x12][0xef][0xbf][0xbd][0xef][0xbf][0xbd]p[0x11]d[0xef][0xbf][0xbd][0xef][0xbf][0xbd][0xef][0xbf][0xbd][0xef][0xbf][0xbd]P[0xef][0xbf][0xbd]b-e[9[0xef][0xbf][0xbd]|~J[0xef][0xbf][0xbd]I*[0xef][0xbf][0xbd]h[0xef][0xbf][0xbd]rE[0xef][0xbf][0xbd][0xef][0xbf][0xbd][0xef][0xbf][0xbd][0xef][0xbf][0xbd]sn[0xef][0xbf][0xbd]y&[0x4].M[0xef][0xbf][0xbd]m[0xef][0xbf][0xbd]>[0xef][0xbf][0xbd][0xc4][0xa7]r[0xef][0xbf][0xbd][0xef][0xbf][0xbd][0xef][0xbf][0xbd][0xef][0xbf][0xbd][0xef][0xbf][0xbd][0xef][0xbf][0xbd][0xc4][0xac]0[0xef][0xbf][0xbd]j}[0xef][0xbf][0xbd][0xef][0xbf][0xbd]x[0xef][0xbf][0xbd][0xef][0xbf][0xbd][0xcb][0x87][0xef][0xbf][0xbd]V[0xe0][0xba][0x9e][0xe0][0xba][0xa8]t[0xef][0xbf][0xbd][0xef][0xbf][0xbd]Z+T[0xd0][0xa8]4[0xef][0xbf][0xbd][0xef][0xbf][0xbd][0xdd][0x8c][0x1][0xef][0xbf][0xbd][0x9][0xef][0xbf][0xbd][0xef][0xbf][0xbd][0xef][0xbf][0xbd][0xef][0xbf][0xbd]NM[0x2]i[0xef][0xbf][0xbd]S9[0xef][0xbf][0xbd]"R[0x5][0xef][0xbf][0xbd]a[0xef][0xbf][0xbd][0xef][0xbf][0xbd][0xd6][0xa8]<[0xef][0xbf][0xbd][0xef][0xbf][0xbd]@[0xef][0xbf][0xbd]k:[0xef][0xbf][0xbd]`[0xef][0xbf][0xbd][0xef][0xbf][0xbd]Yw [0xef][0xbf][0xbd][0xef][0xbf][0xbd] ,[0xd3][0xa8][0xef][0xbf][0xbd]0W[0xef][0xbf][0xbd]g[0xef][0xbf][0xbd]2P[0x1d]sV[0xef][0xbf][0xbd][0xef][0xbf][0xbd][0xef][0xbf][0xbd]8[0xef][0xbf][0xbd]<[0xef][0xbf][0xbd][0x1a][0xef][0xbf][0xbd][0xef][0xbf][0xbd]([0xef][0xbf][0xbd][0xef][0xbf][0xbd]=j[0xef][0xbf][0xbd]Yy[0xef][0xbf][0xbd][0xef][0xbf][0xbd]c[0xef][0xbf][0xbd][0xef][0xbf][0xbd][0x1b][0xef][0xbf][0xbd][0xef][0xbf][0xbd][0xef][0xbf][0xbd][0xef][0xbf][0xbd]j|b[0xef][0xbf][0xbd]R[0x1b][0x1c]1[0xef][0xbf][0xbd]6e[0xef][0xbf][0xbd]D[0xef][0xbf][0xbd]&[0x15][0xef][0xbf][0xbd][0xef][0xbf][0xbd]0o[0xef][0xbf][0xbd][0xef][0xbf][0xbd][0xef][0xbf][0xbd]_m[0x1a][0xef][0xbf][0xbd][0xef][0xbf][0xbd]i[0xef][0xbf][0xbd]y [0x1a][0x0][0xef][0xbf][0xbd][0xef][0xbf][0xbd]\[0xef][0xbf][0xbd][0xef][0xbf][0xbd][0x10][0x0][\n]"
07:56:28.808 [main] DEBUG org.apache.http.wire -  >> "[0xef][0xbf][0xbd][0xef][0xbf][0xbd][0x6][0xef][0xbf][0xbd]rad[9[0xef][0xbf][0xbd][0xef][0xbf][0xbd][0xef][0xbf][0xbd][0xc2][0xaf][0xef][0xbf][0xbd][\r]-[0xef][0xbf][0xbd]1[0x11]7[0x17][0xef][0xbf][0xbd][0xc3][0x9b][0xef][0xbf][0xbd][0xef][0xbf][0xbd]B [0xef][0xbf][0xbd]B[0xef][0xbf][0xbd]=[0xef][0xbf][0xbd]$[0xef][0xbf][0xbd][0xef][0xbf][0xbd][0x1b][0x12]C[0x1c].=[0x17][0xef][0xbf][0xbd][0x9][0xef][0xbf][0xbd]5[0xef][0xbf][0xbd][0xef][0xbf][0xbd]C[0xef][0xbf][0xbd][0x1b]/[0xef][0xbf][0xbd]tlI[0x14]aEi[0xef][0xbf][0xbd][0xef][0xbf][0xbd][0xef][0xbf][0xbd][0xef][0xbf][0xbd]@[0x1e]\_[U~[0xef][0xbf][0xbd][0x11][0x13]c[0x7][0xef][0xbf][0xbd]D[0xef][0xbf][0xbd][0xef][0xbf][0xbd]q[0xef][0xbf][0xbd][0xef][0xbf][0xbd]ejx[0xef][0xbf][0xbd][0xef][0xbf][0xbd][0xef][0xbf][0xbd][0xef][0xbf][0xbd][0xf]nA[0xef][0xbf][0xbd]$[0xef][0xbf][0xbd]1[0xef][0xbf][0xbd][0xef][0xbf][0xbd]jk[0xef][0xbf][0xbd]u[0xe][0xef][0xbf][0xbd][0x14][}[0xef][0xbf][0xbd]=[0xef][0xbf][0xbd][0x12]glOk[0xef][0xbf][0xbd][0x17][0xef][0xbf][0xbd]Q"Q[0xef][0xbf][0xbd][0xef][0xbf][0xbd][0x13][0xef][0xbf][0xbd]G[0xef][0xbf][0xbd][0x0][0x8]#.p%[0xef][0xbf][0xbd]_H[0xef][0xbf][0xbd][0xef][0xbf][0xbd][0xef][0xbf][0xbd][0x13]p[0xef][0xbf][0xbd][0x18][0xef][0xbf][0xbd][0xef][0xbf][0xbd][0xef][0xbf][0xbd][0xc6][0xa3][0xef][0xbf][0xbd]I[0xef][0xbf][0xbd][0xef][0xbf][0xbd]'[0xda][0xa7]3[0xef][0xbf][0xbd]n[0x15][0xef][0xbf][0xbd]n[0xef][0xbf][0xbd][0x1e]`[0xef][0xbf][0xbd]'c[0xef][0xbf][0xbd][0xef][0xbf][0xbd]Ps[0xef][0xbf][0xbd][0xef][0xbf][0xbd]%[0x19]$[.[0xef][0xbf][0xbd][0xf][0xef][0xbf][0xbd][0xef][0xbf][0xbd][0xef][0xbf][0xbd][0xef][0xbf][0xbd]U_[0xef][0xbf][0xbd][0x12]=[0xef][0xbf][0xbd][0x14][0xef][0xbf][0xbd][0xce][0x82][0xef][0xbf][0xbd][0x15]xX[0xef][0xbf][0xbd][0xef][0xbf][0xbd]"[0xef][0xbf][0xbd][0xef][0xbf][0xbd][0xef][0xbf][0xbd]a}&[0x19][0xef][0xbf][0xbd]\)}w[0xef][0xbf][0xbd]r[0xef][0xbf][0xbd][0xef][0xbf][0xbd][0xef][0xbf][0xbd][0xef][0xbf][0xbd]g[0xef][0xbf][0xbd]m[0xef][0xbf][0xbd]ayM[0x3]=~[0xef][0xbf][0xbd][0xef][0xbf][0xbd][0xef][0xbf][0xbd][0xef][0xbf][0xbd]e[0xef][0xbf][0xbd]b}+[0xef][0xbf][0xbd][0xef][0xbf][0xbd][0xef][0xbf][0xbd][0xef][0xbf][0xbd][0x11][0xef][0xbf][0xbd]bXu[0xef][0xbf][0xbd][0x0][0xef][0xbf][0xbd][0x15][0xef][0xbf][0xbd]%[0xc3][0xbe]c[0xef][0xbf][0xbd][0xef][0xbf][0xbd][0x6]a[0xef][0xbf][0xbd]"$[0x6]v[0x16][0xef][0xbf][0xbd][0xef][0xbf][0xbd][0xef][0xbf][0xbd][0xef][0xbf][0xbd][0xf]T37[0xef][0xbf][0xbd]K[0xef][0xbf][0xbd][0xef][0xbf][0xbd]K[0xef][0xbf][0xbd][0xef][0xbf][0xbd][0xef][0xbf][0xbd][0xc2][0x8e] FM[0xef][0xbf][0xbd][0xef][0xbf][0xbd]f[0xef][0xbf][0xbd][0xef][0xbf][0xbd]M-[0xef][0xbf][0xbd]2[0xef][0xbf][0xbd][0xef][0xbf][0xbd][0xef][0xbf][0xbd][0x7][0x19]o[0x1b])6[0xef][0xbf][0xbd]j\[0xef][0xbf][0xbd][0xef][0xbf][0xbd][0xef][0xbf][0xbd][0xef][0xbf][0xbd]'[0xef][0xbf][0xbd][0xef][0xbf][0xbd][0xef][0xbf][0xbd]AZ[0xef][0xbf][0xbd][0xef][0xbf][0xbd]R!-S[0x13][0xef][0xbf][0xbd][0x0][0xef][0xbf][0xbd]:@[0x13]h[0xef][0xbf][0xbd].[0xef][0xbf][0xbd][0x2].[0xef][0xbf][0xbd]v=y[0xef][0xbf][0xbd]_[0xef][0xbf][0xbd]MX[0xef][0xbf][0xbd][0xef][0xbf][0xbd][0xef][0xbf][0xbd][0xef][0xbf][0xbd],`lwvm"
07:56:28.809 [main] DEBUG org.apache.http.wire -  >> ";[0xef][0xbf][0xbd][0xef][0xbf][0xbd][0x9]^[0xef][0xbf][0xbd]2[0x4][0xef][0xbf][0xbd]f[0x1b][0xef][0xbf][0xbd][0xef][0xbf][0xbd][0xef][0xbf][0xbd][0xef][0xbf][0xbd]{[0xef][0xbf][0xbd][0xef][0xbf][0xbd]eh[0xef][0xbf][0xbd]>'[0xef][0xbf][0xbd][0xef][0xbf][0xbd][0xef][0xbf][0xbd][0xef][0xbf][0xbd][0xef][0xbf][0xbd][0xb][0xef][0xbf][0xbd][0xef][0xbf][0xbd][0xef][0xbf][0xbd]f[0xef][0xbf][0xbd]I[0xef][0xbf][0xbd][0xef][0xbf][0xbd][0xef][0xbf][0xbd][0xef][0xbf][0xbd][0xef][0xbf][0xbd]8'[0xef][0xbf][0xbd]t[0xe]@[0xef][0xbf][0xbd]uQa5a[0x16]a[0xef][0xbf][0xbd]R[0xdf][0xb2]b[0xef][0xbf][0xbd][0x8][0xef][0xbf][0xbd]Cy[0xb][0xef][0xbf][0xbd][0xef][0xbf][0xbd][0xef][0xbf][0xbd][0xef][0xbf][0xbd][0xef][0xbf][0xbd][0x13]-E[0xef][0xbf][0xbd][0xef][0xbf][0xbd]<[0xef][0xbf][0xbd][0xef][0xbf][0xbd][zd[0xef][0xbf][0xbd][0xef][0xbf][0xbd][0xef][0xbf][0xbd][0xef][0xbf][0xbd])[0xef][0xbf][0xbd]Q[0xef][0xbf][0xbd]g[0xef][0xbf][0xbd][0xef][0xbf][0xbd][0x4][0xef][0xbf][0xbd][0xef][0xbf][0xbd]][0xef][0xbf][0xbd]3[0x1a][0xc5][0xba][0x7])[0xef][0xbf][0xbd][0xc2][0x96][0xef][0xbf][0xbd][0xef][0xbf][0xbd]2[0xef][0xbf][0xbd][0xef][0xbf][0xbd][0xef][0xbf][0xbd][0xef][0xbf][0xbd][0xef][0xbf][0xbd][0xef][0xbf][0xbd][0xef][0xbf][0xbd]=[0xef][0xbf][0xbd]*i[0xef][0xbf][0xbd][0xef][0xbf][0xbd][0xef][0xbf][0xbd]V[0x2][0xef][0xbf][0xbd][0xef][0xbf][0xbd]5[0xef][0xbf][0xbd]:[0xef][0xbf][0xbd]kjS[0xef][0xbf][0xbd]q;.3[0xef][0xbf][0xbd][0xef][0xbf][0xbd][0x1e][0xef][0xbf][0xbd]~[0xef][0xbf][0xbd][0xef][0xbf][0xbd][0x11][0xef][0xbf][0xbd][0xef][0xbf][0xbd][0xef][0xbf][0xbd]7w|[0xef][0xbf][0xbd][0xef][0xbf][0xbd]j[0xef][0xbf][0xbd]'[0x1f][0xef][0xbf][0xbd][0xef][0xbf][0xbd][0x1b]V/[0x15][0xef][0xbf][0xbd][0xef][0xbf][0xbd]M[0xef][0xbf][0xbd][0x18]TH[\n]"
07:56:28.809 [main] DEBUG org.apache.http.wire -  >> "[0xef][0xbf][0xbd][0xef][0xbf][0xbd][0xef][0xbf][0xbd][0xd1][0x87]M[0x5]s,'[0x9][0x1e][0xef][0xbf][0xbd][0xef][0xbf][0xbd]C)[0xef][0xbf][0xbd][0xef][0xbf][0xbd][0xef][0xbf][0xbd]Z3k[0xb]H[0xef][0xbf][0xbd]+O[0xef][0xbf][0xbd][0xef][0xbf][0xbd][\r][0x0][0xef][0xbf][0xbd][0xef][0xbf][0xbd]W5[0xef][0xbf][0xbd][0xef][0xbf][0xbd][0xef][0xbf][0xbd][0xef][0xbf][0xbd]sf[0xef][0xbf][0xbd][0xef][0xbf][0xbd]3P[0xef][0xbf][0xbd][![0xf]([0xef][0xbf][0xbd][0xef][0xbf][0xbd]b[0x10]1O/[0xef][0xbf][0xbd])[0xef][0xbf][0xbd][0xef][0xbf][0xbd][0xef][0xbf][0xbd][0xef][0xbf][0xbd][0xef][0xbf][0xbd](90c>f[0xef][0xbf][0xbd][0xef][0xbf][0xbd][0x1a][0xef][0xbf][0xbd][0xef][0xbf][0xbd][0xef][0xbf][0xbd]E[0xef][0xbf][0xbd]k[0xef][0xbf][0xbd]5[0xef][0xbf][0xbd]]~[0xef][0xbf][0xbd]x[0xc]p)[0xef][0xbf][0xbd]][0x1e][0x9]|[0xef][0xbf][0xbd]h[0xef][0xbf][0xbd];^[0xef][0xbf][0xbd][0xef][0xbf][0xbd][0xef][0xbf][0xbd]4[0xef][0xbf][0xbd][0xef][0xbf][0xbd]k[0xef][0xbf][0xbd]8'[0xef][0xbf][0xbd][0xef][0xbf][0xbd][0xef][0xbf][0xbd]Yo[0xef][0xbf][0xbd]2[0xd0][0x83][0x1d][0x1a].[0xef][0xbf][0xbd]Mo[0xef][0xbf][0xbd]@[0xef][0xbf][0xbd]5[0x1][0xef][0xbf][0xbd][0xef][0xbf][0xbd][0xcb][0x92][0xef][0xbf][0xbd]Ue[0xef][0xbf][0xbd][0xd2][0x8b][0x6][0xef][0xbf][0xbd][0x1a]8\[0xef][0xbf][0xbd][0xef][0xbf][0xbd]w[0x1]1;[0xef][0xbf][0xbd][0xef][0xbf][0xbd]p[0xef][0xbf][0xbd][0xef][0xbf][0xbd]U:F([0xef][0xbf][0xbd][0x1a][0xef][0xbf][0xbd][0xef][0xbf][0xbd]2[0xef][0xbf][0xbd]>[0xef][0xbf][0xbd][0x16][0x1b])W[0xef][0xbf][0xbd]Qb[0x16]v[0xef][0xbf][0xbd]0Sv[0xef][0xbf][0xbd][0x6][0xef][0xbf][0xbd][0x1][0xef][0xbf][0xbd] mu[0xef][0xbf][0xbd]q"1[0xef][0xbf][0xbd][0xef][0xbf][0xbd][0xef][0xbf][0xbd][0xef][0xbf][0xbd][0xef][0xbf][0xbd]v[0x17]&5[0xef][0xbf][0xbd][0xef][0xbf][0xbd][0xef][0xbf][0xbd][0xef][0xbf][0xbd]9[0xef][0xbf][0xbd][0xef][0xbf][0xbd][0xef][0xbf][0xbd]}E[0x16][0xb][0xef][0xbf][0xbd][0xef][0xbf][0xbd][0x1b][0xef][0xbf][0xbd][0xef][0xbf][0xbd]\[0xef][0xbf][0xbd][0xef][0xbf][0xbd][0xef][0xbf][0xbd]j[0xef][0xbf][0xbd](8[0xef][0xbf][0xbd][0xef][0xbf][0xbd]3LM[0xcf][0xa5][0xef][0xbf][0xbd]&xhC[0xef][0xbf][0xbd]|[0xef][0xbf][0xbd][0xef][0xbf][0xbd]$[0xef][0xbf][0xbd]14[0xef][0xbf][0xbd]k[0x10];[0xef][0xbf][0xbd][0xd7][0x9c]V|[0xef][0xbf][0xbd][0xef][0xbf][0xbd][0xef][0xbf][0xbd][0xef][0xbf][0xbd][0xef][0xbf][0xbd]aI[0x1e]7$l[0xef][0xbf][0xbd][0xef][0xbf][0xbd][0xef][0xbf][0xbd][0x1e][0x15]Kp[0x13][0xef][0xbf][0xbd][0xef][0xbf][0xbd]rv[0xef][0xbf][0xbd]Zd[0xef][0xbf][0xbd][0xef][0xbf][0xbd]![0xef][0xbf][0xbd][0xef][0xbf][0xbd]B[0xef][0xbf][0xbd]_[0xef][0xbf][0xbd][0xef][0xbf][0xbd]w#[0xef][0xbf][0xbd]ZJ^W[0x18]6[0xef][0xbf][0xbd]X[0xef][0xbf][0xbd]~[0xef][0xbf][0xbd][0xef][0xbf][0xbd]t[0xef][0xbf][0xbd][0x3][0xef][0xbf][0xbd][0xef][0xbf][0xbd][0xef][0xbf][0xbd][0xef][0xbf][0xbd]f/[0xef][0xbf][0xbd]>~[0xef][0xbf][0xbd]0[0xef][0xbf][0xbd],[0xef][0xbf][0xbd][\r][0xd2][0x85][0x15][0xef][0xbf][0xbd].[0xef][0xbf][0xbd][0xef][0xbf][0xbd][0x1e][0xef][0xbf][0xbd]aQ[0xef][0xbf][0xbd]b[0xef][0xbf][0xbd][0xe][0xef][0xbf][0xbd][0x1a][0xef][0xbf][0xbd][0xef][0xbf][0xbd][0x1b]d[0x17][0xef][0xbf][0xbd][0xef][0xbf][0xbd][0xef][0xbf][0xbd][0xef][0xbf][0xbd][0x17]@[0x19][0xef][0xbf][0xbd]f[0x3]0[0xef][0xbf][0xbd][0x4][0xef][0xbf][0xbd]CC[0xef][0xbf][0xbd][0xef][0xbf][0xbd]K[0xef][0xbf][0xbd]:[0xef][0xbf][0xbd][0xef][0xbf][0xbd];[0xef][0xbf][0xbd]F#[0xef][0xbf][0xbd]u[0x13][0xef][0xbf][0xbd][0xef][0xbf][0xbd][0xef][0xbf][0xbd]\_[0xef][0xbf][0xbd]CE[0xef][0xbf][0xbd][0xef][0xbf][0xbd][0xef][0xbf][0xbd][0xd6][0x94]>[0x6][0xef][0xbf][0xbd][0xef][0xbf][0xbd]9{U[0xef][0xbf][0xbd][0xef][0xbf][0xbd]J1|{_[0xef][0xbf][0xbd]W,[0xef][0xbf][0xbd][0x8]h[0xef][0xbf][0xbd]9[0xef][0xbf][0xbd][0xef][0xbf][0xbd]g[0xef][0xbf][0xbd][0x9][0xef][0xbf][0xbd][0xef][0xbf][0xbd][0xef][0xbf][0xbd][0xef][0xbf][0xbd]H[0xef][0xbf][0xbd]<$[0xef][0xbf][0xbd][0x4]u0[0xef][0xbf][0xbd]~kE5[0xef][0xbf][0xbd]T8[0x12];P'][0xef][0xbf][0xbd][0x0]0(kG&j[0xef][0xbf][0xbd][0xef][0xbf][0xbd][0xef][0xbf][0xbd]L[0x19][0xef][0xbf][0xbd][0xef][0xbf][0xbd][0xef][0xbf][0xbd][0xef][0xbf][0xbd][0xef][0xbf][0xbd][0xef][0xbf][0xbd]Lj[0x6][0xef][0xbf][0xbd][0x0][0xef][0xbf][0xbd][\r][0xef][0xbf][0xbd][0xef][0xbf][0xbd]Jj~[0xef][0xbf][0xbd]AQt[0xef][0xbf][0xbd][0x0][0xef][0xbf][0xbd]Tm[0x19][0xef][0xbf][0xbd]r[0xef][0xbf][0xbd][0xef][0xbf][0xbd]F[0xef][0xbf][0xbd][0xd2][0x99]:r[0xef][0xbf][0xbd]}W,[0xef][0xbf][0xbd]kO[0xef][0xbf][0xbd][0xd4][0xb6][0xef][0xbf][0xbd][0x4][0xef][0xbf][0xbd]A[0xef][0xbf][0xbd])e[0xef][0xbf][0xbd][0x8]`8[0xef][0xbf][0xbd]F[0x1f]q[0x3][0xef][0xbf][0xbd]f..[0xef][0xbf][0xbd][0xef][0xbf][0xbd][0xc3][0xb7][0xef][0xbf][0xbd][0xef][0xbf][0xbd][0xef][0xbf][0xbd][0x6][0xef][0xbf][0xbd]c[0xef][0xbf][0xbd]+^[0xef][0xbf][0xbd][0xef][0xbf][0xbd]|<[0xef][0xbf][0xbd][0xef][0xbf][0xbd][0xef][0xbf][0xbd][0xef][0xbf][0xbd][0xef][0xbf][0xbd][0xe]+[0xef][0xbf][0xbd][0xef][0xbf][0xbd][0xef][0xbf][0xbd][0xef][0xbf][0xbd]U[0xef][0xbf][0xbd]_[\n]"
07:56:28.809 [main] DEBUG org.apache.http.wire -  >> "[0x1c][0xef][0xbf][0xbd][0xef][0xbf][0xbd]9[0x0][0xef][0xbf][0xbd][0xef][0xbf][0xbd]^*[0xef][0xbf][0xbd][0xef][0xbf][0xbd]7[0xc3][0xb3][\n]"
07:56:28.810 [main] DEBUG org.apache.http.wire -  >> "O8[0xef][0xbf][0xbd][\r]6[0xef][0xbf][0xbd][0xef][0xbf][0xbd][0x16][0x1b][0xca][0x8d]O[0xda][0xae]YO;?#![0xef][0xbf][0xbd]O[0xef][0xbf][0xbd][0xef][0xbf][0xbd]I[0xef][0xbf][0xbd]g[0xef][0xbf][0xbd][0xef][0xbf][0xbd][0xef][0xbf][0xbd]Rx=y[0xc9][0xb2][0xef][0xbf][0xbd][0x1d]p[0xef][0xbf][0xbd]+[0xef][0xbf][0xbd][0x2]1t[0xef][0xbf][0xbd]y[0xef][0xbf][0xbd][0xef][0xbf][0xbd][0xef][0xbf][0xbd][0xef][0xbf][0xbd][0x1c]o[0xef][0xbf][0xbd][0xef][0xbf][0xbd][0xef][0xbf][0xbd][0x1e] E[0xef][0xbf][0xbd][0xef][0xbf][0xbd]*fV[0xef][0xbf][0xbd]%[0xef][0xbf][0xbd][0xef][0xbf][0xbd](`[0xef][0xbf][0xbd][0xef][0xbf][0xbd]E`[0x19][0xef][0xbf][0xbd][0xef][0xbf][0xbd]N[0xef][0xbf][0xbd]{m[0xef][0xbf][0xbd][0xef][0xbf][0xbd][0xef][0xbf][0xbd]v[0xef][0xbf][0xbd]2[0xef][0xbf][0xbd])[0xef][0xbf][0xbd][0x4][0x19][0x7][0x18]o[0xef][0xbf][0xbd][0xef][0xbf][0xbd][0x2][0xf][0x3]ItRNQ[0xef][0xbf][0xbd][0xd3][0x98]f[0xf]x[0xef][0xbf][0xbd][0xef][0xbf][0xbd][0xef][0xbf][0xbd]V[0xef][0xbf][0xbd]Q[0xef][0xbf][0xbd][0x1b][0xd0][0x81][0xef][0xbf][0xbd]o9vl[0xef][0xbf][0xbd]s[0xef][0xbf][0xbd][0xef][0xbf][0xbd][0x3][0xef][0xbf][0xbd]f[0xc2][0xbc][\n]"
07:56:28.810 [main] DEBUG org.apache.http.wire -  >> "e[0x1]B[0xef][0xbf][0xbd]60[0xef][0xbf][0xbd]\[0xc]L[0xef][0xbf][0xbd][0xef][0xbf][0xbd][0xef][0xbf][0xbd]Q[0xf][0x0][0xef][0xbf][0xbd][0xef][0xbf][0xbd][0xb][0xef][0xbf][0xbd]e[0xef][0xbf][0xbd][0xef][0xbf][0xbd]A[0xef][0xbf][0xbd][0x1c][0xef][0xbf][0xbd][0xef][0xbf][0xbd][0xef][0xbf][0xbd][0xef][0xbf][0xbd][0xef][0xbf][0xbd];[0xe][0xef][0xbf][0xbd]1[0xef][0xbf][0xbd][0xef][0xbf][0xbd]t1rt[0xef][0xbf][0xbd][0x15]}[0xef][0xbf][0xbd][0xef][0xbf][0xbd][0xef][0xbf][0xbd][0xef][0xbf][0xbd][0x9][0xef][0xbf][0xbd][\r]V[0xef][0xbf][0xbd]1[0xd6][0x9d][0xef][0xbf][0xbd][0xef][0xbf][0xbd][\r][0x0]`[0xef][0xbf][0xbd][0xef][0xbf][0xbd][0xe]u3[0xef][0xbf][0xbd][0x6][0xef][0xbf][0xbd][0xef][0xbf][0xbd].([0xef][0xbf][0xbd] [0x11][\n]"
07:56:28.810 [main] DEBUG org.apache.http.wire -  >> "[0xef][0xbf][0xbd]E[0x3][0xef][0xbf][0xbd]0ad[0x7]]R[0xef][0xbf][0xbd][0xef][0xbf][0xbd][0x5][0xef][0xbf][0xbd][0xef][0xbf][0xbd][0xef][0xbf][0xbd]=@[0xef][0xbf][0xbd][0xef][0xbf][0xbd]kr*#[0xef][0xbf][0xbd]7[0xef][0xbf][0xbd][0xef][0xbf][0xbd][0xef][0xbf][0xbd][0xef][0xbf][0xbd][0x10][0x1d][0xef][0xbf][0xbd][0xef][0xbf][0xbd][0xef][0xbf][0xbd]*[0xc5][0x87][0xef][0xbf][0xbd]?[0xef][0xbf][0xbd]g?`[0xef][0xbf][0xbd][0xef][0xbf][0xbd][0xef][0xbf][0xbd]3[0xef][0xbf][0xbd]c[0xef][0xbf][0xbd][0xef][0xbf][0xbd]-[0xef][0xbf][0xbd][0xef][0xbf][0xbd][0xef][0xbf][0xbd][0xef][0xbf][0xbd]0[0xef][0xbf][0xbd][0xef][0xbf][0xbd][[0x11]J[0xef][0xbf][0xbd]#XR[0xef][0xbf][0xbd]5[0xef][0xbf][0xbd]M[0x10][0x9]I[0x1c])D[0xef][0xbf][0xbd].[0xef][0xbf][0xbd][0xef][0xbf][0xbd][0xef][0xbf][0xbd][0x16]W[0xef][0xbf][0xbd]Z[0xef][0xbf][0xbd]R[0x19],[0x8]w[0x1f][0xef][0xbf][0xbd][0xef][0xbf][0xbd][0xef][0xbf][0xbd]'[0xef][0xbf][0xbd][0xef][0xbf][0xbd][0xef][0xbf][0xbd][0x19]h[0xef][0xbf][0xbd],[0xef][0xbf][0xbd][0xef][0xbf][0xbd][0xef][0xbf][0xbd][[0xcc][0xbd][0xef][0xbf][0xbd]YP[0xef][0xbf][0xbd][0xef][0xbf][0xbd][0xef][0xbf][0xbd]O][0x19][0xd6][0xba][0x6][0xef][0xbf][0xbd][0x2]y[0xef][0xbf][0xbd][0xef][0xbf][0xbd]V[0x6]-[0xef][0xbf][0xbd][0x10][0xef][0xbf][0xbd][0xef][0xbf][0xbd][0xc3][0x93][0xef][0xbf][0xbd][0xc][0x1d][0xef][0xbf][0xbd][0xef][0xbf][0xbd][0xef][0xbf][0xbd]=[0xef][0xbf][0xbd]Kt[0xef][0xbf][0xbd][0x1f]'j[0xef][0xbf][0xbd][0xef][0xbf][0xbd]'0e9[0xef][0xbf][0xbd][0xef][0xbf][0xbd][0xef][0xbf][0xbd][0xb][0xef][0xbf][0xbd][0xef][0xbf][0xbd][0xef][0xbf][0xbd][0xef][0xbf][0xbd][0xef][0xbf][0xbd]^4[0x19][0xef][0xbf][0xbd]I[0xef][0xbf][0xbd][0xef][0xbf][0xbd]y[0xef][0xbf][0xbd][0xef][0xbf][0xbd][0xef][0xbf][0xbd]][0x10][0xef][0xbf][0xbd][[0xef][0xbf][0xbd][0xef][0xbf][0xbd]9S[0xef][0xbf][0xbd][0xef][0xbf][0xbd]r[0xef][0xbf][0xbd][0xef][0xbf][0xbd][0xe][0xef][0xbf][0xbd][0xef][0xbf][0xbd][0xef][0xbf][0xbd]4[0xef][0xbf][0xbd][0xef][0xbf][0xbd][0xef][0xbf][0xbd]m[0xef][0xbf][0xbd][m[0xef][0xbf][0xbd]@G[0xef][0xbf][0xbd]!i[0xef][0xbf][0xbd])[0x13]=[0xf][0xef][0xbf][0xbd][0xef][0xbf][0xbd][0xef][0xbf][0xbd]F[0xef][0xbf][0xbd][0xef][0xbf][0xbd][0xef][0xbf][0xbd][0xef][0xbf][0xbd][0xef][0xbf][0xbd]\[0xef][0xbf][0xbd][0x1e][0xef][0xbf][0xbd][0x8]@[0xef][0xbf][0xbd][0xef][0xbf][0xbd][0xef][0xbf][0xbd][0xef][0xbf][0xbd][0xe]x^V[0xef][0xbf][0xbd]0[0xef][0xbf][0xbd][0xef][0xbf][0xbd][0xef][0xbf][0xbd]?\j5[0xef][0xbf][0xbd]A~[0x4]uM[0xef][0xbf][0xbd][0x12][0xef][0xbf][0xbd]DH[0xef][0xbf][0xbd][0x5]8[0xef][0xbf][0xbd][0xef][0xbf][0xbd][0xef][0xbf][0xbd]v1([0xef][0xbf][0xbd][0xef][0xbf][0xbd][0x1d]F[0xef][0xbf][0xbd][0xef][0xbf][0xbd]h[0xef][0xbf][0xbd]d[0xef][0xbf][0xbd]kim[0x1d]#[0x18][0xef][0xbf][0xbd][0xef][0xbf][0xbd][0x6]M\[0xef][0xbf][0xbd][0xef][0xbf][0xbd][0x15]P[0xef][0xbf][0xbd]:[0xef][0xbf][0xbd][0xef][0xbf][0xbd]w[0xef][0xbf][0xbd]]@[0xef][0xbf][0xbd][0xef][0xbf][0xbd]][0xef][0xbf][0xbd][0xef][0xbf][0xbd][0xef][0xbf][0xbd][0xef][0xbf][0xbd][0xef][0xbf][0xbd][0x1b][0xef][0xbf][0xbd]?[0xef][0xbf][0xbd][0x18][0xef][0xbf][0xbd]1[0xef][0xbf][0xbd]"[0xef][0xbf][0xbd][0xef][0xbf][0xbd]F/v[0xef][0xbf][0xbd] [0xef][0xbf][0xbd][0xef][0xbf][0xbd]4G[0xef][0xbf][0xbd][0xef][0xbf][0xbd][0xda][0xaa][0xef][0xbf][0xbd][0xef][0xbf][0xbd][0xf][0xef][0xbf][0xbd]D[0xef][0xbf][0xbd][0xef][0xbf][0xbd]0[0xef][0xbf][0xbd]1[0xef][0xbf][0xbd]u[0xef][0xbf][0xbd][0xef][0xbf][0xbd]Bu"[0x1f]g[0xef][0xbf][0xbd][0xef][0xbf][0xbd][0xef][0xbf][0xbd]P>[0xef][0xbf][0xbd][0xef][0xbf][0xbd][0xef][0xbf][0xbd][0x1f][0xef][0xbf][0xbd]#&0[0xef][0xbf][0xbd];[0xef][0xbf][0xbd][0xd8][0x92]x[0xef][0xbf][0xbd][0xef][0xbf][0xbd][0xef][0xbf][0xbd][0xef][0xbf][0xbd][0x9][0x4].J[0xef][0xbf][0xbd][0xef][0xbf][0xbd][0xef][0xbf][0xbd](c![0xef][0xbf][0xbd][0xef][0xbf][0xbd][0xef][0xbf][0xbd];[0xef][0xbf][0xbd][[0xef][0xbf][0xbd]j][0xef][0xbf][0xbd][0xef][0xbf][0xbd][0x18][0xef][0xbf][0xbd][0xef][0xbf][0xbd]bX[0xef][0xbf][0xbd][0x19][0x7][0xef][0xbf][0xbd]0F7:[0xef][0xbf][0xbd][0xef][0xbf][0xbd]eE[0xef][0xbf][0xbd]|[0xef][0xbf][0xbd]9[0xef][0xbf][0xbd][0xef][0xbf][0xbd]7[0xef][0xbf][0xbd]l[0xef][0xbf][0xbd]e[0xef][0xbf][0xbd][0x10][0xef][0xbf][0xbd]0[0xef][0xbf][0xbd][0xef][0xbf][0xbd]F[0xef][0xbf][0xbd][0xef][0xbf][0xbd]P[0xef][0xbf][0xbd]?[0xef][0xbf][0xbd]iy+[0xef][0xbf][0xbd]4`[0xef][0xbf][0xbd][0xcb][0x98][0xef][0xbf][0xbd][0xef][0xbf][0xbd]4[0xef][0xbf][0xbd]"[\n]"
07:56:28.810 [main] DEBUG org.apache.http.wire -  >> "[0xef][0xbf][0xbd]v1[0xef][0xbf][0xbd]C[0xef][0xbf][0xbd][0x2]f[0xef][0xbf][0xbd]][0xb][0xef][0xbf][0xbd]?[0xef][0xbf][0xbd][0xef][0xbf][0xbd][0x11][0xef][0xbf][0xbd][0x11]j[0x12][0xef][0xbf][0xbd]w[0xef][0xbf][0xbd][0xd9][0x90][0xef][0xbf][0xbd]U%@[0xef][0xbf][0xbd]f[0xef][0xbf][0xbd][0xef][0xbf][0xbd]1[0xef][0xbf][0xbd][0xef][0xbf][0xbd][0xca][0x98]r[0x1b][0x19][0xef][0xbf][0xbd][0xef][0xbf][0xbd]J[0xef][0xbf][0xbd]<[0xef][0xbf][0xbd]1[0x1c][0x1f][0xef][0xbf][0xbd][0x19][0xef][0xbf][0xbd][0x0]#[0x9][0xef][0xbf][0xbd][0x5][0xcd][0xa4]![0xef][0xbf][0xbd][0xef][0xbf][0xbd]1[0xef][0xbf][0xbd][0xef][0xbf][0xbd][0x17][0xef][0xbf][0xbd][0xef][0xbf][0xbd][0xef][0xbf][0xbd][0x1c][0xef][0xbf][0xbd][0xef][0xbf][0xbd][0xef][0xbf][0xbd]l,[0xef][0xbf][0xbd][0xef][0xbf][0xbd][0xe]!"z[0xef][0xbf][0xbd][0xef][0xbf][0xbd][0x18][0xef][0xbf][0xbd][0xf][0x18]k[0xef][0xbf][0xbd]<[[0x11][0x18][0x19][0xef][0xbf][0xbd]6][0xef][0xbf][0xbd]g[0xef][0xbf][0xbd]h[0xef][0xbf][0xbd][0xef][0xbf][0xbd] [0xef][0xbf][0xbd]3?[0xef][0xbf][0xbd][0xef][0xbf][0xbd][0xef][0xbf][0xbd][0xef][0xbf][0xbd][0xef][0xbf][0xbd][0xef][0xbf][0xbd][0xef][0xbf][0xbd]9[0xef][0xbf][0xbd][0xef][0xbf][0xbd]V[0xef][0xbf][0xbd][0xd4][0xbb][0xcf][0xbd][0xef][0xbf][0xbd]/[0xef][0xbf][0xbd][0xef][0xbf][0xbd]1p[0xef][0xbf][0xbd][0xef][0xbf][0xbd][0xef][0xbf][0xbd][0xef][0xbf][0xbd][0xef][0xbf][0xbd][0x1b];-/G[0xef][0xbf][0xbd]9[0xef][0xbf][0xbd]o[0xef][0xbf][0xbd][0x15][0xef][0xbf][0xbd][0xef][0xbf][0xbd]a+[0x9]H[0xef][0xbf][0xbd]gnFe[0xef][0xbf][0xbd]i[0xef][0xbf][0xbd]j[0xef][0xbf][0xbd][0xef][0xbf][0xbd].[0xd4][0x95]e.[0xef][0xbf][0xbd]@[0xef][0xbf][0xbd][0xef][0xbf][0xbd][0xef][0xbf][0xbd]}V[0xef][0xbf][0xbd][0xe8][0x99][0x8d][0xef][0xbf][0xbd][0xef][0xbf][0xbd]8[0xef][0xbf][0xbd][0xef][0xbf][0xbd]/z[0xef][0xbf][0xbd];[0xef][0xbf][0xbd]#[0x13][0x4][0xef][0xbf][0xbd][0x19][0xef][0xbf][0xbd]i[0xef][0xbf][0xbd][0xef][0xbf][0xbd]X[0xef][0xbf][0xbd]~[0x14]W[0xef][0xbf][0xbd][0x8]#[0xef][0xbf][0xbd]n[0xef][0xbf][0xbd]+[0xef][0xbf][0xbd][0xef][0xbf][0xbd][0xef][0xbf][0xbd][0xef][0xbf][0xbd]t`TZ{[0xef][0xbf][0xbd]kV[0xef][0xbf][0xbd][0x1a]|[0xd9][0x8c][0xef][0xbf][0xbd]}[0xef][0xbf][0xbd]da"[0xef][0xbf][0xbd]O{W[0xef][0xbf][0xbd]h[0xef][0xbf][0xbd]n[0xef][0xbf][0xbd]z[0xef][0xbf][0xbd][0xef][0xbf][0xbd][0xef][0xbf][0xbd]W[0xef][0xbf][0xbd]_[0x1e]F[0xef][0xbf][0xbd][0xef][0xbf][0xbd][0xef][0xbf][0xbd]A[0xef][0xbf][0xbd][0x1a]6[0xef][0xbf][0xbd][0xef][0xbf][0xbd][0xef][0xbf][0xbd][0xe][0xef][0xbf][0xbd][0xef][0xbf][0xbd][0xde][0x87]FD.AFjt[0xef][0xbf][0xbd][0x1f]_[0xef][0xbf][0xbd];[0xef][0xbf][0xbd]&[0x19][0xef][0xbf][0xbd][0xef][0xbf][0xbd]E%[0xcf][0x84][0xef][0xbf][0xbd]L[0xef][0xbf][0xbd]9M[0x4]$[0x3]A[\r][0xef][0xbf][0xbd][0xef][0xbf][0xbd][0xef][0xbf][0xbd][0xef][0xbf][0xbd][0xef][0xbf][0xbd][0x4]P@[0x7][0xef][0xbf][0xbd]BcB[0xef][0xbf][0xbd][0xef][0xbf][0xbd]'[0xef][0xbf][0xbd][0xef][0xbf][0xbd][0xef][0xbf][0xbd]Q=]lvZ0V[0x18][0xef][0xbf][0xbd]![0xef][0xbf][0xbd][0xef][0xbf][0xbd]@[0xca][0x85][0xef][0xbf][0xbd][0xe][0x8][0xef][0xbf][0xbd]s[0xef][0xbf][0xbd][0xef][0xbf][0xbd][0xef][0xbf][0xbd][0xef][0xbf][0xbd][0xf]sAcf[\r]nM[0xef][0xbf][0xbd]BAT[0xef][0xbf][0xbd]}[0x1c]S[0xef][0xbf][0xbd]{%}[0xef][0xbf][0xbd]G'3[0x14][0xef][0xbf][0xbd][0x15]-j[0xef][0xbf][0xbd][0xef][0xbf][0xbd]{TM[0xef][0xbf][0xbd][0xef][0xbf][0xbd][0x1b]0[0xef][0xbf][0xbd][0xc3][0xa8][0xef][0xbf][0xbd][0xef][0xbf][0xbd][0x4][0xef][0xbf][0xbd][0xef][0xbf][0xbd][0xef][0xbf][0xbd][0xef][0xbf][0xbd]=u[0xef][0xbf][0xbd][0x1e]z[0xd7][0x8b][0xef][0xbf][0xbd]}[0xef][0xbf][0xbd]G[0xef][0xbf][0xbd]RF[0xef][0xbf][0xbd][0xef][0xbf][0xbd]r[0xef][0xbf][0xbd]=[0xef][0xbf][0xbd][0x1c]\[0xef][0xbf][0xbd][0xc7][0x9f]{![0xef][0xbf][0xbd][0x4]l[0xef][0xbf][0xbd][0xda][0x9a][0x1d][0x0]Q[0xef][0xbf][0xbd][0xef][0xbf][0xbd]D6y[0xef][0xbf][0xbd][0xef][0xbf][0xbd][0xef][0xbf][0xbd][0xef][0xbf][0xbd][0xef][0xbf][0xbd][0xef][0xbf][0xbd][0xef][0xbf][0xbd][0xef][0xbf][0xbd][0x4])\'[0xef][0xbf][0xbd][0xef][0xbf][0xbd]*4*[0xef][0xbf][0xbd][0xef][0xbf][0xbd][0x1d][0xef][0xbf][0xbd][0x1d]3[0x14][0xef][0xbf][0xbd][0xef][0xbf][0xbd]/[0x1c]?q[0xef][0xbf][0xbd]]@[0xef][0xbf][0xbd]%Z3[0xef][0xbf][0xbd][0xc5][0xa4]&[\r][0xef][0xbf][0xbd][0xef][0xbf][0xbd]D3[0xef][0xbf][0xbd]IQK[0x8][0xef][0xbf][0xbd]JH[0x1d][0xef][0xbf][0xbd](a&[0x1e][0xef][0xbf][0xbd]T^[0xef][0xbf][0xbd](*[0xef][0xbf][0xbd][0x12][0xef][0xbf][0xbd][0x6][0xef][0xbf][0xbd][0xef][0xbf][0xbd][0xef][0xbf][0xbd][0xef][0xbf][0xbd][0x8][0xef][0xbf][0xbd][0xef][0xbf][0xbd][0x12]w[0xeb][0x98][0x98]f@[0xef][0xbf][0xbd][0xef][0xbf][0xbd]WmN[0xef][0xbf][0xbd]#[0x13][0xef][0xbf][0xbd][0xef][0xbf][0xbd]+[0xef][0xbf][0xbd][0xef][0xbf][0xbd][0xef][0xbf][0xbd][0xef][0xbf][0xbd]Tx[0xef][0xbf][0xbd]g}[0xef][0xbf][0xbd][0x4][0x19]#[0xef][0xbf][0xbd][0x1a][0x18][0xb][0xef][0xbf][0xbd]&[0xef][0xbf][0xbd]G[0x15]bT[0xef][0xbf][0xbd][0xef][0xbf][0xbd][0x12]a[0x2][0x0]u[0xef][0xbf][0xbd]M@[0xef][0xbf][0xbd][0xef][0xbf][0xbd][0xef][0xbf][0xbd]([0xef][0xbf][0xbd]E[0x3]gP*0[0x1c][0xef][0xbf][0xbd]9D[0xef][0xbf][0xbd][0xef][0xbf][0xbd]`[0x2][0xef][0xbf][0xbd]d3^[0xef][0xbf][0xbd]T5T[0xef][0xbf][0xbd][0xef][0xbf][0xbd]9Q[0xef][0xbf][0xbd][0xef][0xbf][0xbd][0xc3][0xbc][0xcc][0x9b]~:Ey[0xef][0xbf][0xbd]zo[0xef][0xbf][0xbd][0xf][0x0]V4p[0x6][0xef][0xbf][0xbd]][0xef][0xbf][0xbd]4l[0xef][0xbf][0xbd]N[0xef][0xbf][0xbd]S[0xef][0xbf][0xbd]8[0x1a][0xef][0xbf][0xbd][0xef][0xbf][0xbd][0xef][0xbf][0xbd][0xef][0xbf][0xbd][0x1e][0xef][0xbf][0xbd][0xef][0xbf][0xbd][0x9][0xef][0xbf][0xbd][0xef][0xbf][0xbd][0xef][0xbf][0xbd][0xef][0xbf][0xbd]e[0xef][0xbf][0xbd]2j[0xef][0xbf][0xbd]4}[0xef][0xbf][0xbd]L[0xef][0xbf][0xbd]*X4K'1v[0xef][0xbf][0xbd]6~[0xef][0xbf][0xbd][0xef][0xbf][0xbd][0xef][0xbf][0xbd][0xef][0xbf][0xbd][0x13][0xef][0xbf][0xbd][0xef][0xbf][0xbd][0xef][0xbf][0xbd]~[0xef][0xbf][0xbd][0xef][0xbf][0xbd]o[0xef][0xbf][0xbd][0xef][0xbf][0xbd]][0xef][0xbf][0xbd]I[0xef][0xbf][0xbd][0xef][0xbf][0xbd][0xec][0x98][0x92][0x1f][0xef][0xbf][0xbd]t1[0xdb][0x8f]E[0xef][0xbf][0xbd][0xef][0xbf][0xbd]~[0xef][0xbf][0xbd][0xc6][0xb2][0xef][0xbf][0xbd][0xc6][0x85][0xef][0xbf][0xbd][0xef][0xbf][0xbd][0xef][0xbf][0xbd][0xef][0xbf][0xbd][0xef][0xbf][0xbd]M[0xef][0xbf][0xbd]h[0xd6][0x82]G'[0x1][0xdb][0x8c][0xef][0xbf][0xbd][0x16]*[0x3][0xef][0xbf][0xbd]N[0xef][0xbf][0xbd][0xef][0xbf][0xbd]=][0xef][0xbf][0xbd][0x1f]~2[0xef][0xbf][0xbd][0xef][0xbf][0xbd][0xef][0xbf][0xbd]}h[0x2][0x14][0xef][0xbf][0xbd][0xef][0xbf][0xbd][0xf]f[0xef][0xbf][0xbd][0xef][0xbf][0xbd][+[0xef][0xbf][0xbd]j[\n]"
07:56:28.817 [main] DEBUG org.apache.http.wire -  >> "+C[0xef][0xbf][0xbd]8[0xef][0xbf][0xbd][0x7]O[0xef][0xbf][0xbd][0xef][0xbf][0xbd]J\[0xef][0xbf][0xbd]Y[0xef][0xbf][0xbd][0xef][0xbf][0xbd][0xef][0xbf][0xbd][0xef][0xbf][0xbd][0x17][0x16][0xef][0xbf][0xbd]l[0xef][0xbf][0xbd][0xce][0xac][0xef][0xbf][0xbd]$;S][0x13][0xef][0xbf][0xbd][0xef][0xbf][0xbd][0xef][0xbf][0xbd]z[0xef][0xbf][0xbd][0x14][0xef][0xbf][0xbd][0xef][0xbf][0xbd][0xef][0xbf][0xbd][0xef][0xbf][0xbd][0xef][0xbf][0xbd][0xef][0xbf][0xbd][0x12][0xef][0xbf][0xbd][0xef][0xbf][0xbd][0xd2][0x9d][0xef][0xbf][0xbd][0x19][0x9][0xef][0xbf][0xbd][0xef][0xbf][0xbd][[0xef][0xbf][0xbd]@[0xef][0xbf][0xbd]"
07:56:28.817 [main] DEBUG org.apache.http.wire -  >> "[0xef][0xbf][0xbd][0x14][0x11][0xef][0xbf][0xbd]][0xef][0xbf][0xbd]=vo[0xdf][0xb6]c7[0xef][0xbf][0xbd]Xi[0xef][0xbf][0xbd][0xef][0xbf][0xbd]5[0xef][0xbf][0xbd]aG;j([0xef][0xbf][0xbd][0xef][0xbf][0xbd][0xef][0xbf][0xbd]uw[0xef][0xbf][0xbd][0xef][0xbf][0xbd][0xef][0xbf][0xbd]q[0xef][0xbf][0xbd]3id[0xc]0/1[0xef][0xbf][0xbd][0xef][0xbf][0xbd][0xca][0xba][0xef][0xbf][0xbd]]o#[0xef][0xbf][0xbd][0xef][0xbf][0xbd]0[0xef][0xbf][0xbd]$[0xc6][0x82][0x18][0x17][0x16][0x13]R:[0x1b][0xef][0xbf][0xbd][0xc6][0x80][0xef][0xbf][0xbd][0xef][0xbf][0xbd][0xef][0xbf][0xbd][0x12][0xc][0x16][\n]"
07:56:28.818 [main] DEBUG org.apache.http.wire -  >> "$T[0xf0][0xa9][0x92][0xb7] [0xef][0xbf][0xbd]4F[0xd8][0x9e][0xef][0xbf][0xbd]8tX[0xef][0xbf][0xbd][0xef][0xbf][0xbd]V[0xef][0xbf][0xbd][0xef][0xbf][0xbd]$[0xef][0xbf][0xbd]n[0x1d][0xef][0xbf][0xbd]2{Y[0xef][0xbf][0xbd][0xef][0xbf][0xbd][0x1b][0xef][0xbf][0xbd]L[0xef][0xbf][0xbd]5b[0xef][0xbf][0xbd]{[0xef][0xbf][0xbd][0x15][0xef][0xbf][0xbd]\[0xb][0xef][0xbf][0xbd]uh2[0xf][0xef][0xbf][0xbd]|[0x12][0xef][0xbf][0xbd]R[0xef][0xbf][0xbd][0xc8][0x90][0xef][0xbf][0xbd][0xef][0xbf][0xbd][0xef][0xbf][0xbd][0xef][0xbf][0xbd][0xef][0xbf][0xbd];[0xef][0xbf][0xbd][0xef][0xbf][0xbd][0xef][0xbf][0xbd][0xef][0xbf][0xbd]}f[0xef][0xbf][0xbd]K[0xef][0xbf][0xbd][0xef][0xbf][0xbd][0xef][0xbf][0xbd][0xef][0xbf][0xbd]_y[0xef][0xbf][0xbd][0xef][0xbf][0xbd]>~X[0xef][0xbf][0xbd][0xef][0xbf][0xbd]l[0xef][0xbf][0xbd][0xef][0xbf][0xbd]z[0xeb][0xa1][0xb4]d[0x7][0xef][0xbf][0xbd];][0x14][0xef][0xbf][0xbd][0xef][0xbf][0xbd]{[0x7] Zlr[0xef][0xbf][0xbd]I[0xef][0xbf][0xbd][0xef][0xbf][0xbd]QQ77[0xef][0xbf][0xbd][0xef][0xbf][0xbd][0xef][0xbf][0xbd]&[0xc][0xef][0xbf][0xbd][0xef][0xbf][0xbd][0xef][0xbf][0xbd][0xef][0xbf][0xbd][0x1c][0xdd][0x89][0xef][0xbf][0xbd][0xef][0xbf][0xbd][0xef][0xbf][0xbd][0xef][0xbf][0xbd][0xef][0xbf][0xbd][0xef][0xbf][0xbd][0xef][0xbf][0xbd][0xef][0xbf][0xbd]Qq|[0xef][0xbf][0xbd][0xb][0xef][0xbf][0xbd][0x8]",y[0xd1][0x82]u[0xef][0xbf][0xbd]1[0xef][0xbf][0xbd][0x11][0xef][0xbf][0xbd][0xef][0xbf][0xbd]F[0xef][0xbf][0xbd][0xdc][0x88][0xef][0xbf][0xbd]J#[0x17][0xef][0xbf][0xbd][0xef][0xbf][0xbd][0xef][0xbf][0xbd]A[0xdb][0x86][0xef][0xbf][0xbd][0xef][0xbf][0xbd]"}[0xef][0xbf][0xbd][0xef][0xbf][0xbd]7S[0xef][0xbf][0xbd][0xef][0xbf][0xbd][0xef][0xbf][0xbd]R[0xef][0xbf][0xbd]+p[0xef][0xbf][0xbd]x[0xef][0xbf][0xbd][0xef][0xbf][0xbd][0xef][0xbf][0xbd]R[0xef][0xbf][0xbd]K[0xef][0xbf][0xbd]U[0xef][0xbf][0xbd]9O[0xef][0xbf][0xbd]>/[0xef][0xbf][0xbd]T[0xef][0xbf][0xbd]vj[0xef][0xbf][0xbd]4[[\n]"
07:56:28.818 [main] DEBUG org.apache.http.wire -  >> "[0x1d][0xef][0xbf][0xbd]h[0xef][0xbf][0xbd]4!a[0xef][0xbf][0xbd]z[0xef][0xbf][0xbd][0x8][0xef][0xbf][0xbd][0x9]4[0xef][0xbf][0xbd][0xef][0xbf][0xbd][0xef][0xbf][0xbd]C[0xef][0xbf][0xbd]T[\r]cwdG[0xef][0xbf][0xbd][0xef][0xbf][0xbd][0xef][0xbf][0xbd]b[0xef][0xbf][0xbd][0xf]B[0xef][0xbf][0xbd][0xef][0xbf][0xbd][0xef][0xbf][0xbd][0xef][0xbf][0xbd]j[0xe7][0xbc][0x97][0xef][0xbf][0xbd][0x9][0x13]-[0xef][0xbf][0xbd][0x15][0xef][0xbf][0xbd][0xef][0xbf][0xbd][0xef][0xbf][0xbd][0xef][0xbf][0xbd]/[0xef][0xbf][0xbd][0xef][0xbf][0xbd][0xce][0x8c][0xef][0xbf][0xbd]Y'[0xcd][0x8c][0xef][0xbf][0xbd][0xef][0xbf][0xbd][0xef][0xbf][0xbd][0xef][0xbf][0xbd][0x18];[0xef][0xbf][0xbd]+[0xef][0xbf][0xbd][0x1a][0xef][0xbf][0xbd][0xef][0xbf][0xbd]mF[0x14][0xef][0xbf][0xbd][0x6]G[0xd5][0x80][0xef][0xbf][0xbd]~[0x4][0xef][0xbf][0xbd][0xef][0xbf][0xbd][0xef][0xbf][0xbd][0x10][0xef][0xbf][0xbd][0x17]44[0xef][0xbf][0xbd][0xb][0xd2][0xad]m[0xef][0xbf][0xbd]1}[0xef][0xbf][0xbd]ng[0xef][0xbf][0xbd]<?Y|[0xef][0xbf][0xbd][\n]"
07:56:28.818 [main] DEBUG org.apache.http.wire -  >> "W[0xef][0xbf][0xbd][0xef][0xbf][0xbd]N[0xef][0xbf][0xbd][0xef][0xbf][0xbd][0xef][0xbf][0xbd][0xef][0xbf][0xbd][0xef][0xbf][0xbd][0xef][0xbf][0xbd]~[0xef][0xbf][0xbd][0xef][0xbf][0xbd][0xef][0xbf][0xbd][0xef][0xbf][0xbd]R^[0xef][0xbf][0xbd][0xdc][0xb5][0xef][0xbf][0xbd][0xef][0xbf][0xbd]x[0xef][0xbf][0xbd]}[0xef][0xbf][0xbd][0xef][0xbf][0xbd][0xef][0xbf][0xbd][0xc3][0x9f][0xc7][0xb7]/[0xef][0xbf][0xbd][0xef][0xbf][0xbd][0xef][0xbf][0xbd][0xef][0xbf][0xbd][0xef][0xbf][0xbd]NJ[0xef][0xbf][0xbd]6[0xef][0xbf][0xbd][0xef][0xbf][0xbd]3[0xce][0x85]@A^e[0x6][0x3][\r][0xef][0xbf][0xbd]I[0xef][0xbf][0xbd][0x10][0xef][0xbf][0xbd][0xef][0xbf][0xbd]t[0xef][0xbf][0xbd][0xef][0xbf][0xbd][0x3][0xef][0xbf][0xbd]K[0xef][0xbf][0xbd]<[0xef][0xbf][0xbd]4,[0xef][0xbf][0xbd]{[0xef][0xbf][0xbd][0xef][0xbf][0xbd][0xef][0xbf][0xbd][0xef][0xbf][0xbd][0xef][0xbf][0xbd]9~o[0x1a][0xef][0xbf][0xbd][0xef][0xbf][0xbd]5[0xef][0xbf][0xbd][0x12]|[0xef][0xbf][0xbd]!Jw[0x5],y*[0x1e][0xef][0xbf][0xbd]n[0xef][0xbf][0xbd][0xef][0xbf][0xbd][0xef][0xbf][0xbd]z>K[0xb][0xef][0xbf][0xbd]+[0xef][0xbf][0xbd][0xef][0xbf][0xbd][0x18][0xef][0xbf][0xbd][0xef][0xbf][0xbd]jU[0xef][0xbf][0xbd][0xe7][0x9f][0xa0][0x4][0xef][0xbf][0xbd][0x2]/[0x1d][0xef][0xbf][0xbd][0xef][0xbf][0xbd]k[0xef][0xbf][0xbd][0xef][0xbf][0xbd][0xef][0xbf][0xbd][0xef][0xbf][0xbd][0xcd][0x87]{[0xef][0xbf][0xbd][0xef][0xbf][0xbd][0x10]K[0xef][0xbf][0xbd][0x1e][0x14]%O@[0xef][0xbf][0xbd][0xef][0xbf][0xbd][0xef][0xbf][0xbd]&[0xef][0xbf][0xbd]a[0xef][0xbf][0xbd]Iu[0x7][\r]};SN[0xef][0xbf][0xbd][0xef][0xbf][0xbd][0xef][0xbf][0xbd][0xef][0xbf][0xbd]H[0xef][0xbf][0xbd][0xef][0xbf][0xbd][0xef][0xbf][0xbd]a[0x1c][0xef][0xbf][0xbd][0xef][0xbf][0xbd]e[0xef][0xbf][0xbd]n[0xef][0xbf][0xbd][0xef][0xbf][0xbd]Z[0xef][0xbf][0xbd][0xef][0xbf][0xbd][0xef][0xbf][0xbd]8[\r];b[0xef][0xbf][0xbd][0xef][0xbf][0xbd][0x1e][0xef][0xbf][0xbd][0xef][0xbf][0xbd]2[0xef][0xbf][0xbd][0xef][0xbf][0xbd][0xef][0xbf][0xbd][0x2])Nw[0x1b][0xef][0xbf][0xbd][0xef][0xbf][0xbd]t[0xef][0xbf][0xbd][0xef][0xbf][0xbd][0xef][0xbf][0xbd][0xef][0xbf][0xbd][0xef][0xbf][0xbd]A[0x1]+k[0xef][0xbf][0xbd][0xef][0xbf][0xbd][0xf][0xef][0xbf][0xbd]0S[0xef][0xbf][0xbd]w[0x17]XUr;[0x3][0xef][0xbf][0xbd][0xef][0xbf][0xbd]>[0xef][0xbf][0xbd][0xef][0xbf][0xbd][0xef][0xbf][0xbd][\r][\n]"
07:56:28.818 [main] DEBUG org.apache.http.wire -  >> "`[0xef][0xbf][0xbd][0xef][0xbf][0xbd]i/[0xef][0xbf][0xbd][0xef][0xbf][0xbd][0xef][0xbf][0xbd][0xef][0xbf][0xbd][0xef][0xbf][0xbd][0xef][0xbf][0xbd][0xef][0xbf][0xbd][0x0]G[0xcd][0x89][0xef][0xbf][0xbd]h32[0xef][0xbf][0xbd][0x19]l#[0x18][0xef][0xbf][0xbd]8[0xef][0xbf][0xbd][0x15]f[0xef][0xbf][0xbd][0xef][0xbf][0xbd]`[0xef][0xbf][0xbd][0xef][0xbf][0xbd][0xef][0xbf][0xbd][0xef][0xbf][0xbd][0xef][0xbf][0xbd]8[0xef][0xbf][0xbd][0xef][0xbf][0xbd][0xef][0xbf][0xbd][0xef][0xbf][0xbd][0xef][0xbf][0xbd][0xef][0xbf][0xbd][0xef][0xbf][0xbd][0xef][0xbf][0xbd][0xef][0xbf][0xbd][0xef][0xbf][0xbd]}[0xef][0xbf][0xbd][0xef][0xbf][0xbd]v)_[0xef][0xbf][0xbd][0xef][0xbf][0xbd][0x15][0xcf][0x91]]U[0xef][0xbf][0xbd][0xef][0xbf][0xbd][0xef][0xbf][0xbd][0xef][0xbf][0xbd][0xef][0xbf][0xbd][0xef][0xbf][0xbd][0xef][0xbf][0xbd][0xef][0xbf][0xbd][\n]"
07:56:28.818 [main] DEBUG org.apache.http.wire -  >> "[0xef][0xbf][0xbd]u[0x3][0xef][0xbf][0xbd][0xef][0xbf][0xbd]^[0xef][0xbf][0xbd][0x1a]"n[0xef][0xbf][0xbd][0xef][0xbf][0xbd][0xef][0xbf][0xbd][0xef][0xbf][0xbd][0x1b][0xef][0xbf][0xbd]i[0xef][0xbf][0xbd][0xef][0xbf][0xbd][0xf][0xcf][0x9f][0xef][0xbf][0xbd][0xef][0xbf][0xbd][0xef][0xbf][0xbd][0x18]>[0xee][0xa6][0xbc][0xef][0xbf][0xbd][0xef][0xbf][0xbd]J[0xef][0xbf][0xbd][0xef][0xbf][0xbd][0xef][0xbf][0xbd]=[0xe9][0xad][0x81][0xef][0xbf][0xbd]r[0xef][0xbf][0xbd]J[0x1b][0xef][0xbf][0xbd][0xb][0xef][0xbf][0xbd][0xef][0xbf][0xbd]J[0xef][0xbf][0xbd][0xef][0xbf][0xbd]_[0xef][0xbf][0xbd][0xef][0xbf][0xbd]a[0xef][0xbf][0xbd]Iyio'X[0xef][0xbf][0xbd][0xcb][0xa7]M][0xef][0xbf][0xbd]q[0xef][0xbf][0xbd][0xef][0xbf][0xbd]R[0xef][0xbf][0xbd]MlGr[0xef][0xbf][0xbd][0x2]9[0x0]X[0xef][0xbf][0xbd][0xef][0xbf][0xbd][0xef][0xbf][0xbd][0xef][0xbf][0xbd]i[0xef][0xbf][0xbd][0xef][0xbf][0xbd][0x16][0xef][0xbf][0xbd]~[0x6][0xef][0xbf][0xbd][0xef][0xbf][0xbd]-Ry[0xef][0xbf][0xbd][0xef][0xbf][0xbd]^P[0xef][0xbf][0xbd][0xef][0xbf][0xbd][0xef][0xbf][0xbd]*[0xef][0xbf][0xbd][0xef][0xbf][0xbd][0xef][0xbf][0xbd][0xef][0xbf][0xbd]>[0xef][0xbf][0xbd]v[0xef][0xbf][0xbd]c?[0xef][0xbf][0xbd][0xef][0xbf][0xbd]r[0xe][0x14][0xc]UyG[0xef][0xbf][0xbd]o[0xef][0xbf][0xbd]+[0xef][0xbf][0xbd]j[0xef][0xbf][0xbd]'[0xef][0xbf][0xbd]*[0x1][0xd0][0xbc]w[0xd7][0x8e]W[0xcc][0xa5][0xef][0xbf][0xbd][0xef][0xbf][0xbd][0xef][0xbf][0xbd][0xef][0xbf][0xbd]F[0xef][0xbf][0xbd][0xef][0xbf][0xbd](-[0xef][0xbf][0xbd][0xe][0xef][0xbf][0xbd].[0xef][0xbf][0xbd][0xef][0xbf][0xbd][0xef][0xbf][0xbd]}Y[0xef][0xbf][0xbd]znL[0xef][0xbf][0xbd][0xef][0xbf][0xbd]R=[\r][0x10][0x2][0xef][0xbf][0xbd]\[0xf][0xef][0xbf][0xbd]$[0xcf][0xaf]uc[0xef][0xbf][0xbd][0xef][0xbf][0xbd]w^[0xf][0x11]v/ [0xef][0xbf][0xbd][0xef][0xbf][0xbd]xL[0xef][0xbf][0xbd]@[0xef][0xbf][0xbd][0xef][0xbf][0xbd]S[0xef][0xbf][0xbd][0xef][0xbf][0xbd][0xef][0xbf][0xbd]~[0xef][0xbf][0xbd][0xb][0xef][0xbf][0xbd][`[0xef][0xbf][0xbd][0xef][0xbf][0xbd][0xef][0xbf][0xbd][0xef][0xbf][0xbd]xY[0xef][0xbf][0xbd]+[0xef][0xbf][0xbd][0xef][0xbf][0xbd][0xef][0xbf][0xbd][0xef][0xbf][0xbd][0xef][0xbf][0xbd][0xef][0xbf][0xbd][0xef][0xbf][0xbd][0xef][0xbf][0xbd]W[0xc6][0x94][0xef][0xbf][0xbd]i[0xef][0xbf][0xbd][0x3][0x13][0xef][0xbf][0xbd]&[0xef][0xbf][0xbd]D[0x17]2B[0xef][0xbf][0xbd][0xef][0xbf][0xbd][0xef][0xbf][0xbd]U[0xd8][0x9e]{[0xef][0xbf][0xbd][0xef][0xbf][0xbd][0x18]k[0xef][0xbf][0xbd]`w[0x1c][0xef][0xbf][0xbd][0xef][0xbf][0xbd]^CtNc[0xef][0xbf][0xbd][0xef][0xbf][0xbd][0x1c][0xef][0xbf][0xbd][0xef][0xbf][0xbd][0xef][0xbf][0xbd];{[0xef][0xbf][0xbd][0xef][0xbf][0xbd][0xef][0xbf][0xbd][0xef][0xbf][0xbd][0xef][0xbf][0xbd]<a[0xef][0xbf][0xbd][0xef][0xbf][0xbd]5[0xef][0xbf][0xbd][0xef][0xbf][0xbd][0xef][0xbf][0xbd][0xef][0xbf][0xbd][0xef][0xbf][0xbd][0xef][0xbf][0xbd][0xef][0xbf][0xbd][0xef][0xbf][0xbd][0xe]`[0xef][0xbf][0xbd][0xef][0xbf][0xbd][0xef][0xbf][0xbd][0xef][0xbf][0xbd][0xef][0xbf][0xbd][0xef][0xbf][0xbd][0xef][0xbf][0xbd]}[0xef][0xbf][0xbd][\r]A[0xef][0xbf][0xbd]U[0xef][0xbf][0xbd]e[0x3][0xef][0xbf][0xbd][0x18][0x9][0x1e][0x19][0x2][0xef][0xbf][0xbd]QG[0xef][0xbf][0xbd][0xef][0xbf][0xbd][0x3][0xef][0xbf][0xbd][0xef][0xbf][0xbd]k[0xef][0xbf][0xbd]L[0xef][0xbf][0xbd]2[0xef][0xbf][0xbd]T[0xef][0xbf][0xbd]Dw[0xef][0xbf][0xbd][0xef][0xbf][0xbd],[0xcf][0xbf]h[0xef][0xbf][0xbd][0xef][0xbf][0xbd][0xef][0xbf][0xbd][0x17][0xef][0xbf][0xbd][0xef][0xbf][0xbd][0x18][0xef][0xbf][0xbd]5[0xef][0xbf][0xbd]y[0xef][0xbf][0xbd]EmQ[0xef][0xbf][0xbd]+[0xd6][0x94] G[0xef][0xbf][0xbd][0xef][0xbf][0xbd])[0x2]4[0x1b]@b[0xef][0xbf][0xbd][0xef][0xbf][0xbd][0xef][0xbf][0xbd][0xef][0xbf][0xbd]m.M?[0xef][0xbf][0xbd][0xef][0xbf][0xbd]a[0x7]}[0xef][0xbf][0xbd][0xef][0xbf][0xbd]4V[0xef][0xbf][0xbd]0[0xef][0xbf][0xbd]Kmm[0xef][0xbf][0xbd]K[0xef][0xbf][0xbd][0xe][0xef][0xbf][0xbd]v[0xef][0xbf][0xbd]p[0x10][0xef][0xbf][0xbd][0xef][0xbf][0xbd][0x6]MbQN[0xef][0xbf][0xbd]V[0x5]`Q[0x8][0xef][0xbf][0xbd][0xef][0xbf][0xbd][0xef][0xbf][0xbd][0xef][0xbf][0xbd][0x11]b[0xef][0xbf][0xbd]L[0xef][0xbf][0xbd]U[0xef][0xbf][0xbd]+[0xef][0xbf][0xbd]V[0x1b]H1=[0xef][0xbf][0xbd]T[0xef][0xbf][0xbd].[0xef][0xbf][0xbd][0xef][0xbf][0xbd][0xef][0xbf][0xbd]@[0xef][0xbf][0xbd])e[0xef][0xbf][0xbd][0x3][0xef][0xbf][0xbd][0x1][0xef][0xbf][0xbd][0xef][0xbf][0xbd][0xef][0xbf][0xbd][0xd2][0xa7]3Y[0x5]k[0xef][0xbf][0xbd]Q&[0xef][0xbf][0xbd]Z[0xef][0xbf][0xbd]S[0xef][0xbf][0xbd]#[0xef][0xbf][0xbd][0x15]h[0xe1][0x94][0xb0][0xef][0xbf][0xbd][0xef][0xbf][0xbd][0xef][0xbf][0xbd]@J[0xef][0xbf][0xbd][0xef][0xbf][0xbd][0xd4][0xbb][0xc3][0x95][0xef][0xbf][0xbd][0xef][0xbf][0xbd][0xef][0xbf][0xbd][0xef][0xbf][0xbd][0xef][0xbf][0xbd]3[0xef][0xbf][0xbd]q[0xef][0xbf][0xbd][0xef][0xbf][0xbd]{[0xef][0xbf][0xbd][0x13][0x14]$[0xef][0xbf][0xbd][0xef][0xbf][0xbd]6[\n]"
07:56:28.819 [main] DEBUG org.apache.http.wire -  >> "[0xef][0xbf][0xbd]U;!d{n{[0xef][0xbf][0xbd][0xef][0xbf][0xbd][0xef][0xbf][0xbd]d[0xef][0xbf][0xbd]L[0xdc][0x81][0xef][0xbf][0xbd]Q[0xef][0xbf][0xbd]]][0xef][0xbf][0xbd][0xef][0xbf][0xbd][0xc]1[0xef][0xbf][0xbd][0xc3][0xbb]3b[0xef][0xbf][0xbd][0xdb][0xb6]h[0xef][0xbf][0xbd][0xef][0xbf][0xbd]{#[0xef][0xbf][0xbd][0xef][0xbf][0xbd][0xef][0xbf][0xbd][0xef][0xbf][0xbd][0xef][0xbf][0xbd][0x1b]7c[0xef][0xbf][0xbd][0xef][0xbf][0xbd]}[0xdb][0xbb][0xef][0xbf][0xbd]}[0xef][0xbf][0xbd][0x5][0xc4][0xbe][0xef][0xbf][0xbd]r[0xd7][0xbf][0xef][0xbf][0xbd][0xef][0xbf][0xbd][0xef][0xbf][0xbd][0xef][0xbf][0xbd][0xef][0xbf][0xbd]v[0xef][0xbf][0xbd]=0{[0xef][0xbf][0xbd][0xef][0xbf][0xbd]89[0x1]H]#N[0xef][0xbf][0xbd]t)[0xef][0xbf][0xbd][0xef][0xbf][0xbd][0xc4][0xae][0xef][0xbf][0xbd][0xef][0xbf][0xbd][0xef][0xbf][0xbd][0xef][0xbf][0xbd]j[0xef][0xbf][0xbd][0xef][0xbf][0xbd][0x7][0xef][0xbf][0xbd][0xef][0xbf][0xbd][0x10]W[0xef][0xbf][0xbd][0x9][0xef][0xbf][0xbd][0xef][0xbf][0xbd][0xef][0xbf][0xbd][0xef][0xbf][0xbd][0xef][0xbf][0xbd][0xef][0xbf][0xbd][0xef][0xbf][0xbd][0xef][0xbf][0xbd][0xef][0xbf][0xbd][0xe][0xef][0xbf][0xbd][0xef][0xbf][0xbd][0xd5][0xb1][0xef][0xbf][0xbd]MElX[0xef][0xbf][0xbd]~[0xef][0xbf][0xbd][0xef][0xbf][0xbd]!VVq$[0xef][0xbf][0xbd]T[0xef][0xbf][0xbd]X[0xef][0xbf][0xbd][0x15][0xef][0xbf][0xbd][0xdc][0xaa]f[0xef][0xbf][0xbd]^[0xef][0xbf][0xbd][0xef][0xbf][0xbd],O[0xef][0xbf][0xbd]KS[0xef][0xbf][0xbd]T[0xef][0xbf][0xbd]j[0xef][0xbf][0xbd]k$^[0x2]eH4[0xb][0xef][0xbf][0xbd][0xb][0xef][0xbf][0xbd][\n]"
07:56:28.819 [main] DEBUG org.apache.http.wire -  >> "oU95[0x19][0xef][0xbf][0xbd][0x2][0xef][0xbf][0xbd][0xef][0xbf][0xbd][0xef][0xbf][0xbd]J[0xef][0xbf][0xbd]~F[0xef][0xbf][0xbd][0xef][0xbf][0xbd]0[0xef][0xbf][0xbd][0xef][0xbf][0xbd]}[0x6]"[0xef][0xbf][0xbd][0x2]wm_\[0xef][0xbf][0xbd]l~[0x17]hV[0xef][0xbf][0xbd][0xef][0xbf][0xbd]M8[0x4][0xef][0xbf][0xbd]|6[0xef][0xbf][0xbd][0xef][0xbf][0xbd][0xef][0xbf][0xbd]d[0xef][0xbf][0xbd][0xef][0xbf][0xbd]Ge[0xef][0xbf][0xbd][0xef][0xbf][0xbd][0x1f][0xef][0xbf][0xbd]u[0xef][0xbf][0xbd]kmK9[0xef][0xbf][0xbd][0xef][0xbf][0xbd][0xef][0xbf][0xbd]G[0xef][0xbf][0xbd]k[0x18]Q[0xef][0xbf][0xbd][0xef][0xbf][0xbd]9L[0xef][0xbf][0xbd][0x19][0xef][0xbf][0xbd][0xef][0xbf][0xbd]9^[0xf][0xef][0xbf][0xbd]\[0xef][0xbf][0xbd][0xef][0xbf][0xbd]c[0xef][0xbf][0xbd][0xd8][0x9d]sU[0xef][0xbf][0xbd][0xef][0xbf][0xbd][0xef][0xbf][0xbd]rf[0xef][0xbf][0xbd][0xef][0xbf][0xbd][0xef][0xbf][0xbd][0xef][0xbf][0xbd]Bn[0xef][0xbf][0xbd][0x19].[0xef][0xbf][0xbd]c[0xc3][0xa1]Nz[0x7]j*hTy[0xef][0xbf][0xbd][0xc5][0x9d]Z[0xef][0xbf][0xbd][0x6]}[0xef][0xbf][0xbd][0xef][0xbf][0xbd]E%[0xef][0xbf][0xbd][0xef][0xbf][0xbd]X(8[0xef][0xbf][0xbd][0xef][0xbf][0xbd][0xc][0x6][0xef][0xbf][0xbd]v[0xef][0xbf][0xbd][0x2][0xef][0xbf][0xbd]}|[0xef][0xbf][0xbd][0xef][0xbf][0xbd][0xef][0xbf][0xbd][0xde][0xb1][0xef][0xbf][0xbd][0xef][0xbf][0xbd][0xc2][0xbe][0xef][0xbf][0xbd]r-^[0xef][0xbf][0xbd]~[0x0][0xef][0xbf][0xbd][0xef][0xbf][0xbd][0xf][0xef][0xbf][0xbd][0xef][0xbf][0xbd]#[0xef][0xbf][0xbd][0x17][0xef][0xbf][0xbd][0xef][0xbf][0xbd][0xd2][0xbf][0xe][0xc6][0x94][0xef][0xbf][0xbd][0xef][0xbf][0xbd]|q[0x15]XY[0xef][0xbf][0xbd][0xef][0xbf][0xbd]_c[0xef][0xbf][0xbd][0xd4][0x9b][0xef][0xbf][0xbd];!A[0xef][0xbf][0xbd][0xef][0xbf][0xbd][0xc6][0x83][0x5][0xcd][0xa7]z[D[0xf][0xef][0xbf][0xbd][0xef][0xbf][0xbd][0xef][0xbf][0xbd],[0xc7][0x98][0xef][0xbf][0xbd][0xef][0xbf][0xbd]~[0xef][0xbf][0xbd]Z[0xef][0xbf][0xbd]Uz[0xef][0xbf][0xbd][0xef][0xbf][0xbd][0xef][0xbf][0xbd][0xef][0xbf][0xbd][0xef][0xbf][0xbd]F[0xef][0xbf][0xbd][0xf]Z[0xef][0xbf][0xbd][0xef][0xbf][0xbd][0xef][0xbf][0xbd][0xeb][0x93][0x8e][0xe4][0xbf][0xa9]'"[0xef][0xbf][0xbd][0x12][0xef][0xbf][0xbd][0x4]T[0xef][0xbf][0xbd][0xda][0xa9][0x14]R[0xef][0xbf][0xbd][0xef][0xbf][0xbd]L[0xef][0xbf][0xbd][0x18][0xef][0xbf][0xbd][0xef][0xbf][0xbd].s%L[\n]"
07:56:28.819 [main] DEBUG org.apache.http.wire -  >> "[0xef][0xbf][0xbd]V[0xef][0xbf][0xbd][0xef][0xbf][0xbd][0x18]:R[0xef][0xbf][0xbd][0x10][0xef][0xbf][0xbd][0xef][0xbf][0xbd]VP[0xef][0xbf][0xbd][0xef][0xbf][0xbd]5Z[0xef][0xbf][0xbd][0xd1][0x98][0x11][0x11][0x1d]I[0x10]2E6[0xef][0xbf][0xbd]{[0xef][0xbf][0xbd][0x10]M[0xef][0xbf][0xbd]%[0xc6][0x90].[0xef][0xbf][0xbd][0x1b][0x1][0xef][0xbf][0xbd][0xef][0xbf][0xbd][0xef][0xbf][0xbd]M[0x19]D:'X[0x4][0x16][0xef][0xbf][0xbd][0xef][0xbf][0xbd][0x3][0xef][0xbf][0xbd][0xef][0xbf][0xbd][0xef][0xbf][0xbd][T[0xef][0xbf][0xbd][0xef][0xbf][0xbd][0xef][0xbf][0xbd][0xef][0xbf][0xbd]V[0x17][0xef][0xbf][0xbd][0xef][0xbf][0xbd][0xef][0xbf][0xbd] [0x17]1[0xef][0xbf][0xbd][0x6]N[0xef][0xbf][0xbd][0xef][0xbf][0xbd][0x1c]I[0xef][0xbf][0xbd]![0xef][0xbf][0xbd][0xef][0xbf][0xbd][0xef][0xbf][0xbd][0x1]t[0xe][0x0]WM[0xef][0xbf][0xbd][0xef][0xbf][0xbd][0xc][0xef][0xbf][0xbd][0x16][0x0][0xef][0xbf][0xbd][0xd8][0x97]>[0xef][0xbf][0xbd][0xef][0xbf][0xbd][0x1e][0xef][0xbf][0xbd][0xca][0x80][0xef][0xbf][0xbd][0xce][0xb8][0xef][0xbf][0xbd][0xef][0xbf][0xbd]u3[0xef][0xbf][0xbd][0xef][0xbf][0xbd]x[0xf][0xef][0xbf][0xbd][0xef][0xbf][0xbd][0xef][0xbf][0xbd]w]]{V[0xef][0xbf][0xbd][0xef][0xbf][0xbd][0xef][0xbf][0xbd]'[0xef][0xbf][0xbd]IHN{[0xe1][0xa5][0x9e][0x11][0xef][0xbf][0xbd][0xef][0xbf][0xbd][0x13]P[0xef][0xbf][0xbd]F[0xcc][0xb1][0xef][0xbf][0xbd]8&s[0xef][0xbf][0xbd][0xef][0xbf][0xbd][0xef][0xbf][0xbd]o[0xef][0xbf][0xbd][0xef][0xbf][0xbd][0x1b][0xef][0xbf][0xbd][0xef][0xbf][0xbd][0xef][0xbf][0xbd]][0xef][0xbf][0xbd]7\[0xef][0xbf][0xbd][0xef][0xbf][0xbd]o[0xef][0xbf][0xbd]|[0xef][0xbf][0xbd][0xd1][0xbf][0xef][0xbf][0xbd][0xef][0xbf][0xbd][0xc3][0x9f][0xc7][0x8e][0xef][0xbf][0xbd][0xef][0xbf][0xbd][0xef][0xbf][0xbd]/[0xef][0xbf][0xbd]?[0x3][0xef][0xbf][0xbd]f}n[0xef][0xbf][0xbd]W[0xef][0xbf][0xbd][0x8]Z[0xef][0xbf][0xbd][0x1b][0xef][0xbf][0xbd][0xef][0xbf][0xbd]*[0xef][0xbf][0xbd][0x10][0xef][0xbf][0xbd],[0xef][0xbf][0xbd][0xef][0xbf][0xbd][0x12][0xef][0xbf][0xbd][0x1a][0xef][0xbf][0xbd]0[0xef][0xbf][0xbd]*[0xef][0xbf][0xbd]{[0xef][0xbf][0xbd]<[0xef][0xbf][0xbd][0xef][0xbf][0xbd]u`c&>{[0xef][0xbf][0xbd][0xef][0xbf][0xbd][0xc4][0x92][0xef][0xbf][0xbd]A-[0xef][0xbf][0xbd]6[0xef][0xbf][0xbd]5[0x4][0x0][0xef][0xbf][0xbd]m[0x5][0xef][0xbf][0xbd][0xef][0xbf][0xbd]@[0xef][0xbf][0xbd]O[0xef][0xbf][0xbd][0x2][0xef][0xbf][0xbd][0xef][0xbf][0xbd][0x1c][0xef][0xbf][0xbd][0xef][0xbf][0xbd]W[0xef][0xbf][0xbd]x+[0x1e]$[0xef][0xbf][0xbd]$[0xef][0xbf][0xbd][0x0][0xef][0xbf][0xbd]k#[0xef][0xbf][0xbd] Y[0xef][0xbf][0xbd]![0x1][0x18][0x3][0xef][0xbf][0xbd][0xef][0xbf][0xbd] MEN[0x0][0xef][0xbf][0xbd][0xef][0xbf][0xbd][0xef][0xbf][0xbd][0xef][0xbf][0xbd]g[0xef][0xbf][0xbd][0xef][0xbf][0xbd][0x0]}[0x19][0xef][0xbf][0xbd][0xef][0xbf][0xbd]dm!s[0xef][0xbf][0xbd]7[0xef][0xbf][0xbd][0xef][0xbf][0xbd][0xef][0xbf][0xbd]76#I&2[0xef][0xbf][0xbd][0xef][0xbf][0xbd]0[0xef][0xbf][0xbd]{=[0xef][0xbf][0xbd][0x10][0xef][0xbf][0xbd][0xef][0xbf][0xbd][0x6]7a[\n]"
07:56:28.819 [main] DEBUG org.apache.http.wire -  >> "[0x1c][0xef][0xbf][0xbd][0xef][0xbf][0xbd][0xef][0xbf][0xbd][0xef][0xbf][0xbd][0xef][0xbf][0xbd][0xef][0xbf][0xbd].[0xef][0xbf][0xbd]X[0xef][0xbf][0xbd]z[0xef][0xbf][0xbd]&:0[0xef][0xbf][0xbd][0xef][0xbf][0xbd][0xef][0xbf][0xbd][0x18] [0x1b][0xef][0xbf][0xbd][0xef][0xbf][0xbd][0xef][0xbf][0xbd][0xef][0xbf][0xbd]t[0xef][0xbf][0xbd][0xdb][0x81]M[0xef][0xbf][0xbd][0x0][0xe1][0x84][0x82][0xef][0xbf][0xbd]4[0xef][0xbf][0xbd][\r][0xf][0xef][0xbf][0xbd]Vy[0xef][0xbf][0xbd][0xef][0xbf][0xbd][0xef][0xbf][0xbd][0xef][0xbf][0xbd][0xef][0xbf][0xbd][0x1e][0x4](P[0xef][0xbf][0xbd][0x1b][0x14][0xef][0xbf][0xbd][0xef][0xbf][0xbd][0x13]T[0xef][0xbf][0xbd]T[0xef][0xbf][0xbd]S[0xef][0xbf][0xbd]s>[0xef][0xbf][0xbd]p[0xef][0xbf][0xbd][0xf][0xef][0xbf][0xbd][0x16][0x12][0xef][0xbf][0xbd][0xef][0xbf][0xbd][0xcf][0x91][0x8][0xef][0xbf][0xbd][0xef][0xbf][0xbd]"[0x16]g[0xef][0xbf][0xbd][0xd5][0xa5][0xef][0xbf][0xbd][0xef][0xbf][0xbd]1[0x1f][0xef][0xbf][0xbd][0xef][0xbf][0xbd][0xc8][0x9d][[0xcf][0xbe][0xef][0xbf][0xbd][0xef][0xbf][0xbd][0xef][0xbf][0xbd][0xef][0xbf][0xbd]k[0xef][0xbf][0xbd][0xef][0xbf][0xbd][0xef][0xbf][0xbd][0xef][0xbf][0xbd][0xef][0xbf][0xbd][0xef][0xbf][0xbd]+[0x1f]>[0xef][0xbf][0xbd][0x1f][0xef][0xbf][0xbd][0x1a][0xef][0xbf][0xbd][0xef][0xbf][0xbd][0x15]\[0x4]3mv[0xc][0xef][0xbf][0xbd][0x1][0xef][0xbf][0xbd][0xef][0xbf][0xbd])Z[0xef][0xbf][0xbd][0xef][0xbf][0xbd]0$[0xf]8[0x19][0x18][0xef][0xbf][0xbd]3[0x11][0xef][0xbf][0xbd][0xef][0xbf][0xbd][0x1b][0xef][0xbf][0xbd][0xef][0xbf][0xbd][0xef][0xbf][0xbd][0xef][0xbf][0xbd]M[0xef][0xbf][0xbd][0xef][0xbf][0xbd]=S[0xe]q1[0xef][0xbf][0xbd]O[0xef][0xbf][0xbd][0xef][0xbf][0xbd][0xc5][0x97]n[0xef][0xbf][0xbd]lT[0xef][0xbf][0xbd][0xef][0xbf][0xbd][0xef][0xbf][0xbd][0xef][0xbf][0xbd][0xef][0xbf][0xbd][0x1b][0xef][0xbf][0xbd]d[0xef][0xbf][0xbd][0xef][0xbf][0xbd]=[0xef][0xbf][0xbd]T[0xef][0xbf][0xbd]`p[0xef][0xbf][0xbd][0x12]F[0xef][0xbf][0xbd]A[0xef][0xbf][0xbd][0xef][0xbf][0xbd][0xef][0xbf][0xbd]9[0xef][0xbf][0xbd][0xc4][0x83][0xef][0xbf][0xbd]3[0xef][0xbf][0xbd])/[0x1c][0xef][0xbf][0xbd][0x1b]!58[0xef][0xbf][0xbd]$[0xef][0xbf][0xbd][0xef][0xbf][0xbd][0x1a][0xef][0xbf][0xbd][0xef][0xbf][0xbd][0x1b]<S^[0xef][0xbf][0xbd][0xef][0xbf][0xbd]NH[0x10][0xef][0xbf][0xbd][0x1d]\b0_[0xef][0xbf][0xbd][0xef][0xbf][0xbd][0x2][0xef][0xbf][0xbd][0xef][0xbf][0xbd]x[0xef][0xbf][0xbd][0xef][0xbf][0xbd]2[0x12]U[0x0][0x1f][0xef][0xbf][0xbd]Je_vHss[0xef][0xbf]"
07:56:28.820 [main] DEBUG org.apache.http.wire -  >> "[0xbd]@8[0xef][0xbf][0xbd][0xef][0xbf][0xbd][0xef][0xbf][0xbd][0x1c][0xef][0xbf][0xbd]~[0xc7][0x9c]b|5^[0xcc][0xa3]Y[0xef][0xbf][0xbd][0x3][0xef][0xbf][0xbd][0xef][0xbf][0xbd][0x2][0xef][0xbf][0xbd]_[0x9]+[0xef][0xbf][0xbd][0xef][0xbf][0xbd];[0xef][0xbf][0xbd],t[0xd8][0xa6][0xef][0xbf][0xbd][0xef][0xbf][0xbd]de[0x0]x[0x1b]s}[0xef][0xbf][0xbd][0x1f]"J[0xef][0xbf][0xbd][0xef][0xbf][0xbd][0xd3][0xb9]([0xef][0xbf][0xbd][0x8]s[0xef][0xbf][0xbd]E`[0xce][0x9d][0xef][0xbf][0xbd][0xef][0xbf][0xbd]B[0xef][0xbf][0xbd][0xef][0xbf][0xbd][0xef][0xbf][0xbd]i[0x1c]+[0xef][0xbf][0xbd][0x12][0xef][0xbf][0xbd][0xef][0xbf][0xbd][0x12]Bj[0xef][0xbf][0xbd][0xef][0xbf][0xbd]oU[0xef][0xbf][0xbd] [0xef][0xbf][0xbd]\{[0x2][0xef][0xbf][0xbd]H|-[0xef][0xaf][0xbd][0x2]l[0xd8][0xa6][0xef][0xbf][0xbd][0xef][0xbf][0xbd]X[0xef][0xbf][0xbd][0xef][0xbf][0xbd][0xef][0xbf][0xbd]>[0xef][0xbf][0xbd][0xef][0xbf][0xbd]z[0xef][0xbf][0xbd][0xef][0xbf][0xbd][0xef][0xbf][0xbd]Z[0xef][0xbf][0xbd]]N[0x14][0xef][0xbf][0xbd][0xef][0xbf][0xbd]mp,[0xef][0xbf][0xbd][0xef][0xbf][0xbd][0x16]f[0xef][0xbf][0xbd][0xef][0xbf][0xbd] N[0xef][0xbf][0xbd][0xef][0xbf][0xbd][0xef][0xbf][0xbd][0x1b][0x7][0x9]x[0xef][0xbf][0xbd][0x2]`/o[0xef][0xbf][0xbd]v[0xef][0xbf][0xbd][0xe][0xef][0xbf][0xbd][0xef][0xbf][0xbd][0xef][0xbf][0xbd][0xef][0xbf][0xbd]_[0xef][0xbf][0xbd][0xef][0xbf][0xbd][0xef][0xbf][0xbd]n[0xef][0xbf][0xbd]X[0xef][0xbf][0xbd]I%[0xef][0xbf][0xbd][0x16][0xef][0xbf][0xbd][0xef][0xbf][0xbd]`[0xef][0xbf][0xbd]x[0xef][0xbf][0xbd][0xf]M[0xef][0xbf][0xbd]c[0x7]&[0xb]C0[0x5][0xef][0xbf][0xbd],[0xef][0xbf][0xbd]K[0xef][0xbf][0xbd][0xef][0xbf][0xbd][0xef][0xbf][0xbd][0xef][0xbf][0xbd][0xef][0xbf][0xbd][0xef][0xbf][0xbd]O[0xcc][0xae][0xef][0xbf][0xbd][0x5][0xef][0xbf][0xbd][0xef][0xbf][0xbd][0xef][0xbf][0xbd][0xef][0xbf][0xbd][0xef][0xbf][0xbd]W%.V"[0xef][0xbf][0xbd].[0xef][0xbf][0xbd][0xef][0xbf][0xbd][0xd8][0x85]=[0x5][0xef][0xbf][0xbd][0xef][0xbf][0xbd][0xef][0xbf][0xbd]2}[0xef][0xbf][0xbd][0xef][0xbf][0xbd][0xef][0xbf][0xbd]v[0xef][0xbf][0xbd]n[0xef][0xbf][0xbd][0xef][0xbf][0xbd][0xef][0xbf][0xbd]P[0xef][0xbf][0xbd][0xef][0xbf][0xbd];[0xc6][0x8f]:[0xef][0xbf][0xbd][0x1][0xef][0xbf][0xbd]j[0xef][0xbf][0xbd]R[0xcc][0x91]6'[0xef][0xbf][0xbd][0xef][0xbf][0xbd][[0xef][0xbf][0xbd][0xd0][0x80]7[0xc6][0xae][0xef][0xbf][0xbd]!_<_[0x5]Wi[0xef][0xbf][0xbd][0x15][0xef][0xbf][0xbd]l[0xc6][0x8b][0xef][0xbf][0xbd][0xef][0xbf][0xbd][0xef][0xbf][0xbd][0x3][0xef][0xbf][0xbd]O[0xef][0xbf][0xbd][0xef][0xbf][0xbd][0xef][0xbf][0xbd]`;[0xef][0xbf][0xbd][0x1e][0xef][0xbf][0xbd]^\[0xef][0xbf][0xbd][0xef][0xbf][0xbd][0x1b]K=[0x6][0xef][0xbf][0xbd][[0xef][0xbf][0xbd][0xef][0xbf][0xbd]i[0xef][0xbf][0xbd][0xef][0xbf][0xbd][0xef][0xbf][0xbd][\r][0xef][0xbf][0xbd]}[0xef][0xbf][0xbd][0x0][0xd8][0xae]3gR[0xef][0xbf][0xbd]uX[0xef][0xbf][0xbd][0x16][0xef][0xbf][0xbd][0x1e]@[0xef][0xbf][0xbd][0xef][0xbf][0xbd][0xef][0xbf][0xbd]v[0xd8][0xba][0xef][0xbf][0xbd]O:m[0x9]+"Lq[0xef][0xbf][0xbd]zD%[0xef][0xbf][0xbd][0xef][0xbf][0xbd][0xb][0xef][0xbf][0xbd][0xef][0xbf][0xbd][0xef][0xbf][0xbd]3CL[0xef][0xbf][0xbd][0xef][0xbf][0xbd]K[0xef][0xbf][0xbd][0x17][0xef][0xbf][0xbd][0xef][0xbf][0xbd]$[0xef][0xbf][0xbd][0xef][0xbf][0xbd][0x0];98[0xef][0xbf][0xbd][0xde][0x81]If[0xef][0xbf][0xbd][0xef][0xbf][0xbd]t@7[0xef][0xbf][0xbd]IW[0xef][0xbf][0xbd][0xef][0xbf][0xbd]W[0x5][0xef][0xbf][0xbd]n[0xef][0xbf][0xbd][0xc7][0x82]{[0x1b]L-?[0xef][0xbf][0xbd]=1[0xef][0xbf][0xbd][0x8][0xef][0xbf][0xbd][0x0]aK[0xef][0xbf][0xbd][0xef][0xbf][0xbd])[0x9]=HRG'[0xef][0xbf][0xbd][0xef][0xbf][0xbd]5[0xef][0xbf][0xbd][0xef][0xbf][0xbd][0xef][0xbf][0xbd].,[0xef][0xbf][0xbd])[0xef][0xbf][0xbd]V[0x1f][0xef][0xbf][0xbd][0xef][0xbf][0xbd]'>[0xef][0xbf][0xbd][0x13][0xef][0xbf][0xbd][0xef][0xbf][0xbd][0xef][0xbf][0xbd][0xef][0xbf][0xbd][0xef][0xbf][0xbd]\[0xef][0xbf][0xbd]|[0xef][0xbf][0xbd]=[0xef][0xbf][0xbd][0xef][0xbf][0xbd]3[0xef][0xbf][0xbd]][0xef][0xbf][0xbd][0xca][0xa7]/'[0xc]J&[0xef][0xbf][0xbd]?[0xef][0xbf][0xbd][0xef][0xbf][0xbd][0xef][0xbf][0xbd][0x10]2[0xef][0xbf][0xbd][0xef][0xbf][0xbd][0xef][0xbf][0xbd][0xef][0xbf][0xbd]q[0xef][0xbf][0xbd]=[0xef][0xbf][0xbd][0xef][0xbf][0xbd][0xd9][0xb7][0xef][0xbf][0xbd][0xef][0xbf][0xbd][0xef][0xbf][0xbd][0xef][0xbf][0xbd][0xef][0xbf][0xbd]2[0xef][0xbf][0xbd][0xef][0xbf][0xbd]O[0xef][0xbf][0xbd]$[0xef][0xbf][0xbd]X[0xef][0xbf][0xbd]e}[0xef][0xbf][0xbd]1[0xef][0xbf][0xbd][0xef][0xbf][0xbd]][0xef][0xbf][0xbd][0xef][0xbf][0xbd]W[0xef][0xbf][0xbd];[0xc][0xf]|[0xd5][0xb4]o[0xef][0xbf][0xbd]bQz-[0xef][0xbf][0xbd][0x5][0xef][0xbf][0xbd][0xef][0xbf][0xbd][0xef][0xbf][0xbd][0xef][0xbf][0xbd]yn[0xef][0xbf][0xbd]w[0xef][0xbf][0xbd]E[0xef][0xbf][0xbd]^.[0xef][0xbf][0xbd]T[0xef][0xbf][0xbd][0xef][0xbf][0xbd]l[0xf][0xef][0xbf][0xbd][0xef][0xbf][0xbd][0xef][0xbf][0xbd]m[0xef][0xbf][0xbd]v[0xef][0xbf][0xbd]o[0x16]i8[0x8][0x13][0xc6][0xb8][0xef][0xbf][0xbd]$OX[0xef][0xbf][0xbd]h[0x17]#[0xef][0xbf][0xbd]N[0xef][0xbf][0xbd]E[0xef][0xbf][0xbd]#[0xef][0xbf][0xbd][0xef][0xbf][0xbd][0xef][0xbf][0xbd]J[0xef][0xbf][0xbd][0x1f][0xef][0xbf][0xbd]7[0x13][0x9]a[0xef][0xbf][0xbd][0xef][0xbf][0xbd][0xcb][0x98][0xef][0xbf][0xbd][0xef][0xbf][0xbd][0xef][0xbf][0xbd]:w@|X[0xef][0xbf][0xbd]&[0xef][0xbf][0xbd][0xef][0xbf][0xbd][0xef][0xbf][0xbd][0xef][0xbf][0xbd][0xef][0xbf][0xbd][0x1c] a&[0xef][0xbf][0xbd][0xef][0xbf][0xbd][0xef][0xbf][0xbd][0xef][0xbf][0xbd][0xef][0xbf][0xbd][0xef][0xbf][0xbd][0x1e][0xef][0xbf][0xbd][0xb][0xef][0xbf][0xbd]n[0xef][0xbf][0xbd]m[0xef][0xbf][0xbd][0xef][0xbf][0xbd][0x12][0xef][0xbf][0xbd],[0x19]e6[0xef][0xbf][0xbd]9[0x6][0xef][0xbf][0xbd][0xd9][0x98]][0xef][0xbf][0xbd]9[0x7][0xef][0xbf][0xbd][0x1c][0x6][0x12][0xef][0xbf][0xbd]2[0xef][0xbf][0xbd][0xef][0xbf][0xbd][0xef][0xbf][0xbd][0xef][0xbf][0xbd]0b[0xef][0xbf][0xbd][0xef][0xbf][0xbd][0xef][0xbf][0xbd][0xef][0xbf][0xbd][0xef][0xbf][0xbd][0xef][0xbf][0xbd][0xef][0xbf][0xbd]YF6[0xe4][0x96][0x84][0x1][0xef][0xbf][0xbd]([0xef][0xbf][0xbd]3b[0xef][0xbf][0xbd][0xcd][0xb4][0xef][0xbf][0xbd]F~:[0xef][0xbf][0xbd]Gfv[0xef][0xbf][0xbd][0xef][0xbf][0xbd][0xef][0xbf][0xbd][0xc9][0x9a][0xef][0xbf][0xbd][0xef][0xbf][0xbd][0xef][0xbf][0xbd]X'[0xef][0xbf][0xbd]#[0xef][0xbf][0xbd][0xef][0xbf][0xbd]x[0xef][0xbf][0xbd]n[0xef][0xbf][0xbd]sg`p[0xef][0xbf][0xbd]Xvd_[0xdb][0xb5][0xef][0xbf][0xbd][0xef][0xbf][0xbd][0xef][0xbf][0xbd][0xef][0xbf][0xbd][0x1d][0xef][0xbf][0xbd][0xef][0xbf][0xbd][0xef][0xbf][0xbd][0xef][0xbf][0xbd][0xca][0x95]k[0xef][0xbf][0xbd][0xef][0xbf][0xbd]P[0xef][0xbf][0xbd]|[0xef][0xbf][0xbd][0xef][0xbf][0xbd][0x1e]=l[0xef][0xbf][0xbd]'&X[0xef][0xbf][0xbd]i[0xef][0xbf][0xbd][0xef][0xbf][0xbd]\[0xef][0xbf][0xbd]\[0xef][0xbf][0xbd][0xef][0xbf][0xbd]C[0xef][0xbf][0xbd]u[0x18][0xef][0xbf][0xbd][0xef][0xbf][0xbd][0xc6][0xac][0xd8][0x88]g ^e[0x11][0x17][0x1f]v[0xef][0xbf][0xbd]=[0xef][0xbf][0xbd][0xef][0xbf][0xbd]q[0xef][0xbf][0xbd][0xef][0xbf][0xbd][0xef][0xbf][0xbd][0xef][0xbf][0xbd][0xef][0xbf][0xbd]j[0xda][0xbc][0xef][0xbf][0xbd]L*o[0xef][0xbf][0xbd][0xef][0xbf][0xbd][0xef][0xbf][0xbd][0x6][0xef][0xbf][0xbd][0xef][0xbf][0xbd][0xef][0xbf][0xbd][0xef][0xbf][0xbd]6[0xef][0xbf][0xbd][0x3][0xef][0xbf][0xbd][0xef][0xbf][0xbd][0xef][0xbf][0xbd][0xef][0xbf][0xbd][0x1e]B[0xef][0xbf][0xbd][0x16]`J[0xef][0xbf][0xbd]1\[0xef][0xbf][0xbd],[0xef][0xbf][0xbd]|[0xef][0xbf][0xbd][0xef][0xbf][0xbd]o[0xef][0xbf][0xbd]"ND[0xef][0xbf][0xbd][0xef][0xbf][0xbd][0x4][0xef][0xbf][0xbd][0xef][0xbf][0xbd]>Run_wWuX[0xef][0xbf][0xbd][0xef][0xbf][0xbd][0x1b]3[0x1c][0xef][0xbf][0xbd]u[0xef][0xbf][0xbd][0x1a]3[0xef][0xbf][0xbd][0xc][0xef][0xbf][0xbd][0xef][0xbf][0xbd][0xef][0xbf][0xbd][0xef][0xbf][0xbd]uK[0xef][0xbf][0xbd][0x8][0xef][0xbf][0xbd][0xef][0xbf][0xbd][0xef][0xbf][0xbd]1[0xef][0xbf][0xbd][0xef][0xbf][0xbd]:[0xef][0xbf][0xbd]7[0xef][0xbf][0xbd][0xca][0x8c]nC[0xef][0xbf][0xbd]SaP-}[0xef][0xbf][0xbd]^F[0xef][0xbf][0xbd][0xef][0xbf][0xbd][0xef][0xbf][0xbd][0x15]d[0xef][0xbf][0xbd][0xef][0xbf][0xbd]m[0xef][0xbf][0xbd][0x15][0xc3][0x9c]t?[L[0xc4][0xb8]+[0x14][0xef][0xbf][0xbd][0xef][0xbf][0xbd]fA[0xef][0xbf][0xbd][0xef][0xbf][0xbd]`[0xd3][0xa4][0x1d][0xef][0xbf][0xbd]d[0xca][0xbd][0xef][0xbf][0xbd][0x16][0x1a]{[0xef][0xbf][0xbd][0xef][0xbf][0xbd][0xef][0xbf][0xbd]3[0xef][0xbf][0xbd]X[0xef][0xbf][0xbd][0xef][0xbf][0xbd]VY[0xef][0xbf][0xbd][0xef][0xbf][0xbd]8_][0xef][0xbf][0xbd][0xef][0xbf][0xbd][0x4]}[0xef][0xbf][0xbd][0xef][0xbf][0xbd][0xf][0x11][0xef][0xbf][0xbd][0xef][0xbf][0xbd][0x12]g*lI[0x1c][0xef][0xbf][0xbd][0xef][0xbf][0xbd]![0xef][0xbf][0xbd][0xef][0xbf][0xbd]T?[0x1f]`[0xef][0xbf][0xbd]F[0xe]/A[0xef][0xbf][0xbd][0xef][0xbf][0xbd][0xd9][0x96][0xef][0xbf][0xbd]1[0xef][0xbf][0xbd][0xef][0xbf][0xbd]`[0xef][0xbf][0xbd][0x19][0x10]?[0xda][0x8c][0xd9][0xaa][0xef][0xbf][0xbd][0xef][0xbf][0xbd]@[0xef][0xbf][0xbd][0xdf][0xbd][0xef][0xbf][0xbd][0xef][0xbf][0xbd][0xef][0xbf][0xbd][0xef][0xbf][0xbd][0xef][0xbf][0xbd][0xb][0xef][0xbf][0xbd][0xef][0xbf][0xbd][0xef][0xbf][0xbd][0xef][0xbf][0xbd][0xef][0xbf][0xbd][0x2][0xd9][0xb1]<[0xef][0xbf][0xbd][0xcf][0xbd][0xef][0xbf][0xbd][0xef][0xbf][0xbd]e[0xef][0xbf][0xbd]0[0xef][0xbf][0xbd]B[0xef][0xbf][0xbd][0xef][0xbf][0xbd]+[0xef][0xbf][0xbd][0xef][0xbf][0xbd]V[0xef][0xbf][0xbd][0xef][0xbf][0xbd][0xef][0xbf][0xbd][0xef][0xbf][0xbd]Ie[0xef][0xbf][0xbd]L.[0xef][0xbf][0xbd][0xef][0xbf][0xbd]4[0xef][0xbf][0xbd][0x4][0xef][0xbf][0xbd][0x1a][0xef][0xbf][0xbd][0xef][0xbf][0xbd]TW[0xef][0xbf][0xbd]1[0xef][0xbf][0xbd][0xc4][0xae]{[0xef][0xbf][0xbd]r`b[0xef][0xbf][0xbd]K[0xef][0xbf][0xbd][0xef][0xbf][0xbd][0xd3][0x8e]l[0x5][0xef][0xbf][0xbd][0x3]X[0x1c] D[0xef][0xbf][0xbd]{[\n]"
07:56:28.820 [main] DEBUG org.apache.http.wire -  >> "<[0xef][0xbf][0xbd]G[0xef][0xbf][0xbd]X[0xef][0xbf][0xbd][0xef][0xbf][0xbd][0x12]o$[0xef][0xbf][0xbd][0xef][0xbf][0xbd][0xef][0xbf][0xbd][0xef][0xbf][0xbd][0x18]!f[0xef][0xbf][0xbd][0xef][0xbf][0xbd]O[0xef][0xbf][0xbd]D[0xef][0xbf][0xbd][0x7][0x18]![0xef][0xbf][0xbd]>7[0x10][0xef][0xbf][0xbd][0xdc][0x92][0xef][0xbf][0xbd][0xef][0xbf][0xbd][0xef][0xbf][0xbd][0x9][0x12][0xef][0xbf][0xbd][0xef][0xbf][0xbd][0xef][0xbf][0xbd][0xef][0xbf][0xbd]O0[0xd1][0x82][0xef][0xbf][0xbd]*N[0xef][0xbf][0xbd][0xef][0xbf][0xbd][0x1e][0xef][0xbf][0xbd][0x18][0x8]2[0xef][0xbf][0xbd]Pz&[0xef][0xbf][0xbd]K[0xef][0xbf][0xbd]c[0xef][0xbf][0xbd][0x15]\[0xef][0xbf][0xbd]Fy[0x16]Kt[0xdf][0xbc][0xef][0xbf][0xbd][0xef][0xbf][0xbd][0xef][0xbf][0xbd][0xef][0xbf][0xbd].[0xc5][0xbf]o[0x0][0xef][0xbf][0xbd]W}[0x19][0x6]\,[0xef][0xbf][0xbd][0xc]n[0xef][0xbf][0xbd]b[0xef][0xbf][0xbd]k[0xef][0xbf][0xbd][0x9][0xef][0xbf][0xbd]5y[0xef][0xbf][0xbd][0xef][0xbf][0xbd]f6[0xef][0xbf][0xbd]h[0x2][0xef][0xbf][0xbd][0xef][0xbf][0xbd]8[0xef][0xbf][0xbd][0xef][0xbf][0xbd]q[0xef][0xbf][0xbd][0xef][0xbf][0xbd]z[0xef][0xbf][0xbd],4[0xef][0xbf][0xbd][\n]"
07:56:28.821 [main] DEBUG org.apache.http.wire -  >> "AD[0xef][0xbf][0xbd][0xef][0xbf][0xbd]M[0x2]M[0xef][0xbf][0xbd]9[0xe7][0x8f][0xa6]%[0xef][0xbf][0xbd][0xef][0xbf][0xbd]c[0xef][0xbf][0xbd][0xef][0xbf][0xbd][0xef][0xbf][0xbd]q,s[0x18]=F|[0xef][0xbf][0xbd][0xd9][0xb4][0xef][0xbf][0xbd][0xef][0xbf][0xbd][0xef][0xbf][0xbd]8[0xef][0xbf][0xbd][0xef][0xbf][0xbd]D[0xef][0xbf][0xbd][0xef][0xbf][0xbd][0xcf][0xa0][0xef][0xbf][0xbd][0xe][0xef][0xbf][0xbd][0xef][0xbf][0xbd][0xef][0xbf][0xbd][0xef][0xbf][0xbd]C[0xef][0xbf][0xbd]N/[0xcd][0xae]][0xc8][0x95]e[0xef][0xbf][0xbd][0xef][0xbf][0xbd]1[0xef][0xbf][0xbd][0xef][0xbf][0xbd][0xef][0xbf][0xbd]z[0xef][0xbf][0xbd]W[0xef][0xbf][0xbd]\k [0xef][0xbf][0xbd][0xef][0xbf][0xbd][0xef][0xbf][0xbd];on`[0x16][0xef][0xbf][0xbd][0xef][0xbf][0xbd][\r]fU|[0x9][0xef][0xbf][0xbd]m[0xef][0xbf][0xbd]6.[0xef][0xbf][0xbd]5[0xef][0xbf][0xbd][0x1f]S[0x1c][0xef][0xbf][0xbd]4[0x1d])Q[0x1b][0xef][0xbf][0xbd]x[0xef][0xbf][0xbd][0xef][0xbf][0xbd][0xef][0xbf][0xbd][0x1d][0xef][0xbf][0xbd][0xef][0xbf][0xbd][0xef][0xbf][0xbd][0xf]L[0xef][0xbf][0xbd]~[0xef][0xbf][0xbd][0xef][0xbf][0xbd]M-[0xef][0xbf][0xbd]$T`#V[0xef][0xbf][0xbd]*<[0xef][0xbf][0xbd][0xef][0xbf][0xbd]o[0xef][0xbf][0xbd][0xef][0xbf][0xbd][0x14]a#n[0xef][0xbf][0xbd][\n]"
07:56:28.821 [main] DEBUG org.apache.http.wire -  >> "[0x14]Y[0xef][0xbf][0xbd]Q/[0xef][0xbf][0xbd][0x10][0xef][0xbf][0xbd][0xef][0xbf][0xbd][0xef][0xbf][0xbd][0xea][0xac][0x9b]'[0xea][0xa3][0xb7][\n]"
07:56:28.821 [main] DEBUG org.apache.http.wire -  >> "C[0xdf][0xb2][0xb][0x15]?J[0xef][0xbf][0xbd]m[0xef][0xbf][0xbd][0xef][0xbf][0xbd]=>[0xef][0xbf][0xbd]56[0xef][0xbf][0xbd][0x12][0xef][0xbf][0xbd]J[0x17]_-[0xef][0xbf][0xbd]7 Il[0xef][0xbf][0xbd][0x1][0xc]Y[0xef][0xbf][0xbd][0xca][0xae]w@[0xef][0xbf][0xbd][0x6]*h[0xef][0xbf][0xbd][0x17] [\r]p@_[0x1][0xef][0xbf][0xbd]e[0xef][0xbf][0xbd]w=[0x18]\[0xef][0xbf][0xbd]C[0xef][0xbf][0xbd]S)S[0xef][0xbf][0xbd]TL[0xd7][0xbe]ol [0x1a][0xef][0xbf][0xbd][0xef][0xbf][0xbd][0xef][0xbf][0xbd]4[0xef][0xbf][0xbd][0xef][0xbf][0xbd]H4[0x15][0x17][0xef][0xbf][0xbd]ju[0xef][0xbf][0xbd][\n]"
07:56:28.821 [main] DEBUG org.apache.http.wire -  >> "[0xef][0xbf][0xbd][0xd9][0x88][0xef][0xbf][0xbd][0x1]8[0x6]J[0xef][0xbf][0xbd][0xef][0xbf][0xbd]eM[0xef][0xbf][0xbd]Lpm[0xef][0xbf][0xbd][0x1e]s[0x1a][0xef][0xbf][0xbd]'[0xc][0xd2][0x88][0x1a][0xef][0xbf][0xbd]V[0x3][0xef][0xbf][0xbd],[0xef][0xbf][0xbd][0xc][0xef][0xbf][0xbd]P"[0x1f][0xef][0xbf][0xbd][0x6][0xef][0xbf][0xbd][0x1b][0x3]gs*B[0xef][0xbf][0xbd][0xef][0xbf][0xbd]<[0xef][0xbf][0xbd][0xef][0xbf][0xbd]J1[0xef][0xbf][0xbd][0x1e]0[0xef][0xbf][0xbd]o[0xef][0xbf][0xbd][0xef][0xbf][0xbd],[0xef][0xbf][0xbd]+[0x3]|[0xc][0xef][0xbf][0xbd]*s[0xef][0xbf][0xbd][\n]"
07:56:28.821 [main] DEBUG org.apache.http.wire -  >> "[0x8][0xef][0xbf][0xbd][0xef][0xbf][0xbd][0xef][0xbf][0xbd]/[0xef][0xbf][0xbd][0xef][0xbf][0xbd][0xef][0xbf][0xbd][0xd4][0xbf]j[0xef][0xbf][0xbd][0xef][0xbf][0xbd][0x1e])o[0xef][0xbf][0xbd][0xef][0xbf][0xbd]}[0xef][0xbf][0xbd][0xef][0xbf][0xbd][0xef][0xbf][0xbd][\r][0xef][0xbf][0xbd]>J[0xef][0xbf][0xbd]d0[0x6][0x19][0xef][0xbf][0xbd]Zhn[0xef][0xbf][0xbd]>13[0xef][0xbf][0xbd][0x3][0xef][0xbf][0xbd]c*[0xef][0xbf][0xbd]k[0xef][0xbf][0xbd][0x6][0xef][0xbf][0xbd][0xb][0xef][0xbf][0xbd][0xef][0xbf][0xbd][0xef][0xbf][0xbd]z[0xef][0xbf][0xbd][0xef][0xbf][0xbd]?l[0xd7][0xb2][0x1c]S[0xef][0xbf][0xbd][0xef][0xbf][0xbd][0xef][0xbf][0xbd]?[0xef][0xbf][0xbd][0xef][0xbf][0xbd][0xef][0xbf][0xbd]m[0xef][0xbf][0xbd]~[0xef][0xbf][0xbd][0xef][0xbf][0xbd][0xef][0xbf][0xbd][0x6][0xef][0xbf][0xbd][0xef][0xbf][0xbd][0xef][0xbf][0xbd][0xef][0xbf][0xbd][0xef][0xbf][0xbd]~[0xef][0xbf][0xbd][0xef][0xbf][0xbd][0xef][0xbf][0xbd][0xde][0xa1]';~[0x16][0xef][0xbf][0xbd]{[0xdc][0x87][0xef][0xbf][0xbd]:[0xe]S[0xef][0xbf][0xbd] xX}[0xef][0xbf][0xbd]g[0xef][0xbf][0xbd][0xdc][0x95][0xe5][0xb9][0xb6][0xef][0xbf][0xbd][0x18]V[0xef][0xbf][0xbd]N[0xef][0xbf][0xbd]][0x10]@%V[0xef][0xbf][0xbd][0xef][0xbf][0xbd][0xef][0xbf][0xbd]L[0xef][0xbf][0xbd]wkvg[0xef][0xbf][0xbd]J[0xef][0xbf][0xbd]V[0xef][0xbf][0xbd][0xef][0xbf][0xbd]Y[0xef][0xbf][0xbd]Q[0xef][0xbf][0xbd]R[0xd2][0xa4][0x1a]/[0xef][0xbf][0xbd]/[0xef][0xbf][0xbd][0x18]2[0x11]9[0x1f][0x5]|[0xef][0xbf][0xbd]4Cf[0xde][0x9c]g[0xef][0xbf][0xbd][0xef][0xbf][0xbd][0x8]7}[0xef][0xbf][0xbd]$[0x6][0xef][0xbf][0xbd][0xef][0xbf][0xbd][0xef][0xbf][0xbd][0xef][0xbf][0xbd][0xef][0xbf][0xbd]H\[0xdb][0x92][0xef][0xbf][0xbd][0xef][0xbf][0xbd][0xef][0xbf][0xbd]nW[0x9]8x[0xef][0xbf][0xbd]V[0xef][0xbf][0xbd][0xef][0xbf][0xbd]i[0xef][0xbf][0xbd][0xcd][0x81]an[0xef][0xbf][0xbd][0xef][0xbf][0xbd][0xef][0xbf][0xbd]A!v[0xef][0xbf][0xbd][0xef][0xbf][0xbd]k[0xef][0xbf][0xbd]1([0xef][0xbf][0xbd][0xef][0xbf][0xbd]5[0x1b][0xef][0xbf][0xbd][0xef][0xbf][0xbd][0xef][0xbf][0xbd]%Y[0xef][0xbf][0xbd]=[0x7][0xef][0xbf][0xbd][0xef][0xbf][0xbd]&[0xef][0xbf][0xbd].[0xef][0xbf][0xbd]=[0xef][0xbf][0xbd]r[0xef][0xbf][0xbd][0xcf][0xbc]~[0x17][0xef][0xbf][0xbd][0xef][0xbf][0xbd][0x14]d\S[0xef][0xbf][0xbd]4[0x1]8[0xef][0xbf][0xbd][0xef][0xbf][0xbd]f[0xef][0xbf][0xbd][0x12]+[0xef][0xbf][0xbd]=s[0xef][0xbf][0xbd][0xef][0xbf][0xbd][0xef][0xbf][0xbd]b[0xef][0xbf][0xbd]q[0xef][0xbf][0xbd]=~[0xef][0xbf][0xbd][0xef][0xbf][0xbd]Q{[0xef][0xbf][0xbd][n[0xd8][0xa5][0xef][0xbf][0xbd][0xef][0xbf][0xbd][0xef][0xbf][0xbd]Z32-O[0xef][0xbf][0xbd][0xef][0xbf][0xbd][0xef][0xbf][0xbd]~[0xef][0xbf][0xbd]A$?[0xef][0xbf][0xbd]}[0xef][0xbf][0xbd][\r]j[0xef][0xbf][0xbd]fJ<h[0xef][0xbf][0xbd][0x5][0xef][0xbf][0xbd]4[0xef][0xbf][0xbd][0xc6][0xbc][0xef][0xbf][0xbd]e[0x6];\[0xef][0xbf][0xbd]M=^[0xef][0xbf][0xbd][0xef][0xbf][0xbd][0xef][0xbf][0xbd][0xef][0xbf][0xbd][0xef][0xbf][0xbd]h[0xef][0xbf][0xbd][0xef][0xbf][0xbd][0xef][0xbf][0xbd][0xef][0xbf][0xbd][0xef][0xbf][0xbd][0xef][0xbf][0xbd][0xef][0xbf][0xbd]u[0xef][0xbf][0xbd][0xef][0xbf][0xbd][0xef][0xbf][0xbd](^d.A[0xef][0xbf][0xbd]<[0xef][0xbf][0xbd]Ka[0xef][0xbf][0xbd]=[0xef][0xbf][0xbd][0x15]3q[0xef][0xbf][0xbd][0xef][0xbf][0xbd][0xef][0xbf][0xbd][0xef][0xbf][0xbd][0xef][0xbf][0xbd][0xef][0xbf][0xbd][0x9]e[0x2]Z[0xef][0xbf][0xbd]O[0x14]7k[0xef][0xbf][0xbd][0xef][0xbf][0xbd]G[0xef][0xbf][0xbd]~\U[0xef][0xbf][0xbd]R,[0xef][0xbf][0xbd]J[0xef][0xbf][0xbd][0xef][0xbf][0xbd]xR[0xef][0xbf][0xbd]]+[0xef][0xbf][0xbd]rGU[0xef][0xbf][0xbd]w[0xef][0xbf][0xbd][0xef][0xbf][0xbd]i[0xef][0xbf][0xbd][0xef][0xbf][0xbd][0x9][0x0][0x12][0xc7][0x81][0xd3][0xa9][0xef][0xbf][0xbd][0xef][0xbf][0xbd](~[0xef][0xbf][0xbd][0xef][0xbf][0xbd][0xef][0xbf][0xbd]uc?w[0xef][0xbf][0xbd],[0xef][0xbf][0xbd]s[0xef][0xbf][0xbd]`ayO[0xef][0xbf][0xbd][0xef][0xbf][0xbd][0xef][0xbf][0xbd]QT[0xef][0xbf][0xbd]9[\[0xef][0xbf][0xbd][0xef][0xbf][0xbd]Ct[0xef][0xbf][0xbd]'[0xef][0xbf][0xbd]][0xef][0xbf][0xbd][0xef][0xbf][0xbd]U+[0xef][0xbf][0xbd].[0xef][0xbf][0xbd][0xef][0xbf][0xbd]}[0x6]t[0xef][0xbf][0xbd]}\[0xef][0xbf][0xbd][0xef][0xbf][0xbd][0xef][0xbf][0xbd][0xef][0xbf][0xbd][\n]"
07:56:28.821 [main] DEBUG org.apache.http.wire -  >> "GP[0xef][0xbf][0xbd]z.[0xc4][0xb9][0xef][0xbf][0xbd][0xef][0xbf][0xbd]G[0xef][0xbf][0xbd][0xef][0xbf][0xbd]u[0xef][0xbf][0xbd]L[0x3]Ys=S[0xef][0xbf][0xbd]#[0xef][0xbf][0xbd][0x4][0xef][0xbf][0xbd][\n]"
07:56:28.821 [main] DEBUG org.apache.http.wire -  >> "L(Q[0x1f][0x1][0xef][0xbf][0xbd][0xef][0xbf][0xbd]3[0xef][0xbf][0xbd]r[0xef][0xbf][0xbd][0xef][0xbf][0xbd][0xef][0xbf][0xbd][0xef][0xbf][0xbd]-`:y[0x0]-[0xef][0xbf][0xbd]4%{[0xef][0xbf][0xbd]H7y[0xef][0xbf][0xbd]"[0xef][0xbf][0xbd][0xef][0xbf][0xbd][0xef][0xbf][0xbd]S[0xef][0xbf][0xbd][0x3]cw[0xef][0xbf][0xbd]y"[0x6]R[0xef][0xbf][0xbd]/[0xef][0xbf][0xbd][0xc][0xd8][0xa7][0xef][0xbf][0xbd]+o[0xef][0xbf][0xbd][0xef][0xbf][0xbd]>p[0xef][0xbf][0xbd][0xef][0xbf][0xbd][0xe],[0xef][0xbf][0xbd][0x2]b[0xef][0xbf][0xbd]I[0xef][0xbf][0xbd]g[0xef][0xbf][0xbd][0xef][0xbf][0xbd]X>[0xef][0xbf][0xbd]7[0xef][0xbf][0xbd][0xef][0xbf][0xbd]G[0xe]{[0xef][0xbf][0xbd][0xdc][0xa3][0xc9][0xa6]`[0xef][0xbf][0xbd][0x1d][0xcf][0xab][0xef][0xbf][0xbd][0xf]c[0xef][0xbf][0xbd][0xef][0xbf][0xbd])Lj[0xef][0xbf][0xbd][0xef][0xbf][0xbd]m[0xef][0xbf][0xbd]M`[0xef][0xbf][0xbd][0xe]U[0xef][0xbf][0xbd][0xc2][0x8b]v[0x1d][0xef][0xbf][0xbd][0xef][0xbf][0xbd][0xdc][0xaf]Z|[0xef][0xbf][0xbd][0xef][0xbf][0xbd]v[0xef][0xbf][0xbd]p[0x13]x[0xef][0xbf][0xbd]([0x6][0xef][0xbf][0xbd]-[0xb][0x18]/[0x1d][0xef][0xbf][0xbd]jJ[0xd9][0x94][0xef][0xbf][0xbd][0xef][0xbf][0xbd]<[0xef][0xbf][0xbd]^Y[0xef][0xbf][0xbd][0xef][0xbf][0xbd][0xef][0xbf][0xbd]",[0xef][0xbf][0xbd][0xdb][0x94][0xef][0xbf][0xbd][0x13]1P1[0xef][0xbf][0xbd][0xef][0xbf][0xbd][0xe][0xef][0xbf][0xbd]*[0x13]_[0xef][0xbf][0xbd]W>[0xef][0xbf][0xbd]p[0xc][0xef][0xbf][0xbd][0xef][0xbf][0xbd]-[0x2][0xef][0xbf][0xbd][[0xef][0xbf][0xbd][0xef][0xbf][0xbd][0xef][0xbf][0xbd][0xef][0xbf][0xbd][0x19][0xef][0xbf][0xbd][0x2]6[0xef][0xbf][0xbd]9_[0xef][0xbf][0xbd][0xef][0xbf][0xbd] [0x1c][0x0][0xd9][0xa9][0xdb][0xab][0x0]p[0xef][0xbf][0xbd][0xef][0xbf][0xbd][0xef][0xbf][0xbd][0xef][0xbf][0xbd][0xc4][0x8d][0xef][0xbf][0xbd][0xef][0xbf][0xbd]9[0x11][0xef][0xbf][0xbd][0xef][0xbf][0xbd]Nh[0xef][0xbf][0xbd][0xef][0xbf][0xbd]9[0x7][0x4]H[0xef][0xbf][0xbd][0xef][0xbf][0xbd][0xef][0xbf][0xbd][0x4][0xef][0xbf][0xbd]q"[0xef][0xbf][0xbd]#[0xef][0xbf][0xbd]>[0x18][0xe][0xef][0xbf][0xbd][0xef][0xbf][0xbd][0xef][0xbf][0xbd][0x3]'saK[0xef][0xbf][0xbd]/[0xef][0xbf][0xbd][0xef][0xbf][0xbd]N[0xef][0xbf][0xbd])[0x0][0xef][0xbf][0xbd]$[0xef][0xbf][0xbd][0xef][0xbf][0xbd][0xef][0xbf][0xbd]eR[0xef][0xbf][0xbd][0xef][0xbf][0xbd][0xef][0xbf][0xbd][0x18][0xef][0xbf][0xbd][0xef][0xbf][0xbd][0xef][0xbf][0xbd]M|[0xef][0xbf][0xbd]k[0xef][0xbf][0xbd]t>[0xef][0xbf][0xbd][0xef][0xbf][0xbd][0xef][0xbf][0xbd]d[0xef][0xbf][0xbd]n[0xef][0xbf][0xbd][0x15][0xe][0xef][0xbf][0xbd]K[0xef][0xbf][0xbd][0xc9][0xa0][0xef][0xbf][0xbd][0x1a][0xef][0xbf][0xbd]=[0xef][0xbf][0xbd])[0xef][0xbf][0xbd][0xef][0xbf][0xbd]s"
07:56:28.840 [main] DEBUG org.apache.http.wire -  >> "[0xef][0xbf][0xbd][0x13][0xef][0xbf][0xbd][0xef][0xbf][0xbd]4{[0xef][0xbf][0xbd][0xef][0xbf][0xbd][0xef][0xbf][0xbd][0xd7][0xac][0xef][0xbf][0xbd][0xef][0xbf][0xbd][0xef][0xbf][0xbd][0x15]U[0xef][0xbf][0xbd]<[0xef][0xbf][0xbd]9[0xef][0xbf][0xbd]=[0xef][0xbf][0xbd][0xef][0xbf][0xbd]:[0xef][0xbf][0xbd][0xef][0xbf][0xbd][0xef][0xbf][0xbd]w[0xef][0xbf][0xbd][0xef][0xbf][0xbd][0x17][0xef][0xbf][0xbd][0xef][0xbf][0xbd]K,[0xef][0xbf][0xbd],[0xef][0xbf][0xbd][0x14][0xef][0xbf][0xbd][0x1d][0xcb][0x93][0xef][0xbf][0xbd][0xef][0xbf][0xbd]w[0xef][0xbf][0xbd][0x5]?[0xef][0xbf][0xbd]f[0xef][0xbf][0xbd][0xef][0xbf][0xbd][0x18][0xef][0xbf][0xbd][0xef][0xbf][0xbd]X[\n]"
07:56:28.840 [main] DEBUG org.apache.http.wire -  >> "[0xe][0xef][0xbf][0xbd]@[0xef][0xbf][0xbd]Tg[0xef][0xbf][0xbd]<[0xef][0xbf][0xbd][0x13][0xef][0xbf][0xbd]}[0xef][0xbf][0xbd][0xc][0xef][0xbf][0xbd][0xe][0xef][0xbf][0xbd]rgo[0xef][0xbf][0xbd][0xef][0xbf][0xbd][0xef][0xbf][0xbd][0xef][0xbf][0xbd][0xcb][0x96][0xef][0xbf][0xbd][0xef][0xbf][0xbd]+[0xef][0xbf][0xbd][0xef][0xbf][0xbd][\n]"
07:56:28.840 [main] DEBUG org.apache.http.wire -  >> "DJ[0x1d][0xef][0xbf][0xbd][0xef][0xbf][0xbd]J)[0xef][0xbf][0xbd][0xef][0xbf][0xbd][0xef][0xbf][0xbd]([0xef][0xbf][0xbd]D[0xef][0xbf][0xbd][0xef][0xbf][0xbd][0xef][0xbf][0xbd][0xef][0xbf][0xbd][0xcb][0x9d][0xef][0xbf][0xbd]t/[0xef][0xbf][0xbd]3ay[0xef][0xbf][0xbd]_[0xef][0xbf][0xbd][0x19]I[0x2]hR[0xef][0xbf][0xbd]#[0xef][0xbf][0xbd][0xef][0xbf][0xbd]A[0xef][0xbf][0xbd][0x6][0xef][0xbf][0xbd][0xef][0xbf][0xbd]up[0xef][0xbf][0xbd]m[0xef][0xbf][0xbd][0xef][0xbf][0xbd]'[0x11][0x0][0xef][0xbf][0xbd][0xef][0xbf][0xbd]QGX[\n]"
07:56:28.841 [main] DEBUG org.apache.http.wire -  >> "[0xef][0xbf][0xbd]*[0x13]B*\$J[0xef][0xbf][0xbd]B[0x2][0xef][0xbf][0xbd]K[0xef][0xbf][0xbd][0xef][0xbf][0xbd]$N[0xef][0xbf][0xbd]m[0xef][0xbf][0xbd][0x10] [0xef][0xbf][0xbd][0xef][0xbf][0xbd][0x16];[0xef][0xbf][0xbd][0x12]$4[0xef][0xbf][0xbd][0xef][0xbf][0xbd]q[0xef][0xbf][0xbd]([0xdb][0xaa][0xef][0xbf][0xbd]p4[0xef][0xbf][0xbd][0xef][0xbf][0xbd]V[[0xef][0xbf][0xbd][0xef][0xbf][0xbd][0xef][0xbf][0xbd][0xef][0xbf][0xbd][0xef][0xbf][0xbd]c?}[0xef][0xbf][0xbd]F[0xef][0xbf][0xbd]p[0x1b]}[0xef][0xbf][0xbd]PbA[0xef][0xbf][0xbd][0xef][0xbf][0xbd]j#d[0xef][0xbf][0xbd][0x1]l.[0xef][0xbf][0xbd][0xb]`H[0xef][0xbf][0xbd][0xef][0xbf][0xbd]BG[0xef][0xbf][0xbd][0xef][0xbf][0xbd]X[0xef][0xbf][0xbd]][0x2]Tp[0xef][0xbf][0xbd]!/[0xef][0xbf][0xbd]^[0x8]>[0x15][0x17][0x3]@[0x17][0xef][0xbf][0xbd][0xef][0xbf][0xbd]J^C@[0xef][0xbf][0xbd][0xef][0xbf][0xbd][0xef][0xbf][0xbd][0x6][0xef][0xbf][0xbd][0xef][0xbf][0xbd]&[0xef][0xbf][0xbd][0xc5][0x80][0xef][0xbf][0xbd][0xef][0xbf][0xbd][0xef][0xbf][0xbd]([0xef][0xbf][0xbd][0xef][0xbf][0xbd][0x1b][0xef][0xbf][0xbd]E[0xef][0xbf][0xbd][0xef][0xbf][0xbd][0x1d][0xef][0xbf][0xbd][0x13][0xd6][0x9c][0xef][0xbf][0xbd][0xef][0xbf][0xbd]c[0xef][0xbf][0xbd]q[0xef][0xbf][0xbd]dR[0xef][0xbf][0xbd]k[0xef][0xbf][0xbd][0xef][0xbf][0xbd][0xef][0xbf][0xbd]x[0xef][0xbf][0xbd]C[0xef][0xbf][0xbd][0xef][0xbf][0xbd][0xcd][0xb7]\X[0xef][0xbf][0xbd]]P[0xef][0xbf][0xbd]9 ;[0xef][0xbf][0xbd]'[0xef][0xbf][0xbd][0xef][0xbf][0xbd][0xef][0xbf][0xbd]~[0xef][0xbf][0xbd][0xef][0xbf][0xbd][0xef][0xbf][0xbd]z[0xef][0xbf][0xbd]a[0x1b]n[0xef][0xbf][0xbd][0xef][0xbf][0xbd]z[0x2]5^[0xef][0xbf][0xbd][0xef][0xbf][0xbd][0xef][0xbf][0xbd]W)clV[0xef][0xbf][0xbd][0xef][0xbf][0xbd][0x14][0x1d][0x11]6[0xef][0xbf][0xbd]2*[0xef][0xbf][0xbd][0x17]n[0xef][0xbf][0xbd]u*[0xef][0xbf][0xbd]K1[0xef][0xbf][0xbd][0xef][0xbf][0xbd]$[0xef][0xbf][0xbd]d)9y[0xef][0xbf][0xbd],[0xc8][0x82]Z[0xef][0xbf][0xbd]C[0xef][0xbf][0xbd]w[0xef][0xbf][0xbd]u[0xef][0xbf][0xbd]6'[0xef][0xbf][0xbd][0xef][0xbf][0xbd]R[0xef][0xbf][0xbd]`c5[0xef][0xbf][0xbd]E[\n]"
07:56:28.842 [main] DEBUG org.apache.http.wire -  >> "[0xef][0xbf][0xbd]l*$[0xef][0xbf][0xbd][0x10][0xef][0xbf][0xbd]<[0xef][0xbf][0xbd]8[0x11][\r][0xef][0xbf][0xbd]8o.[0xef][0xbf][0xbd]H[0x1e][0xe9][0xbe][0x88][0xef][0xbf][0xbd][0x13]9!N[0xef][0xbf][0xbd]db[0xef][0xbf][0xbd][0xef][0xbf][0xbd]*[0xef][0xbf][0xbd][0x8]5[0x15]S[0xef][0xbf][0xbd]U[0xef][0xbf][0xbd][0xef][0xbf][0xbd]m[0xef][0xbf][0xbd][0xef][0xbf][0xbd]!$dO[0xef][0xbf][0xbd][0x7]b[0x18])[0xef][0xbf][0xbd])v[0x7][0xef][0xbf][0xbd][0x1a][0xef][0xbf][0xbd][0xef][0xbf][0xbd][0xef][0xbf][0xbd]s,[0xef][0xbf][0xbd][0xef][0xbf][0xbd][0xef][0xbf][0xbd]G[0xef][0xbf][0xbd]K[0x1b][0x1f] =[0xef][0xbf][0xbd]r#H[0x18]~[0xef][0xbf][0xbd][0xef][0xbf][0xbd][0xef][0xbf][0xbd][0xef][0xbf][0xbd][0xef][0xbf][0xbd][0xef][0xbf][0xbd][0xef][0xbf][0xbd][0xef][0xbf][0xbd][0x1][0xef][0xbf][0xbd][0xef][0xbf][0xbd][0xef][0xbf][0xbd][0xef][0xbf][0xbd][0xef][0xbf][0xbd][0xef][0xbf][0xbd][0xef][0xbf][0xbd]H6([0xef][0xbf][0xbd][0xef][0xbf][0xbd]nA+[0xd4][0xa4]9[0xef][0xbf][0xbd][0x17][0x7][0x10][0xef][0xbf][0xbd]ll3[0xef][0xbf][0xbd]n[0xef][0xbf][0xbd]Q[0xef][0xbf][0xbd][0xef][0xbf][0xbd]-[0xef][0xbf][0xbd][0xef][0xbf][0xbd][0x0]H[0xef][0xbf][0xbd]3[0xef][0xbf][0xbd][0xef][0xbf][0xbd][0x1c]}}(3+[0x8]S[0xef][0xbf][0xbd]E[0x8];[0xef][0xbf][0xbd]g[0xef][0xbf][0xbd]][0xc9][0xbf][0xef][0xbf][0xbd]R[0xef][0xbf][0xbd]J[0xef][0xbf][0xbd][0x9]K[0xef][0xbf][0xbd][0xef][0xbf][0xbd][0x1d][0xef][0xbf][0xbd]c~[0xef][0xbf][0xbd]o[0xef][0xbf][0xbd][0xef][0xbf][0xbd]y[0xef][0xbf][0xbd][0xef][0xbf][0xbd][0xef][0xbf][0xbd][0xef][0xbf][0xbd][0xef][0xbf][0xbd][0xef][0xbf][0xbd]R[0xef][0xbf][0xbd]rO[0x2][0xd9][0xb1][0xef][0xbf][0xbd][0xef][0xbf][0xbd][0xef][0xbf][0xbd][0xef][0xbf][0xbd][0xef][0xbf][0xbd][0xef][0xbf][0xbd][0xef][0xbf][0xbd][0xef][0xbf][0xbd][0xef][0xbf][0xbd][0xef][0xbf][0xbd][0xef][0xbf][0xbd][0xef][0xbf][0xbd][0xef][0xbf][0xbd]q[0xef][0xbf][0xbd]^[0xef][0xbf][0xbd]t[0xd9][0xa6]v[0xef][0xbf][0xbd]a.u[0xef][0xbf][0xbd]5[0xef][0xbf][0xbd][0xdd][0x91][0x10][0xef][0xbf][0xbd][0xef][0xbf][0xbd]h;![0x15][0xef][0xbf][0xbd][0xef][0xbf][0xbd][0xef][0xbf][0xbd](s[0xef][0xbf][0xbd][0xef][0xbf][0xbd]W[0xcc][0xbe][0xef][0xbf][0xbd]l[0xef][0xbf][0xbd]Ac:b[0x19][0xef][0xbf][0xbd][0x15]O*w[0x1a]L[0xef][0xbf][0xbd]2[0xef][0xbf][0xbd][0xef][0xbf][0xbd] [0xef][0xbf][0xbd]J[0xef][0xbf][0xbd][0xef][0xbf][0xbd]j[0xef][0xbf][0xbd][0xef][0xbf][0xbd][0xef][0xbf][0xbd]9[0xef][0xbf][0xbd][0xef][0xbf][0xbd][0xef][0xbf][0xbd][0xef][0xbf][0xbd][0xef][0xbf][0xbd][0x10][0xef][0xbf][0xbd]e[0xef][0xbf][0xbd]b[0xef][0xbf][0xbd][0xef][0xbf][0xbd][0xb][0xef][0xbf][0xbd][0xd4][0x9f][0xef][0xbf][0xbd]7&[0xef][0xbf][0xbd]@[0xef][0xbf][0xbd]h[0xef][0xbf][0xbd][0xef][0xbf][0xbd][0xef][0xbf][0xbd][0x14][0xef][0xbf][0xbd]/Yo[0xef][0xbf][0xbd][0x14]2[0x0][0xef][0xbf][0xbd][0xef][0xbf][0xbd]g[0xef][0xbf][0xbd]l([0xd8][0x8a][0xef][0xbf][0xbd][0xef][0xbf][0xbd][0xef][0xbf][0xbd][0xef][0xbf][0xbd][0xef][0xbf][0xbd]-[0xef][0xbf][0xbd][0x1c]c[0xdd][0xbf]w[0x1b][0xef][0xbf][0xbd]{[0x15][0xef][0xbf][0xbd][0xc5][0x93][0xef][0xbf][0xbd]v[0xef][0xbf][0xbd][0xef][0xbf][0xbd]{[0xef][0xbf][0xbd][0xef][0xbf][0xbd][0x11][0xef][0xbf][0xbd][0x1e]vn[0xef][0xbf][0xbd]sR[0xef][0xbf][0xbd][0x1]=[0xef][0xbf][0xbd][0xef][0xbf][0xbd][0x4][0xef][0xbf][0xbd][0xda][0xab]l[0xef][0xbf][0xbd][0xc6][0x80]X`[0xef][0xbf][0xbd]O_[0xc]4[0xef][0xbf][0xbd]I[0xef][0xbf][0xbd]U'[0xef][0xbf][0xbd][0x18][0xef][0xbf][0xbd]+[0xef][0xbf][0xbd][0xef][0xbf][0xbd]*6[0xef][0xbf][0xbd][0xef][0xbf][0xbd][\n]"
07:56:28.842 [main] DEBUG org.apache.http.wire -  >> "([0xef][0xbf][0xbd]XL[0xef][0xbf][0xbd]%[0xef][0xbf][0xbd]\|[0x7]1)[0xef][0xbf][0xbd][0xef][0xbf][0xbd][0xef][0xbf][0xbd][0xef][0xbf][0xbd][0xef][0xbf][0xbd][0xef][0xbf][0xbd][0xef][0xbf][0xbd][0x3]-[0x10]af>[0xef][0xbf][0xbd][\r][0x8][0xef][0xbf][0xbd][0xef][0xbf][0xbd][0xef][0xbf][0xbd][0xef][0xbf][0xbd][0xef][0xbf][0xbd]6[0xef][0xbf][0xbd][0xef][0xbf][0xbd][0xef][0xbf][0xbd]A[0xef][0xbf][0xbd]i5[0x4]][0xef][0xbf][0xbd][0xef][0xbf][0xbd][0xef][0xbf][0xbd][0xef][0xbf][0xbd][0xef][0xbf][0xbd][0xef][0xbf][0xbd][0xef][0xbf][0xbd][0xef][0xbf][0xbd][0xef][0xbf][0xbd][0xef][0xbf][0xbd][0xef][0xbf][0xbd][0xef][0xbf][0xbd][0xef][0xbf][0xbd][0xef][0xbf][0xbd]/[0xef][0xbf][0xbd][0xef][0xbf][0xbd][0xef][0xbf][0xbd]G[0xef][0xbf][0xbd][0xef][0xbf][0xbd][0xef][0xbf][0xbd]sawQ[0xef][0xbf][0xbd]g[0xef][0xbf][0xbd][0xef][0xbf][0xbd]X[0xef][0xbf][0xbd][0xef][0xbf][0xbd][0xef][0xbf][0xbd][0xef][0xbf][0xbd]}[0xef][0xbf][0xbd][0xef][0xbf][0xbd][0xd8][0xbb][0xf][0xef][0xbf][0xbd][0xef][0xbf][0xbd][0xef][0xbf][0xbd]Fc[0xef][0xbf][0xbd][0xef][0xbf][0xbd][0xef][0xbf][0xbd]4[0xef][0xbf][0xbd]S[0xef][0xbf][0xbd][0xef][0xbf][0xbd][0xef][0xbf][0xbd]N[0xef][0xbf][0xbd][0xef][0xbf][0xbd]\[0x1e][0x1c][0xef][0xbf][0xbd][0xef][0xbf][0xbd][0xef][0xbf][0xbd][0xef][0xbf][0xbd][0xef][0xbf][0xbd][0xef][0xbf][0xbd][0xef][0xbf][0xbd]0[0xef][0xbf][0xbd]c[0xef][0xbf][0xbd][0xef][0xbf][0xbd][0x11][0xef][0xbf][0xbd]P[0x18][0xb][0xef][0xbf][0xbd][0xef][0xbf][0xbd]eK[0xf]"[0x1]Pp[0xef][0xbf][0xbd]n[0xef][0xbf][0xbd][0xef][0xbf][0xbd][0xef][0xbf][0xbd][0xef][0xbf][0xbd][0xef][0xbf][0xbd][0xef][0xbf][0xbd]-I[0x4][0xef][0xbf][0xbd][0xef][0xbf][0xbd] l[0xd3][0xa1][0xef][0xbf][0xbd][0xef][0xbf][0xbd]G[0xef][0xbf][0xbd])[0xef][0xbf][0xbd][0x3][0xef][0xbf][0xbd][0xef][0xbf][0xbd][0xcf][0xa6]L[0xef][0xbf][0xbd],[0xef][0xbf][0xbd](d[0xef][0xbf][0xbd][0xef][0xbf][0xbd]L[0xef][0xbf][0xbd]N[0xef][0xbf][0xbd]7[0xef][0xbf][0xbd][0x12]z[0x1d]d[0x15]cx[0xef][0xbf][0xbd][0xef][0xbf][0xbd]p[0xef][0xbf][0xbd]"[0xef][0xbf][0xbd]"[0xef][0xbf][0xbd]J[[0x1][0xc2][0xa4]~[0xef][0xbf][0xbd][0xb]g[0x18].+[0xef][0xbf][0xbd][0xef][0xbf][0xbd][0xef][0xbf][0xbd]qSy[\r]3p[0x1c]G[0xef][0xbf][0xbd]/[\r][0xef][0xbf][0xbd]A[0x1d][0xef][0xbf][0xbd][0xef][0xbf][0xbd][0x5]m(\7bn[0xef][0xbf][0xbd]v[0x8][0xe][0xef][0xbf][0xbd]p[0xef][0xbf][0xbd]$[0xef][0xbf][0xbd][0xef][0xbf][0xbd][0xef][0xbf][0xbd]h[0xef][0xbf][0xbd][0xef][0xbf][0xbd]R[0xef][0xbf][0xbd]AT[0xd9][0x9f]YS[0x1][0xef][0xbf][0xbd][0xef][0xbf][0xbd][0x6][0xef][0xbf][0xbd][0xf][0xef][0xbf][0xbd][0xef][0xbf][0xbd];x[0x15]f[0xef][0xbf][0xbd][0xef][0xbf][0xbd][0x1c][0xef][0xbf][0xbd][hr[0x4]\[0xef][0xbf][0xbd][0xef][0xbf][0xbd][0x11][0xef][0xbf][0xbd]F[0xef][0xbf][0xbd][0xe][0xef][0xbf][0xbd][0xef][0xbf][0xbd][0xef][0xbf][0xbd][0x6][0xef][0xbf][0xbd]I[0xef][0xbf][0xbd]I[0xef][0xbf][0xbd][0xef][0xbf][0xbd]5[0xf][0xef][0xbf][0xbd][0xef][0xbf][0xbd]ah0[0x8][0xc6][0x9a][0xef][0xbf][0xbd][0xef][0xbf][0xbd][0xef][0xbf][0xbd]I[0xef][0xbf][0xbd][0xef][0xbf][0xbd] h[0x1a][0xef][0xbf][0xbd][0xef][0xbf][0xbd]W[0x1c][0xef][0xbf][0xbd]o[0xef][0xbf][0xbd][0xef][0xbf][0xbd][0xef][0xbf][0xbd][0xef][0xbf][0xbd]}[0xef][0xbf][0xbd]}[0xef][0xbf][0xbd]Gn[0x1e]'[0xef][0xbf][0xbd]R[0xef][0xbf][0xbd]rO[0x3][0xd9][0xb1][0x1c][0xef][0xbf][0xbd][0xef][0xbf][0xbd]s[0xef][0xbf][0xbd][0xef][0xbf][0xbd][0xef][0xbf][0xbd]y[0xef][0xbf][0xbd]a[0xef][0xbf][0xbd]>V[0xef][0xbf][0xbd][0x15]P[0xef][0xbf][0xbd][0xef][0xbf][0xbd][0xef][0xbf][0xbd][0xef][0xbf][0xbd][0xef][0xbf][0xbd][0xef][0xbf][0xbd]#[0xef][0xbf][0xbd]/[0xef][0xbf][0xbd]K[0xef][0xbf][0xbd][0x0][0xef][0xbf][0xbd]7|[0xef][0xbf][0xbd]u|[0xef][0xbf][0xbd]]ewp)[0xef][0xbf][0xbd][0xef][0xbf][0xbd][0xef][0xbf][0xbd][0x3][0xef][0xbf][0xbd][0xef][0xbf][0xbd][0xd6][0xb6][0xef][0xbf][0xbd]f[0x2]:[\r];[0xef][0xbf][0xbd][0xef][0xbf][0xbd]-][0xef][0xbf][0xbd]L[0xef][0xbf][0xbd][0xef][0xbf][0xbd][0xef][0xbf][0xbd][0xef][0xbf][0xbd][0x14][0xef][0xbf][0xbd],0[0x3]K[0xef][0xbf][0xbd]2[0x12]$&e[0xef][0xbf][0xbd][0xef][0xbf][0xbd][0xc9][0xba][0xef][0xbf][0xbd][0xef][0xbf][0xbd]8[0x12][0xf]$Q[0xef][0xbf][0xbd][0xef][0xbf][0xbd]o[0xef][0xbf][0xbd]IP[0xef][0xbf][0xbd][0xef][0xbf][0xbd][0xef][0xbf][0xbd]5[0xef][0xbf][0xbd]cL[0xef][0xbf][0xbd][0x1b]t[0x1d][0x4]#[0xef][0xbf][0xbd][0xef][0xbf][0xbd][0x1f]*[0xef][0xbf][0xbd][0xef][0xbf][0xbd]xV[0xef][0xbf][0xbd]l[0xef][0xbf][0xbd][0xc8][0x80][0xef][0xbf][0xbd][0xc]x[0xef][0xbf][0xbd]O[0x4][0xef][0xbf][0xbd][0x6][0xd8][0x8a]a[0xef][0xbf][0xbd][0x7][0xef][0xbf][0xbd][0xef][0xbf][0xbd][0xdf][0x93][0xef][0xbf][0xbd][0xc][0x14][\r]A[0xef][0xbf][0xbd]d[0xef][0xbf][0xbd][0xef][0xbf][0xbd][0x18][0xef][0xbf][0xbd]t,\7+[0xef][0xbf][0xbd][0xef][0xbf][0xbd][0xef][0xbf][0xbd]7[0xef][0xbf][0xbd]D[0xef][0xbf][0xbd][0xef][0xbf][0xbd][0xef][0xbf][0xbd][0xef][0xbf][0xbd]C[0xef][0xbf][0xbd][0xef][0xbf][0xbd]?[0xef][0xbf][0xbd]n[0xef][0xbf][0xbd]P[0xef][0xbf][0xbd][0xef][0xbf][0xbd][0xef][0xbf][0xbd][0x12][0xef][0xbf][0xbd][0xef][0xbf][0xbd]F7[0xef][0xbf][0xbd][0xef][0xbf][0xbd][0xef][0xbf][0xbd]/[0xef][0xbf][0xbd][0xef][0xbf][0xbd]C[0xef][0xbf][0xbd]2&[0x16][0xdd][0x9f][0xef][0xbf][0xbd]\5[0xef][0xbf][0xbd]#{Xy[0xef][0xbf][0xbd];[0x1]y[0xc9][0x9c]5[0xef][0xbf][0xbd]7`Z[0xef][0xbf][0xbd]oq[0x1c]F[0xef][0xbf][0xbd][0xef][0xbf][0xbd][0xef][0xbf][0xbd][0xef][0xbf][0xbd][0xef][0xbf][0xbd]$[0xef][0xbf][0xbd]g[0x4][0xef][0xbf][0xbd][0xef][0xbf][0xbd][0xef][0xbf][0xbd][0xef][0xbf][0xbd][0xef][0xbf][0xbd]P07[0xef][0xbf][0xbd][0xef][0xbf][0xbd]h%[0xef][0xbf][0xbd]}[0xef][0xbf][0xbd][\r][0xef][0xbf][0xbd][0x17][0xef][0xbf][0xbd]y[0xef][0xbf][0xbd][0xd1][0xbf][0xef][0xbf][0xbd]][0xef][0xbf][0xbd]]Y[0xef][0xbf][0xbd][0xef][0xbf][0xbd][0xef][0xbf][0xbd][0xef][0xbf][0xbd][0x1f][0xef][0xbf][0xbd][0xef][0xbf][0xbd]w[0xef][0xbf][0xbd][0x3][0xf][0xef][0xbf][0xbd][0xef][0xbf][0xbd]a[0xef][0xbf][0xbd][0xef][0xbf][0xbd][0xef][0xbf][0xbd]*%[0xef][0xbf][0xbd]x\L~[0xef][0xbf][0xbd][0xe4][0x90][0xa0][0xef][0xbf][0xbd]"D[0xef][0xbf][0xbd]l[0xef][0xbf][0xbd][0x1b][0xe][0xdf][0xbe][0xef][0xbf][0xbd][\r]f[0xef][0xbf][0xbd]{[0xef][0xbf][0xbd][0xef][0xbf][0xbd][0xd6][0xb2]11[0xef][0xbf][0xbd]1xr[0xef][0xbf][0xbd][0xef][0xbf][0xbd]oZ}[0x7][0xef][0xbf][0xbd]M[0xef][0xbf][0xbd][0xef][0xbf][0xbd][0xef][0xbf][0xbd][0x1c][0xef][0xbf][0xbd][0xef][0xbf][0xbd][0xef][0xbf][0xbd]`[0xef][0xbf][0xbd][0xef][0xbf][0xbd]@gx[0xef][0xbf][0xbd]]s@&[0xef][0xbf][0xbd][0xef][0xbf][0xbd]X]_G[0xef][0xbf][0xbd][0xef][0xbf][0xbd]|c[0xef][0xbf][0xbd][0x6]`x[0x16][0xef][0xbf][0xbd][0xef][0xbf][0xbd][0xef][0xbf][0xbd][0xef][0xbf][0xbd][0xef][0xbf][0xbd]N[0xef][0xbf][0xbd][0xef][0xbf][0xbd][0xef][0xbf][0xbd][0xcd][0xbd]W[0x6]9[0x14]U{D[0xef][0xbf][0xbd]Q[0x10][0xef][0xbf][0xbd]P[0xef][0xbf][0xbd]19[0xef][0xbf][0xbd][0xef][0xbf][0xbd]<[0xef][0xbf][0xbd]'[0xef][0xbf][0xbd][0xef][0xbf][0xbd]M[0xef][0xbf][0xbd][0xef][0xbf][0xbd]j[0xef][0xbf][0xbd][\r][0xef][0xbf][0xbd][0xef][0xbf][0xbd]}j[0xef][0xbf][0xbd][0xef][0xbf][0xbd][0xef][0xbf][0xbd]![0xef][0xbf][0xbd][0x11][0xef][0xbf][0xbd]3Y[0xef][0xbf][0xbd][0xef][0xbf][0xbd][0xef][0xbf][0xbd][0xef][0xbf][0xbd][0xef][0xbf][0xbd][0xef][0xbf][0xbd][0xe][0x5][0xef][0xbf][0xbd]T[0xef][0xbf][0xbd]@[0xef][0xbf][0xbd]q__[0xef][0xbf][0xbd]s[0xcd][0xa0][0xef][0xbf][0xbd]w>U:][\r];K[0x14]*[0xef][0xbf][0xbd]][0xcf][0xa2][0xef][0xbf][0xbd]}[0xef][0xbf][0xbd][0xef][0xbf][0xbd]T[0xef][0xbf][0xbd][0xda][0xa9]z0?[0xef][0xbf][0xbd][0xb][0xef][0xbf][0xbd]k[0xef][0xbf][0xbd]-[0xef][0xbf][0xbd]e[0xef][0xbf][0xbd][0xef][0xbf][0xbd][0xef][0xbf][0xbd]4^*[0xef][0xbf][0xbd][0xef][0xbf][0xbd][0xef][0xbf][0xbd]Z4[0x2]Q[0xef][0xbf][0xbd]G[0x1][0x19]f([0xc6][0xb8][0xef][0xbf][0xbd]Q[0xef][0xbf][0xbd][0x1c]/[0xef][0xbf][0xbd]2c[0xef][0xbf][0xbd][0x7][0x2]k[0xef][0xbf][0xbd]}[0x17][0xef][0xbf][0xbd][0xef][0xbf][0xbd][0xef][0xbf][0xbd]^s[0xef][0xbf][0xbd][0xef][0xbf][0xbd][0xef][0xbf][0xbd]C[0xef][0xbf][0xbd][0xef][0xbf][0xbd][0xef][0xbf][0xbd][0xef][0xbf][0xbd][0xef][0xbf][0xbd]>[0x1c][0xef][0xbf][0xbd][0xee][0x8e][0x99][0xef][0xbf][0xbd]7[0x1f][0xef][0xbf][0xbd]x[0xef][0xbf][0xbd][0xef][0xbf][0xbd]G[0xef][0xbf][0xbd];[0x1f][0xef][0xbf][0xbd]K[0xef][0xbf][0xbd][0xef][0xbf][0xbd][0xef][0xbf][0xbd]=[0xef][0xbf][0xbd][0xc8][0xb4]<[0xef][0xbf][0xbd][0xef][0xbf][0xbd][0xef][0xbf][0xbd][0xef][0xbf][0xbd][0xef][0xbf][0xbd][0xef][0xbf][0xbd][0x1d][0xef][0xbf][0xbd]a[0xef][0xbf][0xbd]~[0xef][0xbf][0xbd]m[0x4][0xef][0xbf][0xbd][0xef][0xbf][0xbd][0xef][0xbf][0xbd]n[0xef][0xbf][0xbd]8h7[0xef][0xbf][0xbd][0xef][0xbf][0xbd][0xef][0xbf][0xbd][0xef][0xbf][0xbd]D[0xef][0xbf][0xbd]w[0xef][0xbf][0xbd]{[0xef][0xbf][0xbd][0x8][0x10][0xb]gn[0xef][0xbf][0xbd][0x6]J:$E[0xef][0xbf][0xbd][0xef][0xbf][0xbd][0xef][0xbf][0xbd][0xef][0xbf][0xbd][0xef][0xbf][0xbd][0xef][0xbf][0xbd]=[0x19]P[0xef][0xbf][0xbd]u[0xef][0xbf][0xbd][0x18][0xef][0xbf][0xbd][0xef][0xbf][0xbd][0x18][0xef][0xbf][0xbd][0x12]g[0x1a][0xef][0xbf][0xbd]|[0xef][0xbf][0xbd]7[0x0]Ty[0xef][0xbf][0xbd][0xef][0xbf][0xbd][0xef][0xbf][0xbd][0xef][0xbf][0xbd][0xef][0xbf][0xbd][0xef][0xbf][0xbd]H[0xef][0xbf][0xbd][0xef][0xbf][0xbd]-[0xef][0xbf][0xbd]w[0xef][0xbf][0xbd]h[0xef][0xbf][0xbd]X[0xd1][0xa3](v[0xef][0xbf][0xbd]q[0xef][0xbf][0xbd]#[0xc3][0x82]zC[0x5]c[0xef][0xbf][0xbd][\n]"
07:56:28.843 [main] DEBUG org.apache.http.wire -  >> "bV1[0xef][0xbf][0xbd]c[0xef][0xbf][0xbd]w[0xef][0xbf][0xbd][0x15][0xef][0xbf][0xbd]0![0xef][0xbf][0xbd][0x18][0xef][0xbf][0xbd]*[0xef][0xbf][0xbd]<[0xdb][0xb1]Z[0xef][0xbf][0xbd]%[0xcb][0xaa][0xef][0xbf][0xbd]z[0xef][0xbf][0xbd][0xef][0xbf][0xbd][0xef][0xbf][0xbd].[0xef][0xbf][0xbd][0x4][0xef][0xbf][0xbd][0xef][0xbf][0xbd]k;R[0xef][0xbf][0xbd][0xef][0xbf][0xbd][0x14]r[0x10][0x0]([0xef][0xbf][0xbd]1b_a[0xef][0xbf][0xbd]z[0xef][0xbf][0xbd]st[0x18][0x3][0xef][0xbf][0xbd][0xef][0xbf][0xbd][0x3]~W,[0xef][0xbf][0xbd][0xef][0xbf][0xbd]6jJ1u[0xc5][0xb6][F[0xef][0xbf][0xbd]q@Q[0xef][0xbf][0xbd][0x1d]o[0xef][0xbf][0xbd][0xef][0xbf][0xbd]ka[0xef][0xbf][0xbd][0xde][0xb5]q[0xef][0xbf][0xbd][0xef][0xbf][0xbd][0x1e][0xef][0xbf][0xbd]d:[0xef][0xbf][0xbd]1[0xef][0xbf][0xbd]r[0x1c][0xef][0xbf][0xbd][0xef][0xbf][0xbd][0xef][0xbf][0xbd]^[0xef][0xbf][0xbd]T[0xef][0xbf][0xbd][0xef][0xbf][0xbd][0xc]>[0xef][0xbf][0xbd][0xef][0xbf][0xbd][0x19][0xef][0xbf][0xbd]6[0xb][0xef][0xbf][0xbd][0xef][0xbf][0xbd][0xef][0xbf][0xbd]c[0xef][0xbf][0xbd][0xef][0xbf][0xbd][0xef][0xbf][0xbd]y[0xef][0xbf][0xbd][0xef][0xbf][0xbd][[0xef][0xbf][0xbd][0xef][0xbf][0xbd]y[0x1][0xef][0xbf][0xbd][0xef][0xbf][0xbd]Q[0xef][0xbf][0xbd][0xef][0xbf][0xbd][0xef][0xbf][0xbd][0xef][0xbf][0xbd]][0xef][0xbf][0xbd][0xef][0xbf][0xbd][0xef][0xbf][0xbd][0xef][0xbf][0xbd][0xef][0xbf][0xbd]A[0x10][0xef][0xbf][0xbd][0xef][0xbf][0xbd][0xef][0xbf][0xbd][0xef][0xbf][0xbd][0xef][0xbf][0xbd]z[0xef][0xbf][0xbd]^[0x11][0xef][0xbf][0xbd][0xef][0xbf][0xbd][0xef][0xbf][0xbd]([0xef][0xbf][0xbd][0xef][0xbf][0xbd][0xef][0xbf][0xbd]`[0xef][0xbf][0xbd][\r][0x17]1[0xef][0xbf][0xbd][0xef][0xbf][0xbd][0xef][0xbf][0xbd]3[0xef][0xbf][0xbd]lwc[0xef][0xbf][0xbd][0xef][0xbf][0xbd][0xe4][0x9f][0x9a][0xef][0xbf][0xbd][0xe1][0x97][0x8c][0xef][0xbf][0xbd]v[0xef][0xbf][0xbd][0xef][0xbf][0xbd][0x19]f[0xda][0xa2][0x10][0xef][0xbf][0xbd]-[0x12][0xef][0xbf][0xbd]m[0xef][0xbf][0xbd][0xef][0xbf][0xbd][0xef][0xbf][0xbd]C[0xef][0xbf][0xbd][0xf1][0xb9][0xa0][0xac][0x14][0xef][0xbf][0xbd][0xef][0xbf][0xbd][0xef][0xbf][0xbd]O[0xef][0xbf][0xbd][[0x8][0xef][0xbf][0xbd]y3[0xb][0xef][0xbf][0xbd][0x0]&[0xef][0xbf][0xbd][0xef][0xbf][0xbd][0x17][0xef][0xbf][0xbd]Wq[0xef][0xbf][0xbd][0xef][0xbf][0xbd][0xef][0xbf][0xbd])[0xef][0xbf][0xbd][0xef][0xbf][0xbd]JPT[0xef][0xbf][0xbd][0xef][0xbf][0xbd][0xd7][0x93][0x16][0xef][0xbf][0xbd][0x9][0xef][0xbf][0xbd][0xef][0xbf][0xbd]G[0x7]6mW[0xef][0xbf][0xbd],5\[0xef][0xbf][0xbd]hw[0xef][0xbf][0xbd][0xef][0xbf][0xbd][0xef][0xbf][0xbd]q[0x1c][0xef][0xbf][0xbd][0xef][0xbf][0xbd]i[0xef][0xbf][0xbd]+k[0xef][0xbf][0xbd]q[\n]"
07:56:28.844 [main] DEBUG org.apache.http.wire -  >> "[0x8][0xef][0xbf][0xbd][0xef][0xbf][0xbd]7[0xef][0xbf][0xbd]97[0x7][0xc9][0x8e]|[0xef][0xbf][0xbd][0xef][0xbf][0xbd][0xef][0xbf][0xbd]na[0xef][0xbf][0xbd]:[0xef][0xbf][0xbd][0xef][0xbf][0xbd][0xef][0xbf][0xbd]jY[0x6][0xef][0xbf][0xbd]Q[0xef][0xbf][0xbd][0xef][0xbf][0xbd][0xef][0xbf][0xbd]d][0xef][0xbf][0xbd][0xef][0xbf][0xbd]o\[0xef][0xbf][0xbd][0xef][0xbf][0xbd][0xef][0xbf][0xbd][0xef][0xbf][0xbd]n&[0xef][0xbf][0xbd]T[0xef][0xbf][0xbd]0[0xef][0xbf][0xbd]K[0xef][0xbf][0xbd][0xef][0xbf][0xbd][0xef][0xbf][0xbd][0xef][0xbf][0xbd][0x4][0xef][0xbf][0xbd][0xef][0xbf][0xbd][0x8][0xef][0xbf][0xbd]v[0xca][0x8e][0x16][0x6][0xef][0xbf][0xbd][0xef][0xbf][0xbd]55[0xef][0xbf][0xbd][0xef][0xbf][0xbd][0xef][0xbf][0xbd][0x1c][0xc7][0x82][0x1d][0xef][0xbf][0xbd][0xef][0xbf][0xbd][0xef][0xbf][0xbd][0x1a][0xef][0xbf][0xbd]1[0x3]Z[0xef][0xbf][0xbd]-g[0xef][0xbf][0xbd][0xef][0xbf][0xbd][0xd0][0x91][0xef][0xbf][0xbd]i[0xef][0xbf][0xbd][0x12][0xef][0xbf][0xbd]][0xef][0xbf][0xbd]}[0xef][0xbf][0xbd]|[0x0][0xef][0xbf][0xbd][0xef][0xbf][0xbd]<[0x1f][0xef][0xbf][0xbd][0xef][0xbf][0xbd]y[0xef][0xbf][0xbd][0xef][0xbf][0xbd][0xef][0xbf][0xbd][0xef][0xbf][0xbd][0xef][0xbf][0xbd][0xef][0xbf][0xbd][0xef][0xbf][0xbd]<[0x17]v[0xef][0xbf][0xbd][0xef][0xbf][0xbd]}[0xef][0xbf][0xbd][0xc8][0xb4]|[0xef][0xbf][0xbd]o}[0xef][0xbf][0xbd]m[0xef][0xbf][0xbd][0xef][0xbf][0xbd][0xef][0xbf][0xbd][0xef][0xbf][0xbd]Bx<ho"4[0xef][0xbf][0xbd][0xef][0xbf][0xbd]6[0xef][0xbf][0xbd][\r]j[[0xef][0xbf][0xbd]y[0xef][0xbf][0xbd][0x1e][0xef][0xbf][0xbd][0xef][0xbf][0xbd][0x17][0xef][0xbf][0xbd]>V[0xef][0xbf][0xbd]O~~[0x3][0xef][0xbf][0xbd][0xef][0xbf][0xbd][\n]"
07:56:28.844 [main] DEBUG org.apache.http.wire -  >> "9`z[0xd7][0xae]#[0xef][0xbf]"
07:56:28.845 [main] DEBUG org.apache.http.wire -  >> "[0xbd]G[0xef][0xbf][0xbd][0xef][0xbf][0xbd]I[0xef][0xbf][0xbd][0xef][0xbf][0xbd]V[0xef][0xbf][0xbd]T[0xb][0xef][0xbf][0xbd][0x1][0xef][0xbf][0xbd][0xef][0xbf][0xbd][0x16];[0x14][0x1][0x19][0x17][0xf][0xef][0xbf][0xbd]7R[0xef][0xbf][0xbd][0x5]C[0xef][0xbf][0xbd]-[\r][0xef][0xbf][0xbd]"$>V[0x7][0xef][0xbf][0xbd][0xef][0xbf][0xbd]e][0xef][0xbf][0xbd][0xef][0xbf][0xbd][0xef][0xbf][0xbd]@G[0xef][0xbf][0xbd]>w[0xef][0xbf][0xbd][0xef][0xbf][0xbd]i[0xef][0xbf][0xbd](q[0xef][0xbf][0xbd][0xef][0xbf][0xbd][0xef][0xbf][0xbd][0xef][0xbf][0xbd][0x3][0x9][0xef][0xbf][0xbd][0xef][0xbf][0xbd][0xef][0xbf][0xbd][0xef][0xbf][0xbd][0xef][0xbf][0xbd] B[0xef][0xbf][0xbd][0xef][0xbf][0xbd]>`|Na[0xef][0xbf][0xbd][0xef][0xbf][0xbd][0xef][0xbf][0xbd][0xef][0xbf][0xbd].c[0xef][0xbf][0xbd]LGk\[0xef][0xbf][0xbd][0xef][0xbf][0xbd][0xef][0xbf][0xbd]Vv[0x6][0xef][0xbf][0xbd][0xef][0xbf][0xbd][0x16][0xef][0xbf][0xbd]^[0xef][0xbf][0xbd]W[0xef][0xbf][0xbd]6[0xef][0xbf][0xbd]}[0xef][0xbf][0xbd][0xef][0xbf][0xbd]O[0x1e][0xef][0xbf][0xbd]m[0xd9][0x9d][0xef][0xbf][0xbd][0xef][0xbf][0xbd]6i[0xef][0xbf][0xbd][0xef][0xbf][0xbd][0xc7][0x92][0xef][0xbf][0xbd][0xef][0xbf][0xbd]m[0xef][0xbf][0xbd]ZClFNg[0xef][0xbf][0xbd]{[0xef][0xbf][0xbd][0xef][0xbf][0xbd][0xef][0xbf][0xbd][0xe][0xef][0xbf][0xbd]O[0xef][0xbf][0xbd][0xf][0xef][0xbf][0xbd][0xef][0xbf][0xbd]N[0xef][0xbf][0xbd][0xef][0xbf][0xbd]F[0xef][0xbf][0xbd]c[0xef][0xbf][0xbd][0xef][0xbf][0xbd][0xdb][0x87][0xef][0xbf][0xbd][0xef][0xbf][0xbd]`[0xef][0xbf][0xbd]u[0x1b]U[0xc7][0xae][0xc][0x1b]k[0xef][0xbf][0xbd][0x12]0[0xef][0xbf][0xbd][0xd7][0xba]N[0xef][0xbf][0xbd]5K+jK?[0xef][0xbf][0xbd][\r][0xef][0xbf][0xbd][0xef][0xbf][0xbd][0xef][0xbf][0xbd][0xef][0xbf][0xbd][0xef][0xbf][0xbd].[0x1e]z[0xef][0xbf][0xbd][0x5][0xc4][0xae]_[0xef][0xbf][0xbd]o[0xef][0xbf][0xbd][0xef][0xbf][0xbd]X2[0x11][0xef][0xbf][0xbd]{[0xef][0xbf][0xbd]}P[0xef][0xbf][0xbd][0x1e][0xef][0xbf][0xbd][0xef][0xbf][0xbd][\r][0xef][0xbf][0xbd]C[0xef][0xbf][0xbd][0xef][0xbf][0xbd]8N[0xef][0xbf][0xbd][0xef][0xbf][0xbd]w[0xef][0xbf][0xbd]j[0x6][0xef][0xbf][0xbd][0x2][0xb][0xef][0xbf][0xbd]E[0xef][0xbf][0xbd][0xef][0xbf][0xbd]][0xef][0xbf][0xbd][0xef][0xbf][0xbd][0xef][0xbf][0xbd]-K[0xef][0xbf][0xbd]~[0xef][0xbf][0xbd][0xef][0xbf][0xbd][0x0]6[0x8]AYAw*~[0xef][0xbf][0xbd]N[0xef][0xbf][0xbd]hD9[0xef][0xbf][0xbd][0xef][0xbf][0xbd]I[0xef][0xbf][0xbd][0xef][0xbf][0xbd][0xc7][0x87]6[0xef][0xbf][0xbd][0xc2][0xbf][0xef][0xbf][0xbd][0xef][0xbf][0xbd][0xef][0xbf][0xbd][0xef][0xbf][0xbd][0xef][0xbf][0xbd][0xef][0xbf][0xbd]/[0x3][0xef][0xbf][0xbd][0x16]Q[0xef][0xbf][0xbd][\r][0xef][0xbf][0xbd]SXa4[0xef][0xbf][0xbd][0x17][0xef][0xbf][0xbd][0xb];q[\r]Z[0xef][0xbf][0xbd](bO[0x1][0xef][0xbf][0xbd][0x1e][0xef][0xbf][0xbd]r[0xef][0xbf][0xbd]'[0xef][0xbf][0xbd][0xef][0xbf][0xbd][0xef][0xbf][0xbd][0xef][0xbf][0xbd][0xef][0xbf][0xbd][0x14][0xef][0xbf][0xbd][0xef][0xbf][0xbd][0x14][0xef][0xbf][0xbd][0xef][0xbf][0xbd]%'[0xef][0xbf][0xbd][0x19]`[0xef][0xbf][0xbd]$[0xef][0xbf][0xbd]U[0xb]Q[0xef][0xbf][0xbd]N2[0x12][0xef][0xbf][0xbd]0[0x18]`Xf=[0x1]1[0xef][0xbf][0xbd][0xef][0xbf][0xbd]Y[0xef][0xbf][0xbd]7[0xef][0xbf][0xbd][0xef][0xbf][0xbd][0x1f][0xef][0xbf][0xbd][0xcc][0x9c][0xef][0xbf][0xbd]R[0xef][0xbf][0xbd]-[0xef][0xbf][0xbd]0xg[0xef][0xbf][0xbd][0xef][0xbf][0xbd][0x15][0xef][0xbf][0xbd][0xef][0xbf][0xbd]-[0xef][0xbf][0xbd]s[[0xb][0xef][0xbf][0xbd][0xef][0xbf][0xbd]o[0xef][0xbf][0xbd]%1[0xef][0xbf][0xbd]p[0xef][0xbf][0xbd][0xc9][0xad]e[\r]*[0xef][0xbf][0xbd][0xef][0xbf][0xbd][0xef][0xbf][0xbd]e[0x1a][0xef][0xbf][0xbd][0xef][0xbf][0xbd]Q[0xef][0xbf][0xbd]S[0xef][0xbf][0xbd][0xe][0xef][0xbf][0xbd][0xef][0xbf][0xbd][0xef][0xbf][0xbd][0xef][0xbf][0xbd]:[0xef][0xbf][0xbd][[0xef][0xbf][0xbd]|n[0x1d][0xef][0xbf][0xbd][0xef][0xbf][0xbd][0xef][0xbf][0xbd]I[0xef][0xbf][0xbd][0xef][0xbf][0xbd][0xef][0xbf][0xbd][0xef][0xbf][0xbd][0xef][0xbf][0xbd][0xef][0xbf][0xbd]nUd[0xef][0xbf][0xbd]O[0xef][0xbf][0xbd][0xef][0xbf][0xbd][0x18][0x3][0x5]c[0xef][0xbf][0xbd][0xef][0xbf][0xbd][0xef][0xbf][0xbd][0xef][0xbf][0xbd][0xef][0xbf][0xbd]v[0xef][0xbf][0xbd][0xef][0xbf][0xbd]!>[0xef][0xbf][0xbd][0xef][0xbf][0xbd][0x7][0xef][0xbf][0xbd][0xdd][0xb7][0xef][0xbf][0xbd][0xef][0xbf][0xbd]{[0xef][0xbf][0xbd].[0xef][0xbf][0xbd][0xef][0xbf][0xbd][0x15][0xef][0xbf][0xbd]K[0xef][0xbf][0xbd][0xef][0xbf][0xbd][0xef][0xbf][0xbd][0xef][0xbf][0xbd][0xef][0xbf][0xbd]o=8a>x[0xef][0xbf][0xbd][0xef][0xbf][0xbd][0xef][0xbf][0xbd][0xef][0xbf][0xbd][0xef][0xbf][0xbd][0xef][0xbf][0xbd]c[0xef][0xbf][0xbd].^%[0xef][0xbf][0xbd][0x13]C[0xef][0xbf][0xbd][0xef][0xbf][0xbd][0xef][0xbf][0xbd]&[0xef][0xbf][0xbd]L[0xef][0xbf][0xbd]m[0xef][0xbf][0xbd]z[0xef][0xbf][0xbd][0xd4][0xbf]U[0xef][0xbf][0xbd][0xef][0xbf][0xbd][0xef][0xbf][0xbd][0x8][0x6][0xef][0xbf][0xbd]'}[0x14][0xef][0xbf][0xbd]\[0xef][0xbf][0xbd][0x8][0xef][0xbf][0xbd]f[0x18]E[0xef][0xbf][0xbd][0xef][0xbf][0xbd][0x1b]_[0xef][0xbf][0xbd]Cb[0x6]2[0xef][0xbf][0xbd][0xef][0xbf][0xbd]u[0xef][0xbf][0xbd]i[0xef][0xbf][0xbd]`[0xef][0xbf][0xbd]&[0xef][0xbf][0xbd][0xef][0xbf][0xbd][0xef][0xbf][0xbd][0x11]b[0xef][0xbf][0xbd]|r[0xef][0xbf][0xbd][0x10][0x17]%[0xef][0xbf][0xbd]m[0xef][0xbf][0xbd].[0xef][0xbf][0xbd][0x1e][0x17]@[0xef][0xbf][0xbd]/[0xef][0xbf][0xbd]`>9[0xef][0xbf][0xbd][0xef][0xbf][0xbd][0xef][0xbf][0xbd]w[0xd4][0x95][0xef][0xbf][0xbd]m[0x1b][0xb][0xef][0xbf][0xbd][0xef][0xbf][0xbd][0xef][0xbf][0xbd]c>[0x2][0xd5][0xb6]Q@>[0xef][0xbf][0xbd]c[0xdb][0x88][0xef][0xbf][0xbd][0x7]=][0xdc][0x98][0xef][0xbf][0xbd]}[0xef][0xbf][0xbd][[0xef][0xbf][0xbd][0xef][0xbf][0xbd];[0x1f][0xef][0xbf][0xbd][0xef][0xbf][0xbd][0xef][0xbf][0xbd][0xef][0xbf][0xbd]n]G[0xc][0x10]Db[0xef][0xbf][0xbd][0xef][0xbf][0xbd]v\[0xf][0xef][0xbf][0xbd]K%J0[0xef][0xbf][0xbd][0x16]\[0xef][0xbf][0xbd][0xef][0xbf][0xbd]$y[0xf][0xef][0xbf][0xbd]-[0xef][0xbf][0xbd][0xef][0xbf][0xbd][0xef][0xbf][0xbd]2W[0xef][0xbf][0xbd][0xcc][0xb7][0xef][0xbf][0xbd][0xef][0xbf][0xbd]y[0xef][0xbf][0xbd][[0xef][0xbf][0xbd][0x6][0xef][0xbf][0xbd][0xef][0xbf][0xbd][0xef][0xbf][0xbd][0xef][0xbf][0xbd][0xef][0xbf][0xbd][0xef][0xbf][0xbd][0x8][0xef][0xbf][0xbd]r[0xb]^Qw[0xef][0xbf][0xbd][0xef][0xbf][0xbd][0xef][0xbf][0xbd][0xef][0xbf][0xbd][0xef][0xbf][0xbd]y[0x14][0xef][0xbf][0xbd][0xef][0xbf][0xbd][0xef][0xbf][0xbd][0x1]Pe{[0xef][0xbf][0xbd][0xdc][0x91]/][0xef][0xbf][0xbd]@[0xef][0xbf][0xbd][0xef][0xbf][0xbd]X[0xdc][0x9d]l+[\r][0x2]?[0xef][0xbf][0xbd]]o[0x1e][0xef][0xbf][0xbd][0xef][0xbf][0xbd][0xef][0xbf][0xbd][0xef][0xbf][0xbd][0xef][0xbf][0xbd][0xef][0xbf][0xbd][0xef][0xbf][0xbd][0xef][0xbf][0xbd][0xef][0xbf][0xbd]][0xca][0xb5]-[0x17] [[0xef][0xbf][0xbd][0xef][0xbf][0xbd][0xef][0xbf][0xbd][0xef][0xbf][0xbd]o[0xef][0xbf][0xbd][0xef][0xbf][0xbd]C[0xef][0xbf][0xbd][0xef][0xbf][0xbd]>[0xef][0xbf][0xbd][0xef][0xbf][0xbd],[0xef][0xbf][0xbd][0xef][0xbf][0xbd][0xef][0xbf][0xbd]Dk[0xef][0xbf][0xbd][0xef][0xbf][0xbd][0xef][0xbf][0xbd][0xef][0xbf][0xbd][0xef][0xbf][0xbd]5k[0xef][0xbf][0xbd][0xef][0xbf][0xbd][0xef][0xbf][0xbd]7[0xef][0xbf][0xbd]=[0xef][0xbf][0xbd][0xef][0xbf][0xbd][0xef][0xbf][0xbd][0xef][0xbf][0xbd][0xef][0xbf][0xbd][0xef][0xbf][0xbd][0xef][0xbf][0xbd][0xef][0xbf][0xbd]f[0xef][0xbf][0xbd][0xef][0xbf][0xbd][0xef][0xbf][0xbd][0x18]t[0x13][0xef][0xbf][0xbd]d[0xef][0xbf][0xbd][0xef][0xbf][0xbd] [0xef][0xbf][0xbd]M[0xef][0xbf][0xbd]A[0xef][0xbf][0xbd][0x12][0xef][0xbf][0xbd][0xef][0xbf][0xbd][0x3]P[0xef][0xbf][0xbd][0xc6][0x9c][0x10]nH[0xef][0xbf][0xbd]Qp[0xef][0xbf][0xbd]31[0x1a]0[0xef][0xbf][0xbd]0[0xef][0xbf][0xbd]&[0xef][0xbf][0xbd][0xef][0xbf][0xbd][0xef][0xbf][0xbd][0xef][0xbf][0xbd]5X[0x1e]K[0xef][0xbf][0xbd][0xef][0xbf][0xbd][0xc4][0x96][0x1f]1&[0xef][0xbf][0xbd][0xef][0xbf][0xbd]Q[0xef][0xbf][0xbd][\r][0x0]4[0xef][0xbf][0xbd]m)[0xef][0xbf][0xbd][0xef][0xbf][0xbd]%[0xef][0xbf][0xbd][0xef][0xbf][0xbd][0xef][0xbf][0xbd]b[0x4][0x3][0xef][0xbf][0xbd][0x4][0xef][0xbf][0xbd][0xef][0xbf][0xbd][0xef][0xbf][0xbd][0xef][0xbf][0xbd][0x1]8[0x14][0xef][0xbf][0xbd]i|[0xef][0xbf][0xbd]$[0x13][0xef][0xbf][0xbd][0xef][0xbf][0xbd][0xef][0xbf][0xbd][0xef][0xbf][0xbd][0x0][0x1][0xef][0xbf][0xbd][0xb]Y[0xef][0xbf][0xbd]2W[0x13]`[0xd1][0xbf][0xef][0xbf][0xbd]`[0xef][0xbf][0xbd][0xef][0xbf][0xbd][0xef][0xbf][0xbd][0x1e][0xef][0xbf][0xbd]?[0xef][0xbf][0xbd]2[0xeb][0xba][0x96]q[0xef][0xbf][0xbd][0xef][0xbf][0xbd][0x1]c[0xef][0xbf][0xbd][0xef][0xbf][0xbd]/][0xef][0xbf][0xbd][0xef][0xbf][0xbd]>[0xef][0xbf][0xbd][0xef][0xbf][0xbd][0x15]L[0xef][0xbf][0xbd]%[0xef][0xbf][0xbd]P[0xef][0xbf][0xbd][0x4][0xef][0xbf][0xbd][0xef][0xbf][0xbd]}XY[0xef][0xbf][0xbd]A[0xef][0xbf][0xbd]t<[0xef][0xbf][0xbd][0x0]0[0xef][0xbf][0xbd]Z[0xef][0xbf][0xbd]FD[0x1][0xef][0xbf][0xbd][0x4][0xef][0xbf][0xbd][0x1][0xef][0xbf][0xbd][0xef][0xbf][0xbd]W[0xef][0xbf][0xbd][0x1f][0xef][0xbf][0xbd][0xef][0xbf][0xbd][0xef][0xbf][0xbd][0xef][0xbf][0xbd]O[0x1][0x13]'v[0xef][0xbf][0xbd][0xef][0xbf][0xbd][0xdd][0xb6]Go[0xef][0xbf][0xbd][0xef][0xbf][0xbd][0xdd][0xb0]K[0xef][0xbf][0xbd][0xef][0xbf][0xbd][0xef][0xbf][0xbd][0x2]dW[0xef][0xbf][0xbd][0xef][0xbf][0xbd][0xef][0xbf][0xbd][0xef][0xbf][0xbd][0xef][0xbf][0xbd][0xef][0xbf][0xbd][0xef][0xbf][0xbd][0xef][0xbf][0xbd][0x1f]<[0xef][0xbf][0xbd][0xef][0xbf][0xbd][0xef][0xbf][0xbd]p[0xef][0xbf][0xbd]P[0xef][0xbf][0xbd][0xef][0xbf][0xbd][0xef][0xbf][0xbd]b[0xef][0xbf][0xbd]][0xef][0xbf][0xbd]`<[0xef][0xbf][0xbd][0xef][0xbf][0xbd][0xc5][0x9b][0xef][0xbf][0xbd]d[0xef][0xbf][0xbd]u[0xef][0xbf][0xbd][0xef][0xbf][0xbd][0xef][0xbf][0xbd][0xef][0xbf][0xbd]ds-[0xef][0xbf][0xbd][\r]E[0xef][0xbf][0xbd][0xb][0xef][0xbf][0xbd]Q%[0x1]D3[0xef][0xbf][0xbd][0x11][0xef][0xbf][0xbd][0xdf][0x8e][0x1b][0x13][0xef][0xbf][0xbd][0xef][0xbf][0xbd][0xef][0xbf][0xbd][0xef][0xbf][0xbd]UD'%[0x8][0xef][0xbf][0xbd]L[0xc6][0xb0][0xd5][0x97][0xef][0xbf][0xbd][0xef][0xbf][0xbd][0xef][0xbf][0xbd][0x16][0xef][0xbf][0xbd]c[0xe6][0xbd][0x99]&9l[0xef][0xbf][0xbd]&N[0xef][0xbf][0xbd]/4QA[0x13]-[0x4]0[0xef][0xbf][0xbd][0x15][0xef][0xbf][0xbd]$[0xef][0xbf][0xbd][0xef][0xbf][0xbd]z[0xef][0xbf][0xbd][0xef][0xbf][0xbd][0x15][0xef][0xbf][0xbd][0xef][0xbf][0xbd][0xef][0xbf][0xbd][0xe][0xef][0xbf][0xbd]1[0xef][0xbf][0xbd]f_[0xef][0xbf][0xbd][0xef][0xbf][0xbd][0xef][0xbf][0xbd][0x1a]\[0xef][0xbf][0xbd]![0xc6][0xac]s[0xef][0xbf][0xbd]}7;e3X[0x19][0xef][0xbf][0xbd][0x12]d[0xef][0xbf][0xbd][0xef][0xbf][0xbd]r[0xef][0xbf][0xbd]][0xef][0xbf][0xbd]CU[0xef][0xbf][0xbd][0x0])[0xef][0xbf][0xbd][0x4][0xef][0xbf][0xbd]1[0xef][0xbf][0xbd][0x9]NZ[0xef][0xbf][0xbd]qH[0xe][0xef][0xbf][0xbd][0xcc][0xad][0xef][0xbf][0xbd][0xef][0xbf][0xbd]y?[0xef][0xbf][0xbd]p[0x2]:[0xef][0xbf][0xbd][0xef][0xbf][0xbd][0xef][0xbf][0xbd]}}[0xef][0xbf][0xbd][0xef][0xbf][0xbd][0x1f][0xce][0xb4]&][0xef][0xbf][0xbd][0x7][0xef][0xbf][0xbd][0xef][0xbf][0xbd][0xef][0xbf][0xbd][0x6][0xef][0xbf][0xbd][0xef][0xbf][0xbd][0xe9][0x82][0xad][0xef][0xbf][0xbd]ZW[0xef][0xbf][0xbd]qv[\n]"
07:56:28.846 [main] DEBUG org.apache.http.wire -  >> "[0xef][0xbf][0xbd]#[C[0xef][0xbf][0xbd]n[0xef][0xbf][0xbd][0xc][0xef][0xbf][0xbd][0xef][0xbf][0xbd][0xef][0xbf][0xbd][0xef][0xbf][0xbd]u!o[0xef][0xbf][0xbd]1[0xef][0xbf][0xbd][0xf]<[0xef][0xbf][0xbd][0xef][0xbf][0xbd][0xef][0xbf][0xbd][0xef][0xbf][0xbd]K,[0xef][0xbf][0xbd][0x1e])[0x17] [0xef][0xbf][0xbd]*[0xef][0xbf][0xbd][0xef][0xbf][0xbd]?[0xef][0xbf][0xbd][0xef][0xbf][0xbd][0xef][0xbf][0xbd][0x1f][0xef][0xbf][0xbd]|p{[0xef][0xbf][0xbd],[0x19][0xe]=[0xef][0xbf][0xbd][0xef][0xbf][0xbd][0xef][0xbf][0xbd][0x0][0xc2][0xb0]e/[0xef][0xbf][0xbd]k7[0xef][0xbf][0xbd][0xef][0xbf][0xbd][0x4][0xf][0xef][0xbf][0xbd]'[0xef][0xbf][0xbd][0xef][0xbf][0xbd][0x9][0x14][0xef][0xbf][0xbd][0xef][0xbf][0xbd][0xb][0x19]lu/[0xef][0xbf][0xbd][0xef][0xbf][0xbd][0xef][0xbf][0xbd]J[0xef][0xbf][0xbd]FJ[0xef][0xbf][0xbd][0xef][0xbf][0xbd]`\[0xef][0xbf][0xbd][0xef][0xbf][0xbd]*D6[0x0][0xef][0xbf][0xbd]Z[0xef][0xbf][0xbd][0x19][0xef][0xbf][0xbd][0x2][0x10]Z[0xef][0xbf][0xbd][0xef][0xbf][0xbd][0xce][0xad][0xef][0xbf][0xbd]C]l[0xef][0xbf][0xbd]Y}[0xef][0xbf][0xbd][0xef][0xbf][0xbd][0xef][0xbf][0xbd] I[0x16][0xef][0xbf][0xbd][0xef][0xbf][0xbd]K[0xef][0xbf][0xbd][[0xef][0xbf][0xbd][0xef][0xbf][0xbd][0xef][0xbf][0xbd][0x15]e[0xd5][0x8e]$n[0xef][0xbf][0xbd][0x19]0W[0xef][0xbf][0xbd]n[0xef][0xbf][0xbd][0xef][0xbf][0xbd][\n]"
07:56:28.847 [main] DEBUG org.apache.http.wire -  >> "[0xd4][0x95][0xef][0xbf][0xbd][0xef][0xbf][0xbd]X[0x14][0x13]*[0x8][0xef][0xbf][0xbd]K[0xef][0xbf][0xbd]w[0xef][0xbf][0xbd][0xef][0xbf][0xbd][0xef][0xbf][0xbd][0xef][0xbf][0xbd]A[0xef][0xbf][0xbd]qd{[0xef][0xbf][0xbd])[0x1b]L[0xef][0xbf][0xbd][0xef][0xbf][0xbd][0xef][0xbf][0xbd][0x11][0x13][0xef][0xbf][0xbd][0x2][0xef][0xbf][0xbd][0xdd][0xa9][0xef][0xbf][0xbd][0xd0][0xa7][0xef][0xbf][0xbd]0[0xef][0xbf][0xbd][0x1f][0xd1][0xb3]S[0xef][0xbf][0xbd][0xef][0xbf][0xbd]e[0xef][0xbf][0xbd]so[0xef][0xbf][0xbd][0xef][0xbf][0xbd]v:J[0xef][0xbf][0xbd]][0x1b][0x5][0x0]h}Vl[0xef][0xbf][0xbd]8Y[0x13][0x0][0xef][0xbf][0xbd]q[0xef][0xbf][0xbd][0xef][0xbf][0xbd]<G[0x6][0xef][0xbf][0xbd][0xef][0xbf][0xbd]18[0xef][0xbf][0xbd][0xef][0xbf][0xbd]5B[0xef][0xbf][0xbd]U[0xef][0xbf][0xbd]q[0xcd][0xa9][0xef][0xbf][0xbd][0xef][0xbf][0xbd][0xef][0xbf][0xbd][0x0]P[0xef][0xbf][0xbd][0xef][0xbf][0xbd][0xef][0xbf][0xbd]Q[0xef][0xbf][0xbd]5o[0xdc][0xb9][0xef][0xbf][0xbd][0xef][0xbf][0xbd]y[0xef][0xbf][0xbd][0xef][0xbf][0xbd][0xef][0xbf][0xbd][0xef][0xbf][0xbd]+[0xef][0xbf][0xbd][0xef][0xbf][0xbd]r[0x1][0xef][0xbf][0xbd][0xef][0xbf][0xbd][0xef][0xbf][0xbd][0xef][0xbf][0xbd][0xef][0xbf][0xbd][0xef][0xbf][0xbd][0xef][0xbf][0xbd][0xef][0xbf][0xbd][0x1d]f[0xeb][0xb1][0x83]B[0xef][0xbf][0xbd][0xc][0xef][0xbf][0xbd][0xce][0xa7][0x14][0x1e][0xef][0xbf][0xbd][0xef][0xbf][0xbd][0xef][0xbf][0xbd][0xef][0xbf][0xbd][0xef][0xbf][0xbd][0x1d][0xef][0xbf][0xbd]{-[0xca][0x97][0xef][0xbf][0xbd][0xef][0xbf][0xbd][0xef][0xbf][0xbd]O[0xef][0xbf][0xbd][0xef][0xbf][0xbd][0xef][0xbf][0xbd]W[0x18]I[0xef][0xbf][0xbd]Hi[0xef][0xbf][0xbd][0xef][0xbf][0xbd][0xef][0xbf][0xbd]X[0xef][0xbf][0xbd][0xef][0xbf][0xbd]B[0xe2][0xab][0xa3][0xd2][0x9e]E[0x5][0xef][0xbf][0xbd][0x18][0xd5][0xb1][0xef][0xbf][0xbd][0xef][0xbf][0xbd]M[0x10][0xef][0xbf][0xbd]$.[0xef][0xbf][0xbd] [0xef][0xbf][0xbd]6@n[0xef][0xbf][0xbd]M[0x9][0xef][0xbf][0xbd]X[0xef][0xbf][0xbd][0x4][0xef][0xbf][0xbd][0x1d][0x11]%[0xb]d[0xef][0xbf][0xbd]|[0x8]+[0xef][0xbf][0xbd][0xef][0xbf][0xbd][0xef][0xbf][0xbd]<[0xef][0xbf][0xbd][0xdd][0x95][0xef][0xbf][0xbd][0xef][0xbf][0xbd][\r][0x2]4[0x1e]7 [0x10]a[0xe][0xef][0xbf][0xbd][0xef][0xbf][0xbd][\r]pq[0xef][0xbf][0xbd]wuS[0xef][0xbf][0xbd][0xef][0xbf][0xbd][0xef][0xbf][0xbd]#0'[0xef][0xbf][0xbd][0x15]`[0xef][0xbf][0xbd](S[0xc4][0x92]t[0xef][0xbf][0xbd]S[0xef][0xbf][0xbd][0xef][0xbf][0xbd]`[0xef][0xbf][0xbd][0xef][0xbf][0xbd]%[0xef][0xbf][0xbd]i[0xef][0xbf][0xbd]z=L[0x1]Y[0xef][0xbf][0xbd][0xef][0xbf][0xbd][0xef][0xbf][0xbd]~[0xef][0xbf][0xbd]r[0xef][0xbf][0xbd][0xef][0xbf][0xbd]2fy[0xef][0xbf][0xbd][0xef][0xbf][0xbd][0xef][0xbf][0xbd][0xef][0xbf][0xbd][0x18][0xef][0xbf][0xbd]/[0xef][0xbf][0xbd]BW[0xd7][0xb1][0xef][0xbf][0xbd][0xef][0xbf][0xbd][0xef][0xbf][0xbd]n[0x17][0xef][0xbf][0xbd]=[0xef][0xbf][0xbd]vC[0x1][0x15][0xef][0xbf][0xbd][0xdd][0xa0]Wk[0xef][0xbf][0xbd]k[0xef][0xbf][0xbd]$*[0xef][0xbf][0xbd]iL[0xc][0x0][0xef][0xbf][0xbd][0xc],m[0xef][0xbf][0xbd]2[0xef][0xbf][0xbd][0xef][0xbf][0xbd][0xef][0xbf][0xbd][0xef][0xbf][0xbd][0xef][0xbf][0xbd][0xef][0xbf][0xbd]>[0xef][0xbf][0xbd][0x7]>py[0xef][0xbf][0xbd][0xd4][0xbd]W.@[0xef][0xbf][0xbd]u[0xef][0xbf][0xbd][0xef][0xbf][0xbd][0xef][0xbf][0xbd][0xef][0xbf][0xbd][0xf].[0xef][0xbf][0xbd][0xef][0xbf][0xbd][0xef][0xbf][0xbd]}[0x7][0xef][0xbf][0xbd]{[0xef][0xbf][0xbd][0xef][0xbf][0xbd]i[0xef][0xbf][0xbd]P[0xef][0xbf][0xbd][0xef][0xbf][0xbd][0x11]+;&x[0xef][0xbf][0xbd][0xef][0xbf][0xbd][0xef][0xbf][0xbd]U[0xef][0xbf][0xbd][0x1][0x1e][0xef][0xbf][0xbd]e[0xef][0xbf][0xbd]W&[0xef][0xbf][0xbd]t[0xef][0xbf][0xbd]<[0xef][0xbf][0xbd]Q[0xef][0xbf][0xbd]e}[0xe][0xef][0xbf][0xbd]$[0xef][0xbf][0xbd]-[0xef][0xbf][0xbd][0xd8][0x96][0xef][0xbf][0xbd]Hl[0xef][0xbf][0xbd]}[0x2]J&[0xef][0xbf][0xbd]{g[0x10]k(366[0x0][0x1] ([0x9][0x16][0x2][0xef][0xbf][0xbd][0xef][0xbf][0xbd]K[0xef][0xbf][0xbd][0x13][0xef][0xbf][0xbd][0xc7][0xa7][0xef][0xbf][0xbd][0xef][0xbf][0xbd]jw[0xef][0xbf][0xbd][0xef][0xbf][0xbd]f[0xef][0xbf][0xbd][0xef][0xbf][0xbd]B8G[0x9]m[0xef][0xbf][0xbd][0xef][0xbf][0xbd];R[0x5][0xef][0xbf][0xbd][0xef][0xbf][0xbd][0x2]:dY[0x5][0x1a][0xd3][0xa5](u[0x9][0xef][0xbf][0xbd][0xef][0xbf][0xbd]S[0x6][0x5][0xef][0xbf][0xbd]1[0xef][0xbf][0xbd]t6\[0xef][0xbf][0xbd][0x0]Y[0xef][0xbf][0xbd]w[0x0]U[0xef][0xbf][0xbd]&[0x13]$09[0xef][0xbf][0xbd][0x11][0xef][0xbf][0xbd][0xb][0xef][0xbf][0xbd];[0xc][0x1b]a[0xef][0xbf][0xbd]0[0xef][0xbf][0xbd]v[0xef][0xbf][0xbd]Z[0xef][0xbf][0xbd]1[0xef][0xbf][0xbd][0xef][0xbf][0xbd][0xef][0xbf][0xbd]M[0x0][0xef][0xbf][0xbd]~Z[0xef][0xbf][0xbd][0xef][0xbf][0xbd]9[0xef][0xbf][0xbd][0xef][0xbf][0xbd]$[0xef][0xbf][0xbd]_3[0xef][0xbf][0xbd][0xef][0xbf][0xbd][0xef][0xbf][0xbd][0xef][0xbf][0xbd][0xef][0xbf][0xbd][0x1e][0xef][0xbf][0xbd][0x1a][0xef][0xbf][0xbd][0xef][0xbf][0xbd][0xef][0xbf][0xbd][0x1e][0xef][0xbf][0xbd][0xef][0xbf][0xbd]q[0xef][0xbf][0xbd]e[0xef][0xbf][0xbd][0x18]]V[0xef][0xbf][0xbd][0xef][0xbf][0xbd][0x19][0xef][0xbf][0xbd][0xef][0xbf][0xbd][0xef][0xbf][0xbd][0xef][0xbf][0xbd][0xef][0xbf][0xbd][[0xef][0xbf][0xbd]yq%[0xde][0xa3][0xef][0xbf][0xbd][0x2]d[0xef][0xbf][0xbd]`9&[0xef][0xbf][0xbd][0x1c]D[0xef][0xbf][0xbd][0xef][0xbf][0xbd][0xc7][0xbf]r[0xef][0xbf][0xbd][0xef][0xbf][0xbd][0xef][0xbf][0xbd][0xef][0xbf][0xbd][0xef][0xbf][0xbd]<[0xef][0xbf][0xbd][0xef][0xbf][0xbd]7[0xef][0xbf][0xbd][0xef][0xbf][0xbd][0xef][0xbf][0xbd][\r][0xef][0xbf][0xbd][0xef][0xbf][0xbd]W[0xef][0xbf][0xbd][0x1c][0xef][0xbf][0xbd][0xef][0xbf][0xbd][0xef][0xbf][0xbd]S-[0xc8][0x95]+=[0x19][0x10][0xef][0xbf][0xbd][0xef][0xbf][0xbd][0xef][0xbf][0xbd]|[0x16][0xb][0xef][0xbf][0xbd][0xef][0xbf][0xbd]]e[0x1d][0x13]K0:[0x1e][0xef][0xbf][0xbd]5[0xef][0xbf][0xbd][0xef][0xbf][0xbd][0x19][0x3]:q[0x1]f[0xef][0xbf][0xbd][0xef][0xbf][0xbd]`t[0xef][0xbf][0xbd][0xef][0xbf][0xbd][0xcb][0xbc][0xef][0xbf][0xbd]W[0x0][0x15]6[0xef][0xbf][0xbd]m[0xef][0xbf][0xbd]3[0x19]@[0xef][0xbf][0xbd]A?M[0xef][0xbf][0xbd]lu[0xef][0xbf][0xbd][0xef][0xbf][0xbd][0xef][0xbf][0xbd][0x13][0xef][0xbf][0xbd][0xef][0xbf][0xbd][0xdb][0x8d][0x18][0xef][0xbf][0xbd]n[\r]`Tec[\n]"
07:56:28.847 [main] DEBUG org.apache.http.wire -  >> "[[0x1c] 5[0xef][0xbf][0xbd][0xe][\r][0xef][0xbf][0xbd]y[0x0][0xef][0xbf][0xbd]5[0x0][0xef][0xbf][0xbd]>_\_[0x9]J[0x0][0x17][0xef][0xbf][0xbd]a[0xef][0xbf][0xbd]}[0x0][0xef][0xbf][0xbd][0xef][0xbf][0xbd]_xP1[0xef][0xbf][0xbd]m|[0xef][0xbf][0xbd]p[0x2]P[0xef][0xbf][0xbd]*[0xef][0xbf][0xbd][0xef][0xbf][0xbd][0xef][0xbf][0xbd][0x2][0x1b]s[0xef][0xbf][0xbd]F[0xef][0xbf][0xbd]n[0xef][0xbf][0xbd][0xef][0xbf][0xbd][0x18][0xef][0xbf][0xbd][0x8]#;[0xef][0xbf][0xbd][0xef][0xbf][0xbd][0x10]_[0x1d][0xef][0xbf][0xbd]/[0xef][0xbf][0xbd][0x1e]>[0xef][0xbf][0xbd]5B[0xef][0xbf][0xbd][0xef][0xbf][0xbd][0x18][0xef][0xbf][0xbd][0xef][0xbf][0xbd]R`[0xef][0xbf][0xbd]f[0xef][0xbf][0xbd][0xef][0xbf][0xbd]I[0xef][0xbf][0xbd][0xef][0xbf][0xbd][0xef][0xbf][0xbd][0xef][0xbf][0xbd][0x10][0xef][0xbf][0xbd][0xef][0xbf][0xbd][0xef][0xbf][0xbd][0xef][0xbf][0xbd][0xef][0xbf][0xbd]~[0xef][0xbf][0xbd]U[0xef][0xbf][0xbd]l[0xef][0xbf][0xbd][0xef][0xbf][0xbd][0xef][0xbf][0xbd]|[0xef][0xbf][0xbd][0xef][0xbf][0xbd][0xef][0xbf][0xbd][0xef][0xbf][0xbd]m{[0xef][0xbf][0xbd]=/[0xef][0xbf][0xbd]o[0xef][0xbf][0xbd][0xef][0xbf][0xbd]O[0xd9][0xa5][0xdc][0xb3][0xef][0xbf][0xbd][0x2]d/C9[0xef][0xbf][0xbd][0xef][0xbf][0xbd][0xef][0xbf][0xbd] ~[0xef][0xbf][0xbd][0xef][0xbf][0xbd][0xef][0xbf][0xbd]y[0xef][0xbf][0xbd]&[0xef][0xbf][0xbd][0xf][0x1c][0x4][0xef][0xbf][0xbd]O[0xef][0xbf][0xbd][0xef][0xbf][0xbd]o[0xef][0xbf][0xbd][0xef][0xbf][0xbd][0xef][0xbf][0xbd]D>[0x0][0xef][0xbf][0xbd][0x15]][0xef][0xbf][0xbd]J0fA[0xef][0xbf][0xbd]"c[0x6][0xef][0xbf][0xbd]nFk+[0xef][0xbf][0xbd][0xef][0xbf][0xbd]K[0x10][0xdc][0x8c][0x7]84#k[0xef][0xbf][0xbd]z[0xef][0xbf][0xbd]k[0xef][0xbf][0xbd][0xee][0xbe][0xba]/[0xef][0xbf][0xbd]d[0xef][0xbf][0xbd][0x13]T[0xef][0xbf][0xbd][0x1c][0x11][0x3][0xef][0xbf][0xbd][0x1d]^Q[0x0][0xef][0xbf][0xbd][0xef][0xbf][0xbd]g$@[0xef][0xbf][0xbd]l[0x4][0x9][0x3][0x0][0xe]&[0xef][0xbf][0xbd]X[0xef][0xbf][0xbd]<[0xef][0xbf][0xbd][0xef][0xbf][0xbd]N[0xef][0xbf][0xbd]|[0xde][0x80]Z1/[0xcd][0xae][0xd4][0xbe]ne[0xef][0xbf][0xbd]a[0xef][0xbf][0xbd][0xd0][0x87][0xef][0xbf][0xbd][0x1d]]b[0xef][0xbf][0xbd][0xef][0xbf][0xbd][0xef][0xbf][0xbd]6[0xef][0xbf][0xbd][0xef][0xbf][0xbd]t[0xef][0xbf][0xbd]f[0xef][0xbf][0xbd][0xef][0xbf][0xbd][0xef][0xbf][0xbd]@[0xef][0xbf][0xbd][0xef]"
07:56:28.851 [main] DEBUG org.apache.http.wire -  >> "[0xbf][0xbd][0x18][0xef][0xbf][0xbd]mVO:[0xef][0xbf][0xbd][0xef][0xbf][0xbd]@[0x5]x[0x17][0x16][0xef][0xbf][0xbd][0xef][0xbf][0xbd][0xef][0xbf][0xbd]b0[0xef][0xbf][0xbd][0x6]>y[0xef][0xbf][0xbd]LY[0x1d][0xef][0xbf][0xbd][0xd7][0x9a]5j}[0xef][0xbf][0xbd][0xef][0xbf][0xbd][0xef][0xbf][0xbd][0xef][0xbf][0xbd][0xcd][0x85]x[0xef][0xbf][0xbd]W[0xef][0xbf][0xbd][0xef][0xbf][0xbd][0xef][0xbf][0xbd][0xef][0xbf][0xbd][0x1c][0xef][0xbf][0xbd]g[0xef][0xbf][0xbd][0xef][0xbf][0xbd][0xef][0x9a][0x95][\n]"
07:56:28.852 [main] DEBUG org.apache.http.wire -  >> "K[0xef][0xbf][0xbd]k[0x0]v[0xef][0xbf][0xbd][0xef][0xbf][0xbd][0x11]=[0xf]!o[0x14]95$[0xef][0xbf][0xbd][0x4][0xef][0xbf][0xbd][0xef][0xbf][0xbd]>[0xef][0xbf][0xbd][0xef][0xbf][0xbd]3[0x7]W[0xef][0xbf][0xbd];/[0xef][0xbf][0xbd][0xef][0xbf][0xbd]{[0xef][0xbf][0xbd]\[0xef][0xbf][0xbd][0xef][0xbf][0xbd]e,o[0xef][0xbf][0xbd][0xef][0xbf][0xbd][0xef][0xbf][0xbd]![0xef][0xbf][0xbd]f[0x1f][0xef][0xbf][0xbd][0xef][0xbf][0xbd]^0{[0xef][0xbf][0xbd]a[0xef][0xbf][0xbd][0xef][0xbf][0xbd]?l[0xef][0xbf][0xbd]F[0xef][0xbf][0xbd][0xef][0xbf][0xbd][0xef][0xbf][0xbd]=[0xef][0xbf][0xbd][0xef][0xbf][0xbd][0xef][0xbf][0xbd][0xef][0xbf][0xbd][0xef][0xbf][0xbd]B/[0xef][0xbf][0xbd]#[0xef][0xbf][0xbd]J[0xef][0xbf][0xbd][0xef][0xbf][0xbd]v[0xef][0xbf][0xbd]\y(6[0xc6][0xb6][0xef][0xbf][0xbd][0xef][0xbf][0xbd][0xef][0xbf][0xbd][0x4]0*[0xef][0xbf][0xbd][0xef][0xbf][0xbd][0x16][0xef][0xbf][0xbd]2[0xef][0xbf][0xbd]j[0xef][0xbf][0xbd]`[0xef][0xbf][0xbd][0xca][0x8f]~22[0x11]0[0x7]d[0xef][0xbf][0xbd][0xef][0xbf][0xbd]u[0xef][0xbf][0xbd][0xef][0xbf][0xbd][0xef][0xbf][0xbd][0xc6][0xac]L_[0xef][0xbf][0xbd]d3nEn[0xef][0xbf][0xbd][0xef][0xbf][0xbd]k[0xef][0xbf][0xbd]o+[0xef][0xbf][0xbd]X[0xef][0xbf][0xbd][0xb][0xef][0xbf][0xbd]z[0x17][0xef][0xbf][0xbd][0xef][0xbf][0xbd])[0xef][0xbf][0xbd][0xef][0xbf][0xbd]$[0xef][0xbf][0xbd]~>[0xef][0xbf][0xbd]$[0xef][0xbf][0xbd][0xef][0xbf][0xbd]s[0x3]6d[0xef][0xbf][0xbd][0xd4][0xa1][0xef][0xbf][0xbd][0xd7][0x97][0xef][0xbf][0xbd]*[0xef][0xbf][0xbd]h::[0xce][0x85]d[0xef][0xbf][0xbd]z[0xef][0xbf][0xbd][0xef][0xbf][0xbd],[\n]"
07:56:28.853 [main] DEBUG org.apache.http.wire -  >> "[0xef][0xbf][0xbd][0x1d],[0xef][0xbf][0xbd][0xef][0xbf][0xbd];[0x5][0xdb][0xaa][0xef][0xbf][0xbd]5[0xef][0xbf][0xbd][0xef][0xbf][0xbd][0xc5][0x90]Q[0xef][0xbf][0xbd]CA[0xcc][0x9b][0xef][0xbf][0xbd]b[0xe]v[0xc5][0xa2]t[0xef][0xbf][0xbd][0x1c][0xef][0xbf][0xbd]Qc^[0xef][0xbf][0xbd]/[0xef][0xbf][0xbd][0xef][0xbf][0xbd]r[0xef][0xbf][0xbd][0xef][0xbf][0xbd]:[0x18]FJ]k[0x1c][0xef][0xbf][0xbd]s[0xef][0xbf][0xbd][0x2][0xef][0xbf][0xbd][0xef][0xbf][0xbd][0x4][0xef][0xbf][0xbd][0xef][0xbf][0xbd]*[0x19][0xef][0xbf][0xbd]_[0xef][0xbf][0xbd][0xef][0xbf][0xbd][0xef][0xbf][0xbd][0xef][0xbf][0xbd][0xef][0xbf][0xbd]wo[0xef][0xbf][0xbd][0xef][0xbf][0xbd][0x12][0xef][0xbf][0xbd]r_[0xef][0xbf][0xbd][0xef][0xbf][0xbd][0xef][0xbf][0xbd][0xef][0xbf][0xbd].O[0xef][0xbf][0xbd][0xef][0xbf][0xbd][0xef][0xbf][0xbd]|[0xef][0xbf][0xbd][0x1f]z[0xef][0xbf][0xbd]m[0xef][0xbf][0xbd][0xef][0xbf][0xbd]7|[0xef][0xbf][0xbd][0xef][0xbf][0xbd][0x2][0xef][0xbf][0xbd]c[0xef][0xbf][0xbd][0xef][0xbf][0xbd]K[0x6][0xef][0xbf][0xbd][0xef][0xbf][0xbd][0xef][0xbf][0xbd][0x12]ra 1o[0xef][0xbf][0xbd]_7[0xef][0xbf][0xbd]V[0xef][0xbf][0xbd][0x2][0xdd][0xa6]F$[0xef][0xbf][0xbd][0xef][0xbf][0xbd]i[0xef][0xbf][0xbd][0xef][0xbf][0xbd](X[0xef][0xbf][0xbd]U[0xef][0xbf][0xbd][0xef][0xbf][0xbd][0x18][0xef][0xbf][0xbd]Tz~[0xef][0xbf][0xbd]S/[0xef][0xbf][0xbd][0xef][0xbf][0xbd][0x1b]xA[0xef][0xbf][0xbd]K[0x1a]R4[0xef][0xbf][0xbd][0xef][0xbf][0xbd]UJ}\7[0xef][0xbf][0xbd][0x12][0xef][0xbf][0xbd][0xef][0xbf][0xbd]O^[0xef][0xbf][0xbd][0xef][0xbf][0xbd]<[0x9]8V[0xef][0xbf][0xbd]G[0xef][0xbf][0xbd][0xef][0xbf][0xbd][0xd1][0xba][0x3]Yo[0xef][0xbf][0xbd][0xef][0xbf][0xbd][0x18]S[0xef][0xbf][0xbd][0xef][0xbf][0xbd]`[0xef][0xbf][0xbd]v[0xef][0xbf][0xbd][0xea][0xac][0xb6][0xef][0xbf][0xbd]An[0xef][0xbf][0xbd][0xef][0xbf][0xbd][0xc3][0xb9][0xef][0xbf][0xbd]s[0xef][0xbf][0xbd][0xef][0xbf][0xbd][0x13]X,[0xdc][0x8f][0xef][0xbf][0xbd][0xef][0xbf][0xbd]0[0xef][0xbf][0xbd]P[0xef][0xbf][0xbd][0xee][0xa5][0xad]v0.[0xef][0xbf][0xbd][0xef][0xbf][0xbd][0xef][0xbf][0xbd]V[0xef][0xbf][0xbd][0xc5][0x9a]G[0x16][0xef][0xbf][0xbd]D[0xef][0xbf][0xbd]_[0x1f][0xef][0xbf][0xbd][0xef][0xbf][0xbd]k[0xef][0xbf][0xbd]y[[0xef][0xbf][0xbd][0xef][0xbf][0xbd]7[0xef][0xbf][0xbd][0xef][0xbf][0xbd]l[0xef][0xbf][0xbd][0xef][0xbf][0xbd]9[0xef][0xbf][0xbd][0xef][0xbf][0xbd][0xef][0xbf][0xbd][0x18]s6[0x13][0xef][0xbf][0xbd]L[0xef][0xbf][0xbd][0xef][0xbf][0xbd][0xef][0xbf][0xbd][0xef][0xbf][0xbd]$_[0xce][0x8b][0xef][0xbf][0xbd][0xef][0xbf][0xbd][0xef][0xbf][0xbd]1[0x7]P[0xef][0xbf][0xbd]Jc[0xef][0xbf][0xbd][0xef][0xbf][0xbd]]PM[0xef][0xbf][0xbd][0xef][0xbf][0xbd]J[0xef][0xbf][0xbd]u[0x11]O[0xef][0xbf][0xbd]x[0xef][0xbf][0xbd]w]@[0xef][0xbf][0xbd][0xef][0xbf][0xbd]*[0x17] {[0xef][0xbf][0xbd][0xcb][0x93][0xef][0xbf][0xbd]}[0xdb][0x8d]'[0xef][0xbf][0xbd][0xef][0xbf][0xbd][0xef][0xbf][0xbd][0xef][0xbf][0xbd][0xef][0xbf][0xbd]w[0xef][0xbf][0xbd]o[0xef][0xbf][0xbd][0xef][0xbf][0xbd][0xef][0xbf][0xbd]p[0xe8][0x86][0xbd][0xef][0xbf][0xbd]es'[0x1e][0xef][0xbf][0xbd]cC[0xef][0xbf][0xbd][0xc2][0xb0][0xd6][0xbf][0xef][0xbf][0xbd][0xef][0xbf][0xbd][0xef][0xbf][0xbd][0xef][0xbf][0xbd][0xef][0xbf][0xbd][0xef][0xbf][0xbd][0xef][0xbf][0xbd][0xef][0xbf][0xbd][0x1c][0xef][0xbf][0xbd][0x10]lP)[0xef][0xbf][0xbd]+[0xd5][0xac][0xef][0xbf][0xbd][0xef][0xbf][0xbd]+[0xc]B[0xef][0xbf][0xbd][0xef][0xbf][0xbd]F[0xef][0xbf][0xbd]@`[0x10][\r][0x1c][0x1]e[0x1c][0xef][0xbf][0xbd][0xef][0xbf][0xbd][0xef][0xbf][0xbd][0xef][0xbf][0xbd]BGiRKU[0xef][0xbf][0xbd]}h[0xef][0xbf][0xbd])[0xef][0xbf][0xbd][0xef][0xbf][0xbd]8[0xef][0xbf][0xbd][0xef][0xbf][0xbd][\r][0xef][0xbf][0xbd][0xef][0xbf][0xbd][0xd0][0x81][0xef][0xbf][0xbd][0xef][0xbf][0xbd])[0xef][0xbf][0xbd][0xef][0xbf][0xbd][0xb][0xef][0xbf][0xbd]}|[0xef][0xbf][0xbd][0xef][0xbf][0xbd][0xd4][0x95])[0xef][0xbf][0xbd]&[0xef][0xbf][0xbd]*[0x1b][0xef][0xbf][0xbd][0xef][0xbf][0xbd]Q[0x15][0xef][0xbf][0xbd]m[0xef][0xbf][0xbd]I[0xef][0xbf][0xbd][0xef][0xbf][0xbd]"Zg[0xc3][0x8b]Y[0xef][0xbf][0xbd][0x19][0xef][0xbf][0xbd][0x14][0xef][0xbf][0xbd]X[0xef][0xbf][0xbd]f[0xef][0xbf][0xbd][0x16]*[0xef][0xbf][0xbd][0x18][0xef][0xbf][0xbd]C9[0xef][0xbf][0xbd][0xef][0xbf][0xbd][0xef][0xbf][0xbd]X_hXcpk[0xef][0xbf][0xbd][0xef][0xbf][0xbd][0xef][0xbf][0xbd]P[0xef][0xbf][0xbd][0xef][0xbf][0xbd][0xef][0xbf][0xbd][0xef][0xbf][0xbd][0xef][0xbf][0xbd][0xef][0xbf][0xbd]%'10[0x17]8L[0xef][0xbf][0xbd]2[0xef][0xbf][0xbd][0xef][0xbf][0xbd][0xef][0xbf][0xbd]E[0xef][0xbf][0xbd]f2[0xef][0xbf][0xbd]dmA[0xef][0xbf][0xbd])[0xef][0xbf][0xbd][0xef][0xbf][0xbd]Y[0xef][0xbf][0xbd][0x3][0xef][0xbf][0xbd]:[0xef][0xbf][0xbd]jbXY[0xef][0xbf][0xbd][0x1e][0xc2][0x9e][0xd9][0x97]5T/[0xef][0xbf][0xbd][0xef][0xbf][0xbd][0xc4][0xb7]g;[0xef][0xbf][0xbd][0x1f]{[0xef][0xbf][0xbd][0xef][0xbf][0xbd]g[0xef][0xbf][0xbd][0xef][0xbf][0xbd][0xef][0xbf][0xbd][0xf]_[0xef][0xbf][0xbd]a[0xef][0xbf][0xbd][q[0xef][0xbf][0xbd][0xef][0xbf][0xbd]W[0xef][0xbf][0xbd][0xef][0xbf][0xbd][0xef][0xbf][0xbd][0x1f]<[0xef][0xbf][0xbd][0xef][0xbf][0xbd]x[0xef][0xbf][0xbd][0xef][0xbf][0xbd]w[0xef][0xbf][0xbd][0xef][0xbf][0xbd]w[0xef][0xbf][0xbd][0xef][0xbf][0xbd]\[0xef][0xbf][0xbd][0x4][0xef][0xbf][0xbd]c[0xef][0xbf][0xbd][0xef][0xbf][0xbd][0xef][0xbf][0xbd]t[0xef][0x81][0xb1][0xef][0xbf][0xbd][0xef][0xbf][0xbd][0xef][0xbf][0xbd][0xef][0xbf][0xbd][0x12];({uy[0x19][0x1e];[0xef][0xbf][0xbd]l:[0xef][0xbf][0xbd][0xef][0xbf][0xbd][0x4][0x15][0xef][0xbf][0xbd]gg[0x10],[0xef][0xbf][0xbd]([0xef][0xbf][0xbd][0xef][0xbf][0xbd]F[0xef][0xbf][0xbd][Q,j[0xef][0xbf][0xbd]L[0xc7][0xb3][0xda][0x9e][0xef][0xbf][0xbd][0xef][0xbf][0xbd][0x0][0x19][0xc3][0x9a][\r][0xef][0xbf][0xbd]4[0xef][0xbf][0xbd]t[0xef][0xbf][0xbd][0xef][0xbf][0xbd]ZgV=[0xef][0xbf][0xbd]\[0x2][0xef][0xbf][0xbd]9[0xef][0xbf][0xbd][0x1d][0xef][0xbf][0xbd]Dv[0xef][0xbf][0xbd][0xef][0xbf][0xbd][0xb]QT[0xef][0xbf][0xbd][0xef][0xbf][0xbd][0xef][0xbf][0xbd]1"[0xef][0xbf][0xbd][0xef][0xbf][0xbd][0xcf][0x98][0xef][0xbf][0xbd]Q[0xef][0xbf][0xbd][0xc5][0xbc]gGW^[0xef][0xbf][0xbd][0x3][0xef][0xbf][0xbd][0xef][0xbf][0xbd][0xef][0xbf][0xbd][0xef][0xbf][0xbd]I"[0xef][0xbf][0xbd]6[0xef][0xbf][0xbd][0x12][0xcd][0x96]$[0x13][0xef][0xbf][0xbd][0xef][0xbf][0xbd]:net[0xef][0xbf][0xbd][0xef][0xbf][0xbd]pa2[0x9][0xef][0xbf][0xbd][0xef][0xbf][0xbd][0xdd][0x8b][\r][0xef][0xbf][0xbd][0x12]7[0xef][0xbf][0xbd]Wf[0xef][0xbf][0xbd][0xef][0xbf][0xbd]h[0x1d][0xef][0xbf][0xbd][0xef][0xbf][0xbd]%[0x1d]Y~\;[0xef][0xbf][0xbd]x[0xef][0xbf][0xbd]:[0xef][0xbf][0xbd]Q[0xef][0xbf][0xbd][0x9][0xef][0xbf][0xbd]5[0xef][0xbf][0xbd]8$[0x2]T\[0x1b][0xf]'c=[0xc][0xef][0xbf][0xbd][0xd5][0xbf]M[0x16][0xef][0xbf][0xbd]A[0xef][0xbf][0xbd]=[0xef][0xbf][0xbd][0xef][0xbf][0xbd][0xef][0xbf][0xbd][0xef][0xbf][0xbd][0xef][0xbf][0xbd]9[0xef][0xbf][0xbd][0xef][0xbf][0xbd]u[0xef][0xbf][0xbd]}Z[0x0][0xef][0xbf][0xbd][0xef][0xbf][0xbd][0xef][0xbf][0xbd][0xef][0xbf][0xbd][0x1][0xef][0xbf][0xbd][0x1f][0xef][0xbf][0xbd][0xef][0xbf][0xbd][0xef][0xbf][0xbd][0xef][0xbf][0xbd][0xef][0xbf][0xbd]\[0xef][0xbf][0xbd][0xef][0xbf][0xbd]U,[0x7]@{[0xef][0xbf][0xbd][0xef][0xbf][0xbd][0xcf][0xbb][\n]"
07:56:28.864 [main] DEBUG org.apache.http.wire -  >> "[0xef][0xbf][0xbd][0xef][0xbf][0xbd]q[0xef][0xbf][0xbd][0xef][0xbf][0xbd]f[0xef][0xbf][0xbd][0x13][0x14][0xef][0xbf][0xbd][0xef][0xbf][0xbd][0xef][0xbf][0xbd]3[0xef][0xbf][0xbd][0xc]y([0xef][0xbf][0xbd]0I+l[0x1e]c[0x4][0xef][0xbf][0xbd][0xef][0xbf][0xbd][0xc5][0xb8][0xef][0xbf][0xbd][0xef][0xbf][0xbd]R|[0xef][0xbf][0xbd],%[0xef][0xbf][0xbd]Z[0xef][0xbf][0xbd][0xef][0xbf][0xbd]S[0x10]d[0xef][0xbf][0xbd][0x6][0xef][0xbf][0xbd]D[0xef][0xbf][0xbd][0xef][0xbf][0xbd][0xef][0xbf][0xbd][0xef][0xbf][0xbd][0xd9][0xa0][0xef][0xbf][0xbd]#[0xef][0xbf][0xbd][0xef][0xbf][0xbd]:[0xc6][0xa0][0xef][0xbf][0xbd][0xef][0xbf][0xbd]G [0x9]`rI,q7X[0xef][0xbf][0xbd]0[0xef][0xbf][0xbd][0xef][0xbf][0xbd]x[0xef][0xbf][0xbd][0xef][0xbf][0xbd][0x15][0xef][0xbf][0xbd][0xef][0xbf][0xbd][0xef][0xbf][0xbd]nI[[0xef][0xbf][0xbd][0xc][0xef][0xbf][0xbd][0x6][0xef][0xbf][0xbd][0xef][0xbf][0xbd]U[0xef][0xbf][0xbd][0xef][0xbf][0xbd][0xef][0xbf][0xbd][0xef][0xbf][0xbd][0x3][0xef][0xbf][0xbd][0x0][0xef][0xbf][0xbd][0x12][0xef][0xbf][0xbd][0xef][0xbf][0xbd]z>[[0xef][0xbf][0xbd].[0x1d]c[0xef][0xbf][0xbd]< Pn[0xef][0xbf][0xbd][0x9][0x17][0x19][0xef][0xbf][0xbd]:[0xef][0xbf][0xbd][0xef][0xbf][0xbd][0xef][0xbf][0xbd][0x1b][0xef][0xbf][0xbd]2l[0xef][0xbf][0xbd]k[0xef][0xbf][0xbd][0xef][0xbf][0xbd][[0xef][0xbf][0xbd]_g#[0x6][0xef][0xbf][0xbd]V[0x19][0xef][0xbf][0xbd][0x9]+[0xce][0xb9][0xef][0xbf][0xbd][0xef][0xbf][0xbd][0xef][0xbf][0xbd][0xef][0xbf][0xbd][0xef][0xbf][0xbd][0x9]d[0xef][0xbf][0xbd][0xef][0xbf][0xbd]z[0xcc][0xbc][0xef][0xbf][0xbd]6[0x1c][0xef][0xbf][0xbd][0xef][0xbf][0xbd] [0xef][0xbf][0xbd][0xef][0xbf][0xbd][0xef][0xbf][0xbd][0xef][0xbf][0xbd]([0xef][0xbf][0xbd][0xef][0xbf][0xbd]![0xef][0xbf][0xbd][0xef][0xbf][0xbd]\l[0xef][0xbf][0xbd][0x7]C[0xef][0xbf][0xbd]?[0xef][0xbf][0xbd][0x8][0xef][0xbf][0xbd][0xef][0xbf][0xbd][0xef][0xbf][0xbd][0xef][0xbf][0xbd][0xef][0xbf][0xbd]?[0xef][0xbf][0xbd][0xef][0xbf][0xbd][?[0xef][0xbf][0xbd][0xef][0xbf][0xbd][0xef][0xbf][0xbd][0xef][0xbf][0xbd]K[0xef][0xbf][0xbd]o[0xef][0xbf][0xbd][0x5][0xef][0xbf][0xbd]^[0xef][0xbf][0xbd]r[0x0][0xef][0xbf][0xbd]w[0x1d][0x14][0xef][0xbf][0xbd];[0xef][0xbf][0xbd][0xef][0xbf][0xbd][0xef][0xbf][0xbd]8[0x8][0xef][0xbf][0xbd]w|][0xef][0xbf][0xbd][0xef][0xbf][0xbd][0xef][0xbf][0xbd][0xef][0xbf][0xbd][0xef][0xbf][0xbd][0xef][0xbf][0xbd]}[0xef][0xbf][0xbd]g[0xdf][0x9c]l[0xef][0xbf][0xbd][0xef][0xbf][0xbd][0xef][0xbf][0xbd]:[0xef][0xbf][0xbd]J[0xef][0xbf][0xbd]J[0xef][0xbf][0xbd][0xef][0xbf][0xbd][0xef][0xbf][0xbd][0xef][0xbf][0xbd]]@[0xc6][0x8c][0xef][0xbf][0xbd][0xef][0xbf][0xbd][0xef][0xbf][0xbd][0xef][0xbf][0xbd][0xef][0xbf][0xbd]B##[0xef][0xbf][0xbd][0x19][0xef][0xbf][0xbd]j~>[0xef][0xbf][0xbd][0xef][0xbf][0xbd][0xef][0xbf][0xbd][0xef][0xbf][0xbd]N[0xef][0xbf][0xbd][0xef][0xbf][0xbd]vs[0xef][0xbf][0xbd]d[0xef][0xbf][0xbd]URo[0xef][0xbf][0xbd][0xef][0xbf][0xbd]&[0xef][0xbf][0xbd]#i[0xef][0xbf][0xbd][0xef][0xbf][0xbd][0xef][0xbf][0xbd][0xef][0xbf][0xbd][0xef][0xbf][0xbd]7P6[0xef][0xbf][0xbd][0xef][0xbf][0xbd]dW[0x1e]:[0xef][0xbf][0xbd][0xef][0xbf][0xbd][0xef][0xbf][0xbd]T%3t[0xef][0xbf][0xbd]N6[0x9]%NW[0xef][0xbf][0xbd][\n]"
07:56:28.865 [main] DEBUG org.apache.http.wire -  >> ">[0xef][0xbf][0xbd][0xef][0xbf][0xbd]dN[0xef][0xbf][0xbd][0xef][0xbf][0xbd][0x16][0xef][0xbf][0xbd]'3[0xc9][0xb9]m0B[0xef][0xbf][0xbd]"[0xef][0xbf][0xbd][0x6][0xef][0xbf][0xbd]m*f2F[0x1e][0xef][0xbf][0xbd]v\[0xda][0x92][0xef][0xbf][0xbd]0l[0xef][0xbf][0xbd][0xef][0xbf][0xbd]"l[\r][0xcc][0xaf][0xef][0xbf][0xbd][0xef][0xbf][0xbd][0xd5][0xa8][0x18][0xef][0xbf][0xbd][0xef][0xbf][0xbd][0xef][0xbf][0xbd]R[0x3]B[0xef][0xbf][0xbd][0xb][0xef][0xbf][0xbd]r[0xef][0xbf][0xbd]&[0x9]>[0xef][0xbf][0xbd]RogA1[0xef][0xbf][0xbd][0xef][0xbf][0xbd][0x17][0x6][0xef][0xbf][0xbd]k[0xef][0xbf][0xbd]/[0x6]>T[0xef][0xbf][0xbd][0xef][0xbf][0xbd];a[0xef][0xbf][0xbd][0xef][0xbf][0xbd][0xef][0xbf][0xbd][0xef][0xbf][0xbd]w[0xdf][0xb0]K[0xef][0xbf][0xbd][0xef][0xbf][0xbd][0xef][0xbf][0xbd][0x5][0xef][0xbf][0xbd][0xef][0xbf][0xbd][0xef][0xbf][0xbd]R[0xef][0xbf][0xbd][0xef][0xbf][0xbd]gN[0xef][0xbf][0xbd]8[0xef][0xbf][0xbd]s[0xef][0xbf][0xbd][0xc3][0xbd][0xef][0xbf][0xbd][0xef][0xbf][0xbd][0xef][0xbf][0xbd][0xef][0xbf][0xbd]A[0xef][0xbf][0xbd][0x1f][0xef][0xbf][0xbd][0xef][0xbf][0xbd]k%[0xef][0xbf][0xbd][0x4][0xef][0xbf][0xbd]JZ[0xef][0xbf][0xbd][0xef][0xbf][0xbd]`[0xe6][0x9d][0x84]A[0xef][0xbf][0xbd]]lj[0xef][0xbf][0xbd][0xef][0xbf][0xbd]C[0xef][0xbf][0xbd]9[0x4][0xef][0xbf][0xbd][0x6][0xef][0xbf][0xbd]V[0xef][0xbf][0xbd][0xef][0xbf][0xbd][0xef][0xbf][0xbd]a[0xef][0xbf][0xbd]k[0xef][0xbf][0xbd][0xef][0xbf][0xbd][0xef][0xbf][0xbd][0xd7][0xb7]l[0xd0][0xbc]?[0xef][0xbf][0xbd][0xef][0xbf][0xbd][0xcc][0xa7][0xef][0xbf][0xbd][0xef][0xbf][0xbd][0xef][0xbf][0xbd]J[0xef][0xbf][0xbd]+x[0xef][0xbf][0xbd]=8[0xef][0xbf][0xbd]m[0xef][0xbf][0xbd][0xef][0xbf][0xbd][0xef][0xbf][0xbd][0xef][0xbf][0xbd][0x11][0x5][0xef][0xbf][0xbd][0x15][0xef][0xbf][0xbd]upn/[0xef][0xbf][0xbd]mPpd[0xef][0xbf][0xbd][0xef][0xbf][0xbd]v[0xef][0xbf][0xbd];P[0xef][0xbf][0xbd]Z[0xce][0x8f]O[0xef][0xbf][0xbd]0[0xef][0xbf][0xbd]X[0xef][0xbf][0xbd][0xef][0xbf][0xbd]bQ[0xef][0xbf][0xbd]2[0xef][0xbf][0xbd][0xcf][0xb1]q[0xef][0xbf][0xbd][0xef][0xbf][0xbd][0xe][0xef][0xbf][0xbd]k[0xef][0xbf][0xbd]1[0xef][0xbf][0xbd][\r][0xef][0xbf][0xbd][0x6][0xcd][0xba]/[0xef][0xbf][0xbd]<[0x1e][0xef][0xbf][0xbd][0x11][0xef][0xbf][0xbd][0x5]H[0xef][0xbf][0xbd][0xef][0xbf][0xbd][0x15][0xef][0xbf][0xbd][0xca][0xb8][0xef][0xbf][0xbd][0xef][0xbf][0xbd][0xef][0xbf][0xbd]e~[0xef][0xbf][0xbd][0xef][0xbf][0xbd][0xef][0xbf][0xbd]7[0xef][0xbf][0xbd][0x4]-I[0xcf][0xaf]z[\n]"
07:56:28.865 [main] DEBUG org.apache.http.wire -  >> "`[0xef][0xbf][0xbd]9[0xef][0xbf][0xbd][0xef][0xbf][0xbd][0x15][0xef][0xbf][0xbd]~6[0xef][0xbf][0xbd][0xef][0xbf][0xbd][0xef][0xbf][0xbd][0xef][0xbf][0xbd][0x13][0xef][0xbf][0xbd][0xf]f[0x16][0xda][0xa9][0xef][0xbf][0xbd][0xef][0xbf][0xbd][0xef][0xbf][0xbd]&[0xef][0xbf][0xbd]0[0xe6][0xb8][0x8c][0x1b][0xef][0xbf][0xbd]}[0xef][0xbf][0xbd][0xef][0xbf][0xbd]?[0xef][0xbf][0xbd][0xef][0xbf][0xbd][0xf][0xd8][0xa5]\[0xef][0xbf][0xbd]][0xef][0xbf][0xbd][0xef][0xbf][0xbd]Z[0xef][0xbf][0xbd][0xef][0xbf][0xbd][0xef][0xbf][0xbd][0xef][0xbf][0xbd][0xef][0xbf][0xbd][0xde][0xba][0xef][0xbf][0xbd]?[0xef][0xbf][0xbd][0xef][0xbf][0xbd][0x7][0xef][0xbf][0xbd]~[0xef][0xbf][0xbd][0xef][0xbf][0xbd];[0xef][0xbf][0xbd][0xc4][0xa3][0xef][0xbf][0xbd]7R[0xef][0xbf][0xbd]jA[0x1][0xef][0xbf][0xbd][\r][0x17][0xef][0xbf][0xbd]u,f[0xef][0xbf][0xbd]lpnZ[0xef][0xbf][0xbd][0x13]H[0xce][0xb9][0xef][0xbf][0xbd][0xef][0xbf][0xbd]e[0xef][0xbf][0xbd]->[0x1][0xef][0xbf][0xbd]M[0xef][0xbf][0xbd][\n]"
07:56:28.866 [main] DEBUG org.apache.http.wire -  >> "%+[0xef][0xbf][0xbd][0xef][0xbf][0xbd][0x6]Y[0xef][0xbf][0xbd][0xef][0xbf][0xbd][0xef][0xbf][0xbd]j[0xef][0xbf][0xbd]k[0xef][0xbf][0xbd][0xef][0xbf][0xbd][0xef][0xbf][0xbd][0x13][0xef][0xbf][0xbd][0x1c]C[0xef][0xbf][0xbd]/[0xef][0xbf][0xbd][0xef][0xbf][0xbd]Z1c[0xef][0xbf][0xbd][0x12][0x7][0xef][0xbf][0xbd][0xef][0xbf][0xbd][0xef][0xbf][0xbd][0xef][0xbf][0xbd]/[0xef][0xbf][0xbd][0xef][0xbf][0xbd]O[0xef][0xbf][0xbd]g\[0x5][0x18]t[0xef][0xbf][0xbd][0xef][0xbf][0xbd]c[0xc][0xef][0xbf][0xbd][0x9][0xef][0xbf][0xbd][0xb][0xef][0xbf][0xbd]aqV[0xef][0xbf][0xbd]Qg[0xef][0xbf][0xbd]|[0x1a][0x1a].[0xef][0xbf][0xbd]M[0xef][0xbf][0xbd][0xef][0xbf][0xbd]yY[0xef][0xbf][0xbd][0xef][0xbf][0xbd][0xef][0xbf][0xbd]x[0xef][0xbf][0xbd][0x14]z[0xef][0xbf][0xbd][0xef][0xbf][0xbd][0xef][0xbf][0xbd]Q[0xef][0xbf][0xbd]#p[0xef][0xbf][0xbd][0xef][0xbf][0xbd]][0xef][0xbf][0xbd]z[0xef][0xbf][0xbd]][0xef][0xbf][0xbd]>[0xef][0xbf][0xbd][0xef][0xbf][0xbd]}a[0xef][0xbf][0xbd][0xef][0xbf][0xbd][0xef][0xbf][0xbd]Z)w[0xc][0xef][0xbf][0xbd][0xef][0xbf][0xbd]S[0xef][0xbf][0xbd][0xef][0xbf][0xbd]n[0x0][0xef][0xbf][0xbd][0xef][0xbf][0xbd][0xef][0xbf][0xbd]f[0xef][0xbf][0xbd][0xef][0xbf][0xbd][0xef][0xbf][0xbd]m[0x1a][0x18][0xef][0xbf][0xbd]C_[0xef][0xbf][0xbd][0xef][0xbf][0xbd][0xef][0xbf][0xbd]+[0x1f][0xef][0xbf][0xbd][0xde][0x8f][0xda][0xa5]\J[0xef][0xbf][0xbd][0xef][0xbf][0xbd][0xef][0xbf][0xbd]7G.[0xef][0xbf][0xbd][0xef][0xbf][0xbd]/[0xef][0xbf][0xbd][0xef][0xbf][0xbd][0xef][0xbf][0xbd]w[0x10][0xef][0xbf][0xbd][0x16][0xef][0xbf][0xbd]H[0x1a]v[0xef][0xbf][0xbd][0x10][0xef][0xbf][0xbd]F6T[0xef][0xbf][0xbd]2[0xcd][0x9a]`AE[0xef][0xbf][0xbd][0xef][0xbf][0xbd]R[0xef][0xbf][0xbd][0xef][0xbf][0xbd][0xef][0xbf][0xbd][0x4][0xef][0xbf][0xbd][0x18]J&[0xef][0xbf][0xbd][0x8][0xef][0xbf][0xbd][0xef][0xbf][0xbd][0xef][0xbf][0xbd][0x8]Q[0xef][0xbf][0xbd]R[0xef][0xbf][0xbd]nE+v[0xef][0xbf][0xbd][0xef][0xbf][0xbd][0xef][0xbf][0xbd][0xef][0xbf][0xbd]k[0xef][0xbf][0xbd][0xef][0xbf][0xbd]JK[0xef][0xbf][0xbd][0xef][0xbf][0xbd]j8[0xef][0xbf][0xbd][0xef][0xbf][0xbd][0xef][0xbf][0xbd]t[0xef][0xbf][0xbd][0xef][0xbf][0xbd]S[0xf] p[0xef][0xbf][0xbd][0xef][0xbf][0xbd]o,[0x19][0xef][0xbf][0xbd]_I[0x1][0xef][0xbf][0xbd])p[0xef][0xbf][0xbd]Q[0x3]>[0x8][0xef][0xbf][0xbd][0xef][0xbf][0xbd]E*[0xde][0xad][0xef][0xbf][0xbd][0xef][0xbf][0xbd]kV[0xef][0xbf][0xbd]w[0xef][0xbf][0xbd][0xef][0xbf][0xbd][0xef][0xbf][0xbd][0xef][0xbf][0xbd][0xef][0xbf][0xbd]i~[0xef][0xbf][0xbd][[0x2][0xef][0xbf][0xbd][0xef][0xbf][0xbd]t[0xcc][0xb0]v[0xef][0xbf][0xbd][0xef][0xbf][0xbd][0xd3][0x85]![0x15][0xef][0xbf][0xbd]u[0xef][0xbf][0xbd]X[0x1c][0xef][0xbf][0xbd][0xef][0xbf][0xbd][0xcf][0xbb][0xef][0xbf][0xbd][0x1]mm[0xef][0xbf][0xbd][0xef][0xbf][0xbd]l[0xef][0xbf][0xbd][0xef][0xbf][0xbd]"[0x1a]z[0xef][0xbf][0xbd]g[0xc][0xef][0xbf][0xbd][0xef][0xbf][0xbd][0x17][0xef][0xbf][0xbd]c[0xef][0xbf][0xbd]0~*x[0xef][0xbf][0xbd][0xef][0xbf][0xbd][0xef][0xbf][0xbd][0x11][0x6][0xef][0xbf][0xbd]jd[0xef][0xbf][0xbd]u[0xd7][0x99][0x18][0xef][0xbf][0xbd][0x10][0xef][0xbf][0xbd][0xef][0xbf][0xbd]E;[0xf]k[0x1e][0xef][0xbf][0xbd][0x1a][0xef][0xbf][0xbd][0x18][0xef][0xbf][0xbd][0xef][0xbf][0xbd][0xef][0xbf][0xbd][0xef][0xbf][0xbd][0x1e]X[0xef][0xbf][0xbd]7[0xef][0xbf][0xbd][0xdc][0xb8][0x1d][0xef][0xbf][0xbd]?[0xef][0xbf][0xbd][0xef][0xbf][0xbd][0xef][0xbf][0xbd][0xef][0xbf][0xbd]a[0xef][0xbf][0xbd]r)R.[0xef][0xbf][0xbd][0xef][0xbf][0xbd][0xd7][0xac][0x1c][0xef][0xbf][0xbd][0xef][0xbf][0xbd]A[0xef][0xbf][0xbd][0xef][0xbf][0xbd]_@c[0xef][0xbf][0xbd]n[0xef][0xbf][0xbd][0xef][0xbf][0xbd]D=B[0xef][0xbf][0xbd][0x16][0xef][0xbf][0xbd][0xef][0xbf][0xbd]:[0xef][0xbf][0xbd][0xef][0xbf][0xbd][0xef][0xbf][0xbd]K}d[0xef][0xbf][0xbd]$=YP[0xef][0xbf][0xbd]x[0xef][0xbf][0xbd][0xef][0xbf][0xbd][0xef][0xbf][0xbd]K/[0xef][0xbf][0xbd][0xef][0xbf][0xbd]*[0xef][0xbf][0xbd]8[0xef][0xbf][0xbd]%[0x8][0xef][0xbf][0xbd][0xef][0xbf][0xbd][0x3][0xef][0xbf][0xbd][0xef][0xbf][0xbd]`A[0xef][0xbf][0xbd][0xef][0xbf][0xbd];I[0xef][0xbf][0xbd][0xef][0xbf][0xbd]>[0xef][0xbf][0xbd]K[0xef][0xbf][0xbd][0xef][0xbf][0xbd][0xef][0xbf][0xbd]g[0xef][0xbf][0xbd][0xef][0xbf][0xbd][0x1d][0xef][0xbf][0xbd][0xef][0xb3][0xab][0x0]f[0xef][0xbf][0xbd][0x14][0xef][0xbf][0xbd]w[0xef][0xbf][0xbd][0xdd][0x94]uL^W[0x6][0xef][0xbf][0xbd][0xef][0xbf][0xbd][0xef][0xbf][0xbd][0xef][0xbf][0xbd]d[0x1f][0xef][0xbf][0xbd][0xef][0xbf][0xbd]>nc[0xef][0xbf][0xbd]P[0xef][0xbf][0xbd][0xef][0xbf][0xbd]V[0xef][0xbf][0xbd]9G;[0xef][0xbf][0xbd][0xef][0xbf][0xbd]G[0xef][0xbf][0xbd]:[0x18][0xef][0xbf][0xbd]![0xef][0xbf][0xbd][0xef][0xbf][0xbd][0xef][0xbf][0xbd][0xef][0xbf][0xbd][0xdd][0x85][0xef][0xbf][0xbd][0xef][0xbf][0xbd][0x1f][0xef][0xbf][0xbd][0xef][0xbf][0xbd]O<i[0x4][0xef][0xbf][0xbd]5[0xef][0xbf][0xbd][0xef][0xbf][0xbd][0xef][0xbf][0xbd]:[0xef][0xbf][0xbd]"
07:56:28.866 [main] DEBUG org.apache.http.wire -  >> ">[0xef][0xbf][0xbd][0xef][0xbf][0xbd][0xef][0xbf][0xbd][0xef][0xbf][0xbd]"[0xef][0xbf][0xbd][0xef][0xbf][0xbd][[0x10][0xef][0xbf][0xbd][0xef][0xbf][0xbd][0xc][0x19][0xef][0xbf][0xbd][0xef][0xbf][0xbd]T[0x2][0xef][0xbf][0xbd]X[0xef][0xbf][0xbd][0x9][0xef][0xbf][0xbd]3b[0xef][0xbf][0xbd]qY$[\r]^[0xef][0xbf][0xbd][0xce][0x86]{[0xef][0xbf][0xbd][0x1a][0xef][0xbf][0xbd][0xef][0xbf][0xbd] [0xef][0xbf][0xbd][0xef][0xbf][0xbd]5[0xef][0xbf][0xbd]+W&[0xef][0xbf][0xbd][0xef][0xbf][0xbd][0xef][0xbf][0xbd][0xef][0xbf][0xbd][0xf][0xef][0xbf][0xbd][0xef][0xbf][0xbd][0xef][0xbf][0xbd][0xef][0xbf][0xbd][0xef][0xbf][0xbd]][0xca][0xb9]rad[0xd7][0xad][0xef][0xbf][0xbd]~[0xef][0xbf][0xbd]}[0x7][0xef][0xbf][0xbd]~[0xef][0xbf][0xbd][0xef][0xbf][0xbd][0xf][0xef][0xbf][0xbd][0xef][0xbf][0xbd][0xef][0xbf][0xbd][0xef][0xbf][0xbd]h+U[0xef][0xbf][0xbd][0xef][0xbf][0xbd][0xef][0xbf][0xbd][0xef][0xbf][0xbd][\n]"
07:56:28.867 [main] DEBUG org.apache.http.wire -  >> "'[\n]"
07:56:28.867 [main] DEBUG org.apache.http.wire -  >> ".[0xcc][0x87][0xef][0xbf][0xbd][0xef][0xbf][0xbd][0xef][0xbf][0xbd][0xef][0xbf][0xbd]U[0xc][0xef][0xbf][0xbd][0xef][0xbf][0xbd]DNZ[0xef][0xbf][0xbd]u[\n]"
07:56:28.867 [main] DEBUG org.apache.http.wire -  >> "L[0xef][0xbf][0xbd]\_A[0xd4][0xa3][0x1b][0xef][0xbf][0xbd][0xef][0xbf][0xbd][0xef][0xbf][0xbd][0xef][0xbf][0xbd][0xef][0xbf][0xbd][0xef][0xbf][0xbd]Q6[0xef][0xbf][0xbd]M=[0xef][0xbf][0xbd][0xc4][0x83]zf+[0xef][0xbf][0xbd][0xe][0xef][0xbf][0xbd][0x16]$[0xef][0xbf][0xbd][0x2]&[0xef][0xbf][0xbd]+[0xef][0xbf][0xbd][0xef][0xbf][0xbd]2[0x13]NZ[0x9][0xef][0xbf][0xbd]x[0xd8][0xa0]X[0xef][0xbf][0xbd])[0xef][0xbf][0xbd]p3[0xef][0xbf][0xbd]2*[0xcb][0x9e][0xef][0xbf][0xbd]4[0x16][0xef][0xbf][0xbd]iD'kX[0xd0][0x9d][0xef][0xbf][0xbd][0x1e][0xef][0xbf][0xbd][0x1e]3q[0xef][0xbf][0xbd]:[0xdc][0xbe]B[0xef][0xbf][0xbd]dJ[0x7][0xef][0xbf][0xbd][0x19][0xef][0xbf][0xbd][0xef][0xbf][0xbd][0xef][0xbf][0xbd]"[0xef][0xbf][0xbd][0x17].[0x19]4r[0xef][0xbf][0xbd][0xef][0xbf][0xbd][0xef][0xbf][0xbd]#>[0xef][0xbf][0xbd]cp[0xef][0xbf][0xbd]zIV[0xef][0xbf][0xbd]L[0xef][0xbf][0xbd][0xef][0xbf][0xbd][0xef][0xbf][0xbd]0[0xef][0xbf][0xbd][0x1a]u[0xef][0xbf][0xbd][0xe6][0x9c][0x84][0x15][0xef][0xbf][0xbd][0xef][0xbf][0xbd][0xef][0xbf][0xbd][0xef][0xbf][0xbd]i[0xef][0xbf][0xbd][0xef][0xbf][0xbd]H2[0xef][0xbf][0xbd][0xcd][0x8c][0xd9][0xb0]0[0xef][0xbf][0xbd][0xef][0xbf][0xbd][0x1b]:[0xef][0xbf][0xbd][0xef][0xbf][0xbd]Y[0x19][0xef][0xbf][0xbd][0xef][0xbf][0xbd][0xef][0xbf][0xbd]/[0xef][0xbf][0xbd]j[0xef][0xbf][0xbd]=[0xef][0xbf][0xbd][0xef][0xbf][0xbd][0xef][0xbf][0xbd][0xd8][0x97][0xef][0xbf][0xbd][0xef][0xbf][0xbd][0xef][0xbf][0xbd]Cv)[0xef][0xbf][0xbd]rE[0xef][0xbf][0xbd]0[0xef][0xbf][0xbd]kT[0xef][0xbf][0xbd][0xd8][0x98][0x1f][0xd9][0x98][0xef][0xbf][0xbd]A[0xef][0xbf][0xbd][0xf]Y[0xef][0xbf][0xbd][0xef][0xbf][0xbd][0xef][0xbf][0xbd](1[0xef][0xbf][0xbd]X[0x17]u[0xef][0xbf][0xbd][0x11]i[0xef][0xbf][0xbd][0xcc][0xa8]jB[0x1b]q[0xef][0xbf][0xbd]$[0xef][0xbf][0xbd]b[0xef][0xbf][0xbd][0x1b]3[0xef][0xbf][0xbd][0xc][0xef][0xbf][0xbd]1v[0x5]7[0xef][0xbf][0xbd]Q[0x1][0xef][0xbf][0xbd][0x1e][0xef][0xbf][0xbd]]=Qz1[0xef][0xbf][0xbd][0x6][0xef][0xbf][0xbd][0xef][0xbf][0xbd]c#[0xef][0xbf][0xbd],[0xef][0xbf][0xbd][0xef][0xbf][0xbd][0x1a]#j Y[0xef][0xbf][0xbd][0xf]j[0xef][0xbf][0xbd][0xef][0xbf][0xbd]$[0xd1][0xae]j[0xef][0xbf][0xbd][0xef][0xbf][0xbd][0xef][0xbf][0xbd][0xef][0xbf][0xbd][0xef][0xbf][0xbd][0x5]I[0xef][0xbf][0xbd]7[0xef][0xbf][0xbd][0x3][0xb][0xef][0xbf][0xbd][0xef][0xbf][0xbd]9[0xef][0xbf][0xbd][0xef][0xbf][0xbd][0xef][0xbf][0xbd].l0Y[0xef][0xbf][0xbd][0xce][0x87]Ld][0xdd][0x80][0xef][0xbf][0xbd][0xef][0xbf][0xbd]C[0xef][0xbf][0xbd]-8[0x0][0xef][0xbf][0xbd]^[0xef][0xbf][0xbd]r[0xef][0xbf][0xbd][0xef][0xbf][0xbd][0xef][0xbf][0xbd][0xef][0xbf][0xbd][0x19]A[0x19]l{[0xef][0xbf][0xbd]x[0xef][0xbf][0xbd][0x1d][0xef][0xbf][0xbd]z[0x9]A[0xef][0xbf][0xbd]u[0xef][0xbf][0xbd][0x5][0xef][0xbf][0xbd]3[0xef][0xbf][0xbd]Im[0xef][0xbf][0xbd]W[0xef][0xbf][0xbd][0x13][0xef][0xbf][0xbd][0x1c][0xef][0xbf][0xbd]?[0xef][0xbf][0xbd]nW'[0xef][0xbf][0xbd]\[0xef][0xbf][0xbd]\[0x1a][0xef][0xbf][0xbd][0xef][0xbf][0xbd][0xef][0xbf][0xbd][0xe2][0x81][0x92][0xef][0xbf][0xbd][0xef][0xbf][0xbd][0xef][0xbf][0xbd][0xef][0xbf][0xbd][0xef][0xbf][0xbd][0x5][0xef][0xbf][0xbd].[0xef][0xbf][0xbd][0xef][0xbf][0xbd][0x5][0xc8][0xae]Q[0xef][0xbf][0xbd]m[0xef][0xbf][0xbd]1[0xef][0xbf][0xbd][0xef][0xbf][0xbd][0xef][0xbf][0xbd][0x6][0xef][0xbf][0xbd][0xcb][0x8e]oZp[0xef][0xbf][0xbd][0xef][0xbf][0xbd][0xef][0xbf][0xbd]X1[0xef][0xbf][0xbd]E[0x2][0x8][0xef][0xbf][0xbd][0xef][0xbf][0xbd][0xef][0xbf][0xbd][0xef][0xbf][0xbd][0xef][0xbf][0xbd][0xef][0xbf][0xbd][0xef][0xbf][0xbd][0xef][0xbf][0xbd]=[0xef][0xbf][0xbd][0xef][0xbf][0xbd][0x11][0xef][0xbf][0xbd][0xef][0xbf][0xbd][0x15]-[0x16][0xef][0xbf][0xbd][0xef][0xbf][0xbd]M[0xef][0xbf][0xbd]f[0xef][0xbf][0xbd]{[0xef][0xbf][0xbd][0xef][0xbf][0xbd]5[[0xef][0xbf][0xbd][0xef][0xbf][0xbd]!M[0xef][0xbf][0xbd][0x4]p[0xef][0xbf][0xbd][0xef][0xbf][0xbd][0xef][0xbf][0xbd][0xef][0xbf][0xbd]i[0xef][0xbf][0xbd]O[0xef][0xbf][0xbd]2jKg[0xef][0xbf][0xbd][0x5][0xef][0xbf][0xbd][0xef][0xbf][0xbd]XQ[0xef][0xbf][0xbd][0x6]k~[0xef][0xbf][0xbd][0xcc][0xb4][0xef][0xbf][0xbd][0x7]1/&8V[0xef][0xbf][0xbd][0xef][0xbf][0xbd].XPK0Z[0x1][\r]S@hL[0xef][0xbf][0xbd][0xef][0xbf][0xbd]5{W[0xef][0xbf][0xbd][0x14][0x5]`>[0xef][0xbf][0xbd][0xe][0x16][0xef][0xbf][0xbd]<55[0xef][0xbf][0xbd][0xb][0xef][0xbf][0xbd]2[0xef][0xbf][0xbd][0xef][0xbf][0xbd][0x7][0xef][0xbf][0xbd]L[0xef][0xbf][0xbd][0xef][0xbf][0xbd][0xef][0xbf][0xbd]F-L[0xef][0xbf][0xbd]R1.[0x1b][0x0][0x13]x+[0xb][0xdd][0xb3][0xef][0xbf][0xbd][0xef][0xbf][0xbd]5[0xef][0xbf][0xbd]7:}[0xef][0xbf][0xbd]p[0xef][0xbf][0xbd][0x1d]cs[0xef][0xbf][0xbd][0xef][0xbf][0xbd][0xef][0xbf][0xbd]bZ[0x15]/[0xef][0xbf][0xbd]r?[0xd6][0x82]f[0xef][0xbf][0xbd][0xce][0x89][0x12][0xc3][0xa1][0xef][0xbf][0xbd]E[0xef][0xbf][0xbd][0xef][0xbf][0xbd][0xef][0xbf][0xbd][0xef][0xbf][0xbd][0xef][0xbf][0xbd]x1[0x1e]x[0xef][0xbf][0xbd]3[0xef][0xbf][0xbd][0xef][0xbf][0xbd][0xef][0xbf][0xbd][0xef][0xbf][0xbd][0xef][0xbf][0xbd]v)[0xef][0xbf][0xbd][0xef][0xbf][0xbd]U[0xef][0xbf][0xbd][0x5][0xc8][0xae]S[0xef][0xbf][0xbd]bc[0xef][0xbf][0xbd][0xef][0xbf][0xbd][0xef][0xbf][0xbd]f[0xef][0xbf][0xbd]`[0xef][0xbf][0xbd][0xef][0xbf][0xbd][0xef][0xbf][0xbd]s+i([0xef][0xbf][0xbd][0x10]&[0xef][0xbf][0xbd][0xef][0xbf][0xbd][0xef][0xbf][0xbd][0x12]vU[0xef][0xbf][0xbd]y[0x1f]?[0x5]5[0x19][0xef][0xbf][0xbd][0x1]@+.[0xd2][0xa9][0xef][0xbf][0xbd][0xd6][0x89][0x4][0xef][0xbf][0xbd][0xef][0xbf][0xbd]P[0xef][0xbf][0xbd],[0xef][0xbf][0xbd][0xef][0xbf][0xbd]X[0xef][0xbf][0xbd][0xef][0xbf][0xbd][0xef][0xbf][0xbd]Kt[0xef][0xbf][0xbd][0xef][0xbf][0xbd]>V[0xef][0xbf][0xbd][0xc4][0x9e][0xef][0xbf][0xbd][0xef][0xbf][0xbd][0xef][0xbf][0xbd],B[0xef][0xbf][0xbd][0xef][0xbf][0xbd][\n]"
07:56:28.868 [main] DEBUG org.apache.http.wire -  >> "[0xef][0xbf][0xbd][0xef][0xbf][0xbd][0xef][0xbf][0xbd]x[0xef][0xbf][0xbd]B][[0x8][0xef][0xbf][0xbd]s[0x0]F[0xef][0xbf][0xbd][0xef][0xbf][0xbd][0xef][0xbf][0xbd]Z[0xef][0xbf][0xbd][0xd8][0x93][0xef][0xbf][0xbd]![0xef][0xbf][0xbd]C[0xef][0xbf][0xbd][0xef][0xbf][0xbd][0x0][0xef][0xbf][0xbd][0xef][0xbf][0xbd][0x2][0x18][0xf]N[0xef][0xbf][0xbd][0xef][0xbf][0xbd]_[0xef][0xbf][0xbd][0xef][0xbf][0xbd][0x5][0x8][0x4][0xef][0xbf][0xbd][0x2][0xef][0xbf][0xbd]9/x[0xef][0xbf][0xbd]E[0x1][0xef][0xbf][0xbd]I[0xef][0xbf][0xbd]ft[\r][0xef][0xbf][0xbd][0x18][0x6]5:B[0x6]pvG[[0xef][0xbf][0xbd][0xef][0xbf][0xbd]A[0xef][0xbf][0xbd][0xef][0xbf][0xbd]D[0xef][0xbf][0xbd]87[0xef][0xbf][0xbd][0xef][0xbf][0xbd][0xef][0xbf][0xbd][0xef][0xbf][0xbd][0x1e]k[0xde][0x8c][0xef][0xbf][0xbd]H[0xef][0xbf][0xbd][0xef][0xbf][0xbd][0xee][0xa7][0x90][0xc2][0xa8]ImZ[0x6]3[0xef][0xbf][0xbd][0xd7][0xb4][0xef][0xbf][0xbd][0xef][0xbf][0xbd]}[0xef][0xbf][0xbd][0xef][0xbf][0xbd][0xef][0xbf][0xbd][0x17][0xef][0xbf][0xbd]y[0xef][0xbf][0xbd][0xef][0xbf][0xbd][0xef][0xbf][0xbd][0xef][0xbf][0xbd][0xef][0xbf][0xbd][0xef][0xbf][0xbd]R.[0xef][0xbf][0xbd]k([0xef][0xbf][0xbd][0x18][0xef][0xbf][0xbd]5)[0xef][0xbf][0xbd][0xef][0xbf][0xbd]?[0xef][0xbf][0xbd][0xef][0xbf][0xbd][0xef][0xbf][0xbd]c[0xef][0xbf][0xbd]=~[0xef][0xbf][0xbd]"5[0xef][0xbf][0xbd]#[0xef][0xbf][0xbd]-B[0x19][0xef][0xbf][0xbd][0xef][0xbf][0xbd][0xef][0xbf][0xbd][0xef][0xbf][0xbd][0xd3][0xa9][0xef][0xbf][0xbd]5[0x0][0xef][0xbf][0xbd][0xc] ?[0xef][0xbf][0xbd]2HB[0xef][0xbf][0xbd][0xef][0xbf][0xbd]T[0xef][0xbf][0xbd]RB[0xef][0xbf][0xbd]g-[0xef][0xbf][0xbd].[0xef][0xbf][0xbd]A2@{[0xef][0xbf][0xbd][0xef][0xbf][0xbd]zj[0xef][0xbf][0xbd][0xef][0xbf][0xbd][0xd5][0x8b]i#[0x6]f[0xef][0xbf][0xbd][0xef][0xbf][0xbd][0x1a]A[0xc8][0xa8]([0xef][0xbf][0xbd][0xef][0xbf][0xbd][0xd8][0xa3]h[0xef][0xbf][0xbd]V[0xef][0xbf][0xbd][0xef][0xbf][0xbd][0xef][0xbf][0xbd][0xef][0xbf][0xbd][0xef][0xbf][0xbd] [0xef][0xbf][0xbd]5[0xef][0xbf][0xbd][0x14][0xef][0xbf][0xbd]wc-[0x0][0xef][0xbf][0xbd]u[0xef][0xbf][0xbd][0x1c][0xef][0xbf][0xbd][0x11][0xde][0xa9]>4[0xef][0xbf][0xbd]Ujb[0xef][0xbf][0xbd][0xef][0xbf][0xbd][0x17][0xd9][0x82][0xef][0xbf][0xbd][0xef][0xbf][0xbd]h# [0xef][0xbf][0xbd][0xef][0xbf][0xbd]:`,4[0xef][0xbf][0xbd][0xef][0xbf][0xbd][0xef][0xbf][0xbd]o%[0xef][0xbf][0xbd][0x14][0xef][0xbf][0xbd][0x1a][0xef][0xbf][0xbd]f[0x8]A[0x1a][0xef][0xbf][0xbd][0xef][0xbf][0xbd]p[0xef][0xbf][0xbd][0x7][0xef][0xbf][0xbd]C[0xef][0xbf][0xbd][0xef][0xbf][0xbd][0xd8][0xa7]}x[0xef][0xbf][0xbd][0x14][0x5][0xef][0xbf][0xbd][0xef][0xbf][0xbd].[0xef][0xbf][0xbd]<[0x5][0xef][0xbf][0xbd]'[0xef][0xbf][0xbd]pe[0xf][0xef][0xbf][0xbd][0xef][0xbf][0xbd]0[0xef][0xbf][0xbd]:[0x10]#[0xef][0xbf][0xbd]m4[0xef][0xbf][0xbd][0xef][0xbf][0xbd][0xef][0xbf][0xbd]|a[0xef][0xbf][0xbd][0xef][0xbf][0xbd]e}9[0xef][0xbf][0xbd][0x1b]t(n[0x17][0xef][0xbf][0xbd][0xef][0xbf][0xbd][0x3][0xb]{[0xef][0xbf][0xbd].[0xef][0xbf][0xbd]R[0xef][0xbf][0xbd][0xef][0xbf][0xbd]rad[0xd7][0xa4][0x1c][0xef][0xbf][0xbd][0xef][0xbf][0xbd][0xef][0xbf][0xbd][0xef][0xbf][0xbd]B:[0xef][0xbf][0xbd]"F8[0x4][0xef][0xbf][0xbd][0xc4][0x99]6m[0xc9][0x90][0x6][0x3]qhk[0xef][0xbf][0xbd],[0x5][0x1a][0xd6][0xae]/[0xef][0xbf][0xbd][0xef][0xbf][0xbd][0xef][0xbf][0xbd][0xef][0xbf][0xbd][0xb][0xef][0xbf][0xbd][0xef][0xbf][0xbd][0xef][0xbf][0xbd]fL[0xef][0xbf][0xbd]Gu[0xd2][0xa9][0x6]*c[0xcc][0xae][0xd9][0x92]w?[0xef][0xbf][0xbd]L[0xef][0xbf][0xbd]@p]IB[0x15][0x1a][0xef][0xbf][0xbd][0x1b]m[0x7][0xef][0xbf][0xbd]n[0xef][0xbf][0xbd][0xef][0xbf][0xbd][0xef][0xbf][0xbd][0xd5][0xac][0xef][0xbf][0xbd][0xef][0xbf][0xbd]z[0xd3][0xba]7[0xef][0xbf][0xbd][0xef][0xbf][0xbd][0xef][0xbf][0xbd]@[0xef][0xbf][0xbd][0xda][0x97][0xef][0xbf][0xbd] [0xef][0xbf][0xbd][0x19][0xef][0xbf][0xbd][0xef][0xbf][0xbd][0x2][0x1a]XaHl[0xef][0xbf][0xbd]:}[0xef][0xbf][0xbd]J[0xef][0xbf][0xbd]b[0xef][0xbf][0xbd]i([0x14][0xef][0xbf][0xbd]h[0xef][0xbf][0xbd]K[0xef][0xbf][0xbd]K`p[0xef][0xbf][0xbd][0xcb][0xae][0xef][0xbf][0xbd][0xc3][0xb4][0xef][0xbf][0xbd]_=[0xef][0xbf][0xbd][0x5]3[0xef][0xbf][0xbd]=[0xef][0xbf][0xbd]JQ[0xef][0xbf][0xbd]=[0xef][0xbf][0xbd][0xef][0xbf][0xbd][0xef][0xbf][0xbd]\[0xef][0xbf][0xbd]cV[0xb][0xef][0xbf][0xbd][[0xef][0xbf][0xbd][0xef][0xbf][0xbd][0xef][0xbf][0xbd]l[0x1f][0xef][0xbf][0xbd][0xef][0xbf][0xbd]6\[0xef][0xbf][0xbd]YC[0xce][0xa5][0xef][0xbf][0xbd]!1[0xef][0xbf][0xbd]R[0xdd][0xb7][0xef][0xbf][0xbd][0xef][0xbf][0xbd]QGm[0xef][0xbf][0xbd]/[0xef][0xbf][0xbd]>[0x1e][0xef][0xbf][0xbd][0xef][0xbf][0xbd][0xef][0xbf][0xbd][0xef][0xbf][0xbd][0xef][0xbf][0xbd][0x1e][0xef][0xbf][0xbd]K[0xef][0xbf][0xbd][0xef][0xbf][0xbd][0xef][0xbf][0xbd][0xef][0xbf][0xbd]\[0xef][0xbf][0xbd][0xef][0xbf][0xbd][0x1a][0xef][0xbf][0xbd][0xef][0xbf][0xbd][0xef][0xbf][0xbd][0x1d]cc[[0xef][0xbf][0xbd]][0x15][0xef][0xbf][0xbd][0xef][0xbf][0xbd][0xef][0xbf][0xbd][0x2][0xef][0xbf][0xbd]O[0xef][0xbf][0xbd][0xef][0xbf][0xbd][0x1d][0xef][0xbf][0xbd][0x1f][0xef][0xbf][0xbd]le[0xef][0xbf][0xbd][0xef][0xbf][0xbd]Nb[0xef][0xbf][0xbd]R[0xef][0xbf][0xbd]7[0xef][0xbf][0xbd][0xef][0xbf][0xbd][0x2][0x6][0xef][0xbf][0xbd][0xef][0xbf][0xbd]y,[0xef][0xbf][0xbd]7v,q[0xef][0xbf][0xbd][0xef][0xbf][0xbd][0xef][0xbf][0xbd][0xef][0xbf][0xbd]=[0x15]BJ[0x10]#[0xef][0xbf][0xbd]X[0xef][0xbf][0xbd]b&[0xef][0xbf][0xbd][0x14]b[0x19][0xef][0xbf][0xbd]t[0xef][0xbf][0xbd][0xef][0xbf][0xbd][0xef][0xbf][0xbd][0xef][0xbf][0xbd]o[0x2]PDE~[0x7]k[0xef][0xbf][0xbd][0xdc][0x8d][0xc9][0xb4][0xef][0xbf][0xbd][0xef][0xbf][0xbd]VU[0xef][0xbf][0xbd][0xef][0xbf][0xbd]YcJ[\r][0x10]#[0xef][0xbf][0xbd][0xef][0xbf][0xbd][0xef][0xbf][0xbd][0xef][0xbf][0xbd][0xef][0xbf][0xbd][0xef][0xbf][0xbd]o[0xef][0xbf][0xbd]F[0xef][0xbf][0xbd]A'KT[0xef][0xbf][0xbd][0xcd][0xa1]l[0xef][0xbf][0xbd][0xef][0xbf][0xbd]t[0xef][0xbf][0xbd][0xef][0xbf][0xbd]6[0xef][0xbf][0xbd]~[0x2]Q4YB[0xef][0xbf][0xbd][0xef][0xbf][0xbd][0xef][0xbf][0xbd]1[0xef][0xbf][0xbd][0xef][0xbf][0xbd][0xc]P[0x17]k[0xef][0xbf][0xbd][0xe][0xef][0xbf][0xbd][0xef][0xbf][0xbd]h[0xb]x[0xef][0xbf][0xbd][0xef][0xbf][0xbd][0xb]m[0x1][0xef][0xbf][0xbd][0xef][0xbf][0xbd]![0xef][0xbf][0xbd][0xef][0xbf][0xbd]c'[0xef][0xbf][0xbd][0xef][0xbf][0xbd][0x12][0xef][0xbf][0xbd][0xef][0xbf][0xbd]a[0xef][0xbf][0xbd]Ts {v[0x1a]5[0xef][0xbf][0xbd]4[0x6][0xef][0xbf][0xbd][0xc6][0x9d][0xef][0xbf][0xbd][0x3][0xef][0xbf][0xbd]z[0xef][0xbf][0xbd][0xef][0xbf][0xbd][0xef][0xbf][0xbd][0xef][0xbf][0xbd][0xef][0xbf][0xbd][0xd9][0xa5]\[0xef][0xbf][0xbd]7P.@v[\r][0xca][0x91][0xef][0xbf][0xbd]Y[0xef][0xbf][0xbd][0x6][0xef][0xbf][0xbd][0xef][0xbf][0xbd][0xef][0xbf][0xbd][0xef][0xbf][0xbd][0xef][0xbf][0xbd][0xef][0xbf][0xbd][0xcc][0xa6][0xef][0xbf][0xbd][0xe5][0x83][0xaf][0xef][0xbf][0xbd][0xef][0xbf][0xbd][0xef][0xbf][0xbd][0xef][0xbf][0xbd][0xef][0xbf][0xbd][0xef][0xbf][0xbd][0xef][0xbf][0xbd][0xef][0xbf][0xbd]Q[0xef][0xbf][0xbd]][0xef][0xbf][0xbd][0xef][0xbf][0xbd][0xcc][0xac]\M[0xef][0xbf][0xbd]G[0xef][0xbf][0xbd]k[0x18][0xef][0xbf][0xbd]vkM[0xef][0xbf][0xbd]QU[0xef][0xbf][0xbd][0xef][0xbf][0xbd]Y[0x9][0xef][0xbf][0xbd][0xb][0xef][0xbf][0xbd][0xef][0xbf][0xbd][0xef][0xbf][0xbd][0xef][0xbf][0xbd][0x0][0xef][0xbf][0xbd][0x1][0xef][0xbf][0xbd][0xef][0xbf][0xbd]j[0xef][0xbf][0xbd]0[0xef][0xbf][0xbd][0xef][0xbf][0xbd]t[0x1f]*[0xef][0xbf][0xbd]V[0xef][0xbf][0xbd][0xef][0xbf][0xbd][0x4][0x12][0x1c][0xef][0xbf][0xbd][0xef][0xbf][0xbd]_[0xef][0xbf][0xbd]x[0xef][0xbf][0xbd][0xef][0xbf][0xbd]s$([0xef][0xbf][0xbd]3[0xef][0xbf][0xbd]XQ[0xef][0xbf][0xbd][0xef][0xbf][0xbd][0xef][0xbf][0xbd]c[0xef][0xbf][0xbd][0xef][0xbf][0xbd][0xef][0xbf][0xbd][0xef][0xbf][0xbd][0xef][0xbf][0xbd],L[0xef][0xbf][0xbd]q[0xef][0xbf][0xbd][0xef][0xbf][0xbd]6[0xef][0xbf][0xbd][0xef][0xbf][0xbd][0xef][0xbf][0xbd][0xf]:c[0xef][0xbf][0xbd]8[0xef][0xbf][0xbd]qS8[0xef][0xbf][0xbd]so/%[0xef][0xbf][0xbd][0xef][0xbf][0xbd]r[0xef][0xbf][0xbd][0xef][0xbf][0xbd][0xef][0xbf][0xbd][0xef][0xbf][0xbd][0xef][0xbf][0xbd][0xef][0xbf][0xbd] [0xef][0xbf][0xbd][0x1b]=[0x9]z[0xef][0xbf][0xbd][0xef][0xbf][0xbd]}[0xef][0xbf][0xbd]s[0xb][0x18]5[0xef][0xbf][0xbd][0xd3][0x81][0x18][0xef][0xbf][0xbd][0xcf][0xa2][0xef][0xbf][0xbd][0xe][0xef][0xbf][0xbd]\[0xd7][0xae][0xef][0xbf][0xbd]N[0xef][0xbf][0xbd][0xef][0xbf][0xbd][0x8][0xef][0xbf][0xbd][0xef][0xbf][0xbd]5A[0x1f][0xef][0xbf][0xbd][0x1d][0xef][0xbf][0xbd][0xef][0xbf][0xbd][0xef][0xbf][0xbd][0xef][0xbf][0xbd][0xef][0xbf][0xbd][0xef][0xbf][0xbd][0xef][0xbf][0xbd]_[0xef][0xbf][0xbd]w[0xef][0xbf][0xbd][0xef][0xbf][0xbd][0xef][0xbf][0xbd][0xef][0xbf][0xbd]+[0xef][0xbf][0xbd][0xef][0xbf][0xbd][\r][0xef][0xbf][0xbd][0xb][0xef][0xbf][0xbd][0xef][0xbf][0xbd][0xef][0xbf][0xbd][0xef][0xbf][0xbd][0xef][0xbf][0xbd][0xef][0xbf][0xbd][0xef][0xbf][0xbd][0x1f]{[0xef][0xbf][0xbd]AM[0xef][0xbf][0xbd][0xef][0xbf][0xbd][0xef][0xbf][0xbd][0xef][0xbf][0xbd]5[0xef][0xbf][0xbd][0xef][0xbf][0xbd][0xef][0xbf][0xbd][0x19][0xe][0xef][0xbf][0xbd][\n]"
07:56:28.868 [main] DEBUG org.apache.http.wire -  >> "}1[0x3][0xef][0xbf][0xbd][0xef][0xbf][0xbd][\n]"
07:56:28.868 [main] DEBUG org.apache.http.wire -  >> "[0xef][0xbf][0xbd]U[0xef][0xbf][0xbd][0xef][0xbf][0xbd]2[0x5][0x19]e/[0xef][0xbf][0xbd][0xef][0xbf][0xbd][0xef][0xbf][0xbd]`Gx[0xc7][0x8a]E[0xef][0xbf][0xbd][0xef][0xbf][0xbd]ze[0x12][0xef][0xbf][0xbd][0xef][0xbf][0xbd]I[0xef][0xbf][0xbd][0xef][0xbf][0xbd][0xef][0xbf][0xbd][0xed][0x80][0x9f]RG=o[0xef][0xbf][0xbd]:yQ[0xef][0xbf][0xbd][0xef][0xbf][0xbd][0xc]X[0xef][0xbf][0xbd][0xef][0xbf][0xbd]K$;[0x0][0xe][0x6][0xef][0xbf][0xbd]2|z[[0xef][0xbf][0xbd][0xef][0xbf][0xbd][0x2][0xef][0xbf][0xbd][0xef][0xbf][0xbd]xE[0xef][0xbf][0xbd][0x12][0xef][0xbf][0xbd][0x2][0xef][0xbf][0xbd]G[0xef][0xbf][0xbd][0xe]/[0x10][0xef][0xbf][0xbd][0xef][0xbf][0xbd][0xef][0xbf][0xbd]T[0xef][0xbf][0xbd]}[0xef][0xbf][0xbd][0x9]F#[0xb][0xef][0xbf][0xbd]{[0xef][0xbf][0xbd][0xef][0xbf][0xbd]J[0xef][0xbf][0xbd][0x1a][0x1b][0xef][0xbf][0xbd][0x16][0xef][0xbf][0xbd][0xef][0xbf][0xbd][0xdd][0x8e][0xef][0xbf][0xbd]'y4[0xef][0xbf][0xbd][0xef][0xbf][0xbd][0xef][0xbf][0xbd]j[0xef][0xbf][0xbd][0xef][0xbf][0xbd]*[0xd4][0x99][0xef][0xbf][0xbd]@[0xef][0xbf][0xbd]+-[0x15]IP[0xef][0xbf][0xbd]q[0xef][0xbf][0xbd][0xef][0xbf][0xbd][0xef][0xbf][0xbd]lR[0xef][0xbf][0xbd]%[0xef][0xbf][0xbd]0][0xef][0xbf][0xbd]u[0xef][0xbf][0xbd])[0xc6][0xbe][0xef][0xbf][0xbd]%R,{[0xef][0xbf][0xbd][0x1],[0xef][0xbf][0xbd][0xef][0xbf][0xbd][0x2]|[0xcc][0x9f][0xef][0xbf][0xbd]w[0xef][0xbf][0xbd][0xef][0xbf][0xbd][0xef][0xbf][0xbd][0xef][0xbf][0xbd]y[0xef][0xbf][0xbd].[0xef][0xbf][0xbd]R[0xef][0xbf][0xbd][0x4][0xef][0xbf][0xbd][0xef][0xbf][0xbd]q[0xef][0xbf][0xbd][0xef][0xbf][0xbd][0xef][0xbf][0xbd]?[0xef][0xbf][0xbd][0xef][0xbf][0xbd]6q3#[0x10][0xef][0xbf][0xbd]s[0x1d]F[0x11]=[0x2]EoP[0x1a][0xef][0xbf][0xbd][0x8][0xef][0xbf][0xbd][0xef][0xbf][0xbd][0xef][0xbf][0xbd]^[\n]"
07:56:28.868 [main] DEBUG org.apache.http.wire -  >> "[0xef][0xbf][0xbd][0xc][0xef][0xbf][0xbd][0xef][0xbf][0xbd]9;[0xef][0xbf][0xbd][0xef][0xbf][0xbd]hr[0xef][0xbf][0xbd][0x4][0xef][0xbf][0xbd]Y[0x1][0xef][0xbf][0xbd]`[0xcd][0x8e][0xef][0xbf][0xbd]#[0xef][0xbf][0xbd]M=[0xf][0x4][0xef][0xbf][0xbd][0xef][0xbf][0xbd]o|[0xef][0xbf][0xbd][0xef][0xbf][0xbd][0xef][0xbf][0xbd][0xef][0xbf][0xbd]L[0xef][0xbf][0xbd][0xef][0xbf][0xbd][0xef][0xbf][0xbd]#5[0xef][0xbf][0xbd][\r][0xef][0xbf][0xbd][0xef][0xbf][0xbd]Q>[0xef][0xbf][0xbd]Q[0x12]K[0x5]V[0xef][0xbf][0xbd][0xf]z[0xef][0xbf][0xbd][0xef][0xbf][0xbd][0xef][0xbf][0xbd]l[0xef][0xbf][0xbd][0xef][0xbf][0xbd]C[0xef][0xbf][0xbd][0xef][0xbf][0xbd]9ON[0x0][0x1a]@[0x10][0xef][0xbf][0xbd][0xef][0xbf][0xbd][0xef][0xbf][0xbd]5Nt[0xef][0xbf][0xbd][0xef][0xbf][0xbd]o[0xef][0xbf][0xbd]'[0xef][0xbf][0xbd]K[0xef][0xbf][0xbd]([0xef][0xbf][0xbd][0xef][0xbf][0xbd][0xef][0xbf][0xbd][0x10][0xef][0xbf][0xbd]+[0xef][0xbf][0xbd][0xef][0xbf][0xbd]h([\r][0xef][0xbf][0xbd][0xef][0xbf][0xbd][0xef][0xbf][0xbd][0xef][0xbf][0xbd]#[0x1e][0xef][0xbf][0xbd]WW[0xef][0xbf][0xbd][0x1b]^[0xef][0xbf][0xbd]U[0xef][0xbf][0xbd]C>Ew[0x13][0xef][0xbf][0xbd][0xef][0xbf][0xbd]2[0xef][0xbf][0xbd]b[0xef][0xbf][0xbd][0xe2][0x92][0xad][0x5]*[0xef][0xbf][0xbd]`$[0xef][0xbf][0xbd]T[0xcf][0xac][0xef][0xbf][0xbd][0xef][0xbf][0xbd]@[0xef][0xbf][0xbd][0xe][0xef][0xbf][0xbd][0xef][0xbf][0xbd][0xef][0xbf][0xbd]0[0xef][0xbf][0xbd][0xef][0xbf][0xbd]l[0xef][0xbf][0xbd]~[0xef][0xbf][0xbd]`[0xef][0xbf][0xbd][0xef][0xbf][0xbd]`[0xe]:W[0x16][0xef][0xbf][0xbd]o[0xef][0xbf][0xbd][0x13][0xef][0xbf][0xbd][0xef][0xbf][0xbd]c_[0xef][0xbf][0xbd][0xef][0xbf][0xbd][0xef][0xbf][0xbd][0xef][0xbf][0xbd]Cv)[0xef][0xbf][0xbd][0xef][0xbf][0xbd]2[0x14][0xef][0xbf][0xbd]K[0xef][0xbf][0xbd]k[0xef][0xbf][0xbd][0xef][0xbf][0xbd][0xef][0xbf][0xbd][0xd2][0x8f][0xef][0xbf][0xbd]u[0xef][0xbf][0xbd][0xef][0xbf][0xbd][0x3]O[0xef][0xbf][0xbd]VI*[0xef][0xbf][0xbd][0x19][0x13]+[0xef][0xbf][0xbd]Gg[0xef][0xbf][0xbd]J[0xef][0xbf][0xbd][0xef][0xbf][0xbd][0xef][0xbf][0xbd][0xef][0xbf][0xbd][0xef][0xbf][0xbd][0x17][0xef][0xbf][0xbd][0xef][0xbf][0xbd][0xef][0xbf][0xbd]T6[0xef][0xbf][0xbd]s<[0xef][0xbf][0xbd][0xef][0xbf][0xbd][0xef][0xbf][0xbd]<L_[0x1c][0xef][0xbf][0xbd][\n]"
07:56:28.869 [main] DEBUG org.apache.http.wire -  >> "[0xef][0xbf][0xbd][0xef][0xbf][0xbd]#[0x3][0xef][0xbf][0xbd]x'.[0xef][0xbf][0xbd]j[0xef][0xbf][0xbd][0xef][0xbf][0xbd][0xb][0x14][0xef][0xbf][0xbd]q[0xef][0xbf][0xbd][0x0]J[0xef][0xbf][0xbd][0x9][0x18][0xef][0xbf][0xbd][0xef][0xbf][0xbd]`[0xb]u)?t[0x1d][0xef][0xbf][0xbd]n[0xef][0xbf][0xbd][0xef][0xbf][0xbd]C@[0xef][0xbf][0xbd][0xef][0xbf][0xbd][0xef][0xbf][0xbd]X[0xef][0xbf][0xbd]S[0xef][0xbf][0xbd][0xef][0xbf][0xbd]f?[0xef][0xbf][0xbd][0xef][0xbf][0xbd]Uh`[0x1a][0xef][0xbf][0xbd]M[0xef][0xbf][0xbd]S@[0xef][0xbf][0xbd][0xef][0xbf][0xbd]0[0x0][0xc4][0xac][0xef][0xbf][0xbd]t,*[0xef][0xbf][0xbd][0xef][0xbf][0xbd][0xef][0xbf][0xbd][0xef][0xbf][0xbd]2d^[0xef][0xbf][0xbd]|[0xef][0xbf][0xbd][0xef][0xbf][0xbd][0xd9][0x86][0xef][0xbf][0xbd]Zft[0xef][0xbf][0xbd]v&[0xef][0xbf][0xbd][0xef][0xbf][0xbd][0xef][0xbf][0xbd][0xef][0xbf][0xbd]*H[0xc8][0xb5][0xef][0xbf][0xbd][0xef]"
07:56:28.869 [main] DEBUG org.apache.http.wire -  >> "[0xbf][0xbd][0xef][0xbf][0xbd][0xef][0xbf][0xbd][0xef][0xbf][0xbd]r[0xef][0xbf][0xbd]w[\r][0xef][0xbf][0xbd][0xef][0xbf][0xbd]$[0xef][0xbf][0xbd]u.[0xef][0xbf][0xbd][0xef][0xbf][0xbd]1G[0xef][0xbf][0xbd][0x8][0x1d][0xef][0xbf][0xbd][0xef][0xbf][0xbd][0xef][0xbf][0xbd][0xef][0xbf][0xbd][0x17]9[0xef][0xbf][0xbd][0xdf][0x99]`[0xef][0xbf][0xbd][0xef][0xbf][0xbd]6/[0xef][0xbf][0xbd][0xef][0xbf][0xbd]7[0xef][0xbf][0xbd][0xef][0xbf][0xbd][0x1f][0xef][0xbf][0xbd]K[0xef][0xbf][0xbd][0xef][0xbf][0xbd][0xef][0xbf][0xbd][0xef][0xbf][0xbd]\\[0xef][0xbf][0xbd]wq[0xef][0xbf][0xbd]=[0xef][0xbf][0xbd][0xef][0xbf][0xbd][0x7][0xef][0xbf][0xbd]yr[0x19][0xef][0xbf][0xbd][0xef][0xbf][0xbd][0xef][0xbf][0xbd][0xef][0xbf][0xbd][0xef][0xbf][0xbd]I[0xef][0xbf][0xbd]e[0xef][0xbf][0xbd]tY,[0xef][0xbf][0xbd][0x4]Vy[0x4][0xef][0xbf][0xbd][0xef][0xbf][0xbd]i,[0x3][0xef][0xbf][0xbd][0xef][0xbf][0xbd][0xef][0xbf][0xbd];[0xf][0xef][0xbf][0xbd][0xef][0xbf][0xbd][0x1e][0xef][0xbf][0xbd][0xef][0xbf][0xbd][0xef][0xbf][0xbd][0xef][0xbf][0xbd]`[0x1c][\n]"
07:56:28.870 [main] DEBUG org.apache.http.wire -  >> "[0xef][0xbf][0xbd][0xef][0xbf][0xbd][0x19][0xef][0xbf][0xbd]n[0xef][0xbf][0xbd][0xef][0xbf][0xbd]+[0xef][0xbf][0xbd][0x1e][0x14][0xef][0xbf][0xbd]R:yb[0xef][0xbf][0xbd][0xef][0xbf][0xbd]/[0x16][0x17][0xef][0xbf][0xbd]s9[0xde][0xa2][0x11]>F[0x18][0xef][0xbf][0xbd][0xef][0xbf][0xbd][0xef][0xbf][0xbd]?[0xef][0xbf][0xbd][0x6]cS[0x1c][0xef][0xbf][0xbd][0xef][0xbf][0xbd]_[0xef][0xbf][0xbd][0xe5][0xaf][0xad][0xef][0xbf][0xbd]Z[0x9][0xef][0xbf][0xbd]Wk7[0xef][0xbf][0xbd][0xef][0xbf][0xbd][0x1a]s[0x1d][0x8]bT[0xef][0xbf][0xbd][0xef][0xbf][0xbd]U[[0xef][0xbf][0xbd][0xef][0xbf][0xbd][0xef][0xbf][0xbd]*[0xef][0xbf][0xbd][0xef][0xbf][0xbd][0xef][0xbf][0xbd][0xef][0xbf][0xbd][0xef][0xbf][0xbd][0xef][0xbf][0xbd][0xef][0xbf][0xbd])[0x1f][0xef][0xbf][0xbd]}[0xef][0xbf][0xbd][0xe4][0xb0][0x8c][0x14]dS"[0xef][0xbf][0xbd]FzHWh[0xef][0xbf][0xbd][0xc][0xef][0xbf][0xbd]@[0xef][0xbf][0xbd][0xef][0xbf][0xbd][0xef][0xbf][0xbd][0x6][0xef][0xbf][0xbd][0xef][0xbf][0xbd][0x4][0xef][0xbf][0xbd][0xe3][0x84][0x86][0xef][0xbf][0xbd][0xef][0xbf][0xbd][0xef][0xbf][0xbd]$[0xb]I[0x5][0xef][0xbf][0xbd]qp5[0xef][0xbf][0xbd][0x1b][0x1e][0xef][0xbf][0xbd][0xef][0xbf][0xbd]y[0x1][0xef][0xbf][0xbd]Ky[0xef][0xbf][0xbd][0xef][0xbf][0xbd][0x5][0xef][0xbf][0xbd][0xef][0xbf][0xbd][0xef][0xbf][0xbd][0x17]?2[0xcb][0x8b][0x7][0xef][0xbf][0xbd]~[0x1e][0x1][0x10][0xef][0xbf][0xbd][0xef][0xbf][0xbd]nq3[0xef][0xbf][0xbd]1[0xef][0xbf][0xbd]d[0xef][0xbf][0xbd][0xd0][0xab][0xef][0xbf][0xbd]jT[0x8][0xef][0xbf][0xbd]u[0xef][0xbf][0xbd]D[0xef][0xbf][0xbd][0xef][0xbf][0xbd]L[0xef][0xbf][0xbd][0xef][0xbf][0xbd]%Y[0xef][0xbf][0xbd]T|[0xef][0xbf][0xbd]9[0xef][0xbf][0xbd][0x16][0xef][0xbf][0xbd]6[0xef][0xbf][0xbd][0xef][0xbf][0xbd]S[0xef][0xbf][0xbd][0xef][0xbf][0xbd])[0xef][0xbf][0xbd]rI[0xef][0xbf][0xbd][0x7][0x15]*~6[0xef][0xbf][0xbd]3K[0xef][0xbf][0xbd]\[0xef][0xbf][0xbd][0xef][0xbf][0xbd]J[0xef][0xbf][0xbd]o[0xef][0xbf][0xbd][0xef][0xbf][0xbd][0xef][0xbf][0xbd][0xef][0xbf][0xbd][0xef][0xbf][0xbd]'[0xef][0xbf][0xbd]A[0xef][0xbf][0xbd]?[0x2][0xef][0xbf][0xbd][0xef][0xbf][0xbd][0x3]`[0x16][0xef][0xbf][0xbd]l[0x6]F([0xe][0xd0][0xb5])14^[0x10][0xef][0xbf][0xbd][0xef][0xbf][0xbd][0xc5][0x80]I[0xc]!z}[0xef][0xbf][0xbd][0xef][0xbf][0xbd]`[0xef][0xbf][0xbd]6[0xef][0xbf][0xbd]y[0xef][0xbf][0xbd]@[0x1b]0N[0x17]&zM[0xef][0xbf][0xbd][0x7][0x15][4[0xef][0xbf][0xbd][0x11][0xef][0xbf][0xbd][0xef][0xbf][0xbd]x5=*[0xef][0xbf][0xbd][0xef][0xbf][0xbd]9[0xef][0xbf][0xbd][0xef][0xbf][0xbd][0xca][0xb4]s[0xef][0xbf][0xbd]+[0xef][0xbf][0xbd]&@[0xef][0xbf][0xbd][0xef][0xbf][0xbd]B*f[0x16]2[0xef][0xbf][0xbd][0xef][0xbf][0xbd][0xef][0xbf][0xbd][0xef][0xbf][0xbd][0xe][0xef][0xbf][0xbd]n[0xdc][0xb7][0xdf][0x9f][0xef][0xbf][0xbd][0xef][0xbf][0xbd]{{[0xef][0xbf][0xbd][0xef][0xbf][0xbd][0xef][0xbf][0xbd][0xef][0xbf][0xbd][0xef][0xbf][0xbd][0xef][0xbf][0xbd]][0xca][0xa5][0xef][0xbf][0xbd][0xef][0xbf][0xbd][0xef][0xbf][0xbd][0x2]dwi[0xef][0xbf][0xbd]R[0xef][0xbf][0xbd][0xef][0xbf][0xbd][0xef][0xbf][0xbd]z[0xef][0xbf][0xbd][0x1c][0xc][0xef][0xbf][0xbd]e[0x11][0xef][0xbf][0xbd]7t[0xef][0xbf][0xbd]I[0xef][0xbf][0xbd][0x19][0xef][0xbf][0xbd]K[0xef][0xbf][0xbd]p`[0x15];[0x9][0xef][0xbf][0xbd]S[0xef][0xbf][0xbd][0xef][0xbf][0xbd][0xef][0xbf][0xbd]*[0xef][0xbf][0xbd][0xef][0xbf][0xbd][0x0][0xef][0xbf][0xbd][0xef][0xbf][0xbd]eu{[0xef][0xbf][0xbd]Y`[0xef][0xbf][0xbd][0xef][0xbf][0xbd][[0xef][0xbf][0xbd][0x14]`[0xef][0xbf][0xbd][0x17][0xef][0xbf][0xbd][0x15];j[0xef][0xbf][0xbd][0x13]1F[0xef][0xbf][0xbd][0x1c]p5[0xef][0xbf][0xbd][0xef][0xbf][0xbd][\r]7[0xef][0xbf][0xbd]f[0xef][0xbf][0xbd]y[0xef][0xbf][0xbd][0xef][0xbf][0xbd][0x6]t8[0xef][0xbf][0xbd][0x5][0xef][0xbf][0xbd],[0xef][0xbf][0xbd][0xef][0xbf][0xbd][0xef][0xbf][0xbd]u[0xef][0xbf][0xbd][0xef][0xbf][0xbd][0xd9][0xb8][0xef][0xbf][0xbd]y[0x1f][0xef][0xbf][0xbd][0xef][0xbf][0xbd]P@[0xef][0xbf][0xbd][0xef][0xbf][0xbd]"Xd[0xef][0xbf][0xbd][0xef][0xbf][0xbd][0xef][0xbf][0xbd]G[0xef][0xbf][0xbd]}[0xd3][0x8e]v[0x3]{23fwx[0xef][0xbf][0xbd]{[0x10][0xef][0xbf][0xbd][0x0]ra[0xef][0xbf][0xbd]%[0xef][0xbf][0xbd]`[0xef][0xbf][0xbd]u6[0xef][0xbf][0xbd]N[0xef][0xbf][0xbd]dZ/\[0xef][0xbf][0xbd]33[0xef][0xbf][0xbd]@4[0xef][0xbf][0xbd]V[0xea][0xa0][0x9f][0xce][0xbb][0xef][0xbf][0xbd]L@r9[0xef][0xbf][0xbd]W[0x9][0xef][0xbf][0xbd][0x9][0xb][0xef][0xbf][0xbd][0xef][0xbf][0xbd][0xef][0xbf][0xbd]B-[0xef][0xbf][0xbd][0xef][0xbf][0xbd][0xef][0xbf][0xbd][0xef][0xbf][0xbd][0xef][0xbf][0xbd];o[0xef][0xbf][0xbd][0xef][0xbf][0xbd][0xef][0xbf][0xbd][0xef][0xbf][0xbd][0xef][0xbf][0xbd]][0xca][0xa5][0xef][0xbf][0xbd][0x2][0xef][0xbf][0xbd][0xef][0xbf][0xbd]q[0xef][0xbf][0xbd][0xef][0xbf][0xbd][0xef][0xbf][0xbd]Z[0xef][0xbf][0xbd];[0xef][0xbf][0xbd][0xef][0xbf][0xbd][0xef][0xbf][0xbd][0xef][0xbf][0xbd][0xb][0xef][0xbf][0xbd]*[0xef][0xbf][0xbd][0xef][0xbf][0xbd]! [0xeb][0xba][0x95]~P[0xc9][0xa7][0xef][0xbf][0xbd][0xef][0xbf][0xbd][0xef][0xbf][0xbd][0xef][0xbf][0xbd]3>RI[0xef][0xbf][0xbd][0xef][0xbf][0xbd][0xef][0xbf][0xbd][0x3]`[0xef][0xbf][0xbd]F[0xef][0xbf][0xbd][0xef][0xbf][0xbd][0x11]O3[0xef][0xbf][0xbd][0xef][0xbf][0xbd]g[0x7]fT[0xef][0xbf][0xbd][0x15]g8bl[0xef][0xbf][0xbd][0xef][0xbf][0xbd][0xef][0xbf][0xbd]&4&[0xef][0xbf][0xbd]UTv0[0xef][0xbf][0xbd]V[0xef][0xbf][0xbd][0xef][0xbf][0xbd][0xef][0xbf][0xbd]fq[0xef][0xbf][0xbd][0xef][0xbf][0xbd][0xef][0xbf][0xbd][0xef][0xbf][0xbd]x[0xf][0xef][0xbf][0xbd],[0x0]4[0xef][0xbf][0xbd][0xef][0xbf][0xbd][0xd9][0x8d]6=[0xef][0xbf][0xbd][0x1a]c[0xef][0xbf][0xbd][0xef][0xbf][0xbd][0x3][0xef][0xbf][0xbd][0x18]s[0xef][0xbf][0xbd][0xef][0xbf][0xbd]W[0x9][0xef][0xbf][0xbd]![0xef][0xbf][0xbd]~N%[0x13]N[0xef][0xbf][0xbd]~`[0xd2][0x90][0xef][0xbf][0xbd]n[0xef][0xbf][0xbd][0x1b]h[0xef][0xbf][0xbd]{[0xef][0xbf][0xbd][0xef][0xbf][0xbd]k[0xef][0xbf][0xbd]8[0xef][0xbf][0xbd]w[0xef][0xbf][0xbd]:[0xef][0xbf][0xbd][0xef][0xbf][0xbd][0xef][0xbf][0xbd].iX'[0xef][0xbf][0xbd]x[0xef][0xbf][0xbd]tQ!<[0xef][0xbf][0xbd]U[0xef][0xbf][0xbd][0xef][0xbf][0xbd]10[0xef][0xbf][0xbd]E[0xef][0xbf][0xbd][0xef][0xbf][0xbd]c$[0xef][0xbf][0xbd]'T,j[0xef][0xbf][0xbd][0xef][0xbf][0xbd][0xc8][0x95]\[0xef][0xbf][0xbd]k[0xef][0xbf][0xbd][0xef][0xbf][0xbd]=[0x5]w[0xef][0xbf][0xbd][0xef][0xbf][0xbd]Z[0xef][0xbf][0xbd],[0x13]g,ul[0xef][0xbf][0xbd]DX[0xef][0xbf][0xbd]w[0xef][0xbf][0xbd]d[0xef][0xbf][0xbd]>z[0xef][0xbf][0xbd]G[0xef][0xbf][0xbd][0xef][0xbf][0xbd]Q[0xef][0xbf][0xbd][0xef][0xbf][0xbd]Ky[0x5][0xcb][0x85][0xef][0xbf][0xbd][0xdd][0x85][0xef][0xbf][0xbd];[0xef][0xbf][0xbd][0xef][0xbf][0xbd][0xef][0xbf][0xbd]*[0xef][0xbf][0xbd]q[0xef][0xbf][0xbd]L[0xef][0xbf][0xbd][0xef][0xbf][0xbd][0xef][0xbf][0xbd][0xcf][0x82][0xef][0xbf][0xbd][0xef][0xbf][0xbd][0xef][0xbf][0xbd]/[0x5]![0xcc][0xa0]S[0xc][0x1a]^[0xef][0xbf][0xbd]N[0xef][0xbf][0xbd]G[0x14][0x1c][0xef][0xbf][0xbd][0xef][0xbf][0xbd][0x6][0x4]([0xc2][0x96][0x18]V[0xef][0xbf][0xbd][0x1b]i[0xef][0xbf][0xbd]w[0xe][0xef][0xbf][0xbd][0xef][0xbf][0xbd]_[0xef][0xbf][0xbd][0x15]:[0x10][0xf][0xef][0xbf][0xbd]+[0xef][0xbf][0xbd]O[0x1c]J[0xef][0xbf][0xbd][0xef][0xbf][0xbd][0xef][0xbf][0xbd][0xef][0xbf][0xbd]Z[0xef][0xbf][0xbd][0xef][0xbf][0xbd]pA[0x1a][0xef][0xbf][0xbd]g[0xef][0xbf][0xbd][0x19]*[0xef][0xbf][0xbd][0x1d]u9[0xef][0xbf][0xbd][0xef][0xbf][0xbd][0xef][0xbf][0xbd][0x3]>[0xd4][0x88][0x13][0xe][0xef][0xbf][0xbd]O[0xef][0xbf][0xbd][0xef][0xbf][0xbd][K[0xef][0xbf][0xbd][0xef][0xbf][0xbd][0xef][0xbf][0xbd][0x17][0x1d]_qE6[0xef][0xbf][0xbd][0x3][0xef][0xbf][0xbd]u[0xef][0xbf][0xbd][0x6]1X[0xef][0xbf][0xbd]w[0xef][0xbf][0xbd][0xef][0xbf][0xbd][0x17][0xef][0xbf][0xbd][0xef][0xbf][0xbd][0xef][0xbf][0xbd]hO[[0xef][0xbf][0xbd][0xef][0xbf][0xbd]d[0xef][0xbf][0xbd][0xef][0xbf][0xbd][0xef][0xbf][0xbd]c[0x0][0xef][0xbf][0xbd][0xef][0xbf][0xbd][0xef][0xbf][0xbd][0xef][0xbf][0xbd]GJE[0xef][0xbf][0xbd]b[0xb][0x6][0x6]Y[0xef][0xbf][0xbd]3vW[0xef][0xbf][0xbd][0xef][0xbf][0xbd][0xef][0xbf][0xbd][0xc3][0x82]<[0xef][0xbf][0xbd][0xf]$[0xf]L[0x1b][0x16][0xef][0xbf][0xbd]2[0xe][0xef][0xbf][0xbd][0xef][0xbf][0xbd]=L[0xef][0xbf][0xbd]0z[0xef][0xbf][0xbd][0xef][0xbf][0xbd][0xef][0xbf][0xbd]-v[0xef][0xbf][0xbd]J,[0xef][0xbf][0xbd]gN[0xef][0xbf][0xbd][0xc5][0x87]n[0xef][0xbf][0xbd][0xef][0xbf][0xbd][0xef][0xbf][0xbd][0xda][0xa3]v)[0xef][0xbf][0xbd][0xef][0xbf][0xbd][\n]"
07:56:28.891 [main] DEBUG org.apache.http.wire -  >> "[0xef][0xbf][0xbd][0xb][0xef][0xbf][0xbd][0xdd][0x85][0xef][0xbf][0xbd]a[0xef][0xbf][0xbd][0xef][0xbf][0xbd][0xef][0xbf][0xbd][0xef][0xbf][0xbd][0x5][0x4]$O([0xef][0xbf][0xbd][0x1f]xS[0xef][0xbf][0xbd][0x3][0xef][0xbf][0xbd]%[0x7][0xef][0xbf][0xbd][0xef][0xbf][0xbd][0xef][0xbf][0xbd]3[0xef][0xbf][0xbd][0xef][0xbf][0xbd]l[0x1c]4[0xef][0xbf][0xbd][0x13]pSQ1[0x11][0xef][0xbf][0xbd]Z[0xef][0xbf][0xbd]W[0xef][0xbf][0xbd]xu[0xef][0xbf][0xbd][0x13]0[0xef][0xbf][0xbd]Y[0xef][0xbf][0xbd][0xef][0xbf][0xbd][0xef][0xbf][0xbd][0x3][[0xef][0xbf][0xbd][0xef][0xbf][0xbd][0x8][0x5]L@[0x1e][0xca][0x8e]I[0x13][0xef][0xbf][0xbd]kE[0xef][0xbf][0xbd]Z}[0xef][0xbf][0xbd][0xef][0xbf][0xbd]PD[0xc4][0x8c][0xef][0xbf][0xbd])I",f6[0xef][0xbf][0xbd][0xef][0xbf][0xbd]L[0xef][0xbf][0xbd][0x2][0xef][0xbf][0xbd]V[0xef][0xbf][0xbd]g[0xef][0xbf][0xbd][0x9][0xef][0xbf][0xbd][0xef][0xbf][0xbd][0x19]([0xef][0xbf][0xbd]~n[0xef][0xbf][0xbd]([0xef][0xbf][0xbd]c[0xef][0xbf][0xbd]j<[0xef][0xbf][0xbd]>[0x15][0xcb][0x81][0xef][0xbf][0xbd]R.,[0xef][0xbf][0xbd][0xef][0xbf][0xbd]d[0xc]x[0xef][0xbf][0xbd][0xef][0xbf][0xbd]=[0xef][0xbf][0xbd][0xef][0xbf][0xbd]HVSW[0xef][0xbf][0xbd]<>,[0xef][0xbf][0xbd][0x1a]\=[0xef][0xbf][0xbd]V[0xef][0xbf][0xbd][0xef][0xbf][0xbd]4[0xef][0xbf][0xbd][0xc4][0x93][0x4][0xc5][0xa2][0xc9][0xb1][0xef][0xbf][0xbd][0x1][0x6][0x2]S[0xef][0xbf][0xbd]p[0xef][0xbf][0xbd]~U[0xef][0xbf][0xbd]*[0x14][0xef][0xbf][0xbd][0xef][0xbf][0xbd][0xef][0xbf][0xbd][0x15][0x2][0xef][0xbf][0xbd][0xef][0xbf][0xbd]K[0xef][0xbf][0xbd][0xde][0x93][0xef][0xbf][0xbd]`[0xef][0xbf][0xbd]#7[0xef][0xbf][0xbd][0xef][0xbf][0xbd][0xef][0xbf][0xbd]1[0xef][0xbf][0xbd][0xef][0xbf][0xbd]Ky[0x15][0xef][0xbf][0xbd][0x5][0xef][0xbf][0xbd][0xef][0xbf][0xbd][0xef][0xbf][0xbd][0x12][0xef][0xbf][0xbd][0xef][0xbf][0xbd][0xef][0xbf][0xbd]8}[0xef][0xbf][0xbd][0x14]2[0xcb][0xac][0xef][0xbf][0xbd][0xef][0xbf][0xbd][0xef][0xbf][0xbd][0xe][0xef][0xbf][0xbd][0x2][0xef][0xbf][0xbd][0xef][0xbf][0xbd]3K[0xe][0xef][0xbf][0xbd][0x1a]Z[0xef][0xbf][0xbd]1[0xf][0xef][0xbf][0xbd]7P[0xef][0xbf][0xbd][0x15][0xca][0xaa]T=[0xef][0xbf][0xbd][0xef][0xbf][0xbd][0xef][0xbf][0xbd][0x1d][0xef][0xbf][0xbd]PU![0xd2][0xae][0xef][0xbf][0xbd][0x6]$)h[0x0]2[0xef][0xbf][0xbd]h}gv\[0xef][0xbf][0xbd]eO20[0xef][0xbf][0xbd]>[0xef][0xbf][0xbd][0xef][0xbf][0xbd][0xef][0xbf][0xbd].`[0xef][0xbf][0xbd])[0xef][0xbf][0xbd][0xef][0xbf][0xbd][0xef][0xbf][0xbd][0xef][0xbf][0xbd]c[0xef][0xbf][0xbd]K3[0xef][0xbf][0xbd][0x13]8[0xef][0xbf][0xbd]N^[0xef][0xbf][0xbd][0xef][0xbf][0xbd]0[0x17]U[0xef][0xbf][0xbd][0xef][0xbf][0xbd][0xc3][0xa1][0xef][0xbf][0xbd][0xef][0xbf][0xbd]M[0xef][0xbf][0xbd]H[0xef][0xbf][0xbd][0xef][0xbf][0xbd]f?[0xef][0xbf][0xbd]@[0xef][0xbf][0xbd][0xef][0xbf][0xbd]([0xef][0xbf][0xbd][0xef][0xbf][0xbd][0xef][0xbf][0xbd][0x4]y[0xef][0xbf][0xbd][0xef][0xbf][0xbd]3[0x8][[0xef][0xbf][0xbd]4[0xef][0xbf][0xbd][0xef][0xbf][0xbd][0x9][0xef][0xbf][0xbd]`[0xc][0xef][0xbf][0xbd][0xef][0xbf][0xbd][0xef][0xbf][0xbd][0xef][0xbf][0xbd];[0xef][0xbf][0xbd][0xef][0xbf][0xbd][0xef][0xbf][0xbd]L[0xef][0xbf][0xbd]k[0xef][0xbf][0xbd] [0x1f][0xef][0xbf][0xbd]LL[0xef][0xbf][0xbd][0xef][0xbf][0xbd][0xd9][0x8c][0xe6][0xb8][0xb7]c[0xef][0xbf][0xbd][0x11]'9*h[0xef][0xbf][0xbd]p[0xef][0xbf][0xbd][0x17][0xe2][0x8e][0xbd][0xef][0xbf][0xbd][0xef][0xbf][0xbd][0xef][0xbf][0xbd][0xef][0xbf][0xbd]}[0xef][0xbf][0xbd].[0xef][0xbf][0xbd]R^[0xef][0xbf][0xbd]r[0x1][0xef][0xbf][0xbd][0xef][0xbf][0xbd][0xef][0xbf][0xbd]|[0xef][0xbf][0xbd]_>[0xef][0xbf][0xbd][0xef][0xbf][0xbd][0xef][0xbf][0xbd][0xde][0x9c][0xef][0xbf][0xbd][0xef][0xbf][0xbd][0x7][0xef][0xbf][0xbd]uJ9[0xef][0xbf][0xbd][0xef][0xbf][0xbd]4[0xef][0xbf][0xbd][0xef][0xbf][0xbd][0xef][0xbf][0xbd][0xd0][0x97]S[0xef][0xbf][0xbd][0xef][0xbf][0xbd]c-[0xef][0xbf][0xbd][0xef][0xbf][0xbd][\n]"
07:56:28.892 [main] DEBUG org.apache.http.wire -  >> "[0xef][0xbf][0xbd]XN4[0xef][0xbf][0xbd][0xef][0xbf][0xbd][0xde][0xa9][0xef][0xbf][0xbd][0x3][0xef][0xbf][0xbd]yY[0xef][0xbf][0xbd]J[0xef][0xbf][0xbd]:[0xee][0x86][0xbe][0xef][0xbf][0xbd]Y2[0xef][0xbf][0xbd]=[0xef][0xbf][0xbd][0xef][0xbf][0xbd][0xdd][0xac]s[0xef][0xbf][0xbd][0xef][0xbf][0xbd]G[0xef][0xbf][0xbd][0xef][0xbf][0xbd][0xef][0xbf][0xbd]n[0x8][0x5]"[0xef][0xbf][0xbd]S[0xef][0xbf][0xbd]W[0xef][0xbf][0xbd]RI[0xef][0xbf][0xbd][0xef][0xbf][0xbd]Q[0x7][0xef][0xbf][0xbd]'[0xef][0xbf][0xbd]!2[0x2][0xc7][0xa0]1'[0x0]v[0xef][0xbf][0xbd][0xef][0xbf][0xbd]H6*[0x16]v[0xef][0xbf][0xbd][0xef][0xbf][0xbd][0xc4][0x8e][0xef][0xbf][0xbd]/n[0xef][0xbf][0xbd]X[0xef][0xbf][0xbd]e[0xef][0xbf][0xbd]A[0xef][0xbf][0xbd][0xef][0xbf][0xbd][0x3][0xef][0xbf][0xbd][0x2]u[0xef][0xbf][0xbd]_}[0xef][0xbf][0xbd]'[0x18]2f[0x7],b[0xef][0xbf][0xbd][0xdd][0xae]np[0xef][0xbf][0xbd]b$[0xdd][0x8f][0xef][0xbf][0xbd]B[0xef][0xbf][0xbd][0xd3][0xa3][0x1a]e[0x1c][0xef][0xbf][0xbd][0xdc][0xaa]{[0xef][0xbf][0xbd][0xdc][0x87][0xcd][0xba][0xef][0xbf][0xbd][0xef][0xbf][0xbd][0xef][0xbf][0xbd]e[0xef][0xbf][0xbd][0xef][0xbf][0xbd]~t[0x17][0xef][0xbf][0xbd]c'[0xef][0xbf][0xbd][0xde][0x88];w[0xef][0xbf][0xbd][0xef][0xbf][0xbd][0xef][0xbf][0xbd]c[0xef][0xbf][0xbd][0xef][0xbf][0xbd][0xef][0xbf][0xbd]v)[0xef][0xbf][0xbd][0xef][0xbf][0xbd]*[0xef][0xbf][0xbd][0xb][0xef][0xbf][0xbd][0xef][0xbf][0xbd]e[0xef][0xbf][0xbd][0x14][0xef][0xbf][0xbd][0x7][0xef][0xbf][0xbd][0xef][0xbf][0xbd][0xef][0xbf][0xbd]nK[0xef][0xbf][0xbd][0xef][0xbf][0xbd][0xef][0xbf][0xbd]0[0xef][0xbf][0xbd][0xef][0xbf][0xbd][0xdd][0x87][0x3]6[0xef][0xbf][0xbd]Z[0xef][0xbf][0xbd][0x9]"[0x16]Y[0xc][0xef][0xbf][0xbd]Y.0[\r][0xef][0xbf][0xbd]y[0xef][0xbf][0xbd][0xef][0xbf][0xbd][0xef][0xbf][0xbd][\r]M[0xef][0xbf][0xbd][0xb]0[0xef][0xbf][0xbd][0xef][0xbf][0xbd][0xef][0xbf][0xbd][0xef][0xbf][0xbd]1F[0xef][0xbf][0xbd][0x16][0xef][0xbf][0xbd][0xe4][0x8e][0xaf]d*[0xc5][0xa7][0xef][0xbf][0xbd](>9[0xef][0xbf][0xbd][0xef][0xbf][0xbd][0xef][0xbf][0xbd]{[0xef][0xbf][0xbd][0xef][0xbf][0xbd][0xef][0xbf][0xbd][0xef][0xbf][0xbd]y][0xef][0xbf][0xbd][0xef][0xbf][0xbd]}F[0xef][0xbf][0xbd][0xef][0xbf][0xbd]~[0xef][0xbf][0xbd]Z[0xef][0xbf][0xbd][0xef][0xbf][0xbd]I[0xef][0xbf][0xbd][0x5]d[0x7]E[0xef][0xbf][0xbd]O[0xef][0xbf][0xbd][0xef][0xbf][0xbd][0x6][0xef][0xbf][0xbd]q[0xef][0xbf][0xbd]:[0xef][0xbf][0xbd][0x1b][0xef][0xbf][0xbd]t[0xef][0xbf][0xbd]6N[0xef][0xbf][0xbd]FS[0xef][0xbf][0xbd][0x9]\[0xd7][0x8e][0xef][0xbf][0xbd]?[0xef][0xbf][0xbd][0xef][0xbf][0xbd]Q[[0xef][0xbf][0xbd]E[0x11][0xef][0xbf][0xbd][0xef][0xbf][0xbd][0xef][0xbf][0xbd]$p[0xef][0xbf][0xbd]vh[0xef][0xbf][0xbd][0xef][0xbf][0xbd][0x1]'6[0xef][0xbf][0xbd][0xef][0xbf][0xbd][0x13]$[0xef][0xbf][0xbd]([0x9][0xef][0xbf][0xbd]|[0xb][0xef][0xbf][0xbd]%[0xef][0xbf][0xbd]#)[0xef][0xbf][0xbd]L"KP[0x2]{[0x2][0x7][0xef][0xbf][0xbd])[0xef][0xbf][0xbd];[0xef][0xbf][0xbd]{[0xef][0xbf][0xbd][0xef][0xbf][0xbd][0xef][0xbf][0xbd]^[0xef][0xbf][0xbd]y/e[0xef][0xbf][0xbd][0xef][0xbf][0xbd]y[0xef][0xbf][0xbd];{[0xef][0xbf][0xbd]3[0xef][0xbf][0xbd][0xef][0xbf][0xbd]q[0xef][0xbf][0xbd]s[0xef][0xbf][0xbd]s[0xef][0xbf][0xbd][0xef][0xbf][0xbd]Yg[0xef][0xbf][0xbd][0xef][0xbf][0xbd]>%/b[0xef][0xbf][0xbd][0xef][0xbf][0xbd],e[0xef][0xbf][0xbd][0xef][0xbf][0xbd][0xef][0xbf][0xbd]{[0x1d][0xef][0xbf][0xbd]NJ,[0xef][0xbf][0xbd][0x0]$[0xef][0xbf][0xbd]yA[0xef][0xbf][0xbd][0xef][0xbf][0xbd]cs[0xef][0xbf][0xbd]j[0xef][0xbf][0xbd][0xef][0xbf][0xbd]g;[0xef][0xbf][0xbd]zn[0xef][0xbf][0xbd]j[0x2]u[\n]"
07:56:28.892 [main] DEBUG org.apache.http.wire -  >> "&[0x1c][0x19]s[0xef][0xbf][0xbd]l[0xef][0xbf][0xbd]D[0xef][0xbf][0xbd]@=*[0xef][0xbf][0xbd];[0xb][0xef][0xbf][0xbd])[0xef][0xbf][0xbd]WB2H}[0xef][0xbf][0xbd][0x1a]g[0xef][0xbf][0xbd][0x10][0xef][0xbf][0xbd][0xef][0xbf][0xbd]]&[0xef][0xbf][0xbd][0xef][0xbf][0xbd][0xef][0xbf][0xbd]tLOh[0xef][0xbf][0xbd][0x1c][0xef][0xbf][0xbd][0xef][0xbf][0xbd]o![0xef][0xbf][0xbd][0xef][0xbf][0xbd][0xef][0xbf][0xbd]K[0xef][0xbf][0xbd][0xef][0xbf][0xbd][0xef][0xbf][0xbd][0xef][0xbf][0xbd][0xef][0xbf][0xbd]}3[0xef][0xbf][0xbd][0x4][0xc]P[\r]~[0x16]q~[0xef][0xbf][0xbd][0xef][0xbf][0xbd][0xef][0xbf][0xbd]O[0xef][0xbf][0xbd]Y[0xef][0xbf][0xbd]qb4[0xef][0xbf][0xbd]]![0x1c]:y[0xef][0xbf][0xbd]<g[0x19]r[0xef][0xbf][0xbd](+[0xef][0xbf][0xbd]&[0xef][0xbf][0xbd]c1[0xef][0xbf][0xbd][0x5],W[0xef][0xbf][0xbd][0xef][0xbf][0xbd][0xef][0xbf][0xbd]?[0xef][0xbf][0xbd][0xef][0xbf][0xbd]:FMJ[0x7]y[0x1c][0xef][0xbf][0xbd][0xef][0xbf][0xbd](U[0xef][0xbf][0xbd][0xef][0xbf][0xbd]a[0xef][0xbf][0xbd][0x1a][0xef][0xbf][0xbd]U[0xef][0xbf][0xbd]L[0xef][0xbf][0xbd][0xc7][0xa0]6[0xef][0xbf][0xbd][0xef][0xbf][0xbd][0x8]$[0xef][0xbf][0xbd][0xef][0xbf][0xbd]_[0xef][0xbf][0xbd][0xef][0xbf][0xbd]*D[0xef][0xbf][0xbd][0xef][0xbf][0xbd]z[0xef][0xbf][0xbd][0x10]Xl[0xef][0xbf][0xbd][0x10]nG[0xef][0xbf][0xbd][0xef][0xbf][0xbd][0xef][0xbf][0xbd]D%[0xef][0xbf][0xbd][0xdd][0xa6]v[0xc][0xef][0xbf][0xbd]k&w[0x1c][0x1f][0xef][0xbf][0xbd][0xef][0xbf][0xbd]G[0xef][0xbf][0xbd]/{t[0xef][0xbf][0xbd][0xef][0xbf][0xbd][0xef][0xbf][0xbd]+b[0xef][0xbf][0xbd][0xef][0xbf][0xbd][0xef][0xbf][0xbd],[0xef][0xbf][0xbd][0xcd][0xaf][0xef][0xbf][0xbd]RR[0xef][0xbf][0xbd][0xef][0xbf][0xbd]t[0xd4][0xa6]![0xef][0xbf][0xbd]E[0xe][0xef][0xbf][0xbd]A[0x18]&1B[0xef][0xbf][0xbd][0xef][0xbf][0xbd][0xd5][0xb8][0x1][0xef][0xbf][0xbd][0xef][0xbf][0xbd]3[0xef][0xbf][0xbd][0xef][0xbf][0xbd]'[0x1b][0xef][0xbf][0xbd][0xef][0xbf][0xbd][0xef][0xbf][0xbd]|Sg<[0xef][0xbf][0xbd][0xef][0xbf][0xbd]|-[0xef][0xbf][0xbd]WY[0xef][0xbf][0xbd]/[0x11]![0xef][0xbf][0xbd]v[0xef][0xbf][0xbd][0xef][0xbf][0xbd][0xef][0xbf][0xbd][0xef][0xbf][0xbd][0xef][0xbf][0xbd][0xef][0xbf][0xbd][0x1a][0xef][0xbf][0xbd]{[0xef][0xbf][0xbd]i[0xef][0xbf][0xbd][0xef][0xbf][0xbd]^[0xef][0xbf][0xbd][0xef][0xbf][0xbd]S[0xef][0xbf][0xbd]6[0xef][0xbf][0xbd]5.[0xb]MdW[0x8]~[0xef][0xbf][0xbd][0xef][0xbf][0xbd][0xef][0xbf][0xbd][0xef][0xbf][0xbd][0xef][0xbf][0xbd][0xef][0xbf][0xbd]|[0x12]Bp[0xef][0xbf][0xbd]&[0xef][0xbf][0xbd]cc[0xef][0xbf][0xbd][0x10] [0xef][0xbf][0xbd][0xef][0xbf][0xbd]sI[0xef][0xbf][0xbd][0xef][0xbf][0xbd]U[0xef][0xbf][0xbd][0xef][0xbf][0xbd][0xef][0xbf][0xbd]x[0xef][0xbf][0xbd][0xef][0xbf][0xbd]N[0x18]"[0xc3][0x97]K[0xef][0xbf][0xbd]rP[0xef][0xbf][0xbd][0xef][0xbf][0xbd]][0x8][0xef][0xbf][0xbd]S[0x8][0xef][0xbf][0xbd][0xef][0xbf][0xbd][0xef][0xbf][0xbd][0xef][0xbf][0xbd][0xef][0xbf][0xbd]"L[0xef][0xbf][0xbd][0x7]M[0xc][0x15][0xef][0xbf][0xbd][0xef][0xbf][0xbd][0xef][0xbf][0xbd]*$[0xef][0xbf][0xbd][0xef][0xbf][0xbd][0xef][0xbf][0xbd][0xef][0xbf][0xbd]dl[0xef][0xbf][0xbd][0xef][0xbf][0xbd]b>[0x10][0xef][0xbf][0xbd][0xef][0xbf][0xbd]#[0xef][0xbf][0xbd][0xef][0xbf][0xbd][0xef][0xbf][0xbd][0x1c][0xef][0xbf][0xbd]>[0xef][0xbf][0xbd][\r][0xef][0xbf][0xbd]([0x1e]\[0xef][0xbf][0xbd][0xef][0xbf][0xbd]k[0xef][0xbf][0xbd][0x16][0xef][0xbf][0xbd][0xef][0xbf][0xbd]j[0x12]q[0xef][0xbf][0xbd][\n]"
07:56:28.892 [main] DEBUG org.apache.http.wire -  >> "[0xc2][0xae][0xef][0xbf][0xbd][0xef][0xbf][0xbd]S0[0xef][0xbf][0xbd]X[0xef][0xbf][0xbd][0xef][0xbf][0xbd][0xef][0xbf][0xbd]?[0xef][0xbf][0xbd]4Lu[0xef][0xbf][0xbd]%[0xef][0xbf][0xbd]7[0xef][0xbf][0xbd],[0xef][0xbf][0xbd][0xb]6[0xef][0xbf][0xbd]9[0xef][0xbf][0xbd][0xe7][0xb4][0x95][0xef][0xbf]"
07:56:28.893 [main] DEBUG org.apache.http.wire -  >> "[0xbd]1[0xef][0xbf][0xbd]B[0xef][0xbf][0xbd]0[0xef][0xbf][0xbd]4[0xef][0xbf][0xbd]9.[0x1d][0xc9][0xb2]j[0xef][0xbf][0xbd][0xef][0xbf][0xbd]!S[0xef][0xbf][0xbd]U[0xef][0xbf][0xbd]x[0xef][0xbf][0xbd][0xef][0xbf][0xbd][0xef][0xbf][0xbd][0xe]h[0xef][0xbf][0xbd]U-[0x15]l[0xef][0xbf][0xbd][0xef][0xbf][0xbd][0xef][0xbf][0xbd][0xef][0xbf][0xbd][0xcf][0x86]=[0xef][0xbf][0xbd]Wb[0xef][0xbf][0xbd]>[0xef][0xbf][0xbd]F[0xef][0xbf][0xbd][0xef][0xbf][0xbd]udW[0x8][0xef][0xbf][0xbd][0xef][0xbf][0xbd][0xef][0xbf][0xbd]O[0xef][0xbf][0xbd][0xef][0xbf][0xbd]T[0xef][0xbf][0xbd][0x7]n[0xef][0xbf][0xbd][0xef][0xbf][0xbd]F[0xef][0xbf][0xbd][0xef][0xbf][0xbd]%[0xef][0xbf][0xbd][0x4][0xef][0xbf][0xbd][0xef][0xbf][0xbd],[0xef][0xbf][0xbd]![0xef][0xbf][0xbd][0x19]q*,p[0xef][0xbf][0xbd][0xef][0xbf][0xbd][0xef][0xbf][0xbd]"[0xef][0xbf][0xbd][0xef][0xbf][0xbd]'/8[0xef][0xbf][0xbd][0x17]<d[0xef][0xbf][0xbd]O[0xef][0xbf][0xbd][0xef][0xbf][0xbd][0xef][0xbf][0xbd]][0x16][0xef][0xbf][0xbd][0xef][0xbf][0xbd]"[0xef][0xbf][0xbd][0xef][0xbf][0xbd][0xef][0xbf][0xbd][0xef][0xbf][0xbd][0xef][0xbf][0xbd][0xef][0xbf][0xbd][0xef][0xbf][0xbd][0xef][0xbf][0xbd]#[0x9]][0x1a][0xef][0xbf][0xbd][0xef][0xbf][0xbd][0xef][0xbf][0xbd][0xef][0xbf][0xbd]BS[0xdd][0x9c][0xd2][0x96]9b[0xef][0xbf][0xbd]q2W[0x19][0xef][0xbf][0xbd][0xef][0xbf][0xbd][0xef][0xbf][0xbd][0xef][0xbf][0xbd][0xef][0xbf][0xbd]9[0x17][0xef][0xbf][0xbd][0xef][0xbf][0xbd][0xef][0xbf][0xbd]J{[0xc][0xef][0xbf][0xbd][0xef][0xbf][0xbd]E^,K)[0xef][0xbf][0xbd]*[0x15][0xef][0xbf][0xbd][0xef][0xbf][0xbd][0xef][0xbf][0xbd]<7[0xef][0xbf][0xbd]e[0xef][0xbf][0xbd]\[0xef][0xbf][0xbd][0xef][0xbf][0xbd]*n[0x10]<k[0xef][0xbf][0xbd]8[0xef][0xbf][0xbd][0xef][0xbf][0xbd]#w[0xef][0xbf][0xbd][0xef][0xbf][0xbd]C,[0xef][0xbf][0xbd][0xef][0xbf][0xbd][0xcf][0x97]1o[0xef][0xbf][0xbd][0x1e])[0xef][0xbf][0xbd]Z[0xef][0xbf][0xbd][0x1][0xef][0xbf][0xbd]B[0xef][0xbf][0xbd][0xef][0xbf][0xbd][0xef][0xbf][0xbd][0xef][0xbf][0xbd]0,[0xdc][0x8a][0xef][0xbf][0xbd]Z[0xef][0xbf][0xbd][0xef][0xbf][0xbd]7b[0xc]i[0xef][0xbf][0xbd]1cC[0xef][0xbf][0xbd];[0xef][0xbf][0xbd][0xef][0xbf][0xbd]0[0xef][0xbf][0xbd]K[0xef][0xbf][0xbd]z[0xef][0xbf][0xbd][0x13][0xef][0xbf][0xbd][0xef][0xbf][0xbd]F[0xef][0xbf][0xbd][0xd1][0x8a][0xef][0xbf][0xbd][0xef][0xbf][0xbd]P;[0xef][0xbf][0xbd][0xef][0xbf][0xbd][0xef][0xbf][0xbd]MN>[0xef][0xbf][0xbd][0xef][0xbf][0xbd][0xef][0xbf][0xbd][0xef][0xbf][0xbd][0xef][0xbf][0xbd])`][0xef][0xbf][0xbd]x[0xef][0xbf][0xbd][0xef][0xbf][0xbd][0xef][0xbf][0xbd]q[0xef][0xbf][0xbd][0xef][0xbf][0xbd]Z[0xef][0xbf][0xbd]&5[0xef][0xbf][0xbd]u[0xef][0xbf][0xbd][0xef][0xbf][0xbd][0xef][0xbf][0xbd][0x18][0xef][0xbf][0xbd][0xef][0xbf][0xbd]E[0xef][0xbf][0xbd][0xef][0xbf][0xbd]<[0xef][0xbf][0xbd][0xef][0xbf][0xbd]J-[0x1d][0xef][0xbf][0xbd][0x8][0xef][0xbf][0xbd][0xd5][0xa1][0x19][0xef][0xbf][0xbd][0xef][0xbf][0xbd][0x10][0xef][0xbf][0xbd][0xf][0xef][0xbf][0xbd][0xef][0xbf][0xbd]w[0xef][0xbf][0xbd][0xce][0xac][0xc2][0x8a][0xef][0xbf][0xbd][0xef][0xbf][0xbd][0xef][0xbf][0xbd][0xef][0xbf][0xbd][0x2][0xef][0xbf][0xbd]c[0x1a]}[0xef][0xbf][0xbd]b[0xef][0xbf][0xbd]E[0xdc][0x9c][0xef][0xbf][0xbd][0xef][0xbf][0xbd][0xef][0xbf][0xbd][0xef][0xbf][0xbd]3[0xef][0xbf][0xbd]7[0xef][0xbf][0xbd][0xef][0xbf][0xbd]>[0xef][0xbf][0xbd][0xef][0xbf][0xbd]x[0xef][0xbf][0xbd]*[0xef][0xbf][0xbd][0xef][0xbf][0xbd][0xef][0xbf][0xbd]0[0xd1][0x9d] [0x9][0xef][0xbf][0xbd][0xef][0xbf][0xbd]O[0xef][0xbf][0xbd]Wl[0xef][0xbf][0xbd][0xef][0xbf][0xbd][0xef][0xbf][0xbd]ns[\n]"
07:56:28.894 [main] DEBUG org.apache.http.wire -  >> "[0xef][0xbf][0xbd][0x3]'[0xe][0xef][0xbf][0xbd][0x1b][0x13][0xef][0xbf][0xbd]C![0xef][0xbf][0xbd]#siC)&[0xef][0xbf][0xbd][0xd2][0xa5])[0xef][0xbf][0xbd]R[0xef][0xbf][0xbd]^[0xef][0xbf][0xbd]6[0x3][0xd1][0xa4]F[0xef][0xbf][0xbd][0xef][0xbf][0xbd][0x9]9w[0xef][0xbf][0xbd]a[0x8][0xef][0xbf][0xbd]C[0xc][0xc5][0x8e]L[0xef][0xbf][0xbd]x[0xef][0xbf][0xbd][0xef][0xbf][0xbd][0xef][0xbf][0xbd]z{[0xef][0xbf][0xbd][0xef][0xbf][0xbd]_[0xef][0xbf][0xbd][0xef][0xbf][0xbd][0xef][0xbf][0xbd]$[0xd6][0xb8][0x12]h"[0xef][0xbf][0xbd]"x[0xef][0xbf][0xbd]n[0xef][0xbf][0xbd][0xef][0xbf][0xbd][0xef][0xbf][0xbd]L[0xe][0xef][0xbf][0xbd]i[0xef][0xbf][0xbd][0xef][0xbf][0xbd][0xd4][0x96][0x9]a2[0xc9][0xb7][0xef][0xbf][0xbd][0x1d][0xd6][0xbf][0xef][0xbf][0xbd]h'[0xef][0xbf][0xbd]B[0xef][0xbf][0xbd][0xef][0xbf][0xbd][0xef][0xbf][0xbd]Z)2[0x13][0xef][0xbf][0xbd][0xef][0xbf][0xbd][0xef][0xbf][0xbd][0xef][0xbf][0xbd][0x15][0xef][0xbf][0xbd][0xef][0xbf][0xbd]#[0xef][0xbf][0xbd][0xef][0xbf][0xbd]`[0xef][0xbf][0xbd]c[0xef][0xbf][0xbd][0xef][0xbf][0xbd]rx[0xef][0xbf][0xbd][0x7][0x16]xd^[0xef][0xbf][0xbd][0x4]C[0xef][0xbf][0xbd][0xef][0xbf][0xbd]y[0x1e]&[0xef][0xbf][0xbd][0xef][0xbf][0xbd][0xf2][0x81][0x84][0xbc]&[0xef][0xbf][0xbd]#D[0xef][0xbf][0xbd]4][0xef][0xbf][0xbd]B([0xef][0xbf][0xbd][0xef][0xbf][0xbd]P[0xe9][0x9c][0xa4][0xef][0xbf][0xbd][\n]"
07:56:28.894 [main] DEBUG org.apache.http.wire -  >> "*[0xef][0xbf][0xbd]q5[0xc7][0xb6][0xef][0xbf][0xbd][0xef][0xbf][0xbd]cS[0xef][0xbf][0xbd][0xef][0xbf][0xbd]y[0xef][0xbf][0xbd][0xef][0xbf][0xbd]?[0xef][0xbf][0xbd]s[0xef][0xbf][0xbd][0xf1][0x82][0x9f][0x84]I[0xef][0xbf][0xbd][0xef][0xbf][0xbd][0xef][0xbf][0xbd]:[0xef][0xbf][0xbd][0xef][0xbf][0xbd]LT[0xef][0xbf][0xbd]\2[0xef][0xbf][0xbd][0x5][0xef][0xbf][0xbd]4d[0xef][0xbf][0xbd]R[0xef][0xbf][0xbd][0xef][0xbf][0xbd]{([0xef][0xbf][0xbd]b[0x12]MC[0xef][0xbf][0xbd][0xef][0xbf][0xbd][0x14][0x19][0xef][0xbf][0xbd]u[0xef][0xbf][0xbd]Td[0xef][0xbf][0xbd]P[0xef][0xbf][0xbd] [0xef][0xbf][0xbd][0xef][0xbf][0xbd][0xef][0xbf][0xbd]T[0xef][0xbf][0xbd]aF[0xc2][0x97][0xef][0xbf][0xbd]0E[0xe]6o[0xef][0xbf][0xbd][0xef][0xbf][0xbd]3[0xef][0xbf][0xbd]![0xef][0xbf][0xbd][0xef][0xbf][0xbd][0xef][0xbf][0xbd]O[0xef][0xbf][0xbd]5[0x1a]W[0x4]MdW[0x5][0x1e]7[0xef][0xbf][0xbd][0xef][0xbf][0xbd]b^[0xef][0xbf][0xbd]eA[0xef][0xbf][0xbd]2g[0xef][0xbf][0xbd]}[0x1][0x18][0xef][0xbf][0xbd][0xef][0xbf][0xbd][0x8][0xef][0xbf][0xbd][0xde][0x82]s[0xef][0xbf][0xbd][0xef][0xbf][0xbd][0xef][0xbf][0xbd][0xef][0xbf][0xbd]C[T[0x14][0xef][0xbf][0xbd][0xef][0xbf][0xbd]'UW[0xef][0xbf][0xbd][0xc]}[0xef][0xbf][0xbd]b[0xef][0xbf][0xbd][0xe3][0x93][0x82][0x19][0xef][0xbf][0xbd]h[0x12][0xef][0xbf][0xbd][0xef][0xbf][0xbd]W[0xef][0xbf][0xbd]"[0xef][0xbf][0xbd][0xef][0xbf][0xbd][0xef][0xbf][0xbd]7R[0xef][0xbf][0xbd][0x5]r[0xef][0xbf][0xbd][0xca][0x9d][0xef][0xbf][0xbd][0xef][0xbf][0xbd][0x19][0xef][0xbf][0xbd][0xef][0xbf][0xbd][0xef][0xbf][0xbd][0xef][0xbf][0xbd][0xef][0xbf][0xbd][0xef][0xbf][0xbd][0xcb][0xbf]By[0x17][0x6]w[0x1e]:[0xef][0xbf][0xbd][0x1d][0xef][0xbf][0xbd][0x14]F.[\r][0xb]?[0xef][0xbf][0xbd]G[0xef][0xbf][0xbd][0xef][0xbf][0xbd] X[0xc3][0xb6]W,[0xef][0xbf][0xbd][0xef][0xbf][0xbd][0xef][0xbf][0xbd][0x14][0xef][0xbf][0xbd][0xef][0xbf][0xbd][0xef][0xbf][0xbd][0xef][0xbf][0xbd]y[0xef][0xbf][0xbd][0xef][0xbf][0xbd][0xef][0xbf][0xbd]b[0x17]*;[0xef][0xbf][0xbd]zF.[0xef][0xbf][0xbd][0xef][0xbf][0xbd][0xef][0xbf][0xbd]%[0xef][0xbf][0xbd]rB[0xef][0xbf][0xbd]9@[0xd8][0x99]M`|[0xef][0xbf][0xbd]c[0x9]kf[0xef][0xbf][0xbd][0xef][0xbf][0xbd]<&[0xef][0xbf][0xbd][0xef][0xbf][0xbd][0xef][0xbf][0xbd]0[0xef][0xbf][0xbd]#J[0xef][0xbf][0xbd][0xef][0xbf][0xbd][0xef][0xbf][0xbd][0xef][0xbf][0xbd][0xef][0xbf][0xbd][0xef][0xbf][0xbd]'[0xef][0xbf][0xbd]$v[0xef][0xbf][0xbd][0x1a][0xef][0xbf][0xbd]+[0xef][0xbf][0xbd]&[0xef][0xbf][0xbd]+[0xef][0xbf][0xbd][0xef][0xbf][0xbd]}[0xef][0xbf][0xbd][0xef][0xbf][0xbd][0xef][0xbf][0xbd]<][0x5][0xef][0xbf][0xbd]u'.[0xef][0xbf][0xbd]"[0xef][0xbf][0xbd][0x1c](#Y='[0xd3][0x85]q1[0xef][0xbf][0xbd]?V[0xef][0xbf][0xbd]3O[0xef][0xbf][0xbd][0xef][0xbf][0xbd][0xef][0xbf][0xbd][0xcb][0xb3][0xef][0xbf][0xbd][0xef][0xbf][0xbd]\[0xef][0xbf][0xbd]a[0xef][0xbf][0xbd]([0xef][0xbf][0xbd]b.[0xef][0xbf][0xbd]n[0x1c]/T[0xef][0xbf][0xbd][0xef][0xbf][0xbd][0xef][0xbf][0xbd]B[0xef][0xbf][0xbd]e!\D~\[0xef][0xbf][0xbd][0x11][0xef][0xbf][0xbd][0x4][0xef][0xbf][0xbd][0x8]By2[0xef][0xbf][0xbd][0xef][0xbf][0xbd][0xc]i[0xef][0xbf][0xbd]|[0xef][0xbf][0xbd]![0xc4][0x8a][0x2][0xef][0xbf][0xbd][0xef][0xbf][0xbd],[0xef][0xbf][0xbd]0h[0xef][0xbf][0xbd]J[0xef][0xbf][0xbd][0xef][0xbf][0xbd]Y[0xef][0xbf][0xbd][0xc4][0x91][0x6][0xef][0xbf][0xbd]LcM![0xef][0xbf][0xbd]RR[0xef][0xbf][0xbd][0xef][0xbf][0xbd]Y[0xef][0xbf][0xbd]X,[0xef][0xbf][0xbd][0xef][0xbf][0xbd]F[0xef][0xbf][0xbd][0xef][0xbf][0xbd]cC5[0xef][0xbf][0xbd][0xef][0xbf][0xbd]r[0xef][0xbf][0xbd]&[0xef][0xbf][0xbd]D[0xef][0xbf][0xbd][0x10][0xef][0xbf][0xbd][0xef][0xbf][0xbd]y8[0xef][0xbf][0xbd][0xef][0xbf][0xbd][0x1f][0xd7][0xbe][0xef][0xbf][0xbd][0xef][0xbf][0xbd] [0xef][0xbf][0xbd][0xe2][0xaa][0xb0]M[0x1f][0x1][0xef][0xbf][0xbd][0xef][0xbf][0xbd]2[0xef][0xbf][0xbd][0x3]v[0xd8][0x8f][\r][0xb][0xef][0xbf][0xbd][0xca][0xaa]9Va9[0xef][0xbf][0xbd].[0xef][0xbf][0xbd]W[0xef][0xbf][0xbd]I[0xef][0xbf][0xbd]c[0xef][0xbf][0xbd][0xef][0xbf][0xbd][0x1e][0xec][0xb7][0xbf][0xef][0xbf][0xbd][0xef][0xbf][0xbd][0xd3][0x9f]x[0xef][0xbf][0xbd][0x1a][0xef][0xbf][0xbd]+[0xef][0xbf][0xbd]&[0xef][0xbf][0xbd]+[0xef][0xbf][0xbd][0x1b][0xef][0xbf][0xbd]}[0xef][0xbf][0xbd]4'a[0xef][0xbf][0xbd][0xef][0xbf][0xbd][0xef][0xbf][0xbd][0x1]c[0x1d]F[0xef][0xbf][0xbd][0xd8][0xad][0xef][0xbf][0xbd][0xd2][0xbb]jyo[0xef][0xbf][0xbd] [0xef][0xbf][0xbd][0xc2][0x99][0x16]h[0x1c]+"[0xef][0xbf][0xbd][0x11][0xef][0xbf][0xbd][0xef][0xbf][0xbd]R[0xef][0xbf][0xbd][0xef][0xbf][0xbd][0xc4][0x8e][0xef][0xbf][0xbd][0x1d][0xef][0xbf][0xbd][[0xef][0xbf][0xbd][0xef][0xbf][0xbd]1[0xef][0xbf][0xbd][0xef][0xbf][0xbd] [0xef][0xbf][0xbd]5BvU[0xd0][0x9b][0xe4][0xa4][0x8c][0xef][0xbf][0xbd][0xef][0xbf][0xbd],[0xef][0xbf][0xbd]0f`[0xef][0xbf][0xbd]UoV[0xef][0xbf][0xbd]b[0xef][0xbf][0xbd]:~[0xef][0xbf][0xbd][0xef][0xbf][0xbd][0xef][0xbf][0xbd][0xd8][0xb2]r@6_[0xef][0x91][0x92]t[0xef][0xbf][0xbd][0xef][0xbf][0xbd][0xef][0xbf][0xbd]&[0xef][0xbf][0xbd]DNjZ[0xef][0xbf][0xbd][0x18][0xef][0xbf][0xbd]$/M[0xef][0xbf][0xbd][0x3][0xef][0xbf][0xbd][0xcb][0xb1]q[0xef][0xbf][0xbd][0xc6][0xa2]C[0x12][0xef][0xbf][0xbd]+umy#1[0xef][0xbf][0xbd][0xef][0xbf][0xbd]a[0xef][0xbf][0xbd]Q61[0xef][0xbf][0xbd]0@R[0xef][0xbf][0xbd]V4[0xef][0xbf][0xbd][0xc][0xef][0xbf][0xbd]}*Ns[0xef][0xbf][0xbd]f[0xef][0xbf][0xbd][0xef][0xbf][0xbd]N[0xef][0xbf][0xbd][0xef][0xbf][0xbd][0x1a][0xef][0xbf][0xbd][0xef][0xbf][0xbd][0xf]&sl[0x1e][0xf][0xef][0xbf][0xbd][0xef][0xbf][0xbd]C7[0xef][0xbf][0xbd][0xef][0xbf][0xbd][0xef][0xbf][0xbd][0xef][0xbf][0xbd][0xef][0xbf][0xbd][0xef][0xbf][0xbd][0xef][0xbf][0xbd]h\A4[0xef][0xbf][0xbd]][0x1][0xef][0xbf][0xbd][0xd7][0x99][0xef][0xbf][0xbd][0xc6][0xbb][0xef][0xbf][0xbd]Z\[0xef][0xbf][0xbd]T[0xef][0xbf][0xbd]E[0x19][0xef][0xbf][0xbd][0xef][0xbf][0xbd]PT-[0xef][0xbf][0xbd]K\4[0xef][0xbf][0xbd][0xef][0xbf][0xbd]~QW;[0xef][0xbf][0xbd][0xef][0xbf][0xbd]m[0xef][0xbf][0xbd]{3[0xc4][0x92][0xef][0xbf][0xbd][0xef][0xbf][0xbd][0x16][0xca][0xab][0xef][0xbf][0xbd][0xef][0xbf][0xbd]Y?[0xef][0xbf][0xbd]f[0x0]R[0xef][0xbf][0xbd][0xef][0xbf][0xbd]][0xef][0xbf][0xbd]?+[0xef][0xbf][0xbd]c[0xef][0xbf][0xbd]P[0xef][0xbf][0xbd][0xef][0xbf][0xbd][0xef][0xbf][0xbd][0xef][0xbf][0xbd][0x6][0xef][0xbf][0xbd][0xef][0xbf][0xbd]8G[0x6][0xef][0xbf][0xbd][0x6]y[0xef][0xbf][0xbd]S[0xef][0xbf][0xbd][0xef][0xbf][0xbd]54[0xef][0xbf][0xbd][0xef][0xbf][0xbd]L[0xef][0xbf][0xbd]6[0x11][0xef][0xbf][0xbd]"[0xef][0xbf][0xbd]EeL[0xef][0xbf][0xbd][0x8]Fsp#Ti[0xef][0xbf][0xbd]S4[0xef][0xbf][0xbd]C[0xef][0xbf][0xbd]r[0x12][0xef][0xbf][0xbd]m\[0xef][0xbf][0xbd]=[0xf][0xef][0xbf][0xbd][0xef][0xbf][0xbd][0x12][0xef][0xbf][0xbd][0xef][0xbf][0xbd]O[0xef][0xbf][0xbd][0x0]pq%[0xef][0xbf][0xbd]8][0xef][0xbf][0xbd]1Y[0xef][0xbf][0xbd][0xef][0xbf][0xbd][0xef][0xbf][0xbd]d[0xc6][0x9c]v[0xe][0xef][0xbf][0xbd][0xef][0xbf][0xbd][0xef][0xbf][0xbd][0xdd][0xa1][0xef][0xbf][0xbd]x[0xef][0xbf][0xbd]6[0xef][0xbf][0xbd]ptn[0xef][0xbf][0xbd][0xef][0xbf][0xbd][0xef][0xbf][0xbd][0xef][0xbf][0xbd][0xdf][0xbd][0xef][0xbf][0xbd][0xef][0xbf][0xbd][0xef][0xbf][0xbd][0xef][0xbf][0xbd]?[0xef][0xbf][0xbd][0xef][0xbf][0xbd]5[0x1a]W[0x14]Md[0xef][0xbf][0xbd][0xef][0xbf][0xbd][0xef][0xbf][0xbd][0xef][0xbf][0xbd][0xdd][0x9f][0xef][0xbf][0xbd][0xef][0xbf][0xbd]~[0xef][0xbf][0xbd]xz[\n]"
07:56:28.894 [main] DEBUG org.apache.http.wire -  >> "[0xef][0xbf][0xbd][0xef][0xbf][0xbd][\n]"
07:56:28.895 [main] DEBUG org.apache.http.wire -  >> "[0xef][0xbf][0xbd]m[0xef][0xbf][0xbd]Y3[0xde][0xb2]W[0xef][0xbf][0xbd]k[0xef][0xbf][0xbd][0x18][0xef][0xbf][0xbd][0x4],|[0xef][0xbf][0xbd][0xcf][0xb9][0xef][0xbf][0xbd]m[0x14][0xef][0xbf][0xbd][0xc7][0x94]?[0xef][0xbf][0xbd][0xef][0xbf][0xbd]9"[0xef][0xbf][0xbd][0xef][0xbf][0xbd][0x17][0x8][0x1c][0xef][0xbf][0xbd][0xef][0xbf][0xbd][0xef][0xbf][0xbd]/iz[0xef][0xbf][0xbd]][0xef][0xbf][0xbd][0xc]F[0xef][0xbf][0xbd][0xef][0xbf][0xbd][0x19][0xc][0xef][0xbf][0xbd][0xef][0xbf][0xbd][0xef][0xbf][0xbd]<[0xef][0xbf][0xbd][0x18][0xef][0xbf][0xbd][0xef][0xbf][0xbd][\r][0xef][0xbf][0xbd]%<Y[0xef][0xbf][0xbd]w[0x8][0x1d][0xef][0xbf][0xbd]0[0x1b]1[0xef][0xbf][0xbd]$[[0xef][0xbf][0xbd][0xef][0xbf][0xbd][0xef][0xbf][0xbd][0x13]K[\r]<[0x1b][0x11][0xef][0xbf][0xbd]6[0xef][0xbf][0xbd][0xef][0xbf][0xbd][0x14][0xef][0xbf][0xbd]R[0xef][0xbf][0xbd]6[0xef][0xbf][0xbd][\r]CoD2[0x1c][0xef][0xbf][0xbd][0xef][0xbf][0xbd][0x8][0xef][0xbf][0xbd][0xef][0xbf][0xbd]XL[0xef][0xbf][0xbd][0xef][0xbf][0xbd][0xef][0xbf][0xbd][0xef][0xbf][0xbd][0xef][0xbf][0xbd]IT[0x8][0xef][0xbf][0xbd][0xef][0xbf][0xbd][0xef][0xbf][0xbd]M[0xef][0xbf][0xbd][0xef][0xbf][0xbd]1~[\r][0xef][0xbf][0xbd][0xef][0xbf][0xbd][0xef][0xbf][0xbd]=[0xef][0xbf][0xbd][0xef][0xbf][0xbd][0xef][0xbf][0xbd]1[0x1b]G,[0xef][0xbf][0xbd]/[0xef][0xbf][0xbd][0xef][0xbf][0xbd][0xef][0xbf][0xbd]n[[0xef][0xbf][0xbd][0xef][0xbf][0xbd][0xe1][0xab][0xb3][0xef][0xbf][0xbd][0xef][0xbf][0xbd]r[0xef][0xbf][0xbd][0xef][0xbf][0xbd][0xef][0xbf][0xbd]w[0xef][0xbf][0xbd]s[0xef][0xbf][0xbd]j[0xef][0xbf][0xbd][0xef][0xbf][0xbd][0xef][0xbf][0xbd][0xd2][0xb1]|_[0xef][0xbf][0xbd][0xef][0xbf][0xbd][0x1b][0xef][0xbf][0xbd][0xef][0xbf][0xbd]![0xef][0xbf][0xbd]Q[0xef][0xbf][0xbd]Dw[0xdb][0xb8]g[0xef][0xbf][0xbd][0xef][0xbf][0xbd][0xef][0xbf][0xbd][0xef][0xbf][0xbd]:2[0xef][0xbf][0xbd]Il[0xef][0xbf][0xbd][0xef][0xbf][0xbd][0xef][0xbf][0xbd][0xef][0xbf][0xbd][0x6]*[0x1d]c[0xef][0xbf][0xbd]Y[0xef][0xbf][0xbd][0xef][0xbf][0xbd][0xef][0xbf][0xbd]-[0xef][0xbf][0xbd]ir[0xef][0xbf][0xbd][0xef][0xbf][0xbd][0xef][0xbf][0xbd][0xef][0xbf][0xbd][0xef][0xbf][0xbd][0xef][0xbf][0xbd]<[0xcd][0x98][0x1e]"p[0xef][0xbf][0xbd][0xef][0xbf][0xbd][0xef][0xbf][0xbd]G[0xef][0xbf][0xbd][0xef][0xbf][0xbd][0x12][0xef][0xbf][0xbd][0xef][0xbf][0xbd]9[0x11][0xef][0xbf][0xbd]>[0xef][0xbf][0xbd][0xef][0xbf][0xbd][0x8][0xef][0xbf][0xbd][0x17][0x17]h[0xef][0xbf][0xbd][0x10][0xef][0xbf][0xbd]`[0xb][0xef][0xbf][0xbd][0xef][0xbf][0xbd][0xef][0xbf][0xbd][0xef][0xbf][0xbd][0xef][0xbf][0xbd][0xef][0xbf][0xbd][0x1c][0xef][0xbf][0xbd][0xef][0xbf][0xbd][0xef][0xbf][0xbd] [0xef][0xbf][0xbd][0xef][0xbf][0xbd][0x17][0xef][0xbf][0xbd][0xef][0xbf][0xbd][0x1a]C[0x4]<[0x19]^$[0x18]B[0x10][0xef][0xbf][0xbd]r`[0xef][0xbf][0xbd]OJ#[0xef][0xbf][0xbd]\[0xef][0xbf][0xbd]S*[0xef][0xbf][0xbd][0xef][0xbf][0xbd]T[0xef][0xbf][0xbd]=[0xef][0xbf][0xbd][0xef][0xbf][0xbd]u[0xef][0xbf][0xbd]Y[0xef][0xbf][0xbd]-[0xef][0xbf][0xbd][0xef][0xbf][0xbd][0xef][0xbf][0xbd][0x1d][0xef][0xbf][0xbd][0x18][0xef][0xbf][0xbd][0xef][0xbf][0xbd]&S[0x8][0xef][0xbf][0xbd][0xf]Tin[0xef][0xbf][0xbd][0xef][0xbf][0xbd]VN[0xef][0xbf][0xbd][0xef][0xbf][0xbd][0xef][0xbf][0xbd]#d[0xef][0xbf][0xbd]Q.4[0xef][0xbf][0xbd]7[0xef][0xbf][0xbd][0xe][0xef][0xbf][0xbd][0xef][0xbf][0xbd][0xef][0xbf][0xbd][0xef][0xbf][0xbd][0xef][0xbf][0xbd]w[0xef][0xbf][0xbd]n6[0xef][0xbf][0xbd]5[0x1e][0x7]4[0xef][0xbf][0xbd]]2[0xef][0xbf][0xbd][0xef][0xbf][0xbd][0xef][0xbf][0xbd][0x1f][0x1c]I&,[0xef][0xbf][0xbd][0x15]aZ[0xef][0xbf][0xbd]&[0x7]/#[0x3]X!4[0xef][0xbf][0xbd][0xef][0xbf][0xbd][0xef][0xbf][0xbd][0xef][0xbf][0xbd]_[0xef][0xbf][0xbd]M[0x17][0xef][0xbf][0xbd][0xef][0xbf][0xbd]d[0x17]7:[0xef][0xbf][0xbd]b[0xef][0xbf][0xbd][0xef][0xbf][0xbd]4[0x6][0xef][0xbf][0xbd]@[0xef][0xbf][0xbd][\n]"
07:56:28.895 [main] DEBUG org.apache.http.wire -  >> "[0xd6][0x95][0xef][0xbf][0xbd][0xc][0xef][0xbf][0xbd]1&[0xef][0xbf][0xbd][0x1][0xef][0xbf][0xbd]H%[0x9][0x2]N[0xc][0x1b][0xef][0xbf][0xbd][0xef][0xbf][0xbd]B[0x2][0xc5][0x80][0xef][0xbf][0xbd][0x1d]9[0xef][0xbf][0xbd]d[0xef][0xbf][0xbd]][0xef][0xbf][0xbd]nS[0xef][0xbf][0xbd]A[0xef][0xbf][0xbd]]Pv%y[0xef][0xbf][0xbd][0xc][0xc7][0xb5]p.[0xef][0xbf][0xbd][0xb][0xef][0xbf][0xbd][0x2][0xef][0xbf][0xbd][0xef][0xbf][0xbd]c[0xef][0xbf][0xbd][0xc6][0x80][0xef][0xbf][0xbd][0xef][0xbf][0xbd]=[0xef][0xbf][0xbd]k[0xef][0xbf][0xbd]1{1VZ[0x10]L[0x17]0I[0xef][0xbf][0xbd][0xef][0xbf][0xbd][0xef][0xbf][0xbd][0xef][0xbf][0xbd]6[0xef][0xbf][0xbd][0xef][0xbf][0xbd]s[\n]"
07:56:28.895 [main] DEBUG org.apache.http.wire -  >> "[0xef][0xbf][0xbd]Rx[0xef][0xbf][0xbd][0xef][0xbf][0xbd][0xc2][0x90]a[0xef][0xbf][0xbd][0xef][0xbf][0xbd]3|[0xef][0xbf][0xbd]![0xef][0xbf][0xbd][0xef][0xbf][0xbd][0xef][0xbf][0xbd][0x1b][0xef][0xbf][0xbd][0xe]e[0xef][0xbf][0xbd]fb[0xef][0xbf][0xbd][0xef][0xbf][0xbd]B#[0xef][0xbf][0xbd][0xef][0xbf][0xbd][0xef][0xbf][0xbd];[0xef][0xbf][0xbd][0xce][0xad][0x7][0xef][0xbf][0xbd][0xef][0xbf][0xbd][0xef][0xbf][0xbd]y[0xef][0xbf][0xbd][0x1a][0xef][0xbf][0xbd][0xef][0xbf][0xbd][0x0]Md[0xef][0xbf][0xbd][0xef][0xbf][0xbd]Co[0xef][0xbf][0xbd][0xef][0xbf][0xbd][0xef][0xbf][0xbd][0xef][0xbf][0xbd]q[0xef][0xbf][0xbd]B#[0xef][0xbf][0xbd]DB[0x16][0xef][0xbf][0xbd]y[0xef][0xbf][0xbd][0xef][0xbf][0xbd][0xef][0xbf][0xbd][0xef][0xbf][0xbd]`[0xef][0xbf][0xbd]T[0xef][0xbf][0xbd]~[_V{[0xef][0xbf][0xbd][0xef][0xbf][0xbd]'[0xef][0xbf][0xbd][0xe][0xef][0xbf][0xbd]5Kev[0xef][0xbf][0xbd]pD=[0xef][0xbf][0xbd][0x1c]B[0xef][0xbf][0xbd][0x19][0xef][0xbf][0xbd]4[0xef][0xbf][0xbd]"[0xef][0xbf][0xbd][0xef][0xbf][0xbd][0xef][0xbf][0xbd]>[0xef][0xbf][0xbd]_[0xef][0xbf][0xbd]fO[0x5]B[0xef][0xbf][0xbd][0xef][0xbf][0xbd][0xef][0xbf][0xbd]1[\n]"
07:56:28.895 [main] DEBUG org.apache.http.wire -  >> "[0xef][0xbf][0xbd]9[0xef][0xbf][0xbd])[0xef][0xbf][0xbd][0xef][0xbf][0xbd][0xef][0xbf][0xbd]e[0xef][0xbf][0xbd][0xef][0xbf][0xbd]t[0x8]j[0xef][0xbf][0xbd][0xef][0xbf][0xbd]c[0xef][0xbf][0xbd][0x1b][0xef][0xbf][0xbd]M^+[0xf][0xef][0xbf][0xbd]I[0xef][0xbf][0xbd][0xef][0xbf][0xbd][0xef][0xbf][0xbd]5[0xef][0xbf][0xbd][0x16][0xef][0xbf][0xbd]\ay@[0xef][0xbf][0xbd][0xef][0xbf][0xbd],%[0xef][0xbf][0xbd][0xef][0xbf][0xbd]([0xef][0xbf][0xbd][0xef][0xbf][0xbd]^[0xef][0xbf][0xbd][0xef][0xbf][0xbd]:C[0xef][0xbf][0xbd][0x18][0xef][0xbf][0xbd][0xef][0xbf][0xbd]X[0xef][0xbf][0xbd][0xef][0xbf][0xbd][0xef][0xbf][0xbd][0xef][0xbf][0xbd][0xef][0xbf][0xbd][0x2][0xef][0xbf][0xbd]BT^[0x4][0xef][0xbf][0xbd][0xef][0xbf][0xbd][0x11][0xef][0xbf][0xbd][\n]"
07:56:28.895 [main] DEBUG org.apache.http.wire -  >> "[0xef][0xbf][0xbd][0x15][0xef][0xbf][0xbd]f[0xef][0xbf][0xbd]H[0xef][0xbf][0xbd][0xef][0xbf][0xbd][0xef][0xbf][0xbd][0xef][0xbf][0xbd]l[0xef][0xbf][0xbd][0xef][0xbf][0xbd]N[0xef][0xbf][0xbd]Vi[0xef][0xbf][0xbd][0xef][0xbf][0xbd][0xef][0xbf][0xbd][0xef][0xbf][0xbd]<[0xef][0xbf][0xbd][0xef][0xbf][0xbd][0xef][0xbf][0xbd]o[0xef][0xbf][0xbd]Y[0xef][0xbf][0xbd][0xf1][0x98][0xa0][0x89][0xef][0xbf][0xbd][0x12][0xef][0xbf][0xbd],7n[0x1e]~"t[0xef][0xbf][0xbd][0xef][0xbf][0xbd];7H[0xef][0xbf][0xbd]4[[0xef][0xbf][0xbd]3[0x4][0xef][0xbf][0xbd][0xef][0xbf][0xbd][0xb]+[0xef][0xbf][0xbd][0x1d][0xef][0xbf][0xbd][0xce][0xac][0xef][0xbf][0xbd][0xef][0xbf][0xbd][0xef][0xbf][0xbd][0xef][0xbf][0xbd]1[0x16]z![0x1b][0xef][0xbf][0xbd][0xef][0xbf][0xbd][0xd8][0x90];v[0xef][0xbf][0xbd][0xef][0xbf][0xbd]O[0xef][0xbf][0xbd]%[0xef][0xbf][0xbd]h[0xef][0xbf][0xbd]B[0xef][0xbf][0xbd][0xc5][0xbd][0xef][0xbf][0xbd][0xef][0xbf][0xbd]Y[0xef][0xbf][0xbd][0x7]Mr@>[0xef][0xbf][0xbd]i[0xef][0xbf][0xbd][0x15]z[0xef][0xbf][0xbd][0x17][0xef][0xbf][0xbd]^[0xef][0xbf][0xbd]. Y[0xef][0xbf][0xbd]e[0xef][0xbf][0xbd]O[0x19][0xe],[0x2][0xef][0xbf][0xbd][0xef][0xbf][0xbd][0xef][0xbf][0xbd]F[0x11]9bm4[0x10][\n]"
07:56:28.895 [main] DEBUG org.apache.http.wire -  >> "WZ[\r]>[0xef][0xbf][0xbd]vq@[0xef][0xbf][0xbd]u[0xef][0xbf][0xbd].S[0x17][0xef][0xbf][0xbd]i[0xef][0xbf][0xbd]fQ[0xef][0xbf][0xbd]K[0x13][0x5]=[0xef][0xbf][0xbd]][0xef][0xbf][0xbd][0xef][0xbf][0xbd][\n]"
07:56:28.895 [main] DEBUG org.apache.http.wire -  >> "+[0xef][0xbf][0xbd][0xef][0xbf][0xbd][0xc4][0x92][0xef][0xbf][0xbd]@[0xef][0xbf][0xbd]n[0x1c]BN[0xef][0xbf][0xbd]HwU[0xef][0xbf][0xbd]I[0xef][0xbf][0xbd][0xef][0xbf][0xbd][0xef][0xbf][0xbd][0xd5][0x82]8[0xef][0xbf][0xbd][0xef][0xbf][0xbd][0x1d]][0xef][0xbf][0xbd][0xef][0xbf][0xbd]x{[0x12]{[0xef][0xbf][0xbd][0xd6][0x83][0x17]ou[0xef][0xbf][0xbd][0xef][0xbf][0xbd][0xef][0xbf][0xbd]c[0xef][0xbf][0xbd]&[0xef][0xbf][0xbd][0xef][0xbf][0xbd][0xef][0xbf][0xbd][0x1f]<[0xef][0xbf][0xbd]6[0xef][0xbf][0xbd][0x1a][0xef][0xbf][0xbd][0xef][0xbf][0xbd][0xef]"
07:56:28.897 [main] DEBUG org.apache.http.wire -  >> "[0xbf][0xbd][0xef][0xbf][0xbd][0xef][0xbf][0xbd]([0xef][0xbf][0xbd][0xef][0xbf][0xbd]X[0xef][0xbf][0xbd][0xc6][0x9a]m[0xef][0xbf][0xbd]`[0x8][0xef][0xbf][0xbd][0xef][0xbf][0xbd]"[0xef][0xbf][0xbd][0xef][0xbf][0xbd][0xef][0xbf][0xbd][0x13]W[0xef][0xbf][0xbd][0x1e][0xef][0xbf][0xbd][0xef][0xbf][0xbd]bn[0xc]c[0xef][0xbf][0xbd][0xef][0xbf][0xbd][0xef][0xbf][0xbd][\n]"
07:56:28.898 [main] DEBUG org.apache.http.wire -  >> "[0xef][0xbf][0xbd]<[0xef][0xbf][0xbd][0xef][0xbf][0xbd][0xe9][0xba][0x8e][0xef][0xbf][0xbd][0xe2][0xb0][0x8d][0xef][0xbf][0xbd]DF55[0xef][0xbf][0xbd]z[0xef][0xbf][0xbd]B[0xef][0xbf][0xbd][0xef][0xbf][0xbd]D[0x1c]gn[0xc6][0xb8][0xef][0xbf][0xbd][0xef][0xbf][0xbd][0xef][0xbf][0xbd]1K[0xef][0xbf][0xbd]1[0xef][0xbf][0xbd]6`[0xef][0xbf][0xbd][0x7][0xef][0xbf][0xbd]0[0xef][0xbf][0xbd][0xef][0xbf][0xbd]Xk[0xef][0xbf][0xbd][0xef][0xbf][0xbd]fG[0xef][0xbf][0xbd]M7[0x14][0x19][0xef][0xbf][0xbd][0xef][0xbf][0xbd][0xef][0xbf][0xbd][0xef][0xbf][0xbd]"f1[0xef][0xbf][0xbd][0x4][0x13]S[0xef][0xbf][0xbd][0xef][0xbf][0xbd]V[0xef][0xbf][0xbd][0xef][0xbf][0xbd].[0x15][0xef][0xbf][0xbd]![0x16][0xef][0xbf][0xbd][0xef][0xbf][0xbd]|:g[0xef][0xbf][0xbd][0xef][0xbf][0xbd][0x11][0xef][0xbf][0xbd][0xef][0xbf][0xbd][0xef][0xbf][0xbd][0xef][0xbf][0xbd][0xef][0xbf][0xbd]'B[0xc][0xef][0xbf][0xbd][0xef][0xbf][0xbd]6[0xef][0xbf][0xbd]"[0x1c]q[0xd0][0x9d][0xef][0xbf][0xbd]yH[0xc2][0x95]u~[0xef][0xbf][0xbd][0xef][0xbf][0xbd][0xd1][0x98]G[0xef][0xbf][0xbd]X[0xef][0xbf][0xbd]E[0x13][0xd9][0xa5]"[0xef][0xbf][0xbd][0xd3][0xae][0xc][0xef][0xbf][0xbd][0xef][0xbf][0xbd][0xef][0xbf][0xbd][0xef][0xbf][0xbd][0xef][0xbf][0xbd][0xef][0xbf][0xbd][0xef][0xbf][0xbd][0xef][0xbf][0xbd]\[0xef][0xbf][0xbd][0xef][0xbf][0xbd]$[0xef][0xbf][0xbd]cV[0xef][0xbf][0xbd][0xef][0xbf][0xbd]H<2hJ[0x14][0x9]'Y[0xef][0xbf][0xbd][0xef][0xbf][0xbd]0[0xef][0xbf][0xbd]o1:5[0xef][0xbf][0xbd]J3D[0xef][0xbf][0xbd][0xef][0xbf][0xbd]J[0xef][0xbf][0xbd]Y[0xef][0xbf][0xbd][0xef][0xbf][0xbd]*[0xef][0xbf][0xbd][0xef][0xbf][0xbd][0xef][0xbf][0xbd][0x2][0xef][0xbf][0xbd][0xef][0xbf][0xbd]Y[0xef][0xbf][0xbd][0xef][0xbf][0xbd]p[0xef][0xbf][0xbd][0xd0][0x9e][0xef][0xbf][0xbd][0xef][0xbf][0xbd][0xef][0xbf][0xbd]TR[0xef][0xbf][0xbd][0xef][0xbf][0xbd][0xef][0xbf][0xbd][0x17]L[0xef][0xbf][0xbd][0x3]E[0xef][0xbf][0xbd][0xef][0xbf][0xbd]k&r#1][0xef][0xbf][0xbd][0x1d]S[0xef][0xbf][0xbd]H[0x14]f[0x11]RM[0x7]g[0xef][0xbf][0xbd][0xc8][0xb3][0xef][0xbf][0xbd][0xef][0xbf][0xbd][0xef][0xbf][0xbd][0xef][0xbf][0xbd]t[0xef][0xbf][0xbd]6[0x1f][0xef][0xbf][0xbd]*[0xc7][0xa6]w [0xef][0xbf][0xbd][0xef][0xbf][0xbd][0xef][0xbf][0xbd][0x8]*[0xef][0xbf][0xbd][0xef][0xbf][0xbd]Pu<v[0xef][0xbf][0xbd]\[0xef][0xbf][0xbd][0xef][0xbf][0xbd][0x17]u[0x1]2[0xef][0xbf][0xbd][0xef][0xbf][0xbd]U[0xef][0xbf][0xbd][0xef][0xbf][0xbd]/[0xef][0xbf][0xbd]0[0xc2][0x99][0xef][0xbf][0xbd]o_n[0x12]k<[0xef][0xbf][0xbd][0xef][0xbf][0xbd][0xef][0xbf][0xbd][0xef][0xbf][0xbd][0xef][0xbf][0xbd][0xef][0xbf][0xbd]C7[0xef][0xbf][0xbd][0xef][0xbf][0xbd][0xef][0xbf][0xbd][0xef][0xbf][0xbd][0xef][0xbf][0xbd][0x4][0xef][0xbf][0xbd][0xc][0xef][0xbf][0xbd]5r[0x11][0xef][0xbf][0xbd][0xd4][0x95][0xef][0xbf][0xbd][0xef][0xbf][0xbd][0xef][0xbf][0xbd][0xef][0xbf][0xbd]][0xef][0xbf][0xbd][0xcd][0x8e].[0xef][0xbf][0xbd][0xef][0xbf][0xbd]{wq[0xef][0xbf][0xbd]S[0x19]!D[0xef][0xbf][0xbd][0xef][0xbf][0xbd][0xef][0xbf][0xbd][0xef][0xbf][0xbd][0xef][0xbf][0xbd][0xef][0xbf][0xbd][0xef][0xbf][0xbd][0xef][0xbf][0xbd][0xdc][0x92]Y*[0x0][0xef][0xbf][0xbd]?[0xef][0xbf][0xbd][0xef][0xbf][0xbd]%[0x15][0xef][0xbf][0xbd][0xef][0xbf][0xbd][0xef][0xbf][0xbd][0xc3][0x84][0xef][0xbf][0xbd]8[0xef][0xbf][0xbd][0xc7][0x91]P[0xef][0xbf][0xbd][0xef][0xbf][0xbd][0xef][0xbf][0xbd][0xe7][0x96][0x82][0xef][0xbf][0xbd][0xe6][0xbb][0x94][0xef][0xbf][0xbd][0xef][0xbf][0xbd][0xef][0xbf][0xbd]spep_[0xef][0xbf][0xbd]?[0xef][0xbf][0xbd]P|[0xd4][0x93][0xef][0xbf][0xbd][0xef][0xbf][0xbd]b[0x1f]C[0x16][0xef][0xbf][0xbd]a[0xef][0xbf][0xbd][0xc];[0xef][0xbf][0xbd][0xec][0xb1][0xa8][0xef][0xbf][0xbd][0xc9][0xab][0xef][0xbf][0xbd]![0xef][0xbf][0xbd][0xde][0xac]\[0x14]ym 5[0xef][0xbf][0xbd][0xef][0xbf][0xbd] [0xef][0xbf][0xbd][0xef][0xbf][0xbd]K[0xef][0xbf][0xbd]S[0xef][0xbf][0xbd][0xc][0xef][0xbf][0xbd][0xef][0xbf][0xbd][0xef][0xbf][0xbd]y{[0xef][0xbf][0xbd].[0xef][0xbf][0xbd]4[0xc4][0xb4][0xef][0xbf][0xbd]D[0xef][0xbf][0xbd][0x1f][0xef][0xbf][0xbd][0x16]r[0x4][0x1]y^[0xef][0xbf][0xbd]5[0x8][0xef][0xbf][0xbd][0xef][0xbf][0xbd][0xc]l[0xef][0xbf][0xbd]6Sc[0x12][0xef][0xbf][0xbd][0xef][0xbf][0xbd].[0xef][0xbf][0xbd][0xef][0xbf][0xbd][0xef][0xbf][0xbd][0xef][0xbf][0xbd][0xef][0xbf][0xbd][0xef][0xbf][0xbd]a{[0x15]X[\n]"
07:56:28.898 [main] DEBUG org.apache.http.wire -  >> "z[0xef][0xbf][0xbd]m[0xef][0xbf][0xbd]w[0x11]?[0xef][0xbf][0xbd][0xef][0xbf][0xbd][0x1f][0xef][0xbf][0xbd][0xef][0xbf][0xbd]h<[0xef][0xbf][0xbd]hEvIX[0xef][0xbf][0xbd][0xef][0xbf][0xbd][0x16][0x16]>3[\r][0x15]!7[0x2]_[0xef][0xbf][0xbd][0xef][0xbf][0xbd][0x1a])&[0xef][0xbf][0xbd]{[0xef][0xbf][0xbd]$[0xd7][0x95][0xef][0xbf][0xbd][0xef][0xbf][0xbd]4[0xef][0xbf][0xbd]V[0xef][0xbf][0xbd]LJ[0xef][0xbf][0xbd][0xef][0xbf][0xbd][0xef][0xbf][0xbd]\4y[0xef][0xbf][0xbd][0xf][0xef][0xbf][0xbd][0xef][0xbf][0xbd][0x1a][0x2][0xef][0xbf][0xbd]4[0xef][0xbf][0xbd]k9[0xef][0xbf][0xbd][0x5][0xef][0xbf][0xbd][0xef][0xbf][0xbd]@[0xef][0xbf][0xbd]Z[0xef][0xbf][0xbd]MY[0xef][0xbf][0xbd]s[0xef][0xbf][0xbd]"9[0xef][0xbf][0xbd]+1[0xef][0xbf][0xbd][0xef][0xbf][0xbd][0x19]4?H[0xef][0xbf][0xbd](5(Cz[0xc][0x17][0xef][0xbf][0xbd]Oa2F[0xef][0xbf][0xbd]r[0xef][0xbf][0xbd]<[0xef][0xbf][0xbd][0xef][0xbf][0xbd]%[0xef][0xbf][0xbd][0xef][0xbf][0xbd][0xd1][0xae][0xef][0xbf][0xbd][0xef][0xbf][0xbd]f0[0x2][0xef][0xbf][0xbd]O[0xef][0xbf][0xbd][0x1d][0x1c][0xef][0xbf][0xbd][0xef][0xbf][0xbd]Mh[0xef][0xbf][0xbd]J[0xef][0xbf][0xbd][0xef][0xbf][0xbd]$[0xef][0xbf][0xbd][0xef][0xbf][0xbd]@8O[0xef][0xbf][0xbd][0xb][0xef][0xbf][0xbd]^[0xef][0xbf][0xbd][0xef][0xbf][0xbd][0xef][0xbf][0xbd][0xef][0xbf][0xbd][0xef][0xbf][0xbd]E[0xef][0xbf][0xbd][0xef][0xbf][0xbd][0xef][0xbf][0xbd]QR[0xef][0xbf][0xbd][0xca][0x93][0xef][0xbf][0xbd]9[0xef][0xbf][0xbd][0xef][0xbf][0xbd][0xef][0xbf][0xbd]]V.[0xef][0xbf][0xbd]6[0xef][0xbf][0xbd][0xb]G[0xc8][0x94][0xd7][0x99][0xef][0xbf][0xbd][0xef][0xbf][0xbd][0xef][0xbf][0xbd][0xeb][0xbb][0x97][0xef][0xbf][0xbd][0xef][0xbf][0xbd][0x1a][0xef][0xbf][0xbd][0x1]Md[0xef][0xbf][0xbd][0x4][0xef][0xbf][0xbd][0x1b][0xef][0xbf][0xbd]Y1[0xef][0xbf][0xbd]a=fHK[0xef][0xbf][0xbd]Je[0x14]/WfJ[0x11][0xef][0xbf][0xbd][0xef][0xbf][0xbd][0xef][0xbf][0xbd]\ [0xef][0xbf][0xbd]B[0xef][0xbf][0xbd][0xef][0xbf][0xbd][[0xc9][0x9c][0xb]%;i[0x8][0xef][0xbf][0xbd]![0xef][0xbf][0xbd][0xef][0xbf][0xbd]hU[0xc5][0x90][0x18]| 5.[0xef][0xbf][0xbd]R[0xef][0xbf][0xbd][0xef][0xbf][0xbd][0x9][0xef][0xbf][0xbd][0xef][0xbf][0xbd][0xef][0xbf][0xbd][0xda][0x97][0xef][0xbf][0xbd]i[0x1d]a7H5[0xef][0xbf][0xbd][0x9]#[0xef][0xbf][0xbd][0xef][0xbf][0xbd][0xef][0xbf][0xbd][0xef][0xbf][0xbd][0xd4][0x8a][0xcd][0xb9]#[0xef][0xbf][0xbd]w[0xef][0xbf][0xbd]f[0xef][0xbf][0xbd][0x1b][0xef][0xbf][0xbd][0x3][0x11][0xea][0x92][0xbc][0xc3][0xa9][0xef][0xbf][0xbd][0xef][0xbf][0xbd]"[0xc4][0xa5]JR[0xef][0xbf][0xbd][0xef][0xbf][0xbd].F[0xef][0xbf][0xbd]o[0x9][0xef][0xbf][0xbd][0xef][0xbf][0xbd][0x1c]FO1[0xef][0xbf][0xbd][0xef][0xbf][0xbd]r[0xef][0xbf][0xbd][0xc2][0x9c][\r]{[0xef][0xbf][0xbd][0xef][0xbf][0xbd]H[0xef][0xbf][0xbd][0xc][0xef][0xbf][0xbd]Y[0xef][0xbf][0xbd][0xef][0xbf][0xbd][0xef][0xbf][0xbd]`[0xef][0xbf][0xbd]70<a[\r][0xef][0xbf][0xbd][0x16])[0xef][0xbf][0xbd]D[0xef][0xbf][0xbd])[0xef][0xbf][0xbd][0xef][0xbf][0xbd][0xef][0xbf][0xbd]][0xef][0xbf][0xbd]Q[0xce][0xaf]~e[0x11][0xef][0xbf][0xbd][0xef][0xbf][0xbd][0xef][0xbf][0xbd][0xef][0xbf][0xbd]~[0xef][0xbf][0xbd]5[0x1a][0xef][0xbf][0xbd][0x0]Md[0xef][0xbf][0xbd][0xef][0xbf][0xbd][0xef][0xbf][0xbd][0xef][0xbf][0xbd][0xef][0xbf][0xbd][0xef][0xbf][0xbd]G[0xef][0xbf][0xbd][0xef][0xbf][0xbd][0xef][0xbf][0xbd]s[0xef][0xbf][0xbd][0xef][0xbf][0xbd]Xl[0xef][0xbf][0xbd][0xef][0xbf][0xbd]p[0xef][0xbf][0xbd][0x8][0xef][0xbf][0xbd][0xef][0xbf][0xbd][0xef][0xbf][0xbd][0x1d][0x14]T[0xef][0xbf][0xbd]KHn[0xef][0xbf][0xbd][0xef][0xbf][0xbd]8[0xef][0xbf][0xbd][0xef][0xbf][0xbd]][0xef][0xbf][0xbd][0x12][0x8]-[0xef][0xbf][0xbd][0xef][0xbf][0xbd]][0xef][0xbf][0xbd][0xef][0xbf][0xbd]wa[0xef][0xbf][0xbd][0xef][0xbf][0xbd]L[0xef][0xbf][0xbd]H[0xef][0xbf][0xbd][0xef][0xbf][0xbd]N[0xc3][0xb6][0xef][0xbf][0xbd]][0xef][0xbf][0xbd][0xef][0xbf][0xbd]r[0xef][0xbf][0xbd].y.[0xc3][0x80][0x19][0xef][0xbf][0xbd]2[0xef][0xbf][0xbd][0xef][0xbf][0xbd]Cj[0xef][0xbf][0xbd][0xef][0xbf][0xbd][0xef][0xbf][0xbd]s>AU[0x15]U(n[0xef][0xbf][0xbd][0xef][0xbf][0xbd][0xef][0xbf][0xbd][0xef][0xbf][0xbd][0xef][0xbf][0xbd]Tk[0xef][0xbf][0xbd][0x1]p[0xef][0xbf][0xbd](s[0xc7][0x98]k[0xef][0xbf][0xbd][0xef][0xbf][0xbd][0xef][0xbf][0xbd]b[0xef][0xbf][0xbd][0x1e]y[0xef][0xbf][0xbd]\[0xef][0xbf][0xbd]7[0xef][0xbf][0xbd][0xef][0xbf][0xbd][0xef][0xbf][0xbd]2[0xef][0xbf][0xbd]1<[0xd5][0x8f]M[0x1d]A[0xef][0xbf][0xbd][0xef][0xbf][0xbd])[0xef][0xbf][0xbd]'k[0xce][0xa8]i[0xef][0xbf][0xbd]n[\r]3[0xef][0xbf][0xbd][0xef][0xbf][0xbd]"[0xef][0xbf][0xbd][0xd8][0x9c]![0xc3][0x9c]`[0xef][0xbf][0xbd][0xef][0xbf][0xbd][0xef][0xbf][0xbd]z [0xef][0xbf][0xbd][0xc8][0xaa][0xef][0xbf][0xbd][0xef][0xbf][0xbd][0xef][0xbf][0xbd]t[0xef][0xbf][0xbd][0xef][0xbf][0xbd][0xef][0xbf][0xbd]YI[0xef][0xbf][0xbd][0xef][0xbf][0xbd]h[0x12]k\[0x1f]4[0xef][0xbf][0xbd]][0x2][0xef][0xbf][0xbd][0xef][0xbf][0xbd][0xef][0xbf][0xbd]Q;V![0xef][0xbf][0xbd][0xef][0xbf][0xbd][0xef][0xbf][0xbd]Z.[0xef][0xbf][0xbd][0xef][0xbf][0xbd][0xc][0xef][0xbf][0xbd]![0xef][0xbf][0xbd]4V$i[0xef][0xbf][0xbd][0xef][0xbf][0xbd]jD[0xef][0xbf][0xbd]'[0xef][0xbf][0xbd]a[0xef][0xbf][0xbd][0xef][0xbf][0xbd][0xef][0xbf][0xbd]KRm[0xef][0xbf][0xbd][0x18][0x5][0xef][0xbf][0xbd][0x14][0xd1][0xa6]-=[0x16]^[0xef][0xbf][0xbd]C[0xef][0xbf][0xbd][0x9]2[0x1e]Hts[0x1a]u[0x0]~[0xef][0xbf][0xbd][0xef][0xbf][0xbd]dY[0xef][0xbf][0xbd]I[0xef][0xbf][0xbd]a[0x1b][0xef][0xbf][0xbd][0xef][0xbf][0xbd][0x1c][0xef][0xbf][0xbd][0xef][0xbf][0xbd][0x13]S[0xef][0xbf][0xbd]w[0x9]q[0x6]>[0xef][0xbf][0xbd][0xe][0xef][0xbf][0xbd][0x10][0xef][0xbf][0xbd]9[0xef][0xbf][0xbd]P{[0xef][0xbf][0xbd]8f.[0xef][0xbf][0xbd]i[0xef][0xbf][0xbd][0xef][0xbf][0xbd][0xef][0xbf][0xbd]C[\r],^[0xef][0xbf][0xbd][0xef][0xbf][0xbd].q@~W[\n]"
07:56:28.910 [main] DEBUG org.apache.http.wire -  >> "k[\n]"
07:56:28.910 [main] DEBUG org.apache.http.wire -  >> "y[0xef][0xbf][0xbd]\[0xef][0xbf][0xbd]|[0xef][0xbf][0xbd]8[0xef][0xbf][0xbd][0xef][0xbf][0xbd]E[0x5][0xef][0xbf][0xbd]2u[0xef][0xbf][0xbd][0x1c]a[0xef][0xbf][0xbd]_[0xef][0xbf][0xbd]*6[0xef][0xbf][0xbd]Y[0xef][0xbf][0xbd]:[0xef][0xbf][0xbd]k[0x13][0xef][0xbf][0xbd][0xef][0xbf][0xbd][0xef][0xbf][0xbd][0xf]h[0xc2][0xa6][0xef][0xbf][0xbd][0x15][0xef][0xbf][0xbd][0xef][0xbf][0xbd][0xef][0xbf][0xbd][0xef][0xbf][0xbd][0xef][0xbf][0xbd]{_k[0x12]k\34[0xef][0xbf][0xbd]][0x2]v[0xef][0xbf][0xbd][0xef][0xbf][0xbd]4[0xef][0xbf][0xbd][0xef][0xbf][0xbd]s[0xef][0xbf][0xbd][0x1][0xef][0xbf][0xbd].[0xef][0xbf][0xbd][0x0][0x14]-[0xef][0xbf][0xbd]k[0x1f]#FE2[0xef][0xbf][0xbd]q[0xef][0xbf][0xbd][0xef][0xbf][0xbd]j [0xef][0xbf][0xbd]M[0xe]ZI[0xef][0xbf][0xbd][0xef][0xbf][0xbd]y#[0xef][0xbf][0xbd]pT[0xef][0xbf][0xbd][0xef][0xbf][0xbd]:[0xef][0xbf][0xbd]h[0xef][0xbf][0xbd][0xef][0xbf][0xbd][0xef][0xbf][0xbd]Q[0xef][0xbf][0xbd][0x1c]I[0xef][0xbf][0xbd][0xef][0xbf][0xbd][0x10]5[0xef][0xbf][0xbd]N[0xdf][0xa8][0xef][0xbf][0xbd][0xef][0xbf][0xbd][0xef][0xbf][0xbd]v[0xef][0xbf][0xbd][0xef][0xbf][0xbd]D[0xef][0xbf][0xbd]-[0xef][0xbf][0xbd][0xef][0xbf][0xbd][0xef][0xbf][0xbd]s[0x1d]~[0xef][0xbf][0xbd][0x6]tJ$[0xef][0xbf][0xbd][0xef][0xbf][0xbd]|RS![0xef][0xbf][0xbd]FU[0x1a]P[0xef][0xbf][0xbd][0xef][0xbf][0xbd]v}*Y3[0xef][0xbf][0xbd][0xd7][0x8d][0xef][0xbf][0xbd]"[0xef][0xbf][0xbd]Q[0xef][0xbf][0xbd][0xe4][0xb9][0x8d][0xef][0xbf][0xbd][0x1d][0xe5][0xa1][0x8a][0xdc][0xb8][0xef][0xbf][0xbd][0xef][0xbf][0xbd][0xd3][0xa1]4[0x3]t[0x1f][0xef][0xbf][0xbd][0xef][0xbf][0xbd][0xef][0xbf][0xbd][0xef][0xbf][0xbd]gx[0xd4][0xb6]<[0xef][0xbf][0xbd]c[0xd3][0x9e][0x18][0xef][0xbf][0xbd][0x9]9[\r]3[0xef][0xbf][0xbd][0xef][0xbf][0xbd]nw[0xef][0xbf][0xbd][0xef][0xbf][0xbd]q[0xef][0xbf][0xbd]r[0xef][0xbf][0xbd][0xef][0xbf][0xbd][0xef][0xbf][0xbd][0xef][0xbf][0xbd][0x1a][0xef][0xbf][0xbd][0x11]Md[0xef][0xbf][0xbd][0xef][0xbf][0xbd][0xef][0xbf][0xbd][0xef][0xbf][0xbd][0xef][0xbf][0xbd][0x1c][0xef][0xbf][0xbd]Ya[0x12]^[0x1c][0x1f][0xef][0xbf][0xbd][0xc][0x11][0xef][0xbf][0xbd][0xc][0x1f][0xef][0xbf][0xbd][0xef][0xbf][0xbd][0xef][0xbf][0xbd]c.[0xef][0xbf][0xbd][0xef][0xbf][0xbd][0xef][0xbf][0xbd][0xef][0xbf][0xbd]]j]Bg[0x16]\P[0xf][0xef][0xbf][0xbd][0xef][0xbf][0xbd]4[0xef][0xbf][0xbd]VN[0xef][0xbf][0xbd][0x19][0xef][0xbf][0xbd][0xd3][0xa6][0xef][0xbf][0xbd][0xef][0xbf][0xbd][0xef][0xbf][0xbd][0x12][0xef][0xbf][0xbd][0xef][0xbf][0xbd][[0xef][0xbf][0xbd]#:[0xef][0xbf][0xbd]t>TV.[0xef][0xbf][0xbd][\r]O[0xef][0xbf][0xbd]s?R[0xef][0xbf][0xbd][0xef][0xbf][0xbd][0xdb][0x94]rcpj.[0xef][0xbf][0xbd]q[0xef][0xbf][0xbd]n[0x17][0xef][0xbf][0xbd][0x1f][0xef][0xbf][0xbd][0xef][0xbf][0xbd]1[0xef][0xbf][0xbd][0xef][0xbf][0xbd]1[0xef][0xbf][0xbd][0x8][0xef][0xbf][0xbd][0xdf][0xb9][0xf][0x9]O[0xef][0xbf][0xbd][0xef][0xbf][0xbd][0xef][0xbf][0xbd][0xef][0xbf][0xbd][0xef][0xbf][0xbd][0x3][0xef][0xbf][0xbd][0xcc][0x8a][0xef][0xbf][0xbd][0xef][0xbf][0xbd]C[0xef][0xbf][0xbd][0xef][0xbf][0xbd]|[0xef][0xbf][0xbd]BVH[0xef][0xbf][0xbd]c[0x13][0xef][0xbf][0xbd]5h?[0xef][0xbf][0xbd]~"%[0xef][0xbf][0xbd]P[0x11]S[0xef][0xbf][0xbd][0xef][0xbf][0xbd]:[0xef][0xbf][0xbd][0xef][0xbf][0xbd][0xef][0xbf][0xbd]Y[0xef][0xbf][0xbd][0x13][0x1b][0xef][0xbf][0xbd][0x16]Md[0xef][0xbf][0xbd][0x1]?[0xef][0xbf][0xbd][0x16]K[0xef][0xbf][0xbd][0xef][0xbf][0xbd][0xc9][0x9d][0xef][0xbf][0xbd]kHj[0xef][0xbf][0xbd]([0xef][0xbf][0xbd][0xef][0xbf][0xbd][0xef][0xbf][0xbd][\r][0xc][0xef][0xbf][0xbd]>[0xef][0xbf][0xbd]ilt+$[0xef][0xbf][0xbd][0xef][0xbf][0xbd]2[0xef][0xbf][0xbd][0x5][0xef][0xbf][0xbd][0xef][0xbf][0xbd]v[0xef][0xbf][0xbd][0xef][0xbf][0xbd][0xef][0xbf][0xbd][0x1a][0xef][0xbf][0xbd]i[0xef][0xbf][0xbd]l[0xef][0xbf][0xbd]M[0xef][0xbf][0xbd]![0xef][0xbf][0xbd][0xef][0xbf][0xbd][0xef][0xbf][0xbd]=[0xef][0xbf][0xbd]2f6[0xef][0xbf][0xbd][0x19][0xef][0xbf][0xbd][0xef][0xbf][0xbd]v[0xe4][0xae][0x86][0xef][0xbf][0xbd]c[0xef][0xbf][0xbd][0xb]s[0xef][0xbf][0xbd]*[0x17]u[0xef][0xbf][0xbd][0xef][0xbf][0xbd][0xef][0xbf][0xbd]([0xef][0xbf][0xbd][0x13][0xef][0xbf][0xbd]s,*[0xef][0xbf][0xbd][0xcf][0xab][0xef][0xbf][0xbd][0xef][0xbf][0xbd][0xef][0xbf][0xbd][0x10]8/!y[0xef][0xbf][0xbd][0xef][0xbf][0xbd]L\[0xef][0xbf][0xbd][0xef][0xbf][0xbd][0xef][0xbf][0xbd][0xef][0xbf][0xbd]L[0xef][0xbf][0xbd]y[0xef][0xbf][0xbd][0x18][0xef][0xbf][0xbd]r[0xef][0xbf][0xbd][0xef][0xbf][0xbd][0xef][0xbf][0xbd][0xef][0xbf][0xbd][0xef][0xbf][0xbd]>[0xef][0xbf][0xbd]/[0x11][0xef][0xbf][0xbd][0xef][0xbf][0xbd]@[0xef][0xbf][0xbd][0xd3][0x8f]n[0xf][0xef][0xbf][0xbd][0xef][0xbf][0xbd][0xef][0xbf][0xbd][0x1d];[0xef][0xbf][0xbd]F&[0xc7][0x9c]{3[0xef][0xbf][0xbd][0xef][0xbf][0xbd][0xef][0xbf][0xbd][0xef][0xbf][0xbd]Pt[0xef][0xbf][0xbd][0xef][0xbf][0xbd][0xc8][0xa5][0xef][0xbf][0xbd][0xef][0xbf][0xbd]<[\n]"
07:56:28.910 [main] DEBUG org.apache.http.wire -  >> "[0x3][0xf]r[0xef][0xbf][0xbd]pb[0xef][0xbf][0xbd]Z[0xef][0xbf][0xbd][0xef][0xbf][0xbd][0xef][0xbf][0xbd][0xef][0xbf][0xbd][0xef][0xbf][0xbd][0xf]?[0xef][0xbf][0xbd][0xef][0xbf][0xbd][0xef][0xbf][0xbd][0xef][0xbf][0xbd][0xef][0xbf][0xbd][0xef][0xbf][0xbd]G[0xef][0xbf][0xbd][0xc4][0xa4]kv[0xef][0xbf][0xbd][0xef][0xbf][0xbd][0xef][0xbf][0xbd][0xef][0xbf][0xbd][0xef][0xbf][0xbd][0xef][0xbf][0xbd]W[0x17]dG[0xef][0xbf][0xbd][0xc2][0x80]ftA2[0xef][0xbf][0xbd][0x4][0xef][0xbf][0xbd][0xef][0xbf][0xbd]"W[0xef][0xbf][0xbd]S[0x1d]L[0xef][0xbf][0xbd]1[0xef][0xbf][0xbd]{.C[0xef][0xbf][0xbd][0xef][0xbf][0xbd][0xef][0xbf][0xbd]J[0xef][0xbf][0xbd][0x8]EVf[0xef][0xbf][0xbd][0xef][0xbf][0xbd][0xef][0xbf][0xbd]cz:V[0xef][0xbf][0xbd][0xef][0xbf][0xbd][0x1b][0xef][0xbf][0xbd]G[0xef][0xbf][0xbd][0x8]MS[0xef][0xbf][0xbd][0xef][0xbf][0xbd][0xef][0xbf][0xbd][0xe4][0x91][0xa0][0xef][0xbf][0xbd][0xef][0xbf][0xbd][0xef][0xbf][0xbd][0xc8][0xab][0x1b][0xef][0xbf][0xbd][0x19]9N[0x14][0xef][0xbf][0xbd]A[0xef][0xbf][0xbd][0xef][0xbf][0xbd][0xef][0xad][0xb9]C[0xef][0xbf][0xbd].[0xef][0xbf][0xbd][0xca][0x8e]4[0xef][0xbf][0xbd]6[0x11][0xf]H[0xc2][0xa1][0x1a]Y[0xef][0xbf][0xbd][0xef][0xbf][0xbd][0xef][0xbf][0xbd]/[0xef][0xbf][0xbd]:[0x11][0xef][0xbf][0xbd][0xef][0xbf][0xbd][0xef][0xbf][0xbd]bKR[0xef][0xbf][0xbd][0xef][0xbf][0xbd][0xef][0xbf][0xbd][0xef][0xbf][0xbd][0xef][0xbf][0xbd]Y[0xef][0xbf][0xbd][0xef][0xbf][0xbd]'[0xef][0xbf][0xbd]we[0xef][0xbf][0xbd]9[0xef][0xbf][0xbd][0x16]5[0xef][0xbf][0xbd][0xef][0xbf][0xbd]TP[0xef][0xbf][0xbd]w[0xef][0xbf][0xbd][0xef][0xbf][0xbd]g[0xef][0xbf][0xbd][0xef][0xbf][0xbd][0xef][0xbf][0xbd]o5[0xef][0xbf][0xbd]5[0xef][0xbf][0xbd]5[0xef][0xbf][0xbd][0xef][0xbf][0xbd]N[0xef][0xbf][0xbd][0xef][0xbf][0xbd][0xef][0xbf][0xbd][0xef][0xbf][0xbd]q[0xc8][0xb0][0xef][0xbf][0xbd]=[0xef][0xbf][0xbd][0xef][0xbf][0xbd][0x11][0xef][0xbf][0xbd]J[0xef][0xbf][0xbd][0x4][0xef][0xbf][0xbd][0xef][0xbf][0xbd][0xef][0xbf][0xbd]q[0xef][0xbf][0xbd]}[0xef][0xbf][0xbd][0xef][0xbf][0xbd]\[0xdd][0x8c]!V[0xef][0xbf][0xbd][0x1a]i[0xef][0xbf][0xbd][0xef][0xbf][0xbd][0xef][0xbf][0xbd][0xef][0xbf][0xbd]\[0xef][0xbf][0xbd][0xef][0xbf][0xbd][0x1a][0x8][0xef][0xbf][0xbd]*[0xef][0xbf][0xbd]u[0xef][0xbf][0xbd]5$8[0xef][0xbf][0xbd][0xef][0xbf][0xbd]\[0xef][0xbf][0xbd]DR[0xdb][0xa8][0x15][0x10][0xef][0xbf][0xbd]O[0xef][0xbf][0xbd][0xef][0xbf][0xbd][0xef][0xbf][0xbd][0x1d][0xef][0xbf][0xbd]u[0xef][0xbf][0xbd]0G[0x18]\ ;[0xef][0xbf][0xbd]sR}[0xef][0xbf][0xbd]B[0xef][0xbf][0xbd]9[0xef][0xbf][0xbd][0xc9][0xa4][0xef][0xbf][0xbd]s[0xef][0xbf][0xbd][0xb][0xef][0xbf][0xbd]1x[0xef][0xbf][0xbd]m[\n]"
07:56:28.910 [main] DEBUG org.apache.http.wire -  >> "[0xef][0xbf][0xbd]K[0x9]2[0xef][0xbf][0xbd][0xef][0xbf][0xbd][0xef][0xbf][0xbd]%[0xef][0xbf][0xbd]9E[0xef][0xbf][0xbd][0xef][0xbf][0xbd][0xef][0xbf][0xbd]EM[0x1f]~,[0xef][0xbf][0xbd]:[0xef][0xbf][0xbd][0xef][0xbf][0xbd]'[0xef][0xbf][0xbd]M[0xef][0xbf][0xbd]p[0xef][0xbf][0xbd]3[0x4]+[0xef][0xbf][0xbd][0xef][0xbf][0xbd][0xef][0xbf][0xbd][0xef][0xbf][0xbd]l[0xef][0xbf][0xbd]4[0xef][0xbf][0xbd][0xef][0xbf][0xbd][0xef][0xbf][0xbd][0xef][0xbf][0xbd][0xef][0xbf][0xbd][0xef][0xbf][0xbd]+[0xef][0xbf][0xbd][0xef][0xbf][0xbd][0x7][0xef][0xbf][0xbd][0xef][0xbf][0xbd][0xef][0xbf][0xbd]?[0xef][0xbf][0xbd][0xdd][0x9f][0xef][0xbf][0xbd]F[0xe3][0x9a][0xa3][0xef][0xbf][0xbd][0xef][0xbf][0xbd][0xef][0xbf][0xbd][0xef][0xbf][0xbd]y[0xdc][0x8c][0xef][0xbf][0xbd]g[0xef][0xbf][0xbd][0xef][0xbf][0xbd]8[0xef][0xbf][0xbd][0xef][0xbf][0xbd][0xef][0xbf][0xbd]|[0xef][0xbf][0xbd][0xef][0xbf][0xbd]][0xef][0xbf][0xbd],[0xef][0xbf][0xbd]j[0xef][0xbf][0xbd]![0xef][0xbf][0xbd][0xef][0xbf][0xbd]o[0xef][0xbf][0xbd]Q[0xef][0xbf][0xbd][0xef][0xbf][0xbd][0x1e][0x1c]ufSZ[0x6][0xef][0xbf][0xbd]P[0xef][0xbf][0xbd][0xef][0xbf][0xbd]B{<[0xc]g[0xef][0xbf][0xbd]mG[0xef][0xbf][0xbd][0xef][0xbf][0xbd]4[0xef][0xbf][0xbd][0xef][0xbf][0xbd]OQ[0xef][0xbf][0xbd]0[0xef][0xbf][0xbd]I[0xef][0xbf][0xbd][0xcf][0xa8][0xef][0xbf][0xbd]@,[0xef][0xbf][0xbd][0xef][0xbf][0xbd]w[0xef][0xbf][0xbd][0xef][0xbf][0xbd]Y[0xef][0xbf][0xbd][0xef][0xbf][0xbd][\n]"
07:56:28.910 [main] DEBUG org.apache.http.wire -  >> "[0xef][0xbf][0xbd][0xef][0xbf][0xbd][0xef][0xbf][0xbd][0xef][0xbf][0xbd]8[0x7]+B$[0x1][0xef][0xbf][0xbd][0xef][0xbf][0xbd]/[0x8][0x19]N[0xc2][0x8c]b-[0xef][0xbf][0xbd][0x19][0xef][0xbf][0xbd][0xef][0xbf][0xbd][0x1a][0xef][0xbf][0xbd]Z[0xef][0xbf][0xbd][0xef][0xbf][0xbd][0xef][0xbf][0xbd][0xef][0xbf][0xbd][0xef][0xbf][0xbd][0xef][0xbf][0xbd][0xef][0xbf][0xbd]9[0xef][0xbf][0xbd]mB[0xef][0xbf][0xbd]6[0x1b]R[0xef][0xbf][0xbd][0x1c]:E[0xef][0xbf][0xbd][0xef][0xbf][0xbd][0x1c][0x18]o;[0xef][0xbf][0xbd][0xef][0xbf][0xbd]I[0xef][0xbf][0xbd][0xef][0xbf][0xbd][0x1f][0x1f][0xef][0xbf][0xbd][0xef][0xbf][0xbd]J[0xef][0xbf][0xbd][0xf1][0xa4][0xa0][0x89][0xef][0xbf][0xbd][0xef][0xbf][0xbd][0xd8][0xaf]Y[0xdf][0xae]Ky*[\n]"
07:56:28.911 [main] DEBUG org.apache.http.wire -  >> "[0xef][0xbf][0xbd]B\k$[0xef][0xbf][0xbd]r[0xef][0xbf][0xbd][0xe]|][0xef][0xbf][0xbd])h[0xef][0xbf][0xbd][0x18]o[0xef][0xbf][0xbd][0xef][0xbf][0xbd]u[0xef][0xbf][0xbd][0xef][0xbf][0xbd][0xef][0xbf][0xbd],fJ[0xef][0xbf][0xbd]u[\r][0xef][0xbf][0xbd]M[0xef][0xbf][0xbd]/[0xef][0xbf][0xbd][0xef][0xbf][0xbd]2[0xc6][0xb8]"[0xef][0xbf][0xbd][0xef][0xbf][0xbd]0.[0xef][0xbf][0xbd]2[0xef][0xbf][0xbd][0xef][0xbf][0xbd][0x1b]r[0xef][0xbf][0xbd][0xef][0xbf][0xbd][0xf][0xef][0xbf][0xbd][0xef][0xbf][0xbd]H[0xef][0xbf][0xbd][0xef][0xbf][0xbd][0xef][0xbf][0xbd][0xef][0xbf][0xbd][0x1]/Ha[0xef][0xbf][0xbd][0xc][0xef][0xbf][0xbd][0xef][0xbf][0xbd]%[0xef]"
07:56:28.911 [main] DEBUG org.apache.http.wire -  >> "[0xbf][0xbd][0xef][0xbf][0xbd]<3[0xef][0xbf][0xbd][0xef][0xbf][0xbd]3[0x7][0xef][0xbf][0xbd][0xef][0xbf][0xbd][0xd8][0x95]#ch2[0xef][0xbf][0xbd]j[0xef][0xbf][0xbd][0xef][0xbf][0xbd]5[0xef][0xbf][0xbd]\S[0xef][0xbf][0xbd][0xef][0xbf][0xbd]Q[0xc7][0x96]r[0xef][0xbf][0xbd]a[0xef][0xbf][0xbd][0xef][0xbf][0xbd][0xef][0xbf][0xbd][0xef][0xbf][0xbd][0x14][0xef][0xbf][0xbd][0x1e]][0xef][0xbf][0xbd]{![0xef][0xbf][0xbd]$m[0xef][0xbf][0xbd][0xef][0xbf][0xbd][0xef][0xbf][0xbd][0xef][0xbf][0xbd][0xcb][0x97]2[0xef][0xbf][0xbd][0xef][0xbf][0xbd][0xef][0xbf][0xbd][0xd7][0xb9]V[0xef][0xbf][0xbd][0xef][0xbf][0xbd][0x17][0xef][0xbf][0xbd][0xef][0xbf][0xbd][0xef][0xbf][0xbd][0xef][0xbf][0xbd][0xef][0xbf][0xbd][0xef][0xbf][0xbd]5[0x1a]O[0x8][0xef][0xbf][0xbd][0xef][0xbf][0xbd]N[0xef][0xbf][0xbd]C![0xef][0xbf][0xbd]~[0xef][0xbf][0xbd]y[0xef][0xbf][0xbd][0xef][0xbf][0xbd][0xef][0xbf][0xbd][0xef][0xbf][0xbd]`[0xef][0xbf][0xbd]Aap[0x1][0xef][0xbf][0xbd]m[0xef][0xbf][0xbd][0x15]Z[0x15]i[0xcc][0x8c]$"[0xef][0xbf][0xbd][0xef][0xbf][0xbd][0xef][0xbf][0xbd][0x6][0x15]#3[0x1a]%[0x12]4I[0xef][0xbf][0xbd]Z[0xef][0xbf][0xbd]K[0xef][0xbf][0xbd][0xef][0xbf][0xbd][0x11]g[0xef][0xbf][0xbd][0x1][0xef][0xbf][0xbd]r[0xef][0xbf][0xbd]rBS>J[0xef][0xbf][0xbd]oZ[0xef][0xbf][0xbd][0xef][0xbf][0xbd][0x4]m[0xef][0xbf][0xbd]'][0xef][0xbf][0xbd][0xef][0xbf][0xbd][0x1a][0xef][0xbf][0xbd][0xef][0xbf][0xbd]%A[0xef][0xbf][0xbd][0xef][0xbf][0xbd][0xc4][0x8b][0xef][0xbf][0xbd]to[0xef][0xbf][0xbd][0xef][0xbf][0xbd][0xef][0xbf][0xbd][0xef][0xbf][0xbd][0xef][0xbf][0xbd]V[0xef][0xbf][0xbd][0x18][0xe]e[0xef][0xbf][0xbd][0xef][0xbf][0xbd]9[0xef][0xbf][0xbd][0xef][0xbf][0xbd][0xef][0xbf][0xbd]/2[0xef][0xbf][0xbd][0xef][0xbf][0xbd][0xeb][0x91][0x8a]\[0x1c][0xef][0xbf][0xbd])s[0xef][0xbf][0xbd]Q[0xef][0xbf][0xbd][0xef][0xbf][0xbd][0xef][0xbf][0xbd][0xef][0xbf][0xbd][0xef][0xbf][0xbd][0xef][0xbf][0xbd][0x13][0xef][0xbf][0xbd]w[0xd1][0x93]g[0xef][0xbf][0xbd][0xef][0xbf][0xbd]R[0xef][0xbf][0xbd]9~[0xef][0xbf][0xbd][0x19]0[0x15][0xef][0xbf][0xbd][0xef][0xbf][0xbd][0xdf][0xaf][0xef][0xbf][0xbd]eV[0xef][0xbf][0xbd][0xef][0xbf][0xbd]2k[0xef][0xbf][0xbd][0xef][0xbf][0xbd][0xef][0xbf][0xbd][0xef][0xbf][0xbd]$[0xef][0xbf][0xbd][\r][0xef][0xbf][0xbd][0x1b]O[0x12][0xef][0xbf][0xbd][0xef][0xbf][0xbd]N[0xef][0xbf][0xbd][0xef][0xbf][0xbd]o[0xef][0xbf][0xbd][0xef][0xbf][0xbd][0xef][0xbf][0xbd][0xef][0xbf][0xbd][0xef][0xbf][0xbd]#6[0xef][0xbf][0xbd][0xef][0xbf][0xbd][0xef][0xbf][0xbd][0xc6][0x85][0xef][0xbf][0xbd]$[0x5][0xd3][0x9a][0xef][0xbf][0xbd][0xef][0xbf][0xbd]$:U.[0xef][0xbf][0xbd][0xef][0xbf][0xbd]![0xef][0xbf][0xbd]g[0xef][0xbf][0xbd][0xef][0xbf][0xbd][0xef][0xbf][0xbd] [0x1c][0xef][0xbf][0xbd][0x1d][0xef][0xbf][0xbd][0xc][0xe][0xef][0xbf][0xbd]|[0x1d][0xef][0xbf][0xbd][0xc8][0x85][0x15]_y.[0xef][0xbf][0xbd][0x18][0xef][0xbf][0xbd].?[0xef][0xbf][0xbd][0xef][0xbf][0xbd][0x12][0xef][0xbf][0xbd][0xef][0xbf][0xbd][0xef][0xbf][0xbd][0xef][0xbf][0xbd][0xef][0xbf][0xbd]V[0xd9][0xbb]QC[0xef][0xbf][0xbd][0xef][0xbf][0xbd][0xef][0xbf][0xbd]Pr%[0x3]hw[0xef][0xbf][0xbd]"[0xef][0xbf][0xbd][0xc]N[0xef][0xbf][0xbd][0xef][0xbf][0xbd][0xef][0xbf][0xbd]iu[0x1f]c[0xef][0xbf][0xbd]S[0xef][0xbf][0xbd]![0xef][0xbf][0xbd]8[0xef][0xbf][0xbd]U[0xc8][0xb5][0xef][0xbf][0xbd][0x4][0xef][0xbf][0xbd][0xef][0xbf][0xbd][0x10][0xef][0xbf][0xbd][0x19]rpy[0xef][0xbf][0xbd][0xef][0xbf][0xbd];E[0xef][0xbf][0xbd]x;[0xef][0xbf][0xbd][0xef][0xbf][0xbd][0xef][0xbf][0xbd][0xef][0xbf][0xbd][0xc]=[0xef][0xbf][0xbd][0x1c][0xef][0xbf][0xbd]ID[0xef][0xbf][0xbd]`[0xc][0xef][0xbf][0xbd]|[0xef][0xbf][0xbd][0xef][0xbf][0xbd][0xef][0xbf][0xbd][0xef][0xbf][0xbd][0xef][0xbf][0xbd]g[0xef][0xbf][0xbd]R[\r][0x1c]#[0xef][0xbf][0xbd]F}%9H[0xef][0xbf][0xbd][0xe3][0x9d][0xae][0xef][0xbf][0xbd]e.[0xef][0xbf][0xbd][0xef][0xbf][0xbd][0xef][0xbf][0xbd][0xef][0xbf][0xbd]$[0xef][0xbf][0xbd]x[0xef][0xbf][0xbd][0xef][0xbf][0xbd]DvB[0xef][0xbf][0xbd][0xef][0xbf][0xbd][0xef][0xbf][0xbd]Y[0xef][0xbf][0xbd]p[0x8][0x1d]{yC_+"|[0x6]SAqX9[0x9][0x3][0xef][0xbf][0xbd]3P[0xef][0xbf][0xbd][0x8][0xef][0xbf][0xbd]I[0xef][0xbf][0xbd][0xef][0xbf][0xbd]O!'[0x10]@[0xef][0xbf][0xbd]5[0xef][0xbf][0xbd]C.[0xef][0xbf][0xbd]&;[0xef][0xbf][0xbd][0xef][0xbf][0xbd]2[0xef][0xbf][0xbd][0xef][0xbf][0xbd][0xef][0xbf][0xbd][0xef][0xbf][0xbd]0s[0xef][0xbf][0xbd]:[0xef][0xbf][0xbd][0xc][0xef][0xbf][0xbd][0xef][0xbf][0xbd]:[0x1e][0xef][0xbf][0xbd]#X[0xef][0xbf][0xbd]S[0x15][0xef][0xbf][0xbd]5z9[0xef][0xbf][0xbd]s[0xef][0xbf][0xbd][0x9]D[0x18][0xef][0xbf][0xbd][0xef][0xbf][0xbd][0xef][0xbf][0xbd]1O[0x15]aSC][0xef][0xbf][0xbd][0xef][0xbf][0xbd]$[0xd1][0x99]a%[0xef][0xbf][0xbd][0xef][0xbf][0xbd]\[0xef][0xbf][0xbd][0xef][0xbf][0xbd]d\[0xef][0xbf][0xbd][0x7]SE[0xef][0xbf][0xbd]<bs[0xef][0xbf][0xbd]l[0xef][0xbf][0xbd][0x13][0xef][0xbf][0xbd][\r]U[0xef][0xbf][0xbd][0x16][0xef][0xbf][0xbd][0xef][0xbf][0xbd]dz[0xef][0xbf][0xbd]2[0xef][0xbf][0xbd][0xef][0xbf][0xbd][0xef][0xbf][0xbd][0xef][0xbf][0xbd]p[0x3][0x3][0xc8][0xb8][0xef][0xbf][0xbd][0xef][0xbf][0xbd].[0xef][0xbf][0xbd][0xc5][0xb6][0xef][0xbf][0xbd][0xef][0xbf][0xbd][0xef][0xbf][0xbd][0x1d][0xef][0xbf][0xbd]{[0xef][0xbf][0xbd]c8[0xef][0xbf][0xbd]X[0xef][0xbf][0xbd][0xef][0xbf][0xbd][0x1a]O$[0xef][0xbf][0xbd][0xef][0xbf][0xbd]N[0x8][0xef][0xbf][0xbd][0xef][0xbf][0xbd]Q[0xef][0xbf][0xbd][0xc9][0xad][0xef][0xbf][0xbd][0xef][0xbf][0xbd][0xef][0xbf][0xbd][0xef][0xbf][0xbd][0xef][0xbf][0xbd][0x12]m[0xef][0xbf][0xbd].-[0xef][0xbf][0xbd][0xef][0xbf][0xbd][0x1d]G[0xef][0xbf][0xbd]L[0xc][0xef][0xbf][0xbd][0xef][0xbf][0xbd]_[0xca][0x9e][0xef][0xbf][0xbd]u#oE[0xef][0xbf][0xbd]S[0xd8][0x8f]`g[0xf][0x12]ci9,[0xd9][0xb1]=[0x1b][0xef][0xbf][0xbd][0xef][0xbf][0xbd][0xef][0xbf][0xbd][0xef][0xbf][0xbd][0xdc][0xb6][0xef][0xbf][0xbd]Fl[0x4][0xef][0xbf][0xbd]4[0xef][0xbf][0xbd][\r]"@[0xef][0xbf][0xbd]P\[0x8]u[0xe]rBH[0x13][0xf][0xef][0xbf][0xbd]tqVfx6x!jLqK2d[0x19]q4I[0xef][0xbf][0xbd]%[0x4]/[0xe8][0x8e][0x8e]Nm79[0xef][0xbf][0xbd]hYq[0xef][0xbf][0xbd] [0x18]qY[0xef][0xbf][0xbd]7!Vux[0xef][0xbf][0xbd][0xef][0xbf][0xbd][0x5][0xef][0xbf][0xbd]/[0x17][0xef][0xbf][0xbd][0xce][0x91][0xef][0xbf][0xbd][0xef][0xbf][0xbd][0xdf][0xa9][0xef][0xbf][0xbd][0xef][0xbf][0xbd][0x1e]7Fgn[0xcb][0xad][0xef][0xbf][0xbd][0xef][0xbf][0xbd]x[0xef][0xbf][0xbd][0xef][0xbf][0xbd][0x1a][0xef][0xbf][0xbd]'[0x10]Md'D[0xef][0xbf][0xbd]n[0xef][0xbf][0xbd][0x1f][0x1b]J[0xef][0xbf][0xbd][0xef][0xbf][0xbd][0xef][0xbf][0xbd]rU[0xc8][0xae][0xef][0xbf][0xbd][0xef][0xbf][0xbd][0xef][0xbf][0xbd][0xef][0xbf][0xbd]Q[0xc4][0xb0][0xc9][0x93]Q[0xef][0xbf][0xbd][0xef][0xbf][0xbd][0xef][0xbf][0xbd]A[0xef][0xbf][0xbd][0xef][0xbf][0xbd][0x9][0x1f]f[0xef][0xbf][0xbd][0xc]c[\r][0xef][0xbf][0xbd][0xef][0xbf][0xbd]Lh[0xef][0xbf][0xbd]j[0xef][0xbf][0xbd][0xef][0xbf][0xbd][0xef][0xbf][0xbd]!F[0xef][0xbf][0xbd][0xef][0xbf][0xbd]0[0x13],[0xef][0xbf][0xbd]t[0xef][0xbf][0xbd]#H[0xef][0xbf][0xbd][0xef][0xbf][0xbd]p[0xef][0xbf][0xbd]c[0xef][0xbf][0xbd][0xef][0xbf][0xbd]&m[0xef][0xbf][0xbd]\[0xef][0xbf][0xbd][0xf][0xef][0xbf][0xbd][0xef][0xbf][0xbd]0[0xef][0xbf][0xbd]4Qx[0xef][0xbf][0xbd][0xef][0xbf][0xbd][0xef][0xbf][0xbd]s[\r]Lr[0xef][0xbf][0xbd][0x1][0xef][0xbf][0xbd]*.0}[0xef][0xbf][0xbd]9[0xef][0xbf][0xbd]@[0xef][0xbf][0xbd]2[0xef][0xbf][0xbd][0x18][0x1b][0xef][0xbf][0xbd].q[0x13]b~Y[0xef][0xbf][0xbd][0xef][0xbf][0xbd][0x10][0xef][0xbf][0xbd][0xef][0xbf][0xbd][0xef][0xbf][0xbd]M[0xef][0xbf][0xbd]U/u[0x1b][0x1a][0xef][0xbf][0xbd]40X[0xef][0xbf][0xbd][0xef][0xbf][0xbd][0xef][0xbf][0xbd]>I[0xef][0xbf][0xbd]2.[0xef][0xbf][0xbd][0xef][0xbf][0xbd]R[0xef][0xbf][0xbd][0xef][0xbf][0xbd][0xef][0xbf][0xbd][0x17]LS[0x1b][0xef][0xbf][0xbd][0xef][0xbf][0xbd][0xef][0xbf][0xbd][0xef][0xbf][0xbd] 5[0xef][0xbf][0xbd]5[0xef][0xbf][0xbd]h4[0xef][0xbf][0xbd][0xef][0xbf][0xbd][0x16]7s[0xef][0xbf][0xbd]+[0xef][0xbf][0xbd]3[0xef][0xbf][0xbd],[0xcd][0x8b][0xef][0xbf][0xbd]s[0x5][0xef][0xbf][0xbd][0x8]Cv[0xef][0xbf][0xbd][0x1]c[0xef][0xbf][0xbd]lAX+[0x1b][\r][0xb][0xef][0xbf][0xbd]Y[0x19][0xef][0xbf][0xbd][0x10][0xef][0xbf][0xbd][0xef][0xbf][0xbd]en[0xc6][0x85][0xef][0xbf][0xbd][0xef][0xbf][0xbd]s[0xef][0xbf][0xbd]e[0xef][0xbf][0xbd][0xd5][0x92]a[0xef][0xbf][0xbd][0xb][0xef][0xbf][0xbd][0xef][0xbf][0xbd][0xef][0xbf][0xbd][0x6]t0[0x1b]<[0x18]AC^)[0xef][0xbf][0xbd][0xef][0xbf][0xbd]fV[0xef][0xbf][0xbd]B[0xef][0xbf][0xbd][0xef][0xbf][0xbd][0xef][0xbf][0xbd]4_hk[\r][0xef][0xbf][0xbd]I[0xd1][0x98][0x4][0xef][0xbf][0xbd]D[0xef][0xbf][0xbd][0xef][0xbf][0xbd]\[0xef][0xbf][0xbd]gh[0x12][0x4][0xef][0xbf][0xbd]{q[0xef][0xbf][0xbd][0x10]0[0x1a]3[[0x1a]9[0xef][0xbf][0xbd][0xef][0xbf][0xbd]b[0xef][0xbf][0xbd][0x2]m[0x1b][0xef][0xbf][0xbd][0xef][0xbf][0xbd][0xef][0xbf][0xbd]*[0xef][0xbf][0xbd][0xef][0xbf][0xbd][0xc]^[0xef][0xbf][0xbd][0xef][0xbf][0xbd][0xef][0xbf][0xbd][0xef][0xbf][0xbd]S=[0xef][0xbf][0xbd]e$[0xef][0xbf][0xbd][0xef][0xbf][0xbd]4[0xef][0xbf][0xbd][0xef][0xbf][0xbd][0xef][0xbf][0xbd]L[0xef][0xbf][0xbd][0xef][0xbf][0xbd][0xef][0xbf][0xbd][0x10][0xef][0xbf][0xbd]~[0xef][0xbf][0xbd][0x7][0xef][0xbf][0xbd][0xef][0xbf][0xbd]|w[0xef][0xbf][0xbd]X[0xef][0xbf][0xbd]IG[0x13][0xd9][0x89][0xef][0xbf][0xbd]][0xef][0xbf][0xbd][0xef][0xbf][0xbd]3[0x1f][0x1f][0xef][0xbf][0xbd][0xef][0xbf][0xbd]9-E[0xef][0xbf][0xbd][0xe5][0x9a][0xb5][0x1b][0xef][0xbf][0xbd][\n]"
07:56:28.912 [main] DEBUG org.apache.http.wire -  >> ":[0xef][0xbf][0xbd][0xef][0xbf][0xbd][0xef][0xbf][0xbd][0xef][0xbf][0xbd][0xef][0xbf][0xbd]F[0xef][0xbf][0xbd][0xef][0xbf][0xbd]zj[0x11][0x5]V[0xdf][0xba][0xef][0xbf][0xbd]l[0xef][0xbf][0xbd][0xb][0xef][0xbf][0xbd][0xef][0xbf][0xbd] n[0xef][0xbf][0xbd][0xd1][0xb4]0[0xef][0xbf][0xbd][0xef][0xbf][0xbd] [0xef][0xbf][0xbd]Hr[0xef][0xbf][0xbd][0xef][0xbf][0xbd][0x19]1-[0xef][0xbf][0xbd][0x15][0x12][0xef][0xbf][0xbd]i[0xef][0xbf][0xbd]mh[0xef][0xbf][0xbd]F[0xef][0xbf][0xbd]r[0xef][0xbf][0xbd][0x10]s[0xef][0xbf][0xbd][0xef][0xbf][0xbd]`[0xef][0xbf][0xbd][0xef][0xbf][0xbd]D[0xef][0xbf][0xbd]A[0xef][0xbf][0xbd][0xef][0xbf][0xbd][0xef][0xbf][0xbd][0xe3][0x88][0x8a]TC>j\[0xef][0xbf][0xbd]r[0x6][0xef][0xbf][0xbd][0x1c][0xef][0xbf][0xbd]p[0xef][0xbf][0xbd][0x1d][0x15]0E[0xef][0xbf][0xbd]*[0xef][0xbf][0xbd]:[0xef][0xbf][0xbd][0xef][0xbf][0xbd]0/[0xef][0xbf][0xbd]>p[0xef][0xbf][0xbd][0xef][0xbf][0xbd][0xef][0xbf][0xbd][0xef][0xbf][0xbd][0xef][0xbf][0xbd][0xef][0xbf][0xbd]S[0xef][0xbf][0xbd][0xef][0xbf][0xbd]Zn[0xef][0xbf][0xbd][0xef][0xbf][0xbd]t&[0xef][0xbf][0xbd]N[0xef][0xbf][0xbd][0xe][0xef][0xbf][0xbd]-[0xef][0xbf][0xbd]S[0x1a][0xef][0xbf][0xbd][0xef][0xbf][0xbd][0xef][0xbf][0xbd][0xef][0xbf][0xbd][0xc][0xef][0xbf][0xbd][0xef][0xbf][0xbd][0xef][0xbf][0xbd][0xef][0xbf][0xbd][0x7];[0xef][0xbf][0xbd][0xef][0xbf][0xbd][0xef][0xbf][0xbd][0xef][0xbf][0xbd]?[0xef][0xbf][0xbd]F[0xef][0xbf][0xbd][0x9]G[0x13][0xd9][0x89]p#n[0xef][0xbf][0xbd][0xef][0xbf][0xbd][0xef][0xbf][0xbd]OyT[0xef][0xbf][0xbd][0xef][0xbf][0xbd][0x16][0xef][0xbf][0xbd][0xef][0xbf][0xbd]J[0x2][0x14][0x9]n[0xef][0xbf][0xbd][0xef][0xbf][0xbd]f4[0x12][0xef][0xbf][0xbd]Zn[0xef][0xbf][0xbd][0xef][0xbf][0xbd]Zv[0xef][0xbf][0xbd][0x18]!K[0x1c][0xef][0xbf][0xbd][0xe3][0x86][0x90]^Lc[0xef][0xbf][0xbd][0xef][0xbf][0xbd]%[0xef][0xbf][0xbd]0[0xef][0xbf][0xbd]][0xef][0xbf][0xbd]|)[0xef][0xbf][0xbd]T[0x8][\r][0xef][0xbf][0xbd][0xef][0xbf][0xbd][0xef][0xbf][0xbd][0xd3][0x92][0xef][0xbf][0xbd]Q[0xef][0xbf][0xbd]8[0xef][0xbf][0xbd][0x5][0xef][0xbf][0xbd]e [\r]|6D[0xef][0xbf][0xbd][0x2][0xef][0xbf][0xbd][0xef][0xbf][0xbd][0xef][0xbf][0xbd][0xef][0xbf][0xbd]1c&[0x1f]w[0xef][0xbf][0xbd]l t[0xef][0xbf][0xbd]p[0xef][0xbf][0xbd]pU[0x1e][0xef][0xbf][0xbd]D[0xef][0xbf][0xbd]J^[0xef][0xbf][0xbd][0x17][0xef][0xbf][0xbd][0xef][0xbf][0xbd]Pd[0xef][0xbf][0xbd](+[0xef][0xbf][0xbd][0x1f][0xef][0xbf][0xbd][0xef][0xbf][0xbd]1r[0xef][0xbf][0xbd]3[0xef][0xbf][0xbd]#[0xef][0xbf][0xbd][0x4][0xef][0xbf][0xbd]:![0xef][0xbf][0xbd][0xef][0xbf][0xbd]VI[0xef][0xbf][0xbd]i[0xef][0xbf][0xbd][0xef][0xbf][0xbd][0xef][0xbf][0xbd][0xef][0xbf][0xbd][0x15][0xef][0xbf][0xbd]=[0xef][0xbf][0xbd][0xef][0xbf][0xbd][0xef][0xbf][0xbd]n[0xef][0xbf][0xbd][0xef][0xbf][0xbd]9??[0xef][0xbf][0xbd][0xef][0xbf][0xbd]/^[0xef][0xbf][0xbd][0xef][0xbf][0xbd]^[0xef][0xbf][0xbd]F[0xef][0xbf][0xbd][0xef][0xbf][0xbd]Dv*[0x1c][0x1c][0xef][0xbf][0xbd][0xef][0xbf][0xbd][0xef][0xbf][0xbd][0xef][0xbf][0xbd][0x14][0xef][0xbf][0xbd][0xef][0xbf][0xbd]H[0xef][0xbf][0xbd]Z+gl[0xef][0xbf][0xbd][0xef][0xbf][0xbd][0xef][0xbf][0xbd][0xef][0xbf][0xbd]"[0xef][0xbf][0xbd][0xef][0xbf][0xbd]Z0SI[0xef][0xbf][0xbd][0xef][0xbf][0xbd]b[0xef][0xbf][0xbd][0xef][0xbf][0xbd][0xef][0xbf][0xbd][0x8]U[0xe]"E[0x18]k[0xef][0xbf][0xbd][0x18]sq[0xef][0xbf][0xbd][\n]"
07:56:28.912 [main] DEBUG org.apache.http.wire -  >> "{[\r][0xef][0xbf][0xbd]2w[0xef][0xbf][0xbd]ONQ[0x6][0x15]Uf[0xef][0xbf][0xbd][0xef][0xbf][0xbd][0xef][0xbf][0xbd]qM[0xef][0xbf][0xbd]>ae$[0xef][0xbf][0xbd]T&)NB[0xef][0xbf][0xbd][0x1f][0xef][0xbf][0xbd][0xef][0xbf][0xbd][0xef][0xbf][0xbd][0xef][0xbf][0xbd][0xef][0xbf][0xbd][0xef][0xbf][0xbd][0xef][0xbf][0xbd][\n]"
07:56:28.912 [main] DEBUG org.apache.http.wire -  >> "[0xef][0xbf][0xbd]V[0x8]T[0xef][0xbf][0xbd][0xef][0xbf][0xbd][0xef][0xbf][0xbd][0x1d]c[0xef][0xbf][0xbd][0xef][0xbf][0xbd][0xef][0xbf][0xbd][0xd2][0x99]M[0xef][0xbf][0xbd]K[0xef][0xbf][0xbd][0xef][0xbf][0xbd][0xef][0xbf][0xbd]+F[0x1b][0xef][0xbf][0xbd]G[0xef][0xbf][0xbd]8(d[0xef][0xbf][0xbd]O[0xef][0xbf][0xbd][0xef][0xbf][0xbd][0x1][0xe]{[0xef][0xbf][0xbd]8[0x17]p[0xef][0xbf][0xbd][0xef][0xbf][0xbd]H[0xc][0x1d]I[0xef][0xbf][0xbd]b[0xef][0xbf][0xbd]e[0xef][0xbf][0xbd][0xef][0xbf][0xbd]xV{[0xef][0xbf][0xbd][0x4]j[0xef][0xbf][0xbd][0x13][0xef][0xbf][0xbd][0xef][0xbf][0xbd][0xef][0xbf][0xbd][0xef][0xbf][0xbd]k?[0xef][0xbf][0xbd]=[0xef][0xbf][0xbd]X[0xef][0xbf][0xbd][0xef][0xbf][0xbd]X[0xef][0xbf][0xbd]Dv"[0xec][0x97][0xb1][0xef][0xbf][0xbd][0xef][0xbf][0xbd][0x1a][0xef][0xbf][0xbd]L[0xef][0xbf][0xbd][0xc6][0x92][0xef][0xbf][0xbd]O5[0xef][0xbf][0xbd][0xf][0x7][0xef][0xbf][0xbd]h>*;[0xef][0xbf][0xbd][0xd7][0xa8]![0xe]6[0xef][0xbf][0xbd]r[0xef][0xbf][0xbd];[0xc][0x1e][0xef][0xbf][0xbd]xCsa![0xef][0xbf][0xbd]L[0xef][0xbf][0xbd][0xef][0xbf][0xbd]>[0xef][0xbf][0xbd][0xef][0xbf][0xbd]"[0xef][0xbf][0xbd][0x1][0xef][0xbf][0xbd][0xef][0xbf][0xbd][0xef][0xbf][0xbd][0xef][0xbf][0xbd][0xef][0xbf][0xbd][0xc3][0x92][0xef][0xbf][0xbd][0xef][0xbf][0xbd]Y[0xef][0xbf][0xbd]Ma[0xef][0xbf][0xbd][0xef][0xbf][0xbd][0xef][0xbf][0xbd][0xef][0xbf][0xbd][0xef][0xbf][0xbd][0xef][0xbf][0xbd]Y[0x2]V[0xd7][0x85][0xef][0xbf][0xbd]FT2[0xef][0xbf][0xbd]C[0xef][0xbf][0xbd].[0xc][0xef][0xbf][0xbd]x[0xef][0xbf][0xbd]5[0x0][0xef][0xbf][0xbd][0xef][0xbf][0xbd][0xef][0xbf][0xbd][0xef][0xbf][0xbd][0xef][0xbf][0xbd][0xce][0x9c][0x3]T/G[0xef][0xbf][0xbd][0x1b][0x6][0x19][0xde][0x8a][0xc][0xef][0xbf][0xbd]Eyl:[0xef][0xbf][0xbd]i[0x7][0xd4][0x9c][0xef][0xbf][0xbd][0xef][0xbf][0xbd][0xef][0xbf][0xbd][0xef][0xbf][0xbd]E[0x1d]a[0xef][0xbf][0xbd][0x9][0xef][0xbf][0xbd]|[0xef][0xbf][0xbd][0x1e]y[0xef][0xbf][0xbd][0xef][0xbf][0xbd]y[0xe]2[0xef][0xbf][0xbd][0xef][0xbf][0xbd][0xef][0xbf][0xbd][0xef][0xbf][0xbd][0xef][0xbf][0xbd]}/Z[0xef][0xbf][0xbd][0xef][0xbf][0xbd] [0xef][0xbf][0xbd][0xef][0xbf][0xbd]N[0xef][0xbf][0xbd][0xef][0xbf][0xbd]r[0xef][0xbf][0xbd][0xef][0xbf][0xbd][0xc6][0xab][0xef][0xbf][0xbd]l[0xef][0xbf][0xbd][0xef][0xbf][0xbd][0x19][0x15]Sl[0xef][0xbf][0xbd][0xef][0xbf][0xbd][0x16][0xef][0xbf][0xbd]a[0x1e]a<[0xef][0xbf][0xbd][0xef][0xbf][0xbd]b[0xef][0xbf][0xbd][0xef][0xbf][0xbd]A-[0xef][0xbf][0xbd]*[0xef][0xbf][0xbd](z[0xef][0xbf][0xbd][0xef][0xbf][0xbd][0xca][0x8e][0x18]d[0xef][0xbf][0xbd]F[0xd2][0xa5]0[0xef][0xbf][0xbd][0xef][0xbf][0xbd][0x14]$[0xef][0xbf][0xbd]W [0xef][0xbf][0xbd]*R[0xef][0xbf][0xbd][0xef][0xbf][0xbd][0xef][0xbf][0xbd][[0xef][0xbf][0xbd][0xef][0xbf][0xbd]+W[0x16][0xef][0xbf][0xbd][0xef][0xbf][0xbd]X[0xc][0x9]r[0xef][0xbf][0xbd]$?8"[0xef][0xbf][0xbd]O[0x18][0xef][0xbf][0xbd][0x18][0xef][0xbf][0xbd][0xef][0xbf][0xbd][0x8]OC[0xef][0xbf][0xbd][0xef][0xbf][0xbd]U[0xef][0xbf][0xbd]C[0x19]e[0xef][0xbf][0xbd].[0xef][0xbf][0xbd][0xef][0xbf][0xbd]Q.[0xef][0xbf][0xbd]q[0xe]K[0xef][0xbf][0xbd][0xef][0xbf][0xbd]TS[0x1f][0x17][0xc5][0x89]8[0xef][0xbf][0xbd][0xd3][0x90]W[0xef][0xbf][0xbd]"P[0xe6][0xa7][0xbc][0xef][0xbf][0xbd]:[0xef][0xbf][0xbd]'f[0xef][0xbf][0xbd][0xef][0xbf][0xbd][0xef][0xbf][0xbd][0xef][0xbf][0xbd]|&x[0xef][0xbf][0xbd][0xef][0xbf][0xbd][0xef][0xbf][0xbd][0xef][0xbf][0xbd][0xef][0xbf][0xbd]W[0xef][0xbf][0xbd]{[0xef][0xbf][0xbd]X[0xef][0xbf][0xbd][0xd1][0x98][0xef][0xbf][0xbd]Dv2[0xef][0xbf][0xbd][0xef][0xbf][0xbd]t[0xef][0xbf][0xbd]a[0xef][0xbf][0xbd][0xef][0xbf][0xbd][0xef][0xbf][0xbd]Q1I>[0xef][0xbf][0xbd][0xef][0xbf][0xbd]l[0xef][0xbf][0xbd][0xef][0xbf][0xbd]'[0xef][0xbf][0xbd]z[0xef][0xbf][0xbd][0xef][0xbf][0xbd]&[0xef][0xbf][0xbd][0xf][0x7][0xef][0xbf][0xbd][0x11][0xef][0xbf][0xbd]$r8[0xef][0xbf][0xbd][0xef][0xbf][0xbd][0xef][0xbf][0xbd])[0xef][0xbf][0xbd]6[0x1d][0xef][0xbf][0xbd]E?[0x5][0x16][0xef][0xbf][0xbd]$[0xcf][0x98][0x15][0xef][0xbf][0xbd][0xef][0xbf][0xbd][0xef][0xbf][0xbd]|b-[0xef][0xbf][0xbd][0x14][0xef][0xbf][0xbd][0xef][0xbf][0xbd][0xef][0xbf][0xbd]CXopz:[0x4]I[0xef][0xbf][0xbd][0x15]2[0xef][0xbf][0xbd][0xb]b[0xef][0xbf][0xbd]@[0xef][0xbf][0xbd]T[0x17][0xdf][0x8c]x*[0xef][0xbf][0xbd][0x1f]W[0x9]v[0xef][0xbf][0xbd])|i[0x6]K[0xef][0xbf][0xbd][0xef][0xbf][0xbd][0xef][0xbf][0xbd]FG|[0xef][0xbf][0xbd][0xef][0xbf][0xbd]3<[0xef][0xbf][0xbd]h[0xef][0xbf][0xbd]bKk[0xd5][0xb4][0xef][0xbf][0xbd][0xb]t[0x17][0xef][0xbf][0xbd][0xef][0xbf][0xbd][0xef][0xbf][0xbd]gF[0x15]X[0xef][0xbf][0xbd]k[0x1c][0xc5][0xa0][0xef][0xbf][0xbd][\r][0xef][0xbf][0xbd][0xcf][0x92][\n]"
07:56:28.912 [main] DEBUG org.apache.http.wire -  >> "[0xdc][0xa8][0xef][0xbf][0xbd][0xdb][0xbf][0xef][0xbf][0xbd]$[0xef][0xbf][0xbd]h\[0xef][0xbf][0xbd]&[0xef][0xbf][0xbd][0xef][0xbf][0xbd][0xef][0xbf][0xbd][0xdb][0x8f][0xef][0xbf][0xbd][0x1e]lh[0xef][0xbf][0xbd][0xe][0x16][0xef][0xbf][0xbd][0x10]3a[0xef][0xbf][0xbd]2f[0xc][0xef][0xbf][0xbd][0xef][0xbf][0xbd][0xef][0xbf][0xbd][0xef][0xbf][0xbd][0xde][0x86][0xef][0xbf][0xbd][0xef][0xbf][0xbd][0xef][0xbf][0xbd][0xef][0xbf][0xbd][0xef][0xbf][0xbd]E1[0xef][0xbf][0xbd]O[0xef][0xbf][0xbd][0xef][0xbf][0xbd]*[0x4][0xef][0xbf][0xbd][0xef][0xbf][0xbd]3[0xef][0xbf][0xbd]&y43[0xef][0xbf][0xbd]1[0xef][0xbf][0xbd]m[0xef][0xbf][0xbd]!la[0xef][0xbf][0xbd]4O[0x15][0xef][0xbf][0xbd][0x4][0xef][0xbf][0xbd]=[0xef][0xbf][0xbd][0x10][0xef][0xbf][0xbd][0x19][0xef][0xbf][0xbd]@[0xef][0xbf][0xbd][0x1c][0xef][0xbf][0xbd][0xef][0xbf][0xbd]#[0xef][0xbf][0xbd][0xef][0xbf][0xbd][0x1b][0xef][0xbf][0xbd]b[0xef][0xbf][0xbd][0xef][0xbf][0xbd][0xef][0xbf][0xbd]@2o[0xef][0xbf][0xbd]WQ;[0xef][0xbf][0xbd]j[0xef][0xbf][0xbd][0xc][0xef][0xbf][0xbd][0xef][0xbf][0xbd][0xef][0xbf][0xbd][\n]"
07:56:28.913 [main] DEBUG org.apache.http.wire -  >> "[0xef][0xbf][0xbd][0xef][0xbf][0xbd][0xef][0xbf][0xbd][0xef][0xbf][0xbd]|[0xef][0xbf][0xbd][0x18]k\iW[0x12][0xef][0xbf][0xbd][0xef][0xbf][0xbd]W[0xef][0xbf][0xbd][0xef][0xbf][0xbd]>[0xef][0xbf][0xbd][0xef][0xbf][0xbd]bRd6[0xef][0xbf][0xbd][0xef][0xbf][0xbd][0xef][0xbf][0xbd][0xef][0xbf][0xbd][0xef][0xbf][0xbd]cy[0xef][0xbf][0xbd][0xc9][0xa8][0xef][0xbf][0xbd]S*[0xef][0xbf][0xbd][0xef][0xbf][0xbd][0xef][0xbf][0xbd][0xef][0xbf][0xbd])Hq[0x17][0xef][0xbf][0xbd]~[0xef][0xbf][0xbd]'[0xef][0xbf][0xbd][0xef][0xbf][0xbd][0x5]k4[0x1a][0x17][0xef][0xbf][0xbd][0xef][0xbf][0xbd][0xef][0xbf][0xbd][0x4]8X[0xef][0xbf][0xbd]G[0xef][0xbf][0xbd][0xef][0xbf][0xbd][\r]!Y[0xef][0xbf][0xbd]:[0xd1][0x90]][0xef][0xbf][0xbd][0xef][0xbf][0xbd][0xef][0xbf][0xbd][0xef][0xbf][0xbd]M[0xef][0xbf][0xbd]8[0xef][0xbf][0xbd]B7[0xef][0xbf][0xbd][0xd9][0xaa][0xef][0xbf][0xbd],[0xef][0xbf][0xbd]"Z[0xef][0xbf][0xbd][0xef][0xbf][0xbd]60[0x7][0xef][0xbf][0xbd]b[0xef][0xbf][0xbd][0xef][0xbf][0xbd][0xef][0xbf][0xbd][0xef][0xbf][0xbd]]z([0xef][0xbf][0xbd][0xef][0xbf][0xbd]Y[0xef][0xbf][0xbd]"[0xef][0xbf][0xbd][0x16]c8[0xb][0xef][0xbf][0xbd]/[0xef][0xbf][0xbd][0xef][0xbf][0xbd][0xef][0xbf][0xbd]\N[0xef][0xbf][0xbd][0xef][0xbf][0xbd]B[0xef][0xbf][0xbd]uUN?[0xef][0xbf][0xbd][0xef][0xbf][0xbd]{[0x10][0xef][0xbf][0xbd][0x17]?[0xef][0xbf][0xbd]^[0xd5][0x96][0xca][0xbc][0xef][0xbf][0xbd]![0xef][0xbf][0xbd]N[0x6]7[0x18]+[0xef][0xbf][0xbd]&[0x9]([0xef][0xbf][0xbd][0x16][0xef][0xbf][0xbd]%[0xef][0xbf][0xbd]Ih[0xef][0xbf][0xbd][0xef][0xbf][0xbd]f?[0xef][0xbf][0xbd][0x1f][0xef][0xbf][0xbd][0xef][0xbf][0xbd][0xef][0xbf][0xbd][0xcd][0xb9]NU[0xef][0xbf][0xbd][0xef][0xbf][0xbd][0x17][0x14][0xef][0xbf]"
07:56:28.913 [main] DEBUG org.apache.http.wire -  >> "[0xbd][0x1e]i[0xef][0xbf][0xbd][0xc4][0xa7]![0xef][0xbf][0xbd][0xef][0xbf][0xbd]IyK[0xef][0xbf][0xbd]z[0xef][0xbf][0xbd][0xef][0xbf][0xbd][0xef][0xbf][0xbd][0xef][0xbf][0xbd][0xef][0xbf][0xbd][0x1b][0xef][0xbf][0xbd][0xef][0xbf][0xbd][0xef][0xbf][0xbd]h[0xef][0xbf][0xbd]'[0xef][0xbf][0xbd][0xef][0xbf][0xbd]N[0xef][0xbf][0xbd][0xef][0xbf][0xbd][0xef][0xbf][0xbd]>[0x17]S[0xb][0xef][0xbf][0xbd][0x0]([0xef][0xbf][0xbd][0xef][0xbf][0xbd]V[0xef][0xbf][0xbd][0xb]u[0xef][0xbf][0xbd][0x5][0xef][0xbf][0xbd][0xef][0xbf][0xbd]8[0xef][0xbf][0xbd][0xef][0xbf][0xbd][0xef][0xbf][0xbd][0xef][0xbf][0xbd][0x1d]}n;[0x16][0xef][0xbf][0xbd]2mX[0xd6][0xa5]q#[0xef][0xbf][0xbd]=pL,[0xef][0xbf][0xbd][0xef][0xbf][0xbd]'b[0xef][0xbf][0xbd]@2[0xb]*eR[0xef][0xbf][0xbd]c[0xef][0xbf][0xbd][0xef][0xbf][0xbd]2a[0xef][0xbf][0xbd][0xef][0xbf][0xbd][0xef][0xbf][0xbd][0xef][0xbf][0xbd]:[0xef][0xbf][0xbd]E[0xef][0xbf][0xbd][0xef][0xbf][0xbd][0x8][0xef][0xbf][0xbd][0xef][0xbf][0xbd];2[0xef][0xbf][0xbd]*[0xef][0xbf][0xbd]K[0xef][0xbf][0xbd][0xef][0xbf][0xbd]0[0x6]ssQ[0xef][0xbf][0xbd][0xef][0xbf][0xbd][0xef][0xbf][0xbd][0xef][0xbf][0xbd][0x14][0xef][0xbf][0xbd][0xef][0xbf][0xbd]s[0xef][0xbf][0xbd][0xef][0xbf][0xbd][0xc8][0x91][0x6][0xef][0xbf][0xbd][0xef][0xbf][0xbd][0xd5][0x8c]I9[0xef][0xbf][0xbd][0xef][0xbf][0xbd]RQa[0xcf][0x89][0xef][0xbf][0xbd][0xef][0xbf][0xbd]J[0xef][0xbf][0xbd][0xef][0xbf][0xbd][0xef][0xbf][0xbd]\@[0xef][0xbf][0xbd][0xef][0xbf][0xbd][0xef][0xbf][0xbd][0x12]E[0xd4][0xb0][0xef][0xbf][0xbd][0xef][0xbf][0xbd][0xef][0xbf][0xbd]p[0xef][0xbf][0xbd]gq[0x1e][0xef][0xbf][0xbd]?x[0xef][0xbf][0xbd][0xef][0xbf][0xbd][0xef][0xbf][0xbd][0xef][0xbf][0xbd]h|[0x3]4[0xef][0xbf][0xbd][0xef][0xbf][0xbd][0x0][0xef][0xbf][0xbd]q[0xef][0xbf][0xbd][0xc][\r][0x11][0x15][0x9]$[0xef][0xbf][0xbd]H[0xef][0xbf][0xbd][0xef][0xbf][0xbd][0xef][0xbf][0xbd]l[0xef][0xbf][0xbd][0xeb][0xbb][0x80][0xef][0xbf][0xbd][0xef][0xbf][0xbd]+[0x9]CuA[0xd6][0xb1][0xef][0xbf][0xbd][0xef][0xbf][0xbd][0xd0][0x81][0xc2][0x8b][0x10][0x2]F[0x12]3[0xef][0xbf][0xbd][0xdd][0xaa][0xef][0xbf][0xbd]S[0xef][0xbf][0xbd][0xef][0xbf][0xbd]g7[0xef][0xbf][0xbd][0x1b][0x1f][0xef][0xbf][0xbd])[0xef][0xbf][0xbd][0xef][0xbf][0xbd]D=m[0x9]Ny[0x14][0xef][0xbf][0xbd]g;[0x6]'[0xef][0xbf][0xbd]l[0x12][0xef][0xbf][0xbd][0xef][0xbf][0xbd]B[0xef][0xbf][0xbd]+&[0xef][0xbf][0xbd]r[0xef][0xbf][0xbd][0xca][0xb0][0xef][0xbf][0xbd]E[0xef][0xbf][0xbd]q[0xef][0xbf][0xbd][0xef][0xbf][0xbd]O[0xef][0xbf][0xbd]3[0xef][0xbf][0xbd][0x10][0xcd][0x8c][0xc7][0xa8][0xb][0xef][0xbf][0xbd]![0xef][0xbf][0xbd]"[0xef][0xbf][0xbd][0xef][0xbf][0xbd]}hU[0x2][0xef][0xbf][0xbd]h[0xef][0xbf][0xbd]\[0xef][0xbf][0xbd][0xef][0xbf][0xbd][0xef][0xbf][0xbd][0xef][0xbf][0xbd]C~[0xf]Y[0x6][0x10][0xef][0xbf][0xbd][0xef][0xbf][0xbd]XlV[0xef][0xbf][0xbd]t[0xef][0xbf][0xbd][0xef][0xbf][0xbd]/h(2[0xef][0xbf][0xbd][0xef][0xbf][0xbd]S[0x5]+e[0x0][0xef][0xbf][0xbd][0xef][0xbf][0xbd][0xef][0xbf][0xbd][0xdc][0x93][0xd8][0xad][0xef][0xbf][0xbd][0xef][0xbf][0xbd][0xef][0xbf][0xbd].xn4~;4[0xef][0xbf][0xbd][0xef][0xbf][0xbd][0x4][0xcb][0xb7]g3[0xef][0xbf][0xbd]P[0x1e][0xef][0xbf][0xbd][0xef][0xbf][0xbd]"[0xef][0xbf][0xbd]f[0x12]r"[0xef][0xbf][0xbd]N[0xd7][0x90][0x13][0x1b][0xef][0xbf][0xbd][0xc2][0x8a][0xef][0xbf][0xbd][0xef][0xbf][0xbd][0xef][0xbf][0xbd][0x1e]07[0xef][0xbf][0xbd][0xef][0xbf][0xbd][0xef][0xbf][0xbd][0xef][0xbf][0xbd]I[0xef][0xbf][0xbd][0xef][0xbf][0xbd][0xef][0xbf][0xbd][0xb]9[0xef][0xbf][0xbd][0x6]5[0xc7][0xb1][0x19][0xef][0xbf][0xbd][0xef][0xbf][0xbd]q[0xef][0xbf][0xbd]QB[0xef][0xbf][0xbd]7[0xef][0xbf][0xbd]c[0xef][0xbf][0xbd][0xef][0xbf][0xbd]L[0x1b][0xef][0xbf][0xbd][0x14]^!>[0x12][0x14][0xef][0xbf][0xbd]+R[0xc][0x1d]f[0x13][0xd1][0x8c][0xef][0xbf][0xbd][0xef][0xbf][0xbd])[0x15][0xef][0xbf][0xbd])[0xef][0xbf][0xbd]e[0xef][0xbf][0xbd][0xef][0xbf][0xbd][0x11][0xef][0xbf][0xbd]6[0xef][0xbf][0xbd][0xef][0xbf][0xbd][0xef][0xbf][0xbd][0xef][0xbf][0xbd][0xef][0xbf][0xbd]]}_[0xef][0xbf][0xbd][0xef][0xbf][0xbd]"*[0xef][0xbf][0xbd][0xef][0xbf][0xbd][0xef][0xbf][0xbd].[0xcf][0xb0][0xef][0xbf][0xbd]&[0xef][0xbf][0xbd]8[0xef][0xbf][0xbd][0x1e][0xe4][0x8d][0x84]c[0xef][0xbf][0xbd]sx[0x14][0xef][0xbf][0xbd]S[0xef][0xbf][0xbd]u[0xef][0xbf][0xbd]G[0xef][0xbf][0xbd]Q[0xef][0xbf][0xbd][0xef][0xbf][0xbd]}[0xef][0xbf][0xbd][0xef][0xbf][0xbd][0xef][0xbf][0xbd]n[0xef][0xbf][0xbd][0xef][0xbf][0xbd][0xef][0xbf][0xbd]Mb[0xef][0xbf][0xbd][0xef][0xbf][0xbd][0xef][0xbf][0xbd]C[0x13][0xef][0xbf][0xbd][0x9][0xef][0xbf][0xbd]_[0xef][0xbf][0xbd]>[0xca][0x97]z[0x1e][0xef][0xbf][0xbd][0xef][0xbf][0xbd]4[0xef][0xbf][0xbd][0xef][0xbf][0xbd][0xef][0xbf][0xbd];[0xef][0xbf][0xbd]h2[0xef][0xbf][0xbd][0xef][0xbf][0xbd][0xef][0xbf][0xbd][0xef][0xbf][0xbd][0xef][0xbf][0xbd]\[0x12];[0xb]W)[0xef][0xbf][0xbd]1[0xd3][0xa0]G[0x5][0xef][0xbf][0xbd]v[0xef][0xbf][0xbd][0x1c]P[0xef][0xbf][0xbd][0xef][0xbf][0xbd][0xef][0xbf][0xbd][0xef][0xbf][0xbd]p[0x1a]cf[0xef][0xbf][0xbd]R[0xef][0xbf][0xbd]FE[0xef][0xbf][0xbd][0xef][0xbf][0xbd][0xef][0xbf][0xbd]Ja[0x18]Z:[0xef][0xbf][0xbd][0xef][0xbf][0xbd]0$L[0xef][0xbf][0xbd][0xef][0xbf][0xbd]iLD[0xef][0xbf][0xbd]$[0x12]3[0xef][0xbf][0xbd]KX/[0x18][0xef][0xbf][0xbd][0xef][0xbf][0xbd][0x1]$d[0xef][0xbf][0xbd]*n[0xef][0xbf][0xbd][0xef][0xbf][0xbd]P[0xef][0xbf][0xbd]f[0x13][0xef][0xbf][0xbd]$1K[\r][0xef][0xbf][0xbd][0xef][0xbf][0xbd][0xef][0xbf][0xbd][0xef][0xbf][0xbd][0x10]*[0xef][0xbf][0xbd][0xef][0xbf][0xbd]t[0xef][0xbf][0xbd][0x1a][0xef][0xbf][0xbd][0x14][0xef][0xbf][0xbd]LY2[0xef][0xbf][0xbd]mqH*\[0xef][0xbf][0xbd][0xef][0xbf][0xbd]le[0xef][0xbf][0xbd][0xef][0xbf][0xbd]S[0xc6][0x8f]}[0xef][0xbf][0xbd][0xef][0xbf][0xbd]t[0xd7][0x8e]F[0xef][0xbf][0xbd][0xef][0xbf][0xbd][0xef][0xbf][0xbd][0xef][0xbf][0xbd][0xef][0xbf][0xbd][0x4][0xd8][0xaf]WO3![0x16]e[0xef][0xbf][0xbd][0xef][0xbf][0xbd]os[0xef][0xbf][0xbd][0x1b][0xb][0xef][0xbf][0xbd]u=[0xef][0xbf][0xbd]N[0xec][0xb7][0x87][0x10][0xef][0xbf][0xbd][0x4][0xef][0xbf][0xbd][0xc][0xef][0xbf][0xbd]NZ=[0xef][0xbf][0xbd][0xef][0xbf][0xbd][0xef][0xbf][0xbd]\[0xef][0xbf][0xbd]1[0xc3][0xac]j[0xef][0xbf][0xbd]2[0xef][0xbf][0xbd][0x9][0x17]$U[0xef][0xbf][0xbd][0x1b][0xc][0x19][0xef][0xbf][0xbd][0xef][0xbf][0xbd]0-[0xef][0xbf][0xbd][0xef][0xbf][0xbd]W#lW[0xef][0xbf][0xbd][0x0][0xef][0xbf][0xbd][0xef][0xbf][0xbd]~[0xef][0xbf][0xbd]Ez&[0xef][0xbf][0xbd]`X[0xef][0xbf][0xbd]k[0xef][0xbf][0xbd][0xef][0xbf][0xbd][0xef][0xbf][0xbd][0xef][0xbf][0xbd][0xef][0xbf][0xbd][0x16]l[0xef][0xbf][0xbd]C[0x1c]`X?K[0xef][0xbf][0xbd]![0xef][0xbf][0xbd][0xef][0xbf][0xbd]b[0xef][0xbf][0xbd]B2[0x15][0x19]r{[0xef][0xbf][0xbd][0x15][0xef][0xbf][0xbd]/y[0x1c])8[0xef][0xbf][0xbd]%[0xef][0xbf][0xbd][0xef][0xbf][0xbd]n[0xef][0xbf][0xbd]LB[0xef][0xbf][0xbd][0xef][0xbf][0xbd]3rm[0x11][0x6][0xef][0xbf][0xbd][\r][0xef][0xbf][0xbd][0xef][0xbf][0xbd]![0xef][0xbf][0xbd]L[0xef][0xbf][0xbd][0xef][0xbf][0xbd][0xef][0xbf][0xbd]d0Y[0x1d]w[0xef][0xbf][0xbd][0xef][0xbf][0xbd]g~[0xef][0xbf][0xbd]=k4[0x1a][0xef][0xbf][0xbd][0x1b]Md'[0xef][0xbf][0xbd]~q[0xef][0xbf][0xbd][0xef][0xbf][0xbd]Xl[0xef][0xbf][0xbd][0xef][0xbf][0xbd][0x0][0xef][0xbf][0xbd]TV1G[0xef][0xbf][0xbd][0xef][0xbf][0xbd][0x1d]3[0xef][0xbf][0xbd]2[0xef][0xbf][0xbd]l[0xc2][0x8d][0xef][0xbf][0xbd]z[0xef][0xbf][0xbd]U@$[0xef][0xbf][0xbd]x[0xef][0xbf][0xbd][0x1f][0xef][0xbf][0xbd]7i4[0xef][0xbf][0xbd][0xb][0xef][0xbf][0xbd][(?[0xef][0xbf][0xbd][0xef][0xbf][0xbd][0x10][0x12],/[0xef][0xbf][0xbd][0xef][0xbf][0xbd][0xf][0x15]S[0xef][0xbf][0xbd]$5[0xef][0xbf][0xbd][0xef][0xbf][0xbd]a[0xef][0xbf][0xbd][\n]"
07:56:28.914 [main] DEBUG org.apache.http.wire -  >> "S[0xef][0xbf][0xbd]m|[0xef][0xbf][0xbd]g[0x16][0xef][0xbf][0xbd]V[0xef][0xbf][0xbd]4[0xef][0xbf][0xbd][0x19][0xb][0xe]IGX[0xf]EwT[0xef][0xbf][0xbd][0xd2][0x82][0xcb][0xa8]y[0x6]Q[0x4][0xc3][0x85]u[0xef][0xbf][0xbd]M[0xef][0xbf][0xbd][0xef][0xbf][0xbd]dC[0xef][0xbf][0xbd]-[0xef][0xbf][0xbd][0xef][0xbf][0xbd]Ti[0xef][0xbf][0xbd]c[0x4]Sa1[0xef][0xbf][0xbd]C[0xef][0xbf][0xbd]U[0xef][0xbf][0xbd][0xef][0xbf][0xbd]Q({[0xef][0xbf][0xbd][0xef][0xbf][0xbd][0xef][0xbf][0xbd])[0xef][0xbf][0xbd];[0xef][0xbf][0xbd]p[0xef][0xbf][0xbd]]k4[0x1a][0xef][0xbf][0xbd][0x14][0xef][0xbf][0xbd][0xef][0xbf][0xbd]N[0xef][0xbf][0xbd][0xef][0xbf][0xbd][0xef][0xbf][0xbd][0x18]'[0xef][0xbf][0xbd]>|[0xef][0xbf][0xbd]wa[0xef][0xbf][0xbd][0xef][0xbf][0xbd][0xe][0xef][0xbf][0xbd][0x1e][0xef][0xbf][0xbd][0x18][0x1d]h[0x14][0xef][0xbf][0xbd]x[0xef][0xbf][0xbd][0xe][0xef][0xbf][0xbd][0xef][0xbf][0xbd][0xef][0xbf][0xbd]nL?%a[0xef][0xbf][0xbd][0x14][0x6]3[0xef][0xbf][0xbd][0x1d][0xef][0xbf][0xbd][0xef][0xbf][0xbd]_[0x11]r"J[0xef][0xbf][0xbd]l[0xef][0xbf][0xbd]u5'-&[0xe][0x9][0xef][0xbf][0xbd]q0'[0xef][0xbf][0xbd]{[0x1d][0xef][0xbf][0xbd]LC[0xef][0xbf][0xbd][0xef][0xbf][0xbd]A[0xef][0xbf][0xbd][0x1c]>U[0xef][0xbf][0xbd]$c[0xef][0xbf][0xbd][0xef][0xbf][0xbd]i([0xd7][0xba]3Q[0xef][0xbf][0xbd][0xef][0xbf][0xbd][0xef][0xbf][0xbd]*[0xef][0xbf][0xbd][0x12]~k /[0xef][0xbf][0xbd][0xef][0xbf][0xbd][0xef][0xbf][0xbd];[{M[0xef][0xbf][0xbd][0xef][0xbf][0xbd][0x11][0xc2][0x90][0xef][0xbf][0xbd][0xef][0xbf][0xbd]|2[0xef][0xbf][0xbd]j[0xef][0xbf][0xbd][0xef][0xbf][0xbd]#[0xd2][0xa0]&[0xef][0xbf][0xbd]Frj[0xef][0xbf][0xbd]W[0xef][0xbf][0xbd][0xef][0xbf][0xbd][^[0xef][0xbf][0xbd][0xef][0xbf][0xbd]&[0xef][0xbf][0xbd]F[0xef][0xbf][0xbd][0x3][0xef][0xbf][0xbd][0xef][0xbf][0xbd][0xef][0xbf][0xbd]$[0xef][0xbf][0xbd][0xdf][0xa1][0xef][0xbf][0xbd][0xef][0xbf][0xbd][0xef][0xbf][0xbd][0xef][0xbf][0xbd][0xef][0xbf][0xbd][0x1c][0xef][0xbf][0xbd]x[0xef][0xbf][0xbd][0xd4][0x92]O[0xe2][0x88][0x8a][0xef][0xbf][0xbd]qG[0xef][0xbf][0xbd][0xef][0x8c][0xb5]b[0x12][0xef][0xbf][0xbd][0xef][0xbf][0xbd][0xef][0xbf][0xbd][0xef][0xbf][0xbd]TL[0x8][0xef][0xbf][0xbd]Q[0xef][0xbf][0xbd][0xef][0xbf][0xbd][0xef][0xbf][0xbd]a1[0xef][0xbf][0xbd]^[0xef][0xbf][0xbd][0xef][0xbf][0xbd][0x9][0x17][0xef][0xbf][0xbd]5[0xef][0xbf][0xbd][0xef][0xbf][0xbd][0xef][0xbf][0xbd][0xef][0xbf][0xbd]8[0xef][0xbf][0xbd]"[0xef][0xbf][0xbd][0xef][0xbf][0xbd]c[[0x16]w[0xef][0xbf][0xbd][0xef][0xbf][0xbd][0xef][0xbf][0xbd][0xef][0xbf][0xbd][0x1][0xef][0xbf][0xbd][0x0]2[0xef][0xbf][0xbd]P[0xef][0xbf][0xbd][0xef][0xbf][0xbd]"$l[0xef][0xbf][0xbd][0xef][0xbf][0xbd][0x1a][0xc2][0x9d][0xef][0xbf][0xbd][0xef][0xbf][0xbd]7[0xef][0xbf][0xbd]c2J[0xef][0xbf][0xbd][0xef][0xbf][0xbd]D\[0xef][0xbf][0xbd][0x18][0xef][0xbf][0xbd]yD[0xef][0xbf][0xbd][0xef][0xbf][0xbd][0x2]<[0x13][0xef][0xbf][0xbd][0xef][0xbf][0xbd]M>B[0x9]8[0xef][0xbf][0xbd][0xef][0xbf][0xbd][0xef][0xbf][0xbd][0xef][0xbf][0xbd]EL[0xef][0xbf][0xbd]{[0xef][0xbf][0xbd][0xef][0xbf][0xbd]0a.Yb[0xef][0xbf][0xbd]'[0xef][0xbf][0xbd]2[0x5]:6yU[0xef][0xbf][0xbd][0xef][0xbf][0xbd][0xef][0xbf][0xbd][0xef][0xbf][0xbd][0xef][0xbf][0xbd][0xef][0xbf][0xbd][0x1b][0xef][0xbf][0xbd][0xef][0xbf][0xbd]o[0xde][0xb6]F[0xef][0xbf][0xbd][0xef][0xbf][0xbd][0xef][0xbf][0xbd]Dv[0x2][0xef][0xbf][0xbd][0xd7][0xab]4{[0xef][0xbf][0xbd][0xef][0xbf][0xbd][0xef][0xbf][0xbd][0x1][0xef][0xbf][0xbd]+Z)U[0xf][0xef][0xbf][0xbd][\n]"
07:56:28.914 [main] DEBUG org.apache.http.wire -  >> "[0xef][0xbf][0xbd][0xd5][0x82]:"o>Y[0xef][0xbf][0xbd][0xef][0xbf][0xbd]*_[0xef][0xbf][0xbd][0xc]aTG[0x1e][0xef][0xbf][0xbd][0x17]J[0xef][0xbf][0xbd]&[0xef][0xbf][0xbd][0x17][0xef][0xbf][0xbd][0x7][0xef][0xbf][0xbd][0x7]y39[0xef][0xbf][0xbd]&[0x1f][0xef][0xbf][0xbd][[0xef][0xbf][0xbd]6[0xce][0xb1][0xef][0xbf][0xbd]?[0xef][0xbf][0xbd]I[0xef][0xbf][0xbd][0x3][0x19][0xef][0xbf][0xbd][0xef][0xbf][0xbd]/F[0xef][0xbf][0xbd]z([0xef][0xbf][0xbd][0xef][0xbf][0xbd][0xb]GX[0xef][0xbf][0xbd]AH[0xef][0xbf][0xbd][0xef][0xbf][0xbd]M[0x1d]nL[0xef][0xbf][0xbd]l[0xef][0xbf][0xbd]4[0xef][0xbf][0xbd]:[0xef][0xbf][0xbd][0xef][0xbf][0xbd]k[0x19]![0xef][0xbf][0xbd][0xef][0xbf][0xbd][0xef][0xbf][0xbd][0xef][0xbf][0xbd][0x18][0xef][0xbf][0xbd]![0xef][0xbf][0xbd]T$[0xef][0xbf][0xbd][0xef][0xbf][0xbd][0xef][0xbf][0xbd][0x7][0xef][0xbf][0xbd][0xf][0xef][0xbf][0xbd][0xef][0xbf][0xbd]z[0xef][0xbf][0xbd][0xef][0xbf][0xbd][0xe]Ei[0xef][0xbf][0xbd][0xef][0xbf][0xbd][0xc4][0x99][0xef][0xbf][0xbd]L[0xef][0xbf][0xbd]lgo[0xef][0xbf][0xbd][0xef][0xbf][0xbd]Z[0xef][0xbf][0xbd]F[0xe3][0x83][0xa3][0xef][0xbf][0xbd][0xef][0xbf][0xbd][0x11][0xef][0xbf][0xbd][0xef][0xbf][0xbd]7?[0xef][0xbf][0xbd][0xef][0xbf][0xbd]L[0xd2][0x84][0x1d][0xef][0xbf][0xbd][0xef][0xbf][0xbd][0x10][0xef][0xbf][0xbd]3[0xd3][0xae][0x1f]h%e0[0x1a]8[0xef][0xbf][0xbd][0xef][0xbf][0xbd][0xef][0xbf][0xbd]GC[0xef][0xbf][0xbd][0xef][0xbf][0xbd][0xef][0xbf][0xbd]s[0xef][0xbf][0xbd][0xef][0xbf][0xbd]L[0xef][0xbf][0xbd][0x18]Ic^[0xef][0xbf][0xbd]M[0xef][0xbf][0xbd]k.n[0xef][0xbf][0xbd]T[0xb]nS^[0xef][0xbf][0xbd][0xef][0xbf][0xbd]blsk[0xd4][0x8d]n6[0x15]\#[0xef][0xbf][0xbd]'|c,`6[0xef][0xbf][0xbd][0xca][0xa0]2k[0xef][0xbf][0xbd]"s[0xef][0xbf][0xbd][0xef][0xbf][0xbd][[0xef][0xbf][0xbd][0x0][0xef][0xbf][0xbd]g[0xef][0xbf][0xbd]W[0xef][0xbf][0xbd][0x12][0x1b][0xef][0xbf][0xbd][0xef][0xbf][0xbd]<[0xef][0xbf][0xbd][0xef][0xbf][0xbd]J[0xef][0xbf][0xbd]y?L[[0xef][0xbf][0xbd][0xc2][0x8b]TW[0xef][0xbf][0xbd]FHL[0xef][0xbf][0xbd].[0x8][0xef][0xbf][0xbd][0x1c][0xef][0xbf][0xbd][0x1][0xef][0xbf][0xbd][0x1a][0x14][0xef][0xbf][0xbd].[0xc8][0x8b]%[0xf]G[0xef][0xbf][0xbd][0xef][0xbf][0xbd]z[0xef][0xbf][0xbd][0xef][0xbf][0xbd][0xef][0xbf][0xbd][0xef][0xbf][0xbd][0xef][0xbf][0xbd]y<[0xef][0xbf][0xbd][0xef][0xbf][0xbd]?[0xef][0xbf][0xbd][0xef][0xbf][0xbd][0xef][0xbf][0xbd]5[0x1a][0xef][0xbf][0xbd][0xf][0xef][0xbf][0xbd]&[0xef][0xbf][0xbd]G[0xef][0xbf][0xbd][0xef][0xbf][0xbd][0xef][0xbf][0xbd]-[[0xef][0xbf][0xbd][0xef][0xbf][0xbd]PRL[0x1][0xef][0xbf][0xbd].</G[0x1b][0xef][0xbf][0xbd]R[0xef][0xbf][0xbd][0xef][0xbf][0xbd]}[0xef][0xbf][0xbd][0xef][0xbf][0xbd][0xef][0xbf][0xbd][0xef][0xbf][0xbd][0xef][0xbf][0xbd]C[0xef][0xbf][0xbd]d[0xef][0xbf][0xbd][0xef][0xbf][0xbd]BSR[0xef][0xbf][0xbd][0xef][0xbf][0xbd]2[0xef][0xbf][0xbd][0xef][0xbf][0xbd][0xef][0xbf][0xbd][0xef][0xbf][0xbd][0xef][0xbf][0xbd]*[0xef][0xbf][0xbd]6[0xef][0xbf][0xbd][0xef][0xbf][0xbd]8[0xef][0xbf][0xbd],[0xef][0xbf][0xbd][0xef][0xbf][0xbd][0xef][0xbf][0xbd][0xef][0xbf][0xbd]MYH[0xef][0xbf][0xbd]O[0xef][0xbf][0xbd][0xef][0xbf][0xbd][0xef][0xbf][0xbd]bl[0xd2][0x80][0xef][0xbf][0xbd][0x7][0xef][0xbf][0xbd][0xef][0xbf][0xbd]T[0x14][0xef][0xbf][0xbd][0xef][0xbf][0xbd]c[0xef][0xbf][0xbd]|[0xef][0xbf][0xbd][0xef][0xbf][0xbd]E[0x17]C[0xef][0xbf][0xbd][0xef][0xbf][0xbd]9[0xef][0xbf][0xbd][0xef][0xbf][0xbd]s[0x11][0xef][0xbf][0xbd]$[0xef][0xbf][0xbd]d[0xef][0xbf][0xbd][0xef][0xbf][0xbd]H[\r][0xef][0xbf][0xbd][0xca][0x92][0xef][0xbf][0xbd]a[0xef][0xbf][0xbd][0xef][0xbf][0xbd]a[0xef][0xbf][0xbd][0xef][0xbf][0xbd]A[0xef][0xbf][0xbd][0xda][0xa1]xK[0xef][0xbf][0xbd][0xef][0xbf][0xbd][0xef][0xbf][0xbd][0xef][0xbf][0xbd]p9n[0xef][0xbf][0xbd][0xef][0xbf][0xbd]]{T[0xef][0xbf][0xbd]f[0xef][0xbf][0xbd][0xef][0xbf][0xbd][0xf][0x7]y[0xef][0xbf][0xbd][0xef][0xbf][0xbd][0xef][0xbf][0xbd][0xef][0xbf][0xbd][0xef][0xbf][0xbd][0xef][0xbf][0xbd][0xcd][0xbe][0xef][0xbf][0xbd][0xef][0xbf][0xbd][0x16][0xef][0xbf][0xbd]D[0xef][0xbf][0xbd][0xef][0xbf][0xbd][0xef][0xbf][0xbd],{"c[0xef][0xbf][0xbd]P%g[0xef][0xbf][0xbd][0xef][0xbf][0xbd]1eb|[0xef][0xbf][0xbd][0xef][0xbf][0xbd][0x4][0xef][0xbf][0xbd]l6?6[0xef][0xbf][0xbd][0xef][0xbf][0xbd]7zln h[0xef][0xbf][0xbd][0xef][0xbf][0xbd][0xef][0xbf][0xbd])[0xcd][0xa6][0xef][0xbf][0xbd]5[0x3]y[0x1a][0xef][0xbf][0xbd][0xef][0xbf][0xbd]6[0xef][0xbf][0xbd][0xef][0xbf][0xbd]P[0xef][0xbf][0xbd]<=B[0x6][0xe4][0xa7][0x8a][0xc9][0xa6]1#$[0xef][0xbf][0xbd][0xef][0xbf][0xbd][0xef][0xbf][0xbd][0xce][0x91]a[0xef][0xbf][0xbd][0xef][0xbf][0xbd]][0xef][0xbf][0xbd][0xef][0xbf][0xbd][0x18][0xce][0x9c][0xef][0xbf][0xbd]b[0xef][0xbf][0xbd][0xef][0xbf][0xbd][0xef][0xbf][0xbd]&[0xef][0xbf][0xbd][0xef][0xbf][0xbd][0xef][0xbf][0xbd][0xef][0xbf][0xbd][0xef][0xbf][0xbd][0xef][0xbf][0xbd]j4BXD[0x15]([0xe];[0xef][0xbf][0xbd][0xef][0xbf][0xbd] [0x19]5[0xef][0xbf][0xbd]h[0x8][0xef][0xbf][0xbd]b[0xef][0xbf][0xbd][0xef][0xbf][0xbd][0xef][0xbf][0xbd][0xef][0xbf][0xbd]$][0xef][0xbf][0xbd]T[0xef][0xbf][0xbd]9O[0xef][0xbf][0xbd][0xf][0x17][0xef][0xbf][0xbd][0xef][0xbf][0xbd]z[0xef][0xbf][0xbd][0xef][0xbf][0xbd]|[0xef][0xbf][0xbd][0xef][0xbf][0xbd][0xef][0xbf][0xbd]~[0xef][0xbf][0xbd]X[0xef][0xbf][0xbd][0xef][0xbf][0xbd][0x10][0xef][0xbf][0xbd]D[0xef][0xbf][0xbd][0xef][0xbf][0xbd][0xef][0xbf][0xbd][0xef][0xbf][0xbd][0xef][0xbf][0xbd]D[0xef][0xbf][0xbd][0xef][0xbf][0xbd][0xef][0xbf][0xbd]lRU[0xef][0xbf][0xbd][0x16][0xef][0xbf][0xbd][0xef][0xbf][0xbd][0xef][0xbf][0xbd][0xc3][0xbb][0xe][[0xef][0xbf][0xbd][\n]"
07:56:28.936 [main] DEBUG org.apache.http.wire -  >> "I[0xef][0xbf][0xbd][0xef][0xbf][0xbd]j[0xd0][0xa8]R[0xef][0xbf][0xbd]u,[0x11][0x1c]V[0xef][0xbf][0xbd]K[0xb]V`[0xef][0xbf][0xbd][0xef][0xbf][0xbd][0xcd][0x98]T+q[0xef][0xbf][0xbd]f[0xef][0xbf][0xbd][0xef][0xbf][0xbd][0xef][0xbf][0xbd][0x1a][0xc][0xef][0xbf][0xbd][0xef][0xbf][0xbd][0xef][0xbf][0xbd][0xef][0xbf][0xbd]T,I[0xef][0xbf][0xbd]|[0xef][0xbf][0xbd]TL$"_p<*[0x1c][0xef][0xbf][0xbd]C[0xef][0xbf][0xbd]tR[0xef][0xbf][0xbd]+[\r][0x15]_[0xef][0xbf][0xbd]<8C[0xef][0xbf][0xbd][0xef][0xbf][0xbd]@T[0xef][0xbf][0xbd]'j [0xef][0xbf][0xbd][0xef][0xbf][0xbd][0xef][0xbf][0xbd]T[0xef][0xbf][0xbd][0xef][0xbf][0xbd][0xef][0xbf][0xbd][0xef][0xbf][0xbd][0x17][0xc][0x9][0x8][0x6]\2P[0xef][0xbf][0xbd][0x15]j[\r]q[0xef][0xbf][0xbd][0xef][0xbf][0xbd][0xef][0xbf][0xbd][0xef][0xbf][0xbd]P[0xef][0xbf][0xbd]50^cS[0x2][0xef][0xbf][0xbd][0x12][0x9]y=[0xc]=[0xef][0xbf][0xbd][0xef][0xbf][0xbd][0xef][0xbf][0xbd]W[0xe5][0xa7][0xbf][0xef][0xbf][0xbd][0xef][0xbf][0xbd]5[0x1a][0xef][0xbf][0xbd][0xef][0xbf][0xbd][0xef][0xbf][0xbd]&[0xef][0xbf][0xbd][0x13]![0xef][0xbf][0xbd][\n]"
07:56:28.937 [main] DEBUG org.apache.http.wire -  >> "[0xef][0xbf][0xbd][0xef][0xbf][0xbd]+[0xef][0xbf][0xbd]o[0xef][0xbf][0xbd][0xef][0xbf][0xbd][0xef][0xbf][0xbd][0xef][0xbf][0xbd][0x1a][0xef][0xbf][0xbd]%[0xef][0xbf][0xbd][0xef][0xbf][0xbd]c[0xef][0xbf][0xbd]'D[0xef][0xbf][0xbd]z[0xe8][0xba][0x81]5[0x13][\n]"
07:56:28.937 [main] DEBUG org.apache.http.wire -  >> "0[0xef][0xbf][0xbd][0xc]O[0xef][0xbf][0xbd][0xef][0xbf][0xbd][0x1c]^t[0x11][0x1c][0xef][0xbf][0xbd][0xef][0xbf][0xbd]c[0xb][0xef][0xbf][0xbd][0xef][0xbf][0xbd][0xef][0xbf][0xbd]j[0x1][0xef][0xbf][0xbd]2[0xef][0xbf][0xbd][0x16]%[0xef][0xbf][0xbd][0xef][0xbf][0xbd][0xc][0xef][0xbf][0xbd][0xef][0xbf][0xbd][0xef][0xbf][0xbd]17*[0x11][0xef][0xbf][0xbd][0xef][0xbf][0xbd]d[0xef][0xbf][0xbd][0x4][0xef][0xbf][0xbd][0xef][0xbf][0xbd][0xdb][0x8d]g][0xef][0xbf][0xbd][0xef][0xbf][0xbd][0x15]-[0xef][0xbf][0xbd]u~,[0xef][0xbf][0xbd][0xef][0xbf][0xbd][0x13][0xef][0xbf][0xbd]JZ[0x19]9F[0x14][0xef][0xbf][0xbd]^[0xef][0xbf][0xbd]1[0xef][0xbf][0xbd][0xef][0xbf][0xbd]ST[0xef][0xbf][0xbd][0xef][0xbf][0xbd][0xef][0xbf][0xbd][0xef][0xbf][0xbd]<[0xef][0xbf][0xbd][0xc][0xef][0xbf][0xbd]S[0xef][0xbf][0xbd]i[0x19]Qu[0xef][0xbf][0xbd][0xef][0xbf][0xbd]E[0x1d]7[0xef][0xbf][0xbd]0i[0xef][0xbf][0xbd]u.g[0xef][0xbf][0xbd][0xef][0xbf][0xbd]o[0xef][0xbf][0xbd][0xef][0xbf][0xbd]5[0x1a][0xef][0xbf][0xbd][0xef][0xbf][0xbd][0xef][0xbf][0xbd]&[0xef][0xbf][0xbd]G[0xef][0xbf][0xbd][0xef][0xbf][0xbd]:[0xef][0xbf][0xbd][0xef][0xbf][0xbd])[0xef][0xbf][0xbd][0x16][0x1e]SZ[0xef][0xbf][0xbd][0xef][0xbf][0xbd][0xc4][0xac][0xef][0xbf][0xbd][0xef][0xbf][0xbd]V_[0xef][0xbf][0xbd]8d[0xef][0xbf][0xbd][0xef][0xbf][0xbd].[0xef][0xbf][0xbd]S[0xef][0xbf][0xbd][0xef][0xbf][0xbd]K}[0xef][0xbf][0xbd][0xef][0xbf][0xbd][0xef][0xbf][0xbd][0xef][0xbf][0xbd]l![0xef][0xbf][0xbd]T[0x15]lP[0xcc][0x80][0xef][0xbf][0xbd]rf)[0xf][0xef][0xbf][0xbd][0xef][0xbf][0xbd]b[0xc3][0x83])G[0xef][0xbf][0xbd][0xef][0xbf][0xbd]n[0xef][0xbf][0xbd]"[0xef][0xbf][0xbd]I[0xef][0xbf][0xbd][0xef][0xbf][0xbd][0xef][0xbf][0xbd]xVp0[0xef][0xbf][0xbd][0xef][0xbf][0xbd][0x1d][0xd8][0x8b][0xef][0xbf][0xbd]x[0xef][0xbf][0xbd][0xef][0xbf][0xbd]x[0xef][0xbf][0xbd]$R[0xef][0xbf][0xbd][0xef][0xbf][0xbd][0xef][0xbf][0xbd][0xef][0xbf][0xbd]x[0xef][0xbf][0xbd]^[0xc6][0x93][0xef][0xbf][0xbd]h[0x19][0x1e][0xef][0xbf][0xbd]k[0xe]Ak[0xef][0xbf][0xbd][0xef][0xbf][0xbd]L3F)[0xef][0xbf][0xbd][0xef][0xbf][0xbd][0xef][0xbf][0xbd][0xef][0xbf][0xbd]9[0xef][0xbf][0xbd][0xef][0xbf][0xbd][0xef][0xbf][0xbd][0xef][0xbf][0xbd])%+[0xef][0xbf][0xbd][0xef][0xbf][0xbd]kN[0xef][0xbf][0xbd]F[0x17]n[0xef][0xbf][0xbd]'<[0xef][0xbf][0xbd];g[0xef][0xbf][0xbd][0xef][0xbf][0xbd]l[0xef][0xbf][0xbd]b[0xef][0xbf][0xbd][0xef][0xbf][0xbd]p[0xef][0xbf][0xbd]D[0xef][0xbf][0xbd][0xef][0xbf][0xbd]q[0x1e]"
07:56:28.937 [main] DEBUG org.apache.http.wire -  >> "[0xef][0xbf][0xbd]>[0xef][0xbf][0xbd]c[0xef][0xbf][0xbd][0xef][0xbf][0xbd];[0xef][0xbf][0xbd]Z+[0xef][0xbf][0xbd]&j[0x11][0xef][0xbf][0xbd][0xef][0xbf][0xbd]c[0xef][0xbf][0xbd]ZOM[0xef][0xbf][0xbd],[0xef][0xbf][0xbd]y'F[0xef][0xbf][0xbd][0xef][0xbf][0xbd][0xd6][0x8b]X8[0xc8][0xb4]('[0xef][0xbf][0xbd])S[0xef][0xbf][0xbd][0xcd][0x9b][0xe8][0xaa][0x9c][\n]"
07:56:28.938 [main] DEBUG org.apache.http.wire -  >> "i([0xef][0xbf][0xbd][0xef][0xbf][0xbd]b*[0xef][0xbf][0xbd][0xd7][0xb9][0xef][0xbf][0xbd][0x16]z[0xef][0xbf][0xbd][0x10][0xef][0xbf][0xbd][0xdc][0xb4][0xef][0xbf][0xbd]Y[0xef][0xbf][0xbd]ygR*[0xef][0xbf][0xbd][0xef][0xbf][0xbd]Pe[0x12]d[0xef][0xbf][0xbd][0x13]S[0xef][0xbf][0xbd][0xcd][0x93]-U[\n]"
07:56:28.938 [main] DEBUG org.apache.http.wire -  >> "B[0xef][0xbf][0xbd]I[0xef][0xbf][0xbd][0xef][0xbf][0xbd]sc[0xef][0xbf][0xbd]A>+I[0xef][0xbf][0xbd][0xef][0xbf][0xbd][0xef][0xbf][0xbd]>[0xef][0xbf][0xbd][0xef][0xbf][0xbd][0xef][0xbf][0xbd]5+C[0x8][0xef][0xbf][0xbd]][0xef][0xbf][0xbd]S[0x12];[0x1e][0x14]z[0xef][0xbf][0xbd])Y[0xef][0xbf][0xbd]B[0xef][0xbf][0xbd]^3[0xef][0xbf][0xbd]*[0xf][0x3]/c[0xef][0xbf][0xbd][0xef][0xbf][0xbd][0xef][0xbf][0xbd]S[0xef][0xbf][0xbd][0xef][0xbf][0xbd][0xef][0xbf][0xbd]5[0x1a][0xef][0xbf][0xbd][0xef][0xbf][0xbd][0xef][0xbf][0xbd]&[0xef][0xbf][0xbd][0x13]!-[0xef][0xbf][0xbd]\kG+)[0xef][0xbf][0xbd]m[0xef][0xbf][0xbd]j[0xe]"B[0xef][0xbf][0xbd]h[0x6]F][0xef][0xbf][0xbd]nb<X[0x1f][0xef][0xbf][0xbd][0xc2][0x94][0xef][0xbf][0xbd]1[0xef][0xbf][0xbd][0xef][0xbf][0xbd][0xef][0xbf][0xbd][0xef][0xbf][0xbd]m[0x8][0xef][0xbf][0xbd]RD[0x1b][0x7][0xef][0xbf][0xbd]Q[0xef][0xbf][0xbd]9*mn[0xef][0xbf][0xbd][0xde][0x81][0xef][0xbf][0xbd][0xef][0xbf][0xbd][0x1c][0xef][0xbf][0xbd][0x6][\n]"
07:56:28.938 [main] DEBUG org.apache.http.wire -  >> "Y[0xef][0xbf][0xbd]%l[0xef][0xbf][0xbd][0xef][0xbf][0xbd][0x4]'f^[0x2][0xef][0xbf][0xbd]([0xef][0xbf][0xbd][0xef][0xbf][0xbd]w8[0xef][0xbf][0xbd][0xef][0xbf][0xbd]][0xef][0xbf][0xbd][0x2]N[0xef][0xbf][0xbd]V[0x15]D[0xef][0xbf][0xbd][0x11][0xef][0xbf][0xbd]X[0xef][0xbf][0xbd][0xef][0xbf][0xbd][0x3][0x1f][0xef][0xbf][0xbd]|M[0xef][0xbf][0xbd]x[0xef][0xbf][0xbd]\[0xef][0xbf][0xbd][0x9][0xef][0xbf][0xbd][0xef][0xbf][0xbd]y[0xd2][0x96]7 A[0xef][0xbf][0xbd][0xef][0xbf][0xbd]e[0xef][0xbf][0xbd]6.RkI[0xef][0xbf][0xbd]<[0xef][0xbf][0xbd][0xef][0xbf][0xbd]n[0xef][0xbf][0xbd][0xef][0xbf][0xbd];[0xef][0xbf][0xbd]Pl4[0x1e][\r][0xef][0xbf][0xbd][0xef][0xbf][0xbd]N[0x0][0xef][0xbf][0xbd]|&[0xef][0xbf][0xbd]w[0xef][0xbf][0xbd][\n]"
07:56:28.938 [main] DEBUG org.apache.http.wire -  >> "[0xef][0xbf][0xbd]w[0x12][0xef][0xbf][0xbd][0xda][0x90][0x19][0x1a][0xda][0x8e][0xef][0xbf][0xbd][0xef][0xbf][0xbd]v7[0xef][0xbf][0xbd][0xef][0xbf][0xbd][0xef][0xbf][0xbd]b2[0xe6][0x9a][0xb8]3[0xef][0xbf][0xbd]a[0xef][0xbf][0xbd][0xef][0xbf][0xbd][0x8][0xef][0xbf][0xbd][0xd0][0x8e])[0x10]b[0xef][0xbf][0xbd]-[0xef][0xbf][0xbd][0x3]/#[0xef][0xbf][0xbd]-"H?}[0xef][0xbf][0xbd][0x1e][0xef][0xbf][0xbd]j[0xef][0xbf][0xbd]v[0x19]~[0xef][0xbf][0xbd][0xef][0xbf][0xbd],[0x15]b[0xef][0xbf][0xbd]F[0xef][0xbf][0xbd][0xef][0xbf][0xbd]9[0xef][0xbf][0xbd][0xef][0xbf][0xbd]^[0xef][0xbf][0xbd]#[0xef][0xbf][0xbd][0x4]"[0xce][0xbc][0xef][0xbf][0xbd]|[0xef][0xbf][0xbd]D[0xef][0xbf][0xbd]O[0xef][0xbf][0xbd]vt[0xef][0xbf][0xbd]0[0xef][0xbf][0xbd]0([0xef][0xbf][0xbd][0xef][0xbf][0xbd]x!s[0xef][0xbf][0xbd]u[0xef][0xbf][0xbd]Y[0xef][0xbf][0xbd]'[0xef][0xbf][0xbd][0xc9][0xa3]M[0xef][0xbf][0xbd][0xef][0xbf][0xbd][0xef][0xbf][0xbd]ou[0xef][0xbf][0xbd][0x11][0xef][0xbf][0xbd]] [0xef][0xbf][0xbd]I[0xef][0xbf][0xbd][0xef][0xbf][0xbd][0xef][0xbf][0xbd][\r][\n]"
07:56:28.938 [main] DEBUG org.apache.http.wire -  >> "[0xef][0xbf][0xbd][G~[0xef][0xbf][0xbd]W[0xef][0xbf][0xbd][0xef][0xbf][0xbd]6w4[0x1a][0xef][0xbf][0xbd][\n]"
07:56:28.938 [main] DEBUG org.apache.http.wire -  >> "Md'[0x0][0xc][0x1][0xef][0xbf][0xbd]H@[0x10]f[0xef][0xbf][0xbd]"[0xef][0xbf][0xbd][\n]"
07:56:28.938 [main] DEBUG org.apache.http.wire -  >> "[0xef][0xbf][0xbd]*#[0xef][0xbf][0xbd][0xef][0xbf][0xbd][0xef][0xbf][0xbd]Y[0xef][0xbf][0xbd][0xef][0xbf][0xbd][0xef][0xbf][0xbd]V[0xe][0xef][0xbf][0xbd]w[0xef][0xbf][0xbd][0x0][0xef][0xbf][0xbd][0xe]<`[0xef][0xbf][0xbd]2[0xef][0xbf][0xbd]L[0xef][0xbf][0xbd][0x1b][0xef][0xbf][0xbd][0xef][0xbf][0xbd]w[0xef][0xbf][0xbd][0xef][0xbf][0xbd]wqW[0xef][0xbf][0xbd][0x1c][0xef][0xbf][0xbd][0xef][0xbf][0xbd][0xef][0xbf][0xbd]7!G[0xef][0xbf][0xbd][0x7]q[0xef][0xbf][0xbd][0xef][0xbf][0xbd][0xb]9[0xef][0xbf][0xbd][0xef][0xbf][0xbd][0xdf][0xac]jBBu[0x13]Q[0xef][0xbf][0xbd]/AZ[0xef][0xbf][0xbd][0xef][0xbf][0xbd]+[0xef][0xbf][0xbd][0xc9][0x9a][0xef][0xbf][0xbd][0xef][0xbf][0xbd]s[0xef][0xbf][0xbd]4[0xd7][0x8e][0xef][0xbf][0xbd][0x8]^2[0xd6][0x80]I|[0xef][0xbf][0xbd]g[0xef][0xbf][0xbd][0xef][0xbf][0xbd]K[0xef][0xbf][0xbd][0xef][0xbf][0xbd]U[0xef][0xbf][0xbd][0x10]`([0xd3][0x9a]1[0xf][0xef][0xbf][0xbd] }[0xef][0xbf][0xbd]{[0xef][0xbf][0xbd]4M[0xef][0xbf][0xbd][0xef][0xbf][0xbd][0xcf][0xbe][0xef][0xbf][0xbd]3[0xef][0xbf][0xbd]S[0xef][0xbf][0xbd]h4[0x1e][0x19][0xef][0xbf][0xbd][0xef][0xbf][0xbd]N[0x4][0xef][0xbf][0xbd]Z[0xef][0xbf][0xbd][0xef][0xbf][0xbd][0xef][0xbf][0xbd]gx[0xcd][0x8f][0xef][0xbf][0xbd]>d 1[0x15][0xc][0x12]s[0xef][0xbf][0xbd]"[\n]"
07:56:28.938 [main] DEBUG org.apache.http.wire -  >> ",[0xef][0xbf][0xbd]X[0xef][0xbf][0xbd][0xef][0xbf][0xbd]>.[0xe]G[0x15]UBkfS[0x1d][0x1a]#[0xef][0xbf][0xbd] [+[0xef][0xbf][0xbd]B[0xef][0xbf][0xbd]S[0xef][0xbf][0xbd][0x17][0xef][0xbf][0xbd]>[0xef][0xbf][0xbd]3[0x1d][0x7][0x3]{[0xef][0xbf][0xbd][0xef][0xbf][0xbd]a|[0xef][0xbf][0xbd][0xef][0xbf][0xbd]<[0xef][0xbf][0xbd][0xef][0xbf][0xbd]\X[0xef][0xbf][0xbd]][0xef][0xbf][0xbd][0xef][0xbf][0xbd][0xd0][0xa5][0xef][0xbf][0xbd][0xef][0xbf][0xbd][0x10][0xef][0xbf][0xbd]\[0x6][0xef][0xbf][0xbd][0xef][0xbf][0xbd][0xef][0xbf][0xbd][0xef][0xbf][0xbd]6eR[0xef][0xbf][0xbd])[0xef][0xbf][0xbd]&f[0xc2][0xb0][0x1c][0xef][0xbf][0xbd][0xef][0xbf][0xbd]4[0xef][0xbf][0xbd][0xef][0xbf][0xbd]Y[0xef][0xbf][0xbd][0xef][0xbf][0xbd][0xef][0xbf][0xbd][0xef][0xbf][0xbd]>[0x1a][0xef][0xbf][0xbd]R[0xef][0xbf][0xbd]f`=[0xef][0xbf][0xbd][0xef][0xbf][0xbd][0xef][0xbf][0xbd][0xdd][0xb8]i[0xef][0xbf][0xbd]F[0xe3][0x91][0xa2][0xef][0xbf][0xbd][0xef][0xbf][0xbd][0xef][0xbf][0xbd][0xef][0xbf][0xbd]Jz[0x17]Ok;[0x1c][0x10][0xef][0xbf][0xbd][0xef][0xbf][0xbd]-[0xef][0xbf][0xbd][0xef][0xbf][0xbd]j&=I[0xef][0xbf][0xbd]k([0x16][0xef][0xbf][0xbd]Md[0xef][0xbf][0xbd]dY[0xf][0xef][0xbf][0xbd][0xef][0xbf][0xbd]ck[0x1a][0xef][0xbf][0xbd][0xc]1{[0xc][0x7]e[0xef][0xbf][0xbd]R[0xd9][0x89][0xef][0xbf][0xbd]R[0x8]S-[0xef][0xbf][0xbd][0xef][0xbf][0xbd][0xef][0xbf][0xbd]X[0xef][0xbf][0xbd][0x1d]ulGr[0xe7][0xa0][0xa4]vU8lB2x[0xef][0xbf][0xbd][\r][0xef][0xbf][0xbd][0xef][0xbf][0xbd]bf[0xdc][0xb2][0x1a][0xef][0xbf][0xbd][0xef][0xbf][0xbd]Qs/f1[0xef][0xbf][0xbd]7[0x9]/X[0xef][0xbf][0xbd][0xef][0xbf][0xbd]([0xef][0xbf][0xbd]f[0x15][\n]"
07:56:28.938 [main] DEBUG org.apache.http.wire -  >> "EX1[0x1d][0xef][0xbf][0xbd][0xef][0xbf][0xbd]7[0xb]u[0xef][0xbf][0xbd]&M[0x9]}[0xef][0xbf][0xbd]{[0x10][0xef][0xbf][0xbd]J4;[0xef][0xbf][0xbd][0xef][0xbf][0xbd][0xef][0xbf][0xbd]W~[0xef][0xbf][0xbd][0xef][0xbf][0xbd][0x1d][0xef][0xbf][0xbd][0xc6][0xa3]F[0x13][0xef][0xbf][0xbd]#[0xef][0xbf][0xbd][0xce][0xa6][0xef][0xbf][0xbd][0xef][0xbf][0xbd][0xef][0xbf][0xbd][0x4]q[0xef][0xbf][0xbd][0xef][0xbf][0xbd][0x18][0xef][0xbf][0xbd][0xef][0xbf][0xbd][0xef][0xbf][0xbd]t[0x1c];[0x14][0xef][0xbf][0xbd][0xef][0xbf][0xbd][0x12]q[0xef][0xbf][0xbd][0xe] [0xef][0xbf][0xbd][0xef][0xbf][0xbd][0xc9][0xb6]X[0xdd][0xb7]tR[0xef][0xbf][0xbd][0xef][0xbf][0xbd][0x1a][0x13][0xef][0xbf][0xbd][0xef][0xbf][0xbd]1[0xef][0xbf][0xbd][0xef][0xbf][0xbd][0x0][0xef][0xbf][0xbd][0xef][0xbf][0xbd]Q[0xef][0xbf][0xbd][0xef][0xbf][0xbd]m[\n]"
07:56:28.938 [main] DEBUG org.apache.http.wire -  >> "[0x18][0xe][0xce][0x90]<[0x12][0xef][0xbf][0xbd][0xef][0xbf][0xbd][0xef][0xbf][0xbd][0x18]%[0xef][0xbf][0xbd]K[0xef][0xbf][0xbd][0xef][0xbf][0xbd]TUn[0xef][0xbf][0xbd][0x1a][0xef][0xbf][0xbd]][0xef][0xbf][0xbd][0xef][0xbf][0xbd][0xef][0xbf][0xbd][0x10]l#[0xef][0xbf][0xbd][0xef][0xbf][0xbd][0x10]r[0xef][0xbf][0xbd]dAQO[0xef][0xbf][0xbd]$[0xef][0xbf][0xbd][0xef][0xbf][0xbd][0xef][0xbf][0xbd][0xef][0xbf][0xbd]'[0xef][0xbf][0xbd]q[0xef][0xbf][0xbd]q)[0x1d][0xef][0xbf][0xbd][0x1d],[0xef][0xbf][0xbd][0xef][0xbf][0xbd][0xef][0xbf][0xbd]7[0xef][0xbf][0xbd];[0xef][0xbf][0xbd]([0xef][0xbf][0xbd]e[0xef][0xbf][0xbd][0x8]w[0xef][0xbf][0xbd]|[0xef][0xbf][0xbd][0xef][0xbf][0xbd][0x1d][0xef][0xbf][0xbd][0xef][0xbf][0xbd])[0xef][0xbf][0xbd]D[0xef][0xbf][0xbd][0xc8][0xb1][0xef][0xbf][0xbd][[0xef][0xbf][0xbd][0xb]k[0x11]Fh[0xef][0xbf][0xbd][0xef][0xbf][0xbd][0x13]#[0xd4][0x86]<Q[0xef][0xbf][0xbd]kY[0xef][0xbf][0xbd][0xef][0xbf][0xbd]][0xef][0xbf][0xbd]F[0xef][0xbf][0xbd]+\>[0xef][0xbf][0xbd][0xef][0xbf][0xbd]1[0xef][0xbf][0xbd]+[0xef][0xbf][0xbd][0xef][0xbf][0xbd]ra4[0xef][0xbf][0xbd][0x14][0xef][0xbf][0xbd]g x(@[0xef][0xbf][0xbd]'[0xef][0xbf][0xbd][0xef][0xbf][0xbd]Ph9.[0xef][0xbf][0xbd]w?[0xef][0xbf][0xbd]C[0xef][0xbf][0xbd]\[0x18][0xef][0xbf][0xbd][0xef][0xbf][0xbd][0xef][0xbf][0xbd][0x8][0xef][0xbf][0xbd][0xef][0xbf][0xbd]8[0x8][0x13]j[0xef][0xbf][0xbd][0xef][0xbf][0xbd]S3[0xef][0xbf][0xbd][0xef][0xbf][0xbd]Q[0xef][0xbf][0xbd][0xef][0xbf][0xbd]+4[0xef][0xbf][0xbd][0xef][0xbf][0xbd][0x9][0xef][0xbf][0xbd][0xef][0xbf][0xbd]]%[0xef][0xbf][0xbd]I{[0xef][0xbf][0xbd][0xef][0xbf][0xbd][0xdc][0x99]g[0xb]5[0xef][0xbf][0xbd][0xef][0xbf][0xbd][0xef][0xbf][0xbd][0xef][0xbf][0xbd][0xc8][0x96][0xca][0x89][0xef][0xbf][0xbd][0xef][0xbf][0xbd][0xc][0xef][0xbf][0xbd](9[0xef][0xbf][0xbd],[0xef][0xbf][0xbd][0x1e][0xef][0xbf][0xbd][0xef][0xbf][0xbd][0xef][0xbf][0xbd]?[0xef][0xbf][0xbd][0xef][0xbf][0xbd][0xef][0xbf][0xbd][0xef][0xbf][0xbd]]k4[0x1a]'A[0x13][0xef][0xbf][0xbd]#[0xef][0xbf][0xbd][\r]3:[0xe1][0x9c][0x9e][0xef][0xbf][0xbd][0xd9][0xb4]W*[0xef][0xbf][0xbd][0x1d];q[0xef][0xbf][0xbd][0xef][0xbf][0xbd][0x17][0x11]QFF[0xef][0xbf][0xbd][0xef][0xbf][0xbd][0xef][0xbf][0xbd][0xef][0xbf][0xbd]XL[0xd1][0x89][0xef][0xbf][0xbd]2[0x1f][0xef][0xbf][0xbd][0xef][0xbf][0xbd]][0x1e]43r[0x10]H[0x19][0xef][0xbf][0xbd][0xcc][0x9d]-[0x17]|32[0xef][0xbf][0xbd][\r][0xef][0xbf][0xbd][0xef][0xbf][0xbd][0x4]j$[0xef][0xbf][0xbd]H[0x5][0x1a][0xef][0xbf][0xbd]Y[0xef][0xbf][0xbd]-9[0x2][0xef][0xbf][0xbd][0xf][0xef][0xbf][0xbd]r[0xef][0xbf][0xbd][0xef][0xbf][0xbd][0xef][0xbf][0xbd][0xde][0x99][0xef][0xbf][0xbd]y[0xef][0xbf][0xbd][0xef][0xbf][0xbd][0xef][0xbf][0xbd][0xef][0xbf][0xbd]#h[0xef][0xbf][0xbd]eyXSn[0xef][0xbf][0xbd]i[0xef][0xbf][0xbd][0xef][0xbf][0xbd]e[0xef][0xbf][0xbd]kV%'[\n]"
07:56:28.939 [main] DEBUG org.apache.http.wire -  >> "[\n]"
07:56:28.939 [main] DEBUG org.apache.http.wire -  >> "l[0xef][0xbf][0xbd]u[0xef][0xbf][0xbd][0xe][0x12][0xef][0xbf][0xbd][0xef][0xbf][0xbd][0xef][0xbf][0xbd][0xef][0xbf][0xbd]bV[0xef][0xbf][0xbd]!c[0xef][0xbf][0xbd][0xef][0xbf][0xbd][0xef][0xbf][0xbd]q[0xef][0xbf][0xbd]_[0xdf][0x9d][0xef][0xbf][0xbd]`[0xef][0xbf][0xbd]F[0xef][0xbf][0xbd]dh";[0x1][0xd6][0x87]L[0xef][0xbf][0xbd]C[0x2][0xef][0xbf][0xbd][0xef][0xbf][0xbd]h[0xc6][0xb4]i[0xef][0xbf][0xbd][0xef][0xbf][0xbd]h[0xef][0xbf][0xbd][0xef][0xbf][0xbd]p;[0xe6][0x8d][0xaa][0xef][0xbf][0xbd]w[0xef][0xbf][0xbd]T!=[0xef][0xbf][0xbd]rw[0xc6][0xbc]2_Dy5[0xef][0xbf][0xbd][0xef][0xbf][0xbd]z[0xef][0xbf][0xbd]4' [0xef][0xbf][0xbd][0xef][0xbf][0xbd],[0xef][0xbf][0xbd][0xef][0xbf][0xbd][0x3][0xef][0xbf][0xbd][0x4]:[0xef][0xbf][0xbd][0x4]8[0xef][0xbf][0xbd]j[0xef][0xbf][0xbd](5u6B[0x1c]<n[0x18]k[0xef][0xbf][0xbd][0x18][0xef][0xbf][0xbd]\[0xef][0xbf][0xbd]U[0xca][0x87][0x17])65[0xda][0xb8]t e[0xef][0xbf][0xbd]DS[0xef][0xbf][0xbd][0xef][0xbf][0xbd][0x1d][0xef][0xbf][0xbd]n[0xf][0xef][0xbf][0xbd]}Z[0xef][0xbf][0xbd]+[0xef][0xbf][0xbd][0xef][0xbf][0xbd]n[0xef][0xbf][0xbd][0xef][0xbf][0xbd][0xef][0xbf][0xbd][0xef][0xbf][0xbd]2\[0xef][0xbf][0xbd][0xef][0xbf][0xbd]9V[0xe][0xef][0xbf][0xbd][0xef][0xbf][0xbd][0xef][0xbf][0xbd][0xef][0xbf][0xbd]{[0xef][0xbf][0xbd]O)[0xef][0xbf][0xbd][0xef][0xbf][0xbd][0xef][0xbf][0xbd][0x7][0xef][0xbf][0xbd][0xef][0xbf][0xbd][0xef][0xbf][0xbd][0xd6][0x83]{[0xdd][0xb9][0xef][0xbf][0xbd][0xef][0xbf][0xbd]8%[0xef][0xbf][0xbd][0xef][0xbf][0xbd][0x1e]1[0xef][0xbf][0xbd][0xcd][0xac]Z[0xc][0xef][0xbf][0xbd]Po9[0xef][0xbf][0xbd]Z2[0xef][0xbf][0xbd][0xef][0xbf][0xbd]cY[0xef][0xbf][0xbd][0xef][0xbf][0xbd]I[0x14]m]x[0xef][0xbf][0xbd][0xef][0xbf][0xbd]3j[0xef][0xbf][0xbd]j5[0xef][0xbf][0xbd]B[0xb][0xef][0xbf][0xbd][0xef][0xbf][0xbd][0x18][0xef][0xbf][0xbd][0xef][0xbf][0xbd]L1[0xef][0xbf][0xbd][0xef][0xbf][0xbd]MG[0xca][0x85][0xef][0xbf][0xbd][0xef][0xbf][0xbd][0xef][0xbf][0xbd][0xc6][0xbc][0xef][0xbf][0xbd][0xef][0xbf][0xbd][0xef][0xbf][0xbd]\[0xef][0xbf][0xbd][0xef][0xbf][0xbd][0x19]9[0xef][0xbf][0xbd]R[0x19][0xef][0xbf][0xbd][0xef][0xbf][0xbd][0xef][0xbf][0xbd]n[0x1a] [0xef][0xbf][0xbd][0xef][0xbf][0xbd][0x4][0xef][0xbf][0xbd]L0s3[0xef][0xbf][0xbd](r^8[0x3][0xef][0xbf][0xbd]T[0xef][0xbf][0xbd]'[0xef][0xbf][0xbd][0xc8][0xbb]M[0xef][0xbf][0xbd](_[0xef][0xbf][0xbd][0xef][0xbf][0xbd][0xc4][0x98][0xef][0xbf][0xbd]fY[0xef][0xbf][0xbd][0xef][0xbf][0xbd]Q[0xef][0xbf][0xbd][0xef][0xbf][0xbd][0xef][0xbf][0xbd]J[0xef][0xa6][0xb9][0xef][0xbf][0xbd]:[0xef][0xbf][0xbd][0xef][0xbf][0xbd][0xef][0xbf][0xbd]_[0xef][0xbf][0xbd]B6[0xef][0xbf][0xbd])[0xc9][0x94][0xef][0xbf][0xbd]Dh7v/|[0xef][0xbf][0xbd]^?[[0xef][0xbf][0xbd][0xef][0xbf][0xbd]85[0xef][0xbf][0xbd][0xef][0xbf][0xbd]N[0xef][0xbf][0xbd][0xef][0xbf][0xbd]![0xef][0xbf][0xbd][0xef][0xbf][0xbd]#[0xcc][0xaa][0x18]8[0xef][0xbf][0xbd]Y[0xef][0xbf][0xbd][0xef][0xbf][0xbd]4[0xef][0xbf][0xbd][0xef][0xbf][0xbd]n;[0xef][0xbf][0xbd][0x4]t[0xef][0xbf][0xbd][0x0]y[0xef][0xbf][0xbd][0xef][0xbf][0xbd]>y}[0xef][0xbf][0xbd][0xef][0xbf][0xbd][0xd9][0x86][0x18]M[0xef][0xbf][0xbd]R[0xef][0xbf][0xbd][0x12][0x2][0x1b][0x1f]M[0x1]AI[0xef][0xbf][0xbd][0xef][0xbf][0xbd][0xce][0x8b][0xef][0xbf][0xbd]L[0xef][0xbf][0xbd]76n[0xc5][0x9c][\r]rE[0xd3][0xb3][0xef][0xbf][0xbd][0xef][0xbf][0xbd][0xef][0xbf][0xbd]Kf[0xef][0xbf][0xbd][0xef][0xbf][0xbd]$T[0xef][0xbf][0xbd]X[0xef][0xbf][0xbd]QN[0x12][0xf][0xef][0xbf][0xbd][0xef][0xbf][0xbd][0x1]Ed[0xef][0xbf][0xbd]=s[0xef][0xbf][0xbd][0xef][0xbf][0xbd][0xef][0xbf][0xbd][0x2][0xef][0xbf][0xbd]rN[0xef][0xbf][0xbd]m[0xef][0xbf][0xbd]$[0xef][0xbf][0xbd][0xe8][0xa1][0xa5][\n]"
07:56:28.939 [main] DEBUG org.apache.http.wire -  >> "d[0xd7][0xad]![0xef][0xbf][0xbd]D[0xef][0xbf][0xbd]M[0xef][0xbf][0xbd]b[0xef][0xbf][0xbd][0xef][0xbf][0xbd]Jw[0xef][0xbf][0xbd][0xef][0xbf][0xbd]g[0xef][0xbf][0xbd][0xef][0xbf][0xbd][0xef][0xbf][0xbd]g[0xef][0xbf][0xbd]F[0xef][0xbf][0xbd][0xef][0xbf][0xbd]h"{[0xef][0xbf][0xbd][0xef][0xbf][0xbd]_[0xef][0xbf][0xbd]3[0xef][0xbf][0xbd][0xef][0xbf][0xbd]][0xef][0xbf][0xbd][0xe5][0xb0][0x83][\n]"
07:56:28.939 [main] DEBUG org.apache.http.wire -  >> "[0xef][0xbf][0xbd][0xc6][0xba][0xef][0xbf][0xbd]k[0x4]C[0xef][0xbf][0xbd]U[0xef][0xbf][0xbd]%&[0xef][0xbf][0xbd][0xef][0xbf][0xbd][0x1d][0xc8][0xbf]9[0xef][0xbf][0xbd]62|[0xef][0xbf][0xbd]9[0x1c][0xef][0xbf][0xbd]0=[0xef][0xbf][0xbd][0xef][0xbf][0xbd][0xef][0xbf][0xbd][0x1c][0xcb][0xb7]]0[0xef][0xbf][0xbd]'[0xef][0xbf][0xbd][0xef][0xbf][0xbd][\n]"
07:56:28.939 [main] DEBUG org.apache.http.wire -  >> "0[0x9][0xef][0xbf][0xbd][0xef][0xbf][0xbd]87[0xef][0xbf][0xbd][0xef][0xbf][0xbd][0xef][0xbf][0xbd][0x13][0xef][0xbf][0xbd]d[0xef][0xbf][0xbd][0xef][0xbf][0xbd][0xef][0xbf][0xbd]^B[0xef][0xbf][0xbd]c[0xef][0xbf][0xbd]lS[0xef][0xbf][0xbd]t[0xef][0xbf][0xbd]dP[0xef][0xbf][0xbd][0xef][0xbf][0xbd]b[0xef][0xbf][0xbd][0xef][0xbf][0xbd][0xef][0xbf][0xbd]NTv[0xef][0xbf][0xbd][0x1a][0xef][0xbf][0xbd]b[0xef][0xbf][0xbd][0xef][0xbf][0xbd];j[\n]"
07:56:28.939 [main] DEBUG org.apache.http.wire -  >> "[0x1c][0xc9][0x8c][0xef][0xbf][0xbd]S[0xef][0xbf][0xbd]:#[0xef][0xbf][0xbd][0xd7][0xac][0x1e]9[0xef][0xbf][0xbd]^[0x5][0xef][0xbf][0xbd][0xef][0xbf][0xbd][0xef][0xbf][0xbd]g[0xef][0xbf][0xbd][0xef][0xbf][0xbd][0xef][0xbf][0xbd][0xef][0xbf][0xbd]][0xef][0xbf][0xbd][0xef][0xbf][0xbd]h\[0x12][0xef][0xbf][0xbd][0xef][0xbf][0xbd][0x1e]1[0xef][0xbf][0xbd]o[0x4][0xef][0xbf][0xbd][0xef][0xbf][0xbd]]L[0xc]S[0x9]1[A[0xe1][0xbd][0xac][0xef][0xbf][0xbd][0x19]?[0xef][0xbf][0xbd]<[0xef][0xbf][0xbd][0x10][0xef][0xbf][0xbd][0xef][0xbf][0xbd][0x1f][0x1f][0xef][0xbf][0xbd][0xef][0xbf][0xbd]MrV[0xef][0xbf][0xbd][0xef][0xbf][0xbd][0xef][0xbf][0xbd]*[0xef][0xbf][0xbd][0xef][0xbf][0xbd]\[0xef][0xbf][0xbd][0xef][0xbf][0xbd]yM[\n]"
07:56:28.939 [main] DEBUG org.apache.http.wire -  >> "t[0xef][0xbf][0xbd][0xef][0xbf][0xbd][0xef][0xbf][0xbd][0x6][0xef][0xbf][0xbd][0xef][0xbf][0xbd][0x19]H[0x5]|[0xef][0xbf][0xbd][0xef][0xbf][0xbd]2[0xef][0xbf][0xbd]H7Q[0xef][0xbf][0xbd][0x17]O[0xef][0xbf][0xbd][0x1b][0xef][0xbf][0xbd]y[0xef][0xbf][0xbd]5[0xef][0xbf][0xbd]WRL[0xef][0xbf][0xbd]",*[0xef][0xbf][0xbd][0xc7][0x88][0xef][0xbf][0xbd]I[0xef][0xbf][0xbd][0x1d][0xb][0xef][0xbf][0xbd][0x2][0x1b][0x1c]_0[0xef][0xbf][0xbd][0x1e][0xef][0xbf][0xbd]7[0xc2][0xa7][0x18]nL[0xef][0xbf][0xbd][0xc9][0x99][0xef][0xbf][0xbd][0x1d][0xc]2o[0xef][0xbf][0xbd]{[0xe3][0xa9][0x9b][0xef][0xbf][0xbd]h4.[\r]Md[0xef][0xbf][0xbd][0xef][0xbf][0xbd][0xef][0xbf][0xbd]3[0xef][0xbf][0xbd]$k[0x13][0xef][0xbf][0xbd]j[0xef][0xbf][0xbd]4[0xef][0xbf][0xbd]e[0xef][0xbf][0xbd]c[0xef][0xbf][0xbd]6[0xef][0xbf][0xbd][0x15]4<[0xd4][0xbe][0xef][0xbf][0xbd][0xef][0xbf][0xbd][0xef][0xbf][0xbd][0xef][0xbf][0xbd][0xf][0xdd][0x8c]a>[\n]"
07:56:28.939 [main] DEBUG org.apache.http.wire -  >> "[0xef][0xbf][0xbd]<[0xef][0xbf][0xbd][0xef][0xbf][0xbd][0xef][0xbf][0xbd][0xef][0xbf][0xbd][0xc][0xef][0xbf][0xbd][0xc7][0xa7][0x1]sHn[0x5].$[0xef][0xbf][0xbd]U[0xf][0xef][0xbf][0xbd]e[0x1c]HZ[0xe][0xef][0xbf][0xbd][0xc4][0xa3]>[0xef][0xbf][0xbd];[0xef][0xbf][0xbd]8[0x15][0xef][0xbf][0xbd][0xef][0xbf][0xbd][0xef][0xbf][0xbd]B[0xef][0xbf][0xbd][0xef][0xbf][0xbd]s[0x1e]F[0xef][0xbf][0xbd][0xcb][0x93][0xef][0xbf][0xbd]c[0xef][0xbf][0xbd][0x17]o[0xef][0xbf][0xbd][0x17][0xef][0xbf][0xbd][0xef][0xbf][0xbd]j[0xef][0xbf][0xbd]Oj[0xef][0xbf][0xbd][0xef][0xbf][0xbd][0xc5][0x84][0xef][0xbf][0xbd][0xd0][0xb0][0xef][0xbf][0xbd][0xef][0xbf][0xbd][0xef][0xbf][0xbd]&^[0xef][0xbf][0xbd]0)MK[0x12][0xef][0xbf][0xbd][0xef][0xbf][0xbd]E[0xcf][0x8d][0xef][0xbf][0xbd][0xe5][0xa2][0x89][0xef][0xbf][0xbd][0x11]#[0xef][0xbf][0xbd][0xef][0xbf][0xbd]%[0xf]3[0xef][0xbf][0xbd][0x5][[0xef][0xbf][0xbd][\r]G[0xef][0xbf][0xbd]Y[0xef][0xbf][0xbd][0xef][0xbf][0xbd][0x10] C[0x10]m[0x1e]K^W#[0xdf][0xb1][0xef][0xbf][0xbd][0x7]b_[0xd3][0xb6][0x19]:[0xef][0xbf][0xbd][0xef][0xbf][0xbd][0xef][0xbf][0xbd][0xef][0xbf][0xbd]I[0xef][0xbf][0xbd]Z [0x16]e[0xef][0xbf][0xbd][0xef][0xbf][0xbd]\[0xef][0xbf][0xbd]GSa[0xef][0xbf][0xbd][0xef][0xbf][0xbd]F[0xef][0xbf][0xbd]n[0xef][0xbf][0xbd]Fc[0x5]%[0x1d]H2[0xef][0xbf][0xbd][0x13]G[0x18][0xcf][0xaa][0xef][0xbf][0xbd][0x17][0xef][0xbf][0xbd]e[0xef][0xbf][0xbd][0xef][0xbf][0xbd]"[0xef][0xbf][0xbd][0xef][0xbf][0xbd]D[0xef][0xbf][0xbd][0xef][0xbf][0xbd][0xef][0xbf][0xbd]&[0xef][0xbf][0xbd][0xef][0xbf][0xbd]<[0xef][0xbf][0xbd][0xef][0xbf][0xbd][0xef][0xbf][0xbd][0xef][0xbf][0xbd]#P[0xef][0xbf][0xbd][0xef][0xbf][0xbd]H[[0xef][0xbf][0xbd][0xef][0xbf][0xbd]AD[0xef][0xbf][0xbd][0xef][0xbf][0xbd][0xef][0xbf][0xbd][0xef][0xbf][0xbd]x\[0xef][0xbf][0xbd][0xef][0xbf][0xbd][0xef][0xbf][0xbd]5\[0xef][0xbf][0xbd]^T[0x17][0x13][0xef][0xbf][0xbd][0xef][0xbf][0xbd][0xef][0xbf][0xbd][0x17]k4.[0x1f]Md'[0x2][0xef][0xbf][0xbd][0xef][0xbf][0xbd][0x8][0x17][0xef][0xbf][0xbd][0xef][0xbf][0xbd]yx[0xef][0xbf][0xbd][0xc6][0x86][0x17][0xef][0xbf][0xbd][0xef][0xbf][0xbd]Th[0xef][0xbf][0xbd][0xef][0xbf][0xbd][0xef][0xbf][0xbd][0xef][0xbf][0xbd][0xef][0xbf][0xbd][0x14]R[0xef][0xbf][0xbd]\[0x6]??[0x14][0xef][0xbf][0xbd];[0xef][0xbf][0xbd]$[0xef][0xbf][0xbd]A[0x18].[0xef][0xbf][0xbd]y[0xef][0xbf][0xbd]G<pa[0xef][0xbf][0xbd][0xef][0xbf][0xbd]e[0xef][0xbf][0xbd][0xb][0xef][0xbf][0xbd][0xda][0x87][0xef][0xbf][0xbd][0xef][0xbf][0xbd][0xef][0xbf][0xbd][0xef][0xbf][0xbd][0xef][0xbf][0xbd][0xef][0xbf][0xbd]=[0xef][0xbf][0xbd][0xef][0xbf][0xbd][0xd3][0xa4]U[0xef][0xbf][0xbd]k[0xef][0xbf][0xbd][0x14]s[0xef][0xbf][0xbd]Hrmkr[0xef][0xbf][0xbd]h[0xef][0xbf][0xbd])z0[0xef][0xbf][0xbd]X[0x5][0xef][0xbf][0xbd]AR4r[0xef][0xbf][0xbd][0xef][0xbf][0xbd]M[0xef][0xbf][0xbd]E=z%6[0xef][0xbf][0xbd][0xd9][0x98][0x1c][0xef][0xbf][0xbd]<[0xef][0xbf][0xbd]db1[0xef][0xbf][0xbd]![[0xef][0xbf][0xbd]bw[0xef][0xbf][0xbd][0xef][0xbf][0xbd]h\:[0xef][0xbf][0xbd][0xef][0xbf][0xbd][0x1e]1[0xef][0xbf][0xbd]M[0xef][0xbf][0xbd][0x7]:[0xdf][0xa3]s[0xef][0xbf][0xbd][0xef][0xbf][0xbd][0xef][0xbf][0xbd]B[0xef][0xbf][0xbd]G[0xef][0xbf][0xbd][0xdc][0xa9][0x11][0x10]`[0xef][0xbf][0xbd]S/f[0xef][0xbf][0xbd][0xef][0xbf][0xbd][0xdb][0x94][0x13][0xef][0xbf][0xbd]d1=I[0xef][0xbf][0xbd][0xef][0xbf][0xbd]+[0xef][0xbf][0xbd]9[0xc3][0x83][0xef][0xbf][0xbd]"
07:56:28.940 [main] DEBUG org.apache.http.wire -  >> "[0xef][0xbf][0xbd];[0xef][0xbf][0xbd]k(^[0xef][0xbf][0xbd]\S[0xef][0xbf][0xbd]h[0x5]X[0xef][0xbf][0xbd][0xef][0xbf][0xbd][0xef][0xbf][0xbd]8[0xef][0xbf][0xbd]4R[0xef][0xbf][0xbd]<@[0xef][0xbf][0xbd][0xef][0xbf][0xbd][0x1c][0xef][0xbf][0xbd]\u`[0xef][0xbf][0xbd]\[0xef][0xbf][0xbd][0xef][0xbf][0xbd]Z$e[0xef][0xbf][0xbd]][0xef][0xbf][0xbd][0xef][0xbf][0xbd][0xef][0xbf][0xbd][0xef][0xbf][0xbd]0[0xef][0xbf][0xbd][0xef][0xbf][0xbd][0xef][0xbf][0xbd]A-[0xce][0xb6][0xef][0xbf][0xbd]T[0xef][0xbf][0xbd][0xef][0xbf][0xbd]svQs[0xc8][0xa1][0xef][0xbf][0xbd][0xef][0xbf][0xbd][0xef][0xbf][0xbd]|[0xef][0xbf][0xbd][0xef][0xbf][0xbd][0xef][0xbf][0xbd]W|[0xef][0xbf][0xbd]I[0xef][0xbf][0xbd]&[0xef][0xbf][0xbd][0xef][0xbf][0xbd][0xef][0xbf][0xbd]w?[0xef][0xbf][0xbd]m7[0xef][0xbf][0xbd][0xef][0xbf][0xbd]h\[0x9]4[0xef][0xbf][0xbd][0xef][0xbf][0xbd][0x8]Y[0xcc][0xbc][0xef][0xbf][0xbd][0xef][0xbf][0xbd]9[X[0xef][0xbf][0xbd][0x7]([0xef][0xbf][0xbd]@l[0xd3][0xbe][0xef][0xbf][0xbd]m[0xef][0xbf][0xbd][0xef][0xbf][0xbd][0x18][0xef][0xbf][0xbd]c%[0xef][0xbf][0xbd][0xef][0xbf][0xbd]^[0x6]T[0x6]7[0xef][0xbf][0xbd][0xef][0xbf][0xbd]a[0xef][0xbf][0xbd][0xef][0xbf][0xbd][0x18][0xef][0xbf][0xbd][0x19][0xef][0xbf][0xbd]4t[0x15][0xef][0xbf][0xbd][0xef][0xbf][0xbd] [0xef][0xbf][0xbd][0xef][0xbf][0xbd][0xef][0xbf][0xbd][0x1f]sL[0xef][0xbf][0xbd]h[0xef][0xbf][0xbd][0xef][0xbf][0xbd][0xef][0xbf][0xbd]Z[0xef][0xbf][0xbd][0xef][0xbf][0xbd][0xef][0xbf][0xbd]o7Hh[0xef][0xbf][0xbd]P[0xef][0xbf][0xbd]/[0xef][0xbf][0xbd]s[0xef][0xbf][0xbd]>[0xef][0xbf][0xbd][0xef][0xbf][0xbd][0x8][0xef][0xbf][0xbd][0xef][0xbf][0xbd]G[0xef][0xbf][0xbd]X[0x15]`[0x1b][0xef][0xbf][0xbd]d.4X[0xef][0xbf][0xbd][0xef][0xbf][0xbd]2[0xef][0xbf][0xbd][0xef][0xbf][0xbd]n_y[0x12][0x1c]C[0xef][0xbf][0xbd][0x1a]6[0xef][0xbf][0xbd][0xef][0xbf][0xbd][\r][0x2]e[0x8][0xc][0xef][0xbf][0xbd][0xef][0xbf][0xbd]am=[0xef][0xbf][0xbd][0xb][0xef][0xbf][0xbd][0x17]k4[0xef][0xbf][0xbd][0xe][0xef][0xbf][0xbd][0xef][0xbf][0xbd][0x1e]1>[0xef][0xbf][0xbd][0x11][[0xef][0xbf][0xbd]< [0xef][0xbf][0xbd]8V[0xef][0xbf][0xbd][0xef][0xbf][0xbd]v[0xef][0xbf][0xbd]0+Wb[0xef][0xbf][0xbd][0xe][0xef][0xbf][0xbd][0xef][0xbf][0xbd][0x16]"[0xef][0xbf][0xbd]bV-[0xe5][0x82][0xb0][0xef][0xbf][0xbd]iab[0xef][0xbf][0xbd][0xc8][0x9c][0x14][0xc7][0xac]\[0x1d]v[0xef][0xbf][0xbd]in[0xef][0xbf][0xbd]S[0xef][0xbf][0xbd]T[0xef][0xbf][0xbd][0xef][0xbf][0xbd][0xef][0xbf][0xbd][0xef][0xbf][0xbd][0xef][0xbf][0xbd][0xef][0xbf][0xbd][0xef][0xbf][0xbd][0x1a][\n]"
07:56:28.940 [main] DEBUG org.apache.http.wire -  >> "[0xef][0xbf][0xbd][0x18][0xef][0xbf][0xbd][0xef][0xbf][0xbd][0xef][0xbf][0xbd]d[0xc]mH[0xcc][0xb0][0xef][0xbf][0xbd]O[0xef][0xbf][0xbd][0x1f][0x1d]4[0xef][0xbf][0xbd][0x1][0xef][0xbf][0xbd][0xef][0xbf][0xbd][0xef][0xbf][0xbd][0xef][0xbf][0xbd][0xef][0xbf][0xbd]b[0xef][0xbf][0xbd]3[0x18][0xef][0xbf][0xbd];[0xef][0xbf][0xbd]l4[0x1e][0xef][0xbf][0xbd][0xef][0xbf][0xbd][0x15][0xef][0xbf][0xbd]yA[0xef][0xbf][0xbd]Qr[0xef][0xbf][0xbd]<[0xc][0xef][0xbf][0xbd][0xef][0xbf][0xbd]A[0xef][0xbf][0xbd]tF"Tz[0xef][0xbf][0xbd][0xef][0xbf][0xbd]b[0xef][0xbf][0xbd][0xef][0xbf][0xbd][0xef][0xbf][0xbd]B[0x13][0xef][0xbf][0xbd]#[0xef][0xbf][0xbd][0xef][0xbf][0xbd][0xef][0xbf][0xbd]_[0xef][0xbf][0xbd]vE[0xef][0xbf][0xbd])euX[0xef][0xbf][0xbd]][0xef][0xbf][0xbd]A[0xef][0xbf][0xbd]Jj[0xef][0xbf][0xbd]D[0xef][0xbf][0xbd][0xef][0xbf][0xbd][0xef][0xbf][0xbd]b[0x15][0xef][0xbf][0xbd][\n]"
07:56:28.941 [main] DEBUG org.apache.http.wire -  >> "[0xef][0xbf][0xbd]@[0x14]m[0xef][0xbf][0xbd]^[0xef][0xbf][0xbd][0xef][0xbf][0xbd][0xef][0xbf][0xbd][0xef][0xbf][0xbd][0xef][0xbf][0xbd]f[0xdf][0xaa][0x10][0xef][0xbf][0xbd]a[0xef][0xbf][0xbd]][0xef][0xbf][0xbd]2[0xef][0xbf][0xbd]([0xef][0xbf][0xbd]3[0xef][0xbf][0xbd]0[0xc][0xef][0xbf][0xbd][0xf][0xef][0xbf][0xbd]G=EZ[0xef][0xbf][0xbd]I[0xef][0xbf][0xbd][0xef][0xbf][0xbd][0x1c][0x18][0x5][0xf]i[0x3]j[0xef][0xbf][0xbd][0xd9][0xb9]C[0xef][0xbf][0xbd]Y[0xef][0xbf][0xbd][0xc2][0x86][0xef][0xbf][0xbd][0x18]+[0xc][0xef][0xbf][0xbd]\W^[0x13][0xef][0xbf][0xbd]z[0xe2][0xb6][0x92][0xef][0xbf][0xbd][0xd5][0xb1]C~[\r][0xef][0xbf][0xbd][0xef][0xbf][0xbd][0xef][0xbf][0xbd][0x1c][0xef][0xbf][0xbd]%[0xef][0xbf][0xbd][0xef][0xbf][0xbd]r[0xef][0xbf][0xbd][0xef][0xbf][0xbd]75>[0xef][0xbf][0xbd]xk[0xef][0xbf][0xbd]7[0xef][0xbf][0xbd]>[0xef][0xbf][0xbd][0xef][0xbf][0xbd][0xef][0xbf][0xbd][0x15]C[0x13][0xef][0xbf][0xbd]ip[0xef][0xbf][0xbd]p[0xd9][0xba][0xef][0xbf][0xbd][0xef][0xbf][0xbd]J>[\r]q[0xef][0xbf][0xbd]SNk,[0xda][0x8e][0x0][0x1c][0x18][0xef][0xbf][0xbd][0x11]^,R[0xef][0xbf][0xbd][0xef][0xbf][0xbd]I[0x2]QG`u[0xef][0xbf][0xbd]`][0xef][0xbf][0xbd]l~[0xc8][0xaa]e[0xc][0xef][0xbf][0xbd][0xef][0xbf][0xbd]/[0xef][0xbf][0xbd][0x15]'[0xef][0xbf][0xbd]Cih[0xef][0xbf][0xbd][0xef][0xbf][0xbd][0xef][0xbf][0xbd][0xef][0xbf][0xbd]2R[0x15]&UQN[0x19][0xef][0xbf][0xbd][0x1c][0xef][0xbf][0xbd][0xe][0xef][0xbf][0xbd][0xda][0x93]%]E[0xef][0xbf][0xbd][0xef][0xbf][0xbd][0xef][0xbf][0xbd]O[0x3][0xef][0xbf][0xbd]1[0xef][0xbf][0xbd][0xef][0xbf][0xbd][0xef][0xbf][0xbd]$DI[0x1e]4[0xef][0xbf][0xbd]@D[0xef][0xbf][0xbd][0xef][0xbf][0xbd][0xef][0xbf][0xbd]r[0xef][0xbf][0xbd][0x11][0xef][0xbf][0xbd][0xef][0xbf][0xbd]6y[0x19]|[0xe]yJ[0xef][0xbf][0xbd][0xef][0xbf][0xbd][0xef][0xbf][0xbd][0x1b]O}[0xef][0xbf][0xbd][0xef][0xbf][0xbd]Y[0xef][0xbf][0xbd]Ql4[0xef][0xbf][0xbd][0x1c][0xef][0xbf][0xbd][0xef][0xbf][0xbd]N[0x1][0xef][0xbf][0xbd][0x7][0xef][0xbf][0xbd][0xef][0xbf][0xbd]3[0xef][0xbf][0xbd]4[0xef][0xbf][0xbd]M[0xef][0xbf][0xbd][0x9]$[0xef][0xbf][0xbd]p[0xef][0xbf][0xbd]?[0xef][0xbf][0xbd][0xef][0xbf][0xbd]Xg[0xef][0xbf][0xbd][0x18][0xef][0xbf][0xbd][0xef][0xbf][0xbd][0xef][0xbf][0xbd][0xef][0xbf][0xbd]8[[0xef][0xbf][0xbd]a[0xef][0xbf][0xbd]+v[0xef][0xbf][0xbd]|[0x13]rP[0xeb][0xb2][0xbe][0xef][0xbf][0xbd][0x0]4[0x10][0xef][0xbf][0xbd]v[0xef][0xbf][0xbd][0xef][0xbf][0xbd][0xef][0xbf][0xbd][0x1b][0xef][0xbf][0xbd][0xef][0xbf][0xbd]N?[0x10][0xef][0xbf][0xbd]U[0xef][0xbf][0xbd]N[0xef][0xbf][0xbd][0xef][0xbf][0xbd][0xef][0xbf][0xbd][0xef][0xbf][0xbd][0xc]c[0x16][0xef][0xbf][0xbd]RQy[0xef][0xbf][0xbd][\r][0xef][0xbf][0xbd][0xef][0xbf][0xbd]3[0xef][0xbf][0xbd][0xef][0xbf][0xbd]GX[0xef][0xbf][0xbd][0xef][0xbf][0xbd]+[0xef][0xbf][0xbd][0xef][0xbf][0xbd]jDm[0x17]v2[0xef][0xbf][0xbd][0x19][0xef][0xbf][0xbd]5[0xef][0xbf][0xbd]5[0xef][0xbf][0xbd]#k[0xef][0xbf][0xbd]>[0xef][0xbf][0xbd][0xef][0xbf][0xbd][0xef][0xbf][0xbd][0xef][0xbf][0xbd][0xef][0xbf][0xbd][0xef][0xbf][0xbd]nsa[0x3]4{[0xef][0xbf][0xbd][0x1f]~[0xef][0xbf][0xbd][0xef][0xbf][0xbd][0xce][0x8b]5[0x1a]W[0x12]Md[0xef][0xbf][0xbd]@[0xef][0xbf][0xbd][0xef][0xbf][0xbd][0xef][0xbf][0xbd][0x1f][0xef][0xbf][0xbd]s[0xef][0xbf][0xbd]j[0xef][0xbf][0xbd][0xef][0xbf][0xbd][0xef][0xbf][0xbd][0x9]y%.[0xef][0xbf][0xbd]VO[0xef][0xbf][0xbd][0x1e][0xef][0xbf][0xbd][0x10]nb?@8l[0xef][0xbf][0xbd][0xef][0xbf][0xbd][0xef][0xbf][0xbd][0xef][0xbf][0xbd][0xef][0xbf][0xbd][0xef][0xbf][0xbd][0x19]3[0x1b][0xef][0xbf][0xbd]5[0xef][0xbf][0xbd][0x5]#[0xc8][0x98][0xef][0xbf][0xbd]JQ[0x1e]a[0xef][0xbf][0xbd]"[0xdf][0x9d][0xef][0xbf][0xbd]`h[0xef][0xbf][0xbd]+[0xef][0xbf][0xbd]F[0x1e][0xef][0xbf][0xbd]n[0x14][0xef][0xbf][0xbd]]JP#/[0xef][0xbf][0xbd][0xef][0xbf][0xbd]D[0xef][0xbf][0xbd][0xf]@[0xef][0xbf][0xbd][0xef][0xbf][0xbd][\r]h&%m[0xef][0xbf][0xbd]p[0x2][0xef][0xbf][0xbd]C[0xef][0xbf][0xbd]mVe[0xef][0xbf][0xbd][0xce][0x8f]1O[0xef][0xbf][0xbd]9[0xef][0xbf][0xbd][0x1d]DTH.[0xef][0xbf][0xbd]z*"[0xcf][0x98]<[0xef][0xbf][0xbd]![0xef][0xbf][0xbd]R[0xef][0xbf][0xbd][d$[0xef][0xbf][0xbd][0xef][0xbf][0xbd][0xef][0xbf][0xbd][0xef][0xbf][0xbd][0xef][0xbf][0xbd]5[0x1a][0xef][0xbf][0xbd]+[0xef][0xbf][0xbd]&[0xef][0xbf][0xbd][0x13]`[0xef][0xbf][0xbd][0x10]>[0xef][0xbf][0xbd][0xef][0xbf][0xbd]|@[0xef][0xbf][0xbd]76[0xef][0xbf][0xbd][0xef][0xbf][0xbd]2D[0xef][0xbf][0xbd]h[0xef][0xbf][0xbd]U[0x19]5[0xef][0xbf][0xbd]v[0x1][0xef][0xbf][0xbd][0xef][0xbf][0xbd]-[0x15][0xef][0xbf][0xbd][0x1b]n[0xef][0xbf][0xbd]Q[0xef][0xbf][0xbd][0xef][0xbf][0xbd][0xef][0xbf][0xbd][0x18][0xef][0xbf][0xbd]%[0xef][0xbf][0xbd][0xef][0xbf][0xbd]rF&[0xd9][0x88][0xef][0xbf][0xbd][0xef][0xbf][0xbd][0xef][0xbf][0xbd]db[0xd9][0x95]#[0xef][0xbf][0xbd]V[0xef][0xbf][0xbd][0xef][0xbf][0xbd][0xef][0xbf][0xbd]l[0xef][0xbf][0xbd]3[0xef][0xbf][0xbd]8[0xef][0xbf][0xbd][0x18]Y[0xef][0xbf][0xbd][0xef][0xbf][0xbd]G[0xef][0xbf][0xbd][\n]"
07:56:28.941 [main] DEBUG org.apache.http.wire -  >> "0[0xef][0xbf][0xbd][0xef][0xbf][0xbd]|92[0xef][0xbf][0xbd]8>[0xef][0xbf][0xbd]sv[0xef][0xbf][0xbd][0xef][0xbf][0xbd]Y[0xef][0xbf][0xbd]J[0xef][0xbf][0xbd][0xef][0xbf][0xbd]_N[0xef][0xbf][0xbd]%[0x17][0xef][0xbf][0xbd]u[0xef][0xbf][0xbd][0x13]Q[0xef][0xbf][0xbd][0xef][0xbf][0xbd][0xef][0xbf][0xbd][0x10][0xe7][0xb2][0xb1]Nn[0xef][0xbf][0xbd]s[0xef][0xbf][0xbd][0xef][0xbf][0xbd][0xef][0xbf][0xbd]`yw[0xef][0xbf][0xbd]~k4[0x1a]W[0x16]Md'[0xef][0xbf][0xbd]~[0xef][0xbf][0xbd]|[0xef][0xbf][0xbd][0xef][0xbf][0xbd]Y[0xef][0xbf][0xbd][0xef][0xbf][0xbd][0xef][0xbf][0xbd][0x15]g[0xef][0xbf][0xbd]N[0xef][0xbf][0xbd]}[0xef][0xbf][0xbd]n+4d[0xef][0xbf][0xbd][0xef][0xbf][0xbd][\r][0xef][0xbf][0xbd]:2-[0x14][0xef][0xbf][0xbd]O[0xef][0xbf][0xbd][0xef][0xbf][0xbd][0x18]-[0xef][0xbf][0xbd][0xef][0xbf][0xbd][0xef][0xbf][0xbd][0x16]C[0xef][0xbf][0xbd][0x1b]Cp[0xef][0xbf][0xbd][0xef][0xbf][0xbd]m:[0x18][0xef][0xbf][0xbd][0xdb][0x85]S[0xef][0xbf][0xbd][0xef][0xbf][0xbd][0xef][0xbf][0xbd][0xef][0xbf][0xbd]F[0xef][0xbf][0xbd][0xef][0xbf][0xbd]!Q[0xef][0xbf][0xbd]G[0xef][0xbf][0xbd][0xef][0xbf][0xbd][0xef][0xbf][0xbd]MdXs,[0x3]I[0xef][0xbf][0xbd][0xef][0xbf][0xbd][0x1e]6[0x11][0xef][0xbf][0xbd][0xef][0xbf][0xbd][0x8][0x4][0x19]<9)Y[0xef][0xbf][0xbd][0xef][0xbf][0xbd][0x8][0xef][0xbf][0xbd][0xf][0xef][0xbf][0xbd]@[0xef][0xbf][0xbd][0xef][0xbf][0xbd]H[0xef][0xbf][0xbd][0xef][0xbf][0xbd][0xef][0xbf][0xbd]N1v[0xef][0xbf][0xbd][0xef][0xbf][0xbd][0xef][0xbf][0xbd][0xef][0xbf][0xbd][0xef][0xbf][0xbd]G[0xef][0xbf][0xbd]4[0x1a]W[0x19]Md'@[0xef][0xbf][0xbd][0x3]>[0xef][0xbf][0xbd][0x1a][0xef][0xbf][0xbd]w.[0xe][0x7][0x10]H[0x12][0x11]U[0x7][0xef][0xbf][0xbd]?cA'[0x17]$OMnDg[0xef][0xbf][0xbd]2[0xdf][0x82][0xef][0xbf][0xbd]b[0xef][0xbf][0xbd][0xef][0xbf][0xbd][0xef][0xbf][0xbd]D[0xc][0xef][0xbf][0xbd][0xef][0xbf][0xbd]<[0xef][0xbf][0xbd][0xef][0xbf][0xbd][0xef][0xbf][0xbd]![0x4][0xef][0xbf][0xbd]b[0xef][0xbf][0xbd][0xef][0xbf][0xbd][0xef][0xbf][0xbd][0xef][0xbf][0xbd]HDH[0xef][0xbf][0xbd][0xef][0xbf][0xbd];[0xef][0xbf][0xbd][0xef][0xbf][0xbd][0xef][0xbf][0xbd][0xef][0xbf][0xbd][0xef][0xbf][0xbd][0x11][0xef][0xbf][0xbd]6u:5[0xef][0xbf][0xbd]H[0x10][0xe][0xef][0xbf][0xbd][0xef][0xbf][0xbd]Rp[0xef][0xbf][0xbd][0xef][0xbf][0xbd] .[0x4]9[0xef][0xbf][0xbd][0xef][0xbf][0xbd][0xef][0xbf][0xbd][0xef][0xbf][0xbd][0xef][0xbf][0xbd][0xef][0xbf][0xbd]c'ss^[0xef][0xbf][0xbd][0xef][0xbf][0xbd][0xef][0xbf][0xbd],[0xef][0xbf][0xbd][0xef][0xbf][0xbd][0xef][0xbf][0xbd]O[0xef][0xbf][0xbd][0xef][0xbf][0xbd][0xef][0xbf][0xbd][0xef][0xbf][0xbd][0x1a][0xef][0xbf][0xbd][0xc6][0x95]F[0x13][0xef][0xbf][0xbd][0x9][0xef][0xbf][0xbd][0xef][0xbf][0xbd][0x15]Y[0x4][0xef][0xbf][0xbd][+[0x3]E[0x12]A[0xef][0xbf][0xbd][0x1a]@r[0xef][0xbf][0xbd]-[0xef][0xbf][0xbd][0xef][0xbf][0xbd][0x8][0xef][0xbf][0xbd][0xef][0xbf][0xbd][0x5]=[0xef][0xbf][0xbd][0xef][0xbf][0xbd]l[0xef][0xbf][0xbd][0x9][0x1b][0xef][0xbf][0xbd]'|[0xda][0x80]\V-[0xef][0xbf][0xbd]P[0xef][0xbf][0xbd][0xef][0xbf][0xbd][0xef][0xbf][0xbd]b[0xef][0xbf][0xbd]G[0xef][0xbf][0xbd]dX[0xef][0xbf][0xbd]32[0x17][0xef][0xbf][0xbd][0xf]3n[0xef][0xbf][0xbd]IY[0xef][0xbf][0xbd][0xef][0xbf][0xbd]j[0xef][0xbf][0xbd][0x0][0xef][0xbf][0xbd][0x6]y[0xef][0xbf][0xbd][0xef][0xbf][0xbd][0x12][0x1f][0x1e]U[0xef][0xbf][0xbd]f[0xd4][0x8e]e[0xef][0xbf][0xbd][0x17]R[0xef][0xbf][0xbd]d[0xef][0xbf][0xbd][0xef][0xbf][0xbd][0xc9][0x90][0xef][0xbf][0xbd][0xef][0xbf][0xbd][0xef][0xbf][0xbd][0xef][0xbf][0xbd][0x11]nU[0xef][0xbf][0xbd]Z[0xef][0xbf][0xbd]#[0xef][0xbf][0xbd][0xb][0xef][0xbf][0xbd][0x1d][0xef][0xbf][0xbd][0xef][0xbf][0xbd]b[0xef][0xbf][0xbd])[0xef][0xbf][0xbd][0xef][0xbf][0xbd][0xef][0xbf][0xbd]G[0xef][0xbf][0xbd]Z[0xce][0xbf]~[0xef][0xbf][0xbd][0x1a][0xef][0xbf][0xbd][0xc6][0x95]G[0x13][0xef][0xbf][0xbd][0x9][0xef][0xbf][0xbd][0xef][0xbf][0xbd]d[0xf][0xef][0xbf][0xbd][0x2][0xef][0xbf][0xbd][0xc7][0x83][0xef][0xbf][0xbd][\r]jB[0xef][0xbf][0xbd][0xef][0xbf][0xbd]4gf&q[0xef][0xbf][0xbd]M0[0xcf][0xa7][0xef][0xbf][0xbd][0x1c]xm[0xef][0xbf][0xbd]-[0x15]YfLn&;[0xef][0xbf][0xbd]|[0x1c][0xef][0xbf][0xbd][0x15][0xf3][0xa0][0x9c][0x83]G)[0xef][0xbf][0xbd][0xef][0xbf][0xbd][0xef][0xbf][0xbd][0xef][0xbf][0xbd][0xef][0xbf][0xbd][0xef][0xbf][0xbd]:QT2[0xef][0xbf][0xbd][0xef][0xbf][0xbd][0xf0][0xac][0x97][0x9a]v[0xef][0xbf][0xbd][0xef][0xbf][0xbd][0xef][0xbf][0xbd][0xcf][0xad][0xef][0xbf][0xbd]%[0xef][0xbf][0xbd][0x9][0x8]5[0xef][0xbf][0xbd]Pspt[0xef][0xbf][0xbd]uCP[0x19][0x12][0xef][0xbf][0xbd][0xe9][0x9b][0xa4]V[0xef][0xbf][0xbd][0xef][0xbf][0xbd][0xef][0xbf][0xbd]JXV[0x4]_[0xef][0xbf][0xbd][0x1f][0xef][0xbf][0xbd][0xef][0xbf][0xbd][0xef][0xbf][0xbd]{[0xef][0xbf][0xbd]s?pf[0xef][0xbf][0xbd]F[0xef][0xbf][0xbd][0xca][0xa3][0xef][0xbf][0xbd][0xef][0xbf][0xbd]D[0xef][0xbf][0xbd]/[0xef][0xbf][0xbd][0xef][0xbf][0xbd]![0xef][0xbf][0xbd]b[0xef][0xbf][0xbd][0xd0][0xa1][0xef][0xbf][0xbd][0xef][0xbf][0xbd][0x8]%[0xef][0xbf][0xbd]$`[0xef][0xbf][0xbd][0xef][0xbf][0xbd]RA[0xef][0xbf][0xbd] [0xef][0xbf][0xbd]~[0x19]rt2[0x1]>[0xef][0xbf][0xbd][0x18][0xef][0xbf][0xbd][0xef][0xbf][0xbd]n[0xef][0xbf][0xbd][0x1a][0x1e]r[0x1][0xef][0xbf][0xbd][0xef][0xbf][0xbd]0[0xef][0xbf][0xbd]U-[0x18][0xef][0xbf][0xbd][0xef][0xbf][0xbd][0xef][0xbf][0xbd][0xef][0xbf][0xbd][0xef][0xbf][0xbd][0x8][0x1d]F[0xef][0xbf][0xbd][0x1f]M[0x9]Z[0xef][0xbf][0xbd][0xef][0xbf][0xbd][0xef][0xbf][0xbd][0xef][0xbf][0xbd][0x17][0xef][0xbf][0xbd][0xef][0xbf][0xbd]C"[0x1c][0x8][0xef][0xbf][0xbd]5[0xe].M[0xef][0xbf][0xbd][0x3][0xef][0xbf][0xbd][0xef][0xbf][0xbd][0x12][0xef][0xbf][0xbd][0x5][0xef][0xbf][0xbd][0xef][0xbf][0xbd][0xef][0xbf][0xbd][0xef][0xbf][0xbd][0xc];[0xef][0xbf][0xbd][0x10][0xef][0xbf][0xbd][0x5][0xef][0xbf][0xbd][0xd1][0x9d][0xef][0xbf][0xbd];[0xb][0xcd][0xa0][0xef][0xbf][0xbd]9[0xef][0xbf][0xbd][0xef][0xbf][0xbd][0xd9][0x9f][0xef][0xbf][0xbd][0xef][0xbf][0xbd][0xef][0xbf][0xbd]Y[0xef][0xbf][0xbd][0xef][0xbf][0xbd]x,[0xef][0xbf][0xbd]Dv",[0x1e]oY[0x15][0xf3][0xa6][0xae][0x81]*b[0x1b][0xef][0xbf][0xbd][0xef][0xbf][0xbd]7:U[0xef][0xbf][0xbd][0xef][0xbf][0xbd]z[0x1b]{J^j0H[0xef][0xbf][0xbd][0xdd][0xb0][0xef][0xbf][0xbd][0xef][0xbf][0xbd]Q8v[0x1]!$[0xef][0xbf][0xbd]dF[0xef][0xbf][0xbd][0x14]e[0xef][0xbf][0xbd]O/?7[0xef][0xbf][0xbd]q[0xc2][0x8b]c[0xef][0xbf][0xbd]~[0xef][0xbf][0xbd]rc[0xd8][0x8e][0xef][0xbf][0xbd][0xef][0xbf][0xbd]I[0xef][0xbf][0xbd]![0xef][0xbf][0xbd]^U^V[0xef][0xbf][0xbd]N[0xef][0xbf][0xbd][0xef][0xbf][0xbd]3[0xef][0xbf][0xbd]e[0xef][0xbf][0xbd]W3[0x18]5H[0xef][0xbf][0xbd]u[0x11][0xef][0xbf][0xbd][0xef][0xbf][0xbd]4[0x1e][0xf][0xef][0xbf][0xbd][0xef][0xbf][0xbd][0xef][0xbf][0xbd]1[0xef][0xbf][0xbd][0x15][0xef][0xbf][0xbd][0xef][0xbf][0xbd]yqE[0xef][0xbf][0xbd][0xef][0xbf][0xbd][0x3]?[0xef][0xbf][0xbd]?[~[0xef][0xbf][0xbd][0xd7][0xbb]{G[0xef][0xbf][0xbd][0xef][0xbf][0xbd][0x18][0xef][0xbf][0xbd][0xef][0xbf][0xbd][0xef][0xbf][0xbd]Dp[^s[0x13]'[0xef][0xbf][0xbd]X[0xef][0xbf][0xbd]S[\n]"
07:56:28.942 [main] DEBUG org.apache.http.wire -  >> "HA[0xef][0xbf][0xbd]U[0xef][0xbf][0xbd]O[0x16][0xef][0xbf][0xbd]2z8[0x16]^[0xef][0xbf][0xbd][0xef][0xbf][0xbd]r[0xef][0xbf][0xbd]L2[\r][0xef][0xbf][0xbd][0xef][0xbf][0xbd][0xef][0xbf][0xbd][0xef][0xbf][0xbd][0xef][0xbf][0xbd][0xef][0xbf][0xbd][0xef][0xbf][0xbd][0xef][0xbf][0xbd]31?[0x18]sK[0xef][0xbf][0xbd][0x13][0xef][0xbf][0xbd][0xef][0xbf][0xbd]3[0xef][0xbf][0xbd][0xef][0xbf][0xbd]x*[0xef][0xbf][0xbd]TNW,[0xef][0xbf][0xbd][0xef][0xbf][0xbd]@[0x0][0xef][0xbf][0xbd];Mud[0xef][0xbf][0xbd][0xef][0xbf][0xbd][0xef][0xbf][0xbd]f[0xef][0xbf][0xbd]#g[0xef][0xbf][0xbd].[0xef][0xbf][0xbd]AKai6[0xef][0xbf][0xbd][0xef][0xbf][0xbd][0xf]%[0x7][0xef][0xbf][0xbd]6[0xef][0xbf][0xbd]j[0xef][0xbf][0xbd]w[0xef][0xbf][0xbd]A[0xef][0xbf][0xbd]U{g[0xef][0xbf][0xbd][0xef][0xbf][0xbd][0xef][0xbf][0xbd]qY[0xef][0xbf][0xbd]._`[0xef][0xbf][0xbd][0xef][0xbf][0xbd][0xef][0xbf][0xbd][0x12][0xef][0xbf][0xbd][0xef][0xbf][0xbd]^[0xef][0xbf][0xbd][0xef][0xbf][0xbd][0xef][0xbf][0xbd];[0x1a][0xef][0xbf][0xbd][0xef][0xbf][0xbd][0x8]Md'[0xef][0xbf][0xbd];[0xef][0xbf][0xbd][0xef][0xbf][0xbd][0xef][0xbf][0xbd][0xd1][0xa2][0xef][0xbf][0xbd]4[0xef][0xbf][0xbd][0xef][0xbf][0xbd][0xef][0xbf][0xbd]fa[0xef][0xbf][0xbd][0xef][0xbf][0xbd][0xef][0xbf][0xbd]4\ [0xef][0xbf][0xbd]F[0xe1][0x94][0x8b]~L;M[0xef][0xbf][0xbd][0xef][0xbf][0xbd][0xef][0xbf][0xbd][0xef][0xbf][0xbd]J[0xef][0xbf][0xbd][0xef][0xbf][0xbd][0x1f][\r][0xef][0xbf][0xbd]T)[0xef][0xbf][0xbd][0x1c][0xd7][0xa4]'[0xef][0xbf][0xbd]Mbf[0xef][0xbf][0xbd][0xef][0xbf][0xbd]2A[0xef][0xbf][0xbd][0x1e][0xef][0xbf][0xbd])[0xef][0xbf][0xbd]8f[0xef][0xbf][0xbd]t[0x1b][0xef][0xbf][0xbd]P[0xef][0xbf][0xbd]Y`:[0xef][0xbf][0xbd][0xef][0xbf][0xbd][0xef][0xbf][0xbd]Q[0xef][0xbf][0xbd][0xc3][0x98]1[0xef][0xbf][0xbd][0xef][0xbf][0xbd][0xef][0xbf][0xbd][0x1b]g[0xef][0xbf][0xbd][0xef][0xbf][0xbd][0xef][0xbf][0xbd]J*y[0xef][0xbf][0xbd][0xef][0xbf][0xbd][0x12][0xef][0xbf][0xbd][0xef][0xbf][0xbd][0xef][0xbf][0xbd][0xef][0xbf][0xbd]0[0x15][0xef][0xbf][0xbd][0xef][0xbf][0xbd]1=[0xef][0xbf][0xbd][0xef][0xbf][0xbd]`f[0xef][0xbf][0xbd]-{[0xef][0xbf][0xbd][0xef][0xbf][0xbd][0xef][0xbf][0xbd][0xef][0xbf][0xbd]/[0xef][0xbf][0xbd][[0xef][0xbf][0xbd][0xef][0xbf][0xbd]x[0xef][0xbf][0xbd][0xef][0xbf][0xbd]Dv"[0xef][0xbf][0xbd][0xef][0xbf][0xbd][0xef][0xbf][0xbd]_8[0xef][0xbf][0xbd][0xef][0xbf][0xbd][0xef][0xbf][0xbd][0x16][0xef][0xbf][0xbd]B[0xef][0xbf][0xbd]:[0xef][0xbf][0xbd]w[0xef][0xbf][0xbd][0xd9][0x8c]O*[0xef][0xbf][0xbd][0x10][0xef][0xbf][0xbd][0xef][0xbf][0xbd][0xef][0xbf][0xbd][0x8][0xef][0xbf][0xbd][0xef][0xbf][0xbd][0xef][0xbf][0xbd]\5Te[0xef][0x9f][0xb9][0xef][0xbf][0xbd][0xef][0xbf][0xbd]B[0xef][0xbf][0xbd][0xef][0xbf][0xbd][0xb]U[0xef][0xbf][0xbd][0xef][0xbf][0xbd][0xef][0xbf][0xbd][0xef][0xbf][0xbd]&[0xef][0xbf][0xbd]@[0xef][0xbf][0xbd][0xca][0xa0][0xef][0xbf][0xbd][0xef][0xbf][0xbd]?[0xb]O[0xef][0xbf][0xbd][0xef][0xbf][0xbd][0xef][0xbf][0xbd][0xef][0xbf][0xbd][0xef][0xbf][0xbd]|2[0xef][0xbf][0xbd]f[0x11],[0xef][0xbf][0xbd][0xe]L[0xef][0xbf][0xbd]rx[0xef][0xbf][0xbd][0xef][0xbf][0xbd]Sr[0x19][0xc2][0x9c][0xef][0xbf][0xbd]#[0xef][0xbf][0xbd][0xef][0xbf][0xbd][0x1][0xef][0xbf][0xbd]3YX[0xef][0xbf][0xbd]W![0xef][0xbf][0xbd][0xef][0xbf][0xbd]J9O[0xef][0xbf][0xbd][0xef][0xbf][0xbd]:[0xef][0xbf][0xbd]e3[0xef][0xbf][0xbd][0xef][0xbf][0xbd]%[0x9]s[0xef][0xbf][0xbd][0xef][0xbf][0xbd]}[0xef][0xbf][0xbd][0x1a][0xef][0xbf][0xbd][0xef][0xbf][0xbd]c[0xef][0xbf][0xbd]&[0xef][0xbf][0xbd][0x13][0xef][0xbf][0xbd][0xef][0xbf][0xbd][0xef][0xbf][0xbd]}[0xef][0xbf][0xbd]`,[0x13]\[0xc][0xef][0xbf][0xbd]-H[0xef][0xbf][0xbd]L[0xef][0xbf][0xbd]v[0xef][0xbf][0xbd][0x4]Na[0xef][0xbf][0xbd][0xef][0xbf][0xbd][0xef][0xbf][0xbd][0xef][0xbf][0xbd][0xef][0xbf][0xbd]a[0xef][0xbf][0xbd]\[0xd6][0x9d]a:[0xef][0xbf][0xbd][0x7]L[0xef][0xbf][0xbd]R[0xef][0xbf][0xbd][0xef][0xbf][0xbd][0xef][0xbf][0xbd][0xef][0xbf][0xbd]z[0xef][0xbf][0xbd].>[0xc][0xef][0xbf][0xbd][0xb]aq7[0xef][0xbf][0xbd][0xef][0xbf][0xbd]M}{[0xef][0xbf][0xbd]h[0x19]6[0xef][0xbf][0xbd]tFJ{-[0xf][0xef][0xbf][0xbd]N[0xef][0xbf][0xbd][0x6][0xef][0xbf][0xbd]L[0x16]z[0xef][0xbf][0xbd]P[0xef][0xbf][0xbd][0xc5][0xbc]\0f[0xef][0xbf][0xbd]j[0xef][0xbf][0xbd][0xef][0xbf][0xbd]Z[0xef][0xbf][0xbd][0x1f])[0xef][0xbf][0xbd]q.[0xef][0xbf][0xbd][0xef][0xbf][0xbd]SW[0xef][0xbf][0xbd][0xef][0xbf][0xbd][0xef][0xbf][0xbd][0x1a][0xef][0xbf][0xbd][0xef][0xbf][0xbd]#[0xef][0xbf][0xbd][0xef][0xbf][0xbd][0xef][0xbf][0xbd][0xef][0xbf][0xbd]b[0xef][0xbf][0xbd][0xef][0xbf][0xbd]x[0xef][0xbf][0xbd][0xef][0xbf][0xbd][0xec][0x84][0xb8]a[0xef][0xbf][0xbd]?8[0xef][0xbf][0xbd]d[0x8][0xef][0xbf][0xbd]4[0xef][0xbf][0xbd]6[0x2]|[0xef][0xbf][0xbd]]2[0xef][0xbf][0xbd]$[0x4][0xef][0xbf][0xbd][0xef][0xbf][0xbd][0xef][0xbf][0xbd][0xef][0xbf][0xbd]-%eAR[0x1c][0xef][0xbf][0xbd][0xc2][0xa7]8[0xef][0xbf][0xbd],[0xef][0xbf][0xbd][0xef][0xbf][0xbd].[0xef][0xbf][0xbd]~[0xef][0xbf]"
07:56:28.943 [main] DEBUG org.apache.http.wire -  >> "[0xbd][0x1][0x8][0x2]][0xef][0xbf][0xbd][0xef][0xbf][0xbd][0xdc][0xa6]$[0xef][0xbf][0xbd]|6[0xef][0xbf][0xbd][0xef][0xbf][0xbd][0xef][0xbf][0xbd]m[0xef][0xbf][0xbd]%[0xef][0xbf][0xbd][0xef][0xbf][0xbd][0xef][0xbf][0xbd]b>_[0xef][0xbf][0xbd]<[0x1e][0xef][0xbf][0xbd][0xef][0xbf][0xbd]y[0xef][0xbf][0xbd]i[0xef][0xbf][0xbd]P[0xf][0xef][0xbf][0xbd][0xef][0xbf][0xbd][0xef][0xbf][0xbd]d[0xef][0xbf][0xbd]@YiK+[0xef][0xbf][0xbd][0x9][0x5][0xef][0xbf][0xbd]i[0xef][0xbf][0xbd][0xef][0xbf][0xbd]*L*[0xef][0xbf][0xbd][0xef][0xbf][0xbd][0xef][0xbf][0xbd][0xef][0xbf][0xbd][0xef][0xbf][0xbd][0xef][0xbf][0xbd]}k4[0x1a][0xef][0xbf][0xbd]%[0xef][0xbf][0xbd][0xef][0xbf][0xbd]N[0xef][0xbf][0xbd][0xef][0xbf][0xbd]"{[0xef][0xbf][0xbd][0xef][0xbf][0xbd][0xef][0xbf][0xbd][0x12][0xef][0xbf][0xbd]O[0xef][0xbf][0xbd][0xef][0xbf][0xbd][0xdc][0x94][0xef][0xbf][0xbd][0x11][0xef][0xbf][0xbd]d[0x16][0xef][0xbf][0xbd][0xef][0xbf][0xbd]R`[0xef][0xbf][0xbd][0xef][0xbf][0xbd][0xdc][0x9c]>r[0xef][0xbf][0xbd][0x10][0xcb][0x91][0xef][0xbf][0xbd] [0xef][0xbf][0xbd]0QLE[0x6][0x15][0xef][0xbf][0xbd]4u@T[0xef][0xbf][0xbd]33x[0xef][0xbf][0xbd]6[0xef][0xbf][0xbd][0xef][0xbf][0xbd][0xef][0xbf][0xbd][0x11][0x16][0xef][0xbf][0xbd][0xef][0xbf][0xbd]5u[0xef][0xbf][0xbd].j[0xef][0xbf][0xbd][0xef][0xbf][0xbd]87[\r][0xef][0xbf][0xbd]1g+[0xef][0xbf][0xbd][0x16][0xef][0xbf][0xbd]{[0x12]f[0xef][0xbf][0xbd][0xef][0xbf][0xbd]4\YSA[0xef][0xbf][0xbd][0xef][0xbf][0xbd]`[0xef][0xbf][0xbd][0xef][0xbf][0xbd]`a[0xef][0xbf][0xbd]L@[0xef][0xbf][0xbd][0xef][0xbf][0xbd][0xef][0xbf][0xbd][0xdf][0xbd][0xef][0xbf][0xbd][0xef][0xbf][0xbd][0xef][0xbf][0xbd]]k4[0x1a][0xef][0xbf][0xbd]-[0xef][0xbf][0xbd][0xef][0xbf][0xbd]N[0xef][0xbf][0xbd]C[0xef][0xbf][0xbd][0xef][0xbf][0xbd][0xd0][0xae][0xef][0xbf][0xbd][0xef][0xbf][0xbd]C[0xef][0xbf][0xbd][0x7]8#M[0x11]ca[0xef][0xbf][0xbd]b}[0xef][0xbf][0xbd]h[0xef][0xbf][0xbd]P^p[0xef][0xbf][0xbd][0xef][0xbf][0xbd][0xd4][0xa0][0xef][0xbf][0xbd][0xef][0xbf][0xbd][0xef][0xbf][0xbd]71M"v[0xef][0xbf][0xbd][0xef][0xbf][0xbd][0xef][0xbf][0xbd]<[\n]"
07:56:28.943 [main] DEBUG org.apache.http.wire -  >> "c[0xef][0xbf][0xbd]t[0xef][0xbf][0xbd]U[0xef][0xbf][0xbd][0xef][0xbf][0xbd][0xef][0xbf][0xbd]a[0xef][0xbf][0xbd][0x2][0x17][0x12][0xef][0xbf][0xbd][\n]"
07:56:28.943 [main] DEBUG org.apache.http.wire -  >> "![0xef][0xbf][0xbd]T[0xef][0xbf][0xbd][0xef][0xbf][0xbd][0x1d]9&[0xef][0xbf][0xbd][0xef][0xbf][0xbd])wx[0xef][0xbf][0xbd][0xef][0xbf][0xbd]OJ[0xef][0xbf][0xbd]([0xef][0xbf][0xbd][0xef][0xbf][0xbd][0x1a][0xef][0xbf][0xbd]cq[0xef][0xbf][0xbd][0xef][0xbf][0xbd][0xef][0xbf][0xbd][0xef][0xbf][0xbd][0xef][0xbf][0xbd][0xef][0xbf][0xbd]z_[0xef][0xbf][0xbd][0xef][0xbf][0xbd])>[0xef][0xbf][0xbd][0x7]s[0xe]QV[0x17][0xef][0xbf][0xbd][0xef][0xbf][0xbd];[0xd4][0x98][0xef][0xbf][0xbd]I[0xef][0xbf][0xbd][0xb][0xef][0xbf][0xbd][0x1b][0xef][0xbf][0xbd][0xef][0xbf][0xbd][0x1b]Md[0xef][0xbf][0xbd]F[0xef][0xbf][0xbd]+[0xef][0xbf][0xbd]O.[0xef][0xbf][0xbd]PYs[0xef][0xbf][0xbd][0xc5][0xb1][0xc9][0xb0][0xef][0xbf][0xbd][0xf][0xef][0xbf][0xbd][0xef][0xbf][0xbd]:2u[0xef][0xbf][0xbd]![0xef][0xbf][0xbd]7[0xef][0xbf][0xbd][0xef][0xbf][0xbd]j[0xe][0xef][0xbf][0xbd][0xef][0xbf][0xbd][0xef][0xbf][0xbd]~[0xef][0xbf][0xbd][0x5][0xef][0xbf][0xbd][0xef][0xbf][0xbd]{[0xef][0xbf][0xbd]D[0xef][0xbf][0xbd][0xef][0xbf][0xbd][0xef][0xbf][0xbd]"[0xd2][0xa4][0x1]+>[0xef][0xbf][0xbd]^I[0xef][0xbf][0xbd][0xef][0xbf][0xbd][0x11][0xce][0x8c]9yg[0xef][0xbf][0xbd][0xdc][0x9a][0xef][0xbf][0xbd]3[0xef][0xbf][0xbd]7[0xef][0xbf][0xbd][0xef][0xbf][0xbd][0xd1][0xb5][0xef][0xbf][0xbd]O[0xef][0xbf][0xbd][0xef][0xbf][0xbd][0xef][0xbf][0xbd][0xef][0xbf][0xbd]d[0xca][0xbc][0xef][0xbf][0xbd]i4Q3[0xef][0xbf][0xbd][0xef][0xbf][0xbd][0xef][0xbf][0xbd]n[0xef][0xbf][0xbd]f[0xef][0xbf][0xbd][0xef][0xbf][0xbd][0x2][0xef][0xbf][0xbd]l)[0x17]k[0xef][0xbf][0xbd][0xef][0xbf][0xbd]![0xef][0xbf][0xbd]x[0xef][0xbf][0xbd][0x1a][0xef][0xbf][0xbd][0xef][0xbf][0xbd]c[0xef][0xbf][0xbd]&[0xef][0xbf][0xbd][0x13]c[0xef][0xbf][0xbd][0xc][0xef][0xbf][0xbd]JGE)[0xef][0xbf][0xbd]![0xef][0xbf][0xbd][0xef][0xbf][0xbd]Dl[\n]"
07:56:28.944 [main] DEBUG org.apache.http.wire -  >> "[0xef][0xbf][0xbd][0xef][0xbf][0xbd][0xef][0xbf][0xbd][0xef][0xbf][0xbd]&[0xef][0xbf][0xbd]G[0xef][0xbf][0xbd][0xef][0xbf][0xbd]V[0x18][0xef][0xbf][0xbd][0x5][0xef][0xbf][0xbd][0xef][0xbf][0xbd]q[0xef][0xbf][0xbd]F[0xd4][0x82]f[0xef][0xbf][0xbd]X[0xef][0xbf][0xbd][0xe]%4S[0xef][0xbf][0xbd]-B[0xda][0xaa]:8[0xb]a [0xef][0xbf][0xbd]^[0xef][0xbf][0xbd][0xef][0xbf][0xbd][0xef][0xbf][0xbd]WK[0xef][0xbf][0xbd][0xef][0xbf][0xbd]U0"[0x1c]:[0xef][0xbf][0xbd][0xef][0xbf][0xbd][0xef][0xbf][0xbd]Z[0xef][0xbf][0xbd][0xef][0xbf][0xbd]UaPM[0xec][0xa5][0x9a][0xef][0xbf][0xbd][0x1f][0x1a][0xe3][0xb3][0x86][0xef][0xbf][0xbd]ZK[0xef][0xbf][0xbd][0xef][0xbf][0xbd][0xef][0xbf][0xbd][0xef][0xbf][0xbd][0xef][0xbf][0xbd][0xef][0xbf][0xbd]&`=[0xef][0xbf][0xbd][7n<u[0xef][0xbf][0xbd][0x1a][0xef][0xbf][0xbd][0xef][0xbf][0xbd]c[0xef][0xbf][0xbd]&[0xef][0xbf][0xbd][0x13]c4[0x10][0xef][0xbf][0xbd][0x7]fe[0xef][0xbf][0xbd][0xef][0xbf][0xbd]r[0xef][0xbf][0xbd][0xef][0xbf][0xbd]xO[0xef][0xbf][0xbd]+[0xef][0xbf][0xbd] z[\n]"
07:56:28.944 [main] DEBUG org.apache.http.wire -  >> "[0xef][0xbf][0xbd]<[0xef][0xbf][0xbd][0xb][0xef][0xbf][0xbd][0xef][0xbf][0xbd][0xe]*d[0xef][0xbf][0xbd],|D[0xef][0xbf][0xbd][0xef][0xbf][0xbd]y[0xef][0xbf][0xbd][0x14]0[0xef][0xbf][0xbd]AQr[0xef][0xbf][0xbd]i|[0x19][0xef][0xbf][0xbd][0xef][0xbf][0xbd][0xef][0xbf][0xbd]IA[0x1]W=[0xef][0xbf][0xbd]8MsDr/[0xef][0xbf][0xbd][0xef][0xbf][0xbd]Tn3[0xef][0xbf][0xbd][0xe]_[0xd3][0xa5][0x18]hmU[0xef][0xbf][0xbd][0xef][0xbf][0xbd]u[0xef][0xbf][0xbd][0xef][0xbf][0xbd]8[0xef][0xbf][0xbd][0xef][0xbf][0xbd][0xef][0xbf][0xbd]AB%[0xef][0xbf][0xbd]j[0xef][0xbf][0xbd]R[0x2]7[0xef][0xbf][0xbd][0xef][0xbf][0xbd][0xef][0xbf][0xbd][0xef][0xbf][0xbd][0xef][0xbf][0xbd]z<[0xef][0xbf][0xbd][0xef][0xbf][0xbd][0xef][0xbf][0xbd]?[0xef][0xbf][0xbd]v[0xef][0xbf][0xbd][0xef][0xbf][0xbd][0xef][0xbf][0xbd]q~[0xef][0xbf][0xbd][0xef][0xbf][0xbd]o[0xef][0xbf][0xbd][0xef][0xbf][0xbd]?[0xef][0xbf][0xbd][0xef][0xbf][0xbd]5[0x1a][0xef][0xbf][0xbd][0xef][0xbf][0xbd][0x1e]Md'[0xef][0xbf][0xbd][0xef][0xbf][0xbd]@8[0xef][0xbf][0xbd]u*[0xef][0xbf][0xbd][0x12]Q[0xef][0xbf][0xbd]+6[0xef][0xbf][0xbd]"4[0xef][0xbf][0xbd][0x1c]Y[0xef][0xbf][0xbd][0xef][0xbf][0xbd][0x11]vcx-J[0xef][0xbf][0xbd][0xef][0xbf][0xbd][0xef][0xbf][0xbd][0x13][0xef][0xbf][0xbd]/[0xeb][0x93][0xa2][0xef][0xbf][0xbd][0x2][0xef][0xbf][0xbd]S[0xef][0xbf][0xbd]`1E[0xef][0xbf][0xbd][0xc]c2[0xef][0xbf][0xbd]Y[0xef][0xbf][0xbd][0x1f]+[0xef][0xbf][0xbd][0xef][0xbf][0xbd]yZ[0xef][0xbf][0xbd]Z[0xef][0xbf][0xbd][0xef][0xbf][0xbd][0xef][0xbf][0xbd][0xc9][0x9a]M[0xef][0xbf][0xbd][0xef][0xbf][0xbd][0xef][0xbf][0xbd]0[0xef][0xbf][0xbd][0xef][0xbf][0xbd]^[0xef][0xbf][0xbd][0xef][0xbf][0xbd] [0x19][0x15][0xef][0xbf][0xbd][0xef][0xbf][0xbd]Vz[0xc][0xef][0xbf][0xbd][0xc5][0xb9]~n[0xef][0xbf][0xbd][0xef][0xbf][0xbd][0xef][0xbf][0xbd][0xef][0xbf][0xbd];][0xef][0xbf][0xbd][0xef][0xbf][0xbd]\[0xef][0xbf][0xbd][0x14][0x1b][0xef][0xbf][0xbd][0xef][0xbf][0xbd]&[0xef][0xbf][0xbd]K@[0xef][0xbf][0xbd][0xef][0xbf][0xbd][0xef][0xbf][0xbd][0xef][0xbf][0xbd][0xef][0xbf][0xbd][0xc2][0x8a]FuE[0xd5][0x90][0xef][0xbf][0xbd][0xef][0xbf][0xbd]t[0x5][0xef][0xbf][0xbd]k[0xe3][0x90][0x97][0x2][0xef][0xbf][0xbd][0xef][0xbf][0xbd]pXF[0xef][0xbf][0xbd]R[0xe]5[0x15][0x13][0xef][0xbf][0xbd],1[0x11][0xef][0xbf][0xbd][0x19][0xef][0xbf][0xbd][[0x1]UV[0xef][0xbf][0xbd]'\[0xef][0xbf][0xbd][0x0]*[0xef][0xbf][0xbd][0xef][0xbf][0xbd][0xef][0xbf][0xbd][0xef][0xbf][0xbd][0xd2][0x9a][0xef][0xbf][0xbd][0x11][0xef][0xbf][0xbd]D[0xef][0xbf][0xbd][0xef][0xbf][0xbd]R[0xef][0xbf][0xbd][0xef][0xbf][0xbd][0x17]P[0xef][0xbf][0xbd][0xef][0xbf][0xbd][0xef][0xbf][0xbd][0xef][0xbf][0xbd][0xef][0xbf][0xbd]A[0xef][0xbf][0xbd]2)$[0xef][0xbf][0xbd][0xef][0xbf][0xbd]@[0xef][0xbf][0xbd][0xc2][0xac][0xef][0xbf][0xbd][0x9]t[0xef][0xbf][0xbd]C[0x5][0xef][0xbf][0xbd]5[0xd0][0xad]?[0xef][0xbf][0xbd]+[0xef][0xbf][0xbd][0xef][0xbf][0xbd][0xef][0xbf][0xbd][0xef][0xbf][0xbd][0xef][0xbf][0xbd]q[0xef][0xbf][0xbd][0x1a][0xef][0xbf][0xbd][0xc6][0xb5]A[0x13][0xef][0xbf][0xbd]%[0xef][0xbf][0xbd][0xef][0xbf][0xbd]>b[0xef][0xbf][0xbd][0x1c][0xc2][0x8b][0x8][0xef][0xbf][0xbd][0x5]3T[0x8][0xef][0xbf][0xbd][0xef][0xbf][0xbd][0xef][0xbf][0xbd][0xef][0xbf][0xbd][0xef][0xbf][0xbd][0xef][0xbf][0xbd]#[0x4]g[0xef][0xbf][0xbd]"[0xef][0xbf][0xbd][0xdc][0x92][0xef][0xbf][0xbd][0xef][0xbf][0xbd][0xef][0xbf][0xbd][0xef][0xbf][0xbd][0xef][0xbf][0xbd][0xd3][0x89]h[0xef][0xbf][0xbd][0xef][0xbf][0xbd][0xef][0xbf][0xbd]L"[0xef][0xbf][0xbd]*[0xef][0xbf][0xbd][0xe4][0xb6][0x8d][0xef][0xbf][0xbd]"T[0xef][0xbf][0xbd]y[0xef][0xbf][0xbd]8[0xef][0xbf][0xbd][0xef][0xbf][0xbd]q[0xef][0xbf][0xbd][0x12][0xef][0xbf][0xbd]v[0xef][0xbf][0xbd]p[0xef][0xbf][0xbd][0xef][0xbf][0xbd][0xef][0xbf][0xbd][0xef][0xbf][0xbd][0xef][0xbf][0xbd][0xc6][0x9c][0x5][0xef][0xbf][0xbd]i[0xef][0xbf][0xbd][0xef][0xbf][0xbd]I[0xef][0xbf][0xbd]#[0xef][0xbf][0xbd][0x8][0xef][0xbf][0xbd]Z[0xef][0xbf][0xbd][0xef][0xbf][0xbd]c[0xef][0xbf][0xbd][0xef][0xbf][0xbd][0xef][0xbf][0xbd][0xef][0xbf][0xbd]C[0xef][0xbf][0xbd][0xef][0xbf][0xbd][0xef][0xbf][0xbd][0xef][0xbf][0xbd]pb[0x1e]rdp~n[0x1c][0xef][0xbf][0xbd]w[0xef][0xbf][0xbd]^i[0xef][0xbf][0xbd]b[0xef][0xbf][0xbd]q[0xef][0xbf][0xbd][0xef][0xbf][0xbd][0xd6][0xb8][0x14][0xef][0xbf][0xbd][0xef][0xbf][0xbd]O[0xef][0xbf][0xbd][0xef][0xbf][0xbd][0xef][0xbf][0xbd]~[0xef][0xbf][0xbd]}[0xef][0xbf][0xbd]I[\n]"
07:56:28.944 [main] DEBUG org.apache.http.wire -  >> "UO|Xt[0xef][0xbf][0xbd]%[0xef][0xbf][0xbd]nN>C[0xef][0xbf][0xbd]0J[0xef][0xbf][0xbd]T[0x10][0x10]c[0xef][0xbf][0xbd]$[0x3]C[0xef][0xbf][0xbd]bh[0xef][0xbf][0xbd][0xef][0xbf][0xbd][0xef][0xbf][0xbd][0xef][0xbf][0xbd][0xef][0xbf][0xbd]G}\[0xef][0xbf][0xbd][0xef][0xbf][0xbd]][0xef][0xbf][0xbd]L[0xef][0xbf][0xbd]g[0xef][0xbf][0xbd][0xef][0xbf][0xbd]0[0xef][0xbf][0xbd]"[0xef][0xbf][0xbd]1g[0x3][[\r][0xef][0xbf][0xbd])[0xef][0xbf][0xbd][0xef][0xbf][0xbd][0xef][0xbf][0xbd]U[0xef][0xbf][0xbd][0xc9][0x94][0xef][0xbf][0xbd]d[0x9]_[0xef][0xbf][0xbd]x[0xef][0xbf][0xbd][0xef][0xbf][0xbd]M[0xef][0xbf][0xbd][0xef][0xbf][0xbd][0xef][0xbf][0xbd][0xef][0xbf][0xbd][0xef][0xbf][0xbd]xYc[0xef][0xbf][0xbd]s[0xef][0xbf][0xbd][0xef][0xbf][0xbd][0xef][0xbf][0xbd]xV[0xe][0xcf][0x99][0xef][0xbf][0xbd][0xef][0xbf][0xbd]Q[0xef][0xbf][0xbd][0xef][0xbf][0xbd]E[0xef][0xbf][0xbd]o[0xef][0xbf][0xbd][0xef][0xbf][0xbd][0xef][0xbf][0xbd][0x1f][0xef][0xbf][0xbd][0xe]k4[0x1a][0xef][0xbf][0xbd][\n]"
07:56:28.944 [main] DEBUG org.apache.http.wire -  >> "[0xef][0xbf][0xbd][0xef][0xbf][0xbd].[0x9][0xcb][0x87][0xef][0xbf][0xbd][0xef][0xbf][0xbd][0xef][0xbf][0xbd][0xef][0xbf][0xbd][0x14][0xef][0xbf][0xbd][0x3][0xef][0xbf][0xbd]@F;IP[0xef][0xbf][0xbd][0xef][0xbf][0xbd]T[0xef][0xbf][0xbd][0x11][0xef][0xbf][0xbd]2[0xef][0xbf][0xbd][0xef][0xbf][0xbd][0xc2][0xac]H[0xef][0xbf][0xbd][0xc7][0xa0][0xc7][0xbc][0xef][0xbf][0xbd][0xef][0xbf][0xbd][0xd1][0x80][0x1][0xef][0xbf][0xbd]7[0xef][0xbf][0xbd][0xef][0xbf][0xbd][0xef][0xbf][0xbd][0xef][0xbf][0xbd]F[0xef][0xbf][0xbd]eL~e{+[0xef][0xbf][0xbd]6V[0x18][0x7][0xde][0x90][0xef][0xbf][0xbd][0x7][0xef][0xbf][0xbd]T[0xef][0xbf][0xbd]D[0xef][0xbf][0xbd]Oi^'\[0xef][0xbf][0xbd][0xef][0xbf][0xbd]y[0xef][0xbf][0xbd][0xef][0xbf][0xbd]s[0x15][0xef][0xbf][0xbd]7[0x12]>[0xef][0xbf][0xbd]z[0xef][0xbf][0xbd]K[0x1e][0xef][0xbf][0xbd]#[0xef][0xbf][0xbd][0xef][0xbf][0xbd][0xef][0xbf][0xbd]M[0xef][0xbf][0xbd][0xef][0xbf][0xbd][0xef][0xbf][0xbd][0x1a][0xef][0xbf][0xbd][0xc6][0xb5]C[0x13][0xef][0xbf][0xbd]%[0xef][0xbf][0xbd][0xef][0xbf][0xbd][\r][0xef][0xbf][0xbd][0xef][0xbf][0xbd]_[0xef][0xbf][0xbd][0xef][0xbf][0xbd][0xef][0xbf][0xbd][0xef][0xbf][0xbd][0xef][0xbf][0xbd]bt[0xef][0xbf][0xbd][0x1e]i[0xef][0xbf][0xbd][0xef][0xbf][0xbd][0xef][0xbf][0xbd]=+[0xef][0xbf][0xbd]T[0xef][0xbf][0xbd][0xef][0xbf][0xbd][0xef][0xbf][0xbd][0xd5][0xa2]o[0xef][0xbf][0xbd][0xef][0xbf][0xbd][0x12]b@[0xef][0xbf][0xbd][0xef][0xbf][0xbd]p[0x18][0xef][0xbf][0xbd]*[\n]"
07:56:28.944 [main] DEBUG org.apache.http.wire -  >> "v[0xef][0xbf][0xbd][0xef][0xbf][0xbd][0xef][0xbf][0xbd][0xef][0xbf][0xbd][0xef][0xbf][0xbd][0x8][\r]f[0xef][0xbf][0xbd]n[0xc][0x18][0xef][0xbf][0xbd][0xef][0xbf][0xbd]I[0xef][0xbf][0xbd][0x10][0xef][0xbf][0xbd]i[0xef][0xbf][0xbd][0xef][0xbf][0xbd]A.[0xef][0xbf][0xbd]<[0xef][0xbf][0xbd]SG[0xef][0xbf][0xbd]Q[0xef][0xbf][0xbd][\r][0xef][0xbf][0xbd]4[0xef][0xbf][0xbd];P0[0xef][0xbf][0xbd][0xef][0xbf][0xbd]G[0xef][0xbf][0xbd]2[0xef][0xbf][0xbd][0xef][0xbf][0xbd]7Q[0xef][0xbf][0xbd][0x2]B[0xef][0xbf][0xbd][0xc3][0x8a][0xef][0xbf][0xbd]}[0xef][0xbf][0xbd][0xef][0xbf][0xbd]/[0xef][0xbf][0xbd][0xd7][0xaf]X[0xef][0xbf][0xbd][0xd1][0xb8]vh"[0xef][0xbf][0xbd]$[0xef][0xbf][0xbd][0xef][0xbf][0xbd]E[0xef][0xbf][0xbd]{f[0xef][0xbf][0xbd]o[0xef][0xbf][0xbd][0x10]G[0xcb][0x96]M[0xef][0xbf][0xbd][0xef][0xbf][0xbd][0xef][0xbf][0xbd][0xef][0xbf][0xbd][0x11][0xef][0xbf][0xbd][0xde][0xa3][0xef][0xbf][0xbd]0[0xef][0xbf][0xbd][0xef][0xbf][0xbd]fu[0x17]3E[0xef][0xbf][0xbd]8C[0xef][0xbf][0xbd]D[0xe5][0x9d][0xb4][0xef][0xbf][0xbd][0x19][0x7]$ae[\r]7l[0xef][0xbf][0xbd][0xef][0xbf][0xbd]E[0xef][0xbf][0xbd]^[0xef][0xbf][0xbd][0xef][0xbf][0xbd][0xef][0xbf][0xbd][0x14][0xef][0xbf][0xbd]\[0xc4][0x88]A[0xd5][0x97]'[0xef][0xbf][0xbd]P|[0xef][0xbf][0xbd][0xc4][0x9e]1i[0x6][0xef][0xbf][0xbd]H[0xef][0xbf][0xbd][0xef][0xbf][0xbd]2[0xef][0xbf][0xbd][0xc][0xef][0xbf][0xbd][0x18].[0xef][0xbf][0xbd]8!O[0x12][0xef][0xbf][0xbd][0xef][0xbf][0xbd]7[0xed][0x9d][0xb8]k[0xef][0xbf][0xbd]F[0xef][0xbf][0xbd]Z[0xef][0xbf][0xbd][0xef][0xbf][0xbd][0xef][0xbf][0xbd][0x12][0xef][0xbf][0xbd]_[0xef][0xbf][0xbd]_E[0xef][0xbf][0xbd][0xef][0xbf][0xbd][0xef][0xbf][0xbd].[0x18][0x13]K[0x15]#[0xef][0xbf][0xbd]MN[0xca][0xa5][0xef][0xbf][0xbd]a*[0xef][0xbf][0xbd][0xef][0xbf][0xbd];T[0xef][0xbf][0xbd]][0x11]ixB[0xef][0xbf][0xbd][0xef][0xbf][0xbd][0xef][0xbf][0xbd]T[0xf]6[0xc][0x15]N[0x12]1![0xef][0xbf][0xbd]E[0xef][0xbf][0xbd][0xef][0xbf][0xbd]bs[0xef][0xbf][0xbd]Rb[0xef][0xbf][0xbd][0x1a][0xef][0xbf][0xbd][0xef][0xbf][0xbd][0xef][0xbf][0xbd]Um[0xef][0xbf][0xbd]qJs[0xef][0xbf][0xbd]2[0xef][0xbf][0xbd][0x1a][0xef][0xbf][0xbd][0xef][0xbf][0xbd]&ei([0x2][0xef][0xbf][0xbd]-+[0x1f][0x5]L[0xef][0xbf][0xbd][0xef][0xbf][0xbd][0x19]d[0xef][0xbf][0xbd]k[0x12]}[0x16]W[0xef][0xbf][0xbd][0xef][0xbf][0xbd][0x6][0xef][0xbf][0xbd]F[0xef][0xbf][0xbd][0xef][0xbf][0xbd][0xc2][0xad]q[0xef][0xbf][0xbd][0xef][0xbf][0xbd][0xef][0xbf][0xbd][0xef][0xbf][0xbd][0xe7][0xb3][0xaf][0xef][0xbf][0xbd][0xef][0xbf][0xbd][0xdd][0x9b][0xc][0xef][0xbf][0xbd][0x1d]0[0x1a]_[0xef][0xbf][0xbd]p[0x7]:-[0xef][0xbf][0xbd]4B`[0xef][0xbf][0xbd]/[0xef][0xbf][0xbd][0x12][0xef][0xbf][0xbd]I[0xef][0xbf][0xbd][0xc4][0x85]F[0xf]l_D&[0xef][0xbf][0xbd][0xef][0xbf][0xbd][0xef][0xbf][0xbd][0xef][0xbf][0xbd]xX[0xc2][0x97][0xef][0xbf][0xbd]^[0xc][0xd3][0xb9]t[0xef][0xbf][0xbd][0xef][0xbf][0xbd][0xef][0xbf][0xbd][0x3]}[0x17][0xef][0xbf][0xbd][0xef][0xbf][0xbd][0xd6][0xbf][0xef][0xbf][0xbd]|x[0xef][0xbf][0xbd][0xef][0xbf][0xbd][0xef][0xbf][0xbd]fWa[0xef][0xbf][0xbd]D[0xc4][0x97]i![0xef][0xbf][0xbd][0xef][0xbf][0xbd][0xef][0xbf][0xbd][0xc][0xef][0xbf][0xbd][0xc2][0xb3][0xef][0xbf][0xbd][0xef][0xbf][0xbd][0x1c]'c[0xef][0xbf][0xbd][0x1a][0x12]={[0xef][0xbf][0xbd][0xef][0xbf][0xbd][0xef][0xbf][0xbd][0xef][0xbf][0xbd]3[0xef][0xbf][0xbd]h4[0xef][0xbf][0xbd]-Z[0xef][0xbf][0xbd]]6v[0xef][0xbf][0xbd]*VhG[0xef][0xbf][0xbd]i[0x10]P[0xef][0xbf][0xbd][0x3][0xef][0xbf][0xbd][0xef][0xbf][0xbd][0xd3][0x8a]8N[0x8][0xef][0xbf][0xbd]_[0xef][0xbf][0xbd][0xef][0xbf][0xbd]>[0xef][0xbf][0xbd][0xef][0xbf][0xbd]Re[0xc4][0xb6]RA9[0xef][0xbf][0xbd][0xe]"U[0xef][0xbf][0xbd],m[0xef][0xbf][0xbd][0xef][0xbf][0xbd].)[0xef][0xbf][0xbd][0xef][0xbf][0xbd]x[0xef][0xbf][0xbd][0xc7][0xa6][0xef][0xbf][0xbd]x,[0xb][0xef][0xbf][0xbd]3[0xef][0xbf][0xbd][0xef][0xbf][0xbd]]?_[0xef][0xbf][0xbd][0xef][0xbf][0xbd]FS[0xef][0xbf][0xbd][0xef][0xbf][0xbd][<[0xef][0xbf][0xbd][0xc2][0x99][0xef][0xbf][0xbd]8:[0xef][0xbf][0xbd]k[0x7][0xef][0xbf][0xbd]#[0xef][0xbf][0xbd][0xef][0xbf][0xbd][0xca][0x86][0x1c]3[0xef][0xbf][0xbd][0xef][0xbf][0xbd]~[0xef][0xbf][0xbd][0xef][0xbf][0xbd][0xef][0xbf][0xbd][0xef][0xbf][0xbd]h\k4[0xef][0xbf][0xbd]]2[0xef][0xbf][0xbd][0xef][0xbf][0xbd][0xef][0xbf][0xbd][0xef][0xbf][0xbd][0xef][0xbf][0xbd][0xef][0xbf][0xbd]r[0xef][0xbf][0xbd]`[0x1b]G[0xb][0xef][0xbf][0xbd]S:l[0xef][0xbf][0xbd]uex=[0x4]UR[0xcf][0xb4][0xef][0xbf][0xbd]cQ?|[0xef][0xbf][0xbd][0x4]$[0xef][0xbf][0xbd][0xe5][0xa3][0x9a][0xef][0xbf][0xbd]z[0x13]F[0xef][0xbf][0xbd]Y[0xef][0xbf][0xbd][0xef][0xbf][0xbd]Jk[0xef][0xbf][0xbd]ac[0xef][0xbf][0xbd][0x1][0xef][0xbf][0xbd]oh[0x1b][0xef][0xbf][0xbd][0xef][0xbf][0xbd][0xef][0xbf][0xbd][0xea][0x88][0x9f]_Y[0xef][0xbf][0xbd]KB[0xef][0xbf][0xbd]t6[0x2]V;H[0xef][0xbf][0xbd]&[0xef][0xbf][0xbd][0xc8][0x92]l].[0x3][0xc8][0xb0][0xef][0xbf][0xbd][0xef][0xbf][0xbd]'I[0xef][0xbf][0xbd][0xef][0xbf][0xbd][0xef][0xbf][0xbd]P[0xef][0xbf][0xbd]v[0xef][0xbf][0xbd][0xef][0xbf][0xbd]/[0xef][0xbf][0xbd][0xef][0xbf][0xbd]}k4[0x1a][0xef][0xbf][0xbd][0x1a]Md[0xef][0xbf][0xbd][0xef][0xbf][0xbd][0xef][0xbf][0xbd][0xef][0xbf][0xbd]a~[0xef][0xbf][0xbd]PJ[0xef][0xbf][0xbd]?[0x1d][\r]pe[8[0x17]@[0x1c][0xef][0xbf][0xbd][0xef][0xbf][0xbd][0xcb][0x93][0xef][0xbf][0xbd][0xef][0xbf][0xbd]p[0xef][0xbf][0xbd][0xef][0xbf][0xbd][0xef][0xbf][0xbd][0xef][0xbf][0xbd]a[0xef][0xbf][0xbd][0xef][0xbf][0xbd][0xe7][0xb1][0xad]?[0x1b][0x8][0xef][0xbf][0xbd]j[0xef][0xbf][0xbd]Xc![0xef][0xbf][0xbd][0xef][0xbf][0xbd]R[0xef][0xbf][0xbd]\[0xef][0xbf][0xbd][0xef][0xbf][0xbd][0xef][0xbf][0xbd][0x9]{[0xef][0xbf][0xbd]<Y \hd[0xef][0xbf][0xbd][0x10][0xef][0xbf][0xbd]+[0xc7][0x87][0xef][0xbf][0xbd]HL6[0xef][0xbf][0xbd]3[0xef][0xbf][0xbd][0xc8][0x9b][0xef][0xbf][0xbd]\[0xef][0xbf][0xbd][0xef][0xbf][0xbd][0x1b]y8[0xef][0xbf][0xbd][0x1b][0xef][0xbf][0xbd]H[0xef][0xbf][0xbd]x[0xef][0xbf][0xbd][0xef][0xbf][0xbd]Z[0xef][0xbf][0xbd][0xd1][0xb8][0xef][0xbf][0xbd]h"[0xef][0xbf][0xbd][0x2]8??)[0x3]n[0xeb][0xa2][0xbc]d[0xef][0xbf][0xbd][0xef][0xbf][0xbd][0x8]Mr9Br[0xef][0xbf][0xbd][0xef][0xbf][0xbd])d[0xef][0xbf][0xbd][0xef][0xbf][0xbd][0xef][0xbf][0xbd]O[0xef][0xbf][0xbd]H[0xef][0xbf][0xbd]9[0xc9][0x80]R[0xef][0xbf][0xbd][0xef][0xbf][0xbd]<U[0xef][0xbf][0xbd]<[0xef][0xbf][0xbd]a6[0x1d]k[0xef][0xbf][0xbd]D[0xef][0xbf][0xbd]%w[0xef][0xbf][0xbd][0xef][0xbf][0xbd][0xef][0xbf][0xbd]x[0xef][0xbf][0xbd]s~?T[0xef][0xbf][0xbd][0xef][0xbf][0xbd][0xef][0xbf][0xbd]@K[0xef][0xbf][0xbd][0xef][0xbf][0xbd][0x18]l[0xef][0xbf][0xbd]6[0xef][0xbf][0xbd]:[0xef][0xbf][0xbd]i[0xef][0xbf][0xbd]x[0x1f]i[0xef][0xbf][0xbd]`[0xef][0xbf][0xbd][0x13]|^[0x16][0xef][0xbf][0xbd]un[0xef][0xbf][0xbd]<5[0xef][0xbf][0xbd][0xef][0xbf][0xbd][0x7][0xef][0xbf][0xbd]>[0xef][0xbf][0xbd][0x6][0xef][0xbf][0xbd]F[0xef][0xbf][0xbd][0xc9][0x80][[0xef][0xbf][0xbd]J M[0x1f][0xcf][0x99]I[(1D[0xef][0xbf][0xbd][0xf]C[0xef][0xbf][0xbd][0x1b]s[0xef][0xbf][0xbd]f;[0xef][0xbf][0xbd]?D.%1[0x6][0xef][0xbf][0xbd][0x12]k[0xef][0xbf][0xbd][0xef][0xbf][0xbd][0xef][0xbf][0xbd][0xef][0xbf][0xbd][0x18][0x1e][0x4]qIh0?3+U[0x17][0x19]#[0xef][0xbf][0xbd]t[0xef][0xbf][0xbd][0xef][0xbf][0xbd][0x9]yf[0xef][0xbf][0xbd][0xd8][0x95]d[0x9][0xef][0xbf][0xbd][0xef][0xbf][0xbd][0xef][0xbf][0xbd][0xef][0xbf][0xbd][0xef][0xbf][0xbd][0xef][0xbf][0xbd][0xef][0xbf][0xbd][0xef][0xbf][0xbd]K[0xef][0xbf][0xbd][0x1e][0xef][0xbf][0xbd][0xef][0xbf][0xbd]7[0xef][0xbf][0xbd][0xc6][0x9c]|[0xe8][0xb4][0xb3]7[0xef][0xbf][0xbd][0x7][0xef][0xbf][0xbd][0xef][0xbf][0xbd]F[0xef][0xbf][0xbd][0xef][0xbf][0xbd]D[0xef][0xbf][0xbd][0x15][0xef][0xbf][0xbd][0x15][0xef][0xbf][0xbd][0xef][0xbf][0xbd][0xef][0xbf][0xbd][0xef][0xbf][0xbd][0x0][0xef][0xbf][0xbd]d[0x1c][0xef][0xbf][0xbd][0xdf][0x99]IC]q[0x14]N[0xef][0xbf][0xbd][[0xef][0xbf][0xbd][0xef][0xbf][0xbd][0xef][0xbf][0xbd]d[0xd6][0xad][0xef][0xbf][0xbd][0xef][0xbf][0xbd]:4[0x19][0xef][0xbf][0xbd]J[0xef][0xbf][0xbd]`[0xef][0xbf][0xbd] [0xef][0xbf][0xbd][0xef][0xbf][0xbd]n[0xef][0xbf][0xbd]z[0xef][0xbf][0xbd][0xef][0xbf][0xbd]S$[0xef][0xbf][0xbd]MmX[0xef][0xbf][0xbd]P[0xef][0xbf][0xbd]X[0xef][0xbf][0xbd][0xef][0xbf][0xbd]Fxr([0xc6][0xac][0x1][0xef][0xbf][0xbd][0xef][0xbf][0xbd]*[0xef][0xbf][0xbd]8[0xef][0xbf][0xbd]6[0xef][0xbf][0xbd][0xef][0xbf][0xbd][0xef][0xbf][0xbd]X[0xef][0xbf][0xbd]f[0xef][0xbf][0xbd]^[0xef][0xbf][0xbd][0x3][0x14][0xef][0xbf][0xbd][0xef][0xbf][0xbd][0xef][0xbf][0xbd][0xef][0xbf][0xbd][0xef][0xbf][0xbd][0xef][0xbf][0xbd][0x1f][0xef]"
07:56:28.945 [main] DEBUG org.apache.http.wire -  >> "[0xbf][0xbd]]k4[0x1a]O[0xc]Z[0xef][0xbf][0xbd]]!|[0xef][0xbf][0xbd]^[0xef][0xbf][0xbd][0xef][0xbf][0xbd]!7[0x3][0x16][0xef][0xbf][0xbd][0x15]P6[0xef][0xbf][0xbd]/p[0xef][0xbf][0xbd][0xef][0xbf][0xbd]Q[0xef][0xbf][0xbd][0xef][0xbf][0xbd][0xef][0xbf][0xbd][0xef][0xbf][0xbd]|[0x1b][0xef][0xbf][0xbd][0xef][0xbf][0xbd]I[0xef][0xbf][0xbd][0x1c]C[0xef][0xbf][0xbd][0xef][0xbf][0xbd]e[0x19][0x19][0xef][0xbf][0xbd]J[0xef][0xbf][0xbd][0x1c]B[0xcb][0xa7][0x1e][0xef][0xbf][0xbd][0xef][0xbf][0xbd][\n]"
07:56:28.945 [main] DEBUG org.apache.http.wire -  >> "k[0x10]\[0xef][0xbf][0xbd]h[0xef][0xbf][0xbd]q[0x2]M[0xf][0xef][0xbf][0xbd][0x6]onS[0xef][0xbf][0xbd][0xef][0xbf][0xbd][0xef][0xbf][0xbd][0xef][0xbf][0xbd][0xef][0xbf][0xbd][0xef][0xbf][0xbd]FK[0x1e]*jh[0xef][0xbf][0xbd][0xef][0xbf][0xbd][0xd9][0x86][0xef][0xbf][0xbd][0xef][0xbf][0xbd][0xef][0xbf][0xbd][0xef][0xbf][0xbd][0x19][0xef][0xbf][0xbd][0xef][0xbf][0xbd]8[0xef][0xbf][0xbd]1^?[0xef][0xbf][0xbd][0xb][0xef][0xbf][0xbd]Yk4[0x1a]O[0xc]Z[0xef][0xbf][0xbd]]![0xef][0xbf][0xbd][0xef][0xbf][0xbd]Dw[0xef][0xbf][0xbd]6[0xef][0xbf][0xbd][0xef][0xbf][0xbd]*g[0xd3][0x8b]$[0x15]nZ[0xef][0xbf][0xbd]f3[0xef][0xbf][0xbd][0xef][0xbf][0xbd][0xef][0xbf][0xbd]Qy[0xef][0xbf][0xbd]`=[0xda][0x80]k[0xef][0xbf][0xbd]4[0xc]%>[0x12]s[0xef][0xbf][0xbd][0xef][0xbf][0xbd][0xef][0xbf][0xbd]:I}X[0xef][0xbf][0xbd]I[0xef][0xbf][0xbd][0xe7][0x98][0x96][0xef][0xbf][0xbd]([0xef][0xbf][0xbd]SY[0xef][0xbf][0xbd][0x18][0xef][0xbf][0xbd]C^j[0x3]{1[0xef][0xbf][0xbd][0xef][0xbf][0xbd][0xef][0xbf][0xbd][0xdb][0xa9][0xef][0xbf][0xbd]t[0xef][0xbf][0xbd][0xef][0xbf][0xbd]k[0xef][0xbf][0xbd][0x13][0xef][0xbf][0xbd][0xef][0xbf][0xbd]@[0xef][0xbf][0xbd]C:[0xef][0xbf][0xbd][0x1d][0xef][0xbf][0xbd][0xef][0xbf][0xbd][0xef][0xbf][0xbd][0xef][0xbf][0xbd][0xef][0xbf][0xbd]Y[0xef][0xbf][0xbd][0xef][0xbf][0xbd]x[0xef][0xbf][0xbd][0xef][0xbf][0xbd]Dv[0xef][0xbf][0xbd][0xef][0xbf][0xbd][0xef][0xbf][0xbd][0xef][0xbf][0xbd][0xef][0xbf][0xbd][0xef][0xbf][0xbd][0xef][0xbf][0xbd][0xef][0xbf][0xbd]W[0xef][0xbf][0xbd][0xef][0xbf][0xbd][0xef][0xbf][0xbd]][0xd6][0x90][0xef][0xbf][0xbd]/+[0xef][0xbf][0xbd][0xef][0xbf][0xbd][0xf]r[0xef][0xbf][0xbd][0xef][0xbf][0xbd]Fh[0xef][0xbf][0xbd]b[0x1c][0xef][0xbf][0xbd][0xef][0xbf][0xbd]*[0xef][0xbf][0xbd]l[0xef][0xbf][0xbd]E[0x1c]t"[0xef][0xbf][0xbd][0x8][0xef][0xbf][0xbd][0x1d][0xd8][0xae]ByIFu[0x18]T[0x5][0xef][0xbf][0xbd][0xcf][0x8f]4[0xef][0xbf][0xbd][0xef][0xbf][0xbd]m,[0xef][0xbf][0xbd][0xef][0xbf][0xbd][0x9][0xef][0xbf][0xbd][0xef][0xbf][0xbd][0xef][0xbf][0xbd][0xef][0xbf][0xbd]S[0x9]:[0x1a][0xef][0xbf][0xbd]6[0xef][0xbf][0xbd]H[[0xef][0xbf][0xbd]#[0xef][0xbf][0xbd][0xef][0xbf][0xbd]mlB[0xef][0xbf][0xbd]^Y5XI`yB[0xef][0xbf][0xbd][0xef][0xbf][0xbd][0xef][0xbf][0xbd][0xef][0xbf][0xbd]~[0xef][0xbf][0xbd]s[0xef][0xbf][0xbd][0xf1][0xa4][0xa1][0x89][0xef][0xbf][0xbd][0xef][0xbf][0xbd][0xef][0xbf][0xbd][0xf][0xef][0xbf][0xbd][0xec][0x80][0xa9]_![0x1c][0xef][0xbf][0xbd][0xef][0xbf][0xbd]#[0xef][0xbf][0xbd][0xef][0xbf][0xbd][0xef][0xbf][0xbd][0xef][0xbf][0xbd].e[0xef][0xbf][0xbd]Z[0xef][0xbf][0xbd][0xef][0xbf][0xbd]Z[0xef][0xbf][0xbd][0xef][0xbf][0xbd][0x8][0xef][0xbf][0xbd]I0[0x3][0x7][0xef][0xbf][0xbd][0xef][0xbf][0xbd][0xef][0xbf][0xbd][0xc9][0xa7][0xef][0xbf][0xbd]/[0xdd][0x81][0xef][0xbf][0xbd];[0xdf][0xb4][0xc4][0x9a]Fp[0xef][0xbf][0xbd][0xef][0xbf][0xbd]#[0xef][0xbf][0xbd][0xef][0xbf][0xbd][0x6][0xef][0xbf][0xbd][0xef][0xbf][0xbd][0xef][0xbf][0xbd][0xef][0xbf][0xbd][0xef][0xbf][0xbd]<<[0xef][0xbf][0xbd]i[0xef][0xbf][0xbd]k[0x1b]E[0xc6][0xbc][0xef][0xbf][0xbd][0xef][0xbf][0xbd]:2'[0xef][0xbf][0xbd],C[0xef][0xbf][0xbd][0xef][0xbf][0xbd][0xef][0xbf][0xbd][0xef][0xbf][0xbd][0xef][0xbf][0xbd];[0xef][0xbf][0xbd]h4[0xef][0xbf][0xbd]84[0xef][0xbf][0xbd]]1[0xef][0xbf][0xbd][0xef][0xbf][0xbd]wT[0xef][0xbf][0xbd][0x19][0xef][0xbf][0xbd][0xef][0xbf][0xbd]%X[0xef][0xbf][0xbd]&,[0xef][0xbf][0xbd]V[0xef][0xbf][0xbd][0xef][0xbf][0xbd]Pc[0xef][0xbf][0xbd]k[0xef][0xbf][0xbd][0xef][0xbf][0xbd]T1[0xef][0xbf][0xbd][0xef][0xbf][0xbd]I(p|Sl78k)2[0xef][0xbf][0xbd][0xef][0xbf][0xbd] [0xef][0xbf][0xbd]E[0xef][0xbf][0xbd][0xef][0xbf][0xbd][0xef][0xbf][0xbd]]9[0xef][0xbf][0xbd][0xef][0xbf][0xbd][0xef][0xbf][0xbd]o[0x1e][0xef][0xbf][0xbd]b[0xef][0xbf][0xbd])>[0xef][0xbf][0xbd]M[0xef][0xbf][0xbd][0xef][0xbf][0xbd]b[0xef][0xbf][0xbd][0xef][0xbf][0xbd][0xef][0xbf][0xbd]T[0x15]P[0x17]E[0xef][0xbf][0xbd]p%[0xef][0xbf][0xbd]}X[0xef][0xbf][0xbd][0xef][0xbf][0xbd]Vc[0xef][0xbf][0xbd][0xc6][0x93][0xef][0xbf][0xbd]&[0xef][0xbf][0xbd]+[0xef][0xbf][0xbd]s[0xef][0xbf][0xbd];[0xef][0xbf][0xbd][0xb][0xef][0xbf][0xbd]}U[0xef][0xbf][0xbd][0xef][0xbf][0xbd][0x18][0xde][0x8b][0xef][0xbf][0xbd]w[0xef][0xbf][0xbd]K[0xef][0xbf][0xbd]z[0xef][0xbf][0xbd][0x4][0xef][0xbf][0xbd][0xef][0xbf][0xbd]c[0xef][0xbf][0xbd][0xef][0xbf][0xbd][0xdb][0xa1][0xef][0xbf][0xbd][0xef][0xbf][0xbd][0xef][0xbf][0xbd][0xe][0xef][0xbf][0xbd][0xca][0x81]8>[0xef][0xbf][0xbd]@[0x1b][0xef][0xbf][0xbd][0xef][0xbf][0xbd]Y[0xef][0xbf][0xbd]&H[0xe][0x6][0xf][0xef][0xbf][0xbd][0xef][0xbf][0xbd][0xef][0xbf][0xbd][0xd3][0xb7]AQ[0xef][0xbf][0xbd]Z[0xc][0xef][0xbf][0xbd]3[0xef][0xbf][0xbd]Z[0xef][0xbf][0xbd][0xef][0xbf][0xbd]oI[0xef][0xbf][0xbd][0xef][0xbf][0xbd][0xef][0xbf][0xbd][0xef][0xbf][0xbd]xo[0xef][0xbf][0xbd]ls=,[0xde][0xb2]X^[0xef][0xbf][0xbd]F[0xef][0xbf][0xbd][0xef][0xbf][0xbd]D[0xef][0xbf][0xbd][0xef][0xbf][0xbd][0xef][0xbf][0xbd][\n]"
07:56:28.946 [main] DEBUG org.apache.http.wire -  >> "bUe[0xef][0xbf][0xbd]WeQ[0xef][0xbf][0xbd][0xef][0xbf][0xbd][0xef][0xbf][0xbd][0x7]a[0xe][0x11][0xef][0xbf][0xbd][0xef][0xbf][0xbd].[0xef][0xbf][0xbd][0xb][0xef][0xbf][0xbd][0xef][0xbf][0xbd][0xef][0xbf][0xbd]([0xef][0xbf][0xbd]#[0xef][0xbf][0xbd][0xef][0xbf][0xbd][0xef][0xbf][0xbd][0xe]D[0xef][0xbf][0xbd]N[0xef][0xbf][0xbd][0xef][0xbf][0xbd] )9[0xef][0xbf][0xbd][0xef][0xbf][0xbd][0xef][0xbf][0xbd][0x12][0xef][0xbf][0xbd][0xef][0xbf][0xbd]K[0xef][0xbf][0xbd]pN[0xef][0xbf][0xbd][\r][0xef][0xbf][0xbd][0xef][0xbf][0xbd][0xef][0xbf][0xbd][0xef][0xbf][0xbd]A[0x2]&[0x9][[0xef][0xbf][0xbd]$[0xef][0xbf][0xbd]I-[0xe9][0x84][0x84];Q[0xef][0xbf][0xbd]&[0xef][0xbf][0xbd][0xef][0xbf][0xbd][0x16]R{[0xef][0xbf][0xbd][0xef][0xbf][0xbd]#[0xef][0xbf][0xbd][0xef][0xbf][0xbd][0xef][0xbf][0xbd][0xcf][0x8d][0xc6][0x93][0xef][0xbf][0xbd]&[0xef][0xbf][0xbd]+[\n]"
07:56:28.946 [main] DEBUG org.apache.http.wire -  >> "[0xef][0xbf][0xbd]2[0xef][0xbf][0xbd][0xef][0xbf][0xbd][0xef][0xbf][0xbd][0xef][0xbf][0xbd]Z/a[0xef][0xbf][0xbd][0xef][0xbf][0xbd][0xef][0xbf][0xbd]([0xef][0xbf][0xbd]l[0xef][0xbf][0xbd][0xd3][0x82]_$[0xef][0xbf][0xbd][0xef][0xbf][0xbd][0xef][0xbf][0xbd][0xd7][0xa2][0xef][0xbf][0xbd]G[0xef][0xbf][0xbd][0xef][0xbf][0xbd][0x1c]y,[0xd6][0x96][0xef][0xbf][0xbd][0x10]C[0xef][0xbf][0xbd][0xef][0xbf][0xbd][0xef][0xbf][0xbd]>[0xef][0xbf][0xbd]"k[[0xef][0xbf][0xbd][0xef][0xbf][0xbd][0xef][0xbf][0xbd][0xef][0xbf][0xbd][0x3][0xef][0xbf][0xbd]a[0xef][0xbf][0xbd][0xef][0xbf][0xbd][0x1b][0xef][0xbf][0xbd][0xef][0xbf][0xbd]{[0xef][0xbf][0xbd][\r]^[0xef][0xbf][0xbd]M[0xef][0xbf][0xbd][0xef][0xbf][0xbd][0xef][0xbf][0xbd]|[0xef][0xbf][0xbd]I>[0xef][0xbf][0xbd][0xef][0xbf][0xbd][0x1f][0xef][0xbf][0xbd][0x11][0x1f][0xef][0xbf][0xbd][0xef][0xbf][0xbd][0xef][0xbf][0xbd][0x17][0xef][0xbf][0xbd][0xef][0xbf][0xbd]=k4[0x1a]O,[0xef][0xbf][0xbd][0xc8][0xae]([0xe][0xef][0xbf][0xbd]l[0xef][0xbf][0xbd] /[0xef][0xbf][0xbd]F[0xef][0xbf][0xbd][0xef][0xbf][0xbd][0xef][0xbf][0xbd]wY[0x1c][0xef][0xbf][0xbd][0xef][0xbf][0xbd][0xcc][0x99][0xef][0xbf][0xbd]#[0xef][0xbf][0xbd][0xc6][0x94]7[0xcb][0x86][0xc2][0xa8][0x1f]K[0x2]I;a[0xef][0xbf][0xbd][0xef][0xbf][0xbd][0xef][0xbf][0xbd]}[0xef][0xbf][0xbd][0xef][0xbf][0xbd][0xef][0xbf][0xbd][0xef][0xbf][0xbd]h[0xef][0xbf][0xbd]$1[0xef][0xbf][0xbd]+[0xef][0xbf][0xbd][0xef][0xbf][0xbd][0xef][0xbf][0xbd]=[0x1c][0xef][0xbf][0xbd][0x18]r[0x18]=[0xc6][0xa6]teV[0xef][0xbf][0xbd][0xe][0x13][0xef][0xbf][0xbd][0xef][0xbf][0xbd][0xef][0xbf][0xbd][0xef][0xbf][0xbd]O[0xef][0xbf][0xbd]g[0xe][0xef][0xbf][0xbd]N[0xef][0xbf][0xbd]5[0x1a][0xef][0xbf][0xbd]'[0x1a]MdW[0x18][0x1f][0xef][0xbf][0xbd][0xef][0xbf][0xbd][0xef][0xbf][0xbd][0xef][0xbf][0xbd][0xef][0xbf][0xbd][0xef][0xbf][0xbd][0xef][0xbf][0xbd][0xef][0xbf][0xbd]ic[0x0][0xc4][0xb5]Ku[0x15][0xef][0xbf][0xbd]#YjO[0x13]E:0[0xcc][0x84]HL[0xef][0xbf][0xbd][0xef][0xbf][0xbd][0xef][0xbf][0xbd]=[0xef][0xbf][0xbd][0xef][0xbf][0xbd][0xe][0x3][0xef][0xbf][0xbd]e[0xef][0xbf][0xbd]+l[0xef][0xbf][0xbd]p[0xef][0xbf][0xbd]AV[0xef][0xbf][0xbd][0xef][0xbf][0xbd]$$[0xef][0xbf][0xbd][0xef][0xbf][0xbd][0xd6][0x82]`[0xef][0xbf][0xbd]'[0x19]I[0xef][0xbf][0xbd][0xef][0xbf][0xbd]F[[0xef][0xbf][0xbd][0xef][0xbf][0xbd]WL2[0xef][0xbf][0xbd][0xef][0xbf][0xbd][0xd9][0xbc][0xdc][0x94][0xef][0xbf][0xbd][0xef][0xbf][0xbd]g_[0xef][0xbf][0xbd][0xef][0xbf][0xbd][0xef][0xbf][0xbd]ek4[0x1a]O4[0xef][0xbf][0xbd][0xc8][0xae]0Fg[0xef][0xbf][0xbd]xi[0xef][0xbf][0xbd]:[0xef][0xbf][0xbd]BrP#S[0xef][0xbf][0xbd]s%[0xef][0xbf][0xbd]6[0xef][0xbf][0xbd]@k[0xef][0xbf][0xbd][0x18][0x1]g"[0xef][0xbf][0xbd][0x19]\[0xef][0xbf][0xbd]Qf[0xb][0x1a]=[0xef][0xbf][0xbd]-![0xd0][0xb3]q[0xef][0xbf][0xbd][0xef][0xbf][0xbd]WIv[0xef][0xbf][0xbd][0xef][0xbf][0xbd][0x12][0xef][0xbf][0xbd][0xef][0xbf][0xbd]xa$[0xd5][0xb0][0xef][0xbf][0xbd]TRd8O[0xef][0xbf][0xbd]MI[0xef][0xbf][0xbd][0xcd][0x92][0xef][0xbf][0xbd][0xef][0xbf][0xbd][0xef][0xbf][0xbd][0xef][0xbf][0xbd]8[0xe][0xef][0xbf][0xbd]6[0x1a][0xef][0xbf][0xbd]'[0xf]n[0xef][0xbf][0xbd]+[0xef][0xbf][0xbd][0xef][0xbf][0xbd][0xef][0xbf][0xbd][0xef][0xbf][0xbd][0xef][0xbf][0xbd]}sO'O[0x1f]^#?[0xef][0xbf][0xbd][0xef][0xbf][0xbd][0xef][0xbf][0xbd][0x12][0xef][0xbf][0xbd]zv[0xc].3Du[0xef][0xbf][0xbd]7[0xef][0xbf][0xbd][0xef][0xbf][0xbd][0xef][0xbf][0xbd]![0xef][0xbf][0xbd],*O[0xef][0xbf][0xbd]X[0xef][0xbf][0xbd]Yu[0xef][0xbf][0xbd][0xef][0xbf][0xbd][0xef][0xbf][0xbd]\[0xef][0xbf][0xbd][0xef][0xbf][0xbd][0xef][0xbf][0xbd]CO[0xef][0xbf][0xbd][0xef][0xbf][0xbd][0xef][0xbf][0xbd][0xef][0xbf][0xbd][0xef][0xbf][0xbd]a[0xef][0xbf][0xbd][0xef][0xbf][0xbd]2[0x1c]cO[0xcd][0x86][0xef][0xbf][0xbd][0xef][0xbf][0xbd][0x0]p[0xef][0xbf][0xbd]l#[0xef][0xbf][0xbd]{[0xef][0xbf][0xbd][0xef][0xbf][0xbd]EUi[0xef][0xbf][0xbd]c.$i#[0xef][0xbf][0xbd][0xef][0xbf][0xbd]M[0xef][0xbf][0xbd]=[0xef][0xbf][0xbd]|[0xef][0xbf][0xbd][0x8][0xef][0xbf][0xbd][0xef][0xbf][0xbd][0xef][0xbf][0xbd]o[0xef][0xbf][0xbd][0xef][0xbf][0xbd][0xef][0xbf][0xbd][0xef][0xbf][0xbd][0xef][0xbf][0xbd]3[0xef][0xbf][0xbd]h4[0xef][0xbf][0xbd]x[0xef][0xbf][0xbd]"{[0xc][0xef][0xbf][0xbd]'[0xef][0xbf][0xbd][0xef][0xbf][0xbd][0xef][0xbf][0xbd]O[0xef][0xbf][0xbd][0x1f][0xef][0xbf][0xbd]&[0xef][0xbf][0xbd]}[0x1a]rd[0xef][0xbf][0xbd][0xef][0xbf][0xbd][0xef][0xbf][0xbd]L[0xef][0xbf][0xbd]rQ[0x4]C|[0xef][0xbf][0xbd][0xf][0xef][0xbf][0xbd][0xef][0xbf][0xbd][0xef][0xbf][0xbd]*[0xef][0xbf][0xbd][0xef][0xbf][0xbd]Px[0xef][0xbf][0xbd]n[0xef][0xbf][0xbd][0xef][0xbf][0xbd]F;?[0xef][0xbf][0xbd][\n]"
07:56:28.946 [main] DEBUG org.apache.http.wire -  >> "[0xef][0xbf][0xbd]2[0xef][0xbf][0xbd].M[0xef][0xbf][0xbd][0xef][0xbf][0xbd]N[0xef][0xbf][0xbd][0xef][0xbf][0xbd][0x1e][0xef][0xbf][0xbd][0x4]3r[0xef][0xbf][0xbd]aJd[0xef][0xbf][0xbd][0x2][0xef][0xbf][0xbd]F[0xef][0xbf][0xbd][0xef][0xbf][0xbd]j[0xef][0xbf][0xbd][0xc2][0x84]1[0xef][0xbf][0xbd][0xef][0xbf][0xbd][0xef][0xbf][0xbd][0xef][0xbf][0xbd][0xef][0xbf][0xbd][0xcf][0x8d]F#[0xef][0xbf][0xbd]D[0xef][0xbf][0xbd][0x18][0xef][0xbf][0xbd][0xef][0xbf][0xbd][0xef][0xbf][0xbd][0xef][0xbf][0xbd]#[0xef][0xbf][0xbd][0xef][0xbf][0xbd]K[0xef][0xbf][0xbd][0xef][0xbf][0xbd][0xef][0xbf][0xbd][0xe2][0xae][0xbd][\n]"
07:56:28.946 [main] DEBUG org.apache.http.wire -  >> "[0xef][0xbf][0xbd][0xef][0xbf][0xbd][0xef][0xbf][0xbd][0xd5][0xa6][0xf]b&[0xef][0xbf][0xbd][0xef][0xbf][0xbd][0xef][0xbf][0xbd][0x17][0xef][0xbf][0xbd][0xc2][0xaf][0x1b]8[0xef][0xbf][0xbd]g[0xef][0xbf][0xbd]mqX~[0xef][0xbf][0xbd][0xef][0xbf][0xbd][>[\n]"
07:56:28.946 [main] DEBUG org.apache.http.wire -  >> "[0x6][0xef][0xbf][0xbd][0xef][0xbf][0xbd]q[0xef][0xbf][0xbd][0xb]U[0xef][0xbf][0xbd]l[0xef][0xbf][0xbd]_b[0xef][0xbf][0xbd][0xef][0xbf][0xbd]0{[0x18][0x1f][0xef][0xbf][0xbd][0xef][0xbf][0xbd][0x1c][0xef][0xbf][0xbd][0xcc][0x9d]J[0xd2][0xa5]W[0xef][0xbf][0xbd] [0xef][0xbf][0xbd][0xef][0xbf][0xbd]g[0xef][0xbf][0xbd][0xef][0xbf][0xbd][0xef][0xbf][0xbd][0xef][0xbf][0xbd][0xef][0xbf][0xbd]h4[0x1a][0xef][0xbf][0xbd]D[0xef][0xbf][0xbd][0xef][0xbf][0xbd][0xef][0xbf][0xbd]`[0xef][0xbf][0xbd][0xef][0xbf][0xbd]/[0xef][0xbf][0xbd]vx[0xef][0xbf][0xbd]lQe[0xef][0xbf][0xbd][0xef][0xbf][0xbd][0xef][0xbf][0xbd][0xef][0xbf][0xbd][0xef][0xbf][0xbd][0xef][0xbf][0xbd]A[0x12]$[0xef][0xbf][0xbd]|[0xc][0xb][0xdc][0x82][0xef][0xbf][0xbd][0xef][0xbf][0xbd]R[0x7][0xef][0xbf][0xbd][0xef][0xbf][0xbd]d~t[0xef][0xbf][0xbd][0xd4][0x9b]q[0x17][0x1c]kjG%[0xef][0xbf][0xbd][0xef][0xbf][0xbd][0xef][0xbf][0xbd].[0xef][0xbf][0xbd]H[0x1c][0xef][0xbf][0xbd][0xef][0xbf][0xbd][0xd1][0xb2][0xef][0xbf][0xbd]|[0xef][0xbf][0xbd][0xef][0xbf][0xbd][0xef][0xbf][0xbd][0xef][0xbf][0xbd][0xc3][0xa6][0x1e][0xef][0xbf][0xbd][0xef][0xbf][0xbd][0x1d][0xef][0xbf][0xbd]5[0xef][0xbf][0xbd][0x18]f[0xef][0xbf][0xbd]w[0xef][0xbf][0xbd]Z[0xef][0xbf][0xbd][0xef][0xbf][0xbd]h$[0xef][0xbf][0xbd][0xef][0xbf][0xbd][0x1e][0x13][0x1c][0xef][0xbf][0xbd][0x1f][0xef][0xbf][0xbd][0xef][0xbf][0xbd][0xef][0xbf][0xbd][0xef][0xbf][0xbd]&u[[0xef][0xbf][0xbd][0x3]#[0xef][0xbf][0xbd][0xce][0xb3]0+[0xef][0xbf][0xbd][0xef][0xbf][0xbd][0xef][0xbf][0xbd][0x15][0xef][0xbf][0xbd][0xef][0xbf][0xbd]Xy[0xef][0xbf][0xbd][0xef][0xbf][0xbd]g[0xef][0xbf][0xbd][0xef][0xbf][0xbd]Y[0x5][0xef][0xbf][0xbd]?[\r][\r]z[0xef][0xbf][0xbd][0xf][0x19]!FC[0x19][0xef][0xbf][0xbd][0xef][0xbf][0xbd][0x1d][[0xef][0xbf][0xbd]],[0xef][0xbf][0xbd][0xef][0xbf][0xbd][0xef][0xbf][0xbd][0x1][0xef][0xbf][0xbd][0xc5][0xba][0xef][0xbf][0xbd]1^)2[0xef][0xbf][0xbd]n[0xef][0xbf][0xbd][0xef][0xbf][0xbd]|4[0xef][0xbf][0xbd]3[\r])[0xef][0xbf][0xbd]^[0xef][0xbf][0xbd][0xdd][0xbe]o[0xef][0xbf][0xbd]F[0xef][0xbf][0xbd][0xef][0xbf][0xbd]h"{[0xef][0xbf][0xbd][0xef][0xbf][0xbd][0xef][0xbf][0xbd][0xef][0xbf][0xbd][0xce][0x8f][0xef][0xbf][0xbd][0xef][0xbf][0xbd]_[0xef][0xbf][0xbd]?[0xef][0xbf][0xbd]S[0xef][0xbf][0xbd]C[0xef][0xbf][0xbd]0w8[0xef][0xbf][0xbd][0xec][0xb2][0x9d][0xef][0xbf][0xbd][0xef][0xbf][0xbd]-U[0xef][0xbf][0xbd][0xef][0xbf][0xbd]p[0xef][0xbf][0xbd]Gy[0xef][0xbf][0xbd][\r]D[0xef][0xbf][0xbd][0xef][0xbf][0xbd][0xd7][0x82][0xef][0xbf][0xbd][0xef][0xbf][0xbd][0xef][0xbf][0xbd]1[0xef][0xbf][0xbd]>[0xef][0xbf][0xbd].2-*[0xef][0xbf][0xbd][0x16]d)[0xef][0xbf][0xbd] [0xef][0xbf][0xbd][0xef][0xbf][0xbd][0xef][0xbf][0xbd]8.[0xef][0xbf][0xbd][0xef][0xbf][0xbd][0xef][0xbf][0xbd][0xef][0xbf][0xbd]ZB[0xef][0xbf][0xbd][0xef][0xbf][0xbd]:[0x7][0x12],:[0xef][0xbf][0xbd][0xef][0xbf][0xbd][0xef][0xbf][0xbd]Z[0xef][0xbf][0xbd]5[0x1a][0xef][0xbf][0xbd][0x19]Md[0xef][0xbf][0xbd][0x19][0xef][0xbf][0xbd][0xc6][0xbb][0xef][0xbf][0xbd][0xef][0xbf][0xbd]?[0x1e][0xc][0x17][0xef][0xbf][0xbd]6[0x8]N+|>[0xef][0xbf][0xbd]d[0xef][0xbf][0xbd][0xef][0xbf][0xbd][0xca][0x92]1[0x9]+[0xef][0xbf][0xbd][0x9][0xef][0xbf][0xbd]x`'[0xef][0xbf][0xbd]U[0xef][0xbf][0xbd][0xef][0xbf][0xbd][0x12]Gde[0xef][0xbf][0xbd][0xef][0xbf][0xbd][0xef][0xbf][0xbd][0xc][0xef][0xbf][0xbd]V[0xef][0xbf][0xbd]l[0xef][0xbf][0xbd]V[0xef][0xbf][0xbd]i9d[0xef][0xbf][0xbd][0x11][0xef][0xbf][0xbd]1[0xef][0xbf][0xbd])[0xef][0xbf][0xbd][0xef][0xbf][0xbd][0x1b][0xef][0xbf][0xbd]bI3[0xef][0xbf][0xbd][0xef][0xbf][0xbd][0xef][0xbf][0xbd][0xef][0xbf][0xbd][0xef][0xbf][0xbd]f[0xef][0xbf][0xbd]q[0xef][0xbf][0xbd][0xef][0xbf][0xbd]F[0xef][0xbf][0xbd]q[0xef][0xbf][0xbd]&[0xef][0xbf][0xbd][0xef][0xbf][0xbd][0xc]o[0xef][0xbf][0xbd][0xef][0xbf][0xbd][0xef][0xbf][0xbd][0xef][0xbf][0xbd][0xef][0xbf][0xbd]nT[0xef][0xbf][0xbd])[0xef][0xbf][0xbd]F'[0xe][0xef][0xbf][0xbd]@[0xef][0xbf][0xbd]A[0xef][0xbf][0xbd][0xef][0xbf][0xbd]D[0xef][0xbf][0xbd][0xef][0xbf][0xbd]4[0xef][0xbf][0xbd][0x5][0xef][0xbf][0xbd][0xef][0xbf][0xbd]b[0xef][0xbf][0xbd][0xef][0xbf][0xbd]6[0x15][0xef][0xbf][0xbd][0xc]C[0xef][0xbf][0xbd]$.[0x4][0x1c][0xef][0xbf][0xbd][0xef][0xbf][0xbd][0xcc][0x8c][0xef][0xbf][0xbd][0xef][0xbf][0xbd][0xef][0xbf][0xbd][0xef][0xbf][0xbd][0xef][0xbf][0xbd]9[0xef][0xbf][0xbd]uj[0xd4][0xa0]!2[0xef][0xbf][0xbd]P[0xef][0xbf][0xbd] n[0xc2][0x95][0xef][0xbf][0xbd][0xef][0xbf][0xbd][0xef][0xbf][0xbd]|[0xef][0xbf][0xbd][[0xef][0xbf][0xbd]5[0x1a][0xef][0xbf][0xbd][0xb][0xef][0xbf][0xbd][0xef][0xbf][0xbd]x,[0xef][0xbf][0xbd][0xef][0xbf][0xbd]'~q[0xef][0xbf][0xbd][0xef][0xbf][0xbd][0xef][0xbf][0xbd]F[0xef][0xbf][0xbd][0xb][0xef][0xbf][0xbd]#K[0xef][0xbf][0xbd][0xef][0xbf][0xbd]1G_[0x16]*[0xef][0xbf][0xbd]jG[0xef][0xbf][0xbd][0x1c][0xef][0xbf][0xbd][0xef][0xbf][0xbd]sq[0xef][0xbf][0xbd][0xef][0xbf][0xbd]G[0xef][0xbf][0xbd][0xd1][0xab][0xec][0x98][0x9d];[0xef][0xbf][0xbd][0xef][0xbf][0xbd]S[0xef][0xbf][0xbd][0xef][0xbf][0xbd][0x1e]3C[0xef][0xbf][0xbd]~[0xe][0xef][0xbf][0xbd]d[0xef][0xbf][0xbd][0xef][0xbf][0xbd][0xef][0xbf][0xbd][0xdf][0x99][0xef][0xbf][0xbd][0xef][0xbf][0xbd]8&^m[0x1c]GB/[0xef][0xbf][0xbd][0xef][0xbf][0xbd]J[0xef][0xbf][0xbd][0xef][0xbf][0xbd][0xef][0xbf][0xbd][0xef][0xbf][0xbd]?v[0xef][0xbf][0xbd][0x1a][0xef][0xbf][0xbd]Fc[0xef][0xbf][0xbd]Vd[0xef][0xbf][0xbd])>|[0x8]1[0xef][0xbf][0xbd][0xef][0xbf][0xbd][0xef][0xbf][0xbd][0xef][0xbf][0xbd]@2e[0xef][0xbf][0xbd][0xef][0xbf][0xbd]a{w[0xef][0xbf][0xbd]\[0xef][0xbf][0xbd][0xef][0xbf][0xbd][0xcf][0x8a][0xef][0xbf][0xbd][\r][0xef][0xbf][0xbd][0x15][0xef][0xbf][0xbd][0x1f][0xef][0xbf][0xbd]P[0xef][0xbf][0xbd][0xef][0xbf][0xbd]5j^[0xef][0xbf][0xbd]A[0xef][0xbf][0xbd][0x19]+V[0x6][0xef][0xbf][0xbd][0xef][0xbf][0xbd][0xef][0xbf][0xbd][0xef][0xbf][0xbd][0xef][0xbf][0xbd][0xef][0xbf][0xbd]g[0xef][0xbf][0xbd]K[0x9][0xef][0xbf][0xbd]<[0xef][0xbf][0xbd][0xef][0xbf][0xbd][0xef][0xbf][0xbd]0[0xef][0xbf][0xbd][0xef][0xbf][0xbd][0xef][0xbf][0xbd][0xef][0xbf][0xbd][0xef][0xbf][0xbd][0xc3][0xab][0xef][0xbf][0xbd][0xef][0xbf][0xbd][0xef][0xbf][0xbd]j[0xef][0xbf][0xbd][0xef][0xbf][0xbd]h[0xef][0xbf][0xbd][0x17]Z[0xef][0xbf][0xbd]=[0xef][0xbf][0xbd][0xef][0xbf][0xbd][0xef][0xbf][0xbd][0xef][0xbf][0xbd][0x13]7}[0xef][0xbf][0xbd][0xef][0xbf][0xbd]fu[0xef][0xbf][0xbd][0xef][0xbf][0xbd][0xef][0xbf][0xbd]A[0x8][0xef][0xbf][0xbd]OJE[0xef][0xbf][0xbd]#[0xef][0xbf][0xbd][0x10][0xef][0xbf][0xbd]0[0x19]$[0xef][0xbf][0xbd]x_[0xef][0xbf][0xbd];[0x17][0xef][0xbf][0xbd][0xef][0xbf][0xbd]c[0xef][0xbf][0xbd]<[0xef][0xbf][0xbd][0xef][0xbf][0xbd][0xef][0xbf][0xbd][0xef][0xbf][0xbd][0xef][0xbf][0xbd]6U[0xef][0xbf][0xbd]VnF9[0xef][0xbf][0xbd][0xef][0xbf][0xbd][0xef][0xbf][0xbd][0xef][0xbf][0xbd]b[0xef][0xbf][0xbd][0xec][0xb8][0xbf][0xef][0xbf][0xbd][[0xef][0xbf][0xbd][0xef][0xbf][0xbd][0xef][0xbf][0xbd][0xef][0xbf][0xbd][0x19]k4[0x1a][0xef][0xbf][0xbd][0xb][0xd0][0x8a][0xef][0xbf][0xbd]1[0xef][0xbf][0xbd]([0xef][0xbf][0xbd][0xef][0xbf][0xbd][0xef][0xbf][0xbd][0xef][0xbf][0xbd][0xca][0xa0]j2W[0xef][0xbf][0xbd][0xef][0xbf][0xbd][0xef][0xbf][0xbd][0xef][0xbf][0xbd]r[0xef][0xbf][0xbd]o[0xdc][0x81]A/[0xef][0xbf][0xbd][0xef][0xbf][0xbd]<[0xef][0xbf][0xbd][0xc][0xef][0xbf][0xbd]iR[0xef][0xbf][0xbd]*!s[0xef][0xbf][0xbd][0xef][0xbf][0xbd]8[0xef][0xbf][0xbd][0xef][0xbf][0xbd][0xef][0xbf][0xbd]X[0xef][0xbf][0xbd]6[0xef][0xbf][0xbd][0xef][0xbf][0xbd]pe[0xef][0xbf][0xbd]7[0x1a]O*L9u[0xef][0xbf][0xbd]X[0xef][0xbf][0xbd]][0xef][0xbf][0xbd]X[0xef][0xbf][0xbd][0xef][0xbf][0xbd]h[0xef][0xbf][0xbd][0x7]Z[0xef][0xbf][0xbd]][0x3]|[0xec][0xb9][0x9f]|mO[0x11]7[0xef][0xbf][0xbd]7[0x1b][0xef][0xbf][0xbd]s[0xef][0xbf][0xbd][0xe4][0xa2][0x82][0xe]B3[0xef][0xbf][0xbd]*+QM[0xef][0xbf][0xbd]_[0xef][0xbf][0xbd][0xcb][0xb6]W[0xef][0xbf][0xbd][0xef][0xbf][0xbd][0xef][0xbf][0xbd][0xef][0xbf][0xbd]c~&[0xef][0xbf][0xbd]y$d[0xef][0xbf][0xbd][0xef][0xbf][0xbd]9T[0xef][0xbf][0xbd][0xef][0xbf][0xbd][0xef][0xbf][0xbd]:[0xef][0xbf][0xbd][0xef][0xbf][0xbd][0x1f]v=[0xef][0xbf][0xbd]R[0xef][0xbf][0xbd][0xef][0xbf][0xbd]F[0xef][0xbf][0xbd][0xef][0xbf][0xbd][\r][0xd0][0x8a][0xef][0xbf][0xbd]:[0xef][0xbf][0xbd][0xdf][0xb9][0xef][0xbf][0xbd]_[0xef][0xbf][0xbd][0xef][0xbf][0xbd][0xef][0xbf][0xbd][0xef][0xbf][0xbd]pS[0xef][0xbf][0xbd]W[0xd0][0x8c]%][0xef][0xbf][0xbd][0xc][0xef][0xbf][0xbd]MM{[0xef][0xbf][0xbd]4[0xef][0xbf][0xbd]Zg[0xef][0xbf][0xbd]]3[0xef][0xbf][0xbd]H[0xef][0xbf][0xbd][0xef][0xbf][0xbd][0xef][0xbf][0xbd][0xef][0xbf][0xbd]m[0xef][0xbf][0xbd][0xef][0xbf][0xbd][0xef][0xbf][0xbd][0x19]Gc_[0xef][0xbf][0xbd]X(?[0xef][0xbf][0xbd]&[0xef][0xbf][0xbd][0xef][0xbf][0xbd][0xef][0xbf][0xbd]-[0x15][0xef][0xbf][0xbd][0xef][0xbf][0xbd][0xef][0xbf][0xbd][0xef][0xbf][0xbd][0xef][0xbf][0xbd][0xdc][0xb5]F"
07:56:28.947 [main] DEBUG org.apache.http.wire -  >> "[0xef][0xbf][0xbd][0xef][0xbf][0xbd][0xef][0xbf][0xbd][0x6]hEvM[0xef][0xbf][0xbd][0xef][0xbf][0xbd]|[0xef][0xbf][0xbd]n[0xef][0xbf][0xbd]/[0xef][0xbf][0xbd][0xef][0xbf][0xbd][0x1][0xef][0xbf][0xbd]-[0xef][0xbf][0xbd][0xef][0xbf][0xbd]b[0xef][0xbf][0xbd]MU[0xef][0xbf][0xbd][0xef][0xbf][0xbd][0xd1][0x99][0x1e]J+[0xef][0xbf][0xbd]g[0xef][0xbf][0xbd][0x16][0xef][0xbf][0xbd][0xef][0xbf][0xbd]1[0xef][0xbf][0xbd][0xcd][0x82]v[0x1d][0xef][0xbf][0xbd]&[0xca][0xa3]d|Rf[0x13][0xef][0xbf][0xbd][0xef][0xbf][0xbd]aHg[0x17][0xef][0xbf][0xbd][0xef][0xbf][0xbd][0xd4][0x87]O[0xef][0xbf][0xbd][0xd2][0xab][0xef][0xbf][0xbd][0xef][0xbf][0xbd][0xd9][0x97]^[0xef][0xbf][0xbd][0xef][0xbf][0xbd][0xef][0xbf][0xbd][0x1a][0xef][0xbf][0xbd][0xef][0xbf][0xbd]7D+[0xef][0xbf][0xbd]k[0xef][0xbf][0xbd]7[0xef][0xbf][0xbd][0xef][0xbf][0xbd][0xef][0xbf][0xbd][0xef][0xbf][0xbd][0xef][0xbf][0xbd][0xc5][0xa7][0xc6][0xbb][0xef][0xbf][0xbd][0x1c][0xef][0xbf][0xbd][0xef][0xbf][0xbd][0x1c][0xef][0xbf][0xbd]"[0xef][0xbf][0xbd]9[0xef][0xbf][0xbd]x[0xef][0xbf][0xbd]%/2[0x19];[0xef][0xbf][0xbd][0xef][0xbf][0xbd][0xef][0xbf][0xbd]|2[0xef][0xbf][0xbd][0xc7][0xae]Hl[0xef][0xbf][0xbd]ad[0x1e]C"[0xef][0xbf][0xbd][0xef][0xbf][0xbd][0xc7][0xbd][0xef][0xbf][0xbd]v[0xef][0xbf][0xbd][0xef][0xbf][0xbd]#d+[0xef][0xbf][0xbd][0xef][0xbf][0xbd][0xef][0xbf][0xbd]~[0xef][0xbf][0xbd]j[0xef][0xbf][0xbd][0xef][0xbf][0xbd]h[0xef][0xbf][0xbd][0xef][0xbf][0xbd]h"[0xef][0xbf][0xbd]F[0xef][0xbf][0xbd][0xef][0xbf][0xbd][0xef][0xbf][0xbd]#/[0xef][0xbf][0xbd][0xef][0xbf][0xbd][0xef][0xbf][0xbd][0xef][0xbf][0xbd][0xef][0xbf][0xbd]ku[0xef][0xbf][0xbd][0xef][0xbf][0xbd][0xef][0xbf][0xbd]za[0xef][0xbf][0xbd]9[0xef][0xbf][0xbd]ln"<[0xef][0xbf][0xbd][0xef][0xbf][0xbd][0xef][0xbf][0xbd][0xd0][0x91][0xef][0xbf][0xbd][0xef][0xbf][0xbd]l[0xef][0xbf][0xbd][0xcc][0x88][0xef][0xbf][0xbd][0xef][0xbf][0xbd][0xef][0xbf][0xbd][\n]"
07:56:28.947 [main] DEBUG org.apache.http.wire -  >> "[0xef][0xbf][0xbd]c[0xef][0xbf][0xbd][0xef][0xbf][0xbd][0x10][0xef][0xbf][0xbd]Ghw[0xef][0xbf][0xbd]@FM[0xef][0xbf][0xbd]j[0xef][0xbf][0xbd][0xef][0xbf][0xbd][0xef][0xbf][0xbd]Y%[0xef][0xbf][0xbd]x[0xef][0xbf][0xbd][n[0xef][0xbf][0xbd]f[0xef][0xbf][0xbd]F[0xef][0xbf][0xbd][0xef][0xbf][0xbd][0xdb][0xa0][0xef][0xbf][0xbd][0xef][0xbf][0xbd][0xef][0xbf][0xbd][0xef][0xbf][0xbd][0xef][0xbf][0xbd];[0x7][0x15][0xef][0xbf][0xbd][0xef][0xbf][0xbd][0xef][0xbf][0xbd]&[0x3][0xef][0xbf][0xbd]0dh[0x1][0xef][0xbf][0xbd]M[0xef][0xbf][0xbd]#RhN[0xef][0xbf][0xbd][0xef][0xbf][0xbd][0xe][0xda][0x8b][\r][0xef][0xbf][0xbd]e[0xef][0xbf][0xbd]Tx[0xef][0xbf][0xbd][0x1][0xef][0xbf][0xbd][0xef][0xbf][0xbd]f[0xef][0xbf][0xbd][0xef][0xbf][0xbd][0xef][0xbf][0xbd][0xef][0xbf][0xbd]Sy9[0xef][0xbf][0xbd]fGEhc[0xef][0xbf][0xbd][0xef][0xbf][0xbd]?[0xef][0xbf][0xbd][0xef][0xbf][0xbd][0xef][0xbf][0xbd][0xb][0xef][0xbf][0xbd]-k4[0x1a][0xef][0xbf][0xbd][0xef][0xbf][0xbd][0x6]Md[0xef][0xbf][0xbd][0xc][0xef][0xbf][0xbd]K[0xef][0xbf][0xbd];[0xcf][0xaf][0xe6][0x8f][0x94]8[0xef][0xbf][0xbd][0xef][0xbf][0xbd][0xef][0xbf][0xbd]L[0xef][0xbf][0xbd][0xef][0xbf][0xbd]e[0xef][0xbf][0xbd][0xef][0xbf][0xbd]'[0xef][0xbf][0xbd];8[0xef][0xbf][0xbd][0xef][0xbf][0xbd]10[\n]"
07:56:28.951 [main] DEBUG org.apache.http.wire -  >> "[0xef][0xbf][0xbd]R[0xef][0xbf][0xbd][0xef][0xbf][0xbd]I[0xd5][0xb6]>[0xef][0xbf][0xbd]s[0x1c]LB[0xef][0xbf][0xbd]p[0xdc][0xab][0xef][0xbf][0xbd]^C[0xef][0xbf][0xbd][0xef][0xbf][0xbd][0xdd][0x87][0xef][0xbf][0xbd][0xef][0xbf][0xbd]y[0xef][0xbf][0xbd][0x15][0x1b][0xef][0xbf][0xbd][0xef][0xbf][0xbd][0xef][0xbf][0xbd]B[0x13][0xef][0xbf][0xbd]5[0xc4][0xa1][0x1f][0xef][0xbf][0xbd]>[0xef][0xbf][0xbd]uk[0xef][0xbf][0xbd][0xef][0xbf][0xbd][0xef][0xbf][0xbd]\[0x1c][0xef][0xbf][0xbd].[0xef][0xbf][0xbd][0xef][0xbf][0xbd]&[0xef][0xbf][0xbd]Yk[0xc8][0xb6][0xef][0xbf][0xbd]ht[0xef][0xbf][0xbd][0xf]>b[0xef][0xbf][0xbd]7u[0xef][0xbf][0xbd]>=<[0xef][0xbf][0xbd]Q[0xef][0xbf][0xbd][0xef][0xbf][0xbd]M[0xef][0xbf][0xbd]8PX[0xef][0xbf][0xbd][0xef][0xbf][0xbd]Q[0xef][0xbf][0xbd][0xef][0xbf][0xbd][0xef][0xbf][0xbd][0xef][0xbf][0xbd]PY[0xef][0xbf][0xbd][0xef][0xbf][0xbd][0xef][0xbf][0xbd]^[0xef][0xbf][0xbd]}f[0xef][0xbf][0xbd]F[0xef][0xbf][0xbd][0xef][0xbf][0xbd]>[0xef][0xbf][0xbd]DvM[0xef][0xbf][0xbd][0xef][0xbf][0xbd][0xef][0xbf][0xbd][0x1f]:[0xb][0xef][0xbf][0xbd]}[0xef][0xbf][0xbd][0xef][0xbf][0xbd][0xef][0xbf][0xbd][0xf]0[0xef][0xbf][0xbd][0xef][0xbf][0xbd][0x9][0xef][0xbf][0xbd]4,eeH[0xef][0xbf][0xbd][0xef][0xbf][0xbd][0x13]\2mFO![0xef][0xbf][0xbd]_[0xef][0xbf][0xbd]wx[0xef][0xbf][0xbd]3[0xef][0xbf][0xbd][0x19][0xef][0xbf][0xbd]a[0xef][0xbf][0xbd][0xef][0xbf][0xbd]>[0xef][0xbf][0xbd][0xef][0xbf][0xbd]z^[0xef][0xbf][0xbd]pD2[0xef][0xbf][0xbd][0x19][0xef][0xbf][0xbd][0xef][0xbf][0xbd][0xc3][0x8b][0xef][0xbf][0xbd][0xef][0xbf][0xbd][0xef][0xbf][0xbd]h4[0xef][0xbf][0xbd]'[0xef][0xbf][0xbd][0xc8][0xae]1[0xe]N[0xef][0xbf][0xbd]=[0xef][0xbf][0xbd]|[0xef][0xbf][0xbd]7[0xef][0xbf][0xbd]*[0xef][0xbf][0xbd][0xef][0xbf][0xbd]Z[0x11][0x10]L[0x8][0xef][0xbf][0xbd][0xef][0xbf][0xbd]a.[0xef][0xbf][0xbd][0xef][0xbf][0xbd][0xef][0xbf][0xbd] [0x15]][0xef][0xbf][0xbd][0x2][0xd3][0x92][0xef][0xbf][0xbd]?}[0xef][0xbf][0xbd]D[0xef][0xbf][0xbd][0xef][0xbf][0xbd][0xef][0xbf][0xbd][0xd0][0xa3][0xef][0xbf][0xbd]$s[0x8][0xef][0xbf][0xbd][0xef][0xbf][0xbd]h2[0x1d]w[0xef][0xbf][0xbd][0xc5][0xbf][0xd4][0x8f]ji4[0x1a][0xef][0xbf][0xbd][0x1f]Md[0xef][0xbf][0xbd][0x1c][0xef][0xbf][0xbd]|[0xef][0xbf][0xbd][0xef][0xbf][0xbd]_[\n]"
07:56:28.952 [main] DEBUG org.apache.http.wire -  >> ";[0xef][0xbf][0xbd][0xef][0xbf][0xbd][0xc9][0x91]m[0xef][0xbf][0xbd]f[0x1f][0xef][0xbf][0xbd][0xc8][0x95]MO)[0xef][0xbf][0xbd]R2[0xef][0xbf][0xbd];<oL[0xef][0xbf][0xbd][0x9]}[0xef][0xbf][0xbd][0xef][0xbf][0xbd]v[0xef][0xbf][0xbd][0xef][0xbf][0xbd][0x3][0xef][0xbf][0xbd]6[0xef][0xbf][0xbd][0xef][0xbf][0xbd][0xef][0xbf][0xbd]'c[0xef][0xbf][0xbd][0x11]/v[0xef][0xbf][0xbd][0x1b]k4[0x1a][0xef][0xbf][0xbd][0x14]nX[0xef][0xbf][0xbd][0xef][0xbf][0xbd][0xef][0xbf][0xbd]_[0xef][0xbf][0xbd][0xef][0xbf][0xbd][0xef][0xbf][0xbd][0xef][0xbf][0xbd][0xef][0xbf][0xbd][0xef][0xbf][0xbd][0xef][0xbf][0xbd][0xef][0xbf][0xbd]{xy[0xef][0xbf][0xbd][0xef][0xbf][0xbd][0xef][0xbf][0xbd]z[0x1a][0xef][0xbf][0xbd][0xef][0xbf][0xbd][0x1e]RfK%[0xef][0xbf][0xbd][0x1c][0xef][0xbf][0xbd][0xef][0xbf][0xbd][0xef][0xbf][0xbd][0xef][0xbf][0xbd][0xef][0xbf][0xbd][0xef][0xbf][0xbd][0xef][0xbf][0xbd][0xef][0xbf][0xbd][0x7]9>[0xef][0xbf][0xbd]+[0xef][0xbf][0xbd]!Gs[0xef][0xbf][0xbd]p~[0xef][0xbf][0xbd][0xef][0xbf][0xbd]k[0xef][0xbf][0xbd]U[0xef][0xbf][0xbd]}[0xef][0xbf][0xbd][0xef][0xbf][0xbd][0xdb][0xb7][0xef][0xbf][0xbd][0xef][0xbf][0xbd]h4[0xef][0xbf][0xbd][0x9][0xef][0xbf][0xbd]"{B[0xef][0xbf][0xbd][0xef][0xbf][0xbd][0xef][0xbf][0xbd][0x1f]>([0xef][0xbf][0xbd]{|[0x1e]YD[0xef][0xbf][0xbd][0xef][0xbf][0xbd][0xef][0xbf][0xbd][0xef][0xbf][0xbd][0xef][0xbf][0xbd][0xef][0xbf][0xbd]Yu[0xef][0xbf][0xbd]2S[0xef][0xbf][0xbd]G[0xef][0xbf][0xbd][0xef][0xbf][0xbd][0xef][0xbf][0xbd][0xef][0xbf][0xbd][0xef][0xbf][0xbd][0xf][0xef][0xbf][0xbd]j[0xef][0xbf][0xbd][0xc]#[0xef][0xbf][0xbd][0xef][0xbf][0xbd]v[0xef][0xbf][0xbd][0xef][0xbf][0xbd][0xef][0xbf][0xbd][0xef][0xbf][0xbd][0xef][0xbf][0xbd]U[0xef][0xbf][0xbd][0xef][0xbf][0xbd][0x17]_[0xef][0xbf][0xbd][[0xef][0xbf][0xbd][0xef][0xbf][0xbd]h|[0xef][0xbf][0xbd]h"{[0xef][0xbf][0xbd][0xef][0xbf][0xbd]'[0xef][0xbf][0xbd][0xef][0xbf][0xbd][0xda][0x89][0xef][0xbf][0xbd]G[0xef][0xbf][0xbd][0xef][0xbf][0xbd][0xef][0xbf][0xbd]'[0xef][0xbf][0xbd]0[0xef][0xbf][0xbd][0xef][0xbf][0xbd][0xef][0xbf][0xbd]K[0xef][0xbf][0xbd][0xef][0xbf][0xbd]r[0xef][0xbf][0xbd][0xef][0xbf][0xbd][0x7][0xc2][0x8f][0xef][0xbf][0xbd][0xe]_[0xc3][0x82].]>F3[0xef][0xbf][0xbd][0xef][0xbf][0xbd][0xdd][0x9e]6[0xc9][0x98]k[0xef][0xbf][0xbd]R[0xef][0xbf][0xbd][\r][0x1a]][0xef][0xbf][0xbd][0xef][0xbf][0xbd]i[0xef][0xbf][0xbd]}[0xef][0xbf][0xbd][0xef][0xbf][0xbd][0xef][0xbf][0xbd][0x0]h"{[0xef][0xbf][0xbd][0xef][0xbf][0xbd][0xef][0xbf][0xbd][0xef][0xbf][0xbd][0xef][0xbf][0xbd][0xef][0xbf][0xbd]{[0xda][0xb8][0xef][0xbf][0xbd][0xef][0xbf][0xbd][0xd5][0x9d]w[0xef][0xbf][0xbd][0xef][0xbf][0xbd][0xdb][0xa4][0xef][0xbf][0xbd][0xef][0xbf][0xbd][0xef][0xbf][0xbd]C[0xef][0xbf][0xbd]f[0xef][0xbf][0xbd]/[0xef][0xbf][0xbd]Y[0xef][0xbf][0xbd][[0xef][0xbf][0xbd]n,[0xef][0xbf][0xbd][0xef][0xbf][0xbd][0x3].[0xef][0xbf][0xbd]m-[0xef][0xbf][0xbd]`[0xef][0xbf][0xbd][0xef][0xbf][0xbd][0xef][0xbf][0xbd]][0xef][0xbf][0xbd]o[0xef][0xbf][0xbd]}[0xef][0xbf][0xbd][0xef][0xbf][0xbd][0xef][0xbf][0xbd] h"{[0x2][0xef][0xbf][0xbd][[0xef][0xbf][0xbd][0xef][0xbf][0xbd][0xef][0xbf][0xbd]{[0xef][0xbf][0xbd][0xef][0xbf][0xbd]zH[[0xef][0xbf][0xbd][0xef][0xbf][0xbd]^[0xd9][0xa6]X,[0xef][0xbf][0xbd][0xef][0xbf][0xbd]o=-[0xef][0xbf][0xbd][0xef][0xbf][0xbd]jf[0xef][0xbf][0xbd][0xc]1[0xef][0xbf][0xbd][0xef][0xbf][0xbd][0x1b][0xef][0xbf][0xbd]][0xef][0xbf][0xbd]cIb[0xe][0xef][0xbf][0xbd]Gm<hp[0xef][0xbf][0xbd]{[0xef][0xbf][0xbd]h4[0x1a][0x1f][0x0]n[0xef][0xbf][0xbd]'[0x12]O[0xef][0xbf][0xbd][0xef][0xbf][0xbd][0xef][0xbf][0xbd]G?[0xef][0xbf][0xbd][0x1f]~m[0xef][0xbf][0xbd][0xf][0xef][0xbf][0xbd][0xef][0xbf][0xbd][0x7][0xef][0xbf][0xbd][0x7][0xef][0xbf][0xbd][0xef][0xbf][0xbd][0xef][0xbf][0xbd][0xef][0xbf][0xbd][0xeb][0xb0][0x89]<[0xef][0xbf][0xbd][0xef][0xbf][0xbd]Yo[0xef][0xbf][0xbd]*g[0xef][0xbf][0xbd][0xef][0xbf][0xbd]J;>[0x1b][0x2];-[0xef][0xbf][0xbd][0xef][0xbf][0xbd][0xef][0xbf][0xbd][0xef][0xbf][0xbd][0x1a]~[0xef][0xbf][0xbd][0x18][0xef][0xbf][0xbd]"VF[[0x7]<[0xef][0xbf][0xbd][0xef][0xbf][0xbd][0xef][0xbf][0xbd][0xef][0xbf][0xbd][0xef][0xbf][0xbd]g[0xef][0xbf][0xbd][0xef][0xbf][0xbd]h4>[0x0]Z[0xef][0xbf][0xbd]=[0xef][0xbf][0xbd]8[0xef][0xbf][0xbd][0xef][0xbf][0xbd][0xc2][0x83][0xef][0xbf][0xbd][0xef][0xbf][0xbd][0xef][0xbf][0xbd][C[0xef][0xbf][0xbd][0xef][0xbf][0xbd]<;u[0xef][0xbf][0xbd]3.3[0x1c][0xef][0xbf][0xbd]d41}[0xef][0xbf][0xbd][0xef][0xbf][0xbd]E[0xef][0xbf][0xbd][0xef][0xbf][0xbd]/3[0x16][0xef][0xbf][0xbd])|[0xef][0xbf][0xbd][0x9]cdx5'f[0xef][0xbf][0xbd][0xef][0xbf][0xbd]5[0x1a][0xef][0xbf][0xbd][0xef][0xbf][0xbd][0x7]D[0x13][0xef][0xbf][0xbd][0x13][0xef][0xbf][0xbd][0xef][0xbf][0xbd][0xef][0xbf][0xbd][0xef][0xbf][0xbd][0xef][0xbf][0xbd][0x16]_^A[0xef][0xbf][0xbd]K{N[0xef][0xbf][0xbd]g[0xef][0xbf][0xbd][0xef][0xbf][0xbd]q[0xef][0xbf][0xbd][0x19][0xef][0xbf][0xbd][0xef][0xbf][0xbd][0x3]:[0xef][0xbf][0xbd]u~_[0x3]o*[0xef][0xbf][0xbd][0xef][0xbf][0xbd])x[0xef][0xbf][0xbd][0xef][0xbf][0xbd]DZ[0xef][0xbf][0xbd][0xdf][0x88][0xef][0xbf][0xbd][0xef][0xbf][0xbd]h4[0x1a][0x1f][0x10][0x1d]Zl[0xef][0xbf][0xbd][0xef][0xbf][0xbd][0xef][0xbf][0xbd]w[0xef][0xbf][0xbd][0xef][0xbf][0xbd][0xef][0xbf][0xbd]gO+[0x1c][0xef][0xbf][0xbd]6[0xef][0xbf][0xbd][0xef][0xbf][0xbd]h[0x15]B[0x1c][0xef][0xbf][0xbd]z[0xef][0xbf][0xbd][0xc2][0x8a]#[0x1e][0xef][0xbf][0xbd][0xef][0xbf][0xbd]1[0xef][0xbf][0xbd]8[0xef][0xbf][0xbd]][0xef][0xbf][0xbd][0xef][0xbf][0xbd][0xcf][0x90][0xef][0xbf][0xbd][0xef][0xbf][0xbd][0x11][0xef][0xbf][0xbd][0xef][0xbf][0xbd]-[0xef][0xbf][0xbd][0xef][0xbf][0xbd]/}[0xef][0xbf][0xbd]5[0x1a][0xef][0xbf][0xbd][0xef][0xbf][0xbd][0x7]D+[0xef][0xbf][0xbd][0xc6][0x8a]7[0xef][0xbf][0xbd][0xef][0xbf][0xbd][0xf][0xef][0xbf][0xbd][0xef][0xbf][0xbd][0xef][0xbf][0xbd][0xef][0xbf][0xbd]K[0xef][0xbf][0xbd][0xef][0xbf][0xbd]gK[0xef][0xbf][0xbd]$,[0xef][0xbf][0xbd][0xef][0xbf][0xbd]P:tT[0xef][0xbf][0xbd][0xef][0xbf][0xbd][\n]"
07:56:28.953 [main] DEBUG org.apache.http.wire -  >> "7[0x6][0xef][0xbf][0xbd][\r][0xef][0xbf][0xbd][0xef][0xbf][0xbd]V{[0xef][0xbf][0xbd][0xef][0xbf][0xbd][0xef][0xbf][0xbd]l[0x12][0xef][0xbf][0xbd][\r][0xef][0xbf][0xbd][0xd7][0xad]_[0xef][0xbf][0xbd]F[0xef][0xbf][0xbd][0xef][0xbf][0xbd][0xef][0xbf][0xbd][0x16][0xef][0xbf][0xbd]D[0xef][0xbf][0xbd] ~[0xef][0xbf][0xbd]o[0xef][0xbf][0xbd][0xef][0xbf][0xbd]/[0xef][0xbf][0xbd]9[0xef][0xbf][0xbd].[0x3][0xef][0xbf][0xbd][0xef][0xbf][0xbd][0xef][0xbf][0xbd] [0xef][0xbf][0xbd]F[0xef][0xbf][0xbd][0xef][0xbf][0xbd][0xef][0xbf][0xbd][0x1a][0xef][0xbf][0xbd]Q,f&[0xf][0xef][0xbf][0xbd]t[\r]7[0xef][0xbf][0xbd][0xef][0xbf][0xbd][0xcc][0xa6][0xef][0xbf][0xbd]!c[0xef][0xbf][0xbd][0x7][0xef][0xbf][0xbd]n[0xef][0xbf][0xbd]X[0xef][0xbf][0xbd][0xef][0xbf][0xbd]h|[0xb]h"kLx[0xef][0xbf][0xbd]o[0xef][0xbf][0xbd][0xef][0xbf][0xbd][0x1d][0xef][0xbf][0xbd][0xef][0xbf][0xbd][0xef][0xbf][0xbd][0x10]`U[0xef][0xbf][0xbd][0xef][0xbf][0xbd][0xef][0xbf][0xbd]<[0x1c]nE[0xef][0xbf][0xbd][0xef][0xbf][0xbd]|[0xef][0xbf][0xbd][0x18]1[0xef][0xbf][0xbd][0x18]@b<Ds[0xef][0xbf][0xbd][0xef][0xbf][0xbd]q<:=^9[0xef][0xbf][0xbd][0xef][0xbf][0xbd][0xef][0xbf][0xbd]5[0x1a][0xef][0xbf][0xbd][0xc6][0xb7][0xef][0xbf][0xbd]&[0xef][0xbf][0xbd][0xef][0xbf][0xbd][0x11][0xef][0xbf][0xbd][0xef][0xbf][0xbd][0x1b][0xef][0xbf][0xbd][0xef][0xbf][0xbd][0xef][0xbf][0xbd])V[0xef][0xbf][0xbd][\r][0xef][0xbf][0xbd][0x19][0xef][0xbf][0xbd]b-[0x1f][0xef][0xbf][0xbd][0xef][0xbf][0xbd][0xef][0xbf][0xbd]s[0xef][0xbf][0xbd][0x6][0xef][0xbf][0xbd][0xef][0xbf][0xbd][0x1e][0xef][0xbf][0xbd][0xef][0xbf][0xbd]L[0xef][0xbf][0xbd][0xef][0xbf][0xbd][0xef][0xbf][0xbd]O[0xef][0xbf][0xbd][0xef][0xbf][0xbd]s_[0xef][0xbf][0xbd][0x15][0x1b][0xef][0xbf][0xbd][0xc6][0xb7][0xef][0xbf][0xbd]6{4[0xef][0xbf][0xbd][0x13][0xef][0xbf][0xbd]u[0xef][0xbf][0xbd]>~[0xef][0xbf][0xbd][0xef][0xbf][0xbd][0xf][0xef][0xbf][0xbd][0xef][0xbf][0xbd][0xef][0xbf][0xbd][0xef][0xbf][0xbd][0xc]2[0xef][0xbf][0xbd]-[0x3]i[0xef][0xbf][0xbd]_M[0x1c][0xd9][0x83][\n]"
07:56:28.953 [main] DEBUG org.apache.http.wire -  >> "[0xef][0xbf][0xbd][0xef][0xbf][0xbd][0x6][0x10]s[0xef][0xbf][0xbd](F[0xef][0xbf][0xbd][0xef][0xbf][0xbd][0xe][0x3][0xef][0xbf][0xbd]}[0xef][0xbf][0xbd]/[0xef][0xbf][0xbd]~[0xef][0xbf][0xbd][0x1a][0xef][0xbf][0xbd]F[0xef][0xbf][0xbd][D+[0xef][0xbf][0xbd][0xef][0xbf][0xbd]{[0xef][0xbf][0xbd][0x1f][0xef][0xbf][0xbd][0xef][0xbf][0xbd][0xef][0xbf][0xbd][0xef][0xbf][0xbd][0xef][0xbf][0xbd][0xef][0xbf][0xbd][0xdd][0xb3]{[0xef][0xbf][0xbd]9[0xef][0xbf][0xbd][0x10][0x1b]?[0x18]s[0x1c]M[0xef][0xbf][0xbd][0xef][0xbf][0xbd][0xef][0xbf][0xbd]~?B[0xef][0xbf][0xbd][0xef][0xbf][0xbd][0xef][0xbf][0xbd][0x16]4[\n]"
07:56:28.953 [main] DEBUG org.apache.http.wire -  >> "[0x1e]]@[0xef][0xbf][0xbd][0x2]k[0xef][0xbf][0xbd]6Y[0xef][0xbf][0xbd]F[0xef][0xbf][0xbd][0xf1][0xad][0xa0][0x89][0xef][0xbf][0xbd][0xef][0xbf][0xbd][\r]qx[0xd2][0xb4][0xdf][0x88][{>z[0xef][0xbf][0xbd][0xef][0xbf][0xbd][0x16][0xef][0xbf][0xbd][0xef][0xbf][0xbd][0xef][0xbf][0xbd][0xef][0xbf][0xbd][0xef][0xbf][0xbd][0x1b][\r][0xef][0xbf][0xbd]WV[0xef][0xbf][0xbd][0xef][0xbf][0xbd]t0[0xef][0xbf][0xbd]d[0xef][0xbf][0xbd]F[0xef][0xbf][0xbd][0xef][0xbf][0xbd][0x10][0xd0][0xa1][0xef][0xbf][0xbd][0xef][0xbf][0xbd][0xef][0xbf][0xbd][0xef][0xbf][0xbd][0xef][0xbf][0xbd][0xef][0xbf][0xbd][0xef][0xbf][0xbd][0xef][0xbf][0xbd][0xef][0xbf][0xbd][0xef][0xbf][0xbd]-[0xef][0xbf][0xbd]6m@[0xef][0xbf][0xbd][0xf][0x12][0xef][0xbf][0xbd][0xef][0xbf][0xbd][0xef][0xbf][0xbd]4[0xef][0xbf][0xbd]D5'^[0xef][0xbf][0xbd]:[0xef][0xbf][0xbd]B[0xef][0xbf][0xbd][0x15][0x1b][0xef][0xbf][0xbd][0xef][0xbf][0xbd]CB+[0xef][0xbf][0xbd][0xef][0xbf][0xbd][0xef][0xbf][0xbd][0xef][0xbf][0xbd][0x17][0xef][0xbf][0xbd][0xef][0xbf][0xbd][0xef][0xbf][0xbd][0xef][0xbf][0xbd][0xef][0xbf][0xbd][0xef][0xbf][0xbd][0xd3][0xb1][0x1b][0xef][0xbf][0xbd][0xef][0xbf][0xbd][0xd0][0x9e][0xef][0xbf][0xbd][0xef][0xbf][0xbd]%[0x1a]>[0xef][0xbf][0xbd][0xef][0xbf][0xbd][0xef][0xbf][0xbd][0xef][0xbf][0xbd][0xef][0xbf][0xbd][0xef][0xbf][0xbd]x[0xef][0xbf][0xbd]h7[0xef][0xbf][0xbd][0xef][0xbf][0xbd]m[0xef][0xbf][0xbd]o4[0x1a][0xf][\r]Md[0xef][0xbf][0xbd]o[\n]"
07:56:28.954 [main] DEBUG org.apache.http.wire -  >> "[0xef][0xbf][0xbd][0xef][0xbf][0xbd][0xef][0xbf][0xbd][0xef][0xbf][0xbd][0xef][0xbf][0xbd];[0xef][0xbf][0xbd][\r][0xef][0xbf][0xbd][0xef][0xbf][0xbd]C[0xef][0xbf][0xbd][0xc]=[0xef][0xbf][0xbd][0xef][0xbf][0xbd]Q.[0x15]Z[0xef][0xbf][0xbd][0xef][0xbf][0xbd][0xef][0xbf][0xbd][0x1e][0xef][0xbf][0xbd][0x19][0xef][0xbf][0xbd][0xef][0xbf][0xbd]M[0xef][0xbf][0xbd]z[0xef][0xbf][0xbd][0x15][0x1b][0xef][0xbf][0xbd][0xef][0xbf][0xbd][0xef][0xbf][0xbd]C[0xef][0xbf][0xbd][0x16][0x1b][0x1f][0x8][0x1f][0xef][0xbf][0xbd]}[0xef][0xbf][0xbd][0xef][0xbf][0xbd]][0xef][0xbf][0xbd]xm[0xef][0xbf][0xbd]O[0xef][0xbf][0xbd]i[0xef][0xbf][0xbd][0xef][0xbf][0xbd]2[0xef][0xbf][0xbd][0xef][0xbf][0xbd]SS][0x19]>Z?{[0xef][0xbf][0xbd][0xef][0xbf][0xbd][0xef][0xbf][0xbd]wX[0xef][0xbf][0xbd][0xef][0xbf][0xbd]h<$[0xef][0xbf][0xbd]"k| [0xef][0xbf][0xbd][0xef][0xbf][0xbd]K?t[0xef][0xbf][0xbd][0xef][0xbf][0xbd][0xef][0xbf][0xbd][0xda][0x9f]xf[0xef][0xbf][0xbd]_/[0xef][0xbf][0xbd][0xef][0xbf][0xbd][0xd0][0xaa][0xef][0xbf][0xbd]S}[0xef][0xbf][0xbd] [0xef][0xbf][0xbd][0xef][0xbf][0xbd]P[0xef][0xbf][0xbd][\n]"
07:56:28.954 [main] DEBUG org.apache.http.wire -  >> "[0xef][0xbf][0xbd][0xef][0xbf][0xbd]Y[0xef][0xbf][0xbd][0xef][0xbf][0xbd]h<D4[0xef][0xbf][0xbd]5[0xef][0xbf][0xbd]%|[0xef][0xbf][0xbd][0xef][0xbf][0xbd][0xf]/[0xef][0xbf][0xbd],^[0xef][0xbf][0xbd][0xef][0xbf][0xbd][0xef][0xbf][0xbd][0xef][0xbf][0xbd][0xef][0xbf][0xbd][0x11][0xef][0xbf][0xbd][0x17]8[0xef][0xbf][0xbd]{[0xd1][0x84][0xef][0xbf][0xbd][0xcc][0x97]w;[0xef][0xbf][0xbd][0xef][0xbf][0xbd]h4[0x1e]*:[0xef][0xbf][0xbd][0xef][0xbf][0xbd]x(xz[0x1f]j|[0xca][0x9e]:[0x14]O?=[0x1b]<[0xef][0xbf][0xbd][0xef][0xbf][0xbd]^x[0x1e][0xef][0xbf][0xbd]}[0xef][0xbf][0xbd][0xef][0xbf][0xbd][0xef][0xbf][0xbd]w[0xef][0xbf][0xbd][0xef][0xbf][0xbd]h4[0x1e]"Z[0xef][0xbf][0xbd]5[0x1e][\n]"
07:56:28.954 [main] DEBUG org.apache.http.wire -  >> "[0xef][0xbf][0xbd][0xef][0xbf][0xbd][0xef][0xbf][0xbd][0xef][0xbf][0xbd]/[0xef][0xbf][0xbd][0xef][0xbf][0xbd][0xef][0xbf][0xbd]L[0xef][0xbf][0xbd][0xef][0xbf][0xbd]8[0x19][0xef][0xbf][0xbd]@[0xef][0xbf][0xbd][0x10]^\,[0xef][0xbf][0xbd][0xef][0xbf][0xbd]5[0x1a][0xef][0xbf][0xbd][0xef][0xbf][0xbd]CF[0x13]Y[0xef][0xbf][0xbd][0xef][0xbf][0xbd][0xef][0xbf][0xbd][0x7][0xf]a[0xef][0xbf][0xbd][0xef][0xbf][0xbd][0xef][0xbf][0xbd][0xef][0xbf][0xbd]g[0xef][0xbf][0xbd][0x1f][0x3][0xef][0xbf][0xbd]~[0xef][0xbf][0xbd][0x1a][0xef][0xbf][0xbd]F[0xef][0xbf][0xbd]![0xef][0xbf][0xbd][0xef][0xbf][0xbd][0xef][0xbf][0xbd][0xef][0xbf][0xbd][0xef][0xbf][0xbd][0xef][0xbf][0xbd]_[0xef][0xbf][0xbd][0xef][0xbf][0xbd]{7b[0xef][0xbf][0xbd][0xef][0xbf][0xbd][0xef][0xbf][0xbd]9[0xd4][0x9a][0x1d]Rg_?[0xef][0xbf][0xbd][0xef][0xbf][0xbd][0x1e][0xef][0xbf][0xbd]F[0xe3][0xa1][0xa3]sd[0xef][0xbf][0xbd]G[0xef][0xbf][0xbd][0xef][0xbf][0xbd]?[0xef][0xbf][0xbd][0xef][0xbf][0xbd];[0xef][0xbf][0xbd][0xef][0xbf][0xbd][0xef][0xbf][0xbd][0xef][0xbf][0xbd][0xef][0xbf][0xbd][0xef][0xbf][0xbd]-~~[0xef][0xbf][0xbd][0x1f]{[0xef][0xbf][0xbd][0x1a][0xef][0xbf][0xbd]F[0xef][0xbf][0xbd]![0xef][0xbf][0xbd][0x15]Y[0xef][0xbf][0xbd][0xef][0xbf][0xbd][0xef][0xbf][0xbd][0x7][0xef][0xbf][0xbd][0x1b][0xef][0xbf][0xbd][0x1d][0xef][0xbf][0xbd]i[0xef][0xbf][0xbd]Z[0xef][0xbf][0xbd][0xef][0xbf][0xbd]h<[0x2][0xef][0xbf][0xbd][0x1b][0x3];[0x17]ti[0xef][0xbf][0xbd]m[0x0][0x0][0x0][0x0]IEND[0xef][0xbf][0xbd]B`[0xef][0xbf][0xbd][\r][\n]"
07:56:28.954 [main] DEBUG org.apache.http.wire -  >> "--xyz123--[\r][\n]"
07:56:28.967 [main] DEBUG org.apache.http.wire -  << "HTTP/1.1 200 OK[\r][\n]"
07:56:28.967 [main] DEBUG org.apache.http.wire -  << "Content-Type: application/json; charset=UTF-8[\r][\n]"
07:56:28.967 [main] DEBUG org.apache.http.wire -  << "Vary: Origin[\r][\n]"
07:56:28.967 [main] DEBUG org.apache.http.wire -  << "Date: Sun, 18 Jun 2023 00:56:28 GMT[\r][\n]"
07:56:28.967 [main] DEBUG org.apache.http.wire -  << "Content-Length: 302[\r][\n]"
07:56:28.967 [main] DEBUG org.apache.http.wire -  << "[\r][\n]"
07:56:28.967 [main] DEBUG org.apache.http.impl.conn.DefaultClientConnection - Receiving response: HTTP/1.1 200 OK
07:56:28.967 [main] DEBUG org.apache.http.headers - << HTTP/1.1 200 OK
07:56:28.968 [main] DEBUG org.apache.http.headers - << Content-Type: application/json; charset=UTF-8
07:56:28.968 [main] DEBUG org.apache.http.headers - << Vary: Origin
07:56:28.968 [main] DEBUG org.apache.http.headers - << Date: Sun, 18 Jun 2023 00:56:28 GMT
07:56:28.968 [main] DEBUG org.apache.http.headers - << Content-Length: 302
07:56:28.968 [main] DEBUG org.apache.http.impl.client.DefaultHttpClient - Connection can be kept alive indefinitely
07:56:28.968 [main] DEBUG io.restassured.internal.RestAssuredHttpBuilder - Parsing response as: application/json; charset=UTF-8
07:56:28.968 [main] DEBUG io.restassured.internal.RestAssuredHttpBuilder - Parsed data to instance of: class org.apache.http.conn.EofSensorInputStream
07:56:29.009 [main] DEBUG org.apache.http.wire -  << "{"data":{"id":"eaf0b5ed-d242-41aa-98e2-61b53f42fbde","name":"","email":"","balance":0,"pin":"","phone":"","image":"","address":"","created_at":"0001-01-01T00:00:00Z","updated_at":"2023-06-18T00:56:28.188332892Z"},"metadata":{"status":200,"message":"User Image Updated successfully"},"pagination":null}[\n]"
07:56:29.009 [main] DEBUG org.apache.http.impl.conn.BasicClientConnectionManager - Releasing connection org.apache.http.impl.conn.ManagedClientConnectionImpl@649009d6
07:56:29.009 [main] DEBUG org.apache.http.impl.conn.BasicClientConnectionManager - Connection can be kept alive indefinitely
07:56:29.017 [main] DEBUG net.thucydides.core.steps.StepInterceptor - STEP DONE: I send upload image HTTP request with format valid
  &amp#27;[32mThen &amp#27;[0m&amp#27;[32mI send upload image HTTP request with format valid&amp#27;[0m      &amp#27;[90m# starter.stepdefinitions.UpdateImageSteps.iSendUploadImageHTTPRequestWithFormatValid()&amp#27;[0m
07:56:29.107 [main] DEBUG net.thucydides.core.steps.StepInterceptor - STARTING STEP: UpdateImageSteps.iReceivedValidHTTPResponseCodeForUpdateImage - I received valid HTTP response code 200 for update image
07:56:29.225 [main] DEBUG net.thucydides.core.steps.StepInterceptor - STEP DONE: I received valid HTTP response code 200 for update image
  &amp#27;[32mAnd &amp#27;[0m&amp#27;[32mI received valid HTTP response code &amp#27;[0m&amp#27;[32m&amp#27;[1m200&amp#27;[0m&amp#27;[32m for update image&amp#27;[0m &amp#27;[90m# starter.stepdefinitions.UpdateImageSteps.iReceivedValidHTTPResponseCodeForUpdateImage(int)&amp#27;[0m
07:56:29.240 [main] DEBUG net.thucydides.core.steps.StepInterceptor - STARTING STEP: UpdateImageSteps.iReceivedValidDataForUpdateImageUser - I received valid data for update image user
07:56:29.388 [main] DEBUG net.thucydides.core.steps.StepInterceptor - STEP DONE: I received valid data for update image user
  &amp#27;[32mAnd &amp#27;[0m&amp#27;[32mI received valid data for update image user&amp#27;[0m              &amp#27;[90m# starter.stepdefinitions.UpdateImageSteps.iReceivedValidDataForUpdateImageUser()&amp#27;[0m
07:56:29.399 [main] INFO  - 
  _____   ___   ___   _____     ___     _     ___   ___   ___   ___  
 |_   _| | __| / __| |_   _|   | _ \   /_\   / __| / __| | __| |   \ 
   | |   | _|  \__ \   | |     |  _/  / _ \  \__ \ \__ \ | _|  | |) |
   |_|   |___| |___/   |_|     |_|   /_/ \_\ |___/ |___/ |___| |___/ 

User berhasil mengubah gambar profil
----------------------------------------------------------------------
]]></system-out>
  </testcase>
  <testcase name="User belum berhasil mengubah gambar profil karena format gambar invalid" classname="Update Image" time="0.96">
    <failure type="java.lang.AssertionError"><![CDATA[java.lang.AssertionError: 
1 expectation failed.
Expected status code <400> but was <200>.

]]></failure>
    <system-out><![CDATA[
@Update-Image-02
Scenario: User belum berhasil mengubah gambar profil karena format gambar invalid         &amp#27;[90m# src/test/resources/features/UpdateImage.feature:13&amp#27;[0m
07:56:29.494 [main] INFO io.cucumber.core.plugin.SerenityReporter - Running feature from file:///C:/Dev/CapstoneProjectBaru/SKUYPAY%20API%20AUTOMATION/src/test/resources/features/UpdateImage.feature
07:56:29.505 [main] INFO  - 
  _____   ___   ___   _____     ___   _____     _     ___   _____   ___   ___  
 |_   _| | __| / __| |_   _|   / __| |_   _|   /_\   | _ \ |_   _| | __| |   \ 
   | |   | _|  \__ \   | |     \__ \   | |    / _ \  |   /   | |   | _|  | |) |
   |_|   |___| |___/   |_|     |___/   |_|   /_/ \_\ |_|_\   |_|   |___| |___/ 

User belum berhasil mengubah gambar profil karena format gambar invalid(update-image;user-belum-berhasil-mengubah-gambar-profil-karena-format-gambar-invalid)
--------------------------------------------------------------------------------
07:56:29.560 [main] DEBUG net.thucydides.core.steps.StepInterceptor - STARTING STEP: UpdateImageSteps.iHaveEndpointAuthForUpdateImageUser - I have endpoint auth for update image user
07:56:29.560 [main] DEBUG net.thucydides.core.steps.StepInterceptor - STEP DONE: I have endpoint auth for update image user
  &amp#27;[32mGiven &amp#27;[0m&amp#27;[32mI have endpoint auth for update image user&amp#27;[0m                                        &amp#27;[90m# starter.stepdefinitions.UpdateImageSteps.iHaveEndpointAuthForUpdateImageUser()&amp#27;[0m
07:56:29.584 [main] DEBUG net.thucydides.core.steps.StepInterceptor - STARTING STEP: UpdateImageSteps.iSendEndpointAuthForUpdateImageAndGetToken - I send endpoint auth for update image and get token
07:56:29.589 [main] DEBUG net.thucydides.core.steps.StepInterceptor - STARTING STEP: UpdateImage.iSendEndpointAuthforUpdateImageUserandGetToken - I have endpoint auth for update image user
07:56:29.589 [main] DEBUG net.thucydides.core.steps.StepInterceptor - STEP DONE: I have endpoint auth for update image user
07:56:29.646 [main] DEBUG org.apache.http.impl.conn.BasicClientConnectionManager - Get connection for route {}->http://34.101.78.228:2424
07:56:29.647 [main] DEBUG org.apache.http.impl.conn.DefaultClientConnectionOperator - Connecting to 34.101.78.228:2424
07:56:29.671 [main] DEBUG org.apache.http.client.protocol.RequestAddCookies - CookieSpec selected: ignoreCookies
07:56:29.671 [main] DEBUG org.apache.http.client.protocol.RequestAuthCache - Auth cache not set in the context
07:56:29.671 [main] DEBUG org.apache.http.client.protocol.RequestTargetAuthentication - Target auth state: UNCHALLENGED
07:56:29.672 [main] DEBUG org.apache.http.client.protocol.RequestProxyAuthentication - Proxy auth state: UNCHALLENGED
07:56:29.672 [main] DEBUG org.apache.http.impl.client.DefaultHttpClient - Attempt 1 to execute request
07:56:29.672 [main] DEBUG org.apache.http.impl.conn.DefaultClientConnection - Sending request: POST /api/v1/login HTTP/1.1
07:56:29.672 [main] DEBUG org.apache.http.wire -  >> "POST /api/v1/login HTTP/1.1[\r][\n]"
07:56:29.672 [main] DEBUG org.apache.http.wire -  >> "Accept: */*[\r][\n]"
07:56:29.672 [main] DEBUG org.apache.http.wire -  >> "Content-Type: application/json[\r][\n]"
07:56:29.672 [main] DEBUG org.apache.http.wire -  >> "Content-Length: 49[\r][\n]"
07:56:29.672 [main] DEBUG org.apache.http.wire -  >> "Host: 34.101.78.228:2424[\r][\n]"
07:56:29.672 [main] DEBUG org.apache.http.wire -  >> "Connection: Keep-Alive[\r][\n]"
07:56:29.672 [main] DEBUG org.apache.http.wire -  >> "User-Agent: Apache-HttpClient/4.5.13 (Java/19.0.2)[\r][\n]"
07:56:29.672 [main] DEBUG org.apache.http.wire -  >> "Accept-Encoding: gzip,deflate[\r][\n]"
07:56:29.672 [main] DEBUG org.apache.http.wire -  >> "[\r][\n]"
07:56:29.672 [main] DEBUG org.apache.http.headers - >> POST /api/v1/login HTTP/1.1
07:56:29.672 [main] DEBUG org.apache.http.headers - >> Accept: */*
07:56:29.672 [main] DEBUG org.apache.http.headers - >> Content-Type: application/json
07:56:29.672 [main] DEBUG org.apache.http.headers - >> Content-Length: 49
07:56:29.672 [main] DEBUG org.apache.http.headers - >> Host: 34.101.78.228:2424
07:56:29.672 [main] DEBUG org.apache.http.headers - >> Connection: Keep-Alive
07:56:29.672 [main] DEBUG org.apache.http.headers - >> User-Agent: Apache-HttpClient/4.5.13 (Java/19.0.2)
07:56:29.672 [main] DEBUG org.apache.http.headers - >> Accept-Encoding: gzip,deflate
07:56:29.672 [main] DEBUG org.apache.http.wire -  >> "{"password":"12345678","email":"user2@gmail.com"}"
07:56:29.790 [main] DEBUG org.apache.http.wire -  << "HTTP/1.1 200 OK[\r][\n]"
07:56:29.790 [main] DEBUG org.apache.http.wire -  << "Content-Type: application/json; charset=UTF-8[\r][\n]"
07:56:29.790 [main] DEBUG org.apache.http.wire -  << "Vary: Origin[\r][\n]"
07:56:29.790 [main] DEBUG org.apache.http.wire -  << "Date: Sun, 18 Jun 2023 00:56:29 GMT[\r][\n]"
07:56:29.790 [main] DEBUG org.apache.http.wire -  << "Content-Length: 406[\r][\n]"
07:56:29.790 [main] DEBUG org.apache.http.wire -  << "[\r][\n]"
07:56:29.790 [main] DEBUG org.apache.http.impl.conn.DefaultClientConnection - Receiving response: HTTP/1.1 200 OK
07:56:29.790 [main] DEBUG org.apache.http.headers - << HTTP/1.1 200 OK
07:56:29.790 [main] DEBUG org.apache.http.headers - << Content-Type: application/json; charset=UTF-8
07:56:29.790 [main] DEBUG org.apache.http.headers - << Vary: Origin
07:56:29.790 [main] DEBUG org.apache.http.headers - << Date: Sun, 18 Jun 2023 00:56:29 GMT
07:56:29.790 [main] DEBUG org.apache.http.headers - << Content-Length: 406
07:56:29.790 [main] DEBUG org.apache.http.impl.client.DefaultHttpClient - Connection can be kept alive indefinitely
07:56:29.791 [main] DEBUG io.restassured.internal.RestAssuredHttpBuilder - Parsing response as: application/json; charset=UTF-8
07:56:29.791 [main] DEBUG io.restassured.internal.RestAssuredHttpBuilder - Parsed data to instance of: class org.apache.http.conn.EofSensorInputStream
07:56:29.794 [main] DEBUG org.apache.http.wire -  << "{"data":{"id":"eaf0b5ed-d242-41aa-98e2-61b53f42fbde","name":"user1","email":"user2@gmail.com","token":"eyJhbGciOiJIUzI1NiIsInR5cCI6IkpXVCJ9.eyJhdXRob3JpemVkIjp0cnVlLCJleHAiOjE2ODk2NDE3ODksInVzZXJJZCI6ImVhZjBiNWVkLWQyNDItNDFhYS05OGUyLTYxYjUzZjQyZmJkZSIsInVzZXJfdHlwZSI6InVzZXIifQ.YGeAInf4sVyKMIBV61Sa5yJuKGP9Sb5NnEtq5Zfb-48"},"metadata":{"status":200,"message":"User Login successfully"},"pagination":null}[\n]"
07:56:29.794 [main] DEBUG org.apache.http.impl.conn.BasicClientConnectionManager - Releasing connection org.apache.http.impl.conn.ManagedClientConnectionImpl@67d180e4
07:56:29.794 [main] DEBUG org.apache.http.impl.conn.BasicClientConnectionManager - Connection can be kept alive indefinitely
07:56:29.819 [main] DEBUG net.thucydides.core.steps.StepInterceptor - STEP DONE: I send endpoint auth for update image and get token
  &amp#27;[32mWhen &amp#27;[0m&amp#27;[32mI send endpoint auth for update image and get token&amp#27;[0m                                &amp#27;[90m# starter.stepdefinitions.UpdateImageSteps.iSendEndpointAuthForUpdateImageAndGetToken()&amp#27;[0m
07:56:29.827 [main] DEBUG net.thucydides.core.steps.StepInterceptor - STARTING STEP: UpdateImageSteps.iSetUpdateImageApiEndpoint - I set update image api endpoint
07:56:29.827 [main] DEBUG net.thucydides.core.steps.StepInterceptor - STEP DONE: I set update image api endpoint
  &amp#27;[32mThen &amp#27;[0m&amp#27;[32mI set update image api endpoint&amp#27;[0m                                                    &amp#27;[90m# starter.stepdefinitions.UpdateImageSteps.iSetUpdateImageApiEndpoint()&amp#27;[0m
07:56:29.838 [main] DEBUG net.thucydides.core.steps.StepInterceptor - STARTING STEP: UpdateImageSteps.iSendUploadImageHTTPRequestWithFormatInvalid - I send upload image HTTP request with format invalid
07:56:29.855 [main] DEBUG net.thucydides.core.steps.StepInterceptor - STARTING STEP: UpdateImage.iSendUploadImageHTTPRequestwithFormatInvalid - I set update image api endpoint
07:56:29.855 [main] DEBUG net.thucydides.core.steps.StepInterceptor - STEP DONE: I set update image api endpoint
07:56:29.924 [main] DEBUG org.apache.http.impl.conn.BasicClientConnectionManager - Get connection for route {}->http://34.101.78.228:2424
07:56:29.925 [main] DEBUG org.apache.http.impl.conn.DefaultClientConnectionOperator - Connecting to 34.101.78.228:2424
07:56:29.965 [main] DEBUG org.apache.http.client.protocol.RequestAddCookies - CookieSpec selected: ignoreCookies
07:56:29.965 [main] DEBUG org.apache.http.client.protocol.RequestAuthCache - Auth cache not set in the context
07:56:29.965 [main] DEBUG org.apache.http.client.protocol.RequestProxyAuthentication - Proxy auth state: UNCHALLENGED
07:56:29.965 [main] DEBUG org.apache.http.impl.client.DefaultHttpClient - Attempt 1 to execute request
07:56:29.965 [main] DEBUG org.apache.http.impl.conn.DefaultClientConnection - Sending request: PUT /api/v1/user/image HTTP/1.1
07:56:29.965 [main] DEBUG org.apache.http.wire -  >> "PUT /api/v1/user/image HTTP/1.1[\r][\n]"
07:56:29.965 [main] DEBUG org.apache.http.wire -  >> "Authorization: Bearer eyJhbGciOiJIUzI1NiIsInR5cCI6IkpXVCJ9.eyJhdXRob3JpemVkIjp0cnVlLCJleHAiOjE2ODk2NDE3ODksInVzZXJJZCI6ImVhZjBiNWVkLWQyNDItNDFhYS05OGUyLTYxYjUzZjQyZmJkZSIsInVzZXJfdHlwZSI6InVzZXIifQ.YGeAInf4sVyKMIBV61Sa5yJuKGP9Sb5NnEtq5Zfb-48[\r][\n]"
07:56:29.966 [main] DEBUG org.apache.http.wire -  >> "Accept: application/json[\r][\n]"
07:56:29.966 [main] DEBUG org.apache.http.wire -  >> "Content-Length: 41147[\r][\n]"
07:56:29.966 [main] DEBUG org.apache.http.wire -  >> "Content-Type: multipart/form-data; boundary=xyz123[\r][\n]"
07:56:29.966 [main] DEBUG org.apache.http.wire -  >> "Host: 34.101.78.228:2424[\r][\n]"
07:56:29.966 [main] DEBUG org.apache.http.wire -  >> "Connection: Keep-Alive[\r][\n]"
07:56:29.966 [main] DEBUG org.apache.http.wire -  >> "User-Agent: Apache-HttpClient/4.5.13 (Java/19.0.2)[\r][\n]"
07:56:29.966 [main] DEBUG org.apache.http.wire -  >> "Accept-Encoding: gzip,deflate[\r][\n]"
07:56:29.966 [main] DEBUG org.apache.http.wire -  >> "[\r][\n]"
07:56:29.966 [main] DEBUG org.apache.http.headers - >> PUT /api/v1/user/image HTTP/1.1
07:56:29.966 [main] DEBUG org.apache.http.headers - >> Authorization: Bearer eyJhbGciOiJIUzI1NiIsInR5cCI6IkpXVCJ9.eyJhdXRob3JpemVkIjp0cnVlLCJleHAiOjE2ODk2NDE3ODksInVzZXJJZCI6ImVhZjBiNWVkLWQyNDItNDFhYS05OGUyLTYxYjUzZjQyZmJkZSIsInVzZXJfdHlwZSI6InVzZXIifQ.YGeAInf4sVyKMIBV61Sa5yJuKGP9Sb5NnEtq5Zfb-48
07:56:29.966 [main] DEBUG org.apache.http.headers - >> Accept: application/json
07:56:29.966 [main] DEBUG org.apache.http.headers - >> Content-Length: 41147
07:56:29.966 [main] DEBUG org.apache.http.headers - >> Content-Type: multipart/form-data; boundary=xyz123
07:56:29.966 [main] DEBUG org.apache.http.headers - >> Host: 34.101.78.228:2424
07:56:29.966 [main] DEBUG org.apache.http.headers - >> Connection: Keep-Alive
07:56:29.966 [main] DEBUG org.apache.http.headers - >> User-Agent: Apache-HttpClient/4.5.13 (Java/19.0.2)
07:56:29.966 [main] DEBUG org.apache.http.headers - >> Accept-Encoding: gzip,deflate
07:56:29.966 [main] DEBUG org.apache.http.wire -  >> "--xyz123[\r][\n]"
07:56:29.967 [main] DEBUG org.apache.http.wire -  >> "Content-Disposition: form-data; name="image"; filename=""[\r][\n]"
07:56:29.967 [main] DEBUG org.apache.http.wire -  >> "Content-Type: image/png[\r][\n]"
07:56:29.967 [main] DEBUG org.apache.http.wire -  >> "[\r][\n]"
07:56:29.967 [main] DEBUG org.apache.http.wire -  >> "%PDF-1.4[\n]"
07:56:29.967 [main] DEBUG org.apache.http.wire -  >> "%[0xef][0xbf][0xbd][0xef][0xbf][0xbd][0xef][0xbf][0xbd][0xef][0xbf][0xbd][\n]"
07:56:29.967 [main] DEBUG org.apache.http.wire -  >> "1 0 obj[\n]"
07:56:29.967 [main] DEBUG org.apache.http.wire -  >> "<</Title (Teks skrip video KKN)[\n]"
07:56:29.967 [main] DEBUG org.apache.http.wire -  >> "/Producer (Skia/PDF m116 Google Docs Renderer)>>[\n]"
07:56:29.967 [main] DEBUG org.apache.http.wire -  >> "endobj[\n]"
07:56:29.967 [main] DEBUG org.apache.http.wire -  >> "3 0 obj[\n]"
07:56:29.967 [main] DEBUG org.apache.http.wire -  >> "<</ca 1[\n]"
07:56:29.967 [main] DEBUG org.apache.http.wire -  >> "/BM /Normal>>[\n]"
07:56:29.967 [main] DEBUG org.apache.http.wire -  >> "endobj[\n]"
07:56:29.967 [main] DEBUG org.apache.http.wire -  >> "5 0 obj[\n]"
07:56:29.967 [main] DEBUG org.apache.http.wire -  >> "<</Filter /FlateDecode[\n]"
07:56:29.967 [main] DEBUG org.apache.http.wire -  >> "/Length 3887>> stream[\n]"
07:56:29.967 [main] DEBUG org.apache.http.wire -  >> "x[0xef][0xbf][0xbd][0xef][0xbf][0xbd]]Y[0xef][0xbf][0xbd][0x1c][0xef][0xbf][0xbd][0x11][0xef][0xbf][0xbd][0xef][0xbf][0xbd]S[0xef][0xbf][0xbd][0x5][0xef][0xbf][0xbd][0xef][0xbf][0xbd]}[0x1][0xc][0x3][0x1c]6G[0xef][0xbf][0xbd]2x[0x3][0xef][0xbf][0xbd][0x12]`@[0x1f][0xef][0xbf][0xbd][0xef][0xbf][0xbd][0xf]8r[0xef][0xbf][0xbd][0xca][0xac]fW[0xef][0xbf][0xbd][0xef][0xbf][0xbd][0xef][0xbf][0xbd]i-[0xef][0xbf][0xbd][0xef][0xbf][0xbd]aS3Rn[0x11][0xef][0xbf][0xbd][0xef][0xbf][0xbd][0xc5][0x92])u[0xef][0xbf][0xbd][0xef][0xbf][0xbd][0xef][0xbf][0xbd];E[0xef][0xbf][0xbd]E[0xef][0xbf][0xbd]/[0xef][0xbf][0xbd][0xef][0xbf][0xbd][0xef][0xbf][0xbd][0xef][0xbf][0xbd]/"[0xef][0xbf][0xbd][0xef][0xbf][0xbd][0xef][0xbf][0xbd][0xef][0xbf][0xbd]I[0xef][0xbf][0xbd]T[0xef][0xbf][0xbd][0xef][0xbf][0xbd][0xef][0xbf][0xbd][0x1f]?\[0xef][0xbf][0xbd][0x1f]~[0xef][0xbf][0xbd][0xef][0xbf][0xbd][0xef][0xbf][0xbd][0xef][0xbf][0xbd][0x1f][0xef][0xbf][0xbd][0xef][0xbf][0xbd][0xef][0xbf][0xbd][0xef][0xbf][0xbd][0xef][0xbf][0xbd][0xe4][0x9f][0x87]d/Jis[0xef][0xbf][0xbd][0xef][0xbf][0xbd][0xef][0xbf][0xbd]/?[0xef][0xbf][0xbd][0xef][0xbf][0xbd][0xef][0xbf][0xbd][0x19]![0xef][0xbf][0xbd][0xef][0xbf][0xbd]7[0xef][0xbf][0xbd]![0xef][0xbf][0xbd][0xef][0xbf][0xbd][0xef][0xbf][0xbd][0xef][0xbf][0xbd][0xf][0xef][0xbf][0xbd][0xef][0xbf][0xbd][0xef][0xbf][0xbd]n[0xef][0xbf][0xbd]9[0xef][0xbf][0xbd][0xef][0xbf][0xbd][0x16][0xef][0xbf][0xbd][0xef][0xbf][0xbd]J[0x17]k[0xef][0x8e][0xaf][0xef][0xbf][0xbd][0x11][0xef][0xbf][0xbd]k[0xef][0xbf][0xbd][0xef][0xbf][0xbd][0xef][0xbf][0xbd]y[0xef][0xbf][0xbd][0xef][0xbf][0xbd]F[0x6][0xef][0xbf][0xbd][0xef][0xbf][0xbd][0xef][0xbf][0xbd][0x13]J;[0xef][0xbf][0xbd][0xef][0xbf][0xbd][0xef][0xbf][0xbd][0xef][0xbf][0xbd][0x13][0xef][0xbf][0xbd][0x7][0x15][0xef][0xbf][0xbd][0xef][0xbf][0xbd][0x11][0xef][0xbf][0xbd][0x19][0xef][0xbf][0xbd][0x17]>F[0x19][0xef][0xbf][0xbd][0xef][0xbf][0xbd][0xef][0xbf][0xbd]*[0x17][0xef][0xbf][0xbd]#[0x1]c[0xd3][0xa5]([0xef][0xbf][0xbd][0xef][0xbf][0xbd]![0x1d][0xde][0x9f]1[0xef][0xbf][0xbd][0xef][0xbf][0xbd][0xef][0xbf][0xbd][0xef][0xbf][0xbd][0x3][0xef][0xbf][0xbd]:[0xef][0xbf][0xbd][0xef][0xbf][0xbd][0xef][0xbf][0xbd]=[0xef][0xbf][0xbd]=m[0xef][0xbf][0xbd]O![0xef][0xbf][0xbd][0xef][0xbf][0xbd][0xef][0xbf][0xbd]^[0x9][0x13][0xef][0xbf][0xbd][0xef][0xbf][0xbd][0xef][0xbf][0xbd]"}[0xef][0xbf][0xbd][0xef][0xbf][0xbd]b[0xef][0xbf][0xbd]%-[0xef][0xbf][0xbd][0xef][0xbf][0xbd][0xef][0xbf][0xbd][0x1e][0xdd][0x9e][0xef][0xbf][0xbd][0xef][0xbf][0xbd])i[0xd5][0xa8]-[0xef][0xbf][0xbd][0xef][0xbf][0xbd]|F[0xef][0xbf][0xbd][0xef][0xbf][0xbd][0xc2][0xa3][0xef][0xbf][0xbd][0x19],[0x19][0xef][0xbf][0xbd]1[0xef][0xbf][0xbd]t[0xef][0xbf][0xbd][0xb][0xef][0xbf][0xbd]>n[\r]2:[0x1f][0xef][0xbf][0xbd][0x4][0xef][0xbf][0xbd][0xd3][0xb8] [0xef][0xbf][0xbd][0xef][0xbf][0xbd][0xef][0xbf][0xbd][0xef][0xbf][0xbd][0xc6][0x90][0xef][0xbf][0xbd]I[0xef][0xbf][0xbd][0xc4][0x81]m/X[0xef][0xbf][0xbd]b[0xef][0xbf][0xbd]G[0xef][0xbf][0xbd][0xef][0xbf][0xbd][0x1d][0xef][0xbf][0xbd][0xef][0xbf][0xbd][0xef][0xbf][0xbd]t[0xef][0xbf][0xbd][0xef][0xbf][0xbd][0xef][0xbf][0xbd][0xef][0xbf][0xbd][0xef][0xbf][0xbd]?is[0x14]3[0xef][0xbf][0xbd][0xef][0xbf][0xbd][0xef][0xbf][0xbd][0xef][0xbf][0xbd][0x11][0xef][0xbf][0xbd][0xef][0xbf][0xbd][0xef][0xbf][0xbd]A[0x18][0xef][0xbf][0xbd][0xef][0xbf][0xbd]qc[0xef][0xbf][0xbd]ZJ[0xef][0xbf][0xbd]'[0xef][0xbf][0xbd][0xef][0xbf][0xbd][0xcd][0xa7][0xef][0xbf][0xbd][0xef][0xbf][0xbd]![0x1c]v[0x9][0x4][0xef][0xbf][0xbd]u[0xef][0xbf][0xbd][0xef][0xbf][0xbd][0xef][0xbf][0xbd][0xef][0xbf][0xbd][0xef][0xbf][0xbd][0xef][0xbf][0xbd][0xef][0xbf][0xbd]9n[0xef][0xbf][0xbd]1h[0xef][0xbf][0xbd][0x17][0xef][0xbf][0xbd]i[0xef][0xbf][0xbd][\r]ZHi[0xef][0xbf][0xbd]qu[0xef][0xbf][0xbd]d[0xef][0xbf][0xbd][0xef][0xbf][0xbd][0x3][0xef][0xbf][0xbd][0xef][0xbf][0xbd][0xef][0xbf][0xbd]s[0xef][0xbf][0xbd][0xef][0xbf][0xbd][0xd3][0x85][0xef][0xbf][0xbd]$[0xef][0xbf][0xbd][0x19]v[0xef][0xbf][0xbd]$ir~[0xef][0xbf][0xbd]K[0xef][0xbf][0xbd][0xef][0xbf][0xbd][0xef][0xbf][0xbd]@[0xe][0xef][0xbf][0xbd][0xef][0xbf][0xbd][0x8][0xef][0xbf][0xbd]g[0xef][0xbf][0xbd][0xef][0xbf][0xbd]%u[0x18][0xef][0xbf][0xbd][0xef][0xbf][0xbd][0xef][0xbf][0xbd][0xef][0xbf][0xbd][0xef][0xbf][0xbd]kA[0xef][0xbf][0xbd]9[0xef][0xbf][0xbd]][0xef][0xbf][0xbd]9[0xef][0xbf][0xbd]$[0xef][0xbf][0xbd][0xef][0xbf][0xbd]yw[0xef][0xbf][0xbd][0xef][0xbf][0xbd][0xef][0xbf][0xbd]%[0xef][0xbf][0xbd][0xef][0xbf][0xbd][0xef][0xbf][0xbd]a0[0xef][0xbf][0xbd][0xef][0xbf][0xbd]:[0xef][0xbf][0xbd]P[0xef][0xbf][0xbd]y[0xef][0xbf][0xbd]]_:[0xef][0xbf][0xbd][0xef][0xbf][0xbd]N:"J[0xef][0xbf][0xbd]b[0xef][0xbf][0xbd][0xef][0xbf][0xbd][\r][0xef][0xbf][0xbd]>[0x2][0xef][0xbf][0xbd][0xef][0xbf][0xbd][0xef][0xbf][0xbd].C(T[0x2][0x4]Oo[0xef][0xbf][0xbd][0xeb][0xb3][0x87][0xef][0xbf][0xbd][0xef][0xbf][0xbd]f[0xef][0xbf][0xbd][0xef][0xbf][0xbd][0x7]N[0xef][0xbf][0xbd][0xef][0xbf][0xbd][0xb][0xef][0xbf][0xbd][0xef][0xbf][0xbd]e[0xd7][0x97]"[0xef][0xbf][0xbd][0xcf][0x81][0xef][0xbf][0xbd]E[0xef][0xbf][0xbd][0xef][0xbf][0xbd][0xef][0xbf][0xbd]TG[0xef][0xbf][0xbd][0xef][0xbf][0xbd]\[0xef][0xbf][0xbd]![0xef][0xbf][0xbd][0xef][0xbf][0xbd]@O[0x1b][0x14][0xef][0xbf][0xbd]>R[0xef][0xbf][0xbd][0xef][0xbf][0xbd][0xca][0x99]]_ ,[0xef][0xbf][0xbd][0xef][0xbf][0xbd]q[0x6][0xef][0xbf][0xbd]][0xef][0xbf][0xbd][0xef][0xbf][0xbd][0xef][0xbf][0xbd][0xef][0xbf][0xbd][0xb]Q[0xef][0xbf][0xbd],>PYH[0xef][0xbf][0xbd][0xef][0xbf][0xbd][0xef][0xbf][0xbd]EuT9[0xef][0xbf][0xbd][0xef][0xbf][0xbd]:[0xef][0xbf][0xbd][0xef][0xbf][0xbd][0xef][0xbf][0xbd][0xef][0xbf][0xbd]@I`h[0xef][0xbf][0xbd][0xef][0xbf][0xbd][0xef][0xbf][0xbd][0x1b][0xef][0xbf][0xbd][0xef][0xbf][0xbd]B[0xef][0xbf][0xbd]u[0x1f][0xef][0xbf][0xbd][0x2]i[0xef][0xbf][0xbd][0xef][0xbf][0xbd][0xef][0xbf][0xbd][0xef][0xbf][0xbd]!s[0xef][0xbf][0xbd][0xef][0xbf][0xbd][0xef][0xbf][0xbd][0xef][0xbf][0xbd]XO$[0xef][0xbf][0xbd]Q[0x10][0xef][0xbf][0xbd][0xef][0xbf][0xbd]v[0xef][0xbf][0xbd][0x0][0xef][0xbf][0xbd][0xce][0xa2][0x12][0xef][0xbf][0xbd]F[0xef][0xbf][0xbd][0x15]0[0xef][0xbf][0xbd]I[0xef][0xbf][0xbd][0xef][0xbf][0xbd][0xef][0xbf][0xbd][0xd1][0x89][0xef][0xbf][0xbd]H[0xef][0xbf][0xbd][0xef][0xbf][0xbd]l'[0xef][0xbf][0xbd]_[0xef][0xbf][0xbd]["[0xef][0xbf][0xbd]L[0xef][0xbf][0xbd][0xef][0xbf][0xbd][0xef][0xbf][0xbd]lg[0xef][0xbf][0xbd][0x1f][0xef][0xbf][0xbd][0xe6][0x94][0xa0][0xef][0xbf][0xbd]"[0xef][0xbf][0xbd][0xef][0xbf][0xbd][0xef][0xbf][0xbd][0xd4][0x8f]fK4[0x2][0xef][0xbf][0xbd][0xef][0xbf][0xbd][0xef][0xbf][0xbd][0xef][0xbf][0xbd]N[0x12]?yQ![0x11][0xda][0x92]R"[0xef][0xbf][0xbd][0xef][0xbf][0xbd][0xef][0xbf][0xbd]}4[0x1b][0xef][0xbf][0xbd]Q[0xef][0xbf][0xbd][0xef][0xbf][0xbd][0x9][0xef][0xbf][0xbd][0xef][0xbf][0xbd]|t[0xef][0xbf][0xbd][0xca][0x88][0xef][0xbf][0xbd]Z[0x11][0xb]8K[0xef][0xbf][0xbd]de9[0x11];[0xc9][0xb3][0xef][0xbf][0xbd]/[0xcb][0x8d]$[0xef][0xbf][0xbd]e[0xef][0xbf][0xbd][0xef][0xbf][0xbd]v[0xef][0xbf][0xbd][0xef][0xbf][0xbd]e[0xef][0xbf][0xbd]V[0xef][0xbf][0xbd][0xef][0xbf][0xbd][0x1][0xef][0xbf][0xbd][0xc9][0xb3]d/O[0xef][0xbf][0xbd][0xef][0xbf][0xbd][0xef][0xbf][0xbd][0xef][0xbf][0xbd][0xef][0xbf][0xbd]r=y[0xef][0xbf][0xbd]J[0xef][0xbf][0xbd][0x0][0x1a][0xef][0xbf][0xbd]Y[0xef][0xbf][0xbd]G{[0xef][0xbf][0xbd][0x9]v[0x1]gy[0x1e][0xef][0xbf][0xbd]F#[0xef][0xbf][0xbd][0xd3][0x81][0xc][0xef][0xbf][0xbd],[0xef][0xbf][0xbd][0xef][0xbf][0xbd]r#[0xef][0xbf][0xbd][0x6][0x2][0xef][0xbf][0xbd]Y[0xef][0xbf][0xbd]'/[0xef][0xbf][0xbd][0xef][0xbf][0xbd][0x1b][0xef][0xbf][0xbd][0xc8][0xb3][0xc][0xef][0xbf][0xbd]vFJ[0xef][0xbf][0xbd]Mu[0xef][0xbf][0xbd][0xef][0xbf][0xbd][0xef][0xbf][0xbd]C[0xef][0xbf][0xbd]/HA[0xef][0xbf][0xbd]r[0xef][0xbf][0xbd][0xef][0xbf][0xbd][0xef][0xbf][0xbd][0xef][0xbf][0xbd][0xef][0xbf][0xbd]>[0xef][0xbf][0xbd][0xef][0xbf][0xbd]:[0xef][0xbf][0xbd]V.P@[0xef][0xbf][0xbd][0xef][0xbf][0xbd]HsS[0xc4][0x99]g[0xef][0xbf][0xbd][0xef][0xbf][0xbd][0xef][0xbf][0xbd]:[0xef][0xbf][0xbd][0xef][0xbf][0xbd][0xd7][0x97][0xef][0xbf][0xbd][0xef][0xbf][0xbd]H[0xef][0xbf][0xbd][0xef][0xbf][0xbd][0xef][0xbf][0xbd][0xef][0xbf][0xbd]O/[0xef][0xbf][0xbd]$[0xef][0xbf][0xbd]q[0x5]P[0xef][0xbf][0xbd][0xef][0xbf][0xbd][0xef][0xbf][0xbd]I&I[0xef][0xbf][0xbd]F[0x8]_[0xef][0xbf][0xbd]u[0xef][0xbf][0xbd][0xef][0xbf][0xbd][0xef][0xbf][0xbd][0xef][0xbf][0xbd]KJ[0xef][0xbf][0xbd][0xef][0xbf][0xbd]R[0xef][0xbf][0xbd]r[0xef][0xbf][0xbd][0xef][0x97][0xaf][0xef][0xbf][0xbd]y[0xef][0xbf][0xbd][0xef][0xbf][0xbd][0xef][0xbf][0xbd][0xef][0xbf][0xbd]p[0xef][0xbf][0xbd][0x17][0xef][0xbf][0xbd]#[0x1b][0xef][0xbf][0xbd][0x1d]V[0xef][0xbf][0xbd][0xef][0xbf][0xbd]a[0x1c]YK>[0xef][0xbf][0xbd][0xef][0xbf][0xbd]A[0xef][0xbf][0xbd][0xef][0xbf][0xbd][0xf][0xef][0xbf][0xbd]Ca][0xef][0xbf][0xbd]Y[0xef][0xbf][0xbd]y[0xef][0xbf][0xbd][0xef][0xbf][0xbd][0xc5][0xbe]=[0xef][0xbf][0xbd]|[0xef][0xbf][0xbd]/[0xef][0xbf][0xbd]o[0xef][0xbf][0xbd]|T[0xef][0xbf][0xbd][0xef][0xbf][0xbd][0xef][0xbf][0xbd][0xef][0xbf][0xbd][0xef][0xbf][0xbd][0x19]$[\r]VF,[0x7][0xef][0xbf][0xbd][0xc6][0x8c][0xef][0xbf][0xbd]Yp[0xef][0xbf][0xbd][0x18][0x1b][0xef][0xbf][0xbd][0xef][0xbf][0xbd][0xef][0xbf][0xbd]e8[0xef][0xbf][0xbd]D[0xc9][0xaa]d=i[0xef][0xbf][0xbd]aG[0xef][0xbf][0xbd][0xef][0xbf][0xbd][0xef][0xbf][0xbd]W3[0xef][0xbf][0xbd][0xef][0xbf][0xbd]U[0xef][0xbf][0xbd][0xe][0xc4][0x99]z[0xef][0xbf][0xbd][0xef][0xbf][0xbd][0xef][0xbf][0xbd][0x1f][0xef][0xbf][0xbd]I";[0x5][0xee][0x9c][0x89][0xef][0xbf][0xbd]JC{5a8"[0xc7][0x92]W-M:[0xef][0xbf][0xbd]]fX[0xef][0xbf][0xbd]e[0xef][0xbf][0xbd][0xef][0xbf][0xbd][0xef][0xbf][0xbd][0xef][0xbf][0xbd][0xef][0xbf][0xbd][0x12][0xc]V![0xec][0xaf][0x94][0xef][0xbf][0xbd][0xef][0xbf][0xbd]y<[0xef][0xbf][0xbd][0xc][0x1d][0xef][0xbf][0xbd][0xef][0xbf][0xbd]|[0xef][0xbf][0xbd][0xef][0xbf][0xbd]k[0xef][0xbf][0xbd]E&C[0x3][0xef][0xbf][0xbd][0xef][0xbf][0xbd][0xef][0xbf][0xbd]lY[0xef][0xbf][0xbd]R^[0xef][0xbf][0xbd]x?.Za[0xef][0xbf][0xbd]:w[0xef][0xbf][0xbd][0xef][0xbf][0xbd][0xef][0xbf][0xbd][0xef][0xbf][0xbd][0xef][0xbf][0xbd]}%[0x0][0xcc][0x9c]u>Z[0xef][0xbf][0xbd][0xcb][0xa5][0xef][0xbf][0xbd]U[\r]u[0xef][0xbf][0xbd]+[0xef][0xbf][0xbd][0x1b]5U[0x15][0xef][0xbf][0xbd][0xef][0xbf][0xbd][0xef][0xbf][0xbd][0xef][0xbf][0xbd][0xef][0xbf][0xbd][0xeb][0xba][0xa7][0xef][0xbf][0xbd]s[0x1][0xef][0xbf][0xbd]9[0xef][0xbf][0xbd]G[0xef][0xbf][0xbd]u[0xef][0xbf][0xbd][0xef][0xbf][0xbd][0xef][0xbf][0xbd][0xef][0xbf][0xbd][0x1b][0x0][\n]"
07:56:29.968 [main] DEBUG org.apache.http.wire -  >> "[0x14][0xef][0xbf][0xbd][0xef][0xbf][0xbd][0xef][0xbf][0xbd][0xef][0xbf][0xbd][0x1c][0xef][0xbf][0xbd][0x15][0xef][0xbf][0xbd][0xef][0xbf][0xbd]Vt([0xef][0xbf][0xbd]6[0xcc][0xb1][0xef][0xbf][0xbd][0x19][0x1d]SNx[0xef][0xbf][0xbd][0xeb][0x98][0x9b][0xc][0xef][0xbf][0xbd][0xef][0xbf][0xbd]JE[0x2]q5h[0xef][0xbf][0xbd][0xef][0xbf][0xbd][0xef][0xbf][0xbd]-[[0x1a]3[0x1e][0xc5][0x95][0xef][0xbf][0xbd]he[0x18]S[0xef][0xbf][0xbd]][0xef][0xbf][0xbd]+[0xef][0xbf][0xbd]EQ[0xef][0xbf][0xbd]o[0xef][0xbf][0xbd]^[0xef][0xbf][0xbd][0xef][0xbf][0xbd][0xef][0xbf][0xbd]k[0xef][0xbf][0xbd]l}[0xef][0xbf][0xbd]6[0xef][0xbf][0xbd]?[0x19][0xef][0xbf][0xbd][0xef][0xbf][0xbd][0x8]Z+Vg[0xef][0xbf][0xbd][0x19][0xef][0xbf][0xbd][0xef][0xbf][0xbd][0x1d][0xef][0xbf][0xbd]`[0xef][0xbf][0xbd][0xef][0xbf][0xbd]B[0xef][0xbf][0xbd][0xef][0xbf][0xbd][0xef][0xbf][0xbd][0xf][0x6][0xef][0xbf][0xbd]\[0x11][0xef][0xbf][0xbd][0xef][0xbf][0xbd][0xef][0xbf][0xbd][0x15]*Z[0xef][0xbf][0xbd][0xef][0xbf][0xbd][0xef][0xbf][0xbd]3[0xef][0xbf][0xbd][0x19][0xef][0xbf][0xbd]T[0xef][0xbf][0xbd][0xef][0xbf][0xbd]C[0xef][0xbf][0xbd][0x2][0xef][0xbf][0xbd][0x17]/[0xef][0xbf][0xbd][0xef][0xbf][0xbd][0xef][0xbf][0xbd][0xef][0xbf][0xbd][0xef][0xbf][0xbd]*[0xef][0xbf][0xbd][0xef][0xbf][0xbd][0xef][0xbf][0xbd][0x5][0xef][0xbf][0xbd][0xef][0xbf][0xbd]F[0xef][0xbf][0xbd][0xef][0xbf][0xbd][0xef][0xbf][0xbd]!#a7[0xef][0xbf][0xbd]][0xef][0xbf][0xbd][0xef][0xbf][0xbd][0xef][0xbf][0xbd]dD[0xef][0xbf][0xbd][0xef][0xbf][0xbd]r[0xc][0xef][0xbf][0xbd]5[0xef][0xbf][0xbd][0xef][0xbf][0xbd][0x1a][0xef][0xbf][0xbd][0x17][0xef][0xbf][0xbd][0x19][0xef][0xbf][0xbd];2[0xef][0xbf][0xbd]0[0xef][0xbf][0xbd][0xef][0xbf][0xbd][0x18]7[0xef][0xbf][0xbd][0xef][0xbf][0xbd][0x15][0xef][0xbf][0xbd]O[0xef][0xbf][0xbd]][0xef][0xbf][0xbd][0xdc][0xa0][0xef][0xbf][0xbd]t<n[0xef][0xbf][0xbd][0xef][0xbf][0xbd][0xce][0xbd][0x12][0x1e][0xef][0xbf][0xbd][0xef][0xbf][0xbd] D[0xef][0xbf][0xbd]d[0xef][0xbf][0xbd][0xef][0xbf][0xbd][0xef][0xbf][0xbd]N[0xef][0xbf][0xbd][0x3]n[0xef][0xbf][0xbd]=`[0x7][0xef][0xbf][0xbd]s[0xef][0xbf][0xbd][0xee][0x9e][0x93][0xef][0xbf][0xbd][0xef][0xbf][0xbd][0xef][0xbf][0xbd][0x16]d[0xef][0xbf][0xbd]9[0xef][0xbf][0xbd][0xef][0xbf][0xbd][0xd7][0xa2]k[0xef][0xbf][0xbd][0x1a];H[0xef][0xbf][0xbd]SO-[0xef][0xbf][0xbd]X3[0xe]1[0xef][0xbf][0xbd]j[0xef][0xbf][0xbd][0xef][0xbf][0xbd]c5[0x7]NJ[0xef][0xbf][0xbd][0x6][0x0]hMW[0x1f][0xef][0xbf][0xbd][0xef][0xbf][0xbd]R[0x11][0xdc][0xb5][0x3]0[0x3]4[0xef][0xbf][0xbd]rq[0xef][0xbf][0xbd]%?W"A(][0xef][0xbf][0xbd][0xef][0xbf][0xbd][0xef][0xbf][0xbd][0xef][0xbf][0xbd]i2[0xef][0xbf][0xbd]kgS[0xef][0xbf][0xbd][0xef][0xbf][0xbd]s[0xef][0xbf][0xbd][0xef][0xbf][0xbd]Q[0x17][0x1e]Hy[0xef][0xbf][0xbd]p[0xef][0xbf][0xbd][0xef][0xbf][0xbd][0xc6][0x90][0x1f]/!3][0xef][0xbf][0xbd][0xef][0xbf][0xbd]-m=[0xef][0xbf][0xbd][0xef][0xbf][0xbd]*[0x1b]uv[0xef][0xbf][0xbd][0xef][0xbf][0xbd][0xef][0xbf][0xbd][0xc]x[0xef][0xbf][0xbd][0x1][0xef][0xbf][0xbd][0xef][0xbf][0xbd][0xc8][0xa9][0xca][0xb0]it[0xef][0xbf][0xbd][0xef][0xbf][0xbd] %[0xef][0xbf][0xbd]i[0xef][0xbf][0xbd]N[0xef][0xbf][0xbd][0xef][0xbf][0xbd]^[0xf][0xef][0xbf][0xbd][0xef][0xbf][0xbd]9[0x14]oD[0xcc][0xb1]&[0xef][0xbf][0xbd]T[0xef][0xbf][0xbd][0xef][0xbf][0xbd]lhH[0xef][0xbf][0xbd][0xef][0xbf][0xbd][0x18][0xef][0xbf][0xbd][0xe5][0xad][0xa2][0xef][0xbf][0xbd]?l5[0xef][0xbf][0xbd] lu[0xc8][0xab][0x1f][0xef][0xbf][0xbd][0xe]\[0xdb][0x88][0x0][0xef][0xbf][0xbd][0xef][0xbf][0xbd][0xef][0xbf][0xbd][0xef][0xbf][0xbd][0xcd][0x89][0xef][0xbf][0xbd][0xef][0xbf][0xbd]D[0xef][0xbf][0xbd]}[0xef][0xbf][0xbd][0xef][0xbf][0xbd][0x0][0xef][0xbf][0xbd][0xef][0xbf][0xbd][0xef][0xbf][0xbd][0x19]d[0xef][0xbf][0xbd][0xef][0xbf][0xbd][0x16]qt%z[0xef][0xbf][0xbd][0xdc][0x9c][0xef][0xbf][0xbd]F [0xef][0xbf][0xbd][0xef][0xbf][0xbd][0xef][0xbf][0xbd][0xef][0xbf][0xbd][0xdd][0xb2][0xef][0xbf][0xbd][0xef][0xbf][0xbd][0xef][0xbf][0xbd][0x12][0xef][0xbf][0xbd][0x2][0xef][0xbf][0xbd][0xef][0xbf][0xbd] gZ[0xef][0xbf][0xbd]_W[0xef][0xbf][0xbd]K[0xef][0xbf][0xbd][0xdc][0x8b][0x8]|`f[0xef][0xbf][0xbd][0xef][0xbf][0xbd] [0xef][0xbf][0xbd]r[0xef][0xbf][0xbd]sx[0xef][0xbf][0xbd][0x1a]L[0xef][0xbf][0xbd][0xef][0xbf][0xbd]GA[0xef][0xbf][0xbd][0xef][0xbf][0xbd]H@[0x1][0xef][0xbf][0xbd]VJ[0x1]\[0xef][0xbf][0xbd][0xef][0xbf][0xbd][0xef][0xbf][0xbd]si[0xef][0xbf][0xbd][0xef][0xbf][0xbd][\r][0xef][0xbf][0xbd][0xef][0xbf][0xbd][0xef][0xbf][0xbd]A1[0xef][0xbf][0xbd][0xd3][0xb9][0xde][0x86]I[0xef][0xbf][0xbd][0xef][0xbf][0xbd][0xef][0xbf][0xbd]v[0xef][0xbf][0xbd]J[0xef][0xbf][0xbd][0xef][0xbf][0xbd][0x19]cw[0xef][0xbf][0xbd][0xef][0xbf][0xbd][0x1e][0xef][0xbf][0xbd][0xef][0xbf][0xbd][0x4])[0xef][0xbf][0xbd]^&f[0xc8][0x94][0x4][0x10]8.[0xef][0xbf][0xbd][0xef][0xbf][0xbd][0x6]}[0xef][0xbf][0xbd][0xef][0xbf][0xbd]n[0xef][0xbf][0xbd][0xef][0xbf][0xbd][0xef][0xbf][0xbd]D[0x0][0xef][0xbf][0xbd]k`[0xef][0xbf][0xbd]][0xef][0xbf][0xbd][0xef][0xbf][0xbd][0xef][0xbf][0xbd][0xef][0xbf][0xbd][0xe1][0x89][0xad][0x1][0xef][0xbf][0xbd][0xef][0xbf][0xbd]/+g[0xef][0xbf][0xbd]V[0xef][0xbf][0xbd][0xef][0xbf][0xbd]o[0xef][0xbf][0xbd]"Z[0xef][0xbf][0xbd][0xef][0xbf][0xbd]P[0x11][0xef][0xbf][0xbd][0x1d][0x13]-[0xef][0xbf][0xbd][0x11][0xef][0xbf][0xbd][0xef][0xbf][0xbd]i[0xef][0xbf][0xbd][0x2]@[0xf][0x6]t[0xef][0xbf][0xbd][0xef][0xbf][0xbd][0xef][0xbf][0xbd]9[0xef][0xbf][0xbd][0xef][0xbf][0xbd][0xef][0xbf][0xbd][0xef][0xbf][0xbd][0xef][0xbf][0xbd][0xef][0xbf][0xbd][0xd5][0xbd][0xef][0xbf][0xbd]+^[0x14][0xef][0xbf][0xbd]>U[0xef][0xbf][0xbd][0x4][0xef][0xbf][0xbd][0xef][0xbf][0xbd][0x17][0xef][0xbf][0xbd][0xef][0xbf][0xbd]xC&Lt[0xef][0xbf][0xbd]fJ[0x1f][0xef][0xbf][0xbd][0xef][0xbf][0xbd]{9[0x7][0x7]E[0x1]Kl5`[\n]"
07:56:29.968 [main] DEBUG org.apache.http.wire -  >> "[0xef][0xbf][0xbd][Z[0xef][0xbf][0xbd].[0x16][0xef][0xbf][0xbd][0xef][0xbf][0xbd][0xef][0xbf][0xbd]:[0xef][0xbf][0xbd][0xef][0xbf][0xbd][0xef][0xbf][0xbd][0x8][0x4]F:[0xef][0xbf][0xbd][\r] )_F[0xef][0xbf][0xbd][0xef][0xbf][0xbd]T[0xef][0xbf][0xbd]"I[0xef][0xbf][0xbd][0x1b][0xef][0xbf][0xbd][0xef][0xbf][0xbd][0xef][0xbf][0xbd][0xc][0xeb][0xbc][0xad][0xef][0xbf][0xbd][0xd3][0xaa]z[0xef][0xbf][0xbd]D[0x17][0xef][0xbf][0xbd][0xef][0xbf][0xbd][0xef][0xbf][0xbd][0xef][0xbf][0xbd][0xef][0xbf][0xbd][0xef][0xbf][0xbd]ISF[0xef][0xbf][0xbd][0xef][0xbf][0xbd][0xef][0xbf][0xbd]m[0xef][0xbf][0xbd][0xef][0xbf][0xbd][0xef][0xbf][0xbd][0xef][0xbf][0xbd][0xef][0xbf][0xbd][0xef][0xbf][0xbd][0xef][0xbf][0xbd][0xef][0xbf][0xbd]Wv`[0xef][0xbf][0xbd]([0xef][0xbf][0xbd][0x11][0xef][0xbf][0xbd]k![0xef][0xbf][0xbd][0xef][0xbf][0xbd][0xef][0xbf][0xbd]iHYs[0xef][0xbf][0xbd][0xef][0xbf][0xbd][0xef][0xbf][0xbd]g[0xd5][0xb0][0xef][0xbf][0xbd]u[0xef][0xbf][0xbd]L[0xef][0xbf][0xbd]d[0xea][0x91][0xb3]1[0xef][0xbf][0xbd][0xef][0xbf][0xbd]EC[0xef][0xbf][0xbd]h[0xef][0xbf][0xbd]U^8[0x1b]U[0xef][0xbf][0xbd]H[0x6][0xcf][0x89][0x16][0xef][0xbf][0xbd][0xef][0xbf][0xbd]:[0xef][0xbf][0xbd][0xef][0xbf][0xbd][0xef][0xbf][0xbd]|[0xef][0xbf][0xbd]`[0xef][0xbf][0xbd]%3_[0xd4][0xa2][0xef][0xbf][0xbd]%[0x6][0xef][0xbf][0xbd][0xef][0xbf][0xbd][0xef][0xbf][0xbd][0x1c][0xef][0xbf][0xbd]v[0xef][0xbf][0xbd][0x1b][0xef][0xbf][0xbd][0xef][0xbf][0xbd][0xef][0xbf][0xbd][0xef][0xbf][0xbd],'[0xde][0xb6][0xef][0xbf][0xbd]p{d[0xef][0xbf][0xbd][0xd4][0xba]S[0x1e][0xef][0xbf][0xbd][0x0][0xef][0xbf][0xbd]zW5[0x12][0x1][0xb]*[0xef][0xbf][0xbd]7[0x10]m[0x1f]a[0xef][0xbf][0xbd]Q[0xef][0xbf][0xbd][0x9][0xef][0xbf][0xbd][0x7]s[0xef][0xbf][0xbd][0xef][0xbf][0xbd];D[0xef][0xbf][0xbd]n`,[0xef][0xbf][0xbd][0x0]{qV[0xef][0xbf][0xbd][0xef][0xbf][0xbd][0x16][0xef][0xbf][0xbd][0xef][0xbf][0xbd][0xef][0xbf][0xbd]Ia[0xef][0xbf][0xbd] [0xef][0xbf][0xbd][0xd4][0x90][0xef][0xbf][0xbd][0xef][0xbf][0xbd][0xc][0xef][0xbf][0xbd]!v[0xc5][0x85][0xef][0xbf][0xbd][0xef][0xbf][0xbd][0xef][0xbf][0xbd]t[0xef][0xbf][0xbd][0xef][0xbf][0xbd]z#8iCp[0xef][0xbf][0xbd][0xef][0xbf][0xbd][0xef][0xbf][0xbd][0xef][0xbf][0xbd][\r][0xef][0xbf][0xbd][\n]"
07:56:29.968 [main] DEBUG org.apache.http.wire -  >> "j[0xef][0xbf][0xbd][0x16] [0xef][0xbf][0xbd]W![0xef][0xbf][0xbd][[0xef][0xbf][0xbd]G[0xef][0xbf][0xbd]sjkP[0xef][0xbf][0xbd]E[0xcf][0xba][0xef][0xbf][0xbd][0xef][0xbf][0xbd]~/[[0xef][0xbf][0xbd][0x10][0x0]dM[0xc7][0x80][0xef][0xbf][0xbd][0xef][0xbf][0xbd][0xf][0xef][0xbf][0xbd]h[0xef][0xbf][0xbd]S[([0xef][0xbf][0xbd].[0xef][0xbf][0xbd]+1[0xc8][0x9a][0xef][0xbf][0xbd]}[0x1f][0xef][0xbf][0xbd]fi[0x1b][0xd9][0xbb][0x2]J[0xef][0xbf][0xbd]D2~p[0xd1][0x8f][0xef][0xbf][0xbd][0x0][0xef][0xbf][0xbd][0xef][0xbf][0xbd]ZA[0xef][0xbf][0xbd][0x13]Nw[0xef][0xbf][0xbd][0x1a][0xef][0xbf][0xbd].[0xef][0xbf][0xbd][0x14],[0xef][0xbf][0xbd][0xef][0xbf][0xbd]2[0xef][0xbf][0xbd][0xef][0xbf][0xbd][0xef][0xbf][0xbd]"
07:56:29.969 [main] DEBUG org.apache.http.wire -  >> "[0xef][0xbf][0xbd][0xef][0xbf][0xbd]JC[0xef][0xbf][0xbd]o[0xef][0xbf][0xbd][0xef][0xbf][0xbd]![0xef][0xbf][0xbd][0xc8][0x8c]O[0xef][0xbf][0xbd][0x7][0xe1][0x80][0x88]o[0xef][0xbf][0xbd][0x2]q[0xef][0xbf][0xbd][0xef][0xbf][0xbd]D[0xef][0xbf][0xbd][0xd2][0xad][0xef][0xbf][0xbd][0xef][0xbf][0xbd][0xef][0xbf][0xbd][0xef][0xbf][0xbd]j[0xef][0xbf][0xbd]w[0x0][0xef][0xbf][0xbd][0xef][0xbf][0xbd]j`[0xef][0xbf][0xbd][0xef][0xbf][0xbd][0xef][0xbf][0xbd][0xef][0xbf][0xbd]Hn[0xef][0xbf][0xbd][0x1d][0xd5][0x89]K[0x8]z[0xf][0x10][0xef][0xbf][0xbd][0x1b][0xef][0xbf][0xbd][0xd5][0xbd][0xef][0xbf][0xbd]'[0xe]9$[0xef][0xbf][0xbd][0xef][0xbf][0xbd]'sC [0xef][0xbf][0xbd])bhc[0xef][0xbf][0xbd][0xef][0xbf][0xbd][0xef][0xbf][0xbd]`[0xef][0xbf][0xbd]=[0xef][0xbf][0xbd][0xef][0xbf][0xbd][0x10][0xef][0xbf][0xbd]H[0xef][0xbf][0xbd][0xef][0xbf][0xbd][0xef][0xbf][0xbd]S[0xef][0xbf][0xbd]-=[0xef][0xbf][0xbd],@[0x1a][0x4][0xef][0xbf][0xbd][0xcd][0x98][0xef][0xbf][0xbd]j+[0xef][0xbf][0xbd][0xef][0xbf][0xbd] [0x5][0xef][0xbf][0xbd][0xef][0xbf][0xbd][0xef][0xbf][0xbd][0xef][0xbf][0xbd][0xef][0xbf][0xbd]|.[0xef][0xbf][0xbd][0xef][0xbf][0xbd][0x17][0x8][0xef][0xbf][0xbd][0xef][0xbf][0xbd]?[0xef][0xbf][0xbd]aj[0xef][0xbf][0xbd][0xef][0xbf][0xbd][0xef][0xbf][0xbd]pQ[0xef][0xbf][0xbd][0xf][0xef][0xbf][0xbd][0xef][0xbf][0xbd]H80j[0xef][0xbf][0xbd]wk)![0x1d]p[0xef][0xbf][0xbd]:[0x1f][0xef][0xbf][0xbd][0xef][0xbf][0xbd]9[0xef][0xbf][0xbd]w[0x1e][0xef][0xbf][0xbd]a[0xef][0xbf][0xbd][0xef][0xbf][0xbd][0x1b][0x12]T+[0xef][0xbf][0xbd][0xef][0xbf][0xbd][0xef][0xbf][0xbd][0xef][0xbf][0xbd][0xef][0xbf][0xbd][0xef][0xbf][0xbd]}j[0xef][0xbf][0xbd][0xef][0xbf][0xbd][0xdc][0xb1][0xef][0xbf][0xbd][0xef][0xbf][0xbd]@@[0xef][0xbf][0xbd].[0xef][0xbf][0xbd]0[0xef][0xbf][0xbd][0xef][0xbf][0xbd][0xef][0xbf][0xbd][0x17][0xef][0xbf][0xbd]?[0xef][0xbf][0xbd]<@[0xef][0xbf][0xbd]7[0x14][0x1e] =$j[0x16][0xef][0xbf][0xbd][1[0xdf][0x91][0xef][0xbf][0xbd][0xef][0xbf][0xbd]7[0xef][0xbf][0xbd]n[0xef][0xbf][0xbd][0xef][0xbf][0xbd][0xef][0xbf][0xbd][0xef][0xbf][0xbd]R<]o[0xef][0xbf][0xbd][0xef][0xbf][0xbd]o[0xef][0xbf][0xbd][0xef][0xbf][0xbd][0x1b][0xef][0xbf][0xbd][0xef][0xbf][0xbd][0xef][0xbf][0xbd]d @[0xef][0xbf][0xbd]e!SWL[0xd3][0x9c][0xef][0xbf][0xbd]H[0xef][0xbf][0xbd]k[0xef][0xbf][0xbd]d[0xef][0xbf][0xbd]x[0xef][0xbf][0xbd][0x19][\r][0xef][0xbf][0xbd][0xef][0xbf][0xbd][0xef][0xbf][0xbd][0xef][0xbf][0xbd][0x1c][0xef][0xbf][0xbd][0xef][0xbf][0xbd]`[0xef][0xbf][0xbd][0xef][0xbf][0xbd][0xef][0xbf][0xbd]<[0x10]x{S:?[0xef][0xbf][0xbd]([0x0]d[0xef][0xbf][0xbd][0xef][0xbf][0xbd][\n]"
07:56:29.969 [main] DEBUG org.apache.http.wire -  >> "[0x1b]<[0xef][0xbf][0xbd][0xef][0xbf][0xbd][0xef][0xbf][0xbd]Q[0xef][0xbf][0xbd][0xef][0xbf][0xbd][0xef][0xbf][0xbd][0x11]d([0xef][0xbf][0xbd][0xef][0xbf][0xbd][0x1e][0xef][0xbf][0xbd]^Z[0xef][0xbf][0xbd][0xef][0xbf][0xbd][0xef][0xbf][0xbd][0x10][0xef][0xbf][0xbd][0x1d][0xef][0xbf][0xbd][0xef][0xbf][0xbd]NA[0xef][0xbf][0xbd][0xef][0xbf][0xbd][0xef][0xbf][0xbd][0x7]?[0xef][0xbf][0xbd][0xef][0xbf][0xbd][0xef][0xbf][0xbd][0x9]H[0xef][0xbf][0xbd][0xe5][0x88][0xaf]0Y![0xef][0xbf][0xbd][0xef][0xbf][0xbd][0xef][0xbf][0xbd][0xef][0xbf][0xbd][0xc5][0xa6][0xf][0xef][0xbf][0xbd][0xef][0xbf][0xbd]k[0xef][0xbf][0xbd][0xcd][0x9d]@[0x0][0xef][0xbf][0xbd][0x1c][\n]"
07:56:29.969 [main] DEBUG org.apache.http.wire -  >> "[0xef][0xbf][0xbd]K[0xef][0xbf][0xbd]5&v[0xef][0xbf][0xbd]:}[0xef][0xbf][0xbd]7i$[0xef][0xbf][0xbd][0x1a][0xef][0xbf][0xbd]o[0x1f]!u[0x15][0x6][0xc][0xef][0xbf][0xbd][0xef][0xbf][0xbd]7[0xef][0xbf][0xbd]Q[0xef][0xbf][0xbd][0x1c][0xef][0xbf][0xbd][0xef][0xbf][0xbd][0xef][0xbf][0xbd][0x3][0x10][0x3][0xef][0xbf][0xbd]J[0xd9][0x9f]m[0xef][0xbf][0xbd]`[0xef][0xbf][0xbd][0x1d][0xef][0xbf][0xbd](w[0xef][0xbf][0xbd]9[0xef][0xbf][0xbd][0x1a][0x6][0xef][0xbf][0xbd]}][0xef][0xbf][0xbd]9[0xef][0xbf][0xbd]x6[0xef][0xbf][0xbd][0xef][0xbf][0xbd]X[0xef][0xbf][0xbd][0xef][0xbf][0xbd][0xef][0xbf][0xbd]&[0xef][0xbf][0xbd]N[0xef][0xbf][0xbd][0xef][0xbf][0xbd][0xef][0xbf][0xbd][0xef][0xbf][0xbd][0xef][0xbf][0xbd][0xef][0xbf][0xbd]|[0xef][0xbf][0xbd][0xef][0xbf][0xbd]y[0xef][0xbf][0xbd]']3[0x1]/Fq[0xef][0xbf][0xbd][0xef][0xbf][0xbd]@[0xef][0xbf][0xbd]3(~S$#{[0xef][0xbf][0xbd][0xef][0xbf][0xbd]MF[0xe7][0x81][0x92][0xef][0xbf][0xbd][0xca][0x84][0x18][0xef][0xbf][0xbd]'[[0xef][0xbf][0xbd]+[0xef][0xbf][0xbd][0xef][0xbf][0xbd][0xef][0xbf][0xbd]UH[0xef][0xbf][0xbd];[0xef][0xbf][0xbd][0x15]H>[0xef][0xbf][0xbd]@[0xd2][0x95]m[0xef][0xbf][0xbd][0xef][0xbf][0xbd][0xef][0xbf][0xbd][0xef][0xbf][0xbd]C.A[0x19][0xef][0xbf][0xbd]j[0xef][0xbf][0xbd]#[0xef][0xbf][0xbd][0xef][0xbf][0xbd]V^ [0xef][0xbf][0xbd]|[0x7][0xd0][0x9b]^[0xef][0xbf][0xbd] [0xef][0xbf][0xbd]S[0xef][0xbf][0xbd]Qk[0xef][0xbf][0xbd]N`[0xef][0xbf][0xbd]n[0xd7][0x8b][0xef][0xbf][0xbd].[0x7];[0x0]e[0x1f][0x1e][0xef][0xbf][0xbd]^K[0xef][0xbf][0xbd][0xef][0xbf][0xbd][0xef][0xbf][0xbd][0x14][0xef][0xbf][0xbd][0x12][0xef][0xbf][0xbd][0xef][0xbf][0xbd][0xef][0xbf][0xbd]V$[0xcd][0x86].e[0xef][0xbf][0xbd]/[0xef][0xbf][0xbd][0xef][0xbf][0xbd]h[0xef][0xbf][0xbd]$$[0xef][0xbf][0xbd]_}[[0xef][0xbf][0xbd][0xef][0xbf][0xbd]-[0xef][0xbf][0xbd][0xef][0xbf][0xbd]6[0xef][0xbf][0xbd]|[0xef][0xbf][0xbd][0xef][0xbf][0xbd]([0xef][0xbf][0xbd]E4|[0xef][0xbf][0xbd]q[0xef][0xbf][0xbd]F.[0xef][0xbf][0xbd]6E[0xef][0xbf][0xbd][0xef][0xbf][0xbd]{PI#[0x1d]%k[0xef][0xbf][0xbd][0x1f][0xef][0xbf][0xbd]b[0xef][0xbf][0xbd][0x0]Z6[0xef][0xbf][0xbd][0x1d]u[0xef][0xbf][0xbd][0xef][0xbf][0xbd][0x1b][0xef][0xbf][0xbd][0xef][0xbf][0xbd])"[0x14][0x11].[0xef][0xbf][0xbd][0xef][0xbf][0xbd][0xef][0xbf][0xbd][0x16][0xef][0xbf][0xbd][0xef][0xbf][0xbd]Tm[0xef][0xbf][0xbd][0xef][0xbf][0xbd]#[0x1d][0x1c][0xef][0xbf][0xbd]il'AP[0xef][0xbf][0xbd]i[0xef][0xbf][0xbd]cS[0x4][0xef][0xbf][0xbd]X[0x9][0xef][0xbf][0xbd][0xef][0xbf][0xbd][0xef][0xbf][0xbd]i,[0xef][0xbf][0xbd][0xef][0xbf][0xbd]3[0x11]Mh[0xef][0xbf][0xbd]T[0xef][0xbf][0xbd][0xd9][0x9b]['E[0xef][0xbf][0xbd]_[0x0][0x1e][0xef][0xbf][0xbd][0x1f][0xef][0xbf][0xbd]1<[0xef][0xbf][0xbd][0x2][0xef][0xbf][0xbd])[0x17][0xef][0xbf][0xbd][0xef][0xbf][0xbd][0xef][0xbf][0xbd]f[0x4][0xef][0xbf][0xbd][0x13][0x8]qiJ[0xef][0xbf][0xbd][j[0xef][0xbf][0xbd]L7[0xef][0xbf][0xbd][0xef][0xbf][0xbd][0xef][0xbf][0xbd]s[0xd1][0xac]E[0xef][0xbf][0xbd][0xef][0xbf][0xbd][0xef][0xbf][0xbd][0xef][0xbf][0xbd]g[0xc4][0x91][0xef][0xbf][0xbd]b4[0xef][0xbf][0xbd][0xef][0xbf][0xbd]x[0xef][0xbf][0xbd]5[0xef][0xbf][0xbd][0xef][0xbf][0xbd]r[0xef][0xbf][0xbd][0xd6][0xb5][0xef][0xbf][0xbd][0xef][0xbf][0xbd]ZU[0xef][0xbf][0xbd][0xef][0xbf][0xbd][\r][0xef][0xbf][0xbd][0xef][0xbf][0xbd][0xef][0xbf][0xbd][0xef][0xbf][0xbd]HDH<1[0xef][0xbf][0xbd][0xc7][0xba]W[0xef][0xbf][0xbd]z[0x1e]B.dgOp[0xd3][0x83][0x1d]Oc[0xef][0xbf][0xbd]n[Jy[0xef][0xbf][0xbd][0xef][0xbf][0xbd]4,W[0xef][0xbf][0xbd][0xef][0xbf][0xbd][0xef][0xbf][0xbd][0xef][0xbf][0xbd]R[0x15][0xef][0xbf][0xbd]9Dn3[0xef][0xbf][0xbd][0xef][0xbf][0xbd][0xef][0xbf][0xbd][0xef][0xbf][0xbd]X~[0xef][0xbf][0xbd]3[0xef][0xbf][0xbd]U[0xef][0xbf][0xbd][0x1d]w[0xef][0xbf][0xbd]\[0x3]}[0xef][0xbf][0xbd]Q[0xef][0xbf][0xbd]5[0xef][0xbf][0xbd];[0xef][0xbf][0xbd][0xef][0xbf][0xbd]0y[0xef][0xbf][0xbd]o[0xef][0xbf][0xbd]l[0xc6][0x82]v(Y[0xef][0xbf][0xbd]p[0xb][0xef][0xbf][0xbd][0xef][0xbf][0xbd]1[0xef][0xbf][0xbd]L[0xc3][0x81][0xef][0xbf][0xbd][0x8][0xef][0xbf][0xbd]Z3[0x19]\x[0xef][0xbf][0xbd][0xef][0xbf][0xbd][0xef][0xbf][0xbd][0xef][0xbf][0xbd]E[0xef][0xbf][0xbd][0x12][0xef][0xbf][0xbd][0xef][0xbf][0xbd][0xf]u[0xef][0xbf][0xbd][0xef][0xbf][0xbd]k8[[0xef][0xbf][0xbd][0xe1][0x9b][0xb4]r[0xf][0xef][0xbf][0xbd][0xef][0xbf][0xbd]g[0xef][0xbf][0xbd][0xd3][0x93]9[0xef][0xbf][0xbd][0xef][0xbf][0xbd][0xef][0xbf][0xbd]b[0x1a][0xef][0xbf][0xbd][0x1a]d[0xef][0xbf][0xbd]X[0xef][0xbf][0xbd]L[0xef][0xbf][0xbd][0x1]Wb[0xf][0xef][0xbf][0xbd]7o[0xef][0xbf][0xbd][0xd6][0xb0]T[0xef][0xbf][0xbd][0x1][0xef][0xbf][0xbd]R[0xef][0xbf][0xbd] E[0xef][0xbf][0xbd]b}[0xef][0xbf][0xbd][0x1b][0xef][0xbf][0xbd][0xef][0xbf][0xbd][0x14]d[0x9][0xef][0xbf][0xbd][0xef][0xbf][0xbd]k[0xef][0xbf][0xbd][0xef][0xbf][0xbd]=[0xef][0xbf][0xbd][0xef][0xbf][0xbd];[0xef][0xbf][0xbd][0xef][0xbf][0xbd][0x15][0xef][0xbf][0xbd][0x17]e[0xef][0xbf][0xbd][0x0]SQP[0xef][0xbf][0xbd][0xef][0xbf][0xbd]P[0xef][0xbf][0xbd]t[0x9]9[0xef][0xbf][0xbd][0xef][0xbf][0xbd][0xef][0xbf][0xbd][0xda][0xb4][0xef][0xbf][0xbd][0x1b][0x17][0xef][0xbf][0xbd]Ro[0xef][0xbf][0xbd]u[0xef][0xbf][0xbd][0xef][0xbf][0xbd]I[0x7]R[0xef][0xbf][0xbd][0xef][0xbf][0xbd]Ub[0xce][0x90][0xef][0xbf][0xbd][0x0][0xef][0xbf][0xbd][0x1d][0xef][0xbf][0xbd][0xef][0xbf][0xbd]&[0xef][0xbf][0xbd]JX[0xef][0xbf][0xbd][0xd0][0x8f][0xef][0xbf][0xbd][0xef][0xbf][0xbd][0xef][0xbf][0xbd][0xef][0xbf][0xbd][0xef][0xbf][0xbd][0x3];[0xcb][0xb9][0xef][0xbf][0xbd]3][0xef][0xbf][0xbd][0xef][0xbf][0xbd][0xef][0xbf][0xbd]X[0xef][0xbf][0xbd][0xcd][0x8d][0xef][0xbf][0xbd]v[0xef][0xbf][0xbd][0xef][0xbf][0xbd][0xef][0xbf][0xbd][0xef][0xbf][0xbd]^[0xef][0xbf][0xbd]m~][0xef][0xbf][0xbd]9[0xef][0xbf][0xbd][0xef][0xbf][0xbd][0xef][0xbf][0xbd]i[0xef][0xbf][0xbd][0xef][0xbf][0xbd]h[0x19][0x18][0xef][0xbf][0xbd][0xef][0xbf][0xbd][0xef][0xbf][0xbd][0xef][0xbf][0xbd][0x1b][0xef][0xbf][0xbd]l[0xef][0xbf][0xbd][0xef][0xbf][0xbd]^XY[0xef][0xbf][0xbd][0xef][0xbf][0xbd]#[0xef][0xbf][0xbd]r[0xef][0xbf][0xbd][0xef][0xbf][0xbd][0x1c][0x13][0xef][0xbf][0xbd][0xef][0xbf][0xbd][0xcb][0xb3][0x18]OD[0xef][0xbf][0xbd][0xef][0xbf][0xbd][0x7][0xef][0xbf][0xbd][0x15][0xef][0xbf][0xbd][0x9][0xef][0xbf][0xbd][0xef][0xbf][0xbd][0x10][0xef][0xbf][0xbd][0xef][0xbf][0xbd][0xef][0xbf][0xbd]M[0xef][0xbf][0xbd])8_q(O[|[0x6][0x1a][0xef][0xbf][0xbd][0xef][0xbf][0xbd][0xef][0xbf][0xbd]:>[0xef][0xbf][0xbd][0xef][0xbf][0xbd][0xef][0xbf][0xbd]N[0xe][0x9][0xef][0xbf][0xbd][0xef][0xbf][0xbd][0xdb][0xa0][0xef][0xbf][0xbd]@.[0xef][0xbf][0xbd][0xef][0xbf][0xbd][0x12][0xef][0xbf][0xbd]Q[0xef][0xbf][0xbd]?[0xcb][0x89][0x1e]g[0xef][0xbf][0xbd][0xef][0xbf][0xbd][0xe][0x1d]UI[0xef][0xbf][0xbd]p/[0xef][0xbf][0xbd]|[0xef][0xbf][0xbd][0xef][0xbf][0xbd][0xef][0xbf][0xbd]o[0x4][0xef][0xbf][0xbd]=[0xef][0xbf][0xbd][0x6]L[0xef][0xbf][0xbd][0xef][0xbf][0xbd][\n]"
07:56:29.969 [main] DEBUG org.apache.http.wire -  >> "[0xef][0xbf][0xbd][0xef][0xbf][0xbd]k[0xef][0xbf][0xbd]([0xef][0xbf][0xbd]:[0xef][0xbf][0xbd]^[0xef][0xbf][0xbd][0xef][0xbf][0xbd]_[0xef][0xbf][0xbd][0xef][0xbf][0xbd][0xef][0xbf][0xbd][0xef][0xbf][0xbd][0xc][0xef][0xbf][0xbd][0xef][0xbf][0xbd][0xca][0x81]0[0xef][0xbf][0xbd]&[0xef][0xbf][0xbd]+[0xef][0xbf][0xbd][0x1c][0xef][0xbf][0xbd]N[0xef][0xbf][0xbd][0xef][0xbf][0xbd]=[0xef][0xbf][0xbd][0x1a][0xef][0xbf][0xbd]Q|[0x19]*[0xef][0xbf][0xbd]k'[0x18][0x1b][0xef][0xbf][0xbd]CMF[0xef][0xbf][0xbd][0xef][0xbf][0xbd]XgyLG[0x10][0xef][0xbf][0xbd][0x8]@Y[0xef][0xbf][0xbd]~[0xef][0xbf][0xbd][0xef][0xbf][0xbd][0x1e]l[0xd9][0x8a][0xc9][0x8f]R[0xef][0xbf][0xbd][0xef][0xbf][0xbd]H[0xc2][0x8d][0xef][0xbf][0xbd][0xc3][0xb7][0xef][0xbf][0xbd]~[0xf][0xef][0xbf][0xbd]"T[0xef][0xbf][0xbd]w[0xeb][0x96][0xba][0xef][0xbf][0xbd][0xef][0xbf][0xbd][0x1d]n[0x10][0xef][0xbf][0xbd][0xef][0xbf][0xbd]Q[0xef][0xbf][0xbd][0xef][0xbf][0xbd]s[0xef][0xbf][0xbd][0xef][0xbf][0xbd][0xef][0xbf][0xbd][0xef][0xbf][0xbd]V[0xe8][0x9c][0xa1][0xef][0xbf][0xbd])[0xef][0xbf][0xbd][0xef][0xbf][0xbd]t[0xef][0xbf][0xbd][0xef][0xbf][0xbd]XZy[0xef][0xbf][0xbd][0xef][0xbf][0xbd]([0xef][0xbf][0xbd]`[0xc8][0x95][0xef][0xbf][0xbd]H[0xef][0xbf][0xbd]$t[0xef][0xbf][0xbd]w~ [0xef][0xbf][0xbd]iTj[0xc9][0x9e][0x1][0xef][0xbf][0xbd][0x13][0x5]!H[\n]"
07:56:29.970 [main] DEBUG org.apache.http.wire -  >> "[0xef][0xbf][0xbd][0xef][0xbf][0xbd]e[0xef][0xbf][0xbd]:H[0xef][0xbf][0xbd][0xef][0xbf][0xbd]`T[0xef][0xbf][0xbd][0xef][0xbf][0xbd]y*?u[0xef][0xbf][0xbd]np[0x1b]y[0x12] ([0xef][0xbf][0xbd]'m[0xef][0xbf][0xbd][0xef][0xbf][0xbd]>[0xef][0xbf][0xbd][0xef][0xbf][0xbd]3[0xef][0xbf][0xbd]i[0xef][0xbf][0xbd]"W[0x0][0xef][0xbf][0xbd]L[0xef][0xbf][0xbd]q[0xef][0xbf][0xbd]5u[0xef][0xbf][0xbd][0xef][0xbf][0xbd]?[0xef][0xbf][0xbd][0xef][0xbf][0xbd][0xef][0xbf][0xbd]_[0xcd][0x91][0xef][0xbf][0xbd][0xef][0xbf][0xbd]\{[0xef][0xbf][0xbd][0xef][0xbf][0xbd]C[0xef][0xbf][0xbd][0xef][0xbf][0xbd][0xef][0xbf][0xbd]p[0x15][0xef][0xbf][0xbd]l[0xef][0xbf][0xbd][0xef][0xbf][0xbd][0x14]I[0xef][0xbf][0xbd][0xef][0xbf][0xbd][0xef][0xbf][0xbd][0xef][0xbf][0xbd][0xef][0xbf][0xbd][0xef][0xbf][0xbd][0xdd][0x8c][0xef][0xbf][0xbd][0xef][0xbf][0xbd][0xcb][0xb2][0xef][0xbf][0xbd][0x1b][0xef][0xbf][0xbd][0xef][0x90][0x90][0xef][0xbf][0xbd][0xef][0xbf][0xbd]p2i[0xef][0xbf][0xbd][0x17][0xef][0xbf][0xbd]'[0xe][0xef][0xbf][0xbd][0xef][0xbf][0xbd]cc[0x5][0xef][0xbf][0xbd][0xef][0xbf][0xbd]r?[0xef][0xbf][0xbd][0xc9][0xbe][0xef][0xbf][0xbd][0xef][0xbf][0xbd][0xef][0xbf][0xbd][0xef][0xbf][0xbd]=$C [0xef][0xbf][0xbd][0xe][0xef][0xbf][0xbd][z&X([0xef][0xbf][0xbd][0xef][0xbf][0xbd][0xef][0xbf][0xbd][0xef][0xbf][0xbd]?[0xda][0x92][0xef][0xbf][0xbd]@[0xef][0xbf][0xbd][0xef][0xbf][0xbd][0x3]I[0x1c]&[0xef][0xbf][0xbd]_&~[0xef][0xbf][0xbd][0xef][0xbf][0xbd];[0xd3][0x9b][0xe]r)[0xef][0xbf][0xbd][0x14][0xef][0xbf][0xbd][0xef][0xbf][0xbd]+[0xef][0xbf][0xbd][0x18][0xef][0xbf][0xbd][0xd8][0xb5][0xef][0xbf][0xbd][0xef][0xbf][0xbd]+[0xef][0xbf][0xbd][0xef][0xbf][0xbd][0xef][0xbf][0xbd][0x18]Ts[0xef][0xbf][0xbd][0xef][0xbf][0xbd]vnnt[0xef][0xbf][0xbd][0x17]Il6X[0x0]4O[0xef][0xbf][0xbd][0xef][0xbf][0xbd][0xef][0xbf][0xbd]8[0xef][0xbf][0xbd][0xef][0xbf][0xbd][0x11][0xef][0xbf][0xbd][0xef][0xbf][0xbd]s[0xef][0xbf][0xbd][0xef][0xbf][0xbd]/[0x1b][0xef][0xbf][0xbd][0xef][0xbf][0xbd]"[0xef][0xbf][0xbd][0xef][0xbf][0xbd]*[0xef][0xbf][0xbd]C[0xef][0xbf][0xbd][0xef][0xbf][0xbd][0xef][0xbf][0xbd][0xef][0xbf][0xbd]zq[0xef][0xbf][0xbd]5[0xef][0xbf][0xbd][0xef][0xbf][0xbd][0xef][0xbf][0xbd]Y[0xef][0xbf][0xbd][0xef][0xbf][0xbd]{[0xef][0xbf][0xbd]A[0xf]\Y_[0xef][0xbf][0xbd][0xef][0xbf][0xbd][0xef][0xbf][0xbd]'[0xef][0xbf][0xbd][0x18]T[0xef][0xbf][0xbd]8[0xef][0xbf][0xbd][0xc][0xef][0xbf][0xbd][0x1e][0x15][0xef][0xbf][0xbd][0x14][0xef][0xbf][0xbd]c[0xef][0xbf][0xbd][0xef][0xbf][0xbd]G[0x1][0xef][0xbf][0xbd][0xef][0xbf][0xbd][0xef][0xbf][0xbd]>[\n]"
07:56:29.970 [main] DEBUG org.apache.http.wire -  >> "[0xef][0xbf][0xbd][0x14]9f[0xef][0xbf][0xbd][0xef][0xbf][0xbd][0xe8][0x9e][0x90]m=N[0xef][0xbf][0xbd]3[0xef][0xbf][0xbd][0x12][0xef][0xbf][0xbd][0xef][0xbf][0xbd][0xc5][0x9f][0x2][0x17]z[0xef][0xbf][0xbd]P[0x12][0xef][0xbf][0xbd][0x1d][0xef][0xbf][0xbd][0xef][0xbf][0xbd][0x2][0xef][0xbf][0xbd][0xef][0xbf][0xbd]zic[0xef][0xbf][0xbd]0j{4[0xef][0xbf][0xbd])[0xef][0xbf][0xbd][0xef][0xbf][0xbd][0xef][0xbf][0xbd][0xef][0xbf][0xbd][0xef][0xbf][0xbd][0xef][0xbf][0xbd][0xef][0xbf][0xbd]8[0xef][0xbf][0xbd][0xd3][0x87]r[0xef][0xbf][0xbd][0x8][0xef][0xbf][0xbd][0xef][0xbf][0xbd][0x5]}[0xe4][0x8d][0xba][0xef][0xbf][0xbd][0xef][0xbf][0xbd][0x11][0xef][0xbf][0xbd][0xef][0xbf][0xbd][\n]"
07:56:29.970 [main] DEBUG org.apache.http.wire -  >> "[0xef][0xbf][0xbd][0xef][0xbf][0xbd][0xef][0xbf][0xbd]TV![0xef][0xbf][0xbd][0xef][0xbf][0xbd][0xc]P%[0x5]][0xef][0xbf][0xbd][0xef][0xbf][0xbd][0xef][0xbf][0xbd][0xef][0xbf][0xbd]B[0xef][0xbf][0xbd][0xef][0xbf][0xbd][0xef][0xbf][0xbd][0x9][0xef][0xbf][0xbd][0xef][0xbf][0xbd][0xef][0xbf][0xbd]x0[0xef][0xbf][0xbd]`[0xef][0xbf][0xbd][0xef][0xbf][0xbd]"[0x17]>[0xef][0xbf][0xbd]j~[0xef][0xbf][0xbd][0xef][0xbf][0xbd][0xef][0xbf][0xbd][0xef][0xbf][0xbd]I[0x4][0xef][0xbf][0xbd]7[0xef][0xbf][0xbd][0xef][0xbf][0xbd]x8[0xe]z[0xef][0xbf][0xbd][0xef][0xbf][0xbd][0x8][0xef][0xbf][0xbd][0x1f][0x1a]T^'-[0xef][0xbf][0xbd]n[0xef][0xbf][0xbd][0xef][0xbf][0xbd][0x2][0xef][0xbf][0xbd][0xef][0xbf][0xbd]z[0xef][0xbf][0xbd][0x0][0xef][0xbf][0xbd][0x1e],M[0xef][0xbf][0xbd][0x1b][0xef][0xbf][0xbd][0xef][0xbf][0xbd][0xef][0xbf][0xbd][0xef][0xbf][0xbd][0xef][0xbf][0xbd][0xf]7[0xef][0xbf][0xbd][0xef][0xbf][0xbd]2G$[0xef][0xbf][0xbd]4[0xef][0xbf][0xbd][0x14]4[0xd4][0xa0][0xef][0xbf][0xbd][0xef][0xbf][0xbd][0xd9][0x9b]H[0xef][0xbf][0xbd]hB[0xef][0xbf][0xbd]]bz[0xef][0xbf][0xbd]s[0xef][0xbf][0xbd][0x15][0xef][0xbf][0xbd]kb[0x19]A[0xef][0xbf][0xbd][0xef][0xbf][0xbd]$[0xef][0xbf][0xbd][0x3]m[0xef][0xbf][0xbd]9Y[0xef][0xbf][0xbd]3[0xef][0xbf][0xbd]3[0xcd][0xa6][0xef][0xbf][0xbd][0xef][0xbf][0xbd]l[0xef][0xbf][0xbd][\r][0xef][0xbf][0xbd][0xef][0xbf][0xbd][0xef][0xbf][0xbd][0xef][0xbf][0xbd][0xef][0xbf][0xbd][0xef][0xbf][0xbd][0xef][0xbf][0xbd][0xef][0xbf][0xbd][0xef][0xbf][0xbd]M[0xef][0xbf][0xbd][0xef][0xbf][0xbd][0xc][0xef][0xbf][0xbd][0xef][0xbf][0xbd][0xdb][0x8d][0xef][0xbf][0xbd][0xef][0xbf][0xbd]iO.[0xef][0xbf][0xbd]O[0x12][0xef][0xbf][0xbd][0xef][0xbf][0xbd][0xd8][0x81][0xef][0xbf][0xbd]>[0xef][0xbf][0xbd][0xef][0xbf][0xbd]=[0xef][0xbf][0xbd]:_ZW[0xcb][0xa5][0xef][0xbf][0xbd][0xef][0xbf][0xbd][0xef][0xbf][0xbd]H/[0xef][0xbf][0xbd];d[\n]"
07:56:29.970 [main] DEBUG org.apache.http.wire -  >> "~|[0xef][0xbf][0xbd]?y[0xef][0xbf][0xbd][0x0]7[\n]"
07:56:29.970 [main] DEBUG org.apache.http.wire -  >> "endstream[\n]"
07:56:29.970 [main] DEBUG org.apache.http.wire -  >> "endobj[\n]"
07:56:29.970 [main] DEBUG org.apache.http.wire -  >> "7 0 obj[\n]"
07:56:29.970 [main] DEBUG org.apache.http.wire -  >> "<</Filter /FlateDecode[\n]"
07:56:29.970 [main] DEBUG org.apache.http.wire -  >> "/Length 4623>> stream[\n]"
07:56:29.971 [main] DEBUG org.apache.http.wire -  >> "x[0xef][0xbf][0xbd][0xef][0xbf][0xbd]][0xef][0xbf][0xbd]n$[0xef][0xbf][0xbd][0x11][0xef][0xbf][0xbd][0xef][0xbf][0xbd]+[0xef][0xbf][0xbd]h[0x1f]&[0xef][0xbf][0xbd][0xef][0xbf][0xbd][0x2][0x8][0x2][0xef][0xbf][0xbd][0xef][0xbf][0xbd]P'[0x1f]l[0xef][0xbf][0xbd][0xf][0x8][0xef][0xbf][0xbd]$[0xd8][0x90][0xc][[0xef][0xbf][0xbd][0x1][0xef][0xbf][0xbd]#[0xef][0xbf][0xbd][0xda][0xba][0xef][0xbf][0xbd][0xef][0xbf][0xbd]UU[0xef][0xbf][0xbd][0x0]IZ[0xef][0xbf][0xbd][0x14]gTY[0xef][0xbf][0xbd][0x19][0xef][0xbf][0xbd][0xef][0xbf][0xbd][0xef][0xbf][0xbd][0xef][0xbf][0xbd][0xef][0xbf][0xbd]"[0xef][0xbf][0xbd][0xef][0xbf][0xbd][0xf][0xef][0xbf][0xbd]~[0xef][0xbf][0xbd]V_[0xef][0xbf][0xbd][0xef][0xbf][0xbd][0xef][0xbf][0xbd][0xef][0xbf][0xbd][0xef][0xbf][0xbd]O"[0xef][0xbf][0xbd][0xef][0xbf][0xbd][0xef][0xbf][0xbd][0xef][0xbf][0xbd][0xef][0xbf][0xbd]~[0xef][0xbf][0xbd].[0xef][0xbf][0xbd][0xef][0xbf][0xbd]|}[0xef][0xbf][0xbd][0xef][0xbf][0xbd][0xef][0xbf][0xbd][0xef][0xbf][0xbd][0xef][0xbf][0xbd][0xef][0xbf][0xbd][0x17]_[0xef][0xbf][0xbd][0xef][0xbf][0xbd][0xf][0xef][0xbf][0xbd]y[0xca][0xbf][0x1f][0xef][0xbf][0xbd][0xef][0xbf][0xbd]([0xef][0xbf][0xbd][0xef][0xbf][0xbd][0xef][0xbf][0xbd][0xef][0xbf][0xbd][0xef][0x9e][0xbe][0xef][0xbf][0xbd][0xef][0xbf][0xbd][0xef][0xbf][0xbd][0x9]A[0xef][0xbf][0xbd][0xef][0xbf][0xbd][0x19]"[0xef][0xbf][0xbd][0xef][0xbf][0xbd]/[0xef][0xbf][0xbd][0xd7][0xa0]]~[0xef][0xbf][0xbd][0xef][0xbf][0xbd][0xf][0xef][0xbf][0xbd][0xef][0xbf][0xbd][0xef][0xbf][0xbd]R[0xb]O[0xef][0xbf][0xbd][0xef][0xbf][0xbd][0xef][0xbf][0xbd]w[0xef][0xbf][0xbd][0x1f][0xef][0xbf][0xbd]p^[0x7]kw.#\42[0xe8][0x84][0xad][0xef][0xbf][0xbd][0xef][0xbf][0xbd][0x13]J;[0xef][0xbf][0xbd][0xef][0xbf][0xbd][0xef][0xbf][0xbd][0xef][0xbf][0xbd]>[0x8][0xe5][0x83][0x8a][0xef][0xbf][0xbd][0xef][0xbf][0xbd]0Y[0xd1][0xae][0xef][0xbf][0xbd]h[0xef][0xbf][0xbd][0xef][0xbf][0xbd]1J[0xef][0xbf][0xbd][0xef][0xbf][0xbd]n[0xef][0xbf][0xbd]*[0x17]#[0xef][0xbf][0xbd]2[0xef][0xbf][0xbd]Cg[0xef][0xbf][0xbd]v2[0xef][0xbf][0xbd][0xef][0xbf][0xbd][0xef][0xbf][0xbd][0xef][0xbf][0xbd]A[0x18]c[\r]m[0x10]=R[0xef][0xbf][0xbd]DT[0xef][0xbf][0xbd][0xc6][0xbd][0xef][0xbf][0xbd][0xef][0xbf][0xbd]6[0xef][0xbf][0xbd][0x14][0xef][0xbf][0xbd][0xef][0xbf][0xbd][0xef][0xbf][0xbd]SK%L[0xef][0xbf][0xbd]z[0xef][0xbf][0xbd][0xef][0xbf][0xbd][0xef][0xbf][0xbd]T$q[0xef][0xbf][0xbd][0xef][0xbf][0xbd][0xef][0xbf][0xbd][0xef][0xbf][0xbd][0xef][0xbf][0xbd][\n]"
07:56:29.971 [main] DEBUG org.apache.http.wire -  >> ""[0xef][0xbf][0xbd][0xef][0xbf][0xbd][0xef][0xbf][0xbd][0xef][0xbf][0xbd][0xef][0xbf][0xbd][0xc9][0xa8][0xef][0xbf][0xbd][0xef][0xbf][0xbd]V[0x5]p=c[0xef][0xbf][0xbd][0x1b][0xef][0xbf][0xbd][0xef][0xbf][0xbd][0xef][0xbf][0xbd]yoI%[0xef][0xbf][0xbd][0x1][0xef][0xbf][0xbd]sJHo[0xef][0xbf][0xbd][0xef][0xbf][0xbd]}[0xef][0xbf][0xbd]2:[0x1f][0xef][0xbf][0xbd][0xef][0xbf][0xbd][0xef][0xbf][0xbd][0xef][0xbf][0xbd]E[0xef][0xbf][0xbd]C[0xef][0xbf][0xbd]'[0xef][0xbf][0xbd][[0x1b]R0[0xef][0xbf][0xbd]E[0xb]n/%[0xef][0xbf][0xbd]b[0xda][0xaf][0xef][0xbf][0xbd][0xef][0xbf][0xbd][0xef][0xbf][0xbd]H[0x7][\n]"
07:56:29.971 [main] DEBUG org.apache.http.wire -  >> "*[0xef][0xbf][0xbd]1[0xef][0xbf][0xbd][0xef][0xbf][0xbd][0xef][0xbf][0xbd][0xef][0xbf][0xbd][0xef][0xbf][0xbd][0xef][0xbf][0xbd][0x1e][0xef][0xbf][0xbd]eD/[0xef][0xbf][0xbd][0xef][0xbf][0xbd] [0xef][0xbf][0xbd][0xef][0xbf][0xbd]i[0xef][0xbf][0xbd]r[0x1f][0xef][0xbf][0xbd][0xef][0xbf][0xbd]R:-A]0[0xde][0x88][0x18][0xef][0xbf][0xbd][0xef][0xbf][0xbd][\r]e[0xef][0xbf][0xbd][0xef][0xbf][0xbd][0xef][0xbf][0xbd][0xef][0xbf][0xbd][0xef][0xbf][0xbd]g[0xef][0xbf][0xbd][0x14][0xef][0xbf][0xbd]Jk[0xef][0xbf][0xbd][0xef][0xbf][0xbd]z[0xc][0xef][0xbf][0xbd][0xef][0xbf][0xbd][0xc5][0x83][0xef][0xbf][0xbd] [0xef][0xbf][0xbd]4j[0xef][0xbf][0xbd][0xef][0xbf][0xbd]HR"
07:56:29.971 [main] DEBUG org.apache.http.wire -  >> "t_[0xd7][0x81]V[0xef][0xbf][0xbd][0xca][0x90][0xef][0xbf][0xbd]si/[0xef][0xbf][0xbd][0x9][0x17]b[0xef][0xbf][0xbd][0xef][0xbf][0xbd]f[0xef][0xbf][0xbd]r$[0xef][0xbf][0xbd]J7[0xef][0xbf][0xbd][0xef][0xbf][0xbd][0xef][0xbf][0xbd][0xef][0xbf][0xbd][0x5]e[0x1c][0xef][0xbf][0xbd][0x11][0xef][0xbf][0xbd][0x7][0xef][0xbf][0xbd][0xef][0xbf][0xbd]I[0xef][0xbf][0xbd][0xef][0xbf][0xbd]`f[0xef][0xbf][0xbd][0xef][0xbf][0xbd][0xef][0xbf][0xbd][0x16]].e[0xef][0xbf][0xbd]g[0xef][0xbf][0xbd]~03&[0xef][0xbf][0xbd][0xdd][0x81][0xef][0xbf][0xbd][0xef][0xbf][0xbd]d6}[0xef][0xbf][0xbd][0xef][0xbf][0xbd][0x6]3B[\n]"
07:56:29.971 [main] DEBUG org.apache.http.wire -  >> "g[0x14]z{N{2}[0xef][0xbf][0xbd][0xef][0xbf][0xbd]U[0xef][0xbf][0xbd]l[0xef][0xbf][0xbd][0x1c]Q%[0xef][0xbf][0xbd][0xef][0xbf][0xbd]g[0xef][0xbf][0xbd]H[0xef][0xbf][0xbd][0xef][0xbf][0xbd]s[0xef][0xbf][0xbd][0xef][0xbf][0xbd][0xb][0xef][0xbf][0xbd]P[0x9][0x10]=][0xc8][0xa6][0xef][0xbf][0xbd][0xef][0xbf][0xbd][0xef][0xbf][0xbd][0xef][0xbf][0xbd][0xef][0xbf][0xbd]}U?l9/=[0xef][0xbf][0xbd][0xef][0xbf][0xbd]`[0xef][0xbf][0xbd][0x12][0xef][0xbf][0xbd]l[0xef][0xbf][0xbd]R[0xef][0xbf][0xbd][0xef][0xbf][0xbd]9[0xef][0xbf][0xbd]8[0xef][0xbf][0xbd][0xef][0xbf][0xbd][0x8][0xef][0xbf][0xbd]?[0xef][0xbf][0xbd][0x17][0xef][0xbf][0xbd][0xef][0xbf][0xbd][0xef][0xbf][0xbd][0x19]M[0xef][0xbf][0xbd][0x7][0xef][0xbf][0xbd][0xef][0xbf][0xbd]7d[0xef][0xbf][0xbd][0xef][0xbf][0xbd][0xef][0xbf][0xbd]Gl_ 0[0xd4][0xa0]2x[0xef][0xbf][0xbd][0xef][0xbf][0xbd];g[0xef][0xbf][0xbd][0xef][0xbf][0xbd]'[0xef][0xbf][0xbd].[0xef][0xbf][0xbd][0x7][\n]"
07:56:29.971 [main] DEBUG org.apache.http.wire -  >> "[0xef][0xbf][0xbd][0xef][0xbf][0xbd][0xef][0xbf][0xbd][0xef][0xbf][0xbd]E}[0xef][0xbf][0xbd][0xef][0xbf][0xbd][0x11][0xef][0xbf][0xbd]!&[0xef][0xbf][0xbd][0xef][0xbf][0xbd]G0$[0xef][0xbf][0xbd][0xef][0xbf][0xbd][0xef][0xbf][0xbd][0xef][0xbf][0xbd]PVY[0xef][0xbf][0xbd][\n]"
07:56:29.972 [main] DEBUG org.apache.http.wire -  >> " [0xef][0xbf][0xbd][0xf][0xc6][0x91][0xef][0xbf][0xbd][0xef][0xbf][0xbd]O[0xef][0xbf][0xbd]I[0xef][0xbf][0xbd]I[0xef][0xbf][0xbd][0xef][0xbf][0xbd]4[0xef][0xbf][0xbd]\[0xef][0xbf][0xbd]h[0xb]Y/o[0xef][0xbf][0xbd]bY[0xef][0xbf][0xbd]}[0xef][0xbf][0xbd]v[0xef][0xbf][0xbd]_ [0x15]<[0xef][0xbf][0xbd]Y:g[0xef][0xbf][0xbd]qD[0xef][0xbf][0xbd]/*[0x9][0xef][0xbf][0xbd][0xef][0xbf][0xbd][0xd4][0xbd][0xef][0xbf][0xbd][0xef][0xbf][0xbd]I[0xef][0xbf][0xbd]%%[0xef][0xbf][0xbd][0x15]r[0xef][0xbf][0xbd]j[0xef][0xbf][0xbd][0x1d]LI,[0xcb][0x8b][0xef][0xbf][0xbd]@[0xef][0xbf][0xbd][0x1d][0xef][0xbf][0xbd].iw![0x8]o#[0xef][0xbf][0xbd][0xf][0xef][0xbf][0xbd][0xef][0xbf][0xbd]Q[0xe7][0x92][0x96]#[0xef][0xbf][0xbd]M[0xef][0xbf][0xbd][0xef][0xbf][0xbd]![0xef][0xbf][0xbd][0x1d]t-[0xe5][0x85][0xa8][0xef][0xbf][0xbd][0xef][0xbf][0xbd]YP[0xc][0xef][0xbf][0xbd][0xef][0xbf][0xbd]Q[0xd7][0x92]6G[0x4]9h[0xf][0xef][0xbf][0xbd][0xef][0xbf][0xbd]Q[0xef][0xbf][0xbd]2[0xef][0xbf][0xbd]\[0x14][0x16]<[0xca][0xa3]ne[0xef][0xbf][0xbd]9M[0xef][0xbf][0xbd][0x1c][0xef][0xbf][0xbd][0xef][0xbf][0xbd][0xef][0xbf][0xbd]^e[0xef][0xbf][0xbd][0xef][0xbf][0xbd]B[0x1e][0x10]-8[0xef][0xbf][0xbd]Tf[0xef][0xbf][0xbd][0xef][0xbf][0xbd]"[0xef][0xbf][0xbd]IBbr[0xcc][0xa7][0xef][0xbf][0xbd]t[0x17][0xef][0xbf][0xbd][0xef][0xbf][0xbd]Q[0xef][0xbf][0xbd][0x16];[0xef][0xbf][0xbd]Qf)[0xef][0xbf][0xbd]t[0xef][0xbf][0xbd][0x1c][0xef][0xbf][0xbd][0xef][0xbf][0xbd]A[0xef][0xbf][0xbd]2c[0xef][0xbf][0xbd][0x15]I'B~`[0xef][0xbf][0xbd][0xef][0xbf][0xbd][0xef][0xbf][0xbd]d[0xef][0xbf][0xbd]6C[0xef][0xbf][0xbd][0x1]<[0xc9][0x83][0xef][0xbf][0xbd]d[0xef][0xbf][0xbd]7C[0xef][0xbf][0xbd][0x14][0xef][0xbf][0xbd][0xef][0xbf][0xbd]AW[0xef][0xbf][0xbd]V[0xef][0xbf][0xbd][0x4]~[0xef][0xbf][0xbd][0xef][0xbf][0xbd][0x1f]u"[0xef][0xbf][0xbd]9F[0xef][0xbf][0xbd][0xef][0xbf][0xbd][0x1c][0xef][0xbf][0xbd]!%y[0xef][0xbf][0xbd]Fx[0xef][0xbf][0xbd][0xef][0xbf][0xbd]s<[0xef][0xbf][0xbd]A[0xef][0xbf][0xbd]9%T[0xef][0xbf][0xbd]QC[0xef][0xbf][0xbd][0xd4][0x81][0xef][0xbf][0xbd]([0xef][0xbf][0xbd][0xef][0xbf][0xbd]4[0xef][0xbf][0xbd][0x3][0xef][0xbf][0xbd][0x1d]u[0x1f][0xef][0xbf][0xbd][0xef][0xbf][0xbd]L[0xd2][0x91][0xef][0xbf][0xbd][0xe]z[0xef][0xbf][0xbd]y5[0xc2][0xad][0xef][0xbf][0xbd][0x6][0xef][0xbf][0xbd][0xef][0xbf][0xbd]A[0xdf][0x91]P28A@[0x12]#[0xef][0xbf][0xbd][0xef][0xbf][0xbd]A[0xcf][0x91][0xef][0xbf][0xbd][0xef][0xbf][0xbd][0x12][0xef][0xbf][0xbd][0x7][0xef][0xbf][0xbd][0xef][0xbf][0xbd][0xe3][0x98][0xa5][0xef][0xbf][0xbd][0xef][0xbf][0xbd]H[\n]"
07:56:29.972 [main] DEBUG org.apache.http.wire -  >> "[0xef][0xbf][0xbd][0xef][0xbf][0xbd][0xef][0xbf][0xbd]ncf%[0xe][0xef][0xbf][0xbd][0xef][0xbf][0xbd][0xef][0xbf][0xbd]^c[0xef][0xbf][0xbd][0x0]2[0xef][0xbf][0xbd][0xef][0xbf][0xbd][0xef][0xbf][0xbd][0xef][0xbf][0xbd][0xef][0xbf][0xbd]>c&[0xef][0xbf][0xbd]Rdu[0xef][0xbf][0xbd][0xef][0xbf][0xbd][0xef][0xbf][0xbd][0xcb][0x98]3ZR[0xef][0xbf][0xbd][0xef][0xbf][0xbd]A[0xef][0xbf][0xbd]v[0xef][0xbf][0xbd]a[0xef][0xbf][0xbd]')[0xef][0xbf][0xbd]<[0xef][0xbf][0xbd].f[0xef][0xbf][0xbd]N"[0xef][0xbf][0xbd][0x12][0x11][0xef][0xbf][0xbd]>[0xef][0xbf][0xbd],[0xef][0xbf][0xbd][0xb][0xef][0xbf][0xbd]'`[0xef][0xbf][0xbd]jc[0xef][0xbf][0xbd]r[0xef][0xbf][0xbd]B[0xef][0xbf][0xbd]LN[0xe][0xef][0xbf][0xbd]_[0xef][0xbf][0xbd][0xef][0xbf][0xbd][0xef][0xbf][0xbd]W?[0x1c][0xef][0xbf][0xbd][0xef][0xbf][0xbd][0xef][0xbf][0xbd][0xef][0xbf][0xbd][0xef][0xbf][0xbd]7:4[0xef][0xbf][0xbd][0xef][0xbf][0xbd][0xef][0xbf][0xbd][0xef][0xbf][0xbd][0xef][0xbf][0xbd][0xc]IRr[0x19]S&[0xef][0xbf][0xbd][0xef][0xbf][0xbd][0xef][0xbf][0xbd][0xef][0xbf][0xbd][0xef][0xbf][0xbd][0xef][0xbf][0xbd][0xef][0xbf][0xbd][0x6]o>[0xef][0xbf][0xbd][0xef][0xbf][0xbd][0xef][0xbf][0xbd]%[0xef][0xbf][0xbd][0xef][0xbf][0xbd] [0xc9][0x8b][0xef][0xbf][0xbd][0xef][0xbf][0xbd][0xef][0xbf][0xbd][0xef][0xbf][0xbd]U[0xef][0xbf][0xbd]W[0xef][0xbf][0xbd][0xc5][0xbe]|u[0xef][0xbf][0xbd][0xef][0xbf][0xbd][0xef][0xbf][0xbd][0xef][0xbf][0xbd]O[0xef][0xbf][0xbd][0xef][0xbf][0xbd]<[0xd6][0x85][0xef][0xbf][0xbd][0xef][0xbf][0xbd][0xef][0xbf][0xbd]O[0xef][0xbf][0xbd][0xef][0xbf][0xbd][0xef][0xbf][0xbd][0xef][0xbf][0xbd].[0xef][0xbf][0xbd]?[0xef][0xbf][0xbd][0x18]F[0xef][0xbf][0xbd][0xef][0xbf][0xbd][0xef][0xbf][0xbd]\}[0xef][0xbf][0xbd][0xef][0xbf][0xbd]<[0xef][0xbf][0xbd]$[0xef][0xbf][0xbd][0xe][0xef][0xbf][0xbd][0xef][0xbf][0xbd]][.[0xd6][0x97]w[0xef][0xbf][0xbd]}[0xef][0xbf][0xbd][0xef][0xbf][0xbd][0xef][0xbf][0xbd]*Bk[[0x17]X_W[0xef][0xbf][0xbd]Ci[0xef][0xbf][0xbd][\r]mk[0xef][0xbf][0xbd][0xef][0xbf][0xbd]=[0xe7][0x9f][0xad][0xef][0xbf][0xbd][0xef][0xbf][0xbd]u[0x10][0xef][0xbf][0xbd]`:[0xef][0xbf][0xbd][0xef][0xbf][0xbd][0xef][0xbf][0xbd]X[0xef][0xbf][0xbd]<[0xef][0xbf][0xbd]\[0xef][0xbf][0xbd]X[0xef][0xbf][0xbd][0xef][0xbf][0xbd]j}=[0xef][0xbf][0xbd][0xef][0xbf][0xbd][0xef][0xbf][0xbd]?[0xef][0xbf][0xbd]L[0xef][0xbf][0xbd][0xef][0xbf][0xbd]ipo[0xef][0xbf][0xbd]Z[0x1e][0x13]D[0xef][0xbf][0xbd][0xef][0xbf][0xbd]N[0xe][0xdf][0x95][0xef][0xbf][0xbd][0xef][0xbf][0xbd][0xef][0xbf][0xbd][0xef][0xbf][0xbd][0xef][0xbf][0xbd][0xef][0xbf][0xbd][0x18]C[0xef][0xbf][0xbd]kQ[0xef][0xbf][0xbd]u[0xef][0xbf][0xbd][0xef][0xbf][0xbd]&k[0xd0][0x82][0xef][0xbf][0xbd][0xef][0xbf][0xbd]z[0x1f][0xef][0xbf][0xbd]7[\r]}}[0xef][0xbf][0xbd][0xef][0xbf][0xbd]/c}][0xef][0xbf][0xbd][0xef][0xbf][0xbd][0xef][0xbf][0xbd]=[0xef][0xbf][0xbd]`e}{Mv[0xef][0xbf][0xbd],1[0xef][0xbf][0xbd][0xef][0xbf][0xbd]&g"[0x14]s[0x11][0xe5][0x91][0xa9][0xef][0xbf][0xbd]N[0xef][0xbf][0xbd]^[0xef][0xbf][0xbd]-[0xef][0xbf][0xbd][0xef][0xbf][0xbd][0xef][0xbf][0xbd][0xef][0xbf][0xbd][0xef][0xbf][0xbd]}I6[0xef][0xbf][0xbd]s[\n]"
07:56:29.972 [main] DEBUG org.apache.http.wire -  >> ">[0xef][0xbf][0xbd]Sn[0xef][0xbf][0xbd]&[0xef][0xbf][0xbd][0xef][0xbf][0xbd]M.<[0x1f]~~[0xef][0xbf][0xbd],[0xef][0xbf][0xbd]JM[0xef][0xbf][0xbd][0xef][0xbf][0xbd][0xc8][0x99][0xef][0xbf][0xbd]Dm[0xef][0xbf][0xbd][0xd3][0xb9][0xef][0xbf][0xbd]rS[0xef][0xbf][0xbd]H[0xef][0xbf][0xbd][0xef][0xbf][0xbd][0xef][0xbf][0xbd]G[0xef][0xbf][0xbd]c[0x14][0xef][0xbf][0xbd][0x14].[0x1b],V[0xef][0xbf][0xbd][0xef][0xbf][0xbd]mX[0xef][0xbf][0xbd]<[0xef][0xbf][0xbd][0xef][0xbf][0xbd]-[0x4][0x14][0x7]uC[0xef][0xbf][0xbd][0xef][0xbf][0xbd][0xef][0xbf][0xbd]F[0xef][0xbf][0xbd][0x10]"[0xef][0xbf][0xbd][0xef][0xbf][0xbd]x/[0xef][0xbf][0xbd]2[0xef][0xbf][0xbd]a[0xef][0xbf][0xbd][0xef][0xbf][0xbd][0xef][0xbf][0xbd]N[0xef][0xbf][0xbd]*[0xef][0xbf][0xbd][0xef][0xbf][0xbd][0xef][0xbf][0xbd]~[0xef][0xbf][0xbd][0xef][0xbf][0xbd][0x14]r[0xc]g[0xef][0xbf][0xbd]V[0xef][0xbf][0xbd]RNW[0xef][0xbf][0xbd][0xef][0xbf][0xbd]0=1[0xef][0xbf][0xbd]{ko[0xef][0xbf][0xbd][0xef][0xbf][0xbd][0xef][0xbf][0xbd][0xef][0xbf][0xbd][0xde][0xb8]#[0xef][0xbf][0xbd]d[0x0]%j[0x11][0xef][0xbf][0xbd][0xef][0xbf][0xbd][0x14]{x[0xef][0xbf][0xbd]f[0xef][0xbf][0xbd]8[0xef][0xbf][0xbd][0xef][0xbf][0xbd]F[0x9][0xef][0xbf][0xbd][0xef][0xbf][0xbd]lP[0xef][0xbf][0xbd][0x7][0xef][0xbf][0xbd]r[0xef][0xbf][0xbd]P[0xef][0xbf][0xbd][0xeb][0xbb][0x9f][0xef][0xbf][0xbd]0[0xef][0xbf][0xbd]"[0xef][0xbf][0xbd][0xef][0xbf][0xbd][0xef][0xbf][0xbd][0xef][0xbf][0xbd]:[0xc2][0xab]H[0xef][0xbf][0xbd]V[0x1][0xef][0xbf][0xbd][0xd7][0xba][0xef][0xbf][0xbd]bN[0xcb][0x91][0xef][0xbf][0xbd][0xe][0x19][0xef][0xbf][0xbd][0x1e]%[0xef][0xbf][0xbd]|4[0xef][0xbf][0xbd][0x1c][0xef][0xbf][0xbd][0xef][0xbf][0xbd][0x1e][0xef][0xbf][0xbd]s[0xef][0xbf][0xbd][0xef][0xbf][0xbd]8[0xef][0xbf][0xbd][0xef][0xbf][0xbd]o[0xef][0xbf][0xbd][0xef][0xbf][0xbd][0xef][0xbf][0xbd]L[0xef][0xbf][0xbd][0xef][0xbf][0xbd]dG[0xef][0xbf][0xbd][0x7]F[0xef][0xbf][0xbd][0x19]R[0xef][0xbf][0xbd]Gs[0xef][0xbf][0xbd][0x1c]K[0x4] LO9[0xef][0xbf][0xbd][0xef][0xbf][0xbd]d@[0xef][0xbf][0xbd])[0xef][0xbf][0xbd][0xef][0xbf][0xbd][0xef][0xbf][0xbd]:[0xef][0xbf][0xbd][0xef][0xbf][0xbd]G[0xef][0xbf][0xbd]J[0xef][0xbf][0xbd]g[0xef][0xbf][0xbd][0xef][0xbf][0xbd]ln[0xef][0xbf][0xbd]~[0xef][0xbf][0xbd][0xef][0xbf][0xbd][0xef][0xbf][0xbd]z[0xef][0xbf][0xbd][0xef][0xbf][0xbd][0xef][0xbf][0xbd][0x12]AZ[0xdf][0x8a]kJ[0xef][0xbf][0xbd]Z[0xef][0xbf][0xbd][0xef][0xbf][0xbd]}[0xef][0xbf][0xbd][0xef][0xbf][0xbd](<[0x4][0xef][0xbf][0xbd][0xef][0xbf][0xbd][0xef][0xbf][0xbd][0xef][0xbf][0xbd][0xef][0xbf][0xbd]")[0xef][0xbf][0xbd]-+[0xef][0xbf][0xbd][0xef][0xbf][0xbd]b[0xef][0xbf][0xbd][0xef][0xbf][0xbd][0xef][0xbf][0xbd][0xef][0xbf][0xbd][0xe][0xc5][0x8d][0xef][0xbf][0xbd]pGC[0xef][0xbf][0xbd][0x9][0xef][0xbf][0xbd]s[0xef][0xbf][0xbd][0xef][0xbf][0xbd][0xef][0xbf][0xbd]h[0xcb][0xa7][0xef][0xbf][0xbd][0xef][0xbf][0xbd]q[0xef][0xbf][0xbd]%[0xef][0xbf][0xbd]k[0x16]j[0xef][0xbf][0xbd](I[0xef][0xbf][0xbd]+[0xef][0xbf][0xbd][0x9]=[0xef][0xbf][0xbd][0xef][0xbf][0xbd][0xef][0xbf][0xbd][\n]"
07:56:29.972 [main] DEBUG org.apache.http.wire -  >> "f[0xdc][0xba]G[0x9][0xef][0xbf][0xbd][0xe9][0xa1][0x84][0xef][0xbf][0xbd][0x10]x[0xef][0xbf][0xbd][0xef][0xbf][0xbd][0xef][0xbf][0xbd][0xef][0xbf][0xbd]?[0xef][0xbf][0xbd][0xef][0xbf][0xbd]^[0xef][0xbf][0xbd]pA[0xef][0xbf][0xbd][0xd3][0xbb]/[0xc8][0x8a][0xef][0xbf][0xbd][0xd4][0x92][0xef][0xbf][0xbd]9[0xef][0xbf][0xbd]2[0xef][0xbf][0xbd][0xef][0xbf][0xbd][0x8][0x1b]6[0xef][0xbf][0xbd]*[0xe]@]E[0xce][0x86]jmG`[0xef][0xbf][0xbd][0xef][0xbf][0xbd][0xef][0xbf][0xbd][0xef][0xbf][0xbd]H1[0xef][0xbf][0xbd][0xef][0xbf][0xbd][0xef][0xbf][0xbd]a[0x9][0xef][0xbf][0xbd][\n]"
07:56:29.972 [main] DEBUG org.apache.http.wire -  >> "[\n]"
07:56:29.972 [main] DEBUG org.apache.http.wire -  >> "[0xef][0xbf][0xbd][0xef][0xbf][0xbd][0x8]"[0xef][0xbf][0xbd][0xef][0xbf][0xbd]^[0xef][0xbf][0xbd][0x1e][0xb][0xef][0xbf][0xbd]36y[0xef][0xbf][0xbd][0xef][0xbf][0xbd][0x16]sN[0xef][0xbf][0xbd]s[0x15][0xef][0xbf][0xbd][0xef][0xbf][0xbd]9m[0x11][0xef][0xbf][0xbd][0xef][0xbf][0xbd][0xe][0xef][0xbf][0xbd]9A[0x0][0xef][0xbf][0xbd][0x6]S[0xef][0xbf][0xbd][0xef][0xbf][0xbd][0xef][0xbf][0xbd])0[0xef][0xbf][0xbd][0xef][0xbf][0xbd]L,[0xef][0xbf][0xbd][0xef][0xbf][0xbd]|[0xef][0xbf][0xbd]r+[0xef][0xbf][0xbd][0xef][0xbf][0xbd]C[0x14]5[0xef][0xbf][0xbd][0xcf][0x93][0xef][0xbf][0xbd][0xef][0xbf][0xbd]~[0xef][0xbf][0xbd],[0xef][0xbf][0xbd]i@[0xc4][0xb7]RM[0xef][0xbf][0xbd][0xef][0xbf][0xbd][0xef][0xbf][0xbd][0xef][0xbf][0xbd]5[0xef][0xbf][0xbd][0xef][0xbf][0xbd]#y[0x7][0xef][0xbf][0xbd][0x8]:ud9[0xef][0xbf][0xbd][0x11]/[0xef][0xbf][0xbd][0xc8][0x9c]bg[0xef][0xbf][0xbd][0x14][0xef][0xbf][0xbd][0xef][0xbf][0xbd][0xef][0xbf][0xbd][0xef][0xbf][0xbd][0xef][0xbf][0xbd]L[0xef][0xbf][0xbd][0xef][0xbf][0xbd][0xef][0xbf][0xbd][0xef][0xbf][0xbd][0xef][0xbf][0xbd][\n]"
07:56:29.972 [main] DEBUG org.apache.http.wire -  >> "[0xef][0xbf][0xbd][0xef][0xbf][0xbd])1[0xef][0xbf][0xbd][0xef][0xbf][0xbd][0xef][0xbf][0xbd]&[0xef][0xbf][0xbd][0xef][0xbf][0xbd][0x1d][0xef][0xbf][0xbd]_[0xef][0xbf][0xbd][0xef][0xbf][0xbd][0xef][0xbf][0xbd]?[0xef][0xbf][0xbd][0xef][0xbf][0xbd][0xef][0xbf][0xbd][0xef][0xbf][0xbd][0xef][0xbf][0xbd][0xef][0xbf][0xbd][0xef][0xbf][0xbd]o~[0xef][0xbf][0xbd][0xef][0xbf][0xbd][0xef][0xbf][0xbd][0xef][0xbf][0xbd]~[0xef][0xbf][0xbd][0xef][0xbf][0xbd][0xef][0xbf][0xbd][0xef][0xbf][0xbd][0x1f][0xef][0xbf][0xbd]x[0xef][0xbf][0xbd][0xef][0xbf][0xbd][0xef][0xbf][0xbd][0xef][0xbf][0xbd][0xef][0xbf][0xbd][0xef][0xbf][0xbd]mtp[0xef][0xbf][0xbd][0xef][0xbf][0xbd][0xca][0xb5][0xef][0xbf][0xbd]Q[0xef][0xbf][0xbd]-[0xef][0xbf][0xbd][0xef][0xbf][0xbd][0xef][0xbf][0xbd][0xef][0xbf][0xbd][0xef][0xbf][0xbd]/[0xef][0xbf][0xbd][0xef][0xbf][0xbd][0xef][0xbf][0xbd]#[0xef][0xbf][0xbd][0xef][0xbf][0xbd][0xef][0xbf][0xbd]5[0x1a]s[0xef][0xbf][0xbd]}[0xef][0xbf][0xbd]9nr$[0xef][0xbf][0xbd]#[0xef][0xbf][0xbd]S[[0xc3][0x80]Y5[0xef][0xbf][0xbd]9\[0x1e]elR8D[0xef][0xbf][0xbd][0xef][0xbf][0xbd][\r][0xef][0xbf][0xbd][0xef][0xbf][0xbd][0x13][0x1a][0xef][0xbf][0xbd][0xef][0xbf][0xbd][0xef][0xbf][0xbd][0xef][0xbf][0xbd]fC[0xef][0xbf][0xbd][0x9]A[0xef][0xbf][0xbd]+[0x7]:[0xef][0xbf][0xbd][0xef][0xbf][0xbd]8[0xef][0xbf][0xbd]@5z[0xef][0xbf][0xbd][0xef][0xbf][0xbd]G[0xef][0xbf][0xbd][0xef][0xbf][0xbd]5[0xef][0xbf][0xbd][0xef][0xbf][0xbd]{[0xef][0xbf][0xbd]}#?[0xef][0xbf][0xbd][0xef][0xbf][0xbd][0xca][0xb3].[0x1a][0xef][0xbf][0xbd][0xd2][0x80][0xef][0xbf][0xbd][0xef][0xbf][0xbd][0xef][0xbf][0xbd]-[0xef][0xbf][0xbd][0xef][0xbf][0xbd]=[0xef][0xbf][0xbd][0xef][0xbf][0xbd])g[0x5][0x0]A[0xef][0xbf][0xbd][0xef][0xbf][0xbd][0xe5][0xa2][0x9c][0xef][0xbf][0xbd]G[0xef][0xbf][0xbd][0x1d][0xef][0xbf][0xbd]?H.N[0xef][0xbf][0xbd] d[\r][0x13][0xef][0xbf][0xbd][0xef][0xbf][0xbd][0xef][0xbf][0xbd]<pkkD}[0xef][0xbf][0xbd][0xef][0xbf][0xbd]b[0xef][0xbf][0xbd]F[0xef][0xbf][0xbd][0xef][0xbf][0xbd][0xef][0xbf][0xbd]A[0x11]/[0xef][0xbf][0xbd]N[0xef][0xbf][0xbd]$[0xef][0xbf][0xbd][0xef][0xbf][0xbd][0xef][0xbf][0xbd][0xef][0xbf][0xbd]v[0xef][0xbf][0xbd]3/[0xef][0xbf][0xbd][0xef][0xbf][0xbd]q[0x18][0xef][0xbf][0xbd]U[0xef][0xbf][0xbd][0xef][0xbf][0xbd][0xc7][0xb9]4[0xef][0xbf][0xbd][0xef][0xbf][0xbd]}[0xef][0xbf][0xbd]q[0xef][0xbf][0xbd]+[0x4]\[\n]"
07:56:29.972 [main] DEBUG org.apache.http.wire -  >> "=[0xef][0xbf][0xbd]^-[0xef][0xbf][0xbd]S[0x8]P[0xef][0xbf][0xbd]W)[0xef][0xbf][0xbd]e,[0xef][0xbf][0xbd][0x1a][0xe][0xef][0xbf][0xbd]\[0xe]j4[0xef][0xbf][0xbd]1([0xdc][0xb7][0x8][0xef][0xbf][0xbd]N[0xef][0xbf][0xbd][0xef][0xbf][0xbd][0xef][0xbf][0xbd]]w[0xe][\n]"
07:56:29.973 [main] DEBUG org.apache.http.wire -  >> "T[0xef][0xbf][0xbd][0x1][0xe9][0xac][0x94][0xef][0xbf][0xbd][0x1c]r[0xda][0xae]cx[0xef][0xbf][0xbd]7[0xef][0xbf][0xbd][0xef][0xbf][0xbd]Mg[0xef][0xbf][0xbd][0x18]O[0xef][0xbf][0xbd][0xef][0xbf][0xbd]<[0xef][0xbf][0xbd]"[0xef][0xbf][0xbd][0xef][0xbf][0xbd][0xef][0xbf][0xbd]"[0xef][0xbf][0xbd][0xef][0xbf][0xbd][0xef][0xbf][0xbd]r[0xef][0xbf][0xbd][0xef][0xbf][0xbd][0xef][0xbf][0xbd][0xef][0xbf][0xbd][0xef][0xbf][0xbd][0xce][0x8f][0xef][0xbf][0xbd][0x1e][0xef][0xbf][0xbd]8[0xef][0xbf][0xbd][0xf][0xef][0xbf][0xbd]FM.[0x7]b[0xef][0xbf][0xbd][0xef][0xbf][0xbd][0xc8][0xbd][0xef][0xbf][0xbd][0xef][0xbf][0xbd]h.([0xef][0xbf][0xbd][0xef][0xbf][0xbd][0xef][0xbf][0xbd]2y{(m[0xef][0xbf][0xbd][0x5]F[0xef][0xbf][0xbd]5I[0x13]E[0xef][0xbf][0xbd][0xef][0xbf][0xbd][0x1]6[0xef][0xbf][0xbd]mE[0x2].nf$&[0xef][0xbf][0xbd][0xef][0xbf][0xbd][0xef][0xbf][0xbd][0xef][0xbf][0xbd]Bh[0xef][0xbf][0xbd][0x1d][0xf][0xef][0xbf][0xbd][0xef][0xbf][0xbd]lI[0xef][0xbf][0xbd]y.i[0xef][0xbf][0xbd]#[0xf][0xef][0xbf][0xbd][0xef][0xbf][0xbd] [0xef][0xbf][0xbd][0xef][0xbf][0xbd]R[0xda][0xa8][0xef][0xbf][0xbd][0xef][0xbf][0xbd](4[0xef][0xbf][0xbd][0x14][0xef][0xbf][0xbd]u[0xef][0xbf][0xbd]b[0xef][0xbf][0xbd]E[0xef][0xbf][0xbd]?<[0xef][0xbf][0xbd][0xef][0xbf][0xbd][0xef][0xbf][0xbd][0xef][0xbf][0xbd][0xef][0xbf][0xbd][0xef][0xbf][0xbd]6[0x0][0xef][0xbf][0xbd][0x4][0xef][0xbf][0xbd][0xef][0xbf][0xbd][0xef][0xbf][0xbd]M[0xef][0xbf][0xbd][0xb]1[0x1e]Z[0xef][0xbf][0xbd]R[0xef][0xbf][0xbd]z[0x6][0xef][0xbf][0xbd][0xc8][0x95][0xef][0xbf][0xbd][0x0][0x1c][0xef][0xbf][0xbd]W2[0xef][0xbf][0xbd]8U[0xef][0xbf][0xbd]v@[0xef][0xbf][0xbd]s[0x19]D[0xef][0xbf][0xbd]*2[0xef][0xbf][0xbd]4B[0xef][0xbf][0xbd][0xef][0xbf][0xbd]][0xef][0xbf][0xbd][0xef][0xbf][0xbd][0xef][0xbf][0xbd]RH[0xef][0xbf][0xbd]'[0xef][0xbf][0xbd]v[0xef][0xbf][0xbd]Q[0xef][0xbf][0xbd];[0x11]4[0xef][0xbf][0xbd][0xef][0xbf][0xbd][0x1c][0xd8][0x85][0x1c][0xef][0xbf][0xbd]!j[0xef][0xbf][0xbd][0xef][0xbf][0xbd]l[0xef][0xbf][0xbd][0xef][0xbf][0xbd]9[0xde][0x98][0xef][0xbf][0xbd]nz;[0xef][0xbf][0xbd]O[0x18][0xef][0xbf][0xbd][0xef][0xbf][0xbd]`7@&`H[0xef][0xbf][0xbd][0xef][0xbf][0xbd]e4Z[0xe][0xef][0xbf][0xbd][0xef][0xbf][0xbd][0xef][0xbf][0xbd]Y[0xef][0xbf][0xbd][0xef][0xbf][0xbd]YE[0xef][0xbf][0xbd]9Y[0xef][0xbf][0xbd][0xef][0xbf][0xbd][0xef][0xbf][0xbd][0xd9][0x98][0xef][0xbf][0xbd][0x16]}U[0xef][0xbf][0xbd][0xef][0xbf][0xbd]<h[0x15]).Zm{([0xef][0xbf][0xbd][0xef][0xbf][0xbd][0xef][0xbf][0xbd][0xef][0xbf][0xbd][0x1a]7[0xef][0xbf][0xbd][0xef][0xbf][0xbd][0xef][0xbf][0xbd][0x8],[0xef][0xbf][0xbd]/[0xef][0xbf][0xbd]t[0xef][0xbf][0xbd][0x2][0xef][0xbf][0xbd][0x9]D[0xef][0xbf][0xbd]o[0x1a][0xef][0xbf][0xbd][0xef][0xbf][0xbd][0xc3][0xbe].[0xef][0xbf][0xbd]i[0x0][0xef][0xbf][0xbd][0xd1][0xbe]z,|[0x2]2[0x8] ][0xef][0xbf][0xbd]$@l[0xef][0xbf][0xbd][0xef][0xbf][0xbd][0xef][0xbf][0xbd]D[0x4][0xef][0xbf][0xbd]Dd*[0x1][0xe]f[0x1b]&[0xd5][0xbc][0xef][0xbf][0xbd]2[0xef][0xbf][0xbd]{[0xef][0xbf][0xbd][0xef][0xbf][0xbd]?:{[0xef][0xbf][0xbd][0xef][0xbf][0xbd]6][0xef][0xbf][0xbd]d[0x1]O&*[0x1][0x4][0xef][0xbf][0xbd]a[\n]"
07:56:29.973 [main] DEBUG org.apache.http.wire -  >> "KT[0xef][0xbf][0xbd][0xef][0xbf][0xbd][0xe5][0x88][0x97]l[0xef][0xbf][0xbd][0x12][0xef][0xbf][0xbd][0x14][0xef][0xbf][0xbd][0xef][0xbf][0xbd][0xef][0xbf][0xbd][0xef][0xbf][0xbd]X-![0xef][0xbf][0xbd][0xca][0x94][0xef][0xbf][0xbd]c[0x2][0x1d][0xef][0xbf][0xbd][0xef][0xbf][0xbd]![0xef][0xbf][0xbd][0xef][0xbf][0xbd][0x15]w[0x1e][0xef][0xbf][0xbd][0x0]<WoQ[0xef][0xbf][0xbd]is3[0xef][0xbf][0xbd][0xef][0xbf][0xbd]#[0xef][0xbf][0xbd][0xef][0xbf][0xbd]d[0xef][0xbf][0xbd][0x9][0xef][0xbf][0xbd].[0xef][0xbf][0xbd]\[0x2]*`Q[0xef][0xbf][0xbd][0xef][0xbf][0xbd][0xef][0xbf][0xbd]n6[0xef][0xbf][0xbd][0xef][0xbf][0xbd]#[0xef][0xbf][0xbd][0xef][0xbf][0xbd]%-[0x6]2[\r][0xef][0xbf][0xbd].[0x1d]Vk[0xef][0xbf][0xbd]:[0xef][0xbf][0xbd][0xd2][0xbf]j[0xef][0xbf][0xbd][0xef][0xbf][0xbd][0xef][0xbf][0xbd]G[0xef][0xbf][0xbd][0xef][0xbf][0xbd]0=3'D[0xef][0xbf][0xbd]s[0xef][0xbf][0xbd][0xef][0xbf][0xbd]Y[0xef][0xbf][0xbd][0x10][0xef][0xbf][0xbd]nkB[0xef][0xbf][0xbd][0x10][0xef][0xbf][0xbd][0xef][0xbf][0xbd]z[0xcf][0x9b]<[0xef][0xbf][0xbd][0xef][0xbf][0xbd][[0xef][0xbf][0xbd][0xef][0xbf][0xbd][0xef][0xbf][0xbd][0x19][0xef][0xbf][0xbd]:[0xef][0xbf][0xbd][0x17]L[0xef][0xbf][0xbd][0xef][0xbf][0xbd][0x4][0xef][0xbf][0xbd]kPDt[0xef][0xbf][0xbd][0xf]K[0xef][0xbf][0xbd]^[0xef][0xbf][0xbd]g [0xef][0xbf][0xbd][0xef][0xbf][0xbd][0x1b]}P[0xe][0xef][0xbf][0xbd]+[0xef][0xbf][0xbd]!6S/L[0xef][0xbf][0xbd]8[0xef][0xbf][0xbd][0xef][0xbf][0xbd][0xef][0xbf][0xbd]f[0xef][0xbf][0xbd]@[0xef][0xbf][0xbd]39[0xef][0xbf][0xbd][0xef][0xbf][0xbd]'{[0xef][0xbf][0xbd][0xef][0xbf][0xbd][0xef][0xbf][0xbd]P|[0xef][0xbf][0xbd][0xef][0xbf][0xbd](|[0x1a]-[0xef][0xbf][0xbd][0xde][0xbd],[0xef][0xbf][0xbd][0xef][0xbf][0xbd][0xb]!qd[0xef][0xbf][0xbd][0xef][0xbf][0xbd]X"[0xef][0xbf][0xbd][0x16]`[\r] [0x9][0xef][0xbf][0xbd][0xef][0xbf][0xbd][0x9]/[0xd9][0xb7]{8[0x9]q[0x1a]J[0xef][0xbf][0xbd][0xef][0xbf][0xbd][0xef][0xbf][0xbd][0x10][0xef][0xbf][0xbd][0xef][0xbf][0xbd][0xef][0xbf][0xbd][0x1c][0xef][0xbf][0xbd][0xef][0xbf][0xbd]Ag[0xef][0xbf][0xbd]-[0x1b]~=[0xef][0xbf][0xbd][0xce][0x84][0xef][0xbf][0xbd][0x16]f \FI][0xef][0xbf][0xbd][0xef][0xbf][0xbd]8U[0xef][0xbf][0xbd];~[0xef][0xbf][0xbd]P][0xef][0xbf][0xbd][0x17]3[0xef][0xbf][0xbd][0xef][0xbf][0xbd][0xef][0xbf][0xbd][0x13]B[0xef][0xbf][0xbd]c[0xef][0xbf][0xbd]_c[0xef][0xbf][0xbd][0xef]"
07:56:29.973 [main] DEBUG org.apache.http.wire -  >> "[0xbf][0xbd]/{[0xef][0xbf][0xbd]Yc[0xef][0xbf][0xbd][0xef][0xbf][0xbd][0xef][0xbf][0xbd][\n]"
07:56:29.974 [main] DEBUG org.apache.http.wire -  >> "[0x5]rY[0xef][0xbf][0xbd][0xd4][0x86]#H[0xef][0xbf][0xbd][0xef][0xbf][0xbd]z[0xef][0xbf][0xbd][0xef][0xbf][0xbd][0xef][0xbf][0xbd][0xef][0xbf][0xbd][0xef][0xbf][0xbd]Q=[0xef][0xbf][0xbd]R[0xef][0xbf][0xbd]f}L1O.B[0xef][0xbf][0xbd]l~e;E[0xb]H[0xef][0xbf][0xbd][0xef][0xbf][0xbd][0xe1][0xb4][0x8d]r[0xef][0xbf][0xbd][0xef][0xbf][0xbd][0xef][0xbf][0xbd][0xef][0xbf][0xbd][0xef][0xbf][0xbd]m`[0xef][0xbf][0xbd]/[0xef][0xbf][0xbd][0xef][0xbf][0xbd][0xef][0xbf][0xbd]my[0xef][0xbf][0xbd][0xef][0xbf][0xbd]dj[0x16][0xc6][0xbd].[0xef][0xbf][0xbd]ei[0x8][0xef][0xbf][0xbd]Q[0xef][0xbf][0xbd][0xef][0xbf][0xbd][0xef][0xbf][0xbd][0xef][0xbf][0xbd][0xef][0xbf][0xbd][0xef][0xbf][0xbd]xj[0xef][0xbf][0xbd][0xef][0xbf][0xbd][0xef][0xbf][0xbd][0xef][0xbf][0xbd][0xef][0xbf][0xbd]![0xef][0xbf][0xbd]A:[0xef][0xbf][0xbd][0xef][0xbf][0xbd][0xf]Q[0xef][0xbf][0xbd][0x5][0xef][0xbf][0xbd]ir7[0xef][0xbf][0xbd]*[0x18]L[0x1f]WtDr[0xef][0xbf][0xbd]yy[0xef][0xbf][0xbd]}[0xef][0xbf][0xbd][0xef][0xbf][0xbd][0xdf][0xac][0xef][0xbf][0xbd][0x6][0xef][0xbf][0xbd][0xef][0xbf][0xbd][0x1]C{F[0x3][0xef][0xbf][0xbd]T"[0xef][0xbf][0xbd][0x3]B4[0xef][0xbf][0xbd][0xef][0xbf][0xbd][0xef][0xbf][0xbd][0xef][0xbf][0xbd][0xef][0xbf][0xbd]`[0x6]~[0xef][0xbf][0xbd]l[0xc9][0x98]M[0xef][0xbf][0xbd][0x16][0xef][0xbf][0xbd][0xef][0xbf][0xbd]q[0xef][0xbf][0xbd]J[0xef][0xbf][0xbd]#[0xef][0xbf][0xbd][0xef][0xbf][0xbd][0xef][0xbf][0xbd]8l[0x16]z[0xef][0xbf][0xbd][0x14][0xc5][0x97]<oKO[0xef][0xbf][0xbd]C[0x8][0xef][0xbf][0xbd][0xef][0xbf][0xbd][0xef][0xbf][0xbd]ic[0xef][0xbf][0xbd]`zXjb[0xef][0xbf][0xbd][0xef][0xbf][0xbd][0xef][0xbf][0xbd][0xef][0xbf][0xbd][0x8][0xef][0xbf][0xbd][0xb][0xef][0xbf][0xbd][0xef][0xbf][0xbd][0xef][0xbf][0xbd][0xc][0xef][0xbf][0xbd][0xef][0xbf][0xbd]}hu[0xef][0xbf][0xbd][0xef][0xbf][0xbd]@m[0xef][0xbf][0xbd]!O[0xef][0xbf][0xbd][0x7][0xef][0xbf][0xbd][0xef][0xbf][0xbd]`[0xef][0xbf][0xbd][0x1d]C[0xef][0xbf][0xbd][0x1b]u[0xef][0xbf][0xbd]0#8[0xef][0xbf][0xbd]g[0xef][0xbf][0xbd]j[0xef][0xbf][0xbd][0xc8][0xb9][0xef][0xbf][0xbd]Cw[0xc][0xef][0xbf][0xbd]P[0xef][0xbf][0xbd][0xef][0xbf][0xbd][0xef][0xbf][0xbd]r[0xef][0xbf][0xbd][0xef][0xbf][0xbd]3[0xef][0xbf][0xbd]\R[0xef][0xbf][0xbd][0xef][0xbf][0xbd][0x1c]sl[0xef][0xbf][0xbd][0xef][0xbf][0xbd][0x1][0x7][0x3][0x6]s[0xef][0xbf][0xbd][0xef][0xbf][0xbd]x[0xef][0xbf][0xbd][0x5][0x12]zO#[0x1a]aSyf[0x2]"<h|[0xcd][0xb6]yD[0xef][0xbf][0xbd]#;[0xef][0xbf][0xbd]Jkx2[0x1b]3r[0xe][0xef][0xbf][0xbd][0xef][0xbf][0xbd]-[0xef][0xbf][0xbd]>[0xef][0xbf][0xbd]e[0x1b]d[0xef][0xbf][0xbd][0xef][0xbf][0xbd][0xb][0xef][0xbf][0xbd]Z[0xef][0xbf][0xbd][0xef][0xbf][0xbd][0x19][0xef][0xbf][0xbd][0xef][0xbf][0xbd]u[0xef][0xbf][0xbd]O1P:[0xef][0xbf][0xbd]"[0xef][0xbf][0xbd]V[0xef][0xbf][0xbd][0x5][0xef][0xbf][0xbd][0xdf][0xae]'[0xef][0xbf][0xbd]p[0xef][0xbf][0xbd]Q[0xef][0xbf][0xbd][0xef][0xbf][0xbd]dP![0xef][0xbf][0xbd][0xef][0xbf][0xbd][0xef][0xbf][0xbd]vY[0x10][0x6][0xef][0xbf][0xbd][0xef][0xbf][0xbd]M[0xef][0xbf][0xbd]'D[0xef][0xbf][0xbd]u[0x8][0xef][0xbf][0xbd][0xef][0xbf][0xbd][0x5]d9\[0xef][0xbf][0xbd]Ur[0xef][0xbf][0xbd][0x8][0xef][0xbf][0xbd][0xef][0xbf][0xbd]!s[0xef][0xbf][0xbd]I[0xef][0xbf][0xbd],[0x9]"[0xef][0xbf][0xbd]d92[0xef][0xbf][0xbd][0xcd][0x90][0x3]l<[0xef][0xbf][0xbd][0x2]`S[0x1c][0xef][0xbf][0xbd]kH[0xef][0xbf][0xbd][0xef][0xbf][0xbd][0xe]&][0xef][0xbf][0xbd][0xef][0xbf][0xbd][0xef][0xbf][0xbd][0xd4][0xbc]Ut[0xef][0xbf][0xbd]@Za([0xef][0xbf][0xbd][0x5][0xef][0xbf][0xbd][0xef][0xbf][0xbd]b[0xef][0xbf][0xbd]h[0xef][0xbf][0xbd]+7[0xef][0xbf][0xbd]< mC[0x1e]0P[0xef][0xbf][0xbd][0xef][0xbf][0xbd][0xf][0xef][0xbf][0xbd][0xef][0xbf][0xbd][0xef][0xbf][0xbd][0xef][0xbf][0xbd][0xef][0xbf][0xbd]9L[0xef][0xbf][0xbd][0xef][0xbf][0xbd][0xef][0xbf][0xbd]L[\r][0xef][0xbf][0xbd][0xef][0xbf][0xbd][0x17]C[0xef][0xbf][0xbd][0x1c][0xef][0xbf][0xbd][0x6][0xef][0xbf][0xbd]s6:[0xef][0xbf][0xbd][0xef][0xbf][0xbd]J,[0xef][0xbf][0xbd][0xef][0xbf][0xbd]Ey[0xef][0xbf][0xbd]>l[0xef][0xbf][0xbd]r[0xef][0xbf][0xbd]A[0x15][0xe][0xef][0xbf][0xbd][0xef][0xbf][0xbd]3PO[0xef][0xbf][0xbd][0x1d][0xd6][0xa1][0xef][0xbf][0xbd][0xef][0xbf][0xbd]7[0xef][0xbf][0xbd][0x8][0xef][0xbf][0xbd][0xef][0xbf][0xbd][0xef][0xbf][0xbd]Z[0xef][0xbf][0xbd][0xef][0xbf][0xbd]{[0xef][0xbf][0xbd]7[0xef][0xbf][0xbd][0xef][0xbf][0xbd][0xef][0xbf][0xbd][0xef][0xbf][0xbd]9vH[0xef][0xbf][0xbd][0xef][0xbf][0xbd][0xc7][0x8b][0xef][0xbf][0xbd]([0xef][0xbf][0xbd]N[0xef][0xbf][0xbd][\r]t{L[0xef][0xbf][0xbd][0xef][0xbf][0xbd]6H[0xef][0xbf][0xbd][0xef][0xbf][0xbd]u[0x14][0xef][0xbf][0xbd][0xef][0xbf][0xbd]XAm5[0xef][0xbf][0xbd][0xef][0xbf][0xbd][0xef][0xbf][0xbd]][0xef][0xbf][0xbd][0xef][0xbf][0xbd][0xef][0xbf][0xbd]F[0xef][0xbf][0xbd][0xef][0xbf][0xbd]2[0xef][0xbf][0xbd][0x4][0xef][0xbf][0xbd][0x3]-fUY|[0x1d][0xf][0xef][0xbf][0xbd][0xef][0xbf][0xbd]:[0xef][0xbf][0xbd][0xe][0xef][0xbf][0xbd]$X"[0xd4][0x9e]O[0x12][0xef][0xbf][0xbd]2[0xef][0xbf][0xbd][0xef][0xbf][0xbd][0xef][0xbf][0xbd][0xef][0xbf][0xbd][0xef][0xbf][0xbd]a[0xef][0xbf][0xbd]@Di[0xef][0xbf][0xbd][0xb][0x2]h[0x7][0x19]B[0x1][0xef][0xbf][0xbd]z1v[0xef][0xbf][0xbd][0xef][0xbf][0xbd]9[0xef][0xbf][0xbd]6[0xef][0xbf][0xbd][0xef][0xbf][0xbd][0x15][0xef][0xbf][0xbd]*A[0xef][0xbf][0xbd]}[[0xef][0xbf][0xbd][0xef][0xbf][0xbd][0x1d][0xc][0xef][0xbf][0xbd]T[0xef][0xbf][0xbd][0xef][0xbf][0xbd]<[0xef][0xbf][0xbd]p[0x17][0xf2][0x86][0x8f][0xae][0xef][0xbf][0xbd][0xef][0xbf][0xbd]-[0xef][0xbf][0xbd][0x9]lQ[0xef][0xbf][0xbd][0xd1][0x99][0x1d]^WG[0xef][0xbf][0xbd][0xef][0xbf][0xbd]v[0xef][0xbf][0xbd]\5[0x9][0x0][0xd8][0x96]y6[0xef][0xbf][0xbd][([0xef][0xbf][0xbd][0xef][0xbf][0xbd]<[0xef][0xbf][0xbd][0xef][0xbf][0xbd][0x10][0xef][0xbf][0xbd][0xef][0xbf][0xbd]z[0xef][0xbf][0xbd][0xef][0xbf][0xbd]y[0xef][0xbf][0xbd][0xef][0xbf][0xbd][0xef][0xbf][0xbd]![0xef][0xbf][0xbd][0xef][0xbf][0xbd][0xef][0xbf][0xbd]%Z[0xef][0xbf][0xbd]X[0xef][0xbf][0xbd][U[0xef][0xbf][0xbd]'-{J[0xef][0xbf][0xbd][0xef][0xbf][0xbd][0xef][0xbf][0xbd]V[0x3][0xef][0xbf][0xbd][0x18];[0xef][0xbf][0xbd][0xef][0xbf][0xbd][0xef][0xbf][0xbd]ee[0xef][0xbf][0xbd][0xef][0xbf][0xbd]Vt0[0xef][0xbf][0xbd][0xef][0xbf][0xbd][0xef][0xbf][0xbd][([0xef][0xbf][0xbd][0xef][0xbf][0xbd][0xef][0xbf][0xbd][0xe]O[0xef][0xbf][0xbd][0xef][0xbf][0xbd]H[0xef][0xbf][0xbd]Z)>[0xef][0xbf][0xbd][0x0][0xef][0xbf][0xbd][0xef][0xbf][0xbd][0xef][0xbf][0xbd][0x8][0xef][0xbf][0xbd][0x15][0xef][0xbf][0xbd]F[0xef][0xbf][0xbd]Q[0xef][0xbf][0xbd][\n]"
07:56:29.974 [main] DEBUG org.apache.http.wire -  >> "[0xef][0xbf][0xbd]dy[0xef][0xbf][0xbd]E[0xc2][0xa7][0xef][0xbf][0xbd][0xef][0xbf][0xbd]h[0xef][0xbf][0xbd][0x19][0xef][0xbf][0xbd][P[0xef][0xbf][0xbd]y[0xef][0xbf][0xbd]&[0xef][0xbf][0xbd]U[0x15]j"[0xc5][0xb3][0xef][0xbf][0xbd]kN[0xef][0xbf][0xbd]f[0xef][0xbf][0xbd]?[0xef][0xbf][0xbd][0xef][0xbf][0xbd].{o_y[0x1]<[0xef][0xbf][0xbd][0xef][0xbf][0xbd][0xef][0xbf][0xbd]g[0xef][0xbf][0xbd][0xef][0xbf][0xbd],[0xef][0xbf][0xbd][0x0][0xef][0xbf][0xbd]u[0xef][0xbf][0xbd][0xef][0xbf][0xbd]3[0x12][0x18][0xef][0xbf][0xbd][0xef][0xbf][0xbd]a@[0xef][0xbf][0xbd][0x7][\n]"
07:56:29.974 [main] DEBUG org.apache.http.wire -  >> "u6[0xef][0xbf][0xbd]yt[0xef][0xbf][0xbd]-[0xef][0xbf][0xbd][0xef][0xbf][0xbd][0xef][0xbf][0xbd][0xef][0xbf][0xbd]E[0xef][0xbf][0xbd]80[0xef][0xbf][0xbd][0xef][0xbf][0xbd][0x2][0xef][0xbf][0xbd][0xef][0xbf][0xbd]H)[0xef][0xbf][0xbd][0xef][0xbf][0xbd][0x3][0xd2][0xa2][0xda][0x93]1[0xef][0xbf][0xbd][0xef][0xbf][0xbd]L[0xe]"[0xef][0xbf][0xbd]W[0xef][0xbf][0xbd][0xef][0xbf][0xbd][0x1b]{[0xef][0xbf][0xbd]^[0xef][0xbf][0xbd][0x8][0xef][0xbf][0xbd]6[0x0][0xef][0xbf][0xbd][[0x1b][0xef][0xbf][0xbd]K9[0xef][0xbf][0xbd][0xef][0xbf][0xbd]I$[0xef][0xbf][0xbd][0xef][0xbf][0xbd]9v[0xef][0xbf][0xbd][0xef][0xbf][0xbd]yE[0xef][0xbf][0xbd]P[0xef][0xbf][0xbd][0xe2][0x9b][0x84][0x18][0xef][0xbf][0xbd]7=1[0xc8][0xa6][0x6][0xca][0x95]2[0xef][0xbf][0xbd]=[0xef][0xbf][0xbd][0x1e][0xef][0xbf][0xbd]|H][0xef][0xbf][0xbd]R[0xef][0xbf][0xbd][0xef][0xbf][0xbd][0x1b]2Yg[0xef][0xbf][0xbd][0xef][0xbf][0xbd][0xef][0xbf][0xbd][0xef][0xbf][0xbd][0xef][0xbf][0xbd]\u[0xef][0xbf][0xbd][0xef][0xbf][0xbd]p@[0xef][0xbf][0xbd][0xef][0xbf][0xbd](|[0xef][0xbf][0xbd][0xef][0xbf][0xbd]a[0xef][0xbf][0xbd]"q[0xef][0xbf][0xbd][0xc3][0xb3]-[0xef][0xbf][0xbd][0xef][0xbf][0xbd][0xef][0xbf][0xbd]5[0xef][0xbf][0xbd]R[0xef][0xbf][0xbd][0xef][0xbf][0xbd][0xef][0xbf][0xbd]wg[0xc][0xef][0xbf][0xbd][0xef][0xbf][0xbd]35c@[0xef][0xbf][0xbd][0xef][0xbf][0xbd][0xef][0xbf][0xbd][0xef][0xbf][0xbd][0xef][0xbf][0xbd]j[0xc8][0xa8][0xef][0xbf][0xbd][\n]"
07:56:29.974 [main] DEBUG org.apache.http.wire -  >> "t[0x8]j[0xef][0xbf][0xbd]q[0xef][0xbf][0xbd]Q[0xef][0xbf][0xbd]2[0xef][0xbf][0xbd]c[0xef][0xbf][0xbd][0xcf][0x9b]@[0xef][0xbf][0xbd]Ru[0xcc][0xa5][0x1e][0xef][0xbf][0xbd][0xef][0xbf][0xbd][0xef][0xbf][0xbd]fN[0xef][0xbf][0xbd][0xd5][0xb1][0xef][0xbf][0xbd][0xef][0xbf][0xbd][0xef][0xbf][0xbd]d"3[0xef][0xbf][0xbd][0xef][0xbf][0xbd]T/[0xef][0xbf][0xbd]B[0xef][0xbf][0xbd][0xef][0xbf][0xbd]+[0xef][0xbf][0xbd][0xef][0xbf][0xbd][0x2]6[0xef][0xbf][0xbd][0xef][0xbf][0xbd]y[0xef][0xbf][0xbd][0xef][0xbf][0xbd]J6[0xc5][0x94][0xef][0xbf][0xbd][0xd8][0x90][0xef][0xbf][0xbd][0xef][0xbf][0xbd]D[0xc][0xef][0xbf][0xbd]t2[0xef][0xbf][0xbd]7[0xef][0xbf][0xbd][0xef][0xbf][0xbd][0xef][0xbf][0xbd]![0xef][0xbf][0xbd][0xef][0xbf][0xbd][0xef][0xbf][0xbd][0x1f][0xef][0xbf][0xbd][0xef][0xbf][0xbd][0x1a]B.4[0xef][0xbf][0xbd][0xef][0xbf][0xbd][0xef][0xbf][0xbd]\=[0x0][[0xb]I[0x14]T[0xef][0xbf][0xbd]sS[0x1a][0xef][0xbf][0xbd][0xef][0xbf][0xbd]k9[0xef][0xbf][0xbd][0xef][0xbf][0xbd][0x4][0xef][0xbf][0xbd][0xef][0xbf][0xbd][0x1a]|_[0x15][0xef][0xbf][0xbd]O[0xef][0xbf][0xbd][0xef][0xbf][0xbd][0x1c]F[0xef][0xbf][0xbd][\r][0xef][0xbf][0xbd]l0[0xef][0xbf][0xbd][0xef][0xbf][0xbd][0xef][0xbf][0xbd][0xef][0xbf][0xbd][0xef][0xbf][0xbd][0x1a]g[0xef][0xbf][0xbd][0xef][0xbf][0xbd]n`[0xef][0xbf][0xbd]"[0xe][0xef][0xbf][0xbd]I%[0xef][0xbf][0xbd][0x3]6u[0xef][0xbf][0xbd]?{-[0xef][0xbf][0xbd][0xef][0xbf][0xbd][0xdc][0x9c][0xef][0xbf][0xbd][0xef][0xbf][0xbd][0xef][0xbf][0xbd]a[0xef][0xbf][0xbd]R[0x1e][0xef][0xbf][0xbd][0xef][0xbf][0xbd][0xd4][0xab][\r]H[0xef][0xbf][0xbd]E[0xef][0xbf][0xbd]][0x16]A:[0xef][0xbf][0xbd]T[0xef][0xbf][0xbd][0xef][0xbf][0xbd][0x9][\n]"
07:56:29.974 [main] DEBUG org.apache.http.wire -  >> "X[0xef][0xbf][0xbd][0xef][0xbf][0xbd][0xef][0xbf][0xbd]G[0x14]s[0xef][0xbf][0xbd][0xef][0xbf][0xbd]0[0xef][0xbf][0xbd][0xef][0xbf][0xbd][0xef][0xbf][0xbd][0xf]t[0xef][0xbf][0xbd]-[0xef][0xbf][0xbd][0xef][0xbf][0xbd][0xef][0xbf][0xbd]D[0xde][0x9a]G[0xef][0xbf][0xbd][0xef][0xbf][0xbd][0xef][0xbf][0xbd]?[0xef][0xbf][0xbd][0xef][0xbf][0xbd]/Y[0xe7][0x98][0xa0]|[0xef][0xbf][0xbd][0xef][0xbf][0xbd][0xef][0xbf][0xbd]~[0xef][0xbf][0xbd][0x1b]&ihi[0xef][0xbf][0xbd].[0xef][0xbf][0xbd]*[0xef][0xbf][0xbd]Q[0xef][0xbf][0xbd][0xef][0xbf][0xbd][0xef][0xbf][0xbd]I[0xef][0xbf][0xbd]7[0xef][0xbf][0xbd][0xef][0xbf][0xbd]][0xef][0xbf][0xbd]G[0x16][0xef][0xbf][0xbd][0x1a]+[0xef][0xbf][0xbd]D[0x1b]W[0xef][0xbf][0xbd]yC[0xef][0xbf][0xbd][0xef][0xbf][0xbd]h[0xef][0xbf][0xbd][0xef][0xbf][0xbd]W[0xef][0xbf][0xbd][0xef][0xbf][0xbd]F[0xef][0xbf][0xbd]G[0xef][0xbf][0xbd][0xef][0xbf][0xbd][0x1f][0x18][0xef][0xbf][0xbd]{[0xef][0xbf][0xbd],[0x1d][0x16]~[0xef][0xbf][0xbd]u[0xb]/[0xef][0xbf][0xbd][0xef][0xbf][0xbd]K[0xef][0xbf][0xbd][0xef][0xbf][0xbd][0x6][0x4]}l[0xef][0xbf][0xbd][0x2]6[0xef][0xbf][0xbd][0xdc][0xb5][0xf][0xef][0xbf][0xbd][0xef][0xbf][0xbd]uw2}[0xef][0xbf][0xbd]l[0xef][0xbf][0xbd]U[0x15][0x9]Mh][0xef][0xbf][0xbd][0x17][0xef][0xbf][0xbd]\[0x3]hi[0xef][0xbf][0xbd][0xef][0xbf][0xbd][0x6][0xef][0xbf][0xbd][0xcf][0x94][0xef][0xbf][0xbd]ydtl[0xef][0xbf][0xbd]e[0xef][0xbf][0xbd][0xef][0xbf][0xbd]r+[0xd0][0x86][0xef][0xbf][0xbd][0xef][0xbf][0xbd][0xef][0xbf][0xbd][0xef][0xbf][0xbd][0xef][0xbf][0xbd][0xef][0xbf][0xbd][0xef][0xbf][0xbd]#[0xef][0xbf][0xbd]r[0x15]?E[0xcb][0xa1][0x16][0xef][0xbf][0xbd]L[0xef][0xbf][0xbd]y^[0xef][0xbf][0xbd]([0xef][0xbf][0xbd][0x19]@[0xef][0xbf][0xbd]W[0xef][0xbf][0xbd][0xef][0xbf][0xbd][0x1f]I[0xb][0xef][0xbf][0xbd][0x13][0xef][0xbf][0xbd][0xef][0xbf][0xbd][0xef][0xbf][0xbd]Pd[0xef][0xbf][0xbd][0xef][0xbf][0xbd]J@[0xef][0xbf][0xbd][0xef][0xbf][0xbd]E,[0xef][0xbf][0xbd]8[0xef][0xbf][0xbd][0xef][0xbf][0xbd][0xef][0xbf][0xbd][\r][0xef][0xbf][0xbd][[0xef][0xbf][0xbd][0xef][0xbf][0xbd]xt[0x12][0xef][0xbf][0xbd][0xef][0xbf][0xbd][0x2]v[0x10][0xef][0xbf][0xbd]J[\r]3[0xf][0x1a]39x[0xef][0xbf][0xbd]m[0xcf][0xba][0xef][0xbf][0xbd]![0xef][0xbf][0xbd]S[0x3][0x3][0xef][0xbf][0xbd]3[0xef][0xbf][0xbd]X[0xef][0xbf][0xbd][0xef][0xbf][0xbd][0xef][0xbf][0xbd]av=I[0xef][0xbf][0xbd].[0x2]-CS[0xef][0xbf][0xbd][0xef][0xbf][0xbd][0xef][0xbf][0xbd]|[0xef][0xbf][0xbd][0xef][0xbf][0xbd][0xef][0xbf][0xbd]y&[0xef][0xbf][0xbd][0xef][0xbf][0xbd][0x2]z"w[0xef][0xbf][0xbd]jJ[0xef][0xbf][0xbd][0x13]P[0xef][0xbf][0xbd]:m][0xef][0xbf][0xbd]|[0xef][0xbf][0xbd][0xef][0xbf][0xbd]G[0xef][0xbf][0xbd][0xef][0xbf][0xbd][0xef][0xbf][0xbd][0xef][0xbf][0xbd]?[0x1a]F.;[0xef][0xbf][0xbd][0xef][0xbf][0xbd]G[0xef][0xbf][0xbd]]+[0xef][0xbf][0xbd][0xef][0xbf][0xbd]*N[0xef][0xbf][0xbd][0xef][0xbf][0xbd][0x1b][0x5][0xef][0xbf][0xbd][0xef][0xbf][0xbd]B[0xef][0xbf][0xbd]cL[0x10][0xef][0xbf][0xbd][0xef][0xbf][0xbd]'<[0x3][0x1c]&[0xef][0xbf][0xbd][0xef][0xbf][0xbd][0x16][\r];[0xef][0xbf][0xbd]hxS[0xef][0xbf][0xbd][0xef][0xbf][0xbd][0x1a]d[0xef][0xbf][0xbd][0xef][0xbf][0xbd][0xef][0xbf][0xbd][0xef][0xbf][0xbd][0xef][0xbf][0xbd][0xef][0xbf][0xbd]i@[0xef][0xbf][0xbd][0xef][0xbf][0xbd][0xef][0xbf][0xbd];-[0xef][0xbf][0xbd]C[0xc][\n]"
07:56:29.974 [main] DEBUG org.apache.http.wire -  >> "$X[0xef][0xbf][0xbd][0xef][0xbf][0xbd][0x0][0xef][0xbf][0xbd][0x1][0xef][0xbf][0xbd]7[0xef][0xbf][0xbd]5[0xef][0xbf][0xbd]/[0xef][0xbf][0xbd][0xb]EL[0xef][0xbf][0xbd][0xef][0xbf][0xbd][0x7][0xef][0xbf][0xbd][0x1a][0xef][0xbf][0xbd][0xef][0xbf][0xbd][0xef][0xbf][0xbd][0xef][0xbf][0xbd][0xef][0xbf][0xbd]z[0xef][0xbf][0xbd][0xef][0xbf][0xbd]U[0xef][0xbf][0xbd][0xef][0xbf][0xbd][0x18][0xef][0xbf][0xbd][0xef][0xbf][0xbd][0xef][0xbf][0xbd][0xef][0xbf][0xbd][0xef][0xbf][0xbd]h[0xef][0xbf][0xbd]C[0xef][0xbf][0xbd]|[0xef][0xbf][0xbd]][0x1d][0xef][0xbf][0xbd][0xef][0xbf][0xbd]j[0xef][0xbf][0xbd][0xef][0xbf][0xbd][0xef][0xbf][0xbd][0xef][0xbf][0xbd]LJ<?[0x1a][0xef][0xbf][0xbd][\n]"
07:56:29.975 [main] DEBUG org.apache.http.wire -  >> "#[0xef][0xbf][0xbd][0xef][0xbf][0xbd][0x19][0xef][0xbf][0xbd][0x14][0xef][0xbf][0xbd][0xc8][0xbd][0xef][0xbf][0xbd]Q[0xef][0xbf][0xbd]{[0xef][0xbf][0xbd][0x10][0xef][0xbf][0xbd][0xef][0xbf][0xbd]TX[0xef][0xbf][0xbd][0xef][0xbf][0xbd]7[0xef][0xbf][0xbd]g[0xef][0xbf][0xbd][0xef][0xbf][0xbd]I[0xef][0xbf][0xbd][0x0]_[0xef][0xbf][0xbd][0xca][0xb3]Y4v[0xef][0xbf][0xbd][0xc6][0x9d][0xef][0xbf][0xbd][0x1f][0x11][0xef][0xbf][0xbd][[0xef][0xbf][0xbd];[0xef][0xbf][0xbd]~[0xef][0xbf][0xbd]e[0x12]'#7R[0xef][0xbf][0xbd][0xef][0xbf][0xbd][0xef][0xbf][0xbd][0xef][0xbf][0xbd][0xef][0xbf][0xbd].?=[0xef][0xbf][0xbd]3M[0x4]4[0x1a][0x1][0xef][0xbf][0xbd][0xef][0xbf][0xbd]$[[0xef][0xbf][0xbd][0x1f]Y[0xef][0xbf][0xbd][0x1f][0x1b][0xef][0xbf][0xbd][0xef][0xbc][0x8c][0x10][0xef][0xbf][0xbd][0xef][0xbf][0xbd]+"[0xef][0xbf][0xbd]@[0x7][0xef][0xbf][0xbd][0xef][0xbf][0xbd]i=[0xef][0xbf][0xbd]l[0xdf][0xb1][0x5][0xef][0xbf][0xbd][0x18][0xef][0xbf][0xbd][0xef][0xbf][0xbd][0x1b][0x1d][0x15]k[0xef][0xbf][0xbd][0xef][0xbf][0xbd][0xef][0xbf][0xbd][0xc6][0xba][0xef][0xbf][0xbd]|[0xef][0xbf][0xbd]%f[0xef][0xbf][0xbd][0xef][0xbf][0xbd][0xe9][0xb4][0xaf]eC[0xef][0xbf][0xbd][0xef][0xbf][0xbd][0x6]h[0x12]yw[0x19][0xef][0xbf][0xbd]y[0xef][0xbf][0xbd]sJ[0xef][0xbf][0xbd][0xef][0xbf][0xbd][0xef][0xbf][0xbd]l[0xef][0xbf][0xbd][0xef][0xbf][0xbd][0xef][0xbf][0xbd],2[0xef][0xbf][0xbd][0xef][0xbf][0xbd][0xef][0xbf][0xbd][0xef][0xbf][0xbd]\[0xef][0xbf][0xbd][0x1e]h[0xef][0xbf][0xbd][0xef][0xbf][0xbd][0xef][0xbf][0xbd][0xef][0xbf][0xbd]0[0xef][0xbf][0xbd]X&J[0xef][0xbf][0xbd]&[0xef][0xbf][0xbd][0xef][0xbf][0xbd]i3[0xef][0xbf][0xbd][0xef][0xbf][0xbd]bf[0xef][0xbf][0xbd]!^[0xef][0xbf][0xbd][0xef][0xbf][0xbd][0xef][0xbf][0xbd][0xef][0xbf][0xbd]O[0x11][0xef][0xbf][0xbd][0xef][0xbf][0xbd][0xef][0xbf][0xbd][0x7][0xef][0xbf][0xbd]#[0xef][0xbf][0xbd][0xef][0xbf][0xbd]0[0xef][0xbf][0xbd][0x1c]W[0xef][0xbf][0xbd]:x[0xef][0xbf][0xbd][0xef][0xbf][0xbd];[0xef][0xbf][0xbd][0xef][0xbf][0xbd][0xef][0xbf][0xbd]y[0xef][0xbf][0xbd][0xc5][0xa1][0x19][0xef][0xbf][0xbd]<[0xef][0xbf][0xbd][0xef][0xbf][0xbd][0xef][0xbf][0xbd][0x15]0wi[0xef][0xbf][0xbd]A[0xef][0xbf][0xbd]-Q%[0xef][0xbf][0xbd]=2[0xef][0xbf][0xbd][0xef][0xbf][0xbd]tc[0xef][0xbf][0xbd][0xef][0xbf][0xbd][0x1]XE[0xef][0xbf][0xbd][0x11][[0xe2][0xa4][0xae][0x5]W[0xef][0xbf][0xbd]gN[0xef][0xbf][0xbd][0x10]@`[0x1e][0xd4][0xb5]9a?[0xef][0xbf][0xbd][0xef][0xbf][0xbd][0xd7][0x9a]([0xef][0xbf][0xbd][0x5][0xef][0xbf][0xbd][0x1c]n[0x10][E[0xef][0xbf][0xbd][0xb][0xef][0xbf][0xbd][0xef][0xbf][0xbd][0x18][0xef][0xbf][0xbd][0x2]?[0xef][0xbf][0xbd][0x18][0x0][0xef][0xbf][0xbd][0x1]c[0xef][0xbf][0xbd]?[0x16][0xef][0xbf][0xbd][0xef][0xbf][0xbd][0x15][0xef][0xbf][0xbd][0xef][0xbf][0xbd][0xef][0xbf][0xbd][0x2][0xef][0xbf][0xbd][0xef][0xbf][0xbd][0xef][0xbf][0xbd][0xef][0xbf][0xbd][0xef][0xbf][0xbd][0xe9][0xa8][0x8c][\r][0xef][0xbf][0xbd][0xef][0xbf][0xbd][0x1a]WD[0x0]7[0xef][0xbf][0xbd]f[0xef][0xbf][0xbd][0xf]\[0xef][0xbf][0xbd][0xef][0xbf][0xbd][0xef][0xbf][0xbd][0xef][0xbf][0xbd][0xef][0xbf][0xbd]M][0xef][0xbf][0xbd]^&[0xef][0xbf][0xbd][\n]"
07:56:29.975 [main] DEBUG org.apache.http.wire -  >> ""[0xef][0xbf][0xbd]%[0xef][0xbf][0xbd][0xef][0xbf][0xbd][0xef][0xbf][0xbd]y#$[0xef][0xbf][0xbd][0x4]U[0xef][0xbf][0xbd]-[0xef][0xbf][0xbd]0u-[0xef][0xbf][0xbd][0xef][0xbf][0xbd][0xef][0xbf][0xbd];[0xef][0xbf][0xbd][0xef][0xbf][0xbd][0xef][0xbf][0xbd]F[0x19][0xef][0xbf][0xbd][0xef][0xbf][0xbd][0x14]3[0xef][0xbf][0xbd][0x3][0xef][0xbf][0xbd][0xcf][0x81][0xef][0xbf][0xbd][0x7][0x5][0xef][0xbf][0xbd][0xef][0xbf][0xbd][0xef][0xbf][0xbd][0x6][0xef][0xbf][0xbd]>zJw[0x17]n[0xef][0xbf][0xbd][0xef][0xbf][0xbd][0x1][0xef][0xbf][0xbd][0xef][0xbf][0xbd][0xef][0xbf][0xbd]Z[\n]"
07:56:29.998 [main] DEBUG org.apache.http.wire -  >> "endstream[\n]"
07:56:29.998 [main] DEBUG org.apache.http.wire -  >> "endobj[\n]"
07:56:29.998 [main] DEBUG org.apache.http.wire -  >> "9 0 obj[\n]"
07:56:29.998 [main] DEBUG org.apache.http.wire -  >> "<</Filter /FlateDecode[\n]"
07:56:29.998 [main] DEBUG org.apache.http.wire -  >> "/Length 2510>> stream[\n]"
07:56:29.998 [main] DEBUG org.apache.http.wire -  >> "x[0xef][0xbf][0xbd][0xef][0xbf][0xbd]\[0xdb][0x8e]$[0xef][0xbf][0xbd][\r]}[0xef][0xbf][0xbd][0xef][0xbf][0xbd][0xef][0xbf][0xbd][0xef][0xbf][0xbd][0xef][0xbf][0xbd]Z[0xef][0xbf][0xbd][0x14]u[0x1][0x16][0xb][0xef][0xbf][0xbd]e[0xef][0xbf][0xbd]OyH2?`[0xef][0xbf][0xbd]^[0x3][0xef][0xbf][0xbd][0x1d]$[0xef][0xbf][0xbd][0x3][0xef][0xbf][0xbd][0xef][0xbf][0xbd]C[0xef][0xbf][0xbd][0xef][0xbf][0xbd][0xef][0xbf][0xbd][0xef][0xbf][0xbd][0xef][0xbf][0xbd]"[0xef][0xbf][0xbd]j[0xef][0xbf][0xbd][0x11] [0xef][0xbf][0xbd][0xd9][0x99][0xef][0xbf][0xbd][0xef][0xbf][0xbd][0x16]K[0x14]/[0xef][0xbf][0xbd][0xef][0xbf][0xbd][0xef][0xbf][0xbd]qg[0xef][0xbf][0xbd][0x1f][0xef][0xbf][0xbd]8[0xef][0xbf][0xbd][0xef][0xbf][0xbd]<[0xef][0xbf][0xbd][0xef][0xbf][0xbd][0xef][0xbf][0xbd][0xef][0xbf][0xbd][0xef][0xbf][0xbd][0xcf][0x93][0xef][0xbf][0xbd]T_[0xef][0xbf][0xbd][0xef][0xbf][0xbd][0xef][0xbf][0xbd];[0xef][0xbf][0xbd][0xef][0xbf][0xbd][0xef][0xbf][0xbd]|{[0x1e][0xef][0xbf][0xbd][0xef][0xbf][0xbd][0xef][0xbf][0xbd][0xef][0xbf][0xbd][0xef][0xbf][0xbd][0xc3][0xb7]x[0xef][0xbf][0xbd][0xef][0xbf][0xbd]_[0xef][0xbf][0xbd][0xef][0xbf][0xbd][0xef][0xbf][0xbd][0xef][0xbf][0xbd][0xef][0xbf][0xbd]9[0xef][0xbf][0xbd][0xef][0xbf][0xbd]?[0xef][0xbf][0xbd][0xef][0xbf][0xbd][0xef][0xbf][0xbd][0xef][0xbf][0xbd][0xef][0xbf][0xbd]X!B[0xef][0xbf][0xbd][0xef][0xbf][0xbd]k[0xef][0xbf][0xbd][0x1c]R8[0xef][0xbf][0xbd][0xef][0xbf][0xbd][0x11][0xef][0xbf][0xbd][0xef][0xbf][0xbd]w[0xef][0xbf][0xbd][0xef][0xbf][0xbd]|[0xef][0xbf][0xbd]`[0xef][0xbf][0xbd][0x4][0xef][0xbf][0xbd][0xef][0xbf][0xbd][0xef][0xbf][0xbd][0xef][0xbf][0xbd][0xef][0xbf][0xbd]\[0xef][0xbf][0xbd]Y4[0x14] [0xef][0xbf][0xbd]^9[0xef][0xbf][0xbd][0x12][0xef][0xbf][0xbd][0x8]y"[0xe]V[0xc4][0x81]5[0xe][0xc8][0xa7][0xef][0xbf][0xbd]S[0xef][0xbf][0xbd]7[0xc6][0x85][0xef][0xbf][0xbd]R[0xef][0xbf][0xbd]9*%b0![0xc5][0xbc][[0xef][0xbf][0xbd][0xef][0xbf][0xbd]R">a[0xef][0xbf][0xbd]<B[0x3]d[0xef][0xbf][0xbd][\r][0xef][0xbf][0xbd]w[0xef][0xbf][0xbd][0xef][0xbf][0xbd]7[0xef][0xbf][0xbd][0xef][0xbf][0xbd]'[0xef][0xbf][0xbd][0xef][0xbf][0xbd]I[0xe][0xef][0xbf][0xbd][0xef][0xbf][0xbd][0xef][0xbf][0xbd][0xef][0xbf][0xbd]O![0xef][0xbf][0xbd][0xc]:q[0xef][0xbf][0xbd][0xef][0xbf][0xbd][0xef][0xbf][0xbd][0x18][0xef][0xbf][0xbd][0xef]"
07:56:29.999 [main] DEBUG org.apache.http.wire -  >> "[0xbf][0xbd][0xdd][0x91]ulp|[0xef][0xbf][0xbd]*u[0x2][0xef][0xbf][0xbd][0xc9][0x98]r[0xd8][0xbb];[0xef][0xbf][0xbd][0x1c]9[0xef][0xbf][0xbd][0xef][0xbf][0xbd]\[0xef][0xbf][0xbd][0xef][0xbf][0xbd]r[0xef][0xbf][0xbd]~[0xef][0xbf][0xbd][0xef][0xbf][0xbd][0x10]<{[0x4][0xef][0xbf][0xbd]R\[0x8][0xef][0xbf][0xbd][0x6][0xcf][0xbf][0xef][0xbf][0xbd]W[0xef][0xbf][0xbd]li!F[0xef][0xbf][0xbd][0xef][0xbf][0xbd][0xef][0xbf][0xbd][0xef][0xbf][0xbd][0xef][0xbf][0xbd]ao[0xcf][0xb4][0xef][0xbf][0xbd][0x19]r[0xef][0xbf][0xbd]L[0xef][0xbf][0xbd][0xef][0xbf][0xbd][0xef][0xbf][0xbd]!d[0xef][0xbf][0xbd][0x12][0xef][0xbf][0xbd][0xef][0xbf][0xbd][0xef][0xbf][0xbd][0xef][0xbf][0xbd][0x1]Ab[0xef][0xbf][0xbd]*O[0xf]=[0xef][0xbf][0xbd]3[0xef][0xbf][0xbd]{}[0xef][0xbf][0xbd]][0xcf][0x82]M[0xef][0xbf][0xbd][0xef][0xbf][0xbd][0xef][0xbf][0xbd][0x0][0x6][0xef][0xbf][0xbd][0xef][0xbf][0xbd][0xef][0xbf][0xbd]][0xdd][0x83][0xef][0xbf][0xbd][0x4]V[0xef][0xbf][0xbd][0xc][0x18][0xef][0xbf][0xbd]I1[0xef][0xbf][0xbd][0xef][0xbf][0xbd][0xc2][0xb1]s[0xd8][0x9f][0xef][0xbf][0xbd][0xef][0xbf][0xbd][0xef][0xbf][0xbd][0xef][0xbf][0xbd][0xef][0xbf][0xbd]{[0xef][0xbf][0xbd][0xef][0xbf][0xbd]['[0xef][0xbf][0xbd][0x8]l/A[0xef][0xbf][0xbd][0xef][0xbf][0xbd][0x3][0xc9][0x8e][0xd0][0x99][0x4][0x16]9[0xef][0xbf][0xbd]fS[0x1e][0xef][0xbf][0xbd]o[0xef][0xbf][0xbd]W[0xef][0xbf][0xbd]cq[0xef][0xbf][0xbd][0xef][0xbf][0xbd]R[0x6][0xef][0xbf][0xbd]5[0xef][0xbf][0xbd][0xef][0xbf][0xbd]<[0x16][0x17][0xef][0xbf][0xbd]`[0xef][0xbf][0xbd][0xef][0xbf][0xbd][0xef][0xbf][0xbd][0xef][0xbf][0xbd][0xd1][0x84][0xef][0xbf][0xbd][0xef][0xbf][0xbd]J[0xe][0xef][0xbf][0xbd]&[0xef][0xbf][0xbd][0xef][0xbf][0xbd][0xef][0xbf][0xbd][0xef][0xbf][0xbd][0xef][0xbf][0xbd][0xef][0xbf][0xbd][0xef][0xbf][0xbd]T[0x14][0xef][0xbf][0xbd][0x11]v0[0xd7][0xb1][0xef][0xbf][0xbd][0xef][0xbf][0xbd]Lt[0xef][0xbf][0xbd][0xef][0xbf][0xbd].Q[0xef][0xbf][0xbd][0xef][0xbf][0xbd]T7[0x1c][T[0xef][0xbf][0xbd][0xef][0xbf][0xbd]h[0xef][0xbf][0xbd]+6[0xc9][0xa9][0xef][0xbf][0xbd]+[0xef][0xbf][0xbd][0x1d]LsE[0xef][0xbf][0xbd]A/[0xef][0xbf][0xbd]`[0xef][0xbf][0xbd]ci[0xef][0xbf][0xbd]#m[0xef][0xbf][0xbd][0x1][0x15][0xef][0xbf][0xbd]Z[0x14][0x1][0xef][0xbf][0xbd]Y[0xef][0xbf][0xbd]M[0xef][0xbf][0xbd]g[0xe][0xef][0xbf][0xbd].[0xef][0xbf][0xbd]*[0xef][0xbf][0xbd][0xef][0xbf][0xbd][0xc5][0x8b][0xef][0xbf][0xbd][0xc7][0x97][0xd3][0x87]/l[0x16][0xef][0xbf][0xbd][0xef][0xbf][0xbd][0xef][0xbf][0xbd][0xef][0xbf][0xbd][0xef][0xbf][0xbd].[0xef][0xbf][0xbd][0xef][0xbf][0xbd] e[0xef][0xbf][0xbd]_~)[0x11][0xcd][0xb1][0x1][0xef][0xbf][0xbd][0xef][0xbf][0xbd][0xef][0xbf][0xbd][0xf][0xef][0xbf][0xbd][0xef][0xbf][0xbd][0xef][0xbf][0xbd][0x17][0xef][0xbf][0xbd][0xef][0xbf][0xbd][0xef][0xbf][0xbd][0xef][0xbf][0xbd][0xef][0xbf][0xbd]k,[0xef][0xbf][0xbd][0xef][0xbf][0xbd]O[0xe7][0x97][0xbf][0xef][0xbf][0xbd]>[0xef][0xbf][0xbd][0xef][0xbf][0xbd]X[0xef][0xbf][0xbd]8R[0x11]c \_[0xda][0x87][0xef][0xbf][0xbd]d[0xef][0xbf][0xbd][0xef][0xbf][0xbd][0x1][0xef][0xbf][0xbd][0xef][0xbf][0xbd]{[0xef][0xbf][0xbd]N[0xef][0xbf][0xbd][0xef][0xbf][0xbd][0x1f][0xef][0xbf][0xbd][0xef][0xbf][0xbd][0x6][0xef][0xbf][0xbd][0xef][0xbf][0xbd][0xef][0xbf][0xbd][0xef][0xbf][0xbd][0xef][0xbf][0xbd]X[0xef][0xbf][0xbd][0xef][0xbf][0xbd];[0xef][0xbf][0xbd][0x12][0xef][0xbf][0xbd] [0xef][0xbf][0xbd]K]'[0xef][0xbf][0xbd]LU[0xcd][0xa3]<a[[0xec][0x96][0x86][0xef][0xbf][0xbd]3Z][0xef][0xbf][0xbd][0xef][0xbf][0xbd]X[0xef][0xbf][0xbd]n[0xef][0xbf][0xbd][0xd4][0xae][0xef][0xbf][0xbd][0xef][0xbf][0xbd][0xef][0xbf][0xbd]yx[0xef][0xbf][0xbd][0xef][0xbf][0xbd][0xef][0xbf][0xbd]u9[0x1c]t[0x7][0xef][0xbf][0xbd])[0xef][0xbf][0xbd][0x14][0xef][0xbf][0xbd][0xef][0xbf][0xbd]&[0xef][0xbf][0xbd]O[0xef][0xbf][0xbd][0xef][0xbf][0xbd][0xef][0xbf][0xbd]8[0xef][0xbf][0xbd]m][0xc]Zg[0xd8][0xbc]y[0xef][0xbf][0xbd]u1~r[0xef][0xbf][0xbd][0xef][0xbf][0xbd]D[0xef][0xbf][0xbd][0xc9][0xa5]aW*Q[0x1c][0xef][0xbf][0xbd][0x12][0xef][0xbf][0xbd]+[0xef][0xbf][0xbd]=[0xef][0xbf][0xbd]v[0x19][0xef][0xbf][0xbd][0xef][0xbf][0xbd][\n]"
07:56:29.999 [main] DEBUG org.apache.http.wire -  >> "[\n]"
07:56:29.999 [main] DEBUG org.apache.http.wire -  >> "[0xef][0xbf][0xbd][0xde][0x9b]`u[\n]"
07:56:29.999 [main] DEBUG org.apache.http.wire -  >> "l[0xef][0xbf][0xbd]C[0xef][0xbf][0xbd]mab[0xef][0xbf][0xbd]R[0xef][0xbf][0xbd][0xef][0xbf][0xbd]([0xef][0xbf][0xbd]F[0x3]uX713Q[0xef][0xbf][0xbd][0xef][0xbf][0xbd]\[0xef][0xbf][0xbd][0xef][0xbf][0xbd]W&g[0xef][0xbf][0xbd][0xef][0xbf][0xbd][0xef][0xbf][0xbd]/[0xef][0xbf][0xbd]-[0xef][0xbf][0xbd][0xef][0xbf][0xbd]@[0xef][0xbf][0xbd][0x0]y[0xef][0xbf][0xbd][0x5]J}[0xef][0xbf][0xbd]1b}w[0xef][0xbf][0xbd])[0xef][0xbf][0xbd][0xef][0xbf][0xbd][0xef][0xbf][0xbd][0xef][0xbf][0xbd][0xef][0xbf][0xbd]f[0xef][0xbf][0xbd][0xef][0xbf][0xbd][0xef][0xbf][0xbd][0xef][0xbf][0xbd]v[0xef][0xbf][0xbd][0xef][0xbf][0xbd].C3[0xef][0xbf][0xbd][0xef][0xbf][0xbd]P_[0xef][0xbf][0xbd][0x3][0xef][0xbf][0xbd][0xef][0xbf][0xbd][0xef][0xbf][0xbd][0xef][0xbf][0xbd]j^Q[0xef][0xbf][0xbd][0x1c];][0xef][0xbf][0xbd]cb[0xef][0xbf][0xbd][0xef][0xbf][0xbd] [0xef][0xbf][0xbd]%[0x13][0xef][0xbf][0xbd]P132[0xd6][0x92]e[0xef][0xbf][0xbd][0xef][0xbf][0xbd] [0xef][0xbf][0xbd]8[0xef][0xbf][0xbd][9[0xef][0xbf][0xbd]a[0xf][0xef][0xbf][0xbd]i[0xef][0xbf][0xbd]OR[0x4] [0xe3][0xb0][0xa0][0xef][0xbf][0xbd]M[0x11][0xef][0xbf][0xbd]<[0xef][0xbf][0xbd][0x8] [0x4]J[0xef][0xbf][0xbd][0xef][0xbf][0xbd][0xef][0xbf][0xbd] ^}q[0xef][0xbf][0xbd]n[0xef][0xbf][0xbd][0xef][0xbf][0xbd][0xef][0xbf][0xbd]+[0xef][0xbf][0xbd][0xd1][0xb7][0x17][0x5][0xef][0xbf][0xbd][0x7][0xef][0xbf][0xbd][0xef][0xbf][0xbd][0x8][[0x3]Mn;[0xc][0xef][0xbf][0xbd]4pI[0x9]B[0x4][0xef][0xbf][0xbd][0xef][0xbf][0xbd]p[0xef][0xbf][0xbd]z[0xef][0xbf][0xbd]I[0xef][0xbf][0xbd][0xef][0xbf][0xbd]B2[0xef][0xbf][0xbd]:[0xef][0xbf][0xbd]W[0x1b][0xcc][0x94]u[0xef][0xbf][0xbd][0xef][0xbf][0xbd][0xef][0xbf][0xbd][0x16][0xef][0xbf][0xbd]B9[0xcf][0xa5][0xef][0xbf][0xbd][0xef][0xbf][0xbd][0x3][0x1b][0xef][0xbf][0xbd][0xef][0xbf][0xbd][0xef][0xbf][0xbd]X[0xef][0xbf][0xbd]w[0xef][0xbf][0xbd][0xf][0xef][0xbf][0xbd]+[0xef][0xbf][0xbd][0x15][0x14]K[0x6][0xef][0xbf][0xbd]8)[0xef][0xbf][0xbd][0xef][0xbf][0xbd][0xef][0xbf][0xbd]g[0xef][0xbf][0xbd][0xef][0xbf][0xbd][0xef][0xbf][0xbd][0xef][0xbf][0xbd][0xef][0xbf][0xbd]n[0xef][0xbf][0xbd][0x2][0xdf][0xbc]>[0xef][0xbf][0xbd]K[0xef][0xbf][0xbd][0x1b]}[0x3][0xef][0xbf][0xbd][0xef][0xbf][0xbd][0xef][0xbf][0xbd]e[0x3][0xef][0xbf][0xbd][0xef][0xbf][0xbd]O[0xef][0xbf][0xbd][0x1b][0xef][0xbf][0xbd]>[0xef][0xbf][0xbd]o[0xef][0xbf][0xbd]YAs[0xef][0xbf][0xbd][0xef][0xbf][0xbd][0xef][0xbf][0xbd][0x1d][0xef][0xbf][0xbd][0x17][0xef][0xbf][0xbd][0xef][0xbf][0xbd]$[0xef][0xbf][0xbd][0xef][0xbf][0xbd][0xef][0xbf][0xbd][0x18][0xef][0xbf][0xbd][0xef][0xbf][0xbd][0x1][0xef][0xbf][0xbd][0xef][0xbf][0xbd][0xef][0xbf][0xbd][0xef][0xbf][0xbd]s[0xef][0xbf][0xbd][0x4][0x9][0xc]Yo"([0xef][0xbf][0xbd][0xef][0xbf][0xbd]-<-w[0xef][0xbf][0xbd][0xef][0xbf][0xbd]#[0x9]W8[0x17]E[0xef][0xbf][0xbd]}[0x3]$[0x1][0xef][0xbf][0xbd][0xef][0xbf][0xbd]*[0xef][0xbf][0xbd].@[0x2]=[0x7]J[0x14]3[0xdb][0x9b][0x3][0x9]![0x1a][0x1][0xef][0xbf][0xbd][0xef][0xbf][0xbd]ME[0x13][0xef][0xbf][0xbd][0xef][0xbf][0xbd][0xc6][0xb8][0xef][0xbf][0xbd][0xef][0xbf][0xbd][0xef][0xbf][0xbd]`[0xef][0xbf][0xbd]MF#[0xef][0xbf][0xbd][0xef][0xbf][0xbd]w[0xef][0xbf][0xbd][0x8][0xef][0xbf][0xbd]"[0xef][0xbf][0xbd]Nf[0x18]Y[0x13]t[0xef][0xbf][0xbd][0x1e][0xef][0xbf][0xbd]8[0xef][0xbf][0xbd]D[0xef][0xbf][0xbd]4[0xe6][0x95][0xa2]z[0x9][0xef][0xbf][0xbd]D[0xef][0xbf][0xbd]I[0xef][0xbf][0xbd]][0xef][0xbf][0xbd]ed[0xef][0xbf][0xbd][0xd0][0xb3]b[0xb].[0xef][0xbf][0xbd][0x6]W[0xef][0xbf][0xbd][0xd2][0xaa][0x8]b[0x11][0xef][0xbf][0xbd][0xeb][0xb2][0x9c]n[0x16]a>[0x19]J[0xef][0xbf][0xbd]:c$[0xef][0xbf][0xbd] [0x7]f[0xef][0xbf][0xbd]Ag[0xef][0xbf][0xbd][0xef][0xbf][0xbd]0[0xef][0xbf][0xbd][0x8][0xef][0xbf][0xbd][0xef][0xbf][0xbd]a[0xef][0xbf][0xbd]s;mE[0xd1][0x85]%^[0xef][0xbf][0xbd][0xef][0xbf][0xbd]wt[0xef][0xbf][0xbd]r[0xef][0xbf][0xbd][0xf][0xef][0xbf][0xbd]o[0x1b][0xef][0xbf][0xbd][0xef][0xbf][0xbd]'?[0xef][0xbf][0xbd]![0x6]c[0x1]g[0xef][0xbf][0xbd]R[0xef][0xbf][0xbd][0xef][0xbf][0xbd][0xef][0xbf][0xbd]x[0x19]$[0xef][0xbf][0xbd]r|[0xef][0xbf][0xbd].[0xd7][0xa2][0xef][0xbf][0xbd]s[0xef][0xbf][0xbd][\n]"
07:56:29.999 [main] DEBUG org.apache.http.wire -  >> "e[0xef][0xbf][0xbd][0xef][0xbf][0xbd][0xd1][0x99]\L[0xef][0xbf][0xbd][0xef][0xbf][0xbd]X[0xef][0xbf][0xbd]4[0xef][0xbf][0xbd]o[0xef][0xbf][0xbd]?[0xef][0xbf][0xbd][0xef][0xbf][0xbd]2[0xef][0xbf][0xbd]2[0xef][0xbf][0xbd][0xef][0xbf][0xbd][0xef][0xbf][0xbd][0xc6][0x8c][0xef][0xbf][0xbd][0xef][0xbf][0xbd][0xef][0xbf][0xbd][0xef][0xbf][0xbd][0xef][0xbf][0xbd][0xef][0xbf][0xbd][0x1f]?~x[0xef][0xbf][0xbd][0xef][0xbf][0xbd][0xef][0xbf][0xbd][0xef][0xbf][0xbd][0xef][0xbf][0xbd][0xcb][0x8f][0xef][0xbf][0xbd][0xef][0xbf][0xbd][0xef][0xbf][0xbd][0xef][0xbf][0xbd][0xef][0xbf][0xbd][0xef][0xbf][0xbd]?[0xef][0xbf][0xbd][0xef][0xbf][0xbd][0xef][0xbf][0xbd][0xef][0xbf][0xbd][0xef][0xbf][0xbd][0xef][0xbf][0xbd][0xef][0xbf][0xbd][0xef][0xbf][0xbd][0xef][0xbf][0xbd][0xef][0xbf][0xbd][0xd1][0xba][0xef][0xbf][0xbd][0x6][0xef][0xbf][0xbd][0xef][0xbf][0xbd]T[0xef][0xbf][0xbd]k[0x5][0xef][0xbf][0xbd]T`8[0xef][0xbf][0xbd][0xef][0xbf][0xbd][0xef][0xbf][0xbd]][0x12][0x1d][0xef][0xbf][0xbd]hd$s[0xef][0xbf][0xbd]4[0x7][0xef][0xbf][0xbd]k[0xef][0xbf][0xbd][0xef][0xbf][0xbd][0x1e]v[0xef][0xbf][0xbd][0xef][0xbf][0xbd]<[0xef][0xbf][0xbd]Y[0xef][0xbf][0xbd]D[0xef][0xbf][0xbd]E\&[0xef][0xbf][0xbd][0xef][0xbf][0xbd]Db f[0xef][0xbf][0xbd]H")#[0x15]rF[0xef][0xbf][0xbd]71[0x1][0xef][0xbf][0xbd][0xdd][0x82]G[0xef][0xbf][0xbd][0xef][0xbf][0xbd][0xc5][0xb3]S6[0x1a][0xef][0xbf][0xbd][0xef][0xbf][0xbd]-[0xc][0xef][0xbf][0xbd][\n]"
07:56:29.999 [main] DEBUG org.apache.http.wire -  >> "d[0xc7][0x8c][0xef][0xbf][0xbd][0xef][0xbf][0xbd][0xef][0xbf][0xbd][0xef][0xbf][0xbd][0xef][0xbf][0xbd][0x1f][0xef][0xbf][0xbd]*[0xef][0xbf][0xbd]e[0xef][0xbf][0xbd][\r]9[0xef][0xbf][0xbd][0xd3][0xba][0xef][0xbf][0xbd][0xef][0xbf][0xbd][0xc3][0x8c](Qk[0xef][0xbf][0xbd]l:[0xef][0xbf][0xbd][0xef][0xbf][0xbd][0xef][0xbf][0xbd]^[0xef][0xbf][0xbd][0x5][0xef][0xbf][0xbd][0xef][0xbf][0xbd]d[0xef][0xbf][0xbd][0xef][0xbf][0xbd][0xc][0xc9][0x80]/[0xef][0xbf][0xbd]0[0xef][0xbf][0xbd][0xef][0xbf][0xbd][[0xef][0xbf][0xbd]([0x1e],[0xef][0xbf][0xbd][0xb][0xef][0xbf][0xbd]Ms[0x1f]J[0x14]J[0xef][0xbf][0xbd]X.[0xef][0xbf][0xbd]]SL[0xef][0xbf][0xbd]h1-[0xef][0xbf][0xbd][0x1f]QV`pOb[0xd0][0x83]N[0xef][0xbf][0xbd]L[0xe][0xef][0xbf][0xbd]S[0xef][0xbf][0xbd][0xef][0xbf][0xbd][[0xef][0xbf][0xbd]V&1[0xef][0xbf][0xbd].[0xef][0xbf][0xbd]T[0xef][0xbf][0xbd][0xef][0xbf][0xbd]"[0xef][0xbf][0xbd][0xef][0xbf][0xbd][0xef][0xbf][0xbd][0xef][0xbf][0xbd][0xef][0xbf][0xbd][0x1e]l[0xef][0xbf][0xbd][0xef][0xbf][0xbd]p6[0xef][0xbf][0xbd][0xef][0xbf][0xbd][0xef][0xbf][0xbd][0xef][0xbf][0xbd][0xef][0xbf][0xbd][0xef][0xbf][0xbd]0[0xef][0xbf][0xbd]cHiL[0xef][0xbf][0xbd][0xef][0xbf][0xbd][0xef][0xbf][0xbd][0x0]x[0xef][0xbf][0xbd][0x4][0xef][0xbf][0xbd][_ [0xef][0xbf][0xbd][0xef][0xbf][0xbd][0xef][0xbf][0xbd][0xef][0xbf][0xbd]S[0xef][0xbf][0xbd]u[0xef][0xbf][0xbd]:[0xef][0xbf][0xbd][0xef][0xbf][0xbd][0x1d][0xef][0xbf][0xbd](![0x4]"[0xef][0xbf][0xbd]*+s[0xef][0xbf][0xbd][0xef][0xbf][0xbd][0xef][0xbf][0xbd]N[0xef][0xbf][0xbd]{[\r][\n]"
07:56:30.000 [main] DEBUG org.apache.http.wire -  >> "[0xef][0xbf][0xbd]FP[0xef][0xbf][0xbd][0xcd][0x91][0xce][0x92][0x9]7[0xcc][0xa4][0xef][0xbf][0xbd]~[0xef][0xbf][0xbd][0xef][0xbf][0xbd][0xef][0xbf][0xbd][0xef][0xbf][0xbd]&[0xef][0xbf][0xbd][0xef][0xbf][0xbd][0xef][0xbf][0xbd]|[0xef][0xbf][0xbd][0xcf][0xa5][0x2][0xb]L.[0x4][0xef][0xbf][0xbd][0x6][0xef][0xbf][0xbd][0xef][0xbf][0xbd][0xef][0xbf][0xbd]J[0xef][0xbf][0xbd]x[0xef][0xbf][0xbd][0xef][0xbf][0xbd]UL[0xca][0xbc][0xef][0xbf][0xbd]~[0xef][0xbf][0xbd]:kG[0x16][0xef][0xbf][0xbd][0xef][0xbf][0xbd][0xc8][0xb4][0xef][0xbf][0xbd][0xef][0xbf][0xbd][0x1c][0xef][0xbf][0xbd][0xef][0xbf][0xbd][0xef][0xbf][0xbd]d~[0xef][0xbf][0xbd][0x14][0xef][0xbf][0xbd]|[0xef][0xbf][0xbd][0xef][0xbf][0xbd][0xef][0xbf][0xbd][0xcf][0xa1].[0xef][0xbf][0xbd]8[0xef][0xbf][0xbd][0xef][0xbf][0xbd][0xef][0xbf][0xbd]e[0x17][0x2]P[0xef][0xbf][0xbd]0o[0xef][0xbf][0xbd][0xef][0xbf][0xbd][0xef][0xbf][0xbd][0xef][0xbf][0xbd][0xef][0xbf][0xbd]k[0xef][0xbf][0xbd][0xdb][0x89]Y[0xef][0xbf][0xbd][0xd6][0x9c][0x9]Y[0xef][0xbf][0xbd]2[0xef][0xbf][0xbd][0x2][0xef][0xbf][0xbd]cHFF-[0x15][0xef][0xbf][0xbd]v[0x16]Q[0xef][0xbf][0xbd][0xef][0xbf][0xbd][0xef][0xbf][0xbd][0xca][0xba][0xef][0xbf][0xbd][0xef][0xbf][0xbd][0xef][0xbf][0xbd][0x10][0xef][0xbf][0xbd]&[0xef][0xbf][0xbd][0xef][0xbf][0xbd][0x17][0xef][0xbf][0xbd]Ia[0xef][0xbf][0xbd][0xb]fe+g[0xef][0xbf][0xbd][0xef][0xbf][0xbd]Wc[0xef][0xbf][0xbd][0x5]B[0xcf][0xb3][0xef][0xbf][0xbd][0xef][0xbf][0xbd]n[0xef][0xbf][0xbd][\r][0xef][0xbf][0xbd]8[0xef][0xbf][0xbd][0x6][0xef][0xbf][0xbd]}[0xef][0xbf][0xbd]n[0xc8][0xb3][0xef][0xbf][0xbd]{[0xef][0xbf][0xbd]05^q[0xef][0xbf][0xbd][0xef][0xbf][0xbd]>q[0xef][0xbf][0xbd]qy[0xef][0xbf][0xbd][0xef][0xbf][0xbd][0xef][0xbf][0xbd][0xef][0xbf][0xbd]@[0xef][0xbf][0xbd][0xef][0xbf][0xbd]b[0xef][0xbf][0xbd][0xef][0xbf][0xbd]&[0xef][0xbf][0xbd]I[0x1b][0xef][0xbf][0xbd][0xef][0xbf][0xbd]1[0xd4][0x92]K[0xef][0xbf][0xbd]T[0x1e]m[0xec][0x84][0xac]A[0xef][0xbf][0xbd]W[0xef][0xbf][0xbd][0xef][0xbf][0xbd]<yT[0xef][0xbf][0xbd][0x2]vd"yDDK[0x10]'06Z[0xef][0xbf][0xbd][0xef][0xbf][0xbd][0xef][0xbf][0xbd]s[0xef][0xbf][0xbd][0xef][0xbf][0xbd]f[0xef][0xbf][0xbd]X[0xef][0xbf][0xbd]J[0xef][0xbf][0xbd]N[0xef][0xbf][0xbd]j[0x5]x:jI)[0x1b]/3[0xef][0xbf][0xbd][0xef][0xbf][0xbd]c[0xef][0xbf][0xbd]MTK[0xef][0xbf][0xbd]%[0x18][0x5]>[0x1e][[0xef][0xbf][0xbd]#q0[0xef][0xbf][0xbd][0x19])[0x12]*qM[0xef][0xbf][0xbd] [0xef][0xbf][0xbd]'-[0x1b][0xef][0xbf][0xbd][0xef][0xbf][0xbd][0xef][0xbf][0xbd][0x12]g[0xef][0xbf][0xbd][0xef][0xbf][0xbd][0xef][0xbf][0xbd]bz#[0xef][0xbf][0xbd]AT[0xef][0xbf][0xbd][0x17][0xef][0xbf][0xbd][0x12][0xef][0xbf][0xbd]rn[0xf0][0x9a][0x99][0x8f]^[0xef][0xbf][0xbd]<-`[0xef][0xbf][0xbd][0xef][0xbf][0xbd][0xef][0xbf][0xbd]q[0x1][\r]*[0xe]tK[0xef][0xbf][0xbd]cAS[0xef][0xbf][0xbd][0xef][0xbf][0xbd][0xef][0xbf][0xbd]D[0xef][0xbf][0xbd][0x2][0xef][0xbf][0xbd] iFC[0xef][0xbf][0xbd][0xef][0xbf][0xbd][0xef][0xbf][0xbd]d[0x2][0xef][0xbf][0xbd][0x14][0xc9][0xb8][0xef][0xbf][0xbd][0x18][0xef][0xbf][0xbd][0x1d][0xef][0xbf][0xbd][0xef][0xbf][0xbd]C[0xc9][0xb8][0xef][0xbf][0xbd][0xef][0xbf][0xbd][0xef][0xbf][0xbd][0xef][0xbf][0xbd]i[0xef][0xbf][0xbd]K<[0xef][0xbf][0xbd][0xef][0xbf][0xbd][0xef][0xbf][0xbd]y4[0xef][0xbf][0xbd][0xef][0xbf][0xbd]PbU[0xef][0xbf][0xbd]c[0xe5][0x98][0x81][0xef][0xbf][0xbd]n[0xe8][0x8e][0xbe]C/[0xef][0xbf][0xbd]Q[0xef][0xbf][0xbd][0xef][0xbf][0xbd]0[0xef][0xbf][0xbd][0xef][0xbf][0xbd][0xef][0xbf][0xbd]0[0xe]$1[0xef][0xbf][0xbd]X[0xef][0xbf][0xbd][\r][0xef][0xbf][0xbd][0xef][0xbf][0xbd]D[0xef][0xbf][0xbd][0xef][0xbf][0xbd]NCl[0xef][0xbf][0xbd][0xef][0xbf][0xbd][0xf]O[0xef][0xbf][0xbd][0x1e]&[0xef][0xbf][0xbd]4N[0xef][0xbf][0xbd]L[0xef][0xbf][0xbd][0xd4][0xb7][0xef][0xbf][0xbd][0xe]qn[0xef][0xbf][0xbd][0xef][0xbf][0xbd]H[0xef][0xbf][0xbd]p[0xef][0xbf][0xbd][0xef][0xbf][0xbd][0xef][0xbf][0xbd]RP[0xef][0xbf][0xbd]3[0xf]M7[0xef][0xbf][0xbd]7s[0xef][0xbf][0xbd][0xef][0xbf][0xbd]aeh.)[0xef][0xbf][0xbd][0x1]T[0xef][0xbf][0xbd][0xef][0xbf][0xbd]pA[0xef][0xbf][0xbd][0xef][0xbf][0xbd]W[0xef][0xbf][0xbd][0xef][0xbf][0xbd]-st[0xef][0xbf][0xbd]Y[0xef][0xbf][0xbd][0x19][0xef][0xbf][0xbd][0xef][0xbf][0xbd]W[0xd2][0x8e][0xef][0xbf][0xbd]>[0x17]Y[0x15]d[0xef][0xbf][0xbd][0xef][0xbf][0xbd]E[0xef][0xbf][0xbd]5[0xef][0xbf][0xbd][0x16][0xef][0xbf][0xbd]b[\r]5[0xef][0xbf][0xbd][0xef][0xbf][0xbd]1[0xef][0xbf][0xbd][0xef][0xbf][0xbd];[0xef][0xbf][0xbd][0xef][0xbf][0xbd]L[0xef][0xbf][0xbd][0xe][0xef][0xbf][0xbd][0xef][0xbf][0xbd]*%[0xef][0xbf][0xbd][0xef][0xbf][0xbd]&[0xef][0xbf][0xbd][0xef][0xbf][0xbd][0xef][0xbf][0xbd][0xef][0xbf][0xbd][0xef][0xbf][0xbd][0xef][0xbf][0xbd]^[0xd9][0xae]b[0xef][0xbf][0xbd][0xef][0xbf][0xbd]UB[0xd6][0xac][0xcb][0x9e][0xef][0xbf][0xbd]Y[0xef][0xbf][0xbd]P1[0xef][0xbf][0xbd]i[0xef][0xbf][0xbd]R[0xef][0xbf][0xbd]i[0xef][0xbf][0xbd]A[0xdd][0x94]>[0xef][0xbf][0xbd]qDq[0xef][0xbf][0xbd]}[0x1a][0xef][0xbf][0xbd][0xef][0xbf][0xbd]kj[0xef][0xbf][0xbd]i[0xb][0x8] 4aCG[0xef][0xbf][0xbd]_[0xef][0xbf][0xbd][0xef][0xbf][0xbd][0xef][0xbf][0xbd]e[0xef][0xbf][0xbd]=+[0x1a][0xef][0xbf][0xbd][0xb][0xef][0xbf][0xbd][0xef][0xbf][0xbd][0xef][0xbf][0xbd]X[0xef][0xbf][0xbd][0xef][0xbf][0xbd]G[0xef][0xbf][0xbd][0xef][0xbf][0xbd][0xef][0xbf][0xbd][0x19]M=0[0xef][0xbf][0xbd][0xef][0xbf][0xbd][0xb]y[0xe4][0x93][0x94]9[0xef][0xbf][0xbd][0xc7][0xae]`[0x16][0xef][0xbf][0xbd][0xef][0xbf][0xbd][0xef][0xbf][0xbd][0x13]#[[0x5][0xef][0xbf][0xbd][0xf][0xef][0xbf][0xbd]Z[0xef][0xbf][0xbd]x;[0xef][0xbf][0xbd]}0[0xef][0xbf][0xbd][0xef][0xbf][0xbd][0xef][0xbf][0xbd][0x15][0xc8][0x98][0x14][0xef][0xbf][0xbd][0x15][0xef][0xbf][0xbd][0xef][0xbf][0xbd][0xef][0xbf][0xbd][0xef][0xbf][0xbd][0xef][0xbf][0xbd]4"[0xef][0xbf][0xbd][0xe6][0xab][0x99][0x17]][0xef][0xbf][0xbd][0x7][0xef][0xbf][0xbd][0xef][0xbf][0xbd]Q[0xef][0xbf][0xbd]N[0x7][0xef][0xbf][0xbd]f[0x4][0xef][0xbf][0xbd]Q[0xef][0xbf][0xbd][0xef][0xbf][0xbd][0x15]S[0x19][}[0x11]|[0xef][0xbf][0xbd][0xef][0xbf][0xbd]iA[0xef][0xbf][0xbd][0x14][0xef][0xbf][0xbd][0xf]A[0xef][0xbf][0xbd]|[0xef][0xbf][0xbd][0xd2][0xbb].[0xef][0xbf][0xbd][0xef][0xbf][0xbd]]!jZ[0xb][0xef][0xbf][0xbd][0x1f][0xef][0xbf][0xbd]^[0xef][0xbf][0xbd]A[\n]"
07:56:30.000 [main] DEBUG org.apache.http.wire -  >> "}a[0x2][0xef][0xbf][0xbd]x[0xef][0xbf][0xbd]#}^[0xef][0xbf][0xbd](t[0xd8][0xad][0xef][0xbf][0xbd][0xef][0xbf][0xbd][0xef][0xbf][0xbd][0x1][0xef][0xbf][0xbd][0xef][0xbf][0xbd][0xef][0xbf][0xbd]F[0xd9][0x9d]q[0xef][0xbf][0xbd][0xef][0xbf][0xbd][0xc7][0x82]J[0xef][0xbf][0xbd][0xef][0xbf][0xbd]2r[0xef][0xbf][0xbd][0xef][0xbf][0xbd][0xef][0xbf][0xbd][0xef][0xbf][0xbd][0x18][0xef][0xbf][0xbd][0xef][0xbf][0xbd][0xef][0xbf][0xbd]z[0xef][0xbf][0xbd]c[0xef][0xbf][0xbd]A[0xef][0xbf][0xbd][0xef][0xbf][0xbd]d)[0xde][0x95]|[0xef][0xbf][0xbd][0xd9][0xb2]I[0xef][0xbf][0xbd]j[0xef][0xbf][0xbd]Y[0xef][0xbf][0xbd][0x2]}[0xef][0xbf][0xbd][0xef][0xbf][0xbd][0xef][0xbf][0xbd],[0xef][0xbf][0xbd]c[0x10][0xef][0xbf][0xbd][0xef][0xbf][0xbd][0xef][0xbf][0xbd][0xef][0xbf][0xbd][0xef][0xbf][0xbd]3[0xef][0xbf][0xbd]-[0xef][0xbf][0xbd][0xef][0xbf][0xbd][0xef][0xbf][0xbd]*E[0xef][0xbf][0xbd]f[0x16]d[0xef][0xbf][0xbd][0xef][0xbf][0xbd]F[0xef][0xbf][0xbd]B[0xef][0xbf][0xbd]Q[0xef][0xbf][0xbd]K[0xef][0xbf][0xbd][0xef][0xbf][0xbd][0xef][0xbf][0xbd][0xef][0xbf][0xbd][0xef][0xbf][0xbd]}[0xef][0xbf][0xbd]~[0xef][0xbf][0xbd]5[0xef][0xbf][0xbd]d[0xef][0xbf][0xbd]KJ[0xb][0xef][0xbf][0xbd][0xef][0xbf][0xbd]:[0x0][0xef][0xbf][0xbd][0xef][0xbf][0xbd]m0[0xef][0xbf][0xbd][0xef][0xbf][0xbd]{4[0xef][0xbf][0xbd][0xef][0xbf][0xbd]r[0xef][0xbf][0xbd][0xe5][0xa2][0xa5]<[0xef][0xbf][0xbd])P[0xef][0xbf][0xbd][\r][0xef][0xbf][0xbd]Z[0xef][0xbf][0xbd]]B[0xef][0xbf][0xbd][0xef][0xbf][0xbd][0xef][0xbf][0xbd]7[0xef][0xbf][0xbd][Z[0xef][0xbf][0xbd][0xef][0xbf][0xbd][0xef][0xbf][0xbd][0x1b]q[\n]"
07:56:30.000 [main] DEBUG org.apache.http.wire -  >> "R[0xc]z[0xef][0xbf][0xbd]&[0xef][0xbf][0xbd][0xc5][0xbf][0x0]p[0xef][0xbf][0xbd][E[0xef][0xbf][0xbd][0xef][0xbf][0xbd][0xd8][0xb3][\n]"
07:56:30.000 [main] DEBUG org.apache.http.wire -  >> "[0xe][0xef][0xbf][0xbd]a[0xef][0xbf][0xbd]X'[0xef][0xbf][0xbd]n[0xc][0x6]4z[0xef][0xbf][0xbd][0xef][0xbf][0xbd]Rw\[0xef][0xbf][0xbd]z[0x5][0xef][0xbf][0xbd][0xef][0xbf][0xbd][\r]sZ[\r][0xef][0xbf][0xbd]&[0xef][0xbf][0xbd]/^[0xef][0xbf][0xbd]:[0x10][0xef][0xbf][0xbd]` [0xdf][0xbf][0xef][0xbf][0xbd][0x4][0x11][0xef][0xbf][0xbd]U[0x14]Y_[0xef][0xbf][0xbd]O[0x14]oz[0xef][0xbf][0xbd][0x1a][0xef][0xbf][0xbd][0x1e][[0xef][0xbf][0xbd][0xeb][0x88][0xa9]n[0xef][0xbf][0xbd][0xef][0xbf][0xbd]|U[0xd6][0xb7]&[0x5]9[0xef][0xbf][0xbd]v[0xef][0xbf][0xbd][0xef][0xbf][0xbd][\n]"
07:56:30.000 [main] DEBUG org.apache.http.wire -  >> "Po[0xef][0xbf][0xbd][0xef][0xbf][0xbd][0xef][0xbf][0xbd]=[0x1d][0xef][0xbf][0xbd][0x10][0xef][0xbf][0xbd][0x1b][0xef][0xbf][0xbd]9[0x12]r[0x10][0xef][0xbf][0xbd][0xef][0xbf][0xbd][0x18][0xef][0xbf][0xbd][0xef][0xbf][0xbd][0xef][0xbf][0xbd]\\[0xef][0xbf][0xbd][0xef][0xbf][0xbd]g[0xef][0xbf][0xbd][0xd0][0x9f].m[0xef][0xbf][0xbd][0xef][0xbf][0xbd][0xef][0xbf][0xbd][0xef][0xbf][0xbd][0xef][0xbf][0xbd][0xef][0xbf][0xbd]~c[0xef][0xbf][0xbd][0x1b]][0xd5][0xa7]:[0xef][0xbf][0xbd]#[0x1e][0xef][0xbf][0xbd][0xef][0xbf][0xbd]X)[\r]q[0xef][0xbf][0xbd]j^[0xef][0xbf][0xbd][0xef][0xbf][0xbd][0xef][0xbf][0xbd][0xef][0xbf][0xbd][\r][0x13][0xef][0xbf][0xbd][0xe5][0xbf][0xa9][0xef][0xbf][0xbd]U[0xef][0xbf][0xbd][\n]"
07:56:30.000 [main] DEBUG org.apache.http.wire -  >> "endstream[\n]"
07:56:30.000 [main] DEBUG org.apache.http.wire -  >> "endobj[\n]"
07:56:30.000 [main] DEBUG org.apache.http.wire -  >> "2"
07:56:30.001 [main] DEBUG org.apache.http.wire -  >> " 0 obj[\n]"
07:56:30.001 [main] DEBUG org.apache.http.wire -  >> "<</Type /Page[\n]"
07:56:30.001 [main] DEBUG org.apache.http.wire -  >> "/Resources <</ProcSet [/PDF /Text /ImageB /ImageC /ImageI][\n]"
07:56:30.001 [main] DEBUG org.apache.http.wire -  >> "/ExtGState <</G3 3 0 R>>[\n]"
07:56:30.001 [main] DEBUG org.apache.http.wire -  >> "/Font <</F4 4 0 R>>>>[\n]"
07:56:30.001 [main] DEBUG org.apache.http.wire -  >> "/MediaBox [0 0 596 842][\n]"
07:56:30.001 [main] DEBUG org.apache.http.wire -  >> "/Contents 5 0 R[\n]"
07:56:30.001 [main] DEBUG org.apache.http.wire -  >> "/StructParents 0[\n]"
07:56:30.001 [main] DEBUG org.apache.http.wire -  >> "/Parent 10 0 R>>[\n]"
07:56:30.001 [main] DEBUG org.apache.http.wire -  >> "endobj[\n]"
07:56:30.001 [main] DEBUG org.apache.http.wire -  >> "6 0 obj[\n]"
07:56:30.001 [main] DEBUG org.apache.http.wire -  >> "<</Type /Page[\n]"
07:56:30.001 [main] DEBUG org.apache.http.wire -  >> "/Resources <</ProcSet [/PDF /Text /ImageB /ImageC /ImageI][\n]"
07:56:30.001 [main] DEBUG org.apache.http.wire -  >> "/ExtGState <</G3 3 0 R>>[\n]"
07:56:30.001 [main] DEBUG org.apache.http.wire -  >> "/Font <</F4 4 0 R>>>>[\n]"
07:56:30.001 [main] DEBUG org.apache.http.wire -  >> "/MediaBox [0 0 596 842][\n]"
07:56:30.001 [main] DEBUG org.apache.http.wire -  >> "/Contents 7 0 R[\n]"
07:56:30.001 [main] DEBUG org.apache.http.wire -  >> "/StructParents 1[\n]"
07:56:30.001 [main] DEBUG org.apache.http.wire -  >> "/Parent 10 0 R>>[\n]"
07:56:30.001 [main] DEBUG org.apache.http.wire -  >> "endobj[\n]"
07:56:30.001 [main] DEBUG org.apache.http.wire -  >> "8 0 obj[\n]"
07:56:30.001 [main] DEBUG org.apache.http.wire -  >> "<</Type /Page[\n]"
07:56:30.001 [main] DEBUG org.apache.http.wire -  >> "/Resources <</ProcSet [/PDF /Text /ImageB /ImageC /ImageI][\n]"
07:56:30.001 [main] DEBUG org.apache.http.wire -  >> "/ExtGState <</G3 3 0 R>>[\n]"
07:56:30.001 [main] DEBUG org.apache.http.wire -  >> "/Font <</F4 4 0 R>>>>[\n]"
07:56:30.001 [main] DEBUG org.apache.http.wire -  >> "/MediaBox [0 0 596 842][\n]"
07:56:30.001 [main] DEBUG org.apache.http.wire -  >> "/Contents 9 0 R[\n]"
07:56:30.001 [main] DEBUG org.apache.http.wire -  >> "/StructParents 2[\n]"
07:56:30.001 [main] DEBUG org.apache.http.wire -  >> "/Parent 10 0 R>>[\n]"
07:56:30.001 [main] DEBUG org.apache.http.wire -  >> "endobj[\n]"
07:56:30.001 [main] DEBUG org.apache.http.wire -  >> "10 0 obj[\n]"
07:56:30.001 [main] DEBUG org.apache.http.wire -  >> "<</Type /Pages[\n]"
07:56:30.001 [main] DEBUG org.apache.http.wire -  >> "/Count 3[\n]"
07:56:30.001 [main] DEBUG org.apache.http.wire -  >> "/Kids [2 0 R 6 0 R 8 0 R]>>[\n]"
07:56:30.001 [main] DEBUG org.apache.http.wire -  >> "endobj[\n]"
07:56:30.001 [main] DEBUG org.apache.http.wire -  >> "11 0 obj[\n]"
07:56:30.001 [main] DEBUG org.apache.http.wire -  >> "<</Type /Catalog[\n]"
07:56:30.001 [main] DEBUG org.apache.http.wire -  >> "/Pages 10 0 R>>[\n]"
07:56:30.001 [main] DEBUG org.apache.http.wire -  >> "endobj[\n]"
07:56:30.001 [main] DEBUG org.apache.http.wire -  >> "12 0 obj[\n]"
07:56:30.001 [main] DEBUG org.apache.http.wire -  >> "<</Length1 19712[\n]"
07:56:30.001 [main] DEBUG org.apache.http.wire -  >> "/Filter /FlateDecode[\n]"
07:56:30.001 [main] DEBUG org.apache.http.wire -  >> "/Length 9607>> stream[\n]"
07:56:30.001 [main] DEBUG org.apache.http.wire -  >> "x[0xef][0xbf][0xbd][0xef][0xbf][0xbd]|ix[0x14][0xef][0xbf][0xbd][0xef][0xbf][0xbd][0xef][0xbf][0xbd][0xef][0xbf][0xbd]ef[0xef][0xbf][0xbd][0xef][0xbf][0xbd]L6H[0xef][0xbf][0xbd][0xef][0xbf][0xbd]d aI[0x8][0xef][0xbf][0xbd][\r][0xc2][0xae][0xef][0xbf][0xbd]U%[0xef][0xbf][0xbd][0xef][0xbf][0xbd][0xef][0xbf][0xbd]l[0xef][0xbf][0xbd][0xef][0xbf][0xbd][0x10]vdS[0x16]C[0x8][0x6][0x14][0x1][0xef][0xbf][0xbd][0x0][0xef][0xbf][0xbd],[\n]"
07:56:30.001 [main] DEBUG org.apache.http.wire -  >> "[0xef][0xbf][0xbd]Q[0xef][0xbf][0xbd][0xef][0xbf][0xbd]J[0xef][0xbf][0xbd][0x2][0x2]*[0x6]T.x[0x11][0x5][0xf1][0xaa][0x80][0xa2]^[0x15]$[0xef][0xbf][0xbd][0xef][0xbf][0xbd][0xef][0xbf][0xbd]T[0xef][0xbf][0xbd]L2[0xef][0xbf][0xbd][0x4][0xef][0xbf][0xbd][0xef][0xbf][0xbd][0xef][0xbf][0xbd]<[0xdf][0x8f][0xef][0xbf][0xbd]N[0xef][0xbf][0xbd][0xef][0xbf][0xbd]}[0xef][0xbf][0xbd][0xef][0xbf][0xbd][0xef][0xbf][0xbd][0xef][0xbf][0xbd]Vg[0xef][0xbf][0xbd][0xef][0xbf][0xbd][0x0][0x4][0x0][0xef][0xbf][0xbd]X[0xef][0xbf][0xbd][0xef][0xbf][0xbd][0xef][0xbf][0xbd][0xef][0xbf][0xbd]-[0xef][0xbf][0xbd][0xef][0xbf][0xbd][0xef][0xbf][0xbd]H?[0x0] [0xef][0xbf][0xbd]bk[0xef][0xbf][0xbd][0x1e][0xef][0xbf][0xbd]}[0xef][0xbf][0xbd][0xef][0xbf][0xbd][0xef][0xbf][0xbd][0xf][0xef][0xbf][0xbd][0x0]"[0xef][0xbf][0xbd][0x3]0+=[0xef][0xbf][0xbd][0xf][0xef][0xbf][0xbd][0xef][0xbf][0xbd][0xef][0xbf][0xbd][0xef][0xbf][0xbd]z[0xef][0xbf][0xbd][0x0][0xd2][0xab][0xef][0xbf][0xbd][0xef][0xbf][0xbd]`[0xef][0xbf][0xbd][0xef][0xbf][0xbd][0xef][0xbf][0xbd]mf5[0xef][0xbf][0xbd][0xef][0xbf][0xbd][0x1a][0x0][0x1d][0xef][0xbf][0xbd][0xef][0xbf][0xbd]G[0xef][0xbf][0xbd][0xef][0xbf][0xbd]2rzcQ[0xef][0xbf][0xbd][0xef][0xbf][0xbd][0xef][0xbf][0xbd][0x9][0xef][0xbf][0xbd][0xef][0xbf][0xbd][0xef][0xbf][0xbd][0xef][0xbf][0xbd]3[0xef][0xbf][0xbd][0xef][0xbf][0xbd]b[0xef][0xbf][0xbd][0xef][0xbf][0xbd][0x18][0xef][0xbf][0xbd]p[0xef][0xbf][0xbd][0x7][0xef][0xbf][0xbd][0xef][0xbf][0xbd]>n[0xef][0xbf][0xbd][0xef][0xbf][0xbd][0xef][0xbf][0xbd]#[0xef][0xbf][0xbd][0x0][0xef][0xbf][0xbd][0xef][0xbf][0xbd]?y{[0xef][0xbf][0xbd][0xc8][0x99][0xef][0xbf][0xbd][0xef][0xbf][0xbd][0xc]ax[0xef][0xbf][0xbd][0xef][0xbf][0xbd][0xef][0xbf][0xbd][0xef][0xbf][0xbd][0xef][0xbf][0xbd]M[0xef][0xbf][0xbd]?v[0xef][0xbf][0xbd][0xef][0xbf][0xbd][0xef][0xbf][0xbd]B[0xef][0xbf][0xbd]F[0xef][0xbf][0xbd][0x0]-[0xef][0xbf][0xbd][0xef][0xbf][0xbd][0xef][0xbf][0xbd]S[0xef][0xbf][0xbd][0x1b][0xef][0xbf][0xbd]pw[0x0]Kc[0xef][0xbf][0xbd]sc[0xef][0xbf][0xbd][0xef][0xbf][0xbd][0xef][0xbf][0xbd][0xef][0xbf][0xbd]+'[0xef][0xbf][0xbd]][0xef][0xbf][0xbd][0xef][0xbf][0xbd][[0xef][0xbf][0xbd][0xef][0xbf][0xbd]xl[0x8]8hZ[0xef][0xbf][0xbd][0xef][0xbf][0xbd]<[0xef][0xbf][0xbd][0x1b][0xef][0xbf][0xbd][0xef][0xbf][0xbd]2k^[0xef][0xbf][0xbd]tG+[0xef][0xbf][0xbd][0xef][0xbf][0xbd]r[0xef][0xbf][0xbd]c[0xef][0xbf][0xbd][0xef][0xbf][0xbd]i[0xef][0xbf][0xbd]F[0xda][0xa7]4[0xef][0xbf][0xbd][0x17] [0xef][0xbf][0xbd][\n]"
07:56:30.001 [main] DEBUG org.apache.http.wire -  >> " [0xef][0xbf][0xbd]M[0x19]9o[0xef][0xbf][0xbd][0x18]*X[0xef][0xbf][0xbd][[0xef][0xbf][0xbd][0xef][0xbf][0xbd]:r[0xef][0xbf][0xbd][0x18][0xef][0xbf][0xbd][0xef][0xbf][0xbd]$[0xef][0xbf][0xbd]=[0xef][0xbf][0xbd][0xef][0xbf][0xbd][0xef][0xbf][0xbd]O[0xef][0xbf][0xbd]6s[0xef][0xbf][0xbd]6[0x5]F[0xef][0xbf][0xbd]u[0xe][0xef][0xbf][0xbd]?=o[0xef][0xbf][0xbd][0xef][0xbf][0xbd][0xef][0xbf][0xbd][0xef][0xbf][0xbd][0xef][0xbf][0xbd]9[0xef][0xbf][0xbd][0xef][0xbf][0xbd][0x19][0xef][0xbf][0xbd]m[0xef][0xbf][0xbd][0xef][0xbf][0xbd][0x0]E|[0xef][0xbf][0xbd][0xef][0xbf][0xbd]A(^[0x3][0xef][0xbf][0xbd][0x12][0xef][0xbf][0xbd] [0x12][0x6][0xef][0xbf][0xbd][0xef][0xbf][0xbd] [0xef][0xbf][0xbd][0xef][0xbf][0xbd] [0xef][0xbf][0xbd]@[0x1b][0xef][0xbf][0xbd][0xef][0xbf][0xbd][0xef][0xbf][0xbd][0xef][0xbf][0xbd][@[0xef][0xbf][0xbd][0xef][0xbf][0xbd][0xc6][0xab][0xef][0xbf][0xbd]O[0xef][0xbf][0xbd]&[0xef][0xbf][0xbd]AH[[0xef][0xbf][0xbd];1joK+[0xef][0xbf][0xbd][0x18][0xef][0xbf][0xbd][0x1d][0xef][0xbf][0xbd][0xef][0xbf][0xbd]-[0xef][0xbf][0xbd]e[0x1f]6m[0xef][0xbf][0xbd][0xef][0xbf][0xbd][0xef][0xbf][0xbd][0x1d]~[0xef][0xbf][0xbd][0xef][0xbf][0xbd]f~[0xef][0xbf][0xbd][0xef][0xbf][0xbd]O[0xef][0xbf][0xbd][0xef][0xbf][0xbd][0xef][0xbf][0xbd][0xef][0xbf][0xbd][0x19][0xef][0xbf][0xbd][0xef][0xbf][0xbd][0xef][0xbf][0xbd][0x18][0xef][0xbf][0xbd]g[0xef][0xbf][0xbd]V[0xef][0xbf][0xbd][0x8]Zpr[0xef][0xbf][0xbd][0xef][0xbf][0xbd][0x14][0x1a]y[0xef][0xbf][0xbd]C8[0xef][0xbf][0xbd][0xef][0xbf][0xbd][0xef][0xbf][0xbd][0x7][0x1f][0x11][0xef][0xbf][0xbd]m[0x2][0xef][0xbf][0xbd]x[0xef][0xbf][0xbd][0x1]:a[0xef][0xbf][0xbd][0xef][0xbf][0xbd][0x14][0x10][0x18][0x4][0xc3][0x80][0xef][0xbf][0xbd]C[0xef][0xbf][0xbd]][0xef][0xbf][0xbd][0xef][0xbf][0xbd][0x1c][0xef][0xbf][0xbd]a)[0x14][0xef][0xbf][0xbd]<[0xef][0xbf][0xbd][0x14][0xef][0xbf][0xbd][0x0][0x6][0xef][0xbf][0xbd][0x13]0[0x2]{[0xef][0xbf][0xbd][0xef][0xbf][0xbd][0xe][0xef][0xbf][0xbd]6[0xef][0xbf][0xbd][0xef][0xbf][0xbd]I8[0xef][0xbf][0xbd][0xe3][0x84][0xab]# [0xef][0xbf][0xbd]n[0x1][0xef][0xbf][0xbd][0xef][0xbf][0xbd][0xef][0xbf][0xbd]@1[0x13][0xef][0xbf][0xbd][0xef][0xbf][0xbd]5`[0xef][0xbf][0xbd][0x14][0x8][0xef][0xbf][0xbd][0xef][0xbf][0xbd]A[0x4]y[0x19]lr[0x19][0xef][0xbf][0xbd][0xef][0xbf][0xbd][0x17][0xef][0xbf][0xbd][0x1b][0xef][0xbf][0xbd]'[0xef][0xbf][0xbd]+[0xef][0xbf][0xbd]Z[0xef][0xbf][0xbd][0x19][0xef][0xbf][0xbd][0xef][0xbf][0xbd]R[\n]"
07:56:30.002 [main] DEBUG org.apache.http.wire -  >> "[0xef][0xbf][0xbd][0x18][0xef][0xbf][0xbd][0xef][0xbf][0xbd][0xef][0xbf][0xbd]30[0xef][0xbf][0xbd]r[0xef][0xbf][0xbd]|[0xef][0xbf][0xbd][0xef][0xbf][0xbd]x[0xef][0xbf][0xbd][0xef][0xbf][0xbd][0x1f][0x1f]z[0xef][0xbf][0xbd][0xef][0xbf][0xbd][0xef][0xbf][0xbd][0x3][0xef][0xbf][0xbd][0xef][0xbf][0xbd][0xef][0xbf][0xbd][0xef][0xbf][0xbd][0xca][0xa0][0x2][0xef][0xbf][0xbd]5m[0xef][0xbf][0xbd][0xef][0xbf][0xbd][0x0][0xef][0xbf][0xbd][0xef][0xbf][0xbd][0xef][0xbf][0xbd][0x13]3q>[0x7][0x16][0xef][0xbf][0xbd];[0x4];[0xef][0xbf][0xbd]cM[0xef][0xbf][0xbd]Y[0xef][0xbf][0xbd][0xef][0xbf][0xbd]x[0xef][0xbf][0xbd][0x7]Vl1C[0x1c]4[0xef][0xbf][0xbd][0x14][0xef][0xbf][0xbd]{[0x10][0xc][0xef][0xbf][0xbd][0xef][0xbf][0xbd]xg[0xef][0xbf][0xbd]#[0xef][0xbf][0xbd][0xef][0xbf][0xbd][0xef][0xbf][0xbd][0x12][0xef][0xbf][0xbd][0x9]M![0x11][0xef][0xbf][0xbd]AW[0xef][0xbf][0xbd][0xef][0xbf][0xbd];#![0xf][0xef][0xbf][0xbd][0x10]M[0xd3][0xae][0xef][0xbf][0xbd],[0xef][0xbf][0xbd]'[0xef][0xbf][0xbd][0x7]k[0xef][0xbf][0xbd][0xef][0xbf][0xbd][0xef][0xbf][0xbd]3![0xef][0xbf][0xbd]pv[0x11]u[0xc][0xef][0xbf][0xbd][0xef][0xbf][0xbd][0xef][0xbf][0xbd][0xef][0xbf][0xbd][0xef][0xbf][0xbd] [0xe7][0xb3][0xbd][0xef][0xbf][0xbd][0x14]%r[0xef][0xbf][0xbd][0xef][0xbf][0xbd]Z[0xef][0xbf][0xbd]k[0x17][0xef][0xbf][0xbd][0xef][0xbf][0xbd]%[0xef][0xbf][0xbd][0xef][0xbf][0xbd][0x6][0xef][0xbf][0xbd]k[0x19][0xef][0xbf][0xbd][0x0][0xef][0xbf][0xbd][0xef][0xbf][0xbd]4x[0x4][0xef][0xbf][0xbd]Yx$!4[0x6][0xef][0xbf][0xbd][0xef][0xbf][0xbd]l[0xef][0xbf][0xbd][0xef][0xbf][0xbd]pEz[0xef][0xbf][0xbd]`=[0x13]&[0xe0][0xbd][0xa9][0xc8][0x8b]6[0xef][0xbf][0xbd][0x12]Z#[0xef][0xbf][0xbd][0x19][0xd0][0x9e]C[0xef][0xbf][0xbd][0x10][0xca][0xa8][0xef][0xbf][0xbd][0xef][0xbf][0xbd]x[0xef][0xbf][0xbd][0xef][0xbf][0xbd]1[0x1d][0xef][0xbf][0xbd]c[0xef][0xbf][0xbd][0x4][0xef][0xbf][0xbd]1[0x1e][0xef][0xbf][0xbd]|O[0xef][0xbf][0xbd][0xc6][0xab][0x1e]xw[0x1a][0xef][0xbf][0xbd]O[0xef][0xbf][0xbd][0xef][0xbf][0xbd][0x1d][0xef][0xbf][0xbd][0xb]g[0x18][0xef][0xbf][0xbd][0xef][0xbf][0xbd];[0xef][0xbf][0xbd]W[0xef][0xbf][0xbd][0xef][0xbf][0xbd]8p$[0xef][0xbf][0xbd]S394[0x6][0xef][0xbf][0xbd][0xc][0xef][0xbf][0xbd]9X[0xef][0xbf][0xbd][0xef][0xbf][0xbd][0xef][0xbf][0xbd]JP[0xb][0x5]Z[0xef][0xbf][0xbd][0xef][0xbf][0xbd]Xi[0xb][0xef][0xbf][0xbd][0x11][0xef][0xbf][0xbd][0xdf][0xb2]e[0xef][0xbf][0xbd]j[0x12]c[0x5]s[0xb]x[0xef][0xbf][0xbd][0xef][0xbf][0xbd]l[0xef][0xbf][0xbd][0xef][0xbf][0xbd][0x19][0xef][0xbf][0xbd][0xef][0xbf][0xbd]o[0xd1][0x9c][0xef][0xbf][0xbd]m[0xef][0xbf][0xbd][0xef][0xbf][0xbd]+[0xef][0xbf][0xbd][0xdf][0xbd][0xef][0xbf][0xbd]M"[0xd9][0x95]8[0xef][0xbf][0xbd][0xef][0xbf][0xbd][0xe]-[0xef][0xbf][0xbd]+)=1[0xef][0xbf][0xbd]~([0xef][0xbf][0xbd][0xef][0xbf][0xbd]g[0xc][0xef][0xbf][0xbd][0xef][0xbf][0xbd]&[0xef][0xbf][0xbd]][0xef][0xbf][0xbd][0xef][0xbf][0xbd][0xef][0xbf][0xbd]}8[0xef][0xbf][0xbd][0xc5][0xae][0xcc][0x8b][0xef][0xbf][0xbd]e[0xef][0xbf][0xbd][0xef][0xbf][0xbd]fW[0xef][0xbf][0xbd][0x1]Y[0xef][0xbf][0xbd][0xef][0xbf][0xbd]|[0xef][0xbf][0xbd][0xef][0xbf][0xbd]9#[0xef][0xbf][0xbd][0xef][0xbf][0xbd]7dW[0xef][0xbf][0xbd][0xef][0xbf][0xbd]F?[0xef][0xbf][0xbd][0xef][0xbf][0xbd][0xb][0xef][0xbf][0xbd][0xef][0xbf][0xbd].[0x18][0xd5][0x81]][0x5][0xef][0xbf][0xbd][[0xef][0xbf][0xbd],2[0xef][0xbf][0xbd][\n]"
07:56:30.002 [main] DEBUG org.apache.http.wire -  >> "[0xef][0xbf][0xbd][0xef][0xbf][0xbd]&[0xef][0xbf][0xbd][0xef][0xbf][0xbd][0xef][0xbf][0xbd]][0xef][0xbf][0xbd]vIm[0xd6][0x90]?k[0xef][0xbf][0xbd][0xef][0xbf][0xbd]c[0x5]n{[0xef][0xbf][0xbd][0x9][0x9]pd-[0xef][0xbf][0xbd]P[0xef][0xbf][0xbd][0xef][0xbf][0xbd][0xef][0xbf][0xbd]s4[0xef][0xbf][0xbd][0xef][0xbf][0xbd][0x1e][0xce][0xaa]%[0xef][0xbf][0xbd]J[0xef][0xbf][0xbd]&[0xef][0xbf][0xbd][0xef][0xbf][0xbd]}Y5[0xef][0xbf][0xbd]UE[0xef][0xbf][0xbd][0xef][0xbf][0xbd][0xef][0xbf][0xbd]*[0xef][0xbf][0xbd]U[0xef][0xbf][0xbd][0xef][0xbf][0xbd]d6{b6{b6{b[0xef][0xbf][0xbd];[0xef][0xbf][0xbd][0x11]{[0xef][0xbf][0xbd]U7Y[0x15][0xef][0xbf][0xbd][0x8][0xef][0xbf][0xbd][\r]gU[0x11][0xef][0xbf][0xbd]>f[0xef][0xbf][0xbd][0xc6][0xaa][0xce][0x8d][0xef][0xbf][0xbd][0xef][0xbf][0xbd]4V%;[0xef][0xbf][0xbd][0xef][0xbf][0xbd]4[0xef][0xbf][0xbd][0xef][0xbf][0xbd]6[0x3][0x2][0xef][0xbf][0xbd][0x10][0xef][0xbf][0xbd][0xef][0xbf][0xbd][0xd8][0xad][0xef][0xbf][0xbd]}[0x3] o[0xef][0xbf][0xbd][0xef][0xbf][0xbd][0xef][0xbf][0xbd][0xc9][0x90]7.o[0xef][0xbf][0xbd]$[0xc8][0x9b]<r[0xef][0xbf][0xbd]T[0xef][0xbf][0xbd][0xef][0xbf][0xbd][0xef][0xbf][0xbd]`[0xef][0xbf][0xbd]:8[0xef][0xbf][0xbd][0x1][0x1d][0xef][0xbf][0xbd][0xef][0xbf][0xbd]7[0x0][0xef][0xbf][0xbd][0xef][0xbf][0xbd][0xef][0xbf][0xbd][0xef][0xbf][0xbd]:[0xef][0xbf][0xbd][0xef][0xbf][0xbd][0xef][0xbf][0xbd]}[0xef][0xbf][0xbd][0xef][0xbf][0xbd][0xef][0xbf][0xbd][0xef][0xbf][0xbd][0xef][0xbf][0xbd][0xef][0xbf][0xbd][0xef][0xbf][0xbd][0xef][0xbf][0xbd][0xef][0xbf][0xbd][0xef][0xbf][0xbd]~[0xef][0xbf][0xbd][0x7][0xef][0xbf][0xbd][0xef][0xbf][0xbd]w[0xef][0xbf][0xbd]>i[0xef][0xbf][0xbd]y[0xef][0xbf][0xbd][0xef][0xbf][0xbd][0xef][0xbf][0xbd][0x7]Q[0x3]$"$rk[0xef][0xbf][0xbd][0xef][0xbf][0xbd][0x15]F[0x10][0xef][0xbf][0xbd]GO[0xef][0xbf][0xbd]6[0x5][0xef][0xbf][0xbd][0xef][0xbf][0xbd][0xef][0xbf][0xbd][0x1c][0x5][0xef][0xbf][0xbd]'O[0x18]7[0x12][0xef][0xbf][0xbd][0xef][0xbf][0xbd]:[0xef][0xbf][0xbd][0xd7][0x89]SgO[0xef][0xbf][0xbd]C-[0xef][0xbf][0xbd][0xef][0xbf][0xbd][0xef][0xbf][0xbd]k[0xef][0xbf][0xbd]a/z[0xef][0xbf][0xbd][0xef][0xbf][0xbd]A[0xef][0xbf][0xbd][0xef][0xbf][0xbd][0xef][0xbf][0xbd][0xef][0xbf][0xbd][0xef][0xbf][0xbd]|[0x1e][0x19][0xef][0xbf][0xbd][0xef][0xbf][0xbd][0xdd][0x99][0xef][0xbf][0xbd]v)[0xef][0xbf][0xbd][.[0xd6][0x8a][0x16][0x17]W[0xef][0xbf][0xbd]D[0xef][0xbf][0xbd][0xef][0xbf][0xbd][0x2][0xd4][0xad]Y[0xef][0xbf][0xbd]_{sl?J[0xef][0xbf][0xbd]##[0xef][0xbf][0xbd][0xef][0xbf][0xbd][0x7][0xef][0xbf][0xbd][0xd2][0xb0]v[0xef][0xbf][0xbd][0xef][0xbf][0xbd][0xef][0xbf][0xbd]D[0xef][0xbf][0xbd][0xef][0xbf][0xbd]jV[0xef][0xbf][0xbd]E8D[0xef][0xbf][0xbd][0xef][0xbf][0xbd][0xef][0xbf][0xbd][0xef][0xbf][0xbd][0xef][0xbf][0xbd][0x8][0xef][0xbf][0xbd]d=>[0xef][0xbf][0xbd][0x1e]>[0xcb][0x9e][0xef][0xbf][0xbd][0xef][0xbf][0xbd][0xef][0xbf][0xbd][0x1f][0xef][0xbf][0xbd]x[0xef][0xbf][0xbd]y1em][0xef][0xbf][0xbd]s[0x5][0xef][0xbf][0xbd][0xdd][0xb7][0xef][0xbf][0xbd]6R@>g[0xef][0xbf][0xbd][0xef][0xbf][0xbd]i[0xef][0xbf][0xbd][0xef][0xbf][0xbd][0xef][0xbf][0xbd][0x10][0xef][0xbf][0xbd][0xef][0xbf][0xbd]'[0xef][0xbf][0xbd][0xef][0xbf][0xbd]>[0xef][0xbf][0xbd][0xef][0xbf][0xbd][0xef][0xbf][0xbd]z[0x3]([0xef][0xbf][0xbd][0xef][0xbf][0xbd]G[0xef][0xbf][0xbd]d[0xef][0xbf][0xbd][0x10][0xef][0xbf][0xbd]d[0xef][0xbf][0xbd][0x1][0xef][0xbf][0xbd][0xef][0xbf][0xbd]P[0xef][0xbf][0xbd]7,[0xef][0xbf][0xbd][0x8][0xc3][0x87]%)$[0xef][0xbf][0xbd][0xef][0xbf][0xbd][0xc8][0x9a][0xef][0xbf][0xbd]M!#[0xef][0xbf][0xbd][0x14][0xef][0xbf][0xbd][0xef][0xbf][0xbd][0xef][0xbf][0xbd][0xef][0xbf][0xbd][0xef][0xbf][0xbd]$EHttW[0xef][0xbf][0xbd]&[0xef][0xbf][0xbd][0xef][0xbf][0xbd][0xef][0xbf][0xbd]r[0x1d][0x5][0xef][0xbf][0xbd][0xef][0xbf][0xbd]^[0xef][0xbf][0xbd][0xb][0x1c][0xef][0xbf][0xbd][0x1d][0xef][0xbf][0xbd]G[0xef][0xbf][0xbd]V[0xef][0xbf][0xbd]&[0xef][0xbf][0xbd][0xef][0xbf][0xbd]7[0xef][0xbf][0xbd][0x14][0xef][0xbf][0xbd]&;[0x14][0xef][0xbf][0xbd]3[0x1][0xef][0xbf][0xbd][0x1]9N[0xef][0xbf][0xbd]KnL[0xef][0xbf][0xbd][0xef][0xbf][0xbd][0xef][0xbf][0xbd][0xef][0xbf][0xbd][0xef][0xbf][0xbd]$Ed[0xc3][0x88]|[0xef][0xbf][0xbd][0xef][0xbf][0xbd]\[0x1c]`[0xef][0xbf][0xbd]w[0xef][0xbf][0xbd][0xef][0xbf][0xbd]|[0x0]|[0xde][0x93][0xef][0xbf][0xbd]H[0xef][0xbf][0xbd]}[0x1c][0xef][0xbf][0xbd][0x10][0xef][0xbf][0xbd][0xef][0xbf][0xbd][0xef][0xbf][0xbd]`[0xef][0xbf][0xbd][0xef][0xbf][0xbd][0xef][0xbf][0xbd][[0xef][0xbf][0xbd][0xd2][0xa5][n[0xef][0xbf][0xbd][0xef][0xbf][0xbd][0xef][0xbf][0xbd][0xef][0xbf][0xbd]R[0xca][0xb2]s[0xef][0xbf][0xbd][0xef][0xbf][0xbd]n1[0xef][0xbf][0xbd][0xef][0xbf][0xbd][0xef][0xbf][0xbd]$E[0xef][0xbf][0xbd][0xef][0xbf][0xbd][0xd1][0xa1][0xef][0xbf][0xbd][0x5][0xef][0xbf][0xbd][0xef][0xbf][0xbd])Q[0xef][0xbf][0xbd][0xef][0xbf][0xbd]')f}[0xef][0xbf][0xbd][0xef][0xbf][0xbd]9J[0xef][0xbf][0xbd][0x18][0x5]r[0xb][\n]"
07:56:30.003 [main] DEBUG org.apache.http.wire -  >> "t[0xef][0xbf][0xbd][0xef][0xbf][0xbd]T[0xef][0xbf][0xbd][0x16][0x14][0xef][0xbf][0xbd][0x14] [0x5]>[0xef][0xbf][0xbd][0xef][0xbf][0xbd][0x8][0x1f] P[0xef][0xbf][0xbd][0xef][0xbf][0xbd][0xef][0xbf][0xbd][0x3]r [0xef][0xbf][0xbd][0x0]Y[0xef][0xbf][0xbd][0xef][0xbf][0xbd][0xef][0xbf][0xbd],u9cX[0xef][0xbf][0xbd][0xef][0xbf][0xbd][0xef][0xbf][0xbd]r"[0xef][0xbf][0xbd][0xef][0xbf][0xbd][0xdd][0x92][0x14]Kb[0xef][0xbf][0xbd][0xef][0xbf][0xbd]9Y[0xef][0xbf][0xbd][0xef][0xbf][0xbd][0x13]Q[0xc]HT[0xef][0xbf][0xbd]f%)[0xef][0xbf][0xbd][0xef][0xbf][0xbd]J3<[0x5]%[0xef][0xbf][0xbd]$[0xef][0xbf][0xbd]|GA[0xef][0xbf][0xbd][0xef][0xbf][0xbd][0xef][0xbf][0xbd].([0xef][0xbf][0xbd]Q[0x7][0xcc][0x90]? [0xef][0xbf][0xbd][0x14][0xef][0xbf][0xbd][\n]"
07:56:30.003 [main] DEBUG org.apache.http.wire -  >> "[0xef][0xbf][0xbd]M[0xcf][0x8d]Q\8[0xef][0xbf][0xbd]#[0xef][0xbf][0xbd][0xef][0xbf][0xbd][0x15][0xef][0xbf][0xbd][0xef][0xbf][0xbd][0x18][0xef][0xbf][0xbd][0xef][0xbf][0xbd][0xef][0xbf][0xbd]J[0xef][0xbf][0xbd][0xef][0xbf][0xbd][0x3][0xe][0x18][0xef][0xbf][0xbd]S[0xef][0xbf][0xbd][0xc][0xef][0xbf][0xbd][0xc5][0x94]B3[0xef][0xbf][0xbd]n[0xef][0xbf][0xbd]I[0xef][0xbf][0xbd][0x16][0xef][0xbf][0xbd][0xef][0xbf][0xbd][0x16]3_[0x4]Tw[0xef][0xbf][0xbd][0x2][0xef][0xbf][0xbd]([0xef][0xbf][0xbd][0xef][0xbf][0xbd][0xef][0xbf][0xbd]?[0xef][0xbf][0xbd] y}[0xef][0xbf][0xbd][0xef][0xbf][0xbd]?I[0xef][0xbf][0xbd]e*[0xc9][0x92]Y[0xef][0xbf][0xbd]A[0xef][0xbf][0xbd]5[0xef][0xbf][0xbd][0xef][0xbf][0xbd]= [0x9][0x8]Q[0xef][0xbf][0xbd][0xef][0xbf][0xbd][0xef][0xbf][0xbd][0xef][0xbf][0xbd][0x2]B[0xef][0xbf][0xbd]I[0x14][0xc5][0xba]<[0xef][0xbf][0xbd][0xef][0xbf][0xbd][0xef][0xbf][0xbd][0xef][0xbf][0xbd]O[0xef][0xbf][0xbd][0xef][0xbf][0xbd][0xef][0xbf][0xbd][0xef][0xbf][0xbd][0x1f][0xef][0xbf][0xbd],[0xef][0xbf][0xbd][0xef][0xbf][0xbd]Z[0xef][0xbf][0xbd]$[0xef][0xbf][0xbd]Y[0xef][0xbf][0xbd]$[0x8]u1[0xef][0xbf][0xbd][0xef][0xbf][0xbd]4[0xef][0xbf][0xbd][0xef][0xbf][0xbd][0xef][0xbf][0xbd][0xef][0xbf][0xbd]R[0xef][0xbf][0xbd][0xef][0xbf][0xbd]5[0x9][0xef][0xbf][0xbd]%[0xef][0xbf][0xbd][0xef][0xbf][0xbd]K[0xc6][0x90][0xef][0xbf][0xbd][0xef][0xbf][0xbd][0x14][0xef][0xbf][0xbd]M{[0xef][0xbf][0xbd][0xef][0xbf][0xbd][0xef][0xbf][0xbd]EH[0x10]:[0x18][0xef][0xbf][0xbd][0xef][0xbf][0xbd][0xef][0xbf][0xbd][0x15]1C\$[0x1e][0x16][0xef][0xbf][0xbd]FI{[0xef][0xbf][0xbd][0xef][0xbf][0xbd]R[0xef][0xbf][0xbd][0xef][0xbf][0xbd][0xef][0xbf][0xbd]<[~O[0xef][0xbf][0xbd]L[0x3]M[0xcf][0x99]M[0xef][0xbf][0xbd][0xef][0xbf][0xbd][0xef][0xbf][0xbd]rs[0xef][0xbf][0xbd][0xef][0xbf][0xbd][0xef][0xbf][0xbd]e[\n]"
07:56:30.003 [main] DEBUG org.apache.http.wire -  >> "[0xef][0xbf][0xbd][0xef][0xbf][0xbd]Y~[0x9]h[0x11][0xef][0xbf][0xbd][0xef][0xbf][0xbd]e[0xef][0xbf][0xbd][0xef][0xbf][0xbd][0xef][0xbf][0xbd][0x14][0xef][0xbf][0xbd]7[0xef][0xbf][0xbd][0xef][0xbf][0xbd] [0x1a]4)[0xef][0xbf][0xbd][0xef][0xbf][0xbd][0xef][0xbf][0xbd]v[0xef][0xbf][0xbd]K[0xef][0xbf][0xbd][0xf][0xef][0xbf][0xbd]H![0xf][0xef][0xbf]"
07:56:30.003 [main] DEBUG org.apache.http.wire -  >> "[0xbd][0xef][0xbf][0xbd][\r][0xef][0xbf][0xbd]:[0xef][0xbf][0xbd]e[0xef][0xbf][0xbd][0xef][0xbf][0xbd]+[0xef][0xbf][0xbd]W[0xef][0xbf][0xbd][0xe]k[0xef][0xbf][0xbd][0xef][0xbf][0xbd]K[[0xef][0xbf][0xbd]m[0xef][0xbf][0xbd][0xef][0xbf][0xbd]E[0xef][0xbf][0xbd]u{k[0xef][0xbf][0xbd][0xc4][0xbf]\[0xe][0xef][0xbf][0xbd]e[0xef][0xbf][0xbd][0xef][0xbf][0xbd][0x9][0xef][0xbf][0xbd])[0xef][0xbf][0xbd])[0xef][0xbf][0xbd][0xcc][0xaf]*[0xef][0xbf][0xbd][0xef][0xbf][0xbd][0xef][0xbf][0xbd][0xef][0xbf][0xbd][0xef][0xbf][0xbd][0xef][0xbf][0xbd]Et[0xef][0xbf][0xbd][0xef][0xbf][0xbd][0x11]e[0xef][0xbf][0xbd][0x1][0xef][0xbf][0xbd][0xb][0xef][0xbf][0xbd][0xca][0x85][0xef][0xbf][0xbd][0xef][0xbf][0xbd][0x1f][0xef][0xbf][0xbd]K[0x14][0x11][\n]"
07:56:30.003 [main] DEBUG org.apache.http.wire -  >> "k[0xef][0xbf][0xbd][4[0x14]v[0xef][0xbf][0xbd]"[0xc8][0xaf][0xef][0xbf][0xbd],[0xd0][0xb7]a[0x5]f[0xef][0xbf][0xbd][0xef][0xbf][0xbd]>[0xef][0xbf][0xbd]<[0x5][\r]i[0x1a]4[0xef][0xbf][0xbd]1[0xef][0xbf][0xbd][0x16][0xef][0xbf][0xbd]B[0xef][0xbf][0xbd][0xef][0xbf][0xbd][0x18]f[0xef][0xbf][0xbd][0x1b][0xef][0xbf][0xbd][0xef][0xbf][0xbd]x[0xc][0xef][0xbf][0xbd]k[0xc]l[0x1f]M~[0xef][0xbf][0xbd][0xef][0xbf][0xbd]w5=m[0xef][0xbf][0xbd][0xef][0xbf][0xbd]X[0x1][0xef][0xbf][0xbd][0xef][0xbf][0xbd]4[0xef][0xbf][0xbd]+u[0xef][0xbf][0xbd]]b![0x1e][0xef][0xbf][0xbd][0x11][0xef][0xbf][0xbd][0x9][0xb][0xef][0xbf][0xbd]7`[0x17]M[0xef][0xbf][0xbd][0xef][0xbf][0xbd][0xc4][0x89][0xef][0xbf][0xbd]&[0xef][0xbf][0xbd][0xef][0xbf][0xbd][0xef][0xbf][0xbd][0x0][0xef][0xbf][0xbd]+[0xef][0xbf][0xbd][0x1e][0xef][0xbf][0xbd]KKa[0xef][0xbf][0xbd][0x14][0xef][0xbf][0xbd][0xef][0xbf][0xbd]S[0xef][0xbf][0xbd][0x1f]`[0xef][0xbf][0xbd]x[0x18][0xef][0xbf][0xbd][0xef][0xbf][0xbd][0xef][0xbf][0xbd][0xef][0xbf][0xbd]Zj[0x5][0xef][0xbf][0xbd]R[0x14][0xef][0xbf][0xbd][0xb][0x0][0xef][0xbf][0xbd]i'[0xef][0xbf][0xbd][0xef][0xbf][0xbd]P[0xef][0xbf][0xbd][0x14][0xc][0xef][0xbf][0xbd][0xef][0xbf][0xbd][0xef][0xbf][0xbd][0x14][0xef][0xbf][0xbd])[0x16],[0x6][0xef][0xbf][0xbd][0x6][0xef][0xbf][0xbd][0xef][0xbf][0xbd]Pl[0x5][0xf][0xef][0xbf][0xbd][0xef][0xbf][0xbd]`[0xef][0xbf][0xbd][0xef][0xbf][0xbd][0x11][0xef][0xbf][0xbd][0xef][0xbf][0xbd][0xef][0xbf][0xbd][0xef][0xbf][0xbd][0x3][0xef][0xbf][0xbd][0xef][0xbf][0xbd][0x10][0xef][0xbf][0xbd]C![0xef][0xbf][0xbd][0x19][0xd6][0x90][0xef][0xbf][0xbd][0xef][0xbf][0xbd]b[0x8][0xef][0xbf][0xbd][0xef][0xbf][0xbd][0xef][0xbf][0xbd]&[0x1]V#>[0xef][0xbf][0xbd][0xef][0xbf][0xbd]Z[0x18][0xc2][0x9e][0xef][0xbf][0xbd]c[0xef][0xbf][0xbd][0xef][0xbf][0xbd][0xef][0xbf][0xbd][0x3][0xef][0xbf][0xbd][0xef][0xbf][0xbd]b[0xef][0xbf][0xbd][0xef][0xbf][0xbd][0x13] _[0xef][0xbf][0xbd][\n]"
07:56:30.004 [main] DEBUG org.apache.http.wire -  >> "[0xef][0xbf][0xbd][0xef][0xbf][0xbd][0x0]-[0xef][0xbf][0xbd][[0xef][0xbf][0xbd]$OB$[0xef][0xbf][0xbd]s[0xef][0xbf][0xbd]F[0xef][0xbf][0xbd][0xef][0xbf][0xbd]Go[0xef][0xbf][0xbd]=xt[0xef][0xbf][0xbd][0xcb][0xbd][0x5][0xef][0xbf][0xbd][0xef][0xbf][0xbd][0xef][0xbf][0xbd][0xef][0xbf][0xbd][0xef][0xbf][0xbd][0xef][0xbf][0xbd][0xef][0xbf][0xbd][0xef][0xbf][0xbd]~[0xef][0xbf][0xbd]w[0xef][0xbf][0xbd]`[0xef][0xbf][0xbd][0xef][0xbf][0xbd]j[0xef][0xbf][0xbd][0xef][0xbf][0xbd][0x17][0xef][0xbf][0xbd][0xef][0xbf][0xbd][0xef][0xbf][0xbd][0xf]\[0xef][0xbf][0xbd][0xef][0xbf][0xbd]O[0xef][0xbf][0xbd][\n]"
07:56:30.004 [main] DEBUG org.apache.http.wire -  >> "[0xef][0xbf][0xbd][0xef][0xbf][0xbd]j[0xef][0xbf][0xbd] [0xef][0xbf][0xbd][0x1f][0xef][0xbf][0xbd][0xef][0xbf][0xbd][0xef][0xbf][0xbd][0xef][0xbf][0xbd]s[0x1][0x1e][0xef][0xbf][0xbd]bC{[0xef][0xbf][0xbd]W[0xef][0xbf][0xbd]d[0xef][0xbf][0xbd][0xef][0xbf][0xbd]u,}[0xef][0xbf][0xbd][0x15][0xce][0xa6][0xef][0xbf][0xbd]OD[0xef][0xbf][0xbd][0xef][0xbf][0xbd][0xef][0xbf][0xbd]h[0xef][0xbf][0xbd]?[0x11][0xef][0xbf][0xbd][0xdd][0x9f][0xef][0xbf][0xbd][0xef][0xbf][0xbd]#[0xef][0xbf][0xbd]{[0xd2][0x98][0xef][0xbf][0xbd][0xef][0xbf][0xbd][0xef][0xbf][0xbd][0xef][0xbf][0xbd]r=[0x3][0x17]y~D[0xef][0xbf][0xbd][0xef][0xbf][0xbd]8[\n]"
07:56:30.004 [main] DEBUG org.apache.http.wire -  >> "[0x15][0xef][0xbf][0xbd][0xef][0xbf][0xbd][0xef][0xbf][0xbd][0xef][0xbf][0xbd]/R&[0xef][0xbf][0xbd]`[0xef][0xbf][0xbd][0xef][0xbf][0xbd][0xef][0xbf][0xbd][0xef][0xbf][0xbd][0xef][0xbf][0xbd]'[0xef][0xbf][0xbd]k[0xef][0xbf][0xbd][0xef][0xbf][0xbd]vw[0xef][0xbf][0xbd][0xef][0xbf][0xbd][0xef][0xbf][0xbd][0xef][0xbf][0xbd][0xef][0xbf][0xbd]7[0xef][0xbf][0xbd]g[0xde][0xab]k[0xef][0xbf][0xbd][0xef][0xbf][0xbd][0xef][0xbf][0xbd][0xef][0xbf][0xbd]Y[0xef][0xbf][0xbd]V[0xef][0xbf][0xbd][0xef][0xbf][0xbd]7<~e5[0xef][0xbf][0xbd]Ok7[0xef][0xbf][0xbd]%[0xef][0xbf][0xbd][0xef][0xbf][0xbd][0xef][0x9a][0xb2][0x16][0x1e];h[0xef][0xbf][0xbd][0xef][0xbf][0xbd][0x1c][0xef][0xbf][0xbd][0xe7][0xaa][0xab][0xef][0xbf][0xbd][0xef][0xbf][0xbd][0xef][0xbf][0xbd]y[0xef][0xbf][0xbd]9[0xef][0xbf][0xbd][0xef][0xbf][0xbd]O[0xef][0xbf][0xbd]d[0xef][0xbf][0xbd]~[0xef][0xbf][0xbd]k[0xef][0xbf][0xbd]&?[0xef][0xbf][0xbd][0x13][0xef][0xbf][0xbd]>[0xef][0xbf][0xbd]_[0x1d][0xef][0xbf][0xbd][0xef][0xbf][0xbd]Z-[0xef][0xbf][0xbd][0xef][0xbf][0xbd]I[0xef][0xbf][0xbd][0xef][0xbf][0xbd]j>[0xef][0xbf][0xbd][0xef][0xbf][0xbd][0xef][0xbf][0xbd]5BU[0xef][0xbf][0xbd][0xef][0xbf][0xbd]j[0xef][0xbf][0xbd][0xef][0xbf][0xbd][0xef][0xbf][0xbd]}[0xef][0xbf][0xbd][0xef][0xbf][0xbd]:G[0x9][0xef][0xbf][0xbd][0xef][0xbf][0xbd]g[0xef][0xbf][0xbd][0x18][0xef][0xbf][0xbd]Z[0xef][0xbf][0xbd]Z}[0xef][0xbf][0xbd][0xef][0xbf][0xbd]][0xd6][0xbe]G[0xef][0xbf][0xbd][0xef][0xbf][0xbd]R;[0xef][0xbf][0xbd]~e[0xef][0xbf][0xbd]>[0xef][0xbf][0xbd]t[0xef][0xbf][0xbd][0xef][0xbf][0xbd][0xef][0xbf][0xbd][0xef][0xbf][0xbd][0xef][0xbf][0xbd][0xef][0xbf][0xbd][0xef][0xbf][0xbd][0xef][0xbf][0xbd]vC[0xdb][0x81][0xef][0xbf][0xbd]a[0xd7][0x8e]kWP>[0xef][0xbf][0xbd][0xef][0xbf][0xbd][0xef][0xbf][0xbd][0xef][0xbf][0xbd]Z[0x12][0xef][0xbf][0xbd]|[0xef][0xbf][0xbd]w@+[0xd6][0xae]jOc[0xef][0xbf][0xbd][0xef][0xbf][0xbd]V[0xef][0xbf][0xbd][0x15]i[0x7][0xef][0xbf][0xbd][0x15][0xef][0xbf][0xbd]Z[0xef][0xbf][0xbd]v[0xef][0xbf][0xbd]J[0xef][0xbf][0xbd][0xef][0xbf][0xbd]k[0xef][0xbf][0xbd][0xef][0xbf][0xbd]RO[0xef][0xbf][0xbd][0xef][0xbf][0xbd]$[0xef][0xbf][0xbd][0xef][0xbf][0xbd]o[0xef][0xbf][0xbd][0xef][0xbf][0xbd][0xef][0xbf][0xbd][0xef][0xbf][0xbd][0xf]l^[0xef][0xbf][0xbd]K[0xe5][0xb7][0xbc]7[0xef][0xbf][0xbd][0x1d][0xef][0xbf][0xbd][0xef][0xbf][0xbd]][0xef][0xbf][0xbd][0xef][0xbf][0xbd]hg[0xef][0xbf][0xbd][0xef][0xbf][0xbd][0xef][0xbf][0xbd][0xef][0xbf][0xbd]2[0xef][0xbf][0xbd][0xef][0xbf][0xbd][0xef][0xbf][0xbd][0xef][0xbf][0xbd][0xef][0xbf][0xbd][0xef][0xbf][0xbd][0xef][0xbf][0xbd]:[0xef][0xbf][0xbd]?s[0xde][0xb7][0xef][0xbf][0xbd][0xef][0xbf][0xbd]~[0xef][0xbf][0xbd][0x13]+[0xef][0xbf][0xbd]z[0xef][0xbf][0xbd][0xef][0xbf][0xbd]WksP[0xef][0xbf][0xbd]B[\r]#][0xef][0xbf][0xbd][0x1a][0xc][0xef][0xbf][0xbd][0xef][0xbf][0xbd][0x1c]j[0xef][0xbf][0xbd][0x17][0xef][0xbf][0xbd][0xef][0xbf][0xbd][0xef][0xbf][0xbd][0x6]|[0xef][0xbf][0xbd][0xd7][0x9f][0xef][0xbf][0xbd][0xef][0xbf][0xbd]D[0xda][0xa3][0xef][0xbf][0xbd])[0xef][0xbf][0xbd][0x7][0xef][0xbf][0xbd]o[0xef][0xbf][0xbd][0xef][0xbf][0xbd][\n]"
07:56:30.004 [main] DEBUG org.apache.http.wire -  >> "[0xef][0xbf][0xbd][0xef][0xbf][0xbd][0xef][0xbf][0xbd][0xef][0xbf][0xbd][0xef][0xbf][0xbd]1[0xef][0xbf][0xbd][0xef][0xbf][0xbd][0xef][0xbf][0xbd][0x1e][[0xef][0xbf][0xbd][0xef][0xbf][0xbd][0xef][0xbf][0xbd][0x11][0xef][0xbf][0xbd][0xef][0xbf][0xbd][0xef][0xbf][0xbd]:[0xef][0xbf][0xbd][0xef][0xbf][0xbd]0[0xef][0xbf][0xbd]7[0xef][0xbf][0xbd][0xef][0xbf][0xbd]Zm[0xef][0xbf][0xbd]y[0xcf][0x9f]r[\n]"
07:56:30.004 [main] DEBUG org.apache.http.wire -  >> "[0xcf][0xa2][0xef][0xbf][0xbd][0xef][0xbf][0xbd][0xef][0xbf][0xbd][0xef][0xbf][0xbd]o5[0xef][0xbf][0xbd][0xef][0xbf][0xbd]>[0xef][0xbf][0xbd]x[0xef][0xbf][0xbd][0xef][0xbf][0xbd][0xef][0xbf][0xbd][0xef][0xbf][0xbd][0xef][0xbf][0xbd][0xef][0xbf][0xbd][0x1c][0xef][0xbf][0xbd][0x7][0x10][0xef][0xbf][0xbd]>d[0xef][0xbf][0xbd][0x1d][0xef][0xbf][0xbd][0xef][0xbf][0xbd]U[0x2]4[0xef][0xbf][0xbd]f[0xef][0xbf][0xbd][0x8]I[0xef][0xbf][0xbd][0x12][0xef][0xbf][0xbd][0xef][0xbf][0xbd].|[0x1b]H[0xef][0xbf][0xbd]Th[0xb][0xef][0xbf][0xbd] [0x13]m|G[0xef][0xbf][0xbd][0xef][0xbf][0xbd]Y[0xef][0xbf][0xbd][0x1d]z[0xef][0xbf][0xbd][0xef][0xbf][0xbd][0xef][0xbf][0xbd][0xf][0x1e][0xef][0xbf][0xbd]~[0xef][0xbf][0xbd][0x1f][0x6][0xef][0xbf][0xbd] [0x18][0xc][0xf][0xef][0xbf][0xbd]P[0x18]F[0xef][0xbf][0xbd][0xef][0xbf][0xbd][0xef][0xbf][0xbd][0x1f][0x19][0xef][0xbf][0xbd][0xef][0xbf][0xbd]i2[0xef][0xbf][0xbd][0xcd][0x86]%[0x2]G[0xef][0xbf][0xbd][0xef][0xbf][0xbd]u[0x13],2[0xce][0x91][0xef][0xbf][0xbd][0xef][0xbf][0xbd]Z`[0xef][0xbf][0xbd]8KK[0xef][0xbf][0xbd][0xef][0xbf][0xbd][0x19]R[0xef][0xbf][0xbd]:[\r][0xb][0xef][0xbf][0xbd][0xc],!8_[[0xef][0xbf][0xbd][0xef][0xbf][0xbd][0xef][0xbf][0xbd]Xp[0xef][0xbf][0xbd]L[0xef][0xbf][0xbd]B[0x1d][0xef][0xbf][0xbd][0xef][0xbf][0xbd][0xef][0xbf][0xbd][0xef][0xbf][0xbd][0x1d]![0x10]q[0xef][0xbf][0xbd]cga1qL[0x8][0xef][0xbf][0xbd][0xef][0xbf][0xbd]B8>[0x2]b[0xef][0xbf][0xbd][0x1f]m[0xef][0xbf][0xbd][0x0],[0x2]<[0xef][0xbf][0xbd]%[0x8]r[0xef][0xbf][0xbd]H[0xef][0xbf][0xbd][0xef][0xbf][0xbd]`[0xef][0xbf][0xbd][0xef][0xbf][0xbd][0xf]c[0xef][0xbf][0xbd]#[0xef][0xbf][0xbd]C[0xef][0xbf][0xbd]z[0x18][0xef][0xbf][0xbd]`R[0xef][0xbf][0xbd]X[0xef][0xbf][0xbd][0xef][0xbf][0xbd][0xef][0xbf][0xbd]N[0xef][0xbf][0xbd]w[0x14][0xef][0xbf][0xbd];[0xef][0xbf][0xbd]c[0x1c][0xef][0xbf][0xbd]1[0xef][0xbf][0xbd][0xc8][0x97]x[0xef][0xbf][0xbd][0xef][0xbf][0xbd][0xef][0xbf][0xbd]![0xef][0xbf][0xbd][0xef][0xbf][0xbd]L[0xcd][0xb0]H[0x1c][0xef][0xbf][0xbd][0x0][0xef][0xbf][0xbd]S2[0xef][0xbf][0xbd][0xef][0xbf][0xbd][\n]"
07:56:30.004 [main] DEBUG org.apache.http.wire -  >> "[0xef][0xbf][0xbd]N[0x9]A~[0xef][0xbf][0xbd]"[0xc6][0x8c][0xef][0xbf][0xbd]`NC[0x0][0xef][0xbf][0xbd][0xef][0xbf][0xbd]>[0xef][0xbf][0xbd][0xef][0xbf][0xbd][0xef][0xbf][0xbd]i[0x8][0xef][0xbf][0xbd]4[0xef][0xbf][0xbd]r[0x1a]d[0xef][0xbf][0xbd]gwNI[0xf][0xef][0xbf][0xbd]T/,f[0xef][0xbf][0xbd][0xef][0xbf][0xbd]}H[0x3][0xef][0xbf][0xbd]G[0xef][0xbf][0xbd][0xef][0xbf][0xbd][0x8][0xef][0xbf][0xbd][0x1e][0x13]rz[0x10][0xef][0xbf][0xbd][0xef][0xbf][0xbd]([0xef][0xbf][0xbd][0xef][0xbf][0xbd]Qb[0xe1][0x94][0x84]pJ[0xef][0xbf][0xbd]q[0xef][0xbf][0xbd]L[0xef][0xbf][0xbd][0xef][0xbf][0xbd][0xef][0xbf][0xbd][0xef][0xbf][0xbd][0xef][0xbf][0xbd]&[0xef][0xbf][0xbd][0x14][0xef][0xbf][0xbd]'[0xef][0xbf][0xbd][0xef][0xbf][0xbd],[0xd2][0x86]$[0xef][0xbf][0xbd]x[0xef][0xbf][0xbd] v"[0xef][0xbf][0xbd][0x1d][0xef][0xbf][0xbd][0x1][0xef][0xbf][0xbd][0x1c][0xef][0xbf][0xbd][0xef][0xbf][0xbd]N[0xd8][0x80][0xef][0xbf][0xbd][0xef][0xbf][0xbd][0xef][0xbf][0xbd][0x10][0xef][0xbf][0xbd][0xef][0xbf][0xbd]A[0xef][0xbf][0xbd]J[0x19]qc[0xef][0xbf][0xbd]J@[\n]"
07:56:30.004 [main] DEBUG org.apache.http.wire -  >> "[0xef][0xbf][0xbd]s[0x1d]HE[0xef][0xbf][0xbd][0xef][0xbf][0xbd]#-[0xef][0xbf][0xbd]\[0xef][0xbf][0xbd][0xef][0xbf][0xbd][0xef][0xbf][0xbd]7[0xef][0xbf][0xbd]E,r[0x10][0x7][0xef][0xbf][0xbd]&K@[0xef][0xbf][0xbd][0x1c][0xef][0xbf][0xbd][0xef][0xbf][0xbd]rR[0xef][0xbf][0xbd]g[0xef][0xbf][0xbd][0xef][0xbf][0xbd][0x1c][0xef][0xbf][0xbd]u\[0xef][0xbf][0xbd]l[0x7]:[0x14][0xef][0xbf][0xbd][0xef][0xbf][0xbd][0xef][0xbf][0xbd]~6[0xc4][0xa8][0x7][0xef][0xbf][0xbd][0xef][0xbf][0xbd][0xc4][0xa3][0x17][0x1e]}[0xef][0xbf][0xbd]0q[0xef][0xbf][0xbd][0xb]FNuE:z[0xef][0xbf][0xbd][0xef][0xbf][0xbd][0xef][0xbf][0xbd][0xc4][0xa3][0x17][0x1e]}[0xef][0xbf][0xbd]@[0xef][0xbf][0xbd][0xef][0xbf][0xbd]~[0xef][0xbf][0xbd]vx[0x10][0x18][0xef][0xbf][0xbd][0xef][0xbf][0xbd]K[0xef][0xbf][0xbd][0xef][0xbf][0xbd][0xef][0xbf][0xbd][0x1b][0xef][0xbf][0xbd][0xef][0xbf][0xbd] [0xef][0xbf][0xbd][0xc]9x[0x16][0xef][0xbf][0xbd][0xef][0xbf][0xbd]6l[0xef][0xbf][0xbd][0xef][0xbf][0xbd][0xef][0xbf][0xbd][0xc][0xef][0xbf][0xbd][0xef][0xbf][0xbd][0xef][0xbf][0xbd][0xef][0xbf][0xbd][0xef][0xbf][0xbd]c{[\y[0xef][0xbf][0xbd]hK:j[0xef][0xbf][0xbd][0x1c][0xef][0xbf][0xbd][0xc][0xef][0xbf][0xbd][0xef][0xbf][0xbd][0x8]}[0xef][0xbf][0xbd][0xef][0xbf][0xbd][0xef][0xbf][0xbd][0xef][0xbf][0xbd][0xef][0xbf][0xbd][0xef][0xbf][0xbd]![0xda][0x8b][0xef][0xbf][0xbd]>[0xef][0xbf][0xbd]mn$[0xef][0xbf][0xbd][0x10][0x9]Mpm[0xef][0xbf][0xbd]To#[0xef][0xbf][0xbd][0xe1][0x90][0xa5]]B[0xef][0xbf][0xbd][0xef][0xbf][0xbd]#V[0xef][0xbf][0xbd][0x11][0xef][0xbf][0xbd][0xef][0xbf][0xbd][0xef][0xbf][0xbd]u[0xef][0xbf][0xbd][0xef][0xbf][0xbd]:[0xef][0xbf][0xbd][0xef][0xbf][0xbd]O[0xef][0xbf][0xbd][0xc5][0xb9][0x7]#[0xef][0xbf][0xbd]C[0xef][0xbf][0xbd][0xef][0xbf][0xbd][0xef][0xbf][0xbd]H[0xef][0xbf][0xbd][0xef][0xbf][0xbd]7b:[0x4][)[0x4][0xef][0xbf][0xbd][0xef][0xbf][0xbd][0xef][0xbf][0xbd][0xda][0xaf]x[0xef][0xbf][0xbd][0xef][0xbf][0xbd]~t[0xef][0xbf][0xbd][0xef][0xbf][0xbd][0xde][0xa4][0xef][0xbf][0xbd]i[0xe][0xef][0xbf][0xbd][0xef][0xbf][0xbd][0x1e]wD-[0xef][0xbf][0xbd]YQc$[0xef][0xbf][0xbd]W 4[0xef][0xbf][0xbd][0x14][0xef][0xbf][0xbd]OF[0x19][0x6]![0xef][0xbf][0xbd]f[0xef][0xbf][0xbd][0xef][0xbf][0xbd][0xef][0xbf][0xbd]6[0xef][0xbf][0xbd][0xef][0xbf][0xbd][0xef][0xbf][0xbd][0x12]dU[0xef][0xbf][0xbd][0xef][0xbf][0xbd][0xef][0xbf][0xbd]2[0xef][0xbf][0xbd]-[0xef][0xbf][0xbd][0xe].[0x7][0x5][0xef][0xbf][0xbd]r[0x14][0xef][0xbf][0xbd][0x1c]SB[0x1b]u[0xef][0xbf][0xbd][0xef][0xbf][0xbd][0x0] [0x0][0xef][0xbf][0xbd]N[0xef][0xbf][0xbd]n[0xef][0xbf][0xbd][0x2]>[0xef][0xbf][0xbd][0xef][0xbf][0xbd][0xef][0xbf][0xbd]I?[0xef][0xbf][0xbd][0xef][0xbf][0xbd][0xef][0xbf][0xbd]$ [0xef][0xbf][0xbd]Ww[0xef][0xbf][0xbd][0xef][0xbf][0xbd][0x12][0xef][0xbf][0xbd]O[\n]"
07:56:30.004 [main] DEBUG org.apache.http.wire -  >> "[0xef][0xbf][0xbd][0xef][0xbf][0xbd][0xef][0xbf][0xbd][0x4][0xef][0xbf][0xbd][0xda][0xaa][0xef][0xbf][0xbd][0xef][0xbf][0xbd]is[\n]"
07:56:30.004 [main] DEBUG org.apache.http.wire -  >> "6BlDp[0xef][0xbf][0xbd]4[0xef][0xbf][0xbd][0x14][0xef][0xbf][0xbd]z:[0xd0][0xa3][0xef][0xbf][0xbd][0xef][0xbf][0xbd][0xef][0xbf][0xbd]A[0x12]t[0xef][0xbf][0xbd][\n]"
07:56:30.005 [main] DEBUG org.apache.http.wire -  >> "[0xef][0xbf][0xbd]J[0xef][0xbf][0xbd][0xef][0xbf][0xbd]#)w^[0xef][0xbf][0xbd]L[0xef][0xbf][0xbd]Etn[0xef][0xbf][0xbd][0xef][0xbf][0xbd][0xef][0xbf][0xbd][0xef][0xbf][0xbd][0xc][0xef][0xbf][0xbd][0xef][0xbf][0xbd][0xef][0xbf][0xbd][0xef][0xbf][0xbd]0[0xef][0xbf][0xbd]h[0xef][0xbf][0xbd][0xef][0xbf][0xbd][0x1b]y[0xef][0xbf][0xbd]S[0x10][0xef][0xbf][0xbd][0xef][0xbf][0xbd]R[0x1b][0xef][0xbf][0xbd]@[0x4][0x2][0x11][0xef][0xbf][0xbd][0x12]YR[0x2]Z[0xef][0xbf][0xbd]8[0xef][0xbf][0xbd][0xef][0xbf][0xbd][0xef][0xbf][0xbd][0xef][0xbf][0xbd][0xef][0xbf][0xbd]&2E[0xc]Z[0xef][0xbf][0xbd]&.!EHMo[0x13][0x19].[0xef][0xbf][0xbd][0xc5][0x93]![0xef][0xbf][0xbd][0x4][0xef][0xbf][0xbd][0xef][0xbf][0xbd]d[0xef][0xbf][0xbd][0xef][0xbf][0xbd]m'g[0xef][0xbf][0xbd]-b[0xc4][0x9d][0xd7][0x92]:v[0x1c][0xdc][0xbe]={{[0xef][0xbf][0xbd]/[0xda][0xa9]Kf[0xef][0xbf][0xbd][0xef][0xbf][0xbd][0x16]\E[0xef][0xbf][0xbd][0xef][0xbf][0xbd][0xef][0xbf][0xbd][0x1][0x2]'"Y1[0xef][0xbf][0xbd]+[0xef][0xbf][0xbd]U1[0xef][0xbf][0xbd][0xef][0xbf][0xbd]p[0xef][0xbf][0xbd]+,Eb[0x15][0xef][0xbf][0xbd]h4[0xef][0xbf][0xbd][0x14][0xef][0xbf][0xbd][0x10]VK[0xef][0xbf][0xbd][0xef][0xbf][0xbd][0xef][0xbf][0xbd][0xef][0xbf][0xbd][0xef][0xbf][0xbd]|V![0xef][0xbf][0xbd]W[0xef][0xbf][0xbd][0xef][0xbf][0xbd][0xef][0xbf][0xbd]3[0xef][0xbf][0xbd]$[0xef][0xbf][0xbd][0x17][0xb](![0xc9][0x8a][0xef][0xbf][0xbd][0xdc][0xaa]uX[0xef][0xbf][0xbd][0xdd][0x9e][0x11]%S[0xef][0xbf][0xbd]d[\r][0xef][0xbf][0xbd][0xef][0xbf][0xbd]2[0xef][0xbf][0xbd]'[0xef][0xbf][0xbd][0x15][0xef][0xbf][0xbd]z,[0xef][0xbf][0xbd][0xef][0xbf][0xbd]C[0x16][0xef][0xbf][0xbd]f[0xef][0xbf][0xbd][0xef][0xbf][0xbd][0xef][0xbf][0xbd][0x15][0xef][0xbf][0xbd]o[0xd0][0xbe]W[0xef][0xbf][0xbd][0xe]2[0xef][0xbf][0xbd][0xef][0xbf][0xbd][0xef][0xbf][0xbd][0xef][0xbf][0xbd]j[0xef][0xbf][0xbd][0xef][0xbf][0xbd][0xef][0xbf][0xbd]@u[0xef][0xbf][0xbd]zu[0xef][0xbf][0xbd][0xef][0xbf][0xbd][0x19][0xef][0xbf][0xbd][0xef][0xbf][0xbd][0xef][0xbf][0xbd][0x1][0xef][0xbf][0xbd]~[0xef][0xbf][0xbd][0x19]5[0xef][0xbf][0xbd]$[0xe1][0x94][0x9a][0x12][0xef][0xbf][0xbd][0xef][0xbf][0xbd]ai[0xef][0xbf][0xbd][0xef][0xbf][0xbd]&dD[0xef][0xbf][0xbd][0xef][0xbf][0xbd]4c[0xef][0xbf][0xbd][0xef][0xbf][0xbd][0xef][0xbf][0xbd][0x13]6[0x1f][0xef][0xbf][0xbd]9[0xc5][0x8f]$,[0xef][0xbf][0xbd]9[0xef][0xbf][0xbd]f}[0xef][0xbf][0xbd][0xef][0xbf][0xbd]S_[0xef][0xbf][0xbd]5c[0xe][0xef][0xbf][0xbd][0xef][0xbf][0xbd]$;[0xce][0x92][0x9][0xef][0xbf][0xbd]Q[0xef][0xbf][0xbd][0xef][0xbf][0xbd]^[0xef][0xbf][0xbd]nu4[0xef][0xbf][0xbd][0xef][0xbf][0xbd]P[0xef][0xbf][0xbd]DR[0xef][0xbf][0xbd][0x1f]h[0x9][0xef][0xbf][0xbd]bI.[0x11][0xef][0xbf][0xbd][0xef][0xbf][0xbd][0xef][0xbf][0xbd][0xef][0xbf][0xbd][0x2][0x18][0xef][0xbf][0xbd][0x9][0xef][0xbf][0xbd][0x19]i)[0x11][0xef][0xbf][0xbd][0xef][0xbf][0xbd][0xef][0xbf][0xbd][0x9][0xef][0xbf][0xbd][0xef][0xbf][0xbd]7G[0xef][0xbf][0xbd][0xef][0xbf][0xbd]z.[[0xef][0xbf][0xbd][0xca][0xba]1[0xef][0xbf][0xbd][0xef][0xbf][0xbd][0xef][0xbf][0xbd]&4[0xef][0xbf][0xbd][0x6][0xef][0xbf][0xbd][0xef][0xbf][0xbd]([0x15]; [0xef][0xbf][0xbd]J[0x8][0xef][0xbf][0xbd]z[0x1a]Qs[0xef][0xbf][0xbd]9i[0xef][0xbf][0xbd]Z[0xef][0xbf][0xbd]|Gc72[0xef][0xbf][0xbd][0xd7][0xa2][0xc][0xef][0xbf][0xbd][0xef][0xbf][0xbd][0x19][0xc4][0xbe][0xef][0xbf][0xbd].A[0x13][\n]"
07:56:30.005 [main] DEBUG org.apache.http.wire -  >> "[0xef][0xbf][0xbd][0xc4][0x84]F%[0xef][0xbf][0xbd][0xef][0xbf][0xbd]2[0xef][0xbf][0xbd][0xef][0xbf][0xbd]"[0xef][0xbf][0xbd][0xef][0xbf][0xbd][0xd6][0xb6][0xef][0xbf][0xbd]k[0xef][0xbf][0xbd]>[0xef][0xbf][0xbd][0xef][0xbf][0xbd][0xef][0xbf][0xbd]V][0xef][0xbf][0xbd][0xef][0xbf][0xbd]j[0xd9][0xa9][0x13][0x1b][0xc3][0xae]-[0x13][0xef][0xbf][0xbd]\[0xf][0xef][0xbf][0xbd]p[0xef][0xbf][0xbd]d[0xef][0xbf][0xbd]"[0xef][0xbf][0xbd]j[0x1d][0xef][0xbf][0xbd]")%[0xef][0xbf][0xbd][0xef][0xbf][0xbd]m[0xef][0xbf][0xbd][0xef][0xbf][0xbd]$&[0xcf][0x99][0xef][0xbf][0xbd][\r]1@:[0xef][0xbf][0xbd]k7[0x6][0xef][0xbf][0xbd][0x1b][0xef][0xbf][0xbd]9[0x0];[0x7][0xef][0xbf][0xbd][0xef][0xbf][0xbd]F@@@[0x4][0xef][0xbf][0xbd][0x0]k[0xef][0xbf][0xbd][0xef][0xbf][0xbd][0x1a]w[0x14]tI=[0x3])V[0xea][0x8a][0xa3]B[0xef][0xbf][0xbd][0xd5][0x9e][0xef][0xbf][0xbd][0xef][0xbf][0xbd][0x1e][0xef][0xbf][0xbd][0xef][0xbf][0xbd][0x1a][0xef][0x8a][0x93]M[0xef][0xbf][0xbd][0xef][0xbf][0xbd][0xc8][0x94]6[0xef][0xbf][0xbd][0x19]b[0xef][0xbf][0xbd][0xef][0xbf][0xbd][0x1b][0xef][0xbf][0xbd]%^[0xef][0xbf][0xbd][0xef][0xbf][0xbd][0xef][0xbf][0xbd]%[0xef][0xbf][0xbd]ty[0xd1][0x93][0xef][0xbf][0xbd][0xef][0xbf][0xbd]U[0xef][0xbf][0xbd]W[0xef][0xbf][0xbd][0x10][0xef][0xbf][0xbd][0x14][0xef][0xbf][0xbd][0xef][0xbf][0xbd]z[0x14][0x15]=[0xef][0xbf][0xbd][0x16][0xef][0xbf][0xbd]J[0xda][0xaa][0xef][0xbf][0xbd][0xef][0xbf][0xbd][0xc7][0x83][0xef][0xbf][0xbd][0xef][0xbf][0xbd][0xef][0xbf][0xbd][0xef][0xbf][0xbd]%[0xef][0xbf][0xbd][0xef][0xbf][0xbd][0xef][0xbf][0xbd][0xcb][0x9f]^EJv#[0xef][0xbf][0xbd][0x17][0xef][0xbf][0xbd][0xef][0xbf][0xbd]pEf[0xef][0xbf][0xbd]I[0xef][0xbf][0xbd][0xef][0xbf][0xbd]T{[0xef][0xbf][0xbd][0xef][0xbf][0xbd][0xef][0xbf][0xbd][0x14]PL.[0x11][0xef][0xbf][0xbd]1rSA[0xef][0xbf][0xbd][0xef][0xbf][0xbd]t[0xd9][0xa4][0xef][0xbf][0xbd]&)[0xef][0xbf][0xbd][0xef][0xbf][0xbd]Au5[0xef][0xbf][0xbd]7[0x14][0xcf][0xac][0xef][0xbf][0xbd][0xef][0xbf][0xbd]>[0xef][0xbf][0xbd]=[0x14]U8[0x5][0xef][0xbf][0xbd]B[0xb][0xca][0x87][0xef][0xbf][0xbd][0xef][0xbf][0xbd]p[0xd6][0x9a]c[0xef][0xbf][0xbd]D[0xef][0xbf][0xbd][0xef][0xbf][0xbd]L[0xef][0xbf][0xbd][0xdd][0x82]5[0xef][0xbf][0xbd]Me[0xef][0xbf][0xbd][0xef][0xbf][0xbd]X[0xef][0xbf][0xbd]nX[0xef][0xbf][0xbd]JP[0xef][0xbf][0xbd];"[0xca][0xaa]O[0xef][0xbf][0xbd]L#[0xef][0xbf][0xbd][0xef][0xbf][0xbd]i[0xef][0xbf][0xbd][0x3][0x11][0xef][0xbf][0xbd][0xef][0xbf][0xbd][0xef][0xbf][0xbd])LT[0xef][0xbf][0xbd]8[0xc5][0x94][0xef][0xbf][0xbd][0xef][0xbf][0xbd][0xef][0xbf][0xbd][0xef][0xbf][0xbd][0xef][0xbf][0xbd][0x5]3[0xb][0xef][0xbf][0xbd]-%[0xc2][0x85][0xf]n[0xef][0xbf][0xbd][0xef][0xbf][0xbd]^@[0xef][0xbf][0xbd][0xef][0xbf][0xbd][0xef][0xbf][0xbd][0xef][0xbf][0xbd]Z[0xef][0xbf][0xbd]}`[0xef][0xbf][0xbd]S[0xc5][0x85]'oV[0xef][0xbf][0xbd]w[0xef][0xbf][0xbd][0xef][0xbf][0xbd]j.[0xef][0xbf][0xbd]7L[0xef][0xbf][0xbd]![0xef][0xbf][0xbd][0xef][0xbf][0xbd][0xef][0xbf][0xbd][0xef][0xbf][0xbd][0xc3][0xa3]:~[0xef][0xbf][0xbd][0xef][0xbf][0xbd]R[0xef][0xbf][0xbd][0xf][0xef][0xbf][0xbd][0xef][0xbf][0xbd][0x8][0xef][0xbf][0xbd]g[0xef][0xbf][0xbd]Cp}[0xef][0xbf][0xbd][0x10]$[0xef][0xbf][0xbd]?[0x6]2[0xd4][0xbd][0x1d][0xef][0xbf][0xbd][0xc]w2[0xef][0xbf][0xbd][0x1a][0xe]$O[0x9][0xef][0xbf][0xbd][0xef][0xbf][0xbd][0xef][0xbf][0xbd]~x[0x6]s[0xef][0xbf][0xbd][0x5][0xd6][0x92]x?>[0xef][0xbf][0xbd][0xef][0xbf][0xbd]s[0x1b]T[0xdf][0xaa]4([0xc7][0xba]$[0xef][0xbf][0xbd] [0xef][0xbf][0xbd][0x14][0xef][0xbf][0xbd][0xc4][0xaa][0x13][0xef][0xbf][0xbd][0xef][0xbf][0xbd][0x9][0xef][0xbf][0xbd]M[0xef][0xbf][0xbd]X[0xef][0xbf][0xbd][0xef][0xbf][0xbd][0xef][0xbf]"
07:56:30.006 [main] DEBUG org.apache.http.wire -  >> "[0xbd]i)\[0xef][0xbf][0xbd]Hg[0xef][0xbf][0xbd][0xef][0xbf][0xbd][0xef][0xbf][0xbd]\[0xef][0xbf][0xbd]l[0xef][0xbf][0xbd]6[0xef][0xbf][0xbd][0xef][0xbf][0xbd][0xef][0xbf][0xbd][0xef][0xbf][0xbd][0xef][0xbf][0xbd][0xef][0xbf][0xbd]k[0xef][0xbf][0xbd]N[0xef][0xbf][0xbd][0xef][0xbf][0xbd]L[0x3]u[0xef][0xbf][0xbd][0xef][0xbf][0xbd][0x1d][0xdc][0xb0]x[0xef][0xbf][0xbd][[0xef][0xbf][0xbd]^-[0xef][0xbf][0xbd][0xef][0xbf][0xbd]+[0xef][0xbf][0xbd][0x8][0xef][0xbf][0xbd][0xef][0xbf][0xbd][0xef][0xbf][0xbd][0xef][0xbf][0xbd]7[0xef][0xbf][0xbd][0xef][0xbf][0xbd]m[0xef][0xbf][0xbd];1^Yr[0xef][0xbf][0xbd][0xef][0xbf][0xbd][0xef][0xbf][0xbd][0xef][0xbf][0xbd][0xef][0xbf][0xbd],(\[0xef][0xbf][0xbd]$[0xef][0xbf][0xbd]2-[0x1c][0xef][0xbf][0xbd]i[0xef][0xbf][0xbd]m.[0xef][0xbf][0xbd][0xef][0xbf][0xbd]h[0xef][0xbf][0xbd][0xef][0xbf][0xbd][0xcd][0x95][0xef][0xbf][0xbd][0xef][0xbf][0xbd]0[0x4][0xef][0xbf][0xbd][0x18][0xef][0xbf][0xbd]BX [0xef][0xbf][0xbd][0x16][0xef][0xbf][0xbd][0xe][0x8][0xef][0xbf][0xbd]*[0xef][0xbf][0xbd]Z[0x12]~W[0xef][0xbf][0xbd]T[0x2]k[0xef][0xbf][0xbd]#[0xcb][0xae][0xef][0xbf][0xbd][0xef][0xbf][0xbd][0xef][0xbf][0xbd][0xef][0xbf][0xbd][0xef][0xbf][0xbd]t[0xef][0xbf][0xbd][0xef][0xbf][0xbd]n[0xef][0xbf][0xbd][0xef][0xbf][0xbd][0xef][0xbf][0xbd][0xef][0xbf][0xbd]JC[0x1a][0xef][0xbf][0xbd][0xef][0xbf][0xbd][0xef][0xbf][0xbd]z%[0x16][0x1e])t[0xef][0xbf][0xbd]|n[0xef][0xbf][0xbd][0xef][0xbf][0xbd]Cc[0xef][0xbf][0xbd]}[0xef][0xbf][0xbd][0xef][0xbf][0xbd][0xf]UQ_k[0xef][0xbf][0xbd][0xef][0xbf][0xbd][0xef][0xbf][0xbd][0xef][0xbf][0xbd][0xef][0xbf][0xbd]C[0xef][0xbf][0xbd][0x1b]o[0xef][0xbf][0xbd][0xef][0xbf][0xbd]`}[0x11]][0xef][0xbf][0xbd]5`[0xef][0xbf][0xbd][0xef][0xbf][0xbd][0xef][0xbf][0xbd][0xef][0xbf][0xbd][0xef][0xbf][0xbd]-T[0xef][0xbf][0xbd]Q[0xef][0xbf][0xbd]OW[0x1f]R[0xef][0xbf][0xbd]K[[0xef][0xbf][0xbd]o[0xef][0xbf][0xbd][0xef][0xbf][0xbd][\r][0xef][0xbf][0xbd][0xef][0xbf][0xbd][0xef][0xbf][0xbd]g[0xef][0xbf][0xbd]9[0xef][0xbf][0xbd]9[0xef][0xbf][0xbd]J\[0xef][0xbf][0xbd]S[0xef][0xbf][0xbd]n(=[0xef][0xbf][0xbd][0xef][0xbf][0xbd]@L[0xef][0xbf][0xbd]&o[0x9]3[0xd1][0xb7]UK2[0xef][0xbf][0xbd]-F[0xef][0xbf][0xbd][0xef][0xbf][0xbd][0x1]f[0xef][0xbf][0xbd][\r]q[0xef][0xbf][0xbd][0xef][0xbf][0xbd]02[0x19][0xef][0xbf][0xbd][0xe][0x8][0xc]bD[0x5]X[0x15][0xef][0xbf][0xbd][0xef][0xbf][0xbd]_D[0xef][0xbf][0xbd],[0xef][0xbf][0xbd][0xef][0xbf][0xbd][0xef][0xbf][0xbd][0xef][0xbf][0xbd][0xef][0xbf][0xbd][0xef][0xbf][0xbd][0xb][0xef][0xbf][0xbd][0x8][0xc8][0x8c]'f[0xef][0xbf][0xbd][0xef][0xbf][0xbd]p[0xc5][0x9c]\[0x2]~r[\r][0x10][0xef][0xbf][0xbd][0xef][0xbf][0xbd][0xef][0xbf][0xbd])[0xef][0xbf][0xbd][0xef][0xbf][0xbd]'.<[0xb][0x1f]y[0xef][0xbf][0xbd][0xef][0xbf][0xbd]:N[0x13]w[0xd2][0xa4]c[0xef][0xbf][0xbd][0xef][0xbf][0xbd][0xef][0xbf][0xbd][0xef][0xbf][0xbd][0xef][0xbf][0xbd]d[0xef][0xbf][0xbd][0xef][0xbf][0xbd][0x1c][0xef][0xbf][0xbd]I6[0xef][0xbf][0xbd][0xef][0xbf][0xbd][0xef][0xbf][0xbd][0xef][0xbf][0xbd]^`V+[0xef][0xbf][0xbd]#.![0xef][0xbf][0xbd][0x17]c[0xef][0xbf][0xbd]3[0xef][0xbf][0xbd]i[0x8]NCj[0xef][0xbf][0xbd][0xef][0xbf][0xbd]( l[0xce][0xa8][0xef][0xbf][0xbd]P[0xef][0xbf][0xbd]9[0xcd][0xa1]|y[0xef][0xbf][0xbd][0xef][0xbf][0xbd]Y[0xef][0xbf][0xbd][0xef][0xbf][0xbd]@j[0x8]![0xef][0xbf][0xbd][0xef][0xbf][0xbd][0xef][0xbf][0xbd]$[0xef][0xbf][0xbd]E[0x10]D%s6qrmr9w[0xef][0xbf][0xbd][0xef][0xbf][0xbd]?[0xdc][0x9c]5z[0xef][0xbf][0xbd]*[0xef][0xbf][0xbd];[0xef][0xbf][0xbd]}[0xef][0xbf][0xbd]q[0xef][0xbf][0xbd][0x16][0xef][0xbf][0xbd][0xef][0xbf][0xbd]ZF[0xef][0xbf][0xbd][0x16]o,,R[0xef][0xbf][0xbd]J[0xef][0xbf][0xbd][0xd1][0xb2][0xef][0xbf][0xbd][0xef][0xbf][0xbd]-[0xef][0xbf][0xbd][0xef][0xbf][0xbd]K[0xef][0xbf][0xbd]~Ewy~][0xef][0xbf][0xbd][0xef][0xbf][0xbd][0xef][0xbf][0xbd]6/[0xef][0xbf][0xbd]<o[\n]"
07:56:30.006 [main] DEBUG org.apache.http.wire -  >> "[0xef][0xbf][0xbd][0xef][0xbf][0xbd][0xef][0xbf][0xbd]h[0xef][0xbf][0xbd][0xce][0xa3][0x16]5[0xef][0xbf][0xbd][0xe8][0xad][0xb6][0xe]UY[0xef][0xbf][0xbd]@[0xef][0xbf][0xbd][0x12]Z[0xef][0xbf][0xbd]T[0xef][0xbf][0xbd]nT[0xef][0xbf][0xbd][0xef][0xbf][0xbd][0x6][0x10][0xef][0xbf][0xbd][0x3][0xef][0xbf][0xbd][0x17][0xef][0xbf][0xbd][0xef][0xbf][0xbd][0x0][Z[0xef][0xbf][0xbd][0x1d][0xef][0xbf][0xbd]1D[0xef][0xbf][0xbd][0xef][0xbf][0xbd]QEhDD[0xef][0xbf][0xbd][0xef][0xbf][0xbd][0xef][0xbf][0xbd][0xef][0xbf][0xbd][0xef][0xbf][0xbd]1[0xef][0xbf][0xbd][0xef][0xbf][0xbd][0x1f]UU=[0xef][0xbf][0xbd][0xef][0xbf][0xbd][0x4][0xef][0xbf][0xbd][0xef][0xbf][0xbd][0xef][0xbf][0xbd][0xd4][0x8b]:R[0xef][0xbf][0xbd][0xef][0xbf][0xbd][\r][0x7][0xef][0xbf][0xbd][0x1c]w[0xef][0xbf][0xbd][0xef][0xbf][0xbd][0xd3][0x80][0xef][0xbf][0xbd][0xef][0xbf][0xbd][0xef][0xbf][0xbd][0xef][0xbf][0xbd][0xef][0xbf][0xbd][0xef][0xbf][0xbd][0xef][0xbf][0xbd][0xf]H[0xef][0xbf][0xbd]K[0xef][0xbf][0xbd][0xe7][0x9b][0xbd][[0xd5][0x9f]*[0xef][0xbf][0xbd][0xef][0xbf][0xbd][0xef][0xbf][0xbd]~[0xef][0xbf][0xbd][0xef][0xbf][0xbd][\r][0xef][0xbf][0xbd]:[0xef][0xbf][0xbd][0xef][0xbf][0xbd]q[0xef][0xbf][0xbd]t F[0xef][0xbf][0xbd][0xef][0xbf][0xbd][0xef][0xbf][0xbd][0xef][0xbf][0xbd][0xcf][0x8c]wA~h!g[0xef][0xbf][0xbd]k[0xef][0xbf][0xbd]R[0xef][0xbf][0xbd]GE[0xef][0xbf][0xbd]S[0xef][0xbf][0xbd]$[0xef][0xbf][0xbd]P[0xef][0xbf][0xbd][0xef][0xbf][0xbd][0xef][0xbf][0xbd][0xef][0xbf][0xbd]%[0xef][0xbf][0xbd]"[[0xef][0xbf][0xbd]%[0xef][0xbf][0xbd][0xef][0xbf][0xbd][0xef][0xbf][0xbd][0xef][0xbf][0xbd][0xea][0x85][0xa3][0xef][0xbf][0xbd][0xef][0xbf][0xbd][0xef][0xbf][0xbd]t[0xef][0xbf][0xbd][0xef][0xbf][0xbd]s[0xef][0xbf][0xbd][0xef][0xbf][0xbd]S=ur[0xef][0xbf][0xbd]i[0xef][0xbf][0xbd][0xef][0xbf][0xbd][0xef][0xbf][0xbd]T[0xef][0xbf][0xbd]W[0xef][0xbf][0xbd]&[0xef][0xbf][0xbd][0xef][0xbf][0xbd][0xef][0xbf][0xbd][0xef][0xbf][0xbd]$[0xef][0xbf][0xbd]2[0xef][0xbf][0xbd]p[0xef][0xbf][0xbd][0xef][0xbf][0xbd]qy[0x10][0xef][0xbf][0xbd][0x15][0xcb][0x87][0x9][0xef][0xbf][0xbd]?&[0xef][0xbf][0xbd]@Qf[0xef][0xbf][0xbd][\r]4h[0xef][0xbf][0xbd]"ZK[0xef][0xbf][0xbd][0x1f]([K[0xef][0xbf][0xbd]F[0x7]gsFx[0xf][0xef][0xbf][0xbd]+[0xef][0xbf][0xbd]*[0xef][0xbf][0xbd]E[0xef][0xbf][0xbd]([0xef][0xbf][0xbd]iO[0x12][0xef][0xbf][0xbd]K[0xef][0xbf][0xbd][0xef][0xbf][0xbd]T[0x16]K[0xef][0xbf][0xbd]65[0xd1][0x87]C2[0xef][0xbf][0xbd]`[0xef][0xbf][0xbd]{[0xef][0xbf][0xbd]D[0xef][0xbf][0xbd][0xef][0xbf][0xbd][0x16]*2[0x1c],[0xef][0xbf][0xbd]p[0xef][0xbf][0xbd]kL[0xef][0xbf][0xbd][0xef][0xbf][0xbd]N[0xef][0xbf][0xbd][0xef][0xbf][0xbd][0xef][0xbf][0xbd][0xef][0xbf][0xbd]LX[0xef][0xbf][0xbd][0xc9][0xa4][0xef][0xbf][0xbd][0xef][0xbf][0xbd]2[0xef][0xbf][0xbd]"6[0x1d][0xef][0xbf][0xbd]6[0x17][0xef][0xbf][0xbd][0xef][0xbf][0xbd]\D=[0xef][0xbf][0xbd][0xef][0xbf][0xbd][0xef][0xbf][0xbd]IO[0xef][0xbf][0xbd][0xef][0xbf][0xbd][0xef][0xbf][0xbd][0xdc][0x8d]t+[0xef][0xbf][0xbd]([0xef][0xbf][0xbd][0xef][0xbf][0xbd][0xc3][0x8d]>nD[0xef][0xbf][0xbd][0xef][0xbf][0xbd][0x11][0xef][0xbf][0xbd]([0xef][0xbf][0xbd][0xef][0xbf][0xbd]:7[0xea][0x8b][0xa7][0xef][0xbf][0xbd][0xef][0xbf][0xbd][0xef][0xbf][0xbd]x5Ae[0xef][0xbf][0xbd]kL[0x13][0xd2][0xac][0xef][0xbf][0xbd]R[0xef][0xbf][0xbd]rQ':L[0xef][0xbf][0xbd].[0xef][0xbf][0xbd]0[0x12][0x10]/[0xef][0xbf][0xbd]Vo)n[0xef][0xbf][0xbd][0xef][0xbf][0xbd]F[0xef][0xbf][0xbd][0xb]6[0xef][0xbf][0xbd]*[0xef][0xbf][0xbd][0xef][0xbf][0xbd]-KW/[0x1d]y[0xef][0xbf][0xbd]|ux[0xef][0xbf][0xbd][0xef][0xbf][0xbd]i[0xef][0xbf][0xbd]>j=<q[0xef][0xbf][0xbd]+$[0xef][0xbf][0xbd][0xef][0xbf][0xbd]%[0xef][0xbf][0xbd][0x17][0xef][0xbf][0xbd][0xef][0xbf][0xbd][0xef][0xbf][0xbd]9[0xef][0xbf][0xbd]TV[0xef][0xbf][0xbd][0xef][0xbf][0xbd][0xef][0xbf][0xbd][0xef][0xbf][0xbd]_[0xef][0xbf][0xbd]jGzl[0xef][0xbf][0xbd][0xef][0xbf][0xbd]([0xef][0xbf][0xbd][0xef][0xbf][0xbd],[0xef][0xbf][0xbd][0xef][0xbf][0xbd]!K[0xef][0xbf][0xbd]c[0xef][0xbf][0xbd]R1)[0xef][0xbf][0xbd][0xef][0xbf][0xbd]1[0x17]aIv[0xdf][0xb4][0xef][0xbf][0xbd][0xef][0xbf][0xbd]o|l[0xef][0xbf][0xbd][0xef][0xbf][0xbd]Bg[0xef][0xbf][0xbd][0xef][0xbf][0xbd],[0xcc][0xab]X[0xef][0xbf][0xbd][0xef][0xbf][0xbd][0xef][0xbf][0xbd]<[0xef][0xbf][0xbd]s[0xef][0xbf][0xbd][0xef][0xbf][0xbd][0xd8][0x8d][0xef][0xbf][0xbd]hK[0xef][0xbf][0xbd][0xef][0xbf][0xbd]G<qee[0xef][0xbf][0xbd][0xef][0xbf][0xbd][0x11][0xef][0xbf][0xbd][0xef][0xbf][0xbd]pI[0xef][0xbf][0xbd]<I[0xef][0xbf][0xbd]t[0xef][0xbf][0xbd][0xef][0xbf][0xbd]j.[0xef][0xbf][0xbd]H[0x1a][0xef][0xbf][0xbd]I[0xef][0xbf][0xbd][0xef][0xbf][0xbd][0xef][0xbf][0xbd]J!s[0xef][0xbf][0xbd][0xca][0xb0]+>[0xef][0xbf][0xbd][0xef][0xbf][0xbd][0x1e][0xef][0xbf][0xbd]C[0xef][0xbf][0xbd][0xc][0xef][0xbf][0xbd][0xcc][0xa7][0xef][0xbf][0xbd][0xef][0xbf][0xbd][0xef][0xbf][0xbd])[0x1e][\n]"
07:56:30.006 [main] DEBUG org.apache.http.wire -  >> "0[0xef][0xbf][0xbd][0x11]][0xc9][0xb0]H[0xef][0xbf][0xbd][0xd7][0xb2][0xef][0xbf][0xbd]3;[0xef][0xbf][0xbd]uQ[0x19]B[0xef][0xbf][0xbd][0xef][0xbf][0xbd][0xef][0xbf][0xbd]3[0x17]~)[[0xef][0xbf][0xbd][0xef][0xbf][0xbd][0xdc][0xa7][0xef][0xbf][0xbd][0xef][0xbf][0xbd]T[0xef][0xbf][0xbd]q[0xef][0xbf][0xbd][0xc6][0xa5][0x13][0xef][0xbf][0xbd][\n]"
07:56:30.007 [main] DEBUG org.apache.http.wire -  >> "7<[0xef][0xbf][0xbd][0xef][0xbf][0xbd][0xef][0xbf][0xbd]96[0xef][0xbf][0xbd][0xef][0xbf][0xbd][0x18][0xef][0xbf][0xbd][0xef][0xbf][0xbd]_uZ__4[0xef][0xbf][0xbd][0x6][0xef][0xbf][0xbd][0xef][0xbf][0xbd].[0xef][0xbf][0xbd][0xde][0x98][0xef][0xbf][0xbd]M[0xef][0xbf][0xbd][0x5]P[0x0][0xef][0xbf][0xbd]1p9[0x8][0xef][0xbf][0xbd][0xef][0xbf][0xbd]v[0xef][0xbf][0xbd][0x11][0xef][0xbf][0xbd][0x12][0xef][0xbf][0xbd][0xef][0xbf][0xbd]][0xef][0xbf][0xbd][0xef][0xbf][0xbd][0xef][0xbf][0xbd][0xef][0xbf][0xbd][0xef][0xbf][0xbd] y[0xef][0xbf][0xbd]<G^)o[0xef][0xbf][0xbd]_[0xef][0xbf][0xbd][0xef][0xbf][0xbd][0xcb][0x96][0xef][0xbf][0xbd][0xef][0xbf][0xbd][0xef][0xbf][0xbd][0xef][0xbf][0xbd]3[0xf][0xef][0xbf][0xbd]M\4[0xc6][0x8d][0xef][0xbf][0xbd]{[0xef][0xbf][0xbd];[0xef][0xbf][0xbd]{t[0xef][0xbf][0xbd]?[0xef][0xbf][0xbd]K[0xef][0xbf][0xbd]j8[0xef][0xbf][0xbd][0xef][0xbf][0xbd][0x15]-[0xef][0xbf][0xbd],[0xef][0xbf][0xbd][0xef][0xbf][0xbd][0xc4][0xbb]F[0x1a] [0xef][0xbf][0xbd][0x12]f[0xef][0xbf][0xbd]w_#[0xef][0xbf][0xbd]+[0x3]U[0xef][0xbf][0xbd]-[0xef][0xbf][0xbd][0x14]2[0xef][0xbf][0xbd][0xef][0xbf][0xbd]+[0xef][0xbf][0xbd][0x1c])[0xef][0xbf][0xbd][0xef][0xbf][0xbd][0xef][0xbf][0xbd][0xef][0xbf][0xbd]#[0xef][0xbf][0xbd][0xef][0xbf][0xbd]V>[0xef][0xbf][0xbd][0xe][0xef][0xbf][0xbd][0x1a]DS[0xef][0xbf][0xbd][0x16][0x8][0xef][0xbf][0xbd][0x11]0[0xef][0xbf][0xbd][0xef][0xbf][0xbd] [0x4][0xef][0xbf][0xbd][0x18][0xef][0xbf][0xbd][0x4]D[0xef][0xbf][0xbd][0xef][0xbf][0xbd][0xef][0xbf][0xbd][0x0]~j[0xef][0xbf][0xbd][0xef][0xbf][0xbd]BS[0xef][0xbf][0xbd][0xef][0xbf][0xbd]0[0xef][0xbf][0xbd]:ax&[0xcf][0x91][0xef][0xbf][0xbd][0xef][0xbf][0xbd][0xef][0xbf][0xbd][0x1f]ev5[0xef][0xbf][0xbd]i[0xef][0xbf][0xbd][0x15][0xef][0xbf][0xbd][0xef][0xbf][0xbd]xX|[0x11][0xef][0xbf][0xbd]N[0x6][0x1d]]1F[0xef][0xbf][0xbd][0xef][0xbf][0xbd][0xef][0xbf][0xbd][0xef][0xbf][0xbd]9[0xef][0xbf][0xbd][0xef][0xbf][0xbd][0xdc][0xa7][0xef][0xbf][0xbd][0x16][0xef][0xbf][0xbd][0xef][0xbf][0xbd]M[0x2][0xef][0xbf][0xbd][0xd2][0xaa]C([0x1c][0xef][0xbf][0xbd]:[0xef][0xbf][0xbd][0xd8][0xb7]t[0xef][0xbf][0xbd]T[0xef][0xbf][0xbd][0x13]/~b[0xef][0xbf][0xbd]E[0x18][0xef][0xbf][0xbd][0xef][0xbf][0xbd][0xef][0xbf][0xbd][0xef][0xbf][0xbd][0xef][0xbf][0xbd]#G[0xe8][0x97][0x87][0xef][0xbf][0xbd]G*[0xef][0xbf][0xbd]!"[0xcf][0x8a][0xef][0xbf][0xbd][0xef][0xbf][0xbd][0x1e][0xef][0xbf][0xbd][0xef][0xbf][0xbd]nH[0x16][0xef][0xbf][0xbd][0x8]6[0xef][0xbf][0xbd][0x9][0xef][0xbf][0xbd][0xeb][0x88][0xb7][0xef][0xbf][0xbd][0x18][0xef][0xbf][0xbd][0x11]U[0xef][0xbf][0xbd][0xef][0xbf][0xbd][0xef][0xbf][0xbd]40h[0x1e][0x1a]b}[0xef][0xbf][0xbd]s[0xef][0xbf][0xbd]![0xef][0xbf][0xbd]#[0x12]x\l[0xef][0xbf][0xbd][0xef][0xbf][0xbd][0xdc][0x9e]!Y[0xd6][0xaa][0xef][0xbf][0xbd][0xef][0xbf][0xbd]W[0xef][0xbf][0xbd][0xdf][0x9f][0xef][0xbf][0xbd]O[0xef][0xbf][0xbd][0xef][0xbf][0xbd]W[0xef][0xbf][0xbd][0xef][0xbf][0xbd][0xef][0xbf][0xbd][0xef][0xbf][0xbd][0xef][0xbf][0xbd][0xef][0xbf][0xbd][0xf][0xef][0xbf][0xbd]?#|Rz[0xef][0xbf][0xbd]C[0xef][0xbf][0xbd][0xef][0xbf][0xbd]:[0xef][0xbf][0xbd][0x1e][0xd9][0xb9][0xef][0xbf][0xbd][0xef][0xbf][0xbd];=[0xef][0xbf][0xbd],[0xef][0xbf][0xbd]g[0xef][0xbf][0xbd].[0xef][0xbf][0xbd][0xef][0xbf][0xbd]g[0xef][0xbf][0xbd][0x8]$B[0xef][0xbf][0xbd][0xef][0xbf][0xbd][0xef][0xbf][0xbd][0xef][0xbf][0xbd][\n]"
07:56:30.007 [main] DEBUG org.apache.http.wire -  >> "[0xef][0xbf][0xbd]2[0x9][0xef][0xbf][0xbd][0xef][0xbf][0xbd][0xef][0xbf][0xbd]w[0xef][0xbf][0xbd]%[0x12][0xef][0xbf][0xbd][0xef][0xbf][0xbd]}_w@x[0xef][0xbf][0xbd]7b[0x8][0xef][0xbf][0xbd]F[0xc][0xef][0xbf][0xbd][0x9]>[0xc4][0xb9]W[0xef][0xbf][0xbd][0xef][0xbf][0xbd][ u[0xef][0xbf][0xbd]o[0xef][0xbf][0xbd][0xef][0xbf][0xbd][0x4][0x11]f9[0xdb][0x88][0x18][0xe0][0xb9][0xbc][0xef][0xbf][0xbd]8[0xef][0xbf][0xbd]I&[0xef][0xbf][0xbd][0xef][0xbf][0xbd][0xef][0xbf][0xbd]7I[0xef][0xbf][0xbd]z[0xeb][0x96][0xba][0xef][0xbf][0xbd][0xef][0xbf][0xbd]n~[0xef][0xbf][0xbd][0xef][0xbf][0xbd]"u+[0xef][0xbf][0xbd][0xef][0xbf][0xbd][0xef][0xbf][0xbd][0xef][0xbf][0xbd][0xef][0xbf][0xbd][0xef][0xbf][0xbd][0xef][0xbf][0xbd][0xef][0xbf][0xbd][0x14][0xef][0xbf][0xbd][[0xef][0xbf][0xbd][0xef][0xbf][0xbd]V[0xef][0xbf][0xbd][0xef][0xbf][0xbd][0xef][0xbf][0xbd][0x14]-@[0xef][0xbf][0xbd][0xef][0xbf][0xbd][0xef][0xbf][0xbd][0x11][0x10][0xef][0xbf][0xbd]x[0xef][0xbf][0xbd]][0xef][0xbf][0xbd]yPbU[0xef][0xbf][0xbd]{[0xef][0xbf][0xbd]!*[0xef][0xbf][0xbd]F5[0xef][0xbf][0xbd][0xef][0xbf][0xbd]-[0xef][0xbf][0xbd]y[0xef][0xbf][0xbd]m3[0xef][0xbf][0xbd]_[0xef][0xbf][0xbd][0xef][0xbf][0xbd][0xef][0xbf][0xbd]Q[0xef][0xbf][0xbd][0xef][0xbf][0xbd]&[0xef][0xbf][0xbd][0xef][0xbf][0xbd]D[0xef][0xbf][0xbd][0x1b]o[0x1d][0xef][0xbf][0xbd]Z[0xef][0xbf][0xbd]r>[0x11][0xef][0xbf][0xbd][0xef][0xbf][0xbd][0x1f][0xef][0xbf][0xbd][0xcc][0xae][0xe2][0xaf][0x82][0xef][0xbf][0xbd]-[0xef][0xbf][0xbd][0xef][0xbf][0xbd][0xef][0xbf][0xbd]7[0xef][0xbf][0xbd][0x8]g[0xef][0xbf][0xbd],[0xef][0xbf][0xbd][0xef][0xbf][0xbd]O[0xd4][0x8f][0x7]}8[0xef][0xbf][0xbd]W{[0x15][0xef][0xbf][0xbd]w[0xef][0xbf][0xbd]G>#[0xef][0xbf][0xbd][0xef][0xbf][0xbd]b<[0xef][0xbf][0xbd][0xef][0xbf][0xbd]~[0xef][0xbf][0xbd][0xef][0xbf][0xbd][0xef][0xbf][0xbd]N[0xef][0xbf][0xbd][0xef][0xbf][0xbd]I[0xef][0xbf][0xbd]F[0xef][0xbf][0xbd]`[0xef][0xbf][0xbd][[0xef][0xbf][0xbd][0xc7][0x83]l[0xc9][0xaa]D[0xef][0xbf][0xbd][0xdb][0xa8][0xef][0xbf][0xbd][0xef][0xbf][0xbd][\r]#[0xcc][0xaa]GeVcT[0x16][0xef][0xbf][0xbd][0x17][0x8][0xd3][0x9b][0xef][0xbf][0xbd][0xef][0xbf][0xbd].[0xef][0xbf][0xbd]1^6[0xef][0xbf][0xbd][0x8][0xef][0xbf][0xbd][0xd5][0xbc][0xef][0xbf][0xbd][0xef][0xbf][0xbd][0xef][0xbf][0xbd][0xef][0xbf][0xbd][0xef][0xbf][0xbd]G[0xc8][0x95][0xdf][0x89][0xef][0xbf][0xbd][0xef][0xbf][0xbd]ed[0xef][0xbf][0xbd]i[0xef][0xbf][0xbd]T[0xef][0xbf][0xbd]P[0xef][0xbf][0xbd][0xef][0xbf][0xbd]M[0xef][0xbf][0xbd][0xef][0xbf][0xbd][0xef][0xbf][0xbd]~[0xef][0xbf][0xbd][0xef][0xbf][0xbd][0xef][0xbf][0xbd][0xd5][0xb9][0xef][0xbf][0xbd]Sm<[0x1b][0xef][0xbf][0xbd][0xef][0xbf][0xbd][0xef][0xbf][0xbd][0xb][0xef][0xbf][0xbd]X[0xef][0xbf][0xbd]>M[0xef][0xbf][0xbd]l[0xef][0xbf][0xbd]my<o[0x18][0xed][0x86][0x84][0xef][0xbf][0xbd]U+[0xef][0xbf][0xbd][0xef][0xbf][0xbd][0x8][0xef][0xbf][0xbd][0x11][0xef][0xbf][0xbd]f[0x18][0xef][0xbf][0xbd]V%[0xef][0xbf][0xbd][0xef][0xbf][0xbd]y[0xef][0xbf][0xbd][0x10]?[0x1c][0xe3][0xa3][0xb9][0xef][0xbf][0xbd][0xef][0xbf][0xbd]7F[0xef][0xbf][0xbd][0xef][0xbf][0xbd]V%[0xef][0xbf][0xbd][0x1c][0xef][0xbf][0xbd]8[0x3][0xef][0xbf][0xbd],[0xef][0xbf][0xbd]f)N$f[0x8][0xef][0xbf][0xbd][0xef][0xbf][0xbd]Y[0xef][0xbf][0xbd][0x19][0x2][0xef][0xbf][0xbd][0xef][0xbf][0xbd]g[0xef][0xbf][0xbd]S[0xef][0xbf][0xbd][0xef][0xbf][0xbd][[0xef][0xbf][0xbd]I[0xef][0xbf][0xbd][0xef][0xbf][0xbd][\r][0xef][0xbf][0xbd][0x1f];[0xef][0xbf][0xbd][0xef][0xbf][0xbd][0xef][0xbf][0xbd]'[0xef][0xbf][0xbd]o$[0xef][0xbf][0xbd]>[0x1a][0xef][0xbf][0xbd][0xef][0xbf][0xbd][0xef][0xbf][0xbd]v[0xef][0xbf][0xbd][0xef][0xbf][0xbd]f[0xef][0xbf][0xbd][0x17]6=[0xef][0xbf][0xbd][0xef][0xbf][0xbd][0xef][0xbf][0xbd][0xef][0xbf][0xbd][0xef][0xbf][0xbd][0xef][0xbf][0xbd]W/[0xef][0xbf][0xbd][0xef][0xbf][0xbd]p[0xef][0xbf][0xbd][0xf2][0x8d][0x8b][0xa6][0xef][0xbf][0xbd]>:[0xef][0xbf][0xbd][0xef][0xbf][0xbd][0x17][0xef][0xbf][0xbd][0xef][0xbf][0xbd]|6[0xef][0xbf][0xbd][0xc4][0x92][0xef][0xbf][0xbd][0xef][0xbf][0xbd].<7[0x1b][0xef][0xbf][0xbd]j[0xef][0xbf][0xbd][0x12][0xef][0xbf][0xbd][0xef][0xbf][0xbd][0xef][0xbf][0xbd][0xef][0xbf][0xbd][0xef][0xbf][0xbd]:[0x8][0xef][0xbf][0xbd][0x12][0x1][0xef][0xbf][0xbd]b[0x8][\r][0xef][0xbf][0xbd]}[0xef][0xbf][0xbd]E[0xef][0xbf][0xbd][0xef][0xbf][0xbd]QM<[0xef][0xbf][0xbd]&[0xef][0xbf][0xbd]c%[0xef][0xbf][0xbd][0xef][0xbf][0xbd][0x1f]%[0xef][0xbf][0xbd]6[0xc6][0xad]B[0xef][0xbf][0xbd][0xef][0xbf][0xbd]n[0x1c][0xef][0xbf][0xbd][0xe][0x1d][0xef][0xbf][0xbd]RXx[0x15][0xef][0xbf][0xbd][0xc]&[0xd1][0x82][0xef][0xbf][0xbd][0xef][0xbf][0xbd][0xef][0xbf][0xbd][0xef][0xbf][0xbd][0xef][0xbf][0xbd][0xef][0xbf][0xbd][0x18][72[0xef][0xbf][0xbd]Lq[0xef][0xbf][0xbd][0xef][0xbf][0xbd][0xef][0xbf][0xbd]\O[0xef][0xbf][0xbd]l[0xef][0xbf][0xbd]n[0xef][0xbf][0xbd]j[0x17]Sn[0xef][0xbf][0xbd]W[0xef][0xbf][0xbd]{[0xef][0xbf][0xbd]{[0xef][0xbf][0xbd]5I[0xef][0xbf][0xbd][0xef][0xbf][0xbd];[0xef][0xbf][0xbd][0xde][0xb1]RB[0xef][0xbf][0xbd][0x8]_U[0xef][0xbf][0xbd]o[0xdb][0xb7]w[0xef][0xbf][0xbd][0xef][0xbf][0xbd][0xf][0xef][0xbf][0xbd][0xef][0xbf][0xbd]([0xef][0xbf][0xbd][0x1e][0xef][0xbf][0xbd]A[0xef][0xbf][0xbd][0xef][0xbf][0xbd]n0[0xef][0xbf][0xbd][0xef][0xbf][0xbd]p0[0x4][0xef][0xbf][0xbd][0x6][0x3]Xe[0xef][0xbf][0xbd][0x8][0xdc][0xbe]5[0xef][0xbf][0xbd][0x1]~[\n]"
07:56:30.008 [main] DEBUG org.apache.http.wire -  >> "]Mv[0xef][0xbf][0xbd][0xef][0xbf][0xbd]\[0xef][0xbf][0xbd][0xef][0xbf][0xbd][0xef][0xbf][0xbd][0xef][0xbf][0xbd]&[0xef][0xbf][0xbd][0xef][0xbf][0xbd][0xef][0xbf][0xbd][0xef][0xbf][0xbd]mj;[0x1c][0xef][0xbf][0xbd]4[0xef][0xbf][0xbd]p[0xef][0xbf][0xbd][0xef][0xbf][0xbd][0x18][0xef][0xbf][0xbd][0x10][0x13][0x18][0xef][0xbf][0xbd]o[0xef][0xbf][0xbd][0x1]ga:[0xef][0xbf][0xbd][0xc5][0xb2][0x12]6[0xef][0xbf][0xbd][0xcb][0xb0][0x1f]Dtj[0xde][0xa6]U[0xef][0xbf][0xbd][0xef][0xbf][0xbd].[0xef][0xbf][0xbd]T[0xef][0xbf][0xbd]&[0x1][0xef][0xbf][0xbd][0xd6][0xb8]-[0xef][0xbf][0xbd]nr[0x9]wi[0xef][0xbf][0xbd]_[\n]"
07:56:30.008 [main] DEBUG org.apache.http.wire -  >> "]N[0xef][0xbf][0xbd]^QS[0xef][0xbf][0xbd][0xdf][0xaf][0xef][0xbf][0xbd][0xef][0xbf][0xbd][0xef][0xbf][0xbd]M_[0xef][0xbf][0xbd][0xef][0xbf][0xbd]j[0xef][0xbf][0xbd]e[0xef][0xbf][0xbd]q[0xef][0xbf][0xbd][0xef][0xbf][0xbd][0xef][0xbf][0xbd][0xef][0xbf][0xbd][0x13]G[0xef][0xbf][0xbd]zN[0xef][0xbf][0xbd]K[0xef][0xbf][0xbd],[0xef][0xbf][0xbd]4[0x14]1=[0xef][0xbf][0xbd][0xef][0xbf][0xbd][0xef][0xbf][0xbd]Q[0xda][0xb5]15[0xef][0xbf][0xbd][0xe2][0xaa][0xb0]TGN[0xef][0xbf][0xbd][0xef][0xbf][0xbd][0xef][0xbf][0xbd][0xef][0xbf][0xbd][0x14]:[0xef][0xbf][0xbd],[0xef][0xbf][0xbd]\[\r](S[0x3].[0xef][0xbf][0xbd][0xef][0xbf][0xbd][0xef][0xbf][0xbd]?*[0xef][0xbf][0xbd]y.[0xef][0xbf][0xbd]Xa[0x1d][0xef][0xbf][0xbd]l[0x0]q[0x1][0xef][0xbf][0xbd].[0xdd][0xa1][0xef][0xbf][0xbd][0xef][0xbf][0xbd]uyP[0xef][0xbf][0xbd][0x8]|[0x15][0xef][0xbf][0xbd][0xef][0xbf][0xbd]%[0xef][0xbf][0xbd]_[0xef][0xbf][0xbd]E2[0xef][0xbf][0xbd]|G[0xef][0xbf][0xbd][0xef][0xbf][0xbd][0xef][0xbf][0xbd]6q"H;[0xef][0xbf][0xbd]k[0xef][0xbf][0xbd]E[0xef][0xbf][0xbd]Q[0xef][0xbf][0xbd]M[0xef][0xbf][0xbd]Vq[0xef][0xbf][0xbd]Z[0xef][0xbf][0xbd][0xef][0xbf][0xbd]mk[0xd8][0x8c]O[0xef][0xbf][0xbd]'h[0xef][0xbf][0xbd][0xef][0xbf][0xbd][0x14][0xef][0xbf][0xbd][0xef][0xbf][0xbd]1 [0xef][0xbf][0xbd]8a[0xef][0xbf][0xbd][0xef][0xbf][0xbd]U0[0xef][0xbf][0xbd][0x11]:)[0x16][0xef][0xbf][0xbd][0xef][0xbf][0xbd][0xef][0xbf][0xbd][0xc3][0x87][0xef][0xbf][0xbd]'[0xef][0xbf][0xbd]|[0xef][0xbf][0xbd]?[0xef][0xbf][0xbd]m2[0x1d]`#Y[0xef][0xbf][0xbd][0x13]d[0x19][0x1f])[0xef][0xbf][0xbd][0xef][0xbf][0xbd]#!k[0xd8][0xb6][0xef][0xbf][0xbd][0x1f]R,U0[0xef][0xbf][0xbd][0xef][0xbf][0xbd]a8P[0x1a][0xef][0xbf][0xbd]a[0xb]Y[0xef][0xbf][0xbd][0xef][0xbf][0xbd]<rD^z[0xef][0xbf][0xbd][0xef][0xbf][0xbd]&9[0x1f][0xef][0xbf][0xbd][0xef][0xbf][0xbd][0xef][0xbf][0xbd]!\[0x13][0x1f][0xef][0xbf][0xbd]F[0xef][0xbf][0xbd][0x14][0x16][0xef][0xbf][0xbd][0xef][0xbf][0xbd][0xef][0xbf][0xbd]5[0xe7][0xa9][0x9c]Uqx[0xef]"
07:56:30.009 [main] DEBUG org.apache.http.wire -  >> "[0xbf][0xbd][[0x14]r"*[0xef][0xbf][0xbd].[0xef][0xbf][0xbd][0xef][0xbf][0xbd][0xef][0xbf][0xbd][0xef][0xbf][0xbd]h[0x14][0xef][0xbf][0xbd][0xef][0xbf][0xbd][0xef][0xbf][0xbd][0xef][0xbf][0xbd][0xef][0xbf][0xbd]^[0x5][0x1f]7d[0xef][0xbf][0xbd][0xef][0xbf][0xbd][0xef][0xbf][0xbd]([0xef][0xbf][0xbd][0xef][0xbf][0xbd][0xef][0xbf][0xbd]K[0xef][0xbf][0xbd]X,[0xef][0xbf][0xbd]2[0x4][0xef][0xbf][0xbd][0xef][0xbf][0xbd][0x9]<NC[0xb][0xef][0xbf][0xbd]R[0xef][0xbf][0xbd]a[0xef][0xbf][0xbd]R[0xef][0xbf][0xbd][0xef][0xbf][0xbd]([xT[0x4][0xef][0xbf][0xbd][0xef][0xbf][0xbd]][0xe][0xef][0xbf][0xbd][0xef][0xbf][0xbd]7[0xef][0xbf][0xbd][0x6]<[0xef][0xbf][0xbd][0xef][0xbf][0xbd][0xef][0xbf][0xbd][0xef][0xbf][0xbd][0x8][0xef][0xbf][0xbd][0xef][0xbf][0xbd][0xef][0xbf][0xbd]Y3F[0xef][0xbf][0xbd]<8[0xef][0xbf][0xbd][0xd8][0x9c]C[0xef][0xbf][0xbd][0xef][0xbf][0xbd][0xef][0xbf][0xbd]j[0xef][0xbf][0xbd]C[][0xef][0xbf][0xbd][0xef][0xbf][0xbd]Wg9[0xef][0xbf][0xbd][0xef][0xbf][0xbd]|s[0xef][0xbf][0xbd][0xef][0xbf][0xbd]C[0x3]G[0xef][0xbf][0xbd][0x1c][0xef][0xbf][0xbd][0xef][0xbf][0xbd][0xef][0xbf][0xbd][0xef][0xbf][0xbd]9[0xef][0xbf][0xbd]^TC[0xef][0xbf][0xbd][0xc9][0xb1][0xef][0xbf][0xbd][0x19][0xef][0xbf][0xbd][0xef][0xbf][0xbd][0xef][0xbf][0xbd][0xef][0xbf][0xbd][0xf]=[0xef][0xbf][0xbd]hf+[0xef][0xbf][0xbd]![0xef][0xbf][0xbd][0xef][0xbf][0xbd][0xef][0xbf][0xbd][0xef][0xbf][0xbd][0xf]c[0xef][0xbf][0xbd][0xef][0xbf][0xbd][0xef][0xbf][0xbd][0x18][0xef][0xbf][0xbd][0xef][0xbf][0xbd][0xdd][0xaa][0x8]H[0xef][0xbf][0xbd]9[0xef][0xbf][0xbd]:[0xef][0xbf][0xbd][0xef][0xbf][0xbd][0xef][0xbf][0xbd][0xef][0xbf][0xbd][0xc6][0x8c][0xef][0xbf][0xbd][0xef][0xbf][0xbd]d[0x16]x[0xef][0xbf][0xbd][0x13]$[0xef][0xbf][0xbd][0x1b][0xef][0xbf][0xbd]5S[0xc8][0xa8][0x1a]N[0xef][0xbf][0xbd][0x15][0xef][0xbf][0xbd]`b[0xef][0xbf][0xbd]][0xef][0xbf][0xbd][0xef][0xbf][0xbd]n[0xef][0xbf][0xbd]{b&[0x1b][0xef][0xbf][0xbd][0xe][0xef][0xbf][0xbd][0xef][0xbf][0xbd]j[0xef][0xbf][0xbd]G[0xef][0xbf][0xbd]-[0xef][0xbf][0xbd]K[0xef][0xbf][0xbd][0xef][0xbf][0xbd][0xef][0xbf][0xbd][0xcb][0xa5]O[0xef][0xbf][0xbd]z+{[0xef][0xbf][0xbd][0x1b]+[0xef][0xbf][0xbd]S[0xef][0xbf][0xbd]m[0xef][0xbf][0xbd][0xef][0xbf][0xbd]u[0xef][0xbf][0xbd]d[0xef][0xbf][0xbd]Z=[0xef][0xbf][0xbd]z[0xef][0xbf][0xbd]wN[0xef][0xbf][0xbd]V[0x13]w[0xef][0xbf][0xbd]F[0xef][0xbf][0xbd]?[0xef][0xbf][0xbd][0x12][0xef][0xbf][0xbd][0xef][0xbf][0xbd][0x12]k[0x8]}[0xef][0xbf][0xbd][0xef][0xbf][0xbd]F[0xef][0xbf][0xbd]U6[0xef][0xbf][0xbd]oZE[0xef][0xbf][0xbd][0xef][0xbf][0xbd][0x6][0x15]33[0x12][0xef][0xbf][0xbd][0xe]U8[0xef][0xbf][0xbd][0xef][0xbf][0xbd][0x8]2[0xef][0xbf][0xbd][0xef][0xbf][0xbd][0xef][0xbf][0xbd] [0xef][0xbf][0xbd],[0xef][0xbf][0xbd][0xef][0xbf][0xbd][0xef][0xbf][0xbd][0xef][0xbf][0xbd]3\[0x19]3[0xef][0xbf][0xbd]H[0xef][0xbf][0xbd]i[0xef][0xbf][0xbd]z[0xef][0xbf][0xbd]>i[0xce][0xb1][0xef][0xbf][0xbd]_[0xef][0xbf][0xbd][0x15][0xef][0xbf][0xbd].[0xef][0xbf][0xbd][0xef][0xbf][0xbd][0xef][0xbf][0xbd][0xef][0xbf][0xbd]y[0xef][0xbf][0xbd][0xef][0xbf][0xbd]h[0xc2][0x9a]-[0xef][0xbf][0xbd][0xef][0xbf][0xbd][0xef][0xbf][0xbd][0x1b]<t[0xef][0xbf][0xbd]h[0xef][0xbf][0xbd]@ v[0xef][0xbf][0xbd][0xef][0xbf][0xbd][0xef][0xbf][0xbd][0xef][0xbf][0xbd][0xef][0xbf][0xbd][0xef][0xbf][0xbd][0xef][0xbf][0xbd][0x7]e[0xef][0xbf][0xbd]C[0xef][0xbf][0xbd][0x18][0xef][0xbf][0xbd][0xef][0xbf][0xbd]#[0xef][0xbf][0xbd]?[0xef][0xbf][0xbd][0xef][0xbf][0xbd][0x1d]o4r[0xef][0xbf][0xbd]^L[0x3][0xc6][0xa6]z:[0xef][0xbf][0xbd][0xef][0xbf][0xbd][0xef][0xbf][0xbd]j[0xef][0xbf][0xbd]F[0xef][0xbf][0xbd][0x8]#[0xef][0xbf][0xbd]1[0xef][0xbf][0xbd]$[0x4]q.[0xef][0xbf][0xbd][0x13][0xef][0xbf][0xbd]r[0xd8][0x9f]l<[0xef][0xbf][0xbd][0xef][0xbf][0xbd]bd[0x15][0xef][0xbf][0xbd]<v1][0xef][0xbf][0xbd]iQ[0xef][0xbf][0xbd][0xef][0xbf][0xbd]f[0xef][0xbf][0xbd][0x18][0x19][0xef][0xbf][0xbd]o[0x1c]~wZ[0xef][0xbf][0xbd]n[0xcb][0xb4][0xef][0xbf][0xbd]o[0xef][0xbf][0xbd]P[0xef][0xbf][0xbd]i[0xef][0xbf][0xbd][0xef][0xbf][0xbd]`[0xef][0xbf][0xbd]W[0xef][0xbf][0xbd]7[0xef][0xbf][0xbd][0xef][0xbf][0xbd]?H[0xef][0xbf][0xbd][0xef][0xbf][0xbd]4[0xef][0xbf][0xbd][0xe][0xef][0xbf][0xbd][0xef][0xbf][0xbd]'[0xef][0xbf][0xbd][0xef][0xbf][0xbd]M[0x7][0xca][0xb7][0xef][0xbf][0xbd][0xef][0xbf][0xbd][0xef][0xbf][0xbd]=[0xcb][0xb0][0x1f][0xef][0xbf][0xbd][0xef][0xbf][0xbd][0xef][0xbf][0xbd][0xb][0xef][0xbf][0xbd][0x1c][0xef][0xbf][0xbd]|[0xef][0xbf][0xbd][0xef][0xbf][0xbd]6s>3[0x6][0xef][0xbf][0xbd][0xef][0xbf][0xbd]>G0[0xef][0xbf][0xbd][0xef][0xbf][0xbd]R[0xef][0xbf][0xbd]6[0xef][0xbf][0xbd][\r][0xef][0xbf][0xbd]hL[0x1][0xef][0xbf][0xbd]?[0xef][0xbf][0xbd][0xc6][0xa4][0xef][0xbf][0xbd]F[0xef][0xbf][0xbd][0xef][0xbf][0xbd][0x15][0xef][0xbf][0xbd][0xe][0xef][0xbf][0xbd][0xef][0xbf][0xbd][0xef][0xbf][0xbd]k[0xef][0xbf][0xbd])[0xe][0xd2][0xaa][0xef][0xbf][0xbd][0xef][0xbf][0xbd][0xef][0xbf][0xbd][0xef][0xbf][0xbd]<i[0xef][0xbf][0xbd][0xef][0xbf][0xbd]I[0xef][0xbf][0xbd]lr[0xef][0xbf][0xbd][0xef][0xbf][0xbd][0xef][0xbf][0xbd][0xef][0xbf][0xbd][0xef][0xbf][0xbd]/[0xef][0xbf][0xbd]7[0x1e][0xef][0xbf][0xbd][0xef][0xbf][0xbd]O[0xef][0xbf][0xbd]y\[0xef][0xbf][0xbd][0xef][0xbf][0xbd][0x5][0xef][0xbf][0xbd][0xef][0xbf][0xbd][0xef][0xbf][0xbd][0xef][0xbf][0xbd]W/L[0xef][0xbf][0xbd]d[0xef][0xbf][0xbd][0xef][0xbf][0xbd][0xef][0xbf][0xbd][0xef][0xbf][0xbd][0xef][0xbf][0xbd][0xef][0xbf][0xbd][0xef][0xbf][0xbd]K[0xef][0xbf][0xbd]s[0xef][0xbf][0xbd]"[0xef][0xbf][0xbd][0xef][0xbf][0xbd][0xef][0xbf][0xbd][0xc7][0xb1][0xef][0xbf][0xbd]{r[0xef][0xbf][0xbd][0x8][0xef][0xbf][0xbd]^x:d[0xef][0xbf][0xbd][0x16][0xef][0xbf][0xbd][0xef][0xbf][0xbd][0x5][0xef][0xbf][0xbd][0xef][0xbf][0xbd][0x1c][0xef][0xbf][0xbd][0x14][0xef][0xbf][0xbd]q[0xef][0xbf][0xbd]FFU[0xef][0xbf][0xbd][\r][0xef][0xbf][0xbd][0xef][0xbf][0xbd][0xef][0xbf][0xbd][0xef][0xbf][0xbd]>[0xef][0xbf][0xbd]x[0xef][0xbf][0xbd]V[0xef][0xbf][0xbd]F[0xef][0xbf][0xbd]tb[0xc][0xcf][0x82][\r][0xef][0xbf][0xbd]G[0x9]+G[0x5]c[0xef][0xbf][0xbd][0x11][0xef][0xbf][0xbd]4\[0xef][0xbf][0xbd]HH[0xef][0xbf][0xbd]IW[0xef][0xbf][0xbd][0xef][0xbf][0xbd][0x8][0xef][0xbf][0xbd][0xef][0xbf][0xbd][0xef][0xbf][0xbd]={[0xe][0xef][0xbf][0xbd][0xef][0xbf][0xbd][0xef][0xbf][0xbd]9 9m[0xef][0xbf][0xbd]#[0xef][0xbf][0xbd]~+[0xef][0xbf][0xbd])[0xef][0xbf][0xbd][0xef][0xbf][0xbd][0xef][0xbf][0xbd]][0xef][0xbf][0xbd][0x6][0xcb][0x84]G[0xef][0xbf][0xbd]*[0x7]"[0xef][0xbf][0xbd]G[0xef][0xbf][0xbd][0xef][0xbf][0xbd][0xef][0xbf][0xbd]_[0xef][0xbf][0xbd][0xef][0xbf][0xbd][0xef][0xbf][0xbd][0xef][0xbf][0xbd]J[0xef][0xbf][0xbd]t[0xef][0xbf][0xbd]5[0xef][0xbf][0xbd]g<[0xef][0xbf][0xbd]c[0xef][0xbf][0xbd][0x9][0xef][0xbf][0xbd]F[0xef][0xbf][0xbd][0xef][0xbf][0xbd]E[0x1f][0xef][0xbf][0xbd][0xef][0xbf][0xbd][0xef][0xbf][0xbd]p/[0xef][0xbf][0xbd][0xcd][0x96][0xef][0xbf][0xbd]?[0xef][0xbf][0xbd]Rwh[0x14][0xef][0xbf][0xbd][0xcd][0x8d][0x9][0xef][0xbf][0xbd];[0xef][0xbf][0xbd][0xef][0xbf][0xbd]d[0xef][0xbf][0xbd][0xef][0xbf][0xbd][0xef][0xbf][0xbd]Q[0xef][0xbf][0xbd][0xef][0xbf][0xbd]jkU[0xef][0xbf][0xbd]7[0xef][0xbf][0xbd]L[0xef][0xbf][0xbd][0xef][0xbf][0xbd]>=[0xef][0xbf][0xbd])XF[0xef][0xbf][0xbd]~[0xef][0xbf][0xbd][0xef][0xbf][0xbd]v[0xef][0xbf][0xbd][0xef][0xbf][0xbd]4[0xcb][0xae]?[0xef][0xbf][0xbd][0xef][0xbf][0xbd][0xef][0xbf][0xbd][0xef][0xbf][0xbd][0xef][0xbf][0xbd][0xef][0xbf][0xbd][0xef][0xbf][0xbd][0xef][0xbf][0xbd]>[0xef][0xbf][0xbd]qZ[0xd9][0xbb][0xef][0xbf][0xbd][0xf]nxb_[0xef][0xbf][0xbd][0xef][0xbf][0xbd][0xef][0xbf][0xbd][0xef][0xbf][0xbd]@E[0xef][0xbf][0xbd][0x16][0xef][0xbf][0xbd][0xef][0xbf][0xbd]*[0xef][0xbf][0xbd]:[0xef][0xbf][0xbd][0xef][0xbf][0xbd][0xe8][0x87][0xa6]=[0xef][0xbf][0xbd][0xef][0xbf][0xbd]`[0xef][0xbf][0xbd]R[0xef][0xbf][0xbd][0xef][0xbf][0xbd]_o[0xef][0xbf][0xbd][0xef][0xbf][0xbd]N~[0xef][0xbf][0xbd]r[0xef][0xbf][0xbd][0xef][0xbf][0xbd][0x1e][0x0][0xc2][0x97]2[0xef][0xbf][0xbd]b[0xef][0xbf][0xbd][0xef][0xbf][0xbd];[0xef][0xbf][0xbd][0x1e][0xef][0xbf][0xbd]ec[0xef][0xbf][0xbd][0xdb][0xae][0xef][0xbf][0xbd][0xef][0xbf][0xbd][0x11]qp [0x4][0xef][0xbf][0xbd][0xef][0xbf][0xbd][0xea][0xb4][0x93][0xef][0xbf][0xbd][0xef][0xbf][0xbd][0x0][0xef][0xbf][0xbd][0xef][0xbf][0xbd]IOq[0xef][0xbf][0xbd][0xef][0xbf][0xbd]+^[0xef][0xbf][0xbd]gIO[0xd6][0xa3][0xef][0xbf][0xbd][0xef][0xbf][0xbd]CB)[0xef][0xbf][0xbd]0mp~|i[0xef][0xbf][0xbd][0xef][0xbf][0xbd][0xef][0xbf][0xbd]Fu[0xef][0xbf][0xbd]'[0xef][0xbf][0xbd]~8{[0xef][0xbf][0xbd][0xef][0xbf][0xbd][0x7]*=[0xef][0xbf][0xbd][0xef][0xbf][0xbd]y[\n]"
07:56:30.009 [main] DEBUG org.apache.http.wire -  >> "[0xef][0xbf][0xbd]Y[0xef][0xbf][0xbd][0xc7][0xa8][0xef][0xbf][0xbd][0xef][0xbf][0xbd];[0xef][0xbf][0xbd][0xec][0x96][0x83]C[0xef][0xbf][0xbd][0xef][0xbf][0xbd][0x18][0x1c][0x12][0xef][0xbf][0xbd][0xef][0xbf][0xbd]\[0xef][0xbf][0xbd][0xef][0xbf][0xbd][0xef][0xbf][0xbd]Z[0xef][0xbf][0xbd][0xef][0xbf][0xbd]r[0xef][0xbf][0xbd] [0xef][0xbf][0xbd][0xef][0xbf][0xbd]([0xef][0xbf][0xbd]Y|[0xef][0xbf][0xbd][0xef][0xbf][0xbd][0xef][0xbf][0xbd][0xef][0xbf][0xbd][0xef][0xbf][0xbd][0xef][0xbf][0xbd]'[0xef][0xbf][0xbd]7Ib&[0xef][0xbf][0xbd]M[0xef][0xbf][0xbd][0xef][0xbf][0xbd]ip[0x7][0xef][0xbf][0xbd][0xef][0xbf][0xbd][0xef][0xbf][0xbd]a[0xef][0xbf][0xbd][0xf][0xef][0xbf][0xbd][0xef][0xbf][0xbd][0x19][0xef][0xbf][0xbd] [0xef][0xbf][0xbd][0xd9][0xb4][0xef][0xbf][0xbd]z[0xef][0xbf][0xbd][0xef][0xbf][0xbd][0xef][0xbf][0xbd][0x2][0xef][0xbf][0xbd][0x19]k[0x1b]c[0x14][0xef][0xbf][0xbd][0xef][0xbf][0xbd][0xef][0xbf][0xbd][0x12]{[0x9][0x17]Q[0xef][0xbf][0xbd]D$[0xef][0xbf][0xbd]X%C$fu[0xef][0xbf][0xbd]%[0xef][0xbf][0xbd][0xef][0xbf][0xbd]1[0xef][0xbf][0xbd][0xef][0xbf][0xbd]7[0xef][0xbf][0xbd]9[0x1e]}[0xef][0xbf][0xbd]o:[0xef][0xbf][0xbd]:R;u[\r][0xef][0xbf][0xbd]HKGt[0xef][0xbf][0xbd][0xef][0xbf][0xbd][0xcc][0x8a]^[0xef][0xbf][0xbd][0x9][0xef][0xbf][0xbd]z[0xef][0xbf][0xbd][0xef][0xbf][0xbd][0xef][0xbf][0xbd]C$6[0xef][0xbf][0xbd][0xef][0xbf][0xbd][0xef][0xbf][0xbd][0x19]a[0xef][0xbf][0xbd][0x10][0xef][0xbf][0xbd]d[0xef][0xbf][0xbd][0xef][0xbf][0xbd][0xef][0xbf][0xbd]l[0xef][0xbf][0xbd]`[0xef][0xbf][0xbd][0xef][0xbf][0xbd]o[0xef][0xbf][0xbd][0xef][0xbf][0xbd]k[0xef][0xbf][0xbd][0xc]5v[0x4][0xef][0xbf][0xbd]<[0xef][0xbf][0xbd][0xc8][0x84][0xef][0xbf][0xbd]{[0x2][0xef][0xbf][0xbd] [0x0]c'[0xef][0xbf][0xbd][0xef][0xbf][0xbd][0xef][0xbf][0xbd][0x1b][0x2][0xef][0xbf][0xbd][0xef][0xbf][0xbd][0xef][0xbf][0xbd]-[0xef][0xbf][0xbd][0xc]=[0xef][0xbf][0xbd]:8[0xef][0xbf][0xbd][0xef][0xbf][0xbd]t[0x14]y[0xef][0xbf][0xbd]:[0xef][0xbf][0xbd][0xef][0xbf][0xbd][0xef][0xbf][0xbd]@~[0xef][0xbf][0xbd][0xef][0xbf][0xbd].[0xef][0xbf][0xbd][0xef][0xbf][0xbd]r[0xef][0xbf][0xbd]\2Z[0xef][0xbf][0xbd][0xef][0xbf][0xbd])@l[0xef][0xbf][0xbd]"[0xef][0xbf][0xbd][0x3]e[0xef][0xbf][0xbd][0xef][0xbf][0xbd][0xef][0xbf][0xbd][0xef][0xbf][0xbd]!*[0xef][0xbf][0xbd][0xef][0xbf][0xbd][\n]"
07:56:30.010 [main] DEBUG org.apache.http.wire -  >> "[\n]"
07:56:30.010 [main] DEBUG org.apache.http.wire -  >> "C[0xef][0xbf][0xbd][0xcb][0xa8][0xef][0xbf][0xbd][0x0][0xef][0xbf][0xbd]<[0xef][0xbf][0xbd]O[0xef][0xbf][0xbd]E?bXi[0xef][0xbf][0xbd][0xef][0xbf][0xbd]]t[\r]R9[0x10][0xef][0xbf][0xbd]@[0xef][0xbf][0xbd][0xf][0xef][0xbf][0xbd]A [0xef][0xbf][0xbd][0xef][0xbf][0xbd][0xb][0xef][0xbf][0xbd][0x3][0xef][0xbf][0xbd][0x1b]P~b[0x6][0xef][0xbf][0xbd]G[0xef][0xbf][0xbd][0x1e][0xb][0xcb][0xa3][0xef][0xbf][0xbd][0xef][0xbf][0xbd]H[0xef][0xbf][0xbd][0xef][0xbf][0xbd]k[0xef][0xbf][0xbd]O_S[0xef][0xbf][0xbd][0xef][0xbf][0xbd][0xef][0xbf][0xbd]8.S[0xef][0xbf][0xbd]{[0xef][0xbf][0xbd][0xef][0xbf][0xbd]~[0xef][0xbf][0xbd][0xef][0xbf][0xbd]![0xef][0xbf][0xbd][0xef][0xbf][0xbd][0xd2][0x89][0xef][0xbf][0xbd][0xef][0xbf][0xbd][0xef][0xbf][0xbd][0x7][0x1e][0xef][0xbf][0xbd]v[0xef][0xbf][0xbd][0xef][0xbf][0xbd][0xef][0xbf][0xbd]b[0xef][0xbf][0xbd][0xc2][0xbd][0xf][0xef][0xbf][0xbd]P[0xef][0xbf][0xbd][0xf0][0xb4][0xa0][0xa7]f[0xef][0xbf][0xbd]|t[0xef][0xbf][0xbd][0xef][0xbf][0xbd][\r]=vcK[0xef][0xbf][0xbd]51[0x13]|k[\n]"
07:56:30.010 [main] DEBUG org.apache.http.wire -  >> "[0xef][0xbf][0xbd][0xef][0xbf][0xbd][0x0]w[0xef][0xbf][0xbd]wM[0xd5][0xa2][0xef][0xbf][0xbd]@[0xef][0xbf][0xbd][0xcf][0xb5]s [0x14][0xef][0xbf][0xbd]P[0xef][0xbf][0xbd][0xef][0xbf][0xbd][0xef][0xbf][0xbd]S [0xef][0xbf][0xbd][\n]"
07:56:30.010 [main] DEBUG org.apache.http.wire -  >> "[0xef][0xbf][0xbd][0xef][0xbf][0xbd][0xef][0xbf][0xbd][0x15]Usy[0xef][0xbf][0xbd][0xef][0xbf][0xbd][0xef][0xbf][0xbd][0xef][0xbf][0xbd][0x13]~[0xef][0xbf][0xbd]K[0xef][0xbf][0xbd][0xef][0xbf][0xbd][0xef][0xbf][0xbd][0xea][0xbf][0xbc][0x10]-[\n]"
07:56:30.010 [main] DEBUG org.apache.http.wire -  >> "C0[0xef][0xbf][0xbd]HE[0xef][0xbf][0xbd]B![0x6][0xef][0xbf][0xbd][0xef][0xbf][0xbd]A[\r][0x1a]z[0xef][0xbf][0xbd]*[0xef][0xbf][0xbd][0xef][0xbf][0xbd]g[0xef][0xbf][0xbd]5][0xef][0xbf][0xbd][0xef][0xbf][0xbd][0xe9][0x89][0x86][0xef][0xbf][0xbd][0xef][0xbf][0xbd][0xef][0xbf][0xbd]'[0xef][0xbf][0xbd],[0x0][0xef][0xbf][0xbd]4{[0xef][0xbf][0xbd][0x1][0xef][0xbf][0xbd][0xef][0xbf][0xbd][0xef][0xbf][0xbd]s[0x1a][0xef][0xbf][0xbd][0xef][0xbf][0xbd][0xcb][0xa2]/[0xef][0xbf][0xbd]m[0xef][0xbf][0xbd][0xef][0xbf][0xbd].[0xef][0xbf][0xbd]7[0xf][0xef][0xbf][0xbd]R[0xef][0xbf][0xbd][0xef][0xbf][0xbd][0xef][0xbf][0xbd]][0xef][0xbf][0xbd][0xef][0xbf][0xbd]v[0xd2][0x84][0xef][0xbf][0xbd]j[0xef][0xbf][0xbd]zZ[\r][0xef][0xbf][0xbd]VQH[0xef][0xbf][0xbd]TZ[0xef][0xbf][0xbd][0xef][0xbf][0xbd][0xef][0xbf][0xbd][0xef][0xbf][0xbd][0xef][0xbf][0xbd][0xef][0xbf][0xbd]_|[0xef][0xbf][0xbd]"#u[0xef][0xbf][0xbd][0xd8][0x88]c[0x17][\r][0xef][0xbf][0xbd][0xef][0xbf][0xbd]a[0xef][0xbf][0xbd][0xef][0xbf][0xbd][0xe][0xef][0xbf][0xbd][0xef][0xbf][0xbd]O0[0xef][0xbf][0xbd]D[0xef][0xbf][0xbd][0xb][0x19]x[0x17][0xef][0xbf][0xbd][0xef][0xbf][0xbd][0x18]0[0xef][0xbf][0xbd][0xef][0xbf][0xbd][0xef][0xbf][0xbd][0x1a]1[0xd2][0x9f]yo=Fb[\n]"
07:56:30.010 [main] DEBUG org.apache.http.wire -  >> "[0x1f][0xc5][0xbd][0xef][0xbf][0xbd][0xef][0xbf][0xbd][0xef][0xbf][0xbd][0xef][0xbf][0xbd][0xca][0x91]c3JwYf[0xef][0xbf][0xbd]|[0xef][0xbf][0xbd][0xef][0xbf][0xbd][0xd2][0xad][0xef][0xbf][0xbd];[0x7][0xef][0xbf][0xbd][0xdf][0xb3][0xef][0xbf][0xbd][0xef][0xbf][0xbd][0xef][0xbf][0xbd]n[0xef][0xbf][0xbd]g[0x17]ynI[0xef][0xbf][0xbd][0xef][0xbf][0xbd]+T?W[0xef][0xbf][0xbd]o}[0xef][0xbf][0xbd][0xef][0xbf][0xbd][0xef][0xbf][0xbd]b[0xef][0xbf][0xbd]'^[0xef][0xbf][0xbd][0xd3][0x8d]HI0[0xef][0xbf][0xbd]p[0xef][0xbf][0xbd]![0xef][0xbf][0xbd]U[0xef][0xbf][0xbd][0xef][0xbf][0xbd][0xef][0xbf][0xbd]Z[0xef][0xbf][0xbd]VW[0xef][0xbf][0xbd][0xef][0xbf][0xbd]@[0xef][0xbf][0xbd]>[0xef][0xbf][0xbd][0xef][0xbf][0xbd][0x12][0xef][0xbf][0xbd][0xef][0xbf][0xbd]<$[0xef][0xbf][0xbd]:r[0xef][0xbf][0xbd][0xef][0xbf][0xbd][0xef][0xbf][0xbd][0xef][0xbf][0xbd][0xef][0xbf][0xbd]w-}C[0x18][0xef][0xbf][0xbd]Jz[0x3]a[0xef][0xbf][0xbd]i[0xef][0xbf][0xbd][0x7][0xef][0xbf][0xbd][0xef][0xbf][0xbd]E[0xef][0xbf][0xbd]B[0xef][0xbf][0xbd][0xef][0xbf][0xbd],[0xef][0xbf][0xbd]9[0xef][0xbf][0xbd]s[0xef][0xbf][0xbd][0xef][0xbf][0xbd][0xef][0xbf][0xbd][0xef][0xbf][0xbd]w[0x1b][0x18][0xef][0xbf][0xbd][0x0][0xef][0xbf][0xbd][0x6]|[0xd7][0xa3][0xef][0xbf][0xbd][0xef][0xbf][0xbd]od[0xef][0xbf][0xbd][0xef][0xbf][0xbd][0x8][0xef][0xbf][0xbd]6,[0xe][0xef][0xbf][0xbd][0xef][0xbf][0xbd][0xef][0xbf][0xbd][0xef][0xbf][0xbd][0xef][0xbf][0xbd][0xef][0xbf][0xbd]8[0xcb][0xb1].il[0xef][0xbf][0xbd][j|c[0xef][0xbf][0xbd][0x1e][0xef][0xbf][0xbd][0xef][0xbf][0xbd][0xef][0xbf][0xbd]3f[0xef][0xbf][0xbd][0xef][0xbf][0xbd][0x1b][0xef][0xbf][0xbd][0x14][0x1e]E[0x8]t[0xef][0xbf][0xbd][0xef][0xbf][0xbd][0xef][0xbf][0xbd]K}/[0xef][0xbf][0xbd];[0xef][0xbf][0xbd][0xef][0xbf][0xbd][0xef][0xbf][0xbd][0xef][0xbf][0xbd][0x1e][0x19][0xef][0xbf][0xbd]7[0xef][0xbf][0xbd]D[0xef][0xbf][0xbd][0xef][0xbf][0xbd][0xef][0xbf][0xbd][0xef][0xbf][0xbd][0xef][0xbf][0xbd][0xef][0xbf][0xbd]O[0xef][0xbf][0xbd]([0xef][0xbf][0xbd]V[0xef][0xbf][0xbd]MXBb[0xef][0xbf][0xbd][0xef][0xbf][0xbd][0xef][0xbf][0xbd]0`V[0xef][0xbf][0xbd][0xef][0xbf][0xbd][0x3][0xef][0xae][0xbf]ojN[0xef][0xbf][0xbd]{[0xef][0xbf][0xbd]u[0x1a]4[0xef][0xbf][0xbd][0xef][0xbf][0xbd]u[0xef][0xbf][0xbd][0x1e]~i[0xef][0xbf][0xbd][0xef][0xbf][0xbd])[0x3]y[0xde][0xa1][0xdd][0xa0][0xef][0xbf][0xbd][0xef][0xbf][0xbd].[0x18]A[0xef][0xbf][0xbd]t[0xef][0xbf][0xbd][0xef][0xbf][0xbd]E[0x10]<5[0xef][0xbf][0xbd][0xef][0xbf][0xbd][0xef][0xbf][0xbd]_[0xef][0xbf][0xbd][0xef][0xbf][0xbd][0x0][0xef][0xbf][0xbd][0xe][0x8][0xb][0xb][0xef][0xbf][0xbd][0xef][0xbf][0xbd]q[0xef][0xbf][0xbd][0xef][0xbf][0xbd][0xef][0xbf][0xbd][0xef][0xbf][0xbd]9l[0xf][0xef][0xbf][0xbd]l[0xef][0xbf][0xbd]W[0xef][0xbf][0xbd][0xef][0xbf][0xbd]+vf[0x12]l,Z[0xef][0xbf][0xbd][0xef][0xbf][0xbd]5[0xef][0xbf][0xbd][0xef][0xbf][0xbd][0x5],[0xef][0xbf][0xbd][0xef][0xbf][0xbd][0xef][0xbf][0xbd]'N[0xef][0xbf][0xbd]J[0xef][0xbf][0xbd][0xef][0xbf][0xbd]h[0xef][0xbf][0xbd]+k[0xef][0xbf][0xbd][0xef][0xbf][0xbd]c[0xc7][0xa4].[0xef][0xbf][0xbd]"[0xef][0xbf][0xbd][0xc8][0xae]][0xef][0xbf][0xbd]6[0xef][0xbf][0xbd]o([0xef][0xbf][0xbd][0xdb][0x8b][0x8][0xef][0xbf][0xbd][0x1b][0xef][0xbf][0xbd]|[0xef][0xbf][0xbd][0xef][0xbf][0xbd]E\kV[0xef][0xbf][0xbd][0xe][0xef][0xbf][0xbd]f7[0xef][0xbf][0xbd]z[0x18][0x10][0xef][0xbf][0xbd][0xef][0xbf][0xbd]t[0xef][0xbf][0xbd]0Z[0xef][0xbf][0xbd]J[0xef][0xbf][0xbd][0xef][0xbf][0xbd]Mx[0x10][0xef][0xbf][0xbd]r{[0xef][0xbf][0xbd][0xef][0xbf][0xbd]1[0xef][0xbf][0xbd][0x11][0xef][0xbf][0xbd]N>[0xef][0xbf][0xbd][0xda][0x9b][0xef][0xbf][0xbd][0xef][0xbf][0xbd][0xc4][0xa7][0xef][0xbf][0xbd]K[0xef][0xbf][0xbd]IKN[0x1e][0xef][0xbf][0xbd]e[0xef][0xbf][0xbd][0xef][0xbf][0xbd][0xdf][0xb7][0x9]a[0x15][0xef][0xbf][0xbd][0x11][0x1b]'Z[0xef][0xbf][0xbd][0xef][0xbf][0xbd][0xef][0xbf][0xbd]M[0xef][0xbf][0xbd][0x19][0xef][0xbf][0xbd]A[0xef][0xbf][0xbd]jf[0x1b]n[0xef][0xbf][0xbd][0xc][0x19]=[0xef][0xbf][0xbd][0xef][0xbf][0xbd][0x4][0xef][0xbf][0xbd][0xef][0xbf][0xbd].\[0xef][0xbf][0xbd][0xef][0xbf][0xbd]{[0xef][0xbf][0xbd]B[0xef][0xbf][0xbd]\q\[0xef][0xbf][0xbd]r-[0x0][0xef][0xbf][0xbd]O[0xef][0xbf][0xbd]2[0x8]F[0xef][0xbf][0xbd]%[0xef][0xbf][0xbd][0xef][0xbf][0xbd][0x18][0xdf][0xa0][0xef][0xbf][0xbd][0x15]Pwj[0x3][0xef][0xbf][0xbd]|[0xef][0xbf][0xbd]J[0xef][0xbf][0xbd]) [0xd0][0x8b]GX[0xef][0xbf][0xbd][0xef][0xbf][0xbd][0xc5][0xa7][0xef][0xbf][0xbd][0xef][0xbf][0xbd][0xef][0xbf][0xbd][0xef][0xbf][0xbd][0xef][0xbf][0xbd][0xef][0xbf][0xbd]K[0xef][0xbf][0xbd]c[0x1b][0xef][0xbf][0xbd]?4[0xd8][0xa0][0x1e]?[0xef][0xbf][0xbd]Y[0xef][0xbf][0xbd]3[0xef][0xbf][0xbd][0xd0][0xbe][0xe2][0xb8][0x90]Z[0xef][0xbf][0xbd][0xef][0xbf][0xbd][0xef][0xbf][0xbd]YyNh[0xce][0xbf][0xef][0xbf][0xbd][0x2][0xef][0xbf][0xbd][0x14][0xef][0xbf][0xbd][0x16][0x8][0xef][0xbf][0xbd][0xef][0xbf][0xbd]@[0xef][0xbf][0xbd][0xef][0xbf][0xbd]6[0xd4][0x99]YV[0xef][0xbf][0xbd]6[0x4][0xef][0xbf][0xbd][0xef][0xbf][0xbd]R[0xef][0xbf][0xbd]O5w[0x15][0xc2][0x98]S[0x14][0x4][0xef][0xbf][0xbd][0xef][0xbf][0xbd]@n[0xef][0xbf][0xbd]t^[0xef][0xbf][0xbd]F[0xef][0xbf][0xbd][0xef][0xbf][0xbd][0xef][0xbf][0xbd]s[0xef][0xbf][0xbd][0xef][0xbf][0xbd]d[0xef][0xbf][0xbd][0xef][0xbf][0xbd][0xef][0xbf][0xbd][0x1c][0xef][0xbf][0xbd]GV{[0xef][0xbf][0xbd][0xef][0xbf][0xbd]|A[0xef][0xbf][0xbd]Q'Q[0x17][0xef][0xbf][0xbd]Bl"[0xef][0xbf][0xbd]>[0xef][0xbf][0xbd][0xef][0xbf][0xbd][0xd8][0x84]b[0xef][0xbf][0xbd][0x5][0xef][0xbf][0xbd]k[0xef][0xbf][0xbd]:[0xef][0xbf][0xbd][0xef][0xbf][0xbd]1[0xef][0xbf][0xbd]A,[0xef][0xbf][0xbd][0xc][0xef][0xbf][0xbd][0x10]f[0x2][0xc][0xef][0xbf][0xbd][0xef][0xbf][0xbd][0xef][0xbf][0xbd]-W[0x1d][0x9][0xef][0xbf][0xbd]JHH[0xef][0xbf][0xbd][0xef][0xbf][0xbd]0[0xef][0xbf][0xbd][0xef][0xbf][0xbd][0xef][0xbf][0xbd][0x1f]+[0xef][0xbf][0xbd][0xef][0xbf][0xbd][0xef][0xbf][0xbd][0xef][0xbf][0xbd][0xef][0xbf][0xbd][0xef][0xbf][0xbd][0xef][0xbf][0xbd]j3lB\3u[0xef][0xbf][0xbd])[0x12]*[0xef][0xbf][0xbd][0xef][0xbf][0xbd][0xef][0xbf][0xbd]U[0x11][0xef][0xbf][0xbd]7[0xef][0xbf][0xbd][0xef][0xbf][0xbd][0xef][0xbf][0xbd][0xef][0xbf][0xbd]*[0xef][0xbf][0xbd][0x4][0xef][0xbf][0xbd][0xef][0xbf][0xbd][0x13][0x8][0xef][0xbf][0xbd]#.[0xef][0xbf][0xbd][0xdd][0x87][0xef][0xbf][0xbd][0xef][0xbf][0xbd][0xef][0xbf][0xbd][0xef][0xbf][0xbd][0xef][0xbf][0xbd]}[0xc8][0xa4][0xef][0xbf][0xbd]+_[0xef][0xbf][0xbd][0x3]=o[0x8][0xef][0xbf][0xbd][0x1b]7[0xef][0xbf][0xbd][0xb][0xef][0xbf][0xbd][0xef][0xbf][0xbd]][0xef][0xbf][0xbd]f[0xef][0xbf][0xbd][0xef][0xbf][0xbd]n[0xef][0xbf][0xbd]{[0xef][0xbf][0xbd]C[0x18]a[\r]r[0xef][0xbf][0xbd]y[0xef][0xbf][0xbd][0x5][0xef][0xbf][0xbd][0x4][0x1b]6[0xef][0xbf][0xbd]#q[0xef][0xbf][0xbd]Hj[0xef][0xbf][0xbd][0xef][0xbf][0xbd]!$[0xef][0xbf][0xbd][0xef][0xbf][0xbd][0x1d][0xef][0xbf][0xbd][0xef][0xbf][0xbd][0xef][0xbf][0xbd][0xef][0xbf][0xbd]F[0x8][0xef][0xbf][0xbd][0xef][0xbf][0xbd][0xef][0xbf][0xbd][0xef][0xbf][0xbd]![0xef][0xbf][0xbd]w[0xef][0xbf][0xbd]i[0xef][0xbf][0xbd][0xef][0xbf][0xbd]K[0xef][0xbf][0xbd]t[0x7]Z[0xef][0xbf][0xbd]P[0xef][0xbf][0xbd]{<[0xef]"
07:56:30.011 [main] DEBUG org.apache.http.wire -  >> "[0xbf][0xbd]H[0xef][0xbf][0xbd].[0x1d][0xef][0xbf][0xbd][0xef][0xbf][0xbd](~[0xef][0xbf][0xbd][0xef][0xbf][0xbd]7O[0x1a][0xef][0xbf][0xbd][0xef][0xbf][0xbd]"[0xef][0xbf][0xbd]e2[0xef][0xbf][0xbd][0x1e][0xef][0xbf][0xbd][0xd5][0xba][0xef][0xbf][0xbd]}[0xef][0xbf][0xbd][0xef][0xbf][0xbd][0xef][0xbf][0xbd]/[0xef][0xbf][0xbd]:~R[0xef][0xbf][0xbd]u[0xef][0xbf][0xbd]a'[0xef][0xbf][0xbd][0xef][0xbf][0xbd]nF[0xc][0xef][0xbf][0xbd][0xef][0xbf][0xbd][0xef][0xbf][0xbd][0xef][0xbf][0xbd][0x6][0xc][0xef][0xbf][0xbd][0xef][0xbf][0xbd][0xe][0xef][0xbf][0xbd]L$[0xef][0xbf][0xbd]C[0xef][0xbf][0xbd][0x1d][0xef][0xbf][0xbd]O[0xef][0xbf][0xbd]%P[0x4][0xef][0xbf][0xbd]Pwg 3[0xef][0xbf][0xbd][0xef][0xbf][0xbd]B,$3[0xef][0xbf][0xbd][0xef][0xbf][0xbd][0x18][0xef][0xbf][0xbd][0xef][0xbf][0xbd]1v[0x7][0xef][0xbf][0xbd][0xef][0xbf][0xbd][0xef][0xbf][0xbd][0xef][0xbf][0xbd][0xef][0xbf][0xbd][0xef][0xbf][0xbd][0x17][0xef][0xbf][0xbd][[0xef][0xbf][0xbd][0xef][0xbf][0xbd]W[0xf][0xef][0xbf][0xbd][0xef][0xbf][0xbd][0xef][0xbf][0xbd][0xef][0xbf][0xbd][0xef][0xbf][0xbd]%[0xe][0xef][0xbf][0xbd]o][0xef][0xbf][0xbd][0xef][0xbf][0xbd][0xef][0xbf][0xbd][0xef][0xbf][0xbd]w[0xf][0x11][0xef][0xbf][0xbd]/[0xef][0xbf][0xbd][0xef][0xbf][0xbd]R[0x13]\[0xef][0xbf][0xbd]2[0xef][0xbf][0xbd]w[0xef][0xbf][0xbd][0xef][0xbf][0xbd][0xef][0xbf][0xbd][0xef][0xbf][0xbd][0xef][0xbf][0xbd])~a[0xe1][0xaa][0xad][0xef][0xbf][0xbd][0xef][0xbf][0xbd]yfw[0xef][0xbf][0xbd][0xef][0xbf][0xbd][0xef][0xbf][0xbd][0xef][0xbf][0xbd][0xef][0xbf][0xbd]{[0xef][0xbf][0xbd][0xef][0xbf][0xbd]9[0xef][0xbf][0xbd][0xd8][0x8e][0xef][0xbf][0xbd][0xef][0xbf][0xbd]2S[0xef][0xbf][0xbd]=[0xef][0xbf][0xbd][0xef][0xbf][0xbd][0xef][0xbf][0xbd][0xef][0xbf][0xbd][0x19]C[0xef][0xbf][0xbd]7+[0xef][0xbf][0xbd][0xef][0xbf][0xbd]h[0xef][0xbf][0xbd][0xe][0x1d]RfP[0xef][0xbf][0xbd][0x6][0xef][0xbf][0xbd]n!7[0xef][0xbf][0xbd][0xef][0xbf][0xbd]_W7[0xef][0xbf][0xbd][0x10][0xef][0xbf][0xbd]?p[0xef][0xbf][0xbd]4~[0xef][0xbf][0xbd][0xef][0xbf][0xbd]G[0xef][0xbf][0xbd][0xef][0xbf][0xbd][0x3][0x17][0xe2][0xb2][0x99][0xd2][0x9a][0xef][0xbf][0xbd][0xef][0xbf][0xbd][0xef][0xbf][0xbd][0xef][0xbf][0xbd][0xef][0xbf][0xbd][0xef][0xbf][0xbd](;[0xef][0xbf][0xbd]<[0xef][0xbf][0xbd][0xef][0xbf][0xbd][0xef][0xbf][0xbd][0xd9][0x9a][0x6][0xef][0xbf][0xbd][0xef][0xbf][0xbd][0xef][0xbf][0xbd][0xef][0xbf][0xbd]p[0xef][0xbf][0xbd]}[0xef][0xbf][0xbd] [0x2]$[0xef][0xbf][0xbd][0xef][0xbf][0xbd][0xef][0xbf][0xbd][0x2][0xef][0xbf][0xbd])[0xef][0xbf][0xbd]B[0xe][0xef][0xbf][0xbd][0x1][0xef][0xbf][0xbd][0xef][0xbf][0xbd]Ta"f[0xef][0xbf][0xbd][0x2][0xef][0xbf][0xbd]V[\n]"
07:56:30.011 [main] DEBUG org.apache.http.wire -  >> "[0xef][0xbf][0xbd]4Mn[0xef][0xbf][0xbd]:#[0xef][0xbf][0xbd]D[0xef][0xbf][0xbd]0[0xef][0xbf][0xbd][0xef][0xbf][0xbd]?~[0xef][0xbf][0xbd]=b[0xef][0xbf][0xbd]=,3[0xef][0xbf][0xbd]E[0xef][0xbf][0xbd][0xef][0xbf][0xbd][0xef][0xbf][0xbd]g[0xef][0xbf][0xbd][0xef][0xbf][0xbd]a[0xef][0xbf][0xbd][0xdb][0xac][0xef][0xbf][0xbd]`N[0x1c]U[0xef][0xbf][0xbd]_[0xef][0xbf][0xbd]$[0xef][0xbf][0xbd]!P[0xef][0xbf][0xbd]V[0x2][0xef][0xbf][0xbd][0xef][0xbf][0xbd]H[0x4]"[0xef][0xbf][0xbd][0xef][0xbf][0xbd]9&[0xef][0xbf][0xbd]oO[0xef][0xbf][0xbd][0xef][0xbf][0xbd][0xef][0xbf][0xbd][0xef][0xbf][0xbd];[0xef][0xbf][0xbd][0xef][0xbf][0xbd][0xef][0xbf][0xbd].[0xef][0xbf][0xbd]1w[0xef][0xbf][0xbd][0x17]_[0xef][0xbf][0xbd]^[0x7][0xf]b[0xef][0xbf][0xbd][0xef][0xbf][0xbd][0xef][0xbf][0xbd]:nm3i[0xef][0xbf][0xbd]0[0xef][0xbf][0xbd]5E[0xef][0xbf][0xbd][0xef][0xbf][0xbd]:[0x1][0xef][0xbf][0xbd]{[0xef][0xbf][0xbd][0xef][0xbf][0xbd][0xf][0x0][0xef][0xbf][0xbd]t[0x12][0xec][0x88][0x81][0xef][0xbf][0xbd][0xef][0xbf][0xbd]o[0xf][\r][0xef][0xbf][0xbd]N-D[0xef][0xbf][0xbd][0xef][0xbf][0xbd]y[0xef][0xbf][0xbd][0xef][0xbf][0xbd][0xef][0xbf][0xbd][0xef][0xbf][0xbd][0xef][0xbf][0xbd]~[0xef][0xbf][0xbd][0x12]R[0xef][0xbf][0xbd][0x7][0xf]:r.[0xef][0xbf][0xbd]2[0xb][0xef][0xbf][0xbd]$[0xef][0xbf][0xbd][0x1d][0xef][0xbf][0xbd][0x16][0xef][0xbf][0xbd]w[0xef][0xbf][0xbd][0xef][0xbf][0xbd]oK[0xef][0xbf][0xbd][0xef][0xbf][0xbd]!e%cH[0xef][0xbf][0xbd]RiT[0xef][0xbf][0xbd][0xef][0xbf][0xbd]I[0xef][0xbf][0xbd][0x1d]";[0xef][0xbf][0xbd][0x3][0x1d][0xef][0xbf][0xbd]4e|G,[0xef][0xbf][0xbd]6[0xef][0xbf][0xbd]e[0x2]Z[0xef][0xbf][0xbd][0xef][0xbf][0xbd]P[0xef][0xbf][0xbd][0xef][0xbf][0xbd]![0xf][0xef][0xbf][0xbd][0x1][0xe][0x4][0x1c]>[0xef][0xbf][0xbd]99[0x6][0x1b][0xef][0xbf][0xbd][0x3][0xef][0xbf][0xbd]#[0xef][0xbf][0xbd][0xef][0xbf][0xbd][0x7]4C[0xef][0xbf][0xbd][0xef][0xbf][0xbd][0xef][0xbf][0xbd]6[0x17][0x2].[0x1f][0xef][0xbf][0xbd][0xef][0xbf][0xbd]@[0x2][0x3][0x1c][0xef][0xbf][0xbd][0x12][0xef][0xbf][0xbd][0x1f]eM[0xef][0xbf][0xbd]1[0x1f][0xef][0xbf][0xbd])[0xef][0xbf][0xbd][0xef][0xbf][0xbd]:%[0xef][0xbf][0xbd]%[0x1f][0xef][0xbf][0xbd][0xef][0xbf][0xbd][0xef][0xbf][0xbd][0xef][0xbf][0xbd][0xef][0xbf][0xbd]/[0xef][0xbf][0xbd][0xef][0xbf][0xbd][0xef][0xbf][0xbd][0xc5][0x95]7w[0xc2][0xa5]K[0xef][0xbf][0xbd][0xef][0xbf][0xbd]t[0xef][0xbf][0xbd])LO[0xef][0xbf][0xbd]v[0x7]t[0xef][0xbf][0xbd]M[0xef][0xbf][0xbd]<[0xef][0xbf][0xbd]3[0xef][0xbf][0xbd][0xef][0xbf][0xbd]O[0xef][0xbf][0xbd][0x1f][0xef][0xbf][0xbd]LS[0xef][0xbf][0xbd][0xef][0xbf][0xbd]{[0x3]+[0xef][0xbf][0xbd][0x8]8}46E[0xef][0xbf][0xbd])[0xef][0xbf][0xbd][0xef][0xbf][0xbd]iH[0xef][0xbf][0xbd]xN[0xef][0xbf][0xbd][0xd3][0x8a]Q[0xef][0xbf][0xbd]"[0xef][0xbf][0xbd]"[0xef][0xbf][0xbd][0xef][0xbf][0xbd][0xef][0xbf][0xbd](M[0xef][0xbf][0xbd][0xef][0xbf][0xbd][0xef][0xbf][0xbd][0xef][0xbf][0xbd]r[0xef][0xbf][0xbd][0xef][0xbf][0xbd]T[0xc3][0xbb][0x10][0xe9][0x95][0xa8][0xef][0xbf][0xbd]O[0xef][0xbf][0xbd]N[0xef][0xbf][0xbd][0xef][0xbf][0xbd]B[0xef][0xbf][0xbd][0xef][0xbf][0xbd]u[0xef][0xbf][0xbd][0xef][0xbf][0xbd][0xef][0xbf][0xbd][0xef][0xbf][0xbd][0xef][0xbf][0xbd][0xd3][0x85]]-[0xef][0xbf][0xbd][0xca][0x81][0xef][0xbf][0xbd]f[0xef][0xbf][0xbd][0xef][0xbf][0xbd][0xef][0xbf][0xbd][0x8][0xef][0xbf][0xbd][0xef][0xbf][0xbd]mv[0xef][0xbf][0xbd][0x1a][0xb][0xef][0xbf][0xbd]$[0xef][0xbf][0xbd]h[0xef][0xbf][0xbd][0xef][0xbf][0xbd]#B[0xef][0xbf][0xbd][0xef][0xbf][0xbd][0xc][0x9][0xef][0xbf][0xbd][0xef][0xbf][0xbd][0xef][0xbf][0xbd][0xef][0xbf][0xbd]~[0xef][0xbf][0xbd][0xef][0xbf][0xbd][0xef][0xbf][0xbd]lv][0x16][0xef][0xbf][0xbd][0xef][0xbf][0xbd][0xef][0xbf][0xbd]K7[0xef][0xbf][0xbd][0x8][0xef][0xbf][0xbd]\[0xef][0xbf][0xbd]~&[0xcb][0x87]X[0xef][0xbf][0xbd][0xef][0xbf][0xbd]FQ"[0xef][0xbf][0xbd]M[0x16][0xef][0xbf][0xbd][0xef][0xbf][0xbd][0x13]Qs[0xc5][0x8c][0x15][0xef][0xbf][0xbd][0xef][0xbf][0xbd]l[0xef][0xbf][0xbd]7Z[0xef][0xbf][0xbd]t[0x7]C[0x14][0xef][0xbf][0xbd]t[0xb][0xef][0xbf][0xbd][0x1b]7[0xc][\r][0xef][0xbf][0xbd][0xef][0xbf][0xbd]~[0x1f]%[0xef][0xbf][0xbd][0xef][0xbf][0xbd]3[0xde][0x8f][0x12][0xef][0xbf][0xbd][0xef][0xbf][0xbd][0x18]:[0x1b][0xec][0xb8][0xbe]{[0xef][0xbf][0xbd][0xef][0xbf][0xbd][0xef][0xbf][0xbd]Q[0x9],[0xef][0xbf][0xbd][0xef][0xbf][0xbd]`![0x1c]-[0xde][0xb4]f[0xef][0xbf][0xbd]V[0xef][0xbf][0xbd]e[0xef][0xbf][0xbd][0xef][0xbf][0xbd]M[0xef][0xbf][0xbd][0xef][0xbf][0xbd]`[0xef][0xbf][0xbd][0xef][0xbf][0xbd]z[0xef][0xbf][0xbd]H[0xef][0xbf][0xbd][0xef][0xbf][0xbd][0xef][0xbf][0xbd][0xef][0xbf][0xbd][0xef][0xbf][0xbd]'_[0xef][0xbf][0xbd][0xef][0xbf][0xbd]j[0xef][0xbf][0xbd][0xef][0xbf][0xbd][0xef][0xbf][0xbd][0xef][0xbf][0xbd][0xef][0xbf][0xbd][0xef][0xbf][0xbd]&[0xef][0xbf][0xbd]N[0xef][0xbf][0xbd][0xef][0xbf][0xbd]f[0xef][0xbf][0xbd])[0xef][0xbf][0xbd][0xef][0xbf][0xbd]m[0xef][0xbf][0xbd]A[0x8][0xef][0xbf][0xbd][0xef][0xbf][0xbd][0xef][0xbf][0xbd]q'[0xef][0xbf][0xbd][0x10][0xef][0xbf][0xbd]Ro[0xef][0xbf][0xbd]RX[0xb];[0xef][0xbf][0xbd][0x15][0xef][0xbf][0xbd][0xef][0xbf][0xbd]B`[0xef][0xbf][0xbd]y!Z[0xef][0xbf][0xbd][0xb][0xef][0xbf][0xbd]p?[0xef][0xbf][0xbd][0xef][0xbf][0xbd][0xe][0xdd][0xb0][0xef][0xbf][0xbd][0xcf][0xbd][0x10][0xef][0xbf][0xbd][0xef][0xbf][0xbd][0xef][0xbf][0xbd]^[0xef][0xbf][0xbd]B/[0xef][0xbf][0xbd][0xf][0xef][0xbf][0xbd][0xc][0xef][0xbf][0xbd]g[0xef][0xbf][0xbd]F0[0xef][0xbf][0xbd]o-[0xef][0xbf][0xbd]([0xef][0xbf][0xbd]J[0xef][0xbf][0xbd]i[0xef][0xbf][0xbd]Y[0xef][0xbf][0xbd][0xef][0xbf][0xbd]w([0xef][0xbf][0xbd][0xef][0xbf][0xbd][0xef][0xbf][0xbd][0x14][0xef][0xbf][0xbd][0xb]5r[0x1e]#[0xef][0xbf][0xbd]0j0[0xef][0xbf][0xbd][0xef][0xbf][0xbd][\r][0xef][0xbf][0xbd][0xd0][0xb7][0xef][0xbf][0xbd][0xef][0xbf][0xbd][0x18]"[0xef][0xbf][0xbd][0xef][0xbf][0xbd])[0xef][0xbf][0xbd]MzB[0xef][0xbf][0xbd][0xef][0xbf][0xbd]/[0xef][0xbf][0xbd][0xef][0xbf][0xbd][0xef][0xbf][0xbd]Yc[0xef][0xbf][0xbd]y[0xef][0xbf][0xbd]U[[0x5]uf[0xc6][0x86][0xef][0xbf][0xbd][0xe]k[0xde][0xb7]C[0xef][0xbf][0xbd][0xef][0xbf][0xbd]z[0xef][0xbf][0xbd].][0xb][0x16][0xef][0xbf][0xbd][0xef][0xbf][0xbd][0xef][0xbf][0xbd][0xef][0xbf][0xbd][0xef][0xbf][0xbd][0xef][0xbf][0xbd][0xef][0xbf][0xbd][0xef][0xbf][0xbd]p[0xef][0xbf][0xbd][0xef][0xbf][0xbd]m=:[0xef][0xbf][0xbd][0xef][0xbf][0xbd][0x1e]po[0xef][0xbf][0xbd][0x7][0xef][0xbf][0xbd][0xdf][0x8d]e[0xef][0xbf][0xbd]5[0xef][0xbf][0xbd]X: [0xef][0xbf][0xbd][0xef][0xbf][0xbd]QT[0xef][0xbf][0xbd]M[0xef][0xbf][0xbd]kW[0xef][0xbf][0xbd][0x17]ZVT6[0xd6][0xaf][0x17]]G[0xef][0xbf][0xbd][0xef][0xbf][0xbd][0xef][0xbf][0xbd]>[0xef][0xbf][0xbd][0xef][0xbf][0xbd]W[0xef][0xbf][0xbd][0x15]A}[0xef][0xbf][0xbd][0xf][0xef][0xbf][0xbd][0xef][0xbf][0xbd][0x1]c[0xef][0xbf][0xbd][0xef][0xbf][0xbd]][\n]"
07:56:30.012 [main] DEBUG org.apache.http.wire -  >> "endstream[\n]"
07:56:30.012 [main] DEBUG org.apache.http.wire -  >> "endobj[\n]"
07:56:30.012 [main] DEBUG org.apache.http.wire -  >> "13 0 obj[\n]"
07:56:30.012 [main] DEBUG org.apache.http.wire -  >> "<</Type /FontDescriptor[\n]"
07:56:30.012 [main] DEBUG org.apache.http.wire -  >> "/FontName /AAAAAA+Roboto-Regular[\n]"
07:56:30.012 [main] DEBUG org.apache.http.wire -  >> "/Flags 4[\n]"
07:56:30.012 [main] DEBUG org.apache.http.wire -  >> "/Ascent 927.73438[\n]"
07:56:30.012 [main] DEBUG org.apache.http.wire -  >> "/Descent -244.14063[\n]"
07:56:30.012 [main] DEBUG org.apache.http.wire -  >> "/StemV 53.222656[\n]"
07:56:30.012 [main] DEBUG org.apache.http.wire -  >> "/CapHeight 710.9375[\n]"
07:56:30.012 [main] DEBUG org.apache.http.wire -  >> "/ItalicAngle 0[\n]"
07:56:30.012 [main] DEBUG org.apache.http.wire -  >> "/FontBBox [-736.81641 -270.99609 1148.4375 1056.15234][\n]"
07:56:30.012 [main] DEBUG org.apache.http.wire -  >> "/FontFile2 12 0 R>>[\n]"
07:56:30.012 [main] DEBUG org.apache.http.wire -  >> "endobj[\n]"
07:56:30.012 [main] DEBUG org.apache.http.wire -  >> "14 0 obj[\n]"
07:56:30.012 [main] DEBUG org.apache.http.wire -  >> "<</Type /Font[\n]"
07:56:30.012 [main] DEBUG org.apache.http.wire -  >> "/FontDescriptor 13 0 R[\n]"
07:56:30.012 [main] DEBUG org.apache.http.wire -  >> "/BaseFont /AAAAAA+Roboto-Regular[\n]"
07:56:30.012 [main] DEBUG org.apache.http.wire -  >> "/Subtype /CIDFontType2[\n]"
07:56:30.012 [main] DEBUG org.apache.http.wire -  >> "/CIDToGIDMap /Identity[\n]"
07:56:30.012 [main] DEBUG org.apache.http.wire -  >> "/CIDSystemInfo <</Registry (Adobe)[\n]"
07:56:30.012 [main] DEBUG org.apache.http.wire -  >> "/Ordering (Identity)[\n]"
07:56:30.012 [main] DEBUG org.apache.http.wire -  >> "/Supplement 0>>[\n]"
07:56:30.012 [main] DEBUG org.apache.http.wire -  >> "/W [0 [443.35938] 5 [257.32422 319.82422] 12 [341.79688 347.65625 0 0 196.28906 275.87891 263.18359 412.10938] 20 29 561.52344 30 [242.1875] 37 [652.34375 622.55859 650.87891 655.76172 568.35938 552.73438 681.15234 712.89063 271.97266 551.75781 626.95313 538.08594 873.04688 712.89063 687.5 630.85938 687.5 615.72266 593.26172 596.67969 648.4375 636.23047 0 626.95313 600.58594 598.63281 265.13672 0 265.13672 0 0 0 543.94531 561.03516 523.4375 563.96484 529.78516 347.16797 561.03516 550.78125 242.67578 238.76953 506.83594 242.67578 876.46484 551.75781 570.3125 561.03516 0 338.37891 515.625 326.66016 551.26953 484.375 751.46484 495.60547 473.14453 495.60547] 399 [668.94531] 443 [553.71094 567.87109]][\n]"
07:56:30.012 [main] DEBUG org.apache.http.wire -  >> "/DW 0>>[\n]"
07:56:30.012 [main] DEBUG org.apache.http.wire -  >> "endobj[\n]"
07:56:30.012 [main] DEBUG org.apache.http.wire -  >> "15 0 obj[\n]"
07:56:30.012 [main] DEBUG org.apache.http.wire -  >> "<</Filter /FlateDecode[\n]"
07:56:30.012 [main] DEBUG org.apache.http.wire -  >> "/Length 322>> stream[\n]"
07:56:30.012 [main] DEBUG org.apache.http.wire -  >> "x[0xef][0xbf][0xbd]]R[0xef][0xbf][0xbd]n[0xef][0xbf][0xbd]0[0x10][0xef][0xbf][0xbd][0xef][0xbf][0xbd][0x15]>[0xef][0xbf][0xbd][0xef][0xbf][0xbd][0x8][0xef][0xbf][0xbd]@[0x1e][0x12]B[\n]"
07:56:30.013 [main] DEBUG org.apache.http.wire -  >> "[0xef][0xbf][0xbd]H[0x1c][0xef][0xbf][0xbd]P[0xef][0xbf][0xbd]~[0x0][0xef][0xbf][0xbd][0xef][0xbf][0xbd][0x14][0xef][0xbf][0xbd][0x18][0xcb][0x90][0x3]_{7M[0xef][0xbf][0xbd]Z[0xef][0xbf][0xbd][0xef][0xbf][0xbd][0xef][0xbf][0xbd][0xef][0xbf][0xbd][0xc][0xef][0xbf][0xbd][0xef][0xbf][0xbd][0xef][0xbf][0xbd]j[0xef][0xbf][0xbd][0xef][0xbf][0xbd][0xef][0xbf][0xbd]g[0x16][0xef][0xbf][0xbd][0xef][0xbf][0xbd]Q[0xef][0xbf][0xbd]`f]o[0xef][0xbf][0xbd][0xef][0xbf][0xbd]i[0xef][0xbf][0xbd]:[0x5][0xef][0xbf][0xbd][0xc][0xef][0xbf][0xbd][0xef][0xbf][0xbd]DB2[0xdd][0xab][0xef][0xbf][0xbd][0xef][0xbf][0xbd][0xef][0xbf][0xbd][0xef][0xbf][0xbd]F[0xef][0xbf][0xbd]7[0xef][0xbf][0xbd][0xef][0xbf][0xbd]i[0xef][0xbf][0xbd][0xef][0xbf][0xbd]1[0xef][0xbf][0xbd][0x18][0xef][0xbf][0xbd]9c[0xef][0xbf][0xbd][0xef][0xbf][0xbd]N[0xef][0xbf][0xbd][[0xef][0xbf][0xbd][0xef][0xbf][0xbd][0xef][0xbf][0xbd]3<E[0xef][0xbf][0xbd][0xef][0xbf][0xbd][0xef][0xbf][0xbd]zsa[0xef][0xbf][0xbd][0xef][0xbf][0xbd][0xef][0xbf][0xbd][0xef][0xbf][0xbd][0xef][0xbf][0xbd][0xef][0xbf][0xbd]j[0xef][0xbf][0xbd][0xf][0xc]`f[0xc6][0xa3][0xef][0xbf][0xbd]`[0x1a]:[0xef][0xbf][0xbd][0xef][0xbf][0xbd][0xef][0xbf][0xbd][0xef][0xbf][0xbd][0xef][0xbf][0xbd]v[0x0][0x16][0xef][0xbf][0xbd]m[0xef][0xbf][0xbd]h[0xef][0xbf][0xbd][0xef][0xbf][0xbd][0xef][0xbf][0xbd]e[0xef][0xbf][0xbd]=[0xf][0xef][0xbf][0xbd][0xef][0xbf][0xbd]b[0xef][0xbf][0xbd]I[0xc4][0x82]v[0xef][0xbf][0xbd]F[\r][0xef][0xbf][0xbd]m[0x15][0xef][0xbf][0xbd][0xef][0xbf][0xbd]\ [0xca][0xb9]_[0x5][0xef][0xbf][0xbd]k[0xef][0xbf][0xbd][0xef][0xbf][0xbd][0x8][0xef][0xbf][0xbd][0xef][0xbf][0xbd][0xd7][0x97][0xef][0xbf][0xbd]:w[0xef][0xbf][0xbd]uA[0xef][0xbf][0xbd][\n]"
07:56:30.013 [main] DEBUG org.apache.http.wire -  >> "[0xef][0xbf][0xbd][0xef][0xbf][0xbd]<;[0x16][0x1e][0xef][0xbf][0xbd]][0xef][0xbf][0xbd][0xef][0xbf][0xbd]r[0xef][0xbf][0xbd][0xde][0x9b]j[0xef][0xbf][0xbd][0xef][0xbf][0xbd]y|"C[0x13][0xef][0xbf][0xbd]`[0xef][0xbf][0xbd][0xef][0xbf][0xbd]@[0xef][0xbf][0xbd]"[0xef][0xbf][0xbd]H[0xef][0xbf][0xbd][0xe]I[0xef][0xbf][0xbd][0x11][0xef][0xbf][0xbd]-[0xef][0xbf][0xbd][0x15][0xef][0xbf][0xbd]$[0x11][0xef][0xbf][0xbd]X[0xef][0xbf][0xbd]=[0xef][0xbf][0xbd][0xef][0xbf][0xbd]2[0xef][0xbf][0xbd][0x3][0xef][0xbf][0xbd][0xef][0xbf][0xbd]2[0x13][0xef][0xbf][0xbd]Lj[0xef][0xbf][0xbd]$e[0xef][0xbf][0xbd][0xef][0xbf][0xbd][0xef][0xbf][0xbd]R,[0x1b]Rf[0xef][0xbf][0xbd][0xef][0xbf][0xbd][0xef][0xbf][0xbd]2[0xef][0xbf][0xbd][0x12][0xef][0xbf][0xbd]S[0xef][0xbf][0xbd][0x1][0xef][0xbf][0xbd]2[0xef][0xbf][0xbd][0xef][0xbf][0xbd]%[0x17][0xef][0xbf][0xbd]S[0xef][0xbf][0xbd]9[0xef][0xbf][0xbd]p[0xef][0xbf][0xbd]%[0xef][0xbf][0xbd]'[0xef][0xbf][0xbd][0xef][0xbf][0xbd][0xef][0xbf][0xbd][0xef][0xbf][0xbd][0xef][0xbf][0xbd][0xef][0xbf][0xbd]M[0xef][0xbf][0xbd][0xc3][0x9c]{[0x3][0xef][0xbf][0xbd][0xef][0xbf][0xbd][0xef][0xbf][0xbd][0xef][0xbf][0xbd]6[0xef][0xbf][0xbd][0xef][0xbf][0xbd][0xef][0xbf][0xbd][0xb][0xef][0xbf][0xbd][0xef][0xbf][0xbd][0xef][0xbf][0xbd][\n]"
07:56:30.013 [main] DEBUG org.apache.http.wire -  >> "endstream[\n]"
07:56:30.013 [main] DEBUG org.apache.http.wire -  >> "endobj[\n]"
07:56:30.013 [main] DEBUG org.apache.http.wire -  >> "4 0 obj[\n]"
07:56:30.013 [main] DEBUG org.apache.http.wire -  >> "<</Type /Font[\n]"
07:56:30.013 [main] DEBUG org.apache.http.wire -  >> "/Subtype /Type0[\n]"
07:56:30.013 [main] DEBUG org.apache.http.wire -  >> "/BaseFont /AAAAAA+Roboto-Regular[\n]"
07:56:30.013 [main] DEBUG org.apache.http.wire -  >> "/Encoding /Identity-H[\n]"
07:56:30.013 [main] DEBUG org.apache.http.wire -  >> "/DescendantFonts [14 0 R][\n]"
07:56:30.013 [main] DEBUG org.apache.http.wire -  >> "/ToUnicode 15 0 R>>[\n]"
07:56:30.013 [main] DEBUG org.apache.http.wire -  >> "endobj[\n]"
07:56:30.013 [main] DEBUG org.apache.http.wire -  >> "xref[\n]"
07:56:30.013 [main] DEBUG org.apache.http.wire -  >> "0 16[\n]"
07:56:30.013 [main] DEBUG org.apache.http.wire -  >> "0000000000 65535 f [\n]"
07:56:30.013 [main] DEBUG org.apache.http.wire -  >> "0000000015 00000 n [\n]"
07:56:30.013 [main] DEBUG org.apache.http.wire -  >> "0000011381 00000 n [\n]"
07:56:30.013 [main] DEBUG org.apache.http.wire -  >> "0000000111 00000 n [\n]"
07:56:30.013 [main] DEBUG org.apache.http.wire -  >> "0000023377 00000 n [\n]"
07:56:30.013 [main] DEBUG org.apache.http.wire -  >> "0000000148 00000 n [\n]"
07:56:30.013 [main] DEBUG org.apache.http.wire -  >> "0000011590 00000 n [\n]"
07:56:30.014 [main] DEBUG org.apache.http.wire -  >> "0000004106 00000 n [\n]"
07:56:30.014 [main] DEBUG org.apache.http.wire -  >> "0000011799 00000 n [\n]"
07:56:30.014 [main] DEBUG org.apache.http.wire -  >> "0000008800 00000 n [\n]"
07:56:30.014 [main] DEBUG org.apache.http.wire -  >> "0000012008 0000"
07:56:30.014 [main] DEBUG org.apache.http.wire -  >> "0 n [\n]"
07:56:30.014 [main] DEBUG org.apache.http.wire -  >> "0000012076 00000 n [\n]"
07:56:30.014 [main] DEBUG org.apache.http.wire -  >> "0000012125 00000 n [\n]"
07:56:30.014 [main] DEBUG org.apache.http.wire -  >> "0000021819 00000 n [\n]"
07:56:30.014 [main] DEBUG org.apache.http.wire -  >> "0000022066 00000 n [\n]"
07:56:30.014 [main] DEBUG org.apache.http.wire -  >> "0000022984 00000 n [\n]"
07:56:30.014 [main] DEBUG org.apache.http.wire -  >> "trailer[\n]"
07:56:30.014 [main] DEBUG org.apache.http.wire -  >> "<</Size 16[\n]"
07:56:30.014 [main] DEBUG org.apache.http.wire -  >> "/Root 11 0 R[\n]"
07:56:30.014 [main] DEBUG org.apache.http.wire -  >> "/Info 1 0 R>>[\n]"
07:56:30.014 [main] DEBUG org.apache.http.wire -  >> "startxref[\n]"
07:56:30.014 [main] DEBUG org.apache.http.wire -  >> "23523[\n]"
07:56:30.014 [main] DEBUG org.apache.http.wire -  >> "%%EOF[\n]"
07:56:30.014 [main] DEBUG org.apache.http.wire -  >> "[\r][\n]"
07:56:30.014 [main] DEBUG org.apache.http.wire -  >> "--xyz123--[\r][\n]"
07:56:30.040 [main] DEBUG org.apache.http.wire -  << "HTTP/1.1 200 OK[\r][\n]"
07:56:30.040 [main] DEBUG org.apache.http.wire -  << "Content-Type: application/json; charset=UTF-8[\r][\n]"
07:56:30.040 [main] DEBUG org.apache.http.wire -  << "Vary: Origin[\r][\n]"
07:56:30.040 [main] DEBUG org.apache.http.wire -  << "Date: Sun, 18 Jun 2023 00:56:29 GMT[\r][\n]"
07:56:30.040 [main] DEBUG org.apache.http.wire -  << "Content-Length: 301[\r][\n]"
07:56:30.040 [main] DEBUG org.apache.http.wire -  << "[\r][\n]"
07:56:30.040 [main] DEBUG org.apache.http.impl.conn.DefaultClientConnection - Receiving response: HTTP/1.1 200 OK
07:56:30.040 [main] DEBUG org.apache.http.headers - << HTTP/1.1 200 OK
07:56:30.040 [main] DEBUG org.apache.http.headers - << Content-Type: application/json; charset=UTF-8
07:56:30.040 [main] DEBUG org.apache.http.headers - << Vary: Origin
07:56:30.040 [main] DEBUG org.apache.http.headers - << Date: Sun, 18 Jun 2023 00:56:29 GMT
07:56:30.040 [main] DEBUG org.apache.http.headers - << Content-Length: 301
07:56:30.041 [main] DEBUG org.apache.http.impl.client.DefaultHttpClient - Connection can be kept alive indefinitely
07:56:30.041 [main] DEBUG io.restassured.internal.RestAssuredHttpBuilder - Parsing response as: application/json; charset=UTF-8
07:56:30.041 [main] DEBUG io.restassured.internal.RestAssuredHttpBuilder - Parsed data to instance of: class org.apache.http.conn.EofSensorInputStream
07:56:30.048 [main] DEBUG org.apache.http.wire -  << "{"data":{"id":"eaf0b5ed-d242-41aa-98e2-61b53f42fbde","name":"","email":"","balance":0,"pin":"","phone":"","image":"","address":"","created_at":"0001-01-01T00:00:00Z","updated_at":"2023-06-18T00:56:29.26229318Z"},"metadata":{"status":200,"message":"User Image Updated successfully"},"pagination":null}[\n]"
07:56:30.048 [main] DEBUG org.apache.http.impl.conn.BasicClientConnectionManager - Releasing connection org.apache.http.impl.conn.ManagedClientConnectionImpl@1df32c09
07:56:30.048 [main] DEBUG org.apache.http.impl.conn.BasicClientConnectionManager - Connection can be kept alive indefinitely
07:56:30.056 [main] DEBUG net.thucydides.core.steps.StepInterceptor - STEP DONE: I send upload image HTTP request with format invalid
  &amp#27;[32mThen &amp#27;[0m&amp#27;[32mI send upload image HTTP request with format invalid&amp#27;[0m                               &amp#27;[90m# starter.stepdefinitions.UpdateImageSteps.iSendUploadImageHTTPRequestWithFormatInvalid()&amp#27;[0m
07:56:30.064 [main] DEBUG net.thucydides.core.steps.StepInterceptor - STARTING STEP: UpdateImageSteps.iReceivedValidHTTPResponseCodeForUpdateImageBecauseFormatInvalid - I received valid HTTP response code {int} bad request
  &amp#27;[31mAnd &amp#27;[0m&amp#27;[31mI received valid HTTP response code &amp#27;[0m&amp#27;[31m&amp#27;[1m400&amp#27;[0m&amp#27;[31m bad request&amp#27;[0m                                 &amp#27;[90m# starter.stepdefinitions.UpdateImageSteps.iReceivedValidHTTPResponseCodeForUpdateImageBecauseFormatInvalid(int)&amp#27;[0m
      &amp#27;[31mjava.lang.AssertionError: 1 expectation failed.
Expected status code <400> but was <200>.

	at java.base/jdk.internal.reflect.DirectConstructorHandleAccessor.newInstance(DirectConstructorHandleAccessor.java:67)
	at java.base/java.lang.reflect.Constructor.newInstanceWithCaller(Constructor.java:500)
	at java.base/java.lang.reflect.Constructor.newInstance(Constructor.java:484)
	at org.codehaus.groovy.reflection.CachedConstructor.invoke(CachedConstructor.java:73)
	at org.codehaus.groovy.runtime.callsite.ConstructorSite$ConstructorSiteNoUnwrapNoCoerce.callConstructor(ConstructorSite.java:108)
	at org.codehaus.groovy.runtime.callsite.CallSiteArray.defaultCallConstructor(CallSiteArray.java:57)
	at org.codehaus.groovy.runtime.callsite.AbstractCallSite.callConstructor(AbstractCallSite.java:263)
	at org.codehaus.groovy.runtime.callsite.AbstractCallSite.callConstructor(AbstractCallSite.java:277)
	at io.restassured.internal.ResponseSpecificationImpl$HamcrestAssertionClosure.validate(ResponseSpecificationImpl.groovy:512)
	at io.restassured.internal.ResponseSpecificationImpl$HamcrestAssertionClosure$validate$1.call(Unknown Source)
	at io.restassured.internal.ResponseSpecificationImpl.validateResponseIfRequired(ResponseSpecificationImpl.groovy:696)
	at io.restassured.internal.ResponseSpecificationImpl.this$2$validateResponseIfRequired(ResponseSpecificationImpl.groovy)
	at java.base/jdk.internal.reflect.DirectMethodHandleAccessor.invoke(DirectMethodHandleAccessor.java:104)
	at java.base/java.lang.reflect.Method.invoke(Method.java:578)
	at org.codehaus.groovy.runtime.callsite.PlainObjectMetaMethodSite.doInvoke(PlainObjectMetaMethodSite.java:43)
	at org.codehaus.groovy.runtime.callsite.PogoMetaMethodSite$PogoCachedMethodSiteNoUnwrapNoCoerce.invoke(PogoMetaMethodSite.java:198)
	at org.codehaus.groovy.runtime.callsite.PogoMetaMethodSite.callCurrent(PogoMetaMethodSite.java:62)
	at org.codehaus.groovy.runtime.callsite.AbstractCallSite.callCurrent(AbstractCallSite.java:185)
	at io.restassured.internal.ResponseSpecificationImpl.statusCode(ResponseSpecificationImpl.groovy:135)
	at io.restassured.specification.ResponseSpecification$statusCode$0.callCurrent(Unknown Source)
	at io.restassured.internal.ResponseSpecificationImpl.statusCode(ResponseSpecificationImpl.groovy:143)
	at io.restassured.internal.ValidatableResponseOptionsImpl.statusCode(ValidatableResponseOptionsImpl.java:89)
	at apiskuypay@1.0-SNAPSHOT/starter.api.user.UpdateImage.lambda$iReceivedValidHTTPResponseCodeforupdateimagebecauseformatinvalid$2(UpdateImage.java:97)
	at net.serenitybdd.rest.SerenityRest.restAssuredThat(SerenityRest.java:626)
	at apiskuypay@1.0-SNAPSHOT/starter.api.user.UpdateImage.iReceivedValidHTTPResponseCodeforupdateimagebecauseformatinvalid(UpdateImage.java:97)
	at apiskuypay@1.0-SNAPSHOT/starter.api.user.UpdateImage$ByteBuddy$ttPfJFLq.iReceivedValidHTTPResponseCodeforupdateimagebecauseformatinvalid$accessor$v1YG09gc(Unknown Source)
	at java.base/jdk.internal.reflect.DirectMethodHandleAccessor.invoke(DirectMethodHandleAccessor.java:104)
	at java.base/java.lang.reflect.Method.invoke(Method.java:578)
	at net.thucydides.core.steps.StepInterceptor.invokeMethod(StepInterceptor.java:503)
	at net.thucydides.core.steps.StepInterceptor.executeTestStepMethod(StepInterceptor.java:483)
	at net.thucydides.core.steps.StepInterceptor.runTestStep(StepInterceptor.java:457)
	at net.thucydides.core.steps.StepInterceptor.runOrSkipMethod(StepInterceptor.java:209)
	at net.thucydides.core.steps.StepInterceptor.testStepResult(StepInterceptor.java:196)
	at net.thucydides.core.steps.StepInterceptor.intercept(StepInterceptor.java:84)
	at net.thucydides.core.steps.ProxyConfiguration$InterceptorDispatcher.intercept(ProxyConfiguration.java:51)
	at apiskuypay@1.0-SNAPSHOT/starter.api.user.UpdateImage$ByteBuddy$ttPfJFLq.iReceivedValidHTTPResponseCodeforupdateimagebecauseformatinvalid(Unknown Source)
	at apiskuypay@1.0-SNAPSHOT/starter.stepdefinitions.UpdateImageSteps.iReceivedValidHTTPResponseCodeForUpdateImageBecauseFormatInvalid(UpdateImageSteps.java:46)
	at ✽.I received valid HTTP response code 400 bad request(file:///C:/Dev/CapstoneProjectBaru/SKUYPAY%20API%20AUTOMATION/src/test/resources/features/UpdateImage.feature:18)
&amp#27;[0m
  &amp#27;[36mAnd &amp#27;[0m&amp#27;[36mI received eror message : Uploaded image formats are only allowed png, jpg and jpeg&amp#27;[0m &amp#27;[90m# starter.stepdefinitions.UpdateImageSteps.iReceivedErorMessageUploadedImageFormatsAreOnlyAllowedPngJpgAndJpeg()&amp#27;[0m
07:56:30.194 [Finalizer] DEBUG org.apache.http.impl.conn.DefaultClientConnection - Connection 0.0.0.0:53736<->34.101.78.228:2424 closed
07:56:30.206 [main] ERROR  - 
  _____   ___   ___   _____     ___     _     ___   _      ___   ___  
 |_   _| | __| / __| |_   _|   | __|   /_\   |_ _| | |    | __| |   \ 
   | |   | _|  \__ \   | |     | _|   / _ \   | |  | |__  | _|  | |) |
   |_|   |___| |___/   |_|     |_|   /_/ \_\ |___| |____| |___| |___/ 

User belum berhasil mengubah gambar profil karena format gambar invalid
-----------------------------------------------------------------------
07:56:30.211 [main] DEBUG  - RELATED ISSUES: 
07:56:30.363 [main] ERROR  -     Test failed at step: I received valid HTTP response code {int} bad request
07:56:30.363 [main] ERROR  -     1 expectation failed.Expected status code <400> but was <200>.
]]></system-out>
  </testcase>
  <testcase name="User belum berhasil mengubah gambar profil karena tidak authorization" classname="Update Image" time="0.951">
    <error type="java.lang.RuntimeException"><![CDATA[java.lang.RuntimeException: Some exception during recording fields
Caused by: org.apache.http.client.ClientProtocolException
Caused by: org.apache.http.client.NonRepeatableRequestException: Cannot retry request with a non-repeatable request entity.  The cause lists the reason the original request failed.
Caused by: java.net.SocketException: Connection reset by peer
]]></error>
    <system-out><![CDATA[
@Update-Image-03
Scenario: User belum berhasil mengubah gambar profil karena tidak authorization &amp#27;[90m# src/test/resources/features/UpdateImage.feature:22&amp#27;[0m
07:56:30.403 [main] INFO io.cucumber.core.plugin.SerenityReporter - Running feature from file:///C:/Dev/CapstoneProjectBaru/SKUYPAY%20API%20AUTOMATION/src/test/resources/features/UpdateImage.feature
07:56:30.408 [main] INFO  - 
  _____   ___   ___   _____     ___   _____     _     ___   _____   ___   ___  
 |_   _| | __| / __| |_   _|   / __| |_   _|   /_\   | _ \ |_   _| | __| |   \ 
   | |   | _|  \__ \   | |     \__ \   | |    / _ \  |   /   | |   | _|  | |) |
   |_|   |___| |___/   |_|     |___/   |_|   /_/ \_\ |_|_\   |_|   |___| |___/ 

User belum berhasil mengubah gambar profil karena tidak authorization(update-image;user-belum-berhasil-mengubah-gambar-profil-karena-tidak-authorization)
--------------------------------------------------------------------------------
07:56:30.440 [main] DEBUG net.thucydides.core.steps.StepInterceptor - STARTING STEP: UpdateImageSteps.iSetUpdateImageApiEndpoint - I set update image api endpoint
07:56:30.440 [main] DEBUG net.thucydides.core.steps.StepInterceptor - STEP DONE: I set update image api endpoint
  &amp#27;[32mGiven &amp#27;[0m&amp#27;[32mI set update image api endpoint&amp#27;[0m                                         &amp#27;[90m# starter.stepdefinitions.UpdateImageSteps.iSetUpdateImageApiEndpoint()&amp#27;[0m
07:56:30.452 [main] DEBUG net.thucydides.core.steps.StepInterceptor - STARTING STEP: UpdateImageSteps.iSendUploadImageHTTPRequestWithNoAuthorization - I send upload image HTTP request with no authorization
07:56:30.469 [main] DEBUG net.thucydides.core.steps.StepInterceptor - STARTING STEP: UpdateImage.iSendUploadImageHTTPRequestwithNoAuthorization - I set update image api endpoint
07:56:30.470 [main] DEBUG net.thucydides.core.steps.StepInterceptor - STEP DONE: I set update image api endpoint
07:56:30.662 [main] DEBUG org.apache.http.impl.conn.BasicClientConnectionManager - Get connection for route {}->http://34.101.78.228:2424
07:56:30.662 [main] DEBUG org.apache.http.impl.conn.DefaultClientConnectionOperator - Connecting to 34.101.78.228:2424
07:56:30.707 [main] DEBUG org.apache.http.client.protocol.RequestAddCookies - CookieSpec selected: ignoreCookies
07:56:30.707 [main] DEBUG org.apache.http.client.protocol.RequestAuthCache - Auth cache not set in the context
07:56:30.707 [main] DEBUG org.apache.http.client.protocol.RequestTargetAuthentication - Target auth state: UNCHALLENGED
07:56:30.707 [main] DEBUG org.apache.http.client.protocol.RequestProxyAuthentication - Proxy auth state: UNCHALLENGED
07:56:30.707 [main] DEBUG org.apache.http.impl.client.DefaultHttpClient - Attempt 1 to execute request
07:56:30.707 [main] DEBUG org.apache.http.impl.conn.DefaultClientConnection - Sending request: PUT /api/v1/user/image HTTP/1.1
07:56:30.707 [main] DEBUG org.apache.http.wire -  >> "PUT /api/v1/user/image HTTP/1.1[\r][\n]"
07:56:30.707 [main] DEBUG org.apache.http.wire -  >> "Accept: application/json[\r][\n]"
07:56:30.707 [main] DEBUG org.apache.http.wire -  >> "Content-Length: 278156[\r][\n]"
07:56:30.707 [main] DEBUG org.apache.http.wire -  >> "Content-Type: multipart/form-data; boundary=xyz123[\r][\n]"
07:56:30.707 [main] DEBUG org.apache.http.wire -  >> "Host: 34.101.78.228:2424[\r][\n]"
07:56:30.707 [main] DEBUG org.apache.http.wire -  >> "Connection: Keep-Alive[\r][\n]"
07:56:30.708 [main] DEBUG org.apache.http.wire -  >> "User-Agent: Apache-HttpClient/4.5.13 (Java/19.0.2)[\r][\n]"
07:56:30.708 [main] DEBUG org.apache.http.wire -  >> "Accept-Encoding: gzip,deflate[\r][\n]"
07:56:30.708 [main] DEBUG org.apache.http.wire -  >> "[\r][\n]"
07:56:30.708 [main] DEBUG org.apache.http.headers - >> PUT /api/v1/user/image HTTP/1.1
07:56:30.708 [main] DEBUG org.apache.http.headers - >> Accept: application/json
07:56:30.708 [main] DEBUG org.apache.http.headers - >> Content-Length: 278156
07:56:30.708 [main] DEBUG org.apache.http.headers - >> Content-Type: multipart/form-data; boundary=xyz123
07:56:30.708 [main] DEBUG org.apache.http.headers - >> Host: 34.101.78.228:2424
07:56:30.708 [main] DEBUG org.apache.http.headers - >> Connection: Keep-Alive
07:56:30.708 [main] DEBUG org.apache.http.headers - >> User-Agent: Apache-HttpClient/4.5.13 (Java/19.0.2)
07:56:30.708 [main] DEBUG org.apache.http.headers - >> Accept-Encoding: gzip,deflate
07:56:30.708 [main] DEBUG org.apache.http.wire -  >> "--xyz123[\r][\n]"
07:56:30.708 [main] DEBUG org.apache.http.wire -  >> "Content-Disposition: form-data; name="image"; filename=""[\r][\n]"
07:56:30.708 [main] DEBUG org.apache.http.wire -  >> "Content-Type: image/png[\r][\n]"
07:56:30.708 [main] DEBUG org.apache.http.wire -  >> "[\r][\n]"
07:56:30.708 [main] DEBUG org.apache.http.wire -  >> "[0xef][0xbf][0xbd]PNG[\r][\n]"
07:56:30.708 [main] DEBUG org.apache.http.wire -  >> "[0x1a][\n]"
07:56:30.708 [main] DEBUG org.apache.http.wire -  >> "[0x0][0x0][0x0][\r]IHDR[0x0][0x0][0x1][0xef][0xbf][0xbd][0x0][0x0][0x2][0xef][0xbf][0xbd][0x8][0x6][0x0][0x0][0x0][0xef][0xbf][0xbd][0xef][0xbf][0xbd]70[0x0][0x0][0x0][0x9]pHYs[0x0][0x0][0xb][0x13][0x0][0x0][0xb][0x13][0x1][0x0][0xef][0xbf][0xbd][0xef][0xbf][0xbd][0x18][0x0][0x0][0x0][0x1]sRGB[0x0][0xef][0xbf][0xbd][0xef][0xbf][0xbd][0x1c][0xef][0xbf][0xbd][0x0][0x0][0x0][0x4]gAMA[0x0][0x0][0xef][0xbf][0xbd][0xef][0xbf][0xbd][0xb][0xef][0xbf][0xbd]a[0x5][0x0][0x2]V0IDATx[0x1][0xef][0xbf][0xbd][0xef][0xbf][0xbd][0xef][0xbf][0xbd][0xef][0xbf][0xbd]mYv[0x1e][0xef][0xbf][0xbd][0xef][0xbf][0xbd][0xef][0xbf][0xbd]OU[0xef][0xbf][0xbd][0xef][0xbf][0xbd]b[0xef][0xbf][0xbd][0xef][0xbf][0xbd]?[0xd0][0xa7][0xef][0xbf][0xbd] [0xef][0xbf][0xbd][0xef][0xbf][0xbd]&[0xef][0xbf][0xbd]V[0x1e][0xef][0xbf][0xbd]$uh[0xc7][0x86]/[0x1][0xef][0xbf][0xbd][0xef][0xbf][0xbd][0xc8][0x80]-[0x4][0xef][0xbf][0xbd][0xef][0xbf][0xbd][0xef][0xbf][0xbd]H[0xef][0xbf][0xbd][0xef][0xbf][0xbd])>[0x4]H[0x0][0x7]UT[0xef][0xbf][0xbd]8P[0x2][0xef][0xbf][0xbd]u[0xef][0xbf][0xbd],ZQ[0x15]m[0xef][0xbf][0xbd][0x2]d@t[0x1c]$[0x6][0xef][0xbf][0xbd][0xef][0xbf][0xbd]U[\n]"
07:56:30.709 [main] DEBUG org.apache.http.wire -  >> "%[0xda][0xa1][0x1]5[0x9][0xef][0xbf][0xbd][0xef][0xbf][0xbd][0xca][0x8b][0xef][0xbf][0xbd][0xef][0xbf][0xbd][0xb][0xef][0xbf][0xbd][0x1]LJ[0xef][0xbf][0xbd][0xee][0xb3][0x86][0xef][0xbf][0xbd]Zc|[0xef][0xbf][0xbd][0xef][0xbf][0xbd][0xef][0xbf][0xbd][0xda][0xbf]jVw[0xef][0xbf][0xbd][0xef][0xbf][0xbd]T[0xef][0xbf][0xbd][0x1c]]}~{[0xef][0xbf][0xbd][0xef][0xbf][0xbd][0xd6][0xbc][0xef][0xbf][0xbd]9[0xef][0xbf][0xbd][0xef][0xbf][0xbd][0xef][0xbf][0xbd]m[0xef][0xbf][0xbd]e[0xef][0xbf][0xbd]h[0xd1][0xa2]E[0xef][0xbf][0xbd][0x16][0xef][0xbf][0xbd][0xb][0xef][0xbf][0xbd][0xef][0xbf][0xbd][0xef][0xbf][0xbd]o[0xef][0xbf][0xbd][0xef][0xbf][0xbd][0xef][0xbf][0xbd]Go[0xdc][0xb7][0xef][0xbf][0xbd][0xef][0xbf][0xbd].[0xef][0xbf][0xbd]h[0xd1][0xa2]E[0xef][0xbf][0xbd][0x16][0xef][0xbf][0xbd]![0xef][0xbf][0xbd][0xef][0xbf][0xbd][0xef][0xbf][0xbd][0xef][0xbf][0xbd]x[0xef][0xbf][0xbd][0xef][0xbf][0xbd][0xef][0xbf][0xbd][0xef][0xbf][0xbd][0xef][0xbf][0xbd][0xef][0xbf][0xbd][0xef][0xbf][0xbd]=e[0xef][0xbf][0xbd][0xef][0xbf][0xbd]l[0xd1][0xa2]E[0xef][0xbf][0xbd][0x16][0xef][0xbf][0xbd][0xef][0xbf][0xbd][0xef][0xbf][0xbd][0xef][0xbf][0xbd]3[0xef][0xbf][0xbd][0xef][0xbf][0xbd][0xef][0xbf][0xbd][0xef][0xbf][0xbd][0xd6][0x98][0xef][0xbf][0xbd][0xef][0xbf][0xbd][0xef][0xbf][0xbd][0xef][0xbf][0xbd]_}dO[0x11]- [[0xef][0xbf][0xbd]h[0xd1][0xa2]E[0xdf][0x97]vk,b{[0xef][0xbf][0xbd],|[0xef][0xbf][0xbd]~[0xef][0xbf][0xbd][0xef][0xbf][0xbd]3O[0xef][0xbf][0xbd]U[0xef][0xbf][0xbd][0xef][0xbf][0xbd]l[0xd1][0xa2]E[0xef][0xbf][0xbd][0x16]}_[0xef][0xbf][0xbd]w[0xef][0xbf][0xbd]^[0xef][0xbf][0xbd][0xef][0xbf][0xbd][0xef][0xbf][0xbd]b[0xef][0xbf][0xbd]y![0xef][0xbf][0xbd][0xd1][0x97][0xef][0xbf][0xbd][0xef][0xbf][0xbd][0xef][0xbf][0xbd][0xef][0xbf][0xbd]=%[0xef][0xbf][0xbd]h[0xd1][0xa2]E[0xef][0xbf][0xbd][0x16][0xef][0xbf][0xbd][0x3]=|[0xef][0xbf][0xbd][0xef][0xbf][0xbd][0xef][0xbf][0xbd]{[0xef][0xbf][0xbd]>[0xef][0xbf][0xbd];a[0x1e][0x1e][0xef][0xbf][0xbd][0xef][0xbf][0xbd][0xe][0xef][0xbf][0xbd][0xef][0xbf][0xbd][0xef][0xbf][0xbd][0xef][0xbf][0xbd][0xef][0xbf][0xbd][0xef][0xbf][0xbd][0xef][0xbf][0xbd][0xef][0xbf][0xbd][0xef][0xbf][0xbd][0xef][0xbf][0xbd][0xef][0xbf][0xbd]z[0xef][0xbf][0xbd][0xef][0xbf][0xbd]m[0x1f]2-[0xef][0xbf][0xbd]l[0xd1][0xa2]E[0xef][0xbf][0xbd][0x16][0xef][0xbf][0xbd]#][0xef][0xbf][0xbd]}[0xef][0xbf][0xbd][0xef][0xbf][0xbd][0xef][0xbf][0xbd][0xef][0xbf][0xbd][0xef][0xbf][0xbd][[0xef][0xbf][0xbd][0xef][0xbf][0xbd][0x0]r[0xef][0xbf][0xbd][0xef][0xbf][0xbd][0xef][0xbf][0xbd][0xef][0xbf][0xbd]|[0xef][0xbf][0xbd]p1. [[0xef][0xbf][0xbd]h[0xd1][0xa2]Ew[0xef][0xbf][0xbd]O\[0xdd][0x87]W[0xef][0xbf][0xbd]z[0xef][0xbf][0xbd][0xef][0xbf][0xbd][0xef][0xbf][0xbd][0x16]w[0xef][0xbf][0xbd][0xef][0xbf][0xbd]A[0xef][0xbf][0xbd][0xef][0xbf][0xbd]a[0xef][0xbf][0xbd][0xef][0xbf][0xbd])H[0xef][0xbf][0xbd]X@[0xef][0xbf][0xbd]h[0xd1][0xa2]E[0xef][0xbf][0xbd]n[0xef][0xbf][0xbd]H[0xef][0xbf][0xbd]kl[0xef][0xbf][0xbd][0x12][0xef][0xbf][0xbd][0xef][0xbf][0xbd][0xef][0xbf][0xbd]1O[0x8][0x3][0xef][0xbf][0xbd][0x1e]2[0xef][0xbf][0xbd][0xef][0xbf][0xbd][0x1b]?[0xef][0xbf][0xbd][0xc4][0x8f][0x5]d[0xef][0xbf][0xbd][0x16]-Z[0xef][0xbf][0xbd][0xef][0xbf][0xbd][0xef][0xbf][0xbd][0xef][0xbf][0xbd][0xef][0xbf][0xbd]+@[0xef][0xbf][0xbd][0xef][0xbf][0xbd]c[0xef][0xbf][0xbd][0xef][0xbf][0xbd]=[0xef][0xbf][0xbd][0xef][0xbf][0xbd][0xef][0xbf][0xbd]`[0xef][0xbf][0xbd][0xef][0xbf][0xbd]o[0xc7][0xb4][0xef][0xbf][0xbd][0xef][0xbf][0xbd][0x3][0xef][0xbf][0xbd][0xc2][0xb6]G_~[0xef][0xbf][0xbd][0xef][0xbf][0xbd]_[0xef][0xbf][0xbd][0xf][0xef][0xbf][0xbd]V[0xef][0xbf][0xbd][0xc7][0xa2]E[0xef][0xbf][0xbd][0x16]-[0x1a][0xef][0xbf][0xbd][0x13][0xef][0xbf][0xbd][0xdc][0xbf][0xef][0xbf][0xbd]x[0xef][0xbf][0xbd][0xef][0xbf][0xbd]u[0xef][0xbf][0xbd][0xef][0xbf][0xbd][0xef][0xbf][0xbd][0x1d]~[0xef][0xbf][0xbd]z(h[0x4][\r][0xef][0xbf][0xbd][0xef][0xbf][0xbd][0xef][0xbf][0xbd][0xef][0xbf][0xbd]y[0xef][0xbf][0xbd][0xef][0xbf][0xbd][0xef][0xbf][0xbd][0xef][0xbf][0xbd][0x1b][0x1f]R[0xef][0xbf][0xbd][0xc7][0xb2][0xef][0xbf][0xbd][0x16]-Z[0xef][0xbf][0xbd]h[0x11])[0xef][0xbf][0xbd][0xef][0xbf][0xbd][0xef][0xbf][0xbd]k[0xef][0xbf][0xbd]T{k[0x10][0xef][0xbf][0xbd])[0xef][0xbf][0xbd][0xc]1[0xef][0xbf][0xbd][0xef][0xbf][0xbd][0xef][0xbf][0xbd]_[0xef][0xbf][0xbd][0xef][0xbf][0xbd][0xef][0xbf][0xbd]W[0xef][0xbf][0xbd]C[0xef][0xbf][0xbd][0x5]d[0xef][0xbf][0xbd][0x16]-Z[0xef][0xbf][0xbd][0xef][0xbf][0xbd]ty[0xef][0xbf][0xbd][0xdf][0x8a][0xef][0xbf][0xbd][0x4][0xef][0xbf][0xbd][0xef][0xbf][0xbd][0xef][0xbf][0xbd][0xef][0xbf][0xbd][0xef][0xbf][0xbd][0xef][0xbf][0xbd][0x1d][0xef][0xbf][0xbd][0x12][0xef][0xbf][0xbd][0xef][0xbf][0xbd]P[0xef][0xbf][0xbd]n[0xef][0xbf][0xbd][0xef][0xbf][0xbd]a[0xef][0xbf][0xbd]E&}\[0xef][0xbf][0xbd][0xef][0xbf][0xbd][0xef][0xbf][0xbd][0xef][0xbf][0xbd]G[0xef][0xbf][0xbd]([0xef][0xbf][0xbd]0. [[0xef][0xbf][0xbd]h[0xd1][0xa2]E[0x7]}[0xef][0xbf][0xbd][0xef][0xbf][0xbd]7_[0xef][0xbf][0xbd][0xef][0xbf][0xbd][0xef][0xbf][0xbd][0x3][0xef][0xbf][0xbd]([0xef][0xbf][0xbd][0xef][0xbf][0xbd]@[0xef][0xbf][0xbd]c[0x18]][0xef][0xbf][0xbd][0xef][0xbf][0xbd][0x12][0xef][0xbf][0xbd]p[0xef][0xbf][0xbd][0xef][0xbf][0xbd][0xef][0xbf][0xbd][0xef][0xbf][0xbd][0xef][0xbf][0xbd]>[0xef][0xbf][0xbd][0xef][0xbf][0xbd]}[0x8][0xef][0xbf][0xbd]bd[0xef][0xbf][0xbd][0x16]-Z[0xef][0xbf][0xbd][0xc8][0xbe][0xef][0xbf][0xbd][0xef][0xbf][0xbd][0xef][0xbf][0xbd][0xef][0xbf][0xbd][0x17][0xef][0xbf][0xbd].[0xc4][0xbf]gV[0xd9][0x89]{\[0xef][0xbf][0xbd][0x0]*[0xcf][0xac][0xef][0xbf][0xbd][0x2][0xef][0xbf][0xbd][0xef][0xbf][0xbd][0xef][0xbf][0xbd]ud0bctZl[0xef][0xbf][0xbd][0x17][0xef][0xbf][0xbd][0xef][0xbf][0xbd]^[0xef][0xbf][0xbd][0xef][0xbf][0xbd]?[0xef][0xbf][0xbd][o[0xef][0xbf][0xbd][0xef][0xbf][0xbd][0xef][0xbf][0xbd][0xef][0xbf][0xbd][0x3][0xef][0xbf][0xbd]e[0xef][0xbf][0xbd]-Z[0xef][0xbf][0xbd]h[0xef][0xbf][0xbd]'[0xef][0xbf][0xbd][0xef][0xbf][0xbd][0xef][0xbf][0xbd][0xef][0xbf][0xbd]_[0xef][0xbf][0xbd]u?[0xef][0xbf][0xbd]*+1[\r][0x1d][0x5][0xef][0xbf][0xbd][0xef][0xbf][0xbd][0x0]b[0x7][0xef][0xbf][0xbd]U[0xef][0xbf][0xbd][0xef][0xbf][0xbd]~kB[0xef][0xbf][0xbd][0xef][0xbf][0xbd][0xef][0xbf][0xbd][0xef][0xbf][0xbd][0x7][0xef][0xbf][0xbd][0xef][0xbf][0xbd][0xef][0xbf][0xbd][0xef][0xbf][0xbd]l[0xd1][0xa2]E[0xef][0xbf][0xbd]>[0xef][0xbf][0xbd][0xef][0xbf][0xbd][0xef][0xbf][0xbd]v[0xef][0xbf][0xbd]b[0x14]2[0x1][0xef][0xbf][0xbd]:[0xef][0xbf][0xbd]#[0x1][0xef][0xbf][0xbd][0xef][0xbf][0xbd][0xef][0xbf][0xbd]"x[0xef][0xbf][0xbd][0xef][0xbf][0xbd][0xef][0xbf][0xbd]7[0x12][0xef][0xbf][0xbd]<[0x1]/[0x1e]}[0xd0][0x9b][0xef][0xbf][0xbd][0x17][0xef][0xbf][0xbd]-Z[0xef][0xbf][0xbd]h[0xef][0xbf][0xbd]'[0xef][0xbf][0xbd][0xef][0xbf][0xbd][0xef][0xbf][0xbd][0xef][0xbf][0xbd][0xef][0xbf][0xbd][0xef][0xbf][0xbd]=[0xef][0xbf][0xbd][0xef][0xbf][0xbd][0xef][0xbf][0xbd][0xef][0xbf][0xbd][0xc9][0xac][0xef][0xbf][0xbd][0xef][0xbf][0xbd][0xef][0xbf][0xbd]#[0xef][0xbf][0xbd][0x18]63[0xef][0xbf][0xbd]=d[0xef][0xbf][0xbd]y[0xef][0xbf][0xbd][0xef][0xbf][0xbd][0xec][0xb1][0x81][0xef][0xbf][0xbd][0x3][0xef][0xbf][0xbd][0xef][0xbf][0xbd][0x16][0xef][0xbf][0xbd]-Z[0xef][0xbf][0xbd]h[0xef][0xbf][0xbd]'[0xef][0xbf][0xbd][0xef][0xbf][0xbd][0xef][0xbf][0xbd][0xef][0xbf][0xbd][0xef][0xbf][0xbd]{[0xef][0xbf][0xbd]^[0xef][0xbf][0xbd][0xef][0xbf][0xbd][0xc7][0x99]}[0xef][0xbf][0xbd][0xef][0xbf][0xbd][0xef][0xbf][0xbd][0x2][0xef][0xbf][0xbd][0xef][0xbf][0xbd][0xef][0xbf][0xbd][0xef][0xbf][0xbd]K[0xef][0xbf][0xbd][0xef][0xbf][0xbd][0xef][0xbf][0xbd][0xef][0xbf][0xbd]4[0xef][0xbf][0xbd][0xef][0xbf][0xbd]7[0xef][0xbf][0xbd][0x1d][0xef][0xbf][0xbd][0x1f]}[0xef][0xbf][0xbd][0xef][0xbf][0xbd]_}[0xef][0xbf][0xbd]> Z@[0xef][0xbf][0xbd]h[0xd1][0xa2]E[0xef][0xbf][0xbd]@z[0xef][0xbf][0xbd][0xef][0xbf][0xbd][0xef][0xbf][0xbd][0xef][0xbf][0xbd][0xb]n[0xef][0xbf][0xbd][0xef][0xbf][0xbd]1?[0xe][0xef][0xbf][0xbd][0xef][0xbf][0xbd][0xef][0xbf][0xbd]LSt[0xef][0xbf][0xbd][0xef][0xbf][0xbd]b<[0xef][0xbf][0xbd][0x1b][0xef][0xbf][0xbd][0xef][0xbf][0xbd]Z[0xef][0xbf][0xbd][0xef][0xbf][0xbd]D[0xef][0xbf][0xbd][0xef][0xbf][0xbd]r[0xef][0xbf][0xbd]q[0xef][0xbf][0xbd]K[0xef][0xbf][0xbd][0x1][0xef][0xbf][0xbd][0x2][0xef][0xbf][0xbd]E[0xef][0xbf][0xbd][0x16]-[0xef][0xbf][0xbd][0xef][0xbf][0xbd][0xd1][0x9e][0xef][0xbf][0xbd]q[0xef][0xbf][0xbd]xs[0xef][0xbf][0xbd]\1[0xef][0xbf][0xbd][0xef][0xbf][0xbd][0xef][0xbf][0xbd][0xef][0xbf][0xbd]:^[0xef][0xbf][0xbd]b[0xef][0xbf][0xbd]A[0xcc][0x8c]I[0x1c][0xef][0xbf][0xbd][0xef][0xbf][0xbd]K[0xef][0xbf][0xbd][0xef][0xbf][0xbd][0xef][0xbf][0xbd][0x6][0xef][0xbf][0xbd]c[0xef][0xbf][0xbd]#[0xef][0xbf][0xbd][0x1f][0xef][0xbf][0xbd][0x1f][0xef][0xbf][0xbd][0xef][0xbf][0xbd]}[0xef][0xbf][0xbd]$[0xef][0xbf][0xbd][0xef][0xbf][0xbd][0xef][0xbf][0xbd][0xef][0xbf][0xbd]_{[0xef][0xbf][0xbd]>[0x0]Z[0xef][0xbf][0xbd][0xef][0xbf][0xbd][0xef][0xbf][0xbd][0x16]-Z[0xef][0xbf][0xbd][0x9][0xef][0xbf][0xbd][0x3][0xc4][0x9e][0xef][0xbf][0xbd][0xef][0xbf][0xbd][0xef][0xbf][0xbd][0xef][0xbf][0xbd]j[0xf][0xef][0xbf][0xbd][0xef][0xbf][0xbd]A[0xef][0xbf][0xbd]f}[0xef][0xbf][0xbd]}[0xef][0xbf][0xbd][0xef][0xbf][0xbd]6[0xef][0xbf][0xbd][0xef][0xbf][0xbd][0xef][0xbf][0xbd][0xef][0xbf][0xbd][0x16][0xef][0xbf][0xbd][0xef][0xbf][0xbd][0xef][0xbf][0xbd]J[0xef][0xbf][0xbd]d[0xde][0x9b][0xef][0xbf][0xbd][0xef][0xbf][0xbd]W[0xef][0xbf][0xbd]Mf[0xef][0xbf][0xbd][0xef][0xbf][0xbd][0xd6][0xbf][0xef][0xbf][0xbd][0xef][0xbf][0xbd][0xef][0xbf][0xbd][0xef][0xbf][0xbd][0xef][0xbf][0xbd]e[0xef][0xbf][0xbd]-Z[0xef][0xbf][0xbd]h[0xef][0xbf][0xbd]'[0xef][0xbf][0xbd][0x1e]<z[0xef][0xbf][0xbd][0xef][0xbf][0xbd][0xef][0xbf][0xbd]O[0xef][0xbf][0xbd][0xef][0xbf][0xbd][0xef][0xbf][0xbd]+[0xef][0xbf][0xbd]<`<+ro[0xef][0xbf][0xbd][0xef][0xbf][0xbd][0xdb][0xb1]S[0x1e][0x10][0xef][0xbf][0xbd]t[0xef][0xbf][0xbd]t%[0xef][0xbf][0xbd]t[0xef][0xbf][0xbd]h+-l[0xef][0xbf][0xbd]s?<o[0xef][0xbf][0xbd]$[0xef][0xbf][0xbd][0xef][0xbf][0xbd]M[0xef][0xbf][0xbd][0xef][0xbf][0xbd][0xef][0xbf][0xbd][0xef][0xbf][0xbd][0xef][0xbf][0xbd][0xef][0xbf][0xbd][0xef][0xbf][0xbd]&[0xef][0xbf][0xbd][0x5]d[0xef][0xbf][0xbd][0x16]-Z[0xef][0xbf][0xbd][0x9][0xef][0xbf][0xbd][0xef][0xbf][0xbd]}[0xea][0xbb][0xaf]_[0xef][0xbf][0xbd][0xe7][0xab][0x9a][0xc4][0x91][0xef][0xbf][0xbd][0xef][0xbf][0xbd][0x7]"[0xef][0xbf][0xbd][0x10][0xef][0xbf][0xbd][0x9]f[0xef][0xbf][0xbd][0xef][0xbf][0xbd][0xef][0xbf][0xbd]][0xef][0xbf][0xbd][0xef][0xbf][0xbd]d[0xef][0xbf][0xbd][0xef][0xbf][0xbd]%/w9[0xef][0xbf][0xbd][0xef][0xbf][0xbd]YN[0x4]\[0xef][0xbf][0xbd][0xef][0xbf][0xbd][0xef][0xbf][0xbd][0xef][0xbf][0xbd]U[0xb][0xef][0xbf][0xbd][0x16]-Z[0xef][0xbf][0xbd][0xef][0xbf][0xbd][0x13]@?qd([0xef][0xbf][0xbd][0xcb][0x95]7[0xef][0xbf][0xbd]D[0xef][0xbf][0xbd][0xef][0xbf][0xbd]Q[0x4]H[0xef][0xbf][0xbd][0xef][0xbf][0xbd][0xef][0xbf][0xbd]3[0xef][0xbf][0xbd][0xef][0xbf][0xbd][0xef][0xbf][0xbd]:W[0xef][0xbf][0xbd][0xce][0xa5]*[0xef][0xbf][0xbd]b[0xef][0xbf][0xbd]v[0x1][0xef][0xbf][0xbd]([0xb][0xef][0xbf][0xbd][0x0]w[0xef][0xbf][0xbd][0xef][0xbf][0xbd][0xef][0xbf][0xbd]U[0xef][0xbf][0xbd]bd[0xef][0xbf][0xbd][0x16]-Z[0xef][0xbf][0xbd]1[0xef][0xbf][0xbd]=[0xef][0xbf][0xbd][0xef][0xbf][0xbd][0xef][0xbf][0xbd]-[0xef][0xbf][0xbd]%[0xef][0xbf][0xbd][0xef][0xbf][0xbd]=b[0xef][0xbf][0xbd][0xd0][0xb1]c[0xef][0xbf][0xbd]%[0xef][0xbf][0xbd][0xef][0xbf][0xbd][0xef][0xbf][0xbd][0x11]#[0xef][0xbf][0xbd][0xdf][0x8e]o[0x15]'C[0xef][0xbf][0xbd]G[0xef][0xbf][0xbd][0xef][0xbf][0xbd][0xef][0xbf][0xbd]k\[0x12][0xef][0xbf][0xbd][0xef][0xbf][0xbd]>\[0xef][0xbf][0xbd][0x11]W[0xef][0xbf][0xbd]/[0xef][0xbf][0xbd]~?ce[0xef][0xbf][0xbd]"[[0xef][0xbf][0xbd]h[0xd1][0xa2][0xef][0xbf][0xbd]1[0x1][0xc4][0x8e][0x8][0xef][0xbf][0xbd]W[0xef][0xbf][0xbd]=[0xef][0xbf][0xbd][0xef][0xbf][0xbd][0xef][0xbf][0xbd],[0xef][0xbf][0xbd][0xef][0xbf][0xbd][0xef][0xbf][0xbd]6[0xef][0xbf][0xbd]r[0xd0][0xb5]X[0xef][0xbf][0xbd][0x1b]2[0x19][0xef][0xbf][0xbd][0x0][0xef][0xbf][0xbd]NZ[0xef][0xbf][0xbd][\r][0xd2][0x9a][0xef][0xbf][0xbd][0xef][0xbf][0xbd][0x4][0xef][0xbf][0xbd][0xef][0xbf][0xbd]5V[0xef][0xbf][0xbd],[0xef][0xbf][0xbd]E[0xef][0xbf][0xbd][0x16]-[0xef][0xbf][0xbd][0xef][0xbf][0xbd][0xef][0xbf][0xbd][0xef][0xbf][0xbd][0xef][0xbf][0xbd]o[0xef][0xbf][0xbd]t[0xef][0xbf][0xbd]xC[0xef][0xbf][0xbd]$[0xef][0xbf][0xbd][0xef][0xbf][0xbd]X[0xef][0xbf][0xbd][0xef][0xbf][0xbd][0xef][0xbf][0xbd][0xef][0xbf][0xbd]R[0x5]C[0xef][0xbf][0xbd][0xef][0xbf][0xbd]:>yo[0xef][0xbf][0xbd][0x1e][0xef][0xbf][0xbd][0xef][0xbf][0xbd][0x1c][0xd9][0x8a][0xef][0xbf][0xbd][0xef][0xbf][0xbd][0xef][0xbf][0xbd]X[0x17][0xef][0xbf][0xbd][0xef][0xbf][0xbd]w[0xef][0xbf][0xbd]o[0xef][0xbf][0xbd][0xef][0xbf][0xbd]|[0xef][0xbf][0xbd][0xef][0xbf][0xbd][0xef][0xbf][0xbd][0x1f]V[0xd9][0xb2][0xef][0xbf][0xbd][0x16]-Z[0xef][0xbf][0xbd][0xef][0xbf][0xbd]cH_9@l{[0x13][0x1][0xef][0xbf][0xbd]J7D6b[0xef][0xbf][0xbd][0xef][0xbf][0xbd]b[0xef][0xbf][0xbd]b%h[0x18]7479[0x12][0xef][0xbf][0xbd]/w[0xef][0xbf][0xbd]W[0xef][0xbf][0xbd][0x18][0xef][0xbf][0xbd][0xcd][0xbd]e[0x15]:[0xef][0xbf][0xbd]<[0xef][0xbf][0xbd][0xef][0xbf][0xbd]x[0x0]I"[0xef][0xbf][0xbd][0xef][0xbf][0xbd][0xef][0xbf][0xbd][0xef][0xbf][0xbd]yr[0xef][0xbf][0xbd]}9[0xef][0xbf][0xbd]c[0x1][0xd9][0xa2]E[0xef][0xbf][0xbd][0x16]}[0xef][0xbf][0xbd][0xef][0xbf][0xbd]K[0xef][0xbf][0xbd][0xef][0xbf][0xbd][0xef][0xbf][0xbd]z[0xef][0xbf][0xbd]&oZ%][0x1c][0xef][0xbf][0xbd][0xef][0xbf][0xbd]U[0x0]Coa[0xef][0xbf][0xbd]k[0xc][0xef][0xbf][0xbd]D=CQ[0xdd][0x90][0xef][0xbf][0xbd][0xef][0xbf][0xbd].[0xef][0xbf][0xbd][0x19] <[0xef][0xbf][0xbd]#[0xf][0x3][0xef][0xbf][0xbd]_[0xef][0xbf][0xbd][0xef][0xbf][0xbd]=?%4^^[0xef][0xbf][0xbd][0xef][0xbf][0xbd][0xef][0xbf][0xbd][0x16][0xef][0xbf][0xbd]-Z[0xef][0xbf][0xbd]h[0xef][0xbf][0xbd][0xc7][0x88][0xef][0xbf][0xbd][0xef][0xbf][0xbd]/[0xef][0xbf][0xbd][0xef][0xbf][0xbd]W/[0xef][0xbf][0xbd][0xef][0xbf][0xbd][0x13][0xef][0xbf][0xbd].[0xef][0xbf][0xbd]VX[0xc6][0xb1][0xef][0xbf][0xbd][0xef][0xbf][0xbd]H[0xef][0xbf][0xbd][0x2][0xef][0xbf][0xbd][0xef][0xbf][0xbd][0xef][0xbf][0xbd]U[0x19][0xef][0xbf][0xbd]ii%[0x1][0x0];[0xef][0xbf][0xbd][0xef][0xbf][0xbd][0xde][0xa2]Y[0xd9][0x88][0x11]u[0x14][0xef][0xbf][0xbd][0xef][0xbf][0xbd]c[te[0xef][0xbf][0xbd]y#[0x1b],[0xef][0xbf][0xbd][0x3] [0x1f]|[0xef][0xbf][0xbd][0xef][0xbf][0xbd][0xde][0x9f][0xef][0xbf][0xbd][0xef][0xbf][0xbd][0xef][0xbf][0xbd]l[0xd1][0xa2]E[0xef][0xbf][0xbd]>&[0xef][0xbf][0xbd][0xef][0xbf][0xbd][0xef][0xbf][0xbd][0x15][0xef][0xbf][0xbd][0xde][0xba]"[0xef][0xbf][0xbd]}9[0xef][0xbf][0xbd]#[0xef][0xbf][0xbd][0xef][0xbf][0xbd]w"[0xef][0xbf][0xbd]8j**W[0xef][0xbf][0xbd]@G[0xef][0xbf][0xbd][0xef][0xbf][0xbd][0xef][0xbf][0xbd][0xef][0xbf][0xbd][\n]"
07:56:30.709 [main] DEBUG org.apache.http.wire -  >> "[0xef][0xbf][0xbd]e[0xef][0xbf][0xbd]L[0xef][0xbf][0xbd][0xef][0xbf][0xbd]F[0xef][0xbf][0xbd][0xef][0xbf][0xbd][0x7][0xef][0xbf][0xbd][0xef][0xbf][0xbd]u[0x1e][0xef][0xbf][0xbd][0xef][0xbf][0xbd][0x5][0x19][0xef][0xbf][0xbd]<ny[0xcf][0x93]>V[0xef][0xbf][0xbd][0xc7][0xa2]E[0xef][0xbf][0xbd][0x16]}[0xc][0xef][0xbf][0xbd]@[0xef][0xbf][0xbd]W[0xef][0xbf][0xbd]8[0xef][0xbf][0xbd]<[0x12]:[0xef][0xbf][0xbd]^0&m[0xef][0xbf][0xbd][0xef][0xbf][0xbd]/?[0xe]H[0xef][0xbf][0xbd]c[0xef][0xbf][0xbd]Fz[0xef][0xbf][0xbd][0xef][0xbf][0xbd][0xef][0xbf][0xbd][0xd7][0x9b][0xef][0xbf][0xbd][0xef][0xbf][0xbd][0xef][0xbf][0xbd]z9[0xef][0xbf][0xbd][0xef][0xbf][0xbd]#[0xef][0xbf][0xbd]FY]%~[0xef][0xbf][0xbd][0xef][0xbf][0xbd][0xef][0xbf][0xbd]#Kr[0xef][0xbf][0xbd][0xef][0xbf][0xbd][0xef][0xbf][0xbd][0xef][0xbf][0xbd][0xef][0xbf][0xbd][0xde][0xbd]EzYd[0xef][0xbf][0xbd][0x16]-Z[0xef][0xbf][0xbd][0x11][0xef][0xbf][0xbd][0x3][0xef][0xbf][0xbd][0xef][0xbf][0xbd][0xef][0xbf][0xbd]V[0xef][0xbf][0xbd][0xef][0xbf][0xbd][0x13][0xef][0xbf][0xbd][0xef][0xbf][0xbd]:[0x6]VGNYc[0xef][0xbf][0xbd][0xd5][0x8b][0xef][0xbf][0xbd][0xef][0xbf][0xbd]^[0xef][0xbf][0xbd]K[0xef][0xbf][0xbd][0xef][0xbf][0xbd][0xef][0xbf][0xbd][0x17][\n]"
07:56:30.709 [main] DEBUG org.apache.http.wire -  >> "[0xef][0xbf][0xbd][0xef][0xbf][0xbd]z[0xc5][0x8b][0x1][0xdc][0x90]~D[0xef][0xbf][0xbd][0xef][0xbf][0xbd][0xef][0xbf][0xbd]0[0xef][0xbf][0xbd]s[0xef][0xbf][0xbd][0xef][0xbf][0xbd],[0xef][0xbf][0xbd][0xef][0xbf][0xbd][0xef][0xbf][0xbd][0xef][0xbf][0xbd]4V[0xef][0xbf][0xbd][0xef][0xbf][0xbd]l[0xd1][0xa2]E[0xef][0xbf][0xbd]>[0xef][0xbf][0xbd][0xef][0xbf][0xbd][0xef][0xbf][0xbd][0xef][0xbf][0xbd]o[0xef][0xbf][0xbd]dq[0xef][0xbf][0xbd][0xef][0xbf][0xbd][0x15]<[0xef][0xbf][0xbd];[0xf][0xef][0xbf][0xbd]I[0x1c]f[0xef][0xbf][0xbd]n[0xef][0xbf][0xbd]LB[0xef][0xbf][0xbd]?[0xef][0xbf][0xbd][0xef][0xbf][0xbd][0xef][0xbf][0xbd][0xef][0xbf][0xbd]W[0xef][0xbf][0xbd][0xef][0xbf][0xbd][0xef][0xbf][0xbd][0xef][0xbf][0xbd]a[0xef][0xbf][0xbd][0x5][0xef][0xbf][0xbd]^t[0xef][0xbf][0xbd]seu$U[0x1e]K[0xef][0xbf][0xbd][0xef][0xbf][0xbd][0xef][0xbf][0xbd][0x1d]^[0xef][0xbf][0xbd][0xef][0xbf][0xbd][0xef][0xbf][0xbd]{[0xef][0xbf][0xbd][0x16][0xef][0xbf][0xbd][0x5]d[0xef][0xbf][0xbd][0x16]-Z[0xef][0xbf][0xbd][0x11][0xef][0xbf][0xbd][0x1d][0xef][0xbf][0xbd]b[0xef][0xbf][0xbd]7[0xef][0xbf][0xbd]8t[0x0][0xc]2[0x6];[0x13][0x11]{[0xef][0xbf][0xbd][0xef][0xbf][0xbd][0xef][0xbf][0xbd]H[0xef][0xbf][0xbd][0xef][0xbf][0xbd][0xef][0xbf][0xbd][0x5]S[0x10]q[0xef][0xbf][0xbd]G[0xef][0xbf][0xbd][0xef][0xbf][0xbd]`U[0xef][0xbf][0xbd][0xef][0xbf][0xbd]T[0x7][0xef][0xbf][0xbd][0xef][0xbf][0xbd][0x1]f!i[0xef][0xbf][0xbd][0x1e][0x15]8[0xcb][0xb0]Z[0xef][0xbf][0xbd][0x10][0xef][0xbf][0xbd][0xef][0xbf][0xbd][0x17][0xef][0xbf][0xbd][0xef][0xbf][0xbd]^[0xef][0xbf][0xbd][0xef][0xbf][0xbd][0xef][0xbf][0xbd]{[0xef][0xbf][0xbd][0xef][0xbf][0xbd][0xef][0xbf][0xbd]bd[0xef][0xbf][0xbd][0x16]-Z[0xef][0xbf][0xbd][0x11][0xef][0xbf][0xbd][0xef][0xbf][0xbd]W[0x10][0xef][0xbf][0xbd]l[0xef][0xbf][0xbd][0xef][0xbf][0xbd][0xef][0xbf][0xbd]9O[0xef][0xbf][0xbd][0xef][0xbf][0xbd][0xef][0xbf][0xbd][0xef][0xbf][0xbd][0xef][0xbf][0xbd][0xef][0xbf][0xbd]<[0xef][0xbf][0xbd]\[0x1d][0xef][0xbf][0xbd][0xf2][0x8e][0xa1][0xa5]9U[0x7][0xef][0xbf][0xbd][0x1e]q.[0xef][0xbf][0xbd]/;[0xef][0xbf][0xbd]I[0xef][0xbf][0xbd][0x1][0xef][0xbf][0xbd][0xef][0xbf][0xbd][0xef][0xbf][0xbd]h[0x3]6[0xee][0xa7][0x82][0x4]A+chG}[0xef][0xbf][0xbd][0xef][0xbf][0xbd]^[0xef][0xbf][0xbd]z][0xef][0xbf][0xbd]^[0xef][0xbf][0xbd]q[0xda][0xbe]}[0xef][0xbf][0xbd][0xef][0xbf][0xbd][0xef][0xbf][0xbd]}[0xef][0xbf][0xbd][0xef][0xbf][0xbd]~[0xef][0xbf][0xbd]=[0xef][0xbf][0xbd] [0xef][0xbf][0xbd],[0xef][0xbf][0xbd]E[0xef][0xbf][0xbd][0x16]-[0xef][0xbf][0xbd][0xef][0xbf][0xbd][0xd1][0x97][0xef][0xbf][0xbd][0xef][0xbf][0xbd][0xef][0xbf][0xbd][0xeb][0xab][0x97][0xef][0xbf][0xbd][0xef][0xbf][0xbd][0xef][0xbf][0xbd]w&[0xef][0xbf][0xbd][0xef][0xbf][0xbd]{[0xef][0xbf][0xbd][0xef][0xbf][0xbd][0xef][0xbf][0xbd]l`[0x1c]O[0xef][0xbf][0xbd]L[0xef][0xbf][0xbd][0xef][0xbf][0xbd]{[0xcd][0xb1][0xef][0xbf][0xbd][0xef][0xbf][0xbd][0xef][0xbf][0xbd][0xef][0xbf][0xbd]M[0xef][0xbf][0xbd];v.[0xef][0xbf][0xbd]|[0xef][0xbf][0xbd][0xef][0xbf][0xbd][0xef][0xbf][0xbd][0xef][0xbf][0xbd][0xef]"
07:56:30.710 [main] DEBUG org.apache.http.wire -  >> "[0xbf][0xbd][0xef][0xbf][0xbd]([0xef][0xbf][0xbd][0x2]7[0xef][0xbf][0xbd][0xef][0xbf][0xbd][0xef][0xbf][0xbd]bqT[0xef][0xbf][0xbd][0xef][0xbf][0xbd][0xef][0xbf][0xbd][0xef][0xbf][0xbd]3[0xef][0xbf][0xbd]I[0x6][0xef][0xbf][0xbd][0x2][0xef][0xbf][0xbd]E[0xef][0xbf][0xbd][0x16]-[0xef][0xbf][0xbd][0x8][0xef][0xbf][0xbd][0xe]b[0xef][0xbf][0xbd]?[0xef][0xbf][0xbd][0xef][0xbf][0xbd][0xef][0xbf][0xbd][0x1a]w[0x19]N[0xef][0xbf][0xbd][0xef][0xbf][0xbd]4-~[0xef][0xbf][0xbd][0xef][0xbf][0xbd][0xef][0xbf][0xbd][0xef][0xbf][0xbd]"h[0xef][0xbf][0xbd][0xef][0xbf][0xbd][0x1b]i/[0xef][0xbf][0xbd][0xef][0xbf][0xbd][0xef][0xbf][0xbd]t@z[0xef][0xbf][0xbd][0xef][0xbf][0xbd][0xef][0xbf][0xbd]4~[0xef][0xbf][0xbd][0x1b][0xef][0xbf][0xbd]&&$[0xef][0xbf][0xbd]_\[0xef][0xbf][0xbd]%a[0xef][0xbf][0xbd][0xef][0xbf][0xbd]h[0xef][0xbf][0xbd][0xef][0xbf][0xbd][0xef][0xbf][0xbd][0x15]{[0xf]h[0x1][0xd9][0xa2]E[0xef][0xbf][0xbd][0x16]}D[0xef][0xbf][0xbd]+[0xef][0xbf][0xbd][0xef][0xbf][0xbd][0x1b][0xef][0xbf][0xbd]_[0x11][0xef][0xbf][0xbd]5[0xef][0xbf][0xbd][0x1c][0xef][0xbf][0xbd][0xef][0xbf][0xbd]U [0xef][0xbf][0xbd][0xe3][0xa5][0x82][0xef][0xbf][0xbd]P[0xef][0xbf][0xbd][0xef][0xbf][0xbd]_[0xef][0xbf][0xbd][0xef][0xbf][0xbd][0xef][0xbf][0xbd][0xef][0xbf][0xbd][0xef][0xbf][0xbd]hZU[0xef][0xbf][0xbd]?[0xef][0xbf][0xbd][0xef][0xbf][0xbd]1[0xef][0xbf][0xbd][0xef][0xbf][0xbd]I[0xef][0xbf][0xbd]#~p[0xef][0xbf][0xbd]:o[0xef][0xbf][0xbd][0xca][0xae]R<[0xef][0xbf][0xbd][0x16]Z'>[0xef][0xbf][0xbd][0xdb][0xa5];[0xef][0xbf][0xbd]v[0xef][0xbf][0xbd]p@[0xef][0xbf][0xbd][0xef][0xbf][0xbd][0xdf][0x8b][\r][0xef][0xbf][0xbd][0xef][0xbf][0xbd][0xd8][0xa2]E[0xef][0xbf][0xbd][0x16]-z[0xef][0xbf][0xbd]i[0xef][0xbf][0xbd][0xef][0xbf][0xbd][0xef][0xbf][0xbd]>[0xef][0xbf][0xbd][0xef][0xbf][0xbd]~E[0xef][0xbf][0xbd][0xef][0xbf][0xbd]xVTg[0x12][0xef][0xbf][0xbd][0xef][0xbf][0xbd]lT4[0xef][0xbf][0xbd][0x12]2[0xef][0xbf][0xbd][0xef][0xbf][0xbd][0x1e][0xef][0xbf][0xbd][0xef][0xbf][0xbd][0xef][0xbf][0xbd][0xef][0xbf][0xbd]q>M[0xef][0xbf][0xbd][0xef][0xbf][0xbd][0xef][0xbf][0xbd][0xef][0xbf][0xbd][0xef][0xbf][0xbd]%[0x7][0x2]7@n[0xef][0xbf][0xbd].[0xef][0xbf][0xbd][0xef][0xbf][0xbd][0x14][0xef][0xbf][0xbd][0xef][0xbf][0xbd]J[0xef][0xbf][0xbd]L[0xef][0xbf][0xbd]Jx[0xef][0xbf][0xbd][0xef][0xbf][0xbd]3[0xef][0xbf][0xbd][0xef][0xbf][0xbd][\n]"
07:56:30.710 [main] DEBUG org.apache.http.wire -  >> "[0x8]3[0xef][0xbf][0xbd]v[0xef][0xbf][0xbd]kw/[0xef][0xbf][0xbd]'[0xef][0xbf][0xbd]#[0xef][0xbf][0xbd]J[0xef][0xbf][0xbd]X[0xef][0xbf][0xbd]h[0xd1][0xa2][0xef][0xbf][0xbd][0xef][0xbf][0xbd][0xe][0x10][0xef][0xbf][0xbd][0xef][0xbf][0xbd]x[0xef][0xbf][0xbd][\n]"
07:56:30.710 [main] DEBUG org.apache.http.wire -  >> "[0x2]_-[0xef][0xbf][0xbd][0xef][0xbf][0xbd][\r][0xef][0xbf][0xbd]L[0xef][0xbf][0xbd][0xef][0xbf][0xbd]0f&[0xef][0xbf][0xbd][0xef][0xbf][0xbd][0xef][0xbf][0xbd]783bf[0xef][0xbf][0xbd][[0xef][0xbf][0xbd][0xef][0xbf][0xbd]9[0xef][0xbf][0xbd][0x5][0xef][0xbf][0xbd][0xef][0xbf][0xbd]U[0xef][0xbf][0xbd][0xef][0xbf][0xbd]n[0xef][0xbf][0xbd][0xd1][0x8c][0xef][0xbf][0xbd][0xef][0xbf][0xbd][0xef][0xbf][0xbd]>[0xef][0xbf][0xbd][0xef][0xbf][0xbd]L*A[0xef][0xbf][0xbd]G[0xef][0xbf][0xbd]6[0xef][0xbf][0xbd]1i"[0xef][0xbf][0xbd][0xef][0xbf][0xbd]>[0x13]K[0xef][0xbf][0xbd]X<[0xef][0xbf][0xbd][0xc7][0xbf][0xef][0xbf][0xbd][0xef][0xbf][0xbd][0xef][0xbf][0xbd][0xef][0xbf][0xbd][0xef][0xbf][0xbd][0xef][0xbf][0xbd][0xef][0xbf][0xbd]\[0xef][0xbf][0xbd][0xef][0xbf][0xbd][0x16]-Z[0xef][0xbf][0xbd][0xef][0xbf][0xbd][0xef][0xbf][0xbd][0xef][0xbf][0xbd][0xef][0xbf][0xbd][0x7][0xef][0xbf][0xbd][0xef][0xbf][0xbd]\|[0xef][0xbf][0xbd][\n]"
07:56:30.710 [main] DEBUG org.apache.http.wire -  >> "[0x18]?y\[0xef][0xbf][0xbd]c[0xef][0xbf][0xbd][0xef][0xbf][0xbd][0xef][0xbf][0xbd][0xef][0xbf][0xbd][0x1a][0xef][0xbf][0xbd];[0x18]&[0xef][0xbf][0xbd][0xef][0xbf][0xbd]f[0xef][0xbf][0xbd]o[0xcc][0x8d][0xef][0xbf][0xbd]f[0xef][0xbf][0xbd]2[0xef][0xbf][0xbd]$[0xef][0xbf][0xbd]u[\r]v[0x5]S[0xef][0xbf][0xbd][0xef][0xbf][0xbd][0xef][0xbf][0xbd][0xef][0xbf][0xbd][0xef][0xbf][0xbd]=i[0xef][0xbf][0xbd][0xef][0xbf][0xbd]X`)&[0x1a][0xef][0xbf][0xbd][0xef][0xbf][0xbd][0xef][0xbf][0xbd][0x8]I[0xef][0xbf][0xbd][0x1c]o,[0xef][0xbf][0xbd][0xef][0xbf][0xbd][0xde][0xb3][0x1f]-[0x15]Yd[0xef][0xbf][0xbd][0x16]-Z[0xef][0xbf][0xbd][0x14][0xef][0xbf][0xbd]~Z[0xef][0xbf][0xbd][0xef][0xbf][0xbd]3[0xef][0xbf][0xbd]|[0xef][0xbf][0xbd][0xef][0xbf][0xbd][0x5][0xef][0xbf][0xbd][0xcd][0xab][0x15][0xef][0xbf][0xbd][0xc9][0x81][0xef][0xbf][0xbd][0xef][0xbf][0xbd][0xef][0xbf][0xbd][0x14][0xef][0xbf][0xbd][0xef][0xbf][0xbd]}c8[0x8]8`[0xef][0xbf][0xbd][0xef][0xbf][0xbd],[0xef][0xbf][0xbd][0xef][0xbf][0xbd][t[0xef][0xbf][0xbd]=}~[0xef][0xbf][0xbd]ColVWd[0xef][0xbf][0xbd][0x7]7[0x1e][0xef][0xbf][0xbd]![0xef][0xbf][0xbd]BC[0xef][0xbf][0xbd][0xef][0xbf][0xbd][0xef][0xbf][0xbd]<[0xef][0xbf][0xbd][0xef][0xbf][0xbd]hg[0xef][0xbf][0xbd]x[0xef][0xbf][0xbd]}[0xef][0xbf][0xbd][0xef][0xbf][0xbd][0xef][0xbf][0xbd][0xef][0xbf][0xbd]|[0xef][0xbf][0xbd]~W[0xd9][0xb2][0xef][0xbf][0xbd][0x16]-Z[0xef][0xbf][0xbd][0xef][0xbf][0xbd])[0xef][0xbf][0xbd][0xef][0xbf][0xbd]?[0xef][0xbf][0xbd][0xef][0xbf][0xbd]_[0xef][0xbf][0xbd]{[0xcf][0xbc]u[0xef][0xbf][0xbd][0xef][0xbf][0xbd][0xf][0xef][0xbf][0xbd][0xef][0xbf][0xbd][0xd3][0x95][0xef][0xbf][0xbd][0x1f][0xef][0xbf][0xbd][0xcb][0xb7]<3D[0xef][0xbf][0xbd]r[0xef][0xbf][0xbd][0x14][0xef][0xbf][0xbd][0xdc][0x8c]}h[0xef][0xbf][0xbd]UL[0xef][0xbf][0xbd][0xef][0xbf][0xbd][0xc][0xef][0xbf][0xbd]_B6[0xef][0xbf][0xbd][0xef][0xbf][0xbd]p[0xef][0xbf][0xbd][0xb][0xef][0xbf][0xbd]M_a[0xd6][0x89]#[0xef][0xbf][0xbd]mz[0x2][0x8][0xf]![0xef][0xbf][0xbd][0x14][0xf][0xef][0xbf][0xbd][0xef][0xbf][0xbd][0xef][0xbf][0xbd][0xef][0xbf][0xbd]f[0x1c]q[0xef][0xbf][0xbd]x[0xef][0xbf][0xbd][0xf][0xef][0xbf][0xbd][0xef][0xbf][0xbd][0xef][0xbf][0xbd]K[0xef][0xbf][0xbd]C[0xef][0xbf][0xbd][0x2][0xef][0xbf][0xbd]E[0xef][0xbf][0xbd][0x16]-z[0xef][0xbf][0xbd][0xef][0xbf][0xbd][0xef][0xbf][0xbd][0xef][0xbf][0xbd][0xef][0xbf][0xbd]7^[0xef][0xbf][0xbd]7:[0xef][0xbf][0xbd]GN[0x1d][0xef][0xbf][0xbd][0xef][0xbf][0xbd][0xef][0xbf][0xbd][0xef][0xbf][0xbd][0xef][0xbf][0xbd]r[0xf][0x2]y$[0xef][0xbf][0xbd]"[0x1][0xef][0xbf][0xbd][0xef][0xbf][0xbd][0xef][0xbf][0xbd]h[0x14]o[0xef][0xbf][0xbd][0xef][0xbf][0xbd][0xef][0xbf][0xbd]WC#m[0xef][0xbf][0xbd]@(BO[0xc2][0xa7][0xef][0xbf][0xbd][0x17][0xef][0xbf][0xbd][0x17]c[0x2][0xef][0xbf][0xbd][\n]"
07:56:30.710 [main] DEBUG org.apache.http.wire -  >> "[0xef][0xbf][0xbd]`[0xef][0xbf][0xbd][0xef][0xbf][0xbd]zo[0xef][0xbf][0xbd][0xc6][0x9b][0xef][0xbf][0xbd]i[0xef][0xbf][0xbd][0xef][0xbf][0xbd][0xef][0xbf][0xbd];[0xef][0xbf][0xbd]r#4[0xef][0xbf][0xbd]A[0xc4][0xb6][0xef][0xbf][0xbd][0xef][0xbf][0xbd][0x8][0xef][0xbf][0xbd][0xef][0xbf][0xbd][0xef][0xbf][0xbd]Z\[0xef][0xbf][0xbd]h[0xd1][0xa2][0xef][0xbf][0xbd][0xef][0xbf][0xbd][0xef][0xbf][0xbd][0xef][0xbf][0xbd][0xef][0xbf][0xbd]o[0xef][0xbf][0xbd][0x1e]{[0x16]_[0xef][0xbf][0xbd][0x15]u\[0xef][0xbf][0xbd]{Pr[0x13]k[0xef][0xbf][0xbd]1v[0xef][0xbf][0xbd][0x15][0xef][0xbf][0xbd]0[0x6][0xef][0xbf][0xbd]n=slN[0xef][0xbf][0xbd]z[0xef][0xbf][0xbd]@[0xef][0xbf][0xbd]d#[0xef][0xbf][0xbd][0xc6][0xb7][0xef][0xbf][0xbd][0xef][0xbf][0xbd]$;YL[0xef][0xbf][0xbd][0x1a][0xef][0xbf][0xbd][0xef][0xbf][0xbd]os[0xef][0xbf][0xbd][0xef][0xbf][0xbd]h[0xef][0xbf][0xbd]@[0x1f][0x2]MGJ~~[0xef][0xbf][0xbd][0xef][0xbf][0xbd][0xef][0xbf][0xbd]4[0xf][0xef][0xbf][0xbd]W[0xef][0xbf][0xbd]z[0xef][0xbf][0xbd][0xef][0xbf][0xbd])[0xef][0xbf][0xbd][0xc6][0xac]o{[0xef][0xbf][0xbd]'[0xef][0xbf][0xbd][0xef][0xbf][0xbd]k?[0xef][0xbf][0xbd][0x1b][0xef][0xbf][0xbd][0x3][0xef][0xbf][0xbd]J[0xef][0xbf][0xbd]_[0xef][0xbf][0xbd]h[0xd1][0xa2][0xf][0xef][0xbf][0xbd][0xef][0xbf][0xbd][0xef][0xbf][0xbd][0xef][0xbf][0xbd][0xef][0xbf][0xbd][0xef][0xbf][0xbd][0xef][0xbf][0xbd][0xef][0xbf][0xbd][0xef][0xbf][0xbd]a[0xef][0xbf][0xbd][0xef][0xbf][0xbd][0xef][0xbf][0xbd]#n[0xef][0xbf][0xbd]2k`[0xef][0xbf][0xbd][0xef][0xbf][0xbd][0xef][0xbf][0xbd][0xef][0xbf][0xbd]P[0xef][0xbf][0xbd]9U[0xef][0xbf][0xbd]F[0x17];l[0xef][0xbf][0xbd][0xef][0xbf][0xbd][0xef][0xbf][0xbd]ch[0xc]l[0xd5][0xb1]Ve[0xef][0xbf][0xbd][0xef][0xbf][0xbd][0xef][0xbf][0xbd][0xef][0xbf][0xbd][0x6]:[0x14][0xef][0xbf][0xbd]%[0xef][0xbf][0xbd]c[0x14][0xef][0xbf][0xbd][0xef][0xbf][0xbd][0x4]?b[0xef][0xbf][0xbd][0x19][0xef][0xbf][0xbd][0xef][0xbf][0xbd]`v[0xef][0xbf][0xbd]~[0xef][0xbf][0xbd]B[0xe]([0x16]o[0xef][0xbf][0xbd]O[0x17]h[0xef][0xbf][0xbd]z[0xef][0xbf][0xbd][0xef][0xbf][0xbd]V[0xef][0xbf][0xbd][0xf][0xc]d[0xcb][0xb5][0xef][0xbf][0xbd]h[0xd1][0xa2]E[0x1f]"[0x1d][0xef][0xbf][0xbd][0xef][0xbf][0xbd]?n_[0xef][0xbf][0xbd][0xef][0xbf][0xbd][0xef][0xbf][0xbd][0x17]l[0xef][0xbf][0xbd][0xef][0xbf][0xbd][0x4][0xef][0xbf][0xbd][0xef][0xbf][0xbd][0x8]SaS[0x1f][0xef][0xbf][0xbd][0xef][0xbf][0xbd]i[0xef][0xbf][0xbd]y[0xef][0xbf][0xbd][0xef][0xbf][0xbd][0xef][0xbf][0xbd]B2[0x7][0xef][0xbf][0xbd]c][0xef][0xbf][0xbd][0xef][0xbf][0xbd][0xef][0xbf][0xbd]w[0x6]c[0xc5][0xba][0x1c][0xef][0xbf][0xbd][0xef][0xbf][0xbd]#[0xef][0xbf][0xbd]\[0xdd][0x84]}[0xef][0xbf][0xbd][0x7]*[0xef][0xbf][0xbd]xX[0xef][0xbf][0xbd][0xef][0xbf][0xbd][0xef][0xbf][0xbd][0xef][0xbf][0xbd]|AY[0xef][0xbf][0xbd]Zc6[0xef][0xbf][0xbd]g[0x1d];[0xef][0xbf][0xbd]}y[0xef][0xbf][0xbd][0xef][0xbf][0xbd][0xef][0xbf][0xbd][0x1f][0xef][0xbf][0xbd][0xc8][0xaa][0x5]d[0xef][0xbf][0xbd][0x16]-Z[0xef][0xbf][0xbd]![0xef][0xbf][0xbd]W[0xef][0xbf][0xbd][0xef][0xbf][0xbd][0xef][0xbf][0xbd]~[0xef][0xbf][0xbd][0xef][0xbf][0xbd]s;[0xef][0xbf][0xbd][0xc5][0x83]<I[0xef][0xbf][0xbd][0xef][0xbf][0xbd][0x18]g<[0xef][0xbf][0xbd]3[0xef][0xbf][0xbd][0x3]'[0xef][0xbf][0xbd][0xef][0xbf][0xbd][0xef][0xbf][0xbd][0x1c][0xef][0xbf][0xbd][0xe][0xef][0xbf][0xbd][0xef][0xbf][0xbd][0x0][0xef][0xbf][0xbd][0x2]1[0xef][0xbf][0xbd][0xe][0xcc][0xa3]3/[0xef][0xbf][0xbd][0xef][0xbf][0xbd]X}Z0-=[0x5],[0xef][0xbf][0xbd]a[0x5]<[0xef][0xbf][0xbd][0xef][0xbf][0xbd]~[0xef][0xbf][0xbd][0xef][0xbf][0xbd][0xef][0xbf][0xbd][0xef][0xbf][0xbd][0xef][0xbf][0xbd][0xef][0xbf][0xbd][0xdb][0x93]/[0xef][0xbf][0xbd]f[0xef][0xbf][0xbd][0xef][0xbf][0xbd]O[0xef][0xbf][0xbd][0xef][0xbf][0xbd][0xef][0xbf][0xbd]^0K[0xef][0xbf][0xbd][0xef][0xbf][0xbd][0xef][0xbf][0xbd]Dd[0xe][0xef][0xbf][0xbd][0xef][0xbf][0xbd][0xef][0xbf][0xbd][0x1][0xef][0xbf][0xbd][0xef][0xbf][0xbd][0xef][0xbf][0xbd]?[0xef][0xbf][0xbd]?[0xef][0xbf][0xbd][0xef][0xbf][0xbd]_[0xef][0xb2][0x80]l[0xd1][0xa2]E[0xef][0xbf][0xbd]>[0x4][0xef][0xbf][0xbd][0xef][0xbf][0xbd]O[0xef][0xbf][0xbd][0xef][0xbf][0xbd]j<[0xef][0xbf][0xbd]7[0xef][0xbf][0xbd][0x1f][0xef][0xbf][0xbd][0x13][0xef][0xbf][0xbd]v[0xef][0xbf][0xbd][0x1f]&[0xef][0xbf][0xbd]#'[0xef][0xbf][0xbd][0xef][0xbf][0xbd][0xef][0xbf][0xbd][0x1a][0xef][0xbf][0xbd][0xef][0xbf][0xbd][0xef][0xbf][0xbd][0xe]F[0xef][0xbf][0xbd][0xef][0xbf][0xbd][0xef][0xbf][0xbd]S[0xef][0xbf][0xbd][0xe][0xef][0xbf][0xbd][0xef][0xbf][0xbd]%&n[0xef][0xbf][0xbd]E][0xef][0xbf][0xbd][0xef][0xbf][0xbd][0xef][0xbf][0xbd],Hos[0xef][0xbf][0xbd]@M[0x1][0xef][0xbf][0xbd][0x10]B[0xef][0xbf][0xbd][0x17][0xef][0xbf][0xbd][0x16][0x17][0xef][0xbf][0xbd][0xc2][0x85][0x19][0x3][0xef][0xbf][0xbd][0xef][0xbf][0xbd][0xef][0xbf][0xbd]so[0xd4][0x86][0xef][0xbf][0xbd][0x14][0xef][0xbf][0xbd]n[0x1e]/[0xef][0xbf][0xbd][0xf]H+[0xef][0xbf][0xbd]c[0xd1][0xa2]E[0xef][0xbf][0xbd]>@z[0xef][0xbf][0xbd][0xef][0xbf][0xbd][0x1b][0xef][0xbf][0xbd],[0xef][0xbf][0xbd]m[0xef][0xbf][0xbd][0xef][0xbf][0xbd]![0xdd][0xaf][0xef][0xbf][0xbd][0xef][0xbf][0xbd][0x13]:[0xef][0xbf][0xbd]ZFH[0xef][0xbf][0xbd]p&h[0xef][0xbf][0xbd][0xef][0xbf][0xbd]$[0xef][0xbf][0xbd][0xef][0xbf][0xbd][0xef][0xbf][0xbd][0xef][0xbf][0xbd];1$[0xef][0xbf][0xbd][0xef][0xbf][0xbd][0xef][0xbf][0xbd]9[0xef][0xbf][0xbd][0xef][0xbf][0xbd]Z[0xef][0xbf][0xbd]8[0xef][0xbf][0xbd].[0xef][0xbf][0xbd][0xef][0xbf][0xbd][0xef][0xbf][0xbd][0xef][0xbf][0xbd][0xef][0xbf][0xbd][0xef][0xbf][0xbd]p[0xef][0xbf][0xbd][0x7]bgy[0xc]H=[0xef][0xbf][0xbd][0xef][0xbf][0xbd]a[0xef][0xbf][0xbd][0x4][0x11]P&z[0xef][0xbf][0xbd][0xef][0xbf][0xbd]Q[0xef][0xbf][0xbd][0x10]_[0xef][0xbf][0xbd][0xdb][0xbf][0xef][0xbf][0xbd][0xcc][0x93]/[0xef][0xbf][0xbd] [0xef][0xbf][0xbd]wY[0x16][0xd9][0xa2]E[0xef][0xbf][0xbd][0x16]}@[0xef][0xbf][0xbd][0xef][0xbf][0xbd][0xef][0xbf][0xbd]k<l[0xef][0xbf][0xbd]o[0xef][0xbf][0xbd]_39[0xef][0xbf][0xbd][0xef][0xbf][0xbd]~>[0xef][0xbf][0xbd][0xef][0xbf][0xbd]oq:n[0xef][0xbf][0xbd][0x19][0x17]u1bZl[0xef][0xbf][0xbd][0x10][0xcb][0xad]4[0xef][0xbf][0xbd][0xef][0xbf][0xbd]J[0xef][0xbf][0xbd][0xc]Ta[0xef][0xbf][0xbd]`[0xc6][0xbd][0xef][0xbf][0xbd]H[0xdb][0xa7][0xc7][0xb0][0xef][0xbf][0xbd][0xef][0xbf][0xbd][0xef][0xbf][0xbd]4}[0xef][0xbf][0xbd][0xef][0xbf][0xbd]x$u\[0xef][0xbf][0xbd][0x10]Rm.[0x17]c[0xef][0xbf][0xbd][0x1e]C[0xef][0xbf][0xbd][0xc][\r][0x1d][0xef][0xbf][0xbd]2k?[0xef][0xbf][0xbd][0xef][0xbf][0xbd][0xef][0xbf][0xbd]?[0xef][0xbf][0xbd][0xef][0xbf][0xbd]g[0xef][0xbf][0xbd]f?[0x0]- [[0xef][0xbf][0xbd]h[0xd1][0xa2][0xf][0xef][0xbf][0xbd][0xef][0xbf][0xbd]M[0xef][0xbf][0xbd][0xef][0xbf][0xbd][0xc2][0xbf]~[0x15][0xef][0xbf][0xbd][0xf][0xef][0xbf][0xbd]z[0xef][0xbf][0xbd][0xef][0xbf][0xbd][0xef][0xbf][0xbd][0x13]x[0xef][0xbf][0xbd][0xd4][0xbb][0xef][0xbf][0xbd]Bx[0xb][0xef][0xbf][0xbd][0x11][0xef][0xbf][0xbd]r[0xef][0xbf][0xbd]st[0x9]v2[0x7][0xef][0xbf][0xbd]4z[0xef][0xbf][0xbd][0xef][0xbf][0xbd]O[0xef][0xbf][0xbd]8[0xef][0xbf][0xbd]h^([0xef][0xbf][0xbd]VT[0x16][0x16]F *[0xef][0xbf][0xbd]dot[0x6]*e[\n]"
07:56:30.711 [main] DEBUG org.apache.http.wire -  >> "}~[0xd9][0x90][_[0xef][0xbf][0xbd]z'[0xef][0xbf][0xbd][0x0][0xd4][0xaa][0xef][0xbf][0xbd][0xef][0xbf][0xbd]_[0x1d][0xef][0xbf][0xbd]`9[0xef][0xbf][0xbd][0xef][0xbf][0xbd][0x12]_[0xef][0xbf][0xbd][0x1f][0xef][0xbf][0xbd][0xef][0xbf][0xbd]kq[0xd1][0xa2]E[0xef][0xbf][0xbd][0xef][0xbf][0xbd]g[0xef][0xbf][0xbd][0xef][0xbf][0xbd]O[0xef][0xbf][0xbd][0xef][0xbf][0xbd]z[0xe4][0xbb][0xb7][0xef][0xbf][0xbd]_'G9[0xef][0xbf][0xbd][0xef][0xbf][0xbd][0xef][0xbf][0xbd][0xef][0xbf][0xbd]x)[0x17]w[0xef][0xbf][0xbd]I[0xef][0xbf][0xbd];[0x10][0xef][0xbf][0xbd][0xef][0xbf][0xbd][0xef][0xbf][0xbd][0xef][0xbf][0xbd][0xef][0xbf][0xbd]%[0x1e]?[0xc2][0xbb]7[0xec][0xac][0xaa][0xef][0xbf][0xbd][0xef][0xbf][0xbd][0x4][0xef][0xbf][0xbd][0xef][0xbf][0xbd][0x17][0xef][0xbf][0xbd],*[0xef][0xbf][0xbd][0xef][0xbf][0xbd]lD[0x1b][0xef][0xbf][0xbd]mq[0xef][0xbf][0xbd]h[0xef][0xbf][0xbd][0xef][0xbf][0xbd][0xef][0xbf][0xbd]|[0xef][0xbf][0xbd]tm%[0xd8][0xa2][0xef][0xbf][0xbd]1l[0xef][0xbf][0xbd][0xef][0xbf][0xbd]_[0x7][0xe][0x13]@[0xb][0xef][0xbf][0xbd][0xef][0xbf][0xbd]}[0xef][0xbf][0xbd][0xef][0xbf][0xbd][0xef][0xbf][0xbd][0xef][0xbf][0xbd][0xef][0xbf][0xbd][0xc8][0xaa][0xef][0xbf][0xbd][0xef][0xbf][0xbd]l[0xd1][0xa2]E[0xef][0xbf][0xbd][0xef][0xbf][0xbd]'[0xef][0xbf][0xbd]][0xef][0xbf][0xbd]W[0xef][0xbf][0xbd][0xef][0xbf][0xbd]/_[0xef][0xbf][0xbd][0xef][0xbf][0xbd]Wy[0xef][0xbf][0xbd][0xef][0xbf][0xbd][0xef][0xbf][0xbd]w[0xef][0xbf][0xbd][0xef][0xbf][0xbd]u[0xef][0xbf][0xbd][0xef][0xbf][0xbd]y[0x1f][0xef][0xbf][0xbd][0xef][0xbf][0xbd]3K[0xef][0xbf][0xbd]N[0xef][0xbf][0xbd]NU[0xef][0xbf][0xbd]FTL[0xef][0xbf][0xbd][0x10][0xef][0xbf][0xbd]J[0xef][0xbf][0xbd][0xef][0xbf][0xbd]@[0x1d][0xef][0xbf][0xbd][0xde][0xaa][0x1b]>[0xef][0xbf][0xbd][0x2][0xef][0xbf][0xbd][0x2]M)[\n]"
07:56:30.711 [main] DEBUG org.apache.http.wire -  >> "[0xd9][0x90]>[0xef][0xbf][0xbd]t[0xef][0xbf][0xbd]Go[0xef][0xbf][0xbd]-[0x12][0xef][0xbf][0xbd]2[0xef][0xbf][0xbd][0xef][0xbf][0xbd][0x13]9C[0xef][0xbf][0xbd]Hj#w[0x3][[0xef][0xbf][0xbd][0x17]':[0x3][0xef][0xbf][0xbd]59[0xef][0xbf][0xbd][0xf][0xef][0xbf][0xbd]{[0xef][0xbf][0xbd][0xef][0xbf][0xbd][0xef][0xbf][0xbd][0xef][0xbf][0xbd][0xef][0xbf][0xbd][0x5]-[0xef][0xbf][0xbd][0xef][0xbf][0xbd]E[0xef][0xbf][0xbd][0x16][0xef][0xbf][0xbd][0xf][0xef][0xbf][0xbd][0xef][0xbf][0xbd]O[0xef][0xbf][0xbd][0xef][0xbf][0xbd]/[0xdc][0xb3][0xef][0xbf][0xbd][0xd5][0x95]( [0xef][0xbf][0xbd][0xef][0xbf][0xbd]B[0xef][0xbf][0xbd]c[0xef][0xbf][0xbd]T[0xef][0xbf][0xbd]X[0xef][0xbf][0xbd][0xef][0xbf][0xbd]-[0xef][0xbf][0xbd][0xef][0xbf][0xbd][0xef][0xbf][0xbd][0xef][0xbf][0xbd]/3[0xef][0xbf][0xbd][0xef][0xbf][0xbd][0xef][0xbf][0xbd][[0xef][0xbf][0xbd][0xcc][0x8c][0xef][0xbf][0xbd][0xef][0xbf][0xbd][0xef][0xbf][0xbd][0xc4][0xab]tw[0xef][0xbf][0xbd][0x13]3[0xef][0xbf][0xbd][0x8][0xef][0xbf][0xbd][0x5][0xef][0xbf][0xbd]XZ[0xef][0xbf][0xbd][0xef][0xbf][0xbd][0xef][0xbf][0xbd][0xef][0xbf][0xbd][0x15]<[0xef][0xbf][0xbd]j/b[0xef][0xbf][0xbd][0xef][0xbf][0xbd]'[0xef][0xbf][0xbd][0xef][0xbf][0xbd]W[0xef][0xbf][0xbd][0xef][0xbf][0xbd][0x1a][0x18]@[0xef][0xbf][0xbd][0xef][0xbf][0xbd][0xe][0xef][0xbf][0xbd][0xef][0xbf][0xbd]uL[0xef][0xbf][0xbd]nG[0xef][0xbf][0xbd]8[0xef][0xbf][0xbd][0xef][0xbf][0xbd]K[0x0][0xef][0xbf][0xbd][0xef][0xbf][0xbd][0xef][0xbf][0xbd][0xef][0xbf][0xbd][0xef][0xbf][0xbd]d[0xb][0xef][0xbf][0xbd][0x16]-Z[0xef][0xbf][0xbd][0xef][0xbf][0xbd]=[0xef][0xbf][0xbd][0xef][0xbf][0xbd][0xef][0xbf][0xbd][0xef][0xbf][0xbd][0xef][0xbf][0xbd][0xef][0xbf][0xbd][0xef][0xbf][0xbd],[0xde][0xbe][0xef][0xbf][0xbd][0xef][0xbf][0xbd][0xef][0xbf][0xbd]V@Q?[0xef][0xbf][0xbd][0xef][0xbf][0xbd]}[[0xef][0xbf][0xbd] D"[0xef][0xbf][0xbd]q[0xef][0xbf][0xbd]pu[0xef][0xbf][0xbd][0xd8][0x8c][0xe7][0xac][0xb7][0xef][0xbf][0xbd]U[0x1][0xef][0xbf][0xbd]x[0xef][0xbf][0xbd][0xf][0xef][0xbf][0xbd][0xef][0xbf][0xbd][0xef][0xbf][0xbd]L[0xef][0xbf][0xbd]|[0xef][0xbf][0xbd][0xef][0xbf][0xbd]iz$U%w$[0xef][0xbf][0xbd][0xef][0xbf][0xbd]&[0xef][0xbf][0xbd][0xef][0xbf][0xbd] cwU[0xc6][0x88][0xef][0xbf][0xbd][0xef][0xbf][0xbd]-[0xef][0xbf][0xbd]UG[0xef][0xbf][0xbd]#`[0xef][0xbf][0xbd][0x1d][0xef][0xbf][0xbd]1[0xef][0xbf][0xbd][0x5]V[0xef][0xbf][0xbd][0xc9][0x86]g[0x13][0xef][0xbf][0xbd][0xef][0xbf][0xbd][0xef][0xbf][0xbd][0xef][0xbf][0xbd][0xef][0xbf][0xbd][0xef][0xbf][0xbd][0xef][0xbf][0xbd]][0xef][0xbf][0xbd]r-.Z[0xef][0xbf][0xbd]h[0xef][0xbf][0xbd]{D[0xef][0xbf][0xbd]+[0xef][0xbf][0xbd][0xef][0xbf][0xbd]{[0xef][0xbf][0xbd]*[0xef][0xbf][0xbd][0x1f][0xef][0xbf][0xbd][0xef][0xbf][0xbd][0xef][0xbf][0xbd][0xef][0xbf][0xbd]m[0xef][0xbf][0xbd]V[0xef][0xbf][0xbd][0x19][0xef][0xbf][0xbd]2x[0xef][0xbf][0xbd].[0xdc][0xaf][0xef][0xbf][0xbd][0xef][0xbf][0xbd][0xef][0xbf][0xbd]8[0xef][0xbf][0xbd][0xef][0xbf][0xbd][0xef][0xbf][0xbd][0x8][0xef][0xbf][0xbd][0xd7][0xa2]Ty&nH[0xef][0xbf][0xbd][0x18]R[0xdd][0x83][0xef][0xbf][0xbd][0x10][0xef][0xbf][0xbd]FL[0xef][0xbf][0xbd][0x0][0xef][0xbf][0xbd]Kz[0xef][0xbf][0xbd][0x0]R[0xef][0xbf][0xbd][0x1d][0xef][0xbf][0xbd]AG |[0xef][0xbf][0xbd][0x1d]H[0xef][0xbf][0xbd]g%f[0xef][0xbf][0xbd].[0xef][0xbf][0xbd]Yw[0xef][0xbf][0xbd]4ff[0xef][0xbf][0xbd][0xef][0xbf][0xbd][0xef][0xbf][0xbd]3"[0xef][0xbf][0xbd]K[0xef][0xbf][0xbd][0xef][0xbf][0xbd][0xef][0xbf][0xbd][0xcd][0xb8][0xef][0xbf][0xbd][0xef][0xbf][0xbd][0xef][0xbf][0xbd][0xef][0xbf][0xbd][0xef][0xbf][0xbd][0xdb][0x8f][0xef][0xbf][0xbd]z[0xef][0xbf][0xbd][0xef][0xbf][0xbd][0x10]Z[0x16][0xd9][0xa2]E[0xef][0xbf][0xbd][0x16][0xef][0xbf][0xbd][0x7]t[0xef][0xbf][0xbd][0x12][0xef][0xbf][0xbd][0xef][0xbf][0xbd]?[0xef][0xbf][0xbd][0xef][0xbf][0xbd][0xc3][0xa3][0xef][0xbf][0xbd]@*[0x11][0xde][0xbe]b[0xef][0xbf][0xbd][0xef][0xbf][0xbd]$[0xc4][0x94][0xef][0xbf][0xbd]xkp[0xef][0xbf][0xbd]f[0xef][0xbf][0xbd][0xef][0xbf][0xbd]z[0x15][0xef][0xbf][0xbd]h[0xe]lA[0x19]U[0x1e][0xef][0xbf][0xbd]9m[0xef][0xbf][0xbd][0x6][0xef][0xbf][0xbd][0xef][0xbf][0xbd][0xef][0xbf][0xbd][0xef][0xbf][0xbd][0xef][0xbf][0xbd][0xef][0xbf][0xbd][0xef][0xbf][0xbd][0x1b][0xef][0xbf][0xbd]O[0xcf][0x9a]l[0xef][0xbf][0xbd]>[0xef][0xbf][0xbd]T[[0x1d][0xef][0xbf][0xbd][0xef][0xbf][0xbd][0xef][0xbf][0xbd]&K7b[0x3])@[0xef][0xbf][0xbd]P[0xef][0xbf][0xbd]C[0xef][0xbf][0xbd][0xc]T[0xef][0xbf][0xbd][0xef][0xbf][0xbd]_[0xef][0xbf][0xbd][0xca][0xbd][0xef][0xbf][0xbd]h[0xd1][0xa2]E[0xef][0xbf][0xbd]~h[0xef][0xbf][0xbd]78[0xef][0xbf][0xbd]r[0xef][0xbf][0xbd][0xd5][0xab][0xef][0xbf][0xbd]~[0x5][0xef][0xbf][0xbd]:[0xef][0xbf][0xbd][0xef][0xbf][0xbd]y[0xef][0xbf][0xbd]8[0xef][0xbf][0xbd][0x1e][0xef][0xbf][0xbd][0x16][e[0xef][0xbf][0xbd]1[0xef][0xbf][0xbd][0xef][0xbf][0xbd][0xef][0xbf][0xbd][0xef][0xbf][0xbd]}[0xef][0xbf][0xbd]{Q[0xef][0xbf][0xbd][0xef][0xbf][0xbd][0xd9][0xa4][0xef][0xbf][0xbd]R[0xef][0xbf][0xbd]M[0xc6][0xa1][0xef][0xbf][0xbd][0xef][0xbf][0xbd]#[0xef][0xbf][0xbd]~t9)_[0xdc][0x8e][0xef][0xbf][0xbd];[0xef][0xbf][0xbd]F[0xef][0xbf][0xbd][\n]"
07:56:30.711 [main] DEBUG org.apache.http.wire -  >> "[0x1b][0xef][0xbf][0xbd][0xd4][0xa9]:[0xef][0xbf][0xbd][0xef][0xbf][0xbd][0xcf][0x99][0xef][0xbf][0xbd][0xef][0xbf][0xbd][0xef][0xbf][0xbd])[0xef][0xbf][0xbd]rl[0xef][0xbf][0xbd]Fv[0xef][0xbf][0xbd][0xef][0xbf][0xbd]h[0x10]i~[0xef][0xbf][0xbd]q[0xef][0xbf][0xbd]o[0xef][0xbf][0xbd]w"
07:56:30.712 [main] DEBUG org.apache.http.wire -  >> "[0xef][0xbf][0xbd]bs[0xef][0xbf][0xbd][0xef][0xbf][0xbd][0xef][0xbf][0xbd][0x16]-Z[0xef][0xbf][0xbd][0xe8][0x87][0xa4][0xdd][0x95][0xef][0xbf][0xbd][0xef][0xbf][0xbd][0xcb][0xbd]_9@L[0x12][0x15][0xef][0xbf][0xbd][0xef][0xbf][0xbd]P[0xef][0xbf][0xbd][0xda][0xac]S[0x2][0xef][0xbf][0xbd][0xef][0xbf][0xbd][0xef][0xbf][0xbd]Xl[0xef][0xbf][0xbd][0xef][0xbf][0xbd][0xcf][0xb2]][0xb][0xe]=[0x1e][0xc6][0xab][0xc8][0x90][0xef][0xbf][0xbd][0xef][0xbf][0xbd][0x4][0xef][0xbf][0xbd]>Y#[0xeb][0xaa][0x97]X[0xef][0xbf][0xbd][0xef][0xbf][0xbd][0xb][0xef][0xbf][0xbd][0xef][0xbf][0xbd]F[0xef][0xbf][0xbd][0xea][0xaa][0x9e]n[0xef][0xbf][0xbd]G[0x1e]F[0xef][0xbf][0xbd]U~[0xef][0xbf][0xbd][0xef][0xbf][0xbd]W[0xef][0xbf][0xbd][0xef][0xbf][0xbd][0xef][0xbf][0xbd][\r]b[0xef][0xbf][0xbd]si[0xef][0xbf][0xbd]c[0x18][0xef][0xbf][0xbd][0xef][0xbf][0xbd]x[0xef][0xbf][0xbd][0xef][0xbf][0xbd][0xef][0xbf][0xbd][0xef][0xbf][0xbd][0xef][0xbf][0xbd][0xef][0xbf][0xbd]:fX[0xef][0xbf][0xbd][0x12]k|m'[0xdb][0x8f]}[0xef][0xbf][0xbd],s[0x7]- [[0xef][0xbf][0xbd]h[0xd1][0xa2][0x1f][0xef][0xbf][0xbd]~[0xef][0xbf][0xbd][0xef][0xbf][0xbd][0x1f]<[0xef][0xbf][0xbd]w[0xef][0xbf][0xbd][0xef][0xbf][0xbd][0xef][0xbf][0xbd][0xef][0xbf][0xbd][0xef][0xbf][0xbd][0xef][0xbf][0xbd][0x13][0xef][0xbf][0xbd]P][0xef][0xbf][0xbd][0x19]rvyq3pYJr[0xef][0xbf][0xbd]E[0xb]t&[0xef][0xbf][0xbd]\[0xda][0x9c]Aqu[0x10]0[\n]"
07:56:30.713 [main] DEBUG org.apache.http.wire -  >> "3[0xef][0xbf][0xbd][0xef][0xbf][0xbd][0xef][0xbf][0xbd][0xef][0xbf][0xbd][0xef][0xbf][0xbd]J[0xef][0xbf][0xbd]t[0xef][0xbf][0xbd][0xef][0xbf][0xbd]!ZLvd[0x1f]j"[0xef][0xbf][0xbd]w[0xef][0xbf][0xbd]{[0xef][0xbf][0xbd][0xef][0xbf][0xbd][0xef][0xbf][0xbd][0xef][0xbf][0xbd][0xef][0xbf][0xbd]+[0xef][0xbf][0xbd];[0xef][0xbf][0xbd][0xef][0xbf][0xbd]n[\r][0xef][0xbf][0xbd]@l[0xef][0xbf][0xbd]E[0x3][0xef][0xbf][0xbd]![0x1][0x4][0xef][0xbf][0xbd]#[0x19]#[0xef][0xbf][0xbd][0xef][0xbf][0xbd][0xef][0xbf][0xbd][0xef][0xbf][0xbd]L[0xef][0xbf][0xbd][0xef][0xbf][0xbd][0xef][0xbf][0xbd][0x2][0xef][0xbf][0xbd][0xd9][0xaf]m[0xef][0xbf][0xbd][0xef][0xbf][0xbd][0xef][0xbf][0xbd]/[0xef][0xbf][0xbd]\[0xef][0xbf][0xbd][0x1e][0xef][0xbf][0xbd][0x16]-Z[0xef][0xbf][0xbd][0x3][0xef][0xbf][0xbd][0xef][0xbf][0xbd]J[0xef][0xbf][0xbd][0xef][0xbf][0xbd][0xef][0xbf][0xbd][0xef][0xbf][0xbd][0xef][0xbf][0xbd]+.<[\n]"
07:56:30.713 [main] DEBUG org.apache.http.wire -  >> "[0x1c]W[0xef][0xbf][0xbd][0xef][0xbf][0xbd][0x6]W\c[0xef][0xbf][0xbd][0xef][0xbf][0xbd][0xef][0xbf][0xbd][0xef][0xbf][0xbd][0xef][0xbf][0xbd][0x12][0x2]S[0xef][0xbf][0xbd]bo[0xc][0x17]IfE[0x0][0xd4][0xac]>[0xef][0xbf][0xbd][0xb][0xef][0xbf][0xbd]^[0xef][0xbf][0xbd]R[0xef][0xbf][0xbd]d[0x15][0xef][0xbf][0xbd][0xef][0xbf][0xbd][0xef][0xbf][0xbd][0x13]r[0xef][0xbf][0xbd][0x15][0xef][0xbf][0xbd]Y$|[0xef][0xbf][0xbd][0xef][0xbf][0xbd][0xef][0xbf][0xbd][0xef][0xbf][0xbd][0xef][0xbf][0xbd]x[0x3][0xef][0xbf][0xbd]]Y[0xef][0xbf][0xbd]J[\r]8>bc[0xef][0xbf][0xbd][0x14][0xdd][0x8f]{[0xef][0xbf][0xbd][0xef][0xbf][0xbd]d[0xcc][0xb0][0xef][0xbf][0xbd]}[0x1c][0xef][0xbf][0xbd]U[0xef][0xbf][0xbd][0xef][0xbf][0xbd]ss5[0xef][0xbf][0xbd][0xef][0xbf][0xbd]J[0xef][0xbf][0xbd][0xef][0xbf][0xbd][0xef][0xbf][0xbd][0xe1][0xa7][0xaf][0xef][0xbf][0xbd]_[0xef][0xbf][0xbd][0xef][0xbf][0xbd]C[0xef][0xbf][0xbd]"[[0xef][0xbf][0xbd]h[0xd1][0xa2]wI[0xf][0xef][0xbf][0xbd][0xef][0xbf][0xbd][0xef][0xbf][0xbd][0xe8][0xb3][0xbb][0x15]v[0xef][0xbf][0xbd]GH^H[0xef][0xbf][0xbd][0xef][0xbf][0xbd]1[0x1b][0xef][0xbf][0xbd][0xef][0xbf][0xbd]v6[0xef][0xbf][0xbd])[0xef][0xbf][0xbd]Fj[0xef][0xbf][0xbd]0[0xef][0xbf][0xbd][0xef][0xbf][0xbd][0xef][0xbf][0xbd][0xef][0xbf][0xbd][0x13][0xef][0xbf][0xbd][0xef][0xbf][0xbd][0x17][0xe][0xef][0xbf][0xbd]u[0xef][0xbf][0xbd][0xef][0xbf][0xbd]y/[0xef][0xbf][0xbd],[0xef][0xbf][0xbd][0xef][0xbf][0xbd]6[0xef][0xbf][0xbd]}Y[0xef][0xbf][0xbd][0xef][0xbf][0xbd][0xdc][0xbb] [0xef][0xbf][0xbd][0xef][0xbf][0xbd][0xef][0xbf][0xbd][0xef][0xbf][0xbd]#[0xef][0xbf][0xbd]Z[0xef][0xbf][0xbd][0xef][0xbf][0xbd][0x18][0x0]W4V[0xef][0xbf][0xbd]V[0xef][0xbf][0xbd][0x13][0xef][0xbf][0xbd][0xef][0xbf][0xbd][0xef][0xbf][0xbd][0xef][0xbf][0xbd]k[0xef][0xbf][0xbd].[0xef][0xbf][0xbd]rM[0xef][0xbf][0xbd]Z[0xef][0xbf][0xbd][0xef][0xbf][0xbd]g[0x1f][0xef][0xbf][0xbd]C=[0x5][0xef][0xbf][0xbd]O[0xef][0xbf][0xbd]G[0xcc][0xad]:[0xef][0xbf][0xbd][0xef][0xbf][0xbd]/[0xef][0xbf][0xbd][0xef][0xbf][0xbd][0xef][0xbf][0xbd][0xef][0xbf][0xbd][0x17][0xef][0xbf][0xbd][0xef][0xbf][0xbd][0xd0][0xb2][0xef][0xbf][0xbd][0x16]-Z[0xef][0xbf][0xbd][0xef][0xbf][0xbd][0xf][0xef][0xbf][0xbd]#[0xef][0xbf][0xbd][0xef][0xbf][0xbd]=[0xef][0xbf][0xbd][0xef][0xbf][0xbd][0x1f]#G"[0xef][0xbf][0xbd][0xef][0xbf][0xbd][0x15]^[0xef][0xbf][0xbd]lula[0xef][0xbf][0xbd][0xef][0xbf][0xbd][0xef][0xbf][0xbd]<wV[0xef][0xbf][0xbd]([0xef][0xbf][0xbd][0xe][0xef][0xbf][0xbd]0})[0xef][0xbf][0xbd]XV[0xef][0xbf][0xbd]|[0xef][0xbf][0xbd][0xef][0xbf][0xbd]'[0xef][0xbf][0xbd][0xef][0xbf][0xbd][0xef][0xbf][0xbd][0xda][0xb9]9([0x1f]8[0xef][0xbf][0xbd][0xef][0xbf][0xbd][0x15]8"[0xef][0xbf][0xbd][0xec][0xa1][0xb2][0xef][0xbf][0xbd][0xef][0xbf][0xbd]Fr[0x2][0x8][0x2]^G[0xef][0xbf][0xbd][0xe1][0xb4][0xa2][0xef][0xbf][0xbd]m[0xef][0xbf][0xbd][0xef][0xbf][0xbd][0xc][0xef][0xbf][0xbd]eyz[0xef][0xbf][0xbd][0xef][0xbf][0xbd]5[0xef][0xbf][0xbd][0x5][0xef][0xbf][0xbd]p[0xef][0xbf][0xbd][0xdf][0x88][0xef][0xbf][0xbd][0xe][0xef][0xbf][0xbd]B]8[0xef][0xbf][0xbd][0xef][0xbf][0xbd]LRO[0x18][0xef][0xbf][0xbd][0x13][0xef][0xbf][0xbd][0xef][0xbf][0xbd][0xef][0xbf][0xbd][0xef][0xbf][0xbd][0xc5][0xbf]l[0xef][0xbf][0xbd]@[0xef][0xbf][0xbd]"[[0xef][0xbf][0xbd]h[0xd1][0xa2][0xef][0xbf][0xbd]C[0xf][0xef][0xbf][0xbd][0xef][0xbf][0xbd][0x1b][0xef][0xbf][0xbd]>{[0xef][0xbf][0xbd][0xef][0xbf][0xbd][0xef][0xbf][0xbd][0xef][0xbf][0xbd][0xef][0xbf][0xbd][0xef][0xbf][0xbd][0xef][0xbf][0xbd][0xdb][0xb2][0xef][0xbf][0xbd]`,[0x11]x:C[0x3][0xef][0xbf][0xbd]Vf[0x10]Rr[0xef][0xbf][0xbd]@v[0xef][0xbf][0xbd][0xef][0xbf][0xbd]AT:[0x1e]j[0xef][0xbf][0xbd]d:[0xef][0xbf][0xbd]*[0xef][0xbf][0xbd][0xef][0xbf][0xbd][0xda][0xb0][0xef][0xbf][0xbd][0x18]Y[0xc7][0x96][0x2]X[\n]"
07:56:30.713 [main] DEBUG org.apache.http.wire -  >> "p[0xef][0xbf][0xbd]=8[0xef][0xbf][0xbd][0xef][0xbf][0xbd][0xef][0xbf][0xbd][0xc8][0x90][0x8][0xef][0xbf][0xbd]o[0xef][0xbf][0xbd]VZ[0xef][0xbf][0xbd]J[0xef][0xbf][0xbd][0xef][0xbf][0xbd]'[0x19][0xef][0xbf][0xbd],[0xef][0xbf][0xbd]`BD[0xef][0xbf][0xbd][0x1d][0xef][0xbf][0xbd][0xef][0xbf][0xbd]f[0xef][0xbf][0xbd][0xf][0xef][0xbf][0xbd][0xef][0xbf][0xbd][0xef][0xbf][0xbd]31[0xef][0xbf][0xbd]/[0xef][0xbf][0xbd][0xef][0xbf][0xbd]l$[0xef][0xbf][0xbd][0x4][0xdd][0xa5][0xef][0xbf][0xbd][0xef][0xbf][0xbd][0xef][0xbf][0xbd]8[0xef][0xbf][0xbd][0x2][0xef][0xbf][0xbd]E[0xef][0xbf][0xbd][0x16]-z[0x7][0xef][0xbf][0xbd][0xca][0x9f][0xef][0xbf][0xbd][0xef][0xbf][0xbd]_[0xef][0xbf][0xbd][0xef][0xbf][0xbd]3o]?~![0xef][0xbf][0xbd][0xef][0xbf][0xbd][0x1c][0xef][0xbf][0xbd][0xef][0xbf][0xbd]qJ[0xd6][0x9b][0xef][0xbf][0xbd][0xef][0xbf][0xbd]0Qn[0xef][0xbf][0xbd][0xef][0xbf][0xbd][0xef][0xbf][0xbd][0x1a]W[0xef][0xbf][0xbd][0xef][0xbf][0xbd][0xef][0xbf][0xbd][0xef][0xbf][0xbd]y[0x1e]&[0xef][0xbf][0xbd][0xef][0xbf][0xbd][0xef][0xbf][0xbd][0xef][0xbf][0xbd][0x0]N[0xef][0xbf][0xbd] [0xef][0xbf][0xbd][0xef][0xbf][0xbd][0xef][0xbf][0xbd]*AO[0xef][0xbf][0xbd][0xc9][0x91]!)a[0xef][0xbf][0xbd]J[0xef][0xbf][0xbd][0xef][0xbf][0xbd][0x13]@[0xef][0xbf][0xbd][0x6]O[0xef][0xbf][0xbd]"[0xef][0xbf][0xbd][0xef][0xbf][0xbd]H[0xef][0xbf][0xbd][0xef][0xbf][0xbd]3[0xef][0xbf][0xbd][0xef][0xbf][0xbd]DY[0x4][0xef][0xbf][0xbd][0xef][0xbf][0xbd][0xef][0xbf][0xbd][0x19][0xef][0xbf][0xbd][0xef][0xbf][0xbd][0xef][0xbf][0xbd][0xef][0xbf][0xbd]i[0xef][0xbf][0xbd]"[0xef][0xbf][0xbd][0xef][0xbf][0xbd][0x10][0xef][0xbf][0xbd]B[0x11][0xef][0xbf][0xbd][0xef][0xbf][0xbd][0xef][0xbf][0xbd]\[0x13]`X[0xef][0xbf][0xbd][0xef][0xbf][0xbd][0xef][0xbf][0xbd][0xef][0xbf][0xbd]3[0xef][0xbf][0xbd][0x18]_[0xef][0xbf][0xbd][0xef][0xbf][0xbd][0xef][0xbf][0xbd]9[0xef][0xbf][0xbd]c[0xef][0xbf][0xbd][0x16][0x17]-Z[0xef][0xbf][0xbd][0xef][0xbf][0xbd]D_[0xef][0xbf][0xbd]W[0xef][0xbf][0xbd][0xef][0xbf][0xbd][0xef][0xbf][0xbd][0xd9][0xb3]o\[0xef][0xbf][0xbd][0xef][0xbf][0xbd]W[0xef][0xbf][0xbd][0x1e][0xef][0xbf][0xbd][0xef][0xbf][0xbd][0xef][0xbf][0xbd][0xef][0xbf][0xbd][0xef][0xbf][0xbd][0xef][0xbf][0xbd][0x18][0xef][0xbf][0xbd][\n]"
07:56:30.714 [main] DEBUG org.apache.http.wire -  >> "[0xe]w[0xef][0xbf][0xbd][0x19][0x13][0xef][0xbf][0xbd][0xef][0xbf][0xbd][0xef][0xbf][0xbd]C[0xef][0xbf][0xbd][0xef][0xbf][0xbd]{[0xef][0xbf][0xbd][0x1]~[0xdb][0x96][0xf]0u[0xef][0xbf][0xbd][0xef][0xbf][0xbd][0xef][0xbf][0xbd]kU[0xef][0xbf][0xbd][0xef][0xbf][0xbd]@_[0xef][0xbf][0xbd][0xef][0xbf][0xbd][0x19][0xdc][0x80][0xe][0xef][0xbf][0xbd]0[0xeb][0x86][0x81]3-[0xef][0xbf][0xbd][0xef][0xbf][0xbd]1[0xef][0xbf][0xbd]1[0xef][0xbf][0xbd][0xef][0xbf][0xbd]|[0xef][0xbf][0xbd]1];[0xef][0xbf][0xbd][0xef][0xbf][0xbd]x[0x11][0xef][0xbf][0xbd][0xef][0xbf][0xbd][0x7][0xe]s[0xef][0xbf][0xbd][0xef][0xbf][0xbd][0xef][0xbf][0xbd][0x1c][0xef][0xbf][0xbd][0xef][0xbf][0xbd][0xef][0xbf][0xbd]:[0xdc][0x86]u[0xd9][0xb1]3[0xef][0xbf][0xbd]d[0xef][0xbf][0xbd][0xef][0xbf][0xbd]z[0xef][0xbf][0xbd]F[0xef][0xbf][0xbd]i[0x1f][0x0][0xef][0xbf][0xbd][0xef][0xbf][0xbd][0xef][0xbf][0xbd][0xef][0xbf][0xbd][0xef][0xbf][0xbd]4[0xef][0xbf][0xbd][0xef][0xbf][0xbd][0xdf][0xb6];hYd[0xef][0xbf][0xbd][0x16]-Z$[0xef][0xbf][0xbd][0xef][0xbf][0xbd]?[0xef][0xbf][0xbd][0x1f][0xef][0xbf][0xbd]z[0x5][0xef][0xbf][0xbd]:[0xef][0xbf][0xbd]2[0xef][0xbf][0xbd][0x4][0xef][0xbf][0xbd][\r][0x0]8[0xef][0xbf][0xbd]*[0xef][0xbf][0xbd][0xef][0xbf][0xbd]-[0x6][0xef][0xbf][0xbd]^[0xef][0xbf][0xbd]l[0xef][0xbf][0xbd][0xef][0xbf][0xbd]_[0xef][0xbf][0xbd]/f[0xef][0xbf][0xbd]w[0xef][0xbf][0xbd][0x12]#P[0xef][0xbf][0xbd][0xef][0xbf][0xbd][0xef][0xbf][0xbd]SI[0x19][0x12][0xef][0xbf][0xbd][0xef][0xbf][0xbd][0xef][0xbf][0xbd]T[0xef][0xbf][0xbd]K[c[0xef][0xbf][0xbd]_>w\t$]X[0xef][0xbf][0xbd][0x10][0xef][0xbf][0xbd][0xc6][0x8e][0xef][0xbf][0xbd]U(o[0xef][0xbf][0xbd][0xef][0xbf][0xbd]ld[0x1e][0xef][0xbf][0xbd];[0xef][0xbf][0xbd][0x1c][0x11],[0xef][0xbf][0xbd]X[0xef][0xbf][0xbd][0xef][0xbf][0xbd][0xef][0xbf][0xbd].}b[0xef][0xbf][0xbd]$[0xef][0xbf][0xbd][0xef][0xbf][0xbd]&[0xef][0xbf][0xbd][0x4][0xef][0xbf][0xbd][0x16][0xef][0xbf][0xbd]D[0xc2][0x9f][0xef][0xbf][0xbd]+[0x3][0xef][0xbf][0xbd]=[0xef][0xbf][0xbd]w[0xef][0xbf][0xbd]e[0xef][0xbf][0xbd]-Z[0xef][0xbf][0xbd]h[0xef][0xbf][0xbd][0xef][0xbf][0xbd][\n]"
07:56:30.714 [main] DEBUG org.apache.http.wire -  >> "{[0xee][0x8d][0xab][0xef][0xbf][0xbd][0xef][0xbf][0xbd][\r][0xef][0xbf][0xbd][0xef][0xbf][0xbd][[0xc9][0xbb][0xef][0xbf][0xbd]:[0xef][0xbf][0xbd][0x1]R}[0xef][0xbf][0xbd][0xef][0xbf][0xbd][0xef][0xbf][0xbd][0xef][0xbf][0xbd]_.eY[0xc5][0xb0]/*[0x15][0x1e][0xef][0xbf][0xbd][0xef][0xbf][0xbd][0xef][0xbf][0xbd]B[0x2][0xc4][0xa2][0x18][0x15]:Q[0xc5][0xb1][0xef][0xbf][0xbd]M[0xef][0xbf][0xbd]a[0xce][0x85][0xef][0xbf][0xbd][0xef][0xbf][0xbd][0xef][0xbf][0xbd]6[0x1f][0xef][0xbf][0xbd]p[0x14]p[0xef][0xbf][0xbd][0xef][0xbf][0xbd]z[0xef][0xbf][0xbd]XZT[0xef][0xbf][0xbd][0xef][0xbf][0xbd][0xef][0xbf][0xbd][0x0][0xc][0xc4][0xae]*;[0x10]m4[0xee][0x89][0xbb]>[0xef][0xbf][0xbd][0xef][0xbf][0xbd][0xef][0xbf][0xbd][0xef][0xbf][0xbd][0x14][0xef][0xbf][0xbd]L[0xef][0xbf][0xbd]p[0xef][0xbf][0xbd][0xef][0xbf][0xbd][m=([0xef][0xbf][0xbd][0xef][0xbf][0xbd]D-[0xef][0xbf][0xbd][0xef][0xbf][0xbd][_[0xef][0xbf][0xbd][0xef][0xbf][0xbd][0xcf][0x98][0xef][0xbf][0xbd][0xef][0xbf][0xbd][0xef][0xbf][0xbd][0xef][0xbf][0xbd][0xef][0xbf][0xbd]D[0xc]&y[0xef][0xbf][0xbd][0xef][0xbf][0xbd]{[0xef][0xbf][0xbd][0xde][0x81][0xef][0xbf][0xbd][0x16]-Z[0xef][0xbf][0xbd][0xef][0xbf][0xbd][0x13]L{F[0xef][0xbf][0xbd]g[0xef][0xbf][0xbd]{[0xef][0xbf][0xbd][0xef][0xbf][0xbd]U`[0xef][0xbf][0xbd][0xef][0xbf][0xbd][0xd8][0x98][0xef][0xbf][0xbd]][0xcb][0x94][0xef][0xbf][0xbd][0xef][0xbf][0xbd][0x9]y[0x1][0xb][0xc5][0x99]n[0xf][0xef][0xbf][0xbd]3[0x4]5[0x1]b[0xef][0xbf][0xbd][0xef][0xbf][0xbd][0xef][0xbf][0xbd]c[0xef][0xbf][0xbd]E[0xb]'[0xef][0xbf][0xbd]H[0xef][0xbf][0xbd][0xef][0xbf][0xbd][0xef][0xbf][0xbd]*<[0xef][0xbf][0xbd][0xef][0xbf][0xbd]2[0xef][0xbf][0xbd]D[0x1][0x2][0xef][0xbf][0xbd][0x2][0xcf][0xae][0xce][0xae][0xef][0xbf][0xbd]p[0xef][0xbf][0xbd][0xef][0xbf][0xbd]Vx[0x1c][0xef][0xbf][0xbd]a[0xef][0xbf][0xbd]l[0xef][0xbf][0xbd];[0xef][0xbf][0xbd][0xef][0xbf][0xbd]>Xvn[0xef][0xbf][0xbd][0xef][0xbf][0xbd]h[0x0]f[0xef][0xbf][0xbd][0xef][0xbf][0xbd][0xef][0xbf][0xbd][0xef][0xbf][0xbd][0xef][0xbf][0xbd][0xcd][0xa6][0x3][0xef][0xbf][0xbd][0xef][0xbf][0xbd][0xef][0xbf][0xbd][0xef][0xbf][0xbd][0xef][0xbf][0xbd]N[0x1c][0xef][0xbf][0xbd]~9[0xef][0xbf][0xbd][0xef][0xbf][0xbd][0xf][0xef][0xbf][0xbd][0xef][0xbf][0xbd][0xef][0xbf][0xbd][0xef][0xbf][0xbd]=[0xef][0xbf][0xbd][0xef][0xbf][0xbd][0xef][0xbf][0xbd]u\[0xef][0xbf][0xbd]r-.Z[0xef][0xbf][0xbd][0xef][0xbf][0xbd][0x13]K[0xc7][0xbe][0xef][0xbf][0xbd][0xe7][0x9e][0xbb][0xef][0xbf][0xbd][0x11][0xef][0xbf][0xbd]5y!$[0xef][0xbf][0xbd][0x16] TG[0xef][0xbf][0xbd]Ff[0xef][0xbf][0xbd]y[0xef][0xbf][0xbd]{[0xef][0xbf][0xbd][0xef][0xbf][0xbd]v[0xef][0xbf][0xbd]"[0x1]"[0x10][0xef][0xbf][0xbd]i1[0xef][0xbf][0xbd][0x1c][0xef][0xbf][0xbd]0n[0xef][0xbf][0xbd]>[0xef][0xbf][0xbd][0xef][0xbf][0xbd]{[0xef][0xbf][0xbd]v[0xef][0xbf][0xbd]~[0xd3][0x86][0xef][0xbf][0xbd][0xef][0xbf][0xbd]N[0xef][0xbf][0xbd][0x8][0x2][0xef][0xbf][0xbd][0xef][0xbf][0xbd]~[0x5][0x18][0xef][0xbf][0xbd]xV[0xef][0xbf][0xbd][0xef][0xbf][0xbd]z[0xef][0xbf][0xbd][0xef][0xbf][0xbd]6[0xef][0xbf][0xbd][0xef][0xbf][0xbd][0xef][0xbf][0xbd][0xec][0xb0][0x8b][0xef][0xbf][0xbd][0xef][0xbf][0xbd][0xef][0xbf][0xbd][0xef][0xbf][0xbd][0xef][0xbf][0xbd][0xef][0xbf][0xbd][0xf]ZM[0xef][0xbf][0xbd][0xe4][0x8c][0xb9]o,[0xef][0xbf][0xbd]\[0xef][0xbf][0xbd][0x15][0xef][0xbf][0xbd]b[0xef][0xbf][0xbd][0xef][0xbf][0xbd][0xd4][0xa2][0xef][0xbf][0xbd]B[0xef][0xbf][0xbd]r_[0x7][0x7][0xef][0xbf][0xbd][0xef][0xbf][0xbd][0x1c][0x1e][0xef][0xbf][0xbd]X[0xef][0xbf][0xbd][0xef][0xbf][0xbd][0xef][0xbf][0xbd][0xef][0xbf][0xbd][0xef][0xbf][0xbd][0xe1][0xb8][0xaa][0xef][0xbf][0xbd]Z\[0xef][0xbf][0xbd]h[0xef][0xbf][0xbd]'[0xef][0xbf][0xbd][0xef][0xbf][0xbd]}a[0xef][0xbf][0xbd]}[0xef][0xbf][0xbd][0xd5][0xab][0xef][0xbf][0xbd][0xef][0xbf][0xbd][0x13]#[0x10]o[0xef][0xbf][0xbd][0xef][0xbf][0xbd]U[0xef][0xbf][0xbd][0xef][0xbf][0xbd][0xef][0xbf][0xbd][0xef][0xbf][0xbd][0x15];d[0xef][0xbf][0xbd][0xef][0xbf][0xbd]$[0xef][0xbf][0xbd][0xef][0xbf][0xbd][0x0]S[0xef][0xbf][0xbd][0xef][0xbf][0xbd].t[0x1f][0xef][0xbf][0xbd][0xef][0xbf][0xbd][0xef][0xbf][0xbd]Df![0x1e][0xef][0xbf][0xbd][0xef][0xbf][0xbd][0x18][0xef][0xbf][0xbd]K"[0xef][0xbf][0xbd][0xef][0xbf][0xbd][0x9][0x1f][0xef][0xbf][0xbd][0xef][0xbf][0xbd]o[0xdc][0x93]f[0xef][0xbf][0xbd]d[0xef][0xbf][0xbd][0xef][0xbf][0xbd]ql[0xef][0xbf][0xbd][0xef][0xbf][0xbd][0xef][0xbf][0xbd]i[0xef][0xbf][0xbd][0xe1][0x82][0xb8]4+C[0xef][0xbf][0xbd][0xef][0xbf][0xbd],[0xef][0xbf][0xbd]5[0xef][0xbf][0xbd][0xef][0xbf][0xbd]h[0xef][0xbf][0xbd][0xef][0xbf][0xbd]@[0xef][0xbf][0xbd][0xc3][0x97][0xef][0xbf][0xbd][0xef][0xbf][0xbd],n[0xef][0xbf][0xbd][0x10][0xef][0xbf][0xbd][0xef][0xbf][0xbd]-[0xef][0xbf][0xbd][0x4][0x14][0xef][0xbf][0xbd][0xef][0xbf][0xbd]amM[0xef][0xbf][0xbd][0xef][0xbf][0xbd][0xef][0xbf][0xbd][0xef][0xbf][0xbd]V[0xef][0xbf][0xbd][0xd9][0xbd]'[0xef][0xbf][0xbd][0xef][0xbf][0xbd]L[0xef][0xbf][0xbd]X[0x16][0xd9][0xa2]E[0xef][0xbf][0xbd]>Q[0xef][0xbf][0xbd][0xef][0xbf][0xbd]_[0xef][0xbf][0xbd][0xef][0xbf][0xbd]^[0xef][0xbf][0xbd][0xcc][0xa7][0xef][0xbf][0xbd][0xef][0xbf][0xbd][0xef][0xbf][0xbd]U<>[0xef][0xbf][0xbd][0xef][0xbf][0xbd][0xef][0xbf][0xbd][0xef][0xbf][0xbd]o[0xef][0xbf][0xbd]r[0xef][0xbf][0xbd][0xef][0xbf][0xbd]K[0xef][0xbf][0xbd]7.[0xef][0xbf][0xbd][0xef][0xbf][0xbd]$oX[0xef][0xbf][0xbd]XI[0x18][0xef][0xbf][0xbd][0x0]RVQ[0x17]d.[0x7]f(M[0x10]3[0xef][0xbf][0xbd][0xef][0xbf][0xbd]x[0xef][0xbf][0xbd][0x7][0xef][0xbf][0xbd][0xef][0xbf][0xbd][[0xef][0xbf][0xbd][0xef][0xbf][0xbd][0xef][0xbf][0xbd]xOX[0xef][0xbf][0xbd]H[0x1b]yJHe[0xef][0xbf][0xbd][0x4][0xef][0xbf][0xbd] 8[\n]"
07:56:30.715 [main] DEBUG org.apache.http.wire -  >> "[0xef][0xbf][0xbd]z[0x1e][0xef][0xbf][0xbd]/[0xef][0xbf][0xbd][0xef][0xbf][0xbd]\[0xef][0xbf][0xbd]"[0xef][0xbf][0xbd][0xcb][0x8d][0xef][0xbf][0xbd]i[0xef][0xbf][0xbd][0xd2][0x92]s[0xef][0xbf][0xbd][0xe9][0x9b][0x99]dl[0xef][0xbf][0xbd][0x17][0xef][0xbf][0xbd]}[0xef][0xbf][0xbd][0xef][0xbf][0xbd][0xef][0xbf][0xbd]`_[0x3][0xef][0xbf][0xbd]w[0xef][0xbf][0xbd][0xef][0xbf][0xbd][0xef][0xbf][0xbd][0xef][0xbf][0xbd]A[0xef][0xbf][0xbd]"[[0xef][0xbf][0xbd]h[0xef][0xbf][0xbd]'[0xef][0xbf][0xbd][0xef][0xbf][0xbd]X[0xd8][0xa7][0xef][0xbf][0xbd]{[0xef][0xbf][0xbd]*[0x19]_[0xef][0xbf][0xbd][0xef][0xbf][0xbd]T[0xef][0xbf][0xbd].o7[0xef][0xbf][0xbd][0xef][0xbf][0xbd]R[0xef][0xbf][0xbd]6[0xef][0xbf][0xbd][0xc5][0xb8]S[0xef][0xbf][0xbd][0xef][0xbf][0xbd];[0x10][0x1f]kw`[0xef][0xbf][0xbd]Ww8[0xef][0xbf][0xbd]W[0xef][0xbf][0xbd] [0x1b][0xef][0xbf][0xbd]"[0xef][0xbf][0xbd][0xd5][0x96]I[\r][0xef][0xbf][0xbd]{%[0x11][0x3][0xef][0xbf][0xbd][0xef][0xbf][0xbd][0x1d][0xef][0xbf][0xbd][0xef][0xbf][0xbd][0xef][0xbf][0xbd]l,[0xb][0xef][0xbf][0xbd][0xef][0xbf][0xbd]][0xef][0xbf][0xbd]_\R[0xef][0xbf][0xbd][0xef][0xbf][0xbd][0xef][0xbf][0xbd]B[0x3]&[0xef][0xbf][0xbd][0x18][0xef][0xbf][0xbd][0xef][0xbf][0xbd]E[0xef][0xbf][0xbd][0xef][0xbf][0xbd][0xef][0xbf][0xbd][0xef][0xbf][0xbd]U[0x9]|[0xef][0xbf][0xbd]}f4Y[0xef][0xbf][0xbd]f=[0xef][0xbf][0xbd][0xef][0xbf][0xbd][0xef][0xbf][0xbd][0x2][0xef][0xbf][0xbd]+[0xef][0xbf][0xbd][0x5][0xef][0xbf][0xbd][0xef][0xbf][0xbd]`[0xd3][0xb4]I[0xef][0xbf][0xbd]~g[0xef][0xbf][0xbd][0x1c][0x1b][0xef][0xbf][0xbd]a_[0xef][0xbf][0xbd]_^[0xef][0xbf][0xbd];hYd[0xef][0xbf][0xbd][0x16]-[0xef][0xbf][0xbd][0xef][0xbf][0xbd][0xd3][0x97][0xef][0xbf][0xbd][0xef][0xbf][0xbd][0xef][0xbf][0xbd][0xef][0xbf][0xbd][0xef][0xbf][0xbd][0xef][0xbf][0xbd][0xef][0xbf][0xbd][0xef][0xbf][0xbd]s[0x15][0xef][0xbf][0xbd]/[0xef][0xbf][0xbd]%[0xef][0xbf][0xbd]/E[0xef][0xbf][0xbd][0xef][0xbf][0xbd][0xca][0xa3]V[0xef][0xbf][0xbd];-[0xef][0xbf][0xbd][0xef][0xbf][0xbd]&[0xef][0xbf][0xbd][0xd6][0xa2][0x1b][0xef][0xbf][0xbd]"[0xef][0xbf][0xbd][0xef][0xbf][0xbd]ZJ?[0xca][0xbf][0xef][0xbf][0xbd]M[0xef][0xbf][0xbd][0xef][0xbf][0xbd][0xef][0xbf][0xbd]<[\n]"
07:56:30.715 [main] DEBUG org.apache.http.wire -  >> "[0xef][0xbf][0xbd][0x3][0x7]U[0xef][0xbf][0xbd][0xef][0xbf][0xbd][0xef][0xbf][0xbd]V[0xef][0xbf][0xbd][0xef][0xbf][0xbd][0xef][0xbf][0xbd][0xef][0xbf][0xbd][0xc]3[0xef][0xbf][0xbd][0xef][0xbf][0xbd][0xef][0xbf][0xbd][0xef][0xbf][0xbd]+[0xef][0xbf][0xbd][0xef][0xbf][0xbd][0xef][0xbf][0xbd]\[0xef][0xbf][0xbd]K[0xef][0xad][0x98][0x16][0x1]*[0xef][0xbf][0xbd]/[0xef][0xbf][0xbd],;&[0xd8][0xa8][0xef][0xbf][0xbd][0xef][0xbf][0xbd][0xef][0xbf][0xbd][0xef][0xbf][0xbd][0xef][0xbf][0xbd][0xef][0xbf][0xbd][0xef][0xbf][0xbd]C[0x18][0xef][0xbf][0xbd]I[0x1c]j][0xef][0xbf][0xbd][0xef][0xbf][0xbd]Z/[0xd6][0x8c][0xef][0xbf][0xbd]3L[0xef][0xbf][0xbd]x/[0x1b][0xef][0xbf][0xbd]a[0xef][0xbf][0xbd][0xc7][0xac][\r]8[0xef][0xbf][0xbd]_[0xef][0xbf][0xbd][0xef][0xbf][0xbd][0xef][0xbf][0xbd][0xd7][0xb9][0xef][0xbf][0xbd][0xef][0xbf][0xbd]"[[0xef][0xbf][0xbd]h[0xef][0xbf][0xbd][0xc7][0x96][0x1e][0xef][0xbf][0xbd][0xef][0xbf][0xbd]o<p[0xef][0xbf][0xbd][0xef][0xbf][0xbd][0x1b][0xef][0xbf][0xbd][0xef][0xbf][0xbd]I[0xef][0xbf][0xbd][0xef][0xbf][0xbd]c[0xef][0xbf][0xbd][0xc2][0x98][0xef][0xbf][0xbd][0x7]{[0x5]Yu[0x1a][0xef][0xbf][0xbd]1[0xef][0xbf][0xbd][0x3]|np[0xef][0xbf][0xbd][0xe5][0xaf][0x8e][0xef][0xbf][0xbd][0x6][0xc5][0xaf][0xef][0xbf][0xbd][0xef][0xbf][0xbd]K[0xef][0xbf][0xbd][0xef][0xbf][0xbd]$[0xc9][0x80]L[0xef][0xbf][0xbd][0xef][0xbf][0xbd]q[0x1d][0xef][0xbf][0xbd]}[0xef][0xbf][0xbd][0xef][0xbf][0xbd][0xef][0xbf][0xbd][0xef][0xbf][0xbd]y[0x10][0xef][0xbf][0xbd][0xef][0xbf][0xbd][0xef][0xbf][0xbd][0xef][0xbf][0xbd]M[0x1c]#[0xef][0xbf][0xbd][0xef][0xbf][0xbd][0xe4][0xa7][0x8d][0xd7][0xa1][0xe][0xd2][0x80]a[0x6]O)[0xef][0xbf][0xbd]J[0xef][0xbf][0xbd]I[0xef][0xbf][0xbd][0xef][0xbf][0xbd])#[0xef][0xbf][0xbd]G[0xef][0xbf][0xbd]4[0xef][0xbf][0xbd][0xef][0xbf][0xbd]Z+[0xef][0xbf][0xbd][0xef][0xbf][0xbd][0xef][0xbf][0xbd]r[0xef][0xbf][0xbd]b[0xef][0xbf][0xbd][0xef][0xbf][0xbd][0xef][0xbf][0xbd][0xef][0xbf][0xbd][0xef][0xbf][0xbd]k[0xef][0xbf][0xbd][0xef][0xbf][0xbd][0xef][0xbf][0xbd]qz[0xef][0xbf][0xbd]g1[0xef][0xbf][0xbd][0xef][0xbf][0xbd][0xef][0xbf][0xbd][0xef][0xbf][0xbd][0xef][0xbf][0xbd]l[0xef][0xbf][0xbd][0xef][0xbf][0xbd][0xef][0xbf][0xbd]7[0xef][0xbf][0xbd][\r][0xb][0xef][0xbf][0xbd][0x16]-Z[0xef][0xbf][0xbd][0xef][0xbf][0xbd][0xef][0xbf][0xbd]t#~[0xef][0xbf][0xbd][0xef][0xbf][0xbd]_[0xef][0xbf][0xbd]m[0xef][0xbf][0xbd][0xcf][0xa7]+[0xef][0xbf][0xbd][0x1c][0xef][0xbf][0xbd]2Y[0xef][0xbf][0xbd]}[0xef][0xbf][0xbd][0x12]KI~[0xd7][0xb3]E[0x14][0xef][0xbf][0xbd][0x15]8[0xef][0xbf][0xbd][0xef][0xbf][0xbd]Sdg[0xef][0xbf]"
07:56:30.716 [main] DEBUG org.apache.http.wire -  >> "[0xbd]^[0x1f][0xef][0xbf][0xbd][0xef][0xbf][0xbd]Gj[0xef][0xbf][0xbd]W[0xef][0xbf][0xbd][0xef][0xbf][0xbd][0xef][0xbf][0xbd][0x1][0xef][0xbf][0xbd][\n]"
07:56:30.716 [main] DEBUG org.apache.http.wire -  >> "Z*K[0xef][0xbf][0xbd]y[0xef][0xbf][0xbd][0xef][0xbf][0xbd]FP[0xef][0xbf][0xbd]v6[0xef][0xbf][0xbd]Xe!Z[0x1f][0xef][0xbf][0xbd][0xb][0xef][0xbf][0xbd][0xef][0xbf][0xbd]v5[0x1e]v[0xef][0xbf][0xbd][0xef][0xbf][0xbd]([0xc][0xf][0xef][0xbf][0xbd][0xef][0xbf][0xbd][0xef][0xbf][0xbd]}h[0xc7][0x8f]][0x3][0xef][0xbf][0xbd]#4~Z[0xef][0xbf][0xbd][0xef][0xbf][0xbd][0xef][0xbf][0xbd][0xef][0xbf][0xbd][0xef][0x97][0x8b][0xef][0xbf][0xbd][0x4]+P2[0xef][0xbf][0xbd]"i]!s?[0xef][0xbf][0xbd][0xef][0xbf][0xbd]J[0xef][0xbf][0xbd][0xef][0xbf][0xbd]&[0xef][0xbf][0xbd][0xca][0x8b][0xf][0xef][0xbf][0xbd]ys-x[0xef][0xbf][0xbd]I;[0xef][0xbf][0xbd][0x2][0xef][0xbf][0xbd]E[0xef][0xbf][0xbd][0x16]}[0xef][0xbf][0xbd][0xef][0xbf][0xbd][0xef][0xbf][0xbd][0xef][0xbf][0xbd][0x1f][0xef][0xbf][0xbd]p[0x15][0xef][0xbf][0xbd]o^E[0xef][0xbf][0xbd][0x17][0xef][0xbf][0xbd]=[0xef][0xbf][0xbd]^[0xef][0xbf][0xbd][0xef][0xbf][0xbd]y[0xef][0xbf][0xbd]-S[0xdf][0xbd][0xef][0xbf][0xbd][0xef][0xbf][0xbd]t[0xef][0xbf][0xbd]u[0xef][0xbf][0xbd]y[0xef][0xbf][0xbd][0xef][0xbf][0xbd][0x10][0xef][0xbf][0xbd]1[0xef][0xbf][0xbd][0x6]G[0xef][0xbf][0xbd]&[0xef][0xbf][0xbd][0xef][0xbf][0xbd][0xef][0xbf][0xbd]U[0x6][0x13][0xef][0xbf][0xbd][0xef][0xbf][0xbd]![0xef][0xbf][0xbd]M[0xef][0xbf][0xbd]y[0xef][0xbf][0xbd][0xef][0xbf][0xbd][0xef][0xbf][0xbd][0xef][0xbf][0xbd]U tU[0xef][0xbf][0xbd][0xef][0xbf][0xbd][0x3]9K[0xef][0xbf][0xbd][0xef][0xbf][0xbd][\n]"
07:56:30.716 [main] DEBUG org.apache.http.wire -  >> "v[0xef][0xbf][0xbd][0x1d][0xdb][0x9a][0x1d][[0xef][0xbf][0xbd][0xef][0xbf][0xbd][0xef][0xbf][0xbd]}[0xef][0xbf][0xbd]I[0x18][0xef][0xbf][0xbd][0xef][0xbf][0xbd]M[0xef][0xbf][0xbd][0xef][0xbf][0xbd][0xef][0xbf][0xbd][0xef][0xbf][0xbd]1[0xef][0xbf][0xbd]&8bc_[0x19][0xef][0xbf][0xbd][0xef][0xbf][0xbd]2[0xd0][0xb8][0x11][0x1a][0xef][0xbf][0xbd]g[0xef][0xbf][0xbd][0xef][0xbf][0xbd][0x19]<[0xd5][0x9e][0xef][0xbf][0xbd]1[0xef][0xbf][0xbd]U[0xef][0xbf][0xbd][0x17][0xef][0xbf][0xbd][\r][0xef][0xbf][0xbd][0xef][0xbf][0xbd][0xef][0xbf][0xbd].[0xef][0xbf][0xbd]`[0xef][0xbf][0xbd][0xef][0xbf][0xbd][0xef][0xbf][0xbd]q[0xef][0xbf][0xbd]&[0x5][0x1][0xd9][0xa2]E[0xef][0xbf][0xbd]>[0x16][0xef][0xbf][0xbd][0xef][0xbf][0xbd]_[0xef][0xbf][0xbd];[0xf][0xef][0xbf][0xbd][0xef][0xbf][0xbd][0xef][0xbf][0xbd][0xef][0xbf][0xbd][0xef][0xbf][0xbd][0xef][0xbf][0xbd]b"[0xef][0xbf][0xbd]FA[0xef][0xbf][0xbd][0xef][0xbf][0xbd][0x1a]`[0xef][0xbf][0xbd]+[0xef][0xbf][0xbd][0xef][0xbf][0xbd]*[0x8][0xef][0xbf][0xbd]"[0xef][0xbf][0xbd]#[0xef][0xbf][0xbd]~?[0x17]#[0xef][0xbf][0xbd]B[0xd7][0xac]M[0xef][0xbf][0xbd][0xef][0xbf][0xbd]&[0x0][0xef][0xbf][0xbd]0[0xef][0xbf][0xbd][0xef][0xbf][0xbd]7[0xef][0xbf][0xbd][0xef][0xbf][0xbd][0x13][0xef][0xbf][0xbd]OY[0x1f]u[0xef][0xbf][0xbd]ceQ[0x4][0xef][0xbf][0xbd]=[0xef][0xbf][0xbd]f[0x15][0xef][0xbf][0xbd]d[0x8][0xef][0xbf][0xbd][0x3]l57V[0xef][0xbf][0xbd]d[0xef][0xbf][0xbd][0xef][0xbf][0xbd][0xef][0xbf][0xbd]~[0xef][0xbf][0xbd][0xc][0xef][0xbf][0xbd]1[0x2];[0xf][0xef][0xbf][0xbd]z[0xef][0xbf][0xbd]o[0xef][0xbf][0xbd]h[0xef][0xbf][0xbd][0xb]M[0xef][0xbf][0xbd][0x19][0xef][0xbf][0xbd][0xc]9[0xef][0xbf][0xbd]J[0xef][0xbf][0xbd][[0xef][0xbf][0xbd]q[0xef][0xbf][0xbd]-[0xef][0xbf][0xbd][0x19]'[0xef][0xbf][0xbd]8[0x1b][0xdd][0x98]x[0xef][0xbf][0xbd][0xef][0xbf][0xbd][0xef][0xbf][0xbd]=[0x1e]G[0xef][0xbf][0xbd]7@[0xef][0xbf][0xbd][0xef][0xbf][0xbd]=[0x16]-Z[0xef][0xbf][0xbd][0xef][0xbf][0xbd][0xef][0xbf][0xbd]/[0xef][0xbf][0xbd][0xef][0xbf][0xbd][0xef][0xbf][0xbd][0xef][0xbf][0xbd]{[0xef][0xbf][0xbd][0xef][0xbf][0xbd][0xef][0xbf][0xbd][0x2][0xef][0xbf][0xbd]ki [0xef][0xbf][0xbd]r[0xef][0xbf][0xbd][0x12][0x1d]g[0xef][0xbf][0xbd]c[0xef][0xbf][0xbd][0xef][0xbf][0xbd]8q[0xdd][0xac][0x12]<[0xda][0x9d][0xef][0xbf][0xbd][0xef][0xbf][0xbd]3][0xef][0xbf][0xbd]xd[0xef][0xbf][0xbd][0xef][0xbf][0xbd]OA[0xc][0xef][0xbf][0xbd]mu[0xef][0xbf][0xbd][0xef][0xbf][0xbd]d[0xef][0xbf][0xbd]W[0xef][0xbf][0xbd][0xef][0xbf][0xbd]^[0x1c][0xef][0xbf][0xbd][0xef][0xbf][0xbd][0xef][0xbf][0xbd][0xef][0xbf][0xbd].[0xef][0xbf][0xbd]|[0xef][0xbf][0xbd][0xef][0xbf][0xbd][0x17][0x1a][0x1b]6N[0x14])[0xef][0xbf][0xbd]Q[0xef][0xbf][0xbd][0xef][0xbf][0xbd][0xef][0xbf][0xbd][0xef][0xbf][0xbd][0xef][0xbf][0xbd]C[0xef][0xbf][0xbd]g[0xef][0xbf][0xbd]1e[0xef][0xbf][0xbd][0xef][0xbf][0xbd][0x9]Y[0xef][0xbf][0xbd][0xef][0xbf][0xbd][0xef][0xbf][0xbd]b[0xef][0xbf][0xbd][0xef][0xbf][0xbd]v[0xef][0xbf][0xbd]o[0xef][0xbf][0xbd]<Jf[0x1b]Q[0xef][0xbf][0xbd][0xef][0xbf][0xbd][0xef][0xbf][0xbd]]qj[0xe]\[0xef][0xbf][0xbd][0x11][0xef][0xbf][0xbd]#[0x1f][0xef][0xbf][0xbd][0xef][0xbf][0xbd][0x9]t[0xef][0xbf][0xbd][0xef][0xbf][0xbd][0xef][0xbf][0xbd][0x1a][0xef][0xbf][0xbd][0xef][0xbf][0xbd][0xef][0xbf][0xbd][0xef][0xbf][0xbd]e[0xef][0xbf][0xbd]-Z[0xef][0xbf][0xbd][0xef][0xbf][0xbd]#K[0xf][0xef][0xbf][0xbd][0xef][0xbf][0xbd][0xef][0xbf][0xbd][0xef][0xbf][0xbd][0xef][0xbf][0xbd][0xc5][0xb7]7[0xef][0xbf][0xbd][0x1f][0x1f][0xef][0xbf][0xbd]~#[0x15][0xef][0xbf][0xbd]%Wcf$[0xc2][0xb8][0x19]q/[0xd9][0x84]k[0xef][0xbf][0xbd]M[0xef][0xbf][0xbd][0x18][0xef][0xbf][0xbd]Ul[0x7][0xef][0xbf][0xbd]>[0xef][0xbf][0xbd]v[0xef][0xbf][0xbd]bQ[0xef][0xbf][0xbd]b3[0xef][0xbf][0xbd]E[0xef][0xbf][0xbd]I[0x18]][0xef][0xbf][0xbd][0x0]!@[0xef][0xbf][0xbd][0xef][0xbf][0xbd][0xef][0xbf][0xbd][\r][0xef][0xbf][0xbd][0xef][0xbf][0xbd][0xef][0xbf][0xbd][0xe][0xef][0xbf][0xbd][0xef][0xbf][0xbd][0xd5][0x8e][0xef][0xbf][0xbd][0x1b][0xef][0xbf][0xbd][0xef][0xbf][0xbd][0xef][0xbf][0xbd][0xef][0xbf][0xbd]X[0xef][0xbf][0xbd][0xef][0xbf][0xbd]p[0xef][0xbf][0xbd][0xef][0xbf][0xbd][0xef][0xbf][0xbd]#16[0xef][0xbf][0xbd]8[0xef][0xbf][0xbd][0xef][0xbf][0xbd][0xef][0xbf][0xbd][0xef][0xbf][0xbd]I[0xef][0xbf][0xbd]Rl[0x5][0xef][0xbf][0xbd]2[0xef][0xbf][0xbd][0xef][0xbf][0xbd][0xef][0xbf][0xbd]([0xef][0xbf][0xbd]F[0xef][0xbf][0xbd]w[0xef][0xbf][0xbd][0x19];u[0xef][0xbf][0xbd][0xef][0xbf][0xbd][0xef][0xbf][0xbd][0xef][0xbf][0xbd][0xef][0xbf][0xbd]&'[0x13]sL.[0xef][0xbf][0xbd]6q[0xef][0xbf][0xbd][0xef][0xbf][0xbd]=yt[0xef][0xbf][0xbd][0xef][0xbf][0xbd]K[0xef][0xbf][0xbd]k[0x1][0xd9][0xa2]E[0xef][0xbf][0xbd]>rt[0xef][0xbf][0xbd][0x11][0xef][0xbf][0xbd][0xef][0xbf][0xbd][0xd7][0xaf]q[0xef][0xbf][0xbd][0xef][0xbf][0xbd]Y[0xef][0xbf][0xbd]t[0xef][0xbf][0xbd]a[0xef][0xbf][0xbd]J$p[0xef][0xbf][0xbd]`[0xef][0xbf][0xbd][0x8]P[0xef][0xbf][0xbd][0xef][0xbf][0xbd][0xb]q[0xef][0xbf][0xbd][0xef][0xbf][0xbd][0x17]DZ[\n]"
07:56:30.717 [main] DEBUG org.apache.http.wire -  >> "[0xd5][0x8b]#[0xef][0xbf][0xbd]<[0xef][0xbf][0xbd][0xdc][0x80][0xef][0xbf][0xbd]K[0x1]'[0xef][0xbf][0xbd])Pa[0x2]#[0xef][0xbf][0xbd]~^[0xef][0xbf][0xbd][0xef][0xbf][0xbd]|[0x4][0xef][0xbf][0xbd][0xef][0xbf][0xbd][0xef][0xbf][0xbd][0xef][0xbf][0xbd][0xef][0xbf][0xbd]aLT[0xef][0xbf][0xbd]=oU.6d[0xef][0xbf][0xbd][0xef][0xbf][0xbd][0xef][0xbf][0xbd]K[0xef][0xbf][0xbd]>[0x11][0xef][0xbf][0xbd]&'}[0xef][0xbf][0xbd]U[0xef][0xbf][0xbd][0x4][0xef][0xbf][0xbd][0xef][0xbf][0xbd][0xef][0xbf][0xbd]<[0x11][0xef][0xbf][0xbd][0xef][0xbf][0xbd][0xef][0xbf][0xbd]O[0xef][0xbf][0xbd][0xef][0xbf][0xbd]m` [0xef][0xbf][0xbd][0xef][0xbf][0xbd]|[0xef][0xbf][0xbd][0xef][0xbf][0xbd]c[0xef][0xbf][0xbd]/2([0x16][0xef][0xbf][0xbd]|u[0xef][0xbf][0xbd]]G[0xc][0xef][0xbf][0xbd][0x1a][0xef][0xbf][0xbd][0xef][0xbf][0xbd][0xef][0xbf][0xbd]y[0xef][0xbf][0xbd][0xef][0xbf][0xbd][0x1]_mn[0xef][0xbf][0xbd][0xef][0xbf][0xbd][0xef][0xbf][0xbd][0xef][0xbf][0xbd][0xef][0xbf][0xbd]- [[0xef][0xbf][0xbd]h[0xef][0xbf][0xbd]G[0xef][0xbf][0xbd][0xef][0xbf][0xbd]l[0xef][0xbf][0xbd][0xef][0xbf][0xbd]~[0xef][0xbf][0xbd][0xef][0xbf][0xbd]_[0xef][0xbf][0xbd][0xef][0xbf][0xbd][0xef][0xbf][0xbd]f[0xef][0xbf][0xbd]9[0xef][0xbf][0xbd]K[0xc4][0x95][0x6][0xef][0xbf][0xbd][0xef][0xbf][0xbd]v~[0xef][0xbf][0xbd]uW[0x6]U[0xef][0xbf][0xbd]e*[0xef][0xbf][0xbd]t[0x14][0xef][0xbf][0xbd]y[0xef][0xbf][0xbd][0xef][0xbf][0xbd][\r][0xd4][0xbd]+[0xef][0xbf][0xbd][0xef][0xbf][0xbd]D[0x9]F[0xef][0xbf][0xbd] o[0xef][0xbf][0xbd]r[0xef][0xbf][0xbd]:3Ne]f[|[0xef][0xbf][0xbd][0xef][0xbf][0xbd][0x1a][0xef][0xbf][0xbd][0xef][0xbf][0xbd]+nl[0xef][0xbf][0xbd][0xef][0xbf][0xbd][[0xef][0xbf][0xbd][0xdd][0xa3]![0xef][0xbf][0xbd][0xef][0xbf][0xbd]%@[0xef][0xbf][0xbd]-[0xef][0xbf][0xbd][0xef][0xbf][0xbd][0xef][0xbf][0xbd][0xef][0xbf][0xbd][0xef][0xbf][0xbd]#[0xef][0xbf][0xbd]@[0xef][0xbf][0xbd][0x18][0xef][0xbf][0xbd][0xef][0xbf][0xbd]g[0xef][0xbf][0xbd][0xef][0xbf][0xbd][0x1][0xef][0xbf][0xbd]!r[0xef][0xbf][0xbd]6[0xef][0xbf][0xbd][0x0]l[0xef][0xbf][0xbd][0xef][0xbf][0xbd][0x17][0xef][0xbf][0xbd][0xef][0xbf][0xbd][0xef][0xbf][0xbd][0xef][0xbf][0xbd]>2[0xef][0xbf][0xbd]>[0x1f][0xef][0xbf][0xbd][\n]"
07:56:30.717 [main] DEBUG org.apache.http.wire -  >> "[0xef][0xbf][0xbd][0xef][0xbf][0xbd][0xef][0xbf][0xbd]s[0xef][0xbf][0xbd][0xef][0xbf][0xbd],a[0xef][0xbf][0xbd][0xef][0xbf][0xbd][0x17][0xef][0xbf][0xbd][0xef][0xbf][0xbd][0xb][0xef][0xbf][0xbd][0x16]-Z[0xef][0xbf][0xbd][0xef][0xbf][0xbd][0xef][0xbf][0xbd][0xef][0xbf][0xbd][0xef][0xbf][0xbd][0xcb][0xbf][0xef][0xbf][0xbd][0xef][0xbf][0xbd][0x12][0xef][0xbf][0xbd]7[0xef][0xbf][0xbd]R[0xef][0xbf][0xbd][0xef][0xbf][0xbd][0xef][0xbf][0xbd][0xef][0xbf][0xbd][0x8])O[0xef][0xbf][0xbd]:[0xef][0xbf][0xbd][0xd4][0xbc][0xef][0xbf][0xbd][0xef][0xbf][0xbd][0xef][0xbf][0xbd]"[0x3][0xef][0xbf][0xbd]~[0xef][0xbf][0xbd][0xef][0xbf][0xbd]2`[0xef][0xbf][0xbd]L[0x8][0xef][0xbf][0xbd]Y+d[0xef][0xbf][0xbd]u&[0xef][0xbf][0xbd][0x9][0xef][0xbf][0xbd][0xef][0xbf][0xbd])[0xef][0xbf][0xbd]#[0xef][0xbf][0xbd][0x19][0x13]Za[0xef][0xbf][0xbd](GZ[0xef][0xbf][0xbd][0x6]d[0xef][0xbf][0xbd]I[0x11][0xef][0xbf][0xbd][0xef][0xbf][0xbd][0x7][0xef][0xbf][0xbd][0xef][0xbf][0xbd]7[0xef][0xbf][0xbd]'[0xef][0xbf][0xbd][0xb][0x12][0xef][0xbf][0xbd][0xef][0xbf][0xbd][0xef][0xbf][0xbd]\[0x1d]q[0x1][0xef][0xbf][0xbd],[0xc])[0xef][0xbf][0xbd]5[0xef][0xbf][0xbd][0x1][0xef][0xbf][0xbd]$[0xef][0xbf][0xbd][0xef][0xbf][0xbd],[0xef][0xbf][0xbd][0xc4][0x93]r[0x15]2c[0x11][0x16] [0xef][0xbf][0xbd][0xef][0xbf][0xbd][0xe2][0xa5][0xa3][0xd3][0x83][0xef][0xbf][0xbd][0xc7][0xb3][0x6][0x7][0xef][0xbf][0xbd][0xcd][0xa8][0xef][0xbf][0xbd]p7[0xc2][0xb0]l[0x1e]B[0xef][0xbf][0xbd][0x18])[0xef][0xbf][0xbd]w[0xef][0xbf][0xbd][0xef][0xbf][0xbd][0xef][0xbf][0xbd]E[0xef][0xbf][0xbd][0x16]=%[0xef][0xbf][0xbd][0xef][0xbf][0xbd]?[0xef][0xbf][0xbd]w[0xef][0xbf][0xbd][0x1a][0x17][0xdb][0xb3][0x11][0x1f]9[0xef][0xbf][0xbd]RHl[0x13][0xef][0xbf][0xbd]Bb\[0xef][0xbf][0xbd]H![0xef][0xbf][0xbd][0xef][0xbf][0xbd][0xb][0xef][0xbf][0xbd]M[0xef][0xbf][0xbd]- C[0xef][0xbf][0xbd]g#;1[0xef][0xbf][0xbd][0xef][0xbf][0xbd][0x1a]kTi![0xef][0xbf][0xbd]vr3Rp[0xef][0xbf][0xbd][0xb]+[0xef][0xbf][0xbd][0xef][0xbf][0xbd]v9e[0x4]v[0xef][0xbf][0xbd]1[0xd0][0x8b][0xef][0xbf][0xbd]9;%q[0xef][0xbf][0xbd]R[0xef][0xbf][0xbd][0xef][0xbf][0xbd][0xef][0xbf][0xbd]J[0xef][0xbf][0xbd][0xf][0xef][0xbf][0xbd]H[0xef][0xbf][0xbd][0xef][0xbf][0xbd];[0xce][0x80][0xef][0xbf][0xbd][0xef][0xbf][0xbd]N[0x3][0xef][0xbf][0xbd][0xef][0xbf][0xbd]x<[\r].[0xef][0xbf][0xbd][0x1b][0xef][0xbf][0xbd][0x1a][0xef][0xbf][0xbd][0xef][0xbf][0xbd]}a[0xef][0xbf][0xbd]3f[0xef][0xbf][0xbd]eP[0xef][0xbf][0xbd][0xef][0xbf][0xbd][0xef][0xbf][0xbd][0xef][0xbf][0xbd][0xef][0xbf][0xbd][0x10][0x17][0xef][0xbf][0xbd][0x1c][0xef][0xbf][0xbd]u[0xce][0x92][0xef][0xbf][0xbd][0xef][0xbf][0xbd][0x9][0xef][0xbf][0xbd][0xef][0xbf][0xbd][0xef][0xbf][0xbd][0xef][0xbf][0xbd][0xef][0xbf][0xbd]T<[0xef][0xbf][0xbd]W[0xef][0xbf][0xbd],[0xef][0xbf][0xbd]l[0xd1][0xa2]EO%[0x1d]'[0xef][0xbf][0xbd][0xef][0xbf][0xbd][0xef][0xbf][0xbd]^[0xef][0xbf][0xbd]'[0xef][0xbf][0xbd]+[0xef][0xbf][0xbd][0xef][0xbf][0xbd]ti]\[0xef][0xbf][0xbd][0xef][0xbf][0xbd][0xef][0xbf][0xbd]+[0xef][0xbf][0xbd][0x14][0xef][0xbf][0xbd]r5[0xef][0xbf][0xbd][0xef][0xbf][0xbd][0xef][0xbf][0xbd]@2[0xef][0xbf][0xbd]c[0xef][0xbf][0xbd]w[0xef][0xbf][0xbd]'/[0xef][0xbf][0xbd]Z[0xef][0xbf][0xbd][0x10]C[0xef][0xbf][0xbd][0xef][0xbf][0xbd][0xef][0xbf][0xbd][0xef][0xbf][0xbd][0xef][0xbf][0xbd][A[0xef][0xbf][0xbd][0x1]b&[0x0][0xef][0xbf][0xbd]_[0xef][0xbf][0xbd]{[0xef][0xbf][0xbd][0xe8][0xbb][0x8b][0xef][0xbf][0xbd][0xef][0xbf][0xbd]5[0x10]4[0x1][0xef][0xbf][0xbd][0xdb][0xb8][0xef][0xbf][0xbd][0xef][0xbf][0xbd][0xef][0xbf][0xbd][0xef][0xbf][0xbd]=[0xef][0xbf][0xbd][0xef][0xbf][0xbd][0xca][0xb0][0xd1][0xb2]'[0xef][0xbf][0xbd]LN[0xef][0xbf][0xbd]@f[0xef][0xbf][0xbd]Y'[0xef][0xbf][0xbd][0xef][0xbf][0xbd][0x1b][0x0]*$[0x17][0xef][0xbf][0xbd][0xef][0xbf][0xbd],hX[0x19][0xef][0xbf][0xbd]}[0xef][0xbf][0xbd][0xef][0xbf][0xbd][0xef][0xbf][0xbd][\r][0xef][0xbf][0xbd][0xe5][0xbb][0xb6][0xef][0xbf][0xbd]8[0x1e][0xef][0xbf][0xbd]4[0xef][0xbf][0xbd];[0xef][0xbf][0xbd]~[0xef][0xbf][0xbd]ez[0x1e]'4[0xef][0xbf][0xbd]X[0xef][0xbf][0xbd][0xef][0xbf][0xbd]\[0xef][0xbf][0xbd][0xef][0xbf][0xbd][0xef][0xbf][0xbd]3[0xef][0xbf][0xbd]y[0xef][0xbf][0xbd][0xef][0xbf][0xbd][0xef][0xbf][0xbd]?[0x7][0xef][0xbf][0xbd][0xef][0xbf][0xbd][0xef][0xbf][0xbd][0xef][0xbf][0xbd]E[0xef][0xbf][0xbd][0x16]=u[0xef][0xbf][0xbd][0xef][0xbf][0xbd][0xef][0xbf][0xbd][0xef][0xbf][0xbd][0xef][0xbf][0xbd][0xef][0xbf][0xbd][0xef][0xbf][0xbd][0xef][0xbf][0xbd][0xc8][0x8f][0xef][0xbf][0xbd][0xef][0xbf][0xbd][0xef][0xbf][0xbd][0xef][0xbf][0xbd]x%[0x4]s[0x1c][0xef][0xbf][0xbd][0xe][0x1b]R[0xef][0xbf][0xbd];};cd[0x13]x*][0xef][0xbf][0xbd][0xef][0xbf][0xbd]{[0xef][0xbf][0xbd]u[0xef][0xbf][0xbd][0xef][0xbf][0xbd][0xef][0xbf][0xbd][0xc]f[0xef][0xbf][0xbd]K[0xb][0xef][0xbf][0xbd][0xef][0xbf][0xbd][0xef][0xbf][0xbd]~-b[0xef][0xbf][0xbd]wL-[0x1a]<\[0xef][0xbf][0xbd][0xef][0xbf][0xbd]xS[0xef][0xbf][0xbd][0xef][0xbf][0xbd][0xef][0xbf][0xbd]\lA#`[0xef][0xbf][0xbd][0xef][0xbf][0xbd]B[0xef][0xbf][0xbd]#6[0xef][0xbf][0xbd][0xef][0xbf][0xbd]([0xef][0xbf][0xbd]$7[0xef][0xbf][0xbd]?[0xef][0xbf][0xbd][0xef][0xbf][0xbd][0xef][0xbf][0xbd][0xef][0xbf][0xbd][0x1c][0xef][0xbf][0xbd][0xef][0xbf][0xbd][0x18][0xef][0xbf][0xbd]v[0x13][0x1e][0xde][0xbf]K[0x19]y[0xef][0xbf][0xbd][0xef][0xbf][0xbd][0xdf][0xad]/[0xb][0xef][0xbf][0xbd]%a[0xef][0xbf][0xbd]*[0xef][0xbf][0xbd][0x3][0xef][0xbf][0xbd][0x1c][0xef][0xbf][0xbd]W[0xef][0xbf][0xbd][0xef][0xbf][0xbd]W[0xef][0xbf][0xbd][0xef][0xbf][0xbd][0xef][0xbf][0xbd],[0xef][0xbf][0xbd][0xef][0xbf][0xbd]kW[0xef][0xbf][0xbd][0xef][0xbf][0xbd][0xef][0xbf][0xbd][0xef][0xbf][0xbd][0x5][0xef][0xbf][0xbd]/[0xef][0xbf][0xbd][0x17][0x11][0xef][0xbf][0xbd][0x16]a[0xef][0xbf][0xbd][0xc][0xef][0xbf][0xbd]q[0xef][0xbf][0xbd]C[0xcf][0x84][0xef][0xbf][0xbd][0xef][0xbf][0xbd]}[0xef][0xbf][0xbd]O[0xef][0xbf][0xbd][0xef][0xbf][0xbd]e[0xef][0xbf][0xbd]-Z[0xef][0xbf][0xbd][0xe8][0xa9][0xa1]=[0xe][0xef][0xbf][0xbd]{o\%[0xef][0xbf][0xbd][0x3][0xef][0xbf][0xbd][0xef][0xbf][0xbd]W:A[0x4][0xef][0xbf][0xbd]es[0xef][0xbf][0xbd][0xef][0xbf][0xbd][0x10]"[0x4][0xef][0xbf][0xbd][0x1a][0xef][0xbf][0xbd][0xef][0xbf][0xbd]d@[0xd2][0x9f][0xef][0xbf][0xbd]=e[0xef][0xbf][0xbd][0xef][0xbf][0xbd][0xef][0xbf][0xbd]a[0xef][0xbf][0xbd][0xef][0xbf][0xbd][0xef][0xbf][0xbd]y[0xef][0xbf][0xbd][0xd6][0xa5]s9`N[0x10][0xef][0xbf][0xbd]X[0x0]c[[0xef][0xbf][0xbd][0xef][0xbf][0xbd][0x3][0xef][0xbf][0xbd][0xef][0xbf][0xbd][0xef][0xbf][0xbd][0xef][0xbf][0xbd][0xef][0xbf][0xbd][0xef][0xbf][0xbd][0xef][0xbf][0xbd][0xef][0xbf][0xbd][0xef][0xbf][0xbd]TY4Q[0x11][0xef][0xbf][0xbd][0xce][0x89][0xef][0xbf][0xbd][0xef][0xbf][0xbd];I[0xef][0xbf][0xbd]\[0xef][0xbf][0xbd][0xf][0xef][0xbf][0xbd][0x13][0xef][0xbf][0xbd][0x16][0xef][0xbf][0xbd]1[0x1c]'[0xef][0xbf][0xbd]OpM^[0xef][0xbf][0xbd][0xcd][0x97][0x10]X1[0xef][0xbf][0xbd][0xef][0xbf][0xbd][0x14][0xef][0xbf][0xbd]f[0xef][0xbf][0xbd][0xef][0xbf][0xbd]nc[0xef][0xbf][0xbd][0xef][0xbf][0xbd]b[0xef][0xbf][0xbd]v_V[0xef][0xbf][0xbd][0xef][0xbf][0xbd].Ixg[0xef][0xbf][0xbd]f[0xef][0xbf][0xbd][0xef][0xbf][0xbd]0[0xef][0xbf][0xbd][0x1][0xda][0xbd][0xef][0xbf][0xbd][0x1c][0xef][0xbf][0xbd][0xef][0xbf][0xbd][0x1][0xef][0xbf][0xbd][0xef][0xbf][0xbd]u[0x1b][0x12]8[0xef][0xbf][0xbd][0xef][0xbf][0xbd]][0xef][0xbf][0xbd][0xef][0xbf][0xbd][0x12][0x17][0xef][0xbf][0xbd]-Z[0xef][0xbf][0xbd][0xef][0xbf][0xbd]C[0xef][0xbf][0xbd][0x3][0xef][0xbf][0xbd][0xef][0xbf][0xbd]=[0xef][0xbf][0xbd][0xef][0xbf][0xbd]U[0xef][0xbf][0xbd]>[0xef][0xbf][0xbd][0x18][0x11][0xef][0xbf][0xbd][0x13][0x8],e[0xef][0xbf][0xbd][0xef][0xbf][0xbd]qv"[0xef][0xbf][0xbd][0xef][0xbf][0xbd][0x5][0x14][0xef][0xbf][0xbd]G[0xef][0xbf][0xbd][0xef][0xbf][0xbd][\r][0xef][0xbf][0xbd][0xef][0xbf][0xbd]?Yf[0xd0][0xad]f[0xf0][0xa9][0x99][0xa6][0xef][0xbf][0xbd];[0xef][0xbf][0xbd]p[0xef][0xbf][0xbd][0x2]%[0x13]D[0xcc][0xad]nM[0x14]$[0x16],[0x9][0xef][0xbf][0xbd]y[0xef][0xbf][0xbd]ih[0x1e][0xef][0xbf][0xbd][0xe]yy[0x7][0x10]^[0xef][0xbf][0xbd][0xef][0xbf][0xbd]mS4[0xef][0xbf][0xbd][0xef][0xbf][0xbd]/[0xef][0xbf][0xbd][0xef][0xbf][0xbd][0xef][0xbf][0xbd][0x6]N[0xef][0xbf][0xbd]r[0x14][0xef][0xbf][0xbd]Gs[0xef][0xbf][0xbd]m[0x14][0xef][0xbf][0xbd][0xef][0xbf][0xbd].[0xef][0xbf][0xbd]P[0xef][0xbf][0xbd]/+h[0xef][0xbf][0xbd][0xef][0xbf][0xbd]@[0xef][0xbf][0xbd][0xef][0xbf][0xbd]j[0xef][0xbf][0xbd][0xef][0xbf][0xbd][0xb][0xef][0xbf][0xbd] tM[0xef][0xbf][0xbd][0xef][0xbf][0xbd][0xef][0xbf][0xbd][0xef][0xbf][0xbd][0xef][0xbf][0xbd][0x3][0xef][0xbf][0xbd]%[0x9][0xef][0xbf][0xbd][0xef][0xbf][0xbd]YG[0xef][0xbf][0xbd][0xef][0xbf][0xbd][0xef][0xbf][0xbd]A[0x1c][0xef][0xbf][0xbd]x[0x4][0xef][0xbf][0xbd][0x12][0x9]3[0xef][0xbf][0xbd]|[0xef][0xbf][0xbd][0xef][0xbf][0xbd]k[0xef][0xbf][0xbd]1x[0xef][0xbf][0xbd][0xef][0xbf][0xbd][0x2][0xef][0xbf][0xbd]E[0xef][0xbf][0xbd][0x16]}h[0xef][0xbf][0xbd][0xef][0xbf][0xbd][0xef][0xbf][0xbd][0xef][0xbf][0xbd][0xef][0xbf][0xbd][0x12][0xcf][0xbe]z[0x15][0xef][0xbf][0xbd]/[0xef][0xbf][0xbd][0xef][0xbf][0xbd][0x10]+[0xef][0xbf][0xbd][0x1d]([0xef][0xbf][0xbd]'1@[0xe][0xef][0xbf][0xbd][0xef][0xbf][0xbd][0xef][0xbf][0xbd] [0x16]p|[\r][0xef][0xbf][0xbd][0x1c][0xef][0xbf][0xbd]M[0xef][0xbf][0xbd][0xef][0xbf][0xbd][0xef][0xbf][0xbd][0xef][0xbf][0xbd]c)[0xef][0xbf][0xbd][0xef][0xbf][0xbd]<s?[0xef][0xbf][0xbd]E[0xef][0xbf][0xbd]K3X[0x1d]i[0xef][0xbf][0xbd][0xef][0xbf][0xbd]d1NK[0xef][0xbf][0xbd][0x1a][0x1a][0xef][0xbf][0xbd][0xef][0xbf][0xbd]k#H[0xef][0xbf][0xbd][0x11][0xef][0xbf][0xbd][0x4][0xef][0xbf][0xbd][\n]"
07:56:30.718 [main] DEBUG org.apache.http.wire -  >> "[0x5]\,2[0xef][0xbf][0xbd][0xe3][0xa7][0x97][0xef][0xbf][0xbd]5[0x7][0x2]Y[0xef][0xbf][0xbd][0xef][0xbf][0xbd]\[0xef][0xbf][0xbd]M[0x6]P[0xef][0xbf][0xbd]z[0xef][0xbf][0xbd][0xc][0xef][0xbf][0xbd]x[0xef][0xbf][0xbd]A[0x11][0xef][0xbf][0xbd][0xef][0xbf][0xbd][\n]"
07:56:30.718 [main] DEBUG org.apache.http.wire -  >> "[0xef][0xbf][0xbd][0xef][0xbf][0xbd];[0xd1][0x98]DB[0xef][0xbf][0xbd]M][0xef][0xbf][0xbd][0xef][0xbf][0xbd]\[0xef][0xbf][0xbd]4I[0xef][0xbf][0xbd][0xef][0xbf][0xbd][0xef][0xbf][0xbd]3[0xef][0xbf][0xbd][0x17][0xef][0xbf][0xbd][0xef][0xbf][0xbd][0x0]I[0xef][0xbf][0xbd][0xd6][0xab][0x18][0xef][0xbf][0xbd]$-[0xef][0xbf][0xbd][0xef][0xbf][0xbd]U'[0xef][0xbf][0xbd]p$[0xef][0xbf][0xbd][0xef][0xbf][0xbd][0xef][0xbf][0xbd][0xef][0xbf][0xbd][0xef][0xbf][0xbd][0xef][0xbf][0xbd][0xef][0xbf][0xbd][0x2][0xef][0xbf][0xbd]E[0xef][0xbf][0xbd][0x16]}[0xef][0xbf][0xbd][0xef][0xbf][0xbd][0xef][0xbf][0xbd][0xef][0xbf][0xbd]7[0xef][0xbf][0xbd]v[0xef][0xbf][0xbd][0xef][0xbf][0xbd][0xef][0xbf][0xbd]WTy|[0xef][0xbf][0xbd]N[0xef][0xbf][0xbd]{+[0xef][0xbf][0xbd][0xef][0xbf][0xbd]..[0xef][0xbf][0xbd][0xef][0xbf][0xbd]O[0xef][0xbf][0xbd]+C[0x12]{[0xb];Z[0x5][0xef][0xbf][0xbd]v[0xef][0xbf][0xbd]{g[0xef][0xbf][0xbd][0x1a]S[0xef][0xbf][0xbd]y&[0xef][0xbf][0xbd]Y[0x3]J[0xef][0xbf][0xbd]i[0xef][0xbf][0xbd]z[0x4]0O[0xd6][0xa0][0x1][\n]"
07:56:30.718 [main] DEBUG org.apache.http.wire -  >> "[0xef][0xbf][0xbd]Dq[0xef][0xbf][0xbd]/-[0xef][0xbf][0xbd][0x2][0xef][0xbf][0xbd][0xef][0xbf][0xbd]|[0xef][0xbf][0xbd]uE[0xef][0xbf][0xbd][0xef][0xbf][0xbd][0xef][0xbf][0xbd]&[0xef][0xbf][0xbd]~[0xef][0xbf][0xbd][0xef][0xbf][0xbd][0xef][0xbf][0xbd][0xef][0xbf][0xbd][0x1f][0xef][0xbf][0xbd][0xef][0xbf][0xbd][0xe]:w~M[0xef][0xbf][0xbd][0x7][0x1a]A[0xef][0xbf][0xbd][0xef][0xbf][0xbd]"p[0xef][0xbf][0xbd][0xef][0xbf][0xbd][0xe][0xef][0xbf][0xbd][\n]"
07:56:30.718 [main] DEBUG org.apache.http.wire -  >> "[0xef][0xbf][0xbd]!:[0xef][0xbf][0xbd]w[0x6][0xdc][0x85][0xef][0xbf][0xbd]}[0xef][0xbf][0xbd][0x19][0x13]@[0xef][0xbf][0xbd]:[0xef][0xbf][0xbd]a[0xef][0xbf][0xbd][0x1][0xe9][0xb3][0xb9][0xef][0xbf][0xbd])[0xef][0xbf][0xbd][0xef][0xbf][0xbd]PYWo[0xe]p[0x13][0xef][0xbf][0xbd]L[0xef][0xbf][0xbd]3[0x12]x[0xef][0xbf][0xbd]3.)[0xef][0xbf][0xbd][0xb][0xef][0xbf][0xbd][0x16]-Z[0xef][0xbf][0xbd][0xef][0xbf][0xbd][0x1]`[0xef][0xbf][0xbd][0xe3][0x8f][0xaf][0xef][0xbf][0xbd][0xef][0xbf][0xbd][0xcd][0xb6]=[0xef][0xbf][0xbd]"
07:56:30.718 [main] DEBUG org.apache.http.wire -  >> "[0xc][0xef][0xbf][0xbd][\n]"
07:56:30.718 [main] DEBUG org.apache.http.wire -  >> "[0xef][0xbf][0xbd][0xef][0xbf][0xbd][0xef][0xbf][0xbd]c[0xef][0xbf][0xbd][0xef][0xbf][0xbd][0xef][0xbf][0xbd].[0xd9][0x85][0x1d]{1[0xef][0xbf][0xbd]<[0x1][0xef][0xbf][0xbd]g&[0xef][0xbf][0xbd]q[0xef][0xbf][0xbd]C[0xef][0xbf][0xbd]~`p[0xef][0xbf][0xbd]Ya[0xd6][0x87][0xd1][0xa6][0xef][0xbf][0xbd][0x10]-4[0xef][0xbf][0xbd][0xef][0xbf][0xbd][0xef][0xbf][0xbd][0xef][0xbf][0xbd]Wfm[0xef][0xbf][0xbd][0xef][0xbf][0xbd]C[0xef][0xbf][0xbd][0xef][0xbf][0xbd]A~[0xef][0xbf][0xbd][0xef][0xbf][0xbd]K][0xef][0xbf][0xbd][0xef][0xbf][0xbd][0xef][0xbf][0xbd]cn;u[0xef][0xbf][0xbd][0xef][0xbf][0xbd][0xef][0xbf][0xbd]g[0xef][0xbf][0xbd][0x0]K[0xef][0xbf][0xbd]@[0xef][0xbf][0xbd][0x1d]Z.IC[0xef][0xbf][0xbd][0xef][0xbf][0xbd]s[0xef][0xbf][0xbd]A[/[0xef][0xbf][0xbd]UH[0xef][0xbf][0xbd][\n]"
07:56:30.718 [main] DEBUG org.apache.http.wire -  >> "[0xef][0xbf][0xbd][[0xef][0xbf][0xbd][0x0][0xef][0xbf][0xbd]5[0xef][0xbf][0xbd]}[0xef][0xbf][0xbd][0xef][0xbf][0xbd][0xef][0xbf][0xbd][0x13]H[0xef][0xbf][0xbd][0xef][0xbf][0xbd][0xef][0xbf][0xbd][0xef][0xbf][0xbd][0xef][0xbf][0xbd]w[0xef][0xbf][0xbd]&[0xef][0xbf][0xbd]b'[0xef][0xbf][0xbd][0xd0][0x83][0x1b]j|[0xef][0xbf][0xbd][0xef][0xbf][0xbd][0xef][0xbf][0xbd]Z4[0xef][0xbf][0xbd][\r][0xef][0xbf][0xbd][0x1c][0xef][0xbf][0xbd][0xef][0xbf][0xbd][0xef][0xbf][0xbd][0xd9][0xb6]1[0xef][0xbf][0xbd][0x11][0x10][0xef][0xbf][0xbd][0xef][0xbf][0xbd]i[0xef][0xbf][0xbd][0xef][0xbf][0xbd]S[\r][0xb][0xef][0xbf][0xbd][0x1c][0xef][0xbf][0xbd][0xef][0xbf][0xbd]6.Z[0xef][0xbf][0xbd]h[0xef][0xbf][0xbd][0xef][0xbf][0xbd]N_~[0xef][0xbf][0xbd][0xef][0xbf][0xbd][0x1c]qy[0xef][0xbf][0xbd]*[0xef][0xbf][0xbd][0x1e][0xef][0xbf][0xbd][0xef][0xbf][0xbd][0xd0][0x8d][0xef][0xbf][0xbd]T[0xef][0xbf][0xbd][0xef][0xbf][0xbd][0xe9][0x9e][0xa1][0xef][0xbf][0xbd]2[0xef][0xbf][0xbd][0xdd][0x86][0x5]ef[0xef][0xbf][0xbd][0xef][0xbf][0xbd][0xef][0xbf][0xbd][0x14]7[0x6][0x5][0xef][0xbf][0xbd]^[0xef][0xbf][0xbd]z[0xef][0xbf][0xbd][0xef][0xbf][0xbd]j[0xef][0xbf][0xbd]U[0xb][0xef][0xbf][0xbd][0xef][0xbf][0xbd]\[0xef][0xbf][0xbd][0x14][0x13][0xef][0xbf][0xbd][0x16]1[0xef][0xbf][0xbd]-[0xd8][0x9f][0xef][0xbf][0xbd][0x1]@[0xef][0xbf][0xbd]m;o[0xef][0xbf][0xbd]g6[0xef][0xbf][0xbd]0[0xef][0xbf][0xbd][0xef][0xbf][0xbd]l$q[0xef][0xbf][0xbd]C[0xef][0xbf][0xbd][0xef][0xbf][0xbd]V%[0xef][0xbf][0xbd][0xef][0xbf][0xbd][\n]"
07:56:30.719 [main] DEBUG org.apache.http.wire -  >> " ,[0xef][0xbf][0xbd][0xef][0xbf][0xbd]2;[[0xef][0xbf][0xbd][0xef][0xbf][0xbd][0xef][0xbf][0xbd][0xc4][0x93][0xef][0xbf][0xbd][0xd1][0x80][0xef][0xbf][0xbd][0xef][0xbf][0xbd],[0x1b][0xef][0xbf][0xbd][0xc4][0x9b][0xef][0xbf][0xbd]cv[\n]"
07:56:30.719 [main] DEBUG org.apache.http.wire -  >> "}[0x18][0xef][0xbf][0xbd]<[0xef][0xbf][0xbd]R[0xef][0xbf][0xbd][0xef][0xbf][0xbd][0xef][0xbf][0xbd]F@[0xef][0xbf][0xbd][0xef][0xbf][0xbd][0xef][0xbf][0xbd][0xef][0xbf][0xbd]{[0xef][0xbf][0xbd][0xef][0xbf][0xbd]+[0xef][0xbf][0xbd][0xef][0xbf][0xbd][0xef][0xbf][0xbd][0xef][0xbf][0xbd]u5[0xf][0xef][0xbf][0xbd]O[0xef][0xbf][0xbd][0xef][0xbf][0xbd][0xef][0xbf][0xbd]g?[0x15][0xef][0xbf][0xbd][0xef][0xbf][0xbd][0xef][0xbf][0xbd][0xef][0xbf][0xbd]?[0xef][0xbf][0xbd][0xef][0xbf][0xbd]e[0xef][0xbf][0xbd]-Z[0xef][0xbf][0xbd][0xef][0xbf][0xbd]}[0xef][0xbf][0xbd][0xef][0xbf][0xbd][0xef][0xbf][0xbd][0xef][0xbf][0xbd]p[0xef][0xbf][0xbd]`[0xef][0xbf][0xbd]]?>j[0xef][0xbf][0xbd][0xef][0xbf][0xbd][0xef][0xbf][0xbd][0xef][0xbf][0xbd][0xef][0xbf][0xbd][0xef][0xbf][0xbd]A[0xef][0xbf][0xbd][0xef][0xbf][0xbd][0xef][0xbf][0xbd]~[0xef][0xbf][0xbd][0xd3][0xaa][0xef][0xbf][0xbd][0xef][0xbf][0xbd][0xef][0xbf][0xbd]P[0xef][0xbf][0xbd][0xef][0xbf][0xbd]N[0xef][0xbf][0xbd]=X[0xef][0xbf][0xbd][0xef][0xbf][0xbd][0x8][0xef][0xbf][0xbd]P[0xef][0xbf][0xbd]][0xef][0xbf][0xbd][0xef][0xbf][0xbd][0xef][0xbf][0xbd]5[0x15]u~[0xef][0xbf][0xbd][0xef][0xbf][0xbd][0xef][0xbf][0xbd][0xef][0xbf][0xbd]j[0xef][0xbf][0xbd]b[0x18]B=[0xef][0xbf][0xbd][0x9][0xef][0xbf][0xbd]Xg?T[0xef][0xbf][0xbd][0xef][0xbf][0xbd]3[0xef][0xbf][0xbd][0xef][0xbf][0xbd]U[0xef][0xbf][0xbd]@J][0xef][0xbf][0xbd]Y[0xef][0xbf][0xbd]QL[0x0][0xf][0xef][0xbf][0xbd][0xef][0xbf][0xbd]U:[0x1e][0xef][0xbf][0xbd]Rh[0xef][0xbf][0xbd][0xef][0xbf][0xbd][0x13][0xef][0xbf][0xbd][0xef][0xbf][0xbd][0x6][0x1f][0xef][0xbf][0xbd][0xef][0xbf][0xbd]L}[0x3]D[0xef][0xbf][0xbd][0x11]hyy[0xef][0xbf][0xbd][0xef][0xbf][0xbd][0xef][0xbf][0xbd][0xef][0xbf][0xbd]w[0xef][0xbf][0xbd][0xef][0xbf][0xbd]d[0xef][0xbf][0xbd]L[0x10][0xb][0xef][0xbf][0xbd][0xef][0xbf][0xbd]q[0xef][0xbf][0xbd][0x3][0x6][0x3]T[0xef][0xbf][0xbd][0xdb][0xbe][0xef][0xbf][0xbd][0xef][0xbf][0xbd][0xef][0xbf][0xbd][0xef][0xbf][0xbd][0xef][0xbf][0xbd];[0xef][0xbf][0xbd][0xef][0xbf][0xbd]m[0xef][0xbf][0xbd][0xef][0xbf][0xbd][0xef][0xbf][0xbd][0x1c][0x1a][0xc][0xef][0xbf][0xbd]K[0xef][0xbf][0xbd]0Zl[0xef][0xbf][0xbd][0xef][0xbf][0xbd][0xef][0xbf][0xbd]{[0xef][0xbf][0xbd][0x17][0xf][0xef][0xbf][0xbd][0x1f]~c[0x1][0xd9][0xa2]E[0xef][0xbf][0xbd][0xef][0xbf][0xbd][0x17]z[0xef][0xbf][0xbd][0xef][0xbf][0xbd][0xef][0xbf][0xbd][0xef][0xbf][0xbd][0xef][0xbf][0xbd][0xde][0xab]W[0xef][0xbf][0xbd][0xef][0xbf][0xbd][0xef][0xbf][0xbd]> 8)[0xef][0xbf][0xbd]$fE[0xef][0xbf][0xbd]@rG[0xef][0xbf][0xbd]4"D[0xef][0xbf][0xbd][0xb][0xef][0xbf][0xbd]"HuCv[0x2]AR[0x9]F[0xef][0xbf][0xbd][0xef][0xbf][0xbd][0xef][0xbf][0xbd][0xef][0xbf][0xbd]f[0xef][0xbf][0xbd]B[0x2]`[0xef][0xbf][0xbd][0xef][0xbf][0xbd][0x16][0xef][0xbf][0xbd][0xef][0xbf][0xbd]%[0xef][0xbf][0xbd]W[0x10]<+[0xef][0xbf][0xbd][0xef][0xbf][0xbd]{[0xef][0xbf][0xbd][0x12]t[0xef][0xbf][0xbd][0x10][0xef][0xbf][0xbd][0x2]:Kt5[0xef][0xbf][0xbd][0xef][0xbf][0xbd]m[0xef][0xbf][0xbd]A[0xef][0xbf][0xbd]#[0xf][0xef][0xbf][0xbd][0xef][0xbf][0xbd]*[0xef][0xbf][0xbd][0xef][0xbf][0xbd][0xef][0xbf][0xbd][0xef][0xbf][0xbd][0x1f]V[0xef][0xbf][0xbd]8||[0x7][0xef][0xbf][0xbd]w[0xef][0xbf][0xbd]I[0xef][0xbf][0xbd][0xdc][0xaa]k[0xef][0xbf][0xbd][0xef][0xbf][0xbd][0x1][0xef][0xbf][0xbd]`[\r][0xef][0xbf][0xbd][\r]crg([0xef][0xbf][0xbd][0xef][0xbf][0xbd][0xef][0xbf][0xbd],2=[0xef][0xbf][0xbd]`e[0x9][0xef][0xbf][0xbd][0xef][0xbf][0xbd][0xef][0xbf][0xbd]i[0xef][0xbf][0xbd][0xef][0xbf][0xbd][0xef][0xbf][0xbd]=[0xe][0xef][0xbf][0xbd]H[0xef][0xbf][0xbd]Z!@[0xef][0xbf][0xbd][0x8]j[0xef][0xbf][0xbd][0xef][0xbf][0xbd]X[0xef][0xbf][0xbd][0x18][0xef][0xbf][0xbd][0xef][0xbf][0xbd]R[0xef][0xbf][0xbd][0xef][0xbf][0xbd]C][0xef][0xbf][0xbd]5qr[0xef][0xbf][0xbd]Y[0xef][0xbf][0xbd]?[0xef][0xbf][0xbd]=[0xef][0xbf][0xbd][0x5]d[0xef][0xbf][0xbd][0x16]-z[0xef][0xbf][0xbd][0xef][0xbf][0xbd]+[0xef][0xbf][0xbd][0xef][0xbf][0xbd][0xef][0xbf][0xbd][0xef][0xbf][0xbd][0xc9][0xab][0xc][0xef][0xbf][0xbd][0xef][0xbf][0xbd][0xef][0xbf][0xbd][0xef][0xbf][0xbd][0xef][0xbf][0xbd]#f0X[0xef][0xbf][0xbd][0xef][0xbf][0xbd][0xef][0xbf][0xbd]%[0xef][0xbf][0xbd][0xef][0xbf][0xbd]p[0xef][0xbf][0xbd]|J[0xef][0xbf][0xbd][0xef][0xbf][0xbd][0x16]`Fa[0xef][0xbf][0xbd][0xef][0xbf][0xbd][0xef][0xbf][0xbd][0xcb][0xa2][0xef][0xbf][0xbd][0xef][0xbf][0xbd][0x1a][0xef][0xbf][0xbd]{[0xef][0xbf][0xbd][0xca][0x82][0xef][0xbf][0xbd][0x14]R[0x2]%[0xef][0xbf][0xbd]~[0xef][0xbf][0xbd][0xef][0xbf][0xbd][0xef][0xbf][0xbd] [0xef][0xbf][0xbd]*[0xda][0xb4]C<(/[0xef][0xbf][0xbd][0xef][0xbf][0xbd][0xef][0xbf][0xbd][0x0][0xef][0xbf][0xbd][0x18][0x1e]P/[0xef][0xbf][0xbd]<#Sg[0xef][0xbf][0xbd]`[0xef][0xbf][0xbd],}N[0xef][0xbf][0xbd]X[0x18][0xef][0xbf][0xbd][0xef][0xbf][0xbd][0x1b][0xd5][0x89][0xef][0xbf][0xbd][0x7][0xef][0xbf][0xbd][0xcf][0xac][0xdd][0x91][0xef][0xbf][0xbd]5[0xef][0xbf][0xbd][0xef][0xbf][0xbd]C$[0xef][0xbf][0xbd]}6[0xef][0xbf][0xbd]8[0xef][0xbf][0xbd][0xef][0xbf][0xbd][0xef][0xbf][0xbd][0xef][0xbf][0xbd][0xef][0xbf][0xbd]2v[0x1f][0xef][0xbf][0xbd][0xef][0xbf][0xbd]b,[0xef][0xbf][0xbd][0xef][0xbf][0xbd][0x9][0xef][0xbf][0xbd]V[0xef][0xbf][0xbd]"[0xef][0xbf][0xbd][0xef][0xbf][0xbd][0xef][0xbf][0xbd][0xef][0xbf][0xbd]a[0xef][0xbf][0xbd]Y[0xef][0xbf][0xbd][0xef][0xbf][0xbd]`=-[0xef][0xbf][0xbd][0xc2][0xaa][0xef][0xbf][0xbd][0x1c][0xef][0xbf][0xbd][0xef][0xbf][0xbd]R[0xef][0xbf][0xbd][0xcd][0xa1][0xef][0xbf][0xbd][0xef][0xbf][0xbd][0xef][0xbf][0xbd]#sq[0x1][0xd9][0xa2]E[0xef][0xbf][0xbd][0xef][0xbf][0xbd][0x13]:R[0xef][0xbf][0xbd][0xef][0xbf][0xbd]=[0xef][0xbf][0xbd][0xef][0xbf][0xbd][0xef][0xbf][0xbd]Kf[0xef][0xbf][0xbd][0x1e][0xef][0xbf][0xbd][0xef][0xbf][0xbd][0xc7][0x90]X[0xef][0xbf][0xbd][0xef][0xbf][0xbd][0xef][0xbf][0xbd][0xef][0xbf][0xbd]J[0xef][0xbf][0xbd]i[0xef][0xbf][0xbd]C[0xef][0xbf][0xbd][0xef][0xbf][0xbd]t'[0x8][0xef][0xbf][0xbd][0x14][0xef][0xbf][0xbd][0xef][0xbf][0xbd][0xef][0xbf][0xbd][0xef][0xbf][0xbd]M[!![0xef][0xbf][0xbd]\[0xef][0xbf][0xbd]*[0xef][0xbf][0xbd][0xef][0xbf][0xbd]2rcv^[0xef][0xbf][0xbd]+[0xef][0xbf][0xbd][0xef][0xbf][0xbd][0x7]y[0xef][0xbf][0xbd]v[0xef][0xbf][0xbd][0x0][0x16]%`[0x1][0xef][0xbf][0xbd]&[0xef][0xbf][0xbd]`[0xef][0xbf][0xbd][0xef][0xbf][0xbd]J[0xef][0xbf][0xbd][0xef][0xbf][0xbd][0x1a][0xef][0xbf][0xbd][0xef][0xbf][0xbd]P[0xef][0xbf][0xbd][0xef][0xbf][0xbd][0x0][0x6].[0xef][0xbf][0xbd]K[0xef][0xbf][0xbd][0xef][0xbf][0xbd]-FCN[0xef][0xbf][0xbd]XYeK[0x12]t[0xef][0xbf][0xbd][0x5]g[0xef][0xbf][0xbd][0x1b][0xef][0xbf][0xbd][0xef][0xbf][0xbd][0xef][0xbf][0xbd][0xe5][0x82][0x94][0xef][0xbf][0xbd][0xef][0xbf][0xbd]bC-L[0xef][0xbf][0xbd] V[0xef][0xbf][0xbd][0x1][0xef][0xbf][0xbd][0xef][0xbf][0xbd][3wI[0xef][0xbf][0xbd][0x8][0xe]#[0xef][0xbf][0xbd]+[0xef][0xbf][0xbd][0xef][0xbf][0xbd]U[0xdb][0xb1][0xef][0xbf][0xbd][0xef][0xbf][0xbd]8[0xef][0xbf][0xbd]p[0x17][0xe][0xef][0xbf][0xbd],[0xef][0xbf][0xbd][[0x17][0xef][0xbf][0xbd]Tw1[0xdd][0x8c][0xef][0xbf][0xbd]n[0xef][0xbf][0xbd][0xef][0xbf][0xbd][0xef][0xbf][0xbd]F[0xef][0xbf][0xbd][0xef][0xbf][0xbd][0xef][0xbf][0xbd][0xef][0xbf][0xbd][0xef][0xbf][0xbd][0x14][0xef][0xbf][0xbd][0xef][0xbf][0xbd]l[0xd1][0xa2]E?[0x12][0xed][0x99][0x88][0xef][0xbf][0xbd][0xef][0xbf][0xbd][0xef][0xbf][0xbd]u[0xef][0xbf][0xbd][0xef][0xbf][0xbd][0x15][0xef][0xbf][0xbd]Z[0x5][0xef][0xbf][0xbd][0xc]~[0xef][0xbf][0xbd][0x14][0xef][0xbf][0xbd][0x5]Xn[0x12]w))K#&[0xef][0xbf][0xbd]M[0x15][0xef][0xbf][0xbd]\s[0xef][0xbf][0xbd]([0xef][0xbf][0xbd]w[0x7][0xef][0xbf][0xbd]*$" [0xef][0xbf][0xbd][0xef][0xbf][0xbd][[0xef][0xbf][0xbd][0xef][0xbf][0xbd][0x1f][0xc4][0xaf]Zt[\n]"
07:56:30.720 [main] DEBUG org.apache.http.wire -  >> "[0xef][0xbf][0xbd][0xef][0xbf][0xbd]8T[0xef][0xbf][0xbd][0xef][0xbf][0xbd][0x4]R[0xef][0xbf][0xbd][0x9]O[0xef][0xbf][0xbd]uf[0xef][0xbf][0xbd][0xef][0xbf][0xbd]H[0xef][0xbf][0xbd]z[0xef][0xbf][0xbd]r[0x2]iP[0xef][0xbf][0xbd]we*[0xef][0xbf][0xbd]M[0xd9][0x87]:[0xef][0xbf][0xbd]Y>[0xef][0xbf][0xbd],[0xef][0xbf][0xbd]k[0xef][0xbf][0xbd][0xef][0xbf][0xbd][0x1a][0xef][0xbf][0xbd][0x19][0xef][0xbf][0xbd][0xef][0xbf][0xbd][0xef][0xbf][0xbd][0xd0][0x94][0x15][0xef][0xbf][0xbd][0xb][0xef][0xbf][0xbd][0x6][0xef][0xbf][0xbd]V[0xef][0xbf][0xbd][0x17][0xef][0xbf][0xbd]k[0xef][0xbf][0xbd][0x9]E[0xef][0xbf][0xbd][0xef][0xbf][0xbd]^[0x3]m[0x2][0xef][0xbf][0xbd][0xd6][0x8a][0x8][0xef][0xbf][0xbd][0xef][0xbf][0xbd][0xef][0xbf][0xbd][0x8][0xd6][0x9a][0xef][0xbf][0xbd][0xdf][0x8c][0xef][0xbf][0xbd]6[0xef][0xbf][0xbd][0xef][0xbf][0xbd][0xef][0xbf][0xbd]Ug $[0xef][0xbf][0xbd][0xef][0xbf][0xbd]q[0xd9][0x8e][0xef][0xbf][0xbd][0xef][0xbf][0xbd][0x5]d[0xef][0xbf][0xbd][0x16]-[0xef][0xbf][0xbd][0xef][0xbf][0xbd][0xef][0xbf][0xbd][0xef][0xbf][0xbd][0xcb][0xbf]|[0xef][0xbf][0xbd][0xef][0xbf][0xbd][0x17];R[0xef][0xbf][0xbd][0xef][0xbf][0xbd][0xef][0xbf][0xbd][0xef][0xbf][0xbd]t[0xef][0xbf][0xbd]m[0xef][0xbf][0xbd]V&o[0xef][0xbf][0xbd]5[0xef][0xbf][0xbd][0xef][0xbf][0xbd][0xef][0xbf][0xbd][\n]"
07:56:30.720 [main] DEBUG org.apache.http.wire -  >> "[0xef][0xbf][0xbd]([0xef][0xbf][0xbd][0xef][0xbf][0xbd]H[0xef][0xbf][0xbd][0xe2][0xbb][0x8c][0x2]h[0xef][0xbf][0xbd][0xef][0xbf][0xbd][0xef][0xbf][0xbd]gmA[0xef][0xbf][0xbd]oz+[0xef][0xbf][0xbd][0xef][0xbf][0xbd]>]k!.B[0xef][0xbf][0xbd][0xef][0xbf][0xbd]Q[0xd2][0xb1][\r]+[0x15][0xef][0xbf][0xbd][0xef][0xbf][0xbd]{[0xef][0xbf][0xbd][0xef][0xbf][0xbd][0xef][0xbf][0xbd]~[0xd1][0xbc]n<[0xef][0xbf][0xbd])[0xef][0xbf][0xbd]K[0x13][0xef][0xbf][0xbd]4I[0xef][0xbf][0xbd][0x8]\[0x1e]"[0xef][0xbf][0xbd][0xef][0xbf][0xbd][0xef][0xbf][0xbd]3-[0xef][0xbf][0xbd]`[0xef][0xbf][0xbd][0xef][0xbf][0xbd]e4-?[0xef][0xbf][0xbd][0x1d][0xef][0xbf][0xbd][0xef][0xbf][0xbd][0xef][0xbf][0xbd][0x2]C9[0xef][0xbf][0xbd][0x1d][0x5]1[0xef][0xbf][0xbd][0xef][0xbf][0xbd]j4[0x13][0xef][0xbf][0xbd][0xef][0xbf][0xbd][0xef][0xbf][0xbd][0x1][0xef][0xbf][0xbd][0x9][0xef][0xbf][0xbd]r[0x14][0xef][0xbf][0xbd]y[0xef][0xbf][0xbd]Y[0xef][0xbf][0xbd][0xef][0xbf][0xbd][0xef][0xbf][0xbd][0xef][0xbf][0xbd][0xef][0xbf][0xbd]}Ct [0xef][0xbf][0xbd]' H[0xef][0xbf][0xbd]L[0xef][0xbf][0xbd][0xef][0xbf][0xbd][0xef][0xbf][0xbd][0x15][0x8][0xef][0xbf][0xbd][0xef][0xbf][0xbd][0xb]Q[0xef][0xbf][0xbd][0xef][0xbf][0xbd]s[0xef][0xbf][0xbd][0xef][0xbf][0xbd]b[0xef][0xbf][0xbd]:[0xef][0xbf][0xbd]-[0x1c][0xb][0xef][0xbf][0xbd][0x16]-Z[0xef][0xbf][0xbd][0xd1][0xb1][0x17][0xef][0xbf][0xbd]r[0xef][0xbf][0xbd][0xef][0xbf][0xbd][0xef][0xbf][0xbd][0xef][0xbf][0xbd]U[0xef][0xbf][0xbd][0xef][0xbf][0xbd][0xdf][0xa2]m[0xe][0x3][0x1e]X[0xef][0xbf][0xbd][0xef][0xbf][0xbd]q[0xef][0xbf][0xbd][0xef][0xbf][0xbd][0x8]\[0xef][0xbf][0xbd][0xef][0xbf][0xbd][0x11]s[0xcd][0x9b][0x3]b[0xef][0xbf][0xbd][0xef][0xbf][0xbd]"[0xef][0xbf][0xbd][0xef][0xbf][0xbd]xG[0x9]wX_[\n]"
07:56:30.720 [main] DEBUG org.apache.http.wire -  >> "o[0xd5][0x94][0xef][0xbf][0xbd][0xef][0xbf][0xbd][0x4][0xb]2[0xef][0xbf][0xbd]}[0xef][0xbf][0xbd][0xef][0xbf][0xbd]\[0xef][0xbf][0xbd]d[0xef][0xbf][0xbd][0x4][0xef][0xbf][0xbd]xo[0xef][0xbf][0xbd][0xef][0xbf][0xbd]Z[\n]"
07:56:30.720 [main] DEBUG org.apache.http.wire -  >> "[0xef][0xbf][0xbd][0xef][0xbf][0xbd]u[0xef][0xbf][0xbd]C[0xef][0xbf][0xbd][0xef][0xbf][0xbd]'[01[0xc2][0xac]S[0xef][0xbf][0xbd]mi[0xef][0xbf][0xbd][0xef][0xbf][0xbd][0xef][0xbf][0xbd]D[0xef][0xbf][0xbd][0xef][0xbf][0xbd]:[0xef][0xbf][0xbd][0xef][0xbf][0xbd][0xef][0xbf][0xbd][0xef][0xbf][0xbd][0x4][0xef][0xbf][0xbd][0xef][0xbf][0xbd]u[0xef][0xbf][0xbd]kl>[\n]"
07:56:30.720 [main] DEBUG org.apache.http.wire -  >> "[0xef][0xbf][0xbd][0xef][0xbf][0xbd][0xef][0xbf][0xbd][0x5]P[0xef][0xbf][0xbd]Ru/[0xef][0xbf][0xbd])[0x18]u![0x0][0xef][0xbf][0xbd][0xef][0xbf][0xbd][0xef][0xbf][0xbd]-[0xef][0xbf][0xbd]k[0x0]D9^[0xef][0xbf][0xbd]}x[0x16][0xef][0xbf][0xbd]=1[0xef][0xbf][0xbd][0x13]=L[0xef][0xbf][0xbd]6[0xef][0xbf][0xbd]c[0xef][0xbf][0xbd][0xef][0xbf][0xbd]x[0xe][0xef][0xbf][0xbd][0xef][0xbf][0xbd][0xef][0xbf][0xbd][0xc][0xef][0xbf][0xbd]A[0xef][0xbf][0xbd][0xef][0xbf][0xbd][0xef][0xbf][0xbd]z#[0xef][0xbf][0xbd]E,[0xef][0xbf][0xbd]l[0xd1][0xa2]E[0xef][0xbf][0xbd][0xe][0x0]{[0xef][0xbf][0xbd][\n]"
07:56:30.720 [main] DEBUG org.apache.http.wire -  >> "`[0xef][0xbf][0xbd][0x3]X[0xef][0xbf][0xbd]G[0x16][0x2][0xef][0xbf][0xbd]^[0x1b][0x0]g[0xef][0xbf][0xbd][0xef][0xbf][0xbd][0xef][0xbf][0xbd]@[0x7][0xef][0xbf][0xbd]v[0xef][0xbf][0xbd][0x17]a[0x5]iFb[0xde][0x84][0xef][0xbf][0xbd][0xef][0xbf][0xbd]8[0xef][0xbf][0xbd][0xef][0xbf][0xbd]9,[0xef][0xbf][0xbd][\n]"
07:56:30.720 [main] DEBUG org.apache.http.wire -  >> "KJ[0x3].[0xef][0xbf][0xbd][0xef][0xbf][0xbd][0xef][0xbf][0xbd]m[0x9]Jn[0xef][0xbf][0xbd][0xef][0xbf][0xbd]*[0xef][0xbf][0xbd]-[0xef][0xbf][0xbd][0xef][0xbf][0xbd][0xcf][0xb2])[0xef][0xbf][0xbd][0xef][0xbf][0xbd][0xef][0xbf][0xbd]([0xef][0xbf][0xbd]-[0xc][0xef][0xbf][0xbd]$[0xc][0xef][0xbf][0xbd][0xef][0xbf][0xbd][0xb][0xef][0xbf][0xbd];[0xdc][0xa6][0xef][0xbf][0xbd][0xef][0xbf][0xbd][0xef][0xbf][0xbd],>;[0xef][0xbf][0xbd][0x6]D[0xda][0xbd][0xef][0xbf][0xbd][0xef][0xbf][0xbd]L[0xe][0xef][0xbf][0xbd][0xef][0xbf][0xbd][0xef][0xbf][0xbd][\r]F[0xef][0xbf][0xbd][0x0][0xef][0xbf][0xbd][0xd3][0x94][0xef][0xbf][0xbd][0x10],[0xef][0xbf][0xbd]. [0xef][0xbf][0xbd]4[0xf0][0xb9][0xad][0xac]n[0xd3][0xb4][0xef][0xbf][0xbd]zl$[0xef][0xbf][0xbd][0xef][0xbf][0xbd]7I[0x2][0xc6][0xb4][0xef][0xbf][0xbd][0xef][0xbf][0xbd]c[0xef][0xbf][0xbd]J[0xef][0xbf][0xbd][0xef][0xbf][0xbd]b.[0xef][0xbf][0xbd][0xef][0xbf][0xbd][0xef][0xbf][0xbd][0x17].[0x15][0xef][0xbf][0xbd]u)[0xef][0xbf][0xbd][0x6][0x18],[0xef][0xbf][0xbd][0x1e][0x16][0xef][0xbf][0xbd][0xef][0xbf][0xbd]Mb[0xef][0xbf][0xbd][0xef][0xbf][0xbd]0ax+'^[0xca][0x85][0xd9][0xb2][0xef][0xbf][0xbd][0x16]-Z[0xef][0xbf][0xbd][0xef][0xbf][0xbd][0xef][0xbf][0xbd]B|[0xef][0xbf][0xbd][0x1e]_?[0xef][0xbf][0xbd][0xef][0xbf][0xbd][0xef][0xbf][0xbd][0xdc][0x83][0xef][0xbf][0xbd];[0xc7][0xb8]W[0xef][0xbf][0xbd][0xef][0xbf][0xbd][0x0];[0x8][0xef][0xbf][0xbd]0[0x1b]q[0xef][0xbf][0xbd][0xef][0xbf][0xbd][0xef][0xbf][0xbd][0xef][0xbf][0xbd][0xef][0xbf][0xbd][0xef][0xbf][0xbd][0xef][0xbf][0xbd] [0xef][0xbf][0xbd]:s[0xe][0xef][0xbf][0xbd][0xef][0xbf][0xbd]U[0x4][0xef][0xbf][0xbd]+[0xef][0xbf][0xbd][0xef][0xbf][0xbd]gqZ[0xef][0xbf][0xbd]][0xef][0xbf][0xbd]gS[0xef][0xbf][0xbd][0x1e]iK%A[0xef][0xbf][0xbd][0xef][0xbf][0xbd][0xef][0xbf][0xbd]b5@[0x2][0xef][0xbf][0xbd][0xef][0xbf][0xbd][0xf2][0xb0][0xa8][0x8d]I[0x9]a[0x12][0x4]Ky[0xef][0xbf][0xbd]2;f[0x3][0xef][0xbf][0xbd][0xef][0xbf][0xbd]4[0xef][0xbf][0xbd][0xef][0xbf][0xbd]d[0xef][0xbf][0xbd][0xef][0xbf][0xbd][0xef][0xbf][0xbd][0x6][0xef][0xbf][0xbd]Xo[0x9]A[0xef][0xbf][0xbd]`$[0xef][0xbf][0xbd][0xef][0xbf][0xbd]mO0[0xef][0xbf][0xbd][0x18][0xef][0xbf][0xbd][0xef][0xbf][0xbd][0x9][0xef][0xbf][0xbd]j[0xef][0xbf][0xbd][0xef][0xbf][0xbd]`[0xef][0xbf][0xbd][0xef][0xbf][0xbd][\r][0xef][0xbf][0xbd][0xef][0xbf][0xbd][0x19]'[0xef][0xbf][0xbd][0xef][0xbf][0xbd][0xef][0xbf][0xbd][0x6];[0xef][0xbf][0xbd]C[0xef][0xbf][0xbd][0x0][0xef][0xbf][0xbd][0xd4][0xac]x[0xef][0xbf][0xbd][0xef][0xbf][0xbd][0xef][0xbf][0xbd][0xef][0xbf][0xbd]\[0x16][0xef][0xbf][0xbd]l[0xef][0xbf][0xbd][0xef][0xbf][0xbd][0xef][0xbf][0xbd][0x6][0xef][0xbf][0xbd]l[0xef][0xbf][0xbd]e[0xef][0xbf][0xbd]-[0xef][0xbf][0xbd]l-[0xef][0xbf][0xbd]9[0xef][0xbf][0xbd]/[qy[0xef][0xbf][0xbd][0xef][0xbf][0xbd][0xef][0xbf][0xbd][0xef][0xbf][0xbd]l[0xd1][0xa2]Ew[0xef][0xbf][0xbd][0x1]`[0xef][0xbf][0xbd]][0xef][0xbf][0xbd][0xef][0xbf][0xbd][0x10]_[0xef][0xbf][0xbd]J[0xef][0xbf][0xbd][0xef][0xbf][0xbd][0xef][0xbf][0xbd]63[0xef][0xbf][0xbd][0xef][0xbf][0xbd][0xef][0xbf][0xbd]{[0xef][0xbf][0xbd]L,[0xef][0xbf][0xbd]@r!s0B\F[0xef][0xbf][0xbd][0xef][0xbf][0xbd][0xef][0xbf][0xbd][0xef][0xbf][0xbd]m[0x14][0xef][0xbf][0xbd]a[0xef][0xbf][0xbd]'[0x9]Ag~k[0xef][0xbf][0xbd][0xef][0xbf][0xbd][0xef][0xbf][0xbd][0x5]F%[0xef][0xbf][0xbd]M[0xef][0xbf][0xbd][0xef][0xbf][0xbd][0xef][0xbf][0xbd]'1[0xef][0xbf][0xbd][0xef][0xbf][0xbd]=[0x9]p[0xef][0xbf][0xbd][0xef][0xbf][0xbd][0x1a][0xef][0xbf][0xbd][0x1f][0xef][0xbf][0xbd][0xef][0xbf][0xbd][0x11][0xef][0xbf][0xbd][0xef][0xbf][0xbd]f[0xef][0xbf][0xbd]VF[0xef][0xbf][0xbd][0xd3][0x84][0xef][0xbf][0xbd]4[0xef][0xbf][0xbd]>[0xef][0xbf][0xbd][0xef][0xbf][0xbd][0xef][0xbf][0xbd][0xef][0xbf][0xbd][\r][0xef][0xbf][0xbd][0xef][0xbf][0xbd][0xb][0xef][0xbf][0xbd][0xef][0xbf][0xbd]HW [0xef][0xbf][0xbd][0x1]P[0xef][0xbf][0xbd][0xef][0xbf][0xbd]B[0xef][0xbf][0xbd][0xef][0xbf][0xbd][0xef][0xbf][0xbd][0xef][0xbf][0xbd]Qu[0xef][0xbf][0xbd][0xef][0xbf][0xbd][0x15][0x18]MN[0xef][0xbf][0xbd]gngpX[0xef][0xbf][0xbd]2l[0xef][0xbf][0xbd]V<[0xef][0xbf][0xbd]'nH[0xef][0xbf][0xbd][0xef][0xbf][0xbd]z[0xef][0xbf][0xbd][0xef][0xbf][0xbd][0xef][0xbf][0xbd]k[0xef][0xbf][0xbd]w[0xef][0xbf][0xbd][0xef][0xbf][0xbd]"[0x13][0xef][0xbf][0xbd]u[0xef][0xbf][0xbd][0xef][0xbf][0xbd][0x1][0xef][0xbf][0xbd]p [0xef][0xbf][0xbd][0x3][0xef][0xbf][0xbd]U[0xef][0xbf][0xbd]i[0xef][0xbf][0xbd][0x9][0xef][0xbf][0xbd][0x13][0xef][0xbf][0xbd][0x1a][0xef][0xbf][0xbd]4[0xef][0xbf][0xbd]x[0xef][0xbf][0xbd][0xef][0xbf][0xbd][0x2][0xef][0xbf][0xbd]E[0xef][0xbf][0xbd][0x16]M[0x2][0xef][0xbf][0xbd]][0xef][0xbf][0xbd][0xef][0xbf][0xbd]+[l[0xef][0xbf][0xbd])[0xef][0xbf][0xbd]!e[0xef][0xbf][0xbd][0x4][0x14][0xef][0xbf][0xbd][0xef][0xbf][0xbd][0xe]9[0xef][0xbf][0xbd]$[0xef][0xbf][0xbd][0xef][0xbf][0xbd][0xef][0xbf][0xbd][0xef][0xbf][0xbd]n[0xef][0xbf][0xbd]0`[\r][0xef][0xbf][0xbd][0xef][0xbf][0xbd][0xef][0xbf][0xbd]Y[0xef][0xbf][0xbd][0xef][0xbf][0xbd][0xef][0xbf][0xbd]>[0xef][0xbf][0xbd][0x2]@[0xef][0xbf][0xbd][0xef][0xbf][0xbd][0xef][0xbf][0xbd][0xef][0xbf][0xbd]%Z[0x1f]hQ[0xef][0xbf][0xbd]5[0xef][0xbf][0xbd][0xef][0xbf][0xbd][0xef][0xbf][0xbd][0xef][0xbf][0xbd][0x4][0x1][0x1b][0xef][0xbf][0xbd][0x6][0xef][0xbf][0xbd]$[\r][0xef][0xbf][0xbd]l[0xef][0xbf][0xbd][0x1]L6[0xef][0xbf][0xbd]:[0x1b][0xef][0xbf][0xbd][0x5][0xef][0xbf][0xbd]|[0xef][0xbf][0xbd]G[0x4]o[0x3]D[0xef][0xbf][0xbd][0xe1][0x94][0x89]L[0x4][0xef][0xbf][0xbd][0xef][0xbf][0xbd][0xd5][0xad][0x13]%[0xef][0xbf][0xbd][0xef][0xbf][0xbd][0x14]^[0xef][0xbf][0xbd]]RJB+[0x7][\n]"
07:56:30.721 [main] DEBUG org.apache.http.wire -  >> "[0xef][0xbf][0xbd][0x1d][0xef][0xbf][0xbd]3[0xef][0xbf][0xbd][0xef][0xbf][0xbd][[0xef][0xbf][0xbd][0xe6][0x94][0x87][0xef][0xbf][0xbd][0xef][0xbf][0xbd][0x6][0xef][0xbf][0xbd][0xef][0xbf][0xbd][0xef][0xbf][0xbd]Y[0x1e][0xef][0xbf][0xbd]=vn[0xd6][0xae][0xda][0xb0][0xef][0xbf][0xbd][0xef][0xbf][0xbd]jT[0xef][0xbf][0xbd]J[0x1c]f[0xef][0xbf][0xbd]f[0x8][0x17]Z"
07:56:30.721 [main] DEBUG org.apache.http.wire -  >> "[0xd3][0xb0][0xd0][0x9b]3et[0xef][0xbf][0xbd][0xef][0xbf][0xbd]9O#[0xef][0xbf][0xbd]x[0x1e]F[0xef][0xbf][0xbd][0xef][0xbf][0xbd]z[0xef][0xbf][0xbd]- [[0xef][0xbf][0xbd]h[0xef][0xbf][0xbd]A[\r]`v[0x5][0xef][0xbf][0xbd]=[0x6][0xef][0xbf][0xbd][0xef][0xbf][0xbd]E[0xef][0xbf][0xbd][0xef][0xbf][0xbd][0xd8][0x87]j[0xef][0xbf][0xbd][0xd6][0xb1][0x13][0xef][0xbf][0xbd]-8E[0xef][0xbf][0xbd][0xef][0xbf][0xbd][0xef][0xbf][0xbd][0xef][0xbf][0xbd]a[0xef][0xbf][0xbd][0xef][0xbf][0xbd]Qb[0xef][0xbf][0xbd]![0xef][0xbf][0xbd]n[0xef][0xbf][0xbd]1[0x6][0xef][0xbf][0xbd][0xef][0xbf][0xbd][0x3][0xef][0xbf][0xbd][0xef][0xbf][0xbd]$8p[0xef][0xbf][0xbd]h[0xef][0xbf][0xbd][0xef][0xbf][0xbd][0x13][0xef][0xbf][0xbd][0xef][0xbf][0xbd]%[0xef][0xbf][0xbd][0x1e]Np[0xef][0xbf][0xbd][0xef][0xbf][0xbd]![0xef][0xbf][0xbd][0xef][0xbf][0xbd][0xef][0xbf][0xbd][0xef][0xbf][0xbd]aT[0xef][0xbf][0xbd]}[0x18]@F<AQm[0xef][0xbf][0xbd][0xef][0xbf][0xbd][0xef][0xbf][0xbd]U[0xf][0x4][0xef][0xbf][0xbd][0xef][0xbf][0xbd][0xef][0xbf][0xbd][0xef][0xbf][0xbd][0xef][0xbf][0xbd]350z[0xef][0xbf][0xbd][0x1c][0x11][0xef][0xbf][0xbd][0xc5][0xad]I[0xef][0xbf][0xbd][0xef][0xbf][0xbd][0xef][0xbf][0xbd][0xef][0xbf][0xbd]bkY[0xef][0xbf][0xbd][0xef][0xbf][0xbd]L[0x1][0x13]@[0x10][0xef][0xbf][0xbd][0xef][0xbf][0xbd][0xef][0xbf][0xbd]-[0xef][0xbf][0xbd]f[0xef][0xbf][0xbd]q[0x11]#[0x3][0xef][0xbf][0xbd][0xef][0xbf][0xbd][0xef][0xbf][0xbd][0xef][0xbf][0xbd][0xef][0xbf][0xbd][0xb][0xdb][0xad][0xef][0xbf][0xbd]Sa[0xef][0xbf][0xbd][0xef][0xbf][0xbd][0xef][0xbf][0xbd]#[0x9]J[0x1][0xef][0xbf][0xbd][0x10]'[0xef][0xbf][0xbd][0xef][0xbf][0xbd][0xef][0xbf][0xbd]z[0xef][0xbf][0xbd]uC[0xef][0xbf][0xbd]j[0xef][0xbf][0xbd][0xef][0xbf][0xbd]r[0xef][0xbf][0xbd]m[0xef][0xbf][0xbd](}[0xef][0xbf][0xbd][0xef][0xbf][0xbd][0xef][0xbf][0xbd][0xef][0xbf][0xbd][0x19];M [0xef][0xbf][0xbd][0xef][0xbf][0xbd][0xef][0xbf][0xbd][0xef][0xbf][0xbd][0xef][0xbf][0xbd][0xef][0xbf][0xbd][0x2][0xef][0xbf][0xbd]E[0xef][0xbf][0xbd]>[0xef][0xbf][0xbd][0x0][0xef][0xbf][0xbd][0xef][0xbf][0xbd][0xef][0xbf][0xbd]k[0xef][0xbf][0xbd][0xef][0xbf][0xbd][0xef][0xbf][0xbd][0x1a]<[0xf]ow`[0xef][0xbf][0xbd]D[0xef][0xbf][0xbd][0xef][0xbf][0xbd]zn[0xef][0xbf][0xbd]m3[0xef][0xbf][0xbd][0xef][0xbf][0xbd][0xca][0xad]d[0xef][0xbf][0xbd]`U[0xef][0xbf][0xbd][0xeb][0x86][0xa9]Ni[0xef][0xbf][0xbd][0x18]L[0xb][0xef][0xbf][0xbd][0x6]C[0x9][0x8][0xef][0xbf][0xbd][0x0][0xce][0xa8]O[0xef][0xbf][0xbd][%</%$[\r][0xef][0xbf][0xbd]vs[0xef][0xbf][0xbd]lW[0xef][0xbf][0xbd][0xef][0xbf][0xbd][0xcb][0xa7][0x5]v[0xef][0xbf][0xbd][0xdb][0x91][\r]Qi.vQ[0xef][0xbf][0xbd]?*k[0xef][0xbf][0xbd][0x5]7[0xdd][0xa7][0xef][0xbf][0xbd][0xef][0xbf][0xbd]b[0xef][0xbf][0xbd][0xef][0xbf][0xbd][0x12][0xef][0xbf][0xbd].[0xef][0xbf][0xbd][0xef][0xbf][0xbd][0xd6][0xb1]%[0x0]*[0xef][0xbf][0xbd]M[0x11][0xef][0xbf][0xbd][0xef][0xbf][0xbd]UM[0xef][0xbf][0xbd][0x10][0xef][0xbf][0xbd]&[0x4][0xef][0xbf][0xbd]` [0x9][0xef][0xbf][0xbd][0xef][0xbf][0xbd][0x0]$3[\r][0xef][0xbf][0xbd][0x15]k[0xef][0xbf][0xbd]t[0xef][0xbf][0xbd][0x6][0xef][0xbf][0xbd][0xe][0xef][0xbf][0xbd]U[0x1f][0xef][0xbf][0xbd][0xef][0xbf][0xbd]pY[0xdf][0x95][0xef][0xbf][0xbd]r[0xef][0xbf][0xbd]z[0x2][0xef][0xbf][0xbd]2[0xca][0xb8][0x17][0xef][0xbf][0xbd]\[0xef][0xbf][0xbd][0xef][0xbf][0xbd][0x1b][0xef][0xbf][0xbd]f4[0xef][0xbf][0xbd]-[0x15][0xef][0xbf][0xbd]y2V[0xef][0xbf][0xbd]d1[0xc6][0xb5]{[0xef][0xbf][0xbd][0xef][0xbf][0xbd]l[0xd1][0xa2]O(=x[0xef][0xbf][0xbd][\n]"
07:56:30.721 [main] DEBUG org.apache.http.wire -  >> "`[0xef][0xbf][0xbd][0xef][0xbf][0xbd][0x13]8^[0xef][0xbf][0xbd]Z5[0xef][0xbf][0xbd][0xef][0xbf][0xbd]kG[0xef][0xbf][0xbd][0xd9][0xb0][0xef][0xbf][0xbd]Z[0xcc][0xbb][0xef][0xbf][0xbd][0xef][0xbf][0xbd]E[0xef][0xbf][0xbd][0xef][0xbf][0xbd]9[0xef][0xbf][0xbd]9[0x1e]bj[0xdd][0x94][0xef][0xbf][0xbd][0xef][0xbf][0xbd][0x1b][0xef][0xbf][0xbd][0xcb][0xa7][0x16][0xef][0xbf][0xbd]kiUp&9%. [0xef][0xbf][0xbd][0xf][0x15][0xef][0xbf][0xbd][0x1]wf[0xef][0xbf][0xbd]H[0xef][0xbf][0xbd][0xef][0xbf][0xbd]Q[0xef][0xbf][0xbd][0xef][0xbf][0xbd][0xef][0xbf][0xbd]9[0xef][0xbf][0xbd][0xef][0xbf][0xbd]p[0xef][0xbf][0xbd][0x1a][0xef][0xbf][0xbd]%a~[0xef][0xbf][0xbd]9`[0x4][0xef][0xbf][0xbd][0xef][0xbf][0xbd][0xef][0xbf][0xbd][0xc5][0x99][0xef][0xbf][0xbd][0x2][0xb]U[0xef][0xbf][0xbd]b[0xef][0xbf][0xbd][0xef][0xbf][0xbd]Y_[0xef][0xbf][0xbd][0xef][0xbf][0xbd][0xf][0xef][0xbf][0xbd]3[0x17][0xef][0xbf][0xbd][0xef][0xbf][0xbd][0x3][0xef][0xbf][0xbd]3[0xef][0xbf][0xbd][0xef][0xbf][0xbd][0xef][0xbf][0xbd][0xef][0xbf][0xbd]q[0xdc][0x90]f?[0xef][0xbf][0xbd][0xef][0xbf][0xbd][0xc7][0x8e]T [0x4][0xef][0xbf][0xbd][0xef][0xbf][0xbd]l[0xef][0xbf][0xbd]j[0xf]<[0xef][0xbf][0xbd][0xef][0xbf][0xbd].0[0xef][0xbf][0xbd]Jp[0x0][0xef][0xbf][0xbd][0xef][0xbf][0xbd][0xef][0xbf][0xbd][0x1b][0xef][0xbf][0xbd][0xc][0xef][0xbf][0xbd][0xef][0xbf][0xbd][0xef][0xbf][0xbd]S[0xef][0xbf][0xbd]i9[0xef][0xbf][0xbd][0xef][0xbf][0xbd][0xde][0x80][0xef][0xbf][0xbd][0xef][0xbf][0xbd][0xef][0xbf][0xbd][0xef][0xbf][0xbd][0xef][0xbf][0xbd][0xef][0xbf][0xbd][0xef][0xbf][0xbd][0xef][0xbf][0xbd][0x19][0xef][0xbf][0xbd][0xef][0xbf][0xbd]>[0xef][0xbf][0xbd][0xef][0xbf][0xbd])[0xef][0xbf][0xbd]/[0xef][0xbf][0xbd][0x4]6d[0xef][0xbf][0xbd]Y7[0xef][0xbf][0xbd]~[0xb][0xef][0xbf][0xbd][0x16]-[0xef][0xbf][0xbd][0xef][0xbf][0xbd][0xef][0xbf][0xbd][0xc3][0x9f][0xef][0xbf][0xbd][0xef][0xbf][0xbd][0x7][0x17][0xef][0xbf][0xbd][0xef][0xbf][0xbd][0xef][0xbf][0xbd][0xef][0xbf][0xbd]~[0xef][0xbf][0xbd]x[0x15][\r][0xef][0xbf][0xbd]7[0xef][0xbf][0xbd]c[0xef][0xbf][0xbd]`UQ[0xef][0xbf][0xbd]U[0xef][0xbf][0xbd]f[0xc3][0xa5][0x15][0xef][0xbf][0xbd][0xef][0xbf][0xbd]n[0xef][0xbf][0xbd]1[0x1e][0xef][0xbf][0xbd][0xef][0xbf][0xbd][0xef][0xbf][0xbd]9:[0xd4][0xa5]1[0x1a][0xcd][0x8a]K[0x1][0xef][0xbf][0xbd]C[0xef][0xbf][0xbd]f[0x19]p![0xef][0xbf][0xbd]"[0xef][0xbf][0xbd][0xef][0xbf][0xbd][0xef][0xbf][0xbd]3[0x18][0xef][0xbf][0xbd]+I[0xef][0xbf][0xbd]hw[0xef][0xbf][0xbd][0xde][0x93][0xef][0xbf][0xbd][0xef][0xbf][0xbd][0x9][0xef][0xbf][0xbd][0xef][0xbf][0xbd][0x1e][0xef][0xbf][0xbd][0x18][0x16][0xef][0xbf][0xbd]-[0xef][0xbf][0xbd]n-5[0xef][0xbf][0xbd][0xef][0xbf][0xbd][0xef][0xbf][0xbd]C[0xef][0xbf][0xbd][0xef][0xbf][0xbd]i[0x6][0xef][0xbf][0xbd][0xe4][0x93][0x81]d[0xcb][0xa3]2[0xef][0xbf][0xbd][0x8][0xef][0xbf][0xbd][0xef][0xbf][0xbd]Vg[0xef][0xbf][0xbd]1[0xef][0xbf][0xbd][0xef][0xbf][0xbd]c[0xef][0xbf][0xbd][0x0][0xdc][0x9b]Z_[0xef][0xbf][0xbd][0xef][0xbf][0xbd]bF[0xef][0xbf][0xbd][0xef][0xbf][0xbd]"b[0xef][0xbf][0xbd]/[0xf] ,[0x0]S[0xef][0xbf][0xbd][0xb]0TcY [0xef][0xbf][0xbd][0xef][0xbf][0xbd]u"[0xef][0xbf][0xbd]6<[0xef][0xbf][0xbd]y[0xef][0xbf][0xbd]Qw[0xef][0xbf][0xbd]O[0xef][0xbf][0xbd][0x17][0xd4][0x92][0xef][0xbf][0xbd]^[0xef][0xbf][0xbd][0xef][0xbf][0xbd][0xef][0xbf][0xbd]5P[0xef][0xbf][0xbd][0xef][0xbf][0xbd][0xef][0xbf][0xbd]/[0xef][0xbf][0xbd]j[0x1][0xef][0xbf][0xbd]&[0xef][0xbf][0xbd][0xef][0xbf][0xbd][0xef][0xbf][0xbd]w/[0xef][0xbf][0xbd][0xef][0xbf][0xbd][0xb][0xef][0xbf][0xbd][0x16]-[0xef][0xbf][0xbd][0xef][0xbf][0xbd][0xef][0xbf][0xbd][0xc3][0x9f][0xef][0xbf][0xbd]O_[0xef][0xbf][0xbd]:[0xef][0xbf][0xbd]^[0xef][0xbf][0xbd][0xca][0x88][0xef][0xbf][0xbd][0x2][0xef][0xbf][0xbd][0x1b][0xef][0xbf][0xbd]![0x1b]i[0x19][0xef][0xbf][0xbd][0xef][0xbf][0xbd][0x8][0xef][0xbf][0xbd],B[0x1b][0x1e]6?][0xc3][0x86][0xef][0xbf][0xbd][0xef][0xbf][0xbd]R[0xef][0xbf][0xbd][0xef][0xbf][0xbd]V15[0xef][0xbf][0xbd][0xef][0xbf][0xbd]$y[0xef][0xbf][0xbd][0xef][0xbf][0xbd],B?[0xef][0xbf][0xbd]gF[0xef][0xbf][0xbd][0xef][0xbf][0xbd]8S[0xef][0xbf][0xbd][0xef][0xbf][0xbd][0xef][0xbf][0xbd]U[0xef][0xbf][0xbd]1[0x3][0xe]U[0xef][0xbf][0xbd][0xef][0xbf][0xbd][0x9]y[0xef][0xbf][0xbd][0xef][0xbf][0xbd]u[0xef][0xbf][0xbd][0x5][0xdb][0xa5][0x15]m[0xef][0xbf][0xbd][0xef][0xbf][0xbd][0xef][0xbf][0xbd][0xef][0xbf][0xbd]][0x1][0xef][0xbf][0xbd][0xef][0xbf][0xbd][0x10][0x1][0xef][0xbf][0xbd][0xef][0xbf][0xbd][0xef][0xbf][0xbd][0xef][0xbf][0xbd][0x19][0x1f][0xef][0xbf][0xbd]Pnt"[0xb][0xef][0xbf][0xbd][0xef][0xbf][0xbd][0xef][0xbf][0xbd]4[0xef][0xbf][0xbd]%[0xef][0xbf][0xbd][0x1a][[0xef][0xbf][0xbd]B[0xc][0xef][0xbf][0xbd][0xef][0xbf][0xbd]&0[0xef][0xbf][0xbd][0xef][0xbf][0xbd][0x6][0xef][0xbf][0xbd][0x14]n^[0xef][0xbf][0xbd][0xe]#[0xef][0xbf][0xbd][0xd8][0xb1][0xef][0xbf][0xbd][0xef][0xbf][0xbd][0xb][0x2]e4p[0xef][0xbf][0xbd].[0xef][0xbf][0xbd][0xef][0xbf][0xbd]T[0xef][0xbf][0xbd][0xd2][0xab][0x7][0xef][0xbf][0xbd]W[0xdc][0x80][0xef][0xbf][0xbd][0xef][0xbf][0xbd]-\[0xef][0xbf][0xbd]y!9![0xef][0xbf][0xbd][0xc9][0x85][0xef][0xbf][0xbd][0xef][0xbf][0xbd][0xef][0xbf][0xbd][0xef][0xbf][0xbd]*[0x1f][0xef][0xbf][0xbd][0xef][0xbf][0xbd][0x6][0xef][0xbf][0xbd][0x0][0xef][0xbf][0xbd]wnfH[0xef][0xbf][0xbd][0xf]}[0xef][0xbf][0xbd]qRX[0x16]-Z[0xef][0xbf][0xbd][0xef][0xbf][0xbd][0xef][0xbf][0xbd][0xef][0xbf][0xbd][0x5][0xef][0xbf][0xbd][0xef][0xbf][0xbd]x[0xef][0xbf][0xbd][0xef][0xbf][0xbd][0xef][0xbf][0xbd]>[0xef][0xbf][0xbd][0xef][0xbf][0xbd][0xef][0xbf][0xbd]^[0xef][0xbf][0xbd]b[0xef][0xbf][0xbd][0xef][0xbf][0xbd][0xd5][0xb5][0x5]-[0xef][0xbf][0xbd][0xef][0xbf][0xbd]b[0xef][0xbf][0xbd][0x1c][0x8][0xef][0xbf][0xbd][0xef][0xbf][0xbd]$[\n]"
07:56:30.722 [main] DEBUG org.apache.http.wire -  >> "[0xef][0xbf][0xbd]rZU[0xef][0xbf][0xbd]_[0xef][0xbf][0xbd]I[0xef][0xbf][0xbd]&1[0xef][0xbf][0xbd]SRE[0xef][0xbf][0xbd]J[0xef][0xbf][0xbd][0x18][0xd6][0x9c]U[0xef][0xbf][0xbd]0[0xef][0xbf][0xbd]F[0x12]G[0xef][0xbf][0xbd][0xef][0xbf][0xbd]h[0xef][0xbf][0xbd][0xef][0xbf][0xbd][0xef][0xbf][0xbd][0x12][0xef][0xbf][0xbd]i[0xef][0xbf][0xbd][0x16]7[0xef][0xbf][0xbd],[0xef][0xbf][0xbd]q$[0xef][0xbf][0xbd][0x19]-[0xef][0xbf][0xbd][0xef][0xbf][0xbd]<[0xcd][0xb8].[0xef][0xbf][0xbd]?[0xef][0xbf][0xbd]_[0xef][0xbf][0xbd][0xef][0xbf][0xbd]}K[0xef][0xbf][0xbd][\r][0xef][0xbf][0xbd][0xc5][0xb8][0x17][0xca][0x81]U[0xef][0xbf][0xbd][\n]"
07:56:30.722 [main] DEBUG org.apache.http.wire -  >> "][0xef][0xbf][0xbd][0xc3][0x85]k[0xef][0xbf][0xbd]F[0xef][0xbf][0xbd][0xef][0xbf][0xbd][0xef][0xbf][0xbd][0xef][0xbf][0xbd][0xef][0xbf][0xbd]& [0x12]}[0xcd][0xa8][0xef][0xbf][0xbd][0xef][0xbf][0xbd]R"$[0xef][0xbf][0xbd][0xca][0xa7][0xef][0xbf][0xbd]g[0xef][0xbf][0xbd]RG>[0xef][0xbf][0xbd]VtY[0xce][0xa2]t[0xef][0xbf][0xbd][0xef][0xbf][0xbd][0xef][0xbf][0xbd]Ts\[0xda][0xbd]hV[0xef][0xbf][0xbd]][0xef][0xbf][0xbd]s[0xef][0xbf][0xbd][0x0]L[0x1e]J[0xef][0xbf][0xbd][0xef][0xbf][0xbd]X2[0xef][0xbf][0xbd][0x9]sb[0xef][0xbf][0xbd]g[0x1e],[0xef][0xbf][0xbd]l[0xd1][0xa2][0xef][0xbf][0xbd])=[0xef][0xbf][0xbd][0xef][0xbf][0xbd][0xef][0xbf][0xbd][0xef][0xbf][0xbd][0x15][0xef][0xbf][0xbd][0xef][0xbf][0xbd][0xef][0xbf][0xbd][0xef][0xbf][0xbd][0xef][0xbf][0xbd][0xef][0xbf][0xbd][0xef][0xbf][0xbd]a[0x18][0xef][0xbf][0xbd][0xef][0xbf][0xbd]P[0xef][0xbf][0xbd]e[0x2]a[0xef][0xbf][0xbd][0x0]#[0x10],[0xef][0xbf][0xbd][0x18][0x1f][0xef][0xbf][0xbd][0xef][0xbf][0xbd]|}[0x7][0x10]C[0xdc][0xa4][0xef][0xbf][0xbd][0x19][0xe4][0x9e][0xb7][0xef][0xbf][0xbd]$[0xef][0xbf][0xbd][0xf][0xc4][0xb5][0x4]Pu[0xef][0xbf][0xbd][0xef][0xbf][0xbd]Qf[0xef][0xbf][0xbd]hc~[0x1]R3[0xef][0xbf][0xbd][0xef][0xbf][0xbd][0xef][0xbf][0xbd]{[0xef][0xbf][0xbd][0xef][0xbf][0xbd][0xef][0xbf][0xbd][0xd9][0xa9][0xef][0xbf][0xbd][0xef][0xbf][0xbd][0xef][0xbf][0xbd][0x1d] [0xef][0xbf][0xbd][0xef][0xbf][0xbd]R[0x4][0xef][0xbf][0xbd][0xef][0xbf][0xbd][0xef][0xbf][0xbd][0xef][0xbf][0xbd]s[0xef][0xbf][0xbd][0xef][0xbf][0xbd]"[0x6][0xef][0xbf][0xbd][0x2][0xef][0xbf][0xbd]$5_\[0xef][0xbf][0xbd][0xef][0xbf][0xbd]v2[0xef][0xbf][0xbd][0xef][0xbf][0xbd][\r][0xef][0xbf][0xbd][0xef][0xbf][0xbd]f[0xef][0xbf][0xbd][0xef][0xbf][0xbd][0x16]}~c[0xf]A[0xef][0xbf][0xbd][0xef][0xbf][0xbd][0xef][0xbf][0xbd][0xef][0xbf][0xbd]mvB[0xef][0xbf][0xbd][0xef][0xbf][0xbd]p[0xef][0xbf][0xbd][0xef][0xbf][0xbd]X[0xef][0xbf][0xbd][0x1f][0xef][0xbf][0xbd]6r[0xef][0xbf][0xbd]|[0xef][0xbf][0xbd]n[0xef][0xbf][0xbd][0x12]6[0xef][0xbf][0xbd][0xef][0xbf][0xbd][0xef][0xbf][0xbd][0xef][0xbf][0xbd]64[0x2][0xef][0xbf][0xbd]*[0x19]h.*[0xef][0xbf][0xbd][0xd8][0x98]*-[0xd3][0xb2][0xef][0xbf][0xbd]\q$[0x8][0xef][0xbf][0xbd][0xef][0xbf][0xbd].[0xef][0xbf][0xbd]P[0xef][0xbf][0xbd]Z@[0xef][0xbf][0xbd]h[0xef][0xbf][0xbd][0xc7][0x8c][0xef][0xbf][0xbd][0xef][0xbf][0xbd]3[0xef][0xbf][0xbd][0xef][0xbf][0xbd][0xef][0xbf][0xbd][0xd7][0xa5][0xef][0xbf][0xbd][0xef][0xbf][0xbd][0xef][0xbf][0xbd][0xef][0xbf][0xbd][0xb][0xef][0xbf][0xbd][0x5][0x9][0xef][0xbf][0xbd]X[0x9]|[0x1][0xef][0xbf][0xbd]P[0x9][0xef][0xbf][0xbd][0xef][0xbf][0xbd][0xb][0xef][0xbf][0xbd]#[0xef][0xbf][0xbd][0xef][0xbf][0xbd]F[0xef][0xbf][0xbd][0xef][0xbf][0xbd][0x2]h-_[0xef][0xbf][0xbd]f[0xef][0xbf][0xbd]`[0x5]v[0xe2][0x9c][0xbf][0xef][0xbf][0xbd]q[0xef][0xbf][0xbd]#[0xef][0xbf][0xbd]1-&h[0xef][0xbf][0xbd]T[0x1d]B[0x1e][0xc2][0xaf][0x1c]o[0xef][0xbf][0xbd]h[0xef][0xbf][0xbd]@[0xef][0xbf][0xbd][0xef][0xbf][0xbd]t[0xef][0xbf][0xbd][0xef][0xbf][0xbd][0x2][0xef][0xbf][0xbd]M[0xef][0xbf][0xbd][0x8]-2[0xef][0xbf][0xbd][0xef][0xbf][0xbd][0xef][0xbf][0xbd]R[0xef][0xbf][0xbd][0xef][0xbf][0xbd]R[0xef][0xbf][0xbd]=iFYl[0xef][0xbf][0xbd]~[0xc]$/[0x16][0xef][0xbf][0xbd]s[0xef][0xbf][0xbd][0x13]`[0x13]'[0xef][0xbf][0xbd]r[0xc]D7kls[0xef][0xbf][0xbd][0xef][0xbf][0xbd][0xd5][0x8e][0xef][0xbf][0xbd]i[0xef][0xbf][0xbd][0xef][0xbf][0xbd]lk[0xef][0xbf][0xbd][0x1e][0x19]>[0xef][0xbf][0xbd]7[\n]"
07:56:30.722 [main] DEBUG org.apache.http.wire -  >> "Ph-I[0x18][0xcd][0x81][0xef][0xbf][0xbd]:&[0xef][0xbf][0xbd][0xe][0xef][0xbf][0xbd]V!}[0xd2][0x81]N[0xef][0xbf][0xbd][0xef][0xbf][0xbd][0xef][0xbf][0xbd][0x1b]c[0xef][0xbf][0xbd]&}[0xef][0xbf][0xbd]>[0xef][0xbf][0xbd][0xef][0xbf][0xbd][0xef][0xbf][0xbd]}2[0xef][0xbf][0xbd][0xef][0xbf][0xbd][0xef][0xbf][0xbd]<0[0xef][0xbf][0xbd]0i[0xef][0xbf][0xbd]WJ[0x17][0xef][0xbf][0xbd][0xef][0xbf][0xbd]h[0xd1][0xa2][0xef][0xbf][0xbd]6[0x1d][0x19][0xef][0xbf][0xbd][0xef][0xbf][0xbd]y[0xef][0xbf][0xbd]2[0x10][0xef][0xbf][0xbd]F][0xef][0xbf][0xbd]U[0xef][0xbf][0xbd][0x1d][0x1e][0xef][0xbf][0xbd][0x4][0xef][0xbf][0xbd]I-[0xef][0xbf][0xbd][\r][0xef][0xbf][0xbd][0xde][0x8a][0x19][0xef][0xbf][0xbd][0xef][0xbf][0xbd]NL7[0xef][0xbf][0xbd][0xef][0xbf][0xbd][0xef][0xbf][0xbd] [0xd6][0x90][0xef][0xbf][0xbd]]`[0xef][0xbf][0xbd][0xef][0xbf][0xbd]j[0xef][0xbf][0xbd]g[0x0]4[0xef][0xbf][0xbd][0xef][0xbf][0xbd]I[0x12][0xef][0xbf][0xbd][0xef][0xbf][0xbd][0xef][0xbf][0xbd]][0xef][0xbf][0xbd][0xef][0xbf][0xbd][\n]"
07:56:30.722 [main] DEBUG org.apache.http.wire -  >> "[0x17][0xef][0xbf][0xbd]n[0xef][0xbf][0xbd][0xef][0xbf][0xbd][0xd5][0x96]^[0xef][0xbf][0xbd][0xef][0xbf][0xbd][0xef][0xbf][0xbd]d[0xef][0xbf][0xbd][0xce][0xa6][0xef][0xbf][0xbd][0xef][0xbf][0xbd][0x1]S[0xef][0xbf][0xbd][0xef][0xbf][0xbd]b[0xef][0xbf][0xbd]`z[0xef][0xbf][0xbd][0xef][0xbf][0xbd]Yt[0xef][0xbf][0xbd]q[0xef][0xbf][0xbd]W[0xc3][0x84]5[0xef][0xbf][0xbd]C[0xca][0x92]k[0xd1][0xa5][0xef][0xbf][0xbd][0xef][0xbf][0xbd][0xef][0xbf][0xbd]9[0xb]W[0xef][0xbf][0xbd][0xf]`[0xef][0xbf][0xbd][0xef][0xbf][0xbd][0xef][0xbf][0xbd][0xef][0xbf][0xbd][0xef][0xbf][0xbd][0xe]x36z[0x7][0xef][0xbf][0xbd]|\[0xef][0xbf][0xbd][0xef][0xbf][0xbd]{[0xef][0xbf][0xbd][0xef][0xbf][0xbd][0xef][0xbf][0xbd][0xef][0xbf][0xbd]Tr[0xef][0xbf][0xbd][0xef][0xbf][0xbd][0xef][0xbf][0xbd]-M;[0xef][0xbf][0xbd]brya@[0x18][0xef][0xbf][0xbd]zG[0xef][0xbf][0xbd][0xef][0xbf][0xbd]E[\r][0xef][0xbf][0xbd]'][0xef][0xbf][0xbd][0xef][0xbf][0xbd]h[0xef][0xbf][0xbd]v[0xef][0xbf][0xbd][0x1b][0xef][0xbf][0xbd][0xef][0xbf][0xbd][0x5]a[0xef][0xbf][0xbd]Y[0xef][0xbf][0xbd][0xef][0xbf][0xbd]a[0xef][0xbf][0xbd]q[0xef][0xbf][0xbd][0xef][0xbf][0xbd][0xef][0xbf][0xbd]/[0xef][0xbf][0xbd]l[0xd1][0xa2][0xef][0xbf][0xbd]0%[0xef][0xbf][0xbd]=[0xef][0xbf][0xbd][0xd8][0xbe][0x13][0xef][0xbf][0xbd][0xef][0xbf][0xbd][0xef][0xbf][0xbd][0xef][0xbf][0xbd]y[0xef][0xbf][0xbd]V[0xef][0xbf][0xbd]K[0xef][0xbf][0xbd]([0xef][0xbf][0xbd][0x14].!q[0xef][0xbf][0xbd]J[0xef][0xbf][0xbd][0xef][0xbf][0xbd]q[0xef][0xbf][0xbd]k[0xef][0xbf][0xbd][0xef][0xbf][0xbd][0xef][0xbf][0xbd]{[0xef][0xbf][0xbd][0xef][0xbf][0xbd][0xef][0xbf][0xbd][0xef][0xbf][0xbd]*$[0xef][0xbf][0xbd][0xef][0xbf][0xbd]pAi,[0xef][0xbf][0xbd][0xef][0xbf][0xbd]0[0xef][0xbf][0xbd][0x16][0xe][0xef][0xbf][0xbd]{[0xef][0xbf][0xbd]=[0xef][0xbf][0xbd]"-[0x4][0xef][0xbf][0xbd][0xd5][0x9e][0xef][0xbf][0xbd][0xef][0xbf][0xbd][0xca][0xbd][0xef][0xbf][0xbd]-[0xd9][0x9e]N8[0xc8][0x8d][0xc8][0x8e][0xef][0xbf][0xbd][0xc2][0x90]Nn[0xef][0xbf][0xbd][0xef][0xbf][0xbd][0xef][0xbf][0xbd][0xef][0xbf][0xbd][0x2][0xef][0xbf][0xbd]lpT[0xef][0xbf][0xbd]YE[0xef][0xbf][0xbd]K[0xef][0xbf][0xbd]\[0xef][0xbf][0xbd]f')P[0xef][0xbf][0xbd]o[0xef][0xbf][0xbd][0x9][0xef][0xbf][0xbd][0xef][0xbf][0xbd]Vu[0xef][0xbf][0xbd]1s[0x12]VR[0xef][0xbf][0xbd].[0x1c][0xef][0xbf][0xbd]7[0xef][0xbf][0xbd]1O[0xef][0xbf][0xbd]Jtk[0xef][0xbf][0xbd][\n]"
07:56:30.723 [main] DEBUG org.apache.http.wire -  >> "5[0xef][0xbf][0xbd][0xef][0xbf][0xbd][0xef][0xbf][0xbd][[0xef][0xbf][0xbd][0x7]+[0xef][0xbf][0xbd][0x19][0xef][0xbf][0xbd]}[0xef][0xbf][0xbd][0x7]%[0xef][0xbf][0xbd]%[0xef][0xbf][0xbd]T[0xef][0xbf][0xbd]1[0xef][0xbf][0xbd][0xef][0xbf][0xbd]n[0x3][0xef][0xbf][0xbd][[0x7][0xeb][0xa2][0xb1][0xef][0xbf][0xbd]c[0x9][0xef][0xbf][0xbd][0xef][0xbf][0xbd][0xef][0xbf][0xbd]c[0xef][0xbf][0xbd][0x3][0xef][0xbf][0xbd][0xef][0xbf][0xbd]M[0xef][0xbf][0xbd]G[0xef][0xbf][0xbd]GiDb$[0xef][0xbf][0xbd][0x18]][0xef][0xbf][0xbd]![0xef][0xbf][0xbd]G[0xef][0xbf][0xbd][\r][0x19][0xef][0xbf][0xbd]eU>[0x1c][0xef][0xbf][0xbd][0xc5][0xb7][0xef][0xbf][0xbd]l[0x3][0xef][0xbf][0xbd][0x16][0xef][0xbf][0xbd]-Z[0xef][0xbf][0xbd][0x11][0xef][0xbf][0xbd]=[0xef][0xbf][0xbd][0xde][0x9f]}[0xef][0xbf][0xbd][0xef][0xbf][0xbd][0xef][0xbf][0xbd]^[0xef][0xbf][0xbd][0xef][0xbf][0xbd][0xef][0xbf][0xbd][0xef][0xbf][0xbd]S[0xe][0x16][0xef][0xbf][0xbd][0xef][0xbf][0xbd]{[0xf]D!c[0xd4][0x9c][0xef][0xbf][0xbd]4[0xef][0xbf][0xbd][0xef][0xbf][0xbd]nNQ>z[0xef][0xbf][0xbd][0xef][0xbf][0xbd]b[0x11][0xef][0xbf][0xbd]^@[0xef][0xbf][0xbd]Y[0x9]9[0x8][0xca][0xaa][0xef][0xbf][0xbd][0x0]i[0xd5][0x94]i[0xef][0xbf][0xbd]l8[0xef][0xbf][0xbd][0xef][0xbf][0xbd][0xef][0xbf][0xbd]k[0xef][0xbf][0xbd][0xef][0xbf][0xbd][0xef][0xbf][0xbd]Rj3[0xef][0xbf][0xbd][0xc][0x1c][0xef][0xbf][0xbd][0xef][0xbf][0xbd][0xef][0xbf][0xbd]$_[0xef][0xbf][0xbd]L[0x9]o&%[0xef][0xbf][0xbd][0xef][0xbf][0xbd]f6[0x4]o[0xef][0xbf][0xbd][0xef][0xbf][0xbd][0xef][0xbf][0xbd]:[0xef][0xbf][0xbd]c[0xca][0xb4][0xef][0xbf][0xbd]J[0xef][0xbf][0xbd][0xef][0xbf][0xbd]*[0x4][0xef][0xbf][0xbd][0xdb][0x9d][0xef][0xbf][0xbd][0xef][0xbf][0xbd][0xef][0xbf][0xbd][0x6]`4[0x9]!&>&.0[0xef][0xbf][0xbd]/[0xdb][0xaf]Vk[0xef][0xbf][0xbd]4[0xef][0xbf][0xbd][0x1a]M[0xef][0xbf][0xbd]>z_[0xef][0xbf][0xbd]5[0xef][0xbf][0xbd][0xef][0xbf][0xbd]F3[0x1d][0xef][0xbf][0xbd][0xef][0xbf][0xbd][0xef][0xbf][0xbd][0xef][0xbf][0xbd]a[0xef][0xbf][0xbd][0x7]nc[0xef][0xbf][0xbd][0xd8][0xa8][0xef][0xbf][0xbd]-41[0xef][0xbf][0xbd]bX[0xef][0xbf][0xbd]&[0xef][0xbf][0xbd]2[\r][0xef][0xbf][0xbd][0x11][0xde][0x8d]y &Z[0x13][0xef][0xbf][0xbd][0x1e][0x15][0xef][0xbf][0xbd][0xef][0xbf][0xbd][0xe4][0xbf][0xb3][0xef][0xbf][0xbd]f[0xef][0xbf][0xbd][0xef][0xbf][0xbd]ubh[0xc]}[0xef][0xbf][0xbd][0x0];[0xd3][0x83][0xef][0xbf][0xbd][0x17][0xef][0xbf][0xbd]-Z[0xef][0xbf][0xbd][0xef][0xbf][0xbd][0xef][0xbf][0xbd][0xef][0xbf][0xbd][0xef][0xbf][0xbd][0xef][0xbf][0xbd][0xef][0xbf][0xbd][0xef][0xbf][0xbd][0xef][0xbf][0xbd]o[0xef][0xbf][0xbd][0xef][0xbf][0xbd]u[0x5][0xef][0xbf][0xbd][0x19][0xef][0xbf][0xbd]&[0xdb][0xb7][0xe]r[0xef][0xbf][0xbd][0x2][0xc][0x14][0xef][0xbf][0xbd]2)d[\n]"
07:56:30.723 [main] DEBUG org.apache.http.wire -  >> "X[0x1b][0xe][0x1c]D[0x12]A)[0xef][0xbf][0xbd][0x9][0x12][0xef][0xbf][0xbd][0xef][0xbf][0xbd][0x14][0xef][0xbf][0xbd][0xef][0xbf][0xbd]5[0x5][0xef][0xbf][0xbd][\n]"
07:56:30.723 [main] DEBUG org.apache.http.wire -  >> "[0x15][0xef][0xbf][0xbd][0x14][0xef][0xbf][0xbd]8[0xef][0xbf][0xbd][0xef][0xbf][0xbd]pZJ"[0xef][0xbf][0xbd]O.C[0x7][0xef][0xbf][0xbd]R[0xc8][0xaa][0xef][0xbf][0xbd][0xef][0xbf][0xbd][0xef][0xbf][0xbd]S[0xef][0xbf][0xbd][0xef][0xbf][0xbd]`][0xef][0xbf][0xbd][0xef][0xbf][0xbd]a[0xef][0xbf][0xbd][0xef][0xbf][0xbd][0xef][0xbf][0xbd]f[0xd1][0xa7][0xef][0xbf][0xbd]k[0xef][0xbf][0xbd]v[0xef][0xbf][0xbd][0xef][0xbf][0xbd][0xef][0xbf][0xbd][0xef][0xbf][0xbd][0xdc][0x99][0xef][0xbf][0xbd][0xef][0xbf][0xbd]Z[0xef][0xbf][0xbd][0xef][0xbf][0xbd]OV"5`![0xef][0xbf][0xbd][0xef][0xbf][0xbd][0xe][0xef][0xbf][0xbd]r[0xef][0xbf][0xbd][\r][0xef][0xbf][0xbd][0x1d][0xef][0xbf][0xbd]C[0xef][0xbf][0xbd]'[0xef][0xbf][0xbd][0xef][0xbf][0xbd]'p[0xef][0xbf][0xbd][0xef][0xbf][0xbd][0xef][0xbf][0xbd][0xef][0xbf][0xbd]`[0xc5][0xa6]V[0xef][0xbf][0xbd]O[0x2]%\r*[0x8][0xd6][0xa8][0xef][0xbf][0xbd][0xef][0xbf][0xbd][0x9][0x18]:e[0x11]v[0xef][0xbf][0xbd][0xef][0xbf][0xbd]6[0xef]"
07:56:30.723 [main] DEBUG org.apache.http.wire -  >> "[0xbf][0xbd][0x1c]c[0xef][0xbf][0xbd][0xef][0xbf][0xbd];/|</7[0x16][0xef][0xbf][0xbd][0xef][0xbf][0xbd]n6[0xef][0xbf][0xbd]2GS[0xef][0xbf][0xbd][0x9]?+>[0x18][0xef][0xbf][0xbd]|)[0xef][0xbf][0xbd][0xd3][0xb2]w[0xef][0xbf][0xbd][0xef][0xbf][0xbd][0xef][0xbf][0xbd][0xef][0xbf][0xbd]p[0xef][0xbf][0xbd][0xd5][0xad].H[0xef][0xbf][0xbd]tH[0xef][0xbf][0xbd][0x16][0xef][0xbf][0xbd]-Z[0xef][0xbf][0xbd][0x11][0xef][0xbf][0xbd]/[0xef][0xbf][0xbd][0xef][0xbf][0xbd][0xef][0xbf][0xbd][0xef][0xbf][0xbd][0xd7][0xae].[0xef][0xbf][0xbd]W[0xef][0xbf][0xbd][0xef][0xbf][0xbd][0xef][0xbf][0xbd][0xef][0xbf][0xbd][\r][0xef][0xbf][0xbd][0xef][0xbf][0xbd]aI[0xef][0xbf][0xbd][0xef][0xbf][0xbd]i[0xf][0xef][0xbf][0xbd]jk[0x2][0xef][0xbf][0xbd]J6[0x1d][0x1b]%k[0xef][0xbf][0xbd]L[0xef][0xbf][0xbd])[0xef][0xbf][0xbd][0x6][0xef][0xbf][0xbd]m[0x10][0xef][0xbf][0xbd]*[0xef][0xbf][0xbd][0xef][0xbf][0xbd]d[0xcf][0x85]976G[0x17][0xf][0xef][0xbf][0xbd]@[0xef][0xbf][0xbd][0x9][0xef][0xbf][0xbd]S2[\n]"
07:56:30.723 [main] DEBUG org.apache.http.wire -  >> "EI[0xef][0xbf][0xbd][0xef][0xbf][0xbd]w[0x16][0xef][0xbf][0xbd][0xef][0xbf][0xbd]Y/\U[\r]p[0xef][0xbf][0xbd]-[0xef][0xbf][0xbd][0xef][0xbf][0xbd][0xef][0xbf][0xbd][\n]"
07:56:30.723 [main] DEBUG org.apache.http.wire -  >> "[0xef][0xbf][0xbd][0xef][0xbf][0xbd]C[0xef][0xbf][0xbd][0xef][0xbf][0xbd][0xef][0xbf][0xbd][0xef][0xbf][0xbd][0xef][0xbf][0xbd])[0x1b]L[0xef][0xbf][0xbd]h[0xc8][0xb2][0xef][0xbf][0xbd][0xef][0xbf][0xbd][0x2]s&[0xef][0xbf][0xbd][0xef][0xbf][0xbd]f[\n]"
07:56:30.723 [main] DEBUG org.apache.http.wire -  >> "[0xef][0xbf][0xbd]A[0xef][0xbf][0xbd]M[0xef][0xbf][0xbd][0x1c][0x6][0xef][0xbf][0xbd][0xef][0xbf][0xbd][0xef][0xbf][0xbd][0xef][0xbf][0xbd]q[0xef][0xbf][0xbd]6`[0x2][0xef][0xbf][0xbd]@[0xef][0xbf][0xbd][0xef][0xbf][0xbd][0xef][0xbf][0xbd][0xef][0xbf][0xbd][0x2][0xef][0xbf][0xbd]\[0xef][0xbf][0xbd][0x19][\n]"
07:56:30.723 [main] DEBUG org.apache.http.wire -  >> "[0xef][0xbf][0xbd]2[0xef][0xbf][0xbd]Z[0xef][0xbf][0xbd][0xef][0xbf][0xbd][0x1f]0[0xef][0xbf][0xbd][0xef][0xbf][0xbd][0xef][0xbf][0xbd] [0xef][0xbf][0xbd][0xef][0xbf][0xbd]/ 9[0x1d][0xef][0xbf][0xbd][0xef][0xbf][0xbd],[0xef][0xbf][0xbd],[0xef][0xbf][0xbd]6I[0xef][0xbf][0xbd]n[0xef][0xbf][0xbd][0x1][0xef][0xbf][0xbd][0xef][0xbf][0xbd]&[0xef][0xbf][0xbd][0xef][0xbf][0xbd][0xef][0xbf][0xbd]i[0xef][0xbf][0xbd][0xef][0xbf][0xbd]3[0xef][0xbf][0xbd]:I[0x14][0xef][0xbf][0xbd]FNC[0xdd][0x97][0xef][0xbf][0xbd]mSe[0xef][0xbf][0xbd][0xef][0xbf][0xbd][0xef][0xbf][0xbd][0xef][0xbf][0xbd]l[0xd1][0xa2][0xef][0xbf][0xbd][0xef][0xbf][0xbd][0xef][0xbf][0xbd][0xef][0xbf][0xbd][0xef][0xbf][0xbd][0xef][0xbf][0xbd][0xef][0xbf][0xbd][0xef][0xbf][0xbd]W[0xef][0xbf][0xbd][0xef][0xbf][0xbd][0xef][0xbf][0xbd]u[\r][0xef][0xbf][0xbd]/[0x14][0xef][0xbf][0xbd]Ra[0xef][0xbf][0xbd]A$[0xef][0xbf][0xbd][0xef][0xbf][0xbd]z[0xef][0xbf][0xbd]}j[0xe9][0xa2][0x98][0x1b][0x5][0x1e]e[0xef][0xbf][0xbd][0xef][0xbf][0xbd][0xef][0xbf][0xbd]D[0x1][0xef][0xbf][0xbd][0xef][0xbf][0xbd][0x0][0xef][0xbf][0xbd]C[0xef][0xbf][0xbd][0xef][0xbf][0xbd][0xef][0xbf][0xbd]b[0xef][0xbf][0xbd]?[0xef][0xbf][0xbd][0xef][0xbf][0xbd][0x8]*,[0x8][0xef][0xbf][0xbd][0xef][0xbf][0xbd][0x19]S2[0xef][0xbf][0xbd];[0x11]M2[0xef][0xbf][0xbd][0xef][0xbf][0xbd][0xef][0xbf][0xbd]#[0xef][0xbf][0xbd]c,[0xef][0xbf][0xbd][0xef][0xbf][0xbd]([0xef][0xbf][0xbd][0xef][0xbf][0xbd][\n]"
07:56:30.724 [main] DEBUG org.apache.http.wire -  >> "[0xef][0xbf][0xbd]2[0x11]T[0xef][0xbf][0xbd][0xef][0xbf][0xbd]-[0xef][0xbf][0xbd][0xef][0xbf][0xbd][0xef][0xbf][0xbd][0xef][0xbf][0xbd][0xef][0xbf][0xbd][0xef][0xbf][0xbd][0x1c] ]7[0xef][0xbf][0xbd][0xef][0xbf][0xbd][0x10][0xef][0xbf][0xbd][0xef][0xbf][0xbd]&[0xef][0xbf][0xbd][0xef][0xbf][0xbd]@[0xef][0xbf][0xbd]Z[0xef][0xbf][0xbd][0xef][0xbf][0xbd]}`>[0xef][0xbf][0xbd][0xef][0xbf][0xbd]r[0xef][0xbf][0xbd]/[0xd7][0xa5] [0xef][0xbf][0xbd],[0xef][0xbf][0xbd]\ V[0xd5][0x9f][0xef][0xbf][0xbd]O[0xef][0xbf][0xbd]@_[0xef][0xbf][0xbd][0x10]h[0xef][0xbf][0xbd][0xef][0xbf][0xbd]>0b[0xef][0xbf][0xbd][0xef][0xbf][0xbd][0xef][0xbf][0xbd][0xef][0xbf][0xbd][0xef][0xbf][0xbd][0xef][0xbf][0xbd][0xef][0xbf][0xbd][0xef][0xbf][0xbd]%zl[0x2][0xef][0xbf][0xbd][0xef][0xbf][0xbd]b[0xb]T[0xf]M[0x14][0xef][0xbf][0xbd][0xef][0xbf][0xbd][0x1a]5[0x17]M[0xc]9[0x6][0xef][0xbf][0xbd][0x1a][0xef][0xbf][0xbd]n[0x0]-}[0xef][0xbf][0xbd][0xef][0xbf][0xbd]$[0xef][0xbf][0xbd]E'u[0x4][0xef][0xbf][0xbd]_C[0xef][0xbf][0xbd][0x15][0xef][0xbf][0xbd]=[0xef][0xbf][0xbd][0xef][0xbf][0xbd][0xef][0xbf][0xbd][0xef][0xbf][0xbd][0xef][0xbf][0xbd][0x5]d[0xef][0xbf][0xbd][0x16]=e[0xef][0xbf][0xbd][0xef][0xbf][0xbd][0xef][0xbf][0xbd][0xef][0xbf][0xbd][0xef][0xbf][0xbd]UI~[0xef][0xbf][0xbd][0xef][0xbf][0xbd][0x16]y[\n]"
07:56:30.724 [main] DEBUG org.apache.http.wire -  >> "}[\n]"
07:56:30.724 [main] DEBUG org.apache.http.wire -  >> "p[0x1b][0xef][0xbf][0xbd][0x12][0xef][0xbf][0xbd][0x1c][0xef][0xbf][0xbd]h8[0xef][0xbf][0xbd]HN[0xef][0xbf][0xbd][0xef][0xbf][0xbd][0xef][0xbf][0xbd][0xef][0xbf][0xbd]Y[[0x1f][0x10][0xef][0xbf][0xbd]]_[0xb]?M6[0xef][0xbf][0xbd]?^[0xef][0xbf][0xbd]n[0xef][0xbf][0xbd][0xef][0xbf][0xbd]$[0xef][0xbf][0xbd][0xef][0xbf][0xbd]??[0xef][0xbf][0xbd]|[0x1a][0x2][0xef][0xbf][0xbd][0xef][0xbf][0xbd]![0xef][0xbf][0xbd][0x1e][0xef][0xbf][0xbd][0xef][0xbf][0xbd][0xef][0xbf][0xbd][0xc3][0x8c][0xef][0xbf][0xbd][0x1d][0xef][0xbf][0xbd][0x2][0xef][0xbf][0xbd][0xef][0xbf][0xbd][0x10][0xef][0xbf][0xbd][0xef][0xbf][0xbd]Mc[0xef][0xbf][0xbd]L~+pI[0xef][0xbf][0xbd][0xef][0xbf][0xbd][0xef][0xbf][0xbd][0xef][0xbf][0xbd][0xef][0xbf][0xbd][0x5]Pw$[0xef][0xbf][0xbd]I[0xef][0xbf][0xbd][0xef][0xbf][0xbd]![0xef][0xbf][0xbd][0xef][0xbf][0xbd][0xef][0xbf][0xbd]?[0xef][0xbf][0xbd][0xef][0xbf][0xbd][0xef][0xbf][0xbd][0xef][0xbf][0xbd][0x2][0xef][0xbf][0xbd]Q[0xef][0xbf][0xbd]9[0xef][0xbf][0xbd]O[0x0][0xef][0xbf][0xbd][0xef][0xbf][0xbd][0xef][0xbf][0xbd][0xef][0xbf][0xbd][0xef][0xbf][0xbd][0xef][0xbf][0xbd][0xef][0xbf][0xbd]N[0xef][0xbf][0xbd][0xef][0xbf][0xbd][0x5][0xef][0xbf][0xbd][0xef][0xbf][0xbd]B[0xef][0xbf][0xbd][0xef][0xbf][0xbd]VM![0x15]N[0xef][0xbf][0xbd]ENM[0xef][0xbf][0xbd][0xef][0xbf][0xbd]JA[0x2][0xef][0xbf][0xbd][0xef][0xbf][0xbd]c[0xef][0xbf][0xbd]#[0xef][0xbf][0xbd][0xd9][0x82][0xef][0xbf][0xbd]5[0x12][0x1b]k[0xc5][0xa6][0xef][0xbf][0xbd][0xef][0xbf][0xbd][0xd6][0x99][0xef][0xbf][0xbd][0x18][0xe2][0xb2][0xba]|V[0xef][0xbf][0xbd]A[0xef][0xbf][0xbd]([0xd0][0x8f]l"[0x7][0x1b][0xef][0xbf][0xbd][0x16][0xef][0xbf][0xbd]x[0xef][0xbf][0xbd][0xef][0xbf][0xbd]9[0xef][0xbf][0xbd][0x2][0xef][0xbf][0xbd][0xe][0xef][0xbf][0xbd]Z[0xef][0xbf][0xbd]}[0xef][0xbf][0xbd][0xef][0xbf][0xbd]g[0xef][0xbf][0xbd]m}h[0x8]L[0x16][0xef][0xbf][0xbd][0xef][0xbf][0xbd][0x8]mp[0xef][0xbf][0xbd]i[0x1][0xd9][0xa2]EO[0x9][0x1d][0xf1][0xaf][0x8b][0xbd]f[<J[0xef][0xbf][0xbd][0xef][0xbf][0xbd]AHL[0x8][0x9]-D[0xc9][0xad]z[0x15][0xef][0xbf][0xbd]\[0xef][0xbf][0xbd][0xef][0xbf][0xbd]C[0xef][0xbf][0xbd]u&[0xef][0xbf][0xbd][0xef][0xbf][0xbd][0xef][0xbf][0xbd][0xd0][0xb2][0xc4][0x8c]n[0xef][0xbf][0xbd]r[0xcd][0xa5][0xef][0xbf][0xbd]-[0xef][0xbf][0xbd][0xef][0xbf][0xbd]B[0x1c] [0xda][0x92][0xde][0x87][0xef][0xbf][0xbd]^B[0x7][0x6][0xc][0xef][0xbf][0xbd]n@%[0xef][0xbf][0xbd][\r][0xef][0xbf][0xbd]1X[0xcf][0x98]u[0xef][0xbf][0xbd]E[\n]"
07:56:30.724 [main] DEBUG org.apache.http.wire -  >> "[0xef][0xbf][0xbd]jT[0xef][0xbf][0xbd][0x9]"[0xef][0xbf][0xbd][0xdf][0x8f]c[0xef][0xbf][0xbd][0x5][0xf]<[0xef][0xbf][0xbd][0x16][0xef][0xbf][0xbd]$[0xc6][0xa6][0x14][0xcc][0xaa][0xef][0xbf][0xbd][0xef][0xbf][0xbd]['[0xef][0xbf][0xbd][0x14][0xef][0xbf][0xbd][0xef][0xbf][0xbd][0xef][0xbf][0xbd][0xef][0xbf][0xbd]L[0xc8][0x88][0xef][0xbf][0xbd],"[0xef][0xbf][0xbd]a[0xef][0xbf][0xbd][0x1b]][0xef][0xbf][0xbd][0xcc][0x8a][0x1c][0xef][0xbf][0xbd]>[0xef][0xbf][0xbd]/Y[0x1f]"[0xef][0xbf][0xbd][0xdb][0x9b][0xef][0xbf][0xbd][0xef][0xbf][0xbd]"[0xef][0xbf][0xbd][0xef][0xbf][0xbd][0xef][0xbf][0xbd][0x1a]u[0xef][0xbf][0xbd][0xef][0xbf][0xbd][0xef][0xbf][0xbd][0x1c][0xd9][0x91][0xef][0xbf][0xbd]h[0xef][0xbf][0xbd][0xef][0xbf][0xbd][0xef][0xbf][0xbd][0xb][0xef][0xbf][0xbd][0xef][0xbf][0xbd]+[0xef][0xbf][0xbd][0xef][0xbf][0xbd][0xef][0xbf][0xbd]k[0xef][0xbf][0xbd]Zmk[0xef][0xbf][0xbd]Nq[0xc5][0x90]{y[0xef][0xbf][0xbd][0xef][0xbf][0xbd][0xef][0xbf][0xbd][0x2]W[0xef][0xbf][0xbd])[0xef][0xbf][0xbd][0xef][0xbf][0xbd][0xef][0xbf][0xbd]5[0xef][0xbf][0xbd]C+([0x17]. e[0xef][0xbf][0xbd][0xef][0xbf][0xbd][0xef][0xbf][0xbd][0x1f]Q[0xef][0xbf][0xbd])f[0xef][0xbf][0xbd][0xef][0xbf][0xbd][0xef][0xbf][0xbd][0xef][0xbf][0xbd][0x5]d[0xef][0xbf][0xbd][0x16]}[0xef][0xbf][0xbd][0xef][0xbf][0xbd][0xef][0xbf][0xbd][0xf]?[0xef][0xbf][0xbd]}[0xef][0xbf][0xbd][0xef][0xbf][0xbd][0xef][0xbf][0xbd]|[0xef][0xbf][0xbd]J[0x1f]AHdB[0xc3][0x96][0xef][0xbf][0xbd]y[0x8][0xef][0xbf][0xbd]@8[0x8][0xef][0xbf][0xbd][0xef][0xbf][0xbd][0xef][0xbf][0xbd][0x6]][\n]"
07:56:30.724 [main] DEBUG org.apache.http.wire -  >> "g[0xef][0xbf][0xbd][0x14]A=m[0xef][0xbf][0xbd][0xef][0xbf][0xbd]o([0xef][0xbf][0xbd][0xef][0xbf][0xbd][0xef][0xbf][0xbd]#[0xef][0xbf][0xbd][0xcc][0xac]7[0xef][0xbf][0xbd][0x16][0x16]9[0x13][0xef][0xbf][0xbd]U[0xd3][0x87] [0xef][0xbf][0xbd][0xef][0xbf][0xbd]A[0xef][0xbf][0xbd][0xef][0xbf][0xbd][0xef][0xbf][0xbd][0xe][0xef][0xbf][0xbd][0x11][0xef][0xbf][0xbd][0x14][0x17]_"[0xef][0xbf][0xbd]&[0x8]<[0xef][0xbf][0xbd][0x16][0xef][0xbf][0xbd][0xef][0xbf][0xbd][0x19][0xef][0xbf][0xbd]([0xef][0xbf][0xbd]2[0xef][0xbf][0xbd][0xef][0xbf][0xbd]hB[0xc6][0x82]\[0xef][0xbf][0xbd][0xef][0xbf][0xbd][0xef][0xbf][0xbd][0xd4][0x90][0xef][0xbf][0xbd][0xef][0xbf][0xbd][0xef][0xbf][0xbd][0xef][0xbf][0xbd][0xc8][0xb2][0xef][0xbf][0xbd][0x1b][0xc7][0xa2]-=<W&D[0xef][0xbf][0xbd][0xef][0xbf][0xbd][0xce][0x92][0xef][0xbf][0xbd]8[0x7][0xef][0xbf][0xbd][0xef][0xbf][0xbd][0xb]h[0xef][0xbf][0xbd][0xef][0xbf][0xbd][0xef][0xbf][0xbd]][0xef][0xbf][0xbd]q[0x13][0xef][0xbf][0xbd][0xef][0xbf][0xbd]>[0xef][0xbf][0xbd]K[0xef][0xbf][0xbd]i}[0xef][0xbf][0xbd]2[0xef][0xbf][0xbd]3A[0xef][0xbf][0xbd]zI?[0xef][0xbf][0xbd][0xef][0xbf][0xbd][0xef][0xbf][0xbd];Q[0xef][0xbf][0xbd]g[0xef][0xbf][0xbd]=-F[0xef][0xbf][0xbd]tvp[0xef][0xbf][0xbd][0xef][0xbf][0xbd][0x12]3[0xef][0xbf][0xbd]K[0xef][0xbf][0xbd][0x1][0xef][0xbf][0xbd][0x13][0xef][0xbf][0xbd][0xef][0xbf][0xbd][0xef][0xbf][0xbd]~[0xef][0xbf][0xbd]K[0xef][0xbf][0xbd]L[0x10][0x1]w[0xef][0xbf][0xbd]L[0xef][0xbf][0xbd][0xef][0xbf][0xbd][0xef][0xbf][0xbd]x>[0xef][0xbf][0xbd][0xef][0xbf][0xbd][0xef][0xbf][0xbd][0xef][0xbf][0xbd][0xef][0xbf][0xbd]^2@=[0x14][0xef][0xbf][0xbd][0xef][0xbf][0xbd][0xef][0xbf][0xbd]xv[0xef][0xbf][0xbd][0xef][0xbf][0xbd][0xef][0xbf][0xbd]t&[0xef][0xbf][0xbd], [[0xef][0xbf][0xbd][0xef][0xbf][0xbd][0xc3][0xa2]#[0xef][0xbf][0xbd]e[0xef][0xbf][0xbd][0xef][0xbf][0xbd][0xef][0xbf][0xbd][0xef][0xbf][0xbd]+[0xef][0xbf][0xbd][0xef][0xbf][0xbd]}[0x11][0xef][0xbf][0xbd][0xef][0xbf][0xbd]>[0xef][0xbf][0xbd][0xef][0xbf][0xbd]n8=[0xef][0xbf][0xbd][0xc][0xef][0xbf][0xbd]v[0xdb][0xb8]l[0xef][0xbf][0xbd][0x16]R[0xef][0xbf][0xbd][0xef][0xbf][0xbd]G[0xef][0xbf][0xbd][0xef][0xbf][0xbd] [0xef][0xbf][0xbd][0x4][0xef][0xbf][0xbd][0xe][0xef][0xbf][0xbd][0xef][0xbf][0xbd][0x18][0x1b][\n]"
07:56:30.725 [main] DEBUG org.apache.http.wire -  >> "[0xef][0xbf][0xbd]\[0xef][0xbf][0xbd][0xef][0xbf][0xbd][0x16]b[0xef][0xbf][0xbd]6[0xef][0xbf][0xbd][0x14]M[0xef][0xbf][0xbd][0xef][0xbf][0xbd][0x1b][0xef][0xbf][0xbd][0x16]w[0xef][0xbf][0xbd][0xef][0xbf][0xbd][0xcc][0x86][0xef][0xbf][0xbd][0x0][0x17][0x12]O[0xef][0xbf][0xbd]@_[0xef][0xbf][0xbd]bM[0xef][0xbf][0xbd]([0xef][0xbf][0xbd][0xef][0xbf][0xbd][0xef][0xbf][0xbd][0xef][0xbf][0xbd]EB[[0xef][0xbf][0xbd][0xef][0xbf][0xbd]F[0xef][0xbf][0xbd][0xef][0xbf][0xbd][0xef][0xbf][0xbd][0xe]+F8cG-KU1h[0xef][0xbf][0xbd]S[0x3][0xcf][0x88][0xef][0xbf][0xbd][0xef][0xbf][0xbd][0xef][0xbf][0xbd][0x1][0xef][0xbf][0xbd][0x15]PW[[0xca][0xa2]*[0xef][0xbf][0xbd][0xef][0xbf][0xbd][0xef][0xbf][0xbd])F[0xef][0xbf][0xbd][0xef][0xbf][0xbd],[0xe]Xy[0xc8][0x9e][0x1c]@1mJk`[0xeb][0xa3][0xbb][0xef][0xbf][0xbd]B[0xef][0xbf][0xbd][0xef][0xbf][0xbd]][0xef][0xbf][0xbd],[0xef][0xbf][0xbd]J[0x1][0xef][0xbf][0xbd]V[0xf][0xef][0xbf][0xbd],[0xef][0xbf][0xbd][0xef][0xbf][0xbd]m5cQ[0xef][0xbf][0xbd][0xef][0xbf][0xbd][0xef][0xbf][0xbd][0xef][0xbf][0xbd][0xef][0xbf][0xbd][0xef][0xbf][0xbd]d[0xef][0xbf][0xbd]T[0xef][0xbf][0xbd][0xef][0xbf][0xbd]%|[0xef][0xbf][0xbd][0x12][0xef][0xbf][0xbd][0x1a]I[0x1e][0x1a]\[0xef][0xbf][0xbd]e@Y[0xef][0xbf][0xbd]ucN[0xef][0xbf][0xbd][0xef][0xbf][0xbd][0xef][0xbf][0xbd]?[0xef][0xbf][0xbd]}J[0xef][0xbf][0xbd][0xef][0xbf][0xbd][0xef][0xbf][0xbd][0xef][0xbf][0xbd][0xdd][0xa4][0xef][0xbf][0xbd]@ai[0xef][0xbf][0xbd]Yyu[0xef][0xbf][0xbd]. [[0xef][0xbf][0xbd][0xe8][0x83][0xa6]k[0xef][0xbf][0xbd][0xef][0xbf][0xbd][0xef][0xbf][0xbd]u][0xef][0xbf][0xbd]z[0xef][0xbf][0xbd][0xef][0xbf][0xbd][0xef][0xbf][0xbd][0xef][0xbf][0xbd][0xef][0xbf][0xbd][0xef][0xbf][0xbd]R[0x9][0xef][0xbf][0xbd]8[[0x18]v[0xef][0xbf][0xbd][0x2]o [0xef][0xbf][0xbd][0xef][0xbf][0xbd]`[0xef][0xbf][0xbd]:[0xcc][0x98][0xef][0xbf][0xbd][0xef][0xbf][0xbd][0xef][0xbf][0xbd][\r][0xd6][0x82][0xef][0xbf][0xbd][0x1c]o[0xef][0xbf][0xbd]QM[0xef][0xbf][0xbd]R[0xef][0xbf][0xbd][0xef][0xbf][0xbd][0xef][0xbf][0xbd][0x12][0xef][0xbf][0xbd][0xef][0xbf][0xbd][0xef][0xbf][0xbd][0x15][0xef][0xbf][0xbd]"~[0x16][0x1a]W2[0xef][0xbf][0xbd][0xef][0xbf][0xbd][0xef][0xbf][0xbd][0x8][0xef][0xbf][0xbd][0xca][0xb2][0xef][0xbf][0xbd][0xef][0xbf][0xbd][0xef][0xbf][0xbd]F[0x2]Gu;`[0xef][0xbf][0xbd]I[0xef][0xbf][0xbd][0xef][0xbf][0xbd][0xef][0xbf][0xbd][0xef][0xbf][0xbd][0xef][0xbf][0xbd][0xef][0xbf][0xbd][0x12][0xef][0xbf][0xbd]V[0xef][0xbf][0xbd][0xca][0xb8][0xb]yF[0xef][0xbf][0xbd][0xef][0xbf][0xbd][0x8][0xef][0xbf][0xbd][0xe3][0x86][0x92][0xef][0xbf][0xbd][0x17][0xef][0xbf][0xbd][0x12][0x10][0xef][0xbf][0xbd]6[0xef][0xbf][0xbd][0xef][0xbf][0xbd]-[0x1d][0xef][0xbf][0xbd]i[0xef][0xbf][0xbd]#[0xef][0xbf][0xbd][0x17][0xef][0xbf][0xbd][0x0][0xef][0xbf][0xbd][0xef][0xbf][0xbd][0xef][0xbf][0xbd][0xe]hU[0xef][0xbf][0xbd]%d[0xef][0xbf][0xbd]i[0xef][0xbf][0xbd]d[0xef][0xbf][0xbd][0xef][0xbf][0xbd][0xef][0xbf][0xbd][0xef][0xbf][0xbd][0xef][0xbf][0xbd][0x2][0xef][0xbf][0xbd][0xef][0xbf][0xbd][0xef][0xbf][0xbd]G[0x13]W[0xef][0xbf][0xbd]uW[0xc4][0xb5][0xef][0xbf][0xbd]F7[0xef][0xbf][0xbd][0xef][0xbf][0xbd]C[0xef][0xbf][0xbd];[0xef][0xbf][0xbd][0x1f]9[0xef][0xbf][0xbd]d[0xec][0x92][0xa9]@[0xef][0xbf][0xbd]T[0x2]$[0xef][0xbf][0xbd]i=O[0xef][0xbf][0xbd][0x14][0xef][0xbf][0xbd]V[0x6][\n]"
07:56:30.725 [main] DEBUG org.apache.http.wire -  >> "[0x1c][0xef][0xbf][0xbd][0xef][0xbf][0xbd][0xef][0xbf][0xbd](h[0xef][0xbf][0xbd]C4[0x18][0xde][0x97][0xef][0xbf][0xbd][0xef][0xbf][0xbd]j[0xef][0xbf][0xbd][0xef][0xbf][0xbd][\r]}[0xef][0xbf][0xbd][0xef][0xbf][0xbd]E`[0x12][0xef][0xbf][0xbd]t[0xef][0xbf][0xbd][0x17][0xef][0xbf][0xbd]-Z[0xef][0xbf][0xbd]A[0xef][0xbf][0xbd][0xef][0xbf][0xbd]>[0xef][0xbf][0xbd][0xcf][0xbc]|[0xef][0xbf][0xbd][0xef][0xbf][0xbd]5[0xef][0xbf][0xbd]O[0xef][0xbf][0xbd][0xef][0xbf][0xbd][0xef][0xbf][0xbd]=c[\r][0x14]U[0xde][0x96]M[\n]"
07:56:30.725 [main] DEBUG org.apache.http.wire -  >> "b7[0xef][0xbf][0xbd]^[0x18]%[0xef][0xbf][0xbd][0xef][0xbf][0xbd][0xef][0xbf][0xbd](9f[0xef][0xbf][0xbd][0xef][0xbf][0xbd][0xef][0xbf][0xbd]!%[0x1b][0xd6][0x98][0xef][0xbf][0xbd][0x12][0x6][0xef][0xbf][0xbd][0xc][0x1]7[0xef][0xbf][0xbd]R[0xef][0xbf][0xbd][0xef][0xbf][0xbd]h`[0xef][0xbf][0xbd]5[0xef][0xbf][0xbd][0xef][0xbf][0xbd]O[0x9]0 [0xce][0xb0][0xf][\n]"
07:56:30.725 [main] DEBUG org.apache.http.wire -  >> "[0x8]+fF@P[0xef][0xbf][0xbd][0xef][0xbf][0xbd]IV[0xef][0xbf][0xbd][0x13]dK[0xef][0xbf][0xbd][0xef][0xbf][0xbd][0xef][0xbf][0xbd][0x3][0xef][0xbf][0xbd][0xef][0xbf][0xbd]@@[0x1c]u[0xef][0xbf][0xbd]s [0xef][0xbf][0xbd]7wZM[0x19]?2[0xef][0xbf][0xbd][0xef][0xbf][0xbd]KE[0xef][0xbf][0xbd][0xef][0xbf][0xbd][0xef][0xbf][0xbd]0[0xf][0xef][0xbf][0xbd];x@[0xef][0xbf][0xbd]_Vm[0xef][0xbf][0xbd]\[0x4][0xef][0xbf][0xbd][0x5][0xc][0xef][0xbf][0xbd][0xef][0xbf][0xbd][0x1b][0xdd][0xa4]@[0xef][0xbf][0xbd]<[0x0][0xef][0xbf][0xbd][0x18][0xef][0xbf][0xbd][0xc][0x3]oP[0x11][0xef][0xbf][0xbd][0xef][0xbf][0xbd][0x18][0x15]g[0xef][0xbf][0xbd][0xef][0xbf][0xbd]$[0xef][0xbf][0xbd][0xef][0xbf][0xbd][0xef][0xbf][0xbd]6[0x1][0xef][0xbf][0xbd][0x1a][0xef][0xbf][0xbd]P[0xef][0xbf][0xbd][0xc4][0x98][0x1d][0xef][0xbf][0xbd][0xde][0x86]IZ[0xef][0xbf][0xbd]2[0xef][0xbf][0xbd]D[0x19][0xef][0xbf][0xbd][0x10][0x8][0xef][0xbf][0xbd]k[0x1b]`[0xef][0xbf][0xbd][0xef][0xbf][0xbd]Y[0xef][0xbf][0xbd][0xef][0xbf][0xbd][0xef][0xbf][0xbd][0xef][0xbf][0xbd]K9[0x14]8[0xef][0xbf][0xbd][0xef][0xbf][0xbd]9[0xef][0xbf][0xbd][0x5]!\[0xd4][0xa7]VH[0x4][0xef][0xbf][0xbd][0xd3][0xa4]=[0xef][0xbf][0xbd]$[0x1b]T[0xef][0xbf][0xbd][0x16][0xef][0xbf][0xbd]m[0xef][0xbf][0xbd][0xef][0xbf][0xbd]_Y@[0xef][0xbf][0xbd]h[0xef][0xbf][0xbd][0xef][0xbf][0xbd]D;[0xef][0xbf][0xbd]}[0xef][0xbf][0xbd][0xef][0xbf][0xbd][0xef][0xbf][0xbd][0xef][0xbf][0xbd]W[0xef][0xbf][0xbd][0xef][0xbf][0xbd]+[0xef][0xbf][0xbd][0x15]y[0xef][0xbf][0xbd][0xef][0xbf][0xbd](B[0xef][0xbf][0xbd][0xef][0xbf][0xbd][0xb] [0xef][0xbf][0xbd][0xef][0xbf][0xbd][0x6]k[0xef][0xbf][0xbd]h[0xb][0xef][0xbf][0xbd][0x4][0xef][0xbf][0xbd]TX[0xc3][0xbd]$b[0xc8][0x91][0x5][0xef][0xbf][0xbd][0xef][0xbf][0xbd]zgl[0x18]8j[0xef][0xbf][0xbd][0xc]L[0xef][0xbf][0xbd][0xef][0xbf][0xbd]UV4[0xef][0xbf][0xbd]5F[0xef][0xbf][0xbd]K[0xef][0xbf][0xbd]H[0xef][0xbf][0xbd][0xef][0xbf][0xbd][0x0][0x8][0x6]a[0xd7][0xac][0x5][0xef][0xbf][0xbd]nvM[0xef][0xbf][0xbd][0xef][0xbf][0xbd][0xef][0xbf][0xbd][0xef][0xbf][0xbd]|[0x1c][0x16][0xf][0xef][0xbf][0xbd] [0xc]L[0xef][0xbf][0xbd]N g$[0xef][0xbf][0xbd]][0xef][0xbf][0xbd][0x6][0xef][0xbf][0xbd]![0xef][0xbf][0xbd][0xef][0xbf][0xbd][0xef][0xbf][0xbd][0xef][0xbf][0xbd][0xef][0xbf][0xbd][0x19]M%[0xef][0xbf][0xbd]N[0x1b][0x11]g[0xef][0xbf][0xbd]%[0x0]6KgmP{[0xd3][0xb2][0xef][0xbf][0xbd][0xef][0xbf][0xbd]([0xef][0xbf][0xbd]a[0xef][0xbf][0xbd][0x6]kX[0xef][0xbf][0xbd][0xef][0xbf][0xbd][0xef][0xbf][0xbd][0xef][0xbf][0xbd]e[0xef][0xbf][0xbd]"[0xef][0xbf][0xbd]x[0xef][0xbf][0xbd][0xef][0xbf][0xbd]s[0xef][0xbf][0xbd][0xef][0xbf][0xbd][0xef][0xbf][0xbd]yG[0xef][0xbf][0xbd][0xef][0xbf][0xbd][0x1e][0xcd][0xb1][0xef][0xbf][0xbd]t[0xef][0xbf][0xbd][0xef][0xbf][0xbd]t[\r][0x1a]^[0xef][0xbf][0xbd][0x3][0x6][0x10]t8v[0xef][0xbf][0xbd][0xef][0xbf][0xbd][0xef][0xbf][0xbd]=[0xef][0xbf][0xbd][0x19][0xef][0xbf][0xbd][0xef][0xbf][0xbd]v%[0xef][0xbf][0xbd]5^[0xcd][0x92][0xef][0xbf][0xbd]d[0xef][0xbf][0xbd][0xef][0xbf][0xbd][0xef][0xbf][0xbd]L[0xef][0xbf][0xbd]*4G[0xef][0xbf][0xbd]qW[0xef][0xbf][0xbd]6?[0xef][0xbf][0xbd]cvL[0xef][0xbf][0xbd]s\[0xef][0xbf][0xbd]n[0xef][0xbf][0xbd]`f[0xef][0xbf][0xbd][0xe][0xef][0xbf][0xbd]Ob[0xef][0xbf][0xbd][0xef][0xbf][0xbd][0x16]-z_[0xef][0xbf][0xbd][0xef][0xbf][0xbd][0xef][0xbf][0xbd][0xef][0xbf][0xbd][0xef][0xbf][0xbd]}[0x18][0xef][0xbf][0xbd]}8[0xef][0xbf][0xbd]D-[0x10][0xef][0xbf][0xbd])[0xca][0x88][0xcb][0x9c][0x0]J[0x1e][0xef][0xbf][0xbd]>[0xef][0xbf][0xbd]+[0x15]h*m[0xef][0xbf][0xbd][0x16][0xef][0xbf][0xbd][0x5][0xef][0xbf][0xbd][0xef][0xbf][0xbd][0xef][0xbf][0xbd][0xef][0xbf][0xbd][0xef][0xbf][0xbd][0xef][0xbf][0xbd]%[0xef][0xbf][0xbd][0x2][0xef][0xbf][0xbd][0x11][0xef][0xbf][0xbd][0xef][0xbf][0xbd][0xef][0xbf][0xbd][0xef][0xbf][0xbd][0xef][0xbf][0xbd][0xc9][0xa1]Ur[0xef][0xbf][0xbd][0x12]\[0xef][0xbf][0xbd][0xef][0xbf][0xbd]5[[[0x19]&[0xef][0xbf][0xbd]^Y[0xef][0xbf][0xbd][0xef][0xbf][0xbd][0x0][0xef][0xbf][0xbd]3[0x8]U[0xef][0xbf][0xbd]B[0xef][0xbf][0xbd]S[0xef][0xbf][0xbd]yY[0xef][0xbf][0xbd]6[0xef][0xbf][0xbd][0x11][0xef][0xbf][0xbd];[0xef][0xbf][0xbd][0x16][0x13]w[0xef][0xbf][0xbd][0x5][0xef][0xbf][0xbd]~G#],_[0x7]4[0xef][0xbf][0xbd][0x19][0xef][0xbf][0xbd][0xef][0xbf][0xbd][0xef][0xbf][0xbd]r[0xef][0xbf][0xbd]YZ[0xef][0xbf][0xbd][0xef][0xbf][0xbd]J[0x3][0xef][0xbf][0xbd][0xef][0xbf][0xbd][0xef][0xbf][0xbd][0xef][0xbf][0xbd]j[0xe7][0xb6][0x89]pvXo[0xef][0xbf][0xbd][0xef][0xbf][0xbd][0x2][0xef][0xbf][0xbd][0xef][0xbf][0xbd][0xcd][0xa5][\r][0xef][0xbf][0xbd]+[0xef][0xbf][0xbd]L[0xef][0xbf][0xbd]&[0xef][0xbf][0xbd][0xef][0xbf][0xbd]+[0xef][0xbf][0xbd]F[0x1c]$P{[0xef][0xbf][0xbd][0x14]O[0xef][0xbf][0xbd][0xef][0xbf][0xbd][0xef][0xbf][0xbd][0xef][0xbf][0xbd]+_P[0xef][0xbf][0xbd][0xef][0xbf][0xbd][0x18]6[0xdc][0xa7][0xef][0xbf][0xbd]5[\r]+[0xef][0xbf][0xbd][0xef][0xbf][0xbd][0xef][0xbf][0xbd][0xd9][0x80][\r][0xee][0xb6][0x9a]"[\n]"
07:56:30.726 [main] DEBUG org.apache.http.wire -  >> "[\n]"
07:56:30.726 [main] DEBUG org.apache.http.wire -  >> "[0xef][0xbf][0xbd][0xef][0xbf][0xbd][0x1a][0x0],[0xef][0xbf][0xbd][\r] [0xef][0xbf][0xbd]-#2[0xef][0xbf][0xbd][0xef][0xbf][0xbd]v[0xef][0xbf][0xbd][0xef][0xbf][0xbd][0xef][0xbf][0xbd][0xef][0xbf][0xbd]*c[0x14][0xef][0xbf][0xbd][0xef][0xbf][0xbd]O[0xef][0xbf][0xbd][[0xef][0xbf][0xbd][0xef][0xbf][0xbd][0x5]d[0xef][0xbf][0xbd][0x16][0xef][0xbf][0xbd][0x7][0xef][0xbf][0xbd][0xef][0xbf][0xbd][0xd7][0x8f]=[0xef][0xbf][0xbd]x<[0xef][0xbf][0xbd]}[0xef][0xbf][0xbd]k8[0xef][0xbf][0xbd][0xef][0xbf][0xbd]($[0xef][0xbf][0xbd][0xef][0xbf][0xbd]qv[0xef][0xbf][0xbd][0x1e][0xef][0xbf][0xbd]z[0xef][0xbf][0xbd][0xef][0xbf][0xbd][0xef][0xbf][0xbd][0xf][0xcb][0x98][0xef][0xbf][0xbd][0xef][0xbf][0xbd][0xef][0xbf][0xbd][0xef][0xbf][0xbd][0x19]7"
07:56:30.726 [main] DEBUG org.apache.http.wire -  >> ";[0x19][0x7][0xef][0xbf][0xbd]x[0xef][0xbf][0xbd]eS[0xef][0xbf][0xbd]/m[0xef][0xbf][0xbd][0xef][0xbf][0xbd]V[0xef][0xbf][0xbd][0xef][0xbf][0xbd],[0xef][0xbf][0xbd][0xef][0xbf][0xbd][0xce][0x93][0xef][0xbf][0xbd]![0xef][0xbf][0xbd]@k[0xef][0xbf][0xbd]F[0xef][0xbf][0xbd]q[0xef][0xbf][0xbd][0xef][0xbf][0xbd][0xd2][0x9d][0xef][0xbf][0xbd][0xef][0xbf][0xbd][0xef][0xbf][0xbd][0xc3][0xb2]M[0xef][0xbf][0xbd]W[0xef][0xbf][0xbd][0xef][0xbf][0xbd][0xe8][0x82][0xb4][0xef][0xbf][0xbd]l[0xcb][0x85]|[0xef][0xbf][0xbd][0xef][0xbf][0xbd][0xef][0xbf][0xbd])[0xef][0xbf][0xbd][0x10][0x1f]Cx_[0xef][0xbf][0xbd][0x14][0x9][0xc][0xef][0xbf][0xbd]6[0xef][0xbf][0xbd][0x8]H[0xef][0xbf][0xbd][0xef][0xbf][0xbd][0x1a]-[0xef][0xbf][0xbd][0xef][0xbf][0xbd][0xef][0xbf][0xbd][0x6]n[0x13][0xef][0xbf][0xbd][0xef][0xbf][0xbd][0x16][0xd5][0xa5][0xef][0xbf][0xbd][0xef][0xbf][0xbd][0x3]D;[0xef][0xbf][0xbd][0xef][0xbf][0xbd]:[0xef][0xbf][0xbd][0xef][0xbf][0xbd][0x6][0xef][0xbf][0xbd]t[0xe]Ytj[0xef][0xbf][0xbd][0xef][0xbf][0xbd][0xef][0xbf][0xbd][0xef][0xbf][0xbd]'[0x13][0xef][0xbf][0xbd]W[0xef][0xbf][0xbd][0xef][0xbf][0xbd]I[[0xef][0xbf][0xbd]b[0xef][0xbf][0xbd]1[0x1][0xef][0xbf][0xbd][0xef][0xbf][0xbd]v3[0xef][0xbf][0xbd]q[0xef][0xbf][0xbd]![0xc5][0xa4][0xef][0xbf][0xbd][0xef][0xbf][0xbd][0xef][0xbf][0xbd]9[0xef][0xbf][0xbd][0xef][0xbf][0xbd]j`[0x1e])[0xef][0xbf][0xbd]R[0xef][0xbf][0xbd][0xef][0xbf][0xbd]ez[0xef][0xbf][0xbd]K[0xef][0xbf][0xbd][0xde][0x95][0xb]0[0xef][0xbf][0xbd]5[0xef][0xbf][0xbd][0xef][0xbf][0xbd][0x5]*j5z^S[0xef][0xbf][0xbd][0x15]:[0xef][0xbf][0xbd]fQ&[0x0][0xef][0xbf][0xbd]#[0xef][0xbf][0xbd][0xef][0xbf][0xbd]f[0xef][0xbf][0xbd]8[0xef][0xbf][0xbd][0xef][0xbf][0xbd]][0xef][0xbf][0xbd]E[0xef][0xbf][0xbd]h[0xd1][0x8f]L[0xef][0xbf][0xbd][0xef][0xbf][0xbd]u[0xef][0xbf][0xbd]\^[0xef][0xbf][0xbd].[0xef][0xbf][0xbd][0x17][0xef][0xbf][0xbd][0xef][0xbf][0xbd][0xef][0xbf][0xbd][0xef][0xbf][0xbd][0xef][0xbf][0xbd]x[0xef][0xbf][0xbd][0xef][0xbf][0xbd][0x8][0xef][0xbf][0xbd][0xef][0xbf][0xbd]x[0xef][0xbf][0xbd][0xef][0xbf][0xbd]U[0x9]-[0xef][0xbf][0xbd]L|[0xde][0x91]>[0xef][0xbf][0xbd][0xef][0xbf][0xbd][0x3][0xe8][0x8d][0xa2][0xef][0xbf][0xbd][0xef][0xbf][0xbd][0xef][0xbf][0xbd][0x1a] [0xef][0xbf][0xbd][0xef][0xbf][0xbd]:Hc[0xef][0xbf][0xbd][0x1e][0xef][0xbf][0xbd][0xd6][0xbb]!l[0x15]t[0xef][0xbf][0xbd][0xef][0xbf][0xbd][0x3][0x10][0xef][0xbf][0xbd][0xef][0xbf][0xbd][0x14]x[0xef][0xbf][0xbd]D[0xef][0xbf][0xbd]|[0xef][0xbf][0xbd]^T[0xef][0xbf][0xbd]H[0x13]E[0xc][0xef][0xbf][0xbd][0xef][0xbf][0xbd][0xef][0xbf][0xbd][0xef][0xbf][0xbd]:[\r]_[0xef][0xbf][0xbd]\%P[0xc7][0xa7]pt[\n]"
07:56:30.727 [main] DEBUG org.apache.http.wire -  >> "v[0x7]o(D[0xef][0xbf][0xbd][0xef][0xbf][0xbd][0xef][0xbf][0xbd][0xef][0xbf][0xbd][0x4]>[\n]"
07:56:30.727 [main] DEBUG org.apache.http.wire -  >> "[0xef][0xbf][0xbd]b\Y"[0xef][0xbf][0xbd][0x9]([0xef][0xbf][0xbd][0xef][0xbf][0xbd]I[0xef][0xbf][0xbd]t[0xef][0xbf][0xbd][0xef][0xbf][0xbd]Y[0xef][0xbf][0xbd][0xef][0xbf][0xbd][0xef][0xbf][0xbd]u[0xef][0xbf][0xbd][0xef][0xbf][0xbd][0x7][0xef][0xbf][0xbd]-7gY[0xef][0xbf][0xbd]m[0xef][0xbf][0xbd][\r][0xef][0xbf][0xbd][0xef][0xbf][0xbd][0xef][0xbf][0xbd][0xef][0xbf][0xbd]t[0xef][0xbf][0xbd][\n]"
07:56:30.727 [main] DEBUG org.apache.http.wire -  >> "xc[0xef][0xbf][0xbd][0x8][0xef][0xbf][0xbd]T[0xef][0xbf][0xbd][0xef][0xbf][0xbd]U;[0xef][0xbf][0xbd]A,3[0x1a][0xef][0xbf][0xbd]5[0xef][0xbf][0xbd]'c[0x12][0xef][0xbf][0xbd]q5[0xef][0xbf][0xbd][0xef][0xbf][0xbd][0xd8][0x98][0xef][0xbf][0xbd][0xc2][0x83]5[0xef][0xbf][0xbd][0x3][0xef][0xbf][0xbd][0xef][0xbf][0xbd][0xef][0xbf][0xbd][0xe4][0x98][0x8a]5,%S[0xef][0xbf][0xbd][0xef][0xbf][0xbd][0xef][0xbf][0xbd][[0x1]`[0xef][0xbf][0xbd][0xef][0xbf][0xbd][0xef][0xbf][0xbd][0xef][0xbf][0xbd]7[0xef][0xbf][0xbd]b3[0xef][0xbf][0xbd][0xef][0xbf][0xbd][0xef][0xbf][0xbd][0xef][0xbf][0xbd][0xef][0xbf][0xbd][0x7]P;[0xef][0xbf][0xbd][0xef][0xbf][0xbd]@[0xea][0xbf][0x9d][0xef][0xbf][0xbd][0xef][0xbf][0xbd][0xef][0xbf][0xbd][0xef][0xbf][0xbd][0xef][0xbf][0xbd][0xef][0xbf][0xbd][0x4][0xef][0xbf][0xbd][0xef][0xbf][0xbd]M[0xef][0xbf][0xbd][0x16]-[0xef][0xbf][0xbd]C[0xef][0xbf][0xbd]H[0xef][0xbf][0xbd]x[0xef][0xbf][0xbd][0xef][0xbf][0xbd][0xef][0xbf][0xbd]t[0x15]6/[0xef][0xbf][0xbd]~x/ih[0xef][0xbf][0xbd][0x9]R[IE[0xef][0xbf][0xbd]'E)[0xef][0xbf][0xbd].[0xef][0xbf][0xbd][0xef][0xbf][0xbd].[0xef][0xbf][0xbd]R0[0xef][0xbf][0xbd]lr[0xef][0xbf][0xbd].[0xd6][0x92]R[0xef][0xbf][0xbd]}[0x8][0xef][0xbf][0xbd][0xef][0xbf][0xbd][0xef][0xbf][0xbd][0xef][0xbf][0xbd][0xef][0xbf][0xbd][0xef][0xbf][0xbd][0xef][0xbf][0xbd][0xef][0xbf][0xbd]i[0x12]6h4[0xef][0xbf][0xbd][0xef][0xbf][0xbd]@[0xef][0xbf][0xbd][0xef][0xbf][0xbd][0xef][0xbf][0xbd]n[0xef][0xbf][0xbd]GU[0xef][0xbf][0xbd][0x9][0xef][0xbf][0xbd]o}[0xef][0xbf][0xbd][0xef][0xbf][0xbd]9[0xef][0xbf][0xbd]#[0xef][0xbf][0xbd][0xef][0xbf][0xbd][0xef][0xbf][0xbd]lk[0x10]e[0xef][0xbf][0xbd][0xef][0xbf][0xbd]b[0xef][0xbf][0xbd][0xef][0xbf][0xbd]Haj[0xef][0xbf][0xbd][0xef][0xbf][0xbd][0xef][0xbf][0xbd]*[0xef][0xbf][0xbd][0xef][0xbf][0xbd]k&[0xef][0xbf][0xbd]*[0xef][0xbf][0xbd][0x18][0xef][0xbf][0xbd]I[0xef][0xbf][0xbd][0x1c][0xef][0xbf][0xbd]5vv[0xef][0xbf][0xbd]M7[0xdf][0xb4][0xef][0xbf][0xbd]&[0xef][0xbf][0xbd]F[0x1b][0x1]Z:v|6[0xef][0xbf][0xbd][0xc7][0x90]5h[0xef][0xbf][0xbd][0x1c]!V[0xef][0xbf][0xbd][0xe4][0xb1][0x8e]e[0xef][0xbf][0xbd][0xb][0xef][0xbf][0xbd][0x7]s<-[0xef][0xbf][0xbd][0xef][0xbf][0xbd][0xef][0xbf][0xbd]J$[0xef][0xbf][0xbd][0xef][0xbf][0xbd][0xef][0xbf][0xbd][0xef][0xbf][0xbd][0xef][0xbf][0xbd][0x2][0xef][0xbf][0xbd],[0xef][0xbf][0xbd][0xc6][0xb8][0xef][0xbf][0xbd][0xef][0xbf][0xbd]h[0xef][0xbf][0xbd][0xef][0xbf][0xbd][0x12]h[0xef][0xbf][0xbd]Yg[0xef][0xbf][0xbd]S[0xef][0xbf][0xbd];[0x12]D8[8[0x17]z[0xef][0xbf][0xbd][0xce][0x9e][0xef][0xbf][0xbd][0xe2][0x97][0xa2]t[p,k[0x17][0xef][0xbf][0xbd][0xef][0xbf][0xbd]wYd[0xef][0xbf][0xbd][0x16][0xef][0xbf][0xbd]Kz[0xef][0xbf][0xbd][0xef][0xbf][0xbd][0xef][0xbf][0xbd][0xef][0xbf][0xbd]_[0xef][0xbf][0xbd].[0xef][0xbf][0xbd][0x17]/~[0xef][0xbf][0xbd][0xef][0xbf][0xbd]X<_'k[0xef][0xbf][0xbd][0x15]u[0xef][0xbf][0xbd][0xef][0xbf][0xbd][0xda][0x85]@[0xef][0xbf][0xbd][0xef][0xbf][0xbd]W^[0xef][0xbf][0xbd]R[0xef][0xbf][0xbd]CL[0x1f][0x15][0xef][0xbf][0xbd]Y[0xef][0xbf][0xbd]M[0xef][0xbf][0xbd][0xd6][0xad][0xef][0xbf][0xbd][0x19][0xef][0xbf][0xbd][0x4][0x0][0xef][0xbf][0xbd]2$N[0xef][0xbf][0xbd][0xef][0xbf][0xbd][0xef][0xbf][0xbd][0xef][0xbf][0xbd]Sl[0x8][0xef][0xbf][0xbd]TY[0xef][0xbf][0xbd][0xef][0xbf][0xbd][0xef][0xbf][0xbd][\r][0x1d]>[0xef][0xbf][0xbd][0x17]J[0xef][0xbf][0xbd][0xef][0xbf][0xbd][0xef][0xbf][0xbd][0xef][0xbf][0xbd];[0xef][0xbf][0xbd],[0xef][0xbf][0xbd][0xef][0xbf][0xbd]n[0xef][0xbf][0xbd][0xef][0xbf][0xbd][0xef][0xbf][0xbd]M[0x5][0xef][0xbf][0xbd][0xef][0xbf][0xbd][0xef][0xbf][0xbd]3[0xef][0xbf][0xbd][0x14][0xef][0xbf][0xbd].[0xef][0xbf][0xbd][0xef][0xbf][0xbd]r[0xef][0xbf][0xbd]k[0xef][0xbf][0xbd][0xef][0xbf][0xbd]P[0xef][0xbf][0xbd]gy[0x5]RA6[0xef][0xbf][0xbd]Z[0xef][0xbf][0xbd][0x13][0xef][0xbf][0xbd]O1[0x16][0xef][0xbf][0xbd]I[0xef][0xbf][0xbd][0xef][0xbf][0xbd]ro5[0x18][0xef][0xbf][0xbd][0x9]^[0xef][0xbf][0xbd][0x4][0xef][0xbf][0xbd][0xef][0xbf][0xbd][0xef][0xbf][0xbd]7[0x7]\[0xdb][0x9e]Q[0xef][0xbf][0xbd][0xef][0xbf][0xbd]T[0xef][0xbf][0xbd][0xef][0xbf][0xbd]J[0xef][0xbf][0xbd][0xef][0xbf][0xbd][0x17][0xef][0xbf][0xbd][0xef][0xbf][0xbd][0xef][0xbf][0xbd]BSC*[0xef][0xbf][0xbd]/V{aJw#f[0xef][0xbf][0xbd][\n]"
07:56:30.727 [main] DEBUG org.apache.http.wire -  >> "[0x3]][0xef][0xbf][0xbd][0xef][0xbf][0xbd][0xef][0xbf][0xbd]H[0xb][0xef][0xbf][0xbd][0xef][0xbf][0xbd]Lp[0xef][0xbf][0xbd][0xdb][0x8d] f[0xef][0xbf][0xbd]tL[0xc5][0x84]@m[0xef][0xbf][0xbd][0xef][0xbf][0xbd][0x9][0xef][0xbf][0xbd][0xef][0xbf][0xbd](Inm[0xef][0xbf][0xbd]u[0x1d][0xd8][0x8e][0x18]L[0xc][0xef][0xbf][0xbd]Iw[0xef][0xbf][0xbd]ve~[0x8]J[0xef][0xbf][0xbd][0xef][0xbf][0xbd][0xef][0xbf][0xbd][0xef][0xbf][0xbd]$[0xef][0xbf][0xbd][0xef][0xbf][0xbd][0xef][0xbf][0xbd][0xef][0xbf][0xbd][0xef][0xbf][0xbd][0xef][0xbf][0xbd][0xef][0xbf][0xbd]o[0xef][0xbf][0xbd][0xef][0xbf][0xbd][0x2][0xef][0xbf][0xbd]E[0xef][0xbf][0xbd][0xef][0xbf][0xbd][0xf][0xef][0xbf][0xbd][0xef][0xbf][0xbd][0xef][0xbf][0xbd][0xef][0xbf][0xbd]D^[0xef][0xbf][0xbd][0xef][0xbf][0xbd][0xef][0xbf][0xbd]GpW[0xef][0xbf][0xbd]Z9i[0xef][0xbf][0xbd]>[0xef][0xbf][0xbd][0xef][0xbf][0xbd]'[0x6][0xef][0xbf][0xbd][0xef][0xbf][0xbd][0x1f][0xef][0xbf][0xbd][0xef][0xbf][0xbd][0xef][0xbf][0xbd][0xef][0xbf][0xbd][0xef][0xbf][0xbd][0xef][0xbf][0xbd]X[0xef][0xbf][0xbd][0xef][0xbf][0xbd]p[0xef][0xbf][0xbd][0xef][0xbf][0xbd][0xef][0xbf][0xbd][0x3]h[0xd6][0x9b]z}[\n]"
07:56:30.727 [main] DEBUG org.apache.http.wire -  >> "[0xef][0xbf][0xbd][0xef][0xbf][0xbd][0xcb][0x9f][0xef][0xbf][0xbd][0x1]m[0xef][0xbf][0xbd][0x0][0xd9][0x82][0x17][0xef][0xbf][0xbd][0x18][0xef][0xbf][0xbd]][0xef][0xbf][0xbd][0xef][0xbf][0xbd]r[0xf][0xd1][0xaa]j[0xb][0xef][0xbf][0xbd]I[0xef][0xbf][0xbd]4[0xef][0xbf][0xbd][0xef][0xbf][0xbd][0xef][0xbf][0xbd]X[0xef][0xbf][0xbd][0xef][0xbf][0xbd]u[0xef][0xbf][0xbd][0xef][0xbf][0xbd][0xef][0xbf][0xbd][0xef][0xbf][0xbd][0xef][0xbf][0xbd][0xef][0xbf][0xbd]RGC[0xc8][0xb0]$2[0xef][0xbf][0xbd][c[0xef][0xbf][0xbd][0x8][0xef][0xbf][0xbd][0xef][0xbf][0xbd]U![0xef][0xbf][0xbd][0xef][0xbf][0xbd][0x13]W[0xef][0xbf][0xbd]Ge1[0xef][0xbf][0xbd]<u[0xef][0xbf][0xbd]G[0xef][0xbf][0xbd][0xef][0xbf][0xbd][0xef][0xbf][0xbd][0xef][0xbf][0xbd]Z[0x14][0x1e]X[0x1b]$[0xef][0xbf][0xbd]|[0xef][0xbf][0xbd][0xef][0xbf][0xbd][0xef][0xbf][0xbd]:[0x1a]o-[0xef][0xbf][0xbd][0xef][0xbf][0xbd]v[0xef][0xbf][0xbd]*[0xef][0xbf][0xbd][0xef][0xbf][0xbd]6[0x2][0xef][0xbf][0xbd][0xef][0xbf][0xbd]<[0xef][0xbf][0xbd][0xef][0xbf][0xbd]@[0xef][0xbf][0xbd][0xcd][0x91][0xef][0xbf][0xbd]1[0xef][0xbf][0xbd]8[0x13][0xef][0xbf][0xbd]p;[0x12][0xef][0xbf][0xbd][\n]"
07:56:30.727 [main] DEBUG org.apache.http.wire -  >> "[0x1][0xe][0xef][0xbf][0xbd][0xef][0xbf][0xbd][0xef][0xbf][0xbd]"[0xef][0xbf][0xbd]=[0xef][0xbf][0xbd]q[0xef][0xbf][0xbd][0xef][0xbf][0xbd][0xef][0xbf][0xbd]8[0xef][0xbf][0xbd]D|[0xef][0xbf][0xbd][0xef][0xbf][0xbd][0xef][0xbf][0xbd]|(+F[0xef][0xbf][0xbd]6C[0xef][0xbf][0xbd][0xc3][0xa2]MC+[0xef][0xbf][0xbd]U[[0xef][0xbf][0xbd][0x7][0xef][0xbf][0xbd][0x15][0xef][0xbf][0xbd][0xef][0xbf][0xbd]19[0xef][0xbf][0xbd]`[0xef][0xbf][0xbd]\[0xef][0xbf][0xbd][0xef][0xbf][0xbd][0xef][0xbf][0xbd][0xef][0xbf][0xbd]Z[0xef][0xbf][0xbd][0xef][0xbf][0xbd][0xc][0xef][0xbf][0xbd][0xef][0xbf][0xbd][0xef][0xbf][0xbd][0xef][0xbf][0xbd][0xb][0xef][0xbf][0xbd][0x16]-[0xef][0xbf][0xbd][0xef][0xbf][0xbd]v[0xef][0xbf][0xbd][0xef][0xbf][0xbd]/[0xef][0xbf][0xbd]^[0xef][0xbf][0xbd][0xef][0xbf][0xbd]3/[0xc7][0x9e]:[0xef][0xbf][0xbd]>[0xef][0xbf][0xbd]F[0x1b][0xef][0xbf][0xbd]"y[0xef][0xbf][0xbd][0xef][0xbf][0xbd]I[0xef][0xbf][0xbd][0xef][0xbf][0xbd]>[0xdc][0x84][[0xef][0xbf][0xbd]I1[0x1c][0x1b][0x18]S[0xef][0xbf][0xbd]8}:f[0xef][0xbf][0xbd][0xef][0xbf][0xbd]O[0xef][0xbf][0xbd][0xef][0xbf][0xbd][0xef][0xbf][0xbd]R[0x10][\r][0xef][0xbf][0xbd]`'[0xef][0xbf][0xbd][0xef][0xbf][0xbd]u[0xef][0xbf][0xbd][0xef][0xbf][0xbd]FK[0xef][0xbf][0xbd][0xef][0xbf][0xbd][0x0][0xef][0xbf][0xbd][0xef][0xbf][0xbd]2[0xef][0xbf][0xbd][0x2][0xef][0xbf][0xbd][0xef][0xbf][0xbd][\r][0x17]S[0xef][0xbf][0xbd][0xef][0xbf][0xbd]X[0xef][0xbf][0xbd]z[0xef][0xbf][0xbd]L[0x5][0xef][0xbf][0xbd][0xef][0xbf][0xbd]I[0xef][0xbf][0xbd]B[0xef][0xbf][0xbd]j=[0xb][0xef][0xbf][0xbd]2-[0xef][0xbf][0xbd][0x9][0x1b][0xef][0xbf][0xbd]"[0xef][0xbf][0xbd][0xef][0xbf][0xbd][0xe]%[0xef][0xbf][0xbd][0xef][0xbf][0xbd]A[0x18][0xef][0xbf][0xbd])[0xef][0xbf][0xbd]H[0xef][0xbf][0xbd][0x17]-[0xef][0xbf][0xbd][0xef][0xbf][0xbd]HRJ[0xef][0xbf][0xbd]@[0xef][0xbf][0xbd][0xef][0xbf][0xbd][0xef][0xbf][0xbd]4[0xef][0xbf][0xbd][N[0xef][0xbf][0xbd][0xef][0xbf][0xbd][0xef][0xbf][0xbd][0xef][0xbf][0xbd]8[0xef][0xbf][0xbd][\n]"
07:56:30.727 [main] DEBUG org.apache.http.wire -  >> "[0xef][0xbf][0xbd][0x2][0xef][0xbf][0xbd]il[0xef][0xbf][0xbd][0xef][0xbf][0xbd][0x11][0xef][0xbf][0xbd][0xef][0xbf][0xbd][0x8][0xef][0xbf][0xbd][0xef][0xbf][0xbd][0xef][0xbf][0xbd][0xef][0xbf][0xbd]r[0xef][0xbf][0xbd][0xef][0xbf][0xbd][0xef][0xbf][0xbd][0xef][0xbf][0xbd]UL[\r][0xef][0xbf][0xbd][0xef][0xbf][0xbd][0xef][0xbf][0xbd]sL[0xef][0xbf][0xbd][0xef][0xbf][0xbd][0xef][0xbf][0xbd]!c[0xef][0xbf][0xbd][0xef][0xbf][0xbd]v[0xef][0xbf][0xbd]Z+B[0xef][0xbf][0xbd][0x10][0xef][0xbf][0xbd][0xef][0xbf][0xbd]7[0xef][0xbf][0xbd]B[0xef][0xbf][0xbd][0xef][0xbf][0xbd]6[0xef][0xbf][0xbd][0xef][0xbf][0xbd][0xef][0xbf][0xbd][0xef][0xbf][0xbd]T[0xef][0xbf][0xbd][0x9]V[0xef][0xbf][0xbd][0xef][0xbf][0xbd][[0xef][0xbf][0xbd][0xef][0xbf][0xbd][0xef][0xbf][0xbd][\r][0xef][0xbf][0xbd][0xef][0xbf][0xbd][0xef][0xbf][0xbd]z[0xc][0x1a]i[0xef][0xbf][0xbd][0xef][0xbf][0xbd][0xef][0xbf][0xbd]0n[0xef][0xbf][0xbd][0xef][0xbf][0xbd][0xef][0xbf][0xbd][0xef][0xbf][0xbd]8[0x6][0xef][0xbf][0xbd][0xef][0xbf][0xbd][0xef][0xbf][0xbd][0x1]b[0xcd][0x86]e[0xef][0xbf][0xbd]-Zt[0xef][0xbf][0xbd][0xef][0xbf][0xbd][0xef][0xbf][0xbd]z[0xef][0xbf][0xbd][0xef][0xbf][0xbd]_[0xef][0xbf][0xbd][0xef][0xbf][0xbd][0xef][0xbf][0xbd][0xef][0xbf][0xbd]][0xef][0xbf][0xbd][0xef][0xbf][0xbd][0xb][0xef][0xbf][0xbd][0xef][0xbf][0xbd][0xef][0xbf][0xbd]R[0xef][0xbf][0xbd][0xef][0xbf][0xbd]J[0xef][0xbf][0xbd][0xef][0xbf][0xbd]cvA[0xef][0xbf][0xbd]F[0xd9][0x9e]8[0xef][0xbf][0xbd][0xef][0xbf][0xbd][0xef][0xbf][0xbd])[0x1a]y[\n]"
07:56:30.728 [main] DEBUG org.apache.http.wire -  >> ".[0xef][0xbf][0xbd][0xef][0xbf][0xbd][0xef][0xbf][0xbd];[0xc9][0xa0][0xef][0xbf][0xbd][0xc9][0xaa]BA[0xef][0xbf][0xbd][0xf][0x17]1[0xef][0xbf][0xbd][0xef][0xbf][0xbd][0xef][0xbf][0xbd]Z[0x1b][0xef][0xbf][0xbd][0xef][0xbf][0xbd][0x8]s[0xef][0xbf][0xbd][0xef][0xbf][0xbd]o[0xef][0xbf][0xbd]W[0xef][0xbf][0xbd]y[0xef][0xbf][0xbd][0xef][0xbf][0xbd][0x8][0xef][0xbf][0xbd][0xef][0xbf][0xbd][0xef][0xbf][0xbd];[0xef][0xbf][0xbd][0xef][0xbf][0xbd]4[0xd3][0xbf][0xef][0xbf][0xbd][\n]"
07:56:30.728 [main] DEBUG org.apache.http.wire -  >> ";:[0xef][0xbf][0xbd][0x1d]oj[0xef][0xbf][0xbd][0xef][0xbf][0xbd][0x11]1[0xef][0xbf][0xbd][0xef][0xbf][0xbd]j[0xef][0xbf][0xbd]BX[0xef][0xbf][0xbd][0xef][0xbf][0xbd]/[0xef][0xbf][0xbd][0x15][0x1][0xef][0xbf][0xbd]]a[0xef][0xbf][0xbd][0xef][0xbf][0xbd]([0x17]`CA[0xef][0xbf][0xbd]g[0xd4][0xa7]q[0xef][0xbf][0xbd][0xef][0xbf][0xbd][0xef][0xbf][0xbd][0xef][0xbf][0xbd][0x1c][0xef][0xbf][0xbd][0x13]OhU[0xef][0xbf][0xbd][0x3][0xef][0xbf][0xbd][0x4][0xef][0xbf][0xbd][0xef][0xbf][0xbd][0xef][0xbf][0xbd]Bt[0xef][0xbf][0xbd][0xef][0xbf][0xbd]H[0xef][0xbf][0xbd]b[0x8][0xef][0xbf][0xbd][\r]w&[0xef][0xbf][0xbd][0xef][0xbf][0xbd]hybd[0xe7][0x90][0xb6][0xef][0xbf][0xbd][0xd6][0x96][0xef][0xbf][0xbd]9=[0xd3][0xaa][0xef][0xbf][0xbd][0xef][0xbf][0xbd][0x4][0xef][0xbf][0xbd][0x12][0xef][0xbf][0xbd]k[0xef][0xbf][0xbd]?[0xc7][0xbc][0xef][0xbf][0xbd][0xef][0xbf][0xbd][0xef][0xbf][0xbd][0xef][0xbf][0xbd][0xef][0xbf][0xbd]RQ[0xd6][0xa0][0xef][0xbf][0xbd][0xef][0xbf][0xbd][0xef][0xbf][0xbd]R[0xef][0xbf][0xbd][<[0xc][0xef][0xbf][0xbd][0x19][0xef][0xbf][0xbd]. [0x15]naL[0xef][0xbf][0xbd][0xef][0xbf][0xbd][0x1c][0xef][0xbf][0xbd]"[0xef][0xbf][0xbd][0xef][0xbf][0xbd][0xef][0xbf][0xbd]cy[0xef][0xbf][0xbd][0x5][0xef][0xbf][0xbd]h[0xef][0xbf][0xbd][0xef][0xbf][0xbd][0xef][0xbf][0xbd][0xef][0xbf][0xbd]U[0xef][0xbf][0xbd]][0xef][0xbf][0xbd][0xef][0xbf][0xbd][0xef][0xbf][0xbd]M[0xef][0xbf][0xbd][0xef][0xbf][0xbd][0xef][0xbf][0xbd]l[0xef][0xbf][0xbd]'[0xef][0xbf][0xbd][0x1e][0xef][0xbf][0xbd]o[0xef][0xbf][0xbd]k[0xef][0xbf][0xbd][0xef][0xbf][0xbd][0xef][0xbf][0xbd][0xef][0xbf][0xbd]bx[0xef][0xbf][0xbd][0xef][0xbf][0xbd][0xef][0xbf][0xbd][0xef][0xbf][0xbd][0x1f][0x1][0xef][0xbf][0xbd]f[0xef][0xbf][0xbd][0xef][0xbf][0xbd]Uc3-[0xef][0xbf][0xbd][0x1c][0xef][0xbf][0xbd]2[0xef][0xbf][0xbd]U[0xef][0xbf][0xbd][0x4]O[0xef][0xbf][0xbd] [0xef][0xbf][0xbd][0xd6][0xbe][0xef][0xbf][0xbd][0xef][0xbf][0xbd][0xef][0xbf][0xbd][0xef][0xbf][0xbd]2[0xef][0xbf][0xbd]+[0xef][0xbf][0xbd][0x1e]G[0xef][0xbf][0xbd][0x1d]J[0xef][0xbf][0xbd]N[0x16][0xef][0xbf][0xbd][0xca][0xba]q[0xef][0xbf][0xbd][0xef][0xbf][0xbd][0xd6][0xba]q[0xef][0xbf][0xbd][0xef][0xbf][0xbd][0xef][0xbf][0xbd]cF[0xef][0xbf][0xbd][0xef][0xbf][0xbd]i[0xdb][0x88]*[0xef][0xbf][0xbd][0xef][0xbf][0xbd]n[0xef][0xbf][0xbd][0xef][0xbf][0xbd]B[0xef][0xbf][0xbd]i[0x16][0xef][0xbf][0xbd]>[0xef][0xbf][0xbd][0xef][0xbf][0xbd][0xef][0xbf][0xbd][0xef][0xbf][0xbd][0xb][0xef][0xbf][0xbd][0xe1][0x80][0xb1]m[0x0][0xef][0xbf][0xbd][0xef][0xbf][0xbd][0xef][0xbf][0xbd][0xef][0xbf][0xbd]O[0xef][0xbf][0xbd][0xef][0xbf][0xbd]S3[0xef][0xbf][0xbd]:6[0xef][0xbf][0xbd]![0x1e][0x11]v[0xef][0xbf][0xbd]<$[0xef][0xbf][0xbd][0xef][0xbf][0xbd][0xef][0xbf][0xbd][\n]"
07:56:30.728 [main] DEBUG org.apache.http.wire -  >> "[0xef][0xbf][0xbd][0x1][0x2]?N[0xef][0xbf][0xbd][0xef][0xbf][0xbd]J[0x5]{;[0xef][0xbf][0xbd]=[0xef][0xbf][0xbd][0xef][0xbf][0xbd]6[0x1]a[0xe]l[0xef][0xbf][0xbd] [0xef][0xbf][0xbd]nx[0xef][0xbf][0xbd][0xef][0xbf][0xbd]z [0xef][0xbf][0xbd];x[0x16][0xef][0xbf][0xbd][0x1d]RV[o[0xef][0xbf][0xbd]*^"[0x3][0xef][0xbf][0xbd]}[0xef][0xbf][0xbd][0xef][0xbf][0xbd];[0xef][0xbf][0xbd]I+[0x3]#[0xef][0xbf][0xbd][0x1e]S[0xef][0xbf][0xbd][0x19]W[0xef][0xbf][0xbd][0xef][0xbf][0xbd][0xd9][0xba]P[0x0]1[0xef][0xbf][0xbd]9[0x6]E[0xc][0xef][0xbf][0xbd][0xef][0xbf][0xbd]e[0xef][0xbf][0xbd][0x1d][0xef][0xbf][0xbd][0xef][0xbf][0xbd][0xef][0xbf][0xbd][0xef][0xbf][0xbd][0xef][0xbf][0xbd]#\[0xef][0xbf][0xbd]<t[0xd9][0x80][0xef][0xbf][0xbd][0xef][0xbf][0xbd]9m[0xef][0xbf][0xbd][0x9]D[0xef][0xbf][0xbd][0x9]?[0xef][0xbf][0xbd][0x4]F$[0xef][0xbf][0xbd][0xef][0xbf][0xbd][0xef][0xbf][0xbd]f[0xef][0xbf][0xbd]@[0xef][0xbf][0xbd]S+[0xef][0xbf][0xbd][0xc2][0xa6][0xef][0xbf][0xbd][0xf]O[0xc2][0x96]kq[0xef][0xbf][0xbd]'[0xef][0xbf][0xbd][0xe][0xef][0xbf][0xbd][0xef][0xbf][0xbd]3[0xef][0xbf][0xbd][0xef][0xbf][0xbd][0xef][0xbf][0xbd]_[0xef][0xbf][0xbd]kS[0xef][0xbf][0xbd][0xef][0xbf][0xbd]_e[0x8][0xef][0xbf][0xbd]h[0xef][0xbf][0xbd][0xef][0xbf][0xbd]X[0xef][0xbf][0xbd][0x11][0xef][0xbf][0xbd]L[0xef][0xbf][0xbd]d3[0x11][0xef][0xbf][0xbd][0xef][0xbf][0xbd][0xef][0xbf][0xbd]o[0xcc][0x9e][0xef][0xbf][0xbd]E[0xef][0xbf][0xbd]w[0xef][0xbf][0xbd][0xef][0xbf][0xbd]E-sh[0xef][0xbf][0xbd]j[0xef][0xbf][0xbd][0xef][0xbf][0xbd][0xef][0xbf][0xbd][0xef][0xbf][0xbd][0xef][0xbf][0xbd][0xef][0xbf][0xbd]{k[0xef][0xbf][0xbd],[0x4][0x16]L[0xef][0xbf][0xbd][0xef][0xbf][0xbd][0xef][0xbf][0xbd][0xef][0xbf][0xbd][0x1e]uI[0xc2][0x85]'[0xef][0xbf][0xbd][0xef][0xbf][0xbd][0xef][0xbf][0xbd]2:8[0xef][0xbf][0xbd][0xef][0xbf][0xbd]Xw4[0x18]G+`S[0x13][0xef][0xbf][0xbd]hD[0xef][0xbf][0xbd][0xef][0xbf][0xbd][0xef][0xbf][0xbd]![0xef][0xbf][0xbd]|[0xef][0xbf][0xbd]4;[0xef][0xbf][0xbd][0xef][0xbf][0xbd][0x1][0xef][0xbf][0xbd]m,[0x1][0xef][0xbf][0xbd][0xef][0xbf][0xbd]eHa[0xef][0xbf][0xbd]`[0xef][0xbf][0xbd][0xef][0xbf][0xbd][0xef][0xbf][0xbd][0xef][0xbf][0xbd]w|[0xef][0xbf][0xbd][0xef][0xbf][0xbd][0xef][0xbf][0xbd]5[0xef][0xbf][0xbd][0xef][0xbf][0xbd][0x14][0xef][0xbf][0xbd][0xef][0xbf][0xbd]Vh[0xef][0xbf][0xbd][0x14][0xef][0xbf][0xbd][\n]"
07:56:30.729 [main] DEBUG org.apache.http.wire -  >> "[0x8] e2[0xef][0xbf][0xbd]/[0xef][0xbf][0xbd][0xef][0xbf][0xbd]-{[0xef][0xbf][0xbd]SZn[0xef][0xbf][0xbd][0xef][0xbf][0xbd]t[0xef][0xbf][0xbd][0xef][0xbf][0xbd][0xef][0xbf][0xbd]8[af0H[0xef][0xbf][0xbd]T[0xef][0xbf][0xbd][0xef][0xbf][0xbd][0xef][0xbf][0xbd][0xef][0xbf][0xbd]4MW0[0xef][0xbf][0xbd][0x18]D[0xef][0xbf][0xbd][0xef][0xbf][0xbd][0xdc][0xb1][0xef][0xbf][0xbd]V[0xef][0xbf][0xbd][0xef][0xbf][0xbd][0xef][0xbf][0xbd][0xef][0xbf][0xbd][0xef][0xbf][0xbd]([0xef][0xbf][0xbd]/[0xef][0xbf][0xbd][0xef][0xbf][0xbd][0x8][0xef][0xbf][0xbd]V,[0x4][0xef][0xbf][0xbd]9[0xef][0xbf][0xbd][0xef][0xbf][0xbd][0xef][0xbf][0xbd]Z[1\[0xef][0xbf][0xbd][0xef][0xbf][0xbd]S[0xef][0xbf][0xbd][0xef][0xbf][0xbd]Vi[0xef][0xbf][0xbd][0x16]H[0xef][0xbf][0xbd][0x7][0xef][0xbf][0xbd][0xef][0xbf][0xbd][0xef][0xbf][0xbd][0xd8][0xbd]X[0xef][0xbf][0xbd][0xef][0xbf][0xbd]E[0xef][0xbf][0xbd]P[0xda][0xad][0xef][0xbf][0xbd][0xef][0xbf][0xbd]Zx[0xef][0xbf][0xbd]2~[0xf2][0xba][0x98][0x9e]/[0x5][0xef][0xbf][0xbd][0xef][0xbf][0xbd]#-[0xef][0xbf][0xbd][0x8][0x10][0x0][0x12]j[0xef][0xbf][0xbd])[0xef][0xbf][0xbd][0xef][0xbf][0xbd]d[0xef][0xbf][0xbd]M[0xef][0xbf][0xbd][0x1b][0xef][0xbf][0xbd][0xef][0xbf][0xbd][0xef][0xbf][0xbd][\n]"
07:56:30.729 [main] DEBUG org.apache.http.wire -  >> "ld[0xef][0xbf][0xbd][0xef][0xbf][0xbd][0xef][0xbf][0xbd][0xef][0xbf][0xbd][0x18][0xef][0xbf][0xbd][0xd2][0x96][0x1]3[0xef][0xbf][0xbd][0x1d]2[0xef][0xbf][0xbd][0xe]S[0xef][0xbf][0xbd][0xef][0xbf][0xbd]q[0xef][0xbf][0xbd][0xef][0xbf][0xbd][0xd2][0xb6][0xef][0xbf][0xbd]bc,[0xef][0xbf][0xbd][0xef][0xbf][0xbd]P[0xb][0x18][0xef][0xbf][0xbd]W7[0x1][0xef][0xbf][0xbd][0xef][0xbf][0xbd]^}[0xef][0xbf][0xbd][0xef][0xbf][0xbd][0xd0][0xb5]L[0xef][0xbf][0xbd][0xef][0xbf][0xbd]h{0-N[0x9]2[0xef][0xbf][0xbd]+I}[0xef][0xbf][0xbd]]Xnt[0x9]Z[0xef][0xbf][0xbd][0xef][0xbf][0xbd][0xef][0xbf][0xbd][0x2][0xef][0xbf][0xbd][0xef][0xbf][0xbd]73/[0xef][0xbf][0xbd][0x5][0xef][0xbf][0xbd]Z[0x1f][0x14][0xef][0xbf][0xbd][0xef][0xbf][0xbd][0x4][0xef][0xbf][0xbd]3[0xef][0xbf][0xbd][0xef][0xbf][0xbd][\r][0xef][0xbf]"
07:56:30.729 [main] DEBUG org.apache.http.wire -  >> "[0xbd]t+[0x3][0x8][0xef][0xbf][0xbd][0x1f].[0xef][0xbf][0xbd][0x18][0xef][0xbf][0xbd]-qq[0x1f][0x16]/9&[0xef][0xbf][0xbd]f[0xef][0xbf][0xbd]-LO[0xef][0xbf][0xbd][0xd2][0x9b]J[0xe][0xef][0xbf][0xbd][0xef][0xbf][0xbd][0xef][0xbf][0xbd]\[0xef][0xbf][0xbd][0x1c]'[0xef][0xbf][0xbd][0xef][0xbf][0xbd][0xef][0xbf][0xbd]JI[0xef][0xbf][0xbd]u[0xef][0xbf][0xbd]7Z[0xef][0xbf][0xbd][0xd7][0x90][0xef][0xbf][0xbd]t[0xef][0xbf][0xbd]b[0xef][0xbf][0xbd][0xef][0xbf][0xbd]K[0x1f]k[0xef][0xbf][0xbd][0xef][0xbf][0xbd][0x2]Q[0xef][0xbf][0xbd][0xef][0xbf][0xbd][0xef][0xbf][0xbd][0xef][0xbf][0xbd][0x19][0xef][0xbf][0xbd]UC[0xef][0xbf][0xbd][0xef][0xbf][0xbd][0xef][0xbf][0xbd][0xef][0xbf][0xbd]u[0x8][0xef][0xbf][0xbd]*[0xef][0xbf][0xbd]P.V3[0xef][0xbf][0xbd]?s[0xef][0xbf][0xbd]k[0x4]r[0xef][0xbf][0xbd][0xef][0xbf][0xbd][0xef][0xbf][0xbd][0xef][0xbf][0xbd][0x18]c[0xef][0xbf][0xbd]3c(m5[0xef][0xbf][0xbd]e[0xef][0xbf][0xbd]U#[0xef][0xbf][0xbd][0xcf][0x9b]${P[0x11][0xef][0xbf][0xbd]5[0xef][0xbf][0xbd][0xef][0xbf][0xbd][0xef][0xbf][0xbd][0xef][0xbf][0xbd][0xef][0xbf][0xbd]t[d[0xef][0xbf][0xbd][0xef][0xbf][0xbd]d[0xd1][0xa2][0xef][0xbf][0xbd][0x19][0x1d][0xef][0xbf][0xbd]n|[0xef][0xbf][0xbd][0xef][0xbf][0xbd][0xef][0xbf][0xbd][0xef][0xbf][0xbd][0xef][0xbf][0xbd]|[0xef][0xbf][0xbd]z?[0xef][0xbf][0xbd][0xef][0xbf][0xbd][0xef][0xbf][0xbd]N[0xef][0xbf][0xbd] A[0xb][0xef][0xbf][0xbd][0xef][0xbf][0xbd]|[0xef][0xbf][0xbd][0x1b]z[0xef][0xbf][0xbd],[0xef][0xbf][0xbd][0xef][0xbf][0xbd][0xef][0xbf][0xbd][0x17][0x8][0xef][0xbf][0xbd]h[0x17][0xc][0xef][0xbf][0xbd]:[0xef][0xbf][0xbd]@[0x9][0xef][0xbf][0xbd][0x8][0xef][0xbf][0xbd]@[0x5][0x18][0xef][0xbf][0xbd]Jk[0xef][0xbf][0xbd]w[0xc2][0xb4]n[0xef][0xbf][0xbd][0x1b][0xef][0xbf][0xbd]F[0xef][0xbf][0xbd]W9[0xef][0xbf][0xbd][0xef][0xbf][0xbd][0xef][0xbf][0xbd][0xca][0x83][0x15][0xef][0xbf][0xbd]{[0xef][0xbf][0xbd][0x10][0xef][0xbf][0xbd][0xef][0xbf][0xbd][0xef][0xbf][0xbd]b[0x5][0xef][0xbf][0xbd][0xef][0xbf][0xbd]Pd{P/[0x13]K[0xef][0xbf][0xbd]L"[0xef][0xbf][0xbd]K:9![0xef][0xbf][0xbd][0xef][0xbf][0xbd][0xef][0xbf][0xbd]\[0xdd][0x94]>[0xef][0xbf][0xbd][0xef][0xbf][0xbd]d[0xef][0xbf][0xbd][0x0][0xef][0xbf][0xbd]Q[0xef][0xbf][0xbd][0x16]m[0x11]L[0xef][0xbf][0xbd]X[0xb]G[0x13]~[0xef][0xbf][0xbd]F[0xef][0xbf][0xbd][0x1f][0xda][0xa0][0xef][0xbf][0xbd][0xef][0xbf][0xbd]|[0xef][0xbf][0xbd][0xef][0xbf][0xbd]s[0xef][0xbf][0xbd]w[0xef][0xbf][0xbd][0xef][0xbf][0xbd][0xc9][0xa2][0xef][0xbf][0xbd][0xc4][0x96]9a[0xef][0xbf][0xbd][0x1]3u=c[0xef][0xbf][0xbd][0x0]|d[0xef][0xbf][0xbd][0xef][0xbf][0xbd][0xef][0xbf][0xbd][0xef][0xbf][0xbd][0xd2][0xbb][0x8][0xef][0xbf][0xbd]9[0xef][0xbf][0xbd][0x1c]w*[0x12][0xef][0xbf][0xbd]{[0xef][0xbf][0xbd]X7[0x10][0xef][0xbf][0xbd][0xef][0xbf][0xbd]W}[0x1][0xef][0xbf][0xbd][0xef][0xbf][0xbd][0xef][0xbf][0xbd]y*[0x5][\r][0xef][0xbf][0xbd]3[0xef][0xbf][0xbd][0xef][0xbf][0xbd]|[0xef][0xbf][0xbd]([0xef][0xbf][0xbd][0xb][0xef][0xbf][0xbd][0xef][0xbf][0xbd]c[0xef][0xbf][0xbd]e[0xef][0xbf][0xbd][0xef][0xbf][0xbd][0xef][0xbf][0xbd][0xef][0xbf][0xbd]4[0xef][0xbf][0xbd]Xc'[0xef][0xbf][0xbd][0xef][0xbf][0xbd][0xef][0xbf][0xbd]|r[0xef][0xbf][0xbd][0xef][0x9f][0xbe][0xef][0xbf][0xbd][0xef][0xbf][0xbd]_{[0xef][0xbf][0xbd]<n[[0x16][0xd9][0xa2][0xef][0xbf][0xbd]%[0x1d][0xef][0xbf][0xbd][0xef][0xbf][0xbd][0xef][0xbf][0xbd][0xef][0xbf][0xbd]_[0xef][0xbf][0xbd][0xef][0xbf][0xbd][0xef][0xbf][0xbd][0xef][0xbf][0xbd][0xef][0xbf][0xbd][0x13][0xef][0xbf][0xbd][0x5][0xef][0xbf][0xbd][0xef][0xbf][0xbd]t[0x1f]zdh[0xef][0xbf][0xbd][0x17][0xef][0xbf][0xbd][0xef][0xbf][0xbd][0x1c][0xef][0xbf][0xbd];[0xef][0xbf][0xbd][0xef][0xbf][0xbd]w[0xef][0xbf][0xbd]?o[0xef][0xbf][0xbd][0xef][0xbf][0xbd][0xd1][0x89][0x8]US)[0xef][0xbf][0xbd][0xef][0xbf][0xbd]C[0xcb][0xa4][0xef][0xbf][0xbd][0x6]%[0xef][0xbf][0xbd][0xef][0xbf][0xbd]U[0x1d][0xef][0xbf][0xbd]V9[\r][0xef][0xbf][0xbd][0x4][0xef][0xbf][0xbd][0x1]D[0xef][0xbf][0xbd]!h[0xef][0xbf][0xbd][0xef][0xbf][0xbd][0xef][0xbf][0xbd]RKG[0xb][0xef][0xbf][0xbd]&[0xef][0xbf][0xbd][0x2][0xef][0xbf][0xbd][0xef][0xbf][0xbd][[0x14][0xef][0xbf][0xbd][0xef][0xbf][0xbd][0x14][0xef][0xbf][0xbd][0xef][0xbf][0xbd]{[0xef][0xbf][0xbd]\[0xef][0xbf][0xbd]/[0xef][0xbf][0xbd]Y[0xef][0xbf][0xbd][0xef][0xbf][0xbd][0xef][0xbf][0xbd]9[0x5][)[0xef][0xbf][0xbd]`w[0xef][0xbf][0xbd][0xc]K[0xef][0xbf][0xbd][0x1e][0xef][0xbf][0xbd][0x15][0xef][0xbf][0xbd][0xef][0xbf][0xbd]n[0xef][0xbf][0xbd]_[0x10][0xef][0xbf][0xbd]g[0xe][\r]@[0xef][0xbf][0xbd]][0xed][0x9c][0x8d][0xef][0xbf][0xbd]^O[0xef][0xbf][0xbd]J:[0x11][0xef][0xbf][0xbd][0x14]D{[0xef][0xbf][0xbd]F|[0xef][0xbf][0xbd]u[0xef][0xbf][0xbd]@[0xef][0xbf][0xbd][0x1][0xef][0xbf][0xbd]S[0xef][0xbf][0xbd]6N[0xef][0xbf][0xbd][0xef][0xbf][0xbd][0xef][0xbf][0xbd]t[0xef][0xbf][0xbd]J1to[0x18][0xef][0xbf][0xbd][0xef][0xbf][0xbd][0xef][0xbf][0xbd][0xef][0xbf][0xbd][0xef][0xbf][0xbd]q0[0xef][0xbf][0xbd]`eZ[0xef][0xbf][0xbd][0xef][0xbf][0xbd][0xdf][0x80]c[0xef][0xbf][0xbd][0xef][0xbf][0xbd][0xef][0xbf][0xbd]r{R[0xef][0xbf][0xbd][0xef][0xbf][0xbd][0xef][0xbf][0xbd][0xe][0x19][0xef][0xbf][0xbd][0x12]*8[0xef][0xbf][0xbd][\r][0xef][0xbf][0xbd]<!%[0xef][0xbf][0xbd][0xef][0xbf][0xbd]$G[0xda][0xa5]([0xef][0xbf][0xbd][0x3]n[0xef][0xbf][0xbd][0xef][0xbf][0xbd][0x1b][0xef][0xbf][0xbd][0x8]8[0xef][0xbf][0xbd][0xef][0xbf][0xbd][0xef][0xbf][0xbd][0xef][0xbf][0xbd]Q[0xef][0xbf][0xbd]1?[0xef][0xbf][0xbd][0xef][0xbf][0xbd][0xef][0xbf][0xbd]{[0x1][0xef][0xbf][0xbd][0xef][0xbf][0xbd][0xef][0xbf][0xbd]x[0xef][0xbf][0xbd][0xef][0xbf][0xbd]5[0x6][0xef][0xbf][0xbd]V[0x1f][0xef][0xbf][0xbd][0xd1][0xa1][0x18]a[0xef][0xbf][0xbd][0xef][0xbf][0xbd]o:0[0xc6][0xa7][0xef][0xbf][0xbd]]R[0xef][0xbf][0xbd]wZ@[0xef][0xbf][0xbd][0xef][0xbf][0xbd]cE[0xf][0xef][0xbf][0xbd][0xcd][0xb7][0x1e]][0x17][0xef][0xbf][0xbd][0xd7][0xae][0xef][0xbf][0xbd][0xef][0xbf][0xbd][0xef][0xbf][0xbd][0xef][0xbf][0xbd][0xef][0xbf][0xbd][0xef][0xbf][0xbd][0xef][0xbf][0xbd]b,o[0xd7][0xb3][0xef][0xbf][0xbd][0xca][0x95][0xef][0xbf][0xbd]*[0xef][0xbf][0xbd][\n]"
07:56:30.730 [main] DEBUG org.apache.http.wire -  >> "[0xef][0xbf][0xbd][0x8][0xe]^[0xef][0xbf][0xbd][0xef][0xbf][0xbd]([0xef][0xbf][0xbd]u,[0xef][0xbf][0xbd][\r][0xef][0xbf][0xbd]V[0xef][0xbf][0xbd]\.[0xef][0xbf][0xbd]T[0xef][0xbf][0xbd][0xef][0xbf][0xbd]D[0x8][\n]"
07:56:30.730 [main] DEBUG org.apache.http.wire -  >> "[0xef][0xbf][0xbd]Z[0xef][0xbf][0xbd]T[0xef][0xbf][0xbd][[0x10]B_[0xe]u[0xef][0xbf][0xbd]d;[0xef][0xbf][0xbd]W[0xef][0xbf][0xbd][\r]n[0xef][0xbf][0xbd][0xef][0xbf][0xbd][0x6]d[0xef][0xbf][0xbd]%`[0xef][0xbf][0xbd]([0xef][0xbf][0xbd]C[0xef][0xbf][0xbd]"[0xef][0xbf][0xbd]*[0xef][0xbf][0xbd]F[0xb],0q5[0xef][0xbf][0xbd][0x1a][0x1d][0xef][0xbf][0xbd][0xef][0xbf][0xbd][0xef][0xbf][0xbd][0x9]8v x[0x9]EZk<[0xef][0xbf][0xbd][0xef][0xbf][0xbd][0xef][0xbf][0xbd]I[0x1a][0xef][0xbf][0xbd][0xef][0xbf][0xbd]h[0xef][0xbf][0xbd][0xef][0xbf][0xbd][0xef][0xbf][0xbd][0x19][0xef][0xbf][0xbd] [0xef][0xbf][0xbd]:&F[0xef][0xbf][0xbd]S{[0xef][0xbf][0xbd][0xef][0xbf][0xbd]6q[\r][0xef][0xbf][0xbd]5Xj[0xef][0xbf][0xbd][0xef][0xbf][0xbd]b[0xef][0xbf][0xbd][0xef][0xbf][0xbd]MP&\-$[0xef][0xbf][0xbd][0xef][0xbf][0xbd]Rh:^[0xef][0xbf][0xbd][0x1e][0xef][0xbf][0xbd][0xef][0xbf][0xbd][0xef][0xbf][0xbd]O[0xef][0xbf][0xbd][0xef][0xbf][0xbd]=[0xef][0xbf][0xbd][0xef][0xbf][0xbd]h[0xef][0xbf][0xbd][0x4][0xef][0xbf][0xbd][0xef][0xbf][0xbd]NI[0xef][0xbf][0xbd]![0xd2][0x86]9[0xef][0xbf][0xbd][0xef][0xbf][0xbd]q[0xef][0xbf][0xbd][0xf][0xb][0x6][0xef][0xbf][0xbd][0xef][0xbf][0xbd]XO[0xef][0xbf][0xbd]L[0xef][0xbf][0xbd]j[0x4][0xef][0xbf][0xbd][s[0xef][0xbf][0xbd]]:[0xef][0xbf][0xbd][0xef][0xbf][0xbd][0xef][0xbf][0xbd]a[0xef][0xbf][0xbd][0x18]JX[0x1][0xef][0xbf][0xbd]3[0xef][0xbf][0xbd][0x1f][0xef][0xbf][0xbd][0x10][0xef][0xbf][0xbd][0xef][0xbf][0xbd]X]4[0xef][0xbf][0xbd][0xef][0xbf][0xbd][0x11](wX,[0xef][0xbf][0xbd][0x16]][0xef][0xbf][0xbd]I[0xef][0xbf][0xbd]54[0xef][0xbf][0xbd][0x5][0xef][0xbf][0xbd]/L[0xef][0xbf][0xbd][0xef][0xbf][0xbd]7[0xef][0xbf][0xbd][0x18]n[0x1f]E"[0xef][0xbf][0xbd][0xef][0xbf][0xbd][0x19][0xef][0xbf][0xbd];- [[0xef][0xbf][0xbd][0xef][0xbf][0xbd][0xef][0xbf][0xbd][0x7][0xef][0xbf][0xbd][0xef][0xbf][0xbd]uu[0x1d][0xef][0xbf][0xbd][0xef][0xbf][0xbd]p}[0xef][0xbf][0xbd][0xef][0xbf][0xbd][0x18][0x1e]P[0x10][0x1a][0xef][0xbf][0xbd][\r][0xef][0xbf][0xbd]$2[0xef][0xbf][0xbd][0xef][0xbf][0xbd]|[0xef][0xbf][0xbd][0xef][0xbf][0xbd][0x1]aZ[0xc2][0x9c][0xef][0xbf][0xbd][0x13]B][0xef][0xbf][0xbd]%P[0xed][0x9d][0x80]xh[0xef][0xbf][0xbd]\[0xef][0xbf][0xbd][0xef][0xbf][0xbd].f[0xef][0xbf][0xbd]"[0xef][0xbf][0xbd][0xef][0xbf][0xbd]o}[0xb][0xef][0xbf][0xbd][0xef][0xbf][0xbd]F[0xef][0xbf][0xbd][0x2] [0xef][0xbf][0xbd][0xef][0xbf][0xbd]\[0xef][0xbf][0xbd]y[0xef][0xbf][0xbd][0xef][0xbf][0xbd][0xef][0xbf][0xbd][\n]"
07:56:30.730 [main] DEBUG org.apache.http.wire -  >> "[0xef][0xbf][0xbd];[0xef][0xbf][0xbd][0xef][0xbf][0xbd][0xef][0xbf][0xbd][0xef][0xbf][0xbd]&[0xdd][0xa3]=[0xef][0xbf][0xbd]y[0xef][0xbf][0xbd][0xef][0xbf][0xbd][0xef][0xbf][0xbd][0xef][0xbf][0xbd]*[0xef][0xbf][0xbd][0xef][0xbf][0xbd]&[0xef][0xbf][0xbd][0xef][0xbf][0xbd][0x2]1[0xef][0xbf][0xbd][0xef][0xbf][0xbd][0xef][0xbf][0xbd][0x15][0x6]Q[0xef][0xbf][0xbd]J[0x0][\n]"
07:56:30.730 [main] DEBUG org.apache.http.wire -  >> "[0xef][0xbf][0xbd]rk[0xef][0xbf][0xbd][0xef][0xbf][0xbd][0x12][0xef][0xbf][0xbd][0xef][0xbf][0xbd][0xef][0xbf][0xbd][0x2][0xef][0xbf][0xbd]M2D[0xef][0xbf][0xbd][0xe][0xef][0xbf][0xbd]^C[0xef][0xbf][0xbd][0xef][0xbf][0xbd][0x1b][0xef][0xbf][0xbd]\[0xef][0xbf][0xbd][0x12][0xd6][0x80][0xef][0xbf][0xbd]WB:?[0xef][0xbf][0xbd]5[0xef][0xbf][0xbd][0xef][0xbf][0xbd])[0xef][0xbf][0xbd].[0xef][0xbf][0xbd]c[0xef][0xbf][0xbd]p<L[0xef][0xbf][0xbd][0xef][0xbf][0xbd][0xef][0xbf][0xbd][0xef][0xbf][0xbd][0xef][0xbf][0xbd][0xef][0xbf][0xbd]Q[0xef][0xbf][0xbd][0x15][0xef][0xbf][0xbd]l[0xef][0xbf][0xbd]S[0xef][0xbf][0xbd][0xef][0xbf][0xbd]v[0xef][0xbf][0xbd][0xef][0xbf][0xbd][0xef][0xbf][0xbd][0x0]{\[0xef][0xbf][0xbd]ra6,O[0xef][0xbf][0xbd][0x1a][0xef][0xbf][0xbd][0xf]ex[0xf][0xef][0xbf][0xbd][0xef][0xbf][0xbd][0xef][0xbf][0xbd]-[0xef][0xbf][0xbd][0xef][0xbf][0xbd]'7[0x1e][0xef][0xbf][0xbd][0x1b][0xef][0xbf][0xbd]'N[0xef][0xbf][0xbd][0xef][0xbf][0xbd][0xef][0xbf][0xbd]YY{x[0xef][0xbf][0xbd]5,[0xef][0xbf][0xbd]r%[0x16][0xef][0xbf][0xbd][0x13][0xef][0xbf][0xbd]n[0xef][0xbf][0xbd]L[0xef][0xbf][0xbd]4Zi[0xef][0xbf][0xbd][0xef][0xbf][0xbd][0xef][0xbf][0xbd][0x17][0xef][0xbf][0xbd][[0xef][0xbf][0xbd]T)P[0x16][0x9][0xef][0xbf][0xbd]G[0xef][0xbf][0xbd][0xef][0xbf][0xbd]m[0xef][0xbf][0xbd]i[0x1][0xd9][0xa2][0xef][0xbf][0xbd]$[0x1d][0xef][0xbf][0xbd][0xef][0xbf][0xbd][0xef][0xbf][0xbd][0xef][0xbf][0xbd][0xef][0xbf][0xbd]u[0xef][0xbf][0xbd][0xef][0xbf][0xbd]|]l[0xef][0xbf][0xbd][0xef][0xbf][0xbd]H[0xe]J)[0xd2][0xa9][0xef][0xbf][0xbd][0xef][0xbf][0xbd]([0x1f]j1[0xef][0xbf][0xbd][0xef][0xbf][0xbd][0xc9][0x85]k)[0xef][0xbf][0xbd]S[0xd4][0xab]/[0x1f][0x14][0x12][0xef][0xbf][0xbd]jyl[0xef][0xbf][0xbd]:[0xef][0xbf][0xbd][0xef][0xbf][0xbd].!*[0xd1][0x8e]*[0xef][0xbf][0xbd]{j[0xef][0xbf][0xbd][0x1b][0xef][0xbf][0xbd]S[0xea][0x98][0x89]Q[0xef][0xbf][0xbd][0xef][0xbf][0xbd],b"B[0xef][0xbf][0xbd][0xef][0xbf][0xbd][0x18]q#[0xef][0xbf][0xbd]s[0xef][0xbf][0xbd][0x1b][0xef][0xbf][0xbd][0xef][0xbf][0xbd][0xcd][0xb0][0xef][0xbf][0xbd][0xef][0xbf][0xbd][0xef][0xbf][0xbd][0xef][0xbf][0xbd]:3[0xef][0xbf][0xbd][0x2][0xef][0xbf][0xbd]y[0xef][0xbf][0xbd][0xef][0xbf][0xbd][0xdb][0xae]2[0x1b][0xef][0xbf][0xbd]d[0xef][0xbf][0xbd][0xef][0xbf][0xbd]?[0xef][0xbf][0xbd][0xb][0x17]w[0xef][0xbf][0xbd]F[0xef][0xbf][0xbd][0xef][0xbf][0xbd]+l[0xef][0xbf][0xbd][0x13][0xef][0xbf][0xbd]}[0xef][0xbf][0xbd]hu[0x18],[0xe][0xef][0xbf][0xbd][[0xef][0xbf][0xbd][0xdb][0xac]!<[0x16][0xef][0xbf][0xbd][0x6][0xef][0xbf][0xbd]ty[0xef][0xbf][0xbd][0xef][0xbf][0xbd]XHl[0xef][0xbf][0xbd]$[0xef][0xbf][0xbd]#[0xcb][0xbe]P[0xd0][0xb6][0xef][0xbf][0xbd][\n]"
07:56:30.730 [main] DEBUG org.apache.http.wire -  >> "?i[0xc][0xef][0xbf][0xbd]|[0xef][0xbf][0xbd][0xef][0xbf][0xbd][0xef][0xbf][0xbd]`pY[0xb]p[0xef][0xbf][0xbd]Q^;[0xef][0xbf][0xbd][0xef][0xbf][0xbd]F[0xef][0xbf][0xbd][0xef][0xbf][0xbd][0xef][0xbf][0xbd][0x13]Qn[0xef][0xbf][0xbd][0xef][0xbf][0xbd][0xef][0xbf][0xbd]*[0xef][0xbf][0xbd]8[0xef][0xbf][0xbd][0xef][0xbf][0xbd]G[0xef][0xbf][0xbd][0xef][0xbf][0xbd][0xef][0xbf][0xbd][0x19][0xef][0xbf][0xbd]Y[0xef][0xbf][0xbd][0xef][0xbf][0xbd]N[0xef][0xbf][0xbd][0xef][0xbf][0xbd]>[0xef][0xbf][0xbd][0xef][0xbf][0xbd]RL3[0xef][0xbf][0xbd]gOV{56[0xef][0xbf][0xbd]{[0xef][0xbf][0xbd][0xef][0xbf][0xbd]L[0xef][0xbf][0xbd]B[0x2][\r][0x4][0xe8][0xb5][0x87][0xef][0xbf][0xbd]z[0xe2][0x8e][0xbe][0xef][0xbf][0xbd]PJ<[0xef][0xbf][0xbd][0xef][0xbf][0xbd]_9[0xef][0xbf][0xbd]e[0xef][0xbf][0xbd][0xef][0xbf][0xbd]}[0xef][0xbf][0xbd]{[0xef][0xbf][0xbd]-[0x1b][0xef][0xbf][0xbd]Z[0xef][0xbf][0xbd][0xef][0xbf][0xbd]#D[0xf][0xef][0xbf][0xbd]w[0xef][0xbf][0xbd][0xef][0xbf][0xbd][0x17][0xef][0xbf][0xbd][0xb][0xef][0xbf][0xbd][0xc5][0x8b]]][0xef][0xbf][0xbd]{[0xef][0xbf][0xbd]a[0x11][0xef][0xbf][0xbd]>Th[0xef][0xbf][0xbd]q[0xef][0xbf][0xbd]Z[0xef][0xbf][0xbd]n[0xef][0xbf][0xbd][0xef][0xbf][0xbd][0xef][0xbf][0xbd][0xef][0xbf][0xbd][0x19][0xef][0xbf][0xbd][0xef][0xbf][0xbd][0xc9][0x97][0xef][0xbf][0xbd][0xd8][0x81]c?[0x1f]n[\n]"
07:56:30.731 [main] DEBUG org.apache.http.wire -  >> "[0xef][0xbf][0xbd][0xef][0xbf][0xbd]*[0xc]8S[0xef][0xbf][0xbd][0xef][0xbf][0xbd][0xef][0xbf][0xbd]4[0x5][0xef][0xbf][0xbd][0xef][0xbf][0xbd]lm"m[0x1]i[0xef][0xbf][0xbd][0xdf][0x9e][0xdb][0xa0][0xef][0xbf][0xbd]q[0xd6][0xb2][0xef][0xbf][0xbd]`Rq[0xef][0xbf][0xbd][0xef][0xbf][0xbd]$[0xef][0xbf][0xbd]b%[0x2][\n]"
07:56:30.731 [main] DEBUG org.apache.http.wire -  >> "[0x8][0xef][0xbf][0xbd]\QdC@[0xef][0xbf][0xbd][0x1][0xef][0xbf][0xbd][0x3][0xef][0xbf][0xbd][0xdc][0x80][0xef][0xbf][0xbd][0xc3][0xa8][0x14][0xef][0xbf][0xbd]*V[0x10]]n[0xef][0xbf][0xbd]'[0xef][0xbf][0xbd]~5C[0xef][0xbf][0xbd][0xef][0xbf][0xbd]A1d/[0xef][0xbf][0xbd]&5v[0xef][0xbf][0xbd][0xd9][0xaf][0xef][0xbf][0xbd]1[0xef][0xbf][0xbd][0x1c][0xc7][0xbc][0xef][0xbf][0xbd]5[0xef][0xbf][0xbd]#n[0xef][0xbf][0xbd][0xef][0xbf][0xbd]&[0xef][0xbf][0xbd][0xef][0xbf][0xbd]u[0x12][0xef][0xbf][0xbd][0xef][0xbf][0xbd][0xef][0xbf][0xbd]8[0x1c]g1_[0xef][0xbf][0xbd][0xef][0xbf][0xbd][0xef][0xbf][0xbd][0xef][0xbf][0xbd][0xef][0xbf][0xbd][0x1d]-[0xb][0xd9][0x83]5N:[0xef][0xbf][0xbd][0xef][0xbf][0xbd]f[0xef][0xbf][0xbd][0x3][0xef][0xbf][0xbd]0[0x0]2[0x14]l[0xef][0xbf][0xbd]U[0xef][0xbf][0xbd]?N[0xef][0xbf][0xbd][0xef][0xbf][0xbd][0xef][0xbf][0xbd][0x1c]e[0xef][0xbf][0xbd][0x5][0xef][0xbf][0xbd]>@y[0xef][0xbf][0xbd][0x1f][0xcb][0xa5]9[0xef][0xbf][0xbd]5[0xef][0xbf][0xbd]s[0xef][0xbf][0xbd][0xef][0xbf][0xbd][0xef][0xbf][0xbd][0xd1][0xb4][0xef][0xbf][0xbd][0xef][0xbf][0xbd][0xd5][0xb8] [0x15][0xef][0xbf][0xbd]{[0xdc][0xa0][0xef][0xbf][0xbd][0x1](;1$[0x1a][0xef][0xbf][0xbd]}d[0xef][0xbf][0xbd][0xef][0xbf][0xbd]B[0xef][0xbf][0xbd][0x6]M|[0xef][0xbf][0xbd]#[0xef][0xbf][0xbd]c[0xef][0xbf][0xbd]e[0xef][0xbf][0xbd]-z[0xef][0xbf][0xbd][0xe9][0xb0][0xbe]~[0xef][0xbf][0xbd]rd[0x1d]^'[0xef][0xbf][0xbd][0xef][0xbf][0xbd]^[0x10][0xef][0xbf][0xbd][0xef][0xbf][0xbd]'[0xef][0xbf][0xbd][0xef][0xbf][0xbd]?[0xef][0xbf][0xbd]K[0x1a]s[0xef][0xbf][0xbd]S[0xef][0xbf][0xbd]6[0x17])[0xef][0xbf][0xbd]N[0xef][0xbf][0xbd]}[0xef][0xbf][0xbd]A[0xef][0xbf][0xbd]z[0xef][0xbf][0xbd][0x1c]FF[0xef][0xbf][0xbd][0xef][0xbf][0xbd][0xc2][0xaa],[0xef][0xbf][0xbd][0x0][0xef][0xbf][0xbd][0xd1][0xa9](~[0xef][0xbf][0xbd][0xef][0xbf][0xbd][0xef][0xbf][0xbd][0xef][0xbf][0xbd][0xef][0xbf][0xbd][0x12]M[0xef][0xbf][0xbd][0x4]E[0xef][0xbf][0xbd]:y@[0xef][0xbf][0xbd]x[0xef][0xbf][0xbd][0xef][0xbf][0xbd][0xef][0xbf][0xbd]i![0xef][0xbf][0xbd]6Hc[0xef][0xbf][0xbd]qH[0xef][0xbf][0xbd][0x5][0xef][0xbf][0xbd][0x5]^[0xef][0xbf][0xbd][0x10]$q[0xef][0xbf][0xbd]^h[0xef][0xbf][0xbd]3i`[0xef][0xbf][0xbd][0xef][0xbf][0xbd]D[0xef][0xbf][0xbd]o%[0xef][0xbf][0xbd][0x15][0x3][0xef][0xbf][0xbd][0xef][0xbf][0xbd][0xb][0xef][0xbf][0xbd][0xef][0xbf][0xbd][0x19][0xef][0xbf][0xbd][0xef][0xbf][0xbd]Z[0xef][0xbf][0xbd][0xef][0xbf][0xbd]U[0xef][0xbf][0xbd][0xef][0xbf][0xbd][0xef][0xbf][0xbd]N;[0x9]B[0x8]|'/.m|[0xef][0xbf][0xbd][0xef][0xbf][0xbd][0xef][0xbf][0xbd][0x1][0xef][0xbf][0xbd][0xef][0xbf][0xbd][0xef][0xbf][0xbd][0xca][0x84][0x5][0xef][0xbf][0xbd]{[0xef][0xbf][0xbd][0xce][0x80]@S[0xef][0xbf][0xbd][0xef][0xbf][0xbd][0xef][0xbf][0xbd][0xef][0xbf][0xbd][0xef][0xbf][0xbd][0xef][0xbf][0xbd]q+[0xef][0xbf][0xbd]R h[0xef][0xbf][0xbd]z[0xef][0xbf][0xbd][0xef][0xbf][0xbd][0xef][0xbf][0xbd]'[0xef][0xbf][0xbd]T[0xc3][0x9d]&G[0x15][0x16]=N[0xef][0xbf][0xbd]z[0xd1][0x8f][0xef][0xbf][0xbd]+[0xef][0xbf][0xbd][0x18][0xef][0xbf][0xbd][0xef][0xbf][0xbd][0xef][0xbf][0xbd][0xef][0xbf][0xbd][0xd2][0xbf][0xef][0xbf][0xbd][0xef][0xbf][0xbd][0xef][0xbf][0xbd][0xef][0xbf][0xbd][0xef][0xbf][0xbd]<5[0xef][0xbf][0xbd][0xef][0xbf][0xbd][0x13][0xef][0xbf][0xbd][0xef][0xbf][0xbd][0xef][0xbf][0xbd][0xef][0xbf][0xbd][0x1e]5[\n]"
07:56:30.731 [main] DEBUG org.apache.http.wire -  >> "[0xef][0xbf][0xbd][0xef][0xbf][0xbd][0xef][0xbf][0xbd][0xcd][0x8e][0xef][0xbf][0xbd]I:)0o[0xef][0xbf][0xbd]b[0xef][0xbf][0xbd][0xd9][0x88]O[0xef][0xbf][0xbd][0xef][0xbf][0xbd][0xef][0xbf][0xbd]bl[0x19]J[0x16][0xef][0xbf][0xbd]D[0x10][0xef][0xbf][0xbd]s][0xef][0xbf][0xbd]+[0xef][0xbf][0xbd]}[0xef][0xbf][0xbd][0xef][0xbf][0xbd][0xef][0xbf][0xbd][0xef][0xbf][0xbd]D[0xef][0xbf][0xbd][0xef][0xbf][0xbd][0xef][0xbf][0xbd]$![0xef][0xbf][0xbd]w[0xef][0xbf][0xbd][0x19][0xef][0xbf][0xbd][0xef][0xbf][0xbd]rJ[0xef][0xbf][0xbd][0xef][0xbf][0xbd]i[0x1][0xd9][0xa2][0xef][0xbf][0xbd][0xef][0xbf][0xbd][0x1e][0xef][0xbf][0xbd][0xef][0xbf][0xbd][0xef][0xbf][0xbd][0xef][0xbf][0xbd][0xef][0xbf][0xbd]:[0xef][0xbf][0xbd]_[0xef][0xbf][0xbd]N[0xef][0xbf][0xbd]Gr[0xef][0xbf][0xbd]WtD[0xef][0xbf][0xbd][0xef][0xbf][0xbd][0xef][0xbf][0xbd]3[0xef][0xbf][0xbd] n[0xef][0xbf][0xbd][0x0].!k[0xef][0xbf][0xbd]a[0xef][0xbf][0xbd][0xef][0xbf][0xbd][0xef][0xbf][0xbd][0x12][0xef][0xbf][0xbd][0xd6][0xa7]Uj[0xc6][0xa3]X3[0xef][0xbf][0xbd][0xef][0xbf][0xbd]E[0xb][0xef][0xbf][0xbd]W|h[0xef][0xbf][0xbd][0x12][0xef][0xbf][0xbd][0xef][0xbf][0xbd]>[0xef][0xbf][0xbd][0xef][0xbf][0xbd]a[[0xef][0xbf][0xbd]D[0xef][0xbf][0xbd][0xef][0xbf][0xbd]EO[0xef][0xbf][0xbd][0x1d][0x1d][0xef][0xbf][0xbd][0xef][0xbf][0xbd]L[0xef][0xbf][0xbd][0x16]Z[0xef][0xbf][0xbd][0xef][0xbf][0xbd].j[0xef][0xbf][0xbd][0xef][0xbf][0xbd][0xef][0xbf][0xbd]Dq[0xef][0xbf][0xbd]K[0xef][0xbf][0xbd][0xef][0xbf][0xbd]WEi[0xef][0xbf][0xbd]!B[0xef][0xbf][0xbd][0x13]YJ[0xef][0xbf][0xbd]>[0xef][0xbf][0xbd]&[0x0][0xef][0xbf][0xbd][0xef][0xbf][0xbd]rk[0xef][0xbf][0xbd][0xef][0xbf][0xbd]91=[0xef][0xbf][0xbd][0xef][0xbf][0xbd]`f[0xef][0xbf][0xbd][0xef][0xbf][0xbd][0xef][0xbf][0xbd]<K[0xef][0xbf][0xbd][0x17][0xef][0xbf][0xbd]o[0xc]*[0x12][0x10][0xef][0xbf][0xbd][0xef][0xbf][0xbd]@[0xef][0xbf][0xbd][0xef][0xbf][0xbd][0x18][0x1d][0xef][0xbf][0xbd][0xef][0xbf][0xbd]8A[0xef][0xbf][0xbd][0x5][0xef][0xbf][0xbd][0xef][0xbf][0xbd]18[0xef][0xbf][0xbd][0x13]HLjC[0xc6][0x85][0xef][0xbf][0xbd][0xef][0xbf][0xbd][0xef][0xbf][0xbd][0xef][0xbf][0xbd]t[0xef][0xbf][0xbd][0xe7][0xa7][0x9a][0xef][0xbf][0xbd]&e[0xef][0xbf][0xbd][0xef][0xbf][0xbd][0xe]b[0x1b]%:[0x18][0xdd][0x8f][0xef][0xbf][0xbd]Za;[0xef][0xbf][0xbd]$[0xef][0xbf][0xbd][0xe5][0xb2][0x9a][0x1a][0xef][0xbf][0xbd]0[0xef][0xbf][0xbd][0xef][0xbf][0xbd]T[0xef][0xbf][0xbd][0xef][0xbf][0xbd]T[0x0][0xef][0xbf][0xbd][0xef][0xbf][0xbd][0xef][0xbf][0xbd]9[0xef][0xbf][0xbd][0xef][0xbf][0xbd]%[0xef][0xbf][0xbd][0xef][0xbf][0xbd]"[0xef][0xbf][0xbd]1l%ZG[0xc5][0xa2][0xef][0xbf][0xbd][0x9]S}.8[0x16]2[0xef][0xbf][0xbd]`[0x1e][0xef][0xbf][0xbd][0xcf][0x86]qk%+[0x15]>[0x18]W[0xef][0xbf][0xbd]#)G[0x14][0xef][0xbf][0xbd][0xef][0xbf][0xbd]8[0xef][0xbf][0xbd]6[0xef][0xbf][0xbd][0xef][0xbf][0xbd]Q`[0xef][0xbf][0xbd][0xef][0xbf][0xbd][0xef][0xbf][0xbd]H[0xef][0xbf][0xbd][0xef][0xbf][0xbd]i[0x1][0xd9][0xa2][0xef][0xbf][0xbd][0xef][0xbf][0xbd][0xef][0xbf][0xbd][0xef][0xbf][0xbd][0x17][0xef][0xbf][0xbd][0xef][0xbf][0xbd]?[0xef][0xbf][0xbd][0xef][0xbf][0xbd]{[0xef][0xbf][0xbd]y[0xef][0xbf][0xbd]:y_[0xef][0xbf][0xbd]j[0xef][0xbf][0xbd][0xef][0xbf][0xbd][0xef][0xbf][0xbd]H[0xef][0xbf][0xbd][0xef][0xbf][0xbd][0xef][0xbf][0xbd]Z}i[0xef][0xbf][0xbd][0xef][0xbf][0xbd]5([0xef][0xbf][0xbd][0xef][0xbf][0xbd]X$&^[0xef][0xbf][0xbd][0xef][0xbf][0xbd][0xef][0xbf][0xbd][0xef][0xbf][0xbd][0xef][0xbf][0xbd]k[0xe7][0xb0][0xba]|l[0xef][0xbf][0xbd][0x4][0xef][0xbf][0xbd]*[0xef][0xbf][0xbd][0xef][0xbf][0xbd])[0x1b].@[0xef][0xbf][0xbd]K8[0xef][0xbf][0xbd];H[0xef][0xbf][0xbd]vf[0xef][0xbf][0xbd][0xef][0xbf][0xbd]v[0xef][0xbf][0xbd]Q`[0xef]"
07:56:30.731 [main] DEBUG org.apache.http.wire -  >> "[0xbf][0xbd]o[0xca][0x87][0xef][0xbf][0xbd]%[0xef][0xbf][0xbd][0xef][0xbf][0xbd][0xef][0xbf][0xbd][0xef][0xbf][0xbd]C[0x8]{[0x1b]DGI[0xef][0xbf][0xbd]#[0xef][0xbf][0xbd][0xef][0xbf][0xbd]UrX87[0x4][0xef][0xbf][0xbd];[0xef][0xbf][0xbd][0xef][0xbf][0xbd][0xef][0xbf][0xbd][0xef][0xbf][0xbd][0x15][0xef][0xbf][0xbd][0xef][0xbf][0xbd]iP[0x18]\[0xef][0xbf][0xbd]1[0x15][0xef][0xbf][0xbd][0xf][0x0]/[0xef][0xbf][0xbd][0xef][0xbf][0xbd]LP [0xef][0xbf][0xbd][0xef][0xbf][0xbd]1<`"<;[0xef][0xbf][0xbd]srw[0xef][0xbf][0xbd][0xef][0xbf][0xbd]G[0xef][0xbf][0xbd]|#s[\r][0xef][0xbf][0xbd][0xef][0xbf][0xbd][0xef][0xbf][0xbd][0x1][0xef][0xbf][0xbd]0A[0xef][0xbf][0xbd][0xef][0xbf][0xbd][0xc6][0x86]M[0xef][0xbf][0xbd][0x4]J[0xef][0xbf][0xbd]v5[0xef][0xbf][0xbd][0xef][0xbf][0xbd]7[0xef][0xbf][0xbd][0xef][0xbf][0xbd][0xef][0xbf][0xbd]@[0xef][0xbf][0xbd]*$[0xe0][0xba][0xba][0xef][0xbf][0xbd]Q:][0xc2][0x9a][0xdc][0xb0][0xef][0xbf][0xbd]X[0xef][0xbf][0xbd][0x1][0xef][0xbf][0xbd][0xef][0xbf][0xbd]a[0x16][0x5][0xef][0xbf][0xbd]R[0xf]78[0xd5][0xa0][0xef][0xbf][0xbd]|[0xf][0xd1][0xa7]|Z[0xef][0xbf][0xbd]D.f=[0xef][0xbf][0xbd][0xef][0xbf][0xbd][0xef][0xbf][0xbd][0xef][0xbf][0xbd][0xef][0xbf][0xbd][0xef][0xbf][0xbd][\n]"
07:56:30.732 [main] DEBUG org.apache.http.wire -  >> "[0xef][0xbf][0xbd][0xef][0xbf][0xbd][0xef][0xbf][0xbd]T[[0xef][0xbf][0xbd]f[0xef][0xbf][0xbd]Ok[0xef][0xbf][0xbd][0xef][0xbf][0xbd][0xef][0xbf][0xbd]G[0xef][0xbf][0xbd][0xef][0xbf][0xbd][0xef][0xbf][0xbd]Mk%[0x1]MF[0x1d][0xef][0xbf][0xbd][0xef][0xbf][0xbd]U.[0x17][0xef][0xbf][0xbd][0xef][0xbf][0xbd]R[0xef][0xbf][0xbd]1a[0xef][0xbf][0xbd][0xef][0xbf][0xbd][0xef][0xbf][0xbd][0x2][0xef][0xbf][0xbd]EO[0x5]=|[0xef][0xbf][0xbd]j}[0xef][0xbf][0xbd][0xef][0xbf][0xbd][0xef][0xbf][0xbd]d[0xef][0xbf][0xbd][0xef][0xbf][0xbd][0xb]}[0xef][0xbf][0xbd]M[0xef][0xbf][0xbd]0[0xef][0xbf][0xbd]g[0xef][0xbf][0xbd][0xef][0xbf][0xbd]p[0x8][0x8][0xef][0xbf][0xbd][0xef][0xbf][0xbd]-[0x8][0xef][0xbf][0xbd]H[0xef][0xbf][0xbd]7SK4XI-[0x14][0xef][0xbf][0xbd][0xef][0xbf][0xbd]Ni[0xef][0xbf][0xbd][0x16]]K[0x1][0xef][0xbf][0xbd]Q[0xef][0xbf][0xbd][0xef][0xbf][0xbd][0x16][0xef][0xbf][0xbd]p'[0xef][0xbf][0xbd]P[0xef][0xbf][0xbd][0xef][0xbf][0xbd][0xef][0xbf][0xbd][0xc][0xef][0xbf][0xbd][0x0]7[0xef][0xbf][0xbd]eM[0xef][0xbf][0xbd]r[0xef][0xbf][0xbd][0xef][0xbf][0xbd][0xef][0xbf][0xbd][0xef][0xbf][0xbd]K[0xef][0xbf][0xbd]oift\[0xef][0xbf][0xbd]R)mIn[0xef][0xbf][0xbd]}2[0x13]7[0xef][0xbf][0xbd][0xef][0xbf][0xbd][0xef][0xbf][0xbd]'X*|[0xef][0xbf][0xbd]i[0xef][0xbf][0xbd]Taj3A[0xef][0xbf][0xbd]R[0xef][0xbf][0xbd][0x3][0xef][0xbf][0xbd][0xef][0xbf][0xbd][0x1][0x14]> [0xc3][0xbf] ZM[0xef][0xbf][0xbd][0xef][0xbf][0xbd][\n]"
07:56:30.732 [main] DEBUG org.apache.http.wire -  >> "}8[0xef][0xbf][0xbd][0xef][0xbf][0xbd][0x19][0xc][0xef][0xbf][0xbd]l[0xef][0xbf][0xbd]u[0xef][0xbf][0xbd][0xef][0xbf][0xbd]'[0xef][0xbf][0xbd]tr*[0xef][0xbf][0xbd][0xef][0xbf][0xbd])[0xef][0xbf][0xbd]e[0xef][0xbf][0xbd]_Y [0xef][0xbf][0xbd]WJGW}[0xef][0xbf][0xbd][0x2]8[0xcd][0xb2][0xef][0xbf][0xbd][0xef][0xbf][0xbd]P[0xef][0xbf][0xbd][0xef][0xbf][0xbd][0xef][0xbf][0xbd]1[0xef][0xbf][0xbd][0x16][0xef][0xbf][0xbd]7[0xef][0xbf][0xbd]&[0xef][0xbf][0xbd][0xef][0xbf][0xbd][0xef][0xbf][0xbd];nk[0xb][0x16][0xef][0xbf][0xbd][\r][0xef][0xbf][0xbd][0xef][0xbf][0xbd][0x3][0xef][0xbf][0xbd][0xef][0xbf][0xbd][0x1c][0xcd][0x9b][0xef][0xbf][0xbd]w[0x2][0x15][0xc][0xca][0x88]u[0xef][0xbf][0xbd][0xef][0xbf][0xbd][\r]+[\r]t[0xef][0xbf][0xbd]IH\[0xef][0xbf][0xbd][0xef][0xbf][0xbd][0x4]5[0xef][0xbf][0xbd][0xef][0xbf][0xbd][0xef][0xbf][0xbd][0x4][0x1a]kg%[0xef][0xbf][0xbd][0xef][0xbf][0xbd][0xef][0xbf][0xbd][0x1][\n]"
07:56:30.732 [main] DEBUG org.apache.http.wire -  >> "[0x1f]K-=[0x2]^^[0xef][0xbf][0xbd]dx[0xef][0xbf][0xbd][0xef][0xbf][0xbd]AE[0xef][0xbf][0xbd][0xef][0xbf][0xbd][0xef][0xbf][0xbd][0xef][0xbf][0xbd]t,[0xda][0x8d][0xef][0xbf][0xbd][0xef][0xbf][0xbd][0xef][0xbf][0xbd][0xef][0xbf][0xbd].[0x3]e[0x18][0xd6][0xa1]d[0xb]s[0xef][0xbf][0xbd][0xef][0xbf][0xbd][0x10][0xef][0xbf][0xbd]:[0xef][0xbf][0xbd]_[0xef][0xbf][0xbd][0xef][0xbf][0xbd][0xef][0xbf][0xbd][0xef][0xbf][0xbd])v;[0xef][0xbf][0xbd][0xef][0xbf][0xbd][0x16]}@[0xef][0xbf][0xbd][0xef][0xbf][0xbd]k[0xef][0xbf][0xbd][0xcb][0x9f][0xef][0xbf][0xbd]c_[0xef][0xbf][0xbd]\[0xef][0xbf][0xbd][0xef][0xbf][0xbd]?[0x7]{)$[0xef][0xbf][0xbd][0xef][0xbf][0xbd][0xef][0xbf][0xbd][0xef][0xbf][0xbd]z[0x3]O[0xc9][0x86][0xef][0xbf][0xbd]7[0xef][0xbf][0xbd]"[0xef][0xbf][0xbd]8[0x4][0xef][0xbf][0xbd]RL[0xef][0xbf][0xbd][0xef][0xbf][0xbd][0x16][0xef][0xbf][0xbd][0xef][0xbf][0xbd]][0xef][0xbf][0xbd][\r]E[0x7][0x5][0xef][0xbf][0xbd][0xef][0xbf][0xbd][0xcf][0xa0]K/[0xef][0xbf][0xbd][0x1b]JQ[0xef][0xbf][0xbd][0xef][0xbf][0xbd][0xef][0xbf][0xbd][0x19][0xef][0xbf][0xbd][0x1e][0x1d][0xef][0xbf][0xbd][0xef][0xbf][0xbd]3e[0xef][0xbf][0xbd][0xef][0xbf][0xbd][0x6][0xef][0xbf][0xbd][[0xef][0xbf][0xbd][0x13]8U[0xef][0xbf][0xbd]kY[0xef][0xbf][0xbd][0xef][0xbf][0xbd][0xef][0xbf][0xbd]@[0xef][0xbf][0xbd][0x3][0xef][0xbf][0xbd][0xef][0xbf][0xbd]LMX[0xef][0xbf][0xbd]-[0x1c]QH[0xef][0xbf][0xbd][0xef][0xbf][0xbd]&Y[0xef][0xbf][0xbd][0xef][0xbf][0xbd] [0xef][0xbf][0xbd]g[0xef][0xbf][0xbd]D[0xef][0xbf][0xbd]9[0x1e]e[0xef][0xbf][0xbd][0xef][0xbf][0xbd][0xef][0xbf][0xbd][0xef][0xbf][0xbd][0x10][0xef][0xbf][0xbd]H*[0xef][0xbf][0xbd][0xef][0xbf][0xbd][0xef][0xbf][0xbd]V[0xef][0xbf][0xbd][0x1f][0xef][0xbf][0xbd][0xef][0xbf][0xbd][0xef][0xbf][0xbd];[0xef][0xbf][0xbd][0xef][0xbf][0xbd]P[0xef][0xbf][0xbd][0x8][0xef][0xbf][0xbd][0x3]K&z[0xef][0xbf][0xbd][\n]"
07:56:30.732 [main] DEBUG org.apache.http.wire -  >> "[0xef][0xbf][0xbd]o-[0xef][0xbf][0xbd]3[0x18][0x5][0xcb][0xa2][0xef][0xbf][0xbd]R[0xef][0xbf][0xbd]f![0xc7][0x85][0xef][0xbf][0xbd]y+'H][0xef][0xbf][0xbd][0xef][0xbf][0xbd]9[0xef][0xbf][0xbd][0x1f][0x1a]&[0xef][0xbf][0xbd]8[0x1c][0xef][0xbf][0xbd]Ty*[0xef][0xbf][0xbd][0xef][0xbf][0xbd][0x1a][0xc4][0xb9][0xef][0xbf][0xbd][0xef][0xbf][0xbd][0xef][0xbf][0xbd]T[0xef][0xbf][0xbd][\r]q[0xef][0xbf][0xbd]E[\r][0xb][0xef][0xbf][0xbd]&[0xef][0xbf][0xbd][\r][0xef][0xbf][0xbd][0xef][0xbf][0xbd][0xef][0xbf][0xbd]2xKK[0xef][0xbf][0xbd][0x13][0xef][0xbf][0xbd][0xc][0xef][0xbf][0xbd][0xef][0xbf][0xbd]>[0x1a][0xef][0xbf][0xbd][0xef][0xbf][0xbd][0xef][0xbf][0xbd][[0xef][0xbf][0xbd]![0x6]u[0xef][0xbf][0xbd][0xef][0xbf][0xbd],{[0xef][0xbf][0xbd][0xef][0xbf][0xbd]i[0xef][0xbf][0xbd][\r]EWD}[0xef][0xbf][0xbd][0xef][0xbf][0xbd][0xef][0xbf][0xbd][0xef][0xbf][0xbd][0xc]W[0xef][0xbf][0xbd][0xef][0xbf][0xbd]4v[0xef][0xbf][0xbd]n[0xef][0xbf][0xbd] 7[0xef][0xbf][0xbd][0xef][0xbf][0xbd]7~[0xef][0xbf][0xbd][0xef][0xbf][0xbd][0x17][0xef][0xbf][0xbd]D[0xef][0xbf][0xbd]"[[0xef][0xbf][0xbd][0xef][0xbf][0xbd][0xc3][0xbf][0xef][0xbf][0xbd]k/[0xef][0xbf][0xbd][0xef][0xbf][0xbd][0xef][0xbf][0xbd][0xef][0xbf][0xbd][0xef][0xbf][0xbd]~[0xef][0xbf][0xbd]}KQ[0x16][0xef][0xbf][0xbd][\n]"
07:56:30.732 [main] DEBUG org.apache.http.wire -  >> "[0xef][0xbf][0xbd]r[0xef][0xbf][0xbd][0xef][0xbf][0xbd][0xef][0xbf][0xbd][0xef][0xbf][0xbd]W[0xcb][0xb5]6[0xef][0xbf][0xbd]-[0x9][0xef][0xbf][0xbd]SZ[0xef][0xbf][0xbd]p[0xef][0xbf][0xbd]`[0xef][0xbf][0xbd][0xef][0xbf][0xbd][\n]"
07:56:30.732 [main] DEBUG org.apache.http.wire -  >> "%[0xef][0xbf][0xbd][0xef][0xbf][0xbd]}:[0xef][0xbf][0xbd]^B[0xd3][0xa7][0xef][0xbf][0xbd]w|[0xef][0xbf][0xbd]:[0xef][0xbf][0xbd]TW`q[0xef][0xbf][0xbd]Q[0x1a]+I[0xef][0xbf][0xbd][0xef][0xbf][0xbd]g[0xef][0xbf][0xbd]y[0xef][0xbf][0xbd][0xef][0xbf][0xbd]sX[0xef][0xbf][0xbd]ty[0x11][0xef][0xbf][0xbd]P[0xef][0xbf][0xbd][0xd1][0xb0]jC[0x9][0xef][0xbf][0xbd]v[0xef][0xbf][0xbd][0xef][0xbf][0xbd]{[0xef][0xbf][0xbd][0xef][0xbf][0xbd]UG[0xef][0xbf][0xbd]ri[0xdf][0xbb][0xef][0xbf][0xbd]wz[0x11]d[0xef][0xbf][0xbd][0xef][0xbf][0xbd]'[0xef][0xbf][0xbd][0xef][0xbf][0xbd]{[0xef][0xbf][0xbd]j0X[0xef][0xbf][0xbd][0xef][0xbf][0xbd]p/[0xef][0xbf][0xbd][0xef][0xbf][0xbd][0xef][0xbf][0xbd][0xef][0xbf][0xbd][\r][0xef][0xbf][0xbd]rh[0xef][0xbf][0xbd]E[0x1f][0x1f]5[0xef][0xbf][0xbd][0xef][0xbf][0xbd][0xef][0xbf][0xbd]%[0xef][0xbf][0xbd][0xef][0xbf][0xbd]l[0xef][0xbf][0xbd]x[0x0]Dt5[0xef][0xbf][0xbd]o~?[0x9][0xef][0xbf][0xbd]VXh.[0xef][0xbf][0xbd][0xef][0xbf][0xbd][0xef][0xbf][0xbd][0x1d]`[0xef][0xbf][0xbd][0x16][0xef][0xbf][0xbd][0xef][0xbf][0xbd][0xef][0xbf][0xbd]h'[0xef][0xbf][0xbd][0x1]BY[0xef][0xbf][0xbd][0xef][0xbf][0xbd][0x8][0xc][0x17][0x1f][0xef][0xbf][0xbd][0x17][0xef][0xbf][0xbd][0xef][0xbf][0xbd][0x5]z3[0xef][0xbf][0xbd]bj[0xcc][0x8b][0xef][0xbf][0xbd]{[0xef][0xbf][0xbd]:I[0xef][0xbf][0xbd][0xf]Zfcl[0xef][0xbf][0xbd]A[0x18][0xef][0xbf][0xbd][0xef][0xbf][0xbd][0xef][0xbf][0xbd][0xef][0xbf][0xbd][0xb]`[0xef][0xbf][0xbd][0x3][0xef][0xbf][0xbd][0xd9][0x8f][0xef][0xbf][0xbd][0xef][0xbf][0xbd]A[0xef][0xbf][0xbd][0xef][0xbf][0xbd][0x1c]9[0xef][0xbf][0xbd]6w[0xef][0xbf][0xbd]n[0xe][0xef][0xbf][0xbd].-[0x8][0x1]/3[0xef][0xbf][0xbd] [0xef][0xbf][0xbd].[0x8][0xef][0xbf][0xbd]9[0x14][0xe]xG[0xef][0xbf][0xbd]~[0xef][0xbf][0xbd]A[0xef][0xbf][0xbd][0xef][0xbf][0xbd][0xf]%"[0xef][0xbf][0xbd]U [0xef][0xbf][0xbd]5[0xef][0xbf][0xbd][0x13][0xef][0xbf][0xbd]][0xef][0xbf][0xbd][0xef][0xbf][0xbd][0xef][0xbf][0xbd][0xef][0xbf][0xbd]$z[0xec][0xb4][0x80]l[0xef][0xbf][0xbd][0x7]B[0xef][0xbf][0xbd][0xef][0xbf][0xbd][0xef][0xbf][0xbd][0xef][0xbf][0xbd][0xcb][0xb3]/_[0xef][0xbf][0xbd][0xef][0xbf][0xbd][0xef][0xbf][0xbd]"[0xef][0xbf][0xbd]<[0x12][0xef][0xbf][0xbd]G[0xef][0xbf][0xbd][0xef][0xbf][0xbd]E[[0xef][0xbf][0xbd][0xef][0xbf][0xbd][0xef][0xbf][0xbd][0xef][0xbf][0xbd][0x13]a[0xd9][0x9a]z/[0xef][0xbf][0xbd][0xef][0xbf][0xbd][0xef][0xbf][0xbd]+xxK4o[0xef][0xbf][0xbd][0x1d][0xef][0xbf][0xbd][0xd2][0xa4]Ua[0xef][0xbf][0xbd][0x14]![0xef][0xbf][0xbd][0xef][0xbf][0xbd].[0xef][0xbf][0xbd][0xd0][0xb6][0x2][0xef][0xbf][0xbd]|[0xef][0xbf][0xbd]\\[0x1b][0xef][0xbf][0xbd]K[0xef][0xbf][0xbd][0xef][0xbf][0xbd]N4[0x1b][0x16][0x12]e[0xf]~"[0x8][0xef][0xbf][0xbd][0xef][0xbf][0xbd][0x15]Z[0xef][0xbf][0xbd][0x4][0xef][0xbf][0xbd][0xef][0xbf][0xbd]z[0xef][0xbf][0xbd]u[0x8][0xef][0xbf][0xbd]7[0xef][0xbf][0xbd]L[0xef][0xbf][0xbd][0xef][0xbf][0xbd][0xef][0xbf][0xbd][0xef][0xbf][0xbd][0xe3][0xae][0xae][0xef][0xbf][0xbd]h[0xef][0xbf][0xbd][0xef][0xbf][0xbd][0x12]T-[0xef][0xbf][0xbd]tw[0x19][0xef][0xbf][0xbd]a[0xef][0xbf][0xbd][0xca][0xa9][0xef][0xbf][0xbd]cP[0x1][0xef][0xbf][0xbd]8j[0xef][0xbf][0xbd][0xda][0x89][0xef][0xbf][0xbd][\r].F[0xef][0xbf][0xbd]^[0xef][0xbf][0xbd]][0x5][0xef][0xbf][0xbd][0xca][0xa3]V$[0xef][0xbf][0xbd]W[0xef][0xbf][0xbd][0xef][0xbf][0xbd]B[\n]"
07:56:30.733 [main] DEBUG org.apache.http.wire -  >> "q[0x1][0xef][0xbf][0xbd]s=v[0xef][0xbf][0xbd][0x1b][0xef][0xbf][0xbd][0x1f][0x5][0xef][0xbf][0xbd][0xef][0xbf][0xbd]t[0xef][0xbf][0xbd][0xef][0xbf][0xbd]p[0x7]z#@6[0x16][0xd6][0x83];Op[0x11][0x6]h[0xef][0xbf][0xbd]6[0xef][0xbf][0xbd]1[0xd9][0x82]l[0xef][0xbf][0xbd][0x18][0xc][0xef][0xbf][0xbd]s[0x1b][0xef][0xbf][0xbd]f[0xef][0xbf][0xbd]s[0xcf][0x87][0xef][0xbf][0xbd][0xef][0xbf][0xbd][0xf][0xef][0xbf][0xbd][0x19]5[0xb][0x15][0xef][0xbf][0xbd]=[0xef][0xbf][0xbd]4 M[0xef][0xbf][0xbd]R[0xef][0xbf][0xbd][0xef][0xbf][0xbd][0xef][0xbf][0xbd][0xef][0xbf][0xbd]lQu[0xef][0xbf][0xbd]bq[0xc]>r[0xef][0xbf][0xbd][0xef][0xbf][0xbd]7/[0xef][0xbf][0xbd]N[0x0][0x19][0x1e][0x12]O[0xef][0xbf][0xbd]1[0xef][0xbf][0xbd]AD[\r][0xef][0xbf][0xbd][0xef][0xbf][0xbd][0x5][0xf][0xef][0xbf][0xbd][0x5]K[0xef][0xbf][0xbd][0xef][0xbf][0xbd]=[0x12]^n[0xef][0xbf][0xbd][0xd9][0x88][0x1e][0xef][0xbf][0xbd][0xef][0xbf][0xbd]`[0xef][0xbf][0xbd][0xef][0xbf][0xbd];h[0x1][0xd9][0xa2][0xef][0xbf][0xbd][0xef][0xbf][0xbd][0xe][0xef][0xbf][0xbd][0xef][0xbf][0xbd][0xef][0xbf][0xbd][0xef][0xbf][0xbd][0xef][0xbf][0xbd]x|[0xef][0xbf][0xbd][0xef][0xbf][0xbd][0xcf][0x8b][0xef][0xbf][0xbd][0xc][0xef][0xbf][0xbd][0xef][0xbf][0xbd]^X[0xef][0xbf][0xbd][0x3][0xb][0x13][0xef][0xbf][0xbd][0xe]2[0xef][0xbf][0xbd][0x5][0xef][0xbf][0xbd][0x0][[0x15]F[0xb][0xef][0xbf][0xbd]5[0xef][0xbf][0xbd]%[0xc2][0xb1][0xef][0xbf][0xbd][0xc][0xef][0xbf][0xbd][\r]\c[0xef][0xbf][0xbd][0x8][0xef][0xbf][0xbd]P[0xef][0xbf][0xbd]0[0xef][0xbf][0xbd][0x0]2[0xd3][0x98][0xef][0xbf][0xbd][0x5]I[0xef][0xbf][0xbd][0x14][0xef][0xbf][0xbd][0xef][0xbf][0xbd][0x13][0x18][0xea][0xb7][0x96][0xef][0xbf][0xbd]%[0xef][0xbf][0xbd]N[0xef][0xbf][0xbd]O[0xef][0xbf][0xbd][0xef][0xbf][0xbd][0xef][0xbf][0xbd]Y*[0xef][0xbf][0xbd][0xef][0xbf][0xbd]S&$[0xef][0xbf][0xbd][0xef][0xbf][0xbd][0xef][0xbf][0xbd][0xf],%[0xef][0xbf][0xbd]I[0x1]b[0xef][0xbf][0xbd][0x2][h[0xc]1[0xef][0xbf][0xbd][0xc2][0xbe][0x14][0xef][0xbf][0xbd],^[0xef][0xbf][0xbd][0xef][0xbf][0xbd][0xef][0xbf][0xbd]+DC0zBo[0xef][0xbf][0xbd][0xef][0xbf][0xbd]n[0xef][0xbf][0xbd]~>[0x6][0xef][0xbf][0xbd][0x11]_[0xc]"m[0xcb][0xb8]B[0xef][0xbf][0xbd]9f[0xef][0xbf][0xbd][0xef][0xbf][0xbd]@<[0xef][0xbf][0xbd]Y[0xdc][0xb1]*A[0xef][0xbf][0xbd][0xc5][0x9b]K[0xef][0xbf][0xbd][0x10][0xef][0xbf][0xbd]=~B[0xef][0xbf][0xbd]*[0xef][0xbf][0xbd][0xef][0xbf][0xbd]`[0xef][0xbf][0xbd][0xef][0xbf][0xbd][0xef][0xbf][0xbd][0x1]~[0xef][0xbf][0xbd]{1[0xef][0xbf][0xbd][0xc2][0x8c][0xef][0xbf][0xbd][\r][0xef][0xbf][0xbd]re[0x12][0xd1][0x91][0xef][0xbf][0xbd][0xef][0xbf][0xbd]s5[0xef][0xbf][0xbd]Rp[0x11][0xef][0xbf][0xbd][e[0xef][0xbf][0xbd][0x4][0xef][0xbf][0xbd]Y8[0xef][0xbf][0xbd]K[0xef][0xbf][0xbd][0xef][0xbf][0xbd]Y[0xef][0xbf][0xbd]%[0xef][0xbf][0xbd][0xef][0xbf][0xbd]Z[0xef][0xbf][0xbd]9[0xef][0xbf][0xbd]e[0xef][0xbf][0xbd][0x13]w<[0xef][0xbf][0xbd].k[0x1f][0xef][0xbf][0xbd]![0xc7][0xa0][0xef][0xbf][0xbd][0x9][0xef][0xbf][0xbd][0xd4][0xb9][0xe][0xef][0xbf][0xbd][0xef][0xbf][0xbd][0xef][0xbf][0xbd],U[0x6][0xef][0xbf][0xbd]t[0x0]M*[0xef][0xbf][0xbd]<[0xef][0xbf][0xbd][0x12]![0xef][0xbf][0xbd][0x5]#[0xef][0xbf][0xbd]K$\50[0xef][0xbf][0xbd][0xef][0xbf][0xbd][0xef][0xbf][0xbd][0xd4][0x8b]]Ix[0xef][0xbf][0xbd][0xef][0xbf][0xbd] [0xef][0xbf][0xbd]E[0xef][0xbf][0xbd][0xef][0xbf][0xbd][0x7]:[0xdc][0x87][0x16]/_<^[0xef][0xbf][0xbd]z[0xef][0xbf][0xbd][0xef][0xbf][0xbd]J=c$m[0xef][0xbf][0xbd][0xef][0xbf][0xbd]<[0xef][0xbf][0xbd][0xef][0xbf][0xbd][0x18][0xef][0xbf][0xbd][0xef][0xbf][0xbd]BC[0xef][0xbf][0xbd][0xef][0xbf][0xbd]F[0xef][0xbf][0xbd]<s[0xef][0xbf][0xbd][0xef][0xbf][0xbd][0x19] [0xef][0xbf][0xbd][0xef][0xbf][0xbd];[0xc][0xef][0xbf][0xbd];k[0xef][0xbf][0xbd]6O`[0xef][0xbf][0xbd][0xc7][0x81][0xef][0xbf][0xbd]by[0xef][0xbf][0xbd]%W[0xef][0xbf][0xbd])[0x10]r[0xe9][0xb2][0xbc]^X[0xef][0xbf][0xbd][0x1a]`L@[0xef][0xbf][0xbd]}[0x12][0xef][0xbf][0xbd][0xef][0xbf][0xbd]\[0xef][0xbf][0xbd][0xef][0xbf][0xbd]Z|TV%@kc[0xef][0xbf][0xbd][0xef][0xbf][0xbd]cl[0xef][0xbf][0xbd]m[0xef][0xbf][0xbd][0xef][0xbf][0xbd]z[0xef][0xbf][0xbd][0x13][0x17][[0xd6][0x94][0xef][0xbf][0xbd]+@[0xef][0xbf][0xbd]|[0xef][0xbf][0xbd];[0xef][0xbf][0xbd]"F[0xef][0xbf][0xbd] [0xef][0xbf][0xbd][0x17]cng[0xef][0xbf][0xbd]=[0xef][0xbf][0xbd][\n]"
07:56:30.733 [main] DEBUG org.apache.http.wire -  >> "u5[0xef][0xbf][0xbd][0xef][0xbf][0xbd][0xef][0xbf][0xbd][0xef][0xbf][0xbd][0xef][0xbf][0xbd]l[0xef][0xbf][0xbd][0xef][0xbf][0xbd])[0xef][0xbf][0xbd][0xef][0xbf][0xbd]X[0xef][0xbf][0xbd][0xef][0xbf][0xbd]f[0xef][0xbf][0xbd][0xef][0xbf][0xbd][0x4][0xef][0xbf][0xbd].([0xef][0xbf][0xbd]m[0xef][0xbf][0xbd]F[0xef][0xbf][0xbd]g[\r][0xef][0xbf][0xbd][0xef][0xbf][0xbd]q[0xef][0xbf][0xbd][0x13][0xcf][0x8e][0xef][0xbf][0xbd].b[0xdd][0x91]![0xef][0xbf][0xbd][0xef][0xbf][0xbd]zL[0xef][0xbf][0xbd]_[0xef][0xbf][0xbd]"[0xef][0xbf][0xbd][0xef][0xbf][0xbd]6[0xef][0xbf][0xbd][0xef][0xbf][0xbd][0xef][0xbf][0xbd]6[0xef][0xbf][0xbd][0xef][0xbf][0xbd]m[0x1b]cG:gJ[0xef][0xbf][0xbd][0xef][0xbf][0xbd]c=fd[0xef][0xbf][0xbd][0xef][0xbf][0xbd][0x5]\[0xef][0xbf][0xbd][0xef][0xbf][0xbd][0xeb][0x98][0x8f]e[0xef][0xbf][0xbd][0xef][0xbf][0xbd][0xd4][0x88]nv1[0xef][0xbf][0xbd][0xef][0xbf][0xbd]4[0x7][0xef][0xbf][0xbd][0x1a]N;[0xef][0xbf][0xbd][0xef][0xbf][0xbd].A[0xef][0xbf][0xbd][0xef][0xbf][0xbd][0xef][0xbf][0xbd]u[0xef][0xbf][0xbd][0xef][0xbf][0xbd][0x18][\r]^@T[0xef][0xbf][0xbd][0x7]|n[0xef][0xbf][0xbd]*[0xef][0xbf][0xbd][0xef][0xbf][0xbd][0xc]N[0xef][0xbf][0xbd][0xef][0xbf][0xbd][0xef][0xbf][0xbd][0xef][0xbf][0xbd]&[0xef][0xbf][0xbd][0xef][0xbf][0xbd][0xef][0xbf][0xbd][0xef][0xbf][0xbd][0xef][0xbf][0xbd]w[0xef][0xbf][0xbd][0xef][0xbf][0xbd]vZ[0x16][0xd9][0xa2][0xef][0xbf][0xbd][0xef][0xbf][0xbd][0x1e][0xef][0xbf][0xbd][0x1f][0xef][0xbf][0xbd][0x0][0xef][0xbf][0xbd][0xef][0xbf][0xbd]^[0xef][0xbf][0xbd]N[0xef][0xbf][0xbd]G[0xef][0xbf][0xbd]P a[0xf][0xef][0xbf][0xbd][0xef][0xbf][0xbd]^[0xef][0xbf][0xbd]([0xef][0xbf][0xbd]Zv[0xef][0xbf][0xbd]v[0xef][0xbf][0xbd][0xef][0xbf][0xbd][0xef][0xbf][0xbd][0x1e][0xef][0xbf][0xbd][0xef][0xbf][0xbd]p[0xef][0xbf][0xbd][0x3]7 [0xef][0xbf][0xbd]RL[0x11]w[\n]"
07:56:30.733 [main] DEBUG org.apache.http.wire -  >> "[0xef][0xbf][0xbd][0xef][0xbf][0xbd][0xef][0xbf][0xbd][0xef][0xbf][0xbd]^[0xef][0xbf][0xbd][0xef][0xbf][0xbd]?[\n]"
07:56:30.734 [main] DEBUG org.apache.http.wire -  >> "[0xef][0xbf][0xbd]n@[0xef][0xbf][0xbd]W[0xef][0xbf][0xbd][0xef][0xbf][0xbd][0xef][0xbf][0xbd][0xef][0xbf][0xbd][0xef][0xbf][0xbd]u[\r][0xef][0xbf][0xbd][0xcd][0xb5]|[0xef][0xbf][0xbd][0xef][0xbf][0xbd]ml|[0xef][0xbf][0xbd]S[0x2]7[0xef][0xbf][0xbd][0xef][0xbf][0xbd][0xd8][0x82]`xn[0x2]q[0xef][0xbf][0xbd][0x9]z[0xef][0xbf][0xbd][0xef][0xbf][0xbd]+[\r][0x17]eCH[0xef][0xbf][0xbd][0xef][0xbf][0xbd][0xef][0xbf][0xbd][0xef][0xbf][0xbd]bZj[0xef][0xbf][0xbd]U[\n]"
07:56:30.734 [main] DEBUG org.apache.http.wire -  >> "[0x1][0x11]|[0xc9][0x81][0x12][0xef][0xbf][0xbd][0xef][0xbf][0xbd]6[0x15][0xef][0xbf][0xbd]eN[0x3][0xef][0xbf][0xbd][0x1a]\[0xef][0xbf][0xbd][0x17]j[0xef][0xbf][0xbd][0x15]pa[0x10]_Q/[0xef][0xbf][0xbd]=@[0xef][0xbf][0xbd][0xef][0xbf][0xbd][0xef][0xbf][0xbd][0x5]c[0xef][0xbf][0xbd][0xef][0xbf][0xbd]q[0x17][0xb][0xef][0xbf][0xbd]A[0xef][0xbf][0xbd][0xef][0xbf][0xbd]p7[0xef][0xbf][0xbd][0xc]b[0x12]s[0xef][0xbf][0xbd]Kl8,[0x1c][0x1f][0x16][0xef][0xbf][0xbd])a[0xef][0xbf][0xbd][0xcf][0xab][0xef][0xbf][0xbd]UHN[0xef][0xbf][0xbd]7[0xef][0xbf][0xbd]rs[0x16][0xef][0xbf][0xbd][0xef][0xbf][0xbd][0xef][0xbf][0xbd][0x2][0xef][0xbf][0xbd]2R[0xef][0xbf][0xbd][0xef][0xbf][0xbd][0xe2][0xaf][0x99][0xef][0xbf][0xbd][0xef][0xbf][0xbd][0xef][0xbf][0xbd][0x1][0xef][0xbf][0xbd]j[0xef][0xbf][0xbd][0xef][0xbf][0xbd][0xef][0xbf][0xbd][0xef][0xbf][0xbd][\r][0x6][0xef][0xbf][0xbd]DY^[0x6][0xef][0xbf][0xbd]@[0xf]@[0xef][0xbf][0xbd][0xef][0xbf][0xbd]m[0xef][0xbf][0xbd](8[0x10][0xcf][0xb5].M[0xef][0xbf][0xbd] [0x12]v86/y[0xf]+[0xef][0xbf][0xbd][0xef][0xbf][0xbd][0x16][0xef][0xbf][0xbd][0xef][0xbf][0xbd]k[0xef][0xbf][0xbd][0xef][0xbf][0xbd][0xef][0xbf][0xbd]zk[0xef][0xbf][0xbd][0xef][0xbf][0xbd][0xef][0xbf][0xbd][0x2][0xef][0xbf][0xbd][0xef][0xbf][0xbd]u[0xef][0xbf][0xbd][0xef][0xbf][0xbd][0x18]]o[0xef][0xbf][0xbd]@[0xef][0xbf][0xbd][0xd8][0xb7]a[0xef][0xbf][0xbd]B[0xef][0xbf][0xbd][0xdb][0x9f]x[0xef][0xbf][0xbd][0xde][0x81][0x16][0xef][0xbf][0xbd]-zO[0xef][0xbf][0xbd][0xef][0xbf][0xbd][0xef][0xbf][0xbd][0xef][0xbf][0xbd]W[0x1f][0xef][0xbf][0xbd][0xef][0xbf][0xbd]{[0xd5][0x9e][0xef][0xbf][0xbd][0xef][0xbf][0xbd]e[0xef][0xbf][0xbd][0xef][0xbf][0xbd][0xef][0xbf][0xbd]_[\n]"
07:56:30.734 [main] DEBUG org.apache.http.wire -  >> "[0xef][0xbf][0xbd][0xef][0xbf][0xbd]R(=[0xef][0xbf][0xbd]c[0x3][0x1d];[0xef][0xbf][0xbd][0xef][0xbf][0xbd][0xef][0xbf][0xbd]u[0x6][0xef][0xbf][0xbd]u/c[0xef][0xbf][0xbd][a[0xef][0xbf][0xbd][0xef][0xbf][0xbd].k[0xef][0xbf][0xbd]U[0xef][0xbf][0xbd][0x1f]X[0xef][0xbf][0xbd][0xef][0xbf][0xbd]?[0xde][0x8e]Ew3[0xef][0xbf][0xbd]P[0xef][0xbf][0xbd]-K[0xef][0xbf][0xbd]P[0xef][0xbf][0xbd][0xef][0xbf][0xbd][0xef][0xbf][0xbd][0xef][0xbf][0xbd]#HL[0xef][0xbf][0xbd][0xb][0xef][0xbf][0xbd][0xef][0xbf][0xbd]9AMV[0x5])[0xef][0xbf][0xbd][0xef][0xbf][0xbd][0xef][0xbf][0xbd]vIF[[0x12][0xf4][0x8a][0x9a][0x80]SH[0xef][0xbf][0xbd]*[0xef][0xbf][0xbd]S[0xef][0xbf][0xbd]'tC[0xef][0xbf][0xbd][0xef][0xbf][0xbd][0xef][0xbf][0xbd][0xca][0x80][0xef][0xbf][0xbd]i0[0xef][0xbf][0xbd]Q[0xef][0xbf][0xbd]@[0xef][0xbf][0xbd]e[0xef][0xbf][0xbd][0xef][0xbf][0xbd][0xef][0xbf][0xbd][0xef][0xbf][0xbd]#]H[0xef][0xbf][0xbd]B[0x1c][0x10][0xca][0x98]W[0xef][0xbf][0xbd][0xef][0xbf][0xbd]5ND[0xef][0xbf][0xbd][0xef][0xbf][0xbd]7[0xef][0xbf][0xbd][0x0][0xef][0xbf][0xbd][0xcd][0x8e][0x4][0x1f]>[0x1e][0xef][0xbf][0xbd]`Y[0xe][0xef][0xbf][0xbd]Y[0xef][0xbf][0xbd]`g[0xef][0xbf][0xbd]z[0xef][0xbf][0xbd][0xef][0xbf][0xbd]/;[0xe4][0xb0][0x84][0xef][0xbf][0xbd][\n]"
07:56:30.735 [main] DEBUG org.apache.http.wire -  >> "[0xef][0xbf][0xbd][0xef][0xbf][0xbd][0xef][0xbf][0xbd]~&0d[0xef][0xbf][0xbd])t:[0xef][0xbf][0xbd]QQ[0xef][0xbf][0xbd][0xef][0xbf][0xbd][0xef][0xbf][0xbd]9[0xd6][0xac][0xef][0xbf][0xbd][0xef][0xbf][0xbd][0xef][0xbf][0xbd][0xef]"
07:56:30.737 [main] DEBUG org.apache.http.wire -  >> "[0xbf][0xbd]f[0xef][0xbf][0xbd]$-[\r]jU[0x6][0xef][0xbf][0xbd][0xef][0xbf][0xbd]h[0xef][0xbf][0xbd]@i[0xef][0xbf][0xbd]T%[0xef][0xbf][0xbd][0x4][0xef][0xbf][0xbd][0xef][0xbf][0xbd]h[0x5]([0xef][0xbf][0xbd] [0xe]P*/[0xef][0xbf][0xbd][0x8][0xef][0xbf][0xbd]|![0xef][0xbf][0xbd]+Lj~j[0xef][0xbf][0xbd][0xef][0xbf][0xbd]A&[0xef][0xbf][0xbd]R[0xef][0xbf][0xbd][0x1e][0xef][0xbf][0xbd]w[0xef][0xbf][0xbd][0xef][0xbf][0xbd]:[0x14]`[0x0]T[0x15]#[0xef][0xbf][0xbd][0xef][0xbf][0xbd][0xc7][0x9c][0xef][0xbf][0xbd]o[0xef][0xbf][0xbd]o][0xef][0xbf][0xbd][0x13][0xef][0xbf][0xbd][0xef][0xbf][0xbd][0xef][0xbf][0xbd][0xef][0xbf][0xbd]J)[0xef][0xbf][0xbd]V[0x0][0xef][0xbf][0xbd]s[0xef][0xbf][0xbd][0xef][0xbf][0xbd][0xef][0xbf][0xbd][0xef][0xbf][0xbd]*{[0xdb][0x9e][0xef][0xbf][0xbd][0x19][0x1f][0xef][0xbf][0xbd]i[0x1][0xd9][0xa2][0x1f][0xef][0xbf][0xbd][0x1e][0xef][0xbf][0xbd][0x1f][0xef][0xbf][0xbd][0xef][0xbf][0xbd][0xef][0xbf][0xbd][0xef][0xbf][0xbd][0xef][0xbf][0xbd][0xef][0xbf][0xbd][0xef][0xbf][0xbd][0xef][0xbf][0xbd]w[0xef][0xbf][0xbd]@[0x5][0xef][0xbf][0xbd],[0xef][0xbf][0xbd][0xdd][0xbf][0x10]G[0xef][0xbf][0xbd][0x1a][0xef][0xbf][0xbd][0xef][0xbf][0xbd][0xef][0xbf][0xbd]f[0xef][0xbf][0xbd][0xef][0xbf][0xbd][0xef][0xbf][0xbd]PI.B[0x15][0xef][0xbf][0xbd][0xef][0xbf][0xbd][0xef][0xbf][0xbd][0xef][0xbf][0xbd][0x4][0xef][0xbf][0xbd]C[0xef][0xbf][0xbd][0xef][0xbf][0xbd][0xef][0xbf][0xbd][0xef][0xbf][0xbd][0xef][0xbf][0xbd]B+C[0xef][0xbf][0xbd][0x16]X-"kl[0xef][0xbf][0xbd][0xb]6[0xef][0xbf][0xbd]t[0xef][0xbf][0xbd][0xef][0xbf][0xbd][0xef][0xbf][0xbd][0xef][0xbf][0xbd]|[0xef][0xbf][0xbd]#[0xef][0xbf][0xbd][0x1d]&[0xef][0xbf][0xbd][0x0][0x12](t[0xef][0xbf][0xbd][0xe][0xef][0xbf][0xbd][0xef][0xbf][0xbd][0xef][0xbf][0xbd][0x14][\r][0xef][0xbf][0xbd]`'q84[0xf][0xef][0xbf][0xbd]Sn[0xef][0xbf][0xbd]G[0x8]r[0xef][0xbf][0xbd]y[0xef][0xbf][0xbd]v[0xef][0xbf][0xbd][0xef][0xbf][0xbd][0xf]b1L[0xd9][0x8a]e$[0x8]f[0xef][0xbf][0xbd]c5[0xef][0xbf][0xbd][0xdb][0x8e][0xef][0xbf][0xbd]{[0xef][0xbf][0xbd][0xef][0xbf][0xbd][0xef][0xbf][0xbd]RB[0xef][0xbf][0xbd][0x1][0x3][0x18][0x1b][0xef][0xbf][0xbd]N_[0x6][0xef][0xbf][0xbd][0xef][0xbf][0xbd]56I[0xef][0xbf][0xbd]7[0xef][0xbf][0xbd]M[0xef][0xbf][0xbd][0xef][0xbf][0xbd]X[0xef][0xbf][0xbd][0xef][0xbf][0xbd][0x4][0xef][0xbf][0xbd][0xef][0xbf][0xbd]:[0xef][0xbf][0xbd]@[0x10][0x1c],[0xef][0xbf][0xbd][0x13]f[0xef][0xbf][0xbd][0xef][0xbf][0xbd][0x11]hX[0xef][0xbf][0xbd][0xef][0xbf][0xbd]*[0xef][0xbf][0xbd][0xef][0xbf][0xbd][+[0xef][0xbf][0xbd][0xef][0xbf][0xbd][0xef][0xbf][0xbd][0xef][0xbf][0xbd][0xef][0xbf][0xbd][0xef][0xbf][0xbd][0xef][0xbf][0xbd][0x3][0xef][0xbf][0xbd]#[0x1b][0x1][0x5][0xcb][0xb2][0xef][0xbf][0xbd]UW[0xef][0xbf][0xbd]$[\n]"
07:56:30.737 [main] DEBUG org.apache.http.wire -  >> "[0xef][0xbf][0xbd][0xef][0xbf][0xbd][0xef][0xbf][0xbd]Zk[0xef][0xbf][0xbd][0xef][0xbf][0xbd][0xef][0xbf][0xbd]}-[0xef][0xbf][0xbd][[0x5]1Z[0xef][0xbf][0xbd][0xef][0xbf][0xbd][0xef][0xbf][0xbd][0xef][0xbf][0xbd][[0x8][0xef][0xbf][0xbd]u[0xef][0xbf][0xbd][0xef][0xbf][0xbd]%e[0xef][0xbf][0xbd][0xef][0xbf][0xbd]!c[0xef][0xbf][0xbd][0xef][0xbf][0xbd]c[0xef][0xbf][0xbd][0x1d][0x1f][0xef][0xbf][0xbd][0xc4][0x8a][0x1a][0x14][0xef][0xbf][0xbd][0xef][0xbf][0xbd]mD)[0xef][0xbf][0xbd]=A[0xef][0xbf][0xbd][0xda][0x93]a[0xef][0xbf][0xbd]][0xef][0xbf][0xbd][\r][[0xef][0xbf][0xbd]"{.[0xc2][0xb8][0xef][0xbf][0xbd]R&$[0xef][0xbf][0xbd][0xef][0xbf][0xbd]Gy[0xef][0xbf][0xbd][0x1c][0xef][0xbf][0xbd][0xef][0xbf][0xbd][0xef][0xbf][0xbd][0xef][0xbf][0xbd]>[0xef][0xbf][0xbd][0xef][0xbf][0xbd][0xef][0xbf][0xbd][0xef][0xbf][0xbd]cl[0xc4][0xa2]E?[0x8]=x[0xef][0xbf][0xbd][0xef][0xbf][0xbd][0xef][0xbf][0xbd]?[0xef][0xbf][0xbd][0xef][0xbf][0xbd][0xef][0xbf][0xbd][0xd8][0xb7][0xef][0xbf][0xbd][0xef][0xbf][0xbd]T[0xef][0xbf][0xbd][0xef][0xbf][0xbd]"%'[0xef][0xbf][0xbd]!+[0xc4][0x8a][0xef][0xbf][0xbd][0x13]*R[0x8][0xef][0xbf][0xbd][0xef][0xbf][0xbd][0xef][0xbf][0xbd])[0xef][0xbf][0xbd][0xef][0xbf][0xbd]k-[0x0][0xef][0xbf][0xbd][0x1e]Ywwp[0xef][0xbf][0xbd]@[0xef][0xbf][0xbd]F[0xef][0xbf][0xbd][0xef][0xbf][0xbd][0xef][0xbf][0xbd]8cL[0xef][0xbf][0xbd][0xef][0xbf][0xbd][0xef][0xbf][0xbd]$[0xef][0xbf][0xbd][0x18]:H[0xef][0xbf][0xbd]q[0x0]-[0xef][0xbf][0xbd][0x5][0x7][\n]"
07:56:30.738 [main] DEBUG org.apache.http.wire -  >> "7[0xef][0xbf][0xbd][0xef][0xbf][0xbd][0xef][0xbf][0xbd]}[0xef][0xbf][0xbd][0xef][0xbf][0xbd]N[0xef][0xbf][0xbd].[0xef][0xbf][0xbd][0xef][0xbf][0xbd][0xef][0xbf][0xbd][0xef][0xbf][0xbd][0xef][0xbf][0xbd][0x1c][0xef][0xbf][0xbd]T[0xef][0xbf][0xbd]Q[0x1a][0xef][0xbf][0xbd][0x10][0xef][0xbf][0xbd][0x6][0xef][0xbf][0xbd][0xe][0xef][0xbf][0xbd])n[0xdd][0x8e][0xd1][0x98][0xdc][0xb2][0xef][0xbf][0xbd][0xef][0xbf][0xbd][0xc3][0xb0][0xef][0xbf][0xbd][0xef][0xbf][0xbd]j[0x12]?[0xef][0xbf][0xbd][0xef][0xbf][0xbd][0xef][0xbf][0xbd]l[0xef][0xbf][0xbd][0x19]-[0xef][0xbf][0xbd][0xef][0xbf][0xbd][0xef][0xbf][0xbd][0x1b]a[0xef][0xbf][0xbd][0xef][0xbf][0xbd]*c[0xef][0xbf][0xbd].)[0xef][0xbf][0xbd][0xef][0xbf][0xbd]e[0xef][0xbf][0xbd][0xef][0xbf][0xbd] `[0xef][0xbf][0xbd][0xef][0xbf][0xbd]T[0xef][0xbf][0xbd]4V[0x0]L7[0xef][0xbf][0xbd]v[0xef][0xbf][0xbd][0xef][0xbf][0xbd][0xef][0xbf][0xbd][0xef][0xbf][0xbd]rK[0xf][0xef][0xbf][0xbd][0xef][0xbf][0xbd][0xef][0xbf][0xbd][0xef][0xbf][0xbd]6H,[0x7][0xd2][0x99][0xef][0xbf][0xbd]%7[0xef][0xbf][0xbd]\i[0xef][0xbf][0xbd]4?F[0xef][0xbf][0xbd][0x4]vs[0xef][0xbf][0xbd][0xef][0xbf][0xbd]d[0xf][0xef][0xbf][0xbd]s[0xef][0xbf][0xbd][0xef][0xbf][0xbd]'F[0xef][0xbf][0xbd][0xef][0xbf][0xbd][0x1d]`[0xef][0xbf][0xbd]e[0xef][0xbf][0xbd]{[0xef][0xbf][0xbd][0xc4][0xb2][0xef][0xbf][0xbd][0xef][0xbf][0xbd][0x8][0x17][0xef][0xbf][0xbd][0x6]O[Y[0xef][0xbf][0xbd]r[0xef][0xbf][0xbd]A[0x10]|[0xef][0xbf][0xbd][0xef][0xbf][0xbd]T[0xef][0xbf][0xbd]cc[0xef][0xbf][0xbd][0xef][0xbf][0xbd]&[0xef][0xbf][0xbd][0xef][0xbf][0xbd]D[0xef][0xbf][0xbd]Q[0xef][0xbf][0xbd]w[0xef][0xbf][0xbd][0x8]'ozj[0xef][0xbf][0xbd][0xef][0xbf][0xbd][0x8][0xe7][0x80][0x9b][0xef][0xbf][0xbd][0xef][0xbf][0xbd]X[0xef][0xbf][0xbd][0xef][0xbf][0xbd]B[0xef][0xbf][0xbd][0xef][0xbf][0xbd][0xef][0xbf][0xbd][0xef][0xbf][0xbd][0xef][0xbf][0xbd][0xef][0xbf][0xbd][0xde][0x81][0xef][0xbf][0xbd]E[0xef][0xbf][0xbd][0xef][0xbf][0xbd]][0x13][0x1],[0xef][0xbf][0xbd][0xef][0xbf][0xbd]+Wm[0xef][0xbf][0xbd][0xef][0xbf][0xbd]Y[0x1b]Y[0xef][0xbf][0xbd][\n]"
07:56:30.738 [main] DEBUG org.apache.http.wire -  >> "[0xef][0xbf][0xbd][0x18][0xef][0xbf][0xbd]B[0xc7][0xa2]k[0xef][0xbf][0xbd]IWP[0xef][0xbf][0xbd][0xef][0xbf][0xbd]2[0xef][0xaf][0xac][0xef][0xbf][0xbd][0xef][0xbf][0xbd][0xef][0xbf][0xbd][0x1c]VXJ[0xef][0xbf][0xbd][0xef][0xbf][0xbd][0xef][0xbf][0xbd]u[0x1c]F[0xef][0xbf][0xbd][0xef][0xbf][0xbd][0xef][0xbf][0xbd]![0x18]uqZ[[0x0][0xef][0xbf][0xbd][0x16][0x13][0x1][0x15][0xef][0xbf][0xbd][0xef][0xbf][0xbd][0xef][0xbf][0xbd][0xef][0xbf][0xbd][0xef][0xbf][0xbd]/+[0xef][0xbf][0xbd]S[0xef][0xbf][0xbd][0xef][0xbf][0xbd][0xef][0xbf][0xbd][0xef][0xbf][0xbd][0x15][0xef][0xbf][0xbd][0xdf][0xa1][0xef][0xbf][0xbd][0xef][0xbf][0xbd][0xef][0xbf][0xbd][0xef][0xbf][0xbd][0x19][0x4][0xef][0xbf][0xbd]R[0xef][0xbf][0xbd][0xef][0xbf][0xbd]Jk[0xef][0xbf][0xbd]@[0x12]'[0xef][0xbf][0xbd])T[0x1a]4g[0xef][0xbf][0xbd][0x7]?9[0xef][0xbf][0xbd][0xef][0xbf][0xbd][0xc][0xef][0xbf][0xbd][0xe]V[0xef][0xbf][0xbd][0xef][0xbf][0xbd]D[0xef][0xbf][0xbd]X[0xef][0xbf][0xbd][0x2][0xef][0xbf][0xbd][0xd4][0xb8][0xef][0xbf][0xbd],[0xef][0xbf][0xbd] [0xef][0xbf][0xbd][0xe][0xef][0xbf][0xbd][0xef][0xbf][0xbd][0xdd][0x92]E8[0xef][0xbf][0xbd][0x15][0xef][0xbf][0xbd]u[0xef][0xbf][0xbd]%[0xef][0xbf][0xbd]\[0xef][0xbf][0xbd]a[0xef][0xbf][0xbd]='[0xef][0xa3][0xac]f[0xef][0xbf][0xbd]g[0xc]^V[\n]"
07:56:30.738 [main] DEBUG org.apache.http.wire -  >> "[0xd2][0x8a]\[0xef][0xbf][0xbd]Q[0xef][0xbf][0xbd]v[0xef][0xbf][0xbd][\n]"
07:56:30.738 [main] DEBUG org.apache.http.wire -  >> "bQf[0xef][0xbf][0xbd]7[0xef][0xbf][0xbd][0xc3][0xa4][0xef][0xbf][0xbd]j_0[0xef][0xbf][0xbd][0xef][0xbf][0xbd][0xef][0xbf][0xbd]'[0xef][0xbf][0xbd][0xef][0xbf][0xbd][0xef][0xbf][0xbd]2C[0xdb][0x85][0xef][0xbf][0xbd][0xef][0xbf][0xbd][0xef][0xbf][0xbd][0xef][0xbf][0xbd]INa[0xef][0xbf][0xbd][0xef][0xbf][0xbd][0xd3][0xaa]8[0xef][0xbf][0xbd][0xef][0xbf][0xbd][0xd5][0xbe][0x18][0xef][0xbf][0xbd][0xef][0xbf][0xbd][0xcd][0x87][0xef][0xbf][0xbd]`[0xef][0xbf][0xbd][\n]"
07:56:30.738 [main] DEBUG org.apache.http.wire -  >> "[0xef][0xbf][0xbd][0xef][0xbf][0xbd][0xef][0xbf][0xbd][0xef][0xbf][0xbd][0x4][0xef][0xbf][0xbd][0xef][0xbf][0xbd]*MI[0xef][0xbf][0xbd][0xef][0xbf][0xbd][0xef][0xbf][0xbd][0x12][0xef][0xbf][0xbd][0x9][0xef][0xbf][0xbd][0xef][0xbf][0xbd][0xef][0xbf][0xbd][0xef][0xbf][0xbd][0x4][0x18][0xef][0xbf][0xbd]n[0xef][0xbf][0xbd][0xde][0xaf][0xd9][0xb8]g6[0xef][0xbf][0xbd]u[0xef][0xbf][0xbd]q[0xef][0xbf][0xbd]8[0xef][0xbf][0xbd]%[0x19]2[0xe]Uh[0xef][0xbf][0xbd]6[0xef][0xbf][0xbd]%[0xef][0xbf][0xbd]5[0xe2][0xbc][0xb5][0xd7][0x87][0xdf][0xac][0xef][0xbf][0xbd][0xef][0xbf][0xbd][0xc8][0x8e]J[0xef][0xbf][0xbd][0xef][0xbf][0xbd][0xef][0xbf][0xbd][0x1c][0xef][0xbf][0xbd][0xef][0xbf][0xbd]p[0xef][0xbf][0xbd][0xef][0xbf][0xbd][0xef][0xbf][0xbd][0x13][0xef][0xbf][0xbd]O[0xef][0xbf][0xbd][0xef][0xbf][0xbd][0xef][0xbf][0xbd][0x2][0xef][0xbf][0xbd]E(5[0xef][0xbf][0xbd][0xef][0xbf][0xbd][0xef][0xbf][0xbd][0xef][0xbf][0xbd][0xef][0xbf][0xbd]9[0xef][0xbf][0xbd]|[[\n]"
07:56:30.738 [main] DEBUG org.apache.http.wire -  >> "[0xef][0xbf][0xbd]c[0xef][0xbf][0xbd][0xef][0xbf][0xbd]U[0xef][0xbf][0xbd][0xef][0xbf][0xbd][0xef][0xbf][0xbd],[0xef][0xbf][0xbd][0xef][0xbf][0xbd][0xef][0xbf][0xbd]m[0xd1][0x8e][0xef][0xbf][0xbd][0xef][0xbf][0xbd][0xda][0xa0][0xef][0xbf][0xbd]NAbP[0xef][0xbf][0xbd]8[0xef][0xbf][0xbd]E)[0xef][0xbf][0xbd][0xef][0xbf][0xbd][0xef][0xbf][0xbd][0x1a][0xef][0xbf][0xbd]$n`%[0xef][0xbf][0xbd][0xef][0xbf][0xbd][0xef][0xbf][0xbd][0xef][0xbf][0xbd]^[0xef][0xbf][0xbd][0xef][0xbf][0xbd]b[0xda][0x98]!X[0xef][0xbf][0xbd][0x9]A[0xef][0xbf][0xbd][0xef][0xbf][0xbd][0xef][0xbf][0xbd][0xef][0xbf][0xbd][0xef][0xbf][0xbd]i[0xef][0xbf][0xbd]l[0xef][0xbf][0xbd][0xef][0xbf][0xbd][0x16]J[0xef][0xbf][0xbd][0x1][0x1b][0x14]<1@[0xef][0xbf][0xbd][0xef][0xbf][0xbd][0xef][0xbf][0xbd].[0xef][0xbf][0xbd]Y[0xef][0xbf][0xbd][0x0]G[0xef][0xbf][0xbd][0xef][0xbf][0xbd][0xef][0xbf][0xbd][0xef][0xbf][0xbd][0xef][0xbf][0xbd][0xef][0xbf][0xbd]h[0xef][0xbf][0xbd]IC6[0xef][0xbf][0xbd]0[0xef][0xbf][0xbd]@_[0xf][0xef][0xbf][0xbd]AH=[0x13][0xb][0xef][0xbf][0xbd]*t3[0xef][0xbf][0xbd][0xef][0xbf][0xbd]*Y[0xef][0xbf][0xbd][0xef][0xbf][0xbd]M[0xef][0xbf][0xbd]AAv[0xef][0xbf][0xbd]Z[0xef][0xbf][0xbd]%[0xef][0xbf][0xbd][0xef][0xbf][0xbd]Z[0xef][0xbf][0xbd]!_[0xef][0xbf][0xbd][0x1f][0x18]Z6[0xef][0xbf][0xbd]E+[0xef][0xbf][0xbd][[0xef][0xbf][0xbd][0x9][0x1b][0xef][0xbf][0xbd][0x13][0xef][0xbf][0xbd]JE$[0xef][0xbf][0xbd][0xef][0xbf][0xbd][0xef][0xbf][0xbd][0x13][0xef][0xbf][0xbd][0xd4][0x97][0xef][0xbf][0xbd]W ([0xd9][0xbf]/[0xef][0xbf][0xbd]pE[0x12]J[0xef][0xbf][0xbd]_[0xef][0xbf][0xbd][0xef][0xbf][0xbd][0xef][0xbf][0xbd][0xef][0xbf][0xbd]g[0xef][0xbf][0xbd][0xef][0xbf][0xbd]K<[0x11]w*[\r][0xef][0xbf][0xbd][0x1e]#([0x2][0x1c][0x7]'[0xf0][0xa9][0x97][0x8f][0xef][0xbf][0xbd]jsQt[0xef][0xbf][0xbd]([0xef][0xbf][0xbd][0x14]<r[0xef][0xbf][0xbd]k[0xd5][0x89][0xef][0xbf][0xbd]ic%[0x19][0xef][0xbf][0xbd]=[0xef][0xbf][0xbd][0x3][0x1f]1[0xef][0xbf][0xbd][0x12][0xef][0xbf][0xbd][0xef][0xbf][0xbd]{[0xef][0xbf][0xbd]X[0x5][0xef][0xbf][0xbd][0xef][0xbf][0xbd]@[0xef][0xbf][0xbd](][0xef][0xbf][0xbd],[0xef][0xbf][0xbd][0xef][0xbf][0xbd]U[0xef][0xbf][0xbd]F[0xef][0xbf][0xbd]2L[0xef][0xbf][0xbd]@[0xef][0xbf][0xbd][0x1c]>v[0xef][0xbf][0xbd]X[0xef][0xbf][0xbd][0xef][0xbf][0xbd]m[0xdf][0xbe][0xef][0xbf][0xbd][0x8][0xd9][0xa2]E[0xef][0xbf][0xbd]@[0x9]`[0xdf][0xb9][0x2][0xd8][0x93]W[0xef][0xbf][0xbd][0xef][0xbf][0xbd][0xef][0xbf][0xbd]>[0xef][0xbf][0xbd]~[0xef][0xbf][0xbd]IAV[0xef][0xbf][0xbd][0xef][0xbf][0xbd][0xef][0xbf][0xbd]`[0xe5][0x8e][0xb7][0xef][0xbf][0xbd][0xc][0xdf][0x86][0xef][0xbf][0xbd]"[0xde][0xa3][0x18][0xcc][0x89]H[0xef][0xbf][0xbd][0xef][0xbf][0xbd]%A[0xef][0xbf][0xbd][0x16][0xe]-[0xc][0xef][0xbf][0xbd].'XI[0xef][0xbf][0xbd][0xef][0xbf][0xbd]$[0xef][0xbf][0xbd][0xef][0xbf][0xbd]L]"[0xef][0xbf][0xbd]Z[0xef][0xbf][0xbd][0xef][0xbf][0xbd]>[0xef][0xbf][0xbd][\r][0xef][0xbf][0xbd][0xef][0xbf][0xbd][0xef][0xbf][0xbd][0xef][0xbf][0xbd][0xc5][0x95][0x1b][0xef][0xbf][0xbd]|[0xef][0xbf][0xbd][0xd5][0x82]S[0x17][0xef][0xbf][0xbd]t3A[0xef][0xbf][0xbd]B-[0xef][0xbf][0xbd]7[0xef][0xbf][0xbd][0xef][0xbf][0xbd][0xef][0xbf][0xbd][0xef][0xbf][0xbd](Aa[0x3][0xef][0xbf][0xbd][0xef][0xbf][0xbd]E[0x3][0xb][0xef][0xbf][0xbd][0x2][\n]"
07:56:30.739 [main] DEBUG org.apache.http.wire -  >> "[0xef][0xbf][0xbd] [0xef][0xbf][0xbd][0xef][0xbf][0xbd]*[0xb]{y[0x0][0xef][0xbf][0xbd][0xef][0xbf][0xbd]x"[0xef][0xbf][0xbd]g.m5[0xef][0xbf][0xbd][0x0][0xef][0xbf][0xbd]l[0xef][0xbf][0xbd]v[0xef][0xbf][0xbd][0xef][0xbf][0xbd][0xef][0xbf][0xbd][0xef][0xbf][0xbd][0xef][0xbf][0xbd]0[0xef][0xbf][0xbd][0xef][0xbf][0xbd][0xef][0xbf][0xbd][0xef][0xbf][0xbd]d[0xef][0xbf][0xbd][0xe][0xef][0xbf][0xbd][0x1a][0x0][0xef][0xbf][0xbd]@[0xef][0xbf][0xbd][0xef][0xbf][0xbd][0xef][0xbf][0xbd]7[0x18][0xef][0xbf][0xbd][0xef][0xbf][0xbd][0xef][0xbf][0xbd]MGf5[0xef][0xbf][0xbd][0xef][0xbf][0xbd]\0[0xef][0xbf][0xbd]I[0xef][0xbf][0xbd][0x1][0xef][0xbf][0xbd]lx[0xef][0xbf][0xbd][0xef][0xbf][0xbd]|[0xef][0xbf][0xbd]G[0xef][0xbf][0xbd][0xef][0xbf][0xbd][0xc][\r][0xef][0xbf][0xbd]%M[0xef][0xbf][0xbd][0x5]oQ[0xef][0xbf][0xbd][0xef][0xbf][0xbd][0xef][0xbf][0xbd][0xef][0xbf][0xbd][0xef][0xbf][0xbd]z[0xef][0xbf][0xbd][0x9]i[0xd0][0x98],T[0xef][0xbf][0xbd][0xef][0xbf][0xbd][0xef][0xbf][0xbd]r[0xef][0xbf][0xbd][0xda][0xae]$[0xef][0xbf][0xbd]#[0xef][0xbf][0xbd][0xef][0xbf][0xbd][0x1c][0xef][0xbf][0xbd][0x9]"[0x5][0xef][0xbf][0xbd][0xdb][0x9d]m[0xef][0xbf][0xbd][0xef][0xbf][0xbd][0xef][0xbf][0xbd]k[0xef][0xbf][0xbd][0xef][0xbf][0xbd][0xef][0xbf][0xbd][0xef][0xbf][0xbd][0xb][0xef][0xbf][0xbd][0xef][0xbf][0xbd]:[0x2]C$N[0xef][0xbf][0xbd][0xef][0xbf][0xbd][0xef][0xbf][0xbd][0xef][0xbf][0xbd]3n[0xef][0xbf][0xbd][0xef][0xbf][0xbd]zW[0xef][0xbf][0xbd][0xef][0xbf][0xbd][0xec][0xa7][0xac][0xef][0xbf][0xbd][0x8][0xef][0xbf][0xbd][0xef][0xbf][0xbd]g[0xce][0xaf]o}[0xef][0xbf][0xbd][0x1d][0xef][0xbf][0xbd][0xef][0xbf][0xbd]A[0x17][[0xef][0xbf][0xbd][0xef][0xbf][0xbd][0xe][0xef][0xbf][0xbd][0xef][0xbf][0xbd][0xef][0xbf][0xbd][0xef][0xbf][0xbd]|[0xef][0xbf][0xbd][0xef][0xbf][0xbd][0xef][0xbf][0xbd][0xef][0xbf][0xbd][0xef][0xbf][0xbd][0xef][0xbf][0xbd]\[0xd5][0xba][0xef][0xbf][0xbd][0xef][0xbf][0xbd]/[0xef][0xbf][0xbd]/[\r]qR[0xef][0xbf][0xbd]bru[0xf][0xef][0xbf][0xbd]~$Bb[0xef][0xbf][0xbd][0xef][0xbf][0xbd][0xef][0xbf][0xbd]W[0xef][0xbf][0xbd][0xef][0xbf][0xbd][0xef][0xbf][0xbd]=[0x1d]%yr[0xef][0xbf][0xbd]_[0x6][0xef][0xbf][0xbd][0xef][0xbf][0xbd][0xef][0xbf][0xbd][0xef][0xbf][0xbd][0xef][0xbf][0xbd]:[[0xef][0xbf][0xbd][0xef][0xbf][0xbd][0xef][0xbf][0xbd][0xef][0xbf][0xbd][0x12][0xca][0xa0][0xef][0xbf][0xbd]K[0xef][0xbf][0xbd][0xef][0xbf][0xbd][0x18]][0xef][0xbf][0xbd]5[0x15][0xef][0xbf][0xbd][0x14][0x11][0xef][0xbf][0xbd]a[0xef][0xbf][0xbd][0x1b][0xef][0xbf][0xbd][\n]"
07:56:30.739 [main] DEBUG org.apache.http.wire -  >> "}[0xef][0xbf][0xbd][\r]G[0xef][0xbf][0xbd]N[0x8]t$8[0xef][0xbf][0xbd][0xef][0xbf][0xbd];>R[0x13]u7"[0xef][0xbf][0xbd]Of[0xef][0xbf][0xbd][0xef][0xbf][0xbd][0x13][0xef][0xbf][0xbd][0xef][0xbf][0xbd]U[0xef][0xbf][0xbd][0xef][0xbf][0xbd][0xef][0xbf][0xbd]}[0xef][0xbf][0xbd][0xef][0xbf][0xbd]OQ[0xef][0xbf][0xbd][0xef][0xbf][0xbd][0xef][0xbf][0xbd][0xef][0xbf][0xbd]tH[0xef][0xbf][0xbd][0xef][0xbf][0xbd]t[0xef][0xbf][0xbd]:{[0xef][0xbf][0xbd]:[0xef][0xbf][0xbd][0xe3][0x96][0x98][0xef][0xbf][0xbd]A[0x1]J[0xef][0xbf][0xbd]*[0xef][0xbf][0xbd][0x19]J[0x6][0xef][0xbf][0xbd]+8;Y[0xef][0xbf][0xbd]Q {|[0xef][0xbf][0xbd][0xe][0xef][0xbf][0xbd][0x1e]>[0xef][0xbf][0xbd]r[0x0][0xef][0xbf][0xbd][0xef][0xbf][0xbd]5[0xef][0xbf][0xbd][0xef][0xbf][0xbd]q[0xef][0xbf][0xbd]k[0xef][0xbf][0xbd][0xef][0xbf][0xbd]~[0xef][0xbf][0xbd][0xef][0xbf][0xbd][0xef][0xbf][0xbd][0xef][0xbf][0xbd][0x19]A[0xcb][0x98][0xef][0xbf][0xbd][0xef][0xbf][0xbd]N[0xef][0xbf][0xbd]fa[0x1][0x1d][0x1e][0xef][0xbf][0xbd]`E[0xef][0xbf][0xbd][0x17],([0xef][0xbf][0xbd][0x10][0xd0][0x8a]d_N[0x0][0xef][0xbf][0xbd][0xf][0xef][0xbf][0xbd][0xef][0xbf][0xbd][0xef][0xbf][0xbd][0xef][0xbf][0xbd][0xef][0xbf][0xbd]r;[0xef][0xbf][0xbd][0x15][0xef][0xbf][0xbd][0xb][0xef][0xbf][0xbd][0xef][0xbf][0xbd]A5[0xef][0xbf][0xbd]![0xef][0xbf][0xbd][0xef][0xbf][0xbd]f[0xef][0xbf][0xbd][0x0][0xef][0xbf][0xbd]a[0x1]d[0x13][0xef][0xbf][0xbd][0xef][0xbf][0xbd]K8[0x7]=|L[0xef][0xbf][0xbd][0xef][0xbf][0xbd]^[0xef][0xbf][0xbd]2[0xef][0xbf][0xbd][0xef][0xbf][0xbd]nU>[0x13][0xef][0xbf][0xbd]p[0xd4][0xb8][0xef][0xbf][0xbd]YcQ`[0xef][0xbf][0xbd][0xef][0xbf][0xbd]}[0xef][0xbf][0xbd]d1[0xef][0xbf][0xbd][0x3]k+[0xef][0xbf][0xbd]a[0xef][0xbf][0xbd][0xef][0xbf][0xbd]~[0xef][0xbf][0xbd][0xef][0xbf][0xbd][0xcd][0xa4][0xef][0xbf][0xbd]C&[0xef][0xbf][0xbd]c[0xef][0xbf][0xbd]"h[0xef][0xbf][0xbd][0x16][0x17][\r]z[0xef][0xbf][0xbd]o[0xef][0xbf][0xbd][0x17]/_[0xef][0xbf][0xbd][0xef][0xbf][0xbd]z5J[0xef][0xbf][0xbd][0xef][0xbf][0xbd]~[0xef][0xbf][0xbd]TtN[0xef][0xbf][0xbd][0xef][0xbf][0xbd][0xef][0xbf][0xbd]P[0xef][0xbf][0xbd][0xef][0xbf][0xbd]u9f[0xef][0xbf][0xbd]![0xd9][0xb8]42[0xc6][0xbc][0xef][0xbf][0xbd][0xc9][0x92][S[0x8][0xef][0xbf][0xbd]bixE~[0xef][0xbf][0xbd][0xef][0xbf][0xbd]l"X[0x1d][0xef][0xbf][0xbd][0xef][0xbf][0xbd]pQ[0xef][0xbf][0xbd][0x2][0xc9][0x95][0x6]a[0xef][0xbf][0xbd]u_[[\n]"
07:56:30.740 [main] DEBUG org.apache.http.wire -  >> "[0xef][0xbf][0xbd][0xef][0xbf][0xbd][0xef][0xbf][0xbd][0xef][0xbf][0xbd]v[0xef][0xbf][0xbd][0xef][0xbf][0xbd][0xef][0xbf][0xbd][0xd1][0x8a][0xef][0xbf][0xbd][0xef][0xbf][0xbd]wI}[0x0][0xef][0xbf][0xbd]ZA|8Z[0xef][0xbf][0xbd][0xef][0xbf][0xbd]=L[0xef][0xbf][0xbd][0xef][0xbf][0xbd]6[0xef][0xbf][0xbd]:[0xef][0xbf][0xbd][0xef][0xbf][0xbd]5[0xef][0xbf][0xbd]>n[0x4]3[0x15][0xef][0xbf][0xbd][0x0][0xef][0xbf][0xbd][0xef][0xbf][0xbd][0xef][0xbf][0xbd]QH>[0xb]V[0xef][0xbf][0xbd][0x8]d[0xef][0xbf][0xbd][0x7]m#[0xef][0xbf][0xbd][0xef][0xbf][0xbd][0xef][0xbf][0xbd][0x19][0xef][0xbf][0xbd]1[0xef][0xbf][0xbd].[0xef][0xbf][0xbd]B[0xef][0xbf][0xbd][0x2][0xef][0xbf][0xbd]*7[0xef][0xbf][0xbd]<([0xef][0xbf][0xbd] [0xef][0xbf][0xbd][0xdb][0xb0][0xef][0xbf][0xbd]i[0xef][0xbf][0xbd]zgHR[0x1e][0x1a]-[0xef][0xbf][0xbd][0xef][0xbf][0xbd][0xef][0xbf][0xbd]N1h[0x1]v9U[0xef][0xbf][0xbd]2[0xef][0xbf][0xbd][0x1d]RV[0x12][0x7]R[0x10]_[0xef][0xbf][0xbd][0xef][0xbf][0xbd]o# [0xef][0xbf][0xbd]Z;[0xef][0xbf][0xbd][0xef][0xbf][0xbd]v[0x1a]T[0xef][0xbf][0xbd]3[0xef][0xbf][0xbd]\[0xef][0xbf][0xbd][0xef][0xbf][0xbd]C[0xef][0xbf][0xbd])^[0xef][0xbf][0xbd]L[0xef][0xbf][0xbd]P[0x11][0xef][0xbf][0xbd]L[0xe4][0x98][0x9b][0xef][0xbf][0xbd]Z[0xef][0xbf][0xbd][0xe][0xef][0xbf][0xbd][0x4][0x15]*2[0x1]}[0x2][0xef][0xbf][0xbd]r[0xef][0xbf][0xbd][0xef][0xbf][0xbd]w2`[0xef][0xbf][0xbd]w[0xef][0xbf][0xbd]Fh<*[0xef][0xbf][0xbd][0xef][0xbf][0xbd]tK[0xef][0xbf][0xbd][\r][0xef][0xbf][0xbd][0xef][0xbf][0xbd][0x11]4[0xef][0xbf][0xbd][0x1a][0xef][0xbf][0xbd]K[0xef][0xbf][0xbd][0xef][0xbf][0xbd][0xef][0xbf][0xbd][0xef][0xbf][0xbd][0xef][0xbf][0xbd][0xef][0xbf][0xbd]Q[0xef][0xbf][0xbd]*[0xef][0xbf][0xbd][0xef][0xbf][0xbd][0xef][0xbf][0xbd]$t[0x13][0xef][0xbf][0xbd]9e[0xef][0xbf][0xbd]f[0xef][0xbf][0xbd][0xef][0xbf][0xbd][0xef][0xbf][0xbd]#a[0xef][0xbf][0xbd][0x16][0xef][0xbf][0xbd][0xef][0xbf][0xbd][0xc][0xb][0xef][0xbf][0xbd][0xef][0xbf][0xbd][0xef][0xbf][0xbd][0xef][0xbf][0xbd][0xef][0xbf][0xbd][0xc7][0xaa][0xef][0xbf][0xbd]E[0xef][0xbf][0xbd][0xef][0xbf][0xbd][0x0][0xef][0xbf][0xbd][0x17][0xef][0xbf][0xbd][0x5][0xdb][0x8e][0xef][0xbf][0xbd][0xef][0xbf][0xbd]/[0xef][0xbf][0xbd]][0xef][0xbf][0xbd][0xef][0xbf][0xbd]?H[0x5]g[0xef][0xbf][0xbd]3[0xef][0xbf][0xbd][0x10][0xef][0xbf][0xbd]%[0xef][0xbf][0xbd]Zo'[0xd7][0x84][0xef][0xbf][0xbd][0xef][0xbf][0xbd]K[0xef][0xbf][0xbd][0x1b][0xda][0x9c][0xef][0xbf][0xbd]h[0x1a][0xef][0xbf][0xbd][0xef][0xbf][0xbd][0xc2][0xb4]h[0x10][0x5]Z[0xef][0xbf][0xbd][0xef][0xbf][0xbd][0xef][0xbf][0xbd][0x1e][0xef][0xbf][0xbd][0x1b][0xef][0xbf][0xbd][0xef][0xbf][0xbd]3[0x16]MV[0xef][0xbf][0xbd][0xef][0xbf][0xbd]x[0xef][0xbf][0xbd]mAT[0xef][0xbf][0xbd] [0xef][0xbf][0xbd][0xef][0xbf][0xbd][0xef][0xbf][0xbd][0xef][0xbf][0xbd][0xef][0xbf][0xbd][0x1d][0xef][0xbf][0xbd]`[0xef][0xbf][0xbd][0x1]~[0xef][0xbf][0xbd]~[0xef][0xbf][0xbd][0xcd][0xaf][0x1b][0xef][0xbf][0xbd][0xef][0xbf][0xbd][0xb]Rl[0xef][0xbf][0xbd]2[0x1f][0xef][0xbf][0xbd]t[0xef][0xbf][0xbd][0xef][0xbf][0xbd]B[0xef][0xbf][0xbd][0xef][0xbf][0xbd][0xef][0xbf][0xbd]Q[0x8][0x1][0xef][0xbf][0xbd]@?[0xef][0xbf][0xbd]Z[0xef][0xbf][0xbd][0xef][0xbf][0xbd]{[0xef][0xbf][0xbd][[0xef][0xbf][0xbd]U[0x9]|[0xef][0xbf][0xbd][0xef][0xbf][0xbd]7O[0x17]?[0xef][0xbf][0xbd][0xef][0xbf][0xbd][0x14]X-[0xef][0xbf][0xbd][0xd4][0xbd][0xef][0xbf][0xbd]fG[0xb][0xef][0xbf][0xbd]"
07:56:30.740 [main] DEBUG org.apache.http.wire -  >> "[0x1e]g[0xef][0xbf][0xbd][0xef][0xbf][0xbd][0xef][0xbf][0xbd] [0xef][0xbf][0xbd][0xef][0xbf][0xbd]2O[0xef][0xbf][0xbd][0xef][0xbf][0xbd]L[0xef][0xbf][0xbd]:[0x1a][0xef][0xbf][0xbd][0xef][0xbf][0xbd]>[0xef][0xbf][0xbd]3[0xef][0xbf][0xbd][0x18][0xef][0xbf][0xbd]O[0xef][0xbf][0xbd]3[0xef][0xbf][0xbd][0xef][0xbf][0xbd]<[0xef][0xbf][0xbd][0xef][0xbf][0xbd]Y[0xef][0xbf][0xbd]?[0x12]d\[0xef][0xbf][0xbd]Y[0x15][0xef][0xbf][0xbd][0xdb][0x9a][0xef][0xbf][0xbd][0xef][0xbf][0xbd][0xef][0xbf][0xbd][0x3][0x1b][0xef][0xbf][0xbd][0xef][0xbf][0xbd]2,L[0xef][0xbf][0xbd]4[0xef][0xbf][0xbd]x[0xef][0xbf][0xbd][0xef][0xbf][0xbd]xs[0xef][0xbf][0xbd]4[0xef][0xbf][0xbd]x[0xef][0xbf][0xbd]s[0xef][0xbf][0xbd]{[0xef][0xbf][0xbd][0xef][0xbf][0xbd][0x4][0x15]|;[0xef][0xbf][0xbd][0xef][0xbf][0xbd][0xef][0xbf][0xbd]y[0xef][0xbf][0xbd]C[<m>[0xef][0xbf][0xbd]\/&q[0xef][0xbf][0xbd][%N][0xef][0xbf][0xbd]7|[0xef][0xbf][0xbd]hP[0xef][0xbf][0xbd][0xef][0xbf][0xbd][0xc][0xef][0xbf][0xbd]3[0x1f][0x14][0xef][0xbf][0xbd]]cq[0xef][0xbf][0xbd][0x10][0xef][0xbf][0xbd][0xef][0xbf][0xbd][0xef][0xbf][0xbd][0xef][0xbf][0xbd][0xf][0xef][0xbf][0xbd][0xef][0xbf][0xbd][q[0xef][0xbf][0xbd]e[0xef][0xbf][0xbd]}[0xef][0xbf][0xbd][0xef][0xbf][0xbd][0xef][0xbf][0xbd][0xef][0xbf][0xbd]_=2[0xef][0xbf][0xbd][0xef][0xbf][0xbd][0x3]{[0xef][0xbf][0xbd][0x5][0xef][0xbf][0xbd]:[0xef][0xbf][0xbd][0x15]@9%f-{[0xef][0xbf][0xbd]L[0xb]Kk5[0xef][0xbf][0xbd]x[0xef][0xbf][0xbd][0xef][0xbf][0xbd][0xd0][0x9b][0xef][0xbf][0xbd][0xef][0xbf][0xbd][0xef][0xbf][0xbd][0xef][0xbf][0xbd][0xef][0xbf][0xbd]?[0xef][0xbf][0xbd][0xef][0xbf][0xbd]V[0x1e][0xef][0xbf][0xbd]?Z#,[0xef][0xbf][0xbd]S[0xef][0xbf][0xbd][0xef][0xbf][0xbd](d[0xc][0xef][0xbf][0xbd]d[0x1][0x17][0x8]M9[%[0xef][0xbf][0xbd][0xef][0xbf][0xbd]f[0xef][0xbf][0xbd][0xde][0x86]Ai[0xef][0xbf][0xbd][0xef][0xbf][0xbd][0xef][0xbf][0xbd]n[0xc5][0x84][0xef][0xbf][0xbd][0xdd][0xaa]b[0x1e][0xef][0xbf][0xbd][0xef][0xbf][0xbd][0xce][0x8e][0xef][0xbf][0xbd][0x19][0x5][0xef][0xbf][0xbd]>cg[0xef][0xbf][0xbd][0x1a]CXZ[0xef][0xbf][0xbd][0xc][0x16]m[0xef][0xbf][0xbd]=[0x13][0xef][0xbf][0xbd]!P(l[0x1c][0xef][0xbf][0xbd][0xef][0xbf][0xbd][0xef][0xbf][0xbd]UZ[0xef][0xbf][0xbd][0xef][0xbf][0xbd][0xef][0xbf][0xbd][0xef][0xbf][0xbd],1[0xef][0xbf][0xbd][0xef][0xbf][0xbd][0xef][0xbf][0xbd],[0xef][0xbf][0xbd][0xef][0xbf][0xbd](t[0xef][0xbf][0xbd][0xef][0xbf][0xbd][0x12][0xef][0xbf][0xbd]k[0xef][0xbf][0xbd][0xc2][0x8c]:Dy[0xef][0xbf][0xbd]P}@[0xef][0xbf][0xbd]][0xe][0xef][0xbf][0xbd][0xef][0xbf][0xbd][0x1a]=[0xef][0xbf][0xbd][0x13]0[0xef][0xbf][0xbd]0n[0xef][0xbf][0xbd]_[0xef][0xbf][0xbd][0xd8][0x8c]m[0xef][0xbf][0xbd][0xef][0xbf][0xbd][0xef][0xbf][0xbd][0xe8][0xa9][0x95][0xef][0xbf][0xbd]$`[0x3]m[0xef][0xbf][0xbd]-=[0xf]h6[0x1e][0xef][0xbf][0xbd]k[0xef][0xbf][0xbd]m[0xef][0xbf][0xbd]s[0x1a]x7[0xef][0xbf][0xbd][0xef][0xbf][0xbd][0xef][0xbf][0xbd]]@[0xef][0xbf][0xbd]~[0x2]1m[0xef][0xbf][0xbd][0xef][0xbf][0xbd][[0xef][0xbf][0xbd][0xef][0xbf][0xbd][0x1c][0xc2][0xbe]W[0xca][0x98][\n]"
07:56:30.741 [main] DEBUG org.apache.http.wire -  >> "[0x0]>[0xef][0xbf][0xbd][0xef][0xbf][0xbd][0xef][0xbf][0xbd]`[0xef][0xbf][0xbd][0xef][0xbf][0xbd][0xef][0xbf][0xbd]8[0xef][0xbf][0xbd]1[0x1e][0x5]&[0x1b]A[0xef][0xbf][0xbd]3H[0xef][0xbf][0xbd]>[0xef][0xbf][0xbd]\[0xef][0xbf][0xbd][0x11]'[0xd8][0xb3]h[0xef][0xbf][0xbd][0xef][0xbf][0xbd][0xef][0xbf][0xbd]xe&[0x8][0x1b][0xef][0xbf][0xbd]>t[0x13][0xef][0xbf][0xbd]\[0xef][0xbf][0xbd][0xef][0xb6][0xac][0x18][0xd7][0xbc][0xef][0xbf][0xbd][0xef][0xbf][0xbd]z[0xef][0xbf][0xbd]e[0x14][0xef][0xbf][0xbd][0xef][0xbf][0xbd][0x1a][0xef][0xbf][0xbd]M[0xef][0xbf][0xbd][0xef][0xbf][0xbd]([0xef][0xbf][0xbd]m{[0x17][0xef][0xbf][0xbd][0xef][0xbf][0xbd][0xef][0xbf][0xbd][0x13]JW[0x17][0xef][0xbf][0xbd][0x3][0xef][0xbf][0xbd]wy[0xef][0xbf][0xbd][0x1a][0x14]~[0xef][0xbf][0xbd]s[0xef][0xbf][0xbd]H[0xef][0xbf][0xbd]{[0xef][0xbf][0xbd][0xef][0xbf][0xbd][0xcf][0x91][0xef][0xbf][0xbd][0xca][0x8d][0xef][0xbf][0xbd] [0xef][0xbf][0xbd]"t[0xef][0xbf][0xbd][0xe2][0xa4][0x8e][0xef][0xbf][0xbd][0xef][0xbf][0xbd]>[0xef][0xbf][0xbd][0xef][0xbf][0xbd][0xcb][0xa3]Of5[0xef][0xbf][0xbd]f:[0xef][0xbf][0xbd][\r][0x15][0xef][0xbf][0xbd]i[0x11][0xef][0xbf][0xbd][0x4][0x6]k[\r]2d[0xef][0xbf][0xbd][0xef][0xbf][0xbd][0xef][0xbf][0xbd][0xef][0xbf][0xbd][0xef][0xbf][0xbd]0[0xef][0xbf][0xbd])[0x17][0x1b]d[0xef][0xbf][0xbd][0xef][0xbf][0xbd]&?[0x9][0xef][0xbf][0xbd]tLmC[0xef][0xbf][0xbd][0xef][0xbf][0xbd]{FW)[0xef][0xbf][0xbd]ra[0xef][0xbf][0xbd][0xef][0xbf][0xbd]G=[0xef][0xbf][0xbd]1[\r][0xf]i:[0xef][0xbf][0xbd][0x17]2[0x18][0xef][0xbf][0xbd]G[0xef][0xbf][0xbd][0xef][0xbf][0xbd][0xef][0xbf][0xbd]%V[0xef][0xbf][0xbd][0xef][0xbf][0xbd][0x17]7[0x1][0xef][0xbf][0xbd][0xef][0xbf][0xbd]@\1[0xc7][0x80]>%[0xc7][0x98][0xef][0xbf][0xbd][0xef][0xbf][0xbd]}h[0xef][0xbf][0xbd]+c[0x1a][0xef][0xbf][0xbd][0x1d][0xef][0xbf][0xbd]N[0xef][0xbf][0xbd][0xef][0xbf][0xbd][0xef][0xbf][0xbd]V[0xde][0x93][0xef][0xbf][0xbd]+[0x7][0x1b][0xef][0xbf][0xbd].[0xef][0xbf][0xbd][0x15]KWaq5D[0x1][0xef][0xbf][0xbd][0x18][0xef][0xbf][0xbd]`[0xef][0xbf][0xbd][0x1b]1Z[0xc][0xef][0xbf][0xbd][0x4][0xef][0xbf][0xbd][0xef][0xbf][0xbd]I[0xef][0xbf][0xbd]{[0xef][0xbf][0xbd][0xef][0xbf][0xbd][0xef][0xbf][0xbd]-[0xef][0xbf][0xbd][0xef][0xbf][0xbd][0xef][0xbf][0xbd]w[0x5]][0xef][0xbf][0xbd][0xef][0xbf][0xbd][0x16]k$V[0xef][0xbf][0xbd][0xef][0xbf][0xbd]4[\n]"
07:56:30.741 [main] DEBUG org.apache.http.wire -  >> "[0xef][0xbf][0xbd][0x7].r[0xef][0xbf][0xbd][0x16][0xef][0xbf][0xbd][0xef][0xbf][0xbd][0xef][0xbf][0xbd]t[0xef][0xbf][0xbd][0xef][0xbf][0xbd]C[0x5]P[0x2][0xef][0xbf][0xbd][0xef][0xbf][0xbd][0xef][0xbf][0xbd][0xef][0xbf][0xbd][0xef][0xbf][0xbd]B[0xef][0xbf][0xbd][0xef][0xbf][0xbd][0xc]s[0xef][0xbf][0xbd][0xef][0xbf][0xbd][0x9][0x1]i'F[0xef][0xbf][0xbd][0xef][0xbf][0xbd][0xef][0xbf][0xbd][0xef][0xbf][0xbd][0x0]l-[0xef][0xbf][0xbd][0xc4][0x96][0xef][0xbf][0xbd][0xef][0xbf][0xbd]1[0x16][0xef][0xbf][0xbd]=[\r][0xef][0xbf][0xbd][0xef][0xbf][0xbd]|[0xef][0xbf][0xbd]`[0xef][0xbf][0xbd][0xef][0xbf][0xbd].[0xef][0xbf][0xbd][0xef][0xbf][0xbd]a[0xef][0xbf][0xbd][0x1b][0xef][0xbf][0xbd][\n]"
07:56:30.742 [main] DEBUG org.apache.http.wire -  >> "@E[0xef][0xbf][0xbd][0xc9][0xa6]uf[0xef][0xbf][0xbd][0xef][0xbf][0xbd]q[0x7]([!#[0xef][0xbf][0xbd][0xd2][0x87]{[0xef][0xbf][0xbd][0xef][0xbf][0xbd][0xef][0xbf][0xbd][0xef][0xbf][0xbd][0xef][0xbf][0xbd]v[0x7][0xef][0xbf][0xbd][0xef][0xbf][0xbd]_[0xef][0xbf][0xbd]wAn[0xef][0xbf][0xbd]>Qtd"~[0xef][0xbf][0xbd]{[0xef][0xbf][0xbd][0xdd][0xb6][0xef][0xbf][0xbd][0xef][0xbf][0xbd][0xef][0xbf][0xbd]~[0xef][0xbf][0xbd]3[0xce][0x8b][0x1b][0x8][0xc5][0xa5]`7[0x2] D[0xef][0xbf][0xbd][0xef][0xbf][0xbd][0xc4][0x9d][0xef][0xbf][0xbd][0xe][0xef][0xbf][0xbd]{[0xd0][0xac]ee-[0x1c][0xef][0xbf][0xbd][0xef][0xbf][0xbd]?Z[0xef][0xbf][0xbd][0xef][0xbf][0xbd]E[0x11][0xc3][0xa5]vG[[[0xef][0xbf][0xbd][0xef][0xbf][0xbd]K[0xef][0xbf][0xbd]&[0x1f][0xef][0xbf][0xbd][0x1b]S[0xef][0xbf][0xbd]4Y[0xef][0xbf][0xbd]X[0xef][0xbf][0xbd][0xdb][0x8a][0xef][0xbf][0xbd][0xef][0xbf][0xbd]j[0xef][0xbf][0xbd])X},:7[0xef][0xbf][0xbd][0xef][0xbf][0xbd][0xef][0xbf][0xbd]S)[0xef][0xbf][0xbd]%[0x8][0xef][0xbf][0xbd][0xef][0xbf][0xbd][0xef][0xbf][0xbd][0xef][0xbf][0xbd][0xef][0xbf][0xbd]]6xG[0xef][0xbf][0xbd][0xec][0x9c][0x8b][0xef][0xbf][0xbd]P[0xef][0xbf][0xbd][0xef][0xbf][0xbd][0x10]Mc[0x0][0xce][0x99]G[0xef][0xbf][0xbd][0xef][0xbf][0xbd]o~[0xef][0xbf][0xbd]|+[0x4][0xef][0xbf][0xbd]u[0xef][0xbf][0xbd][0x10]Z[0x17][0xef][0xbf][0xbd]A[0xef][0xbf][0xbd]a[0xef][0xbf][0xbd]8[0xef][0xbf][0xbd]V0[0xef][0xbf][0xbd][0xef][0xbf][0xbd]>)[0xef][0xbf][0xbd][0xef][0xbf][0xbd][\n]"
07:56:30.742 [main] DEBUG org.apache.http.wire -  >> "0Nt[0xef][0xbf][0xbd][0x1e][0xef][0xbf][0xbd][0xef][0xbf][0xbd][0xef][0xbf][0xbd][0xef][0xbf][0xbd][0xef][0xbf][0xbd][0xef][0xbf][0xbd]X[0xef][0xbf][0xbd]T6[0xef][0xbf][0xbd][0x1e][0xef][0xbf][0xbd][0xef][0xbf][0xbd][0xd1][0xa7][0x1e][0xef][0xbf][0xbd][0x8][0xef][0xbf][0xbd][0xef][0xbf][0xbd][0x1b][0xef][0xbf][0xbd][0x14][0xef][0xbf][0xbd][0xef][0xbf][0xbd]T[0x6][0xef][0xbf][0xbd][0xef][0xbf][0xbd]e[0xef][0xbf][0xbd][0xef][0xbf][0xbd]UY[0xef][0xbf][0xbd]k[0xef][0xbf][0xbd]K[0x1][0xef][0xbf][0xbd][0xef][0xbf][0xbd][0x1c]P[0xef][0xbf][0xbd][0xef][0xbf][0xbd]p![0xef][0xbf][0xbd][0xef][0xbf][0xbd][0xd5][0x86]b[0xef][0xbf][0xbd][0xef][0xbf][0xbd][0xef][0xbf][0xbd][0xef][0xbf][0xbd]\[0xef][0xbf][0xbd][0xef][0xbf][0xbd][0x2]$OR[0x11]KW|[0xef][0xbf][0xbd][0xef][0xbf][0xbd]1^[0x2]Dg7[0xef][0xbf][0xbd][0xef][0xbf][0xbd][0x19]C.z?qZW[0xef][0xbf][0xbd]|[0xef][0xbf][0xbd]5[0xef][0xbf][0xbd]?u[0x1d][0xef][0xbf][0xbd][0x3][0xef][0xbf][0xbd][0x15][0xef][0xbf][0xbd][0x18][0xef][0xbf][0xbd][0xef][0xbf][0xbd][0xef][0xbf][0xbd][0x1b][0xef][0xbf][0xbd][0xef][0xbf][0xbd][0xef][0xbf][0xbd][0xef][0xbf][0xbd][0xef][0xbf][0xbd][0x5][0xef][0xbf][0xbd][0xef][0xbf][0xbd][0xef][0xbf][0xbd]O[0x10]}[0xef][0xbf][0xbd]/[0xef][0xbf][0xbd][0xef][0xbf][0xbd][0xef][0xbf][0xbd][0xef][0xbf][0xbd]|[0xef][0xbf][0xbd];[0xef][0xbf][0xbd][0xef][0xbf][0xbd]u[0xef][0xbf][0xbd][0xef][0xbf][0xbd]v[0xef][0xbf][0xbd])[0xef][0xbf][0xbd][0xc3][0x89][0xef][0xbf][0xbd]~[0xef][0xbf][0xbd][0xef][0xbf][0xbd]([0xef][0xbf][0xbd][0xef][0xbf][0xbd]?~[0xef][0xbf][0xbd][0xef][0xbf][0xbd][0xef][0xbf][0xbd]y([0xef][0xbf][0xbd][0xef][0xbf][0xbd]|[0xef][0xbf][0xbd]_3s[0xef][0xbf][0xbd][0xe]v[0xef][0xbf][0xbd]m[0xef][0xbf][0xbd]q[0xef][0xbf][0xbd][0xef][0xbf][0xbd][0xd1][0xa2]p[0x9][0xef][0xbf][0xbd]C[0xef][0xbf][0xbd][0x17][0xef][0xbf][0xbd]^[0xef][0xbf][0xbd][0xd1][0x90][0xef][0xbf][0xbd]SY[0xef][0xbf][0xbd][y1[0xef][0xbf][0xbd][0xef][0xbf][0xbd]*h[=[0xef][0xbf][0xbd]O[0xef][0xbf][0xbd][0x5]V[0xef][0xbf][0xbd]+t[0xef][0xbf][0xbd]p2[0x6][0xdc][0x9d]7[0xef][0xbf][0xbd][0xef][0xbf][0xbd][0xf]a[0x14][0xef][0xbf][0xbd]7t<[0x17][0xef][0xbf][0xbd][0xef][0xbf][0xbd]a[0xef][0xbf][0xbd] [[0x12][0xe2][0xad][0xb2][0xef][0xbf][0xbd][0xef][0xbf][0xbd]l[0xef][0xbf][0xbd][0xef][0xbf][0xbd][0xef][0xbf][0xbd][0xb]]%[0xef][0xbf][0xbd][0xef][0xbf][0xbd][0xc9][0xa8][0xef][0xbf][0xbd]I[[0xef][0xbf][0xbd][0xef][0xbf][0xbd][0x4]d[0xef][0xbf][0xbd]b[0xef][0xbf][0xbd]S8[0xef][0xbf][0xbd][0xef][0xbf][0xbd])[0x15][0xef][0xbf][0xbd]~+[0xef][0xbf][0xbd];[0xef][0xbf][0xbd][0xef][0xbf][0xbd][0xef][0xbf][0xbd][0xef][0xbf][0xbd])[0x16][0x8][0xef][0xbf][0xbd][0xef][0xbf][0xbd]\[0xef][0xbf][0xbd][0xef][0xbf][0xbd][0xef][0xbf][0xbd]Obe[0xef][0xbf][0xbd]([0xef][0xbf][0xbd][0xef][0xbf][0xbd][0xef][0xbf][0xbd]M[0xef][0xbf][0xbd][0xef][0xbf][0xbd]4RwpTh-yk[0xef][0xbf][0xbd][0xef][0xbf][0xbd][0xef][0xbf][0xbd][0xef][0xbf][0xbd][0x19]K[0xef][0xbf][0xbd][0xef][0xbf][0xbd][0xef][0xbf][0xbd]:[0xef][0xbf][0xbd]$[0xef][0xbf][0xbd][0xef][0xbf][0xbd].[0xef][0xbf][0xbd][0x19][0xef][0xbf][0xbd]Q[0xef][0xbf][0xbd]m~[0xef][0xbf][0xbd]G[0xef][0xbf][0xbd][0xc4][0xb8]u[0x6][0xef][0xbf][0xbd][0xef][0xbf][0xbd]B[0xef][0xbf][0xbd]q'[0xef][0xbf][0xbd][0x12][0xef][0xbf][0xbd][0xb]&[0xef][0xbf][0xbd][0xef][0xbf][0xbd]S[0xef][0xbf][0xbd][0x1e]fb[0xef][0xbf][0xbd][0x12]_[0xef][0xbf][0xbd]V"s[0x6][0xef][0xbf][0xbd][0xef][0xbf][0xbd]'[0xef][0xbf][0xbd][0xef][0xbf][0xbd][0xda][0x9e][0xef][0xbf][0xbd]}[0x5][\r][0xef][0xbf][0xbd][0xef][0xbf][0xbd][0xef][0xbf][0xbd].V[0xef][0xbf][0xbd][0xef][0xbf][0xbd][0xdd][0xa9][0xef][0xbf][0xbd][0xef][0xbf][0xbd]V[0xef][0xbf][0xbd][0x18][0xc9][0x89][0xb]a[0xef][0xbf][0xbd][0xef][0xbf][0xbd][0xef][0xbf][0xbd]u-C~[0xef][0xbf][0xbd][0xef][0xbf][0xbd]o[0xef][0xbf][0xbd]r5$[0xef][0xbf][0xbd][0xef][0xbf][0xbd][0xef][0xbf][0xbd][0xef][0xbf][0xbd]O[0xef][0xbf][0xbd]D[0xef][0xbf][0xbd][0xef][0xbf][0xbd][0xef][0xbf][0xbd]KZ[0xef][0xbf][0xbd][0xef][0xbf][0xbd]O[0x0][0xef][0xbf][0xbd]q[0xef][0xbf][0xbd][0xef][0xbf][0xbd][0xef][0xbf][0xbd][0xef][0xbf][0xbd][0xd7][0x89][0xef][0xbf][0xbd][0xef][0xbf][0xbd][0xef][0xbf][0xbd]Q[0xe1][0xb4][0xb3][0xef][0xbf][0xbd][0x3][0x15][0xef][0xbf][0xbd][0xef][0xbf][0xbd][0x10][0xef][0xbf][0xbd][0xef][0xbf][0xbd]n>[0xef][0xbf][0xbd][0xef][0xbf][0xbd][0xef][0xbf][0xbd][0xef][0xbf][0xbd]r[0xef][0xbf][0xbd][0xef][0xbf][0xbd][0x19][0xef][0xbf][0xbd][0xef][0xbf][0xbd]0fG[0x1d][0xef][0xbf][0xbd][0xef][0xbf][0xbd]%[0xef][0xbf][0xbd][0x11][0xef][0xbf][0xbd][0xef][0xbf][0xbd][0xe][0xef][0xbf][0xbd][0x1]h[0x11][0xef][0xbf][0xbd]U[0xef][0xbf][0xbd]ZL[0x2][0x1c][0xef][0xbf][0xbd][0x1a][0xef][0xbf][0xbd][0xef][0xbf][0xbd]o[0x15][0xef][0xbf][0xbd][0xef][0xbf][0xbd]vv`[0x1b][\r][0xef][0xbf][0xbd][0xef][0xbf][0xbd]H[0xef][0xbf][0xbd]4Fj[0xef][0xbf][0xbd]A[0xef][0xbf][0xbd]C[0xef][0xbf][0xbd][0xef][0xbf][0xbd][0x9][0xef][0xbf][0xbd][0xef][0xbf][0xbd]L28^[0x2][0xef][0xbf][0xbd][0xcd][0xa7]Uu[0x13][0xef][0xbf][0xbd])[0xef][0xbf][0xbd]1[0xef][0xbf][0xbd][0xef][0xbf][0xbd]>[0xef][0xbf][0xbd][0xef][0xbf][0xbd][\n]"
07:56:30.742 [main] DEBUG org.apache.http.wire -  >> "=[0xef][0xbf][0xbd][0xef][0xbf][0xbd][0xb][0xef][0xbf][0xbd]W-nw;[0xef][0xbf][0xbd][0xef][0xbf][0xbd][0xef][0xbf][0xbd][0x0]_[0xef][0xbf][0xbd].y[0xef][0xbf][0xbd][0xef][0xbf][0xbd]Lt"D[0xef][0xbf][0xbd]?L[0xef][0xbf][0xbd]v[0x9][0xef][0xbf][0xbd][0x1c][0xef][0xbf][0xbd][0xef][0xbf][0xbd]U[0xef][0xbf][0xbd][0xef][0xbf][0xbd](a[0x18]=[0xef][0xbf][0xbd]~[0xef][0xbf][0xbd][0xef][0xbf][0xbd][0xef][0xbf][0xbd][0xef][0xbf][0xbd][0xef][0xbf][0xbd]_[0xef][0xbf][0xbd][0xc5][0x86]p[0xef][0xbf][0xbd]/[0xef][0xbf][0xbd][0xef][0xbf][0xbd]_[0xef][0xbf][0xbd][0xef][0xbf][0xbd][0xef][0xbf][0xbd][0xef][0xbf][0xbd][0xef][0xbf][0xbd]U[0x8][0xef][0xbf][0xbd][0x16]K[0xef][0xbf][0xbd]t[\n]"
07:56:30.742 [main] DEBUG org.apache.http.wire -  >> "[0xef][0xbf][0xbd][0xef][0xbf][0xbd]<[0xd1][0x96][0x15][0xef][0xbf][0xbd][0xef][0xbf][0xbd][0xef][0xbf][0xbd][0xef][0xbf][0xbd][0xef][0xbf][0xbd][0xef][0xbf][0xbd]I[0xef][0xbf][0xbd][0xf]Pdb[0xef][0xbf][0xbd]@lV,f0<[0xef][0xbf][0xbd][\r]tV[0xef][0xbf][0xbd][0xef][0xbf][0xbd][0x9][0x6]j[0xef][0xbf][0xbd][0x19][0xef][0xbf][0xbd][0xef][0xbf][0xbd][0xef][0xbf][0xbd]To[0xc5][0xb6][0xef][0xbf][0xbd][0xef][0xbf][0xbd][0x15].K[0xef][0xbf][0xbd]-[0xef][0xbf][0xbd]6[0x1d][0xef][0xbf][0xbd][0xef][0xbf][0xbd][0xef][0xbf][0xbd][\n]"
07:56:30.742 [main] DEBUG org.apache.http.wire -  >> "[0xef][0xbf][0xbd]jz'c6[0xef][0xbf][0xbd][0xef][0xbf][0xbd][0xef][0xbf][0xbd]<[0x16]=\&[0xef][0xbf][0xbd]Y~m4[0xef][0xbf][0xbd]&[0xef][0xbf][0xbd][0xef][0xbf][0xbd][0xef][0xbf][0xbd][0xef][0xbf][0xbd][0xef][0xbf][0xbd][0xf][0xef][0xbf][0xbd]<YN[0xef][0xbf][0xbd]J[0xef][0xbf][0xbd][0xef][0xbf][0xbd][0xef][0xbf][0xbd][0xef][0xbf][0xbd]=[0xef][0xbf][0xbd][0xef][0xbf][0xbd]FQ=[0xef][0xbf][0xbd][0xef][0xbf][0xbd][0xef][0xbf][0xbd]e[0xef][0xbf][0xbd]_[0x16])|I[0xef][0xbf][0xbd][0xef][0xbf][0xbd][0xef][0xbf][0xbd][0xef][0xbf][0xbd][0xef][0xbf][0xbd][0xef][0xbf][0xbd][0xef][0xbf][0xbd][0xef][0xbf][0xbd][0xef][0xbf][0xbd]KZ@[0xef][0xbf][0xbd]1[0xef][0xbf][0xbd]#[0xe][0xef][0xbf][0xbd][0xef][0xbf][0xbd]3[0xef][0xbf][0xbd]_'[0xc6][0x8b][0xef][0xbf][0xbd]S[0xef][0xbf][0xbd]*Q"$d[0xef][0xbf][0xbd][0x16][0x8][0xef][0xbf][0xbd][0x12][0xef][0xbf][0xbd]pK[0xef][0xbf][0xbd]7w,C[0x1][0xef][0xbf][0xbd][0xef][0xbf][0xbd]r[0xef][0xbf][0xbd][0xef][0xbf][0xbd][0xd4][0xbe]s[0xef][0xbf][0xbd]CPD[0xef][0xbf][0xbd]h[0xef][0xbf][0xbd][0xef][0xbf][0xbd]]]GZo[0xef][0xbf][0xbd][0x1c][0xef][0xbf][0xbd]s[0xef][0xbf][0xbd][0xef][0xbf][0xbd][0xef][0xbf][0xbd][0xef][0xbf][0xbd][0xef][0xbf][0xbd][0xef][0xbf][0xbd][0xef][0xbf][0xbd]B[0xef][0xbf][0xbd]qk[\n]"
07:56:30.742 [main] DEBUG org.apache.http.wire -  >> "[0xef][0xbf][0xbd][0x12][0xef][0xbf][0xbd][0x11][0xef][0xbf][0xbd]~[0xef][0xbf][0xbd][0xef][0xbf][0xbd]Z[0xef][0xbf][0xbd]%[0x1c][0xef][0xbf][0xbd][0xef][0xbf][0xbd]+a[0xef][0xbf][0xbd][0x2][0xef][0xbf][0xbd][0xe]950<[0xef][0xbf][0xbd][0x13][0xef][0xbf][0xbd][0x18]N5[0xef][0xbf][0xbd]\1~f[0xef][0xbf][0xbd]C[0xef][0xbf][0xbd][0xef][0xbf][0xbd][0xef][0xbf][0xbd][0x0]G>[0xef][0xbf][0xbd][0x1]E[0xef][0xbf][0xbd][0xef][0xbf][0xbd]'[0xef][0xbf][0xbd][0x10],[0xef][0xbf][0xbd][0xef][0xbf][0xbd]G[0x18][0xef][0xbf][0xbd][0xef][0xbf][0xbd][0xef][0xbf][0xbd]@[0xef][0xbf][0xbd][0x1]-[0xef][0xbf][0xbd][0xef][0xbf][0xbd]I]b[0xef][0xbf][0xbd]-16[0xef][0xbf][0xbd][0x10][0x0]U[0xef][0xbf][0xbd]q[0x10]W[0xef][0xbf][0xbd]v#[0x6][0xef][0xbf][0xbd][0xef][0xbf][0xbd]$[0xef][0xbf][0xbd][0x1]>[0x15][0xef][0xbf][0xbd]g{[0xdd][0x86][0xef][0xbf][0xbd][\n]"
07:56:30.742 [main] DEBUG org.apache.http.wire -  >> "[0xef][0xbf][0xbd][0xef][0xbf][0xbd])[0xef][0xbf][0xbd][0xef][0xbf][0xbd][\n]"
07:56:30.742 [main] DEBUG org.apache.http.wire -  >> "+0[0xef][0xbf][0xbd][0x4][0xef][0xbf][0xbd][0x6][\n]"
07:56:30.742 [main] DEBUG org.apache.http.wire -  >> "*$6[0xef][0xbf][0xbd][0xd4][0x9c][0x1a]n7[0xef][0xbf][0xbd][0xef][0xbf][0xbd]k"[0xef][0xbf][0xbd]C[\n]"
07:56:30.742 [main] DEBUG org.apache.http.wire -  >> ";[0xef][0xbf][0xbd]x[0xef][0xbf][0xbd][0xef][0xbf][0xbd][0x16][0xb][0xef][0xbf][0xbd][0xef][0xbf][0xbd]V[0xef][0xbf][0xbd][0xef][0xbf][0xbd]\[0xef][0xbf][0xbd]E2[0xef][0xbf][0xbd][0xca][0x81][0xef][0xbf][0xbd][0xef][0xbf][0xbd][0xd0][0x95]`2[0xef][0xbf][0xbd][0xef][0xbf][0xbd]~[0xef][0xbf][0xbd]-g[0xc4][0xa5][0xef][0xbf][0xbd][0xef][0xbf][0xbd]r[0xef][0xbf][0xbd][0x5][0xef][0xbf][0xbd][0xef][0xbf][0xbd]U[0xef][0xbf][0xbd])[0xef][0xbf][0xbd]Q[0xef][0xbf][0xbd][0xef][0xbf][0xbd][0xef][0xbf][0xbd]cxq[0xef][0xbf][0xbd]8F[0xef][0xbf][0xbd][0xef][0xbf][0xbd][0x18][0xe9][0x85][0xa8]n[0x1d]'<[0xcd][0x93][0xef][0xbf][0xbd][0xef][0xbf][0xbd]1[0xef][0xbf][0xbd]m[0x0][0xc][0xef][0xbf][0xbd]![0x0]3[0xef][0xbf][0xbd][0xef][0xbf][0xbd][0xef][0xbf][0xbd]-[0xef][0xbf][0xbd][0xef][0xbf][0xbd]y[0xef][0xbf][0xbd][0xef][0xbf][0xbd]Y[0xef][0xbf][0xbd][0xef][0xbf][0xbd][0xef][0xbf][0xbd][0xef][0xbf][0xbd][0xef][0xbf][0xbd]}[0xef][0xbf][0xbd]W[0xef][0xbf][0xbd][0xef][0xbf][0xbd]Oo[0xef][0xbf][0xbd][0xef][0xbf][0xbd][0xef][0xbf][0xbd][0xef][0xbf][0xbd][0xef][0xbf][0xbd]e[0xef][0xbf][0xbd][0x16][0xef][0xbf][0xbd]}[0xc][0xe9][0x88][0x83][0xef][0xbf][0xbd][0xef][0xbf][0xbd]k[0x1c]l[0xef][0xbf][0xbd]W[0xef][0xbf][0xbd][0xef][0xbf][0xbd][0xcf][0xb7][0xef][0xbf][0xbd][0xef][0xbf][0xbd][0xca][0x99][0xef][0xbf][0xbd][0x12][0xef][0xbf][0xbd]~[0xef][0xbf][0xbd][0xef][0xbf][0xbd]8[0xef][0xbf][0xbd]%[0x4][0xef][0xbf][0xbd]k[0xef][0xbf][0xbd]S[0xef][0xbf][0xbd][0xc]Y[0xef][0xbf][0xbd][0x5]bj[0xef][0xbf][0xbd]u[0xef][0xbf][0xbd][0xef][0xbf][0xbd]f[0xef][0xbf][0xbd]^.[0xef][0xbf][0xbd][0xef][0xbf][0xbd]e[0xef][0xbf][0xbd]SP[0x6][0xef][0xbf][0xbd][0xef][0xbf][0xbd][0xef][0xbf][0xbd][0x1a][0xef][0xbf][0xbd]'=[0xef][0xbf][0xbd][0xef][0xbf][0xbd][0xef][0xbf][0xbd][0x1e][0xef][0xbf][0xbd][0x19][0xef][0xbf][0xbd][0xef][0xbf][0xbd] [0xef][0xbf][0xbd][0xef][0xbf][0xbd][0xef][0xbf][0xbd][0xef][0xbf][0xbd][0x1f]k[0xef][0xbf][0xbd][0xef][0xbf][0xbd]EK([0xef][0xbf][0xbd][0x10][0xef][0xbf][0xbd]w[0xef][0xbf][0xbd] [0x3][0xef][0xbf][0xbd][0xef][0xbf][0xbd][0xf][0xef][0xbf][0xbd]?[0xef][0xbf][0xbd][0xef][0xbf][0xbd]o[0x14]?[0xef][0xbf][0xbd][0xef][0xbf][0xbd][0xef][0xbf][0xbd]T[0xd4][0xa0][0x1][0xef][0xbf][0xbd]a[0x8][0xef][0xbf][0xbd]/~[0x1b][0xef][0xbf][0xbd][0xef][0xbf][0xbd] [0x16]S[0xef][0xbf][0xbd]>[0xef][0xbf][0xbd][0x1b]2[0xef][0xbf][0xbd][0xef][0xbf][0xbd][0xef][0xbf][0xbd]u[0xef][0xbf][0xbd][0x19][0xef][0xbf][0xbd][0xef][0xbf][0xbd]$[0xef][0xbf][0xbd][0xef][0xbf][0xbd][0x9][0xef][0xbf][0xbd]y[0xef][0xbf][0xbd][0xef][0xbf][0xbd][0xef][0xbf][0xbd]0M[0xef][0xbf][0xbd]I[0xef][0xbf][0xbd]g[0xef][0xbf][0xbd][0xef][0xbf][0xbd]|[0x12][0x19][0xef][0xbf][0xbd][0x12][0xef][0xbf][0xbd]V([0xb]Tb[0xef][0xbf][0xbd][0xef][0xbf][0xbd][0xc4][0xbd][0xef][0xbf][0xbd]D[0xef][0xbf][0xbd]:[0xef][0xbf][0xbd][0xef][0xbf][0xbd][0x0]M/9l[0x12][0xef][0xbf][0xbd][0xec][0xb6][0xb0][0xef][0xbf][0xbd]P4*.[0xef][0xbf][0xbd][0xef][0xbf][0xbd][0xd4][0x80][0xef][0xbf][0xbd][0xef][0xbf][0xbd]U[0xef][0xbf][0xbd][0xef][0xbf][0xbd][0xef][0xbf][0xbd][0xef][0xbf][0xbd]"[0xef][0xbf][0xbd]i[0xef][0xbf][0xbd]Z7[0xef][0xbf][0xbd][0xef][0xbf][0xbd][0x18][0xef][0xbf][0xbd][0xef][0xbf][0xbd][0xef][0xbf][0xbd][0xef][0xbf][0xbd][0xef][0xbf][0xbd]X-[0xef][0xbf][0xbd][0x1a]p[0xef][0xbf][0xbd][0x4][0xef][0xbf][0xbd][0xef][0xbf][0xbd]c[0xef][0xbf][0xbd]e[0xd9][0x9a][0xef][0xbf][0xbd][0x19]3m/[0x9]|v[0x6]1[0xef][0xbf][0xbd]X[0xef][0xbf][0xbd]xX[0xef][0xbf][0xbd][0xef][0xbf][0xbd]7k[0x17]K5[0xef][0xbf][0xbd][0xef][0xbf][0xbd][0xef][0xbf][0xbd]Lh[0xef][0xbf][0xbd](T[0xef][0xbf][0xbd][0xef][0xbf][0xbd]c[0xef][0xbf][0xbd][0xef][0xbf][0xbd][0xd7][0x9c]Da[0xef][0xbf][0xbd][0xef][0xbf][0xbd][0xb][0xef][0xbf][0xbd]M[0xef][0xbf][0xbd]ss[0xef][0xbf][0xbd][)[0x3]&[0xef][0xbf][0xbd]_[0xef][0xbf][0xbd]@[0xef][0xbf][0xbd][0xef][0xbf][0xbd]_[0xef][0xbf][0xbd][0x1f][0xef][0xbf][0xbd][0xef][0xbf][0xbd][0x16]}[0xef][0xbf][0xbd][0xef][0xbf][0xbd][0xef][0xbf][0xbd][0xef][0xbf][0xbd][0xef][0xbf][0xbd][0xef][0xbf][0xbd]zt[0x1d][0xef][0xbf][0xbd]7[0xef][0xbf][0xbd][0xef][0xbf][0xbd][0xef][0xbf][0xbd]A^[0x9][0xef][0xbf][0xbd][0xdb][0xb8][0xef][0xbf][0xbd][0xd3][0xb5][0xef][0xbf][0xbd][0xef][0xbf][0xbd]r[0xef][0xbf][0xbd]C[0xef][0xbf][0xbd][0x2][0xef][0xbf][0xbd] [0xef][0xbf][0xbd];[0x1c]3[0xef][0xbf][0xbd][0xef][0xbf][0xbd][0xc6][0x98][0xef]"
07:56:30.743 [main] DEBUG org.apache.http.wire -  >> "[0xbf][0xbd]6f[0xef][0xbf][0xbd][0xef][0xbf][0xbd]][0x17][0xef][0xbf][0xbd][0xef][0xbf][0xbd][0xef][0xbf][0xbd][0xef][0xbf][0xbd]V[0x1e][0xef][0xbf][0xbd][0xef][0xbf][0xbd]7[0x15][0xe]S[0xef][0xbf][0xbd]u[0xef][0xbf][0xbd]p[0x13][0xef][0xbf][0xbd]e![0x0][0xef][0xbf][0xbd][\n]"
07:56:30.743 [main] DEBUG org.apache.http.wire -  >> "[0xef][0xbf][0xbd][0xe2][0x8e][0x89][0xef][0xbf][0xbd][0x2]?[0xef][0xbf][0xbd]20[0xef][0xbf][0xbd][0xef][0xbf][0xbd][0xef][0xbf][0xbd][0xef][0xbf][0xbd]"%[0xef][0xbf][0xbd]B\4[0x1b][0xef][0xbf][0xbd][0x9][0xef][0xbf][0xbd]_[0xef][0xbf][0xbd][0xef][0xbf][0xbd]4[0xf]Z[0xef][0xbf][0xbd][0x1e][0xef][0xbf][0xbd]> W[0xef][0xbf][0xbd]Rt[0xef][0xbf][0xbd][0xef][0xbf][0xbd][0xef][0xbf][0xbd][0xef][0xbf][0xbd]c[0xef][0xbf][0xbd][0xc][0xef][0xbf][0xbd]Fk[0xef][0xbf][0xbd][0xef][0xbf][0xbd]Xn@[0x15][0xef][0xbf][0xbd]-[0xef][0xbf][0xbd]EB[0xef][0xbf][0xbd]Q[0xef][0xbf][0xbd]pkaB,Re[0xef][0xbf][0xbd]n[0xef][0xbf][0xbd][0xef][0xbf][0xbd][0xef][0xbf][0xbd][0xef][0xbf][0xbd]s[0xd6][0x9e][0xef][0xbf][0xbd][0xef][0xbf][0xbd]w[0x1b][0xef][0xbf][0xbd]j[0xef][0xbf][0xbd][0x17][0xef][0xbf][0xbd][0x19][0xef][0xbf][0xbd][0xef][0xbf][0xbd]w[0x1b][0xef][0xbf][0xbd][0xf][0xef][0xbf][0xbd]l[0xef][0xbf][0xbd]v[0xef][0xbf][0xbd][0xef][0xbf][0xbd][0xef][0xbf][0xbd][0xef][0xbf][0xbd]+V[0xdc][0x99][0xef][0xbf][0xbd]=[0xef][0xbf][0xbd][0xef][0xbf][0xbd][0xef][0xbf][0xbd][0xef][0xbf][0xbd]r[0xef][0xbf][0xbd]@A[0xef][0xbf][0xbd][0xef][0xbf][0xbd]tN[0xef][0xbf][0xbd][0xef][0xbf][0xbd][0x19][0xef][0xbf][0xbd][0xef][0xbf][0xbd][0x13][0xef][0xbf][0xbd]m[0xef][0xbf][0xbd][0xef][0xbf][0xbd][0xef][0xbf][0xbd]/[0xef][0xbf][0xbd]2u[0xef][0xbf][0xbd][0xef][0xbf][0xbd]X[0x13][0xef][0xbf][0xbd]>[0xef][0xbf][0xbd][0x1e]C{[0xef][0xbf][0xbd][0xef][0xbf][0xbd]~2[0xef][0xbf][0xbd][0xef][0xbf][0xbd][0xef][0xbf][0xbd][0x11]&[0xef][0xbf][0xbd]#[0xef][0xbf][0xbd][0xef][0xbf][0xbd][0xf]F[0xef][0xbf][0xbd]9[0xef][0xbf][0xbd]j[0xef][0xbf][0xbd][0xef][0xbf][0xbd]f[0xef][0xbf][0xbd][0xea][0xb3][0x9f][0xef][0xbf][0xbd][0xd6][0xae]`x[0xef][0xbf][0xbd]k[0xef][0xbf][0xbd][0xcc][0x98][0xef][0xbf][0xbd][0xef][0xbf][0xbd]([0x12][0x16][0xef][0xbf][0xbd][0xef][0xbf][0xbd][0xde][0xad][0x19][0xef][0xbf][0xbd]9Y[0xef][0xbf][0xbd][0xd5][0x9b]7[0xef][0xbf][0xbd][0x3]p[0xef][0xbf][0xbd][0xef][0xbf][0xbd][0xef][0xbf][0xbd][0xef][0xbf][0xbd][0x7][0xef][0xbf][0xbd]`?[0x0]-[0xef][0xbf][0xbd][0xef][0xbf][0xbd]cB[0xef][0xbf][0xbd][0x15][0xef][0xbf][0xbd][0xef][0xbf][0xbd][0x1f][0xef][0xbf][0xbd][0xef][0xbf][0xbd][0x1b][0xd7][0xa9][0xef][0xbf][0xbd]y[0xcf][0xb5][[0xef][0xbf][0xbd]([0xef][0xbf][0xbd]5lh[0xef][0xbf][0xbd][0xef][0xbf][0xbd][0xca][0xa1]P[0x1f]N[0xef][0xbf][0xbd][\r][0x2]![0xef][0xbf][0xbd][0xef][0xbf][0xbd],[0xf]Z[0xef][0xbf][0xbd]1[0xef][0xbf][0xbd][0xef][0xbf][0xbd]#[0xef][0xbf][0xbd][0xef][0xbf][0xbd]D[0xef][0xbf][0xbd][0xef][0xbf][0xbd][0xef][0xbf][0xbd][0xef][0xbf][0xbd]H[0xef][0xbf][0xbd]G]HU[0xf][0xef][0xbf][0xbd][0xef][0xbf][0xbd][0xef][0xbf][0xbd][0x16][0xef][0xbf][0xbd]Q[0x8]o[0xef][0xbf][0xbd]:[0xef][0xbf][0xbd][0xef][0xbf][0xbd][0xef][0xbf][0xbd]A+[0xc][0xef][0xbf][0xbd]+[0xef][0xbf][0xbd]~[0xef][0xbf][0xbd]m[0xef][0xbf][0xbd]!)[0xef][0xbf][0xbd][0xef][0xbf][0xbd]+[0xef][0xbf][0xbd]Sn[0xef][0xbf][0xbd][0xef][0xbf][0xbd][0xef][0xbf][0xbd][0xef][0xbf][0xbd][0xef][0xbf][0xbd][0xc8][0x83]Sx[0xef][0xbf][0xbd]b[0xef][0xbf][0xbd]d[0xef][0xbf][0xbd]R[0xef][0xbf][0xbd]@[0x3]xV[0xef][0xbf][0xbd][0xef][0xbf][0xbd][0xef][0xbf][0xbd][0x2]x&[0x0]m[0xef][0xbf][0xbd][0xef][0xbf][0xbd]9[0xef][0xbf][0xbd][0xef][0xbf][0xbd]n[0xef][0xbf][0xbd][0x9][0xef][0xbf][0xbd][0xef][0xbf][0xbd]@[0xef][0xbf][0xbd][0xef][0xbf][0xbd][0xef][0xbf][0xbd][0xef][0xbf][0xbd]t[0xef][0xbf][0xbd]>[0xef][0xbf][0xbd][0xef][0xbf][0xbd][0xef][0xbf][0xbd][0xef][0xbf][0xbd][0xef][0xbf][0xbd]e[0x0][0xef][0xbf][0xbd]{+[0xd3][0xa1][\n]"
07:56:30.743 [main] DEBUG org.apache.http.wire -  >> "[0x4][0xef][0xbf][0xbd][0xef][0xbf][0xbd]l[0xef][0xbf][0xbd][0xef][0xbf][0xbd][0xef][0xbf][0xbd][0xef][0xbf][0xbd][0xef][0xbf][0xbd][0x12][0xef][0xbf][0xbd]`~[0xef][0xbf][0xbd][0x1f]z[0xef][0xbf][0xbd][0xef][0xbf][0xbd]K[0xef][0xbf][0xbd][0xef][0xbf][0xbd][0xef][0xbf][0xbd]NaX[0xef][0xbf][0xbd][0xef][0xbf][0xbd][0xef][0xbf][0xbd]uVh[0x1e][0xdc][0xbc][0xef][0xbf][0xbd]X[0xef][0xbf][0xbd][0x1d]*[0xef][0xbf][0xbd]V[0x18]h[0xef][0xbf][0xbd][0x4][0xdc][0x85]B[0xef][0xbf][0xbd][\r]N[0xef][0xbf][0xbd]TalZ6[0xef][0xbf][0xbd]/Xrv[0x13][0x13][0xef][0xbf][0xbd][0xef][0xbf][0xbd]([0xef][0xbf][0xbd]B[0xdc][0xb7][0xef][0xbf][0xbd][0x2]~[0xef][0xbf][0xbd]JT[0xef][0xbf][0xbd]6[0xe][0xef][0xbf][0xbd]6[0xef][0xbf][0xbd][0xdd][0xba]I![0xcf][0x99][0xef][0xbf][0xbd]Tp[0xef][0xbf][0xbd][0xef][0xbf][0xbd][0xef][0xbf][0xbd][0x6]E[0xef][0xbf][0xbd][0xef][0xbf][0xbd][0xef][0xbf][0xbd][0xef][0xbf][0xbd]k[0x11]X[0x1]f[0x1c]Lv[0xef][0xbf][0xbd]K[0x0]X[0xef][0xbf][0xbd]i[0xef][0xbf][0xbd][0xb][0xef][0xbf][0xbd]9[0xd7][0x9a].[0xb][0x19][0xef][0xbf][0xbd]lg[0xef][0xbf][0xbd]1N[0xef][0xbf][0xbd]RZL[0xef][0xbf][0xbd][0xef][0xbf][0xbd][0xef][0xbf][0xbd][0xef][0xbf][0xbd]?~[0xef][0xbf][0xbd]l0[0xef][0xbf][0xbd]+[0xef][0xbf][0xbd][0xef][0xbf][0xbd][0xef][0xbf][0xbd][0xef][0xbf][0xbd]TgZY[0xef][0xbf][0xbd][0x1f][0x3][0xef][0xbf][0xbd][0xef][0xbf][0xbd][0xef][0xbf][0xbd][0xef][0xbf][0xbd]_[0xef][0xbf][0xbd][0xef][0xbf][0xbd]?[0xef][0xbf][0xbd][0xef][0xbf][0xbd]w[0xef][0xbf][0xbd][0xef][0xbf][0xbd][0xef][0xbf][0xbd][0xc5][0x9a][0xef][0xbf][0xbd][0xef][0xbf][0xbd][0xef][0xbf][0xbd][0x1e][0xef][0xbf][0xbd][0xef][0xbf][0xbd][0xef][0xbf][0xbd]Q[0xef][0xbf][0xbd]8[0xef][0xbf][0xbd][0xef][0xbf][0xbd][0xef][0xbf][0xbd][0xef][0xbf][0xbd]VYb>\[0xef][0xbf][0xbd]UN[0x9][0xef][0xbf][0xbd][0xef][0xbf][0xbd](u[0xef][0xbf][0xbd][0x19][0xef][0xbf][0xbd][0xef][0xbf][0xbd]*[0xef][0xbf][0xbd]@{[0x8]P[0xef][0xbf][0xbd]i![0x12][0xef][0xbf][0xbd][0xef][0xbf][0xbd]n2[0xef][0xbf][0xbd][0xef][0xbf][0xbd][[0xef][0xbf][0xbd][0x17]>[0xef][0xbf][0xbd][0xb][0xef][0xbf][0xbd]B[0xef][0xbf][0xbd][0xef][0xbf][0xbd]SX7V[0xef][0xbf][0xbd]"46[0xef][0xbf][0xbd][0x1a][0xca][0xbf]Vk[0x17][0xef][0xbf][0xbd][0xef][0xbf][0xbd][0x16]e[0xef][0xbf][0xbd][0xef][0xbf][0xbd][0xef][0xbf][0xbd][0xef][0x8c][0xbb][0xd5][0x83][0x6][0xef][0xbf][0xbd][0xef][0xbf][0xbd][0xef][0xbf][0xbd][0x9][0xef][0xbf][0xbd][0xef][0xbf][0xbd][0xef][0xbf][0xbd][0xef][0xbf][0xbd]<[0xef][0xbf][0xbd]_[0xef][0xbf][0xbd][0xef][0xbf][0xbd][0xef][0xbf][0xbd][0x1c][0xef][0xbf][0xbd][0xef][0xbf][0xbd]C<[0xde][0x90]7[0xef][0xbf][0xbd][0xef][0xbf][0xbd][0x4][0xef][0xbf][0xbd]h[0xef][0xbf][0xbd][0xef][0xbf][0xbd][0xef][0xbf][0xbd]C[0xef][0xbf][0xbd]X[0xef][0xbf][0xbd][0xd5][0x90][0x1b]*n[0xef][0xbf][0xbd]d(?[0xef][0xbf][0xbd]Q[0xef][0xbf][0xbd][0xef][0xbf][0xbd]n[0xef][0xbf][0xbd][0xef][0xbf][0xbd]Z[0x1][0xef][0xbf][0xbd][0xef][0xbf][0xbd][0xef][0xbf][0xbd]Zy[0xef][0xbf][0xbd][0xef][0xbf][0xbd][0x1]Z$[0xef][0xbf][0xbd][0xef][0xbf][0xbd][0x18][0xef][0xbf][0xbd].[0x13][\r][0xef][0xbf][0xbd][0x1e][0x14][0xef][0xbf][0xbd][0xef][0xbf][0xbd]?[0x16][0x1f]][0xef][0xbf][0xbd]:b[0xc]F}wC[0xef][0xbf][0xbd][0xef][0xbf][0xbd][0x1]z[0x1c][0x2][0xef][0xbf][0xbd][0xef][0xbf][0xbd][0xef][0xbf][0xbd]#[0xef][0xbf][0xbd]Ikm[0xef][0xbf][0xbd]L[0xef][0xbf][0xbd][0xef][0xbf][0xbd]<fF[0xef][0xbf][0xbd]1[0xef][0xbf][0xbd]bX[0xef][0xbf][0xbd][0x15]S[0xef][0xbf][0xbd][0xef][0xbf][0xbd][0x1d][0xef][0xbf][0xbd][0xef][0xbf][0xbd][0xef][0xbf][0xbd]x [0xef][0xbf][0xbd][0x2][0xef][0xbf][0xbd][0xef][0xbf][0xbd][0xef][0xbf][0xbd][0xef][0xbf][0xbd][0xcd][0x9a][0x1d].[\n]"
07:56:30.743 [main] DEBUG org.apache.http.wire -  >> "[0xef][0xbf][0xbd][0xef][0xbf][0xbd];[0xef][0xbf][0xbd][0x17][0xef][0xbf][0xbd][0xef][0xbf][0xbd]F[0x8]q[0xef][0xbf][0xbd][0xef][0xbf][0xbd][0xef][0xbf][0xbd][0xdc][0xac][0xef][0xbf][0xbd]e[0xef][0xbf][0xbd]^[0x18][0xef][0xbf][0xbd][0xef][0xbf][0xbd][0xef][0xbf][0xbd][0xef][0xbf][0xbd][0xef][0xbf][0xbd]vz[0xef][0xbf][0xbd][0xcd][0xab][0xdf][0x93]_[0xef][0xbf][0xbd][0xef][0xbf][0xbd]U[0xef][0xbf][0xbd]j[0xef][0xbf][0xbd]]U[0xef][0xbf][0xbd]^f[0xef][0xbf][0xbd]~[0xef][0xbf][0xbd][0xef][0xbf][0xbd][0xef][0xbf][0xbd][0x6]W-S[0xf][0xef][0xbf][0xbd][0xef][0xbf][0xbd][0x6]u[0xef][0xbf][0xbd]s;62?0G[0xef][0xbf][0xbd]|[0xef][0xbf][0xbd][0xef][0xbf][0xbd]/[0xef][0xbf][0xbd][0xf]Hn[0xef][0xbf][0xbd]>[0xef][0xbf][0xbd][0xef][0xbf][0xbd][0xef][0xbf][0xbd][0xef][0xbf][0xbd][0xef][0xbf][0xbd]_[0xdd][0x9e][0xef][0xbf][0xbd]75[0xef][0xbf][0xbd][0xb]^~[0xef][0xbf][0xbd]TN[0xef][0xbf][0xbd]4o[0xe5][0xa1][0x96][0xef][0xbf][0xbd][0xef][0xbf][0xbd][0xde][0x8f];[0xef][0xbf][0xbd][0x2].[0xef][0xbf][0xbd][0xef][0xbf][0xbd]lj[0xef][0xbf][0xbd]T[0x15][0xef][0xbf][0xbd][0x7][0xef][0xbf][0xbd][0x6][0xef][0xbf][0xbd][0xef][0xbf][0xbd][0xef][0xbf][0xbd][0xef][0xbf][0xbd][0xef][0xbf][0xbd]T9[0xef][0xbf][0xbd][0xef][0xbf][0xbd]j[0xef][0xbf][0xbd]g;![0x4][0xef][0xbf][0xbd][0xef][0xbf][0xbd][0xc5][0x8f][0xce][0xa2]EF[0xc4][0xb0][0x12][0xef][0xbf][0xbd][0xef][0xbf][0xbd]>%[0xef][0xbf][0xbd][0xf1][0xb1][0xa0][0xad]qk[0xef][0xbf][0xbd][0xef][0xbf][0xbd]M[0xcb][0xa5][0xef][0xbf][0xbd]U[\n]"
07:56:30.743 [main] DEBUG org.apache.http.wire -  >> "d[0x1][0x6][\n]"
07:56:30.744 [main] DEBUG org.apache.http.wire -  >> "[0xef][0xbf][0xbd]|[0xef][0xbf][0xbd][0xef][0xbf][0xbd]+-[0xef][0xbf][0xbd][0xf1][0xbc][0xb3][0x9d][0xef][0xbf][0xbd][0x12]:[0xef][0xbf][0xbd])[0xef][0xbf][0xbd]0[0xef][0xbf][0xbd]x[0x3]E[0xef][0xbf][0xbd][0xef][0xbf][0xbd]b[0xef][0xbf][0xbd][0xce][0xaa]z;[0x1][0x0][0xef][0xbf][0xbd][0xef][0xbf][0xbd][0xef][0xbf][0xbd][0xef][0xbf][0xbd]s[0xef][0xbf][0xbd]:n[0xef][0xbf][0xbd][0xdc][0x86][0xef][0xbf][0xbd][0xef][0xbf][0xbd]$[0xc]7[0xef][0xbf][0xbd][0xef][0xbf][0xbd]0Rav[0xef][0xbf][0xbd][0xef][0xbf][0xbd]4[0x11]\[0xef][0xbf][0xbd][0xef][0xbf][0xbd]+;[0xef][0xbf][0xbd][0xef][0xbf][0xbd]d[0xef][0xbf][0xbd][0xcc][0x8d]SR[0xef][0xbf][0xbd][0xef][0xbf][0xbd]%4[0xef][0xbf][0xbd][0xef][0xbf][0xbd][0xef][0xbf][0xbd][0x19][0xef][0xbf][0xbd]g[0xef][0xbf][0xbd][0xda][0xa5][0xef][0xbf][0xbd]=[0x1c]([0xef][0xbf][0xbd]x[0xef][0xbf][0xbd][0xef][0xbf][0xbd][0xef][0xbf][0xbd][0xef][0xbf][0xbd]\k[0x1][0xef][0xbf][0xbd]4[0xef][0xbf][0xbd][0xef][0xbf][0xbd]sa[0xef][0xbf][0xbd]'1[0xef][0xbf][0xbd]\,[0xef][0xbf][0xbd][0xef][0xbf][0xbd][0xef][0xbf][0xbd][[0xef][0xbf][0xbd]x[0xef][0xbf][0xbd][0xef][0xbf][0xbd][0x1f][0xef][0xbf][0xbd]K[0xef][0xbf][0xbd][0x16][0x1a]<[0xef][0xbf][0xbd]C[0xb][0xef][0xbf][0xbd][0xef][0xbf][0xbd][0xef][0xbf][0xbd]6[0xb]b[0xef][0xbf][0xbd])_[0xef][0xbf][0xbd]O[0xef][0xbf][0xbd]8[0xef][0xbf][0xbd][0xef][0xbf][0xbd]%[0xef][0xbf][0xbd][0x10]>4Z[0x8][0xef][0xbf][0xbd]G;[0xef][0xbf][0xbd]y[0xef][0xbf][0xbd][0xef][0xbf][0xbd][0xef][0xbf][0xbd][0xef][0xbf][0xbd][0xef][0xbf][0xbd][0xef][0xbf][0xbd]|3YS[0xef][0xbf][0xbd][0xef][0xbf][0xbd][0xef][0xbf][0xbd]b[0xef][0xbf][0xbd][0xef][0xbf][0xbd][0x4][0x15][0xef][0xbf][0xbd][0xef][0xbf][0xbd]<[0xef][0xbf][0xbd][0xef][0xbf][0xbd][0xef][0xbf][0xbd][0xef][0xbf][0xbd]p[0xef][0xbf][0xbd]s|[0xdf][0xbe][0xef][0xbf][0xbd][0x15][0xef][0xbf][0xbd]~@Z[0xef][0xbf][0xbd][0xc5][0x8f] [0x1d][0xef][0xbf][0xbd][0x1c][0xef][0xbf][0xbd][0xef][0xbf][0xbd][0x1e]o[[0xef][0xbf][0xbd][0xef][0xbf][0xbd][0xcf][0x91][0xdd][0xac][0x1e][0xef][0xbf][0xbd]T[0xef][0xbf][0xbd]>[0xef][0xbf][0xbd][0xef][0xbf][0xbd][0xef][0xbf][0xbd]~]8[0xc9][0x8f][0xef][0xbf][0xbd][0xef][0xbf][0xbd][0xef][0xbf][0xbd][0xef][0xbf][0xbd][0xef][0xbf][0xbd][0xf]g[\n]"
07:56:30.744 [main] DEBUG org.apache.http.wire -  >> "[0xef][0xbf][0xbd][0xef][0xbf][0xbd]G[0xef][0xbf][0xbd][0x19][0xb][0xef][0xbf][0xbd]YN[0xef][0xbf][0xbd]r=[0xef][0xbf][0xbd]6g[0xef][0xbf][0xbd][0xef][0xbf][0xbd] [0xef][0xbf][0xbd] [0xc6][0x85][0xef][0xbf][0xbd]q[0x1b]o+[0xef][0xbf][0xbd][0xef][0xbf][0xbd][0xef][0xbf][0xbd]~[0xef][0xbf][0xbd][0xef][0xbf][0xbd][\n]"
07:56:30.744 [main] DEBUG org.apache.http.wire -  >> "Ui[0xef][0xbf][0xbd]2[0xef][0xbf][0xbd];NT?[0xef][0xbf][0xbd][0xef][0xbf][0xbd][0xef][0xbf][0xbd]W[0xef][0xbf][0xbd]P%?a[0xef][0xbf][0xbd][0xef][0xbf][0xbd][0xef][0xbf][0xbd]h[0xef][0xbf][0xbd][0xef][0xbf][0xbd]+[0xef][0xbf][0xbd]O[0xef][0xbf][0xbd]o[0xef][0xbf][0xbd][0xef][0xbf][0xbd][0xc]"[0xef][0xbf][0xbd][0xef][0xbf][0xbd]WW[0xef][0xbf][0xbd]e[0xef][0xbf][0xbd]4[0xef][0xbf][0xbd]uB[0xef][0xbf][0xbd]i[0xc][0xef][0xbf][0xbd][0x5][0xef][0xbf][0xbd][0xef][0xbf][0xbd],[0xef][0xbf][0xbd]>[0x2][0x17][0xef][0xbf][0xbd][0xdf][0xb8][0xef][0xbf][0xbd]h5A[0xef][0xbf][0xbd][0xef][0xbf][0xbd][0xef][0xbf][0xbd];[0xef][0xbf][0xbd][0x1f][0xef][0xbf][0xbd]h[0xef][0xbf][0xbd][0xef][0xbf][0xbd]j[0x13][0x1][0x1]<[0xef][0xbf][0xbd][0xef][0xbf][0xbd]n![0x3]}[0xef][0xbf][0xbd][\n]"
07:56:30.744 [main] DEBUG org.apache.http.wire -  >> "C[0xc2][0x81][0xef][0xbf][0xbd]-[0xef][0xbf][0xbd][0xef][0xbf][0xbd][0xef][0xbf][0xbd]J[0xef][0xbf][0xbd][0xef][0xbf][0xbd][0xef][0xbf][0xbd]FY[0xef][0xbf][0xbd][0x2][0xef][0xbf][0xbd]Z^f[0xef][0xbf][0xbd][0xc4][0x92][0xdd][0xa6][0xef][0xbf][0xbd][0x11]3[0xef][0xbf][0xbd][0xc7][0xaf][0xda][0x89][0xef][0xbf][0xbd][0xef][0xbf][0xbd][0xef][0xbf][0xbd][0xef][0xbf][0xbd][0xef][0xbf][0xbd] 4_r,[0xef][0xbf][0xbd]A"[0xef][0xbf][0xbd][0xeb][0x91][0xa1][0xef][0xbf][0xbd]x[H.[0xef][0xbf][0xbd][0xda][0xba]a[0xef][0xbf][0xbd][0xef][0xbf][0xbd]u[0xef][0xbf][0xbd][0xef][0xbf][0xbd][0xef][0xbf][0xbd][0x9][0xef][0xbf][0xbd][0x14][0xef][0xbf][0xbd][0x9][0xc8][0xa2]h[0xef][0xbf][0xbd][0xef][0xbf][0xbd][0xef][0xbf][0xbd]U[0x5][0xef][0xbf][0xbd][0xef][0xbf][0xbd][0x13][0x17]J[0x9][\n]"
07:56:30.744 [main] DEBUG org.apache.http.wire -  >> "@[0x11][0xef][0xbf][0xbd]`[0x15]([0xef][0xbf][0xbd][0xef][0xbf][0xbd]`[0xef][0xbf][0xbd]a*-[0xef][0xbf][0xbd][0xef][0xbf][0xbd][0xef][0xbf][0xbd][0xef][0xbf][0xbd][0xef][0xbf][0xbd]8[0x1b][0xef][0xbf][0xbd][0xb][0xef][0xbf][0xbd]A[0x8][0xef][0xbf][0xbd]y[[0xef][0xbf][0xbd][0xef][0xbf][0xbd][0xef][0xbf][0xbd][0xef][0xbf][0xbd][0xef][0xbf][0xbd]c[0xef][0xbf][0xbd][0xef][0xbf][0xbd][0x1f][0xef][0xbf][0xbd][\n]"
07:56:30.744 [main] DEBUG org.apache.http.wire -  >> "G[0xef][0xbf][0xbd]([0xef][0xbf][0xbd]m[0xef][0xbf][0xbd]5?[0xef][0xbf][0xbd][0xef][0xbf][0xbd]p[0xef][0xbf][0xbd][0xef][0xbf][0xbd][0xef][0xbf][0xbd][0x1][0xef][0xbf][0xbd][0xef][0xbf][0xbd][\r][0xef][0xbf][0xbd][0xdb][0xa2][0xef][0xbf][0xbd][0x14]=[0xef][0xbf][0xbd]K[0xef][0xbf][0xbd][0xef][0xbf][0xbd][0xeb][0xa8][0xbf]y[0x1d][0xef][0xbf][0xbd]/[0xef][0xbf][0xbd]M[0x12][0xef][0xbf][0xbd]N5[\r]iy[0xe1][0x8e][0xa0]K[0xcd][0xb8]v[\n]"
07:56:30.744 [main] DEBUG org.apache.http.wire -  >> "[0xef][0xbf][0xbd]L[0x4].,[0x9]-[0xef][0xbf][0xbd]j[0xef][0xbf][0xbd][0xd6][0xac][0xef][0xbf][0xbd][0x4]O[0xef][0xbf][0xbd][0xef][0xbf][0xbd][0x7][0xef][0xbf][0xbd][0x1d][0xef][0xbf][0xbd]m) [0xef][0xbf][0xbd]z[0xef][0xbf][0xbd]([0x2][0xef][0xbf][0xbd]d"[0xef][0xbf][0xbd][0xef][0xbf][0xbd]L,[0x1c]c{X[0xef][0xbf][0xbd]hp[0xd5][0x85][0xef][0xbf][0xbd][0xef][0xbf][0xbd]q[0xef][0xbf][0xbd]fBcd[0xef][0xbf][0xbd][0x4][0xef][0xbf][0xbd][0xef][0xbf][0xbd][0x7]v[0xef][0xbf][0xbd]>N[0x17][0xef][0xbf][0xbd]A[0xef][0xbf][0xbd]Vk[0xef][0xbf][0xbd]$[0x1]c[0xef][0xbf][0xbd][0xef][0xbf][0xbd][0xef][0xbf][0xbd]j[0x19][0x2]N[0x1][0xef][0xbf][0xbd][0xef][0xbf][0xbd][0xef][0xbf][0xbd]cO[0xef][0xbf][0xbd]JUNv[0x1]*[0xef][0xbf][0xbd][0xef][0xbf][0xbd][0xef][0xbf][0xbd][0xef][0xbf][0xbd]}[0x14]h[0x11]*[0xef][0xbf][0xbd][0x7][0xef][0xbf][0xbd][0xef][0xbf][0xbd]y[0xef][0xbf][0xbd],[0xef][0xbf][0xbd][0x4][0xef][0xbf][0xbd]r[0xef][0xbf][0xbd][0xb][0xef][0xbf][0xbd][0xef][0xbf][0xbd]}[0xef][0xbf][0xbd]ml[0xef][0xbf][0xbd]`[0x1e][0xd8][0xb9][0x1e][0xef][0xbf][0xbd][0x17][0xef][0xbf][0xbd][0xef][0xbf][0xbd][0xef][0xbf][0xbd]l/[0x8][0xef][0xbf][0xbd][0xef][0xbf][0xbd][0xef][0xbf][0xbd]r[0x1b]3]][0xef][0xbf][0xbd][0xef][0xbf][0xbd]<[0x1a][0xef][0xbf][0xbd];[0xef][0xbf][0xbd]1Z[0x1b][0xef][0xbf][0xbd][0xef][0xbf][0xbd][0xef][0xbf][0xbd][0xef][0xbf][0xbd][0xef][0xbf][0xbd]1[0xef][0xbf][0xbd][0xef][0xbf][0xbd]`[0x1b][0xef][0xbf][0xbd]S[0xd8][0xa9][0xef][0xbf][0xbd])[0xef][0xbf][0xbd][0xef][0xbf][0xbd]A|7"U[0xef][0xbf][0xbd][0xef][0xbf][0xbd][0xef][0xbf][0xbd]j [0xef][0xbf][0xbd]0?[0xef][0xbf][0xbd][0xef][0xbf][0xbd][0xef][0xbf][0xbd](0[0xef][0xbf][0xbd][0xef][0xbf][0xbd][0xef][0xbf][0xbd][0xef][0xbf][0xbd](c[0xef][0xbf][0xbd][0xef][0xbf][0xbd]?[0xef][0xbf][0xbd][0xef][0xbf][0xbd][0x13][0xef][0xbf][0xbd][0xef][0xbf][0xbd][0xef][0xbf][0xbd][0xef][0xbf][0xbd]2[0xef][0xbf][0xbd][0xef][0xbf][0xbd][0xef][0xbf][0xbd][0xef][0xbf][0xbd][0xef][0xbf][0xbd]h[0xef][0xbf][0xbd][0xef][0xbf][0xbd][0xef][0xbf][0xbd][0xef][0xbf][0xbd]Ca[0xef][0xbf][0xbd][0x18]c[0x2]w[0xdb][0x8d][0xef][0xbf][0xbd],[0x6]2[0x7]6[0xef][0xbf][0xbd][0xef][0xbf][0xbd][0xef][0xbf][0xbd]9s[0xef][0xbf][0xbd][0xef][0xbf][0xbd]?[0xef][0xbf][0xbd]Nz=g[0xef][0xbf][0xbd][0x17][0xef][0xbf][0xbd][0xd3][0x96][0xef][0xbf][0xbd][0xef][0xbf][0xbd][0xef][0xbf][0xbd]7[0xef][0xbf][0xbd][0xdd][0x9d][0xef][0xbf][0xbd]q[0xef][0xbf][0xbd]e[0xef][0xbf][0xbd]}Dh[0xef][0xbf][0xbd][0xef][0xbf][0xbd]>[0xef][0xbf][0xbd]y{5b{[0xc5][0xac]'[0x4][0xef][0xbf][0xbd]]g[0xd8][0x96]vw[0xef][0xbf][0xbd][0x4][0xef][0xbf][0xbd][0xef][0xbf][0xbd][0xef][0xbf][0xbd]D[0xef][0xbf][0xbd]bI[0xef][0xbf][0xbd][0xef][0xbf][0xbd][0xb]4w[0xef][0xbf][0xbd][0xef][0xbf][0xbd][0x14]*Qd[0x1][0xef][0xbf][0xbd][0xef][0xbf][0xbd][0xef][0xbf][0xbd][0xef][0xbf][0xbd][0xef][0xbf][0xbd]Q`C+n[0xef][0xbf][0xbd](a[0xef][0xbf][0xbd][0xef][0xbf][0xbd][0xef][0xbf][0xbd][0x14]x[0xef][0xbf][0xbd][0xef][0xbf][0xbd][0xef][0xbf][0xbd]hi[0xef][0xbf][0xbd][0xef][0xbf][0xbd][0x15]B75[0xef][0xbf][0xbd]h[0x19]TBu[0xef][0xbf][0xbd]b"[0xef][0xbf][0xbd][0xe][0xef][0xbf][0xbd][0xef][0xbf][0xbd][0xef][0xbf][0xbd][0xef][0xbf][0xbd][0xef][0xbf][0xbd]$S+[0xc][0x2][0xef][0xbf][0xbd];d[0x12][0xef][0xbf][0xbd][0xef][0xbf][0xbd][0xef][0xbf][0xbd][0xca][0x80][0xef][0xbf][0xbd]=[0xef][0xbf][0xbd][0xef][0xbf][0xbd][0xef][0xbf][0xbd]G[0xef][0xbf][0xbd]T[0xef][0xbf][0xbd]d[0x19][0xef][0xbf][0xbd]\[0x6][0xef][0xbf][0xbd][\n]"
07:56:30.744 [main] DEBUG org.apache.http.wire -  >> "u[0x1a][0xef][0xbf][0xbd]R[0xef][0xbf][0xbd][0xef][0xbf][0xbd]s[0xef][0xbf][0xbd][0xef][0xbf][0xbd][0xef][0xbf][0xbd][0xf][0x7]>d[0xef][0xbf][0xbd][0xef][0xbf][0xbd]z[0xef][0xbf][0xbd][0x12][0xef][0xbf][0xbd][0xef][0xbf][0xbd]D[[0xf]I[0xef][0xbf][0xbd]g[0xef][0xbf][0xbd][0xef][0xbf][0xbd][0x1e]%H[0xef][0xbf][0xbd][0xef][0xbf][0xbd][0xe][0x1b]W[0xef][0xbf][0xbd]i[0xef][0xbf][0xbd][0xef][0xbf][0xbd][0x0]%[0xdc][0x97]V[0xef][0xbf][0xbd][0x10][0xef][0xbf][0xbd][0xef][0xbf][0xbd]}]fC[0xef][0xbf][0xbd][0xef][0xbf][0xbd][0x5]?U[0xef][0xbf][0xbd]c;[0xef][0xbf][0xbd]U[;[0xef][0xbf][0xbd][0x6][0xef][0xbf][0xbd][0xef][0xbf][0xbd][0xef][0xbf][0xbd][0xef][0xbf][0xbd][0xe6][0x85][0x9b]L[0xef][0xbf][0xbd]Q[0xef][0xbf][0xbd]3[0xef][0xbf][0xbd][0x8][0xef][0xbf][0xbd][0xef][0xbf][0xbd][0x3][0xef][0xbf][0xbd][0xef][0xbf][0xbd][0xe][0xef][0xbf][0xbd]v[0xef][0xbf][0xbd] <:[0xef][0xbf][0xbd]2[0xef][0xbf][0xbd][0x18][0xef][0xbf][0xbd]7(Wb[0xef][0xbf][0xbd][0xef][0xbf][0xbd][0xef][0xbf][0xbd][0xef][0xbf][0xbd][0xef][0xbf][0xbd]<[0xef][0xbf][0xbd]o[0xef][0xbf][0xbd][0xef][0xbf][0xbd][0xef][0xbf][0xbd]}[0xcb][0x92][0xef][0xbf][0xbd][0x13][0xef][0xbf][0xbd]v%[0xef][0xbf][0xbd][0xef][0xbf][0xbd]D[0x0][0x5]&[0xef][0xbf][0xbd][0xef][0xbf][0xbd]L[0xef][0xbf][0xbd][0x1c]@e[0xef][0xbf][0xbd][0xe3][0xb1][0x8f][0x6]w[0xef][0xbf][0xbd][0xef][0xbf][0xbd]Y[0xce][0xbf][0xef][0xbf][0xbd][0xef][0xbf][0xbd]9[0xef][0xbf][0xbd][0x14][0x8][0xef][0xbf][0xbd]Z[0xef][0xbf][0xbd][0xef][0xbf][0xbd][0xc5][0x83]ZV[0xcd][0x9d]h6v&)[0x1][0xef][0xbf][0xbd][0xcf][0x98][0xef][0xbf][0xbd][0xd1][0xa2]#<[0xef][0xbf][0xbd]+[0x17][0x1],[0xef][0xbf][0xbd][0x16]-~[0x6][0xef][0xbf][0xbd][0xef][0xbf][0xbd][0xef][0xbf][0xbd]o[0xef][0xbf][0xbd][0xf]I[0xb][0xef][0xbf][0xbd]>[0x2]t[0xef][0xbf][0xbd][0xef][0xbf][0xbd]?[0x13]o\[0x7][0xef][0xbf][0xbd][0x1]/F[0xef][0xbf][0xbd][0xef][0xbf][0xbd][q'[0xef][0xbf][0xbd][0xef][0xbf][0xbd][0xef][0xbf][0xbd]{[0xef][0xbf][0xbd][0x1f][0xef][0xbf][0xbd]bF[0xef][0xbf][0xbd][0xef][0xbf][0xbd][0xc][0xb]u[0xb]r[0xef][0xbf][0xbd]{[0xef][0xbf][0xbd].[0xef][0xbf][0xbd][0xef][0xbf][0xbd][0x14][0xef][0xbf][0xbd][0xe0][0xbf][0xae][0xef][0xbf][0xbd]U[\r][0xef][0xbf][0xbd]][0xef][0xbf][0xbd][0xef][0xbf][0xbd]|@[0xef][0xbf][0xbd][0xef][0xbf][0xbd][0x1b][0xef][0xbf][0xbd][0x8][0xef][0xbf][0xbd][0xef][0xbf][0xbd]Lt[0x13]c`[0xef][0xbf][0xbd][0xef][0xbf][0xbd]N`RKX[0xef][0xbf][0xbd][0x0][0x17]a[0x1][0xef][0xbf][0xbd][0xef][0xbf][0xbd]R)[0xef][0xbf][0xbd][0xef][0xbf][0xbd][0x0]/[0x8][0xef][0xbf][0xbd][0xef][0xbf][0xbd]1[0xef][0xbf][0xbd]u[0x18]t[0xb]Q[0xef][0xbf][0xbd]w[0x6][0xef][0xbf][0xbd][0xef][0xbf][0xbd][\r][0xef][0xbf][0xbd][0xef][0xbf][0xbd]v[0xef][0xbf][0xbd][0xef][0xbf][0xbd][0xef][0xbf][0xbd][0xef][0xbf][0xbd]t[0xd9][0xa1][0xef][0xbf][0xbd][0xef][0xbf][0xbd][0x10][0x5]a[0xc5][0x9d][0xef][0xbf][0xbd][0x16]De'#$[0x9]F[0xef][0xbf][0xbd][0xef][0xbf][0xbd][0x4]Y3[0x1f][0x19]j[0xef][0xbf][0xbd][0x14][0xef][0xbf][0xbd]b[0xef][0xbf][0xbd]x[0xef][0xbf][0xbd][0xef][0xbf][0xbd]i[0xef][0xbf][0xbd][0xef][0xbf][0xbd][0xef][0xbf][0xbd][0xef][0xbf][0xbd]1Z[0xef][0xbf][0xbd][0xef][0xbf][0xbd]{S[0xef][0xbf][0xbd][0xe][0xef][0xbf][0xbd][0xef][0xbf][0xbd]8[0xef]"
07:56:30.744 [main] DEBUG org.apache.http.wire -  >> "[0xbf][0xbd][0x10][0xef][0xbf][0xbd]Ld![0xef][0xbf][0xbd][0xc2][0x9d][0xef][0xbf][0xbd]jL[0xef][0xbf][0xbd][0xef][0xbf][0xbd][0x0][0x8][0xef][0xbf][0xbd][0xef][0xbf][0xbd][0xef][0xbf][0xbd][0xef][0xbf][0xbd]qR[0x18][0xef][0xbf][0xbd][0x6][0x1a][0xd2][0xa5][0xef][0xbf][0xbd]g[0xef][0xbf][0xbd]3i[0xef][0xbf][0xbd][0xc7][0x98][0xef][0xbf][0xbd]J[0xef][0xbf][0xbd][0xef][0xbf][0xbd]i[0xef][0xbf][0xbd][0x15]g[0xef][0xbf][0xbd][0xb]F[0x7]q[0xef][0xbf][0xbd][0xef][0xbf][0xbd][0xef][0xbf][0xbd]#@![0x1][0xef][0xbf][0xbd][0xef][0xbf][0xbd][0x13][0xef][0xbf][0xbd][0xef][0xbf][0xbd]oT[0xef][0xbf][0xbd][0xef][0xbf][0xbd][0xef][0xbf][0xbd][0xef][0xbf][0xbd][0xef][0xbf][0xbd][0x12]9[0xef][0xbf][0xbd]9o[0xda][0x83]q[0xef][0xbf][0xbd]kz[0x1f]R/[0xef][0xbf][0xbd]_"[0xef][0xbf][0xbd][0x11]x+3[0xef][0xbf][0xbd]r[0x8]S[0x1][0xef][0xbf][0xbd][0xef][0xbf][0xbd][0xef][0xbf][0xbd][0xe9][0xbd][0x9b][0xef][0xbf][0xbd][0xcb][0xb1][0xef][0xbf][0xbd][0xef][0xbf][0xbd][0x12][0xef][0xbf][0xbd]=[0xef][0xbf][0xbd][0xef][0xbf][0xbd][0xef][0xbf][0xbd][0xef][0xbf][0xbd]B[0xef][0xbf][0xbd][0xef][0xbf][0xbd][0x0][0xef][0xbf][0xbd][0xef][0xbf][0xbd][0x18][0x12][0xef][0xbf][0xbd]C[0xef][0xbf][0xbd]Ac[0xef][0xbf][0xbd]Uv[0xef][0xbf][0xbd][0xf]m[0xef][0xbf][0xbd][0xef][0xbf][0xbd][0xdb][0xbe][0xef][0xbf][0xbd][0xef][0xbf][0xbd]_[0xef][0xbf][0xbd][0x1f][0xef][0xbf][0xbd][0x16][0xef][0xbf][0xbd]=[0xef][0xbf][0xbd]4[0xef][0xbf][0xbd]0[0xef][0xbf][0xbd][0xef][0xbf][0xbd][0xef][0xbf][0xbd]I[0xef][0xbf][0xbd]{[0xef][0xbf][0xbd][0xef][0xbf][0xbd]W[0xef][0xbf][0xbd]b[0xef][0xbf][0xbd][0x18][0xef][0xbf][0xbd][0xef][0xbf][0xbd][\n]"
07:56:30.744 [main] DEBUG org.apache.http.wire -  >> "[0xef][0xbf][0xbd][0xef][0xbf][0xbd][0xef][0xbf][0xbd][0xef][0xbf][0xbd]txH[0xef][0xbf][0xbd][0x13]yG[0xef][0xbf][0xbd][0xef][0xbf][0xbd][0x2][0x14][\n]"
07:56:30.744 [main] DEBUG org.apache.http.wire -  >> "[0xef][0xbf][0xbd][0xef][0xbf][0xbd]i[0xb]z[0xef][0xbf][0xbd][0x1b][0xca][0xa0][0xef][0xbf][0xbd][0xef][0xbf][0xbd][0x17][0xef][0xbf][0xbd]~[0xef][0xbf][0xbd]f[0xef][0xbf][0xbd][0x1c][0xef][0xbf][0xbd][0x1][0x5][0xef][0xbf][0xbd][0xef][0xbf][0xbd]p*[0xef][0xbf][0xbd][0xef][0xbf][0xbd]^[0x2][0x17][0xef][0xbf][0xbd]l[0xef][0x98][0xb8][0xef][0xbf][0xbd]J[0xef][0xbf][0xbd][0x10][0xef][0xbf][0xbd]C[0x10][0xef][0xbf][0xbd]3z[0xef][0xbf][0xbd][\n]"
07:56:30.744 [main] DEBUG org.apache.http.wire -  >> "f[0xef][0xbf][0xbd]Z<[0xef][0xbf][0xbd][0xef][0xbf][0xbd][0xef][0xbf][0xbd][0x6][0xeb][0xb4][0xb5][0xef][0xbf][0xbd][0x12][0xef][0xbf][0xbd]J[0xef][0xbf][0xbd][0xef][0xbf][0xbd]t[0x11]Z'[0x0]4X[\n]"
07:56:30.745 [main] DEBUG org.apache.http.wire -  >> "[0xef][0xbf][0xbd][0xef][0xbf][0xbd][0xef][0xbf][0xbd][0xef][0xbf][0xbd]Z[0xef][0xbf][0xbd]_Z-[0x4][0x9][0xef][0xbf][0xbd][0x17]6j[0xef][0xbf][0xbd][0xef][0xbf][0xbd]IW[0x1d][0xc3][0x85][0xef][0xbf][0xbd][0xef][0xbf][0xbd][0xef][0xbf][0xbd][0xef][0xbf][0xbd][0x9]*.[0xef][0xbf][0xbd][0xef][0xbf][0xbd]4(k[0xef][0xbf][0xbd]h[0xef][0xbf][0xbd][0x5][0x3][0x19]b[0xef][0xbf][0xbd][0x17][0xef][0xbf][0xbd]F[S[0x6][0xef][0xbf][0xbd][0xef][0xbf][0xbd][0xef][0xbf][0xbd]B[0xef][0xbf][0xbd][0xef][0xbf][0xbd][0xef][0xbf][0xbd][0xef][0xbf][0xbd]6[0xef][0xbf][0xbd][0x6]*66[0xef][0xbf][0xbd][0x1f]Q[0xef][0xbf][0xbd][0xef][0xbf][0xbd][0xd7][0xa9]D[0xef][0xbf][0xbd][0xef][0xbf][0xbd]'RE[0xef][0xbf][0xbd]au9\[0xc8][0x8e]v[0x7][0x11]{>^^[0xef][0xbf][0xbd][0xef][0xbf][0xbd]"[0xef][0xbf][0xbd]{~[0x7]hH[0xef][0xbf][0xbd][0xef][0xbf][0xbd]P[0x10][0x7][0xef][0xbf][0xbd][0xef][0xbf][0xbd]<:[0xef][0xbf][0xbd]S#[0xef][0xbf][0xbd][0xef][0xbf][0xbd]Un[0xef][0xbf][0xbd][0x3]'Gt[\n]"
07:56:30.745 [main] DEBUG org.apache.http.wire -  >> "~}[0x1f][\n]"
07:56:30.745 [main] DEBUG org.apache.http.wire -  >> "[0xef][0xbf][0xbd][0xd1][0xb8][0xef][0xbf][0xbd]p8f~)l5[0xc][0xef][0xbf][0xbd][0xef][0xbf][0xbd][0xd2][0x93]=[0xef][0xbf][0xbd][0x8][0xe][0x13][0xcd][0xa3][0xef][0xbf][0xbd]$U[0x16][0x1c]vn[0xef][0xbf][0xbd][0x1f][0xef][0xbf][0xbd][0xef][0xbf][0xbd][0xef][0xbf][0xbd]G[0xef][0xbf][0xbd],[0xef][0xbf][0xbd][0xef][0xbf][0xbd][0xef][0xbf][0xbd][0x1e]z[0xef][0xbf][0xbd][0xef][0xbf][0xbd]=[0x0]V[0xef][0xbf][0xbd]<[0xc]&[0xef][0xbf][0xbd]_j[\n]"
07:56:30.745 [main] DEBUG org.apache.http.wire -  >> "[0x5][0xef][0xbf][0xbd]U[0xde][0x95]~[0xef][0xbf][0xbd][0x7]9[0xef][0xbf][0xbd][0xef][0xbf][0xbd]L+[0xef][0xbf][0xbd][0xef][0xbf][0xbd])[0xef][0xbf][0xbd]/[0xef][0xbf][0xbd][0xef][0xbf][0xbd][0xef][0xbf][0xbd]_[0xef][0xbf][0xbd][0xef][0xbf][0xbd][0xef][0xbf][0xbd][0xef][0xbf][0xbd][0xef][0xbf][0xbd]P?F[0xef][0xbf][0xbd][0x9]H[0xef][0xbf][0xbd]~[0xef][0xbf][0xbd]h[\n]"
07:56:30.745 [main] DEBUG org.apache.http.wire -  >> "[0x1a]r[0xef][0xbf][0xbd][0x10][0xef][0xbf][0xbd][\n]"
07:56:30.745 [main] DEBUG org.apache.http.wire -  >> "[0xef][0xbf][0xbd]\[0xef][0xbf][0xbd][0xef][0xbf][0xbd][0xef][0xbf][0xbd][0xef][0xbf][0xbd][\r][0x13][0xef][0xbf][0xbd][0xef][0xbf][0xbd]q[0xef][0xbf][0xbd][0xef][0xbf][0xbd][0xef][0xbf][0xbd][0xef][0xbf][0xbd]gy[0xef][0xbf][0xbd][0x11][0xef][0xbf][0xbd] [0xef][0xbf][0xbd]j[0x9]@[0xef][0xbf][0xbd][0xef][0xbf][0xbd][0xef][0xbf][0xbd]P[0xc4][0x91][0xef][0xbf][0xbd][0x1a]FE[0x16][0xef][0xbf][0xbd]\B&D[0xef][0xbf][0xbd]uO[0xef][0xbf][0xbd][0xef][0xbf][0xbd]Aiu[0x7][\n]"
07:56:30.745 [main] DEBUG org.apache.http.wire -  >> "E[0xef][0xbf][0xbd][\n]"
07:56:30.745 [main] DEBUG org.apache.http.wire -  >> "[0xef][0xbf][0xbd][0xef][0xbf][0xbd][0xd4][0xb0][X[0x19][0xef][0xbf][0xbd][0xdd][0x98][0xd6][0x82][0xef][0xbf][0xbd][0xef][0xbf][0xbd]u[0x2][0xef][0xbf][0xbd][0xef][0xbf][0xbd][\r][0x7][0x16][0xef][0xbf][0xbd]~{[0x3]z[0xef][0xbf][0xbd][0xef][0xbf][0xbd]lB[0xef][0xbf][0xbd][0xef][0xbf][0xbd]p[0x13]`V[0xef][0xbf][0xbd]k[0xef][0xbf][0xbd][0xef][0xbf][0xbd][0xef][0xbf][0xbd]E[0xb][0xef][0xbf][0xbd]P[0xef][0xbf][0xbd][0xef][0xbf][0xbd][0xcc][0xb5][0xef][0xbf][0xbd][0xef][0xbf][0xbd][0xe]7[0x0][0xb][0xef][0xbf][0xbd]G[0xc][0xef][0xbf][0xbd][0xe9][0x95][0xb8][0xd0][0xad][0x4][0xef][0xbf][0xbd]m(8[0xef][0xbf][0xbd][0xe][0x1e]@yW[0xef][0xbf][0xbd]d[0xef][0xbf][0xbd]o=kP+bJ{[0xef][0xbf][0xbd][0xef][0xbf][0xbd][0xef][0xbf][0xbd]qj[0xef][0xbf][0xbd][0xef][0xbf][0xbd]EEr[0xef][0xbf][0xbd][0xef][0xbf][0xbd]A+[0xef][0xbf][0xbd]96[0xef][0xbf][0xbd]I[0xef][0xbf][0xbd][0xef][0xbf][0xbd][0xc]`[0x6]J~[0xef][0xbf][0xbd][0xef][0xbf][0xbd][0xef][0xbf][0xbd][0xef][0xbf][0xbd]M[0xef][0xbf][0xbd];4)tZ_[0xef][0xbf][0xbd][0xef][0xbf][0xbd][0xef][0xbf][0xbd][0xef][0xbf][0xbd]6[0xef][0xbf][0xbd]1[0xef][0xbf][0xbd][0xd5][0xb7][0x1b]D[\n]"
07:56:30.745 [main] DEBUG org.apache.http.wire -  >> "v[0xef][0xbf][0xbd]xrC~[0xef][0xbf][0xbd][0xca][0xa5][0x15][0xef][0xbf][0xbd]X[0xef][0xbf][0xbd]-?[0xef][0xbf][0xbd][0xef][0xbf][0xbd][0xef][0xbf][0xbd]A.[0xef][0xbf][0xbd][0x2]Pk(2u[0xef][0xbf][0xbd][0xef][0xbf][0xbd]p9[0xef][0xbf][0xbd]S/[0xd8][0x90][0xef][0xbf][0xbd]g[0x1a][0xef][0xbf][0xbd][0x11]H9Z[0xef][0xbf][0xbd]2[0x0]>[0xef][0xbf][0xbd]2[0x14]1z[0xef][0xbf][0xbd]Q%[0xef][0xbf][0xbd][0xef][0xbf][0xbd]2_o[0x15][0xef][0xbf][0xbd]P[0xef][0xbf][0xbd]1fhC[0x10][0xef][0xbf][0xbd][0xef][0xbf][0xbd]w{[0xef][0xbf][0xbd][0xef][0xbf][0xbd][0xef][0xbf][0xbd][0xef][0xbf][0xbd][0xef][0xbf][0xbd][0xef][0xbf][0xbd][0x5]dO!}[0xef][0xbf][0xbd]/}[0xef][0xbf][0xbd][0xef][0xbf][0xbd][0xef][0xbf][0xbd][0xef][0xbf][0xbd]|[0xef][0xbf][0xbd]:[0xef][0xbf][0xbd]_[0xef][0xbf][0xbd]*[0xef][0xbf][0xbd][0xef][0xbf][0xbd][0xef][0xbf][0xbd][0xef][0xbf][0xbd][0xef][0xbf][0xbd][0xef][0xbf][0xbd][0xd4][0xad][0xef][0xbf][0xbd][0x1c][0x10]c[0xef][0xbf][0xbd][0xb][0xef][0xbf][0xbd][0xef][0xbf][0xbd][0xef][0xbf][0xbd]>f[0xef][0xbf][0xbd]+[0xef][0xbf][0xbd][0x0][0xef][0xbf][0xbd]E[0xef][0xbf][0xbd][0xef][0xbf][0xbd]m[0xef][0xbf][0xbd][0xef][0xbf][0xbd]r[0xef][0xbf][0xbd][0x6]S @p[0xef][0xbf][0xbd][0xef][0xbf][0xbd]K[0xef][0xbf][0xbd][0xef][0xbf][0xbd]R[0xef][0xbf][0xbd]0[0xef][0xbf][0xbd][\n]"
07:56:30.745 [main] DEBUG org.apache.http.wire -  >> "p[0xef][0xbf][0xbd][0x15]![0xef][0xbf][0xbd][0xef][0xbf][0xbd]F[0x19][0xef][0xbf][0xbd]e[0x0][0xef][0xbf][0xbd][0xef][0xbf][0xbd]~[0x8][0xef][0xbf][0xbd]h[0xef][0xbf][0xbd][0x10]26[0xef][0xbf][0xbd][0x1f][0xef][0xbf][0xbd][0xef][0xbf][0xbd]QX[0xef][0xbf][0xbd]U[0xef][0xbf][0xbd]p[0xef][0xbf][0xbd]cqS[0xef][0xbf][0xbd]T=[0xef][0xbf][0xbd]/[0xef][0xbf][0xbd][0x12]bj [0xef][0xbf][0xbd][0xef][0xbf][0xbd][0x0][0x0][0xef][0xbf][0xbd][0xc][0xef][0xbf][0xbd][0x12]%=+[0xef][0xbf][0xbd][0xef][0xbf][0xbd]U[0xef][0xbf][0xbd]*[0xef][0xbf][0xbd]G[0xef][0xbf][0xbd][0x14][0x13][0x0][0xef][0xbf][0xbd][0xef][0xbf][0xbd]C[0xef][0xbf][0xbd][0x6][0xef][0xbf][0xbd].[0x1][0xef][0xbf][0xbd]FJ[0xef][0xbf][0xbd][0xef][0xbf][0xbd][0xef][0xbf][0xbd][\r]w[0x1e][0xef][0xbf][0xbd]2[0xef][0xbf][0xbd][0x4]k[0xef][0xbf][0xbd][0x9]a[0xef][0xbf][0xbd][0xf]_[0xef][0xbf][0xbd][0x8]s[0xef][0xbf][0xbd][0xef][0xbf][0xbd][0xef][0xbf][0xbd]X+j[0xef][0xbf][0xbd][0xef][0xbf][0xbd][0xef][0xbf][0xbd][0xef][0xbf][0xbd]q[0xef][0xbf][0xbd]t[0x3]{[0xef][0xbf][0xbd]3[0xef][0xbf][0xbd][0x0])[0xf]3[0xc][0x2][0x19][0xef][0xbf][0xbd]:[0xef][0xbf][0xbd][0xb]`E[0xef][0xbf][0xbd]=b:[0xef][0xbf][0xbd]_[0xef][0xbf][0xbd]eT[0xc2][0xb4][0xef][0xbf][0xbd]a&[0xef][0xbf][0xbd][0xef][0xbf][0xbd][0xef][0xbf][0xbd][0xef][0xbf][0xbd]5[0xef][0xbf][0xbd]q[0xef][0xbf][0xbd][0xef][0xbf][0xbd]4F[0xef][0xbf][0xbd]x8[0xef][0xbf][0xbd][0xef][0xbf][0xbd][0xef][0xbf][0xbd][0xef][0xbf][0xbd][0xef][0xbf][0xbd][\r][0xef][0xbf][0xbd]7[0xef][0xbf][0xbd]0Q5n[0xb][0x15][0xef][0xbf][0xbd][0xef][0xbf][0xbd][0xef][0xbf][0xbd][0xef][0xbf][0xbd][0xef][0xbf][0xbd][0xef][0xbf][0xbd][0xef][0xbf][0xbd][0xc3][0x9e][0xef][0xbf][0xbd]d[0xef][0xbf][0xbd][0xef][0xbf][0xbd][0xdd][0x98][0xe6][0xbd][0x90]]yPe[0xe][0xef][0xbf][0xbd][0x10][0xef][0xbf][0xbd]d[0x1c]d[0xef][0xbf][0xbd]Qy([0xef][0xbf][0xbd][0xef][0xbf][0xbd][0x1a][0xef][0xbf][0xbd]@S[0xef][0xbf][0xbd][0x8][0xef][0xbf][0xbd][0xdd][0xae][0xef][0xbf][0xbd]c[0xef][0xbf][0xbd][0x1d]1N[0xef][0xbf][0xbd]i[0xef][0xbf][0xbd]vq[0xf][0xef][0xbf][0xbd]\*k[0xef][0xbf][0xbd]k[0x1e][0xef][0xbf][0xbd][0xef][0xbf][0xbd][0xef][0xbf][0xbd][0xef][0xbf][0xbd][0xef][0xbf][0xbd][0xef][0xbf][0xbd]X,[0xef][0xbf][0xbd][0xef][0xbf][0xbd][0xef][0xbf][0xbd][0xef][0xbf][0xbd]o[0xef][0xbf][0xbd][0xda][0xbf][0xef][0xbf][0xbd][0xef][0xbf][0xbd]#[0xef][0xbf][0xbd]r->E[0xef][0xbf][0xbd][0xef][0xbf][0xbd][0xef][0xbf][0xbd][0xef][0xbf][0xbd]?[0xef][0xbf][0xbd][0xef][0xbf][0xbd][0xef][0xbf][0xbd][0x1b][0xef][0xbf][0xbd]q~[0x4][0xef][0xbf][0xbd][0xef][0xbf][0xbd][0xd2][0xa5]g[0xc7][0xb7][0x14][0xef][0xbf][0xbd]%[0x1c]{M[0xef][0xbf][0xbd][0x3][0xef][0xbf][0xbd][0xef][0xbf][0xbd]&\F[0xef][0xbf][0xbd]cr[0xef][0xbf][0xbd]IU[0xef][0xbf][0xbd][0xdf][0xb5]v[0xef][0xbf][0xbd][0xef][0xbf][0xbd][\n]"
07:56:30.745 [main] DEBUG org.apache.http.wire -  >> "[0xef][0xbf][0xbd][0xef][0xbf][0xbd][0xc2][0x9a][0xef][0xbf][0xbd]Y[0xef][0xbf][0xbd][0xef][0xbf][0xbd][0xef][0xbf][0xbd]E[0xef][0xbf][0xbd]t)'[0xef][0xbf][0xbd][0xef][0xbf][0xbd][0xef][0xbf][0xbd][0xef][0xbf][0xbd][0xef][0xbf][0xbd]X[0xef][0xbf][0xbd]C[0xef][0xbf][0xbd]+[0xef][0xbf][0xbd]954[0xef][0xbf][0xbd][0xef][0xbf][0xbd][0xcd][0x86]6`[0xef][0xbf][0xbd][0xef][0xbf][0xbd][0xef][0xbf][0xbd]:k[0xce][0xbd][0xef][0xbf][0xbd]j[0xef][0xbf][0xbd][0xef][0xbf][0xbd]!I[0xef][0xbf][0xbd]Tk[0xef][0xbf][0xbd][0xef][0xbf][0xbd][0x8]F[0xef][0xbf][0xbd][0x2]3j[0xef][0xbf][0xbd]>W=[0x2]<[0xef][0xbf][0xbd][0xef][0xbf][0xbd][0xc8][0x82][0xef][0xbf][0xbd]8[0xef][0xbf][0xbd][0xef][0xbf][0xbd][0x11][0xef][0xbf][0xbd]#[0xef][0xbf][0xbd]g[0x1]WP[0xef][0xbf][0xbd][0x12][0xef][0xbf][0xbd][0xd2][0xa3][0x1]<[0xc4][0xa0][0xef][0xbf][0xbd][0xef][0xbf][0xbd][0xef][0xbf][0xbd]B[\r][0x1][0xef][0xbf][0xbd][0xef][0xbf][0xbd]&[0x10][0x19]0[0xef][0xbf][0xbd]3[0xb][0xef][0xbf][0xbd][0xef][0xbf][0xbd]6u[0xef][0xbf][0xbd]:[0xef][0xbf][0xbd][0xef][0xbf][0xbd]9\[0xef][0xbf][0xbd]wd(&[0xef][0xbf][0xbd][0xef][0xbf][0xbd][0xef][0xbf][0xbd][0x19][0xef][0xbf][0xbd][0x19][0xef][0xbf][0xbd][0xef][0xbf][0xbd][0xef][0xbf][0xbd]J[0x18]2[0xef][0xbf][0xbd][0xef][0xbf][0xbd][0xef][0xbf][0xbd]s[0xef][0xbf][0xbd][0xd8][0x8c][0xef][0xbf][0xbd][0xef][0xbf][0xbd][0xe6][0x8e][0x99](_[0xef][0xbf][0xbd][0xef][0xbf][0xbd]3[0xef][0xbf][0xbd][0xef][0xbf][0xbd]F[0xef][0xbf][0xbd][0xef][0xbf][0xbd][0xef][0xbf][0xbd]ai[0xef][0xbf][0xbd]k[0xef][0xbf][0xbd]1[0xef][0xbf][0xbd][0xef][0xbf][0xbd]\[0xef][0xbf][0xbd]sUF;&'[0xef][0xbf][0xbd][0xef][0xbf][0xbd][0x3]A[0xef][0xbf][0xbd][0xef][0xbf][0xbd][0xef][0xbf][0xbd]sVB[0xef][0xbf][0xbd]N1[0xef][0xbf][0xbd][0xef][0xbf][0xbd][0xd2][0x91][0xef][0xbf][0xbd]([0xef][0xbf][0xbd][0xef][0xbf][0xbd][0xef][0xbf][0xbd]J[0xef][0xbf][0xbd][0xeb][0x8f][0xa1]S4[0x12][\n]"
07:56:30.745 [main] DEBUG org.apache.http.wire -  >> "[0xef][0xbf][0xbd]w[0xef][0xbf][0xbd][0x10][0xef][0xbf][0xbd][0xef][0xbf][0xbd][0xef][0xbf][0xbd][0xef][0xbf][0xbd][0xef][0xbf][0xbd]Z[0xef][0xbf][0xbd]([0xef][0xbf][0xbd][0xef][0xbf][0xbd][0xef][0xbf][0xbd]w[0xef][0xbf][0xbd][0xef][0xbf][0xbd][0xef][0xbf][0xbd][\n]"
07:56:30.745 [main] DEBUG org.apache.http.wire -  >> "[0xef][0xbf][0xbd][0x7][0xef][0xbf][0xbd][0xd6][0x8f][0x1b][0xef][0xbf][0xbd].[0xef][0xbf][0xbd][0xef][0xbf][0xbd]w5H/[0x3][0x9][0x1b][0x10];[0xef][0xbf][0xbd][0xef][0xbf][0xbd][0xef][0xbf][0xbd]pY[0xef][0xbf][0xbd]5[0xef][0xbf][0xbd][0xef][0xbf][0xbd][0xef][0xbf][0xbd][0xef][0xbf][0xbd]&[0xef][0xbf][0xbd])[0xef][0xbf][0xbd][0x15][0xef][0xbf][0xbd][0x1]o[0xef][0xbf][0xbd]+[0x3][0xef][0xbf][0xbd],[0xef][0xbf][0xbd]m[0xd9][0x9a][0xef][0xbf][0xbd][0xef][0xbf][0xbd][0xef][0xbf][0xbd][0xef][0xbf][0xbd]K[0xef][0xbf][0xbd]#[0xd2][0xb2][0xc8][0x9e][0x12][0xef][0xbf][0xbd][0xef][0xbf][0xbd][0xef][0xbf][0xbd][0xef][0xbf][0xbd]_[0xef][0xbf][0xbd].[0xcc][0xaf]_[0xef][0xbf][0xbd][0xef][0xbf][0xbd]G[0xef][0xbf][0xbd][0xef][0xbf][0xbd][0xef][0xbf][0xbd][0xef][0xbf][0xbd]4gA[0xef][0xbf][0xbd][0xef][0xbf][0xbd]\Z][0xef][0xbf][0xbd]d[0xef][0xbf][0xbd][0xef][0xbf][0xbd][0x6][0xef][0xbf][0xbd][0xef][0xbf][0xbd]v[0xef][0xbf][0xbd]Y[0xef][0xbf][0xbd][0xef][0xbf][0xbd][0xef][0xbf][0xbd]e[0xef][0xbf][0xbd][0xef][0xbf][0xbd]&:[0x15][0xda][0xa6][0xef][0xbf][0xbd][0xf][0xef][0xbf][0xbd][0xef][0xbf][0xbd][0xef][0xbf][0xbd][0x5]n[0xc]J[0xef][0xbf][0xbd][0xef][0xbf][0xbd]>[0xef][0xbf][0xbd][0xef][0xbf][0xbd]w[0x2]NU[0xef][0xbf][0xbd]B[0xef][0xbf][0xbd]D'[0xef][0xbf][0xbd]Z[0x9];+&p)[0xef][0xbf][0xbd][0x2][0x1d]t[0xef][0xbf][0xbd]X[0xb][0xef][0xbf][0xbd][0xef][0xbf][0xbd][0xef][0xbf][0xbd][0xef][0xbf][0xbd][0xef][0xbf][0xbd][0xc2][0xbb]a[0x2][0x1][0xef][0xbf][0xbd][0xef][0xbf][0xbd][0xcd][0xb1][0xef][0xbf][0xbd]wV-P[0xef][0xbf][0xbd][0x18]~Liv[0xef][0xbf][0xbd]S[\n]"
07:56:30.745 [main] DEBUG org.apache.http.wire -  >> "[0xef][0xbf][0xbd][0xef][0xbf][0xbd][0xef][0xbf][0xbd][0xef][0xbf][0xbd][0xef][0xbf][0xbd]?[\n]"
07:56:30.745 [main] DEBUG org.apache.http.wire -  >> "[0xef][0xbf][0xbd]h[0xef][0xbf][0xbd][0xef][0xbf][0xbd]5<[0xef][0xbf][0xbd]H?[0xef][0xbf][0xbd]#[0xef][0xbf][0xbd][0xef][0xbf][0xbd]E[0x4]P[0x1][0xef][0xbf][0xbd][0xef][0xbf][0xbd][0xef][0xbf][0xbd][0xef][0xbf][0xbd]^RO[0xef][0xbf][0xbd]i[0xef][0xbf][0xbd][0xef][0xbf][0xbd][0xef][0xbf][0xbd]jS`[0xef][0xbf][0xbd][0xef][0xbf][0xbd]]Bw[0x15][0xef][0xbf][0xbd][0xef][0xbf][0xbd][0xef][0xbf][0xbd]M[0xef][0xbf][0xbd]@)[0xef][0xbf][0xbd][0xef][0xbf][0xbd](`[0xef][0xbf][0xbd][0x13]V&[0xef][0xbf][0xbd]i[0x6]y[0xd0][0xbb]9[0xef][0xbf][0xbd][0xef][0xbf][0xbd]jg[0xef][0xbf][0xbd][0xef][0xbf][0xbd][0x6][0xf][0x5][0x1][0xef][0xbf][0xbd][0xef][0xbf][0xbd][0x6][0x1f]})[0xdd][0xa8][0xef][0xbf][0xbd]0[0xcb][0x94]J[0xb][0xef][0xbf][0xbd][0xef][0xbf][0xbd]3[0x1b][0x4]-[0xef][0xbf][0xbd][0xef][0xbf][0xbd][HW[0xef][0xbf][0xbd][0xef][0xbf][0xbd]'[0xef][0xbf][0xbd][0x13]ms[0x11]~[0xef][0xbf][0xbd]+-L[0xef][0xbf][0xbd][0xef][0xbf][0xbd][0x9][0xef][0xbf][0xbd][0x4][[0xef][0xbf][0xbd][0x1c][0xef][0xbf][0xbd][0x1f][0xef][0xbf][0xbd][0xef][0xbf][0xbd][0xef][0xbf][0xbd]E9"[0x4][0x6][0xef][0xbf][0xbd]1[0xef][0xbf][0xbd][\n]"
07:56:30.745 [main] DEBUG org.apache.http.wire -  >> "#[0xc][0x1a][0xef][0xbf][0xbd][0xef][0xbf][0xbd]u[0xef][0xbf][0xbd]%[0xef][0xbf][0xbd][0xef][0xbf][0xbd]?[0xef][0xbf][0xbd][\n]"
07:56:30.745 [main] DEBUG org.apache.http.wire -  >> "`[0x1f][0xdc][0xb7][0xef][0xbf][0xbd][0xef][0xbf][0xbd][0x19][0xef][0xbf][0xbd]ig[0x10][0xef][0xbf][0xbd]l[0xef][0xbf][0xbd]A[0xef][0xbf][0xbd][0x1][0xef][0xbf][0xbd][0xef][0xbf][0xbd][0xdd][0xae]g[0xef][0xbf][0xbd]s[0xce][0xb1],-[0xef][0xbf][0xbd][0x1b][0xef][0xbf][0xbd][0xef][0xbf][0xbd]?[0xef][0xbf][0xbd][0x7][0xef][0xbf][0xbd]m[0xef][0xbf][0xbd][0x11]iYd[0x1f]2=x[0xef][0xbf][0xbd][0xef][0xbf][0xbd][0xef][0xbf][0xbd]?soO[0xef][0xbf][0xbd]W8[0xe5][0xa0][0x93][0xef][0xbf][0xbd]Q[0xcb][0x85][0xef][0xbf][0xbd][0xef][0xbf][0xbd]@[0xef][0xbf][0xbd][0xef][0xbf][0xbd]7[0xef][0xbf][0xbd][0xef][0xbf][0xbd][0xef][0xbf][0xbd][0xd8][0xb1][0xef][0xbf][0xbd]6[0x1f][0x0][0xef][0xbf][0xbd],DsH[0xef][0xbf][0xbd][0xef][0xbf][0xbd]kF[0x18][0xef][0xbf][0xbd]J[0xef][0xbf][0xbd][0x14][0xef][0xbf][0xbd]}[0x5][0x9][0x18][0xef][0xbf][0xbd][0xef][0xbf][0xbd][0xc][0xef][0xbf][0xbd]D*[0xef][0xbf][0xbd][0xd9][0x94][0xef][0xbf][0xbd]p[0xef][0xbf][0xbd][0xef][0xbf][0xbd][\n]"
07:56:30.746 [main] DEBUG org.apache.http.wire -  >> "[0xef][0xbf][0xbd][0xe][0xef][0xbf][0xbd][0xef][0xbf][0xbd]u\[0xef][0xbf][0xbd][0x1d][0xef][0xbf][0xbd]6f[0xef][0xbf][0xbd][0x14][0xe]A[0xef][0xbf][0xbd]U[0xef][0xbf][0xbd][0xef][0xbf][0xbd][0xef][0xbf][0xbd]&[0x6]f[0xef][0xbf][0xbd][0xef][0xbf][0xbd][0x10][0x1d][0xef][0xbf][0xbd][0xef][0xbf][0xbd][0xef][0xbf][0xbd][0xef][0xbf][0xbd]X[0xef][0xbf][0xbd]^[0xef][0xbf][0xbd]T{[0xef][0xbf][0xbd][0xef][0xbf][0xbd]l[0xef][0xbf][0xbd][0xef][0xbf][0xbd][0xef][0xbf][0xbd]i[0xf][0xef][0xbf][0xbd][0xef][0xbf][0xbd][0xef][0xbf][0xbd]q[0xef][0xbf][0xbd]B[0xef][0xbf][0xbd][0xef][0xbf][0xbd][0xef][0xbf][0xbd]}-[0xef][0xbf][0xbd][0xcf][0x94]+[0xef][0xbf][0xbd] >[0x17]3[0xef][0xbf][0xbd]Vl/[0xef][0xbf][0xbd]J^Y[0xef][0xbf][0xbd];[0x4]W[0xe][0xef][0xbf][0xbd]5[0xef][0xbf][0xbd]t[0xef][0xbf][0xbd]x[0xe][0xc2][0x8b][0xef][0xbf][0xbd][0x3][\n]"
07:56:30.746 [main] DEBUG org.apache.http.wire -  >> "Z[0xef][0xbf][0xbd][0xd7][0xa4][0x2][0xef][0xbf][0xbd][0xef][0xbf][0xbd]y[0xef][0xbf][0xbd]L6m[0xef][0xbf][0xbd][0x12]v`[0xea][0x99][0xa7][0xef][0xbf][0xbd]\[0xef][0xbf][0xbd][0x16]c[0x1]L+[0xef][0xbf][0xbd]=[0xef][0xbf][0xbd][0xef][0xbf][0xbd][0xef][0xbf][0xbd][0xef][0xbf][0xbd][0xef][0xbf][0xbd][0xef][0xbf][0xbd][0x1a][0xef][0xbf][0xbd][0xc][0xef][0xbf][0xbd][0xef][0xbf][0xbd][0xef][0xbf][0xbd][0x1f],[0xef][0xbf][0xbd][0xef][0xbf][0xbd]B[0xef][0xbf][0xbd][0x7]u[0xef][0xbf][0xbd][0x10][0xef][0xbf][0xbd]_[[0xef][0xbf][0xbd][0xce][0xb6][0xef][0xbf][0xbd][0xef][0xbf][0xbd][0xef][0xbf][0xbd][0xef][0xbf][0xbd]'[0xef][0xbf][0xbd][0xef][0xbf][0xbd][0xef][0xbf][0xbd][0xef][0xbf][0xbd][0xef][0xbf][0xbd][0xef][0xbf][0xbd][0x8][0xef][0xbf][0xbd][0xef][0xbf][0xbd][0x1c]e[0xcc][0x9d][0xef][0xbf][0xbd][0x13][T[0xef][0xbf][0xbd][0xef][0xbf][0xbd]iGa[0xef][0xbf][0xbd][0xef][0xbf][0xbd] S[0x1b][0xef][0xbf][0xbd][0x0]jK[0xef][0xbf][0xbd][0xef][0xbf][0xbd][0xef][0xbf][0xbd]~[0xef][0xbf][0xbd]R[0xef][0xbf][0xbd]gj[0x10][0xef][0xbf][0xbd]q[0xef][0xbf][0xbd]X[0xef][0xbf][0xbd]J[0xef][0xbf][0xbd][0xef][0xbf][0xbd][0x1c][0xef][0xbf][0xbd][0xc3][0x87]tS4[0xef][0xbf][0xbd]OT]U.[0xef][0xbf][0xbd][0xca][0x82][0xef][0xbf][0xbd][0xef][0xbf][0xbd][0x1b]2[0xef][0xbf][0xbd][0xef][0xbf][0xbd]3Fx\[0xef][0xbf][0xbd][0xef][0xbf][0xbd]J[0xef][0xbf][0xbd][0xef][0xbf][0xbd][0xef][0xbf][0xbd][0xef][0xbf][0xbd][0xef][0xbf][0xbd][0x7][0xef][0xbf][0xbd],[0xef][0xbf][0xbd][0xf][0xef][0xbf][0xbd]vW[0xef][0xbf][0xbd]/[0xef][0xbf][0xbd][0xef][0xbf][0xbd][0x1d][0xc4][0xa6][0xef][0xbf][0xbd]0[0x17][0xef][0xbf][0xbd][0xef][0xbf][0xbd]a[0xef][0xbf][0xbd][0xef][0xbf][0xbd]h[0xb]][0xef][0xbf][0xbd]y[0x3]5[0xef][0xbf][0xbd]8[0xef][0xbf][0xbd]bS[0xc]D-[0xef][0xbf][0xbd].[0xef][0xbf][0xbd][0x16]X[0xef][0xbf][0xbd]o[0xef][0xbf][0xbd][0x9][0x1a][0xef][0xbf][0xbd][0xef][0xbf][0xbd][0xef][0xbf][0xbd][0xef][0xbf][0xbd][0x1d]jXOb[0xef][0xbf][0xbd][0xef][0xbf][0xbd]lEp[0xef][0xbf][0xbd][0xef][0xbf][0xbd]PQX6[0xef][0xbf][0xbd]sz[0xef][0xbf][0xbd]$[0xef][0xbf][0xbd]P[0xef][0xbf][0xbd]>[0xef][0xbf][0xbd]sX[0x3][0xef][0xbf][0xbd][0xc4][0x8c][0xef][0xbf][0xbd][0x15]~[0xef][0xbf][0xbd],E[0xef][0xbf][0xbd][0x16][0xef][0xbf][0xbd]Q[0xef][0xbf][0xbd][0x13]>[0xef][0xbf][0xbd][0xc5][0xa8]&[0xef][0xbf][0xbd][0xef][0xbf][0xbd]a[0xef][0xbf][0xbd])[0xef][0xbf][0xbd]k[0xd9][0x89][0xef][0xbf][0xbd][0xef][0xbf][0xbd][0xef][0xbf][0xbd][0xcb][0xbe][0x17][0x0][0xef][0xbf][0xbd][0xef][0xbf][0xbd]SAV[0xef][0xbf][0xbd][0xef][0xbf][0xbd]r)[0xef][0xbf][0xbd][0xe][0x11]P[0xef][0xbf][0xbd]&[0xef][0xbf][0xbd][0xef][0xbf][0xbd][0xef][0xbf][0xbd][0x8][0xef][0xbf][0xbd]#C[0xb][0xef][0xbf][0xbd]W&1[0xef][0xbf][0xbd][0xe][0xef][0xbf][0xbd]+km[0x16]>bM[0x1d][0xef][0xbf][0xbd]I[0xef][0xbf][0xbd][0xef][0xbf][0xbd]?_[0x0][0x10][0xef][0xbf][0xbd][0xef][0xbf][0xbd]|[0xef][0xbf][0xbd]j[0xe][0xef][0xbf][0xbd][0xf][0xef][0xbf][0xbd]O[0x3]IV[0xef][0xbf][0xbd][0xef][0xbf][0xbd]#5[0xef][0xbf][0xbd]:[0xef][0xbf][0xbd]6[0xef][0xbf][0xbd]c[0xef][0xbf][0xbd][0xef][0xbf][0xbd][0xef][0xbf][0xbd]/|[0xef][0xbf][0xbd][0xef][0xbf][0xbd]V[0xef][0xbf][0xbd]M[0xef][0xbf][0xbd];[0xef][0xbf][0xbd]"[0xef][0xbf][0xbd]?[0xef][0xbf][0xbd]4[0x4]+[0xef][0xbf][0xbd]d[0xef][0xbf][0xbd][0xd9][0xb4][0xef][0xbf][0xbd]M[0xef][0xbf][0xbd][0xef][0xbf][0xbd][0xef][0xbf][0xbd][0xef][0xbf][0xbd][0x1d]gr[0xef][0xbf][0xbd][0x16][0xef][0xbf][0xbd][0xb][0xef][0xbf][0xbd][0x9]x[0xef][0xbf][0xbd]3[0xef][0xbf][0xbd][0xef][0xbf][0xbd][0x10][0xef][0xbf][0xbd]vj[0xef][0xbf]"
07:56:30.746 [main] DEBUG org.apache.http.wire -  >> "[0xbd],[0x3]kE[0xc]=~9{[0xef][0xbf][0xbd]'S[0xef][0xbf][0xbd][0x1d][0xef][0xbf][0xbd][0x1c];*[0xef][0xbf][0xbd]qc[0xef][0xbf][0xbd][0x9]W[[0xef][0xbf][0xbd]@[0xef][0xbf][0xbd]F{i[0x12][0xef][0xbf][0xbd][0xef][0xbf][0xbd][0xef][0xbf][0xbd]+5g[0xef][0xbf][0xbd][0x8][0xef][0xbf][0xbd][0xef][0xbf][0xbd]%[0x1b]p[0xef][0xbf][0xbd]J[0xef][0xbf][0xbd]c[0x15]}[0xef][0xbf][0xbd][0xef][0xbf][0xbd][0xef][0xbf][0xbd]{b[0xef][0xbf][0xbd][0xef][0xbf][0xbd][0xef][0xbf][0xbd]C[0xef][0xbf][0xbd]/[0xef][0xbf][0xbd][0xef][0xbf][0xbd][0xef][0xbf][0xbd]|[0xef][0xbf][0xbd][0xef][0xbf][0xbd][0xef][0xbf][0xbd][0x1f]]?>[0xef][0xbf][0xbd]+[0x14]r&[0xef][0xbf][0xbd]S[0xef][0xbf][0xbd][0xef][0xbf][0xbd]T9[0xef][0xbf][0xbd][0x14])[0x15][0xef][0xbf][0xbd]*%[0xef][0xbf][0xbd]8[0xef][0xbf][0xbd][0xef][0xbf][0xbd][0xef][0xbf][0xbd][0xef][0xbf][0xbd]whA-|&l@([0xef][0xbf][0xbd]V[0xef][0xbf][0xbd]A[0xef][0xbf][0xbd][0xef][0xbf][0xbd][0xef][0xbf][0xbd][\n]"
07:56:30.746 [main] DEBUG org.apache.http.wire -  >> "[0xef][0xbf][0xbd][0xef][0xbf][0xbd][0xef][0xbf][0xbd][0xef][0xbf][0xbd][0xef][0xbf][0xbd][0x8]W%,[0xef][0xbf][0xbd]0[0xef][0xbf][0xbd]K+h[0xef][0xbf][0xbd][0xef][0xbf][0xbd]?[0x16][0xef][0xbf][0xbd]h[0x17][0xef][0xbf][0xbd]pX[0xef][0xbf][0xbd]X[0xef][0xbf][0xbd][0x2][0x12]!M,[0xc][0xef][0xbf][0xbd]h[0xef][0xbf][0xbd]AV[0xef][0xbf][0xbd]H*[0xef][0xbf][0xbd]W[0xef][0xbf][0xbd]P[0xef][0xbf][0xbd][0x9][0xef][0xbf][0xbd]j[0xef][0xbf][0xbd][0xef][0xbf][0xbd]_[0xef][0xbf][0xbd][0xc]=rvXg[\r][0xdc][0xb2]s[0xef][0xbf][0xbd][0xef][0xbf][0xbd]j[0xef][0xbf][0xbd][0x19]L[0xef][0xbf][0xbd]KO[0xef][0xbf][0xbd][0xef][0xbf][0xbd][0xef][0xbf][0xbd](n@[0x1][0x18][0xb][0x13][0xef][0xbf][0xbd]^3[0xef][0xbf][0xbd]n[0x1e]UWg[0xef][0xbf][0xbd][0xc]>[0xef][0xbf][0xbd][0xef][0xbf][0xbd][0xef][0xbf][0xbd][0xef][0xbf][0xbd][0xef][0xbf][0xbd]~[0xef][0xbf][0xbd]x[0xef][0xbf][0xbd][0xef][0xbf][0xbd]e][0x1].%[0xef][0xbf][0xbd][0xef][0xbf][0xbd]K2[0xec][0x9d][0xa6]XH'[0xef][0xbf][0xbd]6;[0xef][0xbf][0xbd][0xef][0xbf][0xbd][0xef][0xbf][0xbd][0xe][0xef][0xbf][0xbd][0xef][0xbf][0xbd][0x1]C[0xef][0xbf][0xbd][0xef][0xbf][0xbd]m[0xef][0xbf][0xbd][0xef][0xbf][0xbd]1[0xef][0xbf][0xbd]a[0x6]P[0x1d][0xef][0xbf][0xbd][0xef][0xbf][0xbd]O[0xef][0xbf][0xbd][0x9][\n]"
07:56:30.746 [main] DEBUG org.apache.http.wire -  >> "[0xef][0xbf][0xbd]'9[0xef][0xbf][0xbd][0x1d]C:[0xef][0xbf][0xbd]~[0xef][0xbf][0xbd]6[0xef][0xbf][0xbd][0xef][0xbf][0xbd]H[0xef][0xbf][0xbd][0xef][0xbf][0xbd]T[0xef][0xbf][0xbd][0xef][0xbf][0xbd][0xef][0xbf][0xbd][0xef][0xbf][0xbd]-[0xef][0xbf][0xbd]E[0xef][0xbf][0xbd][0xef][0xbf][0xbd]CB[0xef][0xbf][0xbd]][0xef][0xbf][0xbd][0xef][0xbf][0xbd][0xef][0xbf][0xbd][0xef][0xbf][0xbd][0xef][0xbf][0xbd]=[0xef][0xbf][0xbd][0x15][0x1f][0xef][0xbf][0xbd][0x3][0xef][0xbf][0xbd]Z[0xef][0xbf][0xbd][0xef][0xbf][0xbd]v[0xef][0xbf][0xbd][0xef][0xbf][0xbd][0xef][0xbf][0xbd]z[0xef][0xbf][0xbd][0xef][0xbf][0xbd]?[0xef][0xbf][0xbd][0xf]&[0x1e][0xef][0xbf][0xbd]o[0xef][0xbf][0xbd][0xef][0xbf][0xbd]&[0xef][0xbf][0xbd]}[0xef][0xbf][0xbd][0xef][0xbf][0xbd][0xef][0xbf][0xbd]Z[0xef][0xbf][0xbd][0xef][0xbf][0xbd]^[0xef][0xbf][0xbd]7[0xef][0xbf][0xbd][0xef][0xbf][0xbd][0xef][0xbf][0xbd]R[0xef][0xbf][0xbd][0xef][0xbf][0xbd][0x0][0xef][0xbf][0xbd][0xef][0xbf][0xbd][0x5][0xef][0xbf][0xbd]u[0xef][0xbf][0xbd][0xef][0xbf][0xbd][0xef][0xbf][0xbd]$[0xef][0xbf][0xbd][0x1b]k[0xef][0xbf][0xbd]z[0xef][0xbf][0xbd][0xe8][0x83][0xa4][0xdd][0x95][0xef][0xbf][0xbd][0xef][0xbf][0xbd]{[0xef][0xbf][0xbd]W=O[0xef][0xbf][0xbd][0xef][0xbf][0xbd][0xc8][0xbb][0xef][0xbf][0xbd][0x1b])[0xef][0xbf][0xbd][0xef][0xbf][0xbd]d[0xef][0xbf][0xbd][0xef][0xbf][0xbd][0x1d]B[0xef][0xbf][0xbd][0xef][0xbf][0xbd]"4%[0xef][0xbf][0xbd]C[0xef][0xbf][0xbd]QQ![0xef][0xbf][0xbd]O[0xef][0xbf][0xbd][0xef][0xbf][0xbd]{;8[0xef][0xbf][0xbd]W[0xef][0xbf][0xbd]8[0xef][0xbf][0xbd]i5[0x11][0xef][0xbf][0xbd]d][0x2]{[0xef][0xbf][0xbd][0xef][0xbf][0xbd],m5[0xef][0xbf][0xbd]nPu?[0xb][0xef][0xbf][0xbd]f[0x14][0xef][0xbf][0xbd]C[0x18][0xef][0xbf][0xbd][0xef][0xbf][0xbd][0xef][0xbf][0xbd]r[0xef][0xbf][0xbd]P[0xef][0xbf][0xbd][0x13] z[0xef][0xbf][0xbd][[0xef][0xbf][0xbd][0xef][0xbf][0xbd]@[0xef][0xbf][0xbd]l[0xef][0xbf][0xbd]m[0xef][0xbf][0xbd][0x1]`h[0x1c][0xd3][0x85][0xde][0xae][0xef][0xbf][0xbd][0xef][0xbf][0xbd][0xe][0xef][0xbf][0xbd]ud[0xef][0xbf][0xbd][0xef][0xbf][0xbd][0xef][0xbf][0xbd] [0xef][0xbf][0xbd]0[0xcb][0xb2][0xef][0xbf][0xbd][0xef][0xbf][0xbd][0x6]~[0xef][0xbf][0xbd][0xef][0xbf][0xbd]^[0xef][0xbf][0xbd][0x1e]*+3[0xef][0xbf][0xbd][0x3][0xef][0xbf][0xbd][0xef][0xbf][0xbd]5[0xef][0xbf][0xbd].[0xef][0xbf][0xbd][0xef][0xbf][0xbd]A0w[0x1]F[0xd7][0x99][0xef][0xbf][0xbd]v[0xef][0xbf][0xbd][0x15][0xef][0xbf][0xbd]<[0xef][0xbf][0xbd][0xef][0xbf][0xbd]H[0xef][0xbf][0xbd][0xef][0xbf][0xbd][0xef][0xbf][0xbd][0xd3][0xa3]8[0xdc][0x9e][0xef][0xbf][0xbd][0xef][0xbf][0xbd]-[0xef][0xbf][0xbd]9[0xef][0xbf][0xbd][0xef][0xbf][0xbd]s[0xef][0xbf][0xbd][0xef][0xbf][0xbd])[0xef][0xbf][0xbd][0xef][0xbf][0xbd][0xef][0xbf][0xbd]{[0xef][0xbf][0xbd][0xef][0xbf][0xbd]P[0xef][0xbf][0xbd][0xef][0xbf][0xbd]&c[0xc][0x9][0xef][0xbf][0xbd][0x19][0xef][0xbf][0xbd][0xef][0xbf][0xbd][0xef][0xbf][0xbd][0x10]U[0xef][0xbf][0xbd]pYEM[0xef][0xbf][0xbd]#[0xef][0xbf][0xbd]%[0xef][0xbf][0xbd]5.[0xef][0xbf][0xbd][\r][0x18][0xef][0xbf][0xbd][0xef][0xbf][0xbd]R%[0xef][0xbf][0xbd]q=[0xef][0xbf][0xbd][0xef][0xbf][0xbd]z[0xef][0xbf][0xbd]L[0xef][0xbf][0xbd]*[0xef][0xbf][0xbd]\+U[0x8]U-[0xef][0xbf][0xbd][0x8][0xef][0xbf][0xbd][0xef][0xbf][0xbd]is[0xef][0xbf][0xbd]w[0xef][0xbf][0xbd][0xef][0xbf][0xbd]]kJ[0xef][0xbf][0xbd][0xef][0xbf][0xbd][0x7][0xef][0xbf][0xbd]LDk![0xef][0xbf][0xbd]kA[0xef][0xbf][0xbd][0xef][0xbf][0xbd]O[0xef][0xbf][0xbd][0xef][0xbf][0xbd]U[0xef][0xbf][0xbd][0xef][0xbf][0xbd][0xef][0xbf][0xbd],t=j[0xef][0xbf][0xbd]xMt[0xef][0xbf][0xbd][0x18].dh[0xef][0xbf][0xbd][0xef][0xbf][0xbd][0xef][0xbf][0xbd][0xef][0xbf][0xbd]`[0x2]X[0xef][0xbf][0xbd]2[0xef][0xbf][0xbd]jb[0xef][0xbf][0xbd][0xef][0xbf][0xbd][0xef][0xbf][0xbd]?oY[0xef][0xbf][0xbd]fo[0xef][0xbf][0xbd]W[0xef][0xbf][0xbd][0xef][0xbf][0xbd][0xef][0xbf][0xbd][0xef][0xbf][0xbd][0xef][0xbf][0xbd][0xef][0xbf][0xbd][0xef][0xbf][0xbd]E[0xef][0xbf][0xbd][0x1][0xef][0xbf][0xbd][0xef][0xbf][0xbd]J[0xef][0xbf][0xbd][0xef][0xbf][0xbd][0xd5][0x95]x[0x1d][0xef][0xbf][0xbd]W[0xef][0xbf][0xbd][0xef][0xbf][0xbd]+[\r][0xef][0xbf][0xbd]KO=[0xcf][0x88][0xef][0xbf][0xbd]#[0xef][0xbf][0xbd][0xef][0xbf][0xbd] f}WAr[0xef][0xbf][0xbd][0xef][0xbf][0xbd]`[0xef][0xbf][0xbd][0xef][0xbf][0xbd][T#[0xef][0xbf][0xbd][0xef][0xbf][0xbd]|[\n]"
07:56:30.746 [main] DEBUG org.apache.http.wire -  >> "*[0xef][0xbf][0xbd]\[0xef][0xbf][0xbd][0xef][0xbf][0xbd][0xef][0xbf][0xbd]A[0xef][0xbf][0xbd][0x10][0xef][0xbf][0xbd][0xef][0xbf][0xbd][0x1c][0xef][0xbf][0xbd][0x11][0xef][0xbf][0xbd][0xef][0xbf][0xbd]>\[0xef][0xbf][0xbd],[0xef][0xbf][0xbd]{[0xef][0xbf][0xbd][0xef][0xbf][0xbd]IF[0xef][0xbf][0xbd][0xef][0xbf][0xbd]0[0xef][0xbf][0xbd][0xf][0xef][0xbf][0xbd]V[0xcb][0xb2][0xef][0xbf][0xbd][0xef][0xbf][0xbd][0xef][0xbf][0xbd][0x1a][0xef][0xbf][0xbd][0xef][0xbf][0xbd]EM[0xef][0xbf][0xbd][0xef][0xbf][0xbd][\r]h[0xef][0xbf][0xbd][0xef][0xbf][0xbd][0xef][0xbf][0xbd]~R[0xef][0xbf][0xbd]![0xef][0xbf][0xbd][0xef][0xbf][0xbd][0xef][0xbf][0xbd][0xef][0xbf][0xbd]v[0xef][0xbf][0xbd]z[0xef][0xbf][0xbd][0x4]gf[0xef][0xbf][0xbd]S[0xef][0xbf][0xbd][0xef][0xbf][0xbd][0xef][0xbf][0xbd]V[0xef][0xbf][0xbd][0xef][0xbf][0xbd]Rw[0x12][0xcb][0x8d]y[\r][0x2][0xef][0xbf][0xbd][0xef][0xbf][0xbd][0xef][0xbf][0xbd][0xef][0xbf][0xbd]h[0xef][0xbf][0xbd][0xef][0xbf][0xbd]5[0xef][0xbf][0xbd][0xef][0xbf][0xbd]1[0xef][0xbf][0xbd]C[0xef][0xbf][0xbd][0x14][0xef][0xbf][0xbd][0xef][0xbf][0xbd]S*[0xef][0xbf][0xbd][0xef][0xbf][0xbd][0x0]kU#[0xef][0xbf][0xbd][0x16]ag[0xef][0xbf][0xbd][0xef][0xbf][0xbd]+[\n]"
07:56:30.747 [main] DEBUG org.apache.http.wire -  >> "[0xef][0xbf][0xbd][0x6]"[0x1f]2[0xef][0xbf][0xbd][0xef][0xbf][0xbd][0xc5][0xa9]I[0xef][0xbf][0xbd][0xef][0xbf][0xbd]a[0x11][0xef][0xbf][0xbd]1&[0xef][0xbf][0xbd],[0xef][0xbf][0xbd]_[0xef][0xbf][0xbd][0xf][0xde][0x9f];[0xef][0xbf][0xbd][0xef][0xbf][0xbd][0xef][0xbf][0xbd]O[0xef][0xbf][0xbd]:[0xef][0xbf][0xbd]Z[0xef][0xbf][0xbd]FL([0x14]S$[0xef][0xbf][0xbd]L?/#[0xef][0xbf][0xbd][0xef][0xbf][0xbd] c/[0xef][0xbf][0xbd]o4[0xef][0xbf][0xbd]q[0xef][0xbf][0xbd][0xef][0xbf][0xbd][0xef][0xbf][0xbd]c[0xef][0xbf][0xbd][0xef][0xbf][0xbd]ET[0xef][0xbf][0xbd][0xef][0xbf][0xbd]h[0xef][0xbf][0xbd][0xef][0xbf][0xbd][0x16][0xef][0xbf][0xbd][0xef][0xbf][0xbd][0xef][0xbf][0xbd][0xef][0xbf][0xbd][0xef][0xbf][0xbd][0xce][0x9e][0xf][0xef][0xbf][0xbd][0xef][0xbf][0xbd][0xef][0xbf][0xbd][0xef][0xbf][0xbd]MB[0xef][0xbf][0xbd][0xef][0xbf][0xbd]z[0xef][0xbf][0xbd]P[0xef][0xbf][0xbd][0x6][0x16]L[0xd0][0xb2][0xef][0xbf][0xbd][0x1c][0xef][0xbf][0xbd]'[0xef][0xbf][0xbd]m[0xef][0xbf][0xbd][0xef][0xbf][0xbd][0xef][0xbf][0xbd]|[0x1f]M[0xef][0xbf][0xbd]>[0xef][0xbf][0xbd][0xef][0xbf][0xbd]B[0xef][0xbf][0xbd][0x4][0xef][0xbf][0xbd][0x8][0xef][0xbf][0xbd]*[0xef][0xbf][0xbd]'[0xef][0xbf][0xbd][0x17](;T9[0xd5][0x89][0xef][0xbf][0xbd][0xef][0xbf][0xbd]N[0xef][0xbf][0xbd]%[0xef][0xbf][0xbd][0x1f][0xef][0xbf][0xbd]D[0xef][0xbf][0xbd][0xef][0xbf][0xbd][0xef][0xbf][0xbd][0xef][0xbf][0xbd][0xef][0xbf][0xbd][0xef][0xbf][0xbd][0xef][0xbf][0xbd][0x3][0xef][0xbf][0xbd][0xef][0xbf][0xbd][0xef][0xbf][0xbd]7_[0xef][0xbf][0xbd][0xef][0xbf][0xbd]+[0xef][0xbf][0xbd]:[0xef][0xbf][0xbd][0x1e][0xef][0xbf][0xbd]Y[0xef][0xbf][0xbd][0xdb][0x89][0xef][0xbf][0xbd][0xef][0xbf][0xbd][0xef][0xbf][0xbd][0x13]M'g[0xb][0xef][0xbf][0xbd][0xef][0xbf][0xbd][0x9][0xef][0xbf][0xbd]&[0xef][0xbf][0xbd][0xef][0xbf][0xbd]^[0xef][0xbf][0xbd][0xef][0xbf][0xbd][0xef][0xbf][0xbd][0xdb][0xb9][0xef][0xbf][0xbd]a[0x15]`[0xef][0xbf][0xbd][0x16]@[0xef][0xbf][0xbd][0xef][0xbf][0xbd]w[0xef][0xbf][0xbd][0xef][0xbf][0xbd][[0xef][0xbf][0xbd]j[0x3]\[0xef][0xbf][0xbd][0xef][0xbf][0xbd]%[0x12][0xef][0xbf][0xbd][0xd1][0xa9][0x16][0xef][0xbf][0xbd][0x3]\[0xef][0xbf][0xbd][0xef][0xbf][0xbd][0x13].[0xef][0xbf][0xbd][0x13]~[0xef][0xbf][0xbd];Sk[0x8][0xef][0xbf][0xbd][0xef][0xbf][0xbd][0xef][0xbf][0xbd][0x15][0xef][0xbf][0xbd][0x9][0x1a]VB[0xef][0xbf][0xbd][0x12][0xef][0xbf][0xbd][0xef][0xbf][0xbd][0xef][0xbf][0xbd]da[0xef][0xbf][0xbd][0xef][0xbf][0xbd][0xef][0xbf][0xbd][0x6]k[0xc]i}[0xef][0xbf][0xbd]u[0x5][0x1c][0xef][0xbf][0xbd]`[0x11]F[0xef][0xbf][0xbd][0x1c]gP@[0xef][0xbf][0xbd][0x16][0xef][0xbf][0xbd]b,[0xef][0xbf][0xbd][0xef][0xbf][0xbd]-P[0xe8][0xad][0x94][0x3]>D[0x1e][0xef][0xbf][0xbd][0xef][0xbf][0xbd]>Pq-[0xef][0xbf][0xbd][0xef][0xbf][0xbd]9[0xef][0xbf][0xbd]Y[0xe][0x3][0xef][0xbf][0xbd]=[0x14][0xef][0xbf][0xbd][0xef][0xbf][0xbd]o[0xef][0xbf][0xbd][0x2][0xd0][0xa2]>[0xcb][0xbc][0xef][0xbf][0xbd][0xef][0xbf][0xbd][0xef][0xbf][0xbd][0x9]t[0x1d][0x2][0x11]a<[0xef][0xbf][0xbd];[0xef][0xbf][0xbd][0x19]Y[0xef][0xbf][0xbd][0x0]>[0xef][0xbf][0xbd][0xef][0xbf][0xbd][0xef][0xbf][0xbd][0xef][0xbf][0xbd][0x14][0xef][0xbf][0xbd][0xef][0xbf][0xbd]#[0xef][0xbf][0xbd][0xef][0xbf][0xbd]i[0xef][0xbf][0xbd][0xc3][0x8a][0xef][0xbf][0xbd][0xef][0xbf][0xbd][0x1b]\[0xef][0xbf][0xbd]'[0xef][0xbf][0xbd][0xef][0xbf][0xbd][0x1b][0xef][0xbf][0xbd][0xef][0xbf][0xbd]y[\r][0xef][0xbf][0xbd][0x3][0xef][0xbf][0xbd][0xef][0xbf][0xbd][0x0]g[/[0xef][0xbf][0xbd]n[0xef][0xbf][0xbd]v%[0xef][0xbf][0xbd]N[0xef][0xbf][0xbd][0xef][0xbf][0xbd]{[0xef][0xbf][0xbd][0xef][0xbf][0xbd][0xef][0xbf][0xbd][0x4][0xef][0xbf][0xbd][0xef][0xbf][0xbd]rA)[0xef][0xbf][0xbd][0xef][0xbf][0xbd][0xef][0xbf][0xbd][0xef][0xbf][0xbd][0x16][0xef][0xbf][0xbd].D[0xef][0xbf][0xbd][0xef][0xbf][0xbd][0xef][0xbf][0xbd][0x8]*ES[0x15][0xef][0xbf][0xbd][0xef][0xbf][0xbd]'[0xef][0xbf][0xbd][0xef][0xbf][0xbd][0xef][0xbf][0xbd][0xef][0xbf][0xbd][0xef][0xbf][0xbd][0xef][0xbf][0xbd].[0xef][0xbf][0xbd][0xef][0xbf][0xbd];[0xef][0xbf][0xbd][\r][0xef][0xbf][0xbd]Pi[0xef][0xbf][0xbd]Q[0xef][0xbf][0xbd]R[0xef][0xbf][0xbd][0xef][0xbf][0xbd][0xef][0xbf][0xbd][0xef][0xbf][0xbd][0xef][0xbf][0xbd]?[0x4]L[0xef][0xbf][0xbd][0xef][0xbf][0xbd][0xef][0xbf][0xbd]^[0xef][0xbf][0xbd][0xef][0xbf][0xbd]Z[0xef][0xbf][0xbd][0x3][0xef][0xbf][0xbd][0xef][0xbf][0xbd][0xef][0xbf][0xbd][0xef][0xbf][0xbd]CP[0x19][0xef][0xbf][0xbd][0x1a][0xcb][0x9d][0xe][0xef][0xbf][0xbd][0xef][0xbf][0xbd][0xef][0xbf][0xbd][0x16][0xef][0xbf][0xbd][0xef][0xbf][0xbd][0xef][0xbf][0xbd][0xef][0xbf][0xbd][0xef][0xbf][0xbd]*6[0x6]Z@[0xef][0xbf][0xbd][0x1][0xd0][0x97][0xef][0xbf][0xbd][0xef][0xbf][0xbd]o[0xef][0xbf][0xbd]~[0x1d][0xef][0xbf][0xbd]7[0xef][0xbf][0xbd]Cz[0x1f][0xd7][0x90][0xef][0xbf][0xbd][0x13]\[0xdf][0x98]S*[0xef][0xbf][0xbd][0xef][0xbf][0xbd][0xef][0xbf][0xbd][0xef][0xbf][0xbd]3f.Z[[0xef][0xbf][0xbd][0xef][0xbf][0xbd]0[0xef][0xbf][0xbd][0xe][0xef][0xbf][0xbd]>[0xef][0xbf][0xbd]Y[0x10]H[0xde][0xb9]]-[0xce][0xa0][0xef][0xbf][0xbd]b![0xef][0xbf][0xbd][0xef][0xbf][0xbd][0xdc][0x88][0xef][0xbf][0xbd]][0xef][0xbf][0xbd][0xef][0xbf][0xbd]sq{C[0xef][0xbf][0xbd][0xef][0xbf][0xbd]L[0x12][0x1][0x2]f{[0xef][0xbf][0xbd][0xef][0xbf][0xbd][0xef][0xbf][0xbd][0xef][0xbf][0xbd]Hv[0xef][0xbf][0xbd]t-f[0xdd][0x91]Y[0x16][0xef][0xbf][0xbd][0xef][0xbf][0xbd]n[0xef][0xbf][0xbd][\r][0xef][0xbf][0xbd][2[0xef][0xbf][0xbd][0x7][0xef][0xbf][0xbd]m[0xef][0xbf][0xbd][0xef][0xbf][0xbd][0xef][0xbf][0xbd][0xd7][0x8c][0xb][0xef][0xbf][0xbd][0xef][0xbf][0xbd][0x12]q[0xef][0xbf][0xbd][0xef][0xbf][0xbd][\r][0xef][0xbf][0xbd][0xef][0xbf][0xbd][0xef][0xbf][0xbd][0xef][0xbf][0xbd][0xef][0xbf][0xbd]F=[0xef][0xbf][0xbd]q[0xef][0xbf][0xbd]1w[0xef][0xbf][0xbd][0xef][0xbf][0xbd][0x0]Z[0x10]"d`[0xef][0xbf][0xbd][0xdd][0x88][0xef][0xbf][0xbd][0x6][0xef][0xbf][0xbd][0x14]^T[\r][0xef][0xbf][0xbd]$[0xef][0xbf][0xbd]T3%L[0x4]i[0xef][0xbf][0xbd][0x15][0xef][0xbf][0xbd][0xef][0xbf][0xbd][0xef][0xbf][0xbd][0x19][0x4]o[&[0xef][0xbf][0xbd][0xef][0xbf][0xbd][0xef][0xbf][0xbd][0xef][0xbf][0xbd][0xef][0xbf][0xbd]9V.[0xef][0xbf][0xbd][0x1a][0x5][0x8][0xef][0xbf][0xbd]a9r@ ?}(^[0x15][0xe9][0xa7][0xb0]C[0xef][0xbf][0xbd][0xef][0xbf][0xbd]Y[0xef][0xbf][0xbd]@[0xef][0xbf][0xbd][0xc][0x14]P6[0xef][0xbf][0xbd][0xef][0xbf][0xbd]@;4[0xe][0xef][0xbf][0xbd][0xe6][0xbc][0xb9]6[0x14][0xef][0xbf][0xbd][0xef][0xbf][0xbd][0xef][0xbf][0xbd]4A[0xef][0xbf][0xbd][0xef][0xbf][0xbd][0xef][0xbf][0xbd][0xef][0xbf][0xbd][0xef][0xbf][0xbd]-[0x15][0xef][0xbf][0xbd][0xef][0xbf][0xbd][0x10]p[0xef][0xbf][0xbd][0xef][0xbf][0xbd]P[0xef][0xbf][0xbd]4i[0xef][0xbf][0xbd][0x0][0xef][0xbf][0xbd]b[0xef][0xbf][0xbd][0xef][0xbf][0xbd]k[0xef][0xbf][0xbd]N[0x18][0xef][0xbf][0xbd]F6[0xef][0xbf][0xbd][0xef][0xbf][0xbd][0xef][0xbf][0xbd]Ccf[0x1d]kF;[0xef][0xbf][0xbd]r[0xef][0xbf][0xbd][0xef][0xbf][0xbd]Yaf[0xef][0xbf][0xbd][0xef][0xbf][0xbd]o[0x10][0x12]UE[0xef][0xbf][0xbd]!O[0xef][0xbf][0xbd][0xef][0xbf][0xbd][0xef][0xbf][0xbd]o[0xef][0xbf][0xbd]([0xef][0xbf][0xbd]=[0xef][0xbf][0xbd][0xef][0xbf][0xbd]b[0xc][0xef][0xbf][0xbd][0x1][0xd2][0xa4]Y[0xef][0xbf][0xbd][0xef][0xbf][0xbd]Y[0xef][0xbf][0xbd][0xef][0xbf][0xbd][0xef][0xbf][0xbd]D[0xef][0xbf][0xbd][0xef][0xbf][0xbd][0x13][0xef][0xbf][0xbd]<[0xef][0xbf][0xbd][0xef][0xbf][0xbd]P&D[0x2]x/NbX[0xef][0xbf][0xbd][0xef][0xbf][0xbd][0xef][0xbf][0xbd]J[0xc4][0x93]?[0xef][0xbf][0xbd][0xef][0xbf][0xbd]/[0xef][0xbf][0xbd]{L+[0xef][0xbf][0xbd][0xef][0xbf][0xbd]}[0xef][0xbf][0xbd]=[0x1e][0xef][0xbf][0xbd][0xef][0xbf][0xbd]g[0xef][0xbf][0xbd][0xef][0xbf][0xbd][0xef][0xbf][0xbd][0x16][0xef][0xbf][0xbd]#[0xef][0xbf][0xbd][0x6][0xef][0xbf][0xbd][0xef][0xbf][0xbd]0[0xef][0xbf][0xbd][0xef][0xbf][0xbd]S[0xef][0xbf][0xbd]Z[0xef][0xbf][0xbd][0x1b]<[0x1f]1[0xef][0xbf][0xbd]=[0xef][0xbf][0xbd][0x19]bj[0x1d]L[0xef][0xbf][0xbd]$[0x1f]S[0x15]O[0xef][0xbf][0xbd]h[0xef][0xbf][0xbd][0xef][0xbf][0xbd][0xef][0xbf][0xbd][0x1b]P[0x8]":[0xef][0xbf][0xbd]iB[0x19][0xef][0xbf][0xbd][0x1]#[0xef][0xbf][0xbd][0xef][0xbf][0xbd]h[0xef][0xbf][0xbd].K[\r][0xef][0xbf][0xbd]E[0xef][0xbf][0xbd][0xef][0xbf][0xbd]A[0x17][0xef][0xbf][0xbd][0xef][0xbf][0xbd]~[0xef][0xbf][0xbd]?o/[0x4]r[0x13]!U[0x16]D[0xef][0xbf][0xbd]f[0x10]n#![0x2][0x1d][0xef][0xbf][0xbd][0xef][0xbf][0xbd]EC[0x12][0xef][0xbf][0xbd]T[0xcd][0x83][0x7][0xef][0xbf][0xbd][0xef][0xbf][0xbd];][0x1e][0x1d][0xef][0xbf][0xbd][0xef][0xbf][0xbd],i[0xef][0xbf][0xbd][0xef][0xbf][0xbd][0xdc][0x90][0xef][0xbf][0xbd][0xef][0xbf][0xbd]G[0xef][0xbf][0xbd][0xef][0xbf][0xbd][0xef][0xbf][0xbd]6[0x2]0[0x16][0xef][0xbf][0xbd][0x8])`F+ l[0xef][0xbf][0xbd]M[0xef][0xbf][0xbd]/d<[0xef][0xbf][0xbd]_C&[0xef][0xbf][0xbd]$1[0xef][0xbf][0xbd][0xef][0xbf][0xbd][0xef][0xbf][0xbd][0xdc][0x80][0xef][0xbf][0xbd]sqA[0xef][0xbf][0xbd][0xef][0xbf][0xbd]o[0x16]=[0xef][0xbf][0xbd][0xef][0xbf][0xbd][0x0].7[0xef][0xbf][0xbd][0xef][0xbf][0xbd][0xef][0xbf][0xbd][0xef][0xbf][0xbd]Z[0xef][0xbf][0xbd][0xef][0xbf][0xbd]3[[0xcf][0xab][0xef][0xbf][0xbd][0xd6][0x8c][0xef][0xbf][0xbd][0x16][0xef][0xbf][0xbd]L[0xef][0xbf][0xbd][0xef][0xbf][0xbd][0xef][0xbf][0xbd]f][0x7]|Rm[0xef][0xbf][0xbd][0xef][0xbf][0xbd]w1[0xef][0xbf][0xbd]T[0xd1][0x98][0xef][0xbf][0xbd]71[0xef][0xbf][0xbd][0x1e][0x7]au[0xc5][0x9a][0xef][0xbf][0xbd]}TZ[0xef][0xbf][0xbd][0xef][0xbf][0xbd][0x2]vjS/[0xef][0xbf][0xbd][0xef][0xbf][0xbd][0xef][0xbf][0xbd]A-[0xd1][0xa8][0x18]([0xef][0xbf][0xbd]U[0xef][0xbf][0xbd].j[0xef][0xbf][0xbd][0xcb][0xb2][0x1a][0x14][0xef][0xbf][0xbd][0xef][0xbf][0xbd]Rk[0x1][0xef][0xbf][0xbd][0xef][0xbf][0xbd][0xef][0xbf][0xbd][0xef][0xbf][0xbd][0xef][0xbf][0xbd][0xef][0xbf][0xbd][0xef][0xbf][0xbd][0xef][0xbf][0xbd]exIp[0xef][0xbf][0xbd][0xef][0xbf][0xbd][0xef][0xbf][0xbd]J[0xef][0xbf][0xbd][0x6][\n]"
07:56:30.747 [main] DEBUG org.apache.http.wire -  >> "[0xef][0xbf][0xbd][0xef][0xbf][0xbd][0xef][0xbf][0xbd][0xef][0xbf][0xbd][0x1f]q[0xef][0xbf][0xbd][0xef][0xbf][0xbd]8[0xef][0xbf][0xbd][0xef][0xbf][0xbd][0x1d][0xef][0xbf][0xbd][0xef][0xbf][0xbd]:[0xef][0xbf][0xbd]i[0x18][\r][0xef][0xbf][0xbd])e[0xd8][0x8e]Jz[0xef][0xbf][0xbd][0xe][0xef][0xbf][0xbd][l,3yr[0xef][0xbf][0xbd]H[0xef][0xbf][0xbd][0xef][0xbf][0xbd]B-[(*[0xd7][0xaf]o[0xef][0xbf][0xbd](g*[0xef][0xbf][0xbd][0x13]-[0xef][0xbf][0xbd][0xef][0xbf][0xbd]}[0xef][0xbf][0xbd][0xef][0xbf][0xbd][0xef][0xbf][0xbd][0xef][0xbf][0xbd][0xef][0xbf][0xbd][0xef][0xbf][0xbd][0xef][0xbf][0xbd]O?{[0xef][0xbf][0xbd][0xef][0xbf][0xbd][0xef][0xbf][0xbd]t8WP[0x9][0xef][0xbf][0xbd]0X0[0xef][0xbf][0xbd][0x1f][0x0]|[0x8][0x15][0xef][0xbf][0xbd][0xef][0xbf][0xbd]Yn[0xef][0xbf][0xbd][0xef][0xbf][0xbd];|-[0xef][0xbf][0xbd][0xef][0xbf][0xbd]Q[0xef][0xbf][0xbd]{[0xef][0xbf][0xbd]TI[0xef][0xbf][0xbd]h :[0xef][0xbf][0xbd][0x3][0xef][0xbf][0xbd][\n]"
07:56:30.747 [main] DEBUG org.apache.http.wire -  >> "c[0x12][0x10][0xef][0xbf][0xbd]"[0xef][0xbf][0xbd][0xef][0xbf][0xbd]b&[0xef][0xbf][0xbd][0x16][0xef][0xbf][0xbd]&[0xef][0xbf][0xbd]"[0xef][0xbf][0xbd][0xef][0xbf][0xbd][0xef][0xbf][0xbd][0xef][0xbf][0xbd]J[0xef][0xbf][0xbd]t[0xef][0xbf][0xbd][0xef][0xbf][0xbd][0x1c][0xef][0xbf][0xbd]a[0x8]-[0xef][0xbf][0xbd][0xef][0xbf][0xbd]<[0xef][0xbf][0xbd]YZ[0x10][0xef][0xbf][0xbd]ee[0xef][0xbf][0xbd][0xef][0xbf][0xbd][0xef][0xbf][0xbd][0x1]r[0xef][0xbf][0xbd][0xef][0xbf][0xbd][0xef][0xbf][0xbd]uv\[0x9]NS[0xef][0xbf][0xbd]=[0xef][0xbf][0xbd][0xef][0xbf][0xbd][0xef][0xbf][0xbd]R[0xef][0xbf][0xbd]~~[0xef][0xbf][0xbd][0xef][0xbf][0xbd]_(@[0xef][0xbf][0xbd][0xef][0xbf][0xbd]my[0xef][0xbf][0xbd][0xef][0xbf][0xbd]6|[0xef][0xbf][0xbd]n[0xb]-5N[0x1a][0xef][0xbf][0xbd]q[0xef][0xbf][0xbd]wS[0xef][0xbf][0xbd]T[0xef][0xbf][0xbd][\r]u[0xef][0xbf][0xbd][0xef][0xbf][0xbd][0xef][0xbf][0xbd][0xef][0xbf][0xbd][0xef][0xbf][0xbd]Fx[0xef][0xbf][0xbd][0xef][0xbf][0xbd][0x1a][0x15]E]&>[0xef][0xbf][0xbd] [0x1d][0xef][0xbf][0xbd]h[0xef][0xbf][0xbd][0xef][0xbf][0xbd][0xef][0xbf][0xbd]M[0xef][0xbf][0xbd]F[0xef][0xbf][0xbd][0xef][0xbf][0xbd].][0xef][0xbf][0xbd] 4[0xef][0xbf][0xbd][0x1a]`[0xef][0xbf][0xbd]i[0xef][0xbf][0xbd][0xef][0xbf][0xbd][[\n]"
07:56:30.747 [main] DEBUG org.apache.http.wire -  >> "[0xef][0xbf][0xbd][0xef][0xbf][0xbd][0xef][0xbf][0xbd]5[0xc7][0xb9][0xef][0xbf][0xbd]L2[0x19];}?[0xef][0xbf][0xbd]y[0xef][0xbf][0xbd]2[0xef][0xbf][0xbd][0x8]Fe:[0xef][0xbf][0xbd][\r]O[0xef][0xbf][0xbd]2[0xef][0xbf][0xbd][0xef][0xbf][0xbd]M[0xef][0xbf][0xbd][0xef][0xbf][0xbd][0xef][0xbf][0xbd]h^d|[0xef][0xbf][0xbd][0xef][0xbf][0xbd][0xef][0xbf][0xbd][0xef][0xbf][0xbd]-[0xef][0xbf][0xbd]Q[0xef][0xbf][0xbd]<~b^T[0xd1][0x98][0xef][0xbf][0xbd]n[0xef][0xbf][0xbd][0xef][0xbf][0xbd]X[0xef][0xbf][0xbd][0x3]T[0xef][0xbf][0xbd][0xef][0xbf][0xbd][0xef][0xbf][0xbd][0xef][0xbf][0xbd][0xc8][0xa3]s[0xef][0xbf][0xbd][0xef][0xbf][0xbd][0xef][0xbf][0xbd][0xef][0xbf][0xbd][0x7]K[0xef][0xbf][0xbd]?>[0xef][0xbf][0xbd][0xef][0xbf][0xbd]2,[0xef][0xbf][0xbd]Z[0xef][0xbf]"
07:56:30.747 [main] DEBUG org.apache.http.wire -  >> "[0xbd]C1[0xef][0xbf][0xbd][0x1b][0xef][0xbf][0xbd]'[0xef][0xbf][0xbd][0x1d][0xef][0xbf][0xbd][0xef][0xbf][0xbd][0x10]4)U[0xef][0xbf][0xbd][0x12][0xef][0xbf][0xbd][0x13][0xef][0xbf][0xbd][0xef][0xbf][0xbd][0xef][0xbf][0xbd]RG [0xef][0xbf][0xbd][0x16][0x1b][0xef][0xbf][0xbd][0xef][0xbf][0xbd]>[0x14][0xef][0xbf][0xbd][0xef][0xbf][0xbd][0xef][0xbf][0xbd][0xef][0xbf][0xbd][0x15][0xef][0xbf][0xbd]fWU[0x17][0xef][0xbf][0xbd]r[0xef][0xbf][0xbd]L[0xef][0xbf][0xbd],[0xef][0xbf][0xbd]G<S[0xef][0xbf][0xbd]h[0x1][0xef][0xbf][0xbd][0xef][0xbf][0xbd]@[0xf][0xef][0xbf][0xbd][0xef][0xbf][0xbd][0xef][0xbf][0xbd]|i[0xef][0xbf][0xbd]'o_'[0xc5][0x83][0x14][0xef][0xbf][0xbd]n:[0xef][0xbf][0xbd][0xd5][0x8f][0xef][0xbf][0xbd][0x10]?[0xef][0xbf][0xbd][0xef][0xbf][0xbd][0x14][0xef][0xbf][0xbd]^[0xef][0xbf][0xbd][0x7][0xef][0xbf][0xbd][0x9][0x12][0xef][0xbf][0xbd][0xef][0xbf][0xbd]t[0xef][0xbf][0xbd]iK[0xb]3h[0xef][0xbf][0xbd][0xef][0xbf][0xbd][0xef][0xbf][0xbd]z[0xef][0xbf][0xbd][0x14][0xef][0xbf][0xbd][0xef][0xbf][0xbd]Y[0xef][0xbf][0xbd][0xef][0xbf][0xbd]@2[0xdc][0x85][0xef][0xbf][0xbd][0xef][0xbf][0xbd][0xc][0xef][0xbf][0xbd][0xef][0xbf][0xbd][0x1b] [0xef][0xbf][0xbd][0x8][0xef][0xbf][0xbd][0xef][0xbf][0xbd][0xef][0xbf][0xbd]u[0x15][0x5][0xef][0xbf][0xbd][0x1b]L@r[0xef][0xbf][0xbd][p/vi|[0x1d]w[0xef][0xbf][0xbd]=%[0xef][0xbf][0xbd][0xef][0xbf][0xbd][0xef][0xbf][0xbd][0xef][0xbf][0xbd]:[0xef][0xbf][0xbd])P[0xef][0xbf][0xbd][0x1][0xef][0xbf][0xbd]PZ[0xef][0xbf][0xbd]2Y[0xef][0xbf][0xbd][0xef][0xbf][0xbd][0x6]n[0xef][0xbf][0xbd][0x10]K[0xef][0xbf][0xbd][0xf][0xef][0xbf][0xbd]*KA[0xef][0xbf][0xbd]g;i[0xef][0xbf][0xbd]*[0xef][0xbf][0xbd][0x14]O[0x9][0xef][0xbf][0xbd][0x18]#[0xef][0xbf][0xbd]X[0xef][0xbf][0xbd]#[0xef][0xbf][0xbd][0xef][0xbf][0xbd][0xef][0xbf][0xbd][0x4][0xef][0xbf][0xbd][\n]"
07:56:30.748 [main] DEBUG org.apache.http.wire -  >> "[0x1b][0xef][0xbf][0xbd][x[0x13]Hj[0xef][0xbf][0xbd]4[0xef][0xbf][0xbd][0x14]8[0xef][0xbf][0xbd]P[0xef][0xbf][0xbd][0xef][0xbf][0xbd][0xef][0xbf][0xbd][0x11][0x1c]Y[0xef][0xbf][0xbd][0xef][0xbf][0xbd][0xef][0xbf][0xbd]nW[0xef][0xbf][0xbd][0xef][0xbf][0xbd]-#[0xef][0xbf][0xbd]o[0x1b][0xef][0xbf][0xbd][0xef][0xbf][0xbd][0xef][0xbf][0xbd]\[0xef][0xbf][0xbd][0xef][0xbf][0xbd]I[0xef][0xbf][0xbd][0x1c][\r]D[0xef][0xbf][0xbd]}W[0xef][0xbf][0xbd][0xef][0xbf][0xbd][0xef][0xbf][0xbd]Z[0xef][0xbf][0xbd].\[0xef][0xbf][0xbd][0x1]l[0x4][0xef][0xbf][0xbd][0xef][0xbf][0xbd]y[0x18][0xef][0xbf][0xbd]][0x12]&6[0xef][0xbf][0xbd][0x17][0xef][0xbf][0xbd]3[0xef][0xbf][0xbd][0xef][0xbf][0xbd]nA[0xef][0xbf][0xbd]n8[0xef][0xbf][0xbd][0xef][0xbf][0xbd]4u[0xef][0xbf][0xbd][0xef][0xbf][0xbd][0xef][0xbf][0xbd]5[0xef][0xbf][0xbd][0xef][0xbf][0xbd]O[0xef][0xbf][0xbd][0xef][0xbf][0xbd][0xef][0xbf][0xbd]2[0x5][0xef][0xbf][0xbd][0xef][0xbf][0xbd][0xef][0xbf][0xbd][0xef][0xbf][0xbd]L[0xef][0xbf][0xbd][0xef][0xbf][0xbd]7[0xef][0xbf][0xbd][0xef][0xbf][0xbd][0xef][0xbf][0xbd]~[0xef][0xbf][0xbd].0[0x1f][0xef][0xbf][0xbd][0x15][0xef][0xbf][0xbd][0xef][0xbf][0xbd]x[0x15][0xef][0xbf][0xbd][0x18][0xef][0xbf][0xbd][0xef][0xbf][0xbd]fg[0xef][0xbf][0xbd]F[0xef][0xbf][0xbd]J[0x18]a[0xef][0xbf][0xbd].[0xef][0xbf][0xbd]<`[0xef][0xbf][0xbd]"[0xef][0xbf][0xbd][0x13][0x15][0xb][0xef][0xbf][0xbd]z[0xc][\r][0xef][0xbf][0xbd][0xef][0xbf][0xbd][0xef][0xbf][0xbd][0xe8][0x8b][0xae][0xef][0xbf][0xbd][0x1c][0xef][0xbf][0xbd][0xef][0xbf][0xbd][0xef][0xbf][0xbd][0x12][0x1d][0xc]C[0x1d][0xef][0xbf][0xbd][0xef][0xbf][0xbd]x[0xd9][0x88][0xef][0xbf][0xbd][0xef][0xbf][0xbd]#[0xef][0xbf][0xbd][0xf0][0xa3][0x9e][0xa9][0xef][0xbf][0xbd]N[0xef][0xbf][0xbd][0xef][0xbf][0xbd][0xef][0xbf][0xbd]=[0xef][0xbf][0xbd][0xef][0xbf][0xbd][0xef][0xbf][0xbd]7_[0xef][0xbf][0xbd][0xef][0xbf][0xbd]So"[0x1e][0xef][0xbf][0xbd]-[0xef][0xbf][0xbd][0x9]:[0xef][0xbf][0xbd][0xef][0xbf][0xbd]=9[0xef][0xbf][0xbd]_[0xb]h[0xef][0xbf][0xbd]M[0xef][0xbf][0xbd][0x10][0xef][0xbf][0xbd][0xef][0xbf][0xbd][0xef][0xbf][0xbd][0x17][0xef][0xbf][0xbd]?A[0x12][0xef][0xbf][0xbd][0xef][0xbf][0xbd][0xef][0xbf][0xbd][0xef][0xbf][0xbd]UG[0xef][0xbf][0xbd]eQ[0xef][0xbf][0xbd][0x18][0xef][0xbf][0xbd][0xe][0xc2][0xb0][0xef][0xbf][0xbd][0xef][0xbf][0xbd][0x8][0x12]\;![0xef][0xbf][0xbd][0xef][0xbf][0xbd][0xef][0xbf][0xbd]1H[0xef][0xbf][0xbd] x[0xef][0xbf][0xbd] [0xef][0xbf][0xbd][0xef][0xbf][0xbd][0xef][0xbf][0xbd][0x1d]@jT[0xef][0xbf][0xbd][0xef][0xbf][0xbd][0xef][0xbf][0xbd][0x4][0x0]j[0xef][0xbf][0xbd][0xef][0xbf][0xbd][0xef][0xbf][0xbd][0xef][0xbf][0xbd][0xef][0xbf][0xbd][0x1f][0x8][0x19][0xef][0xbf][0xbd][0xef][0xbf][0xbd][0xef][0xbf][0xbd][0xef][0xbf][0xbd][0xef][0xbf][0xbd]R[0xef][0xbf][0xbd][0xc7][0x98][0xb]%ui[0xef][0xbf][0xbd][0x5]R7Jk[0x4][0xef][0xbf][0xbd]bv[0xef][0xbf][0xbd]Z[0xef][0xbf][0xbd][0xef][0xbf][0xbd]E[0xef][0xbf][0xbd]B[0xef][0xbf][0xbd]Z{[0xef][0xbf][0xbd]y@[0xef][0xbf][0xbd]U([0x7]\[0xef][0xbf][0xbd]*[0xef][0xbf][0xbd]o[0xef][0xbf][0xbd][0x8]5(C[0xef][0xbf][0xbd]E[0xef][0xbf][0xbd][0x7]K[0xef][0xbf][0xbd]$[0xef][0xbf][0xbd]n[0x7][\n]"
07:56:30.748 [main] DEBUG org.apache.http.wire -  >> "[0xef][0xbf][0xbd][0xef][0xbf][0xbd][0x4]([0xef][0xbf][0xbd]$[0xef][0xbf][0xbd][0xef][0xbf][0xbd][0xef][0xbf][0xbd][0xef][0xbf][0xbd][0xef][0xbf][0xbd]$>[0xef][0xbf][0xbd]F[0xef][0xbf][0xbd][0xef][0xbf][0xbd]K[0xef][0xbf][0xbd][0x3]-[0xef][0xbf][0xbd]X[0x1a]~[0x1b][0xef][0xbf][0xbd][0xef][0xbf][0xbd][0x0][0xcd][0xae][0xef][0xbf][0xbd]Rv[0xef][0xbf][0xbd][0xef][0xbf][0xbd][0xef][0xbf][0xbd]h[0xef][0xbf][0xbd]T[0xef][0xbf][0xbd][0x2][0x5][0x18][0xef][0xbf][0xbd]*.[0xef][0xbf][0xbd][0xef][0xbf][0xbd]_[0xef][0xbf][0xbd][0xef][0xbf][0xbd][0xde][0xa3][0x8]Q:[0xef][0xbf][0xbd][\n]"
07:56:30.748 [main] DEBUG org.apache.http.wire -  >> "[0xef][0xbf][0xbd]z[0xe5][0xa0][0x9a][0xef][0xbf][0xbd]3[0xef][0xbf][0xbd][0xef][0xbf][0xbd].V1[\n]"
07:56:30.748 [main] DEBUG org.apache.http.wire -  >> "[0xef][0xbf][0xbd][0xef][0xbf][0xbd]8,Qw[0xef][0xbf][0xbd]H5kT[0xef][0xbf][0xbd][0x17][0xef][0xbf][0xbd][0xd4][0x9a][0xef][0xbf][0xbd][0x1c][0xc6][0xb2][0x14][0xef][0xbf][0xbd][0xef][0xbf][0xbd]xA[0xef][0xbf][0xbd]?[0xef][0xbf][0xbd]oyQ0C[0xef][0xbf][0xbd][0xef][0xbf][0xbd]0[0x3][0xd2][0x86][0xef][0xbf][0xbd]{[0xef][0xbf][0xbd][0xef][0xbf][0xbd][0xef][0xbf][0xbd][0xef][0xbf][0xbd][0xdd][0x96][0xef][0xbf][0xbd][0xef][0xbf][0xbd][0xef][0xbf][0xbd][0xef][0xbf][0xbd]/[0xef][0xbf][0xbd][0xef][0xbf][0xbd]O[0xef][0xbf][0xbd][0x14][0xef][0xbf][0xbd][0xef][0xbf][0xbd][0x3][0xef][0xbf][0xbd][0x10]{<[0xef][0xbf][0xbd][0xef][0xbf][0xbd]V[0xef][0xbf][0xbd][0x6][0xef][0xbf][0xbd]Sa[0xef][0xbf][0xbd]om[0xef][0xbf][0xbd]g[0xde][0xb4][0xef][0xbf][0xbd][0xef][0xbf][0xbd][0xef][0xbf][0xbd][0x16][0xef][0xbf][0xbd]'t[0xef][0xbf][0xbd][0xc3][0x9e]}[0xef][0xbf][0xbd][0xef][0xbf][0xbd]k([0xef][0xbf][0xbd]e[0xca][0xa0][0xef][0xbf][0xbd]hjE[0xef][0xbf][0xbd]<[0xef][0xbf][0xbd][0x1f]Zb[0xef][0xbf][0xbd][0x3]bL1n[0xef][0xbf][0xbd]k[0xef][0xbf][0xbd]W[0xef][0xbf][0xbd][0xf][0xef][0xbf][0xbd][0xef][0xbf][0xbd][0xef][0xbf][0xbd]][0xef][0xbf][0xbd][0xef][0xbf][0xbd]^[0x16]1dh"X[0xef][0xbf][0xbd][0xef][0xbf][0xbd][0xef][0xbf][0xbd]:[0xef][0xbf][0xbd][0x1f]U[0xef][0xbf][0xbd][0xef][0xbf][0xbd][0xef][0xbf][0xbd]^Yi[0xef][0xbf][0xbd][0xef][0xbf][0xbd]2[0xef][0xbf][0xbd][0xef][0xbf][0xbd][0xef][0xbf][0xbd][0x10][0xef][0xbf][0xbd][0xef][0xbf][0xbd][0xef][0xbf][0xbd]Ft[0xef][0xbf][0xbd][0x1f][0xef][0xbf][0xbd][0xef][0xbf][0xbd][0x1f]m[0x2](mb-[0xef][0xbf][0xbd][0xef][0xbf][0xbd][0xef][0xbf][0xbd]6[[0x1]X[0xef][0xbf][0xbd][0xef][0xbf][0xbd]1[0xef][0xbf][0xbd]uH[0xef][0xbf][0xbd][0xef][0xbf][0xbd][0xef][0xbf][0xbd][0x1f][0xef][0xbf][0xbd][0xdd][0x9b][0xef][0xbf][0xbd]Wb[0xef][0xbf][0xbd][[0xef][0xbf][0xbd]X[0xef][0xbf][0xbd]AV[0xef][0xbf][0xbd][0xef][0xbf][0xbd][0xef][0xbf][0xbd]J[0x12]P[0xef][0xbf][0xbd][0xef][0xbf][0xbd]Q[0xef][0xbf][0xbd][0xef][0xbf][0xbd][0x11][0x4][0xef][0xbf][0xbd][0xe][0xef][0xbf][0xbd][0xef][0xbf][0xbd][0xef][0xbf][0xbd][0xef][0xbf][0xbd][0xef][0xbf][0xbd][0xef][0xbf][0xbd][0xef][0xbf][0xbd][0xef][0xbf][0xbd][0xef][0xbf][0xbd][0xef][0xbf][0xbd][0xef][0xbf][0xbd]g[0x5]S[0xef][0xbf][0xbd][0xef][0xbf][0xbd][0xb][0xef][0xbf][0xbd]"[0xef][0xbf][0xbd][0x1a][0xef][0xbf][0xbd]n?[0xef][0xbf][0xbd][0xef][0xbf][0xbd]c\N[0xef][0xbf][0xbd]([0x1][0xef][0xbf][0xbd][0xef][0xbf][0xbd]<Ko[0xef][0xbf][0xbd][0xef][0xbf][0xbd][0xef][0xbf][0xbd]K[0xef][0xbf][0xbd][0xef][0xbf][0xbd]h[0xef][0xbf][0xbd]s[0x1a][0xef][0xbf][0xbd][0xef][0xbf][0xbd]=[0xef][0xbf][0xbd]]Cp[0xcc][0xa4][0xef][0xbf][0xbd][0xef][0xbf][0xbd]n[0xef][0xbf][0xbd]R[0xef][0xbf][0xbd][0xef][0xbf][0xbd][0xef][0xbf][0xbd][0xef][0xbf][0xbd][0x2]F[0x4][0xef][0xbf][0xbd][0xef][0xbf][0xbd][0x5][0xef][0xbf][0xbd][0x1b][0xef][0xbf][0xbd][0xef][0xbf][0xbd]"[0xef][0xbf][0xbd] 4[0xef][0xbf][0xbd][0xef][0xbf][0xbd]v[0xef][0xbf][0xbd][0xef][0xbf][0xbd][0x9]v[0x18]Z[0x0]i5[0x17][0x0]&[0xef][0xbf][0xbd]k[0x10][0xef][0xbf][0xbd]~[0xef][0xbf][0xbd]cP[0xef][0xbf][0xbd],s[0xc][0xef][0xbf][0xbd]t[0xef][0xbf][0xbd]o][0xef][0xbf][0xbd][0xef][0xbf][0xbd]6[0xef][0xbf][0xbd]%4[[0xef][0xbf][0xbd][0xef][0xbf][0xbd]Fp[0xef][0xbf][0xbd][0xef][0xbf][0xbd]X[0xef][0xbf][0xbd][0xef][0xbf][0xbd][0x8]2[0xef][0xbf][0xbd]{[0xef][0xbf][0xbd]T[0xef][0xbf][0xbd][0xef][0xbf][0xbd]+[0xef][0xbf][0xbd][0xef][0xbf][0xbd]q[0x1d]{![0xef][0xbf][0xbd][0xef][0xbf][0xbd][0xef][0xbf][0xbd]<[0xef][0xbf][0xbd][0xef][0xbf][0xbd]C[0xef][0xbf][0xbd][0xef][0xbf][0xbd]$DCp#[0xef][0xbf][0xbd][0xef][0xbf][0xbd]U[0xef][0xbf][0xbd][0xef][0xbf][0xbd]7[0xef][0xbf][0xbd][0xef][0xbf][0xbd][0xef][0xbf][0xbd][0xef][0xbf][0xbd]d[0xef][0xbf][0xbd][0x13]- {[0xf]h[0xef][0xbf][0xbd][0x1f][0xef][0xbf][0xbd]={[0xef][0xbf][0xbd][0xef][0xbf][0xbd]+3[0xef][0xbf][0xbd][0xef][0xbf][0xbd][0xc]E[0xef][0xbf][0xbd][0xed][0x9b][0xa4][0xef][0xbf][0xbd]\[0xef][0xbf][0xbd][0xd5][0x80]0[0xef][0xbf][0xbd][0xef][0xbf][0xbd]1U.X[0xef][0xbf][0xbd]s^[0xef][0xbf][0xbd][0xcb][0xb1]Q>[0x1e][0xef][0xbf][0xbd][0xe7][0x8d][0x97][0xef][0xbf][0xbd][0xef][0xbf][0xbd][0xef][0xbf][0xbd],[0x1c]U[0xef][0xbf][0xbd][0xef][0xbf][0xbd][0xef][0xbf][0xbd]}[0xef][0xbf][0xbd]\[0x1][0x19][0x17]IC[0x1b][~[0x6][0xef][0xbf][0xbd][0xd3][0x82]([0xef][0xbf][0xbd][0xef][0xbf][0xbd]{*vb![0xef][0xbf][0xbd][0xef][0xbf][0xbd][0x2][0xea][0xb5][0xa9]{[0x8][0xef][0xbf][0xbd][0xef][0xbf][0xbd][0xef][0xbf][0xbd]&[0xef][0xbf][0xbd][0x15][0xef][0xbf][0xbd]!#'[0xef][0xbf][0xbd][0xef][0xbf][0xbd]Y[0xef][0xbf][0xbd]E[0xef][0xbf][0xbd][0xef][0xbf][0xbd]b[0xef][0xbf][0xbd][0xef][0xbf][0xbd][0xef][0xbf][0xbd][0xef][0xbf][0xbd]zS3[0xd7][0xa2]&[0xef][0xbf][0xbd][0xef][0xbf][0xbd][0xef][0xbf][0xbd]g[0xef][0xbf][0xbd][0xef][0xbf][0xbd][0xef][0xbf][0xbd]![0xef][0xbf][0xbd][0xf][0xef][0xbf][0xbd]?[0xef][0xbf][0xbd]^S[0xef][0xbf][0xbd]ja[0xef][0xbf][0xbd][\r][0xef][0xbf][0xbd][0xef][0xbf][0xbd]Fi7[0x5][0xef][0xbf][0xbd]l[0xef][0xbf][0xbd]u[0xef][0xbf][0xbd]P[0xef][0xbf][0xbd][0xef][0xbf][0xbd][0xef][0xbf][0xbd][0x1b][0xca][0x8a][0xef][0xbf][0xbd][0xef][0xbf][0xbd]l[0x1][0xef][0xbf][0xbd][0xef][0xbf][0xbd][0xef][0xbf][0xbd][0xef][0xbf][0xbd]Y[0xef][0xbf][0xbd]z[0x1f][0xef][0xbf][0xbd]8[\n]"
07:56:30.748 [main] DEBUG org.apache.http.wire -  >> "[0x0][0xef][0xbf][0xbd]+[0xef][0xbf][0xbd][0xef][0xbf][0xbd][0xef][0xbf][0xbd]F[0xef][0xbf][0xbd][0xc9][0xbc][0x1b]7[0xef][0xbf][0xbd][0xef][0xbf][0xbd][0xcd][0xb8][0xb][0xef][0xbf][0xbd][0xef][0xbf][0xbd][0x8]7[0x11][0xef][0xbf][0xbd][0xef][0xbf][0xbd][0xef][0xbf][0xbd][0xef][0xbf][0xbd]6[0xef][0xbf][0xbd][0xc][0xef][0xbf][0xbd]6B[0x1]2[0xef][0xbf][0xbd]Y[0xef][0xbf][0xbd]c[0x1b][0xef][0xbf][0xbd]J[0x9][0xef][0xbf][0xbd][0xef][0xbf][0xbd]&[0xef][0xbf][0xbd];[0x10]}g[0xca][0xb6]u[0x1d][0xef][0xbf][0xbd]+[0xef][0xbf][0xbd]!<[0xef][0xbf][0xbd][0xcb][0x92][0xc3][0xb8]Y_[0xef][0xbf][0xbd][0xef][0xbf][0xbd][0xef][0xbf][0xbd][0xf]0;[0xc8][0xb7][0xef][0xbf][0xbd]ky[0xef][0xbf][0xbd]#[0xef][0xbf][0xbd][0xef][0xbf][0xbd]N[0xef][0xbf][0xbd][0x1e][0x13][0x19][0xef][0xbf][0xbd][0xef][0xbf][0xbd][0xc8][0x8d]P[0xef][0xbf][0xbd]`(J[0xef][0xbf][0xbd][0xb][0xef][0xbf][0xbd]][0xef][0xbf][0xbd]?[0xef][0xbf][0xbd]/[0xef][0xbf][0xbd][0x13][0xef][0xbf][0xbd][0xef][0xbf][0xbd][0xef][0xbf][0xbd][0xef][0xbf][0xbd]u[0x6][0xef][0xbf][0xbd][0xef][0xbf][0xbd]q[0xef][0xbf][0xbd]{[0xef][0xbf][0xbd][0xef][0xbf][0xbd][0xef][0xbf][0xbd][0xef][0xbf][0xbd][0xef][0xbf][0xbd]s_[0xef][0xbf][0xbd][0xef][0xbf][0xbd][0xef][0xbf][0xbd][0xef][0xbf][0xbd]k[0xef][0xbf][0xbd]G[0xef][0xbf][0xbd][0x1d][0xef][0xbf][0xbd][0xef][0xbf][0xbd]{o][0xef][0xbf][0xbd][0xef][0xbf][0xbd]?[0xef][0xbf][0xbd][0xef][0xbf][0xbd][0xef][0xbf][0xbd][0x14]v[0x6]q[0xef][0xbf][0xbd][0xef][0xbf][0xbd][0x1b][0x1b][0xef][0xbf][0xbd]s[0xef][0xbf][0xbd]r[0xef][0xbf][0xbd][0xef][0xbf][0xbd]R[0xef][0xbf][0xbd][0xef][0xbf][0xbd]#[0xef][0xbf][0xbd][0xef][0xbf][0xbd][0xef][0xbf][0xbd][0xef][0xbf][0xbd][0xef][0xbf][0xbd][0xef][0xbf][0xbd]\[0xef][0xbf][0xbd][0xef][0xbf][0xbd]Y[0xe][0xef][0xbf][0xbd],B[0xef][0xbf][0xbd]Y[0x9][0xef][0xbf][0xbd][0xef][0xbf][0xbd][0x0][0xef][0xbf][0xbd][0xef][0xbf][0xbd][0xef][0xbf][0xbd]2Q[0xef][0xbf][0xbd][0xef][0xbf][0xbd][0xef][0xbf][0xbd]>[0x1a][0xef][0xbf][0xbd])[0xef][0xbf][0xbd][0xef][0xbf][0xbd][0xef][0xbf][0xbd]85[0x7][0xef][0xbf][0xbd][0xef][0xbf][0xbd][0xef][0xbf][0xbd]8[0xef][0xbf][0xbd][0x19][0xef][0xbf][0xbd][0xef][0xbf][0xbd][0xef][0xbf][0xbd]@[0xef][0xbf][0xbd][0xef][0xbf][0xbd][0xef][0xbf][0xbd]E[0xef][0xbf][0xbd][0x9]`[0x1b]J[0xef][0xbf][0xbd][0xef][0xbf][0xbd][0xef][0xbf][0xbd][0xef][0xbf][0xbd]B[0xef][0xbf][0xbd]![0xef][0xbf][0xbd]d[0xef][0xbf][0xbd][0xef][0xbf][0xbd][0x1b][0xef][0xbf][0xbd][0xef][0xbf][0xbd][0xef][0xbf][0xbd]`[0xef][0xbf][0xbd][0xef][0xbf][0xbd][0xef][0xbf][0xbd]2?[0xef][0xbf][0xbd]M>[0x16][0xef][0xbf][0xbd]U.[0xef][0xbf][0xbd][0xef][0xbf][0xbd]5u'S[0xef][0xbf][0xbd][0xef][0xbf][0xbd][0xef][0xbf][0xbd]r[0xef][0xbf][0xbd][0x0]([0xef][0xbf][0xbd][0xef][0xbf][0xbd]i[0x17]h0[0xef][0xbf][0xbd][0x6]|;[0xef][0xbf][0xbd][\r]\e^[0xef][0xbf][0xbd][\r][0xef][0xbf][0xbd]^[0xca][0xab][0x12]^[0xef][0xbf][0xbd][0xef][0xbf][0xbd][0xef][0xbf][0xbd][0xef][0xbf][0xbd][0x4]17[0xef][0xbf][0xbd][0xef][0xbf][0xbd][0xc8][0x8b][0xef][0xbf][0xbd]T[0xef][0xbf][0xbd][0xef][0xbf][0xbd][0xef][0xbf][0xbd]$[0x2][0xef][0xbf][0xbd][0xef][0xbf][0xbd]([0x17][0x11][0xef][0xbf][0xbd][0x6][0xd6][0xb9][0xef][0xbf][0xbd][0xef][0xbf][0xbd][0xef][0xbf][0xbd]g8[0xef][0xbf][0xbd][0xb][0xef][0xbf][0xbd]I[0xef][0xbf][0xbd][0xef][0xbf][0xbd][0x14]KK[0xd8][0xa2][0xef][0xbf][0xbd][0xc9][0x92][0xef][0xbf][0xbd]jga[0xef][0xbf][0xbd][0xef][0xbf][0xbd][0xef][0xbf][0xbd][0xef][0xbf][0xbd][0x0][0xef][0xbf][0xbd][0xef][0xbf][0xbd][0xef][0xbf][0xbd][0xef][0xbf][0xbd]t[0xef][0xbf][0xbd]ZI[0xef][0xbf][0xbd][0x4][0xef][0xbf][0xbd][0x10]pA[0xef][0xbf][0xbd]~[0xef][0xbf][0xbd]>[0xef][0xbf][0xbd][0xef][0xbf][0xbd][0x18][0xef][0xbf][0xbd][\r][0xef][0xbf][0xbd][0x14][0xef][0xbf][0xbd][0xef][0xbf][0xbd]9[0xef][0xbf][0xbd]![0xef][0xbf][0xbd][0xef][0xbf][0xbd][0xef][0xbf][0xbd]#[0xef][0xbf][0xbd]v[0x1a][0xef][0xbf][0xbd][0x19][0xef][0xbf][0xbd]*#[0xef][0xbf][0xbd][0xef][0xbf][0xbd]![0xef][0xbf][0xbd][0xef][0xbf][0xbd][0xef][0xbf][0xbd][0xef][0xbf][0xbd][0xef][0xbf][0xbd][0xef][0xbf][0xbd]>[0xef][0xbf][0xbd][0x1c][0xef][0xbf][0xbd][0xef][0xbf][0xbd]N;[0xef][0xbf][0xbd]X[0xef][0xbf][0xbd]s[0xef][0xbf][0xbd][0xef][0xbf][0xbd]6[0xdc][0x9e][0xef][0xbf][0xbd]\z[0xef][0xbf][0xbd];[0xef][0xbf][0xbd]m&[0xef][0xbf][0xbd]2b[0xef][0xbf][0xbd][0xef][0xbf][0xbd]q[0xef][0xbf][0xbd][0xef][0xbf][0xbd],2[0xef][0xbf][0xbd][0xef][0xbf][0xbd][0xef][0xbf][0xbd][0xef][0xbf][0xbd][0xef][0xbf][0xbd][0x7][0xef][0xbf][0xbd]F[0xdc][0x8a][0xef][0xbf][0xbd]2[0xef][0xbf][0xbd][\n]"
07:56:30.748 [main] DEBUG org.apache.http.wire -  >> "[0xef][0xbf][0xbd]aU[0xe][0xef][0xbf][0xbd]p[0xef][0xbf][0xbd]~[0xef][0xbf][0xbd][0xd7][0x81][0x17][0xef][0xbf][0xbd]N[0xef][0xbf][0xbd]xX[0xef][0xbf][0xbd][0xef][0xbf][0xbd][0xef][0xbf][0xbd][0xef][0xbf][0xbd][0xef][0xbf][0xbd][0xef][0xbf][0xbd][0xef][0xbf][0xbd][0xef][0xbf][0xbd][0x16][0xef][0xbf][0xbd][0xef][0xbf][0xbd][0x8][0xef][0xbf][0xbd][0xef][0xbf][0xbd][0xef][0xbf][0xbd][0xd7][0x8f][0xef][0xbf][0xbd][0xef][0xbf][0xbd]{_[0xef][0xbf][0xbd][0xe][0xef][0xbf][0xbd][0x3][0xef][0xbf][0xbd][0xef][0xbf][0xbd]iA[0xef][0xbf][0xbd][0x8][0xef][0xbf][0xbd][0xef][0xbf][0xbd][0xb]q[0xef][0xbf][0xbd][0x6]V[0x13][0x6]K\s[0xd0][0x84][0xef][0xbf][0xbd]B[0xef][0xbf][0xbd][0xef][0xbf][0xbd][0xef][0xbf][0xbd][0xc5][0x97][0xef][0xbf][0xbd][0x7][0x18][0xef][0xbf][0xbd]K$[0xef][0xbf][0xbd]-M[0xef][0xbf][0xbd]4:o9[0xef][0xbf][0xbd]e[0xef][0xbf][0xbd][0xef][0xbf][0xbd]4[0xef][0xbf][0xbd][0xe]A[0xef][0xbf][0xbd][0xef][0xbf][0xbd][0x19]3[0x1b]1F-[0xef][0xbf][0xbd][0xef][0xbf][0xbd][0x3][0x8]c[0x7][0xef][0xbf][0xbd][0x6][0x17][0xef][0xbf][0xbd][0x1c][0x1a][0xef][0xbf][0xbd]K[0xef][0xbf][0xbd][0xef][0xbf][0xbd]%[0xef][0xbf][0xbd][0xef][0xbf][0xbd][0xef][0xbf][0xbd][0x16][0xef][0xbf][0xbd][0xef][0xbf][0xbd][0xb].[0xef][0xbf][0xbd]wB[0xef][0xbf][0xbd][0x10][0xef][0xbf][0xbd]_[0x1]@I[0xef][0xbf][0xbd][0xef][0xbf][0xbd].[0xef][0xbf][0xbd]X [0x10]n[0x10][0x14][0xef][0xbf][0xbd][p!W[0xef][0xbf][0xbd]"[0xef][0xbf][0xbd][0xef][0xbf][0xbd]*[0xef][0xbf][0xbd][0x3][0xef][0xbf][0xbd][0x8][0xef][0xbf][0xbd]S[0xef][0xbf][0xbd]:[0xdc][0x86][0xef][0xbf][0xbd]b[0x12][0xef][0xbf][0xbd][0x11]c[0xef][0xbf][0xbd][0xef][0xbf][0xbd][0x1b][0xe]u[0x10][0x14]{[0xef][0xbf][0xbd]w[\n]"
07:56:30.749 [main] DEBUG org.apache.http.wire -  >> "[0xef][0xbf][0xbd][0xef][0xbf][0xbd][0xef][0xbf][0xbd]0@p[0xef][0xbf][0xbd][0xd3][0xac]`[0xef][0xbf][0xbd]O[0x3][0x11][0xef][0xbf][0xbd][0xd1][0x8c][0xef][0xbf][0xbd])[0xef][0xbf][0xbd]-Y/[0x1][0xef][0xbf][0xbd][0xc][0xce][0xa0][0x2]o3[0xef][0xbf][0xbd][0xc2][0xa8]![0x1f][0xef][0xbf][0xbd]-Z[0xf][0xef][0xbf][0xbd][0xef][0xbf][0xbd]!K)DE[0x19][0xef][0xbf][0xbd].[0xef][0xbf][0xbd][0xef][0xbf][0xbd]6.4[0xef][0xbf][0xbd]L[0xef][0xbf][0xbd][0xf][0xef][0xbf][0xbd][0x19]v[0xef][0xbf][0xbd]%[0xef][0xbf][0xbd]IR[0xef][0xbf][0xbd][0xef][0xbf][0xbd][0x14][0x15][0xef][0xbf][0xbd]V[0xef][0xbf][0xbd]r[0xef][0xbf][0xbd]3[0x15][0xef][0xbf][0xbd]i![0xef][0xbf][0xbd][0xd9][0xb4][0x6][0xef][0xbf][0xbd][0xef][0xbf][0xbd]y[0xef][0xbf][0xbd][0xef][0xbf][0xbd][0xd1][0xa8][0xef][0xbf][0xbd][0xef][0xbf][0xbd][0xef][0xbf][0xbd][0xef][0xbf][0xbd]jG[0xef][0xbf][0xbd]N[0xef][0xbf][0xbd]P[0x5][0xef][0xbf][0xbd]|[0xef][0xbf][0xbd];[0xc6][0xb8][0xef][0xbf][0xbd][0xef][0xbf][0xbd]wMX[0xef][0xbf][0xbd]f[0xef][0xbf][0xbd]:[0xef][0xbf][0xbd][0xef][0xbf][0xbd][0xb]@[0xef][0xbf][0xbd]5G[0xef][0xbf][0xbd][0xef][0xbf][0xbd][0x3]A^[0xd2][0x85][0xdd][0xbc][0xf][0x13]0[0x2]_[0xef][0xbf][0xbd][0xef][0xbf][0xbd][0xef][0xbf][0xbd][0xef][0xbf][0xbd][0xee][0x9b][0xa1][0x13]6U&[0xef][0xbf][0xbd][0xef][0xbf][0xbd]|[0xef][0xbf][0xbd][0xef][0xbf][0xbd]~[0xef][0xbf][0xbd][0xef][0xbf][0xbd]gZ@[0xef][0xbf][0xbd]C[0xef][0xbf][0xbd][0x1f][0xef][0xbf][0xbd]w~[0xef][0xbf][0xbd][0xef][0xbf][0xbd]8[0xef][0xbf][0xbd][0xef][0xbf][0xbd]{R[0x7][0xef][0xbf][0xbd][0xdd][0x91][0xef][0xbf][0xbd]m[0xef][0xbf][0xbd]pB[0xef][0xbf][0xbd][0x1][0xef][0xbf][0xbd]{NqkM[0xef][0xbf][0xbd][0xef][0xbf][0xbd]=[0xef][0xbf][0xbd]eN]ro[0xef][0xbf][0xbd][0x14][0xef][0xbf][0xbd]\[0xef][0xbf][0xbd][0xef][0xbf][0xbd][0xef][0xbf][0xbd]H[0xef][0xbf][0xbd][0xef][0xbf][0xbd]?`[0xef][0xbf][0xbd]`[0xef][0xbf][0xbd][0xef][0xbf][0xbd]H2[0x14]nt[0xef][0xbf][0xbd][0xef][0xbf][0xbd];[0xef][0xbf][0xbd][0x4]6[0xef][0xbf][0xbd]z[0xef][0xbf][0xbd]7[[0x0]T[0xef][0xbf][0xbd]"p([0xef][0xbf][0xbd]0[0xef][0xbf][0xbd][0x3][0xef][0xbf][0xbd][0xde][0x99][0xef][0xbf][0xbd][0xef][0xbf][0xbd][0xef][0xbf][0xbd][0x17]H[0xe]az@X[0xef][0xbf][0xbd][0xef][0xbf][0xbd]e[0xef][0xbf][0xbd]m[0xc7][0xb1]Q[0xef][0xbf][0xbd][0x0][0x18]l[0xef][0xbf][0xbd][0xef][0xbf][0xbd][0x1e]j[0xef][0xbf][0xbd][0xef][0xbf][0xbd])[0xef][0xbf][0xbd]I[0xef][0xbf][0xbd][0xef][0xbf][0xbd][0xdc][0x94][0x16][0xef][0xbf][0xbd]Cu[\r][0xc6][0xb9][0xef][0xbf][0xbd][0xef][0xbf][0xbd],[0xef][0xbf][0xbd]%[0xef][0xbf][0xbd]G[0x9][0xea][0x93][0xb2][0xef][0xbf][0xbd]N[0xf][0xef][0xbf][0xbd][0xef][0xbf][0xbd]- l[0x8][0x7][0xef][0xbf][0xbd][0xef][0xbf][0xbd]Q,[0xef][0xbf][0xbd][0xef][0xbf][0xbd]lv[0xef][0xbf][0xbd]#[0xef][0xbf][0xbd][0xef][0xbf][0xbd][0xef][0xbf][0xbd][0xef][0xbf][0xbd][0xef][0xbf][0xbd]'[0x17][0xef][0xbf][0xbd]\n[0xef][0xbf][0xbd][0x2][0xef][0xbf][0xbd][0xd9][0xbe]n[0xef][0xbf][0xbd]4 [0xef][0xbf][0xbd]MK^[0x5][0xef][0xbf][0xbd][0x18][0xef][0xbf][0xbd]l[0xef][0xbf][0xbd][0xef][0xbf][0xbd]Wz[0xef][0xbf][0xbd][0xef][0xbf][0xbd][0xef][0xbf][0xbd]~[0xef][0xbf][0xbd]Pi}[0x9]SX[0x9][0x0][0x8][0xef][0xbf][0xbd][\r][0xef][0xbf][0xbd]H[0xef][0xbf][0xbd]%[0xef][0xbf][0xbd][0xef][0xbf][0xbd]^[0xef][0xbf][0xbd][0xef][0xbf][0xbd][0xef][0xbf][0xbd][0xef][0xbf][0xbd][0xef][0xbf][0xbd][0xef][0xbf][0xbd]r[0x9][0xef][0xbf][0xbd][0xef][0xbf][0xbd][0xef][0xbf][0xbd][0x5][0xef][0xbf][0xbd][0x0][0x8][0xef][0xbf][0xbd][0xef][0xbf][0xbd]t[0x17]~D+"Fs[0xef][0xbf][0xbd][0xef][0xbf][0xbd]e[0xef][0xbf][0xbd][0x17][0xef][0xbf][0xbd]h[0xef][0xbf][0xbd][0xef][0xbf][0xbd][0xef][0xbf][0xbd][0x19][0xef][0xbf][0xbd][0xb][0x7]0s[0xef][0xbf][0xbd][0xef][0xbf]"
07:56:30.749 [main] DEBUG org.apache.http.wire -  >> "[0xbd][0xc4][0x94][0xef][0xbf][0xbd][0xef][0xbf][0xbd][0x1c]V[0xef][0xbf][0xbd][0xef][0xbf][0xbd]W[0xef][0xbf][0xbd]qj[0x12][0xef][0xbf][0xbd][0x7][0xef][0xbf][0xbd][0xef][0xbf][0xbd];.[0xef][0xbf][0xbd]Y[0xef][0xbf][0xbd]UM[0xef][0xbf][0xbd]*`F[0xef][0xbf][0xbd]?[0xef][0xbf][0xbd][0xef][0xbf][0xbd][0xef][0xbf][0xbd][0xef][0xbf][0xbd]5Vc[0xef][0xbf][0xbd][0xef][0xbf][0xbd][0x16][0x10][0xef][0xbf][0xbd][0xef][0xbf][0xbd][0xef][0xbf][0xbd][0xef][0xbf][0xbd][0x9][0xef][0xbf][0xbd][0xef][0xbf][0xbd]^w=NsL[0xef][0xbf][0xbd][0xb]T0[0xef][0xbf][0xbd][0xef][0xbf][0xbd][0xef][0xbf][0xbd]n[0xef][0xbf][0xbd][0xef][0xbf][0xbd]5[0xef][0xbf][0xbd][0x0]h[0x1][0xef][0xbf][0xbd][0xf]A[0xf][0xef][0xbf][0xbd][0xef][0xbf][0xbd][0xef][0xbf][0xbd][0xef][0xbf][0xbd]u[0xef][0xbf][0xbd][0xef][0xbf][0xbd][0xef][0xbf][0xbd]?[0x7]3[\r]s[0x15][0x1e]7[0xef][0xbf][0xbd][0xef][0xbf][0xbd][0x4]A [0x6]0*[0xe5][0xbc][0xa4]l[0x1]_0[0xd8][0x8d]Gw [0xd8][0x8e][0xef][0xbf][0xbd]][0x4][0xef][0xbf][0xbd][0x7][0xef][0xbf][0xbd][0xef][0xbf][0xbd][0xef][0xbf][0xbd]D[0xef][0xbf][0xbd])[0x6][0xef][0xbf][0xbd]r)[0xef][0xbf][0xbd]f,[0xef][0xbf][0xbd][0xef][0xbf][0xbd]M[0xef][0xbf][0xbd]:C[0xef][0xbf][0xbd][0xef][0xbf][0xbd][0xef][0xbf][0xbd][0xef][0xbf][0xbd][0xef][0xbf][0xbd]<W`[0xef][0xbf][0xbd][0xef][0xbf][0xbd][0xef][0xbf][0xbd]W[0xef][0xbf][0xbd][0xef][0xbf][0xbd][0xcf][0x92][0xef][0xbf][0xbd]X[0xef][0xbf][0xbd]"[0xef][0xbf][0xbd]n[0x6][0xef][0xbf][0xbd]d[0xef][0xbf][0xbd][0xef][0xbf][0xbd][0xef][0xbf][0xbd]r[0xef][0xbf][0xbd]C[0xc][0xef][0xbf][0xbd][0xef][0xbf][0xbd][0xef][0xbf][0xbd][0xef][0xbf][0xbd][\r][0xef][0xbf][0xbd][0xef][0xbf][0xbd];O[0x5][0xef][0xbf][0xbd][0xef][0xbf][0xbd][0x1c]m[0xef][0xbf][0xbd][0xef][0xbf][0xbd][0xef][0xbf][0xbd]k[0xef][0xbf][0xbd][0xef][0xbf][0xbd]>[0xf][0xef][0xbf][0xbd][0xef][0xbf][0xbd]F[0xef][0xbf][0xbd][[0xef][0xbf][0xbd][0xef][0xbf][0xbd][0xef][0xbf][0xbd]-DiR[0xef][0xbf][0xbd]O[0xef][0xbf][0xbd][0x1][0xef][0xbf][0xbd][0xef][0xbf][0xbd]$#,[0xef][0xbf][0xbd][0xef][0xbf][0xbd]K[0xef][0xbf][0xbd]/e[0xef][0xbf][0xbd][0xef][0xbf][0xbd]|[0xef][0xbf][0xbd][0xef][0xbf][0xbd][0xef][0xbf][0xbd]ml[0xef][0xbf][0xbd]=[0x6][0xef][0xbf][0xbd]m.[0x7]7[0xef][0xbf][0xbd][[0xef][0xbf][0xbd][0xef][0xbf][0xbd][0xef][0xbf][0xbd]Y[0xef][0xbf][0xbd]wjk[0xef][0xbf][0xbd][0xef][0xbf][0xbd]K[0xc4][0x91][0xef][0xbf][0xbd]xs[0x8][0xef][0xbf][0xbd][0x18]"+F[0xef][0xbf][0xbd]is=q[0xc3][0xa6]47[0x8]<Bvh[0xef][0xbf][0xbd][0x3][0xef][0xbf][0xbd][0xef][0xbf][0xbd]w[0xef][0xbf][0xbd]_* [0xef][0xbf][0xbd][0xef][0xbf][0xbd]$8@[0xef][0xbf][0xbd]sJ[0xef][0xbf][0xbd][0x6]*[0xef][0xbf][0xbd]G[0xef][0xbf][0xbd]g+[0x9][0xef][0xbf][0xbd][0xef][0xbf][0xbd]l[0xef][0xbf][0xbd]"[0xef][0xbf][0xbd]V.L[0xef][0xbf][0xbd][0xef][0xbf][0xbd][0xef][0xbf][0xbd]#[0xef][0xbf][0xbd][0xef][0xbf][0xbd]*[0xf][0xef][0xbf][0xbd][0x2][0xef][0xbf][0xbd][0xc5][0xa1]c[0xef][0xbf][0xbd][0xef][0xbf][0xbd][0xef][0xbf][0xbd][0xf]U[0xef][0xbf][0xbd],nN{[0xef][0xbf][0xbd][0xef][0xbf][0xbd]-[0xef][0xbf][0xbd][0x3][0xef][0xbf][0xbd][0xef][0xbf][0xbd][0xef][0xbf][0xbd][0x1c][0xe3][0xad][0xad][0xef][0xbf][0xbd][0x1a]c*Bf[0xef][0xbf][0xbd][0xef][0xbf][0xbd][0x14]86[0xf]r>[0xef][0xbf][0xbd]X:[0x1e][0xef][0xbf][0xbd]Z[0xef][0xbf][0xbd]A[0xef][0xbf][0xbd][0xef][0xbf][0xbd][0xef][0xbf][0xbd]t[0xef][0xbf][0xbd]H[0xef][0xbf][0xbd]z98[0x4]P[0xef][0xbf][0xbd]b[0xef][0xbf][0xbd][0xef][0xbf][0xbd]qqU[0xef][0xbf][0xbd]+[0xef][0xbf][0xbd][0xef][0xbf][0xbd][0xef][0xbf][0xbd]=#X[0xef][0xbf][0xbd]i[0xef][0xbf][0xbd][0xef][0xbf][0xbd][0xef][0xbf][0xbd]E[0x1b][0xef][0xbf][0xbd][0xef][0xbf][0xbd][0xef][0xbf][0xbd][0xef][0xbf][0xbd]I[0xef][0xbf][0xbd]?[0xef][0xbf][0xbd][0xdb][0xa2][0x1f][0xef][0xbf][0xbd][0x1e][0xef][0xbf][0xbd][0xef][0xbf][0xbd]o[0xef][0xbf][0xbd]zu[0x11][0xef][0xbf][0xbd][0xef][0xbf][0xbd] [0xef][0xbf][0xbd]8[0xef][0xbf][0xbd]s[0xef][0xbf][0xbd]T[0xef][0xbf][0xbd]([0xef][0xbf][0xbd][0xef][0xbf][0xbd].[\n]"
07:56:30.749 [main] DEBUG org.apache.http.wire -  >> "[0xef][0xbf][0xbd]VY[[0x12]I[0xef][0xbf][0xbd]C[0xef][0xbf][0xbd]F[0xef][0xbf][0xbd]c[0x16][0xef][0xbf][0xbd][0xef][0xbf][0xbd]Y`P[0x1b]<n[\n]"
07:56:30.749 [main] DEBUG org.apache.http.wire -  >> "[0xef][0xbf][0xbd]#k[0xef][0xbf][0xbd][0xef][0xbf][0xbd][0x16]g[0xef][0xbf][0xbd]c[0xef][0xbf][0xbd]! s[0x11][0xef][0xbf][0xbd][0xef][0xbf][0xbd]~L[0xef][0xbf][0xbd]V[0xef][0xbf][0xbd][0xef][0xbf][0xbd]L[0xef][0xbf][0xbd]\eD[0x8]b[0xef][0xbf][0xbd][0xef][0xbf][0xbd][0xef][0xbf][0xbd][0xef][0xbf][0xbd]1A[0xc2][0xac]\[0xef][0xbf][0xbd][0x14][0xef][0xbf][0xbd][0xef][0xbf][0xbd]1[0xb][0xef][0xbf][0xbd]jAU[0xef][0xbf][0xbd]UZ[0xef][0xbf][0xbd]y[0xef][0xbf][0xbd]N[0xef][0xbf][0xbd][0x19][0xef][0xbf][0xbd][0xc9][0xb3][0xef][0xbf][0xbd]A[0xd6][0xb9][\n]"
07:56:30.749 [main] DEBUG org.apache.http.wire -  >> "=[0xef][0xbf][0xbd][Ayk&d[0x1b][0xef][0xbf][0xbd][0xef][0xbf][0xbd][0xef][0xbf][0xbd]j`[0xef][0xbf][0xbd][0xef][0xbf][0xbd][0x12][0xef][0xbf][0xbd][0xef][0xbf][0xbd][0xef][0xbf][0xbd][0xef][0xbf][0xbd]S[0x0]E[0xef][0xbf][0xbd][0x14][0x1b][0x1][0xef][0xbf][0xbd]P[0xef][0xbf][0xbd]oh[0xef][0xbf][0xbd]q[0xef][0xbf][0xbd][0xef][0xbf][0xbd][0x9][0x13]h[0xf][0xef][0xbf][0xbd][0xef][0xbf][0xbd]R[0xef][0xbf][0xbd][0x9]D[0xef][0xbf][0xbd] [0x6]*[0xef][0xbf][0xbd][0xd6][0x9d][0xef][0xbf][0xbd][0xef][0xbf][0xbd]C[0xef][0xbf][0xbd][0xef][0xbf][0xbd][0xef][0xbf][0xbd]3[0xef][0xbf][0xbd][0x11]8[0xef][0xbf][0xbd]h[0xef][0xbf][0xbd][0xef][0xbf][0xbd][0xef][0xbf][0xbd]N[0xb]o[0xef][0xbf][0xbd]CX[0xcf][0x9f][0xef][0xbf][0xbd]w[0xef][0xbf][0xbd]i[0xef][0xbf][0xbd]%&[0x4][0xef][0xbf][0xbd]-|[0xe]U[0x1e]<z[0xef][0xbf][0xbd][\r][0xef][0xbf][0xbd][0xef][0xbf][0xbd]qQ[0xef][0xbf][0xbd][0x1e]44;[0xef][0xbf][0xbd]m[0xef][0xbf][0xbd][0xd9][0xa7][0x0][0xef][0xbf][0xbd]c[0xef][0xbf][0xbd]s[0xef][0xbf][0xbd]uM[0xef][0xbf][0xbd][0xef][0xbf][0xbd][0xef][0xbf][0xbd][0xef][0xbf][0xbd][0xef][0xbf][0xbd]9\$[0xef][0xbf][0xbd][0xef][0xbf][0xbd]5[0xef][0xbf][0xbd][0xef][0xbf][0xbd]F[0xef][0xbf][0xbd]6[0xef][0xbf][0xbd]a[0x9]KY[0xef][0xbf][0xbd][0xc][0xef][0xbf][0xbd]>B[0xef][0xbf][0xbd][0xef][0xbf][0xbd][0xef][0xbf][0xbd][m?[0xef][0xbf][0xbd][0xef][0xbf][0xbd][0xef][0xbf][0xbd][0xef][0xbf][0xbd][0xef][0xbf][0xbd],[0x1f][0xef][0xbf][0xbd]>[0xef][0xbf][0xbd]:*[0xef][0xbf][0xbd].|[0xef][0xbf][0xbd][0xef][0xbf][0xbd][0xef][0xbf][0xbd][0xef][0xbf][0xbd]z[0xef][0xbf][0xbd][0xef][0xbf][0xbd]Z[0xef][0xbf][0xbd]>a]Q[0xef][0xbf][0xbd][0xef][0xbf][0xbd][0xc4][0x9a][0xef][0xbf][0xbd]Ne[0xef][0xbf][0xbd][0xef][0xbf][0xbd][0xef][0xbf][0xbd][0xef][0xbf][0xbd]1[0xef][0xbf][0xbd][0xef][0xbf][0xbd][0xef][0xbf][0xbd]N[0xef][0xbf][0xbd]rM[0xef][0xbf][0xbd][0xef][0xbf][0xbd]7[0xef][0xbf][0xbd][0xef][0xbf][0xbd][0xef][0xbf][0xbd][0xef][0xbf][0xbd]Q[0xef][0xbf][0xbd][0xef][0xbf][0xbd]hYd?[0x0][0xef][0xbf][0xbd][0xef][0xbf][0xbd][0xef][0xbf][0xbd][0xef][0xbf][0xbd][o\g[0xef][0xbf][0xbd]k[0x0][0xef][0xbf][0xbd][0xef][0xbf][0xbd]<[0x8][0x2][0xef][0xbf][0xbd]yxO[0x4]g[0xcc][0x89]FF.[0xef][0xbf][0xbd][0xef][0xbf][0xbd]dh[0xef][0xbf][0xbd][0xef][0xbf][0xbd][0x11][0x1b][0xef][0xbf][0xbd][0xef][0xbf][0xbd][0xef][0xbf][0xbd][0xea][0x8b][0x96][0xef][0xbf][0xbd][0xef][0xbf][0xbd][0xdb][0xb3][0xe][0xef][0xbf][0xbd]2E[0xef][0xbf][0xbd][0xef][0xbf][0xbd]P[0xef][0xbf][0xbd]W&[0xef][0xbf][0xbd][0xef][0xbf][0xbd][0xef][0xbf][0xbd][0xef][0xbf][0xbd]Cy[0x16][0xef][0xbf][0xbd]zg/[0xef][0xbf][0xbd]'c[\r][0xef][0xbf][0xbd][0x16]b[0xef][0xbf][0xbd]n[0xef][0xbf][0xbd][0xef][0xbf][0xbd][0xef][0xbf][0xbd]V.DJ~[0xef][0xbf][0xbd]K[0xef][0xbf][0xbd][0xef][0xbf][0xbd]Y%[0xef][0xbf][0xbd][0xd4][0xa1][0xef][0xbf][0xbd][0x4][0xef][0xbf][0xbd][0x14][0xef][0xbf][0xbd][0x5][0x16]C[0xef][0xbf][0xbd]e[0xef][0xbf][0xbd]D[0xef][0xbf][0xbd][0xef][0xbf][0xbd][0xef][0xbf][0xbd]t[0xef][0xbf][0xbd][0xef][0xbf][0xbd][0xef][0xbf][0xbd]i[0xef][0xbf][0xbd][0xef][0xbf][0xbd]([0xef][0xbf][0xbd]~v-[0xda][0xa5][0xd5][0x85]8[0xef][0xbf][0xbd]`r[0xef][0xbf][0xbd]W[0xef][0xbf][0xbd]hYE[0xef][0xbf][0xbd][0xef][0xbf][0xbd]"&[0xef][0xbf][0xbd][0xef][0xbf][0xbd][0xef][0xbf][0xbd][0x6]T[0xef][0xbf][0xbd]Y[0xef][0xbf][0xbd][0xd4][0xb0]Q[0xef][0xbf][0xbd]q[0x3][0xef][0xbf][0xbd]4[0xef][0xbf][0xbd][0x17][0xef][0xbf][0xbd]r[0x9][0xef][0xbf][0xbd][0xdb][0x8c]>x[0xef][0xbf][0xbd][0x1a]k\[0xd4][0x85]X[0xef][0xbf][0xbd]7[0xef][0xbf][0xbd]HX[0x7][0xef][0xbf][0xbd]1[0xef][0xbf][0xbd][0x6][0xef][0xbf][0xbd][0xef][0xbf][0xbd]np[0xef][0xbf][0xbd][0x15]X[0xef][0xbf][0xbd][0x3][0xef][0xbf][0xbd][0xef][0xbf][0xbd]r1Q[0x9]r<V2[0xef][0xbf][0xbd][0xef][0xbf][0xbd][0xef][0xbf][0xbd][0xd2][0xae]tH[0xef][0xbf][0xbd][0xef][0xbf][0xbd]O[0x14][0xf][0xef][0xbf][0xbd][0xef][0xbf][0xbd]a!m[0x1c][0x13][0xef][0xbf][0xbd][0xef][0xbf][0xbd]a=[0xef][0xbf][0xbd][0xef][0xbf][0xbd][0xef][0xbf][0xbd][0xef][0xbf][0xbd][0xef][0xbf][0xbd]t[0xef][0xbf][0xbd]0[0xef][0xbf][0xbd][0xef][0xbf][0xbd]p[0xef][0xbf][0xbd][0x1]c[0xef][0xbf][0xbd][0xd5][0x9c][0xef][0xbf][0xbd][0xd9][0x8f][0xef][0xbf][0xbd]O[wP[0xef][0xbf][0xbd][0xef][0xbf][0xbd]:[0xc4][0x9c]j%[0xef][0xbf][0xbd][0xef][0xbf][0xbd])$[0xef][0xbf][0xbd][0x18][0xef][0xbf][0xbd][0xef][0xbf][0xbd]+[0x16]L[0xef][0xbf][0xbd]![0xef][0xbf][0xbd][0xef][0xbf][0xbd][0x1b][0xd0][0xbc][0x15][\r]|[0xef][0xbf][0xbd]y[0xef][0xbf][0xbd]y![0xef][0xbf][0xbd][0xb][0xc]<[0xef][0xbf][0xbd][0xef][0xbf][0xbd][0xef][0xbf][0xbd][0xd8][0x82]A[0xef][0xbf][0xbd][0xef][0xbf][0xbd][0x12][0xef][0xbf][0xbd][0xef][0xbf][0xbd][0xef][0xbf][0xbd];[0xef][0xbf][0xbd]Z[0xef][0xbf][0xbd]~-[0x17]~[0xef][0xbf][0xbd][0x12][0xef][0xbf][0xbd]_[0xd6][0xa1],kW[0xef][0xbf][0xbd]{[0xef][0xbf][0xbd])P[0xef][0xbf][0xbd][0xef][0xbf][0xbd][0xef][0xbf][0xbd]{[0xef][0xbf][0xbd]S[0xef][0xbf][0xbd][0x1][0xef][0xbf][0xbd]:k[0xef][0xbf][0xbd]][0xd0][0x83]7[0xef][0xbf][0xbd]~[0xef][0xbf][0xbd][0xef][0xbf][0xbd][0xef][0xbf][0xbd][0xef][0xbf][0xbd][0xef][0xbf][0xbd][0xef][0xbf][0xbd]}[0xef][0xbf][0xbd][0xef][0xbf][0xbd][0xef][0xbf][0xbd]h[0xef][0xbf][0xbd]"[0xef][0xbf][0xbd][0xef][0xbf][0xbd][0x10]Y[0xef][0xbf][0xbd][0xef][0xbf][0xbd][0xef][0xbf][0xbd][0x10][0xef][0xbf][0xbd][0xef][0xbf][0xbd][0x14][0xef][0xbf][0xbd][0x16][0xef][0xbf][0xbd][0xef][0xbf][0xbd]H[0xef][0xbf][0xbd][0xef][0xbf][0xbd][0xef][0xbf][0xbd][0x1b]f[0xef][0xbf][0xbd]1[0xef][0xbf][0xbd][0xef][0xbf][0xbd][0xef][0xbf][0xbd]>[0xef][0xbf][0xbd][0xef][0xbf][0xbd][0xef][0xbf][0xbd][0x4][0xef][0xbf][0xbd][0xef][0xbf][0xbd]H[0xef][0xbf][0xbd]U[0xef][0xbf][0xbd][0x10][0xef][0xbf][0xbd]0[0x5][0xef][0xbf][0xbd][0xcb][0x82]f[0xef][0xbf][0xbd][0x0][0xef][0xbf][0xbd][0xef][0xbf][0xbd][0xef][0xbf][0xbd]z[0xef][0xbf][0xbd][0xef][0xbf][0xbd]L[0xef][0xbf][0xbd][0xef][0xbf][0xbd][0x1b][0xc2][0xb3][0x1e][0xef][0xbf][0xbd][0xef][0xbf][0xbd][0xef][0xbf][0xbd][0x17][0xef][0xbf][0xbd]i[0x17][X[0x4][0x1f]h-[0xef][0xbf][0xbd][0x5].XXY[0xef][0xbf][0xbd][0xef][0xbf][0xbd][0xef][0xbf][0xbd][0xef][0xbf][0xbd]:PO[0x19][0xef][0xbf][0xbd][0xef][0xbf][0xbd]mX[0xef][0xbf][0xbd]FE[0xef][0xbf][0xbd][0x1a][0x0]^ru[0xef][0xbf][0xbd][0xef][0xbf][0xbd]q[0x1]A[0x8][0xef][0xbf][0xbd]bm[0xef][0xbf][0xbd]Vp[0xde][0x92][\r][0x1d]/w[0xef][0xbf][0xbd](&[0xd1][0x82]Q[0xef][0xbf][0xbd][0xef][0xbf][0xbd][0xef][0xbf][0xbd]M[0xef][0xbf][0xbd][0xef][0xbf][0xbd][0xef][0xbf][0xbd][0xef][0xbf][0xbd][0xef][0xbf][0xbd][0xef][0xbf][0xbd][0x2]O[0xcb][0xab]~[0xef][0xbf][0xbd][0x18][0xef][0xbf][0xbd][0xef][0xbf][0xbd]*[0xef][0xbf][0xbd],[0x5][0xef][0xbf][0xbd][0xef][0xbf][0xbd]V.[0xef][0xbf][0xbd][0x2][0xef][0xbf][0xbd]$[0xde][0xa4][0xef][0xbf][0xbd][0xef][0xbf][0xbd]+[0x18][0xef][0xbf][0xbd][0x2]N[0xef][0xbf][0xbd][0xef][0xbf][0xbd]0Xc1[0xda][0x8a][0xef][0xbf][0xbd]*[0xef][0xbf][0xbd][0x10][0xef][0xbf][0xbd][0xef][0xbf][0xbd][0xef][0xbf][0xbd][0xea][0xa1][0x8d]k[0xef][0xbf][0xbd]f[0xef][0xbf][0xbd][0x9][\r][0xef][0xbf][0xbd]l4V[0xef][0xbf][0xbd]S[0xef][0xbf][0xbd][0xef][0xbf][0xbd]%[0xef][0xbf][0xbd]a.[0xef][0xbf][0xbd]ru,M[0xef][0xbf][0xbd][0xef][0xbf][0xbd][0xc9][0xa2]p[0xef][0xbf][0xbd]VG<[0xef][0xbf][0xbd][0xef][0xbf][0xbd]_[0xef][0xbf][0xbd][0xef][0xbf][0xbd][0xef][0xbf][0xbd],&k[0x16][0xef][0xbf][0xbd]k[0x1a]s[\r]@_z[0xef][0xbf][0xbd][0xef][0xbf][0xbd][0xef][0xbf][0xbd][0xef][0xbf][0xbd][0xda][0xaa][0xef][0xbf][0xbd]O[0xef][0xbf][0xbd][0xef][0xbf][0xbd][0xef][0xbf][0xbd]Zk[0xef][0xbf][0xbd]H[0xef][0xbf][0xbd]_[0xef][0xbf][0xbd][0x1d][0xef][0xbf][0xbd][0xef][0xbf][0xbd][0xef][0xbf][0xbd][0xd1][0xb1]7[0xef][0xbf][0xbd];c[0xef][0xbf][0xbd][0x1e][0x4][0xef][0xbf][0xbd]y[0xef][0xbf][0xbd]K[0xef][0xbf][0xbd]:s[0xef][0xbf][0xbd][0x7][0x1d][0x11]Q[0xef][0xbf][0xbd][0x2][0xef][0xbf][0xbd][0x19][0xef][0xbf][0xbd][0xf][0xef][0xbf][0xbd][0x1b][0x1a]T[0xef][0xbf][0xbd]G.T[0xef][0xbf][0xbd][0xef][0xbf][0xbd][0x3]o[0xef][0xbf][0xbd]x[0xef][0xbf][0xbd]x[0x19][0xef][0xbf][0xbd]B[0xef][0xbf][0xbd][0x0][0xef][0xbf][0xbd][0xef][0xbf][0xbd][0xef][0xbf][0xbd][0xef][0xbf][0xbd][0xef][0xbf][0xbd]r)[0xef][0xbf][0xbd][0xef][0xbf][0xbd][0x16]}_[0xef][0xbf][0xbd]A[0xef][0xbf][0xbd]S[0xef][0xbf][0xbd][0xef][0xbf][0xbd][[0xef][0xbf][0xbd][0xef][0xbf][0xbd][0xef][0xbf][0xbd]I7[0x15]h[0x6][0xef][0xbf][0xbd]"[0x16]M[0xef][0xbf][0xbd][0xef][0xbf][0xbd][0xef][0xbf][0xbd][0xef][0xbf][0xbd]R1zQ[0xef][0xbf][0xbd][0xef][0xbf][0xbd][0xef][0xbf][0xbd]UX:d[0x18][0x1][0xef][0xbf][0xbd]xv;[0xd4][0xa4][0xef][0xbf][0xbd][0xef][0xbf][0xbd][0x14]!x[0xef][0xbf][0xbd][0xef][0xbf][0xbd][0xef][0xbf][0xbd][0xef][0xbf][0xbd][0xef][0xbf][0xbd]][0xf]aB [0xef][0xbf][0xbd][0xef][0xbf][0xbd][0xef][0xbf][0xbd]^T[\r][0xef][0xbf][0xbd]{]c/[0xef][0xbf][0xbd][0xef][0xbf][0xbd]J[0xef][0xbf][0xbd][0xde][0x88]kF[0xef][0xbf][0xbd][0xef][0xbf][0xbd]2[0xef][0xbf][0xbd][0xef][0xbf][0xbd][0x12][0xc8][0x98][0xef][0xbf][0xbd][0xef][0xbf][0xbd]B[0xef][0xbf][0xbd]v[0xef][0xbf][0xbd]hy[0xc5][0x97][0xef][0xbf][0xbd]![0xef][0xbf][0xbd][0xef][0xbf][0xbd][0xef][0xbf][0xbd][0xef][0xbf][0xbd][0x5]][0x1]eq[0x1]U[0xef][0xbf][0xbd]6[0xef][0xbf][0xbd]W]S[0x1][0xef][0xbf][0xbd][0xef][0xbf][0xbd][0x1]>[0xef][0xbf][0xbd][0x7]'[0x4][0xef][0xbf][0xbd][0xef][0xbf][0xbd]m[0x3]-[0x1e][0xef][0xbf][0xbd]R[0x1e]/[0xef][0xbf][0xbd][0x11]]~[0x9][0xef][0xbf][0xbd]tI[0xef][0xbf][0xbd][0xef][0xbf][0xbd][0xef][0xbf][0xbd];[0xef][0xbf][0xbd][0xef][0xbf][0xbd]6)[0xef][0xbf][0xbd][0xef][0xbf][0xbd]"[0xef][0xbf][0xbd]b(T[0x9][0xef][0xbf][0xbd][0xef][0xbf][0xbd]M3X[0xef][0xbf][0xbd][0xef][0xbf][0xbd][0xef][0xbf][0xbd]<[0x1d][0xef][0xbf][0xbd]ge[0x0][0xef][0xbf][0xbd]j[0x8][0xef][0xbf][0xbd]}[0xef][0xbf][0xbd][0xcb][0x9a]c[0xef][0xbf][0xbd]2[0x14][0xef][0xbf][0xbd],hp[0xef][0xbf][0xbd]\[0xef][0xbf][0xbd][0xef][0xbf][0xbd][0x10][0xef][0xbf][0xbd]N[0xd3][0xb2][0xef][0xbf][0xbd]G0[0xef][0xbf][0xbd]s[0xef][0xbf][0xbd][0xef][0xbf][0xbd]K[0xef][0xbf][0xbd]k[0xef][0xbf][0xbd][0xef][0xbf][0xbd][0xef][0xbf][0xbd]jcm[0xef][0xbf][0xbd][0xc9][0x85][0xef][0xbf][0xbd][0xef][0xbf][0xbd][0xdd][0x8c][0xef][0xbf][0xbd][0xef][0xbf][0xbd][0x1a][0xef][0xbf][0xbd][0xef][0xbf][0xbd][0xe]N[0x3][0xef][0xbf][0xbd][0xef][0xbf][0xbd][0xef][0xbf][0xbd]`/lO[0xef][0xbf][0xbd][0xef][0xbf][0xbd][0xc8][0xbf][0xef][0xbf][0xbd][0xef][0xbf][0xbd]B2[0xef][0xbf][0xbd]i[0xef][0xbf][0xbd]w[0xd7][0xaa]O[0xcd][0xac][0xef][0xbf][0xbd][0xef][0xbf][0xbd][0xef][0xbf][0xbd]e[0xef][0xbf][0xbd]E[0xef][0xbf][0xbd]V&JL^[0xef][0xbf][0xbd][0x1b][0x19]s[0x2][0xef][0xbf][0xbd][0xef][0xbf][0xbd]p[[0xef][0xbf][0xbd][0xef][0xbf][0xbd][0xef][0xbf][0xbd]uE][0xef][0xbf][0xbd].[0xef][0xbf][0xbd][0x1f][0xef][0xbf][0xbd]S6@7O[0xef][0xbf][0xbd]Ka[0xef][0xbf][0xbd][0xef][0xbf][0xbd][0xef][0xbf][0xbd][0xef][0xbf][0xbd][0xef][0xbf][0xbd][0x3]s)[0xef][0xbf][0xbd][0xef][0xbf][0xbd]k[0xef][0xbf][0xbd][0xef][0xbf][0xbd][0xef][0xbf][0xbd][0xc3][0xbf][0xef][0xbf][0xbd][0xef][0xbf][0xbd][0x7][0xef][0xbf][0xbd][0xef][0xbf][0xbd][0xef][0xbf][0xbd]g[0xef][0xbf][0xbd][0xef][0xbf][0xbd]c[0xef][0xbf][0xbd]3[0x12]3[0xef][0xbf][0xbd]ua[0xef][0xbf][0xbd][0xef][0xbf][0xbd]a;[0xef][0xbf][0xbd][0x0][0xef][0xbf][0xbd][0xef][0xbf][0xbd]w[0xef][0xbf][0xbd]$XU[0xef][0xbf][0xbd][0xef][0xbf][0xbd]K[0xef][0xbf][0xbd][0xef][0xbf][0xbd][0xef][0xbf][0xbd][0x9]oP[0xef][0xbf][0xbd]X[0x7][0x1e]uq[0xef][0xbf][0xbd][0xef][0xbf][0xbd][0xef][0xbf][0xbd][0xef][0xbf][0xbd]?[0xef][0xbf][0xbd][0x1e]^[0xef][0xbf][0xbd]T{[0xef][0xbf][0xbd][0xef][0xbf][0xbd][0x2]3[0xef][0xbf][0xbd]W[0xef][0xbf][0xbd]rc2[0xef][0xbf][0xbd]![0xef][0xbf][0xbd][0x2]CU[0x16]T[0xcb][0xbb]7Ny[0xef][0xbf][0xbd][0xef][0xbf][0xbd][0x1e][0xef][0xbf][0xbd]7[0xef][0xbf][0xbd][0x14][0xef][0xbf][0xbd][0xef][0xbf][0xbd][\n]"
07:56:30.750 [main] DEBUG org.apache.http.wire -  >> "r[0x1][0xef][0xbf][0xbd][0xef][0xbf][0xbd]O[0xef][0xbf][0xbd]<[0xef][0xbf][0xbd]-[0xef][0xbf][0xbd]E[0xef][0xbf][0xbd][0x16]W[0xef][0xbf][0xbd][0xef][0xbf][0xbd][0x11][0xef][0xbf][0xbd][0xef][0xbf][0xbd]2[0xef][0xbf][0xbd][0xef][0xbf][0xbd][0xef][0xbf][0xbd]u[0xef][0xbf][0xbd][0x15]d[0xef][0xbf][0xbd][0x12][0xb]i{h[0xef][0xbf][0xbd]t[0xef][0xbf][0xbd]y[0xef][0xbf][0xbd][\r]m[0xc5][0xb3][0xef][0xbf][0xbd][0xca][0xba][0xef][0xbf][0xbd][0xef][0xbf][0xbd][0xef][0xbf][0xbd]a[0xef][0xbf][0xbd]<[0xef][0xbf][0xbd]4(-[0xef][0xbf][0xbd]O[0xef][0xbf][0xbd][0x12]L\[0xef][0xbf][0xbd]'[0xef][0xbf][0xbd][0xef][0xbf][0xbd](,`QP[0xef][0xbf][0xbd]A[0xef][0xbf][0xbd]'0[0xef][0xbf][0xbd]=[0xe2][0xb2][0x84][0xef][0xbf][0xbd][0xef][0xbf][0xbd][0xef][0xbf][0xbd]m[0x0]c[0xef][0xbf][0xbd][0xef][0xbf][0xbd]:[0xef][0xbf][0xbd][0x13]Q[0xef][0xbf][0xbd]z[0xef][0xbf][0xbd]<-[0xef][0xbf][0xbd]?iq[0xef][0xbf][0xbd][0xef][0xbf][0xbd][0xef][0xbf][0xbd]0[0xef][0xbf][0xbd][0x15][0xef][0xbf][0xbd][0xef][0xbf][0xbd]_[0xef][0xbf][0xbd][0xef][0xbf][0xbd]J[0xef][0xbf][0xbd][0xef][0xbf][0xbd]D[0xef][0xbf][0xbd]r![0xef][0xbf][0xbd][0x10]>[[0xef][0xbf][0xbd][0xef][0xbf][0xbd][0xc7][0xac][0xef][0xbf][0xbd]O[0xef][0xbf][0xbd]f[0xef][0xbf][0xbd][0xef][0xbf][0xbd][0xef][0xbf][0xbd][0xef][0xbf][0xbd]r[0xef][0xbf][0xbd][0xef][0xbf][0xbd][0x1e][0x7]C[0xef][0xbf][0xbd]L[0xc4][0xa0][[0xef][0xbf][0xbd]YGn[0xef][0xbf][0xbd]pa[0xef][0xbf][0xbd][0xef][0xbf][0xbd]W2[0xc6][0xb9][0xef][0xbf][0xbd][0x1]x-[0xef][0xbf][0xbd][0xef][0xbf][0xbd][0xef][0xbf][0xbd][0xef][0xbf][0xbd][0x16][0xef][0xbf][0xbd][0xef][0xbf][0xbd][0x5][0xef][0xbf][0xbd])[0xef][0xbf][0xbd][0xef][0xbf][0xbd]])[0xef][0xbf][0xbd]B[0xef][0xbf][0xbd][0xef][0xbf][0xbd][0xef][0xbf][0xbd]Q[0xef][0xbf][0xbd][0xef][0xbf][0xbd]h3[0xef][0xbf][0xbd]9[0xf][0xef][0xbf][0xbd][0xef][0xbf][0xbd]0[0xef][0xbf][0xbd][0xef][0xbf][0xbd][0xef][0xbf][0xbd]X*[0xef][0xbf][0xbd]+[0xef][0xbf][0xbd][0xef][0xbf][0xbd]D[0xef][0xbf][0xbd][0x18][0xef][0xbf][0xbd][0xef][0xbf][0xbd]hO[0x16][0xe5][0xb5][0xbc]e[0xef][0xbf][0xbd][0xef][0xbf][0xbd][0xef][0xbf][0xbd][0xef][0xbf][0xbd].[0xef][0xbf][0xbd]]u[0x11]Y[0xef][0xbf][0xbd];[0xef][0xbf][0xbd][0xdb][0x93][0xef][0xbf][0xbd]>[0x4]Z@[0xef][0xbf][0xbd][0xe][0xef][0xbf][0xbd][0xef][0xbf][0xbd][0xef][0xbf][0xbd][0xd9][0xb3]o][0x3][0xef][0xbf][0xbd]_[0x15]-[0xef][0xbf][0xbd]Kn[0xef][0xbf][0xbd]x1[0xef][0xbf][0xbd]P5yJ[0xef][0xbf][0xbd]Pg[0xef][0xbf][0xbd][0xef][0xbf][0xbd][0xef][0xbf][0xbd]S[0xef][0xbf][0xbd][0x6][0xef][0xbf][0xbd]A[0xef][0xbf][0xbd]|[0xef][0xbf][0xbd]YPQ[0xef][0xbf][0xbd][0x2][0x11]W [0xef][0xbf][0xbd][0xef][0xbf][0xbd],'[0x17]I=[0xef][0xbf][0xbd]][0xef][0xbf][0xbd].[0xef][0xbf][0xbd][0x11]O[0x3][0xef][0xbf][0xbd]T+[0xef][0xbf][0xbd][0xef][0xbf][0xbd][0xef][0xbf][0xbd][0xef][0xbf][0xbd]([\r]=[0xef][0xbf][0xbd][0x4][0xef][0xbf][0xbd][0xd3][0x86]Z[0xef][0xbf][0xbd][0xef][0xbf][0xbd][0xef][0xbf][0xbd][0x9][0x12]V[0xef][0xbf][0xbd]N[0xef][0xbf][0xbd][0xef][0xbf][0xbd]9[0x1a]t[0xef][0xbf][0xbd][0xb]v[0xef][0xbf][0xbd][0xef][0xbf][0xbd][0xef][0xbf][0xbd][0xef][0xbf][0xbd][0xef][0xbf][0xbd]:[0xef][0xbf][0xbd][0xef][0xbf][0xbd][0xef][0xbf][0xbd][0xef][0xbf][0xbd]l}n[0xef][0xbf][0xbd],[0xef][0xbf][0xbd][0xef][0xbf][0xbd][0xef][0xbf][0xbd][0xd1][0xa7][0x17][0xef][0xbf][0xbd])}D[0x14][0xef][0xbf][0xbd][0x0][0xef][0xbf][0xbd]r[0x1c][0xef][0xbf][0xbd][0xef][0xbf][0xbd][0x16][0xef][0xbf][0xbd][0x1f][0xef][0xbf][0xbd](P[0xef][0xbf][0xbd]%s[0xef][0xbf][0xbd]~[0xef][0xbf][0xbd][0xef][0xbf][0xbd]tG[0xef][0xbf][0xbd][0xef][0xbf][0xbd][0x14][0x4]V[0xef][0xbf][0xbd][0xef][0xbf][0xbd][0xef][0xbf][0xbd][0xd6][0xbc][0xef][0xbf][0xbd][0xef][0xbf][0xbd]B[0x1c][\n]"
07:56:30.750 [main] DEBUG org.apache.http.wire -  >> "[0xef][0xbf][0xbd][0xef][0xbf][0xbd][0xef][0xbf][0xbd][0xef][0xbf][0xbd]}y[0xef][0xbf][0xbd][0xef][0xbf][0xbd]^J@[0xef][0xbf][0xbd][0xef][0xbf][0xbd][0xef][0xbf][0xbd][0x11][\r] [0x1c][0xef][0xbf][0xbd][0xef][0xbf][0xbd][0xc][0xef][0xbf][0xbd][0x1b][0xef][0xbf][0xbd]Y[0x3]A2[0xef][0xbf][0xbd][0xef][0xbf][0xbd][0x16]"
07:56:30.769 [main] DEBUG org.apache.http.wire -  >> "[0xef][0xbf][0xbd]fV[[0xef][0xbf][0xbd][0xef][0xbf][0xbd]PR[0xef][0xbf][0xbd][0xef][0xbf][0xbd][0xc]N[0x14][0xef][0xbf][0xbd]DZ[0xef][0xbf][0xbd]K;Q[0xef][0xbf][0xbd]~PI[0xef][0xbf][0xbd][0xef][0xbf][0xbd][0xef][0xbf][0xbd][0x1e][0xef][0xbf][0xbd][0xef][0xbf][0xbd]zgv&Z[0x1c][0xef][0xbf][0xbd][0x1a][0xe][0xef][0xbf][0xbd][0xef][0xbf][0xbd][0xef][0xbf][0xbd][0xef][0xbf][0xbd][0xef][0xbf][0xbd][0xef][0xbf][0xbd][0x14][0xcc][0x8c]Q[0xef][0xbf][0xbd][0x17]_[0x14][0xef][0xbf][0xbd][0x12][0xc2][0x9c]G[0x7]H:[0xef][0xbf][0xbd][0xef][0xbf][0xbd][0xef][0xbf][0xbd][0xef][0xbf][0xbd][0x15][0xef][0xbf][0xbd]VS6,[0xef][0xbf][0xbd][0xef][0xbf][0xbd][0xef][0xbf][0xbd]h[0xef][0xbf][0xbd]i5[0xef][0xbf][0xbd][0xef][0xbf][0xbd][0xef][0xbf][0xbd][0xef][0xbf][0xbd]2k[0xef][0xbf][0xbd][0xef][0xbf][0xbd][0xef][0xbf][0xbd][0xef][0xbf][0xbd][0xd8][0x9a][0xef][0xbf][0xbd][0xef][0xbf][0xbd][0xef][0xbf][0xbd]?[0xef][0xbf][0xbd] d[0xef][0xbf][0xbd][I[0xef][0xbf][0xbd][0x1][0xef][0xbf][0xbd][0xef][0xbf][0xbd][0xf][0xef][0xbf][0xbd][0xef][0xbf][0xbd][0xef][0xbf][0xbd][0xef][0xbf][0xbd][0x5][0xef][0xbf][0xbd][0xef][0xbf][0xbd]`[0xef][0xbf][0xbd]k[0xef][0xbf][0xbd]L[0xef][0xbf][0xbd]{C3X[0x7][0xd8][0xa6][0xef][0xbf][0xbd][0xef][0xbf][0xbd][0xef][0xbf][0xbd][0x12]|[0xdb][0x84]kmh[0x1f][0xef][0xbf][0xbd][0xef][0xbf][0xbd][0xcb][0xbf][0xef][0xbf][0xbd][0xef][0xbf][0xbd]{[0xef][0xbf][0xbd][0xef][0xbf][0xbd][0xef][0xbf][0xbd]wK[0xb][0xef][0xbf][0xbd][0xef][0xbf][0xbd][0x1d][0xef][0xbf][0xbd][0xc2][0x9f][0xef][0xbf][0xbd][0xef][0xbf][0xbd][0xef][0xbf][0xbd]}[0xef][0xbf][0xbd][0xef][0xbf][0xbd][0xef][0xbf][0xbd][[0xef][0xbf][0xbd]]BZH[0xef][0xbf][0xbd][0x4][0xef][0xbf][0xbd][0xef][0xbf][0xbd]E[0xef][0xbf][0xbd][0xef][0xbf][0xbd][0xef][0xbf][0xbd]_[0xef][0xbf][0xbd]s[0xef][0xbf][0xbd]][0xef][0xbf][0xbd][0xc3][0xa5][0xef][0xbf][0xbd][0xd5][0x82]T[0xef][0xbf][0xbd][0xef][0xbf][0xbd]5B[0xef][0xbf][0xbd]F+[0x1][0x18][0xef][0xbf][0xbd][0xef][0xbf][0xbd][0xef][0xbf][0xbd][0xc7][0x9e][0xef][0xbf][0xbd][0x0][0xef][0xbf][0xbd][0xef][0xbf][0xbd]K[0xef][0xbf][0xbd][0xef][0xbf][0xbd][0xef][0xbf][0xbd][0xef][0xbf][0xbd][0xef][0xbf][0xbd][0x2][0xef][0xbf][0xbd][0x11]3][0xef][0xbf][0xbd][0xef][0xbf][0xbd]n[0x11][0x8][0xef][0xbf][0xbd]K[0xef][0xbf][0xbd][0xef][0xbf][0xbd][0xdd][0x8c][0xef][0xbf][0xbd][0x8]k[0xef][0xbf][0xbd][\n]"
07:56:30.769 [main] DEBUG org.apache.http.wire -  >> "q/$[0xef][0xbf][0xbd][0x1b][0xef][0xbf][0xbd][0xef][0xbf][0xbd]z[0x11][0x5]7[0xe][0xef][0xbf][0xbd][0xef][0xbf][0xbd][0xef][0xbf][0xbd]([0xef][0xbf][0xbd]K3[0x1c][0xef][0xbf][0xbd]S [0xef][0xbf][0xbd][0x0][0xef][0xbf][0xbd]M[0xef][0xbf][0xbd]T[\n]"
07:56:30.769 [main] DEBUG org.apache.http.wire -  >> "[0x1d][0xef][0xbf][0xbd][0x18][0xef][0xbf][0xbd]E/A[0xef][0xbf][0xbd][0xef][0xbf][0xbd][0xef][0xbf][0xbd][0xef][0xbf][0xbd]>Wp[0x10][0xef][0xbf][0xbd]M[0xef][0xbf][0xbd][0xef][0xbf][0xbd][0x6][0xef][0xbf][0xbd]1[0x4][0xef][0xbf][0xbd]S`[0xef][0xbf][0xbd]~[0xf3][0xbe][0xa9][0xb6][0xef][0xbf][0xbd]H[0xef][0xbf][0xbd]Dp[0xef][0xbf][0xbd][0xef][0xbf][0xbd]q[0xef][0xbf][0xbd][0xef][0xbf][0xbd][0xef][0xbf][0xbd]Q@[0xef][0xbf][0xbd][0xef][0xbf][0xbd]2U[0xef][0xbf][0xbd][0xef][0xbf][0xbd]f[0xef][0xbf][0xbd][0xef][0xbf][0xbd][0x8]i;[0x19]s[0x7]A$![0xef][0xbf][0xbd][0xef][0xbf][0xbd][0x2]>[0xce][0xbd][0xef][0xbf][0xbd]:[0xef][0xbf][0xbd]Xt[0xef][0xbf][0xbd]A@w[0xc][0xef][0xbf][0xbd][0xef][0xbf][0xbd] [0xef][0xbf][0xbd][0xef][0xbf][0xbd]`%[0x17][0xef][0xbf][0xbd][0xef][0xbf][0xbd][0xef][0xbf][0xbd][0xef][0xbf][0xbd][0xef][0xbf][0xbd]X\Z[0xef][0xbf][0xbd][0xef][0xbf][0xbd][0x17][0xef][0xbf][0xbd])O[0xd0][0x8b](~[0xef][0xbf][0xbd]bc7|b:[0xef][0xbf][0xbd][0xef][0xbf][0xbd][0xef][0xbf][0xbd][0xef][0xbf][0xbd]hq+[0x3]r[0xef][0xbf][0xbd][0xef][0xbf][0xbd][0x18][0xef][0xbf][0xbd][0x0][0xef][0xbf][0xbd][0xef][0xbf][0xbd][0xef][0xbf][0xbd]3[0xef][0xbf][0xbd]:[0x6][0xef][0xbf][0xbd][0xef][0xbf][0xbd][0xef][0xbf][0xbd]3[0x5][0xef][0xbf][0xbd][0xef][0xbf][0xbd]IJ[0xef][0xbf][0xbd][0xef][0xbf][0xbd][0xef][0xbf][0xbd][0x12][0x10][0x0]~fK[0xef][0xbf][0xbd]z[0xe]][0xef][0xbf][0xbd][0xef][0xbf][0xbd][0xef][0xbf][0xbd],[0xef][0xbf][0xbd][0xef][0xbf][0xbd]I[0xef][0xbf][0xbd][0xef][0xbf][0xbd]<[0xef][0xbf][0xbd][0xef][0xbf][0xbd]X[0xef][0xbf][0xbd]3[0x6][0x1c][0x0][0xef][0xbf][0xbd][0xce][0x82][0x1f]n[0xef][0xbf][0xbd][0xef][0xbf][0xbd]@\Xe[0xef][0xbf][0xbd][0xef][0xbf][0xbd][0xef][0xbf][0xbd]u[0xef][0xbf][0xbd]F2j/[0xef][0xbf][0xbd]I[0xef][0xbf][0xbd][0xef][0xbf][0xbd][0x1e][0x8]'[0xef][0xbf][0xbd]Z)[0x13][0xef][0xbf][0xbd][0xef][0xbf][0xbd][0xef][0xbf][0xbd][0xef][0xbf][0xbd]>[0xef][0xbf][0xbd][0xef][0xbf][0xbd]}H[0xef][0xbf][0xbd][0xef][0xbf][0xbd][0xef][0xbf][0xbd]D[0xef][0xbf][0xbd]%[0xef][0xbf][0xbd][0xcf][0xbd]u[0x1d][0xef][0xbf][0xbd]/[0xef][0xbf][0xbd][0xef][0xbf][0xbd]38[0xef][0xbf][0xbd]u[0xef][0xbf][0xbd][0x3]H[0xef][0xbf][0xbd]I![0xef][0xbf][0xbd][0xdc][0xba][0xef][0xbf][0xbd][0xcc][0xbe][0xef][0xbf][0xbd][[0xef][0xbf][0xbd]$][0xef][0xbf][0xbd][0xc4][0xb3][0xef][0xbf][0xbd]![0xef][0xbf][0xbd]V[0xef][0xbf][0xbd][0xef][0xbf][0xbd]p&9[0xef][0xbf][0xbd][0xef][0xbf][0xbd]S[0xef][0xbf][0xbd][0xef][0xbf][0xbd]&[0xef][0xbf][0xbd]l[0x15][0xef][0xbf][0xbd][0xef][0xbf][0xbd];[0xef][0xbf][0xbd]58[0xef][0xbf][0xbd][0x12]3[0xef][0xbf][0xbd][0xef][0xbf][0xbd]B[0xef][0xbf][0xbd][0xef][0xbf][0xbd][0xef][0xbf][0xbd][0xef][0xbf][0xbd][0xef][0xbf][0xbd]d[0xef][0xbf][0xbd][0xef][0xbf][0xbd]E#[0xef][0xbf][0xbd]z[0x7]p[0xef][0xbf][0xbd][0xef][0xbf][0xbd][0xef][0xbf][0xbd][0xc])v[\n]"
07:56:30.769 [main] DEBUG org.apache.http.wire -  >> "[0xef][0xbf][0xbd]r[0xef][0xbf][0xbd][0xef][0xbf][0xbd][0x3][0xef][0xbf][0xbd]v[0xef][0xbf][0xbd]O[0xef][0xbf][0xbd]?[0xef][0xbf][0xbd][0x1d]K/[0xef][0xbf][0xbd]%[0x7][0xef][0xbf][0xbd][0xef][0xbf][0xbd]i[0xef][0xbf][0xbd][0x15]z[0x12]r[0xef][0xbf][0xbd][0xef][0xbf][0xbd][0xef][0xbf][0xbd][0xef][0xbf][0xbd][0xef][0xbf][0xbd]u?Y[0xef][0xbf][0xbd][0xef][0xbf][0xbd][0xef][0xbf][0xbd]([0xef][0xbf][0xbd]xP[0xef][0xbf][0xbd][0xf][0x1a][0xef][0xbf][0xbd]~[0xef][0xbf][0xbd][0x6][0xef][0xbf][0xbd][0xef][0xbf][0xbd][0xef][0xbf][0xbd]![0x17][0xef][0xbf][0xbd][0xef][0xbf][0xbd][0xef][0xbf][0xbd][0x12]u=X^[0xef][0xbf][0xbd][0xef][0xbf][0xbd][0xef][0xbf][0xbd]C[0x8][0xef][0xbf][0xbd][0x19][0xef][0xbf][0xbd]j"[0xef][0xbf][0xbd][0xef][0xbf][0xbd][0x1a][0xef][0xbf][0xbd][[0xef][0xbf][0xbd][0xef][0xbf][0xbd][0xef][0xbf][0xbd][0xef][0xbf][0xbd][0xef][0xbf][0xbd][0xef][0xbf][0xbd][0xef][0xbf][0xbd][0xec][0x94][0x89][0xef][0xb0][0x99](:[0x4]9[0xef][0xbf][0xbd][0xef][0xbf][0xbd])[0xef][0xbf][0xbd][0xef][0xbf][0xbd]y[0xef][0xbf][0xbd][0x6][\n]"
07:56:30.769 [main] DEBUG org.apache.http.wire -  >> "[0xef][0xbf][0xbd][0xb]m[0xef][0xbf][0xbd]iX[0x4][0xef][0xbf][0xbd]T[0xef][0xbf][0xbd].Z[0xef][0xbf][0xbd]f[0xef][0xbf][0xbd]}i[0xef][0xbf][0xbd]0[0xef][0xbf][0xbd]$[0xef][0xbf][0xbd]E[0xef][0xbf][0xbd]2R[0xef][0xbf][0xbd]k[0xef][0xbf][0xbd]vL[0xef][0xbf][0xbd]4@Z)[0x1a]P[0x12][0xef][0xbf][0xbd][0x12][0xef][0xbf][0xbd]_uW[0xef][0xbf][0xbd]9[0x9]([0xef][0xbf][0xbd]c[0xef][0xbf][0xbd]8[0xef][0xbf][0xbd]kH5[0xef][0xbf][0xbd][0xef][0xbf][0xbd]Po[0xe7][0xa3][0x8d][0xef][0xbf][0xbd][0xef][0xbf][0xbd][0x19][0xef][0xbf][0xbd];>n[0x5][0xef][0xbf][0xbd][0xef][0xbf][0xbd]*[0xef][0xbf][0xbd]]gU[0xef][0xbf][0xbd][\r][0xef][0xbf][0xbd][0x15][0xef][0xbf][0xbd][0xef][0xbf][0xbd][0xef][0xbf][0xbd]q[0xef][0xbf][0xbd][0xef][0xbf][0xbd][0xef][0xbf][0xbd]4[0xef][0xbf][0xbd]G[0xef][0xbf][0xbd][0x1d][0xef][0xbf][0xbd]?[0xef][0xbf][0xbd]VS[0xef][0xbf][0xbd]Tr[\n]"
07:56:30.769 [main] DEBUG org.apache.http.wire -  >> "[0x15][0xef][0xbf][0xbd]*[0xef][0xbf][0xbd]g[0xef][0xbf][0xbd]l[0xef][0xbf][0xbd]Z[0xef][0xbf][0xbd]y[0x9] [0x15][0xef][0xbf][0xbd][0xef][0xbf][0xbd][0x8]bP[0xef][0xbf][0xbd]jnQ[0xef][0xbf][0xbd][0xef][0xbf][0xbd]J[0xcb][0x8b][0xef][0xbf][0xbd]z[0xef][0xbf][0xbd][0xef][0xbf][0xbd]|[0xef][0xbf][0xbd]>$Z@&[0x4][0x10][0xef][0xbf][0xbd][0xef][0xbf][0xbd][0xef][0xbf][0xbd][0xef][0xbf][0xbd][0xef][0xbf][0xbd];4][0xef][0xbf][0xbd][0x9][0xef][0xbf][0xbd]k[0xef][0xbf][0xbd][0xef][0xbf][0xbd][0xef][0xbf][0xbd][0xef][0xbf][0xbd]"q([[0x5]D)[0xef][0xbf][0xbd][0xef][0xbf][0xbd][\n]"
07:56:30.769 [main] DEBUG org.apache.http.wire -  >> "[0xef][0xbf][0xbd][0xc][0xef][0xbf][0xbd][0xef][0xbf][0xbd][0xef][0xbf][0xbd][0xef][0xbf][0xbd]Nn[0xef][0xbf][0xbd]([0xef][0xbf][0xbd][0xef][0xbf][0xbd].8[0xef][0xbf][0xbd][0xef][0xbf][0xbd][0xef][0xbf][0xbd]z[0xef][0xbf][0xbd]F[0x19]![0xef][0xbf][0xbd][0xef][0xbf][0xbd]O[0xef][0xbf][0xbd][0xef][0xbf][0xbd][0xef][0xbf][0xbd]g[0xdc][0xaf][0xef][0xbf][0xbd]]"[0xef][0xbf][0xbd][0xef][0xbf][0xbd]6[0x7][0xef][0xbf][0xbd][0xef][0xbf][0xbd][0xef][0xbf][0xbd][0xef][0xbf][0xbd]$[0xf]8I[0xef][0xbf][0xbd][0xef][0xbf][0xbd]O\[0xef][0xbf][0xbd][0x14]tXl\[0xef][0xbf][0xbd][0xef][0xbf][0xbd][0xef][0xbf][0xbd][0xef][0xbf][0xbd][0xef][0xbf][0xbd][0xef][0xbf][0xbd][0xef][0xbf][0xbd].$[0xef][0xbf][0xbd]A[0x1a][0xef][0xbf][0xbd][0xca][0xbf][0xcb][0xa6][0xef][0xbf][0xbd]J[0xef][0xbf][0xbd][0xef][0xbf][0xbd]b[0x5][0x0][0x5][0xef][0xbf][0xbd][0xef][0xbf][0xbd][0xef][0xbf][0xbd][0x1e][0x6]%:x&[0xef][0xbf][0xbd]i[0xef][0xbf][0xbd][0xef][0xbf][0xbd][0xef][0xbf][0xbd][0xef][0xbf][0xbd]Z[0xb][0xef][0xbf][0xbd][0x16][0xef][0xbf][0xbd]y[0x6][0xef][0xbf][0xbd][0xef][0xbf][0xbd]K[0xef][0xbf][0xbd]V[0xef][0xbf][0xbd][0xf]![0xef][0xbf][0xbd][0xef][0xbf][0xbd]F[0xef][0xbf][0xbd][0xef][0xbf][0xbd][0xef][0xbf][0xbd]5[0xef][0xbf][0xbd][0xef][0xbf][0xbd]&g[0xef][0xbf][0xbd][0xc5][0x86][0x12][0xef][0xbf][0xbd]Z[0xef][0xbf][0xbd]Z;S[0xef][0xbf][0xbd]x[0xef][0xbf][0xbd][0xef][0xbf][0xbd][0xef][0xbf][0xbd][0x7][0xef][0xbf][0xbd]I[0xef][0xbf][0xbd]{[0xef][0xbf][0xbd][0xef][0xbf][0xbd]t[0x7][0xef][0xbf][0xbd]J[0xca][0x99][0x9]Hx[0xef][0xbf][0xbd][0xcf][0xa9]v?[0xef][0xbf][0xbd]$JI[0xef][0xbf][0xbd][0x12][0xef][0xbf][0xbd]N[0xef][0xbf][0xbd]G[0xef][0xbf][0xbd][0x5])[0xef][0xbf][0xbd][0xef][0xbf][0xbd][0xef][0xbf][0xbd]h[0xef][0xbf][0xbd][0xd9][0x8a][0xef][0xbf][0xbd][0xef][0xbf][0xbd]d[0xef][0xbf][0xbd][0x1a]s[0xef][0xbf][0xbd][0xef][0xbf][0xbd][0xef][0xbf][0xbd][0x8][0xef][0xbf][0xbd][0xef][0xbf][0xbd][0xef][0xbf][0xbd][0xef][0xbf][0xbd][0xef][0xbf][0xbd]8[0xef][0xbf][0xbd]u[0xef][0xbf][0xbd]m[0xef][0xbf][0xbd][0x0])Q`[0xef][0xbf][0xbd][0x5][0xef][0xbf][0xbd]Y[0xb][0xef][0xbf][0xbd][0xec][0x9f][0x9b][0xef][0xbf][0xbd][0xef][0xbf][0xbd][0xef][0xbf][0xbd][0xef][0xbf][0xbd][0xef][0xbf][0xbd][0xef][0xbf][0xbd][0xef][0xbf][0xbd][0xef][0xbf][0xbd][0xc2][0xab][0xef][0xbf][0xbd][0x2][0x1a]SWPb[0xde][0xb5][0xe5][0x91][0xac]h$[0xef][0xbf][0xbd]>|[0xef][0xbf][0xbd]T[0xef][0xbf][0xbd][0x5]0[0xef][0xbf][0xbd][0xc][0xef][0xbf][0xbd]>h[0xef][0xbf][0xbd][0xef][0xbf][0xbd][0xef][0xbf][0xbd][0x19][0xef][0xbf][0xbd]l0/[0xef][0xbf][0xbd]'[0x3]~0[0xef][0xbf][0xbd][0x11]FU[0xef][0xbf][0xbd][0xef][0xbf][0xbd][0x11][0xef][0xbf][0xbd]M[0xef][0xbf][0xbd][0xef][0xbf][0xbd]J[0x7][0xd6][0x91][0xef][0xbf][0xbd][0x0][0xef][0xbf][0xbd][0xc2][0xbc]}[0xef][0xbf][0xbd][0xef][0xbf][0xbd][0xef][0xbf][0xbd]7[0xef][0xbf][0xbd][0xef][0xbf][0xbd][0xef][0xbf][0xbd][0xdf][0xb4][0xf][0xef][0xbf][0xbd][0xef][0xbf][0xbd][0x16][0x1d]D[0x10]s[0xef][0xbf][0xbd][0xef][0xbf][0xbd][0xef][0xbf][0xbd]{[0xc3][0x98][0x14]W[0xef][0xbf][0xbd][0x1f][0xef][0xbf][0xbd]Q[0xe5][0xbf][0xba]@[0x4]f[0xef][0xbf][0xbd][0x16]K.[0xef][0xbf][0xbd][0x8]U[0xef][0xbf][0xbd]fvb>`&[0xef][0xbf][0xbd]x[0xef][0xbf][0xbd][0xef][0xbf][0xbd]&[0xef][0xbf][0xbd][0x1a][0xef][0xbf][0xbd][0xef][0xbf][0xbd][0xef][0xbf][0xbd][0xda][0xa1][0x19][0xef][0xbf][0xbd][0xef][0xbf][0xbd]X[0xef][0xbf][0xbd][0x7][0xef][0xbf][0xbd]H[0xef][0xbf][0xbd][0xc][0xcb][0x95][0x13][0xef][0xbf][0xbd]Xej[\r][0xef][0xbf][0xbd]v[\r][0xef][0xbf][0xbd][0x9]\"[0xef][0xbf][0xbd][\n]"
07:56:30.770 [main] DEBUG org.apache.http.wire -  >> "[0xef][0xbf][0xbd][0xef][0xbf][0xbd]r[0xef][0xbf][0xbd][0x0]N[0xef][0xbf][0xbd]W[0xef][0xbf][0xbd]xd<[0xef][0xbf][0xbd][0xef][0xbf][0xbd][0xef][0xbf][0xbd][0xef][0xbf][0xbd]n[0x17]7[0xef][0xbf][0xbd]nCI[0xef][0xbf][0xbd][0xef][0xbf][0xbd]L6S[0xef][0xbf][0xbd]Uj[0xef][0xbf][0xbd][0xef][0xbf][0xbd][0xef][0xbf][0xbd]d[0xef][0xbf][0xbd][0xef][0xbf][0xbd]=[0xb][0xef][0xbf][0xbd][0xef][0xbf][0xbd][0xef][0xbf][0xbd]l[0xef][0xbf][0xbd][0xef][0xbf][0xbd][0xef][0xbf][0xbd][0xef][0xbf][0xbd][0xef][0xbf][0xbd][0x12]h[0xd5][0xa8][0xd9][0x95]!8O[0xef][0xbf][0xbd][0x10][0x5][0xef][0xbf][0xbd]C\/[0xef][0xbf][0xbd][0x7]V[0xef][0xbf][0xbd][0xef][0xbf][0xbd][0xd0][0xb2]/[0xef][0xbf][0xbd][0xef][0xbf][0xbd][0xef][0xbf][0xbd][0x7][0xef][0xbf][0xbd][0xef][0xbf][0xbd][0xef][0xbf][0xbd][0xef][0xbf][0xbd][0xef][0xbf][0xbd]9[0xef][0xbf][0xbd][0xef][0xbf][0xbd][0xef][0xbf][0xbd][0xef][0xbf][0xbd]>Q[0xef][0xbf][0xbd][0xb][0xef][0xbf][0xbd]dr[0xef][0xbf][0xbd][0xef][0xbf][0xbd]V[0xef][0xbf][0xbd]6_[0xef][0xbf][0xbd][0xef][0xbf][0xbd]Z[0xef][0xbf][0xbd]g)[0x12][0xef][0xbf][0xbd][0xef][0xbf][0xbd][0xef][0xbf][0xbd]\[0xef][0xbf][0xbd]@[0xef][0xbf][0xbd][0xef][0xbf][0xbd]3[0xef][0xbf][0xbd]W0n[[0xef][0xbf][0xbd]U[0xcd][0x8c][0xef][0xbf][0xbd][0xef][0xbf][0xbd]}0[0xef][0xbf][0xbd][0xef][0xbf][0xbd]l[0xef][0xbf][0xbd][0x6]b[0xef][0xbf][0xbd][0xef][0xbf][0xbd]Z[0xef][0xbf][0xbd][0xef][0xbf][0xbd][0xef][0xbf][0xbd][0x10]d8[0xef][0xbf][0xbd]t[0x1b][0xef][0xbf][0xbd]I[0xef][0xbf][0xbd][0x3][0xef][0xbf][0xbd][0xef][0xbf][0xbd][0xef][0xbf][0xbd][0xef][0xbf][0xbd][0xef][0xbf][0xbd]\Um[0xef][0xbf][0xbd][0xef][0xbf][0xbd][0xef][0xbf][0xbd]c%[0xef][0xbf][0xbd]8-L[0xef][0xbf][0xbd][0xb]}([0xef][0xbf][0xbd]'[0x2]\[0x1a][0xef][0xbf][0xbd][0xef][0xbf][0xbd][0xef][0xbf][0xbd][0xef][0xbf][0xbd]u[0xef][0xbf][0xbd][0xd1][0x88]u"[0xef][0xbf][0xbd][0xef][0xbf][0xbd][0xe]0[0xef][0xbf][0xbd][0xef][0xbf][0xbd][0xef][0xbf][0xbd][0xef][0xbf][0xbd]R[0xef][0xbf][0xbd]B[0xef][0xbf][0xbd]j[0xef][0xbf][0xbd]*[0xef][0xbf][0xbd][0xef][0xbf][0xbd][0x7][0xef][0xbf][0xbd][0xef][0xbf][0xbd][0xef][0xbf][0xbd][0xef][0xbf][0xbd]~[0xef][0xbf][0xbd][0xef][0xbf][0xbd][0xef][0xbf][0xbd]![0xd3][0xb2][0xc8][0xac]A[0xef][0xbf][0xbd]:L[0xf][0xef][0xbf][0xbd][0xef][0xbf][0xbd][0xef][0xbf][0xbd][0xef][0xbf][0xbd]YVA[0xef][0xbf][0xbd]2[0xef][0xbf][0xbd]@F[0xef][0xbf][0xbd][0x12]g[0xef][0xbf][0xbd][0xef][0xbf][0xbd]K[0xef][0xbf][0xbd][0xef][0xbf][0xbd]2S4[0xef][0xbf][0xbd][0xef][0xbf][0xbd][0xef][0xbf][0xbd][0xef][0xbf][0xbd][0xef][0xbf][0xbd][0xef][0xbf][0xbd][0xef][0xbf][0xbd][0x2][0x1f]Q[0xef][0xbf][0xbd]0^/5[0xef][0xbf][0xbd][0xef][0xbf][0xbd]l*[0xc9][0xb5][0xef][0xbf][0xbd][0xef][0x92][0x8c]n[0xef][0xbf][0xbd]"[0xef][0xbf][0xbd]j[0xef][0xbf][0xbd]zI+9[0xef][0xbf][0xbd]v[\r][0xef][0xbf][0xbd][0xef][0xbf][0xbd][0xef][0xbf][0xbd]4,S[0xef][0xbf][0xbd]M[0xef][0xbf][0xbd][0xe8][0xb6][0xb1]@[0xef][0xbf][0xbd][\r],[0xef][0xbf][0xbd]B[0xef][0xbf][0xbd][0xef][0xbf][0xbd][0xef][0xbf][0xbd]JT[0xef][0xbf][0xbd]`[0xef][0xbf][0xbd][0xef][0xbf][0xbd]z[0xef][0xbf][0xbd]6[0xef][0xbf][0xbd][0xef][0xbf][0xbd][0x1e][0xef][0xbf][0xbd];[0xef][0xbf][0xbd]e[0xef][0xbf][0xbd]E3KA,N[0x5][0xef][0xbf][0xbd]j[0xef][0xbf][0xbd]n[0xef][0xbf][0xbd][0xef][0xbf][0xbd]r[0xef][0xbf][0xbd]nJRj[0xef][0xbf][0xbd])\k[0xef][0xbf][0xbd][0xef][0xbf][0xbd]Q[0xef][0xbf][0xbd][0xef][0xbf][0xbd][0x2][0x6]h[0xef][0xbf][0xbd][0x10][0xef][0xbf][0xbd][0xef][0xbf][0xbd]D[0xc][0xef][0xbf][0xbd]B[0x16]\[0xef][0xbf][0xbd]NL[0xf][0xef][0xbf][0xbd][0xef][0xbf][0xbd][0x5][0xef][0xbf][0xbd][0xef][0xbf][0xbd]?[0xe][0x19]. ![0xef][0xbf][0xbd][0x1e][0xef][0xbf][0xbd]L[0xef][0xbf][0xbd][0xef][0xbf][0xbd][0x8][0x5]1Z[0xef][0xbf][0xbd]r[0xef][0xbf][0xbd]Y[h[0xef][0xbf][0xbd][0xef][0xbf][0xbd]M[0xef][0xbf][0xbd]6[0xef][0xbf][0xbd][0xef][0xbf][0xbd][0xef][0xbf][0xbd][0xef][0xbf][0xbd][0xef][0xbf][0xbd].dB[0xef][0xbf][0xbd]Q[0xb][0xef][0xbf][0xbd][0x12][0xef][0xbf][0xbd]Yc[0xef][0xbf][0xbd][0xef][0xbf][0xbd][0x1d][0x7][0xef][0xbf][0xbd][0xef][0xbf][0xbd]Qi[0xef][0xbf][0xbd][0x17][0xef][0xbf][0xbd]M[0xef][0xbf][0xbd]l[0x6][0xef][0xbf][0xbd]j[0x19][0xef][0xbf][0xbd]#[0xef][0xbf][0xbd][0x6][0xef][0xbf][0xbd]~[0xef][0xbf][0xbd][Qil,[0xef][0xbf][0xbd][0x6][0xef][0xbf][0xbd]n[0xef][0xbf][0xbd]QY[#m[0xef][0xbf][0xbd][0xef][0xbf][0xbd][0xef][0xbf][0xbd][0xef][0xbf][0xbd]N[0xef][0xbf][0xbd]_,[0xef][0xbf][0xbd][0xef][0xbf][0xbd][0xef][0xbf][0xbd][0x13][0xef][0xbf][0xbd]JY[0xef][0xbf][0xbd][0xef][0xbf][0xbd][0xef][0xbf][0xbd]s[0xef][0xbf][0xbd]%,[0xef][0xbf][0xbd][0xef][0xbf][0xbd][0xc][0xef][0xbf][0xbd][0xef][0xbf][0xbd][0x1e][0xef][0xbf][0xbd]][0xef][0xbf][0xbd]",e[0x1d]8[0xef][0xbf][0xbd]3t[0xef][0xbf][0xbd][0xef][0xbf][0xbd]V[0xef][0xbf][0xbd][0xef][0xbf][0xbd][0xef][0xbf][0xbd]st[0xef][0xbf][0xbd][0xef][0xbf][0xbd][0x1]UJ[0xef][0xbf][0xbd]f[0xef][0xbf][0xbd][0xe][0xef][0xbf][0xbd][0x1f][0x12][0xef][0xbf][0xbd]S[0xef][0xbf][0xbd][0x14][0xef][0xbf][0xbd]'[0x1e][0xef][0xbf][0xbd][0xe][0x10][0xef][0xbf][0xbd][0xef][0xbf][0xbd];[0xef][0xbf][0xbd]}[0xef][0xbf][0xbd]Ef[0xef][0xbf][0xbd][0xef][0xbf][0xbd]@[0xef][0xbf][0xbd]c:fV[0x1e]\"[0x11]7[0xef][0xbf][0xbd][0xd6][0x90][0xef][0xbf][0xbd]+{[0xef][0xbf][0xbd][0xef][0xbf][0xbd][0xef][0xbf][0xbd][\r]7N][0xef][0xbf][0xbd][0xc9][0x92]I$H[0xef][0xbf][0xbd]8[0xef][0xbf][0xbd][0xef][0xbf][0xbd]T[0xef][0xbf][0xbd][0xef][0xbf][0xbd]P[0x1e][0xef][0xbf][0xbd][0xef][0xbf][0xbd][0xef][0xbf][0xbd][0x18][0xef][0xbf][0xbd]([0x15][0xef][0xbf][0xbd][0xef][0xbf][0xbd][0xef][0xbf][0xbd][0x2][0xef][0xbf][0xbd]p[0xef][0xbf][0xbd][0xef][0xbf][0xbd][0xd0][0xa2]f[0xef][0xbf][0xbd][0xef][0xbf][0xbd]t[0xef][0xbf][0xbd]YY[0xef][0xbf][0xbd][0xef][0xbf][0xbd]e6[0xef][0xbf][0xbd]K[0xef][0xbf][0xbd]B[0xef][0xbf][0xbd][0xef][0xbf][0xbd][0xef][0xbf][0xbd][0xef][0xbf][0xbd]|A[0xe3][0xa0][0xac]^[0xef][0xbf][0xbd][)z[0xef][0xbf][0xbd][0xef][0xbf][0xbd]J|sj[0x18][0xef][0xbf][0xbd]F,[0xef][0xbf][0xbd]T.[0xef][0xbf][0xbd][0x14]|[0xef][0xbf][0xbd][0xef][0xbf][0xbd]S[0xef][0xbf][0xbd]z[0xef][0xbf][0xbd]M[0xef][0xbf][0xbd][0xef][0xbf][0xbd]@m[0xef][0xbf][0xbd]@[0xb][0xef][0xbf][0xbd])[0xd9][0xb6]J[0x18][0xef][0xbf][0xbd][0xcb][0xba]As[0xef][0xbf][0xbd][0x13][0xef][0xbf][0xbd][0xef][0xbf][0xbd][0xef][0xbf][0xbd][0xef][0xbf][0xbd]$[0xef][0xbf][0xbd][0xef][0xbf][0xbd]y[0xb][0xef][0xbf][0xbd][0xef][0xbf][0xbd][0xef][0xbf][0xbd][0x1d]f[0xef][0xbf][0xbd]!t[0xef][0xbf][0xbd]>[0xef][0xbf][0xbd]K[0xef][0xbf][0xbd][0xef][0xbf][0xbd][0xef][0xbf][0xbd][0xef][0xbf][0xbd]u[0xef][0xbf][0xbd]p[0xef][0xbf][0xbd][0x1]}D3?[0xef][0xbf][0xbd][0xef][0xbf][0xbd][0xef][0xbf][0xbd][0xef][0xbf][0xbd][0xef][0xbf][0xbd][0xef][0xbf][0xbd]f[0xc2][0xaa]P[0xef][0xbf][0xbd][0xef][0xbf][0xbd]0[0xcc][0xa8]wt[0xf][0xef][0xbf][0xbd]i[0xef][0xbf][0xbd][0xef][0xbf][0xbd]J[0xef][0xbf][0xbd][0xef][0xbf][0xbd]P[0xef][0xbf][0xbd][0x8][0xef][0xbf][0xbd][0xef][0xbf][0xbd]c8[0xef][0xbf][0xbd][0xef][0xbf][0xbd][0x6]N;q`[0x14]5[0xef][0xbf][0xbd][0xef][0xbf][0xbd][0xca][0xb9][0xef][0xbf][0xbd][0x12][0x0][0x0][0x1f]}[0xef][0xbf][0xbd]Ny[0xef][0xbf][0xbd]c[0xc4][0xb1][0xef][0xbf][0xbd][0xef][0xbf][0xbd]/[0xef][0xbf][0xbd][0xef][0xbf][0xbd]L[0xef][0xbf][0xbd][0x1c][0xef][0xbf][0xbd]v[0xef][0xbf][0xbd][0xef][0xbf][0xbd]D[0xef][0xbf][0xbd]@j9[0xef][0xbf][0xbd][0x1]lO@oC[0xef][0xbf][0xbd][0xef][0xbf][0xbd][0x8]9[0xd8][0x8d][0xcb][0x98]@yZ[0xef][0xbf][0xbd][0xef][0xbf][0xbd]#9[0xd6][0x99][0xef][0xbf][0xbd]ipE[0xef][0xbf][0xbd][0xef][0xbf][0xbd]T[0xef][0xbf][0xbd]H[0xef][0xbf][0xbd]fb<[0xef][0xbf][0xbd][0xef][0xbf][0xbd][0xef][0xbf][0xbd]q[0xef][0xbf][0xbd][0xef][0xbf][0xbd]s[0xef][0xbf][0xbd][0xef][0xbf][0xbd][0xef][0xbf][0xbd][0xef][0xbf][0xbd][0xef][0xbf][0xbd][0xef][0xbf][0xbd][0xef][0xbf][0xbd]g_[0x10][0xef][0xbf][0xbd][0xef][0xbf][0xbd][0x16][0x10]4@[0xef][0xbf][0xbd][0xef][0xbf][0xbd][0x1a][0xef][0xbf][0xbd][0xef][0xbf][0xbd][0xef][0xbf][0xbd][0xef][0xbf][0xbd][0xef][0xbf][0xbd]~[0xcb][0x9e][0x2][0xef][0xbf][0xbd]g[0xef][0xbf][0xbd]`[0x2][0xef][0xbf][0xbd]]?>8.8[0xef][0xbf][0xbd][0xef][0xbf][0xbd][\r]*[0xef][0xbf][0xbd][0x18]z`[0xc6][0xa2]#d[0xef][0xbf][0xbd]_pz[0xef][0xbf][0xbd].Dg[0xce][0xb4][\r]1^[0xef][0xbf][0xbd][0xef][0xbf][0xbd]1y[0xef][0xbf][0xbd][0xef][0xbf][0xbd][0x4]i[0xef][0xbf][0xbd]b n[0xef][0xbf][0xbd][0xef][0xbf][0xbd][0x16]*1[0xef][0xbf][0xbd]LaG[0xef][0xbf][0xbd]Q[0xef][0xbf][0xbd][0xef][0xbf][0xbd][0xef][0xbf][0xbd]S/[0xb][0xef][0xbf][0xbd][0x8][0xe4][0xb2][0x82].[0xef][0xbf][0xbd][0xb][0xef][0xbf][0xbd][0xef][0xbf][0xbd]J[0xef][0xbf][0xbd][0x3][0xef][0xbf][0xbd][0xef][0xbf][0xbd]_[0xef][0xbf][0xbd]E[0xef][0xbf][0xbd][0xef][0xbf][0xbd][0xef][0xbf][0xbd]V[0xef][0xbf][0xbd][0xef][0xbf][0xbd]EWq[0x10]*%[0xef][0xbf][0xbd]8m[0xef][0xbf][0xbd]~`D[0xef][0xbf][0xbd][0xef][0xbf][0xbd]9[0xef][0xbf][0xbd][0xef][0xbf][0xbd]2W[0xef][0xbf][0xbd][0x19][0x15][0xef][0xbf][0xbd][0xef][0xbf][0xbd]8&[0xef][0xbf][0xbd][0xef][0xbf][0xbd]j[0xef][0xbf][0xbd][0x1b]b[0xef][0xbf][0xbd]uH&[0xef][0xbf][0xbd]W[0xb]>[0x17][0xef][0xbf][0xbd][0xef][0xbf][0xbd][0xef][0xbf][0xbd]rZ3U[0x17]X[0x16]"
07:56:30.770 [main] DEBUG org.apache.http.wire -  >> "=[0xef][0xbf][0xbd]R~g0c[0x1e][0xef][0xbf][0xbd]@[0xef][0xbf][0xbd][0xef][0xbf][0xbd][0xef][0xbf][0xbd][0xef][0xbf][0xbd]+z[0xef][0xbf][0xbd][0xef][0xbf][0xbd][0xef][0xbf][0xbd]'[0xef][0xbf][0xbd]n[0xef][0xbf][0xbd]}[0xef][0xbf][0xbd][0x16]Jy[0xef][0xbf][0xbd][0xef][0xbf][0xbd][0xef][0xbf][0xbd][0xef][0xbf][0xbd][0xef][0xbf][0xbd]U[0xef][0xbf][0xbd]<[0xcf][0x92][0x1e]b[0xef][0xbf][0xbd]W[0xef][0xbf][0xbd][0xef][0xbf][0xbd]}[0xef][0xbf][0xbd][0xef][0xbf][0xbd][0x8][0xef][0xbf][0xbd][0xef][0xbf][0xbd][0x8]j[0xef][0xbf][0xbd][0xef][0xbf][0xbd][0x2]8[0xef][0xbf][0xbd][0x5]R[0xef][0xbf][0xbd][0xef][0xbf][0xbd]c[0xef][0xbf][0xbd][0xef][0xbf][0xbd][0x13]%[0x8]p[0xef][0xbf][0xbd]7[0xef][0xbf][0xbd]N,[0x3]7[0xef][0xbf][0xbd][0xef][0xbf][0xbd]6[0x10][0xef][0xbf][0xbd][0xef][0xbf][0xbd]5[0xef][0xbf][0xbd][0xcc][0x88][0xef][0xbf][0xbd][0xef][0xbf][0xbd][0x18][0x5]H[0xe][0xb]y[0xef][0xbf][0xbd][0xef][0xbf][0xbd][0xef][0xbf][0xbd][0xef][0xbf][0xbd][0xef][0xbf][0xbd][0xef][0xbf][0xbd][0xef][0xbf][0xbd][0x1a][0xc]Y[0xef][0xbf][0xbd]dF[0xef][0xbf][0xbd][0x12][0xef][0xbf][0xbd][0xef][0xbf][0xbd]>[0x1a][0xef][0xbf][0xbd][0xef][0xbf][0xbd]b[0xef][0xbf][0xbd][0xef][0xbf][0xbd][0xef][0xbf][0xbd]{[0xef][0xbf][0xbd](.[0xef][0xbf][0xbd][0xef][0xbf][0xbd][0xef][0xbf][0xbd][0x3][0xef][0xbf][0xbd][0xef][0xbf][0xbd][0xef][0xbf][0xbd][0x1f][0x19][0xef][0xbf][0xbd][0xef][0xbf][0xbd]z[\n]"
07:56:30.771 [main] DEBUG org.apache.http.wire -  >> "[0xef][0xbf][0xbd][0xef][0xbf][0xbd]pY/[0xc2][0x91]a[0x1a][0xef][0xbf][0xbd]u[0xef][0xbf][0xbd]V[0xef][0xbf][0xbd]qQ[0xef][0xbf][0xbd][0xef][0xbf][0xbd][0xef][0xbf][0xbd]7u[0xef][0xbf][0xbd]K[0x15][0xef][0xbf][0xbd][0xef][0xbf][0xbd]['[0xef][0xbf][0xbd]|[0xef][0xbf][0xbd][0xef][0xbf][0xbd]o~[0xef][0xbf][0xbd]W[0xef][0xbf][0xbd][0xef][0xbf][0xbd][0xef][0xbf][0xbd][0xef][0xbf][0xbd]SB[0xef][0xbf][0xbd]X[0xef][0xbf][0xbd]l?[0xef][0xbf][0xbd][0xef][0xbf][0xbd][0xef][0xbf][0xbd]}[0xef][0xbf][0xbd][0xef][0xbf][0xbd](>[0xef][0xbf][0xbd][0xca][0xb6]_[0xef][0xbf][0xbd][0xef][0xbf][0xbd]w[0xef][0xbf][0xbd][0xef][0xbf][0xbd]G[0xc5][0xb7][0xef][0xbf][0xbd][0xef][0xbf][0xbd]P[0xef][0xbf][0xbd][0xef][0xbf][0xbd][0xe][0xef][0xbf][0xbd][0x1b].[0xef][0xbf][0xbd]t[0xef][0xbf][0xbd]WA}SmgL[0x1c]oWSY[0x12][0xef][0xbf][0xbd][0xef][0xbf][0xbd][0x6][0xef][0xbf][0xbd]tQ[0xef][0xbf][0xbd][0xef][0xbf][0xbd][0xef][0xbf][0xbd]c<[0x1f][0xef][0xbf][0xbd][0xf][0xef][0xbf][0xbd][0xef][0xbf][0xbd]h<[0xef][0xbf][0xbd]9[0xef][0xbf][0xbd][0x13]}B[0xef][0xbf][0xbd]:[0xef][0xbf][0xbd][0xef][0xbf][0xbd]0E[0xef][0xbf][0xbd]y[0xef][0xbf][0xbd]^8[0xef][0xbf][0xbd][0x19][0xef][0xbf][0xbd][0x15]x[0xef][0xbf][0xbd][0x2]%[0xef][0xbf][0xbd]~\[0xef][0xbf][0xbd]A[0xef][0xbf][0xbd]T=[0xef][0xbf][0xbd][0xdc][0x96].W[0xef][0xbf][0xbd][0xef][0xbf][0xbd]S[0xef][0xbf][0xbd]\[0xef][0xbf][0xbd][0xef][0xbf][0xbd][0xef][0xbf][0xbd][0xef][0xbf][0xbd]%[0xef][0xbf][0xbd]IU[0x6]\[0xef][0xbf][0xbd][0xef][0xbf][0xbd]0"\[0xef][0xbf][0xbd] [0xef][0xbf][0xbd][0xef][0xbf][0xbd][0x1f][0xef][0xbf][0xbd]7[0xef][0xbf][0xbd][0xef][0xbf][0xbd]> [0xef][0xbf][0xbd][0xef][0xbf][0xbd][0xef][0xbf][0xbd][0xef][0xbf][0xbd]^.[0xef][0xbf][0xbd]( 4~'[0xef][0xbf][0xbd]3}[0xef][0xbf][0xbd][0x16][0x13]8[0xef][0xbf][0xbd]>H[0xef][0xbf][0xbd][0xef][0xbf][0xbd][0xef][0xbf][0xbd][0xef][0xbf][0xbd][0xef][0xbf][0xbd][0xc2][0xbf][0xef][0xbf][0xbd][0xef][0xbf][0xbd][0xef][0xbf][0xbd]v[0xef][0xbf][0xbd]b/[0x1c][0xef][0xbf][0xbd][0xef][0xbf][0xbd][0xcb][0x91][0x0][0xef][0xbf][0xbd][0x17][0xef][0xbf][0xbd][0xc2][0x8a][0x1a]J[0x6][0xef][0xbf][0xbd][0xef][0xbf][0xbd][0x4][0x18][0xef][0xbf][0xbd][0x1b]w[0xef][0xbf][0xbd][0xef][0xbf][0xbd][0xd5][0x8a][\n]"
07:56:30.771 [main] DEBUG org.apache.http.wire -  >> "[\r][0xef][0xbf][0xbd][0xef][0xbf][0xbd][0xef][0xbf][0xbd][0x1d]wqp$0[0xef][0xbf][0xbd][0xef][0xbf][0xbd][0xef][0xbf][0xbd] c;[0x13]R[0xef][0xbf][0xbd][0xef][0xbf][0xbd]=Cqe[0xef][0xbf][0xbd][0xef][0xbf][0xbd]'[0xef][0xbf][0xbd]^[0xef][0xbf][0xbd][[0xcd][0x88]R&r!&[0xef][0xbf][0xbd][0x10][0xef][0xbf][0xbd][\n]"
07:56:30.771 [main] DEBUG org.apache.http.wire -  >> "[0xef][0xbf][0xbd][0xef][0xbf][0xbd]14[0xb]X[0x3][0x14][0xe]d[0x1][0xef][0xbf][0xbd][0xef][0xbf][0xbd][0xef][0xbf][0xbd][\n]"
07:56:30.771 [main] DEBUG org.apache.http.wire -  >> "[0xef][0xbf][0xbd][0xef][0xbf][0xbd][0x0][0xc4][0xbc][0xef][0xbf][0xbd][0xef][0xbf][0xbd]R[0xef][0xbf][0xbd][0xc]F7[0xef][0xbf][0xbd]ei-[0xef][0xbf][0xbd]1@[0xef][0xbf][0xbd][0x15][0xef][0xbf][0xbd]^[0xef][0xbf][0xbd][\r][0xef][0xbf][0xbd]0[0xef][0xbf][0xbd][0x6]N6[0xef][0xbf][0xbd][0x0][0xef][0xbf][0xbd]U[0xc8][0x8c][0xef][0xbf][0xbd][0x6][0xef][0xbf][0xbd][0xef][0xbf][0xbd][0x13]/[0x1a][0xd2][0xa0]X[0xef][0xbf][0xbd]m[0x5][0xef][0xbf][0xbd][0xef][0xbf][0xbd]1[0xef][0xbf][0xbd][0x1b]V2nR[0xef][0xbf][0xbd][0xec][0xba][0xb8][0xef][0xbf][0xbd]kN #[0xef][0xbf][0xbd]z[0xef][0xb7][0x9e]l[0xef][0xbf][0xbd][0xb][0xef][0xbf][0xbd][0x14][0xef][0xbf][0xbd]'[0x12][0xc8][0x8e]c[0xef][0xbf][0xbd][0xef][0xbf][0xbd][0xef][0xbf][0xbd][0xef][0xbf][0xbd][0x13][0xef][0xbf][0xbd][0xb]T[0x7][0xef][0xbf][0xbd][0xef][0xbf][0xbd]6t)[0xef][0xbf][0xbd]&(U[0xef][0xbf][0xbd][0xef][0xbf][0xbd][0xef][0xbf][0xbd]4s[0xef][0xbf][0xbd]8>C[0xef][0xbf][0xbd][0xc]-[0xef][0xbf][0xbd]r[0xef][0xbf][0xbd][0xef][0xbf][0xbd]J[0xef][0xbf][0xbd][0xef][0xbf][0xbd]0[0xef][0xbf][0xbd]j[0xef][0xbf][0xbd][0x1e]"[0xef][0xbf][0xbd]"[0xef][0xbf][0xbd][0x2]l[0x6]P0[0xef][0xbf][0xbd][0xef][0xbf][0xbd]Y[0xef][0xbf][0xbd]E/[0x16][0xef][0xbf][0xbd][0xef][0xbf][0xbd])4[0xef][0xbf][0xbd][0x18]"![0xef][0xbf][0xbd][0x16][0x18][0xef][0xbf][0xbd][\r]7[0xef][0xbf][0xbd][0xef][0xbf][0xbd] [0xef][0xbf][0xbd][0x0][0xef][0xbf][0xbd][0xef][0xbf][0xbd]\[0x1a])[0xdd][0x95][0xef][0xbf][0xbd] [0xef][0xbf][0xbd][0xef][0xbf][0xbd][0xef][0xbf][0xbd][0xef][0xbf][0xbd][0xef][0xbf][0xbd]!b[0xef][0xbf][0xbd][0xef][0xbf][0xbd]nS[0xef][0xbf][0xbd]@[0xef][0xbf][0xbd][0xef][0xbf][0xbd]E[0xef][0xbf][0xbd]|[0xef][0xbf][0xbd]r[0xef][0xbf][0xbd][0xef][0xbf][0xbd]a[0xef][0xbf][0xbd][0xef][0xbf][0xbd]p[0xef][0xbf][0xbd][0xef][0xbf][0xbd][0xef][0xbf][0xbd]OK[0x7]}[0xd5][0xb8]U6[0xef][0xbf][0xbd]xR@[0x1][0xef][0xbf][0xbd]k[0xef][0xbf][0xbd][0xef][0xbf][0xbd]<`[\r]|[0xd6][0xb9][0xef][0xbf][0xbd][0x12][0x1f]h[0xef][0xbf][0xbd][0xef][0xbf][0xbd][0xef][0xbf][0xbd]v-6[0xef][0xbf][0xbd][0x0] [0x1c]a'[0xef][0xbf][0xbd]^[0x6][0x1b]8[0xef][0xbf][0xbd][0xef][0xbf][0xbd] -u[0xef][0xbf][0xbd]f[0xef][0xbf][0xbd][0xef][0xbf][0xbd][0xef][0xbf][0xbd][0x12][0xef][0xbf][0xbd][0xef][0xbf][0xbd][0xef][0xbf][0xbd]3'[0xef][0xbf][0xbd][0xef][0xbf][0xbd]vau[0xef][0xbf][0xbd][0xef][0xbf][0xbd][0x1b] .[0xef][0xbf][0xbd][0xd3][0x9a][0xef][0xbf][0xbd][0x1]7[0xef][0xbf][0xbd][0xef][0xbf][0xbd][0xef][0xbf][0xbd]jH[0xef][0xbf][0xbd]-[0xef][0xbf][0xbd][0xef][0xbf][0xbd]D[0xef][0xbf][0xbd]*[0xef][0xbf][0xbd]Kb[0xef][0xbf][0xbd]Q[0x5][0x4]i[0xef][0xbf][0xbd][0xef][0xbf][0xbd][0xef][0xbf][0xbd]1[0xef][0xbf][0xbd]9Y`[0x4][0xef][0xbf][0xbd][[0xef][0xbf][0xbd][0x3][0xef][0xbf][0xbd][0xf][0xef][0xbf][0xbd]][0xc][0xef][0xbf][0xbd][0xef][0xbf][0xbd][0x4]m[0xef][0xbf][0xbd]1[0xef][0xbf][0xbd][0xef][0xbf][0xbd][0xef][0xbf][0xbd][0xef][0xbf][0xbd]x[0x6]8[0x5][0xef][0xbf][0xbd][0xef][0xbf][0xbd]^[0x12]l[0xc][0xef][0xbf][0xbd]3[0xef][0xbf][0xbd]>[0xef][0xbf][0xbd]Z[0xef][0xbf][0xbd][0xef][0xbf][0xbd][0x5][0xef][0xbf][0xbd]e[0xef][0xbf][0xbd][0xef][0xbf][0xbd]P[0xef][0xbf][0xbd][0xef][0xbf][0xbd][0xef][0xbf][0xbd][0xef][0xbf][0xbd]N[0xef][0xbf][0xbd]w[0xef][0xbf][0xbd]N[0xef][0xbf][0xbd][0xef][0xbf][0xbd][0x12]:[0xef][0xbf][0xbd][0xef][0xbf][0xbd][0x18]b^[0xef][0xbf][0xbd][0xef][0xbf][0xbd]'[0xef][0xbf][0xbd][0x18][0xef][0xbf][0xbd]\[0xef][0xbf][0xbd]\[0xef][0xbf][0xbd][0xef][0xbf][0xbd][0xef][0xbf][0xbd]%2[0xef][0xbf][0xbd]"gs[0xc4][0xb8][0xef][0xbf][0xbd][0x12]:[0xef][0xbf][0xbd][0x14]x.[0xef][0xbf][0xbd][0xef][0xbf][0xbd]k[0x17][0xef][0xbf][0xbd]3O[0xef][0xbf][0xbd]K[0x11][0xef][0xbf][0xbd][0x4][0xef][0xbf][0xbd][0xef][0xbf][0xbd]|[0xef][0xbf][0xbd]So\[0xef][0xbf][0xbd][0xef][0xbf][0xbd][0xef][0xbf][0xbd][0xef][0xbf][0xbd]%[0xef][0xbf][0xbd]R0[0xef][0xbf][0xbd]k[0xef][0xbf][0xbd]\[0xde][0xa0][0x1]a[0x1b][0x6][0xef][0xbf][0xbd][0xef][0xbf][0xbd][0xef][0xbf][0xbd][0xef][0xbf][0xbd]a[0xef][0xbf][0xbd]#[0xd5][0xab]v+[0xef][0xbf][0xbd],[0xef][0xbf][0xbd][0xef][0xbf][0xbd]j[0xef][0xbf][0xbd][0xef][0xbf][0xbd][0xef][0xbf][0xbd][0xef][0xbf][0xbd]V[0x2]'[0xef][0xbf][0xbd][0xef][0xbf][0xbd][0xef][0xbf][0xbd]%[0x14][0xef][0xbf][0xbd]E[0xef][0xbf][0xbd][0xef][0xbf][0xbd][0xef][0xbf][0xbd][[0xef][0xbf][0xbd]cr[0xef][0xbf][0xbd][0x1a]C[0xef][0xbf][0xbd][0xef][0xbf][0xbd][0xef][0xbf][0xbd][0x9][0x1c][0xef][0xbf][0xbd][0xdb][0x96]&[0xef][0xbf][0xbd][0xef][0xbf][0xbd][0xef][0xbf][0xbd]u[0xef][0xbf][0xbd][0xef][0xbf][0xbd]KC[0xef][0xbf][0xbd][0x13][0x1a][0x1a]W[0xef][0xbf][0xbd]![0xef][0xbf][0xbd][0x19][0xef][0xbf][0xbd][0xef][0xbf][0xbd]g[0xef][0xbf][0xbd][0xef][0xbf][0xbd]D{[0xef][0xbf][0xbd][0xef][0xbf][0xbd]]<[0xef][0xbf][0xbd]4[0xef][0xbf][0xbd][0xef][0xbf][0xbd][0xc2][0x8b][0xef][0xbf][0xbd][0xef][0xbf][0xbd]B?3[0xef][0xbf][0xbd][0xef][0xbf][0xbd])*C[0xef][0xbf][0xbd]!f[0x19][0xef][0xbf][0xbd]_[0xef][0xbf][0xbd][0xef][0xbf][0xbd][0xcb][0x98][0xef][0xbf][0xbd][0xef][0xbf][0xbd][0xef][0xbf][0xbd]C[0xef][0xbf][0xbd][0xb][0xef][0xbf][0xbd][0xef][0xbf][0xbd]w[0xef][0xbf][0xbd][0xef][0xbf][0xbd][0xb][0xef][0xbf][0xbd][0xef][0xbf][0xbd][0xef][0xbf][0xbd][0xef][0xbf][0xbd][0xef][0xbf][0xbd]<*v[0x11][0x12][0xef][0xbf][0xbd][0xef][0xbf][0xbd][0x1a][0xef][0xbf][0xbd][0xef][0xbf][0xbd][0xef][0xbf][0xbd][0xef][0xbf][0xbd][0xef][0xbf][0xbd]j[0xef][0xbf][0xbd][0x5][0xef][0xbf][0xbd]Y[0x1]+[0xef][0xbf][0xbd][0xef][0xbf][0xbd][0x13][0xef][0xbf][0xbd]k[0x18][0xef][0xbf][0xbd][0x12]R[0xef][0xbf][0xbd]rkv[0xef][0xbf][0xbd]4[0xef][0xbf][0xbd][0xef][0xbf][0xbd][0xda][0x98][0xef][0xbf][0xbd]I[0x18]q[0x6]M[0xef][0xbf][0xbd]s+t[0xef][0xbf][0xbd][0xde][0xb2][0xef][0xbf][0xbd]SH[0x1d][0xef][0xbf][0xbd][0xef][0xbf][0xbd][0xef][0xbf][0xbd]b[0xef][0xbf][0xbd][0xef][0xbf][0xbd][0xef][0xbf][0xbd]T[0xef][0xbf][0xbd][0x1b]d[0xef][0xbf][0xbd][0x16][0xef][0xbf][0xbd][0x18][0x1b]L[0xef][0xbf][0xbd][0xef][0xbf][0xbd]pj[0x9]yYx[0x7][0xef][0xbf][0xbd][0x1]j[0xef][0xbf][0xbd][0xef][0xbf][0xbd]4[0xef][0xbf][0xbd][0xef][0xbf][0xbd][0xef][0xbf][0xbd]b[0xef][0xbf][0xbd]("[0xef][0xbf][0xbd][0xef][0xbf][0xbd]e[0xd9][0xb0][0xd6][0x8d][0xef][0xbf][0xbd]DN+[0xef][0xbf][0xbd]![0xef][0xbf][0xbd][0xef][0xbf][0xbd]B1G[0xef][0xbf][0xbd][0xd7][0xbf]([0xe]t[0xef][0xbf][0xbd]I[0xef][0xbf][0xbd][0xef][0xbf][0xbd][0xef][0xbf][0xbd][0xf][0x0][0xef][0xbf][0xbd][0xef][0xbf][0xbd]|Y[0xef][0xbf][0xbd]Q[0xef][0xbf][0xbd]m[0xef][0xbf][0xbd][0xef][0xbf][0xbd][0xef][0xbf][0xbd][0xef][0xbf][0xbd][0xef][0xbf][0xbd]~[0xef][0xbf][0xbd][0xef][0xbf][0xbd][0xef][0xbf][0xbd]7N[0xef][0xbf][0xbd]=[0xef][0xbf][0xbd]C[0xef][0xbf][0xbd]T4[0xef][0xbf][0xbd]h[0x9][0xef][0xbf][0xbd][0xef][0xbf][0xbd][0xef][0xbf][0xbd]Z[0xef][0xbf][0xbd][0xef][0xbf][0xbd]{[0x1e]b[0xef][0xbf][0xbd][0xef][0xbf][0xbd]8Jl[0xef][0xbf][0xbd]z[0xef][0xbf][0xbd][0xef][0xbf][0xbd][0xef][0xbf][0xbd][0xe2][0xbd][0xb7][0xef][0xbf][0xbd]J[0xb][0xef][0xbf][0xbd]9[0xef][0xbf][0xbd][0xb][0xef][0xbf][0xbd][0xef][0xbf][0xbd][0xef][0xbf][0xbd][0xef][0xbf][0xbd][0xd9][0xb7][0xef][0xbf][0xbd])[0xef][0xbf][0xbd]O[0x1c][0xef][0xbf][0xbd]=[0xef][0xbf][0xbd][0xef][0xbf][0xbd][0xef][0xbf][0xbd]~[0xef][0xbf][0xbd]*s^[0x4][0x0][0xef][0xbf][0xbd]:}fB2[0xef][0xbf][0xbd]l[0xce][0x98][0xef][0xbf][0xbd]r2&[0x16][0xef][0xbf][0xbd]"[0xef][0xbf][0xbd][0xef][0xbf][0xbd][0xef][0xbf][0xbd]QN[0xef][0xbf][0xbd][0x12][0xef][0xbf][0xbd][0xef][0xbf][0xbd][0x0]\,,[0xef][0xbf][0xbd]L[0xef][0xbf][0xbd][0xef][0xbf][0xbd][0xef][0xbf][0xbd][\r] 7[0xef][0xbf][0xbd][0xef][0xbf][0xbd]H[0xca][0x88]jR[0xef][0xbf][0xbd][0xef][0xbf][0xbd][0xef][0xbf][0xbd][\n]"
07:56:30.771 [main] DEBUG org.apache.http.wire -  >> "[0xef][0xbf][0xbd]b[0xef][0xbf][0xbd][0xef][0xbf][0xbd]f$[0x1c]m[0xef][0xbf][0xbd][0x6][0xef][0xbf][0xbd].{[0xef][0xbf][0xbd]o[0xef][0xbf][0xbd]oN[0xd7][0xab][0xef][0xbf][0xbd][0xef][0xbf][0xbd][0xef][0xbf][0xbd]K([0xef][0xbf][0xbd][0xd0][0xbf]x[0xef][0xbf][0xbd][0xef][0xbf][0xbd]D[0x4]m[0xef][0xbf][0xbd][0xef][0xbf][0xbd]g[0xc8][0x91]a[0xef][0xbf][0xbd][0xef][0xbf][0xbd][0xef][0xbf][0xbd]2@[0xef][0xbf][0xbd][0xef][0xbf][0xbd][0x4]&[0xef][0xbf][0xbd][0xef][0xbf][0xbd]h[0xef][0xbf][0xbd]V[0xd9][0x82][0xef][0xbf][0xbd]t[0xef][0xbf][0xbd]L[0x1][0xef][0xbf][0xbd][0xef][0xbf][0xbd]f1[0xef][0xbf][0xbd]BTW[0xef][0xbf][0xbd][0xef][0xbf][0xbd]s[0xef][0xbf][0xbd]M[0xef][0xbf][0xbd][0x9]4@[0xef][0xbf][0xbd][0xef][0xbf][0xbd][0xc]k[0xef][0xbf][0xbd],[0xef][0xbf][0xbd]<[0xef][0xbf][0xbd][0xef][0xbf][0xbd][0xef][0xbf][0xbd][\n]"
07:56:30.771 [main] DEBUG org.apache.http.wire -  >> "[0xef][0xbf][0xbd].[0xef][0xbf][0xbd][0xef][0xbf][0xbd][0xef][0xbf][0xbd][0x1f][0xef][0xbf][0xbd][0x17]7s[0x5][0x3][0xef][0xbf][0xbd][0x12][0xef][0xbf][0xbd][0xf1][0xa0][0xb8][0x84]zj[0xc]v[0x7][0xef][0xbf][0xbd][0xef][0xbf][0xbd][0xef][0xbf][0xbd];[0xef][0xbf][0xbd][0xef][0xbf][0xbd]4[0xef][0xbf][0xbd][0xef][0xbf][0xbd]X[0xef][0xbf][0xbd][0xef][0xbf][0xbd]b[0xef][0xbf][0xbd][0x1e]2[0x11][0xef][0xbf][0xbd][0xef][0xbf][0xbd][0x8][\n]"
07:56:30.771 [main] DEBUG org.apache.http.wire -  >> "[0x8][0xef][0xbf][0xbd][0x4][0xef][0xbf][0xbd][0x6]x[0xef][0xbf][0xbd]M[0xc4][0xa3]5[0xef][0xbf][0xbd]rZKX[0x0]@`2[0xef][0xbf][0xbd][0xf][0xef][0xbf][0xbd][0xef][0xbf][0xbd][0xef][0xbf][0xbd]Yy[0xef][0xbf][0xbd]c[0xd0][0x96][0xef][0xbf][0xbd][0xcd][0x9d][0x2]^[0xef][0xbf][0xbd]Y_[0xef][0xbf][0xbd][0xef][0xbf][0xbd][0xef][0xbf][0xbd][0xef][0xbf][0xbd][0xef][0xbf][0xbd][0xef][0xbf][0xbd][0xef][0xbf][0xbd]y[0xe][0xef][0xbf][0xbd]g[0xef][0xbf][0xbd]-[0xef][0xbf][0xbd]U[0x2][0xef][0xbf][0xbd]_[0xd9][0x9a][0xef][0xbf][0xbd]pz[[0xef][0xbf][0xbd][0xef][0xbf][0xbd][0xef][0xbf][0xbd]@1w[0xef][0xbf][0xbd][0xef][0xbf][0xbd][0x1][0xef][0xbf][0xbd][0x2][0xef][0xbf][0xbd][0xef][0xbf][0xbd][0x5]^[0xef][0xbf][0xbd][0xef][0xbf][0xbd]/3[0xef][0xbf][0xbd]q[0xef][0xbf][0xbd]Zm[0x11]olE[0xef][0xbf][0xbd]:[0xef][0xbf][0xbd]{2fh[0xef][0xbf][0xbd]/w(*[0xef][0xbf][0xbd]ya[0xef][0xbf][0xbd][0xef][0xbf][0xbd]7[0xef][0xbf][0xbd][0xef][0xbf][0xbd]^[0xef][0xbf][0xbd][0xef][0xbf][0xbd][0xef][0xbf][0xbd]>Q@[0xef][0xbf][0xbd][0xef][0xbf][0xbd][0xef][0xbf][0xbd][0xef][0xbf][0xbd][0xef][0xbf][0xbd]W[0xef][0xbf][0xbd][0xef][0xbf][0xbd][0xef][0xbf][0xbd][0xef][0xbf][0xbd][0xef][0xbf][0xbd][0xef][0xbf][0xbd] [0xc6][0x93][0xb]L1[0xef][0xbf][0xbd][0xef][0xbf][0xbd]h[0xce][0xb4]c0[0x1]L5[0xef][0xbf][0xbd][0xef][0xbf][0xbd]*Ao[0x1a][0x13][0xef][0xbf][0xbd][0xef][0xbf][0xbd][0x12]K)5[0xef][0xbf][0xbd][0x1a][0xc9][0xb5][0x16]s[0xef][0xbf][0xbd][0xef][0xbf][0xbd][0xef][0xbf][0xbd][0xef][0xbf][0xbd]3[0xef][0xbf][0xbd]Wp[0xef][0xbf][0xbd]{[0xef][0xbf][0xbd][0x1f]*[0xef][0xbf][0xbd]Qv[0xef][0xbf][0xbd]R[0xef][0xbf][0xbd]C[0x17][0xef][0xbf][0xbd][0xef][0xbf][0xbd][0xef][0xbf][0xbd][0x19][0xef][0xbf][0xbd][0xef][0xbf][0xbd][0xef][0xbf][0xbd][0xef][0xbf][0xbd][0x15]w[0x0][0xef][0xbf][0xbd][0xef][0xbf][0xbd][0xef][0xbf][0xbd]/9V[0xef][0xbf][0xbd][0xe]e[0x3][0xef][0xbf][0xbd]-^[0xef][0xbf][0xbd]1[0x4][0xef][0xbf][0xbd][0xef][0xbf][0xbd]]'[0xef][0xbf][0xbd]b[0xef][0xbf][0xbd][0x1]%l0[0xef][0xbf][0xbd][0x16][0xef][0xbf][0xbd][0xef][0xbf][0xbd]~[0xef][0xbf][0xbd][0xef][0xbf][0xbd]t[0xef][0xbf][0xbd][0xef][0xbf][0xbd][0xef][0xbf][0xbd][0xef][0xbf][0xbd][0xef][0xbf][0xbd]Uc[0xef][0xbf][0xbd][0xef][0xbf][0xbd][0xef][0xbf][0xbd][0xef][0xbf][0xbd][0x5][0xc][0x16][0x19][0xef][0xbf][0xbd][0xef][0xbf][0xbd]|[0xef][0xbf][0xbd]7E[0xef][0xbf][0xbd][0xc4][0xba]|[0xef][0xbf][0xbd]2[0xef][0xbf][0xbd][0xef][0xbf][0xbd][0xd6][0x83][0xef][0xbf][0xbd][0xef][0xbf][0xbd]r{[0xef][0xbf][0xbd][0xef][0xbf][0xbd]9[0xef][0xbf][0xbd][0xef][0xbf][0xbd]+[0xd1][0xa3][0x5][0xef][0xbf][0xbd]0[0xef][0xbf][0xbd][0xef][0xbf][0xbd][0xef][0xbf][0xbd][0x1b]![0xef][0xbf][0xbd][0x9]X[0x14]~[0xef][0xbf][0xbd][0xdc][0x9d]!H[0xef][0xbf][0xbd]vl[0x2][0xef][0xbf][0xbd]S8[0xf][0xef][0xbf][0xbd]([0xef][0xbf][0xbd][0x1b][0xef][0xbf][0xbd][0xef][0xbf][0xbd][0xef][0xbf][0xbd][0x1b][0xef][0xbf][0xbd]&W[0xb][0xef][0xbf][0xbd][0xef][0xbf][0xbd][0x6]AZ[0xef][0xbf][0xbd]2[0x3][0xef][0xbf][0xbd][0xef][0xbf][0xbd][0x10][0xef][0xbf][0xbd]J[0xef][0xbf][0xbd][0xef][0xbf][0xbd]a[\r]}6y[0xef][0xbf][0xbd][0x11]b[0x3][0xef][0xbf][0xbd][0xef][0xbf][0xbd]#[0xef][0xbf][0xbd][0xef][0xbf][0xbd]q[0xef][0xbf][0xbd][0x19][0xef][0xbf][0xbd]w[0xef][0xbf][0xbd][0xef][0xbf][0xbd][0xef][0xbf][0xbd]s[0x1e][0xef][0xbf][0xbd][0x16]UX[0xef][0xbf][0xbd][0xef][0xbf][0xbd]0[0xef][0xbf][0xbd][0xef][0xbf][0xbd][0xc5][0xb2][0xef][0xbf][0xbd]][0xef][0xbf][0xbd][0xb]?[0x0]X[0xef][0xbf][0xbd][0xef][0xbf][0xbd]X[0xef][0xbf][0xbd][0xef][0xbf][0xbd]^S[0xef][0xbf][0xbd][0xef][0xbf][0xbd][0xef][0xbf][0xbd]/[0xef][0xbf][0xbd][0xef][0xbf][0xbd]Ej=[0xef][0xbf][0xbd][0xef][0xbf][0xbd]\[0x8][0xef][0xbf][0xbd]Q;[0xef][0xbf][0xbd][0xd4][0x8d][\r][0xef][0xbf][0xbd][0xef][0xbf][0xbd]43;[0xef][0xbf][0xbd][0xef][0xbf][0xbd][0xef][0xbf][0xbd]m[0xef][0xbf][0xbd]g[0x5][0xef][0xbf][0xbd])[0x4][\n]"
07:56:30.771 [main] DEBUG org.apache.http.wire -  >> "[0xd3][0x8b][0xef][0xbf][0xbd]A[0xef][0xbf][0xbd]6[0xef][0xbf][0xbd][0xef][0xbf][0xbd]7.[0xef][0xbf][0xbd]j[0xef][0xbf][0xbd][0xef][0xbf][0xbd][0xef][0xbf][0xbd]A[0xef][0xbf][0xbd]N[0xef][0xbf][0xbd][0xef][0xbf][0xbd][0xef][0xbf][0xbd]?[0xef][0xbf][0xbd][0xef][0xbf][0xbd]1[0xef][0xbf][0xbd]~w[0xef][0xbf][0xbd]g_[0xef][0xbf][0xbd][0xef][0xbf][0xbd][0xef][0xbf][0xbd]>1Y[0xef][0xbf][0xbd][0xef][0xbf][0xbd][\n]"
07:56:30.771 [main] DEBUG org.apache.http.wire -  >> "b[0xef][0xbf][0xbd]K1wJ[0xf][0xef][0xbf][0xbd][0xef][0xbf][0xbd][0xea][0x92][0xb5]@o[0xef][0xbf][0xbd]a[0xef][0xbf][0xbd][0xef][0xbf][0xbd][0x12][0xef][0xbf][0xbd][0xef][0xbf][0xbd][0xdb][0x90][0x0]r [0xef][0xbf][0xbd][0xef][0xbf][0xbd].[0xef][0xbf][0xbd][0x14][0xef][0xbf][0xbd][0xef][0xbf][0xbd]>[0x1a]D[0xef][0xbf][0xbd];[0xef][0xbf][0xbd][0xdd][0xb0]h'[0x5]J[0xef][0xbf][0xbd]o[0x1e][0xef][0xbf][0xbd][0xef][0xbf][0xbd][0xef][0xbf][0xbd]Z[0xef][0xbf][0xbd][0xef][0xbf][0xbd][0xef][0xbf][0xbd][0xef][0xbf][0xbd][0xef][0xbf][0xbd]*[0xef][0xbf][0xbd]R[0xef][0xbf][0xbd][0xef][0xbf][0xbd]uR[0xef][0xbf][0xbd][0x14][0xef][0xbf][0xbd]gfb[0xef][0xbf][0xbd][0xef][0xbf][0xbd]0[0xef][0xbf][0xbd][0xd4][0x9f]^[0xef][0xbf][0xbd][0xef][0xbf][0xbd]=N[0xef][0xbf][0xbd][0xef][0xbf][0xbd],93[0xef][0xbf][0xbd][j,[0xef][0xbf][0xbd][0xef][0xbf][0xbd][0xb][0xef][0xbf][0xbd][0xef][0xbf][0xbd][0x15][0xef][0xbf][0xbd][0x1e]o[0xef][0xbf][0xbd][0xef][0xbf][0xbd][0x6][0xef][0xbf][0xbd]8i[0xef][0xbf][0xbd][0xef][0xbf][0xbd]M[0xef][0xbf][0xbd]u[0x9]qLw[0x7][0x5]z[0xef][0xbf][0xbd]K\+[0xef][0xbf][0xbd][0x13][0xef][0xbf][0xbd]+4[0x11][0x4]7[0xc][0xef][0xbf][0xbd][0xcb][0x83][0xef][0xbf][0xbd][0xef][0xbf][0xbd]t[0xef][0xbf][0xbd][0x0]Y <u[0xef][0xbf][0xbd]EU[0xef][0xbf][0xbd]UO[0xef][0xbf][0xbd]ve[0xef][0xbf][0xbd]5[0xcf][0x91][0x1d][0xef][0xbf][0xbd]B[0xef][0xbf][0xbd][0x4][0x0][0xef][0xbf][0xbd][0xef][0xbf][0xbd][0xef][0xbf][0xbd]f4[0xef][0xbf][0xbd][0xef][0xbf][0xbd]([0xef][0xbf][0xbd][0xef][0xbf][0xbd]Z[0xef][0xbf][0xbd][0xef][0xbf][0xbd][0xef][0xbf][0xbd][0xef][0xbf][0xbd]I[0xef][0xbf][0xbd][0x11][0xc][0xb]XKX![0xef][0xbf][0xbd]J[0xef][0xbf][0xbd][0xef][0xbf][0xbd][0xef][0xbf][0xbd]_[0x3]q[0xef][0xbf][0xbd][0xef][0xbf][0xbd][0xdd][0x8e][0xef][0xbf][0xbd]fw[0xef][0xbf][0xbd][0x6][0xef][0xbf][0xbd][0x2][0xef][0xbf][0xbd][0x18][0xef][0xbf][0xbd][0x18][0xd3][0xa5][0xef][0xbf][0xbd][0xef][0xbf][0xbd]\[0xef][0xbf][0xbd][0xef][0xbf][0xbd][0xef][0xbf][0xbd][0x6][0xd4][0x8c][0x10][0xef][0xbf][0xbd]+d>[0x6]a[0xef][0xbf][0xbd][0xef][0xbf][0xbd]f`[0xef][0xbf][0xbd]EN0[0xef][0xbf][0xbd][0xc9][0x89][0xe7][0x86][0x9b][0xef][0xbf][0xbd]d[0xef][0xbf][0xbd][0xef][0xbf][0xbd][0xef][0xbf][0xbd]G]vi#[0xef][0xbf][0xbd][0xef][0xbf][0xbd]:%k[0xd9][0xa3][0xef][0xbf][0xbd]G[0xb]\[0xef][0xbf][0xbd][0xef][0xbf][0xbd][0xef][0xbf][0xbd]V[0xef][0xbf][0xbd]s$[\n]"
07:56:30.772 [main] DEBUG org.apache.http.wire -  >> "[0xef][0xbf][0xbd][0xef][0xbf][0xbd][0xef][0xbf][0xbd][0xef][0xbf][0xbd]L[0xef][0xbf][0xbd]b[0xc3][0x92]F[\r][0xef][0xbf][0xbd][0x16][0x19][0x5]@[0xef][0xbf][0xbd][[0xef][0xbf][0xbd]F[0xef][0xbf][0xbd][0xef][0xbf][0xbd]fhq[0xef][0xbf][0xbd][0xef][0xbf][0xbd]1[0xef][0xbf][0xbd][0xef][0xbf][0xbd][0xef][0xbf][0xbd][0xcc][0xb5][0xef][0xbf][0xbd][0xef][0xbf][0xbd]][0xef][0xbf][0xbd][0xef][0xbf][0xbd]xd[0xef][0xbf][0xbd]~[0xef][0xbf][0xbd][0xef][0xbf][0xbd][0xef][0xbf][0xbd][0xef][0xbf][0xbd][0xef][0xbf][0xbd][0xef][0xbf][0xbd]=[0xef][0xbf][0xbd][0xef][0xbf][0xbd][0xef][0xbf][0xbd][0xef][0xbf][0xbd][0xef][0xbf][0xbd]/~[0xef][0xbf][0xbd][0xef][0xbf][0xbd]u@^+[0xef][0xbf][0xbd][0x16][0x10] ~[0xef][0xbf][0xbd][0xef][0xbf][0xbd]_[0xef][0xbf][0xbd][0x12][0xef][0xbf][0xbd][0xef][0xbf][0xbd]wY[0xe][0x9]o[0xef][0xbf][0xbd]}[0xef][0xbf][0xbd][0x8]I[0xef][0xbf][0xbd][0xef][0xbf][0xbd][0xef][0xbf][0xbd][0x5]g[0x0][0xef][0xbf][0xbd]![0xef][0xbf][0xbd][0xef][0xbf][0xbd][0xef][0xbf][0xbd][0xca][0x90][0x4][0xef][0xbf][0xbd]"
07:56:30.772 [main] DEBUG org.apache.http.wire -  >> "eL. [0xef][0xbf][0xbd]CV[0xef][0xbf][0xbd]h[0xef][0xbf][0xbd][0x1b]<[0x11][0x10][0xef][0xbf][0xbd]~[0xef][0xbf][0xbd][0xef][0xbf][0xbd][0xe][0xcc][0x80]U[0xef][0xbf][0xbd]+[0xef][0xbf][0xbd][0xef][0xbf][0xbd]Rb[0xef][0xbf][0xbd]L[0xcc][0x89][0xef][0xbf][0xbd][0xef][0xbf][0xbd]#[0xef][0xbf][0xbd][0xef][0xbf][0xbd][0xef][0xbf][0xbd][0xef][0xbf][0xbd][0xcc][0xbb][0xef][0xbf][0xbd]}V[0xef][0xbf][0xbd][0xef][0xbf][0xbd]q[0xef][0xbf][0xbd]}[0xef][0xbf][0xbd][0xdb][0xac]@[0x9][0xef][0xbf][0xbd][0x1a][0x14]A[0x14]>QM-A[0xef][0xbf][0xbd][0xef][0xbf][0xbd][0xef][0xbf][0xbd][0x1e][0x19][0xef][0xbf][0xbd]VG[0xef][0xbf][0xbd]a[0xef][0xbf][0xbd][0xef][0xbf][0xbd][0xef][0xbf][0xbd][0xef][0xbf][0xbd]L[0xef][0xbf][0xbd]h[0xef][0xbf][0xbd][0xef][0xbf][0xbd][0xef][0xbf][0xbd][0xe4][0xb3][0xa9]r[0xef][0xbf][0xbd][0x10][0xcc][0xb0][0xef][0xbf][0xbd][0xf]9[0xc4][0xbd]E[0x14][0x16][0xef][0xbf][0xbd]8E%eAi[0xef][0xbf][0xbd]e[0xef][0xbf][0xbd][0xef][0xbf][0xbd][0xef][0xbf][0xbd]R[0xc5][0x95][0xef][0xbf][0xbd][0x13][0x1e][0xef][0xbf][0xbd][0xef][0xbf][0xbd][0xef][0xbf][0xbd]Qu\ZF[0xef][0xbf][0xbd][0xef][0xbf][0xbd]I[0xef][0xbf][0xbd]v[0xef][0xbf][0xbd][0x1f]5%[0xef][0xbf][0xbd]0[0xef][0xbf][0xbd][0xef][0xbf][0xbd][0x6][0xef][0xbf][0xbd][0xef][0xbf][0xbd]h[0xef][0xbf][0xbd];[0xef][0xbf][0xbd][\n]"
07:56:30.772 [main] DEBUG org.apache.http.wire -  >> "Z[0xef][0xbf][0xbd]j[0xef][0xbf][0xbd][0x1][0xef][0xbf][0xbd]l[0xef][0xbf][0xbd][0xef][0xbf][0xbd][0x11]w[0xef][0xbf][0xbd]A[0xef][0xbf][0xbd]j[0x1e][0xc4][0x98]s%w[0x1d][0xef][0xbf][0xbd][0xc]~[0xef][0xbf][0xbd][0xef][0xbf][0xbd][0xef][0xbf][0xbd][0x6] [0xef][0xbf][0xbd][0xef][0xbf][0xbd]j[0x6][0xef][0xbf][0xbd]Z[0xef][0xbf][0xbd][0xef][0xbf][0xbd][0xef][0xbf][0xbd][0x1f]a[0xef][0xbf][0xbd]tdvr[0x5]v[0xef][0xbf][0xbd][0xef][0xbf][0xbd]\[0xef][0xbf][0xbd][0xef][0xbf][0xbd][0xef][0xbf][0xbd][0xef][0xbf][0xbd][0xef][0xbf][0xbd][0xef][0xbf][0xbd][0x1c]v][0xef][0xbf][0xbd]>[0x0][0xef][0xbf][0xbd][0xc][0xef][0xbf][0xbd]qZ[0xef][0xbf][0xbd][0xef][0xbf][0xbd][0xef][0xbf][0xbd][0xef][0xbf][0xbd]41j*[0xef][0xbf][0xbd][0xef][0xbf][0xbd]l[0xcb][0x98][0x15][0xef][0xbf][0xbd][0xef][0xbf][0xbd][0xef][0xbf][0xbd]I[[0xef][0xbf][0xbd][0xc9][0x83][0xef][0xbf][0xbd]&6/Z[0x17]+q[0xef][0xbf][0xbd][0xef][0xbf][0xbd][0x2][0xef][0xbf][0xbd][0xef][0xbf][0xbd][0xef][0xbf][0xbd][0xef][0xbf][0xbd][0x14][0xef][0xbf][0xbd][0xf]K[0xef][0xbf][0xbd][0xef][0xbf][0xbd][0xef][0xbf][0xbd][0x1f][0xef][0xbf][0xbd][0xef][0xbf][0xbd][0xef][0xbf][0xbd][0xef][0xbf][0xbd][0xef][0xbf][0xbd]7[0xef][0xbf][0xbd][0xef][0xbf][0xbd][0xef][0xbf][0xbd][0xdf][0xb0][0xef][0xbf][0xbd][0xef][0xbf][0xbd]>[0xef][0xbf][0xbd][0x16][0xd9][0x97][0xef][0xbf][0xbd][0x1a][0xef][0xbf][0xbd][0xef][0xbf][0xbd]/cm[0xef][0xbf][0xbd]T[0xef][0xbf][0xbd][0xef][0xbf][0xbd]d[0x10].3c"[0xef][0xbf][0xbd]T[0xef][0xbf][0xbd][0xef][0xbf][0xbd][0xd2][0x81]uY[0x18][0xef][0xbf][0xbd][0xd0][0xa9]@[0xef][0xbf][0xbd][0xef][0xbf][0xbd]$J[0xef][0xbf][0xbd][0xef][0xbf][0xbd][0x8]W[0xef][0xbf][0xbd]v[0xef][0xbf][0xbd][0x1a]:[0xef][0xbf][0xbd][0xef][0xbf][0xbd][0x10][0xef][0xbf][0xbd][0x17][0xc6][0xa2][0xef][0xbf][0xbd];[0xca][0xae][0xef][0xbf][0xbd][0xef][0xbf][0xbd]m[0xef][0xbf][0xbd][0xef][0xbf][0xbd]]/7u[0xf][0xef][0xbf][0xbd]c[0xef][0xbf][0xbd][\n]"
07:56:30.772 [main] DEBUG org.apache.http.wire -  >> "[0xef][0xbf][0xbd][0xdd][0x98][0xef][0xbf][0xbd]V[0x5]^[0xef][0xbf][0xbd][0xef][0xbf][0xbd]w[0xd2][0x9a][0xef][0xbf][0xbd]&J[0xef][0xbf][0xbd]I[0xef][0xbf][0xbd]%[0xef][0xbf][0xbd]2f[0xef][0xbf][0xbd][0xef][0xbf][0xbd][0x1][0xef][0xbf][0xbd]R[0xef][0xbf][0xbd]+[0x14]< L[0xef][0xbf][0xbd][0xef][0xbf][0xbd][0xef][0xbf][0xbd][0xef][0xbf][0xbd]i[0xef][0xbf][0xbd][0x6]+/[0xef][0xbf][0xbd]e[0xef][0xbf][0xbd]. 4C,[0xef][0xbf][0xbd][0x12][0xef][0xbf][0xbd]~V7aIt[0xc][0xef][0xbf][0xbd]h[0xef][0xbf][0xbd]A([0xef][0xbf][0xbd][0xef][0xbf][0xbd][0xef][0xbf][0xbd][0xef][0xbf][0xbd][0x10]5[0xef][0xbf][0xbd]0[0xef][0xbf][0xbd][0xef][0xbf][0xbd][0xef][0xbf][0xbd]\[0xef][0xbf][0xbd][0xef][0xbf][0xbd][0xef][0xbf][0xbd][0x17][0xef][0xbf][0xbd]4[0xef][0xbf][0xbd][0x18],[0xef][0xbf][0xbd][0xef][0xbf][0xbd]S[[0x3]'[0xef][0xbf][0xbd]%[0xef][0xbf][0xbd][0xef][0xbf][0xbd][0x14]h[0x17][0xef][0xbf][0xbd][0x1d]/[0xef][0xbf][0xbd]q&r6[0xef][0xbf][0xbd]M[0xef][0xbf][0xbd][0xef][0xbf][0xbd][0xef][0xbf][0xbd][0x1a][0xef][0xbf][0xbd]00[\r]H [0xef][0xbf][0xbd][0xef][0xbf][0xbd][0xef][0xbf][0xbd][0xef][0xbf][0xbd][0xc][0xd2][0xba]3?[0x9]a[0xef][0xbf][0xbd][Q[0xef][0xbf][0xbd]g[0xef][0xbf][0xbd]g3[0xef][0xbf][0xbd]SF[0xef][0xbf][0xbd][0x5]6[0xef][0xbf][0xbd]:[0xef][0xbf][0xbd][0xef][0xbf][0xbd][0xef][0xbf][0xbd][0xef][0xbf][0xbd][0xef][0xbf][0xbd]oXX;-[0x8]N[0xef][0xbf][0xbd][0x1b][0xef][0xbf][0xbd][0x19]A[0xef][0xbf][0xbd]_Lx[0x15]:[0xef][0xbf][0xbd]mN[0xef][0xbf][0xbd][0xef][0xbf][0xbd]_[0xef][0xbf][0xbd]z[0xef][0xbf][0xbd][0xef][0xbf][0xbd][0x0][0xef][0xbf][0xbd][0xef][0xbf][0xbd][0xef][0xbf][0xbd][0xef][0xbf][0xbd][0xef][0xbf][0xbd][0xef][0xbf][0xbd][0xea][0xb0][0xae][0xef][0xbf][0xbd][0xef][0xbf][0xbd]py[0xd6][0xa6]5[0xef][0xbf][0xbd]%[0xef][0xbf][0xbd][0xc]vi[0x14][0xef][0xbf][0xbd]>5W= [0xef][0xbf][0xbd][0x1d][0xef][0xbf][0xbd][0xd4][0x92][0xef][0xbf][0xbd][0xef][0xbf][0xbd][0xef][0xbf][0xbd][0xf][0xef][0xbf][0xbd][0xef][0xbf][0xbd][0xef][0xbf][0xbd]e[0xef][0xbf][0xbd]&[0xef][0xbf][0xbd][0xef][0xbf][0xbd]5[0xef][0xbf][0xbd][0xef][0xbf][0xbd]V[0xef][0xbf][0xbd][0xea][0x92][0xae]W[0xef][0xbf][0xbd][0xef][0xbf][0xbd]|[0xef][0xbf][0xbd]W~[0xef][0xbf][0xbd]cO9}[0xef][0xbf][0xbd][0xef][0xbf][0xbd][0xef][0xbf][0xbd]x[0x1d][0xef][0xbf][0xbd]3[0xef][0xbf][0xbd][0xef][0xbf][0xbd]g[0xd7][0xa1]}[0xef][0xbf][0xbd]4[0xef][0xbf][0xbd][0xef][0xbf][0xbd][0xef][0xbf][0xbd]n[0xef][0xbf][0xbd]l[0xef][0xbf][0xbd][0x0]v[0xef][0xbf][0xbd][0x19][0xef][0xbf][0xbd][0x10][0xef][0xbf][0xbd]^[0xef][0xbf][0xbd]U[0xef][0xbf][0xbd]M[0xef][0xbf][0xbd][0xef][0xbf][0xbd][0xef][0xbf][0xbd][0xef][0xbf][0xbd][0xef][0xbf][0xbd]D>[0xef][0xbf][0xbd]I[0xef][0xbf][0xbd]C[0xef][0xbf][0xbd]7[0xef][0xbf][0xbd]hqlWy'k[0xef][0xbf][0xbd][0xef][0xbf][0xbd],[0xc7][0xb4][0x6]),[0xe]9W[0xef][0xbf][0xbd][0xef][0xbf][0xbd][0xef][0xbf][0xbd]][0xef][0xbf][0xbd][0xef][0xbf][0xbd][0x6][0xef][0xbf][0xbd]U[0x13][0x14]YK[0xef][0xbf][0xbd][0xef][0xbf][0xbd]<:;[0x4][0xb][0xef][0xbf][0xbd][0xef][0xbf][0xbd][0xef][0xbf][0xbd][0x3]'[0x15][0xd7][0xb6][0xef][0xbf][0xbd][0xef][0xbf][0xbd]u[0x5]^'[0xef][0xbf][0xbd][0xef][0xbf][0xbd][0xef][0xbf][0xbd][0x18]R[0x3][0xef][0xbf][0xbd]M[0x4][\n]"
07:56:30.772 [main] DEBUG org.apache.http.wire -  >> ",!>[0xd7][0xa0][0xc7][0xb6][0xef][0xbf][0xbd][0xd0][0x82]E[0xef][0xbf][0xbd]1[0x8][0xef][0xbf][0xbd]0z[0xef][0xbf][0xbd][0xef][0xbf][0xbd][0xef][0xbf][0xbd][0xef][0xbf][0xbd]-[0xef][0xbf][0xbd]"t[0xef][0xbf][0xbd]`c[0xef][0xbf][0xbd]Jj[0xef][0xbf][0xbd]U[0xef][0xbf][0xbd][0xef][0xbf][0xbd][0xef][0xbf][0xbd][0x17][0x13][0xef][0xbf][0xbd][0xef][0xbf][0xbd]`[0xef][0xbf][0xbd][0xef][0xbf][0xbd][0xef][0xbf][0xbd]:[0xc]q[0x1][0xef][0xbf][0xbd][0xef][0xbf][0xbd][0xef][0xbf][0xbd]Tf[0xd8][0x88][0xef][0xbf][0xbd]e[0x7][0xef][0xbf][0xbd]r)[0xef][0xbf][0xbd][0xef][0xbf][0xbd][0xef][0xbf][0xbd][0x14][0xef][0xbf][0xbd][0xef][0xbf][0xbd][0xef][0xbf][0xbd][0xef][0xbf][0xbd][0x19][0xef][0xbf][0xbd])K[0xef][0xbf][0xbd]aX[0xc][0xef][0xbf][0xbd]i[0xef][0xbf][0xbd]t[0x4]?QM[0xef][0xbf][0xbd]"[0xef][0xbf][0xbd]g[0xd0][0x89][0x0]}A[0xea][0x85][0x82]@[0x3]&[[0xef][0xbf][0xbd]R_[0xef][0xbf][0xbd][0xef][0xbf][0xbd][0xef][0xbf][0xbd][0xc][0xef][0xbf][0xbd][0x16][0xef][0xbf][0xbd][0xef][0xbf][0xbd][0xc4][0xb5][0xd6][0x8a][0xef][0xbf][0xbd][0xef][0xbf][0xbd][0xef][0xbf][0xbd][\n]"
07:56:30.772 [main] DEBUG org.apache.http.wire -  >> "[0xef][0xbf][0xbd]&[0xef][0xbf][0xbd][0xef][0xbf][0xbd]K4[0xef][0xbf][0xbd]*[0xef][0xbf][0xbd]d5#[0x0]R[0xef][0xbf][0xbd]i[0xef][0xbf][0xbd][0xef][0xbf][0xbd][0xef][0xbf][0xbd]Aa[0xef][0xbf][0xbd]h[0xef][0xbf][0xbd]z[0x16][0xef][0xbf][0xbd][[0xef][0xbf][0xbd][0xef][0xbf][0xbd][0x14][0xe][0xef][0xbf][0xbd]K[0xef][0xbf][0xbd]5[0xef][0xbf][0xbd]y[0xc2][0x85][0xef][0xbf][0xbd][0x1a][0xef][0xbf][0xbd][0xef][0xbf][0xbd]>[0xef][0xbf][0xbd][0xef][0xbf][0xbd]v[0xef][0xbf][0xbd][0xef][0xbf][0xbd]s[0x1c][0xef][0xbf][0xbd]9.y[0xef][0xbf][0xbd]}.[0xef][0xbf][0xbd]`[0xef][0xbf][0xbd][0xef][0xbf][0xbd][0xef][0xbf][0xbd]6s[0xef][0xbf][0xbd]DaqQ[0xef][0xbf][0xbd]z[0xef][0xbf][0xbd][0xef][0xbf][0xbd][0x9]J[0xef][0xbf][0xbd]o[0xef][0xbf][0xbd][0xef][0xbf][0xbd][0xef][0xbf][0xbd][0xef][0xbf][0xbd][0xef][0xbf][0xbd][0xef][0xbf][0xbd][0xef][0xbf][0xbd][0xef][0xbf][0xbd][0xef][0xbf][0xbd][0x11][0xef][0xbf][0xbd][0xef][0xbf][0xbd][0xef][0xbf][0xbd]k[0xef][0xbf][0xbd][0xef][0xbf][0xbd][0xef][0xbf][0xbd][0xef][0xbf][0xbd][0xef][0xbf][0xbd][0x7][0xef][0xbf][0xbd][0xef][0xbf][0xbd][0xde][0xba]~|[0xef][0xbf][0xbd][0x1a][0xb][0xef][0xbf][0xbd][0x12][0xef][0xbf][0xbd][0xef][0xbf][0xbd][0xef][0xbf][0xbd][0xef][0xbf][0xbd][0xef][0xbf][0xbd]Q[0xef][0xbf][0xbd]([0xef][0xbf][0xbd][0x2][0x1b]w[0xef][0xbf][0xbd][0xef][0xbf][0xbd][0xef][0xbf][0xbd][0xef][0xbf][0xbd]5gQ[0xef][0xbf][0xbd][0xef][0xbf][0xbd]2,[0xef][0xbf][0xbd][0x18][0xd3][0xa5]A[0x11]^i[0xef][0xbf][0xbd][0x4][0xef][0xbf][0xbd][0xef][0xbf][0xbd]Q[0xef][0xbf][0xbd]}[0xef][0xbf][0xbd]Uy[0xef][0xbf][0xbd]g[0x1f][0xef][0xbf][0xbd][0xef][0xbf][0xbd]Ka[0xef][0xbf][0xbd]fE[0xef][0xbf][0xbd]:[0xef][0xbf][0xbd]F?[0xef][0xbf][0xbd]"[0x14][0xef][0xbf][0xbd]l@[0xef][0xbf][0xbd][0xef][0xbf][0xbd][0x12]"[0x6])0[0xef][0xbf][0xbd]N[0xef][0xbf][0xbd].[0xef][0xbf][0xbd]2[0xef][0xbf][0xbd][0xef][0xbf][0xbd][0x2][0xef][0xbf][0xbd]7[0xef][0xbf][0xbd][0xef][0xbf][0xbd]Q[0x3]'[0xef][0xbf][0xbd][0xef][0xbf][0xbd].W[0xef][0xbf][0xbd][0x14][0xe])t[0xef][0xbf][0xbd][0xd9][0xae][0xd6][0x94][0xef][0xbf][0xbd][0xef][0xbf][0xbd][0xef][0xbf][0xbd]v[[0x1b][0x12][0x1c][0x17][0xef][0xbf][0xbd]Sft[0x17][0xef][0xbf][0xbd][0xef][0xbf][0xbd]5[0xef][0xbf][0xbd][0xef][0xbf][0xbd][0x15][0xef][0xbf][0xbd]u[0xef][0xbf][0xbd]Yn=9>Uqoi[0x0]a/[0xef][0xbf][0xbd][0xef][0xbf][0xbd][0x12]![0xef][0x9a][0x95][0xef][0xbf][0xbd]J[\r][0x8][0xef][0xbf][0xbd]P[0xef][0xbf][0xbd],)(Ns3[0xef][0xbf][0xbd][0xef][0xbf][0xbd][0xef][0xbf][0xbd][0xef][0xbf][0xbd][0x15][0xef][0xbf][0xbd](;_[0xe9][0xaf][0x91][0xdd][0xa4][0x1b][0xef][0xbf][0xbd]k[0xce][0x96][0xef][0xbf][0xbd][0xef][0xbf][0xbd][0xce][0x9b][0xef][0xbf][0xbd]5[0xef][0xbf][0xbd]w[0xef][0xbf][0xbd][8[0xce][0xa3][0xef][0xbf][0xbd]K&[0xef][0xbf][0xbd]7[0xef][0xbf][0xbd]7_,[0xef][0xbf][0xbd]C[0xef][0xbf][0xbd][0xef][0xbf][0xbd][0xef][0xbf][0xbd]+[0xef][0xbf][0xbd]b[0x17][0xd9][0x94][0x5][0xef][0xbf][0xbd]D[0xef][0xbf][0xbd][0xef][0xbf][0xbd][0xef][0xbf][0xbd];[0xdd][0x90]b[0x18]g<[0xef][0xbf][0xbd]z[0xef][0xbf][0xbd]T[0xef][0xbf][0xbd][0xef][0xbf][0xbd][0xef][0xbf][0xbd][0xef][0xbf][0xbd]3[0xef][0xbf][0xbd]*[0xef][0xbf][0xbd][0xef][0xbf][0xbd]B G[0xef][0xbf][0xbd]#[0xef][0xbf][0xbd][0xc]]'@[0xef][0xbf][0xbd]g[0xef][0xbf][0xbd]ooM[0xef][0xbf][0xbd][0xef][0xbf][0xbd]0[0xef][0xbf][0xbd]Z[0xef][0xbf][0xbd][0x1c]R[0xef][0xbf][0xbd][0x12]@[0xef][0xbf][0xbd][0xf]u[0xef][0xbf][0xbd][0xef][0xbf][0xbd][0xef][0xbf][0xbd][0xef][0xbf][0xbd][\r][0xef][0xbf][0xbd]R?i[0xef][0xbf][0xbd]oE[0xef][0xbf][0xbd]p[0xef][0xbf][0xbd]7[0xef][0xbf][0xbd]([\n]"
07:56:30.772 [main] DEBUG org.apache.http.wire -  >> "IF[0x13][R[\n]"
07:56:30.772 [main] DEBUG org.apache.http.wire -  >> "q[0xec][0xb6][0x86]?I[0xef][0xbf][0xbd][0x1e][0xef][0xbf][0xbd]3[0x1][\n]"
07:56:30.772 [main] DEBUG org.apache.http.wire -  >> "[0xef][0xbf][0xbd]/[0xef][0xbf][0xbd]f[0xef][0xbf][0xbd][0x16]mQ;$[0xef][0xbf][0xbd]H[0xef][0xbf][0xbd][0xef][0xbf][0xbd][0x1a][0x15][0xef][0xbf][0xbd][0xef][0xbf][0xbd]6[0x1]t[0xef][0xbf][0xbd][0xf]T4[0x10]s[0xef][0xbf][0xbd]r[0xef][0xbf][0xbd][0x19]6@l+[0xef][0xbf][0xbd]9[0xef][0xbf][0xbd][0xc8][0x99]!9[0xef][0xbf][0xbd]Y[0xef][0xbf][0xbd][0xef][0xbf][0xbd]Y[0xef][0xbf][0xbd][0xef][0xbf][0xbd]u?[0xef][0xbf][0xbd]7[0xef][0xbf][0xbd][0xef][0xbf][0xbd]zf[0xef][0xbf][0xbd]M[0xef][0xbf][0xbd][0xef][0xbf][0xbd][0xef][0xbf][0xbd][0xef][0xbf][0xbd][0xef][0xbf][0xbd]_[0xef][0xbf][0xbd]}[0xef][0xbf][0xbd][0xef][0xbf][0xbd]Z[0xef][0xbf][0xbd]Z[0xef][0xbf][0xbd]yv[0xef][0xbf][0xbd][0xef][0xbf][0xbd][0xef][0xbf][0xbd]1^}h[0xef][0xbf][0xbd][0xef][0xbf][0xbd][0xef][0xbf][0xbd][0xef][0xbf][0xbd]@[0xef][0xbf][0xbd][0x4][0xef][0xbf][0xbd][0xef][0xbf][0xbd][0xef][0xbf][0xbd][0xef][0xbf][0xbd][0xef][0xbf][0xbd][0xef][0xbf][0xbd][0xef][0xbf][0xbd][0xef][0xbf][0xbd][0xef][0xbf][0xbd][0x8]R[0xef][0xbf][0xbd]4 [0xef][0xbf][0xbd][0xef][0xbf][0xbd]^[0xef][0xbf][0xbd]>[0xef][0xbf][0xbd]D[0xef][0xbf][0xbd][0xef][0xbf][0xbd]?[0x16][0xcb][0x98]G2[0xef][0xbf][0xbd]]{[0xef][0xbf][0xbd]c5[0xef][0xbf][0xbd]'%[0xef][0xbf][0xbd][0xef][0xbf][0xbd][0xd1][0x98]}S[0xef][0xbf][0xbd]-Ub[0xc][0xef][0xbf][0xbd][0xef][0xbf][0xbd]s[0xef][0xbf][0xbd][0xef][0xbf][0xbd]/o[0xef][0xbf][0xbd][0xef][0xbf][0xbd][0xef][0xbf][0xbd]xL[0xef][0xbf][0xbd]G[0x16][0xef][0xbf][0xbd][0xef][0xbf][0xbd][0x13][0xef][0xbf][0xbd][0xef][0xbf][0xbd]z[0xef][0xbf][0xbd][0x13][0xef][0xbf][0xbd][0xef][0xbf][0xbd]V[0xef][0xbf][0xbd]P[0xef][0xbf][0xbd]9[0xef][0xbf][0xbd][0x3]=[0xef][0xbf][0xbd]B-=Ooy[0x18][0x9][0xef][0xbf][0xbd][0xef][0xbf][0xbd]e[0xef][0xbf][0xbd][0xef][0xbf][0xbd][0x3][0x1c]Cd[[0xef][0xbf][0xbd]<U[0xef][0xbf][0xbd]D[0xef][0xbf][0xbd][0xef][0xbf][0xbd][0xef][0xbf][0xbd][0xef][0xbf][0xbd][0xd0][0x9d][0xef][0xbf][0xbd][0xef][0xbf][0xbd][0x1c][0xef][0xbf][0xbd][0xe]*[0xef][0xbf][0xbd][0xef][0xbf][0xbd]U[0x14][\r]%[0x10]h7[0xef][0xbf][0xbd])S[0xef][0xbf][0xbd]Hh[0xef][0xbf][0xbd][0xef][0xbf][0xbd]Q:Z[0xef][0xbf][0xbd]q[0xef][0xbf][0xbd]P[0xef][0xbf][0xbd];i[0xef][0xbf][0xbd][0x1c][0xef][0xbf][0xbd]l}B[0x9][0xef][0xbf][0xbd][0xef][0xbf][0xbd][0xef][0xbf][0xbd]N[0xef][0xbf][0xbd][0xef][0xbf][0xbd][0xef][0xbf][0xbd]2[0xef][0xbf][0xbd]X[0xef][0xbf][0xbd][0xef][0xbf][0xbd]A[0x19]"[0xc7][0x8b][0xef][0xbf][0xbd][0xef][0xbf][0xbd][\r][0xef][0xbf][0xbd][0xdf][0x9b][0xef][0xbf][0xbd][0xef][0xbf][0xbd][0xef][0xbf][0xbd]_[0xef][0xbf][0xbd][0xef][0xbf][0xbd][0xef][0xbf][0xbd]E![0xef][0xbf][0xbd][0xef][0xbf][0xbd]Xx?)[0x14][0xef][0xbf][0xbd][0xef][0xbf][0xbd][0xef][0xbf][0xbd][0x17][0xef][0xbf][0xbd].[0xef][0xbf][0xbd]Cg[0xef][0xbf][0xbd]%[0xef][0xbf][0xbd][0x16][0x1e],[0xef][0xbf][0xbd][0xef][0xbf][0xbd][0xef][0xbf][0xbd]{[0x18][0xef][0xbf][0xbd][0xef][0xbf][0xbd][0x3]X[0xef][0xbf][0xbd]D[0xef][0xbf][0xbd]@v[0xef][0xbf][0xbd][0xef][0xbf][0xbd][0xef][0xbf][0xbd][\n]"
07:56:30.772 [main] DEBUG org.apache.http.wire -  >> "[0xef][0xbf][0xbd][0xef][0xbf][0xbd][0x5]Q[0xef][0xbf][0xbd]o[0xef][0xbf][0xbd]a }6Z[0xef][0xbf][0xbd][0x14][0xef][0xbf][0xbd]![0xef][0xbf][0xbd]c[0xef][0xbf][0xbd][0xef][0xbf][0xbd]\[0xef][0xbf][0xbd]8[0xef][0xbf][0xbd][0xef][0xbf][0xbd][0xef][0xbf][0xbd][0xef][0xbf][0xbd]n[0xef][0xbf][0xbd]/8[0x8]XM[0xef][0xbf][0xbd][0x1d][0xef][0xbf][0xbd][0xef][0xbf][0xbd]g*L[0xef][0xbf][0xbd][0x1e]<c^[0xef][0xbf][0xbd]69[0xef][0xbf][0xbd][0xef][0xbf][0xbd][0xef][0xbf][0xbd][0xef][0xbf][0xbd][0x1a][0x2]L[0xef][0xbf][0xbd]a[0xef][0xbf][0xbd]B[0xef][0xbf][0xbd]Y[0xef][0xbf][0xbd][0x1f]a[0xc][0xef][0xbf][0xbd][0xef][0xbf][0xbd][0xef][0xbf][0xbd][0xef][0xbf][0xbd]N[0xef][0xbf][0xbd][0x17][0x10][0xef][0xbf][0xbd][0xb][0x13][0xef][0xbf][0xbd][0xef][0xbf][0xbd][0xef][0xbf][0xbd][0xef][0xbf][0xbd];[0xef][0xbf][0xbd]T[0xef][0xbf][0xbd]aYO6Kh!,[0xef][0xbf][0xbd][0xef][0xbf][0xbd][0xb]p[0xef][0xbf][0xbd][0xef][0xbf][0xbd][0xef][0xbf][0xbd][\n]"
07:56:30.773 [main] DEBUG org.apache.http.wire -  >> "[0xef][0xbf][0xbd]N[0xef][0xbf][0xbd][0x5]w[0xef][0xbf][0xbd][0x18][0x7]w[0xef][0xbf][0xbd][0xef][0xbf][0xbd][0xef][0xbf][0xbd][0xef][0xbf][0xbd][0xef][0xbf][0xbd][0xef][0xbf][0xbd]N[0xef][0xbf][0xbd][0xef][0xbf][0xbd][0xe3][0xbe][0xa3][0x11][0x18][0xef][0xbf][0xbd]eg[0xef][0xbf][0xbd]`[0xef][0xbf][0xbd][0xde][0x9d]=x1[0xef][0xbf][0xbd][0xef][0xbf][0xbd][0xef][0xbf][0xbd]K[0x1f][0xef][0xbf][0xbd][0xef][0xbf][0xbd][0xef][0xbf][0xbd][0xef][0xbf][0xbd]W[0xef][0xbf][0xbd]H[0x2][0xef][0xbf][0xbd]O[0xef][0xbf][0xbd][0xef][0xbf][0xbd][0xef][0xbf][0xbd][0xef][0xbf][0xbd][0xef][0xbf][0xbd]yi~[0xef][0xbf][0xbd][0xef][0xbf][0xbd]m_[0xef][0xbf][0xbd]S[0xef][0xbf][0xbd][0x2]Gs4hi[0xe5][0x92][0xac][0xd0][0xae]J[0xef][0xbf][0xbd][0xef][0xbf][0xbd][0xef][0xbf][0xbd]R[0xef][0xbf][0xbd]oz?[0xef][0xbf][0xbd]y=[F[0xef][0xbf][0xbd][0xef][0xbf][0xbd][0xef][0xbf][0xbd][0xef][0xbf][0xbd]x[0xef][0xbf][0xbd]j4[0xef][0xbf][0xbd][0xb]W <d[0xef][0xbf][0xbd][0x1]+D[0x1c]0Y[0xef][0xbf][0xbd]iMB[0x0][0xc4][0x93][0xef][0xbf][0xbd][0xef][0xbf][0xbd]X[0x19]n[0xd6][0x85]Q[0xc]6[0xd3][0xab][0xef][0xbf][0xbd][0xef][0xbf][0xbd]s[0xef][0xbf][0xbd][0xef][0xbf][0xbd])Ox[0xef][0xbf][0xbd][0xef][0xbf][0xbd].[0xef][0xbf][0xbd]I[0xef][0xbf][0xbd][0xef][0xbf][0xbd]2[0xef][0xbf][0xbd][0xea][0x81][0xa6][0xef][0xbf][0xbd][0xef][0xbf][0xbd][0xef][0xbf][0xbd][0xda][0xbd]%[0xef][0xbf][0xbd][0xef][0xbf][0xbd][0xef][0xbf][0xbd]8[0xef][0xbf][0xbd][\r]zz[0xef][0xbf][0xbd][0xef][0xbf][0xbd]s[0xef][0xbf][0xbd]M,[0xef][0xbf][0xbd][0x1a][0xef][0xbf][0xbd]b [0xef][0xbf][0xbd]tb[0x0][0xef][0xbf][0xbd][0xef][0xbf][0xbd],[0xef][0xbf][0xbd][0xef][0xbf][0xbd]S[0xef][0xbf][0xbd]3[0xef][0xbf][0xbd]N[0xef][0xbf][0xbd][0xef][0xbf][0xbd]J^Y\[0xef][0xbf][0xbd][0xef][0xbf][0xbd]x[0x3][0xef][0xbf][0xbd][0xef][0xbf][0xbd][0x0][0x7][0xef][0xbf][0xbd]p[0x6]g[0xef][0xbf][0xbd]9[0xef][0xbf][0xbd]![0xef][0xbf][0xbd][0xef][0xbf][0xbd][0xef][0xbf][0xbd]Z[0xef][0xbf][0xbd][0xef][0xbf][0xbd][0xef][0xbf][0xbd]7[0xef][0xbf][0xbd][0xef][0xbf][0xbd]([0x1b][0xef][0xbf][0xbd][0xef][0xbf][0xbd]u>[0xef][0xbf][0xbd][0xef][0xbf][0xbd][0xd1][0x91][0xef][0xbf][0xbd]xV[0xef][0xbf][0xbd][0x1][0xef][0xbf][0xbd][0xec][0x96][0x81]1[0x16]:pt[0x8][0xef][0xbf][0xbd]^M$[0xef][0xbf][0xbd][0x13] [0xef][0xbf][0xbd]{G[0xef][0xbf][0xbd][0xef][0xbf][0xbd]&B[0xef][0xbf][0xbd][0x18][0xb]?g[0xef][0xbf][0xbd]P6E[0xef][0xbf][0xbd]+N[0xef][0xbf][0xbd][0x13][0x3]L[0xef][0xbf][0xbd][0xef][0xbf][0xbd][0x1c][0xef][0xbf][0xbd][0xef][0xbf][0xbd]iD[0xef][0xbf][0xbd]o[0xef][0xbf][0xbd][0xef][0xbf][0xbd][0xef][0xbf][0xbd][0xef][0xbf][0xbd][0x1a][0xce][0xac][0x17][0xef][0xbf][0xbd]!S[0xef][0xbf][0xbd]q[0x16][0xcc][0xab][0xef][0xbf][0xbd]Q[0xef][0xbf][0xbd]~[0xef][0xbf][0xbd][0xef][0xbf][0xbd]\[0xef][0xbf][0xbd][0xef][0xbf][0xbd][0xef][0xbf][0xbd][0xef][0xbf][0xbd][0xc][0xef][0xbf][0xbd]T[0x6][0xef][0xbf][0xbd][0xef][0xbf][0xbd][0x2]r[0xef][0xbf][0xbd]8[0x18]c[0xef][0xbf][0xbd][0xef][0xbf][0xbd][0xef][0xbf][0xbd]x[0xef][0xbf][0xbd][0xc][0xd3][0xbc]2[0xef][0xbf][0xbd]:[0x9]:[0xef][0xbf][0xbd][0xef][0xbf][0xbd][0x6][0xef][0xbf][0xbd]s1[0xef][0xbf][0xbd]"[0xf][0xef][0xbf][0xbd][0xef][0xbf][0xbd]n[0x3][0x4][0xef][0xbf][0xbd]r[0xef][0xbf][0xbd][0xe]o7[0xef][0xbf][0xbd]g[0xef][0xbf][0xbd][0xef][0xbf][0xbd][0x1f][0xef][0xbf][0xbd][0xef][0xbf][0xbd];[0xef][0xbf][0xbd][0xef][0xbf][0xbd]#[0x7]d?[0xef][0xbf][0xbd][0xef][0xbf][0xbd].i[0xef][0xbf][0xbd][0xef][0xbf][0xbd]k1O[0xdb][0xa8][0x5][0xef][0xbf][0xbd][0xef][0xbf][0xbd]O[0xef][0xbf][0xbd][0xef][0xbf][0xbd]U[0xef][0xbf][0xbd]|Kq[0xef][0xbf][0xbd]N[0xef][0xbf][0xbd][0xef][0xbf][0xbd]mT$[0xef][0xbf][0xbd]vE[0xef][0xbf][0xbd]m[0xef][0xbf][0xbd][0xda][0xbb];[0x1c]xS![0x2][0x19][0xd2][0x95]m[0x2][0xef][0xbf][0xbd][0xef][0xbf][0xbd][x[0xd2][0x9e][0xef][0xbf][0xbd][0x10]l[0xef][0xbf][0xbd][0xef][0xbf][0xbd]3[0x9][0xef][0xbf][0xbd][0xef][0xbf][0xbd][0xef][0xbf][0xbd][0x18][0xef][0xbf][0xbd][0xef][0xbf][0xbd]R[0x3][0x4][0xef][0xbf][0xbd])@k8F[0x13][0xef][0xbf][0xbd][0x8][0x1a]e2v'[0xef][0xbf][0xbd][0xef][0xbf][0xbd]S[0x1f][0xef][0xbf][0xbd]R[0xef][0xbf][0xbd][0xef][0xbf][0xbd]tm[0xef][0xbf][0xbd][0xc][0xef][0xbf][0xbd][0xef][0xbf][0xbd][0x7][0xef][0xbf][0xbd][0xef][0xbf][0xbd][0xef][0xbf][0xbd][0xef][0xbf][0xbd]i[0x15]s[0xef][0xbf][0xbd][0xda][0x9c][0xef][0xbf][0xbd]^[0xef][0xbf][0xbd]hC[0xef][0xbf][0xbd][0xef][0xbf][0xbd][0xef][0xbf][0xbd][0xef][0xbf][0xbd][0xef][0xbf][0xbd][0xef][0xbf][0xbd][0xef][0xbf][0xbd]Z6[0xef][0xbf][0xbd]0[0xef][0xbf][0xbd][0xef][0xbf][0xbd][0x9]j[0xef][0xbf][0xbd][0x11][0xef][0xbf][0xbd][0xef][0xbf][0xbd]_y[0xef][0xbf][0xbd][0xef][0xbf][0xbd]5[0xdd][0xbd]&[0xe][0xef][0xbf][0xbd]>[0xef][0xbf][0xbd][0xef][0xbf][0xbd][0xef][0xbf][0xbd]bu[0xef][0xbf][0xbd][0xd0][0xa2][0xef][0xbf][0xbd][0xef][0xbf][0xbd][0xef][0xbf][0xbd][0xef][0xbf][0xbd]V[0xef][0xbf][0xbd][0xef][0xbf][0xbd][0xef][0xbf][0xbd]"[0xef][0xbf][0xbd]d[0x4][0xef][0xbf][0xbd][0xef][0xbf][0xbd]F[0xef][0xbf][0xbd][0xef][0xbf][0xbd]<I[0xef][0xbf][0xbd][0xe]h[0xef][0xbf][0xbd]s[0xef][0xbf][0xbd][0xef][0xbf][0xbd][0x3][0xef][0xbf][0xbd]5[0xef][0xbf][0xbd][0xef][0xbf][0xbd][0xe][0xef][0xbf][0xbd][0xef][0xbf][0xbd]?;2[0xef][0xbf][0xbd][0xef][0xbf][0xbd][0xd9][0xbf][0xe2][0x9a][0xa0][0xef][0xbf][0xbd][0xef][0xbf][0xbd][0xef][0xbf][0xbd] [0xef][0xbf][0xbd]n[0xef][0xbf][0xbd][0xef][0xbf][0xbd][0xef]"
07:56:30.773 [main] DEBUG org.apache.http.wire -  >> "[0xbf][0xbd]-[0xef][0xbf][0xbd]j[0xef][0xbf][0xbd]jo/B[0xef][0xbf][0xbd][0xef][0xbf][0xbd][0xef][0xbf][0xbd][0xef][0xbf][0xbd][0xef][0xbf][0xbd][0xef][0xbf][0xbd]d[0x1f][0xef][0xbf][0xbd][0xef][0xbf][0xbd]BP[0xef][0xbf][0xbd][0xef][0xbf][0xbd]XHP[0xef][0xbf][0xbd][0xef][0xbf][0xbd][0xef][0xbf][0xbd][0x8][0xef][0xbf][0xbd][0xef][0xbf][0xbd][0xef][0xbf][0xbd][0xef][0xbf][0xbd]-/[0x0][0x7]f[0xef][0xbf][0xbd]]i;[0xef][0xbf][0xbd][0xef][0xbf][0xbd]>[0xef][0xbf][0xbd][0xef][0xbf][0xbd]N4[0xef][0xbf][0xbd][0xef][0xbf][0xbd][0x14][0xef][0xbf][0xbd][0x2][0xef][0xbf][0xbd]2[0xef][0xbf][0xbd]`{[0xef][0xbf][0xbd][0xef][0xbf][0xbd][0xef][0xbf][0xbd][0xef][0xbf][0xbd][0x1b][0xef][0xbf][0xbd][0xef][0xbf][0xbd]I[0xef][0xbf][0xbd][0xef][0xbf][0xbd]r[0xef][0xbf][0xbd]#[0xef][0xbf][0xbd][0xef][0xbf][0xbd][0xef][0xbf][0xbd][0x16][0xef][0xbf][0xbd]p8[0xef][0xbf][0xbd][0xef][0xbf][0xbd][0xef][0xbf][0xbd]Z[0xef][0xbf][0xbd]S[0x3][0xef][0xbf][0xbd]6[0xef][0xbf][0xbd][0xef][0xbf][0xbd])[0xef][0xbf][0xbd]h[0xef][0xbf][0xbd]e[0xef][0xbf][0xbd][0xef][0xbf][0xbd][0xc][0xef][0xbf][0xbd][0xcc][0xb5]][0xef][0xbf][0xbd][0xef][0xbf][0xbd]bH[0xd8][0x94][0xef][0xbf][0xbd]a{[0xef][0xbf][0xbd][0xef][0xbf][0xbd][0xef][0xbf][0xbd][0xef][0xbf][0xbd]?[0xef][0xbf][0xbd][0xc7][0xac]|[0xef][0xbf][0xbd][0xef][0xbf][0xbd]=[0xef][0xbf][0xbd][0xef][0xbf][0xbd][0xef][0xbf][0xbd][0xef][0xbf][0xbd][0xef][0xbf][0xbd]?^[0xef][0xbf][0xbd][0xef][0xbf][0xbd]K[0xef][0xbf][0xbd][0x19]v[0xef][0xbf][0xbd]]r)[0xef][0xbf][0xbd]h[0xef][0xbf][0xbd][0x1f]s[0xef][0xbf][0xbd]x0j[0xef][0xbf][0xbd][0xef][0xbf][0xbd]q[0xef][0xbf][0xbd];[0xef][0xbf][0xbd][0xef][0xbf][0xbd]!W[0xc][0xef][0xbf][0xbd][0xef][0xbf][0xbd]/Z[0xe][0xef][0xbf][0xbd][0xef][0xbf][0xbd][0xef][0xbf][0xbd][0x15]N[0xef][0xbf][0xbd]Q#[0xef][0xbf][0xbd][0x1c],[0xef][0xbf][0xbd]`bA[0x1d][0xef][0xbf][0xbd]B[0xef][0xbf][0xbd]z[0xef][0xbf][0xbd][0xef][0xbf][0xbd][0xc8][0xa0](ld[0xef][0xbf][0xbd][,[0x1e][0x7][0xef][0xbf][0xbd][0xef][0xbf][0xbd]X[0x6][0x1d]V[0xf][0xef][0xbf][0xbd]r8%[0xef][0xbf][0xbd]tF"[0xef][0xbf][0xbd]td[0x1f]>t[0xef][0xbf][0xbd][0xef][0xbf][0xbd][0xef][0xbf][0xbd]<Bc0[0xef][0xbf][0xbd]m[0xef][0xbf][0xbd]o[0xef][0xbf][0xbd]V[0xb][0xef][0xbf][0xbd][0xef][0xbf][0xbd][0xef][0xbf][0xbd]"[0x4][0xef][0xbf][0xbd]E[0xef][0xbf][0xbd][0xef][0xbf][0xbd][0xef][0xbf][0xbd][0xef][0xbf][0xbd]Hx]<[0xef][0xbf][0xbd]?b,[0xe][0xef][0xbf][0xbd]o[0xd6][0xb2][0xef][0xbf][0xbd][0x8][0xea][0x94][0xb3][0xef][0xbf][0xbd]Q[0xc2][0x8b][0xef][0xbf][0xbd][0xef][0xbf][0xbd]l[0xef][0xbf][0xbd][0xef][0xbf][0xbd]q0[0xef][0xbf][0xbd]B[0xef][0xbf][0xbd][0x18][0xef][0xbf][0xbd]}1"[0xef][0xbf][0xbd]c2[0xef][0xbf][0xbd][0x7]}%[0xef][0xbf][0xbd]8[0xef][0xbf][0xbd][0xef][0xbf][0xbd]V[0x18]w[0xef][0xbf][0xbd]r[\n]"
07:56:30.773 [main] DEBUG org.apache.http.wire -  >> "7[0xef][0xbf][0xbd]2[0xef][0xbf][0xbd][0xef][0xbf][0xbd]9[0xef][0xbf][0xbd][0xef][0xbf][0xbd]B[0xef][0xbf][0xbd][0x14][0xef][0xbf][0xbd]pj[0x6]JQ[0xef][0xbf][0xbd][0xd6][0xb7]?[0xef][0xbf][0xbd][0xc6][0xb0][0xd0][0xa7]0[0xef][0xbf][0xbd][0xce][0xa7][0x1a]v[0xef][0xbf][0xbd]\S[0xef][0xbf][0xbd][0x12];[0xef][0xbf][0xbd][0xef][0xbf][0xbd][0xef][0xbf][0xbd]Q[0xca][0xb6]\[0xef][0xbf][0xbd][0xef][0xbf][0xbd][0xef][0xbf][0xbd]<[0xef][0xbf][0xbd]Y[0xde][0xa8][0xef][0xbf][0xbd]'h[0xda][0x99][0xef][0xbf][0xbd]U[0xef][0xbf][0xbd][0x12][0xef][0xbf][0xbd]p[0xef][0xbf][0xbd][0xd1][0xa0][0xef][0xbf][0xbd][0x17][0x7]g[0x0][\r][0xef][0xbf][0xbd][0xef][0xbf][0xbd]/[0xef][0xbf][0xbd][0xef][0xbf][0xbd][0xef][0xbf][0xbd]d[0xef][0xbf][0xbd][0xef][0xbf][0xbd]e[0xf]t)[0xef][0xbf][0xbd][0xef][0xbf][0xbd];[0xef][0xbf][0xbd]D[0xef][0xbf][0xbd]p[0xef][0xbf][0xbd][0xef][0xbf][0xbd];[0xef][0xbf][0xbd][0xd6][0xa2]E[0xd8][0x8e]^;d[0xef][0xbf][0xbd]y[0x10]:rm[0xef][0xbf][0xbd]:X[0xef][0xbf][0xbd]:[0x1c][0xef][0xbf][0xbd]W[0xef][0xbf][0xbd][0xef][0xbf][0xbd].K[0xef][0xbf][0xbd]uC{[0xef][0xbf][0xbd]2[0xef][0xbf][0xbd]Qf[0x1c][0xda][0xbb][0xef][0xbf][0xbd][0xef][0xbf][0xbd]{_[0xef][0xbf][0xbd]O[0xef][0xbf][0xbd][0xef][0xbf][0xbd][0xef][0xbf][0xbd][0xef][0xbf][0xbd]cX>2[0x1e][0xef][0xbf][0xbd]O[0xef][0xbf][0xbd][0xef][0xbf][0xbd][0x7]'l[0xef][0xbf][0xbd][0xef][0xbf][0xbd][0xef][0xbf][0xbd]6[0xef][0xbf][0xbd][0xd9][0xba]i[0xef][0xbf][0xbd][0x2]z[0xef][0xbf][0xbd][\r][0xf]B[0xef][0xbf][0xbd][0xef][0xbf][0xbd][0xef][0xbf][0xbd][0x14][0xef][0xbf][0xbd]A[0xef][0xbf][0xbd][0x2]AY[0xef][0xbf][0xbd][0xef][0xbf][0xbd]w[0xef][0xbf][0xbd]f[0xef][0xbf][0xbd][0xef][0xbf][0xbd][0xef][0xbf][0xbd][0xef][0xbf][0xbd]/s[0xef][0xbf][0xbd][0xef][0xbf][0xbd][0xef][0xbf][0xbd][0xef][0xbf][0xbd][0x18]E[0x2][0xef][0xbf][0xbd][0xef][0xbf][0xbd][0x1e][0xef][0xbf][0xbd][0x11]S[0xef][0xbf][0xbd][0xca][0xae][[0xef][0xbf][0xbd][0xef][0xbf][0xbd][0xef][0xbf][0xbd]w[0xef][0xbf][0xbd]#[0xef][0xbf][0xbd]oh[0xef][0xbf][0xbd]nK[0xef][0xbf][0xbd]L[0xef][0xbf][0xbd]7b[0xef][0xbf][0xbd][0x13][0xef][0xbf][0xbd]G$Wk[0xef][0xbf][0xbd]A[0xef][0xbf][0xbd][0xef][0xbf][0xbd][0xef][0xbf][0xbd][0xef][0xbf][0xbd][0xef][0xbf][0xbd][0xef][0xbf][0xbd][0xe][0xef][0xbf][0xbd][0xef][0xbf][0xbd][0xef][0xbf][0xbd]#[0xef][0xbf][0xbd][0xef][0xbf][0xbd]GXU[0xef][0xbf][0xbd][0xef][0xbf][0xbd]boa[0xef][0xbf][0xbd][0xef][0xbf][0xbd]}>[0xef][0xbf][0xbd][0xef][0xbf][0xbd][0xf]ij[0x12]}[0xef][0xbf][0xbd][0xef][0xbf][0xbd][0xef][0xbf][0xbd]'r[0xef][0xbf][0xbd]0Pk:[0xef][0xbf][0xbd][0xef][0xbf][0xbd][0xd9][0xa8][0xef][0xbf][0xbd]m[0x0][0xef][0xbf][0xbd][0xef][0xbf][0xbd][0xef][0xbf][0xbd]H[0xef][0xbf][0xbd][0xef][0xbf][0xbd]U[0x18]y[0xd8][0x98][0xef][0xbf][0xbd]c[[0xef][0xbf][0xbd]Rn[0xef][0xbf][0xbd]X[0xef][0xbf][0xbd][0xef][0xbf][0xbd]H[0xd3][0xa5][0xef][0xbf][0xbd]j[0xef][0xbf][0xbd]jWf[0xef][0xbf][0xbd];b[0xc6][0xab]zK[0xef][0xbf][0xbd][0x0][0xef][0xbf][0xbd]D[0xef][0xbf][0xbd]p[0xef][0xbf][0xbd]i[0xef][0xbf][0xbd]XL'[0x18][0x12]6e[0xef][0xbf][0xbd]"[0xef][0xbf][0xbd]gx5Xz[0x3][0xef][0xbf][0xbd]:WO[0xef][0xbf][0xbd]pE(It[0xef][0xbf][0xbd][0x17],[0xc2][0xba][0xef][0xbf][0xbd]Fz[0xef][0xbf][0xbd][0xef][0xbf][0xbd]|[0xef][0xbf][0xbd][0xef][0xbf][0xbd][0xef][0xbf][0xbd]*[0xef][0xbf][0xbd][0xef][0xbf][0xbd]O[\n]"
07:56:30.774 [main] DEBUG org.apache.http.wire -  >> "Q[0xef][0xbf][0xbd][0xef][0xbf][0xbd]Xz[0xef][0xbf][0xbd]bN[0xef][0xbf][0xbd][0xef][0xbf][0xbd][0xef][0xbf][0xbd][0xef][0xbf][0xbd]=[0xef][0xbf][0xbd]&0[0x10][0xef][0xbf][0xbd][0xef][0xbf][0xbd]_{-V[0xef][0xbf][0xbd][0xef][0xbf][0xbd][0xef][0xbf][0xbd]S[0x19]"[0xef][0xbf][0xbd][0x2][0xef][0xbf][0xbd][0xd4][0xbf]:[0xef][0xbf][0xbd]y[0xef][0xbf][0xbd][0xef][0xbf][0xbd][0xef][0xbf][0xbd]p[0xef][0xbf][0xbd][0xc6][0x87][0x1a][0xef][0xbf][0xbd]&Zx[0xef][0xbf][0xbd][0xef][0xbf][0xbd][0x16]c[0xef][0xbf][0xbd][0xef][0xbf][0xbd][0xef][0xbf][0xbd][0xef][0xbf][0xbd][0xef][0xbf][0xbd]l[0xef][0xbf][0xbd][0xef][0xbf][0xbd]9ryE#[0xe7][0x82][0xb1]I[0xef][0xbf][0xbd][0xef][0xbf][0xbd]g][0xef][0xbf][0xbd][0x19][0xef][0xbf][0xbd][0xef][0xbf][0xbd][0xef][0xbf][0xbd][0xef][0xbf][0xbd]<[0xef][0xbf][0xbd][0xc7][0xb4]|$[0xef][0xbf][0xbd]l[0xef][0xbf][0xbd]I[0xef][0xbf][0xbd][0xef][0xbf][0xbd][0xef][0xbf][0xbd]?[0xef][0xbf][0xbd][0xcf][0x9f][0xef][0xbf][0xbd][0xef][0xbf][0xbd][0xef][0xbf][0xbd][0xdd][0xb5][0xef][0xbf][0xbd]LS[0xde][0xa8]C[0xef][0xbf][0xbd]UO[0xef][0xbf][0xbd][0xef][0xbf][0xbd]Cd)[0xef][0xbf][0xbd][0x15]L[0x19][0xef][0xbf][0xbd]f[0xef][0xbf][0xbd]{k[\r][0xef][0xbf][0xbd][0xef][0xbf][0xbd]`[0xef][0xbf][0xbd]h[0x10][0x1d][0xe][0xef][0xbf][0xbd][0xcd][0x8a][0x1][0xef][0xbf][0xbd][0xef][0xbf][0xbd][0xef][0xbf][0xbd][0xef][0xbf][0xbd][0x15];[0xef][0xbf][0xbd][0xef][0xbf][0xbd][0xb][0x5][0xca][0xb9][0xef][0xbf][0xbd][0xef][0xbf][0xbd][0xef][0xbf][0xbd][0xdf][0x98]~[0xef][0xbf][0xbd][0xef][0xbf][0xbd][0xef][0xbf][0xbd]jR[0xef][0xbf][0xbd][0xef][0xbf][0xbd] 0[0x14][0xef][0xbf][0xbd][0xef][0xbf][0xbd][0x14][0xef][0xbf][0xbd]]l[0xef][0xbf][0xbd][0xef][0xbf][0xbd][0xef][0xbf][0xbd]f[0xef][0xbf][0xbd]}i[0xd0][0xa6]t[0xef][0xbf][0xbd][0xef][0xbf][0xbd][0xef][0xbf][0xbd][0xef][0xbf][0xbd])[0xef][0xbf][0xbd][0x0][0xef][0xbf][0xbd][0xef][0xbf][0xbd][0x1f][0x1c][0xef][0xbf][0xbd][0xef][0xbf][0xbd][0xef][0xbf][0xbd][0xef][0xbf][0xbd][0xc2][0x83][0xef][0xbf][0xbd]n[0xef][0xbf][0xbd]8&[0xe]T[0xd4][0x8b]Tq9B[0xef][0xbf][0xbd][0xef][0xbf][0xbd][0xef][0xbf][0xbd]m[0xef][0xbf][0xbd]Q[0xef][0xbf][0xbd]HX[0xef][0xbf][0xbd]E[0xef][0xbf][0xbd][0xef][0xbf][0xbd][0xef][0xbf][0xbd][0xef][0xbf][0xbd]SI[0xef][0xbf][0xbd][0xef][0xbf][0xbd][0x0][0xef][0xbf][0xbd][0xeb][0xb0][0xb5][0xef][0xbf][0xbd][0x1f][0xef][0xbf][0xbd]U6P[0xef][0xbf][0xbd][0xef][0xbf][0xbd]![0xef][0xbf][0xbd][0xef][0xbf][0xbd]i[0xef][0xbf][0xbd][0xef][0xbf][0xbd][0xef][0xbf][0xbd]4[0x8]7[0xef][0xbf][0xbd][0xda][0xba]p$[0xef][0xbf][0xbd][0xef][0xbf][0xbd]U[0xe7][0xba][0x97]'[0xef][0xbf][0xbd][0xc5][0x9f][0xef][0xbf][0xbd][0x1][0xef][0xbf][0xbd]}[0xef][0xbf][0xbd]V1[0xef][0xbf][0xbd][0xef][0xbf][0xbd] [0xef][0xbf][0xbd][0xef][0xbf][0xbd][0x13]T\[0xef][0xbf][0xbd]T[0xef][0xbf][0xbd]u[0xef][0xbf][0xbd][0xc8][0x89][0xef][0xbf][0xbd][0xef][0xbf][0xbd]l,{Q[0xef][0xbf][0xbd]|[0xcc][0xbc]Z^s[0xef][0xbf][0xbd][0xef][0xbf][0xbd]l[0x16]:[0x18]J[0xef][0xbf][0xbd]F[0xef][0xbf][0xbd]}[0xef][0xbf][0xbd][0xef][0xbf][0xbd][0xef][0xbf][0xbd]M[0xef][0xbf][0xbd]& [0xef][0xbf][0xbd][0xef][0xbf][0xbd][0xef][0xbf][0xbd]Dy'!pcF[0xef][0xbf][0xbd][0xef][0xbf][0xbd]O[0xef][0xbf][0xbd]EO[0x9]7R[0xef][0xbf][0xbd][0xef][0xbf][0xbd],[0xef][0xbf][0xbd][0xef][0xbf][0xbd]|[0xef][0xbf][0xbd][0xef][0xbf][0xbd]I[0x1e]AWK[0xef][0xbf][0xbd]f/*[0x19][0xef][0xbf][0xbd][0xef][0xbf][0xbd][0x4][0xe][0xef][0xbf][0xbd]8[\r][0xef][0xbf][0xbd][0xef][0xbf][0xbd][0xef][0xbf][0xbd][0xef][0xbf][0xbd][0xef][0xbf][0xbd]o[0xef][0xbf][0xbd]z[0xc9][0xb6][0xef][0xbf][0xbd]u[0xef][0xbf][0xbd][0x0]5[0xef][0xbf][0xbd][0xef][0xbf][0xbd]$[0xef][0xbf][0xbd][0xef][0xbf][0xbd]r[0xef][0xbf][0xbd]z[0xef][0xbf][0xbd]9b[0xef][0xbf][0xbd][0xef][0xbf][0xbd][0xef][0xbf][0xbd][0xef][0xbf][0xbd][0xef][0xbf][0xbd][0xef][0xbf][0xbd]vd[0xef][0xbf][0xbd]uL{[0xef][0xbf][0xbd][0xef][0xbf][0xbd][0xef][0xbf][0xbd][0xef][0xbf][0xbd]l[0xef][0xbf][0xbd][0xef][0xbf][0xbd][0xd3][0xaf]<|[0xef][0xbf][0xbd]U<[0xef][0xbf][0xbd][0xef][0xbf][0xbd]#[0x1]d?[0xef][0xbf][0xbd][0xef][0xbf][0xbd][0xd8][0xaf][0xef][0xbf][0xbd]W[0xef][0xbf][0xbd]'[0xef][0xbf][0xbd]4[0xef][0xbf][0xbd]u[0xb]f[0xef][0xbf][0xbd][0xef][0xbf][0xbd]{[0xef][0xbf][0xbd][0xef][0xbf][0xbd][0xef][0xbf][0xbd][0xef][0xbf][0xbd]x0[0xef][0xbf][0xbd][0xef][0xbf][0xbd][0xef][0xbf][0xbd][0x17][0xef][0xbf][0xbd][0xef][0xbf][0xbd][0xef][0xbf][0xbd][0xef][0xbf][0xbd][0xef][0xbf][0xbd][0x18][0xef][0xbf][0xbd][0xef][0xbf][0xbd];[0xef][0xbf][0xbd][0xef][0xbf][0xbd]g[0xe][0xef][0xbf][0xbd][0xef][0xbf][0xbd]K[0xef][0xbf][0xbd]M[0xc6][0xa4][0xd1][0xa6][0xef][0xbf][0xbd][0xe]f[0xef][0xbf][0xbd]a[0xef][0xbf][0xbd]6[0xef][0xbf][0xbd][0xef][0xbf][0xbd][0x4]][0x1e]F[0xef][0xbf][0xbd][0xef][0xbf][0xbd][0xef][0xbf][0xbd],|+[0xef][0xbf][0xbd][0xef][0xbf][0xbd][0xef][0xbf][0xbd][0x16][0xef][0xbf][0xbd]i[0xef][0xbf][0xbd]9[0xef][0xbf][0xbd]Q[0xef][0xbf][0xbd]y[0x10]\i[0xef][0xbf][0xbd][0xef][0xbf][0xbd])|L6'I[0xef][0xbf][0xbd][0xef][0xbf][0xbd][0xef][0xbf][0xbd]J[0xef][0xbf][0xbd]&][0xef][0xbf][0xbd][0xef][0xbf][0xbd]`[0x3][0xef][0xbf][0xbd][\r][0xef][0xbf][0xbd]e[0x5][0x6]M^[0xef][0xbf][0xbd]I[0xef][0xbf][0xbd][0xef][0xbf][0xbd]Ff[0xef][0xbf][0xbd][0x14][[0xef][0xbf][0xbd]N[0xef][0xbf][0xbd]n[0xef][0xbf][0xbd] [0xd1][0x9e]o[0xb][0xef][0xbf][0xbd][0x4][0xef][0xbf][0xbd]vb[0x13][0xef][0xbf][0xbd])[0xef][0xbf][0xbd][0x1a][0x18][0xef][0xbf][0xbd][0xef][0xbf][0xbd][0xef][0xbf][0xbd]g[0xef][0xbf][0xbd][0xef][0xbf][0xbd]P=[0xef][0xbf][0xbd]^G[0x5][0xd7][0x82][0xef][0xbf][0xbd][0xef][0xbf][0xbd]h[0xef][0xbf][0xbd]Z[0xef][0xbf][0xbd][0xdc][0x8e][0xef][0xbf][0xbd][0xef][0xbf][0xbd][0x1d][0xef][0xbf][0xbd][0xef][0xbf][0xbd][0xef][0xbf][0xbd]n[0xce][0xa0]H[0xef][0xbf][0xbd]o8[0xef][0xbf][0xbd][0x0][0xef][0xbf][0xbd][0xef][0xbf][0xbd][0xc][0x0][0x8]8[0xe]P[0xef][0xbf][0xbd][0xef][0xbf][0xbd][0xef][0xbf][0xbd]9[0xef][0xbf][0xbd][0xef][0xbf][0xbd]0[0xef][0xbf][0xbd][0x17][0xef][0xbf][0xbd]X[0xef][0xbf][0xbd][0xef][0xbf][0xbd][0xef][0xbf][0xbd]?[0xef][0xbf][0xbd][0xef][0xbf][0xbd]^[0xef][0xbf][0xbd][0xef][0xbf][0xbd][0xef][0xbf][0xbd]<` [0xef][0xbf][0xbd][0xef][0xbf][0xbd][0x11][0xef][0xbf][0xbd]jL[0xef][0xbf][0xbd][0x1c]zg$[0xef][0xbf][0xbd]1[0xf][0xef][0xbf][0xbd]V[0xd7][0xb3]!|6[0xef][0xbf][0xbd][0xef][0xbf][0xbd][0x1e]Y[0xef][0xbf][0xbd]e\G[0xef][0xbf][0xbd]X[0x6][0xef][0xbf][0xbd]ib[0xef][0xbf][0xbd][0xef][0xbf][0xbd]c[0x1b][0x4][0xef][0xbf][0xbd]T}[0xef][0xbf][0xbd][0xef][0xbf][0xbd][0xef][0xbf][0xbd][0x12][0x12]X[0xd0][0xb5][0x1]t[0xd4][0x83]$[0xd0][0x93][0xef][0xbf][0xbd][0xef][0xbf][0xbd][0xef][0xbf][0xbd]C<[0xef][0xbf][0xbd][0xef][0xbf][0xbd]n[0xef][0xbf][0xbd][0x17][0xef][0xbf][0xbd]e[0xef][0xbf][0xbd][0xef][0xbf][0xbd]2x[0xe][0xef][0xbf][0xbd][0xef][0xbf][0xbd]{$[0xef][0xbf][0xbd]C[0xef][0xbf][0xbd][0xef][0xbf][0xbd][0xef][0xbf][0xbd][0xef][0xbf][0xbd][0x19]6"[0xef][0xbf][0xbd]1[0xef][0xbf][0xbd][0x3][0xef][0xbf][0xbd][0xef][0xbf][0xbd][0xef][0xbf][0xbd]P[0xef][0xbf][0xbd][0xef][0xbf][0xbd]Yj[0xef][0xbf][0xbd]:[0xef][0xbf][0xbd][0xef][0xbf][0xbd][0xef][0xbf][0xbd]~[0xef][0xbf][0xbd]W|c;[0xef][0xbf][0xbd]_[0xef][0xbf][0xbd][0xef][0xbf][0xbd][0x1e][0xef][0xbf][0xbd][0xc][0xc5][0xbb][0xef][0xbf][0xbd]c[0xf]d[0xef][0xbf][0xbd][0xef][0xbf][0xbd]|[0x10]0[0xef][0xbf][0xbd] }[0xef][0xbf][0xbd]A=[0xd6][0x87][0x19][0xef][0xbf][0xbd][0xef][0xbf][0xbd][0xef][0xbf][0xbd]<[0xef][0xbf][0xbd]H[0xef][0xbf][0xbd][0xef][0xbf][0xbd]Of[0xef][0xbf][0xbd]U[0xef][0xbf][0xbd]UhJ[0xef][0xbf][0xbd][0xef][0xbf][0xbd]&[0xef][0xbf][0xbd][0x3]JeK[0xef][0xbf][0xbd]H[0xef][0xbf][0xbd]m[0xef][0xbf][0xbd]}[0xef][0xbf][0xbd][0xef][0xbf][0xbd]T[0xef][0xbf][0xbd]"[0xef][0xbf][0xbd][0xef][0xbf][0xbd]a[0x6][0xef][0xbf][0xbd][0x15][0xef][0xbf][0xbd][0xef][0xbf][0xbd][0xef][0xbf][0xbd][0xef][0xbf][0xbd][\r][0x1]-N[0x2][0xef][0xbf][0xbd][0xef][0xbf][0xbd][0xef][0xbf][0xbd]H[0xef][0xbf][0xbd][0xef][0xbf][0xbd][0xef][0xbf][0xbd]o[0xef][0xbf][0xbd][0x9][0xef][0xbf][0xbd][0xef][0xbf][0xbd][\n]"
07:56:30.774 [main] DEBUG org.apache.http.wire -  >> "P[0xef][0xbf][0xbd][0xef][0xbf][0xbd][0xef][0xbf][0xbd][0xef][0xbf][0xbd]s[0xef][0xbf][0xbd]d[0xef][0xbf][0xbd]k[0xef][0xbf][0xbd][0xcb][0xab][\n]"
07:56:30.774 [main] DEBUG org.apache.http.wire -  >> "[0x1d][0xef][0xbf][0xbd][0xef][0xbf][0xbd][0xef][0xbf][0xbd]M[0xc7][0xa6][0x2][0xef][0xbf][0xbd]![0xef][0xbf][0xbd][0xef][0xbf][0xbd][0xc7][0x94][0xef][0xbf][0xbd][0x0][0x1]"Z}W[0xef][0xbf][0xbd][0xef][0xbf][0xbd][0x3].[0xef][0xbf][0xbd][0xef][0xbf][0xbd][0x6][0xef][0xbf][0xbd]A5[0xef][0xbf][0xbd][0x3][0xef][0xbf][0xbd]a[0x1d][0xef][0xbf][0xbd][0xef][0xbf][0xbd].[0xef][0xbf][0xbd][0xc8][0xae][0x11][0xef][0xbf][0xbd]i!P[0xef][0xbf][0xbd][0xef][0xbf][0xbd]`[0x7][0x12][;[0xef][0xbf][0xbd][0xef][0xbf][0xbd][0xef][0xbf][0xbd][0x0][0xef][0xbf][0xbd][0xef][0xbf][0xbd][0x1a][0xef][0xbf][0xbd][0xef][0xbf][0xbd][0x17][0xef][0xbf][0xbd]8[0xef][0xbf][0xbd][0xef][0xbf][0xbd]H[0xf]-c0[0x10][0xef][0xbf][0xbd]~[0xef][0xbf][0xbd][0xef][0xbf][0xbd]G'Va[0xef][0xbf][0xbd][0xe][0xef][0xbf][0xbd][0xef][0xbf][0xbd]r[0xef][0xbf][0xbd]IL[0x1f][0xef][0xbf][0xbd][0xef][0xbf][0xbd][0xef][0xbf][0xbd][0xef][0xbf][0xbd][0xef][0xbf][0xbd]KC[0xef][0xbf][0xbd][0xef][0xbf][0xbd][0xf][[0xef][0xbf][0xbd]f[0xef][0xbf][0xbd][0xef][0xbf][0xbd]^[0xf]d8[0xef][0xbf][0xbd][0xef][0xbf][0xbd][0xef][0xbf][0xbd]a[0xd2][0x83][0xef][0xbf][0xbd][0xef][0xbf][0xbd]T[0xef][0xbf][0xbd]^:n[0xef][0xbf][0xbd]P[0xef][0xbf][0xbd][0xef][0xbf][0xbd]*nT[0xef][0xbf][0xbd]4[0xef][0xbf][0xbd][0xef][0xbf][0xbd][0xef][0xbf][0xbd][0xef][0xbf][0xbd][0x16][0xef][0xbf][0xbd]v[0x1d]O;[0xef][0xbf][0xbd]B[0xf][0xef][0xbf][0xbd][0xef][0xbf][0xbd][0xef][0xbf][0xbd] [0xef][0xbf][0xbd]T?][0xef][0xbf][0xbd][0xef][0xbf][0xbd][0xef][0xbf][0xbd][0xc2][0x8e][0xef][0xbf][0xbd][0xef][0xbf][0xbd][0x14][0x16][0xef][0xbf][0xbd]G[0x10]F[0xef][0xbf][0xbd]j[0xef][0xbf][0xbd]U[0x1f][0xef][0xbf][0xbd][0x7][0xdd][0xbb][0xef][0xbf][0xbd]m[0xef][0xbf][0xbd][0xef][0xbf][0xbd]X[0xef][0xbf][0xbd][[0xef][0xbf][0xbd][0xef][0xbf][0xbd][0xc8][0x86]611uR[0x17][0xef][0xbf][0xbd][0xef][0xbf][0xbd]<hl[0xef][0xbf][0xbd]g[0xef][0xbf][0xbd][0xef][0xbf][0xbd]a$[0xef][0xbf][0xbd]6N[0xef][0xbf][0xbd][0xef][0xbf][0xbd][0x18])I[`3[0xef][0xbf][0xbd]j[0xef][0xbf][0xbd]h[0xef][0xbf][0xbd][0x5][0xf][0xef][0xbf][0xbd]>[0xef][0xbf][0xbd]|[0xef][0xbf][0xbd]q[0x7][0xef][0xbf][0xbd]K[0x9]<[0xef][0xbf][0xbd][0xef][0xbf][0xbd]'[0xef][0xbf][0xbd][0xef][0xbf][0xbd][0xef][0xbf][0xbd][0xef][0xbf][0xbd]{[0xef][0xbf][0xbd][0xef][0xbf][0xbd]am[0xef][0xbf][0xbd]>[0xef][0xbf][0xbd][0xef][0xbf][0xbd][0xef][0xbf][0xbd]j[0xef][0xbf][0xbd]BwFT[0xef][0xbf][0xbd]l[0x15][0xef][0xbf][0xbd]Y3[0x5][0xef][0xbf][0xbd][0xef][0xbf][0xbd][0xef][0xbf][0xbd]rQ[0xef][0xbf][0xbd][[0xef][0xbf][0xbd][0xef][0xbf][0xbd][0xef][0xbf][0xbd][0xef][0xbf][0xbd]q[0xef][0xbf][0xbd]ZdL%[0xef][0xbf][0xbd][0xef][0xbf][0xbd][0xef][0xbf][0xbd]Mj[0x12]G[0xef][0xbf][0xbd]b[0xef][0xbf][0xbd]<[0xc4][0x8c][0xc]o[0xef][0xbf][0xbd][0xef][0xbf][0xbd][0xef][0xbf][0xbd]x[0xef][0xbf][0xbd][0xef][0xbf][0xbd]J[0xef][0xbf][0xbd][0xef][0xbf][0xbd][0xef][0xbf][0xbd][0xef][0xbf][0xbd]cz[0xef][0xbf][0xbd]+[0x17]v[0xef][0xbf][0xbd]'[0xef][0xbf][0xbd][0xef][0xbf][0xbd][0xef][0xbf][0xbd]E\[0xe][0xef][0xbf][0xbd][0xef][0xbf][0xbd][0xef][0xbf][0xbd][0xef][0xbf][0xbd][0xef][0xbf][0xbd]w[0xef][0xbf][0xbd][0x1b][0xef][0xbf][0xbd]p[0x0]K_9[0xef][0xbf][0xbd][0xe6][0x9f][0xb7][0xef][0xbf][0xbd][0xef][0xbf][0xbd][0xef][0xbf][0xbd]o[0xef][0xbf][0xbd]sy[0xef][0xbf][0xbd]/[0xef][0xbf][0xbd]T[0x14]2[0xef][0xbf][0xbd]o"mEt[0xef][0xbf][0xbd][0xef][0xbf][0xbd]4ius[0xef][0xbf][0xbd][0x1a],[0xef][0xbf][0xbd][0x16]s[0xef][0xbf][0xbd][0x13][0xef][0xbf][0xbd][0xef][0xbf][0xbd]JkxJ[0xef][0xbf][0xbd][0xef][0xbf][0xbd][0xef][0xbf][0xbd][0xef][0xbf][0xbd][0xd8][0x89][0xef][0xbf][0xbd][0x3]y[3[0xef][0xbf][0xbd][0xef][0xbf][0xbd][0xef][0xbf][0xbd]c[0xef][0xbf][0xbd][0xef][0xbf][0xbd][0xef][0xbf][0xbd]Pp[0xef][0xbf][0xbd][0xef][0xbf][0xbd][0xef][0xbf][0xbd][0x1f][0xef][0xbf][0xbd][0xc6][0xbd][0xef][0xbf][0xbd][0xef][0xbf][0xbd][0xef][0xbf][0xbd][0xc]a[0xef][0xbf][0xbd][0xef][0xbf][0xbd]/[0x0][0xef][0xbf][0xbd][0xef][0xbf][0xbd]c[0xef][0xbf][0xbd][0x11][0xef][0xbf][0xbd][0xef][0xbf][0xbd]Y7[0xef][0xbf][0xbd][0xef][0xbf][0xbd][0xef][0xbf][0xbd][0x9]v.V[0x1]4[0x0]L[0xef][0xbf][0xbd][0x18]c[0xe][0xef][0xbf][0xbd][0x6]?[0xcb][0xb8][0xef][0xbf][0xbd]%Y[0xef][0xbf][0xbd][0x13][0xef][0xbf][0xbd]@[0xef][0xbf][0xbd][0xd2][0x97]>[0xef][0xbf][0xbd][0xef][0xbf][0xbd]5[0xef][0xbf][0xbd]{[0xef][0xbf][0xbd][0xef][0xbf][0xbd][0xef][0xbf][0xbd]]Ko[0xef][0xbf][0xbd][0xef][0xbf][0xbd][0xef][0xbf][0xbd][0xef][0xbf][0xbd]@[0xef][0xbf][0xbd][0xef][0xbf][0xbd]^+,[0xef][0xbf][0xbd]1M[0xde][0xbd][0x6][0xef][0xbf][0xbd]y[0xef][0xbf][0xbd]X[0xe][0xef][0xbf][0xbd][0xef][0xbf][0xbd]2.[0x1c]e[0xef][0xbf][0xbd]=,[0xd9][0x88]B[0xdc][0x88][0xef][0xbf][0xbd][0xef][0xbf][0xbd][0xef][0xbf][0xbd]l[0xef][0xbf][0xbd][0xef][0xbf][0xbd]1[0xef][0xbf][0xbd][0xef][0xbf][0xbd]eo[0xef][0xbf][0xbd]8[0xef][0xbf][0xbd]9[0xef][0xbf][0xbd][0xef][0xbf][0xbd]k[0xef][0xbf][0xbd]<k[0xef][0xbf][0xbd]9[0xef][0xbf][0xbd][0xef][0xbf][0xbd]i[0xef][0xbf][0xbd][0xef][0xbf][0xbd][0x18]r[0xef][0xbf][0xbd]Kn[0xef][0xbf][0xbd][0xef][0xbf][0xbd][0xef][0xbf][0xbd][0xef][0xbf][0xbd][0xef][0xbf][0xbd]7[0xef][0xbf][0xbd][0xef][0xbf][0xbd][0xef][0xbf][0xbd]@yl=[0xef][0xbf][0xbd]Kr[0xef][0xbf][0xbd]=<[0xef][0xbf][0xbd]B[0xef][0xbf][0xbd][0xb][0x19][0xef][0xbf][0xbd]m[0xef][0xbf][0xbd]%[0xef][0xbf][0xbd][0xef][0xbf][0xbd][0xef][0xbf][0xbd][[0xef][0xbf][0xbd]ln[0xef][0xbf][0xbd][0xef][0xbf][0xbd][0x1d]3SSI>[0x1e][0xef][0xbf][0xbd]%[0xef][0xbf][0xbd][0xef][0xbf][0xbd]<[0xc8][0x96]][0xef][0xbf][0xbd][0xef][0xbf][0xbd][0xd6][0x9b][0xef][0xbf][0xbd]o[0xef][0xbf][0xbd]&7[0xef][0xbf][0xbd]t|n[0xef][0xbf][0xbd][0x18][0x1b]p[0xef][0xbf][0xbd][0xef][0xbf][0xbd]TK[0xef][0xbf][0xbd][0xef][0xbf][0xbd][0xef][0xbf][0xbd][0xef][0xbf][0xbd][0xef][0xbf][0xbd][0xef][0xbf][0xbd][0x19][0xef][0xbf][0xbd][0xef][0xbf][0xbd][0xef][0xbf][0xbd]@,[0xef][0xbf][0xbd]Sc=[0x1a][0xef][0xbf][0xbd][0x1d]fI+[0xef][0xbf][0xbd][0xef][0xbf][0xbd]L[0xef][0xbf][0xbd][0x18][0xef][0xbf][0xbd][0xef][0xbf][0xbd]'![0xe]v[0x1c][0xef][0xbf][0xbd]S[0x7][0xef][0xbf][0xbd]W[0xef][0xbf][0xbd]Z[0xb]-[0xef][0xbf][0xbd][0xef][0xbf][0xbd]~][0xef][0xbf][0xbd]Y[0xef][0xbf][0xbd][0xef][0xbf][0xbd][0xef][0xbf][0xbd][0xef][0xbf][0xbd]%[0xef][0xbf][0xbd][0xef][0xbf][0xbd]H[0xef][0xbf][0xbd]6[0xef][0xbf]"
07:56:30.789 [main] DEBUG org.apache.http.wire -  >> "[0xbd][0xef][0xbf][0xbd][0x16][0xef][0xbf][0xbd][0xcf][0x8d][0x11][0xef][0xbf][0xbd][0xef][0xbf][0xbd]X[0xef][0xbf][0xbd][0x14][0xc9][0xbe][0xef][0xbf][0xbd][\n]"
07:56:30.789 [main] DEBUG org.apache.http.wire -  >> "[0xef][0xbf][0xbd]_g[0xef][0xbf][0xbd][0xef][0xbf][0xbd]M^[0x13][0xef][0xbf][0xbd]PH[0x2][0xef][0xbf][0xbd][0x14]My[0x4]n[0xef][0xbf][0xbd]0Q[0xd4][0x85][0xef][0xbf][0xbd]6![0xef][0xbf][0xbd]L[0xef][0xbf][0xbd][0x10]=0Z[0xef][0xbf][0xbd][0xef][0xbf][0xbd]|[0xef][0xbf][0xbd][0xef][0xbf][0xbd]4#[0x13]7[0xef][0xbf][0xbd][0xef][0xbf][0xbd]^[0xef][0xbf][0xbd]p[0xef][0xbf][0xbd][0x18][0xef][0xbf][0xbd]([0xf][0xb][0xef][0xbf][0xbd]x[0x14][0xef][0xbf][0xbd][0xef][0xbf][0xbd][0x1d][0xef][0xbf][0xbd]k[0xef][0xbf][0xbd]=[0xef][0xbf][0xbd]Z@[0xef][0xbf][0xbd][0xef][0xbf][0xbd][0x1f]z[\r][0xef][0xbf][0xbd][0xef][0xbf][0xbd]u[0xef][0xbf][0xbd][0xef][0xbf][0xbd][0xef][0xbf][0xbd][0x17][0xef][0xbf][0xbd]\[0xef][0xbf][0xbd]%[0xef][0xbf][0xbd].[0xef][0xbf][0xbd][0xef][0xbf][0xbd][0x4];[0xf][0xef][0xbf][0xbd][0xef][0xbf][0xbd]w[0x19]5[0x6][0x1e][0xef][0xbf][0xbd][0xef][0xbf][0xbd]F[0xef][0xbf][0xbd][0xef][0xbf][0xbd][0xef][0xbf][0xbd]y[0xef][0xbf][0xbd]+[0xef][0xbf][0xbd][0xef][0xbf][0xbd]@|[0xef][0xbf][0xbd]a[0x6]i[0xef][0xbf][0xbd][0x7][0xef][0xbf][0xbd]fo[0x1e][0xef][0xbf][0xbd]S[0xef][0xbf][0xbd]}l[0x1d]tK[0xef][0xbf][0xbd]6[0xef][0xbf][0xbd]n[0xef][0xbf][0xbd]w[0xef][0xbf][0xbd]\[0xef][0xbf][0xbd][0xef][0xbf][0xbd]![0xef][0xbf][0xbd][0x7][0xef][0xbf][0xbd][0xef][0xbf][0xbd][0x7][0xef][0xbf][0xbd]/0#[0xef][0xbf][0xbd]~$*[0xef][0xbf][0xbd][0xef][0xbf][0xbd]bw:[0xef][0xbf][0xbd][0xef][0xbf][0xbd][0xef][0xbf][0xbd][0x4][0xef][0xbf][0xbd]|,[0xef][0xbf][0xbd][0xef][0xbf][0xbd]q[0xef][0xbf][0xbd]M?[0xef][0xbf][0xbd]#2,[0xef][0xbf][0xbd]l[0x1]v|2[0xef][0xbf][0xbd][0xef][0xbf][0xbd][0xef][0xbf][0xbd][0xef][0xbf][0xbd][0xd8][0xa5]<[0xef][0xbf][0xbd]@v[0xde][0x88][0xef][0xbf][0xbd]?[0xef][0xbf][0xbd]y[0xef][0xbf][0xbd][0xef][0xbf][0xbd]b[0xef][0xbf][0xbd][0xef][0xbf][0xbd]K[0x1c]BeUO[0xef][0xbf][0xbd][0xef][0xbf][0xbd]u[0x2][0xef][0xbf][0xbd][0x6][0xef][0xbf][0xbd]z)[0xef][0xbf][0xbd][0xef][0xbf][0xbd][0xef][0xbf][0xbd]i^[0xef][0xbf][0xbd]vSg[0xef][0xbf][0xbd][0xef][0xbf][0xbd][0xef][0xbf][0xbd][0xef][0xbf][0xbd][0xef][0xbf][0xbd][0xef][0xbf][0xbd]:J[0x19]}[0xef][0xbf][0xbd][0x2]vk[0x0][0xef][0xbf][0xbd]L[0xef][0xbf][0xbd][0x1e][0xef][0xbf][0xbd][0xef][0xbf][0xbd][0x2]N]7[0xd6][0xa2]SV+[0x16][0xef][0xbf][0xbd][0xef][0xbf][0xbd]g[0xef][0xbf][0xbd][0xc7][0x83][0xef][0xbf][0xbd]*[0xef][0xbf][0xbd][0xef][0xbf][0xbd][0xef][0xbf][0xbd][0x4][0xef][0xbf][0xbd]V[0xef][0xbf][0xbd][0xef][0xbf][0xbd][0x1].g:[0xef][0xbf][0xbd]{R|[0xef][0xbf][0xbd]d[0xef][0xbf][0xbd][0xef][0xbf][0xbd]O[0x3]HyM[0xef][0xbf][0xbd][0x11]F[0xe][0xef][0xbf][0xbd]y[0x1c][0xef][0xbf][0xbd][[0x12][0x1]E0[0xef][0xbf][0xbd]S`[0xef][0xbf][0xbd]i`RK[0x1d][0x2][0xcd][0x9e][0xef][0xbf][0xbd](f[0x7]p@[0xef][0xbf][0xbd]J 8[0xef][0xbf][0xbd][0xef][0xbf][0xbd]i[0xc5][0xa1][0xef][0xbf][0xbd][0xef][0xbf][0xbd][0xef][0xbf][0xbd][0x1e][0x11][0xef][0xbf][0xbd][0xef][0xbf][0xbd]]|[\n]"
07:56:30.789 [main] DEBUG org.apache.http.wire -  >> "[0xef][0xbf][0xbd]6[0xde][0x92][0xef][0xbf][0xbd][0xef][0xbf][0xbd][0x13][0xef][0xbf][0xbd]Z[0xef][0xbf][0xbd]B[0xef][0xbf][0xbd][0xf][0xef][0xbf][0xbd]J[0xf]|[0xef][0xbf][0xbd][0xef][0xbf][0xbd][0xde][0x9e][0xef][0xbf][0xbd]W[0xef][0xbf][0xbd]z[0xef][0xbf][0xbd]*M[0x5]P5[0xef][0xbf][0xbd]u[0xc7][0xb7][0xef][0xbf][0xbd][0x14][0xef][0xbf][0xbd][0xef][0xbf][0xbd]![0xef][0xbf][0xbd][0x2]v[0xef][0xbf][0xbd]>&q[0x5]M][0xef][0xbf][0xbd](Y[0xef][0xbf][0xbd][0xef][0xbf][0xbd][0x14]5[0xef][0xbf][0xbd]e[0x0][0xef][0xbf][0xbd][0xef][0xbf][0xbd]G[0xef][0xbf][0xbd]_[0xcb][0x8a]e[0xef][0xbf][0xbd]m[0xef][0xbf][0xbd]h[0xef][0xbf][0xbd][0x1c]%4[0xef][0xbf][0xbd][0xef][0xbf][0xbd]y[0xef][0xbf][0xbd][0xef][0xbf][0xbd][0xef][0xbf][0xbd]k[0xef][0xbf][0xbd][0xef][0xbf][0xbd]-[0xef][0xbf][0xbd]<[0xef][0xbf][0xbd][0xef][0xbf][0xbd][0xef][0xbf][0xbd]n[0xef][0xbf][0xbd][0xef][0xbf][0xbd]k[0xef][0xbf][0xbd][0xef][0xbf][0xbd][0xef][0xbf][0xbd]L[0xef][0xbf][0xbd]1O3[0xef][0xbf][0xbd]$[0xef][0xbf][0xbd]^b?a[0xef][0xbf][0xbd][0xef][0xbf][0xbd][0xef][0xbf][0xbd]F??c[0xef][0xbf][0xbd][0xef][0xbf][0xbd]k[0xef][0xbf][0xbd][0xef][0xbf][0xbd]Y[0x7][0xef][0xbf][0xbd] 'L[0xef][0xbf][0xbd]o#[0xef][0xbf][0xbd][0xef][0xbf][0xbd][0xef][0xbf][0xbd][0x9][0xef][0xbf][0xbd]~B[0xef][0xbf][0xbd]d}=[0xef][0xbf][0xbd]i[0xef][0xbf][0xbd][0xef][0xbf][0xbd]&[0xc][0xef][0xbf][0xbd]/ [0xef][0xbf][0xbd][0xef][0xbf][0xbd][0xef][0xbf][0xbd][0xef][0xbf][0xbd][0xef][0xbf][0xbd][0xef][0xbf][0xbd]#T[0x1e]K [0xef][0xbf][0xbd][0xb][0xef][0xbf][0xbd][0xef][0xbf][0xbd][0xef][0xbf][0xbd][0xef][0xbf][0xbd];/[0xcc][0xa7][0xef][0xbf][0xbd](.[0xef][0xbf][0xbd][0xef][0xbf][0xbd] [0xef][0xbf][0xbd][0xef][0xbf][0xbd][0xd1][0xa4][0xef][0xbf][0xbd][0xef][0xbf][0xbd]h[0xef][0xbf][0xbd]F/[0xef][0xbf][0xbd][0xef][0xbf][0xbd][0xef][0xbf][0xbd][0x1c][0xc9][0xb2][0xef][0xbf][0xbd]zs[0x1]4[0xef][0xbf][0xbd]1[0xef][0xbf][0xbd]T[0xef][0xbf][0xbd][0x2][0xef][0xbf][0xbd][0xef][0xbf][0xbd]o[0xef][0xbf][0xbd][0xef][0xbf][0xbd][0xef][0xbf][0xbd]V)T[0xef][0xbf][0xbd]K1[0x15]Y4Y+[0xc4][0xbe]yz[0xef][0xbf][0xbd][0xb]c[0xef][0xbf][0xbd][0xef][0xbf][0xbd][0xef][0xbf][0xbd][0xef][0xbf][0xbd]Ew[0xef][0xbf][0xbd][0x3][0xef][0xbf][0xbd][\n]"
07:56:30.789 [main] DEBUG org.apache.http.wire -  >> "v[0xef][0xbf][0xbd][0xc][0xef][0xbf][0xbd][0xef][0xbf][0xbd]\S[0xef][0xbf][0xbd][\r]BJ[0xef][0xbf][0xbd][0xef][0xbf][0xbd][0xef][0xbf][0xbd]H[0xef][0xbf][0xbd]Ik[0x5]c[0xef][0xbf][0xbd]{[0xef][0xbf][0xbd][0x13][0xef][0xbf][0xbd][0xef][0xbf][0xbd]0[0xef][0xbf][0xbd][0xef][0xbf][0xbd]o[0x13]>O[0xef][0xbf][0xbd]Q[0x10]:[0xef][0xbf][0xbd][0xef][0xbf][0xbd]S[0xb][0x1f][0xef][0xbf][0xbd]([0xef][0xbf][0xbd]\[0xef][0xbf][0xbd]A[0xe4][0x92][0x85][0x7]3[0xef][0xbf][0xbd]s[0x16],K[0xef][0xbf][0xbd]T[0xc4][0x9a][0xef][0xbf][0xbd][0xef][0xbf][0xbd][0xef][0xbf][0xbd][0xef][0xbf][0xbd][0xef][0xbf][0xbd]z[0xef][0xbf][0xbd]:[0xef][0xbf][0xbd][0xef][0xbf][0xbd][0x2][0x13][0xef][0xbf][0xbd]Y[0x14][0xef][0xbf][0xbd]5[0x1][0xef][0xbf][0xbd]V[0xef][0xbf][0xbd]+[0xef][0xbf][0xbd][0x1d][0xef][0xbf][0xbd][0xef][0xbf][0xbd]<[0xef][0xbf][0xbd][0x2][0xef][0xbf][0xbd]\[0xef][0xbf][0xbd][0xef][0xbf][0xbd][0xef][0xbf][0xbd][0xef][0xbf][0xbd]%[0xef][0xbf][0xbd][0xb]&1[0x10]@[0xef][0xbf][0xbd][0xef][0xbf][0xbd][0xef][0xbf][0xbd][0xef][0xbf][0xbd]S[0xef][0xbf][0xbd]RgK:[0xef][0xbf][0xbd][0xef][0xbf][0xbd]{nH5[0xef][0xbf][0xbd]0[0xef][0xbf][0xbd]z[0xd6][0xb9][0xef][0xbf][0xbd][0xc][0x3][0xef][0xbf][0xbd][0xef][0xbf][0xbd][0xef][0xbf][0xbd]l[0x9][0xef][0xbf][0xbd][0xef][0xbf][0xbd]zh[0xef][0xbf][0xbd][0xef][0xbf][0xbd][0xef][0xbf][0xbd][0xef][0xbf][0xbd][0x1a]=-[0xef][0xbf][0xbd];[0xd9][0xa5][0xef][0xbf][0xbd][0xef][0xbf][0xbd]+[0xef][0xbf][0xbd];[0xef][0xbf][0xbd][0xef][0xbf][0xbd]_[0xef][0xbf][0xbd]T[0x9].[0xef][0xbf][0xbd]k[0xef][0xbf][0xbd][0x11]W,qCHR0;[0x1]][0xef][0xbf][0xbd]{[0xef][0xbf][0xbd][0xef][0xbf][0xbd][0x10]c`[0xc9][0xb1][0xef][0xbf][0xbd][0xef][0xbf][0xbd])[0x0][0x9][0xef][0xbf][0xbd]|{[0xef][0xbf][0xbd][0xef][0xbf][0xbd]r}_[0xef][0xbf][0xbd]v[0xef][0xbf][0xbd][0xef][0xbf][0xbd][0xef][0xbf][0xbd][0xef][0xbf][0xbd][0xef][0xbf][0xbd]fH[0xef][0xbf][0xbd]x[0xef][0xbf][0xbd]#[0x1b]hk[0xef][0xbf][0xbd]q[0xef][0xbf][0xbd][0xef][0xbf][0xbd]c[0xef][0xbf][0xbd]IH,<?[0xef][0xbf][0xbd]>O[\n]"
07:56:30.789 [main] DEBUG org.apache.http.wire -  >> "[0xef][0xbf][0xbd][0xef][0xbf][0xbd][0xef][0xbf][0xbd][0xeb][0xae][0x96]C[0xef][0xbf][0xbd][0xef][0xbf][0xbd][0xef][0xbf][0xbd]{[0xef][0xbf][0xbd][0xef][0xbf][0xbd][0xef][0xbf][0xbd][0xef][0xbf][0xbd][0xef][0xbf][0xbd][0x3][0xef][0xbf][0xbd]K[0x9]<fe[0xef][0xbf][0xbd][0xef][0xbf][0xbd]a{[0x8][0xef][0xbf][0xbd]>[0xef][0xbf][0xbd][0x10][0xef][0xbf][0xbd][0xf][0xef][0xbf][0xbd][0x11][0xef][0xbf][0xbd][0xef][0xbf][0xbd][0xef][0xbf][0xbd][0x1f]dg[0xef][0xbf][0xbd][0xef][0xbf][0xbd][0xef][0xbf][0xbd][0xef][0xbf][0xbd][0xef][0xbf][0xbd] [0xef][0xbf][0xbd][0xef][0xbf][0xbd]$'[0xef][0xbf][0xbd][0xef][0xbf][0xbd][0xef][0xbf][0xbd][0xea][0xaf][0x91][0xef][0xbf][0xbd][0x14]t[0xef][0xbf][0xbd][0xef][0xbf][0xbd]2[\n]"
07:56:30.789 [main] DEBUG org.apache.http.wire -  >> "!{scb[0xe][0xef][0xbf][0xbd][0xef][0xbf][0xbd][0xef][0xbf][0xbd]*[0xef][0xbf][0xbd][0xef][0xbf][0xbd][0xef][0xbf][0xbd]}*[[0xef][0xbf][0xbd][0xef][0xbf][0xbd]7[0xef][0xbf][0xbd][0xef][0xbf][0xbd][0xef][0xbf][0xbd][0xef][0xbf][0xbd]M[0xef][0xbf][0xbd]p[0xef][0xbf][0xbd]XP([0xef][0xbf][0xbd][0xef][0xbf][0xbd]F[0xef][0xbf][0xbd]'2[0xef][0xbf][0xbd]x[0xef][0xbf][0xbd])[0xc][0xef][0xbf][0xbd][0xef][0xbf][0xbd]v[0xef][0xbf][0xbd]gc[0xef][0xbf][0xbd][0xef][0xbf][0xbd]f[0xef][0xbf][0xbd][0xef][0xbf][0xbd]s[0x1c][0xef][0xbf][0xbd][0xef][0xbf][0xbd]y[0xef][0xbf][0xbd][0xef][0xbf][0xbd][0x6][0x4][0xef][0xbf][0xbd][0xef][0xbf][0xbd]HJ[0x9]J[0xef][0xbf][0xbd]^[0xef][0xbf][0xbd]L[0xef][0xbf][0xbd]5X[0xef][0xbf][0xbd]m[0xef][0xbf][0xbd]3[0xef][0xbf][0xbd]9Tc[0x1c][0xef][0xbf][0xbd][0xef][0xbf][0xbd]n/[0xef][0xbf][0xbd][0xef][0xbf][0xbd][0xef][0xbf][0xbd]1[0x15][\r]Fq[0xef][0xbf][0xbd]t[0xef][0xbf][0xbd][0xef][0xbf][0xbd][0xef][0xbf][0xbd][0xef][0xbf][0xbd]W[0xef][0xbf][0xbd][0xef][0xbf][0xbd]![0xef][0xbf][0xbd]h[0xef][0xbf][0xbd][0xef][0xbf][0xbd][0xc4][0x9e][0xef][0xbf][0xbd][0xef][0xbf][0xbd][0xf][0xef][0xbf][0xbd]>[0xef][0xbf][0xbd][0xef][0xbf][0xbd][0xef][0xbf][0xbd][0xef][0xbf][0xbd]T[0xef][0xbf][0xbd][0xef][0xbf][0xbd][0xef][0xbf][0xbd][0x13]f[0xe][0x19][0x16][0x1b][0xef][0xbf][0xbd]yF[0xef][0xbf][0xbd][0xde][0x9a][0x4][0xef][0xbf][0xbd][0xef][0xbf][0xbd]1[0xef][0xbf][0xbd]z)[0xef][0xbf][0xbd]Z[0xef][0xbf][0xbd]o[0xef][0xbf][0xbd]6[0xef][0xbf][0xbd][0xef][0xbf][0xbd]j[0xef][0xbf][0xbd][0xef][0xbf][0xbd]zP[0xef][0xbf][0xbd][0xef][0xbf][0xbd][0xef][0xbf][0xbd][0x0]y[0xef][0xbf][0xbd]5[0xef][0xbf][0xbd]n[0xef][0xbf][0xbd];[0xef][0xbf][0xbd][0xc9][0x8a]em[0xef][0xbf][0xbd];[0xef][0xbf][0xbd][0x11][0xef][0xbf][0xbd][0x6]e[0xef][0xbf][0xbd][0xef][0xbf][0xbd][0xef][0xbf][0xbd][0xef][0xbf][0xbd][0xef][0xbf][0xbd][0x5]Z[0xef][0xbf][0xbd][0xef][0xbf][0xbd];U[0xef][0xbf][0xbd]}h[0xef][0xbf][0xbd]v=m[0xef][0xbf][0xbd])[0x5]X[0xef][0xbf][0xbd]:^[0xef][0xbf][0xbd]^[0xef][0xbf][0xbd].h&`d8k[0xef][0xbf][0xbd][0xef][0xbf][0xbd][0xef][0xbf][0xbd]De[0xef][0xbf][0xbd]g[0x3]d[0x18]|[0xef][0xbf][0xbd][0xef][0xbf][0xbd]Fm[0xef][0xbf][0xbd][0xef][0xbf][0xbd][0xef][0xbf][0xbd]9C[0xef][0xbf][0xbd]W%[0xef][0xbf][0xbd][0xef][0xbf][0xbd]i[0xef][0xbf][0xbd]2[0x17][0xef][0xbf][0xbd][0xef][0xbf][0xbd][0x1d][0xef][0xbf][0xbd][0xef][0xbf][0xbd][0x1f][0xef][0xbf][0xbd][0xef][0xbf][0xbd]}-[0xd3][0x99] [0x13][0xef][0xbf][0xbd]?[0xef][0xbf][0xbd][0xef][0xbf][0xbd][0xef][0xbf][0xbd]?[0xef][0xbf][0xbd][0xef][0xbf][0xbd][0xef][0xbf][0xbd]G[0xef][0xbf][0xbd]<VO[0xef][0xbf][0xbd][0xef][0xbf][0xbd][0xef][0xbf][0xbd][0xef][0xbf][0xbd][0xef][0xbf][0xbd][0xef][0xbf][0xbd]ye~|8vZY[0xef][0xbf][0xbd][0xef][0xbf][0xbd][0xb] [0xef][0xbf][0xbd]9[0xef][0xbf][0xbd][0xca][0x89][0xef][0xbf][0xbd]#[0xef][0xbf][0xbd][0xef][0xbf][0xbd][0xef][0xbf][0xbd][\r][0xef][0xbf][0xbd][0x1d][0xef][0xbf][0xbd]8P*[0x1a][0x12][0x7][0xef][0xbf][0xbd][0xef][0xbf][0xbd][0xef][0xbf][0xbd]-p[0xef][0xbf][0xbd][0xef][0xbf][0xbd][0xef][0xbf][0xbd][0x1a][0xef][0xbf][0xbd][0xef][0xbf][0xbd]5F[0x1f][0xef][0xbf][0xbd][0xef][0xbf][0xbd]\H[0xef][0xbf][0xbd]`&[0xef][0xbf][0xbd]Q[0xb]<(B[0x1]V^^r[0xef][0xbf][0xbd][0x7]%[0xef][0xbf][0xbd][0xef][0xbf][0xbd][0x4][0xef][0xbf][0xbd]+[0xef][0xbf][0xbd][0x4][0xef][0xbf][0xbd][\r][0xef][0xbf][0xbd][0x7][0xef][0xbf][0xbd]d[0xef][0xbf][0xbd][0x7][0xef][0xbf][0xbd]v[0xef][0xbf][0xbd][0xef][0xbf][0xbd][0x13][0x15][0xef][0xbf][0xbd][0xef][0xbf][0xbd][0x4]N[0xef][0xbf][0xbd][0xef][0xbf][0xbd]U_[0xef][0xbf][0xbd][0x17][0xc4][0x84][0xef][0xbf][0xbd]O[0xef][0xbf][0xbd][0x1a]R[0xef][0xbf][0xbd][0xef][0xbf][0xbd][0xef][0xbf][0xbd]9[\r]~[0xef][0xbf][0xbd][0xef][0xbf][0xbd][0xef][0xbf][0xbd]:0[0x11]s[0xef][0xbf][0xbd]O[0xef][0xbf][0xbd][0x15]f[0xef][0xbf][0xbd][0xef][0xbf][0xbd]K[0xef][0xbf][0xbd][0xef][0xbf][0xbd]h[0x1a][0xef][0xbf][0xbd]F[0xef][0xbf][0xbd][0xef][0xbf][0xbd]; J[0x13][0x4][0xef][0xbf][0xbd]=[0xef][0xbf][0xbd][0xef][0xbf][0xbd][0xc][0xef][0xbf][0xbd][0xef][0xbf][0xbd][0x12][0xef][0xbf][0xbd]C[0xef][0xbf][0xbd]l,[0x5]|H[[0xef][0xbf][0xbd][0x14][0xef][0xbf][0xbd][0x18][0xef][0xbf][0xbd][0xef][0xbf][0xbd]"[0xef][0xbf][0xbd][0xef][0xbf][0xbd]p[0xef][0xbf][0xbd]A[0xef][0xbf][0xbd][0x15]{[0xef][0xbf][0xbd]-[0xef][0xbf][0xbd][0xef][0xbf][0xbd][0xef][0xbf][0xbd][0xef][0xbf][0xbd]U[0x19][0xef][0xbf][0xbd][0xef][0xbf][0xbd]P[0xef][0xbf][0xbd]K[0xef][0xbf][0xbd]y[0xef][0xbf][0xbd][0xef][0xbf][0xbd]{Z[0xef][0xbf][0xbd][0x1b]S[0xef][0xbf][0xbd][0x1f][0xef][0xbf][0xbd][0xef][0xbf][0xbd]{{:[0xef][0xbf][0xbd][0xef][0xbf][0xbd][0xef][0xbf][0xbd][0xef][0xbf][0xbd][0x1d][0xef][0xbf][0xbd]0a8C[0xe]d[0x19]\0[0x7][0xef][0xbf][0xbd][0xef][0xbf][0xbd]rZ[0xef][0xbf][0xbd][0xef][0xbf][0xbd]Z7[0xef][0xbf][0xbd][0xef][0xbf][0xbd][0x1b][0xef][0xbf][0xbd][0xef][0xbf][0xbd]9[0xef][0xbf][0xbd][0xef][0xbf][0xbd][0xef][0xbf][0xbd][0xef][0xbf][0xbd]9[0xef][0xbf][0xbd]}[0xef][0xbf][0xbd][0x8][0xef][0xbf][0xbd]Z[0xef][0xbf][0xbd][0xde][0xb1][0x1a][0x10]uFzA[0x17]?r[0xef][0xbf][0xbd][0xef][0xbf][0xbd][0xb]c[0xef][0xbf][0xbd]9[0xef][0xbf][0xbd][0x18]ZSh[0xef][0xbf][0xbd]/[0xef][0xbf][0xbd]Y[0xef][0xbf][0xbd][0xef][0xbf][0xbd][0xef][0xbf][0xbd][0xcf][0x80][0xef][0xbf][0xbd][0xef][0xbf][0xbd]w[0x1a][0x18][0x10][0xef][0xbf][0xbd][0xef][0xbf][0xbd][0xd3][0xaf]?[0xef][0xbf][0xbd][0x1f][0xef][0xbf][0xbd]<X2}[0xef][0xbf][0xbd]^@[0xef][0xbf][0xbd][0xef][0xbf][0xbd]H[0xef][0xbf][0xbd]HMi[0xef][0xbf][0xbd]/|[0xef][0xbf][0xbd][0xef][0xbf][0xbd][0xef][0xbf][0xbd][0xef][0xbf][0xbd][0x11][0x1f][0xef][0xbf][0xbd][0xef][0xbf][0xbd]Q[0xef][0xbf][0xbd][0xef][0xbf][0xbd][0xcf][0x9d][0xef][0xbf][0xbd][0xef][0xbf][0xbd]A[0xef][0xbf][0xbd][0xef][0xbf][0xbd]l[0x13]3*[0xef][0xbf][0xbd][0xef][0xbf][0xbd][0xef][0xbf][0xbd][0xef][0xbf][0xbd][0xef][0xbf][0xbd]Z[0xef][0xbf][0xbd][0xef][0xbf][0xbd].i[0x11]%[0xef][0xbf][0xbd][0xef][0xbf][0xbd]}[0x1c][0xef][0xbf][0xbd]0[0xef][0xbf][0xbd][0xef][0xbf][0xbd]zj[0xef][0xbf][0xbd][0x0][0x17]T[0xef][0xbf][0xbd]$[0xef][0xbf][0xbd]:5[0xef][0xbf][0xbd]v[0xef][0xbf][0xbd][0xef][0xbf][0xbd]b[0x16]U1[0xef][0xbf][0xbd]igi[0xef][0xbf][0xbd][0xd5][0xa3][0xef][0xbf][0xbd][0xef][0xbf][0xbd]?[0xef][0xbf][0xbd][0xef][0xbf][0xbd][0xb]H[0xef][0xbf][0xbd][0x1d][0xef][0xbf][0xbd]^[0xef][0xbf][0xbd][0x8][0xef][0xbf][0xbd][0x14][0xef][0xbf][0xbd][0xef][0xbf][0xbd][0xef][0xbf][0xbd]*[0x1e]RL1[0xef][0xbf][0xbd]Z[0xef][0xbf][0xbd][0xef][0xbf][0xbd]7E[0xef][0xbf][0xbd][0x4][0xef][0xbf][0xbd]Q[0x0][0xef][0xbf][0xbd][0xef][0xbf][0xbd][0x12]v[0xef][0xbf][0xbd]%[0x13]i[0x17][0x1f]o[0xef][0xbf][0xbd][0xef][0xbf][0xbd]r[0xef][0xbf][0xbd][0xb],[0x19][0xef][0xbf][0xbd]&S[0xef][0xbf][0xbd][0xc4][0xb6][0xef][0xbf][0xbd]c[0x15][0xef][0xbf][0xbd]hY[0xef][0xbf][0xbd][0xef][0xbf][0xbd]n[0xef][0xbf][0xbd]9],z[0xef][0xbf][0xbd]=[0xef][0xbf][0xbd]$[0xef][0xbf][0xbd][0x5][0xef][0xbf][0xbd][0xef][0xbf][0xbd][0xef][0xbf][0xbd]j[0xef][0xbf][0xbd][0x1e]d[0xef][0xbf][0xbd]EM[0xef][0xbf][0xbd][0xef][0xbf][0xbd][0xef][0xbf][0xbd][0xef][0xbf][0xbd]|[0xef][0xbf][0xbd]urZ9I[0xef][0xbf][0xbd][0xef][0xbf][0xbd]o[0x10]U[0x17][0xef][0xbf][0xbd]HE[0x7]&F[0xd4][0xb3][0x19][0xef][0xbf][0xbd][\n]"
07:56:30.790 [main] DEBUG org.apache.http.wire -  >> "[0x6][0x16][0xef][0xbf][0xbd]LD#[0xef][0xbf][0xbd]/[0xef][0xbf][0xbd]t_&[0x16][0xef][0xbf][0xbd]][0xef][0xbf][0xbd][0xef][0xbf][0xbd][0xef][0xbf][0xbd][0xef][0xbf][0xbd]@[0xef][0xbf][0xbd]][0xef][0xbf][0xbd]1[0xef][0xbf][0xbd][0xdd][0xb7].` @[0xef][0xbf][0xbd]*[0xef][0xbf][0xbd][0x14]u[0xef][0xbf][0xbd]/-[0xef][0xbf][0xbd]`[0xef][0xbf][0xbd][0xef][0xbf][0xbd][0xef][0xbf][0xbd]b[0xef][0xbf][0xbd][0xef][0xbf][0xbd]z$[0x1]q<[0xd5][0xbd][0xef][0xbf][0xbd][0xc2][0xb0]S[0xef][0xbf][0xbd] i[0xef][0xbf][0xbd]4[0xef][0xa9][0xb7][0xef][0xbf][0xbd][0xef][0xbf][0xbd][0xef][0xbf][0xbd][0xd7][0xb2][0xef][0xbf][0xbd]9-[0xef][0xbf][0xbd][0xef][0xbf][0xbd]^[0xef][0xbf][0xbd][0x18]6[0xef][0xbf][0xbd]m[0xef][0xbf][0xbd][0xef][0xbf][0xbd][0xef][0xbf][0xbd]9[0xef][0xbf][0xbd][0xef][0xbf][0xbd][0xef][0xbf][0xbd][0xef][0xbf][0xbd]-n[0xef][0xbf][0xbd][0xef][0xbf][0xbd]t[0xef][0xbf][0xbd][0xc][0xef][0xbf][0xbd]S[0xef][0xbf][0xbd]#[0xef][0xbf][0xbd]Z[0xef][0xbf][0xbd]%[0x9]fy[0xca][0x91][0xef][0xbf][0xbd][0x8][0xef][0xbf][0xbd]7[0xef][0xbf][0xbd][0xef][0xbf][0xbd][0xef][0xbf][0xbd]~[0xef][0xbf][0xbd],[0xef][0xbf][0xbd]X#[0xef][0xbf][0xbd]>[0xef][0xbf][0xbd][0xef][0xbf][0xbd][0x14][0xef][0xbf][0xbd][0x2][0x2]>[0xef][0xbf][0xbd][0xef][0xbf][0xbd][0xef][0xbf][0xbd][0xef][0xbf][0xbd][0x13]I[0xef][0xbf][0xbd][0xef][0xbf][0xbd][0xda][0xb7]?[0xef][0xbf][0xbd]4>[0xef][0xbf][0xbd][0xef][0xbf][0xbd][0x1][0xef][0xbf][0xbd][0xef][0xbf][0xbd][0xef][0xbf][0xbd][0xef][0xbf][0xbd][0xef][0xbf][0xbd][0xef][0xbf][0xbd]W[0xef][0xbf][0xbd][0xef][0xbf][0xbd][0xef][0xbf][0xbd][0xef][0xbf][0xbd]f[0xef][0xbf][0xbd]f[0xef][0xbf][0xbd][0x1][0xef][0xbf][0xbd][0xef][0xbf][0xbd][0xef][0xbf][0xbd][0xef][0xbf][0xbd][0xef][0xbf][0xbd]O}[0x1e][0x1b]cn[0xef][0xbf][0xbd][0xef][0xbf][0xbd][0xef][0xbf][0xbd][0xef][0xbf][0xbd]V[0xef][0xbf][0xbd][0xef][0xbf][0xbd]vZ[\r]0@[0xc]Q[0xef][0xbf][0xbd][0xef][0xbf][0xbd][0xef][0xbf][0xbd]x[0xef][0xbf][0xbd][0xef][0xbf][0xbd]"a[0xef][0xbf][0xbd][0xef][0xbf][0xbd]][0xef][0xbf][0xbd][0xef][0xbf][0xbd][0x3][0xef][0xbf][0xbd]!-[0xef][0xbf][0xbd]>[0xef][0xbf][0xbd]A[0x1c][0x7][0xef][0xbf][0xbd] [R[0xca][0x98][0xef][0xbf][0xbd]F[0xef][0xbf][0xbd][0xef][0xb6][0xa8][0xef][0xbf][0xbd][0xef][0xbf][0xbd][0xef][0xbf][0xbd][0xea][0x83][0x8e][0xef][0xbf][0xbd][\r][0xef][0xbf][0xbd][0xef][0xbf][0xbd][0xef][0xbf][0xbd]G"[0x1e]hE[0xef][0xbf][0xbd][0xef][0xbf][0xbd]:[0xef][0xbf][0xbd]$[0x5][0xd0][0x8a]w[0xef][0xbf][0xbd][0xef][0xbf][0xbd][0xef][0xbf][0xbd]^$[0xef][0xbf][0xbd][0xef][0xbf][0xbd]o[0xef][0xbf][0xbd]YR[0xef][0xbf][0xbd]s`[0xc6][0xa5][0xef][0xbf][0xbd]kJ[0xef][0xbf][0xbd]Qd[0xef][0xbf][0xbd]bd[0x1]E0[0x2][0xef][0xbf][0xbd][0xef][0xbf][0xbd]b[0x5][0xc2][0x94][0xcb][0xbb],-[0x17] [0x8][0x18][0xef][0xbf][0xbd][0xef][0xbf][0xbd][0x8]N[0xef][0xbf][0xbd][0x15][0xef][0xbf][0xbd][0xef][0xbf][0xbd][0xef][0xbf][0xbd]l[\n]"
07:56:30.790 [main] DEBUG org.apache.http.wire -  >> "[0xef][0xbf][0xbd][0xef][0xbf][0xbd][0xef][0xbf][0xbd]@[0xef][0xbf][0xbd][0xef][0xbf][0xbd]e[0xef][0xbf][0xbd]G][0xef][0xbf][0xbd][0x1]L[0xef][0xbf][0xbd]o[0x14]![0xef][0xbf][0xbd]q[0xef][0xbf][0xbd][0xef][0xbf][0xbd].[0xef][0xbf][0xbd][0x1d][0x15]8[0xef][0xbf][0xbd][0xef][0xbf][0xbd][0xef][0xbf][0xbd]7[0x17][0x2]h[\r]jO[0xef][0xbf][0xbd]0[0xdc][0x9b]`b[\n]"
07:56:30.790 [main] DEBUG org.apache.http.wire -  >> "[0xef][0xbf][0xbd]1[0x1e]{@[0xef][0xbf][0xbd][0xef][0xbf][0xbd][0xef][0xbf][0xbd][0xef][0xbf][0xbd]z3[0x10](a[0xef][0xbf][0xbd][0xc][0x1c][0xef][0xbf][0xbd]Fl$![0xef][0xbf][0xbd][0xef][0xbf][0xbd](~[0xef][0xbf][0xbd]s[0xef][0xbf][0xbd]d[\n]"
07:56:30.790 [main] DEBUG org.apache.http.wire -  >> "(|[0xef][0xbf][0xbd]fl[0x4][0x13]X[0xef][0xbf][0xbd][0xef][0xbf][0xbd][0x8][0xef][0xbf][0xbd][0xef][0xbf][0xbd][0xef][0xbf][0xbd][0xc9][0x8d]a[0xef][0xbf][0xbd][0x13][0xef][0xbf][0xbd]r/[0xef][0xbf][0xbd][0xef][0xbf][0xbd][0x1c][0xef][0xbf][0xbd][0x11]@[0xb]z[0xc][0xef][0xbf][0xbd]j[0xef][0xbf][0xbd]!K[0xef][0xbf][0xbd][0x18]m3[0xef][0xbf][0xbd][0xef][0xbf][0xbd][0xef][0xbf][0xbd][0x7][0xef][0xbf][0xbd][0xef][0xbf][0xbd][0xef][0xbf][0xbd][0xef][0xbf][0xbd][0xef][0xbf][0xbd]6[0xef][0xbf][0xbd][0x1f][0xd6][0x8e]h[0xce][0xbc][0xef][0xbf][0xbd][0x13][0x0]g[0x12][0xef][0xbf][0xbd][0xb][0xef][0xbf][0xbd]1[0xef][0xbf][0xbd]L[0xef][0xbf][0xbd][0xef][0xbf][0xbd]80[0xef][0xbf][0xbd]e[0xef][0xbf][0xbd]=[0xef][0xbf][0xbd][0xb][0xef][0xbf][0xbd]r[0x6][0xef][0xbf][0xbd][0xef][0xbf][0xbd][0xef][0xbf][0xbd][0xef][0xbf][0xbd]S;[0xef][0xbf][0xbd]N[0x9]<[0x6][0xef][0xbf][0xbd]B)[0x6][0xef][0xbf][0xbd][0xef][0xbf][0xbd][0xef][0xbf][0xbd]y[[0xef][0xbf][0xbd][0xef][0xbf][0xbd][0xef][0xbf][0xbd][0xef][0xbf][0xbd][0xc4][0x8e][0x7][0xef][0xbf][0xbd]Q[0xef][0xbf][0xbd][0x18][0xef][0xbf][0xbd][0xef][0xbf][0xbd][0xef][0xbf][0xbd][0xef][0xbf][0xbd][0xef][0xbf][0xbd]Ru[0xef][0xbf][0xbd][0xef][0xbf][0xbd][0xef][0xbf][0xbd]4[0xef][0xbf][0xbd]6X[0xef][0xbf][0xbd][0xef][0xbf][0xbd][0x17][0xef][0xbf][0xbd]LLn^[0xef][0xbf][0xbd][0x8][0xef][0xbf][0xbd][0xef][0xbf][0xbd][0xcf][0xb1][0xef][0xbf][0xbd][0xef][0xbf][0xbd][0xef][0xbf][0xbd]'7[0xef][0xbf][0xbd][0xef][0xbf][0xbd][0xef][0xbf][0xbd][0xc6][0x95][0xef][0xbf][0xbd][0x19][0xef][0xbf][0xbd]E^S[\r][0x6]#[\r][0xef][0xbf][0xbd][0x5][0xef][0xbf][0xbd]'4[0xef][0xbf][0xbd][0xef][0xbf][0xbd]'?[0xef][0xbf][0xbd][0xef][0xbf][0xbd][[0x9][0xef][0xbf][0xbd][0xef][0xbf][0xbd][0xef][0xbf]"
07:56:30.790 [main] DEBUG org.apache.http.wire -  >> "[0xbd][0xef][0xbf][0xbd][0xef][0xbf][0xbd][0xef][0xbf][0xbd][0xef][0xbf][0xbd][0xef][0xbf][0xbd][0xef][0xbf][0xbd]A[0xef][0xbf][0xbd]k[0xef][0xbf][0xbd][0x10][0x16][0xef][0xbf][0xbd]*-[0xef][0xbf][0xbd][0x13][0xef][0xbf][0xbd]i[0xef][0xbf][0xbd][0xef][0xbf][0xbd]qa[0x7][0xef][0xbf][0xbd](37[0xef][0xbf][0xbd]i[0x2][0xef][0xbf][0xbd][0xef][0xbf][0xbd][0x1][0xef][0xbf][0xbd]t[0xf]k[0xef][0xbf][0xbd][0x17][0xef][0xbf][0xbd]_[0xef][0xbf][0xbd]F[0xef][0xbf][0xbd][0x19][0xef][0xbf][0xbd][0x1b][0x8][0xef][0xbf][0xbd]{[0xef][0xbf][0xbd][0x16][0xef][0xbf][0xbd][0xef][0xbf][0xbd][0xef][0xbf][0xbd] [0xef][0xbf][0xbd]e[0x3][0xef][0xbf][0xbd][0xef][0xbf][0xbd]A[0xef][0xbf][0xbd];[0xef][0xbf][0xbd][0xef][0xbf][0xbd][0xef][0xbf][0xbd][0xef][0xbf][0xbd][0xf]4[0xef][0xbf][0xbd]_[0xef][0xbf][0xbd][0x16][0x10][0xef][0xbf][0xbd]e[0xef][0xbf][0xbd]_F[0x1a][0xef][0xbf][0xbd][0x1a]>W[0xef][0xbf][0xbd][0x1d][0xef][0xbf][0xbd][0x10]d\[0xef][0xbf][0xbd][[0xeb][0xa1][0x99][0xef][0xbf][0xbd]>p[0xef][0xbf][0xbd]`0[0x14][0x14][0xef][0xbf][0xbd][0xd7][0x9f];[0xef][0xbf][0xbd][0xef][0xbf][0xbd][0xef][0xbf][0xbd][0x5]T[0xef][0xbf][0xbd]a[0xef][0xbf][0xbd]X[0xef][0xbf][0xbd][0xef][0xbf][0xbd][0xef][0xbf][0xbd][0xef][0xbf][0xbd]/4[0xef][0xbf][0xbd][0xd6][0x8f]4[0xef][0xbf][0xbd]8[0xef][0xbf][0xbd][0xef][0xbf][0xbd][0xef][0xbf][0xbd][0xef][0xbf][0xbd][0x1d](H[0xef][0xbf][0xbd][0x4]$[0xef][0xbf][0xbd][0xef][0xbf][0xbd]U[0xe][0x1c]n[0xef][0xbf][0xbd][0xef][0xbf][0xbd][0xef][0xbf][0xbd][0xef][0xbf][0xbd][0xef][0xbf][0xbd][0xef][0xbf][0xbd][0xef][0xbf][0xbd][0xef][0xbf][0xbd][0x4][0xef][0xbf][0xbd]6c[0xef][0xbf][0xbd][0x2][0xef][0xbf][0xbd][0xef][0xbf][0xbd][0x6]H\[0xef][0xbf][0xbd]E,[0xef][0xbf][0xbd]<[0xef][0xbf][0xbd]xZ[0xef][0xbf][0xbd]:[0xef][0xbf][0xbd]'[0x1e]y[0xef][0xbf][0xbd]([0xef][0xbf][0xbd]noN[0xef][0xbf][0xbd]*o?[0xef][0xbf][0xbd][0xef][0xbf][0xbd]>[0xef][0xbf][0xbd][0xef][0xbf][0xbd]M[0xef][0xbf][0xbd]V[0xef][0xbf][0xbd][0xef][0xbf][0xbd]{[0xef][0xbf][0xbd]l[0xef][0xbf][0xbd]![0xef][0xbf][0xbd]s[0xef][0xbf][0xbd][0xef][0xbf][0xbd][0xef][0xbf][0xbd][0xef][0xbf][0xbd][0xef][0xbf][0xbd][0xef][0xbf][0xbd][0xef][0xbf][0xbd]i[0xef][0xbf][0xbd]~[0xef][0xbf][0xbd][0xef][0xbf][0xbd][0xef][0xbf][0xbd][0x1][0xef][0xbf][0xbd].[0xef][0xbf][0xbd][0xef][0xbf][0xbd][0xef][0xbf][0xbd][0xef][0xbf][0xbd]j[0xef][0xbf][0xbd][0xef][0xbf][0xbd][0xef][0xbf][0xbd]+[0xef][0xbf][0xbd]o[0xef][0xbf][0xbd][0x18]'@[0xef][0xbf][0xbd]1Yn[0x2][0xf]o[0x4][0xef][0xbf][0xbd][0xef][0xbf][0xbd]b[0xef][0xbf][0xbd]<[0x14][0xc6][0x84][0xef][0xbf][0xbd]n[0xef][0xbf][0xbd]i[0xef][0xbf][0xbd][0xef][0xbf][0xbd]X[0xef][0xbf][0xbd][0xef][0xbf][0xbd]MAf~[0xef][0xbf][0xbd]4[0xc2][0x98][0xef][0xbf][0xbd][\r]D2[0xef][0xbf][0xbd][0xef][0xbf][0xbd]>[0xe][0xef][0xbf][0xbd][0xef][0xbf][0xbd][0xe][0xef][0xbf][0xbd]yN[0xef][0xbf][0xbd]\[0x15]8&[0xef][0xbf][0xbd][0xef][0xbf][0xbd][0xef][0xbf][0xbd][0xef][0xbf][0xbd][0xc7][0x87][0xef][0xbf][0xbd][0xef][0xbf][0xbd][0xef][0xbf][0xbd][0xef][0xbf][0xbd].[0xef][0xbf][0xbd][0xef][0xbf][0xbd]p&[0xef][0xbf][0xbd][0xef][0xbf][0xbd][\n]"
07:56:30.791 [main] DEBUG org.apache.http.wire -  >> "[0xef][0xbf][0xbd]V)[0xef][0xbf][0xbd][0xef][0xbf][0xbd][0xef][0xbf][0xbd]<[0xd0][0x9d][0x1a]\5"[0xef][0xbf][0xbd][0xef][0xbf][0xbd]m"[0x1c][0xef][0xbf][0xbd][0xef][0xbf][0xbd]c[0xef][0xbf][0xbd]c[0x1e][0x4][0xef][0xbf][0xbd][0x16][0xef][0xbf][0xbd][0xef][0xbf][0xbd]M8[0xef][0xbf][0xbd][0xef][0xbf][0xbd][0xef][0xbf][0xbd][0x5][0x6][0xef][0xbf][0xbd]L'[0x18]8T[0x1f][0xef][0xbf][0xbd]E[0xef][0xbf][0xbd][0xef][0xbf][0xbd][0x2][\n]"
07:56:30.791 [main] DEBUG org.apache.http.wire -  >> "0[0xef][0xbf][0xbd]L[0xf]fr,m[0xc9][0x9d][0xef][0xbf][0xbd][0xd1][0xa9]t[0xef][0xbf][0xbd]'a[0xef][0xbf][0xbd][0xef][0xbf][0xbd][0xc6][0x8b][0xef][0xbf][0xbd][0xc2][0xbe][0xef][0xbf][0xbd]q[0xef][0xbf][0xbd]V\c[0xef][0xbf][0xbd]@ tj#=[0x16][0xef][0xbf][0xbd][0xef][0xbf][0xbd][0xef][0xbf][0xbd][0xef][0xbf][0xbd][0xb][0xef][0xbf][0xbd]{[0xef][0xbf][0xbd]yh[0x1d][0xef][0xbf][0xbd][0xcf][0xb4])[0xef][0xbf][0xbd][0xef][0xbf][0xbd][0xe][0xef][0xbf][0xbd]rkk|t[0xef][0xbf][0xbd][0xef][0xbf][0xbd][0xef][0xbf][0xbd][0x2][0xef][0xbf][0xbd][0xef][0xbf][0xbd]R`[0x8][0xef][0xbf][0xbd][0xef][0xbf][0xbd]k[0xef][0xbf][0xbd][0xef][0xbf][0xbd]M[0xef][0xbf][0xbd][0xef][0xbf][0xbd][0xef][0xbf][0xbd]x{[0xef][0xbf][0xbd]9;[0x2]N[0xef][0xbf][0xbd][0xef][0xbf][0xbd][0xef][0xbf][0xbd][0xef][0xbf][0xbd][0xef][0xbf][0xbd][0x7],[0xef][0xbf][0xbd]][0x14][0x1a][0x1e][0xef][0xbf][0xbd][0xc]v5"[0xc2][0x89][0xef][0xbf][0xbd][0xc5][0x88][0xef][0xbf][0xbd][0xef][0xbf][0xbd]a[0xef][0xbf][0xbd]([0xef][0xbf][0xbd][0xcf][0xbf]A[0xcf][0x80][0xef][0xbf][0xbd][0xef][0xbf][0xbd][0x1f][0xef][0xbf][0xbd][0x4]l[0xef][0xbf][0xbd][[0x18][0xef][0xbf][0xbd][0xef][0xbf][0xbd]>[0xef][0xbf][0xbd][0x14][0xef][0xbf][0xbd]y[0x1a][0xef][0xbf][0xbd][0xef][0xbf][0xbd][0x13][0xef][0xbf][0xbd][0x7][0xef][0xbf][0xbd][0xef][0xbf][0xbd].3[0xef][0xbf][0xbd][0xef][0xbf][0xbd][0xef][0xbf][0xbd][0xef][0xbf][0xbd][0xef][0xbf][0xbd]{b[0x9]p[0xef][0xbf][0xbd][0xd4][0x90][0xef][0xbf][0xbd][0x1c]9[0xef][0xbf][0xbd][0x13][0xef][0xbf][0xbd][0xef][0xbf][0xbd])Xd[0xef][0xbf][0xbd][0xef][0xbf][0xbd][0xef][0xbf][0xbd][0xef][0xbf][0xbd]>. v)[0x1f]z [0xef][0xbf][0xbd][0xef][0xbf][0xbd]/[0xef][0xbf][0xbd][0xef][0xbf][0xbd][0xcf][0x9d][0xef][0xbf][0xbd]<([0x1d][0x19]Zu[0xef][0xbf][0xbd]t[0xef][0xbf][0xbd]X[0xef][0xbf][0xbd][0xe][0xef][0xbf][0xbd][0xef][0xbf][0xbd][0xef][0xbf][0xbd][0xe8][0xac][0xa6][0x13]+[0xef][0xbf][0xbd][0xef][0xbf][0xbd]cc[\r]H[0xef][0xbf][0xbd]_[0xef][0xbf][0xbd]U[0xef][0xbf][0xbd][0x0]G[0x8][0x8][0xef][0xbf][0xbd][0x1c][0xef][0xbf][0xbd][0xef][0xbf][0xbd]]#d[0xef][0xbf][0xbd][0xef][0xbf][0xbd][0xef][0xbf][0xbd][0xef][0xbf][0xbd]t[0xef][0xbf][0xbd][0xef][0xbf][0xbd]@6[0xef][0xbf][0xbd][0xef][0xbf][0xbd][0x1d][0xef][0xbf][0xbd]Q[0xef][0xbf][0xbd]W[0xef][0xbf][0xbd]N[0xef][0xbf][0xbd]?;[0xef][0xbf][0xbd][0xef][0xbf][0xbd]M[0xc]i[0xef][0xbf][0xbd]3[0xef][0xbf][0xbd]R[0xef][0xbf][0xbd][0xef][0xbf][0xbd]@2[0xef][0xbf][0xbd][0xef][0xbf][0xbd][0xc][0xef][0xbf][0xbd][0xc3][0x8e]'P[0xef][0xbf][0xbd]l[0xef][0xbf][0xbd]I[0xef][0xbf][0xbd][0x7][0xef][0xbf][0xbd][0xef][0xbf][0xbd][0x14][0xef][0xbf][0xbd]^*[0xdd][0xbe][0xef][0xbf][0xbd]T[0xef][0xbf][0xbd][0xef][0xbf][0xbd]{r[0x12]UH[0xee][0x9c][0x9c][0xc][0xef][0xbf][0xbd][0xef][0xbf][0xbd]JJ[0xef][0xbf][0xbd][0xef][0xbf][0xbd]@H[0x5][0xef][0xbf][0xbd][0xef][0xbf][0xbd][0xef][0xbf][0xbd][[0xef][0xbf][0xbd]4ZH4[0x16]lZ[0x6]<i[0xef][0xbf][0xbd][0xf][0xef][0xbf][0xbd][0xef][0xbf][0xbd]G[0xef][0xbf][0xbd]R:1a[0xcd][0xb6]I[0xef][0xbf][0xbd][0xef][0xbf][0xbd][0xef][0xbf][0xbd]#[0xef][0xbf][0xbd][0xef][0xbf][0xbd][0xef][0xbf][0xbd][0xef][0xbf][0xbd][0x13][0xef][0xbf][0xbd][0xef][0xbf][0xbd][0xef][0xbf][0xbd][0xef][0xbf][0xbd][0xef][0xbf][0xbd][0xef][0xbf][0xbd]n[0xdb][0xa6])[0xef][0xbf][0xbd][0xef][0xbf][0xbd]![0xef][0xbf][0xbd][0x1c]W[0xef][0xbf][0xbd][0x1a].{[0x2][0xef][0xbf][0xbd][0xef][0xbf][0xbd]9H[0xef][0xbf][0xbd][\r][0xef][0xbf][0xbd];[0xef][0xbf][0xbd]I[0xef][0xbf][0xbd]v[0xef][0xbf][0xbd]8e[0xef][0xbf][0xbd]r[0xef][0xbf][0xbd]US[0x1a][0xef][0xbf][0xbd]i[0x14]>0[0xef][0xbf][0xbd][0xef][0xbf][0xbd]:[0xef][0xbf][0xbd]P[0x7][0xef][0xbf][0xbd][0xef][0xbf][0xbd]p [0xd0][0x86][0xef][0xbf][0xbd][0xef][0xbf][0xbd][0x1e][0xef][0xbf][0xbd]~[0xef][0xbf][0xbd]$Fr[0xef][0xbf][0xbd][0x2]y`[0xef][0xbf][0xbd][0xef][0xbf][0xbd]J[0xef][0xbf][0xbd][0xef][0xbf][0xbd][0x11][0xef][0xbf][0xbd][0xef][0xbf][0xbd][0x1c]w,fO[0xef][0xbf][0xbd][0xef][0xbf][0xbd];,w[0xef][0xbf][0xbd]a[0xef][0xbf][0xbd][0x0]U[0xef][0xbf][0xbd]T[0xef][0xbf][0xbd][0xef][0xbf][0xbd][0x9][0xef][0xbf][0xbd][0xef][0xbf][0xbd][0xef][0xbf][0xbd]`=[0xef][0xbf][0xbd]Wc[0xef][0xbf][0xbd][0x1e][0x16][0xc8][0x9d][0xef][0xbf][0xbd][0x14]=[0xef][0xbf][0xbd]`[0x4][0xef][0xbf][0xbd][0x1e][0xef][0xbf][0xbd]L[0xef][0xbf][0xbd]eL:[0xef][0xbf][0xbd] [0xef][0xbf][0xbd]W[0x1b][0x1e]g[0xef][0xbf][0xbd]@[0xc9][0x84][0xef][0xbf][0xbd][0x1][0xef][0xbf][0xbd][0xef][0xbf][0xbd][0xef][0xbf][0xbd][0xdd][0xa1][0xef][0xbf][0xbd]k~[0xef][0xbf][0xbd][0xef][0xbf][0xbd][0xef][0xbf][0xbd][0xc8][0xa7]>. v)[0xef][0xbf][0xbd][0xf]q[0xef][0xbf][0xbd]P[0xef][0xbf][0xbd][0x19][0xef][0xbf][0xbd][0xef][0xbf][0xbd]1[0xef][0xbf][0xbd]b[0xef][0xbf][0xbd][0xef][0xbf][0xbd][0xef][0xbf][0xbd][0xcf][0x92]G[0xef][0xbf][0xbd]F[0xd3][0xa2]Py[0xef][0xbf][0xbd][\r][0xef][0xbf][0xbd][0xef][0xbf][0xbd][\n]"
07:56:30.791 [main] DEBUG org.apache.http.wire -  >> ",[0xef][0xbf][0xbd]i@[0xef][0xbf][0xbd][0xef][0xbf][0xbd])0r[0xef][0xbf][0xbd]g[0xef][0xbf][0xbd][0xc][0xef][0xbf][0xbd]u[0x1f][0xef][0xbf][0xbd][0xef][0xbf][0xbd][0x0]h{G[0x7][0xef][0xbf][0xbd][0xef][0xbf][0xbd][0xef][0xbf][0xbd][0xef][0xbf][0xbd][0xef][0xbf][0xbd][0x1e][0xef][0xbf][0xbd][0xef][0xbf][0xbd]k[0xef][0xbf][0xbd][0xf1][0x8a][0x95][0x8a][0xef][0xbf][0xbd]?Tt[0xdf][0xb2]&[0xef][0xbf][0xbd]W[0x0]z[0xef][0xbf][0xbd]w[0xd1][0xa9][0xef][0xbf][0xbd]P[0xd0][0x8c][0xef][0xbf][0xbd][0xef][0xbf][0xbd]}[0xef][0xbf][0xbd][0xef][0xbf][0xbd]I[0xef][0xbf][0xbd][0xef][0xbf][0xbd][0xef][0xbf][0xbd][0xef][0xbf][0xbd][0xef][0xbf][0xbd][0xef][0xbf][0xbd]o+5[0xef][0xbf][0xbd][0xef][0xbf][0xbd][0xef][0xbf][0xbd]\'P[0xef][0xbf][0xbd][0xef][0xbf][0xbd][0x2][0x15] /[0xef][0xbf][0xbd](`i[0xdf][0xa9])[0xef][0xbf][0xbd]Xt[0xef][0xbf][0xbd]s[0xef][0xbf][0xbd]6M[0xef][0xbf][0xbd][0xe]`[0xef][0xbf][0xbd]3[0xef][0xbf][0xbd]}[0xef][0xbf][0xbd][0xef][0xbf][0xbd][0x6][0x15]d5[0x13]]c[0xef][0xbf][0xbd][0xef][0xbf][0xbd](=[0xef][0xbf][0xbd][0xef][0xbf][0xbd]N[0xef][0xbf][0xbd][0xef][0xbf][0xbd][0xcb][0xa9][0xef][0xbf][0xbd][0xef][0xbf][0xbd][0xef][0xbf][0xbd][0x1e][0xef][0xbf][0xbd][0xef][0xbf][0xbd]rY[0xef][0xbf][0xbd][0x1b]A[0xef][0xbf][0xbd][0xef][0xbf][0xbd]X[0xef][0xbf][0xbd]C[0x0]f[0xef][0xbf][0xbd]i^[0xef][0xbf][0xbd][0xef][0xbf][0xbd]L[0xef][0xbf][0xbd]^[0xe][0xef][0xbf][0xbd]E[0xef][0xbf][0xbd][0x0]G>[0xef][0xbf][0xbd]X[0xef][0xbf][0xbd][0x1b]-[0xef][0xbf][0xbd][\r][0xef][0xbf][0xbd][0xef][0xbf][0xbd][0xef][0xbf][0xbd][0xef][0xbf][0xbd]h[0xde][0x93][0xef][0xbf][0xbd]?[0xef][0xbf][0xbd]b[0xef][0xbf][0xbd][0xef][0xbf][0xbd][0xef][0xbf][0xbd]S{TZR[0xef][0xbf][0xbd][0xef][0xbf][0xbd][0xef][0xbf][0xbd][0xef][0xbf][0xbd][0x19][0x15][0xef][0xbf][0xbd][0xef][0xbf][0xbd][0xef][0xbf][0xbd]^[0xef][0xbf][0xbd][0xef][0xbf][0xbd][0x19][0xef][0xbf][0xbd][\r].[0xef][0xbf][0xbd][0xef][0xbf][0xbd]Zy[0x7][0xef][0xbf][0xbd]e[0xef][0xbf][0xbd][0xea][0x8e][0xb5]Z&~M![0xef][0xbf][0xbd][0x1e][0xef][0xbf][0xbd][0xef][0xbf][0xbd][0xc2][0x81][0xe5][0x9c][0xb0]o[0xef][0xbf][0xbd][0xd4][0xb6][0xc6][0xb5][0xef][0xbf][0xbd][0xef][0xbf][0xbd]ja[0xef][0xbf][0xbd]c[0xef][0xbf][0xbd][0xef][0xbf][0xbd]n[0xef][0xbf][0xbd]p[0xef][0xbf][0xbd]>[0xef][0xbf][0xbd]-[0xdd][0x9d][0xef][0xbf][0xbd][[\n]"
07:56:30.791 [main] DEBUG org.apache.http.wire -  >> "d[0xef][0xbf][0xbd][0xef][0xbf][0xbd][0x1a][0xef][0xbf][0xbd][0xef][0xbf][0xbd]_y[0xef][0xbf][0xbd][0xef][0xbf][0xbd]}[0xef][0xbf][0xbd][0x1f][0x2][0xef][0xbf][0xbd][0xef][0xbf][0xbd][0xef][0xbf][0xbd][0xf][0xef][0xbf][0xbd]Gv[0xef][0xbf][0xbd]H~[0xef][0xbf][0xbd][0xef][0xbf][0xbd]W[0xef][0xbf][0xbd]W[0x7]b5[0x17][0xf][0x0][0xef][0xbf][0xbd]P[0x3][0xef][0xbf][0xbd][0xef][0xbf][0xbd]E[\n]"
07:56:30.791 [main] DEBUG org.apache.http.wire -  >> "[0xef][0xbf][0xbd][0xef][0xbf][0xbd][0xc3][0xb1][0xef][0xbf][0xbd]l[0xd3][0x9a][0xef][0xbf][0xbd]m[0xef][0xbf][0xbd][0xd7][0xb6]QV[0xef][0xbf][0xbd][0xef][0xbf][0xbd][0xef][0xbf][0xbd]E[0xef][0xbf][0xbd][0xef][0xbf][0xbd]b9B=[0xef][0xbf][0xbd][0xef][0xbf][0xbd][0xef][0xbf][0xbd][0xef][0xbf][0xbd][[0xef][0xbf][0xbd]][0xef][0xbf][0xbd]_[0xef][0xbf][0xbd]([0xef][0xbf][0xbd]-[0xef][0xbf][0xbd][0xef][0xbf][0xbd][0x15]b>7[0x13]<[0xef][0xbf][0xbd].[0xef][0xbf][0xbd][0x0][0xef][0xbf][0xbd]|b:Y[0xef][0xbf][0xbd][0xce][0xaa][0x10]C[0xef][0xbf][0xbd][0xef][0xbf][0xbd]M[0xef][0xbf][0xbd]W[0xef][0xbf][0xbd][0xef][0xbf][0xbd][0xef][0xbf][0xbd]A[0xef][0xbf][0xbd][0xef][0xbf][0xbd][0xef][0xbf][0xbd]b[0xef][0xbf][0xbd]"[0xef][0xbf][0xbd][0xef][0xbf][0xbd][0xef][0xbf][0xbd][0xef][0xbf][0xbd]~#([0xef][0xbf][0xbd][0xef][0xbf][0xbd]|[0xd6][0x8d][0xef][0xbf][0xbd]0[0x1c][\r][0xef][0xbf][0xbd][0xd0][0xaa]A[0xef][0xbf][0xbd][0xef][0xbf][0xbd][0xc7][0x93]I[0xef][0xbf][0xbd]y([0xef][0xbf][0xbd][0xd6][0xa9][0xef][0xbf][0xbd][0xef][0xbf][0xbd][0xef][0xbf][0xbd][0xef][0xbf][0xbd][0x9][0xef][0xbf][0xbd]2[0xef][0xbf][0xbd]~[0xef][0xbf][0xbd]r[0xef][0xbf][0xbd][0xb]y[0x1e][0x3]bh[0xef][0xbf][0xbd][0x18]&1y[\n]"
07:56:30.791 [main] DEBUG org.apache.http.wire -  >> ")[0x19][0xea][0xbb][0xbe]>[0xef][0xbf][0xbd]3[0xe]\[0xef][0xbf][0xbd][0xef][0xbf][0xbd]S[0xef][0xbf][0xbd][0x2]1[0xef][0xbf][0xbd][0xef][0xbf][0xbd]4[0xef][0xbf][0xbd]g[0xef][0xbf][0xbd]VM[0xef][0xbf][0xbd][0xd2][0xb0][0x1]X[0xef][0xbf][0xbd][0x2][0xef][0xbf][0xbd]r[0xef][0xbf][0xbd][0xef][0xbf][0xbd]U[0x1a][0x4][0xef][0xbf][0xbd]NY[0xef][0xbf][0xbd]%/[0xef][0xbf][0xbd][0xef][0xbf][0xbd]n[0xef][0xbf][0xbd][0x1e]7[0xef][0xbf][0xbd][0xef][0xbf][0xbd][0x5][0xef][0xbf][0xbd][0xef][0xbf][0xbd]^U[0xc]aXP[0x16][0xef][0xbf][0xbd]{2T7[0xef][0xbf][0xbd][0xef][0xbf][0xbd][0x18]([0xef][0xbf][0xbd]6Z[0xef][0xbf][0xbd][0xef][0xbf][0xbd]R\p<[0xef][0xbf][0xbd][0xdc][0x93]{[0xef][0xbf][0xbd]n[0xef][0xbf][0xbd][0xef][0xbf][0xbd]\=[0xef][0xbf][0xbd][0xef][0xbf][0xbd]5R[0xef][0xbf][0xbd][0xef][0xbf][0xbd][0xef][0xbf][0xbd]<[0xef][0xbf][0xbd]4[0xef][0xbf][0xbd][0xef][0xbf][0xbd]K[0xef][0xbf][0xbd][0xef][0xbf][0xbd][0xef][0xbf][0xbd][0x1a][\r]l[0xef][0xbf][0xbd][0xdb][0xa8]k[0xef][0xbf][0xbd][0x1b]{[0xef][0xbf][0xbd][0xef][0xbf][0xbd][0xef][0xbf][0xbd][0xef][0xbf][0xbd]-[0xef][0xbf][0xbd]4[0xef][0xbf][0xbd]~[0xef][0xbf][0xbd]v8{[0xef][0xbf][0xbd][0x4][0xef][0xbf][0xbd][0xef][0xbf][0xbd]5b?9G[0xef][0xbf][0xbd]($[0xef][0xbf][0xbd][0xef][0xbf][0xbd][0xef][0xbf][0xbd][0x9]b[0xef][0xbf][0xbd][0xef][0xbf][0xbd][0x5][0xef][0xbf][0xbd][0xef][0xbf][0xbd]p[0xef][0xbf][0xbd][0x14][0x13][0xf][0xef][0xbf][0xbd][0xf][0xef][0xbf][0xbd][0xb][0xef][0xbf][0xbd][0xef][0xbf][0xbd]5[0xef][0xbf][0xbd][0xef][0xbf][0xbd][0xef][0xbf][0xbd][0xef][0xbf][0xbd]![0xef][0xbf][0xbd][0x2][0xef][0xbf][0xbd]p[[0xef][0xbf][0xbd][0xef][0xbf][0xbd][0xef][0xbf][0xbd][0x1a]R[0xef][0xbf][0xbd]]o[0xef][0xbf][0xbd]R+[0xe3][0x88][0x83]qO L`[0xef][0xbf][0xbd]$=[0xef][0xbf][0xbd][0x19][0xef][0xbf][0xbd]c[0xef][0xbf][0xbd]h[0xef][0xbf][0xbd][0x1a]N[0x10][\r][\r]%[0xef][0xbf][0xbd][0xef][0xbf][0xbd][0xef][0xbf][0xbd]t[0xef][0xbf][0xbd][0xef][0xbf][0xbd]|#j.[0x7][0xef][0xbf][0xbd][0xef][0xbf][0xbd]w;[0x18]x[0x15][[0xef][0xbf][0xbd][0xef][0xbf][0xbd][0xef][0xbf][0xbd]0[0xef][0xbf][0xbd][0xda][0xb1][0xef][0xbf][0xbd]Q[0xef][0xbf][0xbd][0x1c][0xef][0xbf][0xbd][0x1d][0xef][0xbf][0xbd]h[0xef][0xbf][0xbd][0xef][0xbf][0xbd][0xef][0xbf][0xbd]&[0x14]([0xef][0xbf][0xbd][0xef][0xbf][0xbd][0xef][0xbf][0xbd][0xef][0xbf][0xbd]v[0xef][0xbf][0xbd][0xef][0xbf][0xbd][0xef][0xbf][0xbd])[0x15][0xef][0xbf][0xbd]RL[0xef][0xbf][0xbd][0x4]dS[0xef][0xbf][0xbd][0xef][0xbf][0xbd]dg[\r]R[0xef][0xbf][0xbd][0xef][0xbf][0xbd]D[0xef][0xbf][0xbd]3[0xef][0xbf][0xbd] [0xef][0xbf][0xbd][0x17][0x3]f-[0xef][0xbf][0xbd][0xef][0xbf][0xbd][\n]"
07:56:30.791 [main] DEBUG org.apache.http.wire -  >> "[0xef][0xbf][0xbd]\h[0xef][0xbf][0xbd]S[0xef][0xbf][0xbd][0xef][0xbf][0xbd]~:[0xef][0xbf][0xbd]q|Z[0x5][0xc][0x5]9[0xef][0xbf][0xbd][0xef][0xbf][0xbd][0xd7][0xa0]L[0xef][0xbf][0xbd][0xef][0xbf][0xbd][0xef][0xbf][0xbd]<[0x1d][0xef][0xbf][0xbd][0xef][0xbf][0xbd]}[0xef][0xbf][0xbd][0xef][0xbf][0xbd][0x9][0xef][0xbf][0xbd][0xef][0xbf][0xbd]a6[0xd4][0x91][0xef][0xbf][0xbd][0xef][0xbf][0xbd])[0xef][0xbf][0xbd]x[0xef][0xbf][0xbd][0xd3][0xa0]>[0x1b][0xef][0xbf][0xbd][0xef][0xbf][0xbd][0xef][0xbf][0xbd]7[0xef][0xbf][0xbd][0x18][0xef][0xbf][0xbd]\U[0xd5][0xb5]>f.[0xef][0xbf][0xbd][0xef][0xbf][0xbd][0xef][0xbf][0xbd]y[0xef][0xbf][0xbd]A[0xef][0xbf][0xbd]j[0xe]][0xef][0xbf][0xbd][0xef][0xbf][0xbd]7[0xc3][0xbb]p|t[0xef][0xbf][0xbd]^z[0xef][0xbf][0xbd][0x18][0xef][0xbf][0xbd]M[0xda][0x92][0xef][0xbf][0xbd]6sa0#[0x6]0[0xef][0xbf][0xbd]2Ju[0xef][0xbf][0xbd][0xef][0xbf][0xbd]c[0xef][0xbf][0xbd]RB[0xef][0xbf][0xbd][0xef][0xbf][0xbd]d|[0xef][0xbf][0xbd]E.+[0xce][0xb7][0x8][0x1a]{\.9[0xef][0xbf][0xbd][0xef][0xbf][0xbd]X\[0xef][0xbf][0xbd][0xef][0xbf][0xbd][0xd6][0x94][0xef][0xbf][0xbd][0xc][0xef][0xbf][0xbd][0xef][0xbf][0xbd]t.'[0xef][0xbf][0xbd][0xef][0xbf][0xbd]X[0xef][0xbf][0xbd][0xef][0xbf][0xbd][0xef][0xbf][0xbd]P[0xef][0xbf][0xbd]q[0xef][0xbf][0xbd][0xef][0xbf][0xbd][0xd2][0x9b]V[0xef][0xbf][0xbd]&[0xef][0xbf][0xbd][0xef][0xbf][0xbd][0xef][0xbf][0xbd][0xef][0xbf][0xbd][0xef][0xbf][0xbd]{?[0xef][0xbf][0xbd]q[0x4][0xef][0xbf][0xbd]K[0x9]|[0x8]KQ[0xef][0xbf][0xbd][0xef][0xbf][0xbd][0xef][0xbf][0xbd]{[0xef][0xbf][0xbd].[0xef][0xbf][0xbd][0xd1][0xa2][0x3][0xef][0xbf][0xbd][0xef][0xbf][0xbd]=m[0xef][0xbf][0xbd]9[0x11]}[0xef][0xbf][0xbd][0x1][0xef][0xbf][0xbd][0xef][0xbf][0xbd][0xef][0xbf][0xbd][0xef][0xbf][0xbd]'[0xb]%i[0xef][0xbf][0xbd][0x1d]O[0x17]3![0x17]js[0x1d]Z"[0xf][0xef][0xbf][0xbd]O[0xef][0xbf][0xbd]f[[0xef][0xbf][0xbd]abd[0xef][0xbf][0xbd][0x15][0xef][0xbf][0xbd][0x0][0xef][0xbf][0xbd][0xef][0xbf][0xbd]aQ![0xef][0xbf][0xbd]xv[0xef][0xbf][0xbd][0xef][0xbf][0xbd]1k[0xef][0xbf][0xbd][0xef][0xbf][0xbd][0xef][0xbf][0xbd][0xef][0xbf][0xbd][0xef][0xbf][0xbd]q<w[0xca][0xb0][0xef][0xbf][0xbd][0xef][0xbf][0xbd]_[0xef][0xbf][0xbd]h[0xef][0xbf][0xbd];[0xef][0xbf][0xbd]x[0xef][0xbf][0xbd][0x17][0xdf][0x89][0xef][0xbf][0xbd][0xef][0xbf][0xbd]>${[0xef][0xbf][0xbd][0xef][0xbf][0xbd][0xef][0xbf][0xbd][0xef][0xbf][0xbd][0xef][0xbf][0xbd][0xef][0xbf][0xbd][0xef][0xbf][0xbd]1[0xef][0xbf][0xbd]"[0x4][0xef][0xbf][0xbd]$[0xef][0xbf][0xbd][0xb]e[0xef][0xbf][0xbd][0x16][0xef][0xbf][0xbd],[0xef][0xbf][0xbd]4jl[0xef][0xbf][0xbd][0x15][\r]o[0xef][0xbf][0xbd][0xef][0xbf][0xbd]X[0xf] }[0xef][0xbf][0xbd][0xef][0xbf][0xbd]m[0xef][0xbf][0xbd]5[\r][0x4]TrK[0xef][0xbf][0xbd]\+[0xef][0xbf][0xbd][0x17]Z{[0xef][0xbf][0xbd]N[0xef][0xbf][0xbd][0xef][0xbf][0xbd][0xd7][0xb8]x[0x17]NIKb[0xef][0xbf][0xbd][0x2][0xef][0xbf][0xbd][0xef][0xbf][0xbd][0xef][0xbf][0xbd][0xdd][0x84][0xef][0xbf][0xbd][0xef][0xbf][0xbd]Y[0xef][0xbf][0xbd][0xef][0xbf][0xbd][0xef][0xbf][0xbd]v{+5[0xef][0xbf][0xbd][0xd8][0x9b]x[0xef][0xbf][0xbd]_[0xef][0xbf][0xbd]D[0xef][0xbf][0xbd]7[0x6]N[0xef][0xbf][0xbd]A[0xef][0xbf][0xbd][0xef][0xbf][0xbd]n$[0xef][0xbf][0xbd][0xef][0xbf][0xbd][0x0]/[0x1e][\n]"
07:56:30.791 [main] DEBUG org.apache.http.wire -  >> "[[7`[0xef][0xbf][0xbd][0xef][0xbf][0xbd][0xef][0xbf][0xbd][0xc2][0x9e]\|[0xef][0xbf][0xbd][0xef][0xbf][0xbd]zdg[0xef][0xbf][0xbd][0x17][0xb][0x1]S@[0xef][0xbf][0xbd]cF[0xef][0xbf][0xbd][0xef][0xbf][0xbd][0xef][0xbf][0xbd]0[0xef][0xbf][0xbd][0xef][0xbf][0xbd][0x13]_[0x3][0xef][0xbf][0xbd][0xef][0xbf][0xbd]v=[0x16]#[0xef][0xbf][0xbd][0xef][0xbf][0xbd][0xef][0xbf][0xbd][0xef][0xbf][0xbd][0x3]]Hj[0xef][0xbf][0xbd]d[0xe][0xef][0xbf][0xbd]F[0x1f][0xef][0xbf][0xbd][0xef][0xbf][0xbd][0xca][0xa5]K[0xef][0xbf][0xbd][0x5][0xef][0xbf][0xbd]^[0xef][0xbf][0xbd][0x4][0xef][0xbf][0xbd]x[0xef][0xbf][0xbd]s[0xef][0xbf][0xbd]m[0xef][0xbf][0xbd]W_[0xef][0xbf][0xbd]LPf~[0xef][0xbf][0xbd]g[0xef][0xbf][0xbd][0xef][0xbf][0xbd][0xef][0xbf][0xbd][0xd2][0x89]_[0xef][0xbf][0xbd][0xef][0xbf][0xbd]k[0xef][0xbf][0xbd]>6[0xef][0xbf][0xbd][0x1d]w[0xef][0xbf][0xbd][0xf][0xef][0xbf][0xbd]Gv[0xef][0xbf][0xbd][0xef][0xbf][0xbd][0xef][0xbf][0xbd][0xef][0xbf][0xbd][0xef][0xbf][0xbd][0xef][0xbf][0xbd]+#[\r]X[0xef][0xbf][0xbd][0xef][0xbf][0xbd][0x1b]v[0x4]b[0xef][0xbf][0xbd][0xef][0xbf][0xbd]2[0xef][0xbf][0xbd],i[0x1][0xef][0xbf][0xbd]G[0xe2][0x98][0xb3][0xd2][0x85][0xef][0xbf][0xbd][0xef][0xbf][0xbd][0xef][0xbf][0xbd][0x17][0xef][0xbf][0xbd]1[0xef][0xbf][0xbd][0xef][0xbf][0xbd] B[0xef][0xbf][0xbd]8[0x15][0xef][0xbf][0xbd][0xef][0xbf][0xbd]k[0xef][0xbf][0xbd][0xef][0xbf][0xbd]f[0x3]O[0xef][0xbf][0xbd]@[0x1d][0xef][0xbf][0xbd]P0[0xef][0xbf][0xbd][0xef][0xbf][0xbd][0xef][0xbf][0xbd]M'[0xef][0xbf][0xbd][0xef][0xbf][0xbd]l[0xef][0xbf][0xbd][0xef][0xbf][0xbd][0x12]e[0xef][0xbf][0xbd][0xef][0xbf][0xbd]m[0xef][0xbf][0xbd]-[0x7][0xef][0xbf][0xbd][0xef][0xbf][0xbd][0x11]M[0xef][0xbf][0xbd][0xef][0xbf][0xbd][[0xef][0xbf][0xbd]1[0xef][0xbf][0xbd]o[0x18]%O[0xd1][0x8a]l@'[0xef][0xbf][0xbd]3[0xef][0xbf][0xbd][0x1e][0xef][0xbf][0xbd]}[0xd8][0x8a][0xef][0xbf][0xbd]#c[0xef][0xbf][0xbd]F[0xef][0xbf][0xbd][0xef][0xbf][0xbd][0xef][0xbf][0xbd]9@[0xef][0xbf][0xbd]q[0x11][0xef][0xbf][0xbd][0xda][0xb2][0xef][0xbf][0xbd]k[0xef][0xbf][0xbd][0xef][0xbf][0xbd][0xef][0xbf][0xbd][0xef][0xbf][0xbd]Fg"[0xef][0xbf][0xbd]X[0xef][0xbf][0xbd]rR[0xef][0xbf][0xbd]G;F[0xef][0xbf][0xbd]([0xda][0xac][0x15]C[0x1a][0xd3][0xa8][0xef][0xbf][0xbd][0xe7][0xac][0x85]l}t[0xef][0xbf][0xbd][0x2][0xef][0xbf][0xbd][\n]"
07:56:30.791 [main] DEBUG org.apache.http.wire -  >> "2[0xef][0xbf][0xbd]'[0xef][0xbf][0xbd]]@[0xef][0xbf][0xbd]u"
07:56:30.792 [main] DEBUG org.apache.http.wire -  >> "bm8[0xef][0xbf][0xbd].\[0xef][0xbf][0xbd]u[0xef][0xbf][0xbd]@c[0xef][0xbf][0xbd]K[0xef][0xbf][0xbd]%i69[0xe];[0x0][0xef][0xbf][0xbd]=r[0xef][0xbf][0xbd][0x12]\[0xef][0xbf][0xbd][0xef][0xbf][0xbd][0xef][0xbf][0xbd][0xef][0xbf][0xbd]zXCK[0xef][0xbf][0xbd][0xef][0xbf][0xbd]M[0xef][0xbf][0xbd]on[0xef][0xbf][0xbd].[0xef][0xbf][0xbd][0xc]=X[0xef][0xbf][0xbd][0xef][0xbf][0xbd]q[0xef][0xbf][0xbd][0xef][0xbf][0xbd]my0 b[0xef][0xbf][0xbd][0xef][0xbf][0xbd]C|K[0xef][0xbf][0xbd][0xef][0xbf][0xbd][0x3]9l[0xef][0xbf][0xbd][0xef][0xbf][0xbd][0xef][0xbf][0xbd]%[0xef][0xbf][0xbd][0xef][0xbf][0xbd]J[0xdd][0xbe][0xef][0xbf][0xbd][0x11]8[0x8][0x0]j[0xef][0xbf][0xbd]i[0xef][0xbf][0xbd][0xef][0xbf][0xbd]S[0xef][0xbf][0xbd][0xef][0xbf][0xbd]v8[0xd0][0x85]b[0xef][0xbf][0xbd][0xef][0xbf][0xbd]?s[0xef][0xbf][0xbd][0xef][0xbf][0xbd][0x4][0x1d]R@~[0xef][0xbf][0xbd][0xef][0xbf][0xbd]L[0xef][0xbf][0xbd]K[0xef][0xbf][0xbd]?[0xef][0xbf][0xbd][0x19][0xef][0xbf][0xbd]$[0xef][0xbf][0xbd]][0xef][0xbf][0xbd]>-~`[0xef][0xbf][0xbd]`[0xef][0xbf][0xbd][0xef][0xbf][0xbd][0xef][0xbf][0xbd]HO[0x1f]{[0x10][0xef][0xbf][0xbd][0xef][0xbf][0xbd][0xf][0x1d][0xef][0xbf][0xbd]]([0xef][0xbf][0xbd][0xef][0xbf][0xbd]Z>[0x18]m8[0xef][0xbf][0xbd]F}[0xda][0xa4][0xef][0xbf][0xbd][0xdd][0x83]Z[0xef][0xbf][0xbd]r[0xef][0xbf][0xbd][0xef][0xbf][0xbd][0xe2][0x91][0xa4][0xef][0xbf][0xbd][0xef][0xbf][0xbd]v[0xef][0xbf][0xbd][0xef][0xbf][0xbd]6[0xef][0xbf][0xbd][0xef][0xbf][0xbd]o[0xef][0xbf][0xbd]jH[0xef][0xbf][0xbd]b[0xef][0xbf][0xbd]9u[0xef][0xbf][0xbd];F[0xef][0xbf][0xbd][0xef][0xbf][0xbd]QF[0xdd][0x8b][0xef][0xbf][0xbd][0xef][0xbf][0xbd]')&8[0xef][0xbf][0xbd][0x12][0x0][0xef][0xbf][0xbd][0xef][0xbf][0xbd]8[0xef][0xbf][0xbd][0xef][0xbf][0xbd][0xef][0xbf][0xbd][0xef][0xbf][0xbd][0xef][0xbf][0xbd][0x4]q[0xef][0xbf][0xbd]B[0xef][0xbf][0xbd][0x1a][0xef][0xbf][0xbd][0xef][0xbf][0xbd]b[0xe][0xef][0xbf][0xbd]([0xef][0xbf][0xbd]:[0xef][0xbf][0xbd][0x1c][0xef][0xbf][0xbd]Vne[0x3]I[0xef][0xbf][0xbd]C[0xef][0xbf][0xbd]f[0xef][0xbf][0xbd][0xef][0xbf][0xbd][0xd9][0xbc]X[0xef][0xbf][0xbd][0x1]Y[0xef][0xbf][0xbd]u[0xef][0xbf][0xbd][0xef][0xbf][0xbd][0x17][0xdd][0xbf];[0xef][0xbf][0xbd][0xef][0xbf][0xbd]Gu[0xe3][0x82][0xb7][0xe]@[0xef][0xbf][0xbd]q[0xef][0xbf][0xbd]c[0xef][0xbf][0xbd]s[0xef][0xbf][0xbd][0xef][0xbf][0xbd]z?[0xef][0xbf][0xbd]([0xef][0xbf][0xbd]N2[0xef][0xbf][0xbd],[0x1b][0xef][0xbf][0xbd][0xef][0xbf][0xbd][0x12][0x4][0xef][0xbf][0xbd]R[0xef][0xbf][0xbd]+[0xef][0xbf][0xbd]E[0xef][0xbf][0xbd]\[0xef][0xbf][0xbd][0xef][0xbf][0xbd][0xef][0xbf][0xbd][0x16]9[0xef][0xbf][0xbd][0xef][0xbf][0xbd]o[0xef][0xbf][0xbd][0xef][0xbf][0xbd][0xef][0xbf][0xbd]F[0xef][0xbf][0xbd]E[\n]"
07:56:30.792 [main] DEBUG org.apache.http.wire -  >> "[0xef][0xbf][0xbd]c1a[0xef][0xbf][0xbd]R[0xef][0xbf][0xbd][0xef][0xbf][0xbd][0xef][0x8d][0x8e][0x1c]*9$[0xef][0xbf][0xbd]\[0xef][0xbf][0xbd][0xef][0xbf][0xbd]zzK[0xef][0xbf][0xbd][0xef][0xbf][0xbd][0x5][0xef][0xbf][0xbd][0xeb][0x81][0x84][0xef][0xbf][0xbd]Q[0x14]Z[0xef][0xbf][0xbd][\r][0x13][0x1f][0xef][0xbf][0xbd][0x0]V[0xef][0xbf][0xbd]4[0xef][0xbf][0xbd][0x1e][0xef][0xbf][0xbd][0xef][0xbf][0xbd]o[0xef][0xbf][0xbd][0xef][0xbf][0xbd][0xef][0xbf][0xbd][0xe5][0x80][0xbb][0xef][0xbf][0xbd]Z[0xef][0xbf][0xbd][0x9][0xef][0xbf][0xbd][0xef][0xbf][0xbd]k![0xb][0xef][0xbf][0xbd][0x16][0xef][0xbf][0xbd][0x1d]M%[0xef][0xbf][0xbd][0x3][0xef][0xbf][0xbd]j[0xef][0xbf][0xbd]'c?[0x7]1[0xef][0xbf][0xbd][0xef][0xbf][0xbd][0x8][0xef][0xbf][0xbd][0xef][0xbf][0xbd][0x19]<9-C[0x1c][0xc8][0x83][0x19]0[0x6][0xef][0xbf][0xbd]cp[0xef][0xbf][0xbd][0xef][0xbf][0xbd][\r]77[0x7][0xef][0xbf][0xbd][0xef][0xbf][0xbd][0xef][0xbf][0xbd][0xef][0xbf][0xbd][0xef][0xbf][0xbd][0xef][0xbf][0xbd][0xcb][0x81]B[0x14][0xef][0xbf][0xbd][0xef][0xbf][0xbd][0xef][0xbf][0xbd]\[0xef][0xbf][0xbd]K.sd?a[0xef][0xbf][0xbd][0xef][0xbf][0xbd]~[0xef][0xbf][0xbd][0xef][0xbf][0xbd][0xd3][0xba][0x3][0x18][0xef][0xbf][0xbd]h[0xef][0xbf][0xbd][0xef][0xbf][0xbd]U0[0xef][0xbf][0xbd][0xef][0xbf][0xbd][0xef][0xbf][0xbd]k[0xef][0xbf][0xbd][0x7][0xef][0xbf][0xbd]K[0x9]|[0xef][0xbf][0xbd]Jg)[0xef][0xbf][0xbd][0xef][0xbf][0xbd][0xf][0xef][0xbf][0xbd][0xca][0xa7]@Kzf[0xef][0xbf][0xbd]1d[0xef][0xbf][0xbd][0x13][0xef][0xbf][0xbd]Y[0xef][0xbf][0xbd]<&[0xef][0xbf][0xbd][0x1d][0xef][0xbf][0xbd][0xef][0xbf][0xbd][0xef][0xbf][0xbd][0xef][0xbf][0xbd][0xef][0xbf][0xbd]9[0xef][0xbf][0xbd][0xef][0xbf][0xbd][0x6][0xef][0xbf][0xbd]N[0xef][0xbf][0xbd](E[0xef][0xbf][0xbd][0x1b][0xef][0xbf][0xbd][0xef][0xbf][0xbd][0xef][0xbf][0xbd][0x6][0xef][0xbf][0xbd][0xef][0xbf][0xbd][0xef][0xbf][0xbd]$*@[0x7][0xf]CcJ+O[0xef][0xbf][0xbd][0x1e][0xef][0xbf][0xbd]U[0xef][0xbf][0xbd][0xc7][0xbc][0x16][0xef][0xbf][0xbd][0xef][0xbf][0xbd][0xef][0xbf][0xbd]I[0xef][0xbf][0xbd][0xc2][0x83][0xef][0xbf][0xbd][0xef][0xbf][0xbd]3DY[0xef][0xbf][0xbd]xo[0xef][0xbf][0xbd]c[0x0][0xef][0xbf][0xbd][0x16]-[0xef][0xbf][0xbd][0xef][0xbf][0xbd]B[0x7]y]C[0xb][0xef][0xbf][0xbd][0xef][0xbf][0xbd]NM[0xef][0xbf][0xbd][0xef][0xbf][0xbd][0xef][0xbf][0xbd]Q[0xf]4[0x16][0xef][0xbf][0xbd][0x14][0x9]T[0xef][0xbf][0xbd][0x6][0xef][0xbf][0xbd],[0xef][0xbf][0xbd]I[0xc2][0x91][0x7] [0xef][0xbf][0xbd][0xef][0xbf][0xbd]([0xef][0xbf][0xbd][0x1e][0xef][0xbf][0xbd]u[0xef][0xbf][0xbd][0xef][0xbf][0xbd]s]x[0xef][0xbf][0xbd][0x1f][0xef][0xbf][0xbd][0xc2][0xb9][0x2][0xef][0xbf][0xbd]\([0xef][0xbf][0xbd]$[0xef][0xbf][0xbd]:[0x2][0xef][0xbf][0xbd][0xb][0xef][0xbf][0xbd]k{P%Yf[0xef][0xbf][0xbd]5X[0xef][0xbf][0xbd]:[0xef][0xbf][0xbd][0xef][0xbf][0xbd]+[0xef][0xbf][0xbd]a[0xef][0xbf][0xbd][0xef][0xbf][0xbd][0xef][0xbf][0xbd][0xef][0xbf][0xbd][0xef][0xbf][0xbd]a[0xef][0xbf][0xbd][0xef][0xbf][0xbd]k%[0xef][0xbf][0xbd]s[0xe] [0x1][0xef][0xbf][0xbd]k[0xef][0xbf][0xbd]&[0xef][0xbf][0xbd][0x15][0xcd][0xb5][0xef][0xbf][0xbd][0x1f][0xef][0xbf][0xbd]y[0x8]<[0x1]w[0xef][0xbf][0xbd][0xef][0xbf][0xbd][0x18][0xf][0xef][0xbf][0xbd]v=+[0xef][0xbf][0xbd][0xef][0xbf][0xbd][0xef][0xbf][0xbd][0xef][0xbf][0xbd]r[0xef][0xbf][0xbd][0x1b]m<)[0xef][0xbf][0xbd][0xef][0xbf][0xbd]Fge[0xef][0xbf][0xbd]=[0xef][0xbf][0xbd][0x18]&DH_[0xef][0xbf][0xbd][0xef][0xbf][0xbd][0x1e][0xe4][0xb6][0xb2][0xef][0xbf][0xbd][0xef][0xbf][0xbd][0xef][0xbf][0xbd][0xef][0xbf][0xbd]8[0xef][0xbf][0xbd][0xef][0xbf][0xbd][0xef][0xbf][0xbd]o[0x1f][0x17][0xef][0xbf][0xbd][0xef][0xbf][0xbd][0xef][0xbf][0xbd]oY[0xef][0xbf][0xbd][0xef][0xbf][0xbd][0x2]y[0xef][0xbf][0xbd][\r][0xef][0xbf][0xbd][0xef][0xbf][0xbd][0xef][0xbf][0xbd]7[0x19][0xef][0xbf][0xbd][0xef][0xbf][0xbd][0xef][0xbf][0xbd]P|}[0xef][0xbf][0xbd][\r]01s[0xef][0xbf][0xbd][0xef][0xbf][0xbd][0xef][0xbf][0xbd]6@[0xef][0xbf][0xbd]g[0xef][0xbf][0xbd]V[0xef][0xbf][0xbd]h<a{6[0xef][0xbf][0xbd][0xef][0xbf][0xbd][0xef][0xbf][0xbd][0xc][0xef][0xbf][0xbd][0xef][0xbf][0xbd][0xf][0x1c][0xcd][0x87][0xef][0xbf][0xbd][0x17][0xef][0xbf][0xbd][0xef][0xbf][0xbd][0xef][0xbf][0xbd][0xef][0xbf][0xbd]kO[0xef][0xbf][0xbd]V[0xef][0xbf][0xbd][0xef][0xbf][0xbd][0xef][0xbf][0xbd][0xef][0xbf][0xbd][0xef][0xbf][0xbd][0xde][0xbd][0xef][0xbf][0xbd][0xef][0xbf][0xbd]/[0xef][0xbf][0xbd][0xef][0xbf][0xbd]/[0xef][0xbf][0xbd][0x1f]0u[0xef][0xbf][0xbd]T@t]b[0xef][0xbf][0xbd]\<[0xd5][0xa1][0xef][0xbf][0xbd][0xef][0xbf][0xbd]S[0xef][0xbf][0xbd][0xef][0xbf][0xbd]I[0xef][0xbf][0xbd]1[0xef][0xbf][0xbd][0xef][0xbf][0xbd][0xef][0xbf][0xbd]^[0xef][0xbf][0xbd]=[0xef][0xbf][0xbd]#V[0xef][0xbf][0xbd]2[\r]|"[0xe][0xef][0xbf][0xbd]@[0xef][0xbf][0xbd]g#K[0xef][0xbf][0xbd][0x18]O[0xef][0xbf][0xbd]@[0xd3][0x8d]}z[0xef][0xbf][0xbd][0xef][0xbf][0xbd][0x1b][0x4][0xef][0xbf][0xbd][0xef][0xbf][0xbd][0x19]M[0xef][0xbf][0xbd][0xef][0xbf][0xbd]c9[0xef][0xbf][0xbd][0xef][0xbf][0xbd]K[0xef][0xbf][0xbd]0[0x9][0xef][0xbf][0xbd]a[0xef][0xbf][0xbd][0xef][0xbf][0xbd]b[0x17]o[0xef][0xbf][0xbd][0xef][0xbf][0xbd]k[0xef][0xbf][0xbd][0xc2][0xb5]y[0xef][0xbf][0xbd][0xef][0xbf][0xbd][0xef][0xbf][0xbd][0xef][0xbf][0xbd][0xef][0xbf][0xbd][0x4][0xef][0xbf][0xbd][[0xef][0xbf][0xbd]G[0xef][0xbf][0xbd]^[0x16][0xef][0xbf][0xbd][0xef][0xbf][0xbd][0xef][0xbf][0xbd][0xef][0xbf][0xbd][0xef][0xbf][0xbd]xbI[0xef][0xbf][0xbd][0xef][0xbf][0xbd][0xef][0xbf][0xbd][0xef][0xbf][0xbd]~ [0xef][0xbf][0xbd]$Y9&[0x19][0xef][0xbf][0xbd][0xef][0xbf][0xbd][0x1f][\r][0xc2][0xb6][\r][0x6][0xef][0xbf][0xbd][0xef][0xbf][0xbd]$@[0xda][0x8e][0xef][0xbf][0xbd]1@[0xef][0xbf][0xbd]+Z[0xef][0xbf][0xbd]\[0xef][0xbf][0xbd]0[0xef][0xbf][0xbd][0xe][0xef][0xbf][0xbd][0xef][0xbf][0xbd][0xef][0xbf][0xbd][0xef][0xbf][0xbd][0x3][0xef][0xbf][0xbd][0xef][0xbf][0xbd][0xe][0xef][0xbf][0xbd][0xef][0xbf][0xbd][0xef][0xbf][0xbd]As*[0xef][0xbf][0xbd]2)[0xef][0xbf][0xbd]8[0xef][0xbf][0xbd]ia[0xef][0xbf][0xbd][0xef][0xbf][0xbd]6p[0x5]bV[0xef][0xbf][0xbd][0xef][0xbf][0xbd]"[0x7][0xef][0xbf][0xbd][0xef][0xbf][0xbd]]b)|[0xef][0xbf][0xbd]&WnU[0xef][0xbf][0xbd][0xef][0xbf][0xbd]7[0x19]W[0x9]#[0xef][0xbf][0xbd][0xef][0xbf][0xbd][0x9]mu[0xca][0x8b]n^[0xef][0xbf][0xbd][0xef][0xbf][0xbd]L(l [0xf][0xef][0xbf][0xbd][0xef][0xbf][0xbd].mPA[0x1b][0xef][0xbf][0xbd][0xb][0x8][0xef][0xbf][0xbd]@[0xef][0xbf][0xbd][0xef][0xbf][0xbd]"[0xef][0xbf][0xbd][0xef][0xbf][0xbd]2y[0xef][0xbf][0xbd]2[0x1b][0xef][0xbf][0xbd][0xb][0xef][0xbf][0xbd]?[0xef][0xbf][0xbd][0xef][0xbf][0xbd]i[0xef][0xbf][0xbd].[0x6][0xef][0xbf][0xbd][0xde][0x91][0xef][0xbf][0xbd][0x5][[0xef][0xbf][0xbd]r[0xef][0xbf][0xbd]9[0xef][0xbf][0xbd][0xef][0xbf][0xbd]Q[0xef][0xbf][0xbd]e[0xf][0xef][0xbf][0xbd][0xef][0xbf][0xbd][0xef][0xbf][0xbd]#[0xef][0xbf][0xbd]I[0xef][0xbf][0xbd]Q\@[0xef][0xbf][0xbd][0xef][0xbf][0xbd][0x1b]@[0xef][0xbf][0xbd]&[0x2]1{[0xef][0xbf][0xbd][0x1e]-[0x5]"[0x1e][0xef][0xbf][0xbd]v>[0xef][0xbf][0xbd][0xef][0xbf][0xbd][0xef][0xbf][0xbd][0xef][0xbf][0xbd]\4[0xef][0xbf][0xbd]5[0xf][0xde][0xa3]V[0xef][0xbf][0xbd][0xd1][0x86][0xef][0xbf][0xbd]o[0xef][0xbf][0xbd][0xef][0xbf][0xbd][0xef][0xbf][0xbd][0xef][0xbf][0xbd]Z>4@[0xef][0xbf][0xbd][0xef][0xbf][0xbd][0xef][0xbf][0xbd][0xf]?s^[0xef][0xbf][0xbd][0xef][0xbf][0xbd][0xe]4[0xef][0xbf][0xbd][0xc4][0x9f]F[0xef][0xbf][0xbd]s[[0xef][0xbf][0xbd][0xef][0xbf][0xbd]<[0x19]1[0xef][0xbf][0xbd][0x18]o[0xef][0xbf][0xbd]rORh[0xef][0xbf][0xbd]_x[0xef][0xbf][0xbd]-p[0x1a][0xef][0xbf][0xbd][0xef][0xbf][0xbd]O[0xef][0xbf][0xbd][0xef][0xbf][0xbd]A_[0xef][0xbf][0xbd][0x7][0x1d][0xef][0xbf][0xbd][0x19][0xef][0xbf][0xbd][0xef][0xbf][0xbd][0xef][0xbf][0xbd][0xdc][0xaa][0xef][0xbf][0xbd]R[0xef][0xbf][0xbd][0xef][0xbf][0xbd]O,8.c[0xef][0xbf][0xbd][0xef][0xbf][0xbd][0xef][0xbf][0xbd][0x0]![0xda][0x9c][0x13][0xef][0xbf][0xbd][0xef][0xbf][0xbd][0xef][0xbf][0xbd][0xef][0xbf][0xbd][0xef][0xbf][0xbd]u[0xef][0xbf][0xbd]l[0x17]C[0xef][0xbf][0xbd][0xef][0xbf][0xbd]IL[0xef][0xbf][0xbd][0xef][0xbf][0xbd]{[0xef][0xbf][0xbd][0xef][0xbf][0xbd][0xef][0xbf][0xbd][0xef][0xbf][0xbd][0x12]@[0x1a]p`g[0x5][0xef][0xbf][0xbd][0x16][0xef][0xbf][0xbd]>[0xef][0xbf][0xbd]z[0xc6][0xab][0xef][0xbf][0xbd]1[0xef][0xbf][0xbd][0x3][0x17]X.r[0xb]j[0xef][0xbf][0xbd]A[0xef][0xbf][0xbd]8&[0xef][0xbf][0xbd][0xef][0xbf][0xbd][0xe0][0xb6][0x83]X[0xd2][0x90][0xef][0xbf][0xbd][0xef][0xbf][0xbd]OM[0xef][0xbf][0xbd][0xef][0xbf][0xbd][0xef][0xbf][0xbd][0xb]`I[0xef][0xbf][0xbd][0xef][0xbf][0xbd]i#JA[0xef][0xbf][0xbd][0xef][0xbf][0xbd][0x1d]s[0xca][0x8c]\'E[0xef][0xbf][0xbd][0x1d]l[0x16][0xef][0xbf][0xbd][0x14]PJ[0x1c][0xef][0xbf][0xbd][0xef][0xbf][0xbd][0xef][0xbf][0xbd][\n]"
07:56:30.792 [main] DEBUG org.apache.http.wire -  >> "[0xef][0xbf][0xbd][0xef][0xbf][0xbd]wR@[0xef][0xbf][0xbd]u:[0xef][0xbf][0xbd]g[0xef][0xbf][0xbd]h[0x12][0xef][0xbf][0xbd]ug[0xef][0xbf][0xbd][0xef][0xbf][0xbd]m[0xef][0xbf][0xbd][0xef][0xbf][0xbd][0xef][0xbf][0xbd][0xd4][0xa3][0xef][0xbf][0xbd](>a[0xef][0xbf][0xbd][0x3][0xef][0xbf][0xbd]lg[0xef][0xbf][0xbd]5[0xef][0xbf][0xbd]`__[0x0][0xef][0xbf][0xbd][0xef][0xbf][0xbd]/[0xef][0xbf][0xbd][0xef][0xbf][0xbd][0xca][0x93]X[0xef][0xbf][0xbd][\n]"
07:56:30.792 [main] DEBUG org.apache.http.wire -  >> "5[0xef][0xbf][0xbd][0xef][0xbf][0xbd][\r][0xd0][0xbc]f[0xef][0xbf][0xbd]+ [0xef][0xbf][0xbd]--[\r] [0x14][0xef][0xbf][0xbd]Y[0xef][0xbf][0xbd]c[0xef][0xbf][0xbd]E[0xef][0xbf][0xbd][0xd2][0x81][0xef][0xbf][0xbd]H[0xef][0xbf][0xbd][\n]"
07:56:30.792 [main] DEBUG org.apache.http.wire -  >> "[0x13][0x7][0xef][0xbf][0xbd][0xe]{2[0xef][0xbf][0xbd][0xef][0xbf][0xbd][0xef][0xbf][0xbd][0xef][0xbf][0xbd]sg[0xef][0xbf][0xbd][0x18]u[0xef][0xbf][0xbd][0x9]p![0x0][0xef][0xbf][0xbd]xW2[0xef][0xbf][0xbd][0xef][0xbf][0xbd][0xef][0xbf][0xbd]U+m v[0xef][0xbf][0xbd]u[0xef][0xbf][0xbd][0x13][0xef][0xbf][0xbd][0xef][0xbf][0xbd][0xef][0xbf][0xbd]X[0x4][0xef][0xbf][0xbd];[0xef][0xbf][0xbd]E[0x13][0xef][0xbf][0xbd][0xef][0xbf][0xbd][0xef][0xbf][0xbd]8[0xef][0xbf][0xbd][0xef][0xbf][0xbd][0xef][0xbf][0xbd][0x6][0xef][0xbf][0xbd][0xef][0xbf][0xbd][0x1][0xef][0xbf][0xbd][0xef][0xbf][0xbd][0xef][0xbf][0xbd]Gmx9TH[0xef][0xbf][0xbd][0x17][0xef][0xbf][0xbd][0xef][0xbf][0xbd][0xef][0xbf][0xbd][0xef][0xbf][0xbd][0xef][0xbf][0xbd]|(~[0xc6][0xa5][0xef][0xbf][0xbd][0x14]?~[0xef][0xbf][0xbd][0x4]u^o5*KS[0xef][0xbf][0xbd][0xef][0xbf][0xbd][0xef][0xbf][0xbd][0xef][0xbf][0xbd]z')[0xef][0xbf][0xbd]%E`[0xef][0xbf][0xbd][0xcc][0xb8][0xef][0xbf][0xbd]0z[0xef][0xbf][0xbd][0xef][0xbf][0xbd]J[0xef][0xbf][0xbd]>@[0xef][0xbf][0xbd]*[0xef][0xbf][0xbd]N[0xef][0xbf][0xbd][0xef][0xbf][0xbd][0x14] %[0xef][0xbf][0xbd]q[0x18][0x1d][0xc][0xef][0xbf][0xbd]|[0x16]'X7[0xef][0xbf][0xbd][0xef][0xbf][0xbd]i[0xef][0xbf][0xbd][0xef][0xbf][0xbd][0x3][0xef][0xbf][0xbd][0xef][0xbf][0xbd]a[0xef][0xbf][0xbd]>[0xef][0xbf][0xbd][0x2][0xef][0xbf][0xbd]1[0xef][0xbf][0xbd]tK[0xc5][0x96][0xef][0xbf][0xbd][0xef][0xbf][0xbd]C[0x16],yK[0xef][0xbf][0xbd][0xef][0xbf][0xbd][0x7][0xef][0xbf][0xbd]@oN[0xef][0xbf][0xbd]^/[0xef][0xbf][0xbd]ot@[0xef][0xbf][0xbd]P[0xef][0xbf][0xbd]J[0x11]0[0xef][0xbf][0xbd][0xef][0xbf][0xbd]>[0xef][0xbf][0xbd][0xef][0xbf][0xbd]M[0xef][0xbf][0xbd]L[0xb]6[0xef][0xbf][0xbd]d[0xef][0xbf][0xbd]z[0xef][0xbf][0xbd][0xef][0xbf][0xbd][0xf][0xef][0xbf][0xbd][0xef][0xbf][0xbd][0xef][0xbf][0xbd][0xe5][0x89][0xb1]@w8[0xef][0xbf][0xbd]([0xef][0xbf][0xbd]_[0xef][0xbf][0xbd]*[0xef][0xbf][0xbd])[0xef][0xbf][0xbd]p=H[0xef][0xbf][0xbd]&b[0xef][0xbf][0xbd]I[0xef][0xbf][0xbd]J[0xef][0xbf][0xbd]H[0x13]N=[0xef][0xbf][0xbd][0xef][0xbf][0xbd][0x11][0xef][0xbf][0xbd][0xef][0xbf][0xbd][0xef][0xbf][0xbd]$[0xef][0xbf][0xbd][0xef][0xbf][0xbd][0xef][0xbf][0xbd]F<a[0xef][0xbf][0xbd]\6"[0xc3][0x9a]4x2g}z[0xef][0xbf][0xbd].[0x4][0xef][0xbf][0xbd])W[0xef][0xbf][0xbd][0xef][0xbf][0xbd]*[0xef][0xbf][0xbd]4[0xef][0xbf][0xbd][0x14]2[0xef][0xbf][0xbd][0x7][0xef][0xbf][0xbd][0xef][0xbf][0xbd][0x17][0xc7][0xb7]Z[0xef][0xbf][0xbd]f[0xc4][0x8c]h[0xc2][0x9c][0xef][0xbf][0xbd][0xef][0xbf][0xbd]Q[0xef][0xbf][0xbd][0x1a][0x10]0[0x0][0xef][0xbf][0xbd][0x1e]z[0xef][0xbf][0xbd]2|K/c[0xef][0xbf][0xbd]?im]g[0x11]v[0xef][0xbf][0xbd]<[0xef][0xbf][0xbd][0xef][0xbf][0xbd][0xca][0xba][[0xda][0x8c]![0x1a]1[0xef][0xbf][0xbd][0xef][0xbf][0xbd]h[0xef][0xbf][0xbd][0x14]R[0x5]c[0xef][0xbf][0xbd][0x0][0xef][0xbf][0xbd][0xef][0xbf][0xbd][0xef][0xbf][0xbd]HLR[0x4][0xef][0xbf][0xbd])]m[0x18][0xef][0xbf][0xbd]Z[0xef][0xbf][0xbd]U[0xef][0xbf][0xbd]&[0xef][0xbf][0xbd][0xef][0xbf][0xbd][4l[0xef][0xbf][0xbd][0x13]Cd[0xef][0xbf][0xbd][0xef][0xbf][0xbd]Y[0x1c][0xef][0xbf][0xbd][0xef][0xbf][0xbd][0x0][0x18])[0xef][0xbf][0xbd][0xef][0xbf][0xbd][0xef][0xbf][0xbd]L[0xef][0xbf][0xbd]HK<[0xef][0xbf][0xbd][0x1d]e}[0xef][0xbf][0xbd][0xef][0xbf][0xbd][0xef][0xbf][0xbd][0xef][0xbf][0xbd]DK[0xef][0xbf][0xbd]=[0xef][0xbf][0xbd][0xd5][0xbf][0xef][0xbf][0xbd][0xd7][0x9e][0xc5][0xad]\[0xef][0xbf][0xbd][0xf][0xef][0xbf][0xbd]Gv[0xef][0xbf][0xbd][0x13][0xef][0xbf][0xbd];[0xef][0xbf][0xbd][0xef][0xbf][0xbd][0xef][0xbf][0xbd][0xef][0xbf][0xbd]r[0xef][0xbf][0xbd]&d}R/[0xef][0xbf][0xbd][0xef][0xbf][0xbd]z[0x1][0x10]iH[0xef][0xbf][0xbd][0xef][0xbf][0xbd]L[0x6][0xef][0xbf][0xbd][0xef][0xbf][0xbd][0xef][0xbf][0xbd][0xef][0xbf][0xbd]M[0x18]W[0xef][0xbf][0xbd][0x5]MP[0xef][0xbf][0xbd][0xef][0xbf][0xbd][0xef][0xbf][0xbd][0xef][0xbf][0xbd]z[0xef][0xbf][0xbd][0xdf][0xac]:[0xef][0xbf][0xbd][0xef][0xbf][0xbd][0xe]N[0xef][0xbf][0xbd][0xef][0xbf][0xbd][0x1e]SR[0xef][0xbf][0xbd][0xef][0xbf][0xbd][0x13]E[0xef][0xbf][0xbd][0xef][0xbf][0xbd][0xdc][0xa4][0xef][0xbf][0xbd]A[0xef][0xbf][0xbd][0xef][0xbf][0xbd]7~os[0xef][0xbf][0xbd]&[0x18][0xef][0xbf][0xbd]G([0xef][0xbf][0xbd]B[\n]"
07:56:30.792 [main] DEBUG org.apache.http.wire -  >> "[0xef][0xbf][0xbd]q[0xef][0xbf][0xbd]4_[0xef][0xbf][0xbd]\[0xef][0xbf][0xbd][0xef][0xbf][0xbd]V`}B'[0x0][0x11]C[0xef][0xbf][0xbd]6[0xef][0xbf][0xbd][0xb]/3[0x12][0xef][0xbf][0xbd][0xf][0xef][0xbf][0xbd][0xef][0xbf][0xbd][0xef][0xbf][0xbd]]Ml9r1[0xef][0xbf][0xbd][0xc][0xef][0xbf][0xbd][0xef][0xbf][0xbd]'[0xef][0xbf][0xbd][0xdd][0xb0][0xef][0xbf][0xbd][0xef][0xbf][0xbd][0x11][0xef][0xbf][0xbd][0x1b][0xea][0x92][0x89][0xef][0xbf][0xbd]Iy[0xef][0xbf][0xbd][0xc3][0xa4]E[0xef][0xbf][0xbd]3d[0xef][0xbf][0xbd]G]K'&[0x0][0xef][0xbf][0xbd]}:[0xef][0xbf][0xbd][0xef][0xbf][0xbd][0xd7][0xb9][0xef][0xbf][0xbd]O[0xef][0xbf][0xbd]X[0xef][0xbf][0xbd]`[0xef][0xbf][0xbd][0x14][0x1])[0xef][0xbf][0xbd][0xef][0xbf][0xbd][0xef][0xbf][0xbd][0x19][0xef][0xbf][0xbd][0x1f][0xef][0xbf][0xbd]4[0xef][0xbf][0xbd]F[0xef][0xbf][0xbd]\[0xef][0xbf][0xbd][0xef][0xbf][0xbd]}Q[0xef][0xbf][0xbd][0xef][0xbf][0xbd][0xef][0xbf][0xbd]z[0xef][0xbf][0xbd][0xef][0xbf][0xbd];[0xef][0xbf][0xbd]?[0xef][0xbf][0xbd][0xef][0xbf][0xbd][0xef][0xbf][0xbd][0[\n]"
07:56:30.792 [main] DEBUG org.apache.http.wire -  >> "[0xd9][0xb5][0xef][0xbf][0xbd][0x5][0xef][0xbf][0xbd]`cu/[0xef][0xbf][0xbd][0xef][0xbf][0xbd][0xef][0xbf][0xbd]\hP[0xef][0xbf][0xbd][0xef][0xbf][0xbd]'![0xef][0xbf][0xbd]S[0xef][0xbf][0xbd]Z[0xef][0xbf][0xbd][0xef][0xbf][0xbd][0xef][0xbf][0xbd][0xef][0xbf][0xbd][0xef][0xbf][0xbd]W[0xef][0xbf][0xbd]3m[0xef][0xbf][0xbd][0xef][0xbf][0xbd]Ka<i[0xd0][0x92][0xef][0xbf][0xbd]M[0xef][0xbf][0xbd]z[0xef][0xbf][0xbd][0xef][0xbf][0xbd]H[0xb][0xef][0xbf][0xbd][\n]"
07:56:30.792 [main] DEBUG org.apache.http.wire -  >> "[0xc4][0x98][0xef][0xbf][0xbd][0xef][0xbf][0xbd][0xc9][0x89]{$[0xef][0xbf][0xbd]X[0xef][0xbf][0xbd][0xd3][0xad][0xef][0xbf][0xbd]N[0x1a][0xef][0xbf][0xbd][0xef][0xbf][0xbd]l[0x9]O[0x18][0xef][0xbf][0xbd]3s[0xef][0xbf][0xbd][0x11]3[0xef][0xbf][0xbd][0xef][0xbf][0xbd][0xd5][0x8e][0x1][0xc8][0x80][0xef][0xbf][0xbd]+GT[0xef][0xbf][0xbd]i[0xef][0xbf][0xbd]6[0xef][0xbf][0xbd]L6l0+IDb[0xef][0xbf][0xbd]=H[0xef][0xbf][0xbd]$[0xef][0xbf][0xbd]L![0xef][0xbf][0xbd] [0xef][0xbf][0xbd][0xef][0xbf][0xbd]T[!\k[0xef][0xbf][0xbd]?o[0xef][0xbf][0xbd][0xef][0xbf][0xbd]z[0x3][0xef][0xbf][0xbd][0xef][0xbf][0xbd].[0xef][0xbf][0xbd][0xf][0xef][0xbf][0xbd][0xef][0xbf][0xbd][0xef][0xbf][0xbd][0xef][0xbf][0xbd][0xef][0xbf][0xbd][0xef][0xbf][0xbd][0xef][0xbf][0xbd][0x18][0xef][0xbf][0xbd]Fw$[0xef][0xbf][0xbd][0xef][0xbf][0xbd][0xef][0xbf][0xbd][0x18]G[0x3]P[0xef][0xbf][0xbd][0xef][0xbf][0xbd][0xef][0xbf][0xbd][0x7]Q[0xef][0xbf][0xbd]{O[0x14][0x18]eM@[0xef][0xbf][0xbd]Z)[0xef][0xbf][0xbd]^4[0xef][0xbf][0xbd]>gL[0xef][0xbf][0xbd][0xef][0xbf][0xbd][0xdf][0x9c][0xef][0xbf][0xbd]2[0xef][0xbf][0xbd][0xc9][0x85][0x1f]"5[0xef][0xbf][0xbd]6[0xef][0xbf][0xbd]6\[0xef][0xbf][0xbd][0xc][0xef][0xbf][0xbd]d[0x1f][0xef][0xbf][0xbd][0xef][0xbf][0xbd][0xd3][0xbb][0xdd][0x8f][0xef][0xbf][0xbd]$[0xda][0xa4][0xef][0xbf][0xbd][0xef][0xbf][0xbd]BeSu[0xef][0xbf][0xbd][0xef][0xbf][0xbd][0xef][0xbf][0xbd][0xef][0xbf][0xbd]{}[0xef][0xbf][0xbd][0xef][0xbf][0xbd]&[0xef][0xbf][0xbd]h)v_[0xef][0xbf][0xbd][0xef][0xbf][0xbd][0xef][0xbf][0xbd][0xef][0xbf][0xbd][0xef][0xbf][0xbd]D[0xef][0xbf][0xbd]E[0xef][0xbf][0xbd][0xc7][0x8c][0x13]X[0xef][0xbf][0xbd]G[0xef][0xbf][0xbd][0x5]Fk[0xef][0xbf][0xbd][0xef][0xbf][0xbd]~;j:[0x0][0xef][0xbf][0xbd]lC[0xdf][0xb1][0xef][0xbf][0xbd][0xef][0xbf][0xbd][0xef][0xbf][0xbd][0x10][0xef][0xbf][0xbd][0xef][0xbf][0xbd]}d[0xef][0xbf][0xbd]e[0xef][0xbf][0xbd]pB[0xef][0xbf][0xbd][0xef][0xbf][0xbd][0xc][0xef][0xbf][0xbd]Y[0xef][0xbf][0xbd][0xef][0xbf][0xbd][0xef][0xbf][0xbd][[0xef][0xbf][0xbd]"[0xef][0xbf][0xbd][0xef][0xbf][0xbd][0xef][0xbf][0xbd][0xef][0xbf][0xbd][0x16][0xef][0xbf][0xbd][[0xef][0xbf][0xbd][0xd2][0x88]QZR3X[0xef][0xbf][0xbd][0x1d][0xef][0xbf][0xbd]Q[0xef][0xbf][0xbd]$[0x15][0xef][0xbf][0xbd][0xef][0xbf][0xbd]UH[0xef][0xbf][0xbd][0xef][0xbf][0xbd]d[0x9][[0xce][0xb4][0xef][0xbf][0xbd][0xef][0xbf][0xbd][0xef][0xbf][0xbd][0x1c]7[0xef][0xbf][0xbd]x[0xef][0xbf][0xbd][0xef][0xbf][0xbd][0xef][0xbf][0xbd]1^[0xef][0xbf][0xbd]30[0xef][0xbf][0xbd]m2"
07:56:30.797 [main] DEBUG org.apache.http.wire -  >> ")`v[0xef][0xbf][0xbd][0xcd][0xab][0xef][0xbf][0xbd][0xef][0xbf][0xbd]}[\r][0xef][0xbf][0xbd]A][0xef][0xbf][0xbd][0xef][0xbf][0xbd][0xef][0xbf][0xbd]e][0x0][0xef][0xbf][0xbd]<[0xef][0xbf][0xbd]e[0xef][0xbf][0xbd][0xef][0xbf][0xbd]~~[0xef][0xbf][0xbd]u[0xef][0xbf][0xbd]:[0xef][0xbf][0xbd][0xef][0xbf][0xbd]6[0xef][0xbf][0xbd][0x18]![0xef][0xbf][0xbd][0xef][0xbf][0xbd][0xef][0xbf][0xbd][0xef][0xbf][0xbd][0xef][0xbf][0xbd][0xef][0xbf][0xbd]<[0x2][0x8]_sP~[0xef][0xbf][0xbd]][0xef][0xbf][0xbd][0xef][0xbf][0xbd][0xef][0xbf][0xbd][0xef][0xbf][0xbd][0xef][0xbf][0xbd]R^[0xef][0xbf][0xbd]U[0xef][0xbf][0xbd],[0xef][0xbf][0xbd][0xef][0xbf][0xbd][0x1c]K[0xef][0xbf][0xbd][0xef][0xbf][0xbd][0x1][0xef][0xbf][0xbd][0xef][0xbf][0xbd][0x11][0xef][0xbf][0xbd][0xef][0xbf][0xbd][0xef][0xbf][0xbd][0xef][0xbf][0xbd][0xef][0xbf][0xbd][0x2]Cq[0x12][0xef][0xbf][0xbd][0xef][0xbf][0xbd][0xef][0xbf][0xbd][0xef][0xbf][0xbd][0xef][0xbf][0xbd]M[0xef][0xbf][0xbd]q[0xef][0xbf][0xbd][0xef][0xbf][0xbd][0xef][0xbf][0xbd][0xef][0xbf][0xbd]X!F[0x12][0xef][0xbf][0xbd][0x7]^[\r]l[0xef][0xbf][0xbd][0xef][0xbf][0xbd][0xef][0xbf][0xbd][0xef][0xbf][0xbd][0xef][0xbf][0xbd][0xef][0xbf][0xbd][0xf]q+oY>p[0xef][0xbf][0xbd],[0xef][0xbf][0xbd]}[0xef][0xbf][0xbd][0xef][0xbf][0xbd]1[0xef][0xbf][0xbd][0xef][0xbf][0xbd][0x13][0xef][0xbf][0xbd][0x1][0xef][0xbf][0xbd][0xef][0xbf][0xbd][0xef][0xbf][0xbd]$?G)Td[0x3][0xef][0xbf][0xbd][0xef][0xbf][0xbd]W[0xef][0xbf][0xbd]Es<[0xef][0xbf][0xbd][0xef][0xbf][0xbd][0xef][0xbf][0xbd][0xef][0xbf][0xbd][0xef][0xbf][0xbd]][0xef][0xbf][0xbd]&[0x13][0xef][0xbf][0xbd]ILN[0xc4][0xa8][0x19][0xef][0xbf][0xbd][\n]"
07:56:30.797 [main] DEBUG org.apache.http.wire -  >> "[0xef][0xbf][0xbd]G[0xef][0xbf][0xbd][0xef][0xbf][0xbd]YR[0xef][0xbf][0xbd]J[0xd1][0x87]`[0xef][0xbf][0xbd][0xef][0xbf][0xbd]P[0xef][0xbf][0xbd][0xef][0xbf][0xbd]6[0xef][0xbf][0xbd][0xef][0xbf][0xbd]k[0x5]X:'[0x17]e([0xef][0xbf][0xbd][0xef][0xbf][0xbd][0xef][0xbf][0xbd][0x1]kR[0x9][0x3][0xef][0xbf][0xbd][0xef][0xbf][0xbd][0xdc][0xb2][0xef][0xbf][0xbd][0xef][0xbf][0xbd](A[0xef][0xbf][0xbd][0xef][0xbf][0xbd]u {n[0xef][0xbf][0xbd]q[0xef][0xbf][0xbd][0xef][0xbf][0xbd][0xef][0xbf][0xbd][0xe6][0xaf][0xba][0xef][0xbf][0xbd][0x0]n[0xef][0xbf][0xbd]E[0xef][0xbf][0xbd][0x1c]z[0x12][0xef][0xbf][0xbd]~[0xef][0xbf][0xbd]2[0xef][0xbf][0xbd]6S[0xef][0xbf][0xbd]:[0xef][0xbf][0xbd]Lt[0x13]_[0xc9][0x84]{[0xc][0xef][0xbf][0xbd][0x16][0xef][0xbf][0xbd][0xef][0xbf][0xbd]6[0xed][0x8d][0x9e][0xef][0xbf][0xbd]q[0x5]2[0x17][0xef][0xbf][0xbd][0xe][0xef][0xbf][0xbd][0xef][0xbf][0xbd][0xc4][0xb2][0xef][0xbf][0xbd]h [0xef][0xbf][0xbd][0xef][0xbf][0xbd][0xef][0xbf][0xbd][0xef][0xbf][0xbd][0x4][0xd6][0x86]p[0xef][0xbf][0xbd][0x1][0xef][0xbf][0xbd][0xef][0xbf][0xbd][0x0]Z[0xef][0xbf][0xbd])[0xef][0xbf][0xbd]P[0xef][0xbf][0xbd][0xef][0xbf][0xbd][0xef][0xbf][0xbd]&P[0x5][0xef][0xbf][0xbd]MO[0xef][0xbf][0xbd][0xef][0xbf][0xbd][0xef][0xbf][0xbd][0xd4][0xa8][0xef][0xbf][0xbd][0xef][0xbf][0xbd]+[0xee][0x89][0xaa]k[0xef][0xbf][0xbd][0xef][0xbf][0xbd]P[0x3][0xef][0xbf][0xbd][0xef][0xbf][0xbd]W[0xee][0xab][0xb6][0xef][0xbf][0xbd]Z[0xef][0xbf][0xbd]1[0xef][0xbf][0xbd][0x7] [0x10]#[\r][0x1d][0xef][0xbf][0xbd][0xef][0xbf][0xbd][0xef][0xbf][0xbd][0xef][0xbf][0xbd]79[0xef][0xbf][0xbd][0xef][0xbf][0xbd]0[0xc3][0xa6][0xef][0xbf][0xbd]t[0xef][0xbf][0xbd]4[0xef][0xbf][0xbd][0xef][0xbf][0xbd]Njv[\r]R[0xef][0xbf][0xbd]p[0xef][0xbf][0xbd]6[0xef][0xbf][0xbd][0xef][0xbf][0xbd][0xef][0xbf][0xbd][0x1f][0xef][0xbf][0xbd][0x15]A[0xef][0xbf][0xbd][0xef][0xbf][0xbd][0x1f]}:[0xef][0xbf][0xbd]5/[0xc4][0x9c][0xef][0xbf][0xbd]9[0xef][0xbf][0xbd]W[0xef][0xbf][0xbd][0xd3][0x92][0xef][0xbf][0xbd][0x19][0xef][0xbf][0xbd]p[0xef][0xbf][0xbd][0xef][0xbf][0xbd]c;[\r][0x7][0xef][0xbf][0xbd][0xef][0xbf][0xbd][0xef][0xbf][0xbd][0xef][0xbf][0xbd][0xef][0xbf][0xbd]@[0x13]\[0xef][0xbf][0xbd]X[0x0][0x15][0xef][0xbf][0xbd][\r][0xef][0xbf][0xbd]P[0xef][0xbf][0xbd]9[0xef][0xbf][0xbd]c4[0xef][0xbf][0xbd][0xef][0xbf][0xbd]^[0xef][0xbf][0xbd][0xef][0xbf][0xbd][0xef][0xbf][0xbd]=[0xef][0xbf][0xbd]X2[0xef][0xbf][0xbd][0xef][0xbf][0xbd]+y[0xef][0xbf][0xbd][0xd1][0xa7]o [0xef][0xbf][0xbd][0xef][0xbf][0xbd][0xef][0xbf][0xbd][0x7][\n]"
07:56:30.797 [main] DEBUG org.apache.http.wire -  >> "d[0xef][0xbf][0xbd][0x4][0xef][0xbf][0xbd][0xef][0xbf][0xbd].x0[0x1e][0xef][0xbf][0xbd][0x2][p[0xef][0xbf][0xbd]M[\n]"
07:56:30.797 [main] DEBUG org.apache.http.wire -  >> "Q[0xef][0xbf][0xbd][0x1b][0xef][0xbf][0xbd][0xef][0xbf][0xbd]|[0xef][0xbf][0xbd]\'+[0x8]([0xef][0xbf][0xbd]R[0xef][0xbf][0xbd]=.[0xef][0xbf][0xbd][\n]"
07:56:30.797 [main] DEBUG org.apache.http.wire -  >> "[0xf]5[0xef][0xbf][0xbd][0x14][0xef][0xbf][0xbd][0x13][0xef][0xbf][0xbd]`[0xef][0xbf][0xbd]"m[0x1f]s[0xef][0xbf][0xbd][0xef][0xbf][0xbd][0xc8][0x8c]N[0xef][0xbf][0xbd]W[0xef][0xbf][0xbd]i`[0x1c]n[0xef][0xbf][0xbd]9&[0xef][0xbf][0xbd].'n[0xef][0xbf][0xbd][0xef][0xbf][0xbd]8[0xd7][0x9f][0xef][0xbf][0xbd]hI;[0xef][0xbf][0xbd]:A[0xef][0xbf][0xbd]n0[0xef][0xbf][0xbd]'[0xef][0xbf][0xbd][0xef][0xbf][0xbd][0xb][0xef][0xbf][0xbd]2[0x1d][0xef][0xbf][0xbd][0xef][0xbf][0xbd][0x2]JW[0xef][0xbf][0xbd][0xef][0xbf][0xbd][0xef][0xbf][0xbd][0xef][0xbf][0xbd][0xc])`;[0xef][0xbf][0xbd][0xca][0x96]C[0x1f][0xef][0xbf][0xbd][0xef][0xbf][0xbd]s[0xef][0xbf][0xbd][0xef][0xbf][0xbd][0xef][0xbf][0xbd]<[0xef][0xbf][0xbd]k[0xef][0xbf][0xbd][0xef][0xbf][0xbd][0xef][0xbf][0xbd]T/\s[0xef][0xbf][0xbd]2[0xef][0xbf][0xbd][0xef][0xbf][0xbd][0xef][0xbf][0xbd]/e[0xef][0xbf][0xbd][0xdf][0xa1][0xef][0xbf][0xbd][0xc7][0x8a][0xef][0xbf][0xbd]mV}[0xef][0xbf][0xbd]Y?\8[0xef][0xbf][0xbd]z[0xef][0xbf][0xbd]n[0xef][0xbf][0xbd]hE*[0xef][0xbf][0xbd]B[0xef][0xbf][0xbd]`[0xef][0xbf][0xbd]6[0x2]D[0xef][0xbf][0xbd]([0xef][0xbf][0xbd]S[0xef][0xbf][0xbd][0x2][0xef][0xbf][0xbd][0xef][0xbf][0xbd][0xd5][0xa2][0xef][0xbf][0xbd][0xef][0xbf][0xbd][0xef][0xbf][0xbd][0xc][0xef][0xbf][0xbd][0xef][0xbf][0xbd][0xef][0xbf][0xbd]'[0xef][0xbf][0xbd][0xef][0xbf][0xbd][0xef][0xbf][0xbd]`[0xef][0xbf][0xbd][0xef][0xbf][0xbd][0xde][0x90]>[0xef][0xbf][0xbd]0"[0xef][0xbf][0xbd]R2[0xef][0xbf][0xbd][0xef][0xbf][0xbd][0x16][0xef][0xbf][0xbd][0xef][0xbf][0xbd]OV0[0xef][0xbf][0xbd]";[0xef][0xbf][0xbd][0x6][0xef][0xbf][0xbd][0xef][0xbf][0xbd]([0x0][0xef][0xbf][0xbd][0xef][0xbf][0xbd][0x5]:[0xef][0xbf][0xbd][0xef][0xbf][0xbd][0x15][0xef][0xbf][0xbd][0xef][0xbf][0xbd]8[0xef][0xbf][0xbd][0xef][0xbf][0xbd][0x1b]G[0xef][0xbf][0xbd]7[0x18][0x1][0xef][0xbf][0xbd][0x19][0x0][0xef][0xbf][0xbd]6[0xef][0xbf][0xbd]&[\r][0xef][0xbf][0xbd][0xef][0xbf][0xbd][0xef][0xbf][0xbd][0xef][0xbf][0xbd][0x1][0xef][0xbf][0xbd]dc[0xef][0xbf][0xbd][0xef][0xbf][0xbd][0x17][0xef][0xbf][0xbd][0xef][0xbf][0xbd][0xef][0xbf][0xbd]d[0x1f]R(}D%[0xef][0xbf][0xbd][0xef][0xbf][0xbd]{[0xef][0xbf][0xbd][0xef][0xbf][0xbd][0xef][0xbf][0xbd][0xef][0xbf][0xbd]9G[0xef][0xbf][0xbd][0xc][0xef][0xbf][0xbd][0xef][0xbf][0xbd][0xef][0xbf][0xbd][0xef][0xbf][0xbd][0x10][0xef][0xbf][0xbd][0xb][0xef][0xbf][0xbd]ta2[0xef][0xbf][0xbd]u[0xef][0xbf][0xbd]Z%e[0xef][0xbf][0xbd]="V[0xef][0xbf][0xbd][0xcd][0x9f]8[0xef][0xbf][0xbd][0xd7][0xba]*[0x7]# {[0xef][0xbf][0xbd][0xef][0xbf][0xbd]-[0xef][0xbf][0xbd]r[0x16][0xef][0xbf][0xbd]S_}[0xef][0xbf][0xbd][0xef][0xbf][0xbd][0x15][0xef][0xbf][0xbd][0xef][0xbf][0xbd][0xef][0xbf][0xbd]-[0x1f][0x18][0xef][0xbf][0xbd]=[0xef][0xbf][0xbd][0xef][0xbf][0xbd][0x1f]<q^[0xef][0xbf][0xbd][0xef][0xbf][0xbd]i[0xef][0xbf][0xbd][0xef][0xbf][0xbd][0x11][0xef][0xbf][0xbd][0xef][0xbf][0xbd][0xef][0xbf][0xbd][0xef][0xbf][0xbd][0xef][0xbf][0xbd][0xef][0xbf][0xbd][0xef][0xbf][0xbd]t;*[0xef][0xbf][0xbd]-[0xef][0xbf][0xbd]\[0x14]n_m[0xef][0xbf][0xbd]t[0xef][0xbf][0xbd][0xef][0xbf][0xbd][0xef][0xbf][0xbd][0xef][0xbf][0xbd][0x6][0xc5][0xbb]z$F[0xef][0xbf][0xbd][0xef][0xbf][0xbd][0xef][0xbf][0xbd][0xc],1[0x4] [0xef][0xbf][0xbd]p][0xef][0xbf][0xbd][0x11][0xf][0xef][0xbf][0xbd]*[0xef][0xbf][0xbd]D[0xef][0xbf][0xbd][0xef][0xbf][0xbd]cbl[0xef][0xbf][0xbd][0xef][0xbf][0xbd])[0xef][0xbf][0xbd]YY[0xef][0xbf][0xbd][0xef][0xbf][0xbd][0xef][0xbf][0xbd][0xc3][0xa6]XY[0xda][0x98].[0xef][0xbf][0xbd][0xef][0xbf][0xbd]"F^[0xef][0xbf][0xbd]c[0xef][0xbf][0xbd]<[0x2][0x7][0xef][0xbf][0xbd][0xef][0xbf][0xbd]J[0xef][0xbf][0xbd]9[0xef][0xbf][0xbd]>[0xef][0xbf][0xbd]Q<[0xef][0xbf][0xbd][0x15][0xef][0xbf][0xbd][0xef][0xbf][0xbd][0xef][0xbf][0xbd][0x8]S[0xd2][0xb9]zU3[0xef][0xbf][0xbd]=[0x9]g[0xef][0xbf][0xbd][0xef][0xbf][0xbd]<R[0x1][0xc][0xef][0xbf][0xbd]]1[0xef][0xbf][0xbd][0xef][0xbf][0xbd]1[0xef][0xbf][0xbd][0xef][0xbf][0xbd][0xc]B[0xef][0xbf][0xbd]k[0xef][0xbf][0xbd][0xef][0xbf][0xbd][0xef][0xbf][0xbd] [0xe][0xef][0xbf][0xbd][0x7][0xef][0xbf][0xbd][0x11][0xef][0xbf][0xbd]14[\r][0xef][0xbf][0xbd]b[0xef][0xbf][0xbd]t[0xef][0xbf][0xbd][0x3][0x12][0xef][0xbf][0xbd][0xef][0xbf][0xbd]{?[0xef][0xbf][0xbd]TG[0xef][0xbf][0xbd]R[0xef][0xbf][0xbd]C[0xef][0xbf][0xbd][0xef][0xbf][0xbd]o[0xef][0xbf][0xbd][0xef][0xbf][0xbd][0xef][0xbf][0xbd],[0x9]:[0xef][0xbf][0xbd][0xef][0xbf][0xbd]rw,[0x0][0xef][0xbf][0xbd][0xef][0xbf][0xbd][0x4][0x2][0x4][0xef][0xbf][0xbd]U[0xef][0xbf][0xbd][0x5]S[0xef][0xbf][0xbd][0xef][0xbf][0xbd]Y[0xef][0xbf][0xbd][0xef][0xbf][0xbd]\[0xef][0xbf][0xbd]1A`[0xef][0xbf][0xbd][0xef][0xbf][0xbd]2NL[0xef][0xbf][0xbd]q[0xef][0xbf][0xbd]1DW[0x3][0xef][0xbf][0xbd][0xef][0xbf][0xbd](5[0xef][0xbf][0xbd][0x18][0x1c][0xef][0xbf][0xbd][0xef][0xbf][0xbd]^[0xef][0xbf][0xbd]^[0xef][0xbf][0xbd][0xc]#5}[0xef][0xbf][0xbd][0xef][0xbf][0xbd][0xef][0xbf][0xbd][0xef][0xbf][0xbd][0xef][0xbf][0xbd][0xef][0xbf][0xbd][0xef][0xbf][0xbd][0x4]$[0xd7][0x83][0xef][0xbf][0xbd]8so[0xef][0xbf][0xbd][0xef][0xbf][0xbd]+[0xef][0xbf][0xbd][0xef][0xbf][0xbd]S[0xef][0xbf][0xbd]9[0xef][0xbf][0xbd][0xef][0xbf][0xbd][0xef][0xbf][0xbd][0x2][0xef][0xbf][0xbd];[0xef][0xbf][0xbd]L[[0xef][0xbf][0xbd]w[0x18]7[0x1f]7y[0xef][0xbf][0xbd][0xd6][0xaf][0xef][0xbf][0xbd][0xef][0xbf][0xbd][0xce][0x83]q[0xd8][0x95][0xef][0xbf][0xbd][0xef][0xbf][0xbd]lA6[0xef][0xbf][0xbd][0x11]ff[0xb]`M[0xef][0xbf][0xbd] G[0xcd][0x84][0xef][0xbf][0xbd][0xef][0xbf][0xbd][0xef][0xbf][0xbd][0xda][0x9f][0xef][0xbf][0xbd][0xcf][0xbe][0xef][0xbf][0xbd][0xef][0xbf][0xbd][0xef][0xbf][0xbd]W_[0xc3][0xad][0xef][0xbf][0xbd][0xef][0xbf][0xbd][0xef][0xbf][0xbd][0x1][0xef][0xbf][0xbd]'[0xef][0xbf][0xbd][0xef][0xbf][0xbd][0xcb][0xbf]z[0xef][0xbf][0xbd][0xef][0xbf][0xbd]~[0xef][0xbf][0xbd][0x10]p[0xef][0xbf][0xbd]S[0x1e][0xef][0xbf][0xbd],[0xef][0xbf][0xbd]X[0xef][0xbf][0xbd]fP[0x7]6:$[0xef][0xbf][0xbd][0xef][0xbf][0xbd][0xef][0xbf][0xbd][0xef][0xbf][0xbd][0x12][0xef][0xbf][0xbd][0xdb][0x9e]a@[0x18][0x6]DB[0xef][0xbf][0xbd][0xef][0xbf][0xbd][0xcf][0x8a][0xef][0xbf][0xbd][0x1][0xef][0xbf][0xbd][0xef][0xbf][0xbd]7.H[0xef][0xbf][0xbd]G[0xef][0xbf][0xbd]_[0xef][0xbf][0xbd]=[0xef][0xbf][0xbd][0xcc][0xaa],[0xef][0xbf][0xbd][0x1][0xef][0xbf][0xbd][0xef][0xbf][0xbd][0xf]6uDm[0xef][0xbf][0xbd][0xef][0xbf][0xbd]K[0xef][0xbf][0xbd]T&[0xef][0xbf][0xbd]r.[0xef][0xbf][0xbd][0xef][0xbf][0xbd][0xef][0xbf][0xbd][0xef][0xbf][0xbd]g[0xef][0xbf][0xbd]s[0xef][0xbf][0xbd][0x9]ho[0xef][0xbf][0xbd][0x14]Ni[0x9]v[0xef][0xbf][0xbd][0xef][0xbf][0xbd][0xef][0xbf][0xbd]i[0xef][0xbf][0xbd][0xef][0xbf][0xbd][[0xef][0xbf][0xbd]>[0x3]i[0xef][0xbf][0xbd]+[0xef][0xbf][0xbd]F[0xcc][0x90][0xef][0xbf][0xbd]-[0xdd][0x93]~[0x12]C[0x6][0x3][0xef][0xbf][0xbd]'([0xc][0xef][0xbf][0xbd][0xe][0xef][0xbf][0xbd][0xef][0xbf][0xbd][0xef][0xbf][0xbd]&[\r][0xef][0xbf][0xbd][0xcb][0x82][0xef][0xbf][0xbd][0x1e][\n]"
07:56:30.797 [main] DEBUG org.apache.http.wire -  >> "[0x13][0xef][0xbf][0xbd]8F[0xef][0xbf][0xbd][0xef][0xbf][0xbd]m[0xef][0xbf][0xbd]~[0x17]{[0xb][0xef][0xbf][0xbd]7*[0xef][0xbf][0xbd]>&R[0xef][0xbf][0xbd][0xef][0xbf][0xbd][0x15] G?[0xef][0xbf][0xbd][0xef][0xbf][0xbd][0xef][0xbf][0xbd]L8[0xef][0xbf][0xbd][0xef][0xbf][0xbd][0xef][0xbf][0xbd]w>[0xef][0xbf][0xbd]zE{[0x13][0xef][0xbf][0xbd][0x17][0xef][0xbf][0xbd][%[0xef][0xbf][0xbd]*S[0xef][0xbf][0xbd]WVz[0x10][0x8]9[0xef][0xbf][0xbd]ljx[0xc])[0xef][0xbf][0xbd]tQ[0xef][0xbf][0xbd][0xee][0xb2][0xa5][0xef][0xbf][0xbd]W[0xef][0xbf][0xbd][0xb][\r][0xef][0xbf][0xbd][0xef][0xbf][0xbd][0xef][0xbf][0xbd]`[0xef][0xbf][0xbd][0x0][0xef][0xbf][0xbd]=[0x1b][0xef][0xbf][0xbd]][0xef][0xbf][0xbd][0xef][0xbf][0xbd][0xef][0xbf][0xbd]n[0xef][0xbf][0xbd][0xef][0xbf][0xbd][0xc2][0x8c][0xef][0xbf][0xbd][0x0]oW[0xef][0xbf][0xbd]{[0xef][0xbf][0xbd]r[0x1][0x1c][0x18]k[0xef][0xbf][0xbd]$J[0x19]XI[0xef][0xbf][0xbd]Zq[0xef][0xbf][0xbd]Yv[0xef][0xbf][0xbd]G9[0xef][0xbf][0xbd][0xef][0xbf][0xbd],[0xf][0xef][0xbf][0xbd]{[0xe]sa[0x8][0x9][0xef][0xbf][0xbd]([0xef][0xbf][0xbd]V[0x16]VZ[0xef][0xbf][0xbd]^[0xef][0xbf][0xbd][0x14][0xef][0xbf][0xbd];[0xef][0xbf][0xbd]_[0xef][0xbf][0xbd];[0xef][0xbf][0xbd][0xef][0xbf][0xbd]L[0xef][0xbf][0xbd][0xef][0xbf][0xbd][0xef][0xbf][0xbd]y,[0xd5][0xb9]g[0x12]:[0xef][0xbf][0xbd][0x7]E[0xef][0xbf][0xbd][0xef][0xbf][0xbd][0xef][0xbf][0xbd][0x1f][0xef][0xbf][0xbd][0xdd][0xbc][0xef][0xbf][0xbd][0xef][0xbf][0xbd]_x[0xef][0xbf][0xbd][0xef][0xbf][0xbd][0xef][0xbf][0xbd]i[0x1d]?h[0x9]|[0x0][0xef][0xbf][0xbd][0xef][0xbf][0xbd][0xef][0xbf][0xbd]{[0xef][0xbf][0xbd]xY[0xef][0xbf][0xbd]U[0xef][0xbf][0xbd][0xef][0xbf][0xbd]Q[0x0][0x18][0xef][0xbf][0xbd]e[0xef][0xbf][0xbd][0xef][0xbf][0xbd]v[0xef][0xbf][0xbd]"[0xef][0xbf][0xbd]U[0x1f]5[0xef][0xbf][0xbd]1[0xef][0xbf][0xbd][0xef][0xbf][0xbd][0xef][0xbf][0xbd]b[0xef][0xbf][0xbd][0xef][0xbf][0xbd]([0xef][0xbf][0xbd][0xef][0xbf][0xbd][0xef][0xbf][0xbd]4x[0x18]Z p$[0xef][0xbf][0xbd][0xef][0xbf][0xbd][0xef][0xbf][0xbd][0xef][0xbf][0xbd][0xef][0xbf][0xbd]CP[0xef][0xbf][0xbd][0x4][0xef][0xbf][0xbd][0xef][0xbf][0xbd][0x1d][0xef][0xbf][0xbd][0xef][0xbf][0xbd][0xef][0xbf][0xbd][0xef][0xbf][0xbd]Pm[0xef][0xbf][0xbd][0xef][0xbf][0xbd]5[0x16][0xef][0xbf][0xbd]`[0x19]C[0xef][0xbf][0xbd]E\~[0xef][0xbf][0xbd][0x12]yu[0xef][0xbf][0xbd]U[0xef][0xbf][0xbd][0x3][0xef][0xbf][0xbd]S4[0x5]z[0x1d][0xef][0xbf][0xbd][0xd9][0xbf][0xef][0xbf][0xbd][0xef][0xbf][0xbd][0xef][0xbf][0xbd][0xef][0xbf][0xbd][0xef][0xbf][0xbd][0xd6][0x98][0xef][0xbf][0xbd]1[0xef][0xbf][0xbd][0x0]2O[0xef][0xbf][0xbd]P[0x16][0x1f][0xef][0xbf][0xbd][e[0xef][0xbf][0xbd][0xef][0xbf][0xbd][0xe][0xef][0xbf][0xbd][0xcb][0xa1]_[0xef][0xbf][0xbd]2[0xef][0xbf][0xbd],[0xef][0xbf][0xbd]d[0xef][0xbf][0xbd]9LB[0x3]B[0xef][0xbf][0xbd][0x1c]B%[0x14][0xef][0xbf][0xbd][0xc9][0xa5][0xef][0xbf][0xbd]-S[0xef][0xbf][0xbd]D[0xef][0xbf][0xbd][0xe][0xef][0xbf][0xbd]"Z[0xef][0xbf][0xbd][0x11][0xef][0xbf][0xbd][0xc2][0x93][0x2][0xef][0xbf][0xbd][0xef][0xbf][0xbd]D[0xef][0xbf][0xbd]3q[0x19]n[0xef][0xbf][0xbd][0x19][0x16][0xef][0xbf][0xbd][0x1c][0xef][0xbf][0xbd]U[0xef][0xbf][0xbd]@[0xcb][0xa5][0xef][0xbf][0xbd]l[0x1e]X+[0xef][0xbf][0xbd][0xef][0xbf][0xbd][0x13]1[0xef][0xbf][0xbd][0xef][0xbf][0xbd][0xef][0xbf][0xbd][0x1b][0xef][0xbf][0xbd][0x0][0xef][0xbf][0xbd][0xef][0xbf][0xbd]Gv[0x1f]2[0xef][0xbf][0xbd][0x16][0xef][0xbf][0xbd][0x19][0xef][0xbf][0xbd][f[0xef][0xbf][0xbd][0xef][0xbf][0xbd][0xef][0xbf][0xbd]=[0xef][0xbf][0xbd]e[0xef][0xbf][0xbd].[0x1d]H}[0xef][0xbf][0xbd][0xef][0xbf][0xbd]B[0xef][0xbf][0xbd]O[0xef][0xbf][0xbd][0xef][0xbf][0xbd]h{bd*[0xef][0xbf][0xbd][0x1c][0xef][0xbf][0xbd][0x5][0xef][0xbf][0xbd]St,3[0xef][0xbf][0xbd][0xd9][0xa4][0xef][0xbf][0xbd][0xef][0xbf][0xbd][0xef][0xbf][0xbd][0xc]a[0xef][0xbf][0xbd]Ug[\n]"
07:56:30.798 [main] DEBUG org.apache.http.wire -  >> "[0xef][0xbf][0xbd][0xef][0xbf][0xbd][0xef][0xbf][0xbd]r[0xef][0xbf][0xbd]G[0xef][0xbf][0xbd][0xef][0xbf][0xbd][0xef][0xbf][0xbd][0xef][0xbf][0xbd]e[0xef][0xbf][0xbd]F[0xeb][0xb9][0x9b][0xef][0xbf][0xbd]U}h[0xef][0xbf][0xbd]G[0xef][0xbf][0xbd][0xe][0xef][0xbf][0xbd]k[0xef][0xbf][0xbd][0xef][0xbf][0xbd]-[0x7][0xef][0xbf][0xbd][0xef][0xbf][0xbd][0x15][[0xef][0xbf][0xbd]Y[0x5][0xef][0xbf][0xbd][\r][0xef][0xbf][0xbd][0xd3][0xbf]0)[0xef][0xbf][0xbd]*{~[0x18][0xef][0xbf][0xbd][0xef][0xbf][0xbd][0xef][0xbf][0xbd][0xef][0xbf][0xbd][0xd9][0xaf][0xef][0xbf][0xbd]?[0xef][0xbf][0xbd]~[0x6][0xef][0xbf][0xbd][0xef][0xbf][0xbd][0x3][0xef][0xbf][0xbd][0xf][0xef][0xbf][0xbd]#[0xef][0xbf][0xbd][0xef][0xbf][0xbd]}[0xef][0xbf][0xbd]s4[0xef][0xbf][0xbd][0xef][0xbf][0xbd][0xef][0xbf][0xbd][0xef][0xbf][0xbd][0xef][0xbf][0xbd]&P[0xef][0xbf][0xbd][0xef][0xbf][0xbd]s^[0xef][0xbf][0xbd]c@e0[0xef][0xbf][0xbd]f[0xef][0xbf][0xbd][0xef][0xbf][0xbd]B[0xef][0xbf][0xbd][0xef][0xbf][0xbd][0x14][0xef][0xbf][0xbd][0xef][0xbf][0xbd][0xef][0xbf][0xbd][0xef][0xbf][0xbd]W[0xef][0xbf][0xbd][0x1d]7[0xef][0xbf][0xbd][0x1e]D[0x12]@[0x1a]B[0xef][0xbf][0xbd]gZ[0xef][0xbf][0xbd][0xef][0xbf][0xbd][0x10][0xef][0xbf][0xbd][0xef][0xbf][0xbd][0xef][0xbf][0xbd][0xef][0xbf][0xbd][0xef][0xbf][0xbd],[0xef][0xbf][0xbd][0x1a]U#O[0xef][0xbf][0xbd][0xef][0xbf][0xbd]NL[0xef][0xbf][0xbd]Fzz[0xef][0xbf][0xbd][0xef][0xbf][0xbd]&[0x1a]O[0xef][0xbf][0xbd]D[0xef][0xbf][0xbd][0xef][0xbf][0xbd]a+-Y[0xda][0x95] ,[0xef][0xbf][0xbd]4[0x4][0xef][0xbf][0xbd][0x1d][0xdf][0xa2][0xef][0xbf][0xbd][0xef][0xbf][0xbd][0xef][0xbf][0xbd][0xef][0xbf][0xbd][0xef][0xbf][0xbd][0xef][0xbf][0xbd]l[0xef][0xbf][0xbd][0xef][0xbf][0xbd][0xe]9[0x19][0xef][0xbf][0xbd]-[0xef][0xbf][0xbd][0xef][0xbf][0xbd][0xef][0xbf][0xbd]<[0xef][0xbf][0xbd][0xef][0xbf][0xbd][0xef][0xbf][0xbd][0xef][0xbf][0xbd][0xef][0xbf][0xbd][0xef][0xbf][0xbd]T[0xef][0xbf][0xbd][0xef][0xbf][0xbd][0xef][0xbf][0xbd][0xef][0xbf][0xbd])[0xef][0xbf][0xbd][0x1c][0xef][0xbf][0xbd][0xc][0x5][0xef][0xbf][0xbd][0x18][[0xcb][0x80][0xef][0xbf][0xbd]!3Mg[0xef][0xbf][0xbd][0xef][0xbf][0xbd](y![\r]-[0xef][0xbf][0xbd][0xef][0xbf][0xbd][0xef][0xbf][0xbd][0xef][0xbf][0xbd]L[0xef][0xbf][0xbd]9h8[0xc][0x19]W%[0xef][0xbf][0xbd][0xef][0xbf][0xbd][0x9]y[0xef][0xbf][0xbd]l[0xcb][0x92][0x2]Z[0xef][0xbf][0xbd]L|[0xef][0xbf][0xbd][0xef][0xbf][0xbd][0xef][0xbf][0xbd]G[0xe][0xef][0xbf][0xbd][0xef][0xbf][0xbd][0xef][0xbf][0xbd][0x1e][0xef][0xbf][0xbd][0x17][0xef][0xbf][0xbd]v[0xef][0xbf][0xbd]4$m[0xef][0xbf][0xbd][0xef][0xbf][0xbd]&[0xd5][0x80]G[0xc2][0x89]U[0xef][0xbf][0xbd][0xef][0xbf][0xbd][0x5][0xef][0xbf][0xbd][0x5]W[0xef][0xbf][0xbd]&-[0xef][0xbf][0xbd][0x4][0xef][0xbf][0xbd][0xb][0x18][0x1f][0xef][0xbf][0xbd][0xef][0xbf][0xbd][0xef][0xbf][0xbd]y[0xef][0xbf][0xbd]<[0xef][0xbf][0xbd][0xef][0xbf][0xbd][0xc]@[0xef][0xbf][0xbd]3\?[0x17]U[0xef][0xbf][0xbd][0xef][0xbf][0xbd][0xef][0xbf][0xbd]W[0x1c]JP[0xef][0xbf][0xbd][0xef][0xbf][0xbd][0xef][0xbf][0xbd]2[0xef][0xbf][0xbd]${[0xef][0xbf][0xbd][0xef][0xbf][0xbd][0xef][0xbf][0xbd]r[0x14]8[0xef][0xbf][0xbd]R [0x16][0x10] [0xef][0xbf][0xbd]Q%[0xef][0xbf][0xbd][0xef][0xbf][0xbd]q[0xef][0xbf][0xbd][0xef][0xbf][0xbd]K"[0xef][0xbf][0xbd][0xef][0xbf][0xbd]1b[0xef][0xbf][0xbd][0xef][0xbf][0xbd]R [0x16]t[0x1d][0xef][0xbf][0xbd]y[0xef][0xbf][0xbd][0xef][0xbf][0xbd]a@ V[0xef][0xbf][0xbd]Q[0xef][0xbf][0xbd]}[0xef][0xbf][0xbd]m[0xef][0xbf][0xbd][0x15][0xef][0xbf][0xbd][0xef][0xbf][0xbd][0x1d][0xef][0xbf][0xbd]?[0xef][0xbf][0xbd][0xef][0xbf][0xbd][0xef][0xbf][0xbd]a$6 [0x9][0xef][0xbf][0xbd][0xef][0xbf][0xbd][0xc][0xef][0xbf][0xbd]w[0xe7][0xbf][0x9f][0xef][0xbf][0xbd][0xef][0xbf][0xbd][0xef][0xbf][0xbd][0xf]_[0x2][0xef][0xbf][0xbd]s[0xef][0xbf][0xbd][0xef][0xbf][0xbd][0xef][0xbf][0xbd][0xef][0xbf][0xbd][0xef][0xbf][0xbd][0xef][0xbf][0xbd][0xef][0xbf][0xbd]f@^[0xde][0xa5]6[0xef][0xbf][0xbd]V\_[0xef][0xbf][0xbd][0xef][0xbf][0xbd]y[0x18][0xef][0xbf][0xbd])[0xef][0xbf][0xbd][0xef][0xbf][0xbd]p[0xb][0x17]Zi[0xef][0xbf][0xbd][0xef][0xbf][0xbd]_[0x14]O[0x1b][0xef][0xbf][0xbd][0xef][0xbf][0xbd][0xef][0xbf][0xbd][0xef][0xbf][0xbd][0xef][0xbf][0xbd]j[0xd2][0xae][0xef][0xbf][0xbd]KV[0xef][0xbf][0xbd]4[0xef][0xbf][0xbd][0xef][0xbf][0xbd][0xef][0xbf][0xbd]/@^[0xc7][0xbc][0xef][0xbf][0xbd][0x4][0x10][0x19][0xef][0xbf][0xbd][0xef][0xbf][0xbd]![0xef][0xbf][0xbd][0xef][0xbf][0xbd][0xef][0xbf][0xbd][0xef][0xbf][0xbd][0x6][0xef][0xbf][0xbd]G&k[0xef][0xbf][0xbd][0xef][0xbf][0xbd][0x8][0xef][0xbf][0xbd]6$[0x1f][0x1b][0xef][0xbf][0xbd]`[0xef][0xbf][0xbd]x[0xef][0xbf][0xbd][0xef][0xbf][0xbd][0xef][0xbf][0xbd]g[0xef][0xbf][0xbd]S[0xef][0xbf][0xbd][0xef][0xbf][0xbd][0xef][0xbf][0xbd]Vm_[0xef][0xbf][0xbd]>y[0xef][0xbf][0xbd][0xef][0xbf][0xbd][0xef][0xbf][0xbd][0xef][0xbf][0xbd]h[~[0xef][0xbf][0xbd]bi?fxw[0xef][0xbf][0xbd][0x13][0xc][0xef][0xbf][0xbd][0xef][0xbf][0xbd][0xc][0xef][0xbf][0xbd]V#[0xef][0xbf][0xbd][0xef][0xbf][0xbd][0xef][0xbf][0xbd][0xef][0xbf][0xbd]\[0xe4][0x9a][0xac][0xef][0xbf][0xbd]g[0xef][0xbf][0xbd][0xef][0xbf][0xbd];[0xef][0xbf][0xbd][0xe2][0xb5][0xa9][0xef][0xbf][0xbd][0xef][0xbf][0xbd]j[0xef][0xbf][0xbd][0xef][0xbf][0xbd]o[0xef][0xbf][0xbd][0xef][0xbf][0xbd]/e[0x1];[0x18][0xef][0xbf][0xbd]i[0xef][0xbf][0xbd][0xef][0xbf][0xbd]l[0xef][0xbf][0xbd]Y5r[0xef][0xbf][0xbd]][0xef][0xbf][0xbd]S[0xef][0xbf][0xbd]>[0xc6][0xb2][0xef][0xbf][0xbd]Y[0xef][0xbf][0xbd][0xef][0xbf][0xbd]t0\[0xef][0xbf][0xbd][0xef][0xbf][0xbd]"
07:56:30.798 [main] DEBUG org.apache.http.wire -  >> "z)[0x19][0xef][0xbf][0xbd]g[0xef][0xbf][0xbd][0x1d];{hcZ;L6\n[0xef][0xbf][0xbd][{[0xef][0xbf][0xbd]&Y[0x7]=[0xef][0xbf][0xbd]C[0xef][0xbf][0xbd]U[0xef][0xbf][0xbd][0xef][0xbf][0xbd][0xef][0xbf][0xbd][0xef][0xbf][0xbd]R_^[0xef][0xbf][0xbd]a[0xef][0xbf][0xbd]5[0x13][0xef][0xbf][0xbd][0xef][0xbf][0xbd]o[0xef][0xbf][0xbd]Xd[0xef][0xbf][0xbd]+[0x2][0x4][0xef][0xbf][0xbd]Q[0xef][0xbf][0xbd][0x1b][0xef][0xbf][0xbd][0xef][0xbf][0xbd][0x1c]l[0x3][0xef][0xbf][0xbd][0xef][0xbf][0xbd][0xef][0xbf][0xbd]I,[0xef][0xbf][0xbd]pM[0xef][0xbf][0xbd] [0xef][0xbf][0xbd][0x18][0xef][0xbf][0xbd][0x3][0xef][0xbf][0xbd][0xef][0xbf][0xbd]B[0xef][0xbf][0xbd]f6[0xef][0xbf][0xbd][0xef][0xbf][0xbd][0x5][0xef][0xbf][0xbd][0xb][0xef][0xbf][0xbd]X[0xef][0xbf][0xbd]k[0xf][0xef][0xbf][0xbd][0xef][0xbf][0xbd][0xef][0xbf][0xbd][0x9]v[0x11][0xef][0xbf][0xbd]w[0xef][0xbf][0xbd][0xef][0xbf][0xbd]W"[0xef][0xbf][0xbd]u[0xef][0xbf][0xbd]^'[0xef][0xbf][0xbd]d[0xef][0xbf][0xbd]n#[0xef][0xbf][0xbd][0xef][0xbf][0xbd]W[0xef][0xbf][0xbd]/[0xef][0xbf][0xbd]/<}K[0xef][0xbf][0xbd]x[0x7][0xef][0xbf][0xbd]}[0xef][0xbf][0xbd][0xef][0xbf][0xbd][0xef][0xbf][0xbd][0xef][0xbf][0xbd][0xef][0xbf][0xbd][0xcf][0xa3][0xef][0xbf][0xbd][0xef][0xbf][0xbd]0:[0xef][0xbf][0xbd]7E[0xef][0xbf][0xbd][0xef][0xbf][0xbd][0xef][0xbf][0xbd]6[0xef][0xbf][0xbd][0xef][0xbf][0xbd][0xef][0xbf][0xbd][0xef][0xbf][0xbd][0x10]g[0xef][0x99][0xb0][0x1d][0xef][0xbf][0xbd]*[0xef][0xbf][0xbd]o[0xef][0xbf][0xbd]{[0xef][0xbf][0xbd]p[0xef][0xbf][0xbd])# [0xef][0xbf][0xbd]~Mn[0x8]F[0xef][0xbf][0xbd][0x17][0xef][0xbf][0xbd][0xef][0xbf][0xbd][0x17]WZ;,n[0xef][0xbf][0xbd]?[0xef][0xbf][0xbd][0x5][0xef][0xbf][0xbd][0xef][0xbf][0xbd]Y2[0xef][0xbf][0xbd][0x10][0xef][0xbf][0xbd][0xef][0xbf][0xbd][0x9][0xef][0xbf][0xbd][0xf][0xef][0xbf][0xbd][0xef][0xbf][0xbd]`[0xef][0xbf][0xbd]`zS[0xef][0xbf][0xbd]Xo[0xef][0xbf][0xbd][0xef][0xbf][0xbd][0x5][0xef][0xbf][0xbd][0xef][0xbf][0xbd]+[0xef][0xbf][0xbd]mH*[0xef][0xbf][0xbd]8[0xef][0xbf][0xbd][0x1b]_[0xef][0xbf][0xbd]X[0xef][0xbf][0xbd][0xef][0xbf][0xbd][0xef][0xbf][0xbd][0xef][0xbf][0xbd][0x1d]nU[0xef][0xbf][0xbd][0xef][0xbf][0xbd][0xef][0xbf][0xbd][0xef][0xbf][0xbd][0xef][0xbf][0xbd][0xdb][0xb7][0xef][0xbf][0xbd]ZYP[0xb]A[0xef][0xbf][0xbd]9[0xef][0xbf][0xbd][0xef][0xbf][0xbd]#%\[0xef][0xbf][0xbd][0xef][0xbf][0xbd][0xef][0xbf][0xbd][0x1a]+[0x13][0xef][0xbf][0xbd][0xef][0xbf][0xbd][0x1f][0xef][0xbf][0xbd]l[0x4][0xef][0xbf][0xbd]pS[0x1a][\n]"
07:56:30.798 [main] DEBUG org.apache.http.wire -  >> "[0xef][0xbf][0xbd]r[0xef][0xbf][0xbd][0xef][0xbf][0xbd][0xef][0xbf][0xbd]-[0xef][0xbf][0xbd]__[0xef][0xbf][0xbd]BO[0xef][0xbf][0xbd][0xef][0xbf][0xbd][0xdc][0x9f][0xef][0xbf][0xbd]gZ[0xef][0xbf][0xbd]i[0xd3][0x94]|[0xef][0xbf][0xbd]K[0x8][0xef][0xbf][0xbd][0xef][0xbf][0xbd]X[0x18]`[0xef][0xbf][0xbd][0x6][\n]"
07:56:30.798 [main] DEBUG org.apache.http.wire -  >> "[0xef][0xbf][0xbd][0xef][0xbf][0xbd][0xef][0xbf][0xbd]0[0x8]Si[0xef][0xbf][0xbd][0xef][0xbf][0xbd][0xef][0xbf][0xbd][0xef][0xbf][0xbd]no[0xef][0xbf][0xbd][0x2][0x7][0xcb][0xbe][0xef][0xbf][0xbd][0xef][0xbf][0xbd][0xef][0xbf][0xbd][0xef][0xbf][0xbd][0xef][0xbf][0xbd]@[0x3][0xef][0xbf][0xbd][0xd3][0x9b][0x1c]yM[0x1f][0xe][0xe2][0x81][0xa3][0xef][0xbf][0xbd][0xef][0xbf][0xbd][0x6][0xef][0xbf][0xbd][0xef][0xbf][0xbd][0x3][0x10][0xef][0xbf][0xbd][0xef][0xbf][0xbd]S&^[0xef][0xbf][0xbd][0xef][0xbf][0xbd][0xef][0xbf][0xbd][0xef][0xbf][0xbd][0x1e][0xef][0xbf][0xbd][0xef][0xbf][0xbd][0xef][0xbf][0xbd]d[0x1d]rg[0x4][0xef][0xbf][0xbd][0xef][0xbf][0xbd][0xef][0xbf][0xbd][0xef][0xbf][0xbd][0xef][0xbf][0xbd][0xef][0xbf][0xbd]+t[0x14][0xef][0xbf][0xbd]![0xef][0xbf][0xbd]_y[0xef][0xbf][0xbd]R[0x3]F'k[0xef][0xbf][0xbd][0xef][0xbf][0xbd][0xef][0xbf][0xbd][0xef][0xbf][0xbd][0xef][0xbf][0xbd]?[0xef][0xbf][0xbd]G[0xd7][0xbd]2[0xef][0xbf][0xbd]%[0xef][0xbf][0xbd][0xef][0xbf][0xbd]]1[0xef][0xbf][0xbd][0xef][0xbf][0xbd]97&[0x3][0xef][0xbf][0xbd][0xc][0xef][0xbf][0xbd][0xef][0xbf][0xbd][0xc2][0x89][0xef][0xbf][0xbd][0x12]v,[0x16]c/s[0xef][0xbf][0xbd]/[0xef][0xbf][0xbd]w[0xef][0xbf][0xbd]o [0xef][0xbf][0xbd][0xef][0xbf][0xbd][0xef][0xbf][0xbd][0xef][0xbf][0xbd][\n]"
07:56:30.798 [main] DEBUG org.apache.http.wire -  >> "d[0xef][0xbf][0xbd][0xef][0xbf][0xbd][0x14][0x11]O[0xef][0xbf][0xbd];[0xef][0xbf][0xbd][0xef][0xbf][0xbd]1[0xef][0xbf][0xbd]Yg[0xef][0xbf][0xbd]I[0xef][0xbf][0xbd][0xef][0xbf][0xbd]ur[0xef][0xbf][0xbd]/[0xf]'[0xc][0xef][0xbf][0xbd][0xef][0xbf][0xbd]y[0xef][0xbf][0xbd][0xef][0xbf][0xbd]$[0x10] [0xef][0xbf][0xbd]h[0xdc][0x98][0xef][0xbf][0xbd][0x5]Ya[0x2]7S[0xd4][0x82][0xef][0xbf][0xbd][0xef][0xbf][0xbd]#[0x4][0xef][0xbf][0xbd]" [0xef][0xbf][0xbd][0x9][0x7]N[0xef][0xbf][0xbd][0xef][0xbf][0xbd][0xef][0xbf][0xbd][0xef][0xbf][0xbd][0xef][0xbf][0xbd]$$[0xef][0xbf][0xbd][0x1a][0xef][0xbf][0xbd][0xef][0xbf][0xbd]![0xef][0xbf][0xbd]*[0xef][0xbf][0xbd][0xef][0xbf][0xbd]}3[0xef][0xbf][0xbd][0xef][0xbf][0xbd][0xef][0xbf][0xbd][0xef][0xbf][0xbd]"[0xef][0xbf][0xbd][0x8][0xef][0xbf][0xbd][0xef][0xbf][0xbd]~C[0xef][0xbf][0xbd]K[0xef][0xbf][0xbd][0xef][0xbf][0xbd]H[0x13]U[0xef][0xbf][0xbd]2][0xef][0xbf][0xbd][0xef][0xbf][0xbd]}P[0xef][0xbf][0xbd]W[0xef][0xbf][0xbd][0xef][0xbf][0xbd]-[0xef][0xbf][0xbd]5[0xef][0xbf][0xbd]Y[0xef][0xbf][0xbd] [0xef][0xbf][0xbd][0xef][0xbf][0xbd]V[0x4][0xef][0xbf][0xbd][0xef][0xbf][0xbd]K[0x1c][0xef][0xbf][0xbd][0xef][0xbf][0xbd][0xef][0xbf][0xbd][0x6][0xef][0xbf][0xbd][0xef][0xbf][0xbd]G[0x1b][0x1c][\r][0xef][0xbf][0xbd][0xef][0xbf][0xbd]!P[0xef][0xbf][0xbd]R[0xef][0xbf][0xbd][0xcd][0xac][0xef][0xbf][0xbd][0xef][0xbf][0xbd])o[0xef][0xbf][0xbd][0x7][0xef][0xbf][0xbd][0xef][0xbf][0xbd]mH([0x18][0xef][0xbf][0xbd]L;[0xef][0xbf][0xbd]?[0x16][0xef][0xbf][0xbd]3ZUk\[#rY[0xb]X[0xef][0xbf][0xbd][0xb][0xef][0xbf][0xbd][0x2]E[0x3]n.W4}[0xef][0xbf][0xbd]`K[0xf]5[0xef][0xbf][0xbd][0x1f][0xc2][0xbe][0xef][0xbf][0xbd]d[0xe][0xef][0xbf][0xbd]b[0xef][0xbf][0xbd][0xef][0xbf][0xbd]}c[0xef][0xbf][0xbd][0x15]w[0xef][0xbf][0xbd][0xef][0xbf][0xbd][0xef][0xbf][0xbd][0xc5][0xa1]L[0xce][0x84][0xef][0xbf][0xbd]6+[0xef][0xbf][0xbd]yU[0xef][0xbf][0xbd]e[0xef][0xbf][0xbd][0xef][0xbf][0xbd]I4+][0xda][0xb4]yk[0xef][0xbf][0xbd][0x6]Z[0x4][0x16]0[0x17]&[0xf][0xef][0xbf][0xbd]8[0xef][0xbf][0xbd][g[0xef][0xbf][0xbd]W9[0xef][0xbf][0xbd]4[0xef][0xbf][0xbd]J[0xb]dy=[0xef][0xbf][0xbd][0x6]u[0xef][0xbf][0xbd][0xef][0xbf][0xbd][0xef][0xbf][0xbd][0xef][0xbf][0xbd][0xef][0xbf][0xbd][0xef][0xbf][0xbd][0xef][0xbf][0xbd][0xef][0xbf][0xbd][0xef][0xbf][0xbd]Z5[0xef][0xbf][0xbd][0xd6][0xb7][0x4][0xef][0xbf][0xbd]Z[0xef][0xbf][0xbd]1[0xef][0xbf][0xbd][0xda][0xbe][0x19]zy[0x4]-[0xef][0xbf][0xbd][0xef][0xbf][0xbd]?-[0xef][0xbf][0xbd];[0xef][0xbf][0xbd][0xef][0xbf][0xbd][0xef][0xbf][0xbd][0xc4][0x9c][0xef][0xbf][0xbd][0xef][0xbf][0xbd]f[0xef][0xbf][0xbd]w[0xef][0xbf][0xbd][0xef][0xbf][0xbd][0x17]^;[0xef][0xbf][0xbd]_|[0xe9][0x85][0xa7]_[0xef][0xbf][0xbd][0xef][0xbf][0xbd][0xef][0xbf][0xbd][0xef][0xbf][0xbd]r[0x1f][0xef][0xbf][0xbd]c[0xef][0xbf][0xbd][0xd3][0xbd][0xcf][0xb5][0x19]o[0xef][0xbf][0xbd]M[\n]"
07:56:30.798 [main] DEBUG org.apache.http.wire -  >> "8z[0x1f][0xef][0xbf][0xbd][0xef][0xbf][0xbd][0xef][0xbf][0xbd])8n[0xef][0xbf][0xbd][0x1c][0xef][0xbf][0xbd][0xef][0xbf][0xbd][0xef][0xbf][0xbd]L5[0xef][0xbf][0xbd][0xef][0xbf][0xbd][0x1][0xef][0xbf][0xbd][0x3][0x3][0x16][0xef][0xbf][0xbd][0xef][0xbf][0xbd][0xef][0xbf][0xbd])[0xef][0xbf][0xbd]8[0xef][0xbf][0xbd][0xef][0xbf][0xbd]&xJ[0xef][0xbf][0xbd])[0xef][0xbf][0xbd][0x18][0xef][0xbf][0xbd][0xef][0xbf][0xbd][0xef][0xbf][0xbd][0xe8][0xb3][0xb6]wc[0xef][0xbf][0xbd]2b[0xef][0xbf][0xbd]m[0xef][0xbf][0xbd][0xef][0xbf][0xbd][0xef][0xbf][0xbd][0xef][0xbf][0xbd]y[0xef][0xbf][0xbd]@[0xef][0xbf][0xbd][0xe8][0x90][0x9a]RD[0x1c]R[0xef][0xbf][0xbd]w[0xef][0xbf][0xbd][0x18][0xb][0x5][0xef][0xbf][0xbd][\r][0xef][0xbf][0xbd]a[0xef][0xbf][0xbd][0x6]W[0xef][0xbf][0xbd]k[\n]"
07:56:30.798 [main] DEBUG org.apache.http.wire -  >> "r[0xef][0xbf][0xbd]_g[0xf][0xef][0xbf][0xbd]bc[0xef][0xbf][0xbd][0x6][0xef][0xbf][0xbd][0xc9][0xb3]O[0xef][0xbf][0xbd][0xef][0xbf][0xbd][0xef][0xbf][0xbd][0xef][0xbf][0xbd][0xef][0xbf][0xbd]0[0xef][0xbf][0xbd][0xef][0xbf][0xbd][0xdd][0x92]3y[0xef][0xbf][0xbd][0xef][0xbf][0xbd]S[0xef][0xbf][0xbd][0xef][0xbf][0xbd][0x1d]%[0xef][0xbf][0xbd][0x18]m+[0xef][0xbf][0xbd],[0xef][0xbf][0xbd][0x4][0xef][0xbf][0xbd][0xef][0xbf][0xbd]B`[0xef][0xbf][0xbd][0xef][0xbf][0xbd]I[0x19][0x1d]rnR[0xef][0xbf][0xbd][0x1a][0xef][0xbf][0xbd]C[0x1a][0xef][0xbf][0xbd][0x16][0xef][0xbf][0xbd]I[0xef][0xbf][0xbd][0xef][0xbf][0xbd][[0xef][0xbf][0xbd][0xef][0xbf][0xbd],[0x1f][0xef][0xbf][0xbd][0xef][0xbf][0xbd]?b*[0xef][0xbf][0xbd]h^[0xef][0xbf][0xbd]m[0xef][0xbf][0xbd]K[0xef][0xbf][0xbd][0xef][0xbf][0xbd]Q[0xef][0xbf][0xbd][0x6][0xef][0xbf][0xbd]>[0xef][0xbf][0xbd]U[0x2][0x19][0xef][0xbf][0xbd][0xef][0xbf][0xbd][0xef][0xbf][0xbd]8g[0xb]f[0xef][0xbf][0xbd][0xef][0xbf][0xbd][0xef][0xbf][0xbd][0x6]m[0xef][0xbf][0xbd]=[0xef][0xbf][0xbd][0x1c][0xef][0xbf][0xbd]<4[0x1c]w[0xef][0xbf][0xbd]x[0x1c]q}[0xef][0xbf][0xbd]f[0xef][0xbf][0xbd][0xef][0xbf][0xbd]N[0xef][0xbf][0xbd][0xef][0xbf][0xbd][0x1b]=[0xef][0xbf][0xbd]+E[0xdb][0x93][0x1f][0x10][0xef][0xbf][0xbd]{[0xef][0xbf][0xbd][0xef][0xbf][0xbd]C[0xef][0xbf][0xbd][0xb][0xef][0xbf][0xbd]V[0x9]B[0xef][0xbf][0xbd]P[0xef][0xbf][0xbd][0xef][0xbf][0xbd][0xef][0xbf][0xbd]6[0xef][0xbf][0xbd]>[0xef][0xbf][0xbd][0xef][0xbf][0xbd]k9[0xef][0xbf][0xbd][0xef][0xbf][0xbd]9&3[0x1c][0xef][0xbf][0xbd][0xef][0xbf][0xbd][0xef][0xbf][0xbd]^[0xef][0xbf][0xbd]F[0xef][0xbf][0xbd]Y[0xd7][0x95][0xef][0xbf][0xbd]?a[0xef][0xbf][0xbd][0xcb][0xb7][0xdb][0x98][0xef][0xbf][0xbd][0xef][0xbf][0xbd]L[0xef][0xbf][0xbd][0xef][0xbf][0xbd][0xef][0xbf][0xbd]t5[0xef][0xbf][0xbd]m0*[0xef][0xbf][0xbd][0xef][0xbf][0xbd][0xef][0xbf][0xbd][0xef][0xbf][0xbd][0x2]"[0xef][0xbf][0xbd][0xc6][0x82][0xef][0xbf][0xbd]a[0xef][0xbf][0xbd]w[0xef][0xbf][0xbd]}[0xef][0xbf][0xbd][0x5][0xef][0xbf][0xbd]pMp[0xef][0xbf][0xbd][0xef][0xbf][0xbd][0xef][0xbf][0xbd]wn[0xef][0xbf][0xbd]w[0xef][0xbf][0xbd][0xef][0xbf][0xbd]o[0x1e]Y=[0xef][0xbf][0xbd]>[0x1f]\^[0xef][0xbf][0xbd]b[0xef][0xbf][0xbd]R=K[0xef][0xbf][0xbd][0xef][0xbf][0xbd][0xef][0xbf][0xbd]Q[0x16][0xef][0xbf][0xbd])[0xef][0xbf][0xbd][0xef][0xbf][0xbd][0xef][0xbf][0xbd]W[0xc][0xf][0xef][0xbf][0xbd][0x1c][0xc2][0x9c][0xc][0xef][0xbf][0xbd][0xd9][0xbd]![0xef][0xbf][0xbd][0xef][0xbf][0xbd][0xef][0xbf][0xbd]`}[0x4]x[0xef][0xbf][0xbd]Cs#[0xef][0xbf][0xbd][0xef][0xbf][0xbd]1[0x7][0xef][0xbf][0xbd][0xef][0xbf][0xbd][0xef][0xbf][0xbd]9[0xef][0xbf][0xbd]J[0xef][0xbf][0xbd]7[0xef][0xbf][0xbd]][0xef][0xbf][0xbd]o[0xef][0xbf][0xbd][0xef][0xbf][0xbd]h[0xef][0xbf][0xbd][0xef][0xbf][0xbd][0x8],[0xef][0xbf][0xbd][0x7]d'[0x1c][0xef][0xbf][0xbd]p[0xef][0xbf][0xbd][0xef][0xbf][0xbd]`[0xef][0xbf][0xbd][0xef][0xbf][0xbd][0xef][0xbf][0xbd]k[0xef][0xbf][0xbd][0xef][0xbf][0xbd][0xef][0xbf][0xbd]U[0xef][0xbf][0xbd][0xe]S[0x19][0xef][0xbf][0xbd][0xef][0xbf][0xbd][0xef][0xbf][0xbd]x[0xef][0xbf][0xbd]E[0xef][0xbf][0xbd][0xef][0xbf][0xbd][0x2]|9[0xef][0xbf][0xbd]m[0x7]`c[0x1f]H[0xef][0xbf][0xbd]AyU"J[\r]x[0xef][0xbf][0xbd][0xef][0xbf][0xbd][0x13][0xef][0xbf][0xbd]z[0xd5][0x9c][0x12]^"D[0x1b]]#[0xef][0xbf][0xbd][0xef][0xbf][0xbd]s^g[0xef][0xbf][0xbd]{+e[0xef][0xbf][0xbd]e[0xef][0xbf][0xbd][0xef][0xbf][0xbd]?[0xef][0xbf][0xbd][0xef][0xbf][0xbd][0x9]x[0xef][0xbf][0xbd][0xef][0xbf][0xbd][0x0]+[0xef][0xbf][0xbd][0xef][0xbf][0xbd][0xe2][0x8e][0xaf][0xef][0xbf][0xbd]yH[0xef][0xbf][0xbd][0xef][0xbf][0xbd][0xef][0xbf][0xbd]F[0xef][0xbf][0xbd]1PpH}[0x19][0xef][0xbf][0xbd][0xef][0xbf][0xbd]?[0xef][0xbf][0xbd][0xef][0xbf][0xbd][0xef][0xbf][0xbd],[0xef][0xbf][0xbd][0xef][0xbf][0xbd]|[0x7][0xc5][0xa9][0xef][0xbf][0xbd]l[0xef][0xbf][0xbd]-[0xef][0xbf][0xbd],~.[0xef][0xbf][0xbd]11[0xef][0xbf][0xbd]u,[0xef][0xbf][0xbd]"[0xef][0xbf][0xbd][0x5]+[0xc7][0xb2][0xef][0xbf][0xbd][\r][0x1][0xef][0xbf][0xbd][0xef][0xbf][0xbd][0xef][0xbf][0xbd][0xef][0xbf][0xbd]G)[0xef][0xbf][0xbd][0xef][0xbf][0xbd];[0xef][0xbf][0xbd][0xef][0xbf][0xbd]*[0xef][0xbf][0xbd][0xef][0xbf][0xbd][0xef][0xbf][0xbd][0xef][0xbf][0xbd]N[0xef][0xbf][0xbd]p[0xef][0xbf][0xbd][0xef][0xbf][0xbd][0x9]1[0xef][0xbf][0xbd][0xd2][0xaf][0xef][0xbf][0xbd][0xef][0xbf][0xbd][0xef][0xbf][0xbd][0x1e][0xef][0xbf][0xbd]0[0x1e][0x3].5[0xef][0xbf][0xbd][0xef][0xbf][0xbd][0xef][0xbf][0xbd]e[0x1e][0xef][0xbf][0xbd][0xef][0xbf][0xbd][0x1]B[0xef][0xbf][0xbd][[0x1b][0xef][0xbf][0xbd][0xef][0xbf][0xbd][0xef][0xbf][0xbd]d$[0xef][0xbf][0xbd][0x13][0xef][0xbf][0xbd][0xef][0xbf][0xbd][0xef][0xbf][0xbd][0x5][0xef][0xbf][0xbd][0xef][0xbf][0xbd]}[0xef][0xbf][0xbd]e[0x1c]Aj[0xd4][0x84][0xd6][0x9b][0xef][0xbf][0xbd][0xca][0x8e][0xef][0xbf][0xbd][0xef][0xbf][0xbd]e=+[0xef][0xbf][0xbd]o[0xef][0xbf][0xbd][0xe5][0x99][0x89]7[0x10]{[0xef][0xbf][0xbd][0xef][0xbf][0xbd][0xef][0xbf][0xbd]G-[0xef][0xbf][0xbd]N[0xef][0xbf][0xbd][0xef][0xbf][0xbd]C4[\n]"
07:56:30.798 [main] DEBUG org.apache.http.wire -  >> "[0xef][0xbf][0xbd][0x3][0xef][0xbf][0xbd]*[0xef][0xbf][0xbd][0xef][0xbf][0xbd][0xef][0xbf][0xbd]J[0x13][0xcc][0x9e][0xef][0xbf][0xbd][0xc]JNG[0xef][0xbf][0xbd]Im[0xef][0xbf][0xbd][0x1b][0xef][0xbf][0xbd]3[0xf][0xef][0xbf][0xbd][0xef][0xbf][0xbd]/;[0xef][0xbf][0xbd].D[0xef][0xbf][0xbd][0xef][0xbf][0xbd][0xd4][0x9f](4[0x10][0x3][0xef][0xbf][0xbd][0xef][0xbf][0xbd][0x9],[0x8][0x0][0xef][0xbf][0xbd][0xef][0xbf][0xbd][0xef][0xbf][0xbd][0xef][0xbf][0xbd][0xef][0xbf][0xbd][0xef][0xbf][0xbd]D[0xef][0xbf][0xbd]2[0x17][0x0][0xef][0xbf][0xbd][0xef][0xbf][0xbd][0xef][0xbf][0xbd]V[0xef][0xbf][0xbd]\[0xef][0xbf][0xbd][0xef][0xbf][0xbd]Cc][0xef][0xbf][0xbd][0xef][0xbf][0xbd][0xd2][0x99][0xef][0xbf][0xbd][0xef][0xbf][0xbd][0xef][0xbf][0xbd][0xe6][0xb0][0xa9][0xef][0xbf][0xbd][0xef][0xbf][0xbd][0xef][0xbf][0xbd][0xef][0xbf][0xbd][0xef][0xbf][0xbd]F[0xe9][0xbc][0x8e]yhQ[0xd8][0xad]g[0xef][0xbf][0xbd][0xef][0xbf][0xbd]R[0xef][0xbf][0xbd][0x1c]B[0xef][0xbf][0xbd]P4[0x4][0x2][0xef][0xbf][0xbd]Aw[0xef][0xbf][0xbd]*#[0xef][0xbf][0xbd][0xef][0xbf][0xbd][0xef][0xbf][0xbd]RDm[0x18][0xef][0xbf][0xbd]B[0xef][0xbf][0xbd][0x9]t[0xef][0xbf][0xbd][0xef][0xbf][0xbd][0x1c]>[0xef][0xbf][0xbd][0xef][0xbf][0xbd]"[0xef][0xbf][0xbd][0x0][0xef][0xbf][0xbd]k[0xef][0xbf][0xbd][0x2]gY[0xef][0xbf][0xbd]r[0xef][0xbf][0xbd][0xcb][0xb4][0xef][0xbf][0xbd][0xef][0xbf][0xbd]{[0xef][0xbf][0xbd][0xef][0xbf][0xbd][0x1c]3[0xef][0xbf][0xbd]t[0x1f][0xef][0xbf][0xbd][\n]"
07:56:30.798 [main] DEBUG org.apache.http.wire -  >> "[0xef][0xbf][0xbd][0xef][0xbf][0xbd][0xef][0xbf][0xbd]1[0xef][0xbf][0xbd][0xef][0xbf][0xbd][0xef][0xbf][0xbd]H[0x1b]GCI[0xef][0xbf][0xbd][0xef][0xbf][0xbd][0xce][0x86][0xef][0xbf][0xbd]8[0xef][0xbf][0xbd]W)Ry[0xef][0xbf][0xbd]1[0xef][0xbf][0xbd][0xef][0xbf][0xbd][0xef][0xbf][0xbd]z[0x5]$[0xc][0xef][0xbf][0xbd]F[k4Z[0x6][0xef][0xbf][0xbd][0xef][0xbf][0xbd][0xef][0xbf][0xbd]}[0xef][0xbf][0xbd]#[0xef][0xbf][0xbd]SCp}[0x17][0xef][0xbf][0xbd]CW[0xef][0xbf][0xbd],r[0xef][0xbf][0xbd]g[0xef][0xbf][0xbd])E[0xed][0x82][0x91]g*=[0xef][0xbf][0xbd]C[0xef][0xbf][0xbd][0x16][0x8][0xef][0xbf][0xbd][0xef][0xbf][0xbd][0xef][0xbf][0xbd][0x8][\r]Ru  [0xef][0xbf][0xbd][0xd9][0x87]i3[0xef][0xbf][0xbd]sc[0x14][0xef][0xbf][0xbd]<[0xef][0xbf][0xbd][0xef][0xbf][0xbd]v[0xc][0xef][0xbf][0xbd]CL[0xef][0xbf][0xbd]F[0x1d][0x1e][0xef][0xbf][0xbd][0xef][0xbf][0xbd]>v[0xef][0xbf][0xbd][0xef][0xbf][0xbd]U[0xef][0xbf][0xbd][0xef][0xbf][0xbd][0x18][0xef][0xbf][0xbd][0xef][0xbf][0xbd][0x14][0xef][0xbf][0xbd][0xef][0xbf][0xbd][0x1e][0x2]gyz38u[0xef][0xbf][0xbd]o[0xef][0xbf][0xbd]-/[0xef][0xbf][0xbd][0xef][0xbf][0xbd]([0xef][0xbf][0xbd]g[0xef][0xbf][0xbd]T[0xef][0xbf][0xbd][0x17]p+[0xef][0xbf][0xbd]zy_[0xef][0xbf][0xbd][0xef][0xbf][0xbd][0xe2][0x8d][0x9d][0x17][0xef][0xbf][0xbd][0x1]w%w[0xef][0xbf][0xbd][0xef][0xbf][0xbd]][0xef][0xbf][0xbd][0xef][0xbf][0xbd]8[0xef][0xbf][0xbd]tF[0xef][0xbf][0xbd][0xef][0xbf][0xbd][0x15][0xef][0xbf][0xbd]Vs[0xef][0xbf][0xbd][0xef][0xbf][0xbd][0xb][0xef][0xbf][0xbd][0x10][0xef][0xbf][0xbd]*[0xef][0xbf][0xbd]t[0xef][0xbf][0xbd]N[\n]"
07:56:30.799 [main] DEBUG org.apache.http.wire -  >> "[0xef][0xbf][0xbd][0x0]H[0xef][0xbf][0xbd][0xc6][0xab][0xef][0xbf][0xbd][0x11][0xef][0xbf][0xbd]~[0x15][0xef][0xbf][0xbd][0xef][0xbf][0xbd]jw[0xef][0xbf][0xbd]x[0xef][0xbf][0xbd][0xef][0xbf][0xbd][0xef][0xbf][0xbd]i|[0xef][0xbf][0xbd][0xef][0xbf][0xbd][0xf][0xef][0xbf][0xbd]~Hc>[0xef][0xbf][0xbd][0x6][0xef][0xbf][0xbd]5Sr[0xef][0xbf][0xbd][0x9]([0xef][0xbf][0xbd][0xef][0xbf][0xbd][0x15]_e[0xef][0xbf][0xbd][0xef][0xbf][0xbd][0xef][0xbf][0xbd][0xef][0xbf][0xbd][0xef][0xbf][0xbd]f[0xc9][0x84]c[0xef][0xbf][0xbd][0xe3][0xa2][0x86][0xef][0xbf][0xbd]4q.1[0xef][0xbf][0xbd]F[0xef][0xbf][0xbd]\[0xef][0xbf][0xbd]%C[0xef][0xbf][0xbd]P[0xef][0xbf][0xbd]a[0xc7][0x83][0xef][0xbf][0xbd][0xef][0xbf][0xbd][0xef][0xbf][0xbd][0x4][0xef][0xbf][0xbd][0x1e][0x1f].<t%[0x1]![0x6]W[0xef][0xbf][0xbd][0xef][0xbf][0xbd][0xef][0xbf][0xbd][0xef][0xbf][0xbd]Qr[0xef][0xbf][0xbd]\L[0xef][0xbf][0xbd][0xef][0xbf][0xbd][0xef][0xbf][0xbd]3E[0xef][0xbf][0xbd][\n]"
07:56:30.799 [main] DEBUG org.apache.http.wire -  >> "[0xef][0xbf][0xbd][0xef][0xbf][0xbd]vd[0xef][0xbf][0xbd][0xef][0xbf][0xbd][0xef][0xbf][0xbd].|[0xef][0xbf][0xbd][0xef][0xbf][0xbd]X[0xef][0xbf][0xbd][0x14]7?[0xef][0xbf][0xbd][0xef][0xbf][0xbd]a[\n]"
07:56:30.799 [main] DEBUG org.apache.http.wire -  >> "?[0xdb][0xbd][0xef][0xbf][0xbd][0xef][0xbf][0xbd]d:?1[0xef][0xbf][0xbd][0xef][0xbf][0xbd][0xd7][0x8c]I`[0xef][0xbf][0xbd]1[0x19][0x1c][0xef][0xbf][0xbd][0x8][0xef][0xbf][0xbd]#[0xef][0xbf][0xbd][0xef][0xbf][0xbd]([0xef][0xbf][0xbd](:[0xef][0xbf][0xbd]|[0xc2][0xb9]0[0xe][0xef][0xbf][0xbd][0xef][0xbf][0xbd][0x0]([0xef][0xbf][0xbd]#[0xef][0xbf][0xbd][0xef][0xbf][0xbd][0x8][0xef][0xbf][0xbd]O[0x0]K[0xb]_[0xef][0xbf][0xbd]K[0xef][0xbf][0xbd]'[0x14]T[0xef][0xbf][0xbd]q}[0xef][0xbf][0xbd]o[0x7]p[0xef][0xbf][0xbd],HO[0xef][0xbf][0xbd]m[0xef][0xbf][0xbd][0xef][0xbf][0xbd][0xef][0xbf][0xbd]n[0xef][0xbf][0xbd]@[0xef][0xbf][0xbd][0xef][0xbf][0xbd]#l;[0x7][0xef][0xbf][0xbd]Ucj[0xef][0xbf][0xbd]Pc8[0xef][0xbf][0xbd][0xef][0xbf][0xbd]8[0xef][0xbf][0xbd][0xef][0xbf][0xbd][0xef][0xbf][0xbd][0xef][0xbf][0xbd][0x18][0xef][0xbf][0xbd][0x9][0xef][0xbf][0xbd][0x0][0xef][0xbf][0xbd]Z50[0xef][0xbf][0xbd]j#|[0xef][0xbf][0xbd][0xef][0xbf][0xbd]j[0xef][0xbf][0xbd]Y[0x15][0xef][0xbf][0xbd][0xc6][0xa5][0xef][0xbf][0xbd][0xef][0xbf][0xbd][0x6][0xef][0xbf][0xbd][0xef][0xbf][0xbd].[0xef][0xbf][0xbd][0xef][0xbf][0xbd].[0xef][0xbf][0xbd]}[0xef][0xbf][0xbd]|[0xef][0xbf][0xbd][0x1a]v[0x10]{[0x5][0xef][0xbf][0xbd][0xef][0xbf][0xbd][0xef][0xbf][0xbd]'FV[0xef][0xbf][0xbd]1[0xc6][0x91]&}[0xef][0xbf][0xbd][\n]"
07:56:30.799 [main] DEBUG org.apache.http.wire -  >> "+&!"j[0xef][0xbf][0xbd]IO[0xef][0xbf][0xbd]I[0xef][0xbf][0xbd][0xef][0xbf][0xbd]^[0x16][0xef][0xbf][0xbd][0xc]+y%[0x2]3[0xc]P[0xef][0xbf][0xbd]{[0x16][0xef][0xbf][0xbd][0xef][0xbf][0xbd]3[0xc]o[0xef][0xbf][0xbd][0xef][0xbf][0xbd][0xb][0xef][0xbf][0xbd][0x4][0xda][0x94][0xef][0xbf][0xbd][0xef][0xbf][0xbd]/p"[0xef][0xbf][0xbd]>f;[0x14]<[0xef][0xbf][0xbd]pW[0xef][0xbf][0xbd][0xef][0xbf][0xbd]f[0xef][0xbf][0xbd]n[0xcc][0xa4][0xef][0xbf][0xbd][0xef][0xbf][0xbd][0xef][0xbf][0xbd][0xef][0xbf][0xbd][0xef][0xbf][0xbd][0xef][0xbf][0xbd][0xe][0xef][0xbf][0xbd]V[0xef][0xbf][0xbd]s[0xef][0xbf][0xbd]f[0xef][0xbf][0xbd][0xef][0xbf][0xbd]9[0xef][0xbf][0xbd][0xef][0xbf][0xbd][0x1f][0xef][0xbf][0xbd][0xef][0xbf][0xbd][0xef][0xbf][0xbd]Y[0xc6][0xa9]M[0xef][0xbf][0xbd][0x1c][0x1c]%[0xef][0xbf][0xbd][0xef][0xbf][0xbd][0xef][0xbf][0xbd]u[0xef][0xbf][0xbd][0xef][0xbf][0xbd][0xef][0xbf][0xbd]1;HQX[0xef][0xbf][0xbd][0xef][0xbf][0xbd][0x17][0xce][0x95][0x1e]_[0xef][0xbf][0xbd]P;[0xef][0xbf][0xbd][0xef][0xbf][0xbd][0xef][0xbf][0xbd]r#m[0xef][0xbf][0xbd][0xef][0xbf][0xbd][0xef][0xbf][0xbd][0xef][0xbf][0xbd][0xef][0xbf][0xbd]dC[0xef][0xbf][0xbd]:[0x7][0x16]Z[0x19][0xef][0xbf][0xbd][0xef][0xbf][0xbd]g[0xef][0xbf][0xbd][0x1c][0xef][0xbf][0xbd]tz[0xef][0xbf][0xbd]}[0xef][0xbf][0xbd]\[0x1a],[0x1e][0x2]zl[0xef][0xbf][0xbd]j[0xef][0xbf][0xbd]@}4L-[0x19][0xef][0xbf][0xbd][0xef][0xbf][0xbd][0xef][0xbf][0xbd][0xef][0xbf][0xbd][0xef][0xbf][0xbd][0xef][0xbf][0xbd]B[0x1a][0x18]m[0xef][0xbf][0xbd][0xef][0xbf][0xbd]~[0xef][0xbf][0xbd][0xef][0xbf][0xbd][0xef][0xbf][0xbd]{[0xef][0xbf][0xbd][0xef][0xbf][0xbd][0xef][0xbf][0xbd]n~[0xef][0xbf][0xbd][0xd2][0x82]@[0xef][0xbf][0xbd]8L[0xef][0xbf][0xbd][0xef][0xbf][0xbd]o[0xef][0xbf][0xbd][0xef][0xbf][0xbd][0xef][0xbf][0xbd]uU[\r]$A[0xef][0xbf][0xbd][0xef][0xbf][0xbd][0xef][0xbf][0xbd]X[0x19]7[0xef][0xbf][0xbd]dC[0xef][0xbf][0xbd][0xef][0xbf][0xbd]@[0x11]pA[0xef][0xbf][0xbd][0xef][0xbf][0xbd]s[0x3]![\r]\f[0xef][0xbf][0xbd]B[0xef][0xbf][0xbd][0xef][0xbf][0xbd][0xef][0xbf][0xbd]M[0xef][0xbf][0xbd])5k[0xdb][0xac][0xef][0xbf][0xbd]G[0xef][0xbf][0xbd]}[0xef][0xbf][0xbd][0xef][0xbf][0xbd][0x1e][0x18]CfjOs[0xef][0xbf][0xbd]E"
07:56:30.799 [main] DEBUG org.apache.http.wire -  >> "[0xef][0xbf][0xbd][0xef][0xbf][0xbd]Y[0xef][0xbf][0xbd][0xef][0xbf][0xbd][0xef][0xbf][0xbd][0x1b]L![0xd4][0xbf][0xef][0xbf][0xbd]od[0xef][0xbf][0xbd][0xef][0xbf][0xbd][0xef][0xbf][0xbd][0xef][0xbf][0xbd]1[0xef][0xbf][0xbd][0xef][0xbf][0xbd]9:^I[0xef][0xbf][0xbd]7[0xef][0xbf][0xbd][0xef][0xbf][0xbd][0xc]n[\n]"
07:56:30.799 [main] DEBUG org.apache.http.wire -  >> "h0}#O[0xd0][0x98][0xef][0xbf][0xbd][0xef][0xbf][0xbd]aQ[0xef][0xbf][0xbd][0xef][0xbf][0xbd]7[0xef][0xbf][0xbd][0xef][0xbf][0xbd][0xef][0xbf][0xbd][0xef][0xbf][0xbd][0xef][0xbf][0xbd]W[0xef][0xbf][0xbd][0xef][0xbf][0xbd][0xef][0xbf][0xbd]?x[0xef][0xbf][0xbd]W[0xef][0xbf][0xbd][0xef][0xbf][0xbd][0xef][0xbf][0xbd][0xef][0xbf][0xbd][0xef][0xbf][0xbd][0xef][0xbf][0xbd]=[0xef][0xbf][0xbd][0xef][0xbf][0xbd]vo[0xc][0xef][0xbf][0xbd][0x9][0x2][0x8]A([0xef][0xbf][0xbd][0xef][0xbf][0xbd][0xef][0xbf][0xbd][0x4]Y<c[0xef][0xbf][0xbd]e[0x1c],T[0xef][0xbf][0xbd][0xef][0xbf][0xbd]A[0x4][0xef][0xbf][0xbd]r[0xef][0xbf][0xbd][0xef][0xbf][0xbd]f[[0xef][0xbf][0xbd]A[0xef][0xbf][0xbd][0xef][0xbf][0xbd]6[0xef][0xbf][0xbd][0xef][0xbf][0xbd][0xef][0xbf][0xbd][0xef][0xbf][0xbd]9,[0xef][0xbf][0xbd][0xef][0xbf][0xbd][0xef][0xbf][0xbd][0xef][0xbf][0xbd][0x7][0xef][0xbf][0xbd][0xef][0xbf][0xbd]GEs[0xc6][0x8b][0xef][0xbf][0xbd][0xef][0xbf][0xbd][0xef][0xbf][0xbd][0xef][0xbf][0xbd]Z`[0xef][0xbf][0xbd]48[0xef][0xbf][0xbd]\h[0xef][0xbf][0xbd][0x15]d9[0xef][0xbf][0xbd]EE8[0xef][0xbf][0xbd]5[0xef][0xbf][0xbd][0xef][0xbf][0xbd][0xef][0xbf][0xbd]1F8[0xef][0xbf][0xbd][0xef][0xbf][0xbd]KF[0xef][0xbf][0xbd]L[0xef][0xbf][0xbd]$X[0xef][0xbf][0xbd][0x1a][0xef][0xbf][0xbd]yz{[0xef][0xbf][0xbd]4[0xef][0xbf][0xbd].[0xef][0xbf][0xbd][0xef][0xbf][0xbd][0x9]S[0x13][0xef][0xbf][0xbd]B[0xef][0xbf][0xbd]=dX[0xef][0xbf][0xbd][0xef][0xbf][0xbd]FM[0x1d][0xef][0xbf][0xbd],<9[0xef][0xbf][0xbd]sg[0x6]X[0xef][0xbf][0xbd]2[0xef][0xbf][0xbd][0x15][0x11][0xef][0xbf][0xbd][0xef][0xbf][0xbd][0xef][0xbf][0xbd][0xef][0xbf][0xbd]#[0xef][0xbf][0xbd][0xf][0xef][0xbf][0xbd][0xef][0xbf][0xbd][0xef][0xbf][0xbd][0xef][0xbf][0xbd][0xef][0xbf][0xbd][0xef][0xbf][0xbd][0xef][0xbf][0xbd][0xef][0xbf][0xbd]K[0xef][0xbf][0xbd]^[0xef][0xbf][0xbd]\[0xef][0xbf][0xbd]\[0x5]d[0xef][0xbf][0xbd][0x1c][0xe8][0xa4][0x81]BY[0xcd][0xa6]j[0x0][0xef][0xbf][0xbd]yfK[0xf][0xef][0xbf][0xbd]3QM[0xef][0xbf][0xbd]"[0xef][0xbf][0xbd][0xef][0xbf][0xbd]i< h[0x3][0xd6][0x96]l[0xdd][0x99]w[0xef][0xbf][0xbd]3d[0xef][0xbf][0xbd]E[0xef][0xbf][0xbd]GB;AG[0xef][0xbf][0xbd]Z$i^m[0xcf][0x8f]\+[0xef][0xbf][0xbd][0xef][0xbf][0xbd][0xef][0xbf][0xbd]#2V[0xf]f[0xef][0xbf][0xbd][0xef][0xbf][0xbd]8[0x1e][0xd3][0xa4]C[0x6][0xef][0xbf][0xbd][0x0]e[0xef][0xbf][0xbd]I7[0xef][0xbf][0xbd][0xcf][0x99][0xef][0xbf][0xbd][0x1b][0xef][0xbf][0xbd][0xef][0xbf][0xbd]V[0xef][0xbf][0xbd][0xef][0xbf][0xbd](Y[0xef][0xbf][0xbd][0x19]Y- [0xef][0xbf][0xbd][0xcc][0xa9][0xef][0xbf][0xbd][0x17][0x1b][0xef][0xbf][0xbd][0x1e][0xef][0xbf][0xbd][0xef][0xbf][0xbd][0x19][0xef][0xbf][0xbd])[0xef][0xbf][0xbd]V[0x1f][0x0][0xef][0xbf][0xbd][0xec][0x86][0x9e][0xef][0xbf][0xbd]>[0xef][0xbf][0xbd]qE[0x19][0xef][0xbf][0xbd][0x18][0xef][0xbf][0xbd]8`[0xef][0xbf][0xbd][0xef][0xbf][0xbd][0xef][0xbf][0xbd][0x1c][0xc][0xef][0xbf][0xbd][0xef][0xbf][0xbd][0xef][0xbf][0xbd][0xef][0xbf][0xbd][0xef][0xbf][0xbd][0xef][0xbf][0xbd][0xef][0xbf][0xbd][0xef][0xbf][0xbd][0x1b][0xef][0xbf][0xbd][0xef][0xbf][0xbd][0x1f][0xef][0xbf][0xbd]=[0x7][0xef][0xbf][0xbd][0xef][0xbf][0xbd]T[0xef][0xbf][0xbd][0xef][0xbf][0xbd]A[0xef][0xbf][0xbd][0xf][0xef][0xbf][0xbd][0xef][0xbf][0xbd][0xef][0xbf][0xbd]W[0xef][0xbf][0xbd]d[0x1d]X[0xef][0xbf][0xbd]f[0x3][0xef][0xbf][0xbd][0x18][0xef][0xbf][0xbd][0xef][0xbf][0xbd][0xef][0xbf][0xbd][0xef][0xbf][0xbd][\n]"
07:56:30.799 [main] DEBUG org.apache.http.wire -  >> "[[0xef][0xbf][0xbd][0xef][0xbf][0xbd][0x19][0xef][0xbf][0xbd][0xef][0xbf][0xbd][0xde][0x94][0xef][0xbf][0xbd][0xef][0xbf][0xbd]l(i[0xef][0xbf][0xbd]&[0xef][0xbf][0xbd]W[0xef][0xbf][0xbd]G[0xef][0xbf][0xbd][0xef][0xbf][0xbd]}d[0xef][0xbf][0xbd][0xef][0xbf][0xbd]i[0x1d][0xef][0xbf][0xbd],[0xef][0xbf][0xbd][0xef][0xbf][0xbd][0xef][0xbf][0xbd]s"[0xef][0xbf][0xbd][0xef][0xbf][0xbd][0xef][0xbf][0xbd][0xef][0xbf][0xbd]+k[0xef][0xbf][0xbd][0xef][0xbf][0xbd]a[0xef][0xbf][0xbd][0xef][0xbf][0xbd]A1[0xf],Q[0xef][0xbf][0xbd]V[0xef][0xbf][0xbd]v[0xef][0xbf][0xbd][0xef][0xbf][0xbd][0xef][0xbf][0xbd][0xef][0xbf][0xbd][0x2][0xef][0xbf][0xbd][0xef][0xbf][0xbd][0x12]l[0xef][0xbf][0xbd][0xef][0xbf][0xbd][0xef][0xbf][0xbd][0xb][0x19]+[0xef][0xbf][0xbd][0xef][0xbf][0xbd],A[0xef][0xbf][0xbd]$[0xef][0xbf][0xbd][0xef][0xbf][0xbd][0xef][0xbf][0xbd]+[0xef][0xbf][0xbd]5[0xef][0xbf][0xbd][0xef][0xbf][0xbd]c[0xef][0xbf][0xbd]wi[0xef][0xbf][0xbd][0x6]p[0xef][0xbf][0xbd]tj`L[0xef][0xbf][0xbd][0xef][0xbf][0xbd][0xef][0xbf][0xbd]n[0xef][0xbf][0xbd]T"[0x4][0xef][0xbf][0xbd]k[0xef][0xbf][0xbd][0xef][0xbf][0xbd]L[0xef][0xbf][0xbd]J[0x1c][0xef][0xbf][0xbd]$s-{[0xef][0xbf][0xbd]P/[0xef][0xbf][0xbd][0xef][0xbf][0xbd]~[0xef][0xbf][0xbd][0xef][0xbf][0xbd]K[0xef][0xbf][0xbd][0x19][0xcc][0xbc][0xb][0x1c][0x5]o[0xef][0xbf][0xbd]Ky[\r]ez[0xef][0xbf][0xbd][0xef][0xbf][0xbd]R[0xef][0xbf][0xbd][0x15][0xef][0xbf][0xbd].^{#[0xef][0xbf][0xbd]+[0xcf][0x8d][0xef][0xbf][0xbd][0x1b][0x14][0xef][0xbf][0xbd]6[0xef][0xbf][0xbd][0xef][0xbf][0xbd]4f[0xef][0xbf][0xbd][0xef][0xbf][0xbd]U[0xef][0xbf][0xbd]i[0xef][0xbf][0xbd]W@[0xef][0xbf][0xbd][0xef][0xbf][0xbd][0xef][0xbf][0xbd][0xef][0xbf][0xbd][0xef][0xbf][0xbd]8[0xef][0xbf][0xbd][0xef][0xbf][0xbd][0xef][0xbf][0xbd][0xef][0xbf][0xbd][0x18]G[0x2][0xef][0xbf][0xbd][0x4]m[0xef][0xbf][0xbd];C[0xef][0xbf][0xbd][0xef][0xbf][0xbd][0xef][0xbf][0xbd][0xef][0xbf][0xbd][0xef][0xbf][0xbd][0x14][0xef][0xbf][0xbd][0xc6][0xb9][0xef][0xbf][0xbd]7tY[0xef][0xbf][0xbd][0xef][0xbf][0xbd]xh[\r][0xe]I/g[0xef][0xbf][0xbd][0xef][0xbf][0xbd][0x18]~[0xef][0xbf][0xbd][0xef][0xbf][0xbd]|[0xef][0xbf][0xbd][0xef][0xbf][0xbd]NL[0xef][0xbf][0xbd][0xef][0xbf][0xbd]fT[0xef][0xbf][0xbd]W[0xef][0xbf][0xbd][0xef][0xbf][0xbd]j[[0x9][0xef][0xbf][0xbd][0xef][0xbf][0xbd][0xef][0xbf][0xbd],[0xef][0xbf][0xbd]C[0xef][0xbf][0xbd][0xef][0xbf][0xbd]>[0xef][0xbf][0xbd][0xef][0xbf][0xbd][0xef][0xbf][0xbd]H[0xef][0xbf][0xbd]K[0xef][0xbf][0xbd]4[0xef][0xbf][0xbd]b[0xf][0xef][0xbf][0xbd]`[0xef][0xbf][0xbd][0xef][0xbf][0xbd][\r][0xef][0xbf][0xbd]_[0xef][0xbf][0xbd][0xef][0xbf][0xbd][0x17][0xef][0xbf][0xbd]~[0x1][0xef][0xbf][0xbd][0xef][0xbf][0xbd][0xef][0xbf][0xbd][0x14][0xef][0xbf][0xbd]~[0xef][0xbf][0xbd]o[0xef][0xbf][0xbd]g[0xef][0xbf][0xbd]9/[0xec][0x83][0x8c][0xef][0xbf][0xbd][0x13]u[0xef][0xbf][0xbd][0x4]9 [0xef][0xbf][0xbd]}[0xef][0xbf][0xbd][0xda][0xb9][0xef][0xbf][0xbd]t[0xef][0xbf][0xbd]b[0xef][0xbf][0xbd][0xc6][0x98][0xef][0xbf][0xbd][0xef][0xbf][0xbd]x[0xef][0xbf][0xbd]j{[0x9][0xf3][0xba][0xa8][0xb0]0[0xef][0xbf][0xbd][0xef][0xbf][0xbd][0xef][0xbf][0xbd][0xef][0xbf][0xbd]Bv[0xef][0xbf][0xbd][0xef][0xbf][0xbd]^bI[0x0]Im[0xef][0xbf][0xbd][0xef][0xbf][0xbd][0xef][0xbf][0xbd][0x9][0x1c][0xef][0xbf][0xbd][0xef][0xbf][0xbd][0xef][0xbf][0xbd][0x6]h.[0xe9][0x8c][0x95][0xef][0xbf][0xbd]ZA[0xef][0xbf][0xbd][0xef][0xbf][0xbd][0xc6][0xab][0x1e][0xc7][0xa2]>l<9[0x3][0xf]7K[0xef][0xbf][0xbd]f[0xc3][0x8a][0xef][0xbf][0xbd]XwcuZ[0xef][0xbf][0xbd][\r][0xef][0xbf][0xbd]%[0xef][0xbf][0xbd][0xef][0xbf][0xbd]D[0xef][0xbf][0xbd]Vt[0xef][0xbf][0xbd][0x8][0xef][0xbf][0xbd][0xef][0xbf][0xbd]E"[0xef][0xbf][0xbd]F[0xef][0xbf][0xbd][0x10][0xef][0xbf][0xbd][0x1]Pb[0x1b]0[0xef][0xbf][0xbd][0xef][0xbf][0xbd]y[0xef][0xbf][0xbd][0x6][0xef][0xbf][0xbd]K[0xef][0xbf][0xbd][[0xef][0xbf][0xbd][0xef][0xbf][0xbd]?[0xef][0xbf][0xbd][0x4][0xef][0xbf][0xbd]U[0xef][0xbf][0xbd],C[0xef][0xbf][0xbd][0xef][0xbf][0xbd][0xef][0xbf][0xbd][0xef][0xbf][0xbd][0xef][0xbf][0xbd][0xef][0xbf][0xbd]h][0x16][0xef][0xbf][0xbd][0x5][0xef][0xbf][0xbd]R[0xef][0xbf][0xbd]RZ[0xef][0xbf][0xbd][0xef][0xbf][0xbd]AF4[0x16][0xc5][0x98][0xef][0xbf][0xbd][0xef][0xbf][0xbd]Z[0xef][0xbf][0xbd]X[0xef][0xbf][0xbd]D[0xef][0xbf][0xbd]M[0xc][0x8][0xef][0xbf][0xbd][0xef][0xbf][0xbd][0xef][0xbf][0xbd][0xef][0xbf][0xbd][0xef][0xbf][0xbd]h8[0x10][0xef][0xbf][0xbd][0x12][0xef][0xbf][0xbd]\1[0xef][0xbf][0xbd]<|[0xef][0xbf][0xbd][0xef][0xbf][0xbd]b/[0xef][0xbf][0xbd][0xef][0xbf][0xbd]<_L[0x9][0xef][0xbf][0xbd][0x13]xq[0xef][0xbf][0xbd]1[0xef][0xbf][0xbd]/[0xef][0xbf][0xbd][0xef][0xbf][0xbd][0x16]l[0xef][0xbf][0xbd][0xef][0xbf][0xbd]X[0x0][0xef][0xbf][0xbd]@[0xef][0xbf][0xbd][0xb]A)[0xef][0xbf][0xbd][0xef][0xbf][0xbd][0xef][0xbf][0xbd][0xef][0xbf][0xbd]V[0x16]L{A[0x4][0xef][0xbf][0xbd][0xef][0xbf][0xbd]qB[0xef][0xbf][0xbd]K#[0xef][0xbf][0xbd][0xef][0xbf][0xbd][0xef][0xbf][0xbd][0xef][0xbf][0xbd]sf[0xef][0xbf][0xbd]*[0xef][0xbf][0xbd]^[0xef][0xbf][0xbd][0xef][0xbf][0xbd][0xef][0xbf][0xbd]EW\y[0xd0][0x91]Ga[0xef][0xbf][0xbd].[0x9][0xef][0xbf][0xbd];[0xef][0xbf][0xbd][0xef][0xbf][0xbd][0xef][0xbf][0xbd]Kzd[0xef][0xbf][0xbd][0xef][0xbf][0xbd][0xef][0xbf][0xbd][0xef][0xbf][0xbd]g[0xef][0xbf][0xbd][0xef][0xbf][0xbd][0xef][0xbf][0xbd]_[0xef][0xbf][0xbd][0xef][0xbf][0xbd][0xef][0xbf][0xbd][<[0xef][0xbf][0xbd][0xef][0xbf][0xbd]-[0xef][0xbf][0xbd]i[0xef][0xbf][0xbd],[0xef][0xbf][0xbd][0xef][0xbf][0xbd][0xef][0xbf][0xbd][0xef][0xbf][0xbd],[0xef][0xbf][0xbd][0xef][0xbf][0xbd][0xef][0xbf][0xbd][0xef][0xbf][0xbd]K[0xef][0xbf][0xbd][0xef][0xbf][0xbd]Bc'[0xef][0xbf][0xbd][0x13][0xef][0xbf][0xbd][0xef][0xbf][0xbd][0xef][0xbf][0xbd][0x7]F1[0x13]0|Cc[0xef][0xbf][0xbd][0xef][0xbf][0xbd][0xef][0xbf][0xbd]V2[0xef][0xbf][0xbd][0xef][0xbf][0xbd][0xef][0xbf][0xbd]1a)[0xef][0xbf][0xbd]e[0xef][0xbf][0xbd]0[0xef][0xbf][0xbd][0xef][0xbf][0xbd]([0xef][0xbf][0xbd][0xef][0xbf][0xbd]k[0x13][0xef][0xbf][0xbd][0xef][0xbf][0xbd]&.'g[0xef][0xbf][0xbd]=[0xef][0xbf][0xbd][0x1c][0x15][0xef][0xbf][0xbd]He[0xef][0xbf][0xbd][0xef][0xbf][0xbd][0xef][0xbf][0xbd][0xc][0xe]t[0xef][0xbf][0xbd].9[0xef][0xbf][0xbd][0x0][0xef][0xbf][0xbd][0xef][0xbf][0xbd][0xef][0xbf][0xbd]F[0xef][0xbf][0xbd]hT[0xef][0xbf][0xbd]7[0x12]c[0xef][0xbf][0xbd]7h[0xef][0xbf][0xbd]LJ[0xef][0xbf][0xbd]3[0x1b]S#^[0xc][0x7][0xef][0xbf][0xbd][0xef][0xbf][0xbd]\[0xd1][0x93][0xc8][0xa2][0x13]I[0xef][0xbf][0xbd][0x18][0x1e]0%Jk[0xef][0xbf][0xbd]@[0xef][0xbf][0xbd][\n]"
07:56:30.799 [main] DEBUG org.apache.http.wire -  >> "([0xef][0xbf][0xbd][0x13][0xef][0xbf][0xbd][0xef][0xbf][0xbd][0xef][0xbf][0xbd][0xef][0xbf][0xbd][0xef][0xbf][0xbd][0xef][0xbf][0xbd][0xef][0xbf][0xbd]bo[0xef][0xbf][0xbd][0x1a]=$%[0xef][0xbf][0xbd]X[0xef][0xbf][0xbd]f[0xef][0xbf][0xbd][0xef][0xbf][0xbd]PAkM[0x8]q[0x1d][0xef][0xbf][0xbd][0xef][0xbf][0xbd][0x14]j[0xef][0xbf][0xbd][0xef][0xbf][0xbd]41I[0xef][0xbf][0xbd][0xef][0xbf][0xbd];[0xef][0xbf][0xbd][0xef][0xbf][0xbd][0x0]]\[0xef][0xbf][0xbd][0xef][0xbf][0xbd][0xef][0xbf][0xbd],[0x1c]6[0xef][0xbf][0xbd][0xef][0xbf][0xbd]S-Cq[0xef][0xbf][0xbd]{[0xef][0xbf][0xbd]o[[0xd4][0x9b][0xc][0x9]z[0xef][0xbf][0xbd]|[0xef][0xbf][0xbd]Z[0xef][0xbf][0xbd][0xef][0xbf][0xbd]K[0x1a][0x7]F[0xef][0xbf][0xbd][0xef][0xbf][0xbd]*[0xef][0xbf][0xbd][0xef][0xbf][0xbd][0xef][0xbf][0xbd]$`F[0xef][0xbf][0xbd][0xef][0xbf][0xbd][0xef][0xbf][0xbd][0x1e][0xef][0xbf][0xbd]i[0xef][0xbf][0xbd][0xef][0xbf][0xbd][0x1f][0xef][0xbf][0xbd][0xef][0xbf][0xbd][0xef][0xbf][0xbd][0x4]L[0xef][0xbf][0xbd]J[0xef][0xbf][0xbd][0xef][0xbf][0xbd]>[0xef][0xbf][0xbd]m[0xef][0xbf][0xbd]8[0xef][0xbf][0xbd][0xef][0xbf][0xbd]KR[0xef][0xbf][0xbd]A[0xef][0xbf][0xbd]o[0xef][0xbf][0xbd]f[0xef][0xbf][0xbd]ce[0x8]b[0xef][0xbf][0xbd][0xef][0xbf][0xbd]\[0xef][0xbf][0xbd]&;[0xef][0xbf][0xbd][0xef][0xbf][0xbd][0xef][0xbf][0xbd].[0xef][0xbf][0xbd][0xef][0xbf][0xbd][0xef][0xbf][0xbd]3[0xef][0xbf][0xbd]Q[0xef][0xbf][0xbd][0xef][0xbf][0xbd]8[0xef][0xbf][0xbd]X[0xef][0xbf][0xbd]d[0xef][0xbf][0xbd]EF&[0xef][0xbf][0xbd][0xc][0x1f][0xef][0xbf][0xbd]]1m[0xd3][0xbc]PL8[0xef][0xbf][0xbd][0xd5][0x9c][0xef][0xbf][0xbd]1[0xef][0xbf][0xbd]>[0xef][0xbf][0xbd][0xef][0xbf][0xbd]bpJ[0xef][0xbf][0xbd]p[0xef][0xbf][0xbd][0xef][0xbf][0xbd][0xef][0xbf][0xbd]7z[0xef][0xbf][0xbd][0xef][0xbf][0xbd][0xef][0xbf][0xbd][0xef][0xbf][0xbd]g_|[0xef][0xbf][0xbd]W[0xef][0xbf][0xbd][0xc7][0xad][0xef][0xbf][0xbd][0xef][0xbf][0xbd][0xef][0xbf][0xbd]=[0xef][0xbf][0xbd][0xef][0xbf][0xbd][0xef][0xbf][0xbd][0xef][0xbf][0xbd][0xc6][0xb6][0xef][0xbf][0xbd]7[0xef][0xbf][0xbd][0xef][0xbf][0xbd][0xef][0xbf][0xbd]$:[0xef][0xbf][0xbd]"[0xef][0xbf][0xbd][0xef][0xbf][0xbd][0xd1][0x86][0xef][0xbf][0xbd][0xef][0xbf][0xbd][0xef][0xbf][0xbd]1[0xef][0xbf][0xbd][0xef][0xbf][0xbd]0I[0x0][0x4][0xef][0xbf][0xbd][0xe][0x15]F[0xef][0xbf][0xbd][0xef][0xbf][0xbd]5[0xef][0xbf][0xbd][0x11]i>[0xef][0xbf][0xbd]e[0xef][0xbf][0xbd]d[0xef][0xbf][0xbd][0xef][0xbf][0xbd][0xef][0xbf][0xbd]io[0xef][0xbf][0xbd][0xef][0xbf][0xbd]i[0xef][0xbf][0xbd]}z[0xef][0xbf][0xbd]Z[0xef][0xbf][0xbd][0xef][0xbf][0xbd][0xef][0xbf][0xbd]N[0xef][0xbf][0xbd][0xef][0xbf][0xbd]X[0xef][0xbf][0xbd][0xef][0xbf][0xbd][0xc6][0x80][0xef][0xbf][0xbd][0xef][0xbf][0xbd]c\[0xef][0xbf][0xbd]t[0xef][0xbf][0xbd];[0x5]D?R[0xef][0xbf][0xbd][0xef][0xbf][0xbd][0xc][0xef][0xbf][0xbd][0x13])[0x1a][0xef][0xbf][0xbd][0x2][0xdd][0xbe]k[0x1b]HS`[0xef][0xbf][0xbd][0xef][0xbf][0xbd][0xef][0xbf][0xbd][0xef][0xbf][0xbd]Q[0xef][0xbf][0xbd]:[0xef][0xbf][0xbd][0xef][0xbf][0xbd][0xef][0xbf][0xbd]8[0xef][0xbf][0xbd][0x9][0xef][0xbf][0xbd][0x16][0xef][0xbf][0xbd]3i[0xef][0xbf][0xbd][0xef][0xbf][0xbd]T{E^[0xef][0xbf][0xbd][0xef][0xbf][0xbd][0xef][0xbf][0xbd][0xef][0xbf][0xbd]A[0xef][0xbf][0xbd]r[0xef][0xbf][0xbd]Xa[0xef][0xbf][0xbd][\r]Z[0x12]R[0xef][0xbf][0xbd][0xef][0xbf][0xbd]P[0xef][0xbf][0xbd][0xef][0xbf][0xbd]&[0xef][0xbf][0xbd][0xef][0xbf][0xbd][0xef][0xbf][0xbd][0xc8][0x94][0x1f]<y[0xef][0xbf][0xbd]8_zd@mb[0x1b][0x19][0xef][0xbf][0xbd][0xef][0xbf][0xbd][0xef][0xbf][0xbd][0xef][0xbf][0xbd]z[0xef][0xbf][0xbd] [0x7][0xef][0xbf][0xbd][0x2]4[0xef][0xbf][0xbd][0xef][0xbf][0xbd][0x8]([0xef][0xbf][0xbd]}[0xef][0xbf][0xbd][Sqt.[0xef][0xbf][0xbd][0xef][0xbf][0xbd]W?[0xef][0xbf][0xbd] [0x1a]/[0xef][0xbf][0xbd][0x6][0xef][0xbf][0xbd][0xef][0xbf][0xbd]%[0x17][0xef][0xbf][0xbd][0x8]yd[0xef][0xbf][0xbd][0xef][0xbf][0xbd][x:[0xef][0xbf][0xbd][0x9][0xef][0xbf][0xbd][0xef][0xbf][0xbd][0xef][0xbf][0xbd][0xef][0xbf][0xbd]@[0x10]I,8[0xef][0xbf][0xbd][0xef][0xbf][0xbd]ID^[0xef][0xbf][0xbd]V[!y[0xef][0xbf][0xbd]N[0xef][0xbf][0xbd][0xef][0xbf][0xbd][0xef][0xbf][0xbd]_[0xef][0xbf][0xbd][0xef][0xbf][0xbd]@[0x14]$[0xef][0xbf][0xbd][0xef][0xbf][0xbd][0xef][0xbf][0xbd][0x0][0xef][0xbf][0xbd][0xef][0xbf][0xbd][0x17][0xef][0xbf][0xbd][0xef][0xbf][0xbd][0xda][0xb7]s [0xef][0xbf][0xbd]*V[0x0][0xef][0xbf][0xbd]5[0xef][0xbf][0xbd]e[0x12][0xef][0xbf][0xbd] [0xef][0xbf][0xbd]2[0xef][0xbf][0xbd][0xc3][0x8d][0xef][0xbf][0xbd][0xef][0xbf][0xbd][0xef][0xbf][0xbd][0xef][0xbf][0xbd][0xef][0xbf][0xbd][0xef][0xbf][0xbd]>[0x10]<@[0xef][0xbf][0xbd][0x9][0xef][0xbf][0xbd]cmos[0xef][0xbf][0xbd]kf[0x3]W[0xef][0xbf][0xbd]E9U[0xef][0xbf][0xbd][0xef][0xbf][0xbd]&[0xc5][0x92]2[\r][0xef][0xbf][0xbd] [0xdb][0x86]cxe[0xef][0xbf][0xbd]G[0xef][0xbf][0xbd][0x6]b[0x1f]\y[0xef][0xbf][0xbd][0xef][0xbf][0xbd]{[0xef][0xbf][0xbd]?'[0xef][0xbf][0xbd][0xef][0xbf][0xbd][0xef][0xbf][0xbd]&5P[0xc5][0x99]J[0x1b][0xef][0xbf][0xbd][\n]"
07:56:30.800 [main] DEBUG org.apache.http.wire -  >> "muS[0xef][0xbf][0xbd][0xef][0xbf][0xbd][0xef][0xbf][0xbd]L[0xef][0xbf][0xbd]W[0xef][0xbf][0xbd]o[0x14]{[0xef][0xbf][0xbd] I#)@[0xef][0xbf][0xbd][0xef][0xbf][0xbd]?[0xef][0xbf][0xbd]8[0xef][0xbf][0xbd]xu[0xef][0xbf][0xbd][0xef][0xbf][0xbd]E[0xef][0xbf][0xbd][0x19][0xef][0xbf][0xbd]9[0xc][0x5]F[0x4][0x15]i[0xdd][0xa1]Ci[0xef][0xbf][0xbd]VEBH[0xd1][0x93][0xd9][0xa9][0xef][0xbf][0xbd][0xef][0xbf][0xbd][0xef][0xbf][0xbd][0xef][0xbf][0xbd]&[0xef][0xbf][0xbd][0xe4][0xac][0x94]*"%[0xef][0xbf][0xbd]f[0xef][0xbf][0xbd][0x1d][0xef][0xbf][0xbd][0xca][0xbb][0xef][0xbf][0xbd]O[0xef][0xbf][0xbd]C[0xef][0xbf][0xbd]e[0xef][0xbf][0xbd][0xef][0xbf][0xbd][0xef][0xbf][0xbd][0x7]Vm[0xef][0xbf][0xbd][0xef][0xbf][0xbd][0xef][0xbf][0xbd]vUL[0xef][0xbf][0xbd]dO[0xef][0xbf][0xbd]Q[0xef][0xbf][0xbd][0x6][0xef][0xbf][0xbd][0xef][0xbf][0xbd]3a[0xef][0xbf][0xbd]:z[0xef][0xbf][0xbd][0xef][0xbf][0xbd][0x19]_[0xef][0xbf][0xbd]Sa6X[0xef][0xbf][0xbd]z[0xb]J[0xef][0xbf][0xbd][0xef][0xbf][0xbd][0xef][0xbf][0xbd][0xef][0xbf][0xbd][0x7][0x3][0xef][0xbf][0xbd][0xef][0xbf][0xbd][0xef][0xbf][0xbd][0x11][0xef][0xbf][0xbd][0x5][0xef][0xbf][0xbd]V[0xef][0xbf][0xbd][0x1e]A;[0xef][0xbf][0xbd][[0xef][0xbf][0xbd][0x1e]&[0xef][0xbf][0xbd][0xef][0xbf][0xbd][0x2]t[0xef][0xbf][0xbd]5[0xef][0xbf][0xbd][0xef][0xbf][0xbd]:[0xd2][0x80][0xef][0xbf][0xbd][0x14]V[\r]/0[0x1c]\2[0xef][0xbf][0xbd][0xef][0xbf][0xbd][0xef][0xbf][0xbd][0xef][0xbf][0xbd]WwZ[\r][0xef][0xbf][0xbd]8[\n]"
07:56:30.800 [main] DEBUG org.apache.http.wire -  >> "5[0x6][0xef][0xbf][0xbd][0xef][0xbf][0xbd][0xef][0xbf][0xbd]U[0xef][0xbf][0xbd]{[0xef][0xbf][0xbd]*[0xef][0xbf][0xbd][0xef][0xbf][0xbd][0xef][0xbf][0xbd]SlS[0xef][0xbf][0xbd]L[0xef][0xbf][0xbd]E[0xef][0xbf][0xbd]C[0xef][0xbf][0xbd][0xef][0xbf][0xbd][0xda][0x8e]G[0xef][0xbf][0xbd][0xef][0xbf][0xbd][0xdd][0x80]l[0xe][0xef][0xbf][0xbd][0x1c][0xb]{[0xef][0xbf][0xbd][0xef][0xbf][0xbd][0xef][0xbf][0xbd][0xef][0xbf][0xbd][0xef][0xbf][0xbd][0xef][0xbf][0xbd]c[0x1e][0xef][0xbf][0xbd]r[0xdc][0x85]![0x1][0xef][0xbf][0xbd][0xef][0xbf][0xbd][0xef][0xbf][0xbd]*w7[0xef][0xbf][0xbd]z[0x1d]Ze|lY+M[0xef][0xbf][0xbd][0xef][0xbf][0xbd][0xef][0xbf][0xbd]\[0xef][0xbf][0xbd][0x10]0[0x16][0xef][0xbf][0xbd]k[0xef][0xbf][0xbd]=[0x1e][0xc7][0x9e]Yw[0x1]3[0xef][0xbf][0xbd][0x11][0xef][0xbf][0xbd][0xef][0xbf][0xbd][0xef][0xbf][0xbd]R[0x17][0xef][0xbf][0xbd]G[0xef][0xbf][0xbd][0xef][0xbf][0xbd]&ek5L|[0xef][0xbf][0xbd][0x15][0xef][0xbf][0xbd]J2[0xef][0xbf][0xbd]}[0xef][0xbf][0xbd]n[0xef][0xbf][0xbd][0xef][0xbf][0xbd][0x1f]pyO[0xef][0xbf][0xbd][0xc5][0x9f][0xef][0xbf][0xbd][0xef][0xbf][0xbd][0xef][0xbf][0xbd]?[0xef][0xbf][0xbd][0xef][0xbf][0xbd][0xef][0xbf][0xbd][0xef][0xbf][0xbd][0xef][0xbf][0xbd]: 3[0xef][0xbf][0xbd]g[0xef][0xbf][0xbd]&[0xef][0xbf][0xbd][0xef][0xbf][0xbd][0xef][0xbf][0xbd][0xef][0xbf][0xbd][0xef][0xbf][0xbd]MG[0xef][0xbf][0xbd][0xe][0x19]EFC[0xef][0xbf][0xbd][0xef][0xbf][0xbd][0xef][0xbf][0xbd][0xef][0xbf][0xbd]*A[0xef][0xbf][0xbd]3[0xef][0xbf][0xbd][0xef][0xbf][0xbd]5[0x10][0xef][0xbf][0xbd]M[0xef][0xbf][0xbd][0xef][0xbf][0xbd]x[0xef][0xbf][0xbd]-9[0xef][0xbf][0xbd][0xef][0xbf][0xbd]:*[0xef][0xbf][0xbd][0xef][0xbf][0xbd]4[0xdc][0x96]e[0xef][0xbf][0xbd][0x19]i|3[0xef][0xbf][0xbd][0xef][0xbf][0xbd][0xef][0xbf][0xbd])L[0xef][0xbf][0xbd][0xef][0xbf][0xbd]O[0x6]k[0xef][0xbf][0xbd][0xef][0xbf][0xbd][0x6][0xef][0xbf][0xbd]I-hi[0xef][0xbf][0xbd][0x18][0xef][0xbf][0xbd]3'[0xef][0xbf][0xbd]'/L[0x1c][0xef][0xbf][0xbd][\r]X[\n]"
07:56:30.800 [main] DEBUG org.apache.http.wire -  >> "8[0xef][0xbf][0xbd] O[0xef][0xbf][0xbd]mI[0xef][0xbf][0xbd]G[0x1b][0xe][0x0]Y27o[0x13][0xef][0xbf][0xbd][0xef][0xbf][0xbd]G[0xe][0xef][0xbf][0xbd][0xef][0xbf][0xbd]8Tm[0xef][0xbf][0xbd][0x4][0xef][0xbf][0xbd][0xef][0xbf][0xbd][\r][0xef][0xbf][0xbd][0xe]|~[0x1c][0xef][0xbf][0xbd][0x1][0xef][0xbf][0xbd]P[0xef][0xbf][0xbd]([0xef][0xbf][0xbd][0x9]C[0x15][0x9][0xef][0xbf][0xbd]I[0xef][0xbf][0xbd][0x5][0xef][0xbf][0xbd][0xef][0xbf][0xbd][0x15]+Em[0xef][0xbf][0xbd][0xef][0xbf][0xbd][0x1a][0x1a].l[0xef][0xbf][0xbd]l[0xef][0xbf][0xbd][0xef][0xbf][0xbd]$[0xef][0xbf][0xbd][0xdc][0xad][0xef][0xbf][0xbd]hc[0x1]9[0xe][0xef][0xbf][0xbd]=[0xef][0xbf][0xbd][0x14].[0xef][0xbf][0xbd][0x1c]ChC[YDD[0xef][0xbf][0xbd][0xef][0xbf][0xbd]2[0xef][0xbf][0xbd]m]Xo[0xef][0xbf][0xbd][0xef][0xbf][0xbd][0x3])[0xef][0xbf][0xbd][0xef][0xbf][0xbd][0xef][0xbf][0xbd][0x4][0xef][0xbf][0xbd]}C{[0xef][0xbf][0xbd]}[0xef][0xbf][0xbd]%R[0xef][0xbf][0xbd][0xef][0xbf][0xbd]|[0xef][0xbf][0xbd][0x17][0x5][0xef][0xbf][0xbd][0xef][0xbf][0xbd]3[0xef][0xbf][0xbd]7[0x1d][0xef][0xbf][0xbd]b[0x3][0xef][0xbf][0xbd][0xef][0xbf][0xbd]8XhL}[0xef][0xbf][0xbd]c5[0x0][0xef][0xbf][0xbd][0xef][0xbf][0xbd]U[0xef][0xbf][0xbd][0xef][0xbf][0xbd][0xef][0xbf][0xbd][0xef][0xbf][0xbd][0xef][0xbf][0xbd]2[0x14][0xef][0xbf][0xbd]\[0xef][0xbf][0xbd][0x17][0xef][0xbf][0xbd]g[0xef][0xbf][0xbd][0xef][0xbf][0xbd][0xef][0xbf][0xbd][0x11]_[0xd6][0xa4][0xef][0xbf][0xbd]Y[0xef][0xbf][0xbd][0xef][0xbf][0xbd][0x19]G+8&[0xef][0xbf][0xbd]g[0x11][0xef][0xbf][0xbd][0xef][0xbf][0xbd][0xef][0xbf][0xbd]*1[0xef][0xbf][0xbd] SY[0xef][0xbf][0xbd][0xef][0xbf][0xbd]7W[0xef][0xbf][0xbd]g[0x6][0xef][0xbf][0xbd][0xef][0xbf][0xbd][0xef][0xbf][0xbd][0xef][0xbf][0xbd][0xef][0xbf][0xbd][0xef][0xbf][0xbd]W[0x1f][0xef][0xbf][0xbd][0xef]"
07:56:30.840 [main] DEBUG org.apache.http.wire -  >> "[0xbf][0xbd]g_[0xef][0xbf][0xbd][0xef][0xbf][0xbd][0xef][0xbf][0xbd][\r][0xef][0xbf][0xbd][0x1f][0xef][0xbf][0xbd][0xef][0xbf][0xbd]xd[0xef][0xbf][0xbd][0xef][0xbf][0xbd]|[0x6]E[0xef][0xbf][0xbd][0x19]6[0x0][0xef][0xbf][0xbd];[0xef][0xbf][0xbd]xB[0xef][0xbf][0xbd]h[0xef][0xbf][0xbd]1[0xef][0xbf][0xbd][0xef][0xbf][0xbd][0xef][0xbf][0xbd][0xef][0xbf][0xbd])[0x1b].[0xef][0xbf][0xbd]}14[0xc8][0x95]R[0x9][0xcf][0xa4][0xef][0xbf][0xbd][0xef][0xbf][0xbd][0xef][0xbf][0xbd]r[0xef][0xbf][0xbd]JKM[0xef][0xbf][0xbd][0xce][0xb1][0xef][0xbf][0xbd][0xef][0xbf][0xbd][0xef][0xbf][0xbd][0xef][0xbf][0xbd][0x1d][0x1a][0x13]c;[0xef][0xbf][0xbd][0xef][0xbf][0xbd][0xef][0xbf][0xbd],[0xef][0xbf][0xbd][0xef][0xbf][0xbd][0x3]K2([0xc3][0xb1][0xef][0xbf][0xbd]6[0xef][0xbf][0xbd]~[0xef][0xbf][0xbd] y[0xef][0xbf][0xbd][0xef][0xbf][0xbd]_[0xef][0xbf][0xbd][0xef][0x9b][0x80]O][0xef][0xbf][0xbd]|[0xef][0xbf][0xbd][0xef][0xbf][0xbd][0xef][0xbf][0xbd]S[0xef][0xbf][0xbd][0x12][0x14][0x1b][0xcb][0x95][0xef][0xbf][0xbd][0x1e]|[0x1][0xef][0xbf][0xbd]F[\r]m[0x7]W[0xef][0xbf][0xbd][0xef][0xbf][0xbd][0xef][0xbf][0xbd][0xef][0xbf][0xbd][0xef][0xbf][0xbd][0xef][0xbf][0xbd]y[0xef][0xbf][0xbd][0xef][0xbf][0xbd]jg[0xef][0xbf][0xbd][0xef][0xbf][0xbd])[0xef][0xbf][0xbd]6.[0xef][0xbf][0xbd][0xef][0xbf][0xbd][0xef][0xbf][0xbd]S[0xef][0xbf][0xbd] [0xef][0xbf][0xbd]5[0xef][0xbf][0xbd][0xef][0xbf][0xbd][0xef][0xbf][0xbd] g[0x1]"[0xef][0xbf][0xbd]C[0xef][0xbf][0xbd][0x9][0xef][0xbf][0xbd]hfK[0xf][0x1f][0xf][0xef][0xbf][0xbd][0x12]B[0x2][0x1a][0xef][0xbf][0xbd]1I[0xef][0xbf][0xbd]kE[0xef][0xbf][0xbd] [0xef][0xbf][0xbd][0x7][0xe]s[0x14]]HCy[0xef][0xbf][0xbd][0xef][0xbf][0xbd][0xef][0xbf][0xbd][0x10][0xef][0xbf][0xbd]X[0xef][0xbf][0xbd],[0xef][0xbf][0xbd][0xef][0xbf][0xbd]_MNB[0xef][0xbf][0xbd][0xef][0xbf][0xbd]E@[0xd4][0x98]S[0xef][0xbf][0xbd]Xe[0xef][0xbf][0xbd][0xef][0xbf][0xbd][0x12]O[0xef][0x95][0xac][0xef][0xbf][0xbd]Wo[0xef][0xbf][0xbd][0xdb][0x9a][0xef][0xbf][0xbd]9[0x2][0xef][0xbf][0xbd]n[0x18][0xc][0x0][0x2][0xef][0xbf][0xbd]\FAO[0xef][0xbf][0xbd]4"[0x1]t[0xef][0xbf][0xbd]R[0xef][0xbf][0xbd][0xef][0xbf][0xbd]v[0xef][0xbf][0xbd][0xef][0xbf][0xbd][0x8]u[0xef][0xbf][0xbd][0xef][0xbf][0xbd][0xef][0xbf][0xbd]}[0xef][0xbf][0xbd]t[0xef][0xbf][0xbd]`[0xef][0xbf][0xbd][0xef][0xbf][0xbd][0x7]&[0x14]*[0x8]}L[0x19][0xef][0xbf][0xbd]T[0xef][0xbf][0xbd]P[0xef][0xbf][0xbd]-[0xef][0xbf][0xbd]1[0x10][0xef][0xbf][0xbd][0xef][0xbf][0xbd][0x1b][0xef][0xbf][0xbd][0xef][0xbf][0xbd]C;k[0xef][0xbf][0xbd]X[0xef][0xbf][0xbd][0x6]>[\r]M[0xef][0xbf][0xbd][0xef][0xbf][0xbd][0xef][0xbf][0xbd][0xef][0xbf][0xbd]S[0xef][0xbf][0xbd]C[0xef][0xbf][0xbd][0xef][0xbf][0xbd][0x17][0xef][0xbf][0xbd][0xef][0xbf][0xbd]-[0xef][0xbf][0xbd]=[0xef][0xbf][0xbd][0xef][0xbf][0xbd][0xef][0xbf][0xbd][0xef][0xbf][0xbd][0x6]b[0x1f][0xef][0xbf][0xbd][0x12]x[0xef][0xbf][0xbd][0xef][0xbf][0xbd][0xef][0xbf][0xbd]{c[0xef][0xbf][0xbd][0xef][0xbf][0xbd][0xef][0xbf][0xbd][0xef][0xbf][0xbd][0xef][0xbf][0xbd][0x1]A[0xef][0xbf][0xbd]i[0xef][0xbf][0xbd][0xef][0xbf][0xbd]l[0xef][0xbf][0xbd][0xef][0xbf][0xbd][0xef][0xbf][0xbd]6[0xd4][0x8a][0x14][0xef][0xbf][0xbd]yc:[0xef][0xbf][0xbd][0xef][0xbf][0xbd][0x15][0xd4][0xaf]%[0xef][0xbf][0xbd]6 [0xef][0xbf][0xbd][0xef][0xbf][0xbd]j[0xef][0xbf][0xbd][0xef][0xbf][0xbd][0x1c][0xef][0xbf][0xbd][0xef][0xbf][0xbd]X[0x0]4[0x7]z8[0xef][0xbf][0xbd][0xef][0xbf][0xbd][0xb],[0xef][0xbf][0xbd]H[0xc8][0x90][0xcb][0x83]2L[0xef][0xbf][0xbd][0x0][0xef][0xbf][0xbd],[0xef][0xbf][0xbd])x[0xef][0xbf][0xbd][0xef][0xbf][0xbd]V[0xef][0xbf][0xbd]1[0xef][0xbf][0xbd]c[0xef][0xbf][0xbd][0xef][0xbf][0xbd]([0xef][0xbf][0xbd][0x4]z9Ku[0xc][0xef][0xbf][0xbd]t}=[0xef][0xbf][0xbd][0xef][0xbf][0xbd][0xef][0xbf][0xbd]hL[0xef][0xbf][0xbd][0xef][0xbf][0xbd][0xef][0xbf][0xbd]x[0x3][0xef][0xbf][0xbd]ts[0x5][0x18]o[0xef][0xbf][0xbd][0xef][0xbf][0xbd][0x14][0x16]cB[0xef][0xbf][0xbd][0xef][0xbf][0xbd][0xef][0xbf][0xbd]~[0xef][0xbf][0xbd][0xef][0xbf][0xbd]Lc[0xef][0xbf][0xbd][0xcd][0xb5][0xef][0xbf][0xbd][0xef][0xbf][0xbd]+[0x10]S[0xef][0xbf][0xbd][0x12]][0xef][0xbf][0xbd][0xef][0xbf][0xbd]x[0xef][0xbf][0xbd]B[0xef][0xbf][0xbd]px[0x13][0x5][0xef][0xbf][0xbd]U[\r][0xef][0xbf][0xbd]R[0xef][0xbf][0xbd][0xef][0xbf][0xbd]0[0xef][0xbf][0xbd]5[0xef][0xbf][0xbd]k[0xef][0xbf][0xbd][0xef][0xbf][0xbd][0xef][0xbf][0xbd]:Z[0xef][0xbf][0xbd]-[0xf]:[0xef][0xbf][0xbd]l[0xef][0xbf][0xbd]#0[0xef][0xbf][0xbd][0x2][0xef][0xbf][0xbd]V[0xef][0xbf][0xbd]er[0xef][0xbf][0xbd][0xef][0xbf][0xbd]<[0xef][0xbf][0xbd][0xef][0xbf][0xbd]|[0x8]zm9[0x1b][0xef][0xbf][0xbd]r[[0xef][0xbf][0xbd][0x15][0xef][0xbf][0xbd][0xef][0xbf][0xbd][0xef][0xbf][0xbd]G[0xef][0xbf][0xbd][0xef][0xbf][0xbd][0xef][0xbf][0xbd]v[[0xef][0xbf][0xbd]$[0xef][0xbf][0xbd]+[0x1c]p[0xef][0xbf][0xbd][0xef][0xbf][0xbd][0xc7][0x9a]p![0xef][0xbf][0xbd][0xef][0xbf][0xbd][0xef][0xbf][0xbd]PFD_[0xef][0xbf][0xbd][0xef][0xbf][0xbd]5<[0xef][0xbf][0xbd][0xef][0xbf][0xbd][0xef][0xbf][0xbd][0xef][0xbf][0xbd][0xef][0xbf][0xbd]P[0xef][0xbf][0xbd]Vhk[0x16]/[0x15]X[0x18][0xef][0xbf][0xbd][0xef][0xbf][0xbd]@[[0xef][0xbf][0xbd]1[0xef][0xbf][0xbd][0x7][0xf][0xef][0xbf][0xbd][0xef][0xbf][0xbd]IV[0xef][0xbf][0xbd][0xef][0xbf][0xbd]5[0xef][0xbf][0xbd][0xef][0xbf][0xbd],_b[0xef][0xbf][0xbd][0xef][0xbf][0xbd][0xef][0xbf][0xbd]D[0xcd][0xa5],"[0xef][0xbf][0xbd]yE<[0xef][0xbf][0xbd][0xf][0xef][0xbf][0xbd][0xef][0xbf][0xbd][0xeb][0xb3][0xb8][0xef][0xbf][0xbd][0xf]Uy[0xef][0xbf][0xbd]=[0xef][0xbf][0xbd]O~[0xef][0xbf][0xbd]s[0xef][0xbf][0xbd]S[0xef][0xbf][0xbd][0x3][0x3]Oji([0xef][0xbf][0xbd][0xef][0xbf][0xbd]-[0xe][0xef][0xbf][0xbd][[0x3][0xef][0xbf][0xbd][0xef][0xbf][0xbd][0xef][0xbf][0xbd][0xef][0xbf][0xbd][0xef][0xbf][0xbd][0x7]i[0xef][0xbf][0xbd]V[0xef][0xbf][0xbd]([0xef][0xbf][0xbd][0xef][0xbf][0xbd][0xef][0xbf][0xbd]D_r[0xef][0xbf][0xbd][0xef][0xbf][0xbd][0xef][0xbf][0xbd]$[0xef][0xbf][0xbd][0x5][0x1b]L[\n]"
07:56:30.841 [main] DEBUG org.apache.http.wire -  >> "[0xef][0xbf][0xbd][0xef][0xbf][0xbd][0xef][0xbf][0xbd][0xef][0xbf][0xbd]T[0x1b]>[0xef][0xbf][0xbd][0xef][0xbf][0xbd][0x17][0xef][0xbf][0xbd][0xef][0xbf][0xbd][0xe]iVR[0x9][0xef][0xbf][0xbd]'9[0xef][0xbf][0xbd][0x13]r[0x1e][0xef][0xbf][0xbd][0xef][0xbf][0xbd][0xef][0xbf][0xbd][0x5][\r][0xef][0xbf][0xbd]J[0xef][0xbf][0xbd][0xc7][0xa2]H[0xef][0xbf][0xbd]F-[0xf]m[0x0][0xd9][0xa7]nr[0xef][0xbf][0xbd][0xef][0xbf][0xbd][0x1f].[0xef][0xbf][0xbd][0xef][0xbf][0xbd]*o[0xef][0xbf][0xbd][0xda][0x8f][0xef][0xbf][0xbd]-[0xef][0xbf][0xbd][0xc][0xef][0xbf][0xbd]D[0xef][0xbf][0xbd][0xef][0xbf][0xbd][0xef][0xbf][0xbd]k[0xef][0xbf][0xbd][0xef][0xbf][0xbd][0x4][0xc3][0x8f]|w[0xef][0xbf][0xbd][0xef][0xbf][0xbd]n,dH[0xef][0xbf][0xbd][0xef][0xbf][0xbd][0xef][0xbf][0xbd]7[0xef][0xbf][0xbd]}[\n]"
07:56:30.841 [main] DEBUG org.apache.http.wire -  >> "Z[0xef][0xbf][0xbd][0xef][0xbf][0xbd][0xef][0xbf][0xbd]jo[0xef][0xbf][0xbd]}[0x0][0xef][0xbf][0xbd][0xef][0xbf][0xbd]Q[0xef][0xbf][0xbd][0xb]LA[0xef][0xbf][0xbd][0x4]I}DF[0xef][0xbf][0xbd][0xef][0xbf][0xbd]n{[0xef][0xbf][0xbd]M1!yN2[0xef][0xbf][0xbd]b][0xef][0xbf][0xbd][0x11][0xef][0xbf][0xbd][0xef][0xbf][0xbd][0xef][0xbf][0xbd][0x19][0xc3][0xbc][0xef][0xbf][0xbd][0xef][0xbf][0xbd]:[0xef][0xbf][0xbd][0xef][0xbf][0xbd][0xef][0xbf][0xbd]4[0xef][0xbf][0xbd]6[0xef][0xbf][0xbd]1[0xef][0xbf][0xbd][0xef][0xbf][0xbd]$[0xef][0xbf][0xbd]xY[0xef][0xbf][0xbd]e:[\n]"
07:56:30.841 [main] DEBUG org.apache.http.wire -  >> "[0xef][0xbf][0xbd]QFH[0xc6][0xb2][0xef][0xbf][0xbd][0xef][0xbf][0xbd][0xef][0xbf][0xbd][0xef][0xbf][0xbd]e[0xef][0xbf][0xbd][0xef][0xbf][0xbd][0xef][0xbf][0xbd][0xef][0xbf][0xbd][0x2][0xef][0xbf][0xbd]H[0xef][0xbf][0xbd][0xef][0xbf][0xbd][0xef][0xbf][0xbd][0xef][0xbf][0xbd][0x17][0xef][0xbf][0xbd]&[0xef][0xbf][0xbd]71"[0xef][0xbf][0xbd][0xef][0xbf][0xbd]N[0xef][0xbf][0xbd]\[0xef][0xbf][0xbd][0xef][0xbf][0xbd][0xef][0xbf][0xbd][0xef][0xbf][0xbd]a[\n]"
07:56:30.841 [main] DEBUG org.apache.http.wire -  >> "[0xef][0xbf][0xbd][0x1d][0xef][0xbf][0xbd][0x16][0xef][0xbf][0xbd]m[0xef][0xbf][0xbd] [0x3]r[0xef][0xbf][0xbd]|MI[0xef][0xbf][0xbd][0xef][0xbf][0xbd]$[0x0][0xef][0xbf][0xbd][\r][0xef][0xbf][0xbd]{,[0xef][0xbf][0xbd]Ss.[0xef][0xbf][0xbd]0[0xef][0xbf][0xbd][0xef][0xbf][0xbd][0xef][0xbf][0xbd]([0xef][0xbf][0xbd][0x1e]X3[0x15][0x9][0xc9][0xb4][0xef][0xbf][0xbd][0x1a][0xef][0xbf][0xbd][0xef][0xbf][0xbd]y[0xef][0xbf][0xbd]?}[0x3][0xef][0xbf][0xbd][0xf]g[0x9][0xef][0xbf][0xbd][0xef][0xbf][0xbd]e[0xef][0xbf][0xbd][0xef][0xbf][0xbd]>[0xef][0xbf][0xbd][0xef][0xbf][0xbd][0xef][0xbf][0xbd][0xef][0xbf][0xbd][\n]"
07:56:30.841 [main] DEBUG org.apache.http.wire -  >> "[0xef][0xbf][0xbd][0x17]V[0x1b][0xef][0xbf][0xbd][0x15][0xef][0xbf][0xbd][0xef][0xbf][0xbd][0xef][0xbf][0xbd][0xe][0x6][0xef][0xbf][0xbd]+[0x1e][0xef][0xbf][0xbd]][0xef][0xbf][0xbd]L[0xef][0xbf][0xbd][0xef][0xbf][0xbd]\[0xef][0xbf][0xbd][0xef][0xbf][0xbd][0x2]k[0xef][0xbf][0xbd][0x15]cx[0xef][0xbf][0xbd]xB}[0xc2][0xb8][0xef][0xbf][0xbd][0xef][0xbf][0xbd];[0xb][0xef][0xbf][0xbd][0xc5][0x99]+[0xef][0xbf][0xbd],[0xef][0xbf][0xbd][0xef][0xbf][0xbd]E[0xef][0xbf][0xbd][0x16]VO'[0xef][0xbf][0xbd]H[0xef][0xbf][0xbd][0xce][0xb9][0xef][0xbf][0xbd][0xef][0xbf][0xbd]c^V][0xef][0xbf][0xbd][0xef][0xbf][0xbd][0xef][0xbf][0xbd][0xef][0xbf][0xbd][0xd8][0xae][0xef][0xbf][0xbd]~[0xb][0xef][0xbf][0xbd][0xef][0xbf][0xbd][0xef][0xbf][0xbd][\n]"
07:56:30.841 [main] DEBUG org.apache.http.wire -  >> "[0xef][0xbf][0xbd]}i.g,[0xef][0xbf][0xbd]@y[0xef][0xbf][0xbd][0xef][0xbf][0xbd]$[0xc9][0xa3]L[0xef][0xbf][0xbd]i[0xef][0xbf][0xbd][0xef][0xbf][0xbd]X[0xef][0xbf][0xbd][0xef][0xbf][0xbd] R=S[0xef][0xbf][0xbd][0xef][0xbf][0xbd][0xef][0xbf][0xbd][0xef][0xbf][0xbd]q[0xef][0xbf][0xbd]s[0xef][0xbf][0xbd][0xef][0xbf][0xbd]"X[0xef][0xbf][0xbd]ed[0xef][0xbf][0xbd]V[0xef][0xbf][0xbd]O[0xef][0xbf][0xbd][0xef][0xbf][0xbd],[0xef][0xbf][0xbd][0xc6][0xae][0x1e]*[0xef][0xbf][0xbd][0x3]d[0xef][0xbf][0xbd]Lf[0xef][0xbf][0xbd]~[0xef][0xbf][0xbd][0xef][0xbf][0xbd][0xdb][0xba][0xef][0xbf][0xbd][0xef][0xbf][0xbd]S[0xef][0xbf][0xbd]2-n[0xef][0xbf][0xbd]C[0xef][0xbf][0xbd]6[0xef][0xbf][0xbd][0xe2][0xad][0xbd]&o[\r][0x3][[0xef][0xbf][0xbd].^U[0xef][0xbf][0xbd]<[0xef][0xbf][0xbd][0xef][0xbf][0xbd][0x14]F[0xef][0xbf][0xbd]L[0xef][0xbf][0xbd][0xc]s[0xef][0xbf][0xbd][0x1e]F[0x8][0xef][0xbf][0xbd]{[0xef][0xbf][0xbd][0xef][0xbf][0xbd]N)[0xef][0xbf][0xbd][0xf]4'm[0x2][0xef][0xbf][0xbd][0xef][0xbf][0xbd]a[0xc6][0xa2]]#[0x19][0xef][0xbf][0xbd]\a[0xea][0xa6][0x9d][0xef][0xbf][0xbd][0xef][0xbf][0xbd]H[0xef][0xbf][0xbd]':[0xef][0xbf][0xbd]3e[0x18]8+[0xef][0xbf][0xbd][0xef][0xbf][0xbd][0xc][\n]"
07:56:30.841 [main] DEBUG org.apache.http.wire -  >> "[0xef][0xbf][0xbd][0xef][0xbf][0xbd]2[0xb][0xcd][0x9b]F[0xef][0xbf][0xbd]2.[0xef][0xbf][0xbd][0xef][0xbf][0xbd];[0xef][0xbf][0xbd][0xef][0xbf][0xbd][0xc8][0xa5]>[0xef][0xbf][0xbd]l[0xef][0xbf][0xbd]s[0xef][0xbf][0xbd]y[0xef][0xbf][0xbd]6([0xef][0xbf][0xbd][0xef][0xbf][0xbd][0xef][0xbf][0xbd]7[0xef][0xbf][0xbd][0xef][0xbf][0xbd][0xef][0xbf][0xbd][0xef][0xbf][0xbd][0x9]j[0xef][0xbf][0xbd][0x2]/[0xef][0xbf][0xbd][0xef][0xbf][0xbd][0xef][0xbf][0xbd]7[0xef][0xbf][0xbd]~[0xe5][0x85][0xa7]_[0xc5][0xad]|([0xcb][0xbb][0xef][0xbf][0xbd][0xef][0xbf][0xbd]q[0xef][0xbf][0xbd][0xef][0xbf][0xbd][0x16][0xef][0xbf][0xbd]\[0xef][0xbf][0xbd]a[0xef][0xbf][0xbd][0xef][0xbf][0xbd][0xc4][0xaa][0xef][0xbf][0xbd]x[0xef][0xbf][0xbd]{[0xef][0xbf][0xbd][0xc5][0x98]X[0x0][0xef][0xbf][0xbd][0xc][0xef][0xbf][0xbd]}[0xef][0xbf][0xbd][0xcd][0x89][0xef][0xbf][0xbd][0xef][0xbf][0xbd][[0xef][0xbf][0xbd][0xef][0xbf][0xbd]%[0xef][0xbf][0xbd][0xef][0xbf][0xbd]h[0xef][0xbf][0xbd][0xef][0xbf][0xbd][\n]"
07:56:30.841 [main] DEBUG org.apache.http.wire -  >> "X[0xef][0xbf][0xbd][0x4][0xef][0xbf][0xbd]5[0xef][0xbf][0xbd][0xef][0xbf][0xbd][0xef][0xbf][0xbd][0x13][0xb]6[0x1f]U[0x1d][0xef][0xbf][0xbd][0x10][0xef][0xbf][0xbd][0xef][0xbf][0xbd][0xef][0xbf][0xbd][0x7][0xef][0xbf][0xbd]}[0x1f]2[0xef][0xbf][0xbd],[0xef][0xbf][0xbd][0xef][0xbf][0xbd]}[0xef][0xbf][0xbd][0x1a][0xef][0xbf][0xbd]NM[0xef][0xbf][0xbd][0xef][0xbf][0xbd])u[0xef][0xbf][0xbd][0xef][0xbf][0xbd][0xef][0xbf][0xbd]r[0xef][0xbf][0xbd]g[0xef][0xbf][0xbd]v![0xef][0xbf][0xbd]>[0xef][0xbf][0xbd]9k[0x1]b[0xef][0xbf][0xbd][0x18][0xef][0xbf][0xbd]P_[0xef][0xbf][0xbd] 5[0xef][0xbf][0xbd][0xef][0xbf][0xbd]^[0xef][0xbf][0xbd]L[0xef][0xbf][0xbd][0xef][0xbf][0xbd]C[0xef][0xbf][0xbd][0xef][0xbf][0xbd]M[0xef][0xbf][0xbd][0x1c]m[0x1d][0xef][0xbf][0xbd][0xef][0xbf][0xbd]HT[0xef][0xbf][0xbd][0xef][0xbf][0xbd]5[0xc3][0x96][0xef][0xbf][0xbd][0xef][0xbf][0xbd][0xef][0xbf][0xbd]![0xef][0xbf][0xbd]:[0xef][0xbf][0xbd]tk[0xef][0xbf][0xbd]i![0xef][0xbf][0xbd]Z$-[0xda][0x8b][0xef][0xbf][0xbd][0x0][0xef][0xbf][0xbd][0xef][0xbf][0xbd][0xef][0xbf][0xbd][0xef][0xbf][0xbd]{z[[0xef][0xbf][0xbd][0xef][0xbf][0xbd][0xb][0xef][0xbf][0xbd]L[0xef][0xbf][0xbd][0xef][0xbf][0xbd]^[0x17]8[0xef][0xbf][0xbd][0xef][0xbf][0xbd]r[0xef][0xbf][0xbd]e[0xef][0xbf][0xbd]6[0xef][0xbf][0xbd]A[0xef][0xbf][0xbd][0xef][0xbf][0xbd]9[0xef][0xbf][0xbd][0xef][0xbf][0xbd][0xef][0xbf][0xbd]qShy[0xef][0xbf][0xbd][0xef][0xbf][0xbd][0xd0][0xb7]]`[0xef][0xbf][0xbd][0xef][0xbf][0xbd][0xca][0xb3][0xef][0xbf][0xbd]_[0x0]s[0xef][0xbf][0xbd]U[0xef][0xbf][0xbd]![0x3]3F[0x1a]he[0xef][0xbf][0xbd][0xef][0xbf][0xbd]P[0xef][0xbf][0xbd][0xef][0xbf][0xbd][0xef][0xbf][0xbd][0xef][0xbf][0xbd]4[0xef][0xbf][0xbd]`=[0xef][0xbf][0xbd][0xef][0xbf][0xbd][0xef][0xbf][0xbd]=[0xef][0xbf][0xbd][0xef][0xbf][0xbd][0xef][0xbf][0xbd][0xef][0xbf][0xbd][0xef][0xbf][0xbd][0x6] [0xef][0xbf][0xbd][0xef][0xbf][0xbd][0x1][0xef][0xbf][0xbd][0xef][0xbf][0xbd]b[0xef][0xbf][0xbd][0xef][0xbf][0xbd][0x1c][0xef][0xbf][0xbd]8[0xef][0xbf][0xbd][0xef][0xbf][0xbd]?m[0x1a][0xef][0xbf][0xbd]go[0xef][0xbf][0xbd]3 [0xdc][0x90][0xef][0xbf][0xbd][0xef][0xbf][0xbd][0x3]b[0xef][0xbf][0xbd][0xef][0xbf][0xbd]K[0xef][0xbf][0xbd][0xef][0xbf][0xbd]@[0xef][0xbf][0xbd]5[0x1][0xef][0xbf][0xbd][0xef][0xbf][0xbd][0x1a][0xef][0xbf][0xbd]r$8n[0xef][0xbf][0xbd][0xef][0xbf][0xbd]8[0xef][0xbf][0xbd][0xef][0xbf][0xbd]Q[0xef][0xbf][0xbd]B[0xef][0xbf][0xbd]Q[0xef][0xbf][0xbd][0xef][0xbf][0xbd][0xef][0xbf][0xbd]&[0xef][0xbf][0xbd][\n]"
07:56:30.841 [main] DEBUG org.apache.http.wire -  >> "[0xef][0xbf][0xbd][0x1a]r[0xef][0xbf][0xbd])f[0xef][0xbf][0xbd][0xef][0xbf][0xbd][0xef][0xbf][0xbd][0xef][0xbf][0xbd][0xef][0xbf][0xbd][0xef][0xbf][0xbd][0x1]1[0xca][0x80][0xef][0xbf][0xbd][0x1][0x1a][0xef][0xbf][0xbd]I[0xef][0xbf][0xbd][0xef][0xbf][0xbd][0xef][0xbf][0xbd][0xef][0xbf][0xbd]F[0xef][0xbf][0xbd][0xef][0xbf][0xbd][0xef][0xbf][0xbd]}[0xef][0xbf][0xbd][0xef][0xbf][0xbd][0xef][0xbf][0xbd][[0xef][0xbf][0xbd][0xef][0xbf][0xbd]V>[0xef][0xbf][0xbd][0xef][0xbf][0xbd]][0xef][0xbf][0xbd][0x16][0xef][0xbf][0xbd])[0xef][0xbf][0xbd][0xef][0xbf][0xbd]6:[0xef][0xbf][0xbd][0xef][0xbf][0xbd][0xef][0xbf][0xbd]9[0x1c][0xef][0xbf][0xbd]I/[0xef][0xbf][0xbd]9[0x13][0xef][0xbf][0xbd]D[0x1])[0xef][0xbf][0xbd]d[0xea][0xbd][0x80][0xef][0xbf][0xbd]H[0xef][0xbf][0xbd]Q[0xef][0xbf][0xbd][0xef][0xbf][0xbd][0xef][0xbf][0xbd][0xef][0xbf][0xbd]i[0xef][0xbf][0xbd][\n]"
07:56:30.841 [main] DEBUG org.apache.http.wire -  >> "@[0xef][0xbf][0xbd][0xef][0xbf][0xbd].?[0xef][0xbf][0xbd][0xef][0xbf][0xbd]7[0x13]C%[0xc]uQ[\r][0xef][0xbf][0xbd]`[0xef][0xbf][0xbd]pI[0xef][0xbf][0xbd]$[0xef][0xbf][0xbd]f[0xef][0xbf][0xbd]r[0xef][0xbf][0xbd]"[0xef][0xbf][0xbd]zo[0xef][0xbf][0xbd][0x11]C[0xef][0xbf][0xbd]i[0xef][0xbf][0xbd])e[0xef][0xbf][0xbd]![0xef][0xbf][0xbd]H[0x1d][0xef][0xbf][0xbd][\n]"
07:56:30.841 [main] DEBUG org.apache.http.wire -  >> "[0xe]t[0xef][0xbf][0xbd][0xef][0xbf][0xbd]T[0x1a][0xef][0xbf][0xbd][0xef][0xbf][0xbd][0xef][0xbf][0xbd][0xef][0xbf][0xbd]e4[0xef][0xbf][0xbd][0xef][0xbf][0xbd][0xef][0xbf][0xbd][0xd5][0x94]y_[0xef][0xbf][0xbd]q[0xef][0xbf][0xbd][0xef][0xbf][0xbd]{0,\Z[0xef][0xbf][0xbd][0xef][0xbf][0xbd]uG[0xef][0xbf][0xbd]?[0x7]$[0xef][0xbf][0xbd][0xef][0xbf][0xbd][0xef][0xbf][0xbd]E[0xef][0xbf][0xbd][0xef][0xbf][0xbd].J[0xef][0xbf][0xbd]i[0xef][0xbf][0xbd][0xef][0xbf][0xbd][0xef][0xbf][0xbd]Ms[0xef][0xbf][0xbd][0x0][0xef][0xbf][0xbd]K[[0xef][0xbf][0xbd]M[0xef][0xbf][0xbd][0xef][0xbf][0xbd][0xc]s[0xef][0xbf][0xbd][0xef][0xbf][0xbd][0x1b][0xef][0xbf][0xbd][0x2][0xef][0xbf][0xbd]9w[0xef][0xbf][0xbd]<[0xef][0xbf][0xbd][0x1][0x19][0xef][0xbf][0xbd][0xef][0xbf][0xbd][0x1d][0xef][0xbf][0xbd][0xef][0xbf][0xbd][0x11][0x18][0xef][0xbf][0xbd][0x16][0xef][0xbf][0xbd]Y b[0xef][0xbf][0xbd]>[0xef][0xbf][0xbd]X[0xef][0xbf][0xbd][0xef][0xbf][0xbd][0xef][0xbf][0xbd]d[0xef][0xbf][0xbd][0xef][0xbf][0xbd][0x13]`O'[0xef][0xbf][0xbd][0xef][0xbf][0xbd]][0xb][0xef][0xbf][0xbd][0xef][0xbf][0xbd]:[0x19]1}F[0xef][0xbf][0xbd][0xef][0xbf][0xbd][0xef][0xbf][0xbd]i)[0xe9][0x9e][0xba][0x6][0xef][0xbf][0xbd][0xef][0xbf][0xbd][0xef][0xbf][0xbd][0xef][0xbf][0xbd][0xf][0xef][0xbf][0xbd][0xef][0xbf][0xbd]][0xef][0xbf][0xbd]-![0x1c][0xef][0xbf][0xbd][0x4]g[0xef][0xbf][0xbd][0xef][0xbf][0xbd][0xef][0xbf][0xbd]}7[0xef][0xbf][0xbd][0x1c]ag-B[0xef][0xbf][0xbd]d8[0xef][0xbf][0xbd][0xef][0xbf][0xbd]$[0xdb][0x96][0xef][0xbf][0xbd][0xef][0xbf][0xbd][0xef][0xbf][0xbd]8k[0x5]Z[0xef][0xbf][0xbd]Q[0xef][0xbf][0xbd]}}[0xef][0xbf][0xbd][0xef][0xbf][0xbd][0xef][0xbf][0xbd][0xd1][0xba]b![0xef][0xbf][0xbd]O[0xef][0xbf][0xbd]p[0xef][0xbf][0xbd]Gi[0x6][0xb][0xef][0xbf][0xbd][0xd5][0x9c][0xef][0xbf][0xbd][0xef][0xbf][0xbd][0xef][0xbf][0xbd][0x13]p;[0x11][0xef][0xbf][0xbd][0xef][0xbf][0xbd][0xef][0xbf][0xbd][0xef][0xbf][0xbd]H[0x2][0xef][0xbf][0xbd][0xef][0xbf][0xbd][0x12][0xef][0xbf][0xbd][0xef][0xbf][0xbd][0xef][0xbf][0xbd][0x3][0xef][0xbf][0xbd][0xef][0xbf][0xbd]][0x13][0xf][0x1f][0xef][0xbf][0xbd][0xef][0xbf][0xbd][0xef][0xbf][0xbd][0xcf][0xbe][0xef][0xbf][0xbd][0x1f][0xef][0xbf][0xbd]@[0xef][0xbf][0xbd]q([0xef][0xbf][0xbd]G[0xef][0xbf][0xbd][0xd3][0xbf][0xef][0xbf][0xbd][0xef][0xbf][0xbd]}[0xef][0xbf][0xbd]e~[0xef][0xbf][0xbd]\[0xef][0xbf][0xbd]sb[0xef][0xbf][0xbd]{[0xef][0xbf][0xbd][0x16]Oi[0xef][0xbf][0xbd][0xef][0xbf][0xbd]rb[0xef][0xbf][0xbd][0xef][0xbf][0xbd]s[0xef][0xbf][0xbd][0x11][0xc5][0x93]J=[0xef][0xbf][0xbd][0xef][0xbf][0xbd][0x13][0xef][0xbf][0xbd]A[0xef][0xbf][0xbd]Y[0xef][0xbf][0xbd][0x1b][0x16][0xef][0xbf][0xbd][0xcb][0xae]_[0xef][0xbf][0xbd]f[0xef][0xbf][0xbd][0xef][0xbf][0xbd][0xef][0xbf][0xbd][0xef][0xbf][0xbd]4y}[0xef][0xbf][0xbd][0x0]s[0xef][0xbf][0xbd][\r][0xd0][0xb4][0xe])[0xef][0xbf][0xbd][0x18][0xcb][0xb1]p%[0xef][0xbf][0xbd]xY[0x11]C[0xef][0xbf][0xbd][0xef][0xbf][0xbd][0x1b]*[0xef][0xbf][0xbd][\n]"
07:56:30.842 [main] DEBUG org.apache.http.wire -  >> "[0xef][0xbf][0xbd]Z[0xef][0xbf][0xbd][0x1][0xef][0xbf][0xbd][0x7]3[0xef][0xbf][0xbd][0x15][0xda][0xb2][0xef][0xbf][0xbd][0xef][0xbf][0xbd]R[0xef][0xbf][0xbd]N5[0xef][0xbf][0xbd]i[0xef][0xbf][0xbd]=[0xef][0xbf][0xbd][0x1]X[0xef][0xbf][0xbd][0xef][0xbf][0xbd]D?][0xef][0xbf][0xbd]4zG0[0xef][0xbf][0xbd][0xef][0xbf][0xbd][0x1a][0xef][0xbf][0xbd]m$[0xef][0xbf][0xbd]Y[0xef][0xbf][0xbd][0xef][0xbf][0xbd]Cq[0xef][0xbf][0xbd][0xef][0xbf][0xbd]`[0xef][0xbf][0xbd][0xef][0xbf][0xbd][0x10][0xef][0xbf][0xbd]>D[0xef][0xbf][0xbd][0xef][0xbf][0xbd][0x6][0xef][0xbf][0xbd][0xef][0xbf][0xbd][0xef][0xbf][0xbd]2-S:[0xef][0xbf][0xbd]q4X[0x1f].[0xef][0xbf][0xbd][0xef][0xbf][0xbd][0xef][0xbf][0xbd][0xef][0xbf][0xbd][0xef][0xbf][0xbd]1n[0x12][0xe9][0x80][0xa7][0x1a][0xef][0xbf][0xbd][0xd4][0x99][0xef][0xbf][0xbd][0x9]A6[0xef][0xbf][0xbd][0xef][0xbf][0xbd]crJ[0xef][0xbf][0xbd]@Rq"^3[0xef][0xbf][0xbd]8E[0xef][0xbf][0xbd][0xef][0xbf][0xbd][0xef][0xbf][0xbd]&[0xef][0xbf][0xbd]v[0xef][0xbf][0xbd][0xef][0xbf][0xbd][0xd4][0x96][0xef][0xbf][0xbd]S[![[0xef][0xbf][0xbd][0xef][0xbf][0xbd][0x8][0xc6][0x8c][0xef][0xbf][0xbd][0xef][0xbf][0xbd][0x10][0xef][0xbf][0xbd]g:[0xef][0xbf][0xbd][0xef][0xbf][0xbd][0xef][0xbf][0xbd][\r][0xef][0xbf][0xbd]I[0xef][0xbf][0xbd][0xef][0xbf][0xbd]|[0xef][0xbf][0xbd]Uc)[0xef][0xbf][0xbd][0xd8][0xb4]=[0xef][0xbf][0xbd]=[0xef][0xbf][0xbd]U[0xef][0xbf][0xbd][0xef][0xbf][0xbd][0xed][0x8c][0xa8][0xd6][0xb2][0xef][0xbf][0xbd]OuO[0xef][0xbf][0xbd]d[0xef][0xbf][0xbd][0xd9][0x86][0xef][0xbf][0xbd]M[0xef][0xbf][0xbd][0xef][0xbf][0xbd]([0x1][0xef][0xbf][0xbd][0xef][0xbf][0xbd][0xef][0xbf][0xbd][0xef][0xbf][0xbd][0x8][0x1e][0xef][0xbf][0xbd][0x5][0xe5][0x82][0xa4][0xef][0xbf][0xbd][0xef][0xbf][0xbd][0xef][0xbf][0xbd][0xd5][0x9c][0xef][0xbf][0xbd][0xef][0xbf][0xbd]D,t[0xef][0xbf][0xbd][0xef][0xbf][0xbd][0xef][0xbf][0xbd][0xef][0xbf][0xbd][0xef][0xbf][0xbd][0x1f]T[0xef][0xbf][0xbd][0xef][0xbf][0xbd]4[0xef][0xbf][0xbd]h[0xef][0xbf][0xbd][\n]"
07:56:30.842 [main] DEBUG org.apache.http.wire -  >> "[0x4][0xef][0xbf][0xbd][0xef][0xbf][0xbd][0xef][0xbf][0xbd]g[0x0][0xef][0xbf][0xbd][0xef][0xbf][0xbd][0xef][0xbf][0xbd][0xef][0xbf][0xbd][0x18][0xef][0xbf][0xbd]w[0xef][0xbf][0xbd]#[0xef][0xbf][0xbd]p[0xef][0xbf][0xbd]U[0xef][0xbf][0xbd][0xef][0xbf][0xbd][0xef][0xbf][0xbd][\n]"
07:56:30.842 [main] DEBUG org.apache.http.wire -  >> "c![0xef][0xbf][0xbd][0xef][0xbf][0xbd][0xef][0xbf][0xbd])[0xef][0xbf][0xbd][0xef][0xbf][0xbd][0xef][0xbf][0xbd]d[0xef][0xbf][0xbd]U$+n[0xef][0xbf][0xbd][0x17]K[0xef][0xbf][0xbd]#j[0x1f][0xef][0xbf][0xbd]T[0xef][0xbf][0xbd]!4[0xb][0xe][0xef][0xbf][0xbd][0xef][0xbf][0xbd]k_r[0xef][0xbf][0xbd]B[0x7][0x2][0xef][0xbf][0xbd][0xef][0xbf][0xbd][0x18][0xef][0xbf][0xbd][0xef][0xbf][0xbd][0xef][0xbf][0xbd][0xef][0xbf][0xbd][0xef][0xbf][0xbd]@[0xef][0xbf][0xbd]|J"
07:56:30.842 [main] DEBUG org.apache.http.wire -  >> "h[0x1e][0x5]Ky%[0xef][0xbf][0xbd][0xef][0xbf][0xbd]3E[0xef][0xbf][0xbd]#M[0xd5][0x83][0x17][0xc8][0x91][0xb][0xef][0xbf][0xbd][0xda][0xb2]4[0xef][0xbf][0xbd][0xef][0xbf][0xbd]0[0x0]G*z[0xef][0xbf][0xbd][0xef][0xbf][0xbd]=[0xef][0xbf][0xbd]J|[0x1][Sf[0xef][0xbf][0xbd]w[0xef][0xbf][0xbd][0xef][0xbf][0xbd][0xef][0xbf][0xbd]B[\n]"
07:56:30.842 [main] DEBUG org.apache.http.wire -  >> "R[0xef][0xbf][0xbd]u[0xef][0xbf][0xbd]KR[0xef][0xbf][0xbd][0xef][0xbf][0xbd]B[0xef][0xbf][0xbd]j[0xdc][0xac]}[0xef][0xbf][0xbd][0xef][0xbf][0xbd][0xef][0xbf][0xbd]2,[0xef][0xbf][0xbd][0xef][0xbf][0xbd][0xef][0xbf][0xbd][0x19][0xef][0xbf][0xbd][0xef][0xbf][0xbd][0xef][0xbf][0xbd][0xef][0xbf][0xbd]^1[0xef][0xbf][0xbd]wI[0xef][0xbf][0xbd]qy@q[0xef][0xbf][0xbd][0xef][0xbf][0xbd][0x1b]f[0xef][0xbf][0xbd][0xef][0xbf][0xbd]9[0x1a][0xc]VO[0x1a][0xef][0xbf][0xbd][0xef][0xbf][0xbd][0xef][0xbf][0xbd][0xb]z[0xd7][0xb1]6R[0xef][0xbf][0xbd][0xef][0xbf][0xbd][0xef][0xbf][0xbd][0xef][0xbf][0xbd][0x11][0xef][0xbf][0xbd][0xef][0xbf][0xbd][0xef][0xbf][0xbd]?e[0xef][0xbf][0xbd][0xef][0xbf][0xbd]-[0xcf][0x9d][0xef][0xbf][0xbd][0xef][0xbf][0xbd][0xef][0xbf][0xbd]jM-[0xef][0xbf][0xbd][0xef][0xbf][0xbd]^[0xef][0xbf][0xbd]N[0xef][0xbf][0xbd]i[[0xef][0xbf][0xbd]T*[0xef][0xbf][0xbd][\n]"
07:56:30.842 [main] DEBUG org.apache.http.wire -  >> "[0x1d][0xef][0xbf][0xbd]a1[0xef][0xbf][0xbd][0xef][0xbf][0xbd]=[0xef][0xbf][0xbd]a[0xef][0xbf][0xbd]s,Z[0x1d]p[0xef][0xbf][0xbd]m[0xef][0xbf][0xbd]aY[0x1e][0xef][0xbf][0xbd][0xef][0xbf][0xbd][0x1c][0xef][0xbf][0xbd]>}c[0xef][0xbf][0xbd]a[0xef][0xbf][0xbd][0x11][0xef][0xbf][0xbd]_[0xef][0xbf][0xbd][0xc4][0xb3][0xef][0xbf][0xbd]-[0xf][0xde][0x93][0xef][0xbf][0xbd][0xef][0xbf][0xbd]e<[0xef][0xbf][0xbd][0xef][0xbf][0xbd][0xef][0xbf][0xbd]][0xef][0xbf][0xbd]KoP[0x1a][0xef][0xbf][0xbd][0xef][0xbf][0xbd]=[0xef][0xbf][0xbd]f[0xef][0xbf][0xbd]:d[0x0]Kj[0xef][0xbf][0xbd]d[0xef][0xbf][0xbd][0xef][0xbf][0xbd][0x1b][0xef][0xbf][0xbd][0xef][0xbf][0xbd]Inus&i[0xef][0xbf][0xbd][0xef][0xbf][0xbd]6k[0xef][0xbf][0xbd][0xef][0xbf][0xbd][0xef][0xbf][0xbd]S[0x19]%j[0xef][0xbf][0xbd][0xef][0xbf][0xbd]#[0xef][0xbf][0xbd][0xef][0xbf][0xbd]/[0xef][0xbf][0xbd][0xef][0xbf][0xbd]_[0xef][0xbf][0xbd][0xef][0xbf][0xbd][0xef][0xbf][0xbd]cV[0x2][0xef][0xbf][0xbd]B[0xef][0xbf][0xbd][0xef][0xbf][0xbd][0xef][0xbf][0xbd][0xef][0xbf][0xbd]'O?r[0xef][0xbf][0xbd][0xf][0xef][0xbf][0xbd][0xef][0xbf][0xbd][0x19][0x13][0xef][0xbf][0xbd]&jm/9J[\n]"
07:56:30.842 [main] DEBUG org.apache.http.wire -  >> "[0xef][0xbf][0xbd]9][0x3][0xef][0xbf][0xbd]pC[0xef][0xbf][0xbd]<[0xef][0xbf][0xbd]%[0x1][0xef][0xbf][0xbd][0xef][0xbf][0xbd][0x12][0x1c][0xef][0xbf][0xbd][0xca][0x96]k[0xef][0xbf][0xbd]1c!rN[0x14]6[0xef][0xbf][0xbd][0xef][0xbf][0xbd][0xef][0xbf][0xbd][0xef][0xbf][0xbd]h[0x1]*[0xef][0xbf][0xbd]l[0xef][0xbf][0xbd]\[0xef][0xbf][0xbd][0xef][0xbf][0xbd][0x1c][0xef][0xbf][0xbd][0xcf][0x9d][0xef][0xbf][0xbd]~[0xef][0xbf][0xbd][0x3][0x18][0x16][0xef][0xbf][0xbd][0xef][0xbf][0xbd][0xef][0xbf][0xbd][0x19][0xef][0xbf][0xbd][0xef][0xbf][0xbd]p[0x5][0xef][0xbf][0xbd]V[0xef][0xbf][0xbd][0xef][0xbf][0xbd]^[0xef][0xbf][0xbd][0xce][0x93]7[0xef][0xbf][0xbd]M.[0xef][0xbf][0xbd][0xef][0xbf][0xbd][0xef][0xbf][0xbd][0xef][0xbf][0xbd][0xef][0xbf][0xbd][0xef][0xbf][0xbd]X[0x13]MF4[0xef][0xbf][0xbd],[0xef][0xbf][0xbd][0xef][0xbf][0xbd][0xef][0xbf][0xbd][0xef][0xbf][0xbd]|[0xef][0xbf][0xbd][0xef][0xbf][0xbd][0xef][0xbf][0xbd][0xef][0xbf][0xbd][0xef][0xbf][0xbd]q[0xf][0xca][0xb0]~[0x18][0xef][0xbf][0xbd]L[0xef][0xbf][0xbd][0x3]X[0x0]2[0xef][0xbf][0xbd][0xef][0xbf][0xbd][0xde][0x98][0xef][0xbf][0xbd]h4O[0xef][0xbf][0xbd][0xef][0xbf][0xbd]S[0xef][0xbf][0xbd][0xd1][0xad][0xef][0xbf][0xbd]U[0xef][0xbf][0xbd]I[0xef][0xbf][0xbd][0xef][0xbf][0xbd][0x1e][0xef][0xbf][0xbd][0xef][0xbf][0xbd][rZ[0xef][0xbf][0xbd][0xef][0xbf][0xbd]Z[0xef][0xbf][0xbd]e[0xef][0xbf][0xbd]V[0xef][0xbf][0xbd]0{[0xef][0xbf][0xbd]{[0xef][0xbf][0xbd][0xdf][0xa4]*[0xef][0xbf][0xbd][0xef][0xbf][0xbd][0x13]F0[0xef][0xbf][0xbd][0x16][0xef][0xbf][0xbd][0xef][0xbf][0xbd]][0xef][0xbf][0xbd][0xef][0xbf][0xbd][0xef][0xbf][0xbd][0xef][0xbf][0xbd][0xef][0xbf][0xbd]s[0xef][0xbf][0xbd][0xc3][0xb8][0xef][0xbf][0xbd]q[0xcd][0x8e][0xef][0xbf][0xbd]hw[0xef][0xbf][0xbd]-W}[0xef][0xbf][0xbd][0x1f][0x0]qu[0xef][0xbf][0xbd][0x8]0[0xef][0xbf][0xbd]=c[0xef][0xbf][0xbd]JY[0xef][0xbf][0xbd]l[0xef][0xbf][0xbd]KfibZ[0xef][0xbf][0xbd][0xef][0xbf][0xbd][0xef][0xbf][0xbd]kp[0xef][0xbf][0xbd]%`[0xef][0xbf][0xbd]Rym[0xef][0xbf][0xbd]s[0xef][0xbf][0xbd]7[0xef][0xbf][0xbd][0xef][0xbf][0xbd][0xef][0xbf][0xbd]m[0xef][0xbf][0xbd][0xef][0xbf][0xbd]P[0xc6][0xbd]r[0xef][0xbf][0xbd][0xef][0xbf][0xbd][0xef][0xbf][0xbd][0xef][0xbf][0xbd]{[0xef][0xbf][0xbd]Y[\r]}[0xef][0xbf][0xbd]{[0xef][0xbf][0xbd][0xef][0xbf][0xbd][0xef][0xbf][0xbd][0xef][0xbf][0xbd][0xef][0xbf][0xbd][0x7][0xef][0xbf][0xbd]=J[0xef][0xbf][0xbd][0xef][0xbf][0xbd]u[0xcd][0xa7][0xef][0xbf][0xbd]R[0x17]hy[0xef][0xbf][0xbd][0xef][0xbf][0xbd][0xef][0xbf][0xbd][0xef][0xbf][0xbd]3[0xef][0xbf][0xbd][0xef][0xbf][0xbd][0x1a]n[0xef][0xbf][0xbd],[0xef][0xbf][0xbd]G[0x16][0xef][0xbf][0xbd][0xef][0xbf][0xbd][0xef][0xbf][0xbd][0xef][0xbf][0xbd]R[0xef][0xbf][0xbd][0xef][0xbf][0xbd][0xef][0xbf][0xbd]\)[0xef][0xbf][0xbd].Y[0xef][0xbf][0xbd][0xef][0xbf][0xbd]c[0xef][0xbf][0xbd][0xe][0xef][0xbf][0xbd][0x17][0xef][0xbf][0xbd][0xef][0xbf][0xbd][0xc2][0xbf][0x18] [0x2][0xef][0xbf][0xbd][0x1b][0xef][0xbf][0xbd][[0xef][0xbf][0xbd][0xef][0xbf][0xbd]_n[0xef][0xbf][0xbd]G[0x1a][0xef][0xbf][0xbd]<[0xef][0xbf][0xbd]\,[0xef][0xbf][0xbd][0xef][0xbf][0xbd]([0xef][0xbf][0xbd]A)[0xef][0xbf][0xbd];[0xef][0xbf][0xbd][0xef][0xbf][0xbd]`_G[0xef][0xbf][0xbd]6-[0x17][0xef][0xbf][0xbd]\z[0xef][0xbf][0xbd][0xef][0xbf][0xbd][0xef][0xbf][0xbd][0xef][0xbf][0xbd][0xef][0xbf][0xbd][\r][0xef][0xbf][0xbd][0xef][0xbf][0xbd][0x19][0xef][0xbf][0xbd]K[0xef][0xbf][0xbd]fv[0x0][0xef][0xbf][0xbd][0xef][0xbf][0xbd][0xef][0xbf][0xbd]K+[0xcf][0xb6]([0xef][0xbf][0xbd]hxK[0xef][0xbf][0xbd][0xef][0xbf][0xbd]a[0xef][0xbf][0xbd][0xef][0xbf][0xbd][0xef][0xbf][0xbd][0xef][0xbf][0xbd][0x1e][0xef][0xbf][0xbd][0xef][0xbf][0xbd][0xef][0xbf][0xbd][0x1][0xef][0xbf][0xbd]O[0xef][0xbf][0xbd][0xef][0xbf][0xbd])[0x10]+ui[0xef][0xbf][0xbd][0xd1][0x82][0xc3][0xb4][0xde][0xa9][0x3][0xd9][0xbb]-[0xef][0xbf][0xbd][0xef][0xbf][0xbd]3[0xef][0xbf][0xbd],[0xef][0xbf][0xbd]>[0xca][0xb7][0xdd][0x93][0xef][0xbf][0xbd][0xef][0xbf][0xbd][0xef][0xbf][0xbd][0xef][0xbf][0xbd][0x4]`![\r]d[0xef][0xbf][0xbd]r'eZ[0xef][0xbf][0xbd]y[0xef][0xbf][0xbd]s[0xef][0xbf][0xbd]f}[0xef][0xbf][0xbd]/[0xef][0xbf][0xbd][0xef][0xbf][0xbd][0xc]][0xc7][0xb6][0xef][0xbf][0xbd][0xef][0xbf][0xbd][0xef][0xbf][0xbd]R[0xef][0xbf][0xbd]p[0xef][0xbf][0xbd]B!*[0xef][0xbf][0xbd][0xef][0xbf][0xbd][0xef][0xbf][0xbd]#[0x18]b ][0xef][0xbf][0xbd][0xef][0xbf][0xbd]&[0xef][0xbf][0xbd][0xc6][0x94][0xef][0xbf][0xbd][0xef][0xbf][0xbd][0xef][0xbf][0xbd][0xef][0xbf][0xbd]l[0x7][0xef][0xbf][0xbd][0xc6][0x94][0x2][0xef][0xbf][0xbd][0xef][0xbf][0xbd][0xef][0xbf][0xbd][0xf]{[0x1]qb[0xef][0xbf][0xbd][0xef][0xbf][0xbd][0xef][0xbf][0xbd][0xef][0xbf][0xbd]%[0xef][0xbf][0xbd][0xef][0xbf][0xbd][0xef][0xbf][0xbd]V[0xef][0xbf][0xbd][0xef][0xbf][0xbd]p[0xef][0xbf][0xbd]:[0xef][0xbf][0xbd][0xef][0xbf][0xbd][0xe]{[0xef][0xbf][0xbd][0x3]P[0xef][0xbf][0xbd][0xe][0xef][0xbf][0xbd]'[0x4][0xef][0xbf][0xbd][0xef][0xbf][0xbd]pg[0xef][0xbf][0xbd]k5[0xef][0xbf][0xbd][0x4][0xef][0xbf][0xbd]:[0x5]L[0xef][0xbf][0xbd]^[0xef][0xbf][0xbd]S[0xef][0xbf][0xbd][0xef][0xbf][0xbd][0xef][0xbf][0xbd]YP[0xef][0xbf][0xbd][0xef][0xbf][0xbd]pY_[0xef][0xbf][0xbd]7W[0x18][0x18]K\[0xef][0xbf][0xbd]'m[[0xef][0xbf][0xbd]Y{J1[0x1e]q[0xef][0xbf][0xbd][0x1][0xef][0xbf][0xbd]!I[0xef][0xbf][0xbd][0xef][0xbf][0xbd]t[0xef][0xbf][0xbd]O[0xef][0xbf][0xbd]@[0xef][0xbf][0xbd][0xef][0xbf][0xbd].[0xef][0xbf][0xbd]wX[0xef][0xbf][0xbd][0xef][0xbf][0xbd][0xef][0xbf][0xbd][0x1f][0xef][0xbf][0xbd][0xef][0xbf][0xbd][0xdc][0x9a][0xef][0xbf][0xbd][0x14][0xef][0xbf][0xbd]^]Q$[0xef][0xbf][0xbd]x[0x1f]<1u[0xef][0xbf][0xbd])[\r][0xef][0xbf][0xbd]h[0xef][0xbf][0xbd][0xef][0xbf][0xbd][0x9][0xef][0xbf][0xbd][0xef][0xbf][0xbd][0xef][0xbf][0xbd][0xef][0xbf][0xbd][0xef][0xbf][0xbd]{[0x4]fU[0xef][0xbf][0xbd][0x17][0xef][0xbf][0xbd][0xef][0xbf][0xbd][0x18]*i[0xef][0xbf][0xbd]@[0xcc][0x98]/[0xef][0xbf][0xbd][0xef][0xbf][0xbd]=+6w`qRT#[0xef][0xbf][0xbd][0xef][0xbf][0xbd]9`Q[0xc6][0x87]Y[0xef][0xbf][0xbd][0xda][0x94][0x2][0x18]o[0x1]WVqik*[0xef][0xbf][0xbd][0xca][0x82][0xef][0xbf][0xbd]G[0xef][0xbf][0xbd]7[0x1a]kD[0x18][0xef][0xbf][0xbd]e?V[0x2][0xef][0xbf][0xbd][0xef][0xbf][0xbd][0xef][0xbf][0xbd][0x0]$[0xf]l[0xe][0xd2][0xb4][0xef][0xbf][0xbd][0xdb][0x82]q%[0x1f][0xef][0xbf][0xbd][0x19][0xef][0xbf][0xbd]n[0xef][0xbf][0xbd][0xef][0xbf][0xbd][0xef][0xbf][0xbd]z~[0xef][0xbf][0xbd][0xef][0xbf][0xbd]h[0xef][0xbf][0xbd]u[0xef][0xbf][0xbd][0xd3][0xbd][0xef][0xbf][0xbd][0xef][0xbf][0xbd][0xce][0xb8][0xef][0xbf][0xbd]>[0xef][0xbf][0xbd]4j[0xef][0xbf][0xbd]w[0x0]N[0xef][0xbf][0xbd][0xef][0xbf][0xbd][0xef][0xbf][0xbd][0xef][0xbf][0xbd]D[0xef][0xbf][0xbd]?[0xef][0xbf][0xbd]8b[0xef][0xbf][0xbd]v[0x2][0xd0][0xbc][[0xef][0xbf][0xbd][0xd1][0xb5][0xef][0xbf][0xbd]V[0xc6][0xb5][0xef][0xbf][0xbd]=[0xf][0xef][0xbf][0xbd][0xef][0xbf][0xbd]\[0xef][0xbf][0xbd][0xef][0xbf][0xbd]IlK[0xef][0xbf][0xbd]iy[0x13][0xef][0xbf][0xbd]t[0xef][0xbf][0xbd][0xef][0xbf][0xbd][0xef][0xbf][0xbd][0xef][0xbf][0xbd]d[\r]u&[0xef][0xbf][0xbd]%a[0xef][0xbf][0xbd]2[0xef][0xbf][0xbd][0xe]k[0xef][0xbf][0xbd][0xef][0xbf][0xbd]\[0xef][0xbf][0xbd][0xef][0xbf][0xbd][0xe][0xef][0xbf][0xbd]>[0xef][0xbf][0xbd][0xef][0xbf][0xbd][0xef][0xbf][0xbd]o[0xef][0xbf][0xbd][0xd5][0xb2][0xef][0xbf][0xbd][\r][0xef][0xbf][0xbd]{[0xef][0xbf][0xbd][0xef][0xbf][0xbd]Q[0xef][0xbf][0xbd]Lr[0xef][0xbf][0xbd]b[0xef][0xbf][0xbd]K'[0xef][0xbf][0xbd][0xef][0xbf][0xbd][0x1d].[0x3]2[0xce][0x9f][0xef][0xbf][0xbd][0xef][0xbf][0xbd]u[0xef][0xbf][0xbd][0xc3][0xa5][0xef][0xbf][0xbd]d[0xef][0xbf][0xbd][0xef][0xbf][0xbd][0xef][0xbf][0xbd]zh[0xef][0xbf][0xbd][0xef][0xbf][0xbd][0xef][0xbf][0xbd][0xef][0xbf][0xbd]0[0xef][0xbf][0xbd][0xef][0xbf][0xbd]*[0x16]K[0xef][0xbf][0xbd]mK[0xef][0xbf][0xbd]#v)[0xcf][0xbf][0xef][0xbf][0xbd][0xef][0xbf][0xbd]o?{K[0xef][0xbf][0xbd][0xef][0xbf][0xbd][0xef][0xbf][0xbd];O[0xef][0xbf][0xbd][0xef][0xbf][0xbd][0xef][0xbf][0xbd]'[0xef][0xbf][0xbd][0x1a]e([0xef][0xbf][0xbd]96g+[0xef][0xbf][0xbd][0xef][0xbf][0xbd].[0xef][0xbf][0xbd][0xef][0xbf][0xbd]bO[0xef][0xbf][0xbd]'[0xef][0xbf][0xbd][0xef][0xbf][0xbd]0[0xef][0xbf][0xbd]1[0x8][0x1b][0x12][0xdc][0x8e][0x1d]H[0x1][0x6][0xf]F[0xef][0xbf][0xbd]R[0xef][0xbf][0xbd][0x1b][0x18][0xef][0xbf][0xbd][0x5][0xef][0xbf][0xbd][0xef][0xbf][0xbd]C[0xef][0xbf][0xbd][0xef][0xbf][0xbd]\[0xef][0xbf][0xbd]A[0xef][0xbf][0xbd]D[0xef][0xbf][0xbd][0x13][0x1d][0xef][0xbf][0xbd][0xf][0x11]4B[0xef][0xbf][0xbd][0xef][0xbf][0xbd][0x0][0x3][0xef][0xbf][0xbd][0x1a]s[0xef][0xbf][0xbd]8[0x1][0xef][0xbf][0xbd][0xef][0xbf][0xbd][0xef][0xbf][0xbd]FX[0xef][0xbf][0xbd][0xef][0xbf][0xbd][0xef][0xbf][0xbd][0xef][0xbf][0xbd]>[0xc5][0x8a][0xef][0xbf][0xbd][0xef][0xbf][0xbd][0xef][0xbf][0xbd][0xef][0xbf][0xbd]/rl[0xef][0xbf][0xbd]8[0xef][0xbf][0xbd]A[0xef][0xbf][0xbd][0xef][0xbf][0xbd][0xc2][0xb3]3[0xef][0xbf][0xbd]#[0x17][0xef][0xbf][0xbd][0xef][0xbf][0xbd][0x18][0x18][0xef][0xbf][0xbd][0x8]F[0xef][0xbf][0xbd][0xef][0xbf][0xbd][0xc2][0xb8]8[0xb][0xef][0xbf][0xbd][0xef][0xbf][0xbd]+`[0xef][0xbf][0xbd]&[0xef][0xbf][0xbd]i[[0xef][0xbf][0xbd][0x1][0xef][0xbf][0xbd]^[0xef][0xbf][0xbd][0xef][0xbf][0xbd]6x[0xef][0xbf][0xbd]N[0xef][0xbf][0xbd]&[0xef][0xbf][0xbd]5[0x1e]Y[0xef][0xbf][0xbd]=[0xef][0xbf][0xbd][0x12][0xef][0xbf][0xbd][0x9]5[0xef][0xbf][0xbd];[0xef][0xbf][0xbd]3$[0xef][0xbf][0xbd][0xef][0xbf][0xbd]i[0xef][0xbf][0xbd][0x0][0xef][0xbf][0xbd]:[0xb]*3bR[0xef][0xbf][0xbd]D;N<[0xef][0xbf][0xbd][0xef][0xbf][0xbd]*[0xef][0xbf][0xbd][0x1f]:[0xef][0xbf][0xbd][0xef][0xbf][0xbd][0xef][0xbf][0xbd][0xef][0xbf][0xbd]y[0xef][0xbf][0xbd]!h[0x19][0xef][0xbf][0xbd][0xef][0xbf][0xbd]9[0xef][0xbf][0xbd][0xca][0x80][0xcd][0xb2][0xef][0xbf][0xbd]ZF[0x15]6:[0xef][0xbf][0xbd][0xd9][0x99][0xef][0xbf][0xbd][0xef][0xbf][0xbd][0xef][0xbf][0xbd]I,[0xef][0xbf][0xbd][0xef][0xbf][0xbd][0x4]C[0xef][0xbf][0xbd]D[0xf][0xef][0xbf][0xbd][0xef][0xbf][0xbd][0xef][0xbf][0xbd][0xef][0xbf][0xbd][\r]`i[0xef][0xbf][0xbd][0xd6][0xa9][0xef][0xbf][0xbd][0xef][0xbf][0xbd]F|N[0x18]}[0xef][0xbf][0xbd][0xda][0x99][0xdf][0xb9]R[0xef][0xbf][0xbd][0xef][0xbf][0xbd][0x1]Iw!z[0xef][0xbf][0xbd][0xef][0xbf][0xbd][\n]"
07:56:30.842 [main] DEBUG org.apache.http.wire -  >> "[0xef][0xbf][0xbd][0x8][0xef][0xbf][0xbd][0x8][0xef][0xbf][0xbd]4[0xef][0xbf][0xbd][0xef][0xbf][0xbd]*zD5[0xef][0xbf][0xbd][0xef][0xbf][0xbd]#[0xc8][0x82]`[0xef][0xbf][0xbd][0x7][0xdb][0xad]=[0xef][0xbf][0xbd]>n[0xef][0xbf][0xbd][0xef][0xbf][0xbd]X[0x1d][0x6][0x18][0xef][0xbf][0xbd][0xef][0xbf][0xbd][0xef][0xbf][0xbd][0xdf][0x84][0xda][0xb2]>[0xef][0xbf][0xbd][0xef][0xbf][0xbd][0xef][0xbf][0xbd][0x1f][0xef][0xbf][0xbd][0xef][0xbf][0xbd][0xca][0xbd][0xd3][0xa3][0xef][0xbf][0xbd][0xef][0xbf][0xbd][0xef][0xbf][0xbd][0xef][0xbf][0xbd][0xef][0xbf][0xbd][0xef][0xbf][0xbd]|[0xef][0xbf][0xbd][[0xef][0xbf][0xbd]H[0xef][0xbf][0xbd]w[0xc]d[0x19][0x17]Z[0xef][0xbf][0xbd][0xef][0xbf][0xbd][0xef][0xbf][0xbd][0xef][0xbf][0xbd][0xef][0xbf][0xbd]N[0xef][0xbf][0xbd]L3[0xef][0xbf][0xbd][0xef][0xbf][0xbd][0xef][0xbf][0xbd][0xef][0xbf][0xbd][0xef][0xbf][0xbd][0xef][0xbf][0xbd][0xef][0xbf][0xbd][0xef][0xbf][0xbd][0xef][0xbf][0xbd][0xef][0xbf][0xbd][0xef][0xbf][0xbd][0xef][0xbf][0xbd][0xef][0xbf][0xbd][0xef][0xbf][0xbd][0xef][0xbf][0xbd]d=FCp[0x11]][0xef][0xbf][0xbd][0xef][0xbf][0xbd]A![0xef][0xbf][0xbd]baBY[0xef][0xbf][0xbd]v[0xef][0xbf][0xbd]rQ0[0xef][0xbf][0xbd][0x4][0xef][0xbf][0xbd][0xef][0xbf][0xbd][0xef][0xbf][0xbd]Uy[0xef][0xbf][0xbd][0x16]g[0xef][0xbf][0xbd][0xef][0xbf][0xbd]c([0xef][0xbf][0xbd][0xef][0xbf][0xbd][0xef][0xbf][0xbd]z[0xc8][0xb3][0x18]MA@[0xef][0xbf][0xbd][0x0]B[0x3][0xef][0xbf][0xbd][0x0][0xef][0xbf][0xbd]"[0xef][0xbf][0xbd][0xef][0xbf][0xbd]"[0xef][0xbf][0xbd]g[0x6][0xef][0xbf][0xbd]z[0xcc][0xa8][0xef][0xbf][0xbd][0xef][0xbf][0xbd]u[0x19][0x19][0x0][0xe][0xef][0xbf][0xbd][0xef][0xbf][0xbd]e0[0x15][0xef][0xbf][0xbd][0x5][0xef][0xbf][0xbd][0xef][0xbf][0xbd][0x9]iSk8hM[0xef][0xbf][0xbd]r[0xef][0xbf][0xbd]/[0xef][0xbf][0xbd]a[0xc7][0xac][0x5][0x1c][0xc3][0x97][0xef][0xbf][0xbd][\r][0xef][0xbf][0xbd][0xef][0xbf][0xbd][0xca][0xa3]3J*[0xd4][0x97][0xef][0xbf][0xbd]#[0xef][0xbf][0xbd]\x[0xce][0xa9][0xef][0xbf][0xbd][0xef][0xbf][0xbd]{[0xef][0xbf][0xbd][\r][0xef][0xbf][0xbd][0xef][0xbf][0xbd][0x12][0xef][0xbf][0xbd][0xef][0xbf][0xbd]Y[0x16][0xef][0xbf][0xbd][0xef][0xbf][0xbd][0xef][0xbf][0xbd]v[0xef][0xbf][0xbd]:[0xef][0xbf][0xbd]/[0xef][0xbf][0xbd]j[0xdc][0xa7]B,[0x1e][0xef][0xbf][0xbd][\n]"
07:56:30.842 [main] DEBUG org.apache.http.wire -  >> "u[0xef][0xbf][0xbd]^[0x16][0xef][0xbf][0xbd][0xef][0xbf][0xbd]y[0xef][0xbf][0xbd][0xef][0xbf][0xbd][0xef][0xbf][0xbd][0xef][0xbf][0xbd][0x1c]t7[0xef][0xbf][0xbd]B[\n]"
07:56:30.842 [main] DEBUG org.apache.http.wire -  >> "[0x4]4[0xf][0xcd][0xad]0[0xef][0xbf][0xbd][0xef][0xbf][0xbd]x[0xef][0xbf][0xbd][0xef][0xbf][0xbd]H[0xef][0xbf][0xbd][0xef][0xbf][0xbd]\[0x1a][0xef][0xbf][0xbd][0xef][0xbf][0xbd][0xef][0xbf][0xbd][0xec][0x80][0x98]![0xef][0xbf][0xbd][0xef][0xbf][0xbd][0xef][0xbf][0xbd][0xef][0xbf][0xbd][0xef][0xbf][0xbd][0xef][0xbf][0xbd]J[0xef][0xbf][0xbd]i[0xef][0xbf][0xbd][0x18][0xef][0xbf][0xbd].s[0xef][0xbf][0xbd][0xef][0xbf][0xbd][0xef][0xbf][0xbd][\r][0xef][0xbf][0xbd][0xef][0xbf][0xbd][0x17][0xef][0xbf][0xbd]2[0xef][0xbf][0xbd][0xef][0xbf][0xbd][0xef][0xbf][0xbd]m[0xef][0xbf][0xbd][0xef][0xbf][0xbd]V[0xef][0xbf][0xbd][0x15][0xef][0xbf][0xbd][0xef][0xbf][0xbd]R[0xef][0xbf][0xbd]"[0xef][0xbf][0xbd]0[0xef][0xbf][0xbd]rl[0xef][0xbf][0xbd][0xef][0xbf][0xbd][0x1b][0x4]@[0xef][0xbf][0xbd][0xef][0xbf][0xbd][0xef][0xbf][0xbd][0x16]}[0xef][0xbf][0xbd]>[0xc9][0x85][0xef][0xbf][0xbd]g^[0xef][0xbf][0xbd][0xef][0xbf][0xbd]_z[0x16][0xef][0xbf][0xbd][0xef][0xbf][0xbd]*[0xef][0xbf][0xbd]wP[0xef][0xbf][0xbd][0xef][0xbf][0xbd][0xef][0xbf][0xbd]o[0xef][0xbf][0xbd][0xef][0xbf][0xbd][0xef][0xbf][0xbd][0xef][0xbf][0xbd]si[0xc3][0xb8][0xef][0xbf][0xbd][0xef][0xbf][0xbd][0xef][0xbf][0xbd][0xef][0xbf][0xbd][0xef][0xbf][0xbd][0xef][0xbf][0xbd][0xef][0xbf][0xbd][0xef][0xbf][0xbd][0x6]_[0xef][0xbf][0xbd][0xef][0xbf][0xbd]V*a9[0xef][0xbf][0xbd]R[0x1e][0xef][0xbf][0xbd][0x15][0xef][0xbf][0xbd][0x10][0xef][0xbf][0xbd][0xef][0xbf][0xbd][0xef][0xbf][0xbd]9\[0xcb][0xa3]?[0xda][0xa5]c9[0xef][0xbf][0xbd][0x17]<x[0xef][0xbf][0xbd]4[0xef][0xbf][0xbd])8[0xef][0xbf][0xbd][0xdf][0x9b][0xef][0xbf][0xbd][0xef][0xbf][0xbd][0xef][0xbf][0xbd][0xef][0xbf][0xbd]g[0x10][0xef][0xbf][0xbd][0xef][0xbf][0xbd][0xef][0xbf][0xbd][0x1d]~&kHpz[0xef][0xbf][0xbd][0x9][0x0][0xef][0xbf][0xbd][0xef][0xbf][0xbd]C9R[0xef][0xbf][0xbd]m[0xef][0xbf][0xbd][0x11][0xef][0xbf][0xbd][0xd9][0xac][0xef][0xbf][0xbd]5[0xef][0xbf][0xbd]\<[0xef][0xbf][0xbd][0xef][0xbf][0xbd][0xef][0xbf][0xbd][0xef][0xbf][0xbd][0x1a]p[0xef][0xbf][0xbd]\[0xef][0xbf][0xbd][0x5][0xef][0xbf][0xbd]j[0xef][0xbf][0xbd][0x1a][0xef][0xbf][0xbd][0xef][0xbf][0xbd][0x1b][0xef][0xbf][0xbd][0xe]m[0xef][0xbf][0xbd][0xef][0xbf][0xbd]Z:[0xef][0xbf][0xbd]A\(Z[[0xef][0xbf][0xbd][0x10]P[0xef][0xbf][0xbd]%[0xef][0xbf][0xbd][0xef][0xbf][0xbd][0x1][0xef][0xbf][0xbd][0xef][0xbf][0xbd]r[0xef][0xbf][0xbd]k[0xef][0xbf][0xbd][0xca][0x9d][0xef][0xbf][0xbd]([0xef][0xbf][0xbd]4[0xef][0xbf][0xbd][0xc3][0x96]~[0xef][0xbf][0xbd][0xef][0xbf][0xbd][0x16][0x18][0xef][0xbf][0xbd][0xef][0xbf][0xbd][0xef][0xbf][0xbd][0xef][0xbf][0xbd][0xc][0xef][0xbf][0xbd][0xd1][0x8e][0xc8][0xab]~m[0xef][0xbf][0xbd][0xef][0xbf][0xbd]A_[0x1b][0xef][0xbf][0xbd][0xdc][0xb0]P[0xef][0xbf][0xbd]\[0xef][0xbf][0xbd][0xef][0xbf][0xbd][0xef][0xbf][0xbd][0xef][0xbf][0xbd]G[0xef][0xbf][0xbd][0xf][0xef][0xbf][0xbd]fZ?b[0xef][0xbf][0xbd]([0xef][0xbf][0xbd][0xef][0xbf][0xbd][0xef][0xbf][0xbd][0xf][[0xef][0xbf][0xbd]m[0x0][0xef][0xbf][0xbd][0x1]bd;[0xef][0xbf][0xbd][0xef][0xbf][0xbd][0xef][0xbf][0xbd][0xcd][0x81]+Au7[0xef][0xbf][0xbd][0x17][0xef][0xbf][0xbd][0xef][0xbf][0xbd][0xef][0xbf][0xbd]%J[0xef][0xbf][0xbd][0xef][0xbf][0xbd]c}[0xef][0xbf][0xbd][0xc8][0xa0][0xef][0xbf][0xbd][0xef][0xbf][0xbd]B[0xef][0xbf][0xbd][0xef][0xbf][0xbd][0xe][0xef][0xbf][0xbd][0xef][0xbf][0xbd][0xef][0xbf][0xbd][0xef][0xbf][0xbd]V[0x4]l[0xef][0xbf][0xbd][0xef][0xbf][0xbd][0xef][0xbf][0xbd][0xef][0xbf][0xbd][0xef][0xbf][0xbd][0xef][0xbf][0xbd][0xef][0xbf][0xbd]>[0xef][0xbf][0xbd][0xef][0xbf][0xbd] [0xef][0xbf][0xbd][0xef][0xbf][0xbd][0xef][0xbf][0xbd][0xef][0xbf][0xbd]/czx[0xe][0xef][0xbf][0xbd]~[0xef][0xbf][0xbd][0xef][0xbf][0xbd][0xef][0xbf][0xbd][0xef][0xbf][0xbd][0xef][0xbf][0xbd]_[0xef][0xbf][0xbd][0xef][0xbf][0xbd]|[0xef][0xbf][0xbd][0xef][0xbf][0xbd];[0xef][0xbf][0xbd][0xef][0xbf][0xbd][0xef][0xbf][0xbd]G+[0xef][0xbf][0xbd]c/ig[0x16]p'[0xcd][0xb7]XLl[0x9][0xef][0xbf][0xbd][0xef][0xbf][0xbd]v[0xef][0xbf][0xbd][0xef][0xbf][0xbd][0x1a][0xef][0xbf][0xbd]>z[0x3][0xef][0xbf][0xbd]\[0xef][0xbf][0xbd]U[0xef][0xbf][0xbd]`[0x18]C+AJ[0xef][0xbf][0xbd][0xef][0xbf][0xbd]N[0xef][0xbf][0xbd]&%[0xf][0xef][0xbf][0xbd][0xef][0xbf][0xbd][0xd4][0x81][0xd9][0x87]f[0xef][0xbf][0xbd][0x14][0xef][0xbf][0xbd][0xef][0xbf][0xbd][0xef][0xbf][0xbd]a/W[0xf][0xef][0xbf][0xbd][0xef][0xbf][0xbd][0xef][0xbf][0xbd] [0x11]s[0xef][0xbf][0xbd][0x6][0xc4][0xa4]dv[0xef][0xbf][0xbd]p[0xef][0xbf][0xbd][0x19]S][0xef][0xbf][0xbd][0xef][0xbf][0xbd][0x16][0xef][0xbf][0xbd]+[0xd0][0xa4][0x1c][0xef][0xbf][0xbd][0xef][0xbf][0xbd][0xef][0xbf][0xbd][0xef][0xbf][0xbd]R[0xf]A:[0xef][0xbf][0xbd]f[0xef][0xbf][0xbd][0xef][0xbf][0xbd]S[0xef][0xbf][0xbd]qt[0x1b][0xef][0xbf][0xbd][0xef][0xbf][0xbd]D"W[0xef][0xbf][0xbd][0x10][0xef][0xbf][0xbd]wM[0xef][0xbf][0xbd][0xeb][0xaa][0x84][0x1d][0xef][0xbf][0xbd]"F[0xef][0xbf][0xbd][[0xef][0xbf][0xbd]wR[0xef][0xbf][0xbd][0x1e]$[0x1e][0xc]+k[0xef][0xbf][0xbd][0x1c][0xef][0xbf][0xbd];i[0x1d]Z[0xef][0xbf][0xbd][0xef][0xbf][0xbd]UJ[0xef][0xbf][0xbd][0x2][0xef][0xbf][0xbd][0xef][0xbf][0xbd][0xef][0xbf][0xbd][0xef][0xbf][0xbd][0xef][0xbf][0xbd][0x1a]6,.*g[0xef][0xbf][0xbd]TX_F'[0xef][0xbf][0xbd]G[0xef][0xbf][0xbd].[0xef][0xbf][0xbd][0xef][0xbf][0xbd]W[0xef][0xbf][0xbd]_[0x17][0xef][0xbf][0xbd]$[0xef][0xbf][0xbd][0xef][0xbf][0xbd][0xef][0xbf][0xbd]8[0xef][0xbf][0xbd]/[0xc][0xef][0xbf][0xbd]6[0xef][0xbf][0xbd][0xef][0xbf][0xbd][0xef][0xbf][0xbd][0xef][0xbf][0xbd][0xef][0xbf][0xbd][0xef][0xbf][0xbd]Lc [0xef][0xbf][0xbd][0x9][0xd6][0x9c][0xef][0xbf][0xbd][0xef][0xbf][0xbd][0xef][0xbf][0xbd][0xef][0xbf][0xbd][0xef][0xbf][0xbd][0xef][0xbf][0xbd][0xef][0xbf][0xbd][0xef][0xbf][0xbd]e[0xef][0xbf][0xbd][0x8][0xef][0xbf][0xbd]I[0xef][0xbf][0xbd]{jk[0xef][0xbf][0xbd]r8[0xef][0xbf][0xbd][0x19][0xef][0xbf][0xbd]"
07:56:30.843 [main] DEBUG org.apache.http.wire -  >> "[0xef][0xbf][0xbd][0xef][0xbf][0xbd][0xef][0xbf][0xbd]=[0x8][0x1c][0x2][0xef][0xbf][0xbd]$i`{\+[0xef][0xbf][0xbd][0xef][0xbf][0xbd][0xca][0x83][0xef][0xbf][0xbd]ROx[0xef][0xbf][0xbd] GC%^n^8[0xc8][0x9c][0xef][0xbf][0xbd][0xef][0xbf][0xbd][0x16][0xef][0xbf][0xbd]%7[0xef][0xbf][0xbd][0xef][0xbf][0xbd][0xe][0x1c][0xef][0xbf][0xbd]&[0xc][0xef][0xbf][0xbd]/[0x18]#%[0xef][0xbf][0xbd][0xef][0xbf][0xbd]s[0xef][0xbf][0xbd][0x3]|[0xef][0xbf][0xbd][0xef][0xbf][0xbd]^[0xef][0xbf][0xbd][0xef][0xbf][0xbd][0xef][0xbf][0xbd][0xcf][0xbe][0xef][0xbf][0xbd][0xdb][0xbf]t[0xef][0xbf][0xbd][0xef][0xbf][0xbd][0xef][0xbf][0xbd]#\[0xef][0xbf][0xbd]Q[0xef][0xbf][0xbd][0xef][0xbf][0xbd]y[0xef][0xbf][0xbd]<[0xef][0xbf][0xbd][0xef][0xbf][0xbd][0x18][0xef][0xbf][0xbd]vm[0xef][0xbf][0xbd][0xef][0xbf][0xbd]Z[0xef][0xbf][0xbd][\n]"
07:56:30.843 [main] DEBUG org.apache.http.wire -  >> "[0xef][0xbf][0xbd]a[[0xef][0xbf][0xbd][0x5][0x3][0xef][0xbf][0xbd][0x1c][0xef][0xbf][0xbd][0xef][0xbf][0xbd][0xef][0xbf][0xbd]ri7[\r][0xef][0xbf][0xbd][0xef][0xbf][0xbd][0xef][0xbf][0xbd][0xef][0xbf][0xbd]-[0xef][0xbf][0xbd][0xef][0xbf][0xbd][0xef][0xbf][0xbd]?[0xef][0xbf][0xbd]Q[0xef][0xbf][0xbd][0xef][0xbf][0xbd][0xef][0xbf][0xbd][0xef][0xbf][0xbd][0x18]o-1[0xef][0xbf][0xbd]_[0xef][0xbf][0xbd][0xef][0xbf][0xbd][0x4]H[0x1a][0xef][0xbf][0xbd][0xef][0xbf][0xbd]b[0xef][0xbf][0xbd][0xef][0xbf][0xbd]![0xef][0xbf][0xbd][0x12]7[0xce][0x9f][0xef][0xbf][0xbd]x[0xef][0xbf][0xbd]B[0xd1][0xa1][0xef][0xbf][0xbd][0x4][0xef][0xbf][0xbd][0xef][0xbf][0xbd]A"[\r][0xc2][0x83][0xef][0xbf][0xbd]I'N[0xef][0xbf][0xbd][0xef][0xbf][0xbd][0xef][0xbf][0xbd][0xd2][0xa1]([CD[0xef][0xbf][0xbd][0xef][0xbf][0xbd][0x1e][0xef][0xbf][0xbd]e`d[0x1e]p[0xef][0xbf][0xbd][0xd8][0xaa][0xef][0xbf][0xbd][0xe9][0xa5][0x80][0xef][0xbf][0xbd][0xef][0xbf][0xbd][0xea][0xb4][0xb3][0xef][0xbf][0xbd][0x7][0xef][0xbf][0xbd]^}[0xd3][0x97][0xef][0xbf][0xbd]Zk[0xef][0xbf][0xbd][0x10][0xef][0xbf][0xbd][0xef][0xbf][0xbd]![0xef][0xbf][0xbd][0xef][0xbf][0xbd][0xef][0xbf][0xbd],[0xef][0xbf][0xbd][0xef][0xbf][0xbd]L[0xef][0xbf][0xbd][0x1b]S[0xef][0xbf][0xbd][0xef][0xbf][0xbd]`K[0xef][0xbf][0xbd][0xef][0xbf][0xbd]^[0xef][0xbf][0xbd]~[0xef][0xbf][0xbd]E[0xcc][0x9a]rM[0xef][0xbf][0xbd][0xc8][0x9a][0xef][0xbf][0xbd][0x1a].Yl[0xef][0xbf][0xbd][0xef][0xbf][0xbd][0xef][0xbf][0xbd]-[0xef][0xbf][0xbd][0xef][0xbf][0xbd][0xcc][0x8e]S[\n]"
07:56:30.843 [main] DEBUG org.apache.http.wire -  >> "[0xef][0xbf][0xbd]$q[0x11][0xef][0xbf][0xbd][0xef][0xbf][0xbd][0xef][0xbf][0xbd]a[0xd6][0x8e][0xef][0xbf][0xbd][0x1b][0x4][0xef][0xbf][0xbd][0xef][0xbf][0xbd]`[0xef][0xbf][0xbd]*[0x19][0xef][0xbf][0xbd]r[0xef][0xbf][0xbd][0xef][0xbf][0xbd][0xef][0xbf][0xbd][0x1f]s6R[0xef][0xbf][0xbd]*[0xef][0xbf][0xbd]?[0xef][0xbf][0xbd]>|[0xef][0xbf][0xbd]IN-[0x5]M[0xef][0xbf][0xbd]we$[0xef][0xbf][0xbd]7[0xef][0xbf][0xbd][0xef][0xbf][0xbd][0xef][0xbf][0xbd][0x2]F[0xef][0xbf][0xbd]8[0xef][0xbf][0xbd]O6[0xef][0xbf][0xbd][0xef][0xbf][0xbd][0xef][0xbf][0xbd][0xef][0xbf][0xbd][0xef][0xbf][0xbd][0xef][0xbf][0xbd]n[0x1b]"[0xef][0xbf][0xbd][0xef][0xbf][0xbd]6[0xdf][0xbd][0xef][0xbf][0xbd]9[0x11][0x2][0xef][0xbf][0xbd][0x19][0xef][0xbf][0xbd][0xef][0xbf][0xbd][0xef][0xbf][0xbd][0xef][0xbf][0xbd][0x14]gB[0xef][0xbf][0xbd][0xef][0xbf][0xbd][0xef][0xbf][0xbd][0xef][0xbf][0xbd][0xef][0xbf][0xbd][0xef][0xbf][0xbd];R[0xef][0xbf][0xbd][0xda][0xbd][0xef][0xbf][0xbd][0xef][0xbf][0xbd][0xef][0xbf][0xbd]*-*[0xef][0xbf][0xbd]0T[0xef][0xbf][0xbd][0xef][0xbf][0xbd][0xef][0xbf][0xbd][0xef][0xbf][0xbd][0xc3][0xb3][0xef][0xbf][0xbd][0xef][0xbf][0xbd][0xef][0xbf][0xbd]/~[0xef][0xbf][0xbd][0x6]b[0x1f][0xef][0xbf][0xbd][0xef][0xbf][0xbd]C{d[0xef][0xbf][0xbd]'y[0xef][0xbf][0xbd]7[0xcd][0x83][0x3]e7[0x11][0xef][0xbf][0xbd][0xef][0xbf][0xbd][0xef][0xbf][0xbd][0xef][0xbf][0xbd]$G[0xef][0xbf][0xbd][0xef][0xbf][0xbd][0xef][0xbf][0xbd]4[0xef][0xbf][0xbd]t[0xef][0xbf][0xbd][0xef][0xbf][0xbd][0x1][0xef][0xbf][0xbd][0xef][0xbf][0xbd][0xef][0xbf][0xbd]@[0xef][0xbf][0xbd][0xef][0xbf][0xbd]G0[0xef][0xbf][0xbd][0xe5][0xbc][0xaf]4\[0xef][0xbf][0xbd]y[0xef][0xbf][0xbd][0xef][0xbf][0xbd][0xef][0xbf][0xbd]L[0x11][0xef][0xbf][0xbd][0xef][0xbf][0xbd][0xef][0xbf][0xbd][0xef][0xbf][0xbd]0[0xef][0xbf][0xbd]3[0xef][0xbf][0xbd]t[0xef][0xbf][0xbd][0xef][0xbf][0xbd][0x18][0xef][0xbf][0xbd][0xef][0xbf][0xbd]8[0xef][0xbf][0xbd][0xef][0xbf][0xbd][0x1a]+[0xef][0xbf][0xbd][0xef][0xbf][0xbd][0x5][0xef][0xbf][0xbd][0xef][0xbf][0xbd]s[0xef][0xbf][0xbd]Q[0xef][0xbf][0xbd][0xef][0xbf][0xbd][\r][0x5][0xef][0xbf][0xbd]/[0xef][0xbf][0xbd]B4[0xef][0xbf][0xbd]V[0xef][0xbf][0xbd][0xef][0xbf][0xbd][0xef][0xbf][0xbd][0xef][0xbf][0xbd][0xef][0xbf][0xbd]F[0xef][0xbf][0xbd][0xef][0xbf][0xbd][0xef][0xbf][0xbd][0xef][0xbf][0xbd][0xef][0xbf][0xbd][0x1c][0x4][0xef][0xbf][0xbd]6[0xef][0xbf][0xbd]<[0xef][0xbf][0xbd][0xef][0xbf][0xbd]X,Y[0xef][0xbf][0xbd][0xef][0xbf][0xbd]o[0xef][0xbf][0xbd]][0xef][0xbf][0xbd]i7[0x7][0xef][0xbf][0xbd][0xef][0xbf][0xbd]q[0xef][0xbf][0xbd][0xef][0xbf][0xbd]k[0xef][0xbf][0xbd]B[0xef][0xbf][0xbd][0x14][0xef][0xbf][0xbd]P[0xef][0xbf][0xbd][0xef][0xbf][0xbd]1M[0xef][0xbf][0xbd][0xef][0xbf][0xbd][0xef][0xbf][0xbd]D[0x1c][0xef][0xbf][0xbd]|[0xdb][0xb3][0xef][0xbf][0xbd]d$[0xef][0xbf][0xbd]~o[0xef][0xbf][0xbd]+b2[0xef][0xbf][0xbd]9[0x3][0xef][0xbf][0xbd][0x11][0x3][0xef][0xbf][0xbd][0xef][0xbf][0xbd]t[0xef][0xbf][0xbd][0xef][0xbf][0xbd][0x14]md[0xef][0xbf][0xbd] [0xef][0xbf][0xbd][0xef][0xbf][0xbd][0xef][0xbf][0xbd][0xd8][0xa5]T8[0xef][0xbf][0xbd]?r[0x13][0xef][0xbf][0xbd],[0x0][0xef][0xbf][0xbd]{c:[0xef][0xbf][0xbd]%[0xef][0xbf][0xbd]q[0x0]p[0xef][0xbf][0xbd]1G[0xef][0xbf][0xbd]/[0xef][0xbf][0xbd][0xef][0xbf][0xbd][0xcf][0xb6][0xef][0xbf][0xbd][0x10][\r]o[0x1]{[0xef][0xbf][0xbd][0xef][0xbf][0xbd][0x6][0xef][0xbf][0xbd][0xef][0xbf][0xbd][0xef][0xbf][0xbd][0x10][0xef][0xbf][0xbd][0xef][0xbf][0xbd]][0xef][0xbf][0xbd][0xef][0xbf][0xbd][0xef][0xbf][0xbd][0xef][0xbf][0xbd][0xef][0xbf][0xbd][0xef][0xbf][0xbd][0x14][0xef][0xbf][0xbd]e^{[0xef][0xbf][0xbd]a`[0xef][0xbf][0xbd]][0xcc][0xa1][0xef][0xbf][0xbd]9[0xef][0xbf][0xbd]%[0xef][0xbf][0xbd]&!ez,[0x15]CWb[0x15][0xef][0xbf][0xbd][0xef][0xbf][0xbd]&y[0xef][0xbf][0xbd][0xef][0xbf][0xbd]0[0xef][0xbf][0xbd][0xef][0xbf][0xbd][0x7][0xef][0xbf][0xbd][0x1c][0xe9][0x98][0x99][0x2][0x8]|=[0xef][0xbf][0xbd]<[0xef][0xbf][0xbd][0xef][0xbf][0xbd][0x17][0xef][0xbf][0xbd][0xef][0xbf][0xbd]_~[0x1][0xef][0xbf][0xbd][0xef][0xbf][0xbd](?[0xef][0xbf][0xbd]G[0xef][0xbf][0xbd]q[0xef][0xbf][0xbd][0xef][0xbf][0xbd]J[0x1b][0xef][0xbf][0xbd][0x12][0xef][0xbf][0xbd]F)[0xef][0xbf][0xbd]u>[0xef][0xbf][0xbd][0xef][0xbf][0xbd][0xda][0x9f]U[0xef][0xbf][0xbd]l[0xef][0xbf][0xbd]9[0xef][0xbf][0xbd][0x1][0xef][0xbf][0xbd]h[0xd3][0x9a]LY[0x1f][0xef][0xbf][0xbd][0xef][0xbf][0xbd]V[0xef][0xbf][0xbd][0xef][0xbf][0xbd][0xef][0xbf][0xbd][0xef][0xbf][0xbd]N^[0xef][0xbf][0xbd][0xc][0xef][0xbf][0xbd]m[0xef][0xbf][0xbd]M[0xef][0xbf][0xbd][0xd8][0xb7]{1<[0xef][0xbf][0xbd]</[0xef][0xbf][0xbd][0xe][0xef][0xbf][0xbd]0[0xef][0xbf][0xbd][\r][0xef][0xbf][0xbd][0xef][0xbf][0xbd][0xef][0xbf][0xbd]j[0xef][0xbf][0xbd]R[0xdf][0x8d][0x1d][0x1a]:[0xef][0xbf][0xbd][0xef][0xbf][0xbd][0xef][0xbf][0xbd]m[0xef][0xbf][0xbd][0x7]o+[0x1c][0x16][0xef][0xbf][0xbd]1_K[0x11][0xef][0xbf][0xbd]Y[0xef][0xbf][0xbd]%[0xef][0xbf][0xbd]Z[0xef][0xbf][0xbd]jl8[0xd2][0xa5][0x7][0xef][0xbf][0xbd][0xef][0xbf][0xbd]]F'[0xef][0xbf][0xbd][0x1c]p[0xe0][0xa8][0xb1][0xef][0xbf][0xbd][0xef][0xbf][0xbd][0x14]1EqJ[0xef][0xbf][0xbd][0x19][0x1c][0xef][0xbf][0xbd][0xe6][0x86][0x83]V[0xef][0xbf][0xbd][0xef][0xbf][0xbd]Z[0xef][0xbf][0xbd][0xef][0xbf][0xbd][[0xef][0xbf][0xbd]Q2[0xef][0xbf][0xbd][0xef][0xbf][0xbd]M[0xef][0xbf][0xbd][0xef][0xbf][0xbd]UIo'[0xef][0xbf][0xbd]41[0xef][0xbf][0xbd][0xef][0xbf][0xbd]q[0xef][0xbf][0xbd]c[0xef][0xbf][0xbd][0xde][0xab][0xef][0xbf][0xbd];[0xef][0xbf][0xbd]g[0xcb][0xbb][0xef][0xbf][0xbd][0xef][0xbf][0xbd][\r]%[0xef][0xbf][0xbd]/[0xef][0xbf][0xbd]k@[0xef][0xbf][0xbd][0xef][0xbf][0xbd][0xef][0xbf][0xbd]`<7[0xef][0xbf][0xbd][0xef][0xbf][0xbd]$[0xef][0xbf][0xbd]w[0x1a][0xb][0xef][0xbf][0xbd][0xef][0xbf][0xbd][0xef][0xbf][0xbd][0x18][0x17]K[0x5][0xef][0xbf][0xbd][0xd0][0xb4][0xef][0xbf][0xbd]|m[0xef][0xbf][0xbd]X[0xef][0xbf][0xbd][0xef][0xbf][0xbd][0xef][0xbf][0xbd][0x0]c[0xef][0xbf][0xbd][0xef][0xbf][0xbd][0x5][0xef][0xbf][0xbd]=ko[0xef][0xbf][0xbd])[0x13]K[0xcc][0xab][0xef][0xbf][0xbd][0x1e][0xef][0xbf][0xbd][0xcd][0xb5][0xef][0xbf][0xbd]Y[0xef][0xbf][0xbd],'[0xef][0xbf][0xbd][0xef][0xbf][0xbd]to[0xf]y[0xef][0xbf][0xbd]@[0x11][0xef][0xbf][0xbd][0xef][0xbf][0xbd]u[0x17]5[0xef][0xbf][0xbd][0xef][0xbf][0xbd]^[0xef][0xbf][0xbd][0x1a][0xef][0xbf][0xbd][0x15]#[0xef][0xbf][0xbd][0xd9][0xaf]4[0xef][0xbf][0xbd][0xef][0xbf][0xbd][0xef][0xbf][0xbd]f[\n]"
07:56:30.843 [main] DEBUG org.apache.http.wire -  >> "49[0xef][0xbf][0xbd][0xef][0xbf][0xbd]7[0xef][0xbf][0xbd][0xef][0xbf][0xbd][\r][0xef][0xbf][0xbd]>^%[0xef][0xbf][0xbd]C[0xef][0xbf][0xbd][0xef][0xbf][0xbd][0xef][0xbf][0xbd][0xef][0xbf][0xbd][0xef][0xbf][0xbd][0xf][0xef][0xbf][0xbd][0xef][0xbf][0xbd][0xef][0xbf][0xbd][0x1f][0xef][0xbf][0xbd]o2-[0xef][0xbf][0xbd]![0xef][0xbf][0xbd]0+U$J[0xef][0xbf][0xbd]tLs[0xef][0xbf][0xbd][0x6]4<[0x14][0xef][0xbf][0xbd]\[!aLP[0xef][0xbf][0xbd][0xef][0xbf][0xbd]O[0xef][0xbf][0xbd][0x0][0xef][0xbf][0xbd][0xef][0xbf][0xbd][0xef][0xbf][0xbd][0xef][0xbf][0xbd]![0xef][0xbf][0xbd]l[P[0xef][0xbf][0xbd][0xef][0xbf][0xbd][0xef][0xbf][0xbd]Z[0xef][0xbf][0xbd][0x13][0xef][0xbf][0xbd]9[0xef][0xbf][0xbd])o[0xda][0x89]}[0xd5][0xbf][0xef][0xbf][0xbd]=9[0xef][0xbf][0xbd]Bb[0xef][0xbf][0xbd]&[0x7]%J[0xef][0xbf][0xbd][0x6]Uc[0xef][0xbf][0xbd][0x16]N[0xd0][0xa9][0xef][0xbf][0xbd]h[0xef][0xbf][0xbd]k[0x1f][0xef][0xbf][0xbd]Lr[0xef][0xbf][0xbd][0xef][0xbf][0xbd][0xef][0xbf][0xbd]-[0xef][0xbf][0xbd][0xef][0xbf][0xbd][0xef][0xbf][0xbd][0xef][0xbf][0xbd][\n]"
07:56:30.843 [main] DEBUG org.apache.http.wire -  >> "[0xef][0xbf][0xbd][0xef][0xbf][0xbd]r[0xef][0xbf][0xbd][0xef][0xbf][0xbd]l!<[0xef][0xbf][0xbd]#X5[0xef][0xbf][0xbd]z[0xef][0xbf][0xbd]E<9:[0xef][0xbf][0xbd][0xef][0xbf][0xbd]r[0xd6][0x85][0xef][0xbf][0xbd].[0xef][0xbf][0xbd][0xef][0xbf][0xbd]\[0x1][0xef][0xbf][0xbd]b[0xef][0xbf][0xbd][0xef][0xbf][0xbd]xX_c[0xef][0xbf][0xbd]k'[0xef][0xbf][0xbd][0x1a]O[0xef][0xbf][0xbd][0xef][0xbf][0xbd]z[0x0][0xef][0xbf][0xbd][0xef][0xbf][0xbd]`O[0xef][0xbf][0xbd]{[0xef][0xbf][0xbd][0xef][0xbf][0xbd][0xef][0xbf][0xbd],hJ4[0x10]a[0xef][0xbf][0xbd][0xe]BV[0xef][0xbf][0xbd][0xef][0xbf][0xbd][0xef][0xbf][0xbd]R[0xef][0xbf][0xbd]O[0xef][0xbf][0xbd]x[0xef][0xbf][0xbd][0xef][0xbf][0xbd][0xef][0xbf][0xbd]+f[0xef][0xbf][0xbd][0xef][0xbf][0xbd][0xef][0xbf][0xbd]D[0x1e]L[0xef][0xbf][0xbd]AA[0xd4][0xb0]6`[[0xef][0xbf][0xbd]>[0xef][0xbf][0xbd]n[0xef][0xbf][0xbd][0xef][0xbf][0xbd]i`[0xef][0xbf][0xbd][0xef][0xbf][0xbd][0x1d][0xef][0xbf][0xbd][0xef][0xbf][0xbd][0xef][0xbf][0xbd][0xef][0xbf][0xbd][0xef][0xbf][0xbd]j[0xef][0xbf][0xbd][0xef][0xbf][0xbd][0x7][0x12]E[0xef][0xbf][0xbd][0xef][0xbf][0xbd]CT[0xef][0xbf][0xbd][0xef][0xbf][0xbd][0xcf][0xbc]ud[0xef][0xbf][0xbd]=2[0xef][0xbf][0xbd][0xef][0xbf][0xbd][0xef][0xbf][0xbd]${[0xef][0xbf][0xbd][0xef][0xbf][0xbd]Fx[[0xef][0xbf][0xbd][0xef][0xbf][0xbd][0x0]Yo0[\n]"
07:56:30.843 [main] DEBUG org.apache.http.wire -  >> "ctY[0xef][0xbf][0xbd][0xef][0xbf][0xbd][0xef][0xbf][0xbd][0xef][0xbf][0xbd]+[0xef][0xbf][0xbd]}[0xef][0xbf][0xbd][0xef][0xbf][0xbd]lk[0xef][0xbf][0xbd][0xef][0xbf][0xbd][0xef][0xbf][0xbd][0xef][0xbf][0xbd][0xcf][0xbe][0xef][0xbf][0xbd][0xdb][0xbf][0xef][0xbf][0xbd][0x10][0xef][0xbf][0xbd][0xef][0xbf][0xbd]+?[0x1c][0xef][0xbf][0xbd][0xef][0xbf][0xbd]=z[\n]"
07:56:30.843 [main] DEBUG org.apache.http.wire -  >> "[0xef][0xbf][0xbd][0xef][0xbf][0xbd].[0x0],[0x15]]@rUDu[0xef][0xbf][0xbd][0xef][0xbf][0xbd][0xef][0xbf][0xbd][0xef][0xbf][0xbd]<[0xef][0xbf][0xbd]I5[0xef][0xbf][0xbd]5[0x8][0x12][0xef][0xbf][0xbd]()S>[0xdd][0xab]i[0xef][0xbf][0xbd]2$[0xb][0xc4][0xa8][0xef][0xbf][0xbd][0xef][0xbf][0xbd][0xef][0xbf][0xbd][0x1a]J([0x0][0xef][0xbf][0xbd][0xef][0xbf][0xbd]P[0xef][0xbf][0xbd]B [0xef][0xbf][0xbd]r[0xef][0xbf][0xbd][\n]"
07:56:30.843 [main] DEBUG org.apache.http.wire -  >> "[0xef][0xbf][0xbd]V}[0xef][0xbf][0xbd][0xef][0xbf][0xbd][0xef][0xbf][0xbd]2[0xef][0xbf][0xbd][0x3][0xd8][0x8d][0xef][0xbf][0xbd]([0xef][0xbf][0xbd][0xef][0xbf][0xbd][0x19]d[0xd1][0xa6][0xef][0xbf][0xbd])[0xef][0xbf][0xbd]fE[0xc]8[0xef][0xbf][0xbd]X[0xef][0xbf][0xbd][0xef][0xbf][0xbd][0xef][0xbf][0xbd][0xef][0xbf][0xbd]%[0xef][0xbf][0xbd][0xef][0xbf][0xbd]9[0xef][0xbf][0xbd][0xef][0xbf][0xbd]$[0x15][0xef][0xbf][0xbd]8[0xef][0xbf][0xbd][0xef][0xbf][0xbd]Je}[0xe][0xef][0xbf][0xbd]G[0x1c][0xef][0xbf][0xbd]2[0xef][0xbf][0xbd][0xef][0xbf][0xbd][0xef][0xbf][0xbd][0xb]x[0x13][0xef][0xbf][0xbd][0xef][0xbf][0xbd][0xef][0xbf][0xbd][0xef][0xbf][0xbd]5>Q[0xf][0xef][0xbf][0xbd][0xef][0xbf][0xbd]p[0xef][0xbf][0xbd][0xef][0xbf][0xbd][0xef][0xbf][0xbd]A[0xef][0xbf][0xbd][0xef][0xbf][0xbd][0xef][0xbf][0xbd];%[0xef][0xbf][0xbd][0xef][0xbf][0xbd][0xef][0xbf][0xbd][0xef][0xbf][0xbd][0xef][0xbf][0xbd][0xef][0xbf][0xbd][0xc]B[0x0]4[0xef][0xbf][0xbd]%[0x2]W-[0xe][0xef][0xbf][0xbd][0xef][0xbf][0xbd][0xef][0xbf][0xbd]([0xef][0xbf][0xbd]D[0x6]D[0xef][0xbf][0xbd];[0x3]B[0x13][0xef][0xbf][0xbd]h[0xef][0xbf][0xbd][0xef][0xbf][0xbd]`[0x0][0x8][0xef][0xbf][0xbd][0xef][0xbf][0xbd]}[0xef][0xbf][0xbd]r[0xef][0xbf][0xbd][0xef][0xbf][0xbd][0xdf][0x87][0xef][0xbf][0xbd]q,[0x1a]d$h~[0x1a]2[0x2][0xef][0xbf][0xbd][0xef][0xbf][0xbd][0x1])[0xc5][0xa1]f[0xef][0xab][0xbe][0xef][0xbf][0xbd]f[0x10][0xef][0xbf][0xbd]s.[0xef][0xbf][0xbd])H[0x9]w[0xef][0xbf][0xbd] s[0x1a][0xef][0xbf][0xbd][0x6][0xef][0xbf][0xbd]TQ[0xef][0xbf][0xbd]K[0xef][0xbf][0xbd]8y[0xef][0xbf][0xbd][0xef][0xbf][0xbd][0xef][0xbf][0xbd][0xef][0xbf][0xbd][0xef][0xbf][0xbd][0xef][0xbf][0xbd][0xef][0xbf][0xbd][0xd0][0xa3][0xef][0xbf][0xbd][0xef][0xbf][0xbd][\r][0x5][0x1])[0xef][0xbf][0xbd][0xef][0xbf][0xbd]3[0xef][0xbf][0xbd][0xef][0xbf][0xbd][0xef][0xbf][0xbd][0xef][0xbf][0xbd]V[0x3]va[0xef][0xbf][0xbd]<I$[0x3][0xef][0xbf][0xbd]T[0x1b][0xef][0xbf][0xbd]V_=[0xef][0xbf][0xbd][0xef][0xbf][0xbd]w^[0xef][0xbf][0xbd][0xef][0xbf][0xbd]/[0xef][0xbf][0xbd][0xef][0xbf][0xbd]`[0x1f][0xef][0xbf][0xbd][0xef][0xbf][0xbd]CQ[0xef][0xbf][0xbd]gZ[0xef][0xbf][0xbd]W0[0x1e][0xef][0xbf][0xbd]!B[0x1f][0xef][0xbf][0xbd][0xef][0xbf][0xbd][0x5]A[0xef][0xbf][0xbd][0xef][0xbf][0xbd]R[0xd5][0xb1]X[0xef][0xbf][0xbd]*[0xef][0xbf][0xbd][0xef][0xbf][0xbd]O[0xef][0xbf][0xbd]ly[0xef][0xbf][0xbd]V[0x1e]>[0xef][0xbf][0xbd]c[0xef][0xbf][0xbd][0xef][0xbf][0xbd] c#[0xef][0xbf][0xbd][0xef][0xbf][0xbd]Q[0xef][0xbf][0xbd]aTS[0xef][0xbf][0xbd]Q/[0xef][0xbf][0xbd][0xef][0xbf][0xbd][\n]"
07:56:30.843 [main] DEBUG org.apache.http.wire -  >> "[0xc]&[0xb][0xef][0xbf][0xbd]I[0xe][0xef][0xbf][0xbd][0xef][0xbf][0xbd][0xef][0xbf][0xbd][0xd5][0x96][0xef][0xbf][0xbd][0xef][0xbf][0xbd][0xef][0xbf][0xbd]_%[0xef][0xbf][0xbd][0xef][0xbf][0xbd]{^[0xef][0xbf][0xbd]J[0xef][0xbf][0xbd][0x10]uWc[0xef][0xbf][0xbd][0xef][0xbf][0xbd][0xef][0xbf][0xbd][0xef][0xbf][0xbd][0xef][0xbf][0xbd][0xef][0xbf][0xbd]*[0xe2][0xac][0x8c][0xef][0xbf][0xbd]Ib1iY[0xef][0xbf][0xbd]&[0xef][0xbf][0xbd][0xef][0xbf][0xbd][0x7]9S[0xef][0xbf][0xbd][0xef][0xbf][0xbd][0xef][0xbf][0xbd][0xef][0xbf][0xbd][0xef][0xbf][0xbd][0x7][0x1][0xef][0xbf][0xbd]N[0xef][0xbf][0xbd][0xef][0xbf][0xbd][0xd6][0x84][0xef][0xbf][0xbd][0xef][0xbf][0xbd][0xef][0xbf][0xbd]j7n[0xef][0xbf][0xbd]d[0xef][0xbf][0xbd]`.[0x0][0xef][0xbf][0xbd]~.[0xef][0xbf][0xbd][0x18][0xef][0xbf][0xbd][0xef][0xbf][0xbd][0xef][0xbf][0xbd]X[0xef][0xbf][0xbd]b[0x15]G[0xef][0xbf][0xbd][0xef][0xbf][0xbd][0x4]R%[0x6]1[0x9][0x3]d[0xef][0xbf][0xbd][0x4][0xef][0xbf][0xbd][0xef][0xbf][0xbd][0x0]X[0xef][0xbf][0xbd][0xef][0xbf][0xbd]j[0xef][0xbf][0xbd][0x1e][0x1d][0xef][0xbf][0xbd][0xef][0xbf][0xbd]i[0xef][0xbf][0xbd]j[0xef][0xbf][0xbd][0xef][0xbf][0xbd][0xef][0xbf][0xbd][0xef][0xbf][0xbd]-;[0xef][0xbf][0xbd][0xef][0xbf][0xbd]uj[0xef][0xbf][0xbd][0xef][0xbf][0xbd][0xef][0xbf][0xbd][0x2][0xef][0xbf][0xbd]E[0xef][0xbf][0xbd][0xef][0xbf][0xbd][0x13][0xb][0x5]9{[0xef][0xbf][0xbd][0xef][0xbf][0xbd][0xef][0xbf][0xbd]C[0xef][0xbf][0xbd][0xef][0xbf][0xbd][0x12][0xef][0xbf][0xbd][0x1d][0x9][0xef][0xbf][0xbd][0xef][0xbf][0xbd][0x15][0xef][0xbf][0xbd]b[0xef][0xbf][0xbd][0xef][0xbf][0xbd][0x6][0xef][0xbf][0xbd]3[0xef][0xbf][0xbd]?[0xef][0xbf][0xbd][0x2][0xef][0xbf][0xbd]n[0xef][0xbf][0xbd][0xef][0xbf][0xbd][0x9][0xef][0xbf][0xbd][0x2]l[0xef][0xbf][0xbd]J[0xef][0xbf][0xbd][0xef][0xbf][0xbd]Z,[0xef][0xbf][0xbd][0xef][0xbf][0xbd][0xef][0xbf][0xbd][0xef][0xbf][0xbd]p[0xef][0xbf][0xbd]h[0xef][0xbf][0xbd][0xef][0xbf][0xbd][0xef][0xbf][0xbd]N[0xef][0xbf][0xbd]o[0xef][0xbf][0xbd][0xc][0xef][0xbf][0xbd][0xef][0xbf][0xbd][0xef][0xbf][0xbd]=4>[0x12][0xce][0x98][0x13],I[0xb][0x6][0xef][0xbf][0xbd]u[0xef][0xbf][0xbd][0x13][0xef][0xbf][0xbd]L1:Q[0x1b]bg2N[0xef][0xbf][0xbd][0xef][0xbf][0xbd],[0xef][0xbf][0xbd]][0xef][0xbf][0xbd]_|[0xef][0xbf][0xbd][[0xef][0xbf][0xbd][0xef][0xbf][0xbd][0xef][0xbf][0xbd][0x17][0xef][0xbf][0xbd][0xef][0xbf][0xbd]Wn [0xef][0xbf][0xbd]1/[0xef][0xbf][0xbd][0x3][0xef][0xbf][0xbd]/Z1[0xef][0xbf][0xbd]em[0xef][0xbf][0xbd][0xef][0xbf][0xbd][0xef][0xbf][0xbd][0xef][0xbf][0xbd]xy[[0xef][0xbf][0xbd][0xef][0xbf][0xbd]6[0xef][0xbf][0xbd][0x18] [0xef][0xbf][0xbd]+We|[0xef][0xbf][0xbd][0xef][0xbf][0xbd][0xef][0xbf][0xbd]H[0xef][0xbf][0xbd]I9[0xef][0xbf][0xbd][0xef][0xbf][0xbd]K3[0xef][0xbf][0xbd][0xef][0xbf][0xbd]1[0xef][0xbf][0xbd]F[0xef][0xbf][0xbd][0xef][0xbf][0xbd]Z[0xef][0xbf][0xbd]k[0xef][0xbf][0xbd]d[0x15]u[0xef][0xbf][0xbd][0xca][0xb1][0xef][0xbf][0xbd]X;[0xef][0xbf][0xbd]Na[0xee][0x9d][0x94][0xef][0xbf][0xbd][0xef][0xbf][0xbd][0xef][0xbf][0xbd][0x6]M[0xef][0xbf][0xbd][0xef][0xbf][0xbd][0xef][0xbf][0xbd][0x19][0xef][0xbf][0xbd][0x2]3/!s[0x11]n[0xef][0xbf][0xbd])[0xef][0xbf][0xbd][0xef][0xbf][0xbd]`[0xef][0xbf][0xbd][0xef][0xbf][0xbd][0x17][0xef][0xbf][0xbd][0x9][0xef][0xbf][0xbd]#[0xef][0xbf][0xbd]2[0x1d]K8[0xef][0xbf][0xbd]J[0xef][0xbf][0xbd]d[0xef][0xbf][0xbd][0xef][0xbf][0xbd][0xef][0xbf][0xbd]0j[0x15]kR[0xef][0xbf][0xbd][0xef][0xbf][0xbd]:[0xef][0xbf][0xbd][0x1c][0x5]|[0xef][0xbf][0xbd]{[0x2][0xef][0xbf][0xbd][0xef][0xbf][0xbd][0xef][0xbf][0xbd]o[0x7]*[0xef][0xbf][0xbd]^wR[0xc6][0xa4]qs[0xef][0xbf][0xbd][0xef][0xbf][0xbd][0xef][0xbf][0xbd]#%[0xef][0xbf][0xbd]d[0xef][0xbf][0xbd]e0[0xef][0xbf][0xbd]9[0x11][0xef][0xbf][0xbd]2[0xef][0xbf][0xbd][0xef][0xbf][0xbd][0xef][0xbf][0xbd][0x0]6[0xef][0xbf][0xbd][0xef][0xbf][0xbd]o[0xf]_[0xef][0xbf][0xbd][[0xef][0xbf][0xbd][0xef][0xbf][0xbd][0xef][0xbf][0xbd][0xef][0xbf][0xbd]p[0xef][0xbf][0xbd]k[0xef][0xbf][0xbd][0xef][0xbf][0xbd][0xef][0xbf][0xbd]X[0xef][0xbf][0xbd]T[0xef][0xbf][0xbd],I{Oi}[0xef][0xbf][0xbd]6[0xef][0xbf][0xbd][0xef][0xbf][0xbd][0xef][0xbf][0xbd][0xef][0xbf][0xbd][0xef][0xbf][0xbd][0xef][0xbf][0xbd]=[0xef][0xbf][0xbd]Q[0xef][0xbf][0xbd][0xef][0xbf][0xbd]x[0xef][0xbf][0xbd]:[0xe]t:3ur[0xef][0xbf][0xbd]1[0xc5][0xac][0xef][0xbf][0xbd]v'1[0x0]LHNF[0xef][0xbf][0xbd][0xef][0xbf][0xbd][0x6][0xef][0xbf][0xbd][0xef][0xbf][0xbd][0xef][0xbf][0xbd]<[0x8][0xef][0xbf][0xbd]p[0xef][0xbf][0xbd]b[0xef][0xbf][0xbd][0xef][0xbf][0xbd][0xef][0xbf][0xbd][0x6][0xef][0xbf][0xbd]wL-[0xef][0xbf][0xbd][0x15]|[0xef][0xbf][0xbd][0xef][0xbf][0xbd]g#[0xef][0xbf][0xbd][0xef][0xbf][0xbd][0x7][0x1c][0xef][0xbf][0xbd][0xef][0xbf][0xbd])[0xef][0xbf][0xbd][0xef][0xbf][0xbd][0xef][0xbf][0xbd][0xef][0xbf][0xbd][0xef][0xbf][0xbd][0xd7][0x8c]"[0xef][0xbf][0xbd][0xef][0xbf][0xbd]W2[0xef][0xbf][0xbd][0xcf][0xbe][0xef][0xbf][0xbd][0x1f][0xef][0xbf][0xbd][0xef][0xbf][0xbd]C[0xef][0xbf][0xbd][0xca][0xad][0xef][0xbf][0xbd][0xef][0xbf][0xbd][0xef][0xbf][0xbd][0x16]/[0xef][0xbf][0xbd][0xef][0xbf][0xbd][0xef][0xbf][0xbd][0xef][0xbf][0xbd]j[0xef][0xbf][0xbd][\r]e[0xef][0xbf][0xbd]4i[0xef][0xbf][0xbd][0x1b][0xef][0xbf][0xbd][0xef][0xbf][0xbd]8*%[0xef][0xbf][0xbd][0xef][0xbf][0xbd]Tmug[0x1b][0xef][0xbf][0xbd][0xef][0xbf][0xbd][0xc8][0xaa][0xc9][0xa0]^[0xef][0xbf][0xbd]3r[0xef][0xbf][0xbd]"JI8[0xef][0xbf][0xbd][\r][0xef][0xbf][0xbd]4 [0xef][0xbf][0xbd][0x4]K[0xef][0xbf][0xbd][0xef][0xbf][0xbd][0xef][0xbf][0xbd][0xef][0xbf][0xbd][0xef][0xbf][0xbd][0xef][0xbf][0xbd][0xef][0xbf][0xbd][0xef][0xbf][0xbd][0xef][0xbf][0xbd]a[0xef][0xbf][0xbd]|[0x19]2,[0xef][0xbf][0xbd][0x1e],[0xef][0xbf][0xbd][0xef][0xbf][0xbd][0xef][0xbf][0xbd]O[0xef][0xbf][0xbd]"4nS[0xef][0xbf][0xbd][0xef][0xbf][0xbd][0xef][0xbf][0xbd]|[0x14]T[0xef][0xbf][0xbd]ln[0x14]A,r[0xef][0xbf][0xbd]9[0xef][0xbf][0xbd]Q[0xef][0xbf][0xbd]9[0xef][0xbf][0xbd]k[0x4][0xef][0xbf][0xbd][0xef][0xbf][0xbd]^L[0xef][0xbf][0xbd][0xef][0xbf][0xbd][0x16][0xef][0xbf][0xbd][0xef][0xbf][0xbd][0xef][0xbf][0xbd]y[0xe6][0xa7][0xa2]zf[0xef][0xbf][0xbd]x[0x1d][0xef][0xbf][0xbd][0xef][0xbf][0xbd][0xf][0xef][0xbf][0xbd][0xef][0xbf][0xbd]@6*[0x1b]p[0xef][0xbf]"
07:56:30.844 [main] DEBUG org.apache.http.wire -  >> "[0xbd][0xef][0xbf][0xbd]_[0xef][0xbf][0xbd][0x1e][0xef][0xbf][0xbd][0xef][0xbf][0xbd][0x19][0xef][0xbf][0xbd];_[0xef][0xbf][0xbd]P[0xef][0xbf][0xbd][0xef][0xbf][0xbd][0x6][0x5]fkw[0xef][0xbf][0xbd][0xef][0xbf][0xbd][0x14][0xef][0xbf][0xbd][0xef][0xbf][0xbd]_[0xd8][0x82][0x14][0xef][0xbf][0xbd]f[0x16]~Q[0xef][0xbf][0xbd][0xef][0xbf][0xbd][0xef][0xbf][0xbd]D[0xef][0xbf][0xbd][0xef][0xbf][0xbd]E[0x1][0x15]m[0xef][0xbf][0xbd]4[0xef][0xbf][0xbd]8[0x1d][0xef][0xbf][0xbd][0xef][0xbf][0xbd][0xef][0xbf][0xbd]ua[0xef][0xbf][0xbd]x[0xef][0xbf][0xbd][0x13][0x8][0xef][0xbf][0xbd]{[0xef][0xbf][0xbd][0x6][0xef][0xbf][0xbd][0x18][0xef][0xbf][0xbd]=e[0xef][0xbf][0xbd]Y[0xef][0xbf][0xbd]I[0x6]-[0xef][0xbf][0xbd][0xef][0xbf][0xbd][0xef][0xbf][0xbd][0xef][0xbf][0xbd][[0xef][0xbf][0xbd][0xef][0xbf][0xbd][0xef][0xbf][0xbd][0x13][0xef][0xbf][0xbd][0x18]Y[0xe][0x13][0x15][0xef][0xbf][0xbd][0x16][0x8]c[0xef][0xbf][0xbd][0xef][0xbf][0xbd]v[0x1c]i[0xef][0xbf][0xbd][0xef][0xbf][0xbd][0x10].a[0xef][0xbf][0xbd][0xef][0xbf][0xbd][0x10][0xef][0xbf][0xbd][0xef][0xbf][0xbd][0xef][0xbf][0xbd][0xd1][0xbe][0x4]1[0x19]1[0xef][0xbf][0xbd][0x10][0xef][0xbf][0xbd][0xef][0xbf][0xbd][0xef][0xbf][0xbd][0x9][0x4]RAB[0xef][0xbf][0xbd][0xef][0xbf][0xbd]P[0xef][0xbf][0xbd][0xef][0xbf][0xbd]q8[0x1d][0x13][0xef][0xbf][0xbd]x_7[0xef][0xbf][0xbd][0x3]e[0xef][0xbf][0xbd][0xef][0xbf][0xbd][0xcd][0xbf][0xef][0xbf][0xbd]o[0xef][0xbf][0xbd]~f[0xef][0xbf][0xbd]V[0xef][0xbf][0xbd][0xef][0xbf][0xbd][0x3]S[0xef][0xbf][0xbd]y[0xef][0xbf][0xbd][0xef][0xbf][0xbd]+[0xef][0xbf][0xbd]mb[0xef][0xbf][0xbd][0xef][0xbf][0xbd]k[0xef][0xbf][0xbd].oH[0xef][0xbf][0xbd][0xef][0xbf][0xbd][0xef][0xbf][0xbd][0xef][0xbf][0xbd]5[0xef][0xbf][0xbd][0xef][0xbf][0xbd][0xe]%[0xe9][0xa5][0xa0]_[0xef][0xbf][0xbd]>[0xef][0xbf][0xbd][0xef][0xbf][0xbd] [0xd2][0x87]azO[0xef][0xbf][0xbd][0xd1][0x97][0xef][0xbf][0xbd][0xef][0xbf][0xbd]2$-58[0xef][0xbf][0xbd]j[[0xef][0xbf][0xbd][0x15][0xef][0xbf][0xbd]k=R[0xef][0xbf][0xbd][0xef][0xbf][0xbd][0xef][0xbf][0xbd][0xef][0xbf][0xbd]-eQ[0xe8][0x93][0x9a][0xef][0xbf][0xbd][0xef][0xbf][0xbd]M[0xef][0xbf][0xbd][0xdf][0x94][0xef][0xbf][0xbd][0xef][0xbf][0xbd][0xef][0xbf][0xbd][0x15][0xef][0xbf][0xbd]][0xef][0xbf][0xbd]J]@[0xef][0xbf][0xbd][0xef][0xbf][0xbd][0xef][0xbf][0xbd]ZK[0xef][0xbf][0xbd]I[0x1c][0xef][0xbf][0xbd][0xef][0xbf][0xbd]=6[0xef][0xbf][0xbd][0xe4][0x9f][0x87][0xe]#f[0xef][0xbf][0xbd][0x5][0xef][0xbf][0xbd][0xef][0xbf][0xbd]5[0xef][0xbf][0xbd][\n]"
07:56:30.844 [main] DEBUG org.apache.http.wire -  >> "Y[\n]"
07:56:30.844 [main] DEBUG org.apache.http.wire -  >> "[0xef][0xbf][0xbd][0xef][0xbf][0xbd][0xef][0xbf][0xbd][0xef][0xbf][0xbd][0xef][0xbf][0xbd][0xef][0xbf][0xbd][0xef][0xbf][0xbd]D[0xef][0xbf][0xbd][\n]"
07:56:30.844 [main] DEBUG org.apache.http.wire -  >> "[0x4][0xef][0xbf][0xbd]Y[0xef][0xbf][0xbd]6[0x12][0xe][0xef][0xbf][0xbd]*[0xef][0xbf][0xbd]u[0xef][0xbf][0xbd]"[0x1a]5[0x8][0xef][0xbf][0xbd][0xef][0xbf][0xbd][0xef][0xbf][0xbd][0xef][0xbf][0xbd][0xef][0xbf][0xbd][0xef][0xbf][0xbd]U[0xef][0xbf][0xbd][0x19][0x13][0xef][0xbf][0xbd]SG[0xef][0xbf][0xbd]=[0xef][0xbf][0xbd][0xef][0xbf][0xbd][0xef][0xbf][0xbd][0x1c]Zw [0xef][0xbf][0xbd][0x1d]Gm?[0xef][0xbf][0xbd]T[0xef][0xbf][0xbd][0xef][0xbf][0xbd]@W[0xef][0xbf][0xbd][0xef][0xbf][0xbd][0xef][0xbf][0xbd][0xef][0xbf][0xbd]+U[0x1b]h [0xef][0xbf][0xbd]:[0xef][0xbf][0xbd][0xef][0xbf][0xbd]<]Y[[0xef][0xbf][0xbd]dn[0xef][0xbf][0xbd]]n&tk[0xef][0xbf][0xbd]^s[0xef][0xbf][0xbd][0xef][0xbf][0xbd][0xef][0xbf][0xbd][0xef][0xbf][0xbd]U[0xef][0xbf][0xbd]*[0xef][0xbf][0xbd]{[0x1c]k[0xef][0xbf][0xbd]^L[0xef][0xbf][0xbd]p[0xef][0xbf][0xbd][0xef][0xbf][0xbd][0xef][0xbf][0xbd][0xef][0xbf][0xbd][0xcd][0x86];zi[0xef][0xbf][0xbd][0x15]q[0xef][0xbf][0xbd][0xef][0xbf][0xbd]w[0xef][0xbf][0xbd][0x11][0xef][0xbf][0xbd]W[0x1e]k[0xef][0xbf][0xbd][0xef][0xbf][0xbd]R[0xef][0xbf][0xbd][0xef][0xbf][0xbd][0xef][0xbf][0xbd]Q[0xef][0xbf][0xbd]'c[0xef][0xbf][0xbd][0xef][0xbf][0xbd][0xef][0xbf][0xbd]sy[0xef][0xbf][0xbd][0xef][0xbf][0xbd]g[0xef][0xbf][0xbd]l[0xef][0xbf][0xbd][0xef][0xbf][0xbd][0xef][0xbf][0xbd]7_[0xef][0xbf][0xbd]s/[0xef][0xbf][0xbd][0x7]7[0x10][0xef][0xbf][0xbd][0xef][0xbf][0xbd][0xef][0xbf][0xbd][0x12]?H[0xef][0xbf][0xbd][0xef][0xbf][0xbd]V[0xcc][0x97][0xef][0xbf][0xbd][0xef][0xbf][0xbd]<[0xef][0xbf][0xbd]Q&9*x[0xef][0xbf][0xbd][0xef][0xbf][0xbd][0xef][0xbf][0xbd][0xef][0xbf][0xbd]C[0xef][0xbf][0xbd][0xef][0xbf][0xbd]g[0xef][0xbf][0xbd]>[0xef][0xbf][0xbd]0[0x1c]`[0xef][0xbf][0xbd][0x18][0x1b][0xef][0xbf][0xbd]X_[0xef][0xbf][0xbd][0xef][0xbf][0xbd][0xef][0xbf][0xbd]d}[0xef][0xbf][0xbd][0xef][0xbf][0xbd][0x6]J[0xef][0xbf][0xbd][0x17]CO[0x1][0xef][0xbf][0xbd][0xef][0xbf][0xbd][0xef][0xbf][0xbd]L[0xef][0xbf][0xbd][0xef][0xbf][0xbd]2i8[0xef][0xbf][0xbd]y[0xef][0xbf][0xbd][0xef][0xbf][0xbd][0xd0][0x8e][0x1c][0xef][0xbf][0xbd][0x1f][0xef][0xbf][0xbd][0xef][0xbf][0xbd]V[&N[0xef][0xbf][0xbd][0xef][0xbf][0xbd]#[0xef][0xbf][0xbd]x[0xef][0xbf][0xbd](6Y[0xef][0xbf][0xbd][0xef][0xbf][0xbd][0xc9][0x9d][0xef][0xbf][0xbd][0xef][0xbf][0xbd][0xef][0xbf][0xbd][0xef][0xbf][0xbd]e[0xef][0xbf][0xbd]2gc.[0xef][0xbf][0xbd][0xc3][0xb8][0xef][0xbf][0xbd][0x1f]i[0xd9][0xa1]1[0xef][0xbf][0xbd]zL[0xef][0xbf][0xbd]q-r[0xcc][0x94][0xef][0xbf][0xbd][0xef][0xbf][0xbd]k[0x0][0xca][0x95]&[0xef][0xbf][0xbd][0xef][0xbf][0xbd]9j[0xef][0xbf][0xbd][0x1a]6[0xef][0xbf][0xbd];[0xef][0xbf][0xbd]E[0xef][0xbf][0xbd]l[0xef][0xbf][0xbd]A;e[0xef][0xbf][0xbd]9[0xef][0xbf][0xbd]][0xef][0xbf][0xbd][0xef][0xbf][0xbd][0xcb][0xba][0xef][0xbf][0xbd][0xef][0xbf][0xbd]=[0xef][0xbf][0xbd]t[0xef][0xbf][0xbd]m[0xef][0xbf][0xbd]tCci[0xef][0xbf][0xbd][0x12][0xf][0xef][0xbf][0xbd][0x16][0x14]ac[0xef][0xbf][0xbd]5[0xef][0xbf][0xbd][0x2][0xe][0xef][0xbf][0xbd][0xef][0xbf][0xbd][0xef][0xbf][0xbd]ws[0xef][0xbf][0xbd]rVj[0xef][0xbf][0xbd][[0xef][0xbf][0xbd][0xef][0xbf][0xbd][0xef][0xbf][0xbd][0xef][0xbf][0xbd]^[0xef][0xbf][0xbd][0xef][0xbf][0xbd]>[0xef][0xbf][0xbd][0xef][0xbf][0xbd][0xef][0xbf][0xbd]<[0xef][0xbf][0xbd][0xef][0xbf][0xbd][0xef][0xbf][0xbd]%[0xef][0xbf][0xbd]k[0xef][0xbf][0xbd][\r][0x13]O[0xef][0xbf][0xbd]$[0xef][0xbf][0xbd],m[0xef][0xbf][0xbd][0xc][0xef][0xbf][0xbd][0xef][0xbf][0xbd][0xef][0xbf][0xbd]bY[0xef][0xbf][0xbd]Y[0xef][0xbf][0xbd]h[0x4]W{s[0xef][0xbf][0xbd]r[0xef][0xbf][0xbd][0xc2][0x82][0xef][0xbf][0xbd][0xef][0xbf][0xbd][0x10])s[0xef][0xbf][0xbd][0x15]?z[0xef][0xbf][0xbd]x[0xef][0xbf][0xbd][0xef][0xbf][0xbd]F[0xef][0xbf][0xbd][0xef][0xbf][0xbd][0xef][0xbf][0xbd]U~ j[0xef][0xbf][0xbd]|^>[0xef][0xbf][0xbd]{[0x14][0xef][0xbf][0xbd]^L+.[0xef][0xbf][0xbd]"[0xe4][0x81][0xa8]`[0xef][0xbf][0xbd][0x1d][0xef][0xbf][0xbd][0xef][0xbf][0xbd][0xef][0xbf][0xbd]`[0xef][0xbf][0xbd][0xef][0xbf][0xbd]m[0xef][0xbf][0xbd].[0x14][0xef][0xbf][0xbd][0xef][0xbf][0xbd][0x16]q[0xef][0xbf][0xbd]b][0xef][0xbf][0xbd]F[0x0]r,[0xef][0xbf][0xbd][0xef][0xbf][0xbd]:c[0xef][0xbf][0xbd][0x5][0x1a]mE[0xef][0xbf][0xbd]0[0xef][0xbf][0xbd][0xe5][0x8a][0x99][0xef][0xbf][0xbd]l[0x1b]O<[0xef][0xbf][0xbd]([0xef][0xbf][0xbd][0xef][0xbf][0xbd]1[0xef][0xbf][0xbd]dZ[0x16]Cu[0xd4][0x97]S[0xef][0xbf][0xbd][0xef][0xbf][0xbd][0xef][0xbf][0xbd][0x0]<[0xc3][0xaa]A[0xef][0xbf][0xbd][0xef][0xbf][0xbd][0xef][0xbf][0xbd]F0[0xef][0xbf][0xbd][0x16][0xef][0xbf][0xbd][0xef][0xbf][0xbd]a7[0xef][0xbf][0xbd][0xef][0xbf][0xbd][0x19]3w[0xef][0xbf][0xbd]X[0xef][0xbf][0xbd]N;[0xef][0xbf][0xbd][0xef][0xbf][0xbd][0xef][0xbf][0xbd][0xc]oQr[0xef][0xbf][0xbd][0xf]s[0xef][0xbf][0xbd]$[0x1c][0xef][0xbf][0xbd][0xc9][0xa9]3[0xef][0xbf][0xbd])[0x3][0x2]=H.Z[0xef][0xbf][0xbd][0xef][0xbf][0xbd][0x4][0x8]`[0xef][0xbf][0xbd][0xe][0xef][0xbf][0xbd][0x1e]Q[0xef][0xbf][0xbd][0xef][0xbf][0xbd]"[0xef][0xbf][0xbd]-sf>[0xef][0xbf][0xbd]w[0xef][0xbf][0xbd])U[0xef][0xbf][0xbd][0x2]3[0xef][0xbf][0xbd][0xce][0x85][0xef][0xbf][0xbd]5[0xef][0xbf][0xbd]m[0xef][0xbf][0xbd][0xef][0xbf][0xbd]2[0x1b]S[0xef][0xbf][0xbd],:31l[0xef][0xbf][0xbd][0xef][0xbf][0xbd][0xef][0xbf][0xbd]L4[0x3][0xef][0xbf][0xbd]-".[0xef][0xbf][0xbd][0xef][0xbf][0xbd][0xef][0xbf][0xbd]\[0xef][0xbf][0xbd][0x2][0xc5][0xa1]*[0xef][0xbf][0xbd][0xef][0xbf][0xbd][0xef][0xbf][0xbd]v[0xef][0xbf][0xbd]|[0xef][0xbf][0xbd][0xef][0xbf][0xbd][0xef][0xbf][0xbd][0xe2][0x99][0xa4][0xef][0xbf][0xbd][0xef][0xbf][0xbd][0xef][0xbf][0xbd][0xef][0xbf][0xbd][0xef][0xbf][0xbd][0x4]eZ[0x1a][0xef][0xbf][0xbd][0x9][0xef][0xbf][0xbd]1,[0xef][0xbf][0xbd][0x1]Q[0xef][0xbf][0xbd]_[0xe][0xef][0xbf][0xbd]-[0xef][0xbf][0xbd][0x5][0xef][0xbf][0xbd][0xef][0xbf][0xbd][0xef][0xbf][0xbd]s[0x1b][0x1e][0xef][0xbf][0xbd][0xef][0xbf][0xbd]M[0xef][0xbf][0xbd][0xef][0xbf][0xbd]I[0xef][0xbf][0xbd][0x4][0xef][0xbf][0xbd][0xef][0xbf][0xbd]C[0x12][0x13][0xef][0xbf][0xbd][0x2][0x4]b}[0xef][0xbf][0xbd]I[0xef][0xbf][0xbd]X[0xdc][0x9c][0xef][0xbf][0xbd][0xef][0xbf][0xbd]W[0xef][0xbf][0xbd][0xef][0xbf][0xbd][0xef][0xbf][0xbd]F[0xef][0xbf][0xbd]>9[0xef][0xbf][0xbd]W[0xef][0xbf][0xbd][0xef][0xbf][0xbd]=[0xef][0xbf][0xbd][0xd2][0xbf][0xef][0xbf][0xbd][0xef][0xbf][0xbd][0xef][0xbf][0xbd][0xef][0xbf][0xbd][[0xef][0xbf][0xbd][0xef][0xbf][0xbd][0xef][0xbf][0xbd]S~ j[0xef][0xbf][0xbd][0xef][0xbf][0xbd]>[0xef][0xbf][0xbd][0xef][0xbf][0xbd][0xc5][0xbe]ui9[0xc7][0x9c]c[0xdd][0x9b][0x5][0xd2][0x81][0xef][0xbf][0xbd][0xef][0xbf][0xbd][0xef][0xbf][0xbd][0xdd][0x91]v[0xef][0xbf][0xbd]n[0xef][0xbf][0xbd][0xc2][0xae]E[0x1f][0xef][0xbf][0xbd][0xef][0xbf][0xbd][0xef][0xbf][0xbd]-{[0xef][0xbf][0xbd][0xef][0xbf][0xbd][0xef][0xbf][0xbd][0x2][0xef][0xbf][0xbd][0xef][0xbf][0xbd]j[0x14]k[0xef][0xbf][0xbd][0xef][0xbf][0xbd]S[0xef][0xbf][0xbd]VM[0xef][0xbf][0xbd][0xef][0xbf][0xbd][0xef][0xbf][0xbd]5[0xef][0xbf][0xbd][0xef][0xbf][0xbd]8[0x1c][0xef][0xbf][0xbd][0xef][0xbf][0xbd][0xef][0xbf][0xbd][0xef][0xbf][0xbd][0xef][0xbf][0xbd]dR[0xef][0xbf][0xbd][0xef][0xbf][0xbd][0xef][0xbf][0xbd][0xef][0xbf][0xbd][0x0][0xef][0xbf][0xbd]D@`![0x0][0x10]\[0xef][0xbf][0xbd][0xef][0xbf][0xbd][0xef][0xbf][0xbd][0xef][0xbf][0xbd][0xef][0xbf][0xbd][0xef][0xbf][0xbd]%[0xef][0xbf][0xbd][0xef][0xbf][0xbd][0xd4][0x82][0xef][0xbf][0xbd][0xd6][0x87][0xef][0xbf][0xbd][0xdf][0x80][0xef][0xbf][0xbd][0xe]RL[0xef][0xbf][0xbd]>[0xef][0xbf][0xbd][0xef][0xbf][0xbd]qy[0xef][0xbf][0xbd][0xef][0xbf][0xbd][0xef][0xbf][0xbd][0x1d][0x2][0x11]LS[0xcf][0x8d][0xef][0xbf][0xbd][0xd2][0xa1][0xef][0xbf][0xbd][0x4][0x11]&[\n]"
07:56:30.844 [main] DEBUG org.apache.http.wire -  >> "S[0xef][0xbf][0xbd]T[0xef][0xbf][0xbd][0xef][0xbf][0xbd][0x1d]az[0xef][0xbf][0xbd][0xef][0xbf][0xbd][0xef][0xbf][0xbd][0xef][0xbf][0xbd]o[0xef][0xbf][0xbd]@[0xef][0xbf][0xbd][0xf][0xef][0xbf][0xbd]k[0xef][0xbf][0xbd]iB[0x18][0xef][0xbf][0xbd]N[0xef][0xbf][0xbd][0xdd][0xbe]/[0xef][0xbf][0xbd][0xef][0xbf][0xbd][0xef][0xbf][0xbd][0xef][0xbf][0xbd]W[0xef][0xbf][0xbd]<[0xda][0x86]M[0xef][0xbf][0xbd][0x1]][0xef][0xbf][0xbd][0x9][0xef][0xbf][0xbd][0x9][0xef][0xbf][0xbd][0xef][0xbf][0xbd][0x1b]Y[0xef][0xbf][0xbd]T{[0xef][0xbf][0xbd]T[0xef][0xbf][0xbd][0xb]k6[0xef][0xbf][0xbd]d[0xef][0xbf][0xbd]_[0xef][0xbf][0xbd][0xef][0xbf][0xbd]k%[0xef][0xbf][0xbd]KH[0xef][0xbf][0xbd][0xef][0xbf][0xbd][0xef][0xbf][0xbd][0xe][0xef][0xbf][0xbd]S[0xef][0xbf][0xbd][0x8][0xef][0xbf][0xbd]OM[0xef][0xbf][0xbd][0x6][0xef][0xbf][0xbd][0xef][0xbf][0xbd][0x1b][0xeb][0xac][0xa7]O[0xef][0xbf][0xbd][0xef][0xbf][0xbd][0xef][0xbf][0xbd][0xef][0xbf][0xbd][0xef][0xbf][0xbd]J[0xef][0xbf][0xbd][0xef][0xbf][0xbd][0x1e]([0x1c][0xef][0xbf][0xbd]S[0xef][0xbf][0xbd][0xef][0xbf][0xbd]/9[0xd3][0x90][0x2]1[0xef][0xbf][0xbd][0xef][0xbf][0xbd]K[0xef][0xbf][0xbd]MC[0x8][0xef][0xbf][0xbd][0x6][0xef][0xbf][0xbd][0xef][0xbf][0xbd][0x1b][0xef][0xbf][0xbd]D[0xef][0xbf][0xbd][0xef][0xbf][0xbd]@[0xef][0xbf][0xbd][0xef][0xbf][0xbd][0xef][0xbf][0xbd][0xef][0xbf][0xbd]HOj[0x5][0xef][0xbf][0xbd][0xef][0xbf][0xbd]-Z[0xef][0xbf][0xbd]u[0xef][0xbf][0xbd]{9[0xef][0xbf][0xbd]f[0xef][0xbf][0xbd][0xef][0xbf][0xbd][0xef][0xbf][0xbd]M[0xef][0xbf][0xbd][0xef][0xbf][0xbd]E[0xef][0xbf][0xbd]z[0xef][0xbf][0xbd][0xef][0xbf][0xbd]3[0xef][0xbf][0xbd][0xef][0xbf][0xbd][0xef][0xbf][0xbd][0xef][0xbf][0xbd][0xef][0xbf][0xbd]/[0xef][0xbf][0xbd][0xef][0xbf][0xbd][0x1b][0xef][0xbf][0xbd][0xef][0xbf][0xbd][0xef][0xbf][0xbd][0xef][0xbf][0xbd]+[0xef][0xbf][0xbd]v+[0xef][0xbf][0xbd]M[0xef][0xbf][0xbd]/[0xef][0xbf][0xbd][0xef][0xbf][0xbd][0xef][0xbf][0xbd][0xef][0xbf][0xbd][0xef][0xbf][0xbd]&[0xe]e[0xef][0xbf][0xbd][0xd3][0x8c]Q[0xef][0xbf][0xbd][0xef][0xbf][0xbd] [0xc3][0xaf][0xef][0xbf][0xbd]no[0xef][0xbf][0xbd]I<X[0xef][0xbf][0xbd][0xef][0xbf][0xbd]Q[0xef][0xbf][0xbd]K[0xef][0xbf][0xbd]c[0xef][0xbf][0xbd][0x0]G[0xef][0xbf][0xbd][0x19])[0xef][0xbf][0xbd][0xef][0xbf][0xbd][0xef][0xbf][0xbd][0xef][0xbf][0xbd][0xea][0xa0][0x87]1[0xef][0xbf][0xbd][0xef][0xbf][0xbd]I[0x0]WY[0xef][0xbf][0xbd]u[0xef][0xbf][0xbd][0xef][0xbf][0xbd][0xef][0xbf][0xbd][0x6]~[0xcf][0x93]:[0xef][0xbf][0xbd]ks8f[0xef][0xbf][0xbd]`z[0xef][0xbf][0xbd]xK0[0xef][0xbf][0xbd][0xef][0xbf][0xbd][0xef][0xbf][0xbd]@[0xef][0xbf][0xbd]o[0xef][0xbf][0xbd][0xcd][0xb2][0x0][0xef][0xbf][0xbd][0xef][0xbf][0xbd][0xef][0xbf][0xbd]8[0x16][0xef][0xbf][0xbd]\tm[0xef][0xbf][0xbd]+[0xef][0xbf][0xbd]9[0xef][0xbf][0xbd][0xef][0xbf][0xbd]6[0xef][0xbf][0xbd][0x13][0xef][0xbf][0xbd][0xef][0xbf][0xbd][0xef][0xbf][0xbd]}[0xef][0xbf][0xbd][0xef][0xbf][0xbd]<[0xef][0xbf][0xbd][0xef][0xbf][0xbd][0xef][0xbf][0xbd]8[0xcf][0x92]y[[0xef][0xbf][0xbd]G[\n]"
07:56:30.844 [main] DEBUG org.apache.http.wire -  >> "qo[0xef][0xbf][0xbd]3&[[0xef][0xbf][0xbd]K[0xef][0xbf][0xbd][0xef][0xbf][0xbd]1u_m[0xef][0xbf][0xbd]'[0xef][0xbf][0xbd]R[0xd2][0xba]B}[0xef][0xbf][0xbd][0xc][0xf][0xef][0xbf][0xbd][0x16]p[0xef][0xbf][0xbd][0x0]t^8[0xef][0xbf][0xbd][0xef][0xbf][0xbd]pn[0xef][0xbf][0xbd]t[0x16]"[0x16][0xef][0xbf][0xbd]4[0xef][0xbf][0xbd]\[0xef][0xbf][0xbd]T[0xef][0xbf][0xbd][0xef][0xbf][0xbd]xL[0xef][0xbf][0xbd][0xef][0xbf][0xbd][0xef][0xbf][0xbd][0x19][0xef][0xbf][0xbd]#56[0xef][0xbf][0xbd][{[\r][0xef][0xbf][0xbd][0xd3][0x90]G[0xef][0xbf][0xbd]m[0xef][0xbf][0xbd]y[0xef][0xbf][0xbd][0xef][0xbf][0xbd][0xef][0xbf][0xbd]s[0xef][0xbf][0xbd][0x3][0xef][0xbf][0xbd][0xef][0xbf][0xbd][0xef][0xbf][0xbd][0xef][0xbf][0xbd][0xef][0xbf][0xbd][0xc4][0x83]%[0xef][0xbf][0xbd][0xef][0xbf][0xbd][0xef][0xbf][0xbd][0xef][0xbf][0xbd]Z[0xef][0xbf][0xbd][0xc][0x15][0xb][0xef][0xbf][0xbd][0xef][0xbf][0xbd][0x15][0xef][0xbf][0xbd]b[0xef][0xbf][0xbd][0xef][0xbf][0xbd][0xef][0xbf][0xbd]#[0xef][0xbf][0xbd][0xef][0xbf][0xbd][0xef][0xbf][0xbd][0xef][0xbf][0xbd]Q[0xef][0xbf][0xbd][0x1e][0xe3][0xb6][0x96][0xcc][0x97][0xef][0xbf][0xbd][0xef][0xbf][0xbd][0xef][0xbf][0xbd][0xef][0xbf][0xbd][0xdb][0xac][0xef][0xbf][0xbd].[0xef][0xbf][0xbd][0xef][0xbf][0xbd][0x7][0x10][0xef][0xbf][0xbd][0xef][0xbf][0xbd][0xef][0xbf][0xbd][0xef][0xbf][0xbd]_[0xef][0xbf][0xbd][0xef][0xbf][0xbd]3[0xef][0xbf][0xbd][0xef][0xbf][0xbd][0xef][0xbf][0xbd]_|[0x5][0xef][0xbf][0xbd]r+?@y[0xef][0xbf][0xbd][0xef][0xbf][0xbd][0xef][0xbf][0xbd]N+[0xef][0xbf][0xbd][0x14][0xef][0xbf][0xbd][0x9][0xef][0xbf][0xbd][0xef][0xbf][0xbd];[0xef][0xbf][0xbd][0x5]\[0xef][0xbf][0xbd],[0x3]1~ j[0xef][0xbf][0xbd]m[0xc][0xef][0xbf][0xbd][0xef][0xbf][0xbd][0xdb][0xae][0x17][0xef][0xbf][0xbd][0xef][0xbf][0xbd][0xef][0xbf][0xbd]K[\n]"
07:56:30.844 [main] DEBUG org.apache.http.wire -  >> "[0xef][0xbf][0xbd]Ac[0x1])[0xef][0xbf][0xbd];[0xef][0xbf][0xbd]O[0xef][0xbf][0xbd];[0xef][0xbf][0xbd]GF#T7[0x0][0x1f][0xef][0xbf][0xbd][0x1d]8[0x19][0x6][0x1d][0xb][0xef][0xbf][0xbd]~[0xdd][0xa7][0xef][0xbf][0xbd][0x15][0xef][0xbf][0xbd]~[0x12][0xef][0xbf][0xbd][0xef][0xbf][0xbd][0xef][0xbf][0xbd][0xc3][0xbd]>)j[0xef][0xbf][0xbd][0x14][0xef][0xbf][0xbd][0xef][0xbf][0xbd][0xef][0xbf][0xbd][0xef][0xbf][0xbd]EK[0xcb][0xbb][0xef][0xbf][0xbd][0xef][0xbf][0xbd][0x8][0xef][0xbf][0xbd][0x8][0xef][0xbf][0xbd][0xef][0xbf][0xbd][0xe][0xef][0xbf][0xbd][0xef][0xbf][0xbd][0xef][0xbf][0xbd]B#6M[0x4][0xef][0xbf][0xbd][0xef][0xbf][0xbd][0xc][0x7][0xef][0xbf][0xbd]=![0xef][0xbf][0xbd].R[0xef][0xbf][0xbd]QSG[0xef][0xbf][0xbd]![0xef][0xbf][0xbd][0xef][0xbf][0xbd][0xef][0xbf][0xbd][0xef][0xbf][0xbd][0xef][0xbf][0xbd]D[0xef][0xbf][0xbd]8[0xef][0xbf][0xbd]Ud[0xef][0xbf][0xbd][0xef][0xbf][0xbd][0xef][0xbf][0xbd][0xef][0xbf][0xbd][0x16]c=FW[0xe6][0x91][0xad]ZW([0xef][0xbf][0xbd][0xdd][0xb7][0x1a][0xef][0xbf][0xbd][0xef][0xbf][0xbd][0xef][0xbf][0xbd][0xef][0xbf][0xbd]Ipt[0xef][0xbf][0xbd]J[0xd2][0x85][0xef][0xbf][0xbd].[0x2]I*[0xef][0xbf][0xbd][0xef][0xbf][0xbd][0x1]b[0xef][0xbf][0xbd]B[0x1e]c3[0xef][0xbf][0xbd][0xef][0xbf][0xbd][0xef][0xbf][0xbd][0xef][0xbf][0xbd]C[0xef][0xbf][0xbd][0xef][0xbf][0xbd][0xf].\[0xef][0xbf][0xbd]VQ[0x1b][0xef][0xbf][0xbd][0xef][0xbf][0xbd]f[0xef][0xbf][0xbd]=[0xef][0xbf][0xbd]@[0xef][0xbf][0xbd]Q[0xef][0xbf][0xbd][0xef][0xbf][0xbd]F[0x1b]J[0x14]Y{[0xef][0xbf][0xbd]&[0x10]&[0xef][0xbf][0xbd]!h[0xef][0xbf][0xbd][0x9][0xef][0xbf][0xbd][0xef][0xbf][0xbd][0xef][0xbf][0xbd]7C[0xef][0xbf][0xbd][0xef][0xbf][0xbd][0xef][0xbf][0xbd][0xef][0xbf][0xbd][0xd7][0xb2]J[0xef][0xbf][0xbd][0xef][0xbf][0xbd]y8[0xef][0xbf][0xbd]V[0xef][0xbf][0xbd][0xef][0xbf][0xbd]i[0xef][0xbf][0xbd][0xc5][0xb1][0xef][0xbf][0xbd][0xef][0xbf][0xbd]@[0xef][0xbf][0xbd][0xef][0xbf][0xbd]"[0xef][0xbf][0xbd]S[0xef][0xbf][0xbd][0xed][0x94][0x8c][0x8][0xef][0xbf][0xbd]s[0xef][0xbf][0xbd]9/[0xef][0xbf][0xbd]O[0xef][0xbf][0xbd][0x14][0xcc][0x9e][0xef][0xbf][0xbd]Y[0xe]*[0xef][0xbf][0xbd]==[0xef][0xbf][0xbd]0Oq[0x6][0xef][0xbf][0xbd][0xef][0xbf][0xbd]!n[0xef][0xbf][0xbd]V~[0xef][0xbf][0xbd][0xef][0xbf][0xbd],N[0xef][0xbf][0xbd]y[0xef][0xbf][0xbd][0xef][0xbf][0xbd][0x5][0xeb][0x8d][0x8a]4Z[0xef][0xbf][0xbd]~[0x1a]$[0xef][0xbf][0xbd][0xef][0xbf][0xbd][0x1f][0xef][0xbf][0xbd][0x6][0xef][0xbf][0xbd]Q[0xef][0xbf][0xbd][0xef][0xbf][0xbd][\r][0xd0][0x82][0xef][0xbf][0xbd][0x13]b^R\[0xef][0xbf][0xbd][0x14][0x19][0xef][0xbf][0xbd][0xef][0xbf][0xbd][\n]"
07:56:30.844 [main] DEBUG org.apache.http.wire -  >> "[0xef][0xbf][0xbd][0xef][0xbf][0xbd]M7Q[0x0]x[0xef][0xbf][0xbd][0xef][0xbf][0xbd][0xcb][0xa3][0xef][0xbf][0xbd][0xef][0xbf][0xbd][0xef][0xbf][0xbd][0x5][0xef][0xbf][0xbd][0xef][0xbf][0xbd][0xef][0xbf][0xbd][0xef][0xbf][0xbd][0xef][0xbf][0xbd][0x11]l[0xef][0xbf][0xbd][0xb][0x1][0xd6][0x99][0xef][0xbf][0xbd][0xef][0xbf][0xbd]Y[0xef][0xbf][0xbd][0xef][0xbf][0xbd][0xef][0xbf][0xbd][0xef][0xbf][0xbd]~;S[0xef][0xbf][0xbd][0xef][0xbf][0xbd]IjSv[0xef][0xbf][0xbd]Q3[0xc6][0x98][0xef][0xbf][0xbd]([0xef][0xbf][0xbd]wCH[0x1f][0x4]s[0xef][0xbf][0xbd][0xef][0xbf][0xbd]o[0x1a]gb[0x5][0x13]E[0xef][0xbf][0xbd][0xef][0xbf][0xbd][0x8])Bz[0x11][0x2][0xef][0xbf][0xbd][0xef][0xbf][0xbd][0xef][0xbf][0xbd][0xef][0xbf][0xbd]/[0xef][0xbf][0xbd][0xef][0xbf][0xbd]-[0xef][0xbf][0xbd][0xd7][0x8a][0xef][0xbf][0xbd][0xef][0xbf][0xbd][0xef][0xbf][0xbd][0xef][0xbf][0xbd]M[0x14]j\[0x6][0xef][0xbf][0xbd][0xef][0xbf][0xbd]A[0xef][0xbf][0xbd][0xef][0xbf][0xbd][0xef][0xbf][0xbd][0xef][0xbf][0xbd][0xef][0xbf][0xbd][0xef][0xbf][0xbd][0x1d]C[0x19]2[0xef][0xbf][0xbd][0xef][0xbf][0xbd]L[0xef][0xbf][0xbd][0xef][0xbf][0xbd]N[0xef][0xbf][0xbd]][0xef][0xbf][0xbd]6mj[0xef][0xbf][0xbd]zQ[0xef][0xbf][0xbd][0xef][0xbf][0xbd][0xef][0xbf][0xbd][0x0][`">[0xd0][0x95][0x5]w[0xef][0xbf][0xbd]D[0xef][0xbf][0xbd]5[0xef][0xbf][0xbd][\n]"
07:56:30.844 [main] DEBUG org.apache.http.wire -  >> "[0x1f][0xef][0xbf][0xbd]z[0xef][0xbf][0xbd][0xef][0xbf][0xbd][0xef][0xbf][0xbd][0xef][0xbf][0xbd][0xef][0xbf][0xbd][0xef][0xbf][0xbd][0xc3][0x91][0x19]3[0xef][0xbf][0xbd]l[0xef][0xbf][0xbd]F[0xef][0xbf][0xbd]3[0xef][0xbf][0xbd]^Gm[0xef][0xbf][0xbd][0xef][0xbf][0xbd][0xef][0xbf][0xbd][0xef][0xbf][0xbd]&V[0x7][0xef][0xbf][0xbd][0xef][0xbf][0xbd]"[0xef][0xbf][0xbd]h[0xef][0xbf][0xbd][0xef][0xbf][0xbd]A[0xef][0xbf][0xbd][0xef][0xbf][0xbd][0xef][0xbf][0xbd]Z[0x2][0xef][0xbf][0xbd]mt[0xef][0xbf][0xbd][0xef][0xbf][0xbd]"pKy/[0xef][0xbf][0xbd][0xef][0xbf][0xbd][[0xef][0xbf][0xbd][0x13][0xef][0xbf][0xbd]ULXs[0xef][0xbf][0xbd][0x1e]@[0xef][0xbf][0xbd][0xef][0xbf][0xbd][0xc][0xef][0xbf][0xbd]>#[0x19][0xef][0xbf][0xbd][0xef][0xbf][0xbd]hkJ[0xef][0xbf][0xbd][\r][0xef][0xbf][0xbd][0xef][0xbf][0xbd]d[0xef][0xbf][0xbd][0xef][0xbf][0xbd][\r][0xef][0xbf][0xbd]?^>[0xef][0xbf][0xbd][0xef][0xbf][0xbd][0xef][0xbf][0xbd][0xef][0xbf][0xbd][0xef][0xbf][0xbd][0xef][0xbf][0xbd][0xcb][0xb8][0xef][0xbf][0xbd][y[0x7][0xef][0xbf][0xbd]m[0x3][0xef][0xbf][0xbd]y[0x3][0xef][0xbf][0xbd][0xef][0xbf][0xbd]@[0xef][0xbf][0xbd]n[0xef][0xbf][0xbd][0xef][0xbf][0xbd]a[0xef][0xbf][0xbd]=[0xef][0xbf][0xbd][0xef][0xbf][0xbd][0xef][0xbf][0xbd]y[0xcd][0xa2]4[0xef][0xbf][0xbd][0xef][0xbf][0xbd]k7[0x3]0&[0xf][0xef][0xbf][0xbd]a[0xef][0xbf][0xbd][\n]"
07:56:30.844 [main] DEBUG org.apache.http.wire -  >> "[0xef][0xbf][0xbd][0xef][0xbf][0xbd][0x11][0xef][0xbf][0xbd]H[0xef][0xbf][0xbd]~[0xef][0xbf][0xbd][0xef][0xbf][0xbd][0xef][0xbf][0xbd][0x1d][0xef][0x94][0xb5][0xef][0xbf][0xbd]s[0xef][0xbf][0xbd][0xef][0xbf][0xbd][0xef][0xbf][0xbd][0xef][0xbf][0xbd]q^[0xef][0xbf][0xbd]1.*}[0xef][0xbf][0xbd][0xef][0xbf][0xbd][0xef][0xbf][0xbd][0xef][0xbf][0xbd][0xef][0xbf][0xbd]k[0xef][0xbf][0xbd][0x13]f[0x3]R[0xef][0xbf][0xbd][0xef][0xbf][0xbd][0xef][0xbf][0xbd]!MG[0xef][0xbf][0xbd][0xef][0xbf][0xbd]"
07:56:30.844 [main] DEBUG org.apache.http.wire -  >> "@.[0x16][\n]"
07:56:30.844 [main] DEBUG org.apache.http.wire -  >> "r[0xef][0xbf][0xbd]+[0xef][0xbf][0xbd][0xef][0xbf][0xbd][0xef][0xbf][0xbd][0xef][0xbf][0xbd][0xef][0xbf][0xbd][0xef][0xbf][0xbd][\n]"
07:56:30.845 [main] DEBUG org.apache.http.wire -  >> "zU[0xef][0xbf][0xbd][\r][0x8][0xef][0xbf][0xbd][0x1a][0x6][0xef][0xbf][0xbd]a[0xc][0xef][0xbf][0xbd][0xef][0xbf][0xbd]V[0xef][0xbf][0xbd]"v[0xef][0xbf][0xbd][0xea][0xb9][0x8f][0xef][0xbf][0xbd]t[0xef][0xbf][0xbd][0xef][0xbf][0xbd]O[0xef][0xbf][0xbd][0xef][0xbf][0xbd]][0xc][\r][0xef][0xbf][0xbd]u[0xef][0xbf][0xbd][0xef][0xbf][0xbd][0x1]8g[0x8][0xef][0xbf][0xbd]Ne[0x16]c[0xe]hD.&D[0x8][0xef][0xbf][0xbd][U[0xef][0xbf][0xbd][0xda][0x97][0xef][0xbf][0xbd].[0xef][0xbf][0xbd]D[0xb][0x1f][0xef][0xbf][0xbd]b(4[0xef][0xbf][0xbd]Kv[0xef][0xbf][0xbd][0x17][0xef][0xbf][0xbd]x[0xd6][0xab]W&[0xcb][0x8b][0xef][0xbf][0xbd]C[0xc2][0x9c][0xef][0xbf][0xbd][0xef][0xbf][0xbd][0xef][0xbf][0xbd][0x0][0xef][0xbf][0xbd][0xef][0xbf][0xbd][0xef][0xbf][0xbd][0xef][0xbf][0xbd][0xef][0xbf][0xbd]z[0xef][0xbf][0xbd][0xef][0xbf][0xbd][0xef][0xbf][0xbd][0xef][0xbf][0xbd][0xef][0xbf][0xbd];M[0xef][0xbf][0xbd]S+[0xef][0xbf][0xbd][0xef][0xbf][0xbd][0xef][0xbf][0xbd][0x4][0xef][0xbf][0xbd][0xef][0xbf][0xbd][0xef][0xbf][0xbd][0x18][q[0xef][0xbf][0xbd]^[0xef][0xbf][0xbd]h[0xef][0xbf][0xbd][0xd0][0x90][0x4][0xef][0xbf][0xbd][0xef][0xbf][0xbd]e[0xef][0xbf][0xbd][0xef][0xbf][0xbd]8n[0xef][0xbf][0xbd][0x1]:[0xef][0xbf][0xbd]E[0xef][0xbf][0xbd],%.q[0xef][0xbf][0xbd][0xef][0xbf][0xbd]e0[0xef][0xbf][0xbd][0xef][0xbf][0xbd][0xef][0xbf][0xbd][0xef][0xbf][0xbd];d[0xef][0xbf][0xbd][0x17]zl[0xef][0xbf][0xbd]![0xef][0xbf][0xbd]X[0x0][0x6][0xef][0xbf][0xbd]C[0xef][0xbf][0xbd][0x3]gF[0xef][0xbf][0xbd][0xef][0xbf][0xbd]@[0xef][0xbf][0xbd]F[0xef][0xbf][0xbd][0x17][0xef][0xbf][0xbd][0xef][0xbf][0xbd][0xef][0xbf][0xbd][0x13]9n[0xef][0xbf][0xbd]])o+[0xef][0xbf][0xbd][0xef][0xbf][0xbd]~[0xef][0xbf][0xbd][0xe5][0x9f][0x9b][0xef][0xbf][0xbd][0xef][0xbf][0xbd]m[0xef][0xbf][0xbd]NR[0xef][0xbf][0xbd][0xef][0xbf][0xbd]A>[0xef][0xbf][0xbd]\^[0xef][0xbf][0xbd][0xef][0xbf][0xbd][0xef][0xbf][0xbd]X9[0xef][0xbf][0xbd]t[j[0xe]wc[0xef][0xbf][0xbd][0xef][0xbf][0xbd]i[0xef][0xbf][0xbd][0xef][0xbf][0xbd][0x0][0xef][0xbf][0xbd][0xef][0xbf][0xbd]M}[0x1c][0xef][0xbf][0xbd]L[0xef][0xbf][0xbd][0xef][0xbf][0xbd]U[0x7]>[0xd3][0x95][0xef][0xbf][0xbd]X[0xef][0xbf][0xbd][0x16][0xef][0xbf][0xbd]Q[0xef][0xbf][0xbd][0x3][0xef][0xbf][0xbd]4[0xef][0xbf][0xbd]u&[0xef][0xbf][0xbd]?[0xef][0xbf][0xbd][0x13][0xd2][0x88][0xef][0xbf][0xbd][0xef][0xbf][0xbd]*K[0xef][0xbf][0xbd][0x6]:j[0xef][0xbf][0xbd][0xef][0xbf][0xbd][0xc][0xef][0xbf][0xbd][0xef][0xbf][0xbd]F[0x18]*[\n]"
07:56:30.845 [main] DEBUG org.apache.http.wire -  >> "=[0xda][0xbd]X[0x7][0xef][0xbf][0xbd]9~TX[0xef][0xbf][0xbd](N[0xb][0xef][0xbf][0xbd][0xd3][0x83][0xef][0xbf][0xbd](~[0xef][0xbf][0xbd]$[0xef][0xbf][0xbd][0x18][0xef][0xbf][0xbd]b[0xef][0xbf][0xbd]d[0x13][0xef][0xbf][0xbd]|[0xef][0xbf][0xbd]Ah[0x9][0xef][0xbf][0xbd][0xef][0xbf][0xbd]c[0xef][0xbf][0xbd]BrM[0xef][0xbf][0xbd][0xef][0xbf][0xbd][0xef][0xbf][0xbd][0xef][0xbf][0xbd][0x8]y{i[0xef][0xbf][0xbd][0x12]i[0xef][0xbf][0xbd][0xef][0xbf][0xbd][0xef][0xbf][0xbd]@[0xef][0xbf][0xbd][0xef][0xbf][0xbd][0xef][0xbf][0xbd][0xef][0xbf][0xbd][0xc]#Q[0xef][0xbf][0xbd]-[0xef][0xbf][0xbd][0xef][0xbf][0xbd]O[0xef][0xbf][0xbd]_[0xef][0xbf][0xbd][0xef][0xbf][0xbd]6g[0xef][0xbf][0xbd][0xef][0xbf][0xbd][0x19]0Te1[0xcb][0x9d][0xef][0xbf][0xbd][0xef][0xbf][0xbd][0xef][0xbf][0xbd][0xef][0xbf][0xbd][0xef][0xbf][0xbd][0xef][0xbf][0xbd][0xef][0xbf][0xbd][0xef][0xbf][0xbd]m[0x6]#[0xef][0xbf][0xbd]X[0xef][0xbf][0xbd]$[0x19]M[0xef][0xbf][0xbd]4[0x1a]o[0xef][0xbf][0xbd][0x13][0xef][0xbf][0xbd]k[0xef][0xbf][0xbd][0xef][0xbf][0xbd]mH[0xef][0xbf][0xbd]{[0x19][0xc7][0xb5][0xef][0xbf][0xbd]v%[0xef][0xbf][0xbd][0xef][0xbf][0xbd][0xef][0xbf][0xbd]D[0xdd][0x96]}[0xef][0xbf][0xbd]p[0xef][0xbf][0xbd]N[0x3] [0xef][0xbf][0xbd]-[0xef][0xbf][0xbd]iC,[0xef][0xbf][0xbd][0xef][0xbf][0xbd],[0xef][0xbf][0xbd]T[0xef][0xbf][0xbd][0xef][0xbf][0xbd]`[0xef][0xbf][0xbd]o[0xef][0xbf][0xbd]Wq[0x18][0xef][0xbf][0xbd][0xef][0xbf][0xbd][0x19][0xc2][0xac][0x9]|[0xef][0xbf][0xbd]][0xef][0xbf][0xbd][0xef][0xbf][0xbd][0xef][0xbf][0xbd][0xef][0xbf][0xbd]5[0xef][0xbf][0xbd][0xc9][0x9f]}[0xef][0xbf][0xbd][0xb]7[0x10][0xef][0xbf][0xbd][0xef][0xbf][0xbd]w[0xef][0xbf][0xbd][0xef][0xbf][0xbd]-[0xef][0xbf][0xbd][0xef][0xbf][0xbd][0x19]>[0xef][0xbf][0xbd]>a[0xef][0xbf][0xbd]+[0xde][0xaa][0xef][0xbf][0xbd][0xd9][0x8c][0xef][0xbf][0xbd]^JK[0xef][0xbf][0xbd][0xef][0xbf][0xbd]7[0xef][0xbf][0xbd]"2[0x16]E[0xef][0xbf][0xbd][0xef][0xbf][0xbd]Tu[0xef][0xbf][0xbd][0xd7][0xb3][0xef][0xbf][0xbd][0x0]M[0xef][0xbf][0xbd]qH[0xef][0xbf][0xbd]D[0xef][0xbf][0xbd][0xef][0xbf][0xbd]E[0xef][0xbf][0xbd][0xef][0xbf][0xbd]Z[0xef][0xbf][0xbd][0xef][0xbf][0xbd][0xef][0xbf][0xbd]~[0xef][0xbf][0xbd][0x15][0x1f]l[0x10]`[0xef][0xbf][0xbd][0xef][0xbf][0xbd]([0xef][0xbf][0xbd][0xef][0xbf][0xbd][0xca][0xa9][0x1b][0xef][0xbf][0xbd][0x1c][0xef][0xbf][0xbd][0xef][0xbf][0xbd][0xef][0xbf][0xbd][0xef][0xbf][0xbd][0x1a][0xef][0xbf][0xbd]U[0x7][0xef][0xbf][0xbd][0xc8][0xa5][0xef][0xbf][0xbd][0xef][0xbf][0xbd][\r][0xef][0xbf][0xbd]v[0xef][0xbf][0xbd][0xef][0xbf][0xbd][0x9]1[0xef][0xbf][0xbd][0xef][0xbf][0xbd][0x0][0xef][0xbf][0xbd][0xef][0xbf][0xbd][0xcd][0x89][0xef][0xbf][0xbd]MS[0xc2][0x8e][0xef][0xbf][0xbd][0xef][0xbf][0xbd][0xef][0xbf][0xbd][0xef][0xbf][0xbd][0xef][0xbf][0xbd][\r][0xef][0xbf][0xbd][0xef][0xbf][0xbd][0x11]yX[0xef][0xbf][0xbd][0xef][0xbf][0xbd][0xef][0xbf][0xbd]5x[0xef][0xbf][0xbd]Re![0xef][0xbf][0xbd]]B'[0xef][0xbf][0xbd][0xef][0xbf][0xbd][0x13]v[0xef][0xbf][0xbd][0x12]H[0xc][0x16]dH[0xef][0xbf][0xbd]h[0xef][0xbf][0xbd][0x1b][0xef][0xbf][0xbd][0xef][0xbf][0xbd][0x7]H[0xef][0xbf][0xbd]B4[0xef][0xbf][0xbd]@[0xef][0xbf][0xbd]{E2[0xef][0xbf][0xbd][0xef][0xbf][0xbd] c`Ck[0xef][0xbf][0xbd]#; [0xef][0xbf][0xbd][0xef][0xbf][0xbd][0x5]C[0xef][0xbf][0xbd]_[0xef][0xbf][0xbd][0xef][0xbf][0xbd][0xef][0xbf][0xbd]&L[0xef][0xbf][0xbd]4[0x16][0xef][0xbf][0xbd]M[0xef][0xbf][0xbd][0xb][0xef][0xbf][0xbd][0xef][0xbf][0xbd]Md6[0xef][0xbf][0xbd]y::[0xc]d[0xef][0xbf][0xbd][\r][0xef][0xbf][0xbd][0xef][0xbf][0xbd][0xef][0xbf][0xbd]T[0xef][0xbf][0xbd][0xf][0xef][0xbf][0xbd][0xef][0xbf][0xbd][0x6][0x16][0xe4][0x95][0xb5][0xef][0xbf][0xbd]8[0xef][0xbf][0xbd][0xef][0xbf][0xbd]z[0xef][0xbf][0xbd]<F[0xef][0xbf][0xbd]A[0xef][0xbf][0xbd][0xef][0xbf][0xbd][0xef][0xbf][0xbd]<+[0x1d][0xef][0xbf][0xbd][0xef][0xbf][0xbd]$[0xd5][0x82][0x1]d*N[0x7][0xef][0xbf][0xbd][0xef][0xbf][0xbd][0xef][0xbf][0xbd][0x10]8[0x11][0xef][0xbf][0xbd].[0xef][0xbf][0xbd][0xf][0xef][0xbf][0xbd]w[0xef][0xbf][0xbd][0xef][0xbf][0xbd][0xef][0xbf][0xbd][0x1b][0xef][0xbf][0xbd][0xef][0xbf][0xbd][0xef][0xbf][0xbd][0xef][0xbf][0xbd][0xef][0xbf][0xbd][0xef][0xbf][0xbd]^[0xef][0xbf][0xbd][0xef][0xbf][0xbd][0xd3][0xaf][0xef][0xbf][0xbd]Vn[0xef][0xbf][0xbd]].o[0xb][0xef][0xbf][0xbd][0xef][0xbf][0xbd]{[0xef][0xbf][0xbd])[0xef][0xbf][0xbd][0xef][0xbf][0xbd][0x14][0x5]U[0xef][0xbf][0xbd][0xb][0xef][0xbf][0xbd][0xef][0xbf][0xbd][0xef][0xbf][0xbd]m9[0xef][0xbf][0xbd][0xef][0xbf][0xbd][0xd4][0x93]}[0xef][0xbf][0xbd]PVb[0xef][0xbf][0xbd][0xef][0xbf][0xbd][0xef][0xbf][0xbd][0xef][0xbf][0xbd][0xef][0xbf][0xbd]hL[0x17][0xef][0xbf][0xbd][0x19][0xef][0xbf][0xbd][0x19][0xef][0xbf][0xbd]RZ[0x1d][0xef][0xbf][0xbd][0xef][0xbf][0xbd][0xef][0xbf][0xbd][0xef][0xbf][0xbd][0xdb][0x8e]x[0xef][0xbf][0xbd][0xef][0xbf][0xbd]c[0xc5][0xa3]dj[0xef][0xbf][0xbd][0xef][0xbf][0xbd]u[0xef][0xbf][0xbd][0xca][0x81]P[0xef][0xbf][0xbd][0xef][0xbf][0xbd]T[0xef][0xbf][0xbd][0xef][0xbf][0xbd][0x9][0x1e][0xef][0xbf][0xbd]n[0xef][0xbf][0xbd]!0[0xef][0xbf][0xbd][0xd0][0xb9]6[0xef][0xbf][0xbd]J[\n]"
07:56:30.845 [main] DEBUG org.apache.http.wire -  >> "[0xef][0xbf][0xbd][0xef][0xbf][0xbd]3[0xef][0xbf][0xbd]<0[0xef][0xbf][0xbd][0x15][0xef][0xbf][0xbd][0xc]K[0xef][0xbf][0xbd]0[0xef][0xbf][0xbd]T[\r]j[0xef][0xbf][0xbd]2[0x1b][0xef][0xbf][0xbd][0xef][0xbf][0xbd][0xef][0xbf][0xbd]O[0xef][0xbf][0xbd][0xc]=[0x1b][0xea][0x81][0xb8][0x0]([0xef][0xbf][0xbd][0xef][0xbf][0xbd]J%[0xef][0xbf][0xbd][0xef][0xbf][0xbd]B[0xef][0xbf][0xbd]A [0xef][0xbf][0xbd]f([0x14]`o[0x3]7#z[0x3][0xef][0xbf][0xbd][0x1e]?[0xef][0xbf][0xbd][0xef][0xbf][0xbd][0xef][0xbf][0xbd]9s[0xef][0xbf][0xbd][0x16][0xef][0xbf][0xbd],[0xef][0xbf][0xbd]G[0xef][0xbf][0xbd][0x10]9[0x16][0xef][0xbf][0xbd][0xef][0xbf][0xbd][0xef][0xbf][0xbd]%n6[0x1e][0xef][0xbf][0xbd][0xef][0xbf][0xbd]Q[0xef][0xbf][0xbd]0=[0x11][0xef][0xbf][0xbd][0xef][0xbf][0xbd]m[0xef][0xbf][0xbd]Q[0xef][0xbf][0xbd]Z[0xef][0xbf][0xbd][0xef][0xbf][0xbd][0xef][0xbf][0xbd]3[0xef][0xbf][0xbd][0xef][0xbf][0xbd]"[0xef][0xbf][0xbd]s[0xef][0xbf][0xbd][0xef][0xbf][0xbd][0x8]>[0xef][0xbf][0xbd][0xef][0xbf][0xbd][0x8][0x1e][0xd9][0x98]y}F[0xef][0xbf][0xbd]AI;[0xef][0xbf][0xbd]OJ[0xef][0xbf][0xbd][0xef][0xbf][0xbd][0x16]H[0x10][0xef][0xbf][0xbd][0xef][0xbf][0xbd][0xdb][0xb4][0xef][0xbf][0xbd]}[0xef][0xbf][0xbd][0x1f][0xd3][0x8f][0xef][0xbf][0xbd]R[0xef][0xbf][0xbd]q[\n]"
07:56:30.845 [main] DEBUG org.apache.http.wire -  >> "[0xf][0xef][0xbf][0xbd]"[0xef][0xbf][0xbd][0xef][0xbf][0xbd][0xf][0xef][0xbf][0xbd]T[0xef][0xbf][0xbd][0xcb][0xb2][0xea][0x86][0xa3][0xef][0xbf][0xbd][0xef][0xbf][0xbd][0xef][0xbf][0xbd]j[0xef][0xbf][0xbd]j[0xef][0xbf][0xbd]`[0xef][0xbf][0xbd][0xe][0xef][0xbf][0xbd]l[0xef][0xbf][0xbd]Y[0xef][0xbf][0xbd][0xef][0xbf][0xbd][0xef][0xbf][0xbd]y[0xef][0xbf][0xbd]g^[0xef][0xbf][0xbd][[0xef][0xbf][0xbd][0xef][0xbf][0xbd][0xef][0xbf][0xbd][0xef][0xbf][0xbd]Vn[0xef][0xbf][0xbd]=*[0xef][0xbf][0xbd][0xef][0xbf][0xbd]*[0xef][0xbf][0xbd][0xef][0xbf][0xbd][0xef][0xbf][0xbd]|[0xef][0xbf][0xbd][0xef][0xbf][0xbd][0xef][0xbf][0xbd][0x9]p[0xd9][0xb3][0xef][0xbf][0xbd];U[0x17]$[0xef][0xbf][0xbd][0xef][0xbf][0xbd][0xef][0xbf][0xbd]Rg[0xef][0xbf][0xbd][0xef][0xbf][0xbd]4W[0xef][0xbf][0xbd]}R[0xef][0xbf][0xbd]Le[0xef][0xbf][0xbd]Z[0xef][0xbf][0xbd][0xef][0xbf][0xbd]*Q(A[0xef][0xbf][0xbd]#[0x1][0xef][0xbf][0xbd]^[0xef][0xbf][0xbd][0xef][0xbf][0xbd][0xef][0xbf][0xbd][0xef][0xbf][0xbd][0xef][0xbf][0xbd][0x19]}l[0xcb][0xb8]z~[0xef][0xbf][0xbd][0x0][0xef][0xbf][0xbd][0x14][0xef][0xbf][0xbd]*[0xef][0xbf][0xbd][0x5][0xef][0xbf][0xbd]\[0xef][0xbf][0xbd][0xef][0xbf][0xbd][0xef][0xbf][0xbd]y[0xc]Hk[0xef][0xbf][0xbd][0xef][0xbf][0xbd][0xef][0xbf][0xbd]@';[0xef][0xbf][0xbd][0xc]&Qu[0xef][0xbf][0xbd]<[0xef][0xbf][0xbd]I[0xef][0xbf][0xbd][0x0][0xef][0xbf][0xbd][0x17][0xef][0xbf][0xbd][0x16][0xef][0xbf][0xbd][0xef][0xbf][0xbd][0xef][0xbf][0xbd][0x1e]`[0xef][0xbf][0xbd][0xef][0xbf][0xbd][0xef][0xbf][0xbd][0xe][0x19][0x10]Iue$[0xef][0xbf][0xbd][\n]"
07:56:30.845 [main] DEBUG org.apache.http.wire -  >> "N[0x4]p[0xef][0xbf][0xbd][0xef][0xbf][0xbd]l[0xef][0xbf][0xbd]?)Wt[0xef][0xbf][0xbd][0xef][0xbf][0xbd][0xef][0xbf][0xbd]em[0xef][0xbf][0xbd]=B][0xef][0xbf][0xbd][0x17]I[0xef][0xbf][0xbd][0xef][0xbf][0xbd][0xc8][0x97][0xef][0xbf][0xbd][0xef][0xbf][0xbd]\[0xef][0xbf][0xbd][0x11]X[0xef][0xbf][0xbd]B[0x9]![0xef][0xbf][0xbd]v[0xef][0xbf][0xbd][0xef][0xbf][0xbd][0x7][0x2]Z[0xef][0xbf][0xbd]1![0xef][0xbf][0xbd])[0xef][0xbf][0xbd]d[0xef][0xbf][0xbd][0xef][0xbf][0xbd][0xef][0xbf][0xbd][0xef][0xbf][0xbd]P}[0xef][0xbf][0xbd]UN2[0xef][0xbf][0xbd][0xef][0xbf][0xbd]Z[0xb]/[0xef][0xbf][0xbd]'Tb[0xef][0xbf][0xbd][0x1b][0xdb][0x87][0xef][0xbf][0xbd][0xef][0xbf][0xbd]@[0xef][0xbf][0xbd]([0xef][0xbf][0xbd]8[0xef][0xbf][0xbd][0xef][0xbf][0xbd]"[0xef][0xbf][0xbd]m[0xe2][0x8c][0xb6][0x0][0xda][0x96][0x16]w[0xef][0xbf][0xbd][0xef][0xbf][0xbd][0xd6][0xb6]U[0xef][0xbf][0xbd]w[0xef][0xbf][0xbd]_[0xef][0xbf][0xbd]sN[0x9][0xef][0xbf][0xbd]e?[0x1e][0xef][0xbf][0xbd][0xef][0xbf][0xbd][0xef][0xbf][0xbd][0xef][0xbf][0xbd]'[0xef][0xbf][0xbd]9D[0xef][0xbf][0xbd][0xef][0xbf][0xbd][0xef][0xbf][0xbd][0xef][0xbf][0xbd][0xef][0xbf][0xbd]C[0xef][0xbf][0xbd][0xef][0xbf][0xbd][0x15][0xef][0xbf][0xbd][0xef][0xbf][0xbd]2(D[0xef][0xbf][0xbd]vc{[0xef][0xbf][0xbd]o[0xef][0xbf][0xbd][0xef][0xbf][0xbd]a[0xef][0xbf][0xbd][&[0xe2][0xad][0xbc]/[0xef][0xbf][0xbd][0xef][0xbf][0xbd]zdg+[0xef][0xbf][0xbd])y;R[0xef][0xbf][0xbd][0x9][0x3][0xef][0xbf][0xbd][0xef][0xbf][0xbd][0xef][0xbf][0xbd]42-7y[0xef][0xbf][0xbd]-[0xef][0xbf][0xbd][0x18][0xef][0xbf][0xbd][0xef][0xbf][0xbd]-[0xef][0xbf][0xbd],[0xef][0xbf][0xbd][0xef][0xbf][0xbd]B[0xc][0x3][0xef][0xbf][0xbd]g[0x12][0xef][0xbf][0xbd][0xef][0xbf][0xbd][0xef][0xbf][0xbd]4[0xef][0xbf][0xbd]t[0xef][0xbf][0xbd][0x3][0xef][0xbf][0xbd]X[0xef][0xbf][0xbd]![0xb][0xef][0xbf][0xbd][0x15][0xef][0xbf][0xbd]Pw[0xef][0xbf][0xbd][0xef][0xbf][0xbd]W[0xef][0xbf][0xbd][0xef][0xbf][0xbd]y[0xef][0xbf][0xbd][0xef][0xbf][0xbd][0xef][0xbf][0xbd]}_[0xef][0xbf][0xbd][0xef][0xbf][0xbd][0xef][0xbf][0xbd][0x1a]@c[0xef][0xbf][0xbd][0xef][0xbf][0xbd][0xef][0xbf][0xbd]x[0xef][0xbf][0xbd][0x9][0xef][0xbf][0xbd][0xc6][0xa8]k[0xef][0xbf][0xbd][0x14]q[0xef][0xbf][0xbd][0xef][0xbf][0xbd]%[0xef][0xbf][0xbd][0xef][0xbf][0xbd][0x18]E[0xef][0xbf][0xbd][0xef][0xbf][0xbd]2[0xef][0xbf][0xbd][0x14]\[0xef][0xbf][0xbd]o[0xef][0xbf][0xbd]R[0x3]%[0xef][0xbf][0xbd][0xef][0xbf][0xbd][0x9][0xef][0xbf][0xbd]w[0xef][0xbf][0xbd]g\[0xef][0xbf][0xbd]E[[0xdb][0xa6][0xef][0xbf][0xbd][0x2][0xef][0xbf][0xbd][0xef][0xbf][0xbd]l[0x1c],[0xef][0xbf][0xbd][0xef][0xbf][0xbd]x8m[0xef][0xbf][0xbd][0xef][0xbf][0xbd][0xef][0xbf][0xbd]y-[0xf]z[0xef][0xbf][0xbd][0xef][0xbf][0xbd][0xef][0xbf][0xbd]I[0xef][0xbf][0xbd]#[0x15]yx[0xef][0xbf][0xbd]/[0xef][0xbf][0xbd][0xef][0xbf][0xbd][0x1d]p[0xef][0xbf][0xbd][0xef][0xbf][0xbd][0xc9][0xad][0x1f][0xef][0xbf][0xbd][0xdb][0xbb]ho[0xef][0xbf][0xbd][0xef][0xbf][0xbd][0xef][0xbf][0xbd][0xef][0xbf][0xbd]Bw[0xef][0xbf][0xbd][0x1a][0xef][0xbf][0xbd]~M`f[0xef][0xbf][0xbd][0xef][0xbf][0xbd][0xef][0xbf][0xbd][0xef][0xbf][0xbd]e([0xcc][0x97]L4[0xef][0xbf][0xbd][0xef][0xbf][0xbd]6[0xef][0xbf][0xbd][0xef][0xbf][0xbd][0xef][0xbf][0xbd][0xef][0xbf][0xbd][0xef][0xbf][0xbd][0xc4][0xba]V[0x10][0xef][0xbf][0xbd][0xef][0xbf][0xbd][0xef][0xbf][0xbd]9[0xef][0xbf][0xbd]>[0xef][0xbf][0xbd]k[0x10][0xef][0xbf][0xbd][0xda][0x94][0xef][0xbf][0xbd][0x10][0xef][0xbf][0xbd]F[0xd1][0x81]1 [0xef][0xbf][0xbd][0xef][0xbf][0xbd][0x1d][0xef][0xbf][0xbd][0xef][0xbf][0xbd][0xcc][0xa6][0x11][0xef][0xbf][0xbd]@,[0x16][0x19]d[0xef][0xbf][0xbd][0xef][0xbf][0xbd]H[0xef][0xbf][0xbd][0xef][0xbf][0xbd][0xef][0xbf][0xbd][0x14]0[0xef][0xbf][0xbd]![0xef][0xbf][0xbd][0xef][0xbf][0xbd]e[0x19]#<} p[0xef][0xbf][0xbd][0x1]4[0xef][0xbf][0xbd]@w[0xef][0xbf][0xbd]Vn[0xef][0xbf][0xbd][0x0][0xef][0xbf][0xbd]v[0x3][0xef][0xbf][0xbd][y_[0xef][0xbf][0xbd][0xef][0xbf][0xbd][0xef][0xbf][0xbd][0x16][0x3]?[0xef][0xbf][0xbd][0xef][0xbf][0xbd][0xef][0xbf][0xbd]\[0xef][0xbf][0xbd]s[0xef][0xbf][0xbd]gJ[0xef][0xbf][0xbd]n`[0xef][0xbf][0xbd][\r]*[0xef][0xbf][0xbd]*[0xef][0xbf][0xbd]n[0xef][0xbf][0xbd][0xef][0xbf][0xbd][0xc][0xef][0xbf][0xbd]>4[0xc]3dJ+[0xef][0xbf][0xbd][0xef][0xbf][0xbd][0xef][0xbf][0xbd]6]Xc[0xef][0xbf][0xbd]cc[0xef][0xbf][0xbd][0xd6][0xaf][0xd9][0xae][0xf]0[\n]"
07:56:30.845 [main] DEBUG org.apache.http.wire -  >> "[0xef][0xbf][0xbd]a7,[0xef][0xbf][0xbd][0xef][0xbf][0xbd][0x0][0xef][0xbf][0xbd][0xf][0xef][0xbf][0xbd]g[0xef][0xbf][0xbd]u<Fu[-5([0xef][0xbf][0xbd]z[\r][0x7][0xef][0xbf][0xbd][0xc6][0xa1][0xef][0xbf][0xbd]U.[0xef][0xbf][0xbd]h[0xef][0xbf][0xbd][0x7][0xef][0xbf][0xbd][0xef][0xbf][0xbd][0xd1][0x8a][0xef][0xbf][0xbd][0xef][0xbf][0xbd][0xef][0xbf][0xbd]{[0xef][0xbf][0xbd]F[0xef][0xbf][0xbd]A[0xef][0xbf][0xbd][0xef][0xbf][0xbd][0xef][0xbf][0xbd][0xef][0xbf][0xbd][0xef][0xbf][0xbd]+[0xef][0xbf][0xbd]=RJlk[0xef][0xbf][0xbd][0x17]C[0xef][0xbf][0xbd][0xef][0xbf][0xbd]Ls[0x4]V_[0xef][0xbf][0xbd][0xef][0xbf][0xbd][0xef][0xbf][0xbd][0xef][0xbf][0xbd]Z[0xd3][0xbe]6[0xef][0xbf][0xbd]8[0xef][0xbf][0xbd]w[0xef][0xbf][0xbd]8 M[0xef][0xbf][0xbd][0xef][0xbf][0xbd][0xef][0xbf][0xbd].Y[0xef][0xbf][0xbd][0xef][0xbf][0xbd]}S[0xef][0xbf][0xbd]0!p[0xef][0xbf][0xbd]F[0xef][0xbf][0xbd][0xef][0xbf][0xbd][0xef][0xbf][0xbd][0x5][0xef][0xbf][0xbd][0xe6][0xa5][0xb5][0xef][0xbf][0xbd]W[0xef][0xbf][0xbd]*c[0xef][0xbf][0xbd]J[0x1e]=[0xd6][0x98][0xef][0xbf][0xbd][0xef][0xbf][0xbd][0xc]][0xef][0xbf][0xbd][0xef][0xbf][0xbd][0xef][0xbf][0xbd][0xef][0xbf][0xbd]h[0xef][0xbf][0xbd][0xef][0xbf][0xbd][0x18][0xef][0xbf][0xbd]"[0xef][0xbf][0xbd][0xef][0xbf][0xbd]Y[\r][0xef][0xbf][0xbd]6[0x4]x[0xef][0xbf][0xbd][0xef][0xbf][0xbd][0xef][0xbf][0xbd]F[0xef][0xbf][0xbd]p[0xef][0xbf][0xbd][0xef][0xbf][0xbd][0xef][0xbf][0xbd][0xef][0xbf][0xbd][0x1]f1[[0xef][0xbf][0xbd][0xef][0xbf][0xbd]d[0xef][0xbf][0xbd][0xef][0xbf][0xbd][0xef][0xbf][0xbd][0xef][0xbf][0xbd]M_[0xef][0xbf][0xbd]wDQ$[0x1b]][0xda][0xab][0xef][0xbf][0xbd][0xef][0xbf][0xbd]C[0xef][0xbf][0xbd][0xef][0xbf][0xbd][0x1b]pd[0xef][0xbf][0xbd]R[0xef][0xbf][0xbd]p[0xef][0xbf][0xbd]r[0xef][0xbf][0xbd][0xef][0xbf][0xbd][0xf]d[0xef][0xbf][0xbd]S[0xef][0xbf][0xbd][0xef][0xbf][0xbd][0xef][0xbf][0xbd][0x18][0xc][0xef][0xbf][0xbd][0xef][0xbf][0xbd][0x14][0xef][0xbf][0xbd]5j[0xef][0xbf][0xbd]6[0xef][0xbf][0xbd][0xc3][0x8c][0xef][0xbf][0xbd][0x7][0xef][0xbf][0xbd]7o[0x0]v+[0xef][0xbf][0xbd]y[0x1b]@[0x16]O[0xef][0xbf][0xbd]8[0xef][0xbf][0xbd][0xf][0xef][0xbf][0xbd][0xef][0xbf][0xbd][0xe8][0x97][0xb8][0xb][0xef][0xbf][0xbd][0xef][0xbf][0xbd]BD[0xef][0xbf][0xbd][0xef][0xbf][0xbd][0xef][0xbf][0xbd][0xef][0xbf][0xbd]s[0xef][0xbf][0xbd][0x1b]p[0xef][0xbf][0xbd]T[0xef][0xbf][0xbd][0x18]3[0x13][0xef][0xbf][0xbd][0xef][0xbf][0xbd][0xef][0xbf][0xbd][0xef][0xbf][0xbd][0xef][0xbf][0xbd]$9[0xef][0xbf][0xbd][0xef][0xbf][0xbd]t[0xef][0xbf][0xbd][0xef][0xbf][0xbd]Jt[0xef][0xbf][0xbd][0xef][0xbf][0xbd][0xef][0xbf][0xbd][0xef][0xbf][0xbd][0xef][0xbf][0xbd][[0xef][0xbf][0xbd]![0xef][0xbf][0xbd]F[0xdf][0xa4][0xef][0xbf][0xbd]n[0xef][0xbf][0xbd]9[0xef][0xbf][0xbd][0xef][0xbf][0xbd]![0xef][0xbf][0xbd]T[0xef][0xbf][0xbd][0xef][0xbf][0xbd]r[0xef][0xbf][0xbd][0xef][0xbf][0xbd][0x1]0[0xef][0xbf][0xbd][0x1e][0xef][0xbf][0xbd]%Hq[0xef][0xbf][0xbd]k[0xef][0xbf][0xbd][0xef][0xbf][0xbd][0x1b][0xef][0xbf][0xbd][0xef][0xbf][0xbd]l[0xef][0xbf][0xbd][0xef][0xbf][0xbd]"JFpWK[0xef][0xbf][0xbd]IY/[0xef][0xbf][0xbd]S[0xef][0xbf][0xbd][0xb][0xef][0xbf][0xbd][0xef][0xbf][0xbd]>T4[0xef][0xbf][0xbd][0xef][0xbf][0xbd]K[0xc]8.J[0xef][0xbf][0xbd][0xef][0xbf][0xbd][0x18]X[0xef][0xbf][0xbd][0xef][0xbf][0xbd]N[0xef][0xbf][0xbd]o[0xd6][0x80][0x1e][0xef][0xbf][0xbd][0xef][0xbf][0xbd][0xef][0xbf][0xbd]I[0xef][0xbf][0xbd][0xef][0xbf][0xbd]5[0x3][0xef][0xbf][0xbd][0xef][0xbf][0xbd][0xef][0xbf][0xbd][0xe6][0xb3][0xbc][0xef][0xbf][0xbd]I[0xef][0xbf][0xbd]|e[0xef][0xbf][0xbd]0[0xef][0xbf][0xbd]r[0xef][0xbf][0xbd][0xef][0xbf][0xbd]bI,![0xef][0xbf][0xbd][0xef][0xbf][0xbd][0xef][0xbf][0xbd][0xef][0xbf][0xbd][0xc8][0x89]<[0x6][0xef][0xbf][0xbd][0xef][0xbf][0xbd][0xef][0xbf][0xbd]1CG[0xef][0xbf][0xbd]N[0xef][0xbf][0xbd]*[0xef][0xbf][0xbd]L[0x13][0x7][0xef][0xbf][0xbd][0xef][0xbf][0xbd][0xef][0xbf][0xbd],[0xef][0xbf][0xbd][0x14][0xe][0xef][0xbf][0xbd]=[0xef][0xbf][0xbd][0x1a][0xef][0xbf][0xbd]A[0xef][0xbf][0xbd]n[0xef][0xbf][0xbd][0xef][0xbf][0xbd][0xef][0xbf][0xbd]3[0xef][0xbf][0xbd]4[0xef][0xbf][0xbd]|k[0xef][0xbf][0xbd][0xdb][0xad][0xef][0xbf][0xbd][0xef][0xbf][0xbd][0xd8][0xa3]<G[0x3][0xef][0xbf][0xbd]n[0xef][0xbf][0xbd]@[0xef][0xbf][0xbd][0x1c]|[0x8][0xef][0xbf][0xbd]z[0xef][0xbf][0xbd][0x1b][0xef][0xbf][0xbd][0xcc][0xaf]/[0xef][0xbf][0xbd]L[0xef][0xbf][0xbd]#[\r][0xef][0xbf][0xbd][0xef][0xbf][0xbd]\[0x1b]L[0xef][0xbf][0xbd][0xef][0xbf][0xbd]k[0xef][0xbf][0xbd][0xef][0xbf][0xbd][0xef][0xbf][0xbd][0xef][0xbf][0xbd][0xef][0xbf][0xbd][0xef][0xbf][0xbd][0x16][0xef][0xbf][0xbd]s[0x2]7[0x0][0xef][0xbf][0xbd][0xef][0xbf][0xbd][0xf][0xef][0xbf][0xbd]|O [0xef][0xbf][0xbd][0xef][0xbf][0xbd][0xef][0xbf][0xbd][0xef][0xbf][0xbd][0xef][0xbf][0xbd]?[0x5]<zBgT[0xef][0xbf][0xbd]6[0xef][0xbf][0xbd][0xef][0xbf][0xbd]h(:_[0xef][0xbf][0xbd][0x18][0xef][0xbf][0xbd]}[0xef][0xbf][0xbd][0x13]e[0xca][0x93]API[0xef][0xbf][0xbd][0xef][0xbf][0xbd]O[0xef][0xbf][0xbd][0xef][0xbf][0xbd][0xef][0xbf][0xbd]L-[0xef][0xbf][0xbd]~[0x10][0xef][0xbf][0xbd][0x1][0xef][0xbf][0xbd][0xef][0xbf][0xbd]PU[0xef][0xbf][0xbd]P[0xef][0xbf][0xbd][0xf] e[0x6][0xef][0xbf][0xbd][0xef][0xbf][0xbd][0x19][0xef][0xbf][0xbd]J[0xef][0xbf][0xbd][0xef][0xbf][0xbd][0x9]9[0xc]c[0xef][0xbf][0xbd][\n]"
07:56:30.845 [main] DEBUG org.apache.http.wire -  >> "[0xef][0xbf][0xbd]C[0xef][0xbf][0xbd][0xef][0xbf][0xbd][0xef][0xbf][0xbd]n[0xef][0xbf][0xbd]l[0x14][0xef][0xbf][0xbd][0xef][0xbf][0xbd][0xef][0xbf][0xbd]n[0xef][0xbf][0xbd]B[0x3]_[0x3][L[0xef][0xbf][0xbd][0xef][0xbf][0xbd][\n]"
07:56:30.845 [main] DEBUG org.apache.http.wire -  >> "[0xef][0xbf][0xbd]3[0xef][0xbf][0xbd]}Lq[0xef][0xbf][0xbd][0xef][0xbf][0xbd][0xef][0xbf][0xbd][0xef][0xbf][0xbd][0xef][0xbf][0xbd][0xef][0xbf][0xbd]oi9,[0xef][0xbf][0xbd][0xef][0xbf][0xbd]'.d[0xef][0xbf][0xbd][0x13][0xef][0xbf][0xbd][0xef][0xbf][0xbd]h-Eo[0xef][0xbf][0xbd]&"
07:56:30.846 [main] DEBUG org.apache.http.wire -  >> "[0xef][0xbf][0xbd]qY -[0x1d][0xef][0xbf][0xbd][0x18][0xef][0xbf][0xbd][0xef][0xbf][0xbd][0xef][0xbf][0xbd][0xef][0xbf][0xbd][0xef][0xbf][0xbd]eR[0xe][0xef][0xbf][0xbd]}[0xef][0xbf][0xbd]O7E[0xc8][0x92][0xef][0xbf][0xbd]N[0xef][0xbf][0xbd]![0xef][0xbf][0xbd]b[0x3][0xef][0xbf][0xbd][0x1e][0xef][0xbf][0xbd]"2@[0xef][0xbf][0xbd][0xef][0xbf][0xbd]!([0xef][0xbf][0xbd][[0x4]Yab[0xef][0xbf][0xbd]d<j[0xef][0xbf][0xbd][0xef][0xbf][0xbd][0x1][0xef][0xbf][0xbd][0xef][0xbf][0xbd][0xef][0xbf][0xbd][0x1c][0xef][0xbf][0xbd][0xef][0xbf][0xbd][0xef][0xbf][0xbd]r[0xd2][0x83][0xef][0xbf][0xbd][0xef][0xbf][0xbd][0xef][0xbf][0xbd]}[0xef][0xbf][0xbd]f[0xef][0xbf][0xbd][0xef][0xbf][0xbd][0x7]c[0xef][0xbf][0xbd][0x4]I[0xef][0xbf][0xbd]$u[0x17][\r]:[0xef][0xbf][0xbd][0xef][0xbf][0xbd][0xe][0xef][0xbf][0xbd]M&[0xef][0xbf][0xbd][0xe8][0x81][0xa9][0xdb][0x89][0x1a]0o[0xef][0xbf][0xbd][0xef][0xbf][0xbd]c[0xef][0xbf][0xbd][0xef][0xbf][0xbd]:zs=[0x10]>5[\r][0x8][0xef][0xbf][0xbd][0x19]ez[0xef][0xbf][0xbd]([0xef][0xbf][0xbd][0x12]-[0xef][0xbf][0xbd][0xef][0xbf][0xbd][0xef][0xbf][0xbd][0xef][0xbf][0xbd][0x7][0xef][0xbf][0xbd][0x0][0xef][0xbf][0xbd][0xef][0xbf][0xbd][0x1e][0xef][0xbf][0xbd]Vn[0xef][0xbf][0xbd][0x3].[0xef][0xbf][0xbd][0x13][0xef][0xbf][0xbd]N[0xef][0xbf][0xbd][0xef][0xbf][0xbd][0xef][0xbf][0xbd]F%[0x1d][0xef][0xbf][0xbd][0xef][0xbf][0xbd]i[0xef][0xbf][0xbd].D[0x5][0xef][0xbf][0xbd][0x7]e[0xef][0xbf][0xbd][0xef][0xbf][0xbd][0x4]~[0xef][0xbf][0xbd][0x18]s{[0xef][0xbf][0xbd][0x5][0xef][0xbf][0xbd][0xef][0xbf][0xbd]&[0xef][0xbf][0xbd]b[0xef][0xbf][0xbd]A[0xef][0xbf][0xbd]%[0xef][0xbf][0xbd]1-[0xef][0xbf][0xbd][0x5][0xef][0xbf][0xbd][0xef][0xbf][0xbd][0x1]#[0xe]O[0x1][0x19]k[0xef][0xbf][0xbd][0xef][0xbf][0xbd][0x18][0xef][0xbf][0xbd][0xef][0xbf][0xbd][0xef][0xbf][0xbd][0x18][0xef][0xbf][0xbd][0x9][0xef][0xbf][0xbd][0x10][0xef][0xbf][0xbd]74[0xd9][0x8b]3?[0xef][0xbf][0xbd][0xef][0xbf][0xbd][0xef][0xbf][0xbd][0xef][0xbf][0xbd]0/Fk[0xef][0xbf][0xbd][0xef][0xbf][0xbd][0x0]B[\r]H[0xef][0xbf][0xbd][0xef][0xbf][0xbd][0xef][0xbf][0xbd][0xef][0xbf][0xbd][0xef][0xbf][0xbd]"[\n]"
07:56:30.846 [main] DEBUG org.apache.http.wire -  >> "[0xef][0xbf][0xbd][0xef][0xbf][0xbd][0xef][0xbf][0xbd][0x15][0xef][0xbf][0xbd]V[0xd5][0xae]hE[0xef][0xbf][0xbd][0xef][0xbf][0xbd][0x11][0xc4][0x80][0xef][0xbf][0xbd]8![0xef][0xbf][0xbd][0xef][0xbf][0xbd][0xef][0xbf][0xbd]8[0x9][0x13][0xdb][0x87]n[0xd7][0x85][0xef][0xbf][0xbd]o:[0xef][0xbf][0xbd][0x6]J[0xef][0xbf][0xbd][0x1b]Fn[0xe]M[0xef][0xbf][0xbd]~[0xef][0xbf][0xbd][0xef][0xbf][0xbd][0xef][0xbf][0xbd]([0xf]L[0xef][0xbf][0xbd]&[0xef][0xbf][0xbd][0x17]B f[0xef][0xbf][0xbd]&[0xef][0xbf][0xbd]/[0xef][0xbf][0xbd]g[0xda][0xa3];[0xcd][0xa5][0xe7][0xb4][0x9a][0x12][0xef][0xbf][0xbd][0xd2][0xb4]be[0xef][0xbf][0xbd][0xef][0xbf][0xbd][0xef][0xbf][0xbd]A[0x18];2[0xef][0xbf][0xbd][0xef][0xbf][0xbd][0xef][0xbf][0xbd]Z[0xef][0xbf][0xbd]4sR[0xef][0xbf][0xbd]bL_-[0xef][0xbf][0xbd]jH76[0x1f][0xef][0xbf][0xbd]OB[0xef][0xbf][0xbd]r[0x3][0xef][0xbf][0xbd] I[0xef][0xbf][0xbd][0xef][0xbf][0xbd][0xd8][0x92][0xef][0xbf][0xbd]o[0xef][0xbf][0xbd][0xef][0xbf][0xbd][0xef][0xbf][0xbd][0xef][0xbf][0xbd]5][0xef][0xbf][0xbd][0xef][0xbf][0xbd]5[0x3][0xef][0xbf][0xbd]YI[0xef][0xbf][0xbd][0xef][0xbf][0xbd][0xef][0xbf][0xbd]m[0x3]8[0xef][0xbf][0xbd]{[0xef][0xbf][0xbd][0xef][0xbf][0xbd]J`[0xef][0xbf][0xbd][0xef][0xbf][0xbd]A\[0xef][0xbf][0xbd][0xef][0xbf][0xbd][0xc2][0x8b]V[0xef][0xbf][0xbd][0xef][0xbf][0xbd][0xef][0xbf][0xbd]g[0xe8][0x8f][0xaa][0xef][0xbf][0xbd][0xef][0xbf][0xbd]'[0xf][0xef][0xbf][0xbd]o[0xef][0xbf][0xbd]}[0xef][0xbf][0xbd]o[0xef][0xbf][0xbd][0xef][0xbf][0xbd]C[0xef][0xbf][0xbd][0xca][0xad]|H[0xef][0xbf][0xbd][0xef][0xbf][0xbd][0x4][0xef][0xbf][0xbd][0xef][0xbf][0xbd]v[0xef][0xbf][0xbd][0xef][0xbf][0xbd][0xef][0xbf][0xbd]?[0xef][0xbf][0xbd][0xef][0xbf][0xbd][0x10][0x16]=[0xef][0xbf][0xbd][0xef][0xbf][0xbd]W[0xc8][0xb1]Ms[0xef][0xbf][0xbd][0xef][0xbf][0xbd][0xef][0xbf][0xbd][0x3]Z[0x1d][0xef][0xbf][0xbd]:[0xef][0xbf][0xbd][0xef][0xbf][0xbd][0x15][0xef][0xbf][0xbd][0x1a]OT[0xef][0xbf][0xbd][0xef][0xbf][0xbd][0xef][0xbf][0xbd][0xef][0xbf][0xbd] \[0xef][0xbf][0xbd][0xef][0xbf][0xbd][0x5]`[0xef][0xbf][0xbd]x[0xef][0xbf][0xbd]h[0xef][0xbf][0xbd]U[0x19][0x16][0xef][0xbf][0xbd]t}[0xef][0xbf][0xbd][0xc9][0x9a]3*[0xef][0xbf][0xbd][0xef][0xbf][0xbd]S[0xef][0xbf][0xbd]<[0xb]1@[0xef][0xbf][0xbd][0xef][0xbf][0xbd]@l(F[0xef][0xbf][0xbd][0x11][0xef][0xbf][0xbd][0xef][0xbf][0xbd]Q[0xef][0xbf][0xbd][0x1a][0xef][0xbf][0xbd][0xef][0xbf][0xbd][0xef][0xbf][0xbd][0xef][0xbf][0xbd][0xef][0xbf][0xbd][0x10]r[0xef][0xbf][0xbd][0xef][0xbf][0xbd][0xef][0xbf][0xbd]T[0xef][0xbf][0xbd][0xef][0xbf][0xbd]v\[0xef][0xbf][0xbd]1%[0xef][0xbf][0xbd]"[0xef][0xbf][0xbd]B[0xef][0xbf][0xbd]f[0x17]on[0xef][0xbf][0xbd][0xef][0xbf][0xbd]L[0xef][0xbf][0xbd][0xef][0xbf][0xbd]nF[0xef][0xbf][0xbd][0xef][0xbf][0xbd]K[0xef][0xbf][0xbd](N[0x3][0xef][0xbf][0xbd]cC[0xef][0xbf][0xbd]@v0n%xH*[0xef][0xbf][0xbd]= [0xef][0xbf][0xbd]5&H[0xef][0xbf][0xbd]7[0xef][0xbf][0xbd]0[0xef][0xbf][0xbd]E[0xcf][0xa7]}[0xef][0xbf][0xbd][0xef][0xbf][0xbd][0x1][0xef][0xbf][0xbd][0xef][0xbf][0xbd][0x16][0xef][0xbf][0xbd][0xef][0xbf][0xbd]8[0xef][0xbf][0xbd]F[0xef][0xbf][0xbd],[0xef][0xbf][0xbd][0xef][0xbf][0xbd]x[0xef][0xbf][0xbd][0x1f][0xef][0xbf][0xbd][0xef][0xbf][0xbd][0xe]m[0xc9][0xb6]g[0x17][0xef][0xbf][0xbd][0xef][0xbf][0xbd][0x10][0xef][0xbf][0xbd][0xef][0xbf][0xbd]~[0xef][0xbf][0xbd]![0xef][0xbf][0xbd]M8=[0xef][0xbf][0xbd]E[0xef][0xbf][0xbd][0xef][0xbf][0xbd]k[0xef][0xbf][0xbd][0xef][0xbf][0xbd][0xef][0xbf][0xbd]Z[0xef][0xbf][0xbd][0xef][0xbf][0xbd][0xef][0xbf][0xbd]LL[0xef][0xbf][0xbd]{N[0xef][0xbf][0xbd][0xef][0xbf][0xbd][0xef][0xbf][0xbd]Z[0xef][0xbf][0xbd][0x10]4[0xef][0xbf][0xbd][0xef][0xbf][0xbd]a[0xd1][0x83]/[0xef][0xbf][0xbd]y[0xef][0xbf][0xbd][0x1][0xef][0xbf][0xbd]A[0xef][0xbf][0xbd][0xc6][0xa7][0xef][0xbf][0xbd]8H[0xef][0xbf][0xbd][0x3],J[0xef][0xbf][0xbd][0xef][0xbf][0xbd];g[0xc][0xf][0xef][0xbf][0xbd][0x2]`[0xef][0xbf][0xbd][0x6]`[0xef][0xbf][0xbd][0xef][0xbf][0xbd][0xef][0xbf][0xbd]+[0xef][0xbf][0xbd]/F[0xef][0xbf][0xbd][0xef][0xbf][0xbd]q[0xc7][0x87]N[0xef][0xbf][0xbd][0xde][0x97][0xef][0xbf][0xbd][0xef][0xbf][0xbd][0xef][0xbf][0xbd][0xef][0xbf][0xbd][0xef][0xbf][0xbd][0xef][0xbf][0xbd][0x10][0xef][0xbf][0xbd][0xef][0xbf][0xbd]A[0xef][0xbf][0xbd][0xd9][0x93][0xef][0xbf][0xbd]a[0xef][0xbf][0xbd]'[0xef][0xbf][0xbd]R[0xef][0xbf][0xbd]^.[\n]"
07:56:30.846 [main] DEBUG org.apache.http.wire -  >> "[0xef][0xbf][0xbd][0xef][0xbf][0xbd]]'%[0xef][0xbf][0xbd][0xef][0xbf][0xbd]I)Hf[0xc]4[0xef][0xbf][0xbd][0xd5][0x80][0xef][0xbf][0xbd]0[0xef][0xbf][0xbd][0xef][0xbf][0xbd]T[0x3]Hh[0xef][0xbf][0xbd][0xef][0xbf][0xbd][0xef][0xbf][0xbd]{[0xef][0xbf][0xbd]>[\r]8[0xef][0xbf][0xbd][0xef][0xbf][0xbd]+[0xef][0xbf][0xbd][0x12]s[0xef][0xbf][0xbd]Lt<J[0xef][0xbf][0xbd]PSg[0xef][0xbf][0xbd][0x15]m[\n]"
07:56:30.846 [main] DEBUG org.apache.http.wire -  >> "[0xf]0[0xef][0xbf][0xbd][0xef][0xbf][0xbd][0xef][0xbf][0xbd][0xef][0xbf][0xbd][0xc][0xef][0xbf][0xbd]!4I)[\n]"
07:56:30.846 [main] DEBUG org.apache.http.wire -  >> "!I[0xef][0xbf][0xbd][0xef][0xbf][0xbd]KN[0xef][0xbf][0xbd]yN[0xef][0xbf][0xbd][0x13][0xef][0xbf][0xbd]C[0xef][0xbf][0xbd][0xef][0xbf][0xbd]F[0xef][0xbf][0xbd]\N[0xef][0xbf][0xbd]Y[0x1]kQ[0xef][0xbf][0xbd][0xef][0xbf][0xbd][0xf]([0xef][0xbf][0xbd]<[0xef][0xbf][0xbd]g,mQA[0x1f][0xef][0xbf][0xbd]ehYJJ[0xef][0xbf][0xbd]'[0xef][0xbf][0xbd][0xef][0xbf][0xbd]7c[0x12][0xef][0xbf][0xbd][0x13][0xef][0xbf][0xbd][0x1b][0xef][0xbf][0xbd]yi[0xef][0xbf][0xbd][0xef][0xbf][0xbd]>[0xef][0xbf][0xbd]G[0xcc][0xba][0xef][0xbf][0xbd][0xc5][0xb5]x@a[0xef][0xbf][0xbd][0x11][0xef][0xbf][0xbd][0xef][0xbf][0xbd][0xef][0xbf][0xbd][0xef][0xbf][0xbd]4[0xef][0xbf][0xbd]-[0xef][0xbf][0xbd]v[0xef][0xbf][0xbd]p[0xef][0xbf][0xbd][0x1b][0xef][0xbf][0xbd][0xef][0xbf][0xbd]1F4[0xef][0xbf][0xbd]k~[0xef][0xbf][0xbd][0xef][0xbf][0xbd]1[0xef][0xbf][0xbd]lrc[0xef][0xbf][0xbd][0xef][0xbf][0xbd][0x16][0xef][0xbf][0xbd][0xef][0xbf][0xbd][0xef][0xbf][0xbd][0x16][0xef][0xbf][0xbd][\r][0xef][0xbf][0xbd]FI:[0xef][0xbf][0xbd]M[0xef][0xbf][0xbd]r<[0xef][0xbf][0xbd]2[0xef][0xbf][0xbd][0xef][0xbf][0xbd][0xef][0xbf][0xbd][0xef][0xbf][0xbd]VoN[0xef][0xbf][0xbd][0xef][0xbf][0xbd]Z[0xef][0xbf][0xbd][0xef][0xbf][0xbd]!i*[0xe1][0xb9][0xb7][0x6][0xc6][0x92][0xef][0xbf][0xbd]F[0x14][0xef][0xbf][0xbd]}[0xef][0xbf][0xbd][0xef][0xbf][0xbd][0xef][0xbf][0xbd][0x6]`[0xef][0xbf][0xbd][0xef][0xbf][0xbd].o[0x9]d?[0xef][0xbf][0xbd]w[0xef][0xbf][0xbd][0xef][0xbf][0xbd][0xef][0xbf][0xbd][0xef][0xbf][0xbd][0xef][0xbf][0xbd]PJ[0x11]t&h7[0xef][0xbf][0xbd]i[0xef][0xbf][0xbd][0xef][0xbf][0xbd]3[0xef][0xbf][0xbd][0xef][0xbf][0xbd][0xef][0xbf][0xbd][0x1][0xef][0xbf][0xbd]X[0xef][0xbf][0xbd][0xef][0xbf][0xbd][0xef][0xbf][0xbd][0xef][0xbf][0xbd][0x1f][0xef][0xbf][0xbd][0xef][0xbf][0xbd]`[0x11].[0xef][0xbf][0xbd]q[0x3][0x15][0xef][0xbf][0xbd][0xef][0xbf][0xbd][0xef][0xbf][0xbd][0x1c]o[0xef][0xbf][0xbd]90[0xef][0xbf][0xbd]h[0xef][0xbf][0xbd]T[0xef][0xbf][0xbd][0x15]J'[0xef][0xbf][0xbd]tG+[0xef][0xbf][0xbd]%kQ[0xef][0xbf][0xbd][0xef][0xbf][0xbd]wn<[0x1e][0xef][0xbf][0xbd]L},[0xef][0xbf][0xbd]`[0xf]g[0xef][0xbf][0xbd][0x4][0xef][0xbf][0xbd][0xef][0xbf][0xbd][0x14]TX[0xef][0xbf][0xbd][0xef][0xbf][0xbd][0x14][0x1a]`[0xef][0xbf][0xbd]i[0xe2][0x9a][0xaa][0xef][0xbf][0xbd]*[0xef][0xbf][0xbd][0xef][0xbf][0xbd][0x10][0xf][0xef][0xbf][0xbd][0x12][0xef][0xbf][0xbd]1[0xef][0xbf][0xbd][\n]"
07:56:30.846 [main] DEBUG org.apache.http.wire -  >> "[0xef][0xbf][0xbd]K[0xef][0xbf][0xbd][0xef][0xbf][0xbd][0xef][0xbf][0xbd]1a[0xef][0xbf][0xbd]d}[0xef][0xbf][0xbd]|}5[0xef][0xbf][0xbd]2[0x11]Me[0x1e]h[0xd5][0xbe]f[0xef][0xbf][0xbd][0xef][0xbf][0xbd]O[0x1][0x1]5[0xef][0xbf][0xbd][0xcc][0x95][0xef][0xbf][0xbd]q[0xef][0xbf][0xbd][0x4]QE^[0x18][0xef][0xbf][0xbd]%[0xef][0xbf][0xbd]%[0xef][0xbf][0xbd][0xef][0xbf][0xbd][0xef][0xbf][0xbd][0x6]1nf[0xef][0xbf][0xbd][0xef][0xbf][0xbd]+[0xef][0xbf][0xbd][0xef][0xbf][0xbd]S[0xef][0xbf][0xbd][0xf][0xef][0xbf][0xbd]|[0xef][0xbf][0xbd]{x[0xef][0xbf][0xbd][0x17][0xef][0xbf][0xbd][0xef][0xbf][0xbd][0xef][0xbf][0xbd][0xd9][0xba]x[0xef][0xbf][0xbd][0xef][0xbf][0xbd]6}[0x0][0xef][0xbf][0xbd][0xef][0xbf][0xbd][0xef][0xbf][0xbd][0xef][0xbf][0xbd]([0x10][0xef][0xbf][0xbd][0x18][0x19]*[0xef][0xbf][0xbd]([0xef][0xbf][0xbd][0x14][0xef][0xbf][0xbd][0x1e][0xef][0xbf][0xbd][0xef][0xbf][0xbd][0xef][0xbf][0xbd][0xef][0xbf][0xbd][0xef][0xbf][0xbd][0x1e][0xef][0xbf][0xbd][0xef][0xbf][0xbd]rx[0xef][0xbf][0xbd]k[0xef][0xbf][0xbd] [0xef][0xbf][0xbd][0xef][0xbf][0xbd][0xef][0xbf][0xbd]\`>c[0xd1][0x8a][0xef][0xbf][0xbd][0xef][0xbf][0xbd][0xef][0xbf][0xbd][0x4][0xc2][0x9e]@[0xef][0xbf][0xbd][0xef][0xbf][0xbd]x[0xef][0xbf][0xbd]_[0xef][0xbf][0xbd]n[0x0]v+[0xef][0xbf][0xbd]IyK [0xef][0xbf][0xbd][0xef][0xbf][0xbd][0xef][0xbf][0xbd][0xef][0xbf][0xbd]O[0xef][0xbf][0xbd]%C[0xef][0xbf][0xbd][0xef][0xbf][0xbd][0x7][0xef][0xbf][0xbd][0xef][0xbf][0xbd]&[0xef][0xbf][0xbd][0xef][0xbf][0xbd]J[0xef][0xbf][0xbd]B[0x9]8[0xef][0xbf][0xbd][0xef][0xbf][0xbd]{[0xef][0xbf][0xbd][0xef][0xbf][0xbd]A[0xef][0xbf][0xbd]u#[0xef][0xbf][0xbd][0xef][0xbf][0xbd][0x0][0xef][0xbf][0xbd]Q[0xef][0xbf][0xbd][0xef][0xbf][0xbd]VoNO[0xef][0xbf][0xbd]0[0xef][0xbf][0xbd]X[0x12][0x1e][0xef][0xbf][0xbd][0x3][0xef][0xbf][0xbd]D[0xe]B[0x1e][0x1f]n[0xef][0xbf][0xbd]i[0xef][0xbf][0xbd][0xd0][0xae][0xef][0xbf][0xbd]6H[0xef][0xbf][0xbd][0xef][0xbf][0xbd][0x4]rP"[0xef][0xbf][0xbd][0xef][0xbf][0xbd][0xef][0xbf][0xbd][0xef][0xbf][0xbd]$At[0xef][0xbf][0xbd]E[0xef][0xbf][0xbd][0x4][0xc][0xef][0xbf][0xbd][0xef][0xbf][0xbd][0xef][0xbf][0xbd]f6[0x3]X[0xef][0xbf][0xbd][0x17][0xef][0xbf][0xbd]5[0xef][0xbf][0xbd][0x9][0xef][0xbf][0xbd][0x9][0x18][0x18][0xef][0xbf][0xbd]j[0xef][0xbf][0xbd],[0x16][0xef][0xbf][0xbd]p[0xe][0xef][0xbf][0xbd][0x14][0xef][0xbf][0xbd]d[0xef][0xbf][0xbd][0xef][0xbf][0xbd][0xef][0xbf][0xbd][0x8][0xef][0xbf][0xbd][0xef][0xbf][0xbd]c^R[0xef][0xbf][0xbd][0xef][0xbf][0xbd][0xef][0xbf][0xbd][0xef][0xbf][0xbd]*w8[0xef][0xbf][0xbd][0x8]BW1/h[0xef][0xbf][0xbd][0xef][0xbf][0xbd]![0x19][0xef][0xbf][0xbd][0xef][0xbf][0xbd]W[0xef][0xbf][0xbd]x[0xc][0xef][0xbf][0xbd][0xef][0xbf][0xbd][0xef][0xbf][0xbd][0xef][0xbf][0xbd][0xef][0xbf][0xbd][0xef][0xbf][0xbd]D[0xd3][0xb2]uu;<[0x5][0x18]ib[0xef][0xbf][0xbd].[0x1d]T[0xef][0xbf][0xbd][0xef][0xbf][0xbd]'[0xef][0xbf][0xbd][0xef][0xbf][0xbd]V[0xef][0xbf][0xbd][0xc7][0xa3]t[0x3][0xef][0xbf][0xbd]x+J[0xef][0xbf][0xbd]Q"M{[0xef][0xbf][0xbd]\y[0xef][0xbf][0xbd]?D5[0xef][0xbf][0xbd][0x1c]h[0xef][0xbf][0xbd][0x4][0xef][0xbf][0xbd]~[0xef][0xbf][0xbd]r[0xef][0xbf][0xbd]r[0xef][0xbf][0xbd]f[0xef][0xbf][0xbd][0xef][0xbf][0xbd][0x19][0xef][0xbf][0xbd][0xef][0xbf][0xbd][0xef][0xbf][0xbd][0xef][0xbf][0xbd][0xef][0xbf][0xbd]YB[0xef][0xbf][0xbd][0x1e][0xef][0xbf][0xbd][0xef][0xbf][0xbd][0x0][0x6]v[0xef][0xbf][0xbd][0xef][0xbf][0xbd][0xef][0xbf][0xbd][0xef][0xbf][0xbd]2*U[0x1b]:0[0xef][0xbf][0xbd]`[0xef][0xbf][0xbd]][0xef][0xbf][0xbd]9[0xef][0xbf][0xbd][0xef][0xbf][0xbd][0xef][0xbf][0xbd]3[0xef][0xbf][0xbd][0xef][0xbf][0xbd][0xef][0xbf][0xbd]$swL[0xef][0xbf][0xbd][0xef][0xbf][0xbd][0xef][0xbf][0xbd]-[0xef][0xbf][0xbd][0xef][0xbf][0xbd]G[0xef][0xbf][0xbd][0xef][0xbf][0xbd]_[0xef][0xbf][0xbd][\n]"
07:56:30.846 [main] DEBUG org.apache.http.wire -  >> "n[0xef][0xbf][0xbd]V[0x1e][0xef][0xbf][0xbd][0xef][0xbf][0xbd]@v>[0x11][0xef][0xbf][0xbd]b[0xef][0xbf][0xbd] V[0xef][0xbf][0xbd] tnGm5[0x0][0xef][0xbf][0xbd][0xef][0xbf][0xbd]s[0xf]d[0x0][0xef][0xbf][0xbd][0xef][0xbf][0xbd]z[0xef][0xbf][0xbd][0x16]#{[0xef][0xbf][0xbd][0xef][0xbf][0xbd][0xe]*[0xef][0xbf][0xbd][0xef][0xbf][0xbd]%u`2[0xef][0xbf][0xbd][0x4][0x1e][0xdc][0x9f]d[0xef][0xbf][0xbd]\[0xc7][0xb9][0xef][0xbf][0xbd].J[0xef][0xbf][0xbd][0xe]{=[0x1c][0x15]$[0xd5][0x8c][0x3][0xef][0xbf][0xbd][0xef][0xbf][0xbd]P[0xdd][0xa0]k[0xef][0xbf][0xbd]2A[0x3][0xef][0xbf][0xbd][0xef][0xbf][0xbd][0xef][0xbf][0xbd][0xef][0xbf][0xbd][0xef][0xbf][0xbd]r[0xef][0xbf][0xbd]P[0xef][0xbf][0xbd][0xef][0xbf][0xbd][0xef][0xbf][0xbd][0x4][0xd2][0x89][0xef][0xbf][0xbd]7^[0xef][0xbf][0xbd][0xef][0xbf][0xbd]H[0x2]z[0xef][0xbf][0xbd]W$[0xef][0xbf][0xbd]-R[0xef][0xbf][0xbd][0xef][0xbf][0xbd][0xef][0xbf][0xbd][0xd2][0x80]N[0xef][0xbf][0xbd]tBF[0x4][0xef][0xbf][0xbd][0xef][0xbf][0xbd][tH[0xef][0xbf][0xbd][0xef][0xbf][0xbd][0xef][0xbf][0xbd]][0xef][0xbf][0xbd][0xef][0xbf][0xbd]C[0xef][0xbf][0xbd]"[0xef][0xbf][0xbd]RMd[0xc7][0xa0][0xef][0xbf][0xbd]ru[0xef][0xbf][0xbd][0xef][0xbf][0xbd][0xe][0x7][0xef][0xbf][0xbd][0x13][0xef][0xbf][0xbd]CL\[0x13]KY[0x12]<[0xef][0xbf][0xbd][0xef][0xbf][0xbd][0xef][0xbf][0xbd]W[0xef][0xbf][0xbd]j[0xdb][0xa6][0xef][0xbf][0xbd]7[0xef][0xbf][0xbd][0xef][0xbf][0xbd]n[0xef][0xbf][0xbd]t[0x16]Z3[0xef][0xbf][0xbd][0xef][0xbf][0xbd]d[0xef][0xbf][0xbd]9[0xef][0xbf][0xbd]aM,S[0xef][0xbf][0xbd][0xef][0xbf][0xbd][0xef][0xbf][0xbd]i[0xef][0xbf][0xbd]xc[0xef][0xbf][0xbd]"H-[0xef][0xbf][0xbd][0xef][0xbf][0xbd][0xc],[0xef][0xbf][0xbd]^[0xef][0xbf][0xbd][0xef][0xbf][0xbd][0xef][0xbf][0xbd]p[0x13][0xef][0xbf][0xbd][0xef][0xbf][0xbd][0x16][0xef][0xbf][0xbd][0x1c][0xef][0xbf][0xbd][0xef][0xbf][0xbd][0xef][0xbf][0xbd][0xef][0xbf][0xbd]D@[0xef][0xbf][0xbd].Z[0xef][0xbf][0xbd]w[0xef][0xbf][0xbd][0xef][0xbf][0xbd]S[0xef][0xbf][0xbd]][0xef][0xbf][0xbd][0xef][0xbf][0xbd][0xef][0xbf][0xbd][0xef][0xbf][0xbd][0xef][0xbf][0xbd][0xef][0xbf][0xbd]`1[0xef][0xbf][0xbd][0xef][0xbf][0xbd][0xef][0xbf][0xbd]5[0xef][0xbf][0xbd]`[0xef][0xbf][0xbd]L[0xef][0xbf][0xbd][0xd7][0xbc][0xef][0xbf][0xbd]s[0xef][0xbf][0xbd][0xef][0xbf][0xbd][0xef][0xbf][0xbd][0xef][0xbf][0xbd][0xef][0xbf][0xbd][0x1b]?[0xef][0xbf][0xbd]=[0xef][0xbf][0xbd][0xef][0xbf][0xbd]s[0xef][0xbf][0xbd]p{[0x16][0xef][0xbf][0xbd]<v[0xef][0xbf][0xbd]{[0xef][0xbf][0xbd][0xc8][0x9e][0xef][0xbf][0xbd][0xef][0xbf][0xbd]=[0xef][0xbf][0xbd]G[0xef][0xbf][0xbd][0xef][0xbf][0xbd][0xef][0xbf][0xbd]!M,[0xef][0xbf][0xbd][0xef][0xbf][0xbd]4[0xef][0xbf][0xbd][0xef][0xbf][0xbd]r[0xef][0xbf][0xbd]=[0xef][0xbf][0xbd][0xef][0xbf][0xbd][0xef][0xbf][0xbd][0x6][0xef][0xbf][0xbd][0xef][0xbf][0xbd][0xd0][0xba][0xef][0xbf][0xbd][0x10][0xef][0xbf][0xbd][0xef][0xbf][0xbd][0xd9][0x8f][0xef][0xbf][0xbd][0xe1][0x94][0xa9][0xef][0xbf][0xbd]29M[0xef][0xbf][0xbd]P[0x11]sLJ[0xef][0xbf][0xbd](+[0xef][0xbf][0xbd]@,[0xef][0xbf][0xbd][0xef][0xbf][0xbd][0xef][0xbf][0xbd]l[0xef][0xbf][0xbd][0x5][0xef][0xbf][0xbd][0xef][0xbf][0xbd][0xf][0xef][0xbf][0xbd][0xef][0xbf][0xbd][0xef][0xbf][0xbd].[\n]"
07:56:30.846 [main] DEBUG org.apache.http.wire -  >> "`3S][0xef][0xbf][0xbd]Y*i![0xc7][0xa2][0xef][0xbf][0xbd]|[0xef][0xbf][0xbd][0x1d][0x8]s[0xef][0xbf][0xbd][0xef][0xbf][0xbd][0xef][0xbf][0xbd]X[0xef][0xbf][0xbd][0xef][0xbf][0xbd]x[0xef][0xbf][0xbd]\n[0xef][0xbf][0xbd][\r][0xef][0xbf][0xbd]5e[0x12][0xef][0xbf][0xbd][0xef][0xbf][0xbd]Cg5[0xef][0xbf][0xbd]-q4[0xef][0xbf][0xbd][0xef][0xbf][0xbd],xywX[0xef][0xbf][0xbd][0xef][0xbf][0xbd]I68[0xef][0xbf][0xbd]\[0xef][0xbf][0xbd][0xef][0xbf][0xbd][0x15]+[0x1c][0xef][0xbf][0xbd]H[0xef][0xbf][0xbd][0x12][0xef][0xbf][0xbd][[0xde][0x9b][0xef][0xbf][0xbd]W[0xef][0xbf][0xbd][0x1]h[0x5][0xd9][0x91]e"[0xef][0xbf][0xbd]0[0xef][0xbf][0xbd][0xef][0xbf][0xbd]h[0x18]+Z[0xef][0xbf][0xbd]T7[0xb]J614[0xef][0xbf][0xbd]y[0xef][0xbf][0xbd][0xef][0xbf][0xbd][0xef][0xbf][0xbd][0xef][0xbf][0xbd]C[0xef][0xbf][0xbd][0xef][0xbf][0xbd][0xef][0xbf][0xbd]Lk[0xef][0xbf][0xbd]J8[0xef][0xbf][0xbd][0xef][0xbf][0xbd][0xef][0xbf][0xbd][0xef][0xbf][0xbd]ZtC[0xef][0xbf][0xbd]q[0xef][0xbf][0xbd][0xef][0xbf][0xbd][0xef][0xbf][0xbd]$[0xef][0xbf][0xbd][0xef][0xbf][0xbd][0xef][0xbf][0xbd][0xef][0xbf][0xbd][0x5]@[0xef][0xbf][0xbd][0x17]l[0xf][0xef][0xbf][0xbd][0x0][0xb] `[0xef][0xbf][0xbd][0xef][0xbf][0xbd][0xef][0xbf][0xbd][0xef][0xbf][0xbd][0xef][0xbf][0xbd]+[0xef][0xbf][0xbd][0xc2][0x87][0xef][0xbf][0xbd][0xc3][0x90]1W[0xef][0xbf][0xbd][0xef][0xbf][0xbd] [0xef][0xbf][0xbd][0x7][0xef][0xbf][0xbd]T[0xef][0xbf][0xbd][0xef][0xbf][0xbd][0xef][0xbf][0xbd][0xef][0xbf][0xbd][0xf][0xef][0xbf][0xbd]ht[0x3]M[0xef][0xbf][0xbd]3[0xef][0xbf][0xbd][0xef][0xbf][0xbd][0xef][0xbf][0xbd][0xef][0xbf][0xbd][0xef][0xbf][0xbd][0xef][0xbf][0xbd][0xef][0xbf][0xbd]{[0xef][0xbf][0xbd][0xef][0xbf][0xbd][0x1e][0xef][0xbf][0xbd][0x0][0xef][0xbf][0xbd]V[0x1e][0xef][0xbf][0xbd][0x12]w}[0xef][0xbf][0xbd][0xef][0xbf][0xbd][0xef][0xbf][0xbd][0xef][0xbf][0xbd][0xef][0xbf][0xbd]O[0xef][0xbf][0xbd][0xef][0xbf][0xbd][0xef][0xbf][0xbd][0xef][0xbf][0xbd]C?[0x15]~[0xef][0xbf][0xbd][0xef][0xbf][0xbd]<;[0xef][0xbf][0xbd]Jj[0xef][0xbf][0xbd][0xef][0xbf][0xbd][0xef][0xbf][0xbd][0xef][0xbf][0xbd][0xef][0xbf][0xbd](:D [0x9][0xef][0xbf][0xbd]t[0xef][0xbf][0xbd]r[0xef][0xbf][0xbd][0xef][0xbf][0xbd]u#d[0xef][0xbf][0xbd][0xef][0xbf][0xbd][0xef][0xbf][0xbd]tE[0xef][0xbf][0xbd]|[0xc](3P[0xef][0xbf][0xbd][0x1c][0xef][0xbf][0xbd][0xef][0xbf][0xbd][0xef][0xbf][0xbd]I[0xec][0x8a][0x9b][0x1e][0xef][0xbf][0xbd][0x10]8m[0xef][0xbf][0xbd][0xef][0xbf][0xbd](<[0xef][0xbf][0xbd]5[0xef][0xbf][0xbd]P[0xcd][0xa0][0xef][0xbf][0xbd][0xef][0xbf][0xbd][0x1f]l[0xef][0xbf][0xbd][0xef][0xbf][0xbd][0x1][0xef][0xbf][0xbd]`[0xef][0xbf][0xbd]'e[0x17][0xef][0xbf][0xbd][0xef][0xbf][0xbd]6[0x3][0xef][0xbf][0xbd][0xef][0xbf][0xbd]=[0xef][0xbf][0xbd][0xef][0xbf][0xbd][0xef][0xbf][0xbd][0x1][0xef][0xbf][0xbd]8[0xef][0xbf][0xbd]c[[0xef][0xbf][0xbd]_[0xcc][0x8b][0xef][0xbf][0xbd]bU[0xef][0xbf][0xbd]-[0x4]([0x5][0xef][0xbf][0xbd][0xef][0xbf][0xbd][0xef][0xbf][0xbd][0xef][0xbf][0xbd]L[0xef][0xbf][0xbd][0xef][0xbf][0xbd][0xef][0xbf][0xbd][[\r][0xef][0xbf][0xbd]L[0xef][0xbf][0xbd]cqi[0x1a][0xef][0xbf][0xbd][0xef][0xbf][0xbd][0x18][0xef][0xbf][0xbd]F[0xef][0xbf][0xbd][0xef][0xbf][0xbd][0xef][0xbf][0xbd][0xef][0xbf][0xbd][0xef][0xbf][0xbd]`}[0xef][0xbf][0xbd][0xef][0xbf][0xbd]&[0x9][0xef][0xbf][0xbd]U[0xef][0xbf][0xbd][0x6],[\n]"
07:56:30.846 [main] DEBUG org.apache.http.wire -  >> "[0x1c]6.z-![0xef][0xbf][0xbd]S1[0xd8][0xbe]&q[0xef][0xbf][0xbd][0xef][0xbf][0xbd]T[0xef][0xbf][0xbd][0xef][0xbf][0xbd][0xef][0xbf][0xbd]q[0xef][0xbf][0xbd]@[0xef][0xbf][0xbd]k[0xef][0xbf][0xbd][0x2][0xef][0xbf][0xbd][0x7][0xef][0xbf][0xbd][0xef][0xbf][0xbd]c[0xef][0xbf][0xbd]z[0xd4][0xae][0xef][0xbf][0xbd]C[0xef][0xbf][0xbd][0xef][0xbf][0xbd][0xef][0xbf][0xbd][0xef][0xbf][0xbd][0xef][0xbf][0xbd]w[0xef][0xbf][0xbd][0xef][0xbf][0xbd][0x1]O[0xef][0xbf][0xbd][0x7][0xef][0xbf][0xbd][0xce][0xbe][0xef][0xbf][0xbd][0x1c][0xef][0xbf][0xbd]l+[0xef][0xbf][0xbd]Y[0xef][0xbf][0xbd][0xd9][0xa7][0xcb][0x9c][0xef][0xbf][0xbd][0xef][0xbf][0xbd][0xef][0xbf][0xbd][0xef][0xbf][0xbd][0xef][0xbf][0xbd]8[0x3][0xef][0xbf][0xbd][0x17]n[0x0]v+[0x1f][0xef][0xbf][0xbd]r[0xef][0xbf][0xbd]Gv[0xef][0xbf][0xbd][0xef][0xbf][0xbd]S[0xef][0xbf][0xbd]3t1x[0xef][0xbf][0xbd][0xef][0xbf][0xbd]>[0xef][0xbf][0xbd][0xc][0xef][0xbf][0xbd]"
07:56:30.846 [main] DEBUG org.apache.http.wire -  >> "D[0xef][0xbf][0xbd]9][0xef][0xbf][0xbd][0xef][0xbf][0xbd][0xef][0xbf][0xbd]C[0xef][0xbf][0xbd][0xef][0xbf][0xbd]oP_[0xef][0xbf][0xbd]T[0xef][0xbf][0xbd][0xef][0xbf][0xbd][0xc3][0x9c][0xef][0xbf][0xbd][0xc6][0x90][0xef][0xbf][0xbd][0x19]\[0xef][0xbf][0xbd][0xef][0xbf][0xbd][0x5][0xef][0xbf][0xbd][0xef][0xbf][0xbd]f[0xef][0xbf][0xbd][0x14][:[0xef][0xbf][0xbd][0x18][0x6][0xef][0xbf][0xbd][0x3]\[0xef][0xbf][0xbd][0xef][0xbf][0xbd][0x1a][0xef][0xbf][0xbd]=[0xc2][0xa5]-%V[0x14][0xef][0xbf][0xbd][0xef][0xbf][0xbd][0xef][0xbf][0xbd]Hj[0xef][0xbf][0xbd]P[0xef][0xbf][0xbd][0x7][0xef][0xbf][0xbd][0xef][0xbf][0xbd]X[0xef][0xbf][0xbd]8`[0xf][0xd0][0x9b][0xef][0xbf][0xbd]y:[0xef][0xbf][0xbd][0x15][0xef][0xbf][0xbd]([0xef][0xbf][0xbd][0xef][0xbf][0xbd]Y[0xef][0xbf][0xbd][0xef][0xbf][0xbd]dy[0xef][0xbf][0xbd]F[0xef][0xbf][0xbd][0xef][0xbf][0xbd][0xef][0xbf][0xbd]z[0xef][0xbf][0xbd]{[0xef][0xbf][0xbd][0xef][0xbf][0xbd][0xef][0xbf][0xbd][0xef][0xbf][0xbd][0xef][0xbf][0xbd]l[0xef][0xbf][0xbd][0x1b][0xef][0xbf][0xbd][0xef][0xbf][0xbd]#J[0x1f][0xef][0xbf][0xbd][0xef][0xbf][0xbd][0xef][0xbf][0xbd][0xde][0x91][0xef][0xbf][0xbd]-[0xb][0xef][0xbf][0xbd]Cm=s[0xef][0xbf][0xbd]S(`&[0xef][0xbf][0xbd]s[0xef][0xbf][0xbd])[0xef][0xbf][0xbd]HK[0xd5][0x83][0x19][0x1][0xd3][0xae][0xef][0xbf][0xbd][0x4][0xef][0xbf][0xbd][0xef][0xbf][0xbd][0x3]J`[0x19][0x0][0xef][0xbf][0xbd]I[[0xef][0xbf][0xbd][0xef][0xbf][0xbd]"[0xef][0xbf][0xbd][\n]"
07:56:30.846 [main] DEBUG org.apache.http.wire -  >> "\jG([0xde][0x97][0xb][0xef][0xbf][0xbd][0xef][0xbf][0xbd][0xef][0xbf][0xbd]A[0xef][0xbf][0xbd][0xef][0xbf][0xbd][0xef][0xbf][0xbd][0xef][0xbf][0xbd]/0@[0xef][0xbf][0xbd][0xef][0xbf][0xbd][0x1a]b[0xef][0xbf][0xbd]Ao[0xef][0xbf][0xbd][0xef][0xbf][0xbd][0xef][0xbf][0xbd][0xef][0xbf][0xbd]0[0x1b][0x7]6e[0xef][0xbf][0xbd]c.[0xef][0xbf][0xbd]<kB[0x16];[e[0xef][0xbf][0xbd]eG[0x19]HR[0x18][0xef][0xbf][0xbd]9[0xef][0xbf][0xbd][0xef][0xbf][0xbd]?L[0xef][0xbf][0xbd][0xef][0xbf][0xbd][0xef][0xbf][0xbd]K[0xef][0xbf][0xbd][0xef][0xbf][0xbd][[0x2][0xc7][0xad]|[0xef][0xbf][0xbd][0xca][0x9d]@[0x16][0xef][0xbf][0xbd]N+v[0xef][0xbf][0xbd]@[0xef][0xbf][0xbd][0xef][0xbf][0xbd][0xef][0xbf][0xbd]9 [0x2][0xef][0xbf][0xbd]\[0xef][0xbf][0xbd]W[0xef][0xbf][0xbd]QK|[0xef][0xbf][0xbd][0xef][0xbf][0xbd][0xef][0xbf][0xbd]J'[0xef][0xbf][0xbd][0xef][0xbf][0xbd][0xef][0xbf][0xbd]3[0xef][0xbf][0xbd]F[0xef][0xbf][0xbd]~Z[0xe][0x8]Z[0xef][0xbf][0xbd][0xef][0xbf][0xbd][0xef][0xbf][0xbd]`[0xef][0xbf][0xbd][0x1][0xef][0xbf][0xbd][\r]/[0xef][0xbf][0xbd][0xef][0xbf][0xbd][0xef][0xbf][0xbd][0xef][0xbf][0xbd][0xef][0xbf][0xbd]"[0xef][0xbf][0xbd][0xef][0xbf][0xbd]f[0xef][0xbf][0xbd]L[0xef][0xbf][0xbd][0xf0][0xbc][0x87][0x83][0xef][0xbf][0xbd]B[0xdf][0x99][0x12][0x1f][0xef][0xbf][0xbd][0xef][0xbf][0xbd][0xd6][0xbb][0xef][0xbf][0xbd]IZ[0x11]]yg0[0xef][0xbf][0xbd][0xf][0xef][0xbf][0xbd]_Hy[0xef][0xbf][0xbd][0xef][0xbf][0xbd][0xef][0xbf][0xbd][0xef][0xbf][0xbd]S9*[0xef][0xbf][0xbd]y[0xef][0xbf][0xbd][0xef][0xbf][0xbd]o>[0xef][0xbf][0xbd]6[0xe]Ly[0x12]JF[0xef][0xbf][0xbd][0xc2][0xb3][0xe]a[0xd4][0x9f][0x19][0x9]sy[0xef][0xbf][0xbd]I[0xef][0xbf][0xbd]^[0xef][0xbf][0xbd]k[0xef][0xbf][0xbd][0xef][0xbf][0xbd][0xef][0xbf][0xbd]LMMY[0xef][0xbf][0xbd][0x2]=z[0xef][0xbf][0xbd][0xef][0xbf][0xbd]S[0x17][0xef][0xbf][0xbd][0xef][0xbf][0xbd][0x1][0xef][0xbf][0xbd][0xb][0xef][0xbf][0xbd][0xef][0xbf][0xbd]f%&[0xef][0xbf][0xbd]h[0xef][0xbf][0xbd][0xef][0xbf][0xbd][0xef][0xbf][0xbd]X[0xef][0xbf][0xbd][0xef][0xbf][0xbd][0x12][0x13][0xef][0xbf][0xbd][0xef][0xbf][0xbd]z[0xef][0xbf][0xbd][0xef][0xbf][0xbd]Y[0xef][0xbf][0xbd]=I[0x2][0x13][0xef][0xbf][0xbd][0x12]`@[0xef][0xbf][0xbd][0x1f]9[0xef][0xbf][0xbd].[0x0][0xef][0xbf][0xbd]([0x1a][0xef][0xbf][0xbd];N[0xef][0xbf][0xbd][0xef][0xbf][0xbd][0xef][0xbf][0xbd][0x1e]4[0xc][0xef][0xbf][0xbd]\[0xef][0xbf][0xbd][0xef][0xbf][0xbd]f[0xef][0xbf][0xbd][0xef][0xbf][0xbd][0xef][0xbf][0xbd][0xef][0xbf][0xbd][0xef][0xbf][0xbd][0x1f]3n[0xef][0xbf][0xbd]j[0x12]I[0xef][0xbf][0xbd][0xef][0xbf][0xbd][0xef][0xbf][0xbd]N[0xef][0xbf][0xbd][0xef][0xbf][0xbd][0xc2][0xbd][0xef][0xbf][0xbd][0xef][0xbf][0xbd][\n]"
07:56:30.846 [main] DEBUG org.apache.http.wire -  >> "[0xd4][0x92][0xef][0xbf][0xbd])[0xef][0xbf][0xbd][0xc9][0x99][0xef][0xbf][0xbd]vf[0xef][0xbf][0xbd][0xef][0xbf][0xbd]g[0xef][0xbf][0xbd][0xef][0xbf][0xbd][0xef][0xbf][0xbd]/[0xef][0xbf][0xbd]_[0xef][0xbf][0xbd][0xef][0xbf][0xbd][0xf]q+[0xef][0xbf][0xbd][0xef][0xbf][0xbd][0x11],w[0x2][0xd9][0x99]$y[0xef][0xbf][0xbd]C[0xcd][0x93][0xef][0xbf][0xbd]u)[0xef][0xbf][0xbd]h[0xef][0xbf][0xbd][0xef][0xbf][0xbd]2N[0xef][0xbf][0xbd]~[0xef][0xbf][0xbd][0xef][0xbf][0xbd][0x9][0xef][0xbf][0xbd][0xef][0xbf][0xbd]2[0x1][\r]Bi[0x10])[0x0]j[0x1a][0xef][0xbf][0xbd][0xef][0xbf][0xbd][0xd8][0x9c]k?n[0xef][0xbf][0xbd][0x1b]`[0xef][0xbf][0xbd]WT[0xef][0xbf][0xbd][0xef][0xbf][0xbd][0xef][0xbf][0xbd][0xef][0xbf][0xbd]z[0xef][0xbf][0xbd]R[0xef][0xbf][0xbd][0xef][0xbf][0xbd])[0xef][0xbf][0xbd][0xef][0xbf][0xbd][0xef][0xbf][0xbd][0xef][0xbf][0xbd][0x2]gr[0x7]gC[0xef][0xbf][0xbd][0xef][0xbf][0xbd][0x8][0xef][0xbf][0xbd][0x1c][0xef][0xbf][0xbd][0xd3][0xaf][0xef][0xbf][0xbd][0xef][0xbf][0xbd]H[0x1a]e[0xef][0xbf][0xbd]hG[0xef][0xbf][0xbd]r[0x19][0xef][0xbf][0xbd]f[0xca][0x8d]s[0xef][0xbf][0xbd]9[0x1d][0xef][0xbf][0xbd][0x16]2[0xef][0xbf][0xbd][0xd8][0x9c]D[0x1b][0xef][0xbf][0xbd]M[0xef][0xbf][0xbd]\[0xd2][0xb2][0xef][0xbf][0xbd]Z[0xef][0xbf][0xbd]j[0xef][0xbf][0xbd]|[0xef][0xbf][0xbd]+"[0xef][0xbf][0xbd][0xc8][0xb5]N[0xef][0xbf][0xbd]a[0xef][0xbf][0xbd][0xef][0xbf][0xbd]W[0xef][0xbf][0xbd] [0xef][0xbf][0xbd]#,Y\@)[0x1b]E~I[0x1c][0xef][0xbf][0xbd]RV[0xef][0xbf][0xbd]J[0xf]L[0xef][0xbf][0xbd][0xef][0xbf][0xbd]ca1i@[0xef][0xbf][0xbd][0xef][0xbf][0xbd]g[0xf]m[0xef][0xbf][0xbd][\r]e[0xdd][0x8b]e@[0xef][0xbf][0xbd][0x9][0xef][0xbf][0xbd][0x2][0x19]+[0x18]V*.[0xd3][0x8a]zo[0xef][0xbf][0xbd]P.[0x1d]t[0xef][0xbf][0xbd]Z[\n]"
07:56:30.846 [main] DEBUG org.apache.http.wire -  >> "[0xef][0xbf][0xbd][0xef][0xbf][0xbd]![0xef][0xbf][0xbd]j[0xef][0xbf][0xbd]s;[0x4]T[0xda][0x8b][0xef][0xbf][0xbd][0x9][0xef][0xbf][0xbd][0xef][0xbf][0xbd][0xef][0xbf][0xbd][0xef][0xbf][0xbd]hz[0xef][0xbf][0xbd][0xef][0xbf][0xbd]zX[0xef][0xbf][0xbd][0xef][0xbf][0xbd]N[0xef][0xbf][0xbd][0xef][0xbf][0xbd][0x5]:[0xef][0xbf][0xbd][0xef][0xbf][0xbd]^[0xef][0xbf][0xbd][0xef][0xbf][0xbd][0xef][0xbf][0xbd][0xef][0xbf][0xbd]y[0xf][0xef][0xbf][0xbd]m[0xef][0xbf][0xbd][0xef][0xbf][0xbd]{[0xef][0xbf][0xbd][0xef][0xbf][0xbd][0xef][0xbf][0xbd]y[0xef][0xbf][0xbd][0xef][0xbf][0xbd]O[0xef][0xbf][0xbd][0xef][0xbf][0xbd][0xdc][0x8d]>[0xef][0xbf][0xbd][0xef][0xbf][0xbd][0xef][0xbf][0xbd]z[0xef][0xbf][0xbd][0xef][0xbf][0xbd][0x7][0xf]~[0xef][0xbf][0xbd][0xef][0xbf][0xbd]'~[0xef][0xbf][0xbd];[0xef][0xbf][0xbd]u[0xef][0xbf][0xbd][0xef][0xbf][0xbd]]G[0xef][0xbf][0xbd]R/Mi[0x1b][0xef][0xbf][0xbd]L[0xef][0xbf][0xbd][0xef][0xbf][0xbd],[0xc3][0xb4][0x4][0xef][0xbf][0xbd][0x10]`[0x1d][0xef][0xbf][0xbd][0xef][0xbf][0xbd][0xef][0xbf][0xbd][0xef][0xbf][0xbd][0xc]"[0xef][0xbf][0xbd].(<[0xc9][0xa5]sZ[0xef][0xbf][0xbd][0xef][0xbf][0xbd]e[0xef][0xbf][0xbd]sX@Q[0xef][0xbf][0xbd]l(NFE#[0x17]"[0xef][0xbf][0xbd][0xd1][0x80]y1p[0xef][0xbf][0xbd][0xef][0xbf][0xbd][0x12][0x3][0xef][0xbf][0xbd][0xef][0xbf][0xbd][0xef][0xbf][0xbd][0xef][0xbf][0xbd][0xd6][0xb8][0xef][0xbf][0xbd]@[0xef][0xbf][0xbd][0xd9][0x95]y[0xef][0xbf][0xbd])[0xef][0xbf][0xbd][0xef][0xbf][0xbd]`[0xef][0xbf][0xbd]%I[0xef][0xbf][0xbd][0xef][0xbf][0xbd][0xef][0xbf][0xbd][0xef][0xbf][0xbd][0xef][0xbf][0xbd][0xef][0xbf][0xbd][0xef][0xbf][0xbd]#[0xf]-D[0x13]*M?[0xd7][0xba][0x1e][0xcf][0xbc][0xef][0xbf][0xbd][0xef][0xbf][0xbd]o_[0xef][0xbf][0xbd][0xef][0xbf][0xbd][\r][0xef][0xbf][0xbd][0xef][0xbf][0xbd]r=[0xef][0xbf][0xbd]K=[0x1][0x5][0xef][0xbf][0xbd][0xef][0xbf][0xbd][0xef][0xbf][0xbd]:[0xef][0xbf][0xbd][0x9][0xc5][0xa8][0xef][0xbf][0xbd][0xef][0xbf][0xbd][0xeb][0xb5][0xa3][0x1][0xef][0xbf][0xbd]M[0x1][0xef][0xbf][0xbd]o[0x12]0[0xef][0xbf][0xbd]GP[0xd7][0xb5][0xef][0xbf][0xbd][0xef][0xbf][0xbd][0xf]e3s[0xef][0xbf][0xbd][0xef][0xbf][0xbd]\[0xef][0xbf][0xbd][0x0][0xef][0xbf][0xbd];[0xef][0xbf][0xbd][0xef][0xbf][0xbd]n[0xef][0xbf][0xbd]pjPi[0xef][0xbf][0xbd][0xef][0xbf][0xbd]XrX[0xef][0xbf][0xbd][0xef][0xbf][0xbd][0xef][0xbf][0xbd][0xb][0xef][0xbf][0xbd][0xef][0xbf][0xbd][0xef][0xbf][0xbd]F[0xef][0xbf][0xbd][0xef][0xbf][0xbd][0xef][0xbf][0xbd]x[0xef][0xbf][0xbd][0xd6][0x98][0xc5][0xbb]d[0xef][0xbf][0xbd][0xef][0xbf][0xbd]2Z[0xef][0xbf][0xbd][0xef][0xbf][0xbd]Ay1[0x5][0xef][0xbf][0xbd]#[0xef][0xbf][0xbd][0x1][0xef][0xbf][0xbd]}[0xef][0xbf][0xbd]_>[0xef][0xbf][0xbd][0xef][0xbf][0xbd][0xef][0xbf][0xbd]7>[0xef][0xbf][0xbd][0xef][0xbf][0xbd][0x1b][0xef][0xbf][0xbd][0xef][0xbf][0xbd][0xef][0xbf][0xbd][0xc7][0xa5]\yd[0xef][0xbf][0xbd][0xef][0xbf][0xbd]{[0xef][0xbf][0xbd]g[0x0][0xef][0xbf][0xbd][0x8][0xef][0xbf][0xbd][0xef][0xbf][0xbd][0xef][0xbf][0xbd]R[0xef][0xbf][0xbd][0xca][0x92][0xef][0xbf][0xbd][0xef][0xbf][0xbd][0x14]V[0xef][0xbf][0xbd][0xef][0xbf][0xbd]u[0xef][0xbf][0xbd][0xef][0xbf][0xbd][0x15]=[0x15][0xef][0xbf][0xbd]^a[0x5]1[0xef][0xbf][0xbd]([0xef][0xbf][0xbd][0x19]F[0xef][0xbf][0xbd][0xef][0xbf][0xbd][0xef][0xbf][0xbd]u[0xef][0xbf][0xbd]xj[0x7]z[0x11][0xef][0xbf][0xbd]6[0xef][0xbf][0xbd]J[0xef][0xbf][0xbd][0xef][0xbf][0xbd][0xef][0xbf][0xbd]X[0xef][0xbf][0xbd][0xef][0xbf][0xbd]H[0xc][0xef][0xbf][0xbd][0xef][0xbf][0xbd][0xef][0xbf][0xbd][0x3][0xef][0xbf][0xbd][0xd4][0x93][0x13]P8([0x1e][0x3]-~/[0xef][0xbf][0xbd][0xef][0xbf][0xbd]8[0xef][0xbf][0xbd][0xef][0xbf][0xbd][0xef][0xbf][0xbd]g{^3[0xef][0xbf][0xbd][0x1e][0xc7][0x86][0xef][0xbf][0xbd]W[0x3][0x1][0xef][0xbf][0xbd][0xef][0xbf][0xbd][0xef][0xbf][0xbd]k[0xef][0xbf][0xbd]YC[0x1b][0xef][0xbf][0xbd][0xef][0xbf][0xbd][0xef][0xbf][0xbd][0xef][0xbf][0xbd][0xef][0xbf][0xbd]n[0xef][0xbf][0xbd][0x8][0x2][0xef][0xbf][0xbd]vd[0xef][0xbf][0xbd][0xef][0xbf][0xbd][0xef][0xbf][0xbd][0xd5][0xa9][0xef][0xbf][0xbd][0xef][0xbf][0xbd][0xef][0xbf][0xbd][0xef][0xbf][0xbd]:[0xef][0xbf][0xbd]rQ[0xef][0xbf][0xbd][0xef][0xbf][0xbd][0xef][0xbf][0xbd][0x11][0xb][0xef][0xbf][0xbd]].<[0xef][0xbf][0xbd][0xef][0xbf][0xbd][0xef][0xbf][0xbd][0xef][0xbf][0xbd]u%[0xef][0xbf][0xbd][0xef][0xbf][0xbd]E#[0xef][0xbf][0xbd][0xc8][0xb8][\r][0xef][0xbf][0xbd][0xef][0xbf][0xbd][0x1][0xc5][0xaf][0xef][0xbf][0xbd][0xef][0xbf][0xbd]ir[0x0][0xef][0xbf][0xbd]b[0xef][0xbf][0xbd][0xef][0xbf][0xbd]c[0xef][0xbf][0xbd][0xef][0xbf][0xbd][0xef][0xbf][0xbd][0xef][0xbf][0xbd][0x11][0xef][0xbf][0xbd]*[0xef][0xbf][0xbd]b$[0xef][0xbf][0xbd][0x6]x;[0xd9][0x8c]?[0xef][0xbf][0xbd][0x19]Q[0xef][0xbf][0xbd][0xef][0xbf][0xbd]cE`[0xef][0xbf][0xbd]-%[0xef][0xbf][0xbd][0xef][0xbf][0xbd][0xcf][0x9a][0xef][0xbf][0xbd][0xef][0xbf][0xbd][0xdf][0xac][0x18]n[0xef][0xbf][0xbd]z[0xdf][0x86][0xef][0xbf][0xbd][0xef][0xbf][0xbd][0x16][0xef][0xbf][0xbd]1[0xc5][0xb1][0xef][0xbf][0xbd][0xef][0xbf][0xbd]1[0xef][0xbf][0xbd]>W[0xef][0xbf][0xbd][0xef][0xbf][0xbd][0x10][0xef][0xbf][0xbd][0xef][0xbf][0xbd]n7[0xef][0xbf][0xbd][0xef][0xbf][0xbd][0x8][0xef][0xbf][0xbd][0x17][0xef][0xbf][0xbd]w[0xef][0xbf][0xbd]e[0xef][0xbf][0xbd]z[0xef][0xbf][0xbd][0xef][0xbf][0xbd][0xef][0xbf][0xbd];[0xef][0xbf][0xbd][0xc5][0x97][0xef][0xbf][0xbd]O7[0xef][0xbf][0xbd][0xef][0xbf][0xbd]V>~[0xef][0xbf][0xbd][\n]"
07:56:30.847 [main] DEBUG org.apache.http.wire -  >> "[0xef][0xbf][0xbd][0xef][0xbf][0xbd]a{[0x12][0x1e]|VV[0xef][0xbf][0xbd][0xef][0xbf][0xbd],[0xef][0xbf][0xbd][0xe][0xef][0xbf][0xbd][0xef][0xbf][0xbd][0xef][0xbf][0xbd][0x1f][0xef][0xbf][0xbd][0x1b][0xc2][0x9a]l[0xef][0xbf][0xbd][0xef][0xbf][0xbd][0xef][0xbf][0xbd][0xef][0xbf][0xbd][0xef][0xbf][0xbd])[0xef][0xbf][0xbd][0xef][0xbf][0xbd][0xef][0xbf][0xbd][0xc7][0x99][0xef][0xbf][0xbd][0xef][0xbf][0xbd][0xef][0xbf][0xbd][0xef][0xbf][0xbd]D[0xef][0xbf][0xbd]Rcq[0xdd][0x9e][0xef][0xbf][0xbd][0xef][0xbf][0xbd]W[0xef][0xbf][0xbd][0x1c][0xef][0xbf][0xbd]K[0xef][0xbf][0xbd]PU[0x12]D[0xef][0xbf][0xbd][0xef][0xbf][0xbd]b[0xef][0xbf][0xbd]`[0xef][0xbf][0xbd]@[0xef][0xbf][0xbd][0xef][0xbf][0xbd][0xdb][0x94][0x1a]>[0xcf][0x84][0x4]D[0xef][0xbf][0xbd][0xef][0xbf][0xbd][0xef][0xbf][0xbd][0xf]v[0xef][0xbf][0xbd][0xef][0xbf][0xbd][0xef][0xbf][0xbd][0xef][0xbf][0xbd][0x2][0xef][0xbf][0xbd][0x13][0x1c]:U1Z[0xef][0xbf][0xbd]]y^=[0xef][0xbf][0xbd][0xef][0xbf][0xbd][0xef][0xbf][0xbd][0xef][0xbf][0xbd]x[0xef][0xbf][0xbd]5[0xef][0xbf][0xbd][0xef][0xbf][0xbd][0xef][0xbf][0xbd][0xc7][0xb7]\[0xef][0xbf][0xbd]Aj'[0x18][0xef][0xbf][0xbd][0xef][0xbf][0xbd][0x9]y[0xef][0xbf][0xbd][0xef][0xbf][0xbd]g[[0xef][0xbf][0xbd]g9`[0x1c][0x13][0xef][0xbf][0xbd][0xc9][0x91]j7OZ[0xef][0xbf][0xbd]|%[0xef][0xbf][0xbd]w[0xef][0xbf][0xbd][0xef][0xbf][0xbd]KA[0xef][0xbf][0xbd].9[0xef][0xbf][0xbd][0xef][0xbf][0xbd]G[0xcb][0xbd] [0x0][0xef][0xbf][0xbd]~[0xef][0xbf][0xbd]k[0xef][0xbf][0xbd]i[0xef][0xbf][0xbd]??)[0xef][0xbf][0xbd][0xef][0xbf][0xbd][0x1][0xef][0xbf][0xbd][0xef][0xbf][0xbd][0x4][0xef][0xbf][0xbd]z[0xef][0xbf][0xbd][0xb][0xef][0xbf][0xbd][0xef][0xbf][0xbd][0xc3][0xb2][0xef][0xbf][0xbd][0x7]V4I[0xef][0xbf][0xbd]O`[0xef][0xbf][0xbd]&F[0xef][0xbf][0xbd][0xd0][0xa8][0x1b][0x16]\[0xef][0xbf][0xbd][0xef][0xbf][0xbd]5[0xef][0xbf][0xbd]4d[0xef][0xbf][0xbd]1L[0xef][0xbf][0xbd][0xef][0xbf][0xbd]}[0xef][0xbf][0xbd][0xef][0xbf][0xbd][0xe]OK[0xef][0xbf][0xbd][0x10][0xef][0xbf][0xbd][0xc2][0x93][0xef][0xbf][0xbd]x[0xc7][0xbd][0xef][0xbf][0xbd]Ns[0xef][0xbf][0xbd][0x17][0xef][0xbf][0xbd]E[0xef][0xbf][0xbd][0xef][0xbf][0xbd][0xef][0xbf][0xbd][0x1b]g[0x2][0xef][0xbf][0xbd][0xef][0xbf][0xbd][0xef][0xbf][0xbd][0xef][0xbf][0xbd][0xef][0xbf][0xbd]>+[0x1f][0xef][0xbf][0xbd]r[0x1d]#[0xef][0xbf][0xbd]|[\n]"
07:56:30.847 [main] DEBUG org.apache.http.wire -  >> "c[0x1d][0xef][0xbf][0xbd]Y\[0xef][0xbf][0xbd][0x1a][0xef][0xbf][0xbd][0xef][0xbf][0xbd][0xef][0xbf][0xbd][0x19][0xef][0xbf][0xbd][0x17]CC[0xef][0xbf][0xbd]%[0xef][0xbf][0xbd][0xef][0xbf][0xbd][0x1][0xef][0xbf][0xbd][0xef][0xbf][0xbd][0xef][0xbf][0xbd]h[0xef][0xbf][0xbd]Qm[0xef][0xbf][0xbd]b[0x17]8f'[0x19][0xef][0xbf][0xbd]D[0xef][0xbf][0xbd][0xef][0xbf][0xbd]]8[0xef][0xbf][0xbd]T[0xef][0xbf][0xbd][0xef][0xbf][0xbd][0x2][0xef][0xbf][0xbd]^[0xef][0xbf][0xbd][0xef][0xbf][0xbd]n[0xef][0xbf][0xbd][0x12]U[0xef][0xbf][0xbd][0xef][0xbf][0xbd]X[0x2][0xef][0xbf][0xbd][0xef][0xbf][0xbd][0xef][0xbf][0xbd][0xef][0xbf][0xbd]4[0xef][0xbf][0xbd][0x1f][0xef][0xbf][0xbd][0x17] [\n]"
07:56:30.847 [main] DEBUG org.apache.http.wire -  >> "[0xef][0xbf][0xbd]qC~.u5\UN[0xef][0xbf][0xbd][0x0][0xef][0xbf][0xbd][0xef][0xbf][0xbd][0x6][0x4][0xef][0xbf][0xbd][0x10][0xef][0xbf][0xbd][0xef][0xbf][0xbd]L[0xef][0xbf][0xbd]?[0xef][0xbf][0xbd][0xef][0xbf][0xbd][0xef][0xbf][0xbd][0xef][0xbf][0xbd]"-[0xef][0xbf][0xbd]h[0xef][0xbf][0xbd]%[0xc][0xef][0xbf][0xbd]u}-W[0xc]jy[0xef][0xbf][0xbd]|[0xef][0xbf][0xbd][0xef][0xbf][0xbd]'M[0xef][0xbf][0xbd])[0xef][0xbf][0xbd]f[0x19]-[0xef][0xbf][0xbd][0xef][0xbf][0xbd][0xd0][0xa5][0xef][0xbf][0xbd][0xef][0xbf][0xbd]AR[0xef][0xbf][0xbd]D[0xef][0xbf][0xbd]1[0xef][0xbf][0xbd]'0[0xef][0xbf][0xbd]J[0xef][0xbf][0xbd][0xef][0xbf][0xbd][0xef][0xbf][0xbd][0xef][0xbf][0xbd][0xef][0xbf][0xbd][0xef][0xbf][0xbd][0xe1][0x9a][0x8f][0x4][0xe]zy[0xef][0xbf][0xbd]i[0xef][0xbf][0xbd]L[0xef][0xbf][0xbd]\[0xef][0xbf][0xbd][0xef][0xbf][0xbd][0xef][0xbf][0xbd][0xef][0xbf][0xbd]Z[0xef][0xbf][0xbd][0xef][0xbf][0xbd][0xef][0xbf][0xbd][0xef][0xbf][0xbd][0xe3][0x8d][0xa9][0xd3][0x9d][0xe][0xef][0xbf][0xbd]TRmO)[0x16][0xef][0xbf][0xbd][0xc8][0xbc][0xef][0xbf][0xbd]eT[0xef][0xbf][0xbd][0x1a]Fu[0xef][0xbf][0xbd][0xef][0xbf][0xbd]![0x14]#[0xef][0xbf][0xbd][0x14]1[0x15][0xef][0xbf][0xbd]YB[0xef][0xbf][0xbd][0xef][0xbf][0xbd]M[0xef][0xbf][0xbd][0x1e][0xef][0xbf][0xbd][0xef][0xbf][0xbd][0xef][0xbf][0xbd]y[0xef][0xbf][0xbd][0x1d]*[0xd4][0xba]pN2%[0xef][0xbf][0xbd][0xef][0xbf][0xbd][0xef][0xbf][0xbd][0xef][0xbf][0xbd][0xf][0xef][0xbf][0xbd]Bz[0xef][0xbf][0xbd][0xef][0xbf][0xbd][0xef][0xbf][0xbd][0xef][0xbf][0xbd][0xef][0xbf][0xbd][0xef][0xbf][0xbd][0xef][0xbf][0xbd][0xef][0xbf][0xbd][[0xef][0xbf][0xbd][0xef][0xbf][0xbd][0xef][0xbf][0xbd][0xef][0xbf][0xbd]=[0x1e]`[0x14][0xef][0xbf][0xbd]{ID[0x8]y#[0xef][0xbf][0xbd]b[0x6][0xef][0xbf][0xbd][0x14]j*[0x1a]M[0xe]O[0xef][0xbf][0xbd][0xef][0xbf][0xbd]$[0xef][0xbf][0xbd][0xef][0xbf][0xbd]LO$H[0xef][0xbf][0xbd][0xef][0xbf][0xbd]_t[0xef][0xbf][0xbd])[0xef][0xbf][0xbd][0xef][0xbf][0xbd][0xef][0xbf][0xbd][0x1c]![0xef][0xbf][0xbd]AVj)[0xef][0xbf][0xbd]M)[0xef][0xbf][0xbd][0xef][0xbf][0xbd]U[0x1e]u8[0xef][0xbf][0xbd]2[0xef][0xbf][0xbd][0xef][0xbf][0xbd]\!*[0xef][0xbf][0xbd][0xef][0xbf][0xbd][0x6][0xef][0xbf][0xbd]}I[0xef][0xbf][0xbd]Gk[0xef][0xbf][0xbd][0xef][0xbf][0xbd][0xef][0xbf][0xbd][0xef][0xbf][0xbd][\n]"
07:56:30.847 [main] DEBUG org.apache.http.wire -  >> "[0x1b][0xef][0xbf][0xbd][0xef][0xbf][0xbd]][0xef][0xbf][0xbd]t[0xef][0xbf][0xbd][0xef][0xbf][0xbd][0xef][0xbf][0xbd];[0x12]=[0xef][0xbf][0xbd][\n]"
07:56:30.847 [main] DEBUG org.apache.http.wire -  >> "M[0xef][0xbf][0xbd]z[0xef][0xbf][0xbd]s[0xe][0xef][0xbf][0xbd][0xef][0xbf][0xbd][0xef][0xbf][0xbd][0xef][0xbf][0xbd]5;]Z[0xef][0xbf][0xbd][0xef][0xbf][0xbd][0x19]e' !U>8fbhWD[0xef][0xbf][0xbd]6i[0xc6][0x8a][0xef][0xbf][0xbd][0xef][0xbf][0xbd][0xcc][0x8a][0x3]`[0xef][0xbf][0xbd][0xef][0xbf][0xbd]#[0xef][0xbf][0xbd][0xef][0xbf][0xbd][0xef][0xbf][0xbd][0xef][0xbf][0xbd][0xef][0xbf][0xbd][0xef][0xbf][0xbd]e[0xef][0xbf][0xbd][0x1a][0xef][0xbf][0xbd]f[0xef][0xbf][0xbd][0xef][0xbf][0xbd]P[0xef][0xbf][0xbd]h[0xef][0xbf][0xbd], [0x12][0xc6][0x8e][0xef][0xbf][0xbd][0xef][0xbf][0xbd][0xef][0xbf][0xbd]:[0xef][0xbf][0xbd][0xef][0xbf][0xbd]9[0xef][0xbf][0xbd][0xc7][0xb9][0xef][0xbf][0xbd][0x17][0xef][0xbf][0xbd][0xef][0xbf][0xbd]\E[0x17][0xef][0xbf][0xbd]l[0xef][0xbf][0xbd]Z[0xef][0xbf][0xbd]b[0xef][0xbf][0xbd]DG[0xef][0xbf][0xbd]eJv[0xef][0xbf][0xbd][0x1][0xef][0xbf][0xbd][0xca][0xb6][0x12]`{[0xef][0xbf][0xbd]/[0x0]Ih[0xef][0xbf][0xbd]z^[0xef][0xbf][0xbd]8S[0xef][0xbf][0xbd][0xef][0xbf][0xbd]?[0x11][0xef][0xbf][0xbd]ij[[0xef][0xbf][0xbd]z[0xde][0xb4][0xcf][0xbf]q[0xef][0xbf][0xbd][0xef][0xbf][0xbd][0xef][0xbf][0xbd]q+[0xef][0xbf][0xbd]r,[0xef][0xbf][0xbd]o[0xef][0xbf][0xbd][0xef][0xbf][0xbd]q)F[0x1]J[c[0xef][0xbf][0xbd][0xef][0xbf][0xbd]WA}[0x1d][0xef][0xbf][0xbd][0xef][0xbf][0xbd][0xef][0xbf][0xbd][0xef][0xbf][0xbd][0xef][0xbf][0xbd]p[0x15]g[0xef][0xbf][0xbd][0xef][0xbf][0xbd][0xef][0xbf][0xbd][0x2]]c[0x9][0x6]h[0x0][0xef][0xbf][0xbd]AY[0xef][0xbf][0xbd]X&[0xef][0xbf][0xbd][0xef][0xbf][0xbd];9!L[0xef][0xbf][0xbd]H1[0xef][0xbf][0xbd][0xef][0xbf][0xbd][0xb][0xef][0xbf][0xbd][0xef][0xbf][0xbd]+c=[0xef][0xbf][0xbd][0xef][0xbf][0xbd]([0xef][0xbf][0xbd]Q[0xef][0xbf][0xbd]tN[0xef][0xbf][0xbd][0xef][0xbf][0xbd]I[0xd4][0xb0]9M[0x2][0x7][0xef][0xbf][0xbd]_[0xef][0xbf][0xbd].[0xef][0xbf][0xbd]+[0xef][0xbf][0xbd]h[0x1a][0xef][0xbf][0xbd]W[0xef][0xbf][0xbd][0xef][0xbf][0xbd][0xef][0xbf][0xbd][0xef][0xbf][0xbd]R[0xef][0xbf][0xbd][0xe6][0x9c][0x93]i[0xef][0xbf][0xbd]k>[0x1][0xef][0xbf][0xbd]2F[0xef][0xbf][0xbd][0xef][0xbf][0xbd][0x1][0xef][0xbf][0xbd]V[0xef][0xbf][0xbd]z[0xef][0xbf][0xbd]UL[0xc]t[0xef][0xbf][0xbd][0xef][0xbf][0xbd][0x14][0xef][0xbf][0xbd][0xef][0xbf][0xbd][0xef][0xbf][0xbd]1[0x1e]:[0x13]3[0xef][0xbf][0xbd][0xef][0xbf][0xbd]cB[0xef][0xbf][0xbd][0x12][0xef][0xbf][0xbd][0xef][0xbf][0xbd][0xef][0xbf][0xbd][0xef][0xbf][0xbd][0xef][0xbf][0xbd]d[0xef][0xbf][0xbd][0xef][0xbf][0xbd]xq[0xef][0xbf][0xbd][0xef][0xbf][0xbd][0xef][0xbf][0xbd]"ph[0xf]Z[0xef][0xbf][0xbd]nL[0xef][0xbf][0xbd]Q[0xef][0xbf][0xbd][0xef][0xbf][0xbd]7[0xef][0xbf][0xbd][0xef][0xbf][0xbd][0xef][0xbf][0xbd]_[0xef][0xbf][0xbd][0xef][0xbf][0xbd]L.[0xef][0xbf][0xbd][0xef][0xbf][0xbd]Z[0xef][0xbf][0xbd][0xef][0xbf][0xbd][0xef][0xbf][0xbd][0xef][0xbf][0xbd][0xc2][0x8c][0xef][0xbf][0xbd]f\:[0x6][0xef][0xbf][0xbd][0xef][0xbf][0xbd][0xef][0xbf][0xbd][0xef][0xbf][0xbd][0xef][0xbf][0xbd][0xc8][0xa1];[0xef][0xbf][0xbd][0x9][0xdb][0x94][0x14][0xef][0xbf][0xbd][0xef][0xbf][0xbd][0xc]1[0xef][0xbf][0xbd]Skun[0xef][0xbf][0xbd]|[0x16][0xef][0xbf][0xbd][0xef][0xbf][0xbd][0xef][0xbf][0xbd][0xef][0xbf][0xbd]n[0xef][0xbf][0xbd][0xef][0xbf][0xbd][[0xef][0xbf][0xbd][0xef][0xbf][0xbd][0xef][0xbf][0xbd]Q[0x16][0xef][0xbf][0xbd][0xef][0xbf][0xbd][0xef][0xbf][0xbd][0x1e]u[0xef][0xbf][0xbd][0xef][0xbf][0xbd][0xf][0xef][0xbf][0xbd][0x12]slC[0xef][0xbf][0xbd]@&<[0xef][0xbf][0xbd]n[0xd8][0xae][0xef][0xbf][0xbd][0xc4][0x9c][0xef][0xbf][0xbd][0x4][0xef][0xbf][0xbd][0xef][0xbf][0xbd]r[0xef][0xbf][0xbd][0xef][0xbf][0xbd][0xef][0xbf][0xbd][0xef][0xbf][0xbd]"[0xb]g[0xcd][0xb5]C[0xf][0xef][0xbf][0xbd][0xef][0xbf][0xbd][0xef][0xbf][0xbd]J/[0xef][0xbf][0xbd][0xe5][0xb4][0xa7]eY[0xef][0xbf][0xbd][0xef][0xbf][0xbd]3^[0x17][0x1c][0xef][0xbf][0xbd][0xef][0xbf][0xbd][0x18][0x1b]j[0xef][0xbf][0xbd][0x13]6[0xef][0xbf][0xbd][0xef][0xbf][0xbd][0xef][0xbf][0xbd][0xef][0xbf][0xbd][0xef][0xbf][0xbd]k[0x3]j"
07:56:30.847 [main] DEBUG org.apache.http.wire -  >> ":M[0x15][0xef][0xbf][0xbd]os?,[0xb]Q^[0xef][0xbf][0xbd]j[0xef][0xbf][0xbd]'[0xef][0xbf][0xbd]X![0xef][0xbf][0xbd][0x18][0xef][0xbf][0xbd][0xef][0xbf][0xbd]a[0xef][0xbf][0xbd][0x14]tt[0xef][0xbf][0xbd][0xef][0xbf][0xbd][0x6]? [0xd8][0x9e]N[0xef][0xbf][0xbd]-[0x1f][0x1e][0x1c][0xef][0xbf][0xbd][0xef][0xbf][0xbd]r,[0xef][0xbf][0xbd]51[0xef][0xbf][0xbd]Y[0xc8][0x98][0xef][0xbf][0xbd][0xef][0xbf][0xbd][0xef][0xbf][0xbd]}[0xef][0xbf][0xbd]r[0xef][0xbf][0xbd][\n]"
07:56:30.847 [main] DEBUG org.apache.http.wire -  >> "[0xef][0xbf][0xbd]_[0xef][0xbf][0xbd]U[0xef][0xbf][0xbd]gyEd@q[0xef][0xbf][0xbd][0xef][0xbf][0xbd]a[0xef][0xbf][0xbd]A[0xef][0xbf][0xbd][0xef][0xbf][0xbd][0xef][0xbf][0xbd]_[0xef][0xbf][0xbd]r[0xef][0xbf][0xbd][0xef][0xbf][0xbd][0x19][0xef][0xbf][0xbd])B[0xef][0xbf][0xbd][0xef][0xbf][0xbd][0xef][0xbf][0xbd][0xef][0xbf][0xbd][0x18][0xef][0xbf][0xbd]l[0xef][0xbf][0xbd]A\[0xef][0xbf][0xbd]&T[0xef][0xbf][0xbd][0xef][0xbf][0xbd][0xef][0xbf][0xbd]PL[0xef][0xbf][0xbd][0x3][0xef][0xbf][0xbd]l[0xc7][0xac]E[0x7]1[0xef][0xbf][0xbd][0xef][0xbf][0xbd]%[0xef][0xbf][0xbd]Z[0xef][0xbf][0xbd]^[0xcf][0xa2][0x6]([0xef][0xbf][0xbd][0xef][0xbf][0xbd][0x1f]V[0x6][0xef][0xbf][0xbd][0xef][0xbf][0xbd]bcLP[0x12]3[0x19][0xef][0xbf][0xbd]8[0xef][0xbf][0xbd]M[0xef][0xbf][0xbd]|[0xef][0xbf][0xbd][0xef][0xbf][0xbd][0xef][0xbf][0xbd]^[0xef][0xbf][0xbd][0xef][0xbf][0xbd][0xef][0xbf][0xbd][0xdb][0x93]7n[0xef][0xbf][0xbd]V[0xef][0xbf][0xbd]FY[0xef][0xbf][0xbd][0xef][0xbf][0xbd][0x12]=[0xef][0xbf][0xbd][0xef][0xbf][0xbd]bN[0xef][0xbf][0xbd][0xef][0xbf][0xbd]9[0xef][0xbf][0xbd][0xef][0xbf][0xbd][0xef][0xbf][0xbd][0x2][0x19]~[0x1b][0xef][0xbf][0xbd][0xef][0xbf][0xbd][0xef][0xbf][0xbd][0xef][0xbf][0xbd]j[0xef][0xbf][0xbd][0xef][0xbf][0xbd]d[0x1f][0xef][0xbf][0xbd])[0xef][0xbf][0xbd][0xef][0xbf][0xbd][0xef][0xbf][0xbd]j[0xd2][0x94](b[0xef][0xbf][0xbd]Y[0xef][0xbf][0xbd][0x9][0xcd][0x80]I[0xef][0xbf][0xbd]1[0xef][0xbf][0xbd]"[0xef][0xbf][0xbd][0xef][0xbf][0xbd][0x16][0x13][0xef][0xbf][0xbd][0x7]bdN[0xef][0xbf][0xbd][0xef][0xbf][0xbd]w[0x1e][0xef][0xbf][0xbd][0xef][0xbf][0xbd][0xef][0xbf][0xbd][0xef][0xbf][0xbd][0x11]vK[0xef][0xbf][0xbd][0xd5][0x87][0xef][0xbf][0xbd][0xef][0xbf][0xbd][0xef][0xbf][0xbd]IpGl[0xef][0xbf][0xbd][0xef][0xbf][0xbd]%[0xef][0xbf][0xbd]~[0x5][0xef][0xbf][0xbd]T[0xef][0xbf][0xbd]q[0xef][0xbf][0xbd][0xef][0xbf][0xbd]`[0xef][0xbf][0xbd][0xef][0xbf][0xbd][0xef][0xbf][0xbd][0xef][0xbf][0xbd][0xef][0xbf][0xbd]k[0xc][0xef][0xbf][0xbd][0x1d][0xef][0xbf][0xbd][0xef][0xbf][0xbd][0xc9][0xba][0xef][0xbf][0xbd][0xef][0xbf][0xbd]<[0xef][0xbf][0xbd]\[0xef][0xbf][0xbd][0xc8][0x90][0xef][0xbf][0xbd][0xef][0xbf][0xbd]u[0xef][0xbf][0xbd]v,C1[0xef][0xbf][0xbd][0xef][0xbf][0xbd]r[0x5][0xef][0xbf][0xbd][0xef][0xbf][0xbd]<[0x18][0x5]r^[0xcd][0x99][0xef][0xbf][0xbd][0x11]b4[0xef][0xbf][0xbd][0xef][0xbf][0xbd][0xef][0xbf][0xbd][0xef][0xbf][0xbd][\r][0xef][0xbf][0xbd][0xef][0xbf][0xbd]Z;[0xef][0xbf][0xbd][0xc7][0xa5][0xef][0xbf][0xbd][0xef][0xbf][0xbd][0xef][0xbf][0xbd][0xef][0xbf][0xbd]}[0xef][0xbf][0xbd][0xef][0xbf][0xbd]$J[0xd0][0x84]7[0xef][0xbf][0xbd]RnT[0x14][0xef][0xbf][0xbd][0xc4][0xb8]Oa[0xef][0xbf][0xbd]=[0xef][0xbf][0xbd]`\[0xef][0xbf][0xbd][0xef][0xbf][0xbd][0x3][0xef][0xbf][0xbd]f[0xef][0xbf][0xbd][0xef][0xbf][0xbd][0xef][0xbf][0xbd][0xef][0xbf][0xbd][0x18]Oi[0xef][0xbf][0xbd]<[\r][0xef][0xbf][0xbd]xH[0x15][0xef][0xbf][0xbd]\[0xef][0xbf][0xbd][0xef][0xbf][0xbd][0x1c]*Q[0xef][0xbf][0xbd][0x6][0xef][0xbf][0xbd][0x12]s[0xef][0xbf][0xbd][0xef][0xbf][0xbd][0xef][0xbf][0xbd]3x[0xef][0xbf][0xbd]^x[0xef][0xbf][0xbd][0xef][0xbf][0xbd][0xef][0xbf][0xbd][0x17]o[0xef][0xbf][0xbd][0xef][0xbf][0xbd][0x18][0xef][0xbf][0xbd][0xcf][0xbf][0xef][0xbf][0xbd][0x4]>[0xef][0xbf][0xbd]#?[0xef][0xbf][0xbd]_[0xef][0xbf][0xbd]o~[\r][0xef][0xbf][0xbd][0xef][0xbf][0xbd][0x5][0xef][0xbf][0xbd][0xef][0xbf][0xbd]![0xef][0xbf][0xbd][0x7][0xef][0xbf][0xbd]0[0x11][0xef][0xbf][0xbd][0xd6][0xbb]+[0xef][0xbf][0xbd][0xef][0xbf][0xbd]D[0xf]yU:[0xef][0xbf][0xbd][0xef][0xbf][0xbd][0xef][0xbf][0xbd]b[0xef][0xbf][0xbd]#,[0xef][0xbf][0xbd]yI[0xef][0xbf][0xbd][0xef][0xbf][0xbd]5n[0xef][0xbf][0xbd]k[0xef][0xbf][0xbd][0xef][0xbf][0xbd][0xef][0xbf][0xbd][0xef][0xbf][0xbd]r[0xef][0xbf][0xbd]068@EXc[0xef][0xbf][0xbd]N:[0xef][0xbf][0xbd][0xef][0xbf][0xbd][0xef][0xbf][0xbd][0x1d][0xef][0xbf][0xbd][0xef][0xbf][0xbd]{[0xd5][0xbe]W-[0xef][0xbf][0xbd][0x2][0xef][0xbf][0xbd]9[0xde][0x8d][0xef][0xbf][0xbd][0xef][0xbf][0xbd][0xef][0xbf][0xbd]f,[0xef][0xbf][0xbd][0xef][0xbf][0xbd][0xef][0xbf][0xbd]z[0xef][0xbf][0xbd][0xef][0xbf][0xbd]T[0xef][0xbf][0xbd]D[0xef][0xbf][0xbd]d[0xd8][0xb8][0xef][0xbf][0xbd][0xef][0xbf][0xbd]*AD[0x1e][0xef][0xbf][0xbd][0xef][0xbf][0xbd]g[0xef][0xbf][0xbd][0xef][0xbf][0xbd][0xef][0xbf][0xbd][0xef][0xbf][0xbd]D[0xef][0xbf][0xbd][0xef][0xbf][0xbd]q[0x1e][0xef][0xbf][0xbd]V[0xef][0xbf][0xbd][0xce][0xba][0xef][0xbf][0xbd][0xef][0xbf][0xbd]Z[0xef][0xbf][0xbd][0xef][0xbf][0xbd][0xd3][0x98][0x12]o[0xef][0xbf][0xbd][0xef][0xbf][0xbd][0xef][0xbf][0xbd][0xef][0xbf][0xbd]%L8[0xe][0xef][0xbf][0xbd][0xef][0xbf][0xbd]Mq[0xef][0xbf][0xbd]Ah[0xef][0xbf][0xbd]T[0x1c]k[0xef][0xbf][0xbd][0xef][0xbf][0xbd]2BZ[0xd7][0x8f][0xef][0xbf][0xbd]Erj[0xef][0xbf][0xbd]fh.#[0xef][0xbf][0xbd][0xef][0xbf][0xbd][0x9]8[0xef][0xbf][0xbd]v[0xef][0xbf][0xbd]4[0xef][0xbf][0xbd][0xef][0xbf][0xbd]k[0xef][0xbf][0xbd]pm[0xd6][0xbf][0xef][0xbf][0xbd][0xef][0xbf][0xbd][0x8][0xef][0xbf][0xbd]#29[0xef][0xbf][0xbd][0x19][0xef][0xbf][0xbd]C[0xef][0xbf][0xbd][0xef][0xbf][0xbd][0xef][0xbf][0xbd][0xd0][0xb6]d[0xef][0xbf][0xbd]1[0xef][0xbf][0xbd][0xef][0xbf][0xbd][0xef][0xbf][0xbd][0xca][0xb1][0x1e]b`[0xef][0xbf][0xbd][0xef][0xbf][0xbd]6[0x1a][0xef][0xbf][0xbd]v[0xef][0xbf][0xbd]<[0xef][0xbf][0xbd][0xef][0xbf][0xbd][0xef][0xbf][0xbd][0xef][0xbf][0xbd][0xef][0xbf][0xbd]#l[0xef][0xbf][0xbd][0xef][0xbf][0xbd][0xef][0xbf][0xbd][0xef][0xbf][0xbd][0xef][0xbf][0xbd][0xef][0xbf][0xbd][0xef][0xbf][0xbd]~6[0xef][0xbf][0xbd]CX[0x1e]\[0xef][0xbf][0xbd][0xef][0xbf][0xbd]G[0xef][0xbf][0xbd][0xc4][0xbd][0x13][0xef][0xbf][0xbd]<mx[0xef][0xbf][0xbd][0xef][0xbf][0xbd]m?[0xef][0xbf][0xbd][0xef][0xbf][0xbd]{?[0xef][0xbf][0xbd][0xef][0xbf][0xbd]7[0xef][0xbf][0xbd]o>[0xef][0xbf][0xbd][0xef][0xbf][0xbd][0xef][0xbf][0xbd]<=8W{"~[0xef][0xbf][0xbd]>[0xef][0xbf][0xbd][0xef][0xbf][0xbd]_[0xef][0xbf][0xbd]3_[0xc4][0xad]| e[0x1][0xef][0xbf][0xbd]S[0xef][0xbf][0xbd]J[0xef][0xbf][0xbd][0xef][0xbf][0xbd]f[0xef][0xbf][0xbd]X[0x15][0xce][0xa2][0x10]/e[0xe]s[[0xef][0xbf][0xbd][0x16][0xef][0xbf][0xbd]oJ[0xef][0xbf][0xbd]^[0xb][0xef][0xbf][0xbd]:Km[0xef][0xbf][0xbd]^[0x10][0xd8][0x85][0xef][0xbf][0xbd][0xef][0xbf][0xbd]D[0x7][0xef][0xab][0xa9][0xef][0xbf][0xbd][0xef][0xbf][0xbd][0x1]=[0xef][0xbf][0xbd]h%3`[0xef][0xbf][0xbd][0x0][0x12][0xef][0xbf][0xbd][0xef][0xbf][0xbd]:[0x16]6[0xef][0xbf][0xbd]X[0xc][0x14][0xef][0xbf][0xbd][0xef][0xbf][0xbd]4&U:[0xef][0xbf][0xbd]7[0xef][0xbf][0xbd]x[0xef][0xbf][0xbd][0xef][0xbf][0xbd]=[0xef][0xbf][0xbd][0xe][0xef][0xbf][0xbd][0xef][0xbf][0xbd]N[0xee][0x91][0xbb]G@[0xef][0xbf][0xbd][0xef][0xbf][0xbd]g[0xef][0xbf][0xbd][0xef][0xbf][0xbd][0xef][0xbf][0xbd][0xef][0xbf][0xbd]2[0xef][0xbf][0xbd][0xef][0xbf][0xbd][0xef][0xbf][0xbd]k#[0xef][0xbf][0xbd][0x18]0[0x15][0x1d][0xef][0xbf][0xbd][0xef][0xbf][0xbd][0xef][0xbf][0xbd]4[0xef][0xbf][0xbd][0xef][0xbf][0xbd][0xef][0xbf][0xbd][0xf][0xef][0xbf][0xbd];[0xef][0xbf][0xbd][0x8]\5~[0xef][0xbf][0xbd][0xef][0xbf][0xbd][0x6][0x1][0xcd][0xae][0xef][0xbf][0xbd]/[0xef][0xbf][0xbd]_~[0xef][0xbf][0xbd]n[0xef][0xbf][0xbd][0xef][0xbf][0xbd]y[0xef][0xbf][0xbd][0xef][0xbf][0xbd]=[0xef][0xbf][0xbd][0x4],P[0xc7][0xb1][0xef][0xbf][0xbd]Tn[0xef][0xbf][0xbd]zq~[0xef][0xbf][0xbd][0x6]C[0xef][0xbf][0xbd]:[0xef][0xbf][0xbd]D[0xef][0xbf][0xbd][[0xe][0x4][0xef][0xbf][0xbd]i[0xef][0xbf][0xbd][0xef][0xbf][0xbd]<[0xef][0xbf][0xbd]T[0x1f]yl[0xc]M[0xc9][0xad][0xb][0xef][0xbf][0xbd]][0xef][0xbf][0xbd]1[0xef][0xbf][0xbd][0xef][0xbf][0xbd][0x19][0xef][0xbf][0xbd]`[0xef][0xbf][0xbd][0xef][0xbf][0xbd]'pq5[0xef][0xbf][0xbd][0xef][0xbf][0xbd]A[0xef][0xbf][0xbd]f[0xef][0xbf][0xbd]Z[0xef][0xbf][0xbd]^o[0xef][0xbf][0xbd]Y[0xef][0xbf][0xbd][0x3][0xef][0xbf][0xbd][0x17]=[0xef][0xbf][0xbd]U[0xef][0xbf][0xbd][0x13]N[0xef][0xbf][0xbd]x[0xef][0xbf][0xbd]G_[0xef][0xbf][0xbd][0xef][0xbf][0xbd][0xef][0xbf][0xbd][0xef][0xbf][0xbd]/[0xef][0xbf][0xbd][0xef][0xbf][0xbd][0xef][0xbf][0xbd][0xef][0xbf][0xbd][0xcb][0xb8][0xef][0xbf][0xbd][0xf][0xef][0xbf][0xbd]<[0xef][0xbf][0xbd][0xef][0xbf][0xbd][0xef][0xbf][0xbd][0xf]>q[0x6](\[0xef][0xbf][0xbd]*NO[0xef][0xbf][0xbd]i[0xef][0xbf][0xbd][0xef][0xbf][0xbd]8/[0xef][0xbf][0xbd][0xef][0xbf][0xbd]R?8/[0xef][0xbf][0xbd]s[0xef][0xbf][0xbd]'T[0xef][0xbf][0xbd][0x1e][0xef][0xbf][0xbd][0xef][0xbf][0xbd][0xef][0xbf][0xbd]8|[0xef][0xbf][0xbd][0xdb][0xa7][0xef][0xbf][0xbd][0xef][0xbf][0xbd]S[0xeb][0xa6][0x8b][0xef][0xbf][0xbd]y:[0xef][0xbf][0xbd][0xef][0xbf][0xbd][0xef][0xbf][0xbd][0xef][0xbf][0xbd]{[0xef][0xbf][0xbd][0xef][0xbf][0xbd]Gxt[0x3][0xef][0xbf][0xbd][0xf][0xef][0xbf][0xbd],J[0xef][0xbf][0xbd]~[0xef][0xbf][0xbd]k[0xef][0xbf][0xbd][0xef][0xbf][0xbd]r-[0xef][0xbf][0xbd][0xce][0xa2][0xef][0xbf][0xbd]B~[0xef][0xbf][0xbd][0xef][0xbf][0xbd]j[0xef][0xbf][0xbd]r[0xef][0xbf][0xbd][0xef][0xbf][0xbd][0xef][0xbf][0xbd][0xef][0xbf][0xbd][0xef][0xbf][0xbd][0xef][0xbf][0xbd]0[0xcb][0x9e][0xd7][0x87][0x14][0x0],v[0xef][0xbf][0xbd][0xe3][0x8d][0xa4][0xef][0xbf][0xbd][0xef][0xbf][0xbd]q!3[0xef][0xbf][0xbd][0xef][0xbf][0xbd]8'0"[0xe]7[0xef][0xbf][0xbd][\n]"
07:56:30.848 [main] DEBUG org.apache.http.wire -  >> "[0xef][0xbf][0xbd]"[0xef][0xbf][0xbd]&$[0xef][0xbf][0xbd]"W[0xef][0xbf][0xbd][0xef][0xbf][0xbd][0xef][0xbf][0xbd][\r][0xef][0xbf][0xbd][0xef][0xbf][0xbd]9[\n]"
07:56:30.848 [main] DEBUG org.apache.http.wire -  >> "=[0xef][0xbf][0xbd][0xef][0xbf][0xbd]|[0xef][0xbf][0xbd][0x3][0xef][0xbf][0xbd][0xef][0xbf][0xbd][0xdd][0x8e][0xef][0xbf][0xbd][0x18][0xef][0xbf][0xbd]J Em:[0x1f][0xef][0xbf][0xbd][0xef][0xbf][0xbd]t[0x10]|k[0x4][0xef][0xbf][0xbd][0xef][0xbf][0xbd]y[0xef][0xbf][0xbd][0xef][0xbf][0xbd]B=[0xef][0xbf][0xbd]q[0xef][0xbf][0xbd][0xef][0xbf][0xbd][\n]"
07:56:30.848 [main] DEBUG org.apache.http.wire -  >> "[0xef][0xbf][0xbd]|[0xef][0xbf][0xbd][0x14][0xef][0xbf][0xbd][0xc]|M[0xef][0xbf][0xbd]0[0xef][0xbf][0xbd]%HP[0xef][0xbf][0xbd]z[0xef][0xbf][0xbd][0xef][0xbf][0xbd]Y@[0xef][0xbf][0xbd][0xef][0xbf][0xbd]n{[0x2]N[0xef][0xbf][0xbd]j[0x1b][0xef][0xbf][0xbd][0xef][0xbf][0xbd][0x1][^[0x12]>(.[0x3][0xef][0xbf][0xbd][0x4][0xef][0xbf][0xbd]l[0xef][0xbf][0xbd]$=d[0x3][0xef][0xbf][0xbd]#[0xef][0xbf][0xbd]i[0xef][0xbf][0xbd][0xef][0xbf][0xbd]$[0xef][0xbf][0xbd][0xef][0xbf][0xbd][0xef][0xbf][0xbd][0x10]S[0xef][0xbf][0xbd]{%[0xef][0xbf][0xbd][0xef][0xbf][0xbd][0xef][0xbf][0xbd][0xef][0xbf][0xbd][0xef][0xbf][0xbd]M[0x7]ZJk[0xef][0xbf][0xbd]F[0xef][0xbf][0xbd];[0xef][0xbf][0xbd][0xef][0xbf][0xbd][0xef][0xbf][0xbd][0xef][0xbf][0xbd][0xef][0xbf][0xbd]x[0xef][0xbf][0xbd][0xef][0xbf][0xbd]o[0xef][0xbf][0xbd][0xef][0xbf][0xbd][0xef][0xbf][0xbd][0x13]7[0xef][0xbf][0xbd][0xef][0xbf][0xbd]r[0x4][0xef][0xbf][0xbd][0xef][0xbf][0xbd][0x1f]?[0x13][0xef][0xbf][0xbd][0xef][0xbf][0xbd][0xef][0xbf][0xbd]K[0x18][0xef][0xbf][0xbd][0xef][0xbf][0xbd][0xef][0xbf][0xbd]i[0xef][0xbf][0xbd]<[0xef][0xbf][0xbd][0xef][0xbf][0xbd]7[0x3][0xef][0xbf][0xbd]xt[0xc2][0xa3][0xef][0xbf][0xbd][0xef][0xbf][0xbd]9[0x5][0xef][0xbf][0xbd]T[0xef][0xbf][0xbd][0xef][0xbf][0xbd][0x1f]<T[0xef][0xbf][0xbd][0xef][0xbf][0xbd]~[0xef][0xbf][0xbd]_}[0xe][0xef][0xbf][0xbd][0xef][0xbf][0xbd][0x16][0x1d]T[0xef][0xbf][0xbd]X[0xef][0xbf][0xbd]R[0xef][0xbf][0xbd][0xef][0xbf][0xbd][0xef][0xbf][0xbd][0x16][0xef][0xbf][0xbd][0xef][0xbf][0xbd][0xef][0xbf][0xbd]J[0xef][0xbf][0xbd]C[0xef][0xbf][0xbd]^[0xef][0xbf][0xbd][0xef][0xbf][0xbd]T[0xef][0xbf][0xbd][0xef][0xbf][0xbd][0x0]6[0xef][0xbf][0xbd]wR[0xef][0xbf][0xbd]{[0xef][0xbf][0xbd]g[0xef][0xbf][0xbd][0xef][0xbf][0xbd][0xef][0xbf][0xbd][0xef][0xbf][0xbd][0xef][0xbf][0xbd][0x0]b)[0xef][0xbf][0xbd][0x9]Z[0xef][0xbf][0xbd]l.`[0x3]y[0xef][0xbf][0xbd]X[0xef][0xbf][0xbd][0xef][0xbf][0xbd][0xd8][0x87])[0xe1][0xb1][0xb6][0xef][0xbf][0xbd]0[0xef][0xbf][0xbd]E[0xef][0xbf][0xbd][0xef][0xbf][0xbd][0xef][0xbf][0xbd][0xef][0xbf][0xbd][0xef][0xbf][0xbd])][0xe][0xef][0xbf][0xbd][\n]"
07:56:30.848 [main] DEBUG org.apache.http.wire -  >> "[0xef][0xbf][0xbd][0xef][0xbf][0xbd][0xef][0xbf][0xbd][0xef][0xbf][0xbd][0xef][0xbf][0xbd][0xef][0xbf][0xbd][0xef][0xbf][0xbd]<[0xef][0xbf][0xbd][0x1][0xef][0xbf][0xbd]t[0xef][0xbf][0xbd][0xef][0xbf][0xbd][0xef][0xbf][0xbd][0xef][0xbf][0xbd]`q3[0xef][0xbf][0xbd][0xef][0xbf][0xbd][0xef][0xbf][0xbd]c[0xc9][0xb4] [0xef][0xbf][0xbd][0x1]H[0xef][0xbf][0xbd][0xb]qP[0xef][0xbf][0xbd]C#:B.[0xef][0xbf][0xbd][0xef][0xbf][0xbd][0x1]9[0xef][0xbf][0xbd][0xef][0xbf][0xbd][0xef][0xbf][0xbd]1[0xef][0xbf][0xbd][0x0][0xef][0xbf][0xbd][0xef][0xbf][0xbd][0x9][0xf][0xef][0xbf][0xbd]I[0xef][0xbf][0xbd][0xef][0xbf][0xbd][0xc9][0x8f]i[0x1][0xef][0xbf][0xbd][0xef][0xbf][0xbd][0xef][0xbf][0xbd][0xef][0xbf][0xbd]s/I4i}[0xef][0xbf][0xbd][0xef][0xbf][0xbd]v[0xef][0xbf][0xbd][0xe][0xef][0xbf][0xbd]1[0xef][0xbf][0xbd]Fp[0xef][0xbf][0xbd]u[0xef][0xbf][0xbd][0xef][0xbf][0xbd][0xd1][0xa6]=[0xef][0xbf][0xbd][0xef][0xbf][0xbd][0xef][0xbf][0xbd][0xef][0xbf][0xbd]#[0xef][0xbf][0xbd]<[0x0][0xef][0xbf][0xbd]x[0xd3][0xab]\[0xef][0xbf][0xbd][0xcf][0xac]_ys[0x3][0xef][0xbf][0xbd]g[0xef][0xbf][0xbd]w[0xef][0xbf][0xbd][0xef][0xbf][0xbd]7[0xef][0xbf][0xbd][0xef][0xbf][0xbd]n7,[0xef][0xbf][0xbd][0xef][0xbf][0xbd][0xef][0xbf][0xbd][0x2]V[0x17][0xef][0xbf][0xbd][0xef][0xbf][0xbd][0xef][0xbf][0xbd][0xef][0xbf][0xbd][0xef][0xbf][0xbd]k[0xef][0xbf][0xbd][0xef][0xbf][0xbd][0xef][0xbf][0xbd][0xef][0xbf][0xbd][0x9][0xef][0xbf][0xbd]G[0xef][0xbf][0xbd][0x3][0x16][0x2][0xef][0xbf][0xbd][0x1f][0xef][0xbf][0xbd]y[0xd2][0xb3][0xef][0xbf][0xbd][0xef][0xbf][0xbd]![0xef][0xbf][0xbd][0xef][0xbf][0xbd]d[0x14][0x1a]AS[0x5]([0xef][0xbf][0xbd][0xef][0xbf][0xbd][0xef][0xbf][0xbd]3[0xef][0xbf][0xbd]/[0xef][0xbf][0xbd]7[0xef][0xbf][0xbd][0xc5][0xad][0xef][0xbf][0xbd]oE[0xef][0xbf][0xbd][0xe2][0x8f][0xbe][0xef][0xbf][0xbd]'/[0xef][0xbf][0xbd]9=[0xef][0xbf][0xbd]%[0xef][0xbf][0xbd]|/[0x16]7c[0x11][0xef][0xbf][0xbd]t2[0xef][0xbf][0xbd][0xef][0xbf][0xbd]%a[0xef][0xbf][0xbd][[0xef][0xbf][0xbd]k[0x7]F[0xef][0xbf][0xbd][0x0][0xc8][0x9b][0xef][0xbf][0xbd][0xef][0xbf][0xbd]6[0x3]1[0xef][0xbf][0xbd]g[0xef][0xbf][0xbd][0x9]q[0xef][0xbf][0xbd][0xef][0xbf][0xbd]1[0xef][0xbf][0xbd][0xef][0xbf][0xbd]PJ[0xef][0xbf][0xbd][0x16][0x17][0xef][0xbf][0xbd][0x1c][0xef][0xbf][0xbd][0xef][0xbf][0xbd][0xd0][0xaa][0xc7][0xa6]B[0xef][0xbf][0xbd]*St[0x16][0xef][0xbf][0xbd]M`[0xb][0xef][0xbf][0xbd]xv[0x8][0xef][0xbf][0xbd]G[0xef][0xbf][0xbd]j[0xef][0xbf][0xbd]^[0xef][0xbf][0xbd][0xc3][0x96][0x3][0xef][0xbf][0xbd]uS4[0xd4][0xb6][0xef][0xbf][0xbd]g[0xef][0xbf][0xbd][0x11][0xef][0xbf][0xbd]BO[0xef][0xbf][0xbd][0xef][0xbf][0xbd][0x8][0xef][0xbf][0xbd][0xd2][0xa6][0xef][0xbf][0xbd]*[0x1a]o[0xef][0xbf][0xbd]=[0xef][0xbf][0xbd]5[0xef][0xbf][0xbd][0x7];p[0xef][0xbf][0xbd][0xef][0xbf][0xbd][0x1b][0x7]l([0xef][0xbf][0xbd]%[0xcd][0x83][0xef][0xbf][0xbd]z[0xef][0xbf][0xbd]1[0xef][0xbf][0xbd][0xcb][0xa7][0xef][0xbf][0xbd]L[0xef][0xbf][0xbd]3[0xef][0xbf][0xbd][0xef][0xbf][0xbd]+[0x10][0xef][0xbf][0xbd][0xef][0xbf][0xbd][0xef][0xbf][0xbd][0xc4][0x9e]j<[0x4]PfB[0xef][0xbf][0xbd]?[0xef][0xbf][0xbd]pj[0x7];[0xef][0xbf][0xbd]q[0xd8][0xb9][0x8][0xef][0xbf][0xbd]0j[0xef][0xbf][0xbd][0xef][0xbf][0xbd]5[0xef][0xbf][0xbd]6^[0xef][0xbf][0xbd]J[0xef][0xbf][0xbd][0xef][0xbf][0xbd]3S[0x11][0xef][0xbf][0xbd][0xef][0xbf][0xbd][0x12]}]4x8[0xef][0xbf][0xbd]g[[0x1f][0xef][0xbf][0xbd][0xef][0xbf][0xbd][0xcc][0xbd]][0xef][0xbf][0xbd][0xef][0xbf][0xbd]\[0xef][0xbf][0xbd]b[\r][0x17][0xef][0xbf][0xbd][0xef][0xbf][0xbd][0xef][0xbf][0xbd][0xef][0xbf][0xbd][0xef][0xbf][0xbd][0xef][0xbf][0xbd][0xef][0xbf][0xbd][0xef][0xbf][0xbd]m[0xcf][0xbf][0xef][0xbf][0xbd][0xef][0xbf][0xbd][0xef][0xbf][0xbd][0xef][0xbf][0xbd]!n[0xef][0xbf][0xbd]])[0xef][0xbf][0xbd][0x3][0xef][0xbf][0xbd][0x1e][0xef][0xbf][0xbd][0xef][0xbf][0xbd][L[0xef][0xa0][0xbc][0xef][0xbf][0xbd][0x0][0xef][0xbf][0xbd]7c[0xef][0xbf][0xbd]@[0xef][0xbf][0xbd].[0x18]G[0xc]p[0xef][0xbf][0xbd]=Mul[0xcf][0x9c]~[0xef][0xbf][0xbd]a[0xef][0xbf][0xbd][0xef][0xbf][0xbd][0xef][0xbf][0xbd][0xca][0xb3][0xef][0xbf][0xbd][0xef][0xbf][0xbd][0xef][0xbf][0xbd][0xef][0xbf][0xbd][0x8][0xef][0xbf][0xbd][0xce][0x94][0xef][0xbf][0xbd][0x13][0xef][0xbf][0xbd]>e[0xef][0xbf][0xbd]v~A[0xef][0xbf][0xbd]Yf+E[0x8]U[0xef][0xbf][0xbd]_r3[0xef][0xbf][0xbd]c[0xef][0xbf][0xbd][0xef][0xbf][0xbd][0xef][0xbf][0xbd]LDY[0xef][0xbf][0xbd]h[0xf][0xef][0xbf][0xbd][0xef][0xbf][0xbd]J:[0xef][0xbf][0xbd][0xef][0xbf][0xbd][0x6][0xef][0xbf][0xbd]2L[0xef][0xbf][0xbd].[0x1c]l[0xef][0xbf][0xbd][0xef][0xbf][0xbd][0xef][0xbf][0xbd]3[0xef][0xbf][0xbd][0xef][0xbf][0xbd][0xef][0xbf][0xbd])[0xef][0xbf][0xbd][0x10][0xef][0xbf][0xbd][0xef][0xbf][0xbd][0xef][0xbf][0xbd])*[0xef][0xbf][0xbd].[0xef][0xbf][0xbd][0xef][0xbf][0xbd]3`[0xef][0xbf][0xbd]v[0xef][0xbf][0xbd][0x1a]Uf<L4[0xef][0xbf][0xbd][0xef][0xbf][0xbd]W!r[0xef][0xbf][0xbd][0x1e]=Y[0xef][0xbf][0xbd]Y[0xef][0xbf][0xbd][0xef][0xbf][0xbd]$p[0xef][0xbf][0xbd]9o:!|[0xef][0xbf][0xbd][0x4][0x16]O[0xc9][0x8a][0xef][0xbf][0xbd]P[0x9][0xef][0xbf][0xbd]G[0xef][0xbf][0xbd][[0xef][0xbf][0xbd][0xef][0xbf][0xbd][0xef][0xbf][0xbd][\r][0x16][0xf][0xef][0xbf][0xbd][0x1c][0xef][0xbf][0xbd][0xef][0xbf][0xbd][[0x1b][0x1]]U[0xef][0xbf][0xbd]Z[0xef][0xbf][0xbd])[0xef][0xbf][0xbd]A[0xef][0xbf][0xbd][0xef][0xbf][0xbd][0xef][0xbf][0xbd][0xef][0xbf][0xbd]~N[0xef][0xbf][0xbd]p[0xef][0xbf][0xbd]5qP%K[0xef][0xbf][0xbd]N[0xef][0xbf][0xbd]}[0xef][0xbf][0xbd][0xde][0xa6]K[0xef][0xbf][0xbd][0xef][0xbf][0xbd][0xef][0xbf][0xbd]\[[0xef][0xbf][0xbd]0u[0xef][0xbf][0xbd][0xef][0xbf][0xbd][0xef][0xbf][0xbd]qKq[0xef][0xbf][0xbd][0xef][0xbf][0xbd]a[0xef][0xbf][0xbd][0x9]r[0xef][0xbf][0xbd]![0xd0][0x84][0xef][0xbf][0xbd][0xf][0x1b][0xef][0xbf][0xbd]y[0xef][0xbf][0xbd][0xc7][0x98][0x1b][0xef][0xbf][0xbd]j[0xe][0xd2][0xb3]P[0xef][0xbf][0xbd][0xef][0xbf][0xbd]%[0xef][0xbf][0xbd][0xef][0xbf][0xbd]G[0xf][0x11][0xef][0xbf][0xbd][0xef][0xbf][0xbd][0xef][0xbf][0xbd][0xda][0x9b]o[0xef][0xbf][0xbd]nX[0xef][0xbf][0xbd]![0xef][0xbf][0xbd][0xef][0xbf][0xbd][0x9]Vw[0xef][0xbf][0xbd]7[0xef][0xbf][0xbd][0x4]^[0xef][0xbf][0xbd][0xef][0xbf][0xbd]9[0xe][0xef][0xbf][0xbd][0xef][0xbf][0xbd][0xef][0xbf][0xbd][0xd0][0x89][0xef][0xbf][0xbd][0xef][0xbf][0xbd];[0xb]~[0xef][0xbf][0xbd][0xef][0xbf][0xbd][0xef][0xbf][0xbd][0xef][0xbf][0xbd]6[0xef][0xbf][0xbd][0xef][0xbf][0xbd][0x1b][0xef][0xbf][0xbd][0xef][0xbf][0xbd]{>[0x18][0xcf][0x9c][0xef][0xbf][0xbd][0xef][0xbf][0xbd]_[0xef][0xbf][0xbd][0xe6][0x99][0xbd]?[0xc5][0x92]=N?#[\n]"
07:56:30.848 [main] DEBUG org.apache.http.wire -  >> "E[0x11][0xef][0xbf][0xbd]y[0xef][0xbf][0xbd][0xef][0xbf][0xbd]gy[0xef][0xbf][0xbd]y[[0xef][0xbf][0xbd][0xef][0xbf][0xbd])[0xe8][0xbc][0xad]\@[0xef][0xbf][0xbd][0xef][0xbf][0xbd]km[0xef][0xbf][0xbd][0xef][0xbf][0xbd][0xef][0xbf][0xbd][0x0]&g0/1[0xef][0xbf][0xbd]n[0xef][0xbf][0xbd][0xef][0xbf][0xbd]=[0xef][0xbf][0xbd][0xef][0xbf][0xbd][0xef][0xbf][0xbd]_[0xef][0xbf][0xbd][0xef][0xbf][0xbd]@[0xef][0xbf][0xbd]][0xef][0xbf][0xbd]A[0xef][0xbf][0xbd][0x13][0x15]e[0xef][0xbf][0xbd][0xef][0xbf][0xbd][0x12][0xef][0xbf][0xbd]([0xef][0xbf][0xbd]*[0xef][0xbf][0xbd][0xef][0xbf][0xbd]x[\r][0xef][0xbf][0xbd][0xef][0xbf][0xbd][0xef][0xbf][0xbd][0x4]Q[0xef][0xbf][0xbd]j/[0xef][0xbf][0xbd][0xef][0xbf][0xbd][0x1][0xef][0xbf][0xbd]L[0xef][0xbf][0xbd]j[0xef][0xbf][0xbd]Z[0xef][0xbf][0xbd][0xef][0xbf][0xbd][0x1c][0x18][0xda][0xb0][0xef][0xbf][0xbd][0xef][0xbf][0xbd][0xef][0xbf][0xbd]\[0xef][0xbf][0xbd]r[0x1b]t5yM[0xef][0xbf][0xbd]k[0x7][0xef][0xbf][0xbd]I[0xef][0xbf][0xbd][0xef][0xbf][0xbd][0xc8][0xb4]V=n[0xef][0xbf][0xbd]'[0x1c][0xef][0xbf][0xbd]n[0x1f][0xef][0xbf][0xbd][0xef][0xbf][0xbd][0xef][0xbf][0xbd][0xef][0xbf][0xbd][0x19]L[0xc][0xef][0xbf][0xbd]U[0xef][0xbf][0xbd][0x4][0xef][0xbf][0xbd][0xef][0xbf][0xbd]U[0xef][0xbf][0xbd]L[0xef][0xbf][0xbd][0xef][0xbf][0xbd]; [0xef][0xbf][0xbd]~[0x9][0xef][0xbf][0xbd]S[0xef][0xbf][0xbd][0xef][0xbf][0xbd][0xef][0xbf][0xbd]> [0xef][0xbf][0xbd]9[0xef][0xbf][0xbd][0x1]f[0xef][0xbf][0xbd][0xef][0xbf][0xbd]/[0xef][0xbf][0xbd][0xef][0xbf][0xbd][[0xef][0xbf][0xbd][0xef][0xbf][0xbd][0xef][0xbf][0xbd][0x12][0xef][0xbf][0xbd][0xef][0xbf][0xbd])/L[0xef][0xbf][0xbd]?[0xef][0xbf][0xbd]@[0xef][0xbf][0xbd][0xef][0xbf][0xbd]B%h[0xef][0xbf][0xbd]`H[0xef][0xbf][0xbd]1[0xef][0xbf][0xbd]5[0xe5][0x9e][0x85][0xef][0xbf][0xbd]k[0xef][0xbf][0xbd]!z[0x1f]3[0xef][0xbf][0xbd][0xcb][0x8c]_=C[0xef][0xbf][0xbd][0x17][0xef][0xbf][0xbd][0xef][0xbf][0xbd][0xef][0xbf]"
07:56:30.848 [main] DEBUG org.apache.http.wire -  >> "[0xbd][0xef][0xbf][0xbd][0xef][0xbf][0xbd][0xef][0xbf][0xbd][0xef][0xbf][0xbd][0xef][0xbf][0xbd][0xe3][0x87][0xb8][0xef][0xbf][0xbd][0xef][0xbf][0xbd][.Y[0xef][0xbf][0xbd][0xef][0xbf][0xbd][0xef][0xbf][0xbd][0xef][0xbf][0xbd][0x19][0xef][0xbf][0xbd][0xce][0x80][0xef][0xbf][0xbd][0xc][0xef][0xbf][0xbd][0xef][0xbf][0xbd][0xef][0xbf][0xbd][0xef][0xbf][0xbd]d[0x14]X[0x15][\r][0xef][0xbf][0xbd][0x1e][0xef][0xbf][0xbd][0xef][0xbf][0xbd]]e[0x7][0xef][0xbf][0xbd][0xef][0xbf][0xbd][0xef][0xbf][0xbd][0xe]`u\[0xef][0xbf][0xbd][0xef][0xbf][0xbd][0xd0][0x88][0xef][0xbf][0xbd][0x16][0xef][0xbf][0xbd][0xef][0xbf][0xbd]<[0xef][0xbf][0xbd][0xef][0xbf][0xbd][0xd9][0x93][0xef][0xbf][0xbd]:[0xef][0xbf][0xbd]j[0xef][0xbf][0xbd][0xef][0xbf][0xbd][0xb][0xef][0xbf][0xbd][0xce][0x9e][0xd9][0xbd][0xef][0xbf][0xbd][0xef][0xbf][0xbd][0xef][0xbf][0xbd]W[0x1e][0xef][0xbf][0xbd][0xef][0xbf][0xbd][[0x2][0xef][0xbf][0xbd]{][0x6][0xef][0xbf][0xbd][0xef][0xbf][0xbd]l[0xef][0xbf][0xbd]P[0xef][0xbf][0xbd][0xef][0xbf][0xbd][0xef][0xbf][0xbd]"[0xef][0xbf][0xbd]8[0x1d][0xef][0xbf][0xbd]&[0xef][0xbf][0xbd][0xef][0xbf][0xbd]h[0xef][0xbf][0xbd][0xef][0xbf][0xbd][0xef][0xbf][0xbd]X[0xef][0xbf][0xbd][0x19][0x1c][0xe9][0xa6][0x80]S{[0x2][0xef][0xbf][0xbd],[0xef][0xbf][0xbd][0xef][0xbf][0xbd]-[0x14][0xef][0xbf][0xbd][0x3]d[0xef][0xbf][0xbd]*[0xef][0xbf][0xbd][0xef][0xbf][0xbd]qM[0xef][0xbf][0xbd]N[0xef][0xbf][0xbd][0xef][0xbf][0xbd]Rz[0xef][0xbf][0xbd][0xef][0xbf][0xbd]q[0xc7][0xb1][0xef][0xbf][0xbd][0xef][0xbf][0xbd][0xef][0xbf][0xbd]f[0xef][0xbf][0xbd][0x6]IJ3[0xef][0xbf][0xbd][0x1e][0xef][0xbf][0xbd][0x2]C<[0xef][0xbf][0xbd][0x1e]S[0xef][0xbf][0xbd][0xe][0x1a]~sL[0xef][0xbf][0xbd][0x17]<[0xc7][0x83][0xef][0xbf][0xbd][0x1f][0xef][0xbf][0xbd][0xef][0xbf][0xbd]Q[0xef][0xbf][0xbd][0xef][0xbf][0xbd]/[0x14]f[0x11]X[0xef][0xbf][0xbd][0xef][0xbf][0xbd]`[0xc][0xef][0xbf][0xbd]O[0xef][0xbf][0xbd]&?[0xef][0xbf][0xbd][0xef][0xbf][0xbd]~[0xef][0xbf][0xbd].[0xef][0xbf][0xbd]v[0xef][0xbf][0xbd][0xef][0xbf][0xbd]QN[0xc3][0x9e][0xef][0xbf][0xbd]L[0x15][0xef][0xbf][0xbd][0x1c][0xef][0xbf][0xbd][\r][0xef][0xbf][0xbd][0x8]D[0xef][0xbf][0xbd][0xef][0xbf][0xbd]}z|[0xef][0xbf][0xbd]_[0x1a][0x1c][0xef][0xbf][0xbd]*[0xef][0xbf][0xbd][0xef][0xbf][0xbd]![0xef][0xbf][0xbd][0xef][0xbf][0xbd][\r][0xef][0xbf][0xbd] [0xef][0xbf][0xbd][[0xef][0xbf][0xbd][0xca][0x82][0xef][0xbf][0xbd]Un[0xcb][0x84]([0xef][0xbf][0xbd][0xef][0xbf][0xbd]x[0x3]J[0xef][0xbf][0xbd][0x10]([0xef][0xbf][0xbd][0xd3][0xb2][0xef][0xbf][0xbd]Q5[0xef][0xbf][0xbd]A[0xef][0xbf][0xbd][0xef][0xbf][0xbd]v[0xef][0xbf][0xbd]S[0xef][0xbf][0xbd])[0xef][0xbf][0xbd][0xef][0xbf][0xbd]~[0xef][0xbf][0xbd][0xef][0xbf][0xbd]!O.f([0xef][0xbf][0xbd][0xef][0xbf][0xbd]N[0xef][0xbf][0xbd][0x14][0xcb][0xaf][0xef][0xbf][0xbd][0xef][0xbf][0xbd][0xef][0xbf][0xbd][0xef][0xbf][0xbd][0x1b][0xef][0xbf][0xbd][0xef][0xbf][0xbd]u[0xef][0xbf][0xbd][0xde][0xa2]8`[0xef][0xbf][0xbd][0xef][0xbf][0xbd]~[0xef][0xbf][0xbd]N[0xef][0xbf][0xbd][0xef][0xbf][0xbd]R[0xef][0xbf][0xbd][0xef][0xbf][0xbd][0x7][0xef][0xbf][0xbd][0xef][0xbf][0xbd][0xef][0xbf][0xbd][0xef][0xbf][0xbd][0xef][0xbf][0xbd]7[0xef][0xbf][0xbd][0xef][0xbf][0xbd][0xef][0xbf][0xbd][0xef][0xbf][0xbd][0xef][0xbf][0xbd][0xef][0xbf][0xbd][0xef][0xbf][0xbd]l[0xd8][0xa9][0xef][0xbf][0xbd][0xef][0xbf][0xbd][0xef][0xbf][0xbd]_V[0x13][0xef][0xbf][0xbd][0x1f][0xef][0xbf][0xbd] [0xef][0xbf][0xbd][0xef][0xbf][0xbd][0x17]![0xef][0xbf][0xbd][0xc7][0xb4][0xef][0xbf][0xbd][0xef][0xbf][0xbd]1[0xef][0xbf][0xbd][0x4][0xef][0xbf][0xbd][0xef][0xbf][0xbd][0xef][0xbf][0xbd][~[0xef][0xbf][0xbd][0xc]f[0xef][0xbf][0xbd][0xef][0xbf][0xbd][0xef][0xbf][0xbd]{[[0x4]d[0xef][0xbf][0xbd]{[0x0][0xef][0xbf][0xbd]B4;[0x3][0xef][0xbf][0xbd]5[0xef][0xbf][0xbd][0x5]*[0xef][0xbf][0xbd][0xef][0xbf][0xbd][0xef][0xbf][0xbd][0xd8][0xbf][0xd3][0x92]b[0xef][0xbf][0xbd]gCs[0xef][0xbf][0xbd][0xef][0xbf][0xbd][0xef][0xbf][0xbd][0xef][0xbf][0xbd][0xef][0xbf][0xbd][0xef][0xbf][0xbd][0xef][0xbf][0xbd]6(p[\n]"
07:56:30.848 [main] DEBUG org.apache.http.wire -  >> "y[0x1f][0xef][0xbf][0xbd]g2[0x1a][\r]hOph[0xef][0xbf][0xbd][0xef][0xbf][0xbd][0xe6][0x9e][0xa5]e[0xef][0xbf][0xbd][0xef][0xbf][0xbd][0xef][0xbf][0xbd][0xef][0xbf][0xbd][0xef][0xbf][0xbd]?[0xef][0xbf][0xbd]Y[0xef][0xbf][0xbd]h[0xef][0xbf][0xbd][0xef][0xbf][0xbd]1yO[0x18][0xef][0xbf][0xbd][0xef][0xbf][0xbd][0xef][0xbf][0xbd][0xef][0xbf][0xbd]bQ[0xef][0xbf][0xbd][0xef][0xbf][0xbd]7I[0xef][0xbf][0xbd][\n]"
07:56:30.848 [main] DEBUG org.apache.http.wire -  >> "[0xef][0xbf][0xbd]NK[0xef][0xbf][0xbd][0x13]V,[0xef][0xbf][0xbd]![0xef][0xbf][0xbd][0xef][0xbf][0xbd][0xef][0xbf][0xbd][0xef][0xbf][0xbd]N[0xef][0xbf][0xbd]p[0xef][0xbf][0xbd][0xca][0xab]'[0xef][0xbf][0xbd][0xef][0xbf][0xbd][0x5]][0x19][0xef][0xbf][0xbd][0xef][0xbf][0xbd][0x1a][0xef][0xbf][0xbd][0xef][0xbf][0xbd][0xef][0xbf][0xbd][0xef][0xbf][0xbd]q_[0xd9][0xa6][0x0][0x1f][0xef][0xbf][0xbd][0xef][0xbf][0xbd][0xef][0xbf][0xbd][0xef][0xbf][0xbd][0x17]F8[0xef][0xbf][0xbd][0xef][0xbf][0xbd]-2[0xef][0xbf][0xbd]<[0xef][0xbf][0xbd][0xef][0xbf][0xbd][0x1d]KSF[0xde][0xa4][0xef][0xbf][0xbd][0xef][0xbf][0xbd]i[0x1][0xef][0xbf][0xbd][0xef][0xbf][0xbd][0xef][0xbf][0xbd]GVk[0xef][0xbf][0xbd][0xef][0xbf][0xbd]![0xef][0xbf][0xbd]i[0xef][0xbf][0xbd]-[0xef][0xbf][0xbd]Z [0xef][0xbf][0xbd][0xef][0xbf][0xbd][0xef][0xbf][0xbd]3[0xef][0xbf][0xbd]f[\r][0x9][0xef][0xbf][0xbd]#[0xef][0xbf][0xbd][0xef][0xbf][0xbd]'eX`<=[0xef][0xbf][0xbd]$eoq[0xef][0xbf][0xbd]E[0xef][0xbf][0xbd][0xef][0xbf][0xbd][0xef][0xbf][0xbd]vi[0xef][0xbf][0xbd][0xef][0xbf][0xbd]I[0xef][0xbf][0xbd][0xef][0xbf][0xbd][0xef][0xbf][0xbd][0xef][0xbf][0xbd] Y[\n]"
07:56:30.848 [main] DEBUG org.apache.http.wire -  >> "[0xef][0xbf][0xbd][0x1e][0xef][0xbf][0xbd]_>[0xef][0xbf][0xbd][0xef][0xbf][0xbd][0xef][0xbf][0xbd][0xef][0xbf][0xbd][0xef][0xbf][0xbd]}[0xef][0xbf][0xbd][0xef][0xbf][0xbd]-[0xef][0xbf][0xbd]:[0xef][0xbf][0xbd][0xef][0xbf][0xbd][0xf][0xef][0xbf][0xbd]\[0x0][0xef][0xbf][0xbd]O[0xef][0xbf][0xbd]}[0x6][0xef][0xbf][0xbd]o[0xef][0xbf][0xbd][0x1e][0xef][0xbf][0xbd][0xef][0xbf][0xbd]I[0xef][0xbf][0xbd][0x4][0xd6][0xb3][0xef][0xbf][0xbd][0xc6][0x83][0xef][0xbf][0xbd][0xd6][0x90]![0xef][0xbf][0xbd]Y<[0xef][0xbf][0xbd][0xde][0x88];[0xef][0xbf][0xbd][0xef][0xbf][0xbd][0xef][0xbf][0xbd][0xd7][0x96]_[0xef][0xbf][0xbd][0xef][0xbf][0xbd][0xef][0xbf][0xbd]{[$[0xef][0xbf][0xbd][0xef][0xbf][0xbd][0xef][0xbf][0xbd][0xef][0xbf][0xbd][0xef][0xbf][0xbd][0xef][0xbf][0xbd][0xef][0xbf][0xbd][0xef][0xbf][0xbd][0xef][0xbf][0xbd][0xef][0xbf][0xbd]i[0xef][0xbf][0xbd]r[0xef][0xbf][0xbd]/w[0xef][0xbf][0xbd][0xef][0xbf][0xbd][0xef][0xbf][0xbd]Z[0xec][0xaf][0xa5]![0xef][0xbf][0xbd]j[0xef][0xbf][0xbd][0xef][0xbf][0xbd]8j[0xe4][0x85][0x8a][0x4],c[0xef][0xbf][0xbd][0xef][0xbf][0xbd][0xef][0xbf][0xbd][0xef][0xbf][0xbd][0xef][0xbf][0xbd]zL[0xef][0xbf][0xbd][0xef][0xbf][0xbd]{i%X[0xef][0xbf][0xbd]e[0xef][0xbf][0xbd][0xc3][0x94][0xef][0xbf][0xbd]u?[0xef][0xbf][0xbd]n*F[0x2])[0xef][0xbf][0xbd]V[0xef][0xbf][0xbd][0xef][0xbf][0xbd]m[0xef][0xbf][0xbd]1[0x9][0x7][0xef][0xbf][0xbd][0xef][0xbf][0xbd][0x16]Y`[0xef][0xbf][0xbd]uRS.[0xef][0xbf][0xbd]?[0xef][0xbf][0xbd]9O[0xef][0xbf][0xbd]@[0xef][0xbf][0xbd]2[0xef][0xbf][0xbd][0xef][0xbf][0xbd][0xef][0xbf][0xbd]M[\r][0x1a][0xef][0xbf][0xbd]}[0xef][0xbf][0xbd][0x18]x[0xef][0xbf][0xbd][0xe]p[0xef][0xbf][0xbd][0xd6][0xb0][0xef][0xbf][0xbd][0xef][0xbf][0xbd][0xef][0xbf][0xbd][0xef][0xbf][0xbd][0xef][0xbf][0xbd]m[0x18][0xef][0xbf][0xbd][0xef][0xbf][0xbd][0x18]I[0xef][0xbf][0xbd]f[0xef][0xbf][0xbd][0x10][0xe3][0xba][0xbb]U[0xef][0xbf][0xbd][0xef][0xbf][0xbd]Y[0xef][0xbf][0xbd][0x6]f]S[0x6]F[0xef][0xbf][0xbd]H[0xef][0xbf][0xbd][0xef][0xbf][0xbd][0xef][0xbf][0xbd][0xef][0xbf][0xbd]k[0x17][0xef][0xbf][0xbd][0x10][\n]"
07:56:30.848 [main] DEBUG org.apache.http.wire -  >> "[0xef][0xbf][0xbd]2[0xef][0xbf][0xbd][0xef][0xbf][0xbd]d[0xef][0xbf][0xbd]lgbc[0xef][0xbf][0xbd][0xef][0xbf][0xbd][0x10][0x3]X[0xef][0xbf][0xbd]l[0xef][0xbf][0xbd]8U[0xef][0xbf][0xbd][0xef][0xbf][0xbd]i.[0xef][0xbf][0xbd][0xef][0xbf][0xbd][0xef][0xbf][0xbd][0xef][0xbf][0xbd])[0xef][0xbf][0xbd][0xef][0xbf][0xbd][0xef][0xbf][0xbd][0xef][0xbf][0xbd]O[0xef][0xbf][0xbd][0xef][0xbf][0xbd][0xef][0xbf][0xbd][0xef][0xbf][0xbd]_?o[0xef][0xbf][0xbd][0xef][0xbf][0xbd]x[0xef][0xbf][0xbd];[0xef][0xbf][0xbd][0xef][0xbf][0xbd]X{_o[0xef][0xbf][0xbd][0xef][0xbf][0xbd][0xef][0xbf][0xbd][0xef][0xbf][0xbd][0xef][0xbf][0xbd][0x1d][0xef][0xbf][0xbd][0xef][0xbf][0xbd][0xef][0xbf][0xbd]v[0x10]{[0xef][0xbf][0xbd][0xef][0xbf][0xbd]% [0xef][0xbf][0xbd]|[0xef][0xbf][0xbd][0x1d]K[0xef][0xbf][0xbd][0x1c][0xef][0xbf][0xbd]i[0xd5][0x91]1[0xef][0xbf][0xbd]W8[0xef][0xbf][0xbd][0xef][0xbf][0xbd][0x15][0xef][0xbf][0xbd][0xef][0xbf][0xbd][0xef][0xbf][0xbd][0xef][0xbf][0xbd][0xf]LV[0xef][0xbf][0xbd]zz[0xef][0xbf][0xbd][0xef][0xbf][0xbd]O[0xef][0xbf][0xbd][0xef][0xbf][0xbd][0xef][0xbf][0xbd][[0xef][0xbf][0xbd][0x1b][0xef][0xbf][0xbd][0xdf][0x83][0xef][0xbf][0xbd][0xb]zyXp}L[0xef][0xbf][0xbd]YR[0xef][0xbf][0xbd][0xef][0xbf][0xbd]n[0xef][0xbf][0xbd]peW_[0x1c][0xef][0xbf][0xbd]-[0xef][0xbf][0xbd][0xef][0xbf][0xbd][0x19][0xda][0xa2][0x5][0xef][0xbf][0xbd][0xef][0xbf][0xbd]G%[0xde][0x8a][0xef][0xbf][0xbd][0xd0][0xae][0xef][0xbf][0xbd][0xcf][0xbb][0x12]=(N][0xef][0xbf][0xbd][0xef][0xbf][0xbd][0x9][0xef][0xbf][0xbd][0x8]W[0xef][0xbf][0xbd][0xd1][0xa5]{7C[0xef][0xbf][0xbd]UEf[0x18]V[0x13][0xef][0xbf][0xbd][0xef][0xbf][0xbd]O[0x15]c[0xef][0xbf][0xbd][0x1a][0xc5][0x81]>[0xef][0xbf][0xbd][0xd9][0x8f]e~(WA[0xd9][0x87]3[0x0][0x19][0x3]:D[0x1d]_[0xef][0xbf][0xbd][0x2][0xef][0xbf][0xbd];[0xef][0xbf][0xbd]4R[0xef][0xbf][0xbd][0xef][0xbf][0xbd]2[0xef][0xbf][0xbd][0xef][0xbf][0xbd][0x1d][0xef][0xbf][0xbd]0[0x2][0x18][0x19][0x13]3jH[0xef][0xbf][0xbd][0xef][0xbf][0xbd]a[0xef][0xbf][0xbd][0xef][0xbf][0xbd][0xef][0xbf][0xbd][0xef][0xbf][0xbd][0xef][0xbf][0xbd]"[0xef][0xbf][0xbd]%Q[0x4][0xef][0xbf][0xbd]6[0xef][0xbf][0xbd][0xef][0xbf][0xbd][0xef][0xbf][0xbd]^[?[0xef][0xbf][0xbd][0xef][0xbf][0xbd][[0x1a][0x12][0xef][0xbf][0xbd][0xef][0xbf][0xbd]0Y[0xef][0xbf][0xbd]t8[0xef][0xbf][0xbd]`?/a[0xef][0xbf][0xbd]IX[0xef][0xbf][0xbd][0xc][0xef][0xbf][0xbd]g[0xef][0xbf][0xbd][0xef][0xbf][0xbd]][0x3][0xef][0xbf][0xbd][0xef][0xbf][0xbd]V[0x17][0xef][0xbf][0xbd]d[0x1f][0xef][0xbf][0xbd][0xef][0xbf][0xbd][0xef][0xbf][0xbd]![0xef][0xbf][0xbd][0xef][0xbf][0xbd][0xef][0xbf][0xbd][0xef][0xbf][0xbd][0xef][0xbf][0xbd]?z[0x1][0x1f][0xef][0xbf][0xbd][0xef][0xbf][0xbd]I[0x17]u[0xef][0xbf][0xbd][0xef][0xbf][0xbd][0xef][0xbf][0xbd][0xef][0xbf][0xbd]N[0xf][0xef][0xbf][0xbd][0x18][0xef][0xbf][0xbd][0x2][0xef][0xbf][0xbd]G[0xef][0xbf][0xbd][0xef][0xbf][0xbd][\n]"
07:56:30.848 [main] DEBUG org.apache.http.wire -  >> "[0xef][0xbf][0xbd][0xef][0xbf][0xbd]rY[0xef][0xbf][0xbd][0xd3][0x89][0xef][0xbf][0xbd][0xd9][0x93]y[0xef][0xbf][0xbd]D[0xef][0xbf][0xbd][0xef][0xbf][0xbd]X[0xef][0xbf][0xbd][0xef][0xbf][0xbd]a[0xef][0xbf][0xbd][0xef][0xbf][0xbd][0xef][0xbf][0xbd][0xef][0xbf][0xbd].[0xf][0xb]@[0xef][0xbf][0xbd][0xef][0xbf][0xbd][0xef][0xbf][0xbd][0xef][0xbf][0xbd][0xef][0xbf][0xbd][0xef][0xbf][0xbd]D[0xc4][0xb0] [0x0]?[0xef][0xbf][0xbd][0xef][0xbf][0xbd][\r][0xef][0xbf][0xbd][0xde][0x9b][0xef][0xbf][0xbd]S[0xef][0xbf][0xbd][0xef][0xbf][0xbd][0xef][0xbf][0xbd][0xef][0xbf][0xbd][0xef][0xbf][0xbd][0x17]J'[\r][0xef][0xbf][0xbd][0xef][0xbf][0xbd]v6[0xef][0xbf][0xbd][0xef][0xbf][0xbd][0xcd][0x90][0x16]R[0x4]^[0xef][0xbf][0xbd][0xef][0xbf][0xbd][0xef][0xbf][0xbd][0xef][0xbf][0xbd][0xc]Y[0xef][0xbf][0xbd][0xef][0xbf][0xbd]}[0xef][0xbf][0xbd]N[0xef][0xbf][0xbd][0x15][0xef][0xbf][0xbd][0xef][0xbf][0xbd][0xef][0xbf][0xbd]X[0xde][0x87][0xef][0xbf][0xbd]f[0xef][0xbf][0xbd]1[0xef][0xbf][0xbd][0xef][0xbf][0xbd]7[0xef][0xbf][0xbd][0xef][0xbf][0xbd]W[0xef][0xbf][0xbd][0xc5][0x95]b[0xef][0xbf][0xbd]r[0x2][0xeb][0xb8][0xb5][0xef][0xbf][0xbd]mw"[0x4]7ew^[0xef][0xbf][0xbd][0x10][0x11]W[0x4][0xef][0xbf][0xbd]6[0xef][0xbf][0xbd][0xef][0xbf][0xbd]c[0xb][0xef][0xbf][0xbd]u<[0xef][0xbf][0xbd][0xef][0xbf][0xbd]Mp[0xef][0xbf][0xbd][0xef][0xbf][0xbd].--Q.[0xef][0xbf][0xbd]tb2![0x1c][0xef][0xbf][0xbd]q[0xef][0xbf][0xbd][0x16]`[0xdb][0x9f][0xef][0xbf][0xbd][0xef][0xbf][0xbd][0xca][0xa9][0xef][0xbf][0xbd][0xef][0xbf][0xbd][0xef][0xbf][0xbd]1[0x1a][0x4][0xef][0xbf][0xbd]L[0xef][0xbf][0xbd]A[0xef][0xbf][0xbd]{[0xef][0xbf][0xbd]V[0xef][0xbf][0xbd][0xef][0xbf][0xbd]LE[0xef][0xbf][0xbd]f[0xef][0xbf][0xbd]5z[0x14]|[0x10]q[0x8][0xef][0xbf][0xbd][0xef][0xbf][0xbd]7EX,![0xef][0xbf][0xbd][[0x9][0xef][0xbf][0xbd][0xef][0xbf][0xbd]|[\r]x[0x6][0xef][0xbf][0xbd][0xb]t[0xef][0xbf][0xbd]sE[0xef][0xbf][0xbd][0xef][0xbf][0xbd],[0xef][0xbf][0xbd][0xef][0xbf][0xbd]Q[0xef][0xbf][0xbd][0xef][0xbf][0xbd][0xef][0xbf][0xbd][\r]&JF[0xef][0xbf][0xbd][0xef][0xbf][0xbd]0W[0xef][0xbf][0xbd][0xef][0xbf][0xbd][0xd7][0xb4][0xef][0xbf][0xbd][0xef][0xbf][0xbd][0xef][0xbf][0xbd]-[0xef][0xbf][0xbd]2[0xef][0xbf][0xbd][0xef][0xbf][0xbd]=[0xef][0xbf][0xbd][0x5][0xef][0xbf][0xbd][0xef][0xbf][0xbd]/[0xef][0xbf][0xbd][0xef][0xbf][0xbd][0x1f][0xf][0xef][0xbf][0xbd][0xef][0xbf][0xbd][0xef][0xbf][0xbd][0xef][0xbf][0xbd][0xef][0xbf][0xbd][0xef][0xbf][0xbd]O[0xef][0xbf][0xbd][0xef][0xbf][0xbd]B[0xef][0xbf][0xbd][0xef][0xbf][0xbd][0xef][0xbf][0xbd][0xef][0xbf][0xbd][0xef][0xbf][0xbd][0x4][0xef][0xbf][0xbd][0x1][0xc5][0xb0][0xef][0xbf][0xbd]i[0xef][0xbf][0xbd][0xef][0xbf][0xbd][0xd4][0x9f][0xef][0xbf][0xbd][0xef][0xbf][0xbd][0xef][0xbf][0xbd][0xef][0xbf][0xbd][0xef][0xbf][0xbd]]([0xef][0xbf][0xbd]h[0xef][0xbf][0xbd][0xef][0xbf][0xbd][0xef][0xbf][0xbd]q[0xef][0xbf][0xbd][0x18][0xef][0xbf][0xbd]/[0xef][0xbf][0xbd]*[0xef][0xbf][0xbd]k[0xef][0xbf][0xbd]$[0xef][0xbf][0xbd][0xef][0xbf][0xbd][0xef][0xbf][0xbd][0xef][0xbf][0xbd][0x17][0xef][0xbf][0xbd][0xef][0xbf][0xbd]nvo[0xef][0xbf][0xbd]g[0xdb][0xac]?[0x1a][0xef][0xbf][0xbd]?[0xef][0xbf][0xbd][0xef][0xbf][0xbd]>[0xef][0xbf][0xbd][0xef][0xbf][0xbd][0xef][0xbf][0xbd]?[0xef][0xbf][0xbd]4~[0xef][0xbf][0xbd]_{[0x5][0xef][0xbf][0xbd][0xef][0xbf][0xbd][0x1d][0xef][0xbf][0xbd]N[0xef][0xbf][0xbd][0xef][0xbf][0xbd][0xef][0xbf][0xbd][0x4][0x1e]m[0xef][0xbf][0xbd]4j[0xdc][0x95]L![0xef][0xbf][0xbd]J[0xef][0xbf][0xbd]2F[0xef][0xbf][0xbd][0xef][0xbf][0xbd]{[0xef][0xbf][0xbd]l[0xef][0xbf][0xbd]v[d[0x12][0xef][0xbf][0xbd][0xef][0xbf][0xbd][0xb][0xef][0xbf][0xbd][\n]"
07:56:30.849 [main] DEBUG org.apache.http.wire -  >> "t ux[0xef][0xbf][0xbd][0xef][0xbf][0xbd]GpP,[0xef][0xbf][0xbd][0xef][0xbf][0xbd][\n]"
07:56:30.849 [main] DEBUG org.apache.http.wire -  >> "[0xef][0xbf][0xbd][0xef][0xbf][0xbd][0xef][0xbf][0xbd][0xd5][0xa9][0xef][0xbf][0xbd]!([0x19]Az[0xc][0x18][0xb][0xef][0xbf][0xbd][0xef][0xbf][0xbd]&G[0xef][0xbf][0xbd][0xc][0xef][0xbf][0xbd]_[0xef][0xbf][0xbd][0xef][0xbf][0xbd][0xef][0xbf][0xbd][0x9][0xef][0xbf][0xbd][0x7]2:[0xef][0xbf][0xbd]%[0x14]t#V[0x10][0xef][0xbf][0xbd][\r]M[0xef][0xbf][0xbd].[0xef][0xbf][0xbd]\[0xd0][0x98][\r][0xef][0xbf][0xbd]K+o[0xef][0xbf][0xbd]<[0xef][0xbf][0xbd][0xef][0xbf][0xbd]P[0x16]W[0xef][0xbf][0xbd][0xef][0xbf][0xbd]~[0xef][0xbf][0xbd]m[0xef][0xbf][0xbd][0xef][0xbf][0xbd][0xef][0xbf][0xbd]_[0x7][0xef][0xbf][0xbd][0x1a][0x8][0x17][0xe]S[0xc]/[0xef][0xbf][0xbd][0xb]<su[0xef][0xbf][0xbd]A[0xef][0xbf][0xbd]#<+[0x12][0xef][0xbf][0xbd][0x11][0xef][0xbf][0xbd]>[0xef][0xbf][0xbd][0xef][0xbf][0xbd][0xef][0xbf][0xbd]C[0xef][0xbf][0xbd][0xef][0xbf][0xbd][0xc8][0xa9][0xef][0xbf][0xbd][0xef][0xbf][0xbd] [0xef][0xbf][0xbd][0xc4][0xae]z[0xef][0xbf][0xbd]zDc[0xef][0xbf][0xbd][0xef][0xbf][0xbd][0xef][0xbf][0xbd][0x18][0xef][0xbf][0xbd][0xef][0xbf][0xbd][0xef][0xbf][0xbd]t[0xef][0xbf][0xbd][\n]"
07:56:30.849 [main] DEBUG org.apache.http.wire -  >> "[0xef][0xbf][0xbd][0xef][0xbf][0xbd]O[0xef][0xbf][0xbd][0xef][0xbf][0xbd]=[0xef][0xbf][0xbd]q[0xd2][0x83][0xef][0xbf][0xbd][0x6][0xef][0xbf][0xbd][0xef][0xbf][0xbd][0x9][0xef][0xbf][0xbd][0x0]f1_[0xca][0xab]g[0xef][0xbf][0xbd][0xef][0xbf][0xbd][0xef][0xbf][0xbd][0xd7][0xbf]s[0xef][0xbf][0xbd]L[0x1f]~[0xef][0xbf][0xbd]#I[0x1f][0xef][0xbf][0xbd][0x1a]<[0xef][0xbf][0xbd];=u[0xef][0xbf][0xbd]2[0x5]S[0xef][0xbf][0xbd]<[0xef][0xbf][0xbd][0xef][0xbf][0xbd][0x2]`[0xef][0xbf][0xbd]<[0xef][0xbf][0xbd][0xef][0xbf][0xbd][0x5][0xef][0xbf][0xbd][0x1e]q3O[0xef][0xbf][0xbd][0xef][0xbf][0xbd][0x1c][0x7]([\n]"
07:56:30.849 [main] DEBUG org.apache.http.wire -  >> ""[0xf][0xef][0xbf][0xbd]C[0xef][0xbf][0xbd]TV[0x7][0xef][0xbf][0xbd][0xef][0xbf][0xbd][0xef][0xbf][0xbd]:[0x16]1[0xef][0xbf][0xbd][0xef][0xbf][0xbd][0xef][0xbf][0xbd][0xef][0xbf][0xbd]I[0xef][0xbf][0xbd][0xef][0xbf][0xbd]P[0xef][0xbf][0xbd]S[0xef][0xbf][0xbd][0xef][0xbf][0xbd][0xef][0xbf][0xbd][0xef][0xbf][0xbd][0xef][0xbf][0xbd][0x7][0xef][0xbf][0xbd]p[0xef][0xbf][0xbd][0xef][0xbf][0xbd]G70{W[0xef][0xbf][0xbd][0xe]d[0xef][0xbf][0xbd][0xef][0xbf][0xbd]3[0xef][0xbf][0xbd]}[0xef][0xbf][0xbd][0xef][0xbf][0xbd]8[0xef][0xbf][0xbd][0xef][0xbf][0xbd][0xef][0xbf][0xbd][0x5][0x6][0x10][0xef][0xbf][0xbd][0xef][0xbf][0xbd]~xz[0x7]H;z![0xef][0xbf][0xbd]V[0xef][0xbf][0xbd]#[0xef][0xbf][0xbd][0xef][0xbf][0xbd][0xef][0xbf][0xbd][0x18][0xef][0xbf][0xbd][0xde][0xbe][0xef][0xbf][0xbd]x[0xef][0xbf][0xbd][0xef][0xbf][0xbd]"P[0xef][0xbf][0xbd][0x1c][0xef][0xbf][0xbd][0xef][0xbf][0xbd]p[0xef][0xbf][0xbd][0xd2][0xa9]=7[0xef][0xbf][0xbd][0xef][0xbf][0xbd]Z1[0xef][0xbf][0xbd]P[0xef][0xbf][0xbd]$[0xef][0xbf][0xbd][0xef][0xbf][0xbd]NI[0xb],"[0x1d][0xef][0xbf][0xbd][0xef][0xbf][0xbd][0x1c][0xef][0xbf][0xbd]zR[0xef][0xbf][0xbd][0x1][0xef][0xbf][0xbd]\C[0xef][0xbf][0xbd]Q[0xef][0xbf][0xbd]N [0xef][0xbf][0xbd]u[0xef][0xbf][0xbd][0xef][0xbf][0xbd][0xef][0xbf][0xbd][0x15][0x8][0xef][0xbf][0xbd][0x14]*9[0xef][0xbf][0xbd][0xef][0xbf][0xbd] :[0xef][0xbf][0xbd][0xef][0xbf][0xbd][0xef][0xbf][0xbd][0x11],[0xef][0xbf][0xbd][0xef][0xbf][0xbd][0xef][0xbf][0xbd]L?[0x1f]_5G[0xef][0xbf][0xbd][0xef][0xbf][0xbd][0x13][0xef][0xbf][0xbd][0xd4][0x99]C[0x19][0xef][0xbf][0xbd]a"[0xef][0xbf][0xbd]1Q[0xef][0xbf][0xbd]a[0xef][0xbf][0xbd]T[0xef][0xbf][0xbd]M[0xef][0xbf][0xbd][0xef][0xbf][0xbd]XEY[0xef][0xbf][0xbd][0xef][0xbf][0xbd][0xef][0xbf][0xbd]^[0xb][0xef][0xbf][0xbd][0xef][0xbf][0xbd][0xef][0xbf][0xbd]2[0xef][0xbf][0xbd][0xce][0x8d][0xef][0xbf][0xbd][0xef][0xbf][0xbd]k[0x19][0xef][0xbf][0xbd][0x1c][0xef][0xbf][0xbd]LV[0xef][0xbf][0xbd][0xef][0xbf][0xbd][0xef][0xbf][0xbd]o[0xef][0xbf][0xbd]8[0xd5][0x87]&[0xef][0xbf][0xbd][0xef][0xbf][0xbd]A[0xef][0xbf][0xbd][0xef][0xbf][0xbd]xo[0xef][0xbf][0xbd]&[0xef][0xbf][0xbd][0xef][0xbf][0xbd][0xef][0xbf][0xbd]d[0xef][0xbf][0xbd][0xef][0xbf][0xbd]w_[0x9][0xef][0xbf][0xbd][0xef][0xbf][0xbd][0xef][0xbf][0xbd][0xef][0xbf][0xbd][0xef][0xbf][0xbd][0xef][0xbf][0xbd][0x17]_y[0xef][0xbf][0xbd][0xef][0xbf][0xbd][0xef][0xbf][0xbd][0x1][0xef][0xbf][0xbd][0xb]h[0xef][0xbf][0xbd][0xef][0xbf][0xbd]Q<y/NO[0xef][0xbf][0xbd]E[\r]>[0xef][0xbf][0xbd]^[0xef][0xbf][0xbd][0xef][0xbf][0xbd]*[0xef][0xbf][0xbd][0x7][0xef][0xbf][0xbd][0xda][0xa3]3[0xef][0xbf][0xbd]=[0xef][0xbf][0xbd]D[0xef][0xbf][0xbd]P[0xef][0xbf][0xbd][0xe][0xef][0xbf][0xbd]m[0xef][0xbf][0xbd][0xef][0xbf][0xbd][0x1][0x1d]?[0xef][0xbf][0xbd];UXj([0xef][0xbf][0xbd]![0xef][0xbf][0xbd][0xef][0xbf][0xbd]j[0xef][0xbf][0xbd][0xef][0xbf][0xbd]E[0xef][0xbf][0xbd][0xef][0xbf][0xbd]!u[0xef][0xbf][0xbd]^q[0x16][0xef][0xbf][0xbd]$[\n]"
07:56:30.849 [main] DEBUG org.apache.http.wire -  >> "[0x1c][0xca][0x83]S[0xef][0xbf][0xbd]~w[0xef][0xbf][0xbd][0xef][0xbf][0xbd][0xcb][0x9f][0xef][0xbf][0xbd][0xef][0xbf][0xbd][0xef][0xbf][0xbd][0xef][0xbf][0xbd][0xef][0xbf][0xbd][0xef][0xbf][0xbd].[0xef][0xbf][0xbd][0xef][0xbf][0xbd]Z[0xef][0xbf][0xbd]w[0xef][0xbf][0xbd][0x9]l[0xef][0xbf][0xbd][0xef][0xbf][0xbd]T[0x1d][0xef][0xbf][0xbd]8[0xef][0xbf][0xbd]$p[0xef][0xbf][0xbd][0xef][0xbf][0xbd][0xef][0xbf][0xbd][0x0][0xef][0xbf][0xbd][0xef][0xbf][0xbd][0xef][0xbf][0xbd][0xef][0xbf][0xbd][0xef][0xbf][0xbd][0xef][0xbf][0xbd]Q[0x11][0xef][0xbf][0xbd][0xef][0xbf][0xbd][0xef][0xbf][0xbd]aa[0xef][0xbf][0xbd][0xef][0xbf][0xbd][0xef][0xbf][0xbd][0xef][0xbf][0xbd][0xef][0xbf][0xbd]([0x13][0xef][0xbf][0xbd]J[0xef][0xbf][0xbd][0xdc][0xa0][0xef][0xbf][0xbd]b[0xef][0xbf][0xbd][0xef][0xbf][0xbd][0xef][0xbf][0xbd][0xef][0xbf][0xbd]v[0xef][0xbf][0xbd]G[0x1d]i:{k[0xef][0xbf][0xbd][0xef][0xbf][0xbd]BU[0x1f][0xef][0xbf][0xbd]r[0xef][0xbf][0xbd]t,[0xef][0xbf][0xbd][0x4]i[0xef][0xbf][0xbd]hfM[0xef][0xbf][0xbd][0xef][0xbf][0xbd]<1[0xef][0xbf][0xbd][0x1d][0x3][0xef][0xbf][0xbd]vK[0xef][0xbf][0xbd][0xef][0xbf][0xbd]u<[0x14]8[0xef][0xbf][0xbd][0xef][0xbf][0xbd][0xef][0xbf][0xbd][0xef][0xbf][0xbd][0xef][0xbf][0xbd][0xef][0xbf][0xbd],1[0x18][0xd7][0x95][0xef][0xbf][0xbd][0x1e][0xef][0xbf][0xbd][0xd7][0xa8]/[0xef][0xbf][0xbd]#!Dkw([0xef][0xbf][0xbd][0xef][0xbf][0xbd][0x13]HC`f[0xef][0xbf][0xbd][0x14]c[0xef][0xbf][0xbd]"[0xef][0xbf][0xbd]Z[0xef][0xbf][0xbd][0x9][0xef][0xbf][0xbd][0x12]V[0x1c][0xef][0xbf][0xbd]1>[0x1e][0xef][0xbf][0xbd][0xef][0xbf][0xbd]q[0x19][0xef][0xbf][0xbd]Y1[0xef][0xbf][0xbd]f[0xef][0xbf][0xbd]Cc*z[0xef][0xbf][0xbd]@#[0xef][0xbf][0xbd][0xef][0xbf][0xbd]FQ[0xc8][0x8b]C[0xc]]S2[0xef][0xbf][0xbd][0xef][0xbf][0xbd][0x19]([0x3][0xef][0xbf][0xbd][0xef][0xbf][0xbd][0xef][0xbf][0xbd][0xef][0xbf][0xbd]{[0xef][0xbf][0xbd][0xb][0xef][0xbf][0xbd]z[0xef][0xbf][0xbd]7[0xef][0xbf][0xbd][0xef][0xbf][0xbd][0xef][0xbf][0xbd][0xef][0xbf][0xbd][0xef][0xbf][0xbd][0xef]"
07:56:30.849 [main] DEBUG org.apache.http.wire -  >> "[0xbf][0xbd]?[0xef][0xbf][0xbd][0xef][0xbf][0xbd]=[0xef][0xbf][0xbd][0xef][0xbf][0xbd][0xef][0xbf][0xbd][0xef][0xbf][0xbd][0xef][0xbf][0xbd][0xef][0xbf][0xbd]8[0xef][0xbf][0xbd][0xef][0xbf][0xbd][0xef][0xbf][0xbd][0x1d][0xef][0xbf][0xbd][0xef][0xbf][0xbd][0xef][0xbf][0xbd][0xef][0xbf][0xbd][0x2]`[0xef][0xbf][0xbd][0x1d]m[0x17][0xde][0xa4][0xdc][0xb6][0xef][0xbf][0xbd][0xc6][0xb0][0xef][0xbf][0xbd][0xef][0xbf][0xbd][0xef][0xbf][0xbd][0xef][0xbf][0xbd]F[0x15][0xef][0xbf][0xbd][0xef][0xbf][0xbd][0xef][0xbf][0xbd]*[0xe7][0x96][0x8d][0xef][0xbf][0xbd][0xef][0xbf][0xbd]',[0xef][0xbf][0xbd]X[0xef][0xbf][0xbd]6)[0xd3][0xac][0xef][0xbf][0xbd]![0xef][0xbf][0xbd]m[0xef][0xbf][0xbd][0xef][0xbf][0xbd][0xef][0xbf][0xbd][0xef][0xbf][0xbd][0xef][0xbf][0xbd][0x1f][0xef][0xbf][0xbd][0xef][0xbf][0xbd]~[0xef][0xbf][0xbd][0x11][0xef][0xbf][0xbd]i[0xef][0xbf][0xbd][0xef][0xbf][0xbd];.[0x5]d[0xef][0xbf][0xbd][0xf]HOM[0xef][0xbf][0xbd][0xef][0xbf][0xbd]P[ [0xef][0xbf][0xbd][0xef][0xbf][0xbd][0xb][0xef][0xbf][0xbd]G%U[0xef][0xbf][0xbd]Rm[0xef][0xbf][0xbd][0x1c][0xef][0xbf][0xbd]][0xef][0xbf][0xbd][0xef][0xbf][0xbd][0xef][0xbf][0xbd]'[0xef][0xbf][0xbd][0xef][0xbf][0xbd]9[0xef][0xbf][0xbd][0xef][0xbf][0xbd]n[0x19]&M526[0xef][0xbf][0xbd][0x6]\5[0x1c][0xef][0xbf][0xbd][0xef][0xbf][0xbd]h[0xef][0xbf][0xbd][0xef][0xbf][0xbd]e[0xef][0xbf][0xbd]G[0xef][0xbf][0xbd][0xef][0xbf][0xbd][0xef][0xbf][0xbd]h?1^[0xef][0xbf][0xbd]-[[0xef][0xbf][0xbd]g[0xef][0xbf][0xbd]#5[0xc8][0x87][0x7][0x16][0xef][0xbf][0xbd]/[0x4]-[0xef][0xbf][0xbd]_<[0x14][0xef][0xbf][0xbd][0xef][0xbf][0xbd]z[0xef][0xbf][0xbd]t[0x7][0xef][0xbf][0xbd]&m[0xef][0xbf][0xbd][0xef][0xbf][0xbd]([0xdd][0xbb][0xef][0xbf][0xbd][0x5]C[0xef][0xbf][0xbd]c[0xef][0xbf][0xbd]`u$[0xe]I-[0xe6][0x89][0x90][0xef][0xbf][0xbd][0xef][0xbf][0xbd]D[0xef][0xbf][0xbd]f[0xef][0xbf][0xbd][0xef][0xbf][0xbd][0xef][0xbf][0xbd][0xef][0xbf][0xbd]7[0xef][0xbf][0xbd]R[0xef][0xbf][0xbd][0x11][0xef][0xbf][0xbd]^*N[0xef][0xbf][0xbd]8[0xef][0xbf][0xbd]5[0xef][0xbf][0xbd][0xef][0xbf][0xbd][0xef][0xbf][0xbd][0x9][0x2]33[0x14][0x1a][0xef][0xbf][0xbd][0xef][0xbf][0xbd][0xef][0xbf][0xbd]N[0xef][0xbf][0xbd][0xe][0xef][0xbf][0xbd][0xef][0xbf][0xbd]%t[\n]"
07:56:30.849 [main] DEBUG org.apache.http.wire -  >> "[0x13][0xef][0xbf][0xbd][0x18][0x4][0xef][0xbf][0xbd]J)[0x1a][0xef][0xbf][0xbd][0xef][0xbf][0xbd]l[0xef][0xbf][0xbd][0xef][0xbf][0xbd][0xef][0xbf][0xbd][0x13][0xef][0xbf][0xbd][0xf][\r][0xd9][0x92]"C[0xef][0xbf][0xbd][0x1e]tv,[0xef][0xbf][0xbd][0xef][0xbf][0xbd]6[0xef][0xbf][0xbd][0xef][0xbf][0xbd][0xef][0xbf][0xbd][0xcf][0xbe][0xef][0xbf][0xbd][0xef][0xbf][0xbd]~[0xef][0xbf][0xbd]![0x1e][0xd3][0xb2]?[0x4][0x17]x[0xef][0xbf][0xbd][0x12][0xef][0xbf][0xbd]:O[0xef][0xbf][0xbd][0xef][0xbf][0xbd][0xd4][0x9e][0xef][0xbf][0xbd]w[0x1f]u[0xef][0xbf][0xbd][0xef][0xbf][0xbd]S[0xef][0xbf][0xbd]g[0x0][0xef][0xbf][0xbd]xa[0xef][0xbf][0xbd][0xef][0xbf][0xbd]-cG1[0xef][0xbf][0xbd]-@)[0xef][0xbf][0xbd][0xef][0xbf][0xbd][0xef][0xbf][0xbd][0xef][0xbf][0xbd]I6PJ{[0xef][0xbf][0xbd][0xef][0xbf][0xbd][0xef][0xbf][0xbd][0x16][0xef][0xbf][0xbd]m[0xef][0xbf][0xbd]+[0xef][0xbf][0xbd][0x8][0xef][0xbf][0xbd][0xef][0xbf][0xbd][0xef][0xbf][0xbd]@[0xef][0xbf][0xbd]2[0xef][0xbf][0xbd][0xef][0xbf][0xbd][0x1f]xu[0x3][0xef][0xbf][0xbd][0xef][0xbf][0xbd][0xc4][0xa7][0xef][0xbf][0xbd][0xef][0xbf][0xbd][0xef][0xbf][0xbd][0x1f][0xef][0xbf][0xbd][0xef][0xbf][0xbd][0xef][0xbf][0xbd][0xef][0xbf][0xbd][0xef][0xbf][0xbd]|[0x16][0xef][0xbf][0xbd][0xef][0xbf][0xbd][\n]"
07:56:30.850 [main] DEBUG org.apache.http.wire -  >> "[0xef][0xbf][0xbd]#{B[0xef][0xbf][0xbd][0xef][0xbf][0xbd]^k[0xef][0xbf][0xbd][0xef][0xbf][0xbd]C1[0xef][0xbf][0xbd][0xef][0xbf][0xbd][0xef][0xbf][0xbd][0xef][0xbf][0xbd][0xef][0xbf][0xbd][0x4][0xef][0xbf][0xbd]2^[0xef][0xbf][0xbd][0xef][0xbf][0xbd][0x1c][0xef][0xbf][0xbd][0xef][0xbf][0xbd][0xef][0xbf][0xbd]U[0xef][0xbf][0xbd][0x14]|?@[0x1]m[0xef][0xbf][0xbd][0xef][0xbf][0xbd]6[0xef][0xbf][0xbd][0x6]4[0xef][0xbf][0xbd]@d[YW[0xe]j[0xd4][0x91]h-[0xef][0xbf][0xbd][0xef][0xbf][0xbd][0xef][0xbf][0xbd][0xef][0xbf][0xbd]l[0xdb][0x86][0x15];[0xef][0xbf][0xbd][0xef][0xbf][0xbd][0xef][0xbf][0xbd][0x1b][0xef][0xbf][0xbd]L[0x12][0xef][0xbf][0xbd][0xef][0xbf][0xbd][0xef][0xbf][0xbd]~+[0xef][0xbf][0xbd]y[0xef][0xbf][0xbd]f[0xef][0xbf][0xbd][0x1e]P[0xef][0xbf][0xbd]J[0xc][0xef][0xbf][0xbd][0xef][0xbf][0xbd]b[0xef][0xbf][0xbd]<a[0xef][0xbf][0xbd]*[0xef][0xbf][0xbd]=[0xef][0xbf][0xbd][0xef][0xbf][0xbd][0xef][0xbf][0xbd][0x7][0xef][0xbf][0xbd]z[0xef][0xbf][0xbd][0x9],1B[0xef][0xbf][0xbd][0x16][0xef][0xbf][0xbd][0xef][0xbf][0xbd][\r][0xef][0xbf][0xbd][0x1c]y[0x10]`tx[0xef][0xbf][0xbd][0xef][0xbf][0xbd][0xef][0xbf][0xbd]B[0xef][0xbf][0xbd][0x8][0xef][0xbf][0xbd]2[0xef][0xbf][0xbd]AK[0xef][0xbf][0xbd]Hn[0xef][0xbf][0xbd]Y[0x1e][0xef][0xbf][0xbd][0xef][0xbf][0xbd]_[0xef][0xbf][0xbd][0xef][0xbf][0xbd]F[0xef][0xbf][0xbd][0xc][0xef][0xbf][0xbd]6[0xf]4[0xef][0xbf][0xbd][0xef][0xbf][0xbd]n[0xef][0xbf][0xbd][0xef][0xbf][0xbd][0xef][0xbf][0xbd]X[0xef][0xbf][0xbd][0xef][0xbf][0xbd]g[0x8]0[0x5]N'[0xef][0xbf][0xbd][0xef][0xbf][0xbd]X338[0xef][0xbf][0xbd][0xef][0xbf][0xbd][0xef][0xbf][0xbd][0xef][0xbf][0xbd][0xef][0xbf][0xbd][0xe0][0xb1][0xb5][0xef][0xbf][0xbd][0xef][0xbf][0xbd][0xef][0xbf][0xbd][0xef][0xbf][0xbd][0x17][0xef][0xbf][0xbd][0xef][0xbf][0xbd][0xef][0xbf][0xbd]g^[0xef][0xbf][0xbd][0xef][0xbf][0xbd][0xef][0xbf][0xbd]w[0xef][0xbf][0xbd][0xef][0xbf][0xbd][0xc7][0xa8]\[0xef][0xbf][0xbd][0xef][0xbf][0xbd]{?[0xef][0xbf][0xbd][0xef][0xbf][0xbd][0xef][0xbf][0xbd]N[0xef][0xbf][0xbd][0xef][0xbf][0xbd]1[0x11]#[0xef][0xbf][0xbd][0x16][0xef][0xbf][0xbd][0xef][0xbf][0xbd]][0xef][0xbf][0xbd][0xef][0xbf][0xbd][0x0][0xef][0xbf][0xbd][0xef][0xbf][0xbd][0xef][0xbf][0xbd]&[0x4][0xef][0xbf][0xbd]N[0xef][0xbf][0xbd]s_[0xef][0xbf][0xbd]N[0xef][0xbf][0xbd][0xc3][0xbf][0x18]c[0xef][0xbf][0xbd],I[0xef][0xbf][0xbd]@h[0xef][0xbf][0xbd]JE[0xef][0xbf][0xbd]5[0xef][0xbf][0xbd][0xef][0xbf][0xbd][0xef][0xbf][0xbd]c[0xef][0xbf][0xbd]"[0xea][0x8d][0x98][0xef][0xbf][0xbd][0xc][0xef][0xbf][0xbd][0xef][0xbf][0xbd]X[\r][0xc5][0xb9][0xef][0xbf][0xbd]-(p[0xc]0#[0xef][0xbf][0xbd]RJ'[0xef][0xbf][0xbd][0xef][0xbf][0xbd][0xef][0xbf][0xbd]K[0xef][0xbf][0xbd][0xef][0xbf][0xbd][0xef][0xbf][0xbd][0xef][0xbf][0xbd][0x17]o[0xef][0xbf][0xbd]e|'e[0x17][0xef][0xbf][0xbd]O[0xef][0xbf][0xbd][0xef][0xbf][0xbd]+/[0xef][0xbf][0xbd][0xef][0xbf][0xbd]<[0x10][0x18][\r]O[0x13]cSX[0xef][0xbf][0xbd][0xef][0xbf][0xbd][0xef][0xbf][0xbd][0xef][0xbf][0xbd][0xef][0xbf][0xbd]^[0xef][0xbf][0xbd][0xef][0xbf][0xbd][0xef][0xbf][0xbd][0xef][0xbf][0xbd][0x1][0x3]y[0xef][0xbf][0xbd][0xef][0xbf][0xbd][0xef][0xbf][0xbd][0xef][0xbf][0xbd]][0xef][0xbf][0xbd][0xef][0xbf][0xbd][0xef][0xbf][0xbd][0xef][0xbf][0xbd][0xef][0xbf][0xbd]P[0x6][0x4][0xef][0xbf][0xbd]w(+[0xef][0xbf][0xbd][0xd2][0xae][0xdf][0xb9][0xef][0xbf][0xbd][0xef][0xbf][0xbd]6MI'/g>[0xef][0xbf][0xbd][0xef][0xbf][0xbd]N[0xef][0xbf][0xbd][0xef][0xbf][0xbd]t[0x8]m[0xde][0xa2][0xd4][0x96]G<1[0x3]p[0xef][0xbf][0xbd][0xd3][0xb2][0xef][0xbf][0xbd]~w[0xef][0xbf][0xbd]Or[0xef][0xbf][0xbd]U~D5yR[0xef][0xbf][0xbd][0xef][0xbf][0xbd][0x9][0xef][0xbf][0xbd][0xc5][0xad][0xef][0xbf][0xbd]S[0xf][0xef][0xbf][0xbd]m[0xef][0xbf][0xbd] U:[0xef][0xbf][0xbd]C[0xef][0xbf][0xbd][0xef][0xbf][0xbd]>[0xef][0xbf][0xbd][0xef][0xbf][0xbd][0x13][0xef][0xbf][0xbd]j[0xef][0xbf][0xbd]gq[0xd5][0x97]$[0x7][0x1c][0xef][0xbf][0xbd][\r][0xef][0xbf][0xbd][0xef][0xbf][0xbd]ea[0xef][0xbf][0xbd][0xef][0xbf][0xbd][0xef][0xbf][0xbd][0xef][0xbf][0xbd]V[0xef][0xbf][0xbd][\n]"
07:56:30.850 [main] DEBUG org.apache.http.wire -  >> "7[0xef][0xbf][0xbd][0xef][0xbf][0xbd]P:[0xef][0xbf][0xbd]Xo[0xc7][0xa0][0x17]n[0xef][0xbf][0xbd]g[0xef][0xbf][0xbd][0xef][0xbf][0xbd][0xef][0xbf][0xbd][0xef][0xbf][0xbd][0x18]K|[0xef][0xbf][0xbd][0xef][0xbf][0xbd]Zo[0xef][0xbf][0xbd]g[0xef][0xbf][0xbd]~[0xef][0xbf][0xbd][0xef][0xbf][0xbd][0xef][0xbf][0xbd]7[0xef][0xbf][0xbd]x[\r][0xef][0xbf][0xbd]M[0x2][0xef][0xbf][0xbd]%[0xef][0xbf][0xbd][0xef][0xbf][0xbd]([0xc2][0x8f]{[0xef][0xbf][0xbd][0x0][0xd8][0xb7][0xef][0xbf][0xbd][0xef][0xbf][0xbd]][0xef][0xbf][0xbd][0xef][0xbf][0xbd]7[0xef][0xbf][0xbd],[0xf][0xef][0xbf][0xbd][0xef][0xbf][0xbd]86Y[0xef][0xbf][0xbd]1[0xef][0xbf][0xbd]oY[0xef][0xbf][0xbd][0xef][0xbf][0xbd]u[0xef][0xbf][0xbd]'l[0xef][0xbf][0xbd][\r][0xef][0xbf][0xbd]>/V[0x2][0xef][0xbf][0xbd]r?[0x19][0xef][0xbf][0xbd][0xef][0xbf][0xbd][0xef][0xbf][0xbd]gh6[0xef][0xbf][0xbd]Q[0x7]|O[0xef][0xbf][0xbd]p:[0xef][0xbf][0xbd][0x1][0xb][0xef][0xbf][0xbd][0xef][0xbf][0xbd][0x14][0xef][0xbf][0xbd][0x1d][0xdd][0xb8][0xef][0xbf][0xbd]I+[0xef][0xbf][0xbd]t[0xef][0xbf][0xbd][0xef][0xbf][0xbd]S<}[0xef][0xbf][0xbd]a[0xef][0xbf][0xbd][0xef][0xbf][0xbd]/[\r]d_[0xef][0xbf][0xbd]Sd4S+[0xef][0xbf][0xbd][0xef][0xbf][0xbd][0xef][0xbf][0xbd][0x4][0xef][0xbf][0xbd]d[0xef][0xbf][0xbd]VH[0x7][0x10][0xef][0xbf][0xbd][0xef][0xbf][0xbd]6[0xef][0xbf][0xbd][0xdd][0xaa][0x10][0xef][0xbf][0xbd][0xef][0xbf][0xbd][0xcf][0xbf]l[0xef][0xbf][0xbd][0x17][0xd9][0x95]hm[0xef][0xbf][0xbd][0xef][0xbf][0xbd][0x19]FKb[0x1f][0xef][0xbf][0xbd][0xef][0xbf][0xbd]P^[0xef][0xbf][0xbd][0xef][0xbf][0xbd]9[0xef][0xbf][0xbd]87K[0xef][0xbf][0xbd]`[0xef][0xbf][0xbd]G&[0xef][0xbf][0xbd]fo[0xef][0xbf][0xbd][0xef][0xbf][0xbd]a[0xef][0xbf][0xbd][0xb]<[0xef][0xbf][0xbd][0xef][0xbf][0xbd]^[0xef][0xbf][0xbd][0xef][0xbf][0xbd]LPi[0x1][0xef][0xbf][0xbd][0xef][0xbf][0xbd][0xef][0xbf][0xbd][0xef][0xbf][0xbd]!S[0xda][0xbf]VM7[0xef][0xbf][0xbd][0xef][0xbf][0xbd]^[\r][0x7]"o[0xef][0xbf][0xbd][0xef][0xbf][0xbd][0xef][0xbf][0xbd][0xef][0xbf][0xbd]P[0xef][0xbf][0xbd][0xef][0xbf][0xbd]+a[0xef][0xbf][0xbd]5[0x1c]Hg[0xef][0xbf][0xbd][0xef][0xbf][0xbd]k[0xef][0xbf][0xbd][0xef][0xbf][0xbd][0xef][0xbf][0xbd][0xef][0xbf][0xbd]*[0xef][0xbf][0xbd][0xef][0xbf][0xbd]]k$[0xef][0xbf][0xbd][0x13][0xef][0xbf][0xbd]*[0xef][0xbf][0xbd]d5[0x10][0xef][0xbf][0xbd][0x0][0xef][0xbf][0xbd][0xef][0xbf][0xbd]#[0xef][0xbf][0xbd][0x16]c[0xef][0xbf][0xbd][0xef][0xbf][0xbd]X[0xef][0xbf][0xbd]V[0x7]8[0x18][0x16][0xef][0xbf][0xbd]{[0xf][0xef][0xbf][0xbd][0x14][0x10][0xef][0xbf][0xbd][0xef][0xbf][0xbd][0xef][0xbf][0xbd][0x18][0xef][0xbf][0xbd][0xef][0xbf][0xbd]?[0xef][0xbf][0xbd]a[0x7]0&d[0xef][0xbf][0xbd][0xef][0xbf][0xbd][0xef][0xbf][0xbd][0xef][0xbf][0xbd][0xef][0xbf][0xbd]y[0x2]O-[0xef][0xbf][0xbd][0xd6][0xad][0xef][0xbf][0xbd][0xef][0xbf][0xbd][0x0][0xef][0xbf][0xbd][0xef][0xbf][0xbd][0xef][0xbf][0xbd][0xef][0xbf][0xbd][0xef][0xbf][0xbd][0x17][0x0]C[0xef][0xbf][0xbd][0xef][0xbf][0xbd]h[0x10][0xef][0xbf][0xbd][0x10]?C[0xef][0xbf][0xbd])[0xc7][0x80][0x2][0xef][0xbf][0xbd]E[0xd0][0x9b]j[0xd0][0x89][0xef][0xbf][0xbd][0xef][0xbf][0xbd]0y[0x1e]C[0xef][0xbf][0xbd]m[0xef][0xbf][0xbd]Wes[0xd2][0xb4]=[0x5]<M[0xda][0xae][0xef][0xbf][0xbd][0xef][0xbf][0xbd]7[0xef][0xbf][0xbd]7H[0xef][0xbf][0xbd]V5}[0xef][0xbf][0xbd]f3[0xef][0xbf][0xbd][0xef][0xbf][0xbd][0xef][0xbf][0xbd][0xef][0xbf][0xbd]yy[0xef][0xbf][0xbd][0xef][0xbf][0xbd][0xdf][0xbd][0xef][0xbf][0xbd]c[0xef][0xbf][0xbd]C[0xef][0xbf][0xbd][0xef][0xbf][0xbd]o[0xef][0xbf][0xbd][0xef][0xbf][0xbd][0xef][0xbf][0xbd][0xef][0xbf][0xbd][0xef][0xbf][0xbd][0xc4][0xa5][0x18][0xef][0xbf][0xbd][0xef][0xbf][0xbd][0xef][0xbf][0xbd][0xef][0xbf][0xbd]Z[0xef][0xbf][0xbd][0x5][0xef][0xbf][0xbd][0xef][0xbf][0xbd]>[0xef][0xbf][0xbd][0xef][0xbf][0xbd][0xef][0xbf][0xbd]U][0xef][0xbf][0xbd][0xef][0xbf][0xbd][0xef][0xbf][0xbd][0xef][0xbf][0xbd][0xef][0xbf][0xbd][0xef][0xbf][0xbd][0xef][0xbf][0xbd][0xef][0xbf][0xbd][0x19]=[0xef][0xbf][0xbd]Q4[0xef][0xbf][0xbd]AJ[0xef][0xbf][0xbd][0xef][0xbf][0xbd][0xef][0xbf][0xbd][0x4]\[0xef][0xbf][0xbd][0x14][0xef][0xbf][0xbd][0xef][0xbf][0xbd][0x10][0xf]}[0xef][0xbf][0xbd][0xef][0xbf][0xbd][0xef][0xbf][0xbd]{[0xef][0xbf][0xbd]H[0xef][0xbf][0xbd]B[0xef][0xbf][0xbd][0x1][0xef][0xbf][0xbd]\A[0xef][0xbf][0xbd][0xe][0xef][0xbf][0xbd][0xef][0xbf][0xbd]lL[0xef][0xbf][0xbd][0xef][0xbf][0xbd][0xcf][0x86][0xef][0xbf][0xbd][0x18][0xef][0xbf][0xbd][0xca][0x92]S[0xef][0xbf][0xbd]d2[0xef][0xbf][0xbd][0xef][0xbf][0xbd]U[0xef][0xbf][0xbd]aM[0xef][0xbf][0xbd]Gc[0xef][0xbf][0xbd][0xef][0xbf][0xbd][0xb][0xef][0xbf][0xbd]u%Fs[0xef][0xbf][0xbd][0xef][0xbf][0xbd]u[0xd7][0x93][0xef][0xbf][0xbd]O[0xef][0xbf][0xbd]d[0xef][0xbf][0xbd][0x8][0x1][0xef][0xbf][0xbd][0xef][0xbf][0xbd][0xef][0xbf][0xbd]5[0x8]Rfy[0xef][0xbf][0xbd]8[0xc][0xef][0xbf][0xbd][0xef][0xbf][0xbd]m[0x1]'[0xef][0xbf][0xbd][0xef][0xbf][0xbd]xs[0xef][0xbf][0xbd]NW`[0xef][0xbf][0xbd][0xef][0xbf][0xbd][0xef][0xbf][0xbd][0xef][0xbf][0xbd][0xef][0xbf][0xbd][0xef][0xbf][0xbd]CL[0xef][0xbf][0xbd][0xef][0xbf][0xbd][[0xef][0xbf][0xbd]GM0+[0xef][0xbf][0xbd]ZDt[0xef][0xbf][0xbd]0[0x1][0xef][0xbf][0xbd][0xcd][0xab]gN[0xef][0xbf][0xbd]7[0xef][0xbf][0xbd][0xef][0xbf][0xbd]=[0xef][0xbf][0xbd]a[0x4]0[0xef][0xbf][0xbd][0x9][0xef][0xbf][0xbd][0xef][0xbf][0xbd][0xef][0xbf][0xbd][[0xef][0xbf][0xbd][0xef][0xbf][0xbd][0xef][0xbf][0xbd]v[0xef][0xbf][0xbd][0xef][0xbf][0xbd][0xef][0xbf][0xbd][0xef][0xbf][0xbd];x[0xef][0xbf][0xbd][0xef][0xbf][0xbd]6[0xef][0xbf][0xbd][0xef][0xbf][0xbd][0xef][0xbf][0xbd]w[0xef][0xbf][0xbd][0x12]F[0xef][0xbf][0xbd]![0xef][0xbf][0xbd][0xef][0xbf][0xbd]<0[0xef][0xbf][0xbd]D}n[0xef][0xbf][0xbd]V[0xef][0xbf][0xbd].B[0x1e][0xef][0xbf][0xbd][0xef][0xbf][0xbd][0x2][0xef][0xbf][0xbd]~L[0xef][0xbf][0xbd][0xef][0xbf][0xbd][0xef][0xbf][0xbd][0xef][0xbf][0xbd]C<[0x13][0xef][0xbf][0xbd][0x11][0xef][0xbf][0xbd][0xef][0xbf][0xbd][0x14])O0[0xef][0xbf][0xbd])[0xef][0xbf][0xbd][0xef][0xbf][0xbd][0xdc][0x82]c8[0xef][0xbf][0xbd][0xef][0xbf][0xbd]s#/o[0xef][0xbf][0xbd][0xef][0xbf][0xbd][0x7][0xef][0xbf][0xbd][0xef][0xbf][0xbd][0xef][0xbf][0xbd][0x1f][0xef][0xbf][0xbd][0xef][0xbf][0xbd][0xef][0xbf][0xbd][0xef][0xbf][0xbd]w[0xef][0xbf][0xbd][0xef][0xbf][0xbd][0x9]=[0xef][0xbf][0xbd]*[0xef][0xbf][0xbd],[0xef][0xbf][0xbd]FM[0xe5][0x96][0xb6][0x1][0x11]r[0xef][0xbf][0xbd]E[0xef][0xbf][0xbd][0xef][0xbf][0xbd][0xdf][0xba]4[0xef][0xbf][0xbd]nJ[0xef][0xbf][0xbd][0xef][0xbf][0xbd][0xef][0xbf][0xbd]=[0x14][0xef][0xbf][0xbd]S[0xef][0xbf][0xbd][0xef][0xbf][0xbd][0xef][0xbf][0xbd][0x2][0xef][0xbf][0xbd]+,11[0xef][0xbf][0xbd]j[0xef][0xbf][0xbd]#3[0xef][0xbf][0xbd][0xef][0xbf][0xbd]V[0xef][0xbf][0xbd]w[0xef][0xbf][0xbd][0xef][0xbf][0xbd]I[0x14]j[0xef][0xbf][0xbd][0x7][0xef][0xbf][0xbd]_[0x13][0x4]7[0xe][0xef][0xbf][0xbd][0xef][0xbf][0xbd][0x12][0x3][0xef][0xbf][0xbd][0x14]O[0xd3][0xa0])[0xef][0xbf][0xbd][0xef][0xbf][0xbd]~[0xef][0xbf][0xbd]h[0xef][0xbf][0xbd][0x5][0xef][0xbf][0xbd]RU[0xef][0xbf][0xbd][0xef][0xbf][0xbd]p[0xef][0xbf][0xbd]D[0xef][0xbf][0xbd]![0xef][0xbf][0xbd][0xef][0xbf][0xbd]r!E8[0x10][0xef][0xbf][0xbd][0xef][0xbf][0xbd][0x13]8[0x6]A[0xef][0xbf][0xbd]H[0x8][0xef][0xbf][0xbd]YY[0x7][0xce][0xad][0xef][0xbf][0xbd][0xef][0xbf][0xbd][0x17][\r]<[0xef][0xbf][0xbd]X[0xef][0xbf][0xbd][0x18][0x17]lJ6[0xef][0xbf][0xbd][0x1e][0xef][0xbf][0xbd][0xef][0xbf][0xbd][0xef][0xbf][0xbd]=-[0xef][0xbf][0xbd][0xef][0xbf][0xbd][0x16][0xef][0xbf][0xbd][0xef][0xbf][0xbd][0x1][0xef][0xbf][0xbd]h[0xef][0xbf][0xbd][0xef][0xbf][0xbd][0xef][0xbf][0xbd][0xef][0xbf][0xbd][0xef][0xbf][0xbd][0xef][0xbf][0xbd][0xef][0xbf][0xbd][0xef][0xbf][0xbd][0x0][0xef][0xbf][0xbd]7[0x1c]@[0xef][0xbf][0xbd][0xef][0xbf][0xbd]:[0xef][0xbf][0xbd][0xef][0xbf][0xbd]U[0xef][0xbf][0xbd]MP[0xb][0xef][0xbf][0xbd]{`[0xef][0xbf][0xbd][0xcf][0xbf][0xef][0xbf][0xbd][0xcd][0x8b][0x7][0xef][0xbf][0xbd][0xef][0xbf][0xbd][0xf][\r][0xef][0xbf][0xbd]yR[0xef][0xbf][0xbd]Y[0x4]?[0xef][0xbf][0xbd]h[0xef][0xbf][0xbd][0xc2][0x80][0xef][0xbf][0xbd]V[0xef][0xbf][0xbd].[0xef][0xbf][0xbd]~[0xef][0xbf][0xbd]M[0xef][0xbf][0xbd][0xef][0xbf][0xbd]/[0xef][0xbf][0xbd][0xef][0xbf][0xbd][0xef][0xbf][0xbd]G[0xef][0xbf][0xbd]wx8[0xef][0xbf][0xbd]'3x[0xef][0xbf][0xbd]G[0xef][0xbf][0xbd][0xef][0xbf][0xbd][0xc3][0xb7]&[0x12][0xef][0xbf][0xbd][0x1c][0xef][0xbf][0xbd][0xef][0xbf][0xbd][0xc][0xdc][0x80][0xd5][0x83][0x3]`w[0xef][0xbf][0xbd][0xef][0xbf][0xbd]Q[0xef][0xbf][0xbd]R[0xef][0xbf][0xbd]U_t[0xef][0xbf][0xbd][0x1e][0xb][0xef][0xbf][0xbd]M[0xef][0xbf][0xbd]G[0xef][0xbf][0xbd][0xef][0xbf][0xbd][0xef][0xbf][0xbd][0xef][0xbf][0xbd][0xef][0xbf][0xbd][0xef][0xbf][0xbd][0xef][0xbf][0xbd]}[0xef][0xbf][0xbd][0xef][0xbf][0xbd][0xef][0xbf][0xbd])oi[0xef][0xbf][0xbd]?L[0xef][0xbf][0xbd][0xef][0xbf][0xbd][0xef][0xbf][0xbd][0xef][0xbf][0xbd][0xef][0xbf][0xbd][0x19]J\[0x1d]%[0xef][0xbf][0xbd][0xd1][0x92]a[0xef][0xbf][0xbd]z)[0xef][0xbf][0xbd].[0x2][0xef][0xbf][0xbd]Eg]Z[0xef][0xbf][0xbd]f[0xef][0xbf][0xbd]ti%K[0xdc][0xa3]E[0x1f]b[0xef][0xbf][0xbd][0xef][0xbf][0xbd][0xef][0xbf][0xbd]WL[0xef][0xbf][0xbd][0x0][0xef][0xbf][0xbd][0xef][0xbf][0xbd]H[0x0][0xef][0xbf][0xbd]x[0xef][0xbf][0xbd][0xef][0xbf][0xbd][0xef][0xbf][0xbd][0xef][0xbf][0xbd][0xef][0xbf][0xbd][0x1e]Z[0xef][0xbf][0xbd]Spr[0xef][0xbf][0xbd]4g[0xe]=[\n]"
07:56:30.850 [main] DEBUG org.apache.http.wire -  >> "[0xd2][0x87][0xef][0xbf][0xbd][0xef][0xbf][0xbd][0xef][0xbf][0xbd]i[0xef][0xbf][0xbd]lR[0xef][0xbf][0xbd]z[0xef][0xbf][0xbd][0xef][0xbf][0xbd]t[0xef][0xbf][0xbd][0xef][0xbf][0xbd]G[0x10][0xef][0xbf][0xbd]w[0xef][0xbf][0xbd]$[0xef][0xbf][0xbd][0xef][0xbf][0xbd][0x1f][0xef][0xbf][0xbd]I[0xef][0xbf][0xbd][0xef][0xbf][0xbd][0xef][0xbf][0xbd][0xef][0xbf][0xbd];{2[0xef][0xbf][0xbd]([0xef][0xbf][0xbd][0xef][0xbf][0xbd]$[0xef][0xbf][0xbd]![0xf][0xef][0xbf][0xbd][0xef][0xbf][0xbd]C [0xef][0xbf][0xbd][0xf][0xef][0xbf][0xbd][0x4][0xef][0xbf][0xbd]PP[[0xef][0xbf][0xbd][0xef][0xbf][0xbd][0x11][0xef][0xbf][0xbd]<[0xef][0xbf][0xbd][0xef][0xbf][0xbd][0xef][0xbf][0xbd][0xef][0xbf][0xbd]99U[0xef][0xbf][0xbd][0xef][0xbf][0xbd][0x14]L[0xef][0xbf][0xbd][0xb][0xef][0xbf][0xbd]2[\r]d[0xef][0xbf][0xbd]G|[0x1][0xef][0xbf][0xbd][0xef][0xbf][0xbd][0xef][0xbf][0xbd][0xef][0xbf][0xbd][0xef][0xbf][0xbd][0xef][0xbf][0xbd]"[0xef][0xbf][0xbd][0xef][0xbf][0xbd]Fzf{[0xef][0xbf][0xbd][0xc2][0x9d][0xef][0xbf][0xbd]][0xe][0xef][0xbf][0xbd]s[0x1f][0xef][0xbf][0xbd]n[0xef][0xbf][0xbd][0xef][0xbf][0xbd]z[0xef][0xbf][0xbd][0xef][0xbf][0xbd][0xef][0xbf][0xbd][0xef][0xbf][0xbd][0xef][0xbf][0xbd][0xef][0xbf][0xbd][0xef][0xbf][0xbd][0xef][0xbf][0xbd][0x11][0xef][0xbf][0xbd][0xef][0xbf][0xbd][0x13][0xef][0xbf][0xbd]>[0xef][0xbf][0xbd][0xc4][0xb7][0x12][0xef][0xbf][0xbd][0xef][0xbf][0xbd]6[0xef][0xbf][0xbd][0x5][0xef][0xbf][0xbd][0xef][0xbf][0xbd][0xef][0xbf][0xbd][0xef][0xbf][0xbd]o[0xef][0xbf][0xbd];[0xef][0xbf][0xbd]~[0xef][0xbf][0xbd][0xef][0xbf][0xbd][0xef][0xbf][0xbd]q?U[0x1d][0xef][0xbf][0xbd][0xef][0xbf][0xbd]}3[0xef][0xbf][0xbd]#[0xef][0xbf][0xbd][0xef][0xbf][0xbd]o[0xef][0xbf][0xbd][0xef][0xbf][0xbd][0xef][0xbf][0xbd]g3Bfg[0xca][0x94]H[0xef][0xbf][0xbd]s[i[0xef][0xbf][0xbd]is'[0xef][0xbf][0xbd]/[0xc4][0xb2][0x1f][0xef][0xbf][0xbd][0xef][0xbf][0xbd][w[0xef][0xbf][0xbd][0xef][0xbf][0xbd]1[0xef][0xbf][0xbd]O8u.[0xef][0xbf][0xbd][0xef][0xbf][0xbd][0xef][0xbf][0xbd]?[0xef][0xbf][0xbd][0xef][0xbf][0xbd]i[0xc][0x5]s[0xef][0xbf][0xbd][0xef][0xbf][0xbd][0xef][0xbf][0xbd]{?[0xef][0xbf][0xbd]c[0xef][0xbf][0xbd][0xef][0xbf][0xbd][0x8]x[0x1a][0xef][0xbf][0xbd][0xef][0xbf][0xbd][0xef][0xbf][0xbd][0xef][0xbf][0xbd]S[0xef][0xbf][0xbd][0xef][0xbf][0xbd][0xef][0xbf][0xbd][0xcf][0x9c][0xef][0xbf][0xbd][0xef][0xbf][0xbd]h[0xef][0xbf][0xbd][0xef][0xbf][0xbd][S[0xef][0xbf][0xbd]%.$[0xf]*W[\n]"
07:56:30.850 [main] DEBUG org.apache.http.wire -  >> "[0xef][0xbf][0xbd]n|[0xef][0xbf][0xbd]P0h[0x4][0xef][0xbf][0xbd]9[0xef][0xbf][0xbd][0xc3][0xb4]Xd[0xef][0xbf][0xbd][0xef][0xbf][0xbd][0xef][0xbf][0xbd]g[0xef][0xbf][0xbd]]p3[0x8]dD[0x11]v[0xef][0xbf][0xbd]v[0xef][0xbf][0xbd][0xef][0xbf][0xbd][0xef][0xbf][0xbd]d[0xef][0xbf][0xbd][0x5][0xc2][0x91][0xef][0xbf][0xbd] ny[0xef][0xbf][0xbd]A[0xef][0xbf][0xbd]MEo[0xef][0xbf][0xbd]f[\r]S[0xef][0xbf][0xbd][0x15][0xef][0xbf][0xbd]<[0xef][0xbf][0xbd]@[0x15][0xef][0xbf][0xbd][0xef][0xbf][0xbd][0x1c][0xef][0xbf][0xbd]t[0xef][0xbf][0xbd][0x1b][0xef][0xbf][0xbd][0xef][0xbf][0xbd] [0x0][0xef][0xbf][0xbd]A[0xef][0xbf][0xbd]no[0xe2][0x86][0xa0]Z[0x17][0xef][0xbf][0xbd]"[0xef][0xbf][0xbd][0x18][0x14]u[0xef][0xbf][0xbd][0xb][0xd0][0x9a][0xef][0xbf][0xbd][0xef][0xbf][0xbd][0xef][0xbf][0xbd][0x1e]cQP[0xef][0xbf][0xbd]a[0xef][0xbf][0xbd][0xef][0xbf][0xbd][0x0]=[0x1a]<e[0xef][0xbf][0xbd][0x1c]@[0xef][0xbf][0xbd](c[0x1d][0xef][0xbf][0xbd][0xef][0xbf][0xbd]\[0x1b][0xef][0xbf][0xbd]Q2[0xef][0xbf][0xbd]B[0x9][0xef][0xbf][0xbd][0xef][0xbf][0xbd][0xe][0xef][0xbf][0xbd]d[0xef][0xbf][0xbd]e[0xef][0xbf][0xbd][0xef][0xbf][0xbd][0xef][0xbf][0xbd]a;[0x5][0xef][0xbf][0xbd]@[0xef][0xbf][0xbd][0x14][0x15][0xef][0xbf][0xbd][0xef][0xbf][0xbd][0xef][0xbf][0xbd][0x1f][0xef][0xbf][0xbd][0x14][0xef][0xbf][0xbd][0xef][0xbf][0xbd].[0xef][0xbf][0xbd][0xef][0xbf][0xbd][0x1][0xef][0xbf][0xbd][0xef][0xbf][0xbd][0xef][0xbf][0xbd]?{`[0xef][0xbf][0xbd]<[0xef][0xbf][0xbd][0xef][0xbf][0xbd][0x1][0xef][0xbf][0xbd]~[0xef][0xbf][0xbd][0xd6][0x8f][0xef][0xbf]"
07:56:30.896 [main] DEBUG org.apache.http.wire -  >> "[0xbd][0xef][0xbf][0xbd]<[0xef][0xbf][0xbd][0xef][0xbf][0xbd]Q[\n]"
07:56:30.896 [main] DEBUG org.apache.http.wire -  >> "[0xef][0xbf][0xbd][0xef][0xbf][0xbd]U[0xef][0xbf][0xbd][0xef][0xbf][0xbd][0xef][0xbf][0xbd][0x5][0xef][0xbf][0xbd][0xef][0xbf][0xbd][0xef][0xbf][0xbd][0x1][0xef][0xbf][0xbd]R[0xef][0xbf][0xbd][0xef][0xbf][0xbd]L[0xe9][0xa3][0xab][0xef][0xbf][0xbd][0xc]([0xda][0x88][0xef][0xbf][0xbd](2[0xef][0xbf][0xbd][0xef][0xbf][0xbd][0xef][0xbf][0xbd][0xef][0xbf][0xbd][0xef][0xbf][0xbd][0xef][0xbf][0xbd]7[0xef][0xbf][0xbd][0xef][0xbf][0xbd][0xef][0xbf][0xbd] [0xef][0xbf][0xbd][0xef][0xbf][0xbd]3[0xef][0xbf][0xbd]IRG[0xef][0xbf][0xbd]X9[0xef][0xbf][0xbd][0x3][0xef][0xbf][0xbd]5hc[0xef][0xbf][0xbd][0xef][0xbf][0xbd][0xf]:[0xef][0xbf][0xbd][0xef][0xbf][0xbd][0xef][0xbf][0xbd]$1[0xe7][0xbb][0xae]Y[0xef][0xbf][0xbd][0xef][0xbf][0xbd]u[0xef][0xbf][0xbd][0xef][0xbf][0xbd][0xef][0xbf][0xbd]U[0xef][0xbf][0xbd]%[0xef][0xbf][0xbd][0xef][0xbf][0xbd][0xef][0xbf][0xbd]9}[0xe9][0x9f][0xbd]r[0xef][0xbf][0xbd]d|[0xef][0xbf][0xbd][0xef][0xbf][0xbd][0xef][0xbf][0xbd][0xef][0xbf][0xbd][0xef][0xbf][0xbd]y[0xef][0xbf][0xbd][0xef][0xbf][0xbd]A[0xef][0xbf][0xbd]"[0xef][0xbf][0xbd][0xef][0xbf][0xbd].o6[0xef][0xbf][0xbd][0xef][0xbf][0xbd]][0xef][0xbf][0xbd]O[0x0]q[0xc5][0x8c][0xef][0xbf][0xbd][0xef][0xbf][0xbd]c[0xef][0xbf][0xbd]4[0xcf][0x8b]Y[0x19]`L[0x16]X[0xef][0xbf][0xbd]8[0xef][0xbf][0xbd][0xef][0xbf][0xbd]R@4a[0xef][0xbf][0xbd][0xef][0xbf][0xbd][0xef][0xbf][0xbd]76[0xef][0xbf][0xbd]9%[0xef][0xbf][0xbd]d[0xe7][0xb5][0x82][0xf][0xef][0xbf][0xbd][0x12][0xef][0xbf][0xbd]V[0xef][0xbf][0xbd]`[0xef][0xbf][0xbd]}#%[0x19][0xef][0xbf][0xbd]<[0xef][0xbf][0xbd][0xef][0xbf][0xbd]\[\n]"
07:56:30.897 [main] DEBUG org.apache.http.wire -  >> "[0x1b]0p[0xef][0xbf][0xbd]9[0x10] [0xef][0xbf][0xbd]xi0[0x17][0xef][0xbf][0xbd][0xd1][0xa1][0x1a][0xef][0xbf][0xbd]m[0xef][0xbf][0xbd][0xef][0xbf][0xbd]C[0xef][0xbf][0xbd][0xef][0xbf][0xbd]M[0xcf][0x86]7t[0xef][0xbf][0xbd][0xef][0xbf][0xbd][0x18]8[0xef][0xbf][0xbd]*[0xef][0xbf][0xbd][0xef][0xbf][0xbd]&`[0xdb][0xb4]v[0xef][0xbf][0xbd][0xef][0xbf][0xbd][0xef][0xbf][0xbd],[0x1d][0xef][0xbf][0xbd][0xef][0xbf][0xbd]ZbI[0xef][0xbf][0xbd]O[0xef][0xbf][0xbd][0x7][0xef][0xbf][0xbd]FhI:[0xef][0xbf][0xbd][0xef][0xbf][0xbd][0xef][0xbf][0xbd][0xef][0xbf][0xbd][0xd9][0x8b][0xef][0xbf][0xbd][0xef][0xbf][0xbd]R[0xef][0xbf][0xbd]R[0xef][0xbf][0xbd]F4&[0xef][0xbf][0xbd][0xd5][0xad]q[0x4][0xef][0xbf][0xbd]~[0xef][0xbf][0xbd]O[0xc6][0xae][0xb][0xef][0xbf][0xbd]v[0xef][0xbf][0xbd]|[0xef][0xbf][0xbd][0xef][0xbf][0xbd][0xef][0xbf][0xbd][0xef][0xbf][0xbd].[0x0][0xef][0xbf][0xbd][0xef][0xbf][0xbd]{`zZ[0xef][0xbf][0xbd][0xef][0xbf][0xbd][0xef][0xbf][0xbd][0xef][0xbf][0xbd]-1[0xef][0xbf][0xbd][0x1b]n[0xef][0xbf][0xbd][0xef][0xbf][0xbd][0xef][0xbf][0xbd][0xd1][0x9b][0x1b][0xef][0xbf][0xbd][0xef][0xbf][0xbd][0xef][0xbf][0xbd][0xef][0xbf][0xbd][0xef][0xbf][0xbd]s,[0xef][0xbf][0xbd]R[0xef][0xbf][0xbd][0x19][0xef][0xbf][0xbd][0xef][0xbf][0xbd][0xef][0xbf][0xbd]H[0xef][0xbf][0xbd][0xef][0xbf][0xbd][0x1a][0xef][0xbf][0xbd]+hO[0x9]b[0xef][0xbf][0xbd]wso[0xef][0xbf][0xbd][0x1b]RFQ[0xf]R[0xef][0xbf][0xbd]r[0x14]X[0x5][0x1a][0x16][0xef][0xbf][0xbd][0xef][0xbf][0xbd]{XFn[0xef][0xbf][0xbd]A0m[0xef][0xbf][0xbd][0x3][0xf][0xef][0xbf][0xbd][0x10]<[0xef][0xbf][0xbd][0xef][0xbf][0xbd][0xef][0xbf][0xbd][0xef][0xbf][0xbd][0x1f]c[0xef][0xbf][0xbd][0xef][0xbf][0xbd][0xef][0xbf][0xbd][0xef][0xbf][0xbd][0xef][0xbf][0xbd][0xef][0xbf][0xbd][0xef][0xbf][0xbd]?[0xef][0xbf][0xbd][0xef][0xbf][0xbd][0xef][0xbf][0xbd][0xef][0xbf][0xbd]=[0xc4][0xad]|[0xef][0xbf][0xbd]r[0xef][0xbf][0xbd][0xef][0xbf][0xbd]OD[0xef][0xbf][0xbd]pE[0xef][0xbf][0xbd]d[0xef][0xbf][0xbd][0xf]@4[0xef][0xbf][0xbd][0xdf][0x9f][0x5])[0xef][0xbf][0xbd][0xef][0xbf][0xbd]@[0xef][0xbf][0xbd]u[0xef][0xbf][0xbd]E[0xef][0xbf][0xbd][0xef][0xbf][0xbd][0xef][0xbf][0xbd]%[0xd7][0xba][0xef][0xbf][0xbd][0xef][0xbf][0xbd]Ccnjd[0xef][0xbf][0xbd][0xc5][0xac]zJ[0xef][0xbf][0xbd][0xef][0xbf][0xbd][0xef][0xbf][0xbd][0xef][0xbf][0xbd]:[0xef][0xbf][0xbd][0xef][0xbf][0xbd][0xef][0xbf][0xbd][0xef][0xbf][0xbd]V[0xef][0xbf][0xbd]}[0x13]q0[0xef][0xbf][0xbd]t}}[0xef][0xbf][0xbd][0xef][0xbf][0xbd][0xef][0xbf][0xbd][0xef][0xbf][0xbd])E[0xef][0xbf][0xbd][0xef][0xbf][0xbd][0xef][0xbf][0xbd][0x19]#&1[0xef][0xbf][0xbd]$][0xef][0xbf][0xbd][0xc][0xef][0xbf][0xbd]G[0xef][0xbf][0xbd]$[0x1f]:Aogo8[0xef][0xbf][0xbd][0xef][0xbf][0xbd][0xef][0xbf][0xbd]n]Y[0xef][0xbf][0xbd][0xef][0xbf][0xbd]3[0xe]s[0x5][0xef][0xbf][0xbd]N[0x2]qz[0xef][0xbf][0xbd][0xef][0xbf][0xbd]x[0xef][0xbf][0xbd][0x1a]Gb[0xef][0xbf][0xbd][0xef][0xbf][0xbd]M[0xef][0xbf][0xbd]0[0xef][0xbf][0xbd][0xef][0xbf][0xbd]@2[0xef][0xbf][0xbd][0xef][0xbf][0xbd][0xef][0xbf][0xbd][0xef][0xbf][0xbd][0xc7][0x81][0xef][0xbf][0xbd][0xef][0xbf][0xbd][0xef][0xbf][0xbd]U~[0xef][0xbf][0xbd]6[0xef][0xbf][0xbd][0xef][0xbf][0xbd][0xef][0xbf][0xbd] [0xef][0xbf][0xbd]Z[0xef][0xbf][0xbd]m[0xef][0xbf][0xbd][0xef][0xbf][0xbd][0x7][0xef][0xbf][0xbd][0x18]vF[0xef][0xbf][0xbd]g^[0xef][0xbf][0xbd]w[0xef][0xbf][0xbd][0x10][0xef][0xbf][0xbd]g[0x0][0xef][0xbf][0xbd][0xef][0xbf][0xbd]/[0xef][0xbf][0xbd][0xef][0xbf][0xbd][0xef][0xbf][0xbd]e[0x15]>5C[0xef][0xbf][0xbd][0xef][0xbf][0xbd]wR.[0xef][0xbf][0xbd][0xef][0xbf][0xbd][0xef][0xbf][0xbd][0xef][0xbf][0xbd]=[0xef][0xbf][0xbd]o[0xef][0xbf][0xbd]i[0xef][0xbf][0xbd][0xef][0xbf][0xbd][0xef][0xbf][0xbd][0xd5][0x82]afa[0x1f][0xef][0xbf][0xbd]+[0x10][0xef][0xbf][0xbd][0xef][0xbf][0xbd]_[0x1f]\[0xde][0x9d]p<-'L[0xef][0xbf][0xbd]+;5[0xef][0xbf][0xbd][0xef][0xbf][0xbd]U[0xef][0xbf][0xbd][0xef][0xbf][0xbd][0xef][0xbf][0xbd]6k,[0xef][0xbf][0xbd][0x3]+[0x1d]i;[0xef][0xbf][0xbd][0xef][0xbf][0xbd]?[0xef][0xbf][0xbd][0xef][0xbf][0xbd]*[0xef][0xbf][0xbd][0xef][0xbf][0xbd]y[0x5][0xef][0xbf][0xbd][0xef][0xbf][0xbd][0xc5][0xb3]q}[0xef][0xbf][0xbd]9[0x19]g[0xef][0xbf][0xbd]L?[0xc5][0xbd][0xef][0xbf][0xbd][0x3][0xef][0xbf][0xbd][0xef][0xbf][0xbd][0xef][0xbf][0xbd][0xef][0xbf][0xbd][0xef][0xbf][0xbd][0xef][0xbf][0xbd][0xb]o[0xef][0xbf][0xbd][0xef][0xbf][0xbd][0xef][0xbf][0xbd]0[0xef][0xbf][0xbd][0xef][0xbf][0xbd][0x1][0x11]z7zoo[0xef][0xbf][0xbd][0xd2][0x96][0xef][0xbf][0xbd].[0xef][0xbf][0xbd][0xef][0xbf][0xbd]>[0xef][0xbf][0xbd]{[0x14]Z@][0xef][0xbf][0xbd]n`[7DOz[0x4]R[0xc2][0x9e][0x12]o[0x16]=[0x16]@;[0x4]x[0xef][0xbf][0xbd][0xef][0xbf][0xbd]i[0xf][0xef][0xbf][0xbd]X[0xef][0xbf][0xbd]'[0x9][0xef][0xbf][0xbd][0xef][0xbf][0xbd][0xef][0xbf][0xbd][0xef][0xbf][0xbd][0xef][0xbf][0xbd]G[0xef][0xbf][0xbd]W%P[0xef][0xbf][0xbd][0xef][0xbf][0xbd]y[0xef][0xbf][0xbd][0xef][0xbf][0xbd]D[0x1d][0xef][0xbf][0xbd][0x3][0x1d][0xef][0xbf][0xbd]a[0xef][0xbf][0xbd][0xef][0xbf][0xbd][0xef][0xbf][0xbd][0xef][0xbf][0xbd]2sX[0xef][0xbf][0xbd][0xef][0xbf][0xbd][0xef][0xbf][0xbd][0xef][0xbf][0xbd][0xef][0xbf][0xbd]p7f[0xef][0xbf][0xbd]8e[0xef][0xbf][0xbd][0xef][0xbf][0xbd]KC[0xef][0xbf][0xbd].H[0xef][0xbf][0xbd][0xef][0xbf][0xbd]*[0xef][0xbf][0xbd][0x6][0x9][0xef][0xbf][0xbd][0x7][0xef][0xbf][0xbd][0xde][0x92]_0M[0xd6][0x81][0xef][0xbf][0xbd]$[0x1f]4[0xe5][0xb7][0xa3][0xef][0xbf][0xbd][0xef][0xbf][0xbd][0xef][0xbf][0xbd][0x1c][0xef][0xbf][0xbd][[0xc]5[0xef][0xbf][0xbd][0xef][0xbf][0xbd][0xb][0xef][0xbf][0xbd][0xef][0xbf][0xbd]hG[0xef][0xbf][0xbd]k[0xef][0xbf][0xbd]y}~{[0xb][0xef][0xbf][0xbd][0xef][0xbf][0xbd][0x10][0xef][0xbf][0xbd][0xef][0xbf][0xbd]g^[0xef][0xbf][0xbd][0xef][0xbf][0xbd][0xdf][0x9f][0x1b][0xef][0xbf][0xbd]/^[0xd7][0x8f][0xef][0xbf][0xbd][0xef][0xbf][0xbd][0xef][0xbf][0xbd]g[0xef][0xbf][0xbd] [0xef][0xbf][0xbd])`[0x7][0xef][0xbf][0xbd]'[0xef][0xbf][0xbd]'[0xef][0xbf][0xbd]o[0xe5][0x9d][0x95][0x1d][0xef][0xbf][0xbd]^[0xef][0xbf][0xbd][0x0][0xef][0xbf][0xbd][0x1b][0xef][0xbf][0xbd][0xef][0xbf][0xbd]:[0xef][0xbf][0xbd]'[0xef][0xbf][0xbd][0xef][0xbf][0xbd]1[0xec][0x92][0x86]Wm[0x1b][0xef][0xbf][0xbd][0x1e][0xef][0xbf][0xbd]y<*[0xef][0xbf][0xbd]5[0xef][0xbf][0xbd]r~[0xef][0xbf][0xbd][0xef][0xbf][0xbd][0x7][0xef][0xbf][0xbd][0xef][0xbf][0xbd][0x8][0xef][0xbf][0xbd][q[0x1a]V[0x6]m\1\[0xdd][0xac]P[0xef][0xbf][0xbd][0xef][0xbf][0xbd][0xef][0xbf][0xbd]}E[0xef][0xbf][0xbd][0xef][0xbf][0xbd][0xe][0xef][0xbf][0xbd]@g0[0xef][0xbf][0xbd][0xef][0xbf][0xbd]b[0xef][0xbf][0xbd][0xef][0xbf][0xbd]u[0xef][0xbf][0xbd]1[0xef][0xbf][0xbd][0xef][0xbf][0xbd][0xef][0xbf][0xbd][0xef][0xbf][0xbd];m[0xef][0xbf][0xbd]s[0x1f]?~{&[0xef][0xbf][0xbd][0xef][0xbf][0xbd]+[0xef][0xbf][0xbd]O[0x1b][0xef][0xbf][0xbd]l[0x6][0x14][0xef][0xbf][0xbd][0xef][0xbf][0xbd][0xef][0xbf][0xbd]/Z[0xef][0xbf][0xbd][0xef][0xbf][0xbd][0xef][0xbf][0xbd][0xef][0xbf][0xbd]N[0x10][0x1f][0xef][0xbf][0xbd]o[0xef][0xbf][0xbd][0xef][0xbf][0xbd][0xef][0xbf][0xbd],{[0xef][0xbf][0xbd]Z0[0xef][0xbf][0xbd][0xef][0xbf][0xbd][0xef][0xbf][0xbd][0xef][0xbf][0xbd]w[0xef][0xbf][0xbd]/[0xcc][0x8d]oS[\n]"
07:56:30.897 [main] DEBUG org.apache.http.wire -  >> "[0xd9][0xbf][0x10][0xef][0xbf][0xbd][0xef][0xbf][0xbd][0x18]9l(d[0xef][0xbf][0xbd]E[0xef][0xbf][0xbd]&9A[0xef][0xbf][0xbd][0xef][0xbf][0xbd]P[0xef][0xbf][0xbd][0xef][0xbf][0xbd]]eh?[0xef][0xbf][0xbd]AS[0xef][0xbf][0xbd][0x2][0x5][0xcd][0xb3][0x6]X[0xef][0xbf][0xbd][0xf][0xef][0xbf][0xbd]P[0xef][0xbf][0xbd]tR[0xef][0xbf][0xbd][0x2][0xef][0xbf][0xbd][0xc4][0xaf]*[0xef][0xbf][0xbd][0x7][0xca][0xa8][0xef][0xbf][0xbd][0xef][0xbf][0xbd][0x1]+[0x2][0xef][0xbf][0xbd][0xef][0xbf][0xbd]@[0xef][0xbf][0xbd][\r]r[0x10][0x1a][0xef][0xbf][0xbd][0x12][0xef][0xbf][0xbd][0xef][0xbf][0xbd]o}[0x0][0x6]I[0xef][0xbf][0xbd][0xef][0xbf][0xbd]L[0x19][\r][0xef][0xbf][0xbd][0xef][0xbf][0xbd][0x1b][0xef][0xbf][0xbd]d[0x9][0xef][0xbf][0xbd]M[0xef][0xbf][0xbd][0xef][0xbf][0xbd]e[0xef][0xbf][0xbd]rj[0xef][0xbf][0xbd]S1[0xef][0xbf][0xbd][0xef][0xbf][0xbd]Z[0xef][0xbf][0xbd]/%[0xe5][0x99][0xae]lf[0xef][0xbf][0xbd]:[0xe1][0x98][0xb5][0xef][0xbf][0xbd]1[0xef][0xbf][0xbd]5R[0xef][0xbf][0xbd][0xce][0x99][0x1f]6}[0xef][0xbf][0xbd]x[0xef][0xbf][0xbd][0xef][0xbf][0xbd]K[0xef][0xbf][0xbd][0xef][0xbf][0xbd][0xef][0xbf][0xbd][0xf][0xef][0xbf][0xbd][0x1e][0x16][0xef][0xbf][0xbd][0xb][0xef][0xbf][0xbd]q.$n[0xef][0xbf][0xbd][0xef][0xbf][0xbd]-o|[0xef][0xbf][0xbd];[0xef][0xbf][0xbd][0xef][0xbf][0xbd]?[0xef][0xbf][0xbd][0x16][0xef][0xbf][0xbd]|[0xef][0xbf][0xbd][0x1e]S[0xc6][0xb3]_[0xef][0xbf][0xbd]![0xef][0xbf][0xbd][0xef][0xbf][0xbd]L[0xef][0xbf][0xbd][0xef][0xbf][0xbd][0xc][0xef][0xbf][0xbd][0xef][0xbf][0xbd]1[0xef][0xbf][0xbd][0xef][0xbf][0xbd][0xe8][0xb4][0x9e][0xef][0xbf][0xbd][0xef][0xbf][0xbd][0xef][0xbf][0xbd]w<n[0xef][0xbf][0xbd][0x1d][0xef][0xbf][0xbd]'E[0xef][0xbf][0xbd][0xef][0xbf][0xbd][0xef][0xbf][0xbd][0xef][0xbf][0xbd][0xef][0xbf][0xbd][0x8][0xef][0xbf][0xbd]>[0xef][0xbf][0xbd][0xef][0xbf][0xbd][0xd6][0x8d][0x1b][0xef][0xbf][0xbd][0xef][0xbf][0xbd][0xef][0xbf][0xbd]K[0x1c][0xef][0xbf][0xbd][0xdb][0xbf]^[0x1f][0xef][0xbf][0xbd]>[0xef][0xbf][0xbd][0xef][0xbf][0xbd][0xd0][0x94]C[\r][0xdc][0xa5][0xef][0xbf][0xbd]Z[0x1f]?y[0xef][0xbf][0xbd]O[0xef][0xbf][0xbd]K[0xef][0xbf][0xbd]{[0x13][0xef][0xbf][0xbd]=[0xef][0xbf][0xbd][0xef][0xbf][0xbd]{[0xef][0xbf][0xbd][0xef][0xbf][0xbd][ya[0xef][0xbf][0xbd][0x17][0xef][0xbf][0xbd]^[0xd8][0x81][0xef][0xbf][0xbd][0x15]n[0xce][0x9e]k=[0xe][0xef][0xbf][0xbd]6l[0xef][0xbf][0xbd]B[0x1b][0xef][0xbf][0xbd][0x12][0x9]!S[0xef][0xbf][0xbd][0x0][0xe][0xef][0xbf][0xbd][0x19][0xef][0xbf][0xbd].[0x15][0x1f]X)[0x1c][0xc]-[0xef][0xbf][0xbd][0xef][0xbf][0xbd][0xef][0xbf][0xbd]4[0xef][0xbf][0xbd][0xef][0xbf][0xbd][0xef][0xbf][0xbd]=0[0xef][0xbf][0xbd]@[0xef][0xbf][0xbd][0xef][0xbf][0xbd][0xef][0xbf][0xbd][0xef][0xbf][0xbd]:[0xef][0xbf][0xbd]-.[0x6]u[0xef][0xbf][0xbd][0xef][0xbf][0xbd]![0x1a]K[0xef][0xbf][0xbd][0xef][0xbf][0xbd]\uj[0xef][0xbf][0xbd]7[0x18]/f[0xef][0xbf][0xbd][0x0]l[0xef][0xbf][0xbd]Cs[0x1d][\n]"
07:56:30.897 [main] DEBUG org.apache.http.wire -  >> "[0xef][0xbf][0xbd]dD[0xef][0xbf][0xbd][0xef][0xbf][0xbd].[0xef][0xbf][0xbd][0xef][0xbf][0xbd][0x19][0x17][0xef][0xbf][0xbd]p[0xef][0xbf][0xbd]S[0xef][0xbf][0xbd]$[0x10][0xef][0xbf][0xbd][0xef][0xbf][0xbd]*[0xef][0xbf][0xbd]}[0x1b][0x1b][0xef][0xbf][0xbd][0xef][0xbf][0xbd]JY[0xef][0xbf][0xbd]p[0xef][0xbf][0xbd][0xef][0xbf][0xbd]2[0xef][0xbf][0xbd][0x12][0x16][0xef][0xbf][0xbd]+[0xef][0xbf][0xbd][0x15][0x10]f[0x7][0x14][0xef][0xbf][0xbd][0xef][0xbf][0xbd][0xc7][0xba][0xef][0xbf][0xbd][0xef][0xbf][0xbd]O[0xef][0xbf][0xbd][0xef][0xbf][0xbd]E[0xef][0xbf][0xbd][0x15][0xef][0xbf][0xbd]X[0xef][0xbf][0xbd]i[0xef][0xbf][0xbd][\r][0xef][0xbf][0xbd][0xef][0xbf][0xbd]&[0xef][0xbf][0xbd][0xef][0xbf][0xbd][0xef][0xbf][0xbd]V[0x2][0xef][0xbf][0xbd]'~[0xef][0xbf][0xbd][0xef][0xbf][0xbd][0x12]Y[\r][0xef][0xbf][0xbd]*[0xef][0xbf][0xbd]~[0xef][0xbf][0xbd][0xef][0xbf][0xbd]W[0x10]o~[0xef][0xbf][0xbd][0xef][0xbf][0xbd]g[0xde][0xbb]g![0xef][0xbf][0xbd][0xef][0xbf][0xbd]u[0xef][0xbf][0xbd]V[0xde][0xa3][0xef][0xbf][0xbd][0xd7][0xbe][0xef][0xbf][0xbd]o[0xef][0xbf][0xbd][0xef][0xbf][0xbd][0xef][0xbf][0xbd][0xef][0xbf][0xbd][0xef][0xbf][0xbd][0xd7][0xbf][[0xef][0xbf][0xbd][0xef][0xbf][0xbd][0xef][0xbf][0xbd]u[0xef][0xbf][0xbd][0xe]1[0x1b]@V[0x13]3[0xef][0xbf][0xbd]`[0xe]M[0xef][0xbf][0xbd][0x15][0x1][0xef][0xbf][0xbd]?[0x1e]#[0xef][0xbf][0xbd]O[0xef][0xbf][0xbd])[0xc]`[0xef][0xbf][0xbd][0xef][0xbf][0xbd]b2P[0xef][0xbf][0xbd][0xef][0xbf][0xbd][0x2][0xef][0xbf][0xbd]?B[0x11]^[0x1e]:[0xef][0xbf][0xbd][0xef][0xbf][0xbd]^[0xef][0xbf][0xbd][0x1d][0xef][0xbf][0xbd][0xef][0xbf][0xbd]:5[0xef][0xbf][0xbd][0x0][0xef][0xbf][0xbd][0xef][0xbf][0xbd][0xef][0xbf][0xbd]18;[0xef][0xbf][0xbd][0xe8][0xb7][0x9f][0xef][0xbf][0xbd][0xef][0xbf][0xbd][0x3]j[0xef][0xbf][0xbd][0xef][0xbf][0xbd][0xef][0xbf][0xbd]v[0xef][0xbf][0xbd][0xef][0xbf][0xbd][0xef][0xbf][0xbd][0xef][0xbf][0xbd][0xef][0xbf][0xbd][0xef][0xbf][0xbd][0xef][0xbf][0xbd][0xef][0xbf][0xbd]p+w[0xef][0xbf][0xbd][0xef][0xbf][0xbd][0xef][0xbf][0xbd][0xef][0xbf][0xbd][0xef][0xbf][0xbd][0xef][0xbf][0xbd][0xef][0xbf][0xbd][0xef][0xbf][0xbd][0xb][0xef][0xbf][0xbd]?[0xef][0xbf][0xbd]y[0xef][0xbf][0xbd][0xef][0xbf][0xbd]zA]{[0x5][0x14][0xef][0xbf][0xbd]DJ2[0xef][0xbf][0xbd][0x13][0xef][0xbf][0xbd][0xef][0xbf][0xbd][0x2][0xe][0xef][0xbf][0xbd][0x14]c,[0xef][0xbf][0xbd]f[0xef][0xbf][0xbd][0xef][0xbf][0xbd][0x16][0xef][0xbf][0xbd][0xe]Ss[0xef][0xbf][0xbd][0xef][0xbf][0xbd][0xef][0xbf][0xbd][0x14]-9[0x16][0xef][0xbf][0xbd]RO_g[0x13][\r][0x1c]<(i[0xef][0xbf][0xbd][0xef][0xbf][0xbd][0xef][0xbf][0xbd][0xef][0xbf][0xbd][0x7]K[0xef][0xbf][0xbd][0xef][0xbf][0xbd]X[0xef][0xbf][0xbd][0xef][0xbf][0xbd][0xef][0xbf][0xbd][0xef][0xbf][0xbd][0xef][0xbf][0xbd][0xef][0xbf][0xbd][0xef][0xbf][0xbd]ZrA'[0xe7][0x8d][0xb7]E[0xef][0xbf][0xbd][0xc][0xef][0xbf][0xbd],[0xf][0xef][0xbf][0xbd]NK[0xef][0xbf][0xbd]P[0xe][0xef][0xbf][0xbd][0x15][0xef][0xbf][0xbd]n[0xe]C*[0xef][0xbf][0xbd][0xef][0xbf][0xbd][0xef][0xbf][0xbd][0xef][0xbf][0xbd][0xef][0xbf][0xbd]m[0xef][0xbf][0xbd]^[\n]"
07:56:30.897 [main] DEBUG org.apache.http.wire -  >> "[0xef][0xbf][0xbd][0xef][0xbf][0xbd][0xef][0xbf][0xbd][0xef][0xbf][0xbd]6[0xef][0xbf][0xbd]5k[0xef][0xbf][0xbd][0xef][0xbf][0xbd][0xef][0xbf][0xbd][0x1][0xef][0xbf][0xbd][0x16][0xef][0xbf][0xbd]E[0xef][0xbf][0xbd]m'[0xef][0xbf][0xbd]2[0x1c][0x0][0xef][0xbf][0xbd]u[0xef][0xbf][0xbd]^[0xef][0xbf][0xbd]0[0xef][0xbf][0xbd]a[0x1][0xef][0xbf][0xbd][0xef][0xbf][0xbd]u{[0x7][0xef][0xbf][0xbd][0xef][0xbf][0xbd]}[0xef][0xbf][0xbd]g_|[0xef][0xbf][0xbd][0xef][0xbf][0xbd][0xef][0xbf][0xbd][0xef][0xbf][0xbd][0x1c][0xef][0xbf][0xbd];c][0xef][0xbf][0xbd][0xef][0xbf][0xbd]G[0xef][0xbf][0xbd][0xef][0xbf][0xbd][0xef][0xbf][0xbd]'[0xef][0xbf][0xbd]M|[0xef][0xbf][0xbd][[0xef][0xbf][0xbd][0x1e][0xef][0xbf][0xbd][0xef][0xbf][0xbd])[0xef][0xbf][0xbd]h[0x1b]n'[0xef][0xbf][0xbd];u[0xef][0xbf][0xbd]Y[\r]yK[0xef][0xbf][0xbd]0[0x11]4[0xef][0xbf][0xbd][0x14][0xef][0xbf][0xbd][0xef][0xbf][0xbd][0xef][0xbf][0xbd][0xef][0xbf][0xbd]~}8[0xef][0xbf][0xbd][0xef][0xbf][0xbd][0x4][0xef][0xbf][0xbd][0xef][0xbf][0xbd][0xef][0xbf][0xbd]&:[0xef][0xbf][0xbd][0xd1][0x9b][0xef][0xbf][0xbd][0xef][0xbf][0xbd]-[0xef][0xbf][0xbd][0xef][0xbf][0xbd][0xef][0xbf][0xbd][0xef][0xbf][0xbd][0xef][0xbf][0xbd]/[0x16]c[0xef][0xbf][0xbd]?[0xef][0xbf][0xbd][0xef][0xbf][0xbd]Gc[0x1][0xef][0xbf][0xbd]>[0xef][0xbf][0xbd][0xef][0xbf][0xbd][0xea][0xbd][0x95]\[0xef][0xbf][0xbd][0x0]L[0xef][0xbf][0xbd][0xef][0xbf][0xbd][0xef][0xbf][0xbd]Cj[0x18][0xef][0xbf][0xbd][0xef][0xbf][0xbd][0xef][0xbf][0xbd][0xef][0xbf][0xbd][0xef][0xbf][0xbd][0xef][0xbf][0xbd]G[0xef][0xbf][0xbd]>[0xef][0xbf][0xbd]$~[0xef][0xbf][0xbd]O[\r][0xef][0xbf][0xbd]rU[0xef][0xbf][0xbd]W[0xc]`[0xef][0xbf][0xbd][0x2][0x14][0xef][0xbf][0xbd][0xef][0xbf][0xbd]w[0xef][0xbf][0xbd][0xd4][0xb6]f[0xef][0xbf][0xbd][0x1c]l[0xef][0xbf][0xbd][0xef][0xbf][0xbd][0xef][0xbf][0xbd][0xef][0xbf][0xbd][0xef][0xbf][0xbd]|[0x1]@n[0xef][0xbf][0xbd]j*[0xef][0xbf][0xbd]C[0x19]*@[0xdf][0x93][0xef][0xbf][0xbd]v,d[0xef][0xbf][0xbd]J*[0xef][0xbf][0xbd][0xef][0xbf][0xbd][0xef][0xbf][0xbd][0xef][0xbf][0xbd][0xef][0xbf][0xbd][0x3][0x1f][0x1d]U>Kb[0xef][0xbf][0xbd]4[0xef][0xbf][0xbd][0xef][0xbf][0xbd]X[0xef][0xbf][0xbd]P[0xef][0xbf][0xbd][0xef][0xbf][0xbd]l[0xef][0xbf][0xbd]R[0xef][0xbf][0xbd][0xef][0xbf][0xbd][0x0][0xef][0xbf][0xbd]HK[0xef][0xbf][0xbd][0xef][0xbf][0xbd][0x15]s[0xcc][0xb3][0xd1][0x86]w[0xef][0xbf][0xbd][0x7][0xef][0xbf][0xbd][0xef][0xbf][0xbd][0x14]/l[0xef][0xbf][0xbd][0xef][0xbf][0xbd][0xef][0xbf][0xbd]\[0xef][0xbf][0xbd]- >[0xef][0xbf][0xbd]3[0xc] [0xef][0xbf][0xbd][0xef][0xbf][0xbd]e[0x6][0xef][0xbf][0xbd][0xd1][0x87]#[0xc9][0xa1]4[0xef][0xbf][0xbd]Z{5[0xef][0xbf][0xbd][0xef][0xbf][0xbd][0xef][0xbf][0xbd][0xef][0xbf][0xbd]L[0xef][0xbf][0xbd][0x1f]Ke[0xef][0xbf][0xbd][0xd7][0x9c][0xef][0xbf][0xbd][0xe]e[0xef][0xbf][0xbd]R[0xef][0xbf][0xbd]t[0xef][0xbf][0xbd]IZ[0xef][0xbf][0xbd],'YcY[0x9][0x3][0xef][0xbf][0xbd][0xe][0xef][0xbf][0xbd][0xef][0xbf][0xbd][0xef][0xbf][0xbd][0xef][0xbf][0xbd]@[0x16][0x15]G[0xef][0xbf][0xbd]q[0xef][0xbf][0xbd][0xef][0xbf][0xbd][0xef][0xbf][0xbd][0x5][0xef][0xbf][0xbd][0xef][0xbf][0xbd][0xef][0xbf][0xbd][0xef][0xbf][0xbd][0xef][0xbf][0xbd]![0xef][0xbf][0xbd][0xef][0xbf][0xbd]G[0xcf][0xbd][0xef][0xbf][0xbd][0xef][0xbf][0xbd][0xef][0xbf][0xbd][0xef][0xbf][0xbd][0xef][0xbf][0xbd][0x0].[0xef][0xbf][0xbd][0xd5][0x94][0xef][0xbf][0xbd]gp[0xef][0xbf][0xbd]u[0xef][0xbf][0xbd]oe[0xef][0xbf][0xbd]6[0xef][0xbf][0xbd][0xef][0xbf][0xbd][0xef][0xbf][0xbd][0xef][0xbf][0xbd][0xef][0xbf][0xbd][0xef][0xbf][0xbd][0xef][0xbf][0xbd][0xb]c[0x1c]l/[0xb][0xef][0xbf][0xbd]^'[0xef][0xbf][0xbd][0xef][0xbf][0xbd]l[0x1b][0xef][0xbf][0xbd][0xef][0xbf][0xbd]j[0xc8][0x9a][0x3][0xef][0xbf][0xbd]G[0xef][0xbf][0xbd][0xef][0xbf][0xbd]=[0xef][0xbf][0xbd]A[0xef][0xbf][0xbd],{7[0xef][0xbf][0xbd][0xef][0xbf][0xbd]-[0xef][0xbf][0xbd]X[0x6],[0xef][0xbf][0xbd][0xef][0xbf][0xbd]+[0xef][0xbf][0xbd]?`[0xef][0xbf][0xbd][0xef][0xbf][0xbd][0x6][0x4]V[0xcf][0xae]O`[0xef][0xbf][0xbd]f[0xef][0xbf][0xbd][0xef][0xbf][0xbd]m3[0xef][0xbf][0xbd]z[0x16][0xef][0xbf][0xbd][0xef][0xbf][0xbd][0xef][0xbf][0xbd][0xef][0xbf][0xbd]t[0x1d][0xef][0xbf][0xbd][0xef][0xbf][0xbd][0xef][0xbf][0xbd][0xef][0xbf][0xbd][0xef][0xbf][0xbd]I([0xef][0xbf][0xbd][0xef][0xbf][0xbd][0xef][0xbf][0xbd][0xef][0xbf][0xbd][0xef][0xbf][0xbd][0xef][0xbf][0xbd]r[0xef][0xbf][0xbd][7[0xef][0xbf][0xbd][0xef][0xbf][0xbd][0xef][0xbf][0xbd][0xef][0xbf][0xbd][0xef][0xbf][0xbd][0xef][0xbf][0xbd][0xef][0xbf][0xbd]x[0xef][0xbf][0xbd][0xef][0xbf][0xbd][0xef][0xbf][0xbd][0xef][0xbf][0xbd]e[0xef][0xbf][0xbd][0xef][0xbf][0xbd][0xef][0xbf][0xbd][0xef][0xbf][0xbd][0xef][0xbf][0xbd]'M [0xef][0xbf][0xbd][0x1e][0xef][0xbf][0xbd]P[0xef][0xbf][0xbd][0xcb][0xb2][0xef][0xbf][0xbd][0x2]3[0xef][0xbf][0xbd][0xef][0xbf][0xbd][0x14][0x2]*ZK[0xef][0xbf][0xbd][0xef][0xbf][0xbd][0xef][0xbf][0xbd][0xef][0xbf][0xbd][0xef][0xbf][0xbd][0xe][0xef][0xbf][0xbd]R[0xef][0xbf][0xbd][0xc7][0x8b][0xef][0xbf][0xbd]t[0xef][0xbf][0xbd][0xef][0xbf][0xbd][0xe][0x17][0x1e]/[0xef][0xbf][0xbd][0xef][0xbf][0xbd][0xef][0xbf][0xbd][0xef][0xbf][0xbd]b[0xef][0xbf][0xbd]&[0xef][0xbf][0xbd]d[0x1e][0xef][0xbf][0xbd][0x16][0xef][0xbf][0xbd][0xef][0xbf][0xbd][0xef][0xbf][0xbd]Cd[0xef][0xbf][0xbd][0xef][0xbf][0xbd]'{[0xef][0xbf][0xbd]X[0x1b][0xef][0xbf][0xbd]s[0xef][0xbf][0xbd][0xef][0xbf][0xbd][0xef][0xbf][0xbd]8[0x19][0xef][0xbf][0xbd][0xef][0xbf][0xbd][0xef][0xbf][0xbd]K[0xef][0xbf][0xbd][0x17][0x5],[0xef][0xbf][0xbd]}[0xef][0xbf][0xbd]=Dy[0x6][0xef][0xbf][0xbd][0xef][0xbf][0xbd]A$K[0xd8][0x98][0xef][0xbf][0xbd][0x11][0x14]G]G#[0xef][0xbf][0xbd][0x18][0xef][0xbf][0xbd]tp[\r]7A[0xef][0xbf][0xbd][0xef][0xbf][0xbd]m[0xef][0xbf][0xbd]v[0xc][0xef][0xbf][0xbd],4[0xef][0xbf][0xbd][0xef][0xbf][0xbd][0x17][0xef][0xbf][0xbd][0xef][0xbf][0xbd]I[0xef][0xbf][0xbd]o[0xc6][0x9f][0xd9][0xad][0xef][0xbf][0xbd][0x1a][0xef][0xbf][0xbd][0x1][0xde][0xa9]f[0xef][0xbf][0xbd]G[0xef][0xbf][0xbd]2d[0xef][0xbf][0xbd][0xed][0x9a][0xb3][0xef][0xbf][0xbd][0xef][0xbf][0xbd]"
07:56:30.898 [main] DEBUG org.apache.http.wire -  >> "[0xef][0xbf][0xbd][0xef][0xbf][0xbd]n[0xef][0xbf][0xbd][0xef][0xbf][0xbd][0xef][0xbf][0xbd]7[0xef][0xbf][0xbd]>[0xd3][0x88][0xef][0xbf][0xbd][0xef][0xbf][0xbd]](|[0x4][0xd4][0xbd]{[0xef][0xbf][0xbd]~[0xef][0xbf][0xbd][0xef][0xbf][0xbd].[0xef][0xbf][0xbd][0x1b]e[0xef][0xbf][0xbd]>[0xef][0xbf][0xbd][0xef][0xbf][0xbd][0xef][0xbf][0xbd][0xef][0xbf][0xbd][0xef][0xbf][0xbd][0xef][0xbf][0xbd][0xef][0xbf][0xbd]M<[0xef][0xbf][0xbd][0xef][0xbf][0xbd]|v1o[0xef][0xbf][0xbd][0xef][0xbf][0xbd][0x3][0xef][0xbf][0xbd][0xef][0xbf][0xbd][0xe]t`[0xef][0xbf][0xbd][0x15]cU[0xef][0xbf][0xbd]~[0xef][0xbf][0xbd]U"[0xef][0xbf][0xbd]]bR}[0xef][0xbf][0xbd]a2[0xef][0xbf][0xbd][0xef][0xbf][0xbd][0x4][0xef][0xbf][0xbd][0xef][0xbf][0xbd][0xef][0xbf][0xbd][0xef][0xbf][0xbd][0xef][0xbf][0xbd][0xef][0xbf][0xbd]>[0xef][0xbf][0xbd]Q[0xef][0xbf][0xbd][0xef][0xbf][0xbd][0x16][0x8][0xef][0xbf][0xbd][0xef][0xbf][0xbd][0xef][0xbf][0xbd]`[0xca][0x8d][0xef][0xbf][0xbd][0xe0][0xa5][0x91][0xef][0xbf][0xbd][0x1b][0xef][0xbf][0xbd][0xef][0xbf][0xbd][0xef][0xbf][0xbd][0x19][0x1a][0xef][0xbf][0xbd][0x1f][0x10][0x1a]|}[0xef][0xbf][0xbd][0xef][0xbf][0xbd][0xef][0xbf][0xbd][0xc8][0x89][0xef][0xbf][0xbd]{}[0xef][0xbf][0xbd][0xdc][0x83][0xef][0xbf][0xbd][0xef][0xbf][0xbd]_[0xef][0xbf][0xbd][0xef][0xbf][0xbd][0xef][0xbf][0xbd][0xef][0xbf][0xbd]([0xef][0xbf][0xbd]?[0xef][0xbf][0xbd]>[0xef][0xbf][0xbd]A[0xef][0xbf][0xbd][0xef][0xbf][0xbd]d[0xef][0xbf][0xbd]Q[0xef][0xbf][0xbd][0xef][0xbf][0xbd][0xef][0xbf][0xbd]M[0xef][0xbf][0xbd][0xef][0xbf][0xbd]u[0xef][0xbf][0xbd][0xd2][0x86]N,[0xef][0xbf][0xbd][0x1f][0xef][0xbf][0xbd]+([0xb][0xef][0xbf][0xbd][0xef][0xbf][0xbd]-x[0xef][0xbf][0xbd]F[0x4][0x16]G[0xc5][0xa3][0xef][0xbf][0xbd][0xef][0xbf][0xbd]f[0xef][0xbf][0xbd]i[0xef][0xbf][0xbd]5?[0xef][0xbf][0xbd]Kv[0xef][0xbf][0xbd][0x0][0xef][0xbf][0xbd][0xef][0xbf][0xbd][0xef][0xbf][0xbd]X[0xef][0xbf][0xbd]I[0xef][0xbf][0xbd]AG[0xef][0xbf][0xbd][0xef][0xbf][0xbd]z[0xef][0xbf][0xbd]Ry[0xef][0xbf][0xbd][0xef][0xbf][0xbd]/-5[0xef][0xbf][0xbd][0xef][0xbf][0xbd]>l[0x7]K[0xef][0xbf][0xbd][0xef][0xbf][0xbd][0xef][0xbf][0xbd][0xef][0xbf][0xbd][0x1][0xc6][0xa4]0C[0xef][0xbf][0xbd][0xef][0xbf][0xbd][[0xef][0xbf][0xbd]@zC[0x10][0x1f]8[0xef][0xbf][0xbd]][0xef][0xbf][0xbd]=[0xef][0xbf][0xbd]o[0xef][0xbf][0xbd][0xef][0xbf][0xbd]<[0xef][0xbf][0xbd][0x3][0x5][0x3]0+[0xef][0xbf][0xbd][0xef][0xbf][0xbd]}[0xef][0xbf][0xbd][0xef][0xbf][0xbd]0[0xef][0xbf][0xbd][0xef][0xbf][0xbd][0xef][0xbf][0xbd]^^f[0xef][0xbf][0xbd][0xef][0xbf][0xbd]lG[0xef][0xbf][0xbd][0xef][0xbf][0xbd]Y[0xef][0xbf][0xbd]L[0x18][0xef][0xbf][0xbd]?q1[0xef][0xbf][0xbd]5[0xef][0xbf][0xbd][0xef][0xbf][0xbd][0xef][0xbf][0xbd][0xef][0xbf][0xbd][0xef][0xbf][0xbd][0xef][0xbf][0xbd]3[0xef][0xbf][0xbd][0xef][0xbf][0xbd][0xef][0xbf][0xbd][0x1f][0xef][0xbf][0xbd][0x1d][0xef][0xbf][0xbd][0xef][0xbf][0xbd])[0xef][0xbf][0xbd][0xde][0xaf][0xef][0xbf][0xbd][0xef][0xbf][0xbd][0xef][0xbf][0xbd][0xef][0xbf][0xbd][0xf][0xef][0xbf][0xbd]|wO[0xef][0xbf][0xbd][0xef][0xbf][0xbd]&[0xef][0xbf][0xbd][0xef][0xbf][0xbd][0xef][0xbf][0xbd]w1[0xef][0xbf][0xbd][0x1c][0xef][0xbf][0xbd][0xef][0xbf][0xbd]Xv [0xef][0xbf][0xbd](B[0xef][0xbf][0xbd]DX[0xef][0xbf][0xbd]+p[0xef][0xbf][0xbd]Cs[0x9]B.yBq[0xef][0xbf][0xbd][0x4][0x1e]|[0xef][0xbf][0xbd][0xef][0xbf][0xbd]1[0xc][0xef][0xbf][0xbd][0xd8][0x99]I[0xef][0xbf][0xbd][0xef][0xbf][0xbd][0xef][0xbf][0xbd][0xef][0xbf][0xbd][0xef][0xbf][0xbd]Ru[0x10]=u[0xef][0xbf][0xbd][0xef][0xbf][0xbd][0xef][0xbf][0xbd][0x15][0xef][0xbf][0xbd][0xef][0xbf][0xbd][0xec][0x80][0x86][0xd1][0x88]\[0xef][0xbf][0xbd][0xef][0xbf][0xbd][0xef][0xbf][0xbd]K[0xef][0xbf][0xbd]'#[0xde][0x92]^[0x1c]D]_[0xef][0xbf][0xbd][0xef][0xbf][0xbd][0xef][0xbf][0xbd][0xef][0xbf][0xbd]3l[0xef][0xbf][0xbd]:[0xef][0xbf][0xbd][0xef][0xbf][0xbd]K[0xef][0xbf][0xbd]~[0xef][0xbf][0xbd]_y[0x1][0xef][0xbf][0xbd][0xef][0xbf][0xbd][0xef][0xbf][0xbd][0xef][0xbf][0xbd]{[0xc4][0x80][0xef][0xbf][0xbd])[0xef][0xbf][0xbd][0xef][0xbf][0xbd]y[0x11][0xef][0xbf][0xbd]K[0xef][0xbf][0xbd][0xef][0xbf][0xbd][0xef][0xbf][0xbd]F[0xef][0xbf][0xbd]b@[0xef][0xbf][0xbd][0xef][0xbf][0xbd][0xef][0xbf][0xbd][0x13][0xef][0xbf][0xbd][0xef][0xbf][0xbd][0xef][0xbf][0xbd][0xef][0xbf][0xbd][0xef][0xbf][0xbd][0x16][0xef][0xbf][0xbd]t*[0xb][0xef][0xbf][0xbd][0xef][0xbf][0xbd][0xef][0xbf][0xbd]1[0xef][0xbf][0xbd]6[0xef][0xbf][0xbd][0xef][0xbf][0xbd]r[0xef][0xbf][0xbd],d[0xef][0xbf][0xbd][0x1]c[0x1]1[0xef][0xbf][0xbd]C[0xef][0xbf][0xbd][0xef][0xbf][0xbd]~Q[0xef][0xbf][0xbd]HD9[0xef][0xbf][0xbd][0x1e][0xef][0xbf][0xbd][0xef][0xbf][0xbd][\r][0xef][0xbf][0xbd][0xef][0xbf][0xbd][0xef][0xbf][0xbd][0xef][0xbf][0xbd]y[0xef][0xbf][0xbd][0xf][0xc]@[0xe]%[0xef][0xbf][0xbd][0xef][0xbf][0xbd][0xef][0xbf][0xbd]F[0xef][0xbf][0xbd][0xef][0xbf][0xbd][0xef][0xbf][0xbd]T[0xef][0xbf][0xbd][0xef][0xbf][0xbd]t[0xef][0xbf][0xbd][0xef][0xbf][0xbd][0xef][0xbf][0xbd]t[0xef][0xbf][0xbd]r[0xef][0xbf][0xbd]M|[0xef][0xbf][0xbd][0xef][0xbf][0xbd]r[0x14][0xef][0xbf][0xbd][0xef][0xbf][0xbd]4a4[0xef][0xbf][0xbd][0xef][0xbf][0xbd][0xef][0xbf][0xbd]=[0xef][0xbf][0xbd]%[0x17]mP[0xef][0xbf][0xbd][0xef][0xbf][0xbd][0xef][0xbf][0xbd]W[0xef][0xbf][0xbd][0xef][0xbf][0xbd]P[0xef][0xbf][0xbd][0xef][0xbf][0xbd]D?{[0xef][0xbf][0xbd][0x1b][0xef][0xbf][0xbd]M[0xef][0xbf][0xbd]3[0x5][0xef][0xbf][0xbd][0x9],[0xef][0xbf][0xbd]}1[0xef][0xbf][0xbd][0x18][0xef][0xbf][0xbd][0xef][0xbf][0xbd][0x17][0xef][0xbf][0xbd][0xef][0xbf][0xbd][0xef][0xbf][0xbd][0xef][0xbf][0xbd][0xef][0xbf][0xbd]h[0xef][0xbf][0xbd][0x16]|L[0xef][0xbf][0xbd]y'|#[0xef][0xbf][0xbd]x[0xef][0xbf][0xbd]q[0xef][0xbf][0xbd];[0xef][0xbf][0xbd][0xef][0xbf][0xbd][0x10][0x1c][0xef][0xbf][0xbd][0xef][0xbf][0xbd][0xef][0xbf][0xbd][0xef][0xbf][0xbd]<[0xef][0xbf][0xbd][0xef][0xbf][0xbd]#|[0xef][0xbf][0xbd][0xef][0xbf][0xbd][0xef][0xbf][0xbd]9[0xe][0xef][0xbf][0xbd][0x6][0xef][0xbf][0xbd]L[0x14][0xcb][0x86][0xef][0xbf][0xbd]A'[0x17][0xef][0xbf][0xbd][0x9]mb[0xef][0xbf][0xbd][0x18]][0xef][0xbf][0xbd][\r][0xc][0xef][0xbf][0xbd]=[0xef][0xbf][0xbd][0xef][0xbf][0xbd][0xef][0xbf][0xbd][0xef][0xbf][0xbd]0v[0xef][0xbf][0xbd][0xef][0xbf][0xbd][[0xef][0xbf][0xbd][0xef][0xbf][0xbd][0xef][0xbf][0xbd][0xc][0x1]J[0xef][0xbf][0xbd][0x11][0x12][0xef][0xbf][0xbd]Kvc[0xef][0xbf][0xbd][0xef][0xbf][0xbd][0xef][0xbf][0xbd][0xef][0xbf][0xbd][0xd9][0xb7][0xd5][0xa9][0xef][0xbf][0xbd][0xef][0xbf][0xbd][0xc]@[0x10][0xef][0xbf][0xbd][0xef][0xbf][0xbd]G[0xef][0xbf][0xbd]g^[0xef][0xbf][0xbd][0xef][0xbf][0xbd]|ZC[0xef][0xbf][0xbd][H[0x8]V[0xef][0xbf][0xbd]3[0xef][0xbf][0xbd][0xef][0xbf][0xbd][0xe][0xef][0xbf][0xbd][0xef][0xbf][0xbd][0xc6][0xa3][0xef][0xbf][0xbd][0x19][0xef][0xbf][0xbd][0xef][0xbf][0xbd][0xef][0xbf][0xbd][0x1c][0xef][0xbf][0xbd][0xef][0xbf][0xbd]<~[0xef][0xbf][0xbd][0xef][0xbf][0xbd]p[0xef][0xbf][0xbd][0xef][0xbf][0xbd]M[0xef][0xbf][0xbd]?[0xef][0xbf][0xbd]tI[0xef][0xbf][0xbd]t[0x1b]m[0xef][0xbf][0xbd][0xef][0xbf][0xbd]k[0xef][0xbf][0xbd][0xef][0xbf][0xbd][0xef][0xbf][0xbd][0xef][0xbf][0xbd][0xef][0xbf][0xbd]v[0xef][0xbf][0xbd]3[0xef][0xbf][0xbd][0xef][0xbf][0xbd]aZ[0x14][0xef][0xbf][0xbd][0xef][0xbf][0xbd]Lb [0xef][0xbf][0xbd][0x1f]+(B#[0xef][0xbf][0xbd][0xcf][0x86]r[0xdb][0xbf][0xef][0xbf][0xbd][0x1][0x1f]3[0xef][0xbf][0xbd][0xef][0xbf][0xbd][0xef][0xbf][0xbd]ic[0xcd][0xb5]}[0xef][0xbf][0xbd]#[0xef][0xbf][0xbd][0xef][0xbf][0xbd]J[0x18]D[0xef][0xbf][0xbd][0xef][0xbf][0xbd]u[0xef][0xbf][0xbd][0x1d]x[0xef][0xbf][0xbd][0x8]<}[0xef][0xbf][0xbd]6= [0xef][0xbf][0xbd][0xef][0xbf][0xbd][0xef][0xbf][0xbd][0xcd][0xb6][0x2][0xef][0xbf][0xbd][0xef][0xbf][0xbd][0xef][0xbf][0xbd][0x10][0xef][0xbf][0xbd][0x4][0xef][0xbf][0xbd][0xef][0xbf][0xbd]1[0xef][0xbf][0xbd]Y<[0xef][0xbf][0xbd]0[0xef][0xbf][0xbd][0xef][0xbf][0xbd]@hT[0xef][0xbf][0xbd];S[0xc8][0xad][0xef][0xbf][0xbd]Pj[0x3]e[0xef][0xbf][0xbd][0xef][0xbf][0xbd][0xef][0xbf][0xbd][0xc][0xef][0xbf][0xbd]Y J[0x11]Y[0xef][0xbf][0xbd][0x17]f[0xef][0xbf][0xbd][0xef][0xbf][0xbd]D[0x2][0xef][0xbf][0xbd][0xef][0xbf][0xbd][0xef][0xbf][0xbd][0x0]lYW`[0xef][0xbf][0xbd][0xef][0xbf][0xbd][0xef][0xbf][0xbd][0xef][0xbf][0xbd][0xef][0xbf][0xbd]{[0xef][0xbf][0xbd]?z[0xef][0xbf][0xbd][0xef][0xbf][0xbd]W[0xef][0xbf][0xbd][0xef][0xbf][0xbd][0xef][0xbf][0xbd]nh[0xef][0xbf][0xbd][0xef][0xbf][0xbd][0xd7][0x87][0xef][0xbf][0xbd]l[0xef][0xbf][0xbd][0xef][0xbf][0xbd]q[0xef][0xbf][0xbd][0xef][0xbf][0xbd][0xef][0xbf][0xbd][x[0xef][0xbf][0xbd]z[0xef][0xbf][0xbd]~[0xef][0xbf][0xbd][0x12][\r]_|[0xef][0xbf][0xbd]O@qRF[0xef][0xbf][0xbd][0x9]0h[0xef][0xbf][0xbd]Na[0xef][0xbf][0xbd][0xef][0xbf][0xbd][0xef][0xbf][0xbd][0xef][0xbf][0xbd][0xef][0xbf][0xbd]e[\r][0xef][0xbf][0xbd].[0xef][0xbf][0xbd]2[0x14][0x1b][0xef][0xbf][0xbd][0xef][0xbf][0xbd]?e[0xef][0xbf][0xbd][0x13][0xef][0xbf][0xbd][0xef][0xbf][0xbd]n[0xef][0xbf][0xbd][0xef][0xbf][0xbd][0x3][0xdf][0x9f][0xef][0xbf][0xbd][0xef][0xbf][0xbd]Y[0xef][0xbf][0xbd][0x8][0xef][0xbf][0xbd][0xef][0xbf][0xbd][0xef][0xbf][0xbd][0xef][0xbf][0xbd]S[0x1c][0xef][0xbf][0xbd][0xef][0xbf][0xbd]c[0xef][0xbf][0xbd]?[0xef][0xbf][0xbd]r?[0xef][0xbf][0xbd]R^f[0xef][0xbf][0xbd][0xef][0xbf][0xbd][0x0][0xef][0xbf][0xbd][0xef][0xbf][0xbd]\[0x19][0xef][0xbf][0xbd]<[0xe]2d[0xe9][0x9b][0xa1][0xef][0xbf][0xbd][0xef][0xbf][0xbd]c[0xef][0xbf][0xbd][0x13][0xef][0xbf][0xbd]N[0xef][0xbf][0xbd][0xef][0xbf][0xbd][0xef][0xbf][0xbd]#[0xef][0xbf][0xbd][0xd3][0xb8][0xef][0xbf][0xbd][0xef][0xbf][0xbd][0xef][0xbf][0xbd]?[0xef][0xbf][0xbd][0xc6][0x8f][0x13][0xef][0xbf][0xbd][0xef][0xbf][0xbd][0xef][0xbf][0xbd]][0xef][0xbf][0xbd]/:[0xef][0xbf][0xbd][0xc5][0x8a][0x0][0xef][0xbf][0xbd]O#[0x1a][0x11]c[0xc][0xef][0xbf][0xbd][0xef][0xbf][0xbd][0xef][0xbf][0xbd]l[0xef][0xbf][0xbd]j[0xef][0xbf][0xbd]'z[0xef][0xbf][0xbd][0xef][0xbf][0xbd][\n]"
07:56:30.898 [main] DEBUG org.apache.http.wire -  >> "O[0x2][0xef][0xbf][0xbd]%[0x11][0xef][0xbf][0xbd][0xef][0xbf][0xbd][0xef][0xbf][0xbd][0xef][0xbf][0xbd][0xef][0xbf][0xbd]X[0x19][0xef][0xbf][0xbd][0xef][0xbf][0xbd]Q[0xef][0xbf][0xbd][0xef][0xbf][0xbd]8[0x1c][0xef][0xbf][0xbd][0xef][0xbf][0xbd][0x14][0xef][0xbf][0xbd][0x1d][0x10][0xef][0xbf][0xbd][0xef][0xbf][0xbd][0xc4][0x93]4([0xef][0xbf][0xbd][0xef][0xbf][0xbd]cDX[0x12]@[0x6]u[0xdb][0xb2][0x14]U[0xef][0xbf][0xbd]op[0xef][0xbf][0xbd]:[0xef][0xbf][0xbd]qqe[0xef][0xbf][0xbd][0xc9][0x8d][0xef][0xbf][0xbd][0xef][0xbf][0xbd][0xf][0xef][0xbf][0xbd][0x1f]zto][0xef][0xbf][0xbd]^[0xef][0xbf][0xbd]1sQ[0xef][0xbf][0xbd][0xef][0xbf][0xbd][0xef][0xbf][0xbd][0xef][0xbf][0xbd][0xc][0x1b][0x1d][0x1e][0xef][0xbf][0xbd]e`k[0xef][0xbf][0xbd][0xef][0xbf][0xbd][0xef][0xbf][0xbd]3[0xef][0xbf][0xbd]KV[0x11]p[0xef][0xbf][0xbd][0xef][0xbf][0xbd][0xef][0xbf][0xbd][0xef][0xbf][0xbd]`;[0xef][0xbf][0xbd]H[0xef][0xbf][0xbd]s[0xef][0xbf][0xbd][0xef][0xbf][0xbd][0xef][0xbf][0xbd][0xef][0xbf][0xbd][0xef][0xbf][0xbd]_}[0xef][0xbf][0xbd][0x11]u[0xef][0xbf][0xbd][0xd7][0xbd]{[0xef][0xbf][0xbd][\n]"
07:56:30.898 [main] DEBUG org.apache.http.wire -  >> "[0xef][0xbf][0xbd][0xef][0xbf][0xbd][0xef][0xbf][0xbd][0xef][0xbf][0xbd][0xef][0xbf][0xbd].[0xef][0xbf][0xbd][0xef][0xbf][0xbd][0xef][0xbf][0xbd]7[0xef][0xbf][0xbd][0xef][0xbf][0xbd][0xef][0xbf][0xbd]=+q[0xcc][0x9d][0x18]%[0x1f][0x3][0x18]T[0x5][0xef][0xbf][0xbd][0xef][0xbf][0xbd][0xef][0xbf][0xbd][0xef][0xbf][0xbd][0xef][0xbf][0xbd]E[0xef][0xbf][0xbd][0xef][0xbf][0xbd]3d9O+[0xdc][0x96][0x4]K[0xef][0xbf][0xbd][0xef][0xbf][0xbd][0xef][0xbf][0xbd][0xef][0xbf][0xbd];[0xef][0xbf][0xbd][0x1f][0xef][0xbf][0xbd][0xef][0xbf][0xbd]f[0xef][0xbf][0xbd][0xef][0xbf][0xbd][0x5][0x1c][0xc]M/[0x5][0xef][0xbf][0xbd]a[0xef][0xbf][0xbd]N[0xef][0xbf][0xbd]:\F[0xef][0xbf][0xbd]>KcY[0xe][0xcd][0x98][0xef][0xbf][0xbd][0x4][0x2]Q[0xef][0xbf][0xbd][0xef][0xbf][0xbd][0xef][0xbf][0xbd][0xef][0xbf][0xbd],[0x0][0xef][0xbf][0xbd][0xef][0xbf][0xbd][0x0]Vo[0x5]b[0xef][0xbf][0xbd][0xef][0xbf][0xbd]S[0xef][0xbf][0xbd][0xef][0xbf][0xbd][0xef][0xbf][0xbd][0xef][0xbf][0xbd][0xef][0xbf][0xbd]vK[0xc9][0xaf][0x12]?[0xef][0xbf][0xbd]w[0xef][0xbf][0xbd][0xef][0xbf][0xbd][0xef][0xbf][0xbd] [0xef][0xbf][0xbd][0x1f][0xef][0xbf][0xbd][0xef][0xbf][0xbd]0[0xef][0xbf][0xbd]~,rX[0x18][0xef][0xbf][0xbd][0xef][0xbf][0xbd][0xef][0xbf][0xbd].[0x1d][0xef][0xbf][0xbd]\>h[0x0][0xef][0xbf][0xbd]5[0xef][0xbf][0xbd][0xef][0xbf][0xbd]{[0xef][0xbf][0xbd]]n8<[0x19]X,Jt[0xef][0xbf][0xbd][0xef][0xbf][0xbd][0xef][0xbf][0xbd]\[0xef][0xbf][0xbd][0xef][0xbf][0xbd]5[0xef][0xbf][0xbd][0xef][0xbf][0xbd][0xd9][0x8c][0xef][0xbf][0xbd]y[0xef][0xbf][0xbd]xT[0xef][0xbf][0xbd][0xef][0xbf][0xbd][0xef][0xbf][0xbd][0x1f][0xef][0xbf][0xbd][0xef][0xbf][0xbd][0xef][0xbf][0xbd][[0xef][0xbf][0xbd]I[0x9][0xb][0xef][0xbf][0xbd][0xef][0xbf][0xbd]|[\r]MY[0xef][0xbf][0xbd]Q[0xef][0xbf][0xbd][0xef][0xbf][0xbd][0xef][0xbf][0xbd][0xef][0xbf][0xbd][0xef][0xbf][0xbd]kZCf[0xef][0xbf][0xbd][0xef][0xbf][0xbd][0x11]0q[0xef][0xbf][0xbd][0xef][0xbf][0xbd][0xc8][0x90][0xef][0xbf][0xbd]K[0xef][0xbf][0xbd]0I;[0xef][0xbf][0xbd]:p[0xef][0xbf][0xbd])M[0xef][0xbf][0xbd][0xef][0xbf][0xbd]U[0xef][0xbf][0xbd][0xef][0xbf][0xbd]j[0xef][0xbf][0xbd][0x1e]T[0xb][0xef][0xbf][0xbd]:[0xef][0xbf][0xbd]f[0xda][0xb1][0x1d]oC[0xef][0xbf][0xbd]J[0xef][0xbf][0xbd][0xef][0xbf][0xbd][0xef][0xbf][0xbd]A[0xee][0xaf][0x9e][0xef][0xbf][0xbd]>[0xef][0xbf][0xbd][0xc6][0xa3][0xef][0xbf][0xbd][0xef][0xbf][0xbd][0xef][0xbf][0xbd][0xef][0xbf][0xbd]E[0xef][0xbf][0xbd][0xef][0xbf][0xbd]6[0xef][0xbf][0xbd][0xef][0xbf][0xbd][0xf]Ey[0xef][0xbf][0xbd][0xef][0xbf][0xbd][0xef][0xbf][0xbd][0xef][0xbf][0xbd][g[0x0][0xef][0xbf][0xbd][0xef][0xbf][0xbd][0xef][0xbf][0xbd]@C[0xef][0xbf][0xbd]4[0xef][0xbf][0xbd]w[0xef][0xbf][0xbd]q.[0x1a]r[0xef][0xbf][0xbd][0xef][0xbf][0xbd][0x1e][0x3]*U[0xef][0xbf][0xbd][0xe]%[0xef][0xbf][0xbd]7=[0xef][0xbf][0xbd][0xc6][0x80][0xef][0xbf][0xbd][0x16][0xef][0xbf][0xbd][0xef][0xbf][0xbd]s)[0xef][0xbf][0xbd][0xd3][0x80][0x1a][0xf][0xef][0xbf][0xbd][0xef][0xbf][0xbd][0xef][0xbf][0xbd]6u[0xef][0xbf][0xbd][0xe7][0x98][0x96][0xef][0xbf][0xbd][0xef][0xbf][0xbd][0xef][0xbf][0xbd][0xef][0xbf][0xbd][0xcb][0x94][0xef][0xbf][0xbd][0xef][0xbf][0xbd][0xef][0xbf][0xbd]UB[0xef][0xbf][0xbd][0x1c]7[0xef][0xbf][0xbd][0xef][0xbf][0xbd]8[0xef][0xbf][0xbd]z*[0xc8][0xb9][0xef][0xbf][0xbd])L[0xef][0xbf][0xbd][0x14][0xb][\n]"
07:56:30.898 [main] DEBUG org.apache.http.wire -  >> "^[0xef][0xbf][0xbd][0xef][0xbf][0xbd][0xcc][0xbb][0xef][0xbf][0xbd][0xef][0xbf][0xbd][0x11];;[0xef][0xbf][0xbd][0xef][0xbf][0xbd][0xef][0xbf][0xbd]#[0xef][0xbf][0xbd]j'[0xef][0xbf][0xbd][0xef][0xbf][0xbd]G[0xef][0xbf][0xbd]>qK[0xef][0xbf][0xbd][0xef][0xbf][0xbd]N-Zl[0xca][0xad][0xef][0xbf][0xbd][0xef][0xbf][0xbd]d[0xef][0xbf][0xbd][0xef][0xbf][0xbd][0xef][0xbf][0xbd]g1V[0xef][0xbf][0xbd][0xef][0xbf][0xbd][0x15]v\Y[0xef][0xbf][0xbd]IW[0xef][0xbf][0xbd][0xef][0xbf][0xbd]![0x1e][0xef][0xbf][0xbd]v[0xef][0xbf][0xbd]h[0xef][0xbf][0xbd][0xef][0xbf][0xbd][0xf]-&#[0x1a]L[0xc7][0x82]:[[0x1e]A984[0xef][0xbf][0xbd][0x1a][0xef][0xbf][0xbd]k[0xef][0xbf][0xbd][0xef][0xbf][0xbd][\n]"
07:56:30.898 [main] DEBUG org.apache.http.wire -  >> "[0xef][0xbf][0xbd][0xef][0xbf][0xbd]|[0xef][0xbf][0xbd][0xef][0xbf][0xbd][0xef][0xbf][0xbd][0xef][0xbf][0xbd]D[0xc]@5[0xef][0xbf][0xbd]q[0xef][0xbf][0xbd][0xef][0xbf][0xbd][0xef][0xbf][0xbd]U[0xef][0xbf][0xbd][0x14][0x1d][0xef][0xbf][0xbd][0xef][0xbf][0xbd][0x13][0xef][0xbf][0xbd][0xef][0xbf][0xbd][0x13]][0xef][0xbf][0xbd][0x1e]w[0xef][0xbf][0xbd]8[0xef][0xbf][0xbd][0xef][0xbf][0xbd]|z[0x1d][0xef][0xbf][0xbd][0xef][0xbf][0xbd]{[0xef][0xbf][0xbd]^[0xef][0xbf][0xbd][0xef][0xbf][0xbd]>`[0xef][0xbf][0xbd]T[0xef][0xbf][0xbd]>[0xef][0xbf][0xbd][0xef][0xbf][0xbd]18I[0xef][0xbf][0xbd][0xef][0xbf][0xbd][0xef][0xbf][0xbd]2[0xef][0xbf][0xbd][0xef][0xbf][0xbd][0xef][0xbf][0xbd]6Z[0xef][0xbf][0xbd]T[0xef][0xbf][0xbd]<[0xcd][0xbd][0xef][0xbf][0xbd][0xef][0xbf][0xbd][0xef][0xbf][0xbd][0x17][0xef][0xbf][0xbd][0x3]Z[0xef][0xbf][0xbd][0xef][0xbf][0xbd][0xef][0xbf][0xbd][0xef][0xbf][0xbd][0xef][0xbf][0xbd]![0x1e][0xef][0xbf][0xbd]x[0xef][0xbf][0xbd][0xef][0xbf][0xbd]g[0xef][0xbf][0xbd];[0xef][0xbf][0xbd][0xef][0xbf][0xbd]m[0xef][0xbf][0xbd][0xef][0xbf][0xbd]O[0xef][0xbf][0xbd]|[0xef][0xbf][0xbd][0xef][0xbf][0xbd][0xef][0xbf][0xbd]_[0xef][0xbf][0xbd][0xef][0xbf][0xbd]~[\r][0xef][0xbf][0xbd]l[0xef][0xbf][0xbd][0xf]U[0xef][0xbf][0xbd][0xd0][0x88]o[0xef][0xbf][0xbd][0xef][0xbf][0xbd]?[0xef][0xbf][0xbd]k[0xef][0xbf][0xbd][0xef][0xbf][0xbd][[0xef][0xbf][0xbd][0xef][0xbf][0xbd]t4[0x4]Yh[0xef][0xbf][0xbd][0xef][0xbf][0xbd][0x3][0xef][0xbf][0xbd][0xef][0xbf][0xbd][0xef][0xbf][0xbd][0xef][0xbf][0xbd])[0x19]![0xef][0xbf][0xbd]E[0xde][0x8c][0xef][0xbf][0xbd][0xc9][0xa2]:[0xef][0xbf][0xbd]Lw[0xef][0xbf][0xbd][0xef][0xbf][0xbd][0xd7][0xb3]R[0xef][0xbf][0xbd][0xcb][0x95]k][0x14][0xef][0xbf][0xbd]!Z[0xef][0xbf][0xbd][0xef][0xbf][0xbd][0xef][0xbf][0xbd][0xef][0xbf][0xbd][0xef][0xbf][0xbd]z[0xef][0xbf][0xbd][0x4]_^[0xef][0xbf][0xbd][0x7]O([0xef][0xbf][0xbd]#[0xef][0xbf][0xbd]d<[0xef][0xbf][0xbd]P[0xef][0xbf][0xbd][0xef][0xbf][0xbd]7[0xef][0xbf][0xbd][0xef][0xbf][0xbd][0xef][0xbf][0xbd][0xef][0xbf][0xbd]Fi[0xef][0xbf][0xbd]V[0xef][0xbf][0xbd]+5(J[0xef][0xbf][0xbd][0xe][0xef][0xbf][0xbd]}[0xce][0xad]=[0x1d]S3[0x10][[0xef][0xbf][0xbd][0xef][0xbf][0xbd][0xef][0xbf][0xbd][0xef][0xbf][0xbd][0xef][0xbf][0xbd]bdY<2Q[0xef][0xbf][0xbd][0x1e][0x1d][0xef][0xbf][0xbd][0xef][0xbf][0xbd][0xef][0xbf][0xbd]%[0x13]f][0x1c][0xef][0xbf][0xbd][0xef][0xbf][0xbd]+[0xef][0xbf][0xbd]wm[0xef][0xbf][0xbd],[0x1c][0xef][0xbf][0xbd][0xef][0xbf][0xbd]"[0xef][0xbf][0xbd][0xef][0xbf][0xbd]5[0xef][0xbf][0xbd]4[0xef][0xbf][0xbd][0xef][0xbf][0xbd]}[0xef][0xbf][0xbd][0x1e]c[0x1a][0xef][0xbf][0xbd][0xef][0xbf][0xbd][0xef][0xbf][0xbd][0xef][0xbf][0xbd]zN#=[0xef][0xbf][0xbd][0xef][0xbf][0xbd]Z.Te[0xef][0xbf][0xbd]-d\[0xef][0xbf][0xbd][0x1b],79[0xef][0xb2][0x99][0xef][0xbf][0xbd]v[0xef][0xbf][0xbd]8*[0xef][0xbf][0xbd][0x4][0x16][0xef][0xbf][0xbd][0xef][0xbf][0xbd]Qp[0xef][0xbf][0xbd]9[0x1d]-6[0xef][0xbf][0xbd]8\/[0xef][0xbf][0xbd][0xc8][0xbb][0xef][0xbf][0xbd]~X21^[0x1f][0xef][0xbf][0xbd]d[0xef][0xbf][0xbd]_[0xef][0xbf][0xbd][0xef][0xbf][0xbd]gYA[\n]"
07:56:30.899 [main] DEBUG org.apache.http.wire -  >> ".[0xef][0xbf][0xbd]\[\r][0x10][0x19]8bcP[0xef][0xbf][0xbd][0xef][0xbf][0xbd]L[\n]"
07:56:30.899 [main] DEBUG org.apache.http.wire -  >> "4.75#[0xef][0xbf][0xbd]}[0xef][0xbf][0xbd][0xef][0xbf][0xbd]~{[0xef][0xbf][0xbd][0x1c]z[0xef][0xbf][0xbd][0xc6][0xbd]8{_[0xef][0xbf][0xbd][0xef][0xbf][0xbd][0xef][0xbf][0xbd]?[0xef][0xbf][0xbd][0xef][0xbf][0xbd][0xef][0xbf][0xbd]-[0xef][0xbf][0xbd][0xef][0xbf][0xbd]_|c[0x7][0xef][0xbf][0xbd]Q[0xef][0xbf][0xbd][0xef][0xbf][0xbd][0xef][0xbf][0xbd][0xef][0xbf][0xbd]qo[0xef][0xbf][0xbd]Tr[0xef][0xbf][0xbd]Q[g~/[0xef][0xbf][0xbd][0xef][0xbf][0xbd][0xef][0xbf][0xbd][0xef][0xbf][0xbd]}[0xef][0xbf][0xbd][0x13]v[0xef][0xbf][0xbd]9[0xc][0xef][0xbf][0xbd][0xef][0xbf][0xbd][0x11][0xef][0xbf][0xbd]H[0xef][0xbf][0xbd][0x6][0xef][0xbf][0xbd][0x15][0xef][0xbf][0xbd]b[0xef][0xbf][0xbd][0xef][0xbf][0xbd][0xef][0xbf][0xbd]3[0xef][0xbf][0xbd][0xef][0xbf][0xbd][0xef][0xbf][0xbd]{[0xef][0xbf][0xbd][0xef][0xbf][0xbd]G[0xef][0xbf][0xbd]''[0x1a]2t4;kqO[0xef][0xbf][0xbd][0xef][0xbf][0xbd]8B[0xef][0xbf][0xbd][0x1c][0xef][0xbf][0xbd]:[0xef][0xbf][0xbd]&z[0xef][0xbf][0xbd]C;[0x1d]<[0xef][0xbf][0xbd][0xef][0xbf][0xbd]W[0xef][0xbf][0xbd][0x1c][0xef][0xbf][0xbd]0[0xdf][0x9d][0xef][0xbf][0xbd][0xef][0xbf][0xbd]k[0xef][0xbf][0xbd]_[0xef][0xbf][0xbd]3[0xef][0xbf][0xbd][0xef][0xbf][0xbd]c\[\n]"
07:56:30.899 [main] DEBUG org.apache.http.wire -  >> "[0xef][0xbf][0xbd].%[0xef][0xbf][0xbd]B[0xef][0xbf][0xbd]*];[0xef][0xbf][0xbd][0xef][0xbf][0xbd][0x18][0xef][0xbf][0xbd]n[0xef][0xbf][0xbd]1f&+K [0x9][0xef][0xbf][0xbd][0xc8][0x8e][0xef][0xbf][0xbd][0xef][0xbf][0xbd]-[0x1a]s[0x4][0xd0][0xaa]<[0x7]4[0xef][0xbf][0xbd]j[0xef][0xbf][0xbd]4h[0xef][0xbf][0xbd][0xef][0xbf][0xbd]I!c[0x14][0xef][0xbf][0xbd][0xef][0xbf][0xbd][0xef][0xbf][0xbd][0xef][0xbf][0xbd]m[0xef][0xbf][0xbd]xZ[0x18][0xef][0xbf][0xbd][0xcf][0xba][0xef][0xbf][0xbd][0xef][0xbf][0xbd]O[0x12][0xef][0xbf][0xbd][0xef][0xbf][0xbd][0xef][0xbf][0xbd](t[0xef][0xbf][0xbd][0xef][0xbf][0xbd][0xef][0xbf][0xbd]_[0xef][0xbf][0xbd][0xef][0xbf][0xbd]/L[0xef][0xbf][0xbd][0xef][0xbf][0xbd][0xef][0xbf][0xbd]u[0x18][0xd6][0xbd][0xef][0xbf][0xbd][0xef][0xbf][0xbd][0xef][0xbf][0xbd]$([0xc9][0xa4] Y!`[0xef][0xbf][0xbd]"[0xef][0xbf][0xbd]0![0xef][0xbf][0xbd][0xef][0xbf][0xbd][0x13]E[0xef][0xbf][0xbd]D@[0xef][0xbf][0xbd]@[0xef][0xbf][0xbd]rUDP[0xef][0xbf][0xbd][0xef][0xbf][0xbd][0xef][0xbf][0xbd][0xef][0xbf][0xbd]([0xef][0xbf][0xbd][0xef][0xbf][0xbd](Bv[0xef][0xbf][0xbd]1m[0x7][0x3][0xef][0xbf][0xbd][0x1][0x2]J%[0xef][0xbf][0xbd]T[0xef][0xbf][0xbd]B[0xef][0xbf][0xbd]I[0xef][0xbf][0xbd][0xef][0xbf][0xbd]I[0xef][0xbf][0xbd][0xc][0xef][0xbf][0xbd]RNY[0x12][0xc5][0x81]([0xef][0xbf][0xbd][0xef][0xbf][0xbd][0xef][0xbf][0xbd][0x10][0x3][0x10]$[0x6][0xef][0xbf][0xbd][0xef][0xbf][0xbd][0x19][0xef][0xbf][0xbd]"
07:56:30.899 [main] DEBUG org.apache.http.wire -  >> "7[0xef][0xbf][0xbd][0x3][0xc]0sf[0xef][0xbf][0xbd][0xef][0xbf][0xbd][0xef][0xbf][0xbd][0xef][0xbf][0xbd][0xef][0xbf][0xbd]^[0xef][0xbf][0xbd]W?{[0xef][0xbf][0xbd][0xb][0xef][0xbf][0xbd]r[0xef][0xbf][0xbd]s[0xef][0xbf][0xbd][0x3][0xef][0xbf][0xbd][0xef][0xbf][0xbd][0xef][0xbf][0xbd]~/[0xcf][0xbd]{[0xef][0xbf][0xbd][0xef][0xbf][0xbd][0xef][0xbf][0xbd][0xef][0xbf][0xbd][0xef][0xbf][0xbd]&[0xef][0xbf][0xbd][0xef][0xbf][0xbd]n[0xef][0xbf][0xbd]X[0xef][0xbf][0xbd][0xb][0xef][0xbf][0xbd]6[0x0]0gA[0xef][0xbf][0xbd][0xef][0xbf][0xbd][BF[0xef][0xbf][0xbd][0xef][0xbf][0xbd] [0xef][0xbf][0xbd][0xef][0xbf][0xbd][0x10][0xef][0xbf][0xbd][0xef][0xbf][0xbd]ks[0xef][0xbf][0xbd][0xef][0xbf][0xbd][0xef][0xbf][0xbd]z[0xef][0xbf][0xbd][0xef][0xbf][0xbd][0xef][0xbf][0xbd][0xef][0xbf][0xbd][0xef][0xbf][0xbd][0xef][0xbf][0xbd][0xef][0xbf][0xbd][0xef][0xbf][0xbd][0x10][0x6]n[0xef][0xbf][0xbd][0xef][0xbf][0xbd]7[0xef][0xbf][0xbd]*[0xef][0xbf][0xbd]y[0xef][0xbf][0xbd]nm,[0xef][0xbf][0xbd][0xef][0xbf][0xbd]:[0xef][0xbf][0xbd][0xef][0xbf][0xbd][0xef][0xbf][0xbd][0xef][0xbf][0xbd][0xef][0xbf][0xbd]^[0xef][0xbf][0xbd]g[0xef][0xbf][0xbd][0xef][0xbf][0xbd][0xef][0xbf][0xbd][0xef][0xbf][0xbd][0xef][0xbf][0xbd][0xef][0xbf][0xbd]y[0xef][0xbf][0xbd][0x2][0x6][0xef][0xbf][0xbd][0xef][0xbf][0xbd][0xdd][0x81][0x3][0xef][0xbf][0xbd]L\[\n]"
07:56:30.899 [main] DEBUG org.apache.http.wire -  >> "Buoe[0xb][0xef][0xbf][0xbd][0xef][0xbf][0xbd][0xef][0xbf][0xbd] [0xef][0xbf][0xbd][0xef][0xbf][0xbd][\r]YW2:[0xef][0xbf][0xbd][0xef][0xbf][0xbd][0x4])[0xef][0xbf][0xbd][0xef][0xbf][0xbd]W4[0xef][0xbf][0xbd]\[0x0][0x10]`[0xef][0xbf][0xbd][0xef][0xbf][0xbd][0xef][0xbf][0xbd][0x18] %dZ[0xef][0xbf][0xbd]W[0xef][0xbf][0xbd][0x15] [0xef][0xbf][0xbd]5p[0xc][0x11]4[0xef][0xbf][0xbd]MI[0xd0][0x83]{t[0xef][0xbf][0xbd][0x19][0xef][0xbf][0xbd]Q[0xef][0xbf][0xbd][0xef][0xbf][0xbd]/2[0xef][0xbf][0xbd][0x14]z[0xef][0xbf][0xbd][0x4][0xef][0xbf][0xbd][0xef][0xbf][0xbd]3Ti<[0xef][0xbf][0xbd][0xef][0xbf][0xbd][0xef][0xbf][0xbd]@[0xef][0xbf][0xbd]P[0xef][0xbf][0xbd][0x17][0xef][0xbf][0xbd][0xef][0xbf][0xbd][0xef][0xbf][0xbd][0xef][0xbf][0xbd]y?[0xef][0xbf][0xbd][0x18][0x1f][0xd4][0x89][0x15]([0xef][0xbf][0xbd][0xef][0xbf][0xbd].[0xef][0xbf][0xbd]8[0x1e]C[0xd9][0x96][0xb].[0xef][0xbf][0xbd][0xef][0xbf][0xbd]2[0xef][0xbf][0xbd][0xef][0xbf][0xbd][0xc]`F[0xef][0xbf][0xbd][0xef][0xbf][0xbd][0x9]bQ[0x11][0xd6][0xa1][0xef][0xbf][0xbd][0x9][0xef][0xbf][0xbd];[0x4][0xef][0xbf][0xbd]n[0xef][0xbf][0xbd]&H[0xef][0xbf][0xbd]x[0xef][0xbf][0xbd][0x1d][0x0][0xef][0xbf][0xbd][0xef][0xbf][0xbd][0xef][0xbf][0xbd]e[0xef][0xbf][0xbd][0xef][0xbf][0xbd][0xef][0xbf][0xbd]%Z[0xef][0xbf][0xbd][\r][0xef][0xbf][0xbd]i[0xef][0xbf][0xbd][0xef][0xbf][0xbd]P[0x2][0xef][0xbf][0xbd]~r[0xef][0xbf][0xbd]6#[0xef][0xbf][0xbd]l[0xef][0xbf][0xbd]c[0xef][0xbf][0xbd][0xef][0xbf][0xbd]s[0xdc][0xb4][0xef][0xbf][0xbd][0xef][0xbf][0xbd][0xef][0xbf][0xbd][0xef][0xbf][0xbd][0x0][0xdd][0x86]L[0xef][0xbf][0xbd];[0x12][0xef][0xbf][0xbd]4[0xef][0xbf][0xbd][0xef][0xbf][0xbd]@[0xef][0xbf][0xbd]A[0xef][0xbf][0xbd]5v[0xef][0xbf][0xbd][0xef][0xbf][0xbd][0x17]al~[0xef][0xbf][0xbd][0xef][0xbf][0xbd][0xef][0xbf][0xbd][0xef][0xbf][0xbd][0xef][0xbf][0xbd][0xe3][0xb7][0x9d][0xef][0xbf][0xbd]+[0xef][0xbf][0xbd][0xef][0xbf][0xbd]@[0x5][0xef][0xbf][0xbd][0xef][0xbf][0xbd][0x2][0xef][0xbf][0xbd][0xcc][0x83]X v"H[0xef][0xbf][0xbd]^[0xd3][0x80][0xef][0xbf][0xbd]Y|1l[0xef][0xbf][0xbd][0xef][0xbf][0xbd]g[0xef][0xbf][0xbd][0xef][0xbf][0xbd][0xef][0xbf][0xbd][0xef][0xbf][0xbd][0xef][0xbf][0xbd][0xef][0xbf][0xbd][0xef][0xbf][0xbd][0x9][0xef][0xbf][0xbd][\n]"
07:56:30.899 [main] DEBUG org.apache.http.wire -  >> "[0xef][0xbf][0xbd][0xef][0xbf][0xbd][0xef][0xbf][0xbd][0xef][0xbf][0xbd]ln[0xef][0xbf][0xbd]C[0x1c][0xef][0xbf][0xbd]?x[0xef][0xbf][0xbd]t[0xef][0xbf][0xbd][[0xef][0xbf][0xbd]b[0xef][0xbf][0xbd]Cn5H[0xef][0xbf][0xbd][0xef][0xbf][0xbd][0xd5][0xb7]]C[0xef][0xbf][0xbd][0x7][0xef][0xbf][0xbd]b8Xvz[0xf]\[0xef][0xbf][0xbd][0xf]e[0xef][0xbf][0xbd][0x1b]0[0xef][0xbf][0xbd][0xef][0xbf][0xbd]/[0xef][0xbf][0xbd][0xef][0xbf][0xbd][0x18][\n]"
07:56:30.899 [main] DEBUG org.apache.http.wire -  >> "[0xef][0xbf][0xbd][0xef][0xbf][0xbd][0xef][0xbf][0xbd][0xef][0xbf][0xbd][0xef][0xbf][0xbd][0xca][0x8a]l[0xef][0xbf][0xbd][0x1][0xef][0xbf][0xbd][0xef][0xbf][0xbd][0xef][0xbf][0xbd][0xef][0xbf][0xbd][\n]"
07:56:30.899 [main] DEBUG org.apache.http.wire -  >> "5[0xef][0xbf][0xbd][0xf][0x14][0x1b][0x12][0xef][0xbf][0xbd][0xef][0xbf][0xbd][0xef][0xbf][0xbd]2[0xef][0xbf][0xbd][0xef][0xbf][0xbd]\[0xef][0xbf][0xbd][0xef][0xbf][0xbd]O[0xef][0xbf][0xbd]d[0xef][0xbf][0xbd][0xef][0xbf][0xbd][0xef][0xbf][0xbd]H[0xef][0xbf][0xbd]-[0xdc][0x87]!,[0xef][0xbf][0xbd][0x1a][0xef][0xbf][0xbd][0xef][0xbf][0xbd]g*[0xd3][0xb6][0xef][0xbf][0xbd]?[0xef][0xbf][0xbd]g[0xef][0xbf][0xbd][0xef][0xbf][0xbd][0xef][0xbf][0xbd],[0xef][0xbf][0xbd]o[0xef][0xbf][0xbd][0xef][0xbf][0xbd]][0xef][0xbf][0xbd][0xef][0xbf][0xbd][0xef][0xbf][0xbd][0xef][0xbf][0xbd]nR[0xef][0xbf][0xbd][0xef][0xbf][0xbd][0xb][0xef][0xbf][0xbd]p[0x11][0xef][0xbf][0xbd]D#[0xef][0xbf][0xbd][0xef][0xbf][0xbd]P[0x13]mA[0xef][0xbf][0xbd]oT9Q[0xef][0xbf][0xbd]rw[0xef][0xbf][0xbd][0xef][0xbf][0xbd][0xec][0xb8][0xb1]w[0xef][0xbf][0xbd]l[0xea][0xa0][0x8f]v[0xef][0xbf][0xbd]Yh[0x5]fa[0x13]@[0xef][0xbf][0xbd][0x9][0x1b][0xef][0xbf][0xbd]va[0x1]A[0xce][0x94]}XV[0xef][0xbf][0xbd][0xd8][0xa0][0xef][0xbf][0xbd][0xe][0xef][0xbf][0xbd][0xef][0xbf][0xbd][0xef][0xbf][0xbd][0xd9][0xa7][0xef][0xbf][0xbd][0xd1][0x92][0xef][0xbf][0xbd][0xef][0xbf][0xbd]l,4[0xef][0xbf][0xbd][0xef][0xbf][0xbd]r[0xef][0xbf][0xbd][0x2][0xcb][0xbd]Q[0xef][0xbf][0xbd][0xef][0xbf][0xbd][0xdf][0xad][0xef][0xbf][0xbd]lq[\r][0x14][0xef][0xbf][0xbd]c]a[0x3]\a [0xef][0xbf][0xbd][0xef][0xbf][0xbd][0xef][0xbf][0xbd]M[0xef][0xbf][0xbd]([0xef][0xbf][0xbd][0x2][0xef][0xbf][0xbd]b[0xef][0xbf][0xbd][0x0][[0xd6][0x9a][0x1d]>[0xef][0xbf][0xbd]0{I[0x16]va_[0xd7][0xa7][0xef][0xbf][0xbd]p[0xef][0xbf][0xbd]9[0xef][0xbf][0xbd][0xef][0xbf][0xbd]o}[0xef][0xbf][0xbd][0xef][0xbf][0xbd][0xef][0xbf][0xbd][0xef][0xbf][0xbd][0xcd][0x90][0xef][0xbf][0xbd]/[0x1d][0xef][0xbf][0xbd][0xef][0xbf][0xbd][0xef][0xbf][0xbd].m[0xef][0xbf][0xbd]d#fN[0xef][0xbf][0xbd]1R[0xe5][0xad][0x9e]![0x3]S1[0x2][0xef][0xbf][0xbd][0xef][0xbf][0xbd][0xef][0xbf][0xbd]}[0x19][0xef][0xbf][0xbd][0xef][0xbf][0xbd]l[0xef][0xbf][0xbd][0xef][0xbf][0xbd][0xef][0xbf][0xbd]C[0xef][0xbf][0xbd][0x11][0xef][0xbf][0xbd][0xef][0xbf][0xbd][0xef][0xbf][0xbd]l[0xef][0xbf][0xbd][0xef][0xbf][0xbd]xM150)_[0xef][0xbf][0xbd]=[0xef][0xbf][0xbd]]j]P+[0x0]X[0xef][0xbf][0xbd][0xef][0xbf][0xbd]|[0xef][0xbf][0xbd][0xef][0xbf][0xbd][0xef][0xbf][0xbd][0xef][0xbf][0xbd][0xef][0xbf][0xbd]x[0xef][0xbf][0xbd][0xef][0xbf][0xbd][0xef][0xbf][0xbd]vU9[0xef][0xbf][0xbd][0xef][0xbf][0xbd][0xef][0xbf][0xbd][0xef][0xbf][0xbd][0xef][0xbf][0xbd]7r[0xef][0xbf][0xbd][0xef][0xbf][0xbd][0xef][0xbf][0xbd]b[0xef][0xbf][0xbd]k[0xef][0xbf][0xbd]D[0xef][0xbf][0xbd][0xef][0xbf][0xbd][\n]"
07:56:30.899 [main] DEBUG org.apache.http.wire -  >> "X[0x14][0xef][0xbf][0xbd][0xef][0xbf][0xbd][0xef][0xbf][0xbd][0xef][0xbf][0xbd][0x15]C[0xef][0xbf][0xbd][0xef][0xbf][0xbd][0xef][0xbf][0xbd][0xef][0xbf][0xbd][0xef][0xbf][0xbd][0xef][0xbf][0xbd]wF[0xef][0xbf][0xbd][0xef][0xbf][0xbd][0xef][0xbf][0xbd]hEm[0xef][0xbf][0xbd][0xef][0xbf][0xbd][0xef][0xbf][0xbd]n2\[0xef][0xbf][0xbd][0x16][0xef][0xbf][0xbd][0xef][0xbf][0xbd]P[0xef][0xbf][0xbd]NV8[0xef][0xbf][0xbd]5-b[0x5]a @[0x1c][0xb][0xef][0xbf][0xbd]=[0xef][0xbf][0xbd])[0xef][0xbf][0xbd][0xef][0xbf][0xbd][0x1e][\r]N[0xef][0xbf][0xbd]\2[0xef][0xbf][0xbd][0xef][0xbf][0xbd]h:wc[0x16]|^S[0xef][0xbf][0xbd][0xef][0xbf][0xbd]Ah[0xef][0xbf][0xbd][0xef][0xbf][0xbd][0xef][0xbf][0xbd][0xef][0xbf][0xbd][0xcb][0xbc][0xef][0xbf][0xbd][0xc4][0xb4]l[0xef][0xbf][0xbd][0xef][0xbf][0xbd][0xef][0xbf][0xbd][0xef][0xbf][0xbd][0xef][0xbf][0xbd][0xef][0xbf][0xbd][0xc4][0x8e]'O[0xef][0xbf][0xbd][0x5][0xef][0xbf][0xbd][0xef][0xbf][0xbd][0x5]'[0xef][0xbf][0xbd][0xef][0xbf][0xbd][0xef][0xbf][0xbd][0xef][0xbf][0xbd](c[0xef][0xbf][0xbd].[0xef][0xbf][0xbd][0xef][0xbf][0xbd][0xef][0xbf][0xbd]q[0xef][0xbf][0xbd][0xef][0xbf][0xbd][0xef][0xbf][0xbd]}[0xef][0xbf][0xbd]?[0xef][0xbf][0xbd][0xef][0xbf][0xbd][0xef][0xbf][0xbd][0xef][0xbf][0xbd][0xef][0xbf][0xbd].[0xef][0xbf][0xbd][0xef][0xbf][0xbd][0xef][0xbf][0xbd]U[0xef][0xbf][0xbd]<[0xdb][0xbe][0xef][0xbf][0xbd][0xef][0xbf][0xbd][0x1f][0x1d][0xdc][0x88][0xef][0xbf][0xbd][0xc][0xef][0xbf][0xbd][0xef][0xbf][0xbd][0xef][0xbf][0xbd][0xef][0xbf][0xbd][0xef][0xbf][0xbd][0xef][0xbf][0xbd][0xef][0xbf][0xbd][0xef][0xbf][0xbd]@[0x3][0x19][0xdc][0x81]f[0xef][0xbf][0xbd]B[\s[0xef][0xbf][0xbd][0xef][0xbf][0xbd][0xef][0xbf][0xbd]y[0xef][0xbf][0xbd][0xef][0xbf][0xbd]][0xef][0xbf][0xbd]R[0x1][0xef][0xbf][0xbd]A[0xd0][0xa9]P[0x12]([0xef][0xbf][0xbd][0xef][0xbf][0xbd]~[0xef][0xbf][0xbd][0xef][0xbf][0xbd]u[0xef][0xbf][0xbd]H[0xef][0xbf][0xbd]g[0xef][0xbf][0xbd][0xb][0xef][0xbf][0xbd]#[0xc7][0xad]N[\r]"[0xef][0xbf][0xbd][0xef][0xbf][0xbd]Q[0xef][0xbf][0xbd][0x1c]2[0xef][0xbf][0xbd][0xcd][0xb1][0xef][0xbf][0xbd]>[L`;WB[0xef][0xbf][0xbd][0xef][0xbf][0xbd]sz[0xef][0xbf][0xbd][0xef][0xbf][0xbd]~?#[0xef][0xbf][0xbd]Z[0xef][0xbf][0xbd][0xef][0xbf][0xbd]1[0xef][0xbf][0xbd][0xf1][0xb9][0xaf][0xbc][0xef][0xbf][0xbd]~|[0x17][0xef][0xbf][0xbd][0xef][0xbf][0xbd]f[0xf]L0R[0xef][0xbf][0xbd][0xef][0xbf][0xbd]s[0xef][0xbf][0xbd][0xef][0xbf][0xbd][0xef][0xbf][0xbd][0xef][0xbf][0xbd]eX[0xef][0xbf][0xbd]4v[0xef][0xbf][0xbd][0xef][0xbf][0xbd][0xef][0xbf][0xbd]>[0x10]z[0xef][0xbf][0xbd][0xef][0xbf][0xbd]*[0xef][0xbf][0xbd][0xef][0xbf][0xbd][0x17]Yo[0x1][0x6][0xe7][0xb0][0x85][0xef][0xbf][0xbd]5[0xef][0xbf][0xbd][0xef][0xbf][0xbd][0xef][0xbf][0xbd][0xef][0xbf][0xbd]S[0xef][0xbf][0xbd][0xef][0xbf][0xbd][0xd4][0x90]UV[0xef][0xbf][0xbd]-[0xef][0xbf][0xbd]'[0xc5][0xb7][0xef][0xbf][0xbd]g[0xef][0xbf][0xbd]l/[0xef][0xbf][0xbd][0x1]+sKo[0xef][0xbf][0xbd][0x10][0xef][0xbf][0xbd][0x13][0xd7][0xa3][0xef][0xbf][0xbd][0x0][0xcb][0xb2][0xef][0xbf][0xbd][0x4][0x19][0xef][0xbf][0xbd][0xef][0xbf][0xbd][0xef][0xbf][0xbd]v[0xef][0xbf][0xbd][0xef][0xbf][0xbd][0xef][0xbf][0xbd][0xef][0xbf][0xbd][0xef][0xbf][0xbd]h[0x10]x\_b[0xef][0xbf][0xbd][0xef][0xbf][0xbd][0xef][0xbf][0xbd][0x1e][0xef][0xbf][0xbd]E[0xef][0xbf][0xbd]a[0xd6][0xad][0xef][0xbf][0xbd][0xef][0xbf][0xbd][0xef][0xbf][0xbd][0xef][0xbf][0xbd][0xef][0xbf][0xbd][0xef][0xbf][0xbd][0xef][0xbf][0xbd]UV[0x1d][0xef][0xbf][0xbd][0xef][0xbf][0xbd]a5[0xef][0xbf][0xbd][0xef][0xbf][0xbd][0x0][0xef][0xbf][0xbd]3[0xef][0xbf][0xbd]d[0xef][0xbf][0xbd][0xef][0xbf][0xbd]<[0xef][0xbf][0xbd][0xef][0xbf][0xbd][0xef][0xbf][0xbd]}"^<[0x1f][0xb];[0x2][0xef][0xbf][0xbd][0xef][0xbf][0xbd]oz[0xef][0xbf][0xbd][0xef][0xbf][0xbd]t[0xef][0xbf][0xbd]a[0xd8][0xa5][0xdc][0xbd]e{o[0xef][0xbf][0xbd][0xef][0xbf][0xbd][0xef][0xbf][0xbd][0xef][0xbf][0xbd][0xef][0xbf][0xbd][0xef][0xbf][0xbd][0xef][0xbf][0xbd]?S[0xef][0xbf][0xbd][0x1c][0xef][0xbf][0xbd]S[0x1d]6[0xef][0xbf][0xbd][0xef][0xbf][0xbd][0xef][0xbf][0xbd][0xef][0xbf][0xbd]Hz[0xef][0xbf][0xbd][0xef][0xbf][0xbd]q#[0xd0][0x88][0xef][0xbf][0xbd][0xef][0xbf][0xbd][0xb]wtA[0x6]]([0x6][0xd0][0xa9][K[0xef][0xbf][0xbd]tb[0x19]d[0xef][0xbf][0xbd]C,[0xef][0xbf][0xbd][0xef][0xbf][0xbd][0x7][0xef][0xbf][0xbd][0xb][0xef][0xbf][0xbd][0xef][0xbf][0xbd][0xef][0xbf][0xbd][0xef][0xbf][0xbd][0xef][0xbf][0xbd]@[0xd8][0x86]4[0xef][0xbf][0xbd][0xef][0xbf][0xbd][0xef][0xbf][0xbd][0xc]EB[0x15]T[0xcb][0x96][0xef][0xbf][0xbd]Q[0xef][0xbf][0xbd][0x10]][0x1e][0x8][0x17]'[0x7][0xef][0xbf][0xbd][0xef][0xbf][0xbd]([0xd5][0x86][0xef][0xbf][0xbd]Fme[0xef][0xbf][0xbd][0xef][0xbf][0xbd][0x10][0xef][0xbf][0xbd]B[0xef][0xbf][0xbd]P[0xef][0xbf][0xbd][0xef][0xbf][0xbd][0xef][0xbf][0xbd])[0x3]S}%[0xc6][0xbf][0xef][0xbf][0xbd]F[0xef][0xbf][0xbd][0x16][0xef][0xbf][0xbd][0x4]T[0xef][0xbf][0xbd][0xef][0xbf][0xbd][0xef][0xbf][0xbd][0xef][0xbf][0xbd]#o[0xef][0xbf][0xbd][0xef][0xbf][0xbd][0xef][0xbf][0xbd][0xef][0xbf][0xbd][0xef][0xbf][0xbd]Q[0xef][0xbf][0xbd][0xef][0xbf][0xbd][0xef][0xbf][0xbd][0xef][0xbf][0xbd]d[0xf][0xef][0xbf][0xbd][0xef][0xbf][0xbd]~[0xef][0xbf][0xbd][0xef][0xbf][0xbd]*[0xb][0xef][0xbf][0xbd]lj[0xef][0xbf][0xbd][0x16][0x1d][0xef][0xbf][0xbd][0xef][0xbf][0xbd]~g.[0xef][0xbf][0xbd][0xef][0xbf][0xbd][0xe6][0xba][0xbd][0xef][0xbf][0xbd])[0xef][0xbf][0xbd][0xef][0xbf][0xbd]R[0xef][0xbf][0xbd]`;[0x6]V[0xef][0xbf][0xbd][0xef][0xbf][0xbd][0xc6][0xa5][0xef][0xbf][0xbd][0xef][0xbf][0xbd]8[0xd7][0xb9][\r][0xef][0xbf][0xbd][0xef][0xbf][0xbd]$[0xef][0xbf][0xbd]9[0xef][0xbf][0xbd]`d"6x[0xef][0xbf][0xbd]S%[0xef][0xbf][0xbd][0xef][0xbf][0xbd][0xef][0xbf][0xbd][0xef][0xbf][0xbd]b[0xef][0xbf][0xbd][0xef][0xbf][0xbd][0xef][0xbf][0xbd][0xef][0xbf][0xbd]%[0xef][0xbf][0xbd][0xef][0xbf][0xbd][0xef][0xbf][0xbd][0xd7][0xba]jh&/[0x7]-[0xef][0xbf][0xbd][0xe5][0xbd][0x98][0xef][0xbf][0xbd][0xef][0xbf][0xbd][0xef][0xbf][0xbd]6[0xef][0xbf][0xbd]jL[0xef][0xbf][0xbd][0xef][0xbf][0xbd]67'[0x0][0x12][0xef][0xbf][0xbd]'[0xef][0xbf][0xbd][0x2]c[0x1](G[0xef][0xbf][0xbd][0xe][0xef][0xbf][0xbd]&[0xef][0xbf][0xbd]}:[0x0][0xef][0xbf][0xbd][0xef][0xbf][0xbd]=[0xef][0xbf][0xbd][0xef][0xbf][0xbd]6[0xef][0xbf][0xbd]a>[0xef][0xbf][0xbd][0xef][0xbf][0xbd][0x3]v)[0xd7][0xa2][0xef][0xbf][0xbd][0xef][0xbf][0xbd][0xef][0xbf][0xbd]-[0xef][0xbf][0xbd][0xef][0xbf][0xbd]Sh[0xef][0xbf][0xbd][0x17]n[0xef][0xbf][0xbd][0xef][0xbf][0xbd][0xc]waN[0xef][0xbf][0xbd]LD[0xef][0xbf][0xbd]`I[0x1b][0xef][0xbf][0xbd]b0+[0xef][0xbf][0xbd]T[0xef][0xbf][0xbd][0xef][0xbf][0xbd][0x13][0xef][0xbf][0xbd][0xef][0xbf][0xbd][0xef][0xbf][0xbd][0xef][0xbf][0xbd]4t@[0xdd][0x96]h[0xef][0xbf][0xbd][0x1d]1[0xef][0xbf][0xbd][0xef][0xbf][0xbd].[0xef][0xbf][0xbd][0x1c]H[0xef][0xbf][0xbd][0x18]q[0xef][0xbf][0xbd][0xef][0xbf][0xbd][0xef][0xbf][0xbd]][0xef][0xbf][0xbd]H[0xef][0xbf][0xbd] h[0xef][0xbf][0xbd][0xcc][0xad][0xda][0x91][0xef][0xbf][0xbd][0xef][0xbf][0xbd][0xef][0xbf][0xbd]Z[0xef][0xbf][0xbd][0x17]K[0xef][0xbf][0xbd][0xef][0xbf][0xbd]$$#[0xef][0xbf][0xbd]o[0xef][0xbf][0xbd][0xef][0xbf][0xbd]9w[0xef][0xbf][0xbd]=)[0xef][0xbf][0xbd]_V|[0xef][0xbf][0xbd][0xef][0xbf][0xbd]h[0xef][0xbf][0xbd][0xef][0xbf][0xbd][0xdc][0xa7][0xef][0xbf][0xbd];[0xef][0xbf][0xbd][0xef][0xbf][0xbd][0xef][0xbf][0xbd]n;[0x3][0xef][0xbf][0xbd][0xef][0xbf][0xbd]N[0xef][0xbf][0xbd][0xef][0xbf][0xbd][0xef][0xbf][0xbd][0xdd][0xb7][0xef][0xbf][0xbd][0xef][0xbf][0xbd][0xef][0xbf][0xbd][0xef][0xbf][0xbd][0xef][0xbf][0xbd]>*[0xef][0xbf][0xbd]WT[0xef][0xbf][0xbd]<([0xef][0xbf][0xbd]7[0xef][0xbf][0xbd]4[0xef][0xbf][0xbd]$n[0xd3][0x93][0xef][0xbf][0xbd][0xef][0xbf][0xbd][0xef][0xbf][0xbd][0xef][0xbf][0xbd][0xc5][0xa0]x33[0xef][0xbf][0xbd]r![0xef][0xbf][0xbd]n[0xef][0xbf][0xbd]d[0xb]\[0xef][0xbf][0xbd][0xf][[0xef][0xbf][0xbd][0xb]@]o[0xef][0xbf][0xbd]-[0xef][0xbf][0xbd]8[0xef][0xbf][0xbd]W[0xef][0xbf][0xbd][0xef][0xbf][0xbd][0xef][0xbf][0xbd][0xef][0xbf][0xbd]s[0xef][0xbf][0xbd][0xef][0xbf][0xbd]U[0x1b][0xef][0xbf][0xbd][0x1b]jE5[0xef][0xbf][0xbd][0xcc][0xad][0xef][0xbf][0xbd]oH[0xef][0xbf][0xbd][0x7][0xef][0xbf][0xbd][0xef][0xbf][0xbd][0xef][0xbf][0xbd]:H[0x17],[0xef][0xbf][0xbd]%[0xef][0xbf][0xbd][0xef][0xbf][0xbd][0x5]f[0x1e][0x12][0xef][0xbf][0xbd][0xef][0xbf][0xbd]j[0xef][0xbf][0xbd] [0xef][0xbf][0xbd][0xc][0xef][0xbf][0xbd][0xe]\[0xef][0xbf][0xbd]-[0xef][0xbf][0xbd][0xef][0xbf][0xbd][0xef][0xbf][0xbd][0xef][0xbf][0xbd][0xef][0xbf][0xbd][0xef][0xbf][0xbd][0xef][0xbf][0xbd],mO[0xef][0xbf][0xbd][0xef][0xbf][0xbd][0xef][0xbf][0xbd][0x1c][0xef][0xbf][0xbd][0xef][0xbf][0xbd])[0xef][0xbf][0xbd][[0xef][0xbf][0xbd][0xef][0xbf][0xbd][0xef][0xbf][0xbd]>[0xef][0xbf][0xbd][0x1f]&,[0x5][0xef][0xbf][0xbd][0xef][0xbf][0xbd]tY[0xef][0xbf][0xbd][0xef][0xbf][0xbd][0xef][0xbf][0xbd]y[0xef][0xbf][0xbd]-e0A{[0xef][0xbf][0xbd][0x1][0xef][0xbf][0xbd][0x1f][0xef][0xbf][0xbd][0xef][0xbf][0xbd][0xef][0xbf][0xbd]/J[0xef][0xbf][0xbd][0xef][0xbf][0xbd][0xef][0xbf][0xbd][0xef][0xbf][0xbd][0x3][0x1f]L[0xef][0xbf][0xbd][0xef][0xbf][0xbd][\n]"
07:56:30.900 [main] DEBUG org.apache.http.wire -  >> "[0xef][0xbf][0xbd][0xef][0xbf][0xbd]r7[0xef][0xbf][0xbd]#[0xb][0xef][0xbf][0xbd][0xef][0xbf][0xbd];_[0xd8][0x9e][0xb]+o\[0x1b]2[0xef][0xbf][0xbd][0xef][0xbf][0xbd][0xc4][0xb9]\[0x12][0xef][0xbf][0xbd][0xef][0xbf][0xbd][0xef][0xbf][0xbd][0xef][0xbf][0xbd][0x0][0xef][0xbf][0xbd][0xef][0xbf][0xbd]|A[0x12];[0xef][0xbf][0xbd][0xef][0xbf][0xbd]X[0xef][0xbf][0xbd][0xef][0xbf][0xbd][0xef][0xbf][0xbd][0xef][0xbf][0xbd][0xd9][0x94][0xef][0xbf][0xbd][\r]0[0xef][0xbf][0xbd][0xef][0xbf][0xbd][0xc2][0xa9]m[0xef][0xbf][0xbd][0x15][0xef][0xbf][0xbd][0x10][0x18][0xd2][0xb2][0xef][0xbf][0xbd][0xef][0xbf][0xbd][0xef][0xbf][0xbd][0xef][0xbf][0xbd][0xef][0xbf][0xbd][\n]"
07:56:30.900 [main] DEBUG org.apache.http.wire -  >> "j[0xef][0xbf][0xbd]Nl[0xef][0xbf][0xbd]2;[0xef][0xbf][0xbd][0xef][0xbf][0xbd][0xb][0xef][0xbf][0xbd]![0xef][0xbf][0xbd]l>[0xef][0xbf][0xbd]g[0xef][0xbf][0xbd]Dy`[0xef][0xbf][0xbd][0x3][0xef][0xbf][0xbd][0xef][0xbf][0xbd]p[0xef][0xbf][0xbd]b[0xef][0xbf][0xbd][0xef][0xbf][0xbd][0x1d]J[0xef][0xbf][0xbd][0xef][0xbf][0xbd]Th[0xef][0xbf][0xbd][0xef][0xbf][0xbd]t[0xef][0xbf][0xbd].[0xef][0xbf][0xbd]w[0xef][0xbf][0xbd][0xef][0xbf][0xbd]+d[0xef][0xbf][0xbd]D[0xef][0xbf][0xbd]q[0xef][0xbf][0xbd]b[0xef][0xbf][0xbd]G[0xef][0xbf][0xbd][0xef][0xbf][0xbd][0xef][0xbf][0xbd]w?v8[0xef][0xbf][0xbd]N[0xef][0xbf][0xbd][0xef][0xbf][0xbd][0xef][0xbf][0xbd][0xef][0xbf][0xbd][0x0]b7[0xef][0xbf][0xbd]O[0xd6][0xa0][0xef][0xbf][0xbd][0xef][0xbf][0xbd][0xef][0xbf][0xbd]jr[0xef][0xbf][0xbd]l@[0xef][0xbf][0xbd][0x10][0xef][0xbf][0xbd][0xef][0xbf][0xbd]D_n.z[0xef][0xbf][0xbd][0xef][0xbf][0xbd]:[0xef][0xbf][0xbd]l[0xef][0xbf][0xbd][0xef][0xbf][0xbd][0xef][0xbf][0xbd][0xef][0xbf][0xbd][\n]"
07:56:30.900 [main] DEBUG org.apache.http.wire -  >> ";[0xef][0xbf][0xbd]Y|Y[0xef][0xbf][0xbd]L[0xef][0xbf][0xbd]5[0xef][0xbf][0xbd][0xef][0xbf][0xbd]4[0xef][0xbf][0xbd]0W2A[0xef][0xbf][0xbd]A[0xef][0xbf][0xbd][0xee][0x8c][0x82]E[0xef][0xbf][0xbd][0xef][0xbf][0xbd][0xef][0xbf][0xbd][0xc4][0xa6]b[[0xef][0xbf][0xbd]N[0xef][0xbf][0xbd][0xef][0xbf][0xbd]mB[0xef][0xbf][0xbd][0x13][0x9]L[0x2]z[0xef][0xbf][0xbd][0xef][0xbf][0xbd]H[0xef][0xbf][0xbd][0xb][0xef][0xbf][0xbd]0[0xef][0xbf][0xbd][0x11][0xf][0xef][0xbf][0xbd]=b[0xef][0xbf][0xbd][0xef][0xbf][0xbd][0xef][0xbf][0xbd][0xef][0xbf][0xbd]e[0xef][0xbf][0xbd][0xef][0xbf][0xbd][0xef][0xbf][0xbd]BU[0xef][0xbf][0xbd]X9[[0x1a][0x19]*n[0xef][0xbf][0xbd][0xef][0xbf][0xbd][0xef][0xbf][0xbd]oR*%[0xef][0xbf][0xbd][0xef][0xbf][0xbd]+[0xef][0xbf][0xbd][0xef][0xbf][0xbd][0xef][0xbf][0xbd]M,2[0x12][0xef][0xbf][0xbd][0xef][0xbf][0xbd][/[0xef][0xbf][0xbd][0xee][0x9d][0xbf][0xef][0xbf][0xbd][0xef][0xbf][0xbd][0x1f][0x11][0xef][0xbf][0xbd][0xef][0xbf][0xbd][0xef][0xbf][0xbd][0xef][0xbf][0xbd]z[0xef][0xbf][0xbd][0xef][0xbf][0xbd][0xef][0xbf][0xbd][0xef][0xbf][0xbd][0xef][0xbf][0xbd][0xef][0xbf][0xbd]'[0x1f]x`[0xef][0xbf][0xbd][0xef][0xbf][0xbd]v[0xef][0xbf][0xbd][0xef][0xbf][0xbd]][0xef][0xbf][0xbd][0xef][0xbf][0xbd][0xef][0xbf][0xbd][0x1f]~[0xd9][0xbe][0xef][0xbf][0xbd][0xef][0xbf][0xbd][0xef][0xbf][0xbd]o F[0xef][0xbf][0xbd]b[0xef][0xbf][0xbd][0xef][0xbf][0xbd]J,[0x0][0xef][0xbf][0xbd]d[0xef][0xbf][0xbd][0xef][0xbf][0xbd][0xef][0xbf][0xbd][0xef][0xbf][0xbd]x[0xef][0xbf][0xbd]^[0x3]a[0xc2][0xa6][0xef][0xbf][0xbd][0xef][0xbf][0xbd][0xef][0xbf][0xbd]fu[0x18][0xef][0xbf][0xbd]f[0xef][0xbf][0xbd]E[0xef][0xbf][0xbd]7[0xef][0xbf][0xbd][0xef][0xbf][0xbd][\n]"
07:56:30.900 [main] DEBUG org.apache.http.wire -  >> "[0xef][0xbf][0xbd]?[0xef][0xbf][0xbd]ykX<[0x17]l[0xef][0xbf][0xbd][0xef][0xbf][0xbd]<[0x12]4[0xef][0xbf][0xbd][0xef][0xbf][0xbd]P`([0xef][0xbf][0xbd][0xef][0xbf][0xbd][0xef][0xbf][0xbd][0xef][0xbf][0xbd][0xef][0xbf][0xbd][0xef][0xbf][0xbd];C[0x6][0xef][0xbf][0xbd][0xdf][0x89][0xef][0xbf][0xbd]*[0xef][0xbf][0xbd]R[0x7][0xef][0xbf][0xbd][0xef][0xbf][0xbd][0xef][0xbf][0xbd][0xef][0xbf][0xbd][0xef][0xbf][0xbd]![0x1][0xef][0xbf][0xbd][0xef][0xbf][0xbd][0xef][0xbf][0xbd]Y+9[0xef][0xbf][0xbd]^'Qd[0xef][0xbf][0xbd]Y[0xef][0xbf][0xbd][0xef][0xbf][0xbd][0xef][0xbf][0xbd][0xef][0xbf][0xbd]q.V[0xef][0xbf][0xbd][0x10][0xef][0xbf][0xbd]|[0xef][0xbf][0xbd][0xef][0xbf][0xbd]'[0xef][0xbf][0xbd][0xef][0xbf][0xbd]w[0xef][0xbf][0xbd][0xef][0xbf][0xbd][0xef][0xbf][0xbd][0xef][0xbf][0xbd][0xef][0xbf][0xbd]*[0xef][0xbf][0xbd][0xef][0xbf][0xbd][0xef][0xbf][0xbd][0xef][0xbf][0xbd][0xef][0xbf][0xbd]x[0xef][0xbf][0xbd][0xef][0xbf][0xbd]t[0xef][0xbf][0xbd]U,[0xef][0xbf][0xbd]^uX[0xef][0xbf][0xbd][0xef][0xbf][0xbd][0xef][0xbf][0xbd]B[0xef][0xbf][0xbd][0xef][0xbf][0xbd]t}[0xef][0xbf][0xbd]`)[0xd6][0xb0][0x6][0xef][0xbf][0xbd][0xef][0xbf][0xbd]C[0xef][0xbf][0xbd][0xd6][0xa9][0xef][0xbf][0xbd]t[0xef][0xbf][0xbd]q[0x11]+V[0xef][0xbf][0xbd]f|[0x18][0x17]R[0xc2][0x90][0xef][0xbf][0xbd][0x19]][0xef][0xbf][0xbd]e[0x0]5[0xef][0xbf][0xbd]6[0xef][0xbf][0xbd][0xef][0xbf][0xbd] [0xef][0xbf][0xbd][0xef][0xbf][0xbd]([0xef][0xbf][0xbd]?3[\n]"
07:56:30.900 [main] DEBUG org.apache.http.wire -  >> "[0x10][0xef][0xbf][0xbd][0xef][0xbf][0xbd]A[0xef][0xbf][0xbd]ln[0xef][0xbf][0xbd][0xef][0xbf][0xbd]v[0xef][0xbf][0xbd][0xef][0xbf]"
07:56:30.900 [main] DEBUG org.apache.http.wire -  >> "[0xbd][0xef][0xbf][0xbd][0xef][0xbf][0xbd]r#[0x1e]:[0xef][0xbf][0xbd][0xef][0xbf][0xbd][0xc][0xef][0xbf][0xbd][0xef][0xbf][0xbd]9[0xc][0x19][0xef][0xbf][0xbd][0xef][0xbf][0xbd][0xef][0xbf][0xbd]EK[0xef][0xbf][0xbd][0xef][0xbf][0xbd]<[0xef][0xbf][0xbd]>[0x6][0x10].[0xef][0xbf][0xbd][0xef][0xbf][0xbd][0xef][0xbf][0xbd][0x1b]e[0xef][0xbf][0xbd]\p[0xef][0xbf][0xbd][0xef][0xbf][0xbd]-[0xef][0xbf][0xbd]r>[0xef][0xbf][0xbd][0x3][0xef][0xbf][0xbd][0xef][0xbf][0xbd][0xef][0xbf][0xbd][0xef][0xbf][0xbd][0x3][0xef][0xbf][0xbd][0xef][0xbf][0xbd]{[0xef][0xbf][0xbd][0xef][0xbf][0xbd][0xd1][0xbf][0xef][0xbf][0xbd][0xef][0xbf][0xbd][0x12]O[0xef][0xbf][0xbd]_[0xef][0xbf][0xbd]rm[0xef][0xbf][0xbd][0xef][0xbf][0xbd][0xef][0xbf][0xbd][0xef][0xbf][0xbd][0xef][0xbf][0xbd][0x1b][0xef][0xbf][0xbd]o[0xef][0xbf][0xbd][0xf][0xef][0xbf][0xbd]D[0x5][0xef][0xbf][0xbd]v[0xef][0xbf][0xbd][0xef][0xbf][0xbd]57[0xef][0xbf][0xbd][0xef][0xbf][0xbd]53![0xef][0xbf][0xbd]p[0xef][0xbf][0xbd][0xc3][0x87];[0xef][0xbf][0xbd][0xef][0xbf][0xbd][0xef][0xbf][0xbd]w[0xef][0xbf][0xbd][0x6][0xef][0xbf][0xbd][\r]\[0xef][0xbf][0xbd][0x0][0xef][0xbf][0xbd]f[0xef][0xbf][0xbd][0xef][0xbf][0xbd]'T[0xef][0xbf][0xbd][0xef][0xbf][0xbd]V~a[0xef][0xbf][0xbd]E[0xef][0xbf][0xbd][0xef][0xbf][0xbd]K[0x1]i[0xef][0xbf][0xbd]1QG[0xef][0xbf][0xbd]y[0x7][0xef][0xbf][0xbd]3[0xef][0xbf][0xbd]U7[0xef][0xbf][0xbd][0xef][0xbf][0xbd][0x12][0xef][0xbf][0xbd][0xef][0xbf][0xbd][0xef][0xbf][0xbd]/[0xef][0xbf][0xbd][0xef][0xbf][0xbd][0xef][0xbf][0xbd]+[0xef][0xbf][0xbd][0xef][0xbf][0xbd]F[\r][0xc4][0x9f]vq[0x1a][0xef][0xbf][0xbd][0xef][0xbf][0xbd][0xef][0xbf][0xbd]j[0xd4][0xae][0xef][0xbf][0xbd]H[0x0][0xef][0xbf][0xbd][0xef][0xbf][0xbd][0xef][0xbf][0xbd][0xef][0xbf][0xbd])[0xef][0xbf][0xbd][0xef][0xbf][0xbd][0xca][0xbf][0x1e]?[0xef][0xbf][0xbd])[0xef][0xbf][0xbd]<[0xef][0xbf][0xbd][0xef][0xbf][0xbd][0xef][0xbf][0xbd][0xef][0xbf][0xbd][0xef][0xbf][0xbd][0xef][0xbf][0xbd][0xef][0xbf][0xbd][0xb]wn}[0xef][0xbf][0xbd]_[0xef][0xbf][0xbd]_[0x12]?[0xef][0xbf][0xbd]g\J[0xef][0xbf][0xbd][0xe9][0xa6][0x8e][0xef][0xbf][0xbd][0x18]T[0xef][0xbf][0xbd][0xef][0xbf][0xbd][0xef][0xbf][0xbd][0xef][0xbf][0xbd][0xf][0xef][0xbf][0xbd][0xef][0xbf][0xbd]F[0xef][0xbf][0xbd][0x1a]U[0xef][0xbf][0xbd]VJ[0xef][0xbf][0xbd][0xef][0xbf][0xbd][0xef][0xbf][0xbd][0x10][0x15]+[0xef][0xbf][0xbd][0xef][0xbf][0xbd]-[0x3][0xef][0xbf][0xbd][0xef][0xbf][0xbd][0x6][0xef][0xbf][0xbd]G@/[0xef][0xbf][0xbd][0xef][0xbf][0xbd][0xef][0xbf][0xbd]u[0xef][0xbf][0xbd]Y[0x1d][0x19][0xef][0xbf][0xbd]r[0xef][0xbf][0xbd]~[0xef][0xbf][0xbd]d[0xef][0xbf][0xbd][0xe2][0x9e][0x80][0xc3][0x8e]wx[0xef][0xbf][0xbd][0xef][0xbf][0xbd][0xef][0xbf][0xbd][0x2][0xef][0xbf][0xbd][0xef][0xbf][0xbd][0xef][0xbf][0xbd].[0xef][0xbf][0xbd][0xef][0xbf][0xbd][0xef][0xbf][0xbd][0x12][0xef][0xbf][0xbd][0xef][0xbf][0xbd][0xef][0xbf][0xbd]aH[0xef][0xbf][0xbd][0xef][0xbf][0xbd]>[0xef][0xbf][0xbd]s[0xef][0xbf][0xbd][0xef][0xbf][0xbd]*[0xef][0xbf][0xbd]( [0xef][0xbf][0xbd]J[0xef][0xbf][0xbd][0xef][0xbf][0xbd][0xef][0xbf][0xbd][0xef][0xbf][0xbd]@[0xef][0xbf][0xbd][0xef][0xbf][0xbd]Y[0xef][0xbf][0xbd][0xef][0xbf][0xbd][0x0][0xef][0xbf][0xbd].[0xef][0xbf][0xbd]?[0xef][0xbf][0xbd]F[0xef][0xbf][0xbd]7Cxc[0xef][0xbf][0xbd][0xef][0xbf][0xbd][0xef][0xbf][0xbd][0xef][0xbf][0xbd]kv[0xef][0xbf][0xbd]0g[0xef][0xbf][0xbd]~[0xef][0xbf][0xbd]G[0xef][0xbf][0xbd][0xef][0xbf][0xbd]7[0x6][0xef][0xbf][0xbd][0xef][0xbf][0xbd][0xef][0xbf][0xbd][0x2]`[0xd7][0xac]<[0xef][0xbf][0xbd]{_[0xef][0xbf][0xbd][[0xef][0xbf][0xbd][0xef][0xbf][0xbd][0xef][0xbf][0xbd][0xcd][0xa5][0xef][0xbf][0xbd][0xef][0xbf][0xbd]m[0xe][0xef][0xbf][0xbd][0xef][0xbf][0xbd]y%[0xef][0xbf][0xbd]j[0xef][0xbf][0xbd][\r]?c[0x4][0xef][0xbf][0xbd][0xef][0xbf][0xbd]BS[0xef][0xbf][0xbd][0xc7][0xae]+[0xef][0xbf][0xbd][0xef][0xbf][0xbd]*p[0xef][0xbf][0xbd][0x11]u[0xef][0xbf][0xbd]0[0xc6][0x8e]"[0xef][0xbf][0xbd][0xde][0xbe][0xef][0xbf][0xbd][0xef][0xbf][0xbd]A[0xef][0xbf][0xbd]|[0xef][0xbf][0xbd]@[0x12]g[0xef][0xbf][0xbd]QV"[0xef][0xbf][0xbd][0xef][0xbf][0xbd][0x4][0xef][0xbf][0xbd]z[0xd8][0x9a]m[0xef][0xbf][0xbd]A[0xcb][0x97][0x2]gWvx[0xef][0xbf][0xbd]Z%[0x13][0x19]f[0xef][0xbf][0xbd][0xef][0xbf][0xbd]@J[0xef][0xbf][0xbd][0xef][0xbf][0xbd][0xef][0xbf][0xbd][0x1c][0xef][0xbf][0xbd][0xd7][0x80]M%[0xef][0xbf][0xbd]v[0xef][0xbf][0xbd]%[0xef][0xbf][0xbd]![0xef][0xbf][0xbd]p[0xe][0xef][0xbf][0xbd][0xef][0xbf][0xbd]x*[0x12][0xef][0xbf][0xbd][0xef][0xbf][0xbd][0x10][0xef][0xbf][0xbd][0xef][0xbf][0xbd][0xef][0xbf][0xbd][0xef][0xbf][0xbd]Z[0xef][0xbf][0xbd][0xef][0xbf][0xbd][0x9][0x5]C[0xef][0xbf][0xbd]7[0xef][0xbf][0xbd]O?[0xef][0xbf][0xbd][0xef][0xbf][0xbd][0xef][0xbf][0xbd]up[0x13][0x1d]f[0xef][0xbf][0xbd][0x1d]+[0xdb][0x99][0xef][0xbf][0xbd][0xef][0xbf][0xbd]L|[0xef][0xbf][0xbd]f#[0xef][0xbf][0xbd][0x12]\[0xef][0xbf][0xbd][0xef][0xbf][0xbd]3x[0xef][0xbf][0xbd][0xef][0xbf][0xbd][0x1e]-'[0x9][0x1f]X[0xef][0xbf][0xbd][0xef][0xbf][0xbd]3m[0xf][0xef][0xbf][0xbd][0x4][0x16]q[0xef][0xbf][0xbd][0xef][0xbf][0xbd]8[0x17][0xef][0xbf][0xbd]L[0xef][0xbf][0xbd][0xef][0xbf][0xbd]((\\E@s[0x11][0xd1][0x90]1:[0xef][0xbf][0xbd][0x17][0xef][0xbf][0xbd][0xef][0xbf][0xbd][0xef][0xbf][0xbd][0xef][0xbf][0xbd][0xef][0xbf][0xbd][0xef][0xbf][0xbd][0xef][0xbf][0xbd][0xc][0xef][0xbf][0xbd]h[0xef][0xbf][0xbd]j[0xef][0xbf][0xbd]P[0xef][0xbf][0xbd][0xef][0xbf][0xbd][0xef][0xbf][0xbd][0xef][0xbf][0xbd]e[0xef][0xbf][0xbd]G[0x3]`[0xef][0xbf][0xbd][0xef][0xbf][0xbd]@[[0xef][0xbf][0xbd][0xef][0xbf][0xbd][0x16]q[0xc7][0x84][0xef][0xbf][0xbd][0xef][0xbf][0xbd]o[0x3]j[0x2][0xef][0xbf][0xbd][0xef][0xbf][0xbd][0xef][0xbf][0xbd][0xef][0xbf][0xbd][0xef][0xbf][0xbd][0xef][0xbf][0xbd][0x12][0xef][0xbf][0xbd]T[0xef][0xbf][0xbd][0xef][0xbf][0xbd]m[\n]"
07:56:30.901 [main] DEBUG org.apache.http.wire -  >> "?[0xef][0xbf][0xbd][0xef][0xbf][0xbd][0xef][0xbf][0xbd]{[0xcc][0xbe][0xef][0xbf][0xbd][0xef][0xbf][0xbd]va`[0xd7][0xb7][0xef][0xbf][0xbd]y[0xef][0xbf][0xbd]y{[0xef][0xbf][0xbd][0xef][0xbf][0xbd][0x1f][0x1d]X[0xef][0xbf][0xbd]s[0xef][0xbf][0xbd][0xef][0xbf][0xbd]Z'A$k`[0xef][0xbf][0xbd]_[0xef][0xbf][0xbd][0xef][0xbf][0xbd][0xef][0xbf][0xbd][0xf][0xef][0xbf][0xbd]}[0xed][0x91][0xa9][0xef][0xbf][0xbd][0x1b][0xef][0xbf][0xbd][0xef][0xbf][0xbd][0xef][0xbf][0xbd]O[0xef][0xbf][0xbd][0xef][0xbf][0xbd][0xef][0xbf][0xbd][0xe]j[0xef][0xbf][0xbd][0xef][0xbf][0xbd]CUo[0xef][0xbf][0xbd][0x6][0x19][0xef][0xbf][0xbd]J[0xef][0xbf][0xbd]ff'[0xef][0xbf][0xbd][0xef][0xbf][0xbd][0xef][0xbf][0xbd]5[0x13][0x1e][0xef][0xbf][0xbd]\[0xef][0xbf][0xbd][0xef][0xbf][0xbd][0xef][0xbf][0xbd][0xf][0xef][0xbf][0xbd][0xc4][0x81][0xef][0xbf][0xbd]z[0x1e][0xef][0xbf][0xbd][0xef][0xbf][0xbd][0xef][0xbf][0xbd][0xd9][0xaf][0xef][0xbf][0xbd][0xef][0xbf][0xbd][0xd5][0xb8]K[0xc9][0xb1][0xef][0xbf][0xbd]6u[0xef][0xbf][0xbd]<.Pfd3Mc[0x5][0x5][0xef][0xbf][0xbd]VY[0xef][0xbf][0xbd]V[0xef][0xbf][0xbd][0xef][0xbf][0xbd]x[0xef][0xbf][0xbd]>[0xef][0xbf][0xbd][0xef][0xbf][0xbd]&`![0xb]|}[0xef][0xbf][0xbd][0xef][0xbf][0xbd][0xef][0xbf][0xbd][0xef][0xbf][0xbd][0xef][0xbf][0xbd][0xe5][0xa6][0x93][0xef][0xbf][0xbd][0xf]euW[0xef][0xbf][0xbd]{[0xef][0xbf][0xbd][0xef][0xbf][0xbd]o[0xef][0xbf][0xbd][0xef][0xbf][0xbd][0xef][0xbf][0xbd][0xef][0xbf][0xbd][0xef][0xbf][0xbd][0xef][0xbf][0xbd][0xef][0xbf][0xbd][0xef][0xbf][0xbd]3.7[0xef][0xbf][0xbd][0xef][0xbf][0xbd][0xef][0xbf][0xbd][0xef][0xbf][0xbd][0xcc][0x9c]=[0xef][0xbf][0xbd][0x13][0xef][0xbf][0xbd][0xef][0xbf][0xbd][0xef][0xbf][0xbd]([0xef][0xbf][0xbd]\[0xef][0xbf][0xbd]}[0x5]$[0xef][0xbf][0xbd]w[0xef][0xbf][0xbd]9[0xef][0xbf][0xbd](Q[0xef][0xbf][0xbd]u'lD[0xef][0xbf][0xbd]/[0xef][0xbf][0xbd]Z[0xef][0xbf][0xbd]V[0x17]*[0x7][0xef][0xbf][0xbd][0xef][0xbf][0xbd][0xef][0xbf][0xbd][0xef][0xbf][0xbd][0x12][0xef][0xbf][0xbd][0xef][0xbf][0xbd][0x1c]k;6a[0x2]v[0xef][0xbf][0xbd][0xef][0xbf][0xbd]v[0xef][0xbf][0xbd]ML[0xd0][0xa4] [(@b[0xef][0xbf][0xbd][0xef][0xbf][0xbd][0xef][0xbf][0xbd]e[0xef][0xbf][0xbd][\r]b[0xef][0xbf][0xbd][0x14][0xef][0xbf][0xbd]bua<[0xef][0xbf][0xbd][0xc][0xef][0xbf][0xbd][0xef][0xbf][0xbd]d[0xef][0xbf][0xbd][0xef][0xbf][0xbd][0x10]f[0xef][0xbf][0xbd][0xc6][0xad].[0xef][0xbf][0xbd][0xce][0x82][0xef][0xbf][0xbd][0xef][0xbf][0xbd]09x}[0xef][0xbf][0xbd].w<'L[0x5]i[0xef][0xbf][0xbd][0x3][0xef][0xbf][0xbd][0x8][0xef][0xbf][0xbd]X[0xef][0xbf][0xbd][0xef][0xbf][0xbd]$[0xef][0xbf][0xbd][0xef][0xbf][0xbd][0xef][0xbf][0xbd]o[0xef][0xbf][0xbd][0xe8][0x85][0x81]][0xef][0xbf][0xbd][0x12][0x7][0xef][0xbf][0xbd][0xef][0xbf][0xbd][0xc2][0x81][0xef][0xbf][0xbd]=[0xef][0xbf][0xbd][0xef][0xbf][0xbd]?[0xef][0xbf][0xbd][0xef][0xbf][0xbd]e[0xef][0xbf][0xbd]l[0x1]P[0xef][0xbf][0xbd][0xef][0xbf][0xbd][0xe6][0xb0][0x80][0xef][0xbf][0xbd]dC[0xef][0xbf][0xbd][0xef][0xbf][0xbd]y[0x15][0xef][0xbf][0xbd]<HQn" [0x4][0xef][0xbf][0xbd]qnQ[0xef][0xbf][0xbd][0xef][0xbf][0xbd][0xef][0xbf][0xbd][0xef][0xbf][0xbd][0xef][0xbf][0xbd]U[0x12]T[0xef][0xbf][0xbd][0xef][0xbf][0xbd]J[0xef][0xbf][0xbd][0xef][0xbf][0xbd][0xef][0xbf][0xbd][0x2][0x6],c[0xef][0xbf][0xbd][0x14]W[0xc4][0xb7][0xef][0xbf][0xbd][0xef][0xbf][0xbd]9c=[0x16][0xef][0xbf][0xbd][0x2].[0xef][0xbf][0xbd]udr[0xef][0xbf][0xbd][0xc]%[0xef][0xbf][0xbd][0xef][0xbf][0xbd]/[0xef][0xbf][0xbd]w[0xef][0xbf][0xbd][0xef][0xbf][0xbd]x[0xef][0xbf][0xbd]?t[0x3][0xe6][0x8b][0x90][0x1f]4[0x10]h8[0x17][0xef][0xbf][0xbd][0x1d][0xef][0xbf][0xbd]k<[0xef][0xbf][0xbd]d3qe[0xdf][0x89] [0xef][0xbf][0xbd]_6][0x3][0x11][0xef][0xbf][0xbd][0xef][0xbf][0xbd]Y[0xef][0xbf][0xbd][0xde][0xba][0xef][0xbf][0xbd][0xef][0xbf][0xbd][0xef][0xbf][0xbd][0xef][0xbf][0xbd][0x15][0x1c][0x1f][0xef][0xbf][0xbd][0x7]~[0xef][0xbf][0xbd][0xef][0xbf][0xbd]}[0xef][0xbf][0xbd][0xc6][0x8f][0xef][0xbf][0xbd]~[0xef][0xbf][0xbd]i`[0xef][0xbf][0xbd]k[0xef][0xbf][0xbd][0xef][0xbf][0xbd]Vjs[0xef][0xbf][0xbd][0xef][0xbf][0xbd][0xef][0xbf][0xbd][0xef][0xbf][0xbd]R0[\n]"
07:56:30.901 [main] DEBUG org.apache.http.wire -  >> "0[0x9][0xef][0xbf][0xbd][0xef][0xbf][0xbd][0xce][0xba][0xef][0xbf][0xbd]&[0x10][0xef][0xbf][0xbd][0xef][0xbf][0xbd]L([0xef][0xbf][0xbd]F[0xef][0xbf][0xbd]N[0xef][0xbf][0xbd]sI[0xef][0xbf][0xbd]M[0xef][0xbf][0xbd]2[0xef][0xbf][0xbd][0xef][0xbf][0xbd][\r] [0xef][0xbf][0xbd][0xef][0xbf][0xbd][0xef][0xbf][0xbd][0xef][0xbf][0xbd]*[0xef][0xbf][0xbd]B[0xef][0xbf][0xbd][0x6][0x2]w[0xc]D[0xef][0xbf][0xbd][0xef][0xbf][0xbd][0xef][0xbf][0xbd][0xef][0xbf][0xbd][0x4][0xef][0xbf][0xbd][0xef][0xbf][0xbd]&[0xef][0xbf][0xbd][0x13][0xef][0xbf][0xbd][0xef][0xbf][0xbd]\[0xd2][0xad]97:^[0x1e][0xef][0xbf][0xbd]v[0xef][0xbf][0xbd]H[0xef][0xbf][0xbd][0xef][0xbf][0xbd][0xef][0xbf][0xbd]a[0xef][0xbf][0xbd][0xef][0xbf][0xbd][0xef][0xbf][0xbd][0xef][0xbf][0xbd][0xef][0xbf][0xbd][0xef][0xbf][0xbd][0xef][0xbf][0xbd][0xde][0x96][0xef][0xbf][0xbd][0xef][0xbf][0xbd][0xef][0xbf][0xbd]f[\r][0xef][0xbf][0xbd])[0xef][0xbf][0xbd][0xef][0xbf][0xbd]A[0x1c][0xef][0xbf][0xbd][[0xef][0xbf][0xbd][0xef][0xbf][0xbd]k[0xef][0xbf][0xbd]^++[0xef][0xbf][0xbd]m[0xef][0xbf][0xbd]O[0xef][0xbf][0xbd]e7[0xef][0xbf][0xbd]_|w[0xef][0xbf][0xbd][0xef][0xbf][0xbd][0xef][0xbf][0xbd]o[0xef][0xbf][0xbd][0xee][0x8d][0xbb]O[0x1e]@[0xef][0xbf][0xbd]1[0xef][0xbf][0xbd][0xef][0xbf][0xbd][0xef][0xbf][0xbd]kWn[0xef][0xbf][0xbd]9{[0xef][0xbf][0xbd][0xd3][0x9f]O[0x10][0xef][0xbf][0xbd][0x17][0xef][0xbf][0xbd][0xef][0xbf][0xbd][0xc5][0xaf]D&Dt[0xef][0xbf][0xbd]d9 [0xef][0xbf][0xbd]&[0xef][0xbf][0xbd][0xef][0xbf][0xbd][0xef][0xbf][0xbd]g[0xef][0xbf][0xbd]d[0xef][0xbf][0xbd][0xef][0xbf][0xbd][0xef][0xbf][0xbd][0xc6][0xa8]\[0x1b][0xef][0xbf][0xbd]7k[0xef][0xbf][0xbd][0x19][0x0]e[0xef][0xbf][0xbd][0xef][0xbf][0xbd]]VX[0xef][0xbf][0xbd]yA[0xef][0xbf][0xbd][0xef][0xbf][0xbd][\r][0xef][0xbf][0xbd][0xef][0xbf][0xbd][0xef][0xbf][0xbd][0xef][0xbf][0xbd][0x1][0xef][0xbf][0xbd][0xef][0xbf][0xbd]qJP[0xef][0xbf][0xbd][0xef][0xbf][0xbd][0xef][0xbf][0xbd]SL[0x1]:[0xef][0xbf][0xbd]p[0xef][0xbf][0xbd]ui[0xef][0xbf][0xbd]*S-[0xef][0xbf][0xbd]0[0xef][0xbf][0xbd]][0xef][0xbf][0xbd][0xef][0xbf][0xbd][0xef][0xbf][0xbd][0xef][0xbf][0xbd]_I[0xef][0xbf][0xbd][0xef][0xbf][0xbd]rAj[0xef][0xbf][0xbd][0xef][0xbf][0xbd]j~[0xef][0xbf][0xbd][0xef][0xbf][0xbd][0xef][0xbf][0xbd]A[0xef][0xbf][0xbd][0xef][0xbf][0xbd]V[0xef][0xbf][0xbd][0x19][0xef][0xbf][0xbd]>[0x9][0x12][0xf]M[0xef][0xbf][0xbd][0xef][0xbf][0xbd]C[0xef][0xbf][0xbd]M[0xef][0xbf][0xbd][0xef][0xbf][0xbd][0xcf][0xbb][0x1a][0xef][0xbf][0xbd][0xde][0xbf][0xef][0xbf][0xbd][0xef][0xbf][0xbd]?[0xef][0xbf][0xbd][0xef][0xbf][0xbd]w[0xef][0xbf][0xbd]=^[0x1e][0xef][0xbf][0xbd]^[0x3][0xef][0xbf][0xbd][0xf][0x1f][0xef][0xbf][0xbd]@[0xef][0xbf][0xbd][0xef][0xbf][0xbd][0x5]~[0xef][0xbf][0xbd]F-[0xef][0xbf][0xbd][0xef][0xbf][0xbd][0xef][0xbf][0xbd]P[0xef][0xbf][0xbd]. [0xef][0xbf][0xbd][0xef][0xbf][0xbd][0xef][0xbf][0xbd][0xef][0xbf][0xbd][0xde][0xb5][0xce][0x98][0xef][0xbf][0xbd]N4[0xef][0xbf][0xbd][0xe][0x7][0x13]0$[0xef][0xbf][0xbd][0x13]L[0xef][0xbf][0xbd]XJg[0xef][0xbf][0xbd];e[0xef][0xbf][0xbd][0x10][0xef][0xbf][0xbd]&?[0xef][0xbf][0xbd]kNl[0xef][0xbf][0xbd]HQ[0x1b]R,[0xef][0xbf][0xbd]8[0x9][0xef][0xbf][0xbd]b[0xef][0xbf][0xbd]16[0x0]![0xef][0xbf][0xbd][0xef][0xbf][0xbd][0x1b][0xef][0xbf][0xbd][0xef][0xbf][0xbd]Y;7[0xef][0xbf][0xbd]g[\r][0xef][0xbf][0xbd]m[0xef][0xbf][0xbd][0xef][0xbf][0xbd][0x11]R[0x2][0xef][0xbf][0xbd][0xef][0xbf][0xbd]*o[0x11][0xef][0xbf][0xbd]6[0xef][0xbf][0xbd]/[0xdb][0xa8][0xd6][0xba]I[0xef][0xbf][0xbd][0xef][0xbf][0xbd][0xef][0xbf][0xbd][0xef][0xbf][0xbd]vef[0xef][0xbf][0xbd][0xef][0xbf][0xbd][0xef][0xbf][0xbd][0x1a][0xef][0xbf][0xbd][0xef][0xbf][0xbd]?[0xef][0xbf][0xbd]l[0xef][0xbf][0xbd][0xef][0xbf][0xbd][0xef][0xbf][0xbd];[0xef][0xbf][0xbd][0xd2][0xb7]|,[0xef][0xbf][0xbd][0xef][0xbf][0xbd][0xef][0xbf][0xbd]?f[0xef][0xbf][0xbd][0xc][0xef][0xbf][0xbd]kY[0xef][0xbf][0xbd],[0xef][0xbf][0xbd][0xef][0xbf][0xbd][0x1][0xef][0xbf][0xbd][0xef][0xbf][0xbd][0xef][0xbf][0xbd]0[0x1e]k[0xef][0xbf][0xbd][0xef][0xbf][0xbd][0xef][0xbf][0xbd]T[0x1a]x[0xef][0xbf][0xbd][0x18]k[0x8]s[0xef][0xbf][0xbd]/[0xef][0xbf][0xbd]S[0xef][0xbf][0xbd][0xef][0xbf][0xbd][0xef][0xbf][0xbd][0xef][0xbf][0xbd][0xef][0xbf][0xbd][0xef][0xbf][0xbd]zC[0xef][0xbf][0xbd][0xef][0xbf][0xbd]a[0xef][0xbf][0xbd]L[\r][0xef][0xbf][0xbd][0x1a][0xef][0xbf][0xbd][0xef][0xbf][0xbd]E[0x8][0xef][0xbf][0xbd][0xef][0xbf][0xbd]>[0xef][0xbf][0xbd][0xef][0xbf][0xbd][0xef][0xbf][0xbd][0xef][0xbf][0xbd][0x2][0xef][0xbf][0xbd]*[0xef][0xbf][0xbd]6[0x10]#[0x16]i2k[0xef][0xbf][0xbd][0xef][0xbf][0xbd]v[0xc]nA[0xef][0xbf][0xbd]G[0x1f][0xef][0xbf][0xbd]1[0xc4][0xae]#[0xef][0xbf][0xbd]][0x18][0xef][0xbf][0xbd];[0xef][0xbf][0xbd]`[0xca][0x99]S[0x6][0xef][0xbf][0xbd][0x0][0x0]:d8[0xef][0xbf][0xbd]!Y[0xef][0xbf][0xbd]S[0xef][0xbf][0xbd]&[0xef][0xbf][0xbd][0xef][0xbf][0xbd][0xef][0xbf][0xbd]s-[0xef][0xbf][0xbd][0xef][0xbf][0xbd]\[0xef][0xbf][0xbd][0xef][0xbf][0xbd][0xef][0xbf][0xbd][0xef][0xbf][0xbd][0xef][0xbf][0xbd][0xcf][0xa0][0xef][0xbf][0xbd][0xc8][0xbf]0[0xef][0xbf][0xbd][0x13][0xef][0xbf][0xbd][0xef][0xbf][0xbd]E[0xef][0xbf][0xbd]S[0xef][0xbf][0xbd]?h[0xef][0xbf][0xbd][0x17]{[0xef][0xbf][0xbd][0xef][0xbf][0xbd]e[0x17][0xf][0xef][0xbf][0xbd][0xef][0xbf][0xbd]\[0xef][0xbf][0xbd]3[0xef][0xbf][0xbd][0xef][0xbf][0xbd][0x1a][0xef][0xbf][0xbd][0xef][0xbf][0xbd]Si[0xef][0xbf][0xbd][0xef][0xbf][0xbd][0xef][0xbf][0xbd]@f[0xef][0xbf][0xbd]it[0xef][0xbf][0xbd]=[0xef][0xbf][0xbd][0xc][0xef][0xbf][0xbd][0x7][0xef][0xbf][0xbd][0x1e][0xef][0xbf][0xbd]c[0xde][0x8e][0xef][0xbf][0xbd][0xef][0xbf][0xbd][0xef][0xbf][0xbd][0xef][0xbf][0xbd][0xef][0xbf][0xbd]$[0xef][0xbf][0xbd]U[0xef][0xbf][0xbd][0xef][0xbf][0xbd]n[0xef][0xbf][0xbd][0xb][0xef][0xbf][0xbd][0xef][0xbf][0xbd]D_[5[0xef][0xbf][0xbd][0xef][0xbf][0xbd][0xef][0xbf][0xbd]x[0x14]]J[0xc6][0x82][0xef][0xbf][0xbd][0xef][0xbf][0xbd][0xef][0xbf][0xbd]-`[0xef][0xbf][0xbd][0xef][0xbf][0xbd][0xef][0xbf][0xbd][0x1e]I[0xef][0xbf][0xbd]@U^<j[0xef][0xbf][0xbd][0xef][0xbf][0xbd][0xef][0xbf][0xbd][0xef][0xbf][0xbd][0xef][0xbf][0xbd]![0xef][0xbf][0xbd]b[0xef][0xbf][0xbd]!-[0xef][0xbf][0xbd][0x1a][0xef][0xbf][0xbd][0xef][0xbf][0xbd]U[0xef][0xbf][0xbd]n[0xef][0xbf][0xbd]&Y[0xef][0xbf][0xbd]eb[0xef][0xbf][0xbd]CW[0xef][0xbf][0xbd][0xef][0xbf][0xbd]]e[0xef][0xbf][0xbd]E?[0x16][0xd0][0xbe][0xef][0xbf][0xbd]Z[0xef][0xbf][0xbd][0xef][0xbf][0xbd][0xf]?[0xef][0xbf][0xbd][0xef][0xbf][0xbd][0xef][0xbf][0xbd]W[0xef][0xbf][0xbd][0xef][0xbf][0xbd][0xef][0xbf][0xbd][0xef][0xbf][0xbd][\r]?q[0x1][0xef][0xbf][0xbd][0xef][0xbf][0xbd]Y[0xef][0xbf][0xbd]|[0xef][0xbf][0xbd]Y{[0xef][0xbf][0xbd]S[0xef][0xbf][0xbd]i[0xef][0xbf][0xbd][0xef][0xbf][0xbd][0xef][0xbf][0xbd]M([0xef][0xbf][0xbd][0xef][0xbf][0xbd]4tP[\r][0xef][0xbf][0xbd][0xef][0xbf][0xbd]l[0xef][0xbf][0xbd][0x18]7[0xef][0xbf][0xbd][0xef][0xbf][0xbd][0xef][0xbf][0xbd]_[0xf][0xd7][0x9d][0xef][0xbf][0xbd][0xef][0xbf][0xbd][0xef][0xbf][0xbd][0xef][0xbf][0xbd]I[0xe][0xef][0xbf][0xbd][0xef][0xbf][0xbd]XE[0xef][0xbf][0xbd][0xef][0xbf][0xbd][0xef][0xbf][0xbd]Y'@[0xef][0xbf][0xbd][0x7][0xef][0xbf][0xbd][0x19]l[0xef][0xbf][0xbd]vu[0xb][0xef][0xbf][0xbd][0xef][0xbf][0xbd][0xef][0xbf][0xbd]pS[0xef][0xbf][0xbd][0xef][0xbf][0xbd]=[0xe5][0x9f][0xae]|&[0xef][0xbf][0xbd][0xef][0xbf][0xbd]~&[0xc8][0x98]MF3p[0x5][0xef][0xbf][0xbd]v f[0x6][0xef][0xbf][0xbd][0x14][0xef][0xbf][0xbd]u[0xef][0xbf][0xbd][0xef][0xbf][0xbd][0xef][0xbf][0xbd][0xef][0xbf][0xbd][0x1e]}s[0x6][0x5]p [0x1c][0xef][0xbf][0xbd][0xef][0xbf][0xbd][0x1b][0xef][0xbf][0xbd]G[0xef][0xbf][0xbd]}[0xef][0xbf][0xbd][0xef][0xbf][0xbd][0xef][0xbf][0xbd][0xef][0xbf][0xbd]3uN`1[0xef][0xbf][0xbd][0xef][0xbf][0xbd]k[\n]"
07:56:30.902 [main] DEBUG org.apache.http.wire -  >> "[0xef][0xbf][0xbd]0[0xef][0xbf][0xbd][0xef][0xbf][0xbd][0xcc][0x96][0xef][0xbf][0xbd][0xcf][0x95][0xef][0xbf][0xbd][0xef][0xbf][0xbd][0xef][0xbf][0xbd]u[0xef][0xbf][0xbd][0xef][0xbf][0xbd][0xef][0xbf][0xbd][0xdd][0x83]fO[0xef][0xbf][0xbd]G[0x1a]9[0xef][0xbf][0xbd][0xd4][0x97]4[0xef][0xbf][0xbd][0xef][0xbf][0xbd][0xef][0xbf][0xbd][0xef][0xbf][0xbd][0xef][0xbf][0xbd][0xef][0xbf][0xbd]2[0xef][0xbf][0xbd][0xef][0xbf][0xbd]H[0xef][0xbf][0xbd][0xef][0xbf][0xbd] [0xef][0xbf][0xbd],[0xef][0xbf][0xbd]JW]KDzU[5[0xef][0xbf][0xbd][0xd9][0xa9][0xef][0xbf][0xbd][0xef][0xbf][0xbd]Z[0xca][0xb6]Vj[0xef][0xbf][0xbd][0xef][0xbf][0xbd]+[0xef][0xbf][0xbd]qN[0xef][0xbf][0xbd][0xef][0xbf][0xbd]'[0x0][0xef][0xbf][0xbd][0x5][0xef][0xbf][0xbd][0xc3][0x86]5[0xef][0xbf][0xbd][0xef][0xbf][0xbd][0xef][0xbf][0xbd][0x14][0xcc][0x80][0xef][0xbf][0xbd][0xef][0xbf][0xbd]z[0xef][0xbf][0xbd][0xef][0xbf][0xbd][0xef][0xbf][0xbd][0xef][0xbf][0xbd]"[0xef][0xbf][0xbd][0x5][0xef][0xbf][0xbd]gA0[0xe][0xef][0xbf][0xbd][0xef][0xbf][0xbd][0xef][0xbf][0xbd]P y[0xef][0xbf][0xbd]{[0xef][0xbf][0xbd][0xef][0xbf][0xbd][0xef][0xbf][0xbd]c[0xef][0xbf][0xbd][0x11]q,[0xef][0xbf][0xbd][0xef][0xbf][0xbd][0xef][0xbf][0xbd][0xef][0xbf][0xbd]n[0xef][0xbf][0xbd][0x11][0xef][0xbf][0xbd]}[0xef][0xbf][0xbd][0xef][0xbf][0xbd]L[0xef][0xbf][0xbd][0xef][0xbf][0xbd][0xef][0xbf][0xbd][0xcd][0x9f][0xef][0xbf][0xbd]f[0xef][0xbf][0xbd][0xef][0xbf][0xbd][0xef][0xbf][0xbd]?[0xef][0xbf][0xbd][0x3][0x17][0x0][0xef][0xbf][0xbd][0xef][0xbf][0xbd]eca[0xef][0xbf][0xbd][0xef][0xbf][0xbd][0x7][0xef][0xbf][0xbd][0xef][0xbf][0xbd]g~[0xef][0xbf][0xbd][0xef][0xbf][0xbd][0xef][0xbf][0xbd]^[0xef][0xbf][0xbd][0xef][0xbf][0xbd]<[0xef][0xbf][0xbd][0xd6][0xb9][0x9][0xd0][0xb2]b[0xef][0xbf][0xbd][0xef][0xbf][0xbd][0xef][0xbf][0xbd][0xef][0xbf][0xbd]%[0xe5][0x83][0x91][0x15][0xef][0xbf][0xbd]AL[0x9][0x16][0xef][0xbf][0xbd]y[0xef][0xbf][0xbd];[0xef][0xbf][0xbd]LYq[0xef][0xbf][0xbd]x?[0xef][0xbf][0xbd][0xef][0xbf][0xbd]g[0xef][0xbf][0xbd]?[0xef][0xbf][0xbd][0xef][0xbf][0xbd][0xef][0xbf][0xbd]5[0xef][0xbf][0xbd][0xef][0xbf][0xbd][0x0][0x11]]/)[0xef][0xbf][0xbd]QJ[0xef][0xbf][0xbd][0xef][0xbf][0xbd]w3[0xef][0xbf][0xbd].?[0xef][0xbf][0xbd]u[0xef][0xbf][0xbd][0xef][0xbf][0xbd])[0xef][0xbf][0xbd][0xef][0xbf][0xbd]WZ[0x3]A[0xef][0xbf][0xbd][0xef][0xbf][0xbd]g[0xef][0xbf][0xbd]X[0xef][0xbf][0xbd][0xef][0xbf][0xbd][0xef][0xbf][0xbd]3cdT%[0xef][0xbf][0xbd]i[0xef][0xbf][0xbd]S[0xef][0xbf][0xbd]e[0xef][0xbf][0xbd][0xef][0xbf][0xbd]__[0xef][0xbf][0xbd]5[0xef][0xbf][0xbd][0xdf][0xa5]([0xef][0xbf][0xbd]m[0xef][0xbf][0xbd][0xef][0xbf][0xbd][0xe2][0xad][0xbe]\^[0x1f]4[0xef][0xbf][0xbd][0xef][0xbf][0xbd][0xef][0xbf][0xbd][0xef][0xbf][0xbd][0xef][0xbf][0xbd][0xf][0xef][0xbf][0xbd]=\v[0x7][0xef][0xbf][0xbd][0xef][0xbf][0xbd]<g[0x10]iQ[0x9][0xef][0xbf][0xbd][0x8][0xef][0xbf][0xbd][0xef][0xbf][0xbd]S[0xef][0xbf][0xbd][0xef][0xbf][0xbd]0[0xef][0xbf][0xbd][0xef][0xbf][0xbd][0x15][0xef][0xbf][0xbd]C[0x3][0xef][0xbf][0xbd]4[0xe]ES]@0s38[0xef][0xbf][0xbd]KQ[o[0xef][0xbf][0xbd][0xee][0x98][0x83][0xef][0xbf][0xbd][0xd0][0x95][0xef][0xbf][0xbd][0xef][0xbf][0xbd]Q[0xef][0xbf][0xbd][0xef][0xbf][0xbd][0xef][0xbf][0xbd][0x8][0xef]"
07:56:30.952 [main] DEBUG org.apache.http.wire -  >> "[0xbf][0xbd][0x16][0xb][0x1d][0xef][0xbf][0xbd]4[0xef][0xbf][0xbd][0xef][0xbf][0xbd][0xef][0xbf][0xbd]E[0x1b][0xef][0xbf][0xbd][0xde][0xb2][0xef][0xbf][0xbd].J[0xd8][0x81][0xef][0xbf][0xbd]S[0xcf][0xbe][0xef][0xbf][0xbd][0xef][0xbf][0xbd][0x5][0xef][0xbf][0xbd]58[0xef][0xbf][0xbd][0xef][0xbf][0xbd][0xef][0xbf][0xbd][0xef][0xbf][0xbd]X[0xef][0xbf][0xbd][0xef][0xbf][0xbd][0xef][0xbf][0xbd]S[0xef][0xbf][0xbd][0xef][0xbf][0xbd][0xca][0x9a][0xef][0xbf][0xbd]\[0x10]#[0xef][0xbf][0xbd]e[0xef][0xbf][0xbd][\r][0xef][0xbf][0xbd]B[0xef][0xbf][0xbd][0x1c][0xef][0xbf][0xbd][0xef][0xbf][0xbd][0xef][0xbf][0xbd][0xef][0xbf][0xbd][0xef][0xbf][0xbd]j`+[0x7]7h[0xef][0xbf][0xbd][0xef][0xbf][0xbd]o[0xef][0xbf][0xbd][0xef][0xbf][0xbd][0xef][0xbf][0xbd]7[0xd8][0xa5]\[0xcf][0xb2][0xef][0xbf][0xbd][0xef][0xbf][0xbd]'n[0xef][0xbf][0xbd][0xef][0xbf][0xbd][0xef][0xbf][0xbd][0x13][0xef][0xbf][0xbd]$[0x13]~[0xef][0xbf][0xbd]=V{(Q$[0xef][0xbf][0xbd]m[0xca][0xb2][0xef][0xbf][0xbd][0xf]z7[0x1][0xef][0xbf][0xbd]R[0xef][0xbf][0xbd]T[0x11]&[0xef][0xbf][0xbd]A[0xef][0xbf][0xbd][0xef][0xbf][0xbd]R[0xd0][0xb2];d!`0J[0xef][0xbf][0xbd]="Z[0xef][0xbf][0xbd]}[0x1][0x1f] n[0xef][0xbf][0xbd][0xe1][0x9b][0x89],[0xef][0xbf][0xbd][0xef][0xbf][0xbd][0xef][0xbf][0xbd][0xef][0xbf][0xbd]]`cF[0xef][0xbf][0xbd][0x1b][0xef][0xbf][0xbd]_ci\[0x14][0xe]8[0xc][0xef][0xbf][0xbd][0x3]+[0xef][0xbf][0xbd][0x1d]-[0xef][0xbf][0xbd][0xef][0xbf][0xbd]L[0xda][0x98])GS[0xd1][0x86][0xef][0xbf][0xbd]C[0xef][0xbf][0xbd][0xef][0xbf][0xbd][0xef][0xbf][0xbd][0xef][0xbf][0xbd]S[0xef][0xbf][0xbd]W[0x10][0xca][0xb5][0xef][0xbf][0xbd][0xd7][0x9f]M[0x4]A|[0xef][0xbf][0xbd][0xef][0xbf][0xbd][0xef][0xbf][0xbd]4![0xef][0xbf][0xbd][0x1f]qO[0xef][0xbf][0xbd][0xef][0xbf][0xbd][0xef][0xbf][0xbd][0xef][0xbf][0xbd];v#?[0xef][0xbf][0xbd][0xef][0xbf][0xbd]vQ[0xd0][0xa0][0xef][0xbf][0xbd][0xef][0xbf][0xbd][0x1b]mQ[0xef][0xbf][0xbd]w[0xef][0xbf][0xbd][0xef][0xbf][0xbd]z[0xef][0xbf][0xbd]:P[0xef][0xbf][0xbd][0x19][0xef][0xbf][0xbd][0xef][0xbf][0xbd][0xb][0xef][0xbf][0xbd][0xef][0xbf][0xbd][0xef][0xbf][0xbd]<[0x13][0xef][0xbf][0xbd][0xc2][0xac]G[0xe][0xef][0xbf][0xbd]i[0xef][0xbf][0xbd]0[0x13][0xd0][0xbc]-@[0xef][0xbf][0xbd][0xef][0xbf][0xbd]Ng[0xef][0xbf][0xbd][0xef][0xbf][0xbd][0xef][0xbf][0xbd][0x2][0xef][0xbf][0xbd]5[0xce][0xb4][0xef][0xbf][0xbd][0xc][0xc2][0xb5][0x11][0xef][0xbf][0xbd]][0xef][0xbf][0xbd]}M[0xef][0xbf][0xbd][0xef][0xbf][0xbd][0xef][0xbf][0xbd]oo[0xef][0xbf][0xbd][0xef][0xbf][0xbd][0xef][0xbf][0xbd][0xef][0xbf][0xbd]@[0xef][0xbf][0xbd][0xef][0xbf][0xbd][0xef][0xbf][0xbd]9LSR[0x19]`[0xcb][0xb4][0x15]S[0xd4][0xb7][0x8]`[0xef][0xbf][0xbd][0xef][0xbf][0xbd][0xef][0xbf][0xbd][0x2]}LI[0xef][0xbf][0xbd]>T?[0xef][0xbf][0xbd]![0xef][0xbf][0xbd][0xef][0xbf][0xbd]Ev/l[0x8][\n]"
07:56:30.952 [main] DEBUG org.apache.http.wire -  >> "[0xef][0xbf][0xbd][0xef][0xbf][0xbd][0xef][0xbf][0xbd][0x3][0x16][0xef][0xbf][0xbd]O[0xef][0xbf][0xbd]=[0xef][0xbf][0xbd]][0xef][0xbf][0xbd][0xef][0xbf][0xbd]+[0x1b][0xb][0xef][0xbf][0xbd][0xef][0xbf][0xbd][0xdf][0xb7]/[0xef][0xbf][0xbd][0xef][0xbf][0xbd][0xef][0xbf][0xbd]-n[0xef][0xbf][0xbd][0xef][0xbf][0xbd]q[0xef][0xbf][0xbd]VTr[0xef][0xbf][0xbd]O[0xc][0xef][0xbf][0xbd][0xef][0xbf][0xbd]s[0xef][0xbf][0xbd][0x16][0xef][0xbf][0xbd]*[0xef][0xbf][0xbd][0x12][0xef][0xbf][0xbd][0xef][0xbf][0xbd]_[0xe][0xe6][0xb1][0xa1][0xef][0xbf][0xbd]W[0xef][0xbf][0xbd][0xef][0xbf][0xbd]dL[0xef][0xbf][0xbd]g-{[0xef][0xbf][0xbd]~[0xef][0xbf][0xbd]![0xef][0xbf][0xbd]*[0xef][0xbf][0xbd]f[0xef][0xbf][0xbd]r[0xef][0xbf][0xbd].[0xca][0x90][0xef][0xbf][0xbd][0xef][0xbf][0xbd]#tq,[0xef][0xbf][0xbd],[0x19][0xef][0xbf][0xbd][0x13][0xcc][0x8c]^[\r][0xef][0xbf][0xbd]&1[0xe4][0xac][0x8c]_[0xb][0x1b][0xc][0xef][0xbf][0xbd]|$[0xef][0xbf][0xbd]8[0xef][0xbf][0xbd][0xef][0xbf][0xbd][0xef][0xbf][0xbd][0xef][0xbf][0xbd][0x0]5Z[0xef][0xbf][0xbd][0xef][0xbf][0xbd][0xef][0xbf][0xbd][0xef][0xbf][0xbd][0xef][0xbf][0xbd][0x9]~[0xef][0xbf][0xbd][0xef][0xbf][0xbd][0x0][0xef][0xbf][0xbd][0xef][0xbf][0xbd][0xef][0xbf][0xbd]h[0xef][0xbf][0xbd][0x1a]c[|[0xef][0xbf][0xbd]L[0xef][0xbf][0xbd]6[0x14][0xdc][0x86][0xef][0xbf][0xbd][0xef][0xbf][0xbd][0x18][0xef][0xbf][0xbd][0xef][0xbf][0xbd][0xef][0xbf][0xbd][0xef][0xbf][0xbd]^T[0xef][0xbf][0xbd]w[0xef][0xbf][0xbd]%[0xef][0xbf][0xbd]aVvt-[0xef][0xbf][0xbd][0xef][0xbf][0xbd]7d([0xef][0xbf][0xbd][0x5]t[0xef][0xbf][0xbd]oo4[0xef][0xbf][0xbd][0xef][0xbf][0xbd][0xc2][0x95][0xef][0xbf][0xbd][0x9][0xef][0xbf][0xbd]+[0xef][0xbf][0xbd][0x6]^[0xef][0xbf][0xbd]X[0xef][0xbf][0xbd][0xef][0xbf][0xbd][0xef][0xbf][0xbd][0xef][0xbf][0xbd]RG[0xef][0xbf][0xbd][0xef][0xbf][0xbd][0xef][0xbf][0xbd]%[0xef][0xbf][0xbd][0x3]s[0xef][0xbf][0xbd][0xef][0xbf][0xbd]N"[0xef][0xbf][0xbd][0xef][0xbf][0xbd][0xef][0xbf][0xbd][\r][0x5][0xef][0xbf][0xbd][0xef][0xbf][0xbd][0xef][0xbf][0xbd][0x10]"[0xef][0xbf][0xbd][0xef][0xbf][0xbd][0xef][0xbf][0xbd]t[0xef][0xbf][0xbd][0xef][0xbf][0xbd][0xc4][0xbc][0xef][0xbf][0xbd][0xef][0xbf][0xbd].[0xef][0xbf][0xbd][0xef][0xbf][0xbd]{l[0xef][0xbf][0xbd][0x6][0xef][0xbf][0xbd][0xef][0xbf][0xbd]D[0xef][0xbf][0xbd][0xef][0xbf][0xbd]Z[0xef][0xbf][0xbd][0xef][0xbf][0xbd],I[0x9][0x17]Ua[0xef][0xbf][0xbd][0xef][0xbf][0xbd][0x12][0xef][0xbf][0xbd][0xef][0xbf][0xbd]&[0xd8][0x88][[0x5][0xef][0xbf][0xbd]+[0xef][0xbf][0xbd][0xef][0xbf][0xbd]As0F[0xef][0xbf][0xbd][0xef][0xbf][0xbd]m[0xef][0xbf][0xbd][0xef][0xbf][0xbd][0xef][0xbf][0xbd]3[0xef][0xbf][0xbd]{[0xef][0xbf][0xbd][0xef][0xbf][0xbd][0x1f][0xda][0x98][0xef][0xbf][0xbd][0x11][0xef][0xbf][0xbd].[0xef][0xbf][0xbd][0xef][0xbf][0xbd][0xef][0xbf][0xbd];7[0xef][0xbf][0xbd][0xef][0xbf][0xbd]/[0xef][0xbf][0xbd][0xef][0xbf][0xbd]S[0x1b][0xb][0xef][0xbf][0xbd][0xef][0xbf][0xbd].l$9[0xef][0xbf][0xbd][0xef][0xbf][0xbd]][0xef][0xbf][0xbd][0xef][0xbf][0xbd][0xef][0xbf][0xbd][0xef][0xbf][0xbd][0xef][0xbf][0xbd]+w[0xef][0xbf][0xbd]b[0xef][0xbf][0xbd]s[0xf]Q[0x14]k/[0xef][0xbf][0xbd]p[0xef][0xbf][0xbd][0xef][0xbf][0xbd][0x1c][0xef][0xbf][0xbd][0xef][0xbf][0xbd][0xef][0xbf][0xbd][0x1a][0xef][0xbf][0xbd]_{T[0xef][0xbf][0xbd]\[0xef][0xbf][0xbd][0xef][0xbf][0xbd][0xef][0xbf][0xbd][0xef][0xbf][0xbd][0xef][0xbf][0xbd]x[0xef][0xbf][0xbd]+[0x1e][0xef][0xbf][0xbd][0xef][0xbf][0xbd],A:[0x3][0xef][0xbf][0xbd][0xef][0xbf][0xbd][0xef][0xbf][0xbd][0xef][0xbf][0xbd][0xef][0xbf][0xbd][0xef][0xbf][0xbd][0xef][0xbf][0xbd]rt[0xef][0xbf][0xbd]Q\b;[0xef][0xbf][0xbd]b[0xef][0xbf][0xbd]#[0xef][0xbf][0xbd][0xe]a[0xef][0xbf][0xbd][0xef][0xbf][0xbd]v[0xef][0xbf][0xbd][0x7]IS[0xef][0xbf][0xbd][0xef][0xbf][0xbd][0xef][0xbf][0xbd]e[0xef][0xbf][0xbd]?'%sI[0xef][0xbf][0xbd][0xcc][0xa8][0xef][0xbf][0xbd]2[0x16][0xef][0xbf][0xbd][0x6][0x14]_[0xef][0xbf][0xbd][0xef][0xbf][0xbd][0x2][0xef][0xbf][0xbd]u[0xef][0xbf][0xbd]O[0xef][0xbf][0xbd][0xef][0xbf][0xbd]^Z[0xef][0xbf][0xbd][0xef][0xbf][0xbd][0xef][0xbf][0xbd]k[0xef][0xbf][0xbd]k)[0x5]s[0xcf][0xb2][0xef][0xbf][0xbd][0xdd][0x93][0xef][0xbf][0xbd]}[0xdb][0x8d][0xef][0xbf][0xbd][0x0][0xef][0xbf][0xbd][0xef][0xbf][0xbd]-[0xef][0xbf][0xbd][0xef][0xbf][0xbd]O[m[0xef][0xbf][0xbd][0xef][0xbf][0xbd]@q,[0xe][0xef][0xbf][0xbd]Q[0xef][0xbf][0xbd][0xf][0xef][0xbf][0xbd]eUm[0xef][0xbf][0xbd][0xef][0xbf][0xbd][0xef][0xbf][0xbd][0x1f][0xef][0xbf][0xbd][0xef][0xbf][0xbd][0xef][0xbf][0xbd][0x18]ip5;?[0xc4][0x98][0xef][0xbf][0xbd][[[0xef][0xbf][0xbd][0xef][0xbf][0xbd]0[0xef][0xbf][0xbd][0xef][0xbf][0xbd][0xef][0xbf][0xbd][0xef][0xbf][0xbd][0xd0][0xa2][0xef][0xbf][0xbd]oy.[0xef][0xbf][0xbd][0xef][0xbf][0xbd]9{[0xef][0xbf][0xbd]l[0xef][0xbf][0xbd]{[[0xef][0xbf][0xbd][0xef][0xbf][0xbd][0x17]7[0xef][0xbf][0xbd][0xef][0xbf][0xbd][0xef][0xbf][0xbd][0xef][0xbf][0xbd]EO[0xef][0xbf][0xbd][0xef][0xbf][0xbd]9[0xef][0xbf][0xbd]n[0xef][0xbf][0xbd]d[0x1f]x[0x2][0xcf][0x97][0xef][0xbf][0xbd][0xef][0xbf][0xbd][0xef][0xbf][0xbd]e[0xef][0xbf][0xbd]=[0xef][0xbf][0xbd][0xef][0xbf][0xbd]Z[0xef][0xbf][0xbd]\[0xef][0xbf][0xbd][0xef][0xbf][0xbd][0x1d]Z[0xef][0xbf][0xbd]{O[0xef][0xbf][0xbd][\r][0x1e]'[0xef][0xbf][0xbd][0xea][0x87][0x99]~[0xef][0xbf][0xbd][0xef][0xbf][0xbd][0x1b][0x1f]9[0xef][0xbf][0xbd][0xd8][0x9b]/ v[\r][0xb]X[0xef][0xbf][0xbd]W>[0xef][0xbf][0xbd][0xef][0xbf][0xbd][0xef][0xbf][0xbd][0xef][0xbf][0xbd][0xef][0xbf][0xbd]P[0xef][0xbf][0xbd]6a[0xef][0xbf][0xbd]3[0xef][0xbf][0xbd]T[0xef][0xbf][0xbd][0xef][0xbf][0xbd][0xef][0xbf][0xbd][0x10][0xef][0xbf][0xbd]a[0xef][0xbf][0xbd][0x1d]D[0xef][0xbf][0xbd][0xe]l0[0xef][0xbf][0xbd][0xef][0xbf][0xbd]*[0xef][0xbf][0xbd]\[0xef][0xbf][0xbd]![0xef][0xbf][0xbd][0x1f]X[0xef][0xbf][0xbd]6[0xef][0xbf][0xbd]pl--[0xef][0xbf][0xbd]@^UW[0xc][0xef][0xbf][0xbd]#[0xef][0xbf][0xbd]-[0x1][0xef][0xbf][0xbd]R8rX[0xef][0xbf][0xbd]?l[0xef][0xbf][0xbd]0[0xef][0xbf][0xbd][0xef][0xbf][0xbd][0xef][0xbf][0xbd][0xef][0xbf][0xbd][0xef][0xbf][0xbd][\n]"
07:56:30.953 [main] DEBUG org.apache.http.wire -  >> "[0xef][0xbf][0xbd][0xc5][0x80]Up[0xef][0xbf][0xbd][0xef][0xbf][0xbd][0xef][0xbf][0xbd]1{[0x2]6a[0xef][0xbf][0xbd]e[0xef][0xbf][0xbd][0xef][0xbf][0xbd][0xef][0xbf][0xbd]9[0xef][0xbf][0xbd][0xef][0xbf][0xbd][0xde][0xba]?Qs[0x1f]2P[-X[0x9]CT[0x14][0xef][0xbf][0xbd][0xef][0xbf][0xbd]k[0xef][0xbf][0xbd][0x2][0xef][0xbf][0xbd][0x2]p[0x3][0xef][0xbf][0xbd]l[0x1a][0xb]'[0xdf][0xa3]uP[0xef][0xbf][0xbd][0xef][0xbf][0xbd]v[0xf][0xef][0xbf][0xbd]][0xef][0xbf][0xbd]}\[0xef][0xbf][0xbd][0xef][0xbf][0xbd][0xef][0xbf][0xbd][0x17]=/[0xef][0xbf][0xbd]]eF%[0x1d][0xef][0xbf][0xbd][0xef][0xbf][0xbd][0xef][0xbf][0xbd]w<[0xef][0xbf][0xbd]cC[0xe][0x3][0xcc][0xa6]n,[0xef][0xbf][0xbd]/n[0xef][0xbf][0xbd]<[0xe][0xef][0xbf][0xbd]n[0xef][0xbf][0xbd][0xef][0xbf][0xbd][0xef][0xbf][0xbd][0xef][0xbf][0xbd]M[0xef][0xbf][0xbd][0xef][0xbf][0xbd]d[0xef][0xbf][0xbd][[0xef][0xbf][0xbd]k[0xef][0xbf][0xbd][0xef][0xbf][0xbd][0x9][0xef][0xbf][0xbd][0xef][0xbf][0xbd]g:}l=[0xef][0xbf][0xbd][0xef][0xbf][0xbd][0xef][0xbf][0xbd][0xef][0xbf][0xbd]H[0xef][0xbf][0xbd]l[0xef][0xbf][0xbd][0xef][0xbf][0xbd][0xef][0xbf][0xbd][0xef][0xbf][0xbd]^k[0x1][0xef][0xbf][0xbd][0xef][0xbf][0xbd]p[0xef][0xbf][0xbd]g[0x1e]WkL\[0x18][0xef][0xbf][0xbd][0xef][0xbf][0xbd]b[0xef][0xbf][0xbd][0x17][0xef][0xbf][0xbd][0xef][0xbf][0xbd]0H[0x1c][0xef][0xbf][0xbd]1[0x7]~[0xef][0xbf][0xbd]N[0xef][0xbf][0xbd]?o~[0xef][0xbf][0xbd][0xd9][0x9f][0xef][0xbf][0xbd][0xef][0xbf][0xbd]-6v)[0xd7][0xab][0xef][0xbf][0xbd]|[0xcb][0xbe][0xef][0xbf][0xbd][0xef][0xbf][0xbd][0xef][0xbf][0xbd][0xef][0xbf][0xbd][0xef][0xbf][0xbd]q[0xef][0xbf][0xbd]bQ[0xef][0xbf][0xbd][0x9]p[0xef][0xbf][0xbd][0x14][0xef][0xbf][0xbd]![0xef][0xbf][0xbd]J[0xef][0xbf][0xbd]'4&[0xef][0xbf][0xbd]-[0xef][0xbf][0xbd][0xe][0xef][0xbf][0xbd][0xef][0xbf][0xbd][0xef][0xbf][0xbd][0xef][0xbf][0xbd][0xef][0xbf][0xbd]e1[0xef][0xbf][0xbd]"W[0xc9][0x8b][0xef][0xbf][0xbd]h"[0x10]6[0xef][0xbf][0xbd][0xef][0xbf][0xbd]5So[0xef][0xbf][0xbd][\r]w)bf%[0xef][0xbf][0xbd][0x1][0xef][0xbf][0xbd][0xd0][0x9b][0xef][0xbf][0xbd]H6r[0x8][0xef][0xbf][0xbd][ L\.[0xef][0xbf][0xbd]([0xef][0xbf][0xbd],[0xef][0xbf][0xbd][0xef][0xbf][0xbd]N[0xef][0xbf][0xbd]L Ngc[0xef][0xbf][0xbd][0xef][0xbf][0xbd]Fow[\r][0xef][0xbf][0xbd]h[[0xc2][0x85]f[0xef][0xbf][0xbd][0xef][0xbf][0xbd][0xef][0xbf][0xbd]~9q[0xef][0xbf][0xbd][0xef][0xbf][0xbd];[0xef][0xbf][0xbd]^*a[0xef][0xbf][0xbd]%![0xef][0xbf][0xbd]1[0xef][0xbf][0xbd]%[0xef][0xbf][0xbd][0xef][0xbf][0xbd][0x2][0xef][0xbf][0xbd][0xef][0xbf][0xbd]}[0xef][0xbf][0xbd][0xef][0xbf][0xbd][0xef][0xbf][0xbd][0xef][0xbf][0xbd][0xef][0xbf][0xbd][0xef][0xbf][0xbd][0x1f][0xef][0xbf][0xbd][0xef][0xbf][0xbd][[0xef][0xbf][0xbd][0x1e]+[0xef][0xbf][0xbd][0xef][0xbf][0xbd][0xef][0xbf][0xbd][0xef][0xbf][0xbd][0x10][0xef][0xbf][0xbd]"[0xef][0xbf][0xbd][0xef][0xbf][0xbd][0x1d][0xef][0xbf][0xbd]H[0xef][0xbf][0xbd][0xc5][0x80]3[0xef][0xbf][0xbd][0xef][0xbf][0xbd][0xef][0xbf][0xbd][0xef][0xbf][0xbd][0xc5][0x8c][0x9][0xef][0xbf][0xbd][0x17]t[0xef][0xbf][0xbd][0x1][0xef][0xbf][0xbd]2[\n]"
07:56:30.953 [main] DEBUG org.apache.http.wire -  >> "[0x1d][0x5][0xef][0xbf][0xbd][0xef][0xbf][0xbd][0xef][0xbf][0xbd]d)[0xef][0xbf][0xbd][0xef][0xbf][0xbd][0xef][0xbf][0xbd][0xef][0xbf][0xbd][0xef][0xbf][0xbd][0xb][0xef][0xbf][0xbd]U'[0x1]\[0x1][0xef][0xbf][0xbd]I[0x17][0xef][0xbf][0xbd]v[0x5][0xef][0xbf][0xbd]L3[0xef][0xbf][0xbd][0xef][0xbf][0xbd]d{[0xef][0xbf][0xbd]uD[\r][0xef][0xbf][0xbd]Y#[0xef][0xbf][0xbd][0x0]ak[0xef][0xbf][0xbd][0xef][0xbf][0xbd]~[0xef][0xbf][0xbd][0xef][0xbf][0xbd][0xef][0xbf][0xbd][0xef][0xbf][0xbd]@[0x6][0xef][0xbf][0xbd]F[0xef][0xbf][0xbd][0xcd][0x91][0xef][0xbf][0xbd]1}X[0x4][0xc]=[0xef][0xbf][0xbd][0xef][0xbf][0xbd]R[0x11][0xef][0xbf][0xbd]E[0xef][0xbf][0xbd][0xef][0xbf][0xbd]eO[0xef][0xbf][0xbd][0xef][0xbf][0xbd]u[0xef][0xbf][0xbd][0xef][0xbf][0xbd][0xef][0xbf][0xbd][0x1][0xef][0xbf][0xbd][0xef][0xbf][0xbd][[0xef][0xbf][0xbd]h[0xef][0xbf][0xbd]r[0xef][0xbf][0xbd][0xef][0xbf][0xbd][0xb][0xef][0xbf][0xbd][0xef][0xbf][0xbd][0xef][0xbf][0xbd][0xef][0xbf][0xbd][0xef][0xbf][0xbd]j[0x3]3[0xef][0xbf][0xbd]S[0xef][0xbf][0xbd][0x1c][0xef][0xbf][0xbd]?[0xef][0xbf][0xbd][0xef][0xbf][0xbd] [0xef][0xbf][0xbd][0xef][0xbf][0xbd]hp[0xef][0xbf][0xbd]M[0xef][0xbf][0xbd][[0xef][0xbf][0xbd][0xef][0xbf][0xbd][0xef][0xbf][0xbd][0x6] [0xef][0xbf][0xbd]7@[0xef][0xbf][0xbd]xZ[0xef][0xbf][0xbd]@[0xef][0xbf][0xbd]&}D[0xef][0xbf][0xbd]pq[0xef][0xbf][0xbd]S[0x1e][0xef][0xbf][0xbd][0x6][0xef][0xbf][0xbd][0xef][0xbf][0xbd]v[0xef][0xbf][0xbd][0xef][0xbf][0xbd]0[0xef][0xbf][0xbd][0x6]k[0xef][0xbf][0xbd]1[0x14][0xef][0xbf][0xbd][0xef][0xbf][0xbd]Q[0xef][0xbf][0xbd][0x3][0xef][0xbf][0xbd][0x18][0xef][0xbf][0xbd]_][0xef][0xbf][0xbd]"gR[0xf]X[0xef][0xbf][0xbd][0x1c]v[0xef][0xbf][0xbd][0xef][0xbf][0xbd]:[0xef][0xbf][0xbd][0xef][0xbf][0xbd]@KC[0x3][0xef][0xbf][0xbd] [0xef][0xbf][0xbd][0xef][0xbf][0xbd][0xef][0xbf][0xbd][0xef][0xbf][0xbd])[0xef][0xbf][0xbd][0xef][0xbf][0xbd]Nl[0x0][0xef][0xbf][0xbd]r&_P[0xef][0xbf][0xbd]M[0xef][0xbf][0xbd]X[0xef][0xbf][0xbd][0xef][0xbf][0xbd]4F[0xef][0xbf][0xbd][0xef][0xbf][0xbd]fL[0xef][0xbf][0xbd]!q[0xef][0xbf][0xbd]su[0xef][0xbf][0xbd])[0xef][0xbf][0xbd][0xef][0xbf][0xbd][0xef][0xbf][0xbd]t[0xef][0xbf][0xbd][0x2][0xe4][0x83][0xb6]{[0xef][0xbf][0xbd][0xef][0xbf][0xbd]ce[0x3][0xef][0xbf][0xbd][0xef][0xbf][0xbd][0xef][0xbf][0xbd]<[0xef][0xbf][0xbd]}[0x13]w!L[0xef][0xbf][0xbd][0xef][0xbf][0xbd][0xef][0xbf][0xbd]z;%[0xef][0xbf][0xbd][0xef][0xbf][0xbd][0xef][0xbf][0xbd][0xef][0xbf][0xbd].U[0xde][0xa5][0xef][0xbf][0xbd][0x9]bj[0xef][0xbf][0xbd]9[0xdf][0x92][0xef][0x82][0x98][0xd5][0x85][0xda][0xaf][0xef][0xbf][0xbd][0xb][0xef][0xbf][0xbd][0xef][0xbf][0xbd][0xef][0xbf][0xbd][0xef][0xbf][0xbd]28[0xef][0xbf][0xbd]D[q[0xef][0xbf][0xbd]YL[0x2][0x18][0xef][0xbf][0xbd]t[0xef][0xbf][0xbd][0xef][0xbf][0xbd]$[0xef][0xbf][0xbd][0xef][0xbf][0xbd][0xef][0xbf][0xbd][0xd0][0xa3]0[0xef][0xbf][0xbd]QL[0xef][0xbf][0xbd][0xef][0xbf][0xbd]Yw[0x19]y[0xef][0xbf][0xbd]Yd[0xef][0xbf][0xbd][0xef][0xbf][0xbd][0xef][0xbf][0xbd]!e[0x2]G[0xef][0xbf][0xbd];[0xef][0xbf][0xbd][0xef][0xbf][0xbd][0xef][0xbf][0xbd]([0xef][0xbf][0xbd][0xef][0xbf][0xbd][0xef][0xbf][0xbd]6'[0x1e]Z[0xef][0xbf][0xbd][0xef][0xbf][0xbd]^[0xef][0xbf][0xbd]U[0x13][0x18][0xef][0xbf][0xbd][0x4][0xef][0xbf][0xbd][0xef][0xbf][0xbd]i[0xef][0xbf][0xbd]I[0xef][0xbf][0xbd]`[0xc5][0x8e][0xef][0xbf][0xbd]Y[0xef][0xbf][0xbd][0xef][0xbf][0xbd]7[0xef][0xbf][0xbd]]@[0xef][0xbf][0xbd][0xda][0x95][0xef][0xbf][0xbd][0xef][0xbf][0xbd][0x17][0xef][0xbf][0xbd][0xef][0xbf][0xbd]O>m[0xef][0xbf][0xbd]~[0xef][0xbf][0xbd][0xdd][0xbe]S[0xef][0xbf][0xbd][0xef][0xbf][0xbd][0x16][0x1f]:[0xef][0xbf][0xbd][0x1c][0xef][0xbf][0xbd]&[0xef][0xbf][0xbd][0x2]-[0x7][0xef][0xbf][0xbd]l[0xef][0xbf][0xbd]Qhj[0x12][0xef][0xbf][0xbd][0xef][0xbf][0xbd][0xc]r[0xef][0xbf][0xbd]l3[0xef][0xbf][0xbd][0xef][0xbf][0xbd][0xef][0xbf][0xbd][0xef][0xbf][0xbd]7[0xef][0xbf][0xbd][0xef][0xbf][0xbd][0xef][0xbf][0xbd][0xef][0xbf][0xbd]a[\n]"
07:56:30.953 [main] DEBUG org.apache.http.wire -  >> "[0x1d][0xef][0xbf][0xbd]i'86[0xef][0xbf][0xbd][0xef][0xbf][0xbd]r[0xef][0xbf][0xbd]D6N[0xef][0xbf][0xbd][0x8][0xef][0xbf][0xbd][0xef][0xbf][0xbd][0xef][0xbf][0xbd][0xef][0xbf][0xbd][0xef][0xbf][0xbd]Y[0xef][0xbf][0xbd]j[0x1][0xef][0xbf][0xbd]R[0xef][0xbf][0xbd]h6[0x1a][0xef][0xbf][0xbd][0x11][0xef][0xbf][0xbd]i[0xef][0xbf][0xbd]n[0xef][0xbf][0xbd][0xef][0xbf][0xbd]N[0x8][0xef][0xbf][0xbd][0xef][0xbf][0xbd]}[0xef][0xbf][0xbd][0xef][0xbf][0xbd][0xef][0xbf][0xbd][0xef][0xbf][0xbd]/Cn[0xef][0xbf][0xbd]Zb[0xef][0xbf][0xbd][0xef][0xbf][0xbd][0xef][0xbf][0xbd][0xef][0xbf][0xbd]i7R[0xef][0xbf][0xbd][0xef][0xbf][0xbd]#6[0x1a][0xef][0xbf][0xbd][0xef][0xbf][0xbd][0x5]z&[0xef][0xbf][0xbd][0xef][0xbf][0xbd]f[0xef][0xbf][0xbd][0xef][0xbf][0xbd]0s?/[0xef][0xbf][0xbd]r[0xef][0xbf][0xbd]a[0xef][0xbf][0xbd]K[0xef][0xbf][0xbd]<[0xef][0xbf][0xbd]:[0x2][0xde][0xa5][0x4][0xc6][0xbd][0xef][0xbf][0xbd][0xf][0xef][0xbf][0xbd]O<uO[0xef][0xbf][0xbd][0xef][0xbf][0xbd]g[0x3][0xef][0xbf][0xbd][0xef][0xbf][0xbd][0xde][0x9e][0xd8][0xbe][0x9][0xd6][0x84]3[0xef][0xbf][0xbd]E[0xef][0xbf][0xbd]P[0xf]4t:>u[0xef][0xbf][0xbd]r[0x2]7[0xef][0xbf][0xbd][0xef][0xbf][0xbd][0xef][0xbf][0xbd][0xef][0xbf][0xbd]4h[0xef][0xbf][0xbd][0xd2][0xbe];[0xef][0xbf][0xbd][0xe]0[0xef][0xbf][0xbd][0xef][0xbf][0xbd]4[0xef][0xbf][0xbd]y>[0x17]K[0xdd][0x99][0x0][0xef][0xbf][0xbd][0xef][0xbf][0xbd]G[0xef][0xbf][0xbd][0xef][0xbf][0xbd][0xef][0xbf][0xbd][0x18]R[0x1d][0xce][0xa0]p[0xef][0xbf][0xbd][0xef][0xbf][0xbd][0x4][0xef][0xbf][0xbd][0xef][0xbf][0xbd][0xc6][0x85][0xef][0xbf][0xbd]D[0x4][0xef][0xbf][0xbd][0xef][0xbf][0xbd][0xd9][0xb4][0xef][0xbf][0xbd][0xc].B[0xef][0xbf][0xbd][0x16]?[0xef][0xbf][0xbd][0xef][0xbf][0xbd]`[0xef][0xbf][0xbd][0xef][0xbf][0xbd]b[0xef][0xbf][0xbd]Q[0xef][0xbf][0xbd][0xef][0xbf][0xbd][0xef][0xbf][0xbd][0x11][0x18]r[\n]"
07:56:30.953 [main] DEBUG org.apache.http.wire -  >> "[0x1b]R[0xef][0xbf][0xbd][0xef][0xbf][0xbd]2[0xef][0xbf][0xbd][0xef][0xbf][0xbd][0xe]q[0xef][0xbf][0xbd]t[0xef][0xbf][0xbd][0xef][0xbf][0xbd][0x5][0xef][0xbf][0xbd][0x2];[0xef][0xbf][0xbd][0x12][0xef][0xbf][0xbd][0xef][0xbf][0xbd]^[0xef][0xbf][0xbd][0xca][0x91][0xef][0xbf][0xbd]}[0xef][0xbf][0xbd][0xef][0xbf][0xbd]~[0xef][0xbf][0xbd][0xef][0xbf][0xbd]|[0xef][0xbf][0xbd]+[0xef][0xbf][0xbd][0x10]V>~[0xef][0xbf][0xbd]!+[0xef][0xbf][0xbd][0xef][0xbf][0xbd][0xef][0xbf][0xbd]b_[0xef][0xbf][0xbd][0xef][0xbf][0xbd]R*[0xef][0xbf][0xbd][0xef][0xbf][0xbd][0xef][0xbf][0xbd]Y[0xef][0xbf][0xbd]A[0xef][0xbf][0xbd]i[0xef][0xbf][0xbd][0xef][0xbf][0xbd]"%[0xef][0xbf][0xbd][0xef][0xbf][0xbd]SYK[0x1d][0xef][0xbf][0xbd][0xef][0xbf][0xbd][0xef][0xbf][0xbd]U![0xef][0xbf][0xbd]M[0x1f]S[0xef][0xbf][0xbd]M[\r],+[0xd5][0x99].[0xef][0xbf][0xbd][0xef][0xbf][0xbd][0xef][0xbf][0xbd]Py[0xef][0xbf][0xbd][0xc]de[0xef][0xbf][0xbd][0xef][0xbf][0xbd]#[0xef][0xbf][0xbd][0xef][0xbf][0xbd][0xef][0xbf][0xbd]EL[0xef][0xbf][0xbd][0xef][0xbf][0xbd][0x17][0xef][0xbf][0xbd][0xda][0x8f][0xef][0xbf][0xbd]d[0xef][0xbf][0xbd][0xef][0xbf][0xbd]q[0x7][0xef][0xbf][0xbd]a%[0xef][0xbf][0xbd])[0xef][0xbf][0xbd]n&^[0x1c][0xd7][0xb8]}[0xef][0xbf][0xbd][0xef][0xbf][0xbd][0xef][0xbf][0xbd]][0xef][0xbf][0xbd]wS[0xef][0xbf][0xbd][0xc7][0x83]e[0xef][0xbf][0xbd].lh)[0xef][0xbf][0xbd][0x1d]Y%[0xef][0xbf][0xbd]g[0xef][0xbf][0xbd]m@s[0xef][0xbf][0xbd][0xd8][0x9e][0xef][0xbf][0xbd]Pb[0xef][0xbf][0xbd]5[0xef][0xbf][0xbd][0xef][0xbf][0xbd][0xef][0xbf][0xbd]L[0xef][0xbf][0xbd]g[0x1d][0xef][0xbf][0xbd]@[0xef][0xbf][0xbd]]fo~[0xef][0xbf][0xbd][0xef][0xbf][0xbd][0xef][0xbf][0xbd][0xef][0xbf][0xbd][0xef][0xbf][0xbd]Ce[0x3][0xef][0xbf][0xbd]L[0xef][0xbf][0xbd]8[0xef][0xbf][0xbd]|[0xef][0xbf][0xbd][0xef][0xbf][0xbd][[0xef][0xbf][0xbd][0xef][0xbf][0xbd]ba[0xef][0xbf][0xbd]&57@[0xef][0xbf][0xbd][0xce][0xa6][0x19]&GM[0xef][0xbf][0xbd].[0xef][0xbf][0xbd]K&[0xef][0xbf][0xbd]\[0xef][0xbf][0xbd]Z[0xef][0xbf][0xbd][0xef][0xbf][0xbd]d[0x5]B[0x1][0xc2][0xb3][0x1d]^[0xef][0xbf][0xbd][0xef][0xbf][0xbd][0xef][0xbf][0xbd][0xef][0xbf][0xbd]`v_[0xef][0xbf][0xbd][0xef][0xbf][0xbd][0x5]n[0x15][0xef][0xbf][0xbd]}[\n]"
07:56:30.953 [main] DEBUG org.apache.http.wire -  >> "[0xef][0xbf][0xbd][0xef][0xbf][0xbd][0xef][0xbf][0xbd][0xef][0xbf][0xbd]![0xef][0xbf][0xbd]0[\r]LA[0xef][0xbf][0xbd]e#[0xef][0xbf][0xbd][0xef][0xbf][0xbd]$[0xef][0xbf][0xbd][0xef][0xbf][0xbd]{[0x1c]z[0xef][0xbf][0xbd]![0x10][0x1b][0xef][0xbf][0xbd]-[0xef][0xbf][0xbd][0xef][0xbf][0xbd][0xef][0xbf][0xbd])|[0xef][0xbf][0xbd]v[0x13][0x1]p[0xef][0xbf][0xbd][0xc5][0xbf][0xef][0xbf][0xbd][0xe][0x1c]F0[0xef][0xbf][0xbd]F7[0x8][0xef][0xbf][0xbd][0x1]A-[0xef][0xbf][0xbd][0xef][0xbf][0xbd][0xef][0xbf][0xbd][0xef][0xbf][0xbd][0xef][0xbf][0xbd][0xef][0xbf][0xbd][0x11][0xef][0xbf][0xbd][0xef][0xbf][0xbd][0xef][0xbf][0xbd]S[0xef][0xbf][0xbd]"
07:56:30.953 [main] DEBUG org.apache.http.wire -  >> "[0xef][0xbf][0xbd][0x1d]{[0xef][0xbf][0xbd][0x17][0xd3][0x9e][0xef][0xbf][0xbd][0xef][0xbf][0xbd][0xef][0xbf][0xbd][0xdb][0x92];N[0xef][0xbf][0xbd][0x7]Y[0x11]P[0xef][0xbf][0xbd]m1#X[0xef][0xbf][0xbd][0xef][0xbf][0xbd][0x6][0xef][0xbf][0xbd][0x7][0x0]9wv}r[0xda][0x87][0xef][0xbf][0xbd]|dxW[0xef][0xbf][0xbd]n[0xc][0xef][0xbf][0xbd]%[0xef][0xbf][0xbd][0xef][0xbf][0xbd][0xef][0xbf][0xbd][0xef][0xbf][0xbd][0xef][0xbf][0xbd][0xef][0xbf][0xbd][0xef][0xbf][0xbd]@Z[0xef][0xbf][0xbd]x7[0xef][0xbf][0xbd]97[0xef][0xbf][0xbd][0xef][0xbf][0xbd][0xef][0xbf][0xbd][0xef][0xbf][0xbd][0xef][0xbf][0xbd][0xef][0xbf][0xbd]5*[0xef][0xbf][0xbd][0x1][0xef][0xbf][0xbd]K[0xef][0xbf][0xbd][0x13][0xef][0xbf][0xbd]<zPH[0xef][0xbf][0xbd]L`AS[0xc8][0xb4]d[0xef][0xbf][0xbd][0x1] r1&$[\r][0xef][0xbf][0xbd]N[0x18][0xef][0xbf][0xbd][0xef][0xbf][0xbd]ygT[0xef][0xbf][0xbd][0xef][0xbf][0xbd][0xe9][0x8c][0xa5][0xef][0xbf][0xbd][0xc2][0x9b]2#[0xef][0xbf][0xbd]aaT[0x0]7[0xef][0xbf][0xbd][0xef][0xbf][0xbd]][0xef][0xbf][0xbd][0xef][0xbf][0xbd][0x16][0xef][0xbf][0xbd]'[0xef][0xbf][0xbd]o$[0x16][0xef][0xbf][0xbd][0xef][0xbf][0xbd][0x2][0xef][0xbf][0xbd][0xef][0xbf][0xbd]g[0xef][0xbf][0xbd][0x16]6[0xef][0xbf][0xbd][0xef][0xbf][0xbd][0xef][0xbf][0xbd][0xef][0xbf][0xbd][0xef][0xbf][0xbd]/[0xef][0xbf][0xbd][0x1e]*[0xef][0xbf][0xbd][0xef][0xbf][0xbd]aO[0xef][0xbf][0xbd][0xef][0xbf][0xbd]U[0x1c]1*[0xd1][0xa0][0xef][0xbf][0xbd][0xef][0xbf][0xbd][0xeb][0xbd][0xad][0xef][0xbf][0xbd]2S[0xef][0xbf][0xbd][0xda][0x9a]![0x8][0xef][0xbf][0xbd][0xef][0xbf][0xbd]7;[0x17]D&[0xef][0xbf][0xbd]%[0xef][0xbf][0xbd][0x14]sr[0xef][0xbf][0xbd][0xef][0xbf][0xbd][0xef][0xbf][0xbd]5[0xef][0xbf][0xbd][\n]"
07:56:30.954 [main] DEBUG org.apache.http.wire -  >> "[0xef][0xbf][0xbd][0x5]P[0xef][0xbf][0xbd][0x1c][0x1b]@`[0xef][0xbf][0xbd][0xca][0x8d][0xef][0xbf][0xbd] 5[0xef][0xbf][0xbd][0xef][0xbf][0xbd][0xef][0xbf][0xbd][0xef][0xbf][0xbd][0xca][0x9b][0xef][0xbf][0xbd][0xef][0xbf][0xbd]B[0xef][0xbf][0xbd][0xef][0xbf][0xbd][0xef][0xbf][0xbd][0xef][0xbf][0xbd].U[0xe7][0x87][0x8e][0xef][0xbf][0xbd][0xef][0xbf][0xbd][0xef][0xbf][0xbd][0xef][0xbf][0xbd]VS[0xef][0xbf][0xbd]~[0x8][0xc5][0xb7]1[0x5][0x10][0xef][0xbf][0xbd]0qM[0xef][0xbf][0xbd]z[0xef][0xbf][0xbd]/[0x5]v![0xef][0xbf][0xbd]b[0xef][0xbf][0xbd][0xef][0xbf][0xbd][0xef][0xbf][0xbd][0xef][0xbf][0xbd][0xef][0xbf][0xbd][0xf4][0x81][0x89][0xbd][0xef][0xbf][0xbd]uv)[0xd7][0xa7][0xef][0xbf][0xbd][0xef][0xbf][0xbd][0xef][0xbf][0xbd]W[0xef][0xbf][0xbd][0xef][0xbf][0xbd][0xef][0xbf][0xbd][0xef][0xbf][0xbd][0xef][0xbf][0xbd][0xef][0xbf][0xbd][0xef][0xbf][0xbd][0x1f]<C [0xc2][0xae]P`[0x1]?[0xef][0xbf][0xbd][0xef][0xbf][0xbd]a[0xef][0xbf][0xbd][0xef][0xbf][0xbd]%[0xef][0xbf][0xbd]H[0xef][0xbf][0xbd][0xef][0xbf][0xbd][0x1d][0xef][0xbf][0xbd][0xef][0xbf][0xbd]^[0xce][0x8c]C[0xef][0xbf][0xbd][0xc9][0xb6][0xef][0xbf][0xbd]k[0xef][0xbf][0xbd][0xef][0xbf][0xbd][0xc6][0xb3][0xef][0xbf][0xbd][0xef][0xbf][0xbd]DF[0xef][0xbf][0xbd]T[0x0][0xef][0xbf][0xbd][0xef][0xbf][0xbd]/P[0xef][0xbf][0xbd][0xef][0xbf][0xbd][0xef][0xbf][0xbd][0xef][0xbf][0xbd][0x1f][0xef][0xbf][0xbd][0x6]l[b;[0x6][0x0]U[0xef][0xbf][0xbd][0xef][0xbf][0xbd]2[0xef][0xbf][0xbd][0xef][0xbf][0xbd][0x1f]N[0xef][0xbf][0xbd][0x4].[X[0xef][0xbf][0xbd][0xef][0xbf][0xbd][0xef][0xbf][0xbd][0xef][0xbf][0xbd]TC[0xef][0xbf][0xbd][0xef][0xbf][0xbd]d[0xef][0xbf][0xbd][0x1c][0xef][0xbf][0xbd]Q[0xef][0xbf][0xbd]q[0xef][0xbf][0xbd][0xef][0xbf][0xbd]g{6[0xef][0xbf][0xbd]o[0xef][0xbf][0xbd]J[0xef][0xbf][0xbd][0xef][0xbf][0xbd]0[0x2]p[0xef][0xbf][0xbd]bu[0xf]u[0xef][0xbf][0xbd][0x9]h[0xef][0xbf][0xbd][0x18][0xef][0xbf][0xbd][0xef][0xbf][0xbd][0xef][0xbf][0xbd][0xc6][0xba]Z[0xef][0xbf][0xbd][0xda][0xa9]kR[0xef][0xbf][0xbd][0x1f][0xef][0xbf][0xbd][0x17]#?[0xef][0xbf][0xbd][0xef][0xbf][0xbd])p;w[0x1f][0xef][0xbf][0xbd]z[0xef][0xbf][0xbd]p[0x3][0xef][0xbf][0xbd]>>[0xef][0xbf][0xbd][0xef][0xbf][0xbd][0x4]n#c[0xef][0xbf][0xbd]Uy[0xef][0xbf][0xbd]5[0xd3][0x9e]u[0xef][0xbf][0xbd]}[0xef][0xbf][0xbd][0x1b]5[0xef][0xbf][0xbd]r[0x12]Kb[0xef][0xbf][0xbd]=[0xef][0xbf][0xbd]i[0x1d][0xef][0xbf][0xbd][0x12][0xef][0xbf][0xbd][0xef][0xbf][0xbd][0xef][0xbf][0xbd][0xef][0xbf][0xbd][0xef][0xbf][0xbd][0xef][0xbf][0xbd]e[0xef][0xbf][0xbd]Ck[0xcb][0xaa]B[0xef][0xbf][0xbd]l[0xef][0xbf][0xbd][0x4][0xef][0xbf][0xbd]w[0xef][0xbf][0xbd]WAH[0xef][0xbf][0xbd][0xef][0xbf][0xbd]/[0xef][0xbf][0xbd][0xef][0xbf][0xbd][0xef][0xbf][0xbd]m[0xef][0xbf][0xbd][0xef][0xbf][0xbd]aA[0xef][0xbf][0xbd][0xef][0xbf][0xbd]:[0x14][0xef][0xbf][0xbd][0xef][0xbf][0xbd]*[0xef][0xbf][0xbd][0x0]?[0xef][0xbf][0xbd]D[0xef][0xbf][0xbd]?[0xef][0xbf][0xbd][0xef][0xbf][0xbd]rLz[0xef][0xbf][0xbd][0x3]p[0xef][0xbf][0xbd]/3[0xef][0xbf][0xbd][0x1][0xef][0xbf][0xbd]e[0xc]zg[0xef][0xbf][0xbd]m[0x7]&[0xef][0xbf][0xbd][0xef][0xbf][0xbd][0xb][0xef][0xbf][0xbd]][0xef][0xbf][0xbd][0xef][0xbf][0xbd][0xef][0xbf][0xbd][0xef][0xbf][0xbd][0xef][0xbf][0xbd][0xef][0xbf][0xbd]=[0xef][0xbf][0xbd][0xb]OeZ[0xef][0xbf][0xbd]w[0xef][0xbf][0xbd]`[0xef][0xbf][0xbd]z[0xef][0xbf][0xbd]V[0xef][0xbf][0xbd]6[0xef][0xbf][0xbd][0xef][0xbf][0xbd]L=[0xef][0xbf][0xbd][0xef][0xbf][0xbd]z[0xef][0xbf][0xbd][0xef][0xbf][0xbd]O[0xef][0xbf][0xbd][0x12][0xef][0xbf][0xbd][0xef][0xbf][0xbd][0xef][0xbf][0xbd][0x11][0xd8][0xad][0xef][0xbf][0xbd][0x0],[0xd4][0x8d][0xd9][0xb6]Y[0x12][0x11]7y[0xb]P[0xef][0xbf][0xbd][0x1d][0xef][0xbf][0xbd][0x19][0x1c][0xef][0xbf][0xbd][0xef][0xbf][0xbd][0x1a][0xef][0xbf][0xbd]J[0xef][0xbf][0xbd]5P5[0x0]Q[0xef][0xbf][0xbd][0x1e]oA[0xef][0xbf][0xbd][0xef][0xbf][0xbd]h[0xef][0xbf][0xbd]K[0xef][0xbf][0xbd]4[0xef][0xbf][0xbd]![0xef][0xbf][0xbd][0xef][0xbf][0xbd][0xef][0xbf][0xbd][0xef][0xbf][0xbd]m[0xdf][0x8e][0xef][0xbf][0xbd][0xef][0xbf][0xbd]i[0xef][0xbf][0xbd]/V[0xef][0xbf][0xbd]/.[0xef][0xbf][0xbd][0x1][0xef][0xbf][0xbd]Q[0xef][0xbf][0xbd][0x1a]2[0xef][0xbf][0xbd]lLt[0xef][0xbf][0xbd][0x16][0xed][0x83][0x9d][0xef][0xbf][0xbd][0xef][0xbf][0xbd][0xef][0xbf][0xbd][0xef][0xbf][0xbd][0xef][0xbf][0xbd][0xef][0xbf][0xbd]^[0xef][0xbf][0xbd].[0xc6][0x89]l[[0xef][0xbf][0xbd]{[0xef][0xbf][0xbd]f[0xef][0xbf][0xbd][0xef][0xbf][0xbd]m[0xef][0xbf][0xbd][0xef][0xbf][0xbd];[0xef][0xbf][0xbd][0xef][0xbf][0xbd][0x13][0xef][0xbf][0xbd][0xef][0xbf][0xbd][0xef][0xbf][0xbd][0xef][0xbf][0xbd]}[0xef][0xbf][0xbd][0xf][0xef][0xbf][0xbd]=R[0x8]dwv[0xf]~[0xef][0xbf][0xbd][0xef][0xbf][0xbd][0x15][0xef][0xbf][0xbd][0xef][0xbf][0xbd][0xef][0xbf][0xbd][0x0][0xef][0xbf][0xbd][0xef][0xbf][0xbd]V[0xc2][0xa1]@'[0xef][0xbf][0xbd][0xef][0xbf][0xbd]{z[0xef][0xbf][0xbd][0xef][0xbf][0xbd]?$[0x19][0xef][0xbf][0xbd][0xef][0xbf][0xbd]6[0xef][0xbf][0xbd]H[\n]"
07:56:30.954 [main] DEBUG org.apache.http.wire -  >> "0[0x1e]N1[0xef][0xbf][0xbd]|[0x0][0x16]| [0xef][0xbf][0xbd][0xef][0xbf][0xbd]m[\r][0xef][0xbf][0xbd][0x16]RfB[0xef][0xbf][0xbd]u[0x13]f[0xef][0xbf][0xbd][0xef][0xbf][0xbd][0x1]V[0xef][0xbf][0xbd][0xef][0xbf][0xbd]o8[0xef][0xbf][0xbd]s[0xef][0xbf][0xbd][0xef][0xbf][0xbd][0xef][0xbf][0xbd][0x1c]@[0xe][0xef][0xbf][0xbd][0xef][0xbf][0xbd]4[0xef][0xbf][0xbd][0x1c][0xef][0xbf][0xbd][0xef][0xbf][0xbd][0x14][0xef][0xbf][0xbd]C[0xef][0xbf][0xbd]n[0xef][0xbf][0xbd]O[0xef][0xbf][0xbd][0xef][0xbf][0xbd][0xef][0xbf][0xbd][0x1b][0xef][0xbf][0xbd][0xef][0xbf][0xbd]R[0xef][0xbf][0xbd]d[0xef][0xbf][0xbd][0xef][0xbf][0xbd][0xe]"M[0xef][0xbf][0xbd]L[0xef][0xbf][0xbd]?[0xef][0xbf][0xbd][0xef][0xbf][0xbd][0xef][0xbf][0xbd][0xf][0xda][0xa5]\[0xef][0xbf][0xbd][0xef][0xbf][0xbd][0xef][0xbf][0xbd][0x5]{[0xef][0xbf][0xbd]_[0xef][0xbf][0xbd][0xef][0xbf][0xbd][0xef][0xbf][0xbd][0xef][0xbf][0xbd][0xef][0xbf][0xbd][0xef][0xbf][0xbd]6[[0xef][0xbf][0xbd]x[0xef][0xbf][0xbd][0xef][0xbf][0xbd]lZ[0xef][0xbf][0xbd]7H[0xef][0xbf][0xbd][0xef][0xbf][0xbd][0xef][0xbf][0xbd][0xef][0xbf][0xbd]B#b[0xef][0xbf][0xbd]lX[0xef][0xbf][0xbd][0x11][0xb]+h[0xef][0xbf][0xbd][0xef][0xbf][0xbd][0xef][0xbf][0xbd]V[0xef][0xbf][0xbd][0xef][0xbf][0xbd]}[0xef][0xbf][0xbd][0x1a]7[0xef][0xbf][0xbd][0xef][0xbf][0xbd][0xef][0xbf][0xbd]u[0x9][0xef][0xbf][0xbd]{[0xdb][0x86].(!v[0xef][0xbf][0xbd][0xef][0xbf][0xbd][0xef][0xbf][0xbd]V[0xef][0xbf][0xbd]x5*[0xef][0xbf][0xbd][0xef][0xbf][0xbd][0x11]'[0xef][0xbf][0xbd]S[0xef][0xbf][0xbd]([0xef][0xbf][0xbd][0xef][0xbf][0xbd]v[0xef][0xbf][0xbd]8[0xef][0xbf][0xbd][0x1a][0xef][0xbf][0xbd]1[0xef][0xbf][0xbd][0xef][0xbf][0xbd]2[0xef][0xbf][0xbd][0xef][0xbf][0xbd][0x13]@`[0xef][0xbf][0xbd][0xef][0xbf][0xbd]![0x2]m[0xef][0xbf][0xbd][0xef][0xbf][0xbd]_[0xef][0xbf][0xbd]c[0xef][0xbf][0xbd][0xef][0xbf][0xbd]1m[0xef][0xbf][0xbd]P[0xef][0xbf][0xbd]i[0xef][0xbf][0xbd][0xef][0xbf][0xbd]D[0xef][0xbf][0xbd]NF[0xef][0xbf][0xbd]U[0xb][0xef][0xbf][0xbd][0xef][0xbf][0xbd]G?3[0xef][0xbf][0xbd][0xef][0xbf][0xbd]sx[0xef][0xbf][0xbd]v[0xef][0xbf][0xbd][0xef][0xbf][0xbd]U[0x0]7[0xef][0xbf][0xbd][0xef][0xbf][0xbd][0xef][0xbf][0xbd]mxz[0xef][0xbf][0xbd][0x18][0xef][0xbf][0xbd][0xef][0xbf][0xbd][0xef][0xbf][0xbd][0xef][0xbf][0xbd][0xef][0xbf][0xbd][0xef][0xbf][0xbd]}[0xef][0xbf][0xbd][0xef][0xbf][0xbd][0xdf][0xb8]W[0xef][0xbf][0xbd]>[0x8]d[0xef][0xbf][0xbd][0xef][0xbf][0xbd][0xef][0xbf][0xbd][0xef][0xbf][0xbd][0xb][0xef][0xbf][0xbd][0xef][0xbf][0xbd][0xef][0xbf][0xbd][0x7][0x16][0xef][0xbf][0xbd][0xef][0xbf][0xbd][0xef][0xbf][0xbd]i[0xef][0xbf][0xbd][0xef][0xbf][0xbd]Fpd[0xf][0xef][0xbf][0xbd]][0x14][0xef][0xbf][0xbd]sK[0xef][0xbf][0xbd][0xef][0xbf][0xbd]0,[0xef][0xbf][0xbd][0xef][0xbf][0xbd][0xef][0xbf][0xbd][0xef][0xbf][0xbd][0xc][0xef][0xbf][0xbd]"[0x1e]D[0xef][0xbf][0xbd]9[0xef][0xbf][0xbd]S[0xef][0xbf][0xbd][0xef][0xbf][0xbd][0x11][0x18]R[0xef][0xbf][0xbd]7[0xef][0xbf][0xbd][0xef][0xbf][0xbd][0xf]N[0xef][0xbf][0xbd]E[0x17][0xef][0xbf][0xbd]T[0xef][0xbf][0xbd]@[0xef][0xbf][0xbd][0xef][0xbf][0xbd]i[0xef][0xbf][0xbd][0xef][0xbf][0xbd]L`[|[0xef][0xbf][0xbd][0xef][0xbf][0xbd][0x12]z[0xef][0xbf][0xbd][0xef][0xbf][0xbd][0xef][0xbf][0xbd][0xef][0xbf][0xbd][0xef][0xbf][0xbd]q[0xef][0xbf][0xbd]G[0xef][0xbf][0xbd]n[0x1d][0xef][0xbf][0xbd]en[0x2]a35[0x4][0xef][0xbf][0xbd]N[0xe7][0x96][0xab]r[0xef][0xbf][0xbd]N[0xef][0xbf][0xbd][0xef][0xbf][0xbd][0xd8][0xb5])/[0xef][0xbf][0xbd][0xef][0xbf][0xbd][0x1f][0xef][0xbf][0xbd]s[0x7][0x10][0xef][0xbf][0xbd]?[0xf3][0x9c][0x8d][0xbd]ki[0xef][0xbf][0xbd][0xef][0xbf][0xbd]p[0x16][0xef][0xbf][0xbd][0xef][0xbf][0xbd][0x1d][0xef][0xbf][0xbd][0xef][0xbf][0xbd][0xef][0xbf][0xbd]P[0xef][0xbf][0xbd][0xef][0xbf][0xbd][0x4] [0xef][0xbf][0xbd][0xef][0xbf][0xbd][0xef][0xbf][0xbd]f[0x4][0xef][0xbf][0xbd][0xef][0xbf][0xbd][0xef][0xbf][0xbd][0x19][0xef][0xbf][0xbd]dH[0xc9][0xa6][0xef][0xbf][0xbd]5[\r]*l[0xef][0xbf][0xbd]j'[0xef][0xbf][0xbd]W[0xef][0xbf][0xbd][0xef][0xbf][0xbd]4[0x18]]P[0xef][0xbf][0xbd]:[0x13]Q[0xef][0xbf][0xbd]z[0xef][0xbf][0xbd][0xef][0xbf][0xbd][0xef][0xbf][0xbd][0x16]-[0xef][0xbf][0xbd]0[0xef][0xbf][0xbd][0xef][0xbf][0xbd][0xef][0xbf][0xbd]/,[0x0]xi[0xef][0xbf][0xbd][0xef][0xbf][0xbd][0xef][0xbf][0xbd][0x1b][0xef][0xbf][0xbd][0xef][0xbf][0xbd][0xef][0xbf][0xbd]h[0x4]x[0xef][0xbf][0xbd][0xef][0xbf][0xbd]`D[0xef][0xbf][0xbd][0x1d]kQ6f[0xef][0xbf][0xbd]X[0xef][0xbf][0xbd]f[0xef][0xbf][0xbd][0xef][0xbf][0xbd][0x1d][0xef][0xbf][0xbd][0xdb][0xae][0xef][0xbf][0xbd]0u[0xef][0xbf][0xbd][0xef][0xbf][0xbd][0xef][0xbf][0xbd],AF[0xef][0xbf][0xbd][0xef][0xbf][0xbd][0xef][0xbf][0xbd][0xef][0xbf][0xbd]N[0xef][0xbf][0xbd]C[0xef][0xbf][0xbd]\[0xef][0xbf][0xbd][0xef][0xbf][0xbd]SY[0xec][0xb9][0xba][0xcf][0x95][0x1][0xef][0xbf][0xbd]`l[0xef][0xbf][0xbd][0xe][0xef][0xbf][0xbd]9[0xef][0xbf][0xbd][0xef][0xbf][0xbd]o}[0xef][0xbf][0xbd]uo[0xef][0xbf][0xbd]'be[0xcb][0x93][0xef][0xbf][0xbd][0xef][0xbf][0xbd][0xd9][0x8b][0xef][0xbf][0xbd]2[0xef][0xbf][0xbd][0xef][0xbf][0xbd]@0[0xef][0xbf][0xbd]E'h[0xef][0xbf][0xbd][0xef][0xbf][0xbd]e[0xef][0xbf][0xbd]`[0x19][0x4]H[0xef][0xbf][0xbd][0x5][0x17][0xef][0xbf][0xbd][0xef][0xbf][0xbd][0xef][0xbf][0xbd][0xef][0xbf][0xbd][0x17][0xef][0xbf][0xbd]S[0xef][0xbf][0xbd]!"%_[0xef][0xbf][0xbd][0x14]W[0xef][0xbf][0xbd][0xef][0xbf][0xbd][0xef][0xbf][0xbd][0xef][0xbf][0xbd]9[0xef][0xbf][0xbd][0xef][0xbf][0xbd]t<[0xef][0xbf][0xbd][0xf][0xef][0xbf][0xbd][0x19]f"[0xef][0xbf][0xbd]\[0xd8][0x90]>[0xef][0xbf][0xbd]b[0xef][0xbf][0xbd]hu[0x2][0xef][0xbf][0xbd][0xef][0xbf][0xbd][0xef][0xbf][0xbd][0xcf][0x99][0xef][0xbf][0xbd]y[0xef][0xbf][0xbd](B4[0xef][0xbf][0xbd][0x4]5[0xef][0xbf][0xbd]9[0xef][0xbf][0xbd][0xef][0xbf][0xbd]f[0xef][0xbf][0xbd][0x1][0xef][0xbf][0xbd]+03[0xef][0xbf][0xbd][0xef][0xbf][0xbd]S[0xef][0xbf][0xbd][0xef][0xbf][0xbd][0xef][0xbf][0xbd][0xef][0xbf][0xbd]/[0xef][0xbf][0xbd][0xef][0xbf][0xbd][0xef][0xbf][0xbd]P[0xef][0xbf][0xbd][0x9][0x1d][0xef][0xbf][0xbd][0xef][0xbf][0xbd][0xef][0xbf][0xbd][0xef][0xbf][0xbd][0xef][0xbf][0xbd][0xef][0xbf][0xbd][0xef][0xbf][0xbd]~[0xef][0xbf][0xbd][0xef][0xbf][0xbd][0xef][0xbf][0xbd][0xcf][0xa1]f[0xef][0xbf][0xbd][0xef][0xbf][0xbd][0xe]l[0xef][0xbf][0xbd][0xef][0xbf][0xbd][0xef][0xbf][0xbd]eD[0xef][0xbf][0xbd]HPK[0xef][0xbf][0xbd][0xef][0xbf][0xbd][0xef][0xbf][0xbd]{[0xef][0xbf][0xbd]&[0xef][0xbf][0xbd][0xef][0xbf][0xbd][0xef][0xbf][0xbd]J| &}y[0x16][0xef][0xbf][0xbd][0xf][0xef][0xbf][0xbd][0xef][0xbf][0xbd])[0x1e][0xef][0xbf][0xbd][0xef][0xbf][0xbd]C#[0xef][0xbf][0xbd][0x7]C9[0xef][0xbf][0xbd][0xef][0xbf][0xbd]G[0xef][0xbf][0xbd]vq[0xef][0xbf][0xbd][0xef][0xbf][0xbd][0xef][0xbf][0xbd][0x1d][0xed][0x96][0x9d][0xef][0xbf][0xbd][0xef][0xbf][0xbd][0x2][0xef][0xbf][0xbd]HB[0xef][0xbf][0xbd]x[0xef][0xbf][0xbd][0xef][0xbf][0xbd][0xef][0xbf][0xbd][0xef][0xbf][0xbd]?[0xef][0xbf][0xbd][0xef][0xbf][0xbd]qDE[0xef][0xbf][0xbd][0x10][0xef][0xbf][0xbd][0xd7][0xb8]Ve[0xef][0xbf][0xbd][0xef][0xbf][0xbd][0xef][0xbf][0xbd][0x4]^[0xc]m[0xca][0xbf]u[0xef][0xbf][0xbd]FVd[0xef][0xbf][0xbd]i[0xef][0xbf][0xbd][0xef][0xbf][0xbd] 8%[0xef][0xbf][0xbd]x[0xef][0xbf][0xbd][0xc6][0xa4][0xef][0xbf][0xbd][0x15][0xef][0xbf][0xbd]+[0xef][0xbf][0xbd][0x15][0xe]p[0xef][0xbf][0xbd][0xb]Nu[0xef][0xbf][0xbd][0xdc][0xab]s6[0xef][0xbf][0xbd]Y[0xef][0xbf][0xbd]N06][0xef][0xbf][0xbd][0xef][0xbf][0xbd][0x1f][0xef][0xbf][0xbd][0xef][0xbf][0xbd][0xef][0xbf][0xbd][0xef][0xbf][0xbd][0xef][0xbf][0xbd][0x1e]([0x3][0xef][0xbf][0xbd][0xe]c~|[0xef][0xbf][0xbd][0xef][0xbf][0xbd][0xef][0xbf][0xbd]Vz[0xef][0xbf][0xbd]N2[0x14][0xef][0xbf][0xbd][0xef][0xbf][0xbd][0xef][0xbf][0xbd]g%Y[0xef][0xbf][0xbd][0xef][0xbf][0xbd][0xef][0xbf][0xbd][0xef][0xbf][0xbd][0x15]c[0xef][0xbf][0xbd]p?&[0xef][0xbf][0xbd] [0xe3][0x91][0x8b] [0x6]W[0xef][0xbf][0xbd][0xef][0xbf][0xbd][0xef][0xbf][0xbd]oj[0xef][0xbf][0xbd] [0xef][0xbf][0xbd][0x16][0xef][0xbf][0xbd][0xef][0xbf][0xbd][0xef][0xbf][0xbd][0xef][0xbf][0xbd][0xef][0xbf][0xbd]`[0xef][0xbf][0xbd][0xef][0xbf][0xbd]n[0xd8][0x88]5S+;z[0xef][0xbf][0xbd]~[0xef][0xbf][0xbd]V-[0xef][0xbf][0xbd][0x3][0xef][0xbf][0xbd]_})D?[0xef][0xbf][0xbd]U[0xef][0xbf][0xbd][0xc4][0x98][0x1c][0x9],[0xef][0xbf][0xbd]I-c[0xef][0xbf][0xbd]"[0xef][0xbf][0xbd]0[0xef][0xbf][0xbd][0xef][0xbf][0xbd][0xef][0xbf][0xbd]NL[0xef][0xbf][0xbd]{[0xef][0xbf][0xbd][0xef][0xbf][0xbd][0xef][0xbf][0xbd].[0xef][0xbf][0xbd][0x1d][0xd7][0xa5][0x1c][0xef][0xbf][0xbd][0xef][0xbf][0xbd]s?[0xef][0xbf][0xbd][0xef][0xbf][0xbd][0xef][0xbf][0xbd][0xef][0xbf][0xbd][0xef][0xbf][0xbd][0xef][0xbf][0xbd][0x1c][0xef][0xbf][0xbd][0xef][0xbf][0xbd]1[0xef][0xbf][0xbd]r[0xef][0xbf][0xbd][[0xc5][0xaa]:[0xef][0xbf][0xbd][0xef][0xbf][0xbd][0xef][0xbf][0xbd][0x10][0x1e][0xef][0xbf][0xbd][0xef][0xbf][0xbd][0xef][0xbf][0xbd][0xef][0xbf][0xbd]nL[0x9][0xef][0xbf][0xbd]f[0xef][0xbf][0xbd][0xcc][0x88]J[0x1]k1[0xef][0xbf][0xbd]MX[0x10][0x13][0xef][0xbf][0xbd][0xef][0xbf][0xbd]4&[0xef][0xbf][0xbd]4[0xef][0xbf][0xbd]1j[0xef][0xbf][0xbd]tT[0xef][0xbf][0xbd]b[0xef][0xbf][0xbd][0x1a]e=[0xef][0xbf][0xbd]6[0xef][0xbf][0xbd][0x16][0x1c][0xef][0xbf][0xbd]~G[0xef][0xbf][0xbd][0xc5][0x97][0xef][0xbf][0xbd]6[0xef][0xbf][0xbd][0x19][0x1f][0xef][0xbf][0xbd]L[0xef][0xbf][0xbd][0xef][0xbf][0xbd][0xef][0xbf][0xbd]l[0x9]:[0xef][0xbf][0xbd][0xef][0xbf][0xbd]#u[0xef][0xbf][0xbd][0xef][0xbf][0xbd]5[0xef][0xbf][0xbd][0xef][0xbf][0xbd]q[0xef][0xbf][0xbd] [0x17]s[0x1a][0xef][0xbf][0xbd][0xef][0xbf][0xbd][0xef][0xbf][0xbd][0xef][0xbf][0xbd][[0xef][0xbf][0xbd]9[0xef][0xbf][0xbd]![0xef][0xbf][0xbd]N[0xef][0xbf][0xbd]3f{[0xef][0xbf][0xbd]p[0xef][0xbf][0xbd]N[0xef][0xbf][0xbd][0x1c]9[0xef][0xbf][0xbd]Nq\[\n]"
07:56:30.954 [main] DEBUG org.apache.http.wire -  >> "[0xef][0xbf][0xbd]*[0xef][0xbf][0xbd]g__%`t[0x2]X[0xef][0xbf][0xbd],[0xef][0xbf][0xbd]f[0xef][0xbf][0xbd]L[0xef][0xbf][0xbd].[0xdd][0x8b][0xef][0xbf][0xbd][0xef][0xbf][0xbd][0xef][0xbf][0xbd]<[0x1f][0xef][0xbf][0xbd][0x17][0xdc][0x8b][0x3][0xef][0xbf][0xbd]v[0xef][0xbf][0xbd][0xef][0xbf][0xbd]'[0xef][0xbf][0xbd][0x13][0xef][0xbf][0xbd][0xef][0xbf][0xbd]cqNj[0xef][0xbf][0xbd][0xef][0xbf][0xbd][0x2][0x2][0xef][0xbf][0xbd][0xef][0xbf][0xbd][0xef][0xbf][0xbd]ha[0xef][0xbf][0xbd][0xef][0xbf][0xbd][0xef][0xbf][0xbd][0xf][0xd4][0xab][0xef][0xbf][0xbd]f[0xef][0xbf][0xbd][0xb];b[0xef][0xbf][0xbd]t[0xef][0xbf][0xbd][0xef][0xbf][0xbd]V[0xef][0xbf][0xbd][0xef][0xbf][0xbd]`46[0xef][0xbf][0xbd][0xef][0xbf][0xbd]e)[kq+,[0xef][0xbf][0xbd][0xef][0xbf][0xbd][0xef][0xbf][0xbd]a[0x4]rK[0x14]F[0xef][0xbf][0xbd]O[0xef][0xbf][0xbd][0xef][0xbf][0xbd][0xc4][0xba]K~[0xda][0x95]QU*[0xef][0xbf][0xbd][0xef][0xbf][0xbd][0xef][0xbf][0xbd][0xef][0xbf][0xbd]4[0xef][0xbf][0xbd][0xef][0xbf][0xbd]r[0xef][0xbf][0xbd][0x6]'T"[0xef][0xbf][0xbd]-[0xef][0xbf][0xbd][0xef][0xbf][0xbd][0xef][0xbf][0xbd][0xef][0xbf][0xbd]i[0xef][0xbf][0xbd]5M7NF[0x11][0xef][0xbf][0xbd][0xef][0xbf][0xbd][0x6][0xef][0xbf][0xbd][0xb][0xef][0xbf][0xbd]][0xef][0xbf][0xbd][0xef][0xbf][0xbd][0xef][0xbf][0xbd][0xef][0xbf][0xbd]h[0xef][0xbf][0xbd][0x1e]@[0xef][0xbf][0xbd][0x18][0x17][t[0x11]c[0xc2][0x88]G[0xef][0xbf][0xbd][0x1d][0xef][0xbf][0xbd][0xef][0xbf][0xbd]=[0xef][0xbf][0xbd][0xef][0xbf][0xbd][0xef][0xbf][0xbd]k[0xef][0xbf][0xbd][0x6][0xc][0xef][0xbf][0xbd]^[0xef][0xbf][0xbd][0x4][0xef][0xbf][0xbd][0xef][0xbf][0xbd]X[0xef][0xbf][0xbd][0xef][0xbf][0xbd]K[0xef][0xbf][0xbd][0xe]>[0xef][0xbf][0xbd]7[0xc]E1[0x13][0xef][0xbf][0xbd]4[0xef][0xbf][0xbd]fwH/[0x6][0xef][0xbf][0xbd]@[0xef][0xbf][0xbd][0xd2][0xb1][0xef][0xbf][0xbd]=[0xc][0xef][0xbf][0xbd][0xef][0xbf][0xbd][0xef][0xbf][0xbd][0xef][0xbf][0xbd]Xde[0xc]F[0xef][0xbf][0xbd]X0[0xef][0xbf][0xbd]"46[0xef][0xbf][0xbd][0xef][0xbf][0xbd][0xef][0xbf][0xbd][0xef][0xbf][0xbd]e[0xef][0xbf][0xbd][0xef][0xbf][0xbd][0xef][0xbf][0xbd][0xd5][0x94][0xef][0xbf][0xbd]c[0xef][0xbf][0xbd];[0x13][0xef][0xbf][0xbd][0xef][0xbf][0xbd][0xef][0xbf][0xbd][0x8][0xef][0xbf][0xbd].[0xef][0xbf][0xbd]NJ[0x9]f[0x3][0x1b][0x15][0xe]%[0xef][0xbf][0xbd]Gx1[0xef][0xbf][0xbd][0xef][0xbf][0xbd]/[0xef][0xbf][0xbd][0xca][0x93][0xef][0xbf][0xbd]B[0xef][0xbf][0xbd]![0xce][0x90]k[0xef][0xbf][0xbd][0x9]kf[0x3][0xef][0xbf][0xbd][0xc2][0x9a][0xef][0xbf][0xbd][0xef][0xbf][0xbd][0x5][0xef][0xbf][0xbd][0xef][0xbf][0xbd][0xef][0xbf][0xbd][0xc7][0xb1]5{s[0xef][0xbf][0xbd][0xef][0xbf][0xbd]-}t[0xef][0xbf][0xbd][0xef][0xbf][0xbd][0xef][0xbf][0xbd]:[0xef][0xbf][0xbd][0xef][0xbf][0xbd][0xef][0xbf][0xbd][0xef][0xbf][0xbd]#o[0xef][0xbf][0xbd][0xef][0xbf][0xbd]I[0x1f][0x3][0xef][0xbf][0xbd]n=r|0[0xda][0xbf]p[0xef][0xbf][0xbd], D{[0xef][0xbf][0xbd][0xc][0xef][0xbf][0xbd][0x1b]2[0x3][0xef][0xbf][0xbd]d[0xd1][0x9c]1[0xef][0xbf][0xbd][0xef][0xbf][0xbd][0xef][0xbf][0xbd][0xef][0xbf][0xbd][0xce][0x8f][0xef][0xbf][0xbd]}eT -y[0xef][0xbf][0xbd][0x8][0xef][0xbf][0xbd][0xef][0xbf][0xbd][0xef][0xbf][0xbd]#[0x1]x[0xef][0xbf][0xbd]:F[0xef][0xbf][0xbd]j[0xef][0xbf][0xbd]D[0xef][0xbf][0xbd][0xdc][0x95][0xd6][0xbe]u[0x8][0xd6][0xb0]0[0xef][0xbf][0xbd][0xef][0xbf][0xbd]gA[0xef][0xbf][0xbd][0xef][0xbf][0xbd][0xef][0xbf][0xbd]F;[0xef][0xbf][0xbd][0xef][0xbf][0xbd]$(f[0xef][0xbf][0xbd]O[0xef][0xbf][0xbd]}J)[0x11][0xef][0xbf][0xbd]N(+[0xef][0xbf][0xbd]V[0xef][0xbf][0xbd]0[0xce][0xb1][0x12][0xef][0xbf][0xbd][0xef][0xbf][0xbd][0x11][0xef][0xbf][0xbd][0xef][0xbf][0xbd][0xef][0xbf][0xbd][0xef][0xbf][0xbd]]_[0xef][0xbf][0xbd][0xef][0xbf][0xbd][0xef][0xbf][0xbd][?[0xef][0xbf][0xbd][0xef][0xbf][0xbd][0xef][0xbf][0xbd][0xc2][0x93][0xef][0xbf][0xbd]-[0x7]M[0xc][0xef][0xbf][0xbd]v%[0x18]T[0xef][0xbf][0xbd]7v[0xef][0xbf][0xbd]@@[0x1a]c[0xef][0xbf][0xbd][0xef][0xbf][0xbd][0xef][0xbf][0xbd]C[0xd2][0xa5]:3I[0xef][0xbf][0xbd][0xf]aU[0x11]K[0xef][0xbf][0xbd] [0xef][0xbf][0xbd][0xef][0xbf][0xbd][0xef][0xbf][0xbd] C[0xef][0xbf][0xbd][0xef][0xbf][0xbd][0x6]J`[0x0][0x15][0xef][0xbf][0xbd]*[0xef][0xbf][0xbd][0xef][0xbf][0xbd]+[0xef][0xbf][0xbd][\n]"
07:56:30.955 [main] DEBUG org.apache.http.wire -  >> "_[0xef][0xbf][0xbd]'Ik[0xef][0xbf][0xbd][0xef][0xbf][0xbd]6 [0xef][0xbf][0xbd]'[0xd9][0x8a]"
07:56:31.012 [main] DEBUG org.apache.http.wire -  >> "[0x14][0xef][0xbf][0xbd][0x8][0xcd][0xbe][0xef][0xbf][0xbd][0xd0][0xa2][0xc][0xde][0xb1][0xef][0xbf][0xbd][0xef][0xbf][0xbd][0xef][0xbf][0xbd]IE[0x18][0xef][0xbf][0xbd][0x1f][0xef][0xbf][0xbd]/[0xef][0xbf][0xbd]Z[0xef][0xbf][0xbd]A[0xef][0xbf][0xbd][0xf][0xef][0xbf][0xbd][0xef][0xbf][0xbd]:[0x1e][0xef][0xbf][0xbd][0xef][0xbf][0xbd]x[0xef][0xbf][0xbd][0xef][0xbf][0xbd]:X[0xef][0xbf][0xbd][0xef][0xbf][0xbd]*[0xef][0xbf][0xbd][0xef][0xbf][0xbd]wd{*[0xef][0xbf][0xbd]+;[0xef][0xbf][0xbd]~[0xef][0xbf][0xbd][0xef][0xbf][0xbd][0xef][0xbf][0xbd][0xef][0xbf][0xbd][0xef][0xbf][0xbd][0xef][0xbf][0xbd][0xef][0xbf][0xbd][0xef][0xbf][0xbd][0xef][0xbf][0xbd][0x15][0xef][0xbf][0xbd][0xef][0xbf][0xbd][0xef][0xbf][0xbd][0x12][0xef][0xbf][0xbd][0xef][0xbf][0xbd]u8o[0xef][0xbf][0xbd][0xcf][0xae]y[0x19]@v[0xef][0xbf][0xbd]=o;[0xef][0xbf][0xbd]?[0xef][0xbf][0xbd]S[0xef][0xbf][0xbd][0xef][0xbf][0xbd]m[0xef][0xbf][0xbd][0xef][0xbf][0xbd]Xz[0xef][0xbf][0xbd]ZL@[0xef][0xbf][0xbd][0xef][0xbf][0xbd]VA0P[/[0xef][0xbf][0xbd]5[0x6]t[0xef][0xbf][0xbd]b[0xef][0xbf][0xbd][0xef][0xbf][0xbd]*&P89m[0x1b]+9P[0xef][0xbf][0xbd]T[0xef][0xbf][0xbd][0xef][0xbf][0xbd]v[0xef][0xbf][0xbd][0xef][0xbf][0xbd][0x1]O-[0xef][0xbf][0xbd][0xef][0xbf][0xbd]Z[0xef][0xbf][0xbd]M[0xef][0xbf][0xbd]#[0xef][0xbf][0xbd]:[0xef][0xbf][0xbd]9E[0xef][0xbf][0xbd][0xef][0xbf][0xbd][0xef][0xbf][0xbd][0xef][0xbf][0xbd][0xef][0xbf][0xbd]9[0xef][0xbf][0xbd][0xef][0xbf][0xbd][\r][0xef][0xbf][0xbd][0xef][0xbf][0xbd]t[0x3][0xef][0xbf][0xbd]*[0xd9][0x85][0xef][0xbf][0xbd][0xef][0xbf][0xbd]h[\n]"
07:56:31.012 [main] DEBUG org.apache.http.wire -  >> "I[0xef][0xbf][0xbd]I[0xef][0xbf][0xbd]~[0xef][0xbf][0xbd][0xef][0xbf][0xbd]?[0xef][0xbf][0xbd][0xef][0xbf][0xbd]y[0xef][0xbf][0xbd][0xef][0xbf][0xbd][0xef][0xbf][0xbd]B[0xef][0xbf][0xbd]3[0xef][0xbf][0xbd][0xef][0xbf][0xbd]oz[0xef][0xbf][0xbd][0x5][0xc4][0xae]A[0xef][0xbf][0xbd][0xef][0xbf][0xbd][0xef][0xbf][0xbd]_[0xef][0xbf][0xbd][0xef][0xbf][0xbd][0xef][0xbf][0xbd][0xef][0xbf][0xbd][0xe7][0xb6][0xbf][0xef][0xbf][0xbd][0xef][0xbf][0xbd]-[0xef][0xbf][0xbd]Q[0xef][0xbf][0xbd][0xef][0xbf][0xbd]|`[0xef][0xbf][0xbd]vo[0xef][0xbf][0xbd][0xef][0xbf][0xbd][0xc]d[0xef][0xbf][0xbd];[0x12]7p[0xef][0xbf][0xbd]VQ[0xef][0xbf][0xbd][0xef][0xbf][0xbd]#[0xef][0xbf][0xbd]-[0xef][0xbf][0xbd]r[0xc5][0x9b]-[0xef][0xbf][0xbd]$[0xef][0xbf][0xbd]">>[0x18][0xef][0xbf][0xbd][0xef][0xbf][0xbd][0xef][0xbf][0xbd]f[0x1c]G[0xef][0xbf][0xbd]e[0xef][0xbf][0xbd]6#[0xef][0xbf][0xbd]s[0xef][0xbf][0xbd][0xca][0xb0][0xef][0xbf][0xbd]v[0xef][0xbf][0xbd]S[0xef][0xbf][0xbd][0xef][0xbf][0xbd][0xe]L[0xef][0xbf][0xbd]+[0xef][0xbf][0xbd][0xef][0xbf][0xbd][0xef][0xbf][0xbd]E[0xf][0xef][0xbf][0xbd][0x8][0xef][0xbf][0xbd]q[0xef][0xbf][0xbd]B[0xf][0xef][0xbf][0xbd][0xc6][0x97]RL[0xef][0xbf][0xbd]r[0xef][0xbf][0xbd]Q[0xef][0xbf][0xbd]N[0xef][0xbf][0xbd][0xef][0xbf][0xbd][0xef][0xbf][0xbd][0xef][0xbf][0xbd][0xef][0xbf][0xbd][0x9]n[0xef][0xbf][0xbd]E[0x1a]K[0xef][0xbf][0xbd][0xe][0x1f][0xef][0xbf][0xbd][0xef][0xbf][0xbd]v[0xef][0xbf][0xbd][0xef][0xbf][0xbd][\r][0x0]p[0x1b]t[0xef][0xbf][0xbd][0xef][0xbf][0xbd][0xef][0xbf][0xbd]k[0xd4][0x9b]2[0xef][0xbf][0xbd][0xef][0xbf][0xbd]![0xef][0xbf][0xbd][0xef][0xbf][0xbd][0xef][0xbf][0xbd]f}[0xe8][0x87][0x9d][0xef][0xbf][0xbd][0xef][0xbf][0xbd][0xef][0xbf][0xbd][0xef][0xbf][0xbd][0x14][0x1f][0xef][0xbf][0xbd]7F[0x1d][0xda][0xae][0xef][0xbf][0xbd][0xef][0xbf][0xbd] [0x3]zY[0x3][0xef][0xbf][0xbd]w/[0xef][0xbf][0xbd][0xef][0xbf][0xbd][0x16]}[0xef][0xbf][0xbd][0x1f][0xef][0xbf][0xbd][0xef][0xbf][0xbd].[0xef][0xbf][0xbd]o[0xef][0xbf][0xbd]j[0xef][0xbf][0xbd]]dg[0xef][0xbf][0xbd]K[0xef][0xbf][0xbd][0xef][0xbf][0xbd][0xdd][0xb0][0xef][0xbf][0xbd]^[0x19]@[0x7]'[0xef][0xbf][0xbd][0xef][0xbf][0xbd]'[0xef][0xbf][0xbd][\n]"
07:56:31.013 [main] DEBUG org.apache.http.wire -  >> "n[\n]"
07:56:31.013 [main] DEBUG org.apache.http.wire -  >> "[0xef][0xbf][0xbd]n[0x5][0x10]I([0xef][0xbf][0xbd][0x16]si[0xef][0xbf][0xbd][0x5][0xef][0xbf][0xbd][0xef][0xbf][0xbd]fy[0xef][0xbf][0xbd]5[0xef][0xbf][0xbd][0xef][0xbf][0xbd]s&[0xef][0xbf][0xbd]TV[0xef][0xbf][0xbd]cY[0xef][0xbf][0xbd][0xef][0xbf][0xbd][0xc][0xef][0xbf][0xbd][0xef][0xbf][0xbd][0x1d][0xef][0xbf][0xbd][0xef][0xbf][0xbd][0xd1][0x84][0xef][0xbf][0xbd][0xc6][0xbc]d[0xef][0xbf][0xbd]^[0xd2][0x8f][0xef][0xbf][0xbd][0xef][0xbf][0xbd][0x17][0xb][0xef][0xbf][0xbd]w[0xef][0xbf][0xbd][0xef][0xbf][0xbd][0x1e]zU[0xef][0xbf][0xbd][0x4]x[0xd4][0x8b][0xef][0xbf][0xbd][0xef][0xbf][0xbd]][0xde][0x9d]x[\r][0xef][0xbf][0xbd][0xef][0xbf][0xbd][0x1b]`[0xef][0xbf][0xbd][0xef][0xbf][0xbd][0xef][0xbf][0xbd]_[0xef][0xbf][0xbd][0xef][0xbf][0xbd]\[0xef][0xbf][0xbd][0xef][0xbf][0xbd]rSF1[0x14][0x18][0xef][0xbf][0xbd]B[0xef][0xbf][0xbd]|[0xef][0xbf][0xbd][0xef][0xbf][0xbd]6[0xef][0xbf][0xbd][0xef][0xbf][0xbd]b[0x12][0xef][0xbf][0xbd]|[0x1b]][0xef][0xbf][0xbd]^9#[0xef][0xbf][0xbd]|[0xef][0xbf][0xbd])D[0xef][0xbf][0xbd][0xef][0xbf][0xbd][0xef][0xbf][0xbd]p[0xef][0xbf][0xbd]lQ[0xef][0xbf][0xbd][0x4][0xef][0xbf][0xbd]Y@C[0x2][0x15]M[0xef][0xbf][0xbd][0xef][0xbf][0xbd]Y[0xef][0xbf][0xbd][0xef][0xbf][0xbd][0x19][0xc][0xef][0xbf][0xbd]j[0x1e]X[0xef][0xbf][0xbd]j[0x13]b ae[0xef][0xbf][0xbd][0x1d]ey[0xef][0xbf][0xbd]kP[0xef][0xbf][0xbd][0x16][0xef][0xbf][0xbd][0xef][0xbf][0xbd]2K[0x19][0xef][0xbf][0xbd] [0xef][0xbf][0xbd][0xef][0xbf][0xbd][0xef][0xbf][0xbd]xL[0xef][0xbf][0xbd][\n]"
07:56:31.013 [main] DEBUG org.apache.http.wire -  >> "[0xe]~9[0xef][0xbf][0xbd][0xef][0xbf][0xbd][0xef][0xbf][0xbd]?[0xef][0xbf][0xbd][0xef][0xbf][0xbd]r[0xef][0xbf][0xbd]A[0x13]#[0xef][0xbf][0xbd]]~[0xef][0xbf][0xbd][0xd6][0x96][0xef][0xbf][0xbd]4[\r][0xef][0xbf][0xbd]S [0xef][0xbf][0xbd][0x1e][0xef][0xbf][0xbd][0xef][0xbf][0xbd][0x15][0x10][0xef][0xbf][0xbd]='[0xef][0xbf][0xbd]'[0xef][0xbf][0xbd][0xef][0xbf][0xbd]k;[0x17][0x17]Cu5[0xef][0xbf][0xbd][0xef][0xbf][0xbd][0xef][0xbf][0xbd][0xef][0xbf][0xbd])^U[0x1f]>[0xef][0xbf][0xbd][0x15][0x0]S[0xef][0xbf][0xbd][0xd9][0x9b][0x1f]|[0xef][0xbf][0xbd]w[0xef][0xbf][0xbd]5.'@[0xef][0xbf][0xbd][0xef][0xbf][0xbd][0x14]6[0xda][0x9e].{[0xef][0xbf][0xbd][0xef][0xbf][0xbd][0xdc][0x88]v[0xef][0xbf][0xbd][0xef][0xbf][0xbd]X[0x9][0x8][0xef][0xbf][0xbd][0xef][0xbf][0xbd]i[0xef][0xbf][0xbd][0xef][0xbf][0xbd][0xef][0xbf][0xbd][0xef][0xbf][0xbd][0xef][0xbf][0xbd]x[0xef][0xbf][0xbd][0x1][0xc]e[0xcd][0xb8][0xef][0xbf][0xbd]M[0x12][0xef][0xbf][0xbd]v[0xef][0xbf][0xbd][0xef][0xbf][0xbd][0xef][0xbf][0xbd]:[0xda][0xac]8*[0xef][0xbf][0xbd][0x16][0x8][0x12][0x1][0xef][0xbf][0xbd][0xef][0xbf][0xbd][0xef][0xbf][0xbd][0xef][0xbf][0xbd]b[0xef][0xbf][0xbd][0xef][0xbf][0xbd]v5Q[0xef][0xbf][0xbd]mh[0x14][0xef][0xbf][0xbd][0xef][0xbf][0xbd][0xef][0xbf][0xbd]6[0x3]g[0x16][0xef][0xbf][0xbd][0xef][0xbf][0xbd][0xef][0xbf][0xbd]=}4[0xef][0xbf][0xbd][0xef][0xbf][0xbd]*L[0x3][0xef][0xbf][0xbd],[0x1e]x[0xef][0xbf][0xbd][0xef][0xbf][0xbd]f)wm[0xef][0xbf][0xbd]\[0xef][0xbf][0xbd][0xef][0xbf][0xbd][0xef][0xbf][0xbd][0xef][0xbf][0xbd][0xef][0xbf][0xbd][0xef][0xbf][0xbd][0xef][0xbf][0xbd][0x1e]][0xef][0xbf][0xbd][0xef][0xbf][0xbd][0xd1][0xab]`[0xef][0xbf][0xbd]Pn[0xca][0x85]f0[\n]"
07:56:31.013 [main] DEBUG org.apache.http.wire -  >> "[0xef][0xbf][0xbd]$[0xef][0xbf][0xbd][0x1a][0xd1][0x9e][0x0][0x18][0xef][0xbf][0xbd]VI[0x19][0xef][0xbf][0xbd][0xef][0xbf][0xbd]&*[0xef][0xbf][0xbd][0xef][0xbf][0xbd][0xef][0xbf][0xbd][0xef][0xbf][0xbd][0xef][0xbf][0xbd]j[0xef][0xbf][0xbd]'[0xef][0xbf][0xbd]L<4[0xef][0xbf][0xbd][0xef][0xbf][0xbd]v[0xef][0xbf][0xbd][0xef][0xbf][0xbd][0xef][0xbf][0xbd][0xd7][0x87][0xef][0xbf][0xbd]SVE|[0xef][0xbf][0xbd][0xef][0xbf][0xbd][0xef][0xbf][0xbd]~w5[0x8]}[0xef][0xbf][0xbd]?^~[0x0]C[0xe][0xef][0xbf][0xbd][0xef][0xbf][0xbd][\n]"
07:56:31.013 [main] DEBUG org.apache.http.wire -  >> "[0x8][0x16][\r]V+[0xef][0xbf][0xbd]9[0x13][0xef][0xbf][0xbd][0xef][0xbf][0xbd][0xef][0xbf][0xbd] [0xef][0xbf][0xbd]['d,[0x13]"2[0x4]@t[0xef][0xbf][0xbd][0xef][0xbf][0xbd]y\@[0xef][0xbf][0xbd][0xef][0xbf][0xbd]U[0xef][0xbf][0xbd]1[0xef][0xbf][0xbd][0xef][0xbf][0xbd][0xb]<[0xef][0xbf][0xbd][0xf][0xef][0xbf][0xbd][0xef][0xbf][0xbd][0x18][0xef][0xbf][0xbd][0xef][0xbf][0xbd]E',cX[0xb][0xef][0xbf][0xbd]T[0xef][0xbf][0xbd]S[0xef][0xbf][0xbd][0xef][0xbf][0xbd]@,u[0xef][0xa3][0xb3][0xd5][0xae][0xef][0xbf][0xbd]b<[0xef][0xbf][0xbd][0xef][0xbf][0xbd]X[0xef][0xbf][0xbd][0x1c]q[0xef][0xbf][0xbd][0xef][0xbf][0xbd][0xd9][0xaf]u[0xef][0xbf][0xbd][0xef][0xbf][0xbd][0x4][0xc8][0x9e]|[0xef][0xbf][0xbd][0xef][0xbf][0xbd][0x1e]?[0xc][0xef][0xbf][0xbd]&[0xef][0xbf][0xbd][0xef][0xbf][0xbd]i&[0xef][0xbf][0xbd][0xef][0xbf][0xbd]$N[0x17][0xcb][0x99][0xef][0xbf][0xbd]@[0xef][0xbf][0xbd]e[0xef][0xbf][0xbd]8[0xef][0xbf][0xbd]@b[0x17]u[0xef][0xbf][0xbd]M[0xef][0xbf][0xbd]q[0xef][0xbf][0xbd]L[0xef][0xbf][0xbd]e![0xef][0xbf][0xbd][\n]"
07:56:31.013 [main] DEBUG org.apache.http.wire -  >> "w[0xef][0xbf][0xbd]F` [0x9][0xef][0xbf][0xbd]J[0xef][0xbf][0xbd]A[0xef][0xbf][0xbd]an[0x6][0xef][0xbf][0xbd]![0xef][0xbf][0xbd][0x17]:[0xef][0xbf][0xbd][0xef][0xbf][0xbd][0xef][0xbf][0xbd][0xef][0xbf][0xbd][0x18]S8[0xef][0xbf][0xbd]B[0xef][0xbf][0xbd][0xef][0xbf][0xbd][0xef][0xbf][0xbd][0xd4][0xa7][0xef][0xbf][0xbd]&[0xef][0xbf][0xbd][0xef][0xbf][0xbd][0xef][0xbf][0xbd][0xdb][0x98]y[0x15]w=[0x5][0xef][0xbf][0xbd][0xef][0xbf][0xbd]x[0xef][0xbf][0xbd]F[0xef][0xbf][0xbd]XC[0xef][0xbf][0xbd]I[0xef][0xbf][0xbd]p[0x0][0xef][0xbf][0xbd][0xef][0xbf][0xbd][0xef][0xbf][0xbd][0xef][0xbf][0xbd]K[0xef][0xbf][0xbd]bv[0xc5][0x86][0xef][0xbf][0xbd][0xef][0xbf][0xbd][0xd7][0xbe][0xef][0xbf][0xbd][0xef][0xbf][0xbd][0xef][0xbf][0xbd][0xef][0xbf][0xbd][0xef][0xbf][0xbd][0xef][0xbf][0xbd]'mp%[0xef][0xbf][0xbd][0xef][0xbf][0xbd]!R[0xef][0xbf][0xbd]a`k[0x1b]'[0xef][0xbf][0xbd][0x19]M[0xef][0xbf][0xbd]u[0xef][0xbf][0xbd]SIK[0xef][0xbf][0xbd][0xef][0xbf][0xbd][0xef][0xbf][0xbd][0xc2][0xac][0x18][0xef][0xbf][0xbd][0x9][0xef][0xbf][0xbd]u[0xef][0xbf][0xbd][0xef][0xbf][0xbd][0xef][0xbf][0xbd] [0xb][0xef][0xbf][0xbd]?[0xef][0xbf][0xbd][0xef][0xbf][0xbd][0xef][0xbf][0xbd][0x8][0x1f]+[0xef][0xbf][0xbd][0xc5][0xa5]IY4[0xef][0xbf][0xbd][0xef][0xbf][0xbd][0xef][0xbf][0xbd][0xef][0xbf][0xbd][0xef][0xbf][0xbd][0xef][0xbf][0xbd][0xb]|[0xb][0xef][0xbf][0xbd][0xef][0xbf][0xbd]]1:[\n]"
07:56:31.013 [main] DEBUG org.apache.http.wire -  >> "[0xc][0xef][0xbf][0xbd][0xef][0xbf][0xbd]@W0[0xef][0xbf][0xbd]*o[0xef][0xbf][0xbd]Q[0xef][0xbf][0xbd][0xef][0xbf][0xbd]i[0xef][0xbf][0xbd][0xef][0xbf][0xbd][0xef][0xbf][0xbd]?[0xef][0xbf][0xbd][0xf][0x10]h[0x6][0xef][0xbf][0xbd][0x17][0x15]*H[0xef][0xbf][0xbd]gR[0xef][0xbf][0xbd][0xc4][0xac]AFV[0xef][0xbf][0xbd]-#;[0xef][0xbf][0xbd][0xef][0xbf][0xbd],[0xef][0xbf][0xbd][0xef][0xbf][0xbd][0xef][0xbf][0xbd][0xef][0xbf][0xbd][0xef][0xbf][0xbd][\n]"
07:56:31.013 [main] DEBUG org.apache.http.wire -  >> "[0xef][0xbf][0xbd][0xef][0xbf][0xbd][0xef][0xbf][0xbd][0x1d]X_[0xef][0xbf][0xbd][0xef][0xbf][0xbd][0xef][0xbf][0xbd]l[0xef][0xbf][0xbd][0x10][0x0][0x1a][0xef][0xbf][0xbd][0x12];[0xef][0xbf][0xbd]9?[0xef][0xbf][0xbd][0xef][0xbf][0xbd][0x6]f9[0xef][0xbf][0xbd]2[0x16][0xef][0xbf][0xbd][0xc][0xef][0xbf][0xbd][0xef][0xbf][0xbd][0x1b][0xef][0xbf][0xbd][0xef][0xbf][0xbd]<[0xef][0xbf][0xbd][0xef][0xbf][0xbd][0xef][0xbf][0xbd][0xef][0xbf][0xbd][0xef][0xbf][0xbd]][0xef][0xbf][0xbd]r[0xef][0xbf][0xbd][0x17][0x17]c[0x1f]?[0xef][0xbf][0xbd][0xef][0xbf][0xbd][0xef][0xbf][0xbd] [0x2][, Jn[0xef][0xbf][0xbd]=[0xef][0xbf][0xbd][0xef][0xbf][0xbd][\r][0x1d][0x4]P[0xef][0xbf][0xbd][0xef][0xbf][0xbd][0xef][0xbf][0xbd][0xef][0xbf][0xbd][0xef][0xbf][0xbd][0xef][0xbf][0xbd][0xef][0xbf][0xbd]&[0xef][0xbf][0xbd]lW[0x19][0xef][0xbf][0xbd][0xef][0xbf][0xbd]U)&[0xf][0xef][0xbf][0xbd][0xef][0xbf][0xbd][0xf][\r]c[0x10][0x9]\[0xef][0xbf][0xbd]95[0xef][0xbf][0xbd]$Sm[0x1]X[0xef][0xbf][0xbd][0xef][0xbf][0xbd][0xef][0xbf][0xbd]`[0xc6][0x98]A03[0xef][0xbf][0xbd]J[0xef][0xbf][0xbd][0xef][0xbf][0xbd]/[0x1] q[0xef][0xbf][0xbd][0xcb][0x80][0xef][0xbf][0xbd]9[0xef][0xbf][0xbd][0xd4][0xb2][0xef][0xbf][0xbd]3[0xef][0xbf][0xbd]P&7[0xef][0xbf][0xbd][0xef][0xbf][0xbd]5[0xef][0xbf][0xbd][0xef][0xbf][0xbd]w|[0xef][0xbf][0xbd][0x3][0xef][0xbf][0xbd][0x1f][0xc5][0xbc][[0xef][0xbf][0xbd][0xef][0xbf][0xbd]~[0xef][0xbf][0xbd]n[0xef][0xbf][0xbd][0xef][0xbf][0xbd]'-neV[0xef][0xbf][0xbd]@[0x4][0xef][0xbf][0xbd][0xef][0xbf][0xbd]k9Z[0xef][0xbf][0xbd][0xef][0xbf][0xbd]i[0xef][0xbf][0xbd]%$[0x14][0xef][0xbf][0xbd][0xd9][0x86]Q[0xef][0xbf][0xbd][0xef][0xbf][0xbd]}T[0xef][0xbf][0xbd][0x5]p[0xef][0xbf][0xbd]v3[0xef][0xbf][0xbd][0xef][0xbf][0xbd]v P[0x7]m[0xef][0xbf][0xbd][0xef][0xbf][0xbd][0xef][0xbf][0xbd][0xef][0xbf][0xbd][0xef][0xbf][0xbd]EU[0xef][0xbf][0xbd][0x5][0x19][0xef][0xbf][0xbd]S[0xef][0xbf][0xbd]Zd[0x1d])[0xef][0xbf][0xbd][0xef][0xbf][0xbd][0xef][0xbf][0xbd]1[0xef][0xbf][0xbd][0xef][0xbf][0xbd][0xef][0xbf][0xbd][0x3]XK[0x1a]M[0xef][0xbf][0xbd][0xef][0xbf][0xbd]x,[0xef][0xbf][0xbd][\r]9[[0xef][0xbf][0xbd]*D.[0xc]s[0xef][0xbf][0xbd][0xef][0xbf][0xbd][0xef][0xbf][0xbd][0x1d]T[0xef][0xbf][0xbd][0x1c][0x1a]-m[0x3][0xef][0xbf][0xbd][0xef][0xbf][0xbd]D2?t[0xef][0xbf][0xbd]T@[0xef][0xbf][0xbd]e1[0xef][0xbf][0xbd][0xef][0xbf][0xbd][0x0]-[0xef][0xbf][0xbd]nZ;Y[0xef][0xbf][0xbd][0xef][0xbf][0xbd]l,[0xef][0xbf][0xbd]:[0xef][0xbf][0xbd]:[0xef][0xbf][0xbd]-[0xef][0xbf][0xbd][0xef][0xbf][0xbd]K[0xef][0xbf][0xbd][0x1a][0xef][0xbf][0xbd]Wc[0xef][0xbf][0xbd][0xef][0xbf][0xbd]R[0xef][0xbf][0xbd]l[0xef][0xbf][0xbd][0xef][0xbf][0xbd][0xef][0xbf][0xbd][0x18]9[0xef][0xbf][0xbd]y[0xef][0xbf][0xbd]Kz[0xef][0xbf][0xbd][0xef][0xbf][0xbd][0xef][0xbf][0xbd]][0x6]TQ[0xef][0xbf][0xbd][0xef][0xbf][0xbd]][0xef][0xbf][0xbd]8[0xef][0xbf][0xbd][0xee][0x8a][0x83][0xef][0xbf][0xbd][0xef][0xbf][0xbd][0xef][0xbf][0xbd][0xde][0xb5]x[0xef][0xbf][0xbd][0xef][0xbf][0xbd]}91z[0x13]-J[0x1e]|[0xef][0xbf][0xbd][0xef][0xbf][0xbd]<[0x0][0xef][0xbf][0xbd][0xef][0xbf][0xbd]2[0xd1][0x86][0xd5][0xbc]L[0x0][0xef][0xbf][0xbd][0x17];[0xef][0xbf][0xbd][0xef][0xbf][0xbd][0xef][0xbf][0xbd]DQ[0xef][0xbf][0xbd][0xef][0xbf][0xbd][0xc8][0xb4][0xef][0xbf][0xbd][0x0]>[0xef][0xbf][0xbd][0x7][0x3][0xef][0xbf][0xbd][0xef][0xbf][0xbd][0xef][0xbf][0xbd][0xef][0xbf][0xbd][0xda][0x9d][0xef][0xbf][0xbd]w[0xef][0xbf][0xbd][0x11][0xef][0xbf][0xbd]"[0xef][0xbf][0xbd]\[0x1b]E[0xef][0xbf][0xbd][0x18];[0xef][0xbf][0xbd])0[0xef][0xbf][0xbd]"[0xef][0xbf][0xbd]b|[0xef][0xbf][0xbd][0xc9][0xa0]N([0xef][0xbf][0xbd]F[0xef][0xbf][0xbd][0xef][0xbf][0xbd][0xef][0xbf][0xbd]sL[0xef][0xbf][0xbd][0xef][0xbf][0xbd][0xef][0xbf][0xbd][0x1e][0xef][0xbf][0xbd]K[0xef][0xbf][0xbd][0xef][0xbf][0xbd]J[0xef][0xbf][0xbd]x[0xef][0xbf][0xbd]^[0xef][0xbf][0xbd][0xef][0xbf][0xbd][0xef][0xbf][0xbd][0xef][0xbf][0xbd][0xef][0xbf][0xbd]/[0xef][0xbf][0xbd]V~_[0xef][0xbf][0xbd][0x1][0xef][0xbf][0xbd]Wn[0xef][0xbf][0xbd]r[0x9][0xef][0xbf][0xbd][0x2]-[0x1a]A[0xef][0xbf][0xbd][0xef][0xbf][0xbd][0xef][0xbf][0xbd][0xef][0xbf][0xbd][0xc][0xd7][0xa6])7[0xef][0xbf][0xbd][0xef][0xbf][0xbd].I[0xd9][0xa1]W[0xef][0xbf][0xbd]G[0xef][0xbf][0xbd][0xef][0xbf][0xbd]D0[0xef][0xbf][0xbd][\r][0xef][0xbf][0xbd][0xef][0xbf][0xbd]`8[0xef][0xbf][0xbd][0xef][0xbf][0xbd]([0xda][0x8e]^=[0xef][0xbf][0xbd][0xef][0xbf][0xbd][0x18][0xef][0xbf][0xbd][0xef][0xbf][0xbd][0xef][0xbf][0xbd][0xef][0xbf][0xbd][0xef][0xbf][0xbd]M&[0xef][0xbf][0xbd][0xef][0xbf][0xbd][0xef][0x9a][0xb1][0xd7][0xbd][0x14][0xef][0xbf][0xbd]\[0xef][0xbf][0xbd]`[0x6][0xef][0xbf][0xbd] [0x15]9[0xef][0xbf][0xbd][0xef][0xbf][0xbd][0xef][0xbf][0xbd]cBs[0x0][0xe]v[0xef][0xbf][0xbd][\n]"
07:56:31.013 [main] DEBUG org.apache.http.wire -  >> "[0xef][0xbf][0xbd][0xef][0xbf][0xbd]w[0xef][0xbf][0xbd][0xef][0xbf][0xbd][0xef][0xbf][0xbd]N[0xef][0xbf][0xbd][0xef][0xbf][0xbd][0xef][0xbf][0xbd][0xef][0xbf][0xbd]Zd?|q[0xef][0xbf][0xbd]#&[0xef][0xbf][0xbd]y7[0xef][0xbf][0xbd]Y[0xef][0xbf][0xbd][0xef][0xbf][0xbd][0xef][0xbf][0xbd][0xef][0xbf][0xbd][0x6]X[0xef][0xbf][0xbd][0xef][0xbf][0xbd][0xef][0xbf][0xbd][0xef][0xbf][0xbd][0xef][0xbf][0xbd][0xef][0xbf][0xbd][0xef][0xbf][0xbd]+[0xef][0xbf][0xbd]Ij[0xef][0xbf][0xbd]<Y[0x6][0xef][0xbf][0xbd][0xef][0xbf][0xbd][0xef][0xbf][0xbd]k[0xef][0xbf][0xbd]\[0xef][0xbf][0xbd]Br[\n]"
07:56:31.013 [main] DEBUG org.apache.http.wire -  >> "[0xec][0x9c][0xbe]lP[0xef][0xbf][0xbd][0xef][0xbf][0xbd][0x18][0x1d][0xef][0xbf][0xbd][0xef][0xbf][0xbd][0xef][0xbf][0xbd][0xef][0xbf][0xbd][0x3][0xef][0xbf][0xbd]{[0xc3][0xbb][0xec][0x9a][0x96][0xef][0xbf][0xbd]@v[0xef][0xbf][0xbd][0x11][0xef][0xbf][0xbd]8[0xef][0xbf][0xbd]D[0xef][0xbf][0xbd][0x15]A[0xef][0xbf][0xbd][0xcd][0xa8][0xef][0xbf][0xbd][0xef][0xbf][0xbd][0xef][0xbf][0xbd][0xef][0xbf][0xbd]<[0xef][0xbf][0xbd]ga"[0xef][0xbf][0xbd],;[0xef][0xbf][0xbd]([0xd7][0x83][0xef][0xbf][0xbd][0xef][0xbf][0xbd]N"[0xef][0xbf][0xbd]C[0x1a][0xef][0xbf][0xbd][0xef][0xbf][0xbd][0xef][0xbf][0xbd][0xef][0xbf][0xbd]^[0xef][0xbf][0xbd]@/*[0xef][0xbf][0xbd]k[0xef][0xbf][0xbd][0xef][0xbf][0xbd]D[0xef][0xbf][0xbd])![0xef][0xbf][0xbd][0x8][0xef][0xbf][0xbd].[0xee][0x88][0xa1][0x1d]bW[0xef][0xbf][0xbd][0xef][0xbf][0xbd],?g[0xef][0xbf][0xbd]$*[0xef][0xbf][0xbd]n[0xef][0xbf][0xbd][0xda][0xa3]>[0xef][0xbf][0xbd]U[0xef][0xbf][0xbd][0xef][0xbf][0xbd]([0xef][0xbf][0xbd][0xef][0xbf][0xbd][0xef][0xbf][0xbd][0xef][0xbf][0xbd][0xde][0x8c][0xef][0xbf][0xbd]dL'b`[0xef][0xbf][0xbd][0x3][0xef][0xbf][0xbd][0xef][0xbf][0xbd][0xef][0xbf][0xbd][0xef][0xbf][0xbd]v)w_[0xef][0xbf][0xbd]g_[0xef][0xbf][0xbd][0xef][0xbf][0xbd][0xef][0xbf][0xbd]v[0xef][0xbf][0xbd][0xef][0xbf][0xbd][0xef][0xbf][0xbd][0xef][0xbf][0xbd]y[0xef][0xbf][0xbd][0xef][0xbf][0xbd][0xef][0xbf][0xbd]$[0xb][0xef][0xbf][0xbd][0xe1][0xa5][0x83]'[0xef][0xbf][0xbd]w[0xef][0xbf][0xbd][0x10]%[0xef][0xbf][0xbd][0xef][0xbf][0xbd][0xef][0xbf][0xbd][0xef][0xbf][0xbd][0xef][0xbf][0xbd]a[0xef][0xbf][0xbd][0xef][0xbf][0xbd]cr[0xd6][0x92][0xef][0xbf][0xbd];[\r]q[0xef][0xbf][0xbd][0xef][0xbf][0xbd][0xef][0xbf][0xbd]w[0x1d][0x1e][0xef][0xbf][0xbd][0xc6][0xac][0xef][0xbf][0xbd]C[0xef][0xbf][0xbd][0x16][0xef][0xbf][0xbd]J[0xef][0xbf][0xbd]Z}[0xef][0xbf][0xbd]^[0xef][0xbf][0xbd]PX[0xef][0xbf][0xbd][0xef][0xbf][0xbd][0xef][0xbf][0xbd][0xd6][0xac][0xef][0xbf][0xbd][0x0][0x8][0xef][0xbf][0xbd]Fv,d[0xef][0xbf][0xbd][0xef][0xbf][0xbd]&[0xef][0xbf][0xbd][0xef][0xbf][0xbd][0xef][0xbf][0xbd]n[0xef][0xbf][0xbd]'[0xef][0xbf][0xbd][0xef][0xbf][0xbd][0xef][0xbf][0xbd]0[0xef][0xbf][0xbd][0xef][0xbf][0xbd][0xef][0xbf][0xbd]x[0xef][0xbf][0xbd][0xef][0xbf][0xbd]3[0x9][0xef][0xbf][0xbd]1E[0xef][0xbf][0xbd][0x17]A[0xef][0xbf][0xbd][\r][0xef][0xbf][0xbd][0xef][0xbf][0xbd][0xef][0xbf][0xbd]Y[0xef][0xbf][0xbd]^[0xef][0xbf][0xbd]kW[0xef][0xbf][0xbd]![0xef][0xbf][0xbd][0xef][0xbf][0xbd]q[0xef][0xbf][0xbd]QL'[0xef][0xbf][0xbd][0xef][0xbf][0xbd][0xcf][0x81]}\[0x1b][J[0xef][0xbf][0xbd][0xef][0xbf][0xbd][0xef][0xbf][0xbd][0xef][0xbf][0xbd][0x1f]+[0xef][0xbf][0xbd][0xef][0xbf][0xbd]=lb[0xef][0xbf][0xbd];[0xef][0xbf][0xbd]s[0xef][0xbf][0xbd][0xef][0xbf][0xbd][0xef][0xbf][0xbd]L[0x1]p[0xef][0xbf][0xbd][0xef][0xbf][0xbd][0xef][0xbf][0xbd][0x8][0xef][0xbf][0xbd]~[0xef][0xbf][0xbd]`[0xef][0xbf][0xbd][0xc5][0xbb][0xec][0x9a][0x96][0xef][0xbf][0xbd]@[0xef][0xbf][0xbd][0xef][0xbf][0xbd][0xef][0xbf][0xbd]G<[0xef][0xbf][0xbd][0xef][0xbf][0xbd][0xcb][0x89][0x1f]wX[0x8][0xef][0xbf][0xbd]u/[0xeb][0xb3][0xaf][0xd8][0xae]Z[0xef][0xbf][0xbd][0xef][0xbf][0xbd]%[0xc6][0xb3][0xef][0xbf][0xbd][0xef][0xbf][0xbd]I#n[0x0][[0x17]~[0xef][0xbf][0xbd][0xef][0xbf][0xbd]H[0xef][0xbf][0xbd]rTP[0xef][0xbf][0xbd]x;[0xef][0xbf][0xbd]o[0xef][0xbf][0xbd]`Nvj[0xef][0xbf][0xbd]1pn[0xd1][0xb4]`[0xe]B[0x12][0xef][0xbf][0xbd]d[0xef][0xbf][0xbd]d[0xef][0xbf][0xbd]j[0xef][0xbf][0xbd][0xef][0xbf][0xbd][0xef][0xbf][0xbd] t[0xef][0xbf][0xbd]<[0xef][0xbf][0xbd]([0xef][0xbf][0xbd]xI[0xef][0xbf][0xbd][0xef][0xbf][0xbd] j[0xef][0xbf][0xbd][0xef][0xbf][0xbd]6{[0x1f][0xc8][0x88]>[0xef][0xbf][0xbd][0x1e][0xef][0xbf][0xbd]#[0xb][0xef][0xbf][0xbd][0xef][0xbf][0xbd][0xb][0xef][0xbf][0xbd][0xdd][0x8d][0xef][0xbf][0xbd][0x8]^[0xef][0xbf][0xbd]~[0xef][0xbf][0xbd][0xef][0xbf][0xbd][0x1][0xef][0xbf][0xbd],Ty[0xef][0xbf][0xbd][0xef][0xbf][0xbd]G [0xef][0xbf][0xbd]A[0xef][0xbf][0xbd][0xef][0xbf][0xbd]-7[0xef][0xbf][0xbd][0x18]e[0xef][0xbf][0xbd][0x4]ta%[0xef][0xbf][0xbd][0xef][0xbf][0xbd][0x15][0xef][0xbf][0xbd][0xef][0xbf][0xbd][0xef][0xbf][0xbd][0xef][0xbf][0xbd][0xef][0xbf][0xbd][0xef][0xbf][0xbd][0xef][0xbf][0xbd]S[0xef][0xbf][0xbd][0xef][0xbf][0xbd][0x12][0xef][0xbf][0xbd]:[0x2]q/[0xef][0xbf][0xbd][m}[0xef][0xbf][0xbd][0xe9][0x92][0xac][0xef][0xbf][0xbd]M[0xef][0xbf][0xbd][0x18][0x5][0xef][0xbf][0xbd][0xef][0xbf][0xbd][0xc]&@j[0xef][0xbf][0xbd][0xef][0xbf][0xbd]a[0x1a]L0[0xef][0xbf][0xbd][0x19][0x5][0xef][0xbf][0xbd][0xef][0xbf][0xbd]t[0x18]v&[0xef][0xbf][0xbd][0xef][0xbf][0xbd][0xef][0xbf][0xbd]B[0x11][0xef][0xbf][0xbd][0xef][0xbf][0xbd]UlU[0xef][0xbf][0xbd][0xef][0xbf][0xbd][0xef][0xbf][0xbd][0xef][0xbf][0xbd][0xef][0xbf][0xbd],[0xef][0xbf][0xbd][\r][0xef][0xbf][0xbd]s[0x12][0xef][0xbf][0xbd][0xef][0xbf][0xbd][0x1c]Ns"
07:56:31.224 [main] DEBUG org.apache.http.impl.conn.DefaultClientConnection - Connection 0.0.0.0:53739<->34.101.78.228:2424 closed
07:56:31.225 [main] DEBUG org.apache.http.impl.client.DefaultHttpClient - Closing the connection.
07:56:31.225 [main] DEBUG org.apache.http.impl.conn.DefaultClientConnection - Connection 0.0.0.0:53739<->34.101.78.228:2424 closed
07:56:31.225 [main] INFO org.apache.http.impl.client.DefaultHttpClient - I/O exception (java.net.SocketException) caught when processing request to {}->http://34.101.78.228:2424: Connection reset by peer
07:56:31.230 [main] DEBUG org.apache.http.impl.client.DefaultHttpClient - Connection reset by peer
java.net.SocketException: Connection reset by peer
	at java.base/sun.nio.ch.NioSocketImpl.implWrite(NioSocketImpl.java:413)
	at java.base/sun.nio.ch.NioSocketImpl.write(NioSocketImpl.java:433)
	at java.base/sun.nio.ch.NioSocketImpl$2.write(NioSocketImpl.java:812)
	at java.base/java.net.Socket$SocketOutputStream.write(Socket.java:1120)
	at org.apache.http.impl.io.AbstractSessionOutputBuffer.write(AbstractSessionOutputBuffer.java:184)
	at org.apache.http.impl.conn.LoggingSessionOutputBuffer.write(LoggingSessionOutputBuffer.java:75)
	at org.apache.http.impl.io.ContentLengthOutputStream.write(ContentLengthOutputStream.java:113)
	at org.apache.http.entity.InputStreamEntity.writeTo(InputStreamEntity.java:144)
	at org.apache.http.entity.HttpEntityWrapper.writeTo(HttpEntityWrapper.java:96)
	at org.apache.http.impl.client.EntityEnclosingRequestWrapper$EntityWrapper.writeTo(EntityEnclosingRequestWrapper.java:110)
	at org.apache.http.impl.entity.EntitySerializer.serialize(EntitySerializer.java:118)
	at org.apache.http.impl.AbstractHttpClientConnection.sendRequestEntity(AbstractHttpClientConnection.java:274)
	at org.apache.http.impl.conn.ManagedClientConnectionImpl.sendRequestEntity(ManagedClientConnectionImpl.java:214)
	at org.apache.http.protocol.HttpRequestExecutor.doSendRequest(HttpRequestExecutor.java:238)
	at org.apache.http.protocol.HttpRequestExecutor.execute(HttpRequestExecutor.java:123)
	at org.apache.http.impl.client.DefaultRequestDirector.tryExecute(DefaultRequestDirector.java:679)
	at org.apache.http.impl.client.DefaultRequestDirector.execute(DefaultRequestDirector.java:481)
	at org.apache.http.impl.client.AbstractHttpClient.doExecute(AbstractHttpClient.java:835)
	at org.apache.http.impl.client.CloseableHttpClient.execute(CloseableHttpClient.java:83)
	at io.restassured.internal.RestAssuredHttpBuilder.doRequest(RestAssuredHttpBuilder.java:141)
	at io.restassured.internal.http.HTTPBuilder.doRequest(HTTPBuilder.java:496)
	at io.restassured.internal.http.HTTPBuilder.request(HTTPBuilder.java:453)
	at io.restassured.internal.http.HTTPBuilder$request$3.call(Unknown Source)
	at io.restassured.internal.RequestSpecificationImpl.sendHttpRequest(RequestSpecificationImpl.groovy:1480)
	at io.restassured.internal.RequestSpecificationImpl.this$2$sendHttpRequest(RequestSpecificationImpl.groovy)
	at java.base/jdk.internal.reflect.DirectMethodHandleAccessor.invoke(DirectMethodHandleAccessor.java:104)
	at java.base/java.lang.reflect.Method.invoke(Method.java:578)
	at org.codehaus.groovy.reflection.CachedMethod.invoke(CachedMethod.java:343)
	at groovy.lang.MetaMethod.doMethodInvoke(MetaMethod.java:328)
	at groovy.lang.MetaClassImpl.doInvokeMethod(MetaClassImpl.java:1348)
	at groovy.lang.MetaClassImpl.invokeMethod(MetaClassImpl.java:1103)
	at groovy.lang.MetaClassImpl.invokeMethod(MetaClassImpl.java:1009)
	at groovy.lang.MetaClassImpl.invokeMethod(MetaClassImpl.java:792)
	at io.restassured.internal.RequestSpecificationImpl.invokeMethod(RequestSpecificationImpl.groovy)
	at org.codehaus.groovy.runtime.callsite.PogoInterceptableSite.call(PogoInterceptableSite.java:46)
	at org.codehaus.groovy.runtime.callsite.PogoInterceptableSite.callCurrent(PogoInterceptableSite.java:57)
	at io.restassured.internal.RequestSpecificationImpl.sendRequest(RequestSpecificationImpl.groovy:1229)
	at io.restassured.internal.RequestSpecificationImpl.this$2$sendRequest(RequestSpecificationImpl.groovy)
	at java.base/jdk.internal.reflect.DirectMethodHandleAccessor.invoke(DirectMethodHandleAccessor.java:104)
	at java.base/java.lang.reflect.Method.invoke(Method.java:578)
	at org.codehaus.groovy.reflection.CachedMethod.invoke(CachedMethod.java:343)
	at groovy.lang.MetaMethod.doMethodInvoke(MetaMethod.java:328)
	at groovy.lang.MetaClassImpl.doInvokeMethod(MetaClassImpl.java:1348)
	at groovy.lang.MetaClassImpl.invokeMethod(MetaClassImpl.java:1103)
	at groovy.lang.MetaClassImpl.invokeMethod(MetaClassImpl.java:1009)
	at groovy.lang.MetaClassImpl.invokeMethod(MetaClassImpl.java:792)
	at io.restassured.internal.RequestSpecificationImpl.invokeMethod(RequestSpecificationImpl.groovy)
	at org.codehaus.groovy.runtime.callsite.PogoInterceptableSite.call(PogoInterceptableSite.java:46)
	at org.codehaus.groovy.runtime.callsite.AbstractCallSite.call(AbstractCallSite.java:166)
	at io.restassured.internal.filter.SendRequestFilter.filter(SendRequestFilter.groovy:30)
	at io.restassured.filter.Filter$filter$0.call(Unknown Source)
	at org.codehaus.groovy.runtime.callsite.CallSiteArray.defaultCall(CallSiteArray.java:45)
	at io.restassured.filter.Filter$filter.call(Unknown Source)
	at io.restassured.internal.filter.FilterContextImpl.next(FilterContextImpl.groovy:72)
	at io.restassured.filter.time.TimingFilter.filter(TimingFilter.java:56)
	at io.restassured.filter.Filter$filter.call(Unknown Source)
	at org.codehaus.groovy.runtime.callsite.CallSiteArray.defaultCall(CallSiteArray.java:45)
	at io.restassured.filter.Filter$filter$0.call(Unknown Source)
	at io.restassured.internal.filter.FilterContextImpl.next(FilterContextImpl.groovy:72)
	at io.restassured.filter.FilterContext$next.call(Unknown Source)
	at io.restassured.internal.filter.CsrfFilter.filter(CsrfFilter.groovy:70)
	at io.restassured.filter.Filter$filter$0.call(Unknown Source)
	at org.codehaus.groovy.runtime.callsite.CallSiteArray.defaultCall(CallSiteArray.java:45)
	at io.restassured.filter.Filter$filter.call(Unknown Source)
	at io.restassured.internal.filter.FilterContextImpl.next(FilterContextImpl.groovy:72)
	at io.restassured.filter.log.RequestLoggingFilter.filter(RequestLoggingFilter.java:146)
	at net.serenitybdd.rest.filters.FieldsRecordingFilter.filter(FieldsRecordingFilter.java:40)
	at io.restassured.filter.Filter$filter.call(Unknown Source)
	at io.restassured.internal.filter.FilterContextImpl.next(FilterContextImpl.groovy:72)
	at io.restassured.filter.log.RequestLoggingFilter.filter(RequestLoggingFilter.java:146)
	at net.serenitybdd.rest.filters.FieldsRecordingFilter.filter(FieldsRecordingFilter.java:40)
	at io.restassured.filter.Filter$filter.call(Unknown Source)
	at io.restassured.internal.filter.FilterContextImpl.next(FilterContextImpl.groovy:72)
	at io.restassured.filter.log.RequestLoggingFilter.filter(RequestLoggingFilter.java:146)
	at net.serenitybdd.rest.filters.FieldsRecordingFilter.filter(FieldsRecordingFilter.java:40)
	at io.restassured.filter.Filter$filter.call(Unknown Source)
	at io.restassured.internal.filter.FilterContextImpl.next(FilterContextImpl.groovy:72)
	at io.restassured.filter.log.RequestLoggingFilter.filter(RequestLoggingFilter.java:146)
	at net.serenitybdd.rest.filters.FieldsRecordingFilter.filter(FieldsRecordingFilter.java:40)
	at io.restassured.filter.Filter$filter.call(Unknown Source)
	at io.restassured.internal.filter.FilterContextImpl.next(FilterContextImpl.groovy:72)
	at io.restassured.filter.log.RequestLoggingFilter.filter(RequestLoggingFilter.java:146)
	at net.serenitybdd.rest.filters.FieldsRecordingFilter.filter(FieldsRecordingFilter.java:40)
	at io.restassured.filter.Filter$filter.call(Unknown Source)
	at io.restassured.internal.filter.FilterContextImpl.next(FilterContextImpl.groovy:72)
	at io.restassured.filter.log.RequestLoggingFilter.filter(RequestLoggingFilter.java:146)
	at net.serenitybdd.rest.filters.FieldsRecordingFilter.filter(FieldsRecordingFilter.java:40)
	at io.restassured.filter.Filter$filter.call(Unknown Source)
	at org.codehaus.groovy.runtime.callsite.CallSiteArray.defaultCall(CallSiteArray.java:45)
	at io.restassured.filter.Filter$filter$0.call(Unknown Source)
	at io.restassured.internal.filter.FilterContextImpl.next(FilterContextImpl.groovy:72)
	at io.restassured.filter.FilterContext$next.call(Unknown Source)
	at io.restassured.internal.RequestSpecificationImpl.applyPathParamsAndSendRequest(RequestSpecificationImpl.groovy:1704)
	at io.restassured.internal.RequestSpecificationImpl.this$2$applyPathParamsAndSendRequest(RequestSpecificationImpl.groovy)
	at java.base/jdk.internal.reflect.DirectMethodHandleAccessor.invoke(DirectMethodHandleAccessor.java:104)
	at java.base/java.lang.reflect.Method.invoke(Method.java:578)
	at org.codehaus.groovy.reflection.CachedMethod.invoke(CachedMethod.java:343)
	at groovy.lang.MetaMethod.doMethodInvoke(MetaMethod.java:328)
	at groovy.lang.MetaClassImpl.doInvokeMethod(MetaClassImpl.java:1348)
	at groovy.lang.MetaClassImpl.invokeMethod(MetaClassImpl.java:1103)
	at groovy.lang.MetaClassImpl.invokeMethod(MetaClassImpl.java:1009)
	at groovy.lang.MetaClassImpl.invokeMethod(MetaClassImpl.java:792)
	at io.restassured.internal.RequestSpecificationImpl.invokeMethod(RequestSpecificationImpl.groovy)
	at org.codehaus.groovy.runtime.callsite.PogoInterceptableSite.call(PogoInterceptableSite.java:46)
	at org.codehaus.groovy.runtime.callsite.PogoInterceptableSite.callCurrent(PogoInterceptableSite.java:57)
	at org.codehaus.groovy.runtime.callsite.AbstractCallSite.callCurrent(AbstractCallSite.java:203)
	at io.restassured.internal.RequestSpecificationImpl.applyPathParamsAndSendRequest(RequestSpecificationImpl.groovy:1710)
	at io.restassured.internal.RequestSpecificationImpl.this$2$applyPathParamsAndSendRequest(RequestSpecificationImpl.groovy)
	at java.base/jdk.internal.reflect.DirectMethodHandleAccessor.invoke(DirectMethodHandleAccessor.java:104)
	at java.base/java.lang.reflect.Method.invoke(Method.java:578)
	at org.codehaus.groovy.reflection.CachedMethod.invoke(CachedMethod.java:343)
	at groovy.lang.MetaMethod.doMethodInvoke(MetaMethod.java:328)
	at groovy.lang.MetaClassImpl.doInvokeMethod(MetaClassImpl.java:1348)
	at groovy.lang.MetaClassImpl.invokeMethod(MetaClassImpl.java:1103)
	at groovy.lang.MetaClassImpl.invokeMethod(MetaClassImpl.java:1009)
	at groovy.lang.MetaClassImpl.invokeMethod(MetaClassImpl.java:792)
	at io.restassured.internal.RequestSpecificationImpl.invokeMethod(RequestSpecificationImpl.groovy)
	at org.codehaus.groovy.runtime.callsite.PogoInterceptableSite.call(PogoInterceptableSite.java:46)
	at org.codehaus.groovy.runtime.callsite.PogoInterceptableSite.callCurrent(PogoInterceptableSite.java:57)
	at org.codehaus.groovy.runtime.callsite.AbstractCallSite.callCurrent(AbstractCallSite.java:203)
	at io.restassured.internal.RequestSpecificationImpl.put(RequestSpecificationImpl.groovy:180)
	at net.serenitybdd.rest.decorators.request.RequestSpecificationDecorated.executeCall(RequestSpecificationDecorated.java:315)
	at net.serenitybdd.rest.decorators.request.RequestSpecificationDecorated.execute(RequestSpecificationDecorated.java:268)
	at net.serenitybdd.rest.decorators.request.RequestSpecificationDecorated.put(RequestSpecificationDecorated.java:151)
	at net.serenitybdd.rest.decorators.request.RequestSpecificationDecorated.put(RequestSpecificationDecorated.java:38)
	at apiskuypay@1.0-SNAPSHOT/starter.api.user.UpdateImage.iSendUploadImageHTTPRequestwithNoAuthorization(UpdateImage.java:110)
	at apiskuypay@1.0-SNAPSHOT/starter.api.user.UpdateImage$ByteBuddy$ttPfJFLq.iSendUploadImageHTTPRequestwithNoAuthorization$accessor$v1YG09gc(Unknown Source)
	at java.base/jdk.internal.reflect.DirectMethodHandleAccessor.invoke(DirectMethodHandleAccessor.java:104)
	at java.base/java.lang.reflect.Method.invoke(Method.java:578)
	at net.thucydides.core.steps.StepInterceptor.invokeMethod(StepInterceptor.java:503)
	at net.thucydides.core.steps.StepInterceptor.executeTestStepMethod(StepInterceptor.java:483)
	at net.thucydides.core.steps.StepInterceptor.runTestStep(StepInterceptor.java:457)
	at net.thucydides.core.steps.StepInterceptor.runOrSkipMethod(StepInterceptor.java:209)
	at net.thucydides.core.steps.StepInterceptor.testStepResult(StepInterceptor.java:196)
	at net.thucydides.core.steps.StepInterceptor.intercept(StepInterceptor.java:84)
	at net.thucydides.core.steps.ProxyConfiguration$InterceptorDispatcher.intercept(ProxyConfiguration.java:51)
	at apiskuypay@1.0-SNAPSHOT/starter.api.user.UpdateImage$ByteBuddy$ttPfJFLq.iSendUploadImageHTTPRequestwithNoAuthorization(Unknown Source)
	at apiskuypay@1.0-SNAPSHOT/starter.stepdefinitions.UpdateImageSteps.iSendUploadImageHTTPRequestWithNoAuthorization(UpdateImageSteps.java:55)
	at java.base/jdk.internal.reflect.DirectMethodHandleAccessor.invoke(DirectMethodHandleAccessor.java:104)
	at java.base/java.lang.reflect.Method.invoke(Method.java:578)
	at io.cucumber.java.Invoker.doInvoke(Invoker.java:66)
	at io.cucumber.java.Invoker.invoke(Invoker.java:24)
	at io.cucumber.java.AbstractGlueDefinition.invokeMethod(AbstractGlueDefinition.java:47)
	at io.cucumber.java.JavaStepDefinition.execute(JavaStepDefinition.java:29)
	at io.cucumber.core.runner.CoreStepDefinition.execute(CoreStepDefinition.java:66)
	at io.cucumber.core.runner.PickleStepDefinitionMatch.runStep(PickleStepDefinitionMatch.java:63)
	at io.cucumber.core.runner.ExecutionMode$1.execute(ExecutionMode.java:10)
	at io.cucumber.core.runner.TestStep.executeStep(TestStep.java:85)
	at io.cucumber.core.runner.TestStep.run(TestStep.java:57)
	at io.cucumber.core.runner.PickleStepTestStep.run(PickleStepTestStep.java:51)
	at io.cucumber.core.runner.TestCase.run(TestCase.java:84)
	at io.cucumber.core.runner.Runner.runPickle(Runner.java:75)
	at io.cucumber.junit.PickleRunners$NoStepDescriptions.lambda$run$0(PickleRunners.java:151)
	at io.cucumber.core.runtime.CucumberExecutionContext.lambda$runTestCase$5(CucumberExecutionContext.java:129)
	at io.cucumber.core.runtime.RethrowingThrowableCollector.executeAndThrow(RethrowingThrowableCollector.java:23)
	at io.cucumber.core.runtime.CucumberExecutionContext.runTestCase(CucumberExecutionContext.java:129)
	at io.cucumber.junit.PickleRunners$NoStepDescriptions.run(PickleRunners.java:148)
	at io.cucumber.junit.FeatureRunner.runChild(FeatureRunner.java:144)
	at io.cucumber.junit.FeatureRunner.runChild(FeatureRunner.java:28)
	at org.junit.runners.ParentRunner$4.run(ParentRunner.java:331)
	at org.junit.runners.ParentRunner$1.schedule(ParentRunner.java:79)
	at org.junit.runners.ParentRunner.runChildren(ParentRunner.java:329)
	at org.junit.runners.ParentRunner.access$100(ParentRunner.java:66)
	at org.junit.runners.ParentRunner$2.evaluate(ParentRunner.java:293)
	at org.junit.runners.ParentRunner$3.evaluate(ParentRunner.java:306)
	at org.junit.runners.ParentRunner.run(ParentRunner.java:413)
	at io.cucumber.junit.FeatureRunner.run(FeatureRunner.java:137)
	at io.cucumber.junit.CucumberSerenityRunner.runChild(CucumberSerenityRunner.java:259)
	at io.cucumber.junit.CucumberSerenityRunner.runChild(CucumberSerenityRunner.java:59)
	at org.junit.runners.ParentRunner$4.run(ParentRunner.java:331)
	at org.junit.runners.ParentRunner$1.schedule(ParentRunner.java:79)
	at org.junit.runners.ParentRunner.runChildren(ParentRunner.java:329)
	at org.junit.runners.ParentRunner.access$100(ParentRunner.java:66)
	at org.junit.runners.ParentRunner$2.evaluate(ParentRunner.java:293)
	at io.cucumber.junit.CucumberSerenityRunner$RunCucumber.evaluate(CucumberSerenityRunner.java:288)
	at org.junit.runners.ParentRunner$3.evaluate(ParentRunner.java:306)
	at org.junit.runners.ParentRunner.run(ParentRunner.java:413)
	at org.junit.runner.JUnitCore.run(JUnitCore.java:137)
	at org.junit.runner.JUnitCore.run(JUnitCore.java:115)
	at org.junit.vintage.engine.execution.RunnerExecutor.execute(RunnerExecutor.java:42)
	at org.junit.vintage.engine.VintageTestEngine.executeAllChildren(VintageTestEngine.java:80)
	at org.junit.vintage.engine.VintageTestEngine.execute(VintageTestEngine.java:72)
	at org.junit.platform.launcher.core.EngineExecutionOrchestrator.execute(EngineExecutionOrchestrator.java:107)
	at org.junit.platform.launcher.core.EngineExecutionOrchestrator.execute(EngineExecutionOrchestrator.java:88)
	at org.junit.platform.launcher.core.EngineExecutionOrchestrator.lambda$execute$0(EngineExecutionOrchestrator.java:54)
	at org.junit.platform.launcher.core.EngineExecutionOrchestrator.withInterceptedStreams(EngineExecutionOrchestrator.java:67)
	at org.junit.platform.launcher.core.EngineExecutionOrchestrator.execute(EngineExecutionOrchestrator.java:52)
	at org.junit.platform.launcher.core.DefaultLauncher.execute(DefaultLauncher.java:114)
	at org.junit.platform.launcher.core.DefaultLauncher.execute(DefaultLauncher.java:86)
	at org.junit.platform.launcher.core.DefaultLauncherSession$DelegatingLauncher.execute(DefaultLauncherSession.java:86)
	at org.junit.platform.launcher.core.SessionPerRequestLauncher.execute(SessionPerRequestLauncher.java:53)
	at org.apache.maven.surefire.junitplatform.JUnitPlatformProvider.execute(JUnitPlatformProvider.java:188)
	at org.apache.maven.surefire.junitplatform.JUnitPlatformProvider.invokeAllTests(JUnitPlatformProvider.java:154)
	at org.apache.maven.surefire.junitplatform.JUnitPlatformProvider.invoke(JUnitPlatformProvider.java:128)
	at org.apache.maven.surefire.booter.ForkedBooter.runSuitesInProcess(ForkedBooter.java:428)
	at org.apache.maven.surefire.booter.ForkedBooter.execute(ForkedBooter.java:162)
	at org.apache.maven.surefire.booter.ForkedBooter.run(ForkedBooter.java:562)
	at org.apache.maven.surefire.booter.ForkedBooter.main(ForkedBooter.java:548)
07:56:31.231 [main] INFO org.apache.http.impl.client.DefaultHttpClient - Retrying request to {}->http://34.101.78.228:2424
07:56:31.231 [main] DEBUG org.apache.http.impl.client.DefaultHttpClient - Cannot retry non-repeatable request
07:56:31.232 [main] DEBUG org.apache.http.impl.conn.DefaultClientConnection - Connection 0.0.0.0:53739<->34.101.78.228:2424 shut down
07:56:31.232 [main] DEBUG org.apache.http.impl.conn.BasicClientConnectionManager - Releasing connection org.apache.http.impl.conn.ManagedClientConnectionImpl@20e48e63
  &amp#27;[31mWhen &amp#27;[0m&amp#27;[31mI send upload image HTTP request with no authorization&amp#27;[0m                   &amp#27;[90m# starter.stepdefinitions.UpdateImageSteps.iSendUploadImageHTTPRequestWithNoAuthorization()&amp#27;[0m
      &amp#27;[31mjava.lang.RuntimeException: Some exception during recording fields
	at net.serenitybdd.rest.filters.FieldsRecordingFilter.filter(FieldsRecordingFilter.java:53)
	at io.restassured.filter.Filter$filter.call(Unknown Source)
	at io.restassured.internal.filter.FilterContextImpl.next(FilterContextImpl.groovy:72)
	at io.restassured.filter.log.RequestLoggingFilter.filter(RequestLoggingFilter.java:146)
	at net.serenitybdd.rest.filters.FieldsRecordingFilter.filter(FieldsRecordingFilter.java:40)
	at io.restassured.filter.Filter$filter.call(Unknown Source)
	at io.restassured.internal.filter.FilterContextImpl.next(FilterContextImpl.groovy:72)
	at io.restassured.filter.log.RequestLoggingFilter.filter(RequestLoggingFilter.java:146)
	at net.serenitybdd.rest.filters.FieldsRecordingFilter.filter(FieldsRecordingFilter.java:40)
	at io.restassured.filter.Filter$filter.call(Unknown Source)
	at io.restassured.internal.filter.FilterContextImpl.next(FilterContextImpl.groovy:72)
	at io.restassured.filter.log.RequestLoggingFilter.filter(RequestLoggingFilter.java:146)
	at net.serenitybdd.rest.filters.FieldsRecordingFilter.filter(FieldsRecordingFilter.java:40)
	at io.restassured.filter.Filter$filter.call(Unknown Source)
	at io.restassured.internal.filter.FilterContextImpl.next(FilterContextImpl.groovy:72)
	at io.restassured.filter.log.RequestLoggingFilter.filter(RequestLoggingFilter.java:146)
	at net.serenitybdd.rest.filters.FieldsRecordingFilter.filter(FieldsRecordingFilter.java:40)
	at io.restassured.filter.Filter$filter.call(Unknown Source)
	at io.restassured.internal.filter.FilterContextImpl.next(FilterContextImpl.groovy:72)
	at io.restassured.filter.log.RequestLoggingFilter.filter(RequestLoggingFilter.java:146)
	at net.serenitybdd.rest.filters.FieldsRecordingFilter.filter(FieldsRecordingFilter.java:40)
	at io.restassured.filter.Filter$filter.call(Unknown Source)
	at org.codehaus.groovy.runtime.callsite.CallSiteArray.defaultCall(CallSiteArray.java:45)
	at io.restassured.filter.Filter$filter$0.call(Unknown Source)
	at io.restassured.internal.filter.FilterContextImpl.next(FilterContextImpl.groovy:72)
	at io.restassured.filter.FilterContext$next.call(Unknown Source)
	at io.restassured.internal.RequestSpecificationImpl.applyPathParamsAndSendRequest(RequestSpecificationImpl.groovy:1704)
	at io.restassured.internal.RequestSpecificationImpl.this$2$applyPathParamsAndSendRequest(RequestSpecificationImpl.groovy)
	at java.base/jdk.internal.reflect.DirectMethodHandleAccessor.invoke(DirectMethodHandleAccessor.java:104)
	at java.base/java.lang.reflect.Method.invoke(Method.java:578)
	at org.codehaus.groovy.reflection.CachedMethod.invoke(CachedMethod.java:343)
	at groovy.lang.MetaMethod.doMethodInvoke(MetaMethod.java:328)
	at groovy.lang.MetaClassImpl.doInvokeMethod(MetaClassImpl.java:1348)
	at groovy.lang.MetaClassImpl.invokeMethod(MetaClassImpl.java:1103)
	at groovy.lang.MetaClassImpl.invokeMethod(MetaClassImpl.java:1009)
	at groovy.lang.MetaClassImpl.invokeMethod(MetaClassImpl.java:792)
	at io.restassured.internal.RequestSpecificationImpl.invokeMethod(RequestSpecificationImpl.groovy)
	at org.codehaus.groovy.runtime.callsite.PogoInterceptableSite.call(PogoInterceptableSite.java:46)
	at org.codehaus.groovy.runtime.callsite.PogoInterceptableSite.callCurrent(PogoInterceptableSite.java:57)
	at org.codehaus.groovy.runtime.callsite.AbstractCallSite.callCurrent(AbstractCallSite.java:203)
	at io.restassured.internal.RequestSpecificationImpl.applyPathParamsAndSendRequest(RequestSpecificationImpl.groovy:1710)
	at io.restassured.internal.RequestSpecificationImpl.this$2$applyPathParamsAndSendRequest(RequestSpecificationImpl.groovy)
	at java.base/jdk.internal.reflect.DirectMethodHandleAccessor.invoke(DirectMethodHandleAccessor.java:104)
	at java.base/java.lang.reflect.Method.invoke(Method.java:578)
	at org.codehaus.groovy.reflection.CachedMethod.invoke(CachedMethod.java:343)
	at groovy.lang.MetaMethod.doMethodInvoke(MetaMethod.java:328)
	at groovy.lang.MetaClassImpl.doInvokeMethod(MetaClassImpl.java:1348)
	at groovy.lang.MetaClassImpl.invokeMethod(MetaClassImpl.java:1103)
	at groovy.lang.MetaClassImpl.invokeMethod(MetaClassImpl.java:1009)
	at groovy.lang.MetaClassImpl.invokeMethod(MetaClassImpl.java:792)
	at io.restassured.internal.RequestSpecificationImpl.invokeMethod(RequestSpecificationImpl.groovy)
	at org.codehaus.groovy.runtime.callsite.PogoInterceptableSite.call(PogoInterceptableSite.java:46)
	at org.codehaus.groovy.runtime.callsite.PogoInterceptableSite.callCurrent(PogoInterceptableSite.java:57)
	at org.codehaus.groovy.runtime.callsite.AbstractCallSite.callCurrent(AbstractCallSite.java:203)
	at io.restassured.internal.RequestSpecificationImpl.put(RequestSpecificationImpl.groovy:180)
	at net.serenitybdd.rest.decorators.request.RequestSpecificationDecorated.executeCall(RequestSpecificationDecorated.java:315)
	at net.serenitybdd.rest.decorators.request.RequestSpecificationDecorated.execute(RequestSpecificationDecorated.java:268)
	at net.serenitybdd.rest.decorators.request.RequestSpecificationDecorated.put(RequestSpecificationDecorated.java:151)
	at net.serenitybdd.rest.decorators.request.RequestSpecificationDecorated.put(RequestSpecificationDecorated.java:38)
	at apiskuypay@1.0-SNAPSHOT/starter.api.user.UpdateImage.iSendUploadImageHTTPRequestwithNoAuthorization(UpdateImage.java:110)
	at apiskuypay@1.0-SNAPSHOT/starter.api.user.UpdateImage$ByteBuddy$ttPfJFLq.iSendUploadImageHTTPRequestwithNoAuthorization$accessor$v1YG09gc(Unknown Source)
	at java.base/jdk.internal.reflect.DirectMethodHandleAccessor.invoke(DirectMethodHandleAccessor.java:104)
	at java.base/java.lang.reflect.Method.invoke(Method.java:578)
	at net.thucydides.core.steps.StepInterceptor.invokeMethod(StepInterceptor.java:503)
	at net.thucydides.core.steps.StepInterceptor.executeTestStepMethod(StepInterceptor.java:483)
	at net.thucydides.core.steps.StepInterceptor.runTestStep(StepInterceptor.java:457)
	at net.thucydides.core.steps.StepInterceptor.runOrSkipMethod(StepInterceptor.java:209)
	at net.thucydides.core.steps.StepInterceptor.testStepResult(StepInterceptor.java:196)
	at net.thucydides.core.steps.StepInterceptor.intercept(StepInterceptor.java:84)
	at net.thucydides.core.steps.ProxyConfiguration$InterceptorDispatcher.intercept(ProxyConfiguration.java:51)
	at apiskuypay@1.0-SNAPSHOT/starter.api.user.UpdateImage$ByteBuddy$ttPfJFLq.iSendUploadImageHTTPRequestwithNoAuthorization(Unknown Source)
	at apiskuypay@1.0-SNAPSHOT/starter.stepdefinitions.UpdateImageSteps.iSendUploadImageHTTPRequestWithNoAuthorization(UpdateImageSteps.java:55)
	at ✽.I send upload image HTTP request with no authorization(file:///C:/Dev/CapstoneProjectBaru/SKUYPAY%20API%20AUTOMATION/src/test/resources/features/UpdateImage.feature:24)
Caused by: org.apache.http.client.ClientProtocolException
	at org.apache.http.impl.client.AbstractHttpClient.doExecute(AbstractHttpClient.java:839)
	at org.apache.http.impl.client.CloseableHttpClient.execute(CloseableHttpClient.java:83)
	at io.restassured.internal.RestAssuredHttpBuilder.doRequest(RestAssuredHttpBuilder.java:141)
	at io.restassured.internal.http.HTTPBuilder.doRequest(HTTPBuilder.java:496)
	at io.restassured.internal.http.HTTPBuilder.request(HTTPBuilder.java:453)
	at io.restassured.internal.http.HTTPBuilder$request$3.call(Unknown Source)
	at io.restassured.internal.RequestSpecificationImpl.sendHttpRequest(RequestSpecificationImpl.groovy:1480)
	at io.restassured.internal.RequestSpecificationImpl.this$2$sendHttpRequest(RequestSpecificationImpl.groovy)
	at java.base/jdk.internal.reflect.DirectMethodHandleAccessor.invoke(DirectMethodHandleAccessor.java:104)
	at java.base/java.lang.reflect.Method.invoke(Method.java:578)
	at org.codehaus.groovy.reflection.CachedMethod.invoke(CachedMethod.java:343)
	at groovy.lang.MetaMethod.doMethodInvoke(MetaMethod.java:328)
	at groovy.lang.MetaClassImpl.doInvokeMethod(MetaClassImpl.java:1348)
	at groovy.lang.MetaClassImpl.invokeMethod(MetaClassImpl.java:1103)
	at groovy.lang.MetaClassImpl.invokeMethod(MetaClassImpl.java:1009)
	at groovy.lang.MetaClassImpl.invokeMethod(MetaClassImpl.java:792)
	at io.restassured.internal.RequestSpecificationImpl.invokeMethod(RequestSpecificationImpl.groovy)
	at org.codehaus.groovy.runtime.callsite.PogoInterceptableSite.call(PogoInterceptableSite.java:46)
	at org.codehaus.groovy.runtime.callsite.PogoInterceptableSite.callCurrent(PogoInterceptableSite.java:57)
	at io.restassured.internal.RequestSpecificationImpl.sendRequest(RequestSpecificationImpl.groovy:1229)
	at io.restassured.internal.RequestSpecificationImpl.this$2$sendRequest(RequestSpecificationImpl.groovy)
	at java.base/jdk.internal.reflect.DirectMethodHandleAccessor.invoke(DirectMethodHandleAccessor.java:104)
	at java.base/java.lang.reflect.Method.invoke(Method.java:578)
	at org.codehaus.groovy.reflection.CachedMethod.invoke(CachedMethod.java:343)
	at groovy.lang.MetaMethod.doMethodInvoke(MetaMethod.java:328)
	at groovy.lang.MetaClassImpl.doInvokeMethod(MetaClassImpl.java:1348)
	at groovy.lang.MetaClassImpl.invokeMethod(MetaClassImpl.java:1103)
	at groovy.lang.MetaClassImpl.invokeMethod(MetaClassImpl.java:1009)
	at groovy.lang.MetaClassImpl.invokeMethod(MetaClassImpl.java:792)
	at io.restassured.internal.RequestSpecificationImpl.invokeMethod(RequestSpecificationImpl.groovy)
	at org.codehaus.groovy.runtime.callsite.PogoInterceptableSite.call(PogoInterceptableSite.java:46)
	at org.codehaus.groovy.runtime.callsite.AbstractCallSite.call(AbstractCallSite.java:166)
	at io.restassured.internal.filter.SendRequestFilter.filter(SendRequestFilter.groovy:30)
	at io.restassured.filter.Filter$filter$0.call(Unknown Source)
	at org.codehaus.groovy.runtime.callsite.CallSiteArray.defaultCall(CallSiteArray.java:45)
	at io.restassured.filter.Filter$filter.call(Unknown Source)
	at io.restassured.internal.filter.FilterContextImpl.next(FilterContextImpl.groovy:72)
	at io.restassured.filter.time.TimingFilter.filter(TimingFilter.java:56)
	at io.restassured.filter.Filter$filter.call(Unknown Source)
	at org.codehaus.groovy.runtime.callsite.CallSiteArray.defaultCall(CallSiteArray.java:45)
	at io.restassured.filter.Filter$filter$0.call(Unknown Source)
	at io.restassured.internal.filter.FilterContextImpl.next(FilterContextImpl.groovy:72)
	at io.restassured.filter.FilterContext$next.call(Unknown Source)
	at io.restassured.internal.filter.CsrfFilter.filter(CsrfFilter.groovy:70)
	at io.restassured.filter.Filter$filter$0.call(Unknown Source)
	at org.codehaus.groovy.runtime.callsite.CallSiteArray.defaultCall(CallSiteArray.java:45)
	at io.restassured.filter.Filter$filter.call(Unknown Source)
	at io.restassured.internal.filter.FilterContextImpl.next(FilterContextImpl.groovy:72)
	at io.restassured.filter.log.RequestLoggingFilter.filter(RequestLoggingFilter.java:146)
	at net.serenitybdd.rest.filters.FieldsRecordingFilter.filter(FieldsRecordingFilter.java:40)
	at io.restassured.filter.Filter$filter.call(Unknown Source)
	at io.restassured.internal.filter.FilterContextImpl.next(FilterContextImpl.groovy:72)
	at io.restassured.filter.log.RequestLoggingFilter.filter(RequestLoggingFilter.java:146)
	at net.serenitybdd.rest.filters.FieldsRecordingFilter.filter(FieldsRecordingFilter.java:40)
	at io.restassured.filter.Filter$filter.call(Unknown Source)
	at io.restassured.internal.filter.FilterContextImpl.next(FilterContextImpl.groovy:72)
	at io.restassured.filter.log.RequestLoggingFilter.filter(RequestLoggingFilter.java:146)
	at net.serenitybdd.rest.filters.FieldsRecordingFilter.filter(FieldsRecordingFilter.java:40)
	at io.restassured.filter.Filter$filter.call(Unknown Source)
	at io.restassured.internal.filter.FilterContextImpl.next(FilterContextImpl.groovy:72)
	at io.restassured.filter.log.RequestLoggingFilter.filter(RequestLoggingFilter.java:146)
	at net.serenitybdd.rest.filters.FieldsRecordingFilter.filter(FieldsRecordingFilter.java:40)
	at io.restassured.filter.Filter$filter.call(Unknown Source)
	at io.restassured.internal.filter.FilterContextImpl.next(FilterContextImpl.groovy:72)
	at io.restassured.filter.log.RequestLoggingFilter.filter(RequestLoggingFilter.java:146)
	at net.serenitybdd.rest.filters.FieldsRecordingFilter.filter(FieldsRecordingFilter.java:40)
	at io.restassured.filter.Filter$filter.call(Unknown Source)
	at io.restassured.internal.filter.FilterContextImpl.next(FilterContextImpl.groovy:72)
	at io.restassured.filter.log.RequestLoggingFilter.filter(RequestLoggingFilter.java:146)
	at net.serenitybdd.rest.filters.FieldsRecordingFilter.filter(FieldsRecordingFilter.java:40)
	at io.restassured.filter.Filter$filter.call(Unknown Source)
	at org.codehaus.groovy.runtime.callsite.CallSiteArray.defaultCall(CallSiteArray.java:45)
	at io.restassured.filter.Filter$filter$0.call(Unknown Source)
	at io.restassured.internal.filter.FilterContextImpl.next(FilterContextImpl.groovy:72)
	at io.restassured.filter.FilterContext$next.call(Unknown Source)
	at io.restassured.internal.RequestSpecificationImpl.applyPathParamsAndSendRequest(RequestSpecificationImpl.groovy:1704)
	at io.restassured.internal.RequestSpecificationImpl.this$2$applyPathParamsAndSendRequest(RequestSpecificationImpl.groovy)
	at java.base/jdk.internal.reflect.DirectMethodHandleAccessor.invoke(DirectMethodHandleAccessor.java:104)
	at java.base/java.lang.reflect.Method.invoke(Method.java:578)
	at org.codehaus.groovy.reflection.CachedMethod.invoke(CachedMethod.java:343)
	at groovy.lang.MetaMethod.doMethodInvoke(MetaMethod.java:328)
	at groovy.lang.MetaClassImpl.doInvokeMethod(MetaClassImpl.java:1348)
	at groovy.lang.MetaClassImpl.invokeMethod(MetaClassImpl.java:1103)
	at groovy.lang.MetaClassImpl.invokeMethod(MetaClassImpl.java:1009)
	at groovy.lang.MetaClassImpl.invokeMethod(MetaClassImpl.java:792)
	at io.restassured.internal.RequestSpecificationImpl.invokeMethod(RequestSpecificationImpl.groovy)
	at org.codehaus.groovy.runtime.callsite.PogoInterceptableSite.call(PogoInterceptableSite.java:46)
	at org.codehaus.groovy.runtime.callsite.PogoInterceptableSite.callCurrent(PogoInterceptableSite.java:57)
	at org.codehaus.groovy.runtime.callsite.AbstractCallSite.callCurrent(AbstractCallSite.java:203)
	at io.restassured.internal.RequestSpecificationImpl.applyPathParamsAndSendRequest(RequestSpecificationImpl.groovy:1710)
	at io.restassured.internal.RequestSpecificationImpl.this$2$applyPathParamsAndSendRequest(RequestSpecificationImpl.groovy)
	at java.base/jdk.internal.reflect.DirectMethodHandleAccessor.invoke(DirectMethodHandleAccessor.java:104)
	at java.base/java.lang.reflect.Method.invoke(Method.java:578)
	at org.codehaus.groovy.reflection.CachedMethod.invoke(CachedMethod.java:343)
	at groovy.lang.MetaMethod.doMethodInvoke(MetaMethod.java:328)
	at groovy.lang.MetaClassImpl.doInvokeMethod(MetaClassImpl.java:1348)
	at groovy.lang.MetaClassImpl.invokeMethod(MetaClassImpl.java:1103)
	at groovy.lang.MetaClassImpl.invokeMethod(MetaClassImpl.java:1009)
	at groovy.lang.MetaClassImpl.invokeMethod(MetaClassImpl.java:792)
	at io.restassured.internal.RequestSpecificationImpl.invokeMethod(RequestSpecificationImpl.groovy)
	at org.codehaus.groovy.runtime.callsite.PogoInterceptableSite.call(PogoInterceptableSite.java:46)
	at org.codehaus.groovy.runtime.callsite.PogoInterceptableSite.callCurrent(PogoInterceptableSite.java:57)
	at org.codehaus.groovy.runtime.callsite.AbstractCallSite.callCurrent(AbstractCallSite.java:203)
	at io.restassured.internal.RequestSpecificationImpl.put(RequestSpecificationImpl.groovy:180)
	at net.serenitybdd.rest.decorators.request.RequestSpecificationDecorated.executeCall(RequestSpecificationDecorated.java:315)
	at net.serenitybdd.rest.decorators.request.RequestSpecificationDecorated.execute(RequestSpecificationDecorated.java:268)
	at net.serenitybdd.rest.decorators.request.RequestSpecificationDecorated.put(RequestSpecificationDecorated.java:151)
	at net.serenitybdd.rest.decorators.request.RequestSpecificationDecorated.put(RequestSpecificationDecorated.java:38)
	at apiskuypay@1.0-SNAPSHOT/starter.api.user.UpdateImage.iSendUploadImageHTTPRequestwithNoAuthorization(UpdateImage.java:110)
	at apiskuypay@1.0-SNAPSHOT/starter.api.user.UpdateImage$ByteBuddy$ttPfJFLq.iSendUploadImageHTTPRequestwithNoAuthorization$accessor$v1YG09gc(Unknown Source)
	at java.base/jdk.internal.reflect.DirectMethodHandleAccessor.invoke(DirectMethodHandleAccessor.java:104)
	at java.base/java.lang.reflect.Method.invoke(Method.java:578)
	at net.thucydides.core.steps.StepInterceptor.invokeMethod(StepInterceptor.java:503)
	at net.thucydides.core.steps.StepInterceptor.executeTestStepMethod(StepInterceptor.java:483)
	at net.thucydides.core.steps.StepInterceptor.runTestStep(StepInterceptor.java:457)
	at net.thucydides.core.steps.StepInterceptor.runOrSkipMethod(StepInterceptor.java:209)
	at net.thucydides.core.steps.StepInterceptor.testStepResult(StepInterceptor.java:196)
	at net.thucydides.core.steps.StepInterceptor.intercept(StepInterceptor.java:84)
	at net.thucydides.core.steps.ProxyConfiguration$InterceptorDispatcher.intercept(ProxyConfiguration.java:51)
	at apiskuypay@1.0-SNAPSHOT/starter.api.user.UpdateImage$ByteBuddy$ttPfJFLq.iSendUploadImageHTTPRequestwithNoAuthorization(Unknown Source)
	at apiskuypay@1.0-SNAPSHOT/starter.stepdefinitions.UpdateImageSteps.iSendUploadImageHTTPRequestWithNoAuthorization(UpdateImageSteps.java:55)
	at java.base/jdk.internal.reflect.DirectMethodHandleAccessor.invoke(DirectMethodHandleAccessor.java:104)
	at java.base/java.lang.reflect.Method.invoke(Method.java:578)
	at io.cucumber.java.Invoker.doInvoke(Invoker.java:66)
	at io.cucumber.java.Invoker.invoke(Invoker.java:24)
	at io.cucumber.java.AbstractGlueDefinition.invokeMethod(AbstractGlueDefinition.java:47)
	at io.cucumber.java.JavaStepDefinition.execute(JavaStepDefinition.java:29)
	at io.cucumber.core.runner.CoreStepDefinition.execute(CoreStepDefinition.java:66)
	at io.cucumber.core.runner.PickleStepDefinitionMatch.runStep(PickleStepDefinitionMatch.java:63)
	at io.cucumber.core.runner.ExecutionMode$1.execute(ExecutionMode.java:10)
	at io.cucumber.core.runner.TestStep.executeStep(TestStep.java:85)
	at io.cucumber.core.runner.TestStep.run(TestStep.java:57)
	at io.cucumber.core.runner.PickleStepTestStep.run(PickleStepTestStep.java:51)
	at io.cucumber.core.runner.TestCase.run(TestCase.java:84)
	at io.cucumber.core.runner.Runner.runPickle(Runner.java:75)
	at io.cucumber.junit.PickleRunners$NoStepDescriptions.lambda$run$0(PickleRunners.java:151)
	at io.cucumber.core.runtime.CucumberExecutionContext.lambda$runTestCase$5(CucumberExecutionContext.java:129)
	at io.cucumber.core.runtime.RethrowingThrowableCollector.executeAndThrow(RethrowingThrowableCollector.java:23)
	at io.cucumber.core.runtime.CucumberExecutionContext.runTestCase(CucumberExecutionContext.java:129)
	at io.cucumber.junit.PickleRunners$NoStepDescriptions.run(PickleRunners.java:148)
	at io.cucumber.junit.FeatureRunner.runChild(FeatureRunner.java:144)
	at io.cucumber.junit.FeatureRunner.runChild(FeatureRunner.java:28)
	at org.junit.runners.ParentRunner$4.run(ParentRunner.java:331)
	at org.junit.runners.ParentRunner$1.schedule(ParentRunner.java:79)
	at org.junit.runners.ParentRunner.runChildren(ParentRunner.java:329)
	at org.junit.runners.ParentRunner.access$100(ParentRunner.java:66)
	at org.junit.runners.ParentRunner$2.evaluate(ParentRunner.java:293)
	at org.junit.runners.ParentRunner$3.evaluate(ParentRunner.java:306)
	at org.junit.runners.ParentRunner.run(ParentRunner.java:413)
	at io.cucumber.junit.FeatureRunner.run(FeatureRunner.java:137)
	at io.cucumber.junit.CucumberSerenityRunner.runChild(CucumberSerenityRunner.java:259)
	at io.cucumber.junit.CucumberSerenityRunner.runChild(CucumberSerenityRunner.java:59)
	at org.junit.runners.ParentRunner$4.run(ParentRunner.java:331)
	at org.junit.runners.ParentRunner$1.schedule(ParentRunner.java:79)
	at org.junit.runners.ParentRunner.runChildren(ParentRunner.java:329)
	at org.junit.runners.ParentRunner.access$100(ParentRunner.java:66)
	at org.junit.runners.ParentRunner$2.evaluate(ParentRunner.java:293)
	at io.cucumber.junit.CucumberSerenityRunner$RunCucumber.evaluate(CucumberSerenityRunner.java:288)
	at org.junit.runners.ParentRunner$3.evaluate(ParentRunner.java:306)
	at org.junit.runners.ParentRunner.run(ParentRunner.java:413)
	at org.junit.runner.JUnitCore.run(JUnitCore.java:137)
	at org.junit.runner.JUnitCore.run(JUnitCore.java:115)
	at org.junit.vintage.engine.execution.RunnerExecutor.execute(RunnerExecutor.java:42)
	at org.junit.vintage.engine.VintageTestEngine.executeAllChildren(VintageTestEngine.java:80)
	at org.junit.vintage.engine.VintageTestEngine.execute(VintageTestEngine.java:72)
	at org.junit.platform.launcher.core.EngineExecutionOrchestrator.execute(EngineExecutionOrchestrator.java:107)
	at org.junit.platform.launcher.core.EngineExecutionOrchestrator.execute(EngineExecutionOrchestrator.java:88)
	at org.junit.platform.launcher.core.EngineExecutionOrchestrator.lambda$execute$0(EngineExecutionOrchestrator.java:54)
	at org.junit.platform.launcher.core.EngineExecutionOrchestrator.withInterceptedStreams(EngineExecutionOrchestrator.java:67)
	at org.junit.platform.launcher.core.EngineExecutionOrchestrator.execute(EngineExecutionOrchestrator.java:52)
	at org.junit.platform.launcher.core.DefaultLauncher.execute(DefaultLauncher.java:114)
	at org.junit.platform.launcher.core.DefaultLauncher.execute(DefaultLauncher.java:86)
	at org.junit.platform.launcher.core.DefaultLauncherSession$DelegatingLauncher.execute(DefaultLauncherSession.java:86)
	at org.junit.platform.launcher.core.SessionPerRequestLauncher.execute(SessionPerRequestLauncher.java:53)
	at org.apache.maven.surefire.junitplatform.JUnitPlatformProvider.execute(JUnitPlatformProvider.java:188)
	at org.apache.maven.surefire.junitplatform.JUnitPlatformProvider.invokeAllTests(JUnitPlatformProvider.java:154)
	at org.apache.maven.surefire.junitplatform.JUnitPlatformProvider.invoke(JUnitPlatformProvider.java:128)
	at org.apache.maven.surefire.booter.ForkedBooter.runSuitesInProcess(ForkedBooter.java:428)
	at org.apache.maven.surefire.booter.ForkedBooter.execute(ForkedBooter.java:162)
	at org.apache.maven.surefire.booter.ForkedBooter.run(ForkedBooter.java:562)
	at org.apache.maven.surefire.booter.ForkedBooter.main(ForkedBooter.java:548)
Caused by: org.apache.http.client.NonRepeatableRequestException: Cannot retry request with a non-repeatable request entity.  The cause lists the reason the original request failed.
	at org.apache.http.impl.client.DefaultRequestDirector.tryExecute(DefaultRequestDirector.java:653)
	at org.apache.http.impl.client.DefaultRequestDirector.execute(DefaultRequestDirector.java:481)
	at org.apache.http.impl.client.AbstractHttpClient.doExecute(AbstractHttpClient.java:835)
	... 180 more
Caused by: java.net.SocketException: Connection reset by peer
	at java.base/sun.nio.ch.NioSocketImpl.implWrite(NioSocketImpl.java:413)
	at java.base/sun.nio.ch.NioSocketImpl.write(NioSocketImpl.java:433)
	at java.base/sun.nio.ch.NioSocketImpl$2.write(NioSocketImpl.java:812)
	at java.base/java.net.Socket$SocketOutputStream.write(Socket.java:1120)
	at org.apache.http.impl.io.AbstractSessionOutputBuffer.write(AbstractSessionOutputBuffer.java:184)
	at org.apache.http.impl.conn.LoggingSessionOutputBuffer.write(LoggingSessionOutputBuffer.java:75)
	at org.apache.http.impl.io.ContentLengthOutputStream.write(ContentLengthOutputStream.java:113)
	at org.apache.http.entity.InputStreamEntity.writeTo(InputStreamEntity.java:144)
	at org.apache.http.entity.HttpEntityWrapper.writeTo(HttpEntityWrapper.java:96)
	at org.apache.http.impl.client.EntityEnclosingRequestWrapper$EntityWrapper.writeTo(EntityEnclosingRequestWrapper.java:110)
	at org.apache.http.impl.entity.EntitySerializer.serialize(EntitySerializer.java:118)
	at org.apache.http.impl.AbstractHttpClientConnection.sendRequestEntity(AbstractHttpClientConnection.java:274)
	at org.apache.http.impl.conn.ManagedClientConnectionImpl.sendRequestEntity(ManagedClientConnectionImpl.java:214)
	at org.apache.http.protocol.HttpRequestExecutor.doSendRequest(HttpRequestExecutor.java:238)
	at org.apache.http.protocol.HttpRequestExecutor.execute(HttpRequestExecutor.java:123)
	at org.apache.http.impl.client.DefaultRequestDirector.tryExecute(DefaultRequestDirector.java:679)
	... 182 more
&amp#27;[0m
  &amp#27;[36mAnd &amp#27;[0m&amp#27;[36mI received valid HTTP response code &amp#27;[0m&amp#27;[36m&amp#27;[1m400&amp#27;[0m&amp#27;[36m bad request&amp#27;[0m                       &amp#27;[90m# starter.stepdefinitions.UpdateImageSteps.iReceivedValidHTTPResponseCodeForUpdateImageBecauseFormatInvalid(int)&amp#27;[0m
  &amp#27;[36mAnd &amp#27;[0m&amp#27;[36mI received eror message : missing or malformed jwt&amp#27;[0m                        &amp#27;[90m# starter.stepdefinitions.UpdateImageSteps.iReceivedErorMessageMissingOrMalformedJwt()&amp#27;[0m
07:56:31.328 [Finalizer] DEBUG org.apache.http.impl.conn.DefaultClientConnection - Connection 0.0.0.0:53737<->34.101.78.228:2424 closed
07:56:31.331 [main] ERROR  - 
  _____   ___   ___   _____     ___   ___   ___    ___    ___ 
 |_   _| | __| / __| |_   _|   | __| | _ \ | _ \  / _ \  | _ \
   | |   | _|  \__ \   | |     | _|  |   / |   / | (_) | |   /
   |_|   |___| |___/   |_|     |___| |_|_\ |_|_\  \___/  |_|_\

User belum berhasil mengubah gambar profil karena tidak authorization
---------------------------------------------------------------
07:56:31.331 [main] DEBUG  - RELATED ISSUES: 
07:56:31.332 [main] ERROR  -     Test failed at step: PUT
07:56:31.332 [main] ERROR  -     Some exception during recording fields
]]></system-out>
  </testcase>
</testsuite>