<?xml version="1.0" encoding="UTF-8"?>
<testsuite xmlns:xsi="http://www.w3.org/2001/XMLSchema-instance" xsi:noNamespaceSchemaLocation="https://maven.apache.org/surefire/maven-failsafe-plugin/xsd/failsafe-test-report-3.0.xsd" version="3.0" name="starter.CucumberTestSuite" time="34.263" tests="20" errors="0" skipped="0" failures="4">
  <properties>
    <property name="java.specification.version" value="19"/>
    <property name="sun.cpu.isalist" value="amd64"/>
    <property name="sun.jnu.encoding" value="Cp1252"/>
    <property name="java.class.path" value="C:\Dev\CapstoneProjectBaru\SKUYPAY API AUTOMATION\target\test-classes;C:\Users\HP\.m2\repository\net\serenity-bdd\serenity-core\3.5.1\serenity-core-3.5.1.jar;C:\Users\HP\.m2\repository\net\serenity-bdd\serenity-model\3.5.1\serenity-model-3.5.1.jar;C:\Users\HP\.m2\repository\org\apache\commons\commons-text\1.10.0\commons-text-1.10.0.jar;C:\Users\HP\.m2\repository\commons-net\commons-net\3.8.0\commons-net-3.8.0.jar;C:\Users\HP\.m2\repository\com\google\guava\guava\31.1-jre\guava-31.1-jre.jar;C:\Users\HP\.m2\repository\com\google\guava\failureaccess\1.0.1\failureaccess-1.0.1.jar;C:\Users\HP\.m2\repository\com\google\guava\listenablefuture\9999.0-empty-to-avoid-conflict-with-guava\listenablefuture-9999.0-empty-to-avoid-conflict-with-guava.jar;C:\Users\HP\.m2\repository\com\google\code\findbugs\jsr305\3.0.2\jsr305-3.0.2.jar;C:\Users\HP\.m2\repository\org\checkerframework\checker-qual\3.12.0\checker-qual-3.12.0.jar;C:\Users\HP\.m2\repository\com\google\errorprone\error_prone_annotations\2.11.0\error_prone_annotations-2.11.0.jar;C:\Users\HP\.m2\repository\com\google\j2objc\j2objc-annotations\1.3\j2objc-annotations-1.3.jar;C:\Users\HP\.m2\repository\com\google\inject\guice\5.1.0\guice-5.1.0.jar;C:\Users\HP\.m2\repository\javax\inject\javax.inject\1\javax.inject-1.jar;C:\Users\HP\.m2\repository\aopalliance\aopalliance\1.0\aopalliance-1.0.jar;C:\Users\HP\.m2\repository\org\jsoup\jsoup\1.14.3\jsoup-1.14.3.jar;C:\Users\HP\.m2\repository\com\thoughtworks\xstream\xstream\1.4.19\xstream-1.4.19.jar;C:\Users\HP\.m2\repository\io\github\x-stream\mxparser\1.2.2\mxparser-1.2.2.jar;C:\Users\HP\.m2\repository\xmlpull\xmlpull\1.1.3.1\xmlpull-1.1.3.1.jar;C:\Users\HP\.m2\repository\com\typesafe\config\1.4.2\config-1.4.2.jar;C:\Users\HP\.m2\repository\org\imgscalr\imgscalr-lib\4.2\imgscalr-lib-4.2.jar;C:\Users\HP\.m2\repository\org\awaitility\awaitility\4.2.0\awaitility-4.2.0.jar;C:\Users\HP\.m2\repository\org\freemarker\freemarker\2.3.31\freemarker-2.3.31.jar;C:\Users\HP\.m2\repository\io\github\classgraph\classgraph\4.8.138\classgraph-4.8.138.jar;C:\Users\HP\.m2\repository\net\sourceforge\jexcelapi\jxl\2.6.12\jxl-2.6.12.jar;C:\Users\HP\.m2\repository\net\bytebuddy\byte-buddy-agent\1.12.18\byte-buddy-agent-1.12.18.jar;C:\Users\HP\.m2\repository\org\objenesis\objenesis\3.1\objenesis-3.1.jar;C:\Users\HP\.m2\repository\net\serenity-bdd\serenity-reports\3.5.1\serenity-reports-3.5.1.jar;C:\Users\HP\.m2\repository\net\serenity-bdd\serenity-stats\3.5.1\serenity-stats-3.5.1.jar;C:\Users\HP\.m2\repository\net\serenity-bdd\serenity-reports-configuration\3.5.1\serenity-reports-configuration-3.5.1.jar;C:\Users\HP\.m2\repository\com\vladsch\flexmark\flexmark-all\0.34.30\flexmark-all-0.34.30.jar;C:\Users\HP\.m2\repository\com\vladsch\flexmark\flexmark\0.34.30\flexmark-0.34.30.jar;C:\Users\HP\.m2\repository\com\vladsch\flexmark\flexmark-ext-abbreviation\0.34.30\flexmark-ext-abbreviation-0.34.30.jar;C:\Users\HP\.m2\repository\com\vladsch\flexmark\flexmark-ext-admonition\0.34.30\flexmark-ext-admonition-0.34.30.jar;C:\Users\HP\.m2\repository\com\vladsch\flexmark\flexmark-ext-anchorlink\0.34.30\flexmark-ext-anchorlink-0.34.30.jar;C:\Users\HP\.m2\repository\com\vladsch\flexmark\flexmark-ext-aside\0.34.30\flexmark-ext-aside-0.34.30.jar;C:\Users\HP\.m2\repository\com\vladsch\flexmark\flexmark-ext-attributes\0.34.30\flexmark-ext-attributes-0.34.30.jar;C:\Users\HP\.m2\repository\com\vladsch\flexmark\flexmark-ext-autolink\0.34.30\flexmark-ext-autolink-0.34.30.jar;C:\Users\HP\.m2\repository\org\nibor\autolink\autolink\0.6.0\autolink-0.6.0.jar;C:\Users\HP\.m2\repository\com\vladsch\flexmark\flexmark-ext-definition\0.34.30\flexmark-ext-definition-0.34.30.jar;C:\Users\HP\.m2\repository\com\vladsch\flexmark\flexmark-ext-emoji\0.34.30\flexmark-ext-emoji-0.34.30.jar;C:\Users\HP\.m2\repository\com\vladsch\flexmark\flexmark-ext-enumerated-reference\0.34.30\flexmark-ext-enumerated-reference-0.34.30.jar;C:\Users\HP\.m2\repository\com\vladsch\flexmark\flexmark-ext-escaped-character\0.34.30\flexmark-ext-escaped-character-0.34.30.jar;C:\Users\HP\.m2\repository\com\vladsch\flexmark\flexmark-ext-footnotes\0.34.30\flexmark-ext-footnotes-0.34.30.jar;C:\Users\HP\.m2\repository\com\vladsch\flexmark\flexmark-ext-gfm-issues\0.34.30\flexmark-ext-gfm-issues-0.34.30.jar;C:\Users\HP\.m2\repository\com\vladsch\flexmark\flexmark-ext-gfm-strikethrough\0.34.30\flexmark-ext-gfm-strikethrough-0.34.30.jar;C:\Users\HP\.m2\repository\com\vladsch\flexmark\flexmark-ext-gfm-tables\0.34.30\flexmark-ext-gfm-tables-0.34.30.jar;C:\Users\HP\.m2\repository\com\vladsch\flexmark\flexmark-ext-gfm-tasklist\0.34.30\flexmark-ext-gfm-tasklist-0.34.30.jar;C:\Users\HP\.m2\repository\com\vladsch\flexmark\flexmark-ext-gfm-users\0.34.30\flexmark-ext-gfm-users-0.34.30.jar;C:\Users\HP\.m2\repository\com\vladsch\flexmark\flexmark-ext-gitlab\0.34.30\flexmark-ext-gitlab-0.34.30.jar;C:\Users\HP\.m2\repository\com\vladsch\flexmark\flexmark-ext-jekyll-front-matter\0.34.30\flexmark-ext-jekyll-front-matter-0.34.30.jar;C:\Users\HP\.m2\repository\com\vladsch\flexmark\flexmark-ext-jekyll-tag\0.34.30\flexmark-ext-jekyll-tag-0.34.30.jar;C:\Users\HP\.m2\repository\com\vladsch\flexmark\flexmark-ext-media-tags\0.34.30\flexmark-ext-media-tags-0.34.30.jar;C:\Users\HP\.m2\repository\com\vladsch\flexmark\flexmark-test-util\0.34.30\flexmark-test-util-0.34.30.jar;C:\Users\HP\.m2\repository\com\vladsch\flexmark\flexmark-ext-ins\0.34.30\flexmark-ext-ins-0.34.30.jar;C:\Users\HP\.m2\repository\com\vladsch\flexmark\flexmark-ext-xwiki-macros\0.34.30\flexmark-ext-xwiki-macros-0.34.30.jar;C:\Users\HP\.m2\repository\com\vladsch\flexmark\flexmark-ext-superscript\0.34.30\flexmark-ext-superscript-0.34.30.jar;C:\Users\HP\.m2\repository\com\vladsch\flexmark\flexmark-ext-tables\0.34.30\flexmark-ext-tables-0.34.30.jar;C:\Users\HP\.m2\repository\com\vladsch\flexmark\flexmark-ext-toc\0.34.30\flexmark-ext-toc-0.34.30.jar;C:\Users\HP\.m2\repository\com\vladsch\flexmark\flexmark-ext-typographic\0.34.30\flexmark-ext-typographic-0.34.30.jar;C:\Users\HP\.m2\repository\com\vladsch\flexmark\flexmark-ext-wikilink\0.34.30\flexmark-ext-wikilink-0.34.30.jar;C:\Users\HP\.m2\repository\com\vladsch\flexmark\flexmark-ext-yaml-front-matter\0.34.30\flexmark-ext-yaml-front-matter-0.34.30.jar;C:\Users\HP\.m2\repository\com\vladsch\flexmark\flexmark-ext-youtube-embedded\0.34.30\flexmark-ext-youtube-embedded-0.34.30.jar;C:\Users\HP\.m2\repository\com\vladsch\flexmark\flexmark-formatter\0.34.30\flexmark-formatter-0.34.30.jar;C:\Users\HP\.m2\repository\com\vladsch\flexmark\flexmark-html-parser\0.34.30\flexmark-html-parser-0.34.30.jar;C:\Users\HP\.m2\repository\com\vladsch\flexmark\flexmark-jira-converter\0.34.30\flexmark-jira-converter-0.34.30.jar;C:\Users\HP\.m2\repository\com\vladsch\flexmark\flexmark-pdf-converter\0.34.30\flexmark-pdf-converter-0.34.30.jar;C:\Users\HP\.m2\repository\com\openhtmltopdf\openhtmltopdf-core\0.0.1-RC13\openhtmltopdf-core-0.0.1-RC13.jar;C:\Users\HP\.m2\repository\com\openhtmltopdf\openhtmltopdf-pdfbox\0.0.1-RC13\openhtmltopdf-pdfbox-0.0.1-RC13.jar;C:\Users\HP\.m2\repository\org\apache\pdfbox\pdfbox\2.0.8\pdfbox-2.0.8.jar;C:\Users\HP\.m2\repository\org\apache\pdfbox\fontbox\2.0.8\fontbox-2.0.8.jar;C:\Users\HP\.m2\repository\org\apache\pdfbox\xmpbox\2.0.8\xmpbox-2.0.8.jar;C:\Users\HP\.m2\repository\de\rototor\pdfbox\graphics2d\0.12\graphics2d-0.12.jar;C:\Users\HP\.m2\repository\com\openhtmltopdf\openhtmltopdf-rtl-support\0.0.1-RC13\openhtmltopdf-rtl-support-0.0.1-RC13.jar;C:\Users\HP\.m2\repository\com\ibm\icu\icu4j\59.1\icu4j-59.1.jar;C:\Users\HP\.m2\repository\com\openhtmltopdf\openhtmltopdf-jsoup-dom-converter\0.0.1-RC13\openhtmltopdf-jsoup-dom-converter-0.0.1-RC13.jar;C:\Users\HP\.m2\repository\com\vladsch\flexmark\flexmark-profile-pegdown\0.34.30\flexmark-profile-pegdown-0.34.30.jar;C:\Users\HP\.m2\repository\com\vladsch\flexmark\flexmark-util\0.34.30\flexmark-util-0.34.30.jar;C:\Users\HP\.m2\repository\com\vladsch\flexmark\flexmark-youtrack-converter\0.34.30\flexmark-youtrack-converter-0.34.30.jar;C:\Users\HP\.m2\repository\es\nitaur\markdown\txtmark\0.16\txtmark-0.16.jar;C:\Users\HP\.m2\repository\net\serenity-bdd\serenity-report-resources\3.5.1\serenity-report-resources-3.5.1.jar;C:\Users\HP\.m2\repository\com\google\code\gson\gson\2.9.0\gson-2.9.0.jar;C:\Users\HP\.m2\repository\com\fasterxml\jackson\core\jackson-core\2.13.4\jackson-core-2.13.4.jar;C:\Users\HP\.m2\repository\com\fasterxml\jackson\core\jackson-databind\2.13.4\jackson-databind-2.13.4.jar;C:\Users\HP\.m2\repository\com\fasterxml\jackson\core\jackson-annotations\2.13.4\jackson-annotations-2.13.4.jar;C:\Users\HP\.m2\repository\commons-codec\commons-codec\1.15\commons-codec-1.15.jar;C:\Users\HP\.m2\repository\commons-io\commons-io\2.11.0\commons-io-2.11.0.jar;C:\Users\HP\.m2\repository\org\apache\httpcomponents\httpclient\4.5.13\httpclient-4.5.13.jar;C:\Users\HP\.m2\repository\org\apache\httpcomponents\httpcore\4.4.13\httpcore-4.4.13.jar;C:\Users\HP\.m2\repository\commons-logging\commons-logging\1.2\commons-logging-1.2.jar;C:\Users\HP\.m2\repository\org\seleniumhq\selenium\selenium-java\4.7.1\selenium-java-4.7.1.jar;C:\Users\HP\.m2\repository\org\seleniumhq\selenium\selenium-devtools-v106\4.7.1\selenium-devtools-v106-4.7.1.jar;C:\Users\HP\.m2\repository\org\seleniumhq\selenium\selenium-devtools-v107\4.7.1\selenium-devtools-v107-4.7.1.jar;C:\Users\HP\.m2\repository\org\seleniumhq\selenium\selenium-devtools-v108\4.7.1\selenium-devtools-v108-4.7.1.jar;C:\Users\HP\.m2\repository\org\seleniumhq\selenium\selenium-devtools-v85\4.7.1\selenium-devtools-v85-4.7.1.jar;C:\Users\HP\.m2\repository\org\seleniumhq\selenium\selenium-remote-driver\4.7.1\selenium-remote-driver-4.7.1.jar;C:\Users\HP\.m2\repository\io\netty\netty-buffer\4.1.84.Final\netty-buffer-4.1.84.Final.jar;C:\Users\HP\.m2\repository\io\netty\netty-codec-http\4.1.84.Final\netty-codec-http-4.1.84.Final.jar;C:\Users\HP\.m2\repository\io\netty\netty-codec\4.1.84.Final\netty-codec-4.1.84.Final.jar;C:\Users\HP\.m2\repository\io\netty\netty-handler\4.1.84.Final\netty-handler-4.1.84.Final.jar;C:\Users\HP\.m2\repository\io\netty\netty-common\4.1.84.Final\netty-common-4.1.84.Final.jar;C:\Users\HP\.m2\repository\io\netty\netty-transport-classes-epoll\4.1.84.Final\netty-transport-classes-epoll-4.1.84.Final.jar;C:\Users\HP\.m2\repository\io\netty\netty-transport-classes-kqueue\4.1.84.Final\netty-transport-classes-kqueue-4.1.84.Final.jar;C:\Users\HP\.m2\repository\io\netty\netty-transport-native-epoll\4.1.84.Final\netty-transport-native-epoll-4.1.84.Final.jar;C:\Users\HP\.m2\repository\io\netty\netty-transport-native-kqueue\4.1.84.Final\netty-transport-native-kqueue-4.1.84.Final.jar;C:\Users\HP\.m2\repository\io\netty\netty-transport-native-unix-common\4.1.84.Final\netty-transport-native-unix-common-4.1.84.Final.jar;C:\Users\HP\.m2\repository\io\netty\netty-transport\4.1.84.Final\netty-transport-4.1.84.Final.jar;C:\Users\HP\.m2\repository\io\netty\netty-resolver\4.1.84.Final\netty-resolver-4.1.84.Final.jar;C:\Users\HP\.m2\repository\io\opentelemetry\opentelemetry-api\1.19.0\opentelemetry-api-1.19.0.jar;C:\Users\HP\.m2\repository\io\opentelemetry\opentelemetry-context\1.19.0\opentelemetry-context-1.19.0.jar;C:\Users\HP\.m2\repository\io\opentelemetry\opentelemetry-exporter-logging\1.19.0\opentelemetry-exporter-logging-1.19.0.jar;C:\Users\HP\.m2\repository\io\opentelemetry\opentelemetry-sdk-metrics\1.19.0\opentelemetry-sdk-metrics-1.19.0.jar;C:\Users\HP\.m2\repository\io\opentelemetry\opentelemetry-sdk-logs\1.19.0-alpha\opentelemetry-sdk-logs-1.19.0-alpha.jar;C:\Users\HP\.m2\repository\io\opentelemetry\opentelemetry-api-logs\1.19.0-alpha\opentelemetry-api-logs-1.19.0-alpha.jar;C:\Users\HP\.m2\repository\io\opentelemetry\opentelemetry-sdk-common\1.19.0\opentelemetry-sdk-common-1.19.0.jar;C:\Users\HP\.m2\repository\io\opentelemetry\opentelemetry-sdk-extension-autoconfigure-spi\1.19.0\opentelemetry-sdk-extension-autoconfigure-spi-1.19.0.jar;C:\Users\HP\.m2\repository\io\opentelemetry\opentelemetry-sdk-extension-autoconfigure\1.19.0-alpha\opentelemetry-sdk-extension-autoconfigure-1.19.0-alpha.jar;C:\Users\HP\.m2\repository\io\opentelemetry\opentelemetry-exporter-common\1.19.0\opentelemetry-exporter-common-1.19.0.jar;C:\Users\HP\.m2\repository\io\opentelemetry\opentelemetry-sdk-trace\1.19.0\opentelemetry-sdk-trace-1.19.0.jar;C:\Users\HP\.m2\repository\io\opentelemetry\opentelemetry-sdk\1.19.0\opentelemetry-sdk-1.19.0.jar;C:\Users\HP\.m2\repository\io\opentelemetry\opentelemetry-semconv\1.19.0-alpha\opentelemetry-semconv-1.19.0-alpha.jar;C:\Users\HP\.m2\repository\io\ous\jtoml\2.0.0\jtoml-2.0.0.jar;C:\Users\HP\.m2\repository\org\apache\commons\commons-exec\1.3\commons-exec-1.3.jar;C:\Users\HP\.m2\repository\org\asynchttpclient\async-http-client\2.12.3\async-http-client-2.12.3.jar;C:\Users\HP\.m2\repository\org\asynchttpclient\async-http-client-netty-utils\2.12.3\async-http-client-netty-utils-2.12.3.jar;C:\Users\HP\.m2\repository\io\netty\netty-codec-socks\4.1.60.Final\netty-codec-socks-4.1.60.Final.jar;C:\Users\HP\.m2\repository\io\netty\netty-handler-proxy\4.1.60.Final\netty-handler-proxy-4.1.60.Final.jar;C:\Users\HP\.m2\repository\io\netty\netty-transport-native-epoll\4.1.60.Final\netty-transport-native-epoll-4.1.60.Final-linux-x86_64.jar;C:\Users\HP\.m2\repository\io\netty\netty-transport-native-kqueue\4.1.60.Final\netty-transport-native-kqueue-4.1.60.Final-osx-x86_64.jar;C:\Users\HP\.m2\repository\org\reactivestreams\reactive-streams\1.0.3\reactive-streams-1.0.3.jar;C:\Users\HP\.m2\repository\com\typesafe\netty\netty-reactive-streams\2.0.4\netty-reactive-streams-2.0.4.jar;C:\Users\HP\.m2\repository\org\seleniumhq\selenium\selenium-manager\4.7.1\selenium-manager-4.7.1.jar;C:\Users\HP\.m2\repository\org\seleniumhq\selenium\selenium-safari-driver\4.7.1\selenium-safari-driver-4.7.1.jar;C:\Users\HP\.m2\repository\org\seleniumhq\selenium\selenium-api\4.7.1\selenium-api-4.7.1.jar;C:\Users\HP\.m2\repository\org\seleniumhq\selenium\selenium-support\4.7.1\selenium-support-4.7.1.jar;C:\Users\HP\.m2\repository\com\google\auto\service\auto-service-annotations\1.0.1\auto-service-annotations-1.0.1.jar;C:\Users\HP\.m2\repository\com\google\auto\service\auto-service\1.0.1\auto-service-1.0.1.jar;C:\Users\HP\.m2\repository\com\google\auto\auto-common\1.2\auto-common-1.2.jar;C:\Users\HP\.m2\repository\org\seleniumhq\selenium\selenium-json\4.7.1\selenium-json-4.7.1.jar;C:\Users\HP\.m2\repository\org\seleniumhq\selenium\selenium-chrome-driver\4.7.1\selenium-chrome-driver-4.7.1.jar;C:\Users\HP\.m2\repository\org\seleniumhq\selenium\selenium-chromium-driver\4.7.1\selenium-chromium-driver-4.7.1.jar;C:\Users\HP\.m2\repository\org\seleniumhq\selenium\selenium-firefox-driver\4.7.1\selenium-firefox-driver-4.7.1.jar;C:\Users\HP\.m2\repository\org\seleniumhq\selenium\selenium-http\4.7.1\selenium-http-4.7.1.jar;C:\Users\HP\.m2\repository\dev\failsafe\failsafe\3.3.0\failsafe-3.3.0.jar;C:\Users\HP\.m2\repository\org\seleniumhq\selenium\selenium-edge-driver\4.7.1\selenium-edge-driver-4.7.1.jar;C:\Users\HP\.m2\repository\org\seleniumhq\selenium\selenium-ie-driver\4.7.1\selenium-ie-driver-4.7.1.jar;C:\Users\HP\.m2\repository\org\projectlombok\lombok\1.18.20\lombok-1.18.20.jar;C:\Users\HP\.m2\repository\io\appium\java-client\8.3.0\java-client-8.3.0.jar;C:\Users\HP\.m2\repository\commons-validator\commons-validator\1.7\commons-validator-1.7.jar;C:\Users\HP\.m2\repository\commons-digester\commons-digester\2.1\commons-digester-2.1.jar;C:\Users\HP\.m2\repository\org\apache\groovy\groovy\4.0.6\groovy-4.0.6.jar;C:\Users\HP\.m2\repository\net\sf\opencsv\opencsv\2.0\opencsv-2.0.jar;C:\Users\HP\.m2\repository\commons-beanutils\commons-beanutils\1.9.4\commons-beanutils-1.9.4.jar;C:\Users\HP\.m2\repository\org\apache\commons\commons-lang3\3.12.0\commons-lang3-3.12.0.jar;C:\Users\HP\.m2\repository\commons-collections\commons-collections\3.2.2\commons-collections-3.2.2.jar;C:\Users\HP\.m2\repository\org\fluentlenium\fluentlenium-core\0.10.2\fluentlenium-core-0.10.2.jar;C:\Users\HP\.m2\repository\io\github\bonigarcia\webdrivermanager\5.3.0\webdrivermanager-5.3.0.jar;C:\Users\HP\.m2\repository\com\github\docker-java\docker-java\3.2.13\docker-java-3.2.13.jar;C:\Users\HP\.m2\repository\com\github\docker-java\docker-java-core\3.2.13\docker-java-core-3.2.13.jar;C:\Users\HP\.m2\repository\com\github\docker-java\docker-java-api\3.2.13\docker-java-api-3.2.13.jar;C:\Users\HP\.m2\repository\org\apache\commons\commons-compress\1.21\commons-compress-1.21.jar;C:\Users\HP\.m2\repository\org\bouncycastle\bcpkix-jdk15on\1.64\bcpkix-jdk15on-1.64.jar;C:\Users\HP\.m2\repository\org\bouncycastle\bcprov-jdk15on\1.64\bcprov-jdk15on-1.64.jar;C:\Users\HP\.m2\repository\org\slf4j\jcl-over-slf4j\1.7.30\jcl-over-slf4j-1.7.30.jar;C:\Users\HP\.m2\repository\com\github\docker-java\docker-java-transport-httpclient5\3.2.13\docker-java-transport-httpclient5-3.2.13.jar;C:\Users\HP\.m2\repository\com\github\docker-java\docker-java-transport\3.2.13\docker-java-transport-3.2.13.jar;C:\Users\HP\.m2\repository\net\java\dev\jna\jna\5.8.0\jna-5.8.0.jar;C:\Users\HP\.m2\repository\org\brotli\dec\0.1.2\dec-0.1.2.jar;C:\Users\HP\.m2\repository\org\apache\httpcomponents\client5\httpclient5\5.1.3\httpclient5-5.1.3.jar;C:\Users\HP\.m2\repository\org\apache\httpcomponents\core5\httpcore5\5.1.3\httpcore5-5.1.3.jar;C:\Users\HP\.m2\repository\org\apache\httpcomponents\core5\httpcore5-h2\5.1.3\httpcore5-h2-5.1.3.jar;C:\Users\HP\.m2\repository\com\jhlabs\filters\2.0.235\filters-2.0.235.jar;C:\Users\HP\.m2\repository\com\paulhammant\ngwebdriver\1.1.6\ngwebdriver-1.1.6.jar;C:\Users\HP\.m2\repository\joda-time\joda-time\2.8.2\joda-time-2.8.2.jar;C:\Users\HP\.m2\repository\com\google\jimfs\jimfs\1.2\jimfs-1.2.jar;C:\Users\HP\.m2\repository\org\mockito\mockito-core\3.3.3\mockito-core-3.3.3.jar;C:\Users\HP\.m2\repository\javax\xml\bind\jaxb-api\2.3.1\jaxb-api-2.3.1.jar;C:\Users\HP\.m2\repository\javax\activation\javax.activation-api\1.2.0\javax.activation-api-1.2.0.jar;C:\Users\HP\.m2\repository\com\sun\xml\bind\jaxb-core\2.3.0.1\jaxb-core-2.3.0.1.jar;C:\Users\HP\.m2\repository\com\sun\xml\bind\jaxb-impl\2.3.3\jaxb-impl-2.3.3.jar;C:\Users\HP\.m2\repository\jakarta\xml\bind\jakarta.xml.bind-api\2.3.3\jakarta.xml.bind-api-2.3.3.jar;C:\Users\HP\.m2\repository\com\sun\activation\jakarta.activation\1.2.2\jakarta.activation-1.2.2.jar;C:\Users\HP\.m2\repository\javax\activation\activation\1.1.1\activation-1.1.1.jar;C:\Users\HP\.m2\repository\net\serenity-bdd\serenity-cucumber\3.5.1\serenity-cucumber-3.5.1.jar;C:\Users\HP\.m2\repository\io\cucumber\cucumber-core\7.8.1\cucumber-core-7.8.1.jar;C:\Users\HP\.m2\repository\io\cucumber\cucumber-gherkin\7.8.1\cucumber-gherkin-7.8.1.jar;C:\Users\HP\.m2\repository\io\cucumber\cucumber-gherkin-messages\7.8.1\cucumber-gherkin-messages-7.8.1.jar;C:\Users\HP\.m2\repository\io\cucumber\gherkin\24.0.0\gherkin-24.0.0.jar;C:\Users\HP\.m2\repository\io\cucumber\messages\19.1.4\messages-19.1.4.jar;C:\Users\HP\.m2\repository\io\cucumber\tag-expressions\4.1.0\tag-expressions-4.1.0.jar;C:\Users\HP\.m2\repository\io\cucumber\cucumber-expressions\16.0.0\cucumber-expressions-16.0.0.jar;C:\Users\HP\.m2\repository\io\cucumber\datatable\7.8.1\datatable-7.8.1.jar;C:\Users\HP\.m2\repository\io\cucumber\cucumber-plugin\7.8.1\cucumber-plugin-7.8.1.jar;C:\Users\HP\.m2\repository\io\cucumber\docstring\7.8.1\docstring-7.8.1.jar;C:\Users\HP\.m2\repository\io\cucumber\html-formatter\20.1.0\html-formatter-20.1.0.jar;C:\Users\HP\.m2\repository\io\cucumber\ci-environment\9.1.0\ci-environment-9.1.0.jar;C:\Users\HP\.m2\repository\io\cucumber\cucumber-java\7.8.1\cucumber-java-7.8.1.jar;C:\Users\HP\.m2\repository\io\cucumber\cucumber-junit\7.8.1\cucumber-junit-7.8.1.jar;C:\Users\HP\.m2\repository\org\apache\commons\commons-csv\1.5\commons-csv-1.5.jar;C:\Users\HP\.m2\repository\net\serenity-bdd\serenity-screenplay\3.5.1\serenity-screenplay-3.5.1.jar;C:\Users\HP\.m2\repository\net\serenity-bdd\serenity-screenplay-webdriver\3.5.1\serenity-screenplay-webdriver-3.5.1.jar;C:\Users\HP\.m2\repository\net\serenity-bdd\serenity-ensure\3.5.1\serenity-ensure-3.5.1.jar;C:\Users\HP\.m2\repository\net\serenity-bdd\serenity-junit\3.5.1\serenity-junit-3.5.1.jar;C:\Users\HP\.m2\repository\org\jetbrains\kotlin\kotlin-stdlib\1.7.21\kotlin-stdlib-1.7.21.jar;C:\Users\HP\.m2\repository\org\jetbrains\kotlin\kotlin-stdlib-common\1.7.21\kotlin-stdlib-common-1.7.21.jar;C:\Users\HP\.m2\repository\org\jetbrains\annotations\13.0\annotations-13.0.jar;C:\Users\HP\.m2\repository\org\junit\platform\junit-platform-launcher\1.8.2\junit-platform-launcher-1.8.2.jar;C:\Users\HP\.m2\repository\org\junit\platform\junit-platform-engine\1.8.2\junit-platform-engine-1.8.2.jar;C:\Users\HP\.m2\repository\org\junit\platform\junit-platform-commons\1.8.2\junit-platform-commons-1.8.2.jar;C:\Users\HP\.m2\repository\org\apiguardian\apiguardian-api\1.1.2\apiguardian-api-1.1.2.jar;C:\Users\HP\.m2\repository\org\junit\jupiter\junit-jupiter-engine\5.8.2\junit-jupiter-engine-5.8.2.jar;C:\Users\HP\.m2\repository\org\junit\jupiter\junit-jupiter-api\5.8.2\junit-jupiter-api-5.8.2.jar;C:\Users\HP\.m2\repository\org\junit\vintage\junit-vintage-engine\5.8.2\junit-vintage-engine-5.8.2.jar;C:\Users\HP\.m2\repository\junit\junit\4.13.2\junit-4.13.2.jar;C:\Users\HP\.m2\repository\org\hamcrest\hamcrest-core\1.3\hamcrest-core-1.3.jar;C:\Users\HP\.m2\repository\ch\qos\logback\logback-classic\1.2.10\logback-classic-1.2.10.jar;C:\Users\HP\.m2\repository\ch\qos\logback\logback-core\1.2.10\logback-core-1.2.10.jar;C:\Users\HP\.m2\repository\org\slf4j\slf4j-api\1.7.32\slf4j-api-1.7.32.jar;C:\Users\HP\.m2\repository\org\assertj\assertj-core\3.23.1\assertj-core-3.23.1.jar;C:\Users\HP\.m2\repository\net\bytebuddy\byte-buddy\1.12.10\byte-buddy-1.12.10.jar;C:\Users\HP\.m2\repository\net\serenity-bdd\serenity-rest-assured\3.5.1\serenity-rest-assured-3.5.1.jar;C:\Users\HP\.m2\repository\org\apache\groovy\groovy-json\4.0.6\groovy-json-4.0.6.jar;C:\Users\HP\.m2\repository\org\apache\groovy\groovy-xml\4.0.6\groovy-xml-4.0.6.jar;C:\Users\HP\.m2\repository\org\opentest4j\opentest4j\1.2.0\opentest4j-1.2.0.jar;C:\Users\HP\.m2\repository\io\rest-assured\rest-assured\5.3.0\rest-assured-5.3.0.jar;C:\Users\HP\.m2\repository\org\apache\httpcomponents\httpmime\4.5.13\httpmime-4.5.13.jar;C:\Users\HP\.m2\repository\org\ccil\cowan\tagsoup\tagsoup\1.2.1\tagsoup-1.2.1.jar;C:\Users\HP\.m2\repository\io\rest-assured\json-path\5.3.0\json-path-5.3.0.jar;C:\Users\HP\.m2\repository\io\rest-assured\rest-assured-common\5.3.0\rest-assured-common-5.3.0.jar;C:\Users\HP\.m2\repository\io\rest-assured\xml-path\5.2.0\xml-path-5.2.0.jar;C:\Users\HP\.m2\repository\org\hamcrest\hamcrest\2.2\hamcrest-2.2.jar;C:\Users\HP\.m2\repository\org\json\json\20230227\json-20230227.jar;C:\Users\HP\.m2\repository\com\github\javafaker\javafaker\0.14\javafaker-0.14.jar;C:\Users\HP\.m2\repository\org\yaml\snakeyaml\1.19\snakeyaml-1.19-android.jar;C:\Users\HP\.m2\repository\com\github\mifmif\generex\1.0.2\generex-1.0.2.jar;C:\Users\HP\.m2\repository\dk\brics\automaton\automaton\1.11-8\automaton-1.11-8.jar;C:\Users\HP\.m2\repository\org\testng\testng\7.7.0\testng-7.7.0.jar;C:\Users\HP\.m2\repository\com\beust\jcommander\1.82\jcommander-1.82.jar;C:\Users\HP\.m2\repository\org\webjars\jquery\3.6.1\jquery-3.6.1.jar;C:\Users\HP\.m2\repository\com\github\rjeschke\txtmark\0.13\txtmark-0.13.jar;C:\Users\HP\.m2\repository\org\lucee\txtmark\0.16.0\txtmark-0.16.0.jar;C:\Users\HP\.m2\repository\com\github\com-github-javabdd\com.github.javabdd\4.0.0\com.github.javabdd-4.0.0.jar;C:\Users\HP\.m2\repository\com\github\aniketwadkar78\com.github.aniketwadkar78\1.0.3\com.github.aniketwadkar78-1.0.3.jar;C:\Users\HP\.m2\repository\com\github\jovanikos\com.github.jovanikos\1.1\com.github.jovanikos-1.1.jar;C:\Users\HP\.m2\repository\com\auth0\java-jwt\3.8.3\java-jwt-3.8.3.jar;C:\Users\HP\.m2\repository\org\springframework\spring-context\5.2.1.RELEASE\spring-context-5.2.1.RELEASE.jar;C:\Users\HP\.m2\repository\org\springframework\spring-aop\5.2.1.RELEASE\spring-aop-5.2.1.RELEASE.jar;C:\Users\HP\.m2\repository\org\springframework\spring-beans\5.2.1.RELEASE\spring-beans-5.2.1.RELEASE.jar;C:\Users\HP\.m2\repository\org\springframework\spring-core\5.2.1.RELEASE\spring-core-5.2.1.RELEASE.jar;C:\Users\HP\.m2\repository\org\springframework\spring-jcl\5.2.1.RELEASE\spring-jcl-5.2.1.RELEASE.jar;C:\Users\HP\.m2\repository\org\springframework\spring-expression\5.2.1.RELEASE\spring-expression-5.2.1.RELEASE.jar;"/>
    <property name="java.vm.vendor" value="Oracle Corporation"/>
    <property name="sun.arch.data.model" value="64"/>
    <property name="user.variant" value=""/>
    <property name="java.vendor.url" value="https://java.oracle.com/"/>
    <property name="user.timezone" value="Asia/Jakarta"/>
    <property name="os.name" value="Windows 11"/>
    <property name="java.vm.specification.version" value="19"/>
    <property name="sun.java.launcher" value="SUN_STANDARD"/>
    <property name="user.country" value="ID"/>
    <property name="sun.boot.library.path" value="C:\Program Files\Java\jdk-19\bin"/>
    <property name="sun.java.command" value="org.apache.maven.surefire.booter.ForkedBooter C:\Users\HP\AppData\Local\Temp\surefire10550000324878635641 2023-06-23T05-55-42_449-jvmRun1 surefire9234959203556839169tmp surefire_017991394192605369218tmp"/>
    <property name="jdk.debug" value="release"/>
    <property name="surefire.test.class.path" value="C:\Dev\CapstoneProjectBaru\SKUYPAY API AUTOMATION\target\test-classes;C:\Users\HP\.m2\repository\net\serenity-bdd\serenity-core\3.5.1\serenity-core-3.5.1.jar;C:\Users\HP\.m2\repository\net\serenity-bdd\serenity-model\3.5.1\serenity-model-3.5.1.jar;C:\Users\HP\.m2\repository\org\apache\commons\commons-text\1.10.0\commons-text-1.10.0.jar;C:\Users\HP\.m2\repository\commons-net\commons-net\3.8.0\commons-net-3.8.0.jar;C:\Users\HP\.m2\repository\com\google\guava\guava\31.1-jre\guava-31.1-jre.jar;C:\Users\HP\.m2\repository\com\google\guava\failureaccess\1.0.1\failureaccess-1.0.1.jar;C:\Users\HP\.m2\repository\com\google\guava\listenablefuture\9999.0-empty-to-avoid-conflict-with-guava\listenablefuture-9999.0-empty-to-avoid-conflict-with-guava.jar;C:\Users\HP\.m2\repository\com\google\code\findbugs\jsr305\3.0.2\jsr305-3.0.2.jar;C:\Users\HP\.m2\repository\org\checkerframework\checker-qual\3.12.0\checker-qual-3.12.0.jar;C:\Users\HP\.m2\repository\com\google\errorprone\error_prone_annotations\2.11.0\error_prone_annotations-2.11.0.jar;C:\Users\HP\.m2\repository\com\google\j2objc\j2objc-annotations\1.3\j2objc-annotations-1.3.jar;C:\Users\HP\.m2\repository\com\google\inject\guice\5.1.0\guice-5.1.0.jar;C:\Users\HP\.m2\repository\javax\inject\javax.inject\1\javax.inject-1.jar;C:\Users\HP\.m2\repository\aopalliance\aopalliance\1.0\aopalliance-1.0.jar;C:\Users\HP\.m2\repository\org\jsoup\jsoup\1.14.3\jsoup-1.14.3.jar;C:\Users\HP\.m2\repository\com\thoughtworks\xstream\xstream\1.4.19\xstream-1.4.19.jar;C:\Users\HP\.m2\repository\io\github\x-stream\mxparser\1.2.2\mxparser-1.2.2.jar;C:\Users\HP\.m2\repository\xmlpull\xmlpull\1.1.3.1\xmlpull-1.1.3.1.jar;C:\Users\HP\.m2\repository\com\typesafe\config\1.4.2\config-1.4.2.jar;C:\Users\HP\.m2\repository\org\imgscalr\imgscalr-lib\4.2\imgscalr-lib-4.2.jar;C:\Users\HP\.m2\repository\org\awaitility\awaitility\4.2.0\awaitility-4.2.0.jar;C:\Users\HP\.m2\repository\org\freemarker\freemarker\2.3.31\freemarker-2.3.31.jar;C:\Users\HP\.m2\repository\io\github\classgraph\classgraph\4.8.138\classgraph-4.8.138.jar;C:\Users\HP\.m2\repository\net\sourceforge\jexcelapi\jxl\2.6.12\jxl-2.6.12.jar;C:\Users\HP\.m2\repository\net\bytebuddy\byte-buddy-agent\1.12.18\byte-buddy-agent-1.12.18.jar;C:\Users\HP\.m2\repository\org\objenesis\objenesis\3.1\objenesis-3.1.jar;C:\Users\HP\.m2\repository\net\serenity-bdd\serenity-reports\3.5.1\serenity-reports-3.5.1.jar;C:\Users\HP\.m2\repository\net\serenity-bdd\serenity-stats\3.5.1\serenity-stats-3.5.1.jar;C:\Users\HP\.m2\repository\net\serenity-bdd\serenity-reports-configuration\3.5.1\serenity-reports-configuration-3.5.1.jar;C:\Users\HP\.m2\repository\com\vladsch\flexmark\flexmark-all\0.34.30\flexmark-all-0.34.30.jar;C:\Users\HP\.m2\repository\com\vladsch\flexmark\flexmark\0.34.30\flexmark-0.34.30.jar;C:\Users\HP\.m2\repository\com\vladsch\flexmark\flexmark-ext-abbreviation\0.34.30\flexmark-ext-abbreviation-0.34.30.jar;C:\Users\HP\.m2\repository\com\vladsch\flexmark\flexmark-ext-admonition\0.34.30\flexmark-ext-admonition-0.34.30.jar;C:\Users\HP\.m2\repository\com\vladsch\flexmark\flexmark-ext-anchorlink\0.34.30\flexmark-ext-anchorlink-0.34.30.jar;C:\Users\HP\.m2\repository\com\vladsch\flexmark\flexmark-ext-aside\0.34.30\flexmark-ext-aside-0.34.30.jar;C:\Users\HP\.m2\repository\com\vladsch\flexmark\flexmark-ext-attributes\0.34.30\flexmark-ext-attributes-0.34.30.jar;C:\Users\HP\.m2\repository\com\vladsch\flexmark\flexmark-ext-autolink\0.34.30\flexmark-ext-autolink-0.34.30.jar;C:\Users\HP\.m2\repository\org\nibor\autolink\autolink\0.6.0\autolink-0.6.0.jar;C:\Users\HP\.m2\repository\com\vladsch\flexmark\flexmark-ext-definition\0.34.30\flexmark-ext-definition-0.34.30.jar;C:\Users\HP\.m2\repository\com\vladsch\flexmark\flexmark-ext-emoji\0.34.30\flexmark-ext-emoji-0.34.30.jar;C:\Users\HP\.m2\repository\com\vladsch\flexmark\flexmark-ext-enumerated-reference\0.34.30\flexmark-ext-enumerated-reference-0.34.30.jar;C:\Users\HP\.m2\repository\com\vladsch\flexmark\flexmark-ext-escaped-character\0.34.30\flexmark-ext-escaped-character-0.34.30.jar;C:\Users\HP\.m2\repository\com\vladsch\flexmark\flexmark-ext-footnotes\0.34.30\flexmark-ext-footnotes-0.34.30.jar;C:\Users\HP\.m2\repository\com\vladsch\flexmark\flexmark-ext-gfm-issues\0.34.30\flexmark-ext-gfm-issues-0.34.30.jar;C:\Users\HP\.m2\repository\com\vladsch\flexmark\flexmark-ext-gfm-strikethrough\0.34.30\flexmark-ext-gfm-strikethrough-0.34.30.jar;C:\Users\HP\.m2\repository\com\vladsch\flexmark\flexmark-ext-gfm-tables\0.34.30\flexmark-ext-gfm-tables-0.34.30.jar;C:\Users\HP\.m2\repository\com\vladsch\flexmark\flexmark-ext-gfm-tasklist\0.34.30\flexmark-ext-gfm-tasklist-0.34.30.jar;C:\Users\HP\.m2\repository\com\vladsch\flexmark\flexmark-ext-gfm-users\0.34.30\flexmark-ext-gfm-users-0.34.30.jar;C:\Users\HP\.m2\repository\com\vladsch\flexmark\flexmark-ext-gitlab\0.34.30\flexmark-ext-gitlab-0.34.30.jar;C:\Users\HP\.m2\repository\com\vladsch\flexmark\flexmark-ext-jekyll-front-matter\0.34.30\flexmark-ext-jekyll-front-matter-0.34.30.jar;C:\Users\HP\.m2\repository\com\vladsch\flexmark\flexmark-ext-jekyll-tag\0.34.30\flexmark-ext-jekyll-tag-0.34.30.jar;C:\Users\HP\.m2\repository\com\vladsch\flexmark\flexmark-ext-media-tags\0.34.30\flexmark-ext-media-tags-0.34.30.jar;C:\Users\HP\.m2\repository\com\vladsch\flexmark\flexmark-test-util\0.34.30\flexmark-test-util-0.34.30.jar;C:\Users\HP\.m2\repository\com\vladsch\flexmark\flexmark-ext-ins\0.34.30\flexmark-ext-ins-0.34.30.jar;C:\Users\HP\.m2\repository\com\vladsch\flexmark\flexmark-ext-xwiki-macros\0.34.30\flexmark-ext-xwiki-macros-0.34.30.jar;C:\Users\HP\.m2\repository\com\vladsch\flexmark\flexmark-ext-superscript\0.34.30\flexmark-ext-superscript-0.34.30.jar;C:\Users\HP\.m2\repository\com\vladsch\flexmark\flexmark-ext-tables\0.34.30\flexmark-ext-tables-0.34.30.jar;C:\Users\HP\.m2\repository\com\vladsch\flexmark\flexmark-ext-toc\0.34.30\flexmark-ext-toc-0.34.30.jar;C:\Users\HP\.m2\repository\com\vladsch\flexmark\flexmark-ext-typographic\0.34.30\flexmark-ext-typographic-0.34.30.jar;C:\Users\HP\.m2\repository\com\vladsch\flexmark\flexmark-ext-wikilink\0.34.30\flexmark-ext-wikilink-0.34.30.jar;C:\Users\HP\.m2\repository\com\vladsch\flexmark\flexmark-ext-yaml-front-matter\0.34.30\flexmark-ext-yaml-front-matter-0.34.30.jar;C:\Users\HP\.m2\repository\com\vladsch\flexmark\flexmark-ext-youtube-embedded\0.34.30\flexmark-ext-youtube-embedded-0.34.30.jar;C:\Users\HP\.m2\repository\com\vladsch\flexmark\flexmark-formatter\0.34.30\flexmark-formatter-0.34.30.jar;C:\Users\HP\.m2\repository\com\vladsch\flexmark\flexmark-html-parser\0.34.30\flexmark-html-parser-0.34.30.jar;C:\Users\HP\.m2\repository\com\vladsch\flexmark\flexmark-jira-converter\0.34.30\flexmark-jira-converter-0.34.30.jar;C:\Users\HP\.m2\repository\com\vladsch\flexmark\flexmark-pdf-converter\0.34.30\flexmark-pdf-converter-0.34.30.jar;C:\Users\HP\.m2\repository\com\openhtmltopdf\openhtmltopdf-core\0.0.1-RC13\openhtmltopdf-core-0.0.1-RC13.jar;C:\Users\HP\.m2\repository\com\openhtmltopdf\openhtmltopdf-pdfbox\0.0.1-RC13\openhtmltopdf-pdfbox-0.0.1-RC13.jar;C:\Users\HP\.m2\repository\org\apache\pdfbox\pdfbox\2.0.8\pdfbox-2.0.8.jar;C:\Users\HP\.m2\repository\org\apache\pdfbox\fontbox\2.0.8\fontbox-2.0.8.jar;C:\Users\HP\.m2\repository\org\apache\pdfbox\xmpbox\2.0.8\xmpbox-2.0.8.jar;C:\Users\HP\.m2\repository\de\rototor\pdfbox\graphics2d\0.12\graphics2d-0.12.jar;C:\Users\HP\.m2\repository\com\openhtmltopdf\openhtmltopdf-rtl-support\0.0.1-RC13\openhtmltopdf-rtl-support-0.0.1-RC13.jar;C:\Users\HP\.m2\repository\com\ibm\icu\icu4j\59.1\icu4j-59.1.jar;C:\Users\HP\.m2\repository\com\openhtmltopdf\openhtmltopdf-jsoup-dom-converter\0.0.1-RC13\openhtmltopdf-jsoup-dom-converter-0.0.1-RC13.jar;C:\Users\HP\.m2\repository\com\vladsch\flexmark\flexmark-profile-pegdown\0.34.30\flexmark-profile-pegdown-0.34.30.jar;C:\Users\HP\.m2\repository\com\vladsch\flexmark\flexmark-util\0.34.30\flexmark-util-0.34.30.jar;C:\Users\HP\.m2\repository\com\vladsch\flexmark\flexmark-youtrack-converter\0.34.30\flexmark-youtrack-converter-0.34.30.jar;C:\Users\HP\.m2\repository\es\nitaur\markdown\txtmark\0.16\txtmark-0.16.jar;C:\Users\HP\.m2\repository\net\serenity-bdd\serenity-report-resources\3.5.1\serenity-report-resources-3.5.1.jar;C:\Users\HP\.m2\repository\com\google\code\gson\gson\2.9.0\gson-2.9.0.jar;C:\Users\HP\.m2\repository\com\fasterxml\jackson\core\jackson-core\2.13.4\jackson-core-2.13.4.jar;C:\Users\HP\.m2\repository\com\fasterxml\jackson\core\jackson-databind\2.13.4\jackson-databind-2.13.4.jar;C:\Users\HP\.m2\repository\com\fasterxml\jackson\core\jackson-annotations\2.13.4\jackson-annotations-2.13.4.jar;C:\Users\HP\.m2\repository\commons-codec\commons-codec\1.15\commons-codec-1.15.jar;C:\Users\HP\.m2\repository\commons-io\commons-io\2.11.0\commons-io-2.11.0.jar;C:\Users\HP\.m2\repository\org\apache\httpcomponents\httpclient\4.5.13\httpclient-4.5.13.jar;C:\Users\HP\.m2\repository\org\apache\httpcomponents\httpcore\4.4.13\httpcore-4.4.13.jar;C:\Users\HP\.m2\repository\commons-logging\commons-logging\1.2\commons-logging-1.2.jar;C:\Users\HP\.m2\repository\org\seleniumhq\selenium\selenium-java\4.7.1\selenium-java-4.7.1.jar;C:\Users\HP\.m2\repository\org\seleniumhq\selenium\selenium-devtools-v106\4.7.1\selenium-devtools-v106-4.7.1.jar;C:\Users\HP\.m2\repository\org\seleniumhq\selenium\selenium-devtools-v107\4.7.1\selenium-devtools-v107-4.7.1.jar;C:\Users\HP\.m2\repository\org\seleniumhq\selenium\selenium-devtools-v108\4.7.1\selenium-devtools-v108-4.7.1.jar;C:\Users\HP\.m2\repository\org\seleniumhq\selenium\selenium-devtools-v85\4.7.1\selenium-devtools-v85-4.7.1.jar;C:\Users\HP\.m2\repository\org\seleniumhq\selenium\selenium-remote-driver\4.7.1\selenium-remote-driver-4.7.1.jar;C:\Users\HP\.m2\repository\io\netty\netty-buffer\4.1.84.Final\netty-buffer-4.1.84.Final.jar;C:\Users\HP\.m2\repository\io\netty\netty-codec-http\4.1.84.Final\netty-codec-http-4.1.84.Final.jar;C:\Users\HP\.m2\repository\io\netty\netty-codec\4.1.84.Final\netty-codec-4.1.84.Final.jar;C:\Users\HP\.m2\repository\io\netty\netty-handler\4.1.84.Final\netty-handler-4.1.84.Final.jar;C:\Users\HP\.m2\repository\io\netty\netty-common\4.1.84.Final\netty-common-4.1.84.Final.jar;C:\Users\HP\.m2\repository\io\netty\netty-transport-classes-epoll\4.1.84.Final\netty-transport-classes-epoll-4.1.84.Final.jar;C:\Users\HP\.m2\repository\io\netty\netty-transport-classes-kqueue\4.1.84.Final\netty-transport-classes-kqueue-4.1.84.Final.jar;C:\Users\HP\.m2\repository\io\netty\netty-transport-native-epoll\4.1.84.Final\netty-transport-native-epoll-4.1.84.Final.jar;C:\Users\HP\.m2\repository\io\netty\netty-transport-native-kqueue\4.1.84.Final\netty-transport-native-kqueue-4.1.84.Final.jar;C:\Users\HP\.m2\repository\io\netty\netty-transport-native-unix-common\4.1.84.Final\netty-transport-native-unix-common-4.1.84.Final.jar;C:\Users\HP\.m2\repository\io\netty\netty-transport\4.1.84.Final\netty-transport-4.1.84.Final.jar;C:\Users\HP\.m2\repository\io\netty\netty-resolver\4.1.84.Final\netty-resolver-4.1.84.Final.jar;C:\Users\HP\.m2\repository\io\opentelemetry\opentelemetry-api\1.19.0\opentelemetry-api-1.19.0.jar;C:\Users\HP\.m2\repository\io\opentelemetry\opentelemetry-context\1.19.0\opentelemetry-context-1.19.0.jar;C:\Users\HP\.m2\repository\io\opentelemetry\opentelemetry-exporter-logging\1.19.0\opentelemetry-exporter-logging-1.19.0.jar;C:\Users\HP\.m2\repository\io\opentelemetry\opentelemetry-sdk-metrics\1.19.0\opentelemetry-sdk-metrics-1.19.0.jar;C:\Users\HP\.m2\repository\io\opentelemetry\opentelemetry-sdk-logs\1.19.0-alpha\opentelemetry-sdk-logs-1.19.0-alpha.jar;C:\Users\HP\.m2\repository\io\opentelemetry\opentelemetry-api-logs\1.19.0-alpha\opentelemetry-api-logs-1.19.0-alpha.jar;C:\Users\HP\.m2\repository\io\opentelemetry\opentelemetry-sdk-common\1.19.0\opentelemetry-sdk-common-1.19.0.jar;C:\Users\HP\.m2\repository\io\opentelemetry\opentelemetry-sdk-extension-autoconfigure-spi\1.19.0\opentelemetry-sdk-extension-autoconfigure-spi-1.19.0.jar;C:\Users\HP\.m2\repository\io\opentelemetry\opentelemetry-sdk-extension-autoconfigure\1.19.0-alpha\opentelemetry-sdk-extension-autoconfigure-1.19.0-alpha.jar;C:\Users\HP\.m2\repository\io\opentelemetry\opentelemetry-exporter-common\1.19.0\opentelemetry-exporter-common-1.19.0.jar;C:\Users\HP\.m2\repository\io\opentelemetry\opentelemetry-sdk-trace\1.19.0\opentelemetry-sdk-trace-1.19.0.jar;C:\Users\HP\.m2\repository\io\opentelemetry\opentelemetry-sdk\1.19.0\opentelemetry-sdk-1.19.0.jar;C:\Users\HP\.m2\repository\io\opentelemetry\opentelemetry-semconv\1.19.0-alpha\opentelemetry-semconv-1.19.0-alpha.jar;C:\Users\HP\.m2\repository\io\ous\jtoml\2.0.0\jtoml-2.0.0.jar;C:\Users\HP\.m2\repository\org\apache\commons\commons-exec\1.3\commons-exec-1.3.jar;C:\Users\HP\.m2\repository\org\asynchttpclient\async-http-client\2.12.3\async-http-client-2.12.3.jar;C:\Users\HP\.m2\repository\org\asynchttpclient\async-http-client-netty-utils\2.12.3\async-http-client-netty-utils-2.12.3.jar;C:\Users\HP\.m2\repository\io\netty\netty-codec-socks\4.1.60.Final\netty-codec-socks-4.1.60.Final.jar;C:\Users\HP\.m2\repository\io\netty\netty-handler-proxy\4.1.60.Final\netty-handler-proxy-4.1.60.Final.jar;C:\Users\HP\.m2\repository\io\netty\netty-transport-native-epoll\4.1.60.Final\netty-transport-native-epoll-4.1.60.Final-linux-x86_64.jar;C:\Users\HP\.m2\repository\io\netty\netty-transport-native-kqueue\4.1.60.Final\netty-transport-native-kqueue-4.1.60.Final-osx-x86_64.jar;C:\Users\HP\.m2\repository\org\reactivestreams\reactive-streams\1.0.3\reactive-streams-1.0.3.jar;C:\Users\HP\.m2\repository\com\typesafe\netty\netty-reactive-streams\2.0.4\netty-reactive-streams-2.0.4.jar;C:\Users\HP\.m2\repository\org\seleniumhq\selenium\selenium-manager\4.7.1\selenium-manager-4.7.1.jar;C:\Users\HP\.m2\repository\org\seleniumhq\selenium\selenium-safari-driver\4.7.1\selenium-safari-driver-4.7.1.jar;C:\Users\HP\.m2\repository\org\seleniumhq\selenium\selenium-api\4.7.1\selenium-api-4.7.1.jar;C:\Users\HP\.m2\repository\org\seleniumhq\selenium\selenium-support\4.7.1\selenium-support-4.7.1.jar;C:\Users\HP\.m2\repository\com\google\auto\service\auto-service-annotations\1.0.1\auto-service-annotations-1.0.1.jar;C:\Users\HP\.m2\repository\com\google\auto\service\auto-service\1.0.1\auto-service-1.0.1.jar;C:\Users\HP\.m2\repository\com\google\auto\auto-common\1.2\auto-common-1.2.jar;C:\Users\HP\.m2\repository\org\seleniumhq\selenium\selenium-json\4.7.1\selenium-json-4.7.1.jar;C:\Users\HP\.m2\repository\org\seleniumhq\selenium\selenium-chrome-driver\4.7.1\selenium-chrome-driver-4.7.1.jar;C:\Users\HP\.m2\repository\org\seleniumhq\selenium\selenium-chromium-driver\4.7.1\selenium-chromium-driver-4.7.1.jar;C:\Users\HP\.m2\repository\org\seleniumhq\selenium\selenium-firefox-driver\4.7.1\selenium-firefox-driver-4.7.1.jar;C:\Users\HP\.m2\repository\org\seleniumhq\selenium\selenium-http\4.7.1\selenium-http-4.7.1.jar;C:\Users\HP\.m2\repository\dev\failsafe\failsafe\3.3.0\failsafe-3.3.0.jar;C:\Users\HP\.m2\repository\org\seleniumhq\selenium\selenium-edge-driver\4.7.1\selenium-edge-driver-4.7.1.jar;C:\Users\HP\.m2\repository\org\seleniumhq\selenium\selenium-ie-driver\4.7.1\selenium-ie-driver-4.7.1.jar;C:\Users\HP\.m2\repository\org\projectlombok\lombok\1.18.20\lombok-1.18.20.jar;C:\Users\HP\.m2\repository\io\appium\java-client\8.3.0\java-client-8.3.0.jar;C:\Users\HP\.m2\repository\commons-validator\commons-validator\1.7\commons-validator-1.7.jar;C:\Users\HP\.m2\repository\commons-digester\commons-digester\2.1\commons-digester-2.1.jar;C:\Users\HP\.m2\repository\org\apache\groovy\groovy\4.0.6\groovy-4.0.6.jar;C:\Users\HP\.m2\repository\net\sf\opencsv\opencsv\2.0\opencsv-2.0.jar;C:\Users\HP\.m2\repository\commons-beanutils\commons-beanutils\1.9.4\commons-beanutils-1.9.4.jar;C:\Users\HP\.m2\repository\org\apache\commons\commons-lang3\3.12.0\commons-lang3-3.12.0.jar;C:\Users\HP\.m2\repository\commons-collections\commons-collections\3.2.2\commons-collections-3.2.2.jar;C:\Users\HP\.m2\repository\org\fluentlenium\fluentlenium-core\0.10.2\fluentlenium-core-0.10.2.jar;C:\Users\HP\.m2\repository\io\github\bonigarcia\webdrivermanager\5.3.0\webdrivermanager-5.3.0.jar;C:\Users\HP\.m2\repository\com\github\docker-java\docker-java\3.2.13\docker-java-3.2.13.jar;C:\Users\HP\.m2\repository\com\github\docker-java\docker-java-core\3.2.13\docker-java-core-3.2.13.jar;C:\Users\HP\.m2\repository\com\github\docker-java\docker-java-api\3.2.13\docker-java-api-3.2.13.jar;C:\Users\HP\.m2\repository\org\apache\commons\commons-compress\1.21\commons-compress-1.21.jar;C:\Users\HP\.m2\repository\org\bouncycastle\bcpkix-jdk15on\1.64\bcpkix-jdk15on-1.64.jar;C:\Users\HP\.m2\repository\org\bouncycastle\bcprov-jdk15on\1.64\bcprov-jdk15on-1.64.jar;C:\Users\HP\.m2\repository\org\slf4j\jcl-over-slf4j\1.7.30\jcl-over-slf4j-1.7.30.jar;C:\Users\HP\.m2\repository\com\github\docker-java\docker-java-transport-httpclient5\3.2.13\docker-java-transport-httpclient5-3.2.13.jar;C:\Users\HP\.m2\repository\com\github\docker-java\docker-java-transport\3.2.13\docker-java-transport-3.2.13.jar;C:\Users\HP\.m2\repository\net\java\dev\jna\jna\5.8.0\jna-5.8.0.jar;C:\Users\HP\.m2\repository\org\brotli\dec\0.1.2\dec-0.1.2.jar;C:\Users\HP\.m2\repository\org\apache\httpcomponents\client5\httpclient5\5.1.3\httpclient5-5.1.3.jar;C:\Users\HP\.m2\repository\org\apache\httpcomponents\core5\httpcore5\5.1.3\httpcore5-5.1.3.jar;C:\Users\HP\.m2\repository\org\apache\httpcomponents\core5\httpcore5-h2\5.1.3\httpcore5-h2-5.1.3.jar;C:\Users\HP\.m2\repository\com\jhlabs\filters\2.0.235\filters-2.0.235.jar;C:\Users\HP\.m2\repository\com\paulhammant\ngwebdriver\1.1.6\ngwebdriver-1.1.6.jar;C:\Users\HP\.m2\repository\joda-time\joda-time\2.8.2\joda-time-2.8.2.jar;C:\Users\HP\.m2\repository\com\google\jimfs\jimfs\1.2\jimfs-1.2.jar;C:\Users\HP\.m2\repository\org\mockito\mockito-core\3.3.3\mockito-core-3.3.3.jar;C:\Users\HP\.m2\repository\javax\xml\bind\jaxb-api\2.3.1\jaxb-api-2.3.1.jar;C:\Users\HP\.m2\repository\javax\activation\javax.activation-api\1.2.0\javax.activation-api-1.2.0.jar;C:\Users\HP\.m2\repository\com\sun\xml\bind\jaxb-core\2.3.0.1\jaxb-core-2.3.0.1.jar;C:\Users\HP\.m2\repository\com\sun\xml\bind\jaxb-impl\2.3.3\jaxb-impl-2.3.3.jar;C:\Users\HP\.m2\repository\jakarta\xml\bind\jakarta.xml.bind-api\2.3.3\jakarta.xml.bind-api-2.3.3.jar;C:\Users\HP\.m2\repository\com\sun\activation\jakarta.activation\1.2.2\jakarta.activation-1.2.2.jar;C:\Users\HP\.m2\repository\javax\activation\activation\1.1.1\activation-1.1.1.jar;C:\Users\HP\.m2\repository\net\serenity-bdd\serenity-cucumber\3.5.1\serenity-cucumber-3.5.1.jar;C:\Users\HP\.m2\repository\io\cucumber\cucumber-core\7.8.1\cucumber-core-7.8.1.jar;C:\Users\HP\.m2\repository\io\cucumber\cucumber-gherkin\7.8.1\cucumber-gherkin-7.8.1.jar;C:\Users\HP\.m2\repository\io\cucumber\cucumber-gherkin-messages\7.8.1\cucumber-gherkin-messages-7.8.1.jar;C:\Users\HP\.m2\repository\io\cucumber\gherkin\24.0.0\gherkin-24.0.0.jar;C:\Users\HP\.m2\repository\io\cucumber\messages\19.1.4\messages-19.1.4.jar;C:\Users\HP\.m2\repository\io\cucumber\tag-expressions\4.1.0\tag-expressions-4.1.0.jar;C:\Users\HP\.m2\repository\io\cucumber\cucumber-expressions\16.0.0\cucumber-expressions-16.0.0.jar;C:\Users\HP\.m2\repository\io\cucumber\datatable\7.8.1\datatable-7.8.1.jar;C:\Users\HP\.m2\repository\io\cucumber\cucumber-plugin\7.8.1\cucumber-plugin-7.8.1.jar;C:\Users\HP\.m2\repository\io\cucumber\docstring\7.8.1\docstring-7.8.1.jar;C:\Users\HP\.m2\repository\io\cucumber\html-formatter\20.1.0\html-formatter-20.1.0.jar;C:\Users\HP\.m2\repository\io\cucumber\ci-environment\9.1.0\ci-environment-9.1.0.jar;C:\Users\HP\.m2\repository\io\cucumber\cucumber-java\7.8.1\cucumber-java-7.8.1.jar;C:\Users\HP\.m2\repository\io\cucumber\cucumber-junit\7.8.1\cucumber-junit-7.8.1.jar;C:\Users\HP\.m2\repository\org\apache\commons\commons-csv\1.5\commons-csv-1.5.jar;C:\Users\HP\.m2\repository\net\serenity-bdd\serenity-screenplay\3.5.1\serenity-screenplay-3.5.1.jar;C:\Users\HP\.m2\repository\net\serenity-bdd\serenity-screenplay-webdriver\3.5.1\serenity-screenplay-webdriver-3.5.1.jar;C:\Users\HP\.m2\repository\net\serenity-bdd\serenity-ensure\3.5.1\serenity-ensure-3.5.1.jar;C:\Users\HP\.m2\repository\net\serenity-bdd\serenity-junit\3.5.1\serenity-junit-3.5.1.jar;C:\Users\HP\.m2\repository\org\jetbrains\kotlin\kotlin-stdlib\1.7.21\kotlin-stdlib-1.7.21.jar;C:\Users\HP\.m2\repository\org\jetbrains\kotlin\kotlin-stdlib-common\1.7.21\kotlin-stdlib-common-1.7.21.jar;C:\Users\HP\.m2\repository\org\jetbrains\annotations\13.0\annotations-13.0.jar;C:\Users\HP\.m2\repository\org\junit\platform\junit-platform-launcher\1.8.2\junit-platform-launcher-1.8.2.jar;C:\Users\HP\.m2\repository\org\junit\platform\junit-platform-engine\1.8.2\junit-platform-engine-1.8.2.jar;C:\Users\HP\.m2\repository\org\junit\platform\junit-platform-commons\1.8.2\junit-platform-commons-1.8.2.jar;C:\Users\HP\.m2\repository\org\apiguardian\apiguardian-api\1.1.2\apiguardian-api-1.1.2.jar;C:\Users\HP\.m2\repository\org\junit\jupiter\junit-jupiter-engine\5.8.2\junit-jupiter-engine-5.8.2.jar;C:\Users\HP\.m2\repository\org\junit\jupiter\junit-jupiter-api\5.8.2\junit-jupiter-api-5.8.2.jar;C:\Users\HP\.m2\repository\org\junit\vintage\junit-vintage-engine\5.8.2\junit-vintage-engine-5.8.2.jar;C:\Users\HP\.m2\repository\junit\junit\4.13.2\junit-4.13.2.jar;C:\Users\HP\.m2\repository\org\hamcrest\hamcrest-core\1.3\hamcrest-core-1.3.jar;C:\Users\HP\.m2\repository\ch\qos\logback\logback-classic\1.2.10\logback-classic-1.2.10.jar;C:\Users\HP\.m2\repository\ch\qos\logback\logback-core\1.2.10\logback-core-1.2.10.jar;C:\Users\HP\.m2\repository\org\slf4j\slf4j-api\1.7.32\slf4j-api-1.7.32.jar;C:\Users\HP\.m2\repository\org\assertj\assertj-core\3.23.1\assertj-core-3.23.1.jar;C:\Users\HP\.m2\repository\net\bytebuddy\byte-buddy\1.12.10\byte-buddy-1.12.10.jar;C:\Users\HP\.m2\repository\net\serenity-bdd\serenity-rest-assured\3.5.1\serenity-rest-assured-3.5.1.jar;C:\Users\HP\.m2\repository\org\apache\groovy\groovy-json\4.0.6\groovy-json-4.0.6.jar;C:\Users\HP\.m2\repository\org\apache\groovy\groovy-xml\4.0.6\groovy-xml-4.0.6.jar;C:\Users\HP\.m2\repository\org\opentest4j\opentest4j\1.2.0\opentest4j-1.2.0.jar;C:\Users\HP\.m2\repository\io\rest-assured\rest-assured\5.3.0\rest-assured-5.3.0.jar;C:\Users\HP\.m2\repository\org\apache\httpcomponents\httpmime\4.5.13\httpmime-4.5.13.jar;C:\Users\HP\.m2\repository\org\ccil\cowan\tagsoup\tagsoup\1.2.1\tagsoup-1.2.1.jar;C:\Users\HP\.m2\repository\io\rest-assured\json-path\5.3.0\json-path-5.3.0.jar;C:\Users\HP\.m2\repository\io\rest-assured\rest-assured-common\5.3.0\rest-assured-common-5.3.0.jar;C:\Users\HP\.m2\repository\io\rest-assured\xml-path\5.2.0\xml-path-5.2.0.jar;C:\Users\HP\.m2\repository\org\hamcrest\hamcrest\2.2\hamcrest-2.2.jar;C:\Users\HP\.m2\repository\org\json\json\20230227\json-20230227.jar;C:\Users\HP\.m2\repository\com\github\javafaker\javafaker\0.14\javafaker-0.14.jar;C:\Users\HP\.m2\repository\org\yaml\snakeyaml\1.19\snakeyaml-1.19-android.jar;C:\Users\HP\.m2\repository\com\github\mifmif\generex\1.0.2\generex-1.0.2.jar;C:\Users\HP\.m2\repository\dk\brics\automaton\automaton\1.11-8\automaton-1.11-8.jar;C:\Users\HP\.m2\repository\org\testng\testng\7.7.0\testng-7.7.0.jar;C:\Users\HP\.m2\repository\com\beust\jcommander\1.82\jcommander-1.82.jar;C:\Users\HP\.m2\repository\org\webjars\jquery\3.6.1\jquery-3.6.1.jar;C:\Users\HP\.m2\repository\com\github\rjeschke\txtmark\0.13\txtmark-0.13.jar;C:\Users\HP\.m2\repository\org\lucee\txtmark\0.16.0\txtmark-0.16.0.jar;C:\Users\HP\.m2\repository\com\github\com-github-javabdd\com.github.javabdd\4.0.0\com.github.javabdd-4.0.0.jar;C:\Users\HP\.m2\repository\com\github\aniketwadkar78\com.github.aniketwadkar78\1.0.3\com.github.aniketwadkar78-1.0.3.jar;C:\Users\HP\.m2\repository\com\github\jovanikos\com.github.jovanikos\1.1\com.github.jovanikos-1.1.jar;C:\Users\HP\.m2\repository\com\auth0\java-jwt\3.8.3\java-jwt-3.8.3.jar;C:\Users\HP\.m2\repository\org\springframework\spring-context\5.2.1.RELEASE\spring-context-5.2.1.RELEASE.jar;C:\Users\HP\.m2\repository\org\springframework\spring-aop\5.2.1.RELEASE\spring-aop-5.2.1.RELEASE.jar;C:\Users\HP\.m2\repository\org\springframework\spring-beans\5.2.1.RELEASE\spring-beans-5.2.1.RELEASE.jar;C:\Users\HP\.m2\repository\org\springframework\spring-core\5.2.1.RELEASE\spring-core-5.2.1.RELEASE.jar;C:\Users\HP\.m2\repository\org\springframework\spring-jcl\5.2.1.RELEASE\spring-jcl-5.2.1.RELEASE.jar;C:\Users\HP\.m2\repository\org\springframework\spring-expression\5.2.1.RELEASE\spring-expression-5.2.1.RELEASE.jar;"/>
    <property name="sun.cpu.endian" value="little"/>
    <property name="user.home" value="C:\Users\HP"/>
    <property name="user.language" value="en"/>
    <property name="java.specification.vendor" value="Oracle Corporation"/>
    <property name="jdk.module.path" value="C:\Dev\CapstoneProjectBaru\SKUYPAY API AUTOMATION\target\apiskuypay-1.0-SNAPSHOT.jar"/>
    <property name="java.version.date" value="2023-01-17"/>
    <property name="java.home" value="C:\Program Files\Java\jdk-19"/>
    <property name="file.separator" value="\"/>
    <property name="basedir" value="C:\Dev\CapstoneProjectBaru\SKUYPAY API AUTOMATION"/>
    <property name="java.vm.compressedOopsMode" value="32-bit"/>
    <property name="line.separator" value="&#10;"/>
    <property name="java.vm.specification.vendor" value="Oracle Corporation"/>
    <property name="java.specification.name" value="Java Platform API Specification"/>
    <property name="surefire.real.class.path" value="C:\Users\HP\.m2\repository\org\apache\maven\surefire\surefire-booter\3.0.0-M5\surefire-booter-3.0.0-M5.jar;C:\Users\HP\.m2\repository\org\apache\maven\surefire\surefire-api\3.0.0-M5\surefire-api-3.0.0-M5.jar;C:\Users\HP\.m2\repository\org\apache\maven\surefire\surefire-logger-api\3.0.0-M5\surefire-logger-api-3.0.0-M5.jar;C:\Users\HP\.m2\repository\org\apache\maven\surefire\surefire-shared-utils\3.0.0-M4\surefire-shared-utils-3.0.0-M4.jar;C:\Users\HP\.m2\repository\org\apache\maven\surefire\surefire-extensions-spi\3.0.0-M5\surefire-extensions-spi-3.0.0-M5.jar;C:\Dev\CapstoneProjectBaru\SKUYPAY API AUTOMATION\target\test-classes;C:\Users\HP\.m2\repository\net\serenity-bdd\serenity-core\3.5.1\serenity-core-3.5.1.jar;C:\Users\HP\.m2\repository\net\serenity-bdd\serenity-model\3.5.1\serenity-model-3.5.1.jar;C:\Users\HP\.m2\repository\org\apache\commons\commons-text\1.10.0\commons-text-1.10.0.jar;C:\Users\HP\.m2\repository\commons-net\commons-net\3.8.0\commons-net-3.8.0.jar;C:\Users\HP\.m2\repository\com\google\guava\guava\31.1-jre\guava-31.1-jre.jar;C:\Users\HP\.m2\repository\com\google\guava\failureaccess\1.0.1\failureaccess-1.0.1.jar;C:\Users\HP\.m2\repository\com\google\guava\listenablefuture\9999.0-empty-to-avoid-conflict-with-guava\listenablefuture-9999.0-empty-to-avoid-conflict-with-guava.jar;C:\Users\HP\.m2\repository\com\google\code\findbugs\jsr305\3.0.2\jsr305-3.0.2.jar;C:\Users\HP\.m2\repository\org\checkerframework\checker-qual\3.12.0\checker-qual-3.12.0.jar;C:\Users\HP\.m2\repository\com\google\errorprone\error_prone_annotations\2.11.0\error_prone_annotations-2.11.0.jar;C:\Users\HP\.m2\repository\com\google\j2objc\j2objc-annotations\1.3\j2objc-annotations-1.3.jar;C:\Users\HP\.m2\repository\com\google\inject\guice\5.1.0\guice-5.1.0.jar;C:\Users\HP\.m2\repository\javax\inject\javax.inject\1\javax.inject-1.jar;C:\Users\HP\.m2\repository\aopalliance\aopalliance\1.0\aopalliance-1.0.jar;C:\Users\HP\.m2\repository\org\jsoup\jsoup\1.14.3\jsoup-1.14.3.jar;C:\Users\HP\.m2\repository\com\thoughtworks\xstream\xstream\1.4.19\xstream-1.4.19.jar;C:\Users\HP\.m2\repository\io\github\x-stream\mxparser\1.2.2\mxparser-1.2.2.jar;C:\Users\HP\.m2\repository\xmlpull\xmlpull\1.1.3.1\xmlpull-1.1.3.1.jar;C:\Users\HP\.m2\repository\com\typesafe\config\1.4.2\config-1.4.2.jar;C:\Users\HP\.m2\repository\org\imgscalr\imgscalr-lib\4.2\imgscalr-lib-4.2.jar;C:\Users\HP\.m2\repository\org\awaitility\awaitility\4.2.0\awaitility-4.2.0.jar;C:\Users\HP\.m2\repository\org\freemarker\freemarker\2.3.31\freemarker-2.3.31.jar;C:\Users\HP\.m2\repository\io\github\classgraph\classgraph\4.8.138\classgraph-4.8.138.jar;C:\Users\HP\.m2\repository\net\sourceforge\jexcelapi\jxl\2.6.12\jxl-2.6.12.jar;C:\Users\HP\.m2\repository\net\bytebuddy\byte-buddy-agent\1.12.18\byte-buddy-agent-1.12.18.jar;C:\Users\HP\.m2\repository\org\objenesis\objenesis\3.1\objenesis-3.1.jar;C:\Users\HP\.m2\repository\net\serenity-bdd\serenity-reports\3.5.1\serenity-reports-3.5.1.jar;C:\Users\HP\.m2\repository\net\serenity-bdd\serenity-stats\3.5.1\serenity-stats-3.5.1.jar;C:\Users\HP\.m2\repository\net\serenity-bdd\serenity-reports-configuration\3.5.1\serenity-reports-configuration-3.5.1.jar;C:\Users\HP\.m2\repository\com\vladsch\flexmark\flexmark-all\0.34.30\flexmark-all-0.34.30.jar;C:\Users\HP\.m2\repository\com\vladsch\flexmark\flexmark\0.34.30\flexmark-0.34.30.jar;C:\Users\HP\.m2\repository\com\vladsch\flexmark\flexmark-ext-abbreviation\0.34.30\flexmark-ext-abbreviation-0.34.30.jar;C:\Users\HP\.m2\repository\com\vladsch\flexmark\flexmark-ext-admonition\0.34.30\flexmark-ext-admonition-0.34.30.jar;C:\Users\HP\.m2\repository\com\vladsch\flexmark\flexmark-ext-anchorlink\0.34.30\flexmark-ext-anchorlink-0.34.30.jar;C:\Users\HP\.m2\repository\com\vladsch\flexmark\flexmark-ext-aside\0.34.30\flexmark-ext-aside-0.34.30.jar;C:\Users\HP\.m2\repository\com\vladsch\flexmark\flexmark-ext-attributes\0.34.30\flexmark-ext-attributes-0.34.30.jar;C:\Users\HP\.m2\repository\com\vladsch\flexmark\flexmark-ext-autolink\0.34.30\flexmark-ext-autolink-0.34.30.jar;C:\Users\HP\.m2\repository\org\nibor\autolink\autolink\0.6.0\autolink-0.6.0.jar;C:\Users\HP\.m2\repository\com\vladsch\flexmark\flexmark-ext-definition\0.34.30\flexmark-ext-definition-0.34.30.jar;C:\Users\HP\.m2\repository\com\vladsch\flexmark\flexmark-ext-emoji\0.34.30\flexmark-ext-emoji-0.34.30.jar;C:\Users\HP\.m2\repository\com\vladsch\flexmark\flexmark-ext-enumerated-reference\0.34.30\flexmark-ext-enumerated-reference-0.34.30.jar;C:\Users\HP\.m2\repository\com\vladsch\flexmark\flexmark-ext-escaped-character\0.34.30\flexmark-ext-escaped-character-0.34.30.jar;C:\Users\HP\.m2\repository\com\vladsch\flexmark\flexmark-ext-footnotes\0.34.30\flexmark-ext-footnotes-0.34.30.jar;C:\Users\HP\.m2\repository\com\vladsch\flexmark\flexmark-ext-gfm-issues\0.34.30\flexmark-ext-gfm-issues-0.34.30.jar;C:\Users\HP\.m2\repository\com\vladsch\flexmark\flexmark-ext-gfm-strikethrough\0.34.30\flexmark-ext-gfm-strikethrough-0.34.30.jar;C:\Users\HP\.m2\repository\com\vladsch\flexmark\flexmark-ext-gfm-tables\0.34.30\flexmark-ext-gfm-tables-0.34.30.jar;C:\Users\HP\.m2\repository\com\vladsch\flexmark\flexmark-ext-gfm-tasklist\0.34.30\flexmark-ext-gfm-tasklist-0.34.30.jar;C:\Users\HP\.m2\repository\com\vladsch\flexmark\flexmark-ext-gfm-users\0.34.30\flexmark-ext-gfm-users-0.34.30.jar;C:\Users\HP\.m2\repository\com\vladsch\flexmark\flexmark-ext-gitlab\0.34.30\flexmark-ext-gitlab-0.34.30.jar;C:\Users\HP\.m2\repository\com\vladsch\flexmark\flexmark-ext-jekyll-front-matter\0.34.30\flexmark-ext-jekyll-front-matter-0.34.30.jar;C:\Users\HP\.m2\repository\com\vladsch\flexmark\flexmark-ext-jekyll-tag\0.34.30\flexmark-ext-jekyll-tag-0.34.30.jar;C:\Users\HP\.m2\repository\com\vladsch\flexmark\flexmark-ext-media-tags\0.34.30\flexmark-ext-media-tags-0.34.30.jar;C:\Users\HP\.m2\repository\com\vladsch\flexmark\flexmark-test-util\0.34.30\flexmark-test-util-0.34.30.jar;C:\Users\HP\.m2\repository\com\vladsch\flexmark\flexmark-ext-ins\0.34.30\flexmark-ext-ins-0.34.30.jar;C:\Users\HP\.m2\repository\com\vladsch\flexmark\flexmark-ext-xwiki-macros\0.34.30\flexmark-ext-xwiki-macros-0.34.30.jar;C:\Users\HP\.m2\repository\com\vladsch\flexmark\flexmark-ext-superscript\0.34.30\flexmark-ext-superscript-0.34.30.jar;C:\Users\HP\.m2\repository\com\vladsch\flexmark\flexmark-ext-tables\0.34.30\flexmark-ext-tables-0.34.30.jar;C:\Users\HP\.m2\repository\com\vladsch\flexmark\flexmark-ext-toc\0.34.30\flexmark-ext-toc-0.34.30.jar;C:\Users\HP\.m2\repository\com\vladsch\flexmark\flexmark-ext-typographic\0.34.30\flexmark-ext-typographic-0.34.30.jar;C:\Users\HP\.m2\repository\com\vladsch\flexmark\flexmark-ext-wikilink\0.34.30\flexmark-ext-wikilink-0.34.30.jar;C:\Users\HP\.m2\repository\com\vladsch\flexmark\flexmark-ext-yaml-front-matter\0.34.30\flexmark-ext-yaml-front-matter-0.34.30.jar;C:\Users\HP\.m2\repository\com\vladsch\flexmark\flexmark-ext-youtube-embedded\0.34.30\flexmark-ext-youtube-embedded-0.34.30.jar;C:\Users\HP\.m2\repository\com\vladsch\flexmark\flexmark-formatter\0.34.30\flexmark-formatter-0.34.30.jar;C:\Users\HP\.m2\repository\com\vladsch\flexmark\flexmark-html-parser\0.34.30\flexmark-html-parser-0.34.30.jar;C:\Users\HP\.m2\repository\com\vladsch\flexmark\flexmark-jira-converter\0.34.30\flexmark-jira-converter-0.34.30.jar;C:\Users\HP\.m2\repository\com\vladsch\flexmark\flexmark-pdf-converter\0.34.30\flexmark-pdf-converter-0.34.30.jar;C:\Users\HP\.m2\repository\com\openhtmltopdf\openhtmltopdf-core\0.0.1-RC13\openhtmltopdf-core-0.0.1-RC13.jar;C:\Users\HP\.m2\repository\com\openhtmltopdf\openhtmltopdf-pdfbox\0.0.1-RC13\openhtmltopdf-pdfbox-0.0.1-RC13.jar;C:\Users\HP\.m2\repository\org\apache\pdfbox\pdfbox\2.0.8\pdfbox-2.0.8.jar;C:\Users\HP\.m2\repository\org\apache\pdfbox\fontbox\2.0.8\fontbox-2.0.8.jar;C:\Users\HP\.m2\repository\org\apache\pdfbox\xmpbox\2.0.8\xmpbox-2.0.8.jar;C:\Users\HP\.m2\repository\de\rototor\pdfbox\graphics2d\0.12\graphics2d-0.12.jar;C:\Users\HP\.m2\repository\com\openhtmltopdf\openhtmltopdf-rtl-support\0.0.1-RC13\openhtmltopdf-rtl-support-0.0.1-RC13.jar;C:\Users\HP\.m2\repository\com\ibm\icu\icu4j\59.1\icu4j-59.1.jar;C:\Users\HP\.m2\repository\com\openhtmltopdf\openhtmltopdf-jsoup-dom-converter\0.0.1-RC13\openhtmltopdf-jsoup-dom-converter-0.0.1-RC13.jar;C:\Users\HP\.m2\repository\com\vladsch\flexmark\flexmark-profile-pegdown\0.34.30\flexmark-profile-pegdown-0.34.30.jar;C:\Users\HP\.m2\repository\com\vladsch\flexmark\flexmark-util\0.34.30\flexmark-util-0.34.30.jar;C:\Users\HP\.m2\repository\com\vladsch\flexmark\flexmark-youtrack-converter\0.34.30\flexmark-youtrack-converter-0.34.30.jar;C:\Users\HP\.m2\repository\es\nitaur\markdown\txtmark\0.16\txtmark-0.16.jar;C:\Users\HP\.m2\repository\net\serenity-bdd\serenity-report-resources\3.5.1\serenity-report-resources-3.5.1.jar;C:\Users\HP\.m2\repository\com\google\code\gson\gson\2.9.0\gson-2.9.0.jar;C:\Users\HP\.m2\repository\com\fasterxml\jackson\core\jackson-core\2.13.4\jackson-core-2.13.4.jar;C:\Users\HP\.m2\repository\com\fasterxml\jackson\core\jackson-databind\2.13.4\jackson-databind-2.13.4.jar;C:\Users\HP\.m2\repository\com\fasterxml\jackson\core\jackson-annotations\2.13.4\jackson-annotations-2.13.4.jar;C:\Users\HP\.m2\repository\commons-codec\commons-codec\1.15\commons-codec-1.15.jar;C:\Users\HP\.m2\repository\commons-io\commons-io\2.11.0\commons-io-2.11.0.jar;C:\Users\HP\.m2\repository\org\apache\httpcomponents\httpclient\4.5.13\httpclient-4.5.13.jar;C:\Users\HP\.m2\repository\org\apache\httpcomponents\httpcore\4.4.13\httpcore-4.4.13.jar;C:\Users\HP\.m2\repository\commons-logging\commons-logging\1.2\commons-logging-1.2.jar;C:\Users\HP\.m2\repository\org\seleniumhq\selenium\selenium-java\4.7.1\selenium-java-4.7.1.jar;C:\Users\HP\.m2\repository\org\seleniumhq\selenium\selenium-devtools-v106\4.7.1\selenium-devtools-v106-4.7.1.jar;C:\Users\HP\.m2\repository\org\seleniumhq\selenium\selenium-devtools-v107\4.7.1\selenium-devtools-v107-4.7.1.jar;C:\Users\HP\.m2\repository\org\seleniumhq\selenium\selenium-devtools-v108\4.7.1\selenium-devtools-v108-4.7.1.jar;C:\Users\HP\.m2\repository\org\seleniumhq\selenium\selenium-devtools-v85\4.7.1\selenium-devtools-v85-4.7.1.jar;C:\Users\HP\.m2\repository\org\seleniumhq\selenium\selenium-remote-driver\4.7.1\selenium-remote-driver-4.7.1.jar;C:\Users\HP\.m2\repository\io\netty\netty-buffer\4.1.84.Final\netty-buffer-4.1.84.Final.jar;C:\Users\HP\.m2\repository\io\netty\netty-codec-http\4.1.84.Final\netty-codec-http-4.1.84.Final.jar;C:\Users\HP\.m2\repository\io\netty\netty-codec\4.1.84.Final\netty-codec-4.1.84.Final.jar;C:\Users\HP\.m2\repository\io\netty\netty-handler\4.1.84.Final\netty-handler-4.1.84.Final.jar;C:\Users\HP\.m2\repository\io\netty\netty-common\4.1.84.Final\netty-common-4.1.84.Final.jar;C:\Users\HP\.m2\repository\io\netty\netty-transport-classes-epoll\4.1.84.Final\netty-transport-classes-epoll-4.1.84.Final.jar;C:\Users\HP\.m2\repository\io\netty\netty-transport-classes-kqueue\4.1.84.Final\netty-transport-classes-kqueue-4.1.84.Final.jar;C:\Users\HP\.m2\repository\io\netty\netty-transport-native-epoll\4.1.84.Final\netty-transport-native-epoll-4.1.84.Final.jar;C:\Users\HP\.m2\repository\io\netty\netty-transport-native-kqueue\4.1.84.Final\netty-transport-native-kqueue-4.1.84.Final.jar;C:\Users\HP\.m2\repository\io\netty\netty-transport-native-unix-common\4.1.84.Final\netty-transport-native-unix-common-4.1.84.Final.jar;C:\Users\HP\.m2\repository\io\netty\netty-transport\4.1.84.Final\netty-transport-4.1.84.Final.jar;C:\Users\HP\.m2\repository\io\netty\netty-resolver\4.1.84.Final\netty-resolver-4.1.84.Final.jar;C:\Users\HP\.m2\repository\io\opentelemetry\opentelemetry-api\1.19.0\opentelemetry-api-1.19.0.jar;C:\Users\HP\.m2\repository\io\opentelemetry\opentelemetry-context\1.19.0\opentelemetry-context-1.19.0.jar;C:\Users\HP\.m2\repository\io\opentelemetry\opentelemetry-exporter-logging\1.19.0\opentelemetry-exporter-logging-1.19.0.jar;C:\Users\HP\.m2\repository\io\opentelemetry\opentelemetry-sdk-metrics\1.19.0\opentelemetry-sdk-metrics-1.19.0.jar;C:\Users\HP\.m2\repository\io\opentelemetry\opentelemetry-sdk-logs\1.19.0-alpha\opentelemetry-sdk-logs-1.19.0-alpha.jar;C:\Users\HP\.m2\repository\io\opentelemetry\opentelemetry-api-logs\1.19.0-alpha\opentelemetry-api-logs-1.19.0-alpha.jar;C:\Users\HP\.m2\repository\io\opentelemetry\opentelemetry-sdk-common\1.19.0\opentelemetry-sdk-common-1.19.0.jar;C:\Users\HP\.m2\repository\io\opentelemetry\opentelemetry-sdk-extension-autoconfigure-spi\1.19.0\opentelemetry-sdk-extension-autoconfigure-spi-1.19.0.jar;C:\Users\HP\.m2\repository\io\opentelemetry\opentelemetry-sdk-extension-autoconfigure\1.19.0-alpha\opentelemetry-sdk-extension-autoconfigure-1.19.0-alpha.jar;C:\Users\HP\.m2\repository\io\opentelemetry\opentelemetry-exporter-common\1.19.0\opentelemetry-exporter-common-1.19.0.jar;C:\Users\HP\.m2\repository\io\opentelemetry\opentelemetry-sdk-trace\1.19.0\opentelemetry-sdk-trace-1.19.0.jar;C:\Users\HP\.m2\repository\io\opentelemetry\opentelemetry-sdk\1.19.0\opentelemetry-sdk-1.19.0.jar;C:\Users\HP\.m2\repository\io\opentelemetry\opentelemetry-semconv\1.19.0-alpha\opentelemetry-semconv-1.19.0-alpha.jar;C:\Users\HP\.m2\repository\io\ous\jtoml\2.0.0\jtoml-2.0.0.jar;C:\Users\HP\.m2\repository\org\apache\commons\commons-exec\1.3\commons-exec-1.3.jar;C:\Users\HP\.m2\repository\org\asynchttpclient\async-http-client\2.12.3\async-http-client-2.12.3.jar;C:\Users\HP\.m2\repository\org\asynchttpclient\async-http-client-netty-utils\2.12.3\async-http-client-netty-utils-2.12.3.jar;C:\Users\HP\.m2\repository\io\netty\netty-codec-socks\4.1.60.Final\netty-codec-socks-4.1.60.Final.jar;C:\Users\HP\.m2\repository\io\netty\netty-handler-proxy\4.1.60.Final\netty-handler-proxy-4.1.60.Final.jar;C:\Users\HP\.m2\repository\io\netty\netty-transport-native-epoll\4.1.60.Final\netty-transport-native-epoll-4.1.60.Final-linux-x86_64.jar;C:\Users\HP\.m2\repository\io\netty\netty-transport-native-kqueue\4.1.60.Final\netty-transport-native-kqueue-4.1.60.Final-osx-x86_64.jar;C:\Users\HP\.m2\repository\org\reactivestreams\reactive-streams\1.0.3\reactive-streams-1.0.3.jar;C:\Users\HP\.m2\repository\com\typesafe\netty\netty-reactive-streams\2.0.4\netty-reactive-streams-2.0.4.jar;C:\Users\HP\.m2\repository\org\seleniumhq\selenium\selenium-manager\4.7.1\selenium-manager-4.7.1.jar;C:\Users\HP\.m2\repository\org\seleniumhq\selenium\selenium-safari-driver\4.7.1\selenium-safari-driver-4.7.1.jar;C:\Users\HP\.m2\repository\org\seleniumhq\selenium\selenium-api\4.7.1\selenium-api-4.7.1.jar;C:\Users\HP\.m2\repository\org\seleniumhq\selenium\selenium-support\4.7.1\selenium-support-4.7.1.jar;C:\Users\HP\.m2\repository\com\google\auto\service\auto-service-annotations\1.0.1\auto-service-annotations-1.0.1.jar;C:\Users\HP\.m2\repository\com\google\auto\service\auto-service\1.0.1\auto-service-1.0.1.jar;C:\Users\HP\.m2\repository\com\google\auto\auto-common\1.2\auto-common-1.2.jar;C:\Users\HP\.m2\repository\org\seleniumhq\selenium\selenium-json\4.7.1\selenium-json-4.7.1.jar;C:\Users\HP\.m2\repository\org\seleniumhq\selenium\selenium-chrome-driver\4.7.1\selenium-chrome-driver-4.7.1.jar;C:\Users\HP\.m2\repository\org\seleniumhq\selenium\selenium-chromium-driver\4.7.1\selenium-chromium-driver-4.7.1.jar;C:\Users\HP\.m2\repository\org\seleniumhq\selenium\selenium-firefox-driver\4.7.1\selenium-firefox-driver-4.7.1.jar;C:\Users\HP\.m2\repository\org\seleniumhq\selenium\selenium-http\4.7.1\selenium-http-4.7.1.jar;C:\Users\HP\.m2\repository\dev\failsafe\failsafe\3.3.0\failsafe-3.3.0.jar;C:\Users\HP\.m2\repository\org\seleniumhq\selenium\selenium-edge-driver\4.7.1\selenium-edge-driver-4.7.1.jar;C:\Users\HP\.m2\repository\org\seleniumhq\selenium\selenium-ie-driver\4.7.1\selenium-ie-driver-4.7.1.jar;C:\Users\HP\.m2\repository\org\projectlombok\lombok\1.18.20\lombok-1.18.20.jar;C:\Users\HP\.m2\repository\io\appium\java-client\8.3.0\java-client-8.3.0.jar;C:\Users\HP\.m2\repository\commons-validator\commons-validator\1.7\commons-validator-1.7.jar;C:\Users\HP\.m2\repository\commons-digester\commons-digester\2.1\commons-digester-2.1.jar;C:\Users\HP\.m2\repository\org\apache\groovy\groovy\4.0.6\groovy-4.0.6.jar;C:\Users\HP\.m2\repository\net\sf\opencsv\opencsv\2.0\opencsv-2.0.jar;C:\Users\HP\.m2\repository\commons-beanutils\commons-beanutils\1.9.4\commons-beanutils-1.9.4.jar;C:\Users\HP\.m2\repository\org\apache\commons\commons-lang3\3.12.0\commons-lang3-3.12.0.jar;C:\Users\HP\.m2\repository\commons-collections\commons-collections\3.2.2\commons-collections-3.2.2.jar;C:\Users\HP\.m2\repository\org\fluentlenium\fluentlenium-core\0.10.2\fluentlenium-core-0.10.2.jar;C:\Users\HP\.m2\repository\io\github\bonigarcia\webdrivermanager\5.3.0\webdrivermanager-5.3.0.jar;C:\Users\HP\.m2\repository\com\github\docker-java\docker-java\3.2.13\docker-java-3.2.13.jar;C:\Users\HP\.m2\repository\com\github\docker-java\docker-java-core\3.2.13\docker-java-core-3.2.13.jar;C:\Users\HP\.m2\repository\com\github\docker-java\docker-java-api\3.2.13\docker-java-api-3.2.13.jar;C:\Users\HP\.m2\repository\org\apache\commons\commons-compress\1.21\commons-compress-1.21.jar;C:\Users\HP\.m2\repository\org\bouncycastle\bcpkix-jdk15on\1.64\bcpkix-jdk15on-1.64.jar;C:\Users\HP\.m2\repository\org\bouncycastle\bcprov-jdk15on\1.64\bcprov-jdk15on-1.64.jar;C:\Users\HP\.m2\repository\org\slf4j\jcl-over-slf4j\1.7.30\jcl-over-slf4j-1.7.30.jar;C:\Users\HP\.m2\repository\com\github\docker-java\docker-java-transport-httpclient5\3.2.13\docker-java-transport-httpclient5-3.2.13.jar;C:\Users\HP\.m2\repository\com\github\docker-java\docker-java-transport\3.2.13\docker-java-transport-3.2.13.jar;C:\Users\HP\.m2\repository\net\java\dev\jna\jna\5.8.0\jna-5.8.0.jar;C:\Users\HP\.m2\repository\org\brotli\dec\0.1.2\dec-0.1.2.jar;C:\Users\HP\.m2\repository\org\apache\httpcomponents\client5\httpclient5\5.1.3\httpclient5-5.1.3.jar;C:\Users\HP\.m2\repository\org\apache\httpcomponents\core5\httpcore5\5.1.3\httpcore5-5.1.3.jar;C:\Users\HP\.m2\repository\org\apache\httpcomponents\core5\httpcore5-h2\5.1.3\httpcore5-h2-5.1.3.jar;C:\Users\HP\.m2\repository\com\jhlabs\filters\2.0.235\filters-2.0.235.jar;C:\Users\HP\.m2\repository\com\paulhammant\ngwebdriver\1.1.6\ngwebdriver-1.1.6.jar;C:\Users\HP\.m2\repository\joda-time\joda-time\2.8.2\joda-time-2.8.2.jar;C:\Users\HP\.m2\repository\com\google\jimfs\jimfs\1.2\jimfs-1.2.jar;C:\Users\HP\.m2\repository\org\mockito\mockito-core\3.3.3\mockito-core-3.3.3.jar;C:\Users\HP\.m2\repository\javax\xml\bind\jaxb-api\2.3.1\jaxb-api-2.3.1.jar;C:\Users\HP\.m2\repository\javax\activation\javax.activation-api\1.2.0\javax.activation-api-1.2.0.jar;C:\Users\HP\.m2\repository\com\sun\xml\bind\jaxb-core\2.3.0.1\jaxb-core-2.3.0.1.jar;C:\Users\HP\.m2\repository\com\sun\xml\bind\jaxb-impl\2.3.3\jaxb-impl-2.3.3.jar;C:\Users\HP\.m2\repository\jakarta\xml\bind\jakarta.xml.bind-api\2.3.3\jakarta.xml.bind-api-2.3.3.jar;C:\Users\HP\.m2\repository\com\sun\activation\jakarta.activation\1.2.2\jakarta.activation-1.2.2.jar;C:\Users\HP\.m2\repository\javax\activation\activation\1.1.1\activation-1.1.1.jar;C:\Users\HP\.m2\repository\net\serenity-bdd\serenity-cucumber\3.5.1\serenity-cucumber-3.5.1.jar;C:\Users\HP\.m2\repository\io\cucumber\cucumber-core\7.8.1\cucumber-core-7.8.1.jar;C:\Users\HP\.m2\repository\io\cucumber\cucumber-gherkin\7.8.1\cucumber-gherkin-7.8.1.jar;C:\Users\HP\.m2\repository\io\cucumber\cucumber-gherkin-messages\7.8.1\cucumber-gherkin-messages-7.8.1.jar;C:\Users\HP\.m2\repository\io\cucumber\gherkin\24.0.0\gherkin-24.0.0.jar;C:\Users\HP\.m2\repository\io\cucumber\messages\19.1.4\messages-19.1.4.jar;C:\Users\HP\.m2\repository\io\cucumber\tag-expressions\4.1.0\tag-expressions-4.1.0.jar;C:\Users\HP\.m2\repository\io\cucumber\cucumber-expressions\16.0.0\cucumber-expressions-16.0.0.jar;C:\Users\HP\.m2\repository\io\cucumber\datatable\7.8.1\datatable-7.8.1.jar;C:\Users\HP\.m2\repository\io\cucumber\cucumber-plugin\7.8.1\cucumber-plugin-7.8.1.jar;C:\Users\HP\.m2\repository\io\cucumber\docstring\7.8.1\docstring-7.8.1.jar;C:\Users\HP\.m2\repository\io\cucumber\html-formatter\20.1.0\html-formatter-20.1.0.jar;C:\Users\HP\.m2\repository\io\cucumber\ci-environment\9.1.0\ci-environment-9.1.0.jar;C:\Users\HP\.m2\repository\io\cucumber\cucumber-java\7.8.1\cucumber-java-7.8.1.jar;C:\Users\HP\.m2\repository\io\cucumber\cucumber-junit\7.8.1\cucumber-junit-7.8.1.jar;C:\Users\HP\.m2\repository\org\apache\commons\commons-csv\1.5\commons-csv-1.5.jar;C:\Users\HP\.m2\repository\net\serenity-bdd\serenity-screenplay\3.5.1\serenity-screenplay-3.5.1.jar;C:\Users\HP\.m2\repository\net\serenity-bdd\serenity-screenplay-webdriver\3.5.1\serenity-screenplay-webdriver-3.5.1.jar;C:\Users\HP\.m2\repository\net\serenity-bdd\serenity-ensure\3.5.1\serenity-ensure-3.5.1.jar;C:\Users\HP\.m2\repository\net\serenity-bdd\serenity-junit\3.5.1\serenity-junit-3.5.1.jar;C:\Users\HP\.m2\repository\org\jetbrains\kotlin\kotlin-stdlib\1.7.21\kotlin-stdlib-1.7.21.jar;C:\Users\HP\.m2\repository\org\jetbrains\kotlin\kotlin-stdlib-common\1.7.21\kotlin-stdlib-common-1.7.21.jar;C:\Users\HP\.m2\repository\org\jetbrains\annotations\13.0\annotations-13.0.jar;C:\Users\HP\.m2\repository\org\junit\platform\junit-platform-launcher\1.8.2\junit-platform-launcher-1.8.2.jar;C:\Users\HP\.m2\repository\org\junit\platform\junit-platform-engine\1.8.2\junit-platform-engine-1.8.2.jar;C:\Users\HP\.m2\repository\org\junit\platform\junit-platform-commons\1.8.2\junit-platform-commons-1.8.2.jar;C:\Users\HP\.m2\repository\org\apiguardian\apiguardian-api\1.1.2\apiguardian-api-1.1.2.jar;C:\Users\HP\.m2\repository\org\junit\jupiter\junit-jupiter-engine\5.8.2\junit-jupiter-engine-5.8.2.jar;C:\Users\HP\.m2\repository\org\junit\jupiter\junit-jupiter-api\5.8.2\junit-jupiter-api-5.8.2.jar;C:\Users\HP\.m2\repository\org\junit\vintage\junit-vintage-engine\5.8.2\junit-vintage-engine-5.8.2.jar;C:\Users\HP\.m2\repository\junit\junit\4.13.2\junit-4.13.2.jar;C:\Users\HP\.m2\repository\org\hamcrest\hamcrest-core\1.3\hamcrest-core-1.3.jar;C:\Users\HP\.m2\repository\ch\qos\logback\logback-classic\1.2.10\logback-classic-1.2.10.jar;C:\Users\HP\.m2\repository\ch\qos\logback\logback-core\1.2.10\logback-core-1.2.10.jar;C:\Users\HP\.m2\repository\org\slf4j\slf4j-api\1.7.32\slf4j-api-1.7.32.jar;C:\Users\HP\.m2\repository\org\assertj\assertj-core\3.23.1\assertj-core-3.23.1.jar;C:\Users\HP\.m2\repository\net\bytebuddy\byte-buddy\1.12.10\byte-buddy-1.12.10.jar;C:\Users\HP\.m2\repository\net\serenity-bdd\serenity-rest-assured\3.5.1\serenity-rest-assured-3.5.1.jar;C:\Users\HP\.m2\repository\org\apache\groovy\groovy-json\4.0.6\groovy-json-4.0.6.jar;C:\Users\HP\.m2\repository\org\apache\groovy\groovy-xml\4.0.6\groovy-xml-4.0.6.jar;C:\Users\HP\.m2\repository\org\opentest4j\opentest4j\1.2.0\opentest4j-1.2.0.jar;C:\Users\HP\.m2\repository\io\rest-assured\rest-assured\5.3.0\rest-assured-5.3.0.jar;C:\Users\HP\.m2\repository\org\apache\httpcomponents\httpmime\4.5.13\httpmime-4.5.13.jar;C:\Users\HP\.m2\repository\org\ccil\cowan\tagsoup\tagsoup\1.2.1\tagsoup-1.2.1.jar;C:\Users\HP\.m2\repository\io\rest-assured\json-path\5.3.0\json-path-5.3.0.jar;C:\Users\HP\.m2\repository\io\rest-assured\rest-assured-common\5.3.0\rest-assured-common-5.3.0.jar;C:\Users\HP\.m2\repository\io\rest-assured\xml-path\5.2.0\xml-path-5.2.0.jar;C:\Users\HP\.m2\repository\org\hamcrest\hamcrest\2.2\hamcrest-2.2.jar;C:\Users\HP\.m2\repository\org\json\json\20230227\json-20230227.jar;C:\Users\HP\.m2\repository\com\github\javafaker\javafaker\0.14\javafaker-0.14.jar;C:\Users\HP\.m2\repository\org\yaml\snakeyaml\1.19\snakeyaml-1.19-android.jar;C:\Users\HP\.m2\repository\com\github\mifmif\generex\1.0.2\generex-1.0.2.jar;C:\Users\HP\.m2\repository\dk\brics\automaton\automaton\1.11-8\automaton-1.11-8.jar;C:\Users\HP\.m2\repository\org\testng\testng\7.7.0\testng-7.7.0.jar;C:\Users\HP\.m2\repository\com\beust\jcommander\1.82\jcommander-1.82.jar;C:\Users\HP\.m2\repository\org\webjars\jquery\3.6.1\jquery-3.6.1.jar;C:\Users\HP\.m2\repository\com\github\rjeschke\txtmark\0.13\txtmark-0.13.jar;C:\Users\HP\.m2\repository\org\lucee\txtmark\0.16.0\txtmark-0.16.0.jar;C:\Users\HP\.m2\repository\com\github\com-github-javabdd\com.github.javabdd\4.0.0\com.github.javabdd-4.0.0.jar;C:\Users\HP\.m2\repository\com\github\aniketwadkar78\com.github.aniketwadkar78\1.0.3\com.github.aniketwadkar78-1.0.3.jar;C:\Users\HP\.m2\repository\com\github\jovanikos\com.github.jovanikos\1.1\com.github.jovanikos-1.1.jar;C:\Users\HP\.m2\repository\com\auth0\java-jwt\3.8.3\java-jwt-3.8.3.jar;C:\Users\HP\.m2\repository\org\springframework\spring-context\5.2.1.RELEASE\spring-context-5.2.1.RELEASE.jar;C:\Users\HP\.m2\repository\org\springframework\spring-aop\5.2.1.RELEASE\spring-aop-5.2.1.RELEASE.jar;C:\Users\HP\.m2\repository\org\springframework\spring-beans\5.2.1.RELEASE\spring-beans-5.2.1.RELEASE.jar;C:\Users\HP\.m2\repository\org\springframework\spring-core\5.2.1.RELEASE\spring-core-5.2.1.RELEASE.jar;C:\Users\HP\.m2\repository\org\springframework\spring-jcl\5.2.1.RELEASE\spring-jcl-5.2.1.RELEASE.jar;C:\Users\HP\.m2\repository\org\springframework\spring-expression\5.2.1.RELEASE\spring-expression-5.2.1.RELEASE.jar;C:\Users\HP\.m2\repository\org\apache\maven\surefire\surefire-junit-platform\3.0.0-M5\surefire-junit-platform-3.0.0-M5.jar;C:\Users\HP\.m2\repository\org\apache\maven\surefire\common-java5\3.0.0-M5\common-java5-3.0.0-M5.jar"/>
    <property name="user.script" value=""/>
    <property name="sun.management.compiler" value="HotSpot 64-Bit Tiered Compilers"/>
    <property name="java.runtime.version" value="19.0.2+7-44"/>
    <property name="user.name" value="HP"/>
    <property name="stdout.encoding" value="Cp1252"/>
    <property name="path.separator" value=";"/>
    <property name="os.version" value="10.0"/>
    <property name="java.runtime.name" value="Java(TM) SE Runtime Environment"/>
    <property name="file.encoding" value="UTF-8"/>
    <property name="java.vm.name" value="Java HotSpot(TM) 64-Bit Server VM"/>
    <property name="localRepository" value="C:\Users\HP\.m2\repository"/>
    <property name="java.vendor.url.bug" value="https://bugreport.java.com/bugreport/"/>
    <property name="java.io.tmpdir" value="C:\Users\HP\AppData\Local\Temp\"/>
    <property name="java.version" value="19.0.2"/>
    <property name="user.dir" value="C:\Dev\CapstoneProjectBaru\SKUYPAY API AUTOMATION"/>
    <property name="os.arch" value="amd64"/>
    <property name="java.vm.specification.name" value="Java Virtual Machine Specification"/>
    <property name="sun.os.patch.level" value=""/>
    <property name="native.encoding" value="Cp1252"/>
    <property name="java.library.path" value="C:\Program Files\Java\jdk-19\bin;C:\WINDOWS\Sun\Java\bin;C:\WINDOWS\system32;C:\WINDOWS;C:\Program Files\Common Files\Oracle\Java\javapath;C:\Program Files\Java\jdk1.8.0_361\bin;c:\Program Files (x86)\Common Files\Intel\Shared Files\cpp\bin\Intel64;C:\WINDOWS\system32;C:\WINDOWS;C:\WINDOWS\System32\Wbem;C:\WINDOWS\System32\WindowsPowerShell\v1.0\;C:\WINDOWS\System32\OpenSSH\;C:\Users\apache-maven-3.9.1-bin\bin;%MAVEN_HOME%\bin;C:\Users\HP\AppData\Local\Android\Sdk;C:\Users\HP\AppData\Local\Android\Sdk\platform-tools;C:\Program Files\nodejs\;C:\Program Files\Git\cmd;C:\Users\HP\AppData\Local\Microsoft\WindowsApps;C:\Program Files\JetBrains\IntelliJ IDEA Community Edition 2022.3.2\bin;C:\Users\HP\AppData\Local\GitHubDesktop\bin;C:\Users\HP\AppData\Local\Programs\Microsoft VS Code\bin;C:\Users\HP\AppData\Roaming\npm;C:\Users\HP\AppData\Local\gitkraken\bin;."/>
    <property name="java.vm.info" value="mixed mode"/>
    <property name="stderr.encoding" value="Cp1252"/>
    <property name="java.vendor" value="Oracle Corporation"/>
    <property name="java.vm.version" value="19.0.2+7-44"/>
    <property name="sun.io.unicode.encoding" value="UnicodeLittle"/>
    <property name="java.class.version" value="63.0"/>
  </properties>
  <testcase name="User berhasil mengecek data status BPJS nya(Insurance " classname="Insurance (BPJS) untuk Insurance Biil Inquiry" time="8.338">
    <failure type="java.lang.AssertionError"><![CDATA[java.lang.AssertionError: 
1 expectation failed.
Expected status code <200> but was <500>.

]]></failure>
    <system-out><![CDATA[05:55:49.016 [main] DEBUG net.thucydides.core.guice.Injectors - Created injector for module net.thucydides.core.guice.ThucydidesModule
05:55:49.644 [main] INFO io.cucumber.core.plugin.SerenityReporter - Running feature from file:///C:/Dev/CapstoneProjectBaru/SKUYPAY%20API%20AUTOMATION/src/test/resources/features/AllRole/InsuranceBPJS/InsuranceBiilInquiry.feature
05:55:49.935 [main] DEBUG net.thucydides.core.guice.Injectors - Created injector for module net.thucydides.core.guice.webdriver.WebDriverModule
05:55:49.962 [main] INFO  - 

-------------------------------------------------------------------------------------
     _______. _______ .______       _______ .__   __.  __  .___________.____    ____ 
    /       ||   ____||   _  \     |   ____||  \ |  | |  | |           |\   \  /   / 
   |   (----`|  |__   |  |_)  |    |  |__   |   \|  | |  | `---|  |----` \   \/   /  
    \   \    |   __|  |      /     |   __|  |  . `  | |  |     |  |       \_    _/   
.----)   |   |  |____ |  |\  \----.|  |____ |  |\   | |  |     |  |         |  |     
|_______/    |_______|| _| `._____||_______||__| \__| |__|     |__|         |__|    
                                                                                     
 News and tutorials at http://www.serenity-bdd.info                                  
 Documentation at https://wakaleo.gitbooks.io/the-serenity-book/content/             
 Join the Serenity Community on Gitter: https://gitter.im/serenity-bdd/serenity-core 
 Serenity BDD Support and Training at http://serenity-bdd.info/#/trainingandsupport  
-------------------------------------------------------------------------------------

05:55:49.966 [main] DEBUG net.thucydides.core.steps.StepEventBus - Test suite started for story net.thucydides.core.model.Story@5664ea1e
05:55:49.969 [main] INFO  - Test Suite Started: Insurance (BPJS) untuk Insurance Biil Inquiry
05:55:50.014 [main] INFO io.cucumber.core.plugin.SerenityReporter - Running feature from file:///C:/Dev/CapstoneProjectBaru/SKUYPAY%20API%20AUTOMATION/src/test/resources/features/AllRole/InsuranceBPJS/InsurancePayBill.feature
05:55:50.020 [main] DEBUG net.thucydides.core.steps.StepEventBus - Test suite started for story net.thucydides.core.model.Story@ee2506f4
05:55:50.021 [main] INFO  - Test Suite Started: Insurance Pay Bill
05:55:50.021 [main] INFO io.cucumber.core.plugin.SerenityReporter - Running feature from file:///C:/Dev/CapstoneProjectBaru/SKUYPAY%20API%20AUTOMATION/src/test/resources/features/AllRole/InternetWIFI/GetInternetById.feature
05:55:50.037 [main] DEBUG net.thucydides.core.steps.StepEventBus - Test suite started for story net.thucydides.core.model.Story@89ffa6d4
05:55:50.038 [main] INFO  - Test Suite Started: Get Internet By Id
05:55:50.038 [main] INFO io.cucumber.core.plugin.SerenityReporter - Running feature from file:///C:/Dev/CapstoneProjectBaru/SKUYPAY%20API%20AUTOMATION/src/test/resources/features/AllRole/InternetWIFI/InternetPayBill.feature
05:55:50.045 [main] DEBUG net.thucydides.core.steps.StepEventBus - Test suite started for story net.thucydides.core.model.Story@8cb90b7d
05:55:50.045 [main] INFO  - Test Suite Started: Internet Pay Bill
05:55:50.046 [main] INFO io.cucumber.core.plugin.SerenityReporter - Running feature from file:///C:/Dev/CapstoneProjectBaru/SKUYPAY%20API%20AUTOMATION/src/test/resources/features/AllRole/PDAM/GetPDAMById.feature
05:55:50.053 [main] DEBUG net.thucydides.core.steps.StepEventBus - Test suite started for story net.thucydides.core.model.Story@e14b47e
05:55:50.054 [main] INFO  - Test Suite Started: Get PDAM By Id
05:55:50.054 [main] INFO io.cucumber.core.plugin.SerenityReporter - Running feature from file:///C:/Dev/CapstoneProjectBaru/SKUYPAY%20API%20AUTOMATION/src/test/resources/features/Auth/LoginUser.feature
05:55:50.064 [main] DEBUG net.thucydides.core.steps.StepEventBus - Test suite started for story net.thucydides.core.model.Story@e144bb66
05:55:50.065 [main] INFO  - Test Suite Started: Login User
05:55:50.065 [main] INFO io.cucumber.core.plugin.SerenityReporter - Running feature from file:///C:/Dev/CapstoneProjectBaru/SKUYPAY%20API%20AUTOMATION/src/test/resources/features/User/UpdateImage.feature
05:55:50.075 [main] DEBUG net.thucydides.core.steps.StepEventBus - Test suite started for story net.thucydides.core.model.Story@85113e5f
05:55:50.076 [main] INFO  - Test Suite Started: Update Image
05:55:50.076 [main] INFO io.cucumber.core.plugin.SerenityReporter - Running feature from file:///C:/Dev/CapstoneProjectBaru/SKUYPAY%20API%20AUTOMATION/src/test/resources/features/admin/DeletePPDbyAdmin.feature
05:55:50.085 [main] DEBUG net.thucydides.core.steps.StepEventBus - Test suite started for story net.thucydides.core.model.Story@9f3f018d
05:55:50.086 [main] INFO  - Test Suite Started: Delete PPD use id by Admin
05:55:50.087 [main] INFO io.cucumber.core.plugin.SerenityReporter - Running feature from file:///C:/Dev/CapstoneProjectBaru/SKUYPAY%20API%20AUTOMATION/src/test/resources/features/admin/GetAllPPDbyAdmin.feature
05:55:50.097 [main] DEBUG net.thucydides.core.steps.StepEventBus - Test suite started for story net.thucydides.core.model.Story@7eee90c2
05:55:50.097 [main] INFO  - Test Suite Started: Get All PPD by Admin
05:55:50.099 [main] INFO io.cucumber.core.plugin.SerenityReporter - Running feature from file:///C:/Dev/CapstoneProjectBaru/SKUYPAY%20API%20AUTOMATION/src/test/resources/features/AllRole/InsuranceBPJS/InsuranceBiilInquiry.feature
05:55:50.105 [main] DEBUG net.thucydides.core.steps.StepEventBus - Test suite started for story net.thucydides.core.model.Story@5664ea1e
05:55:50.106 [main] INFO  - Test Suite Started: Insurance (BPJS) untuk Insurance Biil Inquiry

@Insurance-Biil-Inquiry-01
Scenario: User berhasil mengecek data status BPJS nya                       &amp#27;[90m# src/test/resources/features/AllRole/InsuranceBPJS/InsuranceBiilInquiry.feature:4&amp#27;[0m
05:55:50.309 [main] INFO io.cucumber.core.plugin.SerenityReporter - Running feature from file:///C:/Dev/CapstoneProjectBaru/SKUYPAY%20API%20AUTOMATION/src/test/resources/features/AllRole/InsuranceBPJS/InsuranceBiilInquiry.feature
05:55:50.563 [main] INFO  - 
  _____   ___   ___   _____     ___   _____     _     ___   _____   ___   ___  
 |_   _| | __| / __| |_   _|   / __| |_   _|   /_\   | _ \ |_   _| | __| |   \ 
   | |   | _|  \__ \   | |     \__ \   | |    / _ \  |   /   | |   | _|  | |) |
   |_|   |___| |___/   |_|     |___/   |_|   /_/ \_\ |_|_\   |_|   |___| |___/ 

User berhasil mengecek data status BPJS nya(insurance-(bpjs)-untuk-insurance-biil-inquiry;user-berhasil-mengecek-data-status-bpjs-nya)
--------------------------------------------------------------------------------
05:55:50.686 [main] DEBUG net.thucydides.core.requirements.FileSystemRequirementsTagProvider - Loading requirements from directory: C:\Dev\CapstoneProjectBaru\SKUYPAY API AUTOMATION\src\test\resources\features\admin (C:\Dev\CapstoneProjectBaru\SKUYPAY API AUTOMATION\src\test\resources\features\admin)
05:55:50.686 [main] DEBUG net.thucydides.core.requirements.FileSystemRequirementsTagProvider - Get requirements type for: C:\Dev\CapstoneProjectBaru\SKUYPAY API AUTOMATION\src\test\resources\features\admin (C:\Dev\CapstoneProjectBaru\SKUYPAY API AUTOMATION\src\test\resources\features\admin)
05:55:50.760 [main] DEBUG net.thucydides.core.requirements.FileSystemRequirementsTagProvider - Loading requirements from directory: C:\Dev\CapstoneProjectBaru\SKUYPAY API AUTOMATION\src\test\resources\features\AllRole (C:\Dev\CapstoneProjectBaru\SKUYPAY API AUTOMATION\src\test\resources\features\AllRole)
05:55:50.760 [main] DEBUG net.thucydides.core.requirements.FileSystemRequirementsTagProvider - Get requirements type for: C:\Dev\CapstoneProjectBaru\SKUYPAY API AUTOMATION\src\test\resources\features\AllRole (C:\Dev\CapstoneProjectBaru\SKUYPAY API AUTOMATION\src\test\resources\features\AllRole)
05:55:50.775 [main] DEBUG net.thucydides.core.requirements.FileSystemRequirementsTagProvider - Loading requirements from directory: C:\Dev\CapstoneProjectBaru\SKUYPAY API AUTOMATION\src\test\resources\features\AllRole\InsuranceBPJS (C:\Dev\CapstoneProjectBaru\SKUYPAY API AUTOMATION\src\test\resources\features\AllRole\InsuranceBPJS)
05:55:50.776 [main] DEBUG net.thucydides.core.requirements.FileSystemRequirementsTagProvider - Get requirements type for: C:\Dev\CapstoneProjectBaru\SKUYPAY API AUTOMATION\src\test\resources\features\AllRole\InsuranceBPJS (C:\Dev\CapstoneProjectBaru\SKUYPAY API AUTOMATION\src\test\resources\features\AllRole\InsuranceBPJS)
05:55:50.810 [main] DEBUG net.thucydides.core.requirements.FileSystemRequirementsTagProvider - Loading requirements from directory: C:\Dev\CapstoneProjectBaru\SKUYPAY API AUTOMATION\src\test\resources\features\AllRole\InternetWIFI (C:\Dev\CapstoneProjectBaru\SKUYPAY API AUTOMATION\src\test\resources\features\AllRole\InternetWIFI)
05:55:50.810 [main] DEBUG net.thucydides.core.requirements.FileSystemRequirementsTagProvider - Get requirements type for: C:\Dev\CapstoneProjectBaru\SKUYPAY API AUTOMATION\src\test\resources\features\AllRole\InternetWIFI (C:\Dev\CapstoneProjectBaru\SKUYPAY API AUTOMATION\src\test\resources\features\AllRole\InternetWIFI)
05:55:50.844 [main] DEBUG net.thucydides.core.requirements.FileSystemRequirementsTagProvider - Loading requirements from directory: C:\Dev\CapstoneProjectBaru\SKUYPAY API AUTOMATION\src\test\resources\features\AllRole\PDAM (C:\Dev\CapstoneProjectBaru\SKUYPAY API AUTOMATION\src\test\resources\features\AllRole\PDAM)
05:55:50.845 [main] DEBUG net.thucydides.core.requirements.FileSystemRequirementsTagProvider - Get requirements type for: C:\Dev\CapstoneProjectBaru\SKUYPAY API AUTOMATION\src\test\resources\features\AllRole\PDAM (C:\Dev\CapstoneProjectBaru\SKUYPAY API AUTOMATION\src\test\resources\features\AllRole\PDAM)
05:55:50.868 [main] DEBUG net.thucydides.core.requirements.FileSystemRequirementsTagProvider - Loading requirements from directory: C:\Dev\CapstoneProjectBaru\SKUYPAY API AUTOMATION\src\test\resources\features\Auth (C:\Dev\CapstoneProjectBaru\SKUYPAY API AUTOMATION\src\test\resources\features\Auth)
05:55:50.868 [main] DEBUG net.thucydides.core.requirements.FileSystemRequirementsTagProvider - Get requirements type for: C:\Dev\CapstoneProjectBaru\SKUYPAY API AUTOMATION\src\test\resources\features\Auth (C:\Dev\CapstoneProjectBaru\SKUYPAY API AUTOMATION\src\test\resources\features\Auth)
05:55:50.891 [main] DEBUG net.thucydides.core.requirements.FileSystemRequirementsTagProvider - Loading requirements from directory: C:\Dev\CapstoneProjectBaru\SKUYPAY API AUTOMATION\src\test\resources\features\User (C:\Dev\CapstoneProjectBaru\SKUYPAY API AUTOMATION\src\test\resources\features\User)
05:55:50.892 [main] DEBUG net.thucydides.core.requirements.FileSystemRequirementsTagProvider - Get requirements type for: C:\Dev\CapstoneProjectBaru\SKUYPAY API AUTOMATION\src\test\resources\features\User (C:\Dev\CapstoneProjectBaru\SKUYPAY API AUTOMATION\src\test\resources\features\User)
05:55:51.697 [main] DEBUG net.thucydides.core.steps.StepInterceptor - STARTING STEP: InsuranceBiilInquirySteps.iHaveEndpointAuthLoginForInsuranceBiilInquiry - I have endpoint auth
05:55:51.702 [main] DEBUG net.thucydides.core.steps.StepInterceptor - STEP DONE: I have endpoint auth
  &amp#27;[32mGiven &amp#27;[0m&amp#27;[32mUser have endpoint auth login for insurance biil inquiry&amp#27;[0m            &amp#27;[90m# starter.stepdefinitions.AllRole.InsuranceBPJS.InsuranceBiilInquirySteps.iHaveEndpointAuthLoginForInsuranceBiilInquiry()&amp#27;[0m
05:55:51.722 [main] DEBUG net.thucydides.core.steps.StepInterceptor - STARTING STEP: InsuranceBiilInquirySteps.iSendEndpointAuthForInsuranceBiilInquiryAndGetToken - I send endpoint auth and get token
05:55:55.423 [main] DEBUG net.thucydides.core.steps.StepInterceptor - STARTING STEP: InsuranceBiilInquiry.iSendEndpointAuthandGetToken - I have endpoint auth
05:55:55.423 [main] DEBUG net.thucydides.core.steps.StepInterceptor - STEP DONE: I have endpoint auth
05:55:56.772 [main] DEBUG org.apache.http.impl.conn.BasicClientConnectionManager - Get connection for route {}->http://34.101.78.228:2424
05:55:56.788 [main] DEBUG org.apache.http.impl.conn.DefaultClientConnectionOperator - Connecting to 34.101.78.228:2424
05:55:56.844 [main] DEBUG org.apache.http.client.protocol.RequestAddCookies - CookieSpec selected: ignoreCookies
05:55:56.846 [main] DEBUG org.apache.http.client.protocol.RequestAuthCache - Auth cache not set in the context
05:55:56.846 [main] DEBUG org.apache.http.client.protocol.RequestTargetAuthentication - Target auth state: UNCHALLENGED
05:55:56.847 [main] DEBUG org.apache.http.client.protocol.RequestProxyAuthentication - Proxy auth state: UNCHALLENGED
05:55:56.847 [main] DEBUG org.apache.http.impl.client.DefaultHttpClient - Attempt 1 to execute request
05:55:56.847 [main] DEBUG org.apache.http.impl.conn.DefaultClientConnection - Sending request: POST /api/v1/login HTTP/1.1
05:55:56.847 [main] DEBUG org.apache.http.wire -  >> "POST /api/v1/login HTTP/1.1[\r][\n]"
05:55:56.849 [main] DEBUG org.apache.http.wire -  >> "Accept: */*[\r][\n]"
05:55:56.849 [main] DEBUG org.apache.http.wire -  >> "Content-Type: application/json[\r][\n]"
05:55:56.849 [main] DEBUG org.apache.http.wire -  >> "Content-Length: 50[\r][\n]"
05:55:56.849 [main] DEBUG org.apache.http.wire -  >> "Host: 34.101.78.228:2424[\r][\n]"
05:55:56.849 [main] DEBUG org.apache.http.wire -  >> "Connection: Keep-Alive[\r][\n]"
05:55:56.849 [main] DEBUG org.apache.http.wire -  >> "User-Agent: Apache-HttpClient/4.5.13 (Java/19.0.2)[\r][\n]"
05:55:56.849 [main] DEBUG org.apache.http.wire -  >> "Accept-Encoding: gzip,deflate[\r][\n]"
05:55:56.849 [main] DEBUG org.apache.http.wire -  >> "[\r][\n]"
05:55:56.849 [main] DEBUG org.apache.http.headers - >> POST /api/v1/login HTTP/1.1
05:55:56.849 [main] DEBUG org.apache.http.headers - >> Accept: */*
05:55:56.849 [main] DEBUG org.apache.http.headers - >> Content-Type: application/json
05:55:56.850 [main] DEBUG org.apache.http.headers - >> Content-Length: 50
05:55:56.850 [main] DEBUG org.apache.http.headers - >> Host: 34.101.78.228:2424
05:55:56.850 [main] DEBUG org.apache.http.headers - >> Connection: Keep-Alive
05:55:56.850 [main] DEBUG org.apache.http.headers - >> User-Agent: Apache-HttpClient/4.5.13 (Java/19.0.2)
05:55:56.850 [main] DEBUG org.apache.http.headers - >> Accept-Encoding: gzip,deflate
05:55:56.850 [main] DEBUG org.apache.http.wire -  >> "{"password":"12345678","email":"melmel@gmail.com"}"
05:55:56.948 [main] DEBUG org.apache.http.wire -  << "HTTP/1.1 200 OK[\r][\n]"
05:55:56.950 [main] DEBUG org.apache.http.wire -  << "Content-Type: application/json; charset=UTF-8[\r][\n]"
05:55:56.951 [main] DEBUG org.apache.http.wire -  << "Vary: Origin[\r][\n]"
05:55:56.951 [main] DEBUG org.apache.http.wire -  << "Date: Thu, 22 Jun 2023 22:55:53 GMT[\r][\n]"
05:55:56.951 [main] DEBUG org.apache.http.wire -  << "Content-Length: 405[\r][\n]"
05:55:56.952 [main] DEBUG org.apache.http.wire -  << "[\r][\n]"
05:55:56.953 [main] DEBUG org.apache.http.impl.conn.DefaultClientConnection - Receiving response: HTTP/1.1 200 OK
05:55:56.953 [main] DEBUG org.apache.http.headers - << HTTP/1.1 200 OK
05:55:56.953 [main] DEBUG org.apache.http.headers - << Content-Type: application/json; charset=UTF-8
05:55:56.953 [main] DEBUG org.apache.http.headers - << Vary: Origin
05:55:56.953 [main] DEBUG org.apache.http.headers - << Date: Thu, 22 Jun 2023 22:55:53 GMT
05:55:56.953 [main] DEBUG org.apache.http.headers - << Content-Length: 405
05:55:56.960 [main] DEBUG org.apache.http.impl.client.DefaultHttpClient - Connection can be kept alive indefinitely
05:55:56.968 [main] DEBUG io.restassured.internal.RestAssuredHttpBuilder - Parsing response as: application/json; charset=UTF-8
05:55:56.969 [main] DEBUG io.restassured.internal.RestAssuredHttpBuilder - Parsed data to instance of: class org.apache.http.conn.EofSensorInputStream
05:55:57.044 [main] DEBUG org.apache.http.wire -  << "{"data":{"id":"85e13c3f-613d-4059-baa4-d31db99ef116","name":"mel","email":"melmel@gmail.com","token":"eyJhbGciOiJIUzI1NiIsInR5cCI6IkpXVCJ9.eyJhdXRob3JpemVkIjp0cnVlLCJleHAiOjE2OTAwNjY1NTMsInVzZXJJZCI6Ijg1ZTEzYzNmLTYxM2QtNDA1OS1iYWE0LWQzMWRiOTllZjExNiIsInVzZXJfdHlwZSI6InVzZXIifQ.ylDKlZ3ZXl9or83qH5_Slme-ZQbpvuIn3YmX7nEY600"},"metadata":{"status":200,"message":"User Login successfully"},"pagination":null}[\n]"
05:55:57.045 [main] DEBUG org.apache.http.impl.conn.BasicClientConnectionManager - Releasing connection org.apache.http.impl.conn.ManagedClientConnectionImpl@432a6a69
05:55:57.046 [main] DEBUG org.apache.http.impl.conn.BasicClientConnectionManager - Connection can be kept alive indefinitely
05:55:58.038 [main] DEBUG net.thucydides.core.steps.StepInterceptor - STEP DONE: I send endpoint auth and get token
  &amp#27;[32mWhen &amp#27;[0m&amp#27;[32mUser send endpoint auth for insurance biil inquiry and get token&amp#27;[0m     &amp#27;[90m# starter.stepdefinitions.AllRole.InsuranceBPJS.InsuranceBiilInquirySteps.iSendEndpointAuthForInsuranceBiilInquiryAndGetToken()&amp#27;[0m
05:55:58.049 [main] DEBUG net.thucydides.core.steps.StepInterceptor - STARTING STEP: InsuranceBiilInquirySteps.iSetInsuranceBiilInquiryEndpoint - I set api endpoint
05:55:58.050 [main] DEBUG net.thucydides.core.steps.StepInterceptor - STEP DONE: I set api endpoint
  &amp#27;[32mThen &amp#27;[0m&amp#27;[32mUser set insurance biil inquiry endpoint&amp#27;[0m                             &amp#27;[90m# starter.stepdefinitions.AllRole.InsuranceBPJS.InsuranceBiilInquirySteps.iSetInsuranceBiilInquiryEndpoint()&amp#27;[0m
05:55:58.060 [main] DEBUG net.thucydides.core.steps.StepInterceptor - STARTING STEP: InsuranceBiilInquirySteps.iSendHTTPRequestForInsuranceBiilInquiry - I send HTTP request
05:55:58.066 [main] DEBUG net.thucydides.core.steps.StepInterceptor - STARTING STEP: InsuranceBiilInquiry.iSendHTTPRequest - I set api endpoint
05:55:58.066 [main] DEBUG net.thucydides.core.steps.StepInterceptor - STEP DONE: I set api endpoint
05:55:58.108 [main] DEBUG org.apache.http.impl.conn.BasicClientConnectionManager - Get connection for route {}->http://34.101.78.228:2424
05:55:58.108 [main] DEBUG org.apache.http.impl.conn.DefaultClientConnectionOperator - Connecting to 34.101.78.228:2424
05:55:58.126 [main] DEBUG org.apache.http.client.protocol.RequestAddCookies - CookieSpec selected: ignoreCookies
05:55:58.127 [main] DEBUG org.apache.http.client.protocol.RequestAuthCache - Auth cache not set in the context
05:55:58.127 [main] DEBUG org.apache.http.client.protocol.RequestProxyAuthentication - Proxy auth state: UNCHALLENGED
05:55:58.127 [main] DEBUG org.apache.http.impl.client.DefaultHttpClient - Attempt 1 to execute request
05:55:58.127 [main] DEBUG org.apache.http.impl.conn.DefaultClientConnection - Sending request: POST /api/v1/insurance/inquiry HTTP/1.1
05:55:58.127 [main] DEBUG org.apache.http.wire -  >> "POST /api/v1/insurance/inquiry HTTP/1.1[\r][\n]"
05:55:58.127 [main] DEBUG org.apache.http.wire -  >> "Authorization: Bearer eyJhbGciOiJIUzI1NiIsInR5cCI6IkpXVCJ9.eyJhdXRob3JpemVkIjp0cnVlLCJleHAiOjE2OTAwNjY1NTMsInVzZXJJZCI6Ijg1ZTEzYzNmLTYxM2QtNDA1OS1iYWE0LWQzMWRiOTllZjExNiIsInVzZXJfdHlwZSI6InVzZXIifQ.ylDKlZ3ZXl9or83qH5_Slme-ZQbpvuIn3YmX7nEY600[\r][\n]"
05:55:58.128 [main] DEBUG org.apache.http.wire -  >> "Accept: application/json[\r][\n]"
05:55:58.128 [main] DEBUG org.apache.http.wire -  >> "Content-Type: application/json[\r][\n]"
05:55:58.128 [main] DEBUG org.apache.http.wire -  >> "Content-Length: 106[\r][\n]"
05:55:58.128 [main] DEBUG org.apache.http.wire -  >> "Host: 34.101.78.228:2424[\r][\n]"
05:55:58.128 [main] DEBUG org.apache.http.wire -  >> "Connection: Keep-Alive[\r][\n]"
05:55:58.128 [main] DEBUG org.apache.http.wire -  >> "User-Agent: Apache-HttpClient/4.5.13 (Java/19.0.2)[\r][\n]"
05:55:58.128 [main] DEBUG org.apache.http.wire -  >> "Accept-Encoding: gzip,deflate[\r][\n]"
05:55:58.129 [main] DEBUG org.apache.http.wire -  >> "[\r][\n]"
05:55:58.129 [main] DEBUG org.apache.http.headers - >> POST /api/v1/insurance/inquiry HTTP/1.1
05:55:58.129 [main] DEBUG org.apache.http.headers - >> Authorization: Bearer eyJhbGciOiJIUzI1NiIsInR5cCI6IkpXVCJ9.eyJhdXRob3JpemVkIjp0cnVlLCJleHAiOjE2OTAwNjY1NTMsInVzZXJJZCI6Ijg1ZTEzYzNmLTYxM2QtNDA1OS1iYWE0LWQzMWRiOTllZjExNiIsInVzZXJfdHlwZSI6InVzZXIifQ.ylDKlZ3ZXl9or83qH5_Slme-ZQbpvuIn3YmX7nEY600
05:55:58.129 [main] DEBUG org.apache.http.headers - >> Accept: application/json
05:55:58.129 [main] DEBUG org.apache.http.headers - >> Content-Type: application/json
05:55:58.129 [main] DEBUG org.apache.http.headers - >> Content-Length: 106
05:55:58.129 [main] DEBUG org.apache.http.headers - >> Host: 34.101.78.228:2424
05:55:58.129 [main] DEBUG org.apache.http.headers - >> Connection: Keep-Alive
05:55:58.129 [main] DEBUG org.apache.http.headers - >> User-Agent: Apache-HttpClient/4.5.13 (Java/19.0.2)
05:55:58.129 [main] DEBUG org.apache.http.headers - >> Accept-Encoding: gzip,deflate
05:55:58.129 [main] DEBUG org.apache.http.wire -  >> "{"product_id":"BPJSKS","customer_id":"0001169655783","discount_id":"722abee6-f0bc-4cf7-9590-a447e7e3857b"}"
05:55:58.148 [main] DEBUG org.apache.http.wire -  << "HTTP/1.1 500 Internal Server Error[\r][\n]"
05:55:58.148 [main] DEBUG org.apache.http.wire -  << "Content-Type: application/json; charset=UTF-8[\r][\n]"
05:55:58.148 [main] DEBUG org.apache.http.wire -  << "Vary: Origin[\r][\n]"
05:55:58.148 [main] DEBUG org.apache.http.wire -  << "Date: Thu, 22 Jun 2023 22:55:54 GMT[\r][\n]"
05:55:58.149 [main] DEBUG org.apache.http.wire -  << "Content-Length: 44[\r][\n]"
05:55:58.149 [main] DEBUG org.apache.http.wire -  << "[\r][\n]"
05:55:58.149 [main] DEBUG org.apache.http.impl.conn.DefaultClientConnection - Receiving response: HTTP/1.1 500 Internal Server Error
05:55:58.149 [main] DEBUG org.apache.http.headers - << HTTP/1.1 500 Internal Server Error
05:55:58.149 [main] DEBUG org.apache.http.headers - << Content-Type: application/json; charset=UTF-8
05:55:58.149 [main] DEBUG org.apache.http.headers - << Vary: Origin
05:55:58.149 [main] DEBUG org.apache.http.headers - << Date: Thu, 22 Jun 2023 22:55:54 GMT
05:55:58.149 [main] DEBUG org.apache.http.headers - << Content-Length: 44
05:55:58.149 [main] DEBUG org.apache.http.impl.client.DefaultHttpClient - Connection can be kept alive indefinitely
05:55:58.149 [main] DEBUG io.restassured.internal.RestAssuredHttpBuilder - Parsing response as: application/json; charset=UTF-8
05:55:58.149 [main] DEBUG io.restassured.internal.RestAssuredHttpBuilder - Parsed data to instance of: class org.apache.http.conn.EofSensorInputStream
05:55:58.152 [main] DEBUG org.apache.http.wire -  << "{"error":"this month's bill has been paid"}[\n]"
05:55:58.152 [main] DEBUG org.apache.http.impl.conn.BasicClientConnectionManager - Releasing connection org.apache.http.impl.conn.ManagedClientConnectionImpl@c697186
05:55:58.152 [main] DEBUG org.apache.http.impl.conn.BasicClientConnectionManager - Connection can be kept alive indefinitely
05:55:58.153 [main] DEBUG net.thucydides.core.steps.StepInterceptor - STEP DONE: I send HTTP request
  &amp#27;[32mThen &amp#27;[0m&amp#27;[32mUser send HTTP request for insurance biil inquiry&amp#27;[0m                    &amp#27;[90m# starter.stepdefinitions.AllRole.InsuranceBPJS.InsuranceBiilInquirySteps.iSendHTTPRequestForInsuranceBiilInquiry()&amp#27;[0m
05:55:58.166 [main] DEBUG net.thucydides.core.steps.StepInterceptor - STARTING STEP: InsuranceBiilInquirySteps.iReceivedValidHTTPResponseCodeForInsuranceBiilInquiry - I received valid HTTP response code 200
  &amp#27;[31mAnd &amp#27;[0m&amp#27;[31mUser received valid HTTP response code &amp#27;[0m&amp#27;[31m&amp#27;[1m200&amp#27;[0m&amp#27;[31m for insurance biil inquiry&amp#27;[0m &amp#27;[90m# starter.stepdefinitions.AllRole.InsuranceBPJS.InsuranceBiilInquirySteps.iReceivedValidHTTPResponseCodeForInsuranceBiilInquiry(int)&amp#27;[0m
      &amp#27;[31mjava.lang.AssertionError: 1 expectation failed.
Expected status code <200> but was <500>.

	at java.base/jdk.internal.reflect.DirectConstructorHandleAccessor.newInstance(DirectConstructorHandleAccessor.java:67)
	at java.base/java.lang.reflect.Constructor.newInstanceWithCaller(Constructor.java:500)
	at java.base/java.lang.reflect.Constructor.newInstance(Constructor.java:484)
	at org.codehaus.groovy.reflection.CachedConstructor.invoke(CachedConstructor.java:73)
	at org.codehaus.groovy.runtime.callsite.ConstructorSite$ConstructorSiteNoUnwrapNoCoerce.callConstructor(ConstructorSite.java:108)
	at org.codehaus.groovy.runtime.callsite.CallSiteArray.defaultCallConstructor(CallSiteArray.java:57)
	at org.codehaus.groovy.runtime.callsite.AbstractCallSite.callConstructor(AbstractCallSite.java:263)
	at org.codehaus.groovy.runtime.callsite.AbstractCallSite.callConstructor(AbstractCallSite.java:277)
	at io.restassured.internal.ResponseSpecificationImpl$HamcrestAssertionClosure.validate(ResponseSpecificationImpl.groovy:512)
	at io.restassured.internal.ResponseSpecificationImpl$HamcrestAssertionClosure$validate$1.call(Unknown Source)
	at org.codehaus.groovy.runtime.callsite.CallSiteArray.defaultCall(CallSiteArray.java:45)
	at org.codehaus.groovy.runtime.callsite.AbstractCallSite.call(AbstractCallSite.java:125)
	at org.codehaus.groovy.runtime.callsite.AbstractCallSite.call(AbstractCallSite.java:139)
	at io.restassured.internal.ResponseSpecificationImpl.validateResponseIfRequired(ResponseSpecificationImpl.groovy:696)
	at io.restassured.internal.ResponseSpecificationImpl.this$2$validateResponseIfRequired(ResponseSpecificationImpl.groovy)
	at java.base/jdk.internal.reflect.DirectMethodHandleAccessor.invoke(DirectMethodHandleAccessor.java:104)
	at java.base/java.lang.reflect.Method.invoke(Method.java:578)
	at org.codehaus.groovy.runtime.callsite.PlainObjectMetaMethodSite.doInvoke(PlainObjectMetaMethodSite.java:43)
	at org.codehaus.groovy.runtime.callsite.PogoMetaMethodSite$PogoCachedMethodSiteNoUnwrapNoCoerce.invoke(PogoMetaMethodSite.java:198)
	at org.codehaus.groovy.runtime.callsite.PogoMetaMethodSite.callCurrent(PogoMetaMethodSite.java:62)
	at org.codehaus.groovy.runtime.callsite.CallSiteArray.defaultCallCurrent(CallSiteArray.java:49)
	at org.codehaus.groovy.runtime.callsite.AbstractCallSite.callCurrent(AbstractCallSite.java:171)
	at org.codehaus.groovy.runtime.callsite.AbstractCallSite.callCurrent(AbstractCallSite.java:185)
	at io.restassured.internal.ResponseSpecificationImpl.statusCode(ResponseSpecificationImpl.groovy:135)
	at io.restassured.specification.ResponseSpecification$statusCode$0.callCurrent(Unknown Source)
	at org.codehaus.groovy.runtime.callsite.CallSiteArray.defaultCallCurrent(CallSiteArray.java:49)
	at org.codehaus.groovy.runtime.callsite.AbstractCallSite.callCurrent(AbstractCallSite.java:171)
	at org.codehaus.groovy.runtime.callsite.AbstractCallSite.callCurrent(AbstractCallSite.java:185)
	at io.restassured.internal.ResponseSpecificationImpl.statusCode(ResponseSpecificationImpl.groovy:143)
	at io.restassured.internal.ValidatableResponseOptionsImpl.statusCode(ValidatableResponseOptionsImpl.java:89)
	at apiskuypay@1.0-SNAPSHOT/starter.api.AllRole.InsuranceBPJS.InsuranceBiilInquiry.lambda$iReceivedValidHTTPResponseCode$0(InsuranceBiilInquiry.java:57)
	at net.serenitybdd.rest.SerenityRest.restAssuredThat(SerenityRest.java:626)
	at apiskuypay@1.0-SNAPSHOT/starter.api.AllRole.InsuranceBPJS.InsuranceBiilInquiry.iReceivedValidHTTPResponseCode(InsuranceBiilInquiry.java:57)
	at apiskuypay@1.0-SNAPSHOT/starter.api.AllRole.InsuranceBPJS.InsuranceBiilInquiry$ByteBuddy$tGhjodD1.iReceivedValidHTTPResponseCode$accessor$NiMsoZRy(Unknown Source)
	at java.base/jdk.internal.reflect.DirectMethodHandleAccessor.invoke(DirectMethodHandleAccessor.java:104)
	at java.base/java.lang.reflect.Method.invoke(Method.java:578)
	at net.thucydides.core.steps.StepInterceptor.invokeMethod(StepInterceptor.java:503)
	at net.thucydides.core.steps.StepInterceptor.executeTestStepMethod(StepInterceptor.java:483)
	at net.thucydides.core.steps.StepInterceptor.runTestStep(StepInterceptor.java:457)
	at net.thucydides.core.steps.StepInterceptor.runOrSkipMethod(StepInterceptor.java:209)
	at net.thucydides.core.steps.StepInterceptor.testStepResult(StepInterceptor.java:196)
	at net.thucydides.core.steps.StepInterceptor.intercept(StepInterceptor.java:84)
	at net.thucydides.core.steps.ProxyConfiguration$InterceptorDispatcher.intercept(ProxyConfiguration.java:51)
	at apiskuypay@1.0-SNAPSHOT/starter.api.AllRole.InsuranceBPJS.InsuranceBiilInquiry$ByteBuddy$tGhjodD1.iReceivedValidHTTPResponseCode(Unknown Source)
	at apiskuypay@1.0-SNAPSHOT/starter.stepdefinitions.AllRole.InsuranceBPJS.InsuranceBiilInquirySteps.iReceivedValidHTTPResponseCodeForInsuranceBiilInquiry(InsuranceBiilInquirySteps.java:31)
	at ✽.User received valid HTTP response code 200 for insurance biil inquiry(file:///C:/Dev/CapstoneProjectBaru/SKUYPAY%20API%20AUTOMATION/src/test/resources/features/AllRole/InsuranceBPJS/InsuranceBiilInquiry.feature:9)
&amp#27;[0m
  &amp#27;[36mAnd &amp#27;[0m&amp#27;[36mUser received message success : Succesfully Get Bill&amp#27;[0m                  &amp#27;[90m# starter.stepdefinitions.AllRole.InsuranceBPJS.InsuranceBiilInquirySteps.iReceivedMessageSuccessSuccesfullyGetBill()&amp#27;[0m
05:55:58.312 [main] ERROR  - 
  _____   ___   ___   _____     ___     _     ___   _      ___   ___  
 |_   _| | __| / __| |_   _|   | __|   /_\   |_ _| | |    | __| |   \ 
   | |   | _|  \__ \   | |     | _|   / _ \   | |  | |__  | _|  | |) |
   |_|   |___| |___/   |_|     |_|   /_/ \_\ |___| |____| |___| |___/ 

User berhasil mengecek data status BPJS nya
-----------------------------------------------------------------------
05:55:58.315 [main] DEBUG  - RELATED ISSUES: 
05:55:58.432 [main] ERROR  -     Test failed at step: I received valid HTTP response code 200
05:55:58.433 [main] ERROR  -     1 expectation failed.Expected status code <200> but was <500>.
]]></system-out>
  </testcase>
  <testcase name="User berhasil membayar tagihan BPJS" classname="Insurance Pay Bill" time="0.535">
    <failure type="java.lang.AssertionError"><![CDATA[java.lang.AssertionError: 
1 expectation failed.
Expected status code <202> but was <500>.

]]></failure>
    <system-out><![CDATA[05:55:58.458 [main] INFO io.cucumber.core.plugin.SerenityReporter - Running feature from file:///C:/Dev/CapstoneProjectBaru/SKUYPAY%20API%20AUTOMATION/src/test/resources/features/AllRole/InsuranceBPJS/InsurancePayBill.feature
05:55:58.465 [main] DEBUG net.thucydides.core.steps.StepEventBus - Test suite started for story net.thucydides.core.model.Story@ee2506f4
05:55:58.466 [main] INFO  - Test Suite Started: Insurance Pay Bill

@Insurance-Pay-Bill-01
Scenario: User berhasil membayar tagihan BPJS                                &amp#27;[90m# src/test/resources/features/AllRole/InsuranceBPJS/InsurancePayBill.feature:4&amp#27;[0m
05:55:58.520 [main] INFO io.cucumber.core.plugin.SerenityReporter - Running feature from file:///C:/Dev/CapstoneProjectBaru/SKUYPAY%20API%20AUTOMATION/src/test/resources/features/AllRole/InsuranceBPJS/InsurancePayBill.feature
05:55:58.527 [main] INFO  - 
  _____   ___   ___   _____     ___   _____     _     ___   _____   ___   ___  
 |_   _| | __| / __| |_   _|   / __| |_   _|   /_\   | _ \ |_   _| | __| |   \ 
   | |   | _|  \__ \   | |     \__ \   | |    / _ \  |   /   | |   | _|  | |) |
   |_|   |___| |___/   |_|     |___/   |_|   /_/ \_\ |_|_\   |_|   |___| |___/ 

User berhasil membayar tagihan BPJS(insurance-pay-bill;user-berhasil-membayar-tagihan-bpjs)
--------------------------------------------------------------------------------
05:55:58.574 [main] DEBUG net.thucydides.core.steps.StepInterceptor - STARTING STEP: InsurancePayBillSteps.userHaveEndpointAuthLoginForInsurancePayBill - I have endpoint auth
05:55:58.575 [main] DEBUG net.thucydides.core.steps.StepInterceptor - STEP DONE: I have endpoint auth
  &amp#27;[32mGiven &amp#27;[0m&amp#27;[32mUser have endpoint auth login for insurance pay bill&amp#27;[0m                 &amp#27;[90m# starter.stepdefinitions.AllRole.InsuranceBPJS.InsurancePayBillSteps.userHaveEndpointAuthLoginForInsurancePayBill()&amp#27;[0m
05:55:58.583 [main] DEBUG net.thucydides.core.steps.StepInterceptor - STARTING STEP: InsurancePayBillSteps.userSendEndpointAuthForInsurancePayBillAndGetToken - I send endpoint auth and get token
05:55:58.590 [main] DEBUG net.thucydides.core.steps.StepInterceptor - STARTING STEP: InsurancePayBill.sendEndpointAuthandGetToken - I have endpoint auth
05:55:58.591 [main] DEBUG net.thucydides.core.steps.StepInterceptor - STEP DONE: I have endpoint auth
05:55:58.636 [main] DEBUG org.apache.http.impl.conn.BasicClientConnectionManager - Get connection for route {}->http://34.101.78.228:2424
05:55:58.637 [main] DEBUG org.apache.http.impl.conn.DefaultClientConnectionOperator - Connecting to 34.101.78.228:2424
05:55:58.659 [main] DEBUG org.apache.http.client.protocol.RequestAddCookies - CookieSpec selected: ignoreCookies
05:55:58.659 [main] DEBUG org.apache.http.client.protocol.RequestAuthCache - Auth cache not set in the context
05:55:58.659 [main] DEBUG org.apache.http.client.protocol.RequestTargetAuthentication - Target auth state: UNCHALLENGED
05:55:58.659 [main] DEBUG org.apache.http.client.protocol.RequestProxyAuthentication - Proxy auth state: UNCHALLENGED
05:55:58.659 [main] DEBUG org.apache.http.impl.client.DefaultHttpClient - Attempt 1 to execute request
05:55:58.659 [main] DEBUG org.apache.http.impl.conn.DefaultClientConnection - Sending request: POST /api/v1/login HTTP/1.1
05:55:58.660 [main] DEBUG org.apache.http.wire -  >> "POST /api/v1/login HTTP/1.1[\r][\n]"
05:55:58.660 [main] DEBUG org.apache.http.wire -  >> "Accept: */*[\r][\n]"
05:55:58.660 [main] DEBUG org.apache.http.wire -  >> "Content-Type: application/json[\r][\n]"
05:55:58.660 [main] DEBUG org.apache.http.wire -  >> "Content-Length: 50[\r][\n]"
05:55:58.660 [main] DEBUG org.apache.http.wire -  >> "Host: 34.101.78.228:2424[\r][\n]"
05:55:58.660 [main] DEBUG org.apache.http.wire -  >> "Connection: Keep-Alive[\r][\n]"
05:55:58.660 [main] DEBUG org.apache.http.wire -  >> "User-Agent: Apache-HttpClient/4.5.13 (Java/19.0.2)[\r][\n]"
05:55:58.660 [main] DEBUG org.apache.http.wire -  >> "Accept-Encoding: gzip,deflate[\r][\n]"
05:55:58.661 [main] DEBUG org.apache.http.wire -  >> "[\r][\n]"
05:55:58.661 [main] DEBUG org.apache.http.headers - >> POST /api/v1/login HTTP/1.1
05:55:58.661 [main] DEBUG org.apache.http.headers - >> Accept: */*
05:55:58.661 [main] DEBUG org.apache.http.headers - >> Content-Type: application/json
05:55:58.661 [main] DEBUG org.apache.http.headers - >> Content-Length: 50
05:55:58.661 [main] DEBUG org.apache.http.headers - >> Host: 34.101.78.228:2424
05:55:58.661 [main] DEBUG org.apache.http.headers - >> Connection: Keep-Alive
05:55:58.661 [main] DEBUG org.apache.http.headers - >> User-Agent: Apache-HttpClient/4.5.13 (Java/19.0.2)
05:55:58.661 [main] DEBUG org.apache.http.headers - >> Accept-Encoding: gzip,deflate
05:55:58.661 [main] DEBUG org.apache.http.wire -  >> "{"password":"12345678","email":"melmel@gmail.com"}"
05:55:58.765 [main] DEBUG org.apache.http.wire -  << "HTTP/1.1 200 OK[\r][\n]"
05:55:58.765 [main] DEBUG org.apache.http.wire -  << "Content-Type: application/json; charset=UTF-8[\r][\n]"
05:55:58.765 [main] DEBUG org.apache.http.wire -  << "Vary: Origin[\r][\n]"
05:55:58.765 [main] DEBUG org.apache.http.wire -  << "Date: Thu, 22 Jun 2023 22:55:55 GMT[\r][\n]"
05:55:58.766 [main] DEBUG org.apache.http.wire -  << "Content-Length: 405[\r][\n]"
05:55:58.766 [main] DEBUG org.apache.http.wire -  << "[\r][\n]"
05:55:58.766 [main] DEBUG org.apache.http.impl.conn.DefaultClientConnection - Receiving response: HTTP/1.1 200 OK
05:55:58.766 [main] DEBUG org.apache.http.headers - << HTTP/1.1 200 OK
05:55:58.766 [main] DEBUG org.apache.http.headers - << Content-Type: application/json; charset=UTF-8
05:55:58.766 [main] DEBUG org.apache.http.headers - << Vary: Origin
05:55:58.766 [main] DEBUG org.apache.http.headers - << Date: Thu, 22 Jun 2023 22:55:55 GMT
05:55:58.766 [main] DEBUG org.apache.http.headers - << Content-Length: 405
05:55:58.766 [main] DEBUG org.apache.http.impl.client.DefaultHttpClient - Connection can be kept alive indefinitely
05:55:58.767 [main] DEBUG io.restassured.internal.RestAssuredHttpBuilder - Parsing response as: application/json; charset=UTF-8
05:55:58.767 [main] DEBUG io.restassured.internal.RestAssuredHttpBuilder - Parsed data to instance of: class org.apache.http.conn.EofSensorInputStream
05:55:58.771 [main] DEBUG org.apache.http.wire -  << "{"data":{"id":"85e13c3f-613d-4059-baa4-d31db99ef116","name":"mel","email":"melmel@gmail.com","token":"eyJhbGciOiJIUzI1NiIsInR5cCI6IkpXVCJ9.eyJhdXRob3JpemVkIjp0cnVlLCJleHAiOjE2OTAwNjY1NTUsInVzZXJJZCI6Ijg1ZTEzYzNmLTYxM2QtNDA1OS1iYWE0LWQzMWRiOTllZjExNiIsInVzZXJfdHlwZSI6InVzZXIifQ.m0IyBv0WEk65eKvkgnFrL4CMf6q97JEDsCi2_Ccvz4w"},"metadata":{"status":200,"message":"User Login successfully"},"pagination":null}[\n]"
05:55:58.771 [main] DEBUG org.apache.http.impl.conn.BasicClientConnectionManager - Releasing connection org.apache.http.impl.conn.ManagedClientConnectionImpl@50e24ea4
05:55:58.771 [main] DEBUG org.apache.http.impl.conn.BasicClientConnectionManager - Connection can be kept alive indefinitely
05:55:58.808 [main] DEBUG net.thucydides.core.steps.StepInterceptor - STEP DONE: I send endpoint auth and get token
  &amp#27;[32mWhen &amp#27;[0m&amp#27;[32mUser send endpoint auth for insurance pay bill and get token&amp#27;[0m          &amp#27;[90m# starter.stepdefinitions.AllRole.InsuranceBPJS.InsurancePayBillSteps.userSendEndpointAuthForInsurancePayBillAndGetToken()&amp#27;[0m
05:55:58.817 [main] DEBUG net.thucydides.core.steps.StepInterceptor - STARTING STEP: InsurancePayBillSteps.userSetInsurancePayBillEndpoint - I set api endpoint
05:55:58.818 [main] DEBUG net.thucydides.core.steps.StepInterceptor - STEP DONE: I set api endpoint
  &amp#27;[32mThen &amp#27;[0m&amp#27;[32mUser set insurance pay bill endpoint&amp#27;[0m                                  &amp#27;[90m# starter.stepdefinitions.AllRole.InsuranceBPJS.InsurancePayBillSteps.userSetInsurancePayBillEndpoint()&amp#27;[0m
05:55:58.830 [main] DEBUG net.thucydides.core.steps.StepInterceptor - STARTING STEP: InsurancePayBillSteps.userSendHTTPRequestForInsurancePayBill - I send HTTP request
05:55:58.835 [main] DEBUG net.thucydides.core.steps.StepInterceptor - STARTING STEP: InsurancePayBill.sendHTTPRequest - I set api endpoint
05:55:58.835 [main] DEBUG net.thucydides.core.steps.StepInterceptor - STEP DONE: I set api endpoint
05:55:58.892 [main] DEBUG org.apache.http.impl.conn.BasicClientConnectionManager - Get connection for route {}->http://34.101.78.228:2424
05:55:58.892 [main] DEBUG org.apache.http.impl.conn.DefaultClientConnectionOperator - Connecting to 34.101.78.228:2424
05:55:58.910 [main] DEBUG org.apache.http.client.protocol.RequestAddCookies - CookieSpec selected: ignoreCookies
05:55:58.910 [main] DEBUG org.apache.http.client.protocol.RequestAuthCache - Auth cache not set in the context
05:55:58.910 [main] DEBUG org.apache.http.client.protocol.RequestProxyAuthentication - Proxy auth state: UNCHALLENGED
05:55:58.911 [main] DEBUG org.apache.http.impl.client.DefaultHttpClient - Attempt 1 to execute request
05:55:58.911 [main] DEBUG org.apache.http.impl.conn.DefaultClientConnection - Sending request: POST /api/v1/insurance/pay HTTP/1.1
05:55:58.911 [main] DEBUG org.apache.http.wire -  >> "POST /api/v1/insurance/pay HTTP/1.1[\r][\n]"
05:55:58.911 [main] DEBUG org.apache.http.wire -  >> "Authorization: Bearer eyJhbGciOiJIUzI1NiIsInR5cCI6IkpXVCJ9.eyJhdXRob3JpemVkIjp0cnVlLCJleHAiOjE2OTAwNjY1NTUsInVzZXJJZCI6Ijg1ZTEzYzNmLTYxM2QtNDA1OS1iYWE0LWQzMWRiOTllZjExNiIsInVzZXJfdHlwZSI6InVzZXIifQ.m0IyBv0WEk65eKvkgnFrL4CMf6q97JEDsCi2_Ccvz4w[\r][\n]"
05:55:58.911 [main] DEBUG org.apache.http.wire -  >> "Accept: */*[\r][\n]"
05:55:58.912 [main] DEBUG org.apache.http.wire -  >> "Content-Type: application/json[\r][\n]"
05:55:58.912 [main] DEBUG org.apache.http.wire -  >> "Content-Length: 46[\r][\n]"
05:55:58.912 [main] DEBUG org.apache.http.wire -  >> "Host: 34.101.78.228:2424[\r][\n]"
05:55:58.912 [main] DEBUG org.apache.http.wire -  >> "Connection: Keep-Alive[\r][\n]"
05:55:58.912 [main] DEBUG org.apache.http.wire -  >> "User-Agent: Apache-HttpClient/4.5.13 (Java/19.0.2)[\r][\n]"
05:55:58.912 [main] DEBUG org.apache.http.wire -  >> "Accept-Encoding: gzip,deflate[\r][\n]"
05:55:58.912 [main] DEBUG org.apache.http.wire -  >> "[\r][\n]"
05:55:58.912 [main] DEBUG org.apache.http.headers - >> POST /api/v1/insurance/pay HTTP/1.1
05:55:58.913 [main] DEBUG org.apache.http.headers - >> Authorization: Bearer eyJhbGciOiJIUzI1NiIsInR5cCI6IkpXVCJ9.eyJhdXRob3JpemVkIjp0cnVlLCJleHAiOjE2OTAwNjY1NTUsInVzZXJJZCI6Ijg1ZTEzYzNmLTYxM2QtNDA1OS1iYWE0LWQzMWRiOTllZjExNiIsInVzZXJfdHlwZSI6InVzZXIifQ.m0IyBv0WEk65eKvkgnFrL4CMf6q97JEDsCi2_Ccvz4w
05:55:58.913 [main] DEBUG org.apache.http.headers - >> Accept: */*
05:55:58.913 [main] DEBUG org.apache.http.headers - >> Content-Type: application/json
05:55:58.913 [main] DEBUG org.apache.http.headers - >> Content-Length: 46
05:55:58.913 [main] DEBUG org.apache.http.headers - >> Host: 34.101.78.228:2424
05:55:58.913 [main] DEBUG org.apache.http.headers - >> Connection: Keep-Alive
05:55:58.913 [main] DEBUG org.apache.http.headers - >> User-Agent: Apache-HttpClient/4.5.13 (Java/19.0.2)
05:55:58.914 [main] DEBUG org.apache.http.headers - >> Accept-Encoding: gzip,deflate
05:55:58.914 [main] DEBUG org.apache.http.wire -  >> "{"partner_tx_id":"insurance-7967582979639432"}"
05:55:58.936 [main] DEBUG org.apache.http.wire -  << "HTTP/1.1 500 Internal Server Error[\r][\n]"
05:55:58.936 [main] DEBUG org.apache.http.wire -  << "Content-Type: application/json; charset=UTF-8[\r][\n]"
05:55:58.936 [main] DEBUG org.apache.http.wire -  << "Vary: Origin[\r][\n]"
05:55:58.936 [main] DEBUG org.apache.http.wire -  << "Date: Thu, 22 Jun 2023 22:55:55 GMT[\r][\n]"
05:55:58.936 [main] DEBUG org.apache.http.wire -  << "Content-Length: 44[\r][\n]"
05:55:58.936 [main] DEBUG org.apache.http.wire -  << "[\r][\n]"
05:55:58.936 [main] DEBUG org.apache.http.impl.conn.DefaultClientConnection - Receiving response: HTTP/1.1 500 Internal Server Error
05:55:58.937 [main] DEBUG org.apache.http.headers - << HTTP/1.1 500 Internal Server Error
05:55:58.937 [main] DEBUG org.apache.http.headers - << Content-Type: application/json; charset=UTF-8
05:55:58.937 [main] DEBUG org.apache.http.headers - << Vary: Origin
05:55:58.937 [main] DEBUG org.apache.http.headers - << Date: Thu, 22 Jun 2023 22:55:55 GMT
05:55:58.937 [main] DEBUG org.apache.http.headers - << Content-Length: 44
05:55:58.937 [main] DEBUG org.apache.http.impl.client.DefaultHttpClient - Connection can be kept alive indefinitely
05:55:58.938 [main] DEBUG io.restassured.internal.RestAssuredHttpBuilder - Parsing response as: application/json; charset=UTF-8
05:55:58.938 [main] DEBUG io.restassured.internal.RestAssuredHttpBuilder - Parsed data to instance of: class org.apache.http.conn.EofSensorInputStream
05:55:58.942 [main] DEBUG org.apache.http.wire -  << "{"error":"this month's bill has been paid"}[\n]"
05:55:58.943 [main] DEBUG org.apache.http.impl.conn.BasicClientConnectionManager - Releasing connection org.apache.http.impl.conn.ManagedClientConnectionImpl@4dffa400
05:55:58.943 [main] DEBUG org.apache.http.impl.conn.BasicClientConnectionManager - Connection can be kept alive indefinitely
05:55:58.944 [main] DEBUG net.thucydides.core.steps.StepInterceptor - STEP DONE: I send HTTP request
  &amp#27;[32mThen &amp#27;[0m&amp#27;[32mUser send HTTP request for insurance pay bill&amp#27;[0m                         &amp#27;[90m# starter.stepdefinitions.AllRole.InsuranceBPJS.InsurancePayBillSteps.userSendHTTPRequestForInsurancePayBill()&amp#27;[0m
05:55:58.955 [main] DEBUG net.thucydides.core.steps.StepInterceptor - STARTING STEP: InsurancePayBillSteps.userReceivedValidHTTPResponseCodeForInsurancePayBill - I received valid HTTP response code 202
  &amp#27;[31mAnd &amp#27;[0m&amp#27;[31mUser received valid HTTP response code &amp#27;[0m&amp#27;[31m&amp#27;[1m202&amp#27;[0m&amp#27;[31m for insurance pay bill&amp#27;[0m      &amp#27;[90m# starter.stepdefinitions.AllRole.InsuranceBPJS.InsurancePayBillSteps.userReceivedValidHTTPResponseCodeForInsurancePayBill(int)&amp#27;[0m
      &amp#27;[31mjava.lang.AssertionError: 1 expectation failed.
Expected status code <202> but was <500>.

	at java.base/jdk.internal.reflect.DirectConstructorHandleAccessor.newInstance(DirectConstructorHandleAccessor.java:67)
	at java.base/java.lang.reflect.Constructor.newInstanceWithCaller(Constructor.java:500)
	at java.base/java.lang.reflect.Constructor.newInstance(Constructor.java:484)
	at org.codehaus.groovy.reflection.CachedConstructor.invoke(CachedConstructor.java:73)
	at org.codehaus.groovy.runtime.callsite.ConstructorSite$ConstructorSiteNoUnwrapNoCoerce.callConstructor(ConstructorSite.java:108)
	at org.codehaus.groovy.runtime.callsite.AbstractCallSite.callConstructor(AbstractCallSite.java:277)
	at io.restassured.internal.ResponseSpecificationImpl$HamcrestAssertionClosure.validate(ResponseSpecificationImpl.groovy:512)
	at io.restassured.internal.ResponseSpecificationImpl$HamcrestAssertionClosure$validate$1.call(Unknown Source)
	at io.restassured.internal.ResponseSpecificationImpl.validateResponseIfRequired(ResponseSpecificationImpl.groovy:696)
	at io.restassured.internal.ResponseSpecificationImpl.this$2$validateResponseIfRequired(ResponseSpecificationImpl.groovy)
	at java.base/jdk.internal.reflect.DirectMethodHandleAccessor.invoke(DirectMethodHandleAccessor.java:104)
	at java.base/java.lang.reflect.Method.invoke(Method.java:578)
	at org.codehaus.groovy.runtime.callsite.PlainObjectMetaMethodSite.doInvoke(PlainObjectMetaMethodSite.java:43)
	at org.codehaus.groovy.runtime.callsite.PogoMetaMethodSite$PogoCachedMethodSiteNoUnwrapNoCoerce.invoke(PogoMetaMethodSite.java:198)
	at org.codehaus.groovy.runtime.callsite.PogoMetaMethodSite.callCurrent(PogoMetaMethodSite.java:62)
	at org.codehaus.groovy.runtime.callsite.AbstractCallSite.callCurrent(AbstractCallSite.java:185)
	at io.restassured.internal.ResponseSpecificationImpl.statusCode(ResponseSpecificationImpl.groovy:135)
	at io.restassured.specification.ResponseSpecification$statusCode$0.callCurrent(Unknown Source)
	at io.restassured.internal.ResponseSpecificationImpl.statusCode(ResponseSpecificationImpl.groovy:143)
	at io.restassured.internal.ValidatableResponseOptionsImpl.statusCode(ValidatableResponseOptionsImpl.java:89)
	at apiskuypay@1.0-SNAPSHOT/starter.api.AllRole.InsuranceBPJS.InsurancePayBill.lambda$receivedValidHTTPResponseCode$0(InsurancePayBill.java:57)
	at net.serenitybdd.rest.SerenityRest.restAssuredThat(SerenityRest.java:626)
	at apiskuypay@1.0-SNAPSHOT/starter.api.AllRole.InsuranceBPJS.InsurancePayBill.receivedValidHTTPResponseCode(InsurancePayBill.java:57)
	at apiskuypay@1.0-SNAPSHOT/starter.api.AllRole.InsuranceBPJS.InsurancePayBill$ByteBuddy$A3RvYwCI.receivedValidHTTPResponseCode$accessor$HsCEvQt4(Unknown Source)
	at java.base/jdk.internal.reflect.DirectMethodHandleAccessor.invoke(DirectMethodHandleAccessor.java:104)
	at java.base/java.lang.reflect.Method.invoke(Method.java:578)
	at net.thucydides.core.steps.StepInterceptor.invokeMethod(StepInterceptor.java:503)
	at net.thucydides.core.steps.StepInterceptor.executeTestStepMethod(StepInterceptor.java:483)
	at net.thucydides.core.steps.StepInterceptor.runTestStep(StepInterceptor.java:457)
	at net.thucydides.core.steps.StepInterceptor.runOrSkipMethod(StepInterceptor.java:209)
	at net.thucydides.core.steps.StepInterceptor.testStepResult(StepInterceptor.java:196)
	at net.thucydides.core.steps.StepInterceptor.intercept(StepInterceptor.java:84)
	at net.thucydides.core.steps.ProxyConfiguration$InterceptorDispatcher.intercept(ProxyConfiguration.java:51)
	at apiskuypay@1.0-SNAPSHOT/starter.api.AllRole.InsuranceBPJS.InsurancePayBill$ByteBuddy$A3RvYwCI.receivedValidHTTPResponseCode(Unknown Source)
	at apiskuypay@1.0-SNAPSHOT/starter.stepdefinitions.AllRole.InsuranceBPJS.InsurancePayBillSteps.userReceivedValidHTTPResponseCodeForInsurancePayBill(InsurancePayBillSteps.java:31)
	at ✽.User received valid HTTP response code 202 for insurance pay bill(file:///C:/Dev/CapstoneProjectBaru/SKUYPAY%20API%20AUTOMATION/src/test/resources/features/AllRole/InsuranceBPJS/InsurancePayBill.feature:9)
&amp#27;[0m
  &amp#27;[36mAnd &amp#27;[0m&amp#27;[36mUser received message success for insurance pay : Succesfully pay bill&amp#27;[0m &amp#27;[90m# starter.stepdefinitions.AllRole.InsuranceBPJS.InsurancePayBillSteps.userReceivedMessageSuccessForInsurancePaySuccessfullyPayBill()&amp#27;[0m
05:55:58.996 [main] ERROR  - 
  _____   ___   ___   _____     ___     _     ___   _      ___   ___  
 |_   _| | __| / __| |_   _|   | __|   /_\   |_ _| | |    | __| |   \ 
   | |   | _|  \__ \   | |     | _|   / _ \   | |  | |__  | _|  | |) |
   |_|   |___| |___/   |_|     |_|   /_/ \_\ |___| |____| |___| |___/ 

User berhasil membayar tagihan BPJS
-----------------------------------------------------------------------
05:55:58.996 [main] DEBUG  - RELATED ISSUES: 
05:55:58.997 [main] ERROR  -     Test failed at step: I received valid HTTP response code 202
05:55:58.997 [main] ERROR  -     1 expectation failed.Expected status code <202> but was <500>.
]]></system-out>
  </testcase>
  <testcase name="User berhasil mendapat data wifi dari id" classname="Get Internet By Id" time="0.673">
    <system-out><![CDATA[05:55:59.008 [main] INFO io.cucumber.core.plugin.SerenityReporter - Running feature from file:///C:/Dev/CapstoneProjectBaru/SKUYPAY%20API%20AUTOMATION/src/test/resources/features/AllRole/InternetWIFI/GetInternetById.feature
05:55:59.031 [main] DEBUG net.thucydides.core.steps.StepEventBus - Test suite started for story net.thucydides.core.model.Story@89ffa6d4
05:55:59.033 [main] INFO  - Test Suite Started: Get Internet By Id

@Get-internet-by-Id-01
Scenario: User berhasil mendapat data wifi dari id                          &amp#27;[90m# src/test/resources/features/AllRole/InternetWIFI/GetInternetById.feature:4&amp#27;[0m
05:55:59.080 [main] INFO io.cucumber.core.plugin.SerenityReporter - Running feature from file:///C:/Dev/CapstoneProjectBaru/SKUYPAY%20API%20AUTOMATION/src/test/resources/features/AllRole/InternetWIFI/GetInternetById.feature
05:55:59.087 [main] INFO  - 
  _____   ___   ___   _____     ___   _____     _     ___   _____   ___   ___  
 |_   _| | __| / __| |_   _|   / __| |_   _|   /_\   | _ \ |_   _| | __| |   \ 
   | |   | _|  \__ \   | |     \__ \   | |    / _ \  |   /   | |   | _|  | |) |
   |_|   |___| |___/   |_|     |___/   |_|   /_/ \_\ |_|_\   |_|   |___| |___/ 

User berhasil mendapat data wifi dari id(get-internet-by-id;user-berhasil-mendapat-data-wifi-dari-id)
--------------------------------------------------------------------------------
05:55:59.161 [main] DEBUG net.thucydides.core.steps.StepInterceptor - STARTING STEP: GetInternetByIDSteps.HaveEndpointAuthLoginForGetInternetByID - User have endpoint auth
05:55:59.162 [main] DEBUG net.thucydides.core.steps.StepInterceptor - STEP DONE: User have endpoint auth
  &amp#27;[32mGiven &amp#27;[0m&amp#27;[32mUser have endpoint auth login for get internet by ID&amp#27;[0m                &amp#27;[90m# starter.stepdefinitions.AllRole.InternetWIFI.GetInternetByIDSteps.HaveEndpointAuthLoginForGetInternetByID()&amp#27;[0m
05:55:59.178 [main] DEBUG net.thucydides.core.steps.StepInterceptor - STARTING STEP: GetInternetByIDSteps.SendEndpointAuthForGetInternetByIDFeatureAndGetToken - User send endpoint auth login and get token
05:55:59.187 [main] DEBUG net.thucydides.core.steps.StepInterceptor - STARTING STEP: GetInternetById.sendendpointauthandgettoken - User have endpoint auth
05:55:59.187 [main] DEBUG net.thucydides.core.steps.StepInterceptor - STEP DONE: User have endpoint auth
05:55:59.260 [main] DEBUG org.apache.http.impl.conn.BasicClientConnectionManager - Get connection for route {}->http://34.101.78.228:2424
05:55:59.260 [main] DEBUG org.apache.http.impl.conn.DefaultClientConnectionOperator - Connecting to 34.101.78.228:2424
05:55:59.285 [main] DEBUG org.apache.http.client.protocol.RequestAddCookies - CookieSpec selected: ignoreCookies
05:55:59.285 [main] DEBUG org.apache.http.client.protocol.RequestAuthCache - Auth cache not set in the context
05:55:59.285 [main] DEBUG org.apache.http.client.protocol.RequestTargetAuthentication - Target auth state: UNCHALLENGED
05:55:59.285 [main] DEBUG org.apache.http.client.protocol.RequestProxyAuthentication - Proxy auth state: UNCHALLENGED
05:55:59.286 [main] DEBUG org.apache.http.impl.client.DefaultHttpClient - Attempt 1 to execute request
05:55:59.286 [main] DEBUG org.apache.http.impl.conn.DefaultClientConnection - Sending request: POST /api/v1/login HTTP/1.1
05:55:59.286 [main] DEBUG org.apache.http.wire -  >> "POST /api/v1/login HTTP/1.1[\r][\n]"
05:55:59.286 [main] DEBUG org.apache.http.wire -  >> "Accept: */*[\r][\n]"
05:55:59.286 [main] DEBUG org.apache.http.wire -  >> "Content-Type: application/json[\r][\n]"
05:55:59.286 [main] DEBUG org.apache.http.wire -  >> "Content-Length: 50[\r][\n]"
05:55:59.286 [main] DEBUG org.apache.http.wire -  >> "Host: 34.101.78.228:2424[\r][\n]"
05:55:59.286 [main] DEBUG org.apache.http.wire -  >> "Connection: Keep-Alive[\r][\n]"
05:55:59.286 [main] DEBUG org.apache.http.wire -  >> "User-Agent: Apache-HttpClient/4.5.13 (Java/19.0.2)[\r][\n]"
05:55:59.287 [main] DEBUG org.apache.http.wire -  >> "Accept-Encoding: gzip,deflate[\r][\n]"
05:55:59.287 [main] DEBUG org.apache.http.wire -  >> "[\r][\n]"
05:55:59.287 [main] DEBUG org.apache.http.headers - >> POST /api/v1/login HTTP/1.1
05:55:59.287 [main] DEBUG org.apache.http.headers - >> Accept: */*
05:55:59.287 [main] DEBUG org.apache.http.headers - >> Content-Type: application/json
05:55:59.287 [main] DEBUG org.apache.http.headers - >> Content-Length: 50
05:55:59.287 [main] DEBUG org.apache.http.headers - >> Host: 34.101.78.228:2424
05:55:59.287 [main] DEBUG org.apache.http.headers - >> Connection: Keep-Alive
05:55:59.288 [main] DEBUG org.apache.http.headers - >> User-Agent: Apache-HttpClient/4.5.13 (Java/19.0.2)
05:55:59.288 [main] DEBUG org.apache.http.headers - >> Accept-Encoding: gzip,deflate
05:55:59.288 [main] DEBUG org.apache.http.wire -  >> "{"password":"12345678","email":"melmel@gmail.com"}"
05:55:59.415 [main] DEBUG org.apache.http.wire -  << "HTTP/1.1 200 OK[\r][\n]"
05:55:59.415 [main] DEBUG org.apache.http.wire -  << "Content-Type: application/json; charset=UTF-8[\r][\n]"
05:55:59.415 [main] DEBUG org.apache.http.wire -  << "Vary: Origin[\r][\n]"
05:55:59.415 [main] DEBUG org.apache.http.wire -  << "Date: Thu, 22 Jun 2023 22:55:56 GMT[\r][\n]"
05:55:59.415 [main] DEBUG org.apache.http.wire -  << "Content-Length: 405[\r][\n]"
05:55:59.415 [main] DEBUG org.apache.http.wire -  << "[\r][\n]"
05:55:59.415 [main] DEBUG org.apache.http.impl.conn.DefaultClientConnection - Receiving response: HTTP/1.1 200 OK
05:55:59.415 [main] DEBUG org.apache.http.headers - << HTTP/1.1 200 OK
05:55:59.415 [main] DEBUG org.apache.http.headers - << Content-Type: application/json; charset=UTF-8
05:55:59.415 [main] DEBUG org.apache.http.headers - << Vary: Origin
05:55:59.415 [main] DEBUG org.apache.http.headers - << Date: Thu, 22 Jun 2023 22:55:56 GMT
05:55:59.415 [main] DEBUG org.apache.http.headers - << Content-Length: 405
05:55:59.416 [main] DEBUG org.apache.http.impl.client.DefaultHttpClient - Connection can be kept alive indefinitely
05:55:59.416 [main] DEBUG io.restassured.internal.RestAssuredHttpBuilder - Parsing response as: application/json; charset=UTF-8
05:55:59.416 [main] DEBUG io.restassured.internal.RestAssuredHttpBuilder - Parsed data to instance of: class org.apache.http.conn.EofSensorInputStream
05:55:59.418 [main] DEBUG org.apache.http.wire -  << "{"data":{"id":"85e13c3f-613d-4059-baa4-d31db99ef116","name":"mel","email":"melmel@gmail.com","token":"eyJhbGciOiJIUzI1NiIsInR5cCI6IkpXVCJ9.eyJhdXRob3JpemVkIjp0cnVlLCJleHAiOjE2OTAwNjY1NTYsInVzZXJJZCI6Ijg1ZTEzYzNmLTYxM2QtNDA1OS1iYWE0LWQzMWRiOTllZjExNiIsInVzZXJfdHlwZSI6InVzZXIifQ.iqO_4sv4TSw-VgsxBZk_UE1mETEQpMeSzic-ZCn3xAc"},"metadata":{"status":200,"message":"User Login successfully"},"pagination":null}[\n]"
05:55:59.419 [main] DEBUG org.apache.http.impl.conn.BasicClientConnectionManager - Releasing connection org.apache.http.impl.conn.ManagedClientConnectionImpl@654c2f81
05:55:59.419 [main] DEBUG org.apache.http.impl.conn.BasicClientConnectionManager - Connection can be kept alive indefinitely
05:55:59.443 [main] DEBUG net.thucydides.core.steps.StepInterceptor - STEP DONE: User send endpoint auth login and get token
  &amp#27;[32mWhen &amp#27;[0m&amp#27;[32mUser send endpoint auth for get internet by ID feature and get token&amp#27;[0m &amp#27;[90m# starter.stepdefinitions.AllRole.InternetWIFI.GetInternetByIDSteps.SendEndpointAuthForGetInternetByIDFeatureAndGetToken()&amp#27;[0m
05:55:59.450 [main] DEBUG net.thucydides.core.steps.StepInterceptor - STARTING STEP: GetInternetByIDSteps.SetGetInternetByIDApiEndpoint - User set api endpoint
05:55:59.451 [main] DEBUG net.thucydides.core.steps.StepInterceptor - STEP DONE: User set api endpoint
  &amp#27;[32mThen &amp#27;[0m&amp#27;[32mUser set get internet by ID api endpoint&amp#27;[0m                             &amp#27;[90m# starter.stepdefinitions.AllRole.InternetWIFI.GetInternetByIDSteps.SetGetInternetByIDApiEndpoint()&amp#27;[0m
05:55:59.458 [main] DEBUG net.thucydides.core.steps.StepInterceptor - STARTING STEP: GetInternetByIDSteps.SendHTTPRequestForGetInternetByID - User send HTTP request
05:55:59.461 [main] DEBUG net.thucydides.core.steps.StepInterceptor - STARTING STEP: GetInternetById.sendHTTPrequest - User set api endpoint
05:55:59.462 [main] DEBUG net.thucydides.core.steps.StepInterceptor - STEP DONE: User set api endpoint
05:55:59.518 [main] DEBUG org.apache.http.impl.conn.BasicClientConnectionManager - Get connection for route {}->http://34.101.78.228:2424
05:55:59.518 [main] DEBUG org.apache.http.impl.conn.DefaultClientConnectionOperator - Connecting to 34.101.78.228:2424
05:55:59.556 [main] DEBUG org.apache.http.client.protocol.RequestAddCookies - CookieSpec selected: ignoreCookies
05:55:59.556 [main] DEBUG org.apache.http.client.protocol.RequestAuthCache - Auth cache not set in the context
05:55:59.556 [main] DEBUG org.apache.http.client.protocol.RequestProxyAuthentication - Proxy auth state: UNCHALLENGED
05:55:59.556 [main] DEBUG org.apache.http.impl.client.DefaultHttpClient - Attempt 1 to execute request
05:55:59.556 [main] DEBUG org.apache.http.impl.conn.DefaultClientConnection - Sending request: GET /api/v1/wifi/95ee7218-f502-475f-9364-d1e79c121c23 HTTP/1.1
05:55:59.556 [main] DEBUG org.apache.http.wire -  >> "GET /api/v1/wifi/95ee7218-f502-475f-9364-d1e79c121c23 HTTP/1.1[\r][\n]"
05:55:59.556 [main] DEBUG org.apache.http.wire -  >> "Authorization: Bearer eyJhbGciOiJIUzI1NiIsInR5cCI6IkpXVCJ9.eyJhdXRob3JpemVkIjp0cnVlLCJleHAiOjE2OTAwNjY1NTYsInVzZXJJZCI6Ijg1ZTEzYzNmLTYxM2QtNDA1OS1iYWE0LWQzMWRiOTllZjExNiIsInVzZXJfdHlwZSI6InVzZXIifQ.iqO_4sv4TSw-VgsxBZk_UE1mETEQpMeSzic-ZCn3xAc[\r][\n]"
05:55:59.556 [main] DEBUG org.apache.http.wire -  >> "Accept: */*[\r][\n]"
05:55:59.556 [main] DEBUG org.apache.http.wire -  >> "Host: 34.101.78.228:2424[\r][\n]"
05:55:59.557 [main] DEBUG org.apache.http.wire -  >> "Connection: Keep-Alive[\r][\n]"
05:55:59.557 [main] DEBUG org.apache.http.wire -  >> "User-Agent: Apache-HttpClient/4.5.13 (Java/19.0.2)[\r][\n]"
05:55:59.557 [main] DEBUG org.apache.http.wire -  >> "Accept-Encoding: gzip,deflate[\r][\n]"
05:55:59.557 [main] DEBUG org.apache.http.wire -  >> "[\r][\n]"
05:55:59.557 [main] DEBUG org.apache.http.headers - >> GET /api/v1/wifi/95ee7218-f502-475f-9364-d1e79c121c23 HTTP/1.1
05:55:59.557 [main] DEBUG org.apache.http.headers - >> Authorization: Bearer eyJhbGciOiJIUzI1NiIsInR5cCI6IkpXVCJ9.eyJhdXRob3JpemVkIjp0cnVlLCJleHAiOjE2OTAwNjY1NTYsInVzZXJJZCI6Ijg1ZTEzYzNmLTYxM2QtNDA1OS1iYWE0LWQzMWRiOTllZjExNiIsInVzZXJfdHlwZSI6InVzZXIifQ.iqO_4sv4TSw-VgsxBZk_UE1mETEQpMeSzic-ZCn3xAc
05:55:59.557 [main] DEBUG org.apache.http.headers - >> Accept: */*
05:55:59.557 [main] DEBUG org.apache.http.headers - >> Host: 34.101.78.228:2424
05:55:59.557 [main] DEBUG org.apache.http.headers - >> Connection: Keep-Alive
05:55:59.557 [main] DEBUG org.apache.http.headers - >> User-Agent: Apache-HttpClient/4.5.13 (Java/19.0.2)
05:55:59.557 [main] DEBUG org.apache.http.headers - >> Accept-Encoding: gzip,deflate
05:55:59.579 [main] DEBUG org.apache.http.wire -  << "HTTP/1.1 200 OK[\r][\n]"
05:55:59.579 [main] DEBUG org.apache.http.wire -  << "Content-Type: application/json; charset=UTF-8[\r][\n]"
05:55:59.579 [main] DEBUG org.apache.http.wire -  << "Vary: Origin[\r][\n]"
05:55:59.579 [main] DEBUG org.apache.http.wire -  << "Date: Thu, 22 Jun 2023 22:55:56 GMT[\r][\n]"
05:55:59.579 [main] DEBUG org.apache.http.wire -  << "Content-Length: 454[\r][\n]"
05:55:59.579 [main] DEBUG org.apache.http.wire -  << "[\r][\n]"
05:55:59.580 [main] DEBUG org.apache.http.impl.conn.DefaultClientConnection - Receiving response: HTTP/1.1 200 OK
05:55:59.580 [main] DEBUG org.apache.http.headers - << HTTP/1.1 200 OK
05:55:59.580 [main] DEBUG org.apache.http.headers - << Content-Type: application/json; charset=UTF-8
05:55:59.580 [main] DEBUG org.apache.http.headers - << Vary: Origin
05:55:59.580 [main] DEBUG org.apache.http.headers - << Date: Thu, 22 Jun 2023 22:55:56 GMT
05:55:59.580 [main] DEBUG org.apache.http.headers - << Content-Length: 454
05:55:59.580 [main] DEBUG org.apache.http.impl.client.DefaultHttpClient - Connection can be kept alive indefinitely
05:55:59.580 [main] DEBUG io.restassured.internal.RestAssuredHttpBuilder - Parsing response as: application/json; charset=UTF-8
05:55:59.581 [main] DEBUG io.restassured.internal.RestAssuredHttpBuilder - Parsed data to instance of: class org.apache.http.conn.EofSensorInputStream
05:55:59.584 [main] DEBUG org.apache.http.wire -  << "{"data":{"id":"95ee7218-f502-475f-9364-d1e79c121c23","CreatedAt":"2023-06-22T13:02:36.208115Z","UpdatedAt":"2023-06-22T13:02:36.208115Z","DeletedAt":null,"name":"Melmel","customer_id":"300321","provider_name":"Indihome","product_type":"Internet Wifi","period":"2022/2023","code":"WIFI1","discount_id":"48b286df-6bb9-4027-b847-0820015ea68c","wifi_bandwith":50,"price":300000},"metadata":{"status":200,"message":"Successfully get WiFi"},"pagination":null}[\n]"
05:55:59.584 [main] DEBUG org.apache.http.impl.conn.BasicClientConnectionManager - Releasing connection org.apache.http.impl.conn.ManagedClientConnectionImpl@8e3449e
05:55:59.584 [main] DEBUG org.apache.http.impl.conn.BasicClientConnectionManager - Connection can be kept alive indefinitely
05:55:59.588 [main] DEBUG net.thucydides.core.steps.StepInterceptor - STEP DONE: User send HTTP request
  &amp#27;[32mThen &amp#27;[0m&amp#27;[32mUser send HTTP request for get internet by ID&amp#27;[0m                        &amp#27;[90m# starter.stepdefinitions.AllRole.InternetWIFI.GetInternetByIDSteps.SendHTTPRequestForGetInternetByID()&amp#27;[0m
05:55:59.597 [main] DEBUG net.thucydides.core.steps.StepInterceptor - STARTING STEP: GetInternetByIDSteps.ReceivedValidHTTPResponseCodeForGetInternetByID - User received message success
05:55:59.671 [main] DEBUG net.thucydides.core.steps.StepInterceptor - STEP DONE: User received message success
  &amp#27;[32mAnd &amp#27;[0m&amp#27;[32mUser received valid HTTP response code &amp#27;[0m&amp#27;[32m&amp#27;[1m200&amp#27;[0m&amp#27;[32m for get internet by ID&amp#27;[0m     &amp#27;[90m# starter.stepdefinitions.AllRole.InternetWIFI.GetInternetByIDSteps.ReceivedValidHTTPResponseCodeForGetInternetByID(int)&amp#27;[0m
05:55:59.678 [main] DEBUG net.thucydides.core.steps.StepInterceptor - STARTING STEP: GetInternetByIDSteps.ReceivedMessageSuccessSuccessfullyGetWiFi - User received message success
05:55:59.702 [main] DEBUG net.thucydides.core.steps.StepInterceptor - STEP DONE: User received message success
  &amp#27;[32mAnd &amp#27;[0m&amp#27;[32mUser received message success : Successfully get WiFi&amp#27;[0m                 &amp#27;[90m# starter.stepdefinitions.AllRole.InternetWIFI.GetInternetByIDSteps.ReceivedMessageSuccessSuccessfullyGetWiFi()&amp#27;[0m
05:55:59.706 [main] INFO  - 
  _____   ___   ___   _____     ___     _     ___   ___   ___   ___  
 |_   _| | __| / __| |_   _|   | _ \   /_\   / __| / __| | __| |   \ 
   | |   | _|  \__ \   | |     |  _/  / _ \  \__ \ \__ \ | _|  | |) |
   |_|   |___| |___/   |_|     |_|   /_/ \_\ |___/ |___/ |___| |___/ 

User berhasil mendapat data wifi dari id
----------------------------------------------------------------------
]]></system-out>
  </testcase>
  <testcase name="User berhasil membayar WiFi" classname="Internet Pay Bill" time="0.472">
    <failure type="java.lang.AssertionError"><![CDATA[java.lang.AssertionError: 
1 expectation failed.
Expected status code <202> but was <500>.

]]></failure>
    <system-out><![CDATA[05:55:59.709 [main] INFO io.cucumber.core.plugin.SerenityReporter - Running feature from file:///C:/Dev/CapstoneProjectBaru/SKUYPAY%20API%20AUTOMATION/src/test/resources/features/AllRole/InternetWIFI/InternetPayBill.feature
05:55:59.718 [main] DEBUG net.thucydides.core.steps.StepEventBus - Test suite started for story net.thucydides.core.model.Story@8cb90b7d
05:55:59.719 [main] INFO  - Test Suite Started: Internet Pay Bill

@Internet-Pay-Bill-01
Scenario: User berhasil membayar WiFi                                  &amp#27;[90m# src/test/resources/features/AllRole/InternetWIFI/InternetPayBill.feature:4&amp#27;[0m
05:55:59.756 [main] INFO io.cucumber.core.plugin.SerenityReporter - Running feature from file:///C:/Dev/CapstoneProjectBaru/SKUYPAY%20API%20AUTOMATION/src/test/resources/features/AllRole/InternetWIFI/InternetPayBill.feature
05:55:59.763 [main] INFO  - 
  _____   ___   ___   _____     ___   _____     _     ___   _____   ___   ___  
 |_   _| | __| / __| |_   _|   / __| |_   _|   /_\   | _ \ |_   _| | __| |   \ 
   | |   | _|  \__ \   | |     \__ \   | |    / _ \  |   /   | |   | _|  | |) |
   |_|   |___| |___/   |_|     |___/   |_|   /_/ \_\ |_|_\   |_|   |___| |___/ 

User berhasil membayar WiFi(internet-pay-bill;user-berhasil-membayar-wifi)
--------------------------------------------------------------------------------
05:55:59.806 [main] DEBUG net.thucydides.core.steps.StepInterceptor - STARTING STEP: InternetPayBillSteps.userHaveEndpointAuthLoginForInternetPayBill - I have endpoint auth
05:55:59.807 [main] DEBUG net.thucydides.core.steps.StepInterceptor - STEP DONE: I have endpoint auth
  &amp#27;[32mGiven &amp#27;[0m&amp#27;[32mUser have endpoint auth login for internet pay bill&amp#27;[0m            &amp#27;[90m# starter.stepdefinitions.AllRole.InternetWIFI.InternetPayBillSteps.userHaveEndpointAuthLoginForInternetPayBill()&amp#27;[0m
05:55:59.815 [main] DEBUG net.thucydides.core.steps.StepInterceptor - STARTING STEP: InternetPayBillSteps.userSendEndpointAuthForInternetPayBillAndGetToken - I send endpoint auth and get token
05:55:59.820 [main] DEBUG net.thucydides.core.steps.StepInterceptor - STARTING STEP: InternetPayBill.sendEndpointAuthandGetToken - I have endpoint auth
05:55:59.820 [main] DEBUG net.thucydides.core.steps.StepInterceptor - STEP DONE: I have endpoint auth
05:55:59.855 [main] DEBUG org.apache.http.impl.conn.BasicClientConnectionManager - Get connection for route {}->http://34.101.78.228:2424
05:55:59.855 [main] DEBUG org.apache.http.impl.conn.DefaultClientConnectionOperator - Connecting to 34.101.78.228:2424
05:55:59.886 [main] DEBUG org.apache.http.client.protocol.RequestAddCookies - CookieSpec selected: ignoreCookies
05:55:59.886 [main] DEBUG org.apache.http.client.protocol.RequestAuthCache - Auth cache not set in the context
05:55:59.886 [main] DEBUG org.apache.http.client.protocol.RequestTargetAuthentication - Target auth state: UNCHALLENGED
05:55:59.886 [main] DEBUG org.apache.http.client.protocol.RequestProxyAuthentication - Proxy auth state: UNCHALLENGED
05:55:59.886 [main] DEBUG org.apache.http.impl.client.DefaultHttpClient - Attempt 1 to execute request
05:55:59.887 [main] DEBUG org.apache.http.impl.conn.DefaultClientConnection - Sending request: POST /api/v1/login HTTP/1.1
05:55:59.887 [main] DEBUG org.apache.http.wire -  >> "POST /api/v1/login HTTP/1.1[\r][\n]"
05:55:59.887 [main] DEBUG org.apache.http.wire -  >> "Accept: */*[\r][\n]"
05:55:59.887 [main] DEBUG org.apache.http.wire -  >> "Content-Type: application/json[\r][\n]"
05:55:59.887 [main] DEBUG org.apache.http.wire -  >> "Content-Length: 50[\r][\n]"
05:55:59.887 [main] DEBUG org.apache.http.wire -  >> "Host: 34.101.78.228:2424[\r][\n]"
05:55:59.887 [main] DEBUG org.apache.http.wire -  >> "Connection: Keep-Alive[\r][\n]"
05:55:59.887 [main] DEBUG org.apache.http.wire -  >> "User-Agent: Apache-HttpClient/4.5.13 (Java/19.0.2)[\r][\n]"
05:55:59.887 [main] DEBUG org.apache.http.wire -  >> "Accept-Encoding: gzip,deflate[\r][\n]"
05:55:59.887 [main] DEBUG org.apache.http.wire -  >> "[\r][\n]"
05:55:59.887 [main] DEBUG org.apache.http.headers - >> POST /api/v1/login HTTP/1.1
05:55:59.887 [main] DEBUG org.apache.http.headers - >> Accept: */*
05:55:59.887 [main] DEBUG org.apache.http.headers - >> Content-Type: application/json
05:55:59.887 [main] DEBUG org.apache.http.headers - >> Content-Length: 50
05:55:59.887 [main] DEBUG org.apache.http.headers - >> Host: 34.101.78.228:2424
05:55:59.887 [main] DEBUG org.apache.http.headers - >> Connection: Keep-Alive
05:55:59.888 [main] DEBUG org.apache.http.headers - >> User-Agent: Apache-HttpClient/4.5.13 (Java/19.0.2)
05:55:59.888 [main] DEBUG org.apache.http.headers - >> Accept-Encoding: gzip,deflate
05:55:59.888 [main] DEBUG org.apache.http.wire -  >> "{"password":"12345678","email":"melmel@gmail.com"}"
05:55:59.990 [main] DEBUG org.apache.http.wire -  << "HTTP/1.1 200 OK[\r][\n]"
05:55:59.990 [main] DEBUG org.apache.http.wire -  << "Content-Type: application/json; charset=UTF-8[\r][\n]"
05:55:59.990 [main] DEBUG org.apache.http.wire -  << "Vary: Origin[\r][\n]"
05:55:59.990 [main] DEBUG org.apache.http.wire -  << "Date: Thu, 22 Jun 2023 22:55:56 GMT[\r][\n]"
05:55:59.990 [main] DEBUG org.apache.http.wire -  << "Content-Length: 405[\r][\n]"
05:55:59.990 [main] DEBUG org.apache.http.wire -  << "[\r][\n]"
05:55:59.990 [main] DEBUG org.apache.http.impl.conn.DefaultClientConnection - Receiving response: HTTP/1.1 200 OK
05:55:59.990 [main] DEBUG org.apache.http.headers - << HTTP/1.1 200 OK
05:55:59.990 [main] DEBUG org.apache.http.headers - << Content-Type: application/json; charset=UTF-8
05:55:59.990 [main] DEBUG org.apache.http.headers - << Vary: Origin
05:55:59.990 [main] DEBUG org.apache.http.headers - << Date: Thu, 22 Jun 2023 22:55:56 GMT
05:55:59.990 [main] DEBUG org.apache.http.headers - << Content-Length: 405
05:55:59.991 [main] DEBUG org.apache.http.impl.client.DefaultHttpClient - Connection can be kept alive indefinitely
05:55:59.991 [main] DEBUG io.restassured.internal.RestAssuredHttpBuilder - Parsing response as: application/json; charset=UTF-8
05:55:59.991 [main] DEBUG io.restassured.internal.RestAssuredHttpBuilder - Parsed data to instance of: class org.apache.http.conn.EofSensorInputStream
05:55:59.993 [main] DEBUG org.apache.http.wire -  << "{"data":{"id":"85e13c3f-613d-4059-baa4-d31db99ef116","name":"mel","email":"melmel@gmail.com","token":"eyJhbGciOiJIUzI1NiIsInR5cCI6IkpXVCJ9.eyJhdXRob3JpemVkIjp0cnVlLCJleHAiOjE2OTAwNjY1NTYsInVzZXJJZCI6Ijg1ZTEzYzNmLTYxM2QtNDA1OS1iYWE0LWQzMWRiOTllZjExNiIsInVzZXJfdHlwZSI6InVzZXIifQ.iqO_4sv4TSw-VgsxBZk_UE1mETEQpMeSzic-ZCn3xAc"},"metadata":{"status":200,"message":"User Login successfully"},"pagination":null}[\n]"
05:55:59.994 [main] DEBUG org.apache.http.impl.conn.BasicClientConnectionManager - Releasing connection org.apache.http.impl.conn.ManagedClientConnectionImpl@66048c9e
05:55:59.994 [main] DEBUG org.apache.http.impl.conn.BasicClientConnectionManager - Connection can be kept alive indefinitely
05:56:00.021 [main] DEBUG net.thucydides.core.steps.StepInterceptor - STEP DONE: I send endpoint auth and get token
  &amp#27;[32mWhen &amp#27;[0m&amp#27;[32mUser send endpoint auth for internet pay bill and get token&amp#27;[0m     &amp#27;[90m# starter.stepdefinitions.AllRole.InternetWIFI.InternetPayBillSteps.userSendEndpointAuthForInternetPayBillAndGetToken()&amp#27;[0m
05:56:00.031 [main] DEBUG net.thucydides.core.steps.StepInterceptor - STARTING STEP: InternetPayBillSteps.userSetInternetPayBillEndpoint - I set api endpoint
05:56:00.031 [main] DEBUG net.thucydides.core.steps.StepInterceptor - STEP DONE: I set api endpoint
  &amp#27;[32mThen &amp#27;[0m&amp#27;[32mUser set internet pay bill endpoint&amp#27;[0m                             &amp#27;[90m# starter.stepdefinitions.AllRole.InternetWIFI.InternetPayBillSteps.userSetInternetPayBillEndpoint()&amp#27;[0m
05:56:00.042 [main] DEBUG net.thucydides.core.steps.StepInterceptor - STARTING STEP: InternetPayBillSteps.userSendHTTPRequestForInternetPayBill - I send HTTP request
05:56:00.046 [main] DEBUG net.thucydides.core.steps.StepInterceptor - STARTING STEP: InternetPayBill.sendHTTPRequest - I set api endpoint
05:56:00.046 [main] DEBUG net.thucydides.core.steps.StepInterceptor - STEP DONE: I set api endpoint
05:56:00.087 [main] DEBUG org.apache.http.impl.conn.BasicClientConnectionManager - Get connection for route {}->http://34.101.78.228:2424
05:56:00.088 [main] DEBUG org.apache.http.impl.conn.DefaultClientConnectionOperator - Connecting to 34.101.78.228:2424
05:56:00.106 [main] DEBUG org.apache.http.client.protocol.RequestAddCookies - CookieSpec selected: ignoreCookies
05:56:00.106 [main] DEBUG org.apache.http.client.protocol.RequestAuthCache - Auth cache not set in the context
05:56:00.106 [main] DEBUG org.apache.http.client.protocol.RequestProxyAuthentication - Proxy auth state: UNCHALLENGED
05:56:00.106 [main] DEBUG org.apache.http.impl.client.DefaultHttpClient - Attempt 1 to execute request
05:56:00.106 [main] DEBUG org.apache.http.impl.conn.DefaultClientConnection - Sending request: POST /api/v1/wifi/pay HTTP/1.1
05:56:00.106 [main] DEBUG org.apache.http.wire -  >> "POST /api/v1/wifi/pay HTTP/1.1[\r][\n]"
05:56:00.106 [main] DEBUG org.apache.http.wire -  >> "Authorization: Bearer eyJhbGciOiJIUzI1NiIsInR5cCI6IkpXVCJ9.eyJhdXRob3JpemVkIjp0cnVlLCJleHAiOjE2OTAwNjY1NTYsInVzZXJJZCI6Ijg1ZTEzYzNmLTYxM2QtNDA1OS1iYWE0LWQzMWRiOTllZjExNiIsInVzZXJfdHlwZSI6InVzZXIifQ.iqO_4sv4TSw-VgsxBZk_UE1mETEQpMeSzic-ZCn3xAc[\r][\n]"
05:56:00.106 [main] DEBUG org.apache.http.wire -  >> "Accept: */*[\r][\n]"
05:56:00.107 [main] DEBUG org.apache.http.wire -  >> "Content-Type: application/json[\r][\n]"
05:56:00.107 [main] DEBUG org.apache.http.wire -  >> "Content-Length: 41[\r][\n]"
05:56:00.107 [main] DEBUG org.apache.http.wire -  >> "Host: 34.101.78.228:2424[\r][\n]"
05:56:00.107 [main] DEBUG org.apache.http.wire -  >> "Connection: Keep-Alive[\r][\n]"
05:56:00.107 [main] DEBUG org.apache.http.wire -  >> "User-Agent: Apache-HttpClient/4.5.13 (Java/19.0.2)[\r][\n]"
05:56:00.107 [main] DEBUG org.apache.http.wire -  >> "Accept-Encoding: gzip,deflate[\r][\n]"
05:56:00.107 [main] DEBUG org.apache.http.wire -  >> "[\r][\n]"
05:56:00.107 [main] DEBUG org.apache.http.headers - >> POST /api/v1/wifi/pay HTTP/1.1
05:56:00.107 [main] DEBUG org.apache.http.headers - >> Authorization: Bearer eyJhbGciOiJIUzI1NiIsInR5cCI6IkpXVCJ9.eyJhdXRob3JpemVkIjp0cnVlLCJleHAiOjE2OTAwNjY1NTYsInVzZXJJZCI6Ijg1ZTEzYzNmLTYxM2QtNDA1OS1iYWE0LWQzMWRiOTllZjExNiIsInVzZXJfdHlwZSI6InVzZXIifQ.iqO_4sv4TSw-VgsxBZk_UE1mETEQpMeSzic-ZCn3xAc
05:56:00.107 [main] DEBUG org.apache.http.headers - >> Accept: */*
05:56:00.107 [main] DEBUG org.apache.http.headers - >> Content-Type: application/json
05:56:00.107 [main] DEBUG org.apache.http.headers - >> Content-Length: 41
05:56:00.107 [main] DEBUG org.apache.http.headers - >> Host: 34.101.78.228:2424
05:56:00.107 [main] DEBUG org.apache.http.headers - >> Connection: Keep-Alive
05:56:00.107 [main] DEBUG org.apache.http.headers - >> User-Agent: Apache-HttpClient/4.5.13 (Java/19.0.2)
05:56:00.107 [main] DEBUG org.apache.http.headers - >> Accept-Encoding: gzip,deflate
05:56:00.108 [main] DEBUG org.apache.http.wire -  >> "{"partner_tx_id":"WIFI-2607996820077522"}"
05:56:00.127 [main] DEBUG org.apache.http.wire -  << "HTTP/1.1 500 Internal Server Error[\r][\n]"
05:56:00.127 [main] DEBUG org.apache.http.wire -  << "Content-Type: application/json; charset=UTF-8[\r][\n]"
05:56:00.127 [main] DEBUG org.apache.http.wire -  << "Vary: Origin[\r][\n]"
05:56:00.127 [main] DEBUG org.apache.http.wire -  << "Date: Thu, 22 Jun 2023 22:55:56 GMT[\r][\n]"
05:56:00.127 [main] DEBUG org.apache.http.wire -  << "Content-Length: 41[\r][\n]"
05:56:00.127 [main] DEBUG org.apache.http.wire -  << "[\r][\n]"
05:56:00.128 [main] DEBUG org.apache.http.impl.conn.DefaultClientConnection - Receiving response: HTTP/1.1 500 Internal Server Error
05:56:00.128 [main] DEBUG org.apache.http.headers - << HTTP/1.1 500 Internal Server Error
05:56:00.128 [main] DEBUG org.apache.http.headers - << Content-Type: application/json; charset=UTF-8
05:56:00.128 [main] DEBUG org.apache.http.headers - << Vary: Origin
05:56:00.128 [main] DEBUG org.apache.http.headers - << Date: Thu, 22 Jun 2023 22:55:56 GMT
05:56:00.128 [main] DEBUG org.apache.http.headers - << Content-Length: 41
05:56:00.128 [main] DEBUG org.apache.http.impl.client.DefaultHttpClient - Connection can be kept alive indefinitely
05:56:00.128 [main] DEBUG io.restassured.internal.RestAssuredHttpBuilder - Parsing response as: application/json; charset=UTF-8
05:56:00.128 [main] DEBUG io.restassured.internal.RestAssuredHttpBuilder - Parsed data to instance of: class org.apache.http.conn.EofSensorInputStream
05:56:00.131 [main] DEBUG org.apache.http.wire -  << "{"error":"this WiFi bill has been paid"}[\n]"
05:56:00.132 [main] DEBUG org.apache.http.impl.conn.BasicClientConnectionManager - Releasing connection org.apache.http.impl.conn.ManagedClientConnectionImpl@a4dcede
05:56:00.132 [main] DEBUG org.apache.http.impl.conn.BasicClientConnectionManager - Connection can be kept alive indefinitely
05:56:00.133 [main] DEBUG net.thucydides.core.steps.StepInterceptor - STEP DONE: I send HTTP request
  &amp#27;[32mThen &amp#27;[0m&amp#27;[32mUser send HTTP request for internet pay bill&amp#27;[0m                    &amp#27;[90m# starter.stepdefinitions.AllRole.InternetWIFI.InternetPayBillSteps.userSendHTTPRequestForInternetPayBill()&amp#27;[0m
05:56:00.144 [main] DEBUG net.thucydides.core.steps.StepInterceptor - STARTING STEP: InternetPayBillSteps.userReceivedValidHTTPResponseCodeForInternetPayBill - I received valid HTTP response code 200
  &amp#27;[31mAnd &amp#27;[0m&amp#27;[31mUser received valid HTTP response code &amp#27;[0m&amp#27;[31m&amp#27;[1m202&amp#27;[0m&amp#27;[31m for internet pay bill&amp#27;[0m &amp#27;[90m# starter.stepdefinitions.AllRole.InternetWIFI.InternetPayBillSteps.userReceivedValidHTTPResponseCodeForInternetPayBill(int)&amp#27;[0m
      &amp#27;[31mjava.lang.AssertionError: 1 expectation failed.
Expected status code <202> but was <500>.

	at java.base/jdk.internal.reflect.DirectConstructorHandleAccessor.newInstance(DirectConstructorHandleAccessor.java:67)
	at java.base/java.lang.reflect.Constructor.newInstanceWithCaller(Constructor.java:500)
	at java.base/java.lang.reflect.Constructor.newInstance(Constructor.java:484)
	at org.codehaus.groovy.reflection.CachedConstructor.invoke(CachedConstructor.java:73)
	at org.codehaus.groovy.runtime.callsite.ConstructorSite$ConstructorSiteNoUnwrapNoCoerce.callConstructor(ConstructorSite.java:108)
	at org.codehaus.groovy.runtime.callsite.AbstractCallSite.callConstructor(AbstractCallSite.java:277)
	at io.restassured.internal.ResponseSpecificationImpl$HamcrestAssertionClosure.validate(ResponseSpecificationImpl.groovy:512)
	at io.restassured.internal.ResponseSpecificationImpl$HamcrestAssertionClosure$validate$1.call(Unknown Source)
	at io.restassured.internal.ResponseSpecificationImpl.validateResponseIfRequired(ResponseSpecificationImpl.groovy:696)
	at io.restassured.internal.ResponseSpecificationImpl.this$2$validateResponseIfRequired(ResponseSpecificationImpl.groovy)
	at java.base/jdk.internal.reflect.DirectMethodHandleAccessor.invoke(DirectMethodHandleAccessor.java:104)
	at java.base/java.lang.reflect.Method.invoke(Method.java:578)
	at org.codehaus.groovy.runtime.callsite.PlainObjectMetaMethodSite.doInvoke(PlainObjectMetaMethodSite.java:43)
	at org.codehaus.groovy.runtime.callsite.PogoMetaMethodSite$PogoCachedMethodSiteNoUnwrapNoCoerce.invoke(PogoMetaMethodSite.java:198)
	at org.codehaus.groovy.runtime.callsite.PogoMetaMethodSite.callCurrent(PogoMetaMethodSite.java:62)
	at org.codehaus.groovy.runtime.callsite.AbstractCallSite.callCurrent(AbstractCallSite.java:185)
	at io.restassured.internal.ResponseSpecificationImpl.statusCode(ResponseSpecificationImpl.groovy:135)
	at io.restassured.specification.ResponseSpecification$statusCode$0.callCurrent(Unknown Source)
	at io.restassured.internal.ResponseSpecificationImpl.statusCode(ResponseSpecificationImpl.groovy:143)
	at io.restassured.internal.ValidatableResponseOptionsImpl.statusCode(ValidatableResponseOptionsImpl.java:89)
	at apiskuypay@1.0-SNAPSHOT/starter.api.AllRole.InternetWIFI.InternetPayBill.lambda$receivedValidHTTPResponseCode$0(InternetPayBill.java:57)
	at net.serenitybdd.rest.SerenityRest.restAssuredThat(SerenityRest.java:626)
	at apiskuypay@1.0-SNAPSHOT/starter.api.AllRole.InternetWIFI.InternetPayBill.receivedValidHTTPResponseCode(InternetPayBill.java:57)
	at apiskuypay@1.0-SNAPSHOT/starter.api.AllRole.InternetWIFI.InternetPayBill$ByteBuddy$dbLhM0d7.receivedValidHTTPResponseCode$accessor$Xo8wYmSn(Unknown Source)
	at java.base/jdk.internal.reflect.DirectMethodHandleAccessor.invoke(DirectMethodHandleAccessor.java:104)
	at java.base/java.lang.reflect.Method.invoke(Method.java:578)
	at net.thucydides.core.steps.StepInterceptor.invokeMethod(StepInterceptor.java:503)
	at net.thucydides.core.steps.StepInterceptor.executeTestStepMethod(StepInterceptor.java:483)
	at net.thucydides.core.steps.StepInterceptor.runTestStep(StepInterceptor.java:457)
	at net.thucydides.core.steps.StepInterceptor.runOrSkipMethod(StepInterceptor.java:209)
	at net.thucydides.core.steps.StepInterceptor.testStepResult(StepInterceptor.java:196)
	at net.thucydides.core.steps.StepInterceptor.intercept(StepInterceptor.java:84)
	at net.thucydides.core.steps.ProxyConfiguration$InterceptorDispatcher.intercept(ProxyConfiguration.java:51)
	at apiskuypay@1.0-SNAPSHOT/starter.api.AllRole.InternetWIFI.InternetPayBill$ByteBuddy$dbLhM0d7.receivedValidHTTPResponseCode(Unknown Source)
	at apiskuypay@1.0-SNAPSHOT/starter.stepdefinitions.AllRole.InternetWIFI.InternetPayBillSteps.userReceivedValidHTTPResponseCodeForInternetPayBill(InternetPayBillSteps.java:31)
	at ✽.User received valid HTTP response code 202 for internet pay bill(file:///C:/Dev/CapstoneProjectBaru/SKUYPAY%20API%20AUTOMATION/src/test/resources/features/AllRole/InternetWIFI/InternetPayBill.feature:9)
&amp#27;[0m
  &amp#27;[36mAnd &amp#27;[0m&amp#27;[36mUser received message success : Successfully pay bill&amp#27;[0m            &amp#27;[90m# starter.stepdefinitions.AllRole.InternetWIFI.InternetPayBillSteps.userReceivedMessageSuccessSuccessfullyPayBill()&amp#27;[0m
05:56:00.185 [main] ERROR  - 
  _____   ___   ___   _____     ___     _     ___   _      ___   ___  
 |_   _| | __| / __| |_   _|   | __|   /_\   |_ _| | |    | __| |   \ 
   | |   | _|  \__ \   | |     | _|   / _ \   | |  | |__  | _|  | |) |
   |_|   |___| |___/   |_|     |_|   /_/ \_\ |___| |____| |___| |___/ 

User berhasil membayar WiFi
-----------------------------------------------------------------------
05:56:00.186 [main] DEBUG  - RELATED ISSUES: 
05:56:00.186 [main] ERROR  -     Test failed at step: I received valid HTTP response code 200
05:56:00.187 [main] ERROR  -     1 expectation failed.Expected status code <202> but was <500>.
]]></system-out>
  </testcase>
  <testcase name="User berhasil mendapat data PDAM dari id" classname="Get PDAM By Id" time="0.481">
    <system-out><![CDATA[05:56:00.195 [main] INFO io.cucumber.core.plugin.SerenityReporter - Running feature from file:///C:/Dev/CapstoneProjectBaru/SKUYPAY%20API%20AUTOMATION/src/test/resources/features/AllRole/PDAM/GetPDAMById.feature
05:56:00.203 [main] DEBUG net.thucydides.core.steps.StepEventBus - Test suite started for story net.thucydides.core.model.Story@e14b47e
05:56:00.204 [main] INFO  - Test Suite Started: Get PDAM By Id

@Get-PDAM-by-Id-01
Scenario: User berhasil mendapat data PDAM dari id                      &amp#27;[90m# src/test/resources/features/AllRole/PDAM/GetPDAMById.feature:4&amp#27;[0m
05:56:00.233 [main] INFO io.cucumber.core.plugin.SerenityReporter - Running feature from file:///C:/Dev/CapstoneProjectBaru/SKUYPAY%20API%20AUTOMATION/src/test/resources/features/AllRole/PDAM/GetPDAMById.feature
05:56:00.239 [main] INFO  - 
  _____   ___   ___   _____     ___   _____     _     ___   _____   ___   ___  
 |_   _| | __| / __| |_   _|   / __| |_   _|   /_\   | _ \ |_   _| | __| |   \ 
   | |   | _|  \__ \   | |     \__ \   | |    / _ \  |   /   | |   | _|  | |) |
   |_|   |___| |___/   |_|     |___/   |_|   /_/ \_\ |_|_\   |_|   |___| |___/ 

User berhasil mendapat data PDAM dari id(get-pdam-by-id;user-berhasil-mendapat-data-pdam-dari-id)
--------------------------------------------------------------------------------
05:56:00.296 [main] DEBUG net.thucydides.core.steps.StepInterceptor - STARTING STEP: GetPDAMByIdSteps.userHaveEndpointAuthLoginForGetPDAMByID - User have endpoint auth
05:56:00.297 [main] DEBUG net.thucydides.core.steps.StepInterceptor - STEP DONE: User have endpoint auth
  &amp#27;[32mGiven &amp#27;[0m&amp#27;[32mUser have endpoint auth login for get PDAM by ID&amp#27;[0m                &amp#27;[90m# starter.stepdefinitions.AllRole.PDAM.GetPDAMByIdSteps.userHaveEndpointAuthLoginForGetPDAMByID()&amp#27;[0m
05:56:00.309 [main] DEBUG net.thucydides.core.steps.StepInterceptor - STARTING STEP: GetPDAMByIdSteps.userSendEndpointAuthForGetPDAMByIDFeatureAndGetToken - User send endpoint auth login and get token
05:56:00.314 [main] DEBUG net.thucydides.core.steps.StepInterceptor - STARTING STEP: GetPdamById.sendendpointauthandgettoken - User have endpoint auth
05:56:00.315 [main] DEBUG net.thucydides.core.steps.StepInterceptor - STEP DONE: User have endpoint auth
05:56:00.356 [main] DEBUG org.apache.http.impl.conn.BasicClientConnectionManager - Get connection for route {}->http://34.101.78.228:2424
05:56:00.357 [main] DEBUG org.apache.http.impl.conn.DefaultClientConnectionOperator - Connecting to 34.101.78.228:2424
05:56:00.378 [main] DEBUG org.apache.http.client.protocol.RequestAddCookies - CookieSpec selected: ignoreCookies
05:56:00.379 [main] DEBUG org.apache.http.client.protocol.RequestAuthCache - Auth cache not set in the context
05:56:00.379 [main] DEBUG org.apache.http.client.protocol.RequestTargetAuthentication - Target auth state: UNCHALLENGED
05:56:00.379 [main] DEBUG org.apache.http.client.protocol.RequestProxyAuthentication - Proxy auth state: UNCHALLENGED
05:56:00.379 [main] DEBUG org.apache.http.impl.client.DefaultHttpClient - Attempt 1 to execute request
05:56:00.379 [main] DEBUG org.apache.http.impl.conn.DefaultClientConnection - Sending request: POST /api/v1/login HTTP/1.1
05:56:00.379 [main] DEBUG org.apache.http.wire -  >> "POST /api/v1/login HTTP/1.1[\r][\n]"
05:56:00.379 [main] DEBUG org.apache.http.wire -  >> "Accept: */*[\r][\n]"
05:56:00.379 [main] DEBUG org.apache.http.wire -  >> "Content-Type: application/json[\r][\n]"
05:56:00.379 [main] DEBUG org.apache.http.wire -  >> "Content-Length: 50[\r][\n]"
05:56:00.379 [main] DEBUG org.apache.http.wire -  >> "Host: 34.101.78.228:2424[\r][\n]"
05:56:00.379 [main] DEBUG org.apache.http.wire -  >> "Connection: Keep-Alive[\r][\n]"
05:56:00.379 [main] DEBUG org.apache.http.wire -  >> "User-Agent: Apache-HttpClient/4.5.13 (Java/19.0.2)[\r][\n]"
05:56:00.380 [main] DEBUG org.apache.http.wire -  >> "Accept-Encoding: gzip,deflate[\r][\n]"
05:56:00.380 [main] DEBUG org.apache.http.wire -  >> "[\r][\n]"
05:56:00.380 [main] DEBUG org.apache.http.headers - >> POST /api/v1/login HTTP/1.1
05:56:00.380 [main] DEBUG org.apache.http.headers - >> Accept: */*
05:56:00.380 [main] DEBUG org.apache.http.headers - >> Content-Type: application/json
05:56:00.380 [main] DEBUG org.apache.http.headers - >> Content-Length: 50
05:56:00.380 [main] DEBUG org.apache.http.headers - >> Host: 34.101.78.228:2424
05:56:00.380 [main] DEBUG org.apache.http.headers - >> Connection: Keep-Alive
05:56:00.380 [main] DEBUG org.apache.http.headers - >> User-Agent: Apache-HttpClient/4.5.13 (Java/19.0.2)
05:56:00.380 [main] DEBUG org.apache.http.headers - >> Accept-Encoding: gzip,deflate
05:56:00.380 [main] DEBUG org.apache.http.wire -  >> "{"password":"12345678","email":"melmel@gmail.com"}"
05:56:00.483 [main] DEBUG org.apache.http.wire -  << "HTTP/1.1 200 OK[\r][\n]"
05:56:00.484 [main] DEBUG org.apache.http.wire -  << "Content-Type: application/json; charset=UTF-8[\r][\n]"
05:56:00.484 [main] DEBUG org.apache.http.wire -  << "Vary: Origin[\r][\n]"
05:56:00.484 [main] DEBUG org.apache.http.wire -  << "Date: Thu, 22 Jun 2023 22:55:57 GMT[\r][\n]"
05:56:00.484 [main] DEBUG org.apache.http.wire -  << "Content-Length: 405[\r][\n]"
05:56:00.484 [main] DEBUG org.apache.http.wire -  << "[\r][\n]"
05:56:00.484 [main] DEBUG org.apache.http.impl.conn.DefaultClientConnection - Receiving response: HTTP/1.1 200 OK
05:56:00.484 [main] DEBUG org.apache.http.headers - << HTTP/1.1 200 OK
05:56:00.484 [main] DEBUG org.apache.http.headers - << Content-Type: application/json; charset=UTF-8
05:56:00.484 [main] DEBUG org.apache.http.headers - << Vary: Origin
05:56:00.484 [main] DEBUG org.apache.http.headers - << Date: Thu, 22 Jun 2023 22:55:57 GMT
05:56:00.484 [main] DEBUG org.apache.http.headers - << Content-Length: 405
05:56:00.484 [main] DEBUG org.apache.http.impl.client.DefaultHttpClient - Connection can be kept alive indefinitely
05:56:00.484 [main] DEBUG io.restassured.internal.RestAssuredHttpBuilder - Parsing response as: application/json; charset=UTF-8
05:56:00.484 [main] DEBUG io.restassured.internal.RestAssuredHttpBuilder - Parsed data to instance of: class org.apache.http.conn.EofSensorInputStream
05:56:00.487 [main] DEBUG org.apache.http.wire -  << "{"data":{"id":"85e13c3f-613d-4059-baa4-d31db99ef116","name":"mel","email":"melmel@gmail.com","token":"eyJhbGciOiJIUzI1NiIsInR5cCI6IkpXVCJ9.eyJhdXRob3JpemVkIjp0cnVlLCJleHAiOjE2OTAwNjY1NTcsInVzZXJJZCI6Ijg1ZTEzYzNmLTYxM2QtNDA1OS1iYWE0LWQzMWRiOTllZjExNiIsInVzZXJfdHlwZSI6InVzZXIifQ.nLlHWMj1MhvEBTVOAf0BkUbICJ6eRCDClbKjixU8gKU"},"metadata":{"status":200,"message":"User Login successfully"},"pagination":null}[\n]"
05:56:00.487 [main] DEBUG org.apache.http.impl.conn.BasicClientConnectionManager - Releasing connection org.apache.http.impl.conn.ManagedClientConnectionImpl@46bdc55e
05:56:00.487 [main] DEBUG org.apache.http.impl.conn.BasicClientConnectionManager - Connection can be kept alive indefinitely
05:56:00.516 [main] DEBUG net.thucydides.core.steps.StepInterceptor - STEP DONE: User send endpoint auth login and get token
  &amp#27;[32mWhen &amp#27;[0m&amp#27;[32mUser send endpoint auth for get PDAM by ID feature and get token&amp#27;[0m &amp#27;[90m# starter.stepdefinitions.AllRole.PDAM.GetPDAMByIdSteps.userSendEndpointAuthForGetPDAMByIDFeatureAndGetToken()&amp#27;[0m
05:56:00.526 [main] DEBUG net.thucydides.core.steps.StepInterceptor - STARTING STEP: GetPDAMByIdSteps.userSetGetPDAMByIDApiEndpoint - User set api endpoint
05:56:00.526 [main] DEBUG net.thucydides.core.steps.StepInterceptor - STEP DONE: User set api endpoint
  &amp#27;[32mThen &amp#27;[0m&amp#27;[32mUser set get PDAM by ID api endpoint&amp#27;[0m                             &amp#27;[90m# starter.stepdefinitions.AllRole.PDAM.GetPDAMByIdSteps.userSetGetPDAMByIDApiEndpoint()&amp#27;[0m
05:56:00.536 [main] DEBUG net.thucydides.core.steps.StepInterceptor - STARTING STEP: GetPDAMByIdSteps.userSendHTTPRequestForGetPDAMByID - User send HTTP request
05:56:00.541 [main] DEBUG net.thucydides.core.steps.StepInterceptor - STARTING STEP: GetPdamById.sendHTTPrequest - User set api endpoint
05:56:00.542 [main] DEBUG net.thucydides.core.steps.StepInterceptor - STEP DONE: User set api endpoint
05:56:00.568 [main] DEBUG org.apache.http.impl.conn.BasicClientConnectionManager - Get connection for route {}->http://34.101.78.228:2424
05:56:00.569 [main] DEBUG org.apache.http.impl.conn.DefaultClientConnectionOperator - Connecting to 34.101.78.228:2424
05:56:00.588 [main] DEBUG org.apache.http.client.protocol.RequestAddCookies - CookieSpec selected: ignoreCookies
05:56:00.589 [main] DEBUG org.apache.http.client.protocol.RequestAuthCache - Auth cache not set in the context
05:56:00.589 [main] DEBUG org.apache.http.client.protocol.RequestProxyAuthentication - Proxy auth state: UNCHALLENGED
05:56:00.589 [main] DEBUG org.apache.http.impl.client.DefaultHttpClient - Attempt 1 to execute request
05:56:00.589 [main] DEBUG org.apache.http.impl.conn.DefaultClientConnection - Sending request: GET /api/v1/pdam/f27141e3-5cb2-4131-9852-9e8db25c37b9 HTTP/1.1
05:56:00.589 [main] DEBUG org.apache.http.wire -  >> "GET /api/v1/pdam/f27141e3-5cb2-4131-9852-9e8db25c37b9 HTTP/1.1[\r][\n]"
05:56:00.589 [main] DEBUG org.apache.http.wire -  >> "Authorization: Bearer eyJhbGciOiJIUzI1NiIsInR5cCI6IkpXVCJ9.eyJhdXRob3JpemVkIjp0cnVlLCJleHAiOjE2OTAwNjY1NTcsInVzZXJJZCI6Ijg1ZTEzYzNmLTYxM2QtNDA1OS1iYWE0LWQzMWRiOTllZjExNiIsInVzZXJfdHlwZSI6InVzZXIifQ.nLlHWMj1MhvEBTVOAf0BkUbICJ6eRCDClbKjixU8gKU[\r][\n]"
05:56:00.589 [main] DEBUG org.apache.http.wire -  >> "Accept: */*[\r][\n]"
05:56:00.589 [main] DEBUG org.apache.http.wire -  >> "Host: 34.101.78.228:2424[\r][\n]"
05:56:00.589 [main] DEBUG org.apache.http.wire -  >> "Connection: Keep-Alive[\r][\n]"
05:56:00.590 [main] DEBUG org.apache.http.wire -  >> "User-Agent: Apache-HttpClient/4.5.13 (Java/19.0.2)[\r][\n]"
05:56:00.590 [main] DEBUG org.apache.http.wire -  >> "Accept-Encoding: gzip,deflate[\r][\n]"
05:56:00.590 [main] DEBUG org.apache.http.wire -  >> "[\r][\n]"
05:56:00.590 [main] DEBUG org.apache.http.headers - >> GET /api/v1/pdam/f27141e3-5cb2-4131-9852-9e8db25c37b9 HTTP/1.1
05:56:00.590 [main] DEBUG org.apache.http.headers - >> Authorization: Bearer eyJhbGciOiJIUzI1NiIsInR5cCI6IkpXVCJ9.eyJhdXRob3JpemVkIjp0cnVlLCJleHAiOjE2OTAwNjY1NTcsInVzZXJJZCI6Ijg1ZTEzYzNmLTYxM2QtNDA1OS1iYWE0LWQzMWRiOTllZjExNiIsInVzZXJfdHlwZSI6InVzZXIifQ.nLlHWMj1MhvEBTVOAf0BkUbICJ6eRCDClbKjixU8gKU
05:56:00.590 [main] DEBUG org.apache.http.headers - >> Accept: */*
05:56:00.590 [main] DEBUG org.apache.http.headers - >> Host: 34.101.78.228:2424
05:56:00.590 [main] DEBUG org.apache.http.headers - >> Connection: Keep-Alive
05:56:00.590 [main] DEBUG org.apache.http.headers - >> User-Agent: Apache-HttpClient/4.5.13 (Java/19.0.2)
05:56:00.590 [main] DEBUG org.apache.http.headers - >> Accept-Encoding: gzip,deflate
05:56:00.611 [main] DEBUG org.apache.http.wire -  << "HTTP/1.1 200 OK[\r][\n]"
05:56:00.612 [main] DEBUG org.apache.http.wire -  << "Content-Type: application/json; charset=UTF-8[\r][\n]"
05:56:00.612 [main] DEBUG org.apache.http.wire -  << "Vary: Origin[\r][\n]"
05:56:00.612 [main] DEBUG org.apache.http.wire -  << "Date: Thu, 22 Jun 2023 22:55:57 GMT[\r][\n]"
05:56:00.612 [main] DEBUG org.apache.http.wire -  << "Content-Length: 380[\r][\n]"
05:56:00.612 [main] DEBUG org.apache.http.wire -  << "[\r][\n]"
05:56:00.612 [main] DEBUG org.apache.http.impl.conn.DefaultClientConnection - Receiving response: HTTP/1.1 200 OK
05:56:00.612 [main] DEBUG org.apache.http.headers - << HTTP/1.1 200 OK
05:56:00.612 [main] DEBUG org.apache.http.headers - << Content-Type: application/json; charset=UTF-8
05:56:00.612 [main] DEBUG org.apache.http.headers - << Vary: Origin
05:56:00.612 [main] DEBUG org.apache.http.headers - << Date: Thu, 22 Jun 2023 22:55:57 GMT
05:56:00.612 [main] DEBUG org.apache.http.headers - << Content-Length: 380
05:56:00.612 [main] DEBUG org.apache.http.impl.client.DefaultHttpClient - Connection can be kept alive indefinitely
05:56:00.612 [main] DEBUG io.restassured.internal.RestAssuredHttpBuilder - Parsing response as: application/json; charset=UTF-8
05:56:00.612 [main] DEBUG io.restassured.internal.RestAssuredHttpBuilder - Parsed data to instance of: class org.apache.http.conn.EofSensorInputStream
05:56:00.614 [main] DEBUG org.apache.http.wire -  << "{"data":{"id":"f27141e3-5cb2-4131-9852-9e8db25c37b9","CreatedAt":"2023-06-22T13:24:51.26331Z","UpdatedAt":"2023-06-22T16:09:20.674231Z","DeletedAt":null,"customer_id":"","provider_name":"pdamkab.bandung","product_type":"PDAM-0002","name":"","address":"Ciwidey","period":"","discount_id":"","price":0},"metadata":{"status":200,"message":"Successfully get PDAM"},"pagination":null}[\n]"
05:56:00.615 [main] DEBUG org.apache.http.impl.conn.BasicClientConnectionManager - Releasing connection org.apache.http.impl.conn.ManagedClientConnectionImpl@4e26c308
05:56:00.615 [main] DEBUG org.apache.http.impl.conn.BasicClientConnectionManager - Connection can be kept alive indefinitely
05:56:00.616 [main] DEBUG net.thucydides.core.steps.StepInterceptor - STEP DONE: User send HTTP request
  &amp#27;[32mThen &amp#27;[0m&amp#27;[32mUser send HTTP request for get PDAM by ID&amp#27;[0m                        &amp#27;[90m# starter.stepdefinitions.AllRole.PDAM.GetPDAMByIdSteps.userSendHTTPRequestForGetPDAMByID()&amp#27;[0m
05:56:00.623 [main] DEBUG net.thucydides.core.steps.StepInterceptor - STARTING STEP: GetPDAMByIdSteps.userReceivedValidHTTPResponseCodeForGetPDAMByID - User received valid HTTP response code 200
05:56:00.625 [main] DEBUG net.thucydides.core.steps.StepInterceptor - STEP DONE: User received valid HTTP response code 200
  &amp#27;[32mAnd &amp#27;[0m&amp#27;[32mUser received valid HTTP response code &amp#27;[0m&amp#27;[32m&amp#27;[1m200&amp#27;[0m&amp#27;[32m for get PDAM by ID&amp#27;[0m     &amp#27;[90m# starter.stepdefinitions.AllRole.PDAM.GetPDAMByIdSteps.userReceivedValidHTTPResponseCodeForGetPDAMByID(int)&amp#27;[0m
05:56:00.633 [main] DEBUG net.thucydides.core.steps.StepInterceptor - STARTING STEP: GetPDAMByIdSteps.userReceivedValidDataMessageSuccessSuccessfullyGetPDAM - User received message success
05:56:00.657 [main] DEBUG net.thucydides.core.steps.StepInterceptor - STEP DONE: User received message success
  &amp#27;[32mAnd &amp#27;[0m&amp#27;[32mUser received valid data message success : Successfully get PDAM&amp#27;[0m  &amp#27;[90m# starter.stepdefinitions.AllRole.PDAM.GetPDAMByIdSteps.userReceivedValidDataMessageSuccessSuccessfullyGetPDAM()&amp#27;[0m
05:56:00.684 [main] INFO  - 
  _____   ___   ___   _____     ___     _     ___   ___   ___   ___  
 |_   _| | __| / __| |_   _|   | _ \   /_\   / __| / __| | __| |   \ 
   | |   | _|  \__ \   | |     |  _/  / _ \  \__ \ \__ \ | _|  | |) |
   |_|   |___| |___/   |_|     |_|   /_/ \_\ |___/ |___/ |___| |___/ 

User berhasil mendapat data PDAM dari id
----------------------------------------------------------------------
05:56:00.684 [Finalizer] DEBUG org.apache.http.impl.conn.DefaultClientConnection - Connection 0.0.0.0:53583<->34.101.78.228:2424 closed
05:56:00.685 [Finalizer] DEBUG org.apache.http.impl.conn.DefaultClientConnection - Connection 0.0.0.0:53584<->34.101.78.228:2424 closed
05:56:00.685 [Finalizer] DEBUG org.apache.http.impl.conn.DefaultClientConnection - Connection 0.0.0.0:53585<->34.101.78.228:2424 closed
05:56:00.685 [Finalizer] DEBUG org.apache.http.impl.conn.DefaultClientConnection - Connection 0.0.0.0:53580<->34.101.78.228:2424 closed
05:56:00.685 [Finalizer] DEBUG org.apache.http.impl.conn.DefaultClientConnection - Connection 0.0.0.0:53581<->34.101.78.228:2424 closed
05:56:00.686 [Finalizer] DEBUG org.apache.http.impl.conn.DefaultClientConnection - Connection 0.0.0.0:53582<->34.101.78.228:2424 closed
05:56:00.686 [Finalizer] DEBUG org.apache.http.impl.conn.DefaultClientConnection - Connection 0.0.0.0:53586<->34.101.78.228:2424 closed
05:56:00.686 [Finalizer] DEBUG org.apache.http.impl.conn.DefaultClientConnection - Connection 0.0.0.0:53587<->34.101.78.228:2424 closed
]]></system-out>
  </testcase>
  <testcase name="User mendapatkan data token dari fitur login" classname="Login User" time="0.325">
    <system-out><![CDATA[05:56:00.687 [main] INFO io.cucumber.core.plugin.SerenityReporter - Running feature from file:///C:/Dev/CapstoneProjectBaru/SKUYPAY%20API%20AUTOMATION/src/test/resources/features/Auth/LoginUser.feature
05:56:00.694 [main] DEBUG net.thucydides.core.steps.StepEventBus - Test suite started for story net.thucydides.core.model.Story@e144bb66
05:56:00.695 [main] INFO  - Test Suite Started: Login User

@Login-01
Scenario: User mendapatkan data token dari fitur login   &amp#27;[90m# src/test/resources/features/Auth/LoginUser.feature:4&amp#27;[0m
05:56:00.719 [main] INFO io.cucumber.core.plugin.SerenityReporter - Running feature from file:///C:/Dev/CapstoneProjectBaru/SKUYPAY%20API%20AUTOMATION/src/test/resources/features/Auth/LoginUser.feature
05:56:00.724 [main] INFO  - 
  _____   ___   ___   _____     ___   _____     _     ___   _____   ___   ___  
 |_   _| | __| / __| |_   _|   / __| |_   _|   /_\   | _ \ |_   _| | __| |   \ 
   | |   | _|  \__ \   | |     \__ \   | |    / _ \  |   /   | |   | _|  | |) |
   |_|   |___| |___/   |_|     |___/   |_|   /_/ \_\ |_|_\   |_|   |___| |___/ 

User mendapatkan data token dari fitur login(login-user;user-mendapatkan-data-token-dari-fitur-login)
--------------------------------------------------------------------------------
05:56:00.779 [main] DEBUG net.thucydides.core.steps.StepInterceptor - STARTING STEP: LoginUserSteps.iSetLoginApiEndpointForLoginFeature - I set login api endpoint for login feature
05:56:00.780 [main] DEBUG net.thucydides.core.steps.StepInterceptor - STEP DONE: I set login api endpoint for login feature
  &amp#27;[32mGiven &amp#27;[0m&amp#27;[32mI set login api endpoint for login feature&amp#27;[0m       &amp#27;[90m# starter.stepdefinitions.auth.LoginUserSteps.iSetLoginApiEndpointForLoginFeature()&amp#27;[0m
05:56:00.787 [main] DEBUG net.thucydides.core.steps.StepInterceptor - STARTING STEP: LoginUserSteps.iSendLoginHTTPRequestForLoginFeature - I send login HTTP request
05:56:00.792 [main] DEBUG net.thucydides.core.steps.StepInterceptor - STARTING STEP: LoginUser.iSendPOSTHTTPRequest - I set login api endpoint for login feature
05:56:00.793 [main] DEBUG net.thucydides.core.steps.StepInterceptor - STEP DONE: I set login api endpoint for login feature
05:56:00.820 [main] DEBUG org.apache.http.impl.conn.BasicClientConnectionManager - Get connection for route {}->http://34.101.78.228:2424
05:56:00.820 [main] DEBUG org.apache.http.impl.conn.DefaultClientConnectionOperator - Connecting to 34.101.78.228:2424
05:56:00.840 [main] DEBUG org.apache.http.client.protocol.RequestAddCookies - CookieSpec selected: ignoreCookies
05:56:00.840 [main] DEBUG org.apache.http.client.protocol.RequestAuthCache - Auth cache not set in the context
05:56:00.840 [main] DEBUG org.apache.http.client.protocol.RequestTargetAuthentication - Target auth state: UNCHALLENGED
05:56:00.841 [main] DEBUG org.apache.http.client.protocol.RequestProxyAuthentication - Proxy auth state: UNCHALLENGED
05:56:00.841 [main] DEBUG org.apache.http.impl.client.DefaultHttpClient - Attempt 1 to execute request
05:56:00.841 [main] DEBUG org.apache.http.impl.conn.DefaultClientConnection - Sending request: POST /api/v1/login HTTP/1.1
05:56:00.841 [main] DEBUG org.apache.http.wire -  >> "POST /api/v1/login HTTP/1.1[\r][\n]"
05:56:00.841 [main] DEBUG org.apache.http.wire -  >> "Accept: */*[\r][\n]"
05:56:00.841 [main] DEBUG org.apache.http.wire -  >> "Content-Type: application/json[\r][\n]"
05:56:00.841 [main] DEBUG org.apache.http.wire -  >> "Content-Length: 50[\r][\n]"
05:56:00.841 [main] DEBUG org.apache.http.wire -  >> "Host: 34.101.78.228:2424[\r][\n]"
05:56:00.841 [main] DEBUG org.apache.http.wire -  >> "Connection: Keep-Alive[\r][\n]"
05:56:00.841 [main] DEBUG org.apache.http.wire -  >> "User-Agent: Apache-HttpClient/4.5.13 (Java/19.0.2)[\r][\n]"
05:56:00.841 [main] DEBUG org.apache.http.wire -  >> "Accept-Encoding: gzip,deflate[\r][\n]"
05:56:00.841 [main] DEBUG org.apache.http.wire -  >> "[\r][\n]"
05:56:00.841 [main] DEBUG org.apache.http.headers - >> POST /api/v1/login HTTP/1.1
05:56:00.841 [main] DEBUG org.apache.http.headers - >> Accept: */*
05:56:00.841 [main] DEBUG org.apache.http.headers - >> Content-Type: application/json
05:56:00.841 [main] DEBUG org.apache.http.headers - >> Content-Length: 50
05:56:00.841 [main] DEBUG org.apache.http.headers - >> Host: 34.101.78.228:2424
05:56:00.842 [main] DEBUG org.apache.http.headers - >> Connection: Keep-Alive
05:56:00.842 [main] DEBUG org.apache.http.headers - >> User-Agent: Apache-HttpClient/4.5.13 (Java/19.0.2)
05:56:00.842 [main] DEBUG org.apache.http.headers - >> Accept-Encoding: gzip,deflate
05:56:00.842 [main] DEBUG org.apache.http.wire -  >> "{"password":"12345678","email":"melmel@gmail.com"}"
05:56:00.943 [main] DEBUG org.apache.http.wire -  << "HTTP/1.1 200 OK[\r][\n]"
05:56:00.944 [main] DEBUG org.apache.http.wire -  << "Content-Type: application/json; charset=UTF-8[\r][\n]"
05:56:00.944 [main] DEBUG org.apache.http.wire -  << "Vary: Origin[\r][\n]"
05:56:00.944 [main] DEBUG org.apache.http.wire -  << "Date: Thu, 22 Jun 2023 22:55:57 GMT[\r][\n]"
05:56:00.944 [main] DEBUG org.apache.http.wire -  << "Content-Length: 405[\r][\n]"
05:56:00.944 [main] DEBUG org.apache.http.wire -  << "[\r][\n]"
05:56:00.944 [main] DEBUG org.apache.http.impl.conn.DefaultClientConnection - Receiving response: HTTP/1.1 200 OK
05:56:00.944 [main] DEBUG org.apache.http.headers - << HTTP/1.1 200 OK
05:56:00.944 [main] DEBUG org.apache.http.headers - << Content-Type: application/json; charset=UTF-8
05:56:00.944 [main] DEBUG org.apache.http.headers - << Vary: Origin
05:56:00.944 [main] DEBUG org.apache.http.headers - << Date: Thu, 22 Jun 2023 22:55:57 GMT
05:56:00.944 [main] DEBUG org.apache.http.headers - << Content-Length: 405
05:56:00.944 [main] DEBUG org.apache.http.impl.client.DefaultHttpClient - Connection can be kept alive indefinitely
05:56:00.944 [main] DEBUG io.restassured.internal.RestAssuredHttpBuilder - Parsing response as: application/json; charset=UTF-8
05:56:00.944 [main] DEBUG io.restassured.internal.RestAssuredHttpBuilder - Parsed data to instance of: class org.apache.http.conn.EofSensorInputStream
05:56:00.947 [main] DEBUG org.apache.http.wire -  << "{"data":{"id":"85e13c3f-613d-4059-baa4-d31db99ef116","name":"mel","email":"melmel@gmail.com","token":"eyJhbGciOiJIUzI1NiIsInR5cCI6IkpXVCJ9.eyJhdXRob3JpemVkIjp0cnVlLCJleHAiOjE2OTAwNjY1NTcsInVzZXJJZCI6Ijg1ZTEzYzNmLTYxM2QtNDA1OS1iYWE0LWQzMWRiOTllZjExNiIsInVzZXJfdHlwZSI6InVzZXIifQ.nLlHWMj1MhvEBTVOAf0BkUbICJ6eRCDClbKjixU8gKU"},"metadata":{"status":200,"message":"User Login successfully"},"pagination":null}[\n]"
05:56:00.947 [main] DEBUG org.apache.http.impl.conn.BasicClientConnectionManager - Releasing connection org.apache.http.impl.conn.ManagedClientConnectionImpl@7d8d671b
05:56:00.947 [main] DEBUG org.apache.http.impl.conn.BasicClientConnectionManager - Connection can be kept alive indefinitely
05:56:00.972 [main] DEBUG net.thucydides.core.steps.StepInterceptor - STEP DONE: I send login HTTP request
  &amp#27;[32mWhen &amp#27;[0m&amp#27;[32mI send login HTTP request for login feature&amp#27;[0m       &amp#27;[90m# starter.stepdefinitions.auth.LoginUserSteps.iSendLoginHTTPRequestForLoginFeature()&amp#27;[0m
05:56:00.980 [main] DEBUG net.thucydides.core.steps.StepInterceptor - STARTING STEP: LoginUserSteps.iReceivedValidHTTPResponseCodeForLogin - I received valid HTTP response code {int} for login
05:56:00.983 [main] DEBUG net.thucydides.core.steps.StepInterceptor - STEP DONE: I received valid HTTP response code {int} for login
  &amp#27;[32mThen &amp#27;[0m&amp#27;[32mI received valid HTTP response code &amp#27;[0m&amp#27;[32m&amp#27;[1m200&amp#27;[0m&amp#27;[32m for login&amp#27;[0m &amp#27;[90m# starter.stepdefinitions.auth.LoginUserSteps.iReceivedValidHTTPResponseCodeForLogin(int)&amp#27;[0m
05:56:00.991 [main] DEBUG net.thucydides.core.steps.StepInterceptor - STARTING STEP: LoginUserSteps.iReceivedValidDataForLogin - I received valid data for login
05:56:01.014 [main] DEBUG net.thucydides.core.steps.StepInterceptor - STEP DONE: I received valid data for login
  &amp#27;[32mThen &amp#27;[0m&amp#27;[32mI received valid data for login&amp#27;[0m                   &amp#27;[90m# starter.stepdefinitions.auth.LoginUserSteps.iReceivedValidDataForLogin()&amp#27;[0m
05:56:01.019 [main] INFO  - 
  _____   ___   ___   _____     ___     _     ___   ___   ___   ___  
 |_   _| | __| / __| |_   _|   | _ \   /_\   / __| / __| | __| |   \ 
   | |   | _|  \__ \   | |     |  _/  / _ \  \__ \ \__ \ | _|  | |) |
   |_|   |___| |___/   |_|     |_|   /_/ \_\ |___/ |___/ |___| |___/ 

User mendapatkan data token dari fitur login
----------------------------------------------------------------------
]]></system-out>
  </testcase>
  <testcase name="User tidak mendapatkan data token dari fitur login karena kredensial password tidak valid" classname="Login User" time="0.339">
    <system-out><![CDATA[
@Login-02
Scenario: User tidak mendapatkan data token dari fitur login karena kredensial password tidak valid &amp#27;[90m# src/test/resources/features/Auth/LoginUser.feature:11&amp#27;[0m
05:56:01.048 [main] INFO io.cucumber.core.plugin.SerenityReporter - Running feature from file:///C:/Dev/CapstoneProjectBaru/SKUYPAY%20API%20AUTOMATION/src/test/resources/features/Auth/LoginUser.feature
05:56:01.053 [main] INFO  - 
  _____   ___   ___   _____     ___   _____     _     ___   _____   ___   ___  
 |_   _| | __| / __| |_   _|   / __| |_   _|   /_\   | _ \ |_   _| | __| |   \ 
   | |   | _|  \__ \   | |     \__ \   | |    / _ \  |   /   | |   | _|  | |) |
   |_|   |___| |___/   |_|     |___/   |_|   /_/ \_\ |_|_\   |_|   |___| |___/ 

User tidak mendapatkan data token dari fitur login karena kredensial password tidak valid(login-user;user-tidak-mendapatkan-data-token-dari-fitur-login-karena-kredensial-password-tidak-valid)
--------------------------------------------------------------------------------
05:56:01.090 [main] DEBUG net.thucydides.core.steps.StepInterceptor - STARTING STEP: LoginUserSteps.iSetLoginApiEndpointForLoginFeature - I set login api endpoint for login feature
05:56:01.091 [main] DEBUG net.thucydides.core.steps.StepInterceptor - STEP DONE: I set login api endpoint for login feature
  &amp#27;[32mGiven &amp#27;[0m&amp#27;[32mI set login api endpoint for login feature&amp#27;[0m                                                  &amp#27;[90m# starter.stepdefinitions.auth.LoginUserSteps.iSetLoginApiEndpointForLoginFeature()&amp#27;[0m
05:56:01.101 [main] DEBUG net.thucydides.core.steps.StepInterceptor - STARTING STEP: LoginUserSteps.iSendLoginHTTPRequestWithInvalidDataForLoginFeature - I send login HTTP request with invalid data for login feature
05:56:01.107 [main] DEBUG net.thucydides.core.steps.StepInterceptor - STARTING STEP: LoginUser.iSendPOSTHTTPRequestwithinvaliddataforloginfeature - I set login api endpoint for login feature
05:56:01.111 [main] DEBUG net.thucydides.core.steps.StepInterceptor - STEP DONE: I set login api endpoint for login feature
05:56:01.148 [main] DEBUG org.apache.http.impl.conn.BasicClientConnectionManager - Get connection for route {}->http://34.101.78.228:2424
05:56:01.148 [main] DEBUG org.apache.http.impl.conn.DefaultClientConnectionOperator - Connecting to 34.101.78.228:2424
05:56:01.164 [main] DEBUG org.apache.http.client.protocol.RequestAddCookies - CookieSpec selected: ignoreCookies
05:56:01.165 [main] DEBUG org.apache.http.client.protocol.RequestAuthCache - Auth cache not set in the context
05:56:01.165 [main] DEBUG org.apache.http.client.protocol.RequestTargetAuthentication - Target auth state: UNCHALLENGED
05:56:01.165 [main] DEBUG org.apache.http.client.protocol.RequestProxyAuthentication - Proxy auth state: UNCHALLENGED
05:56:01.165 [main] DEBUG org.apache.http.impl.client.DefaultHttpClient - Attempt 1 to execute request
05:56:01.165 [main] DEBUG org.apache.http.impl.conn.DefaultClientConnection - Sending request: POST /api/v1/login HTTP/1.1
05:56:01.165 [main] DEBUG org.apache.http.wire -  >> "POST /api/v1/login HTTP/1.1[\r][\n]"
05:56:01.165 [main] DEBUG org.apache.http.wire -  >> "Accept: */*[\r][\n]"
05:56:01.165 [main] DEBUG org.apache.http.wire -  >> "Content-Type: application/json[\r][\n]"
05:56:01.165 [main] DEBUG org.apache.http.wire -  >> "Content-Length: 50[\r][\n]"
05:56:01.165 [main] DEBUG org.apache.http.wire -  >> "Host: 34.101.78.228:2424[\r][\n]"
05:56:01.165 [main] DEBUG org.apache.http.wire -  >> "Connection: Keep-Alive[\r][\n]"
05:56:01.165 [main] DEBUG org.apache.http.wire -  >> "User-Agent: Apache-HttpClient/4.5.13 (Java/19.0.2)[\r][\n]"
05:56:01.165 [main] DEBUG org.apache.http.wire -  >> "Accept-Encoding: gzip,deflate[\r][\n]"
05:56:01.165 [main] DEBUG org.apache.http.wire -  >> "[\r][\n]"
05:56:01.165 [main] DEBUG org.apache.http.headers - >> POST /api/v1/login HTTP/1.1
05:56:01.165 [main] DEBUG org.apache.http.headers - >> Accept: */*
05:56:01.165 [main] DEBUG org.apache.http.headers - >> Content-Type: application/json
05:56:01.165 [main] DEBUG org.apache.http.headers - >> Content-Length: 50
05:56:01.165 [main] DEBUG org.apache.http.headers - >> Host: 34.101.78.228:2424
05:56:01.165 [main] DEBUG org.apache.http.headers - >> Connection: Keep-Alive
05:56:01.165 [main] DEBUG org.apache.http.headers - >> User-Agent: Apache-HttpClient/4.5.13 (Java/19.0.2)
05:56:01.165 [main] DEBUG org.apache.http.headers - >> Accept-Encoding: gzip,deflate
05:56:01.165 [main] DEBUG org.apache.http.wire -  >> "{"password":"12345679","email":"melmel@gmail.com"}"
05:56:01.263 [main] DEBUG org.apache.http.wire -  << "HTTP/1.1 400 Bad Request[\r][\n]"
05:56:01.263 [main] DEBUG org.apache.http.wire -  << "Content-Type: application/json; charset=UTF-8[\r][\n]"
05:56:01.263 [main] DEBUG org.apache.http.wire -  << "Vary: Origin[\r][\n]"
05:56:01.263 [main] DEBUG org.apache.http.wire -  << "Date: Thu, 22 Jun 2023 22:55:57 GMT[\r][\n]"
05:56:01.263 [main] DEBUG org.apache.http.wire -  << "Content-Length: 53[\r][\n]"
05:56:01.263 [main] DEBUG org.apache.http.wire -  << "[\r][\n]"
05:56:01.263 [main] DEBUG org.apache.http.impl.conn.DefaultClientConnection - Receiving response: HTTP/1.1 400 Bad Request
05:56:01.263 [main] DEBUG org.apache.http.headers - << HTTP/1.1 400 Bad Request
05:56:01.263 [main] DEBUG org.apache.http.headers - << Content-Type: application/json; charset=UTF-8
05:56:01.263 [main] DEBUG org.apache.http.headers - << Vary: Origin
05:56:01.263 [main] DEBUG org.apache.http.headers - << Date: Thu, 22 Jun 2023 22:55:57 GMT
05:56:01.263 [main] DEBUG org.apache.http.headers - << Content-Length: 53
05:56:01.263 [main] DEBUG org.apache.http.impl.client.DefaultHttpClient - Connection can be kept alive indefinitely
05:56:01.263 [main] DEBUG io.restassured.internal.RestAssuredHttpBuilder - Parsing response as: application/json; charset=UTF-8
05:56:01.264 [main] DEBUG io.restassured.internal.RestAssuredHttpBuilder - Parsed data to instance of: class org.apache.http.conn.EofSensorInputStream
05:56:01.267 [main] DEBUG org.apache.http.wire -  << "{"status":400,"message":"invalid email or password"}[\n]"
05:56:01.267 [main] DEBUG org.apache.http.impl.conn.BasicClientConnectionManager - Releasing connection org.apache.http.impl.conn.ManagedClientConnectionImpl@37a0fc8c
05:56:01.267 [main] DEBUG org.apache.http.impl.conn.BasicClientConnectionManager - Connection can be kept alive indefinitely
05:56:01.309 [main] DEBUG net.thucydides.core.steps.StepInterceptor - STEP DONE: I send login HTTP request with invalid data for login feature
  &amp#27;[32mWhen &amp#27;[0m&amp#27;[32mI send login HTTP request with invalid data for login feature&amp#27;[0m                                &amp#27;[90m# starter.stepdefinitions.auth.LoginUserSteps.iSendLoginHTTPRequestWithInvalidDataForLoginFeature()&amp#27;[0m
05:56:01.317 [main] DEBUG net.thucydides.core.steps.StepInterceptor - STARTING STEP: LoginUserSteps.iReceivedValidHTTPResponseCodeForLoginBecauseInvalidPassword - I received invalid HTTP response code 400 for login
05:56:01.319 [main] DEBUG net.thucydides.core.steps.StepInterceptor - STEP DONE: I received invalid HTTP response code 400 for login
  &amp#27;[32mThen &amp#27;[0m&amp#27;[32mI received invalid HTTP response code &amp#27;[0m&amp#27;[32m&amp#27;[1m400&amp#27;[0m&amp#27;[32m for login&amp#27;[0m                                          &amp#27;[90m# starter.stepdefinitions.auth.LoginUserSteps.iReceivedValidHTTPResponseCodeForLoginBecauseInvalidPassword(int)&amp#27;[0m
05:56:01.328 [main] DEBUG net.thucydides.core.steps.StepInterceptor - STARTING STEP: LoginUserSteps.iReceivedErrorMessageInvalidEmailOrPassword - I received error message : invalid email or password
05:56:01.352 [main] DEBUG net.thucydides.core.steps.StepInterceptor - STEP DONE: I received error message : invalid email or password
  &amp#27;[32mThen &amp#27;[0m&amp#27;[32mI received error message : invalid email or password&amp#27;[0m                                         &amp#27;[90m# starter.stepdefinitions.auth.LoginUserSteps.iReceivedErrorMessageInvalidEmailOrPassword()&amp#27;[0m
05:56:01.359 [main] INFO  - 
  _____   ___   ___   _____     ___     _     ___   ___   ___   ___  
 |_   _| | __| / __| |_   _|   | _ \   /_\   / __| / __| | __| |   \ 
   | |   | _|  \__ \   | |     |  _/  / _ \  \__ \ \__ \ | _|  | |) |
   |_|   |___| |___/   |_|     |_|   /_/ \_\ |___/ |___/ |___| |___/ 

User tidak mendapatkan data token dari fitur login karena kredensial password tidak valid
----------------------------------------------------------------------
]]></system-out>
  </testcase>
  <testcase name="User tidak mendapatkan data token dari fitur login karena nama email tidak terdaftar" classname="Login User" time="0.225">
    <system-out><![CDATA[
@Login-03
Scenario: User tidak mendapatkan data token dari fitur login karena nama email tidak terdaftar &amp#27;[90m# src/test/resources/features/Auth/LoginUser.feature:18&amp#27;[0m
05:56:01.401 [main] INFO io.cucumber.core.plugin.SerenityReporter - Running feature from file:///C:/Dev/CapstoneProjectBaru/SKUYPAY%20API%20AUTOMATION/src/test/resources/features/Auth/LoginUser.feature
05:56:01.406 [main] INFO  - 
  _____   ___   ___   _____     ___   _____     _     ___   _____   ___   ___  
 |_   _| | __| / __| |_   _|   / __| |_   _|   /_\   | _ \ |_   _| | __| |   \ 
   | |   | _|  \__ \   | |     \__ \   | |    / _ \  |   /   | |   | _|  | |) |
   |_|   |___| |___/   |_|     |___/   |_|   /_/ \_\ |_|_\   |_|   |___| |___/ 

User tidak mendapatkan data token dari fitur login karena nama email tidak terdaftar(login-user;user-tidak-mendapatkan-data-token-dari-fitur-login-karena-nama-email-tidak-terdaftar)
--------------------------------------------------------------------------------
05:56:01.446 [main] DEBUG net.thucydides.core.steps.StepInterceptor - STARTING STEP: LoginUserSteps.iSetLoginApiEndpointForLoginFeature - I set login api endpoint for login feature
05:56:01.446 [main] DEBUG net.thucydides.core.steps.StepInterceptor - STEP DONE: I set login api endpoint for login feature
  &amp#27;[32mGiven &amp#27;[0m&amp#27;[32mI set login api endpoint for login feature&amp#27;[0m                                             &amp#27;[90m# starter.stepdefinitions.auth.LoginUserSteps.iSetLoginApiEndpointForLoginFeature()&amp#27;[0m
05:56:01.454 [main] DEBUG net.thucydides.core.steps.StepInterceptor - STARTING STEP: LoginUserSteps.iSendLoginHTTPRequestWithInvalidEmailNotRegistered - I send login HTTP request with invalid email not registered
05:56:01.460 [main] DEBUG net.thucydides.core.steps.StepInterceptor - STARTING STEP: LoginUser.iSendPOSTHTTPRequestwithinvalidemailnotregistered - I set login api endpoint for login feature
05:56:01.461 [main] DEBUG net.thucydides.core.steps.StepInterceptor - STEP DONE: I set login api endpoint for login feature
05:56:01.488 [main] DEBUG org.apache.http.impl.conn.BasicClientConnectionManager - Get connection for route {}->http://34.101.78.228:2424
05:56:01.489 [main] DEBUG org.apache.http.impl.conn.DefaultClientConnectionOperator - Connecting to 34.101.78.228:2424
05:56:01.506 [main] DEBUG org.apache.http.client.protocol.RequestAddCookies - CookieSpec selected: ignoreCookies
05:56:01.506 [main] DEBUG org.apache.http.client.protocol.RequestAuthCache - Auth cache not set in the context
05:56:01.506 [main] DEBUG org.apache.http.client.protocol.RequestTargetAuthentication - Target auth state: UNCHALLENGED
05:56:01.506 [main] DEBUG org.apache.http.client.protocol.RequestProxyAuthentication - Proxy auth state: UNCHALLENGED
05:56:01.506 [main] DEBUG org.apache.http.impl.client.DefaultHttpClient - Attempt 1 to execute request
05:56:01.506 [main] DEBUG org.apache.http.impl.conn.DefaultClientConnection - Sending request: POST /api/v1/login HTTP/1.1
05:56:01.506 [main] DEBUG org.apache.http.wire -  >> "POST /api/v1/login HTTP/1.1[\r][\n]"
05:56:01.506 [main] DEBUG org.apache.http.wire -  >> "Accept: */*[\r][\n]"
05:56:01.506 [main] DEBUG org.apache.http.wire -  >> "Content-Type: application/json[\r][\n]"
05:56:01.506 [main] DEBUG org.apache.http.wire -  >> "Content-Length: 51[\r][\n]"
05:56:01.506 [main] DEBUG org.apache.http.wire -  >> "Host: 34.101.78.228:2424[\r][\n]"
05:56:01.507 [main] DEBUG org.apache.http.wire -  >> "Connection: Keep-Alive[\r][\n]"
05:56:01.507 [main] DEBUG org.apache.http.wire -  >> "User-Agent: Apache-HttpClient/4.5.13 (Java/19.0.2)[\r][\n]"
05:56:01.507 [main] DEBUG org.apache.http.wire -  >> "Accept-Encoding: gzip,deflate[\r][\n]"
05:56:01.507 [main] DEBUG org.apache.http.wire -  >> "[\r][\n]"
05:56:01.507 [main] DEBUG org.apache.http.headers - >> POST /api/v1/login HTTP/1.1
05:56:01.507 [main] DEBUG org.apache.http.headers - >> Accept: */*
05:56:01.507 [main] DEBUG org.apache.http.headers - >> Content-Type: application/json
05:56:01.507 [main] DEBUG org.apache.http.headers - >> Content-Length: 51
05:56:01.507 [main] DEBUG org.apache.http.headers - >> Host: 34.101.78.228:2424
05:56:01.507 [main] DEBUG org.apache.http.headers - >> Connection: Keep-Alive
05:56:01.507 [main] DEBUG org.apache.http.headers - >> User-Agent: Apache-HttpClient/4.5.13 (Java/19.0.2)
05:56:01.507 [main] DEBUG org.apache.http.headers - >> Accept-Encoding: gzip,deflate
05:56:01.507 [main] DEBUG org.apache.http.wire -  >> "{"password":"12345678","email":"melmel1@gmail.com"}"
05:56:01.524 [main] DEBUG org.apache.http.wire -  << "HTTP/1.1 400 Bad Request[\r][\n]"
05:56:01.524 [main] DEBUG org.apache.http.wire -  << "Content-Type: application/json; charset=UTF-8[\r][\n]"
05:56:01.524 [main] DEBUG org.apache.http.wire -  << "Vary: Origin[\r][\n]"
05:56:01.524 [main] DEBUG org.apache.http.wire -  << "Date: Thu, 22 Jun 2023 22:55:58 GMT[\r][\n]"
05:56:01.524 [main] DEBUG org.apache.http.wire -  << "Content-Length: 42[\r][\n]"
05:56:01.524 [main] DEBUG org.apache.http.wire -  << "[\r][\n]"
05:56:01.525 [main] DEBUG org.apache.http.impl.conn.DefaultClientConnection - Receiving response: HTTP/1.1 400 Bad Request
05:56:01.525 [main] DEBUG org.apache.http.headers - << HTTP/1.1 400 Bad Request
05:56:01.525 [main] DEBUG org.apache.http.headers - << Content-Type: application/json; charset=UTF-8
05:56:01.525 [main] DEBUG org.apache.http.headers - << Vary: Origin
05:56:01.525 [main] DEBUG org.apache.http.headers - << Date: Thu, 22 Jun 2023 22:55:58 GMT
05:56:01.525 [main] DEBUG org.apache.http.headers - << Content-Length: 42
05:56:01.525 [main] DEBUG org.apache.http.impl.client.DefaultHttpClient - Connection can be kept alive indefinitely
05:56:01.525 [main] DEBUG io.restassured.internal.RestAssuredHttpBuilder - Parsing response as: application/json; charset=UTF-8
05:56:01.525 [main] DEBUG io.restassured.internal.RestAssuredHttpBuilder - Parsed data to instance of: class org.apache.http.conn.EofSensorInputStream
05:56:01.528 [main] DEBUG org.apache.http.wire -  << "{"status":400,"message":"user not found"}[\n]"
05:56:01.528 [main] DEBUG org.apache.http.impl.conn.BasicClientConnectionManager - Releasing connection org.apache.http.impl.conn.ManagedClientConnectionImpl@6885f3f7
05:56:01.528 [main] DEBUG org.apache.http.impl.conn.BasicClientConnectionManager - Connection can be kept alive indefinitely
05:56:01.549 [main] DEBUG net.thucydides.core.steps.StepInterceptor - STEP DONE: I send login HTTP request with invalid email not registered
  &amp#27;[32mWhen &amp#27;[0m&amp#27;[32mI send login HTTP request with invalid email not registered&amp#27;[0m                             &amp#27;[90m# starter.stepdefinitions.auth.LoginUserSteps.iSendLoginHTTPRequestWithInvalidEmailNotRegistered()&amp#27;[0m
05:56:01.557 [main] DEBUG net.thucydides.core.steps.StepInterceptor - STARTING STEP: LoginUserSteps.iReceivedValidHTTPResponseCodeForLoginBecauseInvalidPassword - I received invalid HTTP response code 400 for login
05:56:01.558 [main] DEBUG net.thucydides.core.steps.StepInterceptor - STEP DONE: I received invalid HTTP response code 400 for login
  &amp#27;[32mThen &amp#27;[0m&amp#27;[32mI received invalid HTTP response code &amp#27;[0m&amp#27;[32m&amp#27;[1m400&amp#27;[0m&amp#27;[32m for login&amp#27;[0m                                     &amp#27;[90m# starter.stepdefinitions.auth.LoginUserSteps.iReceivedValidHTTPResponseCodeForLoginBecauseInvalidPassword(int)&amp#27;[0m
05:56:01.564 [main] DEBUG net.thucydides.core.steps.StepInterceptor - STARTING STEP: LoginUserSteps.iReceivedErrorMessageUserNotFound - I received error message : user not found
05:56:01.583 [main] DEBUG net.thucydides.core.steps.StepInterceptor - STEP DONE: I received error message : user not found
  &amp#27;[32mThen &amp#27;[0m&amp#27;[32mI received error message : user not found&amp#27;[0m                                               &amp#27;[90m# starter.stepdefinitions.auth.LoginUserSteps.iReceivedErrorMessageUserNotFound()&amp#27;[0m
05:56:01.588 [main] INFO  - 
  _____   ___   ___   _____     ___     _     ___   ___   ___   ___  
 |_   _| | __| / __| |_   _|   | _ \   /_\   / __| / __| | __| |   \ 
   | |   | _|  \__ \   | |     |  _/  / _ \  \__ \ \__ \ | _|  | |) |
   |_|   |___| |___/   |_|     |_|   /_/ \_\ |___/ |___/ |___| |___/ 

User tidak mendapatkan data token dari fitur login karena nama email tidak terdaftar
----------------------------------------------------------------------
]]></system-out>
  </testcase>
  <testcase name="User tidak mendapatkan data token dari fitur login karena parameter email tidak diisi #1" classname="Login User" time="0.198">
    <system-out><![CDATA[
@Login-04
Scenario: User tidak mendapatkan data token dari fitur login karena parameter email tidak diisi &amp#27;[90m# src/test/resources/features/Auth/LoginUser.feature:25&amp#27;[0m
05:56:01.604 [main] INFO io.cucumber.core.plugin.SerenityReporter - Running feature from file:///C:/Dev/CapstoneProjectBaru/SKUYPAY%20API%20AUTOMATION/src/test/resources/features/Auth/LoginUser.feature
05:56:01.609 [main] INFO  - 
  _____   ___   ___   _____     ___   _____     _     ___   _____   ___   ___  
 |_   _| | __| / __| |_   _|   / __| |_   _|   /_\   | _ \ |_   _| | __| |   \ 
   | |   | _|  \__ \   | |     \__ \   | |    / _ \  |   /   | |   | _|  | |) |
   |_|   |___| |___/   |_|     |___/   |_|   /_/ \_\ |_|_\   |_|   |___| |___/ 

User tidak mendapatkan data token dari fitur login karena parameter email tidak diisi(login-user;user-tidak-mendapatkan-data-token-dari-fitur-login-karena-parameter-email-tidak-diisi)
--------------------------------------------------------------------------------
05:56:01.629 [main] DEBUG net.thucydides.core.steps.StepInterceptor - STARTING STEP: LoginUserSteps.iSetLoginApiEndpointForLoginFeature - I set login api endpoint for login feature
05:56:01.630 [main] DEBUG net.thucydides.core.steps.StepInterceptor - STEP DONE: I set login api endpoint for login feature
  &amp#27;[32mGiven &amp#27;[0m&amp#27;[32mI set login api endpoint for login feature&amp#27;[0m                                              &amp#27;[90m# starter.stepdefinitions.auth.LoginUserSteps.iSetLoginApiEndpointForLoginFeature()&amp#27;[0m
05:56:01.637 [main] DEBUG net.thucydides.core.steps.StepInterceptor - STARTING STEP: LoginUserSteps.iSendLoginHTTPRequestWithNoInputEmail - I send login HTTP request with no input email
05:56:01.642 [main] DEBUG net.thucydides.core.steps.StepInterceptor - STARTING STEP: LoginUser.iSendPOSTHTTPRequestwithnoinputemail - I set login api endpoint for login feature
05:56:01.643 [main] DEBUG net.thucydides.core.steps.StepInterceptor - STEP DONE: I set login api endpoint for login feature
05:56:01.673 [main] DEBUG org.apache.http.impl.conn.BasicClientConnectionManager - Get connection for route {}->http://34.101.78.228:2424
05:56:01.673 [main] DEBUG org.apache.http.impl.conn.DefaultClientConnectionOperator - Connecting to 34.101.78.228:2424
05:56:01.691 [main] DEBUG org.apache.http.client.protocol.RequestAddCookies - CookieSpec selected: ignoreCookies
05:56:01.692 [main] DEBUG org.apache.http.client.protocol.RequestAuthCache - Auth cache not set in the context
05:56:01.692 [main] DEBUG org.apache.http.client.protocol.RequestTargetAuthentication - Target auth state: UNCHALLENGED
05:56:01.692 [main] DEBUG org.apache.http.client.protocol.RequestProxyAuthentication - Proxy auth state: UNCHALLENGED
05:56:01.692 [main] DEBUG org.apache.http.impl.client.DefaultHttpClient - Attempt 1 to execute request
05:56:01.692 [main] DEBUG org.apache.http.impl.conn.DefaultClientConnection - Sending request: POST /api/v1/login HTTP/1.1
05:56:01.693 [main] DEBUG org.apache.http.wire -  >> "POST /api/v1/login HTTP/1.1[\r][\n]"
05:56:01.693 [main] DEBUG org.apache.http.wire -  >> "Accept: */*[\r][\n]"
05:56:01.693 [main] DEBUG org.apache.http.wire -  >> "Content-Type: application/json[\r][\n]"
05:56:01.693 [main] DEBUG org.apache.http.wire -  >> "Content-Length: 34[\r][\n]"
05:56:01.693 [main] DEBUG org.apache.http.wire -  >> "Host: 34.101.78.228:2424[\r][\n]"
05:56:01.693 [main] DEBUG org.apache.http.wire -  >> "Connection: Keep-Alive[\r][\n]"
05:56:01.693 [main] DEBUG org.apache.http.wire -  >> "User-Agent: Apache-HttpClient/4.5.13 (Java/19.0.2)[\r][\n]"
05:56:01.693 [main] DEBUG org.apache.http.wire -  >> "Accept-Encoding: gzip,deflate[\r][\n]"
05:56:01.693 [main] DEBUG org.apache.http.wire -  >> "[\r][\n]"
05:56:01.693 [main] DEBUG org.apache.http.headers - >> POST /api/v1/login HTTP/1.1
05:56:01.693 [main] DEBUG org.apache.http.headers - >> Accept: */*
05:56:01.693 [main] DEBUG org.apache.http.headers - >> Content-Type: application/json
05:56:01.693 [main] DEBUG org.apache.http.headers - >> Content-Length: 34
05:56:01.693 [main] DEBUG org.apache.http.headers - >> Host: 34.101.78.228:2424
05:56:01.693 [main] DEBUG org.apache.http.headers - >> Connection: Keep-Alive
05:56:01.693 [main] DEBUG org.apache.http.headers - >> User-Agent: Apache-HttpClient/4.5.13 (Java/19.0.2)
05:56:01.693 [main] DEBUG org.apache.http.headers - >> Accept-Encoding: gzip,deflate
05:56:01.693 [main] DEBUG org.apache.http.wire -  >> "{"password":"12345678","email":""}"
05:56:01.721 [main] DEBUG org.apache.http.wire -  << "HTTP/1.1 400 Bad Request[\r][\n]"
05:56:01.721 [main] DEBUG org.apache.http.wire -  << "Content-Type: application/json; charset=UTF-8[\r][\n]"
05:56:01.721 [main] DEBUG org.apache.http.wire -  << "Vary: Origin[\r][\n]"
05:56:01.721 [main] DEBUG org.apache.http.wire -  << "Date: Thu, 22 Jun 2023 22:55:58 GMT[\r][\n]"
05:56:01.721 [main] DEBUG org.apache.http.wire -  << "Content-Length: 51[\r][\n]"
05:56:01.721 [main] DEBUG org.apache.http.wire -  << "[\r][\n]"
05:56:01.721 [main] DEBUG org.apache.http.impl.conn.DefaultClientConnection - Receiving response: HTTP/1.1 400 Bad Request
05:56:01.721 [main] DEBUG org.apache.http.headers - << HTTP/1.1 400 Bad Request
05:56:01.721 [main] DEBUG org.apache.http.headers - << Content-Type: application/json; charset=UTF-8
05:56:01.721 [main] DEBUG org.apache.http.headers - << Vary: Origin
05:56:01.721 [main] DEBUG org.apache.http.headers - << Date: Thu, 22 Jun 2023 22:55:58 GMT
05:56:01.721 [main] DEBUG org.apache.http.headers - << Content-Length: 51
05:56:01.721 [main] DEBUG org.apache.http.impl.client.DefaultHttpClient - Connection can be kept alive indefinitely
05:56:01.721 [main] DEBUG io.restassured.internal.RestAssuredHttpBuilder - Parsing response as: application/json; charset=UTF-8
05:56:01.721 [main] DEBUG io.restassured.internal.RestAssuredHttpBuilder - Parsed data to instance of: class org.apache.http.conn.EofSensorInputStream
05:56:01.724 [main] DEBUG org.apache.http.wire -  << "{"status":400,"message":"email field is required"}[\n]"
05:56:01.724 [main] DEBUG org.apache.http.impl.conn.BasicClientConnectionManager - Releasing connection org.apache.http.impl.conn.ManagedClientConnectionImpl@17e8c38c
05:56:01.724 [main] DEBUG org.apache.http.impl.conn.BasicClientConnectionManager - Connection can be kept alive indefinitely
05:56:01.743 [main] DEBUG net.thucydides.core.steps.StepInterceptor - STEP DONE: I send login HTTP request with no input email
  &amp#27;[32mWhen &amp#27;[0m&amp#27;[32mI send login HTTP request with no input email&amp#27;[0m                                            &amp#27;[90m# starter.stepdefinitions.auth.LoginUserSteps.iSendLoginHTTPRequestWithNoInputEmail()&amp#27;[0m
05:56:01.750 [main] DEBUG net.thucydides.core.steps.StepInterceptor - STARTING STEP: LoginUserSteps.iReceivedValidHTTPResponseCodeForLoginBecauseInvalidPassword - I received invalid HTTP response code 400 for login
05:56:01.751 [main] DEBUG net.thucydides.core.steps.StepInterceptor - STEP DONE: I received invalid HTTP response code 400 for login
  &amp#27;[32mThen &amp#27;[0m&amp#27;[32mI received invalid HTTP response code &amp#27;[0m&amp#27;[32m&amp#27;[1m400&amp#27;[0m&amp#27;[32m for login&amp#27;[0m                                      &amp#27;[90m# starter.stepdefinitions.auth.LoginUserSteps.iReceivedValidHTTPResponseCodeForLoginBecauseInvalidPassword(int)&amp#27;[0m
05:56:01.759 [main] DEBUG net.thucydides.core.steps.StepInterceptor - STARTING STEP: LoginUserSteps.iReceivedErrorMessageEmailFieldIsRequired - I received error message : email field is required
05:56:01.782 [main] DEBUG net.thucydides.core.steps.StepInterceptor - STEP DONE: I received error message : email field is required
  &amp#27;[32mThen &amp#27;[0m&amp#27;[32mI received error message : email field is required&amp#27;[0m                                       &amp#27;[90m# starter.stepdefinitions.auth.LoginUserSteps.iReceivedErrorMessageEmailFieldIsRequired()&amp#27;[0m
05:56:01.786 [main] INFO  - 
  _____   ___   ___   _____     ___     _     ___   ___   ___   ___  
 |_   _| | __| / __| |_   _|   | _ \   /_\   / __| / __| | __| |   \ 
   | |   | _|  \__ \   | |     |  _/  / _ \  \__ \ \__ \ | _|  | |) |
   |_|   |___| |___/   |_|     |_|   /_/ \_\ |___/ |___/ |___| |___/ 

User tidak mendapatkan data token dari fitur login karena parameter email tidak diisi
----------------------------------------------------------------------
]]></system-out>
  </testcase>
  <testcase name="User tidak mendapatkan data token dari fitur login karena parameter email tidak diisi #2" classname="Login User" time="0.174">
    <system-out><![CDATA[
@Login-05
Scenario: User tidak mendapatkan data token dari fitur login karena parameter email tidak diisi &amp#27;[90m# src/test/resources/features/Auth/LoginUser.feature:32&amp#27;[0m
05:56:01.803 [main] INFO io.cucumber.core.plugin.SerenityReporter - Running feature from file:///C:/Dev/CapstoneProjectBaru/SKUYPAY%20API%20AUTOMATION/src/test/resources/features/Auth/LoginUser.feature
05:56:01.815 [main] DEBUG net.thucydides.core.steps.StepInterceptor - STARTING STEP: LoginUserSteps.iSetLoginApiEndpointForLoginFeature - I set login api endpoint for login feature
05:56:01.815 [main] DEBUG net.thucydides.core.steps.StepInterceptor - STEP DONE: I set login api endpoint for login feature
  &amp#27;[32mGiven &amp#27;[0m&amp#27;[32mI set login api endpoint for login feature&amp#27;[0m                                              &amp#27;[90m# starter.stepdefinitions.auth.LoginUserSteps.iSetLoginApiEndpointForLoginFeature()&amp#27;[0m
05:56:01.823 [main] DEBUG net.thucydides.core.steps.StepInterceptor - STARTING STEP: LoginUserSteps.iSendLoginHTTPRequestWithNoInputPassword - I send login HTTP request with no input password
05:56:01.827 [main] DEBUG net.thucydides.core.steps.StepInterceptor - STARTING STEP: LoginUser.iSendPOSTHTTPRequestwithnoinputpassword - I set login api endpoint for login feature
05:56:01.827 [main] DEBUG net.thucydides.core.steps.StepInterceptor - STEP DONE: I set login api endpoint for login feature
05:56:01.854 [main] DEBUG org.apache.http.impl.conn.BasicClientConnectionManager - Get connection for route {}->http://34.101.78.228:2424
05:56:01.854 [main] DEBUG org.apache.http.impl.conn.DefaultClientConnectionOperator - Connecting to 34.101.78.228:2424
05:56:01.879 [main] DEBUG org.apache.http.client.protocol.RequestAddCookies - CookieSpec selected: ignoreCookies
05:56:01.879 [main] DEBUG org.apache.http.client.protocol.RequestAuthCache - Auth cache not set in the context
05:56:01.879 [main] DEBUG org.apache.http.client.protocol.RequestTargetAuthentication - Target auth state: UNCHALLENGED
05:56:01.879 [main] DEBUG org.apache.http.client.protocol.RequestProxyAuthentication - Proxy auth state: UNCHALLENGED
05:56:01.879 [main] DEBUG org.apache.http.impl.client.DefaultHttpClient - Attempt 1 to execute request
05:56:01.879 [main] DEBUG org.apache.http.impl.conn.DefaultClientConnection - Sending request: POST /api/v1/login HTTP/1.1
05:56:01.879 [main] DEBUG org.apache.http.wire -  >> "POST /api/v1/login HTTP/1.1[\r][\n]"
05:56:01.879 [main] DEBUG org.apache.http.wire -  >> "Accept: */*[\r][\n]"
05:56:01.880 [main] DEBUG org.apache.http.wire -  >> "Content-Type: application/json[\r][\n]"
05:56:01.880 [main] DEBUG org.apache.http.wire -  >> "Content-Length: 42[\r][\n]"
05:56:01.880 [main] DEBUG org.apache.http.wire -  >> "Host: 34.101.78.228:2424[\r][\n]"
05:56:01.880 [main] DEBUG org.apache.http.wire -  >> "Connection: Keep-Alive[\r][\n]"
05:56:01.880 [main] DEBUG org.apache.http.wire -  >> "User-Agent: Apache-HttpClient/4.5.13 (Java/19.0.2)[\r][\n]"
05:56:01.880 [main] DEBUG org.apache.http.wire -  >> "Accept-Encoding: gzip,deflate[\r][\n]"
05:56:01.880 [main] DEBUG org.apache.http.wire -  >> "[\r][\n]"
05:56:01.880 [main] DEBUG org.apache.http.headers - >> POST /api/v1/login HTTP/1.1
05:56:01.880 [main] DEBUG org.apache.http.headers - >> Accept: */*
05:56:01.880 [main] DEBUG org.apache.http.headers - >> Content-Type: application/json
05:56:01.880 [main] DEBUG org.apache.http.headers - >> Content-Length: 42
05:56:01.880 [main] DEBUG org.apache.http.headers - >> Host: 34.101.78.228:2424
05:56:01.880 [main] DEBUG org.apache.http.headers - >> Connection: Keep-Alive
05:56:01.880 [main] DEBUG org.apache.http.headers - >> User-Agent: Apache-HttpClient/4.5.13 (Java/19.0.2)
05:56:01.880 [main] DEBUG org.apache.http.headers - >> Accept-Encoding: gzip,deflate
05:56:01.880 [main] DEBUG org.apache.http.wire -  >> "{"password":"","email":"melmel@gmail.com"}"
05:56:01.903 [main] DEBUG org.apache.http.wire -  << "HTTP/1.1 400 Bad Request[\r][\n]"
05:56:01.903 [main] DEBUG org.apache.http.wire -  << "Content-Type: application/json; charset=UTF-8[\r][\n]"
05:56:01.903 [main] DEBUG org.apache.http.wire -  << "Vary: Origin[\r][\n]"
05:56:01.903 [main] DEBUG org.apache.http.wire -  << "Date: Thu, 22 Jun 2023 22:55:58 GMT[\r][\n]"
05:56:01.903 [main] DEBUG org.apache.http.wire -  << "Content-Length: 54[\r][\n]"
05:56:01.903 [main] DEBUG org.apache.http.wire -  << "[\r][\n]"
05:56:01.903 [main] DEBUG org.apache.http.impl.conn.DefaultClientConnection - Receiving response: HTTP/1.1 400 Bad Request
05:56:01.904 [main] DEBUG org.apache.http.headers - << HTTP/1.1 400 Bad Request
05:56:01.904 [main] DEBUG org.apache.http.headers - << Content-Type: application/json; charset=UTF-8
05:56:01.904 [main] DEBUG org.apache.http.headers - << Vary: Origin
05:56:01.904 [main] DEBUG org.apache.http.headers - << Date: Thu, 22 Jun 2023 22:55:58 GMT
05:56:01.904 [main] DEBUG org.apache.http.headers - << Content-Length: 54
05:56:01.904 [main] DEBUG org.apache.http.impl.client.DefaultHttpClient - Connection can be kept alive indefinitely
05:56:01.904 [main] DEBUG io.restassured.internal.RestAssuredHttpBuilder - Parsing response as: application/json; charset=UTF-8
05:56:01.904 [main] DEBUG io.restassured.internal.RestAssuredHttpBuilder - Parsed data to instance of: class org.apache.http.conn.EofSensorInputStream
05:56:01.906 [main] DEBUG org.apache.http.wire -  << "{"status":400,"message":"password field is required"}[\n]"
05:56:01.906 [main] DEBUG org.apache.http.impl.conn.BasicClientConnectionManager - Releasing connection org.apache.http.impl.conn.ManagedClientConnectionImpl@1d38cdde
05:56:01.906 [main] DEBUG org.apache.http.impl.conn.BasicClientConnectionManager - Connection can be kept alive indefinitely
05:56:01.925 [main] DEBUG net.thucydides.core.steps.StepInterceptor - STEP DONE: I send login HTTP request with no input password
  &amp#27;[32mWhen &amp#27;[0m&amp#27;[32mI send login HTTP request with no input password&amp#27;[0m                                         &amp#27;[90m# starter.stepdefinitions.auth.LoginUserSteps.iSendLoginHTTPRequestWithNoInputPassword()&amp#27;[0m
05:56:01.932 [main] DEBUG net.thucydides.core.steps.StepInterceptor - STARTING STEP: LoginUserSteps.iReceivedValidHTTPResponseCodeForLoginBecauseInvalidPassword - I received invalid HTTP response code 400 for login
05:56:01.933 [main] DEBUG net.thucydides.core.steps.StepInterceptor - STEP DONE: I received invalid HTTP response code 400 for login
  &amp#27;[32mThen &amp#27;[0m&amp#27;[32mI received invalid HTTP response code &amp#27;[0m&amp#27;[32m&amp#27;[1m400&amp#27;[0m&amp#27;[32m for login&amp#27;[0m                                      &amp#27;[90m# starter.stepdefinitions.auth.LoginUserSteps.iReceivedValidHTTPResponseCodeForLoginBecauseInvalidPassword(int)&amp#27;[0m
05:56:01.939 [main] DEBUG net.thucydides.core.steps.StepInterceptor - STARTING STEP: LoginUserSteps.iReceivedErrorMessagePasswordFieldIsRequired - I received error message : password field is required
05:56:01.958 [main] DEBUG net.thucydides.core.steps.StepInterceptor - STEP DONE: I received error message : password field is required
  &amp#27;[32mThen &amp#27;[0m&amp#27;[32mI received error message : password field is required&amp#27;[0m                                    &amp#27;[90m# starter.stepdefinitions.auth.LoginUserSteps.iReceivedErrorMessagePasswordFieldIsRequired()&amp#27;[0m
05:56:01.962 [main] INFO  - 
  _____   ___   ___   _____     ___     _     ___   ___   ___   ___  
 |_   _| | __| / __| |_   _|   | _ \   /_\   / __| / __| | __| |   \ 
   | |   | _|  \__ \   | |     |  _/  / _ \  \__ \ \__ \ | _|  | |) |
   |_|   |___| |___/   |_|     |_|   /_/ \_\ |___/ |___/ |___| |___/ 

User tidak mendapatkan data token dari fitur login karena parameter email tidak diisi
----------------------------------------------------------------------
]]></system-out>
  </testcase>
  <testcase name="User berhasil mengubah gambar profil" classname="Update Image" time="3.022">
    <system-out><![CDATA[05:56:01.964 [main] INFO io.cucumber.core.plugin.SerenityReporter - Running feature from file:///C:/Dev/CapstoneProjectBaru/SKUYPAY%20API%20AUTOMATION/src/test/resources/features/User/UpdateImage.feature
05:56:01.969 [main] DEBUG net.thucydides.core.steps.StepEventBus - Test suite started for story net.thucydides.core.model.Story@85113e5f
05:56:01.970 [main] INFO  - Test Suite Started: Update Image

@Update-Image-01
Scenario: User berhasil mengubah gambar profil                 &amp#27;[90m# src/test/resources/features/User/UpdateImage.feature:4&amp#27;[0m
05:56:01.986 [main] INFO io.cucumber.core.plugin.SerenityReporter - Running feature from file:///C:/Dev/CapstoneProjectBaru/SKUYPAY%20API%20AUTOMATION/src/test/resources/features/User/UpdateImage.feature
05:56:01.990 [main] INFO  - 
  _____   ___   ___   _____     ___   _____     _     ___   _____   ___   ___  
 |_   _| | __| / __| |_   _|   / __| |_   _|   /_\   | _ \ |_   _| | __| |   \ 
   | |   | _|  \__ \   | |     \__ \   | |    / _ \  |   /   | |   | _|  | |) |
   |_|   |___| |___/   |_|     |___/   |_|   /_/ \_\ |_|_\   |_|   |___| |___/ 

User berhasil mengubah gambar profil(update-image;user-berhasil-mengubah-gambar-profil)
--------------------------------------------------------------------------------
05:56:02.027 [main] DEBUG net.thucydides.core.steps.StepInterceptor - STARTING STEP: UpdateImageSteps.iHaveEndpointAuthForUpdateImageUser - I have endpoint auth for update image user
05:56:02.027 [main] DEBUG net.thucydides.core.steps.StepInterceptor - STEP DONE: I have endpoint auth for update image user
  &amp#27;[32mGiven &amp#27;[0m&amp#27;[32mI have endpoint auth for update image user&amp#27;[0m             &amp#27;[90m# starter.stepdefinitions.user.UpdateImageSteps.iHaveEndpointAuthForUpdateImageUser()&amp#27;[0m
05:56:02.032 [main] DEBUG net.thucydides.core.steps.StepInterceptor - STARTING STEP: UpdateImageSteps.iSendEndpointAuthForUpdateImageAndGetToken - I send endpoint auth for update image and get token
05:56:02.035 [main] DEBUG net.thucydides.core.steps.StepInterceptor - STARTING STEP: UpdateImage.iSendEndpointAuthforUpdateImageUserandGetToken - I have endpoint auth for update image user
05:56:02.035 [main] DEBUG net.thucydides.core.steps.StepInterceptor - STEP DONE: I have endpoint auth for update image user
05:56:02.059 [main] DEBUG org.apache.http.impl.conn.BasicClientConnectionManager - Get connection for route {}->http://34.101.78.228:2424
05:56:02.059 [main] DEBUG org.apache.http.impl.conn.DefaultClientConnectionOperator - Connecting to 34.101.78.228:2424
05:56:02.078 [main] DEBUG org.apache.http.client.protocol.RequestAddCookies - CookieSpec selected: ignoreCookies
05:56:02.078 [main] DEBUG org.apache.http.client.protocol.RequestAuthCache - Auth cache not set in the context
05:56:02.078 [main] DEBUG org.apache.http.client.protocol.RequestTargetAuthentication - Target auth state: UNCHALLENGED
05:56:02.078 [main] DEBUG org.apache.http.client.protocol.RequestProxyAuthentication - Proxy auth state: UNCHALLENGED
05:56:02.078 [main] DEBUG org.apache.http.impl.client.DefaultHttpClient - Attempt 1 to execute request
05:56:02.078 [main] DEBUG org.apache.http.impl.conn.DefaultClientConnection - Sending request: POST /api/v1/login HTTP/1.1
05:56:02.079 [main] DEBUG org.apache.http.wire -  >> "POST /api/v1/login HTTP/1.1[\r][\n]"
05:56:02.079 [main] DEBUG org.apache.http.wire -  >> "Accept: */*[\r][\n]"
05:56:02.079 [main] DEBUG org.apache.http.wire -  >> "Content-Type: application/json[\r][\n]"
05:56:02.079 [main] DEBUG org.apache.http.wire -  >> "Content-Length: 50[\r][\n]"
05:56:02.079 [main] DEBUG org.apache.http.wire -  >> "Host: 34.101.78.228:2424[\r][\n]"
05:56:02.079 [main] DEBUG org.apache.http.wire -  >> "Connection: Keep-Alive[\r][\n]"
05:56:02.079 [main] DEBUG org.apache.http.wire -  >> "User-Agent: Apache-HttpClient/4.5.13 (Java/19.0.2)[\r][\n]"
05:56:02.079 [main] DEBUG org.apache.http.wire -  >> "Accept-Encoding: gzip,deflate[\r][\n]"
05:56:02.079 [main] DEBUG org.apache.http.wire -  >> "[\r][\n]"
05:56:02.079 [main] DEBUG org.apache.http.headers - >> POST /api/v1/login HTTP/1.1
05:56:02.079 [main] DEBUG org.apache.http.headers - >> Accept: */*
05:56:02.079 [main] DEBUG org.apache.http.headers - >> Content-Type: application/json
05:56:02.079 [main] DEBUG org.apache.http.headers - >> Content-Length: 50
05:56:02.079 [main] DEBUG org.apache.http.headers - >> Host: 34.101.78.228:2424
05:56:02.079 [main] DEBUG org.apache.http.headers - >> Connection: Keep-Alive
05:56:02.079 [main] DEBUG org.apache.http.headers - >> User-Agent: Apache-HttpClient/4.5.13 (Java/19.0.2)
05:56:02.079 [main] DEBUG org.apache.http.headers - >> Accept-Encoding: gzip,deflate
05:56:02.079 [main] DEBUG org.apache.http.wire -  >> "{"password":"12345678","email":"melmel@gmail.com"}"
05:56:02.194 [main] DEBUG org.apache.http.wire -  << "HTTP/1.1 200 OK[\r][\n]"
05:56:02.194 [main] DEBUG org.apache.http.wire -  << "Content-Type: application/json; charset=UTF-8[\r][\n]"
05:56:02.194 [main] DEBUG org.apache.http.wire -  << "Vary: Origin[\r][\n]"
05:56:02.194 [main] DEBUG org.apache.http.wire -  << "Date: Thu, 22 Jun 2023 22:55:58 GMT[\r][\n]"
05:56:02.194 [main] DEBUG org.apache.http.wire -  << "Content-Length: 405[\r][\n]"
05:56:02.194 [main] DEBUG org.apache.http.wire -  << "[\r][\n]"
05:56:02.194 [main] DEBUG org.apache.http.impl.conn.DefaultClientConnection - Receiving response: HTTP/1.1 200 OK
05:56:02.194 [main] DEBUG org.apache.http.headers - << HTTP/1.1 200 OK
05:56:02.195 [main] DEBUG org.apache.http.headers - << Content-Type: application/json; charset=UTF-8
05:56:02.195 [main] DEBUG org.apache.http.headers - << Vary: Origin
05:56:02.195 [main] DEBUG org.apache.http.headers - << Date: Thu, 22 Jun 2023 22:55:58 GMT
05:56:02.195 [main] DEBUG org.apache.http.headers - << Content-Length: 405
05:56:02.195 [main] DEBUG org.apache.http.impl.client.DefaultHttpClient - Connection can be kept alive indefinitely
05:56:02.195 [main] DEBUG io.restassured.internal.RestAssuredHttpBuilder - Parsing response as: application/json; charset=UTF-8
05:56:02.195 [main] DEBUG io.restassured.internal.RestAssuredHttpBuilder - Parsed data to instance of: class org.apache.http.conn.EofSensorInputStream
05:56:02.197 [main] DEBUG org.apache.http.wire -  << "{"data":{"id":"85e13c3f-613d-4059-baa4-d31db99ef116","name":"mel","email":"melmel@gmail.com","token":"eyJhbGciOiJIUzI1NiIsInR5cCI6IkpXVCJ9.eyJhdXRob3JpemVkIjp0cnVlLCJleHAiOjE2OTAwNjY1NTgsInVzZXJJZCI6Ijg1ZTEzYzNmLTYxM2QtNDA1OS1iYWE0LWQzMWRiOTllZjExNiIsInVzZXJfdHlwZSI6InVzZXIifQ.0KasTLTeRCXI4b6qOtXhT4MivHDP_1aPHWKCIPYkdvQ"},"metadata":{"status":200,"message":"User Login successfully"},"pagination":null}[\n]"
05:56:02.197 [main] DEBUG org.apache.http.impl.conn.BasicClientConnectionManager - Releasing connection org.apache.http.impl.conn.ManagedClientConnectionImpl@296a71df
05:56:02.197 [main] DEBUG org.apache.http.impl.conn.BasicClientConnectionManager - Connection can be kept alive indefinitely
05:56:02.215 [main] DEBUG net.thucydides.core.steps.StepInterceptor - STEP DONE: I send endpoint auth for update image and get token
  &amp#27;[32mWhen &amp#27;[0m&amp#27;[32mI send endpoint auth for update image and get token&amp#27;[0m     &amp#27;[90m# starter.stepdefinitions.user.UpdateImageSteps.iSendEndpointAuthForUpdateImageAndGetToken()&amp#27;[0m
05:56:02.221 [main] DEBUG net.thucydides.core.steps.StepInterceptor - STARTING STEP: UpdateImageSteps.iSetUpdateImageApiEndpoint - I set update image api endpoint
05:56:02.221 [main] DEBUG net.thucydides.core.steps.StepInterceptor - STEP DONE: I set update image api endpoint
  &amp#27;[32mThen &amp#27;[0m&amp#27;[32mI set update image api endpoint&amp#27;[0m                         &amp#27;[90m# starter.stepdefinitions.user.UpdateImageSteps.iSetUpdateImageApiEndpoint()&amp#27;[0m
05:56:02.226 [main] DEBUG net.thucydides.core.steps.StepInterceptor - STARTING STEP: UpdateImageSteps.iSendUploadImageHTTPRequestWithFormatValid - I send upload image HTTP request with format valid
05:56:02.244 [main] DEBUG net.thucydides.core.steps.StepInterceptor - STARTING STEP: UpdateImage.iSendUploadImageHTTPRequestwithFormatValid - I set update image api endpoint
05:56:02.244 [main] DEBUG net.thucydides.core.steps.StepInterceptor - STEP DONE: I set update image api endpoint
05:56:02.348 [main] DEBUG org.apache.http.impl.conn.BasicClientConnectionManager - Get connection for route {}->http://34.101.78.228:2424
05:56:02.348 [main] DEBUG org.apache.http.impl.conn.DefaultClientConnectionOperator - Connecting to 34.101.78.228:2424
05:56:02.370 [main] DEBUG org.apache.http.client.protocol.RequestAddCookies - CookieSpec selected: ignoreCookies
05:56:02.370 [main] DEBUG org.apache.http.client.protocol.RequestAuthCache - Auth cache not set in the context
05:56:02.370 [main] DEBUG org.apache.http.client.protocol.RequestProxyAuthentication - Proxy auth state: UNCHALLENGED
05:56:02.372 [main] DEBUG org.apache.http.impl.client.DefaultHttpClient - Attempt 1 to execute request
05:56:02.372 [main] DEBUG org.apache.http.impl.conn.DefaultClientConnection - Sending request: PUT /api/v1/user/image HTTP/1.1
05:56:02.372 [main] DEBUG org.apache.http.wire -  >> "PUT /api/v1/user/image HTTP/1.1[\r][\n]"
05:56:02.372 [main] DEBUG org.apache.http.wire -  >> "Authorization: Bearer eyJhbGciOiJIUzI1NiIsInR5cCI6IkpXVCJ9.eyJhdXRob3JpemVkIjp0cnVlLCJleHAiOjE2OTAwNjY1NTgsInVzZXJJZCI6Ijg1ZTEzYzNmLTYxM2QtNDA1OS1iYWE0LWQzMWRiOTllZjExNiIsInVzZXJfdHlwZSI6InVzZXIifQ.0KasTLTeRCXI4b6qOtXhT4MivHDP_1aPHWKCIPYkdvQ[\r][\n]"
05:56:02.372 [main] DEBUG org.apache.http.wire -  >> "Accept: application/json[\r][\n]"
05:56:02.372 [main] DEBUG org.apache.http.wire -  >> "Content-Length: 153473[\r][\n]"
05:56:02.372 [main] DEBUG org.apache.http.wire -  >> "Content-Type: multipart/form-data; boundary="<calculated when request is sent>"[\r][\n]"
05:56:02.372 [main] DEBUG org.apache.http.wire -  >> "Host: 34.101.78.228:2424[\r][\n]"
05:56:02.372 [main] DEBUG org.apache.http.wire -  >> "Connection: Keep-Alive[\r][\n]"
05:56:02.372 [main] DEBUG org.apache.http.wire -  >> "User-Agent: Apache-HttpClient/4.5.13 (Java/19.0.2)[\r][\n]"
05:56:02.372 [main] DEBUG org.apache.http.wire -  >> "Accept-Encoding: gzip,deflate[\r][\n]"
05:56:02.372 [main] DEBUG org.apache.http.wire -  >> "[\r][\n]"
05:56:02.372 [main] DEBUG org.apache.http.headers - >> PUT /api/v1/user/image HTTP/1.1
05:56:02.372 [main] DEBUG org.apache.http.headers - >> Authorization: Bearer eyJhbGciOiJIUzI1NiIsInR5cCI6IkpXVCJ9.eyJhdXRob3JpemVkIjp0cnVlLCJleHAiOjE2OTAwNjY1NTgsInVzZXJJZCI6Ijg1ZTEzYzNmLTYxM2QtNDA1OS1iYWE0LWQzMWRiOTllZjExNiIsInVzZXJfdHlwZSI6InVzZXIifQ.0KasTLTeRCXI4b6qOtXhT4MivHDP_1aPHWKCIPYkdvQ
05:56:02.372 [main] DEBUG org.apache.http.headers - >> Accept: application/json
05:56:02.372 [main] DEBUG org.apache.http.headers - >> Content-Length: 153473
05:56:02.372 [main] DEBUG org.apache.http.headers - >> Content-Type: multipart/form-data; boundary="<calculated when request is sent>"
05:56:02.372 [main] DEBUG org.apache.http.headers - >> Host: 34.101.78.228:2424
05:56:02.372 [main] DEBUG org.apache.http.headers - >> Connection: Keep-Alive
05:56:02.372 [main] DEBUG org.apache.http.headers - >> User-Agent: Apache-HttpClient/4.5.13 (Java/19.0.2)
05:56:02.372 [main] DEBUG org.apache.http.headers - >> Accept-Encoding: gzip,deflate
05:56:02.373 [main] DEBUG org.apache.http.wire -  >> "--"
05:56:02.374 [main] DEBUG org.apache.http.wire -  >> "<calculated when request is sent>"
05:56:02.374 [main] DEBUG org.apache.http.wire -  >> "[\r][\n]"
05:56:02.374 [main] DEBUG org.apache.http.wire -  >> "Content-Disposition"
05:56:02.374 [main] DEBUG org.apache.http.wire -  >> ": "
05:56:02.374 [main] DEBUG org.apache.http.wire -  >> "form-data; name="image"; filename="LOGO SKUYPAY.png""
05:56:02.374 [main] DEBUG org.apache.http.wire -  >> "[\r][\n]"
05:56:02.374 [main] DEBUG org.apache.http.wire -  >> "Content-Type"
05:56:02.374 [main] DEBUG org.apache.http.wire -  >> ": "
05:56:02.374 [main] DEBUG org.apache.http.wire -  >> "application/octet-stream"
05:56:02.374 [main] DEBUG org.apache.http.wire -  >> "[\r][\n]"
05:56:02.374 [main] DEBUG org.apache.http.wire -  >> "Content-Transfer-Encoding"
05:56:02.374 [main] DEBUG org.apache.http.wire -  >> ": "
05:56:02.374 [main] DEBUG org.apache.http.wire -  >> "binary"
05:56:02.374 [main] DEBUG org.apache.http.wire -  >> "[\r][\n]"
05:56:02.374 [main] DEBUG org.apache.http.wire -  >> "[\r][\n]"
05:56:02.391 [main] DEBUG org.apache.http.wire -  >> "[0x89]PNG[\r][\n]"
05:56:02.392 [main] DEBUG org.apache.http.wire -  >> "[0x1a][\n]"
05:56:02.392 [main] DEBUG org.apache.http.wire -  >> "[0x0][0x0][0x0][\r]IHDR[0x0][0x0][0x1][0xb2][0x0][0x0][0x2][0xcc][0x8][0x6][0x0][0x0][0x0][0x81][0xb3]70[0x0][0x0][0x0][0x9]pHYs[0x0][0x0][0xb][0x13][0x0][0x0][0xb][0x13][0x1][0x0][0x9a][0x9c][0x18][0x0][0x0][0x0][0x1]sRGB[0x0][0xae][0xce][0x1c][0xe9][0x0][0x0][0x0][0x4]gAMA[0x0][0x0][0xb1][0x8f][0xb][0xfc]a[0x5][0x0][0x2]V0IDATx[0x1][0xec][0xfd][0xdb][0xef]mYv[0x1e][0x86][0x8d][0xb1]OU[0xf5][0x8d]b[0x9f][0xca]?[0xd0][0xa7][0xf5] [0x9d][0xee]&[0xc0]V[0x1e][0x83]$uh[0xc7][0x86]/[0x1][0xbb][0x84][0xc8][0x80]-[0x4][0xa9][0x92][0x9f]H[0xd1][0xd2])>[0x4]H[0x0][0x7]UT[0x90]8P[0x2][0x95]u[0xb3],ZQ[0x15]m[0xd8][0x2]d@t[0x1c]$[0x6][0x8c][0x84]U[\n]"
05:56:02.392 [main] DEBUG org.apache.http.wire -  >> "%[0xda][0xa1][0x1]5[0x9][0xb3][0x9b][0xca][0x8b][0xd9][0xfc][0xb][0xdc][0x1]LJ[0xec][0xee][0xb3][0x86][0xf7]Zc|[0xdf][0xf8][0xc6][0xda][0xbf]jVw[0xd7][0xe5]T[0xd5][0x1c]]}~{[0xaf][0xbd][0xd6][0xbc][0x8c]9[0xe7][0xf8][0xc6]m[0xce]e[0xb6]h[0xd1][0xa2]E[0x8b][0x16][0xbd][0xb][0xfa][0x89][0xe6]o[0xbe][0xfa][0xd5]Go[0xdc][0xb7][0xa7][0x8c].[0xb6]h[0xd1][0xa2]E[0x8b][0x16][0xfd]![0xf4][0xf0][0xd1][0xdf]x[0xb0][0xd9][0xf6][0xf8][0xbb][0x97][0xf2][0xaa]=e[0xb4][0x80]l[0xd1][0xa2]E[0x8b][0x16][0xfd][0xa1][0xf4][0xcc]3[0x97][0x97][0xae][0xae][0xd6][0x98][0xbf][0xf2][0xf0][0xd1]_}dO[0x11]- [[0xb4]h[0xd1][0xa2]E[0xdf][0x97]vk,b{[0xcd],|[0xff]~[0xef][0xde]3O[0x95]U[0xb6][0x80]l[0xd1][0xa2]E[0x8b][0x16]}_[0xba]w[0xcf]^[0x8d][0xb8][0xda]b[0xee]y![0xec][0xd1][0x97][0xfe][0xd9][0xf7][0xb1]=%[0xe4][0xb6]h[0xd1][0xa2]E[0x8b][0x16][0xbd][0x3]=|[0xf4][0xfa][0x83]{[0xf7]>[0xfd];a[0x1e][0x1e][0xd7][0xff][0xe][0xb3][0xec][0xf8][0xfb][0xed][0xdf][0xdf][0xfe][0xe0][0x8b][0xdf]z[0xfb][0xe7][0xbf]m[0x1f]2-[0x8b]l[0xd1][0xa2]E[0x8b][0x16][0xbd]#][0xee]}[0xfa][0xad][0xfd][0xaf][0x97][[0xd1][0xcb][0x0]r[0xf3][0xfb][0x9f][0xbb]|[0xea][0xa9]p1. [[0xb4]h[0xd1][0xa2]Ew[0xd2]O\[0xdd][0x87]W[0xd4]z[0xb0][0xbe][0xba][0x16]w[0xef][0xe2]A[0x81][0xef]a[0x8f][0xe2])H[0xfc]X@[0xb6]h[0xd1][0xa2]E[0x8b]n[0xe8]H[0xf0][0xb0]kl[0xcc][0x12][0xb4][0xae][0xe1]1O[0x8][0x3][0xc5][0x1e]2[0xbb][0xfa][0x1b]?[0xfc][0xc4][0x8f][0x5]d[0x8b][0x16]-Z[0xb4][0xe8][0x86][0xee][0xdd][0xf3]+@[0xc5][0xf3][0xb6]c[0xd5][0xc5]=[0xc1][0xec][0xea]`[0xbc][0xfe]o[0xc7][0xb4][0xeb][0xe7][0x3][0xd5][0xc2][0xb6]G_~[0xf4][0xd7]_[0xb6][0xf][0x91]V[0xb2][0xc7][0xa2]E[0x8b][0x16]-[0x1a][0xf4][0x13][0xff][0xdc][0xbf][0xfb]x[0xdb][0xec]u[0xa4][0xdb][0xef][0xb9][0x1d]~[0xe4]z(h[0x4][\r][0xb4][0xeb][0xf5][0xdf]y[0xce][0xfe][0xe0][0xf8][0x1b][0x1f]R[0xe2][0xc7][0xb2][0xc8][0x16]-Z[0xb4]h[0x11])[0xf7][0x8c][0xc5]k[0x86]T{k[0x10][0xdb])[0xac][0xc]1[0x81][0xb4][0xeb][0xad]_[0xfc][0xde][0xe5][0xb9]W[0xec]C[0xa2][0x5]d[0x8b][0x16]-Z[0xb4][0x88]ty[0xd6][0xdf][0x8a][0xe3][0x4][0x8f][0xad][0xac][0xb1][0xfd][0xbf][0x1d][0xcc][0x12][0xba][0x8e]P[0xd9]n[0xa2][0xc5]a[0x9f]E&}\[0xff][0xd9][0xec][0xf1][0x83]G[0xaf]([0xe7]0. [[0xb4]h[0xd1][0xa2]E[0x7]}[0xf9][0xf6]7_[0xbd][0xa2][0xd6][0x3][0xcf]([0x98][0xed]@[0xb5]c[0x18]][0x8c][0x83][0x12][0xd0]p[0xeb][0xf5][0xc6][0xcf][0xce]>[0xfd][0xba]}[0x8][0xb4]bd[0x8b][0x16]-Z[0xb4][0xc8][0xbe][0xf4][0xcf][0xfe][0xcd][0x17][0xaf].[0xc4][0xbf]gV[0xd9][0x89]{\[0xec][0x0]*[0xcf][0xac][0xc5][0x2][0xb3][0xab][0xe5]ud0bctZl[0x91][0x17][0xae][0xff]^[0xec][0xc9]?[0xf3][o[0xff][0xb9][0xb7][0xed][0x3][0xa4]e[0x91]-Z[0xb4]h[0xd1]'[0x9c][0xf6][0xb8][0x98]_[0xe2]u?[0xc8]*+1[\r][0x1d][0x5][0xb1][0x9d][0x0]b[0x7][0x80]U[0xbe][0xc7]~kB[0xd9][0xfe][0xfd][0xde][0x7][0x9e][0x8e][0xbf][0x80]l[0xd1][0xa2]E[0x8b]>[0xe1][0xb4][0xc7][0xc5]v[0x97]b[0x14]2[0x1][0x94]:[0xe1]#[0x1][0x8d][0xdb][0xc8]"x[0xec][0xe2][0xfe]7[0x12][0xd6]<[0x1]/[0x1e]}[0xd0][0x9b][0xa4][0x17][0x90]-Z[0xb4]h[0xd1]'[0x98][0xbe][0xf2][0xcf][0xff][0xcd]=[0xae][0xf5][0xa0][0x91][0xc9][0xac][0xcf][0xf0][0xe8]#[0xa9][0x18]63[0xab]=d[0xd1]y[0x8d][0xf2][0xec][0xb1][0x81][0xfa][0x3][0xb6][0xca][0x16][0x90]-Z[0xb4]h[0xd1]'[0x94][0xbe][0xfc][0xcf][0xff]{[0xaf]^[0x8d][0xab][0xc7][0x99]}[0xc8][0xfc][0xfa][0x2][0xa4][0x80][0xa5][0x85]K[0xf5][0xfd][0xb8][0xe2]4[0xde][0xf2][0x8a]7[0xda][0x1d][0xdf][0x1f]}[0xe9][0xd1]_}[0xd1]> Z@[0xb6]h[0xd1][0xa2]E[0x9f]@z[0xf8][0xcf][0xfd][0xe2][0xb]n[0xf9][0x8e]1?[0xe][0xea][0xa8][0xc4][0xfa]LSt[0xc4][0xc9]b<[0xa5][0x1b][0xa4][0xd3]Z[0xe3][0xef]D[0xba][0xdc]r[0xe6]q[0xf9]K[0xf6][0x1][0xd1][0x2][0xb2]E[0x8b][0x16]-[0xfa][0x84][0xd1][0x9e][0xdc]q[0xf1]xs[0xff]\1[0xae][0x83][0xd2][0xf2]:^[0xd1]b[0xb5]A[0xcc][0x8c]I[0x1c][0xfb][0xdf]K[0xf4][0xb9][0x8b][0x6][0xa7]c[0xee]#[0xdb][0x1f][0x83][0x1f][0xf2][0xfa]}[0xdf]$[0xfd][0x95][0xff][0xe9]_{[0xc9]>[0x0]Z[0xe9][0xf7][0x8b][0x16]-Z[0xf4][0x9][0xa2][0x3][0xc4][0x9e][0xbb][0xbc][0xb5][0x9f]j[0xf][0x97][0xe1]A[0x85]f}[0xc4]}[0x88][0x85]6[0x8f][0xa7][0xca][0xf3][0x16][0xad][0x8e][0xa8]J[0xb7]d[0xde][0x9b][0x99][0xf9]W[0xaa]Mf[0xf1][0xff][0xd6][0xbf][0xfb][0xc5][0xf7][0xfb][0xe8][0xaa]e[0x91]-Z[0xb4]h[0xd1]'[0x84][0x1e]<z[0xe3][0xfe][0xbd]O[0xdd][0xfb][0xe5]+[0xd8]<`<+ro[0x98][0x9e][0xdb][0xb1]S[0x1e][0x10][0x8c]t[0xfb]t%[0xf2]t[0xc5]h+-l[0xdb]s?<o[0xa9]$[0x90][0xf6]M[0xde][0xff][0xce][0xf6][0xdc][0xfb][0xfe]&[0xe9][0x5]d[0x8b][0x16]-Z[0xf4][0x9][0xa1][0xcf]}[0xea][0xbb][0xaf]_[0xd1][0xe7][0xab][0x9a][0xc4][0x91][0xd9][0xf6][0x7]"[0xe1][0x10][0xc5][0x9]f[0xb2][0x8f][0xac]][0x8a][0x89]d[0x9e][0xe0]%/w9[0xfc][0x8b]YN[0x4]\[0x8c][0xef][0xfb][0xd1]U[0xb][0xc8][0x16]-Z[0xb4][0xe8][0x13]@?qd([0xc6][0xcb][0x95]7[0xef]D[0xad][0xca]Q[0x4]H[0xb9][0xf5][0x8b]3[0xf5][0xf9][0x88]:W[0xb1][0xce][0xa5]*[0xb7]b[0xed][0x8c]v[0x1][0xc1]([0xb][0x8e][0x0]w[0xff][0xb3][0xef][0xb3]U[0xb6]bd[0x8b][0x16]-Z[0xf4]1[0xa7]=[0xcd][0xfe][0x8a]-[0xaf]%[0xe0][0x8c]=b[0x95][0xd0][0xb1]c[0xdb]%[0xf6][0x83][0x82][0x11]#[0xeb][0xdf][0x8e]o[0x15]'C[0xf2]G[0xa5][0xdb][0xf7]k\[0x12][0xdf][0xea]>\[0xc3][0x11]W[0xd7]/[0xdf]~?ce[0xcb]"[[0xb4]h[0xd1][0xa2][0x8f]1[0x1][0xc4][0x8e][0x8][0x98]W[0xaa]=[0x8f][0x9c][0xca],[0xfa][0xb4][0x9e]6[0xe6]r[0xd0][0xb5]X[0x86][0x1b]2[0x19][0xed][0x0][0xbb]NZ[0xec][\r][0xd2][0x9a][0xbe][0xa2][0x4][0xc3][0xf7]5V[0xb6],[0xb2]E[0x8b][0x16]-[0xfa][0x98][0xd2][0xc3][0xe1]o[0xbd]t[0x89]xC[0xac]$[0xab][0x90]X[0xef][0xfb][0xe2][0xf1]R[0x5]C[0xc3][0xca]:>yo[0x86][0x1e][0xfb][0xc8][0x1c][0xd9][0x8a][0xb8][0x9f][0xf5]X[0x17][0xef][0xed]w[0xfc]o[0x9f][0xbb]|[0xf7][0x8f][0xbe][0x1f]V[0xd9][0xb2][0xc8][0x16]-Z[0xb4][0xe8]cH_9@l{[0x13][0x1][0xac]J7D6b[0xed][0xfd]b[0xb6]b%h[0x18]7479[0x12][0xef][0x9d]/w[0xc9]W[0xbb][0x18][0x8a][0xcd][0xbd]e[0x15]:[0x8b]<[0xf8][0xe3]x[0x0]I"[0xf9][0xf0][0xf3][0xdf]yr[0xef]}9[0xed]c[0x1][0xd9][0xa2]E[0x8b][0x16]}[0xcc][0xe8]K[0xff][0xe2][0xdf]z[0xf1][0x8a]&oZ%][0x1c][0x94][0xa0]U[0x0]Coa[0xbd]k[0xc][0xde]D=CQ[0xdd][0x90][0x91][0xa1].[0x9b][0x19] <[0xd9]#[0xf][0x3][0x91]_[0xa2][0x8c]=?%4^^[0xb5][0xf7][0x81][0x16][0x90]-Z[0xb4]h[0xd1][0xc7][0x88][0xbe][0xfc]/[0xfd][0xe2]W/[0xb6][0xbb][0x13][0x91].[0x9f]VX[0xc6][0xb1][0xac][0xce]H[0x8c][0x2][0x9f][0xda][0xf4]U[0x19][0x89]ii%[0x1][0x0];[0x9d][0xbe][0xde][0xa2]Y[0xd9][0x88][0x11]u[0x14][0xd5][0xf1]c[te[0xb6]y#[0x1b],[0xbe][0x3] [0x1f]|[0xe9][0xf2][0xde][0x9f][0xc1][0xb8][0x80]l[0xd1][0xa2]E[0x8b]>&[0xb4][0x83][0xd8][0x15][0x8b][0xde][0xba]"[0xcd]}9[0xa0]#[0xff][0xd6]w"[0xcc]8j**W[0xa3]@G[0x8c][0xab][0xc3][0xea][\n]"
05:56:02.392 [main] DEBUG org.apache.http.wire -  >> "[0xa3]e[0x87]L[0xc6][0xc4]F[0x96][0xd9][0x7][0x84][0x98]u[0x1e][0xbf][0xc1][0x5][0x19][0xe5][0x93]<ny[0xcf][0x93]>V[0xb2][0xc7][0xa2]E[0x8b][0x16]}[0xc][0xa8]@[0xec]W[0xae]8[0xf3]<[0x12]:[0xe6]^0&m[0xd4][0xee]/?[0xe]H[0xd4]c[0xa7]Fz[0xbe][0xa6][0xe1][0xd7][0x9b][0xa0][0xb3][0x80]z9[0xb4][0x8d]#[0xad]FY]%~[0xea][0xfc][0x8f]#Kr[0x8b][0x9f][0xfa][0xad][0xf0][0xde][0xbd]EzYd[0x8b][0x16]-Z[0xf4][0x11][0xa7][0x3][0xc4][0xec][0xf2]V[0x82][0x98][0x13][0xaa][0x92]:[0x6]VGNYc[0x8a][0xd5][0x8b][0x9e][0xf5]^[0xe3]K[0xa2][0xfb][0x9a][0x17][\n]"
05:56:02.393 [main] DEBUG org.apache.http.wire -  >> "[0xe6][0xf7]z[0xc5][0x8b][0x1][0xdc][0x90]~D[0xd4][0xf4][0x95]0[0x85]s[0xe5][0xd6],[0x93][0xef][0x80][0xc5][0xf7]4V[0xb6][0x80]l[0xd1][0xa2]E[0x8b]>[0xc2][0xf4][0x95][0xf9]o[0xbd]dq[0xf9][0xfa][0x15]<[0xee][0xb7];[0xf][0xa4]I[0x1c]f[0x8d]n[0x81]LB[0xcb]?[0x97][0xb0][0xfe][0x8e]W[0xb9][0xc8][0xe7][0xf0]a[0xdd][0x5][0xce]^t[0x9e]seu$U[0x1e]K[0xc5][0xf0][0xd8][0x1d]^[0xbf][0xe3][0xd2]{[0xfa][0x16][0xe9][0x5]d[0x8b][0x16]-Z[0xf4][0x11][0xa5][0x1d][0xc4]b[0xb3]7[0xf0][0x9d]8t[0x0][0xc]2[0x6];[0x13][0x11]{[0xbf][0xc2][0xf4]H[0xa9][0x8e][0x9f][0x5]S[0x10]q[0x8a]G[0xc6][0xce]`U[0xd5][0xc9]T[0x7][0xb6][0xc5][0x1]f!i[0x89][0x1e][0x15]8[0xcb][0xb0]Z[0xe0][0x10][0xab][0xfe][0x17][0xd6][0xdf]^[0xc0][0xb6][0xd9]{[0x96][0xf4][0xb1]bd[0x8b][0x16]-Z[0xf4][0x11][0xa4][0x87]W[0x10][0xbb]l[0xf6][0xe6][0xfe]9O[0x81][0xe2][0xc1][0x89][0xdc][0xf8]<[0xe2]\[0x1d][0xff][0xf2][0x8e][0xa1][0xa5]9U[0x7][0xff][0x1e]q.[0x94]/;[0xa8]I[0xb9][0x1][0xda][0xf9][0xe6]h[0x3]6[0xee][0xa7][0x82][0x4]A+chG}[0x9b][0xf7]^[0xb5]z][0xd9]^[0xfb]q[0xda][0xbe]}[0xfb][0xf7][0xef]}[0xf7][0x8f]~[0xeb]=[0xd8] [0xbd],[0xb2]E[0x8b][0x16]-[0xfa][0x88][0xd1][0x97][0xff][0xa5][0xff][0xeb][0xab][0x97][0xcd][0xdf][0xd8]w&[0xdf][0xf5]{[0xc7][0xc1][0xe4]l`[0x1c]O[0xe5]L[0xe0][0xc8]{[0xcd][0xb1][0xab][0xb9][0xd2][0xf1]M[0xde];v.[0xb7]|[0x97][0x8e][0x8c][0xfe][0x91][0xc5]([0xf1][0xb1][0x2]7[0xa6][0xfd][0x8f]bqT[0xd6][0xf3][0x9f][0xfd][0xde]3[0xef]I[0x6][0xe3][0x2][0xb2]E[0x8b][0x16]-[0xfa][0x8][0xd1][0xe]b[0xd7]?[0xaf][0xd6][0xe9][0x1a]w[0x19]N[0xb4][0xbe]4-~[0x86][0xab][0xdc][0xf8]"h[0xc3][0xc9][0x1b]i/[0xd5][0xfe][0xb0]t@z[0xe7][0xcc][0xcf]4~[0xfe][0x1b][0xf4]&&$[0xba]_\[0xda]%a[0xb5][0xf9]h[0xc5][0xd2][0xec][0x15]{[0xf]h[0x1][0xd9][0xa2]E[0x8b][0x16]}D[0xe8]+[0xff][0xf2][0x1b][0xaf]_[0x11][0xe0]5[0xe3][0xb1][0x1c][0xdc][0xcc]U [0x81][0xe3][0xa5][0x82][0xef]P[0x91][0xfd]_[0xf5][0x8a][0xb0][0xe0][0x86]hZU[0xf5]?[0x9e][0xe8]1[0xb7][0x86]I[0xb6]#~p[0x8b]:o[0xb1][0xca][0xae]R<[0x8c][0x16]Z'>[0xd6][0xdb][0xa5];[0xc6]v[0xdc]p@[0xed][0xe7][0xdf][0x8b][\r][0xd2][0xcf][0xd8][0xa2]E[0x8b][0x16]-z[0xaa]i[0xb3][0xf3][0xe7]>[0xb7][0xbd]~E[0x89][0x97]xVTg[0x12][0xba][0xa6]lT4[0xaa][0x12]2[0x8c][0x89][0x1e][0xe6][0xdc][0xd8][0xec]q>M[0xb1][0xd2][0xf5][0x87][0xd5]%[0x7][0x2]7@n[0xc4].[0xbb][0xe3][0x14][0x90][0xc3]J[0xec]L[0xfe]Jx[0xc4][0xfe]3[0xc6][0xd8][\n]"
05:56:02.393 [main] DEBUG org.apache.http.wire -  >> "[0x8]3[0x90]v[0xbd]kw/[0xfe]'[0xf6]#[0xd0]J[0xf6]X[0xb4]h[0xd1][0xa2][0xa7][0x98][0xe][0x10][0xfb][0xb1]x[0xeb][\n]"
05:56:02.393 [main] DEBUG org.apache.http.wire -  >> "[0x2]_-[0xb3][0xc9][\r][0xe7]L[0xf9][0xd8]0f&[0x9b][0x9e][0xad]783bf[0xf9][[0xbd][0xd6]9[0xca][0x5][0x99][0xcf]U[0xd2][0xc7]n[0xb6][0xd1][0x8c][0xca][0xe3][0xab][0xea]>[0x82][0xd4]L*A[0x82]G[0xc4]6[0xea]1i"[0xec][0xb0][0xfe]>[0x13]K[0x9e]X<[0xfa][0xc7][0xbf][0xfa][0xe7][0xff][0xbe][0xfd][0x90][0xb4]\[0x8b][0x8b][0x16]-Z[0xf4][0x94][0xd2][0xc3][0xe1][0x8d][0x7][0x9f][0xfd]\|[0xfd][\n]"
05:56:02.394 [main] DEBUG org.apache.http.wire -  >> "[0x18]?y\[0x90]c[0xa1][0xf8][0x99][0xe7][0x1a][0xc6];[0x18]&[0xfd][0xb6]f[0x98]o[0xcc][0x8d][0xe7]f[0xe9]2[0xf0]$[0x8a]u[\r]v[0x5]S[0xf5][0x9d][0xe9][0xfb][0xc6]=i[0x9d][0xd7]X`)&[0x1a][0x8f][0xb9][0xf2][0x8]I[0xa7][0x1c]o,[0x93][0xd6][0xde][0xb3][0x1f]-[0x15]Yd[0x8b][0x16]-Z[0xf4][0x14][0xd2]~Z[0x87][0xf9]3[0xbf]|[0xfd][0xf8][0x5][0xa6][0xcd][0xab][0x15][0x96][0xc9][0x81][0x9d][0xf6][0x8e][0x14][0xfc][0xe8]}c8[0x8]8`[0x99][0x9d],[0xaa][0xe3][t[0xfa]=}~[0xf9]ColVWd[0xe8][0x7]7[0x1e][0xf1]![0xee]BC[0xdd][0xe5][0xfe]<[0x80][0xf4]hg[0xf8]x[0xb8]}[0x99][0xff][0xed][0xb3][0xcf]|[0xef][0x87]~W[0xd9][0xb2][0xc8][0x16]-Z[0xb4][0xe8])[0xa3][0x87]?[0xfd][0xb7]_[0xf2]{[0xcf][0xbc]u[0x95][0xff][0xf][0xf4][0xba][0xd3][0x95][0xb8][0x1f][0xc2][0xcb][0xb7]<3D[0xe6]r[0xf4][0x14][0xa8][0xdc][0x8c]}h[0x87]UL[0x8c][0xef][0xc][0xeb]_B6[0x88][0xd1]p[0xa3][0xb][0xd2]M_a[0xd6][0x89]#[0x8d]mz[0x2][0x8][0xf]![0xce][0x14][0xf][0xc7][0xfb][0xca][0xe8]f[0x1c]q[0xba]x[0xfe][0xf][0xbe][0xf7][0xcc]K[0xf6]C[0xd2][0x2][0xb2]E[0x8b][0x16]-z[0x8a][0xe8][0xcb][0xff][0xf3]7^[0xdd]7:[0xef]GN[0x1d][0xc2][0xde][0xeb][0xfc][0xc3]r[0xf][0x2]y$[0xd3]"[0x1][0xa6][0xcf][0xe6][0xad]h[0x14]o[0x80][0x81][0xc5]WC#m[0xbe]@(BO[0xc2][0xa7][0xe5][0x17][0xce][0x17]c[0x2][0x80][\n]"
05:56:02.394 [main] DEBUG org.apache.http.wire -  >> "[0xab]`[0xad][0xe1]zo[0x92][0xc6][0x9b][0xa3]i[0xfb][0x85][0xc9];[0xc9]r#4[0xf3]A[0xc4][0xb6][0xf3][0xb8][0xfc][0x8][0xee][0xc5][0xe5]Z\[0xb4]h[0xd1][0xa2][0xa7][0x84][0xbe][0xf2][0xd3]o[0xbc][0x1e]{[0x16]_[0x9d][0x15]u\[0xa4]{Pr[0x13]k[0xd3]1v[0x81][0x15][0xba]0[0x6][0x95]n=slN[0xb6]z[0xa6]@[0xc6]d#[0xb3][0xc6][0xb7][0x9c][0xef]$;YL[0xe5][0x1a][0xbc][0xfe]os[0x9c][0xb3]h[0x95]@[0x1f][0x2]MGJ~~[0xaa][0xea][0xeb]4[0xf][0xdc]W[0xa7]z[0xc0][0xdd])[0xae][0xc6][0xac]o{[0xf2]'[0xbe][0xf9]k?[0xff][0x1b][0xf6][0x3][0xd2]J[0xbf]_[0xb4]h[0xd1][0xa2][0xf][0x99][0xf6][0xcc][0xc4][0xcf][0xfc][0x91][0xd8][0xe3]a[0x8f][0xac][0xac]#n[0xcd]2k`[0xb2][0xbc][0x96][0xb6]P[0x9f]9U[0xbe]F[0x17];l[0xbc][0x9a][0xb9]ch[0xc]l[0xd5][0xb1]Ve[0xe9][0xf1][0xf4][0xdf][0x6]:[0x14][0xe7][0x9d]%[0x89]c[0x14][0xab][0xec][0x4]?b[0x9a][0x19][0x80][0x92]`v[0xb9]~[0xd8]B[0xe]([0x16]o[0xa2]O[0x17]h[0xd6]z[0xb9][0xec]V[0xd9][0xf][0xc]d[0xcb][0xb5][0xb8]h[0xd1][0xa2]E[0x1f]"[0x1d][0x99][0x89]?n_[0xbf][0xca][0xf5][0x17]l[0x84][0x8d][0x4][0x95][0xf6][0x8]SaS[0x1f][0xde][0xeb]i[0x82]y[0xbf][0xa2][0xc5]B2[0x7][0xa3]c][0xf9][0x95][0xcf]w[0x6]c[0xc5][0xba][0x1c][0xcf][0xce]#[0xaf]\[0xdd][0x84]}[0xc8][0x7]*[0xcd]xX[0x86][0xd1][0xfa][0xff]|AY[0xc0]Zc6[0x9a]g[0x1d];[0xe3]}y[0xf9][0xc0][0xef][0x1f][0xea][0xc8][0xaa][0x5]d[0x8b][0x16]-Z[0xf4]![0xd1]W[0xfe][0xe4][0xdf]~[0xe9][0xde]s;[0x88][0xc5][0x83]<I[0xfe][0x80][0x18]g<[0xcb]3[0xa9][0x3]'[0xd1][0xef][0xcf][0x1c][0x9f][0xe][0xe1][0xb8][0x0][0xf1][0x2]1[0xbc][0xe][0xcc][0xa3]3/[0xbc][0xe2]X}Z0-=[0x5],[0x89]a[0x5]<[0x8c][0xed]~[0xf4][0xda][0xd9][0xdc][0xf7][0xb7][0xdb][0x93]/[0x98]f[0xbc][0xac]O[0xfb][0xa8][0x98]^0K[0xd2][0xe1][0xea]Dd[0xe][0xc0][0x8a][0xad][0x1][0xc7][0xf7][0xfb]?[0xf1]?[0xfe][0xc1]_[0xef][0xb2][0x80]l[0xd1][0xa2]E[0x8b]>[0x4][0xfa][0xf2]O[0xbf][0xf1]j<[0xf1]7[0xaf][0x1f][0xef][0x13][0x89]v[0xc2][0x1f]&[0xaa]#'[0xc3][0xd2][0xca][0x1a][0x9b][0xbd][0xac][0xe]F[0xf4][0xe0][0xd1]S[0xc8][0xe][0xe1][0xed][0x84]%&n[0xf8]E][0x82][0xb8][0xce],Hos[0xae]@M[0x1][0xd2][0x10]B[0x83][0x17][0x91][0x16][0x17][0xcb][0xc2][0x85][0x19][0x3][0xcb][0xf2][0xf2]so[0xd4][0x86][0xf7][0x14][0xf7]n[0x1e]/[0xd9][0xf]H+[0xd9]c[0xd1][0xa2]E[0x8b]>@z[0xf0][0xe2][0x1b][0xf7],[0xec][0x8d]m[0xb3][0xaf]![0xdd][0xaf][0xad][0xa2][0x13]:[0x98]ZFH[0xc0]p&h[0xd8][0xf9]$[0x8f][0xfc][0xc3][0xe7];1$[0x8b][0xee][0xd3]9[0x8c][0xcf]Z[0xe5]8[0xe2][0xb5].[0xba][0xbf][0xac][0xeb][0xca][0xfb]p[0xd0][0x7]bgy[0xc]H=[0xe7][0x9a][0xfc]a[0xe3][0x4][0x11]P&z[0xa8][0xaf]Q[0x91][0x10]_[0xed][0xdb][0xbf][0xf7][0xcc][0x93]/[0xfe] [0xaf]wY[0x16][0xd9][0xa2]E[0x8b][0x16]}@[0xf4][0xf0][0xc5]k<l[0xf3][0xaf]o[0xe1]_39[0xb4][0xb0]~>[0xb9][0xe4][0x8e]oq:n[0x83][0x19][0x17]u1bZl[0xf9][0x10][0xcb][0xad]4[0xf9][0xbc]J[0x8b][0xc]Ta[0xac]`[0xc6][0xbd][0xdb]H[0xdb][0xa7][0xc7][0xb0][0x8e][0xf6][0xd0]4}[0x9c][0xdb]x$u\[0x98][0x10]Rm.[0x17]c[0xb0][0x1e]C[0xdf][0xc][\r][0x1d][0x91]2k?[0xa5][0xf9][0xe7]?[0xf7][0xdd]g[0xbf]f?[0x0]- [[0xb4]h[0xd1][0xa2][0xf][0x80][0xf6]M[0xce][0xf7][0xc2][0xbf]~[0x15][0xe2][0xf][0xf4]z[0xb9][0xd4][0xca][0x13]x[0xa4][0xd4][0xbb][0xa4]Bx[0xb][0xff][0x11][0xa7]r[0xc3]st[0x9]v2[0x7][0xef][0x91]4z[0xf8][0xf1][0xa2]O[0xd3]8[0x82]h^([0x96]VT[0x16][0x16]F *[0xc7]dot[0x6]*e[\n]"
05:56:02.394 [main] DEBUG org.apache.http.wire -  >> "}~[0xd9][0x90][_[0xf7]z'[0xa0][0x0][0xd4][0xaa][0xca][0xda]_[0x1d][0x9a]`9[0xb8][0x81][0x12]_[0xb6][0x1f][0x80][0x96]kq[0xd1][0xa2]E[0x8b][0xde]g[0xfa][0xca]O[0xbf][0xf9]z[0xe4][0xbb][0xb7][0xd2]_'G9[0x99][0xa4][0xc4][0xf3]x)[0x17]w[0xe1]I[0xe0][0xab];[0x10][0xdf][0xfb][0xcd][0xcd][0xd1]%[0x1e]?[0xc2][0xbb]7[0xec][0xac][0xaa][0x88][0x87][0x4][0x97][0x89][0x17][0xe2][0x8f],*[0x80][0xca]lD[0x1b][0xaf]mq[0xf3][0x91][0xa1]h[0x92][0xc9][0xe8]|[0xe5]tm%[0xd8][0xa2][0x81]1l[0x9e][0x92]_[0x7][0xe][0x13]@[0xb][0x80][0x9f]}[0xf6][0xc9][0xf3][0xef][0xf6][0xc8][0xaa][0xb5][0x8f]l[0xd1][0xa2]E[0x8b][0xde]'[0xda]][0x89]W[0xaf][0xdb]/_[0x85][0xf7]Wy[0x91][0x9b][0x84]w[0xca][0xc3]u[0xeb][0xc8]y[0x1f][0xe7][0xee][0x9a]3K[0xc3]N[0xc7]NU[0x8e]FTL[0xed][0xb8][0x10][0xf2]J[0x97][0xda]@[0x1d][0xe3][0x90][0xde][0xaa][0x1b]>[0xc8][0x2][0xa2][0x2]M)[\n]"
05:56:02.395 [main] DEBUG org.apache.http.wire -  >> "[0xd9][0x90]>[0xe3]t[0x9d]Go[0xf4]-[0x12][0xcb]2[0xd7][0xd1][0x13]9C[0xf2]Hj#w[0x3][[0xb9][0x17]':[0x3][0xb9]59[0xe4][0xf][0xbe]{[0xef][0xe5][0xeb][0x9f][0xdb][0xde][0x5]-[0xd7][0xe2][0xa2]E[0x8b][0x16][0xbd][0xf][0xf4][0xf0]O[0xfe][0xfb]/[0xdc][0xb3][0xcb][0xd5][0x95]( [0xb6][0x93]B[0x95]c[0xff]T[0xe1]X[0xfd][0xaf]-[0xb6][0xb0][0xf1][0xde]/3[0xb1][0xae][0x82][[0xb2][0xcc][0x8c][0xa7][0xcd][0xd3][0xc4][0xab]tw[0xee][0x13]3[0x82][0x8][0xb3][0x5][0x8f]XZ[0x9e][0xa3][0xa8][0xc0][0x15]<[0xf6]j/b[0x83][0x99]'[0x87][0xe6]W[0xe3][0xf9][0x1a][0x18]@[0xee][0xe9][0xa4][0xe][0x89][0x88]uL[0x8c]nG[0x8f]8[0x81][0xb4]K[0x0][0xef][0xe2][0xfe][0xae][0xe3]d[0xb][0xc8][0x16]-Z[0xb4][0xe8]=[0xa6][0xaf][0xbc][0xf8][0xe6][0xeb][0xf7],[0xde][0xbe][0xca][0xfd][0xfb]V@Q?[0xb9][0xcd]}[[0xea] D"[0xdf]q[0x81]pu[0xda][0xd8][0x8c][0xe7][0xac][0xb7][0x87]U[0x1][0xd1]x[0xc5][0xf][0xdc][0xd4][0xc5]L[0xc2]|[0xae][0xe3]iz$U%w$[0xb8][0xf6]&[0xb1][0xaa] cwU[0xc6][0x88][0xbd][0xf1]-[0xd4]U"
05:56:02.395 [main] DEBUG org.apache.http.wire -  >> "G[0x9c]#`[0xfa][0x1d][0xbd]1[0x89][0x5]V[0xa6][0xc9][0x86]g[0x13][0xea][0xbe][0xfa][0xe0][0xd1][0xeb][0xf7][0xed]][0xd0]r-.Z[0xb4]h[0xd1]{D[0xbb]+[0xf1][0x9e][0xdf]{[0xe3]*[0x8b][0x1f][0xb5][0xcf][0xcd][0xe4]m[0x95]V[0xee][0xbc][0x19][0xb7]2x[0xdd].[0xdc][0xaf][0x95][0x96][0xca]8[0x8f][0xb0][0xdf][0x8][0x8d][0xd7][0xa2]Ty&nH[0xa2][0x18]R[0xdd][0x83][0xf7][0x10][0xcf]FL[0xed][0x0][0xa2]Kz[0xf5][0x0]R[0xce][0x1d][0xd3]AG |[0x9c][0x1d]H[0x9b]g%f[0xf9].[0xc6]Yw[0xc2]4ff[0x9d][0xad][0x89]3"[0xf7]K[0x97][0xaa][0xaf][0xcd][0xb8][0xb8][0xff][0xd9][0xef][0xdc][0xdb][0x8f][0xac]z[0xd3][0xfe][0x10]Z[0x16][0xd9][0xa2]E[0x8b][0x16][0xbd][0x7]t[0xb8][0x12][0xfd][0xde]?[0xba][0x82][0xc3][0xa3][0xb6]@*[0x11][0xde][0xbe]b[0xdd][0xc0]$[0xc4][0x94][0xd2]xkp[0xc2]f[0xaf][0xf1]z[0x15][0xfc]h[0xe]lA[0x19]U[0x1e][0xad]9m[0x80][0x6][0xbb][0xe0][0x8b][0xec][0xd4][0xfa][0xd3][0x1b][0xa5]O[0xcf][0x9a]l[0xa0]>[0xe7][0x85]T[[0x1d][0xb8][0xdd][0xef]&K7b[0x3])@[0xac]P[0xce]C[0xb6][0xc]T[0xbb][0xb3]_[0xef][0xca][0xbd][0xe8][0xb6]h[0xd1][0xa2]E[0x8b]~h[0xda]78[0xee]r[0xef][0xd5][0xab][0xf0]~[0x5][0xd7]:[0xc6][0xd5]y[0xe7]8[0xc1][0x1e][0x89][0x16][e[0xf2]1[0xeb][0xd0][0xfd][0x9c]}[0xc8]{Q[0xa6][0x95][0xd9][0xa4][0xe4]R[0xe7]M[0xc6][0xa1][0xa4][0xef]#[0xf3][0xb0]~t9)_[0xdc][0x8e][0xd1];[0xbd]F[0x9b][\n]"
05:56:02.396 [main] DEBUG org.apache.http.wire -  >> "[0x1b][0xe3][0xd4][0xa9]:[0xb7][0xd8][0xcf][0x99][0x98][0xf9][0xf3])[0xb3]rl[0xf4]Fv[0xc9][0xf9]h[0x10]i~[0xec]q[0xb2]o[0xff]w[0xef]bs[0xf4][0xb2][0xc8][0x16]-Z[0xb4][0xe8][0x87][0xa4][0xdd][0x95][0xf8][0x99][0xcb][0xbd]_9@L[0x12][0x15][0x90][0xd7]P[0x82][0xda][0xac]S[0x2][0xf3][0xdb][0xdc]Xl[0x86][0x8d][0xcf][0xb2]][0xb][0xe]=[0x1e][0xc6][0xab][0xc8][0x90][0xb5][0xf0][0x4][0xaa]>Y#[0xeb][0xaa][0x97]X[0xce][0xc4][0xb][0xaf][0x84]F[0xb5][0xea][0xaa][0x9e]n[0x8f]G[0x1e]F[0xec]U~[0xa6][0xe8]W[0x9f][0xba][0xfd][\r]b[0x8c]si[0x96]c[0x18][0x9a][0x8a]x[0x9c][0xdb][0xc0][0xb0][0xb6][0xfa]:fX[0xa7][0x12]k|m'[0xdb][0x8f]}[0xef][0x94],s[0x7]- [[0xb4]h[0xd1][0xa2][0x1f][0x82]~[0xe2][0xf1][0x1f]<[0xbe]w[0xb9][0xf7][0xf5][0xab][0xf8][0xfd][0x13][0xf3]P][0xa7][0x19]rvyq3pYJr[0xd2]E[0xb]t&[0x87]\[0xda][0x9c]Aqu[0x10]0[\n]"
05:56:02.396 [main] DEBUG org.apache.http.wire -  >> "3[0x9e][0xf2][0xe1][0xf9][0xd2]J[0x97]t[0xfa][0xe3]!ZLvd[0x1f]j"[0x86]w[0xea][0xbe]{[0xbf][0x8b][0xcc][0xd5][0xea]+[0xf0];[0xaa][0xb3]n[\r][0xf3]@l[0xb8]E[0x3][0xf7]![0x1][0x4][0x89]#[0x19]#[0x8c][0xee][0x89][0xe9][0x86][0xe8]L[0xf7][0xaf][0xcf][0x2][0x88][0xd9][0xaf]m[0xbb][0xfc][0xa1]/[0xdc]\[0xc9][0x1e][0x8b][0x16]-Z[0xf4][0x3][0xd0][0xee]J[0xfc][0x8c][0xdf][0xfb][0xe5]+.<[\n]"
05:56:02.396 [main] DEBUG org.apache.http.wire -  >> "[0x1c]W[0xa0][0xc7][0x6]W\c[0x8d][0xbc][0xbb][0x8b][0x96][0x12][0x2]S[0x9a]bo[0xc][0x17]IfE[0x0][0xd4][0xac]>[0x88][0xb][0xb0]^[0xb1]R[0xb5]d[0x15][0xf8][0x9d][0xf9][0x13]r[0xd6][0x15][0xcf]Y$|[0xd4][0xfe][0xe4][0xee][0xd8]x[0x3][0xcc]]Y[0x86]J[\r]8>bc[0xd8][0x14][0xdd][0x8f]{[0xfd][0x86]d[0xcc][0xb0][0xcd]}[0x1c][0x94]U[0x87][0xfd]ss5[0x8e][0xd6]J[0xf3][0xec][0xfa][0xe1][0xa7][0xaf][0x97]_[0xb1][0xef]C[0xcb]"[[0xb4]h[0xd1][0xa2]wI[0xf][0xff][0xd4][0xf0][0xe8][0xb3][0xbb][0x15]v[0xb1]GH^H[0x81][0xbb]1[0x1b][0xb0][0xdc]v6[0xcd])[0xb1]Fj[0x87]0[0xfd][0x88][0xe7][0xf3][0x13][0x8d][0xa6][0x17][0xe][0xe2]u[0x97][0xf4]y/[0xab],[0xac][0x93]6[0xda]}Y[0xfb][0xc1][0xdc][0xbb] [0x93][0x83][0xad][0xca]#[0x80]Z[0x9d][0xaf][0x18][0x0]W4V[0xe2]V[0xec][0x13][0xbb][0x85][0xbe][0x8d]k[0xe2].[0xf5]rM[0xba]Z[0xaa][0xd5]g[0x1f][0xee]C=[0x5][0xbf]O[0xda]G[0xcc][0xad]:[0xf0][0xc5]/[0xfd][0x8f][0xfe][0xda][0x17][0xec][0xfb][0xd0][0xb2][0xc8][0x16]-Z[0xb4][0xe8][0xf][0xa1]#[0xa1][0xe3][0x99]=[0xa1][0xc3][0x1f]#G"[0xa9][0xb8][0x15]^[0xb3]lula[0x87][0x83][0xa2]<wV[0x87]([0xea][0xe][0xe2]0})[0xa6]XV[0xe3]|[0xc4][0xe3]'[0x89][0x9c][0xd1][0xda][0xb9]9([0x1f]8[0xd9][0xc0][0x15]8"[0xaa][0xec][0xa1][0xb2][0x9a][0x80]Fr[0x2][0x8][0x2]^G[0xc6][0xe1][0xb4][0xa2][0xb2]m[0xed][0xd1][0xc][0xfe]eyz[0x80][0xa3]5[0xa8][0x5][0xcf]p[0xcc][0xdf][0x88][0xa6][0xe][0xa0]B]8[0xb2][0xaa]LRO[0x18][0xec][0x13][0x93][0x9f][0xec][0xee][0xc5][0xbf]l[0xef]@[0xcb]"[[0xb4]h[0xd1][0xa2][0xef]C[0xf][0xff][0xd4][0x1b][0x8f]>{[0xef][0xd9][0xfd][0xc4][0xfa][0xc7][0xfb][0xdb][0xb2][0xcc]`,[0x11]x:C[0x3][0x86]Vf[0x10]Rr[0xa7]@v[0xa3][0x8d]AT:[0x1e]j[0xfb]d:[0xf0]*[0xf1][0xc2][0xda][0xb0][0xd3][0x18]Y[0xc7][0x96][0x2]X[\n]"
05:56:02.396 [main] DEBUG org.apache.http.wire -  >> "p[0xc2]=8[0xdd][0xc3][0xea][0xc8][0x90][0x8][0xdd]o[0xd6]VZ[0xe8][0xbd]J[0x87][0xe5]'[0x19][0xfd],[0xea]`BD[0xf8][0x1d][0x99][0x8a]f[0xba][0xf][0xbb][0xbe][0x8b]31[0xba]/[0xa7][0xba]l$[0x88][0x4][0xdd][0xa5][0x97][0x8b][0xdf]8[0xd9][0x2][0xb2]E[0x8b][0x16]-z[0x7][0xfa][0xca][0x9f][0xfa][0xf7]_[0xbf][0xd8]3o]?~![0xaf][0xc0][0x1c][0x8b][0xd3]qJ[0xd6][0x9b][0x9c][0x91]0Qn[0xbc][0xf9][0x9c][0x1a]W[0xb0][0xdc][0xea][0xc0]y[0x1e]&[0xcf][0xd3][0xe2][0xfd][0x0]N[0xbe] [0xba][0x8e][0x8c]*AO[0xab][0xc9][0x91]!)a[0xad]J[0xb5][0xef][0x13]@[0xaa][0x6]O[0x97]"[0xfc][0x98]H[0xbd][0xc7]3[0xea][0xc2]DY[0x4][0x9c][0xd0][0xc0][0x19][0x9e][0x8d][0xf1][0xf6]i[0xf1][0xa1]"[0x9d][0xd2][0x10][0xea]B[0x11][0xa1][0xdb][0xcf]\[0x13]`X[0xb2][0x8b][0xd7][0xd3]3[0x94][0x18]_[0xfd][0xea][0xf7]9[0xe5]c[0xb9][0x16][0x17]-Z[0xb4][0xe8]D_[0xfe]W[0xde][0xf8][0xaa][0xd9][0xb3]o\[0x85][0xec]W[0xe1][0x1e][0x83][0x8b][0xce][0xeb][0xe0][0x8b][0x18][0xe7][\n]"
05:56:02.396 [main] DEBUG org.apache.http.wire -  >> "[0xe]w[0x9e][0x19][0x13][0xfd][0xbc][0xf6]C[0xcd][0xf4]{[0xd0][0x1]~[0xdb][0x96][0xf]0u[0xa2][0xef][0xc5]kU[0x9a][0xfa]@_[0x80][0x9b][0x19][0xdc][0x80][0xe][0xeb]0[0xeb][0x86][0x81]3-[0xc7][0xfa]1[0xab]1[0xd9][0xfc]|[0xda]1];[0x93][0xeb]x[0x11][0xa6][0xe0][0x7][0xe]s[0xf4][0xbe][0xd5][0x1c][0xbe][0xc1][0xa8]:[0xdc][0x86]u[0xd9][0xb1]3[0xe4][0x98]d[0xd9][0xc3]z[0xab]F[0xcb]i[0x1f][0x0][0xd6][0xe3][0xe7][0xfb][0xff]4[0xd3][0xf0][0xdf][0xb6];hYd[0x8b][0x16]-Z$[0xf4][0xe5]?[0xf5][0x1f][0xbe]z[0x5][0xb1]:[0xec][0x97]2[0xb7][0x4][0xbf][\r][0x0]8[0xbe]*[0x88][0xc1]-[0x6][0xcf]^[0xe5]l[0x8c][0x97]_[0xe6]/f[0xb5]w[0xac][0x12]#P[0x9a][0xab][0xd9]SI[0x19][0x12][0xb3][0xea][0xf8]T[0xe2]K[c[0xf8]_>w\t$]X[0xd7][0x10][0xdd][0xc6][0x8e][0xcf]U(o[0xc4][0xdf]ld[0x1e][0xf6];[0xc6][0x1c][0x11],[0x97]X[0xa0][0xdf][0xf1][0x82][0xb1].}b[0xb1]$[0xb9][0x98]&[0x83][0x4][0xd9][0x16][0xf4]D[0xc2][0x9f][0xb9]+[0x3][0x9b]=[0xb2]w[0xa0]e[0x91]-Z[0xb4]h[0x91][0xc1][\n]"
05:56:02.397 [main] DEBUG org.apache.http.wire -  >> "{[0xee][0x8d][0xab][0xd4][0xcc][\r][0xb8][0x88][[0xc9][0xbb][0xb3]:[0xe1][0x1]R}[0x97][0xe7][0xd7][0xff]_.eY[0xc5][0xb0]/*[0x15][0x1e][0xef][0xfa][0xf2]B[0x2][0xc4][0xa2][0x18][0x15]:Q[0xc5][0xb1][0xa2]M[0x98]a[0xce][0x85][0xc8][0xfb][0x9d]6[0x1f][0x80]p[0x14]p[0xbd][0xe6][0x97]z[0xd7]XZT[0x95][0x84][0xe2][0x0][0xc][0xc4][0xae]*;[0x10]m4[0xee][0x89][0xbb]>[0xaf][0xa7][0x93][0xe0][0x14][0xfc]L[0xfc]p[0xa6][0xda][m=([0xc6][0xd8]D-[0x9f][0xe6][_[0xed][0xd7][0xcf][0x98][0xc9][0xf9][0x8b][0xe1][0xd3]D[0xc]&y[0xba][0xdd]{[0xc1][0xde][0x81][0xdc][0x16]-Z[0xb4][0xe8][0x13]L{F[0xe2]g[0x9f]{[0xee][0xf1]U`[0xbe][0xea][0xd8][0x98][0x8c]][0xcb][0x94][0xb1][0xd1][0x9]y[0x1][0xb][0xc5][0x99]n[0xf][0xeb][0xa5]3[0x4]5[0x1]b[0x80][0xd0][0xe9]c[0xd6]E[0xb]'[0x83]H[0x80][0xcd][0xcc]*<[0x97][0xc7]2[0xd1]D[0x1][0x2][0xba][0x2][0xcf][0xae][0xce][0xae][0xb3]p[0xa7][0xa3]Vx[0x1c][0xd6]a[0xef]l[0xa6];[0xb1][0xac]>Xvn[0x9a][0x9d]h[0x0]f[0x97][0xfb][0xbb][0xbe][0xde][0xcd][0xa6][0x3][0xbb][0xa2][0x95][0x84][0xb0]N[0x1c][0x91]~9[0xf2][0xfe][0xf][0xd4][0xfe][0xf6][0xef]=[0xf7][0xe4][0x8f][0xde]u\[0xd5]r-.Z[0xb4][0xe8][0x13]K[0xc7][0xbe][0xb0][0xe7][0x9e][0xbb][0xba][0x11][0xe3]5y!$[0x92][0x16] TG[0x82]Ff[0xe2]y[0xe8]{[0xc1][0xf0][0xb7]v[0xf6]"[0x1]"[0x10][0xe7]i1[0xce][0x1c][0x90]0n[0x92]>[0x9e][0xa5]{[0x90]v[0xdb]~[0xd3][0x86][0xbc][0x8e]N[0xd8][0x8][0x2][0x8c][0xda]~[0x5][0x18][0x8e]xV[0xd5][0xc1]z[0xda][0xe5][0x89]6[0xb6][0xab][0xb0][0xec][0xb0][0x8b][0x9f][0xd2][0xfe][0xbb][0xaf][0xd9][0xf]ZM[0x86][0xe4][0x8c][0xb9]o,[0x93]\[0xc8][0x15][0x9a]b[0xae][0xdb][0xd4][0xa2][0x93]B[0x98]r_[0x7][0x7][0x83][0xaf][0x1c][0x1e][0x82]X[0x95][0xf8][0xfc][0xa7][0xdf][0xe1][0xb8][0xaa][0xe5]Z\[0xb4]h[0xd1]'[0x8e][0x8e]}a[0xcf]}[0xea][0xd5][0xab][0x98][0xcc][0x13]#[0x10]o[0x82][0xfd]U[0x89][0x83][0xfa][0xf6][0x15];d[0xf1][0xa5][0xb2][0xfb]$[0x96][0xc5][0x0]S[0xbb][0xf7].t[0x1f][0x8e][0xb7][0x97]Df![0x1e][0xb7][0x8c][0x18][0x9b]K"[0x86][0xe9][0x9][0x1f][0x92][0x9a]o[0xdc][0x93]f[0xc6]d[0x93][0xe9]ql[0xb0][0xc5][0xd7]i[0x8d][0xe1][0x82][0xb8]4+C[0xa4][0x8d],[0xf8]5[0xd3][0xdb]h[0xb2][0xcd]@[0xeb][0xb9][0xc3][0x97][0xe7][0xfa],n[0xdd][0x10][0xe0][0xe3]-[0xc6][0x4][0x14][0xef][0xcf]amM[0x9a][0xfb][0xf8][0xdc]V[0xb2][0xd9][0xbd]'[0xf7][0xee]L[0xf8]X[0x16][0xd9][0xa2]E[0x8b]>Q[0xf4][0xf0]_[0xf9][0x8f]^[0xf8][0xcc][0xa7][0x9e][0xfb][0xfa]U<>[0xa6][0xa5][0x93][0xbb]o[0xad]r[0xc1][0x8f]K[0x8a]7.[0xa6][0x94]$oX[0xfd]XI[0x18][0x9a][0x0]RVQ[0x17]d.[0x7]f(M[0x10]3[0xa9][0xd5]x[0xb2][0x7][0xea][0xad][0xc2][[0xb8][0xf7][0xdd]xOX[0xe7][0x8e]H[0x1b]yJHe[0x9f][0x4][0xad] 8[\n]"
05:56:02.397 [main] DEBUG org.apache.http.wire -  >> "[0x81]z[0x1e][0x8d]/[0xb0][0xaa]\[0xad]"[0xee][0xa1][0xcb][0x8d][0xd0]i[0x84][0xd2][0x92]s[0xbf][0xe9][0x9b][0x99]dl[0x92][0x17][0xb3]}[0xb7][0xee][0xd7]`_[0x3][0xc0]w[0xfc][0xf2][0xe4][0x91][0xdd]A[0xcb]"[[0xb4]h[0xd1]'[0x82][0x8e]X[0xd8][0xa7][0x9f]{[0xfd]*[0x19]_[0xee][0xd8]T[0xd2].o7[0xab][0xf8]R[0x9c]6[0xd1][0xc5][0xb8]S[0xf8][0xb4];[0x10][0x1f]kw`[0xdf]Ww8[0xe3]W[0xbc] [0x1b][0xab]"[0xca][0xd5][0x96]I[\r][0xc1]{%[0x11][0x3][0xb7][0xb2][0x1d][0xb4][0xc6][0xd2]l,[0xb][0x8b][0xaf]][0xc9]_\R[0xeb][0xeb][0xe1]B[0x3]&[0x80][0x18][0xde][0xfa]E[0xa3][0xe4][0xf0][0x8b]U[0x9]|[0xea]}f4Y[0xe7][0xb6]f=[0xe5][0xc4][0xdb][0x2][0xbb]+[0xab][0x5][0xfd][0xb9]`[0xd3][0xb4]I[0xea]~g[0xd5][0x1c][0x1b][0xaf]a_[0xba]_^[0xb0];hYd[0x8b][0x16]-[0xfa][0xd8][0xd3][0x97][0xfe][0xf4][0xf8][0xf8][0xb3][0x9f][0xfe][0xd4]s[0x15][0x91]/[0xd7]%[0x8d]/E[0xf9][0xd0][0xca][0xa3]V[0x92];-[0x9b][0xbe]&[0xf8][0xd6][0xa2][0x1b][0xc1]"[0x9b][0xa2]ZJ?[0xca][0xbf][0xc9]M[0xaf][0xdb][0xd2]<[\n]"
05:56:02.397 [main] DEBUG org.apache.http.wire -  >> "[0xb8][0x3][0x7]U[0x94][0xcd][0xc6]V[0xb2][0xad][0xac][0xb3][0xc]3[0xb9][0xf4][0xe1][0xf8]+[0xc0][0x97][0x9f]\[0x80]K[0xef][0xad][0x98][0x16][0x1]*[0x81]/[0xb3],;&[0xd8][0xa8][0x8a][0x8f][0xb0][0xbe][0x82][0xfc][0xa8]C[0x18][0x83]I[0x1c]j][0xc1][0xbd]Z/[0xd6][0x8c][0x9b]3L[0xe2]x/[0x1b][0xac]a[0xd7][0xc7][0xac][\r]8[0xb8]_[0xaf][0xff][0xbb][0xd7][0xb9][0x8b][0xcb]"[[0xb4]h[0xd1][0xc7][0x96][0x1e][0xfe][0xab]o<p[0xfb][0xf4][0x1b][0xbe][0xe5]I[0xf5][0xe7]c[0x92][0xc2][0x98][0x92][0x7]{[0x5]Yu[0x1a][0xd0]1[0xe2][0x3]|np[0xcb][0xe5][0xaf][0x8e][0xcc][0x6][0xc5][0xaf][0xfd][0xae]K[0x9d][0xe3]$[0xc9][0x80]L[0x8e][0xe0]q[0x1d][0xc7]}[0x8d][0x82][0xa8][0x86]y[0x10][0xd1][0xee][0xc7][0xdc]M[0x1c]#[0x9e][0xa5][0xe4][0xa7][0x8d][0xd7][0xa1][0xe][0xd2][0x80]a[0x6]O)[0xfb]J[0xe3]I[0x9f][0xe7])#[0x96]G[0x8b]4[0xae][0xcf]Z+[0xb0][0xa8][0xec][0x92]r[0xf3]b[0x86][0xba][0xb2][0x82][0xe1]k[0x8d][0xe8][0xad][0xd2]qz[0x91]g1[0xbd][0xac][0xb4][0xb6][0xee]l[0xfb][0xa9][0xeb][0xa7]7[0xb5][\r][0xb][0xc8][0x16]-Z[0xf4][0xb1][0xa3]t#~[0xfa][0xb1]_[0xe2][0x95]m[0xb3][0xcf][0xa7]+[0xec][0x94][0x1c][0xa1]2Y[0xdc]}[0xe2][0x12]KI~[0xd7][0xb3]E[0x14][0xba][0x15]8[0x93][0xb2]Sdg[0x9e]^[0x1f][0xd0][0xd1]Gj[0xd4]W[0xbb][0x89][0x91][0x1][0xf0][\n]"
05:56:02.397 [main] DEBUG org.apache.http.wire -  >> "Z*K[0x90]y[0xfe][0xbc]FP[0xb3]v6[0xf6]Xe!Z[0x1f][0xde][0xb][0xdc][0xf0]v5[0x1e]v[0xd8][0xe6]([0xc][0xf][0xe7][0xf5][0xfd]}h[0xc7][0x8f]][0x3][0x8c]#4~Z[0x91][0xd5][0xc4][0xeb][0xef][0x97][0x8b][0xd3][0x4]+P2[0xb8]"i]!s?[0x95][0x86]J[0xf2][0xa0][0xc1]&[0xdb][0xca][0x8b][0xf][0x99]ys-x[0xfb]I;[0xd1][0x2][0xb2]E[0x8b][0x16]}[0xac][0xe8][0xe1][0xbf][0xf6][0x1f][0xbd]p[0x15][0x82]o^E[0xde][0x17][0xf6]=[0xca]^[0x81][0xac]y[0xc0]-S[0xdf][0xbd][0xad][0x9b]t[0xab]u[0x9a]y[0x86][0x89][0x10][0xc3]1[0xdc][0x6]G[0x9c]&[0x85][0x88][0xb5]U[0x6][0x13][0xd3][0xf7]![0xde]M[0xfc]y[0x9a][0xe6][0xde][0xc6]U tU[0xa9][0x8e][0x3]9K[0x9c][0xbb][\n]"
05:56:02.397 [main] DEBUG org.apache.http.wire -  >> "v[0xfd][0x1d][0xdb][0x9a][0x1d][[0xe0][0x8e][0xd4]}[0xeb][0xac]I[0x18][0x8d][0x92]M[0x99][0x81][0xaa][0x8b]1[0xde]&8bc_[0x19][0xac][0xa6]2[0xd0][0xb8][0x11][0x1a][0xa6]g[0xc0][0xdf][0x19]<[0xd5][0x9e][0xe5][0x98]1[0xce]U[0xcd][0x17][0xeb][\r][0xa7][0x96][0xe0][0xa8].[0xe7][0xb3]`[0xc8][0xec][0xe4]q[0xe1]&[0x5][0x1][0xd9][0xa2]E[0x8b]>[0x16][0xf4][0xf0]_[0xfd];[0xf][0xae][0x96][0xc0][0x9e][0xcc][0xf1]b"[0xc4]FA[0x8c][0xe3][0x9d][0x1a]`[0xa6]+[0xcc][0xda]*[0x8][0x89]"[0xc1]#[0xa7]~?[0x17]#[0x88]B[0xd7][0xac]M[0x9d][0xb6]&[0x0][0x96]0[0xc2][0xd2]7[0xa8][0xf0][0x13][0xfd]OY[0x1f]u[0x94]ceQ[0x4][0x8d]=[0x80]f[0x15][0xc3]d[0x8][0xc3][0x3]l57V[0xbb]d[0x91][0xb0][0xc2]~[0xd5][0xc][0x90]1[0x2];[0xf][0xfa]z[0xc8]o[0xf2]h[0xbe][0xb]M[0xd0][0x19][0x8c][0xc]9[0xee]J[0x92][[0xa2]q[0xab]-[0xda][0x19]'[0x93]8[0x1b][0xdd][0x98]x[0x8e][0xa8][0xee]=[0x1e]G[0xa5]7@[0xb6][0x92]=[0x16]-Z[0xf4][0x91][0xa7]/[0xff][0xe9][0xbf][0xf3][0xea][0xbd]{[0xfe][0x8f][0xae][0x2][0xef]ki [0xec]r[0xf1][0x12][0x1d]g[0xb9]c[0xef][0xd3]8q[0xdd][0xac][0x12]<[0xda][0x9d][0xc5][0xfb]3][0xfd]xd[0x83][0xa7]OA[0xc][0xe5][0xb5]mu[0xa0][0x89]d[0xb2]W[0xf1][0xed]^[0x1c][0x9b][0xa4][0xa7][0x93].[0xe5]|[0xf8][0xf4][0x17][0x1a][0x1b]6N[0x14])[0xb0]Q[0xe0][0x99][0x86][0xda][0xf1]C[0x8c]g[0xe1]1e[0x93][0x99][0x9]Y[0x9f][0x91][0xbf]b[0xfc][0xee]v[0xea]o[0xa3]<Jf[0x1b]Q[0xfd][0xc5][0xe7]]qj[0xe]\[0x9e][0x11][0xca]#[0x1f][0x9b][0xac][0x9]t[0xe4][0xd5][0xf1][0x1a][0x9d][0x9b][0x84][0x8f]e[0x91]-Z[0xb4][0xe8]#K[0xf][0xff][0xb5][0xbf][0xfb][0xc2][0xc5][0xb7]7[0xaf][0x1f][0x1f][0xd4]~#[0x15][0xa9]%Wcf$[0xc2][0xb8][0x19]q/[0xd9][0x84]k[0xe2]M[0xb3][0x18][0xcf]Ul[0x7][0xa2]>[0xda]v[0xf1][0xac][0xa9]bQ[0xe5]b3[0xd8]E[0xa1]I[0x18]][0xaf][0x0]!@[0xd0][0xeb][0xd4][\r][0x82][0xd5][0xf9][0xe][0x8d][0xa1][0xd5][0x8e][0xe5][0xaa][0x1b][0x85][0xfa][0xd9][0xed]X[0xa0][0xe8]p[0xfb][0xa5][0xb5]#16[0xab]8[0x95][0xb6][0x93][0xf7]I[0x9d]Rl[0x5][0xcc]2[0xf7][0xbf][0xf9]([0xb1]F[0xf9]w[0xc6][0x19];u[0xbf][0xc1][0xfd][0xd4][0xc7]&'[0x13]sL.[0xbb]6q[0x8d][0xc1]=yt[0xbd][0xfe]K[0xb8]k[0x1][0xd9][0xa2]E[0x8b]>rt[0xb8][0x11][0x9f][0xf1][0xd7][0xaf]q[0x95][0xaf]Y[0x87]t[0x82]a[0xa8]J$p[0xdb]`[0xd9][0x8]P[0xb5][0xab][0xb]q[0x98][0x9b][0x17]DZ[\n]"
05:56:02.398 [main] DEBUG org.apache.http.wire -  >> "[0xd5][0x8b]#[0x9b]<[0xc4][0xdc][0x80][0xc7]K[0x1]'[0xef])Pa[0x2]#[0xbc]~^[0x87][0xf2][0x92]|[0x4][0xa4][0xd4][0xf0][0xe8][0xfd]aLT[0xac]=oU.6d[0x87][0xb4][0xb7]K[0xf6]>[0x11][0x91]&'}[0x9b]U[0xf5][0x4][0xbe][0xbc][0xe4]<[0x11][0xa9][0xfa][0xcd]O[0xd3][0xfd]m` [0x99][0xd1]|[0xac][0xfd]c[0xa8]/2([0x16][0xfa]|u[0x8e]]G[0xc][0xae][0x1a][0x8d][0xfb][0xbb]y[0x85][0x93][0x1]_mn[0x9a][0x8b][0xd8][0xfe][0x84]- [[0xb4]h[0xd1]G[0x91][0x8e]l[0xc4][0xcf]~[0xf6][0xb1]_[0xec][0x95][0xd8][0xe2][0xbe]f[0xe0]9[0xe2]K[0xc4][0x95][0x6][0xb1][0xa6]v~[0xc1]uW[0x6]U[0x85]e*[0xba]t[0x14][0xbc]y[0xdf][0xcf][\r][0xd4][0xbd]+[0xd9][0xc5]D[0x9]F[0x9f] o[0xf3]r[0x99]:3Ne]f[|[0xc6][0xe3][0xb0][0x1a][0xe3][0xb8][0xcd]+nl[0xb7][0x93][[0x93][0xdd][0xa3]![0x99][0x8d]%@[0xb0]-[0x92][0x8c][0xc1][0xfa][0xf1][0x8b][0x8b]#[0xb0]@[0xda][0x18][0xb7][0xaa]g[0x9c][0xfd][0x1][0xcc]!r[0xd5]6[0xa3][0x0]l[0xa7][0xf6][0x17][0xb0][0xb9][0xb9][0xa4]>2[0xe5]>[0x1f][0xde][\n]"
05:56:02.398 [main] DEBUG org.apache.http.wire -  >> "[0xc5][0xda][0xca]s[0xb6][0xa5],a[0x8c][0xd3][0x17][0xb4][0xdb][0xb][0xc8][0x16]-Z[0xf4][0x91][0xa0][0x87][0xff][0xcb][0xbf][0xf3][0xe8][0x12][0x97]7[0xae]R[0xec][0xc1][0x91][0x8d][0x8])O[0xac]:[0xb9][0xd4][0xbc][0x81][0xa9][0xbe]"[0x3][0xbc]~[0x86][0xa1]2`[0xa2]L[0x8][0xca]Y+d[0xf1][0x92][0xb0]u&[0x93][0x9][0xc6][0xc4])[0x81]#[0x8c][0x19][0x13]Za[0xff](GZ[0xd5][0x6]d[0xf4][0x84]I[0x11][0xea][0x9e][0xe3][0x7][0xa7][0xe0]7[0xeb]'[0x86][0xb][0x12][0x80][0xab][0x88]\[0x1d]q[0x1][0xc6],[0xc])[0xef][0x89]5[0x9b][0x1][0xf2]$[0xe6][0xa5][0xf1],[0xef][0xc4][0x93]r[0x15]2c[0x11][0x16] [0xac][0xc6][0xe2][0xa5][0xa3][0xd3][0x83][0xcf][0xc7][0xb3][0x6][0x7][0xe9][0xb6][0xcd][0xa8][0xde]p7[0xc2][0xb0]l[0x1e]B[0xff][0x18])[0xf8]w[0xa3][0xfa][0xa2]E[0x8b][0x16]=%[0xf4][0xe5]?[0xfd]w[0xbf][0x1a][0x17][0xdb][0xb3][0x11][0x1f]9[0xe3]RHl[0x13][0xf3]Bb\[0xa4]H![0xea][0xea][0xb2][0xb][0xd3]M[0xcf]- C[0xdc]g#;1[0xa9][0xac][0x1a]kTi![0xec]vr3Rp[0xeb][0xb]+[0xdb][0xe5]v9e[0x4]v[0xf9]1[0xd0][0x8b][0xae]9;%q[0x9c]R[0xdc][0xd1][0xe6]J[0xb9][0xf][0x80]H[0xf7][0x85];[0xce][0x80][0x9e][0xb3]N[0x3][0x80][0x99]x<[\r].[0xbd][0x1b][0x96][0x1a][0xef][0xe9]}a[0xdc]3f[0xe2][0xa6]eP[0xae][0xf7][0x81][0xe5][0xe5][0x10][0x17][0xa5][0x1c][0xff]u[0xce][0x92][0xb4][0xb1][0x9][0xcf][0xf5][0xc7][0xdf][0xfb]T<[0x8f]W[0xba],[0x8b]l[0xd1][0xa2]EO%[0x1d]'[0xd4][0xfe][0xc7]^[0x8d]'[0xdb]+[0x90][0xd8]ti]\[0x84][0xa4][0x89]+[0xeb][0x14][0xeb]r5[0x86][0xda][0xe5][0x97]@2[0xaa]c[0xaa]w[0xfb]'/[0xc3]Z[0x8b][0x10]C[0xa8][0x8c][0x91][0xdc][0xf8][A[0xa2][0x1]b&[0x0][0xab]_[0x8d]{[0xbd][0xe8][0xbb][0x8b][0xf4][0xa5]5[0x10]4[0x1][0xa7][0xdb][0xb8][0xb3][0xd9][0xea][0xc6]=[0xd7][0xd7][0xca][0xb0][0xd1][0xb2]'[0xce]LN[0xd5]@f[0xbb]Y'[0x87][0xd4][0x1b][0x0]*$[0x17][0xbd][0xdf],hX[0x19][0xf8]}[0xc9][0xc6][0xd0][\r][0xd8][0xe5][0xbb][0xb6][0xdb]8[0x1e][0xaa]4[0xb4];[0xb1]~[0xa3]ez[0x1e]'4[0xd6]X[0xf1][0xfe]\[0xbe][0xc4][0xf3]3[0xdf]y[0xf6][0xf3][0xd7]?[0x7][0x90][0xad][0xf4][0xfb]E[0x8b][0x16]=u[0xf4][0xe5][0xff][0xd5][0xfc][0xea][0xe7][0xfe][0xc8][0x8f][0xfd][0xce][0xd5][0xc2]x%[0x4]s[0x1c][0xc9][0xe][0x1b]R[0xe0];};cd[0x13]x*][0xde][0xf0]{[0xc6]u[0xc6][0xd1][0xf5][0xc]f[0xa9]K[0xb][0xa7][0xc1][0xf7]~-b[0x89]wL-[0x1a]<\[0xed][0x96][0xc8]xS[0xc5][0xdd][0xc2]\lA#`[0xe0][0x8c]B"
05:56:02.399 [main] DEBUG org.apache.http.wire -  >> "[0xec]#6[0xdc][0xe0]([0xae]$7[0xc5]?[0xea][0x81][0xf0][0xb7][0xf2][0x8f][0x9a][0xec][0x1c][0x98][0xe5][0x18][0xea][0xb0]v[0x13][0x1e][0xde][0xbf]K[0x19]y[0x9d][0xb9][0xdf][0xad]/[0xb][0xd6]%a[0xc5]*[0xf1][0x3][0xd6][0x1c][0xcf]W[0xb4][0xb1]W[0x9c][0xc0][0x85],[0xfa][0xc1]kW[0xdc][0xcd][0xf7][0xa1][0x5][0xc6]/[0x8f][0x17][0x11][0xeb][0x16]a[0xb2][0xc][0xdc]q[0xfb]C[0xcf][0x84][0xb0][0xef]}[0xf7]O[0xa0][0xe8]e[0x91]-Z[0xb4][0xe8][0xa9][0xa1]=[0xe][0xe6][0x97]{o\%[0xd6][0x3][0xa0][0x94]W:A[0x4][0x80]es[0x8d][0xd9][0x10]"[0x4][0xed][0x1a][0x98][0xca]d@[0xd2][0x9f][0x9f]=e[0xaa][0xed][0xef]a[0xa2][0xf4][0xba]y[0xbd][0xd6][0xa5]s9`N[0x10][0xf7]X[0x0]c[[0xc6][0xfa][0x3][0xf5][0xb3][0xce][0xf6][0xe4][0xe5][0xbd][0xfd][0x94][0xc0]TY4Q[0x11][0xad][0xce][0x89][0x97][0xf2];I[0xa3]\[0xde][0xf][0x97][0x13][0x8f][0x16][0x96]1[0x1c]'[0xed]OpM^[0xc2][0xcd][0x97][0x10]X1[0xaf][0xb4][0x14][0xc7]f[0xef][0xc2]nc[0x99][0xcc]b[0xb1]v_V[0xbd][0xde].Ixg[0xfd]f[0xab][0x83]0[0xd1][0x1][0xda][0xbd][0x89][0x1c][0xed][0xe4][0x1][0xfb][0xd1]u[0x1b][0x12]8[0xdd][0xee]][0xbe][0x80][0x12][0x17][0x90]-Z[0xb4][0xe8]C[0xa7][0x3][0xc0][0xee]=[0xf3][0xea]U[0x92]>[0xd2][0x18][0x11][0xa9][0x13][0x8],e[0xbc][0xdd]qv"[0xd2][0xd4][0x5][0x14][0x8e]G[0x98][0xc9][\r][0xf1][0xeb][0x8d]?Yf[0xd0][0xad]f[0xf0][0xa9][0x99][0xa6][0xc8];[0xab]p[0xba][0x2]%[0x13]D[0xcc][0xad]nM[0x14]$[0x16],[0x9][0xe4]y[0xd5]ih[0x1e][0xc1][0xe]yy[0x7][0x10]^[0xad][0xa6]mS4[0x81][0xa0]/[0xd7][0xdc][0xd6][0x6]N[0xe5]r[0x14][0x9e]Gs[0x8f]m[0x14][0x8b][0x8e].[0xbc]P[0x83]/+h[0x9b][0xb4]@[0xd8][0xf9]j[0x95][0xae][0xb][0xc9] tM[0x86][0x95][0x95][0x86][0xae][0x3][0xa2]%[0x9][0xa4][0xcc]YG[0xa3][0x9c][0xbd]A[0x1c][0xaf]x[0x4][0x93][0x12][0x9]3[0xce]|[0x9a][0xf1][0x86][0x9d]k[0x9c]1x[0xc2][0xc7][0x2][0xb2]E[0x8b][0x16]}h[0xf4][0xf0][0xe5][0xbf][0xf3][0xe0][0x12][0xcf][0xbe]z[0x15][0x82]/[0xb9][0xf8][0x10]+[0xfb][0x1d]([0xb2]'1@[0xe][0x97][0xfe][0xde] [0x16]p|[\r][0xa9][0x1c][0xc3]M[0xe8][0xe5][0xee][0xdb]c)[0xdb][0xc6]<s?[0x99]E[0xe2]K3X[0x1d]i[0xc2][0xdc]d1NK[0xac][0x1a][0x1a][0xe2][0xf6]k#H[0xbe][0x11][0xd3][0x4][0xf5][\n]"
05:56:02.399 [main] DEBUG org.apache.http.wire -  >> "[0x5]\,2[0xa4][0xe3][0xa7][0x97][0xd1]5[0x7][0x2]Y[0xf5][0x8d]\[0x82]M[0x6]P[0xb5]z[0x9e][0xc][0xeb]x[0xa2]A[0x11][0xa8][0xb6][\n]"
05:56:02.399 [main] DEBUG org.apache.http.wire -  >> "[0xec][0xd5];[0xd1][0x98]DB[0xcb]M][0x94][0xc4]\[0xe7][0x86]4I[0xf8][0xd8][0xca]3[0xe9][0x17][0xf6][0x85][0x0]I[0xf3][0x8c][0x9b][0xd6][0xab][0x18][0xe2]$-[0xcd][0xe2]U'[0x87]p$[0xd9][0xd6][0xfd][0xf7][0xfb][0xe8][0xf5][0x2][0xb2]E[0x8b][0x16]}[0xe0][0xf4][0xe0][0xe5]7[0xee]v[0xfb][0xf1][0xc7]WTy|[0x95]N[0xcf]{+[0xea][0xd1]..[0xc3][0xeb][0x87]O[0xf1]+C[0x12]{[0xb];Z[0x5][0xed]v[0xcb]{g[0xf2][0x87][0x1a]S[0xe3]y&[0xc8]Y[0x3]J[0xc9]i[0xb1]z[0x4]0O[0xd6][0xa0][0x1][\n]"
05:56:02.399 [main] DEBUG org.apache.http.wire -  >> "[0x98]Dq[0xb4]/-[0xaa][0x2][0xbc][0xe8]|[0x83]uE[0xe3][0xcf][0xe1]&[0xb4]~[0x95][0x89][0x97][0xd8][0x1f][0xa8][0xd7][0xe]:w~M[0xe0][0x7][0x1a]A[0xfa][0x8b]"p[0xe2][0x82][0xe][0xdb][\n]"
05:56:02.399 [main] DEBUG org.apache.http.wire -  >> "[0x87]!:[0xac]w[0x6][0xdc][0x85][0xe0]}[0x82][0x19][0x13]@[0xda]:[0xce]a[0x80][0x1][0xe9][0xb3][0xb9][0xed])[0x85][0xbb]PYWo[0xe]p[0x13][0xb3]L[0xdb]3[0x12]x[0x8a]3.)[0xf8][0xb][0xc8][0x16]-Z[0xf4][0x81][0xd1][0x1]`[0xf6][0xe3][0x8f][0xaf][0x82][0xe8][0x95][0xcd][0xb6]=[0xeb][0xc][0xe9][\n]"
05:56:02.399 [main] DEBUG org.apache.http.wire -  >> "[0x95][0xf7][0xc0]c[0x94][0x8e][0x8b].[0xd9][0x85][0x1d]{1[0x9c]<[0x1][0xc9]g&[0x99]q[0xfb]C[0xdb]~`p[0xdb]Ya[0xd6][0x87][0xd1][0xa6][0x85][0x10]-4[0xab][0xa2][0xad][0x9c]Wfm[0x91][0x95]C[0x8c][0x96]A~[0x84][0xff]K][0x95][0xf8][0xa7]cn;u[0x9a][0xbd][0xab]g[0xaf][0x0]K[0xb2]@[0xc4][0x1d]Z.IC[0xf6][0xb9]s[0xcf]A[/[0x95]UH[0xd3][\n]"
05:56:02.399 [main] DEBUG org.apache.http.wire -  >> "[0xc0][[0xfa][0x0][0xec]5[0x9f]}[0x90][0x8d][0xcd][0x13]H[0xf8][0x9c][0xb5][0x99][0xe9]w[0xfd]&[0x96]b'[0x85][0xd0][0x83][0x1b]j|[0x92][0xf7][0xc8]Z4[0xd3][\r][0xe0][0x1c][0xe7][0xd8][0xdf][0xd9][0xb6]1[0x83][0x11][0x10][0xd6][0xc7]i[0xb9][0x8c]S[\r][0xb][0xd2][0x1c][0x9f][0xd7]6.Z[0xb4]h[0xd1][0xfb]N_~[0xf9][0xef][0xbe][0x1c]qy[0xf5]*[0x99][0x1e][0xa4][0xab][0xd0][0x8d][0xa8]T[0xb6][0x87][0xe9][0x9e][0xa1][0xb2]2[0xf8][0xdd][0x86][0x5]ef[0x9d][0xb2][0x9e][0x14]7[0x6][0x5][0x85]^[0xa7]z[0xc3][0xc8]j[0xb7]U[0xb][0xd1][0xf1]\[0xbe][0x14][0x13][0xaf][0x16]1[0xa7]-[0xd8][0x9f][0xe5][0x1]@[0xc6]m;o[0xde]g6[0xad]0[0xba][0xd4]l$q[0xb0]C[0xe8][0xbe][0xfe]V%[0xf5][0xbd][\n]"
05:56:02.399 [main] DEBUG org.apache.http.wire -  >> " ,[0xb3][0xcc]2;[[0xa9][0xd1][0xe0][0xc4][0x93][0xf2][0xd1][0x80][0xe1][0xf3],[0x1b][0xf3][0xc4][0x9b][0xf6]cv[\n]"
05:56:02.400 [main] DEBUG org.apache.http.wire -  >> "}[0x18][0xf3]<[0xe1]R[0xe4][0xf9][0x88]F@[0x8e][0xc3][0xf5][0xa8]{[0xce][0xc8]+[0x82][0xae][0xd9][0xdd]u5[0xf][0x92]O[0xdb][0xd1][0xee]g?[0x15][0xcf][0xff][0xc6][0xdb]?[0xff][0xed]e[0x91]-Z[0xb4][0xe8]}[0xa5][0x87][0xe6][0xef][0xbd]p[0x95]`[0xaf]]?>j[0x89][0x9b][0x8a][0xbf][0xe8][0xda]A[0xa3][0xa2][0xfc]~[0xe5][0xd3][0xaa][0xec][0xc1][0xca]P[0xdc][0xcf]N[0xac]=X[0xcc][0xe1][0x8][0xeb]P[0xd0]][0x82][0xd7][0xc5]5[0x15]u~[0xa2][0xdc][0xe3][0xc6]j[0xc5]b[0x18]B=[0x9b][0x9][0xcf]Xg?T[0xcb][0xd3]3[0x87][0xad]U[0xfd]@J][0xec]Y[0xe3]QL[0x0][0xf][0x8d][0xb3]U:[0x1e][0xe2]Rh[0xc3][0xfe][0x13][0xac][0x95][0x6][0x1f][0xbb][0xd9]L}[0x3]D[0xd0][0x11]hyy[0xb4][0x85][0xd6][0xe5]w[0x9f][0xfd]d[0xd4]L[0x10][0xb][0x9e][0xe4]q[0xde][0x3][0x6][0x3]T[0xac][0xdb][0xbe][0x90][0xfc][0xbe][0xa4][0xb5];[0xdc][0xc5]m[0xf8][0xc1][0x95][0x1c][0x1a][0xc][0xbc]K[0xb9]0Zl[0x9d][0xf0][0xf1]{[0xbf][0x17][0xf][0xae][0x1f]~c[0x1][0xd9][0xa2]E[0x8b][0xde][0x17]z[0xf8][0xf2][0xfc][0xc8][0xfd][0xde][0xab]W[0xa9][0xf4][0x82][0xc4]> 8)[0xfc]$fE[0x90]@rG[0xda]4"D[0xf7][0xb][0xf5]"HuCv[0x2]AR[0x9]F[0xf3][0xd2][0xdc][0xd5]f[0xd9]B[0x2]`[0x8d][0xa2][0x16][0xe6][0xc3]%[0xd6]W[0x10]<+[0x9b][0x8b]{[0xa5][0x12]t[0x90][0x10][0xd2][0x2]:Kt5[0xf8][0x9c]m[0xe4]A[0xbe]#[0xf][0xa3][0xea]*[0xd3][0xd7][0xe9][0xd8][0x1f]V[0xe5]8||[0x7][0xbe]w[0xf6]I[0xef][0xdc][0xaa]k[0xf0][0xcb][0x1][0xac]`[\r][0x99][\r]crg([0xad][0xd5][0xd6],2=[0xc6]`e[0x9][0xd8][0xd4][0xe6]i[0xa3][0xc5][0xd7]=[0xe][0xb5]H[0xcd]Z!@[0x86][0x8]j[0xf4][0xe8]X[0x9a][0x18][0xb9][0xe5]R[0xcd][0xda]C][0xba]5qr[0xdc]Y[0x88]?[0xf3][0x8c]=[0xb0][0x5]d[0x8b][0x16]-z[0xaf][0xe9]+[0xff][0xfa][0xdf][0xfb][0xc9][0xab][0xc][0xfe][0xb7][0xaf][0xd6][0xd3]#f0X[0x88][0xea][0xee]%[0xc8][0xdc]p[0xea]|J[0xf1][0x90][0x94][0xeb][0x16]`Fa[0xe6][0xed][0xdc][0xcb][0xa2][0x8e][0x98][0x1a][0x94]{[0xb8][0xca][0x82][0xf9][0x14]R[0x2]%[0xfe]~[0xf3][0xd6][0xf2][0x91] [0x89]*[0xda][0xb4]C<(/[0xb7][0x81][0xa0][0x0][0xc4][0x18][0x1e]P/[0x85]<#Sg[0xd7]`[0xdb],}N[0xa1]X[0x18][0xde][0xc9][0x1b][0xd5][0x89][0xb1][0x7][0xeb][0xb4][0xcf][0xac][0xdd][0x91][0xf5]5[0xa6][0xb5]C$[0xe6]}6[0xed]8[0xb8][0xfb][0xfa][0xf1][0xe2]2v[0x1f][0xd7][0xfd]b,[0xa9][0xc9][0x9][0xf6]V[0xb6]"[0x9e][0xf3][0xc1][0xa3]a[0xa5]Y[0xb5][0x8e]`=-[0xe0][0xb2][0xc2][0xaa][0x90][0x1c][0xc8][0xdc]R[0xe1][0xcd][0xa1][0xf1][0x8a][0x9b][0xeb][0xf7]#sq[0x1][0xd9][0xa2]E[0x8b][0xde][0x13]:R[0xe9][0xef]=[0xf7][0xea][0xb6][0xd9]Kf[0xfd][0x1e][0xae][0xe3][0xc7][0x90]X[0x88][0xb5][0xab][0xca]J[0xa8]i[0xb2]C[0xe7][0x93][0xf3]t'[0x8][0xbb][0x14][0x9b][0xad][0xda][0xe7]M[!![0x8e]\[0xb2]*[0xb5][0x8e]2rcv^[0xba]+[0xdb][0xf1][0x7]y[0xdd]v[0xd4][0x0][0x16]%`[0x1][0x93]&[0x8c]`[0xc4][0xfa]J[0xec][0xd3][0x1a][0xdb][0xf8]P[0xb7][0xb7][0x0][0x6].[0xb9]K[0xb6][0xbf]-FCN[0x86]XYeK[0x12]t[0xda][0x5]g[0xde][0x1b][0x90][0x81][0xd4][0xe5][0x82][0x94][0xfe][0xc0]bC-L[0xc0] V[0x98][0x1][0xac][0xd9][3wI[0xec][0x8][0xe]#[0xcb]+[0xae][0xb4]U[0xdb][0xb1][0xc0][0x90]8[0xe0]p[0x17][0xe][0xcb],[0xef][0x85][[0x17][0xae]Tw1[0xdd][0x8c][0xe3]n[0x97][0xda][0xd3]F[0xef][0xe8][0xc1][0xe2][0xdc][0x14][0xbd][0x80]l[0xd1][0xa2]E?[0x12][0xed][0x99][0x88][0x9f][0xbb][0xdc]u[0xb3][0xed][0x15][0x89]Z[0x5][0xc0][0xc]~[0xc3][0x14][0x9c][0x5]Xn[0x12]w))K#&[0xd4]M[0x15][0xef]\s[0xf8]([0x83]w[0x7][0x8c]*$" [0xf1][0xcf][[0x90][0xe6][0x1f][0xc4][0xaf]Zt[\n]"
05:56:02.406 [main] DEBUG org.apache.http.wire -  >> "[0x88][0x8d]8T[0x83][0xd4][0x4]R[0x96][0x9]O[0x9e]uf[0xa3][0xa3]H[0x88]z[0xec][0xbc]r[0x2]iP[0x92]we*[0xe0]M[0xd9][0x87]:[0x95]Y>[0xec],[0xba]k[0xcd][0xe0][0x1a][0x8c][0x19][0xd3][0xea][0xde][0xd0][0x94][0x15][0xdb][0xb][0xe5][0x6][0xfb]V[0xe3][0x17][0xec]k[0xd6][0x9]E[0xa3][0xd8]^[0x3]m[0x2][0xc8][0xd6][0x8a][0x8][0xe1][0xd8][0xe1][0x8][0xd6][0x9a][0x94][0xdf][0x8c][0x85]6[0xa0][0xa2][0x9b]Ug $[0x99][0x83]q[0xd9][0x8e][0xcc][0xc5][0x5]d[0x8b][0x16]-[0xfa][0xa1][0xe8][0xc1][0xcb][0xbf]|[0xff][0xb3][0x17];R[0xe9][0xaf][0xf2][0xe7][0xfe]t[0xe8]m[0x85]V&o[0xf7]5[0xd7][0xf3][0xf4][\n]"
05:56:02.406 [main] DEBUG org.apache.http.wire -  >> "[0xe3]([0xb8][0x98]H[0x90][0xe2][0xbb][0x8c][0x2]h[0xf8][0x92][0xb5]gmA[0xf1]oz+[0x87][0xb0]>]k!.B[0x9d][0xf0]Q[0xd2][0xb1][\r]+[0x15][0xca][0xce]{[0x9c][0xe0][0x99]~[0xd1][0xbc]n<[0x8f])[0xa6]K[0x13][0xb1]4I[0x92][0x8]\[0x1e]"[0xdd][0xe8][0xfe]3-[0xe4]`[0xa0][0x8b]e4-?[0xdc][0x1d][0xb4][0xb5][0xda][0x2]C9[0xc1][0x1d][0x5]1[0xf8][0x82]j4[0x13][0xb0][0x80][0xb6][0x1][0xb6][0x9][0x88]r[0x14][0xb7]y[0xb7]Y[0xc6][0xd0][0xda][0xfa][0xb2]}Ct [0xf0]' H[0xeb]L[0xf2][0xf6][0xad][0x15][0x8][0xd7][0xed][0xb]Q[0xff][0x85]s[0xbe][0xc0]b[0x93]:[0xf7]-[0x1c][0xb][0xc8][0x16]-Z[0xf4][0x83][0xd1][0xb1][0x17][0xec]r[0xdf][0xc8][0xfc][0xca]U[0x90][0xdc][0xdf][0xa2]m[0xe][0x3][0x1e]X[0xab][0xf9]q[0xb2][0xa9][0x8]\[0xa6][0xb1][0x11]s[0xcd][0x9b][0x3]b[0x95][0xc1]"[0x9b][0x95]xG[0x9]wX_[\n]"
05:56:02.406 [main] DEBUG org.apache.http.wire -  >> "o[0xd5][0x94][0xa8][0xf3][0x4][0xb]2[0xe8]}[0xbb][0x94]\[0xec][0x97]d[0xb9][0x4][0xe5]xo[0x83][0xa2]Z[\n]"
05:56:02.406 [main] DEBUG org.apache.http.wire -  >> "[0x8c][0xa1]u[0xe2]C[0xb6][0x87]'[01[0xc2][0xac]S[0xec]mi[0xa4][0xbe][0xba]D[0x93][0xf4]:[0xb4][0xc4][0xce][0xd9][0x4][0xc5][0xd1]u[0x96]kl>[\n]"
05:56:02.406 [main] DEBUG org.apache.http.wire -  >> "[0x8c][0x81][0xbf][0x5]P[0xb4]Ru/[0x99])[0x18]u![0x0][0x98][0xbd][0xfc]-[0xb3]k[0x0]D9^[0xc1]}x[0x16][0xad]=1[0xbf][0x13]=L[0xb2]6[0x8d]c[0xad][0x96]x[0xe][0xb2][0xc6][0xd3][0xc][0xfa]A[0xd5][0xef][0xd3]z#[0xf0]E,[0x8b]l[0xd1][0xa2]E[0xef][0x9e][0xe][0x0]{[0xe6][\n]"
05:56:02.406 [main] DEBUG org.apache.http.wire -  >> "`[0xb1][0x3]X[0xdc]G[0x16][0x2][0xe3]^[0x1b][0x0]g[0xf8][0x93][0xac]@[0x7][0x9a]v[0xbb][0x17]a[0x5]iFb[0xde][0x84][0xcc][0xfb]8[0xbf][0xa9]9,[0xd4][\n]"
05:56:02.406 [main] DEBUG org.apache.http.wire -  >> "KJ[0x3].[0xce][0xed][0x95][0xc3]m[0x9]Jn[0xe6][0xed]*[0x93]-[0xc4][0xd7][0xcf][0xb2])[0xd7][0xda][0xc2]([0xbc]-[0xc][0xa8]$[0xc][0x87][0x8b][0xb][0xd5];[0xdc][0xa6][0xf4][0x91][0x9e],>;[0xce][0x6]D[0xda][0xbd][0xf4][0xb1]L[0xe][0x96][0x84][0xdb][\r]F[0xad][0x0][0x8f][0xd3][0x94][0x8b][0x10],[0xca]. [0xbe]4[0xf0][0xb9][0xad][0xac]n[0xd3][0xb4][0xc0]zl$[0xae][0x96]7I[0x2][0xc6][0xb4][0xa0][0xd2]c[0x99]J[0x8b][0xd1]b.[0xf5][0xa5][0xf9][0x17].[0x15][0x95]u)[0xda][0x6][0x18],[0x9d][0x1e][0x16][0xf5][0xbe]Mb[0x8b][0xe8]0ax+'^[0xca][0x85][0xd9][0xb2][0xc8][0x16]-Z[0xf4][0x87][0xd3][0xe1]B|[0xc6][0x1e]_?[0xee][0xff][0xbe][0xdc][0x83][0x9d];[0xc7][0xb8]W[0xfb][0xcb][0x0];[0x8][0xff]0[0x1b]q[0xff][0xbd][0x84][0xa7][0xb7][0xc7][0xce] [0xef]:s[0xe][0xb4][0x89]U[0x4][0xc9]+[0x8d][0xab]gqZ[0xfd]][0xe4]gS[0xad][0x1e]iK%A[0xa1][0x90][0xa0]b5@[0x2][0xba][0xfc][0xf2][0xb0][0xa8][0x8d]I[0x9]a[0x12][0x4]Ky[0xde]2;f[0x3][0xad][0xac]4[0x83][0xa9]d[0x9d][0xf9][0xd8][0x6][0x94]Xo[0x9]A[0xb7]`$[0xa0][0x96]mO0[0xb1][0x18][0xb5][0x89][0x9][0xc6]j[0xb9][0xe7]`[0xe4][0x8a][0xcc][\r][0xe5][0xbd][0xe7][0x8c][0x19]'[0xce][0xe4][0xc1][0x6];[0x8c]C[0xe9][0x0][0xb0][0xd4][0xac]x[0xe0][0x86][0xcf][0xe9]\[0x16][0xcb]l[0x98][0x90][0xe4][0x6][0xeb]l[0x85]e[0xa7]-[0xc4]l-[0x8e]9[0xb2]/[qy[0xb0][0xff][0xb3][0x80]l[0xd1][0xa2]Ew[0xd2][0x1]`[0xcf]][0xf6][0xf3][0x10]_[0xb9]J[0x90][0xfb][0xe9]63[0x91][0xbc][0xa6]{[0x9a]L,[0x86]@r!s0B\F[0xa1][0xae][0xac][0x96]m[0x14][0x88]a[0xc3]'[0x9]Ag~k[0xb9][0xe4][0xc3][0x5]F%[0xfd]M[0xb4][0xfa][0xbc]'1[0xf2][0xc6]=[0x9]p[0xbd][0xfa][0x1a][0xb1][0x1f][0xac][0x8a][0x11][0xd9][0xee]f[0xd1]VF[0xfb][0xd3][0x84][0xda]4[0xec]>[0xc1][0xbc][0xa4][0xf7][\r][0xb1][0xbf][0xb][0x8e][0xc0]HW [0xd9][0x1]P[0xc9][0xfb]B[0xe1][0xdc][0xc1][0x8a]Qu[0xb8][0xee][0x15][0x18]MN[0x97]gngpX[0x8a]2l[0xdd]V<[0xac]'nH[0xb7][0xd4]z[0xaa][0xb1][0xda]k[0xad]w[0x87][0xd1]"[0x13][0xde]u[0xbc][0xb3][0x1][0xec]p [0xce][0x3][0x89]U[0xb9]i[0xde][0x9][0xd6][0x13][0xf6][0x1a][0xb4]4[0xaa]x[0xea][0xc3][0x2][0xb2]E[0x8b][0x16]M[0x2][0x80]][0xc5][0xca]+[l[0xf7])[0xa7]!e[0xfd][0x4][0x14][0xcc][0xfc][0xe]9[0xec][0xb7]$[0xaf][0x97][0xdb][0xc9]n[0x93]0`[\r][0xb9][0xbc][0x89]Y[0xf6][0x95][0xa1]>[0xd4][0x2]@[0xa4][0xa5][0xd1][0xe7]%Z[0x1f]hQ[0xae]5[0xd6][0xe7][0xed][0x9b][0xeb][0x4][0x1][0x1b][0xc9][0x6][0xf3]$[\r][0xfd]l[0x8d][0x1]L6[0xa9]:[0x1b][0xb3][0x5][0xbc]|[0xf2]G[0x4]o[0x3]D[0xf9][0xe1][0x94][0x89]L[0x4][0x81][0xd7][0xd5][0xad][0x13]%[0x8e][0xd6][0x14]^[0xb7]]RJB+[0x7][\n]"
05:56:02.407 [main] DEBUG org.apache.http.wire -  >> "[0xee][0x1d][0xb7]3[0xe6][0xd6][[0xf9][0xe6][0x94][0x87][0xb8][0xa7][0x6][0xad][0xe0][0xd2]Y[0x1e][0xe2][0x82]=vn[0xd6][0xae][0xda][0xb0][0xc2][0xcb]jT[0x99]J[0x1c]f[0xfc]f[0x8][0x17]Z[0xd3][0xb0][0xd0][0x9b]3et[0x99][0xb5]9O#[0xb9]x[0x1e]F[0xa5][0xc7]z[0xee]- [[0xb4]h[0xd1]A[\r]`v[0x5][0xb0]=[0x6][0xd6][0xd8]E[0xa1][0x8d][0xd8][0x87]j[0xe2][0xd6][0xb1][0x13][0xe4]-8E[0xab][0xdb][0xf9][0xbd]a[0x9a][0x84]Qb[0xde]![0xb7]n[0xde]1[0x6][0xaa][0xe4][0x3][0xa7][0xbd]$8p[0xbc]h[0xb3][0x9a][0x13][0xe7][0xd3]%[0x90][0x1e]Np[0x89][0xb2]![0x9d][0x9f][0xe2][0x9c][0xdc]aT[0xfc]}[0x18]@F<AQm[0xa4][0xb1][0xdd]U[0xf][0x4][0xbe][0x8f][0xb6][0x9a][0x99]350z[0xdf][0x1c][0x11][0xcc][0xc5][0xad]I[0xa3][0xa4][0xec][0xdb]bkY[0x86][0xdd]L[0x1][0x13]@[0x10][0xda][0xe1][0xe0]-[0xac]f[0xfa]q[0x11]#[0x3][0xaf][0xe0][0xd6][0xc3][0xf5][0xb][0xdb][0xad][0x86]Sa[0x8c][0x8f][0xf3]#[0x9]J[0x1][0xfb][0x10]'[0xb1][0xb4][0xad]z[0xf4]uC[0xb7]j[0xe2][0x94][0xd2]r[0xb4]m[0xe3][0x9c](}[0xc0][0x9b][0xc7][0xe0][0x19];M [0xbd][0xd6][0xf3][0xc5][0xfd][0xd2][0x2][0xb2]E[0x8b]>[0xe1][0x94][0x0][0xf6][0xcc][0xe3]k[0x8c][0xe2][0x95][0xed][0x1a]<[0xf]ow`[0xb4]D[0xf7][0xb6]zn[0xb4]m3[0xf8][0x95][0xca][0xad]d[0x89]`U[0x8a][0xeb][0x86][0xa9]Ni[0x94][0x18]L[0xb][0xee][0x6]C[0x9][0x8][0x89][0x0][0xce][0xa8]O[0x99][%</%$[\r][0xee][0xa9]vs[0xb5]lW[0xbb][0xb2][0xcb][0xa7][0x5]v[0x97][0xdb][0x91][\r]Qi.vQ[0xf7]?*k[0xb1][0x5]7[0xdd][0xa7][0xb0][0xcb]b[0xba][0xd1][0x12][0xa0].[0xf5][0xc0][0xd6][0xb1]%[0x0]*[0xb6]M[0x11][0xe0][0xc1]UM[0xf4][0x10][0xc3]&[0x4][0xc0]` [0x9][0x88][0xc5][0x0]$3[\r][0x83][0x15]k[0xb3]t[0xf7][0x6][0xbc][0xe][0x81]U[0x1f][0x8d][0x86]pY[0xdf][0x95][0xb4]r[0xfc]z[0x2][0xb4]2[0xca][0xb8][0x17][0xad]\[0xb8][0x9c][0x1b][0xea]f4[0xb5]-[0x15][0xf7]y2V[0x9a]d1[0xc6][0xb5]{[0xb3][0x80]l[0xd1][0xa2]O(=x[0xe5][\n]"
05:56:02.408 [main] DEBUG org.apache.http.wire -  >> "`[0xbf][0xd9][0x13]8^[0xb9]Z5[0x9f][0x87]kG[0xe4][0x98][0xd9][0xb0][0xb8]Z[0xcc][0xbb][0x9d][0xe3]E[0xae][0x87]9[0xf8]9[0x1e]bj[0xdd][0x94][0xf5][0xd4][0x1b][0x99][0xcb][0xa7][0x16][0xf4]kiUp&9%. [0xb1][0xf][0x15][0xf6][0x1]wf[0x92]H[0x82][0xba]Q[0x9c][0x99][0x9e]9[0xd8][0xdd]p[0x81][0x1a][0xb8]%a~[0xa9]9`[0x4][0xbc][0xfd][0xca][0xc5][0x99][0xcc][0x2][0xb]U[0xdc]b[0xc1][0xfb]Y_[0x94][0xc4][0xf][0xd9]3[0x17][0xc8][0xe6][0x3][0xa0]3[0x93][0xb0][0xa1][0xaf]q[0xdc][0x90]f?[0x81][0xa9][0xc7][0x8e]T [0x4][0x80][0xeb]l[0xd1]j[0xf]<[0x82][0xf5].0[0xdd]Jp[0x0][0xd5][0xd6][0xe3][0x1b][0xa2][0xc][0xa0][0xbc][0xd2]S[0xdc]i9[0xaa][0xa5][0xde][0x80][0xa3][0xfc][0x91][0x81][0xea][0xfd][0x83][0xd6][0x19][0xfc][0xc1]>[0x96][0xe5])[0xab]/[0xe7][0x4]6d[0xef]Y7[0xee][0x8d]~[0xb][0xc8][0x16]-[0xfa][0xa4][0xd1][0xc3][0x9f][0xf9][0xe5][0x7][0x17][0xbb][0xf7][0xaa][0xfd]~[0xbc]x[0x15][\r][0x9f]7[0xeb]c[0x8e]`UQ[0xe1]U[0xd9]f[0xc3][0xa5][0x15][0x92][0xaa]n[0xf0]1[0x1e][0xbf][0x9d][0x92]9:[0xd4][0xa5]1[0x1a][0xcd][0x8a]K[0x1][0xeb]C[0x98]f[0x19]p![0xf1]"[0x8d][0xb4][0xb0]3[0x18][0xe9]+I[0xcc]hw[0x99][0xde][0x93][0xc5][0xe5][0x9][0xfa][0xf9][0x1e][0xac][0x18][0x16][0xdf]-[0xb7]n-5[0xc8][0xea][0xea]C[0x93][0xd3]i[0x6][0x96][0xe4][0x93][0x81]d[0xcb][0xa3]2[0x9f][0x8][0xe5][0xda]Vg[0xbc]1[0xf9][0xe2]c[0x83][0x0][0xdc][0x9b]Z_[0xed][0xf5]bF[0x84][0x9c]"b[0x92]/[0xf] ,[0x0]S[0x8b][0xb]0TcY [0xda][0xfd]u"[0xa1]6<[0x90]y[0x89]Qw[0x8e]O[0xa2][0x17][0xd4][0x92][0x8d]^[0xc0][0x8e][0xad]5P[0x99][0xf5][0xe9]/[0xb0]j[0x1][0xd8]&[0x9b][0xe1][0x87][0xdb]w/[0xf3][0x84][0xe2][0xb][0xc8][0x16]-[0xfa][0x84][0xd0][0xc3][0x9f][0xfd]O_[0xb8]:[0xe1]^[0xbe][0xca][0x88][0x97][0x2][0xe1][0x1b][0x8b]![0x1b]i[0x19][0xa5][0xa0][0x8][0xd3],B[0x1b][0x1e]6?][0xc3][0x86][0xe0][0xe3]R[0x82][0xcf]V15[0xfa][0xbe]$y[0xa0][0xe5],B?[0xc7]gF[0xf6][0xdb]8S[0xa1][0x87][0xfb]U[0x8a]1[0x3][0xe]U[0x9b][0xd9][0x9]y[0xcc][0xe4][0xb4]u[0xf8][0x5][0xdb][0xa5][0x15]m[0xb3][0x95][0xa5][0xb4]][0x1][0xe2][0xe2][0x9d][0x10][0x1][0x98][0xee][0xcc][0xcd][0x19][0x1f][0xb2]Pnt"[0xb][0x9a][0xdb][0xf8]4[0xe4][0xaf]%[0x8f][0x1a][[0xe0]B[0xc][0xc6][0xf2]&0[0xa3][0xbf][0x6][0xcb][0x14]n^[0xa8][0xe]#[0xc6][0xd8][0xb1][0xc7][0xe3][0x81][0xb][0x2]e4p[0x82].[0xcb][0xd2]T[0xca][0xd2][0xab][0x7][0xf0]W[0xdc][0x80][0xe4][0x86][0xf2][0xbf]-\[0x97]y!9![0x8c][0xc9][0x85][0x89][0x92][0xa3][0x9d]*[0x1f][0xb3][0xe8][0x6][0xa9][0x0][0x98]wnfH[0xa2][0xf]}[0xd0]qRX[0x16]-Z[0xf4][0xb1][0xa4][0xab][0x5][0xf6][0xe8]x[0x9d][0xca][0xfe]>[0xb0][0xad][0xdd]^[0xee]b[0xe1][0xc0][0xd5][0xb5][0x5]-[0x9e][0xb6]b[0xb2][0x1c][0x8][0x8b][0x90]$[\n]"
05:56:02.408 [main] DEBUG org.apache.http.wire -  >> "[0xca]rZU[0xbd]_[0x8a]I[0x8e]&1[0x9a]SRE[0x84]J[0xf7][0x18][0xd6][0x9c]U[0xb9]0[0xf8]F[0x12]G[0xb9][0x9f]h[0xc1][0xa0][0x89][0x12][0xdb]i[0xe1][0x16]7[0xee],[0xc2]q$[0xa6][0x19]-[0xaf][0xf1]<[0xcd][0xb8].[0xaa]?[0xa0]_[0xb8][0x8d]}K[0xf4][\r][0xa0][0xc5][0xb8][0x17][0xca][0x81]U[0xf2][\n]"
05:56:02.408 [main] DEBUG org.apache.http.wire -  >> "][0x90][0xc3][0x85]k[0xdd]F[0xbf][0xb5][0xfc][0xa4][0x9d]& [0x12]}[0xcd]"
05:56:02.409 [main] DEBUG org.apache.http.wire -  >> "[0xa8][0x87][0xd0]R"$[0x9f][0xca][0xa7][0xb5]g[0xb3]RG>[0xd9]VtY[0xce][0xa2]t[0xf4][0xfd][0x98]Ts\[0xda][0xbd]hV[0xae]][0xb8]s[0xa9][0x0]L[0x1e]J[0x99][0x9d]X2[0xc7][0x9]sb[0xf3]g[0x1e],[0x8b]l[0xd1][0xa2][0x8f])=[0xfc][0x99][0xff][0xfb][0x15][0xc0][0xec][0xd5][0xeb][0x8a][0x81][0x80][0xd4]a[0x18][0x90][0x8b]P[0x84]e[0x2]a[0xe5][0x0]#[0x10],[0xa4][0x18][0x1f][0xf8][0xab]|}[0x7][0x10]C[0xdc][0xa4][0x84][0x19][0xe4][0x9e][0xb7][0xe9]$[0xd2][0xf][0xc4][0xb5][0x4]Pu[0x89][0x95]Qf[0xc6]hc~[0x1]R3[0x93][0xae][0x84]{[0xc1][0xe3][0xe8][0xd9][0xa9][0xae][0xec][0xc5][0x1d] [0x96][0xd6]R[0x4][0xbc][0xb1][0xcc][0xc6]s[0xb8][0xef]"[0x6][0x8e][0x2][0xbc]$5_\[0xa3][0xee]v2[0x8c][0xd9][\r][0xb3][0xb6]f[0x9a][0xa1][0x16]}~c[0xf]A[0x87][0xa7][0xd4][0xd2]mvB[0xe1][0xe8]p[0x9d][0x9d]X[0xd6][0x1f][0xc8]6r[0xaa]|[0xa0]n[0xed][0x12]6[0xb8][0x8d][0xb7][0xca]64[0x2][0x93]*[0x19]h.*[0xeb][0xd8][0x98]*-[0xd3][0xb2][0xe2]\q$[0x8][0xb5][0xd5].[0x85]P[0xc9]Z@[0xb6]h[0xd1][0xc7][0x8c][0xbe][0xfc]3[0xff][0xe9][0xcb][0xd7][0xa5][0xff][0xd2][0xf5][0xe3][0xb][0xc7][0x5][0x9][0x95]X[0x9]|[0x1][0x9c]P[0x9][0xd8][0xd6][0xb][0xa5]#[0xc1][0x88]F[0xd3][0xc9][0x2]h-_[0xf7]f[0xa9]`[0x5]v[0xe2][0x9c][0xbf][0xc0]q[0x8c]#[0xfe]1-&h[0xf1][0x87]T[0x1d]B[0x1e][0xc2][0xaf][0x1c]o[0xb0]h[0x8c]@[0x98][0x99]t[0xbc][0x97][0x2][0xdc]M[0xac][0x8]-2[0xbc][0x81][0xad]R[0xf2][0xe8]R[0xd5]=iFYl[0xc6]~[0xc]$/[0x16][0xe1]s[0xb5][0x13]`[0x13]'[0xb0]r[0xc]D7kls[0xe0][0xe0][0xd5][0x8e][0xe0]i[0xa9][0x92]lk[0xf0][0x1e][0x19]>[0xf4]7[\n]"
05:56:02.409 [main] DEBUG org.apache.http.wire -  >> "Ph-I[0x18][0xcd][0x81][0x93]:&[0xed][0xe][0x9c]V!}[0xd2][0x81]N[0xfa][0xd9][0xd4][0x1b]c[0xe9]&}[0xaf]>[0x85][0xdc][0xdb]}2[0x8d][0xbb][0xca]<0[0x93]0i[0xdf]WJ[0x17][0xfb][0xb9]h[0xd1][0xa2][0x8f]6[0x1d][0x19][0x88][0xdf]y[0xa6]2[0x10][0xed][0xbe][0xb5]F][0xd6]U[0x8b][0x1d][0x1e][0xfb][0x4][0xa1]I-[0xda][\r][0x87][0xde][0x8a][0x19][0x96][0x96]NL7[0x91][0xa9][0x95] [0xd6][0x90][0xc6]]`[0x85][0xdd]j[0xdb]g[0x0]4[0x8b][0xb3]I[0x12][0xb7][0xf7][0x9d]][0x83][0xfd][\n]"
05:56:02.409 [main] DEBUG org.apache.http.wire -  >> "[0x17][0x9a]n[0xc3][0xdd][0xd5][0x96]^[0x88][0xcc][0xec]d[0xcb][0xce][0xa6][0xd3][0xdd][0x1]S[0xb8][0xd2]b[0x99]`z[0xfa][0x9e]Yt[0xe5]q[0xab]W[0xc3][0x84]5[0xbf]C[0xca][0x92]k[0xd1][0xa5][0xd9][0xc9][0xe5]9[0xb]W[0x99][0xf]`[0xde][0xff][0xbb][0x88][0xbb][0xe]x36z[0x7][0xfa]|\[0xc9][0xdf]{[0xe0][0xfd][0xb6][0xaf]Tr[0x90][0xb4][0xd1]-M;[0xb4]brya@[0x18][0xd0]zG[0xf7][0xc3]E[\r][0xaf]'][0x8d][0xde]h[0xe6]v[0x97][0x1b][0x91][0xfb][0x5]a[0xf9]Y[0xf0][0xc0]a[0xf1][0x81][0x8e]q[0xfa][0xc6][0xf1][0x8a]/[0x8b]l[0xd1][0xa2][0x8f]0%[0x80]=[0xf7][0xd8][0xbe][0x13][0x8f][0xaf][0xab][0xfe]y[0x8b]V[0x93]K[0xe0][0xb9]([0xe7][0x14].!q[0xae]J[0xf7][0xb6]q[0xe8][0xad]k[0xba][0xb6][0xe3]{[0xa8][0xe0][0x82][0xff]*$[0xfb][0xec]pAi,[0xa3][0x84]0[0xb3][0x16][0xe][0xe1]{[0xf1]=[0x99]"-[0x4][0x94][0xd5][0x9e][0xc0][0xd6][0xca][0xbd][0xc2]-[0xd9][0x9e]N8[0xc8][0x8d][0xc8][0x8e][0xba][0xc2][0x90]Nn[0x88][0xcf][0xe4][0xfd][0x2][0xb0]lpT[0xa1]YE[0xde]K[0xe1]\[0xc6]f')P[0xe1]o[0xec][0x9][0xdd][0xe6]Vu[0xb8]1s[0x12]VR[0xe6].[0x1c][0xdf]7[0x8d]1O[0xa2]Jtk[0xa0][\n]"
05:56:02.409 [main] DEBUG org.apache.http.wire -  >> "5[0xfa][0xaa][0xe1][[0xfb][0x7]+[0xbe][0x19][0xd3]}[0x87][0x7]%[0x89]%[0x99]T[0xc7]1[0x9b][0x82]n[0x3][0xbf][[0x7][0xeb][0xa2][0xb1][0x94]c[0x9][0xb3][0xab][0xc7]c[0xa8][0x3][0xb2][0xef][0x8e]M[0xe8][0x8c]G[0x9c]GiDb$[0xb1][0x18]][0x9b]![0xee]G[0xf8][\r][0x19][0xab]eU>[0x1c][0xa1][0xc5][0xb7][0xf6]l[0x3][0xd0][0x16][0x90]-Z[0xf4][0x11][0xa4]=[0x85][0xde][0x9f]}[0xf6][0xb1][0xd7]^[0xba][0xae][0xeb][0xe7]S[0xe][0x16][0xf0][0x88]{[0xf]D!c[0xd4][0x9c][0xe5]4[0x8c][0xfa]nNQ>z[0x81][0xa5]b[0x11][0xc3]^@[0x92]Y[0x9]9[0x8][0xca][0xaa][0x9f][0x0]i[0xd5][0x94]i[0x99]l8[0x80][0x8f][0x8d]k[0xeb][0xe1][0xe4]Rj3[0xaf][0xc][0x1c][0xb7][0xae][0xb3]$_[0x83]L[0x9]o&%[0xb0][0x8d]f6[0x4]o[0xbb][0xe3][0xcc]:[0xe6]c[0xca][0xb4][0xb6]J[0x9d][0x96]*[0x4][0xbc][0xdb][0x9d][0x84][0x8d][0xc7][0x6]`4[0x9]!&>&.0[0x81]/[0xdb][0xaf]Vk[0xd9]4[0xb4][0x1a]M[0x80]>z_[0x9b]5[0xcf][0xd1]F3[0x1d][0xba][0xe3][0xcd][0xd3]a[0x82][0x7]nc[0x9f][0xd8][0xa8][0x9b]-41[0xbe]bX[0xef]&[0xbc]2[\r][0xfa][0x11][0xde][0x8d]y &Z[0x13][0x81][0x1e][0x15][0xb0][0xd9][0xe4][0xbf][0xb3][0x83]f[0xea][0xca]ubh[0xc]}[0xe4][0x0];[0xd3][0x83][0x9a][0x17][0x90]-Z[0xf4][0x91][0xa2][0x87][0xee][0xff][0xf9][0xc2][0xd5]o[0xf3][0xda]u[0x5][0xef][0x19][0x88]&[0xdb][0xb7][0xe]r[0x9f][0x2][0xc][0x14][0xc3]2)d[\n]"
05:56:02.409 [main] DEBUG org.apache.http.wire -  >> "X[0x1b][0xe][0x1c]D[0x12]A)[0xbc][0x9][0x12][0xd1][0xd9][0x14][0x8e][0xe7]5[0x5][0xbc][\n]"
05:56:02.409 [main] DEBUG org.apache.http.wire -  >> "[0x15][0x8f][0x14][0x84]8[0x8e][0xc0]pZJ"[0x80]O.C[0x7][0xf8]R[0xc8][0xaa][0xc6][0xdd][0xe0]S[0xb1][0x9b]`][0xac][0xdf]a[0xbd][0xa0][0x8f]f[0xd1][0xa7][0xe2]k[0xaa]v[0xb8][0xf2][0xc1][0xcb][0xdc][0x99][0xc2][0xd2]Z[0xb8][0x82]OV"5`![0x9a][0xda][0xe][0xed]r[0xad][\r][0xc6][0x1d][0x8e]C[0x86]'[0xc0][0xd4]'p[0xc1][0xbd][0x89][0xf2]`[0xc5][0xa6]V[0x92]O[0x2]%\r*[0x8][0xd6][0xa8][0xb2][0xdb][0x9][0x18]:e[0x11]v[0xc2][0xc6]6[0xf5][0x1c]c[0xfc][0x94];/|</7[0x16][0x96][0xbb]n6[0x8f]2GS[0xef][0x9]?+>[0x18][0xa3]|)[0xa7][0xd3][0xb2]w[0x9b][0xf3][0xcb][0xed][0xa4]p[0x94][0xd5][0xad].H[0x80]tH[0xbb][0x16][0x90]-Z[0xf4][0x11][0xa0]/[0xff][0xf9][0xff][0xc7][0xd7][0xae].[0xaa]W[0xae][0xab][0xf7][0x91][\r][0xf0][0x8a]aI[0x8c][0xc3]i[0xf][0x8c]jk[0x2][0xe2]J6[0x1d][0x1b]%k[0x81]L[0x85])[0xe8][0x6][0xc2]m[0x10][0xca]*[0xb8][0xf1][0x83]d[0xcf][0x85]976G[0x17][0xf][0xb3]@[0x93][0x9][0xe1]S2[\n]"
05:56:02.409 [main] DEBUG org.apache.http.wire -  >> "EI[0xe2][0xe3]w[0x16][0x82][0xca]Y/\U[\r]p[0xe6]-[0xe0][0xa5][0xf5][0xb4][\n]"
05:56:02.409 [main] DEBUG org.apache.http.wire -  >> "[0x82][0xae]C[0xb7][0xfe][0x9e][0xbf][0xf5])[0x1b]L[0xb6]h[0xc8][0xb2][0xae][0xfb][0x2]s&[0x9a][0xcb]f[\n]"
05:56:02.409 [main] DEBUG org.apache.http.wire -  >> "[0xd0]A[0x8b]M[0xf9][0x1c][0x6][0xc0][0xb6][0x96][0xe3]q[0xd2]6`[0x2][0xd6]@[0xa5][0x95][0xea][0xcd][0x2][0xb4]\[0xf8][0x19][\n]"
05:56:02.409 [main] DEBUG org.apache.http.wire -  >> "[0xd0]2[0xd6]Z[0xf3][0xe0][0x1f]0[0x91][0x80][0x98] [0xee][0xdc]/ 9[0x1d][0xcd][0xed],[0xa7],[0xe7]6I[0xb5]n[0xf3][0x1][0xa4][0xbc]&[0xfd][0xf4][0x8e][0xd1]i[0xaf][0x9d]3[0xb3]:I[0x14][0xf7]FNC[0xdd][0x97][0x88]mSe[0xe8][0xf8][0xbc][0x80]l[0xd1][0xa2][0xa7][0x94][0x8e][0xf8][0xd7][0xf6][0xe9][0xc7]W[0xe9][0xf4][0xca]u[\r][0xdf]/[0x14][0xda]Ra[0xd1]A$[0xb3][0xb6]z[0xf8]}j[0xe9][0xa2][0x98][0x1b][0x5][0x1e]e[0xfe][0xd8][0xcb]D[0x1][0xea][0xe7][0x0][0xbc]C[0xb3][0xa7][0x90]b[0x9c]?[0xbf][0x88][0x8]*,[0x8][0xb9][0xcf][0x19]S2[0xb8];[0x11]M2[0xa6][0x95][0x8b]#[0xaa]c,[0xf9][0xf7]([0xb8][0xe5][0xb2][\n]"
05:56:02.409 [main] DEBUG org.apache.http.wire -  >> "[0xdc]2[0x11]T[0xfa][0xb7]-[0x91][0x80][0x87][0xac][0x88][0xb2][0x1c] ]7[0x80][0xd5][0x10][0xb2][0x8e]&[0x8e][0xcc]@[0xe9]Z[0xf3][0xec][0x8e]}`>[0xc1][0xea]r[0x81]/[0xd7][0xa5] [0xa9],[0xf9]\ V[0xd5][0x9f][0xf6]O[0xdd]@_[0xf2][0xaa][0x10]h[0xa6][0xe3][0x9b]>0b[0x9f][0x97][0xc0][0xbb][0xbf][0x8a][0xaf][0xbc]%zl[0x2][0xae][0xe8]b[0xb]T[0xf]M[0x14][0xf1][0xd9][0x1a]5[0x17]M[0xc]9[0x6][0xcc][0x1a][0xb1]n[0x0]-}[0x93][0xaa]$[0xb8]E'u[0x4][0xe7][0x9b]_C[0xac][0x15][0xd3]=[0xca][0xf8][0xdd][0xfd][0xe7][0x5]d[0x8b][0x16]=e[0xf4][0xf0][0x95][0xff][0xec][0xc1]UI~[0xe9][0xde][0x16]y[\n]"
05:56:02.409 [main] DEBUG org.apache.http.wire -  >> "}[\n]"
05:56:02.409 [main] DEBUG org.apache.http.wire -  >> "p[0x1b][0xc2][0x12][0xfe][0x1c][0xe4]h8[0xe2]HN[0xf1][0xd2][0xf6][0x94]Y[[0x1f][0x10][0x8e]]_[0xb]?M6[0xd8]?^[0x82]n[0xa2][0x9b]$[0x90][0xaa]??[0x94]|[0x1a][0x2][0x97][0xf5]![0x8d][0x1e][0x87][0xcb][0xd6][0xc3][0x8c][0xa3][0x1d][0xc8][0x2][0xf7][0xe2][0x10][0x82][0xe5]Mc[0xdc]L~+pI[0x91][0xdb][0xf5][0xc1][0xcf][0x5]Pw$[0xca]I[0x87][0xc9]![0x87][0xb0][0xdc]?[0xd7][0xc1][0xc3][0xee][0x2][0xec]Q[0xb2]9[0x8a]O[0x0][0xe4][0xe6][0x90][0xcd][0xec][0xc5][0xfa][0xad]N[0xb3][0x80][0x5][0xc8][0xd2]B[0xda][0xd2]VM![0x15]N[0xc4]ENM[0x98][0xba]JA[0x2][0x80][0xde]c[0x97]#[0x9f][0xd9][0x82][0xb3]5[0x12][0x1b]k[0xc5][0xa6][0xa2][0x8b][0xd6][0x99][0xa2][0x18][0xe2][0xb2][0xba]|V[0xe9]A[0xcb]([0xd0][0x8f]l"[0x7][0x1b][0xe0][0x16][0xad]x[0xb0][0xab]9[0xdc][0x2][0xf4][0xe][0x86]Z[0xbb]}[0xf3][0xd0]g[0xc4]m}h[0x8]L[0x16][0x89][0xce][0x8]mp[0xdc]i[0x1][0xd9][0xa2]EO[0x9][0x1d][0xf1][0xaf][0x8b][0xbd]f[<J[0x87][0xcf]AHL[0x8][0x9]-D[0xc9][0xad]z[0x15][0xbc]\[0xe7][0xbd][0xe6]C[0xe8]u&[0x87][0xab][0xb5][0xd0][0xb2][0xc4][0x8c]n[0xac]r[0xcd][0xa5][0x80]-[0xa1][0xa1]B[0x1c] [0xda][0x92][0xde][0x87][0xf6]^B[0x7][0x6][0xc][0xe2]n@%[0xba][\r][0x91]1X[0xcf][0x98]u[0xfe]E[\n]"
05:56:02.410 [main] DEBUG org.apache.http.wire -  >> "[0xc9]jT[0xe7][0x9]"[0xad][0xdf][0x8f]c[0xe3][0x5][0xf]<[0xec][0x16][0xb0]$[0xc6][0xa6][0x14][0xcc][0xaa][0xd3][0xef]['[0x86][0x14][0xdb][0xf9][0x9b][0xd9]L[0xc8][0x88][0x91],"[0xe5]a[0xdf][0x1b]][0xa3][0xcc][0x8a][0x1c][0xde]>[0x96]/Y[0x1f]"[0xf1][0xb3][0xdb][0x9b][0xb7][0xfd]"[0x8a][0x87][0xc3][0x1a]u[0x8b][0xa9][0xaa][0x1c][0xd9][0x91][0xb0]h[0xb5][0xb3][0xc9][0xb][0x8c][0xb7]+[0x8b][0xd4][0xeb]k[0xed]Zmk[0xd5]Nq[0xc5][0x90]{y[0x81][0xb1][0xac][0x2]W[0xf2])[0xf8][0x9b][0x89]5[0xdf]C+([0x17]. e[0xde][0xc0][0xd9][0x1f]Q[0xc7])f[0xf6][0xed][0xfd][0x9f][0x5]d[0x8b][0x16]}[0x88][0xb4][0xbb][0xf]?[0xb3]}[0xe6][0xa5][0xeb][0xda]|[0xf1][0xba]J[0x1f]AHdB[0xc3][0x96][0xf2]y[0x8][0xce]@8[0x8][0xc2][0xc4][0xf9][0x6]][\n]"
05:56:02.410 [main] DEBUG org.apache.http.wire -  >> "g[0xa7][0x14]A=m[0xa8][0xec]o([0xde][0xda][0xf2][0x91]#[0xab][0xcc][0xac]7[0xde][0x16][0x16]9[0x13][0xdb]U[0xd3][0x87] [0x8b][0xf2]A[0xf5][0xa3][0xb0][0xe][0xab][0x11][0xd5][0x14][0x17]_"[0xcc]&[0x8]<[0x96][0x16][0x88][0xcf][0x19][0xe4]([0xa1]2[0x88][0xd2]hB[0xc6][0x82]\[0x84][0xa6][0xf1][0xd4][0x90][0xb6][0xdc][0xc4][0xe2][0xc8][0xb2][0x8d][0x1b][0xc7][0xa2]-=<W&D[0xe1][0xed][0xce][0x92][0xad]8[0x7][0x97][0xa6][0xb]h[0xb5][0x90][0xdf]][0x86]q[0x13][0xa3][0xac]>[0x8a]K[0xd2]i}[0xb5]2[0xd2]3A[0xf6]zI?[0x8b][0x81][0xf9];Q[0xc7]g[0x8a]=-F[0xeb]tvp[0xc1][0xd5][0x12]3[0xc1]K[0xe3][0x1][0xc2][0x13][0xcc][0xfa][0xb6]~[0xfd]K[0x8c]L[0x10][0x1]w[0xf2]L[0x95][0x83][0x9e]x>[0xd2][0xf0][0x81][0xb7][0xf5]^2@=[0x14][0xa0][0xee][0xb4][0xeb]xv[0xbb][0xe7][0xe6]t&[0xd5], [[0xb4][0xe8][0xc3][0xa2]#[0xfe]e[0xd7][0xf8][0x97][0xf9]+[0xe1][0xdb]}[0x11][0xb8][0xb4]>[0x90][0xe3]n8=[0xa2][0xc][0x94]v[0xdb][0xb8]l[0xea][0x8d][0x16]R[0x9d][0xa9]G[0x98][0x80] [0xef][0x4][0x82][0xe][0xd2][0xcf][0x18][0x1b][\n]"
05:56:02.410 [main] DEBUG org.apache.http.wire -  >> "[0xd9]\[0xb5][0xfe][0x16]b[0xf9]6[0xe7][0x14]M[0x8c][0xde][0x1b][0xac][0x16]w[0xb1][0x91][0xcc][0x86][0xd9][0x0][0x17][0x12]O[0x8e]@_[0xb2]bM[0x92]([0xcb][0xd1][0xcb][0xe2][0xa3]EB[[0xb0][0xb3]F[0xb0][0xeb][0xec][0xe]+F8cG-KU1h[0xdc]S[0x3][0xcf][0x88][0xaa][0x89][0xb0][0x1][0xde][0x15]PW[[0xca][0xa2]*[0xc0][0xdc][0xdf])F[0xab][0xa2],[0xe]Xy[0xc8][0x9e][0x1c]@1mJk`[0xeb][0xa3][0xbb][0xda]B[0x8b][0xe3]][0x97],[0xda]J[0x1][0xb1]V[0xf][0xf0],[0xab][0x80]m5cQ[0x84][0xff][0x80][0xb2][0x80][0x8e]d[0xbd]T[0x8c][0xc4]%|[0xdc][0x12][0x92][0x1a]I[0x1e][0x1a]\[0xc7]e@Y[0x9b]ucN[0xb4][0x82][0x93]?[0xc3]}J[0x90][0xbf][0x9c][0x80][0xdd][0xa4][0x98]@ai[0xee][0x8a]Yyu[0xa5]. [[0xb4][0xe8][0x83][0xa6]k[0xfc][0xeb][0xd1]u][0xbf]z[0xfd][0xf8][0x88][0xab][0x98][0xf6]R[0x9][0xb3]8[[0x18]v[0xc7][0x2]o [0xb2][0xfa]`[0xea]:[0xcc][0x98][0x95][0x9d][0xc2][\r][0xd6][0x82][0xf1][0x1c]o[0x8b]QM[0xa7]R[0xa7][0xfc][0x8d][0x12][0xae][0x8c][0x99][0x15][0xd8]"~[0x16][0x1a]W2[0xb1][0xa2][0xd4][0x8][0xd9][0xca][0xb2][0xb0][0xb2][0xae]F[0x2]Gu;`[0x8e]I[0x88][0x84][0x86][0xc8][0xd1][0xcc][0x12][0x9e]V[0x80][0xca][0xb8][0xb]yF[0xb7][0x97][0x8][0xe1][0xe3][0x86][0x92][0xdb][0x17][0xec][0xb1][0x12][0x10][0xeb]6[0xbb][0xf0][0xb0]-[0x1d][0xf0]i[0xdc]#[0x82][0x17][0xba][0x0][0xad][0xd3][0xd2][0xe]hU[0x88]%d[0xde]i[0xe6]d[0xac][0xee][0xd7][0xe2][0xed][0xb0][0x2][0x9b][0xb5][0xc0]G[0x13]W[0x9f]uW[0xc4][0xb5][0xe8]F7[0xb3][0xde]C[0xbc];[0xc7][0x1f]9[0xd7]d[0xec][0x92][0xa9]@[0x9f]T[0x2]$[0xb6]i=O[0xe5][0x14][0x91]V[0x6][\n]"
05:56:02.410 [main] DEBUG org.apache.http.wire -  >> "[0x1c][0x95][0xc7][0xed](h[0xcd]C4[0x18][0xde][0x97][0xed][0xda]j[0xd0][0xdb][\r]}[0x8d][0x92]E`[0x12][0xec]t[0xcf][0x17][0x90]-Z[0xf4]A[0xd0][0xe1]>[0xb4][0xcf][0xbc]|[0xfd][0xf8]5[0xdb]O[0xa0][0x97][0x95]=c[\r][0x14]U[0xde][0x96]M[\n]"
05:56:02.410 [main] DEBUG org.apache.http.wire -  >> "b7[0xba]^[0x18]%[0xb1][0x93][0x90](9f[0x9d][0xfa][0xbe]!%[0x1b][0xd6][0x98][0x9a][0x12][0x6][0x81][0xc][0x1]7[0xdc]R[0x90][0x9d]h`[0x98]5[0xee][0xba][0xf3]O[0x9]0 [0xce][0xb0][0xf][\n]"
05:56:02.410 [main] DEBUG org.apache.http.wire -  >> "[0x8]+fF@P[0x97][0x9f]IV[0x9e][0x13]dK[0xaa][0xf2][0xb5][0xc0][0x3][0xc9][0xcf]@@[0x1c]u[0xc6]s [0xec]7wZM[0x19]?2[0xa4][0xb5]KE[0x87][0x90][0xa4]0[0xf][0xe1];x@[0xb7]_Vm[0xa7]\[0x4][0xa3][0x5][0xc][0x80][0xf1][0x1b][0xdd][0xa4]@[0x94]<[0x0][0x88][0x18][0xad][0xc][0x3]oP[0x11][0x91][0xbd][0x18][0x15]g[0x8b][0xc5]$[0xbd][0xb1][0xac]6[0x1][0x96][0x1a][0x82]P[0xed][0xc4][0x98][0x1d][0x84][0xde][0x86]IZ[0xbd]2[0xd9]D[0x19][0xb0][0x10][0x8][0xcc]k[0x1b]`[0xab][0xc7]Y[0xdd][0xcd][0xfb][0xf5]K9[0x14]8[0x85][0x8e]9[0xe4][0xbd][0x5]!\[0xd4][0xa7]VH[0x4][0x9e][0xd3][0xa4]=[0xc5]$[0x1b]T[0xaf][0x16][0xb0]m[0xbf][0xbb]_Y@[0xb6]h[0xd1][0xfb]D;[0x80]}[0xfa][0xf2][0xd9][0xc7]W[0xa7][0xc9]+[0xd7][0x15]y[0xff][0xb8](B[0xb4][0x93][0xb] [0xb9][0xe1][0x6]k[0x80]h[0xb][0xc6][0x4][0xec]TX[0xc3][0xbd]$b[0xc8][0x91][0x5][0x9d][0xe5][0x84]zgl[0x18]8j[0xe6][0xc]L[0xac][0xcb]UV4[0x8e]5F[0x89]K[0xa9]H[0xad][0xbc][0x0][0x8][0x6]a[0xd7][0xac][0x5][0xb3]nvM[0xc0][0xb1][0xe6][0x8b][0xd1]|[0x1c][0x16][0xf][0x81] [0xc]L[0xaa]N g$[0xac]][0x8d][0x6][0xd7]![0xac][0xab][0xc1][0xa0][0xe6][0x19]M%[0xef]N[0x1b][0x11]g[0x83]%[0x0]6KgmP{[0xd3][0xb2][0x9d][0x99]([0x93]a[0xce][0x6]kX[0xb0][0xfb][0xe7][0xad][0xcc]e[0xb6]"[0xc4]x[0xc2][0xd8]s[0x8a][0x84][0xfa]yG[0x8c][0xae][0x1e][0xcd][0xb1][0xb9]t[0xe6][0xe2]t[\r][0x1a]^[0xd1][0x3][0x6][0x10]t8v[0xb0][0xac][0xa0]=[0xe5][0xa7][0x19][0xfb][0xf2]v%[0xb6]5^[0xcd][0x92][0xb9]d[0x96][0xef][0xfc]L[0xc4]*4G[0xac]qW[0xb1]6?[0xcf]cvL[0xfa]s\[0x99]n[0xe3]`f[0xea][0xe][0x94]Ob[0xc5][0xc8][0x16]-z_[0xe8][0xe1][0xcf][0xff][0xe7][0x99]}[0x18][0x99]}8[0xc3]D-[0x10][0xcf])[0xca][0x88][0xcb][0x9c][0x0]J[0x1e][0xe0][0xbd]>[0x8d]+[0x15]h*m[0x83][0x16][0x91][0x5][0xf7][0xff][0x86][0x8d][0xcd][0xc3]%[0xb3][0x2][0xf1][0x11][0xa3][0x8c][0xaf][0xea][0xe0][0xc9][0xa1]Ur[0xb6][0x12]\[0xfa][0xd0]5[[[0x19]&[0xa6]^Y[0x97][0x87][0x0][0xcc]3[0x8]U[0xd8]B[0xb0]S[0x98]yY[0x99]6[0xed][0x11][0xf8];[0xc9][0x16][0x13]w[0xe4][0x5][0xe5][0xb1]~G#],_[0x7]4[0xfb][0x19][0xc4][0xc8][0xcb]r[0x8d]YZ[0xb9][0xae]J[0x3][0xf8][0x83][0xec][0xc2]j[0xe7][0xb6][0x89]pvXo[0xd5][0xed][0x2][0xe2][0xc0][0xcd][0xa5][\r][0x84]+[0xa6]L[0xf7]&[0xd3][0xd1]+[0xd4]F[0x1c]$P{[0xc7][0x14]O[0xe3][0xd0][0xcf][0xca]+_P[0x85][0xde][0x18]6[0xdc][0xa7][0xad]5[\r]+[0xd1][0xca][0xcd][0xd9][0x80][\r][0xee][0xb6][0x9a]"[\n]"
05:56:02.411 [main] DEBUG org.apache.http.wire -  >> "[\n]"
05:56:02.411 [main] DEBUG org.apache.http.wire -  >> "[0x98][0xda][0x1a][0x0],[0xee][\r] [0x85]-#2[0x86][0xdd]v[0xb8][0xab][0xa3][0x9b]*c[0x14][0x98][0xc7]O[0xec][[0xfb][0xf7][0x5]d[0x8b][0x16][0xbd][0x7][0x94][0xd6][0xd7][0x8f]=[0xbe]x<[0x8e]}[0xf3][0xb2][0x9c]k8[0xb2][0xad]($[0x8a][0x82]qv[0xc9][0x1e][0xc4]z[0xbe][0x84][0xec][0xf][0xcb][0x98][0x92][0x95][0xba][0xee][0x84][0x19]7;[0x19][0x7][0xd1]x[0xd4]eS[0xa3]/m[0xbc][0xbe]V[0xf3][0xfc],[0xdb][0xd0][0xce][0x93][0xe1]![0xc6]@k[0xd4]F[0xf4]q[0xb8][0xfa][0xd2][0x9d][0xb8][0xb9][0xde][0xc3][0xb2]M[0x9e]W[0x8d][0xde][0xe8][0x82][0xb4][0xe9][0x8a]l[0xcb][0x85]|[0xd8][0xda][0xcc])[0x9e][0x10][0x1f]Cx_[0x92][0x14][0x9][0xc][0xc1]6[0xba][0x8]H[0xeb][0xf8][0x1a]-[0xa1][0xd1][0xf1][0x6]n[0x13][0xc1][0x9c][0x16][0xd5][0xa5][0x8b][0x8d][0x3]D;[0x8b][0xb0]:[0xc8][0xed][0x6][0x80]t[0xe]Ytj[0x8c][0x87][0x87][0xb8]'[0x13][0xec][0x8a]W[0x8c][0xbd]I[[0xc5]b[0xb2]1[0x1][0xba][0xee]v3[0x8e]q[0x87]![0xc5][0xa4][0x94][0x8e][0xc1]9[0xb4][0x86]j`[0x1e])[0xe5]R[0xf6][0x88]ez[0xc7]K[0x8f][0xde][0x95][0xb]0[0xdf]5[0xd7][0xde][0x5]*j5z^S[0xa4][0x15]:[0xcc]fQ&[0x0][0xfa]#[0xb9][0xa9]f[0xb4]8[0x82][0xef]][0x96]E[0xb6]h[0xd1][0x8f]L[0xbb][0xf5]u[0xb9]\^[0xbe].[0xaf][0x17][0xaf][0xae][0x94][0xcf][0xc7]x[0xa1][0xa2][0x8][0xb4][0xe3][0xbb]x[0xeb][0xac][0xe5]U[0x9]-[0x9a]L|[0xde][0x91]>[0xe6][0xea][0xa2][0x3][0xe8][0x8d][0xa2][0x8d][0x9a][0xb7][0x1a] [0xb4][0xdf]:Hc[0xe2][0x1e][0xb2][0xd6][0xbb]!l[0x15]t[0xa0][0xf9][0x3][0x10][0xab][0xcc][0x14]x[0x85]D[0xfd]|[0xa3]^T[0xcc]H[0x13]E[0xc][0xa6][0x84][0xb8][0xfa]:[\r]_[0xba]\%P[0xc7][0xa7]pt[\n]"
05:56:02.411 [main] DEBUG org.apache.http.wire -  >> "v[0x7]o(D[0xfb][0xbe][0xc2][0xc2][0x4]>[\n]"
05:56:02.411 [main] DEBUG org.apache.http.wire -  >> "[0xd1]b\Y"[0xde][0x9]([0x99][0xf6]I[0xd0]t[0x83][0xc5]Y[0xb6][0x84][0xb3]u[0x9d][0xb1][0x7][0xa8]-7gY[0x94]m[0xb9][\r][0xc1][0x9d][0xff][0xf8]t[0xc1][\n]"
05:56:02.411 [main] DEBUG org.apache.http.wire -  >> "xc[0x9e][0x8][0xfc]T[0xbb][0xf5]U;[0xf5]A,3[0x1a][0xea]5[0xd6]'c[0x12][0x8c]q5[0xa7][0xa9][0xd8][0x98][0xcc][0xc2][0x83]5[0x97][0x3][0xb0][0xe0][0xc6][0xe4][0x98][0x8a]5,%S[0x85][0x9a][0xe6][[0x1]`[0x8f][0x88][0x80][0xa9]7[0x9f]b3[0xe4][0xe3][0xe4][0xad][0xce][0xfe][0x7]P;[0x8d][0xb9]@[0xea][0xbf][0x9d][0xba][0xa6][0xb5][0xfe][0xc1][0x93][0x4][0xb2][0xf3]M[0x8b][0x16]-[0xfa]C[0xe8]H[0xde]x[0xf6][0x8f][0xbc]t[0x15]6/[0xda]~x/ih[0xf9][0x9]R[IE[0x89]'E)[0xe6].[0xb1][0x93].[0x82]R0[0xc4]lr[0x91].[0xd6][0x92]R[0xdd]}[0x8][0xae][0xf3][0xfe][0xf0][0x93][0xc0][0xa4][0xc0][0x8b]i[0x12]6h4[0xf8][0xa4]@[0xb5][0x93][0xb6]n[0xde]GU[0xc5][0x9][0xf4][0x8c]o}[0x9e][0x9a]9[0xac]#[0xa0][0x8c][0x88]lk[0x10]e[0xf9][0xe2]b[0xb4][0x91]Haj[0x89][0xc0][0xb2]*[0x98][0xe8]k&[0x80]*[0xcf][0x18][0xaf]I[0xa0][0x1c][0xb4]5vv[0x8d]M7[0xdf][0xb4][0xd4]&[0xaf]F[0x1b][0x1]Z:v|6[0xd1][0xc7][0x90]5h[0x9d][0x1c]!V[0xf0][0xe4][0xb1][0x8e]e[0xcf][0xb][0x99][0x7]s<-[0xd3][0xdb][0xe9]J$[0x8f][0xcf][0xf5][0xc8][0xf7][0x2][0xae],[0xba][0xc6][0xb8][0xe7][0x84][0xf2]h[0xc4][0xfa][0x12]h[0xa4]Yg[0xfe]S[0x99];[0x12]D8[8[0x17]z"
05:56:02.412 [main] DEBUG org.apache.http.wire -  >> "[0xdc][0xce][0x9e][0x8b][0xe2][0x97][0xa2]t[p,k[0x17][0xd9][0xfe]wYd[0x8b][0x16][0xbd]Kz[0xf8][0xbf][0xfe][0xcf]_[0xb8].[0xbe][0x17]/~[0xb9][0x82]X<_'k[0x88][0x15]u[0xca][0xc2][0xda][0x85]@[0x9d][0xaf]W^[0x93]R[0xa7]CL[0x1f][0x15][0x9a]Y[0x86]M[0xb7][0xd6][0xad][0xb2][0x19][0x92][0x4][0x0][0xd0]2$N[0x94][0xf0][0xf5][0x8e]Sl[0x8][0xc3]TY[0xc7][0xe9][0xe1][0x9b][\r][0x1d]>[0xf8][0x17]J[0xb1][0xd1][0xf8][0xa1];[0xaf],[0x80][0xee]n[0xfb][0xbc][0xca]M[0x5][0xab][0xc6][0xf1]3[0xad][0x14][0xa2].[0x82][0xff]r[0xf0]k[0xa5][0x9d]P[0xc8]gy[0x5]RA6[0xd1]Z[0xab][0x13][0xf0]O1[0x16][0x80]I[0xca][0xd3]ro5[0x18][0xb1][0x9]^[0xc6][0x4][0xf7][0xb3][0x99]7[0x7]\[0xdb][0x9e]Q[0x9e][0x9b]T[0xfd][0x98]J[0x82][0x83][0x17][0xaa][0xac][0x88]BSC*[0x90]/V{aJw#f[0xbf][\n]"
05:56:02.412 [main] DEBUG org.apache.http.wire -  >> "[0x3]][0xc0][0x86][0xc0]H[0xb][0xbc][0xee]Lp[0xa7][0xdb][0x8d] f[0xa2]tL[0xc5][0x84]@m[0xcd][0xc6][0x9][0x80][0xec][0xb6](Inm[0xed]u[0x1d][0xd8][0x8e][0x18]L[0xc][0x81]Iw[0x8c]ve~[0x8]J[0xf5][0xb8][0x91][0xd6]$[0xf1][0xe3][0xf3][0xe9][0xf7][0xc2][0xca]o[0xe3][0xda][0x2][0xb2]E[0x8b][0xbe][0xf][0xc1][0xfa][0xba][0xba]D^[0xbc][0xae][0xdd]GpW[0xc1]Z9i[0xae]>[0x80][0xc8]'[0x6][0xf9][0xed][0x1f][0xc8][0xf6][0x9b][0xc5][0xda][0xd6]X[0x96][0xe9]p[0x83][0x99][0xc1][0x3]h[0xd6][0x9b]z}[\n]"
05:56:02.412 [main] DEBUG org.apache.http.wire -  >> "[0xc8][0xfe][0xcb][0x9f][0xeb][0x82][0x1]m[0xcf][0x0][0xd9][0x82][0x17][0xd6][0x18][0xe2]][0xc4][0xc9]r[0xf][0xd1][0xaa]j[0xb][0x8e]I[0x84]4[0x9a][0xf6][0xf8]X[0xff][0xd6]u[0x84][0xb4][0xfb][0x8c][0xd0][0xf2]RGC[0xc8][0xb0]$2[0xe4][0xb5][c[0x95][0x8][0xf1][0xf2]U![0xb9][0xa1][0x13]W[0xd2]Ge1[0xe2]<u[0xaa]G[0x83][0xd6][0xf1][0xb7][0xce]Z[0x14][0x1e]X[0x1b]$[0xa6]|[0xbd][0xd0][0xdd]:[0x1a]o-[0xf6][0xe7]v[0x80]*[0xb3][0xea]6[0x2][0x90][0xeb]<[0x81][0xeb][0xb2]@[0xab][0xcd][0x91][0xb9]1[0xfd]8[0x13][0xf2]p;[0x12][0xec][\n]"
05:56:02.412 [main] DEBUG org.apache.http.wire -  >> "[0x1][0xe][0xf7][0xa0][0xa9]"[0xd1]=[0xd6]q[0xa5][0xb1][0xe8]8[0xdd]D|[0x85][0xa7][0xa7]|(+F[0xf0][0xa2]6C[0xfe][0xc3][0xa2]MC+[0xda]U[[0xee][0x7][0xa7][0x15][0x89][0xbe]19[0x87]`[0xe6][0xaa]\[0x98][0x9d][0x80][0xcd]Z[0xa1][0xda][0xc][0xee][0x82][0xdf][0xc0][0xcf][0xb][0xc8][0x16]-[0xba][0x83]v[0xeb][0xcb]/[0xf7]^[0xbc][0x9a]3/[0xc7][0x9e]:[0xef]>[0xdc]F[0x1b][0x83]"y[0xa3][0xcb]I[0x88][0xe0]>[0xdc][0x84][[0xe8]I1[0x1c][0x1b][0x18]S[0x92]8}:f[0xd0][0xfe]O[0xf2][0xe3][0xec][0x82]R[0x10][\r][0xa3]`'[0xe0][0xe5]u[0xb1][0xe6]FK[0xad][0xf0][0x0][0xdf][0xca]2[0xb2][0x2][0xaf][0xee][0x8f][\r][0x17]S[0xbb][0xa1]X[0x8c]z[0x8b]L[0x5][0xda][0xe4]I[0x94]B[0xa0]j=[0xb][0xda]2-[0x80][0x9][0x1b][0xc3]"[0xa8][0xde][0xe]%[0xa2][0xaf]A[0x18][0xfa])[0xee]H[0xf7][0x17]-[0x91][0xf6]HRJ[0xa6]@[0xce][0xdf][0xeb]4[0x8e][N[0x85][0xa9][0x8b][0xed]8[0xa2][\n]"
05:56:02.412 [main] DEBUG org.apache.http.wire -  >> "[0xcc][0x2][0xef]il[0xcc][0xe7][0x11][0xd0][0xe2][0x9c][0x8][0xc1][0xac][0x80][0xd2]r[0x8c][0x97][0xd7][0xeb]UL[\r][0x9f][0xbb][0xda]sL[0xac][0x92][0xff]!c[0xed][0xb3][0xde]v[0xa3]Z+B[0xd4][0x10][0xf6][0xdf]7[0xc9]B[0xad][0x93]6[0x98][0x80][0xd2][0xe0]T[0xcc][0x9]V[0x81][0xb9][[0xb1][0xb0][0x9e][\r][0x95][0xc0][0xd2]z[0xc][0x1a]i[0x85][0x91][0xf0]0n[0xad][0x84][0x9c][0xe7]8[0x6][0xbc][0xe6][0xd5][0x1]b[0xcd][0x86]e[0x91]-Zt[0xa6][0xc3][0xfa]z[0xee][0xc7]_[0xbe][0xae][0x92][0xaf]][0xd7][0xc9][0xb][0xfb][0xa2][0xdc]R[0xca][0xd0]J[0xd9][0xef]cvA[0xa8]F[0xd9][0x9e]8[0xa5][0xde][0xc8])[0x1a]y[\n]"
05:56:02.412 [main] DEBUG org.apache.http.wire -  >> ".[0xba][0x88][0xd2];[0xc9][0xa0][0xcd][0xc9][0xaa]BA[0xf9][0xf][0x17]1[0xa4][0xc7][0xd4]Z[0x1b][0xb0][0xda][0x8]s[0xeb][0xea]o[0xdb]W[0x97]y[0x92][0x87][0x8][0xb7][0xba][0x8c];[0xca][0xe5]4[0xd3][0xbf][0x83][\n]"
05:56:02.412 [main] DEBUG org.apache.http.wire -  >> ";:[0xe9][0x1d]oj[0xf7][0xa7][0x11]1[0xa4][0x8d]j[0xb0]BX[0xb7][0xbb]/[0xe5][0x15][0x1][0xac]]a[0xd6][0xf1]([0x17]`CA[0xd9]g[0xd4][0xa7]q[0xae][0x92][0xc3][0xc6][0x1c][0xf4][0x13]OhU[0xbc][0x3][0x97][0x4][0xf5][0xea][0xf9]Bt[0x9c][0xc9]H[0xf7]b[0x8][0xb0][\r]w&[0xc1][0xca]hybd[0xe7][0x90][0xb6][0x91][0xd6][0x96][0x8a]9=[0xd3][0xaa][0xb0][0xc0][0x4][0xac][0x12][0xa6]k[0x9a]?[0xc7][0xbc][0xc6][0xce][0xd7][0xf8][0x95]RQ[0xd6][0xa0][0xc6][0xee][0xd2]R[0xcd][<[0xc][0xaf][0x19][0x8d]. [0x15]naL[0x9d][0xa3][0x1c][0xe4]"[0xcd][0xc2][0xe6]cy[0xa6][0x5][0xc4]h[0x95][0x9a][0xc4][0xe7][0xac]U[0xc2]][0x81][0xf0][0xf8]M[0x94][0xb2][0x80]l[0xd1]'[0x9e][0x1e][0xfe]o[0xe5][0x85]k[0xf0][0xf8][0xc5][0xeb]bx[0xf9][0xaa][0xf0][0xdd][0x1f][0x1][0xb5]f[0x8a][0xca]Uc3-[0xf8][0x1c][0xdb]2[0xdc]U[0xc2][0x4]O[0xb5] [0x8b][0xd6][0xbe][0xad][0xa5][0xbe][0xe4]2[0x94]+[0xaf][0x1e]G[0x96][0x1d]J[0x8e]N[0x16][0xd9][0xca][0xba]q[0x95][0xe3][0xd6][0xba]q[0xb7][0xad][0xe2]cF[0xc0][0xd9]i[0xdb][0x88]*[0xa1][0x8d]n[0x89][0x87]B[0x81]i[0x16][0xa7]>[0xb3][0x9f][0xde][0xc9][0xb][0xfb][0xe1][0x80][0xb1]m[0x0][0xca][0xd6][0xce][0xf1]O[0x84][0xcd]S3[0xcc]:6[0xd2]![0x1e][0x11]v[0xd1]<$[0xe8][0x9a][0xd1][0xeb][\n]"
05:56:02.412 [main] DEBUG org.apache.http.wire -  >> "[0x8b][0x1][0x2]?N[0x88][0xa0]J[0x5]{;[0x92]=[0x9a][0xe2]6[0x1]a[0xe]l[0xe3] [0x85]nx[0x97][0x8a]z [0x83];x[0x16][0x8c][0x1d]RV[o[0xcf]*^"[0x3][0xa6]}[0xac][0x89];[0xe8]I+[0x3]#[0xbd][0x1e]S[0xd7][0x19]W[0x83][0xb5][0xd9][0xba]P[0x0]1[0xab]9[0x6]E[0xc][0xe9][0xf7]e[0xb9][0x1d][0xf7][0xb6][0xbb][0xf5][0xe0]#\[0xeb]<t[0xd9][0x80][0x82][0xc6]9m[0xa6][0x9]D[0xd6][0x9]?[0x86][0x4]F$[0x86][0x84][0x82]f[0xe8][0x98]@[0xe7][0xb0]S+[0xbd][0xc2][0xa6][0xfb][0xf]O[0xc2][0x96]kq[0xd1]'[0x9b][0xe][0xeb][0xeb]3[0xbb][0xf5][0xe5]_[0xc3]kS[0x9e][0x94]_e[0x8][0xae]h[0x8b][0xe5]X[0xeb][0x11][0xb4]L[0xa8]d3[0x11][0xc1][0xec][0xac][0xe5]o[0xcc][0x9e][0xa8]E[0xdf]w[0x8d][0xac]E-sh[0xec]j[0xc1][0xf5][0xa3][0x9a][0xb9][0xa6]{k[0xf1],[0x4][0x16]L[0x98][0xd6][0xc6][0xeb][0x1e]uI[0xc2][0x85]'[0xb8][0x81][0xa3]2:8[0x85][0xd8]Xw4[0x18]G+`S[0x13][0xe7]hD[0xbe][0xac][0xd2]![0xb4]|[0xf2]4;[0xd5][0xc9][0x1][0xd1]m,[0x1][0xbd][0x89]eHa[0xd7]`[0xa1][0xc0][0xef][0xca]w|[0xf6][0x93][0xd1]5[0x92][0xed][0x14][0xb4][0xee][0xa6]Vh[0xda][0x14][0xd2][\n]"
05:56:02.412 [main] DEBUG org.apache.http.wire -  >> "[0x8] e2[0x91]/[0x85][0xac]-{[0xf3]SZn[0xa6][0x8d]t[0xfd][0xde][0xee][0xbf]8[af0H[0xee]T[0xaa][0xaa][0xb5][0xad]4MW0[0x9b][0x18]D[0x93][0xfe][0xdc][0xb1][0xc4]V[0x94][0x88][0xa6][0xd6][0xc8]([0xdb]/[0xac][0x95][0x8][0xf7]V,[0x4][0xb8]9[0xa7][0xd9][0xf6]Z[1\[0xe5][0xc9]S[0xf2][0xe7]Vi[0xc8][0x16]H[0xe2][0x7][0xe6][0xf6][0xfe][0xd8][0xbd]X[0xae][0xc5]E[0x9f]P[0xda][0xad][0xaf][0xeb]Zx[0xed][0xba]2~[0xf2][0xba][0x98][0x9e]/[0x5][0xb9][0xc2]#-[0xb4][0x8][0x10][0x0][0x12]j[0xfc])[0xc1][0xf6]d[0xc4]M[0xe3][0x1b][0x86][0xb8][0x90][\n]"
05:56:02.413 [main] DEBUG org.apache.http.wire -  >> "ld[0x92][0xd9][0xc9][0xeb][0x18][0xd6][0xd2][0x96][0x1]3[0xfd][0x1d]2[0xe3][0xe]S[0xa0][0xda]q[0xc8][0xf5][0xd2][0xb6][0xcb]bc,[0xab][0x84]P[0xb][0x18][0xc5]W7[0x1][0xc5][0xea]^}[0x83][0x9b][0xd0][0xb5]L[0xb8][0x9e]h{0-N[0x9]2[0xb8]+I}[0xbe]]Xnt[0x9]Z[0x9b][0x9c][0x99][0x2][0xd7][0xda]73/[0xa3][0x5][0x98]Z[0x1f][0x14][0x8a][0xb4][0x4][0x95]3[0xb4][0xa4][\r][0xc2]t+[0x3][0x8][0xcd][0x1f].[0xaa][0x18][0x89]-qq[0x1f][0x16]/9&[0xe6]f[0xb5]-LO[0xed][0xa8][0x9b][0xd2][0x9b]J[0xe][0xf9][0xa5][0xbb]\[0xb7][0x1c]'[0xf0][0x84][0xfc]JI[0xef][0xbc]u[0xb9]7Z[0xba][0xd7][0x90][0xd1]t[0xa5]b[0xa5][0x8a]K[0x1f]k[0xe6][0xdc][0x2]Q[0xdd][0xf0][0xca][0xc2][0x19][0xc0]UC[0x86][0xa0][0x98][0xb7]u[0x8][0xed]*[0x80]P.V3[0xd2]?s[0x80]k[0x4]r[0xf6][0xb6][0x82][0xc4][0x18]c[0xbb]3c(m5[0xe0]e[0xe5]U#[0x93][0xcf][0x9b]${P[0x11][0xe0]5[0x99][0xf3][0xd7][0x9f][0xfd]t[d[0xb7][0xeb]d[0xd1][0xa2][0x8f][0x19][0x1d][0xa7]n|[0xf6][0xfe][0xe3][0xeb][0xec]|[0xfd]z?[0x85][0x82][0xd1]N[0x81] A[0xb][0xaa][0xfa]|[0xe7][0x1b]z[0xed],[0x98][0xe9][0x8a][0xe1][0x17][0x8][0xdd]h[0x17][0xc][0xe3]:[0xd6]@[0x9][0xf9][0x8][0xe9]@[0x5][0x18][0xdf]Jk[0x8f]w[0xc2][0xb4]n[0x9c][0x1b][0xc1]F[0xbe]W9[0xa2][0xd1][0xc2][0xca][0x83][0x15][0xc3]{[0x86][0x10][0xeb][0xfa][0xe1]b[0x5][0xb0][0x97]Pd{P/[0x13]K[0x82]L"[0x88]K:9![0xc0][0xa2][0xc1]\[0xdd][0x94]>[0x80][0xaa]d[0xb9][0x0][0xd7]Q[0xe4][0x16]m[0x11]L[0x86]X[0xb]G[0x13]~[0xab]F[0x9f][0x1f][0xda][0xa0][0x8d][0xf9]|[0x9c][0x9f]s[0xe1][0xad]w[0xe2][0xcc][0xc9][0xa2][0xa3][0xc4][0x96]9a[0xd2][0x1]3u=c[0x8e][0x0]|d[0x96][0xf1][0xd3][0xee][0xd2][0xbb][0x8][0x9f]9[0xee][0x1c]w*[0x12][0xe4]{[0xc8]X7[0x10][0xea][0xf8]W}[0x1][0x9e][0x8d][0xd4]y*[0x5][\r][0xb8]3[0xb9][0x86]|[0xc2]([0x9a][0xb][0xef][0xf1][0xa7]c[0x9c]e[0xa9][0xa1][0x8e][0xf6]4[0xd8]Xc'[0xbe][0xc2][0xfd]|r[0xe3][0xef][0x9f][0xbe][0xfd][0x8d]_{[0xfc]<n[[0x16][0xd9][0xa2][0x8f]%[0x1d][0xe0][0xf5][0x99][0xfb]_[0xbb][0xce][0xfc][0x97][0xaf][0x13][0xff][0x5][0xaa][0x95]t[0x1f]zdh[0xa8][0x17][0xab][0xe9][0xa9][0x1c][0xea][0x8e];[0xf9][0xfd]w[0xda]?o[0x92][0xec][0xd1][0x89][0x8]US)[0x8e][0x97]C[0xcb][0xa4][0xb9][0x6]%[0xb7][0xca]U[0x1d][0xbb]V9[\r][0x82][0x4][0xc2][0x1]D[0xe3]!h[0xa8][0xa2][0xbd]RKG[0xb][0xe3]&[0xbe][0x2][0x8b][0xcd][[0x14][0x95][0xab][0x14][0xb8][0xe1]{[0xb2]\[0x80]/[0xe2]Y[0xb4][0xc0][0x9e]9[0x5][)[0x9f]`w[0xd4][0xc]K[0xa1][0x1e][0xd9][0x15][0xf4][0xad]n[0xcc]_[0x10][0xc8]g[0xe][\r]@[0x8b]][0xed][0x9c][0x8d][0xfa]^O[0x96]J:[0x11][0xdd][0x14]D{[0x9c]F|[0x88]u[0xf7]@[0x8d][0x1][0xc1]S[0xe1]6N[0xfb][0xe5][0xf0]t[0xfc]J1to[0x18][0xd2][0xe2][0xcd][0xc4][0xf2]q0[0xd8]`eZ[0xc1][0xa8][0xdf][0x80]c[0xf6][0xd5][0xcb]r{R[0xa9][0x8b][0xa9][0xe][0x19][0xad][0x12]*8[0xc6][\r][0xeb]<!%[0xe0][0xc6]$G[0xda][0xa5]([0xf3][0x3]n[0xcb][0xec][0x1b][0x9a][0x8]8[0xaa][0x92][0x9a][0x83]Q[0xb1]1?[0xf3][0xd6][0xd4]{[0x1][0x85][0x83][0xa7]x[0x80][0xfd]5[0x6][0xd9]V[0x1f][0xae][0xd1][0xa1][0x18]a[0xbc][0xcc]o:0[0xc6][0xa7][0xc0]]R[0xef]wZ@[0xb6][0xe8]cE[0xf][0xff][0xcd][0xb7][0x1e]][0x17][0xc6][0xd7][0xae][0xd3][0xfd][0xa5][0xeb][0xd7][0xd4][0xd8]b,o[0xd7][0xb3][0xda][0xca][0x95][0xe8]*[0xc4][\n]"
05:56:02.418 [main] DEBUG org.apache.http.wire -  >> "[0xeb][0x8][0xe]^[0xaf][0xc7]([0xe9]u,[0xaa][\r][0xa7]V[0x94]\.[0xd1]T[0xa5][0x96]D[0x8][\n]"
05:56:02.418 [main] DEBUG org.apache.http.wire -  >> "[0xd1]Z[0xd6]T[0xc8][[0x10]B_[0xe]u[0xbf]d;[0xf1][0xb3]W[0xb3][\r]n[0xb3][0xce][0x6]d[0x81]%`[0xcd]([0xa4]C[0xe2]"[0x9d]*[0xde]F[0xb],0q5[0xc1][0x1a][0x1d][0xb1][0xaf][0xe2][0x9]8v x[0x9]EZk<[0xb9][0xd0][0xdb]I[0x1a][0x9d][0xe1]h[0xc1][0xb8][0xd7][0x19][0xac] [0xcb]:&F[0xde]S{[0xa7][0x98]6q[\r][0xf6]5Xj[0x90][0xb9]b[0xbd][0xdd]MP&\-$[0xc8][0xcf]Rh:^[0xc3][0x1e][0xb4][0xfb][0xcd]O[0xc0][0x97]=[0xa7][0xc5]h[0xa5][0x4][0xb0][0xb6]NI[0x87]![0xd2][0x86]9[0xa9][0xdd]q[0xbd][0xf][0xb][0x6][0xee][0xb0][0xe6]XO[0xf0]L[0xc9]j[0x4][0xa6][s[0x84]]:[0xf8][0x9e][0xa7]a[0xd0][0x18]JX[0x1][0xbf]3[0xd5][0x1f][0xba][0x10][0xf8][0xcc]X]4[0xef][0xc9][0x11](wX,[0xd6][0x16]][0xab]I[0xf5]54[0xd0][0x5][0xa5]/L[0xda][0xea]7[0xd6][0x18]n[0x1f]E"[0xd0][0xd9][0x19][0x8b];- [[0xf4][0x91][0xa7][0x7][0xaf][0xbc]uu[0x1d][0xda][0xe3][0xab]p}[0xf9][0xba][0x18][0x1e]P[0x10][0x1a][0xf7][\r][0xa5]$2[0xac][0xd4]|[0x8e][0xa8][0x1]aZ[0xc2][0x9c][0x82][0x13]B][0xe2]%P[0xed][0x9d][0x80]xh[0xe1]\[0x8e][0xa5].f[0xa5]"[0xbe][0xf2]o}[0xb][0xaa][0xd3]F[0xcb][0x2] [0xa2][0xee][0x96]\[0xe7]y[0xaa][0xfa][0xe1][\n]"
05:56:02.418 [main] DEBUG org.apache.http.wire -  >> "[0xb5];[0xd7][0xfa][0xc0][0xe1]&[0xdd][0xa3]=[0xbd]y[0xac][0xa3][0xb2][0xcc]*[0x8e][0x82]&[0xb2][0xfa][0x2]1[0xd5][0xea][0xd9][0x15][0x6]Q[0xda]J[0x0][\n]"
05:56:02.418 [main] DEBUG org.apache.http.wire -  >> "[0xd2]rk[0xd0][0xf2][0x12][0xbc][0xd3][0xfc][0x2][0x83]M2D[0xbb][0xe][0xba]^C[0xbe][0x88][0x1b][0xcd]\[0xc0][0x12][0xd6][0x80][0xc4]WB:?[0x9e]5[0xd6][0xc7])[0xe0][0xa1].[0xb6]c[0x9a]p<L[0xf4][0x90][0xbb][0x85][0xed][0xb0][0xd5]Q[0xac][0x15][0xb0]l[0xe8]S[0x9b][0x96]v[0x97][0xe5][0xef][0x0]{\[0x86]ra6,O[0x80][0x1a][0x80][0xf]ex[0xf][0x81][0x99][0xb8]-[0x81][0xb2]'7[0x1e][0xb3][0x1b][0x81]'N[0x85][0x82][0xda]YY{x[0xb6]5,[0xb1]r%[0x16][0xe6][0x13][0x9b]n[0x96]L[0xed][0x85]4Zi[0x89][0xf8][0xc8][0x17][0x89][[0xde]T)P[0x16][0x9][0xae]G[0xec][0xf3]m[0xbd]i[0x1][0xd9][0xa2][0x8f]$[0x1d][0xe0][0xf5][0xb9][0xcb][0xd5]u[0xb8][0xbd]|]l[0x8f][0xb8]H[0xe]J)[0xd2][0xa9][0xbe][0xbc]([0x1f]j1[0xba][0xaa][0xc9][0x85]k)[0xd8]S[0xd4][0xab]/[0x1f][0x14][0x12][0xfb]jyl[0xed]:[0xcc][0xf2][0x8d].!*[0xd1][0x8e]*[0xf3]{j[0xeb][0x1b][0x8e]S[0xea][0x98][0x89]Q[0xaa][0xa5],b"B[0xbe][0xdd][0x18]q#[0xd4]s[0xa2][0x1b][0x97][0x9f][0xcd][0xb0][0x8a][0xc8][0xe2][0xe1]:3[0xb1][0x2][0xaa]y[0x87][0xee][0xdb][0xae]2[0x1b][0xd6]d[0xd7][0xed][0x87]?[0xb2][0xb][0x17]w[0xdc]F[0x80][0xa6]+l[0xa4][0x13][0x9e]}[0xa7]hu[0x18],[0xe][0x87][[0xce][0xdb][0xac]!<[0x16][0x8f][0x6][0x96]ty[0xad][0x80]XHl[0xce]$[0xe9]#[0xcb][0xbe]P[0xd0][0xb6][0xf5][\n]"
05:56:02.418 [main] DEBUG org.apache.http.wire -  >> "?i[0xc][0xe9]|[0x8e][0xd9][0xd9]`pY[0xb]p[0xd4]Q^;[0x9a][0xd8]F[0x8b][0x8d][0xb1][0x13]Qn[0xb0][0xfc][0xea][0x87]*[0xab]8[0xab][0xe3]G[0x85][0x84][0xf7][0x19][0xed]Y[0xf4][0xf3][0x84][0xbd]N[0xfc][0x97]>[0xb5][0xce]RL3[0xef]gOV{56[0x80]{[0xbd][0x8e]L[0x93]B[0x2][\r][0x4][0xe8][0xb5][0x87][0xd5]z[0xe2][0x8e][0xbe][0xe4]PJ<[0xae][0xe6]_9[0xbe]e[0x9d][0xb9]}[0xef]{[0xf1]-[0x1b][0xdd]Z[0xb4][0xe8]#D[0xf][0xff]w[0xff][0x9f][0x17][0xae][0xb][0xe8][0xc5][0x8b]]][0x87]{[0xd6]a[0x11][0xdc]>Th[0x83]q[0xaf]Z[0x8c]n[0x9d][0x94][0xb0][0xf9][0x19][0x97][0xa8][0xc9][0x97][0xbc][0xd8][0x81]c?[0x1f]n[\n]"
05:56:02.418 [main] DEBUG org.apache.http.wire -  >> "[0xac][0xb2]*[0xc]8S[0xcf][0xc8][0xe1][0xb8]4[0x5][0xa3][0x85]lm"m[0x1]i[0xaa][0xdf][0x9e][0xdb][0xa0][0x99]q[0xd6][0xb2][0x97]`Rq[0x93][0xcd]$[0xb6]b%[0x2][\n]"
05:56:02.418 [main] DEBUG org.apache.http.wire -  >> "[0x8][0xbb]\QdC@[0xf1][0x94][0x84][0x1][0xa1][0x3][0xb5][0xdc][0x80][0xcb][0xc3][0xa8][0x14][0xe1]*V[0x10]]n[0xdd]'[0x97]~5C[0xba][0xcc]A1d/[0xf7]&5v[0xdc][0xd9][0xaf][0x8e]1[0xc5][0x1c][0xc7][0xbc][0xbf]5[0x87]#n[0xa5][0x81]&[0xc3][0xf8]u[0x12][0x8e][0xd6][0xdb]8[0x1c]g1_[0xed][0xd8][0xe6][0xef][0xda][0x1d]-[0xb][0xd9][0x83]5N:[0xee][0xcd]f[0xad][0x3][0xa3]0[0x0]2[0x14]l[0xe7]U[0xad]?N[0xbf][0xd1][0xd4][0x1c]e[0x96][0x5][0xc5]>@y[0xcb][0x1f][0xcb][0xa5]9[0xc6]5[0xc4]s[0xc0][0xb5][0xd1][0xd1][0xb4][0xd3][0xd8][0xd5][0xb8] [0x15][0xd6]{[0xdc][0xa0][0xd0][0x1](;1$[0x1a][0x8d]}d[0xfc][0xb2]B[0xc6][0x6]M|[0xdd]#[0xd1]c[0xa7]e[0x91]-z[0xea][0xe9][0xb0][0xbe]~[0xfc]rd[0x1d]^'[0xfb][0xfd]^[0x10][0xed][0xe3]'[0x80][0xd5]?[0x94]K[0x1a]s[0xc2]S[0xee]6[0x17])[0x95]N[0xee]}[0x99]A[0xf1]z[0xbe][0x1c]FF[0x99][0x9c][0xc2][0xaa],[0xb3][0x0][0xb8][0xd1][0xa9](~[0xb0][0xfd][0x9e][0xc3][0xf2][0x12]M[0xdb][0x4]E[0x9c]:y@[0xde]x[0x8b][0xab][0xd2]i![0xd6]6Hc[0x89]qH[0xdc][0x5][0xb2][0x5]^[0xa1][0x10]$q[0x98]^h[0x8f]3i`[0x84][0x8c]D[0xc7]o%[0xa1][0x15][0x3][0xc0][0x93][0xb][0xae][0xe0][0x19][0xba][0x9a]Z[0xd8][0xd5]U[0xb1][0x92][0xd1]N;[0x9]B[0x8]|'/.m|[0xa2][0xa6][0x9d][0x1][0xd1][0xdf][0xe1][0xca][0x84][0x5][0xc9]{[0x87][0xce][0x80]@S[0xe9][0xfd][0xad][0x8d][0x98][0xb7]q+[0xe0]R h[0xed]z[0xf4][0xb6][0xcb]'[0xb0]T[0xc3][0x9d]&G[0x15][0x16]=N[0x8a]z[0xd1][0x8f][0x94]+[0xaf][0x18][0xc7][0xfb][0xab][0xfe][0xd2][0xbf][0xa8][0x88][0x9c][0x89][0xa1]<5[0xd4][0xca][0x13][0xc0][0xcf][0xc6][0xf9][0x1e]5[\n]"
05:56:02.419 [main] DEBUG org.apache.http.wire -  >> "[0xc5][0xc5][0xfa][0xcd][0x8e][0x93]I:)0o[0xde]b[0xf2][0xd9][0x88]O[0xb2][0x99][0xf4]bl[0x19]J[0x16][0xaf]D[0x10][0xb5]s][0xb4]+[0x9e]}[0xa3][0xdf][0xde][0xcd]D[0xf1][0xf4][0xe8]$![0xab]w[0xcf][0x19][0xc7][0xfc]rJ[0xf4][0xd8]i[0x1][0xd9][0xa2][0xa7][0x96][0x1e][0xfe][0x9b][0xbf][0xfa][0xe8]:[0x8d]_[0xbd]N[0xea]Gr[0xb9]WtD[0xbb][0x94][0xbc]3[0xb1] n[0xa6][0x0].!k[0xe1][0xaa]a[0x96][0xd0][0xcc][0x12][0xa6][0xd6][0xa7]Uj[0xc6][0xa3]X3[0x9d][0x83]E[0xb][0x8d]W|h[0xe2][0x12][0xb0][0xaa]>[0xb4][0x90]a[[0xdd]D[0x8b][0xad]EO[0x81][0x1d][0x1d][0xb3][0xa9]L[0x8b][0x16]Z[0x90][0xbd].j[0xb3][0x8f][0x98]Dq[0xae]K[0xb3][0x8e]WEi[0xf1]!B[0xbc][0x13]YJ[0xed]>[0xc0]&[0x0][0xe2][0xc5]rk[0xfd][0xbc]91=[0xa9][0x85]`f[0x9a][0xf5][0xe9][0xa1]<K[0x81][0x17][0xed]o[0xc]*[0x12][0x10][0xac][0xa1]@[0xaf][0x89][0x18][0x1d][0x8f][0xc3]8A[0xe8][0x5][0xd9][0xd4]18[0xf3][0x13]HLjC[0xc6][0x85][0x9f][0xa8][0xb7][0xde]t[0xe0][0xe7][0xa7][0x9a][0xf7]&e[0x9b][0xe8][0xe]b[0x1b]%:[0x18][0xdd][0x8f][0xe4]Za;[0xe7]$[0xac][0xe5][0xb2][0x9a][0x1a][0xa9]0[0xfe][0x9a]T[0xb9][0xff]T[0x0][0xc1][0xb9][0x8e]9[0xab][0x89]%[0xbd][0xe5]"[0x88]1l%ZG[0xc5][0xa2][0xb4][0x9]S}.8[0x16]2[0xde]`[0x1e][0xdc][0xcf][0x86]qk%+[0x15]>[0x18]W[0xe1]#)G[0x14][0xba][0x9e]8[0x86]6[0xd1][0xdb]Q`[0xb6][0xe3][0xda]H[0xf4][0xd8]i[0x1][0xd9][0xa2][0xa7][0x8a][0xbe][0xf2][0x17][0xfe][0xbf]?[0xf9][0xe4]{[0xdf]y[0xf1]:y_[0xb9]j[0x8a][0xf7][0xfb]H[0x9c][0xbe][0x87]Z}i[0xe3][0xc7]5([0xfe][0x9b]X$&^[0xff][0xfc][0x8b][0x93][0xb3]k[0xe7][0xb0][0xba]|l[0xc4][0x4][0x8c]*[0xa0][0xae])[0x1b].@[0x9e]K8[0xc4];H[0xf1]vf[0xdc][0xf1]v[0xa7]Q`[0xe2]o[0xca][0x87][0xdb]%[0x86][0xf5][0x8c][0xde]C[0x8]{[0x1b]DGI[0x8c]#[0xc1][0x9d]UrX87[0x4][0xc2];[0x93][0xb7][0xbb][0xd0][0x15][0xe0][0x88]iP[0x18]\[0xde]1[0x15][0xec][0xab][0xf][0x0]/[0xb0][0xda]LP [0x88][0x81]1<`"<;[0xe4]srw[0x92][0xff]G[0x9d]|#s[\r][0xa7][0xb8][0x82][0x1][0x9e]0A[0xbc][0xdd][0xc6][0x86]M[0xd3][0x4]J[0xeb][0x81]v5[0x99][0xc0]7[0x9a][0x9c][0xef]@[0xe2]*$[0xe0][0xba][0xba][0x86]Q:][0xc2][0x9a][0xdc][0xb0][0xff]X[0xee][0xbe][0x1][0xaf][0x81]a[0x16][0x5][0xe9]R[0xf]78[0xd5][0xa0][0x99]|[0xf][0xd1][0xa7]|Z[0xee]D.f=[0xaa][0xfe][0x83][0xa2][0xdc][0xd5][\n]"
05:56:02.419 [main] DEBUG org.apache.http.wire -  >> "[0x93][0xb1][0xb5]T[[0xfc]f[0xc6]Ok[0xac][0xf6][0x8b]G[0xbe][0xb0][0x93]Mk%[0x1]MF[0x1d][0xbb][0x9d]U.[0x17][0xa6][0xe6]R[0xf5]1a[0xe3][0x94][0xe8][0xb1][0xd3][0x2][0xb2]EO[0x5]=|[0xed]j}[0x85][0xbd][0xfa]d[0xfb][0xce][0xb]}[0xfc]M[0xad]0[0x8d]g[0xd0][0xf8]p[0x8][0x8][0xa8][0xdd]-[0x8][0x83]H[0x94]7SK4XI-[0x14][0x89][0x94]Ni"
05:56:02.420 [main] DEBUG org.apache.http.wire -  >> "[0xd8][0x16]]K[0x1][0xf8]Q[0xb2][0xde][0x16][0x98]p'[0x89]P[0x86][0xcb][0xdf][0xc][0xd6][0x0]7[0x99]eM[0x97]r[0x97][0xd8][0xc8][0xd2]K[0x89]oift\[0xc7]R)mIn[0xae]}2[0x13]7[0xd0][0xf1][0xce]'X*|[0xc2]i[0xc8]Taj3A[0xe0]R[0x9c][0x3][0x88][0xac][0x1][0x14]> [0xc3][0xbf] ZM[0x84][0xdb][\n]"
05:56:02.420 [main] DEBUG org.apache.http.wire -  >> "}8[0xf7][0xa1][0x19][0xc][0xc3]l[0x95]u[0xbd][0xe0]'[0x84]tr*[0xc8][0xee])[0xd3]e[0x9f]_Y [0xc0]WJGW}[0x82][0x2]8[0xcd][0xb2][0xa1][0xa0]P[0x87][0xb9][0xc9]1[0xb1][0x16][0x98]7[0xea][0x89]&[0x81][0x84][0xec][0x97];nk[0xb][0x16][0xc3][\r][0x89][0x9f][0x3][0xc0][0xd8][0x1c][0xcd][0x9b][0x8a]w[0x2][0x15][0xc][0xca][0x88]u[0xdb][0xd4][\r]+[\r]t[0xe5]IH\[0x90][0xf3][0x4]5[0x86][0xae][0x82][0x4][0x1a]kg%[0xbc][0xef][0xc6][0x1][\n]"
05:56:02.420 [main] DEBUG org.apache.http.wire -  >> "[0x1f]K-=[0x2]^^[0x8b]dx[0xb4][0xd2]AE[0xa4][0x93][0xa3][0xc2]t,[0xda][0x8d][0xd8][0xfc][0xb3][0xd2].[0x3]e[0x18][0xd6][0xa1]d[0xb]s[0xbe][0xe7][0x10][0xea]:[0xcd]_[0x9f][0xfd][0xfa][0x89])v;[0x90][0x8b][0x16]}@[0xf4][0xe0][0xb5]k[0xec][0xcb][0x9f][0xd9]c_[0xaf]\[0xbf][0xde]?[0x7]{)$[0xac][0xb5][0xc2][0xe3]z[0x3]O[0xc9][0x86][0xbc]7[0xff]"[0xa5]8[0x4][0xa0]RL[0x9a][0xb8][0x16][0xb1][0xb8]][0xac][\r]E[0x7][0x5][0xd0][0xc6][0xcf][0xa0]K/[0x8f][0x1b]JQ[0x81][0xac][0xb6][0x19][0xe0][0x1e][0x1d][0xb1][0x94]3e[0x9d][0x84][0x6][0xbf][[0xe8][0x13]8U[0x8a]kY[0xc1][0xbd][0xa5]@[0xf6][0x3][0xfd][0xea]LMX[0xab]-[0x1c]QH[0xa9][0xe3]&Y[0x92][0xd1] [0x8d]g[0xf3]D[0xf7]9[0x1e]e[0xfa][0x84][0xc6][0xcb][0x10][0xf7]H*[0xc1][0xd4][0xd6]V[0xb5][0x1f][0xbe][0xb0][0x8e];[0x89][0xa5]P[0xfd][0x8][0xfe][0x3]K&z[0x8c][\n]"
05:56:02.420 [main] DEBUG org.apache.http.wire -  >> "[0xa8]o-[0x84]3[0x18][0x5][0xcb][0xa2][0xcf]R[0xef][0x89]f![0xc7][0x85][0x96]y+'H][0x8f][0x9b]9[0xd2][0x1f][0x1a]&[0xfc]8[0x1c][0xd9]Ty*[0x86][0xf1][0x1a][0xc4][0xb9][0x9b][0x9d][0x93]T[0xac][\r]q[0xa7]E[\r][0xb][0xaa]&[0xb1][\r][0xa5][0xaa][0xe6]2xKK[0xbf][0x13][0x91][0xc][0x80][0xc2]>[0x1a][0xc7][0xc1][0xc0][[0xae]![0x6]u[0xeb][0xd9],{[0xba][0x9e]i[0xf1][0x87][0xba][\r]EWD}[0xad][0xb4][0x89][0xf5][0xc]W[0xf1][0xb0][0x82][0xe3]4v[0xef][0xb4]n[0xac] 7[0xfe][0xd6]7~[0xed][0xf1][0x17][0xed]D[0xcb]"[[0xf4][0x81][0xd3][0xc3][0xbf][0xf0]k/[0xd8][0xf6][0xe4][0xb5][0xeb][0xcc]~[0xa1]}KQ[0x16][0x89][\n]"
05:56:02.420 [main] DEBUG org.apache.http.wire -  >> "[0x8d]r[0xac][0xa8][0x81][0x90]W[0xcb][0xb5]6[0xcb]-[0x9][0xe8]SZ[0xd9]p[0xe9][0xb5]`[0x85][0x86][\n]"
05:56:02.420 [main] DEBUG org.apache.http.wire -  >> "%[0x93][0xfb]}:[0xfa]^B[0xd3][0xa7][0xc2]w|[0xdd]:[0xae]TW`q[0xa1]Q[0x1a]+I[0xc1][0xd0]g[0xf9]y[0xe8][0xd9]sX[0xbf]ty[0x11][0xc4]P[0xce][0xd1][0xb0]jC[0x9][0xb1]v[0xfd][0xa4]{[0xaf][0xf4]UG[0xa6]ri[0xdf][0xbb][0xe5]wz[0x11]d[0xeb][0xff]'[0xab][0x83]{[0xc5]j0X[0xb6][0xa5]p/[0x97][0x96][0x8d][0x84][\r][0xc6]rh[0xbf]E[0x1f][0x1f]5[0xad][0xdb][0xe3]%[0x91][0xf9]l[0xb1]x[0x0]Dt5[0xdd]o~?[0x9][0xb9]VXh.[0xf4][0x90][0xab][0x1d]`[0xea][0x16][0xcd][0xf1][0xa2][0xc5]h'[0xc5][0x1]BY[0xf8][0xe2][0xaa][0x8][0xc][0x17][0x1f][0x81][0x17][0x85][0xd7][0x5]z3[0xc5]bj[0xcc][0x8b][0xb3]{[0xad]:I[0x80][0xf]Zfcl[0x9a]A[0x18][0xfc][0xb6][0xa2][0x81][0xb]`[0xb6][0x3][0xc1][0xd9][0x8f][0x8e][0xc7]A[0x87][0xf3][0x1c]9[0xef]6w[0xdb]n[0xe][0x8c].-[0x8][0x1]/3[0xba] [0xa8].[0x8][0xd0]9[0x14][0xe]xG[0xf2]~[0xae]A[0x80][0xa2][0xf]%"[0xfb]U [0xc8]5[0x94][0x13][0xa1]][0xce][0xfb][0xe0][0xdd]$z[0xec][0xb4][0x80]l[0xd1][0x7]B[0xbb][0xf5][0xf5][0x99][0xcb][0xb3]/_[0xa7][0xe2][0xd7]"[0x9e]<[0x12][0xdf]G[0xc5][0xe3]E[[0xb4][0x9c][0xc2][0xe5][0xb5][0x13]a[0xd9][0x9a]z/[0xcc][0xf6][0xff]+xxK4o[0xd9][0x1d][0x8c][0xd2][0xa4]Ua[0xd4][0x14]![0xd9][0xe9].[0x81][0xd0][0xb6][0x2][0xa2]|[0xa6]\\[0x1b][0x94]K[0xb3][0xe1]N4[0x1b][0x16][0x12]e[0xf]~"[0x8][0xb8][0xb6][0x15]Z[0xe7][0x4][0xc1][0x9d]z[0xb3]u[0x8][0xb4]7[0x83]L[0x8d][0x86][0x80][0xd5][0xe3][0xae][0xae][0xac]h[0x99][0xae][0x12]T-[0xda]tw[0x19][0x84]a[0x84][0xca][0xa9][0x96]cP[0x1][0x80]8j[0xd9][0xda][0x89][0xd9][\r].F[0x8d]^[0xc3]][0x5][0xee][0xca][0xa3]V$[0x92]W[0xae][0xce]B[\n]"
05:56:02.420 [main] DEBUG org.apache.http.wire -  >> "q[0x1][0xd0]s=v[0x9a][0x1b][0xe6][0x98][0x1f][0x5][0xb8][0xa5]t[0xa0][0xff]p[0x7]z#@6[0x16][0xd6][0x83];Op[0x11][0x6]h[0xe1]6[0xc7]1[0xd9][0x82]l[0xd0][0x18][0xc][0xc3]s[0x1b][0xa7]f[0x83]s[0xcf][0x87][0xd0][0xf2][0xf][0xec][0x8f][0x19]5[0xb][0x15][0xfe]=[0xce]4 M[0xf8]R[0x8c][0xc3][0xfc][0x96]lQu[0xc7]bq[0xc]>r[0xe9][0xd5]7/[0xeb][0xb2]N[0x0][0x19][0x1e][0x12]O[0xb0]1[0xdc]AD[\r][0xcd][0xf8][0x5][0xf][0xca][0x5]K[0x85][0xa7]=[0x12]^n[0xe0][0xd9][0x88][0x1e][0x9f][0x9c]`[0xf1][0xb3];h[0x1][0xd9][0xa2][0xf7][0x95][0xe][0xf7][0xe1][0xbd][0xe7][0xae][0xee][0xc3]x|[0x9d][0xab][0xcf][0x8b][0xf6][0xc][0x84][0x82]^X[0xeb][0x3][0xb][0x13][0x8b][0xe]2[0xa6][0x5][0x87][0x0][[0x15]F[0xb][0xc5]5[0xae]%[0xc2][0xb1][0xd1][0xc][0xe4][\r]\c[0xf1][0x98][0x8][0xc9]P[0xdd]0[0x98][0x0]2[0xd3][0x98][0xa7][0x5]I[0xed][0x14][0x8f][0xe5][0x8f][0x13][0x18][0xea][0xb7][0x96][0xee]%[0xdc]N[0xcf]O[0xcb][0xc7][0xe8]Y*[0xbc][0x88]S&$[0xf8][0x81][0xe0][0xf],%[0xc0]I[0x1]b[0xb9][0x2][h[0xc]1[0xdb][0xc2][0xbe][0x14][0xef],^[0xb4][0xfb][0xba]+DC0zBo[0xac][0x9b]n[0xbb]~>[0x6][0xdc][0x11]_[0xc]"m[0xcb][0xb8]B[0xb2]9f[0xc7][0xf3][0x97]@<[0xe6][0xa8]Y[0xdc][0xb1]*A[0x9b][0xc5][0x9b]K[0xc2][0x10][0xe2]=~B[0xa5]*[0xab][0xca]`[0x91][0x9b][0x93][0x1]~[0x87]{1[0xe7][0x83][0xc2][0x8c][0xb1][\r][0xe2]re[0x12][0xd1][0x91][0xf4][0x92]s5[0xdb]Rp[0x11][0x83][e[0x98][0x4][0xb6]Y8[0xd7]K[0xd5][0xc1]Y[0xb2]%[0xe7][0xc2]Z[0x87]9[0xcd]e[0xcc][0x13]w<[0xd7].k[0x1f][0xd6]![0xc7][0xa0][0x94][0x9][0xf8][0xd4][0xb9][0xe][0xfb][0xa6][0xc6],U[0x6][0xbc]t[0x0]M*[0xd9]<[0xdf][0x12]![0xeb][0x5]#[0xd3]K$\50[0xeb][0xfa][0xc7][0xd4][0x8b]]Ix[0xdb][0xee] [0xb7]E[0x8b][0xde][0x7]:[0xdc][0x87][0x16]/_<^[0xbc]z[0xa7][0xee][0x97]J=c$m[0xbf][0xf4]<[0x8c][0x90][0x18][0x8b][0xc9]BC[0xc6][0xd4]F[0xdf]<s[0xb6][0xf3][0x19] [0x8b][0xa7];[0xc][0xf2];k[0xa0]6O`[0xf0][0x94][0xc7][0x81][0xfd]by[0xe7]%W[0xbe])[0x10]r[0xe9][0xb2][0xbc]^X[0xd3][0x1a]`L@[0xda]}[0x12][0x98][0xec]\[0xdf][0xdf]Z|TV%@kc[0xdf][0xcd]cl[0xaa]m[0x8b][0xc0]z[0xf5][0x13][0x17][[0xd6][0x94][0xe0]+@[0x9f]|[0xf1][0x8a];[0x99]"F[0xf1][0x92][0xae] [0xe1][0x17]cng[0xcd]=[0xd8][\n]"
05:56:02.421 [main] DEBUG org.apache.http.wire -  >> "u5[0x96][0x90][0x82][0xb2][0x80]l[0xf2][0xf6])[0x99][0x85]X[0xd8][0xd4]f[0xa8][0xb0][0x4][0xda].([0xda]m[0xeb]F[0x90]g[\r][0xb0][0xa6]q[0xca][0x13][0xcf][0x8e][0x9f].b[0xdd][0x91]![0xfa][0xe7][0x8e]zL[0xc6]_[0xb3]"[0xf6][0xfa]6[0x8e][0xa5][0x9f]6[0xab][0xe7]m[0x1b]cG:gJ[0xc0][0xbf]c=fd[0x8a][0xae][0x5]\[0xb7][0x90][0xeb][0x98][0x8f]e[0x94][0xeb][0xd4][0x88]nv1[0xc1][0xfc]4[0x7][0xc3][0x1a]N;[0x8e][0xa6].A[0x89][0xbf][0xe5]u[0xeb][0xdd][0x18][\r]^@T[0xf4][0x7]|n[0xa5]*[0xd7][0x87][0xc]N[0xae][0xfb][0xd0][0xe9][0x8c]&[0xe4][0xfc][0xb9][0xfe][0xf3][0xbb]w[0xc5][0xc7]vZ[0x16][0xd9][0xa2][0xf7][0x94][0x1e][0xfe][0x1f][0xaf][0x0][0xf6][0xc4]^[0xbb]N[0xba]G[0xb9]P a[0xf][0xa1][0xe6][0xae]^[0x89]([0xe1][0x93]Zv[0xde]v[0xa8][0xcc][0xfb][0x1e][0xcd][0xed]p[0xb3][0x3]7 [0xa8]RL[0x11]w[\n]"
05:56:02.421 [main] DEBUG org.apache.http.wire -  >> "[0x8c][0xb2][0x8a][0xfa]^[0xa4][0x9e]?[\n]"
05:56:02.421 [main] DEBUG org.apache.http.wire -  >> "[0xdf]n@[0xf4]W[0x82][0x9b][0xc1][0xb5][0x83]u[\r][0x84][0xcd][0xb5]|[0x80][0x9c]ml|[0xd5]S[0x2]7[0xc4][0xdd][0xd8][0x82]`xn[0x2]q[0xb2][0x9]z[0xe5][0xca]+[\r][0x17]eCH[0x98][0x99][0xba][0xc0]bZj[0xd2]U[\n]"
05:56:02.421 [main] DEBUG org.apache.http.wire -  >> "[0x1][0x11]|[0xc9][0x81][0x12][0xba][0xe5]6[0x15][0x91]eN[0x3][0xa2][0x1a]\[0xd1][0x17]j[0xc7][0x15]pa[0x10]_Q/[0xa8]=@[0xf5][0xaf][0xca][0x5]c[0x9b][0xf2]q[0x17][0xb][0xa3]A[0xb0][0xe5]p7[0xee][0xc]b[0x12]s[0xac]Kl8,[0x1c][0x1f][0x16][0xd9])a[0x86][0xcf][0xab][0xe3]UHN[0xaf]7[0xa3]rs[0x16][0xb2][0xf8][0xeb][0x2][0xe8]2R[0xd2][0xd7][0xe2][0xaf][0x99][0xa9][0xbb][0xd3][0x1][0xab]j[0x86][0xe2][0x83][0xf7][0xbd][\r][0x6][0xe2][0xb6]DY^[0x6][0xab]@[0xf]@[0xac][0xda]m[0xad](8[0x10][0xcf][0xb5].M[0xf6] [0x12]v86/y[0xf]+[0x86][0x98][0x16][0xae][0x89]k[0xbe][0xc7][0xc4]zk[0x86][0x91][0xf5][0x2][0xfa][0xe9]u[0xa9][0xbc][0x18]]o[0x9a]@[0x92][0xd8][0xb7]a[0xca]B[0xf7][0xdb][0x9f]x[0xdb][0xde][0x81][0x16][0x90]-zO[0xe8][0xe1][0xff][0xfe]W[0x1f][0x99][0xdd]{[0xd5][0x9e][0xe8][0xe6]e[0x99][0xdd][0xfb]_[\n]"
05:56:02.421 [main] DEBUG org.apache.http.wire -  >> "[0xb8][0xc0]R(=[0xad]c[0x3][0x1d];[0xe1][0xfa][0xad]u[0x6][0xe5]u/c[0xf3][a[0xa9][0xae].k[0xed]U[0xdc][0x1f]X[0xaf][0x90]?[0xde][0x8e]Ew3[0xd9]P[0x9d]-K[0x81]P[0xd7][0xe2][0xd8][0xe9]#HL[0xc9][0xb][0xa8][0x82]9AMV[0x5])[0xae][0xe1][0xd1]vIF[[0x12][0xf4][0x8a][0x9a][0x80]SH[0xff]*[0xce]S[0x9e]'tC[0xa5][0xef][0xc9][0xca][0x80][0xfc]i0[0xcb]Q[0xa1]@[0x9b]e[0x9b][0xaa][0xf7][0xe8]#]H[0xc8]B[0x1c][0x10][0xca][0x98]W[0xb0][0xcd]5ND[0xe1][0x80][0xe0]7[0xb8][0x0][0xbb][0xcd][0x8e][0x4][0x1f]>[0x1e][0xfd]`Y[0xe][0xb5]Y[0xef]`g[0xa5]z[0x9b][0xb4]/;[0xe4][0xb0][0x84][0xc9][\n]"
05:56:02.421 [main] DEBUG org.apache.http.wire -  >> "[0x82][0x9e][0x9b]~&0d[0x8c])t:[0x98]QQ[0xb8][0x9a][0xc8]9[0xd6][0xac][0xa3][0x87][0xdc][0xcd]f[0xc6]$-[\r]jU[0x6][0xcb][0xc7]h[0xef]@i[0xa9]T%[0xa2][0x4][0xb5][0x8f]h[0x5]([0xf9] [0xe]P*/[0xf4][0x8][0xd7]|![0xbf]+Lj~j[0x8f][0xb1]A&[0x96]R[0xb1][0x1e][0xed]w[0xbe][0xbd]:[0x14]`[0x0]T[0x15]#[0xe4][0xf4][0xc7][0x9c][0xa0]o[0xc1]o][0xaf][0x13][0xac][0xab][0xe9][0xd6]J)[0xf8]V[0x0][0xe6]s[0xbd][0xb9][0xce][0xcd]*{[0xdb][0x9e][0xdc][0x19][0x1f][0xdb]i[0x1][0xd9][0xa2][0x1f][0x89][0x1e][0xfe][0x1f][0xfe][0xe1][0xcb][0xd7][0xc9][0xf6][0xea][0xd5]w[0xf2]@[0x5][0xbb],[0xfd][0xdd][0xbf][0x10]G[0xd0][0x1a][0xaa][0xb6][0x99]f[0x8c][0x89][0x8c]PI.B[0x15][0x82][0xa3][0x82][0xc2][0x4][0xb7]C[0xfe][0x97][0xb0][0xb5][0xce]B+C[0xa3][0x16]X-"kl[0xe8][0x84][0xb]6[0xd7]t[0xc1][0xb8][0xc8][0xe7]|[0xbe]#[0xec][0xb1][0x1d]&[0xe6][0x8d][0x0][0x12](t[0xe5][0xe][0xfe][0xb4][0xd0][0x14][\r][0x9f]`'q84[0xf][0xd7]Sn[0xa9]G[0x8]r[0xa6]y[0x8e]v[0x9f][0x9e][0xf]b1L[0xd9][0x8a]e$[0x8]f[0x86]c5[0x9b][0xdb][0x8e][0xf2]{[0xb6][0x87][0xb8]RB[0xbc][0x1][0x3][0x18][0x1b][0x92]N_[0x6][0x9b][0xf2]56I[0xdd]7[0xd3]M[0xe5][0x9d][0xed]X[0xad][0xde][0x4][0xf7][0x8f]:[0xa2]@[0x10][0x1c],[0xb3][0x13]f[0x8e][0x80][0x11]hX[0x80][0x98]*[0xb0][0xb8][+[0xb0][0x8e][0xf9][0xed][0xef][0xa9][0xcb][0xc4][0x3][0xb4]#[0x1b][0x1][0x5][0xcb][0xb2][0x93]UW[0x95]$[\n]"
05:56:02.421 [main] DEBUG org.apache.http.wire -  >> "[0x94][0xbb][0xb9]Zk[0xad][0x88][0xa0]}-[0xe0][[0x5]1Z[0xfa][0xb8][0xb7][0xfa][[0x8][0xd5]u[0x84][0x89]%e[0x98][0xb7]!c[0xdf][0xf5]c[0x82][0x1d][0x1f][0xc2][0xc4][0x8a][0x1a][0x14][0xe2][0xda]mD)[0xcf]=A[0xd7][0xda][0x93]a[0xdd]][0x8c][\r][[0xcd]"{.[0xc2][0xb8][0x8d]R&$[0xc9][0xc3]Gy[0xaa][0x1c][0xc8][0xfa][0xaf][0xf2]>[0xf5][0xa9][0xbb][0xe3]cl[0xc4][0xa2]E?[0x8]=x[0xed][0xeb][0xf7]?[0xfd][0xa9][0xfa][0xd8][0xb7][0xed][0x95][0xeb]T[0xbb][0x9f]"%'[0xdd]!+[0xc4][0x8a][0xa8][0x13]*R[0x8][0xda][0xd0][0xd8])[0xe8][0x8c][0xd9]k-[0x0][0x86][0x1e]Ywwp[0xb8]@[0xc6]F[0xcc][0xc0][0xba]8cL[0xcc][0xfb][0xf2]$[0xc6][0x18]:H[0xde]q[0x0]-[0xbb][0x5][0x7][\n]"
05:56:02.421 [main] DEBUG org.apache.http.wire -  >> "7[0x95][0x96][0xe7][0x85]}[0xae][0xeb]N[0xeb][0xad].[0x87][0xa6][0xb2][0xcf][0xf2][0x1c][0xf7]T[0xfd]Q[0x1a][0xfa][0x10][0xd2][0x6][0xe1][0xe][0xcb])n[0xdd][0x8e][0xd1][0x98][0xdc][0xb2][0x9f][0xec][0xc3][0xb0][0x9d][0xf8]j[0x12]?[0xba][0xab][0x9f]l[0x9c][0x19]-[0xe8][0xf9][0xac][0x1b]a[0xa6][0xdb]*c[0xa6].)[0x87][0xf5]e[0xca][0xc6] `[0x84][0xc4]T[0xfc]4V[0x0]L7[0xe3]v[0x81][0xd0][0xf8][0x9c]rK[0xf][0xfc][0x95][0xe7][0xf6]6H,[0x7][0xd2][0x99][0xa1]%7[0xe8]\i[0x9d]4?F[0xb2][0x4]vs[0x9c][0xe6]d[0xf][0xa0]s[0xf8][0xef][0x9a]'F[0xd7][0xe2][0x1d]`[0xd1]e[0x95]{[0xce][0xc4][0xb2][0xad][0xa1][0x8][0x17][0x84][0x6]O[Y[0xd2]r[0xf0][0xb9]A[0x10]|[0x98][0x89]T[0x9c]cc[0xac][0x86]&[0x86][0xee]D[0x9b]Q[0xcd]w[0xba][0x8]'ozj[0xd5][0xea][0x8][0xe7][0x80][0x9b][0x80][0x92]X[0xde][0xd7]B[0xde][0xfe][0xad][0xf0][0xe7][0xca][0xde][0x81][0x96]E[0xb6][0xe8]][0x13][0x1],[0xfe][0xc9]+Wm[0xf9][0xbe]Y[0x1b]Y[0x97][\n]"
05:56:02.422 [main] DEBUG org.apache.http.wire -  >> "[0xa6][0x18][0xb5]B[0xc7][0xa2]k[0xbb]IWP[0xf9][0xbb]2[0xef][0xaf][0xac][0x8f][0xe8][0xe7][0x1c]VXJ[0xa0][0x9a][0xd3]u[0x1c]F[0xee][0xc7][0xf2]![0x18]uqZ[[0x0][0xd9][0x16][0x13][0x1][0x15][0x9d][0xd8][0xe1][0xf9][0x9e]/+[0x97]S[0xbb][0xb6][0xc2][0xd5][0x15][0xa8][0xdf][0xa1][0x9d][0x86][0x80][0x80][0x19][0x4][0xb9]R[0xe9][0xa8][0xe5][0xbe]Jk[0xe4]@[0x12]'[0xb0])T[0x1a]4g[0xf0][0x7]?9[0x95][0xee][0x81][0xc][0xc1][0xe]V[0xfc][0xaa]D[0x82]X[0xac][0x2][0xb7][0xd4][0xb8][0xcb],[0x82] [0xf2][0xe][0x9c][0xb1][0xdd][0x92]E8[0xe5][0x15][0xae]u[0xf5]%[0xb4]\[0xf9]a[0xd2]='[0xef][0xa3][0xac]f[0xab]g[0xc]^V[\n]"
05:56:02.422 [main] DEBUG org.apache.http.wire -  >> "[0xd2][0x8a]\[0x85]Q[0xfc]v[0xd5][\n]"
05:56:02.422 [main] DEBUG org.apache.http.wire -  >> "bQf[0x96]7[0x8b][0xc3][0xa4][0xdc]j_0[0xa1][0xa1][0xc7]'[0xbf][0xc3][0xf0][0xb2]2C[0xdb][0x85][0x97][0x9a][0x82][0x9a]INa[0xca][0xf0][0xa5][0xd3][0xaa]8[0xf3][0xcd][0xd5][0xbe][0x18][0xd3][0xc1][0xcd][0x87][0xe2]`[0xb7][\n]"
05:56:02.422 [main] DEBUG org.apache.http.wire -  >> "[0xc7][0xf9][0x99][0xd2][0x4][0x9c][0xeb]*MI[0xe0][0x93][0xa9][0x12][0xc7][0x9][0xa9][0xae][0xdf][0xc4][0x4][0x18][0xbf]n[0xed][0xde][0xaf][0xd9][0xb8]g6[0xc1]u[0xca]q[0xe3]8[0xd2]%[0x19]2[0xe]Uh[0xcc]6[0x97]%[0xc7]5[0xe2][0xbc][0xb5][0xd7][0x87][0xdf][0xac][0xc1][0xb2][0xc8][0x8e]J[0xdb][0xc3][0xeb][0xaa][0x1c][0xc0][0xd3]p[0xfd][0xed][0xc9][0x13][0xfb]O[0xec][0xfb][0xd0][0x2][0xb2]E(5[0x80][0xfd][0xd3][0xc7][0xd7]9[0xf5]|[[\n]"
05:56:02.422 [main] DEBUG org.apache.http.wire -  >> "[0xb8]c[0xf8][0xef]U[0xa3][0x97][0xf9],[0x8e][0x8e][0x8d]m[0xd1][0x8e][0x85][0xd4][0xda][0xa0][0x92]NAbP[0xcc]8[0xa9]E)[0xc4][0xe2][0xdd][0x1a][0xb8]$n`%[0xc6][0xfa][0x84][0xa8]^[0x81][0xfb]b[0xda][0x98]!X[0xb5][0x9]A[0xbb][0xc4][0xd5][0xcb][0xc5]i[0xa5]l[0xfa][0xda][0x16]J[0xf6][0x1][0x1b][0x14]<1@[0xb2][0xfb][0xa1].[0xc8]Y[0xf3][0x0]G[0x9f][0xbf][0xb2][0x92][0x96][0xd1]h[0xeb]IC6[0xa7]0[0x9f]@_[0xf][0x90]AH=[0x13][0xb][0x8b]*t3[0x8b][0xd8]*Y[0x8c][0xce]M[0xd7]AAv[0xe3]Z[0x85]%[0x99][0xb7]Z[0xd7]!_[0xd5][0x1f][0x18]Z6[0xad]E+[0xa1][[0x8d][0x9][0x1b][0x96][0x13][0xfb]JE$[0xfb][0xd8][0xdb][0x13][0xec][0xd4][0x97][0x80]W ([0xd9][0xbf]/[0xa9]pE[0x12]J[0xf2][0xa9]_[0xf5][0xa3][0xf7][0x8c]g[0xc4][0xe5]K<[0x11]w*[\r][0xcb][0x1e]#([0x2][0x1c][0x7]'[0xf0][0xa9][0x97][0x8f][0xc6]jsQt[0xb7]([0xeb][0x14]<r[0x98]k[0xd5][0x89][0xf2]ic%[0x19][0xe1]=[0xea][0x8f][0x3][0x1f]1[0xbf][0x12][0x91][0xc2]{[0xee]X[0x5][0x97][0xa9]@[0xb1](][0xff],[0x83][0xca]U[0xb9]F[0xa3]2L[0x99]@[0xe2][0x1c]>v[0xa9]X[0xf2][0xbd][0xef]m[0xdf][0xbe][0xdf][0x8][0xd9][0xa2]E[0xef]@[0x9]`[0xdf][0xb9][0x2][0xd8][0x93]W[0xae][0xf3][0xeb]>[0x94]~[0xc3]IAV[0xbe][0xf5][0x94]`[0xe5][0x8e][0xb7][0xe0][0xc][0xdf][0x86][0xa5]"[0xde][0xa3][0x18][0xcc][0x89]H[0x87][0xd1]%A[0xec][0x16][0xe]-[0xc][0x8c].'XI[0xd4][0xe8]$[0xf1][0xc1]L]"[0xa6]Z[0xa2][0xb8]>[0xc4][\r][0x92][0xae][0xcb][0xe3][0xc5][0x95][0x1b][0x85]|[0xdd][0xd5][0x82]S[0x17][0xe3]t3A[0xf3][0x9d]B-[0x82]7[0xf9][0xb8][0xaf][0xe3](Aa[0x3][0xbe][0x85]E[0x3][0xb][0xf4][0x2][\n]"
05:56:02.422 [main] DEBUG org.apache.http.wire -  >> "[0xe5] [0xc0][0xe1][0xbe]*[0xb]{y[0x0][0xde][0xe7]x"[0xf9]g.m5[0xe9][0xa3][0x0][0xb1]l[0x8a]v[0xeb][0xf8][0x9c][0x99][0xba]0[0xf5][0xb7][0xac][0xeb]d[0xcd][0xe][0x8b][0x1a][0x0][0x93]@[0x82][0xfb][0x9b]7[0x18][0xef][0xb6][0xc6][0xd5]MGf5[0x80][0xd5]\0[0xd4]I[0xeb][0x1][0xae]lx[0xcc][0xcc]|[0x8c]G[0xb8][0xf2][0x80][0xc][\r][0xb8]%M[0xe7][0x5]oQ[0xc6][0xf7][0xb8][0x9f][0xc7]z[0xce][0x9]i[0xd0][0x98],T[0x90][0xae][0xcd]r[0xb3][0xda][0xae]$[0xc8]#[0xa0][0xf5][0x1c][0xaf][0x9]"[0x5][0x80][0xdb][0x9d]m[0xec][0xfb][0x8d]k[0xb7][0xa1][0xac][0xe7][0xba][0xb][0xc0][0xeb]:[0x2]C$N[0xcc][0xf1][0xe4][0xfc]3n[0xa3][0xe0]zW[0xb7][0xf0][0xec][0xa7][0xac][0xa5][0x8][0x9b][0xee]g[0xce][0xaf]o}[0xf3][0x1d][0xd2][0xee]A[0x17][[0xb4][0xe8][0xe][0xfa][0xd2][0xff][0xe9][0xbf]|[0xfc][0x99][0xe7][0xfe][0xc9][0xef]\[0xd5][0xba][0xd7][0xc2]/[0x9f]/[\r]qR[0xc8]bru[0xf][0xd8]~$Bb[0x9d][0x97][0x86]W[0xe4][0xfc][0xb7]=[0x1d]%yr[0xf2]_[0x6][0xf4][0x99][0x8b][0x92][0x99]:[[0xa9][0x80][0xee][0xe2][0x12][0xca][0xa0][0xb4]K[0xb9][0xbd][0x18]][0xb4]5[0x15][0xee][0x14][0x11][0x80]a[0xd9][0x1b][0x83][\n]"
05:56:02.422 [main] DEBUG org.apache.http.wire -  >> "}[0x98][\r]G[0x95]N[0x8]t$8[0xb0][0xf0];>R[0x13]u7"[0xa6]Of[0xa8][0xbb][0x13][0xaa][0xb6]U[0x98][0xbd][0x84]}[0xd5][0xdd]OQ[0xf8][0xc0][0xe7][0xe2][0xba]tH[0xc1][0x8b]t[0xc6]:{[0xc1]:[0xa9][0xe3][0x96][0x98][0xd4]A[0x1]J[0x89]*[0xbc][0x19]J[0x6][0x9f]+8;Y[0xb9]Q {|[0xde][0xe][0x81][0x1e]>[0xe2]r[0x0][0xf7][0xce]5[0x80][0xcb]q[0x80]k[0xb3][0xad]~[0x93][0xa4][0xc3][0xe6][0x19]A[0xcb][0x98][0xaa][0xd0]N[0x82]fa[0x1][0x1d][0x1e][0xe1]`E[0x8d][0x17],([0xc3][0x10][0xd0][0x8a]d_N[0x0][0xe1][0x93][0xf][0xbd][0x95][0xa2][0xb4][0x80]r;[0xb0][0x15][0xa0][0xb][0x8c][0xa5]A5[0x96]![0xfc][0xf5]f[0xa8][0x0][0xba]a[0x1]d[0x13][0xc1][0xd3]K8[0x7]=|L[0x9e][0xba]^[0xd6]2[0xb5][0x87]nU>[0x13][0xa2]p[0xd4][0xb8][0x9a]YcQ`[0xf5][0xa0]}[0xf5]d1[0xdb][0x3]k+[0xda]a[0x8c][0xf2][0xa3][0x87]~[0x8c][0xd7][0xcd][0xa4][0xf4]C&[0xbc]c[0xb6]"h[0xb9][0x16][0x17][\r]z[0xf8]o[0xfd][0x17]/_[0xff][0xbc]z5J[0xbe][0xe0]~[0xc1]TtN[0xf8][0x9a][0xb1]P[0xfb][0xa1]u9f[0xbb]![0xd9][0xb8]42[0xc6][0xbc][0xea][0xc9][0x92][S[0x8][0xe2]bixE~[0x81][0x96]l"X[0x1d][0xb7][0xf9]pQ[0xd0][0x2][0xc9][0x95][0x6]a[0xe7]u_[[\n]"
05:56:02.422 [main] DEBUG org.apache.http.wire -  >> "[0x85][0x87][0xc4][0xdf]v[0xff][0xa1][0xf6][0xd1][0x8a][0x92][0xac]wI}[0x0][0xbb]ZA|8Z[0xaa][0xe7]=L[0xc4][0xf0]6[0xcd]:[0xcc][0xc7]5[0xcc]>n[0x4]3[0x15][0xf6][0x0][0x85][0x80][0xec]QH>[0xb]V[0xc9][0x8]d[0xd1][0x7]m#[0xa0][0x8f][0xf6][0x19][0xc6]1[0x87].[0xc4]B[0xb4][0x2][0xc8]*7[0x87]<([0xba] [0xa9][0xdb][0xb0][0xb6]i[0x91]zgHR[0x1e][0x1a]-[0x94][0x94][0x95]N1h[0x1]v9U[0x8d]"
05:56:02.423 [main] DEBUG org.apache.http.wire -  >> "2[0xf7][0x1d]RV[0x12][0x7]R[0x10]_[0x8c][0xef]o# [0x99]Z;[0x94][0xe5][0xbc]v[0x1a]T[0xb7]3[0x9a]\[0x92][0x9f]C[0xb9])^[0x85]L[0xe6]P[0x11][0xdd]L[0xe4][0x98][0x9b][0x99]Z[0xd8][0xe][0xee][0x4][0x15]*2[0x1]}[0x2][0xff]r[0xfe][0x92]w2`[0xe0][0xa1]w[0x82]Fh<*[0x88][0xa8]tK[0x9a][\r][0xcb][0xc9][0x11]4[0xe4][0x1a][0xa0]K[0xb7][0xfa][0x84][0x96][0xaa][0x9b]Q[0xad]*[0x8d][0xf9][0xd1]$t[0x13][0xab]9e[0x81]f[0x9a][0xda][0xd9]#a[0xd1][0x16][0x9c][0x85][0xc][0xb][0xc6][0xf3][0xed][0xfb][0xc6][0xc7][0xaa][0xae]E[0x8b][0xae][0x0][0xf6][0x17][0xfd][0x5][0xdb][0x8e][0x8d][0xcc]/[0xc0]][0x84][0x89]?H[0x5]g[0xc9]3[0xba][0x10][0xa2]%[0xa6]Zo'[0xd7][0x84][0x99][0x89]K[0xd2][0x1b][0xda][0x9c][0xfb]h[0x1a][0x98][0xe0][0xc2][0xb4]h[0x10][0x5]Z[0xe4][0xe1][0xa4][0xd0][0x1e][0x87][0x1b][0x8b][0xda]3[0x16]MV[0xd5][0xfb]x[0xc4]mAT[0x81] [0xb8][0xb4][0x8b][0xa4][0xdd][0x1d][0xd9]`[0xe1][0x1]~[0xef]~[0xde][0xcd][0xaf][0x1b][0xfe][0xa1][0xb]Rl[0xe8]2[0x1f][0xd2]t[0xaf][0xfe]B[0xf4][0x96][0xe7]Q[0x8][0x1][0xa7]@?[0x8c]Z[0x87][0x80]{[0xf3][[0xea]U[0x9]|[0xd4][0xcf]7O[0x17]?[0xba][0x9b][0x14]X-[0xa4][0xd4][0xbd][0xc4]fG[0xb][0xbd][0x1e]g[0xf6][0xac][0xcf] [0xac][0xfb]2O[0xc5][0xc9]L[0x93]:[0x1a][0x88][0xd0]>[0x8e]3[0xca][0x18][0xee]O[0xf3]3[0xbf][0xe7]<[0x80][0x95]Y[0xec]?[0x12]d\[0xfa]Y[0x15][0xab][0xdb][0x9a][0xf2][0xf1][0xc4][0x3][0x1b][0xf3][0xa0][0x80][0xf6]2,L[0xf2]4[0xe6]x[0x9e][0xdb]xs[0xaf]4[0xa5]x[0xd4]s[0xf1][0xae]{[0xa5][0xbb][0x4][0x15]|;[0x96][0xcb][0xc6]y[0xdd]C[<m>[0xda]\/&q[0xb0][%N][0xee]7|[0xa1]hP[0xe0][0xea][0xc][0xd3]3[0x1f][0x14][0xa2]]cq[0xc6][0x10][0xc0][0xb7][0xbe][0xf1][0xf][0xbf][0xbf][q[0xa7]e[0x91]}[0xc2][0xe9][0xe1][0xbf][0xf5]_=2[0xb2][0xef][0x3]{[0x84][0x5][0x92]:[0x99][0x15]@9%f-{[0xc0]L[0xb]Kk5[0xf9]x[0xe6][0x92][0xa1][0xd0][0x9b][0xc9][0xda][0xc5][0xf3][0xe5]?[0xaa][0xe5][0x96]V[0x1e][0x93]?Z#,[0xb9]S[0xfb][0xc1](d[0xc][0x9a]d[0x1][0x17][0x8]M9[%[0xa2][0x8d]f[0xa1][0xde][0x86]Ai[0xae][0xad][0xd9]n[0xc5][0x84][0xb4][0xdd][0xaa]b[0x1e][0x83][0x84][0xce][0x8e][0xb5][0x19][0x5][0xb8]>cg[0x85][0x1a]CXZ[0xa1][0xc][0x16]m[0x80]=[0x13][0x84]!P(l[0x1c][0xbc][0xf6][0xd9]UZ[0xbd][0xd1][0xfd][0xd6],1[0xa8][0xfe][0x8a],[0x95][0xe8](t[0xf0][0xf6][0x12][0xed]k[0xf5][0xc2][0x8c]:Dy[0xab]P}@[0xa8]][0xe][0x81][0x99][0x1a]=[0xf9][0x13]0[0xdd]0n[0xe0]_[0xb9][0xd8][0x8c]m[0xe8][0xfa][0xd8][0xe8][0xa9][0x95][0x9f]$`[0x3]m[0xe4]-=[0xf]h6[0x1e][0xec]k[0xb0]m[0xc0]s[0x1a]x7[0x82][0xb5][0xc1]]@[0xec][0xb8]~[0x2]1m[0xb0][0xb6][[0x95][0x8d][0x1c][0xc2][0xbe]W[0xca][0x98][\n]"
05:56:02.423 [main] DEBUG org.apache.http.wire -  >> "[0x0]>[0x9d][0xf1][0xc2]`[0xc8][0xce][0xea]8[0xc5]1[0x1e][0x5]&[0x1b]A[0xac]3H[0xf1]>[0xb1]\[0xa3][0x11]'[0xd8][0xb3]h[0xab][0xa9][0xe8]xe&[0x8][0x1b][0x94]>t[0x13][0x96]\[0xad][0xef][0xb6][0xac][0x18][0xd7][0xbc][0xcb][0xe5]z[0xe6]e[0x14][0xd0][0xe6][0x1a][0xed][0xb2]M[0xf0][0xf0]([0xfa]m{[0x17][0xb4][0x80][0xec][0x13]JW[0x17][0xe2][0x3][0xbf]wy[0xfd][0x1a][0x14]~[0x91]s[0x94]H[0xb1]{[0xf5][0xc4][0xcf][0x91][0xf3][0xae][0x81][0xca][0x8d][0x9e] [0xba]"t[0xba][0xe2][0xa4][0x8e][0x93][0xf8]>[0x9e][0x82][0xcb][0xa3]Of5[0xce]f:[0xd3][\r][0x15][0xc6]i[0x11][0xcf][0x4][0x6]k[\r]2d[0xf7][0xef][0xc5][0xe9][0xdd]0[0x82])[0x17][0x1b]d[0xb9][0xb1]&?[0x9][0x9d]tLmC[0x96][0x95]{FW)[0x84]ra[0xf1][0x86][0xe8]G=[0x94]1[\r][0xf]i:[0xc0][0x17]2[0x18][0xc5]G[0xf5][0xd7][0xda]%V[0x82][0xb0][0x17]7[0x1][0xbc][0x9e]@\1[0xc7][0x80]>%[0xc7][0x98][0x91][0xeb][0xa1]}h[0xf7]+c[0x1a][0x90][0x1d][0xb4]N[0xbb][0xfd][0x89]V[0xde][0x93][0xa0]+[0x7][0x1b][0xe8].[0x85][0x15]KWaq5D[0x1][0xe0][0x18][0xa4]`[0xf4][0x1b]1Z[0xc][0xd4][0x4][0x8e][0xbe]I[0x92]{[0x8c][0x8a][0xc7]-[0xa8][0xc4][0xf0]w[0x5]][0x9b][0xed][0x16]k$V[0x8a][0xe2][0x91]4[\n]"
05:56:02.423 [main] DEBUG org.apache.http.wire -  >> "[0x93][0x7].r[0x9b][0x16][0xf8][0xd1][0xd2]t[0xa7][0xd6]C[0x5]P[0x2][0xbe][0x8d][0x97][0xb5][0xb2]B[0xc7][0xc6][0xc]s[0xa4][0xaa][0x9][0x1]i'F[0x85][0x8e][0xba][0xdf][0x0]l-[0x9d][0xc4][0x96][0x8a][0x93]1[0x16][0xd0]=[\r][0x9d][0xe8][0x8c]|[0xea]`[0xd7][0xf4].[0xa3][0xde]a[0xc0][0x1b][0xb0][\n]"
05:56:02.423 [main] DEBUG org.apache.http.wire -  >> "@E[0xfd][0xc9][0xa6]uf[0x98][0xc5]q[0x7]([!#[0x80][0xd2][0x87]{[0xd1][0xfa][0xb7][0xbe][0xc7]v[0x7][0xfb][0x93]_[0xb2]wAn[0x8b]>Qtd"~[0xe6]{[0x8f][0xdd][0xb6][0xc7][0xd7][0xe1]~[0xba]3[0xce][0x8b][0x1b][0x8][0xc5][0xa5]`7[0x2] D[0x94][0xc4][0xc4][0x9d][0xd4][0xe][0x87]{[0xd0][0xac]ee-[0x1c][0xbb][0xad]?Z[0x88][0xc2]E[0x11][0xc3][0xa5]vG[[[0xc3][0xec]K[0x92]&[0x1f][0x8a][0x1b]S[0xc3]4Y[0xe3][0xbd]X[0xad][0xdb][0x8a][0xb8][0x82]j[0xd1])X},:7[0xa2][0xfb][0xec]S)[0xb0]%[0x8][0x83][0x8b][0xfd][0x86][0xdd]]6xG[0xdc][0xec][0x9c][0x8b][0x96]P[0xc9][0xe5][0x10]Mc[0x0][0xce][0x99]G[0xad][0xad]o~[0xf3]|+[0x4][0xdd]u[0xfd][0x10]Z[0x17][0xc0]A[0xf9]a[0x8d]8[0xd6]V0[0xf8][0x8d]>)[0xff][0xa5][\n]"
05:56:02.424 [main] DEBUG org.apache.http.wire -  >> "0Nt[0xa0][0x1e][0x83][0xb6][0xa8][0xcf][0xe5][0xdc]X[0xbb]T6[0xb4][0x1e][0xce][0xd0][0xd1][0xa7][0x1e][0xa7][0x8][0x93][0x98][0x1b][0xf5][0x14][0x80][0xce]T[0x6][0xac][0xc6]e[0x8c][0x87]UY[0xe7]k[0xac]K[0x1][0xca][0xc6][0x1c]P[0xfe][0xdb]p![0xab][0xae][0xd5][0x86]b[0x83][0xeb][0xe8][0xca]\[0x9b][0xc8][0x2]$OR[0x11]KW|[0xfa][0xd7]1^[0x2]Dg7[0xa2][0xba][0x19]C.z?qZW[0xb4]|[0xe7]5[0xe1]?u[0x1d][0x99][0x3][0xae][0x15][0xf6][0x18][0xec][0xd7][0xf7][0x1b][0xff][0xf0][0xcf][0xd1][0xde][0x5][0xad][0xac][0xc5]O[0x10]}[0xe9]/[0xfe][0xfa][0xe3][0xcf]|[0xf6];[0xff][0xcd]u[0x92][0xbc]v[0x9d])[0xcf][0xc3][0x89][0xd8]~[0x9c][0xf1][0xa7]([0xda][0xf6]?~[0xbc][0x94][0xca]y([0x8d][0xb2]|[0xf4]_3s[0x8f][0xe]v[0xc7]m[0x99]q[0xa3][0xb5][0xd1][0xa2]p[0x9][0xfc]C[0xfb][0x17][0xad]^[0xc4][0xd1][0x90][0x85]SY[0xdd][y1[0x96][0xe3][0xa6]*h[=[0x95]O[0xc1][0x5]V[0xd7]+t[0xe0]p2[0x6][0xdc][0x9d]7[0x80][0x8a][0xf]a[0x14][0xc2]7t<[0x17][0xdd][0xcd]a[0xf5] [[0x12][0xe2][0xad][0xb2][0xf5][0xcc]l[0xc4][0xff][0xb2][0xb]]%[0xfb][0xba][0xc9][0xa8][0xc5]I[[0x97][0xf6][0x4]d[0x9f]b[0x88]S8[0xc2][0xd2])[0x15][0xa3]~+[0xf5];[0xba][0xac][0xe4][0xa6][0xf9])[0x16][0x8][0xcd][0xc4]\[0xe5][0x92][0xfc][0x8b]Obe[0xd9]([0xaf][0xee][0xcb]M[0xb2][0x95]4RwpTh-yk[0xf4][0xa3][0xb6][0xe8][0xa4][0x19]K[0xa0][0x80][0xd7]:[0xc6]$[0xf4][0xd1].[0xe9][0x82][0x19][0x9e]Q[0xe1]m~[0xe2][0xa1]G[0xa5][0xc4][0xb8]u[0x6][0x8c][0x95]B[0xd1]q'[0xce][0x12][0xdc][0xb]&[0x95][0xdb]S[0x9c][0x1e]fb[0x9b][0x12]_[0x87]V"s[0x6][0xf3][0xc5]'[0xc3][0xd1][0xda][0x9e][0xb8]}[0x5][\r][0x8f][0xe0][0x9e].V[0x8c][0x92][0xdd][0xa9][0x91][0xb0]V[0xf8][0x18][0xc9][0x89][0xb]a[0xaa][0xf6][0x87]u-C~[0xcc][0xf5]o[0xa7]r5$[0xc1][0xfe][0xc8][0xfa]O[0xdf]D[0xfc][0x92][0xbd]KZ[0xae][0xc5]O[0x0][0xed]q[0xb0][0xb8][0xc4][0xeb][0xd7][0x89][0xf3][0xd5][0xd2]Q[0xe1][0xb4][0xb3][0xa8][0x3][0x15][0xf6][0xcf][0x10][0xe8][0xd1]n>[0xab][0xf8][0xcb][0xc8]r[0xab][0xa5][0x19][0xd3][0xf2]0fG[0x1d][0xf7][0xdc]%[0xd5][0x11][0xb4][0xa0][0xe][0xda][0x1]h[0x11][0xee][0xa9]U[0xbb]ZL[0x2][0x1c][0xb4][0x1a][0xda][0xf7]o[0x15][0x93][0xc8]vv`[0x1b][\r][0xab][0x98]H[0xb9]4Fj[0xb9]A[0x98]C[0xeb][0x85][0xeb][0x84][0x9][0x88][0xad]L28^[0x2][0xc6][0xcd][0xa7]Uu[0x13][0xcf])[0xed][0x99]1[0x99][0xa9]>[0x9b][0xb9][\n]"
05:56:02.424 [main] DEBUG org.apache.http.wire -  >> "=[0xa7][0xf2][0xb][0xd7]W-nw;[0xbb][0xfd][0x8c][0x0]_[0xfd].y[0xdf][0xd6]Lt"D[0xdd]?L[0x93]v[0x9][0xe6][0x1c][0xb0][0xa0]U[0x84][0xc1](a[0x18]=[0xe2]~[0x92][0xff][0xec][0x91][0xf7][0xe8][0x96]_[0xca][0xc5][0x86]p[0xe5]/[0x9b][0xb1]_[0xc0][0xfb][0xb6][0x88][0xd7]U[0x8][0xca][0x16]K[0xcf]t[\n]"
05:56:02.424 [main] DEBUG org.apache.http.wire -  >> "[0x99][0x9f]<[0xd1][0x96][0x15][0xf9][0xad][0x95][0xeb][0x86][0xfb][0xb4]I[0x82][0xf]Pdb[0xcb]@lV,f0<[0xe1][\r]tV[0xd3][0xdb][0x9][0x6]j[0xbd][0x19][0x95][0xbc][0xbc]To[0xc5][0xb6][0x93][0x9b][0x15].K[0x99]-[0xa7]6[0x1d][0x9b][0xad][0xcd][\n]"
05:56:02.424 [main] DEBUG org.apache.http.wire -  >> "[0xf8]jz'c6[0xa3][0xab][0xe2]<[0x16]=\&[0xa8]Y~m4[0xcc]&[0x86][0x84][0xac][0xaf][0xea][0xbe][0xf][0xe0]<YN[0xcd]J[0xae][0x8d][0x9a][0xc3]=[0xe1][0xec]FQ=[0x9e][0xb9][0xf8]e[0xac]_[0x16])|I[0xcb][0xf1][0xea][0xdc][0xff][0xde][0xf6][0xa6][0xbd]KZ@[0xf6]1[0xa6]#[0xe][0xf6][0xec]3[0xaf]_'[0xc6][0x8b][0xad]S[0x9a]*Q"$d[0xaa][0x16][0x8][0xd5][0x12][0xa5]pK[0xa5]7w,C[0x1][0xae][0xdf]r[0xc5][0xc4][0xd4][0xbe]s[0xc6]CPD[0xc5]h[0xb6][0x92]]]GZo[0x9b][0x1c][0xf0]s[0x92][0x98][0xb7][0xda][0xf3][0xf0][0xaf][0xf7]B[0xf5]qk[\n]"
05:56:02.424 [main] DEBUG org.apache.http.wire -  >> "[0xe7][0x12][0xbf][0x11][0x9d]~[0xaf][0xed][0x8c]Z[0xf1]%[0x1c][0x87][0xc0]+a[0xe9][0x2][0x8c][0xe]950<[0x98][0x13][0xc2][0x18]N5[0xac]\1~f[0xaf]C[0x8d][0xe8][0xc2][0x0]G>[0x84][0x1]E[0xf9][0x8c]'[0xa4][0x10],[0xad][0xde]G[0x18][0x90][0x83][0x9c]@[0xe4][0x1]-[0xb7][0xaa]I]b[0xb8]-16[0xa5][0x10][0x0]U[0x8c]q[0x10]W[0x9e]v#[0x6][0xaf][0xcd]$[0xbe][0x1]>[0x15][0x88]g{[0xdd][0x86][0xa7][\n]"
05:56:02.424 [main] DEBUG org.apache.http.wire -  >> "[0xe3][0xe6])[0xbe][0xda][\n]"
05:56:02.424 [main] DEBUG org.apache.http.wire -  >> "+0[0xc1][0x4][0x8b][0x6][\n]"
05:56:02.424 [main] DEBUG org.apache.http.wire -  >> "*$6[0xfa][0xd4][0x9c][0x1a]n7[0xf0][0xdf]k"[0x86]C[\n]"
05:56:02.424 [main] DEBUG org.apache.http.wire -  >> ";[0xf3][0xa4]x[0x8a][0x91][0x16][0xb][0xd5][0xdb]V[0x82][0xf5]\[0xfa]E2[0x9b][0xca][0x81][0xf5][0xf0][0xd0][0x95]`2[0x9c][0xc7]~[0xb1]-g[0xc4][0xa5][0xec][0xeb]r[0xa2][0x5][0xde][0xd3]U[0x9d])[0xfc]Q[0xfe][0xfa][0xac]cxq[0x83]8F[0xfd][0xac][0x18][0xe9][0x85][0xa8]n[0x1d]'<[0xcd][0x93][0x9c][0x89]1[0xb0]m[0x0][0xc][0x95]![0x0]3[0xc3][0xdc][0xfc]-[0xeb][0x8e][0xe9]y[0xe9][0xec]Y[0x8c][0x83][0xab][0x8c][0x98]}[0x91]W[0xe8][0xd4]Oo[0xff][0xe3][0xff][0xf2][0xe7][0xbf]e[0xef][0x92][0x16][0x90]}[0xc][0xe9][0x88][0x83][0xfd][0x91]k[0x1c]l[0xb3]W[0xb6][0xb0][0xcf][0xb7][0x94][0xc3][0xca][0x99][0xda][0x12][0xd6]~[0x88][0x84]8[0xac]%[0x4][0xf1]k[0x91]S[0x89][0xc]Y[0x9d][0x5]bj[0x8d]u[0xc1][0xf0]f[0x95]^.[0x8b][0xa5]e[0x8d]SP[0x6][0xf7][0x9c][0xd1][0x1a][0x83]'=[0xff][0xf1][0xcc][0x1e][0xb4][0x19][0xf7][0x80] [0xa7][0x8b][0x8c][0xee][0x1f]k[0xa8][0xd4]EK([0x8f][0x10][0xb9]w[0xd6] [0x3][0xba][0xba][0xf][0xe1][0x98]?[0xd1][0xd1]o[0x14]?[0xfd][0xf8][0xc8]T[0xd4][0xa0][0x1][0x85]a[0x8][0xe2][0xb2]/~[0x1b][0xf3][0xa1][0xf6] [0x16]S[0x89]>[0xf2][0x1b]2[0xe4][0xd0][0xfc]u[0xcf][0x19][0x86][0xf2]$[0xfc][0xda][0x9][0x86]y[0xd0][0xd8][0xce]0M[0xd8]I[0xc9]g[0x99][0xe7]|[0x12][0x19][0xd2][0x12][0xcd]V([0xb]Tb[0x8e][0x8c][0xc4][0xbd][0xe0]D[0xca]:[0xbd][0xad][0x0]M/9l[0x12][0x8c][0xec][0xb6][0xb0][0x81]P4*.[0xa7][0xde][0xd4][0x80][0xac][0x86]U[0xde][0xf3][0xc8][0xee]"[0xb7]i[0x99]Z7[0xd1][0xce][0x18][0x8e][0xec][0xfd][0xe3][0x97][0xf1][0xb2]X-[0xcd][0x1a]p[0xb8][0x4][0x9d][0xbe]c[0xeb]e[0xd9][0x9a][0x9f][0x19]3m/[0x9]|v[0x6]1[0xf8]X[0xb3]xX[0xbb][0xd5]7k[0x17]K5[0x9a][0xf3][0xa2][0xb9][0xe7][0xac]Lh[0xea](T[0x94][0x8c]c[0xe7][0xec][0x96][0xd7][0x9c]Da[0xae][0xae][0xb][0x8e]M[0x90]ss[0xd1][)[0x3]&[0xeb]_[0xe6]@[0xad][0xf3]_[0xb2][0x1f][0x80][0xdc][0x16]}[0xac][0xe8][0xe1][0xff][0xf9][0xbf]zt[0x1d][0xd6]7[0xae][0xd3][0xe2]A^[0x9][0xbb][0xdb][0xb8][0x89][0xd3][0xb5][0xb8][0xeb]r[0xa6]C[0xd1][0x2][0xa3] [0xaa];[0x1c]3[0x97][0xeb][0xc6][0x98][0xc1]6f[0xed][0xf8]][0x17][0xf7][0x89][0x8e][0xf7]V[0x1e][0xfb][0xb0]7[0x15][0xe]S[0xc8]u[0xb1]p[0x13][0xb5]e![0x0][0x87][\n]"
05:56:02.424 [main] DEBUG org.apache.http.wire -  >> "[0xcd][0xe2][0x8e][0x89][0xde][0x2]?[0xc4]20[0xab][0x95][0x9a][0x89]"%[0xc5]B\4[0x1b][0x92][0x9][0x9a]_[0x8d][0xac]4[0xf]Z[0xf0][0xb0][0x1e][0x8f]> W[0x84]Rt[0xb2][0xc6][0xc8][0xe4][0xa2]c[0xee][0xc][0xa2]Fk[0x8b][0xc0]Xn@[0x15][0xa6]-[0x90]EB[0x9a]Q[0x99]pkaB,Re[0x86]n[0xc0][0xae][0xb7][0xd8]s[0xd6][0x9e][0xa3][0xdd]w[0x1b][0x84]j[0xdd][0x17][0xfc][0x19][0xf6][0xa6]w[0x1b][0x9a][0xf][0xd1]l[0xec]v[0xe0][0xc3][0xc9][0xf5]+V[0xdc][0x99][0x97]=[0x86][0xc2][0xfb][0xf6]r[0xda]@A[0xf0][0xdb]tN[0x83][0xd7][0x19][0xdf][0xd1][0x13][0xf1][0x87][0xa5]m[0xa3][0x91][0xcd]/[0x87]2u[0xb8][0xc7]X[0x13][0xac]>[0xf1][0xb8][0xb2][0x1e]C{[0xe3][0xdc]~2[0xce][0xce][0xc9][0x11]&[0xe3]#[0x80][0xd5][0xf]F[0x8f]9[0xea]j[0xac][0xec][0xb1]f[0xf3][0xea][0xb3][0x9f][0xbb][0xd6][0xae]`x[0xb2]k[0xc3][0xcc][0x98][0xe7][0xe6]([0x12][0x16][0xf9][0xde][0xde][0xad][0x19][0xe4][0xa7]9Y[0x8b][0xd5][0x9b]7[0xec][0x3]p[0xfd][0xdb][0xdf][0xf8][0x7][0xee]`?[0x0]-[0x8b][0xec]cB[0xbb][0x15][0xf6][0xa9][0x1f][0xfb][0xde][0x1b][0xd7][0xa9][0xf0][0xa2]y[0xcf][0xb5][[0xb0]([0xb5]5lh[0x91][0xd4][0xca][0xa1]P[0x1f]N[0xea][\r][0x2]![0xff][0xfa],[0xf]Z[0xb0]1[0xff][0xb7]#[0xeb][0xc6]D[0xc0][0x9e][0xb0][0xa5]H[0xca]G]HU[0xf][0xe5][0xf6][0xa5][0x16][0xea]Q[0x8]o[0xc6]:[0xaa][0x85][0xe0]A+[0xc][0x8b]+[0xe6]~[0xaf]m[0xba]!)[0x94][0xaa]+[0xc8]Sn[0xa1][0xaf][0x90][0xd7][0xee][0xc8][0x83]Sx[0xd9]b[0xfd]d[0xd0]R[0xa7]@[0x3]xV[0x82][0x86][0xf3][0x2]x&[0x0]m[0xa6][0xf8]9[0xcb][0xf5]n[0xcb][0x9][0x9c][0xa7]@[0x85][0x9f][0x8c][0xe3]t[0x8b]>[0x90][0xf9][0xfc][0xb5][0x95]e[0x0][0x93]{+[0xd3][0xa1][\n]"
05:56:02.425 [main] DEBUG org.apache.http.wire -  >> "[0x4][0xb5][0x95]l[0x84][0x80][0xd0][0xcd][0xd4][0x12][0xea]`~[0x8d][0x1f]z[0xab][0x80]K[0x81][0x8f][0xaf]NaX[0x87][0xba][0x98]uVh[0x1e][0xdc][0xbc][0xf5]X[0xc1][0x1d]*[0x92]V[0x18]h[0xa2][0x4][0xdc][0x85]B[0xe6][\r]N[0xd5]TalZ6[0xc9]/Xrv[0x13][0x13][0xc5][0xf2]([0xc6]B[0xdc][0xb7][0xb7][0x2]~[0xed][0x9c]JT[0xe2]6[0xe][0xb6]6[0xc9][0xdd][0xba]I![0xcf][0x99][0xd9]Tp[0x8c][0x9e][0x87][0x6]E[0xb3][0x86][0xba][0x8e]k[0x11]X[0x1]f[0x1c]Lv[0xc8]K[0x0]X[0x83]i[0xe9][0xb][0xbe]9[0xd7][0x9a].[0xb][0x19][0xe3]lg[0xae]1N[0xd8]RZL[0x94][0xa1][0xc0][0xa2]?~[0xe2]l0[0xbb]+[0xae][0xe6][0xf8][0x91]TgZY[0x8b][0x1f][0x3][0xfa][0xe3][0xff][0x97]_[0xfc][0x99]?[0xf2][0xe4]w[0xae][0xb3][0xe0][0xc5][0x9a][0xad][0xad][0xd8][0x1e][0xe2][0xbe][0xe5][0xba][0xe9][0x91]Q[0x9c]8[0x9d][0xe4][0xd4][0xda]VYb>\[0xea]UN[0x9][0x9d][0xd6](u[0x8d][0x19][0xca][0xcc]*[0x8f]@{[0x8]P[0xb2]i![0x12][0xf2][0x98][0xe2]n2[0xbf][0xc3][[0xf8][0x17]>[0x95][0xb][0x91]B[0xa6][0x82]SX7V[0xf1]"46[0xc4][0x1a][0xca][0xbf]Vk[0x17][0xab][0x8a][0x16]e[0xae][0xe1][0xe8][0xef][0x8c][0xbb][0xd5][0x83][0x6][0x8d][0xba][0xca][0x9][0x94][0x8b][0xa2][0xf8]<[0xba]_[0x82][0xb1][0x84][0x1c][0x90][0xbb]C<[0xde][0x90]7[0x9c][0x93][0x4][0xfe]h[0xae][0x8f][0xd8]C[0xe8]X[0xf4][0xd5][0x90][0x1b]*n[0xe6]d(?[0x99]Q[0xe8][0xe2]n[0x86][0x9d]Z[0x1][0x88][0xfe][0xa4]Zy[0xf5][0xa3][0x1]Z$[0xbc][0xc3][0x18][0xa0].[0x13][\r][0xbf][0x1e][0x14][0x96][0xf0]?[0x16][0x1f]][0xb0]:b[0xc]F}wC[0xd6][0xdc][0x1]z[0x1c][0x2][0xb8][0x8e][0xf1][0xb8]#[0xc6]Ikm[0xb2]L[0xf9][0xa4]<fF[0x9f]1[0xab]bX[0xd3][0x15]S[0x9b][0xd8][0x1d][0x90][0xd3][0xe2]x [0x9f][0x2][0xbe][0xbd][0xb6][0x9a][0xcd][0x9a][0x1d].[\n]"
05:56:02.425 [main] DEBUG org.apache.http.wire -  >> "[0x8a][0x8c];[0x9b][0x17][0x8a][0xc5]F[0x8]q[0x8e][0xab][0xe9][0xdc][0xac][0xf5]e[0x98]^[0x18][0xd3][0xea][0x9f][0xeb][0xda][0xd7]vz[0xb9][0xcd][0xab][0xdf][0x93]_[0xf9][0xa8]U[0xb6]j[0xa0]]U[0xd0]^f[0x9e]~[0xd3][0xeb][0xbf][0xc5][0x6]W-S[0xf][0x9b][0xaf][0x6]u[0x91]s;62?0G[0x9f]|[0xf7][0xc9]/[0xd8][0xf]Hn[0x8b]>[0xb2][0xf4][0xe5][0xbf][0xf8][0xeb]_[0xdd][0x9e][0xd9]75[0xdb][0xb]^~[0xeb]TN[0xe3]4o[0xe5][0xa1][0x96][0xe6][0xd4][0xde][0x8f];[0xb6][0x2].[0xb9][0xcf]lj[0xa0]T[0x15][0xf1][0x7][0xab][0x6][0xba][0xea][0xd6][0xf5][0xc2]T9[0xc5][0xcd]j[0x89]g;![0x4][0x8f][0xfb][0xc5][0x8f][0xce][0xa2]EF[0xc4][0xb0][0x12][0xb6][0xf3]>%[0xbb][0xf1][0xb1][0xa0][0xad]qk[0x91][0x99]M[0xcb][0xa5][0xb5]U[\n]"
05:56:02.425 [main] DEBUG org.apache.http.wire -  >> "d[0x1][0x6][\n]"
05:56:02.425 [main] DEBUG org.apache.http.wire -  >> "[0xa3]|[0x8e][0xed]+-[0xd7][0xf1][0xbc][0xb3][0x9d][0xea][0x12]:[0xb5])[0xd4]0[0xb9]x[0x3]E[0x9c][0xdc]b[0xe2][0xce][0xaa]z;[0x1][0x0][0x92][0x85][0x9b][0x90]s[0x9c]:n[0xa7][0xdc][0x86][0xa5][0x80]$[0xc]7[0xb8][0xbd]0Rav[0xca][0xda]4[0x11]\[0xb7][0xee]+;[0x99][0x84]d[0x93][0xcc][0x8d]SR[0x8d][0xf0]%4[0xbb][0xcd][0xf5][0x19][0xe1]g[0xf3][0xda][0xa5][0x8d]=[0x1c]([0xe3]x[0x86][0xfc][0x99][0xe3]\k[0x1][0xbd]4[0x96][0xef]sa[0xce]'1[0xea]\,[0x9c][0xb0][0xf1][[0xc8]x[0x9c][0xfb][0x1f][0xc2]K[0xdc][0x16][0x1a]<[0xad]C[0xb][0xb4][0x87][0xd7]6[0xb]b[0xbe])_[0xd1]O[0xe3]8[0x9d][0xc6]%[0xe8][0x95][0x10]>4Z[0x8][0xa7]G;[0xfb]y[0xb3][0xb3][0x91][0x9d][0x93][0x9e]|3YS[0x83][0xa7][0xed]b[0xb0][0x90][0x4][0x15][0x8c][0xb1]<[0xd3][0xf3][0xbf][0xe6][0xc3]p[0xe9]s|[0xdf][0xbe][0xba][0x15][0xca]~@Z[0xae][0xc5][0x8f] [0x1d][0xc9][0x1c][0x9f][0xdf][0x1e]o[[0xbc][0xb6][0xcf][0x91][0xdd][0xac][0x1e][0x96]T[0xd1]>[0x97][0xf6][0xd7]~]8[0xc9][0x8f][0xab][0xb0][0xeb][0xc5][0xfa][0xf]g[\n]"
05:56:02.425 [main] DEBUG org.apache.http.wire -  >> "[0x80][0x80]G[0xee][0x19][0xb][0x96]YN[0xb8]r=[0xf2]6g[0xbd][0xae] [0xaa] [0xc6][0x85][0xe3]q[0x1b]o+[0x81][0x82][0xd8]~[0xa9][0xe6][0xbd][\n]"
05:56:02.425 [main] DEBUG org.apache.http.wire -  >> "Ui[0xcf]2[0xdd];NT?[0xe0][0xf9][0xc6]W[0x98]P%?a[0x95][0x94][0x96]h[0xe2][0xd2]+[0xff]O[0xbb]o[0x86][0xd3][0xc]"[0xa0][0xb5]WW[0x89]e[0xa2]4[0x9b]uB[0x81]i[0xc][0xc7][0x5][0xb8][0xb2],[0x9c]>[0x2][0x17][0x91][0xdf][0xb8][0xad]h5A[0x96][0xfb][0xc0];[0xf6][0x1f][0xdd]h[0xbf][0x92]j[0x13][0x1][0x1]<[0xa0][0xa4]n![0x3]}[0xa2][\n]"
05:56:02.425 [main] DEBUG org.apache.http.wire -  >> "C[0xc2][0x81][0xf9]-[0xa8][0x95][0xab]J[0xb9][0xe3][0xce]FY[0xe6][0x2][0x85]Z^f[0x8d][0xc4][0x92][0xdd][0xa6][0x80][0x11]3[0xe9][0xa3][0xc7][0xaf][0xda][0x89][0xb2][0xe3][0xe4][0xd2][0xc3] 4_r,[0xab]A"[0xb8][0xeb][0x91][0xa1][0xac]x[H.[0xd2][0xda][0xba]a[0xb0][0xba]u[0xbe][0xba][0xd9][0x9][0xc9][0x14][0xb7][0x9][0xc8][0xa2]h[0xf4][0xc0][0x91]U[0x5][0x90][0xb7][0x13][0x17]J[0x9][\n]"
05:56:02.425 [main] DEBUG org.apache.http.wire -  >> "@[0x11][0xf0][0xac][0xa7]`[0x15]([0xee][0xcc]`[0x96]a*-[0xb0][0x8c][0xfa][0xa2][0xf7]8[0x1b][0xf8][0xb][0x87]A[0x8][0xe8]y[[0xab][0xbd][0xfe][0x83][0xcc]c[0xd7][0xeb][0x1f][0x9f][\n]"
05:56:02.425 [main] DEBUG org.apache.http.wire -  >> "G[0xdc]([0x88]m[0xa1]5?[0x9d][0xea]p[0xae][0xeb][0xf8][0x1][0xf6][0x8e][\r][0xfe][0xdb][0xa2][0x8f][0x14]=[0xfc]K[0xff][0xe8][0x85][0xeb][0xa8][0xbf]y[0x1d][0xf6]/[0xf8]M[0x12][0xc5]N5[\r]iy[0xe1][0x8e][0xa0]K[0xcd][0xb8]v[\n]"
05:56:02.425 [main] DEBUG org.apache.http.wire -  >> "[0xa7]L[0x4].,[0x9]-[0xdb]j[0x96][0xd6][0xac][0x8e][0x4]O[0xc7][0xf3][0x7][0x80][0x1d][0xaf]m) [0x93]z[0x90]([0x2][0xe1]d"[0xdf][0xdc]L,[0x1c]c{X[0xb1]hp[0xd5][0x85][0xe0][0xf9]q[0xb0]fBcd[0xe7]"
05:56:02.426 [main] DEBUG org.apache.http.wire -  >> "[0x4][0x82][0x94][0x7]v[0x93]>N[0x17][0x94]A[0xd3]Vk[0xc4]$[0x1]c[0x82][0x9e][0xd1]j[0x19][0x2]N[0x1][0x85][0x92][0xa0]cO[0xd0]JUNv[0x1]*[0x9b][0x9f][0xeb][0xe2]}[0x14]h[0x11]*[0xd4][0x7][0x89][0xa5]y[0xfb],[0xe5][0x4][0xf9]r[0xae][0xb][0xf7][0x8a]}[0xdd]ml[0x9e]`[0x1e][0xd8][0xb9][0x1e][0x94][0x17][0xa1][0xa6][0x96]l/[0x8][0xb2][0xa1][0xdc]r[0x1b]3]][0xf9][0xdd]<[0x1a][0xda];[0xeb]1Z[0x1b][0xc2][0xe0][0x9e][0xb5][0xfb]1[0xb2][0xae]`[0x1b][0x83]S[0xd8][0xa9][0xb0])[0xa0][0x9b]A|7"U[0x83][0xc3][0xd5]j [0xdf]0?[0xc9][0xe7][0xea][0x8f](0[0xe0][0xfd][0xcd][0xd8](c[0xef][0xe6]?[0x94][0x89][0x13][0xd8][0xd3][0xfa][0x92]2[0x87][0x97][0xc1][0xbb][0xe3][0xa1]h[0xab][0xf5][0x90][0x97]Ca[0xc4][0x18]c[0x2]w[0xdb][0x8d][0x96],[0x6]2[0x7]6[0xaa][0xac][0xbd]9s[0xfe][0xb2]?[0xb2]Nz=g[0xb9][0x17][0xb7][0xd3][0x96][0x9d][0xf8][0xd6]7[0xf5][0xdd][0x9d][0xe4]q[0xa6]e[0x91]}Dh[0xb7][0xc2]>[0xf3]y{5b{[0xc5][0xac]'[0x4][0xe7]]g[0xd8][0x96]vw[0xc9][0x4][0x8c][0xd6][0xc4]D[0xda]bI[0xe4][0xf7][0xb]4w[0x83][0x86][0x14]*Qd[0x1][0xa6][0x8a][0xe7][0xe7][0xc6]Q`C+n[0x88](a[0xc0][0xc0][0xb9][0x14]x[0x9e][0xc4][0xf5]hi[0xfb][0xf5][0x15]B75[0xba]h[0x19]TBu[0xa8]b"[0x87][0xe][0x96][0xa4][0xf0][0xf7][0xd6]$S+[0xc][0x2][0xeb];d[0x12][0x9a][0xb8][0x9d][0xca][0x80][0xc5]=[0xf9][0xbc][0xeb][0xaa]G[0x8f]T[0xb0]d[0x19][0x8a]\[0x6][0xd9][\n]"
05:56:02.426 [main] DEBUG org.apache.http.wire -  >> "u[0x1a][0x8f]R[0xa8][0xf2]s[0x99][0x8f][0x8e][0xf][0x7]>d[0xdc][0xea]z[0xed][0x12][0xed][0xca]D[[0xf]I[0xe1][0xbd]g[0xac][0x82][0x1e]%H[0x82][0xd6][0xe][0x1b]W[0xcc]i[0x81][0xc3][0x0]%[0xdc][0x97]V[0x8a][0x10][0xfd][0x97]}]fC[0xb6][0xa0][0x5]?U[0xfb]c;[0x80]U[;[0xa1][0x6][0xf8][0x92][0x9f][0xb7][0xe6][0x85][0x9b]L[0xe5]Q[0xbc]3[0xde][0x8][0xa1][0x89][0x3][0x8a][0x8d][0xe][0x85]v[0xf1][0xb2] <:[0xa6]2[0x80][0x18][0xee]7(Wb[0xa5][0x9d][0xa8][0xe3][0xec]<[0x9f]o[0xa1][0x9c][0x92]}[0xcb][0x92][0xd0][0x13][0xe2]v%[0xa5][0xb0]D[0x0][0x5]&[0x80][0xc1]L[0xc1][0x1c]@e[0xad][0xe3][0xb1][0x8f][0x6]w[0x9c][0xac]Y[0xce][0xbf][0xe0][0xef]9[0xb1][0x14][0x8][0xd5]Z[0xaa][0xb1][0xc5][0x83]ZV[0xcd][0x9d]h6v&)[0x1][0xce][0xcf][0x98][0xbc][0xd1][0xa2]#<[0xe7][0xa4]+[0x17][0x1],[0xc7][0x16]-~[0x6][0xb1][0x9c][0xab]o[0xda][0xf]I[0xb][0xc8]>[0x2]t[0xa4][0xd4]?[0x13]o\[0x7][0xfb][0x1]/F[0xb4][0xca][q'[0xc0][0x84][0x8a]{[0xb9][0x1f][0xa0]bF[0x8b][0xab][0xc][0xb]u[0xb]r[0xde]{[0xf0][0xb9].[0xc4][0xed][0x14][0xdf][0xe0][0xbf][0xae][0xc0]U[\r][0xd9]][0x93][0xfa]|@[0xeb][0xf6][0x1b][0x81][0x8][0x97][0x9d]Lt[0x13]c`[0xc4][0xc4]N`RKX[0x85][0x0][0x17]a[0x1][0xfc][0xd9]R)[0xf7][0xc6][0x0]/[0x8][0x94][0x8e]1[0xc0]u[0x18]t[0xb]Q[0xf3]w[0x6][0xba][0xa9][\r][0xe3][0xd9]v[0x9d][0xb9][0xf6][0xb3]t[0xd9][0xa1][0x85][0xea][0x10][0x5]a[0xc5][0x9d][0xa9][0x16]De'#$[0x9]F[0x8c][0xdc][0x4]Y3[0x1f][0x19]j[0xe6][0x14][0xdc]b[0xf6]x[0xeb][0xed]i[0x9b][0x9b][0x8b][0xd7]1Z[0x87][0x80]{S[0xb6][0xe][0x98][0xcd]8[0xca][0x10][0xc6]Ld![0xd0][0xc2][0x9d][0xd7]jL[0x83][0xd2][0x0][0x8][0x8c][0x8b][0xb5][0xdb]qR[0x18][0xf4][0x6][0x1a][0xd2][0xa5][0xe9]g[0xa7]3i[0xc0][0xc7][0x98][0xd2]J[0xe2][0xeb]i[0xda][0x15]g[0x9c][0xb]F[0x7]q[0x9b][0xad][0xf2]#@![0x1][0x97][0xb9][0x13][0xed][0xa1][0xce]oT[0x86][0x88][0xee][0xf8][0xe7][0xbc][0x12]9[0x8b]9o[0xda][0x83]q[0xd3]kz[0x1f]R/[0x95]_"[0xa0][0x11]x+3[0xe4]r[0x8]S[0x1][0xa9][0xcc][0xc2][0xe9][0xbd][0x9b][0xf5][0xcb][0xb1][0x9d][0xe2][0x12][0xe7]=[0x87][0xa5][0xb8][0x88]B[0xa1][0xde][0x0][0x9d][0xa2][0x18][0x12][0xa6]C[0x93]Ac[0x8d]Uv[0x94][0xf]m[0xa3][0xeb][0xdb][0xbe][0xf7][0xbd]_[0xb2][0x1f][0x92][0x16][0x90]=[0xc5]4[0xad]0[0xa8][0x94][0xd7]I[0x90]{[0xac][0xec][0x8c]W[0xfb]b[0xbf][0x18][0x80][0xcd][\n]"
05:56:02.427 [main] DEBUG org.apache.http.wire -  >> "[0x8c][0xfa][0x9e][0x9e]txH[0x82][0x13]yG[0x89][0xe3][0x2][0x14][\n]"
05:56:02.427 [main] DEBUG org.apache.http.wire -  >> "[0xa0][0xaa]i[0xb]z[0xf3][0x1b][0xca][0xa0][0xd5][0xe3][0x17][0x8f]~[0xae]f[0xb8][0x1c][0x91][0x1][0x5][0x8f][0xad]p*[0x9b][0xf3]^[0x2][0x17][0xef]l[0xef][0x98][0xb8][0xf7]J[0x9c][0x10][0xc8]C[0x10][0xd2]3z[0xe8][\n]"
05:56:02.427 [main] DEBUG org.apache.http.wire -  >> "f[0xea]Z<[0xb1][0xfb][0xb8][0x6][0xeb][0xb4][0xb5][0xde][0x12][0xf5]J[0xe5][0xe2]t[0x11]Z'[0x0]4X[\n]"
05:56:02.427 [main] DEBUG org.apache.http.wire -  >> "[0x87][0x90][0xab][0xc3]Z[0xb3]_Z-[0x4][0x9][0x92][0x17]6j[0xae][0xa2]IW[0x1d][0xc3][0x85][0xca][0xef][0xdb][0xd6][0x9]*.[0xe5][0xc2]4(k[0xec]h[0xd7][0x5][0x3][0x19]b[0xa7][0x17][0xd4]F[S[0x6][0xf5][0xb8][0xd1]B[0xb4][0xff][0x81][0xce]6[0xad][0x6]*66[0x94][0x1f]Q[0xc4][0xd9][0xd7][0xa9]D[0xf4][0xb3]'RE[0xc8]au9\[0xc8][0x8e]v[0x7][0x11]{>^^[0x8a][0xf6]"[0x83]{~[0x7]hH[0xa8][0xa9]P[0x10][0x7][0xcb][0xc3]<:[0xc1]S#[0x9b][0xdf]Un[0xdd][0x3]'Gt[\n]"
05:56:02.427 [main] DEBUG org.apache.http.wire -  >> "~}[0x1f][\n]"
05:56:02.427 [main] DEBUG org.apache.http.wire -  >> "[0x9f][0xd1][0xb8][0xc2]p8f~)l5[0xc][0xb7][0xf3][0xd2][0x93]=[0xe5][0x8][0xe][0x13][0xcd][0xa3][0xd4]$U[0x16][0x1c]vn[0xf7][0x1f][0xe0][0xd3][0xca]G[0x81],[0xf5][0xa3][0xb1][0x1e]z[0xb0][0xbd]=[0x0]V[0xf3][0xb3]<[0xc]&[0xfe]_j[\n]"
05:56:02.427 [main] DEBUG org.apache.http.wire -  >> "[0x5][0x93]U[0xde][0x95]~[0xe9][0x7]9[0xc9][0xe3]L+[0xfd][0xfe])[0xa5]/[0xbf][0xfe][0xeb]_[0xfd][0xd4][0xe7][0xe3][0xad][0xeb]P?F[0x9c][0x9]H[0xe4]~[0xd2]h[\n]"
05:56:02.428 [main] DEBUG org.apache.http.wire -  >> "[0x1a]r[0xb2][0x10][0xa4][\n]"
05:56:02.430 [main] DEBUG org.apache.http.wire -  >> "[0xb5]\[0xbe][0xc1][0xc3][0xe7][\r][0x13][0x9a][0xac]q[0x97][0xd0][0xf6][0x96]gy[0x9b][0x11][0xac] [0xee]j[0x9]@[0xd2][0xf0][0xf9]P[0xc4][0x91][0xc5][0x1a]FE[0x16][0xd0]\B&D[0xc0]uO[0xa0][0xe1]Aiu[0x7][\n]"
05:56:02.430 [main] DEBUG org.apache.http.wire -  >> "E[0xc5][\n]"
05:56:02.430 [main] DEBUG org.apache.http.wire -  >> "[0x8e][0xe5][0xd4][0xb0][X[0x19][0x99][0xdd][0x98][0xd6][0x82][0x9d][0xd8]u[0x2][0xb3][0xa0][\r][0x7][0x16][0xb5]~{[0x3]z[0xae][0xda]lB[0xbe][0xb9]p[0x13]`V[0x92]k[0xdf][0xff][0x84]E[0xb][0xff]P[0x97][0x83][0xcc][0xb5][0xad][0xa2][0xe]7[0x0][0xb][0xf6]G[0xc][0xe9][0xe9][0x95][0xb8][0xd0][0xad][0x4][0xcf]m(8[0x9d][0xe][0x1e]@yW[0xf9]d[0xec]o=kP+bJ{[0x95][0xb4][0x8e]qj[0xeb][0xc6]EEr[0x95][0xde]A+[0xc1]96[0xe8][0x98]I[0xf5][0xa5][0xc]`[0x6]J~[0x92][0xf4][0xd0][0xcf]M[0xb1];4)tZ_[0xde][0xf3][0xdb][0xd1]6[0xb3]1[0xd2][0xd5][0xb7][0x1b]D[\n]"
05:56:02.430 [main] DEBUG org.apache.http.wire -  >> "v[0x91]xrC~[0xbe][0xca][0xa5][0x15][0xfa]X[0x9c]-?[0xd3][0xfa][0xd9]A.[0xdc][0x2]Pk(2u[0xe7][0xd6]p9[0xe7]S/[0xd8][0x90][0xee]g[0x1a][0xbc][0x11]H9Z[0xac]2[0x0]>[0xe8]2[0x14]1z[0xa9]Q%[0xc3][0xd3]2_o[0x15][0x94]P[0xad]1fhC[0x10][0xf0][0xf8]w{[0xb2][0xbf][0xd4][0xf7][0x87][0xa7][0x5]dO!}[0xe9]/}[0xfd][0xf1][0xe6][0xcf]|[0xfd]:[0xfa]_[0xe5]*[0x90][0x8c][0xc0][0xe9][0xf7][0xc6][0xd4][0xad][0xc9][0x1c][0x10]c[0xde][0xb][0xd5][0xf6][0x81]>f[0xa4]+[0xf0][0xb4][0x0][0xae]E[0xae][0x92]m[0xbf][0xeb]r[0xb8][0x6]S @p[0xa1][0xf4]K[0x96][0xef]R[0xc2]0[0x86][\n]"
05:56:02.430 [main] DEBUG org.apache.http.wire -  >> "p[0x99][0x15]![0x99][0x8f]F[0x19][0x99]e[0x0][0x94][0xd8]~[0x8][0xb4]h[0xbb][0x10]26[0xbb][0x1f][0xad][0xd7]QX[0xd1]U[0xea]p[0xf1]cqS[0x90]T=[0xe8]/[0xcd][0x12]bj [0xdb][0xc5][0x0][0x0][0xfa][0xc][0xf9][0x12]%=+[0x83][0xcb]U[0xce]*[0xe0]G[0xa2][0x14][0x13][0x0][0x86][0xa0]C[0x88][0x6][0x97].[0x1][0xfe]FJ[0x80][0xf6][0xdb][\r]w[0x1e][0x90]2[0xbc][0x4]k[0xcd][0x9]a[0xbe][0xf]_[0xa1][0x8]s[0xad][0xfe][0xa4]X+j[0xa5][0x8b][0x99][0xdc]q[0xa2]t[0x3]{[0xc8]3[0xc5][0x0])[0xf]3[0xc][0x2][0x19][0xe0]:[0xa1][0xb]`E[0x89]=b:[0xe8]_[0xd5]eT[0xc2][0xb4][0x99]a&[0x8a][0xbe][0x9b][0x9d]5[0x8e]q[0xa1][0x85]4F[0xe9]x8[0x8f][0x81][0xba][0xb9][0xd1][\r][0xd3]7[0xd9]0Q5n[0xb][0x15][0x9e][0x85][0xc2][0xd0][0xc5][0xe1][0xeb][0xc3][0x9e][0xaa]d[0x9e][0x9f][0xdd][0x98][0xe6][0xbd][0x90]]yPe[0xe][0xeb][0x10][0xd7]d[0x1c]d[0xfa]Qy([0x96][0xf5][0x1a][0xb1]@S[0xa1][0x8][0xb9][0xdd][0xae][0xff]c[0xac][0x1d]1N[0xf3][0x99][0xb5]i[0xd5]vq[0xf][0xcb]\*k[0xd9]k[0x1e][0xba][0xa9][0x82][0xea][0xd6][0xc0]X,[0xbe][0xfe][0xfa][0xe6]o[0xff][0xda][0xbf][0xf1][0xbb][0xf6]#[0xd0]r->E[0xf4][0xf0][0xf5][0xaf]?[0xb8][0x8e][0xef][0x1b][0xd7]q~[0x4][0xd3][0xc3][0xd2][0xa5]g[0xc7][0xb7][0x14][0x8a]%[0x1c]{M[0x97][0x3][0xa2][0xfd]&\F[0x9b]cr[0x8b]IU[0xa9][0xdf][0xb5]v[0xb2][0x9e][\n]"
05:56:02.430 [main] DEBUG org.apache.http.wire -  >> "[0xce][0xeb][0xc2][0x9a][0xc0]Y[0xa0][0x90][0xb5]E[0xb4]t)'[0x86][0x85][0xa9][0xbb][0xe6]X[0xa5]C[0x8d]+[0xf7]954[0xb3][0x9e][0xcd][0x86]6`[0x91][0xd4][0xdf]:k[0xce][0xbd][0xe5]j[0xae][0xf7]!I[0xc4]Tk[0xa1][0xcf][0x8]F[0xe8][0x2]3j[0x98]>W=[0x2]<[0xbd][0xbf][0xc8][0x82][0xb1]8[0xa3][0x8b][0x11][0xc0]#[0xc7]g[0x1]WP[0x92][0x12][0xd1][0xd2][0xa3][0x1]<[0xc4][0xa0][0xee][0xe7][0xcd]B[\r][0x1][0xba][0xcd]&[0x10][0x19]0[0xa1]3[0xb][0xf7][0xfb]6u[0x83]:[0xf7][0x89]9\[0x82]wd(&[0x90][0xa2][0xe5][0x19][0xab][0x19][0x9d][0x89][0x81]J[0x18]2[0xde][0xcb][0xf2]s[0x82][0xd8][0x8c][0xcd][0xf1][0xe6][0x8e][0x99](_[0xa8][0xe1]3[0xe6][0xd4]F[0x8e][0xcb][0xe7]ai[0xb5]k[0xd8]1[0x99][0x98]\[0xd0]sUF;&'[0xfa][0xf0][0x3]A[0x86][0xf7][0xf5]sVB[0xd9]N1[0xb0][0xf2][0x98][0x95][0xd2][0x91][0xab]([0xeb][0xf7][0xf6]J[0x94][0xeb][0x8f][0xa1]S4[0x12][\n]"
05:56:02.430 [main] DEBUG org.apache.http.wire -  >> "[0x84]w[0xe8][0x10][0xb0][0x95][0xa5][0xf6][0xd8]Z[0x85]([0x93][0x87][0x92]w[0xa3][0xeb][0xca][\n]"
05:56:02.431 [main] DEBUG org.apache.http.wire -  >> "[0xe5][0x7][0xde][0xd6][0x8f][0x1b][0xda].[0x8b][0xb3]w5H/[0x3][0x9][0x1b][0x10];[0xfb][0x9e][0xb6]pY[0xff]5[0x99][0xb8][0x84][0xa3]&[0xc5])[0x9b][0x15][0xcd][0x1]o[0x9c]+[0x3][0xd7],[0x8f]m[0xd9][0x9a][0xe1][0xd7][0xe9][0xfa]K[0xf6]#[0xd2][0xb2][0xc8][0x9e][0x12][0xfa][0xe3][0xf9][0xeb]_[0xbb].[0xcc][0xaf]_[0xb5][0xb7]G[0xb0][0xa4][0x82][0xf2]4gA[0x88][0xda]\Z][0xc7]d[0x8e][0x8b][0x6][0xb1][0xd3]v[0xc3]Y[0xb8][0x9a][0xc1]e[0xd0][0xf2]&:[0x15][0xda][0xa6][0xdc][0xf][0xb6][0xa5][0x83][0x5]n[0xc]J[0xb4][0xd6]>[0x88][0x92]w[0x2]NU[0xae]B[0xe4]D'[0xb7]Z[0x9];+&p)[0x8a][0x2][0x1d]t[0xbb]X[0xb][0x9b][0x96][0xdc][0xee][0xcc][0xc2][0xbb]a[0x2][0x1][0xf3][0xe2][0xcd][0xb1][0xa0]wV-P[0x80][0x18]~Liv[0xc6]S[\n]"
05:56:02.431 [main] DEBUG org.apache.http.wire -  >> "[0xa8][0x89][0xb2][0xd6][0xc2]?[\n]"
05:56:02.431 [main] DEBUG org.apache.http.wire -  >> "[0xa0]h[0xed][0xdd]5<[0xda]H?[0xf1]#[0x85][0xc6]E[0x4]P[0x1][0xb8][0xda][0xd9][0xf0]^RO[0xf0][0x99]i[0xd6][0xee][0xd3]jS`[0xae][0xb4]]Bw[0x15][0x84][0xb5][0xc4]M[0x80]@)[0xf4][0xdc](`[0x85][0x13]V&[0xa3]i[0x6]y[0xd0][0xbb]9[0x8c][0xc6]jg[0xd0][0xfc][0x6][0xf][0x5][0x1][0xe3][0xc4][0x6][0x1f]})[0xdd][0xa8][0x86]0[0xcb][0x94]J[0xb][0xab][0xd4]3[0x1b][0x4]-[0xf4][0xd3][HW[0x85][0xd2]'[0x98][0x13]ms[0x11]~[0xea]+-L[0xf8][0xba][0x9][0xe5][0x4][[0xc7][0x1c][0xa1][0x1f][0x9b][0x93][0x98]E9"[0x4][0x6][0xac]1[0x9e][\n]"
05:56:02.431 [main] DEBUG org.apache.http.wire -  >> "#[0xc][0x1a][0xcd][0xd2]u[0xd4]%[0xce][0xf5]?[0x9e][\n]"
05:56:02.431 [main] DEBUG org.apache.http.wire -  >> "`[0x1f][0xdc][0xb7][0xfd][0xaa][0x19][0xcc]ig[0x10][0xee]l[0xf5]A[0xa9][0x1][0xbf][0xea][0xaa][0xdd][0xae]g[0x9d]s[0xce][0xb1],-[0xa0][0x1b][0xfc][0xf6]?[0xfe][0x7][0xee]m[0xfb][0x11]iYd[0x1f]2=x[0xfd][0xeb][0xf7]?soO[0xe8][0xb0]W8[0xe5][0xa0][0x93][0x85]Q[0xcb][0x85][0x95][0xe5]@[0x87][0xb9]7[0xaa][0xa8][0xe6][0xd8][0xb1][0xc6]6[0x1f][0x0][0xc3],DsH[0xec][0xe3]kF[0x18][0x9c]J[0xde][0x14][0xac]}[0x5][0x9][0x18][0x87][0x80][0xc][0xdf]D*[0x9b][0xd9][0x94][0xdd]p[0x88][0xbb][\n]"
05:56:02.431 [main] DEBUG org.apache.http.wire -  >> "[0x8c][0xe][0xfa][0x8f]u\[0xc9][0x1d][0x94]6f[0xb4][0x14][0xe]A[0xbb]U[0xb6][0xb1][0xf6]&[0x6]f[0x8b][0xa9][0x10][0x1d][0xa3][0x87][0xe6][0xeb]X[0xeb]^[0x92]T{[0x98][0xa5]l[0xa5][0xe5][0xf7]i[0xf][0x96][0xf2][0xbb][0xee]q[0xb1]B[0xfa][0xef][0xd4]}-[0xf8][0xcf][0x94]+[0xa7] >[0x17]3[0x9d]Vl/[0xaa]J^Y[0xfd];[0x4]W[0xe][0xf0][0xb6]5[0xc8]t[0xa1]x[0xe][0xc2][0x8b][0xec][0xbc][0x3][\n]"
05:56:02.431 [main] DEBUG org.apache.http.wire -  >> "Z[0xd0][0xd7][0xa4][0x2][0xda][0xf0]y[0x98]L6m[0x96][0x12]v`[0xea][0x99][0xa7][0x92]\[0xa1][0x16]c[0x1]L+[0xf5]=[0xaf][0x81][0xbf][0xc4][0xcd][0xfa][0x1a][0xa1][0xc][0x8b][0x93][0xa0][0x1f],[0xa9][0x9b]B[0xd7][0x7]u[0xa9][0x10][0xd7]_[[0x8d][0xce][0xb6][0x9a][0xb5][0x8e][0xe6]'[0xf3][0xbd][0xdd][0xe6][0x9a][0xf8][0xe1][0xcd][0x8][0xcc][0xd1][0x1c]e[0xcc][0x9d][0xe8][0x13][T[0x9f][0xd3]iGa[0x8e][0x89] S[0x1b][0xf3][0x0]jK[0xf4][0x9c][0xa9]~[0xc1]R[0xef]gj[0x10][0xf1][0xbc]q[0xf6]X[0xf4]J[0x91][0xe9][0x1c][0xa6][0xc3][0x87]tS4[0x93]OT]U.[0xd7][0xca][0x82][0x93][0xe7][0xa3][0x1b]2[0xf9][0x98]3Fx\[0xad][0xaa]J[0x9e][0x98][0xfd][0x82][0xbd][0x7][0xb4],[0xb2][0xf][0x91]vW[0xe2][0xa7]/[0xf6][0xf5][0x1d][0xc4][0xa6][0xaf]0[0x17][0x91][0x8a]a[0xa5][0x93]h[0xb]][0xf0]y[0x3]5[0xf0]8[0xa9]bS[0xc]D-[0xd6].[0x83][0x16]X[0xdd]o[0xd6][0x9][0x1a][0x99][0xcb][0xd8][0xe2][0x1d]jXOb[0xcf][0xef]lEp[0xb5][0x88]PQX6[0xb3]sz[0xbe]$[0xa2]P[0x83]>[0xc9]sX[0x3][0xd5][0xc4][0x8c][0xe3][0x15]~[0x8a],E[0xe1][0x16][0x8c]Q[0xd5][0x13]>[0x91][0xc5][0xa8]&[0x9b][0x89]a[0xe3])[0x90]k[0xd9][0x89][0xaa][0xa0][0x98][0xcb][0xbe][0x17][0x0][0x8b][0xe8]SAV[0xbf][0xc1]r)[0xa0][0xe][0x11]P[0xc1]&[0x8c][0x96][0x9d][0x8][0xd3]#C[0xb][0x83]W&1[0x88][0xe][0xba]+km[0x16]>bM[0x1d][0xaf]I[0x9c][0xd9]?_[0x0][0x10][0xc0][0xc3]|[0xea]j[0xe][0xa2][0xf][0xf9]O[0x3]IV[0x9d][0xee]#5[0x88]:[0x86]6[0x85]c[0xb7][0xb7][0xf9]/|[0xb8][0xb1]V[0xa3]M[0xc9];[0xf8]"[0xbc]?[0xff]4[0x4]+[0x93]d[0xdc][0xd9][0xb4][0xae]M[0xc7][0xfa][0x98][0xfd][0x1d]gr[0x9b][0x16][0x86][0xb][0xcf][0x9]x[0xdc]3[0xc6][0xd8][0x10][0xbb]vj[0xf4],[0x3]kE[0xc]=~9{[0x96]'S[0xbc][0x1d][0xc4][0x1c];*[0x8d]qc[0xc1][0x9]W[[0xfb]@[0xf2]F{i[0x12][0xaf][0xa2][0x9d]+5g[0xa1][0x8][0xb8][0xb8]%[0x1b]p[0xdb]J[0x9b]c[0x15]}[0xef][0xe4][0xf1]{b[0x8d][0xed][0xb4][0x80][0xec]C[0xa2]/[0xfd][0xd5][0xdf]|[0xec][0xf7][0xfc][0x1f]]?>[0xc8]+[0x14]r&[0xda]S[0x94][0xb1]T9[0x85][0x14])[0x15][0x9b]*%[0xe7][0xa0]8[0xfd][0x81][0xe0][0xf1]whA-|&l@([0xab]V[0xda]A[0x8c][0xb6][0xbe][\n]"
05:56:02.431 [main] DEBUG org.apache.http.wire -  >> "[0x88][0x8c][0xad][0xca][0xc5][0x8]W%,[0xb4]0[0xa6]K+h[0xc1][0xdf]?[0x16][0xcc]h[0x17][0xdd]pX[0xc5]X[0xd1][0x2][0x12]!M,[0xc][0xb3]h[0xdb]AV[0xbe]H*[0xe9]W[0xb2]P[0xd0][0x9][0xfc]j[0xe4][0xc4]_[0xef][0xc]=rvXg[\r][0xdc][0xb2]s[0x80][0xed]j[0xc1][0x19]L[0xe5][0x87]KO[0x9b][0xd9][0xc0](n@[0x1][0x18][0xb][0x13][0xd1]^3[0xe1][0x94]n[0x1e]UWg[0xa9][0xc]>[0x99][0xf4][0xbf][0x87][0xa4]~[0xd4]x[0x86][0x9d]e][0x1].%[0xae][0xa9]K2[0xec][0x9d][0xa6]XH'[0xd1]6;[0xd5][0xe0][0xec][0xe][0x94][0x83][0x1]C[0x81][0x81]m[0x9e][0xde]1[0xfe]a[0x6]P[0x1d][0xe6][0x8d][0xf4]O[0x89][0x9][\n]"
05:56:02.431 [main] DEBUG org.apache.http.wire -  >> "[0x93]'9[0xd8][0x1d]C:[0xda]~[0xf1][0xb1]6[0xb2][0xc8]H[0xfd][0xe8]T[0x8b][0xd1][0xd7][0xec]-[0xc8]E[0xea][0xfb]CB[0x88]][0xbf][0x9d][0x94][0x83][0xfc]=[0xbc][0x15][0x1f][0x82][0x3][0xda]Z[0xa4][0x9e]v[0xb3][0xa7][0x8a]z[0xf7][0xfa]?[0x86][0xf]&[0x1e][0xb6]o[0x84][0xf2]&[0xa4]}[0xcd][0xc3][0xde]Z[0x98][0xe3]^[0x96]7[0xb2][0xeb][0xcb]R[0x84][0xa2][0x0][0x9e][0xb1][0x5][0x81]u[0x9d][0xe0][0xf9]$[0xde][0x1b]k[0xac]z[0xb4][0xe8][0x83][0xa4][0xdd][0x95][0xf8][0xa9]{[0x97]W=O[0xe8][0xc0][0xc8][0xbb][0xa9][0x1b])[0xac][0xfc]d[0xbd][0xce][0x1d]B[0xab][0xa5]"4%[0xe3]C[0xc7]QQ![0x92]O[0xca][0xd4]{;8[0x9d]W[0xe9]8[0x97]i5[0x11][0xdd]d][0x2]{[0x9c][0x92],m5[0xba]nPu?[0xb][0x99]f[0x14][0x98]C[0x18][0x8d][0xea][0xe8]r[0xa2]P[0xcf][0x13] z[0xcf][[0xde][0xc3]@[0x82]l[0xdc]m[0xa9][0x1]`h[0x1c][0xd3][0x85][0xde][0xae][0x8e][0xb2][0xe][0xc4]ud[0x86][0xaa][0xb0] [0xb9]0[0xcb][0xb2][0x9b][0xc0][0x6]~[0x85][0xe9]^[0xb2][0x1e]*+3[0xaf][0x3][0xe0][0xec]5[0xbd].[0xf5][0xb8]A0w[0x1]F[0xd7][0x99][0xa9]v[0xed][0x98][0x15][0xb8]<[0x9e][0xc3]H[0xbd][0x83][0x92][0xd3][0xa3]8[0xdc][0x9e][0xd9][0xd7]-[0xe4]9[0xb9][0xde]s[0xb3][0xc1])[0xe0][0xce][0xd5]{[0xa8][0xcc]P[0xab][0xaf]&c[0xc][0x9][0xfd][0x19][0xa7][0xc1][0xa9][0x10]U[0xe0]pYEM[0xeb]#[0x81]%[0xf2]5.[0x9b][\r][0x18][0xee][0xff]R%[0xd3]q=[0xf3][0xc4]z[0xac]L[0x92]*[0xee]\+U[0x8]U-[0xf9][0x8][0x81][0xcd]is[0xbe]w[0x8c][0xc1]]kJ[0xae][0x83][0x7][0xa2]LDk![0xae]kA[0xea][0x91][0xe7][0xa5]O[0x9c][0xc6]U[0xb2][0xf0][0xb4],t=j[0xcf]xMt[0xcf][0x18].dh[0x8d][0xb0][0xa2][0xfb]`[0x2]X[0x9f]2[0xf1]jb[0xf6][0x9a][0xd9]?oY[0xde]fo[0xe3]W[0xff][0x8d][0x9f][0xb2][0xf7][0x88][0x96]E[0xf6][0x1][0xd2][0xee]J[0xfc][0xd4][0xd5][0x95]x[0x1d][0xce]W[0xb0][0xa7]+[\r][0x8e]KO=[0xcf][0x88][0x91]#[0x96][0xa5] f}WAr[0x81][0xa7]`[0xf2][0xbc][0xc6][T#[0xab][0xdf]|[\n]"
05:56:02.432 [main] DEBUG org.apache.http.wire -  >> "*[0xe7][0xb5]\[0xa4][0xa2][0x96]A[0xe0][0x10][0x90][0xba][0x1c][0xae][0x11][0xa8][0xeb]>\[0x81],[0xde]{[0xd1][0xc7]IF[0xe2][0xd6]0[0x91][0xf][0xec]V[0xcb][0xb2][0xd4][0xfc][0xa0][0x1a][0xa7][0xe5]EM[0xb3][0xea][\r]h[0x88][0xe8][0xd5]~R[0x81]![0x9e][0xc0][0x8b][0xe2]v[0x93]z[0xbc][0x4]gf[0xee]S[0xa9][0x87][0xc0]V[0x81][0xd8]Rw[0x12][0xcb][0x8d]y[\r][0x2][0xc0][0xa8][0x86][0xbb]h[0xee][0xe2][0xb6]5[0xc3][0xf3]1[0xb8]C[0xdf][0x14][0xd9][0xe5]S*[0x9a][0xdf][0x0]kU#[0xdd][0x16]ag[0xd6][0xf1]+[\n]"
05:56:02.432 [main] DEBUG org.apache.http.wire -  >> "[0xe9][0x6]"[0x1f]2[0xef][0xe0][0xc5][0xa9]I[0x9a][0x95]a[0x11][0xb3]1&[0xdb],[0xba]_[0xc7][0xf][0xde][0x9f];[0xb1][0x82][0xc1]O[0x99]:[0xcc]Z[0xb5]FL([0x14]S$[0xbb]L?/#[0x85][0xf8] c/[0xee]o4[0x8e]q[0xaa][0x9c][0x93]c[0x9e][0x88]ET[0xbe][0xfd]h[0x8b][0xa9][0x16][0x83][0x9b][0xa9][0xf1][0xf7][0xce][0x9e][0xf][0xd3][0xe1][0xeb][0xe7]MB[0xbb][0xd8]z[0xe1]P[0xfa][0x6][0x16]L[0xd0][0xb2][0xf3][0x1c][0x84]'[0xc1]m[0x80][0xa3][0xf5]|[0x1f]M[0xc8]>[0x9d][0xa4]B[0xcb][0x4][0xf5][0x8][0x85]*[0xa7]'[0x8a][0x17](;T9[0xd5][0x89][0xd7][0xca]N[0xbb]%[0xf7][0x1f][0x9e]D[0xfc][0x82][0xbd][0x87][0xb4][0x80][0xec][0x3][0xa2][0x87][0xed]7_[0xb2][0xab]+[0xf1]:[0xb1][0x1e][0xc4]Y[0xf3][0xdb][0x89][0x9a][0xa2][0x89][0x13]M'g[0xb][0x86][0xfc][0x9][0xf1]&[0x8a][0xbb]^[0x8a][0xa1][0xda][0xdb][0xb9][0xae]a[0x15]`[0xa6][0x16]@[0xb8][0xf5]w[0xab][0xc9][[0xe0]j[0x3]\[0xad][0xe6][0xae]%[0x12][0x9e][0xd1][0xa9][0x16][0x97][0x3]\[0xa1][0xa5][0x13].[0xc7][0x13]~[0xdb];Sk[0x8][0x8b][0xc0][0xc4][0x15][0x93][0x9][0x1a]VB[0xee][0x12][0xbd][0xaf][0xa5]da[0x87][0xe3][0xdc][0x6]k[0xc]i}[0xa1]u[0x5][0x1c][0xb6]`[0x11]F[0xe4][0x1c]gP@[0xb0][0x16][0xe4]b,[0x89][0xaf]-P[0xe8][0xad][0x94][0x3]>D[0x1e][0xc0][0xdc]>Pq-[0xba][0x94]9[0x84]Y[0xe]"
05:56:02.432 [main] DEBUG org.apache.http.wire -  >> "[0x3][0xcb]=[0x14][0xa1][0x8e]o[0xb4][0x2][0xd0][0xa2]>[0xcb][0xbc][0x94][0xfb][0xc7][0x9]t[0x1d][0x2][0x11]a<[0xda];[0xe6][0x19]Y[0xc9][0x0]>[0xb8][0x8c][0xf1][0xe1][0x14][0xaa][0x99]#[0x8d][0x88]i[0xd6][0xc3][0x8a][0xce][0xff][0x1b]\[0x83]'[0xca][0xc8][0x1b][0xd0][0xd8]y[\r][0xcc][0x3][0xf6][0xca][0x0]g[/[0xd1]n[0xc1]v%[0x86]N[0x86][0xf3][0x90][0xa8]{[0xad][0x81][0xda][0x4][0x84][0xfd]rA)[0x82][0xef][0xc1][0x95][0x16][0xa6].D[0x8b][0xd3][0xd2][0x8]*ES[0x15][0x81][0xd0]'[0x9a][0xbb][0xfc][0x96][0xbd][0xf0].[0x80][0x85];[0xfb][\r][0x86]Pi[0xe8]Q[0xb5]R[0xb2][0xac][0xfe][0xdf][0xeb]?[0x4]L[0x89][0xaf][0xfc]^[0xcf][0xd5]Z[0xc9][0x3][0x83][0x8d][0x9d][0xee][0xa8]CP[0x19][0x94][0x1a][0xcb][0x9d][0xe][0xa5][0xb1][0x94][0x16][0xf0][0xc8][0xed][0xcd][0xf7]*6[0x6]Z@[0xf6][0x1][0xd0][0x97][0xfe][0xca]o[0xbe]~[0x1d][0xbe]7[0xaf]Cz[0x1f][0xd7][0x90][0xf6][0x13]\[0xdf][0x98]S*[0xb0][0xa8][0x98][0xe5]3f.Z[[0xb9][0xf1]0[0xa1][0xe][0xef]>[0x85]Y[0x10]H[0xde][0xb9]]-[0xce][0xa0][0x95]b![0xf9][0x94][0xdc][0x88][0x83]][0xd2][0xd2]sq{C[0xa2][0xc5]L[0x12][0x1][0x2]f{[0x82][0x82][0x84][0xbe]Hv[0xd7]t-f[0xdd][0x91]Y[0x16][0x98][0xfd]n[0xbd][\r][0xcb][2[0xd0][0x7][0x95]m[0xa3][0xc0][0xa1][0xd7][0x8c][0xb][0x9b][0xae][0x12]q[0x8b][0x99][\r][0xbc][0x86][0xb8][0xe5][0xc2]F=[0x97]q[0xbf]1w[0x94][0xaa][0x0]Z[0x10]"d`[0x85][0xdd][0x88][0xe5][0x6][0xc8][0x14]^T[\r][0xc2]$[0xcb]T3%L[0x4]i[0xb5][0x15][0xc8][0xd4][0xf7][0x19][0x4]o[&[0x87][0xf7][0xa6][0x9b][0x81]9V.[0xec][0x1a][0x5][0x8][0xd4]a9r@ ?}(^[0x15][0xe9][0xa7][0xb0]C[0x9b][0xea][0x9a]Y[0xeb]@[0xa2][0xc][0x14]P6[0xa8][0x96]@;4[0xe][0xf0][0xe6][0xbc][0xb9]6[0x14][0xe9][0xcc][0xc7]4A[0xb9][0xbc][0xef][0xfc][0xe3][0xb5]-[0x15][0xc7][0xf2][0x10]p[0xa1][0xba]P[0xf1]4i[0xef][0x0][0xef]b[0xf4][0xb4]k[0xdd]N[0x18][0xd4]F6[0xcb][0xe8][0xfb]Ccf[0x1d]kF;[0xe8]r[0x8c][0xe8]Yaf[0xe7][0xf5]o[0x10][0x12]UE[0xb7]!O[0xfa][0xef][0xf5]o[0xf0]([0xd4]=[0xb4][0x92]b[0xc][0xab][0x1][0xd2][0xa4]Y[0x86][0xc5]Y[0xdd][0xee][0xd6]D[0xba][0xf1][0x13][0xb8]<[0xe8][0xc0]P&D[0x2]x/NbX[0xb4][0xe5][0xdd]J[0xc4][0x93]?[0xf8][0xee]/[0xd8]{L+[0xfd][0xfe]}[0xa4]=[0x1e][0xf6][0xe9]g[0xee][0xfd][0xf2][0x16][0xdb]#[0x85][0x6][0xb8][0x9c]0[0xfb][0xad]S[0xbf]Z[0x9e][0x1b]<[0x1f]1[0x9c]=[0x9b][0x19]bj[0x1d]L[0xe2]$[0x1f]S[0x15]O[0xf9]h[0x94][0xf8][0xf2][0x1b]P[0x8]":[0xe9]iB[0x19][0xda][0x1]#[0xa8][0xe6][0xbc]h[0xa4].K[\r][0xc0]E[0xdf][0xf9]A[0x17][0xc4][0xef][0xba]~[0xb9]?o/[0x4]r[0x13]!U[0x16]D[0x98]f[0x10]n#![0x2][0x1d][0xce][0xe6]EC[0x12][0x9b]T[0xcd][0x83][0x7][0x95][0xf2];][0x1e][0x1d][0x8b][0xd6],i[0x83][0x9e][0xdc][0x90][0xec][0xb0][0xc6]G[0xc8][0xdc][0xe3]6[0x2]0[0x16][0xbd][0x8])`F+ l[0xbd]M[0xcb]/d<[0x9a]_C&[0xd5]$1[0xf1][0xfd][0x86][0xdc][0x80][0x89]sqA[0xaf][0x92]o[0x16]=[0xf5][0xbc][0x0].7[0xa4][0x9f][0x82][0xfe]Z[0xb6][0xd5]3[[0xcf][0xab][0xe8][0xd6][0x8c][0xb9][0x16][0x95]L[0xb0][0xab][0xf2]f][0x7]|Rm[0x82][0x86]w1[0x9d]T[0xd1][0x98][0xea]71[0xd0][0x1e][0x7]au[0xc5][0x9a][0x84]}TZ[0xe0][0xda][0x2]vjS/[0x8e][0x8d][0xfb]A-[0xd1][0xa8][0x18]([0xb6]U[0xc8].j[0xec][0xcb][0xb2][0x1a][0x14][0xba][0x98]Rk[0x1][0x98][0x84][0xc0][0xad][0xae][0xb3][0xfd][0xf3]exIp[0x99][0xf3][0xb4][0xed]J[0xb0][0x6][\n]"
05:56:02.433 [main] DEBUG org.apache.http.wire -  >> "[0x83][0xa2][0xda][0xc4][0x1f]q[0xc5][0xf6]8[0xe5][0xed][0x1d][0xf3][0xc6]:[0xd3]i[0x18][\r][0x9e])e[0xd8][0x8e]Jz[0xa2][0xe][0xd3][l,3yr[0xb7]H[0xc7][0xe9]B-[(*[0xd7][0xaf]o[0xfe](g*[0xbe][0x13]-[0x8b][0xec]}[0xa2][0xaf][0xfc][0x95][0xdf][0xfa][0xc9]O?{[0xf9][0xba][0xed][0xa7]t8WP[0x9][0x87]0X0[0xb1][0x1f][0x0]|[0x8][0x15][0x89][0x93]Yn[0xac][0xb7];|-[0x92][0xf4]Q[0xd3]{[0xe2]TI[0x9b]h :[0x91][0x3][0xc4][\n]"
05:56:02.433 [main] DEBUG org.apache.http.wire -  >> "c[0x12][0x10][0x83]"[0xb1][0xe8]b&[0xee][0x89][0x16][0xf0]&[0x89]"[0xe5][0xf5][0xe9][0x92][0xe1]J[0xec][0xa6]t[0xeb][0xb7][0xd6][0x1c][0xeb]a[0x8]-[0xb1][0x86]<[0x8c]YZ[0x10][0xd6]ee[0xb9][0xc8][0xcb][0x1]r[0xa6][0x96][0x89]uv\[0x9]NS[0xdf]=[0x9a][0x96][0x8b]R[0xdd]~~[0xa3][0xb9]_(@[0xb5][0x93]my[0x85][0x9f]6|[0x8a]n[0xb]-5N[0x1a][0xbc]q[0xfd]wS[0xf8]T[0x84][\r]u[0x87][0xee][0x99][0xe6][0x85][0xf5][0x88]Fx[0xcb][0xfa][0x1a][0x15]E]&>[0x94] [0x1d][0xd6]h[0xc0][0x8a][0x9c]M[0xe8]F[0xb2][0xaf].][0x83] 4[0xb5][0x1a]`[0xea]i[0xd9][0xfc][[\n]"
05:56:02.433 [main] DEBUG org.apache.http.wire -  >> "[0x97][0xa9][0xff]5[0xc7][0xb9][0xf0]L2[0x19];}?[0xf9]y[0xb1]2[0xfe][0x8]Fe:[0xfb][\r]O[0xc9]2[0xb3][0xe9]M[0xc0][0xf5][0xeb]h^d|[0xaa][0x9c][0xbd][0xae]-[0xa0]Q[0x9c]<~b^T[0xd1][0x98][0x87]n[0xd3][0xf5]X[0xff][0x3]T[0xf8][0xc0][0xac][0x82][0xc8][0xa3]s[0x97][0x9a][0x91][0xcd][0x7]K[0xc4]?>[0xe0][0x88]2,[0xef]Z[0xc2]C1[0x91][0x1b][0xa0]'[0xfa][0x1d][0xeb][0xbf][0xd6][0x10]4)U[0x85][0x12][0xab][0x13][0x87][0xb0][0xc0]RG [0xde][0x16][0x1b][0xbb][0xad]>[0x14][0x94][0xfd][0xbf][0xad][0x15][0xef]fWU[0x17][0xee]r[0xaf]L[0x94],[0xee]G<S[0xf1][0x9d]h[0x1][0xd9][0xfb]@[0xf][0xff][0x9d][0xdf]|i[0xf3]'o_'[0xc5][0x83][0x14][0xbb]n:[0xb5][0xd5][0x8f][0xe5][0x8e][0x10]?[0xb4][0xc9][0x14][0xc6]^[0xf3][0x7][0xde][0x9][0x12][0xd0][0xe3]t[0xe0]iK[0xb]3h[0xfb][0xa9][0x82]z[0xcc][0x14][0xee][0xe8]Y[0xea][0xd6]@2[0xdc][0x85][0xe5][0xf6][0xc][0xa9][0xa2][0x1b] [0xfe][0x8][0x97][0xe7][0xfa]u[0x15][0x5][0xed][0x1b]L@r[0x8d][p/vi|[0x1d]w[0xc1]=%[0xbc][0xb0][0xb2][0xc0]:[0xf3])P[0xad][0x1][0xa6]PZ[0x98]2Y[0x98][0xc9][0x6]n[0xb4][0x10]K[0xd3][0xf][0xef][0xb1]*KA[0xb5]g;i[0xaf]*[0x90][0x14]O[0x9][0x90][0x18]#[0xe5][0xa0]X[0xa5]#[0x9e][0xa2][0xf1][0x4][0xf2][\n]"
05:56:02.433 [main] DEBUG org.apache.http.wire -  >> "[0x1b][0x83][x[0x13]Hj[0x86]4[0xca][0x14]8[0xd7]P[0xd4][0xe9][0xea][0x11][0x1c]Y[0xd9][0xe0][0xd7]nW[0xe3][0xfd]-#[0xc9]o[0x1b][0xe0][0xdc][0xe6][0x81]\[0xab][0xbe]I[0xfb][0x1c][\r]D[0xd9]}W[0xf7][0xbf][0xfc]Z[0xe9][0x82].\[0xb1][0x1]l[0x4][0x8a][0x90]y[0x18][0xa3]][0x12]&6[0x99][0x17][0x9c]3[0xe8][0xdb]nA[0xee]n8[0xb8][0xfe]4u[0xde][0xcd][0xe8]5[0xb8][0x99]O[0xd1][0xe5][0xd0]2[0x5][0xff][0xb0][0x88][0xb3]L[0xa7][0xda]7[0xad][0xb2][0xa3]~[0xf0].0[0x1f][0xe7][0xb8][0x15][0x80][0xd6]x[0x15][0xc8][0x18][0xba][0xe9]fg[0xd8]F[0xdc]J[0x18]a[0xe3].[0xf5]<`[0xff]"[0x9a][0x13][0x15][0xb][0xe7]z[0xc][\r][0xa1][0xc9][0xf3][0xe8][0x8b][0xae][0xf1][0x1c][0xff][0x8b][0xcb][0x12][0x1d][0xc]C[0x1d][0xa9][0xd8]x[0xd9][0x88][0xd1][0xc9]#[0xbf][0xf0][0xa3][0x9e][0xa9][0xf8]N[0xb4][0x80][0xec]=[0xa6][0x87][0xfd]7_[0xbd][0x9a]So"[0x1e][0xe6]-[0xb0][0x9]:[0x98][0xbd]=9[0xf0]_[0xb]h[0xce]M[0xb8][0x10][0xb3][0x8c][0x9c][0x17][0xa9]?A[0x12][0xb6][0xb5][0x87][0xb9]UG[0xd1]eQ[0xe2][0xb6][0x18][0xf3][0xe][0xc2][0xb0][0xb2][0x89][0x8][0x12]\;![0xb3][0xbd][0x9e]1H[0xc1] x[0x92] [0x9f][0x9d][0xd2][0x1d]@jT[0xff][0xb0][0xb8][0x4][0x0]j[0x93][0xf6][0xc9][0xf5][0xb2][0x1f][0x8][0x19][0xbc][0xa7][0xe5][0x84][0xc1][0x90]R[0xa1][0xc7][0x98][0xb]%ui[0xfd][0x5]R7Jk[0x4][0x85]bv[0xab]Z[0x9b][0xbf]E[0xcb]B[0xc2]Z{[0xbd]y@[0xac]U([0x7]\[0xe7]*[0xcf]o[0xad][0x8]5(C[0xef]E[0x97][0x7]K[0xc0]$[0xf3]n[0x7][\n]"
05:56:02.433 [main] DEBUG org.apache.http.wire -  >> "[0xa1][0x84][0x4]([0xe2]$[0xee][0xd4][0xc3][0xe8][0xb0][0xd4]$>[0x84]F[0xd8][0xe0]K[0xdb][0x3]-[0xd2]X[0x1a]~[0x1b][0xc0][0xec][0x0][0xcd][0xae][0x93]Rv[0x8c][0x99][0xe2]h[0xf4]T[0xf2][0x2][0x5][0x18][0xb3]*.[0xa7][0x86]_[0xc0][0x80][0xde][0xa3][0x8]Q:[0x80][\n]"
05:56:02.433 [main] DEBUG org.apache.http.wire -  >> "[0xc8]z[0xe5][0xa0][0x9a][0xba]3[0xad][0xbb].V1[\n]"
05:56:02.433 [main] DEBUG org.apache.http.wire -  >> "[0xec][0xb5][0xc3]8,Qw[0xe8]H5kT[0xc6][0x17][0xde][0xd4][0x9a][0xc2][0x1c][0xc6][0xb2][0x14][0xdc][0xe1]xA[0xf1][0x81][0xb5]?[0xe7]oyQ0C[0xbd][0xe6]0[0x3][0xd2][0x86][0xe2]{[0xa7][0x8a][0x9b][0x9f][0xdd][0x96][0xbd][0x90][0xd2][0xf3]/[0xeb][0xdf]O[0xd6][0x14][0xda][0xe0][0x3][0xa6][0x10]{<[0xcd][0xe9]V[0xec][0x6][0xf8]Sa[0xf4]om[0x97]g[0xde][0xb4][0xf7][0x89][0xdc][0x16][0xbd]'t[0xc4][0xc3][0x9e]}[0xf6][0xf5]k([0xf3]e[0xca][0xa0][0xd2]hjE[0xa8]<[0xad][0x1f]Zb[0xf0][0x3]bL1n[0xcd]k[0xc7]W[0x88][0xf][0x87][0xfa][0xed]][0xc6][0xe9]^[0x16]1dh"X[0xc0][0xcd][0xcf]:[0x8f][0x1f]U[0xc0][0xeb][0xb3][0xf4]^Yi[0xb1][0x80]2[0xe3][0x84][0xf6][0x93][0x10][0xb1][0x96][0xf5]Ft[0x94][0x1f][0xe9][0xf7][0x1f]m[0x2](mb-[0xc1][0xc2][0xd4]6[[0x1]X[0x84][0xb6]1[0xd7]uH[0x99][0xa6][0xc9][0x1f][0xf0][0xdd][0x9b][0xfa]Wb[0xf2][0xb0][[0xe6]X[0xc2]AV[0xf4][0xfb][0xca]J[0x12]P[0xfa][0x9b]Q[0xa8][0xb4][0x11][0x4][0x96][0xe][0xfe][0xdb][0xed][0xb8][0xe7][0xf3][0x99][0x89][0xd9][0xfb][0xb2][0xb2][0xdd][0xe7]g[0x5]S[0xea][0xbe][0xe4][0xb][0x80]"[0xd4][0x1a][0xb1]n?[0xb9][0xed]c\N[0xe5]([0x1][0x81][0x82]<Ko[0x81][0x95][0xcb]K[0xd0][0xe0]h[0x93]s[0x1a][0xc0][0x90]=[0xcf]]Cp[0xcc][0xa4][0xcd][0xd5]n[0xec]R[0x84][0xf4][0xbb][0xbd][0x2]F[0x4][0x82][0xd2][0x5][0xfe][0x1b][0xfb][0xef]"[0xf0][0xb1][0xb3] 4[0xb0][0xe9]v[0x9e][0xe7][0x9]v[0x18]Z[0x0]i5[0x17][0x0]&[0x8c]k[0x10][0xf0]~[0xbe]cP[0xfc],s[0xc][0xe3]t[0xc3]o][0xbf][0xd5]6[0xcc]%4[[0xbe][0x8f]Fp[0x9c][0xee]X[0xff][0x9c][0x8]2[0x87]{[0xce]T[0x89][0xd1]+[0xd1][0xdf]q[0x1d]{![0xa8][0x9b][0xee][0x95]<[0x9e][0xaf]C[0xab][0xad]$DCp#[0xdd][0xd5]U[0xfc][0xf2]7[0xde][0xfe][0xb3][0xbf]d[0xef][0x13]- {[0xf]h[0xdf][0x1f][0xb6]={[0xf9][0xe5]+3[0xbf][0xda][0xc]E[0xf0][0xb9][0xed][0x9b][0xa4][0xfa]\[0x80][0xd5][0x80]0[0xa6][0xed]1U.X[0xc8]s^[0x85][0xcb][0xb1]Q>[0x1e][0xef][0xe7][0x8d][0x97][0xea][0xe1][0xaa][0xef],[0x1c]U[0x98][0x8c][0xc5]}[0xf3]\[0x1][0x19][0x17]IC[0x1b][~[0x6][0xd1][0xd3][0x82]([0xe0][0xc9]{*vb![0x82][0xb5][0x2][0xea][0xb5][0xa9]{[0x8][0xe9][0xd6][0xf8]&[0x98][0x15][0xa7]!#'[0x8f][0xf1]Y[0xda]E[0xad][0xd1]b[0xfa][0xf9][0xb1][0xe8]zS3[0xd7][0xa2]&[0x85][0xf4][0xbd]g[0x80][0xd5][0xea][0x9a]![0x83][0xf][0xd1]?[0xf2]^S[0xd9]ja[0xa7][\r][0xd5][0xfa]Fi7[0x5][0x87]l[0xac]u[0xbd]P[0x9b][0x9c][0xfd][0x1b][0xca][0x8a][0xb4][0xe9]l[0x1][0x9e][0xbf][0x8f][0xbe]Y[0xd0]z[0x1f][0xc2]8[\n]"
05:56:02.434 [main] DEBUG org.apache.http.wire -  >> "[0x0][0xdd]+[0xa1][0xa3][0xc6]F[0xc1][0xc9][0xbc][0x1b]7[0xf9][0xd7][0xcd][0xb8][0xb][0xa4][0xc8][0x8]7[0x11][0xe4][0xfd][0xf3][0x89][0xdf]6[0xc1][0xc][0x82]6B[0x1]2[0xe7]Y[0xf2]c[0x1b][0xcf]J[0x9][0xbd][0xfc]&[0xa8];[0x10]}g[0xca][0xb6]u[0x1d][0xc5]+[0x94]!<[0xdd][0xcb][0x92][0xc3][0xb8]Y_[0xc8][0xef][0xc2][0xf]0;[0xc8][0xb7][0xa0]ky[0xae]#[0xa2][0xa3]N[0xfa][0x1e][0x13][0x19][0xa7][0xbd][0xc8][0x8d]P[0xd2]`(J[0x88][0xb][0xcb]][0xd6]?[0xa7]/[0xae][0x13][0xc8][0xda][0xc2][0xd4]u[0x6][0xc9][0xe3][0xa7]q[0xaa]{[0xbf][0xf5][0x8d][0xbf][0xff]s_[0xb4][0xf7][0x91][0x96]k[0xf1]G[0xa4][0x1d][0xc4][0xec][0xb9]{o][0xfd][0xc6]?[0x99][0xa2][0xbd][0x14]v[0x6]q[0xa3][0xc7][0x1b][0x1b][0x95]s[0xd2]r[0xb2][0xe9]R[0xf6][0x9a]#[0xde][0xfe][0xac][0xfa][0xc1][0xe3]\[0xb7][0xc7]Y[0xe][0xab],B[0x9d]Y[0x9][0xb3][0xd9][0x0][0xa2][0xc8][0xc2]2Q[0x9a][0xc6][0xf3]>[0x1a][0xc7])[0x8e][0xa4][0x94]85[0x7][0x82][0xb5][0x93]8[0xaa][0x19][0xf4][0xb3][0xb5]@[0xbd][0xd0][0xea][0x94]E[0xe1][0x9]`[0x1b]J[0xf3][0xfa][0xd7][0xe9]B[0xb2]![0xf6]d[0xf7][0xb3][0x1b][0x83][0xd8][0xd3]`[0xc9][0xfb][0xa3]2?[0x81]M>[0x16][0xbf]U.[0x84][0x9f]5u'S[0xa2][0xb4][0xf9]r[0x95][0x0]([0xe8][0xfd]i[0x17]h0[0x89][0x6]|;[0x84][\r]\e^[0xb0][\r][0x97]^[0xca][0xab][0x12]^[0xac][0x9b][0xa9][0xda][0x4]17[0xa3][0x87][0xc8][0x8b][0xcf]T[0xa3][0xc9][0xe8][0x8b]$[0x2][0xe0][0xde]([0x17][0x11][0xb9][0x6][0xd6][0xb9][0xf0][0xf0][0x88]g8[0xc7][0xb][0xda]I[0x8c][0x9e][0x14]KK[0xd8][0xa2][0x81][0xc9][0x92][0xf6]jga[0xb8][0x99][0x8f][0xd8][0x0][0xa2][0xfa][0xd7][0xef]t[0xfb]ZI[0xcb][0x4][0xb1][0x10]pA[0xbd]~[0x82]>[0xbd][0xff][0x18][0xa7][\r][0xe3][0x14][0x88][0xbe]9[0xd7]![0x8d][0x84][0x9e]#[0xbd]v[0x1a][0xa8][0x19][0xfb]*#[0xbb][0xce]![0xb4][0xb6][0x96][0x9d][0xe3][0xd7]>[0xdb][0x1c][0xa7][0xc6]N;[0x81]X[0xad]s[0x9d][0xbe]6[0xdc][0x9e][0xbd]\z[0xfd];[0x9e]m&[0x99]2b[0xef][0xc4]q[0xfa][0xcd],2[0xa7][0xbb][0x9b][0xa6][0xfe][0x7][0x8b]F[0xdc][0x8a][0xcb]2[0xc1][\n]"
05:56:02.434 [main] DEBUG org.apache.http.wire -  >> "[0x8f]aU[0xe][0xed]p[0xbf]~[0xa1][0xd7][0x81][0x17][0xbb]N[0x97]xX[0xf5][0xf4][0xe0][0xfe][0x9f][0xb4][0xf7][0x99][0x16][0x90][0xfd][0x8][0xf4][0xf0][0xaf][0xfe][0xd7][0x8f][0xe2][0xd9]{_[0xbf][0xe][0xda][0x3][0xb3][0xe1][0xbb]iA[0xe9][0x8][0xca][0xef][0xb]q[0xa3][0x6]V[0x13][0x6]K\s[0xd0][0x84][0x82]B[0x8f][0xc0][0xd7][0xc5][0x97][0x83][0x7][0x18][0xd9]K$[0x9f]-M[0xb1]4:o9[0x93]e[0xb5][0xe5]4[0xc4][0xe]A[0xae][0xdb][0x19]3[0x1b]1F-[0xb3][0xc9][0x3][0x8]c[0x7][0xbd][0x6][0x17][0xdc][0x1c][0x1a][0xf5]K[0xd9][0xe0]%[0x81][0xbc][0xdc][0x16][0x97][0xfc][0xb].[0xc1]wB[0xb3][0x10][0xea]_[0x1]@I[0x9a][0x8c].[0x9b]X [0x10]n[0x10][0x14][0xad][p!W[0xec]"[0xd9][0xe7]*[0x84][0x3][0xd6][0x8][0xfa]S[0x8b]:[0xdc][0x86][0xf5]b[0x12][0xe3][0xb0][0x11]c[0xa8][0xee][0xa5][0x1b][0xe]u[0x10][0x14]{[0x93]w[\n]"
05:56:02.434 [main] DEBUG org.apache.http.wire -  >> "[0x80][0xb0][0x91]0@p[0xf3][0xb0][0xd3][0xac]`[0xbb]O[0x3][0x11][0x93][0xd1][0x8c][0xd9])[0xe9]-Y/[0x1][0xdd][0xc][0xce][0xa0][0x2]o3[0xeb][0xbe][0xc2][0xa8]![0x1f][0xb4]-Z[0xf][0xac][0xaf]!K)DE[0x19][0x90].[0xf6][0xb3]6.4[0xb8]L[0xbe][0xf][0xf1][0x19]v[0xea]%[0xc6]IR[0xd8][0xf1][0x14][0x15][0x8e]V[0xb4]r[0x93]3[0x15][0x8e]i![0x9b][0xd9][0xb4][0x6][0xc1][0xa4]y[0xd6][0xe2][0x96][0xd1][0xa8][0xb4][0x90][0xac][0xad]jG[0xfb]N[0xe5]P[0x5][0xe1]|[0xb4];[0xc6][0xb8][0xee][0x9b][0xd6]wMX[0x83]f[0xc6]:[0xb9][0xec][0xb]@[0xe1]5G[0xd1][0xc3][0x3]A^[0xd2][0x85][0xdd][0xbc][0xf][0x13]0[0x2]_[0x8c][0xfe][0xcc][0xc9][0xee][0x9b][0xa1][0x13]6U&[0xe6][0x9b][0xdf]|[0xfb][0xe7]~[0xc3][0xde]gZ@[0xf6]C[0xd2][0x1f][0xfb]w~[0xeb][0xa5][0xeb]8[0xbd][0xe5]{R[0x7][0xd3][0xdd][0x91][0xd6]m[0xd1]pB[0xf7][0x1][0x94]{NqkM[0x89][0xc2]=[0xdc]eN]ro[0xc6][0x14][0xfd]\[0x8f][0x9e][0xf0]H[0x89][0x96]?`[0xad]`[0xa2][0xde]H2[0x14]nt[0xa0][0xe1];[0xbe][0x4]6[0xd6]z[0xba]7[[0x0]T[0xb9]"p([0xf2]0[0xcf][0x3][0xb3][0xde][0x99][0x89][0x89][0xf6][0x17]H[0xe]az@X[0xfe][0x82]e[0xa7]m[0xc7][0xb1]Q[0x8e][0x0][0x18]l[0x89][0x82][0x1e]j[0x94][0xe5][0x9a])[0xd1]I[0x90][0x92][0xdc][0x94][0x16][0xc0]Cu[\r][0xc6][0xb9][0xda][0xca],[0x93]%[0x93]G[0x9][0xea][0x93][0xb2][0xec]N[0xf][0xc5][0xf3]- l[0x8][0x7][0xa3][0xa6]Q,[0xf1][0xfe]lv[0xae]#[0xb4][0xa2][0xb2][0xc0][0xfa]'[0x17][0xa1]\n[0xbf][0x2][0xf7][0xd9][0xbe]n[0x8f]4 [0x8c]MK^[0x5][0xdb][0x18][0xda]l[0x89][0xfc]Wz[0xa1][0x94][0xe5]~[0xdb]Pi}[0x9]SX[0x9][0x0][0x8][0xf9][\r][0xba]H[0xb0]%[0x89][0xa0]^[0xfb][0x95][0xba][0xf3][0xd6][0xd6]r[0x9][0xd8][0xf6][0xb8][0x5][0xf5][0x0][0x8][0xf7][0xd3]t[0x17]~D+"Fs[0xa3][0xac]e[0x8e][0x17][0xdd]h[0xa8][0x9c][0xe3][0x19][0xed][0xb][0x7]0s[0xbc][0xf2][0xc4][0x94][0xb2][0xfc][0x1c]V[0xb0][0xf6]W[0xc0]qj[0x12][0xf2][0x7][0xbc][0xee];.[0xf0]Y[0xb4]UM[0xe5]*`F[0xd7]?[0x9d][0xe1][0xa1][0xf5][0xa9]5Vc[0x92][0xcf][0x16][0x10][0xc2][0xe0][0x9f][0xba][0x9][0xac][0xcc]^w=NsL[0xbc][0xb]T0[0xf1][0x9c][0xc7][0xef]n[0xf7][0xe2]5[0xfb][0x0]h[0x1][0xd9][0xf]A[0xf][0xff][0xfa][0xfd][0xea]u[0xd8][0xde][0xd8]?[0x7]3[\r]s[0x15][0x1e]7[0x84][0xae][0x4]A [0x6]0*[0xe5][0xbc][0xa4]l[0x1]_0[0xd8][0x8d]Gw [0xd8][0x8e][0xbb]][0x4][0xad][0x7][0xad][0xa6][0xa0]D[0xc1])[0x6][0x98]r)[0x95]f,[0x89][0xe4][0x82]M[0xdd]:C[0xdc][0xe7][0xf8][0x96][0xfe]<W`[0xa9][0x87][0xf1]W[0xbd][0xf4][0x8d][0xcf][0x92][0xb5]X[0x82]"[0x8c]n[0x6][0x81]d[0x97][0xb4][0xe0]r[0xbf]C[0xc][0xa5][0x90][0x80][0xec][\r][0x97][0xcc];O[0x5][0xb1][0xac][0x1c]m[0xbd][0xc0][0xa3]k[0x88][0xa3]>[0xf][0xcd][0xfc]F[0xe8][[0xb9][0xf1][0xca]-DiR[0xc2]O[0x95][0x1][0xb5][0xe6]$#,[0xd1][0xc4]K[0xab]/e[0x96][0xfb]|[0xc2][0xc7][0xf3]ml[0xa2]=[0x6][0xa4]m.[0x7]7[0xea][0x96][[0xab][0x83][0x85]Y[0x83]wjk[0x94][0xa7]K[0xc4][0x91][0x9f]xs[0x8][0xd7][0x18]"+F[0xec]is=q[0xc3][0xa6]47[0x8]<Bvh[0xf1][0x3][0x90][0x8c]w[0xd5]_* [0xed][0xe6]$8@[0xbb]sJ[0xd6][0x6]*[0xed]G[0x81]g+[0x9][0xa1][0x80]l[0xe5]"[0x8b]V.L[0xc6][0xf5][0x86]#[0xfd][0x8c]*[0xf][0xe2][0x2][0x97][0xc5][0xa1]c[0x82][0xa6][0x87][0xf]U[0xac],nN{[0x83][0x85]-[0xcf][0x3][0xa6][0xd8][0xf6][0x1c][0xe3][0xad][0xad][0xbb][0x1a]c*Bf[0xf0][0xd5][0x14]86[0xf]r>[0xc0]X:[0x1e][0xde]Z[0xa3]A[0xf7][0x8a][0xe5]t[0xcc]H[0x9f]z98[0x4]P[0x88]b[0x90][0xcc]qqU[0xa3]+[0xb2][0xf5][0xa6]=#X[0xfc]i[0xac][0x87][0xd3]E[0x1b][0xf9][0xb7][0xe5][0xfd]I[0xb7]?[0x93][0xdb][0xa2][0x1f][0x88][0x1e][0xfe][0x8d]o[0xbc]zu[0x11][0xbe][0xca] [0xb2]8[0xf1]s[0xde]T[0x9c]([0xa0][0xe9][0xb7].[\n]"
05:56:02.435 [main] DEBUG org.apache.http.wire -  >> "[0x8a]VY[[0x12]I[0xd2]C[0xb4]F[0xec]c[0x16][0xb2][0xdc]Y`P[0x1b]<n[\n]"
05:56:02.436 [main] DEBUG org.apache.http.wire -  >> "[0xbb]#k[0x91][0x89][0x16]g[0xb0]c[0xbb]! s[0x11][0x85][0xae]~L[0xf4]V[0xa7][0xf1]L[0x83]\eD[0x8]b[0xf4][0xa2][0xae][0xf6]1A[0xc2][0xac]\[0x81][0x14][0x90][0xf8]1[0xb][0xde]jAU[0xbd]UZ[0xf8]y[0xbe]N[0xe9][0x19][0xaa][0xc9][0xb3][0x8b]A[0xd6][0xb9][\n]"
05:56:02.445 [main] DEBUG org.apache.http.wire -  >> "=[0xde][Ayk&d[0x1b][0xf6][0x84][0x80]j`[0xb0][0xee][0x12][0xfc][0x94][0xea][0xdd]S[0x0]E[0xbb][0x14][0x1b][0x1][0xa0]P[0xc8]oh[0xe5]q[0xff][0x85][0x9][0x13]h[0xf][0xf4][0x99]R[0xb0][0x9]D[0x86] [0x6]*[0xa6][0xd6][0x9d][0xa7][0xd6]C[0x96][0x85][0xf1]3[0xa7][0x11]8[0xe5]h[0xb0][0xdc][0xcb]N[0xb]o[0xe5]CX[0xcf][0x9f][0xc2]w[0xca]i[0x8c]%&[0x4][0xf9]-|[0xe]U[0x1e]<z[0xc2][\r][0x80][0x97]qQ[0xf7][0x1e]44;[0xb5]m[0xf0][0x93][0xd9][0xa7][0x0][0xf3]c[0xa3]s[0xcd]uM[0xf6][0xa0][0xa2][0xd2][0xd3]9\$[0xbb][0x97]5[0xb2][0xf3][0x93]F[0xd0]6[0xe7][0x96]a[0x9]KY[0xde][0xc][0xa8]>B[0x99][0xd2][0xf5][m?[0x8d][0x9f][0xb1][0x8b][0xa1],[0x1f][0x89]>[0xd5]:*[0xba].|[0xd9][0xce][0xeb][0xdf]z[0xae][0xf7]Z[0x93]>a]Q[0x91][0xe9][0xc4][0x9a][0xb2]Ne[0xfc][0xcd][0xfa][0xfe]1[0xb7][0xb1][0xf8]N[0xf5]rM[0xfe][0xce]7[0xff][0xfe][0xcf][0xfd]Q[0xfb][0x80]hYd?[0x0][0xfd][0xb1][0xbf][0xfe][o\g[0xc3]k[0x0][0xa9][0xd6]<[0x8]"
05:56:02.447 [main] DEBUG org.apache.http.wire -  >> "[0x2][0xf0]yxO[0x4]g[0xcc][0x89]FF.[0xb0][0xd6]dh[0xd5][0xe0][0x11][0x1b][0x8b][0xd0][0xd4][0xea][0x8b][0x96][0xcc][0xe7][0xdb][0xb3][0xe][0xa1]2E[0xf2][0xa3][0xc8]P[0x94]W&[0xa0][0xc5][0xdc][0xfe]Cy[0x16][0xa5]zg/[0xcb]'c[\r][0xd4][0x16]b[0x85]n[0x95][0xe3][0xec]V.DJ~[0xb6]K[0xf6][0x8c]Y%[0xbe][0xd4][0xa1][0x80][0x4][0xb1][0x14][0xfc][0x5][0x16]C[0xf9]e[0xff]D[0xfb][0xf7][0xb3]t[0xa9][0xfb][0xe8][0xab]i[0x8f][0x8c]([0xd1]~v-[0xda][0xa5][0xd5][0x85]8[0x84]`r[0x95]W[0xdd]hYE[0x8c][0xea]"&[0xcb][0xeb][0xce][0x6]T[0xf3][0x98]Y[0xa2][0xd4][0xb0]Q[0xf9]q[0x3][0xad]4[0xa3][0x17][0xad]r[0x9][0xa2][0xdb][0x8c]>x[0xb9][0x1a]k\[0xd4][0x85]X[0xe0]7[0xac]HX[0x7][0xa9]1[0xd7][0x6][0xf8][0xfa]np[0xb7][0x15]X[0xf5][0x3][0xd5][0xfa]r1Q[0x9]r<V2[0xf9][0xb8][0xf7][0xd2][0xae]tH[0xb9][0xea]O[0x14][0xf][0xf8][0xe4]a!m[0x1c][0x13][0xb5][0x96]a=[0x85][0xf5][0x9c][0x8d][0xea][0xac]t[0xa6]0[0xaf][0xe2]p[0xf0][0x1]c[0xba][0xd5][0x9c][0xed][0xb5][0xa2][0xd9][0x8f][0xe4]O[wP[0xb4][0xca]:[0xc4][0x9c]j%[0xb2][0xe6][0xa3])$[0xf5][0x18][0x99][0xde]+[0x16]L[0xaf]![0xb1][0xa6][0x1b][0xd0][0xbc][0x15][\r]|[0xd7]y[0x84]y![0xcf][0xb][0xc]<[0xad][0x87][0x9c][0xd8][0x82]A[0xe9][0xd5][0x12][0xb2][0xfe][0xdb];[0xd9]Z[0x9c]~-[0x17]~[0xf7][0x12][0xf3]_[0xd6][0xa1],kW[0xd7]{[0x8e])P[0xf0][0xda][0xf4]{[0xf1]S[0xf6][0x1][0xd2]:k[0xf1]][0xd0][0x83]7[0xbe]~[0xff][0xd3][0xff][0xf4][0x99][0xbf]}[0xfd][0xf8][0xa2]h[0xa7]"[0xfa][0xcc][0x10]Y[0x86][0xc3][0xda][0x10][0xbb][0xaa][0x14][0xfb][0x16][0xfe][0xf5]H[0xf9][0xb2][0xf2][0x1b]f[0xcb]1[0xa7][0xc3][0xc7]>[0x90][0x9e][0xf0][0x4][0x8a][0xf2][0xbf]H[0xed]U[0xca][0x10][0xec]0[0x5][0xac][0xcb][0x82]f[0xde][0x0][0xe4][0xbc][0xd9][0xfa]z[0x8c][0xf9]L[0xe4][0xd8][0x1b][0xc2][0xb3][0x1e][0xbb][0xbc][0xba][0x17][0xda]i[0x17][X[0x4][0x1f]h-[0xe6][0xad][0x5].XXY[0x8c][0xd4][0xfa][0xdc]:PO[0x19][0x85][0x85]mX[0xe7]FE[0xa2][0x1a][0x0]^ru[0x96][0x80]q[0x1]A[0x8][0xae]bm[0xde]Vp[0xde][0x92][\r][0x1d]/w[0xbf](&[0xd1][0x82]Q[0x84][0x98][0xd9]M[0x8a][0xbe][0xa5][0xa5][0xe7][0xcd][0x2]O[0xcb][0xab]~[0x9d][0x18][0xdc][0xe0]*[0xe2],[0x5][0xac][0xb7]V.[0xdb][0x2][0xda]$[0xde][0xa4][0xbe][0xe2]+[0x18][0xd1][0x2]N[0x8c][0xa5]0Xc1[0xda][0x8a][0xf1]*[0xef][0x10][0x86][0x88][0xe0][0xea][0xa1][0x8d]k[0xf9]f[0x87][0x9][\r][0xfc]l4V[0x97]S[0x8c][0xbe]%[0xd0]a.[0xcf]ru,M[0x85][0xf5][0xc9][0xa2]p[0x8b]VG<[0xa6][0xd5]_[0x9d][0xf1][0xe2][0xb7],&k[0x16][0xb4]k[0x1a]s[\r]@_z[0x95][0xa0][0x83][0xc9][0xda][0xaa][0x9e]O[0xaf][0x86][0xf5]Zk[0xac]H[0xb7]_[0xcd][0x1d][0xb1][0xfc][0xd9][0xd1][0xb1]7[0xb4];c[0xf4][0x1e][0x4][0xa6]y[0xfa]K[0xc4]:s[0xac][0x7][0x1d][0x11]Q[0xd6][0x2][0x8b][0x19][0xab][0xf][0x93][0x1b][0x1a]T[0xad]G.T[0xf2][0xb1][0xe6][0xb0][0x3]o[0x83]x[0x87]x[0x19][0xad]B[0xcc][0x0][0xb4][0xbb][0xe3][0xe7][0xe1][0x83]r)[0x82][0xdc][0x16]}_[0xda]A[0xec]S[0xf0][0xec][[0xd7][0xf1][0xf9]I7[0x15]h[0x6][0xb7]"[0x16]M[0xb4][0xab][0xd0][0xe9]R1zQ[0xe2][0xae][0xe2][0xc5]UX:d[0x18][0x1][0xee]xv;[0xd4][0xa4][0xf0][0xe1][0x86][0x14]!x[0x9e][0xcc][0xf8][0xe3][0x94][0xe9]][0xf]aB [0xb8][0xac][0xa4]^T[\r][0xd4]{]c/[0x9b][0x9b]J[0xc0][0xde][0x88]kF[0xf0][0xc8]2[0xb4][0xac][0x12][0xc8][0x98][0xe9][0xea]B[0xac]v[0xf9]hy[0xc5][0x97][0xb1]![0xfa][0xc6][0xfd][0x81][0x5]][0x1]eq[0x1]U[0xdd]6[0x84]W]S[0x1][0xa1][0xed][0xb6][0x1]>[0xc2][0x7]'[0x4][0xbc][0xda]m[0x3]-[0x1e][0xed][0xa1][0x95]R[0x1e]/[0x91][0x11]]~[0x9][0xa7]tI[0x9b][0x99][0xb8];[0xbb][0xfb]6)[0x94][0xb7]"[0xe0]b(T[0x9][0xfe][0xe0]M3X[0xf1][0xbc][0xf8][0xd8]<[0x1d][0xcf]ge[0x0][0xb0]j[0x8][0xb1]}[0xf0][0xb4][0xcb][0x9a]c[0xcc]2[0x14][0xb0],hp[0x84]\[0xd7][0xf5][0x10][0xd2]N[0xd3][0xb2][0xfb]G0[0x8b]s[0xaf][0x87]K[0xbf]k[0xb9][0xc3][0xc5]jcm[0xd8][0xc9][0x85][0xb6][0xff][0xdd][0x8c][0xf3][0xcc][0x1a][0x87][0xfb][0xe]N[0x3][0x8e][0x8b][0xf0]`/lO[0xf8][0xd8][0xc8][0xbf][0x82][0x90]B2[0xf3]i[0x95]w[0xd7][0xaa]O[0xcd][0xac][0x9a][0x94][0xac]e[0xb6]E[0xc6]V&JL^[0xb7][0x1b][0x19]s[0x2][0xf5][0xf8]p[[0xcf][0xc1][0xe2]uE][0xea].[0xeb][0x1f][0x8b]S6@7O[0xab]Ka[0xdf][0xfa][0xe6][0xdb][0xf6][0x3]s)[0x82][0x96]k[0xf1][0xfb][0xd0][0xc3][0xbf][0xf1][0xf5][0x7][0xcf][0xfd][0x93]g[0xde][0xf2]c[0xa3]3[0x12]3[0xc4]ua[0xf8][0xc7]a;[0xc4][0x0][0xb1][0xbc]w[0xe8][0x98]$XU[0xe5][0x86][0xcb]K[0x95][0xf5][0xe8][0x9]oP[0x8a]X[0x7][0x1e]uq[0xb7][0x89][0xce][0xc8]?[0xd5][0x1e]^[0x90]T{[0x96][0xab][0x2]3[0x95]W[0xb3]rc2[0x81]![0xd2][0x2]CU[0x16]T[0xcb][0xbb]7Ny[0x96][0xae][0x1e][0xf6]7[0xdd][0x14][0xed][0xf6][\n]"
05:56:02.447 [main] DEBUG org.apache.http.wire -  >> "r[0x1][0x8b][0xcd]O[0xb1]<[0xf0]-[0xc3]E[0xc1][0x16]W[0xf4][0xb9][0x11][0x82][0xfc]2[0xba][0xac][0x8e]u[0xb7][0x15]d[0xd5][0x12][0xb]i{h[0x91]t[0xa1]y[0xf7][\r]m[0xc5][0xb3][0xa2][0xca][0xba][0xb8][0x8c][0x9a]a[0xd0]<[0xda]4(-[0xe4][0xa6]O[0xb4][0x12]L\[0xc4]'[0xe3][0xd9](,`QP[0xac]A[0xf7]'0[0xe6]=[0xe2][0xb2][0x84][0x83][0x98][0x80]m[0x0]c[0xc7][0xfe]:[0xf6][0x13]Q[0xd1]z[0xfe]<-[0x93]?iq[0xfa][0xe9][0xd7]0[0xc1][0x15][0xde][0xcb]_[0xdd][0xc1]J[0x9f][0x8a]D[0x88]r![0x9d][0x10]>[[0x83][0xa7][0xc7][0xac][0xd6]O[0x96]f[0xb1][0xc6][0xea][0xd9]r[0xb7][0xd1][0x1e][0x7]C[0xac]L[0xc4][0xa0][[0xd4]YGn[0xf3]pa[0x8b][0x93]W2[0xc6][0xb9][0xde][0x1]x-[0xf0][0x8d][0xe3][0xcf][0x16][0xb5][0xb2][0x5][0x85])[0xaa][0x9f]])[0xea]B[0xbf][0xcb][0xc2]Q[0xcb][0xe8]h3[0xca]9[0xf][0x80][0xdf]0[0xc0][0x87][0xfb]X*[0xb7]+[0x9e][0xc4]D[0xf7][0x18][0x99][0xbf]hO[0x16][0xe5][0xb5][0xbc]e[0xfd][0xbb][0x98][0xed].[0xdf]]u[0x11]Y[0x8b];[0x9c][0xdb][0x93][0xdd]>[0x4]Z@[0xf6][0xe][0xb4][0x83][0x98][0xd9][0xb3]o][0x3][0xae]_[0x15]-[0xdf]Kn[0xb6]x1[0xea]P5yJ[0xe0]Pg[0x92][0x98][0xaf]S[0xb0][0x6][0xd5]A[0xa4]|[0x89]YPQ[0xb1][0x2][0x11]W [0xe2][0xef],'[0x17]I=[0xe1]][0xae].[0xea][0x11]O[0x3][0xb8]T+[0xab][0x9c][0xb0][0xb6]([\r]=[0xb3][0x4][0x9b][0xd3][0x86]Z[0xaa][0xcd][0xf5][0x9][0x12]V[0xb5]N[0xaf][0xd3]9[0x1a]t[0xf2][0xb]v[0xb0][0xa5][0x8d][0xea][0xe2]:[0xaa][0xda][0xf2][0xa1][0xf9]l}n[0xc4],[0x9c][0xac][0xef][0xd1][0xa7][0x17][0x9c])}D[0x14][0x96][0x0][0xbc]r[0x1c][0x95][0xc0][0x16][0xa5][0x1f][0xec](P[0x85]%s[0xd2]~[0x81][0xe7]tG[0xa1][0xdc][0x14][0x4]V[0x92][0xa8][0xfa][0xd6][0xbc][0x97][0x98]B[0x1c][\n]"
05:56:02.447 [main] DEBUG org.apache.http.wire -  >> "[0xb2][0xc4][0xff][0xc6]}y[0xa9][0xd8]^J@[0xd5][0xed][0xf0][0x11][\r] [0x1c][0xb0][0xd1][0xc][0xdf][0x1b][0xb5]Y[0x3]A2[0xda][0xd1][0x16][0xdc]fV[[0xf8][0x86]PR[0xe3][0xe3][0xc]N[0x14][0xb6]DZ[0xb4]K;Q[0x8a]~PI[0xaa][0xb2][0xf5][0x1e][0xef][0xcc]zgv&Z[0x1c][0x98][0x1a][0xe][0xfd][0x91][0xb1][0xb0][0xa3][0xe4][0x14][0xcc][0x8c]Q[0xa5][0x17]_[0x14][0xbe][0x12][0xc2][0x9c]G[0x7]H:[0x81][0x95][0xfd][0xab][0x15][0xaa]VS6,[0xdd][0xce][0xe2][0x91]h[0xc8]i5[0x89][0xfd][0xea][0xf1]2k[0xb4][0xf5][0x90][0xe5][0xd8][0x9a][0x87][0x8b][0x9b]?[0xe2][0xa4] d[0xb3][I[0x8a][0x1][0xd3][0xe6][0xa2][0xf][0x84][0xa3][0xf4][0xa1][0x5][0xb4][0xa2]`[0xe4][0x89]k[0xc3]L[0xb2]{C3X[0x7][0xd8][0xa6][0x87][0x92][0xd7][0x12]|[0xdb][0x84]kmh[0x1f][0xe8][0xf8][0xcb][0xbf][0xf5][0xf6]{[0xfb][0xc2][0xcc]wK[0xb][0xc8][0xee][0xa0][0x1d][0xc4][0xc2][0x9f][0xfd][0x95][0xeb][0xa8]}[0xc1][0xac][0x85][[0xcd]]BZH[0xd2][0x4][0xfd][0xc9]E[0xfb][0xb5][0x8b]_[0xea]s[0xc0]][0xed][0x90][0xc3][0xa5][0xea][0xd5][0x82]T[0xcd][0xca]5B[0xe0]F+[0x1][0x18][0x98][0xdf][0xc4][0xc7][0x9e][0xd0][0x0][0xc0][0xa3]K[0xb1][0xa0][0x81][0xbf][0xa3][0x2][0xec][0x11]3][0x8a][0xde]n[0x11][0x8][0x96]K[0xf6][0xaa][0xdd][0x8c][0xf2][0x8c][0x8]k[0xb8][\n]"
05:56:02.447 [main] DEBUG org.apache.http.wire -  >> "q/$[0x93][0x1b][0x92][0xdc]z[0x11][0x5]7[0xe][0xb8][0xf2][0x95][0x8d][0xdb]([0xfd]K3[0x1c][0xc2]S [0xb4][0x0][0xc3]M[0xe4]T[\n]"
05:56:02.447 [main] DEBUG org.apache.http.wire -  >> "[0x1d][0xe8][0x18][0xd9]E/A[0x9a][0xa3][0x85][0xcc]>Wp[0x10][0xe9]M[0x8b][0xd0][0x6][0xb6]1[0x4][0xd2]S`[0xd2]~[0xf3][0xbe][0xa9][0xb6][0xe6]H[0x94]Dp[0x94][0xe9][0x94]q[0xa2][0x98][0xa7]Q@[0xc0][0xe3][0xbe]2U[0xbc][0xdb]f[0x88][0xc6][0x8]i;[0x19]s[0x7]A$![0xc6][0xd2][0x2]>[0xce][0xbd][0x98]:[0x82]Xt[0xac]A@w[0xc][0x98][0xb0] [0xfa][0xe7]`%[0x17][0xba][0xa0][0xa0][0xa7][0xe5]X\Z[0xc8][0xf3][0x9a][0x17][0x98])O[0xd0][0x8b](~[0xa9]bc7|b:[0xbf][0x89][0xe5][0xe1]hq+[0x3]r[0xef][0xe4][0x18][0xf9][0x0][0xab][0xe4][0xd2]3[0xb0]:[0x6][0x90][0xaf][0xff]3[0x5][0xa6][0x81]IJ[0xbb][0xae][0xff][0x12][0x10][0x0]~fK[0xd2]z[0xe]][0xff][0x9c][0xaf],[0x85][0xd5]I[0xb9][0xc7]<[0x82][0xf5]X[0xd6]3[0x6][0x1c][0x0][0x8f][0xce][0x82][0x1f]n[0xaa][0xb4]@\Xe[0xfe][0xec][0xff]u[0xec][0xba]F2j/[0xa9]I[0x8c][0x9c][0x1e][0x8]'[0xd0]Z)[0x13][0xfe][0xad][0xdf][0xdf]>[0xfb][0x9a]}H[0xb4][0x80][0xec]D[0x87]%[0xe6][0xcf][0xbd]u[0x1d][0xa0]/[0x9a][0xb8]38[0x9f]u[0x91][0x3]H[0x8e]I![0x81][0xdc][0xba][0xc3][0xcc][0xbe][0xb4][[0xda]$][0xdd][0xc4][0xb3][0xe3]![0x8b]V[0xe9][0xe2]p&9[0x9b][0xe1]S[0x96][0x85]&[0x92]l[0x15][0xfb][0xa8];[0xda]58[0xac][0x12]3[0xb1][0xea][0x9c]B[0xcf][0xdb][0xd4][0xd1][0xfd]d[0xac][0xa8]E#[0xbc]z[0x7]p[0x96][0x86][0xcc][0xc])v[\n]"
05:56:02.447 [main] DEBUG org.apache.http.wire -  >> "[0xed]r[0xba][0xed][0x3][0xff]v[0xcc]O[0xee]?[0xf5][0x1d]K/[0xc4]%[0x7][0x96][0x95]i[0x85][0x15]z[0x12]r[0x86][0xfa][0xa0][0xad][0xd7]u?Y[0x88][0x85][0x84]([0xb7]xP[0xf2][0xf][0x1a][0xfd]~[0xfb][0x6][0x8b][0xa0][0x90]![0x17][0xba][0xb8][0xa1][0x12]u=X^[0xa1][0xe9][0xe8][0x8d]C[0x8][0x86][0x19][0xe3]j"[0x90][0xdb][0x1a][0x81][[0xaa][0x9b][0x89][0xc0][0x96][0xb1][0xca][0xec][0x94][0x89][0xef][0xb0][0x99](:[0x4]9[0xdf][0xcd])[0xc4][0xcc]y[0x94][0x6][\n]"
05:56:02.447 [main] DEBUG org.apache.http.wire -  >> "[0xea][0x83][0xb]m[0xb0]iX[0x4][0xf4]T[0xa1].Z[0xa5]f[0x92]}i[0xad]0[0x84]$[0xf1]E[0xb4]2R[0xe3][0x84]k[0xf0]vL[0x9e]4@Z)[0x1a]P[0x12][0xaa][0x12][0xde]_uW[0x9b]9[0x9]([0xe3]c[0xac]8[0x9b]kH5[0x97][0xb2]Po[0xe7][0xa3][0x8d][0xf7][0x9a][0x19][0xee];>n[0x5][0x84][0xce]*[0xf3]]gU[0xb7][\r][0x96][0x15][0xff][0x8d][0xe6][0x94]q[0xce][0xc4][0xd9]4[0xaf]G[0xe3][0x1d][0xd7]?[0xf0][0xab]VS[0xa1]Tr[\n]"
05:56:02.447 [main] DEBUG org.apache.http.wire -  >> "[0x15][0xd3]*[0xab]g[0x9d]l[0x84]Z[0x89]y[0x9] [0x15][0xcb][0xde][0x8]bP[0xec]jnQ[0xce][0xec]J[0xcb][0x8b][0xdf]z[0xfb][0xcf]|[0xdb]>$Z@&[0x4][0x10][0xbb][0x8e][0xfd][0x83][0xb0];4][0x97][0x9][0xdf]k[0xa2][0xad][0xaa][0xd3]"q([[0x5]D)[0xbd][0xca][\n]"
05:56:02.447 [main] DEBUG org.apache.http.wire -  >> "[0xab][0xc][0x9f][0x8b][0xdd][0xee]Nn[0xec]([0x81][0xdf].8[0x81][0x95][0xe8]z[0xc2]F[0x19]![0xd3][0xcf]O[0xfb][0xda][0xe4]g[0xdc][0xaf][0x99]]"[0xb0][0xb4]6[0x7][0xf4][0x95][0xbc][0xc3]$[0xf]8I[0xb9][0x82]O\[0x80][0x14]tXl\[0xe6][0xe3][0xae][0xc0][0xba][0xa3][0x8b][0x8a].$[0xc4]A[0x1a][0xcc][0xca][0xbf][0xcb][0xa6][0xe7]J[0x8a][0xe0]b[0x5][0x0][0x5][0x85][0x97][0xea][0x1e][0x6]%:x&[0xdf]i[0xa4][0x87][0xbb][0xab]Z[0xb][0xe1][0x16][0x9d]y[0x6][0xd9][0xda]K[0x9d]V[0x9d][0xf]![0xb2][0xd3]F[0xd7][0xd3][0xe6]5[0xfc][0xd1]&g[0xba][0xc5][0x86][0x12][0xd3]Z[0xba]Z;S[0xb8]x[0xb1][0x8e][0x96][0x7][0xe7]I[0xdd]{[0xc1][0xd4]t[0x7][0xb3]J[0xca][0x99][0x9]Hx[0x8f][0xcf][0xa9]v?[0xf1]$JI[0xf7][0x12][0x9c]N[0xde]G[0x9b][0x5])[0xad][0xc5][0xf5]h[0x9d][0xd9][0x8a][0x81][0x85]d[0xf4][0x1a]s[0x8d][0xe5][0xdd][0x8][0xf2][0xfe][0x8c][0xd6][0xd7]8[0xcf]u[0xe1]m[0x9d][0x0])Q`[0x9c][0x5][0xb3]Y[0xb][0xf7][0xec][0x9f][0x9b][0xce][0xf9][0x88][0xbb][0xd7][0xff][0xb6][0xe9][0xc2][0xab][0xfb][0x2][0x1a]SWPb[0xde][0xb5][0xe5][0x91][0xac]h$[0xbf]>|[0xb9]T[0xc7][0x5]0[0xce][0xc][0xb0]>h[0xa1][0xe6][0xee][0x19][0xc7]l0/[0xc4]'[0x3]~0[0xe4][0x11]FU[0xa2][0xc4][0x11][0x93]M[0xce][0xf3][0x8b]J[0x7][0xd6][0x91][0xd9][0x0][0xd5][0xc2][0xbc]}[0xa8][0xff][0xc2]7[0xde][0xfa][0x99][0xdf][0xb4][0xf][0x91][0xdc][0x16][0x1d]D[0x10]s[0xfb][0x82][0x8b]{[0xc3][0x98][0x14]W[0x83][0x1f][0xad]Q[0xe5][0xbf][0xba]@[0x4]f[0x82][0x16]K.[0xf2][0x8]U[0xa6]fvb>`&[0xf5]x[0x9c][0xc6]&[0xb8][0x1a][0xbd][0x81][0xb0][0xda][0xa1][0x19][0x8d][0x86]X[0x88][0x7][0x81]H[0xc0][0xc][0xcb][0x95][0x13][0x92]Xej[\r][0x8c]v[\r][0xb7][0x9]\"[0xc0][\n]"
05:56:02.448 [main] DEBUG org.apache.http.wire -  >> "[0xea][0xee]r[0xdf][0x0]N[0xc5]W[0xb6]xd<[0x9a][0x99][0xaa][0xe0][0xa7]n[0x17]7[0x8c]nCI[0xc3][0xeb]L6S[0x8d]Uj[0xa3][0xdb][0xe9]d[0xe9][0xa6][0xe0]=[0xb][0xb7][0x90][0xdf]l[0xa2][0x9f][0x9d][0xf4][0x94][0x12]h[0xd5][0xa8][0xd9][0x95]!8O[0xf2][0x10][0x5][0xbd]C\/[0xa2][0x7]V[0x9e][0xc1][0xd0][0xb2]/[0xc1][0xeb][0xc7][0x7][0x8a][0xf7][0xd3][0xe6][0xe8]9[0xa3][0xc0][0x8a][0xc2]>Q[0xd7][0xb][0xf0]dr[0xb2][0xb1]V[0xe5]6_[0xa2][0xc6]Z[0x9e]g)[0x12][0xb7][0x92][0xb2]\[0xc6]@[0x81][0xb9]3[0xe9][0x9a]W0n[[0xf0][0xaa]U[0xcd][0x8c][0xd5][0xfe]}0[0xca][0xce]l[0xd5][0x6]b[0xcc][0xd5]Z[0x8b][0xd3][0xc0][0x10]d8[0x80]t[0x1b][0xea][0x9c]I[0xc5][0x3][0xbc][0xe7][0xe0][0xd9][0xfc]\Um[0x98][0xaa][0xe0]c%[0xda]8-L[0xf4][0xb]}([0xe5][0xad]'[0x2]\[0x1a][0xa5][0x90][0xb4][0xd9]u[0x93][0xd1][0x88]u"[0xeb][0xff][0xe]0[0xe3][0xf5][0x98][0x9c]R[0xa0]B[0xbd]j[0xdd]*[0xff][0x8b][0x7][0xbf][0xfb][0x8d][0xb7]~[0xf6][0x8b][0xf6]![0xd3][0xb2][0xc8][0xac]A[0xec]:L[0xf][0xa0][0xfa][0xa7][0xe2]YVA[0xdb]2[0xce]@F[0xfd][0x12]g[0xc1][0xab]K[0xe9][0x98][0xc4]2S4[0xa9][0xe2][0x94][0xc0][0x91][0xa7][0xca][0xd7][0x2][0x1f]Q[0x8a]0^/5[0xbf][0x85]l*[0xc9][0xb5][0xcc][0xef][0x92][0x8c]n[0xc3]"[0x9b]j[0xa6]zI+9[0xe3][0x8e]v[\r][0x8b][0xa0][0xeb]4,S[0xf4]M[0xb2][0xe8][0xb6][0xb1]@[0xd0][\r],[0xb6]B[0xa5][0x82][0xdc]JT[0xc9]`[0x81][0xd1]z[0x8a]6[0xd2][0xce][0x1e][0xba];[0xb4]e[0xf1][0xb8]E3KA,N[0x5][0x98]j[0xec]n[0xc3][0xc8]r[0xb5]nJRj[0xf9])\k[0xff][0x99]Q[0x89][0xe8][0x2][0x6]h[0xfa][0x10][0xb5][0xb0]D[0xc][0x91]B[0x16]\[0xe5]NL[0xf][0xb4][0xb5][0x5][0xcc][0xf0]?[0xe][0x19]. ![0xf1][0x1e][0xb4]L[0x8b][0xf6][0x8][0x5]1Z[0xbf]r[0xbf]Y[h[0xbd][0x95]M[0xda]6[0xc0][0xbd][0xa4][0xb6][0x89].dB[0xe0]Q[0xb][0xdd][0x12][0xd4]Yc[0x80][0xaf][0x1d][0x7][0xe4][0xd8]Qi[0xc1][0x17][0xbf]M[0xa7]l[0x6][0xe4]j[0x19][0xf3]#[0x9b][0x6][0xcb]~[0x8f][Qil,[0x8b][0x6][0xfa]n[0xdf]QY[#m[0xb4][0x84][0xba][0xdf]N[0xeb]_,[0xf4][0x94][0xff][0x13][0xec][0x83]JY[0xaf][0x91][0xfc]s[0xd1]%,[0xb3][0xb1][0xc][0xbe][0xba][0x1e][0xe0]][0xa1]",e[0x1d]8[0xf2][0x9e][0x96]3t[0xdf][0xd9]V[0x9a][0xea][0xc5]st[0x8e][0xcb][0x1]UJ[0x81]f[0xed][0xe][0xdf][0x1f][0x12][0xf6]S[0xf6][0x14][0xd0]'[0x1e][0xc8][0xe][0x10][0xbb][0x94];[0xd1]}[0xea]Ef[0xf0][0xc9]@[0x86]c:fV[0x1e]\"[0x11]7[0xc2][0xd6][0x90][0xde]+{[0xc0][0xf8][0xac][\r]7N][0xee][0xc9][0x92]I$H[0xf5]8[0xb9][0xbe]T[0x9b][0xec][0x95]P[0x1e][0x9f][0xb6][0xc6][0x18][0x9f]([0x15][0xb0][0x9f][0xb5][0x2][0x95]p[0xb6][0xbb][0xd0][0xa2]f[0xe7][0xd9]t[0xf1]YY[0xa3][0xf5]e6[0xad]K[0xe7]B[0xb7][0xb3][0xcc][0xf1][0x96]|A[0xe3][0xa0][0xac]^[0xb8][)z[0xbb][0xce]J|sj[0x18][0xe2]F,[0xb7]T.[0xb1][0x14]|[0x86][0xae]S[0x80]z[0xfd]M[0x99][0xe9]@m[0xa7]@[0xb][0x8b])[0xd9][0xb6]J[0x18][0x98][0xcb][0xba]As[0x82][0x13][0x84][0x8e][0x9d][0x99]$[0xe2][0xdd]y[0xb][0x94][0x81][0x8e][0x1d]f[0xd3]!t[0x8e]>[0xb4]K[0xb6][0x94][0xa7][0xe2]u[0xd8]p[0xb7][0x1]}D3?[0xc1][0x9b][0xb6][0x9d][0xb2][0xf0]f[0xc2][0xaa]P[0x86][0xc7]0[0xcc][0xa8]wt[0xf][0xcf]i[0xdf][0xf0]J[0xd6][0xd0]P[0xf9][0x8][0xb6][0xab]c8[0xb8][0xbf][0x6]N;q`[0x14]5[0xfe][0xa1][0xca][0xb9][0x98][0x12][0x0][0x0][0x1f]}[0x84]Ny[0xb4]c[0xc4][0xb1][0xe8][0xd1]/[0xf6][0xd7]L[0xc1][0x1c][0xaa]v[0x97][0xd3]D[0xc1]@j9[0xad][0x1]lO@oC[0xe7][0xf9][0x8]9[0xd8][0x8d][0xcb][0x98]@yZ[0xff][0x9c]#9[0xd6][0x99][0x81]ipE[0x8e][0x81]T[0xef]H[0xa3]fb<[0xfa][0xdc][0xee]q[0xef][0xf6]s[0x9d][0xf4][0xfa][0xaf][0xa7][0xa5][0xfd]g_[0x10][0xdc][0xc7][0x16][0x10]4@[0xcd][0xeb][0x1a][0xf9][0x85][0xfc][0xf6][0xcf]~[0xcb][0x9e][0x2][0xba]g[0x9f]`[0x2][0x88]]?>8.8[0xe6][0xd8][\r]*[0xe5][0x18]z`[0xc6][0xa2]#d[0x90]_pz[0x83].Dg[0xce][0xb4][\r]1^[0xab][0xdb]1y[0x90][0x89][0x4]i[0x93]b n[0xf5][0xcf][0x16]*1[0xca]LaG[0xf0]Q[0x97][0xc0][0xec]S/[0xb][0xf8][0x8][0xe4][0xb2][0x82].[0xea][0xb][0xd4][0xda]J[0xba][0x3][0xf1][0xeb]_[0xbf]E[0xac][0xa0][0xe5]V[0xa2][0xb9]EWq[0x10]*%[0xb3]8m[0xa3]~`D[0xa7][0x8a]9[0xa5][0xfb]2W[0xb9][0x19][0x15][0xe4][0xaa][0xe3]8&[0x89][0xd9]j[0xca][0x1b]b[0x81]uH&[0xbb]W[0xb]>[0x17][0xa7][0xa7][0x84]rZ3U[0x17]X[0x16]=[0xd8]R~g0c[0x1e][0xe4]@[0x84][0xd5][0xc0][0x85]+z[0xf7][0xb0][0xe1]'[0x9d]n[0xde]}[0xb0][0x16]Jy[0xa3][0x89][0x95][0xab][0x80]U[0xbd]<[0xcf][0x92][0x1e]b[0x82]W[0xf5][0xda]}[0x82][0xb0][0x8][0xbc][0xe2][0xb3][0x8]j[0xf4][0x91][0x2]8[0xa7][0x5]R[0xdf][0xc8]c[0xb4][0x99][0x13]%[0x8]p[0xe4]7[0x80]N,[0x3]7[0xc1][0x8a]6[0x10][0xbc][0x87]5[0xb8][0xcc][0x88][0x81][0x98][0x18][0x5]H[0xe][0xb]y[0xb6][0xa7][0xd6][0xe9][0xb0][0xd6][0xfd][0xe4][0x1a][0xc]Y[0xa3]dF[0xb9][0x12][0x95][0x97]>[0x1a][0x95][0xcd]b[0xf2][0x84][0xae][0xf3][0xe3]{[0xa0](.[0x9f][0x9e][0xf6][0x3][0xbb][0x8d][0xce][0x1f][0x19][0xd0][0xe8]z[\n]"
05:56:02.448 [main] DEBUG org.apache.http.wire -  >> "[0xd3][0xe7]pY/[0xc2][0x91]a[0x1a][0xc6]u[0xd2]V[0xa5]qQ[0xbf][0xc3][0xfa]7u[0x83]K[0x15][0xf8][0x91]['[0xdc]|[0xde][0xe4]o~[0xf3]W[0xfe][0xec][0xcf][0xdb]SB[0x9f]X[0x8b]l?[0xb1][0xc3][0xee]}[0xea][0xad][0xeb](>[0x80][0xca][0xb6]_[0x87][0xf0]w[0xa4][0x89]G[0xc5][0xb7][0xbd][0xd3]P[0x8f][0xfb][0xe][0xb1][0x1b].[0x98]t[0xfc]WA}SmgL[0x1c]oWSY[0x12][0xa9][0xf1][0x6][0xee]tQ[0xb3][0xb8][0x9e]c<[0x1f][0x88][0xf][0xb1][0xf4]h<[0x8b]9[0xed][0x13]}B[0x95]:[0xb1][0xf8]0E[0xfb]y[0x9f]^8[0x94][0x19][0xc5][0x15]x[0xae][0x2]%[0x8a]~\[0xe9][0xba]A[0xde]T=[0xaa][0xdc][0x96].W[0xa6][0xaf]S[0xa2]\[0xa3][0xde][0xf9][0xdc]%[0xd5]IU[0x6]\[0x84][0xad]0"\[0xdd] [0xad][0xcd][0x1f][0xc5]7[0x88][0xf5]> [0x87][0x9b][0x88][0xe0]^.[0xac]( 4~'[0xb2]3}[0x8d][0x16][0x13]8[0x8b]>H[0xfe][0x83][0xb0][0xbd][0xfe][0xc2][0xbf][0xa4][0xbf][0xb9]v[0xa1]b/[0x1c][0x99]"
05:56:02.449 [main] DEBUG org.apache.http.wire -  >> "[0xfd][0xcb][0x91][0x0][0x80][0x17][0x98][0xc2][0x8a][0x1a]J[0x6][0x82][0xff][0x4][0x18][0xb7][0x1b]w[0xab][0xd6][0xd5][0x8a][\n]"
05:56:02.449 [main] DEBUG org.apache.http.wire -  >> "[\r][0xd6][0xf3][0xfd][0x1d]wqp$0[0xd3][0xdc][0xd4] c;[0x13]R[0xfc][0xe4]=Cqe[0x91][0xd4]'[0xf0]^[0xdd][[0xcd][0x88]R&r!&[0xc0][0x10][0xa0][\n]"
05:56:02.449 [main] DEBUG org.apache.http.wire -  >> "[0xba][0xaa]14[0xb]X[0x3][0x14][0xe]d[0x1][0x9e][0xd6][0xf1][0xa9][0x93][\n]"
05:56:02.449 [main] DEBUG org.apache.http.wire -  >> "[0x80][0xda][0x0][0xc4][0xbc][0xc4][0xc3]R[0xe3][0x8a][0xc]F7[0xed]ei-[0xae]1@[0xf0][0x15][0xc8]^[0xf7][\r][0xce]0[0xb6][0x6]N6[0x90][0x0][0xd0]U[0xc8][0x8c][0xf1][0x6][0xbf][0x8d][0x13]/[0x1a][0xd2][0xa0]X[0x8e]m[0x5][0x9c][0x88]1[0xc7][0x1b]V2nR[0xb4][0xec][0xba][0xb8][0xce]kN #[0xf5]z[0xef][0xb7][0x9e]l[0xf6][0xb][0xf6][0x14][0xd1]'[0x12][0xc8][0x8e]c[0xa7][0xbe][0xbb][0xbb][0x13][0xed][0xb]T[0x7][0x8b][0x82]6t)[0xe1]&(U[0xe9][0xe9][0xe7]4s[0xec][0xb7]8>C[0xba][0xc]-[0xbc]r[0xd9][0xc4]J[0xa9][0xca]0[0xfd]j[0x96][0x1e]"[0xbc]"[0xa9][0x2]l[0x6]P0[0xba][0xf3][0xa8]Y[0x9a]E/[0x16][0x9d][0x8f])4[0xa8][0x18]"![0x84][0x16][0x18][0xdd][\r]7[0x92][0xa5] [0xea][0x0][0x97][0xbc]\[0x1a])[0xdd][0x95][0x82] [0xa5][0xab][0x89][0xbb][0xc3]!b[0xfa][0x99]nS[0xf9]@[0xe0][0xa2][0xe8]E[0xad]|[0xd9]r[0xa1][0xa2]a[0x94][0xe2][0xb5]p[0x8f][0xe0][0x94]OK[0x7]}[0xd5][0xb8]U6[0xe7]xR@[0x1][0x9d]k[0x8b][0xba]<`[\r]|[0xd6][0xb9][0xed][0x12][0x1f]h[0xb8][0xc1][0xa8]v-6[0xc6][0x0] [0x1c]a'[0xd5]^[0x6][0x1b]8[0xe7][0xb7][0xe5][0x97] -u[0x89]f[0x88][0xd4][0xe7][0x12][0xe4][0x8f][0xfa][0xed][0xa4]3'[0xe3][0xee]vau[0xad][0x80][0x1b] .[0x93][0xd3][0x9a][0x8f][0x1]7[0xe1][0xfc][0xd5]jH[0xad]-[0xef][0x9c][0xc6]D[0x8c]*[0x96]Kb[0x8f]Q[0x5][0x4]i[0x82][0x8f][0xa3]1[0x95]9Y`[0x4][0xeb][[0x80][0x3][0xff][0xf][0x9d]][0xc][0x9f][0xc5][0x4]m[0xeb]1[0xbe][0x9b][0xb2][0xcb]x[0x6]8[0x5][0xc0][0xec]^[0x12]l[0xc][0x8c]3[0xfb]>[0xc5]Z[0xbe][0x9a][0x5][0xb6]e[0xb4][0xf2]P[0x88][0xa8][0xf1][0xda]N[0xdf]w[0xac]N[0xe7][0x98][0xe2][0x12]:[0xcb][0xc6][0x18]b^[0xd6][0xfd]'[0xe0][0x18][0xa7]\[0x9c]\[0x9e][0x98][0xa2]%2[0xe8]"gs[0xc4][0xb8][0x8b][0x12]:[0xad][0x14]x.[0xbb][0xa3]k[0x17][0xfb]3O[0x8b]K[0x11][0xf4][0x89][0x4][0xb2][0xcf]|[0xf7]So\[0xc7][0xe5][0xab][0xfb][0xe7][0x9c]%[0xe5]R0[0xe8]k[0x98]\[0xde][0xa0][0x1]a[0x1b][0x6][0xff][0x88][0xd1][0xd2]a[0x96]#[0xd5][0xab]v+[0xa0],[0xdb][0xc3]j[0xf9][0xaa][0x8e][0xbb]V[0x2]'[0xa4][0xdb][0xf0]%[0x14][0xa6]E[0xbb][0xe9][0xcc][[0xfe]cr[0xb3][0x1a]C[0xbb][0xcb][0xe2][0x9][0x1c][0xf2][0xdb][0x96]&[0x8c][0x95][0xea]u[0xa5][0xd0]KC[0xda][0x13][0x1a][0x1a]W[0xb0]![0x84][0x19][0xb7][0xa8]g[0x8c][0xbc]D{[0xa6][0xf6]]<[0xf0]4[0x88][0xa8][0xc2][0x8b][0xfa][0x97]B?3[0xbc][0xcc])*C[0xeb]!f[0x19][0xd5]_[0xfa][0xf4][0xcb][0x98][0x82][0xe0][0xe4]C[0xd0][0xb][0x9a][0xe7]w[0xb8][0x8e][0xb][0xf4][0xab][0x95][0xa6][0xdc]<*v[0x11][0x12][0xc1][0xd8][0x1a][0x9a][0xb0][0x8f][0xad][0xbc]j[0xbe][0x5][0xe8][0x90]Y[0x1]+[0xa7][0xbb][0x13][0xd8]k[0x18][0xfd][0x12]R[0x93]rkv[0x95]4[0x84][0x95][0xda][0x98][0xd5]I[0x18]q[0x6]M[0x96]s+t[0xc9][0xde][0xb2][0xc7]SH[0x1d][0xb2][0xb2][0xdd]b[0xe0][0x86][0xeb]T[0x8e][0x1b]d[0x88][0x16][0xb9][0x18][0x1b]L[0xa0][0xb2]pj[0x9]yYx[0x7][0x9f][0x1]j[0xe5][0xc2]4[0xa8][0x8d][0xa5]b[0xdc]("[0xb7][0x94]e[0xd9][0xb0][0xd6][0x8d][0xee]DN+[0x8f]![0xa8][0x89]B1G[0xb8][0xd7][0xbf]([0xe]t[0xab]I[0xd8][0xd8][0xfb][0xf][0x0][0xa5][0x96]|Y[0xfa]Q[0xae]m[0xd6][0xe2][0xbd][0xfe][0x99][0xc3]~[0x87][0xf5][0xcc]7N[0xc3]=[0xd8]C[0xe4]T4[0xcc]h[0x9][0xf6][0xbd][0xec]Z[0xf7][0xc6]{[0x1e]b[0xbe][0xf6]8Jl[0xcf]z[0x98][0xf2][0xfe][0xe2][0xbd][0xb7][0xe2]J[0xb][0xb5]9[0xff][0xb][0xbf][0xf5][0xff][0xfa][0xd9][0xb7][0xed])[0xa3]O[0x1c][0x90]=[0xfc][0xc5][0xdf]~[0xe3]*s^[0x4][0x0][0xe1]:}fB2[0xf1]l[0xce][0x98][0xb6]r2&[0x16][0xf4]"[0xfb][0x90][0xf7]QN[0x98][0x12][0xb9][0xb5][0x0]\,,[0x90]L[0xf8][0x9e][0xa8][\r] 7[0xf7][0xc7]H[0xca][0x88]jR[0xce][0xfe][0xcd][\n]"
05:56:02.449 [main] DEBUG org.apache.http.wire -  >> "[0xad]b[0xa3][0xc8]f$[0x1c]m[0xf0][0x6][0xa8].{[0x8a]o[0xe7]oN[0xd7][0xab][0xa5][0x93][0xc1]K([0xb4][0xd0][0xbf]x[0xab][0xb2]D[0x4]m[0xb3][0x97]g[0xc8][0x91]a[0xd2][0xee][0xdc]2@[0xda][0xc6][0x4]&[0xb6][0xfc]h[0xe1]V[0xd9][0x82][0xee]t[0xcb]L[0x1][0x9f][0xda]f1[0x9c]BTW[0xba][0xb8]s[0xc8]M[0xb3][0x9]4@[0x91][0xfc][0xc]k[0xf8],[0x80]<[0xb4][0xe4][0xa0][0xe4][\n]"
05:56:02.449 [main] DEBUG org.apache.http.wire -  >> "[0xe5].[0x99][0xe9][0xd0][0x1f][0xe4][0x17]7s[0x5][0x3][0xb5][0x12][0xac][0xf1][0xa0][0xb8][0x84]zj[0xc]v[0x7][0xe4][0xa5][0xca][0xf3];[0xc6][0xee]4[0xa0][0xa5]X[0xa7][0xc0]b[0xd9][0x1e]2[0x11][0xc2][0xda][0x8][\n]"
05:56:02.449 [main] DEBUG org.apache.http.wire -  >> "[0x8][0xdf][0x4][0xa4][0x6]x[0xc6]M[0xc4][0xa3]5[0x98]rZKX[0x0]@`2[0xf3][0xb4][0xf][0x8c][0xf7][0xdb]Yy[0x9a]c[0xd0][0x96][0xb7][0xcd][0x9d][0x2]^[0x95]Y_[0xac][0xa1][0xef][0xcc][0xc3][0xea][0xc6]y[0xe][0xc0]g[0xa6]-[0xb9]U[0x2][0xa4]_[0xd9][0x9a][0x8e]pz[[0x94][0xdd][0xf0]@1w[0xac][0xf5][0x1][0xb0][0x2][0x9e][0xe6][0x5]^[0xec][0x87][0xde]/3[0xe7][0xa6]q[0x98]Zm[0x11]olE[0x87]:[0xca]{2fh[0xeb]/w(*[0xc1]ya[0xf6][0xf6]7[0xe5][0xe7]^[0xb3][0xa7][0x90]>Q@[0xf6][0xf0][0xdf][0xfb][0xed]W[0xaf][0xe3][0xf2][0xf2][0xf0][0xd4] [0xc6][0x93][0xb]L1[0xab][0xc5]h[0xce][0xb4]c0[0x1]L5[0x83][0xa7]*Ao[0x1a][0x13][0xec][0xd0][0x12]K)5[0xee][0x1a][0xc9][0xb5][0x16]s[0xfd][0x97][0xbb][0x84]3[0xaf]Wp[0xfe]{[0xba][0x1f]*[0xd9]Qv[0xa2]R[0xce]C[0x17][0x91][0x87][0x96][0x19][0xda][0xdf][0xe5][0x8e][0xc5][0x15]w[0x0][0xa7][0xd5][0xe4]/9V[0xa6][0xe]e[0x3][0xbd]-^[0x82]1[0x4][0xb8][0x98]]'[0xf5]b[0xcb][0x1]%l0[0x8e][0x16][0xe0][0xdf]~[0xfd][0xe2]t[0xb7][0xa0][0x83][0x85][0x80]Uc[0x83][0xb1][0xf9][0xb0][0x5][0xc][0x16][0x19][0xb4][0x8d]|[0xae]7E[0x87][0xc4][0xba]|[0xf0]2[0xc1][0x87][0xd6][0x83][0xe1][0xf9]r{[0xa9][0x90]9[0x93][0xab]+[0xd1][0xa3][0x5][0xe1]0[0x9d][0x8e][0xcb][0x1b]![0xc3][0x9]X[0x14]~[0x94][0xdc][0x9d]!H[0xfe]vl[0x2][0xc5]S8[0xf][0xcc]([0xdf][0x1b][0x9b][0xe6][0xf2][0x1b][0xe0][0xb1]&W[0xb][0xa8][0xf0][0x6]AZ[0x9e]2[0x3][0x9d][0x82][0x10][0x83]J[0x9c][0xcb]a[\r]}6y[0xc8][0x11]b[0x3][0xdc][0xe1]#[0xeb][0xfe]q[0xcf][0x19][0xe4]w[0x8d][0xed][0xfe]s[0x1e][0xef][0x16]UX[0xae][0xd7]0[0xde][0xd8][0xc5][0xb2][0xb7]][0x9b][0xb]?[0x0]X[0xde][0xe6][0xb2]X[0x89][0xba]^S[0xb2][0x9f][0xd7]/[0xbf][0xd0]Ej=[0x9f][0xe8]\[0x8][0xce]Q;[0xaf][0xd4][0x8d][\r][0xe5][0xc9]43;[0xaf][0xf6][0x89]m[0xc4]g[0x5][0xdd])[0x4][\n]"
05:56:02.449 [main] DEBUG org.apache.http.wire -  >> "[0xd3][0x8b][0x81]A[0xa1]6[0xdc][0xf9]7.[0xc4]j[0x82][0x98][0x99]A[0xd7]N[0xb1][0x8d][0xeb]?[0xa7][0xe7]1[0xd9]~w[0x8b]g_[0xb6][0xa7][0x94]>1Y[0x8b][0xec][\n]"
05:56:02.449 [main] DEBUG org.apache.http.wire -  >> "b[0xc7]K1wJ[0xf][0x97][0xd7][0xea][0x92][0xb5]@o[0x88]a[0x85][0xd3][0x12][0xa0][0xd7][0xdb][0x90][0x0]r [0x88][0x87].[0xcc][0x14][0x92][0x91]>[0x1a]D[0xad];[0xcd][0xdd][0xb0]h'[0x5]J[0xcf]o[0x1e][0x9d][0xf8][0xd4]Z[0xb9][0xbb][0x88][0xc8][0xd2]*[0xa9]R[0xc3][0xdd]uR[0xa9][0x14][0x89]gfb[0xff][0xea]0[0xac][0xd4][0x9f]^[0x82][0xcc]=N[0x8b][0xa2],93[0x83][j,[0xc0][0xb3][0xb][0xa6][0xaf][0x15][0xd6][0x1e]o[0xbd][0xb5][0x6][0xc1]8i[0xb9][0xae]M[0xce]u[0x9]qLw[0x7][0x5]z[0xbb]K\+[0xf5][0x13][0xaf]+4[0x11][0x4]7[0xc][0xa3][0xcb][0x83][0x88][0xe3]t[0xd2][0x0]Y <u[0x89]EU[0xbb]UO[0xf6]ve[0xb9]5[0xcf][0x91][0x1d][0xd9]B[0xd8][0x4][0x0][0xbd][0xad][0x95]f4[0x80][0xe4]([0xeb][0xd2]Z[0xba][0x8e][0x87][0xdb]I[0xae][0x11][0xc][0xb]XKX![0xe2]J[0xae][0x9c][0xe6]_[0x3]q[0xff][0xea][0xdd][0x8e][0x90]fw[0xbc][0x6][0xeb][0x2][0xf5][0x18][0x8b][0x18][0xd3][0xa5][0xf1][0xd9]\[0xfc][0xb1][0xe7][0x6][0xd4][0x8c][0x10][0xc5]+d>[0x6]a[0xdc][0xc6]f`[0xcc]EN0[0xeb][0xc9][0x89][0xe7][0x86][0x9b][0xd2]d[0xa6][0xc6][0xec]G]vi#[0xa2][0xbf]:%k[0xd9][0xa3][0xef]G[0xb]\[0xb8][0xe6][0xd6]V[0xae]s$[\n]"
05:56:02.449 [main] DEBUG org.apache.http.wire -  >> "[0xad][0xb1][0xa2][0xed]L[0xc3]b[0xc3][0x92]F[\r][0xde][0x16][0x19][0x5]@[0xd5][[0xf3]F[0x80][0xee]fhq[0xbb][0xc8]1[0x93][0xfe][0x98][0xcc][0xb5][0xb1][0xfe]][0xc6][0xf9]xd[0xdb]~[0xea][0xb7][0xdf][0xfa][0x99][0xff][0x9f]=[0xa5][0xf4][0x89][0xb0][0xc8][0xfe][0xf8]/~[0xf3][0xf1]u@^+[0xd1][0x16][0x10] ~[0xc7][0xe6]_[0x91][0x12][0xc3][0xc0]wY[0xe][0x9]o[0xaa]}[0x9b][0x8]I[0xe3][0xa4][0xf1][0xe8][0x5]g[0x0][0xb7]![0xae][0xeb][0xd9][0xca][0x90][0x4][0xee]eL. [0xaf]CV[0xf9]h[0xb3][0x1b]<[0x11][0x10][0xa0]~[0x9a][0xca][0xe][0xcc][0x80]U[0xd4]+[0xd9][0xc4]Rb[0xcf]L[0xcc][0x89][0x9c][0xcc]#[0x9e][0xe4][0xb2][0xef][0xe9][0xcc][0xbb][0xfa]}V[0x8e][0xc5]q[0xc0]}[0xbd][0xdb][0xac]@[0x9][0xe0][0x1a][0x14]A[0x14]>QM-A[0x9a][0xf5][0xc9][0x1e][0x19][0xa6]VG[0xc7]a[0xac][0xfa][0xaf][0xc6]L[0xd9]h[0xf5][0xa9][0xd3][0xe4][0xb3][0xa9]r[0xf3][0x10][0xcc][0xb0][0x9b][0xf]9[0xc4][0xbd]E[0x14][0x16][0xdd]8E%eAi[0xff]e[0xe9][0xb8][0xeb][0xb4][0xca]R[0xc5][0x95][0x87][0x13][0x1e][0xf4][0x9a][0xba]Qu\ZF[0xbb][0xd9]I[0xc3]v[0xde][0x1f]5%[0xaa]0[0x93][0xb6][0x6][0xad][0xb8]h[0xa1];[0xc7][\n]"
05:56:02.450 [main] DEBUG org.apache.http.wire -  >> "Z[0xbd]j[0xf6][0x1][0xb1]l[0xc8][0xf1][0x11]w[0xa7]A[0xdd]j[0x1e][0xc4][0x98]s%w[0x1d][0xe6][0xc]~[0xa6][0xb5][0x8b][0x6] [0x99][0x83]j[0x6][0xda]Z[0xeb][0x81][0xf7][0x91][0x1f]a[0x9a]tdvr[0x5]v[0xa3][0xa0]\[0xd4][0xcc][0xc5][0xfa][0xf7][0xf3][0x1c]v][0xd0]>[0x0][0xe6][0xc][0x87]qZ[0xff][0xae][0xeb][0xff]41j*[0x99][0x85]l[0xcb][0x98][0x15][0xa3][0xd0][0xe4]I[[0xc6][0xc9][0x83][0xd0]&6/Z[0x17]+q[0xe5][0xe7][0x2][0x8f][0xf6][0x86][0xb6][0x14][0xb7][0xf]K[0xba][0xee][0x93][0xf5][0x1f][0xaa][0xb4][0x85][0xfd][0xc2]7[0xdf][0xfe][0xb9][0xdf][0xb0][0xa7][0x98]>[0xf6][0x16][0xd9][0x97][0xf1][0xb7][0xbe][0x1a][0x97][0xcb]/cm[0xc2]T[0xa6][0xb2]d[0x10].3c"[0xda]T[0xa8][0xf9][0xd2][0x81]uY[0x18][0xb5][0xd0][0xa9]@[0x9d][0xa0]$J[0xb8][0xa7][0x8]W[0xb9]v[0xc5][0x1a]:[0xc4][0xc3][0x10][0xa8][0x17][0xc6][0xa2][0xf2];[0xca][0xae][0xb5][0x91]m[0xe7][0xf3]]/7u[0xf][0xc0]c[0x93][\n]"
05:56:02.450 [main] DEBUG org.apache.http.wire -  >> "[0x84][0xdd][0x98][0xf6]V[0x5]^[0x86][0xbe]w[0xd2][0x9a][0xb1]&J[0xd6]I[0xd9]%[0xd9]2f[0x93][0xd2][0x1][0xc8]R[0xab]+[0x14]< L[0x8c][0xe9][0xf9][0xec]i[0xc0][0x6]+/[0xd0]e[0xb5]. 4C,[0xac][0x12][0x80]~V7aIt[0xc][0xcd]h[0xdf]A([0x87][0xea][0xb9][0xd5][0xd5][0x10]5[0xfb]0[0xba][0xf7][0xb6]\[0xbc][0x85][0x92][0x17][0x90]4[0xb2][0x18],[0xb9][0xe2]S[[0x3]'[0xa5]%[0xb5][0xe8][0x14]h[0x17][0xb1][0x1d]/[0xce]q&r6[0xcb]M[0xad][0xa6][0xc4][0x1a][0xd1]00[\r]H [0x95][0xb1][0xcc][0xd2][0xc][0xd2][0xba]3?[0x9]a[0x8b][Q[0x87]g[0xc1]g3[0x9b]SF[0xef][0x5]6[0xc2]:[0xab][0xeb][0xc8][0xfb][0x80]oXX;-[0x8]N[0x92][0x1b][0x86][0x19]A[0x8e]_Lx[0x15]:[0x87]mN[0xce][0xe4]_[0xf4]z[0x9b][0xeb][0x0][0xca][0xf0][0xd1][0xf6][0xbc][0xe8][0xea][0xb0][0xae][0xc6][0xea]py[0xd6][0xa6]5[0xdb]%[0xd7][0xc]vi[0x14][0x8a]>5W= [0xb9][0x1d][0xc4][0xd4][0x92][0xf6][0xd3][0xfa][0xf][0x82][0x9e][0xb4]e[0xca]&[0x9d][0xa3]5[0x87][0xf2][0xae]V[0x9e][0xea][0x92][0xae]W[0xa5][0xe0][0xaf]|[0xf3]W~[0xf6]cO9}[0xac][0x81][0xec]x[0x1d][0xcb]3[0xcf][0xfd]g[0xd7][0xa1]}[0xbe]4[0xcd][0xd2][0xe6]n[0xcc]l[0x83][0x0]v[0xc1][0x19][0xb8][0x10][0xeb]^[0x8a]U[0x99]M[0xbd][0xa8][0x8c][0x93][0xfc]D>[0x84]I[0xcf]C[0x88]7[0xe0]hqlWy'k[0xb6][0xbb],[0xc7][0xb4][0x6]),[0xe]9W[0xfb][0xb7][0xac]][0xa0][0xec][0x6][0x9b]U[0x13][0x14]YK[0xed][0xfe]<:;[0x4][0xb][0xbb][0xa4][0x80][0x3]'[0x15][0xd7][0xb6][0x8b][0xb4]u[0x5]^'[0xd7][0xd0][0xc6][0x18]R[0x3][0xf2]M[0x4][\n]"
05:56:02.450 [main] DEBUG org.apache.http.wire -  >> ",!>[0xd7][0xa0][0xc7][0xb6][0xb4][0xd0][0x82]E[0xc6]1[0x8][0xa9]0z[0xc0][0xc0][0xc3][0xd9]-[0x91]"t[0xbb]`c[0xb6]Jj[0xee]U[0x9b][0xe3][0x9a][0xe5][0x17][0x13][0xa5][0xd8]`[0xb1][0x86][0xa1]:[0xc]q[0x1][0xb9][0xaa][0xf3]Tf[0xd8][0x88][0x8b]e[0x7][0xc9]r)[0xdf][0xfa][0xd7][0x14][0xae][0xcd][0xee][0xf0][0x19][0xef])K[0xc9]aX[0xc][0x97]i[0xe8]t[0x4]?QM[0xbb]"[0xa1]g[0xd0][0x89][0x0]}A[0xea][0x85][0x82]@[0x3]&[[0xaa]R_[0xfb][0xd4][0xf5][0xc][0x9e][0x16][0xef][0xcd][0xc4][0xb5][0xd6][0x8a][0x8f][0xf7][0xda][\n]"
05:56:02.450 [main] DEBUG org.apache.http.wire -  >> "[0x80]&[0xdb][0xdc]K4[0xd2]*[0xc1]d5#[0x0]R[0xe1]i[0xfd][0xcd][0xd4]Aa[0xf0]h[0xf4]z[0x16][0xde][[0xb3][0xa6][0x14][0xe][0x97]K[0xce]5[0xe6][0xa7]y[0xc2][0x85][0xa1][0x1a][0x8d][0x8f]>[0xf6][0xf3]v[0xb3][0xfe]s[0x1c][0xf4]9.y[0xc1]}.[0xc6]`[0xb3][0xfb][0xc6]6s[0xcd]DaqQ[0xd5]z[0xfd][0xbb][0x9]J[0xe7]o[0xbf][0xfb][0xcd][0xff][0xf7][0xcf][0xfc][0x8b][0xf6][0x11][0xa0][0x8f][0xad]k[0xf1][0xe1][0xdf][0xf8][0xed][0x7][0xf1][0xec][0xa7][0xde][0xba]~|[0xa0][0x1a][0xb][0x92][0x12][0xbc][0xf6][0x84][0xd5][0xed]Q[0x83]([0xf1][0xa9][0x2][0x1b]w[0xd9][0xfb][0x9b][0x8b]5gQ[0xed][0xf9]2,[0xe2][0xa3][0x18][0xd3][0xa5]A[0x11]^i[0xfb][0x4][0xa0][0x9c]Q[0xee]}[0xf4]Uy[0xbc]g[0x1f][0xbc][0xfe]Ka[0x80]fE[0xad]:[0xa7]F?[0xa4]"[0x14][0xfa]l@[0xc0][0xe5][0x12]"[0x6])0[0xdc]N[0x91].[0xd7]2[0x82][0xc2][0x2][0xed]7[0x93][0x88]Q[0x3]'[0x80][0x8e].W[0xf0][0x14][0xe])t[0xc6][0xd9][0xae][0xd6][0x94][0xaf][0x96][0xa0]v[[0x1b][0x12][0x1c][0x17][0x98]Sft[0x17][0xee][0x82][0xe9][0x92]5[0xc2][0xf5][0x15][0xa8]u[0xb8]Yn=9>Uqoi[0x0]a/[0xbf][0xd1][0x12]![0xef][0x9a][0x95][0xea]J[\r][0x8][0x8d]P[0xeb][0xa1],)(Ns3[0xac][0xb4][0xe8][0xec][0x15][0x83](;_[0xe9][0xaf][0x91][0xdd][0xa4][0x1b][0xca]k[0xce][0x96][0xff][0xd0][0xce][0x9b][0xad]5[0xd6]w[0x87][8[0xce][0xa3][0xd0]K&[0xac]7[0xa8]7_,[0xb3]C[0xcb][0xfa][0xa4]+[0x98]b[0x17][0xd9][0x94][0x5][0xd2]D[0x8e][0x88][0xe6][0xbf];[0xdd][0x90]b[0x18]g<[0xd1]z[0xee]T[0xbf][0xc0][0xaa][0xc1]3[0xb8]*[0xa1][0xa8]B G[0xb9]#[0x81][0xc]]'@[0xe4][0xbf]g[0xef]ooM[0xaf][0xf3]0[0xec]Z[0xfb][0x1c]R[0xb2][0x12]@[0xe3][0xf]u[0x92][0xa2][0x80][0x8e][\r][0xd9]R?i[0xe4]oE[0xdb]p[0xd8]7[0xa0]([\n]"
05:56:02.450 [main] DEBUG org.apache.http.wire -  >> "IF[0x13][R[\n]"
05:56:02.450 [main] DEBUG org.apache.http.wire -  >> "q[0xec][0xb6][0x86]?I[0xfc][0x1e][0x80]3[0x1][\n]"
05:56:02.450 [main] DEBUG org.apache.http.wire -  >> "[0xa4]/[0x80]f[0x84][0x16]mQ;$[0x9d]H[0x94][0xec][0xa0][0x1a][0x15][0xad][0x91]6[0x1]t[0xf8][0xf]T4[0x10]s[0xc6]r[0xe0][0x19]6@l+[0x8e]9[0x94][0xc8][0x99]!9[0xe7]Y[0xd9][0xfb]Y[0xeb][0xba][0xd6]u?[0xfb]7[0xe4][0x90][0xf3]zf[0xf6]M[0xce][0xf9][0xed][0x97][0xfb][0xb9]_[0xd6]}[0xdf][0xeb]Z[0xeb]Z[0xeb]yv[0xfd][0xc7][0xe3]1^}h[0xa7][0xa7][0xea][0xd5]@[0xc8][0x4][0xe0][0x8a][0x9a][0x8d][0x99][0x9b][0xb0][0xa4][0xc7][0x8]R[0x8a]4 [0xfa][0xe7]^[0x86]>[0xe4]D[0xaf][0xce]?[0x16][0xcb][0x98]G2[0xb9]]{[0xff]c5[0x9f]'%[0x9f][0xe2][0xd1][0x98]}S[0x85]-Ub[0xc][0x93][0xd6]s[0x97][0xf7]/o[0x8f][0xf2][0xd3]xL[0xca]G[0x16][0xc8][0xf2][0x13][0xf1][0xbb][0xe7][0xb5]z[0xa0][0x13][0xc8][0xc3]V[0xa8]P[0x8f]9[0xaa][0x3]=[0xbe]B-=Ooy[0x18][0x9][0xa5][0xd1]e[0xdf][0xeb][0xa3][0x3][0x1c]Cd[[0xcf]<U[0xdc]D[0xb4][0xf9][0x93][0xd6][0xd0][0x9d][0xf7][0xf6][0x1c][0x98][0xe]*[0x81][0xfd]U[0x14][\r]%[0x10]h7[0x81])S[0xa6]Hh[0x9e][0xcd]Q:Z[0xc0]q[0xf4]P[0xe6];i[0xe8][0x1c][0xef]l}B[0x9][0xaf][0xd5][0xd9]N[0xd5][0xe9][0x80][0xc6]2[0xa5]X[0x8f][0xe6]A[0x19]"[0xc7][0x8b][0x83][0x8d][\r][0xce][0xdf][0x9b][0x82][0xeb][0xe9][0x90]_[0x93][0xa2][0xce]E![0xb4][0x82]Xx?)[0x14][0x97][0xae][0xbf][0x17][0xe4].[0xb2]Cg[0xaa]%[0x9c][0x16][0x1e],[0xaa][0xfe][0xc7]{[0x18][0xfc][0x89][0x3]X[0x8e]D[0xcc]@v[0xa5][0xe3][0x9a][0xfc][\n]"
05:56:02.450 [main] DEBUG org.apache.http.wire -  >> "[0xb4][0xe8][0xbf][0x5]Q[0x9d]o[0x80]a }6Z[0xea][0x92][0x14][0xc5]![0xaf]c[0xfc][0xb0]\[0xbc]8[0xd4][0xd1][0xf0][0x9d][0xc8]n[0xad]/8[0x8]XM[0xda][0x1d][0xbd][0xc9]g*L[0xf7][0x1e]<c^[0x87]69[0x8d][0x95][0xf0][0xe4][0x1a][0x2]L[0xc3]a[0xe6]B[0xe1]Y[0xf0][0xa8][0x9b][0x1f]a[0xc][0x97][0xbd][0xad][0x9b]N[0x82][0x17][0x10][0xd7][0xb][0x13][0xbc][0xc0][0x89][0xc7];[0xe6]T[0xe5][0x80]aYO6Kh!,[0x90][0x8c][0xb]p[0x8d][0xf7][0xdc][\n]"
05:56:02.451 [main] DEBUG org.apache.http.wire -  >> "[0xe8]N[0xab][0x5]w[0xec][0x18][0x7]w[0xba][0xbc][0xa1][0xd5][0xd6][0xd3]N[0xac][0x81][0xe3][0xbe][0xa3][0x11][0x18][0x8b]eg[0xee]`[0xcc][0xde][0x9d]=x1[0x8c][0xde][0xfc]K[0x1f][0xb6][0x9b][0x9e][0xbf]W[0xf9]H[0x2][0xd9]O[0xfd][0xad][0xaf][0xfe][0xfa]yi~[0x86][0x9a]m_[0xa0]S[0xe7][0xbf][0x2]Gs4hi[0xe5][0x92][0xac][0xd0][0xae]J[0x87][0xa2][0xda]R[0xa9]oz?[0xf6]y=[F[0xa7][0xf6][0xee][0xe8]x[0x95]j4[0xa5][0xb]W <d[0xcb][0x1]+D[0x1c]0Y[0xd4]iMB[0x0][0xc4][0x93][0xbd][0xd0]X[0x19]n[0xd6][0x85]Q[0xc]6[0xd3][0xab][0x83][0xa7]s[0x95][0xf6])Ox[0x99][0xb2].[0x93]I[0x9d][0x94]2[0xe8][0xea][0x81][0xa6][0xfb][0xa6][0xc2][0xda][0xbd]%[0x97][0x84][0xd1]8[0xee][\r]zz[0xfe][0xa9]s[0x8b]M,[0xfd][0x1a][0x90]b [0x88]tb[0x0][0x98][0x8f],[0x81][0xa2]S[0xd7]3[0x86]N[0xb2][0xf7]J^Y\[0xa2][0xe4]x[0x3][0xf4][0xb0][0x0][0x7][0xbe]p[0x6]g[0xa6]9[0x89]![0x9c][0xea][0xd5]Z[0xee][0xdf][0xe9]7[0xad][0xe2]([0x1b][0xf5][0xcb]u>[0xb6][0x87][0xd1][0x91][0xa3]xV[0x80][0x1][0xe8][0xec][0x96][0x81]1[0x16]:pt[0x8][0xad]^M$[0xaf][0x13] [0xea]{G[0xb6][0xf1]&B[0xf3][0x18][0xb]?g[0x99]P6E[0x98]+N[0xba][0x13][0x3]L[0xb3][0xc4][0x1c][0xe5][0xf2][0xbe]iD[0xa4]o[0xd1][0xf2][0xbd][0xed][0x88][0xdc][0x1a][0xce][0xac][0x17][0xef]!S[0xe8]q[0x16][0xcc][0xab][0x9b]Q[0xc2]~[0xbb][0xbd]\[0xf9][0x8c][0x91][0xc3][0xc][0xfc]T[0x6][0xc1][0xca][0x2]r[0x9e]8[0x18]c[0xe0][0xc6][0xf7]x[0xa6][0xc][0xd3][0xbc]2[0xfe]:[0x9]:[0xa9][0xa8][0x6][0xf9]s1[0xce]"[0xf][0xe7][0xff]n[0x3][0x4][0xb8]r[0xfd][0xe]o7[0xc4]g[0xbf][0xfa][0x1f][0xb8][0x93];[0x8e][0xe5]#[0x7]d?[0xfd][0xb7].i[0xf6][0xf1]k1O[0xdb][0xa8][0x5][0xe5][0xce]O[0x9a][0x8c]U[0xa8]|Kq[0xce]N[0xeb][0xdd]mT$[0xe0][0xa7]vE[0xef]m[0xdb][0xda][0xbb];[0x1c]xS![0x2][0x19][0xd2][0x95]m[0x2][0xb1][0xa4][x[0xd2][0x9e][0xe4][0x10]l[0xab][0xf5]3[0x9][0xab][0xaf][0xf2][0x18][0xc1][0xe8]R[0x3][0x4][0xc1])@k8F[0x13][0xea][0x8][0x1a]e2v'[0xc7][0xcd]S[0x1f][0xab]R[0xd0][0xe4]tm[0xb6][0xc][0x81][0xb9][0x7][0xb9][0xfb][0x8a][0xfd]i[0x15]s[0x8f][0xda][0x9c][0xe2][0x8d]^[0xd3]hC[0xa9][0x8a][0xbd][0xc1][0xb4][0xeb][0xea]Z6[0xee][0xa7]0[0x8c][0xc7][0x9]j[0xcd][0x11][0xab][0x9f]_y[0xb3][0xeb]5[0xdd][0xbd]&[0xe][0x8c]>[0x9d][0xb9][0xf4]b"
05:56:02.451 [main] DEBUG org.apache.http.wire -  >> "u[0xdd][0xd0][0xa2][0xc6][0xec][0xad][0xe4][0xb2][0xf5]V[0xfb][0x9e][0x9a]"[0xc2]d[0x4][0xf7][0xe8]F[0xf9][0xce]<I[0x93][0xe]h[0xe8]s[0xb7][0xbe][0x3][0xab]5[0xde][0xda][0xe][0x93][0xf6]?;2[0x8f][0xe3][0xd9][0xbf][0xe2][0x9a][0xa0][0xb7][0x83][0xe4] [0xcc]n[0xc3][0xe0][0xd0]-[0xbf]j[0xfb]jo/B[0xed][0xd0][0xc0][0xb2][0xa1][0xa3]d[0x1f][0x96][0xb2]BP[0xa0][0xd7]XHP[0xff][0xe4][0xc8][0x8][0xda][0xe9][0xda][0xc6]-/[0x0][0x7]f[0xa4]]i;[0xff][0xd0]>[0x91][0x8c]N4[0xbe][0xce][0x14][0xf7][0x2][0x88]2[0xb1]`{[0xa4][0xdf][0xf2][0xe9][0x1b][0xa2][0xad]I[0xb3][0xae]r[0xcd]#[0xf8][0xf5][0xe6][0x16][0x99]p8[0xff][0xbe][0xfe]Z[0xb4]S[0x3][0x96]6[0xf0][0x89])[0xf7]h[0x83]e[0xd6][0xd5][0xc][0xb9][0xcc][0xb5]][0xa2][0xf8]bH[0xd8][0x94][0xcc]a{[0xf6][0xc5][0xff][0xe4][0xaf]?[0x87][0xc7][0xac]|[0xa4][0x92]=[0xfe][0xc2][0xdf][0xfc][0x87]?^[0x8f][0xff]K[0xb4][0x19]v[0xf9]]r)[0xc4]h[0xdd][0x1f]s[0xa6]x0j[0xab][0xe6][0x82]q[0xb6];[0xfc][0xed]!W[0xc][0xa5][0xec][0x9b]/Z[0xe][0xab][0xc0][0xab][0x15]N[0xd2]Q#[0xe4][0x1c],[0xdf]`bA[0x1d][0x90]B[0xe0]z[0xed][0xc7][0xc8][0xa0](ld[0xa6][,[0x1e][0x7][0xed][0xea]X[0x6][0x1d]V[0xf][0xde]r8%[0xd4]tF"[0xdc]td[0x1f]>t[0xff][0x8c][0xda]<Bc0[0xd6]m[0xbe]o[0xea]V[0xb][0x90][0xb9][0x92]"[0x4][0xd8]E[0x83][0x8c][0xf2][0xee]Hx]<[0xf6]?b,[0xe][0x98]o[0xd6][0xb2][0xbf][0x8][0xea][0x94][0xb3][0x92]Q[0xc2][0x8b][0xe1][0xc5]l[0x82][0xa1]q0[0xb0]B[0x9a][0x18][0x86]}1"[0xe0]c2[0xc3][0x7]}%[0xbb]8[0xfc][0xed]V[0x18]w[0xa1]r[\n]"
05:56:02.452 [main] DEBUG org.apache.http.wire -  >> "7[0xb8]2[0xb4][0xc6]9[0xa2][0x80]B[0xb4][0x14][0x89]pj[0x6]JQ[0x99][0xd6][0xb7]?[0xc1][0xc6][0xb0][0xd0][0xa7]0[0x96][0xce][0xa7][0x1a]v[0xdd]\S[0xc3][0x12];[0x9b][0xc0][0x9a]Q[0xca][0xb6]\[0xa6][0x92][0x97]<[0x87]Y[0xde][0xa8][0xf0]'h[0xda][0x99][0x89]U[0xfb][0x12][0xc3]p[0x8f][0xd1][0xa0][0xd8][0x17][0x7]g[0x0][\r][0xf0][0xfc]/[0xeb][0xdc][0xf2]d[0xbd][0xcc]e[0xf]t)[0x81][0xf3];[0x82]D[0x8c]p[0xa6][0xfd];[0x8a][0xd6][0xa2]E[0xd8][0x8e]^;d[0xb6]y[0x10]:rm[0xba]:X[0xc6]:[0x1c][0xce]W[0xdd][0xda].K[0xc5]uC{[0x83]2[0xf0]Qf[0x1c][0xda][0xbb][0xfc][0xf3]{_[0xfd]O[0xfe][0xc6][0xdf][0xc0]cX>2[0x1e][0xd9]O[0xfe][0xc5][0x7]'l[0xff][0xde][0xe5][0xb5]6[0xf1][0xb6][0xd9][0xba]i[0xe1][0x2]z[0xbe][\r][0xf]B[0xe9][0x80][0xc8][0xe5][0xb6][0x14][0xdb]A[0x91][0x2]AY[0x84][0x8c]w[0xcc]f[0xbc][0xde][0xca][0xe1]/s[0x94][0xb8][0xb4][0xc4][0x18]E[0x2][0xab][0xf1][0x1e][0xea][0x11]S[0xa6][0xca][0xae][[0x9d][0xb6][0x8b]w[0xba]#[0xa0]oh[0xc5]nK[0xd5]L[0xb4]7b[0xc6][0x13][0xea][0x83]G$Wk[0xd1]A[0x83][0xfa][0xc1][0xba][0xb1][0xe7][0xe][0xb1][0x8d][0xcb]#[0xb3][0xf6]GXU[0xce][0xef][0xb5]boa[0xf2][0xe8][0xb2]}>[0x86][0xd0][0xf]ij[0x12]}[0xf0][0xf7][0xca]'r[0x9b]0Pk:[0xa6][0xe4][0xd9][0xa8][0xde]m[0x0][0x98][0xb6][0xe3]H[0xe7][0x9c][0xda]U[0x18]y[0xd8][0x98][0x83]c[[0xbc]Rn[0xa5]X[0xd6][0xf4]H[0xd3][0xa5][0xbf]j[0x99]jWf[0xac];b[0xc6][0xab]zK[0x8f][0x0][0x94]D[0x92]p[0xe1]i[0xd3]XL'[0x18][0x12]6e[0xcc]"[0x8f]gx5Xz[0x3][0xf4]:WO[0xe7]pE(It[0xef][0xa5][0x17],[0xc2][0xba][0xaa]Fz[0xff][0x8d]|[0x88][0x8a][0xbd]*[0xb9][0x99]O[\n]"
05:56:02.452 [main] DEBUG org.apache.http.wire -  >> "Q[0xa0][0xf2]Xz[0xbe]bN[0xc2][0xf7][0xcd][0xfc]=[0xda]&0[0x10][0xf6][0xf3]_{-V[0xc0][0x98][0xde]S[0x19]"[0xb9][0x2][0xd1][0xd4][0xbf]:[0x93]y[0xfc][0xa0][0xa8]p[0xf3][0xc6][0x87][0x1a][0xb6]&Zx[0xfd][0xd1][0x16]c[0x98][0xdd][0xc1][0xf9][0xc2]l[0x82][0xec]9ryE#[0xe7][0x82][0xb1]I[0xb9][0x9a]g][0xe0][0x19][0xaf][0xbc][0xf6][0xe6][0x8f]<[0x8d][0xc7][0xb4]|$[0x80]l[0xff]I[0x96][0x8c][0xdf]?[0xaf][0xcf][0x9f][0xbe][0xbc][0x9f][0xdd][0xb5][0x82]LS[0xde][0xa8]C[0xa8]UO[0xe7][0xe8]Cd)[0xe5][0x15]L[0x19][0xcb]f[0x94]{k[\r][0x9e][0x82]`[0xe0][0xbb]h[0x10][0x1d][0xe][0xdb][0xcd][0x8a][0x1][0xd9][0xd8][0xe2][0xb8][0xff][0x15];[0x92][0xd5][0xb][0x5][0xca][0xb9][0xd1][0xf9][0x90][0xdf][0x98]~[0xe0][0xf1][0xb2][0xe1]jR[0xfd][0xce] 0[0x14][0xa8][0xb2][0x14][0xce]]l[0xbc][0xa4][0x95]f[0xb3]}i[0xd0][0xa6]t[0xff][0x83][0xaa][0xe0])[0xa4][0x0][0xf9][0xec][0x1f][0x1c][0xf8][0xb6][0xad][0xe9][0xc2][0x83][0xba]n[0xaf]8&[0xe]T[0xd4][0x8b]Tq9B[0x9c][0xcb][0xc1]m[0x8b]Q[0xae]HX[0xf2]E[0xd2][0xf2][0xe0][0xea]SI[0xae][0xc2][0x0][0xad][0xeb][0xb0][0xb5][0xdd][0x1f][0xe4][0xbb]U6P[0xcc][0xc7]![0xce][0xdc]i[0xc4][0xd7][0xc2]4[0x8]7[0xac][0xda][0xba]p$[0xe9][0xe3]U[0xe7][0xba][0x97]'[0xe6][0xa3][0xc5][0x9f][0xa3][0x1][0xa1]}[0x93]V1[0xb9][0x84] [0xcf][0xe0][0x13]T\[0x88]T[0x96]u[0x9d][0xc8][0x89][0xdf][0xe8]l,{Q[0x96]|[0xcc][0xbc]Z^s[0xa3][0xec][0x95]l[0x16]:[0x18]J[0xf5]F[0x83]}[0xb3][0xbe][0xe3][0xa9]M[0xcc]& [0xfe][0xab][0x8c]Dy'!pcF[0xa8][0x81]O[0xc7]EO[0x9]7R[0x96][0x99],[0x96][0xc1]|[0x9a][0xe1]I[0x1e]AWK[0xd4]f/*[0x19][0x95][0xb2][0x4][0xe][0xa8]8[\r][0xe7][0xc8][0xcc][0xd6][0xe5][0xaa]o[0xf3]z[0xc9][0xb6][0xc0]u[0xd3][0x0]5[0xd5][0xc3]$[0xca][0xc8]r[0xa2]z[0xc8]9b[0xb3][0xbd][0x8d][0x91][0x90][0xf1]vd[0x92]uL{[0x9d][0xa3][0xb6][0xaf]l[0xa7][0xed][0xd3][0xaf]<|[0xfa]U<[0xa6][0xe5]#[0x1]d?[0xba][0xfd][0xd8][0xaf][0x9f]W[0xe3]'[0xa8]4[0x97]u[0xb]f[0x9e][0xcd]{[0xaa][0xc9][0xf2][0xc2]x0[0xa4][0xc7][0xc0][0x17][0xc5][0xef][0x90][0xe3][0xef][0xda][0x18][0xe5][0xdd];[0xb0][0xb4]g[0xe][0x8e][0xc8]K[0xd3]M[0xc6][0xa4][0xd1][0xa6][0xf0][0x91][0xe]f[0xf7]a[0xa8]6[0xd0][0xe0][0x4]][0x1e]F[0x9c][0x99][0x9b],|+[0xe2][0xd1][0xe8][0x16][0x9e]i[0xf4]9[0xc8]Q[0xc0]y[0x10]\i[0x95][0x80])|L6'I[0x9f][0xb1][0xf5]J[0xa5]&][0xd3][0xd6]`[0x3][0xda][\r][0x94]e[0x5][0x6]M^[0x9d]I[0x8d][0xa7]Ff[0x91][0x14][[0xae]N[0xdb]n[0xcb] [0xd1][0x9e]o[0xb][0xc8][0x4][0x96]vb[0x13][0x8c])[0xf4][0x1a][0x18][0xb3][0xd6][0xe6]g[0xaf][0xc3]P=[0xb3]^G[0x5][0xd7][0x82][0x90][0xd0]h[0xd5]Z[0x92][0xdc][0x8e][0x92][0xe3][0x1d][0xa6][0x8c][0xa4]n[0xce][0xa0]H[0xd9]o8[0xd8][0x0][0xbd][0xeb][0xc][0x0][0x8]8[0xe]P[0x8b][0xf2][0xe3][0xb8]9[0xfc][0xd5]0[0xea][0x17][0x8e]X[0xf5][0x9f][0x92]?[0xa6][0x9d]^[0xbf][0xc6][0xff]<` [0xb7][0xd1][0x11][0x9c]jL[0x8b][0x1c]zg$[0xc1]1[0xf][0x9e]V[0xd7][0xb3]!|6[0xed][0xe8][0x1e]Y[0xd2]e\G[0x92]X[0x6][0x9f]ib[0x8c][0x99]c[0x1b][0x4][0xa4]T}[0xc0][0x99][0xa6][0x12][0x12]X[0xd0][0xb5][0x1]t[0xd4][0x83]$[0xd0][0x93][0xed][0xee][0xcb]C<[0x9c][0xff]n[0xbf][0x17][0xce]e[0xd4][0xe5][0x94]2x[0xe][0xe7][0xeb]{$[0xb4]C[0x93][0xfb][0xd4][0xe6][0x19]6"[0x8d]1[0x9c][0x3][0xae][0xe1][0xe7]P[0xf8][0xed]Yj[0xba]:[0x8b][0x87][0xc2]~[0xcf]W|c;[0xe5][0xa7]_[0xfa][0x8f][0x1e][0x9f][0xc][0xc5][0xbb][0xca]c[0xf]d[0xe1][0xf3]|[0x10]0[0xe3] }[0xc4]A=[0xd6][0x87][0x19][0xbc][0xbd][0x86]<[0xe1][0xae]H[0xc7][0xf2]Of[0xc5]U[0xec][0xa5]UhJ[0x93][0xd7]&[0xb1][0x3]JeK[0x85]H[0xc5]m[0x99]}[0x87][0xd8]T[0xb6]"[0xef][0xfa]a[0x6][0xeb][0x15][0xc6][0xd4][0xe5][0xfd][\r][0x1]-N[0x2][0xea][0xf6][0xa8]H[0xd5][0xf5][0xfd]o[0xeb][0x9][0xab][0xa4][\n]"
05:56:02.452 [main] DEBUG org.apache.http.wire -  >> "P[0x93][0xe4][0x82][0xd2][0xfc]s[0xc8]d[0xbc]k[0xd3][0xcb][0xab][\n]"
05:56:02.452 [main] DEBUG org.apache.http.wire -  >> "[0x1d][0x80][0xd4][0xf5]M[0xc7][0xa6][0x2][0xcd]![0xf9][0xa0][0xc7][0x94][0xbd][0x0][0x1]"Z}W[0xe3][0xe2][0x3].[0x83][0xed][0x8d][0x6][0xd5]A5[0xe5][0x3][0xd8]a[0x1d][0xe5][0xdd].[0xd8][0xc8][0xae][0x11][0xb0]i!P[0x81][0x9a]`[0x7][0x12][;[0xf6][0xa7][0x92][0x0][0xbd][0xc3][0x1a][0x84][0xd2][0x17][0xb5]8[0xee][0xc5]H[0xf]-c0[0x10][0xb3]~[0x91][0xb6]G'Va[0x9e][0xe][0x8e][0xda]r[0xc6]IL[0x1f][0x9b][0xad][0xfe][0x93][0xe6]KC[0xf0][0x90][0xda][0xf][[0xf2][0x9e]f[0xf5][0xdd]^[0xf]d8[0xf4][0x95][0xa1]a[0xd2][0x83][0xea][0xf9]T[0xbd]^:n[0xcd]P[0xd3][0xda]*nT[0xac]4[0xa4][0xf8][0xc7][0xf6][0x16][0xa6]v[0x1d]O;[0xc3]B[0xf][0xa3][0x80][0xf3] [0x9a]T?][0xa7][0x81][0x98][0xc2][0x8e][0xb6][0xf3][0x14][0x16][0xd8]G[0x10]F[0xd9]j[0xd2]U[0x1f][0x8b][0x7][0xdd][0xbb][0x9b]m[0x99][0xbe]X[0x8e][[0x84][0xc0][0xc8][0x86]611uR[0x17][0x9d][0xee]<hl[0xcb]g[0x96][0xf6]a$[0x9c]6N[0xc6][0xed][0x18])I[`3[0x82]j[0xdf]h[0xf3][0x5][0xf][0xf3]>[0x90]|[0xea]q[0x7][0xb1]K[0x9]<[0xc6][0xe5]'[0xff][0xbd][0xf4][0xa9]{[0xf9][0xe8]am[0xb4]>[0xe0][0xeb][0xfe]j[0xd5]BwFT[0xf7]l[0x15][0xcf]Y3[0x5][0xe7][0xef][0xf7]rQ[0xbc][[0x8e][0xfe][0xb4][0xcd]q[0xc9]ZdL%[0xda][0xd3][0xc8]Mj[0x12]G[0x94]b[0xbd]<[0xc4][0x8c][0xc]o[0xfa][0xd0][0xd6]x[0xaf][0xe2]J[0xbe][0xc1][0xd3][0xc6]cz[0xce]+[0x17]v[0xb7]'[0xa4][0xfe][0xa5]E\[0xe][0x8b][0xe5][0xd8][0xc0][0xce]w[0x94][0x1b][0xd5]p[0x0]K_9[0xa0][0xe6][0x9f][0xb7][0x9c][0xe6][0xe6]o[0xd5]sy[0xec]/[0xb6]T[0x14]2[0xc2]o"mEt[0xb9][0x99]4ius[0xad][0x1a],[0xd2][0x16]s[0xac][0x13][0xca][0xf4]JkxJ[0xf9][0xae][0xa8][0xdd][0xd8][0x89][0x89][0x3]y[3[0x96][0xab][0x91]c[0xc1][0xd1][0xc4]Pp[0xb6][0x87][0xbc][0x1f][0x89][0xc6][0xbd][0x93][0xb6][0xa1][0xc]a[0x8f][0xb2]/[0x0][0x85][0xdc]c[0xed][0x11][0xfd][0x9e]Y7[0x89][0xbe][0xd7][0x9]v.V[0x1]4[0x0]L[0xe5][0x18]c[0xe][0xe6][0x81][0x6]?[0xcb][0xb8][0xdb]%Y[0xe4][0x13][0xe6]@[0xc5][0xd2][0x97]>[0xcf][0xc3]5[0x98]{[0xad][0xba][0xb2]]Ko[0x9b][0xc0][0xc1][0xd5]@[0x9f][0x91]^+,[0x9b]1M[0xde][0xbd][0x6][0xcb]y[0xd2]X[0xe][0x86][0xc6]2.[0x1c]e[0xa6]=,[0xd9][0x88]B[0xdc][0x88][0x8f][0xb5][0xd7]l[0xbc][0xc7]1[0xad][0xf2][0x88]eo[0xca]8[0x88]9[0xff][0xdf]k[0x8c]<k[0xeb]9[0x85][0xcb]i[0xda][0xc5][0x18]r[0x94]Kn[0x8f][0x9e][0xfe][0xea][0xfc]7[0xbe][0x80][0x8f]@yl=[0xb2]Kr[0xc7]=<[0xfa]B[0xbd][0xb][0x19][0xed]m[0x9e]%[0xbd][0xa3][0xcb][[0x9a]ln[0xc1][0xa3][0x1d]3SSI>[0x1e][0xb3]%[0x93][0xb6]<[0xc8][0x96]][0xf6][0xe8][0xd6][0x9b][0xb4]o[0xac]&7[0xae]t|n[0xaa][0x18][0x1b]p[0xff][0xbc]TK[0x9f][0xa6][0x95][0xa9][0x8d][0xd9][0x19][0x8a][0xba][0xca]@,[0xe2][0xb0]Sc=[0x1a][0xc0][0x1d]fI+[0xa2][0xf4]L[0xba][0x18][0xed][0xdc]'![0xe]v[0x1c][0xfb]S[0x7][0x96]W[0xae]Z[0xb]-[0x8a][0xc1]~][0x82]Y[0x8e][0xb2][0xfc][0xb3]%[0xdf][0xf5]H[0xf9]6[0xd5][0xcb][0x16][0x8a][0xcf][0x8d][0x11][0xa1][0xba]X[0xe2][0x14][0xc9][0xbe][0xce][\n]"
05:56:02.452 [main] DEBUG org.apache.http.wire -  >> "[0xbc]_g[0xe9][0xe2][0xa0]M^[0x13][0xb3]PH[0x2][0xe9][0x14]My[0x4]n[0xd8]0Q[0xd4][0x85][0x91]6![0x82]L[0xe3][0x10]=0Z[0xb8][0xc6]|[0x86][0xbb]4#[0x13]7[0xa4][0x82]^[0xd5]p[0xaf][0x18][0xe5]([0xf][0xb][0xc0]x[0x14][0xfb][0xbe][0x1d][0x9a]k[0xc6]=[0xc2]Z@[0xac][0xe5][0x1f]z[\r][0x93][0xa7]u[0xa6][0xbd][0xd1][0x17][0xb4]\[0xc2]%[0xad].[0x8e][0xce][0x4];[0xf][0x90][0xa9]w[0x19]5[0x6][0x1e][0xe4][0xe0]F[0x82][0xa7][0xdc]y[0xa3]+[0xe8][0xf5]@|[0xa6]a[0x6]i[0xdc][0x7][0xb9]fo[0x1e][0xb3]S[0xcf]}l[0x1d]tK[0xa2]6[0xe0]n[0xd4]w[0xc2]\[0xae][0x93]![0xb6][0x7][0xb6][0xae][0x7][0xe3]/0#[0xae]~$*[0xb6][0x92]bw:[0x9a][0xc1][0xc9][0x4][0x99]|,[0xeb][0x97][0xc4]q[0xbd]M?[0xd2]#2,[0xe3]l[0x1]v|2[0x9f][0xfd][0xa8][0x80][0xd8][0xa5]<[0xb6]@v[0xde][0x88][0x9f]?[0xff]y[0xd0][0xef]b[0xc0][0xac]K[0x1c]BeUO[0xb8][0xe4]u[0x2][0x8c][0x6][0xad]z)[0x94][0xf0][0xb1][0xec]i^[0xab]vSg[0xc1][0xfa][0xbc][0xe3][0xe6][0xe3]:J[0x19]}[0xd4][0x2]vk[0x0][0x93]L[0xd2][0x1e][0x9d][0xb5][0x2]N]7[0xd6][0xa2]SV+[0x16][0xf9][0xac]g[0xe0][0xc7][0x83][0xa0]*[0xab][0x81][0x9d][0x4][0x85]V[0x86][0x8c][0x1].g:[0xcb]{R|[0xcc]d[0xd2][0xe3]O[0x3]HyM[0xf2][0x11]F[0xe][0x87]y[0x1c][0xc5][[0x12][0x1]E0[0xc3]S`[0xbd]i`RK[0x1d][0x2][0xcd][0x9e][0xe6](f[0x7]p@[0xf1][0xa6]J 8[0x8d][0xc2]i[0xc5][0xa1][0xba][0xbc][0xe7][0xa7][0x1e][0x11][0xb1][0xb8]]|[\n]"
05:56:02.452 [main] DEBUG org.apache.http.wire -  >> "[0x85]6[0xde][0x92][0x8b][0x92][0x13][0xac]Z[0xe8]B[0x81][0xf][0xb0]J[0xf]|[0xdc][0xd4][0xde][0x9e][0xc7]W[0xd1]z[0x9c]*M[0x5]P5[0xb6]u[0xc7][0xb7][0xc2][0x14][0xfe][0xb9]![0xe3][0x2]v[0x8b]>&q[0x5]M][0xc5](Y[0xce][0xcc][0x14]5[0xd7]e[0x0][0xaf][0x9b]G[0xa8]_[0xcb][0x8a]e[0xbb]m[0xe1]h[0xbe][0x1c]%4[0xb4][0xb4]y[0xb4][0x97][0xc2]k[0xd7][0xda]-[0xeb]<[0x9c][0xd1][0xf6]n[0xbc][0xd0]k[0x9e][0xf1][0xc4]L[0x9a]1O3[0x96]$[0x8c]^b?a[0xb1][0x9e][0xb7]F??c[0xa4][0xfa]k[0xc7][0xf3][0xaa]Y[0x7][0x82] 'L[0xe4]o#[0xfb][0xf2][0xf1][0x9][0xcb]~B[0x8f]d}=[0x98]i[0xcc][0xf6]&[0xc][0xf5]/ [0xf6][0xff][0xfd][0xeb][0xcf][0xe0]#T[0x1e]K [0xfb][0xb][0x9f][0xff][0x87][0x9f];/[0xcc][0xa7][0xfc](.[0x9a][0x9c] [0xc1][0xb8][0xd1][0xa4][0x90][0xeb][0xbb]h[0xf5]F/[0xa9][0xb5][0xe3][0x1c][0xc9][0xb2][0xaf]zs[0x1]4[0xe7]1[0xf0][0x94]T[0xdc][0x2][0xc2][0xe5][0xb0]o[0xb1][0xec][0xfd]V)T[0xe3]K1[0x15]Y4Y+[0xc4][0xbe]yz[0xb5][0xb]c[0xfa][0xb7][0x8f][0xfb]Ew[0xa1][0x3][0xd5][\n]"
05:56:02.453 [main] DEBUG org.apache.http.wire -  >> "v[0xd7][0xc][0xa1][0xcb]\S[0xa4][\r]BJ[0xa8][0xf1][0xf9]H[0xc8]Ik[0x5]c[0x82]{[0x8d][0x13][0xeb][0xeb]0[0xa6][0xdd]o[0x13]>O[0xa7]Q[0x10]:[0xc1][0xd9]S[0xb][0x1f][0xfb]([0x9c]\[0xd4]A[0xe4][0x92][0x85][0x7]3[0x9f]s[0x16],K[0x96]T[0xc4][0x9a][0xbc][0xa5][0xac][0xe7][0xc4]z[0xb4]:[0xcb][0xfa][0x2][0x13][0xe3]Y[0x14][0xa9]5[0x1][0xac]V[0xb0]+[0xa2][0x1d][0xd8][0xc2]<[0xf4][0x2][0x9e]\[0xbd][0xa3][0xe8][0xcd]%[0xec][0xb]&1[0x10]@[0xb2][0x9f][0xab][0x99]S[0xff]RgK:[0xf8][0xdc]{nH5[0x92]0[0xcd]z[0xd6][0xb9][0xac][0xc][0x3][0xa3][0xa2][0x9a]l[0x9][0xa3][0xf7]zh[0x8e][0x8a][0x91][0xad][0x1a]=-[0xce];[0xd9][0xa5][0xe9][0xf2]+[0xf9];[0x92][0xaa]_[0xc6]T[0x9].[0xd1]k[0x8b][0x11]W,qCHR0;[0x1]][0x85]{[0xb7][0xce][0x10]c`[0xc9][0xb1][0xd1][0xf8])[0x0][0x9][0x81]|{[0xe9][0xf4]r}_[0xd9]v[0xea][0xf7][0xb0][0x83][0x95]fH[0xc4]x[0x99]#[0x1b]hk[0xf8]q[0x8c][0xab]c[0xa5]IH,<?[0x91]>O[\n]"
05:56:02.453 [main] DEBUG org.apache.http.wire -  >> "[0x85][0xa2][0xef][0xeb][0xae][0x96]C[0xb2][0xe6][0xec]{[0xde][0xd5][0xde][0xf6][0x91][0x3][0xb1]K[0x9]<fe[0x8f][0x8b]a{[0x8][0xea][0xa5]>[0x89][0x10][0xcf][0xf][0xf4][0x11][0xd6][0xea][0xed][0x1f]dg[0x9e][0x81][0x8a][0xab][0xb6] [0xcf][0xe1]$'[0xa0][0xbd][0xa5][0xea][0xaf][0x91][0xc1][0x14]t[0xb8][0xb7]2[\n]"
05:56:02.453 [main] DEBUG org.apache.http.wire -  >> "!{scb[0xe][0xfc][0x8c][0xa0]*[0x9a][0xb0][0xc9]}*[[0x88][0xec]7[0xad][0xdb][0xf5][0xa8]M[0xac]p[0x86]XP([0xc7][0xe2]F[0xcf]'2[0xe7]x[0xfb])[0xc][0xab][0xcf]v[0xe6]gc[0xcc][0xe2]f[0xbd][0x9e]s[0x1c][0xfb][0xb2]y[0xe7][0xc4][0x6][0x4][0x93][0xe2]HJ[0x9]J[0xee][0x9a]^[0xf6]L[0xa2]5X[0xb7]m[0xdd]3[0xf6]9Tc[0x1c][0xa8][0x9d]n/[0xa9][0x96][0xe0]1[0x15][\r]Fq[0x87]t[0xc0][0xde][0xdb][0xd2]W[0xad][0xaf]![0xa7]h[0x97][0xdb][0xc4][0x9e][0xa4][0xb3][0xf][0x96]>[0x92][0x8a][0x92][0xa0]T[0xeb][0xc0][0xb8][0x13]f[0xe][0x19][0x16][0x1b][0x99]yF[0xae][0xde][0x9a][0x4][0xb4][0xee]1[0xd8]z)[0xc4]Z[0xad]o[0xde]6[0xd7][0xea]j[0x9c][0xdc]zP[0x90][0xcd][0xe7][0x0]y[0xc9]5[0xd5]n[0xc2];[0xe7][0xc9][0x8a]em[0xd3];[0x88][0x11][0xe2][0x6]e[0x88][0xb6][0xc3][0xd7][0xf3][0x9e][0x9c][0x5]Z[0x98][0x8c];U[0xd3]}h[0xb9]v=m[0xae])[0x5]X[0xeb]:^[0xb1]^[0x8f].h&`d8k[0xe0][0xf2][0xe4]De[0xe5][0xac]g[0x3]d[0x18]|[0xed][0xae][0xd7]Fm[0xaf][0xb1][0xce]9C[0x8b]W%[0xc6][0xc6]i[0xe0]2[0x17][0xd4][0xde][0x1d][0xe7][0xbf][0xe5][0x1f][0xbe][0xbd]}-[0xd3][0x99] [0x13][0xe3][0xbe]?[0xf3][0x8b][0xff][0xe0]?[0xfa][0xeb][0x9f][0xc1]G[0xb0]<VO[0xf6][0xa8][0x9b][0x9e][0xf1][0xc2]ye~|8vZY[0xad][0xdc][0xb] [0xa8]9[0xda][0xca][0x89][0xb1]#[0xcb][0xfc][0x93][\r][0xa7][0x1d][0xad]8P*[0x1a][0x12][0x7][0x8e][0x9d][0xba]-p[0x9d][0xa8][0xd1][0x1a][0x8e][0x8a]5F[0x1f][0xd4][0xd9]\H[0xa9]`&[0x9d]Q[0xb]<(B[0x1]V^^r[0xd2][0x7]%[0xb4][0xce][0x4][0xed]+[0xe6][0xb8][0x4][0xf6][\r][0x82][0x7][0xab]d[0xd0][0x7][0xa8]v[0xbb][0xde][0x13][0x15][0xfb][0xc8][0x4]N[0x8a][0x93]U_[0xac][0x17][0xc4][0x84][0xfd]O[0xea][0x1a]R[0xaf][0xb1][0x9c]9[\r]~[0xc0][0xbd][0xc7]:0[0x11]s[0xa8]O[0xad][0x15]f[0xa6][0xd1]K[0xe1][0xca]h[0x1a][0x8e]F[0x93][0x9c]; J[0x13][0x4][0x97]=[0xac][0xfa][0xc][0x9f][0xec][0x12][0xd7]C[0xf5]l,[0x5]|H[[0xed][0x9c][0x14][0xbd][0x18][0x8c][0xe3]"[0xce][0xfa]p[0x9c]A[0xcc][0x15]{[0x99]-[0xae][0xb8][0xab][0xfe]U[0x19][0xe0][0xc3]P[0x8d]K[0xca]y[0xf4][0xe0]{Z[0xf3][0x1b]S[0x92][0x1f][0x87][0xec]{{:[0x88][0xf9][0xc8][0xe6][0x1d][0xe3]0a8C[0xe]d[0x19]\0[0x7][0xbf][0x93]rZ[0xef][0xe6]Z7[0x9c][0xb6][0x1b][0xc0][0x8c]9[0x99][0x82][0xff][0xa4]9[0x97]}[0xec][0x84][0x8][0xf4]Z[0xb8][0xde][0xb1][0x1a][0x10]uFzA[0x17]?r[0x96][0xcc][0xb]c[0x95]9[0xeb][0x18]ZSh[0x9f]/[0xf2]Y[0xd7][0xcc][0xf7][0xcf][0x80][0xe0][0x8c]w[0x1a][0x18][0x10][0xa3][0x80][0xd3][0xaf]?[0xd8][0x1f][0xb3]<X2}[0xd4]^@[0xb7][0xb2]H[0xb5]HMi[0xcc]/|[0xf5][0xff][0xf3][0xd7][0x11][0x1f][0xd1][0xf2][0x98]Q[0x8b][0xa7][0xcf][0x9d][0x97][0xe5]A[0x9f][0xa8]l[0x13]3*[0x9e][0xb0][0xba][0xe0][0xe1]Z[0xaa][0xa9].i[0x11]%[0x81][0xcc]}[0x1c][0xad]0[0xcb][0xf0][0x9b]zj[0x8b][0x0][0x17]T[0xe4][0x87]$[0x8c]:5[0xab]v[0x98][0xfb]b[0x16]U1[0x80]igi[0x81][0xd5][0xa3][0x8a][0x99]?[0xbd][0xd1][0xb]H[0xd1][0x1d][0xc3]^[0xd8][0x8][0xe6][0x14][0xf6][0xf8][0xb0]*[0x1e]RL1[0xdf]Z[0xc0][0x9a]7E[0xb7][0x4][0xa5]Q[0x0][0xe9][0xd1][0x12]v[0xab]%[0x13]i[0x17][0x1f]o[0xcc][0xd4]r[0xe6][0xb],[0x19][0x92]&S[0xe4][0x9c][0xc4][0xb6][0x92]c[0x15][0xe4]hY[0x98][0xb5]n[0xd6]9],z[0xd4]=[0xd4]$[0xcd][0x5][0x97][0xca][0xfe]j[0xbb][0x1e]d[0x83]EM[0x95][0x9e][0xa0][0xf0]|[0xf2]urZ9I[0x91][0xb7]o[0x10]U[0x17][0xf2][0xba]HE[0x7]&F[0xd4][0xb3][0x19][0xaa][\n]"
05:56:02.453 [main] DEBUG org.apache.http.wire -  >> "[0x6][0x16][0xc0]LD#[0xe3]/[0xd8]t_&[0x16][0xb7]][0xa4][0xd4][0xd0][0xf6]@[0xef]][0xe4]1[0x87][0xdd][0xb7].` @[0x96]*[0xd3][0x14]u[0xaf]/-[0x83]`[0xdf][0xed][0xf4]b[0x94][0xf2][0x80]z$[0x1]q<[0xd5][0xbd][0x91][0xc2][0xb0]S[0x9b] i[0xd2]4[0xef][0xa9][0xb7][0xa7][0x80][0xb5][0xd7][0xb2][0xfb]9-[0xb4][0xe6]^[0xe7][0x84][0x18]6[0xb6]m[0x8b][0xa0][0x94]9[0xa7][0x95][0x8a][0xad]-n[0xf1][0xe9]t[0xd9][0xc][0xc8]S[0xa0]#[0xf3]Z[0xaf]%[0x9]fy[0xca][0x91][0xc1][0x8][0xb6]7[0xbb][0x8d][0xaf]~[0xe7],"
05:56:02.453 [main] DEBUG org.apache.http.wire -  >> "[0xec][0xb8]X#[0xf3]>[0xcc][0xc0][0x14][0xf3][0x2][0x2]>[0xa5][0xb4][0x8c][0xa1][0x13]I[0xbe][0xf2][0xda][0xb7]?[0xf1]4>[0xc2][0xe5][0xb1][0x1][0xb2][0xff][0xf6][0xe7][0xff][0xf0]W[0xcf][0xcb][0xf4][0x99]f[0xc8]f[0xb3][0x1][0xa2][0xd0][0xc2][0xd0][0xc0]O}[0x1e][0x1b]cn[0xa0][0xd2][0xc0][0x9b]V[0xc8][0xd4]vZ[\r]0@[0xc]Q[0xc7][0xdb][0xea]x[0x86][0xf3]"a[0x95][0xa8]][0xbb][0x95][0x3][0x95]!-[0x9b]>[0xc0]A[0x1c][0x7][0x8c] [R[0xca][0x98][0xfd]F[0xdf][0xef][0xb6][0xa8][0x9f][0xf3][0x9b][0xad][0xeb][0xea][0x83][0x8e][0xb3][\r][0xa8][0xb4][0xef]G"[0x1e]hE[0xcb][0xc3]:[0xd4]$[0x5][0xd0][0x8a]w[0xb4][0xfc][0xb4]^$[0x8e][0x98]o[0x93]YR[0x94]s`[0xc6][0xa5][0xfb]kJ[0x86]Qd[0xae]bd[0x1]E0[0x2][0xa6][0xb4]b[0x5][0xc2][0x94][0xcb][0xbb],-[0x17] [0x8][0x18][0xa1][0xd7][0x8]N[0xa6][0x15][0xaf][0xf0][0xe2][0xa8]l[\n]"
05:56:02.454 [main] DEBUG org.apache.http.wire -  >> "[0xf8][0xa4][0xd4]@[0xab][0xbf]e[0x95]G][0x83][0x1]L[0x8e]o[0x14]![0xe8]q[0x85][0xea].[0x8c][0x1d][0x15]8[0xac][0xe9][0xc5]7[0x17][0x2]h[\r]jO[0xd8]0[0xdc][0x9b]`b[\n]"
05:56:02.454 [main] DEBUG org.apache.http.wire -  >> "[0xda]1[0x1e]{@[0xcd][0xf1][0xe4][0xf8]z3[0x10](a[0xe8][0xc][0x1c][0xe6]Fl$![0x9a][0xb9](~[0xe8]s[0x9f]d[\n]"
05:56:02.454 [main] DEBUG org.apache.http.wire -  >> "(|[0xef][0x89]fl[0x4][0x13]X[0xf5][0x9c][0x8][0x8a][0xbe][0xc6][0xc9][0x8d]a[0x89][0x13][0xe6]r/[0x88][0xb6][0x1c][0x8f][0x11]@[0xb]z[0xc][0xa7]j[0xe4][0x80]!K[0xa7][0x18]m3[0xbb][0xb0][0xf6][0x7][0x85][0xdc][0xe7][0xf6][0xd2]6[0xc0][0x1f][0xd6][0x8e]h[0xce][0xbc][0x9a][0x13][0x0]g[0x12][0xf7][0xb][0xb7]1[0xbe]L[0xa5][0xc9]80[0xc2]e[0xe2][0x91]=[0x85][0xb][0x93]r[0x6][0xb1][0xfb][0x8f][0xf5]S;[0xde]N[0x9]<[0x6][0xe5]B)[0x6][0xee][0xfd][0xc1]y[[0xfc][0xf8][0xf2][0xfc][0xc4][0x8e][0x7][0xf4]Q[0x9b][0x18][0x8c][0xad][0xee][0xc1][0xf2][0x94]Ru[0x8b][0x90][0xcf]4[0xf4]6X[0x97][0xf4][0x17][0xdc]LLn^[0xc0][0x8][0xea][0x90][0xfd][0xcf][0xb1][0x89][0xff][0xee][0x9d]'7[0xb2][0xc1][0xd7][0xc6][0x95][0xf6][0x19][0xab]E^S[\r][0x6]#[\r][0xe0][0x5][0xac]'4[0x91][0xdf]'?[0xa9][0x9f][[0x9][0xf9][0xbc][0xa6][0xaf][0xf5][0xf3][0xfe][0xb6][0xa8]A[0x97]k[0xb5][0x10][0x16][0x9b]*-[0x92][0x13][0xa3]i[0x81][0xa1]qa[0x7][0xd4](37[0xa6]i[0x2][0x90][0xc7][0x1][0xb0]t[0xf]k[0xaf][0x17][0xa4]_[0xf3]F[0xab][0x19][0x91][0x1b][0x8][0xc7]{[0xa0][0x16][0xab][0xbe][0xbe] [0xcd]e[0x3][0xe1][0xd2]A[0xd6];[0xbb][0xb1][0xe0][0x8c][0xf]4[0x8f]_[0xd8][0x16][0x10][0xf0]e[0xac]_F[0x1a][0xbf][0x1a]>W[0xed][0x1d][0xee][0x10]d\[0xf7][[0xeb][0xa1][0x99][0xab]>p[0xd7]`0[0x14][0x14][0xae][0xd7][0x9f];[0xb4][0xfb][0xab][0x5]T[0xdd]a[0xae]X[0x8b][0xe3][0xea][0xef]/4[0xc3][0xd6][0x8f]4[0x8b]8[0xac][0xa5][0xaa][0xa5][0x1d](H[0xfc][0x4]$[0x87][0x82]U[0xe][0x1c]n[0xcc][0xfa][0x91][0x93][0xae][0xf5][0x9a][0xdf][0x4][0xac]6c[0xa1][0x2][0x93][0xe1][0x85][0x6]H\[0x81]E,[0xec]<[0xc0]xZ[0xf8]:[0xc2]'[0x1e]y[0x82]([0xd2]noN[0xf9]*o?[0xa8][0x8c]>[0xa4][0xf5]M[0xe1]V[0x85][0xa9]{[0xf8]l[0xc8]![0xaf]s[0xa8][0xcb][0xfa][0xb5][0x86][0xe5][0xa5][0xda]i[0xad]~[0xff][0xfe][0xc7][0x1][0xc4].[0xe5][0xb1][0xf0][0xc8][0xce]j[0xfa][0xf7][0xcf]+[0xf3][0x84]o[0xca][0x18]'@[0xc8]1Yn[0x2][0xf]o[0x4][0x90][0xe1][0x98]b[0xbb]<[0x14][0xc6][0x84][0x85]n[0xb2]i[0xb2][0xba]X[0xfb][0xb7]MAf~[0xc9]4[0xc2][0x98][0x93][\r]D2[0xdd][0xda]>[0xe][0xbb][0xba][0xe][0x9f]yN[0xd1]\[0x15]8&[0xea][0x87][0xe4][0xb7][0xc1][0xf6][0xc7][0x87][0xb9][0x94][0xad][0xea].[0x80][0x9d]p&[0xd5][0xc1][\n]"
05:56:02.454 [main] DEBUG org.apache.http.wire -  >> "[0x92]V)[0xf4][0x95][0x89]<[0xd0][0x9d][0x1a]\5"[0x81][0xf1]m"[0x1c][0x86][0x92]c[0xed]c[0x1e][0x4][0x8f][0x16][0x95][0xad]M8[0x85][0xd3][0xff][0x5][0x6][0xc4]L'[0x18]8T[0x1f][0xe5]E[0x84][0xec][0x2][\n]"
05:56:02.454 [main] DEBUG org.apache.http.wire -  >> "0[0xec][0xaf]L[0xf]fr,m[0xc9][0x9d][0xcb][0xd1][0xa9]t[0xe6]'a[0xc0][0xd0][0xc6][0x8b][0xa8][0xc2][0xbe][0x96]q[0x88]V\c[0xc4]@ tj#=[0x16][0xfa][0x8e][0xf1][0xbc][0xc1][0xb][0xe8]{[0xf1]yh[0x1d][0xaa][0xcf][0xb4])[0x98][0xb5][0xe][0x8c]rkk|t[0xfc][0xf4][0xb3][0x2][0xeb][0xd8]R`[0x8][0xd5][0xe7][0x99]k[0xa6][0x8f]M[0xbc][0xba][0xbf]x{[0xcb]9;[0x2]N[0xf7][0x89][0xa4][0xf2][0xe6][0xa8][0x7],[0xb2]][0x14][0x1a][0x1e][0xb9][0xc]v5"[0xc2][0x89][0x80][0xc5][0x88][0xe8][0xb5][0xd2]a[0xa5]([0xaf][0xcf][0xbf]A[0xcf][0x80][0x98][0xda][0x1f][0xfc][0x4]l[0xff][[0x18][0x8d][0xc0]>[0xa0][0x14][0xb3]y[0x1a][0xc4][0xdc][0x13][0xa2][0x7][0x9c][0xb3].3[0xb8][0x85][0xa6][0x8c][0xd9]{b[0x9]p[0xb5][0xd4][0x90][0xe7][0x1c]9[0xd7][0x13][0xf4][0x9a])Xd[0xb6][0xaf][0xeb][0xd7]>. v)[0x1f]z [0xfb][0xe9]/[0xfe][0xa3][0xcf][0x9d][0xff]<([0x1d][0x19]Zu[0xb3]t[0xa8]X[0xd2][0xe][0x93][0x94][0xa4][0xe8][0xac][0xa6][0x13]+[0xf7][0xa0]cc[\r]H[0xfa]_[0xc4]U[0xec][0x0]G[0x8][0x8][0x82][0x1c][0xe0][0x94]]#d[0xbf][0xae][0xc3][0xd8]t[0x87][0xe8]@6[0x93][0x9e][0x1d][0x89]Q[0x9a]W[0xba]N[0xdb]?;[0xae][0xd7]M[0xc]i[0x9e]3[0xc6]R[0xb0][0x82]@2[0x92][0xeb][0xc][0x80][0xc3][0x8e]'P[0xb7]l[0xea]I[0xf5][0x7][0xaf][0xd4][0x14][0xe6]^*[0xdd][0xbe][0xc7]T[0xff][0xa6]{r[0x12]UH[0xee][0x9c][0x9c][0xc][0x90][0xbe]JJ[0xa6][0xf4]@H[0x5][0x85][0x80][0xa8][[0xa7]4ZH4[0x16]lZ[0x6]<i[0xc9][0xf][0xb4][0xac]G[0xb8]R:1a[0xcd][0xb6]I[0x8c][0xa6][0x81]#[0xba][0x94][0xd4][0xf4][0x13][0xa2][0xf3][0xe4][0xf5][0xc9][0xe0]n[0xdb][0xa6])[0xa7][0xfa]![0xcd][0x1c]W[0xc7][0x1a].{[0x2][0xfc][0xcb]9H[0xa3][\r][0x92];[0x9b]I[0xd0]v[0xe5]8e[0xdb]r[0xd6]US[0x1a][0xa3]i[0x14]>0[0xe3][0xea]:[0xad]P[0x7][0xdf][0xe2]p [0xd0][0x86][0xe0][0x88][0x1e][0xd6]~[0x80]$Fr[0xef][0x2]y`[0xc0][0xd9]J[0xb3][0xcf][0x11][0xcb][0xda][0x1c]w,fO[0x84][0xfe];,w[0xe3]a[0xce][0x0]U[0x88]T[0xac][0xe3][0xb7][0x9][0xc4][0xea][0xdf]`=[0xff]Wc[0xe6][0x1e][0x16][0xc8][0x9d][0x8d][0x14]=[0xe1][0x9f]`[0x4][0xac][0x1e][0xbd]L[0xd8]eL:[0xd7] [0xe0]W[0x1b][0x1e]g[0xb7]@[0xc9][0x84][0xdb][0x1][0x93][0xbd][0xcc][0xdd][0xa1][0x90]k~[0xaf][0x9c][0xdd][0xc8][0xa7]>. v)[0x81][0xf]q[0xb9]P[0x8a][0x19][0xf7][0xfe]1[0x8c]b[0xa3][0x82][0xeb][0xcf][0x92]G[0x8f]F[0xd3][0xa2]Py[0x84][\r][0xf8][0xca][\n]"
05:56:02.454 [main] DEBUG org.apache.http.wire -  >> ",[0xa5]i@[0xb2][0xff])0r[0xe3][0x98]g[0x83][0xc][0xcc]u[0x1f][0xfd][0xd9][0x0]h{G[0x7][0xf4][0xc0][0xb2][0x91][0xeb][0x1e][0xb3][0xf5]k[0xe4][0xf1][0x8a][0x95][0x8a][0xdc]?Tt[0xdf][0xb2]&[0x95]W[0x0]z[0x97]w[0xd1][0xa9][0xeb]P[0xd0][0x8c][0x8f][0x9f]}[0xa4][0xe8]I[0xaf][0xe9][0xb2][0xe6][0xf7][0x97][0xb9]o+5[0x8a][0x96][0xdd]\'P[0xcb][0xc5][0x2][0x15] /[0xb7](`i[0xdf][0xa9])[0xd3]Xt[0x91]s[0x9b]6M[0x9d][0xe]`[0xe9]3[0xca]}[0xa5][0xaa][0x6][0x15]d5[0x13]]c[0xa1][0xc0](=[0xb5][0x99]N[0xd7][0xf1][0xcb][0xa9][0x9f][0x8c][0x99][0x1e][0xea][0xad][0xde]rY[0xf0][0x1b]A[0xba][0x97]X[0xc9]C[0x0]f[0xaf]i^[0xab][0xec]L[0xea]^[0xe][0x8c]E[0xb6][0x0]G>[0x88]X[0xab][0x1b]-[0xd5][\r][0xf6][0xf8][0xc2][0xeb]h[0xde][0x93][0xf2]?[0xde]b[0x9f][0xab][0x9e]S{TZR[0x8f][0xa7][0xf9][0x9a][0x19][0x15][0x9c][0xbc][0x9e]^[0xf2][0xd4][0x19][0xae][\r].[0xf5][0xe4]Zy[0x7][0x9c]e[0xcb][0xea][0x8e][0xb5]Z&~M![0xfb][0x1e][0x86][0xdd][0xc2][0x81][0xe5][0x9c][0xb0]o[0xac][0xd4][0xb6][0xc6][0xb5][0xcb][0xe1]ja[0x80]c[0xf2][0xad][0xeb][0xa3]n[0xf8]p[0xc9]>[0x91]-[0xdd][0x9d][0xb6][[\n]"
05:56:02.454 [main] DEBUG org.apache.http.wire -  >> "d[0xc8][0xcd][0x1a][0xb4][0xbc]_y[0x94][0xdf]}[0xec][0x1f][0x2][0xfc][0x83][0x96][0xf][0xb5]Gv[0xe6]H~[0x9f][0xaf]W[0x83]W[0x7]b5[0x17][0xf][0x0][0xb3]P[0x3][0xc0][0x84]E[\n]"
05:56:02.454 [main] DEBUG org.apache.http.wire -  >> "[0xb1][0x96][0xc3][0xb1][0xef]l[0xd3][0x9a][0xa9]m[0xec][0xd7][0xb6]QV[0xd4][0xd4][0xd8]E[0xd5][0xe7]b9B=[0xbb][0x9e][0xbc][0xdc][[0xb3]][0xc7]_[0xee]([0x8c]-[0xc5][0xc4][0x15]b>7[0x13]<[0xdc].[0xc3][0x0][0xf6]|b:Y[0xfc][0xce][0xaa][0x10]C[0xc8][0xe3][0xa6]M[0xcc]W[0xbc][0x9e][0xce]A[0x9b][0xdd][0xe5]b[0x8d]"[0x9f][0x9b][0xc3][0xf7]~#([0xea][0xea]|[0xd6][0x8d][0xf2]0[0x1c][\r][0xea][0xd0][0xaa]A[0xe6][0xcf][0xc7][0x93]I[0x83]y([0xe0][0xd6][0xa9][0xfb][0xf9][0xae][0x98][0x9][0x8c]2[0x9c]~[0xc6]r[0xe5][0xb]y[0x1e][0x3]bh[0xab][0x18]&1y[\n]"
05:56:02.454 [main] DEBUG org.apache.http.wire -  >> ")[0x19][0xea][0xbb][0xbe]>[0xcc]3[0xe]\[0x83][0x98]S[0xa0][0x2]1[0xf8][0xfa]4[0xc5]g[0xfa]VM[0xd8][0xd2][0xb0][0x1]X[0xf3][0x2][0xe5]r[0x93][0xa6]U[0x1a][0x4][0xcb]NY[0xe4]%/[0xa2][0xb7]n[0xaa][0x1e]7[0x8e][0x97][0x5][0xd1][0xe5]^U[0xc]aXP[0x16][0x87]{2T7[0xb0][0x82][0x18]([0xef]6Z[0xfa][0xfd]R\p<[0xc8][0xdc][0x93]{[0xbc]n[0xc1][0xa7]\=[0xf5][0xa3]5R[0x95][0xba][0x9f]<[0xf6]4[0xf1][0xec]K[0xf5][0xad][0xc9][0x1a][\r]l[0xc6][0xdb][0xa8]k[0xd7][0x1b]{[0x9d][0xeb][0xf9][0xaf]-[0xdc]4[0xe8]~[0xcd]v8{[0x92][0x4][0x8e][0xe3][0xa9]5b?9G[0xec]($[0xc9][0xef][0xe3][0x9]b[0x97][0xf2][0xa1][0x5][0xb2][0xbf]p[0xa1][0x14][0x13][0xf][0x96][0xf][0x9b][0xb][0x98][0x83]5[0x87][0x9a][0xd4][0xd4]![0x89][0x2][0xa6]p[[0xe3][0xea][0xde][0x1a]R[0x83]]o[0xb6]R+[0xe3][0x88][0x83]qO L`[0xed]$=[0xb7][0x19][0xb0]c[0xb9]h[0xa4][0x1a]N[0x10][\r][\r]%[0xf5][0xcf][0xf5]t[0xa1][0xf3][0xbb]|#j.[0x7][0x98][0x9b]w;[0x18]x[0x15][[0x93][0xf9][0x96]0[0xc5][0xda][0xb1][0xb7]Q[0xbc][0x1c][0xcf][0x1d][0xb6]h[0xeb][0xfb][0xb1]&[0x14]([0x9b][0xcf][0xfa][0xe8]v[0x9b][0xe9][0xe6][0xb5])[0x15][0xbd]RL[0x90][0x4]dS[0xa3][0xad]dg[\r]R[0xac][0xb2]D[0x95]3[0xde] [0xcb][0x17][0x3]f-[0x83][0xc5][\n]"
05:56:02.454 [main] DEBUG org.apache.http.wire -  >> "[0xe1]\h[0xcd]S[0xa9][0xd7]~:[0xe5]q|Z[0x5][0xc][0x5]9[0xb4][0x92][0xd7][0xa0]L[0xcd][0xf3][0xb4][0xf5]<[0x1d][0xa8][0xbf]}[0xa8][0xfc][0x9][0xfb][0xaa]a6[0xd4][0x91][0xca][0xeb])[0xc6]x[0xe7][0xaa][0xd3][0xa0]>[0x1b][0xda][0xf7][0x99]7[0xc1][0x18][0xcb]\U[0xd5][0xb5]>f.[0xd8][0xde][0xe8][0xbe]y[0xdb]A[0xb0]j[0xe]][0xb7][0x8e]7[0xc3][0xbb]p|t[0xd5]^z[0xf7][0x18][0xd6]M[0xda][0x92][0x98]6sa0#[0x6]0[0xd3]2Ju[0xfe][0xdb]c[0xc4]RB[0x9b][0xa9]d|[0xca]E.+[0xce][0xb7][0x8][0x1a]{\.9[0x9d][0xe5]X\[0xa0][0xd1][0xd6][0x94][0xcd][0xc][0xc7][0xce]t.'[0xb8][0xa5]X[0xb1][0x89][0xeb]P[0xc6]q[0xec][0xc7][0xd2][0x9b]V[0xba]&[0xd5][0xd5][0xdf][0xed][0xf5]{?[0xfb]q[0x4][0xb1]K[0x9]|[0x8]KQ[0x8a][0xa7][0x97]{[0xc7].[0xdf][0xd1][0xa2][0x3][0xae][0xa9]=m[0xe6]9[0x11]}[0xd1][0x1][0xe0][0xc6][0xf2][0xd2]'[0xb]%i[0xb4][0x1d]O[0x17]3![0x17]js[0x1d]Z"[0xf][0xde]O[0xce]f[[0xaa]abd[0x96][0x15][0xd5][0x0][0x94][0xe6]aQ![0xd4]xv[0xf0][0xeb][0x8c]1k[0x8e][0x93][0x87][0xc3][0xce]q<w[0xca][0xb0][0xae][0xdd]_[0x9e]h[0x99];[0x8d]x[0x90][0x17][0xdf][0x89][0xe1][0xef]>${[0x87][0xbc][0xbb][0xc6][0xd0][0xfd][0xf5]1[0xe7]"[0x4][0xa0]$[0xbb][0xb]e[0xa9][0x16][0xc2],[0x95]4jl[0xe8][0x15][\r]o[0x94][0xda]X[0xf] }[0xe7][0xd9]m[0xcb]5[\r][0x4]TrK[0x9d]\+[0xaf][0x17]Z{[0xb9]N[0xee][0xb8][0xd6][0xd7][0xb8]x[0x17]NIKb[0xa1][0x2][0x83][0xf3][0xed][0xdd][0x84][0x8c][0xd9]Y[0x87][0xfd][0xa7]v{+5[0xb7][0xd8][0x9b]x[0xb0]_[0xe3]D[0xb7]7[0x6]N[0xc9]A[0xa8][0x80]n$[0x8c][0xa8][0x0]/[0x1e][\n]"
05:56:02.455 [main] DEBUG org.apache.http.wire -  >> "[[7`[0xfd][0xb0][0xad][0xc2][0x9e]\|[0x94][0xb1]zdg[0x98][0x17][0xb][0x1]S@[0xe8]cF[0xe6][0xa5][0xdf][0xe2]0[0xc1][0xbc][0x13]_[0x3][0xb2][0xef]v=[0x16]#[0x83][0xfd][0x86][0xeb][0x81][0x3]]Hj[0xd2]d[0xe][0x9e]F[0x1f][0x8e][0xcc][0xca][0xa5]K[0xff][0x5][0x82]^[0xbf][0x4][0xf2]x[0xfe]s[0xa8]m[0xb4]W_[0xb7]LPf~[0xfe]g[0xad][0x86][0xee][0xbc][0xd2][0x89]_[0xf9][0xd6]k[0xf7]>6[0x89][0x1d]w[0x95][0xf][0xa5]Gv[0x8e][0x8b][0xfd][0xbe][0xa7][0xd0]+#[\r]X[0xac][0xea][0xaa][0x1b]v[0x4]b[0xc8][0xef]2[0xe1][0xa5],i[0x1][0x8e]G[0xe2][0x98][0xb3][0xd2][0x85][0xa4][0xef][0xb2][0xff][0x17][0xa7]1[0x86][0xdb] B[0xbb]8[0x15][0x89][0xcb]k[0x9f][0xc9]f[0x3]O[0xf4]@[0x1d][0xed]P0[0xe6][0xfc][0xff]M'[0xea][0xc0]l[0xb5][0xaf][0x12]e[0xc2][0xdd]m[0xbd]-[0x7][0xb9][0xe5][0x11]M[0x99][0x85][[0x99]1[0xc3]o[0x18]%O[0xd1][0x8a]l@'[0x96]3[0xea][0x1e][0x9d]}[0xd8][0x8a][0xd0]#c[0xf3][0x9d]F[0x8f][0xe3][0xc7]9@[0xc3]q[0x11][0xc4][0xda][0xb2][0x8c]k[0xab][0xba][0xbf][0xe8]Fg"[0x92]X[0xf0]rR[0x8a]G;F[0x83]([0xda][0xac][0x15]C[0x1a][0xd3][0xa8][0xeb][0xa5][0xe7][0xac][0x85]l}t[0xb5][0x2][0xda][\n]"
05:56:02.455 [main] DEBUG org.apache.http.wire -  >> "2[0xdf]'[0xf1][0xa0][0xb6]]@[0xac]ubm8[0xb9].\[0xc4]u[0x9b]@c[0xb5]K[0x98]%i69[0xe];[0x0][0xe6]=r[0xe3][0x12]\[0xdc][0xdb][0xd1][0xe4]zXCK[0x93][0xb9]M[0xc9]on[0xfe].[0xe1][0xc]=X[0x94][0xd9]q[0xc1][0x88]my0 b[0xfe][0x8b]C|K[0xc3][0xe9][0x3]9l[0x83][0xb5][0xbe]%[0xef][0xd6]J[0xdd][0xbe][0xe5][0xb2][0x11]8[0x8][0x0]j[0x8c]i[0xac][0xa8]S[0xbd][0xb5]v8[0xd0][0x85]b[0x9c][0xfb]?s[0x86][0xb1][0x4][0x1d]R@~[0xd7][0xd9]L[0xd3]K[0x9a]?[0xfb][0x19][0xc0]$[0x88]][0xbe]>-~`[0xd8]`[0xfc][0xfc][0xbb]HO[0x1f]{[0x10][0xbb][0x94][0xf][0x1d][0x90]]([0xc5][0xf3]Z>[0x18]m8[0xd9]F}[0xda][0xa4][0x91][0xdd][0x83]Z[0xcf]r[0x83][0xc7][0xe2][0x91][0xa4][0xf4][0xa0]v[0x90][0xd4]6[0xbb][0xaa]o[0x93]jH[0xaa]b[0xe2]9u[0x80];F[0x93][0x88]QF[0xdd][0x8b][0x80][0x96]')&8[0xc0][0x12][0x0][0xa4][0x8d]8[0xe4][0xf4][0x93][0xa4][0xb6][0x4]q[0xca]B[0x90][0x1a][0x98][0xe6]b[0xe][0xd5]([0xe4]:[0x84][0x1c][0xdb]Vne[0x3]I[0xcb]C[0xde]f[0xbf][0x97][0xd9][0xbc]X[0xaf][0x1]Y[0xd4]u[0xfd][0xd1][0x17][0xdd][0xbf];[0x9d][0xc6]Gu[0xe3][0x82][0xb7][0xe]@[0x8a]q[0xe4]c[0x9e]s[0xad][0xc9]z?[0xcf]([0xe1]N2[0xe0],[0x1b][0xa2][0xc3][0x12][0x4][0xda]R[0x86]+[0x9f]E[0xc4]\[0x8d][0xa6][0x8c][0x16]9[0xb7][0x96]o[0x90][0x90][0xf0][0xad]F[0x99]E[\n]"
05:56:02.455 [main] DEBUG org.apache.http.wire -  >> "[0xe8][0xa0]c1a[0x8a]R[0xa0][0xa6][0xef][0x8d][0x8e][0x1c]*9$[0xd6]\[0xb2][0xe4]zzK[0xaf][0xfd][0x5][0x9b][0xeb][0x81][0x84][0xab]Q[0x14]Z[0xa0][\r][0x13][0x1f][0xf2][0x0]V[0xce]4[0xc7][0x1e][0x8b][0xf9]o[0xf1][0xc2][0xfc][0xe5][0x80][0xbb][0xfa]Z[0x99][0x9][0x90][0x83]k![0xb][0x84][0x16][0xe5][0x1d]M%[0xea][0x3][0xe8]j[0xac]'c?[0x7]1[0x8d][0xcb][0x8][0xa0][0xf1][0x19]<9-C[0x1c][0xc8][0x83][0x19]0[0x6][0xd1]cp[0xa3][0xa5][\r]77[0x7][0xaa][0x92][0xce][0xd5][0xd6][0xee][0xa4][0xcb][0x81]B[0x14][0xf0][0x89][0xea]\[0x8e]K.sd?a[0x98][0xad]~[0xae][0xf4][0xd3][0xba][0x3][0x18][0xc7]h[0xbc][0x95]U0[0xed][0xbd][0xf0][0xda]k[0xf1][0xb1][0x7][0xb1]K[0x9]|[0x88]Jg)[0xbe][0xac][0xf][0xe4][0xca][0xa7]@Kzf[0xcb]1d[0xeb][0x13][0x84]Y[0x8a]<&[0x96][0x1d][0xb5][0x97][0xd1][0xd5][0xfd]9[0xb9][0xa7][0x6][0x8b]N[0xdc](E[0xa5][0x1b][0xa5][0xd3][0xe8][0xb4][0x6][0x87][0xad][0xc6]$*@[0x7][0xf]CcJ+O[0x86][0x1e][0xe7]U[0xdf][0xc7][0xbc][0x16][0xf8][0x96][0xb5]I[0xd5][0xc2][0x83][0xb6][0xf3]3DY[0x9f]xo[0xf1][0x90][0xa7]c[0x0][0xde][0x16]-[0xa9][0xc9]B[0x7]y]C[0xb][0xee][0xf5]NM[0x8d][0x84][0xfa]Q[0xf]4[0x16][0xb6][0x14][0x9]T[0xd7][0x6][0x96],[0xc7]I[0xc2][0x91][0x7] [0x9b][0xe0]([0xff][0x1e][0xb6]u[0xa2][0xb1]s]x[0xf3][0xbb][0xaf][0x1f][0x8c][0xc2][0xb9][0x2][0xa3]\([0xa4]$[0xe8][0x91]:[0x2][0x96][0xb][0xd6]k{P%Yf[0xb4]5X[0xf8]:[0xc1][0x96]+[0xd3]a[0xaf][0xb3][0xe8][0xda][0xe8]a[0x9f][0x87]k%[0xef][0x96]s[0xe] [0x1][0xcb]k[0xf8]&[0xc6][0x15][0xcd][0xb5][0xd4][0x1f][0xdd]y[0x8]<[0x1]w[0xa1][0xe3][0x18][0xf][0xfa]v=+[0x83][0x95][0xb4][0xc3]r[0x8e][0x1b]m<)[0xd7][0xfa]Fge[0xb6]=[0xb0][0x18]&DH_[0x93][0xc9][0x1e][0xe4][0xb6][0xb2][0xf1][0xc0][0xe9][0xc5]8[0xd0][0xc9][0xc3]o[0x1f][0x17][0xe6][0xce][0xf7]oY[0x8f][0xc7][0x2]y[0x9d][\r][0xb8][0xed][0xeb]7[0x19][0xa6][0xd5][0xd0]P|}[0xfe][\r]01s[0x9d][0xa5][0xcf]6@[0xd4]g[0xc9]V[0xed]h<a{6[0x89][0x91][0xbb][0xc][0xb7][0xad][0xf][0x1c][0xcd][0x87][0xc4][0x17][0xfe][0xc1][0xdf][0xfb]kO[0xe3]V[0xf6][0xf2][0xa1][0xf2][0xc8][0xf2][0xde][0xbd][0xcf][0xef]/[0xfa][0x9e]/[0x8c][0x1f]0u[0xfa]T@t]b[0xd5]\<[0xd5][0xa1][0xbf][0xba]S[0xf5][0xe0]I[0xf4]1[0x9b][0xc3][0xe9]^[0x9c]=[0xed]#V[0xf3]2[\r]|"[0xe][0xc6]@[0x98]g#K[0xf2][0x18]O[0x8b]@[0xd3][0x8d]}z[0xc1][0xdd][0x1b][0x4][0xc5][0xd8][0x19]M[0x99][0x9e]c9[0x86][0xa9]K[0x91]0[0x9][0xcd]a[0x8f][0xb6]b[0x17]o[0xae][0xae]k[0x97][0xc2][0xb5]y[0xb4][0x92][0x8b][0xcd][0xfd][0x4][0xf6][[0xe7]G[0x8e]^[0x16][0xb6][0xf6][0x9c][0xfb][0xcf]xbI[0xa3][0x9a][0x80][0xe7]~ [0xe5][0x94]$Y9&[0x19][0xf3][0xd8][0x1f][\r][0xc2][0xb6][\r][0x6][0x92][0x8a]$@[0xda][0x8e][0xca]1@[0xfa]+Z[0x9c]\[0x83]0[0xef][0xe][0x9a][0x8c][0x97][0xbe][0x3][0xb5][0xfb][0xe][0xdd][0xcc][0xca]As*[0xb5]2)[0xcb]8[0xe8]ia[0xa6][0xc0]6p[0x5]bV[0xb1][0xd1]"[0x7][0x97][0xd2]]b)|[0xbb]&WnU[0xa3][0xea]7[0x19]W[0x9]#[0xab][0xdb][0x9]mu[0xca][0x8b]n^[0xf8][0xdc]L(l [0xf][0xe0][0xda].mPA[0x1b][0x8e][0xb][0x8][0xc3]@[0xac][0xd7]"[0xe9][0xd0]2y[0x84]2[0x1b][0x8f][0xb][0xa2]?[0xeb][0xdc]i[0xbf].[0x6][0xe8][0xde][0x91][0xee][0x5][[0xd7]r[0xd6]9[0xf4][0x97]Q[0xe7]e[0xf][0xf4][0x82][0xd3][0xe9][0xb1]#[0xc1]I[0xd7]Q\@[0xac][0xdb][0x1b]@[0xba]&[0x2]1{[0xa0][0x1e]-[0x5]"[0x1e][0xb0]v>[0xeb][0x95][0xdc][0xf8][0x97]\4[0xd0]5[0xf][0xde][0xa3]V[0xe1][0x8d][0xd1][0x86][0xe7]o[0x9f][0xbb][0x81][0xd8]Z>4@[0xf6][0xd3][0xfb][0xf]?s^[0xa1][0xa7][0xe]4[0xe1][0xc4][0x9f]F[0xe5]s[[0xb6][0x82]<[0x19]1[0xc2][0x18]o[0x8c]rORh[0xa5]_x[0x9e]-p[0x1a][0xed][0xea]O[0xa7][0xe0]A_[0xd9][0x7][0x1d][0xd4][0x19][0xc1][0xaa][0xa5][0xdc][0xaa][0x94]R[0x84][0xf4][0x8f]O,8.c[0x8a][0xd4][0xce][0x0]![0xda][0x9c][0x13][0xa8][0xf7][0xa9][0xb0][0xb9]u[0xe3]l[0x17]C[0xf5][0xd4]IL[0x81][0x84]{[0xb6][0x94][0xe3][0xe0][0x12]@[0x1a]p`g[0x5][0xe9][0x16][0xcb]>[0x94]z[0xc6][0xab][0x81]1[0xc7][0x3][0x17]X.r[0xb]j[0xb9]A[0x86]8&[0xe1][0xec][0xe0][0xb6][0x83]X[0xd2][0x90][0x80][0xa2]OM[0xf1][0xd9][0xf5][0xb]`I[0xd8][0xc1]i#JA[0xf5][0xd5][0x1d]s[0xca][0x8c]\'E[0xa5][0x1d]l[0x16][0xec][0x87][0x14]PJ[0x1c][0xa4][0xb6][0x8b][\n]"
05:56:02.456 [main] DEBUG org.apache.http.wire -  >> "[0xba][0xb4]wR@[0xa5]u:[0xab]g[0xae]h[0x12][0xfc]ug[0xac][0x92]m[0x87][0x83][0xcf][0xd4][0xa3][0xfc](>a[0x85][0x3][0xd1]lg[0xf4]5[0xde]`__[0x0][0x83][0x99]/[0x91][0xe1][0xca][0x93]X[0xbc][\n]"
05:56:02.456 [main] DEBUG org.apache.http.wire -  >> "5[0xb7][0xb5][\r][0xd0][0xbc]f[0xd7]+ [0xd9]--[\r] [0x14][0xc7]Y[0x87]c[0xc6]E[0xe4][0xd2][0x81][0xb6]H[0xf6][\n]"
05:56:02.456 [main] DEBUG org.apache.http.wire -  >> "[0x13][0x7][0xd2][0xe]{2[0xb0][0x9d][0xaa][0xdb]sg[0xe8][0x18]u[0xfe][0x9]p"
05:56:02.456 [main] DEBUG org.apache.http.wire -  >> "![0x0][0xf6]xW2[0x99][0x85][0x9f]U+m v[0x88]u[0xd9][0x13][0x8e][0xa1][0xb1]X[0x4][0xac];[0xfb]E[0x13][0xc9][0xf5][0xf2]8[0xbc][0xe1][0xc4][0x6][0xf0][0xe4][0x1][0xf6][0xb5][0xab]Gmx9TH[0xe2][0x99][0x17][0xff][0xdf][0xed][0xb3][0xb8][0x95][0xa5]|(~[0xc6][0xa5][0xb3][0x14]?~[0xf9][0x4]u^o5*KS[0xac][0xa5][0x9e][0xf7]z')[0xe5][0x80]%E`[0xa1][0xcc][0xb8][0xe9]0z[0xb1][0x9a]J[0xa8]>@[0xef]*[0xd9]N[0x9d][0xda][0x14] %[0x82]q[0x18][0x1d][0xc][0xd3]|[0x16]'X7[0xf0][0xa5][0xde]i[0xdf][0xc5][0x3][0xbe][0xab]a[0xa8]>[0x8b][0x2][0xac]1[0xe5]tK[0xc5][0x96][0xcb][0xe0]C[0x16],yK[0x8e][0x99][0x7][0xb4]@oN[0x9c]^/[0xc2]ot@[0x9f]P[0x8c]J[0x11]0[0xd5][0xeb]>[0x8a][0xed]M[0xf4]L[0xb]6[0xfa]d[0xe2]z[0xbd][0xba][0xf][0xad][0xc1][0xf9][0xe5][0x89][0xb1]@w8[0xca]([0xde]_[0xf5]*[0x86])[0xb9]p=H[0xda]&b[0xb6]I[0xcb]J[0xd6]H[0x13]N=[0xea][0xce][0x11][0xc3][0xe2][0xe2]$[0xbf][0xf3][0xcd]F<a[0xdd]\6"[0xc3][0x9a]4x2g}z[0xb2].[0x4][0x84])W[0xe4][0xd5]*[0xa4]4[0xb9][0x14]2[0xdf][0x7][0xc1][0xd2][0x17][0xc7][0xb7]Z[0xf0]f[0xc4][0x8c]h[0xc2][0x9c][0xbd][0xa4]Q[0xb4][0x1a][0x10]0[0x0][0x8d][0x1e]z[0x8b]2|K/c[0xae]?im]g[0x11]v[0x9f]<[0xb5][0xf4][0xca][0xba][[0xda][0x8c]![0x1a]1[0x8c][0x95]h[0x93][0x14]R[0x5]c[0xb7][0x0][0xfc][0x8e][0xac]HLR[0x4][0xfa])]m[0x18][0xf1]Z[0xc9]U[0xe3]&[0x8a][0xec][4l[0xef][0xb0][0x13]Cd[0x8c][0xef]Y[0x1c][0xae][0xc9][0x0][0x18])[0x96][0xa9][0xeb]L[0xb6]HK<[0xab][0x1d]e}[0xa6][0xbd][0xaf][0xef]DK[0xee][0x97]=[0xfb][0xd5][0xbf][0xf7][0xd7][0x9e][0xc5][0xad]\[0x95][0xf][0x87]Gv[0xef][0x13][0x9f];[0xff][0xfb][0xe0][0xf2]r[0xf1]&d}R/[0x84][0xac]z[0x1][0x10]iH[0xba][0xef]L[0x6][0xb1][0x8c][0xc5][0xe8]M[0x18]W[0xaa][0x5]MP[0x99][0xd5][0xd5][0xe6]z[0xb2][0xdf][0xac]:[0xfd][0xb2][0xe]N[0x9f][0xc6][0x1e]SR[0xeb][0xee][0x97][0x13]E[0xac][0xed][0xdc][0xa4][0xf8]A[0xf3][0xdb]7~os[0x81]&[0x18][0xf0][0x96]G([0x9f]B[\n]"
05:56:02.457 [main] DEBUG org.apache.http.wire -  >> "[0xf2][0x84]q[0xf6]4_[0x9b]\[0x9d][0xd2]V`}B'[0x0][0x11]C[0xcd]6[0x89][0xb]/3[0x12][0xab][0xf][0xfb][0x88][0xf8]]Ml9r1[0xaf][0xc][0xec][0x83][0xde]'[0x98][0xdd][0xb0][0x8d][0x8c][0x11][0xa6][0x1b][0xea][0x92][0x89][0xa7]Iy[0xec][0xb5][0xc3][0xa4]E[0x8e]3d[0xa9]G]K'&[0x0][0xa3]}:[0x89][0xb5][0xd7][0xb9][0xfe]O[0x8b]X[0xf3]`[0xaf][0x14][0x1])[0xa4][0xb6][0xe8][0x19][0xe4][0x1f][0xb5]4[0xde]F[0xff]\[0xc7][0xe2]}Q[0x96][0xa3][0xd1]z[0xbe][0xd1];[0xaa]?[0xed][0xff][0xb7][0[\n]"
05:56:02.457 [main] DEBUG org.apache.http.wire -  >> "[0xd9][0xb5][0x9d][0x5][0x9c]`cu/[0xa2][0xbd][0xa4]\hP[0x9b][0x96]'![0xd0]S[0xe3]Z[0xca][0xeb][0xe4][0xe7][0xe1]W[0xf2]3m[0xf0][0xd5]Ka<i[0xd0][0x92][0x86]M[0xf8]z[0xf5][0xbc]H[0xb][0xe6][\n]"
05:56:02.457 [main] DEBUG org.apache.http.wire -  >> "[0xc4][0x98][0xb1][0x86][0xc9][0x89]{$[0xc6]X[0xec][0xd3][0xad][0xe3]N[0x1a][0xb2][0xe3]l[0x9]O[0x18][0xaa]3s[0xd2][0x11]3[0x9c][0x99][0xd5][0x8e][0x1][0xc8][0x80][0xb0]+GT[0xea][0xb5]i[0xea]6[0xdf]L6l0+IDb[0xeb]=H[0xe6]$[0xb8]L![0xf6] [0x8e][0xed]T[!\k[0x90]?o[0xb1][0xbf]z[0x3][0xb1][0xb7].[0x81][0xf][0xb8][0xec][0xde][0xd8][0xe9][0xfe][0xcb][0x18][0xbd]Fw$[0xb5][0xa0][0xb9][0x18]G[0x3]P[0xf0][0xe4][0x8e][0xd6][0x7]Q[0x9b]{O[0x14][0x18]eM@[0xab]Z)[0xab]^4[0x9b]>gL[0x8b][0x91][0xdf][0x9c][0xa0]2[0x95][0xc9][0x85][0x1f]"5[0xa9]6[0xa4]6\[0xd1][0xc][0xf8]d[0x1f][0xec][0xcb][0xd3][0xbb][0xdd][0x8f][0xc8]$[0xda][0xa4][0xb8][0x83]BeSu[0xb0][0xa4][0x92][0x9a]{}[0xd5][0xc9]&[0xf5]h)v_[0x80][0x92][0xcd][0xca][0xe8]D[0xbc]E[0xb2][0xc7][0x8c][0x13]X[0xa8]G[0x8b][0x5]Fk[0x97][0xf9]~;j:[0x0][0x93]lC[0xdf][0xb1][0xf4][0x8f][0xda][0xf0][0xaa][0x10][0xa0][0xf7]}d[0xa0]e[0xef]pB[0xcb][0xc1][0xc][0xe9]Y[0x8f][0x94][0x82][[0xc7]"[0xbd][0xa2][0xfd][0xa4][0x16][0x9b][[0xa4][0xd2][0x88]QZR3X[0xfa][0x1d][0xd9]Q[0xaf]$[0x15][0xaa][0xf4]UH[0x89][0xf1][0xbd]d[0x9][[0xce][0xb4][0xf6][0x96][0x97][0x1c]7[0xe5][0xbd]x[0xc1][0x89][0xab]1^[0xcf]30[0xde]m2)`v[0xbe][0xcd][0xab][0xe6][0xce]}[\r][0xb9]A][0xf8][0x88][0xa9]e][0x0][0xa4]<[0x9f]e[0x8b][0xf6]~~[0x8b]u[0x98]:[0xe0][0x8e]6[0x90][0x18]![0xe4][0xfc][0xbf][0x96][0x94][0xf1][0xa4]<[0x2][0x8]_sP~[0xfe]][0xfe][0xa9][0xb0][0x97][0xaf]R^[0xb5]U[0xa7],[0x97][0xe4][0x1c]K[0xcc][0xca][0x1][0xfd][0x99][0x11][0xf7][0xb4][0xf6][0xfa][0xea][0x91][0x2]Cq[0x12][0x96][0xad][0xdf][0xcb][0xcb]M[0xfb]q[0xb7][0xd5][0xe6][0xea]X!F[0x12][0xb2][0x7]^[\r]l[0xbf][0xf0][0x9f][0xfe][0xbf][0xfe][0xd7][0xf]q+oY>p[0x8f],[0xef]}[0xe2][0xf7]1[0xf6][0x8a][0x13][0xe4][0x1][0xc4][0xca][0xf5]$?G)Td[0x3][0x97][0xb5]W[0xa0]Es<[0x90][0xb2][0xce][0xf9][0x9d]][0xcf]&[0x13][0xe3]ILN[0xc4][0xa8][0x19][0xed][0xbd][\n]"
05:56:02.457 [main] DEBUG org.apache.http.wire -  >> "[0xf4]G[0x8c][0x86]YR[0xbc]J[0xd1][0x87]`[0xaa][0xc3]P[0xd9][0xdb]6[0x8d][0xfe]k[0x5]X:'[0x17]e([0xad][0xdd][0xed][0x1]kR[0x9][0x3][0xf5][0xfb][0xdc][0xb2][0xfb][0xc0](A[0x9a][0xaa]u {n[0xe1]q[0x94][0xa8][0xa7][0xe6][0xaf][0xba][0xfb][0x0]n[0xed]E[0xb5][0x1c]z[0x12][0xd4]~[0xe9]2[0xec]6S[0xf2]:[0x9d]Lt[0x13]_[0xc9][0x84]{[0xc][0xb3][0x16][0x94][0xcd]6[0xed][0x8d][0x9e][0xcd]q[0x5]2[0x17][0xad][0xe][0x8f][0x9d][0xc4][0xb2][0xfc]h [0xed][0xfb][0x87][0x94][0x4][0xd6][0x86]p[0x86][0x1][0xdc][0xd8][0x0]Z[0xce])[0xe6]P[0xf5][0xd2][0xf5]&P[0x5][0xf6]MO[0xc6][0xc0][0xd2][0xd4][0xa8][0xbc][0x81]+[0xee][0x89][0xaa]k[0xe9][0xf6]P[0x3][0xb4][0xee][0xad]W[0xee][0xab][0xb6][0xf4]Z[0xb8]1[0xde][0x7] [0x10]#[\r][0x1d][0xb6][0xb7][0xa2][0xf9]79[0xb1][0x89]0[0xc3][0xa6][0xe7]t[0xed]4[0xa5][0xed]Njv[\r]R[0xfd]p[0xd0]6[0xc1][0xd0][0xda][0x1f][0x8e][0x15]A[0x8d][0x89][0x1f]}:[0xfc]5/[0xc4][0x9c][0xad]9[0xff]W[0xe3][0xd3][0x92][0xd4][0x19][0x88]p[0xac][0xf3]c;[\r][0x7][0xe6][0xfc][0xdb][0xc7][0xcb]@[0x13]\[0xfa]X[0x0][0x15][0xed][\r][0xcb]P[0x88]9[0xff]c4[0x85][0xfa]^[0x8c][0xb2][0xf0]=[0xa3]X2[0xcf][0xf1]+y[0xff][0xd1][0xa7]o [0xf6][0xfd][0xcb][0x7][\n]"
05:56:02.457 [main] DEBUG org.apache.http.wire -  >> "d[0x97][0x4][0x8f][0xf3].x0[0x1e][0xd0][0x2][p[0xe5]M[\n]"
05:56:02.457 [main] DEBUG org.apache.http.wire -  >> "Q[0x8c][0x1b][0xb3][0x8a]|[0xa3]\'+[0x8]([0xba]R[0xfa]=.[0x99][\n]"
05:56:02.457 [main] DEBUG org.apache.http.wire -  >> "[0xf]5[0xf7][0x14][0x82][0x13][0x82]`[0xb5]"m[0x1f]s[0x90][0xb2][0xc8][0x8c]N[0xdf]W[0xdf]i`[0x1c]n[0xfd]9&[0x9b].'n[0x9b][0xf7]8[0xd7][0x9f][0xb2]hI;[0xad]:A[0xbc]n0[0xb5]'[0xb8][0x80][0xb][0x8c]2[0x1d][0x91][0x96][0x2]JW[0x95][0x84][0xd8][0xd1][0xc])`;[0xc4][0xca][0x96]C[0x1f][0xc6][0xe7]s[0x9d][0xb6][0xfa]<[0xdd]k[0xc1][0xc4][0xf4]T/\s[0xf6]2[0xcc][0xd4][0xe0]/e[0xf0][0xdf][0xa1][0xf2][0xc7][0x8a][0xe7]mV}[0xdf]Y?\8[0xda]z[0x97]n[0xef]hE*[0xc6]B[0xc3]`[0xe8]6[0x2]D[0xc4]([0xa3]S[0xe3][0x2][0xdb][0xca][0xd5][0xa2][0x9f][0xd1][0xc6][0xc][0xac][0xd6][0xc6]'[0x94][0xeb][0xc4]`[0xfb][0x9c][0xde][0x90]>[0xe7]0"[0xed]R2[0x80][0xa1][0x16][0xcd][0xaf]OV0[0xc6]";[0x9e][0x6][0xed][0xed]([0x0][0xf4][0xbe][0x5]:[0x91][0xe6][0x15][0x96][0xb0]8[0x9d][0xa6][0x1b]G[0xd9]7[0x18][0x1][0xb4][0x19][0x0][0xf6]6[0xb4]&[\r][0xc1][0xe0][0x8e][0x9b][0x1][0x97]dc[0x80][0xa4][0x17][0xb3][0xcf][0xe3]d[0x1f]R(}D%[0xf4][0xec]{[0xf3][0xe6][0x8c][0xf6][0xbf]9G[0xab][0xc][0x91][0x99][0xa7][0x8c][0x10][0xd3][0xb][0xbd]ta2[0xf2]u[0xd2]Z%e[0xa0]="V[0xc1][0xcd][0x9f]8[0xac][0xd7][0xba]*[0x7]# {[0x9d][0xce]-[0xbe]r[0x16][0xe3]S_}[0xe1][0xf3][0x15][0xdc][0xca][0xf7]-[0x1f][0x18][0x90]=[0xf8][0xfc][0x1f]<q^[0xb0][0xcf]i[0x8b][0x8c][0x11][0x85][0xfe][0x88][0xa0][0x92][0xb0][0xe4][0x82]t;*[0xd3]-[0xa8]\[0x14]n_m[0xe9]t[0x90][0xbe][0x93][0x97][0x6][0xc5][0xbb]z$F[0x86][0xf4][0xc8][0xc],1[0x4] [0xb7]p][0xc4][0x11][0xf][0x80]*[0xf6]D[0x95][0xd8]cbl[0xcf][0xd0])[0xe8]YY[0x9c][0xab][0x8e][0xc3][0xa6]XY[0xda][0x98].[0x9d][0x9f]"F^[0xd9]c[0xa4]<[0x2][0x7][0x8b][0xdc]J[0xcd]9[0xaf]>[0xcf]Q<[0x98][0x15][0x88][0xf5][0xd2][0x8]S[0xd2][0xb9]zU3[0x97]=[0x9]g[0xb4][0xd2]<R[0x1][0xc][0xe3][0x8c]]1[0x83][0xaa]1[0xe7][0xe0][0xc]B[0xff]k[0x89][0xce][0xf2] [0xe][0x8a][0x7][0xa0][0x11][0x92]14[\r][0xcc]b[0xef]t[0xb7][0x3][0x12][0xb2][0x94]{?[0xb4]TG[0x99]R[0xf9]C[0xab][0xc0]o[0x96][0xf1][0xa7][0xe2],[0x9]:[0xe9][0xdc]rw,[0x0][0xb8][0x99][0x4][0x2][0x4][0xc4]U[0xe1][0x5]S[0x9f][0xc4]Y[0xf4][0x9c]\[0xe6]1A`[0xfe][0xc5]2NL[0xdc]q[0x80]1DW[0x3][0x92][0x8b](5[0xe8][0x18][0x1c][0x9c][0xb2]^[0xb8]^[0xa9][0xc]#5}[0xdc][0xcb][0xfa][0xad][0x80][0xa0][0xfb][0x4]$[0xd7][0x83][0xa7]8so[0xf9][0xd3]+[0xaf][0xe7]S[0xce]9[0xf0][0xcc][0xcb][0x2][0xa9];[0xce]L[[0xb3]w[0x18]7[0x1f]7y[0xe6][0xd6][0xaf][0xdd][0xe9][0xce][0x83]q[0xd8][0x95][0xc3][0xe6]lA6[0x93][0x11]ff[0xb]`M[0x98] G[0xcd][0x84][0xed][0xe7][0xbf][0xff][0xda][0x9f][0xc4][0xcf][0xbe][0xf8][0xf7][0xfe]W_[0xc3][0xad][0xbc][0xad][0xf2][0x81][0x1][0xd9]'[0xef][0xff][0xcb][0xbf]z[0xa6][0xa0]~[0x82][0x10]p[0xf9]S[0x1e][0xba],[0xd6]X[0xff]fP[0x7]6:$[0xe9][0xc2][0xe8][0xef][0x9d][0x12][0xa4][0xdb][0x9e]a@[0x18][0x6]DB[0x87][0xbd][0xcf][0x8a][0x99][0x1][0x8b][0x86]7.H[0x9e]G[0xdb]_[0x93]=[0xb0][0xcc][0xaa],[0xfb][0x1][0xb8][0xee][0xa9][0xf]6uDm[0xec][0x9c][0xdd]K[0x9a]T&[0xfe]r.[0xfa][0xd0][0xf4][0xc3]g[0xc7]s[0xe4][0x9]ho[0xd6][0x14]Ni[0x9]v[0x8e][0xd5][0xfb]i[0x99][0x86][[0xfe]>[0x3]i[0xcb]+[0xde]F[0xcc][0x90][0xe4]-[0xdd][0x93]~[0x12]C[0x6][0x3][0x96]'([0xc][0xc2][0xe][0xb5][0xe7][0xf2]&[\r][0xdb][0xcb][0x82][0xf1][0x1e][\n]"
05:56:02.457 [main] DEBUG org.apache.http.wire -  >> "[0x13][0xe3]8F[0xa4][0xb3]m[0x8b]~[0x17]{[0xb][0xbf]7*[0xfb]>&R[0xa5][0xba][0x15] G?[0xba][0xf7][0xa9]L8[0x93][0xc1][0x8c]w>[0xde]zE{[0x13][0x8d][0x17][0xde][%[0xe6]*S[0xac]WVz[0x10][0x8]9[0xf1]ljx[0xc])[0xc9]tQ[0xae][0xee][0xb2][0xa5][0xde]W[0xbf][0xb][\r][0xcc][0xff][0xe0]`[0xdd][0x0][0xce]=[0x1b][0xa6]][0x83][0xfd][0xca]n[0xd2][0xd8][0xc2][0x8c][0x91][0x0]oW[0xa9]{[0xc8]r[0x1][0x1c][0x18]k[0xb2]$J[0x19]XI[0xba]Zq[0x9d]Yv[0xac]G9[0xed][0xfb],[0xf][0xee]{[0xe]sa[0x8][0x9][0xf7]([0xf7]V[0x16]VZ[0x94]^[0xed][0x14][0x9b];[0xeb]_[0xfe];[0x85][0x83]L[0xf6][0x91][0x9d]y,[0xd5][0xb9]g[0x12]:[0xf3][0x7]E[0xd1][0xea][0xaa][0xc3][0x1f][0x8b][0xdd][0xbc][0xd3][0xeb]_x[0xed][0xfe][0xed]i[0x1d]?h[0x9]|[0x0][0xe5][0x92][0xe0][0x81]{[0x9f]xY[0xa7]U[0xa1][0xa2]Q[0x0][0x18][0x9e]e[0xf5][0xb4]v[0xe4]"[0xe5]U[0x1f]5[0x9d]1[0xc7][0xc6][0xfa]b[0x82][0x82]([0xbf][0x89][0xcb]4x[0x18]Z p$[0xae][0xa8][0x88][0xa1][0xcc]CP[0xc3][0x4][0xf2][0x8e][0xc9][0x1d][0xa8][0xa3][0x9a][0xdf]Pm[0xb6][0xa5]5[0x16][0xc9]`[0x19]C[0x9f]E\~[0xec][0x12]yu[0xbf]U[0xd0][0x3][0x83]S4[0x5]z[0x1d][0xc7][0xd9][0xbf][0xd9][0xf6][0x93][0xb5][0xfe][0xd6][0x98][0x8d]1[0x82][0x0]2O[0xf5]P[0x16][0x1f][0xef][0xb1][e[0xd2][0xe3][0xe][0x93][0xcb][0xa1]_[0xb4]2[0xe3][0x88],[0xa9]d[0xd6]9LB[0x3]B[0x9e][0x1c]B%[0x14][0x94][0xc9][0xa5][0xfd]-S[0xca]D[0xf1][0xe][0x93]"Z[0xf9][0x11][0xad][0xc2][0x93][0x2][0x9c][0xee]D[0xf7]3q[0x19]n[0x95][0x19][0x16][0xc8][0x1c][0xe7]U[0xb2]@[0xcb][0xa5][0xc4]l[0x1e]X+[0xc8][0xc5][0x13]1[0xb9][0xa7][0x8d][0x1b][0x9e][0x0][0xc1][0xb5]Gv[0x1f]2[0xe4][0x16][0xe0][0x19][0x80][f[0xa1][0x81][0xc0]=[0xab]e[0xbb].[0x1d]H}[0xfa][0xaa]B[0xce]O[0x8a][0xa4]h{bd*[0xe1][0x1c][0xaf][0x5][0xf7]St,3[0xac][0xd9][0xa4][0x9c][0x81][0xf4][0xc]a[0xcd]Ug[\n]"
05:56:02.458 [main] DEBUG org.apache.http.wire -  >> "[0xda][0xfe][0xca]r[0x94]G[0xa6][0xfd][0xb1][0x80]e[0xdb]F[0xeb][0xb9][0x9b][0xb1]U}h[0x9d]G[0xf6][0xe][0x98]k[0xfd][0xe5]-[0x7][0xb5][0xa8][0x15][[0x8f]Y[0x5][0xc0][\r][0xf1][0xb9][0x9e][0xd3][0xbf]0)[0xf4]*{~[0x18][0x97][0xff][0xf2][0xee][0xd9][0xaf][0xfe]?[0x9f]~[0x6][0xb7][0xf2][0x3][0x97][0xf][0xc4]#[0xdb][0xee]}[0xe2]s4[0x8c][0xc6][0xce][0xf3][0x8d][0xd1]&P[0xb6][0x92]s^[0xde]c@e0[0xb5]f[0xbb][0xc3]B[0xda][0xeb][0x14][0xe8][0xf5][0x81][0xa4]W[0x90][0x1d]7[0x89][0x1e]D[0x12]@[0x1a]B[0xaa]gZ[0xd4][0xc9][0x10][0x9a][0xba][0x8d][0xab][0xb1],[0x83][0x1a]U#O[0xa9][0x93]NL[0x91]Fzz[0xfa][0x94]&[0x1a]O[0x85]D[0x99][0xcb]a+-Y[0xda][0x95] ,[0xcb]4[0x4][0x87][0x1d][0xdf][0xa2][0xfd][0x9f][0xb1][0xa4][0x98][0xf3][0xa7]l[0xa2][0xe3][0xe]9[0x19][0x9e]-[0xa4][0xfa][0xd6]<[0x89][0xb0][0xd1][0xd1][0xf4][0xe4][0x8d]T[0x8b][0xc5][0xd9][0xc9])[0xbb][0x1c][0xd3][0xc][0x5][0x81][0x18][[0xcb][0x80][0xcd]!3Mg[0xab][0xd6](y![\r]-[0xe2][0xe2][0xe3][0xa4][0xc8]L[0xaa]9h8[0xc][0x19]W%[0xfa][0xf6][0x9]y[0x85]l[0xcb][0x92][0x2]Z[0xd7]L|[0xcc][0xd2][0xfc]G[0xe][0xe8][0xc1][0x8c][0x1e][0xef][0x17][0xa7]v[0x85]4$m[0x9c][0x85]&[0xd5][0x80]G[0xc2][0x89]U[0x9a][0xee][0x5][0xcc][0x5]W[0xd7]&-[0x92][0x4][0x84][0xb][0x18][0x1f][0x8b][0xef][0xf5]y[0xc0]<[0xba][0xa4][0xc]@[0x8a]3\?[0x17]U[0xab][0xad][0xd3]W[0x1c]JP[0xb6][0xa4][0xfb]2[0xed]${[0xc5][0xf6][0x92]r[0x14]8[0xf1]R [0x16][0x10] [0xd6]Q%[0xdd][0xd7]q[0xa8][0x80]K"[0x94][0x80]1b[0x9b][0xfe]R [0x16]t[0x1d][0xc1]y[0xc6][0xc2]a@ V[0xe4][0x8f]Q[0xf5]}[0x86]m[0x9f][0x15][0xb6][0xe6][0x1d][0xe7]?[0xfc][0xa8][0x9a]a$6 [0x9][0xbe][0xcd][0xc][0xd4]w[0xe7][0xbf][0x9f][0xbd][0x81][0xd8][0xf]_[0x2][0xef]s[0xd9][0xd3][0xed][0xef][0xed][0xe9][0xf6]f@^[0xde][0xa5]6[0xfd]V\_[0xb4][0xa5]y[0x18][0xa3])[0xde][0xed]p[0xb][0x17]Zi[0x8b][0xe9]_[0x14]O[0x1b][0x99][0x87][0x84][0x8c][0xf6]j[0xd2][0xae][0x9f]KV[0xcc]4[0xfd][0x88][0x89]/@^[0xc7][0xbc][0xef][0x4][0x10][0x19][0xaa][0xbc]![0xb4][0xc1][0x86][0xb7][0x6][0xb8]G&k[0xb9][0xd4][0x8][0xf5]6$[0x1f][0x1b][0x87]`[0xc1]x[0x93][0xec][0xf6]g[0xc2]S[0xdb][0xe4][0xe8]Vm_[0xaa]>y[0x99][0xfa][0xb8][0xcc]h[~[0x9a]bi?fxw[0xac][0x13][0xc][0xbc][0xd2][0xc][0xfc]V#[0x94][0xa5][0xbc][0xb8]\[0xe4][0x9a][0xac][0xc9]g[0xf8][0xc9];[0xc3][0xe2][0xb5][0xa9][0xab][0xa6]j[0xc6][0xca]o[0xb0][0xac]/e[0x1];[0x18][0xb9]i[0xde][0xc3]l[0xeb]Y5r[0xbf]][0x82]S[0xef]>[0xc6][0xb2][0xf7]Y[0xf9][0xf5]t0\[0xce][0xf2]z)[0x19][0x8c]g[0xaa][0x1d];{hcZ;L6\n[0xe1][{[0x8c]&Y[0x7]=[0xba]C[0xed]U[0xf4][0xfc][0xf5][0xf9]R_^[0xa0]a[0xa3]5[0x13][0xf6][0x99]o[0xbb]Xd[0x8f]+[0x2][0x4][0xe6]Q[0xd3][0x1b][0xb5][0xd8][0x1c]l[0x3][0xc1][0xbc][0xf2][0x96]I,[0xfd]pM[0xa0] [0xe4][0x18][0xbf][0x3][0x9c][0x93]B[0x9f]f6[0xe1][0xe0][0x5][0xcb][0xb][0x87]X[0x8d]k[0xf][0xed][0xe0][0x9d][0x9]v[0x11][0xcb]w[0x8b][0xa7]W"[0xb4]u[0xc8]^'[0xc4]d[0xb3]n#[0xfb][0x88]W[0xce]/[0xe1][0xab]/<}K[0xea]x[0x7][0xe5]}[0xf7][0xc8][0xf2][0xfe][0xfd][0xcf][0xa3][0x9f][0xf4]0:[0xc5]7E[0x92][0x93][0x86]6[0xc3][0xe2][0xf9][0xf0][0x10]g[0xef][0x99][0xb0][0x1d][0xa4]*[0xab]o[0xa6]{[0xab]p[0xa4])# [0xa2]~Mn[0x8]F[0xb9][0x17][0xeb][0xb9][0xc1][0x17]WZ;,n[0xa5]?[0x8a][0x5][0xb4][0xf2]Y2[0xf9][0x10][0xb0][0xc7][0x9][0xb4][0xf][0xd8][0xda]`[0xd4]`zS[0xf2][0x98]Xo[0x94][0xb9][0x5][0xbb][0xda]+[0xdd]mH*[0x92]8[0xa2][0x1b]_[0xc6]X[0xea][0xf3][0xed][0xe2][0x84][0x1d]nU[0x98][0xbf][0xd2][0xeb][0xa6][0xf3][0xdb][0xb7][0xd2]ZYP[0xb]A[0xaf]9[0xc2][0xfa]#%\[0x9a][0x8a][0x8f][0x1a]+[0x13][0xc0][0xe3][0x1f][0xa5]l[0x4][0xfa]pS[0x1a][\n]"
05:56:02.458 [main] DEBUG org.apache.http.wire -  >> "[0xe4][0x8f]r[0x89][0xfd][0xe6][0xbe]-[0xe4]__[0xea][0x9f]BO[0xfe][0x98][0xdc][0x9f][0xe4]gZ[0x8e]i[0xd3][0x94]|[0xd0]K[0x8][0xe4][0xc1]X[0x18]`[0x8c][0x6][\n]"
05:56:02.458 [main] DEBUG org.apache.http.wire -  >> "[0xbf][0xce][0xf6]0[0x8]Si[0xb2][0xb5][0x8c][0xf4]no[0xe3][0x8d][0x2][0x7][0xcb][0xbe][0x9c][0x8e][0xf4][0xf0][0xa0][0xd6]@[0x3][0x84][0xd3][0x9b][0x1c]yM[0x1f][0xe][0xe2][0x81][0xa3][0xa3][0xa4][0x6][0xa5][0xfc][0x3][0x10][0xfe][0xec][0x9f]S&^[0xda][0xc1][0x98][0xd8][0x1e][0x96][0x84][0x8b]d[0x1d]rg[0x4][0x97][0xf5][0xfc][0xe7][0xe1][0xfc]+t[0x14][0xa4]![0xa7]_y[0xee]R[0x3]F'k[0xd2][0xc7][0xe3][0xd9][0xe7]?[0x8f]G[0xd7][0xbd]2[0xbf]%[0xa3][0xc6]]1[0xb6][0xab]97&[0x3][0xab][0xc][0x95][0xc3][0xc2][0x89][0xcf][0x12]v,[0x16]c/s[0x82]/[0x9f]w[0xe9][0xa7]o [0xf6][0xce][0xcb][0xfb][\n]"
05:56:02.458 [main] DEBUG org.apache.http.wire -  >> "d[0xfb][0xf3][0x14][0x11]O[0xd5];[0xd7][0xf9]1[0xde]Yg[0xc3]I[0x83][0xec]ur[0x8e]/[0xf]'[0xc][0x83][0xb4]y[0xd2][0xc8]$[0x10] [0xca]h[0xdc][0x98][0x8c][0x5]Ya[0x2]7S[0xd4][0x82][0x87][0x8e]#[0x4][0xf5]" [0x97][0x9][0x7]N[0x81][0xfd][0xcc][0xd8][0xca]$$[0xe5][0x91][0x1a][0xde][0xd4]![0xa8]*[0x83][0x8b]}3[0xab][0xe1][0xd0][0xc1]"[0xb3][0x8][0x97][0xcd]~C[0xf4][0x80]K[0x9d][0x95]H[0x13]U[0x9a]2][0xca][0xea]}P[0xf6]W[0xc5][0xef]-[0xeb][0x9a]5[0x8c]Y[0x96] [0xbc][0xf1]V[0x4][0x8c][0xd7]K[0x1c][0xa0][0xa9][0x9a][0x6][0x84][0xd6]G[0x1b][0x1c][\r][0xc1][0xed]!P[0xe7]R[0xe5][0xcd][0xac][0xf5][0x99])o[0x8d][0x7][0x97][0xa7]mH([0x18][0x8f]L;[0xa3]?[0x16][0xdd]3ZUk\[#rY[0xb]X[0x8c][0xb][0xab][0x2]E[0x3]n.W4}[0xbb]`K[0xf]5[0xb4][0x1f][0xc2][0xbe][0xed]d[0xe][0xe4]b[0xd9][0xcf]}c[0xac][0x15]w[0x80][0x86][0xbe][0xc5][0xa1]L[0xce][0x84][0xc4]6+[0xaf]yU[0xc5]e[0xfc][0xe1]I4+][0xda][0xb4]yk[0xf6][0x6]Z[0x4][0x16]0[0x17]&[0xf][0xe0]8[0xdd][g[0xdd]W9[0xdc]4[0xe0]J[0xb]dy=[0x8d][0x6]u[0x82][0x95][0x86][0x9c][0xbe][0xb2][0x99][0xf5][0xd4]Z5[0xf6][0xd6][0xb7][0x4][0xd6]Z[0xed]1[0x8a][0xda][0xbe][0x19]zy[0x4]-[0xaf][0xbd]?-[0xc3];[0x97][0x84][0x99][0xc4][0x9c][0xff][0x91]f[0xaf]w[0x9d][0x84][0x17]^;[0xe5]_|[0xe9][0x85][0xa7]_[0xc1][0xad][0xbc][0xe3]r[0x1f][0xef]c[0xc9][0xd3][0xbd][0xcf][0xb5][0x19]o[0xbb]M[\n]"
05:56:02.458 [main] DEBUG org.apache.http.wire -  >> "8z[0x1f][0xaf][0x87][0xb0])8n[0xad][0x1c][0xff][0xbc][0xf5]L5[0xb2][0xb7][0x1][0xd2][0x3][0x3][0x16][0xcd][0xe1][0xed])[0xe1][0xa5]8[0xe7][0xe7]&xJ[0xfb])[0xb5][0x18][0xaa][0x8f][0xe6][0xb2][0xe8][0xb3][0xb6]wc[0x92]2b[0x94]m[0x8f][0xa4][0x86][0xab]y[0xcc]@[0xd2][0xe8][0x90][0x9a]RD[0x1c]R[0xf5]w[0xed][0x18][0xb][0x5][0xd8][\r][0xce]a[0x9e][0x6]W[0x94]k[\n]"
05:56:02.459 [main] DEBUG org.apache.http.wire -  >> "r[0xd5]_g[0xf][0xc7]bc[0xb3][0x6][0xa6][0xc9][0xb3]O[0x9f][0xc7][0xe1][0xcc][0xeb]0[0x8d][0xdf][0xdd][0x92]3y[0xd7][0xcb]S[0xad][0xdf][0x1d]%[0xc8][0x18]m+[0xf0],[0xd9][0x4][0x9d][0x94]B`[0x94][0xd2]I[0x19][0x1d]rnR[0xab][0x1a][0x92]"
05:56:02.459 [main] DEBUG org.apache.http.wire -  >> "C[0x1a][0xc5][0x16][0xe6]I[0x95][0xe2][[0xd1][0xd9],[0x1f][0xf5][0xb1]?b*[0xae]h^[0x93]m[0xc7]K[0xaa][0xdb]Q[0xa0][0x6][0xda]>[0x8e]U[0x2][0x19][0xd7][0xee][0xcf]8g[0xb]f[0xf4][0xbe][0xd4][0x6]m[0xa5]=[0xac][0x1c][0xa7]<4[0x1c]w[0xfd]x[0x1c]q}[0x86]f[0xca][0xc9]N[0x86][0xfe][0x1b]=[0xeb][0xac]+E[0xdb][0x93][0x1f][0x10][0xe8]{[0xf3][0xda]C[0xe3][0x89][0xb][0x89]V[0x9]B[0xdd]P[0x88][0xba][0xd5]6[0x87]>[0xeb][0xe5]k9[0xad][0xf5]9&3[0x1c][0xfa][0xfc][0xcf]^[0xe5]F[0xe4][0xbe]Y[0xd7][0x95][0xeb]?a[0x8a][0xcb][0xb7][0xdb][0x98][0xba][0xc9]L[0xa0][0xad][0x8f]t5[0xb4]m0*[0xb0][0x97][0xa6][0xc5][0x2]"[0x93][0xc6][0x82][0xfd]a[0xcf]w[0x81]}[0x8f][0x5][0x9d]pMp[0xbb][0xd4][0xfc]wn[0xf1][0xb0]w[0xb7][0xbc]o[0x1e]Y=[0xdd]>[0x1f]\^[0xc7]b[0xc3]R=K[0xeb][0xf3][0xf3]Q[0x16][0xd0])[0xe9][0xf7][0xdc]W[0xc][0xf][0xe4][0x1c][0xc2][0x9c][0xc][0xa7][0xd9][0xbd]![0x8d][0xe7][0xd6]`}[0x4]x[0xf2]Cs#[0xa1][0xf6]1[0x7][0x9d][0xe0][0xb3][0xd2]9[0xf3]J[0xdf]7[0xe0]][0xde]o[0x9b][0x9d]h[0xb4][0x85][0x8],[0xe8][0x92][0x7]d'[0x1c][0xa6]p[0x87][0xf5]`[0xae][0xe9][0x91][0xee]k[0xe1][0xc5][0xcc]U[0xe3][0xe]S[0x19][0xb9][0x80][0xd3]x[0x92]E[0xf7][0xe6][0x2]|9[0xed]m[0x7]`c[0x1f]H[0xb5]AyU"J[\r]x[0x97][0xae][0x13][0xec]z[0xd5][0x9c][0x12]^"D[0x1b]]#[0xa2][0x80]s^g[0xc3]{+e[0xb4]e[0x9f][0xda]?[0xd2][0xc4][0x9]x[0xac][0xe5][0x0]+[0x87][0xce][0xe2][0x8e][0xaf][0xe9]yH[0x9e][0x84][0xf5]F[0xd7]1PpH}[0x19][0x88][0x98]?[0xf5][0xfa][0xa2],[0xfd][0xb9]|[0x7][0xc5][0xa9][0xc9]l[0x9b]-[0xfb],~.[0xc9]11[0x8e]u,[0xc2]"[0xe0][0x5]+[0xc7][0xb2][0xef][\r][0x1][0xaa][0x99][0xa3][0xe4]G)[0x8b][0xc2];[0xf5][0xb1]*[0x8f][0xf5][0x90][0x85]N[0xc0]p[0xa3][0x88][0x9]1[0xf2][0xd2][0xaf][0x8a][0xbc][0xac][0x1e][0x8a]0[0x1e][0x3].5[0x86][0xf5][0xe0]e[0x1e][0xbd][0xe5][0x1]B[0xb6][[0x1b][0x85][0xdd][0xe6][0xaa]d$[0xa7][0x13][0xa5][0x95][0x95][0x5][0x92][0xb3]}[0xa7]e[0x1c]Aj[0xd4][0x84][0xd6][0x9b][0xc0][0xca][0x8e][0xc2][0xef]e=+[0xdb]o[0xe4][0xe5][0x99][0x89]7[0x10]{[0xd7][0xcb][0xfb]G-[0x9e]N[0x9f][0x9b]C4[\n]"
05:56:02.460 [main] DEBUG org.apache.http.wire -  >> "[0xd2][0x3][0xff]*[0xbc][0x91][0xf6]J[0x13][0xcc][0x9e][0xee][0x86][0xc]JNG[0xf3]Im[0xed][0x1b][0xac]3[0xf][0xeb][0xe2][0xa6]/;[0xeb].D[0x99][0xad][0xd4][0x9f](4[0x10][0x3][0xfa][0x94][0x9],[0x8][0x0][0xae][0xbc][0xe6][0xf0][0xed][0x87][0xe2]D[0x8b]2[0x17][0x0][0xc9][0xf0][0xd0]V[0xd8]\[0xa8][0xae]Cc][0xae][0xa3][0xd2][0x99][0xfa][0xa6][0x8c][0xe6][0xb0][0xa9][0xb3][0x93][0xc0][0xa9][0xbc]F[0xe9][0xbc][0x8e]yhQ[0xd8][0xad]g[0x85][0xb5]R[0xba][0x1c]B[0xb9]P4[0x4][0x2][0xa2]Aw[0xb0]*#[0xa3][0xe9][0xda]RDm[0x18][0x8c]B[0xed][0x91][0x9]t[0xfa][0x9a][0x1c]>[0x89][0xb4]"[0xd7][0x0][0xba]k[0x82][0x2]gY[0xad]r[0xd1][0xcb][0xb4][0xe8][0xdb]{[0xa2][0xec][0xa9][0x1c]3[0xaf]t[0x1f][0x8e][\n]"
05:56:02.460 [main] DEBUG org.apache.http.wire -  >> "[0x8a][0xe0][0xe7]1[0x95][0x80][0xe1]H[0x1b]GCI[0xd2][0xda][0xce][0x86][0x8a]8[0xec]W)Ry[0xa2]1[0xb4][0xe2][0xf4]z[0x5]$[0xc][0xa3]F[k4Z[0x6][0x94][0xe7][0xf2]}[0xfe]#[0xc7]SCp}[0x17][0xbe]CW[0xba],r[0xf1][0x84]g[0xd8])E[0xed][0x82][0x91]g*=[0x9d]C[0xdb][0x16][0x8][0xcc][0xc4][0xc6][0x8][\r]Ru  [0x85][0xd9][0x87]i3[0xee]sc[0x14][0xa7]<[0xad][0xfe]v[0xc][0x87]CL[0xcb]F[0x1d][0x1e][0xa0][0x8a]>v[0xfe][0xf9]U[0xea][0xa8][0xf7][0x18][0xe7][0xe0][0xad][0x14][0x87][0xc0][0x1e][0x2]gyz38u[0xb9]o[0xf3][0xa1]-/[0xef][0xbe][0xf6]([0xf2]g[0xcf]T[0xe2][0x17]p+[0xef]zy_[0x80][0xec][0xe2][0x8d][0x9d][0x17][0xf5][0x1]w%w[0x83][0x9f]][0xd7][0xf2]8[0xc4]tF[0xfd][0x96][0x15][0xec]Vs[0xe7][0xc5][0xb][0x8c][0x10][0xb1]*[0xab]t[0x8b]N[\n]"
05:56:02.460 [main] DEBUG org.apache.http.wire -  >> "[0xaf][0x0]H[0xa7][0xc6][0xab][0xbb][0x11][0xd6]~[0x15][0xa8][0xc8]jw[0xd6]x[0xb2][0xff][0xcd]i|[0x90][0xb2][0xf][0xef]~Hc>[0xcb][0x6][0xd1]5Sr[0x91][0x9]([0x9b][0xec][0x99][0x15]_e[0xa8][0x87][0xab][0xe2][0xdd]f[0xc9][0x84]c[0xe6][0xe3][0xa2][0x86][0xa2]4q.1[0xb2]F[0x98]\[0xf2][0xb2]%C[0xb9]P[0xd6]a[0xc7][0x83][0xba][0xc9][0xf1][0x4][0xd5][0x1e][0x1f].<t%[0x1]![0x6]W[0xad][0xb3][0xd3][0xc4]Qr[0xd4]\L[0xa2][0x81][0x9a]3E[0xbc][\n]"
05:56:02.460 [main] DEBUG org.apache.http.wire -  >> "[0x82][0xb8]vd[0x85][0x92][0xdf].|[0xd4][0xc4]X[0xd3][0x14]7?[0xdb][0xc7]a[\n]"
05:56:02.460 [main] DEBUG org.apache.http.wire -  >> "?[0xdb][0xbd][0xec][0xf1][0xb7][0xae]d:?1[0xaa][0xf7][0xd7][0x8c]I`[0xd8]1[0x19][0x1c][0xc4][0x8][0x8e]#[0x96][0xcf]([0xac](:[0xaf]|[0xc2][0xb9]0[0xe][0x80][0xb0][0x0]([0xbf]#[0xb8][0x83][0x8][0xc1]O[0x0]K[0xb]_[0x8e]K[0x8f]'[0x14]T[0x8b]q}[0xbb]o[0x7]p[0xb4],HO[0xa7]m[0xa1][0xc4][0xda]n[0x82]@[0xd8][0xf6]#l;[0x7][0xc7]Ucj[0xdd]Pc8[0xc9][0xea][0x8d]8[0x9c][0xff][0x99][0xf7][0x18][0x8f][0x9][0xdf][0x0][0xe9][0x8b]Z50[0xb4]j#|[0xae][0xae]j[0x98]Y[0x15][0xcb][0xc6][0xa5][0x91][0x94][0x6][0xa8][0xbc].[0xe2][0xca].[0xa9]}[0x82]|[0xf8][0x1a]v[0x10]{[0x5][0xb7][0xf2][0x9e][0x94][0xf7]'FV[0xb1]1[0xc6][0x91]&}[0x88][\n]"
05:56:02.460 [main] DEBUG org.apache.http.wire -  >> "+&!"j[0xe9]IO[0xcc]I[0x8d][0xf9]^[0x16][0xbd][0xc]+y%[0x2]3[0xc]P[0x84]{[0x16][0xa1][0xfe]3[0xc]o[0x8e][0x9c][0xb][0xdf][0x4][0xda][0x94][0xa3][0xca]/p"[0xf7]>f;[0x14]<[0xe9]pW[0xb7][0xa5]f[0x9b]n[0xcc][0xa4][0x85][0xad][0xae][0x93][0xa0][0x9e][0xe][0xc8]V[0xda]s[0xa4]f[0xc8][0xf0]9[0xb5][0xe1][0xba][0x1f][0xf0][0x8d][0x87]Y[0xc6][0xa9]M[0x85][0x1c][0x1c]%[0xb2][0xc0][0xb7]u[0xa6][0xb7][0xd1]1;HQX[0xfd][0x89][0x17][0xce][0x95][0x1e]_[0xa3]P;[0x8c][0x90][0x9c]r#m[0xe3][0xc4][0xf4][0xbc][0xcb]dC[0xcc]:[0x7][0x16]Z[0x19][0xa3][0xe3]g[0xfb][0x1c][0x8b]tz[0x98]}[0x91]\[0x1a],[0x1e][0x2]zl[0xb4]j[0xd8]@}4L-[0x19][0xaa][0xb4][0xb0][0xde][0xc4][0xe2]B[0x1a][0x18]m[0xa9][0x8b]~[0xe6][0xeb][0xf0]{[0xa7][0x86][0xda]n~[0xb5][0xd2][0x82]@[0x80]8L[0xa7][0xf7]o[0x92][0x91][0x8e]uU[\r]$A[0xb1][0xf7][0xe7][0xa5]X[0x19]7[0xbc]dC[0xba][0xd1]@[0x11]pA[0x8c][0x92]s[0x3]![\r]\f[0xbd]B[0x81][0x9f][0xfd]M[0x9f])5k[0xdb][0xac][0xce]G[0xaf]}[0xf7][0xd3][0x1e][0x18]CfjOs[0xa2]E[0xa5][0xf3]Y[0xfc][0xf5][0xac][0x1b]L![0xd4][0xbf][0xec]od[0x8f][0xf6][0xe8][0xf6]1[0x80][0xb1]9:^I[0xdb]7[0x87][0xba][0xc]n[\n]"
05:56:02.460 [main] DEBUG org.apache.http.wire -  >> "h0}#O[0xd0][0x98][0xe8][0xe9][0x96]aQ[0xbf][0xac]7[0xf1][0xe4][0xd9][0xeb][0xa0][0xf7]W[0xeb][0xfa][0xec]?x[0xe1]W[0x9e][0xc1][0xad][0xbc][0xa7][0xe5]=[0xf7][0xc8]vo[0xc][0xf8][0x9][0x2][0x8]A([0x80][0x83][0xa5][0x4]Y<c[0xd2]e[0x1c],T[0x8b][0x89]A[0x4][0xd4]r[0xb4][0xa7]f[[0xc9]A[0xa0][0x93]6[0xe8][0xc3][0xd2][0xf6]9,[0xf6][0x95][0xe3][0xe1][0x81][0x7][0xae][0x94]GEs[0xc6][0x8b][0xac][0xfe][0x93][0x86]Z`[0x92]48[0xa5]\h[0xc1][0x15]d9[0xc8]EE8[0x88]5[0xb4][0xa1][0xc9]1F8[0xa4][0xa9]KF[0xad]L[0xe9]$X[0xe7][0x1a][0xa3]yz{[0xbd]4[0x9f].[0xb0][0xbc][0x9]S[0x13][0xfb]B[0xf8]=dX[0xd2][0xe9][0xb9]FM[0x1d][0x96],<9[0x86]sg[0x6]X[0x8f]2[0xa5][0x15][0x11][0xb8][0xd2][0xdb][0xf2][0xbb]#[0x87][0xf][0xbd][0xa3][0x94][0xa4][0x97][0xaf][0xb4][0x92]K[0x9d]^[0xca]\[0x95]\[0x5]d[0xc2][0x1c][0xe8][0xa4][0x81]BY[0xcd][0xa6]j[0x0][0x82]yfK[0xf][0x94]3QM[0xfd]"[0xb0][0x8c]i< h[0x3][0xd6][0x96]l[0xdd][0x99]w[0xcc]3d[0xcb]E[0xca]GB;AG[0xe0]Z$i^m[0xcf][0x8f]\+[0xa6][0xad][0xee]#2V[0xf]f[0xa8][0xcb]8[0x1e][0xd3][0xa4]C[0x6][0x9b][0x0]e[0xd0]I7[0xac][0xcf][0x99][0xa7][0x1b][0x90][0xbd]V[0xbe][0x9d](Y[0xbd][0x19]Y- [0xd7][0xcc][0xa9][0x9f][0x17][0x1b][0xf1][0x8d][0x1e][0x93][0xd6][0x19][0xa4])[0x93]V[0x1f][0x0][0xf7][0xec][0x86][0x9e][0xe7]>[0x8a]qE[0x19][0x87][0x18][0x8f]8`[0xfb][0x82][0x9f][0x1c][0xc][0xd0][0xc4][0xd7][0xdf][0xc4][0xe5][0xfe][0xb0][0x1b][0x88][0xbd][0x1f][0xe5]=[0x7][0xb2][0xce]T[0xb4][0xa0]A[0xd6][0xf][0xa8][0xbb][0x99]W[0xdf]d[0x1d]X[0xbe]f[0x3][0xde][0x18][0xe6][0xe0][0xd6][0xc5][\n]"
05:56:02.460 [main] DEBUG org.apache.http.wire -  >> "[[0xa5][0xce][0x19][0xdb][0xe3][0xde][0x94][0xf9][0xc9]l(i[0xa9]&[0xf7]W[0xdd]G[0xf0][0xe2]}d[0xc1][0xf4]i[0x1d][0xb3],[0xda][0xef][0xda]s"[0xf8][0xb6][0x86][0x89]+k[0x8f][0xe3][0xb0]a[0xea][0xb0][0xc7]A1[0xf],Q[0xeb]V[0xbf]v[0xb0][0xc5][0xd1][0xef][0x2][0xd8][0xfc][0x12]l[0xe4][0xf8][0x8b][0xb][0x19]+[0xd1][0xfa],A[0x87]$[0xb8][0x8d][0xce]+[0xf9]5[0xa8][0xa3]c[0x8c]wi[0xda][0x6]p[0x81]tj`L[0x99][0xee][0xd9]n[0x93]T"[0x4][0xee]k[0x8e][0xeb][0xb7]L[0x84]J[0x1c][0x9e]$s-{[0x9b]P/[0xc3][0xf5]~[0x98][0xd8]K[0x99][0x19][0xcc][0xbc][0xb][0x1c][0x5]o[0xed]Ky[\r]ez[0xb0][0xae]R[0xe3][0x15][0xe5][0xb6].^{#[0xfd]+[0xcf][0x8d][0xf9][0x1b][0x14][0xf3][0x8a][0x85]6[0xec][0xd2]4f[0xb2][0xfd]U[0xfc]i[0xf5]W@[0xf3][0xeb][0xfd][0xf0][0xf4]8[0xa8][0x9b][0xa7][0xfe][0x18]G[0x2][0xae][0x4]m[0xce];C[0x8a][0x8a][0x87][0xa9][0xa1][0x14][0x8d][0xc6][0xb9][0x97]7tY[0xee][0xd3]xh[\r][0xe]I/g[0x99][0xd0][0x18]~[0xdd][0xfd]|[0xd3][0xff]NL[0x8c][0x80]fT[0xaa]W[0x84][0xad]j[[0x9][0xf4][0xd2][0xc3],[0xa8]C[0xac][0xce]>[0xe3][0xb9][0xd2][0xf9]H[0x93]K[0xb6]4[0xdf]b[0xf][0xee]`[0xf9][0x95][\r][0xdb]_[0xfc][0xc3][0x17][0x9e]~[0x1][0xb7][0xf2][0xbe][0x94][0xf7][0x14][0xc8]~[0xfa]o[0xff]g[0x9f]9/[0xec][0x83][0x8c][0xab][0x13]u[0xd8][0x4]9 [0xa5]}[0x87][0xda][0xb9][0x83]t[0xed]b[0xed][0x95][0xc6][0x98][0x8b][0xb1]x[0xa7]j{[0x9][0xf3][0xba][0xa8][0xb0]0[0x85][0xd9][0xea][0x9b][0xfc]Bv[0xaf][0xdd]^bI[0x0]Im[0xfe][0xde][0xe1][0x9][0x1c][0xa6][0xa0][0xc4][0x6]h.[0xe9][0x8c][0x95][0xbd]ZA[0xaa][0xe9][0x97][0xc6][0xab][0x1e][0xc7][0xa2]>l<9[0x3][0xf]7K[0xa7]f[0xc3][0x8a][0x81]XwcuZ[0x9e][\r][0xdc]%[0x95][0xa6]D[0xb5]Vt[0x88][0x8][0x9e][0xad]E"[0x96]F[0xdc][0x10][0x91][0x1]Pb[0x1b]0[0xe9][0xe8][0xbf]y[0xd0][0x6][0xde]K[0xea][0x99][[0xc6][0xf4]?[0xa4][0x4][0xf9]U[0x8e],C[0x8a][0xb6][0x95][0xb4][0xfc][0xcd]h][0x16][0xb0][0x5][0xbf]R[0xf8]RZ[0x85][0xe0]AF4[0x16][0xc5][0x98][0x8b][0xd8]Z[0xe6]X[0xe2]D[0xf5]M[0xc][0x8][0xcf][0xf5][0xa9][0xfb][0x8c]h8[0x10][0xb8][0x12][0xeb][0x98]\1[0xdb]<|[0xc2][0xc0]b/[0xa9][0x8a]<_L[0x9][0xd5][0x13]xq[0xad]1[0xbe]/[0xfd][0xfd][0x16]l[0xfa][0xfe]X[0x0][0xd6]@[0xd7][0xb]A)[0x87][0xfe][0x93][0xbb]V[0x16]L{A[0x4][0xa3][0xab]qB[0xc6]K#[0x98][0x9c][0xe5][0xf4]sf[0xb1]*[0xbf]^[0xb1][0xae][0x8c]EW\y[0xd0][0x91]Ga[0x8e].[0x9][0xdb];[0x96][0xe4][0x93][0xdc]Kzd[0xef][0xe4][0xc3][0xf9]g[0x9f][0x89][0xe7]_[0xc7][0xf6][0xe9][<[0xec][0xfd]-[0xef]i[0x8c],[0xef][0xc5][0xe7][0xda],[0x97][0xc5][0xce][0xc7]K[0xa5][0xe2]Bc'[0xc9][0x13][0xba][0xd3][0xfa][0x7]F1[0x13]0|Cc[0xf6][0xd6][0xc4]V2[0x94][0x9b][0x91]1a)[0xe2]e[0x95]0[0x8d][0xe8][0x8a]([0xb0][0x9a]k[0x13][0x9f][0xab]&.'g[0x89]=[0xf4][0x1c][0x15][0xd0]He[0xd0][0xcd][0xd7][0xc][0xe]t[0xe0][0xa4].9[0xa5][0x0][0xa5][0xbd][0x9c]F[0x95]hT[0x94]7[0x12]c[0xfd]7h[0xf8]LJ[0xb9]3[0x1b]S#^[0xc][0x7][0xcd][0xde]\[0xd1][0x93][0xc8][0xa2][0x13]I[0xc9][0x18][0x1e]0%Jk[0x84]@[0xba][\n]"
05:56:02.461 [main] DEBUG org.apache.http.wire -  >> "([0x8f][0x13][0x9d][0xeb][0xfb][0xfc][0x8b][0x82][0xa5]bo[0xbd][0x1a]=$%[0x96]X[0xdc]f[0x89][0xa7]PAkM[0x8]q[0x1d][0x97][0xe8][0x14]j[0x8c][0xf9]41I[0xbb][0xa6];[0xa6][0xf7][0x0]]\[0xbb][0x84][0xb1],[0x1c]6[0x81][0xe8]S-Cq[0x91]{[0x88]o[[0xd4][0x9b][0xc][0x9]z[0xc0]|[0xf4]Z[0xf6][0xfd]K[0x1a][0x7]F[0x81][0xf7]*[0xf7][0xa7][0xa7]$`F[0xac][0xe6][0xe0][0x1e][0x9f]i[0xe1][0xd6][0x1f][0xdb][0xcd][0xc6][0x4]L[0xbc]J[0xd4][0xea]>[0xc6]m[0xf1][0xa8]8[0x9f][0xd4]KR[0x86]A[0x90]o[0xf9]f[0xdf]ce[0x8]b[0xb1][0xb5]\[0xcc]&;[0xf6][0xbd][0x99].[0xe2][0xed][0xc7]3[0xa5]Q[0xbd][0xba]8[0x97]X[0xa6]d[0x8e]EF&[0x9f][0xc][0x1f][0xb6]]1m[0xd3][0xbc]PL8[0xa6][0xd5][0x9c][0xfa]1[0xfe]>[0xb7][0xcb]bpJ[0xbf]p[0xc3][0xf6][0xf9]7z[0xf1][0xd5][0xf3][0xeb]g_|[0xe1]W[0x9e][0xc7][0xad][0xbc][0xef][0xe5]=[0xf3][0xc8][0xf6][0xfb][0xc6][0xb6][0xb3]7[0xe6][0xc6][0xcb]$:[0x94]"[0xac][0x8d][0xd1][0x86][0x91][0xd0][0xcc]1[0xc9][0xe2]0I[0x0][0x4][0xbd][0xe][0x15]F[0x83][0xfb]5[0xcf][0x11]i>[0xf1]e[0x9d]d[0x90][0xe6][0xe9]io[0x8e][0xea][0x92]i[0x9e]}z[0xed]Z[0xa9][0xf6][0x8b]N[0xda][0xc6]X[0xaf][0xfb][0xc6][0x80][0xc9][0xe2]c\[0xea]t[0xca];[0x5]D?R[0x97][0xe7][0xc][0xdf][0x13])[0x1a][0xa7][0x2][0xdd][0xbe]k[0x1b]HS`[0x84][0x92][0xc5][0xeb]Q[0x91]:[0xa8][0xb3][0xc1]8[0xda][0x9][0x85][0x16][0x85]3i[0xef][0xfa]T{E^[0xb9][0x8d][0xb2][0xe9]A[0x94]r[0x9a]Xa[0xff][\r]Z[0x12]R[0xae][0xae]P[0x82][0x8d]&[0xbd][0x96][0xba][0xc8][0x94][0x1f]<y[0x80]8_zd@mb[0x1b][0x19][0xa1][0xfb][0x80][0xd2]z[0xa8] [0x7][0xe6][0x2]4[0x88][0x8d][0x8]([0xc3]}[0x88][Sqt.[0xd1][0xed]W?[0xb5] [0x1a]/[0x8e][0x6][0x8b][0xd6]%[0x17][0xa8][0x8]yd[0x9a][0xfd][x:[0xed][0x9][0xb4][0xbe][0xb4][0xe3]@[0x10]I,8[0x94][0xee]ID^[0xb5]V[!y[0xc6]N[0x81][0xc3][0xfd]_[0xa9][0xb1]@[0x14]$[0xc6][0xe3][0xc5][0x0][0x83][0x9f][0x17][0x9d][0xb5][0xda][0xb7]s [0xe6]*V[0x0][0xe4]5[0x8d]e[0x12][0xda] [0xdc]2[0xb6][0xc3][0x8d][0x96][0xa5][0xa9][0xa3][0xec][0xd7]>[0x10]<@[0x9a][0x9][0xf1][0x9d]cmos[0xbe]kf[0x3]W[0x8b]E9U[0xc1][0xb3]&[0xc5][0x92]2[\r][0xdb] [0xdb][0x86]cxe[0xcb]G[0xf1][0x6]b[0x1f]\y[0xef][0xa8][0xc5]{[0xf7]?'[0xef][0xc9][0xd4]&5P[0xc5][0x99]J[0x1b][0xb4][\n]"
05:56:02.461 [main] DEBUG org.apache.http.wire -  >> "muS[0x9a][0xcb][0xc0]L[0xc0]W[0x96]o[0x14]{[0xed][0x89] I#)@[0xa0][0xda]?[0x8f]8[0xd0]xu[0x8e][0xe9][0x81]E[0xb4][0x19][0x88]9[0xc][0x5]F[0x4][0x15]i[0xdd][0xa1]Ci[0x86]VEBH[0xd1][0x93][0xd9][0xa9][0xbd][0xfb][0xe4][0xfa]&[0xcb][0xe4][0xac][0x94]*"%[0xbf]f[0xfe][0x1d][0xe9][0xca][0xbb][0xf1]O[0xca]C[0xf6]e[0xf0][0xf4][0xed][0x7]Vm[0x97][0xb6][0x91]vUL[0xc2]dO[0x88]Q[0xdb][0x6][0xee][0xb2][0xf4]3a[0xa0]:z[0xeb][0xe4][0x19]_[0x80]Sa6X[0xe1]z[0xb]J[0x82][0xa5][0xd6][0xe5][0x7][0x3][0x86][0x90][0xea][0x11][0xe3][0x5][0x86]V[0xd0][0x1e]A;[0xb4][[0xf2][0x1e]&[0xa3][0xf9][0x2]t[0xbe]5[0xd6][0xea]:[0xd2][0x80][0xdf][0x14]V[\r]/0[0x1c]\2[0xbe][0x83][0xbe][0xe1]WwZ[\r][0xe7]8[\n]"
05:56:02.461 [main] DEBUG org.apache.http.wire -  >> "5[0x6][0xac][0xa6][0xb1]U[0xa6]{[0xb2]*[0xa9][0xf1][0xd9]SlS[0xe3]L[0xed][0x8c]E[0x98]C[0x87][0xf5][0xda][0x8e]G[0x92][0xf6][0xdd][0x80]l[0xe][0xa2][0x1c][0xb]{[0x93][0x85][0xb9][0xf8][0x9b][0xd1]c[0x1e][0x94]r[0xdc][0x85]![0x1][0xf7][0xf5][0xd2]*w7[0xe5]z[0x1d]Ze|lY+M[0xa3][0xac][0xd9]\[0x89][0x10]0[0x16][0xdc]k[0xc1]=[0x1e][0xc7][0x9e]Yw[0x1]3[0xaf][0x11][0x9e][0xa9][0x9c]R[0x17][0x92]G[0xaf][0x8f]&ek5L|[0xf7][0x15][0xad]J2[0x9f]}[0xdb]n[0xa9][0xf5][0x1f]pyO[0xa8][0xc5][0x9f][0xfc][0xad][0x97]?[0x95][0xdb][0xf6][0xe0][0xf2]: 3[0x92]g[0x8b]&[0xe8][0xe5][0xf9][0x87][0xa5]MG[0x95][0xe][0x19]EFC[0xdf][0xd8][0xe9][0x85][0xd1]*A[0xfc]3[0x8c][0xe4]5[0x10][0xa2]M[0xa8][0xcf]x[0xe2]-9[0xc3][0xcd]:*[0xdb][0xe5][0x9c]4[0xdc][0x96]e[0xa6][0x19]i|3[0xbd][0xa4][0xb6])L[0x83][0xf0]O[0x6]k[0x9b][0x9b][0x6][0x8e]I-hi[0xda][0x18][0xc5]3'[0x89]'/L[0x1c][0xe6][\r]X[\n]"
05:56:02.461 [main] DEBUG org.apache.http.wire -  >> "8[0xec] O[0x8c]mI[0x93]G[0x1b][0xe][0x0]Y27o[0x13][0xa2][0x81]G[0xe][0x95][0x82]8Tm[0xd9][0x4][0x93][0x8e][\r][0xa1][0xe]|~[0x1c][0x83][0x1][0xeb]P[0xa0]([0xca][0x9]C[0x15][0x9][0xf2]I[0xc5][0x5][0x8d][0x8f][0x15]+Em[0x8d][0xc6][0x1a][0x1a].l[0xbd]l[0x81][0xb3]$[0xd3][0xdc][0xad][0xe4][0xb4]hc[0x1]9[0xe][0x80]=[0xbb][0x14].[0x94][0x1c]ChC[YDD[0x8d][0xe9]2[0x82]m]Xo[0x98][0x9e][0x3])[0xb1][0x8a][0xdb][0x4][0x8c]}C{[0x9d]}[0x8d]%R[0x84][0xc9]|[0xa5][0x17][0x5][0x90][0xc9]3[0xb0]7[0x1d][0xc2]b[0x3][0xde][0xdd]8XhL}[0xa7]c5[0x0][0x91][0xed][0x9d]U[0xb7][0x8a][0x93][0xe5][0xc8]2[0x14][0xeb]\[0xdf][0x17][0xb8]g[0xf8][0xfa][0xd9][0x11]_[0xd6][0xa4][0xb7]Y[0xac][0xb2][0x19]G+8&[0xe6]g[0x11][0xad][0xc2][0xc7]*1[0x8c] SY[0x97][0x94]7W[0x93]g[0x6][0xa6][0xb9][0xc0][0xc9][0xf5][0xcb]W[0x1f][0xe1][0xd1]g_[0xfa][0xdd][0xdb][\r][0xce][0x1f][0x86][0xf2][0x9e]xd[0xf7][0xb6]|[0x6]E[0xf7][0x19]6[0x0][0xcb];[0xc5]xB[0xf5]h[0xa2]1[0xae][0xa5][0xc7][0xf3])[0x1b].[0xa4]}14[0xc8][0x95]R[0x9][0xcf][0xa4][0xeb][0xcf][0xea]r[0xf0]JKM[0xe6][0xa6][0xce][0xb1][0xa4][0x99][0xf0][0x81][0x1d][0x1a][0x13]c;[0xb7][0xa5][0xde],[0x9c][0xc6][0x3]K2([0xc3][0xb1][0x8d]6[0xb1]~[0xb1] y[0xa7][0xf2]_[0xae][0xef][0x9b][0x80]O][0xa1]|[0xb7][0xb7][0x98]S[0xe6][0x12][0x14][0x1b][0xcb][0x95][0x88][0x1e]|[0x1][0xf3]F[\r]m[0x7]W[0x94][0xb0][0xb2][0xd7][0xd8][0xe8]y[0xb0][0xbb]jg[0xac][0xdf])[0xd2]6.[0xff][0xb4][0xaf]S[0xeb][0x84] [0x95]5[0xf3][0xe8][0xd9] g[0x1]"[0xdc]C[0x9c][0x9][0xa5]hfK[0xf][0x1f][0xf][0xcd][0x12]B[0x2][0x1a][0xaa]1I[0xea]kE[0xe7][0xba] [0xea][0x7][0xe]s[0x14]]HCy[0xdd][0xfd][0x87][0x10][0xe1]X[0xdc],[0xdd][0xcc]_MNB[0xe6][0xfe]E@[0xd4][0x98]S[0x9d]Xe[0xa5][0xca][0x12]O[0xef][0x95][0xac][0x8f]Wo[0xac][0xdb][0x9a][0xdd]9[0x2][0xf3][0xb6][0xab]n[0x18][0xc][0x0][0x2][0xf8]\FAO[0x97]4"[0x1]t[0xad]R[0xf3][0xe3]v[0x8e][0xe5][0x8]u[0x9d][0xd1][0xf3]}[0xce]t[0x86]`[0x9b][0x96][0x7]&[0x14]*[0x8]}L[0x19][0x86]T[0xc1]P[0xba]-[0x99]1[0x10][0xf2][0xda][0x1b][0x9c][0xb7]C;k[0x83]X[0xcd][0x6]>[\r]M[0x9e][0xd7][0xc0][0xaf]S[0xaa]C[0xfd][0x8c][0x17][0xfb][0x95]-[0xef]=[0xf9][0xd2][0xff][0xe3][0x6]b[0x1f][0x96][0x12]x[0x97][0xcb][0xfe]{c[0x9f][0xf8][0xe4][0xcb][0xde][0x1]A[0x82]i[0xcf][0xe8]l[0xb5][0xfd][0xef]6[0xd4][0x8a][0x14][0x9c]yc:[0xbd][0xed][0x15][0xd4][0xaf]%[0x83]6 [0xad][0xb4]j[0xa0][0xde][0x1c][0xe8][0xc3]X[0x0]4[0x7]z8[0xc0][0xa9][0xb],[0xde]H[0xc8][0x90][0xcb][0x83]2L[0x9e][0x0][0xd1],[0xc1])x[0xdb][0xd6]V[0xde]1[0x97]c[0x9d][0xb5]([0xe6][0x4]z9Ku[0xc][0xcf]t}=[0xe5][0x8b][0xfe][0x85]hL[0xca][0xfb][0x92]x[0x3][0xb3]ts[0x5][0x18]o[0x93][0xeb][0x14][0x16]cB[0x8e][0xbe][0xed]~[0xa0][0xbb]Lc[0xff][0xcd][0xb5][0xc5][0xf3][0x83]+[0x10]S[0xe0][0x12]][0xb6][0xd1]x[0xa1]B[0xcd]px[0x13][0x5][0xe4][0x9c]U[\r][0xc2]R[0xeb][0xcd]0[0xea]5[0xbf]k"
05:56:02.463 [main] DEBUG org.apache.http.wire -  >> "[0xa3][0xd3][0xdb]:Z[0xe4]-[0xf]:[0xee][0x8b]l[0xdd]#0[0xaf][0x2][0xf2][0xb6]V[0xed][0xae]er[0x84][0xcc]<[0xac][0x9d]|[0x8]zm9[0x1b][0x8f]r[[0xf6][0x15][0xd7][0xca][0xdb]G[0xef][0xd9][0xe3]v[[0xf7]$[0xf7]+[0x1c]p[0x8f][0x9e][0xc7][0x9a]p![0x95][0xee][0xe3]PFD_[0x89][0xb4]5<[0xc8][0xfb][0xd2][0xdf][0xc5]P[0xdb]Vhk[0x16]/[0x15]X[0x18][0x9a][0xfc]@[[0xbb]1[0x90][0x7][0xf][0x8c][0xad]IV[0x8c][0xbf]5[0x91][0xbf],_b[0xfa][0x9a][0xb7]D[0xcd][0xa5],"[0xb1]yE<[0xf7][0xf][0xfe][0xc3][0xeb][0xb3][0xb8][0x95][0xf]Uy[0xf7]=[0xb2]O~[0xf2]s[0xed]S[0xa4][0x3][0x3]Oji([0xcc][0xd3]-[0xe][0x9e][[0x3][0xcf][0xe8][0xae][0xf4][0xb8][0x8f][0x7]i[0x92]V[0xe1]([0xad][0xa1][0xea]D_r[0xb3][0xa6][0x8f]$[0x86][0x5][0x1b]L[\n]"
05:56:02.464 [main] DEBUG org.apache.http.wire -  >> "[0x9a][0xf6][0x9d][0xc2]T[0x1b]>[0xad][0xbe][0x17][0xed][0xf3][0xa2][0xe]iVR[0x9][0xaf]'9[0xe0][0x13]r[0x1e][0x90][0x9f][0xd9][0x5][\r][0xbc]J[0x8b][0xc7][0xa2]H[0xc7]F-[0xf]m[0x0][0xd9][0xa7]nr[0x88][0xb9][0x1f].[0xca][0xcb]*o[0xa2][0xda][0x8f][0xb1]-[0xae][0xc][0xf1][0xb5]D[0x8f][0xa9][0xaf]k[0xa1][0xda][0x4][0xc3][0x8f]|w[0xbf][0x8c]n,dH[0xf9][0x85][0xd4]7[0xe7]}[\n]"
05:56:02.464 [main] DEBUG org.apache.http.wire -  >> "Z[0xff][0xb6][0xee]jo[0xcc]}[0x0][0x93][0xe0]Q[0xb6][0xb]LA[0x87][0x4]I}DF[0xb6][0xe2]n{[0xac]M1!yN2[0xb6]b][0xb5][0x11][0x83][0xea][0xee][0xad][0x19][0xc3][0xbc][0x85][0xf5]:[0xb2][0x88][0x83]4[0xc4]6[0xba]1[0x93][0x93]$[0xb4]xY[0xd5]e:[\n]"
05:56:02.464 [main] DEBUG org.apache.http.wire -  >> "[0xdd]QFH[0xc6][0xb2][0x86][0xfe][0xb5][0xb3]e[0x87][0xa5][0xe3][0xfa][0x2][0xc3]H[0xc4][0xc1][0x8d][0xe5][0x9d][0x17][0xa9]&[0x89]71"[0x9b][0xa5]N[0xf0]\[0xc6][0xf4][0xbb][0xf5]a[\n]"
05:56:02.464 [main] DEBUG org.apache.http.wire -  >> "[0xf5][0x1d][0xb3][0x16][0xbe]m[0xe2] [0x3]r[0xa1]|MI[0xb6][0xcd]$[0x0][0xab][\r][0xd4]{,[0x85]Ss.[0xc7]0[0xa5][0xbd][0xb3]([0x93][0x1e]X3[0x15][0x9][0xc9][0xb4][0xe5][0x1a][0xf9][0xca]y[0x85]?}[0x3][0xb1][0xf]g[0x9][0xbc][0x8b]e[0xf7][0xc6]>[0xd9][0xde][0xd8][0xc1][\n]"
05:56:02.464 [main] DEBUG org.apache.http.wire -  >> "[0x92][0x17]V[0x1b][0xa8][0x15][0xe9][0xe0][0xc1][0xe][0x6][0x9b]+[0x1e][0xfd]][0xe3]L[0xb2][0xb2]\[0xbb][0x8d][0x2]k[0x95][0x15]cx[0xe5]xB}[0xc2][0xb8][0xdb][0xdd];[0xb][0x9a][0xc5][0x99]+[0xcc],[0xfd][0xf0][0xa3][0x94]E[0xca][0x16]VO'[0xcd]H[0xcd][0xce][0xb9][0x8c][0xa9]c^V][0xbb][0xaa][0xbb][0xf1][0xd8][0xae][0xfb]~[0xb][0xcf][0xcc][0xe4][\n]"
05:56:02.464 [main] DEBUG org.apache.http.wire -  >> "[0xd8]}i.g,[0xf1]@y[0x9c][0xd2]$[0xc9][0xa3]L[0xae]i[0xcc][0xd9]X[0xd7][0xec] R=S[0xb1][0xd7][0xf9][0xe8]q[0xca]s[0x98][0xb5]"X[0xf4]ed[0xb4]V[0xf9]O[0xd2][0xcd],[0x96][0xc6][0xae][0x1e]*[0xe9][0x3]d[0x88]Lf[0x8b]~[0x85][0xb7][0xdb][0xba][0xcb][0xde]S[0xe7]2-n[0xf6]C[0xdb]6[0xa0][0xe2][0xad][0xbd]&o[\r][0x3][[0xed][0x8c].^U[0xd8]<[0xa6][0xaf][0x14]F[0x97]L[0xe9][0x99][0xc]s[0xe1][0x1e]F[0x8][0xbc]{[0xb7][0x80]N)[0xd4][0xf]4'm[0x2][0x8f][0x9b]a[0xc6][0xa2]]#[0x19][0xe8]\a[0xea][0xa6][0x9d][0xb3][0xf1][0x94][0xb0]H[0xb4]':[0xed][0xb6]3e[0x18]8+[0x9c][0xe1][0xc][\n]"
05:56:02.464 [main] DEBUG org.apache.http.wire -  >> "[0xf7][0x83]2[0xb][0xcd][0x9b]F[0xf8]2.[0xf2][0xca];[0xcf][0xff][0xc8][0xa5]>[0xa0]l[0xc6]s[0x86]y[0xd2]6([0x93][0xc7][0xe5]7[0xfd][0xb6][0xc4][0xe2][0x9]j[0xed][0x2]/[0xbc][0xf6][0xdd]7[0x9f]~[0xe5][0x85][0xa7]_[0xc5][0xad]|([0xcb][0xbb][0x9b][0xec]q[0xf6][0xc6][0x16][0xc5]\[0xa7]a[0x89][0xf8][0xc4][0xaa][0xc3]x[0xd8]{[0xe3][0xc5][0x98]X[0x0][0x93][0xc][0xf6]}[0xbd][0xcd][0x89][0x9d][0xfb][[0xe8][0xd1]%[0xad][0xb1]h[0x9d][0xd8][\n]"
05:56:02.464 [main] DEBUG org.apache.http.wire -  >> "X[0x89][0x4][0xed]5[0xb5][0xa2][0xdd][0x13][0xb]6[0x1f]U[0x1d][0xc7][0x10][0xb0][0xef][0xc9][0x7][0x98]}[0x1f]2[0xda],[0x96][0x96]}[0xfa][0x1a][0xc0]NM[0x8a][0xa4])u[0xa2][0xf4][0xb5]r[0x97]g[0xe5]v![0xea]>[0xae]9k[0x1]b[0xe0][0xaa][0x18][0xfa]P_[0xbe] 5[0xdb][0xf4]^[0xc4]L[0x9f][0xc0]C[0xe5][0xdf]M[0xd0][0x1c]m[0x1d][0x81][0xd6]HT[0xa8][0xad]5[0xc3][0x96][0xa8][0xbf][0x9f]![0xd7]:[0xb4]tk[0x81]i![0x90]Z$-[0xda][0x8b][0xae][0x0][0xbc][0x99][0xe9][0xa3][0xe0]{z[[0xb5][0x91][0xb][0xe5]L[0xc5][0xd7]^[0x17]8[0xb4][0x90]r[0xea]e[0x90]6[0x8b]A[0xdd][0xd8]9[0x87][0xcd][0xfc]qShy[0xa4][0xee][0xd0][0xb7]]`[0xc0][0x82][0xca][0xb3][0xf7]_[0x0]s[0xff]U[0xb8]![0x3]3F[0x1a]he[0xa7][0xa4]P[0xb6][0xf7][0xba][0x92]4[0x88]`=[0xaf][0x95][0xda]=[0xf5][0xbc][0xf6][0xfb][0xd3][0x6] [0xbd][0x8f][0x1][0xb3][0xfd]b[0xf7][0xc8][0x1c][0xc4]8[0x98][0xa6]?m[0x1a][0x9d]go[0xd8]3 [0xdc][0x90][0xde][0xed][0x3]b[0xed][0xe6]K[0x95][0x9a]@[0xcd]5[0x1][0x9d][0x95][0x1a][0xf3]r$8n[0xc4][0xc4]8[0xa3][0xb2]Q[0x8d]B[0xa1]Q[0xc3][0xd8][0xe7]&[0xe4][\n]"
05:56:02.464 [main] DEBUG org.apache.http.wire -  >> "[0xad][0x1a]r[0xac])f[0xcc][0xfb][0xf9][0xb7][0xfc][0xb0][0x1]1[0xca][0x80][0xda][0x1][0x1a][0xdb]I[0xe3][0xba][0xf4][0xb7][0xff]F[0xe1][0xab][0xe7][0xe6][0x9e]}[0xf1][0xef][0xfe][[0xcf][0xe1]V>[0xd4][0xe5]][0xa6][0x16][0xe3])[0x87][0x83]6:[0xa3][0xad][0xcd]9[0x1c][0x81]I/[0xcc]9[0x13][0x87]D[0x1])[0xd3]d[0xea][0xbd][0x80][0xef]H[0x83]Q[0xb7][0x92][0xea][0xc9]i[0xe1][\n]"
05:56:02.464 [main] DEBUG org.apache.http.wire -  >> "@[0xea][0x87][0xf5].?[0xaf][0xb2]7[0x13]C%[0xc]uQ[\r][0xf1]`[0xcf]pI[0x9b]$[0x86]f[0xa3]r[0xda]"[0x8c]zo[0xb5][0x11]C[0xe3]i[0xaa])e[0xcd]![0xe9]H[0x1d][0xf0][\n]"
05:56:02.464 [main] DEBUG org.apache.http.wire -  >> "[0xe]t[0xfc][0xe0]T[0x1a][0xb6][0xf8][0x9a][0xd0]e4[0x9c][0xc1][0x9e][0xd5][0x94]y_[0x90]q[0xb1][0xb4]{0,\Z[0xfc][0xb7]uG[0xf2]?[0x7]$[0x82][0xaa][0xa1]E[0xe9][0x96][0xf0].J[0xd6]i[0xf2][0xe9][0xeb]Ms[0xcb][0x0][0x9a]K[[0xe1]M[0xa6][0xde][0xc]s[0xd7][0xc4][0x1b][0xb7][0x2][0xb3]9w[0xe5]<[0xf7][0x1][0x19][0xfa][0xb6][0x1d][0xa3][0xc4][0x11][0x18][0xbd][0x16][0x83]Y b[0x88]>[0x8b]X[0x94][0xae][0xe0][0xb8]d[0xaf][0xff][0x13]`O'[0x9b][0xb8]][0xb][0xa3][0xc1]:[0x19]1}F[0xdb][0xd1][0xdb]i)[0xe9][0x9e][0xba][0x6][0xbf][0xc1][0xa6][0xbe][0xf][0xc1][0xe3]][0xd0]-![0x1c][0x8f][0x4]g[0xf7][0xe3][0xed]}7[0xeb][0x1c]ag-B[0xaf]d8[0xf6][0x92]$[0xdb][0x96][0xc4][0xfb][0xf5]8k[0x5]Z[0xee]Q[0xcd]}}[0xe3][0xfd][0xb5][0xd1][0xba]b![0x81]O[0xd4]p[0x8c]Gi[0x6][0xb][0x96][0xd5][0x9c][0x8b][0xeb][0xd8][0x13]p;[0x11][0xa8][0xfb][0xb5][0x8a]H[0x2][0xb9][0xc2][0x12][0x96][0xd8][0xd1][0x3][0xda][0xf6]][0x13][0xf][0x1f][0xbd][0xf9][0xe6][0xcf][0xbe][0xf8][0x1f][0xde]@[0xec]q([0xef][0x9a]G[0xf6][0xd3][0xbf][0xf9][0x9f]}[0xe6][0xbc]e~[0xe2][0xa8]\[0xc7]sb[0xaa]{[0xb6][0x16]Oi[0xe9][0xf6]rb[0xb1][0xc4]s[0x93][0x11][0xc5][0x93]J=[0xc3][0xf3][0xae][0x13][0xc7]A[0x84]Y[0x8f][0x1b][0x16][0xb0][0xcb][0xae]_[0xec]f[0xf6][0x99][0x87][0xd0]4y}[0xa6][0x0]s[0xdc][\r][0xd0][0xb4][0xe])[0xec][0x18][0xcb][0xb1]p%[0xb0]xY[0x11]C[0x8b][0x8c][0x1b]*[0xba][\n]"
05:56:02.464 [main] DEBUG org.apache.http.wire -  >> "[0x8b]Z[0xee][0x1][0xcf][0x7]3[0xe8][0x15][0xda][0xb2][0x9f][0x8c]R[0xef]N5[0xde]i[0xae]=[0x91][0x1]X[0xcb][0xfc]D?][0xfe]4zG0[0xd9][0xf0][0x1a][0xf2][0x82]m$[0x89]Y[0x82][0x89]Cq[0xfd][0x96]`[0x83][0xc9][0x10][0xe3]>D[0xa4][0xf1][0xbe][0x6][0x8e][0xf5][0x97]2-S:[0xe5]q4X[0x1f].[0xb1][0xfd][0xd2][0xc3][0xcf]1n[0x12][0xe9][0x80][0xa7][0x1a][0x86][0xd4][0x99][0xe2][0x9]A6[0xab][0xbe]crJ[0xf4]@Rq"^3[0xde]8E[0x9e][0xbd][0xc6]&[0xa7]v[0xc0][0x8e][0xd4][0x96][0xa4]S[![[0xe9][0xc6][0x8][0xc6][0x8c][0x8d][0xdd][0x10][0xd9]g:[0x86][0x98][0xd9][\r][0xe3]I[0x9b][0x97]|[0xd8]Uc)[0xf4][0xd8][0xb4]=[0xc3]=[0xc5]U[0xae][0x94][0xed][0x8c][0xa8][0xd6][0xb2][0x91]OuO[0xe8][0x90]d[0xd2][0xd9][0x86][0x99]M[0xb3][0xa3]([0x1][0x94][0xe8][0xd3][0xc0][0x8][0x1e][0xe3][0x9d][0x5][0xe5][0x82][0xa4][0xc1][0xa9][0xc5][0xd5][0x9c][0xc2][0xcf]D,t[0xa1][0x85][0xf1][0xcc][0xdb][0x1f]T[0xe5][0xf0]4[0xad]h[0xfb][\n]"
05:56:02.464 [main] DEBUG org.apache.http.wire -  >> "[0x4][0xb7][0xee][0xeb][0xb3]g[0x0][0xbb][0xdd][0xdc][0xfc][0x18][0x95]w[0xcd]#[0xdb]p[0xfa]U[0xb8][0xa2][0xa7][\n]"
05:56:02.464 [main] DEBUG org.apache.http.wire -  >> "c![0x9f][0xd2][0xca])[0xa9][0xa6][0xeb]d[0x94]U$+n[0xff][0x17]K[0xb6]#j[0x1f][0xca]T[0xd7]!4[0xb][0xe][0xbd][0xa9]k_r[0x87]B[0x7][0x2][0xc4][0xd8][0x18][0xab][0xdf][0xea][0xb8][0xe7][0xb4][0xd6]@[0xd7]|Jh[0x1e][0x5]Ky%[0x84][0x98]3E[0x80]#M[0xd5][0x83][0x17][0xc8][0x91][0xb][0xeb][0xda][0xb2]4[0xe5][0xb2][0xcc]0[0x0]G*z[0xa9][0xbb]=[0xd9]J|[0x1][Sf[0xfb]w[0x8c][0xb1][0x8c]B[\n]"
05:56:02.464 [main] DEBUG org.apache.http.wire -  >> "R[0xb1]u[0xe0]KR[0x83][0xf2]B[0x87]j[0xdc][0xac]}[0xad][0xa9][0x98]2,[0xbe][0x87][0xbf][0x19][0xa9][0xcc][0xc2][0xf2]^1[0xce]wI[0xa2]qy@q[0x90][0xec][0x1b]f[0xb1][0x88]9[0x1a][0xc]VO[0x1a][0xee][0xe2][0xd8][0xb]z[0xd7][0xb1]6R[0xb2][0x88][0x8c][0xc5][0x11][0xaa][0xf6][0xac]?e[0xc0][0xd1]-[0xcf][0x9d][0x9a][0xba][0x9a]jM-[0xa7][0xf9]^[0x93]N[0xae]i[[0xcc]T*[0xae][\n]"
05:56:02.464 [main] DEBUG org.apache.http.wire -  >> "[0x1d][0xac]a1[0x96][0xaf]=[0xb9]a[0xf4]s,Z[0x1d]p[0xb5]m[0x94]aY[0x1e][0x86][0xf2][0x1c][0xd3]>}c[0x9e]a[0xb6][0x11][0xcf]_[0xe7][0xc4][0xb3][0xfd]-[0xf][0xde][0x93][0xae][0x8c]e<[0xfc][0xbe][0xf7]][0xd2]KoP[0x1a][0xbc][0x89]=[0xf9]f[0x91]:d[0x0]Kj[0xf2]d[0xe1][0xcb][0x1b][0x9a][0xee]Inus&i[0xa2][0xe8]6k[0x99][0xa2][0xbc]S[0x19]%j[0xf3][0xef]#[0xbf][0xf3][0xb3]/[0xfe][0xdd]_[0xbe][0x81][0xd8]cV[0x2][0xef]B[0xf9][0xf3][0x9f][0xff][0xc3]'O?r[0xff][0xf][0xe8][0x81][0xd4][0x19][0x13][0xa5]&jm/9J[\n]"
05:56:02.465 [main] DEBUG org.apache.http.wire -  >> "[0xcb]9][0x3][0xfe]pC[0xd1]<[0x8c]%[0x1][0xc0][0xeb][0x12][0x1c][0xf2][0xa0][0xca][0x96]k[0xf9]1c!rN[0x14]6[0x89][0xc5][0xc3][0xc1]h[0x1]*[0xf8]l[0xcb]\[0xbf][0xbc][0x1c][0xfb][0xcf][0x9d][0xd0]~[0x8e][0x3][0x18][0x16][0x86][0xe5][0xca][0x19][0xba][0xeb]p[0x5][0x9e]V[0xb7][0xe3]^[0xba][0xce][0x93]7[0xe8]M.[0xf1][0xa8][0x80][0xdc][0xc0][0xa4][0xa3][0x90]X[0x13]MF4[0xa3],[0xa0][0x90][0x92][0x8d]|[0x91][0xa1][0xbe][0xb1][0x94]q[0xf][0xca][0xb0]~[0x18][0x85]L[0xef][0x3]X[0x0]2[0xae][0xd6][0xde][0x98][0xe2]h4O[0xa6][0xb3]S[0x86][0xd1][0xad][0x8f]U[0x8f]I[0x97][0xbb][0x1e][0xd3][0xd0][rZ[0x89][0xcf]Z[0x83]e[0x96]V[0xff]0{[0xd0]{[0xa8][0xdf][0xa4]*[0xb0][0xd1][0x13]F0[0x86][0x16][0x8c][0xe0]][0xf7][0xf6][0xae][0xfc][0xcd]s[0x8b][0xc3][0xb8][0xe1]q[0xcd][0x8e][0xd1]hw[0x91]-W}[0x9d][0x1f][0x0]qu[0x8c][0x8]0[0xe3]=c[0xe2]JY[0xe7]l[0xbc]KfibZ[0xb3][0xf3][0xd2]kp[0xb8]%`[0xa8]Rym[0x8a]s[0x81]7[0x99][0xa7][0xfa]m[0xc3][0xe7]P[0xc6][0xbd]r[0xe7][0xcc][0xe7][0xd9]{[0xa5]Y[\r]}[0xef]{[0xb7][0xb7][0xf6][0x86][0xb9][0x7][0xa2]=J[0x9e][0xec]u[0xcd][0xa7][0x8f]R[0x17]hy[0xec][0xdb][0xf6][0xf9]3[0x80][0xfd][0x1a]n[0xe5][0xb1],[0xef][0x8a]G[0x16][0x9f][0xbc][0xf7][0xab]R[0xd8][0xe0][0xc6]\)[0x91].Y[0xe7][0xbe][0xf5]c[0xf8][0xe][0xef][0x17][0xa9][0x8f][0xc2][0xbf][0x18] [0x2][0xa0][0x1b][0x96][[0x91][0xef]_n[0x91]G[0x1a][0xa7]<[0x98]\,[0xc7][0xf6]([0xb2]A)[0xa8];[0x9d][0xa0]`_G[0xc5]6-[0x17][0xc0]\z[0xee][0xfb][0xa5][0xf6][0x8f][\r][0xb0][0xe9][0x19][0x85]K[0xc0]fv[0x0][0xdd][0xf2][0x9c][0xdc]K+[0xcf][0xb6]([0xca]hxK[0xb3][0xb0]a[0xc0][0x92][0x86][0xf9][0x1e][0xbf][0xb2][0xb6][0x1][0x9b]O[0x99][0xd7])[0x10]+ui[0xdc][0xd1][0x82][0xc3][0xb4][0xde][0xa9][0x3][0xd9][0xbb]-[0x82][0x86]3[0xa0],[0xfd]>[0xca][0xb7][0xdd][0x93][0xb1][0x8c][0xc1][0xbe][0x4]`![\r]d[0xfa]r'eZ[0xca]y[0x8d]s[0x9d]f}[0xa7]/[0x90][0xff][0xc]][0xc7][0xb6][0x90][0xe3][0xd9]R[0x8e]p[0xd1]B!*[0xe3][0xdf][0xdc]#[0x18]b ][0xd0][0xe1]&[0x89][0xc6][0x94][0x8c][0xd9][0xe8][0xf3]l[0x7][0xce][0xc6][0x94][0x2][0xa1][0xe4][0xca][0xf]{[0x1]qb[0xe0][0xf9][0x89][0x9c]%[0x98][0x89][0xf1]V[0x84][0x90]p[0xe4]:[0xdb][0xc0][0xe]{[0xba][0x3]P[0xc4][0xe][0xda]'[0x4][0xea][0xf0]pg[0xc8]k5[0xdb][0x4][0xa2]:[0x5]L[0xcc]^[0xb4]S[0x9c][0xed][0xf9]YP[0xed][0xea]pY_[0xdc]7W[0x18][0x18]K\[0x8b]'m[[0xb2]Y{J1[0x1e]q[0x8f][0x1][0xb2]!I[0xfb][0xed]t[0xca]O[0xdf]@[0xec][0xf1].[0x81]wX[0xf6][0x94][0xfb][0x1f][0xf9][0xd1][0xdc][0x9a][0xc3][0x14][0xa6]^]Q$[0xc0]x[0x1f]<1u[0xad])[\r][0xd0]h[0xc5][0xf8][0x9][0xa2][0xcd][0xfa][0xa4][0xa4]{[0x4]fU[0x9a][0x17][0xb6][0x9c][0x18]*i[0xe9]@[0xcc][0x98]/[0x8a][0xbd]=+6w`qRT#[0xc7][0xcc]9`Q[0xc6][0x87]Y[0xf2][0xda][0x94][0x2][0x18]o[0x1]WVqik*[0xd9][0xca][0x82][0x94]G[0xd5]7[0x1a]kD[0x18][0xb9]e?V[0x2][0xd4][0xd3][0xed][0x0]$[0xf]l[0xe][0xd2][0xb4][0xa5][0xdb][0x82]q%[0x1f][0xf6][0x19][0xe0]n[0xd5][0xcc][0xe9]z~[0xfc][0xdc]h[0xe0]u[0xc1][0xd3][0xbd][0xf4][0xed][0xce][0xb8][0xa9]>[0xb3]4j[0x98]w[0x0]N[0xac][0xfd][0xcd][0xfe]D[0xd6]?[0x93]8b[0xe9]v[0x2][0xd0][0xbc][[0xe3][0x8e][0xd1][0xb5][0xec]V[0xc6][0xb5][0xd2]=[0xf][0xe4][0xd5]\[0xd7][0xf9]IlK[0x86]iy[0x13][0xaa]t[0x88][0x9b][0xb9][0xa7]d[\r]u&[0xe1]%a[0xa4]2[0xe7][0xe]k[0x82][0x81]\[0xc6][0xed][0xe][0xb2]>[0x8c][0xcb][0xc7]o[0x9e][0xd5][0xb2][0xce][\r][0xec]{[0xd6][0xe8][0x80]Q[0xcb]Lr[0xe7]b[0xec]K'[0xc1][0x85][0x1d].[0x3]2[0xce][0x9f][0xb1][0xc5]u[0x88][0xc3][0xa5][0xf3]d[0x99][0xb1][0xb1]zh[0xb9][0xb4][0xc5][0xcf]0[0x94][0xef]*[0x16]K[0xf3][0x9f][0x8f]mK[0x8d]#v)[0xcf][0xbf][0xfe][0x9d]o?{K[0xab][0xfc][0xcb];O[0xf6][0xf8][0xe4]'[0x9e][0x1a]e([0xdd]96g+[0xac][0xbd].[0xf5][0x89]bO[0xad]'[0xbb][0xa9]0[0x94]1[0x8][0x1b][0x12][0xdc][0x8e][0x1d]H[0x1][0x6][0xf]F[0x84]R[0x89][0x1b][0x18][0x95][0x5][0x99][0xb0]C[0xb8][0x82]\[0xb5]A[0xef]D[0xc9][0x13][0x1d][0xf0][0xf][0x11]4B[0xd2][0xee][0x90][0x0][0x3][0xce][0x1a]s[0xe8]8[0x1][0xbe][0x88][0xd1]FX[0xd2][0xf1][0xfa][0x9a]>[0xc5][0x8a][0x9d][0xf9][0xec][0xe5]/rl[0xcc]8[0xac]A[0xb5][0xc8][0xc2][0xb3]3[0xc3]#[0x17][0xac][0xab][0x18][0x18][0xa8][0x8]F[0xe4][0x97][0xe8][0xc2][0xb8]8[0xb][0x95][0xd9]+`[0x94]&[0xc3]i[[0x9a][0x1][0xa2]^[0xc7][0xfe]6x[0xe8]N[0x9a]&[0xed]5[0x1e]Y[0xa3]=[0xec][0x12][0xd5][0x9]5[0xce];[0xb0]3$[0x8d][0xd6]i[0xa3][0x0][0x9d]:[0xb]*3bR[0xcd]D;N<[0xb2][0xc6]*[0xf9][0x1f]:[0x82][0x86][0xa8][0x8d]y[0xe5]!h[0x19][0xdb][0xfb]9[0xe0][0xca][0x80][0xcd][0xb2][0x9b]ZF[0x15]6:[0x80][0xd9][0x99][0xb5][0x86][0xbc]I,[0xb6][0xc7][0x4]C[0xf7]D[0xf][0xf4][0x9c][0xdb][0xcd][\r]`i[0xaa][0xd6][0xa9][0xad][0x84]F|N[0x18]}[0x9e][0xda][0x99][0xdf][0xb9]R[0xc1][0xb6][0x1]Iw!z[0xb1][0x99][\n]"
05:56:02.465 [main] DEBUG org.apache.http.wire -  >> "[0x9a][0x8][0xb5][0x8][0x8d]4[0xb1][0x9c]*zD5[0xd8][0xec][0x86]#[0xc8][0x82]`[0x84][0x7][0xdb][0xad]=[0xc7]>n[0x92][0xe9][0x80]X[0x1d][0x6][0x18][0xe3][0xe3][0xe7][0xdf][0x84][0xda][0xb2]>[0xa5][0xd7][0xed][0x1f][0xa0][0xfd][0xca][0xbd][0xd3][0xa3][0xcf][0xfe][0xa7][0xbf][0xfd][0xbf]|[0x88][[0xf9]H[0x94]w[0xc]d[0x19][0x17]Z[0xb1][0x8f][0x94][0x80][0x82]N[0x8a]L3[0xd7][0xde][0xe4][0xa7][0xf9][0xc1][0xf1][0xe8][0xd3][0xfa][0x93][0xb5][0xc9][0xe0][0xfe][0xa2]d=FCp[0x11]][0xd4][0xd4]A![0xd4]baBY[0x87]v[0x8c]rQ0[0xe0][0x4][0x86][0xa8][0xcb]Uy[0xe9][0x16]g[0xf3][0x96][0xc0]c([0xf5][0x93][0x9c]z[0xc8][0xb3][0x18]MA@[0xba][0x0]B[0x3][0xd5][0x0][0xda]"[0x91][0xd5]"[0x97]g[0x6][0xc1]z[0xcc][0xa8][0xe1][0x96][0xfb]u[0x19][0x19][0x0][0xe][0xa0][0xf5]e0[0x15][0xa6][0x5][0xdb][0xd9][0x9]iSk8hM[0xd7]r[0xf2]/[0x97]a[0xc7][0xac][0x5][0x1c][0xc3][0x97][0xe4][\r][0xf7][0xca][0xca][0xa3]3J*[0xd4][0x97][0xcc]#[0xea][0xb6]\x[0xce][0xa9][0x93][0xeb]{[0xd8][\r][0xba][0xbd][0x12][0x8c][0xd1]Y[0x16][0x8c][0xc9][0xd0]v[0xa4]:[0xeb]/[0x8b]j[0xdc][0xa7]B,[0x1e][0xe3][0x81][\n]"
05:56:02.465 [main] DEBUG org.apache.http.wire -  >> "u[0xee]^[0x16][0x88][0xa5]y[0x80][0xe3][0xe1][0xa6][0xda][0x1c]t7[0x9c]B[\n]"
05:56:02.465 [main] DEBUG org.apache.http.wire -  >> "[0x4]4[0xf][0xcd][0xad]0[0xa5][0xb6]x[0xfd][0x9c]H[0xc3][0xdc]\[0x1a][0xa6][0xbc][0xb1][0xec][0x80][0x98]![0xad][0xa2][0xd2][0xd9][0xf3][0xd3]J[0xd9]i[0x99][0x18][0x8e].s[0xae][0xc6][0xee][\r][0xcd][0xf9][0x17][0xf0]2[0xbb][0xb2][0x96]m[0xf1][0xd2]V[0xaf][0x15][0xf2][0xa8][0xda]R[0xd1]"[0xf0]0[0xd6]rl[0x8b][0xf7][0x1b][0x4]@[0xa3][0xf8][0xb5][0x16]}[0xb3]>[0xc9][0x85][0xf3][0xbb]g^[0xfa][0xed]_z[0x16][0xb7][0xf2][0x91]*[0x81]wP[0x98][0xe4][0xd1]o[0x9d][0xaa][0x80][0x8e]si[0xc3][0xb8][0xaa][0xe3][0xa9][0xf6][0x8b][0xf9][0xad][0x91][0xe9][0x6]_[0xa3][0xab]V*a9[0x88]R[0x1e][0xf3][0x15][0x81][0x10][0x81][0x95][0x82]9\[0xcb][0xa3]?[0xda][0xa5]c9[0x86][0x17]<x[0xe3]4[0xc2])8[0xa5][0xdf][0x9b][0x97][0xb2][0xb7][0xc7]g[0x10][0xae][0xf4][0x9e][0x1d]~&kHpz[0xef][0x9][0x0][0x8b][0xf7]C9R[0xb5]m[0xe3][0x11][0xb7][0xd9][0xac][0xf7]5[0xf4]\<[0xb2][0xa5][0xef][0xc3][0x1a]p[0xcd]\[0x97][0x5][0xe7]j[0xeb][0x1a][0xad][0xcd][0x1b][0xac][0xe]m[0xd9][0xf5]Z:[0x88]A\(Z[[0xbf][0x10]P[0xce]%[0xb1][0x8c][0x1][0xb3][0x82]r[0xdd]k[0xc9][0xca][0x9d][0xda]([0xda]4[0xe3][0xc3][0x96]~[0x93][0x97][0x16][0x18][0x8f][0xab][0x96][0x87][0xc][0x99][0xd1][0x8e][0xc8][0xab]~m[0xf5][0xf9]A_[0x1b][0x8b][0xdc][0xb0]P[0x89]\[0xf6][0x99][0x97][0xb5]G[0xb1][0xf][0x9e]fZ?b[0xe1]([0xb0][0x90][0xf2][0xf][[0x93]m[0x0][0xb3][0x1]bd;[0xfd][0xab][0xe3][0x98][0xcd][0x81]+Au7[0x92][0x17][0x9c][0xfa][0x85]%J[0xb4][0xd9]c}[0xc8][0xc8][0xa0][0xad][0xd4]B[0x8d][0xa5][0xe][0x8d][0x81][0xb4][0xbb]V[0x4]l[0xe6][0x91][0xc9][0xd6][0xc0][0x91][0xb6][0xe5]>[0x89][0x83] [0x97][0x97][0xb3][0xcf]/czx[0xe][0xa5]~[0xf6][0xab][0xbf][0xf5][0xcb]_[0xc1][0xad]|[0xe4][0xca];[0xf2][0xc8][0xe2]G+[0xc9]c/ig[0x16]p'[0xcd][0xb7]XLl[0x9][0xed][0x85][0xf4]v[0xa4][0xce][0x1a][0x8e]>z[0x3][0xca]\[0xa6]U[0xe7]`[0x18]C+AJ[0x90][0xde]N[0xae]&%[0xf][0xce][0xe8][0x8c][0xd4][0x81][0xd9][0x87]f[0xc9][0x14][0xaa][0xc7][0xeb]a/W[0xf][0x8c][0xa7][0x96] [0x11]s[0xc0][0x6][0xc4][0xa4]dv[0xb3]p[0xee][0x19]S][0xea][0x8b][0xe5][0x89][0x16][0x89]+[0xd0][0xa4][0x1c][0xf9][0x99][0xab][0xa6]R[0xf]A:[0x95]f[0xa8][0x80]S[0xe7][0xba]qt[0x1b][0xc0][0xa5]D"W[0xdd][0x10][0x92]wM[0x81][0xeb][0xaa][0x84][0x1d][0xd0]"F[0x93][[0xad]wR[0xcf][0x1e]$[0x1e][0xc]+k[0xf2][0x1c][0xe4];i[0x1d]Z[0xa3][0x92]UJ[0x81][0x2][0x9a][0xfc][0xa3][0x97][0xd8][0x1a]6,.*g[0x97]TX_F'[0xb3]G[0xed].[0xad][0xb6]W[0xb5]_[0x17][0x9e]$[0xa4][0xc0][0x98]8[0xac]/[0xc][0xe8]6[0xe8][0xeb][0xf5][0x8c][0x9c][0x86]Lc [0xc6][0x9][0xd6][0x9c][0xfa][0x8a][0xb6][0x99][0xac][0x9f][0xf0][0xe1]e[0xbd][0x8][0xae]I[0xaf]{jk[0xec]r8[0xf5][0x19][0xc9][0xf1][0xee][0xf2][0xb8]=[0x8][0x1c][0x2][0xb7]$i`{\+[0xdb][0xf5][0xca][0x83][0xe2]ROx[0xec] GC%^n^8[0xc8][0x9c][0xcf][0xe2][0x16][0xe8]%7[0x8f][0xd6][0xe][0x1c][0xab]&[0xc][0xb1]/[0x18]#%[0xc2][0xe3][0x8c]s[0xfe][0x3]|[0xcc][0xc7]^[0xfd][0xd5][0xf3][0xa7][0xcf][0xbe][0xf8][0xdb][0xbf]t[0xbb][0xb1][0xf9]#\[0xde]Q[0xd6][0xe2]y[0xbb]<[0xb5][0xbf][0x18][0xa5]vm[0xaf][0xd2]Z"
05:56:02.465 [main] DEBUG org.apache.http.wire -  >> "[0xef][\n]"
05:56:02.466 [main] DEBUG org.apache.http.wire -  >> "[0xfd]a[[0xc3][0x5][0x3][0x98][0x1c][0xb2][0x98][0xe6]ri7[\r][0xea][0xf6][0xf6][0xc2]-[0xe7][0xfe][0xb7]?[0x87]Q[0x85][0x93][0xb4][0x85][0x18]o-1[0x99]_[0xa5][0xa9][0x4]H[0x1a][0xf8][0xfa]b[0xbe][0xe2]![0xa2][0x12]7[0xce][0x9f][0x95]x[0xb4]B[0xd1][0xa1][0xa1][0x4][0xb3][0xef]A"[\r][0xc2][0x83][0xe8]I'N[0xfa][0xb4][0xec][0xd2][0xa1]([CD[0xac][0xd2][0x1e][0xf5]e`d[0x1e]p[0xcc][0xd8][0xaa][0x91][0xe9][0xa5][0x80][0xc4][0xda][0xea][0xb4][0xb3][0xe4][0xb5][0x7][0x8b]^}[0xd3][0x97][0xcc]Zk[0xdd][0x10][0xa8][0xf9]![0xac][0xab][0xfe],[0xa8][0x9f]L[0xcc][0x1b]S[0xd1][0xd6]`K[0xe9][0xf0]^[0xac]~[0xb4]E[0xcc][0x9a]rM[0x9a][0xc8][0x9a][0xbb][0x1a].Yl[0x8d][0x81][0xbe]-[0x83][0xae][0xcc][0x8e]S[\n]"
05:56:02.466 [main] DEBUG org.apache.http.wire -  >> "[0xef]$q[0x11][0x98][0x9b][0x9f]a[0xd6][0x8e][0xcd][0x1b][0x4][0xa2][0xfe]`[0xd6]*[0x19][0xaf]r[0xa3][0xa3][0xd3][0x1f]s6R[0xc9]*[0x9a]?[0xeb]>|[0xef]IN-[0x5]M[0xd3]we$[0x86]7[0x9d][0xf3][0xe4][0x2]F[0xaf]8[0x81]O6[0x82][0x8d][0x91][0xf0][0xab][0xfe][0xd5]n[0x1b]"[0xda][0xef]6[0xdf][0xbd][0xbf]9[0x11][0x2][0xd4][0x19][0x82][0x86][0xdc][0xde][0x14]gB[0x99][0x98][0xb2][0xd0][0xf9][0x99];R[0xe6][0xda][0xbd][0x9e][0xfd][0x80]*-*[0xc0]0T[0xe3][0xe0][0xe7][0x92][0xf9][0xc3][0xb3][0xad][0xf6][0xb3]/~[0xe9][0x6]b[0x1f][0xf5][0xf2]C{d[0x97]'y[0x9c]7[0xcd][0x83][0x3]e7[0x11][0x85][0xd4][0xee][0x84][0xe2]$G[0x9c][0xb0][0xba]4[0xf7]t[0xd0][0xe4][0xb3][0x1][0x8a][0xbb][0xc9]@[0xa7][0xf7]G0[0xcb][0xe5][0xbc][0xaf]4\[0x9b]y[0x99][0xa6][0x95]L[0x11][0xb5][0xfe][0x8a][0xf9]0[0xa4]3[0xdb]t[0xc4][0xe1][0x18][0x9a][0xa5]8[0x9e][0xc0][0x1a]+[0xa3][0xe6][0x5][0xe7][0xdd]s[0x8b]Q[0x8e][0xe6][\r][0x5][0xac]/[0xc6]B4[0xa1]V[0xbd][0x8b][0xb4][0x88][0xbc]F[0xf5][0xa5][0xa9][0xf5][0x99][0x1c][0x4][0xa0]6[0xb6]<[0xc8][0xe0]X,Y[0xa6][0xe5][0xa1]o[0xa4]][0xb7]i7[0x7][0xd2][0xf7]q[0x94][0xfa]k[0xf7]B[0xb0][0x14][0xd4]P[0x99][0x87]1M[0xbf][0xf6][0xa7]D[0x1c][0xa3]|[0xdb][0xb3][0xd9]d$[0xc4]~o[0x96]+b2[0x81]9[0x3][0xb5][0x11][0x3][0x8a][0xcd]t[0xac][0xe7][0x14]md[0xc0] [0x95][0xe2][0xed][0xd8][0xa5]T8[0xc7]?r[0x13][0x88],[0x0][0xd2]{c:[0xad]%[0xf6]q[0x0]p[0xca]1G[0xb3]/[0xa5][0x91][0xcf][0xb6][0xc8][0x10][\r]o[0x1]{[0xdc][0xc2][0x6][0xc6][0xfd][0xdd][0x10][0xe7][0xf4]][0xc0][0xfb][0xd5][0xea][0xc2][0xf1][0x14][0xa3]e^{[0x96]a`[0xef][0xaa]][0xcc][0xa1][0xfd]9[0xe2]%[0xbe]&!ez,[0x15]CWb[0x15][0xd7][0xfa]&y[0xaf][0xc3]0[0xff][0xb4][0x7][0xec][0x1c][0xe9][0x98][0x99][0x2][0x8]|=[0xdf]<[0xfd][0xd5][0x17][0xff][0xce]_~[0x1][0xb7][0xf2][0xb1](?[0xb4]G[0x96]q[0xef][0xe7]J[0x1b][0x94][0x12][0xbf]F)[0xb8]u>[0xb8][0x95][0xda][0x9f]U[0xcf]l[0xcc]9[0xca][0x1][0xf9]h[0xd3][0x9a]LY[0x1f][0x85][0x94]V[0xa0][0xbd][0x9b][0xb5]N^[0xdd][0xc][0xdc]m[0xa9]M[0xf3][0xa8][0xd8][0xb7]{1<[0xe6]</[0xf2][0x82][0xe][0xb1]0[0x97][\r][0xe8][0xbe][0xd4][0xe1]j[0xa3]R[0xdf][0x8d][0x1d][0x1a]:[0x91][0xad][0xd8]m[0xb6][0x7]o+[0x1c][0x16][0x81]1_K[0x11][0x87]Y[0xf4]%[0x8a]Z[0x99]jl8[0xd2][0xa5][0x7][0xc3][0xc6]]F'[0xea][0x84][0x1c]p[0xe0][0xa8][0xb1][0xb4][0xd0][0x14]1EqJ[0xb9][0x19][0x1c][0xfb][0xe6][0x86][0x83]V[0xa5][0xe0]Z[0xfe][0xb7][[0xea]Q2[0xdd][0xd4]M[0xef][0x9e][0xd1]UIo'[0x88]41[0xeb][0xc2]q[0xca]c[0xea][0xde][0xab][0xa1];[0xb6]g[0xcb][0xbb][0xbb][0xe6][0x9a][\r]%[0xa5]/[0x92]k@[0x9b][0xe7][0xec]`<7[0x8a][0xda]$[0x9c]w[0x1a][0xb][0xc3][0xc1][0xc7][0x18][0x17]K[0x5][0xb6][0xd0][0xb4][0xde]|m[0xa0]X[0xf7][0xac][0xad][0x0]c[0xfb][0xba][0x5][0x8d]=ko[0xf1])[0x13]K[0xcc][0xab][0x86][0x1e][0xee][0x91][0xcd][0xb5][0x83]Y[0xd0],'[0xc6][0xd5]to[0xf]y[0xa6]@[0x11][0xa4][0xfe]u[0x17]5[0xaf][0xe0]^[0xa3][0x1a][0xaa][0x15]#[0xcf][0xd9][0xaf]4[0xac][0x96][0xb6]f[\n]"
05:56:02.466 [main] DEBUG org.apache.http.wire -  >> "49[0x9e][0xed][0xb5]7[0xfe][0xdc][\r][0xc4]>^%[0xf0]C[0x94][0x9f][0xfe][0xd2][0xcb][0xf][0xce][0xfb][0xe7][0x1f][0xef]o2-[0x89]![0x87]0+U$J[0xa3]tLs[0xe2][0x6]4<[0x14][0xcc]\[!aLP[0xd6][0xd3]O[0x86][0x0][0xa6][0x86][0x91][0xe3][0xa5]![0xe5][0x85]l[P[0xe1][0xf7][0xbd]Z[0xaa][0x13][0xc3]9[0xb5])o[0xda][0x89]}[0xd5][0xbf][0x93]=9[0xc3]Bb[0xb2]&[0x7]%J[0xe9][0x6]Uc[0x87][0x16]N[0xd0][0xa9][0xaf]h[0x86]k[0x1f][0xf7]Lr[0xfa][0xb7][0x99]-[0xf5][0xc2][0xe6][0x9b][0xd4][\n]"
05:56:02.466 [main] DEBUG org.apache.http.wire -  >> "[0xf4][0xc6]r[0xd5][0xe9]l!<[0xc9]#X5[0x97]z[0xb0]E<9:[0xac][0x9a]r[0xd6][0x85][0xb1].[0xa9][0xdc]\[0x1][0xb9]b[0x81][0xe3]xX_c[0xf1][0xaf]k'[0xf4][0x1a]O[0xbc][0xc7]z[0x0][0x84][0x9c]`O[0xda]{[0xad][0x93][0xf2],hJ4[0x10]a[0x92][0xe]BV[0xbd][0x8d][0xed]R[0x8d]O[0xef]x[0xab][0xf9][0xa7]+f[0xdf][0xfb][0xec]D[0x1e]L[0xb6]AA[0xd4][0xb0]6`[[0xc8]>[0xcd]n[0xd3][0xeb]i`[0xac][0xb9][0x1d][0xbe][0x8f][0xb9][0xcf][0xe0]j[0xac][0xfa][0x7][0x12]E[0xff][0x93]CT[0xf4][0xaa][0xcf][0xbc]ud[0x97]=2[0xf5][0xe2][0xfb]${[0xd4][0xfb]Fx[[0x9b][0xf1][0x0]Yo0[\n]"
05:56:02.466 [main] DEBUG org.apache.http.wire -  >> "ctY[0xff][0xd0][0xdc][0xd0]+[0x9b]}[0xfe][0xdd]lk[0x9d][0xf2][0xe5][0xf3][0xbf][0xcf][0xbe][0xf4][0xdb][0xbf][0xf8][0x10][0xb7][0xf2][0xb1]+?[0x1c][0xb5][0xb8]=z[\n]"
05:56:02.466 [main] DEBUG org.apache.http.wire -  >> "[0xfb][0xdd].[0x0],[0x15]]@rUDu[0xa4][0xae][0x99][0xe0]<[0x80]I5[0xee][0xb8]5[0x8][0x12][0xb9]()S>[0xdd][0xab]i[0xfa]2$[0xb][0xc4][0xa8][0xfd][0xb0][0xd0][0x1a]J([0x0][0x8c][0x86]P[0xf4]B [0x96]r[0x96][\n]"
05:56:02.466 [main] DEBUG org.apache.http.wire -  >> "[0xcc]V}[0x97][0xf4][0xda]2[0xd6][0x3][0xd8][0x8d][0xc4]([0xe7][0xf2][0x19]d[0xd1][0xa6][0xbc])[0xb4]fE[0xc]8[0xd5]X[0xec][0xdf][0xc6][0xe3]%[0x86][0xa6]9[0xd1][0xd3]$[0x15][0xbb]8[0xaa][0xdd]Je}[0xe][0xf0]G[0x1c][0xb0]2[0x84][0xd7][0xf4][0xb]x[0x13][0x96][0xf7][0xa9][0xf1]5>Q[0xf][0xb3][0x9f]p[0x93][0x9b][0xf3][0x91]A[0xe0][0xa0][0xdd][0xea];%[0xc8][0xfa][0xb4][0xee][0xe3][0xb3][0xe7][0xc]B[0x0]4[0xa1]%[0x2]W-[0xe][0xe9][0xe6][0xbd][0xfb]([0xe7]D[0x6]D[0xac];[0x3]B[0x13][0xf3]h[0xb4][0xb7]`[0x0][0x8][0x88][0xe6]}[0x8b]r[0x9c][0xf2][0xba][0xdf][0x87][0xe5][0x8a]q,[0x1a]d$h~[0x1a]2[0x2][0xfa][0xa3][0x1])[0xc5][0xa1]f[0xef][0xab][0xbe][0xa0]f[0x10][0xca]s.[0x86])H[0x9]w[0xd9] s[0x1a][0xe6][0xaf][0x6][0xb0]TQ[0xbe]K[0xad]8y[0xbe][0xfa][0xd3][0xd4][0xe5][0xd0][0xfb][0xd0][0xa3][0xbb][0xe0][\r][0x5][0x1])[0xe6][0xfc]3[0x8e][0xa5][0x8e][0xed]V[0x3]va[0xe0]<I$[0x3][0x80]T[0x1b][0xe7]V_=[0xbf][0xf9]w^[0xfc][0xd2]/[0xde][0xe2]`[0x1f][0xe3][0xf2]CQ[0x8b]gZ[0xf1]W0[0x1e][0x8c]!B[0x1f][0x98][0x89][0x5]A[0xa0][0x92]R[0xd5][0xb1]X[0xef]*[0xb5][0xb9]O[0xb2]ly[0x96]V[0x1e]>[0x96]c[0xd7][0xd4] c#[0xc2][0xc5]Q[0x9f]aTS[0xa4]Q/[0xf4][0xd0][\n]"
05:56:02.466 [main] DEBUG org.apache.http.wire -  >> "[0xc]&[0xb][0x8f]I[0xe][0xad][0xc8][0xf3][0xa0][0xd5][0x96][0xe7][0xe7][0xd8]_%[0x9a][0xd8]{^[0x9b]J[0xb4][0x10]uWc[0xea][0xf7][0x9b][0xf0][0xc9][0xda]*[0xe2][0xac][0x8c][0xfa]Ib1iY[0x9c]&[0x82][0xf0][0x7]9S[0xee][0xf5][0xf6][0x98][0xe7][0x7][0x1][0xd8]N[0xc6][0xe8][0xd6][0x84][0xa1][0xf5][0xde]j7n[0xb2]d[0xdf]`.[0x0][0xd1]~.[0x8f][0x18][0xdd][0xd7][0xcd]X[0xf3]b[0x15]G[0x80][0x91][0x4]R%[0x6]1[0x9][0x3]d[0xd6][0x4][0xad][0x8d][0x0]X[0xba][0x95]j[0x8b][0x1e][0x1d][0x9b][0xde]i[0xb5]j[0xaf][0x81][0xc1][0xb2]-;[0xe6][0xb2][0xf7]uj[0x97][0xb6][0xb7][0x2][0xd6]E[0x9f][0xfb][0x13][0xb][0x5]9{[0x8e][0xa5][0xf0][0x9f]C[0xb8][0xa2][0x12][0xa7][0x1d][0x9][0xa4][0x85][0x15][0x8e]b[0xf6][0xab][0x6][0x98]3[0xe5]?[0xed][0x2][0xca]n[0xfe][0xad][0x9][0xe7][0x2]l[0x9c]J[0x9f][0x89]Z,[0xc9][0xdd][0xf1][0xea]p[0xae]h[0xe8][0xb0][0xc9][0xf6]N[0xd5]o[0xb6][0xc][0xae][0xe2][0xe2]=4>[0x12][0xce][0x98][0x13],I[0xb][0x6][0xf7]u[0xf5][0x13][0xd3]L1:Q[0x1b]bg2N[0xd7][0xe7],[0x81]][0xd6]_|[0xed][[0xaf][0xff][0xb9][0x17][0xbf][0xf4]Wn [0xf6]1/[0xf1][0x3][0xd6]/Z1[0xf3]em[0xb0][0x86][0xae][0xf0][0x94]xy[[0xa5][0x88]6[0xa1][0x18] [0x90]+We|[0x90][0xa6][0xdc]H[0xbf]I9[0xd9][0xd1]K3[0xe1][0x90][0xe3]1[0x95]F[0xd8][0xc6]Z[0xf3]k[0xda]d[0x15]u[0xd5][0xca][0xb1][0xed]X;[0xfd]Na[0xee][0x9d][0x94][0xa5][0x99][0xd3][0x6]M[0xf1][0xe9][0xb3][0xf8][0x19][0x88][0x2]3/!s[0x11]n[0x9a])[0xcd][0xeb]`[0xe9][0x87][0xfc][0x17][0xe5][0x9][0xa7]#[0x9b]2[0x1d]K8[0x86]J[0xbd]d[0xfe][0xa1][0xfb]0j[0x15]kR[0x85][0xe6]:[0x9f][0x1c][0x5]|[0xd7]{[0x2][0xa4][0xa5][0xd5]o[0x7]*[0xea][0xb8]^wR[0xc6][0xa4]qs[0xbe][0xa7][0x8b]#%[0xcd]d[0xbc]e0[0xe3]9[0x11][0xf4][0x8e]2[0xd0][0xe5][0xf4][0x0]6[0xd0][0xf0]o[0xf]_[0xaf][[0x96][0x9a][0xa3][0x94]p[0xf7]k[0x8c][0xa0][0xf6]X[0xac]T[0xe2],I{Oi}[0xf5]6[0xac][0xd7][0xd6][0xcf][0xc8][0xd5]=[0xa7]Q[0xf6][0xc0]x[0xf9]:[0xe]t:3ur[0xac]1[0xc5][0xac][0x9c]v'1[0x0]LHNF[0x8c][0xee][0x6][0xc1][0xec][0xf7]<[0x8][0x9c]p[0xd9]b[0xae][0xf9][0xea][0xbe][0x6][0xee]wL-[0x85][0x15]|[0xfc][0xac]g#[0xce][0xf0][0x7][0x1c][0x84][0xe6])[0xaa][0xba][0xce][0xc3][0xcc][0xd7][0x8c]"[0xad][0xef]W2[0xb6][0xcf][0xbe][0xf4][0x1f][0xfc][0xe2]C[0xdc][0xca][0xad][0xe0][0x87][0xa1][0x16]/[0xb4][0xe2][0xe9][0xde]j[0xcd][\r]e[0x96]4i[0xfb][0x1b][0xee][0xd6]8*%[0xe4][0xf8]Tmug[0x1b][0x8e][0xb2][0xc8][0xaa][0xc9][0xa0]^[0xe9]3r[0xf4]"JI8[0x88][\r][0xf5]4 [0x96][0x4]K[0x8d][0xac][0xed][0xf7][0xf2][0x8a][0xf6][0xe7][0xda][0xc5]a[0x80]|[0x19]2,[0xdd][0x1e],[0xff][0xc2][0xe3]O[0xfd]"4nS[0xb6][0xae][0xf8]|[0x14]T[0x8e]ln[0x14]A,r[0xd2]9[0xce]Q[0xaa]9[0xe2]k[0x4][0x89][0xc9]^L[0xa7][0xe8][0x16][0xd1][0xc7][0xe5]y[0xe6][0xa7][0xa2]zf[0xf5]x[0x1d][0xae][0x80][0xf][0xeb][0x9a][0xf5]@6*[0x1b]p[0xd6][0xc9]_[0xdd][0x1e][0x9d][0xb5][0x19][0xad];_[0xd0]P[0xc0][0xc4][0x6][0x5]fkw[0xfd][0xaa][0x14][0xe2][0xc4]_[0xd8][0x82][0x14][0xe6]f[0x16]~Q[0x87][0x8a][0xd1]D[0xea][0xce]E[0x1][0x15]m[0x89]4[0xc0]8[0x1d][0xf7][0xe8][0xd0]ua[0xfa]x[0xc0][0x13][0x8][0xe3][0x9c]{[0xaa][0x6][0x92][0x18][0xdf]=e[0xae]Y[0xdb]I[0x6]-[0x96][0xbd][0x9e][0xea][[0xb4][0xf2][0xa9][0xe7][0x13][0xdd][0x18]Y[0xe][0x13][0x15][0xcc][0x16][0x8]c[0xed][0xb0][0x82][0x98]v[0x1c]i[0xca][0xc6][0x10].a[0xc8][0xe8][0x10][0xf6][0xb2][0xae][0xd1][0xbe][0x4]1[0x19]1[0x9d][0x10][0xc2][0xfe][0xb9][0x9][0x4]RAB[0xba][0xb7]P[0xfa][0xda]q8[0x1d][0x13][0xf0]x_7[0x9e][0x3]e[0xf5][0x8b][0xcd][0xbf][0xf9]o[0xde]~f[0xe5]V[0x96][0xf2][0x3]S[0x8b]y[0xba][0xf7]+[0xa3]mb[0xa2][0xe2][0xba]k[0xad].oH[0xac][0xc5][0xe5][0x82][0xd0]5[0xf5][0xce][0xe]%[0xe9][0xa5][0xa0]_[0x86]>[0xb4][0xe9] [0xd2][0x87]azO[0xb8][0xd1][0x97][0xec][0xc5]2$-58[0xbc]j[[0xc2][0x15][0xe5]k=R[0x8a][0x82][0xba][0xf0]-eQ[0xe8][0x93][0x9a][0xbf][0xff]M[0xa2][0xdf][0x94][0x98][0x89][0x9b][0x15][0xdf]][0xd0]J]@[0xa4][0xb1][0xb8]ZK[0x81]I[0x1c][0xda][0xdb]=6[0x84][0xe4][0x9f][0x87][0xe]#f[0xf2][0x5][0x95][0xe3][0x91]5[0xb5][\n]"
05:56:02.466 [main] DEBUG org.apache.http.wire -  >> "Y[\n]"
05:56:02.466 [main] DEBUG org.apache.http.wire -  >> "[0xdd][0xe2][0xe5][0xfb][0xd3][0xc9][0xe7]D[0xca][\n]"
05:56:02.467 [main] DEBUG org.apache.http.wire -  >> "[0x4][0xbf]Y[0x89]6[0x12][0xe][0xd4]*[0xef]u[0x93]"[0x1a]5[0x8][0xbe][0x9f][0x85][0x80][0x8c][0x97]U[0xec][0x19][0x13][0x97]SG[0xf0]=[0xc8][0xff][0xda][0x1c]Zw [0xa6][0x1d]Gm?[0xa1]T[0xeb][0xd4]@W[0xb1][0xd2][0xce][0xec]+U[0x1b]h [0xd6]:[0x87][0xa8]<]Y[[0x92]dn[0xc6]]n&tk[0x81]^s[0xaf][0xa7][0xbc][0xf0][0xab]U[0xbf]*[0xdc]{[0x1c]k[0x8a]^L[0xeb]p[0x91][0xf7][0x8c][0x80][0xcd][0x86];zi[0xa7][0x15]q[0xa8][0xab]w[0xd5][0x11][0xc1]W[0x1e]k[0xca][0xe6]R[0xf4][0x94][0xa1]Q[0xb6]'c[0x86][0x97][0xf2]sy[0xa5][0xb3]g[0xeb][0xac]l[0xbf][0xf1][0xda]7_[0xfb]s/[0xfe][0x7]7[0x10][0xbb][0x95][0xeb][0x12]?H[0xe5][0xca]V[0xcc][0x97][0xe1][0x9b][0xd2]<[0x9f]Q&9*x[0xa1][0xbe][0xdc][0xfa]C[0xf8][0x83]g[0xa7]>[0x9c]0[0x1c]`[0x9b][0x18][0x1b][0x9b]X_[0xb0][0xff][0xd1]d}[0xaa][0x9d][0x6]J[0x8e][0x17]CO[0x1][0xb8][0xa2][0xf9]L[0x81][0xe4][0x81]2i8[0xf1]y[0xb2][0xee][0xd0][0x8e][0x1c][0x95][0x1f][0xfc][0xf6]V[&N[0xc5][0xfa]#[0xa6]x[0xf1](6Y[0xba][0x90][0xc9][0x9d][0xc3][0xc4][0xc5][0xea]e[0xae]2gc.[0xff][0xc3][0xb8][0xa6][0x1f]i[0xd9][0xa1]1[0xf3]zL[0xb0]q-r[0xcc][0x94][0xf7][0xec]k[0x0][0xca][0x95]&[0xfe][0x92]9j[0x80][0x1a]6[0xaf];[0xa8]E[0xd2]l[0x80]A;e[0xa3]9[0x8d]][0xb5][0xd0][0xcb][0xba][0x96][0xe2][0x9b]=[0xe1]t[0xa2]m[0xa5]tCci[0xc7][0x12][0xf][0xec][0xbb][0x16][0x14]ac[0xe8]5[0xe4][0x2][0xe][0xbd][0x89][0xf7]ws[0xf6]rVj[0xae][[0xbf][0xac][0xbe][0xe5]^[0xa9][0xce]>[0x9c][0xad][0xd7]<[0xae][0xd6][0xce]%[0xa8]k[0xc6][\r][0x13]O[0xb1]$[0xe8],m[0xcb][0xc][0xc1][0xc2][0xc4]bY[0xb6]Y[0xce]h[0x4]W{s[0xac]r[0xf1][0xc2][0x82][0x81][0xb8][0x10])s[0x90][0x15]?z[0x98]x[0xf4][0xec][0x8d]F[0xbc][0x95][0xef]U~ j[0xf1]|^>[0xc5]{[0x14][0x83]^L+.[0xd2]"[0xe4][0x81][0xa8]`[0xa2][0x1d][0xa7][0xcc][0xe5]`[0xc7][0xe2]m[0xb5].[0x14][0xcd][0xd2][0x16]q[0x8e]b][0xc3]F[0x0]r,[0xc0][0xb1]:c[0x94][0x5][0x1a]mE[0xb9]0[0xc6][0xe5][0x8a][0x99][0xfd]l[0x1b]O<[0x89]([0xda][0xdc]1[0x96]dZ[0x16]Cu[0xd4][0x97]S[0x89][0x87][0xf1][0x9f][0x0]<[0xc3][0xaa]A[0xa7][0xbb][0x80]F0[0xf4][0x16][0x86][0xa8]a7[0xb1][0xd8][0x19]3w[0xcb]X[0x84]N;[0xe5][0xdf][0xc2][0xc]oQr[0xae][0xf]s[0xc1]$[0x1c][0xfb][0xc9][0xa9]3[0xc9])[0x3][0x2]=H.Z[0xb6][0x9f][0x4][0x8]`[0xdc][0xe][0x89][0x1e]Q[0xb8][0xf7]"[0xa6]-sf>[0xa9]w[0xe6])U[0xa2][0x2]3[0xe1][0xb4][0xce][0x85][0xcb]5[0xee]m[0x94][0x9f]2[0x1b]S[0xdc],:31l[0xb2][0xa4][0xc2]L4[0x3][0x92]-".[0x9d][0x94][0xf7]\[0x97][0x2][0xc5][0xa1]*[0xdd][0xf8][0xf1][0xb5]v[0xc5]|[0xa9][0xbc][0xc5][0xe2][0x99][0xa4][0xf5][0x87][0xfb][0xae][0xc3][0x4]eZ[0x1a][0x88][0x9][0x94]1,[0x87][0x1]Q[0xb9]_[0xe][0xec]-[0xf4][0x89][0x5][0x8a][0xe0][0xec]s[0x1b][0x1e][0xcb][0xf3][0x97]M[0x93][0xf3]I[0xfa][0x4][0xab][0xb6]C[0x12][0x13][0xf7][0x2][0x4]b}[0xfe]I[0xc7]X[0xdc][0x9c][0xfb][0xa2]W[0xb5][0x8e][0xd9]F[0xa6]>9[0x9d]W[0xce][0xdd]=[0xf3][0xd2][0xbf][0xff][0x97][0xbf][0x88][[0xb9][0x95][0xef]S~ j[0xf1][0xbc][0xcf]>[0xb3][0xff][0xc5][0xbe]ui9[0xc7][0x9c]c[0xdd][0x9b][0x5][0xd2][0x81][0x97][0x8d][0xb9][0xdd][0x91]v[0x98]n[0xea][0xc2][0xae]E[0x1f][0xba][0xa6][0xcd]-{[0xdc][0xcc][0xdf][0x2][0x8a][0xba]j[0x14]k[0xa5][0x9b]S[0x81]VM[0xb6][0xcd][0xd3]5[0xd7][0xc7]8[0x1c][0xa5][0xa5][0xa4][0xb4][0xa9]dR[0x80][0xa4][0x98][0xc8][0x0][0xe1]D@`![0x0][0x10]\[0xfb][0xfc][0x82][0x8f][0xa9][0x8a]%[0xfe][0x93][0xd4][0x82][0xd4][0xd6][0x87][0xa8][0xdf][0x80][0xed][0xe]RL[0xe5][0x9f]>[0xc3][0xe5]qy[0xb1][0xa1][0xfd][0x1d][0x2][0x11]LS[0xcf][0x8d][0xc7][0xd2][0xa1][0x85][0x4][0x11]&[\n]"
05:56:02.467 [main] DEBUG org.apache.http.wire -  >> "S[0x92]T[0xa3][0xa4][0x1d]az[0xa7][0xb0][0x86][0x8a]o[0x86]@[0xe8][0xf][0xc1]k[0xa3]iB[0x18][0xcf]N[0x84][0xdd][0xbe]/[0xaa][0xf9][0xad][0xa2]W[0x9d]<[0xda][0x86]M[0xad][0x1]][0xb9][0x9][0x96][0x9][0xa4][0x84][0x1b]Y[0x94]T{[0xac]T[0xc2][0xb]k6[0xeb]d[0x8f]_[0xf2][0xaf][0xd3]k%[0xa9]KH[0xf6][0xce][0xcc][0xe][0x8e]S[0xac][0x8][0xad]OM[0xbe][0x6][0xde][0xc0][0x1b][0xeb][0xac][0xa7]O[0xa3][0xe1][0xec][0xd3][0xc0]J[0x89][0xf6][0x1e]([0x1c][0x85]S[0xc1][0xfb]/9[0xd3][0x90][0x2]1[0xae][0xff]K[0x8e]MC[0x8][0xd0][0x6][0xe4][0xd0][0x1b][0xac]D[0xb5][0x82]@[0xea][0xe2][0xf0][0xc3]HOj[0x5][0xa5][0xa4]-Z[0xdf]u[0xbc]{9[0xff]f[0xb9][0x82][0x87]M[0xf7][0xde]E[0xbc]z[0x9e][0xca]3[0xaf][0x9f][0xbe][0xf5][0xb3]/[0xfd][0xed][0x1b][0x88][0xdd][0xca][0xdb]+[0xf1]v+[0xf6]M[0xd0]/[0xbb][0xd7][0xc0][0xfb][0x98]&[0xe]e[0xea][0xd3][0x8c]Q[0xa3][0xb6] [0xc3][0xaf][0x95]no[0xeb]I<X[0xbd][0x89]Q[0xf6]K[0x86]c[0xc6][0x0]G[0x83][0x19])[0xab][0xc5][0xca][0xef][0xea][0xa0][0x87]1[0xf5][0xaa]I[0x0]WY[0x96]u[0xf5][0x9e][0xf1][0x6]~[0xcf][0x93]:[0xe3]ks8f[0x92]`z[0xd9]xK0[0xdb][0xfb][0x98]@[0x91]o[0xa1][0xcd][0xb2][0x0][0xb3][0xf4][0xda]8[0x16][0x8b]\tm[0xd7]+[0xf3]9[0xa6][0xbf]6[0x93][0x13][0x8a][0xff][0xb1]}[0x82][0x83]<[0xaa][0xa6][0xf4]8[0xcf][0x92]y[[0xfa]G[\n]"
05:56:02.467 [main] DEBUG org.apache.http.wire -  >> "qo[0xb8]3&[[0xa3]K[0x8e][0x98]1u_m[0xb8]'[0x8c]R[0xd2][0xba]B}[0x9a][0xc][0xf][0xd4][0x16]p[0xe5][0x81][0x0]t^8[0xc5][0xd9]pn[0xf2]t[0x16]"[0x16][0x99]4[0xe0]\[0xdf]T[0xbb][0xa2]xL[0xff][0x91][0xfa][0x19][0x90]#56[0xda][{[\r][0xda][0xd3][0x90]G[0xd7]m[0xa9]y[0xf7][0xfe][0xdc]s[0xf4][0x3][0x83][0xc9][0xe3][0xe9][0xed][0xc4][0x83]%[0xfb][0xa0][0xbf][0xc7]Z[0xfa][0xc][0x15][0xb][0xe1][0x9f][0xd5][0x15][0xe1]b[0xa0][0xb5][0x92]#[0x87][0x83][0xfc][0xe5]Q[0xd9][0x1e][0xe3][0xb6][0x96][0xcc][0x97][0xf3][0xe8][0xcf][0xe7][0xdb][0xac][0xc8].[0x99][0xee][0x97][0x7][0x10][0x9c][0xe3][0xf9][0xff]_[0xc0][0xbd]3[0x8d][0xf8][0x85]_|[0x5][0xb7]r+?@y[0xdb][0xd4][0xe2]N+[0x9e][0x14][0xcf][0x9][0xb7][0xc4];[0x8e][0x5]\[0x9d],[0x3]1~ j[0x8b]m[0xc][0xa0][0xf4][0xdb][0xae][0x17][0x8a][0xaf][0xc8]K[\n]"
05:56:02.467 [main] DEBUG org.apache.http.wire -  >> "[0xeb]Ac[0x1])[0xc0];[0xfa]O[0xc7];[0xb8]GF#T7[0x0][0x1f][0x9e][0x1d]8[0x19][0x6][0x1d][0xb][0x89]~[0xdd][0xa7][0xd2][0x15][0xf0]~[0x12][0xfb][0x97][0x9b][0xc3][0xbd]>)j[0xcd][0x14][0xfb][0xe3][0xfd][0xb6]EK[0xcb][0xbb][0xa8][0xa6][0x8][0xa5][0x8][0xab][0xe3][0xa0][0xe][0x81][0xa5][0xbe]B#6M[0x4][0xb8][0x99][0xc][0x7][0xd1]=![0x9d].R[0x83]QSG[0xc1]![0xa4][0xcd][0xeb][0xf2][0xfa]D[0x9e]8[0xe9]Ud[0xb9][0x80][0xe2][0xf7][0x16]c=FW[0xe6][0x91][0xad]ZW([0xd3][0xdd][0xb7][0x1a][0x90][0xaf][0xb5][0x96]Ipt[0xae]J[0xd2][0x85][0xbd].[0x2]I*[0xcb][0xdd][0x1]b[0xf2]B[0x1e]c3[0x96][0xae][0x8e][0xd5]C[0x97][0x88][0xf].\[0xf4]VQ[0x1b][0xf2][0x92][0xaa][0xee]f[0xcb]=[0xb1]@[0x82]Q[0xf6][0xb2]F[0x1b]J[0x14]Y{[0x93]&[0x10]&[0xec]!h[0xb4][0x9][0xa8][0x95][0xcd]7C[0xe2][0xf6][0xe8][0xc9][0xd7][0xb2]J[0xa6][0xf3]y8[0x88]V[0xbf][0xed]i[0xf6][0xc5][0xb1][0xdc][0xd6]@[0xb3][0xef]"[0xaa]S[0x9f][0xed][0x94][0x8c][0x8][0xec]s[0xda]9/[0xcd]O[0x86][0x14][0xcc][0x9e][0x9a]Y[0xe]*[0xca]==[0xf9]0Oq[0x6][0xb0][0xe3]!n[0xe5]V~[0x88][0xf2][0xb6][0x81],N[0xf8]y[0xbb][0xa1][0x5][0xeb][0x8d][0x8a]4Z[0xa3]~[0x1a]$[0xf4][0xa9][0x1f][0xaa][0x6][0x9d]Q[0xd8][0xe9][\r][0xd0][0x82][0xef][0x13]b^R\[0xdf][0x14][0x19][0xfd][0xd4][\n]"
05:56:02.467 [main] DEBUG org.apache.http.wire -  >> "[0x98][0x9d]M7Q[0x0]x[0xcd][0xf9][0xcb][0xa3][0x8a][0xf4][0x93][0x5][0xf6][0xa1][0xc1][0xc4][0xe2][0x9d][0x11]l[0xc7][0xb][0x1][0xd6][0x99][0x97][0xae]Y[0x80][0x89][0x9e][0xdc]~;S[0x8a][0xd5]IjSv[0xbf]"
05:56:02.467 [main] DEBUG org.apache.http.wire -  >> "Q3[0xc6][0x98][0xe1]([0xce]wCH[0x1f][0x4]s[0xbd][0xb3]o[0x1a]gb[0x5][0x13]E[0x82][0xa2][0x8])Bz[0x11][0x2][0xbe][0x90][0xa2][0x87]/[0x9d][0x85]-[0xd2][0xd7][0x8a][0xa0][0x92][0xbc][0x97]M[0x14]j\[0x6][0xb8][0xaf]A[0xab][0xb9][0xb8][0xcb][0xc1][0x94][0x1d]C[0x19]2[0xb8][0xb4]L[0xa7][0xe7][0xa7]N[0xb8]][0xb8]6mj[0x80]zQ[0xdf][0xe7][0xd8][0x0][`">[0xd0][0x95][0x5]w[0xbd]D[0x96]5[0xd8][\n]"
05:56:02.467 [main] DEBUG org.apache.http.wire -  >> "[0x1f][0xcb]z[0x83][0x8b][0xa9][0xb6][0x82][0xfe][0xc3][0x91][0x19]3[0xb3]l[0x9e]F[0x92]3[0xe7]^Gm[0x9a][0x8b][0xfa][0xdf]&V[0x7][0xe2][0xf2]"[0xb3]h[0xa0][0xc5]A[0x96][0x96][0xe3][0xb1]Z[0x2][0xb2]mt[0xcd][0xd5]"pKy/[0xc3][0xc5][[0xb2][0x13][0xbc]ULXs[0x8c][0x1e]@[0xf4][0xa8][0xc][0xd7]>#[0x19][0xa1][0xf5]hkJ[0xd6][\r][0x97][0xb1]d[0x85][0xb6][\r][0xa5]?^>[0xcb][0xe5][0xe9][0x97][0xfe][0xfd][0xf3][0xcb][0xb8][0x95][y[0x7][0xe5]m[0x3][0xd9]y[0x3][0xfe][0x9c]@[0xa3]n[0xbe][0xd2]a[0xac]=[0x9d][0xae][0xf7]y[0xcd][0xa2]4[0xb8][0xe9]k7[0x3]0&[0xf][0xed][0xa5]a[0x92][\n]"
05:56:02.467 [main] DEBUG org.apache.http.wire -  >> "[0xaa][0xc2][0x11][0xc4]H[0xf3][0xb5]~[0xe9][0xf8][0x86][0x1d][0xef][0x94][0xb5][0x98]s[0xd0][0xe4][0x80][0xc0][0xcc]q^[0xe2]1.*}[0x81][0xe4][0xc1][0xab][0x98]k[0xba][0x13]f[0x3]R[0x81][0xb6][0xbe]!MG[0xd0][0xc1]@.[0x16][\n]"
05:56:02.467 [main] DEBUG org.apache.http.wire -  >> "r[0xff]+[0xaa][0xab][0xc1][0xbe][0xee][0xf5][\n]"
05:56:02.467 [main] DEBUG org.apache.http.wire -  >> "zU[0xa3][\r][0x8][0xee][0x1a][0x6][0xc1]a[0xc][0xfc][0x94]V[0xa6]"v[0xa1][0xea][0xb9][0x8f][0x98]t[0xe9][0x91][0xc9]O[0xef][0xe5]][0xc][\r][0xa8]u[0x99][0x94][0x1]8g[0x8][0xcb]Ne[0x16]c[0xe]hD.&D[0x8][0xfb][U[0xce][0xda][0x97][0x8a].[0xaf]D[0xb][0x1f][0xee][0x83]b(4[0xda]Kv[0x8f][0x17][0xb0]x[0xd6][0xab]W&[0xcb][0x8b][0x86]C[0xc2][0x9c][0x99][0xd0][0xe4][0x92][0x0][0xa8][0xfb][0xb6][0xfd][0xba]z[0xbd][0xec][0xbe][0xfd][0xf5][0xa9];M[0x82]S+[0xf1][0xf1][0xba][0xf7][0x4][0x96][0x91][0xe2][0x18][q[0xf4]^[0x95]h[0xb1][0xd0][0x90][0x4][0xb1][0xfd]e[0xcc][0xce]8n[0xd4][0x1]:[0xce]E[0xde],%.q[0xf6][0xba]e0[0xac][0xd7][0xeb][0xd5];d[0xb7][0x17]zl[0xe4][0xbe]![0xaf]X[0x0][0x6][0xac]C[0xe8][0x3]gF[0xc3][0xde]@[0xfd]F[0xd8][0x17][0xff][0x8d][0xdb][0x13]9n[0xe5]])o+[0xd9][0xe3][0xa7]~[0xfb][0xe5][0x9f][0x9b][0xa8][0xae]m[0xfe]NR[0xc8][0xc3]A>[0x94]\^[0x94][0xe9][0xb8][0xff]X9[0xcc]t[j[0xe]wc[0x9e][0x91]i[0xf2][0xe8][0x0][0xbc][0x81]M}[0x1c][0xde]L[0xba][0x97]U[0x7]>[0xd3][0x95][0xe0]X[0xe5][0x16][0xd7]Q[0xb0][0x3][0xf2][0xbe]4[0xe7]u&[0xa2]?[0xfb][0x13][0xd2][0x88][0x8b][0xf9]*K[0xb9][0x6]:j[0xaf][0xc1][0xc][0xa4][0x84]F[0x18]*[\n]"
05:56:02.468 [main] DEBUG org.apache.http.wire -  >> "=[0xda][0xbd]X[0x7][0xb5]9~TX[0xb8](N[0xb][0xf2][0xd3][0x83][0xc6](~[0x9c]$[0xca][0x18][0xe3][0x80]b[0x97]d[0x13][0xa4]|[0xa3]Ah[0x9][0x87][0xc2]c[0x9a]BrM[0xa2][0xd3][0xf2][0xe5][0x8]y{i[0xd7][0x12]i[0xac][0xfb][0xd3]@[0xd4][0xd6][0xfd][0xfe][0xc]#Q[0x87]-[0xb5][0xf2]O[0xad]_[0x8e][0xb9]6g[0xa7][0xd6][0x19]0Te1[0xcb][0x9d][0xa0][0xe1][0xa9][0xf8][0xec][0xdb][0xd8][0xe7][0xe0]m[0x6]#[0xda]X[0xd6]$[0x19]M[0xcd]4[0x1a]o[0xd9][0x13][0xd5]k[0xf9][0xc5]mH[0xec]{[0x19][0xc7][0xb5][0xcf]v%[0xb9][0xa8][0xb1]D[0xdd][0x96]}[0x9b]p[0xf9]N[0x3] [0x88]-[0xd4]iC,[0xaf][0xa7],[0xf8]T[0x98][0xf1]`[0xa7]o[0xb9]Wq[0x18][0xe4][0x9c][0xc1][0x19][0xc2][0xac][0x9]|[0xfc]][0xe7][0xd5][0xf3][0xb9][0xf6]5[0xfc][0xc9][0x9f]}[0xf1][0xb]7[0x10][0xbb][0x95]w[0xaf][0xbc]-[0x8f][0xec][0xbc][0x19]>[0x9a]>a[0xc0]+[0xde][0xaa][0xb2][0xd9][0x8c][0xf3]^JK[0x97][0x86]7[0xe1][0xb4]"2[0x16]E[0xa2][0xe3][0x9b]Tu[0xe9][0xd7][0xb3][0x9e][0x0]M[0xcf]qH[0xa1]D[0xa6][0xac]E[0x81][0x8e]Z[0xd8][0xcd][0xd4]~[0xbc][0x15][0x1f]l[0x10]`[0xbe][0xbf]([0xba][0xf9][0xca][0xa9][0x1b][0xab][0x1c][0x96][0xb4][0xc0][0x98][0x1a][0xc1]U[0x7][0x9c][0xc8][0xa5][0x81][0xcc][\r][0xc0]v[0xc1][0xb8][0x9]1[0xca][0xd4][0x0][0xf5][0xe0][0xcd][0x89][0xca]MS[0xc2][0x8e][0xc0][0xd4][0x94][0xab][0x9e][\r][0x9d][0xdc][0x11]yX[0xbc][0xbc][0xe3]5x[0xaf]Re![0xb6]]B'[0xcc][0xfd][0x13]v[0x95][0x12]H[0xc][0x16]dH[0x80]h[0xb3][0x1b][0xf3][0xed][0x7]H[0xaf]B4[0x9b]@[0x98]{E2[0xa3][0xd3] c`Ck[0xfc]#; [0x8a][0xcd][0x5]C[0xfc]_[0xa9][0xb7][0xbe]&L[0xfc]4[0x16][0xcc]M[0xe1][0xb][0xdb][0xcb]Md6[0xe8]y::[0xc]d[0xd5][\r][0x97][0xa5][0xce]T[0x8d][0xf][0xbe][0x9d][0x6][0x16][0xe4][0x95][0xb5][0xb8]8[0xb1][0xc4]z[0x8e]<F[0xc8]A[0xf5][0xb2][0xc0]<+[0x1d][0x85][0xd0]$[0xd5][0x82][0x1]d*N[0x7][0xa6][0xfa][0xbb][0x10]8[0x11][0xf8].[0x99][0xf][0xe9][0xa4]w[0x85][0xaf][0x9f][0x1b][0xf9][0x8d][0xd7][0xf0][0xcd][0xe7]^[0xf9][0xc2][0xd3][0xaf][0xe2]Vn[0xe5]].o[0xb][0xc8][0xce]{[0xf1])[0xbd][0xba][0x14][0x5]U[0xae][0xb][0xf5][0xa8][0xe8][0xb8]m9[0xc4][0xe1][0xd4][0x93]}[0x9a]PVb[0xa4][0xf1][0xf7][0xa4][0xa5]hL[0x17][0x85][0x19][0xe1][0x19][0xbd]RZ[0x1d][0x83][0xaa][0xef][0xed][0xdb][0x8e]x[0xe8][0xc6]c[0xc5][0xa3]dj[0xb7][0xfe]u[0x8f][0xca][0x81]P[0xe0][0xda]T[0xe7][0x96][0xeb][0x9][0x1e][0xcf]n[0xe7]!0[0xea][0xa3][0xd0][0xb9]6[0xfe]J[\n]"
05:56:02.468 [main] DEBUG org.apache.http.wire -  >> "[0xd1][0xd8]3[0xf4]<0[0x99][0x15][0x8b][0xc]K[0xfb]0[0xa4]T[\r]j[0x92]2[0x1b][0xa6][0xdd][0xcb]O[0xa9][0xc]=[0x1b][0xea][0x81][0xb8][0x0]([0xfb][0xe1]J%[0xb9][0xcd]B[0x91]A [0x9b]f([0x14]`o[0x3]7#z[0x3][0xc3][0x1e]?[0xbd][0xa4][0xb0]9s[0xdc][0x16][0xe7],[0xe8]G[0xfb][0x10]9[0x16][0xfe][0xb0][0xa5]%n6[0x1e][0xab][0xbf]Q[0xb4]0=[0x11][0x92][0xbd]m[0x90]Q[0xb4]Z[0xb6][0x84][0x89]3[0xe0][0xde]"[0xb1]s[0xa5][0xc9][0x8]>[0xcb][0xec][0x8][0x1e][0xd9][0x98]y}F[0x84]AI;[0xa0]OJ[0xef][0xc8][0x16]H[0x10][0x8a][0x92][0xdb][0xb4][0xe3]}[0x93][0x1f][0xd3][0x8f][0xae]R[0xe7]q[\n]"
05:56:02.468 [main] DEBUG org.apache.http.wire -  >> "[0xf][0xaa]"[0xae][0x86][0xf][0x93]T[0xd3][0xcb][0xb2][0xea][0x86][0xa3][0xe7][0xbc][0xc8][0xe5]j[0x9e]j[0x92]`[0x99][0xe][0xab]l[0x9d]Y[0xf4][0xea][0xe9][0x8b]y[0x8a]g^[0xfc][[0xff][0x8b][0xaf][0xe1]Vn[0xe5]=*[0xf1][0xfd]*[0xfc][0xf9][0xdf]|[0xf9][0xc9][0xd3][0x9]p[0xd9][0xb3][0xfe];U[0x17]$[0xd1][0xf3][0xfa]Rg[0xab][0xe9]4W[0x88]}R[0xa8]Le[0xa5]Z[0x85][0x94]*Q(A[0x87]#[0x1][0xb7]^[0xa9][0xb1][0xf7][0xb2][0xa5][0x19]}l[0xcb][0xb8]z~[0xbc][0x0][0x8e][0x14][0x8e]*[0xb5][0x5][0xb9]\[0xab][0xaf][0xf9]y[0xc]Hk[0xc0][0xb9][0xe8]@';[0xa7][0xc]&Qu[0x84]<[0xb0]I[0xaa][0x0][0xa8][0x17][0x92][0x16][0xbf][0xab][0x88][0x1e]`[0x98][0xb3][0x95][0xe][0x19][0x10]Iue$[0xe4][\n]"
05:56:02.468 [main] DEBUG org.apache.http.wire -  >> "N[0x4]p[0xb4][0x97]l[0xf1]?)Wt[0x9c][0x8c][0x80]em[0xce]=B][0x8f][0x17]I[0xef][0xe5][0xc8][0x97][0xd3][0xea][0x85]\[0x97][0x11]X[0xc0]B[0x9]![0x97]v[0xfd][0xce][0x7][0x2]Z[0x8c]1![0xfc])[0xf0]d[0xb2][0x83][0x81][0x9e]P}[0x91]UN2[0x85][0xf6]Z[0xb]/[0xeb]'Tb[0x95][0x1b][0xdb][0x87][0x81][0x9c]@[0xe8]([0xe3]8[0xc8][0xfa]"[0x9f]m[0xe2][0x8c][0xb6][0x0][0xda][0x96][0x16]w[0xeb][0xef][0xd6][0xb6]U[0xd7]w[0x99]_[0xdf]sN[0x9][0xdf]e?[0x1e][0xad][0xad][0xcb][0xec]'[0xdb]9D[0xc8][0xfd][0x86][0xe7][0xd5]C[0xf5][0x93][0x15][0x86][0xfd]2(D[0xa3]vc{[0xfc]o[0xef][0xe3]a[0xe6][0xa3][&[0xe2][0xad][0xbc]/[0xe5][0xfb]zdg+[0xef])y;R[0xe0][0x9][0x3][0xac][0xbc][0xa4]42-7y[0xa3]-[0xda][0x18][0xa4][0xe1]-[0xfa],[0x97][0xec]B[0xc][0x3][0xd1]g[0x12][0x82][0x8a][0xe8]4[0xe8]t[0xaa][0x3][0xdb]X[0x87]![0xb][0xb1][0x15][0xd3]Pw[0xa3][0x95]W[0xe5][0xc0]y[0x8c][0x8e][0xe0]}_[0x87][0xfb][0x90][0x1a]@c[0xbc][0x98][0xe4]x[0xda][0x9][0xa1][0xc6][0xa8]k[0xc3][0x14]q[0xff][0xbf]%[0xd0][0xc2][0x18]E[0xde][0xc9]2[0xea][0x87][0x14]\[0xb5]o[0xf1][0x94][0xa5]R[0x3]%[0xfb][0x9d][0x9][0xf5]w[0xa3]g\[0xe5]E[[0xdb][0xa6][0xe4][0x2][0xf6][0xbb]l[0x1c],[0xd8][0xf6]x8m[0xdd][0xdb][0xfd]y-[0xf]z[0xbe][0xe3][0xc9]I[0xe0]#[0x15]yx[0xe6]/[0xfa][0xc8][0x1d]p[0xcf][0xe3][0xc9][0xad][0x1f][0xfc][0xdb][0xbb]ho[0xaf][0x95][0xb0][0xb6]Bw[0xe2][0xb1][0x1a][0xf7]~M`f[0xcc][0xc8][0xf8][0xe9]e([0xcc][0x97]L4[0xe7][0xf1]6[0xf8][0x81][0xff][0xb6][0xd6][0xc4][0xba]V[0x10][0xab][0xf6][0xc8]9[0xfa]>[0xcd]k[0x10][0xd3][0xda][0x94][0x9d][0x10][0xde]F[0xd1][0x81]1 [0xe3][0xfd][0x1d][0xc0][0xbb][0xcc][0xa6][0x11][0xbc]@,[0x16][0x19]d[0xc7][0xdf]H[0xd7][0xd2][0xd1][0x14]0[0xc7]![0xdb][0xd4]e[0x19]#<} p[0xaf][0x1]4[0xdb]@w[0xbc]Vn[0xbb][0x0][0xd8]v[0x3][0xb0][y_[0xcb][0xf7][0xa7][0x16][0x3]?[0xb7][0xff][0xcd]\[0xac]s[0xf1]gJ[0xff]n`[0xd2][\r]*[0xb9]*[0xe3]n[0xa3][0xda][0xc][0xd1]>4[0xc]3dJ+[0xb3][0xae][0xaa]6]Xc[0xe9]cc[0xe1][0x8e][0xd6][0xaf][0xd9][0xae][0xf]0[\n]"
05:56:02.468 [main] DEBUG org.apache.http.wire -  >> "[0xb8]a7,[0xd5][0xdf][0x0][0xad][0xf][0xb3]g[0xd8]u<Fu[-5([0xb5]z[\r][0x7][0xa9][0xc6][0xa1][0x90]U.[0x8d]h[0xe0][0x7][0xd3][0xe2][0xd1][0x8a][0x80][0xf5][0xf6]{[0xf3]F[0xb0]A[0xa6][0xd0][0xe5][0x94][0xee][0xbd][0xe9]+[0xc6]=RJlk[0xed][0x17]C[0x8d][0xe5][0xa2]Ls[0x4]V_[0x91][0x8a][0xad][0xf7]Z[0xd3][0xbe]6[0xa0]8[0x96]w[0xbb]8 M[0xf7][0xce][0xfa].Y[0x9c][0xc1]}S[0xc2]0!p[0xb5]F[0xa9][0xb6][0xfc][0x5][0xb0][0xe6][0xa5][0xb5][0xe3]W[0x83]*c[0xe1]J[0x1e]=[0xd6][0x98][0x99][0xc6][0xc]][0xfb][0xa7][0xdd][0xe2]h[0xf0][0x88][0x18][0xe0]"[0x98][0x85]Y[\r][0xbc]6[0x4]x[0x82][0xd2][0xee]F[0xb0]p[0xf9][0xb3][0xe1][0xba][0xdc][0x1]f1[[0x96][0xc7]d[0x86][0x9d][0xb5][0x80]M_[0x8f]wDQ$[0x1b]][0xda][0xab][0x9d][0xd3]C[0xec][0xed][0x1b]pd[0xd3]R[0xe4]p[0xd2]r[0xa8][0x9b][0xf]d[0x88]S[0x99][0x94][0xb1][0x18][0xc][0xbb][0xec][0x14][0x93]5j[0xb7]6[0xc2][0xc3][0x8c][0xb3][0x7][0xf6]7o[0x0]v+[0xef]y[0x1b]@[0x16]O[0xd2]8[0xdb][0xf][0xe0][0xe5][0x89][0xe8][0x97][0xb8][0xb][0x95][0xd6]BD[0xf8][0xa1][0x8d][0xab]s[0xbe][0x1b]p[0x99]T[0xb5][0x18]3[0x13][0x8a][0x91][0x99][0xa2][0x9c]$9[0xf7][0xde]t[0xc6][0xe5]Jt[0xd3][0xfb][0xf5][0xa1][0x93][[0x9e]![0xea]F[0xdf][0xa4][0xde]n[0xe5]9[0xb8][0xa8]![0xe7]T[0x88][0xae]r[0xc0][0xbe][0x1]0[0xe8][0x1e][0xb1]%Hq[0xea]k[0xa8][0xe0][0x1b][0x9b][0xe0]l[0xe8][0xda]"JFpWK[0xed]IY/[0xf4]S[0xb5][0xb][0x82][0xb4]>T4[0xa3][0xe2]K[0xc]8.J[0x94][0x97][0x18]X[0xf8][0xcc]N[0x8b]o[0xd6][0x80][0x1e][0xfb][0xef][0xc9]I[0xf9][0xf6]5[0x3][0xfe][0x94][0xbd][0xe6][0xb3][0xbc][0x9e]I[0xdb]|e[0xbe]0[0xd3]r[0xf1][0xce]bI,![0x8e][0xcf][0xeb][0xdd][0xc8][0x89]<[0x6][0x8c][0xc2][0xfb]1CG[0xe6]N[0xda]*[0xb4]L[0x13][0x7][0x9c][0xaf][0xd6],[0xf6][0x14][0xe][0xa2]=[0xbc][0x1a][0xf4]A[0xac]n[0xac][0xd8][0xf4]3[0x8e]4[0xe4]|k[0x98][0xdb][0xad][0xb8][0x9c][0xd8][0xa3]<G[0x3][0x8e]n[0x9c]@[0x97][0x1c]|[0x8][0xd3]z[0xdc][0x1b][0xc1][0xcc][0xaf]/[0x9b]L[0xb4]#[\r][0x89][0xa1]\[0x1b]L[0xb5][0xff]k[0xcb][0xf5][0xba][0xef][0xde][0xfc][0x16][0xb2]s[0x2]7[0x0][0xbb][0x95][0xf][0xbc]|O [0xfb][0xc9][0xdf][0xfa][0xcf]?[0x5]<zBgT[0xd6]6[0xf5][0xa0]h(:_[0x93][0x18][0x83]}[0xad][0x13]e[0xca][0x93]API[0x9b][0xe5]O[0xa5][0x9c][0xc1]L-[0x8c]~[0x10][0x91][0x1][0x98][0xc7]PU[0xda]P[0x9f][0xf] e[0x6][0x98][0x8d][0x19][0xe6]J[0x8d][0xa2][0x9]9[0xc]c[0x85][\n]"
05:56:02.468 [main] DEBUG org.apache.http.wire -  >> "[0xa5]C[0x9d][0xf7][0xc1]n[0xbe]l[0x14][0xe9][0xd5][0xfd]n[0x92]B[0x3]_[0x3][L[0xb2][0xca][\n]"
05:56:02.468 [main] DEBUG org.apache.http.wire -  >> "[0xe6]3[0xbd]}Lq[0xa0][0xec][0xc2][0xe5][0xa8][0xdb]oi9,[0xd3][0xf0]'.d[0xe3][0x13][0xcc][0xc3]h-Eo[0xdb]&[0xad]qY -[0x1d][0xb9][0x18][0xeb][0xeb][0xad][0xd1][0xf2][0xc9]eR[0xe][0xc0]}[0x8d]O7E[0xc8][0x92][0x92]N[0xd9]![0xc4]b[0x3][0xab][0x1e][0xe2]"2@[0x9e][0xa9]!([0x8c][[0x4]Yab[0xfd]d<j[0x90][0xa2][0x1][0xa3][0xfb][0xe3][0x1c][0xb5][0x96][0x9a]r[0xd2][0x83][0xa2][0xb9][0xe5]}[0xae]f[0x9d][0xde][0x7]c[0x8b][0x4]I[0xe6]$u[0x17][\r]:[0xbd][0xb1][0xe][0xf7]M&[0x94][0xe8][0x81][0xa9][0xdb][0x89][0x1a]0o[0x93][0x9c]c[0xff][0xbb]:zs=[0x10]>5[\r][0x8][0xf3][0x19]ez[0xea][0xa3]([0xd4][0x12]-[0x9b][0x97][0xa7][0xd2][0x7][0xce][0x0][0xf6][0x97][0x1e][0xe2]Vn[0xe5][0x3].[0xdf][0x13][0xc8]N[0xf7][0xb6][0xa7]F%[0x1d][0x82][0xfb]i[0xa6].D[0x5][0x8e][0x7]e[0xde][0xd6][0x4]~[0xea][0x8a][0x18]s{[0xb4][0x5][0xb3][0xf0]&[0xb1]b[0xc0]A[0xb4]%[0xf5]1-[0xf4][0x5][0xb5][0xa2][0x1]#[0xe]O[0x1][0x19]k[0xb2][0x95][0x18][0xe0][0x96][0xfd][0x18][0xb2][0x9][0xc8][0x10][0x97]74[0xd9][0x8b]3?[0xd8][0xf4][0xae][0xb2]0/Fk[0x8d][0x91][0x0]B[\r]H[0x8d][0x93][0x99][0xf6][0xc8]"[\n]"
05:56:02.468 [main] DEBUG org.apache.http.wire -  >> "[0xb1][0xfa][0xdc][0x15][0xdd]V[0xd5][0xae]hE[0x97][0x88][0x11][0xc4][0x80][0xda]8![0xbb][0xba][0xc3]8[0x9][0x13][0xdb][0x87]n[0xd7][0x85][0xae]o:[0x97][0x6]J[0x83][0x1b]Fn[0xe]M[0xa9]~[0xd7][0xfb][0xe8]([0xf]L[0xb8]&[0xb9][0x17]B f[0xd3]&[0xa0]/[0xed]g[0xda][0xa3];[0xcd][0xa5][0xe7][0xb4][0x9a][0x12][0xe4][0xd2][0xb4]be[0xa6][0xa0][0xd6]A[0x18];2[0x8a][0xbc][0xf2][0xa3]Z[0xc4]4sR[0xb4]bL_-[0x8b]jH76[0x1f][0x9a]OB[0xf9]r[0x3][0xf3] I[0xd0][0xc0][0xd8][0x92][0xf4]o[0xda][0xf6][0xe7][0xd2]5][0xdd][0xd0]5[0x3][0xcd]YI[0xee][0xed][0xe3]m[0x3]8[0xe0]{[0xca][0xf0]J`[0xa5][0xcf]A\[0x87][0xe6][0xc2][0x8b]V[0x8b][0xad][0xee]g[0xe8][0x8f][0xaa][0x9d][0xf3]'[0xf][0xcf]o[0x9f]}[0xe9]o[0xfd][0xc2]C[0xdc][0xca][0xad]|H[0xca][0xf7][0x4][0xb2][0xf3]v[0x8a][0xdb][0xde]?[0xa7][0x93][0x10][0x16]=[0x96][0xf3][0xb1]W[0xc8][0xb1]Ms[0xbc][0xa4][0x80][0x3]Z[0x1d][0xac]:[0xbc][0xa5][0x15][0xd1][0x1a]OT[0x8f][0xc5][0xdd][0xc6] \[0x8c][0xe9][0x5]`[0xc1]x[0x8c]h[0xc2]U[0x19][0x16][0xae]t}[0x8d][0xc9][0x9a]3*[0xcf][0xec]S[0xd8]<[0xb]1@[0xba][0xcb]@l(F[0xc6][0x11][0xba][0x89]Q[0xc2][0x1a][0xb2][0xff][0x95][0x82][0xe2][0x10]r[0xa9][0xe6][0xd4]T[0xab][0xda]v\[0xd0]1%[0xcd]"[0xdc]B[0xb7]f[0x17]on[0x8d][0xae]L[0xbb][0xac]nF[0x89][0xd3]K[0xb9](N[0x3][0xd6]cC[0xfb]@v0n%xH*[0x99]= [0xd9]5&H[0xa7]7[0xb6]0[0x86]E[0xcf][0xa7]}[0x97][0xc0][0x1][0x90][0xf6][0x16][0x98][0x8d]8[0xe6]F[0xd2],[0x89][0xd9]x[0x96][0x1f][0xc1][0xd9][0xe]m[0xc9][0xb6]g[0x17][0xbb][0xad][0x10][0x9c][0xc3]~[0xcf]![0x96]M8=[0x88]E[0xc8][0xc5]k[0xab][0xe9][0xd2]Z[0xa2][0x99][0xa6]LL[0x90]{N[0x82][0x9a][0xfc]Z[0x81][0x10]4[0x86][0x83]a[0xd1][0x83]/[0xe8][0xad]y[0xb3][0x1][0xda]A[0xf2][0xc6][0xa7][0xa1]8H[0x90][0x3],J[0xdd][0xf0];g[0xc][0xf][0xf3][0x2]`[0xf3][0x6]`[0xb7][0xf2][0xe1]+[0xdf]/F[0xf6][0xd4]q[0xc7][0x87]N[0x9d][0xde][0x97][0xce][0xd8][0xdf][0xf5][0xa1][0x99][0x10][0x85][0xe3]A[0x9f][0xd9][0x93][0xd1]a[0x8c]'[0xd1]R[0x94]^.[\n]"
05:56:02.469 [main] DEBUG org.apache.http.wire -  >> "[0x91][0xd4]]'%[0xb4][0xee]I)Hf[0xc]4[0x88][0xd5][0x80][0x88]0[0xde][0xf7]T[0x3]Hh[0xe6][0xaa][0xc1][0xdb]{[0x98]>[\r]8[0xd2][0xe2]+[0xd2][0x12]s[0xe0][0xb1]Lt<J[0x93]PSg[0xab][0x15]m[\n]"
05:56:02.469 [main] DEBUG org.apache.http.wire -  >> "[0xf]0[0xab][0xfc][0x8a][0xa6][0xc][0xfe]!4I)[\n]"
05:56:02.469 [main] DEBUG org.apache.http.wire -  >> "!I[0x95][0xc2]KN[0xf2][0x84]yN[0xac][0x13][0x94]C[0xa7][0xe3][0x83]F[0xc0]\N[0x8c]Y[0x1]kQ[0x8c][0xca][0xf]([0xcd]<[0x8e]g,mQA[0x1f][0x9c]ehYJJ[0x8b]'[0xd2][0xc9]7c[0x12][0xcc][0x13][0xed][0x1b][0xe4]yi[0xdf][0xd0]>[0xde]G[0xcc][0xba][0xb6][0xc5][0xb5]x@a[0xb7][0x11][0xa0][0xd1][0xe1][0xf2]4[0x94]-[0xd4]v[0x8c]p[0xe6][0x1b][0xe5][0xfd]1F4[0xbd]k~[0xbd][0x97]1[0xeb]lrc[0xa2][0x85][0x16][0xda][0xf6][0xc2][0x16][0xe3][\r][0x82]FI:[0xe0][0xb4]M[0xd6]r<[0xf5]2[0x9a][0xac][0xe1][0xeb]VoN[0xa7][0xf2]Z[0x93][0xe3]!i*[0xe1][0xb9][0xb7][0x6][0xc6][0x92][0xd5]F[0x14][0xba]}[0xf9][0xfc][0xfa][0x6]`[0xb7][0xf2][0xa1].o[0x9]d?[0xf9]w[0xce][0xf1][0xb1][0xed][0x91][0xde][0xe7]PJ[0x11]t&h7[0xb6]i[0xbb][0xeb]3[0x99][0xc5][0xd4][0x1][0xb1]X[0xf9][0x82][0xbc][0xa4][0x1f][0x91][0xc3]`[0x11].[0x8c]q[0x3][0x15][0x9a][0x94][0xf8][0x1c]o[0xd2]90[0x85]h[0xde]T[0x8c][0x15]J'[0xc6]tG+[0xfe]%kQ[0xb5][0xf5]wn<[0x1e][0x8f]L},[0xde]`[0xf]g[0xb2][0x4][0xa8][0x8f][0x14]TX[0xc0][0xc0][0x14][0x1a]`[0xf4]i[0xe2][0x9a][0xaa][0xc4]*[0xbb][0xd4][0x10][0xf][0xc9][0x12][0x8a]1[0xe5][\n]"
05:56:02.469 [main] DEBUG org.apache.http.wire -  >> "[0xa6]K[0x9c][0x8c][0xdf]1a[0xcf]d}[0xe2]|}5[0xae]2[0x11]Me[0x1e]h[0xd5][0xbe]f[0xad][0xe4]O[0x1][0x1]5[0xb4][0xcc][0x95][0x96]q[0xe1][0x4]QE^[0x18][0x80]%[0x9e]%[0x85][0xbd][0xc4][0x6]1nf[0xc6][0xd1]+[0x91][0x98]S[0x98][0xf][0x85]|[0xe0]{x[0xa3][0x17][0xa2][0xb6][0xbb][0xd9][0xba]x[0xa3][0xd3]6}[0x0][0xbc][0x81][0x99][0xf8]([0x10][0xf1][0xac][0x18][0x19]*[0x8d]([0x8b][0x14][0xdb][0x1e][0x82][0xbc][0xb3][0xba][0x8a][0x1e][0xb0][0xb6]rx[0x8c]k[0xbf] [0xad][0x89][0xe9]\`>c[0xd1][0x8a][0xa4][0xb1][0xfa][0x4][0xc2][0x9e]@[0xc8][0xf3][0xa6]x[0x91]_[0xde]n[0x0]v+[0x8f]IyK [0xbb][0xff][0xe8][0xcd]O[0xe7]%C[0xb1][0xf3][0x7][0xc2][0xf2]&[0x90][0x8b]J[0xa3]B[0x9]8[0xfd][0xc7]{[0x95][0xd2]A[0xac]u#[0xe8][0xec][0x0][0xcb]Q[0xab][0xd6]VoNO[0xbd]0[0xc0]X[0x12][0x1e][0xa0][0x3][0xcc]D[0xe]B[0x1e][0x1f]n[0x9c]i[0x9e][0xd0][0xae][0x9d]6H[0xe7][0xf7][0x4]rP"[0x81][0x89][0xc4][0xc0]$At[0x82]E[0x98][0x4][0xc][0xf0][0x82][0xf3][0x94]f6[0x3]X[0xed][0x17][0xe0]5[0xf0][0x9][0xad][0x9][0x18][0x18][0xcf]j[0xef],[0x16][0xe9]p[0xe][0x99][0x14][0x94]d[0xbd][0xd1][0xde][0x8][0x8c][0xeb]c^R[0x93][0xab][0xfb][0x8f]*w8[0xec][0x8]BW1/h[0xf9][0xf9]![0x19][0xa8][0xd5]W[0x9f]x[0xc][0xa4][0xfe][0xf7][0xaa][0xca][0xf4]D[0xd3][0xb2]uu;<[0x5][0x18]ib[0xe8].[0x1d]T[0xee][0xde]'[0xd1][0xde]V[0x86][0xc7][0xa3]t[0x3][0xf5]x+J[0xac]Q"M{[0xf8]\y[0xb3]?D5[0x96][0x1c]h[0xa7][0x4][0x94]~[0xbe]r[0xd1]r[0xc0]f[0xa1][0xe9][0x99][0x19][0xae][0xa7][0xb6][0xb2][0xd9]YB[0xd6][0x1e][0xf7][0xd8][0x0][0x6]v[0x8d][0xf3][0xf2][0xa5][0xd2]2*U[0x1b]:0[0xa1]`[0x9c]][0x8f]9[0x97][0xbc][0x8f]3[0xfd][0xf2][0xf1]$swL[0xbf][0xf0][0xdd]-[0x9f][0xff]G[0xff][0xf7]_[0xf8][\n]"
05:56:02.469 [main] DEBUG org.apache.http.wire -  >> "n[0xe5]V[0x1e][0x93][0xf2][0x96]@v>[0x11][0x9f]b[0xe6] V[0xff] tnGm5[0x0][0x89][0xd5]s[0xf]d[0x0][0x89][0xca]z[0xdb][0x16]#{[0xb2][0xea][0xe]*[0x83][0xfd]%u`2[0x9b][0x4][0x1e][0xdc][0x9f]d[0x8d]\[0xc7][0xb9][0xf7].J[0xb2][0xe]{=[0x1c][0x15]$[0xd5][0x8c][0x3][0xf2][0xd8]P[0xdd][0xa0]k[0x80]2A[0x3][0xb4][0xf7][0x96][0xf4][0xe6]r[0xc0]P[0x9e][0xa3][0x9c][0x4][0xd2][0x89][0xe9]7^[0xd3][0xf7]H[0x2]z[0x81]W$[0xd3]-R[0xa2][0x9b][0xc0][0xd2][0x80]N[0xf6]tBF[0x4][0xe5][0xa0][0xd9][t"
05:56:02.469 [main] DEBUG org.apache.http.wire -  >> "H[0x82][0xae][0x9f]][0x89][0xe1]C[0x87]"[0xd4]RMd[0xc7][0xa0][0x83]ru[0x96][0x91][0xe][0x7][0x9d][0x13][0xea]CL\[0x13]KY[0x12]<[0xb6][0x90][0xeb]W[0xd2]j[0xdb][0xa6][0xd6]7[0xb7][0x89]n[0xe5]t[0x16]Z3[0xde][0xe7]d[0xb0]9[0xb4]aM,S[0xae][0x93][0xcd]i[0x93]xc[0x9d]"H-[0xf6][0xf7][0xc],[0xb1]^[0xf4][0xfc][0xb5]p[0x13][0x87][0x9b][0x16][0xc6][0x1c][0xc2][0xc8][0xf3][0xc0]D@[0xfb].Z[0xf8]w[0xb4][0xdd]S[0x9a]][0xc5][0xf9][0x93][0xee][0xf4][0xbd]`1[0xb1][0xab][0xfe]5[0xf8]`[0xbc]L[0xfb][0xd7][0xbc][0xb7]s[0xf9][0xfa][0x96][0xf9][0xfc][0x1b]?[0xb6]=[0xff][0xca]s[0xbf]p{[0x16][0xe2][0xad]<v[0xe5]{[0xc5][0xc8][0x9e][0xdc][0xff]=[0xd0]G[0xa3][0xb4][0x81]!M,[0xb3][0x8e]4[0xe3][0xfe]r[0xdb]=[0xb2][0xe5][0xa6][0xe6][0x6][0x88][0xe6][0xd0][0xba][0x8b][0x10][0xbd][0xe8][0xd9][0x8f][0xfb][0xe1][0x94][0xa9][0x8c]29M[0xb9]P[0x11]sLJ[0xea](+[0xdc]@,[0x9a][0x81][0x9b]l[0xc1][0x5][0x9d][0xd9][0xf][0xc7][0xd5][0xf5].[\n]"
05:56:02.469 [main] DEBUG org.apache.http.wire -  >> "`3S][0x8e]Y*i![0xc7][0xa2][0xb6]|[0xf9][0x1d][0x8]s[0x98][0xa9][0x98]X[0x95][0xdf]x[0x8d]\n[0xb0][\r][0x97]5e[0x12][0x8d][0xda]Cg5[0x88]-q4[0xad][0x8a],xywX[0xa9][0xc1]I68[0xea]\[0xb7][0xd2][0x15]+[0x1c][0xcd]H[0x99][0x12][0xd0][[0xde][0x9b][0xdd]W[0xa1][0x1]h[0x5][0xd9][0x91]e"[0xa6]0[0xc2][0xed][0x96]h[0x18]+Z[0xf4]T7[0xb]J614[0xa2]y[0xa2][0x97][0x9b][0xc9]C[0xe0][0x97][0xdd]Lk[0xed]J8[0x81][0xa5][0xc6][0xf4]ZtC[0xe3][0x9d]q[0x94][0x8b][0xe7][0xa7]$[0x8c][0x84][0xbc][0x95][0x5]@[0xb4][0x17]l[0xf][0x98][0x0][0xb] `[0xf0][0xd5][0xe0][0x98][0xb8]+[0xfb][0xc2][0x87][0xc5][0xc3][0x90]1W[0xd3][0xf2] [0x80][0x7][0x93]T[0x8d][0xaa][0x9c][0xfd][0xf][0xc8]ht[0x3]M[0x89]3[0xa1][0xfa][0xf9][0x8d][0xb3][0x98][0x9f]{[0xfd][0xc7][0x1e][0xdd][0x0][0xec]V[0x1e][0xeb][0x12]w}[0xf8][0xe7][0xff][0xce][0xcb]O[0x9e][0xf2][0xf4][0xff]C?[0x15]~[0xa7][0xac]<;[0x8f]Jj[0xf5][0xba][0xca][0xea][0xee](:D [0x9][0x8c]t[0x88]r[0xbd][0xb6]u#d[0x91][0xb3][0xc5]tE[0xb8]|[0xc](3P[0x94][0x1c][0x9d][0xa6][0x83]I[0xec][0x8a][0x9b][0x1e][0x97][0x10]8m[0xe0][0x8b](<[0xf6]5[0xde]P[0xcd][0xa0][0x87][0xdf][0x1f]l[0xb9][0xc4][0x1][0xe3]`[0x99]'e[0x17][0xa6][0xf4]6[0x3][0xc7][0xcd]=[0x86][0xc4][0xc1][0x1][0xd6]8[0x8f]c[[0xae]_[0xcc][0x8b][0xa1]bU[0xdf]-[0x4]([0x5][0x9c][0x80][0xe0][0xde]L[0x9a][0xe2][0xbb][0xea][[\r][0xe6]L[0xae]cqi[0x1a][0xdb][0xd6][0x18][0xb3]F[0x8e][0x93][0x9c][0x86][0x86]`}[0xa4][0xcd]&[0x9][0xc6]U[0x8c][0x6],[\n]"
05:56:02.470 [main] DEBUG org.apache.http.wire -  >> "[0x1c]6.z-![0xee]S1[0xd8][0xbe]&q[0x84][0x90]T[0xd0][0xcc][0xe2]q[0x86]@[0xb6]k[0xe7][0x2][0x93][0x7][0xfa][0xe6]c[0xf7]z[0xd4][0xae][0x8d]C[0xb6][0xcf][0xf4][0xaf][0xf7]w[0xec][0xdd][0x1]O[0x91][0x7][0xb6][0xce][0xbe][0xe4][0x1c][0xa7]l+[0xf4]Y[0x8a][0xd9][0xa7][0xcb][0x9c][0xf0][0xf2][0xf9][0xbf][0xdf]8[0x3][0xd8][0x17]n[0x0]v+[0x1f][0x85]r[0xa7]Gv[0xc2][0xe9]S[0x97]3t1x[0xcb][0xe2]>[0xe8][0xc][0xe9]D[0x95]9][0x96][0x97][0xae]C[0xc4][0xd4]oP_[0xaf]T[0xd8][0xd4][0xc3][0x9c][0xf9][0xc6][0x90][0xc3][0x19]\[0x95][0xb8][0x5][0xf2][0xf7]f[0x8e][0x14][:[0xdd][0x18][0x6][0xa4][0x3]\[0xfc][0x97][0x1a][0xc0]=[0xc2][0xa5]-%V[0x14][0xb8][0xd3][0xdf]Hj[0xdc]P[0xf8][0x7][0xcc][0xd9]X[0xe6]8`[0xf][0xd0][0x9b][0xea]y:[0xad][0x15][0xb1]([0xaa][0xc1]Y[0x93][0xf5]dy[0xea]F[0xaa][0x96][0xa9]z[0x9b]{[0x98][0xe9][0xd1][0xc1][0x87]l[0x9e][0x1b][0xda][0xeb]#J[0x1f][0x94][0xa9][0x9e][0xde][0x91][0xeb]-[0xb][0xa4]Cm=s[0x81]S(`&[0xc1]s[0x9d])[0xa8]HK[0xd5][0x83][0x19][0x1][0xd3][0xae][0x8f][0x4][0xa6][0x89][0x3]J`[0x19][0x0][0xb3]I[[0xb2][0x85]"[0xa5][\n]"
05:56:02.470 [main] DEBUG org.apache.http.wire -  >> "\jG([0xde][0x97][0xb][0x98][0xce][0xcb]A[0xa4][0xfe][0xb3][0x8b]/0@[0xab][0x98][0x1a]b[0xe8]Ao[0xbf][0x87][0xd3][0xeb]0[0x1b][0x7]6e[0x98]c.[0xce]<kB[0x16];[e[0x80]eG[0x19]HR[0x18][0x87]9[0xec][0xd7]?L[0xbc][0xf9][0xec]K[0xff][0xb7][[0x2][0xc7][0xad]|[0xb4][0xca][0x9d]@[0x16][0xdb]N+v[0xf2]@[0xc0][0xbd][0xa7]9 [0x2][0x95]\[0xd4]W[0xa6]QK|[0xf8][0xdc][0xd1]J'[0x85][0xa6][0xcb]3[0x98]F[0xe7]~Z[0xe][0x8]Z[0xff][0xa2][0xc9]`[0x80][0x1][0xa7][\r]/[0xb7][0xad][0xab][0x87][0xbc]"[0xa9][0xf3]f[0xf4]L[0x9d][0xf0][0xbc][0x87][0x83][0xeb]B[0xdf][0x99][0x12][0x1f][0xa0][0x89][0xd6][0xbb][0xad]IZ[0x11]]yg0[0xe5][0xf][0xe1]_Hy[0xf5][0xf4][0xf7][0xaf]S9*[0xc1]y[0xa7][0xd1]o>[0xc7]6[0xe]Ly[0x12]JF[0xf7][0xc2][0xb3][0xe]a[0xd4][0x9f][0x19][0x9]sy[0xba]I[0xe2]^[0xa6]k[0xd3][0xf5][0xb2]LMMY[0x8f][0x2]=z[0x98][0xa4]S[0x17][0xdb][0xc2][0x1][0x8e][0xb][0xaf][0xb8]f%&[0xec]h[0x87][0x83][0x83]X[0xae][0xc7][0x12][0x13][0x8b][0xf1][0xaa]z[0xde][0xec][0xb3]Y[0xb6]=I[0x2][0x13][0x8f][0x12]`@[0xa0][0x1f]9[0xeb].[0x0][0x92]([0x1a][0xf1];N[0xd5][0xdf][0xf2][0x1e]4[0xc][0xad]\[0xb0][0x98]f[0xb0][0x8c][0xf7][0xd8][0xfb][0x1f]3n[0xcd]j[0x12]I[0xaa][0x87][0xf3][0x98]N[0xb3][0xf7][0xc2][0xbd][0xeb][0x88][0xc3][\n]"
05:56:02.470 [main] DEBUG org.apache.http.wire -  >> "[0xd4][0x92][0xee][0xbf])[0xae][0xc9][0x99][0xac]vf[0xf6][0x8b]g[0x96][0xf5][0x8b]/[0xfd]_[0xff][0xe7][0xf]q+[0xb7][0xf2][0x11],w[0x2][0xd9][0x99]$y[0xb2]C[0xcd][0x93][0x94]u)[0xa5]h[0x8f][0xe0]2N[0xce]~[0x92][0xa9][0x9][0xb7][0x90]2[0x1][\r]Bi[0x10])[0x0]j[0x1a][0xb6][0xb4][0xd8][0x9c]k?n[0xf0][0x1b]`[0xcc]WT[0x96][0xa4][0x83][0xe2][0x8e]z[0xf2]R[0xea][0xff])[0xfa][0xb3][0xbf][0xa4][0x2]gr[0x7]gC[0xb3][0xfb][0x8][0xc6][0x1c][0x9c][0xd3][0xaf][0xa2][0xb8]H[0x1a]e[0xa5]hG[0xe2][0x8e]r[0x19][0xf7]f[0xca][0x8d]s[0xee]9[0x1d][0xb4][0x16]2[0xd7][0xd8][0x9c]D[0x1b][0xec]M[0xca]\[0xd2][0xb2][0xb5]Z[0xe2]j[0x8b]|[0xc7]+"[0xe5][0xc8][0xb5]N[0x82]a[0xf7][0xbf]W[0xd9] [0xff]#,Y\@)[0x1b]E~I[0x1c][0xeb]RV[0x90]J[0xf]L[0xfc][0xa7]ca1i@[0xa8][0xf0]g[0xf]m[0x8d][\r]e[0xdd][0x8b]e@[0xbc][0x9][0xa0][0x2][0x19]+[0x18]V*.[0xd3][0x8a]zo[0x84]P.[0x1d]t[0xda]Z[\n]"
05:56:02.470 [main] DEBUG org.apache.http.wire -  >> "[0xe8][0xf1]![0xbd]j[0xbc]s;[0x4]T[0xda][0x8b][0xea][0x9][0x8c][0xd5][0xed][0xf3]hz[0x90][0xc0]zX[0x8b][0xee][0xb8]N[0x9e][0xd8][0x5]:[0xae][0xf5]^[0xf7][0xe6][0xf7][0x80]y[0xf][0x85]m[0xcf][0xfa]{[0x89][0x9d][0x9b]y[0xfe][0xb5]O[0xbe][0xf9][0xdc][0x8d]>[0xbc][0x95][0x8f]z[0x89][0xe3][0x7][0xf]~[0xf7][0xe5]'~[0xe4];[0xf1]u[0x9d][0xc7]]G[0xe4]R/Mi[0x1b][0xf0]L[0xbc][0xa3],[0xc3][0xb4][0x4][0x88][0x10]`[0x1d][0xa8][0xab][0x89][0xf3][0xc]"[0xba].(<[0xc9][0xa5]sZ[0xbf][0xcd]e[0xc9]sX@Q[0xd6]l(NFE#[0x17]"[0xa7][0xd1][0x80]y1p[0xbf][0xb3][0x12][0x3][0x84][0xa3][0xf2][0xd0][0xd6][0xb8][0x9d]@[0x8c][0xd9][0x95]y[0xe5])[0xb1][0xa5]`[0xfd]%I[0xc6][0xe6][0xe8][0x8e][0xe9][0xc8][0xd0][0xc6]#[0xf]-D[0x13]*M?[0xd7][0xba][0x1e][0xcf][0xbc][0xbc][0xe2]o_[0xb6][0xe6][\r][0x97][0xc1]r=[0xb3]K=[0x1][0x5][0xae][0xac][0xe3]:[0xce][0x9][0xc5][0xa8][0xac][0xad][0xeb][0xb5][0xa3][0x1][0xc3]M[0x1][0x8f]o[0x12]0[0xe7]GP[0xd7][0xb5][0xea][0xd8][0xf]e3s[0x99][0xbe]\[0x94][0x0][0xbd];[0x81][0x8d]n[0xd3]pjPi[0xfb][0x9e]XrX[0x83][0xb4][0xfe][0xb][0x9c][0xac][0xcd]F[0xda][0xe5][0xfd]x[0xce][0xd6][0x98][0xc5][0xbb]d[0x93][0xac]2Z[0x8a][0xea]Ay1[0x5][0xae]#[0x93][0x1][0xd7]}[0xac]_>[0xb7][0xff][0xc5]7>[0xf9][0xe8][0x85][0x1b][0x80][0xdd][0xca][0xc7][0xa5]\yd[0xf7][0xbf]{[0xff]g[0x0][0xde][0x8][0xdd][0xe7][0xec]R[0x82][0xca][0x92][0x87][0xaa][0x14]V[0xce][0xe9]u[0xfb][0xbc][0x15]=[0x15][0xde]^a[0x5]1[0xde]([0x9b][0x19]F[0xb9][0x81][0xa9]u[0xb9]xj[0x7]z[0x11][0x83]6[0x99]J[0xd1][0xde][0xfb]X[0x9f][0xcf]H[0xc][0xe8][0x96][0xc3][0xe6][0x3][0xdd][0xd4][0x93][0x13]P8([0x1e][0x3]-~/[0x80][0xe9]8[0x8e][0xa7][0xd4]g{^3[0xc6][0x1e][0xc7][0x86][0xce]W[0x3][0x1][0xa1][0xbd][0x93]k[0xa5]YC[0x1b][0xa3][0x80][0x9c][0x96][0xcb]n[0x8c][0x8][0x2][0xd1]vd[0xff][0xb0][0xaf][0xd5][0xa9][0xd9][0xda][0xf6][0xa8]:[0x93]rQ[0x9c][0x96][0xac][0x11][0xb][0x88]].<[0x9d][0x92][0xf7][0xbb]u%[0xf7][0xbb]E#[0x96][0xc8][0xb8][\r][0x8e][0x93][0x1][0xc5][0xaf][0x97][0x94]ir[0x0][0xbd]b[0xad][0x89]c[0x8c][0x95][0xa3][0xc1][0x11][0x8a]*[0x91]b$[0xb8][0x6]x;[0xd9][0x8c]?[0xa6][0x19]Q[0x91][0x8a]cE`[0xc0]-%[0x8b][0xeb][0xb1][0xcf][0x9a][0x87][0x8f][0xdf][0xac][0x18]n[0xf3]z[0xdf][0x86][0x8c][0xc5][0x16][0xa7]1[0xc5][0xb1][0xf8][0x96]1[0xb0]>W[0x9b][0xce][0x10][0xf7][0x92]n7[0x80][0x8c][0x8][0x9d][0x17][0xb6]w[0x8e]e[0xbf]z[0xc6][0xd5][0xdf];[0xf3][0xc5][0x97][0xfe]O7[0xfa][0xf0]V>~[0xe5][\n]"
05:56:02.470 [main] DEBUG org.apache.http.wire -  >> "[0xc8][0xee]a{[0x12][0x1e]|VV[0x9d][0xd8],[0xea][0xe][0xaa][0xa7][0xa6][0x1f][0xdd][0x1b][0xc2][0x9a]l[0xc0][0xb2][0x80][0x84][0x9c])[0x99][0x9a][0xfb][0xc7][0x99][0xc3][0xdb][0xe8][0xfd]D[0xa6]Rcq[0xdd][0x9e][0xfb][0xef][0xbc]W[0x85][0x1c][0xc6]K[0xbc]PU[0x12]D[0xf6][0xf7]b[0xd3]`[0xde]@[0xd2][0xc1][0xdb][0x94][0x1a]>[0xcf][0x84][0x4]D[0x8b][0xe5][0xdc][0xf]v[0xa9][0xb7][0xf5][0xfc][0x2][0xd0][0x13][0x1c]:U1Z[0xcf]]y^=[0xf2][0xec][0xc0][0xfe]x[0xb4]5[0xba][0xe4][0xd3][0xc7][0xb7]\[0xe3]Aj'[0x18][0xeb][0xa3][0xd7][0x9]y[0x87][0xfb]g[[0xba]g9`[0x1c][0x13][0xe7][0xc9][0x91]j7OZ[0xab]|%[0xb6]w[0xd4][0xf1][0x93]KA[0xfc].9[0xc0][0xd6]G[0xcb][0xbd] [0x0][0xb5]~[0x92]k[0x8b]i[0xaf]??)[0xce][0xd6][0x1][0xc3][0xc4][0x4][0x9e]z[0x8d][0xb][0x9c][0xcc][0xc3][0xb2][0xd6][0x7]V4I[0xc9]O`[0x92]&F[0xfe][0xd0][0xa8][0x1b][0x16]\[0xb5][0xf0][0xba]5[0x9e]4d[0x8e]1L[0xba][0xe7]}[0x87][0xa8][0xe]OK[0xb5][0x10][0xea][0x9f][0xc2][0x93][0xe1][0xb3]x[0xc7][0xbd][0xe5]Ns[0xef][0x17][0xc2]E[0x80][0xee][0xe8][0x1b]g[0x2][0xf5][0xb9][0xd7][0xef][0xe7][0x96]>+[0x1f][0xeb]r[0x1d]#[0xcb]|[\n]"
05:56:02.470 [main] DEBUG org.apache.http.wire -  >> "c[0x1d][0xf7]Y\[0x82][0x1a][0xb0][0xc7][0xdf][0x19][0xf5][0x17]CC[0x85]%[0xb8][0xc1][0x1][0xa2][0xfc][0xb4]h[0xa5]Qm[0x8c]b[0x17]8f'[0x19][0xc4]D[0x96][0xf8]]8[0xfd]T[0x9f][0x8e][0x2][0x87]^[0x97][0xe9][0x9d]n[0xbd][0x12]U[0xe9][0xee]X[0x2][0x82][0xb4][0x9f][0xc6]4[0xb4][0x1f][0x93][0x17] [\n]"
05:56:02.470 [main] DEBUG org.apache.http.wire -  >> "[0x93]qC~.u5\UN[0xba][0x0][0xbd][0xb5][0x6][0x4][0xc6][0x10][0x89][0xaf]L[0xcd]?[0x8e][0xb1][0xe4][0xa5][0xe7]"-[0xe3]h[0x8f]%[0xc][0xa4]u}-W[0xc]jy[0xb9]|[0xb8][0x91]'M[0xf3])[0xe8]f[0x19]-[0x88][0xc0][0xd0][0xa5][0x92][0xad]AR[0x89]D[0xa0]1[0xc9]'0[0xec]J[0xfa][0xc1][0xe8][0xfc][0x8b][0xd1][0xe1][0x9a][0x8f][0x4][0xe]zy[0x9b]i[0xeb]L[0xc0]\[0x90][0x96][0xfd][0x8c]Z[0xae][0x98][0xb3][0x84][0xe3][0x8d][0xa9][0xd3][0x9d][0xe][0xcc]TRmO)[0x16][0xc3][0xc8][0xbc][0xf4][0x8b]eT[0xf1][0xa7][0x1a]Fu[0xae][0x80]![0x14]#[0xbb][0x14]1[0x15][0xf6]YB[0x80][0xc9]M[0xd6][0x1e][0x95][0xb6][0xb9]y[0x82][0x1d]*[0xd4][0xba]pN2%[0xb4][0x80][0xfb][0xf7][0xf][0xcf]Bz[0xf6][0xc5][0xff][0xf3][0xcd][0xfb][0xba][0x95][[0xb9][0x94][0xbb][0x92]=[0x1e]`[0x14][0xa0]{ID[0x8]y#[0xad]b[0x6][0xc0][0x14]j*[0x1a]M[0xe]O[0xda][0xc3]$[0xda][0xdc]LO$H[0x84][0xb5]_t[0xd5])[0xf4][0x93][0xea][0xae][0x1c]![0x8f]AVj)[0xc7]M)[0xf0][0xf5]U[0x1e]u8[0xf9]2[0xa3][0xd9]\!*[0xa0][0xaf][0x6][0x82]}I[0xe3]Gk[0xe3][0xec][0xef][0xe1][\n]"
05:56:02.470 [main] DEBUG org.apache.http.wire -  >> "[0x1b][0x9e][0x8b]][0x8a]t[0xac][0xf2][0xdd];[0x12]=[0xdb][\n]"
05:56:02.470 [main] DEBUG org.apache.http.wire -  >> "M[0xc6]z[0xf4]s[0xe][0xc1][0x89][0x8a][0xa6]5;]Z[0x90][0x9e][0x19]e' !U>8fbhWD[0xe0][0xbf]6i[0xc6][0x8a][0x84][0xa6][0xcc][0x8a][0x3]`[0xce][0xdb]#[0x93][0x98][0xd7][0x8d][0x8f][0x85]e[0x85][0x1a][0xe5]f[0xc6][0xc8]P[0x95]h[0xa0], [0x12][0xc6][0x8e][0xd3][0xe3][0xc8]:[0x9b][0x91]9[0x9f][0xc7][0xb9][0x8c][0x17][0x97][0xf3]\E[0x17][0x80]l[0x97]Z[0xe6][0xbd]b[0xc6]DG[0xe5]eJv[0xf5][0x1][0x9d][0xca][0xb6][0x12]`{[0xb9]/[0x0]Ih[0x90]z^[0x90]8S[0xde][0xe7][0x98]?[0x11][0x8c]ij[[0xbd]z[0xde][0xb4][0xcf][0xbf]q[0xff][0x96][0xbc]q+[0xb7]r,[0xe1]o[0x94][0xe8]q)F[0x1]J[c[0x82][0xda]WA}[0x1d][0xc1][0xf6][0xc2][0xd0][0xe0]p[0x15]g[0xb2][0xb6][0xc7][0x2]]c[0x9][0x6]h[0x0][0xe9]AY[0xb4]X&[0xc0][0x8f];9!L[0x89]H1[0xb6][0x9e][0xb][0xe9][0xf1][0x84]+c=[0x8a][0xeb]([0x90]Q[0xd7]tN[0xfd][0xab]I[0xd4][0xb0]9M[0x2][0x7][0xc7]_[0xb0].[0xcf]+[0xb1]h[0x1a][0xec]W[0x88][0xe0][0xfd][0xe7][0xb5]R[0x86][0xe6][0x9c][0x93]i[0xbe]k>[0x1][0xc1]2F[0xfb][0x85][0x1][0xea]V[0xd1]z[0xd5]UL[0xc]t[0xf5][0xc4][0x14][0xf5][0xa4][0x87]1[0x1e]:[0x13]3[0xfc][0x91]cB[0xa1][0x12][0x87][0xad][0xdd][0xc4][0xd2]d[0x9a][0xe4]xq[0x87][0xf7][0xb9]"ph[0xf]Z[0xcb]nL[0xa4]Q[0xa6][0xdc]7[0x98][0xbd][0xb8]_[0xb2][0x81]L.[0xe9][0xdc]Z[0xda][0xf6][0xe0][0x8c][0xc2][0x8c][0xc3]f\:[0x6][0xfb][0x9b][0xa9][0xd8][0xd1][0xc8][0xa1];[0xbd][0x9][0xdb][0x94][0x14][0xed][0xe1][0xc]1[0x9f]Skun[0xff]|[0x16][0xf3][0xf7][0xb6][0xdc]n[0xb1][0xaf][[0xb9][0x95][0xef]Q[0x16][0x8f][0x8c][0x89][0x1e]u[0xca][0xcc][0xf][0xe9][0x12]slC[0xbe]@&<[0xfb]n[0xd8][0xae][0xf2][0xc4][0x9c][0x8a][0x4][0x8f][0xb1]r[0x88][0xa5][0x88][0xfa]"[0xb]g[0xcd][0xb5]C[0xf][0xba][0xa5][0xdb]J/[0xe5][0xe5][0xb4][0xa7]eY[0x80][0x96]3^[0x17][0x1c][0x81][0xf0][0x18][0x1b]j[0xe0][0x13]6[0xd2][0xf8][0xdf][0xc0][0xe4]k[0x3]j:M[0x15][0x98]os?,[0xb]Q^[0xd5]j[0xa5]'[0x96]X![0xe5][0x18][0x9e][0x98]a[0xc3][0x14]tt[0x9b][0x96][0x6]? [0xd8][0x9e]N[0xa3]-[0x1f][0x1e][0x1c][0x86][0xbd]r,[0xd4]51[0xc6]Y[0xc8][0x98][0xa5][0xcf][0xe9]}[0xe2]r[0x94][\n]"
05:56:02.471 [main] DEBUG org.apache.http.wire -  >> "[0xe5]_[0xe3][0x88]U[0xed]gyEd@q[0xc0][0xef]a[0xad]A[0xba][0x91][0xbe]_[0xf3]r[0xc3][0xe3][0x19][0xc0])B[0xa4][0x88][0xa5][0x81][0x18][0xdd]l[0xab]A\[0xdc]&T[0xda][0xe9][0xf6]PL[0x8d][0x3][0xe2][0x9a]l[0xc7][0xac]E[0x7]1[0xf9][0xfe]%[0xf0]Z[0xfb]^[0xcf][0xa2][0x6]([0xcb][0xe8][0x1f]V[0x6][0xd7][0xc4]bcLP[0x12]3[0x19][0xb6]8[0xb3]M[0xbf]|[0xfe][0xe0][0xf7]^[0xbb][0xf7][0xed][0xdb][0x93]7n[0xe5]V[0xde]FY[0x80][0xac][0x12]=[0xa4][0xed]bN[0x98][0xbb]9[0xa5][0xb8][0xb6][0x2][0x19]~[0x1b][0xa6][0xae][0xc6][0xc3]j[0x90][0xc3]d[0x1f][0xf6])[0x9e][0x8c][0xb7]j[0xd2][0x94](b[0xae]Y[0x80][0x9][0xcd][0x80]I[0xc1]1[0xb3]"[0x80][0x85][0x16][0x13][0xcd][0x7]bdN[0xa8][0x86]w[0x1e][0x8f][0xa6][0x91][0xe7][0x11]vK[0x81][0xd5][0x87][0xf2][0xdc][0xc6]IpGl[0xac][0xff]%[0x9d]~[0x5][0xae]T[0xb8]q[0xf5][0xf9]`[0xc1][0xa2][0x86][0xa4][0xe5]k[0xc][0xb8][0x1d][0xbd][0x9f][0xc9][0xba][0xeb][0xb7][0xe9]<[0xd4]\[0xdc][0xc8][0x90][0x87][0xba]u[0xf7]v,C1[0xba][0xf7]r[0x5][0xe9][0xce]<[0x18][0x5]r^[0xcd][0x99][0x90][0x11]b4[0xa4][0xac][0x9e][0xfd][\r][0x9d][0xba]Z;[0x8f][0xc7][0xa5][0x96][0xa0][0xc5][0xd5]}[0xb6][0xc7]$J[0xd0][0x84]7[0xbb]RnT[0x14][0xa2][0xc4][0xb8]Oa[0x80]=[0xd4]`\[0xcb][0xd7][0x3][0xa5]f[0xa3][0x94][0x9d][0x84][0x18]Oi[0xe6]<[\r][0xcc]xH[0x15][0xd6]\[0x9a][0xff][0x1c]*Q[0xb6][0x6][0xa5][0x12]s[0xfd][0xa5][0xed]3x[0x9d]^x[0xfd][0xf4][0xfa][0x17]o[0xe0][0xf5][0x18][0x95][0xcf][0xbf][0xfc][0x4]>[0xf9]#?[0x8e]_[0xfe]o~[\r][0xb7][0xf2][0x81][0x95][0x5][0xc8][0xce]![0xa9][0x7][0xf7]0[0x11][0xf9][0xd6][0xbb]+[0xed][0xc7]D[0xf]yU:[0x95][0xad][0xb3]b[0x92]#,[0xc5]yI[0xf8][0xa0]5n[0xd9]k[0x85][0x81][0xc0][0xf0]r[0xaa]068@EXc[0xa9]N:[0xf4][0xd5][0xf9][0x1d][0x98][0x91]{[0xd5][0xbe]W-[0xdd][0x2][0xee][0x8a]9[0xde][0x8d][0x94][0xeb][0xde]f,[0x94][0x9e][0x85]z[0xda][0xcb]T[0xc0]D[0xd4]d[0xd8][0xb8][0xe8][0xbf][0xec][0x8d]*AD[0x1e][0x9d][0x94]g[0x9a][0xa8][0xb1][0xfc]D[0xcc][0xfe]q[0x1e][0xbc]V[0xbf][0xce][0xba][0xb4][0xe5]Z[0x95][0xad][0xd3][0x98][0x12]o[0xf7][0x96][0xb0][0xf5]%L8[0xe][0xa6][0xd6]Mq[0xd2]Ah[0xbd]T[0x1c]k[0xd5][0xf3]2BZ[0xd7][0x8f][0xef][0xa5]Erj[0xb1]fh.#[0xe8][0xd4][0x9]8[0xb5]v[0xf3]4[0x8e][0x89]k[0xc1]pm[0xd6][0xbf][0x81][0xed][0x8][0x84]#29[0xfc][0x19][0xfd]C[0x94][0xea][0xff][0xd0][0xb6]d[0x88]1[0xa7][0x94][0xf9][0xca][0xb1][0x1e]b`[0xd1][0xe3][0xb7]6[0x1a][0xf3]v[0x8c]<[0xbd][0xba][0xc5][0xf6][0xdc]#l[0xbf][0xf7][0x8f][0x9e][0xfb][0x9f][0xdd]~6[0xe5]CX[0x1e]\[0x80][0xea]G[0xf1][0xc4][0xbd][0x13][0x9e]<mx[0xe2][0xec]m?[0xc0][0xbd]{?[0xf1][0xcd]7[0xe3][0x89]o>[0xba][0xf7][0xe0][0xb5]<=8W{"~[0xeb][0x8f]>[0xf3][0xdd]_[0xfa]3_[0xc4][0xad]| e[0x1][0xb2]S[0xe4][0x93]J[0xf5][0x96]f[0xc8]X[0x15][0xce][0xa2][0x10]/e[0xe]s[[0xbe][0x16][0xd1]oJ[0xa7]^[0xb][0xcc]:Km[0xe2]^[0x10][0xd8][0x85][0xac][0xeb]D[0x7][0xef][0xab][0xa9][0xb7][0x9a][0x1]=[0xc7]h%3`[0xd4][0x0][0x12][0xf4][0xab]:[0x16]6[0xaa]X[0xc][0x14][0xf5][0xba]4&U:[0xc1]7[0xd6]x[0xd8][0xd2]=[0x93][0xe][0xc6][0xea][0x96]N[0xee][0x91][0xbb]G@[0xf7][0xc1]g[0xc4][0xf7][0x96][0xf3]2[0x8a][0xaf][0x81]k#[0xda][0x18]0[0x15][0x1d][0xda][0xc1][0xae]4[0x83][0xc0][0xbc][0xf][0x83];[0xda][0x8]\5~[0xde][0xeb][0x6][0x1][0xcd][0xae][0xd4]/[0x9f]_~[0x8f]n[0xdb][0xd6]y[0xbb][0x87]=[0xf6][0x4],P[0xc7][0xb1][0xac]Tn[0xce]zq~[0xdc][0x6]C[0xd9]:[0x88]D[0xa3][[0xe][0x4][0xf0]i[0xf6][0x9d]<[0xa8]T[0x1f]yl[0xc]M[0xc9][0xad][0xb][0x82]][0xd7]1[0xb4][0xa3][0x19][0xd2]`[0xd4][0xe3]'pq5[0x98][0x80]A[0xf3]f[0xd0]Z[0xc6]^o[0xbb]Y[0x9e][0x3][0x9c][0x17]=[0xbe]U[0xbd][0x13]N[0xdf]x[0x84]G_[0x8c][0xb8][0xff][0xbb]/[0xfe][0xfa][0xff][0xe4][0xcb][0xb8][0x95][0xf][0xb4]<[0xf8][0xd2][0xcb][0xf]>q[0x6](\[0x80]*NO[0x9c]i[0xa9][0x9f]8/[0xed][0x83][0xf3]R?8/[0xe8][0x83]s[0x95]'T[0xf9][0x1e][0xf0][0xfa][0xf9]8|[0xfd][0xdb][0xa7][0xf3][0xdf]S[0xeb][0xa6][0x8b][0xe5]y:[0xaf][0xec][0xf6][0x85]{[0xbf][0xf5]Gxt[0x3][0xb3][0xf][0xa4],J[0xea][0xa7]~[0xe7]k[0x97][0xe0]r-[0x9c][0xce][0xa2][0xab]B~[0xb4][0xa6]j[0xb7]r[0x98][0xba][0xbc][0xae][0xac][0xef]0[0xcb][0x9e][0xd7][0x87][0x14][0x0],v[0x95][0xe3][0x8d][0xa4][0xf5][0xe5]q!3[0xf1][0xdb]8'0"[0xe]7[0xe3][\n]"
05:56:02.471 [main] DEBUG org.apache.http.wire -  >> "[0xb2]"[0xfd]&$[0xb9]"W[0xe0][0xd4][0xed][\r][0x90][0xa5]9[\n]"
05:56:02.471 [main] DEBUG org.apache.http.wire -  >> "=[0xbe][0xf1][0xaa]|[0x90][0x3][0xee][0xd2][0xdd][0x8e][0xc8][0x18][0xcf]J Em:[0x1f][0xf2][0xfa]t[0x10]|k[0x4][0xef][0xfe]y[0xad][0xe4]B=[0x9c]q[0x94][0xdd][\n]"
05:56:02.471 [main] DEBUG org.apache.http.wire -  >> "[0xa2]|[0xdb][0x14][0xe2][0xc]|M[0xf6]0[0xd0]%HP[0xee]z[0x9f][0xb0]Y@[0x83][0xa8]n{[0x2]N[0xbb]j[0x1b][0xcc][0xfe][0x1][^[0x12]>(.[0x3][0xa0][0x4][0x91]l[0xb6]$=d[0x3][0xce]#[0xc0]i[0x84][0xb9]$[0x85][0xc0][0xb3][0x10]S[0xfe]{%[0xbd][0x84]"
05:56:02.472 [main] DEBUG org.apache.http.wire -  >> "[0x9f][0x8f][0xf4]M[0x7]ZJk[0xc2]F[0xf7];[0x8f][0x9f][0xe2][0x9e][0xdf][0xfb]x[0xfe][0xec][0x8b]o[0xe0][0x8d][0xdb][0x13]7[0xde][0xc7]r[0x4][0xaa][0xbc][0x1f]?[0x13][0x97][0xf7][0xc8]K[0x18][0xe5][0xc1][0xdb]i[0xe3][0x92]<[0xfd][0x8d]7[0x3][0xdf]xt[0xc2][0xa3][0x8b][0xba]9[0x5][0xfc]T[0x94][0xcf][0x1f]<T[0x9f][0xdd]~[0xe9]_}[0xe][0xb7][0xf2][0xbe][0x16][0x1d]T[0xcf]X[0xa4]R[0xbe][0xcb][0xfa][0x16][0xaa][0xb9][0xf6]J[0x8b]C[0xb0]^[0xac][0xca]T[0xca][0xfb][0x0]6[0x97]wR[0xa4]{[0x9c]g[0xb2][0xee][0xf6][0xbf][0xdb][0x0]b)[0xcd][0x9]Z[0xe5][0x80]l.`[0x3]y[0x93]X[0xb2][0xe8][0xd8][0x87])[0xe1][0xb1][0xb6][0xf3]0[0xee]E[0x8b][0xcd][0xd7][0xfe][0x99])][0xe][0x98][\n]"
05:56:02.472 [main] DEBUG org.apache.http.wire -  >> "[0xd6][0xfb][0xaa][0xb7][0x8c][0xb9][0xa5]<[0x8f][0x1][0xb2]t[0xc9][0xee][0xf3][0xdb]`q3[0xf7][0xc4][0xcc]c[0xc9][0xb4] [0x8c][0x1]H[0x9a][0xb]qP[0xb4]C#:B.[0xb4][0xe8][0x1]9[0x97][0xf7][0xed]1[0xe7][0x0][0xac][0xb2][0x9][0xf][0xd7]I[0xba][0xe6][0xc9][0x8f]i[0x1][0xd7][0xfc][0xe3][0xc0]s/I4i}[0xb2][0xdd]v[0xe8][0xe][0xe0]1[0xe0]Fp[0xd5]u[0xca][0xe1][0x87][0xd1][0xa6]=[0xe7][0xe4][0xcd][0xd5]#[0x83]<[0x0][0xed]x[0xd3][0xab]\[0xf4][0xcf][0xac]_ys[0x3][0xae]g[0xfd]w[0xfe][0xe0][0xb9]7[0xb6][0xd7]n7,[0xbf][0x87][0xe5][0x2]V[0x17][0xea][0xef][0xfe][0x85][0xe6]k[0x8f][0xaa][0x81][0xea][0x9][0xb8]G[0xf5][0x3][0x16][0x2][0xd8][0x1f][0xbf]y[0xd2][0xb3][0x8e][0xd0]![0x85][0xb2]d[0x14][0x1a]AS[0x5]([0xb3][0xe5][0xde]3[0xdb]/[0xfe]7[0x9e][0xc5][0xad][0xbc]oE[0xd4][0xe2][0x8f][0xbe][0x81]'/[0xa6]9=[0x95]%[0x8d]|/[0x16]7c[0x11][0x8d]t2[0xfe][0x85]%a[0x9e][[0xe9]k[0x7]F[0xb6][0x0][0xc8][0x9b][0xcb][0xf4][0x8c]6[0x3]1[0x98]g[0xd3][0x9]q[0xa6][0xbc]1[0xdf][0xc7]PJ[0xbb][0x16][0x17][0xd6][0x1c][0xd2][0xc4][0xd0][0xaa][0xc7][0xa6]B[0xd1]*St[0x16][0xdc]M`[0xb][0xb9]xv[0x8][0xb8]G[0xd7]j[0xb1]^[0xef][0xc3][0x96][0x3][0x94]uS4[0xd4][0xb6][0xc0]g[0x89][0x11][0x9a]BO[0xbf][0xdf][0x8][0x8b][0xd2][0xa6][0xcb]*[0x1a]o[0xfd]=[0xb2]5[0xac][0x7];p[0x87][0x84][0x1b][0x7]l([0xff]%[0xcd][0x83][0xdb]z[0x88]1[0x88][0xcb][0xa7][0xbc]L[0xf3]3[0xb4][0x88]+[0x10][0xa4][0xbc][0x97][0xc4][0x9e]j<[0x4]PfB[0xec]?[0x96]pj[0x7];[0xe1]q[0xd8][0xb9][0x8][0xf5]0j[0xa3][0x90]5[0xef]6^[0xda]J[0xa9][0xf1]3S[0x11][0xd0][0xde][0x12]}]4x8[0x90]g[[0x1f][0xe0][0xfa][0xcc][0xbd]][0xb6][0xd0]\[0xed]b[\r][0x17][0x84][0xbc][0x80][0xd7][0xf9][0xab][0x87][0xb9]m[0xcf][0xbf][0xf8][0xdc][0xff][0xf4]!n[0xe5]])[0xdf][0x3][0xac][0x1e][0xa8][0x92][L[0xef][0xa0][0xbc][0xf1][0xa8][0x0][0xec][0xb5]7c[0xf4]@[0x90].[0x18]G[0xc]p[0xa7]=Mul[0xcf][0x9c]~[0xe7][0x9f]a[0xfb][0xcb][0xff][0xca][0xb3][0xb8][0x95][0xf7][0xa5][0x8][0xc8][0xce][0x94][0xef][0x13][0xb2]>e[0x98]v~A[0xae]Yf+E[0x8]U[0xde]_r3[0x99]c[0xb2][0xff][0x9d]LDY[0xc3]h[0xf][0x8e][0xfa]J:[0xd2][0xea][0x6][0x8c]2L[0xc5].[0x1c]l[0xb8][0x83][0xc6]3[0xaa][0xfe][0xae])[0xc5][0x10][0xa8][0xb5][0xf2])*[0xb0].[0x8e][0xe5]3`[0xe8][0xa3]v[0xb6][0x1a]Uf<L4[0x89][0xc2]W!r[0xc1][0x1e]=Y[0xcd]Y[0x86][0xc0]$p[0xa4]9o:!|[0xfa][0x4][0x16]O[0xc9][0x8a][0x80]P[0x9][0x81]G[0xac][[0x94][0xfc][0xac][\r][0x16][0xf][0xcf][0x1c][0x95][0x96][[0x1b][0x1]]U[0xf5]Z[0xac])[0xd3]A[0xe2][0xcf][0xfd][0xa7]~N[0x81]p[0x8f]5qP%K[0xfe]N[0xb7]}[0x99][0xde][0xa6]K[0xea][0x8a][0xd3][0xf5]\[[0x83]0u[0xbe][0x80][0x86]qKq[0x84][0xed][0x85]a[0xd6][0x9]r[0xf2]![0xd0][0x84][0xbe][0xf][0x1b][0xa0]y[0xb5][0xc7][0x98][0x1b][0xe3]j[0xe][0xd2][0xb3]P[0xbd][0xac]%[0xc8][0xf3]G[0xf][0x11][0x8f][0xbe][0xfc][0xda][0x9b]o[0xdc]nX[0xfe]![0xcb][0xfb][0x9]Vw[0x95]7[0xde][0x4]^[0xfd][0xee]9[0xe][0xf6][0xa8][0xb7][0xd0][0x89][0xe0][0xd5];[0xb]~[0xfe][0xcb][0xc8][0xcb]6[0x97][0xc6][0x1b][0xab][0xc3]{>[0x18][0xcf][0x9c][0xbe][0xf4]_[0xe2][0xe6][0x99][0xbd]?[0xc5][0x92]=N?#[\n]"
05:56:02.472 [main] DEBUG org.apache.http.wire -  >> "E[0x11][0xee]y[0xef][0xf7]gy[0x9a]y[[0xc1][0xd4])[0xe8][0xbc][0xad]\@[0xae][0xae]km[0x93][0x96][0x94][0x0]&g0/1[0xac]n[0xbd][0xf2][0xac]=[0xaa][0xa4][0xd9]_[0xa3][0xb6]@[0x95]][0xa0]A[0xba][0x13][0x15]e[0xa7][0xee][0x12][0xad]([0xba]*[0xd8][0xc7]x[\r][0xa6][0xab][0xb0][0x4]Q[0xd0]j/[0xf4][0xf4][0x87][0x1][0xe6]L[0x99]j[0xe4]Z[0xeb][0xf2][0x86][0x1c][0x18][0xda][0xb0][0x97][0xa6][0xe8][0xa8]\[0x83]r[0x1b]t5yM[0x8c]k[0x7][0x8e]I[0x9c][0xd1][0xc8][0xb4]V=n[0x98]'[0x1c][0xdd]n[0x1f][0xbc][0x9e][0x89][0x99][0x19]L[0xc][0x89]U[0xfe][0x4][0xad][0xd3]U[0xdc]L[0x88][0xa8]; [0xfa]~[0x9][0xd0]S[0x9f][0xf5][0xe8]> [0xb8]9[0x80][0x1]f[0x8f][0xc8]/[0x85][0xb2][[0xc9][0xfc][0x95][0x12][0x91][0x93])/L[0x8f]?[0x84]@[0xd7][0xe9]B%h[0xc8]`H[0x83]1[0x8a]5[0xe5][0x9e][0x85][0xd9]k[0xdc]!z[0x1f]3[0xea][0xcb][0x8c]_=C[0xf9][0x17][0xce][0xd2][0xf9][0xbd][0x97][0xfe][0x8f][0xff][0xe3][0x87][0xb8][0x95][0xef][.Y[0x80][0x9f][0xf8][0xe4][0x19][0x98][0xce][0x80][0xc5][0xc][0xc0][0xb3][0xa7][0xff]d[0x14]X[0x15][\r][0xf8][0x1e][0x82][0xd5]]e[0x7][0xb0][0xef][0xe4][0xe]`u\[0xeb][0xcc][0xd0][0x88][0xd1][0x16][0xe6][0xde]<[0xb5][0xee][0xd9][0x93][0xa2]:[0xe1]j[0xb5][0xe3][0xb][0xcc][0xce][0x9e][0xd9][0xbd][0xdf][0xf9][0xa3]W[0x1e][0xfd][0xe5][[0x2][0xc8]{][0x6][0xc8][0xe2]l[0xf9]P[0xe3][0xf7][0xd3]"[0xe4][0xbc]8[0x1d][0xd8]&[0xae][0xc5]h[0xc0][0xb3][0x9e]X[0x9c][0x19][0x1c][0xe9][0xa6][0x80]S{[0x2][0xba],[0xfd][0xb7]-[0x14][0x8e][0x3]d[0xd7]*[0x85][0xc3]qM[0xec]N[0xa9][0x8e]Rz[0xea][0xe2][0x90]q[0xc7][0xb1][0x9a][0x8b][0x82]f[0x91][0x6]IJ3[0x97][0x1e][0xdc][0x2]C<[0x96][0x1e]S[0xbc][0xe][0x1a]~sL[0xf4][0x17]<[0xc7][0x83][0x8a][0x1f][0x8a][0x9d]Q[0xa3][0x8e]/[0x14]f[0x11]X[0xbb][0x94]`[0xc][0xc0]O[0x97]&?[0x93][0xd8]~[0xf2][0x8c].[0xec]v[0xe4][0xf9]QN[0xc3][0x9e][0xb5]L[0x15][0x83][0x1c][0xe1][\r][0xa8][0x8]D[0xc1][0xd4]}z|[0xbd]_[0x1a][0x1c][0xe4][0xa9]*[0xe9][0xa5][0xdb]![0xa6][0x94][\r][0xd2] [0xd0][[0x81][0xca][0x82][0x8e]Un[0xcb][0x84]([0xb3][0xf1]x[0x3]J[0xb0][0x10]([0x85][0xd3][0xb2][0xe6]Q5[0xce]A[0x98][0x8b]v[0xe7]S[0xda])[0xe6][0xd6]~[0xba][0x8c]!O.f([0x97][0xfe]N[0xa1][0x14][0xcb][0xaf][0x9c][0xdf][0xff][0xde][0x1b][0x8f][0xbe]u[0xf3][0xbe][0xde][0xa2]8`[0x9d][0xee][0x9f]~[0xe6]N[0xef][0xea]R[0xb6][0xf7][0x7][0xac][0x8e][0xe5][0xd2][0xed]7[0xcf][0xe0][0xf5][0xc7][0xe7][0xff][0xde]l[0xd8][0xa9][0x8d][0xd2][0xcb]_V[0x13][0xb7][0x1f][0xf4] [0xeb][0xfd][0x17]![0xa8][0xc7][0xb4][0xaf][0x81]1[0xfa][0x4][0xc3][0xfb][0x87][~[0xfe][0xc]f[0xb8][0x81][0xd9]{[[0x4]d[0xe7][0x95]{[0x0][0x92]B4;[0x3][0xc8]5[0xa6][0x5]*[0x91][0xb9][0xe1][0xd8][0xbf][0xd3][0x92]b[0xe2]gCs[0x8d][0xa7][0x80][0xb1][0xee][0xf7][0xcb]6(p[\n]"
05:56:02.472 [main] DEBUG org.apache.http.wire -  >> "y[0x1f][0xf0]g2[0x1a][\r]hOph[0xa5][0x9e][0xe6][0x9e][0xa5]e[0xb3][0xa1][0xbd][0xa1][0x89]?[0xad]Y[0xf2][0x9d]h[0xb4][0xcc]1yO[0x18][0x84][0xa0][0xf5][0xa7]bQ[0xb2][0xef]7I[0x89][\n]"
05:56:02.472 [main] DEBUG org.apache.http.wire -  >> "[0xf3]NK[0xb2][0x13]V,[0xa1]![0xa4][0xd9][0xf7][0xeb]N[0x9d]p[0xa0][0xca][0xab]'[0xeb][0xcd][0x5]][0x19][0x99][0x88][0x1a][0xb3][0xbe][0x85][0xf4]q_[0xd9][0xa6][0x0][0x1f][0xc3][0xc4][0xd3][0xda][0x17]F8[0xaf][0xbb]-2[0x97]<[0xb4][0xbc][0x1d]KSF[0xde][0xa4][0xa6][0xa7]i[0x1][0x81][0xf3][0xdc]GVk[0x88][0x96]![0xea]i[0xf3]-[0x9f]Z [0xcd][0xe5][0xd4]3[0xd9]f[\r][0x9][0xa2]#[0x98][0xda]'eX`<=[0x85]$eoq[0xef]E[0x88][0xb2][0xd5]vi[0x91][0xaa]I[0x89][0xba][0xf7][0xfd] Y[\n]"
05:56:02.472 [main] DEBUG org.apache.http.wire -  >> "[0xe0][0x1e][0x9e]_>[0xfb][0xd2][0xff][0xe1][0xe6]}[0xb1][0xbc]-[0xc0]:[0x9c][0x89][0xf][0xb2]\[0x0][0xec]O[0xbe]}[0x6][0xb0]o[0xe7][0x1e][0x92][0xd5]I[0xcf][0x4][0xd6][0xb3][0xb0][0xc6][0x83][0xc9][0xd6][0x90]![0xd1]Y<[0xf5][0xde][0x88];[0xfb][0xdb][0xcf][0xd7][0x96]_[0xb8][0x81][0xd9]{[$[0xfd][0x9f][0xfa][0x9d][0xaf][0xfd][0x8b][0xf3][0xc2][0xfc]i[0xd0]r[0xf6]/w[0xb0][0xb8][0x9b]Z[0xec][0xaf][0xa5]![0xda]j[0xb6][0xec]8j[0xe4][0x85][0x8a][0x4],c[0xf4][0xd8][0xc4][0xe4][0xc0]zL[0xe1][0xdf]{i%X[0xaf]e[0x99][0xc3][0x94][0xdb]u?[0xdd]n*F[0x2])[0xdf]V[0xc1][0x8d]m[0x95]1[0x9][0x7][0xd8][0xe1][0xa0][0x16]Y`[0xd4]uRS.[0xf1]?[0xf6]9O[0xe1]@[0x8e]2[0xf7][0xf6][0xa7]M[\r][0x1a][0x9e]}[0xb7][0x18]x[0xb5][0xe]p[0x80][0xd6][0xb0][0x98][0xf6][0xbd][0xb1][0x9f]m[0x18][0xb5][0xd5][0x18]I[0xf3]f[0xe7][0x10][0xe3][0xba][0xbb]U[0x86][0xf6]Y[0xe3][0x6]f]S[0x6]F[0xda]H[0x83][0x81][0xa3][0xa0]k[0x17][0xda][0x10][\n]"
05:56:02.472 [main] DEBUG org.apache.http.wire -  >> "[0xc2]2[0xa3][0xd3]d[0x9e]lgbc[0xc0][0x9a][0x10][0x3]X[0xa6]l[0x89]8U[0x87][0x97]i.[0x8b][0xb1][0xb2][0xcc])[0xd3][0xf8][0xcb][0xd2]O[0xda][0xd2][0xe7][0xf7]_?o[0x8c][0xdf]x[0xe3];[0xdf][0xfc]X{_o[0xdb][0xc3][0xfa][0x90][0x96][0x1d][0xc0][0xde][0xd8]v[0x10]{[0xc4][0xd5]% [0xed]|[0xa2][0x1d]K[0xff][0x1c][0xfd]i[0xd5][0x91]1[0xbe]W8[0xb9][0xbd][0x15][0xa4][0xe7][0xd1][0xef][0xf]LV[0xbc]zz[0xf4][0x9d]O[0xf7][0x97][0xff][[0xb7][0x1b][0xdf][0xdf][0x83][0xb2][0xb]zyXp}L[0x84]YR[0xad][0xcb]n[0xcd]peW_[0x1c][0xad]-[0xb3][0xbe][0x19][0xda][0xa2][0x5][0xae][0xea]G%[0xde][0x8a][0xff][0xd0][0xae][0xa7][0xcf][0xbb][0x12]=(N][0xd1][0xd7][0x9][0xcc][0x8]W[0xed][0xd1][0xa5]{7C[0xf7]UEf[0x18]V[0x13][0x97][0xbe]O[0x15]c[0x93][0x1a][0xc5][0x81]>[0x94][0xd9][0x8f]e~(WA[0xd9][0x87]3[0x0][0x19][0x3]:D[0x1d]_[0xbb][0x2][0xac];[0xc6]4R[0xe1][0xdc]2[0xec][0xdd][0x1d][0xeb]0[0x2][0x18][0x19][0x13]3jH[0xd3][0xdf]a[0xad][0xae][0xee][0xfb][0xc3]"[0xdf]%Q[0x4][0xbe]6[0x8a][0xe9][0xc1]^[?[0xd3][0xd7][[0x1a][0x12][0xa9][0xef]0Y[0x87]t8[0xd1]`?/a[0xf6]IX[0x9c][0xc][0xe4][0x90]g[0xbf][0x85]][0x3][0xab][0xdb]V[0x17][0x97]d[0x1f][0xc1][0x97][0xcf]![0x93][0xe7][0xff][0xf0][0xff]?z[0x1][0x1f][0xb3][0xe2]I[0x17]u[0xdf][0xd5][0xfe][0xd3]N[0xf][0xf0][0x18][0x96][0x2][0xb0]G[0xe7][0xff][\n]"
05:56:02.472 [main] DEBUG org.apache.http.wire -  >> "[0xc0][0xf6]rY[0xec][0xd3][0x89][0x8f][0xd9][0x93]y[0xc4]D[0x8d][0xf4]X[0x98][0x94]a[0x81][0x9d][0x92][0xc8].[0xf][0xb]@[0xbb][0xfa][0xb0][0xdd][0xc5][0xf0]D[0xc4][0xb0] [0x0]?[0xfb][0xc6][\r][0xcc][0xde][0x9b][0xb2]S[0x8b][0xf7][0xdf][0xc0][0x93][0x17]J'[\r][0xc0][0x80]v6[0xe2][0xe0][0xcd][0x90][0x16]R[0x4]^[0xb1][0x98][0x90][0xd2][0xc]Y[0xb3][0x8d]}[0xfd]N[0xb4][0x15][0xd6][0xe8][0xe8]X[0xde][0x87][0xfe]f[0x83]1[0xf5][0xdb]7[0x86][0xbb]W[0xed][0x8e][0xc5][0x95]b[0xa5]r[0x2][0xeb][0xb8][0xb5][0xdd]mw"[0x4]7ew^[0xe1][0x10][0x11]W[0x4][0x94]6[0xd6][0xcc]c[0xb][0x8e]u<[0x9b][0x80]Mp[0xb9][0xd1].--Q.[0xc4]tb2![0x1c][0xc6]q[0xd1][0x16]`[0xdb][0x9f][0xbe][0x91][0xca][0xa9][0x94][0xb1][0x81]1[0x1a][0x4][0xa2]L[0xb8]A[0xc5]{[0xb6]V[0xe8][0xf5]LE[0xeb]f[0x92]5z[0x14]|[0x10]q[0x8][0xd4][0xe4]7EX,![0x97][[0x9][0xd2][0xea][0xb7]|[\r]x[0x6][0xe0][0xb]t[0xb2]sE[0x92][0xa9],[0xfd][0x9d]Q[0xce][0xf6][0x94][\r]&JF[0xac][0xb4]0W[0xbe][0xd8][0xd7][0xb4][0xa8][0xc5][0xc4]-[0x8f]2[0xe5][0xbe][0xe8]=[0xf4][0x5][0x9c][0xf2][0x8b]/[0xfe][0xbb][0x1f][0xf][0xfa][0xf0][0xcf][0xff][0xe6][0xcb]O[0xca][0xcb]B[0x9c][0xe3][0xe4][0xba][0xff][0xaa][0x4][0xf3][0x1][0xc5][0xb0][0xde]i[0xb9][0x80][0xd4][0x9f][0xbc][0xbe][0xe1][0x8f][0xcf][0xff]]([0xc4]h[0xaf][0xaa][0xf7]q[0xe4][0x80][0x18][0x8d]/[0xee][0x83]*[0xd4]k[0xd4]$[0xb6][0xaf][0xfb][0xf0][0x17][0x80][0xf5]nvo[0x8c]g[0xdb][0xac]?[0x1a][0x88]?[0xbe][0x9d]>[0xf1][0xbb][0xf8][0xd2]?[0xf9]4~[0xf1]_{[0x5][0xb7][0xf2][0xae][0x95][0x1d][0xc8]N[0x9f][0xb8][0xf7][0x4][0x1e]m[0xf0]4j[0xdc][0x95]L![0xb0]J[0xb8]2F[0x93][0xca]{[0x99]l[0xba]v[d[0x12][0x93][0x86][0xb][0xe4][\n]"
05:56:02.472 [main] DEBUG org.apache.http.wire -  >> "t ux[0x9d][0xa5]GpP,[0xa9][0xfb][\n]"
05:56:02.473 [main] DEBUG org.apache.http.wire -  >> "[0xb4][0xfe][0x89][0xd5][0xa9][0xea]!([0x19]Az[0xc][0x18][0xb][0x89][0xea][0xac]&G[0xc5][0xc][0x8d]_[0x96][0xd4][0xea][0x9][0x8e][0x7]2:[0xb1]%[0x14]t#V[0x10][0x9c][\r]M[0xd3].[0xda]\[0xd0][0x98][\r][0x98]K+o[0xb9]<[0xa7][0x8b]P[0x16]W[0xb1][0xaa]~[0xbf]m[0x9e][0xac][0xd1]_[0x7][0xec][0x89][0x1a][0x8][0x17][0xe]S[0xc]/[0xc9][0xb]<su[0xd4]A[0xa3]#<+[0x12][0x90][0x11][0xd0]>[0x98][0xb5][0xdf]C[0xe8][0x83][0xda][0xc8][0xa9][0x98][0xdc] [0xf2][0xc4][0xae]z[0xd5]zDc[0x8e][0xa8][0xff][0x18][0xfc][0xdc][0xe7]t[0xd8][\n]"
05:56:02.473 [main] DEBUG org.apache.http.wire -  >> "[0xd1][0xd7]O[0xd8][0xca]=[0xaa]q[0xd2][0x83][0xc6][0x6][0x88][0xed][0x9][0xfb][0x0]f1_[0xca][0xab]g[0xcf][0xfb][0xf9][0xd7][0xbf]s[0xff]L[0x1f]~[0xfa]#I[0x1f][0x92][0x1a]<[0xdd];=u[0xf1][0xb2][0xae]2[0x5]S[0xff]<[0xd6][0xe5][0x2]`[0xdf]<[0x83][0xd7][0x5][0xc4][0x1e]q3O[0xc2][0xd8][0x1c][0x7]([\n]"
05:56:02.473 [main] DEBUG org.apache.http.wire -  >> ""[0xf][0xac]C[0xcf]TV[0x7][0xa3][0x92][0xf6]:[0x16]1[0x9d][0xf9][0xfc][0xbe]I[0xd4][0xf4]P[0xeb][0x90]S[0xa7][0xd3][0xf2][0x8c][0xf7][0xdf][0x7][0xf7]p[0xfa][0xfd]G70{W[0xcb][0xe]d[0xf1][0xe6][0xa3]3[0xf7]}[0x82][0xc7]8[0xb8][0xac][0xa5][0x5][0x6][0x10][0x96][0xad]~xz[0x7]H;z![0xe5]V[0x8a]#[0xe6][0xba][0xfd][0xcb][0x18][0xc3][0xde][0xbe][0xb7]x[0x9c][0xba]"P[0xa4][0x1c][0x97][0xd1]p[0xe8][0x98][0xd2][0xa9]=7[0xc6][0xd6]Z1[0xeb][0x8a]P[0xdc]$[0xb0][0xb0]NI[0xb],"[0x1d][0xa6][0x96][0x1c][0xc8]zR[0xfd][0x1][0xc6]\C[0xbd]Q[0xb8]N [0x92]u[0xa6][0x84][0x94][0x15][0x8][0xd1][0x14]*9[0x89][0xb1] :[0xfb][0xae][0xde][0x11],[0x9a][0xb6][0xb3]L?[0x1f]_5G[0xa9][0x98][0x13][0xb2][0xd4][0x99]C[0x19][0xe3]a"[0xd7]1Q[0x8e]a[0xc3]T[0xfb]M[0x9d][0xb6]XEY[0xd6][0xf7][0xb4]^[0xb][0x9b][0xe0][0x9e]2[0xe4][0xa1][0xce][0x8d][0xe8][0xd9]k[0x19][0xcc][0x1c][0xdb]LV[0xb5][0xf8][0xa5]o[0xe4]8[0xd5][0x87]&[0xef][0xf2][0xa8]A[0xe0][0xc3]xo[0xc3]&[0xf4][0xa6][0x99]d[0x9b][0xf3]w_[0x9][0xdc][0xfb][0xc2][0xeb][0xdf][0xc6][0x17]_y[0xee][0xf8][0x91][0x1][0xb0][0xb]h[0xdd][0xff]Q<y/NO[0xde]E[\r]>[0xae]^[0xd6][0xf7]*[0xbb][0x7][0xf6][0xda][0xa3]3[0x88]=[0xea]D[0xc8]P[0xd2][0xe][0xea]m[0x9f][0xf1][0x1][0x1d]?[0xff];UXj([0xa8]![0xa6][0x84]j[0x87][0xcc]E[0xb9][0xf0]!u[0xb9]^q[0x16][0xf3]$[\n]"
05:56:02.473 [main] DEBUG org.apache.http.wire -  >> "[0x1c][0xca][0x83]S[0x9c]~w[0xfb][0xfc][0xcb][0x9f][0xc6][0xd3][0xf6][0x96][0xf5][0xfa].[0x94][0xca]Z[0xbc]w[0xfa][0x9]l[0xcb][0xe7]T[0x1d][0xa1]8[0xc2]$p[0xb4][0xd6][0xc5][0x0][0xce][0xfe][0x9a][0xe6][0xf9][0xe2]Q[0x11][0xa1][0xa6][0xd6]aa[0xc9][0xc8][0xe5][0xe1][0xbb][0xda]([0x13][0x87]J[0xcb][0xdc][0xa0][0xff]b[0x8d][0x88][0x9e][0xa2]v[0xec]G[0x1d]i:{k[0x93][0x93]BU[0x1f][0xd4]r[0xb9]t,[0xa4][0x4]i[0xb6]hfM[0xca][0xda]<1[0xf9][0x1d][0x3][0xec]vK[0x80][0xcd]u<[0x14]8[0x92][0x8d][0xe2][0x9f][0xfb][0xbd][0x88],1[0x18][0xd7][0x95][0x9b][0x1e][0x94][0xd7][0xa8]/[0xbc]#!Dkw([0xd6][0xc9][0x13]HC`f[0xca][0x14]c[0xb1]"[0xf2]Z[0xc8][0x9][0x8a][0x12]V[0x1c][0x80]1>[0x1e][0xfe][0xaa]q[0x19][0xe3]Y1[0xe4]f[0xfb]Cc*z[0xf6]@#[0x87][0xc8]FQ[0xc8][0x8b]C[0xc]]S2[0xa8][0x8f][0x19]([0x3][0x81][0xde][0xd2][0xfe]{[0xdd][0xb][0xc0]z[0xb5]7[0xf0][0xc6][0xea][0x87][0xe7][0x8d][0xfa][0xec]?[0xfc][0xdf]=[0xfe][0xf4][0xe1][0xd1][0xd3][0xfa]8[0x80][0x96][0x97][0x1d][0xc0][0xbe][0xf5][0xe6][0x2]`[0xc4][0x1d]m[0x17][0xde][0xa4][0xdc][0xb6][0xd1][0xc6][0xb0][0x98][0x9d][0xad][0xc3]F[0x15][0xfe][0xa4][0xf0]*[0xe7][0x96][0x8d][0xcb][0xe7]',[0xa0]X[0x97]6)[0xd3][0xac][0xd2]![0xb6]m[0xd5][0xf6][0xbd][0xfb][0xe4][0xbd][0x1f][0xfd][0x97]~[0xf7][0x11][0xf0]i[0xdc][0xca];.[0x5]d[0x99][0xf]HOM[0x92][0xc2]P[ [0xcd][0xe3][0xb][0x97]G%U[0xfe]Rm[0xa0][0x1c][0xff]][0x9e][0xba][0xc0]'[0x91][0xf6]9[0x94][0xbe]n[0x19]&M526[0x9f][0x6]\5[0x1c][0xf7][0xfe]h[0xbc][0xa7]e[0x83]G[0xc0][0xc0][0xd0]h?1^[0xa9]-[[0xd7]g[0xda]#5[0xc8][0x87][0x7][0x16][0xfd]/[0x4]-[0x80]_<[0x14][0xe1][0xf5]z[0xb3]t[0x7][0xda]&m[0xb7][0x81]([0xdd][0xbb][0xc2][0x5]C[0xdc]c[0xc5]`u$[0xe]I-[0xe6][0x89][0x90][0xec][0xe3]D[0xb0]f[0x93][0x86][0x9e][0xfd]7[0xed]R[0xea][0x11][0xc6]^*N[0xb8]8[0xa0]5[0x84][0xc3][0xed][0x9][0x2]33[0x14][0x1a][0x80][0xe8][0x82][0xd5]N[0xc8][0xe][0xa9][0xd1]%t[\n]"
05:56:02.473 [main] DEBUG org.apache.http.wire -  >> "[0x13][0x98][0x18][0x4][0xbb]J)[0x1a][0xf3][0xc8]l[0xc4][0xd0][0xd3][0x13][0xe4][0xbd][0xf][\r][0xd9][0x92]"C[0x8d][0x1e]tv,[0xa4][0xb1]6[0xf2][0xcb][0xe7][0xbf][0xcf][0xbe][0xf4][0xef]~[0xfa]![0x1e][0xd3][0xb2]?[0x4][0x17]x[0xea][0x12][0xd3]:O[0xed][0xa9][0xf3][0xd4][0x9e][0xe4]w[0x1f]u[0xd0][0xf2][0xb2]S[0x88]g[0x0][0xbb]xa[0x99][0xdc]-cG1[0xe8]-@)[0x8f][0xac][0xf7][0xd5]I6PJ{[0x94][0xf1][0xa5][0xf3][0xb0][0x9c][0x16][0xbd]m[0xfb]+[0xea][0xac][0x8][0xb7][0xa8][0xa9]@[0xd3]2[0x8c][0x96][0x1f]xu[0x3][0xbf][0x8e][0xc4][0xa7][0xee][0xff][0xf6][0x1f][0xfd][0xfa][0x9b][0xe5][0xcf]|[0x16][0xb7][0xf2][0x8e][\n]"
05:56:02.473 [main] DEBUG org.apache.http.wire -  >> "[0xef]#{B[0xb1][0xa2]^k[0x8b][0xd6]C1[0x9f][0x83][0x87][0xa1][0x92][0x4][0xa4]2^[0xc2][0xf2][0x1c][0xf8][0xeb][0xca]U[0xaf][0x14]|?@[0x1]m[0xfe][0x8f]6[0xca][0x6]4[0x86]@d[YW[0xe]j[0xd4][0x91]h-[0xd6][0xdf][0xed][0xfb]l[0xdb][0x86][0x15];[0xa4][0xbd][0xd3][0x1b][0xc3]L[0x12][0xf4][0xca][0xfc]~+[0xc6]y[0xfa]f[0xe7][0x1e]P[0x8a]J[0xc][0xc6][0xd3]b[0xc2]<a[0x89]*[0xec]=[0x87][0xba][0xa4][0x7][0xba]z[0xb4][0x9],1B[0x85][0x16][0xf5][0xba][\r][0x80][0x1c]y[0x10]`tx[0xec][0xe6][0xf1]B[0x93][0x8][0x9e]2[0x93]AK[0xed]Hn[0xb2]Y[0x1e][0xb0][0x86]_[0xac][0xb8]F[0xe7][0xc][0xc7]6[0xf]4[0xce][0xda]n[0x8b][0x9d][0xf3][0xa3]X[0x92][0xc2]g[0x8]0[0x5]N'[0xae][0xe7]X338[0x98][0xa7][0x96][0xe1][0x9f][0xe3][0xe0][0xb1][0xb5][0x9b][0xfb][0x8d][0xf3][0xbb][0x17][0xe2][0xf4][0xc9]g^[0xfc][0xdf][0xfe]w[0xbf][0x86][0xc7][0xa8]\[0xbc][0xad]{?[0x86][0xa7][0xee][0x9f]N[0x9f][0xc2]1[0x11]#[0xf1][0x16][0x87][0xf1][0xa3]][0xb6][0xad][0x0][0xec][0xf2][0xdf]&[0x4][0xc1]N[0xf9]s_[0x9e]N[0xfd][0xc3][0xbf][0x18]c[0x8c],I[0x9f]@h[0xd3]JE[0xcc]5[0xa5][0xc4][0xd8]c[0x9d]"[0xea][0x8d][0x98][0xf3][0xc][0x9e][0xf6]X[\r][0xc5][0xb9][0xb2]-(p[0xc]0#[0xec]RJ'[0xfd][0xda][0xe9]K[0xff][0xec][0xd5][0xed][0x17]o[0xcf]e|'e[0x17][0xe8]O[0xfd][0xce]+/[0x9f][0xff]<[0x10][0x18][\r]O[0x13]cSX[0x99][0xc0][0xa7][0xf9][0xe0]^[0xa9][0xf5][0xa4][0xb2][0x1][0x3]y[0xb8][0xa6][0xb5][0x96]][0x91][0x8b][0xc2][0xc7][0xc4]P[0x6][0x4][0xbb]w(+[0xef][0xd2][0xae][0xdf][0xb9][0x98][0xce]6MI'/g>[0xab][0xb2]N[0xe4][0xf2]t[0x8]m[0xde][0xa2][0xd4][0x96]G<1[0x3]p[0xb1][0xd3][0xb2][0xe3]~w[0xc9]Or[0xca]U~D5yR[0x96][0x9d][0x9][0xd3][0xc5][0xad][0xce]S[0xf][0xf2]m[0xcc] U:[0xeb]C[0xfd][0xae]>[0x81][0xd5][0x13][0x9c]j[0x83]gq[0xd5][0x97]$[0x7][0x1c][0xaf][\r][0xe0][0xe0]ea[0xe2][0xa4]"
05:56:02.474 [main] DEBUG org.apache.http.wire -  >> "[0xe8][0xfa][0xdb]V[0xd4][\n]"
05:56:02.474 [main] DEBUG org.apache.http.wire -  >> "7[0x82][0xe8]P:[0xc1]Xo[0xc7][0xa0][0x17]n[0xca]g[0xd6][0xc2][0xea][0xe5][0x18]K|[0xf4][0xd8]Zo[0xe2][0xa2]g[0xd1]~[0xfd][0xfc][0xf7]7[0xde]x[\r][0x8f]M[0x2][0xc7]%[0x83][0xf0][0xad]([0xc2][0x8f]{[0xb9][0x0][0xd8][0xb7][0xbe][0xf5]][0xfc][0xc9]7[0xdf],[0xf][0xac][0x93]86Y[0xdd]1[0xb6]oY[0x99][0xfb]u[0xbc]'l[0xee][\r][0x83]>/V[0x2][0xc0]r?[0x19][0xc1][0xef][0xc4]gh6[0xb3]Q[0x7]|O[0xee]p:[0x81][0x1][0xb][0xc6][0xdf][0x14][0x8b][0x1d][0xdd][0xb8][0xe8]I+[0xf6]t[0xa4][0x8c]S<}[0xbb]a[0xfa][0x87]/[\r]d_[0x93]Sd4S+[0x98][0xa3][0xb2][0x4][0xa0]d[0x8a]VH[0x7][0x10][0x93][0xf7]6[0xb4][0xdd][0xaa][0x10][0xaf][0xde][0xcf][0xbf]l[0xb3][0x17][0xd9][0x95]hm[0xa0][0xfd][0x19]FKb[0x1f][0xad][0xd3]P^[0xc4][0xea]9[0xd6]87K[0xb8]`[0xec]G&[0xbe]fo[0xf7][0x91]a[0xea][0xb]<[0xb6][0xa1]^[0xc3][0xea]LPi[0x1][0xf9][0x96][0x86][0xae]!S[0xda][0xbf]VM7[0x8a][0xbf]^[\r][0x7]"o[0xae][0xdd][0xc9][0xf5]P[0xe4][0xe2]+a[0x91]5[0x1c]Hg[0xe5][0xc6]k[0xf5][0xf5][0x82][0xbc]*[0xad][0xcd]]k$[0xd0][0x13][0x8d]*[0x9b]d5[0x10][0xe2][0x0][0x88][0xd0]#[0xa3][0x16]c[0xa4][0xfa]X[0xe8]V[0x7]8[0x18][0x16][0xaf]{[0xf][0xf3][0x84][0x8e][0x14][0x10][0xab][0xee][0xd9][0x18][0xf5][0xec][0x8c]?[0xff]a[0x7]0&d[0x9c][0xee][0xdf][0xff][0xd4]y[0x2]O-[0xde][0xd6][0xad][0xa8][0xec][0x0][0xf6][0xcd][0xef][0xe0][0x9b][0x17][0x0]C[0x9f][0x87]h[0x10][0x88][0x10]?C[0xcb])[0xc7][0x80][0x2][0xa9]E[0xd0][0x9b]j[0xd0][0x89][0xfd][0x87]0y[0x1e]C[0xed]m[0xbd]Wes[0xd2][0xb4]=[0x5]<M[0xda][0xae][0xbf][0xcd]7[0xee]7H[0xcb]V5}[0xe6][0xb1]f3[0xec][0xe6][0xfc][0xd7]yy[0xf5][0x94][0xdf][0xbd][0xdd]c[0xf6]C[0x96][0xd8]o[0x86][0xfe][0xee][0xe9][0xeb][0xae][0xc4][0xa5][0x18][0xeb][0xf5][0x95][0x92]Z[0xea][0x9a][0x5][0xbe][0xeb]>[0xff][0xfc][0xe0]U][0xbe][0xdb][0xcc][0xfb][0x90][0xc7][0xd2][0xfd][0x19]=[0xc8]Q4[0xb0]AJ[0xb4][0x9a][0xe6][0x90][0x4]\[0xad][0x14][0xab][0x97][0x10][0xf]}[0xa9][0xb7][0xc9]{[0xe3]H[0xc6]B[0xca][0x1][0xb1]\A[0xbc][0xe][0x80][0xbe]lL[0x9b][0xe7][0xcf][0x86][0x9a][0x18][0x8f][0xca][0x92]S[0xb0]d2[0xba][0x97]U[0xed]aM[0x99]Gc[0xbf][0x8d][0xb][0xe3]u%Fs[0xfb][0xe2]u[0xd7][0x93][0xd6]O[0xb9]d[0xba][0x8][0x1][0xac][0xd4][0xea]5[0x8]Rfy[0xc0]8[0xc][0xa0][0xf5]m[0x1]'[0x81][0xcd]xs[0x86]NW`[0xa5][0xc0][0xd5][0xda][0xee][0xc1]CL[0xb8][0x91][[0x89]GM0+[0x84]ZDt[0xeb][0x9f]0[0x1][0xf0][0xcd][0xab]gN[0xf2][0xb9]7[0xbe][0xb9]=[0xff]a[0x4]0[0xa7][0x9][0x8f][0xb1][0xad][[0xb9][0xbb][0xbc]v[0xf1][0xc0][0xfe][0xf8];x[0xf3][0xd1]6[0xa0][0xc2][0xe8]w[0x9f][0x12]F[0xef]![0x8f][0xca]<0[0x82]D}n[0xde]V[0xf8].B[0x1e][0xbc][0xb7][0x2][0xa8]~L[0xf6][0xb4][0x91][0xec]C<[0x13][0xc3][0x11][0xfc][0xee][0x14])O0[0xe9])[0xe2][0xea][0xdc][0x82]c8[0xe8][0xca]s#/o[0xd8][0xfe][0x7][0xb7][0xb4][0xfc][0x1f][0xbc][0xdc][0xff][0xc4]w[0xcf][0xf4][0x85][0x9]=[0xdb]*[0xb9],[0xfb]FM[0xe5][0x96][0xb6][0x1][0x11]r[0xe2]E[0xa0][0xf5][0xdf][0xba]4[0x9a]nJ[0x8f][0x8f][0xa1]=[0x14][0xe3][0x89]S[0xb0][0x99][0x86][0x2][0xe0]+,11[0xac]j[0xb8]#3[0x9d][0x97]V[0xd5]w[0xc5][0xdf]I[0x14]j[0xaa][0x7][0xb4]_[0x13][0x4]7[0xe][0xb4][0xb3][0x12][0x3][0xa3][0x14]O[0xd3][0xa0])[0xfd][0x98]~[0x8f]h[0x86][0x5][0x98]RU[0xbb][0xaf]p[0xf0]D[0x9d]![0xb7][0xca]r!E8[0x10][0x8a][0xc9][0x13]8[0x6]A[0xca]H[0x8][0xf9]YY[0x7][0xce][0xad][0xbc][0xcb][0x17][\r]<[0x93]X[0xe2][0x18][0x17]lJ6[0x8b][0x1e][0xad][0xb1][0xcc]=-[0xfe][0xf6][0x16][0x9e][0xe0][0x1][0xc4]h[0x80][0xd0][0xd8][0xd0][0xe4][0xea][0xf2][0xf5][0x0][0x93]7[0x1c]@[0x85][0xa4]:[0xf8][0xab]U[0xe8]MP[0xb][0xb4]{`[0x99][0xcf][0xbf][0xf1][0xcd][0x8b][0x7][0xf6][0xa9][0xf][\r][0x80]yR[0xc6]Y[0x4]?[0xf9]h[0xff][0xc2][0x80][0xff]V[0xee].[0xdf]~[0xe3]M[0xbc][0xfa]/[0xde][0xc0][0xa3]G[0xb3]wx8[0x93]'3x[0xfe]G[0x9c][0xc9][0xc3][0xb7]&[0x12][0xc9][0x1c][0xad][0xb6][0xc][0xdc][0x80][0xd5][0x83][0x3]`w[0x9b][0xd4]Q[0xd8]R[0xbb]U_t[0xfd][0x1e][0xb][0xbf]M[0x86]G[0x96][0xfe][0xfd][0x9c][0xfb][0xd2][0xdf]}[0xfe][0xff][0xec])oi[0xf9]?L[0xb9][0x9f][0xb8][0xff][0xe3][0x19]J\[0x1d]%[0x8d][0xd1][0x92]a[0xc1]z)[0x9a].[0x2][0xa6]Eg]Z[0xda]f[0xd3]ti%K[0xdc][0xa3]E[0x1f]b[0xe4][0xda][0xf2]WL[0xed][0x0][0x82][0xdd]H[0x0][0xa6]x[0xd3][0xee][0xfb][0x98][0xe4][0x87][0x1e]Z[0xdf]Spr[0xef][0xb0]4g[0xe]=[\n]"
05:56:02.474 [main] DEBUG org.apache.http.wire -  >> "[0xd2][0x87][0x85][0xd2][0xd7]i[0xb3]lR[0xb7]z[0x91][0x95]t[0xc5][0xed][0x9e]G[0x10][0x9b]w[0xc0]$[0xf0][0xb7][0xd2][0x1f][0xb0]I[0xb8][0x80][0xa9][0x9c];{2[0x9b]([0xe1][0xc2]$[0xc1]![0xf][0x80][0xc7]C [0xf4][0xf][0xb7][0x4][0xdc]PP[[0x93][0x80][0x11][0xf2]<[0xb3][0xce][0xe2][0xe2]99U[0x9a][0xd9][0x14]L[0x8b][0xb][0xf2]2[\r]d[0xd6]G|[0x1][0xd0][0xe2][0xf2][0xe0][0xf7][0x9e]"[0xfe][0x86]Fzf{[0xc2][0xc2][0x9d][0xd4]][0xe][0x80]s[0x1f][0xc2]n[0xf8][0xbe]z[0xbe][0xfc][0xb9][0xd7][0xff][0xe4][0xc3][0xe1][0x81][0x11][0xb8][0xe2][0x13][0xf7]>[0xb5][0xc4][0xb7][0x12][0xb7][0xf2]6[0xcb][0x5][0xc0][0xbe][0xf9][0x8d]o[0xe3];[0xdf]~[0xa4][0xb5][0xd7]q?U[0x1d][0x9e][0x81]}3[0xcd]#[0xa4][0xb2]o[0xf0][0x9c][0xe3][0xe2]g3Bfg[0xca][0x94]H[0xd4]s[i[0xd3]is'[0x86]/[0xc4][0xb2][0x1f][0xcd][0xe3][w[0xa7][0xce]1[0xac]O8u.[0xb5][0xe7][0xe7]?[0xfb][0xa6]i[0xc][0x5]s[0xfe][0xf8][0xc9]{?[0xfa]c[0xbf][0xfe][0x8]x[0x1a][0xb7][0xf2][0xb6][0xcb][0xfd]S[0xbe][0xf9][0xa7][0xcf][0x9c][0xf1][0xf0]h[0xb4][0xd2][S[0xc5]%.$[0xf]*W[\n]"
05:56:02.474 [main] DEBUG org.apache.http.wire -  >> "[0x8e]n|[0xa3]P0h[0x4][0xd6]9[0xf0][0xc3][0xb4]Xd[0xf9][0xd7][0xf2]g[0xa7]]p3[0x8]dD[0x11]v[0x91]v[0xeb][0xd2][0xd1]d[0xfb][0x5][0xc2][0x91][0x9c] ny[0x86]A[0xe5]MEo[0xf7]f[\r]S[0x85][0x15][0x9c]<[0xd1]@[0x15][0xec][0xf3][0x1c][0xfa]t[0xee][0x1b][0xeb][0x89][0xe9] [0x0][0xe1]A[0x9d]no[0xe2][0x86][0xa0]Z[0x17][0xd2]"[0xe4][0x81][0x18][0x14]u[0xf7][0xb][0xd0][0x9a][0x92][0x87][0xc4][0x1e]cQP[0xc0]a[0xee][0xcd][0x0]=[0x1a]<e[0x87][0x1c]@[0xac](c[0x1d][0xfa][0xf1]\[0x1b][0x91]Q2[0xdd]B[0x9][0x9d][0xa0][0xe][0x90]d[0xd3]e[0x9c][0xb9][0xad]a;[0x5][0xcf]@[0xd3][0x14][0x15][0xbd][0x87][0x82][0x1f][0xd4][0x14][0xad][0x9c].[0xad][0x9c][0x1][0xec][0xec][0x81][0xdd]?{`[0xcf]<[0xf5][0x81][0x1][0xd8]~[0xff][0xd6][0x8f][0xe2][0xe7][0xaf]<[0xae][0x8f]Q[\n]"
05:56:02.475 [main] DEBUG org.apache.http.wire -  >> "[0xfc][0xbb]U[0xbe][0xfd][0xfa][0x5][0xc0][0xde][0xd8][0x1][0xec]R[0xec][0xce]L[0xe9][0xa3][0xab][0x8b][0xc]([0xda][0x88][0x9c](2[0xf7][0x9b][0xce][0xff][0xe5][0xe9]7[0xa7][0xb6][0xc3] [0xe3][0xc9]3[0x8e]IRG[0xfb]X9[0xb8][0x3][0xb2]5hc[0xae][0x91][0xf]:[0xb6][0xe1][0xc9]$1[0xe7][0xbb][0xae]Y[0xb2][0xb6]u[0xf4][0x92][0xd8]U[0xe3]%[0xb8][0xf5][0xe7][0x9f]9}[0xe9][0x9f][0xbd]r[0xcb]d|[0xfb][0xe5][0xfe][0x99][0x9a]y[0x82][0x9e]A[0xe9]"[0xc6][0xc0].o6[0x99][0xd1]][0x92]O[0x0]q[0xc5][0x8c][0x85][0x97]c[0xcd]4[0xcf][0x8b]Y[0x19]`L[0x16]X[0x92]8[0x9a][0x86]R@4a[0xf4][0x96][0xea][0xb9]76[0x85]9%[0xb9]d[0xe7][0xb5][0x82][0xf][0xf3][0x12][0x84]V[0xca]`[0xec]}#%[0x19][0xc1]<[0xf2][0xfe]\[\n]"
05:56:02.475 [main] DEBUG org.apache.http.wire -  >> "[0x1b]0p[0xa8]9[0x10] [0xb1]xi0[0x17][0xa5][0xd1][0xa1][0x1a][0xed][0xb9]m[0x85][0xe6]C[0xf5][0x81]M[0xcf][0x86]7t[0xab][0xb9][0x18]8[0xc4]*[0xe5][0x96][0xef]&`[0xdb][0xb4]v[0xf5][0x9d][0xc5],[0x1d][0xf0][0xe4]ZbI[0xf9]O[0xc5][0x7][0xfd]FhI:[0xac][0xbf][0xd4][0xd2][0xd9][0x8b][0xa1][0xfc]R[0xbf]R[0xd0]F4&[0xd6][0xd5][0xad]q[0x4][0xcb]~[0xa1]O[0xc6][0xae][0xb][0xe7]v[0xd1]|[0xe3][0xdc][0xef][0xf3][0xaf][0x9f].[0x0][0xf6][0xfe]{`zZ[0xc6][0xfd][0xd3][0xcf]-1[0xae][0x1b]n[0xfd][0xd0][0xe5][0xd1][0x9b][0x1b][0xfe][0xe4][0xeb][0xaf][0xe3][0xf5]s,[0xec]R[0xe4][0x19][0xb9][0xb1][0xd5]H[0x92][0xd7][0x1a][0xa6]+hO[0x9]b[0xa0]wso[0xe8][0x9c][0x1b]RFQ[0xf]R[0x89]r[0x14]X[0x5][0x1a][0x16][0xa3][0xcd]{XFn[0xb7]A0m[0xa5][0x3][0xf][0xd3][0x10]<[0xf3][0x90][0xec][0xe1][0xe7][0x1f]c[0x93][0xf2][0xba][0xf3][0x9f][0xcf][0xdd][0xff][0xd2]?[0xf9][0xf2][0x9b][0xbf][0xf8][0xaf]=[0xc4][0xad]|[0xdf]r[0x8b][0xd3]OD[0xae]pE[0xab]d[0xcc][0xf]@4[0x92][0xdf][0x9f][0x5])[0xfb][0xd9]@[0xc9]u[0xaf]E[0x93][0x93][0xe6]%[0xd7][0xba][0xf2][0xaa][0xac][0xe2][0xa2]Ccnjd[0xde][0xc5][0xac]zJ[0xfb][0xc3][0xf7][0xa0]:[0xa2][0xa9][0x94][0xa3]V[0xa9]}[0x13]q0[0xcc]t}}[0x9e][0xb3][0xf9][0xb5])E[0xe2][0xf1][0xea][0x19]#&1[0x85]$][0x98][0xc][0x97]G[0xd6]$[0x1f]:Aogo8[0xd4][0xf2][0x8c][0xe4]n]Y[0x87][0xcf]3[0xe]s[0x5][0xb9]N[0x2]qz[0xf6][0xb4]x[0xb9][0x1a]Gb[0x89][0xdf]M[0xcc]0[0xc7][0xf8]@2[0xad][0xbd][0xe5][0xcd][0xc7][0x81][0xc9][0xee][0xc8]U~[0x92]6[0xa5][0x89][0xe5] [0x8f]Z[0x98]m[0x87][0xa3][0x7][0xdc][0x18]vF[0xe7]g^[0xbf]w[0xa6][0x10][0xdf]g[0x0][0xfb][0xc9]/[0xbd][0xfc][0x94]e[0x15]>5C[0xba][0x95]wR.[0x99][0x88][0xaf][0x9d]=[0xb0]o[0x9d]i[0xc4][0xe4][0xe1][0x8d][0xd5][0x82]afa[0x1f][0xd8]+[0x10][0xf3][0xf3]_[0x1f]\[0xde][0x9d]p<-'L[0xfc]+;5[0x89][0x9f]U[0xec][0xf8][0xd4]6k,[0xfa][0x3]+[0x1d]i;[0xb8][0xbe]?[0xc6][0xd6]*[0x9d][0x9f]y[0x5][0xab][0x87][0xc5][0xb3]q}[0xfe]9[0x19]g[0x8e]L?[0xc5][0xbd][0xcb][0x3][0x86][0xf6][0x96][0xfc][0xf1][0xfd][0xb]o[0x88][0xa6][0xd3]0[0xc1][0xfe][0x1][0x11]z7zoo[0xca][0xd2][0x96][0xf1].[0xaa][0x90]>[0xbc]{[0x14]Z@][0xdb]n`[7DOz[0x4]R[0xc2][0x9e][0x12]o[0x16]=[0x16]@;[0x4]x[0xad][0xdf]i[0xf][0x98]X[0x96]'[0x9][0xc2][0xd2][0xf0][0xdc][0xfd]G[0x8c]W%P[0xe8][0xd7]y[0xec][0xae][0xe8]D[0x1d][0xbb][0x3][0x1d][0x92]a[0xf7][0xe8][0xd5][0xd8]2sX[0xbf][0xae][0xb5][0xb6][0x88]p7f[0xf1]8e[0xf9][0x8d]KC[0xda].H[0xeb][0xd2]*[0x9d][0x6][0x9][0xfa][0x7][0xee][0xde][0x92]_0M[0xd6][0x81][0xb4]$[0x1f]4[0xe5][0xb7][0xa3][0xd7][0xe6][0xf2][0x1c][0xf9][[0xc]5[0xdc][0xdb][0xb][0xa5][0xbc]hG[0xf5]k[0xf3]y}~{[0xb][0xf7][0xbe][0x10][0x9f][0x88]g^[0xfc][0xb7][0xdf][0x9f][0x1b][0x99]/^[0xd7][0x8f][0xfc][0xa9][0xd3]g[0xce] [0xfd])`[0x7][0xae]'[0xfc]'[0xab]o[0xe5][0x9d][0x95][0x1d][0xc0]^[0xbd][0x0][0xd8][0x1b][0xfb][0xeb]:[0xfc]'[0x88][0xe6][0x8f]1[0xec][0x92][0x86]Wm[0x1b][0xee][0x1e][0xa4]y<*[0xe5]5[0xe5]r~[0xd2][0xc2][0x7][0x81][0xe1][0x8][0x99][q[0x1a]V[0x6]m\1\[0xdd][0xac]P[0x9b][0xbc][0xe6]}E[0xb0][0x91][0xe][0x91]@g0[0xa4][0xf7]b[0xc0][0xc8]u[0xc4]1[0xf6][0xbe][0x9e][0xe5];m[0xa3]s[0x1f]?~{&[0xe3][0xdb]+[0xf7]O[0x1b][0xfe]l[0x6][0x14][0xeb][0xc1][0xb8]/Z[0xa1][0xb4][0xfb][0x9e]N[0x10][0x1f][0xbc]o[0xaa][0xb2][0x81],{[0x9c]Z0[0xfb][0x9f][0xc0][0xd0]w[0x97]/[0xcc][0x8d]oS[\n]"
05:56:02.475 [main] DEBUG org.apache.http.wire -  >> "[0xd9][0xbf][0x10][0x9d][0xb9][0x18]9l(d[0x8e]E[0xef]&9A[0x84][0xa0]P[0xc6][0xd0]]eh?[0x87]AS[0xea][0x2][0x5][0xcd][0xb3][0x6]X[0xa3][0xf][0x82]P[0xfb]tR[0xf0][0xb1][0x2][0xc3][0xc4][0xaf]*[0xde][0x7][0xca][0xa8][0xb9][0x85][0x1]+[0x2][0xe2][0xd5]@[0xcd][\r]r[0x10][0x1a][0xb6][0x12][0x86][0xbe]o}[0x0][0x6]I[0x87][0xae]L[0x19][\r][0xfb][0xbf][0x1b][0xd7]d[0x9][0x9a]M[0xf8][0xa0]e[0x96]rj[0xf5]S1[0xfb][0xc3]Z[0x9a]/%[0xe5][0x99][0xae]lf[0xf8]:[0xe1][0x98][0xb5][0x89]1[0xb3]5R[0xf4][0xce][0x99][0x1f]6}[0x88]x[0xf4][0xec]K[0xcf][0xfc][0xeb][0xf][0xf1][0x1e][0x16][0xa7][0xb][0xe1]q.$n[0xe5][0xdd]-o|[0xeb];[0xf8][0xe6]?[0xff][0x16][0xde]|[0xb3][0x1e]S[0xc6][0xb3]_[0xfa]![0xeb][0xe7][0x88]L[0xb7][0xa8][0xc][0xb5][0x88]1[0x88][0xba][0xe8][0xb4][0x9e][0x86][0xda][0xd3]w<n[0xbd][0x1d][0x8f]'E[0xc1][0xaf][0xa1][0xde][0xdb][0x8][0x94]>[0xf3][0xf3][0x8f][0xd6][0x8d][0x1b][0xad][0xbf][0xc5]K[0x1c][0xd0][0xdb][0xbf]^[0x1f][0xc0]>[0xfd][0xf1][0xa5][0xd0][0x94]C[\r][0xdc][0xa5][0xbb]Z[0x1f]?y[0xff]O[0xfd]K[0x9f]{[0x13][0xb8]=[0xc6][0xea]{[0x94][0xfb][ya[0xed][0x17][0xf4]^[0xd8][0x81][0xab][0x15]n[0xce][0x9e]k=[0xe][0xd8]6l[0xef]B[0x1b][0xad][0x12][0x9]!S[0xe7][0x0][0xe][0xf4][0x19][0xd4].[0x15][0x1f]X)[0x1c][0xc]-[0xde][0xd4][0xca]4[0xbb][0xa2][0x96]=0[0xf7]@[0xed][0xef][0xef][0xca]:[0xec][0x86]-.[0x6]u[0x8a][0xcb]![0x1a]K[0xd0][0xc6]\uj[0xb3]7[0x18]/f[0xdf][0x0]l[0xcb]Cs[0x1d][\n]"
05:56:02.475 [main] DEBUG org.apache.http.wire -  >> "[0x81]dD[0xc5][0xc7].[0xb4][0xec][0x89][0x19][0x17][0xf4]p[0xca]S[0xa3]$[0x10][0xf0][0xdc]*[0x97]}[0x1b][0x1b][0xa9][0xb5]JY[0x8f]p[0xa7][0xae]2[0xa1][0x12][0x16][0xe8]+[0xa3][0x15][0x10]f[0x7][0x14][0x93][0xda][0xc7][0xba][0x89][0xf0]O[0xcd][0xcd]E[0xa4][0x15][0xba]X[0xd0]i[0xf7][\r][0xb6][0x97]&[0x8f][0xac][0xe9]V[0x2][0xae]'~[0xf4][0xa2][0x12]Y[\r][0xca]*[0xc8]~[0x96][0xce]W[0x10]o~[0xf6][0xa5]g[0xde][0xbb]g![0xde][0xed]u[0xe1]V[0xde][0xa3][0xf2][0x9d][0xd7][0xbe][0x83]o[0xfd][0x8b][0xd7][0xf1][0xed][0xd7][0xbf][[0x9b][0x83][0xfb]u[0xa7][0xe]1[0x1b]@V[0x13]3[0xc1]`[0xe]M[0x81][0x15][0x1][0xc3]?[0x1e]#[0xb3]O[0xc6])[0xc]`[0xa6][0xb4]b2P[0xa4][0xf2][0x2][0xe6][0x97]?B[0x11]^[0x1e]:[0x9d][0x82]^[0x84][0x1d][0x8d][0x9c]:5[0xe0][0x0][0xe3][0xe0][0x87]18;[0xe4][0xe8][0xb7][0x9f][0xd2][0xef][0x3]j[0xe7][0xf7][0xbf]v[0xfa][0xad][0xfa][0xb5][0xed][0x97][0xfe][0xd5][0xe7]p+w[0x96][0xf8][0xa9][0xbf][0xfb][0xff][0xff][0xfd][0xb][0xff]?[0xd6]y[0x97][0xbc]zA]{[0x5][0x14][0xaa]DJ2[0xe6][0x13][0xad][0xd7][0x2][0xe][0xdd][0x14]c,[0xfb]f[0xd9][0xe8][0x16][0xe4][0x81][0xe]Ss[0x83][0xa5][0xed][0x14]-9[0x16][0x84]RO_g[0x13][\r][0x1c]<(i[0xc0][0xa6][0xb6][0xbb][0x7]K[0xc0][0xc8]X[0x9c][0x9b][0xbc][0xba][0xb9][0xda][0xc6]ZrA'[0xe7][0x8d][0xb7]E[0x8f][0xc][0xd6],[0xf][0x84]NK[0xdd]P[0xe][0xb1][0x15][0xbc]n[0xe]C*[0x96][0xc5][0xfe][0x8e][0x80]m[0xe3]^[\n]"
05:56:02.475 [main] DEBUG org.apache.http.wire -  >> "[0xcf][0xcf][0xe5][0xf5]6[0xe0]5k[0xd5][0xf3][0xe2][0x1][0xdd][0x16][0xea][0xb2]E[0xe3]m'[0x9c]2[0x1c][0x0][0x9e]u[0xd6]^[0x8a]0[0xf9]a[0x1][0xe7][0xd4]u{[0x7][0xaf][0x9e]}[0xfd]g_|[0xf6][0xbf][0xf7][0x9e][0x1c][0xd4];c][0xb7][0xf2][0x9e][0x96]G[0xdf][0xdd][0xf0]'[0xf4]M|[0xfb][[0xdf][0x1e][0xef][0xc8])[0xc4]h[0x1b]n'[0xea];u[0xbe]Y[\r]yK[0xd1]0[0x11]4[0xbb][0x14][0xb2][0x9a][0xd0][0xf7]~}8[0x91][0xaf][0x4][0x8f][0xee][0xa7][0xe0]&:[0x8e][0xd1][0x9b][0xf2][0xf2][0xb3]-[0xbd][0x81][0x97][0xf1][0xa1][0xea][0xb6]/[0x16]c[0xef]?[0xf3][0x92][0xc1]Gc[0x1][0xfa]>[0xac][0xae][0xea][0xbd][0x95]\[0xd2][0x0]L[0xa9][0xf7][0xa6]Cj[0x18][0xb1][0x9e][0xff][0xaa][0xf6][0x8d]G[0x8f]>[0xf9]$~[0xf9]O[\r][0xb7]rU[0xee]W[0xc]`[0xb5][0x2][0x14][0xc1][0xef]w[0xa3][0xd4][0xb6]f[0x94][0x1c]l[0xf8][0xba][0x81][0x80][0xda]|[0x1]@n[0xc3]j*[0xcb]C[0x19]*@[0xdf][0x93][0x9b]v,d[0xcb]J*[0xa9][0x85][0xde][0xc6][0xe9][0x3][0x1f][0x1d]U>Kb[0xe2]4[0x96][0xc5]X[0x8e]P[0x8a][0x9e]l[0xca]R[0xea][0xf8][0x0][0xa0]HK[0xba][0xd8][0x15]s[0xcc][0xb3][0xd1][0x86]w[0x93][0x7][0xc8][0xf6][0x14]/l[0xb0][0xbc][0xdc]\[0xbd]- >[0xb7]3[0xc] [0xf4][0xc6]e[0x6][0x87][0xd1][0x87]#[0xc9][0xa1]4[0xb1]Z{5[0xfc][0xa0][0x8f][0x87]L[0xa7][0x1f]Ke[0x8c][0xd7][0x9c][0xd4][0xe]e[0xcf]R[0x81]t[0xf2]IZ[0xec],'YcY[0x9][0x3][0xb1][0xe][0x81][0xd7][0xe8][0xd2]@[0x16][0x15]G[0xb4]q[0xd6][0xfe][0xe9][0x5][0xdc][0xf9][0xc9][0xe8][0xe7]![0xbe][0x8e]G[0xcf][0xbd][0xf2][0xec][0xbf][0xfe][0xae][0xc6][0x0].[0xe0][0xd5][0x94][0xe1]gp[0x8b]u[0xbd]oe[0xdb]6[0xbc][0xfe][0xf5][0xd7][0xf1][0xda][0xd9][0xb]c[0x1c]l/[0xb][0x91]^'[0xaf][0xce]l[0x1b][0xb1][0xc6]j[0xc8][0x9a][0x3][0xe4][0xb5]G[0x83][0x98]=[0xb8]A[0xd7],{7[0xc4][0xf3]-[0xa0]X[0x6],[0xf8][0xf3]+[0xd1]?`[0x8b][0x9d][0x6][0x4]V[0xcf][0xae]O`[0xd0]f[0xc5][0xec]m3[0xd2]z[0x16][0xe0][0x9b][0xab][0x98]t[0x1d][0xb0][0xc0][0xc1][0x88][0x8f]I([0xc0][0xd1][0xc0][0x8f][0x9e][0xcf]r[0xc6][7[0xff][0xf8][0xe9][0xf4][0x9d][0x87][0xe7]x[0xd9][0xcf][0xde][0xe2]e[0xd7][0xe5][0xfe][0xee][0xe2]'M [0x80][0x1e][0x85]P[0xa7][0xcb][0xb2][0xc8][0x2]3[0xac][0x8b][0x14][0x2]*ZK[0x97][0x8f][0x9b][0xba][0xca][0xe][0xf3][0xa7]R[0xed][0xc7][0x8b][0x89]t[0xb0][0xeb][0xe][0x17][0x1e]/[0xa5][0x80][0x91][0xe3]b[0xf4]&[0xb9]d[0x1e][0xe5][0x16][0xa3][0xa0][0xc7]Cd[0xa6][0x9c]'{[0xd4]X[0x1b][0xbc]s[0xda][0xd6][0xec]8[0x19][0x9e][0xa1][0xe5]K[0x8f][0x17][0x5],[0xbd]}[0xe5]=Dy[0x6][0xf9][0xc0]A$K[0xd8][0x98][0xd3][0x11][0x14]G]G#[0xd3][0x18][0xc0]tp[\r]7A[0x9b][0x90]m[0xca]v[0xc][0xcf],4[0xa2][0x85][0x17][0xb6][0xa4]I[0xe6]o[0xc6][0x9f][0xd9][0xad][0xd8][0x1a][0xc0][0x1][0xde][0xa9]f[0x8c]G[0x97]2d[0xa6][0xed][0x9a][0xb3][0x83][0xa2][0xc0][0x94]n[0xf4][0xc3][0xcc]7[0x9f]>[0xd3][0x88][0xaf][0xe0]](|[0x4][0xd4][0xbd]{[0xf7]~[0xee][0xbc][0xd9].[0xf1][0xae][0x1b]e[0xf8]>[0x97][0xd7][0xcf][0xe0][0xf5][0xad][0xfe]M<[0xda][0xec]|v1o[0xc3][0xc2][0x3][0xbd][0xb7][0xe]t`[0x81][0x15]cU[0xba]~[0x94]U"[0xc8]]bR}[0x8b]a2[0x84][0x9e][0x4][0x95][0xa0][0x97][0xa7][0x90][0xb7]>[0xb3]Q[0xa5][0x81][0x16][0x8][0x9a][0xf4][0x84][0xe2]`[0xca][0x8d][0x8a][0xe0][0xa5][0x91][0x80][0x1b][0x98][0xda][0xe7][0x19][0x1a][0xba][0x1f][0x10][0x1a]|}[0xfe][0xc3][0xe9][0xc8][0x89][0xb3]{}[0x82][0xdc][0x83][0xfb][0xea]_[0xbe][0xc5][0xcb][0xee]([0xb1]?[0xf9]>[0xe2]A[0xaf][0xf4]d[0xf5]Q[0xfc][0xad][0xb8]M[0xd8][0xfb]u[0xf2][0xd2][0x86]N,[0xc1][0x1f][0x9e]+([0xb][0x86][0xa5]-x[0xb3]F[0x4][0x16]G[0xc5][0xa3][0xad][0x96]f[0xa3]i[0xe3]5?[0x96]Kv[0x88][0x0][0xcc][0xeb][0xfa]X[0xf8]I[0xbb]AG[0x8a][0xae]z[0xda]Ry[0xb6][0xe2]/-5[0xdc][0xe3]>l[0x7]K[0xfa][0xb9][0x9e][0xcc][0x1][0xc6][0xa4]0C[0xb9][0xea][[0xb1]@zC[0x10][0x1f]8[0x98]][0xf1]=[0xbe]o[0xb9][0xcd]<[0xd3][0x3][0x5][0x3]0+[0xd5][0xda]}[0xa2][0xdb]0[0xf9][0x86][0xcd]^^f[0xae][0xf2]lG[0xba][0xaf]Y[0xbd]L[0x18][0xff]?q1[0xae]5[0xe9][0xe1][0xfa][0xf8][0x95][0xf3][0x8b]3[0x80][0xfd][0xf7][0x1f][0xe2][0x1d][0x96][0xb9])[0xf9][0xde][0xaf][0xe0][0xf6][0xd0][0xdd][0xf][0xac]|wO[0xe4][0xf8]&[0xbe][0xfb][0xda]w1[0xf4][0x1c][0xa0][0x98]Xv [0xde](B[0x81]DX[0xec]+p[0xac]Cs[0x9]B.yBq[0xe1][0x87][0x4][0x1e]|[0xea][0x86][0xdc]1[0xc][0xdd][0xd8][0x99]I[0x84][0xab][0xf6][0xbe][0xda]Ru[0x10]=u[0x8c][0xac][0xc0][0x15][0xf4][0xea][0x8a][0xec][0x80][0x86][0xd1][0x88]\[0xfb][0xbd][0xbf]K[0xa7]'#[0xde][0x92]^[0x1c]D]_[0xf7][0xb5][0x8b][0xe1][0xa7]3l[0xf1][0xb9]:[0xd3][0xf8]K[0x8f]~[0xe9]_y[0x1][0xb7][0xa2][0xc2][0xf4]{[0xc4][0x80][0x93])[0xa0][0x80]y[0x11][0xb8]K[0xe8][0xf5]"
05:56:02.476 [main] DEBUG org.apache.http.wire -  >> "[0x92]F[0xc3]b@[0xed][0xdf][0xd5][0x13][0xa5][0xb9][0xa3][0x92][0xc9][0x16][0xb4]t*[0xb][0x92][0x80][0xc9]1[0xb0]6[0xda][0xca]r[0xdf],d[0xca][0x1]c[0x1]1[0xe1]C[0xfc][0xd9]~Q[0xd8]HD9[0xc6][0x1e][0x93][0xaa][\r][0xca][0xc0][0xd4][0xd8]y[0x9a][0xf][0xc]@[0xe]%[0xcc][0xe2][0xd2]F[0x9b][0x8b][0x94]T[0xa2][0xd8]t[0x92][0xff][0xcf]t[0xba]r[0x80]M|[0x89][0xe3]r[0x14][0xa8][0xcd]4a4[0xe1][0xc5][0xe8]=[0x99]%[0x17]mP[0xf4][0xc1][0xa3]W[0xb4][0x8b]P[0xf7][0xcd]D?{[0xb1][0x1b][0x93]M[0xa0]3[0x5][0xe8][0x9],[0x98]}1[0x87][0x18][0xf4][0xb5][0x17][0xd0][0xd2][0xc1][0xc6][0xc0]h[0x8f][0x16]|L[0xd7]y'|#[0xb6]x[0xc7]q[0xb0];[0xc1][0xeb][0x10][0x1c][0xbf][0x95][0xf7][0xa7]<[0xfa][0xce]#|[0xeb][0x9f][0xfe][0xc9]9[0xe][0xf6][0x6][0xdc]L[0x14][0xcb][0x86][0xfd]A'[0x17][0x97][0x9]mb[0xc5][0x18]][0x9e][\r][0xc][0xd4]=[0x8e][0xbd][0xd7][0xc6]0v[0x96][0xa5][[0xaf][0xcf][0xeb][0x9f][0xc][0x1]J[0xe9][0x11][0x12][0xe6]Kvc[0x9f][0xa1][0xa1][0xe6][0xd9][0xb7][0xd5][0xa9][0xc6][0xfd][0xc]@[0x10][0xc9][0xc4]G[0xb5]g^[0xde][0xee]|ZC[0xc7][H[0x8]V[0xae]3[0x96][0x84][0xe][0xaf][0xef][0xc6][0xa3][0x9f][0x19][0x86][0xf5][0xfe][0x1c][0xae][0xf8]<~[0xf3][0xeb]p[0x8b][0x97]M[0xb9]?[0xee]tI[0x90]t[0x1b]m[0xfb][0xb1]k[0xac][0xb8][0x87][0xc4][0xeb]v[0xe3][0xa6]3[0xd8][0xcc]aZ[0x14][0xf7][0xb4]Lb [0x84][0x1f]+(B#[0xa8][0xcf][0x86]r[0xdb][0xbf][0x88][0x1][0x1f]3[0xf5][0xe9][0x89][0xec][0x87]ic[0xcd][0xb5]}[0xf4]#[0xb7][0xd0]J[0x18]D[0xbc][0xf0][0xb9]u[0xa3][0x1d]x[0xe3][0xb8][0x8]<}[0xb1]6= [0xa0][0x87][0xac][0xcd][0xb6][0x2][0xd4][0xf2][0xd1][0x10][0xa0][0x4][0xb7][0xc1]1[0xd5]Y<[0xac]0[0xb9][0xd5]@hT[0xc8];S[0xc8][0xad][0xed]Pj[0x3]e[0x86][0xd2][0xe0][0xc][0xcd]Y J[0x11]Y[0xe2][0x17]f[0x9c][0xf3]D[0x2][0xa7][0x90][0xd3][0x0]lYW`[0xe5][0xfc][0xa9][0xac][0xf0]{[0xaf]?z[0xf3][0xe9]W[0x9e][0xfd][0xe1]nh[0xbe][0x81][0xd7][0x87][0xab]l[0x8f][0xce]q[0xb0][0xff][0xea][x[0xe3][0xbf]z[0xad]~[0xdc][0x12][\r]_|[0xea]O@qRF[0xc2][0x9]0h[0x93]Na[0x86][0xb2][0x8a][0x80][0x89]e[\r][0x9b].[0xeb]2[0x14][0x1b][0x9e][0xf3]?e[0xa0][0x13][0x80][0xdd]n[0xe2][0xe0][0x3][0xdf][0x9f][0x8a][0x99]Y[0x9d][0x8][0xaf][0xb5][0x9f][0xa2]S[0x1c][0xb2][0xb2]c[0xce]?[0x8d]r?[0xff]R^f[0xe4][0xe9][0x0][0x9b][0xce]\[0x19][0xaa]<[0xe]2d[0xe9][0x9b][0xa1][0xbe][0x80]c[0xe6][0x13][0xf7]N[0xdf][0xfd][0xc2]#[0xe0][0xd3][0xb8][0x95][0xbd][0xdc]?[0xaf][0xc6][0x8f][0x13][0xc0][0x9c][0xab]][0xee]/:[0x96][0xc5][0x8a][0x0][0xa5]O#[0x1a][0x11]c[0xc][0xf3][0xf0][0x85]l[0x8b]j[0xc0]'z[0xf7][0xe6][\n]"
05:56:02.476 [main] DEBUG org.apache.http.wire -  >> "O[0x2][0xac]%[0x11][0x85][0xf1][0xa0][0xde][0xd1][0xdc]X[0x19][0x93][0xc4]Q[0xcd][0xc5]8[0x1c][0x99][0xc6][0x14][0x86][0x1d][0x10][0xc2][0xd5][0xc4][0x93]4([0xcd][0xcd]cDX[0x12]@[0x6]u[0xdb][0xb2][0x14]U[0xb8]op[0xfa]:[0x81]qqe[0x95][0xc9][0x8d][0xb5][0xcd][0xf][0xe0][0xba][0x1f]zto][0xcc]^[0xd4]1sQ[0x8f][0x91][0xb2][0xe5][0xc][0x1b][0x1d][0x1e][0xdf]e`k[0xb9][0xb4][0xcc]3[0xdb]KV[0x11]p[0xc5][0xc9][0xdc][0xe8]`;[0xfe]H[0x90]s[0xb5][0x97][0xf1][0xe8][0xd1]_}[0xf1][0x87][0xa0][0x11]u[0x8f][0xd7][0xbd]{[0xbf][\n]"
05:56:02.476 [main] DEBUG org.apache.http.wire -  >> "[0xa5][0xc9][0xdf][0xc0][0xeb][0x83].[0xdf][0xf9][0xe3]7[0xf0][0xcd][0xf2][0x8d]=+q[0xcc][0x9d][0x18]%[0x1f][0x3][0x18]T[0x5][0xdc][0xe0][0xce][0xc6][0xfa]E[0xfd][0xba]3d9O+[0xdc][0x96][0x4]K[0x82][0x9a][0xcc][0xcd];[0xce][0x1f][0xa9][0xce]f[0x84][0xfa][0x5][0x1c][0xc]M/[0x5][0xef]a[0xb3]N[0xda]:\F[0x8a]>KcY[0xe][0xcd][0x98][0xb0][0x4][0x2]Q[0xf8][0xa2][0xb5][0xa6],[0x0][0xe5][0xe5][0x0]Vo[0x5]b[0xd6][0xd2]S[0xa7][0xdf][0xfa][0xa7][0xbf]vK[0xc9][0xaf][0x12]?[0xf5]w[0xbe][0x96][0xa3] [0xda][0x1f][0xd0][0xd6]0[0x85]~,rX[0x18][0xff][0xb8][0xab].[0x1d][0xb0]\>h[0x0][0xe9]5[0xed][0xcf]{[0xdb]]n8<[0x19]X,Jt[0x9a][0xb4][0xd8]\[0xed][0xe5]5[0xb6][0xa7][0xd9][0x8c][0x87]y[0xf2]xT[0xed][0xb9][0xf1][0xee][0xa3][0x1f][0x90][0x8b][0x89][[0x81]I[0x9][0xb][0xe8][0xf1]|[\r]MY[0xf1][0xb1]Q[0xe0][0xd1][0xf7][0xab][0xb4]kZCf[0xee][0xc6][0x11]0q[0x90][0xd9][0xc8][0x90][0xf4]K[0x8f]0I;[0xc8]:p[0xff])M[0xd6][0xc0]U[0xf6][0xe5]j[0xbe][0x1e]T[0xb][0xfb]:[0xfe]f[0xda][0xb1][0x1d]oC[0xe0]J[0x9d][0xb0][0xc5]A[0xee][0xaf][0x9e][0xdf]>[0xff][0xc6][0xa3][0xef][0xfc][0xc0][0xcf]E[0xbc][0xca]6[0xbc][0x95][0xf]Ey[0xf3][0xf5][0xef][0xe2][g[0x0][0xbb][0xc4][0xc3]@C[0xe8]4[0xf1][0xa2][0xa3]w[0xe3]q.[0x1a]r[0x93][0xae][0x1e][0x3]*U[0xaf][0xe]%[0xe9]7=[0xef][0xc6][0x80][0x82][0x16][0x99][0xb7]s)[0xa7][0xd3][0x80][0x1a][0xf][0xa7][0x86][0xd1]6u[0xc5][0xe7][0x98][0x96][0x81][0x81][0x89][0xae][0xcb][0x94][0xf9][0x8e][0xc9]UB[0xca][0x1c]7[0xc6][0xfb]8[0xb7]z*[0xc8][0xb9][0xc2])L[0x85][0x14][0xb][\n]"
05:56:02.476 [main] DEBUG org.apache.http.wire -  >> "^[0xbf][0xc4][0xcc][0xbb][0xa1][0xef][0x11];;[0x96][0xbc][0xc3]#[0xbb]j'[0xe2][0xd5]G[0x8f]>qK[0xc9][0xc7]N-Zl[0xca][0xad][0x99][0xda]d[0xaa][0xa8][0x98]g1V[0xff][0xa9][0x15]v\Y[0xf7]IW[0x9e][0x8b]![0x1e][0xac]v[0xa9]h[0xb8][0xa2][0xf]-&#[0x1a]L[0xc7][0x82]:[[0x1e]A984[0xe2][0x1a][0x85]k[0xa1][0xc7][\n]"
05:56:02.476 [main] DEBUG org.apache.http.wire -  >> "[0x8c][0xc3]|[0x92][0xe7][0xa6][0xc6][0xef][0x9e]D[0xc]@5[0x88]q[0xd3][0xc0][0xd1]U[0xa0][0x14][0x1d][0x80][0xed][0x13][0xa8][0xc0][0x13]][0xb4][0x1e]w[0xc8]8[0xb0][0xd2]|z[0x1d][0xf7][0xc6]{[0x82]^[0x81][0xe1]>`[0xa3]T[0xdc]>[0x94][0xf1]18I[0x9b][0xf8][0xae]2[0x9b][0xbf][0xf1]6Z[0xbf]T[0x98]<[0xcd][0xbd][0xb2][0xba][0xf3][0x17][0xe9][0x81][0x3]Z[0xa1][0x90][0x88][0x83][0xfb]![0x1e][0xe6][0xa3]x[0xfa][0xa5]g[0xfe];[0xaf][0xe0]m[0x96][0xcb]O[0xa0]|[0xf2][0xfe][0xfd]_[0x89][0xdc]~[\r][0xb7]l[0xc3][0xf]U[0xb9][0xd0][0x88]o[0xfc][0xb3]?[0xc6]k[0xff][0xfc][[0xa0][0xe9]t4[0x4]Yh[0xad][0xe9][0x3][0xf7][0xcd][0xea][0x84][0xe9])[0x19]![0xff]E[0xde][0x8c][0xb4][0xc9][0xa2]:[0xea]Lw[0xb3][0xad][0xd7][0xb3]R[0xe7][0xcb][0x95]k][0x14][0xd3]!Z[0xe7][0xf4][0x9e][0x9e][0xae]z[0xec][0x4]_^[0x91][0x7]O([0x85]#[0xc0]d<[0xba]P[0xce][0xfd]7[0xf8][0xc5][0xfe][0xac]Fi[0x9a]V[0x95]+5(J[0xff][0xe][0xef][0x8c]}[0xce][0xad]=[0x1d]S3[0x10][[0xce][0xff][0xd2][0xc0][0x8d]bdY<2Q[0x8b][0x1e][0x1d][0xa2][0xe7][0xe3]%[0x13]f][0x1c][0xac][0x8c]+[0xa5]wm[0x85],[0x1c][0xf1][0xfa]"[0xbc][0xca]5[0x95]4[0xa0][0xdb]}[0xe9][0xa9][0x1e]c[0x1a][0xc1][0xac][0xa1][0xbc]zN#=[0xa6][0xbd]Z.Te[0x83]-d\[0xaa][0x1b],79[0xef][0xb2][0x99][0xc7]v[0xf5]8*[0x81][0x4][0x16][0xe7][0xc2]Qp[0xee]9[0x1d]-6[0xcf]8\/[0xc9][0xc8][0xbb][0xe3][0x94]~X21^[0x1f][0xe3]d[0x8a]_[0xc0][0xef]gYA[\n]"
05:56:02.476 [main] DEBUG org.apache.http.wire -  >> ".[0xf3]\[\r][0x10][0x19]8bcP[0x8e][0xe2][0xb4]L[\n]"
05:56:02.476 [main] DEBUG org.apache.http.wire -  >> "4.75#[0x9f]}[0xf1][0xdf]~{[0xc9][0x1c]z[0xc2][0xc6][0xbd]8{_[0xb7][0x9b][0x94]?[0x8c][0xe5][0x8d][0xf1]-[0xbc][0xf6]_|c[0x7][0xb3]Q[0xad][0xf2][0xb6][0xca][0xc3]qo[0xa9]Tr[0x81]Q[g~/[0xd7][0xe2][0xa9][0xed][0xfc]}[0xd6][0x13]v[0xf8]9[0xc][0x9c][0xe4][0x11][0x85]H[0xc7][0x6][0xb2][0x15][0xf8]b[0xbc][0xc4][0xfd]3[0xf7][0xb4][0xfa]{[0xa5][0xfa]G[0x98]''[0x1a]2t4;kqO[0xb0][0xe5]8B[0x8f][0x1c][0xad]:[0xa7]&z[0xda]C;[0x1d]<[0xb2][0xef]W[0xfc][0x1c][0xff]0[0xdf][0x9d][0xc7][0xf7]k[0xdb]_[0xf9]3[0xcf][0xe3]c\[\n]"
05:56:02.476 [main] DEBUG org.apache.http.wire -  >> "[0xc8].%[0xdf]B[0xe9]*];[0xd7][0xc7][0x18][0xad]n[0xf2]1f&+K [0x9][0xe9][0xc8][0x8e][0xc1][0xa1]-[0x1a]s[0x4][0xd0][0xaa]<[0x7]4[0xdc]j[0x81]4h[0xf7][0xbf]I!c[0x14][0xba][0xa1][0x85][0xf7]m[0xe0][0xb4]xZ[0x18][0xed][0xcf][0xba][0xee][0xc6]O[0x12][0x87][0xe3][0xc2](t[0xf5][0xeb][0xa0][0xf9]_[0xb3][0xf7]/L[0xb7][0xa6][0xc7]u[0x18][0xd6][0xbd][0xe7][0x82][0xc1][0x85]$([0xc9][0xa4] Y!`[0x87]"[0xc8]0![0xc0][0xb2][0x13]E[0x95]D@[0xfe]@[0x88]rUDP[0x96][0x80][0x89][0xe5]([0xaa][0xa4](Bv[0xca]1m[0x7][0x3][0xfd][0x1][0x2]J%[0xac]T[0xa5]B[0xc0]I[0x95][0xca]I[0xb9][0xc][0xba]RNY[0x12][0xc5][0x81]([0x99][0x96][0xc9][0x10][0x3][0x10]$[0x6][0xbc][0xcd][0x19][0x82]7[0xf3][0x86][0x3][0xc]0sf[0xe6][0x9c][0xdd][0xd9][0xfb][0xed]^[0xab]W?{[0x83][0xb][0xe7]r[0xbe]s[0xf6][0x3][0xcc][0xf9][0xf6]~/[0xcf][0xbd]{[0xf5][0xea][0xee][0xf7][0xdd]&[0xf3][0xc4]n[0x95]X[0xc2][0xb][0xc3]6[0x0]0gA[0xdb][0xc6][BF[0xbd][0xe3] [0x81][0xb0][0x10][0xfa][0xca]ks[0xbe][0x8b][0xfd]z[0xf5][0xa3][0xa6][0xac][0xac][0x97][0xd5][0xf0][0x10][0x6]n[0x9b][0xdb]7[0xd8]*[0xaf]y[0xdc]nm,[0xec][0xe2]:[0xbc][0xfb][0xcb][0xed][0xe7]^[0xb0]g[0xfb][0xa6][0xbd][0xf8][0xe5][0xe7][0x8d]y[0xb3][0x2][0x6][0xf5][0xb7][0xdd][0x81][0x3][0xac]L\[\n]"
05:56:02.476 [main] DEBUG org.apache.http.wire -  >> "Buoe[0xb][0xee][0x91][0xfe][0xa1] [0xb3][0xba][\r]YW2:[0xec][0xca][0x4])[0x80][0x8b]W4[0xce]\[0x0][0x10]`[0xd5][0xed][0xd6][0x18] %dZ[0xc7]W[0xc6][0x15] [0xcb]5p[0xc][0x11]4[0xc5]MI[0xd0][0x83]{t[0x8c][0x19][0xee]Q[0xc0][0xbe]/2[0x85][0x14]z[0xe3][0x4][0x98][0x9d]3Ti<[0xf6][0xb9][0xab]@[0xed]P[0xdb][0x17][0xf6][0xfb][0x87][0xde]y?[0xbb][0x18][0x1f][0xd4][0x89][0x15]([0xc9][0xe2].[0xc9]8[0x1e]C[0xd9][0x96][0xb].[0xbd][0xca]2[0xb9][0x9a][0xc]`F[0x8f][0x97][0x9]bQ[0x11][0xd6][0xa1][0xa2][0x9][0x8a];[0x4][0xbd]n[0xcb]&H[0x86]x[0xc4][0x1d][0x0][0xe6][0xf0][0xf5]e[0xd3][0xf9][0xf0]%Z[0x95][\r][0xd0]i[0xbf][0xdc]P[0x2][0x84]~r[0xbc]6#[0xde]l[0xd2]c[0x9d][0xf8]s[0xdc][0xb4][0xfb][0xf4][0xa4][0xd6][0x0][0xdd][0x86]L[0x95];[0x12][0xb1]4[0x8c][0x8d]@[0xc4]A[0x93]5v[0x88][0xa1][0x17]al~[0xc6][0xd2][0xdc][0xd0][0xcf][0xe3][0xb7][0x9d][0x99]+[0x86][0xa5]@[0x5][0x95][0x90][0x2][0xb6][0xcc][0x83]X v"H[0xcd]^[0xd3][0x80][0xd8]Y|1l[0xf7][0xd8]g[0xff][0x83][0xbf][0xf4][0x92][0xd6][0xe0][0x9][0xfb][\n]"
05:56:02.476 [main] DEBUG org.apache.http.wire -  >> "[0xbb][0x94][0xbb][0xb0]ln[0xc4]C[0x1c][0xec][0xb9]?x[0xc6]t[0x9b][[0xed]b[0xca]Cn5H[0xa2][0xd3][0xd5][0xb7]]C[0x8f][0x7][0xef][0xb3]b8Xvz[0xf]\[0xd9][0xf]e[0xcf][0x1b]0[0x9d][0xb6]/[0x93][0xcf][0x18][\n]"
05:56:02.476 [main] DEBUG org.apache.http.wire -  >> "[0xa1][0xbc][0xb8][0xa8][0x9c][0xca][0x8a]l[0x90][0x1][0xf0][0x80][0xfb][0xd1][\n]"
05:56:02.477 [main] DEBUG org.apache.http.wire -  >> "5[0xca][0xf][0x14][0x1b][0x12][0x96][0xaa][0x9d]2[0x92][0xcd]\[0x99][0xa5]O[0xfd]d[0x90][0xef][0xec]H[0x85]-[0xdc][0x87]!,[0x80][0x1a][0xa6][0x89]g*[0xd3][0xb6][0xca]?[0xdb]g[0xdd][0xe7][0xe4][0xbf],[0xca]o[0xbd][0xdf]][0x8c][0xc9][0xc8][0xc8]nR[0x81][0xee][0xb][0xa5]p[0x11][0x83]D#[0xf8][0xaf]P[0x13]mA[0xf4]oT9Q[0xca]rw[0xee][0xed][0xbc][0x9b][0xec][0xb8][0xb1]w[0xc2]l[0xea][0xa0][0x8f]v[0x98]Yh[0x5]fa[0x13]@[0x9d][0x9][0x1b][0xec]va[0x1]A[0xce][0x94]}XV[0x84][0xd8][0xa0][0xba][0xe][0xab][0xd9][0xda][0xd9][0xa7][0x8c][0xd1][0x92][0xc9][0xd8]l,4[0xbe][0xe6]r[0xc3][0x2][0xcb][0xbd]Q[0xcf][0xdc][0xdf][0xad][0xc4]lq[\r][0x14][0x9f]c]a[0x3]\a [0x8c][0xfb][0xeb][0x9a]M[0x99]([0x88][0x2][0xa0]b[0x9d][0x0][[0xd6][0x9a][0x1d]>[0xb0]0{I[0x16]va_[0xd7][0xa7][0xbc]p[0xf3]9[0xfb][0xca]o}[0xc1][0xe2][0xc5][0xdb][0xcd][0x90][0xea]/[0x1d][0xc8][0xde][0xf6].m[0xce]d#fN[0x8d]1R[0xe5][0xad][0x9e]![0x3]S1[0x2][0xa1][0xf3][0xfe]}[0x19][0xa0][0xc2]l[0xb2][0xf2][0xea]C[0xba][0x11][0x85][0xf1][0xac][0xd7]l[0xf7][0xed][0xa8][0xa6]xM150)_[0x93]=[0x94]]j]P+[0x0]X[0x99][0x8f]|[0x80][0xba][0xa4][0xdb][0xe5]x[0xd7][0xd1][0xc8]vU9[0x93][0xf4][0xb1][0x82][0xd9]7r[0xcf][0xfd][0xec]b[0xa4]k[0xf1]D[0xb9][0xae][\n]"
05:56:02.477 [main] DEBUG org.apache.http.wire -  >> "X[0x14][0xa4][0xba][0xab][0x86][0x15]C[0x83][0xa7][0xd2][0xf9][0x8a][0xf4]wF[0xa3][0xae][0xb1]hEm[0x8b][0x80][0xd3]n2\[0x95][0x16][0x8e][0xd9]P[0xba]NV8[0xae]5-b[0x5]a @[0x1c][0xb][0xb1]=[0x8b])[0xe1][0xcd][0x1e][\r]N[0xd3]\2[0xa3][0xf5]h:wc[0x16]|^S[0x8d][0x8b]Ah[0xb3][0x8b][0xcb][0xfc][0xcb][0xbc][0x9e][0xc4][0xb4]l[0xb8][0x81][0x8f][0xc7][0xf3][0xf7][0xc4][0x8e]'O[0x8c][0x5][0x8d][0x93][0x5]'[0xd7][0xd7][0xfb][0x99](c[0xa7].[0x8d][0xb1][0xde]q[0x88][0x85][0xb9]}[0xe8][0xb3]?[0xfa][0x97][0xcf][0xc6][0xc2].[0xb1][0xaf][0xeb]U[0xee]<[0xdb][0xbe][0xf2][0xf4][0x1f][0x1d][0xdc][0x88][0xb7][0xc][0xbc][0xa5][0xf9][0x8b][0xb5][0xb2][0xdf][0xf1]@[0x3][0x19][0xdc][0x81]f[0xed]B[\s[0xfd][0xa6][0x8e]y[0xcf][0xf6]][0xc0]R[0x1][0xa8]A[0xd0][0xa9]P[0x12]([0xf3][0x86][0xe9]~[0x94][0xe3]u[0xed]H[0xbd]g[0xec][0xb][0xbe]#[0xc7][0xad]N[\r]"[0xe3][0x80][0xcb]Q[0xdf][0x1c]2[0xfa][0xcd][0xb1][0xcc]>[L`;WB[0xf4][0xe3][0xb9]sz[0x9c][0xb1]~?#[0xff]Z[0xf4][0xf8]1[0x8b][0xf1][0xb9][0xaf][0xbc][0xed]~|[0x17][0xe3][0xf6]f[0xf]L0R[0xcf][0xf3]s[0xbb][0xbb][0xc6][0xf3]eX[0xe5][0x90]4v[0x89][0xa3][0xb1]>[0x10]z[0x8b][0xf6]*[0xaa][0xdf][0x17]Yo[0x1][0x6][0xe7][0xb0][0x85][0x8a]5[0x89][0xae][0x97][0xf4]S[0xab][0xed][0xd4][0x90]UV[0x98]-[0xf5]'[0xc5][0xb7][0x93]g[0xd0]l/[0xd7][0x1]+sKo[0xfb][0x10][0xe4][0x13][0xd7][0xa3][0x9f][0x0][0xcb][0xb2][0xd7][0x4][0x19][0xe9][0xc2][0xf0]v[0xf7][0x99][0xa6][0xf9][0xa3]h[0x10]x\_b[0xb9][0xcd][0xf3][0x1e][0xf3]E[0xab]a[0xd6][0xad][0xa5][0xd0][0xc9][0xdc][0xf9][0xa8][0xc0]UV[0x1d][0x90][0xce]a5[0xc2][0xc8][0x0][0xa9]3[0xc3]d[0xc0][0xaa]<[0x8d][0x95][0x99]}"^<[0x1f][0xb];[0x2][0xd8][0xc3]oz[0xf0][0xef]t[0xe6]a[0xd8][0xa5][0xdc][0xbd]e{o[0xcf][0xff][0xfe][0x97][0xec][0xd6][0xef]?S[0xc9][0x1c][0xb2]S[0x1d]6[0x9d][0xc8][0xff][0xfe]Hz[0xcc][0xc7]q#[0xd0][0x88][0xd3][0xe2][0xb8][0xb]wtA[0x6]]([0x6][0xd0][0xa9][K[0xbb]tb[0x19]d[0xd6]C,[0xe7][0xf2][0xaf][0x7][0xaf][0xb][0xc8][0x98][0xc1][0xc5][0xd6]@[0xd8][0x86]4[0xe4][0xdf][0xc4][0xc]EB[0x15]T[0xcb][0x96][0xa0]Q[0xbf][0x10]][0x1e][0x8][0x17]'[0x7][0xe4][0xda]([0xd5][0x86][0xe3]Fme[0xfd][0xa6][0x10][0xbb]B[0xf6]P[0x86][0xfc][0xdb])[0x3]S}%[0xc6][0xbf][0xaf]F[0xae][0x16][0xe4][0x4]T[0xa7][0xdf][0xfc][0xc0]#o[0xfc][0xb1][0x83][0x8b][0xf1]Q[0xbb][0xcf][0xca][0xf9]d[0xf][0x92][0xa3]~[0xa6][0xea]*[0xb][0x9d]lj[0xb8][0x16][0x1d][0xfc][0x83]~g.[0xd2][0xca][0xe6][0xba][0xbd][0xf6])[0xa3][0xe6]R[0xaa]`;[0x6]V[0xd1][0xfc][0xc6][0xa5][0x9e][0x93]8[0xd7][0xb9][\r][0xb0][0xb2]$[0xfe]9[0xee]`d"6x[0x95]S%[0xaa][0xbf][0xf5][0x9b]b[0xcb][0xfd][0xb6][0xb6]%[0xc0][0x9b][0xe3][0xd7][0xba]jh&/[0x7]-[0xe0][0xe5][0xbd][0x98][0xc3][0xe5][0xd9]6[0xbb]jL[0xd5][0xce]67'[0x0][0x12][0xec]'[0xd6][0x2]c[0x1](G[0x9c][0xe][0xa6]&[0x8b]}:[0x0][0xd4][0xdf]=[0xc7][0xc2]6[0xf7]a>[0xb4][0xfc][0x3]v)[0xd7][0xa2][0xbc][0xf8][0xcc]-[0xfb][0xca]Sh[0xfb][0x17]n[0x9f][0xb0][0xc]waN[0xc8]LD[0xb6]`I[0x1b][0xd0]b0+[0x82]T[0xe4][0xfb][0x13][0xa9][0xfc][0xbd][0x8d]4t@[0xdd][0x96]h[0xdb][0x1d]1[0xed][0xfc].[0xc9][0x1c]H[0xf4][0x18]q[0xaf][0xaa][0xa1]][0x8b]H[0xbc] h[0xae][0xcc][0xad][0xda][0x91][0xf6][0x8d][0xf7]Z[0xbb][0x17]K[0xfe][0xdb]$$#[0x9b]o[0xf8][0xf0]9w[0xc3]=)[0xf2]_V|[0x98][0xd4]h[0xa2][0xaf][0xdc][0xa7][0xde];[0xc3][0xc0][0x86]n;[0x3][0x80][0xd2]N[0xad][0xd0][0xfe][0xdd][0xb7][0xdf][0xfb][0x96][0xc7][0xed]>*[0xc7]WT[0xdd]<([0xce]7[0xd7]4[0xf7]$n[0xd3][0x93][0xa9][0xed][0xd8][0xe0][0xc5][0xa0]x33[0xdf]r![0xda]n[0xa9]d[0xb]\[0xdd][0xf][[0xad][0xb]@]o[0xc5]-[0xb2]8[0xc9]W[0xf6][0xa1][0x95][0xbd]s[0xb9][0xb3]U[0x1b][0xc6][0x1b]jE5[0xa1][0xcc][0xad][0xf7]oH[0xb2][0x7][0xce][0xe6][0xcf]:H[0x17],[0xc1]%[0x8c][0xee][0x5]f[0x1e][0x12][0x84][0xba]j[0xba] [0xca][0xc][0xf5][0xe]\[0xb3]-[0x9d][0xb8][0xac][0xff][0x9c][0xbb][0x80],mO[0xa6][0xb9][0xb8][0x1c][0x97][0xeb])[0x8e][[0xac][0xa1][0xad]>[0xcc][0x1f]&,[0x5][0xaa][0xc8]tY[0xaa][0xba][0x9c]y[0xbe]-e0A{[0xfa][0x1][0xf7][0x1f][0xf8][0xa5][0xff]/J[0x9b][0xcd][0xf8][0xd7][0x3][0x1f]L[0xf7][0xe1][\n]"
05:56:02.477 [main] DEBUG org.apache.http.wire -  >> "[0x9e][0x97]r7[0x96]#[0xb][0xbb][0xf5];_[0xd8][0x9e][0xb]+o\[0x1b]2[0xb5][0xeb][0xac][0xc4][0xb9]\[0x12][0xad][0xcd][0xeb][0xba][0xf2][0x0][0x98][0x91]|A[0x12];[0xfe][0xca]X[0xb1][0xb0][0x99][0xbd][0xd9][0x94][0xff][\r]0[0xfa][0x98][0xc2][0xa9]m[0xbf][0x15][0xe6][0x84][0x10][0x18][0xd2][0xb2][0xf7][0x91][0x80][0xc1][0xca][\n]"
05:56:02.477 [main] DEBUG org.apache.http.wire -  >> "j[0xe7]Nl[0xc3]2;[0xbf][0xcb][0xb][0xc2]![0xaf]l>[0xa8]g[0xd8]Dy`[0x9c][0x3][0xe6][0xf3][0xaf]p[0x9b]b[0xe2][0xd4][0x1d]J[0x91][0xe5]Th[0xe0][0xdb]t[0xf8].[0x80]w[0xda][0xe7]+d[0xfe]D[0xfe]q[0xac]b[0xe6]G[0xf9][0xdf][0xef]w?v8[0xfc]N[0xbb][0x8f][0xca][0xee][0x0]b7[0xdb]O[0xd6][0xa0][0x92][0xa8][0x96]jr[0xb7]l@[0xa3][0x10][0xa4][0x9d]D_n.z[0xf4][0xe9]:[0xbf]l[0xe2][0x8c][0xeb][0xa6][0xf5][0xe6][\n]"
05:56:02.477 [main] DEBUG org.apache.http.wire -  >> ";[0xc5]Y|Y[0xaf]L[0xb0]5[0xb6][0x81]4[0xf1]0W2A[0xde]A[0xab][0xee][0x8c][0x82]E[0xbb][0xd1][0xfd][0xc4][0xa6]b[[0xb8]N[0xac][0xaf]mB[0xaa][0x13][0x9]L[0x2]z[0xbb][0xda]H[0xad][0xb][0xe8]0[0xb7][0x11][0xf][0xc3]=b[0xb5][0xa1][0x8e][0xcc]e[0xe4][0xf9][0x98]BU[0xc7]X9[[0x1a][0x19]*n[0x99][0xa8][0xc3]oR*%[0x9f][0xec]+[0xc4][0xf5][0xdf]M,2[0x12][0xfe][0x91][/[0xbc][0xee][0x9d][0xbf][0xf4][0xf8][0x1f][0x11][0xc4][0xde][0xfe][0xff]z[0xea][0xfd][0xf1][0xff][0xfd][0xf4]'[0x1f]x`[0xf7][0xd3]v[0x89][0x81]][0x9b][0xf2][0xfc][0x1f]~[0xd9][0xbe][0xf4][0xe9][0xcf]o F[0xd6]b[0x96][0xef]J,[0x0][0xe8]d[0x88][0xa1][0xb0][0xe5]x[0x89]^[0x3]a[0xc2][0xa6][0xa5][0xfc][0x97]fu[0x18][0x9f]f[0xe5]E[0xa0]7[0xa0][0xea][\n]"
05:56:02.477 [main] DEBUG org.apache.http.wire -  >> "[0xc8]?[0xe4]ykX<[0x17]l[0xb3][0x93]<[0x12]4[0x8c][0xb2]P`([0x9e][0xd3][0xf2][0xd5][0xdb][0xec][0xb2];C[0x6][0xb2][0xdf][0x89][0xd6]*[0xff]R[0x7][0xec][0xf1][0xf6][0x8e][0xb8]![0x1][0xc6][0xf8][0x8e]Y+9[0x9b]^'Qd[0x82]Y[0xab][0xfc][0xd7][0xf8]q.V[0xeb][0x10][0xc7]|[0xd8][0xe6]'[0xe0][0xb8][0xcf]w[0xf4][0xbd][0xe3][0xf8][0xfa]*[0xbb][0x8f][0xca][0xc1][0xb5]x[0xe3][0xa9][0xc3]t[0xbc]U,[0x91]^uX[0xe9][0xb8][0xd8][0xca]B[0xc1][0xa6]t}[0xb7]`)[0xd6][0xb0][0x6][0xb6][0xe3]C[0xc2][0xd6][0xa9][0xde]t[0x97]q[0x11]+V[0xe3]f|[0x18][0x17]R[0xc2][0x90][0x9c][0x19]][0x8b]e[0x0]5[0x85]6[0xb2][0xa3] [0xec][0xd6]([0xd0]?3[\n]"
05:56:02.477 [main] DEBUG org.apache.http.wire -  >> "[0x10][0xfc][0xdb]A[0xbb]ln[0xfc][0x90]v[0xe9][0xf4][0x90][0x83]r#[0x1e]:[0x99][0xcc][0xc][0xf1][0x83][0xe8]9[0xc][0x19][0x83][0x9d][0xb6]EK[0xb2][0xc7]<[0xa6]>[0x6][0x10].[0xf7][0x9f][0xba][0x1b]e[0xbd]\p[0xfc][0xc4]-[0xec]r>[0xc5][0x3][0xd5][0xe4][0xad][0xf6][0x85][0x3][0xbd][0xfb]{[0x9f][0xfd][0xd1][0xbf][0xb4][0xb9][0x12]O[0xe2]_[0x97]rm[0xca][0xfe][0x98][0xcc][0xf1][0x1b][0xbf]o[0xb7][0xf][0xee]D[0x5][0xb0]v[0x8b][0xb5]57[0xce][0xd7]53![0xa3]p[0xcb][0xc3]"
05:56:02.478 [main] DEBUG org.apache.http.wire -  >> "[0x87];[0xae][0xaf][0xe5]w[0xb8][0x6][0xb7][\r]\[0xbf][0x0][0xbd]f[0xf6][0xe1]'T[0xf8][0x8c]V~a[0xc2]E[0xfe][0xc4]K[0x1]i[0xbb]1QG[0xf5]y[0x7][0xb5]3[0xc6]U7[0xb6][0xbb][0x12][0xf1][0xb2][0xe3][0xef]/[0x92][0x91][0x95]+[0xb5][0xc6]F[\r][0xc4][0x9f]vq[0x1a][0xb2][0xe6][0xe6]j[0xd4][0xae][0xee]H[0x0][0xbf][0x82][0xbe][0x99])[0xc0][0x9e][0xca][0xbf][0x1e]?[0xe3][0x9d])[0x81]<[0xc1][0xe6][0xf5][0xdc][0xf9][0xeb][0xfc][0xb]wn}[0xe5]_[0xb9]_[0x12]?[0xea]g\J[0x8f][0xe9][0xa6][0x8e][0xde][0x18]T[0x94][0xdb][0xf1][0xe8][0x8b][0xf][0x9f][0xf7]F[0xb7][0x1a]U[0xf7]VJ[0xb1][0xea][0xf3][0x10][0x15]+[0x83][0xa6]-[0x3][0x8c][0xa0][0x6][0xcb]G@/[0xff][0xb6][0xf0]u[0xbd]Y[0x1d][0x19][0x9f]r[0x9f]~[0xe6]d[0xeb][0xe2][0x9e][0x80][0xc3][0x8e]wx[0x99][0xe0][0xa6][0xed][0x2][0x9c][0xad][0x8d].[0xd7][0xf6][0xe1][0x12][0x9d][0x99][0x8a]aH[0x82][0xc9]>[0x97]s[0xa5][0xc5]*[0x9b]( [0xac]J[0xea][0x8b][0xdb][0xf2][0xe8]@[0x81][0xf2]Y[0xaf][0xc4][0x0][0xb1].[0x9c]?[0xd5]F[0xa7]7Cxc[0xf5][0x86][0x94][0xe1]kv[0xe3]0g[0xef]~[0xf2]G[0xff][0xc7]7[0x6][0x80][0xc5][0xfe][0x2]`[0xd7][0xac]<[0xff]{_[0xb4][[0xbf][0xfd][0x85][0xcd][0xa5][0xa8][0xa2]m[0xe][0xaf][0xf9]y%[0xa9]j[0xb7][\r]?c[0x4][0xac][0xf3][0x8a]BS[0xed][0xc7][0xae]+[0xb9][0x97]*p[0xce][0x11]u[0xae]0[0xc6][0x8e]"[0xe8][0xde][0xbe][0x97][0xed]A[0xe5][0xa3]|[0xed]@[0x12]g[0xbd]QV"[0x8d][0xaf][0x4][0xa4]z[0xd8][0x9a]m[0xa5]A[0xcb][0x97][0x2]gWvx[0x9a]Z%[0x13][0x19]f[0xdb][0xdb]@J[0xa4][0xdb][0xca][0x1c][0xb3][0xd7][0x80]M%[0xd9]v[0xbd]%[0xc0]![0xb4]p[0xe][0xc0][0xf4]x*[0x12][0xb7][0x93][0x10][0x83][0x9d][0x82][0xdf]Z[0xc7][0xc9][0x9][0x5]C[0xb7]7[0xdf]O?[0xc2][0xe9][0xdf]up[0x13][0x1d]f[0xe6][0x1d]+[0xdb][0x99][0xba][0xd7]L|[0xb7]f#[0xde][0x12]\[0xf8][0xb6]3x[0x89][0xf1][0x1e]-'[0x9][0x1f]X[0x80][0xb0]3m[0xf][0x97][0x4][0x16]q[0xbc][0xa4]8[0x17][0xd0]L[0xc0][0xca]((\\E@s[0x11][0xd1][0x90]1:[0xbb][0x17][0xb3][0xcd][0xf8][0xdc][0xc0][0xb4][0xa2][0xc][0xbe]h[0xf7]j[0xba]P[0xa4][0xfb][0x90][0x96]e[0xcc]G[0x3]`[0xa7][0xe3]@[[0xe5][0xeb][0x16]q[0xc7][0x84][0xce][0xe0]o[0x3]j[0x2][0xa6][0xaf][0xf7][0x9e][0x9b][0xeb][0x12][0xec][0xae]T[0xac][0xc0]m[\n]"
05:56:02.478 [main] DEBUG org.apache.http.wire -  >> "?[0xf2][0xfc][0xf3][0xaf]{[0xcc][0xbe][0xe3][0xcd]va`[0xd7][0xb7][0xdc]y[0xf6]y{[0xf6][0xc6][0x1f][0x1d]X[0xd8]s[0x8c][0x89]Z'A$k`[0xfe]_[0xc3][0xd9][0xf0][0xf][0xd0]}[0xed][0x91][0xa9][0xf7][0x1b][0xe8][0xe4][0xce]O[0xf6][0xb1][0xbd][0xe]j[0xef][0xad][0xef]CUo[0xff][0x6][0x19][0xeb]J[0xd6]ff'[0xc7][0xfa][0xc7]5[0x13][0x1e][0xea]\[0xb3][0xba][0xee][0xf][0xde][0xc4][0x81][0xc1]z[0x1e][0x83][0xa0][0xf2][0xd9][0xaf][0x95][0xfd][0xd5][0xb8]K[0xc9][0xb1][0xbc]6u[0x99]<.Pfd3Mc[0x5][0x5][0x9a]VY[0x8f]V[0xc6][0xf4]x[0x8b]>[0x87][0xe9][0xb6]&`![0xb]|}[0x95][0xd5][0xfa][0xbe][0xc5][0xe5][0xa6][0x93][0xe4][0xf]euW[0xdd]{[0xc7][0xf6]o[0xb3][0xf7][0xbe][0xe5][0x86][0xdd][0xe3][0xe5][0xf8]3.7[0xb1][0xa7][0x8f][0x96][0xcc][0x9c]=[0xcc][0x13][0xbf][0xc1][0x9a]([0xdd]\[0xe7]}[0x5]$[0x83]w[0xed][0x94]9[0x84](Q[0x83]u'lD[0xec]/[0xb1]Z[0xfa]V[0x17]*[0x7][0x80][0x8b][0xe0][0xfb][0x12][0xa3][0xb3][0x1c]k;6a[0x2]v[0xf1][0x83][0xc9]v[0xa8]ML[0xd0][0xa4] [(@b[0xa7][0x82][0x8d]e[0xa3][\r]b[0xc1][0x14][0xe0]bua<[0xce][0xc][0xd0][0xe4][0x8e]d[0xb3][0xd2][0x10]f[0xa6][0xc6][0xad].[0xce][0xce][0x82][0xd4][0xfa]09x}[0xd8].w<'L[0x5]i[0xdf][0x3][0xa1][0x8][0xd7]X[0xb7][0xf7]$[0xde][0xfa][0xf6]o[0xff][0xe8][0x85][0x81]][0xdf][0x12][0x7][0xe6][0xf5][0xc2][0x81][0x85]=[0xf7][0xf9]?[0x92][0xb7]e[0xf0]l[0x1]P[0xc0][0xd5][0xe6][0xb0][0x80][0xda]dC[0xe9][0xcf]y[0x15][0xec]<HQn" [0x4][0xef]qnQ[0xa3][0xb1][0x97][0xc8][0xd1]U[0x12]T[0xc1][0xe4]J[0xfe][0xa7][0xef][0x2][0x6],c[0xd7][0x14]W[0xc4][0xb7][0x8d][0xb1]9c=[0x16][0xdd][0x2].[0xc2]udr[0xe8][0xc]%[0xb9][0xea]/[0xf9]w[0x93][0xe1]x[0xcb]?t[0x3][0xe6][0x8b][0x90][0x1f]4[0x10]h8[0x17][0xe0][0x1d][0xa7]k<[0xb6]d3qe[0xdf][0x89] [0x98]_6][0x3][0x11][0xfd][0xd0]Y[0x90][0xde][0xba][0x80][0xf7][0xa2][0xae][0x15][0x1c][0x1f][0xf4][0x7]~[0xe2][0xf6]}[0xf0][0xc6][0x8f][0xdd]~[0xe7]i`[0x82]k[0xbe][0xc2]Vjs[0xd6][0xd6][0xe0][0x9e]R0[\n]"
05:56:02.478 [main] DEBUG org.apache.http.wire -  >> "0[0x9][0xbd][0xaf][0xce][0xba][0x9b]&[0x10][0x94][0xd6]L([0xf1]F[0x91]N[0xcf]sI[0xdb]M[0xd6]2[0xd2][0xe5][\r] [0xd2][0xc2][0xc5][0xee]*[0xfb]B[0xe2][0x6][0x2]w[0xc]D[0xd7][0xf5][0xed][0xc2][0x4][0xfb][0xf2][0x91]&[0xeb][0x13][0x88][0x91]\[0xd2][0xad]97:^[0x1e][0xcc]v[0x83]H[0x9c][0x81][0xeb]a[0xdf][0xf1][0xce][0xf0][0xe9][0x97][0xdf][0xc6][0xde][0x96][0x9f][0xa9][0x99]f[\r][0x8e])[0xdc][0xd0]A[0x1c][0xa3][[0x88][0xad]k[0xe3]^++[0x85]m[0x9b]O[0xa5]e7[0xdc]_|w[0xbc][0xed][0xdb]o[0xbe][0xee][0x8d][0xbb]O[0x1e]@[0xec]1[0xbb][0xb0][0xb0]kWn[0xf1]9{[0xe6][0xd3][0x9f]O[0x10][0xa3][0x17][0xc0][0xac][0xc5][0xaf]D&Dt[0xa2]d9 [0x87]&[0xa8][0xb1][0xdc]g[0x99]d[0xb5][0x9d][0x9d][0xc6][0xa8]\[0x1b][0x90]7k[0x90][0x19][0x0]e[0x90][0xc3]]VX[0x87]yA[0xc7][0xd3][\r][0x86][0xb1][0xd9][0xea][0x1][0x95][0xc7]qJP[0x8f][0xff][0xed]SL[0x1]:[0xd6]p[0xb5]ui[0xe7]*S-[0xa4]0[0xd6]][0x81][0xf4][0xa7][0xe4]_I[0xa0][0xa4]rAj[0xc1][0xe6]j~[0xf6][0xb4][0xf2][0xa7]A[0xed][0xd9]V[0xcc][0x19][0xcb]>[0x9][0x12][0xf]M[0x8a][0xef]C[0xfe]M[0xe5][0xdf][0xcf][0xbb][0x1a][0xf3][0xde][0xbf][0xf2][0xe0]?[0xf8][0xdd]w[0xd9]=^[0x1e][0xdc]^[0x3][0xbb][0xf][0x1f][0xae]@[0x96][0xc2][0x5]~[0xf7]F-[0xf8][0x81][0xdb]P[0xd9]. [0xa7][0xd8][0xd8][0xc2][0xde][0xb5][0xce][0x98][0xf5]N4[0xdc][0xe][0x7][0x13]0$[0xe9][0xbf][0x13]L[0xac]XJg[0xb4];e[0x86][0x10][0xe8][0x9d]&?[0xa2]kNl[0x9a]HQ[0x1b]R,[0x9c]8[0x9][0xbc]b[0xaf]16[0x0]![0x88][0xe3][0x1b][0xbb][0xf5]Y;7[0xa2]g[\r][0xc4]m[0x84][0x99][0x11]R[0x2][0x89][0xeb]*o[0x11][0xac]6[0xad]/[0xdb][0xa8][0xd6][0xba]I[0xf7][0xd6][0xc0][0x85]vef[0xb5][0xd7][0xc3][0x1a][0xf4][0x9a]?[0xe6]l[0xc6][0xfe][0xf1];[0xff][0xd2][0xb7]|,[0xbe][0xf9][0x8d]?f[0x97][0xc][0xc4]kY[0x8e],[0xec][0xd6][0x1][0xbc][0x8e][0xf1]0[0x1e]k[0x81][0x9c][0x8f]T[0x1a]x[0x8a][0x18]k[0x8]s[0xb9]/[0xea]S[0xeb][0xea][0xef][0xc2][0xe0][0x8e]zC[0xde][0xf8]a[0xb0]L[\r][0xaf][0x1a][0x8c][0xfc]E[0x8][0xb3][0xd5]>[0xb6][0xdc][0xc3][0xd5][0x2][0xe4][0xb6]*[0xed]6[0x10]#[0x16]i2k[0xf7][0xe7]v[0xc]nA[0xa9]G[0x1f][0x93]1[0xc4][0xae]#[0xa0]][0x18][0xe0];[0x81]`[0xca][0x99]S[0x6][0xe5][0xba][0x0][0x0]:d8[0x8a]!Y[0x81]S[0xb9]&[0x87][0xac][0x9e]s-[0xea][0xfb]\[0xe5][0xa0][0xc3][0xd0][0xf7][0x98][0xcf][0xa0][0x9d][0xc8][0xbf]0[0xb9][0x13][0xf9][0x8f]E[0xfe]S[0xda]?h[0xc7][0x17]{[0xdf][0xc3]e[0x17][0xf][0xd8][0xcd]\[0xef]3[0xbb][0xd8][0x1a][0xf9][0xad]Si[0xa9][0xe8][0xb1][0xcb]@f[0xf4]it[0xee]=[0xb0][0xc][0xee][0x7][0xba][0x1e][0xc4]c[0xde][0x8e][0xfa][0xa6][0xf7][0xb5][0x85]$[0xc6]U[0xae][0x8b]n[0xc3][0xb][0xef][0xc2]D_[5[0x87][0x9a][0xe7]x[0x14]]J[0xc6][0x82][0x9b][0xd8][0xe1]-`[0x96][0x86][0xf3][0x1e]I[0xce]@U^<j[0xfb][0xca][0xfd][0xd6][0xe9][0xb7]![0xf6]b[0xcb]!-[0xab][0x1a][0xaf][0xf5]U[0x96]n[0x83]&Y[0xa9]eb[0x99]CW[0x97][0x8b]]e[0x8c]E?[0x16][0xd0][0xbe][0xf5]Z[0xbd][0xc3][0xf]?[0xf0][0xf1][0xf8]W[0xff][0x9c][0xed][0xbe][0xe9][\r]?q[0x1][0xb1][0xeb]Y[0xee]|[0xf1]Y{[0xe6]S[0xbf]i[0xcf][0xff][0xee]M([0xbc][0xad]4tP[\r][0x93][0xc4]l[0xe7][0x18]7[0xeb][0xff][0xb6]_[0xf][0xd7][0x9d][0xd4][0xfb][0x93][0xa2]I[0xe][0x85][0xa8]XE[0xc6][0xc0][0xfc]Y'@[0xc0][0x7][0x93][0x19]l[0xab]vu[0xb][0x85][0xad][0x9f]pS[0xb9][0xd7]=[0xe5][0x9f][0xae]|&[0x9a][0xe4]~&[0xc8][0x98]MF3p[0x5][0xd6]v f[0x6][0xfd][0x14][0xaa]u[0xac][0xc0][0xbb][0xbd][0x1e]}s[0x6][0x5]p [0x1c][0xf6][0xb6][0x1b][0xb5]G[0xf7]}[0x9b][0xd6][0xe2][0xbc][0xd3]3uN`1[0xef][0xce]k[\n]"
05:56:02.479 [main] DEBUG org.apache.http.wire -  >> "[0xd0]0[0x9e][0xc1][0xcc][0x96][0xeb][0xcf][0x95][0xbe][0xce][0xdf]u[0xaf][0xb3][0xb2][0xdd][0x83]fO[0xe7]G[0x1a]9[0xa6][0xd4][0x97]4[0xad][0x9f][0xbb][0x88][0xf5][0xb9]2[0x86][0xaa]H[0xc8][0xe8][0x86] [0xb8],[0x86]JW]KDzU[5[0xeb][0xd9][0xa9][0x96][0xf6]Z[0xca][0xb6]Vj[0xb9][0xbb]+[0xdc]qN[0x81][0xe5][0xb3]'[0x0][0xe2][0x5][0xb0][0xc3][0x86]5[0x83][0x8c][0xac][0x14][0xcc][0x80][0xfd][0x85]z[0xdb][0xfd][0x9a][0x83]"[0xb0][0x5][0xff]gA0[0xe][0xd9][0xec][0x89][0xf5]P y[0x8f]{[0xa3][0x99][0xf3][0x86][0xaa]c[0x87][0x11]q,[0x85][0xbe][0xa1][0x93]n[0xb4][0x11][0xc5]}[0xea][0xfa]L[0x9a][0x9d][0x8a][0xcd][0x9f][0xfe]f[0xdb][0xff][0xf9]?[0xf3][0x3][0x17][0x0][0xbb][0x9e]eca[0xbf][0xf1][0x7][0xf6][0xcc]g~[0xcb][0xf6][0xb7]^[0x9c][0xe7][0xac]<[0x88][0xd6][0xb9][0x9][0xd0][0xb2]b[0xa7][0xd5][0xff][0xda]%[0xe5][0x83][0x91][0x15][0xcb]AL[0x9][0x16][0x90]y[0xd7];[0xe8]LYq[0xf0][0xa7]x?[0xeb][0xe9]g[0xe5]?[0xd8][0xd7][0xee]5[0x95][0xb5][0x0][0x11]]/)[0xf7]QJ[0xa6][0xea]w3[0x9b].?[0xfe]u[0x81][0x95])[0xff][0xa1]WZ[0x3]A[0xb4][0x99]g[0xc6]X[0xb6][0xc1][0xf3][0xa4]3cdT%[0xdd]i[0xc5]S[0xfe]e[0xa0][0x90]__[0xc0]5[0xc6][0xdf][0xa5]([0xf0]m[0xf7][0xf7][0xe2][0xad][0xbe]\^[0x1f]4[0xf4][0xe5][0xfb][0xb8][0xe6][0x81][0xf][0xda]=\v[0x7][0xfa][0xbf]<g[0x10]iQ[0x9][0xf3][0x8][0xcd][0xcc]S[0x9f][0xe0]0[0xa8][0xb6][0x15][0x86]C[0x3][0xd7]4[0xe]ES]@0s38[0xc4]KQ[o[0x90][0xee][0x98][0x83][0xc1][0xd0][0x95][0xd7][0xf6]Q[0xf7][0x8f][0xa3][0x8][0x9b][0x16][0xb][0x1d][0x97]4[0xb8][0x9a][0xc2]E[0x1b][0x8e][0xde][0xb2][0xcf].J[0xd8][0x81][0xc2]S[0xcf][0xbe][0xb9][0xce][0x5][0xa1]58[0xac][0xba][0xb7][0x8c]X[0x8d][0xab][0xe9][0x8c]S[0x90][0xf1][0xca][0x9a][0xbd]\[0x10]#[0xb1]e[0xab][\r][0xc6]B[0xc7][0x1c][0xad][0x99][0xa9][0xf5][0x87]j`+[0x7]7h[0xfc][0xd9]o[0xb5][0xf8][0xe6]7[0xd8][0xa5]\[0xcf][0xb2][0xb1][0xb0]'n[0xd8][0xf3][0xbf][0xf3][0x85][0x13][0xfb]$[0x13]~[0xb6]=V{(Q$[0x80]m[0xca][0xb2][0xb6][0xf]z7[0x1][0xd0]R[0x96]T[0x11]&[0xdb]A[0x90][0x8d]R[0xd0][0xb2];d!`0J[0xcc]="Z[0xbe]}[0x1][0x1f] n[0xe0][0xbc][0xe1][0x9b][0x89],[0xb5][0x97][0x92][0xc9]]`cF[0xa0][0x1b][0xf2]_ci\[0x14][0xe]8[0xc][0xe2][0x9e][0x3]+[0xaf][0x1d]-[0x80][0xf4]L[0xda][0x98])GS[0xd1][0x86][0xed][0x8c]C[0x9f][0x94][0xe1][0xf1][0x8a]S[0xf9]W[0x10][0xca][0xb5][0x9b][0xd7][0x9f]M[0x4]A|[0xac][0x80][0xce]4![0xe4][0xa4][0x1f]qO[0xb3][0xb2][0xdd][0xed];v#?[0xce][0xc5]vQ[0xd0][0xa0][0xee][0x81][0xdd][0x1b]mQ[0xb5]w[0xc1][0xcb]z[0xa9]:P[0xdf][0x19][0x97][0xa5][0xb][0x9a][0xe4][0xe5]<[0x13][0xed][0xc2][0xac]G[0xe][0xdd]i[0xb9]0[0x13][0xd0][0xbc]-@[0xd9][0xf0]Ng[0xa7][0xf1][0xfc][0x2][0xac]5[0xce][0xb4][0xab][0xc][0xc2][0xb5][0x11][0xa0]][0xeb]}M[0xba][0xd0][0xee]oo[0x89][0x9f][0x9b][0x95]@[0x88][0xb9][0xa8]9LSR[0x19]`[0xcb][0xb4][0x15]S[0xd4][0xb7][0x8]`[0x8e][0xc1][0xf1][0x2]}LI[0xea]>T?[0xfb]![0xf0][0x8c]Ev/l[0x8][\n]"
05:56:02.479 [main] DEBUG org.apache.http.wire -  >> "[0xfb][0xf4][0xe0][0x3][0x16][0xee]O[0x99]=[0xf2][0xb0]][0xca][0xf5]+[0x1b][0xb][0xfb][0xf5][0xdf][0xb7]/[0xff][0xe2][0xe7]-n[0xdd][0xe6]q[0xd5]VTr[0xe2][0xbe]O[0xc][0xc0][0xde]s[0xa5][0x16][0xbe]*[0xd4][0x12][0xca][0xdc]_[0xe][0xe6][0xb1][0xa1][0x84]W[0xb5][0xa1]dL[0xc3]g-{[0xdb]~[0x8d]![0xd7]*[0xf0]f[0x8c]r[0xa1].[0xca][0x90][0x8b][0xfc]#tq,[0xfd],[0x19][0xa1][0x13][0xcc][0x8c]^[\r][0xa8]&1[0xe4][0xac][0x8c]_[0xb][0x1b][0xc][0xb2]|$[0xc3]8[0xa7][0xee][0xca][0xc1][0x0]5Z[0x8f][0xe5][0x80][0xd1][0xfe][0xa9][0x9]~[0xd5][0xd2][0x0][0xa4][0x93][0xcb]h[0xb0][0x1a]c[|[0x8e]L[0x92]6[0x14][0xdc][0x86][0xfc][0xbb][0x18][0xaa][0xe8][0xfb][0xea]^T[0xf9]w[0xb1]%[0xee]aVvt-[0xde][0xe0]7d([0x96][0x5]t[0xfc]oo4[0xbd][0xb6][0xc2][0x95][0xad][0x9][0xc5]+[0x91][0x6]^[0x8d]X[0xa4][0xf5][0xb2][0xc7]RG[0xc0][0xc0][0xc2]%[0xe1][0xbd][0x3]s[0x93][0xca]N"[0xdd][0xcf][0xf3][0x81][\r][0x5][0xb3][0xc9][0xf0][0x10]"[0xad][0xb1][0xd0]t[0xf8][0xaa][0xc4][0xbc][0x81][0x8d].[0x8a][0xe3][0xbd]{l[0xa4][0x6][0x95][0xe8]D[0x94][0x90]Z[0xe0][0x82],I[0x9][0x17]Ua[0xe8][0xdb][0x12][0xa3][0x9d]&[0xd8][0x88][[0x5][0xe7]+[0xfd][0xed]As0F[0xb0][0x9b]m[0x8f][0xe2][0xfc]3[0xb0]{[0x94][0x87][0x1f][0xda][0x98][0xd8][0x11][0xcc].[0xe5][0xfa][0x95];7[0x9f][0xb5]/[0xff][0xc2]S[0x1b][0xb][0xb3][0xd5].l$9[0xfe][0xcb]][0x9a][0xfa][0xb4][0x8e][0xd5]+w[0xad]b[0xff]s[0xf]Q[0x14]k/[0xf2]p[0x94][0xae][0x1c][0xac][0xa5][0x99][0x1a][0xe4]_{T[0x8a]\[0xf7][0xf6][0x99][0xa2][0xee]x[0xed]+[0x1e][0x87][0x96],A:[0x3][0xeb][0xc0][0xf0][0xcd][0xd7][0xf5][0xe9]rt[0x87]Q\b;[0xa6]b[0xaa]#[0xf5][0xe]a[0xee][0x8e][0xc7]v[0x8e][0x7]IS[0x8d][0xb4][0xeb]e[0xf6]?'%sI[0x9c][0xcc][0xa8][0xe7]2[0x16][0xe1][0xb7][0x6][0x14]_[0x98][0x9b][0x2][0x9a]u[0xac]O[0xe4][0xdf]^Z[0xfe][0xfb][0x84]k[0xbd]k)[0x5]s[0xcf][0xb2][0xb2][0xdd][0x93][0xef]}[0xdb][0x8d][0xc3][0x0][0xb7][0xf7]-[0x96][0xf6]O[m[0xfb][0xd8]@q,[0xe][0xae]Q[0xa6][0xf][0x8e]eUm[0xd9][0xf4][0xbe][0x1f][0xfe][0xe7][0xe8][0x18]ip5;?[0xc4][0x98][0xe6][[[0xb5][0xd2]0[0xda][0xfb][0xe7][0xc5][0xd0][0xa2][0x85]oy.[0x9a][0xf5]9{[0xdf]l[0xb2]{[[0x9b][0xd5][0x17]7[0xa9][0xdb][0xe2][0x8e][0xf3]EO[0x80][0xed]9[0xc1]n[0xbb]d[0x1f]x[0x2][0xcf][0x97][0xdb][0xc2][0xda]e[0xd0]=[0x88][0xe9]Z[0xe1]\[0x98][0xc3][0x1d]Z[0xdf]{O[0x8e][\r][0x1e]'[0xe9][0xbb][0xea][0x87][0x99]~[0xf7][0xfd][0x1b][0x1f]9[0x80][0xd8][0x9b]/ v[\r][0xb]X[0xd8]W>[0xfd][0x9b][0x8c][0x85][0xf9]P[0x98]6a[0xa5]3[0xa6]T[0x9b][0xf9][0xfc][0x10][0xcb]a[0xaf][0x1d]D[0xdd][0xe]l0[0xa3][0x97]*[0xfa]\[0xe7]![0xc2][0x1f]X[0xca]6[0xda]pl--[0x9a]@^UW[0xc][0x89]#[0x89]-[0x1][0xb2]R8rX[0xac]?l[0xa6]0[0x8a][0xfc][0xa7][0xe1][0xdd][\n]"
05:56:02.481 [main] DEBUG org.apache.http.wire -  >> "[0x84][0xc5][0x80]Up[0xa0][0x94][0x97]1{[0x2]6a[0x9d]e[0xed][0xfa][0xc7]9[0x86][0x9a][0xde][0xba]?Qs[0x1f]2P[-X[0x9]CT[0x14][0x98][0xd6]k[0xcf][0x2][0xd5][0x2]p[0x3][0xd8]l[0x1a][0xb]'[0xdf][0xa3]uP[0xf5][0xee][0x83]v[0xf][0x96]][0xfd]}\[0xf5][0xa6][0xd8][0x17]=/[0xc3]]eF%[0x1d][0xf3][0xa8][0xd1][0xfd]w<[0xbd]cC[0xe][0x3][0xcc][0xa6]n,[0xc4]/n[0xc6]<[0xe][0x8f]n[0xaa][0x99][0xc9][0xd9]M[0x90][0xef]d[0xa3][[0xb3]k[0x86][0xeb][0x93][0x9][0x8a][0x8e]g:}l=[0x9b][0x9b][0x8d][0xe3]H[0xa3]l[0xb1][0xc7][0xec][0xec]^k[0x1][0x94][0xe9]p[0xd3]g[0x1e]WkL\[0x18][0xa9][0x95]b[0xe0][0x17][0xbb][0xd5]0H[0x1c][0xf6]1[0x7]~[0xba]N[0xdb]?o~[0xa3][0xd9][0x9f][0xf9][0xe6]-6v)[0xd7][0xab][0xec][0xbf]|[0xcb][0xbe][0xf2][0xa9][0xa7][0xed][0x85][0xdf][0xfe][0xe3]q[0xbc]bQ[0xe9][0x9]p[0xb0][0x14][0xdd]![0xdc]J[0xb2]'4&[0xed]-[0xa8][0xe][0x9b][0xd4][0xd4][0xf4][0xe2]e1[0x8d]"W[0xc9][0x8b][0xc5]h"[0x10]6[0x87][0xb2]5So[0x88][\r]w)bf%[0x97][0x1][0xf3][0xd0][0x9b][0xa9]H6r[0x8][0x8a][ L\.[0xc6]([0xc0],[0xa0][0xa9]N[0x88]L Ngc[0xb0][0xd6]Fow[\r][0xb1]h[[0xc2][0x85]f[0xe7][0xe5][0xbf][0xd1]~9q[0xea][0xe6];[0x91]^*a[0x84]%![0x84]1[0xb2]%[0xfe][0xb5][0x2][0xdb][0xfa]}[0xed][0xc3][0xe1][0xf4][0xbb][0xec][0x1f][0xfc][0xee][[0xed][0x1e]+[0xa5][0xe1][0xe2][0xe9][0x10][0xab]"[0x8c][0xcf][0x1d][0xc1]H[0x89][0xc5][0x80]3[0xb8][0xde][0xc4][0xe6][0xb2][0xc5][0x8c][0x9][0x98][0x17]t[0xfb][0x1][0xac]2[\n]"
05:56:02.481 [main] DEBUG org.apache.http.wire -  >> "[0x1d][0x5][0x84][0xbe][0x82]d)[0xf4][0xc4][0xd2][0xf6][0x81][0xb][0xa8]U'[0x1]\[0x1][0xd7]I[0x17][0xaf]v[0x5][0xaf]L3[0xfb][0xe2]d{[0xca]uD[\r][0xbc]Y#[0xb3][0x0]ak[0x8e][0xb7]~[0xa0][0x9d][0xe8][0xe7]@[0x6][0xe8]F[0xcf][0xcd][0x91][0xb9]1}X[0x4][0xc]=[0xce][0xde]R[0x11][0xc0]E[0xe2][0xe7]eO[0xc7][0xd5]u[0xe0][0xc2][0xfd][0x1][0xc4][0xe2][[0xde]h[0x97]r[0xfd][0xca][0xb][0xbf][0xf5][0xc7][0xf6][0xe5][0x9f]j[0x3]3[0xec]S[0xa6][0x1c][0xe6]?[0xd1][0xc0] [0x9e][0xbf]hp[0xa9]M[0x9b][[0x94][0xa1][0x97][0x6] [0xaf]7@[0xc0]xZ[0x98]@[0xc9]&}D[0xb4]pq[0xe7]S[0x1e][0xea][0x6][0xa8][0x88]v[0xf6][0xc7]0[0xf9][0x6]k[0xc9]1[0x14][0x80][0xb9]Q[0xfd][0x3][0xa3][0x18][0xa6]_][0x8b]"gR[0xf]X[0x9e][0x1c]v[0x9d][0xb3]:[0x82][0xc9]@KC[0x3][0xc8] [0xe9][0xf1][0x81][0xfc][0xaf])[0xfa][0xbc]Nl[0x0][0xca]r&_P[0xfe]M[0x9b]X[0xa4][0xf7]4F[0xe9][0xea]fL[0xfd]!q[0xb4]su[0x9c])[0xaa][0xf5][0xa2]t[0xa8][0x2][0xe4][0x83][0xb6]{[0xbf][0xdd]ce[0x3][0xb2][0xc3][0xdc]<[0xbe]}[0x13]w!L[0xba][0xb2][0x8d]z;%[0xf7][0x99][0xb5][0xf0].U[0xde][0xa5][0x94][0x9]bj[0xd0]9[0xdf][0x92][0xef][0x82][0x98][0xd5][0x85][0xda][0xaf][0x96][0xb][0xad][0x8b][0xcd][0xe8][0x91]28[0xc0]D[q[0x99]YL[0x2][0x18][0xc6]t[0xf4][0xe8]$[0x96][0xb2][0xe4][0xd0][0xa3]0[0xfa]QL[0x83][0xc6]Yw[0x19]y[0x92]Yd[0xe5][0xd3][0xef]!e[0x2]G[0xf5];[0xc5][0xd4][0xd5]([0x85][0xb5][0x95]6'[0x1e]Z[0xed][0xcd]^[0xa2]U[0x13][0x18][0xb6][0x4][0x8b][0x95]i[0x99]I[0xc5]`[0xc5][0x8e][0x9e]Y[0xfc][0xa9]7[0x99]]@[0xec][0xda][0x95][0xfd][0xad][0x17][0xec][0xd9]O>m[0xb7]~[0xed][0xbf][0xdd][0xbe]S[0x8c][0xcc][0x16][0x1f]:[0x94][0x1c][0x8d]&[0xa3][0x2]-[0x7][0x9d]l[0x8a]Qhj[0x12][0xf4][0xc4][0xc]r[0xa9]l3[0xba][0xac][0x9f][0xdd]7[0x80][0x93][0x9a][0xff]a[\n]"
05:56:02.481 [main] DEBUG org.apache.http.wire -  >> "[0x1d][0x88]i'86[0xb8][0xa0]r[0xe9]D6N[0xef][0x8][0xba][0xd6][0xf2][0x90][0xe7][0xf4]Y[0xb3]j[0x1][0x89]R[0xd3]h6[0x1a][0x91][0x11][0x95]i[0x91]n[0xba][0x96]N[0x8][0xe5][0xc8]}[0xd7][0xf2][0xef][0x9d][0xd2]/Cn[0xa3]Zb[0x90][0x88][0x8f][0x9b]i7R[0xff][0xe4]#6[0x1a][0xbf][0x9f][0x5]z&[0xbb][0xbb]f[0x93][0xe0][0xa2]0s?/[0xff]r[0xaf]a[0xcc]K[0xfd]<[0x8e]:[0x2][0xde][0xa5][0x4][0xc6][0xbd][0xf9][0xf][0xdb]O<uO[0xbd][0xbd]g[0x3][0xb2][0xdd][0xde][0x9e][0xd8][0xbe][0x9][0xd6][0x84]3[0xa6]E[0x8e]P[0xf]4t:>u[0xb0]r[0x2]7[0xf5][0x82][0xeb][0xc6]4h[0xea][0xd2][0xbe];[0xec][0xe]0[0xb4][0xde]4[0x82]y>[0x17]K[0xdd][0x99][0x0][0xbb][0xee]G[0xbd][0xbe][0xa5][0x18]R[0x1d][0xce][0xa0]p[0x94][0xaf][0x4][0x81][0x85][0xc6][0x85][0xc2]D[0x4][0x9a][0x88][0xd9][0xb4][0xfe][0xc].B[0xaa][0x16]?[0xc7][0xe8]`[0xc5][0xda]b[0xb1]Q[0x84][0xa2][0xdb][0x11][0x18]r[\n]"
05:56:02.481 [main] DEBUG org.apache.http.wire -  >> "[0x1b]R[0x93][0xc1]2[0x93][0xb5][0xe]q[0x80]t[0x8d][0xc7][0x5][0xd4][0x2];[0xba][0x12][0xbf]"
05:56:02.482 [main] DEBUG org.apache.http.wire -  >> "[0xe9][0x92]^[0xdd][0xca][0x91][0x85]}[0xe5][0xe7]~[0xc3][0xee]|[0xf1]+[0xa6][0x10]V>~[0x95]!+[0xbd][0x9a][0x86]b_[0x97][0xb0]R*[0xf7][0xd4][0xd0]Y[0xc8]A[0xfe]i[0xf0][0x88]"%[0xa5][0xaf]SYK[0x1d][0x96][0xbf][0xbb]U![0xb3]M[0x1f]S[0xa4]M[\r],+[0xd5][0x99].[0xbe][0x96][0x81]Py[0x80][0xc]de[0xa5][0xb8]#[0x8d][0xbd][0x96]EL[0xb7][0xd1][0x17][0x9e][0xda][0x8f][0x8c]d[0xa8][0xa8]q[0x7][0xe3]a%[0xff])[0x87]n&^[0x1c][0xd7][0xb8]}[0xa3][0xb9][0xb2]][0x9e]wS[0xdd][0xc7][0x83]e[0xa2].lh)[0xd0][0x1d]Y%[0x98]g[0x83]m@s[0x8d][0xd8][0x9e][0xc9]Pb[0xfc]5[0x8d][0xf5][0xf9]L[0xc5]g[0x1d][0x9a]@[0xb2]]fo~[0xe8][0xf5][0xaf][0xbf][0xdd]Ce[0x3][0xb2]L[0xf8]8[0xfe]|[0xc7][0xf1][[0xee][0xe4]ba[0xe0]&57@[0xa1][0xce][0xa6][0x19]&GM[0xaa].[0xa6]K&[0xa2]\[0x87]Z[0xfa][0x8d]d[0x5]B[0x1][0xc2][0xb3][0x1d]^[0x82][0x9f][0xc4][0xc5]`v_[0x9f][0xe8][0x5]n[0x15][0x9f]}[\n]"
05:56:02.482 [main] DEBUG org.apache.http.wire -  >> "[0x83][0x91][0x83][0xf1]![0xb4]0[\r]LA[0xcf]e#[0x89][0x85]$[0xc2][0xd9]{[0x1c]z[0xa6]![0x10][0x1b][0xbb]-[0xa3][0x98][0xd6])|[0xf2][0xbb]v[0x13][0x1]p[0xf3][0xc5][0xbf][0x92][0xe][0x1c]F0[0xe7]F7[0x8][0xa3][0x1]A-[0xfe][0xf4][0xb7][0x98][0xbd][0xf1][0x11][0xbb][0x94][0xeb]S[0xe2][0xf6][0x1d]{[0xee][0x17][0xd3][0x9e][0xff][0xd5][0xdf][0xdb][0x92];N[0xce][0x7]Y[0x11]P[0xa2]m1#X[0x98][0x86][0x6][0xcc][0x7][0x0]9wv}r[0xda][0x87][0xbc]|dxW[0xbd]n[0xc][0xae]%[0xbe][0xed][0xdb][0xd7][0xe2][0xe8][0x9b][0xd9]@Z[0x8d]x7[0x9b]97[0xee][0xf2][0xf3][0xb4][0xf0][0xa9][0xfc][0xf7]5*[0x9c][0x1][0xb0]K[0xfd][0x13][0xec]<zPH[0xb0]L`AS[0xc8][0xb4]d[0xd7][0x1] r1&$[\r][0xf5]N[0x18][0x81][0xfc]ygT[0xba][0xcc][0xe9][0x8c][0xa5][0x85][0xc2][0x9b]2#[0x9d]aaT[0x0]7[0xe8][0xce]][0xba][0x8a][0x16][0xdd]'[0xf2]o$[0x16][0xb3][0xbe][0x2][0xaf][0x93]g[0xd6][0x16]6[0xb7][0xb1][0xb2][0xd8][0xfd]/[0xec][0x1e]*[0x92][0x8d]aO[0xa4][0xb2]U[0x1c]1*[0xd1][0xa0][0xc1][0x87][0xeb][0xbd][0xad][0x89]2S[0xcc][0xda][0x9a]![0x8][0xaa][0xe6]7;[0x17]D&[0xda]%[0xba][0x14]sr[0xa3][0xb8][0xee][0xa4]5[0xd7][\n]"
05:56:02.482 [main] DEBUG org.apache.http.wire -  >> "[0xdc][0x5]P[0xce][0x1c][0x1b]@`[0xbc][0xca][0x8d][0xc6] 5[0x83][0xf4][0xd0][0xf8][0xca][0x9b][0xe8][0xd8]B[0xfb][0xac][0xb3][0xbb].U[0xe7][0x87][0x8e][0x91][0xb5][0xd5][0xd5]VS[0xa1]~[0x8][0xc5][0xb7]1[0x5][0x10][0x9c]0qM[0xd4]z[0xb0]/[0x5]v![0x99]b[0xdb][0xc1][0x9d][0xed][0xff][0xf4][0x81][0x89][0xbd][0xf1]uv)[0xd7][0xa7][0xdc][0xf9][0xc2]W[0xec][0xd9][0xff][0xe6][0xd7][0xed][0xf6][0x1f]<C [0xc2][0xae]P`[0x1]?[0xc8][0xcf]a[0xc6][0xf7]%[0xc6]H[0xac][0xc8][0x1d][0xe7][0xdc]^[0xce][0x8c]C[0xba][0xc9][0xb6][0x9b]k[0x8b][0xc1][0xc6][0xb3][0x98][0xb9]DF[0xfb]T[0x0][0xb1][0xb6]/P[0xa3][0xfc][0xe6][0xe5][0x92][0x1f][0xd2][0x6]l[b;[0x6][0x0]U[0xb0][0x9a]2[0xdb][0xf2][0x1f]N[0xaf][0x4].[X[0x85][0xa9][0xa7][0x86]TC[0xa7][0xcb]d[0xfe][0x1c][0xbe]Q[0xeb]q[0x96][0xfc]g{6[0x87]o[0xf5]J[0x91][0x99]0[0x2]p[0xf1][0x89]bu[0xf]u[0xd5][0x9]h[0x99][0x18][0xfe][0xf8][0xbb][0xc6][0xba]Z[0x97][0xda][0xa9]kR[0xe5][0x1f][0xc7][0x17]#?[0x94][0xf1][0x9e])p;w[0x1f][0xe2][0x9e]z[0x99]p[0x3][0xd9]>>[0xc1][0xcf][0x4]n#c[0xb0]Uy[0xb6]5[0xd3][0x9e]u[0x83]}[0xd6][0x1b]5[0xda]r[0x12]Kb[0xbb]=[0x9d]i[0x1d][0x90][0x12][0x99][0xa8][0xda][0xd5][0xe2][0x88][0xde]e[0xfc]Ck[0xcb][0xaa]B[0x9f]l[0xb1][0x4][0xc0]w[0x89]WAH[0xb1][0xd1]/[0xa3][0x95][0xb5]m[0xb0][0x88]aA[0xc5][0xe8][0x83]:[0x14][0x81][0x8f]*[0xac][0x0]?[0xba]D[0xb5]?[0x85][0xeb]rLz[0xe4][0x3]p[0xd1]/3[0xb3][0x1][0xe8][0x9c]e[0xc]zg[0xf1]m[0x7]&[0xf6][0x86][0xb][0x88]][0xa7][0xf2][0xfc][0xaf][0xfe][0xae]=[0xfb][0xb]OeZ[0xbd]w[0xf6]`[0xae]z[0xeb]V[0xb7]6[0xdc][0xfc]L=[0xea][0x89][0xe8][0xa2]z[0x93][0xfa]O[0xef][0x12][0xc0][0xd2][0xc4][0x11][0xd8][0xad][0xaa][0x0],[0xd4][0x8d][0xd9][0xb6]Y[0x12][0x11]7y[0xb]P[0xb5][0x1d][0xd6][0x19][0x1c][0x82][0xaa][0x1a][0xa7]J[0xdb]5P5[0x0]Q[0xf0][0xbb][0x1e]oA[0x9b][0xf0]h[0x88]K[0xcd]4[0xbc]![0x8f][0xa4][0xb4][0xbc]m[0xdf][0x8e][0xbf][0xcd]i[0xdb]/V[0x93]/.[0xe7][0x1][0x8a]Q[0xb5][0x1a]2[0xbc]lLt[0xeb][0x16][0xed][0x83][0x9d][0xac][0x8b][0x8f][0xf8][0xd5][0xf4]^[0x9d].[0xc6][0x89]l[[0xdf]{[0xee][0x9a]f[0x89][0xc3]m[0xb8][0xd6];[0x9e][0xfd][0x13][0xe0][0xd4][0xcc][0xc9]}[0xc4][0xf][0xd8]=R[0x8]dwv[0xf]~[0xf2][0xec][0x15][0x8c][0xe1][0xe0][0x0][0xad][0xb8]V[0xc2][0xa1]@'[0xa0][0xd3]{z[0xbb][0x96]?$[0x19][0xfa][0xba]6[0xe0]H[\n]"
05:56:02.482 [main] DEBUG org.apache.http.wire -  >> "0[0x1e]N1[0x99]|[0x0][0x16]| [0xa2][0xfa]m[\r][0xfa][0x16]RfB[0x85]u[0x13]f[0xd3][0xed][0x1]V[0x85][0xb7]o8[0xab]s[0xf8][0xdd][0xf1][0x1c]@[0xe][0x90][0xcd]4[0xa3][0x1c][0xaa][0xc1][0x14][0xc4]C[0xe6]n[0xf1]O[0x9b][0x9b][0xb8][0x1b][0xba][0xef]R[0xd9]d[0xa3][0x8b][0xe]"M[0xb6]L[0xab]?[0x82][0xd8][0xc3][0xf][0xda][0xa5]\[0x8f][0xb2][0xee][0x5]{[0xf6]_[0xfc][0x9a][0xbd][0xf8][0x9b][0xd4]6[[0xa9]x[0xac][0xac]lZ[0xd8]7H[0xb5][0xb7][0x9d][0xbc]B#b[0xf1]lX[0xd5][0x11][0xb]+h[0xb3][0xc9][0xdc]V[0xc5][0xc9]}[0xd6][0x1a]7[0xa5][0xcf][0xe8]u[0x9][0xe3]{[0xdb][0x86].(!v[0xca][0xcb][0xeb]V[0x85]x5*[0xde][0xe4][0x11]'[0xa2]S[0xc2]([0x87][0xe0]v[0x94]8[0xb0][0x1a][0x8d]1[0x98][0xd8]2[0xcc][0xd4][0x13]@`[0x80][0x96]![0x2]m[0x92][0x8a]_[0x83]c[0xbc][0xce]1m[0xfb]P[0xa6]i[0xc3][0xc0]D[0xff]NF[0xc1]U[0xb][0xa6][0xd1]G?3[0xa6][0xeb][0x91]sx[0xba]v[0xe3][0xfc]U[0x0]7[0x92][0xdf][0xda]mxz[0x99][0x18][0xe0][0x83][0xde][0xf7][0x8b][0x88]}[0xf7][0xe0][0xdf][0xb8]W[0x92]>[0x8]d[0xbf][0xf6][0xbf][0xfc][0xb][0x9f][0xb0][0xed][0x7][0x16][0xab][0xc8][0xe6][0xb7]i[0xa0][0xc8]Fpd[0xf][0x9e]][0x14][0x8f]sK[0x8d][0xcf]0,[0xac][0x80][0x90][0xac][0xc][0xa2]"[0x1e]D[0xa6]9[0xe5]S[0xfc][0x95][0x11][0x18]R[0xa7]7[0xe0][0xd6][0xf]N[0x96]E[0x17][0x81]T[0xc4]@[0xbb][0xf0]i[0xaf][0xe0]L`[|[0xda][0xf4][0x12]z[0xc6][0xe2][0xfc][0xcc][0xd6]q[0xf3][0xab]G[0xef][0x82]n[0x1d][0xe0][0xb5]en[0x2]a35[0x4][0xc2]N[0xe7][0x96][0xab]r[0xcc]N[0xbc][0x80][0xd8][0xb5])/[0xfe][0xe6][0x1f][0xda]s[0x7][0x10][0xdb]?[0xf3][0x9c][0x8d][0xbd]ki[0xf3][0xc4]p[0x16][0xa8][0xa5][0x1d][0xf2][0xde][0xc4]P[0xd2][0xee][0x4] [0x96][0x8c][0xb3]f[0x4][0xd8][0xc7][0xf6][0x19][0xa0]dH[0xc9][0xa6][0xd1]5[\r]*l[0xc6]j'[0xc2]W[0x85][0xec]4[0x18]]P[0xd7]:[0x13]Q[0xb3]z[0x81][0x8d][0xfc][0x16]-[0x8b]0[0x84][0x87][0xd2]/,[0x0]xi[0xdb][0xde][0xc9][0x1b][0xac][0xce][0xcb]h[0x4]x[0xb2][0xed]`D[0xb9][0x1d]kQ6f[0xcf]X[0x81]f[0xa5][0xaa][0x1d][0xd8][0xdb][0xae][0x89]0u[0x95][0xf4][0xe3][0xa4],AF[0xca][0xfb][0xfa][0xa8]N[0xaf]C[0x9c]\[0xbf][0x8e]SY[0xec][0xb9][0xba][0xcf][0x95][0x1][0x92]`l[0xb2][0xe][0xe3]9[0xb4][0x88]o}[0xe0]uo[0xbc]'be[0xcb][0x93][0xb2][0x91][0xd9][0x8b][0x94]2[0xee][0xd9]@0[0x96]E'h[0xb8][0x8d]e[0x83]`[0x19][0x4]H[0xd6][0x5][0x17][0xa3][0xa7][0xa4][0xb8][0x17][0xa1]S[0xea]!"%_[0xc6][0x14]W[0xec][0xf6][0x98][0xb1]9[0x9b][0x82]t<[0xb5][0xf][0xa7][0x19]f"[0xa7]\[0xd8][0x90]>[0x96]b[0xc9]hu[0x2][0x8c][0xba][0xf6][0xcf][0x99][0xc2]y[0x8f](B4[0xd3][0x4]5[0xfc]9[0xd9][0xdc]f[0xa6][0x1][0xe9]+03[0xef][0xfd]S[0x87][0x98][0xd8][0xeb]/[0xee][0xc4][0xeb]P[0x8e][0x9][0x1d][0xcf][0xff][0xd2][0xe7][0xed][0xd6][0xe7]~[0xd7][0xf6][0x87][0xcf][0xa1]f[0x8f][0xb0][0xe]l[0x81][0xed][0xeb][0xa9]eD[0xd9]HPK[0xdd][0xef][0xd4]{[0xae]&[0xb8][0x99][0xe1][0x97]J| &}y[0x16][0xbe][0xf][0xf5][0x8d])[0x1e][0x86][0xd4]C#[0xde][0x7]C9[0xfe][0xbb]G[0xdc]vq[0xa7][0xc1][0xd4][0x1d][0xed][0x96][0x9d][0xa9][0xe1][0x2][0xd3]HB[0xa3]x[0xbf][0x8d][0xa2][0xe5]?[0xfb][0xd1]qDE[0xd5][0x10][0xf9][0xd7][0xb8]Ve[0xfe][0xa2][0xbb][0x4]^[0xc]m[0xca][0xbf]u[0x9b]FVd[0xf0][0x9c][0xb0]i[0xd5][0xea] 8%[0xdb]x[0xc2][0xc6][0xa4][0xd9][0x15][0xb1]+[0x8d][0x15][0xe]p[0xe9][0xb]Nu[0xae][0xdc][0xab]s6[0xce]Y[0xb3]N06][0x9b][0x93][0x1f][0xfc][0xdc][0xd9][0xfb][0xed][0x1e]([0x3][0xc8][0xe]c~|[0xfb][0xe0][0xca]Vz[0xae]N2[0x14][0xac][0xe4][0xcd]g%Y[0x85][0x82][0xd6][0xf0][0x15]c[0xc3]p?&[0xc0] [0xe3][0x91][0x8b] [0x6]W[0x9b][0x86][0xe3]oj[0xfb] [0x90][0x16][0x9b][0x8a][0xe1][0xef][0xf6]`[0x86][0x86]n[0xd8][0x88]5S+;z[0xbc]~[0x9f]V-[0xdd][0x3][0xab]_})D?[0x8c]U[0xaa][0xc4][0x98][0x1c][0x9],[0xd6]I-c[0xe6]"[0x85]0[0x86][0xda][0xd9]NL[0xbe]{[0xfc][0xfc][0xa7].[0x89][0x1d][0xd7][0xa5][0x1c][0xd9][0xd7]s?[0xfb][0xab][0xf6][0xe2][0xef][0xdc][0x1c][0x84][0x87]1[0xb0]r[0x97][[0xc5][0xaa]:[0x8b][0x88][0xb1][0x10][0x1e][0xe0][0xf6][0xf3][0x8c][0xd5]nL[0x9][0xac]f[0x94][0xcc][0x88]J[0x1]k1[0x8b]MX[0x10][0x13][0xe6][0xf6]4&[0x81]4[0xf2][0xb4]1j[0xe8]tT[0xd6]b[0x98][0x1a]e=[0x9e]6[0xf2][0x16][0x1c][0xe4]~G[0xbb][0xc5][0x97][0xc8]6[0xc2][0x19][0x1f][0xa3]L[0xa0][0xdf][0xe4]l[0x9]:[0xd1][0xfa]#u[0xcf][0xde]5[0xb6][0xd6]q[0xa3] [0x17]s[0x1a][0x93][0xed][0xe9][0xa8][0xe9][[0x85]9[0xf4]![0xe4][0xa0]N[0xc1]3f{[0xd3]p[0x83]N[0x90][0x1c]9[0xf5]Nq\[\n]"
05:56:02.482 [main] DEBUG org.apache.http.wire -  >> "[0xd6]*[0xff]g__%`t[0x2]X[0xb0],[0xcc]f[0x9c]L[0xc6].[0xdd][0x8b][0xb3][0xa9][0xfa]<[0x1f][0xef][0xb8][0x17][0xdc][0x8b][0x3][0xc8]v[0xfb][0xfd]'[0xf2][0x13][0x8c][0x90]cqNj[0xef][0xf3][0x2][0x2][0xab][0xfc][0xf9]ha[0xc1][0xc6][0xd9][0xf][0xd4][0xab][0xfa]f[0xcc][0xb];b[0x99]t[0xde][0xd4]V[0x85][0x8d]`46[0x81][0xa5]e)[kq+,[0x8b][0x96][0xbe]a[0x4]rK[0x14]F[0xb6]O[0x8a][0xb9][0xc4][0xba]K~[0xda][0x95]QU*[0xfe][0x94][0x95][0x98]4[0xd1][0xe8]r[0xcd][0x6]'T"[0xa8]-[0x80][0x9b][0xbd][0xa8]i[0xf0]5M7NF[0x11][0xdf][0xf2][0x6][0x8b][0xb][0x88]][0x8b][0xf2][0xe2][0xd3]h[0xcf][0x1e]@[0xec][0x18][0x17][t[0x11]c[0xc2][0x88]G[0xd1][0x1d][0xb8][0x9d]=[0xee][0x8b][0xfd][0xd8]k[0xe2][0x6][0xc][0xdc]^[0xa0][0x4][0xa1][0xca]X[0x8f][0xc3]K[0xd7][0xe]>[0xfc]7[0xc]E1[0x13][0xbb]4[0x8a]fwH/[0x6][0xef]@[0xda][0xd2][0xb1][0xad]=[0xc][0xce][0xd6][0xe4][0xec][0xa4]Xde[0xc]F[0xc9]X0[0xc5]"46[0xa7][0xf7][0x80][0xd7]e[0xf6][0xb3][0x9a][0xd5][0x94][0xff]c[0xcb];[0x13][0x99][0x84][0x97][0x8][0xf2][0xaf].[0xb5]NJ[0x9]f[0x3][0x1b][0x15][0xe]%[0xd5]Gx1[0xc4][0xd5]/[0xee][0xca][0x93][0xf9]B[0xdf]![0xce][0x90]k[0x9b][0x9]kf[0x3][0x80][0xc2][0x9a][0x91][0xe5][0x5][0xe7][0xd3][0xf4][0xc7][0xb1]5{s[0x8d][0x93]-}t[0xe9][0x8f][0xde][0xdf]:[0xcf][0xde][0xfc][0xc0]#o[0xbc][0xf6]I[0x1f][0x3][0xc8]n=r|0[0xda][0xbf]p[0xfc], D{[0xe7][0xc][0x9a][0x1b]2[0x3][0xe7]d[0xd1][0x9c]1[0xb2][0xaf][0xbc][0xae][0xce][0x8f][0xeb]}eT -y[0x8b][0x8][0xf2][0xf0][0xb9][0xe7]#[0x1]x[0x98]:F[0xbf]j[0xd3]D[0xd8][0xdc][0x95][0xd6][0xbe]u[0x8][0xd6][0xb0]0[0xdd][0xd6]gA[0xba][0x88][0x80]F;[0xf0][0xbd][0xe9]$(f[0xb3]O[0x87]}J)[0x11][0xa1]N(+[0xe1][0x9d]V[0x98]0[0xce][0xb1][0x12][0xc7][0xdf][0x11][0xbb][0xfc][0x96][0xd8]]_[0x8e][0xae][0xc4][?[0xf7][0xeb][0xf6][0xc2][0x93][0xbf]-[0x7]M[0xc][0xfc]v%[0x18]T[0xea][0xb6]7v[0xc8]@@[0x1a]c[0xb3][0x96][0xa0]C[0xd2][0xa5]:3I[0x95][0xf]aU[0x11]K[0x92] [0xbb][0xd1][0xf1] C[0x8e][0xe4][0x6]J`[0x0][0x15][0xf7]*[0xb9][0xcf]+[0xb3][\n]"
05:56:02.483 [main] DEBUG org.apache.http.wire -  >> "_[0xd2]'Ik[0x90][0xf2][0x81]6 [0xff]'[0xd9][0x8a][0x14][0xb4][0x8][0xcd][0xbe][0xc3][0xd0][0xa2][0xc][0xde][0xb1][0xff][0xeb][0x93][0xc8]IE[0x18][0xe4][0x1f][0xe2]/[0x88]Z[0xa0]A[0xf9][0xf][0x90][0xd8]:[0x1e][0xaa][0xaf]x[0xaf][0x89]:X[0xce][0xfb]*[0xff][0xa3]wd{*[0xff]+;[0x92]~[0x91][0x81][0xbe][0xb4][0xfc][0x9b][0xad][0xb1][0xb4][0x15][0xa8][0xce][0xdd][0x12][0xaf][0xd3]u8o[0xe4][0xbf][0xcf][0xae]y[0x19]@v[0xe3]=o;[0xf8]?[0xe2]S[0xe9][0xeb]m[0xab][0xe5]Xz[0xc3]ZL@[0xb1][0x98]VA0P[/[0xf3]5[0x6]t[0xd3]b[0xaa][0xcb]*&P89m[0x1b]+9P[0xb6]T[0x95][0xd3]v[0x92][0xfe][0x1]O-[0xc8][0xce]Z[0xa0]M[0xac]#[0xab]:[0x8b]9E[0xf5][0xb1][0x98][0x92][0xbe]9[0xc1][0xd4][\r][0xc1][0xf6]t[0x3][0xb4]*[0xd9][0x85][0xf9][0xaa]h[\n]"
05:56:02.483 [main] DEBUG org.apache.http.wire -  >> "I[0xcb]I[0xcb]~[0xd6][0xee][0x9d]?[0x94][0x97]y[0xcc][0xcd][0xce]B[0xdc]3[0x9c][0x95]oz[0xfd][0x5][0xc4][0xae]A[0xb9][0xf3][0xc7]_[0xb6][0xe7][0xfe][0xf9][0xe7][0xb6][0xbf][0xad][0xf9]-[0xf7]Q[0x81][0xd8]|`[0xb5]vo[0xf4][0xde][0xc]d[0x95];[0x12]7p[0xe9]VQ[0xb4][0x81]#[0xcf]-[0xa7]r[0xc5][0x9b]-[0xf0]$[0xca]">>[0x18][0x80][0xf3][0xc1]f[0x1c]G[0x9b]e[0x8b]6#[0xcb]s[0xd1][0xca][0xb0][0xb5]v[0x89]S[0xb3][0xa6][0xe]L[0xf4]+[0xa0][0xcc][0xc5]E[0xf][0xd9][0x8][0xf1]q[0x8c]B[0xf][0x90][0xc6][0x97]RL[0xe5]r[0x97]Q[0xb5]N[0xc0][0xa7][0x9a][0xe3][0xbd][0xd8][0x9]n[0xd4]E[0x1a]K[0x8b][0xe][0x1f][0xa8][0x93]v[0x80][0x91][\r][0x0]p[0x1b]t[0xd3][0xca][0xd5]k[0xd4][0x9b]2[0x8e][0x95]![0xb9][0xd3][0xc8]f}[0xe8][0x87][0x9d][0x82][0x90][0xad][0xe1][0x14][0x1f][0x8c]7F[0x1d][0xda][0xae][0x80][0xe1] [0x3]zY[0x3][0xe0][0xb5]w/[0x9e][0xbe][0x16]}[0xef][0x1f][0xaf][0xa5].[0xcd]o[0xbd]j[0x95]]dg[0x82]K[0xf2][0xb5][0xd6][0xdd][0xb0][0xf8]^[0x19]@[0x7]'[0xfb][0xde]'[0xb3][\n]"
05:56:02.483 [main] DEBUG org.apache.http.wire -  >> "n[\n]"
05:56:02.483 [main] DEBUG org.apache.http.wire -  >> "[0xaa]n[0x5][0x10]I([0xe1][0x16]si[0xa7][0x5][0xd2][0xd8]fy[0xa4]5[0xd8][0xc0]s&[0xf9]TV[0x96]cY[0x81][0xd8][0xc][0x8e][0xe3][0xbc][0x1d][0xd2][0xeb][0xd1][0x84][0xd2][0xc6][0xbc]d[0xb3]^[0xd2][0x8f][0xfb][0xd0][0x17][0xb][0xed]w[0xac][0x96][0x1e]zU[0xc2][0x4]x[0xd4][0x8b][0xe2][0x91][0xd7]][0xde][0x9d]x[\r][0xca][0xed][0x1b]`[0xb7][0xfe][0x9b]_[0xb7][0xd8]\[0x89][0xa6]rSF1[0x14][0x18][0xc9]B[0xed]|[0xe8][0xa8][0xe2]6[0xf2][0x8e][0xd7]b[0x12][0x8a]|[0x1b]][0xea][0x94]^9#[0xee]|[0xe6])D[0xbd][0xb6][0xc8]p[0xb9]lQ[0xe2][0x4][0xf4]Y@C[0x2][0x15]M[0xf8][0x8e]Y[0xfd][0xae][0x19][0xc][0xc2]j[0x1e]X[0xc7]j[0x13]b ae[0xbb][0x1d]ey[0x93]kP[0x88][0x16][0xa5][0xe1]2K[0x19][0xce] [0xa0][0x99][0xf7]xL[0x9b][\n]"
05:56:02.483 [main] DEBUG org.apache.http.wire -  >> "[0xe]~9[0xe1][0xd6][0xf2]?[0x9e][0xfd]r[0x99]A[0x13]#[0xdc]]~[0xe4][0xd6][0x96][0xa8]4[\r][0xe6][0xb0]S [0xa0][0x1e][0xa0][0xa1][0x15][0x10][0xf5]='[0xf2][0x9f]'[0xfa][0x81]k;[0x17][0x17]Cu5[0x8a][0x9d][0xfb][0x88])^U[0x1f]>[0xe3][0xbf][0x15][0x0]S[0xb5][0xd9][0x9b][0x1f]|[0xe4][0x91]w[0xd8]5.'@[0xe6][0xb1][0xff][0x14]6[0xda][0x9e].{[0x99][0xd7][0xdc][0x88]v[0x92][0xc1]X[0x9][0x8][0xb2][0xc3]i[0xb5][0xb9][0xa6][0xfe][0xb9]x[0xf1][0xac][0x1][0xc]e[0xcd][0xb8][0xc1]M[0x12][0xfc]v[0xf8][0xca][0xc5]:[0xda][0xac]8*[0x86][0x16][0x8][0x12][0x1][0xc2][0xc9][0xee][0xc4]b[0xa9][0xa5]v5Q[0x87]mh[0x14][0x9e][0xe1][0xa2][0xe8][0x80]6[0x3]g[0x16][0x88][0xc7][0xe1][0x92]=}4[0x8d][0x85]*L[0x3][0xf7],[0x1e]x[0xc0][0xec][0x98]f)wm[0xd9]\[0x89][0xff][0xe2][0xd7][0xec][0xf9][0xcf][0x1e]][0x89][0xaa][0xd1][0xab]`[0xaf]Pn[0xca][0x85]f0[\n]"
05:56:02.483 [main] DEBUG org.apache.http.wire -  >> "[0xfd]$[0x9a][0x1a][0xd1][0x9e][0x0][0x18][0xf1]VI[0x19][0xa3][0xed]&*[0x88][0xfd][0xea][0xcb][0xf7]j[0x9b]'[0xa8]L<4[0x86][0xa7]v[0x82][0x8a][0xb5][0xd7][0x87][0xfc]SVE|[0xa6][0xfc][0xd7]~w5[0x8]}[0xc8]?^~[0x0]C[0xe][0xaf][0x9b][\n]"
05:56:02.483 [main] DEBUG org.apache.http.wire -  >> "[0x8][0x16][\r]V+[0xb9]9[0x13][0x93][0x8a][0xd0] [0x82]['d,[0x13]"2[0x4]@t[0xf4][0xdf]y\@[0xe0][0x8c]U[0xc0]1[0xc6][0xd0][0xb]<[0xc7][0xf][0xad][0xc5][0x18][0xbb][0xb3]E',cX[0xb][0xc0]T[0xb5]S[0xb7][0xd9]@,u[0xef][0xa3][0xb3][0xd5][0xae][0xca]b<[0x97][0xf1]X[0xa3][0x1c]q[0xbc][0xbc][0xd9][0xaf]u[0x9c][0xec][0x4][0xc8][0x9e]|[0xef][0xdb][0x1e]?[0xc][0xed]&[0x83][0x8c]i&[0xfa][0xca]$N[0x17][0xcb][0x99][0xcc]@[0x96]e[0xdc]8[0xbd]@b[0x17]u[0xe8]M[0xfe]q[0x97]L[0x8e]e![0xb6][\n]"
05:56:02.483 [main] DEBUG org.apache.http.wire -  >> "w[0xa1]F` [0x9][0xd0]J[0xc8]A[0xbd]an[0x6][0xb2]![0x8d][0x17]:[0x84][0xc0][0xbb][0x8f][0x18]S8[0xb5]B[0xbd][0x8e][0xe6][0xd4][0xa7][0xdc]&[0xa2][0x99][0x9f][0xdb][0x98]y[0x15]w=[0x5][0xd8][0xfb]x[0xe6]F[0xf7]XC[0xeb]I[0xa5]p[0x0][0xb1][0xc3][0xf2][0xfc]K[0xdf]bv[0xc5][0x86][0xbc][0x94][0xd7][0xbe][0xec][0xbf][0xf4][0x9c][0xdd][0xfa][0x99]'mp%[0xfa][0xdc]!R[0xea]a`k[0x1b]'[0xd9][0x19]M[0xa3]u[0xa3]SIK[0x82][0xba][0xec][0x8f][0xc2][0xac][0x18][0x99][0x9][0x96]u[0x87][0xef][0xf7] [0xb][0xc7]?[0xbb][0xb0][0xf1][0xb4][0x8][0x1f]+[0x81][0xc5][0xa5]IY4[0xd2][0xf2][0xe9][0xba][0xec][0xbe][0xe3][0xaa][0xc2][0xb]|[0xb][0xba][0xf4]]1:[\n]"
05:56:02.483 [main] DEBUG org.apache.http.wire -  >> "[0xc][0xa6][0xec]@W0[0x9d]*o[0xd0]Q[0x80][0xa3]i[0xab][0xb6][0xc9]?[0xe5][0xf][0x10]h[0x6][0xee][0x17][0x15]*H[0xf9]gR[0x9a][0xc4][0xac]AFV[0xb9]-#;[0x9c][0xa9],[0xb1][0xc4][0xd8][0xc7][0xea][\n]"
05:56:02.483 [main] DEBUG org.apache.http.wire -  >> "[0xf5][0xf5][0xa9][0x1d]X_[0xac][0xe3][0xc2]l[0xf1][0xaf][0x10][0x0][0x1a][0xe8][0x12];[0xd4]9?[0xd3][0xc2][0x6]f9[0xd4]2[0x16][0xec][0x94][0xc][0x9c][0x80][0x1b][0x95][0xe7]<[0xb7][0xdf][0xed][0xfe][0x8a]][0xe3]r[0xf6][0x17][0x17]c[0x1f]?[0xd9][0xfb][0xb4] [0x2][, Jn[0xbc]=[0xac][0xcc][\r][0x1d][0x4]P[0xca][0xcf][0xc1][0x80][0xa3][0xe5][0xc2]&[0x88]lW[0x19][0xfe][0x94]U)&[0xf][0x80][0xa3][0xf][\r]c[0x10][0x9]\[0xba]95[0x99]$Sm[0x1]X[0xf8][0xf5][0xeb]`[0xc6][0x98]A03[0x9b]J[0xc7][0xe5]/[0x1] q[0x95][0xcb][0x80][0xb2]9[0xfd][0xd4][0xb2][0x85]3[0xf6]P&7[0xba][0xe6][0x8b]5[0xb8][0xfd]w|[0xe2][0x3][0x97][0x1f][0xc5][0xbc][[0xcb][0xed][0xa7]~[0xdf]n[0xfd][0xb3]'-neV[0xe2]@[0x4][0x83][0xc2]k9Z[0xf6][0xb6]i[0xb0]%$[0x14][0xd6][0xd9][0x86]Q[0xf5][0x8e]}T[0xf2][0x5]p[0xdc]v3[0xf6][0xba]v P[0x7]m[0xd2][0xed][0xc0][0xb2][0xbf]EU[0xd2][0x5][0x19][0x8d]S[0xe9]Zd[0x1d])[0xa1][0xb2][0xd3]1[0x8e][0xe3][0x8e][0xde][0x3]XK[0x1a]M[0xc7][0xef]x,[0xa6][\r]9[[0xb0]*D.[0xc]s[0x80][0x9e][0xd7][0x1d]T[0xc7][0x1c][0x1a]-m[0x3][0xeb][0xec][0xb0]D2?t[0xa1]T@[0x94]e1[0xfc][0xb0][0x0]-[0xfa]nZ;Y[0x8f][0xc1]l,[0xc4]:[0xdf]:[0xaf]-[0xff][0xc3]K[0xd4][0x1a][0xc2]Wc[0xbb][0xda]R[0xc0]l[0xb0][0xd1][0xe4][0x18]9[0xf2]y[0xd1]Kz[0xcd][0xda][0xc7]][0x6]TQ[0xef][0xf7]][0xe7]8[0xd9][0xee][0x8a][0x83][0x8f][0xe7][0xa7][0xd8][0xde][0xb5]x[0x9c][0x8a]}91z[0x13]-J[0x1e]|[0xc3][0xfc]<[0x0][0xac][0xd9]2[0xd1][0x86][0xd5][0xbc]L[0x0][0xb4][0x17];[0xfb][0xc1][0xa6]DQ[0xe4][0x91][0xfc][0xc8][0xb4][0xf7][0x0]"
05:56:02.483 [main] DEBUG org.apache.http.wire -  >> ">[0xba][0x7][0x3][0xb1][0xb0][0xdf][0xca][0xda][0x9d][0xc5]w[0xbb][0x11][0x9f]"[0xbb]\[0x1b]E[0xd7][0x18];[0xd3])0[0xa0]"[0xd2]b|[0x8c][0xc9][0xa0]N([0x84]F[0xc1][0xe7][0x91][0xfc]sL[0xb3][0xb7][0x87][0x1e][0xb0]K[0xb9][0xfb]J[0xbc]x[0xc7]^[0xf8][0xf4][0xd3][0xf6][0xc2]/[0xff]V~_[0xf6][0x1][0xf6]Wn[0xa1]r[0x9][0x8a][0x2]-[0x1a]A[0x97][0xe0][0xf1][0xda][0xc][0xd7][0xa6])7[0xeb][0xda].I[0xd9][0xa1]W[0xcc]G[0x83][0xe9]D0[0xf2][\r][0xc4][0xda]`8[0xc1][0xdd]([0xda][0x8e]^=[0xf7][0x8e][0x18][0xa9][0xdb][0xde][0xe4][0xf6]M&[0xf6][0xe8][0xef][0x9a][0xb1][0xd7][0xbd][0x14][0x84]\[0xc6]`[0x6][0xb7] [0x15]9[0xdc][0xf0][0xab][0xfc]cBs[0x0][0xe]v[0xa5][\n]"
05:56:02.484 [main] DEBUG org.apache.http.wire -  >> "[0xba][0x94]w[0x82][0x9e][0xa0]N[0xbd][0x94][0x9e][0xc8]Zd?|q[0xf7]#&[0xd7]y7[0x81]Y[0xaf][0x99][0x99][0x80][0x6]X[0x93][0xf9][0xb2][0x93][0xb1][0xea][0xdf]+[0xca]Ij[0xfd]<Y[0x6][0xb7][0x9d][0xad]k[0x80]\[0xf7]Br[\n]"
05:56:02.484 [main] DEBUG org.apache.http.wire -  >> "[0xec][0x9c][0xbe]lP[0x8b][0xd8][0x18][0x1d][0x98][0xd9][0xf1][0xdc][0x3][0xaf]{[0xc3][0xbb][0xec][0x9a][0x96][0xb3]@v[0xeb][0x11][0xfb]8[0xbf]D[0xba][0x15]A[0xb7][0xcd][0xa8][0xa2][0xa1][0xb7][0x81]<[0xc6]ga"[0xec],;[0x8a]([0xd7][0x83][0xcc][0xff]N"[0xdb]C[0x1a][0x8c][0xcf][0xc5][0xe0]^[0xc0]@/*[0xf7]k[0xa8][0x81]D[0xfb])![0x8b][0x8][0xba].[0xee][0x88][0xa1][0x1d]bW[0xac][0xad],?g[0xf6]$*[0xb4]n[0x96][0xda][0xa3]>[0xd3]U[0xa2][0xba]([0xa1][0xb1][0xfc][0x9a][0xde][0x8c][0xd4]dL'b`[0xf1][0xa6][0x3][0x88][0xbd][0xe9][0xf5]v)w_[0x89]g_[0xb0][0xe7][0xe6][0xb3]v[0xfb][0xf3][0x94][0xdf]y[0xa6][0x93][0x81]$[0xb][0xd0][0xe1][0xa5][0x83]'[0xba]w[0xa7][0x10]%[0xa0][0xda][0xd8][0xc1][0xd0]a[0xd1][0xe0]cr[0xd6][0x92][0xd7];[\r]q[0xb3][0x85][0xd7]w[0x1d][0x1e][0xe2][0xc6][0xac][0xe3]C[0x87][0x16][0xd3]J[0xd1]Z}[0xfe]^[0x92]PX[0x9b][0xf1][0xbb][0xa0][0xdd][0xd6][0xac][0x83][0x0][0x8][0xef]Fv,d[0x9a][0x92]&[0x99][0x80][0xd0]n[0xb6]'[0xf4][0xa1][0xd1]0[0x91][0xb4][0x9f]x[0xa9][0x84]3[0x9][0xed][0x85]1E[0xa3][0x17]A[0xe7][\r][0xf6][0x83][0xd4]Y[0xe0]^[0xfd]kW[0xa7]![0xe6][0xe0]q[0xa2]QL'[0xb7][0xa7][0xcf][0x81]}\[0x1b][J[0xae][0xf4][0x95][0xf2][0x1f]+[0x93][0xe2]=lb[0xc1];[0xc7]s[0x81][0xa7][0xac]L[0x1]p[0xb4][0xe7][0xf2][0xa2][0x8][0xb9]~[0x87]`[0xa0][0xc5][0xbb][0xec][0x9a][0x96][0xb3]@[0xb6][0xa5][0xe1]G<[0x9e][0x86][0xcb][0x89][0x1f]wX[0x8][0xce]u/[0xeb][0xb3][0xaf][0xd8][0xae]Z[0xae][0xa5]%[0xc6][0xb3][0xfb][0x99]I#n[0x0][[0x17]~[0x83][0xc8]H[0x99]rTP[0x9b]x;[0xb2]o[0xb8]`Nvj[0xaf]1pn[0xd1][0xb4]`[0xe]B[0x12][0xcc]d[0xdc]d[0x9e]j[0x87][0xe0][0xba][0xf3] t[0xa7]<[0xf6]([0xf7]xI[0xea][0xdc] j[0xbf][0xf9]6{[0x1f][0xc8][0x88]>[0xca][0x1e][0x8d]#[0xb][0xfb][0xe6][0xb][0x88][0xdd][0x8d][0xe5][0x8]^[0xb7]~[0xe6][0x97][0xeb][0x1][0xe7],Ty[0xd8][0xc4]G [0xd8]A[0xa3][0xd1]-7[0x9d][0x18]e[0xef][0x4]ta%[0x80][0x84][0x15][0xf8][0x95][0xa4][0x98][0xec][0xfd][0x8a]S[0x99][0xa9][0x12][0xaa]:[0x2]q/[0x89][m}[0xb0][0xe9][0x92][0xac][0x8d]M[0xa5][0x18][0x5][0xa0][0xd6][0xc]&@j[0xaa][0xeb]a[0x1a]L0[0x8d][0x19][0x5][0x9e][0x90]t[0x18]v&[0xee][0xc2][0xea][0xa4]B[0x11][0x84][0x82]UlU[0xaf][0xf2][0xcf][0xc1][0x95],[0xba][\r][0xe3]s[0x12][0xb1][0xa8][0x1c]Ns&[0xd1],[0xcf]RQ[0x16][0xf7][0xf5](L[0x83]W[0x1]P`[0xb2][0xb1]"[0xad]s[0x88][0x93]e[0xf0]6[0xa0][0x5][0xcf]n[0xcd][0x86][0xb7].[0x9a][0x0]d[0xbd][0x80][0xd3][0x85][0xa8][0xa7][0x0][0xce]z[0xad][0x9][0x8]i[0xc][\r][0xc7][0xa7][0xa1]0[0x0]k[0x5]7w[0xe7]=+[0xf8]m[0xf7][0xc2][0xed][0xe9][0xbb][0xef][0xb3]kZ[0xae][0xc][0xc0][0x1c][0xa4][0xf1][0xf1][0x1c]4_([0xa3][0x13]0'=[0xd7]P7+k[0xd1][0x5][0xc2][0xf3][0xfc][0x93][0xd9]@[0x9e][0xc3][0xb5][0xe6][0xf1][0xca][0x9b]a[0xad][0x88][0xd7]$[0xdb][0xea][0xc][0x1c][0xb8]\*[0xfe][0xb6]f0[0xd2]Eq[0xac]s[0xaf]Y\[0xae][0x14][0x9e][0x15][0x7]d[0xdd](iQ_[0x1c][0x82][0x86]>[0xbb][0xfb][0xb0]y[0xf3][0xb0][0xcb]F[0xb][0xf3]3[0xfb]{[0x94][0x7]w[0xf9][0xfa][0xa9]K[0xb9][0xeb][0xca][0x8b][0x9f][0xf9]-{[0xe1]S76[0xb7]bo[0x1b][0xe8][0xf2][0xe3][0x1e][0xc5][0xfe][0xaf]([0xac][0xcb]5[0xb9][0x3][0x6]c8[0xe7]}O[0x9d][0x8][0xf7]`[0xbb][0xc0][0x9]*}[0xd9]Vv[0x0][0xab][0x18]U[0x18][0xe1][0x15][0xae][0xcb]P[0xf0]s[0xa9][0x8b][0xef]jlA[0x10]Wg"*[0xfb][0xe1][0xbe]&[0xfc][0xb5][0xfc][0x9a][0xd1]@[0xf5][0xd9][0x11][0x81][0xa2]D[0xb9]6b)[0x1f][0xa2][p[0xf7][0xa9]|[0xfb][0x1c]<[0xea][0x10][0xfd][0xd0][0xf2]%[0xb1])[0x13][0xf9][0xc7][0xb9][0x8d]R[0x86][0xb8][0x6][0x8f][0xbf][0xf2]"[0xe9][0x87][0xd4]A[0xd6][0x86]|v[0x9e][0xf2][0xcf]v8s[0xbb]X[0xdd][0xa4][0xd5]0[0xfb][0xf2]5[0x97]U[0xdf].[0xee]B7q+.[0xc0]}[0xc2][0xfa][0xea][0x9a]s[0x0]*[0xc6][0x3][0xf4][0xd8][0xbd][0x7]d[0xfd][0xba][0xaa][0xaf]R [0xb4]i[0xb1],[0xfc][0x18][0xf8]?[0x3][0x95][0xed][0xf3].[0xcb][0x86][0xfa][0xc0][0x9a][0xc6][0xa8][0x9f]=[0x18]Kp[0xc8][0x82][0xba]T\v[[0xef][0xba]@[0xfb][0x3]H[\n]"
05:56:02.484 [main] DEBUG org.apache.http.wire -  >> "JQ[0x7][0x84][0xc7][0xcb][0xac]c[0x8f][0xad][0xae][0x85]2qZ3U[0xa7][0x9b][0x8d][0x8c][0xc5][0xce][0x86]=S[0x98][0x1][0xaa]V[0xdd][0xc9]U[0xf1][0xe6]7^[0x92];[0xee][0xb2]r[0x4][0xae][0xe7][0xff][0xab][0xcf][0xd9][0x8b]O[0xfd][0x9e]b[0x93][0x19][0xbc]d[0xab][0xd2][0x0][0x9c][0x95][0xe2]C5[0x86]p/,"m[0xc3][0x10][0xe4][0xb5][0x80][0x8e]B[0x88][0xf8][0x98]u[0xd8][0x1e]C[0xc8]L[0xb9][0x88][0x2]p[0x12][0xd2][0xb6]-}[0xea]L[0xc4][0xfc][0xd3][0x0]i[0xc6][0xa4][0xd9][0x94][0xab][0xfa][0x8c][0x87][0xde][0xe0][0x1b][0x1d]U.[0xdb][0x96][0xfa]y[0xb7]x)[0xac]'+[0xdc][0x4][0x0]R[0xc8][0x9b]mMC5[0xc6][0x1f]6R[0xde]~[0xdc][0xf]b[0xe5][0xf5]9[0xc8]N[0xf3]_&[0x98][0x99]i[0xf6]0[0xc6][0xda][0x90][0xdb][0xc8][0xd7][0x9e][0x1e]&|d[0xac][0x91]}&[0xb1][0xee][0xfe][0x9e][0x91][0xff]+[0xf0][0xaa][0xe5][0x1f][0xd3]r[0xa5][0xb2][0xe8]*[0xad][0x19][0x19][0xea](c N[0x80][0xa9][0x0][0xfd]$[0xfb]q[0xfd],e{[0x16]m[0xc6][0xe9][0xde]l[0xff][0xe9][0x17][0xbe][0xc3][0xae]a[0xb9]Rkni[0xf8]f[0xf9][0xb3].[0x0][0xaa][0xf2]'[0xf][0xcb][0xaa][0xa4][0xb6]'[0xc3][0xd7]Mh63m[0xc]>e[0xb9]g[0xdc]ROM[0xb7][0xb5][0xe5]|[0xad]O5[0x7]O[0x8e][0xc6][[0xb5]Y[0x8]`[0xb7][0xad][0x1d][0x18][0xfa]ddO6[0x96][0xe]w[0x1f][0xbc][0xe5]N[0x9e][0x96]qCG,[0x1a][0xd9]Q[0xa7][0xee][0x81]jZ[0xad][0xee][0xc3][0xc4][0xde].;[0xbe][0xb9][0xe3][0xe1][0x87][0xec]R[0xee][0x9e][0x12]_|[0xce][0x9e][0xff][0xc4]/[0xd9][0xfe][0x8f][0x9e][0x11][0x8b][0x1e][0xcf]Wa_u [0xac][0x8b]#[0xcd][0x7]|%[0x95][0xa0]K[0xe]QHF[0x2][0xcc][0xa7][0xe4]d.[0xca][0x97]L[0x8f][0xdf][0xb3][0x7][0xee][0xbd][0x93]mi[0xdc][0xda][0x99]Q[0xbb][0xad][0xe2]p[0xe7][0xb4][0xec]^[0x1c][0xe6]H[0x8a][0xaa][0xac][0xbb][0xa4]$[0xbc]'[0xd3][0xf8][0x93][0x1d]v[0xa7][0x90]e[0xc8][0x11][0xaf][0x88][0xa7][0x9][0x1e][0x98][0xa7][0xcc]09uqq>[0x84][0x89][0xf8][0xa2][0xb8][0x9d][0xe2][0x14][0x82][0xf8]6h[0xa9][0x2][0xf0][0x12]OG[0xfc]K[0xe5][0xc0]>f[0x3]wm[0xb0][0xef]g[0x81][0x15][0x10][\n]"
05:56:02.484 [main] DEBUG org.apache.http.wire -  >> "[0xb5]T[0xc7]qc[0xcb][0xff][0x99][0xcf]H[0x9d][0xb7][0x97]('`[0x85]cg[0x12]:P[0xbf][0xc3][0x10]?1[0xb2]{Np[0xdf][0xb9][0xd7]_=[0xf0][0xfc][0x8b][0xef][0xb2]kX[0xbe][0x8a][0xf9][0x1f][0x1f][[0xd9][0x94]mK[0x84][0xe5]s[0xfa][0x3][0xfb][0x8d][0x5][0xf9][0xea][0x99]6[0xf9]N[0x97][0x83]B[0x98]L,[0x96][0xc0]pI[0xa0][0x7][0xed][0x1f][0x80]e[0xca][0xba]l[0xec]@[0x0]5{5[0xec]P[0xb1]fxM[0x1f]_[0x9e][0xfc][0xef][0x85][0xed][0xeb][0x87][0xbe]n[0x8c]fsm[0xb9][0xb6]U#[0x1b]>[0xa6][0x2]*g[0x1][0xc7][0x7][0xb5][0xb5]}=[0xb2][0xb0]o[0xba][0xc4][0xc5][0xee][0xa6]r[0xe7]7[0xff][0xd0][0x9e][0xff][0xe7]On[0xc9][0x1d]e[0xad]P[[0xfa][\n]"
05:56:02.484 [main] DEBUG org.apache.http.wire -  >> "6![0xc1][0xa9]*[0xba][0xbe][0xdb].+[0xa8][0xc8]}[0x3][0xdd][0x9f]X1[0x1e][0xf2]W[0xf5][0x13][0xf5].[0xc1][0xd5]iM[0xa0][0xa2]WC[0xca][0xfc]N[0xa5]Ew[[0xc1]e[0x13]5[0x2]2[0xfa][0x10]43[0x8b][0xd1]l[0xa7][0xf6][0xdc][0xe4][0x14][0xfb][0xba].[0xeb][0x8b][0x9e][0x18][0x17][0xfa][0xa3][0x3][0xea][0xf]n[\n]"
05:56:02.484 [main] DEBUG org.apache.http.wire -  >> "$[\r]R[0x83]E[0xc0][0xdb][0xe2][0x93][0xda][0x6][0x9e][0xf5][0xdc]d[0x8c][0xb1]kau4[0x15][0xaa]NoupV[0xfe][0xd5][0xf9][0xe9]0nky[0xce][0xcc]|a[0xa9]WLD[0xd9][0xdd]y[0xf9][0xf][0x89][0x3]Jn[0x1]4[0xe3]Y@[0x3]q[0x10][0x96][0xb5]^w[0xc6][0x10][0xd8][0xda]8[0x97][0x18]r[0xee][0x11][0x0];3[0xc0][0xc3][0xa5]o[0xb3]kX^[0x12][0xc8][0xee][0xec][0x1e][0xfc][0xcf][0xa0][0xce]S[0x96][0xcf][0xe8]u[0x14]u1G[0xa7][\n]"
05:56:02.484 [main] DEBUG org.apache.http.wire -  >> "[0x5][0x8e]y[0xdf][0xd7][0x96][0x10][0x9e][0xfb][0xe0]),,[0xc4][0xa7][0xa8]S1[0x1e]4E[0xb3]V[0xd6]6[0x4]3[0xc5]o[0xec][0x0]^[0xd9][0x10][0xdd]\o*[0xb0][0xb8]z[0xda]eX5[0x9b][0xf2]q}[0x13][0x8][0xa5]4[0xd4][0xbd]H[0x1e][0x99]#[0x89][0x2][0xce]T[0x1e]Q[0xfd][0xc0][0x85]z[0xd3][0x9f][0xbe][0xc4][0xc5][0xee][0xa6][0xf2][0xe2][0x93][0xbf]c/|[0xf2][0xa9][0xed][0x8d][0x1d],[0xb0]Y[0xa0][0x82][0xac]_[0x12][0xb0][0x82][0x98][0xb2]([0xc4][0x99][0xca][0x19]f[0x9d]<[0xc5][0x8a]k[0xdb][0x95]{Qt[\r]b\]G^?Qru[0xe7][0x85]OW[0xa4]A?{[\r]`[0xeb][0xc3]ndH[0xe2][0xaf][0x17][0x8e][0xf5][0xa0]S[0xe]R[0x17][0x9f][0xc8][0xbf]2A[0xc4][0xb1]BS}[0x1d][0x6][0x0]d[0x11][0xf7][0xa5]1[0x1a][0x6]oN[\n]"
05:56:02.484 [main] DEBUG org.apache.http.wire -  >> "?b[0xcf]U[0x7]cR:[0x16][0x13][0xf9]w[0xd5][0xc3][0xcd][0xbc]\[0xe2][0xed][0xd5]oc[0xc2][0x4]>B[0xa2][0xb][0xb8][0xb7]zW[0xf2][0xef]=[\r][0xe2]:[0xf5][0xee]I[0x8c]9[0xc0]D[0xda][\n]"
05:56:02.484 [main] DEBUG org.apache.http.wire -  >> "([0x4][0xae]3n[0xbe][0x8a][0xcf]M[0x3]$8[0xe9][0xf0][0x6][0xc]wb[0xc][0xbb][0x0][0x6]V[0xb6][0xd1][0xa1][0x1b]V&[0xfb][0xd1][0xd7][0xe6]G_[0xf][0x1f][0xbe][0xc3][0xae]ayI ;[0xfe]j[0xf4]a[0xe6][0xbf][0x10].?[0x1][0x1][0x16]bc[0x95] [0xcb]i![0xb5][0xf][0xb9][0xff][0x81]H[0x5][0xb9]I[0xee][0xa0][0x8e][0xa0]v[0xad][0xce][0xcb][0x1b][0xd8][0x1a]<[0x98][0xa9]X[0x9b][0xf4][0xf8][0xef][0xce][0xc9][0xd5][0xdd][0xfb][0xfa][0x2]N[0xc3]+rR[0x8]\\[0xe8]s[0xcc][0x14][0xeb][0xed]|[0xbe][0x8d]<b=[0xc7]l/[0x93]6[0x1a]h[0xbd]D"[0xf2][0xaf][0xbb][0x9d]1[0xb9][\n]"
05:56:02.484 [main] DEBUG org.apache.http.wire -  >> "[0xe4][0xbe][0xe5][0x12][0x17][0xbb][J[0xbc]x[0xdb]^[0xf8]g[0x9f][0xb5][0xdb][0x9f][0xab][0xb7][0xd6][0xab][0x1a]u[0xc4][0xbd][0xe4][0x98][0xdc]j+<[0xd9]\[0xf3]&9[0xe2].[0xc]z[0x1d][\n]"
05:56:02.484 [main] DEBUG org.apache.http.wire -  >> "[0xb4]h[0xe3][0xd0][0xa8]k[0xc6][0x94][0xf6]\ N[0x16]&[0x8e][0x9]v7T[0xd8][0xdc][0x17][0x90][0x13][0xa5]?F![0xfb]3[0xb1].[0xa0][0xf]k[0x18][0x9][0xa6].[0x9a][0xdb]}@q[0xa1][0x11]\g[0xa7][0xf1][0x19]}[0xf8][0xb7]L[0xbc][0xa6]RA[0xe4][0xe6]=H[0xe1]w[0xcc][0x9d][0x89][0xd1][0xe9][0xa5][0x12]2[0x92][0x9e][0xef]q[0xac]7z[0xe8][0xa8][0x8][0x9c][0xe8]%[0x80][0xca][0x84][0x95]E-[0x1a][0x99]%[0x8d]a[0xdb][0xea][0xf4]e5[0xdd][0xc9]>[0x81][0x1e][0xcc]t[0xd4][0xf6][0xdd][0xed]l[0x82][0x87]&[0xbf][0x99][0xd1][0xfb][0xc3][0xb9]B([0xc5][0xac][0xc7]{.[0xf6]([0xf3][0xab][0xba][0xee]\;[0xb][0xcd][0xe7]}<o[0xad][0xcc][0xe][0xff]\[0xcb]w.~U[\r][0xba][0xdf][0xef][0xff][0xf3][0xc5][0xae][0xa8]U[0xa5][0x12]o[0xab][0xe7]xn[0x1f]=[0xf1][0xd1][0x81]e[0xda]0%[0xcd][0x90]D[0x11][0xa1][0xb9][\r][0xb5][0xbd][0xb1][0xd8][0x16]L[0xb5][0xd0];[0xc2][0xd6]W%[0x96][0x95]g>[0xc1][0xa8][0x84]"m[0xc1][0xd0][0xe3][0xa6][0x96][0x8c][0x6][0x97][0x17];[0xc][0xdd]0:PZHh[\r]2[0xf9]#[0xb4][0x8a]n[0xeb]X[0xde][0xf0]:[0xb3][0xd7]?l[0x97][0xf2][0xda][0x97]x[0xf6]y{[0xfe][0xa7][0xc9][0xee][0xfc][0xe1]3&[0x1a][0xc0]j[0xc7][0x4][0xbe][0xce][0xcc][0xb8]V[0xc6]&[0x8f]C[0xea]z[0xf7]&- [0xc4]sZY[0xed][0xb4][0xd9][0xbb]7[0xad][0xec]&r[0xfa][0xdc][0x8a]S[0xcb]:R"L[0x1e][0x9b][0x91]k+6[0x1c][0x3][0x1d][0xb9]?K}G[0xf9][0xf][0xc][0x9e]=[0xdc]O[0x8d][0x8f][0xe7][0xc8][0x16])-[0x10]+C[0xb5][0xd0]+u[0x81][0xb7]2[0xe5][0xeb][0xa7][0xb6]/;F[0xe8][0xc2]N[0x99]JJ[0x93][0xab][0xab][0xaf][0xc1][0xb0][0x91][0xa5]V#[0x96]H![0x95]T[0xda][0x94]*[0xe7]5[0xc0]([0x96][0x16]:[0xd1][0x88]&R[0xfe]{[0xf2][0xad][0xae][0xab][0x8a][0xca][0xb0][0xaf]q[0x9a][0xe6][0x90]X[0xc9][0xff][0xd5][0xf8][0x83]y[0xa3]a/[0x9f][0xe1][0x8a][0xd4]q[0xf8][0xdc] [0xe6][0xd2][0xce]U[0xd7][0xd0][0x88]P[0x80][0x93][0xe3][0xad][0x8b]e[0xac][0x11][0xdf]b[0xd7][0xb0]|u {[0xf0][0xa1][0x9f]0[\r]XV*[0xae]Y[0xef][0x90][0xe]`/[0xd6][0x6][0xe6][0xba]q[0xa4][0xf2][0xe2]-[0x17]y[0x1f]m[0x88][0xe9]>[0xd1][0x4][\r]Y[0xdc][0xd6][0x13][0xb5][0xd5]*bl[0xe5][0xaf]N[0xe9][0xa2]Ec[0x10]"X[0xc3]m[0x1]y[0x9c][0xac]9l8Z[0x8e][0xaa],[0xda][0xad][0x80][0xec]F[0xb3][0xb5][0x86]0S_[0xb6][0xc6][0xec]|[0xee][0xa4][0xad][0xad][0xe3][0xcb][0x80]/[0xf]=[0xdf][0x15]e[0xff][0x7]_[0xb2][0xe7][0xff][0xc9]g[0xcc][0xe]`v,[0x1d][0x97]*=X[0xf][0x14]O[0xb3];[0x94]j[0x7][\r][0xb1][0xa0]S[0xbc][0x8a][0xc4]}[0xcd][0xaa].A[0xe][0xc3][0xf6][0xe5]e[0xd1][0xf7][0xa5]7[0x10][0xc0]DiRlk[0xfd][0x19]zLbq[0xd4][0xbc]f[0xfa][h[0xb6][0xaa]7Xc4>[0xb3][0xcd][0x4]5[0xeb]([0x80];[0xdf]yA[0xd6][0x11][0x94][[0x97]q[0x97][0x14][0x97][0xa2]l[0xeb][0xb3][0xbc][0x8f][\n]"
05:56:02.485 [main] DEBUG org.apache.http.wire -  >> "rb[0x3][0xc]=[0xe2]"[0xff][0xb3][0xb7][0xc5][0xc4][0xc][0xb6]-[0x96]K=BP@%[0xda][0x15][0x93]O[0x94][0x96][0xd0][0xd8]i[0x91]0[0x82][0xc1][0xe0][0xce]Y[0xcd][0xf9]=S[0xe9][0x80][0x96][0xff][0x90]s[0xe7][0x1b]+[0xad][0xf1][0x92][0xe7]V@[0xe4]sa[0xd2][0xbf][0x1]b[0x92][0xd7][0xa0] [0x85][0xfa][0x10]/[0x1b]/[0xae][0xc0][0xad]fo[0xb3]kX[0xbe]*[0x90][0xdd]~[0xe8][0xf6][0xa7][0xe][0x13][0xf3][0x85][0xe1][0x1f][0xe]Y[0xb2]m[0x87][0xec][0xcf][0x9][0x13]>[0x85]+[0xb9]M[0xd0][\n]"
05:56:02.485 [main] DEBUG org.apache.http.wire -  >> "[0xf8]~[0xb];[0xb6][0x2][0xc0]QK[0x82]o[0xdf]0[0x13][0x80]a[N[0x8d][0x80][0x12][\r][0x9b][0xba][0xe0][0xb4]X[0xe0][0xff][0xb6]X3{[0xc][0xc2][0x6]pm[0xd1]f][0xc5][0x89][0xc5]7[0xfd][0xdd][0xb4][0x97]i]U[0x1f]0lh[0x95]m[0x13]}[0xd3]#[0x17][0x97][0xe2]]P[0xee][0xfc][0xda][0xef]m[0xee]D;[0xb8][0x15]Y[0x1c])[0xef]0RMT[0xa2][0xf5][0xc6][0xc0][0x1e][0xae][0xf5].2[0x3][0xf7][0xfb][0xa2][0x80][0xda][0xab][0xb0][0xea]A[0x17][0x6]6[0x14]R1([0x0]X[0x8c][0xba][0xa2][0x5]g[0xc6][0xaa]YQ[0x81][0x9e][0xcb])[0x97][0xf6][0x2]`[0x89]k[0x7][0xfb]#2[0xa4][0x9b][0xd1]|[0xb0][0xc4][0xfa][0x13]p[0xa1][0xf9]`Z:[0x90][0xf2]S.[0xda]?[0x81][0xad][0xa4][0x97][0x6]B[0x0][0xfb]D[0xde][0xa1][0xf][0xea]/[0xa5][0xd0][0x9d]1[0xb5]Q[0xa2][0x83]|[0xb0][0x8d][0xf3][0x1f][0xe7][0xfb][0x18]w[0xbd]^[0xa7][0x90][0x84][0xc8][0x1f][0xcd][0xc]3[0x9b][0x99][0x87]]7[0xfb]U[0x0]_g[0xae][0x90]$[0xa6][\r][0xe0][0xaa][0xfb]8&[0xd9]#[0xce]sK[0x96][0xe2][0x89]{p9[0x8e][\r]R[0xff][0xad]m[0xd6]w[0xd5][0x93][0xd7]1[0x5][0xff][0xab]j[0xd2][0xe3][>[0xe][0xd3][0xfb][0x9f]o_[0xe8]v[0xf3][0xd8][0x8d]H[0xa6][0x87]lXX[0xa4]8[0xbf]};gr4[0x8b]j[0xb]HcOm[0xc1][0xc5][0x10]n[0x15]0>@j[0xae]n[0x8b][0xf6]F[0xbf]f.[\r]a[0xa0][0xe1][0x0][0x98][0x10][0x4][0xe]f[0xa5][0x95][0xeb][0xb3]vG[0xda]s[0xee][0x16][0xdd]D[0xdd]B4[0xce][0xe8]_+>S[0xab][0x8c][0xf2][0xf1][0xc8][0xc1][0x9d][0xf8][0xfa][0xd7][0xd9][0xa5][0xbc][0xb6][0xe5][0xf6][0xa7][0x9f][0xb6][0x17][0xf][0xff]eql[0xad][0xd8]2[0xf4][0x8e]%N[0xf4][0xb2][0xab][0xd9]4[0xdd]a`[0xf9][0xb8]u_[0x80]f[0xe3][\r]l[0xa5]?[0x85][0xd8][0xad]Z[0x17]n[0x9f][0xf6]J[0xa4][0xc2]uz[0xc1][0xcc][0xfa]i[0x94][0xa0][0xef] [0x9d]a[0xe][0xc6]vN[0xe0][0xaa][0xfe]n1[0xca][0xdf]hEpLz[0xda][0xca][0xae][\r][0xfe][0x96][0xd7]d[0x91][0xc2]"[0xf][0x95]q/[0x16][0xb][0xd0][0xc9][0xc4][0xd0][0x8b][0xe6][0x9d][0x8d][0xf3]P[0x9a][0x91]pV[0xd7][0xb3][0xff][0x8e][0x17][0x1f][0xb4][0xfc][0x7][0xff][0x1f]04[0x81],[0x1d]3[0xa0]e[0xd2][0xd8][0xcc]6]^[0xc7][0xa7]q$[0x1][0xa6][0xa2]I[0x1d]A[0xcc][0xf5]F[0xac]p[0xcc][0xbc]fB[0xd3][0x85][0xa8][0xe3][0xf4][0xe9]2U[0x80][0x19]ea][\n]"
05:56:02.485 [main] DEBUG org.apache.http.wire -  >> "p[0xe3][0x98][0xd4][0xa9][0xc7][0x0]V|Q[0xf0]4[0xc2][0xc7]uv[\r][0xcb][0xd7]J[0x9]>J[0xbf]j~_r[0xdd]C[0xa2][0x9d]j%[0xc5][0x9][0x84][0xb5]e[0xd0]2c[0xe5][0x1a]D][0x85]3[0xe7][0xc0][0xf][0xc1]d3s[0x5])[0xc3]S[0xfc][0x83]7[0x95][0x2][0x8][0x8d][0xb1][0xf1][0xd4][0xac]][0x9f];[0x81][0xef][0x9c]Mv[0xdf][0xad][0xc0][0xac][0xb6][0xb2]Xj[0x9]f[0xdb][0xb1]([0xc6]ynKl[0x17]_~[0xe9][0xf9]5-[R[0xc7]?[0xfd][0xe5][0x8d][0x8d][0xc9]QB[0x15]t^4[0x8b][0x8a]hcX[0xcc][0x94]*[0xbd][0xe3][0xa3][0xad]r7[0xba][0xaa]g& [0xde][0x98]a[0x86][0xc4][\r][0x83][0x8]m_[0xd3]+h4[0x9a][0xdc]L[0xdc]~j[0x1e]j[0x93]h[0xb6]>0)DUSc[0x6],[0xc8]"*[0xe5][0x8d][0xf][0x99][0x8b][0x98]}[0xb3][0x10][0xeb][0xd2]b[0xf5][0x9b]C9[0xf3][0xb3][0xcf][0x99][0xe5][0xdf][0x82]Nq[0xac][0xd6]=[0xc3]f`[0xbc][0xcd][0xf4][0xa8][0xd7]q"[0xa8][0x84] [0xa2][0xfe]7[0x14]1cM[0x1a]3[0xc][0xde][0x81])S[0xc5]f%[0xbf][0x8a][0xa8][0xe5][0xd9][0x11][0xa3][0x3][0xa1][0x86][0xa0]>*c[0x16]h[0xbf]([0xbd][0x18][0xac][0xaa]v[0x86][0x9f][0x0][0x8e]|[0xdf][0xea]8[0x93]y[0x18][0xad][0x86]Nt[0xda][0x18][0xf7][0x19][0xb7][0xe6][0xb1][\r][0xbc]([0xd8][0xce][0xb1][0xd1]*[0xf][0xbe]p[0xeb]mv[0xcd][0xca][0xd7][0x4]d[0xf9]pt|Q] [0xa3][0xb8]o?[0xce][0xe7][0x0][0x18][0xd8][0xb][0xd6][0xd6]Y][0x99][0x8e][0xfb][0xa0][0xec][0xd3];i[0xc8]vR[0x9b]c]LC]%[0x12][0xde][0x1e]tsq[0x93][0xcf][0x1b]|[0xf8][0x86][0xb0]o}[0xf6][0xbc][0xcd]@[0x12]6[0x2][0xe3][0xc8]h~T[0xaf][0x9d][0xc1]gX\cS[0x15][0xbc][0xb6][0xe9]X[0xb7][0x1d][0xca][0x9b]..[0xc5][0xd7][0xb2][0x1c][0x93]:^[0xfc][0xa9]_[0xb4][0xf8][0xc3]/[0xb5]mO[0x1b]*[0xf5]L[0xbb][0xe0][0xf0][0x1f][0xf1][0xc1]Mt[0x1c][0x14]:[0x1f][0xeb][0xf0]6[0xc8][0xb6]][0x1a][0x88][0xa7][0x8a]{[0x2]5[0xd4]U[0xad],K~$[0xc6][0xb6][0xdf][0xc3][0xb5].[0x96][0x95][0xa2]Bg0[0xe2][0x1c][0xc1]g[0x0]f[0x98][0x10]$[0x8c][0xd1][\r]6eZ[0x8d]>Q[0xa0][0xde][0x0][0xa2][0xfc][0xc7][0x16]/>/[0xcd][0xff][0x9c]q[0xe8]l=[0xba][0x97]4n[0xe7]#,L:[0xd8][0xfe][0x89][0xf0][0x99]f[0x89][0xb7][0xf8]l[0xab][0xa1][0x9c][0xf2][0xdf][0xa0]k[\n]"
05:56:02.485 [main] DEBUG org.apache.http.wire -  >> "[0xb0][0xd5][0xf6]4ZU[0x9f]d[0x17][0x15]S[\r]"
05:56:02.485 [main] DEBUG org.apache.http.wire -  >> "A[0xc9]4c[0x9c][0x80]!,[0x6][0xc9]b=[0xe5][0xe8]C[0xb6][0xcf]p[0x88]&U[0x98][0x1a][0xf1]h~[0x2][0x9c][0xf6]s[0x97]/g[0xb5][0x1]V>^[0xb0][0xfc]U[0x93]Ip[0x8f][0xa6][0xf7][0xfb][0x2][0xb4][0xe7][0xc0][0xf0]v<[0x18]v[0xcd][0xca][0xd7][0xae]Q[0xf7][0xf6]1[0xc8][0x84][0x9d][0x19][0xfc]q[0xd2][0xf1]{d[0x8][0xe8]&[0x9c][0x99][0x9][0x18][0xd1][0x97]N[0xcc][0x1][0xd3]g[0xd6]L[0xe1][0x89][0x6]y[(b[0xbe]E[0xa1][0xd8][0x1b][0xfd][0xe6]m=[0xa5]l[0xd0]>[0x16][0xeb]i;[0x12]#e[0xac][0xda](7&[0xab][0xca]+[0xcb]B[0xc]}[0xe6][0xad]e[0x1e][0xd5][0xdf]>e[0xcf][0xa9]g[0xfc][0xc1]K[0x82][0xc7]kY[0xe2][0xe6][0xb3][0xf6][0xe2]?[0xfe][0xb4][0xc5]W[0x9e][0xaf]e[0x86]-o[0xd8][0xf][0xde]G[0xac][0xd8][0x8a][0x19]r$j[0xc1]}[0xa7]~i[0xaa][0xd5][0xf0]~KF[0x8][0x9]BC[0x1a][0x8f]=V[0xbb][0x1b]J[0x8e][0x17][0xe2][0x15]R^[0x9f][0x3][0xe1]!k[0x1f]E4X[0xd5][0xee]v[0x1f][0x9d])[0xc0],6h[0x89][0x9][0xb8][0xc4][0xc9]0:[0x13]0[0xf5]wX3[0x97]a[0x84][0x8d][0xf8]X[0xc4][0x9][0x18][0x18][0xa8]j[0xc7]a[0x8a][0x9d]l'w[0xbb][0x13][0xf9][0xb7]2j[0x8d][\n]"
05:56:02.485 [main] DEBUG org.apache.http.wire -  >> "\[0xe5][0xa7][0xf2][0xb8][0x12][0x1e]`4.[0xed]nG[0x1c][0xcf]}[0xf6][0xc1][0x9e]y1[0x1e][0x1c]l[0x8e][0xd2]l|3O[0x19][0xac][0xcd][0xd8]J[0x14][0xc8][0x9b][0xf][0x6][0xe3][0x8c]][0x88]~[0xb0][0xa3][0xd5][0xe1]2[0xf1]#$2[0x1e]D[0xf6]N6[0x91][0xc5][0x8a][0x1]L>[0x13]Epl[0xe9]G[0x88]n<[0xb]H[0x98]#<[0x97]wB[\n]"
05:56:02.485 [main] DEBUG org.apache.http.wire -  >> "l[0x18][0x6],[0xf][0xfa][0xed][0xaf][0x1]![0xef][0xae][0xf2]5[0x3][0xd9]a[0x8e]?N[[0xf3]$I[0xc2] u[0xc]}[0xcb][0x8d][0xeb][0x84][0xd3][0x12])[0x83][0x11][0xab][0x17]dY[\r][0x98][0x86][0x87][0x94][0xb1][0xa9]:[0xbe][0x8d][0xfa][0xad][0x85][0xba][0xb6];N[0xf7][0xe2][0xe6]'[0x86][0xf1],[0xd6]`'[0xff][0xf2][0x1e]Yr[0x88]UW5[0x9e][0xb6][0xb7]8nb[0xf7][0x13]W[0xe8]ZQ[0xbc][0xf1][0x11][0xbb][0x94][0xd7][0xa6][0xdc][0xb9][0xf1][0xfb][0xf6][0xc2]?[0xfe][0x94][0xc5][0xb][0x99][0xd4][0x1][0xa6]$[0x8a][0x8f]1[0x94][0xd6]a[0xad][0xd0][0x18][0xcf]5+VS[0xa8][0xa0][0xe0][0xd1][0x9f][0xa2][0x8f]-:[0xa1]bQ[0xee][0xf2][0x80]3N[0x14][0xb9][0x9b][0xf7]h,[0xcc][0x8d][0xaa][0xd3][0xad][0xbc][\n]"
05:56:02.486 [main] DEBUG org.apache.http.wire -  >> "[0xc5][0x1d][0x92][0x8c][0x11]0[0x9b]%Fw2N[0x1e],[0xf3][0xee]7[0x91][0xdd][0xe0]I9[0x3][0x1c]%;mt6[0x1][0xf2][0x8e][0xd6][0x8d][0xad]8~[0x90][0xf][0xb0][0xad]V[0xf0][0x8d]y[0x9][0xe][0x99][0xbc]Qa[0x0][0xd3]_[0x9a]nP[0x89][0xd6],[0x94]?[0x9f][0xf2][0x8f][0xd3]K?2[0xf]'[0x8]>[0xdd][0xb8][0x99][0xb9][0x86][0xf][0x9c][0x14][0x9][0xb7][0xc3][0xaa][0x8][0xb6][0xab][0xa1][0x87]H#[0xf6][0x8a][0x98][0xd3]9[0x8f]R[0xea][0xb1]3[0xb8][0x13][0xed][0x9][0xd2]:[0xd2][0xac][0xba]"[0x1e]&[0xd7][0x9e][0x3][0xb3]s[0xc7][0xce][0x81][0xd7][0xec][0xc6][0xee][0xda][0xfd][0xc0][0xe6][0xd7][0xc]d[0x9b]{1[0xec][0xe6][0xf6][0xec][0xc7][0xa8]aW[0x12][0x89][0xbd][0x9d][0x9a][0x1e][0x96][0xc7]`;Z[0xdc][[0x1f][0xa0][0xe4]NQ\[0x11]Y[0x89][\n]"
05:56:02.486 [main] DEBUG org.apache.http.wire -  >> "L[0xe5]1[0x87]P[0xd3]'_[0x9b]Mcyk[0xf6][0x8e][0x80][0x19][0x14]@[0x9f][0xd3][\r]Q.[\r]G,[0xbc][0xbe][0x6][0x1b][0x84][0x1b][0xa5];Z}[0x90][0xad][0xcf]!m[0x13][0xf1][0xf0][0x83][0x97]g[0xc6]^[0xa3]r[0xfb][0x97]>o[0xb7][0xfe][0xd7][0xf3]K[0xc7]B[0xa9][0xe6][0x92][0xa2]T[0xaa]yKy[0x10][0xdb]Jy![0xe4]et[0xd9]q[0x7][0x84][0xab]^[0x94][0xb6][0xc5][0xa2]+[0xd5]8[0xc]-[0x1e]h<[0xc0][0x8d][0x82][0xab][0x86]}[[0xdd]-t[0xeb][0xac][0x8d][0xf0]q[0xf]>[0x8f][0xde]l;[0xdb][0xd7]=[0xab][0xa5][0x80][0xb1]R&2i[0xe2]T[0xdd]N[0x83]-[0xb3]yW[0xb0]6[0xef][0xc4][0x87]f;[0xe9]j[0xed]K[0xd8][0xf]1[\n]"
05:56:02.486 [main] DEBUG org.apache.http.wire -  >> "[0xcb][0x13]C[0xa6][0x93][0xdf][0x12][0xfc][0x2][0x8c][\n]"
05:56:02.486 [main] DEBUG org.apache.http.wire -  >> "[0xf2][0xef][0xfa][0xe0]p~7[0x86][0xbc][\n]"
05:56:02.486 [main] DEBUG org.apache.http.wire -  >> "[0xa2][0x96][0xbe][0xb9][0x4]/t[0x5][[0xfe][0xe5]urL[0xec]H[0x15][0xe0][0x3]`\[0xb1][0x99]G[0xc1][0xf9][0xe]=[0xd8][0x89]+P[0x92]@[0xa4]?[0xb4]@[0xd0][0xd6][0xf8]%[0xe7]*[0xfb]3H[0xa8][0xef]S[0xe4]1[0xed][0xe0]K[0xc4][0xc5]f=[0xfb][0x9b]v[0xcd][0xca][0xd7][0x15][0xac]9L[0xc3][0x87]M[0x16][0x86][0xc7]![0x8a]1[0xe][0xe6]VC[0x12]D[[0x10][0x86][0xc5]k4[0xc0][0xda][0xb5]-[0xc4]E[0x19].[0xbb][0xa2]k[0xe5][0xbb]w[0xc1][0x8e]:[0x8e][0xeb]YGg([0x99][0x91]r!$&VS[0xbb][x][0xab][0x1][0xb8]7\!J[0xfa]X[0xac]1[0xd4]T[0xad]{[0xf1][0x88][0x81][0x1d][0xdf][0xe0]q)[0xaf]z[0xb9][0xfd][0xc4]Sv[0xe7][0x97]?[0xcf][0xef][0xb0][0xa8][0x4]8[0xb6]M[0x98][0xc9]j[0xc3][0x85]f0[0x9e][0xa0]}[0x8f][0xb7][0xee][0x98][0xae][0xbb][0xc8][0x80]2o+[0xc0]3n[0xb0][0x98][0x14]%[0x1b][0xea]8[0x95][0xe2][0xab][0xb2]+3[0xd8]zC[0xb4][0xba][0xef]6[0xd0]K[0x9][0x97][0xaa]k1[0xd6][0xbd][0xfa][0x16][0xd2][0xf1][0x12][0x16]k[0x9a][0x81].[0xf2]][0xaa]5g`%[0x16]CE.n[0x92]41+r]1'[0xc8]{E[0x1d][0x2][0xf]0kG[0xf0][0xb8][0xcc][0x94][0xab][0x1e]I[0xa5][0xcd][0x83]}[0x98]s}[0xc][0x6]'[0x10]2z[0xac]1[0xa7]#[0xc7][0x8a][0xdb][0xbc][0xbf][0xd7][0xb5]j[0x1c]D[0xcd]q[0x19][0xe3][\r][0x12][0xad][0xaf][0xc4][0xb5][0xe3][0xa6]qs[0x13][0x10]B[0xac]m[0xd5][0x9d]K[0xd2]E[0x8e]xAF%[0x4][0xd6]`[0xb7];[0x13] c[0xbc][0xf6][0x8c][0xb]q[0xad]s[0xfc][0xb5][0x9][0xbe]v[\r][0xcb][0xd7][0x5]d[0x87][0x8b]?[0x96][0xd6]`O*[0xdd][0x86][0xc7]}[0xb1][0xcb][0xa0]kt[0xc][0xac][0xb6][0x96][0xb7][0x95][0xb4]X j0[0xc6][0xb4][0x90]l[0xb5]Nb[0x9][0xa4][0xaa][0xf2]p[0xd0]B[0xc7][0x8f]0[0x99][0xca][0xaa][0x8d]PD[0x4][0x3][0xd3]A[0xb6][0x18][0xa8][0x97][0xc1]i}^#[0x85][0x86]Vr[\n]"
05:56:02.486 [main] DEBUG org.apache.http.wire -  >> "[0xb2][0xc4][0xd4]b[0x8e]K[0x84][0xfc][0xf0][0xff]G^wI[0xf0]x[0x95][0xcb]13[0xf1][0xc5][0xc7]?cw~[0xf5]w[0xfb]X[0x88]?+[0x91]D[0xde][0xec][0xe2] [0xdf]`[0xe]n#[0xd3][\r][0x8a][0x18][0x97][0x4]u&[0xb6][0xdc]P[0x2][0xc8][0xcb][0xb][0xdc]{[0xbc]fGe[0x18]|wa[0xca][0x8c][0xec]Vh[0x14]j[0xc3][0xd4]M[0x14][0x14]&w,[0xf8]1[0x86]o[0x85][0xd1][0x85][0x16]mGj[0x1b]Y[0x1d][0xbd][0xac][0xed]a[0xb]D[0xb]K[0x8e][0xa2][0x10][0x97][0x18][0x3][0x10][\n]"
05:56:02.486 [main] DEBUG org.apache.http.wire -  >> "[0xeb]LB/o[0xcd][0xe0]T[0xdb][0xfd][0xe3]W[0xe0])[0x9f]5[0xed]8[0xec][0xd6]:#[0xd7]@`[0xa5][0x1][0xc2][0xe9][0xe6][0xf][0x1d][0xff][0xd6][0xa5][0xca]v.[0x4][0x9e][0xb3]BC!l[0xea][0x1f]oX[0x7][0xbb]$[0xb8][0xc8]qf@b[0xd2]jW[0xc8]Db.[0x86][0xee][0x11]PS@b[0xbd]K[0x1]P[0x9d][0xb8][0x19][0x85][0x81][0x1e][0xff][0xdb][0x8b][0xef]X[0x80]{[0xdc][0x13][0xe7]v[0xc6] [0x11][0x1d]o[0xdb][0x9f][0xf5]u^[0x9f][0xf2]ui[0xd7][0x83]{[0xf1][0xc6]a[0xb4][0x8f][0xe3][0xfb]:qja[0xf4]KI[0x8d][0x9][0x1b][0x0][0x91][0xb6]S[0xc5]-[0xc0][0xb8][0x99]-[0xd7]v)[0xd7][0x8e][0x91][0xed][0x9]Zp[0xd1][0xa2][0x9f]_[0xe1]F[0xf5]L[0xee][0xa8][0x9d][0xb6][0xb5][0x8c]z[0xa0][0xa4][0xe2]$[0xeb][0xe9][0xd8][0xc0].[0x2][0xed][0xc2][0x87][0xbc]b[0xdf][0x99]P[0xb8]Z2[0xb3][0x6]k[0xdb]>[0xbe][0xe9][0x12][0x1b]{5[0xcb]1[0x99][0xe3][0x8]b[0xfb][0xdf][0xff][0x92][0x1c][0xc][0x18][0xf8][0xd1][0xf1][0xae][0xc1]z[0xda]2[0xa6][0xd2]5[0xba][0xf1]l[0x84]5[0x98][0x11]Xv][0xdd]fB[0xcc]#f][0x86][0xa4][0x9f][0xf2]L[0x16][0x3]A}1[0xb8][0x87]j[0xc2]vi[0x16][0xf6][0x96][0xce]F[0xdd]>[0x94]=[0x1b][0xcb]!7N[0xd7][0xff][0xcf][0xc5][0xec][0x8][0x1f][0xd1][0x6]gTR[0x87][0xf7]-m[0xb2]G[0xcf]g![0xad][0xb7][0xbc][0xb6][0xfb][0xad]:[0xe1][0xea]%[0xb1]v[0xcf]5[0x8c][0xf9]"[0xff]p;v[0x87]tX6[0xbc]=F@[0xa9]l[0xcf][0xd6]E[0x90]d52\[0xc0][0x15][0x15][0x1d][0xe5]tf[0xf6][0x1c][0xb9][0xf7]S4[0x0][0xb3][0xcd][0x96][0x9]?[0xf1]B[0xd1][0xa0]_[0xe2][0xef]B[0x9c][0xf4][0xf8]6[[0xb]v[0x94][0xc5]p[0xc2][0xca][0x8]\[0x0] q[0xa9][0xae]:r[0xb0],[[0x17][0xbb][0xe7]e[0xa4][0xe7]7[0xcb][0xbd][0xb6]`[0xf6]u[0xd3][0x84][0x83][0xcd][0xf5][0x93]v[0xca]jk[0xe7]:g[0xef]dR[0xb0][0xd0].{[0x1a]{[0xcf][0x19]c[0xb0][0xb4]8'[0x95][0xf7]J[0xc][0xc1][0xe6]i:[0x15][0xd9]p[0xd5][0xb2]][[0xed][0xbb][0x8]GvO[0xad][0x14][0x89][0x9d][0x5],[0xd7]RD2[0x9e][0xed][0xa1]Vnftq[0xc6][0xdd]d[0xc7][0xf6][0x9e][0x96][0xa1][0xc7][0xeb][0x1e][0xbe][0xb0][0xb1]W[0xb1][0x1c]A[0xec][0xf6][0x1][0xc4][0xe2][0xb]_[0x91]m[0xaa][0xcb]z[0xdc]K[0xbb][0xe][0xc4]b[0xfb][0x94][0x96]?Q-[0xfd][0xb9]X[0xba]!v23[0xcf][0xda]yP[0xa0][0x4][0x83][0xa9]XW[0x18][0xdf]8[0x1f][0xc7][0xdf][0x13]+[0xa7][0xb8]3[0x98][0xd3] [0x90][0xfd][0x14]v[0x94][0xfd]L[0x10][0x86][0xc][0x98][0x99][0xa4][0xfd][0xe7]u[0xb2][0xf1][0xdc][0xba][0xee][0x9]E[0xdd][0x1f][0x8a][0x8e][0x8c][0xb1][0x5]$[0xb9]O[0x1d][0xe]U[0xfb][0xe7][0xc5][0xbf]H[0x9c][0xe2][0x9d]L_[0x84]f[0x6]v[0xbb][0x94][0xc2][0x9e]e[0xd8][0x9b][0xb0][0x16]R[0xfe][0xab][0xef][0x4][0x96][0x1a]k[0xfd][0x18]5[0xf2][0xcb][0xa6];[0x1a][0xe][0xf7]f[0xf2]v[0x10]S p[0x8f]%[0x0][0x98][0xee][0xcf][0x8]~[0xf6]R?[0xa7][0x1a]n[0x9d][0x93][0xd5]UG[0xa6]U[0xe7][0xbc]W[0xe3][0x4]<[0xd6]c![0x9b][0x8b][0xcf][0x81][0xc9]\[0xe]7[0xa3][0xba]*[0xc5]U;[0xfa]v[0x6]([0xf1][0xf7][0xf8][0xdf][0xed][0x87][0x1f]y[0xca][0xae]Y[0xf9][0xba]5[0xec]s[0xcf][0xdb]G-l[0x6][0x3]a[0x1b]D'.[0xe7][0x89]X[0xe4][0xa4],3[0x1f][0x96]_][0x9][0xb3][0xb8][0xad]d[0xde][0xe6][0x95][0x19]\.[\n]"
05:56:02.486 [main] DEBUG org.apache.http.wire -  >> "[0x6]`[0x1d][0xbe]v[0xa4]fI}[0xf0][0x15]k[0xb6][0xa4][0x9][0xd0][0xca][0xf9][0x96][0xa2]X,([0xb7][0xa6][0xe9][0xb0]\[0xbd][0x8d]?W[0x17]Bo^Z[0xad][0xc7]rac[0xaf]Z9[0x82][0xd7][0xed][0xff][0xf2][0x89][0x3][0x98][0xdd][0x92][0xbd]P[0x8a][0x11][0xd7]l[0xba]j[0xcf]@T[0xc8][0xc3][0xcf]4[0x89]b[0xa8][0xa8][0x8e][0x8d]:[\r]$[0x3][0x98][0xf1]*[0xb1][0xe0][0x12][0x4]\[0xc][0xa6]fQ[0xbc][0xd6][0x98][0x9][0x19][0xc6][0xbd]5[0x13][0xa7][0xb0]Y[0xc5],[0x9a][0x3]Vy[0x19][0xe3][0xc][0xb9][0xfe]DOV[0xaa][0xe2]P[0x0][0xa0][0xce][0xf5][0x93][0xeb][0x85][0xb1]E[0xe3][0x82]\[0xd1][0xd9][0xc6]>H[0x8d][0x0]Ke[0xf7]&s[0xb1]elF[0xd0]2[0xea][0x4][0xfc]-[0xf7]Y[0xa7]z[0x1a][0xbe][%[0x96][0xd1][0x8d]J#[0xd9][0x86][0xfc][0x17][0x80]Sc[0xc7][0xac][0xa3][0xfb][0xe0]=[0xb][0xad][0xdf]k~Kg[0xa0][0xf3][\r][0xcc][0xe][0x80][0xed][0xd4][0x94]VD[0xbe]2-[0xe8][0x1e][0x5][0xb4]j[0x88][0xd7][0xda][0x1a]K[0xd3][0xbf][0xa8][0xa3][0xca]Un[0xc1]}[0x9c][0xf0][0xc6][0xb3]E[0x81]r[0xfb][0xfc][0xa5][0x9b]_[0xb4]kV[0xbe]n [0xbb][0xf1][0xe8][0xdb]n[0xee][0x8f]o[0xfa][0xd0][0xc2]y[0xf4]^[0x84][\r]`vq[0xce]"[0xe0]m[0xea][0xf9][0xa8]?[0xea][0xd9][0x8b]b_[0xe][0xda][0xb5][0x87][0xb]0[0xe0][0xf]7[0x91],P[0xe4][0xdc]f[0xb8][0xf][0xac][0xac][0x97]T[0xdd][0x88]mo[0x95]r[0xea][0xba][0xea]z>V[0x10][0xfa][0xee]*H[0xb]7f[0xde]:"[0xfc][0x87][0xd8][0xd8][0x85][0x8d][0xbd]Z[0xe5][0x98]^[0xff][0xe2]O[0xff][0xe2][0x16][0x1b][0xcb][0x12][0xcd]T[0xb6]R[0xc6]S1![0xc3][0xdf]J[0xce][0xf3][0x11]72a"[0xe5]>[0xac]-[0x81]X[0xa9]O[0xf6][0x94][0xfa]K[0x8d][0xa8][0xf6][0x0][0xb0]?Y[0x9][0x80]3[0xa4][0xad][0xc0]f[0xad]w.[0x15][0xfd]k[0xb9][0x8]>[0xb]T[0xe0][0x9b][0x6][0xe3][0xc6][0x94][0xa0][0xba][0xc1][0xd8][0xe8][0xdd] [0x90][0x8b][0x1a][0x93][0xfe][0x14][0xc2][0xf0]~[0x1b][0x99]~`[0x92]@[0xf7][0xed]x[0xcc][0xca][0xb4]N[0xba]-B[0xe4][0xc6][0x8b][0xe6][0xb3]S[0xb6][0x18][0xc][0x2][0xbb]e[0xee]R[0xbf]B[0xfe][0xbb][0xce][0x6][0x80][0x8a]i[0xf6][0x9c][0xb2][0xb3][0xa6][0xaf]KP[0xb7]p[0xf4][0xe2]`[0x87][0xc4]P<[0xfc]'[0xe7][0xcf][0xe1]2[0x85][0xe1],[0xae][0xcf][0xec][0x2][0xe5]?[0xa2][\r]g1[0xd8][0xed]T[0x1][0xa2]oK[0x9c]l[0x5][0xbb][0xf5]6[0xe8][0xd7][0x1][0x80][0xe5]n[0x1c][0x80]%[0xf1][0xb4]s[0xed][0x9c]sAr[0x8f][0x1d]t[0xbc]][0xb3][0xf2][\r]i[0xd9][0xb0][0x7]?>&[0x86][0x89][0xe][0xd8][0x1f]0[0xb7]z[0xa1][0xcd][0xb0][0x1b]kb[0xd5][0xcd][0x8f][0xb3]s[0x9f][[0xb]i[0xb5]Qi[0xb0][0xd9][0x86][0xe8][0x2][0xef][0xa8][0xfb][0xe8]'[0x19][0x96][0x87][0xf8][0xaf][0xcd][0x16][0x17][0x8e][0x97][0xf0][0xc6][0x88][0x8f][0xe1][0x9f][0xc2]>c0[0x19][0x9b][0xa9][0xed]fo&[0xe8][0xf2][0xdf][0x85][0x8d][0xbd]:e[0xff][0xb9][0xdf][0xb1];[0xff][0xe2]W[0xfa][0xc5][0xbf][\n]"
05:56:02.486 [main] DEBUG org.apache.http.wire -  >> "(g2[0xc8]}KJH<j[0xc0][0x98][0xcc],/[0xc4][0xfe][0xc5][0xc6]V[0xc5]Dv[0x12][\r]$D[0xcf]jG6t[0xe1][0xd8][0xce][0xb]Y[0xc2][0x96][0xbe][0x8a]"[0xf2]X[0xb5][[0xee]O[0x1b][0xcf][0xa0][0x95][0x87][0xbd]%[0xc1]+[0x11]C@[0x92]V>[0xfa]Z[0x87]a[0xf0]m[0xf0][0xeb]z[0xb1]C^k[0xb7][0x87]-s[0xe8][0xc0][0x1b][0x8d]0E[0xc1][0x81][0xa3][0xd2]!g[0x82]X[0x90][0xc4][0xdf]4fw[0xee][0x93]|[0xcd][0xf9][0xd9][0xc7]t[0xec][0xe5][0xa0]3[0xee]3p:h[0xd0][0xc2]{[0x93]/77q[0x92][0xa6]e[0xb1][0xca],[0xdd]`[0xe8]C[0xc2][0x14][0xde]>M[0xb0][0xb8]l[0x8e][0xf1]{s[[0xe3]WR[0xd8][0xd7][0x97][0xb8][0x6]l[0xce][0xcc][0xce][0x82][0xe1][0xa8]Cbsav[0x12];ig54[0x9c][0xf]e?a[0xd7][0xb0]|C@[0xf6]k?[0xf4][0x17]>q[0x98][0x88]O[0xd4]Wq%fq[0xfd][0xbe]L`[0xc7][0xb5]N[0xdc][0x17][0xe7][0xbe][0xa5][0x9a][0xc8][0xff]J[0xfe]`[0xa9][0xc0]Jj@[0xa3][0xb9][0xcb][0x8e]8[0xbd][0x1d][0xb0][0x14][0xa3][0x83]][0xa3]U[0xb2][0xb9][0xba][0xa7][0xdd]$x[0xae]&[0xdb][0x15][0x97][0xc1][0xb8][0xdf][0x97][0x9d]vac[0xaf]N[0xb9][0xf3][0x99][0xdf][0xb4][0xdb][0x9f][0xfc][0x8d][0xfa]F[0xe6][0x14]i|[0xec][0xa0]/[0x83]F[0xd6]f[0xc0][0xef][0xdd][0x8a][0x81]D[0xab][0x9][0xaf][0xc4][\n]"
05:56:02.487 [main] DEBUG org.apache.http.wire -  >> "[0x6][0xa2]:)[0x3][0xa9][0xf9]0[0x84][0x9d]{[0xca][0x19][0xf7][0x82][0x95][0x1c]4l[0xa2][0xd9]=[0xdd]H[0xca][0x1a][0x0][\n]"
05:56:02.487 [main] DEBUG org.apache.http.wire -  >> "[0x4]J&J[0xf8][0x0]:7Z[0xfd][0xeb][0x83][0xb4][0xde][0x8e][0xbc][0x82]#[0xf7][0x16][0x83][0xc0];[0x1b]A[0xb5][0xac]@[0x0][0xcc][0xcd][0xe0][0x8f][0x9b][0x8c][0xd2][0xd4]9[0x88]~[0xd1][0x18][0x1d][0xc2]S[0xa6][0x82][0xf][0xa4]b[0x12][0x97]Aa[0xf2][0xa6]6j[0xcf]([0xf0][0xd3]@S[0xb]Y)[0xea]D[0xde]4[0x82]U[0xd1]w[0xbb][0xd2][0x91][0xda][0xb][0x8e]P[0x9a][0xcf]X[0xdf][0x18]J[0x19][0xbd][0x1][0x90][0xc6][0xd8]R#[0xe4][0xba][\r]W[0xa2],[0x90][0xd1][0xb8][\r][0xf3][0xab]qI[0xc7][0xa5][0xf3][0x18][0xab][0xf2][0xd3][0xeb][0x6][0x8b]m[0x83][0x9c]mJ[0xc9]M[0xd9][0xf1][0xfe]s[0x8c]n[0x94]3 z[0x90][0x8d]k[0xc7][0xc6][0x8e][0xe5][0x1b][0xd6][0xb4];[0x8b][0x9f][0xac][0x8f][0x90][0xa0][0x9e][0xb4][0xa6][0xd4][0xbd][0x18]XdH[0xd3][0xb1][0x94][0xd6][0x11]?=[0xcd][0x19][0xad]OE?[0xf]H[0x1c][0xad][0xfc]<+0[0xc2]g[0xed]C<J[0x19]N[0x8][0xbd]nIs[0xa8][0xb5]n[0xc2]`[0xd2]:7[0xb1][0xb3]F)[0xf2][0xed][0x8d][0x97][0xb7][0xdb][0xbf][0xd2][0xe5][0xce]g[0x9e][0xde][0x80]l+[0xb5]Z[0xb9]u`([0xed][0xcb][0xcc][0x9]n[0xba]<[0x9f][0x1f]W[0xb][0xbe][0x10][0x83];[0x9a][0xb1][0x90][0xe8]W[0xd1]WH+[0xeb][0xed]8[0xd9][0xc]N[0xd1][0x13][0x90][0xe5][0xf8][0xec]YnsaD[0xa9]g[0x9]0[0x9][0x8c][0x5][0x92][0xab]YX[0x8f][0x91]~[0xeb]Q[0x84][0xf8][0x1b]y[0x94][0x80]g22[0xa6][0xeb][0xb3][0x3][0x8][0xd3]u+[0xde]T[0xcb]uNN[0xfa]Q[0xf7][0x1b][0xc1][\n]"
05:56:02.487 [main] DEBUG org.apache.http.wire -  >> ">[0xdb][0x96]Wq[0xa4][0xe0]8[0xe3]I"[0x90]Q[0xff]S/KW[0x8c][0x98][[0xf5][0xca][0x1b][0xa8]][0x13][0x1a][0x0]f#[0xd6]g[0xb0][0xae][0xc5][0xbe][0x14][0x3][0x1a][0xb3][0xb8][0x13]=[0xc5][0xce][0xd7][0xd8]fvX[0x8f][0xdc]lxn[0x86]v[0xb9][0x82]][0xad]@uEHk\?@j[0x89][0x97]][0x15][0xaa]q[[0xc][0x1d][0x8d][0xa9][0x95]E[0xc6][0xcf]r[0x8f]^{[0xb8][0xfd]Sv[\r][0xcb]7[0xc]d[0xcf]=[0xbf][0xfb][0xe8]a[0xe][0xbe][0xb0]})3O[0x82]VV[0xff][0x16][0xa9][0xc9][0xcd]*[0x16]j[0x19][0x91].[0x82]iu[0x8d][0xf1][0xb3][0xfa]v[0x83][0xf2][0xb2]Z([0xb0][0xb8]Vk[0xce][0xe0][0xe5][0xe8]U+[0xd7]"#f[0x9d][0x95][0x14][0xea][0x97][0x8][0x84][0xe7][0xac][0x8d]h[0x17]1[0x91]P[0xda]bJ[0xd5][0xf8][0x1e]z[0xd0][0xec][0xf8]^[0xc5]Ky[0xc5][0xca][0x9d]_[0xf8][0xf5][\r][0xc4][0x86]q[0x1d]m[0xa9][0x1b][0xfc][0x86][0xe0][0xec][0xbd][0xb1][0xca]X5[0xb2][0x9d]v![0xc2][0xe5]U[0x80][0xc2][0xe7]mG[0x96][0x3][0xda][0xc3]3"[0xae]^[0xe6][0xbe] X1[0x9e]=;[0xb3]I[0xe3][0xf4]3[0x9e][0x88]&#[0x9c][0xf]L[0xb2]n}[0x4][0xc0][0xc4][0xc5][0xb9]v[0xa4][0xfb][0xe7][0xf2][0x9f][0xd9][0x94][0x99][0x98][0xfe][0xce][0x11]5[0x12][0x1b][0x80]][0xd4]{[0xb2][0xce][0xd3]Px[0x10]O[0xcc][0xac][0x83][0x83][0xc2][0x82]}I[0xab][0x11][0x8f][\n]"
05:56:02.487 [main] DEBUG org.apache.http.wire -  >> "<![0xf5][0x8][0x8c][0xa9][0x18][0xf3][0x86]d([0xd3][0xd5][0xc7]^#IL:[0xc4][0xb8]`[0xae][0xfc]~[0xba][0xd7][0xc4]%[0xb][0xd4][[0x9e]G[0x9b][0xea][0x8a][0x7][0x19][0xb0][0x0]XO[0xc0][0xe0]K{[0xd1][0xdf][0xaf][0xc2][0xda][0x6][0xb8]@o[\n]"
05:56:02.487 [main] DEBUG org.apache.http.wire -  >> "[0x13][0x13][0x17][0xe8][0x9]0[0x8d][0xef]k[0x1c]L[0x19][0xec][0x99][0xfb][0xf2][0xba][0xdd]'[0xed][0x1a][0x96]o[0x18][0xc8][0x8e]I[0x1f][0x7][0x13][0xf1][0xef][0x17][0xed][0xdf][0x8e]![0xf3][0xd0][0xda][0x7][0xbd][0x8a][0x80][0xd5][0xf7][0xe3][0xaf][0xf7][0x4]d[0xd5][0x17]5 [0x12]$[0x96][0xd6][0xe2][0x1b][0xcf]j[0x10]8[0x80][0xb][0xa5][0xab]AF[0x93]4[0x9a]}4fk[0x94]P[0xcf]>z[0xbb][0xa1][0xc][0xb6][0xa4]w[0xb0][0x9f]u[0xf9][0x14][0xac]![0xf5][0x8f]\^E[0xf5]J[0x96];[0xff][0xf5][0xaf]lq[0xb1]c[0xc9]u[0xaf]%[0xdc][0x81]S[0xd5][0x3][0xec]0[0xf9]}[0xaa]o[0xd5]n[0xb5][0xc4][0x12],[0xeb][0xb8][0x8e][0xf1]9x\][0xae])[0xc4][0x90][0xac][0xdf]V[0xb1][0xb0][0xa8][0x2]I[0xbe]g[\n]"
05:56:02.487 [main] DEBUG org.apache.http.wire -  >> "[0xd9][0x88][0x81][0xd3][0xd5]:]{[0xe6][0x83]!:[0x1a][0x88][0xb6][0x10][0xc5][\r][0xd8]N[0xb4][0xb2][0xc4]2[0x8c][0xc3][0xf1]!>$[0xf4]d6[0xc][0xf7]g[0x18][0x95]^[0x8e]E[0xc][0x3][0xef]1W[0x1d][0xd1]`K[0xcb]5P[0xbd][0xc4][0x89][0xa3][0x3][0x8e][0xac][0x1e][0xff]11!*![0xc4][0x10][0xec]ciE[0xad][0xf2][0xf][0xa1][0xeb][0xc0][0xa5][0xb5][0xbb][0xf7][0x84][0xe4]8[0xe2][0xe9]q2[0xa0][0xd4][0x1b][0xa5][0xab][0xdc][0x96]![0x1f][0xe5]_[0xf7][0xe5]j{[0xe7][0xfe][0xeb]u[0x4][0x91][0xd4][\r][0xa9][0x4][0x1c][0xb][0xd4][0xae]d#q[0xe6][0xc3][0xd8]x[0x96][0xab]F[0xad]}8[0x1][0x17][0xba]W[0xfb][0x19]2[0x80][0xaf]d[0x84][0xae][0xbb][0xaf][0x81]p)[0xa5]n}\'[0x80]w'^[0xb8][0xbf][0x18][0xd9]v[0xf3]n[0xf7]Q<[0xea]o~f[0x1][0x10]T[0xef]3[0xb9][0xee]q[0xfc][0x95]VfRX[[0x1c]r[0xef][0x19]k[0xe1]|[0xa9][0xcd][0xe1][0x83][0xf0][0xa5]:s[0x80]+tD[0x8c][0x1d]cmAq[0x13][0xf7][0x83][0xcd][0xd1]N[0x8][0xe7][0xae]W[0xb1][0x10][0x1]0[0xa3],[0x1e][0xa2][0xf9][0x97]w*[0xbe]"
05:56:02.488 [main] DEBUG org.apache.http.wire -  >> "2[0xe5][0x98][0x91]x[0xfb][0xa7]>m[0xfb][0xa7][0xfe][0xdb]:[0x80][0xeb][0xc3][0xde][0x90][0xcb]Z[0xef][0x9f][0xb5][0x6][\n]"
05:56:02.488 [main] DEBUG org.apache.http.wire -  >> ",[0xdd][0xc2][0xaa][0xb6]=[0xb1]SMXqP8[0x97][0xcb]&w[0xf3][0xa9][0xad][0xdb][0xb0]j[0xc6]R`[0x15][0xb2][0xd1]`[0xab][0xe7]G[0x1a]H[0x99]y8[0x92][0x0][0x17]4t[0xb4]1,[0xa6][0xdc]b;c[0x12][0x86]x+9>[0x0][0x12][0xe3][0xd1]n[0xf3][0xe1]a[0xc4][0x9d][0xf9]S-V[0xcc]qau[0xdb][0xec][0xec][0xcb]J[0xd4]Wa[0xc9]3[0x9e]5[0xc9]g[0x15][0xf0]H[0xb5][0x87]1[0x18]H[0xba][0xa2][0x7][0x7][0xf2][0x1f][0xcb][0xbd][0xd0][0xb8]01[0xa8]>[0xd0]9[0x1e][0xe][0x9][0x5][0x90][\r]Q[+[0xe8][0xf4][0x1c]l'{[0xc4][0xe]+[0xa6]]w[0x95][0xbe][0x92]u[0x2]D[0xd0]Eq[0xea][0xf2]97[0x97]7[0xc5]0[0x16][0xd8]`[0xe1]=[0x94]+Y[0x99][0xbe]W1JW* [0xf6][0xb3][0x83]~[0x16][0xa8]p_|5[0xfd][0xa9][0x89][0x1e][0xea][0xae][0xfc]k[0xff][0xf2][0xfd][0x93][0xec][0x81][0xb2][0xbd][0xe9][0xc3][0xed]qN[0x88][0x6]S#[0x83][0xa4][0xd6]B[0xc6][0x85]L[0x86][0xa3][\n]"
05:56:02.488 [main] DEBUG org.apache.http.wire -  >> "[0xc5]i[0x9d]m_ai-[0xfe][0xe0][0xb6][0xf2]l[0xdc][0xb]+[0x88]G[0xec][0xd4][0xda][0xc8][0x8d]-[0xed]:2[0x9d]-\[0x9e][0xd3]h,[0xf5]n+[0xc2][0x9][0x98][0xdd][0x17][0x1a][0xe2][0xc3]-}t+^[0xca][0xcb]^[0x8e]o[0xad][0xbf]s|{[0xfd][0xef][0xcf]G\[0x1c][0xc8]Q^A[0xb2]-[0xef][0xc4][0x89][0xa1][0x9c]:[0xdb][0x90]Th[0x3][0xc0]4M[0xdc][0x15]l[0xac][0x9f]333?q[0xb1][0x8d]/[0x90][0x82][0xf0][0xe][0xaf]HrP[iy[0x8d][0xe7]&p[0xec][0xc5].[0xe6]&_[0x81][0xd7]c[0xf]w[0x86]3[0xc6]ff[0xea][0x95][0x8b][0xfa][0xae][0xc7]f[[0xb3];[0xe3]c[0x4][0x97]M{[0xa7]dLo([0x8c][0xc1][0x10]9[0xb6]a[0xf0][0x5]T|[0xd4]\[0x96]\[0x7][0xe5][0xdf][0xe7]teEa[0xe2]yM[0x93]1<]S#[0xbb][0xa6]S[0x0][0x8c]r[0x13]x[0xcf][0xa1]I[0xbc][0xaa][0xdc][0x88][0x98]ST[0xb6][0x3]a/[0x80][0xa9][0xb5]S[0x4]p[0xc9]R$[0x9b][0xaa][0x86][0x83]CO[0x8f][0x10][0xed][0xa4][0x6][0xcd][0x1]$q[0xe2][0xcf][0x89][0xa1][0x9f][0xc6]u[0x12]R[0x19][0xf7][0xc8][0xdf][0xab]@,[0xab]t[0x99]h[0x1e][0x8c][0x93]X[0x9b][0xb5][0x17][0xa0][0x92]][0x1e][0xb7]kZ[0xfe][0xc4]iuw[0xc2][0x1e][0xcb][0xbd]M[0xfb][0x85][0xc2][0x89][0xb5][0xad]K[0x9]4A[0x11][0xe2][0x89]V:t[0xd5][0xf8]9[0x8b][0x82]y[0xc7]n*[0x8]u[0xbd][0xcf][0x6][0xf5][0xa1]D[0x9a]h[0xa0][0xe5][0xb5][0x99][0xe0][0x6]Q0[0x96]z[0xa9][0xc][0xd6]8[0x9c][0x9b][0xad][0x16]y[0x96][0xcb]O[0xb5][0xbc][0xec]%[0xbe]|[0xcb][0xee][0xfc][0xd4][0xa7][0xb6][0x7][0x9e][0x17][0xfd][0xc0]us[0x17][0x16][0x86][0xf8]V[0x9a][0xb1][0xb0][0xc0][0xa9]jZ[0x99]C[0xbb][0x87][0xb][0x9e][0x18][0xd7][0x9c]ne[0xf1][0xfa][\r][0xd0][0x0]([0xfa]D+[0xba][0xed][0x4][0x7][0xa2]_5E6[0x96][0xf5][0xb9][0xd9][0xba][0xd7][0x85][0xf8][0xd9]I^F[0x1]n[0xde][0xa7][\r][0x98]Z[0xeb][0xcc][0x80][0xb4][0xd1][0xb5][0xae]U[0xe6][0x90][0xaa]>[0xe7][0xa4][0x81]Q[0xb3][0x80][0xb7][0xb7][0xa1][0xc0][0x95]Z[0xe4][0x0][0xda][0xbf][0xe5][0xbf][0xdc][0xa9][0x5][0x12][0xa8]G[0x81]%[0x18]w[0xf2][0x86][0x1a][0xd7]~[0xc1][0x8b]r[0xaa][0x0][0x1c][0xd9]<vzJj)[0xa1][0xa4][0x92]Q[0xa5][0xf][0xf9][0xcf]LK'H![0xc5][0x1e][0xde][0x1b][0xb7][0x8a][0xb1]%k[0xf3]B|[0xf4][0xd2][0xeb][0x8a]2w[0x8].'[0x80][0xd3][0xe3]:[0xe9][0xf4][0x0][0xb4][0xb5]H][0xa7][0xa7]b[0x8e][0xfb][0xcc][0xbd]5[\r]qr[0xfc][0x1c]@[0xd6][0xb1]}[0xc4][0xe3]vM[0xcb][0x9f][0x18][0xc8]~[0xed][0x87][0xde][0xf6][0x9][0xbb][\n]"
05:56:02.488 [main] DEBUG org.apache.http.wire -  >> "[0xc9][0x1b]>lP[0xd9]*[0x0][0x1][0x0]W[0xc6][0xe4]CO[0x9e][0xf8][0x82]S)EW[0x1c]V[0xd4][0xaa][0xac]P[0x9a][0xd4][0xc6][\r][0xef]%[0xf9]m[0x95][0xc6][0xba][0xc9][0xac][0x84]4[0xc0][0x2][0x1]v[0x9b][0xb5][0xea][0x88]I[0x4][0xd4]E[0xe8][0xb3]qD[0xea][0x87][0x1f][0xba][0xa4][0xdc][0xbf][0xcc]%A[0xec][0xd3][0x9]b~[0xaa][0x96]}[0xe8][0xbe][0xa4][0xdc][0xce]|[\r][0x13]U[0xa0][0xca][0xc]`'[0xed][0x0][0xfc]x[\r]M[0x15][0xa7]B[0x1f]F5[0xea][0x4][0xc8][0xc1][0xf5]H[0x16]V[0xe7]v[0xb9]]=[0x15]f[0xf6]-[0xff][0x93][0xe4](o[0xb0]][0xbc]Nj[0x9c]1!#N[0xc7]d[0x10][0x85][0xd9][0xd5][0xfe]r[0x95]Z[0xec]=[0xbc][0x98][0xf0][0x90][0x81]*{[0x17]p[0xf0]b/[0xd3][0x15]yZs[0x8b][0xa9][0xc8][0xbf][0xc2][0xfe][0xa9][0xfb][0xdf]dq[0xbd][0x3][0xe9][\r]Kg[0xd8]M[0x1b] A[0x8f][0x90][0xb4][0xd1][0xe3]A[0xaf][0x12]l[0x88]K[0xde]J>:{[0x14][0xac]2:N[0xc5]q[0xa8]eC[0xf][0xae]([0x99]3[0xba]N[0xf7]V[0x8c][0xbf][0xeb]5r[0x1e]mi[0x9b][0xb2][0xe9][0xec]J t>[0x17]v[0xf6][0xf4]h[0xab][0xc6][0xbe][0xb3][0xfd]'[0xec][0x9a][0x96][0x97]E[0xeb][0x1e]f[0xe4][0xa3][0xde][0xfc]D2[0x95][0xcc][0xe7]V[0xaf][0xdd]$[0xb4][0x9a][0x80][0x10][\r]x[0xb5][0x90][0x8e][0xc0]h[0x1b][0xcb]D=[[0x18]Y[0x7][0x85][0x85]a[0xd5][0xae]w[0x9]~[0xcf][0xf3]T[0x12][0xd8][0x13][0x1d][0xe8][0xdf]6Km[0x1f][0xaf]l[0xca]z[0xda][0xd4]e[0xdc][0xd5]|[0xed][0xb2]G[0x1e][0xb2]Ky[0xf9][0xca][0x11][0xc4][0xf6]G&[0xf6][0x95][u [0x19][0xf2][0xa6]O[0x8e][0xdf][0x1d][0xca][0xbf]Tk)V[0x12][0x85]`p[0xaa][0x8d][0x1a][0xc3][0xde][0xa0]~l[\r][0xc9][0x84][0x89][0xbe]?[0x1b][0x86][0xb5]n[0x85]9[0xd4]af6[0xb2][0x7][0x99][0x8b][0x80][0xe2]8[0xf][0xb5]([0xb7]FK[0x8a][0x99]d[0xe5][0xaa][0xa2][0xd6]>[0xd0][0xd6][0xe7][0xb9][0x9c][0x8b]}[0x87][0x8d][0x9c][0x89][0xc]f[0x92][0x0]b6Ui[0x3][0x9e][0xc9][0xe0]1[0x1f]Q[0xf1][0xb3][0x94][0x1]A[0xd6][0x8a]p![0xf4][0x8][0x3][0x10][0xe8][[0x9d][0x18][0xae][0xfa]U[0x85]C}[0x92][0xcf]`[0xf6][0xc1]"[0x18]W[0xc3][0xf3][0x9b]eB[0xba]S^}[0xce]B[0xde][0xb3]o7`[0xd6]#[0xf2]_[0xd7]U[0xa7]V\[0xcb][\r][0xb3][0x81][0xd0][0x1e]3U[0xd7][0x11]Xe[0x95]tl[0xce][0x1c][0xff][0xc0][0xe6][0x13][0xa3]{[0xc4][0xd4][0xce][0xe1][0xfc][0xc2][0x90]x[0x8d]<R[0x0]0[0xaa]f[0xb8][0x92]g[0xeb][\[0x87][0xf9]'[0xc6]w[0xd4][0xed][0x8b]Qp[0xf8]s[0xf3][0xf6]{[0xdf][0xf2][0xb8]][0xd3][0xf2][0xb2][0x0][0xd9][0xb][0xcf][0xdb]O:[0xde][0xbf][0x18][0xea][0xb7][0x1f][0x9b][0xa5][0xe2][0xa1][0xf5][0xbd]-[0x81][0xe5]B[0xd9],<[0x17]b[0x85][0x10]0[0x5]Q[0x10][0x3][0x91][0x98]Z[0xe8][0xc3][0x92][0x1d][0x17]1[0xa3][0xd6][0xc3]{~L[0x83][0xd5]Pt[0xbc][0xcf][0x9d][0x1a][0x1]V[0x11][0x8c]/[\n]"
05:56:02.488 [main] DEBUG org.apache.http.wire -  >> "/[0xba]z[0x89][0x8f][0xbd]lecb[0xc7][0x98][0xd8][0x97][0x8f] &J(Ja[0xab]V[0xab]"[0xbe][0xdf](TJ0j[0x8b][0x5][0xd6][0x8c]h[0xf]qyE[0xdf][0x97][0xf5]q/{z[0xb]LO[0xdb][0xb0][0xfa][0x1d]z4[0xf7][0x97]6[0x19][0x0][0xb8][0xd2][0x97][0xed]>_\@~[0x9a]j[0xef]>[0xfc][0x8e][0xae]:[0xc][0xe0][J[0xb3]78[0xce]@[0x83]S[0x1f][0xb3][0xc3][0xe9][0x12]C[0xac][0x1a].[0xd9][0x12]+I:[0xdc][0x84]c2 [0x18][0x86][0xb1]%6[0xc5]P[0xf3]&[0xf2][0xef][0xad]X[0x13][0xb5][0x87][0xfc]3#Q[0xa0]C[0x6][0xe9][0xf2]y;[0xbb]3[0x89][0xe7]pn[\n]"
05:56:02.488 [main] DEBUG org.apache.http.wire -  >> "[0xd2][0x8e]u[0xef][0xae][0x90][0xff]lt[0xb9][0xcf]D[0xfe][0xf3]@[0xc9][0xf6]\Y[0xa4][0xe9]{[[0x6][0x94]X[0x15][0xd3][0x9d]k/Y[0xc0]JU7[0xad][0xee]>[\r]}[0xa0][0xf]q[0xe2]A[0xf2][0x93]:Q[0x97][0xd9]4[0x1d][0xce][0xf4]a[0x99][0xdf][0xad][0xfd]C[0xf7][0xd2][0xae]qyY[0x80]lK[0xc5][0xb7][0xf8][0x88].[0x8]L[0xad]%Y[0xa3]E-[0xc0][0xce][0xe4][0xac][0xc9][0xc6][0xaf]c[0xc8][0x8a][0x84][0x95][0x8d]c1[0xcc]<[0x97][0x6]`[0xb8][0xa6]O[0xff][0xcc]F8YgM[0x0][0xa9][0xe6]}[0xb8]8[0xf7][0xb4][0xde]a}[0xc3][0xbf][0xd8]l[0xec][0xf8][0xb][0xd0][0x17][0xb7][0xe2][0xcb]R[0x0]bv`b[0xb5][0xec][0xcd][0xdb][0xab][0xec][0xf7]-[0xb5][0xd6][0xb1]"[0xfa][0x85][0xbc])[0x83]w[0x96][0x9e][0x91]Qt][0x15][0xf3]1[0x18][0xaa][0xa5]d[0xdb]EW[0xfa]p[0xd9]B[0xf8]D:[0x8f]#.[0x19][0x8b][0x91][0xae]N[0x1b][0xf6][0xff][0xac]$[0x1][0xa5]T[0xf2][0xa2][0x8c]M[0xea][0x1c]n[0xc4][0x2][0x12][0xe2]%p[0x96][0x6][0x1b][0x84][0xcf][0xb0]_sB[0xd2][0xcd][0xc9][0xe7][0xeb][0xaa][0xcd][0xb0][0x9e][0x9f][0xac]6Th[0xf1][0xe8][0x80]UM5[0x92][0xdd]`M[0xcc]<[0xe6][0x9c][0xa6][0x97][0x9f][0x9][0x1c]u%&[0x8b][0xca]T[0xe6]%[0x93]&b[0xce]Pu[0xb5][0xa8][0xb6][0xc3]h[0xc8][0xaf][0x0][0x11][0xb9][0xa5][0xd1][\n]"
05:56:02.488 [main] DEBUG org.apache.http.wire -  >> "[0xf9][0xea][0x8b][0xfc][0xd7]^[\n]"
05:56:02.488 [main] DEBUG org.apache.http.wire -  >> "i|j%[0x83][0xc1][0xc4][0x85][0x5]8[0x7][0xd8]uH_[0xbd][0xe7]d[\r][0x9f],[0x0][0xb4]<[0xbf]~e[0x19][0xd7],[0x9]f}[0x91][0xaf]![0x97]8{[0xff]Z[0x96]x![0x8f][0xed][0xe3][0x2]d[0xc7]r[0xeb][0x85][0xdd][0x87]mo_$[0x18][0xa4][0xb0][0xc4]"[0xbf][0xba][0x11][0x87][0xb5]4[0x85]u[0x2]S[0xa5]CG[0xb]{[0x9d]&[0xd6][0xc0]u[0xe8][0xda]PE[0xab]+[0xb1][0x88][0xb5][0x96]A[0xe2][0xc][0xf7][0x6][0x92][0xef][0xab]I(2qw[0xe]9_[0xc7][0x94][0x82][0xf4][0xba]K[0xca][0xfd][0xcb]Q[0x12][0xc4][0x9e] [0x88][0xf5][0x9a][0xd5][0xdf]v[0x97]y[0xb3][0x1a][0xe4][0xb1]7[0xeb]Y[0x99][0x8d]Q[0xff]@[0x81][2[0x11][0xcb][0x94]g[0xa7]>@{[0xb9]Ov>@[0xe8]Tszz[0x15][0xf6][0xb0]jH[0x8]d[0x9f][0x90][0x8a][0xd0][0xcb][0xcd][0xef][0x8e] [0x91][0xb8]$[0x87][0x11][0x5].[0x80][0xaa][0x8]y[0xce]}o[0xd6]n5[0x80][0x97][0xa3][0xf])h[0xe5][0xc2][0xdf]3Y#[0xab][0x87][0xdd]H[0x8f][0xff]`Wp[0x8b]*R;[0xc5][0xac]e[0x15][0x96][0x83][0xb2][0xb]/[0x5][0x8f][0xb8]w z[0x15]l[0x8f][0xca][0xbf]j[0xaf][0x97]m[0x8d][0xe][0x94][0xf6][0xe]h[0x8e]3*[0x1a]F%[\r][0x1][0xf6]3[0xc0]~p/[0xe6]*[0xac]][0x98][0xe5]uq[0xba][0xe2]rQ[0xeb][0xdf][0xd9][0x9a]cL[0xfc][0x1e][0x98]'\[0xcf]Vl[0xdd][0xab]~[0xa2][0xbe][0x89][0xab][0xde][0xc6]qr[0x11][0x3][0xd4][0x8d][0xc]G[0x1a][0xfb]i[0xb1][0xc4]U[0xed][0x9f][0xab][0xaf][0xae][0xbd]q[0xe7][0x87][0xbe][0xfd][0xe3]v[0x8d][0xcb][0xcb][0x6]dGVvX[0xe2][0x8f]4[0x6]y4[0x2][0xb8]Z[0x88][0xb4]LJ[0x1c]k[0xcf]oW[0xe8][0x2]eE[0xde][0x12][0x1e][0xb0][0xc9][0xc4][0xea]b[0x7][0xdc][0x82][0xc][0xa9][0xae]u[0xae]U[0xbd][0x19][0x9c][0x1b]Zo[0xeb][0x4][0x12][0x87]zQ[0xff]8[0xf0]v[0x7][0xdf]=[0x9a]^&[0xe0][0xa1][0xcb][0x9b]<[0xfe][0xa4]e[0x8b][0x89][0x1d]A[0xec][0xcb][0x1d][0x13]Sv[0x94][0xc7][0xc8][0x9a][0x9b]vq-[0x86][0xa2][0x90]-[0x4]V@[0xfa][0x5][0x8f][0xa3]C[0x91][0xa4]n+[0xcf]_7[0x1e][0xe2][0xb7][0xe9][0x6][\n]"
05:56:02.489 [main] DEBUG org.apache.http.wire -  >> "AMbG#q[0x3][0xfe]j[0xb6][0x89]{[\n]"
05:56:02.489 [main] DEBUG org.apache.http.wire -  >> "[0x18]R[0xbb];[0x7]3[0x18][0x80][0x94]R3[0xba]c[0xfb][0xbd]M[0x1a][0x8c][0x13]6[0x89]Nk55I[0x5],s[0xe7]r[0xe8][0xd8][0xf7]2[0xdf]~[0xa6][[0xe][0xd9][0x8e][0xa5][0x1a][0x9d]&[0x8c][0x88][0x1d][0x88][0x6][0xe2][0xc2][0xed]![0xff][0x8c]A[0xd6][0xca][0xe8]rO*[0x1a]@[0xae][0xaa][0x97]kN|[0xf6][0x96][0xff][\n]"
05:56:02.489 [main] DEBUG org.apache.http.wire -  >> "]8:[0xec]S[0xf0][0xeb][0x8f][0xee][0x1e][0x9f][0x86][0xd3][0x98]DT[[0xe3][0xa9][0xf8][0xbd]-Si4[0x94]N!7[0xe2]L[0xb5]~[0xf6][0xda][0xe1][0x9a][0x95][0xb2][0xcf]@[0xbe][0x9f][0xd4][0x8b],G>2`~[0xee][0xfe][0x93][0xfb][0xb2][0xad][0xc7][0xed][0x9a][0x97][0x97][0xd5][0x17]v[0xeb][0xf6][0x91][0x95]E>[0xe8][0x83]D[\r]I[0xe8][0x8]P[0xf2]%[0x1b][0x87][0xd7][0xa7][0x98][0xe4]B[0x1c][0x9f][0xfa][0x9c][0x8b][0xec][0x94]"?[0xb5][0xb6]Qb[0xb8]7qW[0xd7][0xd3][0xda]%[0x95][0x16]\-)`[0xea][0x99]p[0xd6][0x7][0xb5][0x5][0x1][0xcc][0x13][\r][0x89][0xdb][0xb3]c[0x17][0xb7][0xe2][0x9f][0xa8]lL[0xec][0x1f]=[0xb1][0xfd][\r]e.[0xab]R[0x81][\r])[0xcc]brdo\[0xaa][0xb5][0xaf][0xd7].[0xe8]%E[0x8f][0xda][0x8f][0x87][0xbd][0xd0][0xd7][0xed][0xa8]Cko[0xa0][0xe9]@[0x9c][0xcd][0xbb]C[0xe6][0xae][\n]"
05:56:02.489 [main] DEBUG org.apache.http.wire -  >> "[0xb1][0xcd][0xad][0xc9][0xc0][0xd8][0xf8][0x88][0xe6][0xe1]xkp[0xef]q[0x14][0xb]p[0xfa]L[0xd9][0x11]o[0xf6][0x80]p[0xa0]s[0x83][0xe6][0xe7][0xe0]^[0x15][0xa0][0xee]9[0xe5][0xa0][0xaa][0xd7][0xab]X[0x5][0xe2]A[0xdd][0xcf][0xf9]<[0x15][0x8c]K[0x89][0xbb][0x8c]T[0xf4]fhb[0x16][0x96][0xfc]G[0x94][0xab][0xb1][0xe5]?g[0x96]^[0x1b][0xa3][0xdc][0xd6][0x12]y[0xc9][0xe1][0x9a]B[0xae]s)[0xc0][0xa7][0xc3][0xdb][0xe9]H[0x9d]f[0xc8]@[0xf6][0xa0][0xca]p[0xe][0x1a]nCv"[0x13][0xd8][0x1c][0xba][0xa5][0xa2][0x8d][0xca][0xaa]bE[0xf9]h+[0xc8][0xd7]cv[0xc5][0xf3]d[0xfc][0x1][0xcd][0xa5][0xe8]<[0xaf][0xed][0xc8][0x84][0x0][0xf0][0xdd][0xae]([0xbc][0xf7]p[0xed][0x9d];/|[0xc4][0xae]yyY[0xb5][0xef][0x16]+s[0xfb][0xb0]Z>[0xc4][0x12][0x1e][0x0][0xc0]m_z[0xf3]RC[0x9]m[0xae][0xbf][0x4][0x17]0%[0xe6]o[0xb5][0xcb]e;[0xb6][0xe3]o[0xf0]$P58[0x5][0xfd][0xd3].[0xca][0x5]}[0xe3][0xae][0x9c][0xee][0x1d][0x5][0xae][0xf1][0xcb][0xb2][0xdb][0x8d][0xde][0x12][0xf4][0xf0]%[0xc9][0xe3]OR6&[0xf6][0x8f][0xd2][0x9d]x,[0xb9][0xae][0xf0][0xf8][0xda][0x88][0xf3][0x18][0xb2][0xc5]"[0xc4][0xd0]WH[0xd9][0x8b];[0xcc]N[0x95][0xb3][0x1]ER%FY[0xd8]V[0xc][0xad]X[0x88][0x19][0xd9][0x89][\r][0xa3]E[0xa9]8[0x9e][0xa3]jS]@[0x10]j[0xd7][0xc4][0xf2][0xc9][0xab]a[0x10]U[0x1f][0xac][0x87][0xd0]o[0xea]7[0x8e];[0x9b]`[0xaa]{[0xe0]{![0xa9]s[0x96][0x10][0xbf]1[0xd3]x_o[0xe2]p}{[0x89][0xc9]XHX[0xdc]u[0x82][0xfa]/[0xcc]>[0x0][0x8c][0xa8][0xc7][0xf2]a:[0xc7][0xbf]K[0xcf][0x7][0xa4]ys[0xc8][0x88][0xcb][\r]Lf[0xeb]6[0x9d][0xfb][0xd6]Y[0x8c]%[0xdd][0x92]Mg[0xb4]/$V[0x85][0xb9][0xe4][0xd4][0x8a][0xfc][0xa3][0xc7][0xec][0x82][0xdb][0xf6][0xbe]e[0xef])[0xed]9[0x16]Kd[0xca][0xbf][0xf4][0xd7]J[0x81]X[0x83][0xe]'[0xa8][0x1];[0xaf][0xb6]+[0x0]k)[0xfa][0xab][0xce]'[0xa0][0xb3]$d[0x9c]-[0x12]#;i'[0xc6]k[0xf5][0xe2][0xfc][0xed][0x8e][0x1b]?q][0xdf][0xe6][0xa1][0xe5]e[0xa7][0x11]/[0xbc][0xb0][0xfb][0xc8]ar[0xf8][0xfa][0x85][0xe9][0x19]h[0xa0]RP[0x18]J c[0xdf][0xdb][0xa7]U[0x9][0x5]UJ)[0x96][0x0][0x14]v[0x15][0x14][0x0][0xeb][\r][0x82][0xd8]A[0x1b][0xe6][0xa1][0x19]P[\r]tt[0x1f][0x18]-$&[0x8f]D[0xf0]$R[0xa4][0xa9][0x18].@[0xf6][\r][0x97]db[0x9f]<[0xfc]}n[0xee][0x8e]-[0x99]@7@BIY[0xc8][0xe9]*[0x1e][0xef][0x98][0xd5][0xfd][0x92][0xee][0xb1]~[0xc3][0xc5][0xd2]f[0x4]X[0x93][0xb4]Y[0xe7][0xf6]![0xae][0xab]r="[0x1c]g[0x1a][0xcf][0xed]x[0x1a],[0xa6][0xd6][0x89][0x12][0xd3]c[0x9b][0xb3][0x1f][0xc1][0xb0][0x9e][0xc9]c[0x91][0x82][0x1f][0x1e][0xb][0x10][0xd6][0xf0][0xd9]~[0x8f][0xbb][0xe7],A[0x9][0xc0]o1YY+[0xbe]h[0xc2]aF6[0x9]&k[\r]"[0x14][0xca][0x81][0xe6][0xd2][0xde]P[0xfe][0xde][0xb1]%t[0xbc][0xc][0x12][0xca]c[0xcb]p[0x19][0xa5][0x5]`[0xa8][0x3]`c[0xe5]f[0x1c][0xca][0xc3]}[0x8d]Z[0x15]P[0xb5][0xc1][0x11][0xb4][0x17]"e8[0xca][0x7][0xe4][0xde][0xc4]=cq5_Aw[0xe5][0xc1][0xb][0xd4][0xee]G\N[0x8d]C-[0x93]F[0x1]&H[0x9e]1[0xcb][0xd9][0x9f]=[0xbc][\n]"
05:56:02.489 [main] DEBUG org.apache.http.wire -  >> "[0x90]f&ho[0x1c][0xcc]i[0x1b][0x15][0x1a]>[0xf1][0xd0]k[0x94][0x95][0x8d]v[0xf8][0xf8][0x82][0xf9][0x95][0x80][0x88]{w[0xcb][0x8f]$_[0xd3][0xf2][0xb2][0x3][0x19]XY[0xfb]#|E#_[0xb3][0xe]W[0x9b][0xa1][0x1f]6>Y[0x3][0xe7]?F[0x8b]b[0xbd]h[0x0][0xd1]v[0x80][0xd9]D[0x91]>w[0xfa][0xb8][0xf3][0xac]([0x1c][0xc9][0x18]sj$[0x84][0xa9][0xb1]+[0xa2]6[0xf7]v[0xe5][0xc1][0x5]zy[0xd3][0xfd]7V6[0x10][0xfb][0x87][0x9f][0xdc]bb[0x1d][0xc7][0xc2][0xfc][0xef][0xe1]Y[0xe][0xb5][0xce][0xc9][0xce][0x98][0x88][0x80][0xbd][0x2][0x6][0xd4][0x96][0xb5]Sa[0x16][0x3]3(zW[0x95][0x13]F[0xab][0xdb][0x88]"d}[[0x93][0xc1]=[0x9b]&[0xfd][0xde][0xd7]g[0xbd][0x8a][0x5]n[0xf7][0xed][0xd3]o[0xb6]}[0x6];t[0x17][0xcb][0xfb][[0x89]+n[0xea]fL[0xf4][0x89][0xa9][0x9c]j[0xf4].,[0xf][0xde][0xb1]hFf.[0xd4]e[0x8e]=r[0xdc]j[0x19][0xa2][0xce]t[0x93]5U[0xd3][0xf5]i6[0xa2][0xd6][0xbf]O[0x9f]j[0x8e])[0xea]_[0xa7][0xa5]a[0xae]`[0xa2]`[0xdc]s[0xcd][0xbe]-[0xfb][0xa2]c`[0xa6][0xde]^},G[0xa5]t[0xdc][0xb][0xc5]~&[0xa5][0x9d][0xe7]g&3EY[0x98][0x8c]q[0xcf][0xb8][0xe8][0x8f]jW[0xe2][0xf][0xb1]VQ[\n]"
05:56:02.489 [main] DEBUG org.apache.http.wire -  >> "[0xce]^[0xb2]\[0x15][0xbb][0x92]d[0x99][0xf1][0xfc][0xd7][0x2]^[0x18]G[0xf4][0xe6][0x9e]u-.[0xc5][0xec][0xf1][0xd3]w[0xfe][0xea][0xb7]}[0xcc][0xee][0x81][0xf2][0x8a][0x4]v[0x92][0x95][0x1d][0xe2]Ep[0xa7]&=[0x19][0xbc][0x6][0xc7][0xad][0xae][0xa9][0xb8]UC[0x8a][0xcc][0xb8][0x8f]+[0xa3][0xfe][0xa7]{[0xc7][0x18]{[0xa8][0xbd][0xae][0x8b][0x19][0x10][0xca][0xf4][0x1d][0x85]<C[0xe2][0xba][0x8f][0xd3]2cl8;[0xcd]w[0xb1][0xd1]/[0xae]f[0x9a]=x[0x89][0x8d]}#es'[0xfe][0xc3]_`b[0x7][0xdd]t[0xe5][0xc2][0x89][0x85][0xf1][0x8][0xb5][0xb1][0xd6];'[0xfa][0x80][0xcb]I[0xab][0xb9][0xee]2nF[0x0]E[0xb4][0xc6][0xf2]q[0x99][0xe4][0x8c]'Hm[0xf7]ur([0xd9][0x6][0xcb]vC[0xd3][0xde][0xb1]%O[0xa1][0x94]rtSu[0xd8][0xdb][0xfe]7[0x86][0x86][0xe2][0x18]'[0xb1]8[0xd1][0xd4][0x15][0xab][0x1][0x88][0x90]pf[0xc6][0xd0][0xb1][0xb3][0xbd][0x9f]Y3[0x80]t[0xce][0x95][0xd6]N[\r][0x1d]Ri[0x81]+l[0x86]=-[0xc8][0x80][0x10][0xe2][0xc1][0xe7]YSH&#[0xe5]H[0x12]o,[0xba]7P[0x14][0xae][0x93]`5[0x15][0xb6][[0xd9]l[0x8c][0x96]2[0xa9][0xa3][0xe6]C[0xe0]U[0xfa]R[0x6][0x89][0xd1][0x10]A=z[0xc3][0xb6]:[0xfb][0xb2]]Y[0x3][0xde][0xf0][0x91]k4[0x93]0[0x12][0xd3][0xa3],+[0xf4][0x9d][0x0]nfg[0x93]9[0x14][0x9c][0x96]"[0x1e]%}[0x10]][0xc7]2[0x8c][0x9c][0xab][0xee]G[0xdb][0xf2][0xe5][0xcc]}[0xfb][0xf][0xd9]=R^[0x11]-|de[0x7][0x9b][0xf5]#[0xb0][0xe][0xab][0xb8]~[0xdb]6[0xf1][0xba]A[0xcd]`[0xd0][0x85]![0x14][0xdc][0xf]No[0xc7]![0xe7][0xa3]8[0x84]-[0xc][0x94]9@[0xaf]s[0xe7][0xae]J[0x8d][0x8b][0xc][0x13][0x16]B'[0xa6])6/[0x2][0x8][0x1]k[0xac][0xb5][0xa5]_[0xd2][0xee][0xbf][0x81][0xb2]%t[0x14][0x88][0xb5][0xca][0xda]J.r[0x8c]gd[0xe0]{[0x8b][0xa1]`U[0xd0]q[0xa1][0x8a]9/[0xdb][0xfe][0xd4][0xf3][0xaa]Q[0x8c][0xac][0x1f][0x8d][0xb2][0x84][0x92][0x0]S[0xc3]>[0x2]H [0xa8][0x2]c[0xdc][0x8a][0xad][0x81][0xa5][0xb5][0xa1][0x9f][0xdd][0x1f][0xdb]%[0xdd]Y[0xd1][[0x8b]*[0x1b][0xaf]l[0xa8][0xf6][0xc][0xaa][0xd2][0xb5][0xf7][0xe9]8hp[0x11]I[0xaa]D[0x5]}n)[0x8e][0xcf][0x4]C[q[0xa2][0xb2][0xfd][0xdd][0x9c]&d3[0x84]*[0xb7][0x9e][0xef][0x9e][0xbc][0x13]GY`}z[0xca][0xc3]T&[0x15][0x1b]c[0xde][0x9][0xc1]6[0xac][0x93]_[0xe1]*4[0xc8][0xbf][0x95][0xeb][0xe][0xf2][0xdf][0xca]x[0xd8][0xc0][0xb8]&[0xe3]qt[0xb7][0x85][0xed][0xf3]q[0x3]/]"-c[0x82][0xbb]=[0x9b]J[0xbe][0xe0]*[0x17][0xb4][0x9d][0xd0][0x19]+[0x97]D[0xa2]&`[0xdc] pU[0x12],"
05:56:02.490 [main] DEBUG org.apache.http.wire -  >> "[0xbb][0xab][0xae]f[0xc7]Y j#[0xc8][0xfc][0xca]{[0x97]ke[0xde][0xe6]\[0xe][0xaf][0xc1][0xac]+[0x8e])[0xf7][0xef]}[0xcb]G[0xed][0x1e])[0xaf][0x18][0x9d]8[0xb2][0xb2][0x9d][0xf9][0xc9][0xcf]fC[0xca][0xb7]/[0xf5][0xa0][0xb1][0xaf]z[0xa7][0xfd][0xc3][0xbd][0xe0][0x83]V[0xab][0xc1]t[0x96]J;6qm,[0x1c]-[0x8f][0xc6][0xc8]2*7M[0x99][0xcf]^nGtG[0xbe][0x97]e7[0xe3]c[0x17]F[0xf6]u[0x95][0xe3][[0xec][0xf7][0x8f][0xba][0xde][0xd8]Q[0x82][0xdf]n[0xb8][\r]0[0xca]-[0xdd]F[0x85]3[0x1f][0xa7][0x98]Z[0xc5][0xc9]"[0xa6][0x9]>|[0xbf][0x8d][0x9]p[0x17][0x5][0x98]He[0xf8][0xb5]A[0xd2],[0x8a][0xfd][0xcc][0x1a]e[0xa3]e[0x9f]L[0x92]Pl[\r]n[0x11][SoV[0xb6]d[0xbd][0xde][0xac][0x92][0x2][0xea][0xba]>[0x8f][0xb7]j[0x4][0xbb]>[0xd1]w[0xba][0x4]{[0xb0]F[0x96][0xc5][0x1b][0xda][0xed][0xd7][0xf3][0xa1]7[0xe0][0xd2]f[0x82]^[0xc7]c[0xf8][0x11]K[0xb8]f[0xcb]n[0x1c][0xc7][0xbc][0xdb][0xed]jO[0xe6]m[0x88][0xb5][0x9c][0xa5]A[0xe2][0xb9][0xf0][0xd5][0x8f][0xbe]y[0xbd][0x8b][0xf2][0xbf]W[0xb7]Z[0xb7][0xed][0x0][0x8d][0xd1][0xa5][\r][0x80][0xf4][0x99]+^[0x9b][\r]2[0xfe]e[0xc5][0xa0][0x19][0xeb]*[0xa3]X*[0x1b][0xfa][0xc5][0xcb]c3[0xdc][0xb4][0xfb][0xcd][0xf9][0xc8][0x80][0xe4][0xec][0x8c][0xb3]M;I[0xd7][0xa7][0x15][0x14]W24[0xf4][0x9f][0xee][0xf2][0x9]^![0x86][0xf9]`K}[0xa3]O[[0xfc][0xec][0xde]ac[0xc7][0xf2][0x8a]i[0xe1]#+[0xbb]s[0xcc]`[0xb4][0xd6]L[0xd6][0x16]S[0x16][0xe7][[0xa2][0xb6][0xf3][0xf4][0xeb]s[0xc1][0x9]l[0x4][0x19][0x93][0xbf]ap'T[0xb0][0xc1][0xdb]Q8[0x82][0xbb]][0xc7][0xb6][0xe1][0x9c][0x1e][0x2]o[0xcc][0x84][0xd2][0x8b]X%[0xa2]|[0xfe]"D[0xba][0x1d]/[0xf1][0xb1][0xaf][0xb9]l [0xf6]_[0x1e][0x98][0xd8][0x1f]}Ym[0x16]/2[0xe4][0xb1][0xa4][0xdc][0xa7][0x85][0x9b]J[0xa3][0x1e]L[0xce][0x98]S[0xb4][0x19],[0xf1]$[0xc4][0xdb]Ki[0x10][0xcb]"Tq[0xb][0xc0][0x95][0x8d][0x8e]u[0x95][0xa5]m[0xd7][0x91][0xec][0xcf]V[0xb2]t[0xff][0xe4][0xbe][0xb]^:[0xfa][0xee]}O[0xc5][0xee]Lpa[0x9c][0xaf];[0xad][0xc3]v[0xad]h[0xb1][0xad][0xb1]/[0x11][0x7][0x14]6[0xe5][0x0]w[0x1a]}]K'[0x9e]pl^[0xd7][0xb0][0x95]@[0xbd]{[0xb5])[0x93]%[0xe6][0x84][0x86][0xde][0xca][0xee][0x1f]_[0xb]u[0xa2]~[0xc3][0xc8][0xa6]dN[0x13](h[0x89][0xf4]:[0x15]Y[0x88][0xea][0xa0][0xd7][0xf3]u[0xd2]JY[0x1][0xc][0xbf][0x1][0x14][0xca]0)d[0xf5]a[0xbb]X[0xc7][0xba]X[0x13][0xdf]x[0x9f][0xe0][0xe5]$[0xc1]j[0x8c][0xb8][0xc6][0xf0]}[0x0][0xc0]L[0xfb][0xc7]5[0xc7]R[0x99][0x9a][0xd0]]ag[0xdc][0x82]W[0xa4][0xd9][0x1b][0xda][0x8e][0xb9][0xf]m[0x8c]{[0x1e][0xd3][0xfb][0xd8][0xef][0xda][0x0][0xbc][0xee][0xa5][0xe2]dnO[0xdc]Kl[0xec]X^Q:[0xb1][0xc5][0xca][0xe][0x98]V[0xb][0x9b]{[0x6]T+[0x1]6T[0xb][0x11][0xa0]=[0xb5][0xaf]U[0xc8][0xb7][0xc2][0xcd][0x6][0x81]F[0xd0]8-[0xfb]rE[0x88][0x1f]~[0x0]TL[0xb9][0x1b]J[\n]"
05:56:02.490 [main] DEBUG org.apache.http.wire -  >> "7[0x98]ZAY7w[0xb2]MU[0x14][0x97][0x87][0xa0][0xbf][0xae][0x12][0xff][0xfc][0x97][0xcd][0xfe][0xf8][0xcb][0xf9][0x19]I[0x17][0x9]>[0x95]5J[0x9b][0xb9]\b[0xa5][0x2][0xe9]*[0x8b][0x8a]S[0x18][0xfe]v[0xdd][0xd0][0x8e]^[0xd7][0x19][0xf2][0xd1]Do[0xe3][0xda][0xb2][0x81][0xd2][0xe0][0xc9]c[0x0][0xd2][0x91][0xba]n[0xfa][0xcc][0x17][0xd5]r@[0xb1][0xbb]3p[0x4]%O[0x3]+LQ$Z[0xe3]o[0xf8]1\L[0xdd][0x1][0xeb][0xb8][0x9b][[0xd7][0x1d]q[0xae][0xae][0xbd][0x1b][0xe9]C8[0xc6][0xd3]"d[0xdc][0xbf][0xe9]A([0x95]_m[0xb5]k1[0xca]C[0xc6][0xcc]^[0xc2][0xb6][0x8d][0x18]RT[0xff][0x10][0x1b][0x8b][0xc][0xe2][0x95]i8e&[0x6][0xe8][0xa4];[0xce][0xbc]{[0xa4]r[0x9c][0xad][0x97]2[0x7]v[0xeb](jB[0xcb][0xdd]k%[0xcb]B[0xb][0xbd]/)[0x8b][0xd3]{+([0x10][0x99]L[0x90][0x0]-.[0x2]"D[0xd8]B[0xfd]PA[0xeb]-S][0x15]bP83[0x94]l-[0xa9]of[0xa6]![0xf7][0x8a]/[0xef]X[0xcc][0x85]w[0xb][0xea]Hl[0x6][0xfa][0xae][0xb5][0xee][0xf5][0xb9][0xb3][0x1][0xa6]K[0xd9]?[0xf4][0xf0][0xf][0xd8]=V^Q [0xdb][0xde][0xf6][0xb1][0x8f][0xf][0x19]2[0xa3][0xa2][0x84][0xfd][0xf8][0xcb][0xd1]jYP[0xcc]][0xf0]J,[0x9e][0x13]J[0xbe]i?[0xec][0xd6]P[0x16][0xe5]6[0xd5][0xce]H[0xc1]F[0xb5][0x10][0xb4][0xf6]S[0xf9][0x94]"[0xe9][0x8d][0x93]b6[0xf6]eT[0x9f]/[0xf]A[0xed][0xe5][0x8]b[0xf1][0x9b][0x90]_[\n]"
05:56:02.490 [main] DEBUG org.apache.http.wire -  >> "l[0x82][0xca][0xc6][0xc9][0xa0][0xc1][0xa2][0xdc][0xfa][0xb9]'*[0xe2][0xed][0xd4][0x89]z[0x12][0xa6]"[0xed]m[0xff][0xee][0x12]&[0xcd][0xe5][0xd5]T[0xd1]`i[0xd0][0xb]ft:[0xbb]iB[0x2]A[0x10][0xb7][0xe4][0xfe]j[0x97][0x1e][0x15]}[0xc0][0xdd]YJ[0xaa][0x1c][0x4]!][0xe][0xb6][0xc2][0xba]j/Q[0xc7]K[0x15];[0xee]?_[0x82][0xc2]Q1=[0xa3]rwL[0xa7][0xc1][0xf5]Z[0x94]4[0xa0][0xd1][0x95][0xf1][0x86][0xe8][0xf0][0xa8]w[0x0];[0xa7][0x80]KR}NY;va_[0x80]jN[0xae][0x92][0xee]R<K%[0x18][0xe8][0xed]~[0xad]x^[0xcc]X[0x97]w[0xcc][0x8f][0x97][0xba][0xba]r[0x9d][0xad]'[0xd8][0x9e]([0xe5][0x8a][0xb9][0x15][0x96]srh[0xca][0x84][0x8c][0xa0][0xa7][0x9d][0xde][0x9c])[0xff]G [0xd8][0x97][0xba]8[0xf6]}o[0x83]}[0xcd][0xbd]'L[0xd0][0xcc]N[0xd1][0xe2][\n]"
05:56:02.490 [main] DEBUG org.apache.http.wire -  >> "7![0x1]<[\r][0x9][0x82][0x19][0xe2][0xf3][\n]"
05:56:02.490 [main] DEBUG org.apache.http.wire -  >> "b+[0x10][0x11]([0xf1]y[0x5]-[0xae][_[0xb3]&~D[0xee][0x92][0x8f][0xd8][0xbf][0xf1][0xad]O[0xdb]=V^qM[0xfc][0xe4][0xdf][0xf8][0xef]~[0xf4]0[0xab][0x8f][[0xed][0xee]m[0x3][0xc4][0xbe][0x95]O[0x8c][0x8d][0x86][0xcd][0x9f][0xa7]S[0xca][0x7][0xe8][0x5][0x8e][0xd5]fr[0x3][0xe5][0x8f]JHlu[0x81][0xec]!${ Rme[0xf1]V[0x1b][0xe]Ki[0xdd],QV[0xbd][0x9f][0x18]h[0xd5][0xfd][0xcb][0xdb][0xee][0xbf][0xa6][0x12]O[0xfc][0x86][0xed][0xf5]w[0xf9]5u[0xac]*[0xad][0x2]-[0xe7]FP-B[0x84][0x81]n[0xa3]Bf[0x9c][0xcb][0x16][0xe3][0xb9]\[0xcc][0xfd]B[0x8c][0xd6][0x89][0xc7][0xe3][0xbb]V[0x18][0xce][0x97][0xe4];[\r][0x1f][0x5][0xd0][0xae]/[0x95][0xb3][0x10][0x96]m[0xf7][0x11][0x4][0xaa][0x11][0x87]rG[0xa7]P][0xdf]F [0xc][0x2][0xb6]![0x91][0xd6][0xa8][0x93][0xf0]Ll[0xef]|z[0xe5][0xdc][0xb8]W[0xd3][0xc8]*[0xac][0x6][0xb0][0xb9][0xf5][0xa3]d[0xaa]g[0xe1][0xa2]D([0x5]`[0xdb][\n]"
05:56:02.490 [main] DEBUG org.apache.http.wire -  >> "[0x16][0x97][0xab][0xfb]j;[0x98]l[0xe1][0xd4][0x83][0x97][0xe2]SnC[0x91][0xe0][0xc1]v[0xa8]hKaS[0xfe]+[0xff][0x12]`[0xd2][0xf2]o&KY[0xe9][0xf2]}[0xa8][0x0]/\e6[0xc4][0xcb][0x9b]&[0x83][0xfa]C[0x9b][0xed][0xed][0x91][0xa8][0xd1]@[0x8b][0xfe][\r][0xf9][0x9f][0xc6][0xf3]0[0x8e];^[0x95]=[0xf7][0xb6]b[0xdc][0xc4][0xb][0xc0]{V`[[0x9e][0x1]#[0xc0]/[0xf3][0xc5]$'[0x5][0xb0]^LY#[0x1][0xc0]8[0x8b][0xa1]V[0x1e][0x8f][0xa7]o?[0xff][0xdc]cv[0xf][0x96]W[0x85]R[0x1c]V[0xe4]C[0xfd]%[0xff]@qm[0xec][0xac][0x8a],[0xc1][0xb0].[0xc4][0xf2][0x95][0xc5][0x13][0xab]8[0xc1][0x89][0x16][0x1f]7z[0xbb][\n]"
05:56:02.490 [main] DEBUG org.apache.http.wire -  >> "K[0xb1][0x99][0xf9][0x82][0x95]y[0x1c][0x16][0x12][0x5] bU[0x3][0x1d][0xa9]7Z[0xaf][0x17]F[0xf6]U[0xcb][0x6]bO<U[0xdf][0xd4]m'[0xca][0xde][0x86][0xa1][0x92]L[0x83][0xb1][0x81][0xce]<%[0x97][0xf6]V$i[0xd7][0x88][0xa7][0x9][0xbe]J[0x9][0xc5][0x8c][0xba][0x8f][0xf5][0xee]i[0xe8]#[0xeb][0xdf]umy[0xbd][0xb8][0x10]Y[0xd3][0x1a][0xb]s[0x1a][0xfa]n[0xd3][0xa3][0x10][0xed]9H'[0xda][0xce][0x81][0x15]NP)[0xe5][0xe]p[0x9a]*3[0xc0]/[0x0][0x13][0x82][0x99][0x14][0x7][0xc2]@X[0xbb][0xf3][0x10]B[0xf2][0xee][0xb3][0x87][0x15][0x93][0xe3]#[0xc0][0x9c]+[0xb][0xc4]"[0x81]q6J[0xac][0x1]'[\n]"
05:56:02.490 [main] DEBUG org.apache.http.wire -  >> "[0x90]K[0x12][0x96]^}[0xce]K[0xd2][0x5][0xde][0x16][0x1f][0xf2]?j[0xb0][0x9e][0xff]4|[0xc0][0xa2][0xa4][0x12]^.[0xec][0xc8][0xcb]=[0xec][0xe2][0xeb]E'[0xdc][0xac][0x13]py[0x1d]s[0xa5][0xa8]in[0xf7]:`[0x93]@-[0xf5]V+[0xf3][0xa1][0xdb][0x12][0xb6][0xc5][0xb1]/@5[0xce]q:[0xb1]u|[0xb8][0x17][0xaf][0x4][0xa9]31[0xb0]X[0x8c][0x87][0x93][0xf6]b[0xff][0xa8][0x1d][0xbc]dv[0xf][0x96]WE[0x13]?[0xf9][0xd7][0xbf][0xf3][0xf1][0xc3][0x9f]|[0xbb]r[0xc1][0x3][0x17][0x18]>[0x11][0xc8]l[[0x1f]fL[0xfc][0x88]v[0x9a][0xa7][0xf6]r[0xbd][0xc2][0xea]Szh[0x2][0x1b][0xa7][0xf4]^[0xac][0x9e][0x19][[0xbd]T[0x12]G108[0xf4][0x1]Aj[0x8b]S[0xf1][0xbe]$z[0xbc]t9[0x82]X[0x1c]A[0xc][0xf1][0xae]i[0x1a][0x94][0xb5]i[0x2]B6^[0xed]dEM[0xd4][0xb5][0xd8][0xc][0x8b][0xeb][0x12]X[0x1c]oJ[0xd1] W[0x17][0x17]U*[0xff]e[0xb4][0x7][0xd3][0x4][0x98][0xe0][0xee]rW[0xe0][0xa0]k[0x91][0x89]i[0x0][0x8a][0xa0][0x9e]mpbJ<[0x9f][0x1b][0x86][0x81]M[0xdf]5[0x18][0x98]U[0xe5]y[0xb3][0xce][0x1c][0xd0]+[0x14][0xc6][0xda][0xf6]j[0xad]I[0x3][0xcf][0xf5][0xb][0xe6]QHI~[0xd8][0xbb][0x0][0xab][0x8f][0x18]J[0xd4]d[0xc3]Z[0xa0]![0x10]@QLl[0x1][0x8c][0xcb][0xd8]K[0xe][0xdb][0xf0][0xc4][0xdc][0xbb][0x8c][0xc6][0x96][0x11][0x1e][0xa3]g[0xee][0x94][0x9c]h[0xb0]*x)[0xf9]/[0xf6][0xea]dOX5[0x1a][0xa0]5[0x9f][0xe][0xa3]  [0xcb][0xde]c[0x84][0xff][0x7][0x86]mN[0x8f][0xe8][0x8][0xd7][0xae]{[0xd1]P[0xd8]^[0x2][0x1e][0xd5]3[0x97][0xfe][0xd9][0xb9][0x82][0xfb][0x15][0xd8][0x8b][\n]"
05:56:02.491 [main] DEBUG org.apache.http.wire -  >> "[0x9f][0x0][0x9e]{[0x9c]K[0xb9][0x1f]i[0xf4]g[0x0]J[0xeb][0xf0]s[0xd3][0x9d][0x2][0xf6][0xa1][0xeb][0xfc][0xc3][0x99]_[0xad][0xbc]j[0x94][0xc2]o?[0xf0][0x1];[0xa6][0xe3][0xd3][0x92]d[0x9]X[e[0x8]Q[0xe7][0xb9][0xc9]b[0xf][0xba][0xae];[0xdd][0xb8][[0xdb][0x13]T[0xec][0xac],5h[0x9c]n[0xc3][0xb7][0xb7][0xd9][0x8b][0xe7]([0x5] [0x3][0x9][0x14][0x88][0x80]P[0xd5][0xe][0x9]5[0x94]/ [0xf6][0x92]%~[0xed]w->[0xf9][0x1b][0xf0][0xab]9[0xd9][0x3][0xce][0x7][0xac]U[0xb9]Ihw/N[0xb1][0x16]+t[0x80][0x82][0xc9]:B=G[0xfb][0xfd][0xb0]He[0xa3]T[0x83][0xd2]L[0xd9][0xd8][0xa2][0x17]r[0x81][0x89][0x4][0xa5][0xa2][0xb6]3T[0xf9][0xed][0xb2][0xf3]B.[0xb8][0x16][\r]}[0xf6]8e3[0xd4]?.8[0xb9][0xb0][0x18][0xf4]$[0x9c][0xdb]52[0xdf][0xa3][0xd4]/X[0x8a][\r]f[0x5]I[0xe8][0x81]H<[0xd0][0x17][0xa6][0x99][0x82][0x85][0xf3]H[0xff][0xb7][0xd5][0xfb][0x9a] [0xb8][0xf7][0x6]t([0xf2][0x9a][0x9a][0xa1]kO[0x95][0xbc][0xdb][0xd4][0xa6][0xfb][0xa0][0x18][0xc9][0x80][0xf1][0xc7]K[0xfe][0xc1]+C[0x0][0xd6][0xd3][0x5][0xbd]-[0xf6]^[0xf6][0x8e][0xb0][0x97]\[0xa8][0x98][0x96]@[0xc5][0xb0]B=t[0x9]J[0xb5]v[0x6][0xd0][0xe8][\r]S[0xc6][0xeb][0x90][0xff][0x81][0x1b]4[0x1f]2[0xdc] [\r][0x12]0+l[0xa7][0x80][0x17]c[0x93][0xb1][0xff]LDR[0xa6][0xa6][0x89][0x1d][0xc2][0xcc]V[0xd0]{)0[0xeb][0xfe][0xa8][0xc5][0x18]O[0xdf]~[0xef][0xb7]?f[0xf7]py[0xd5][0x80][0xec][0xc9]G[0xdf]v[0xe3][0x10].>f1[0xae][0x8b]PV[[0xc7]*$D[0x6][0xdf]zX{[0x4]`9[0xe3][0x86][0xb6]$5[0x9e][0x96][0x92]S[0x8a][0xa3][0x85][\r][0xa9][0xb5][0xc3][\n]"
05:56:02.491 [main] DEBUG org.apache.http.wire -  >> "[0xdc][0xae][0x9d][0x1b][0xdb]]80[0xaf]wo![0x8d][0x9d][0xdb][0xa5][0x9c]/[0xf1][0xc7]_[0xb6][0xf8][0x99]_*[0x3][0xc0][0x81][0x11]f[0x8c][0xcf][0xe3][0xef][0xa2][0x17][0xc1][0xba][0x84][0x11][0xe3][0xaf]/[0xbe][0xe5]v-[0x8b][0x15]{b$[0xc1][0xda]o[0x96][0xdf].4#[0xe8][0x84][0xb8][0xf0][0xf4][0xde][0xee]U[0xab]a[0x86][0xe7]L[0x98][0xf][0x18][0x9a][0xe1][0x9d]S[0xd6][0xd6][0x93][0xb0][0x17]lY[0xa3]=[0xa4]V[0xbc]bQ[0xfe][0xbb][0xf3][0xc6][0x84]~@[0xbc]$B[0xe6][0xa8][0xe9][0x9][0xda]([0xdd][0x8f][0xb1][0xc9]x2[0xce]'[0xad]l[0xd7][0x1d][0x9f][0xb9]l[0x0][0xd9]#[0xfa][0xcc]`[0xe4]r[0x87]z[0xed]B[0x9c]t[0x95][0x19]L[0xdc]C[0x8c]Z[0x15]1S[0xe7])[0xa2][0x4][0x90]T[0xed][0xfd][0x14]F[0x0][0x14]v[0x95][0x19][0xe9]|{[0xf]Yo[0x19][0x1f][0xce][0x9e]zq$Y[0xa7])[0xff][0x5]$[0xd6]C[0x8a][0xa5]_[0xe8][0xa7]3Q[0x85][0xa3][0xc5][0x1c]b?'#Dg[0x98][0xde][0xdf]`[0xa3][0xa0][0xc3][0xcf][0xb]x[0xad][0xd7][0x95]e[0xe6][0xfb][0xe][0xd6][0x8e][0xdd]I[0x90][0xaa]y[0x0][0xf0][0x9d]gpq[0xe3][0x8e][0xed][0xdf]m[0xf7]xyU[0x83]<[0xb7]n?[0xf8][0xe1][0xc3][0xcc]>-[0xb][0x19]%[0xa9][0xce][0xaf]!Bb[0xfd][0xb6][0x8e][0x2][0xb0][0x96]%1[0x13]UX[0x91]Ee.[0x1]\[0xe1][0xfd]-[0x93][0xe5]~@}ix[0xb7][0xb2][0xdb][0xf6][0xc6][0x8e]Jh[0xee][0xb6][0xc3][0xb7][0x7].[0x8c][0xec]\[0x89]gnY[0xfc][0xd4][0x13]-[0xc5]e[\r][0xa7][0x15]\[0xcb][0xdd][0xcf][0x0][gc49[0xb][0xc4]t[0xcc][0xa6][0x9d]MD[0x14]fC[0xcf][0xf]2[0xe7][0x9c][0xde]:TW[0x19]u[0x9e]Yw[0xe1]>XS[0xc7][0xd6]Z[0xc9][0xf]7[0xd1][0xec][0xc8][0xe2][0x9][0xab][[0xc9][0x82][\n]"
05:56:02.491 [main] DEBUG org.apache.http.wire -  >> "[0xc0][0xc4]W[0x95]m'[0xb][0x14]5Y}[0xb7][0x91][0xc0]![0xb1]>[0x13]e[0x18][0x1e][0x13][0x90][0xa0][0xf]1[0xc5][0x9c] ;[0xf9][0xe8]P[0xb5][0xf0][0x1a][0xfa]b[0xc5][0x19]][0xb2]eU[0xf4]$[0xd6][0x9c]G[0x83][0xef][0xf9][0xa2].1[0xd2][0xab][0xc3]=[0xbb]][0x9c]c:|[0xa3][0xf][0x13]+J[0xb6][0x19]o[0xeb]9[0xc1][0xbd][0x5]*[0xda]g[\n]"
05:56:02.491 [main] DEBUG org.apache.http.wire -  >> "f[0x80][0xdf][0x1b]L[0xde][0xc0]D[0xc2][0x8c]ru[0x3][0xe7][0x16][0x84]Q[0xb][0xd9][0xe][0xd5]/A[0xc3][0xd8]jgz[0x1d][0xa5]q[0xdc][0xd5][0xb9][0xae][0xaf]s[0xfe]}[0xb0][0xd5][0xe][0xa2]6c# w9[0x1]4[0x1c][0xe7]z[0xc8]*[0x7][0x93]o|m[0x87]u[0xec][0xee]|[0xc0][0xde][0xfb][0x96][0x1b]v[0x8f][0x97]W[0x15][0xc8][0xb6]t|[0x8f]G[0xf3][Z[0xaa][0x89]S[0xbd][0x96][0x8c][0xa7][0xe6][0x9f][0xbe][0xd9]a[0xb5]EKvk[0x18]l[0x9f][0x88][0x91]8[0xa0][0x96][0xa4]3[0xa2][0xe][0x0][0xd3][0x1d]$[0xd6][0x92]\6|[0xe2][0xda][0xb1]|[0x18][0xf4]RF[0xd9]@[0xec][0xff][0xfb][0xf3]xb[0x6][0xc1]K[0x91][0x86]NxJ3c=[0xcd]vc,[0xbb][0x18][0x1f]PC[0x83][0x97][0xc1]M,[0x84])o[0xa7]E[0xee][0xca]@*L[0x96][\r][0xd4]Y^cB7z@[0xf4][0xcd][0x5]I[0x4][0xfb][0xd9][0xb1]T[0x1a]\[0xd4][0xa6]I[0xfb][0xf0]e[0xa0][0x8a]*[0xc0]<'[0xca]j[0x81][0x98][0x8c][0xf][0x97][0x8b]0[0xe7][0x91][0xba][0xb1][0xf1]5ca[0x9c]_[0xca]UU[0xb5][0xab][0xf8][0x9e][0xc9][0x1e].[0xab][0xa2][0x98]d0[0xce]X[0x13][0x92][0x8d][0x1a][0xdc][0x97][0xe][0xf5][0x1d]5v[0xc6][0xf7]<[0x0]@d].kE&[0x81]x[0x9b][0xe9][0xe0]y[0xac][0x1d][0xa4][0x1d][0x0][0xe5][0x14][0xf0][0xac]W[0x17]K[0xf][0x10][0x2][0xb0]xU[0x9d][0xf][0x6][0x84];[0x8f][0x1e][0x94][0x1a][0x88][0x9f][0xee][0xaf][0xad]Eg3[0xc7]o[0xbb][0x9a][0x0][0x93]:[0xb6][0xd9]4[0x1f]F[0x90][0xd3][0x1b]=[0x81][0xf6]X[0xf6][0xfd]$~[0xac]@4[0x0]M[0x8e][0xf][0xa0][0x92]y[0xe2]y?[0xd5];[0xa3][0xae][0x6][0xe8]-.v[0xe7][0xaf][0xfe][0xf9]k[0xfd][0xcb][0xcf]_ky[0xd5][0xd3][0xee][0xb6][0xc4][0x8f][0xb0][0x9f]4([0x1b][0xb7][0xe]~[0x8a]y)[0xb6][0xab][0xc8]v[0xc9]Yo:[0xf8]WJ[0x90]cXc",![0x81][0xfb][0xb6][0xc2]4[0xd8][0xea]8I[0x9d][0x10]'[0x9d][0xf7][0xee][0xdf]%cq)[0xcf][0xdf][0xde]@[0xcc][0x8f][0xbf])&vf[0x86][0x1a]M[0xf3]0[0xb6][0xe2]'`[0x15]b[0xbe]D[0xa5][0x85]{[0x81]!m[0xf][0xde][0x9e]7[0xb9][0x10][0x95][0xed]p1[0x18]"b=#[0xef]bB;_[\r][0x5]w[0xa0][0xf6][0xc4][0xcd][0xd4]0[0xa7][0xeb][0xba][0x95]|[0x83][0x17][0x94][0xbd][0xf4][0xc8][0xc0][0x80][0x12]$[0xca]][0x18][0xec][0x93][0xd7]k[0x99]*[0xe5]^0[0x93]4[0xb5]*Ck[\n]"
05:56:02.491 [main] DEBUG org.apache.http.wire -  >> "[0x2][0x1d][0xcc]2[0xec][0xe2][0xa8][[0x8f][0x1a]v[0xec]Y&{[0x1c][0xdf][0xc1][0xe8]^[0x6]E[0x1e][0xc4]>[0x1f][0xca]U`[0xac][0xc5][0xaa]Y[0x8b][[0x85][0xa3][0xc8][0x1a][0x8b]Q[0x8a][0xbc][0xb4]kq[0xa1][0xbd][0xa1][0xf6]C[0xd5]b[0x5][0x8c][0x6]zjq"[0xfc][0xa6][0xb2]np[0xa1]D[0x1b][0x9d]@[0xaf][0xc6][0xac][0xc9]Jx[0xde][0xe9][0xc2][0x13]%[0xa3]j[0x6]_[0xd9][0x85]s[0x17]y[0x81][0x93][0xf][0xd7]b[0xd0]@Y0[0xc8][0x6]q[0xf4][0xa0][0x86]1[0xb2][0xa6]][0xa5][0xdc][0xda]UE[0xe2]h[0xdb][0xbd]qV-[0x8d][0xb5][0xaf][0xcf][0x1f][0xba][0xd7][0xe3]bZ^[0x13]m[0xfc][0xfc][0x9d][0x7][0x1e]=,[0xfd][0xcd][0x92][0x9e][0x99]t[0xa1]q.9|,[\n]"
05:56:02.491 [main] DEBUG org.apache.http.wire -  >> "1m[0xea][0xa5]({[0x9b][0xdb][0xe2][0xc6][0xb0]vM[0xb2][0xb4][0x15][0xef]m[0xe0]n[0xef]K[0xcb][0xc8][0x83]Kp[0xa4]#[0x0][0xdb]w[0x95][0xb3][0xb]#[0x1b][0xe5][0x18][0x13];[0x82][0x18]@[0xc2]1[0x9b][0xce]g[0xf8][0xc2][0x90][0xbc][0x80]u[0x82][0xaa][0x9e][0xc4][0xa4]Q[0xae][0xea]([0xc6]P[0x86][0xc8][0xba]7J?[0xa9][0x2][0x96]d[0x7][0x1b][0xec][0xa4][0x95]sn[0xa2][0x10]`[0xe2][0xaa]7:[0x12][0x9c]r[0xef]q[0xb3][0x8][0x93]a[0xaf][0xe9][0xe][0xc5]^[0x89][0xe9][0xe5][0xa9]|[0x4][0x97][0x1b][0xea]B[0xd3]>[0x9b][0x9][0x9]1[0x8][0x88][0x2]s[0x81][0x89]-[0xe0]^[0xae][0xd1][0xd4][0xd9][0xe8]?[0xdc][0xe7]Q[0xc3][0x1a]:[0x19][0xfd][0xf1][0x81][\r]6K,[0xd1][0xe5]3[0xc4][0xa0]x[[0xb8][0xc6][0x8a][0xea][0xde][0x8c]oI|;06/[0x11][0xc5][0x80]^J[0xfe][0xcb][0xf7]i[0xe2][0xb2][0x83][0x87][0xc6][0xc7]b[0xd1][0x95]xF[0xfe][0xcd][0x14]\8[0xb8]z[0xbe]4[0xe5][0x9f][0xf6]D[0xf6][0xd3]IH[0x83][\n]"
05:56:02.491 [main] DEBUG org.apache.http.wire -  >> "[0xab][0xe][0xe5]j[0x8]H.E[0x15][0xdc][0xf1]s[0x1a][0x15][0xce][0x9]?I[0x1c]1[0x85]S[0xe][0xfc][0xea][0xf3][0xc2][0xd8][0xe4][0xf8][0xc7][0xf6][0xef][0xfd][0xf6][0xf][0xd9]}T^[0x13] [0xdb]~[0xb3][0xcc][0xf6]O[0x5][0xa8][0xe0][0xa9][0xbe][0xb4])[0xeb][0xa6][0xe6][0x96][[0xf9]Y[0xbc][0xe1][0x5]{1[0x14]hj[0x3][0xf6]}[0xf5][0xc][0x8a][0x1f][0xdf][0x4].[0xb1][0xec]n[0xbb][0x82][0xbd][0x15]t[0x16]+[0xdc]ag[0x8e][0xd6][0xce]J[0xf2]}Z[0xe2][0x93][0xbf]n[0xf1][0xf4][0xef][0xdb][0xc8]4[0x9c]W[0x1c][0xff]A@[0x4]O[0xf0]"[0x10][0x11][0x88]IZXG[0xbe]uAYE}<[0xd5][0x18]Ci[0x9e]^[0xd7]1[0x12][0xa9][0xa5]]d[0x8b]*)[0x9c](+8[0xd6][0xdb][0x12][0x92][0x99]p[0x11]d[0x9b][0xfd][0xbc][0xd9]P[0xac]b-e[9[0xec]|~J[0x9e]I*[0xf6]h[0xe2]rE[0xac][0x96][0x82][0xe1]sn[0x97]y&[0x4].M[0xb6]m[0xc1]>[0xd1][0xc4][0xa7]r[0xf6][0x85][0xac][0x98][0xa0][0xab][0xc4][0xac]0[0xa3]j}[0xa6][0xf3]x[0xb4][0xa9][0xcb][0x87][0xf8]V[0xe0][0xba][0x9e][0xe0][0xba][0xa8]t[0xba][0xbb]Z+T[0xd0][0xa8]4[0x8d][0xd5][0xdd][0x8c][0x1][0xd9][0x9][0xa2][0xb7][0xfc][0x9b]NM[0x2]i[0xb9]S9[0x86]"R[0x5][0x9e]a[0xf0][0xd3][0xd6][0xa8]<[0x97][0xc6]@[0xa3]k:[0xca]`[0xc1][0xa4]Yw [0x86][0xb1] ,[0xd3][0xa8][0x97]0W[0xbd]g[0xd3]2P[0x1d]sV[0xb9][0xe0][0xf8]8[0xbf]<[0xf7][0x1a][0xc7][0xf7]([0xfe][0xe0][0xb7]=j[0xf7]Yy[0xcd][0xfc]c[0x9f][0xfb][0x1b][0xdf][0xf9][0xe1][0xc3]j|b[0xfb]R[0x1b][0x1c]1[0x81]6e[0x81]D[0x95]&[0x15][0x90][0xee]0o[0xb3][0x9e][0xe2][0x92]_m[0x1a][0xbe][0xde]i[0xfd]y [0x1a][0x0][0xd5][0xff]\[0xe9][0xf6][0x10][0x0][\n]"
05:56:02.491 [main] DEBUG org.apache.http.wire -  >> "[0x92][0xcb][0x6][0xd6]ra"
05:56:02.492 [main] DEBUG org.apache.http.wire -  >> "d[9[0x82][0x98][0xfd][0xc2][0xaf][0x9b][\r]-[0xa8]1[0x11]7[0x17][0x93][0xc3][0x9b][0xdd][0xca]B [0xc6]B[0x85]=[0xc0]$[0x95][0xbb][0x1b][0x12]C[0x1c].=[0x17][0xa0][0x9][0xb4]5[0x94][0x9c]C[0x8b][0x1b]/[0xee]tlI[0x14]aEi[0x9c][0x97][0xb1][0xcd]@[0x1e]\_[U~[0x95][0x11][0x13]c[0x7][0xd2]D[0xf3][0xe1]q[0xc0][0xde]ejx[0x80][0xe1][0xe0][0xe9][0xf]nA[0xcd]$[0xac]1[0xe4][0xc2]jk[0xec]u[0xe][0x8c][0x14][}[0xba]=[0x93][0x12]glOk[0x9d][0x17][0xd7]Q"Q[0xde][0xe2][0x13][0xe8]G[0xe3][0x0][0x8]#.p%[0xb2]_H[0xfa][0xa0][0x9d][0x13]p[0x89][0x18][0xe5][0xb0][0xe4][0xbf][0xdf][0xc6][0xa3][0xc6]I[0xa5][0xe8]'[0xda][0xa7]3[0xaf]n[0x15][0xd7]n[0xe8][0x1e]`[0x87]'c[0xa9][0xed]Ps[0xe4][0xd3]%[0x19]$[.[0xf2][0xf][0xc0][0xb2][0x8e][0xa3]U_[0xe9][0x12]=[0x9d][0x14][0xb3][0xce][0x82][0x8e][0x15]xX[0xaf][0xce]"[0x99][0xb9][0xb7]a}&[0x19][0xe4]\)}w[0xcc]r[0xfd][0xd4][0xfe][0xb9]g[0xdf]m[0xf7]ayM[0x3]=~[0xe7][0xf6][0xa3][0x87]e[0xfe]b}+[0xfb][0xc7][0xc4][0xea][0x11][0xf0]bXu[0xd4][0x0][0xc5][0x15][0xf0]%[0xc3][0xbe]c[0x9a][0x97][0x6]a[0xdd]"$[0x6]v[0x16][0xa0][0xb2][0xed][0xed][0xf]T37[0xb8]K[0xab][0xbb]K[0x8c][0xec][0xc8][0xc2][0x8e] FM[0xd7][0xf3]f[0xa9][0xf1]M-[0xd2]2[0x8a][0xb3][0xb8][0x7][0x19]o[0x1b])6[0xdc]j\[0xab][0xfa][0xb3][0xc5]'[0xb6][0xcb][0xf3]AZ[0xda][0xec]R!-S[0x13][0xfc][0x0][0x96]:@[0x13]h[0xaa].[0xac][0x2].[0xf7]v=y[0xa1]_[0x82]MX[0xdb][0xdd][0xde][0xfd],`lwvm;[0x80][0x8b][0x9]^[0xa7]2[0x4][0x8e]f[0x1b][0x87][0xf0][0xd6][0xce]{[0x82][0x98]eh[0xa3]>'[0x92][0xd6][0xd4][0xea][0xd8][0xb][0xf7][0xc4][0xe5]f[0x83]I[0x86][0x8b][0xae][0x95][0xeb]8'[0xb2]t[0xe]@[0xc4]uQa5a[0x16]a[0x92]R[0xdf][0xb2]b[0xa3][0x8][0xaa]Cy[0xb][0xa4][0xb6][0xac][0x83][0x84][0x13]-E[0xfe][0x9d]<[0xa3][0x93][zd[0xf0][0x8e][0x82][0xe9])[0xab]Q[0xf9]g[0x97][0xe0][0x4][0x88][0xfa]][0xb1]3[0x1a][0xc5][0xba][0x7])[0xff][0xc2][0x96][0xd0][0xff]2[0xba][0x92][0xa9][0xe1][0xe0][0xe6][0xda]=[0x86]*i[0xa9][0x9d][0xd1]V[0x2][0xce][0xec][0x89]5[0xa0]:[0x92]kjS[0x9d]q;.3[0xcc][0xf1][0x1e][0x9a]~[0xe2][0xf6][0x11][0xc4][0xee][0xd1]7w|[0xb5][0xf2][0x9a]j[0xe3]'[0x1f][0xfd][0xee][0x1b]V/[0x15][0xae][0x8d]M[0xeb][0xac][0x18]TH[\n]"
05:56:02.492 [main] DEBUG org.apache.http.wire -  >> "[0xeb][0xf6][0xaf][0xd1][0x87]M[0x5]s,'[0x9][0x1e][0xae][0xbe]C)[0xce][0xff][0x95]Z3k[0xb]H[0xee]+O[0xbd][0xc3][\r][0x0][0x97][0xc4]W5[0x8f][0xee][0x97][0xf2][0xcc]sf[0xff][0xf4]3P[0xf0][![0xf]([0xc0][0x88]b[0x10]1O/[0xac])[0x9c][0xe9][0xf6][0x9b][0xe7](90c>f[0xfd][0xd7][0x1a][0xa9][0xa0][0xf4]E[0x95]k[0xb0]5[0xbc]]~[0xe3]x[0xc]p)[0xdf]][0x1e][0x9]|[0xe7][0x98]h[0xe1];^[0xf0][0xe0][0xdc]4[0xe2][0xee]k[0xc6]8'[0xa2][0x95][0xb4]Yo[0xd4]2[0xd0][0x83][0x1d][0x1a].[0xd9]Mo[0xee][0x9a]@[0xd4]5[0x1][0x96][0x88][0xcb][0x92][0xd4]Ue[0xf5][0xd2][0x8b][0x6][0xba][0x1a]8\[0x9d][0x92]w[0x1]1;[0xc1][0xba]p[0xae][0x9b]U:F([0x88][0x1a][0x98][0xc2]2[0xa7]>[0xb8][0x16][0x1b])W[0xbe]Qb[0x16]v[0xc1]0Sv[0x86][0x6][0x83][0x1][0xee][0xb1] mu[0xa4]q"1[0xac][0x91][0xac][0x82][0xf4]v[0x17]&5[0xca][0xd2][0xc5][0xd2]9[0xc1][0xe1][0xf7]}E[0x16][0xb][0xae][0x8a][0x1b][0xa1][0xd3]\[0xb8][0xda][0xe3]j[0x9c](8[0xa1][0x9d]3LM[0xcf][0xa5][0xf9]&xhC[0x9e]|[0xbd][0xc7]$[0xf1][0xa3]14[0xee]k[0x10];[0x96][0xd7][0x9c]V|[0xee][0xd1][0xef][0xfc][0xf0]aI[0x1e]7$l[0xa4][0xe6][0xe0][0x1e][0x15]Kp[0x13][0xa1][0xd2]rv[0xea]Zd[0xf0][0xdc]![0xac][0xc3]B[0xe3]_[0xfd][0xc4]w#[0x9d]ZJ^W[0x18]6[0x97]X[0xa4]~[0xa5][0x91]t[0x94][0x3][0x88][0xc5][0xf1][0xf3]f/[0xdc]>~[0x83]0[0xe1],[0x93][\r][0xd2][0x85][0x15][0xa2].[0xd2][0xca][0x1e][0xc4]aQ[0xfa]b[0xa6][0xe][0xeb][0x1a][0xe0][0x91][0x1b]d[0x17][0xbe][0xbe][0xbc][0x80][0x17]@[0x19][0xf3]f[0x3]0[0x9a][0x4][0xe5]CC[0xaf][0xfc]K[0xa4]:[0xb3][0xc0];[0x92]F#[0xc4]u[0x13][0xb4][0x9b][0xbc]\_[0xe2]CE[0xed][0xd2][0xc7][0xd6][0x94]>[0x6][0xa0][0xf5]9{U[0xe0][0xde]J1|{_[0xa4]W,[0xe9][0x8]h[0xbb]9[0xb1][0xf9]g[0xf1][0x9][0x9a][0x80][0xaa][0x93]H[0xe4][0xb0]<$[0xa9][0x4]u0[0xcf]~kE5[0xbf]T8[0x12];P'][0xf9][0x0]0(kG&j[0x82][0xd2][0xf6]L[0x19][0x9e][0xf9][0x82][0xfc][0xdb][0xc2]Lj[0x6][0x9d][0x0][0xd7][\r][0x92][0xbf]Jj~[0xf6]AQt[0x99][0x0][0x9a]Tm[0x19][0xf4]r[0x85][0xac]F[0xc5][0xd2][0x99]:r[0xac]}W,[0xad]kO[0xc5][0xd4][0xb6][0xc2][0x4][0xec][0x9e]A[0xb8])e[0xa2][0x8]`8[0xe7]F[0x1f]q[0x3][0x9b]f..[0xae][0xd7][0xc3][0xb7][0x8f][0xee][0x9f][0xee][0xbe][0x6][0xb1]c[0xb9]+^[0xdf][0xfe]|<[0xf8][0x9e][0xd7][0xf9][0xed][0xa7][0xe]+[0xf6][0xe6][0xed][0xc0]U[0x94]_[\n]"
05:56:02.493 [main] DEBUG org.apache.http.wire -  >> "[0x1c][0xf8][0xf0]9[0x0][0xfd][0xe0]^*[0x87][0xb7]7[0xc3][0xb3][\n]"
05:56:02.493 [main] DEBUG org.apache.http.wire -  >> "O8[0xf4][\r]6[0x82][0xa8][0x16][0x1b][0xca][0x8d]O[0xda][0xae]YO;?#![0xf7]O[0x89][0xf4]I[0x8b]g[0x9e][0xeb][0xb4][0xfa]Rx=y[0xc9][0xb2][0xa8][0x1d]p[0xdc]+[0xf8][0x2]1t[0xbe]y[0x83][0xd7][0xec][0xf3][0x81][0x1c]o[0xa0][0xe9][0xe4][0x1e] E[0xb4][0xd6]*fV[0xb1]%[0xbc][0xb1](`[0xa0][0xd7]E`[0x19][0xd6][0xcc]N[0xdd]{m[0xfc][0x9f][0xdb]v[0xb8]2[0x8c])[0xf5][0x4][0x19][0x7][0x18]o[0xc0][0xe2][0x99][0x2][0xf][0x3]ItRNQ[0xf6][0xd3][0x98]f[0xf]x[0xdf][0xea][0x91][0xf8]V[0xcd]Q[0xd6][0x1b][0xd0][0x81][0xf4]o9vl[0xb4]s[0xcc][0xc7][0x3][0xc9]f[0xc2][0xbc][\n]"
05:56:02.493 [main] DEBUG org.apache.http.wire -  >> "e[0x1]B[0x8e]60[0xb7]\[0xc]L[0xc4][0xd6][0xd9]Q[0xf][0x0][0xba][0xe7][0xb][0x8b]e[0xa1][0xf5]A[0xb6][0x1c][0x81][0xb5][0x9a][0xf4][0x94];[0xe][0xd9]1[0x9f][0xe9]t1rt[0xf6][0x15]}[0x9a][0xa8][0xa3][0xbb][0x9][0xa6][\r]V[0xc3]1[0xd6][0x9d][0x9b][0xb4][\r][0x0]`[0x93][0xe2][0xe]u3[0x9f][0x6][0x90][0xc3].([0xa3] [0x11][\n]"
05:56:02.493 [main] DEBUG org.apache.http.wire -  >> "[0x81]E[0x3][0xa0]0ad[0x7]]R[0xa1][0x8f][0x5][0x84][0x8c][0xd3]=@[0xd2][0xd6]kr*#[0xbc]7[0xa2][0x99][0xb0][0xcd][0x10][0x1d][0x94][0x9d][0xc6]*[0xc5][0x87][0xf7]?[0xf8]g?`[0x97][0xf2][0xda]3[0xb2]c[0xc9][0xdf]-[0xb3][0xf7][0xf4][0x91]0[0xa5][0xf1][[0x11]J[0x8d]#XR[0xdd]5[0xb8]M[0x10][0x9]I[0x1c])D[0xe5].[0xa4][0xa5][0x83][0x16]W[0x8d]Z[0xc7]R[0x19],[0x8]w[0x1f][0x97][0xf8][0xd9]'[0xcd][0xfe][0xf8][0x19]h[0x81],[0x9b][0xa0][0xca][[0xcc][0xbd][0x95]YP[0xed][0xc2][0xed]O][0x19][0xd6][0xba][0x6][0xc9][0x2]y[0xca][0xf8]V[0x6]-[0xe0][0x10][0x88][0xb1][0xc3][0x93][0x83][0xc][0x1d][0xb4][0xe4][0xd0]=[0xb8]Kt[0xd6][0x1f]'j[0x91][0xd7]'0e9[0x98][0xd4][0xec][0xb][0x83][0xb4][0xa1][0x83][0xf3]^4[0x19][0xea]I[0xb0][0xd3]y[0x89][0xb6][0xa7]][0x10][0x96][[0xb3][0x95]9S[0xbb][0xc9]r[0xab][0xdd][0xe][0xe7][0xf5][0xc8]4[0xf6][0xb5][0xfd]m[0x96][m[0x99]@G[0xb6]!i[0xf9])[0x13]=[0xf][0xde][0xdd][0xd6]F[0x88][0x9d][0xdb][0xdc][0xfa]\[0xa9][0x1e][0xfb][0x8]@[0x9a][0xf9][0xa9][0xf2][0xe]x^V[0xbb]0[0xf8][0x8f][0xdc]?\j5[0xba]A~[0x4]uM[0xd9][0x12][0xf4]DH[0xab][0x5]8[0x8b][0xfc][0x87]v1([0xf8][0xea][0x83][0x1d]F[0xed][0xfe]h[0xbb]d[0xef]kim[0x1d]#[0x18][0xa9][0xee][0x87][0x6]M\[0xd2][0xf7][0x15]P[0x8d]:[0xd6][0xeb][0xab]w[0x8f]]@[0xac][0xcb]][0x93][0xb1][0xf0][0xe4][0xa3][0xdb][0x1b][0xf2]?[0xc2][0x18][0xd6]1[0x99]"[0xb8][0xc8]F/v[0xbb] [0xc9][0xdc]4G[0xa0][0xcc][0xda][0xaa][0xf5][0xac][0xf][0xba]D[0x91][0xcf]0[0x96]1[0xe9][0xb2]u[0xad][0xeb]Bu"[0x1f]g[0x95][0xd4][0xfd]P>[0xf3][0xf4][0xf6][0x1f][0xb5]#&0[0xca];[0xc4][0xd8][0x92]x[0x84][0x98][0xb4][0x97][0x9][0x4].J[0xd6][0xcb][0xce](c![0x8a][0x9c][0xa4];[0xd2][[0x99]j][0xab][0x9a][0x18][0x8a][0xc7]bX[0xfd][0x19][0x7][0xaa]0F7:[0x9f][0xd5]eE[0xc8]|[0xc7]9[0xa4][0x80]7[0xb3]l[0xf0][0xa6]e[0xdd][0x10][0xe9]0[0x9e][0xbb]F[0xc4][0xce]P[0xb2]?[0xb2]iy+[0x80]4`[0xf0][0xcb][0x98][0x9c][0x9a]4[0xe7]"[\n]"
05:56:02.493 [main] DEBUG org.apache.http.wire -  >> "[0xa0]v1[0xea]C[0xab][0x2]f[0xa8]][0xb][0xf6]?[0xe2][0x97][0xe8][0xa6][0x11][0x93][0x11]j[0x12][0xe0]w[0x9d][0xd9][0x90][0xa3]U%@[0x80]f[0x8b][0xb3]1[0xf2][0xd7][0xca][0x98]r[0x1b][0x19][0x93][0xd8]J[0xb5]<[0xce]1[0x1c][0x1f][0x93][0x19][0xe3][0x0]#[0x9][0xae][0x5][0xcd][0xa4]![0xb4][0xd6]1[0xb5][0xfa][0x17][0xa6][0x89][0xeb][0x1c][0xa9][0xeb][0xd3]l,[0xd1][0xcc][0xe]!"z[0x8f][0xd2][0x18][0xc0][0xf][0x18]k[0x80]<[[0x11][0x18][0x19][0x8e]6][0x8e]g[0x8c]h[0xf6][0xed][0xa4] [0xab]3?[0xdf][0xdc][0xd9][0xfe][0xd1][0xfb][0xed]9[0xb1][0xaf]V[0xee][0xaa][0xd4][0xbb][0xcf][0xbd][0xef]/[0xfe][0xc8]1p[0xb9][0xa9][0xa4][0xfd][0x9e][0x1b];-/G[0xa0]9[0xc4]o[0xbe][0x15][0x82][0x9f]a+[0x9]H[0xd1]gnFe[0xe7][0xb4]i[0xa7]j[0xac][0xb7].[0xd4][0x95]e.[0xcf]@[0xb9][0xf3][0xd3]}V[0xfe][0xe8][0x99][0x8d][0x8d][0x81]8[0xb5][0xeb]/z[0xde];[0xae]#[0x13][0x4][0x97][0x19][0xad]i[0x9d][0xbc]X[0xe5]~[0x14]W[0xad][0x8]#[0xba]n[0x8c]+[0x84][0xbe][0x81][0xa8]t`TZ{[0x9e]kV[0xe8][0x1a]|[0xd9][0x8c][0xf4]}[0xea]da"[0xc7]O{W[0xa6]h[0xae]n[0xb7]z[0xa8][0xac][0xf5]W[0xd6]_[0x1e]F[0xba][0x92][0x84]A[0xb5][0x1a]6[0xa7][0xb2][0x8d][0xe][0xd2][0xe4][0xde][0x87]FD.AFjt[0xdb][0x1f]_[0xf4];[0xf1]&[0x19][0xe3][0xd1]E%[0xcf][0x84][0x8d]L[0xce]9M[0x4]$[0x3]A[\r][0x83][0xc8][0xc1][0x8d][0xe8][0x4]P@[0x7][0xd7]BcB[0x9d][0xd5]'[0xbd][0xe9][0xda]Q=]lvZ0V[0x18][0x8a]![0xbe][0x96]@[0xca][0x85][0xf5][0xe][0x8][0xbd]s[0xf8][0xb0][0xa3][0xfa][0xf]sAcf[\r]nM[0xb6]BAT[0xe2]}[0x1c]S[0xe1]{%}[0xb5]G'3[0x14][0x99][0x15]-j[0xe2][0xd4]{TM[0x9c][0xd7][0x1b]0[0xa0][0xc3][0xa8][0xdb][0xe2][0x4][0xf4][0xb6][0xf8][0x9c]=u[0xc7][0x1e]z[0xd7][0x8b][0xef]}[0xcb]G[0xed]RF[0xb9][0xeb]r[0xc8]=[0xee][0x1c]\[0x8c][0xc7][0x9f]{![0xfe][0x4]l[0x9e][0xda][0x9a][0x1d][0x0]Q[0xf3][0xce]D6y[0xc0][0xda][0xea][0x82][0xee][0xf0][0xf2][0xec][0xf8][0x4])\'[0x82][0xe8]*4*[0x84][0xf7][0x1d][0x8c][0x1d]3[0x14][0xff][0xd1]/[0x1c]?q[0x8a]]@[0x85]%Z3[0x93][0xc5][0xa4]&[\r][0xc4][0xcc]D3[0xa6]IQK[0x8][0xef]JH[0x1d][0xd6](a&[0x1e][0xa5]T^[0xad](*[0xac][0x12][0xcd][0x6][0xbc][0xf9][0x99][0xd9][0x8][0xfc][0xc3][0x12]w[0xeb][0x98][0x98]f@[0xd2][0xf5]WmN[0x97]#[0x13][0x8a][0xaa]+[0xae][0x83][0xc1][0xa1]Tx[0xde]g}[0x90][0x4][0x19]#[0x92][0x1a][0x18][0xb][0xcb]&[0xdb]G[0x15]bT[0xcd][0xe2][0x12]a[0x2][0x0]u[0xdb]M@[0xf5][0xc1][0xe5]([0xd7]E[0x3]gP*0[0x1c][0xbc]9D[0xe7][0x9c][0xee]`[0x2][0xc4]d3^[0xcf]T5T[0x94][0xf1]9Q[0x8d][0xf1][0xc3][0xbc][0xcc][0x9b]~:Ey[0xaa]zo[0xf9][0xf][0x0]V4p[0x6][0xe3]][0xb4]4l[0x91]N[0xf6]S[0xc1]8[0x1a][0xfc][0x84][0xfc][0xf6][0x1e][0xe1][0xe2][0xa8][0x9][0xa3][0x95][0xba][0xcd]e[0xb4]2j[0xd6]4}[0xed]L[0xb1]*X4K'1v[0xe8]6~[0xe6][0xda][0xc7][0xfe][0x13][0xfb][0xe7][0x9e][0xfd]~[0xfb][0xc1]o[0xfd][0x94]][0xca]I[0xb9][0xeb][0x80][0xec][0x98][0x92][0x1f][0xb1]t1[0xdb][0x8f]E[0x8c][0xae]~[0xfb][0xc6][0xb2][0x9b][0xc6][0x85][0xa5][0x99][0x86][0xb5][0xc8]M[0x92]h[0xd6][0x82]G'[0x1][0xdb][0x8c][0xae][0x16]*[0x3][0xe7]N[0xf4][0xca]=][0xe2][0x1f]~2[0xc1][0xcc][0xc4]}h[0x2][0x14][0x9b][0xee][0xf]f[0xd7][0xf5][+[0xf0]j[\n]"
05:56:02.493 [main] DEBUG org.apache.http.wire -  >> "+C[0x84]8[0x80][0x7]O[0x83][0xda]J\[0x8b]Y[0xbb][0xb8][0xf4][0xd2][0x17][0x16][0xfc]l[0xe5][0xce][0xac][0xfe]$;S][0x13][0x93][0xcc][0xd9]z[0xde][0x14][0xe8][0xf4][0xd9][0xc2][0xd2][0xe6][0x12][0xbf][0xb0][0xd2][0x9d][0xbb][0x19][0x9][0xb2][0xca][[0x91]@[0xe1][0xd8][0x14][0x11][0x8b]][0xe5]=vo[0xdf][0xb6]c7[0xea]Xi[0x93][0xb3]5[0xea]aG;j([0xb8][0x99][0x9d]uw[0xd7][0xce][0xdf]q[0xfe]3id[0xc]0/1[0xee][0xf8][0xca][0xba][0x9c]]o#[0x82][0xed]0[0xa6]$[0xc6][0x82][0x18][0x17][0x16][0x13]R:[0x1b][0x90][0xc6][0x80][0xf3][0xfe][0xb2][0x12][0xc][0x16][\n]"
05:56:02.493 [main] DEBUG org.apache.http.wire -  >> "$T[0xf0][0xa9][0x92][0xb7] [0xf4]4F[0xd8][0x9e][0xcb]8tX[0xfd][0x8c]V[0xcb][0xe5]$[0xb3]n[0x1d][0xea]2{Y[0x8f][0xa7][0x1b][0x91]L[0xcb]5b[0x99]{[0xa7][0x15][0xc9]\[0xb][0x80]uh2[0xf][0xfa]|[0x12][0xf7]R[0x86][0xc8][0x90][0xc8][0xc1][0x89][0xfc][0x81];[0xef][0xfd][0xb3][0xf7]}f[0xe2]K[0x95][0xbb][0xf2][0xa9][0xde]_y[0xf4][0xbb]>~X[0xc8][0xc7]l[0xb1][0xa8]z[0xeb][0xa1][0xb4]d[0x7][0xb7];][0x14][0x88][0xa9]{[0x7] Zlr[0xf3]I[0x8d][0xb2]QQ77[0x95][0xc0][0xda]&[0xc][0xfb][0xb0][0xfb][0xa6][0x1c][0xdd][0x89][0xf4][0xa5][0xfa][0xe2][0xa1][0xe8][0xe0][0x95][0xc0]Qq|[0xb2][0xb][0xfc][0x8]",y[0xd1][0x82]u[0x9f]1[0xdb][0x11][0xba][0xcb]F[0xe0][0xbd][0xdc][0x88][0x96]J#[0x17][0x92][0xaf][0xe2]A[0xdb][0x86][0xac][0xbd]"}[0xd6][0xf7]7S[0x91][0xe4][0x85][0xd3]R[0xbd]+p[0x94]x[0xdc][0xca][0xfe]R[0xb9]K[0xe3]U[0xf1]9O[0xa9]>/[0xe5]T[0xdf]vj[0xfc]4[[\n]"
05:56:02.493 [main] DEBUG org.apache.http.wire -  >> "[0x1d][0xd3]h[0xc4]4!a[0xed]z[0xbd][0x8][0x83][0x9]4[0x98][0xa8][0xec]C[0xf9]T[\r]cwdG[0xe6][0xe7][0x99][0xcc]b[0xe0][0xf]B[0x9e][0xba][0xad][0xc6]j[0xe7][0xbc][0x97][0xac][0x9][0x13]-[0x9e][0x15][0xed][0xc9][0xc0][0xea]/[0x8a][0xdd][0xce][0x8c][0x88]Y'[0xcd][0x8c][0xb0][0xaf][0xd0][0xf0][0x18];[0xe6]+[0xad][0x1a][0xac][0xb9]mF[0x14][0xbe][0x6]G[0xd5][0x80][0xa7]~[0x4][0x95][0xff][0x91][0x10][0xd6][0x17]44[0x8a][0xb][0xd2][0xad]m[0xb2]1}[0xd1]ng[0x99]<?Y|[0xb8][\n]"
05:56:02.493 [main] DEBUG org.apache.http.wire -  >> "W[0x83][0xc1]N[0x8c][0xf5][0xa7][0xdc][0xf6][0xef]~[0xf1][0x87][0xfe][0xec][0x87][0xed]R^[0xb2][0xdc][0xb5][0xaf][0xa7]x[0xf2]}[0xdf][0xf9][0xa1][0xc3][0x9f][0xc7][0xb7]/[0xcd][0xc0][0xe8][0xe2][0xe3]NJ[0xaf]6[0xb4][0x8d]3[0xce][0x85]@A^e[0x6][0x3][\r][0xae]I[0xf7][0x10][0x8b][0x88]t[0xbe][0xdd][0x3][0xf0]K[0xbb]<[0xc6]4,[0xf9]{[0xbf][0xfc][0xe2][0x8d][0xfc][0xcf]9~o[0x1a][0x83][0xac]5[0xd8][0x12]|[0xc4]!Jw[0x5],y*[0x1e][0x9f]n[0xb5][0xed][0xdf]z>K[0xb][0xef]+[0x90][0xec][0x18][0xa8][0x9f]jU[0xd3][0xe7][0x9f][0xa0][0x4][0xb3][0x2]/[0x1d][0x98][0x97]k[0xfd][0x86][0x87][0xa5][0xcd][0x87]{[0xad][0xf6][0x10]K[0x88][0x1e][0x14]%O@[0xf6][0xb5][0xe7]&[0xf8]a[0x93]Iu[0x7][\r]};SN[0x81][0xe4][0xfc][0x85]H[0xb0][0xc9][0xc9]a[0x1c][0x92][0x9d]e[0xfc]n[0x8c][0xc5]Z[0x9d][0x9f][0xd6]8[\r];b[0xac][0x82][0x1e][0xba][0xd4]2[0xd6][0xfd][0xb1][0x2])Nw[0x1b][0x81][0xa7]t[0x98][0xf4][0xa8][0x82][0x80]A[0x1]+k[0xc0][0x98][0xf][0x9a]0S[0xf5]w[0x17]XUr;[0x3][0xea][0xc5]>[0xf9][0x9c][0x86][\r][\n]"
05:56:02.493 [main] DEBUG org.apache.http.wire -  >> "`[0xb3][0xeb]i/[0x98][0xc8][0xff][0xb1][0x8e][0x9d][0xc8][0x0]G[0xcd][0x89][0x8f]h32[0x80][0x19]l#[0x18][0xf2]8[0xaf][0x15]f[0xa2][0xc6]`[0xa4][0x98][0xa3][0xc1][0xd2]8[0xbe][0xfd][0x87][0xf6][0xb7][0x9e][0xfd][0xfe][0xdb][0xef]}[0xcb][0xe3]v)_[0xb5][0xdc][0x15][0xcf][0x91]]U[0x9e][0x8f][0x87][0xde][0xf3][0x88][0xbf][0xf0][0xc9][0xc3][\n]"
05:56:02.493 [main] DEBUG org.apache.http.wire -  >> "[0xbf]u[0x3][0x95][0xfd]^[0xe2][0x1a]"n[0xb5][0xcf][0xca][0xf3][0x90][0x1b][0x8d]i[0x88][0xe9][0xf][0xcf][0x9f][0xbd][0x85][0xe5][0x18]>[0xee][0xa6][0xbc][0xb4][0xbe]J[0xf7][0xc1][0xbe]=[0xe9][0xad][0x81][0xdb]r[0xbe]J[0x1b][0xdd][0xb][0xe5][0xe8]J[0xfc][0x85]_[0xcb][0xcf]a[0x8c]Iyio'X[0xb5][0xcb][0xa7]M][0x9b]q[0x9f][0xd2]R[0x88]MlGr[0xfe][0x2]9[0x0]X[0xc2][0xfc][0x87][0xc7]i[0xc0][0x94][0x16][0xf1]~[0x6][0x8a][0xca]-Ry[0xbb][0xb5]^P[0xbd][0x88][0xf5]*[0xf5][0xc9][0xf6][0xeb]>[0xef]v[0xad]c?[0xb8][0xb3]r[0xe][0x14][0xc]UyG[0xb5]o[0xec]+[0xbb]j[0xe6]'[0x8e]*[0x1][0xd0][0xbc]w[0xd7][0x8e]W[0xcc][0xa5][0x9b][0x8d][0xce][0xe3]F[0xeb][0xc1](-[0xce][0xe][0xee][0x82].[0xc1][0xa1][0xec]}Y[0x80]znL[0x99][0xd9]R=[\r][0x10][0x2][0x92]\[0xf][0x82]$[0xcf][0xaf]uc[0xa5][0xa4]w^[0xf][0x11]v/ [0x83][0xb0]xL[0xa0]@[0x99][0x8c]S[0xf6][0xd8][0xe9]~[0x86][0xb][0x89][`[0x99][0x96][0xd0][0xdb]xY[0x9d]+[0xb1][0xaf][0xb6][0xb2][0xed][0xdd][0xf1][0xe7]W[0xc6][0x94][0xb6]i[0xb6][0x3][0x13][0xc7]&[0xef]D[0x17]2B[0xf7][0x85][0x95]U[0xd8][0x9e]{[0xaf][0xa7][0x18]k[0xa0]`w[0x1c][0xfb][0xbe]^CtNc[0xa4][0x9b][0x1c][0xa7][0xfc][0xf1];{[0xfb][0x80][0xfd][0xb5][0xb7]<a[0x97][0xf2]5[0x97][0xbb][0xfa][0x85][0x81][0xc7][0xe7][0xcb][0xe]`[0xf2][0xee][0xc3][0xe2][0xde][0xf4][0x91]}[0xe8][\r]A[0xed]U[0x87]e[0x3][0xbb][0x18][0x9][0x1e][0x19][0x2][0xd9]QG[0xac][0xe6][0xa8][0x3][0x98][0xa6]k[0xb1]L[0xb7]2[0x96]T[0xb7]Dw[0xe4][0xde],[0xcf][0xbf]h[0xf6][0xff][0xf9][0x17][0xc7][0xdf][0x18][0xa3]5[0xce]y[0xe5]EmQ[0x9a]+[0xd6][0x94] G[0xa6][0xbe])[0x2]4[0x1b]@b[0x86][0x89][0xdb][0xc5]m.M?[0x97][0xa6]a[0x7]}[0xa8][0xd4]4V[0x81]0[0x97]Kmm[0xcc]K[0x80][0xe][0xe6]v[0xc8]p[0x10][0xab][0xe9][0x6]MbQN[0xc5]V[0x5]`Q[0x8][0xdc][0xe0][0x9a][0xf6][0x11]b[0xfb]L[0xe5]U[0xf9]+[0xad]V[0x1b]H1=[0x92]T[0xe2][0xbc].[0xf8][0x9f][0xac]@[0xe0])e[0x8a][0x3][0xec][0x1][0x97][0xb9][0x8a][0xd2][0xa7]3Y[0x5]k[0xe1][0x88]Q&[0xf3]Z[0xc9]S[0xd7]#[0xfd][0x15]h[0xe1][0x94][0xb0][0xa3][0x9d][0xf4]@J[0xec][0xcb][0xd4][0xbb][0xc3][0x95][0x97][0xb7][0xc2][0xf2][0xa0][0xe5]3[0xbd]q[0x8e][0xfa]{[0x92][0x13][0x14]$[0xa2][0xd6]6[\n]"
05:56:02.493 [main] DEBUG org.apache.http.wire -  >> "[0xb2]U;!d{n{[0xd7][0xec][0xcb]d[0xf9]L[0xdc][0x81][0xa3]Q[0x8c]]][0x80][0xd8][0xc]1[0xcf][0xc3][0xbb]3b[0xb2][0xdb][0xb6]h[0xa3][0xcd]{#[0xf5][0x98][0xe4][0xfb][0xa1][0x1b]7c[0x8b][0x85]}[0xdb][0xbb][0xed][0xaf]}[0xdb][0x5][0xc4][0xbe][0xce]r[0xd7][0xbf][0xf9][0xf6][0x98][0xfc][0xe1]v[0xe7]=0{[0xb3][0x8c]89[0x1]H]#N[0xdf]t)[0xdc][0xd6][0xc4][0xae][0xa0][0x94][0xee][0xae][0xcd]j[0x93][0x80][0x7][0xac][0xc3][0x10]W[0xa4][0x9][0x98][0xc5][0xc6][0xf0][0xee][0xd9][0xf2][0xb3][0x9f][0xed][0xe4][0xe][0x93][0x80][0xd5][0xb1][0x84]MElX[0x97]~[0xab][0x83]!VVq$[0x9d]T[0xae]X[0xd9][0x15][0xc5][0xdc][0xaa]f[0xc0]^[0xb4][0xbb],O[0xb5]KS[0xb0]T[0xdd]j[0xc5]k$^[0x2]eH4[0xb][0xe9][0x85][0xb][0xbb][\n]"
05:56:02.493 [main] DEBUG org.apache.http.wire -  >> "oU95[0x19][0xae][0x2][0xc2][0xc4][0xea]J[0xcc]~F[0xc7][0xc0]0[0xd4][0xe1]}[0x6]"[0xe2][0x2]wm_\[0xd9]l~[0x17]hV[0x80][0xbe]M8[0x4][0xf2]|6[0xb4][0xf3][0x86][0xc5]d[0xbf][0xdd]Ge[0xc8][0xda][0x1f][0xc3]u[0x9e]kmK9[0xa3][0xd9][0xdb]G[0xb9]k[0x18]Q[0xf2][0xed][0xba]9L[0xb9][0x19][0xdc][0xc3]9^[0xf][0x93]\[0x99][0x92]c[0xef][0xd8][0x9d]sU[0x8b][0xf4][0x8b][0xdb]rf[0xfe][0x9d][0x89][0x83]Bn[0xfb][0x19].[0xe3][0x9c]c[0xc3][0xa1]Nz[0x7]j*hTy[0xb1][0xc5][0x9d]Z"
05:56:02.494 [main] DEBUG org.apache.http.wire -  >> "[0xd1][0x6]}[0x80][0xb1]E%[0xae][0xa4]X(8[0xc5][0xf8][0xc][0x6][0x9f]v[0x83][0x2][0xa4]}|[0xff][0xba][0x87][0xde][0xb1][0xbf][0xc4][0xc2][0xbe][0xe1]r-^[0xe1]~[0x0][0xb3][0xc7][0xf][0xab][0xfd]#[0xdb][0x17][0xb1][0xcb][0xd2][0xbf][0xe][0xc6][0x94][0x9b][0xc4]|q[0x15]XY[0x82][0xb5]_c[0xa4][0xd4][0x9b][0xd1];!A[0xd9][0xce][0xc6][0x83][0x5][0xcd][0xa7]z[D[0xf][0xfc][0xff][0x9e],[0xc7][0x98][0xd8][0xe7]~[0xdb]Z[0xe9]Uz[0xb8][0xb5][0xaa][0xf6][0xd6]F[0xca][0xf]Z[0x89][0x8b][0x85][0xeb][0x93][0x8e][0xe4][0xbf][0xa9]'"[0xb3][0x12][0xc2][0x4]T[0xe4][0xda][0xa9][0x14]R[0xd1][0xce]L[0xc6][0x18][0xf4][0xa4].s%L[\n]"
05:56:02.494 [main] DEBUG org.apache.http.wire -  >> "[0xb6]V[0xd4][0xc3][0x18]:R[0xa6][0x10][0xbd][0xec]VP[0xc0][0xd1]5Z[0xee][0x9b][0xd1][0x98][0x11][0x11][0x1d]I[0x10]2E6[0xd1]{[0x96][0x10]M[0xbf]%[0xc6][0x90].[0xb9][0x1b][0x1][0x85][0xed][0xe3]M[0x19]D:'X[0x4][0x16][0xa4][0xaf][0x3][0x88][0xbb][0xe9][T[0xc0][0x90][0xe7][0xfc]V[0x17][0xa3][0xc1][0x83] [0x17]1[0x8c][0x6]N[0xae][0xc9][0x1c]I[0xd6]![0xa5][0xd2][0xf5][0x1]t[0xe][0x0]WM[0xe5][0xee][0xc][0xac][0x16][0x0][0x87][0xd8][0x97]>[0xea][0xad][0xee][0xb1][0x1e][0x99][0xca][0x80][0x9c][0xce][0xb8][0xd7][0xd2]u3[0xf1][0xe6]x[0xf][0xa7][0xa9][0xbe]w]]{V[0xb6][0xf7][0xa5]'[0x96]IHN{[0xe1][0xa5][0x9e][0x11][0xab][0xf6][0x13]P[0xe1]F[0xcc][0xb1][0xde]8&s[0xdc][0xf9][0xc1]o[0x8f][0xfd][0x1b][0xdf][0xfa][0xb4]][0xca]7\[0xae][0xcd]o[0x91]|[0xee][0xd1][0xbf][0xf8][0x91][0xc3][0x9f][0xc7][0x8e][0x9f][0xe1][0xfb]/[0x9a]?[0x3][0xbb]f}n[0xbf]W[0xf3][0x8]Z[0xcb][0x1b][0xec][0xb0][0xd1]*[0xbc][0x10][0xf5],[0x91][0x95][0x12][0xa6][0x1a][0xf2][0xa1]0[0xcf]*[0xa7]{[0xa1]<[0xf3][0xac][0xf9]u`c&>{[0xe4][0xcc][0xc4][0x92][0xb9]A-[0xe8]6[0xb3]5[0x4][0x0][0x8a]m[0x5][0xb2][0xe9]@[0x86]O[0xb4][0x2][0x94][0x8b][0x1c][0xf5][0xae]W[0x99]x+[0x1e]$[0x98]$[0x9d][0x0][0xdb]k#[0x97] Y[0x8f]![0x1][0x18][0x3][0xa4][0x86] MEN[0x0][0xb4][0x99][0xa5][0xee]g[0x98][0x8a][0x0]}[0x19][0xdb][0xe1]dm!s[0xd1]7[0xc8][0xe0][0x82]76#I&2[0xc9][0xf5]0[0x9a]{=[0xce][0x10][0xe3][0xde][0x6]7a[\n]"
05:56:02.494 [main] DEBUG org.apache.http.wire -  >> "[0x1c][0xbb][0xb3][0xfd][0xc4][0xff][0xdd].[0xf1]X[0xb0]z[0xb2]&:0[0xac][0x83][0xa0][0x18] [0x1b][0xac][0x8d][0xb0][0x90]t[0xf6][0xdb][0x81]M[0xed][0x0][0xe1][0x84][0x82][0xed]4[0xc2][\r][0xf][0xc8]Vy[0x83][0xc1][0x84][0xb0][0xce][0x1e][0x4](P[0xc6][0x1b][0x14][0x86][0xa7][0x13]T[0xfa]T[0xfe]S[0xac]s>[0x97]p[0x82][0xf][0xa8][0x16][0x12][0x97][0xae][0xcf][0x91][0x8][0x96][0xba]"[0x16]g[0xe1][0xd5][0xa5][0xc6][0xc7]1[0x1f][0xee][0xff][0xc8][0x9d][[0xcf][0xbe][0xf3][0x92][0xcc][0xf1][0xf2][0x94]k[0xa7][0x91][0xbf][0xeb][0xff][0xfe]+[0x1f]>[0xec][0x82][0x1f][0x9e][0x1a][0xa3][0xb4][0x15]\[0x4]3mv[0xc][0x92][0x1][0xfa][0xa0])Z[0xa1][0xeb]0$[0xf]8[0x19][0x18][0xea]3[0x11][0xbf][0xfc][0x1b][0x8f][0xbc][0xce][0xec]M[0x8f][0xd8]=S[0xe]q1[0xff]O[0xff][0x99][0xc5][0x97]n[0xd5]lT[0x84][0xb0][0xfc][0xb7][0xf0][0x1b][0xf6]d[0xfa][0xdc]=[0xee]T[0xb4]`p[0xc7][0x12]F[0xb2]A[0xaa][0xb2][0x87]9[0xc0][0xc4][0x83][0xae]3[0xd1])/[0x1c][0x8a][0x1b]!58[0xe5]$[0x86][0xd5][0x1a][0xa7][0x8f][0x1b]<S^[0xc6][0xf6]NH[0x10][0x98][0x1d]\b0_[0xb4][0x8e][0x2][0xbd][0xa2]x[0xdb][0xeb]2[0x12]U[0x0][0x1f][0xed]Je_vHss[0xbe]@8[0xfb][0xb2][0xc3][0x1c][0xa4]~[0xc7][0x9c]b|5^[0xcc][0xa3]Y[0x99][0x3][0x9d][0xc3][0x2][0x85]_[0x9]+[0xc7][0xcf];[0xa4],t[0xd8][0xa6][0x9d][0xb8]de[0x0]x[0x1b]s}[0xec][0x1f]"J[0x80][0x9c][0xd3][0xb9]([0xb0][0x8]s[0xbe]E`[0xce][0x9d][0xd7][0xd8]B[0xea][0xce][0xf9]i[0x1c]+[0xf4][0x12][0xc0][0xd8][0x12]Bj[0xa3][0x88]oU[0xd8] [0xfb]\{[0x2][0xed]H|-[0xef][0xaf][0xbd][0x2]l[0xd8][0xa6][0xa5][0xe7]X[0x90][0xc8][0xc6]>[0xde][0xed]z[0xed][0xd8][0xd7]Z[0xfb]]N[0x14][0xfb][0x94]mp,[0xe1][0xbd][0xa8][0x16]f[0x9b][0xa1] N[0xc0][0xee][0x8c][0xc5][0x1b][0x7][0x9]x[0xf4][0x2]`/o[0xb9]v[0xbf][0xe][0xf9][0xb9][0xff][0xd5]_[0xfc][0x91][0xc3]n[0xf8]X[0xe1]I%[0xd2][0x16][0xa8][0xa9]`[0xa0]x[0xbd][0xf]M[0xbe]c[0x7]&[0xb]C0[0x5][0xd6],[0xae]K[0xfd][0x81][0xb7][0x8a][0x84][0xba]O[0xcc][0xae][0x9f][0x5][0xf0][0xd5][0xca][0xff][0xef]W%.V"[0xec][0xa6].[0xb7][0xb2][0xd8][0x85]=[0x5][0xbe][0x9b][0xb0]2}[0xec][0xc1][0xe8]v[0xdb]n[0xc0][0xf3][0xd1]P[0x83][0xab];[0xc6][0x8f]:[0x86][0x1][0xcf]j[0xb9]R[0xcc][0x91]6'[0xed][0xcc][[0xa9][0xd0][0x80]7[0xc6][0xae][0xf3]!_<_[0x5]Wi[0xe9][0x9f][0x15][0xc4]l[0xc6][0x8b][0x98][0xf9][0xca][0x3][0xd0]O[0xb3][0xef][0xd4]`;[0xdd][0x1e][0xca]^\[0xaa][0x90][0x1b]K=[0x6][0xa3][[0xc0][0x94]i[0xf5][0xfb][0xf4][\r][0xca]}[0xd6][0x0][0xd8][0xae]3gR[0x86]uX[0xab][0x16][0xb7][0x1e]@[0xb3][0x90][0xb7]v[0xd8][0xba][0xab]O:m[0x9]+"Lq[0xf4]zD%[0xa2][0xd7][0xb][0x84][0xc5][0xf0]3CL[0xa8][0x8c]K[0xa7][0x17][0xc5][0xfc]$[0xe8][0xe8][0x0];98[0xdf][0xde][0x81]If[0xeb][0xc7]t@7[0xd0]IW[0x96][0xd7]W[0x5][0xf7]n[0xf6][0xc7][0x82]{[0x1b]L-?[0x8a]=1[0xda][0x8][0xd1][0x0]aK[0xf5][0xdb])[0x9]=HRG'[0xbd][0xe4]5[0xfb][0xfd][0x87].,[0xec][0x95])[0xd7]V[0x1f][0xbf][0xfd]'>[0xf7][0x13][0x87][0xcd][0xf1][0xfe][0xda]\[0xed]|[0xca]=[0x97][0x9b]3[0xb8]][0xcd][0xca][0xa7]/'[0xc]J&[0xd2]?[0xe4][0xdc][0xd1][0x10]2[0xb0][0xb3][0x94][0x80]q[0xbf]=[0xf0][0x80][0xd9][0xb7][0xbe][0xc9][0xee][0x89][0xf2][0xb9][0xdf]2[0xfb][0xe9]O[0xd7]$[0xba]X[0xe9]e}[0xe6]1[0xef][0xe7]][0xca][0xc2]W[0x8b];[0xc][0xf]|[0xd5][0xb4]o[0xa9]bQz-[0xe8][0x5][0xa2][0xc2][0xcc][0xc3]yn[0xfa]w[0x8e]E[0xac]^.[0xc9]T[0xad][0xae]l[0xf][0xec][0x83][0xfe][0xc6]m[0xf9]v[0xd6]o[0x16]i8[0x8][0x13][0xc6][0xb8][0xfd]$OX[0xa5]h[0x17]#[0xe1]N[0xd8]E[0xbb]#[0xab][0xad][0xc1]J[0xa4][0x1f][0xe8][0x97]7[0x13][0x9]a[0x90][0xe6][0xcb][0x98][0xe0][0xd2][0xd4]:w@|X[0xf8]&[0xeb][0xd0][0xe3][0xce][0xfa][0x1c] a&[0x8c][0x8b][0xf7][0xf7][0xbd][0xa3][0x1e][0xdc][0xb][0xb5]n[0xde]m[0xcd][0xfe][0x12][0xfb],[0x19]e6[0x82]9[0x6][0xe3][0xd9][0x98]][0xb1]9[0x7][0x92][0x1c][0x6][0x12][0x90]2[0x97][0xba][0xfa][0xaf]0b[0xe9][0xdb][0xca][0xdc][0xe4][0x9e][0xed][0xe7]YF6[0xe4][0x96][0x84][0x1][0xa7]([0x98]3b[0xe0][0xcd][0xb4][0xb0]F~:[0xa7]Gfv[0xec][0xe4][0xde][0xc9][0x9a][0x8c][0xac][0xee]X'[0x98]#[0xe6][0xe0]x[0xd9]n[0xd7]sg`p[0xcb]Xvd_[0xdb][0xb5][0x87][0xae][0xea][0xf6][0x1d][0xf4][0x92][0x8d][0xf8][0xca][0x95]k[0xc7][0xc8]P[0x9e]|[0xf4][0xbb][0x1e]=l[0x92]'&X[0x85]i[0xc0][0xd8]\[0xe3]\[0xb4][0xc1]C[0xbf]u[0x18][0x86][0xfa][0xc6][0xac][0xd8][0x88]g ^e[0x11][0x17][0x1f]v[0xff]=[0x92][0xec]q[0x88][0x8b][0xd9][0xcf][0xff]j[0xda][0xbc][0x81]L*o[0xa3][0xde][0xf8][0x6][0x8b][0x88][0xab][0xea][0x88]6[0xa4][0x3][0xff][0xb8][0xb7][0xf5][0x1e]B[0xb0][0x16]`J[0xd0]1\[0x95],[0xc1]|[0xa6][0x81]o[0xd7]"ND[0xc6][0xd1][0x4][0xdc][0xc1]>Run_wWuX[0x98][0x94][0x1b]3[0x1c][0x93]u[0xed][0xa2][0x1a]3[0x82][0xc][0xf6][0x82][0xf4][0xc1]uK[0x81][0x8][0x90][0xfd][0xe4]1[0xc4][0xcc]:[0xa6]7[0xa6][0xca][0x8c]nC[0xb8]SaP-}[0x84]^F[0x87][0xcd][0xcc][0x15]d[0xa8][0x9c]m[0xb2][0x15][0xc3][0x9c]t?[L[0xc4][0xb8]+[0x14][0xec][0xdb]fA[0x9c][0xce]`[0xd3][0xa4][0x1d][0xe3]d[0xca][0xbd][0xb8][0x16][0x1a]{[0x92][0xfb][0xe9][0xa9]3[0x82]X[0xcd][0xf9]VY[0xe8][0xe4]8_][0x85][0xde][0x4]}[0xa7][0xae][0xf][0x11][0x9b][0xac][0x12]g*lI[0x1c][0x89][0xd3]![0xb5][0xcd]T?[0x1f]`[0xfa]F[0xe]/A[0xc0][0x88][0xd9][0x96][0xcc]1[0xbf][0xed]`[0xe4][0x19][0x10]?[0xda][0x8c][0xd9][0xaa][0xb9][0xf9]@[0xc4][0xdf][0xbd][0xfd][0x83][0xdf][0xfe][0xce][0xb][0x88][0xbd][0xb2][0xe5][0xda][0x2][0xd9][0xb1]<[0xef][0xcf][0xbd][0xfb][0xb0]e[0x9e]0[0xea]B[0xfa][0xd9]+[0xa5][0x91]V[0x91][0x99][0x8b][0x9e]Ie[0xa8]L.[0xd4][0xca]4[0xc8][0x4][0xdd][0x1a][0xae][0xf2]TW[0xc7]1[0x99][0xc4][0xae]{[0xf1]r`b[0x9b]K[0xb1][0xbe][0xd3][0x8e]l[0x5][0xe3][0x3]X[0x1c] D[0xbd]{[\n]"
05:56:02.494 [main] DEBUG org.apache.http.wire -  >> "<[0xf9]G[0xe3]X[0xa7][0xca][0x12]o$[0x9a][0xf7][0xd2][0xed][0x18]!f[0xef][0xf6]O[0xe9]D[0xb0][0x7][0x18]![0xa5]>7[0x10][0x96][0xdc][0x92][0xe0][0x92][0xab][0x9][0x12][0xad][0xf7][0xf8][0xdc]O0[0xd1][0x82][0xcf]*N[0xf0][0xe1][0x1e][0xb0][0x18][0x8]2[0xe3]Pz&[0xdd]K[0xa2]c[0xad][0x15]\[0x91]Fy[0x16]Kt[0xdf][0xbc][0x87][0x95][0x96][0xbe].[0xc5][0xbf]o[0x0][0x90]W}[0x19][0x6]\,[0xd8][0xc]n[0xdf]b[0xda]k[0xbd][0x9][0xd2]5y[0xb3][0xff]f6[0x9c]h[0x2][0x82][0xbe]8[0xdf][0xe6]q[0x86][0x97]z[0x8e],4[0xe9][\n]"
05:56:02.494 [main] DEBUG org.apache.http.wire -  >> "AD[0xe7][0x83][0xc7]M[0x2]M[0x89]9[0xe7][0x8f][0xa6]%[0xd7][0xce]c[0xae][0x97][0xc1]q,s[0x18]=F|[0x90][0xd9][0xb4][0xa8][0xb7][0x89]8[0xc0][0xd5]D[0xb4][0x8d][0xcf][0xa0][0xc9][0xe][0x88][0x8e][0xcf][0xc9]C[0x8d]N/[0xcd][0xae]][0xc8][0x95]e[0xfa][0xf8]1[0xa5][0xfe][0xf2]z[0xa9]W[0xa7]\k [0xbb][0xf1][0xe8];on`[0x16][0xf6][0x93][\r]fU|[0x9][0x95]m[0xff]6.[0xe9]5[0xa9][0x1f]S[0x1c][0xea]4[0x1d])Q[0x1b][0xca]x[0xdd][0xf5][0xe2][0x1d][0xbb][0xce][0xc5][0xf]L[0xcc]~[0xf7][0x8f]M-[0xf9]$T`#V[0xee]*<[0xa3][0x95]o[0xd1][0xe0][0x14]a#n[0xd2][\n]"
05:56:02.494 [main] DEBUG org.apache.http.wire -  >> "[0x14]Y[0xd4]Q/[0xf1][0x10][0xad][0x92][0xb3][0xea][0xac][0x9b]'[0xea][0xa3][0xb7][\n]"
05:56:02.495 [main] DEBUG org.apache.http.wire -  >> "C[0xdf][0xb2][0xb][0x15]?J[0xa5]m[0xc2][0xf0][0xaa]=>[0xd7]56[0xc4][0x12][0xd7]J[0x17]_-[0xbf]7 Il[0xdf][0x1][0xc]Y[0x8c][0xca][0xae]w@[0xbd][0x6]*h[0xf9][0x17] [\r]p@_[0x1][0xfb]e[0xf4]w=[0x18]\[0xee]C[0xcc]S)S[0xf3][0x90]TL[0xd7][0xbe]ol [0x1a][0xe0][0x92][0x90]4[0xfc][0xfb]H4[0x15][0x17][0xf9]ju[0xd4][\n]"
05:56:02.495 [main] DEBUG org.apache.http.wire -  >> "[0xb8][0xd9][0x88][0xc7][0x1]8[0x6]J[0xb0][0xef]eM[0xb8]Lpm[0x9e][0x1e]s[0x1a][0x93]'[0xc][0xd2][0x88][0x1a][0x85]V[0x3][0xfb],[0xf7][0xc][0xe9]P"[0x1f][0xe6][0x6][0xb3][0x1b][0x3]gs*B[0xb6][0x97]<[0x8f][0xc6]J1[0xb0][0x1e]0[0xe5][0xbf]o[0xab][0xfa],[0xc1]+[0x3]|[0xc][0xf6]*s[0xa2][\n]"
05:56:02.495 [main] DEBUG org.apache.http.wire -  >> "[0x8][0x83][0xd3][0x93]/[0xf9][0xbd][0xa4][0xd4][0xbf]j[0xc5][0xed][0x1e])o[0xff][0xbf]}[0xf6][0xa3][0x87][\r][0xf7]>J[0x83]d0[0x6][0x19][0x9a]Zhn[0xa1]>13[0xfa][0x3][0xa8]c*[0x90]k[0xb6][0x6][0xa6][0xb][0xd7][0xde][0xf4]z[0xb3][0xd7]?l[0xd7][0xb2][0x1c]S[0xed][0xff][0x9f]?[0x9d][0x9f][0xdd]m[0xa2]~[0x81][0x84][0x87][0x6][0xa1][0xa6][0xae][0xf6][0xd6]~[0x88][0x91][0xf1][0xde][0xa1]';~[0x16][0xac]{[0xdc][0x87][0xeb]:[0xe]S[0x89] xX}[0xdc]g[0xa5][0xdc][0x95][0xe5][0xb9][0xb6][0x88][0x18]V[0x87]N[0xf2][0xa2]][0x10]@%V[0xc3][0xfb][0xcd]L[0xd1]wkvg[0xf2]J[0xac]V[0xf8][0xfd]Y[0xfa]Q[0xae]R[0xd2][0xa4][0x1a]/[0xef]/[0xa7][0x18]2[0x11]9[0x1f][0x5]|[0xe9]4Cf[0xde][0x9c]g[0xc6][0xfb][0x8]7}[0xdc]$[0x6][0xb7][0xa9][0xde][0xe3][0xbf][0xcc]H\[0xdb][0x92][0xb5][0xa6][0x93]nW[0x9]8x[0xd7]V[0xcf][0xc3]i[0xac][0xcd][0x81]an[0xa3][0x8e][0x8a]A!v[0x85][0xef][0x98]k[0xdf]1([0x8d][0xf6]5[0x1b][0x90][0xf3][0xe4]%Y[0xee]=[0x7][0xa3][0xcf]&[0xb1].[0xce]=[0xd6]r[0xec][0xcf][0xbc]~[0x17][0xda][0xef][0x14]d\S[0xf1]4[0x1]8[0xf4][0x91]f[0xca][0x12]+[0x93]=s[0x8c][0x95][0x95]b[0x90]q[0x9a]=~[0xdb][0xe3]Q{[0xef][n[0xd8][0xa5][0xbc][0xaa][0xe5]Z32-O[0xfe][0xcd][0xef]~[0xff]A$?[0xb2]}[0xd1][\r]j[0xa9]fJ<h[0xa9][0x5][0xc4]4[0xc8][0xc6][0xbc][0xec]e[0x6];\[0xed]M=^[0x92][0xec][0xd7][0xf8][0xa1]h[0xff][0xc9][0xff][0x9a][0x9f][0xd3][0xfa]u[0xa4][0x95][0xe1](^d.A[0x8c]<[0xc1]Ka[0xe0]=[0xaa][0x15]3q[0xbd][0x90][0xbf][0xb7][0xa5][0xb3][0x9]e[0x2]Z[0xd2]O[0x14]7k[0x8a][0xa3]G[0xaa]~\U[0xd6]R,[0xed]J[0x94][0xd0]xR[0x96]]+[0xee]rGU[0xa6]w[0x94][0xdb]i[0xe1][0xee][0x9][0x0][0x12][0xc7][0x81][0xd3][0xa9][0x9e][0xe8](~[0xa7][0x99][0x99]uc?w[0xa8],[0x94]s[0xe7]`ayO[0xc8][0xf8][0x86]QT[0xb1]9[\[0x97][0xdd]Ct[0xa4]'[0xb0]][0xb2][0xd5]U+[0xdc].[0xf0][0xc7]}[0x6]t[0xe3]}\[0xbf][0xfa][0xb4][0x87][\n]"
05:56:02.495 [main] DEBUG org.apache.http.wire -  >> "GP[0xc9]z.[0xc4][0xb9][0x86][0xbe]G[0xf7][0x82]u[0xe6]L[0x3]Ys=S[0xb9]#[0xd8][0x4][0xf9][\n]"
05:56:02.495 [main] DEBUG org.apache.http.wire -  >> "L(Q[0x1f][0x1][0xb6][0xe4]3[0xe6][0xa0]r[0xd1][0xdb][0xc4][0xd6]-`:y[0x0]-[0xf4]4%{[0x99]H7y[0x87]"[0xae][0x83][0xdc]S[0xfe][0x3]cw[0x83]y"[0x6]R[0xad]/[0xdd][0xc][0xd8][0xa7][0xc7]+o[0xfa][0xde]>p[0xfb][0x87][0xe],[0xec][0x2]b[0xaf]I[0xb9]g[0x80][0xec]X>[0xfb]7[0xbf][0xe7]G[0xe]{[0xec][0xb1][0xdc][0xa3][0xc9][0xa6]`[0xfd][0x1d][0xcf][0xab][0xf5][0xf]c[0xae][0xf7])Lj[0xc4][0xfa]m[0xb8]M`[0xa9][0xe]U[0xf6][0xc2][0x8b]v[0x1d][0x8b][0xff][0xdc][0xaf]Z|[0xe9][0xb9][0xd6]v[0xa5]p[0x13]x[0xc4]([0x6][0xa1]-[0xb][0x18]/[0x1d][0xac]jJ[0xd9][0x94][0xbe][0xe2][0xbd]<[0x93]^Y[0xb2][0xb5][0xe1]",[0xe5][0xb5][0xdb][0x94][0xb1][0x13]1P1[0x94][0xc6][0xe][0xfe]*[0x13]_[0x9c]W>[0xfe]p[0xc][0xb9][0xb7]-[0x2][0xb7][[0xb6][0x99][0xff][0xe5][0x8d][0x19][0x9b][0x2]6[0xb6]9_[0x80][0x84] [0x1c][0x0][0xd9][0xa9][0xdb][0xab][0x0]p[0xb4][0x9f][0xb5][0xc3][0xc4][0x8d][0xda][0xc0]9[0x11][0xc9][0xc5]Nh[0xe3][0xdf]9[0x7][0x4]H[0x9f][0xaa][0xfa][0x4][0xa9]q"[0xa7]#[0xba]>[0x18][0xe][0xf5][0xad][0xe6][0x3]'saK[0x9d]/[0xde][0xc5]N[0xc6])[0x0][0x9b]$[0x8e][0xef][0xfc]eR[0x8a][0xc1][0xed][0x18][0xa3][0xbb][0xe2]M|[0xd6]k[0xbb]t>[0xfe][0xd2][0xc6]d[0xf7]n[0xcf][0x15][0xe][0xae]K[0xed][0xc9][0xa0][0xe7][0x1a][0xd9]=[0xae])[0xb3][0xd8]s[0x8c][0x13][0xa6][0xf1][0x85]4{[0xf1][0xe1][0xb6][0xfc][0xd7][0xac][0xea][0xf2][0xe0][0x15]U[0x81]<[0xc9]9[0xaf]=[0x87][0xc1]:[0xea][0xf3][0xe3][0xb7]w[0xf1][0xce][0x17][0xff][0xcd]K,[0xec][0xb5],[0xf7][0x14][0x90][0x1d][0xcb][0x93][0xff][0xd6]w[0xe8][0xb0][0x5]?[0xe4]f[0x9d][0x89][0x18][0xf0][0xf6]X[\n]"
05:56:02.495 [main] DEBUG org.apache.http.wire -  >> "[0xe][0x93]@[0x98]Tg[0xc2]<[0xc8][0x13][0xac]}[0xee][0xc][0xea][0xe][0xa5]rgo[0xab][0xb2][0xba][0xeb][0xcb][0x96][0xa5][0xf8]+[0xa2][0xc8][\n]"
05:56:02.495 [main] DEBUG org.apache.http.wire -  >> "DJ[0x1d][0x94][0xc2]J)[0xe5][0xa3][0xe2][0xd0]([0xa8]D[0xbc][0xac][0xb0][0x80][0xcb][0x9d][0xe6]t/[0xe5]3ay[0xb9]_[0xd1][0x19]I[0x2]hR[0xc0]#[0xc6][0xd4]A[0xb7][0x6][0xd1][0xe0]up[0xa0]m[0xff][0xdf]'[0x11][0x0][0x92][0xe5]QGX[\n]"
05:56:02.495 [main] DEBUG org.apache.http.wire -  >> "[0x84]*[0x13]B*\$J[0xc9]B[0x2][0xf5]K[0xb2][0x87]$N[0xa0]m[0xdc][0x10] [0xf5][0xe4][0x16];[0xbc][0x12]$4[0xb4][0x94]q[0xc3]([0xdb][0xaa][0x95]p4[0xed][0xf3][0xbe]V[[0x8f][0x86][0x97][0xfe][0x98]c?}[0xc3]F[0xb9]p[0x1b]}[0x99]PbA[0xc0][0xb4]j#d[0x9e][0x1]l.[0xeb][0xb]`H[0x80][0xed][0x99]BG[0xab][0xb7]X[0xdb]][0x2]Tp[0xe6]!/[0xc5]^[0x8]>[0x15][0x17][0x3]@[0x17][0xa8][0xed]J^C@[0xaf][0xfd][0xc3][0x6][0xc9][0xc4]&[0xa8][0xc5][0x80][0xbd][0xd3][0xe0]([0xbb][0xc7][0x1b][0xd0]E[0xfe][0x8b][0x1d][0xe2][0x13][0xd6][0x9c][0x8c][0x91]c[0xa8]q[0x87]dR[0x96]k[0xa1][0xe6][0xfa]x[0xec]C[0xb7][0xff][0xcd][0xb7]\X[0xd8]]P[0xee]9 ;[0x96]'[0xff][0xed][0xef]~[0xec][0xe0][0xed]z[0xcf]a[0x1b]n[0xbf][0xa8]z[0x2]5^[0xfa][0x87][0xd6]W)clV[0x83][0x92][0x14][0x1d][0x11]6[0xac]2*[0x8b][0x17]n[0xdb]u*[0x9b]K1[0x8c][0xe6]$[0x94]d)9y[0xb1],[0xc8][0x82]Z[0xe4]C[0xc1]w[0x9d]u[0xdf]6'[0x98][0x9c]R[0xd0]`c5[0x9f]E[\n]"
05:56:02.495 [main] DEBUG org.apache.http.wire -  >> "[0x8c]l*$[0xdb][0x10][0xee]<[0xaf]8[0x11][\r][0x8c]8o.[0xc4]H[0x1e][0xe9][0xbe][0x88][0x8b][0x13]9!N[0xd6]db[0xd8][0xf7]*[0xda][0x8]5[0x15]S[0xa2]U[0xee][0xc6]m[0x81][0x89]!$dO[0xaa][0x7]b[0x18])[0xe3])v[0x7][0xf6][0x1a][0xa6][0x98][0xe4]s,[0xcd][0xcc][0xd8]G[0xc2]K[0x1b][0x1f] =[0x80]r#H[0x18]~[0xb1][0xa8][0xfb][0x9e][0x95][0xb6][0x9b][0xd0][0x1][0xc6][0xe6][0xe8][0xae][0xc1][0x9b][0xaa][0x86]H6([0xe0][0xd6]nA+[0xd4][0xa4]9[0x80][0x17][0x7][0x10][0xaa]ll3[0xa2]n[0xcd]Q[0xb8][0xc0]-[0xb7][0x83][0x0]H[0xdf]3[0x9c][0xd2][0x1c]}}(3+[0x8]S[0xce]E[0x8];[0xb7]g[0xf2][0xa2]][0xc9][0xbf][0xb2]R[0x97]J[0xf0][0x9]K[0xee][0xc6][0x1d][0x98]c~[0xc2]o[0xef][0xdf]y[0xfb][0xaf][0xff][0xf9][0xc7][0xec]R[0xee][0x8a]rO[0x2][0xd9][0xb1][0xfc][0xca][0xdf][0xfc][0x9e][0x8f][0xfb][0x8b][0xfe][0xce][0xc3][0xf6][0xbc]q[0xfc]^[0xb6]t[0xd9][0xa6]v[0xcc]a.u[0xeb][0xa2]5[0xbc][0xdd][0x91][0x10][0x85][0xca]h;![0x15][0xd0][0xee][0xd7](s[0xd1][0xee]W[0xcc][0xbe][0xf4]l[0xaa]Ac:b[0x19][0x9a][0x15]O*w[0x1a]L[0xef]2[0x84][0xdb] [0xdf]J[0xf8][0xf8]j[0x88][0x83][0xe5]9[0xa7][0xdf][0xc5][0xf1][0xd8][0x10][0xd4]e[0xeb]b[0xfe][0x81][0xb][0xaf][0xd4][0x9f][0x84]7&[0xb3]@[0xf5]h[0xd1][0xda][0xc3][0x14][0xb3]/Yo[0xc1][0x14]2[0x0][0xcb][0xef]g[0xde]l([0xd8][0x8a][0x91][0xa0][0x81][0xb9][0x80]-[0xf9][0x1c]c[0xdd][0xbf]w[0x1b][0xec][0xb1]{[0x15][0xf3][0xc5][0x93][0xd6]v[0x81][0xd3]{[0x97][0xf3][0x11][0xeb][0xbd][0x1e]vn[0x9e]sR[0xac][0x1]=[0xa4][0xff][0x4][0x9a][0xda][0xab]l[0x97][0xc6][0x80]X`[0x84]O_[0xc]4[0xf6]I[0xfa]U'[0xd2][0x18][0x81]+[0xd0][0xe1]*6[0xd3][0xf4][\n]"
05:56:02.495 [main] DEBUG org.apache.http.wire -  >> "([0xfd]XL[0x8a]%[0xc6]\|[0x7]1)[0x98][0x83][0x8e][0xba][0xd5][0xed][0xb8][0xcc][0x3]-[0x10]af>[0xaf][\r][0x8][0xad][0xb8][0x88][0xa7][0xd0]6[0x94][0x83][0x95]A[0xbe]i5[0x4]][0x94][0xc6][0xed][0xd1][0xd6][0xdc][0xf1][0xce][0xfd][0x9d][0xbf][0xff][0xc6][0xdb]/[0xbc][0xfb][0xc5]G[0xff][0xe5][0xcb]sawQ[0xb9]g[0x81][0xec]X[0x9e][0xfc][0xdb][0xdf]}[0xc3][0xee][0xd8][0xbb][0xf][0xfb][0xf1][0xe3]Fc[0xd2][0xdb][0xfa]4[0xec]S[0xd8][0xe1][0xe1]N[0xd3][0xdb]\[0x1e][0x1c][0xa3][0xc0][0xa3][0x94][0xfb][0xc1][0xe2][0xba]0[0xb2]c[0x96][0xe2][0x11][0xc8]P[0x18][0xb][0xaa][0xaf]eK[0xf]"[0x1]Pp[0xa4]n[0xe7][0xc1][0x80][0x9a][0xa3][0xb9]-I[0x4][0xd6][0xef] l[0xd3][0xa1][0xef][0xee][0xb8]G[0xb3])[0xe2][0x3][0xab][0x90][0xcf][0xa6]L[0xa5],[0xfa](d[0x8b][0xd3]L[0x8f]N[0xcb]7[0xe2][0x12]z[0x1d]d[0x15]cx[0xd0][0xed]p[0xaa]"[0xb1]"[0x8c]J[[0x1][0xc2][0xa4]~[0xb2][0xb]g[0x18].+[0x92][0xe9][0xda]qSy[\r]3p[0x1c]G[0x80]/[\r][0x8e]A[0x1d][0xec][0xf8][0x5]m(\7bn[0xd0]v[0x8][0xe][0xf1]p[0x9d]$[0xbb][0x98][0xa8]h[0xa3][0xeb]R[0x92]AT[0xd9][0x9f]YS[0x1][0xbd][0xd8][0x6][0xb9][0xf][0xf4][0xcd];x[0x15]f[0x8a][0xdf][0x1c][0x92][hr[0x4]\[0x87][0xe5][0x11][0xe9]F[0xdb][0xe][0xc8][0xe7][0xcb][0x6][0x94]I[0xbe]I[0x88][0xa3]5[0xf][0xf4][0xee]ah0[0x8][0xc6][0x9a][0x9c][0xb3][0x90]I[0xd6][0xed][0xb1][0x86] h[0x1a][0x80][0xbf]W[0x1c][0xd0]o[0xec][0xef][0xec][0xdf]}[0xfb]}[0xe1]Gn[0x1e]'"
05:56:02.496 [main] DEBUG org.apache.http.wire -  >> "[0xf1]R[0xee][0xaa]rO[0x3][0xd9][0xb1][0x1c][0xc1][0xec]s[0xff][0xeb][0xef]y[0xcf]a[0x83]>V[0x82][0x15]P[0xb6][0xf0][0x87][0xf3][0xfa][0xb0]#[0x8a]/[0x9f]K[0xf7][0x0][0xe3][0xb6]7|[0x9c]u|[0xdd]]ewp)[0x9e][0xf6][0xb2][0x3][0xf6][0xd6][0xd6][0xb6][0xf0][0x9b]f[0x2]:[\r];[0x87][0xb7]-][0x8a]L[0xe6][0xc0][0xdf][0xd6][0x14][0xc6],0[0x3]K[0xf2]2[0x12]$&e[0xa5][0x9a][0xc9][0xba][0x82][0xe0]8[0x12][0xf]$Q[0xa1][0xec]o[0x8f]IP[0x84][0xc1][0x85]5[0x93]cL[0xcd][0x1b]t[0x1d][0x4]#[0xfb][0xb1][0x1f]*[0x95][0x86]xV[0x97]l[0xb5][0xc8][0x80][0xe6][0xc]x[0xce]O[0x4][0xf6][0x6][0xd8][0x8a]a[0x80][0x7][0xf6][0xb6][0xdf][0x93][0xd6][0xc][0x14][\r]A[0xd2]d[0x8f][0xcd][0x18][0x82]t,\7+[0x82][0x92][0xae]7[0xd7]D[0x9a][0xc0][0x8f][0xa1]C[0xa7][0x83]?[0xb1]n[0xf5]P[0xa2][0x91][0x86][0x12][0xeb][0xf9]F7[0xbb][0xd9][0xee]/[0x81][0xd6]C[0xff]2&[0x16][0xdd][0x9f][0xca]\5[0xed]#{Xy[0xc3];[0x1]y[0xc9][0x9c]5[0xd8]7`Z[0xf8]oq[0x1c]F[0x8f][0xa1][0x9c][0xa8][0xb5]$[0xc6]g[0x4][0x9b][0xf1][0xd1][0xf5][0x89]P07[0xf1][0xcc]h%[0xea][0x85]}[0xe4][\r][0xfb][0x17][0xde]y[0xfb][0xd1][0xbf][0xf0][0xb8]][0xca]]Y[0xdc][0xee][0xa3][0xf2][0xf6][0x1f][0xff][0xc5]w[0xd9][0x3][0xf][0xfc][0xc4]a[0xb3][0xbe][0xd5]*%[0xef]x\L~[0xd1][0xe4][0x90][0xa0][0xbc]"D[0xa6]l[0xc4][0x1b][0xe][0xdf][0xbe][0xf9][\r]f[0xaf]{[0xc8][0xee][0xd6][0xb2]11[0xb2]1xr[0xe6][0xda]oZ}[0x7][0xdf]M[0xb1][0x9a][0xf1][0x1c][0x99][0xf7][0xb3]`[0xad][0xf0]@gx[0xae]]s@&[0x97][0xb6]X]_G[0xe5][0xef]|c[0xfc][0x6]`x[0x16][0xaa][0xe8][0xf3][0xf1][0xf8]N[0x9e][0x8f][0x8a][0xcd][0xbd]W[0x6]9[0x14]U{D[0x95]Q[0x10][0xc8]P[0x8f]19[0x85][0xee]<[0xef]'[0xb6][0xeb]M[0xf5][0x80]j[0x84][\r][0xdd][0xc5]}j[0x86][0xf3][0xe5]![0xab][0x11][0xf6]3Y[0xaa][0x94][0x83][0xd3][0xde][0xe3][0xe][0x5][0x8d]T[0xcc]@[0xf8]q__[0xef]s[0xcd][0xa0][0xec]w>U:][\r];K[0x14]*[0xae]][0xcf][0xa2][0xad]}[0x8f][0xbc]T[0xe4][0xa0][0xda][0xa9]z0?[0x98][0xb][0xd3]k[0xeb]-[0xf2]e[0xdc][0xf1][0x9d][0x85][0xe1]4^*[0xf5][0xc5][0xe9]Z4[0x2]Q[0xad]G[0x1][0x19]f([0xc6][0xb8][0x98]Q[0xeb][0x1c]/[0xea]2c[0x8e][0x7][0x2]k[0xad]}[0x17][0xbc][0x87][0xf3]^s[0x8a][0xef][0xf2]C[0xba][0xe9][0xec][0xf4][0xe8]>[0x1c][0xbf][0xee][0x8e][0x99][0x94]7[0x1f][0xb2]x[0xf4][0xd9]G[0xff];[0x1f][0xb7]K[0xb9][0xab][0xcb]=[0xcf][0xc8][0xb4]<[0xf9][0xb7][0xff][0xfb][0x8f][0xdb][0x1d][0xf7]a[0xdf]~[0xd4]m[0x4][0xca][0xcb][0xd4]n[0x93]8h7[0xc2][0xe0][0xe4][0xb5][0xed][0x8a]D[0xc5]w[0xb3]{[0xf1][0x98][0xa5][0x8][0x10][0xb]gn[0xf1][0xb8][0x6]J:$E[0xac][0xac][0xfc][0x9d][0x98][0xef]=[0x19]P[0xc0]u[0xc2][0x18][0xd7][0xea][0x98][0x18][0xae][0x12]g[0x1a][0xdd]|[0xa9]7[0x0]Ty[0xa7][0x9b][0xc4][0xd3][0xdd][0xda]H[0xa6][0xee]-[0xf6]w[0xbc]h[0x9f]X[0xd1][0xa3](v[0xd6]q[0xb4]#[0xc3][0x82]zC[0x5]c[0xe0][\n]"
05:56:02.496 [main] DEBUG org.apache.http.wire -  >> "bV1[0xc3]c[0x97]w[0xd6][0x15][0x87]0![0xd9][0x18][0xd2]*[0xb2]<[0xdb][0xb1]Z[0xe3]%[0xcb][0xaa][0xc6]z[0xaa][0x99][0xbe].[0xb3][0x4][0x97][0x96]k;R[0xdf][0xf4][0x14]r[0x10][0x0]([0xb4]1b_a[0xea]z[0xc5]st[0x18][0x3][0x9e][0xef][0x3]~W,[0xb1][0xd7]6jJ1u[0xc5][0xb6][F[0xb2]q@Q[0xef][0x1d]o[0xf3][0xc2]ka[0xb7][0xde][0xb5]q[0xd0][0xc0][0x1e][0xe4]d:[0xbc]1[0xdf]r[0x1c][0xeb][0xeb][0xcc]^[0x84]T[0xc2][0xca][0xc]>[0xa0][0xdc][0x19][0x8b]6[0xb][0xb7][0xe2][0xa9][0xfc]c[0xdd][0xca][0xf8]y[0xfc][0x81][[0xb7][0xdf]y[0x1][0xb1][0xeb]Q[0xdc][0xee][0xd3][0xf2]][0xff][0xd7][0xcf][0xfc][0xc8]A[0x10][0xfe][0x8f][0x87][0x8f][0xdf]z[0xfc]^[0x11][0x94][0xde][0xd8]([0xf4][0xb7][0x97]`[0xc2][\r][0x17]1[0xac][0xe3][0xf8]3[0xdf]lwc[0xf1][0xff][0xe4][0x9f][0x9a][0xfd][0xe1][0x97][0x8c][0x96]v[0x8d][0xd4][0x19]f[0xda][0xa2][0x10][0x80]-[0x12][0xb0]m[0xbc][0xbb][0x8a]C[0xb9][0xf1][0xb9][0xa0][0xac][0x14][0x95][0x8b][0x8e]O[0xd3][[0x8][0x9c]y3[0xb][0x98][0x0]&[0xdb][0xda][0x17][0x85]Wq[0xa9][0xe0][0xdb])[0xf8][0x9d]JPT[0x9b][0xa7][0xd7][0x93][0x16][0xbe][0x9][0x83][0xa9]G[0x7]6mW[0xec],5\[0xea][0xbf]hw[0xa5][0x8c][0x83]q[0x1c][0x99][0xc0]i[0xd5]+k[0x92]q[\n]"
05:56:02.496 [main] DEBUG org.apache.http.wire -  >> "[0x8][0x98][0x99]7[0xab]97[0x7][0xc9][0x8e]|[0xb0][0xb2][0xbc]na[0xbe]:[0xcf][0xca][0xfe]jY[0x6][0xbb]Q[0xc6][0xc6][0xf1]d][0xfd][0xfb]o\[0xc7][0xee][0xeb][0xb6][0xec]n&[0xcc]T[0xeb]0[0xed]K[0xb2][0xb2][0x9c][0xbb][0x4][0xfc][0x98][0x8][0xe3]v[0xca][0x8e][0x16][0x6][0x86][0xbf]55[0xa8][0xb3][0xe0][0x1c][0xc7][0x82][0x1d][0xda][0xed][0xc6][0x1a][0xd7]1[0x3]Z[0x81]-g[0xbd][0xbb][0xd0][0x91][0x81]i[0xc1][0x12][0x88]][0x81]}[0xd0]|[0x0][0x83][0xe4]<[0x1f][0xae][0xbb]y[0xf8][0xf6][0xa1][0xe7][0xff][0xad][0xef][0xb8]<[0x17]v[0x8d][0xca]}[0xc5][0xc8][0xb4]|[0xee]o}[0xef][0x87]m[0xbf][0xfb][0xfe][0x83]Bx<ho"4[0xe1][0xb4][0xdb]6[0xc1][\r]j[[0xdb]y[0xcb][0x1e][0xcb][0xf1][0x82][0x17][0xef]>V[0xe6]O~~[0x3][0xb1][0xf2][\n]"
05:56:02.496 [main] DEBUG org.apache.http.wire -  >> "9`z[0xd7][0xae]#[0xa0]G[0x8c][0xb8]I[0x81][0xd8]V[0xc7]T[0xb][0xf9][0x1][0xb4][0x80][0x16];[0x14][0x1][0x19][0x17][0xf][0xcc]7R[0xb0][0x5]C[0xdc]-[\r][0xe9][0xbe]"$>V[0x7][0x84][0xa1]e][0x9a][0xaa][0xee][0x86]@G[0xc6]>w[0x8c][0xa3]i[0xdc](q[0xd2][0xfd][0xac][0xe1][0x96][0x3][0x9][0xc1][0xa1][0xf5][0x8a][0xda] B[0xd4][0xd8]>`|Na[0xc7][0xff][0xc8][0xed][0xa5].c[0xf2]LGk\[0xfa][0x8d][0xb0]Vv[0x6][0x99][0xa3][0x16][0xbd]^[0xd9]W[0xaf]6[0x9c]}[0xc1][0x9c]O[0x1e][0xb2]m[0xd9][0x9d][0xac][0xe3]6i[0xac][0xbf][0xc7][0x92][0xb5][0xe3]m[0xce]ZClFNg[0xd0]{[0xf9][0x80][0xeb][0xe][0xe5]O[0xb4][0xf][0xc0][0xc0]N[0xc2][0xce]F[0xd7]c[0xd6][0xd2][0xdb][0x87][0x8f][0xc3]`[0xef]u[0x1b]U[0xc7][0xae][0xc][0x1b]k[0xa3][0x12]0[0x9d][0xd7][0xba]N[0x9e]5K+jK?[0x82][\r][0xaa][0x8b][0xbd][0xf6][0xc4].[0x1e]z[0xc7][0x5][0xc4][0xae]_[0xb9]o[0x81][0xec]X2[0x11][0xe4]{[0xdf]}P[0xed][0x8f][0x1e][0xb6][0xf5][\r][0xc3]C[0x9c][0x81]8N[0xfe][0xcf]w[0xe0]j[0x6][0xa5][0x2][0xb][0xbf]E[0xf7][0xd6]][0xf6][0x96][0x8f]-K[0xb1]~[0x9e][0xc5][0x0]6[0x8]AYAw*~[0xf7]N[0x9e]hD9[0xfe][0x93]I[0x87][0xa5][0xc7][0x87]6[0x8e][0xc2][0xbf][0x8a][0x96][0xb7][0xa6][0x91][0xd2]/[0x3][0xe9][0x16]Q[0xa9][\r][0x86]SXa4[0xe0][0x17][0xe4][0xb];q[\r]Z[0xea](bO[0x1][0xd7][0x1e][0xe9]r[0xa3]'[0xe1][0xe2][0xc3][0xec][0xe4][0x14][0xef][0xc4][0x14][0xbc][0xec]%'[0xa8][0x19]`[0x8d]$[0xe8]U[0xb]Q[0x92]N2[0x12][0xde]0[0x18]`Xf=[0x1]1[0xb3][0xfd]Y[0x89]7[0x82][0xcb][0x1f][0xc7][0xcc][0x9c][0x80]R[0x98]-[0xcf]0xg[0x80][0xd2][0x15][0xda][0xc9]-[0xe8]s[[0xb][0x8e][0x80]o[0xdb]%1[0xba]p[0xfc][0xc9][0xad]e[\r]*[0xa9][0xc5][0xd4]e[0x1a][0xf8][0x90]Q[0xae]S[0xeb][0xe][0x95][0xce][0xd5][0xe4]:[0x96][[0xd2]|n[0x1d][0x92][0xac][0xbe]I[0x9c][0x95][0xf5][0xeb][0xe2][0xd5]nUd[0xec]O[0xc5][0xe1][0x18][0x3][0x5]c[0xc4][0xeb][0xb1][0xd8][0xef][0xe0]v[0xa4][0xa7]!>[0xf2][0xfa][0x7][0xe2][0xdd][0xb7][0xfe][0xe6][0x9f]{[0xda].[0xe5][0xda][0x15][0xb7]K[0xd9][0xca][0xdb][0xfc][0xb3]o=8a>x[0xf8][0xf8][0xfe][0xb2][0xf8][0xe8]c[0x83].^%[0xa8][0x13]C[0xea][0xe8][0x9f][0xf9]&[0xd1]L[0xaf]m[0xf1][0x9f]z[0xe2][0x80][0xd4][0xbf]U[0xee][0xd0][0xed][0x8][0x6][0xe2]'}[0x14][0xd7]\[0xef][0x8][0xb7]f[0x18]E[0xe9][0xf8][0x1b]_[0xed][0xb6]Cb[0x6]2[0xbe][0xca]u[0x87]i[0xb1]`[0xec]&[0x9a][0xfd][0x81][0x11]b[0xf6]|r[0x8a][0x10][0x17]%[0xdc]m[0x93].[0x89][0x1e][0x17]@[0x9c]/[0xe4][0xad]`>9[0x93][0x9f][0x8e]w[0xd4][0x95][0xda]m[0x1b][0xb][0xfc][0xc8][0xee]c>[0x2][0xd5][0xb6]Q@>[0x86]c[0xdb][0x88][0xe4][0x7]=][0xdc][0x98][0xd1]}[0xab][[0xab][0x87];[0x1f][0x8c][0xab][0xfb][0xd3]n]G[0xc][0x10]Db[0x84][0xd4]v\[0xf][0xcc]K%J0[0xb8][0x16]\[0xbf][0xe6]$y[0xf][0xd0]-[0xe1][0xa8][0xcf][0xf9]2W[0xbe][0xcc][0xb7][0xd7][0xd2]y[0xaf][[0xbb][0x6][0xad][0x98][0x98][0xb3][0x8d][0xcc][0x8][0xf6]r[0xb]^Qw[0xa1][0xb4][0xec][0xc7][0xfc]y[0x14][0xb6][0xd5][0xe3][0x1]Pe{[0x95][0xdc][0x91]/][0xce]@[0xed][0x8e][0xcc]X[0xdc][0x9d]l+[\r][0x2]?[0xba]]o[0x1e][0xac][0xf9][0xf7][0xdc][0xfa][0xb7][0xdf][0xf6][0xb8]][0xca][0xb5]-[0x17] [[0xca][0xdb][0xfc][0x93]o[0xf5][0xdd]C[0xff][0xd9]>[0xfc][0xfb],[0xf6][0xf0][0xc2]Dk[0x9f][0xb2][0xd6][0xf7][0x80]5k[0xa0][0xfb][0xd6]7[0x9a]=[0xf4][0xa0][0xbd][0xd6][0xc5][0xff][0xf0][0x8b]f[0xff][0xc9][0xcf][0x18]t[0x13][0x94]d[0xc8][0xdb] [0xfa]M[0xeb][0x88]A[0x95][0x12][0x80][0xc2][0x3]P[0xbb][0xc6][0x9c][0x10]nH[0x8c]Qp[0x88]31[0x1a]0[0x80]0[0xc9]&[0xac][0xbf][0x88][0xbd]5X[0x1e]K[0xf7][0xc9][0xc4][0x96][0x1f]1&[0xc1][0xa8]Q[0x9f][\r][0x0]4[0x80]m)[0xbf][0xb0]%[0xf3][0x8d][0xfd][0xf3]b[0x4][0x3][0xf0][0x4][0xb4][0xb7][0xaf][0x99][0x1]8[0x14][0xaf]i|[0xee]$[0x13][0xd1][0xf0][0xd9][0xcf][0x0][0x1][0xe6][0xb]Y[0x9a]2W[0x13]`[0xd1][0xbf][0xbc]`[0x82][0xb9][0xb3][0x1e][0xde]?[0xda]2[0xeb][0xba][0x96]q[0xaf][0xe0][0x1]c[0xa2][0x99]/][0xec][0xe6]>[0x8d][0x81][0x15]L[0xc3]%[0xb3]P[0xd6][0x4][0xa0][0xe6][0x95]}XY[0x84]A[0xe0]t<[0xa3][0x0]0[0xc2]Z[0xac]FD[0x1][0xe5][0x4][0xc9][0x1][0x86][0xd9]W[0x8c][0x1f][0xfb][0xc1][0xc1][0xf4]O[0x1][0x13]'v[0xfe][0xb8][0xdd][0xb6]Go[0xfd][0xed][0xb7][0xdd][0xb0]K[0xb9][0xd6][0xe5][0x2]dW[0x94][0xb7][0xff][0xf8][0xa7][0xdf][0xd8][0xe9][0x1f]<[0xec][0xf7][0xef]p[0xc6]P[0xac][0xd2][0xdb]b[0xf5]][0xa5]`<[0xfc][0x80][0xc5][0x9b][0xdf]d[0xaf]u[0xd9][0xfd][0xc7][0xff]ds-[0xc2][\r]E[0xdf][0xb][0x99]Q%[0x1]D3[0x90][0x11][0x90][0xdf][0x8e][0x1b][0x13][0xf9][0xf2][0xf6][0x85]UD'%[0x8][0xd0]L[0xc6][0xb0][0xd5][0x97][0xff][0x88][0x82][0x16][0xe6][0xb1]c[0xe6][0xbd][0x99]&9l[0x8a]&N[0x93]/4QA[0x13]-[0x4]0[0xac][0x15][0xa1]$[0xd8][0xf1]z[0xf4][0xb5][0x15][0x9d][0xb7][0xbb][0xe][0xee]1[0xb7]f_[0xdb][0xfd][0xbb][0x1a]\[0xce]![0xc6][0xac]s[0xd3]}7;e3X[0x19][0xbf][0x12]d[0x9a][0xa9]r[0xae]][0xd8]CU[0xb7][0x0])[0xe3][0x80][0x4][0xd3]1[0xd6][0x9]NZ[0xef]qH[0xe][0xf3][0xcc][0xad][0x8d][0x9d]y?[0xdb]p[0x2]:[0xf7][0xc6][0xe1][0x9e]}}[0x8e][0x9c][0x1f][0xce][0xb4]&][0xec][0x7][0xab][0xe4][0xf8][0x6][0xd8][0xec][0xe9][0x82][0xad][0xb4]ZW[0x97]qv[\n]"
05:56:02.496 [main] DEBUG org.apache.http.wire -  >> "[0xc9]#[C[0xbb]n[0xef][0xc][0x80][0x8d][0xf6][0x82]u!o[0xd3]1[0xb2][0xf]<[0xf7][0xb7][0xfe][0xd5]K,[0xec][0x1e])[0x17] [0xfb]*[0xe5][0xed]?[0xfe][0x99][0xf7][0x1f][0xfe]|p{[0xf6],[0x19][0xe]=[0x8f][0x9a][0xa4][0x0][0xc2][0xb0]e/[0xfa]k7[0xad][0xc7][0x4][0xf][0xff]'[0x9f][0x9a][0x9][0x14][0xa5][0x94][0xb][0x19]lu/[0x86][0xba][0xf0][0xb6]J[0xa0]FJ[0x81][0xc5]`\[0xc1][0xe7][0xa4]*D6[0x0][0xc8]Z[0xe1][0x86][0x19][0xc1][0x2][0x10]Z[0xbd][0xec][0xce][0xad][0x8c]C]l[0xae]Y}[0xab][0xf6][0x99] I[0x16][0xb5][0xb1]K[0xdb][[0xcc][0xfb][0xe8][0x15]e[0xd5][0x8e]$n[0xb2][0x19]0W[0xb9]n[0x82][0xc9][\n]"
05:56:02.496 [main] DEBUG org.apache.http.wire -  >> "[0xd4][0x95][0xf5][0x89]X[0x14][0x13]*[0x8][0xb2]K[0xdf]w[0x95][0x9d][0xd8][0xcf]A[0xf4]qd{[0xba])[0x1b]L[0xe6][0xe6][0xf2][0xb6][0x11][0x13][0xf6][0x2][0xb0][0xdd][0xa9][0xbb][0xd0][0xa7][0xf1]0[0xc0][0x1f][0xd1][0xb3]S[0xb6][0xc8]e[0x9e]so[0xf0][0x84]v:J[0xee][0x85]][0x1b][0x5][0x0]h}Vl[0x80]8Y[0x13][0x0][0xd1]q[0x93][0x9d]<G[0x6][0x90][0xea]18[0xef][0xc9]5B[0xde]U[0x82]q[0xcd][0xa9][0x81][0xf1][0xd1][0x0]P[0x83][0xa1][0xf6]Q[0xba]5o[0xdc][0xb9][0xed][0xef]y[0xf1][0xfb][0xb6][0xcb]+[0xa6][0xee][0xa1]r[0x1][0xb2][0xaf][0xb1][0xbc][0xfd][0xff][0xf2][0x99][0xf7][0x1d]f[0xeb][0xb1][0x83]B[0x99][0xc][0xad][0xce][0xa7][0x14][0x1e][0xe4][0xf8][0x8d][0x8f][0x98][0x1d][0xff]{-[0xca][0x97][0x9e][0xb5][0xdd]O[0xfe][0xec][0xf6]W[0x18]I[0xa1]Hi[0xf6][0xad][0x9c]X[0xe9][0xed]B[0xe2][0xab][0xa3][0xd2][0x9e]E[0x5][0xe7][0x18][0xd5][0xb1][0xba][0xbd]M[0x10][0xb0]$.[0xde] [0x84]6@n[0xd4]M[0x9][0xd7]X[0xbb][0x4][0x95][0x1d][0x11]%[0xb]d[0x91]|[0x8]+[0xbc][0xc0][0x89]<[0xb3][0xdd][0x95][0xf2][0xf6][\r][0x2]4[0x1e]7 [0x10]a[0xe][0x9a][0xa5][\r]pq[0x8e]wuS[0xe5][0xf9][0xea][0xb4]#0'[0xf7][0x15]`[0xb8](S[0xc4][0x92]t[0xec]S[0xe1][0xfa]`[0xcc][0xea][0xba]%[0x98]i[0xdf]z=L[0x1]Y[0xfb][0x8e][0x9c]~[0x95]r[0xb6][0xb3]2fy[0xa8][0xfd][0xc4][0xd0][0x18][0xf5]/[0xb1]BW[0xd7][0xb1][0x9f][0xef][0xd3]n[0x17][0x92]=[0xc8]vC[0x1][0x15][0xc0][0xdd][0xa0]Wk[0xb9]k[0xb7]$*[0xdc]iL[0xc][0x0][0xd8][0xc],m[0x99]2[0xa6][0x98][0xb1][0xb8][0xed][0xe5][0x8f]>[0xf2][0xba][0x7]>py[0xc5][0xd4][0xbd]W.@[0xf6]u[0x96][0xb7][0xff][0x9f][0xf].[0xc7][0xdd][0xee]}[0x7][0xc9]{[0x97][0xad]i[0xd5]P[0x86][0xaf][0x11]+;&x[0xf8][0x93][0xbf]U[0xdd][0x1][0x1e][0x89]e[0xda]W&[0xb0]t[0xba]<[0xfe]Q[0xe6]e}[0xe][0xca]$[0xef]-[0xfd][0xd8][0x96][0xfb]Hl[0xc0]}[0x2]J&[0xc1]{g[0x10]k(366[0x0][0x1] ([0x9][0x16][0x2][0xae][0xe6][0xab]K[0xf3][0xb4][0x8e][0x13][0xe5][0xaf][0xc7][0xa7][0x82][0xce]jw[0xb3][0xdd]f[0x97][0xc5]B8G[0x9]m[0xe3][0xf9];R[0x5][0xe9][0xff][0x2]:dY[0x5][0x1a][0xd3][0xa5](u[0x9][0xab][0xb3]S[0x6][0x5][0xe6]1[0xe2]t6\[0xae][0x0]Y[0x8c]w[0x0]U[0x83]&[0x13]$09[0xbb][0x11][0xbb][0xb][0xce];[0xc][0x1b]a[0xc2]0[0x8b]v[0xea]Z[0xec]1[0xca][0xf7][0xc0]M[0x0][0x96]~Z[0xdb][0xf3]9[0xb6][0xcd]$[0xa9]_3[0xd3][0xf5][0xdf][0xe5][0xc4][0x1e][0xdf][0x1a][0xb2][0x9b][0xc9][0x1e][0xb1][0xcc]q[0xef]e[0xef][0x18]]V[0xb5][0xbb][0x19][0xbb][0xfd][0x87][0x9e][0xfb][[0xdf]yq%[0xde][0xa3][0xe5][0x2]d[0xdf]`9&[0x85][0x1c]D[0xeb][0xb1][0xc3][0xc7][0xbf]r[0x90][0x9a][0xb7][0xb6][0xc6]<[0xa8][0x96]7[0xbd][0xde][0xec][\r][0xaf][0xb3]W[0xb5][0x1c][0xd9][0xd8][0xfc]S-[0xc8][0x95]+=[0x19][0x10][0x98][0xc9][0xf1][0x9a][0x9d]|[0x16][0xb][0xde][0xc4]]e[0x1d][0x13]K0:[0x1e][0xda]5[0xa3][0xb0][0x19][0x3]:q[0x1]f[0xe6][0xd8]`t[0xeb][0xc3][0xcb][0xbc][0xdb]W[0x0][0x15]6[0xe2]m[0xf1]3[0x19]@[0xae]A?M[0xb0]lu[0x93][0xaa][0xbb][0x13][0x8a][0xd9][0xdb][0x8d][0x18][0xea]n[\r]`Tec[\n]"
05:56:02.497 [main] DEBUG org.apache.http.wire -  >> "[[0x1c] 5[0xe6][0xe][\r][0xeb]y[0x0][0x8c]5[0x0][0xa0]>_\_[0x9]J[0x0][0x17][0xac]a[0x8d]}[0x0][0x95][0xd6]_xP1[0xab]m|[0x98]p[0x2]P[0xcf]*[0x80][0x92][0xaf][0x2][0x1b]s[0xab]F[0xc5]n[0xb0][0xc6][0x18][0xf5][0x8]#;[0xba][0xea][0x10]_[0x1d][0xf3]/[0xc9][0x1e]>[0x93]5B[0xce][0xc3][0x18][0xda][0xfa]R`[0xe8][0xb8]f[0x87][0xfd]I[0xf7][0xa3][0xd7][0xda][0x10][0x84][0xb7][0xcc][0xc4][0xe3]~[0xd8]U[0x8c]l[0xbb][0xaf][0xe7]|[0xab][0xc3][0xe3][0xc6]m{[0xe0]=/[0xfe]o[0xfe][0x95]O[0xd9][0xa5][0xdc][0xb3][0xe5][0x2]d/C9[0xb2][0xb4][0x83] ~[0xd0][0xef][0xdc]y[0xeb]&[0xad][0xf][0x1c][0x4][0xec]O[0xbf][0xba]o[0xfa][0xf0][0xfc]D>[0x0][0xcd][0x15]][0xe3]J0fA[0x88]"c[0x6][0xa1]nFk+[0xba][0xee]K[0x10][0xdc][0x8c][0x7]84#k[0xe5]z[0x95]k[0x8c][0xee][0xbe][0xba]/[0xdd]d[0xed][0x13]T[0xb7][0x1c][0x11][0x3][0xdf][0x1d]^Q[0x0][0x91][0xb6]g$@[0xa6]l[0x4][0x9][0x3][0x0][0xe]&[0xb9]X[0xd7]<[0xd8][0xd1]N[0xe2]|[0xde][0x80]Z1/[0xcd][0xae][0xd4][0xbe]ne[0xbc]a[0xc2][0xd0][0x87][0xec][0x1d]]b[0xc8][0xc4][0xd4]6[0xfb][0xf3]t[0xa1]f[0xf6][0x9f][0xb2]@[0x97][0x98][0x18][0xc6]mVO:[0xae][0xae]@[0x5]x[0x17][0x16][0xbe][0xbc][0xf1]b0[0xb4][0x6]>y[0xba]LY[0x1d][0xc0][0xd7][0x9a]5j}[0x98][0x97][0x9c][0x8f][0xcd][0x85]x[0xdc]W[0xfb][0x9a][0x8f][0x82][0x1c][0xac]g[0xaf][0x9f][0xef][0x9a][0x95][\n]"
05:56:02.497 [main] DEBUG org.apache.http.wire -  >> "K[0xef]k[0x0]v[0x95][0xa4][0x11]=[0xf]!o[0x14]95$[0xea][0xbe][0x4][0xb2][0x8f]>[0xfc][0xc8]3[0x7]W[0xe2];/[0xae][0xc4]{[0xbc]\[0x80][0xec]e,o[0xff][0xfc][0xea]![0x86]f[0x1f][0xb4][0xe7]^0{[0xe4]a[0xb3][0xd7]?l[0xaf]F[0xf1][0xdf][0xf8]=[0xf3][0xff][0xe2][0xe7][0xda]B/[0x95]#[0xca]J[0x94][0xfe]v[0xc7]\y(6[0xc6][0xb6][0xa2][0xac][0xda][0x4]0*[0xe0][0x98][0x16][0xbe]2[0x8e]j[0x80]`[0xd6][0xca][0x8f]~22[0x11]0[0x7]d[0xfe][0x9d]u[0xff][0x99][0x9d][0xc6][0xac]L_[0xe5]d3nEn[0xb7][0xd3]k[0xba]o+[0xa0]X[0xbb][0xb][0xb7]z[0x17][0x97][0xa0])[0xfb][0x91]$[0x82]~>[0xf9]$[0xae][0xd4]s[0x3]6d[0x92][0xd4][0xa1][0xac][0xd7][0x97][0xf1]*[0xb0]h::[0xce][0x85]d[0x9f]z[0x8f][0x8f],[\n]"
05:56:02.497 [main] DEBUG org.apache.http.wire -  >> "[0xfd][0x1d],[0xd6][0xe8][0xba];[0x5][0xdb][0xaa][0xc0]5[0x83][0xd3][0xc5][0x90]Q[0x83]CA[0xcc][0x9b][0xa5]b[0xe]v[0xc5][0xa2]t[0x8e][0x1c][0xab]Qc^[0x9e]/[0xe3][0xf8]r[0x9e][0xe0]:[0x18]FJ]k[0x1c][0xa3]s[0xcf][0x2][0xf0][0xc0][0x4][0x99][0x82]*[0x19][0x8a]_[0x8c][0xb8][0xf3][0xa1][0xe7][0xfe]wo[0xbf][0xb8][0x12][0xef][0x93]r_[0xbf][0xd9][0xe3][0xe5].O[0xfe][0xf5][0xef]|[0xcc][0x1f]z[0xf0]m[0xfe][0xe6]7|[0xec][0xd5][0x2][0xb1]c[0xf1][0xf6]K[0x6][0xaa][0xe4][0xe2][0x12]ra 1o[0x99]_7[0xa7]V[0xb8][0x2][0xdd][0xa6]F$[0x9c][0xb5]i[0x9f][0x9d](X[0xe8]U[0x8b][0xc5][0x18][0xea]Tz~[0x81]S/[0xea][0xcd][0x1b]xA[0xed]K[0x1a]R4[0xf8][0xe9]UJ}\7[0xaa][0x12][0x8f][0xee]O^[0xc3][0xd7]<[0x9]8V[0xb2]G[0xbf][0x83][0xd1][0xba][0x3]Yo[0xcf][0xd7][0x18]S[0xf4][0xef]`[0x85]v[0xaf][0xea][0xac][0xb6][0x91]An[0xe5][0xde][0xc3][0xb9][0x98]s[0xed][0xe3][0x13]X,[0xdc][0x8f][0xc2][0xf9]0[0xa6]P[0xe0][0xee][0xa5][0xad]v0.[0x9e][0xab][0xf3]V[0x8c][0xc5][0x9a]G[0x16][0xdf]D[0xad]_[0x1f][0xb6][0xe1]k[0xf7]y[[0x9b][0xed]7[0xcd][0xf0]l[0xb1][0xf6]9[0xb0][0xe6][0xe1][0x18]s6[0x13][0xbd]L[0xa8][0xb5][0xe7][0xb8][0xf9]$_[0xce][0x8b][0xf6][0x81][0xec]1[0x7]P[0xb8]Jc[0xa4][0xea][0xa9]]PM[0x86][0xc9]J[0xe4]u[0x11]O[0xbf]x[0xe7][0x81]w]@[0xec][0xfe]*[0x17] {[0x99][0xcb][0x93][0xef]}[0xdb][0x8d]'[0xff][0xea][0xdb][0xde][0xef]w[0xf6]o[0xf3][0xd8][0xec]p[0xe8][0x86][0xbd][0x82]es'[0x1e][0xe2]cC[0xf3][0xa6][0xc2][0xb0][0xd6][0xbf][0xa9][0xb8][0xa0][0xad][0xad][0x8c][0xe8][0xae][0xe4][0x1c][0x9e][0x10]lP)[0xfe]+[0xd5][0xac][0xca][0xde]+[0xc]B[0x90][0xe9]F[0xea][0x9d]@`[0x10][\r][0x1c][0x1]e[0x1c][0xb3][0xe3][0xa8][0xd2][0xce]BGiRKU[0xa9]}h[0x97])[0xce][0xf6]8[0xfa][0x9a][\r][0xb0][0xf7][0xd0][0x81][0xf9][0xde])[0xab][0xd7][0xb][0xe6]}|[0xda][0xc8][0xd4][0x95])[0x81]&[0xba]*[0x1b][0x8a][0xc3]Q[0x15][0xc6]m[0xec]I[0xc5][0xc3]"Zg[0xc3][0x8b]Y[0x8a][0x19][0xd5][0x14][0xa4]X[0xa3]f[0xbd][0x16]*[0xe6][0x18][0xb6]C9[0x98][0x9a][0xd4]X_hXcpk[0xfb][0x84][0xaf]P[0x8c][0x9e][0xaf][0xbe][0xbe][0xe2]%'10[0x17]8L[0xf7]2[0xea][0xf0][0xea]E[0xe1]f2[0xc7]dmA[0xd3])"
05:56:02.497 [main] DEBUG org.apache.http.wire -  >> "[0x84][0xe9]Y[0xed][0x3][0xeb]:[0x99]jbXY[0xf4][0x1e][0xc2][0x9e][0xd9][0x97]5T/[0xec][0x8e][0xc1][0xc4][0xb7]g;[0xf7][0x1f]{[0xf8][0xc5]g[0xdf][0xf9][0xe2][0xf]_[0xe2]a[0xf7][q[0xbb][0x94]W[0xbc][0xbc][0xfd][0x1f]<[0xf5][0xfe]x[0xd0][0xdf]w[0x90][0xc5]w[0xd9][0xcb]\[0xb6][0x4][0x8f]c[0xba][0xbd][0x96]t[0xef][0x81][0xb1][0xa4][0xb9][0xeb][0xf5][0x12];({uy[0x19][0x1e];[0xd3]l:[0x9a][0xfa][0x4][0x15][0xea]gg[0x10],[0x95]([0x9b][0x85]F[0xa2][Q,j[0xe0]L[0xc7][0xb3][0xda][0x9e][0x96][0xa4][0x0][0x19][0xc3][0x9a][\r][0x89]4[0xff]t[0xd8][0xed]ZgV=[0xc1]\[0x2][0xfa]9[0xf3][0xb6][0x1d][0x92]Dv[0xad][0xee][0x87][0xb]QT[0xaf][0xb4][0xd7]1"[0x83][0xdb][0xcf][0x98][0xb7]Q[0xf1][0xc5][0xbc]gGW^[0xbf][0x3][0xa6][0xbc][0xaa][0xde]I"[0xd9]6[0xb3][0x12][0xcd][0x96]$[0x13][0xb8][0xd3]:net[0xab][0xf9]pa2[0x9][0xa2][0xe0][0xbc][0xdd][0x8b][\r][0x97][0x12]7[0xac]Wf[0xe5][0xf3]h[0x1d][0xbf][0xec]%[0x1d]Y~\;[0xe3]x[0xdc]:[0x93]Q[0xd6][0x9][0xfd]5[0x93]8$[0x2]T\[0x1b][0xf]'c=[0xc][0xf3][0xbd][0xd5][0xbf]M[0x16][0x9e]A[0xe3]=[0x88][0x8f][0x99][0xf5][0xfe]9[0x9e][0xdb]u[0xda]}Z[0x0][0x87][0x98][0xdc][0xf1][0x1][0xe7][0x1f][0xbe][0xb0][0xb0][0xfb][0xb5]\[0x80][0xec]U,[0x7]@{[0xeb][0xe1][0xcf][0xbb][\n]"
05:56:02.498 [main] DEBUG org.apache.http.wire -  >> "[0xd4][0xde]q[0xf8][0xfc]f[0xfb][0x13][0x14][0xff][0xec][0xe7]3[0xe5][0xbe][0xc]y([0xb9]0I+l[0x1e]c[0x4][0xaa][0x91][0xc5][0xb8][0xa9][0xfc]R|[0xed][0x8e],%[0x83]Z[0xaa][0x8e]S[0x10]d[0xfc][0x6][0xbe]D[0x89][0x99][0x85][0x91][0xd9][0xa0][0xc7]#[0xbe][0xc3]:[0xc6][0xa0][0xdc][0xf4]G [0x9]`rI,q7X[0xe6][0x89]0[0xf9][0xe3][0x98]x[0xbe][0xcb][0x15][0x84][0xd9][0xe6]nI[[0xd7][0xc][0xbd][0x6][0xcc][0xed]U[0xeb][0xe6][0xe3][0xd1][0x3][0xc4][0x0][0xe9][0x12][0xac][0xf6]z>[[0xe9][0xa3].[0x1d]c[0xb1]< Pn[0xe7][0x9b][0x9][0x17][0x19][0x8f]:[0x9c][0xa4][0xf2][0x1b][0x92]2l[0xf6]k[0xa6][0xe5][[0x83]_g#[0x6][0xb3]V[0x19][0x9a][0x9]+[0xce][0xb9][0xae][0xa9][0xe9][0xcc][0xc4][0x9]d[0xb5][0xbe]z[0xcc][0xbc][0x93]6[0x1c][0x80][0xdd] [0xcb][0xf5][0xab][0xf7]([0xd2][0xcc]![0xe8][0xf7]\l[0xf3][0x7]C[0x84]?[0xe4][0x99][0x8][0x9b][0xd7][0xfb][0x8d][0xbd]?[0xf0][0xfe][?[0xfc][0x9d][0x9f][0xb0]K[0xb9]o[0xcb][0x5][0xc8]^[0xc3]r[0x0][0xb6]w[0x1d][0x14][0xca];[0xdc][0xf7][0xef]8[0x8][0xf5]w|][0xe0][0xf6][0xa5][0xaf][0xdc][0xdc]}[0xfc]g[0xdf][0x9c]l[0x8c][0x8a][0x82]:[0x8e]J[0xc0]J[0xc1][0x97][0x8f][0xa9]]@[0xc6][0x8c][0xb4][0xb6][0xf6][0xbb][0x82]B##[0xeb][0x19][0x8a]j~>[0xb5][0xf2][0xfb][0x9a]N[0xfa][0xb0]vs[0xed]d[0xdf]URo[0xaf][0xa0]&[0x80]#i[0xe5][0xeb][0xdb][0xe9][0xa7][0xf2]7P6[0xc2][0xf8]dW[0x1e]:[0xce][0xf1][0xcc]T%3t[0x9d]N6[0x9]%NW[0xd9][\n]"
05:56:02.498 [main] DEBUG org.apache.http.wire -  >> ">[0xb8][0xfe]dN[0x85][0x81][0x16][0xdc]'3[0xc9][0xb9]m0B[0x86]"[0xea][0x8c][0x6][0x85]m*f2F[0x1e][0x97]v\[0xda][0x92][0xf3]0l[0xa6][0x91]"l[\r][0xcc][0xaf][0x8c][0x87][0xd5][0xa8][0x18][0xe0][0x8e][0xf5]R[0x3]B[0xcf][0xb][0xf0]r[0x8c]&[0x9]>[0x92]RogA1[0xbf][0xec][0x17][0x6][0xa7]k[0xab]/[0x6]>T[0xfa][0x89];a[0x8f][0xde][0xfa][0xc0]w[0xdf][0xb0]K[0xb9][0xaf][0xcb][0x5][0xc8][0xee][0xc2]R[0xcc][0xed][0xad]gN[0xdd]8[0xfe]s[0x8c][0xc3][0xbd][0xfd][0xf6][0xfa][0xe0]A[0xc2][0x1f][0x83][0x91]k%[0xf0][0x4][0xaa]JZ[0xc4][0xf3]`[0xe6][0x9d][0x84]A[0xc5]]lj[0xb5][0x80]C[0xbc]9[0x4][0xb5][0x6][0x81]V[0x80][0x86][0xb7]a[0xb4]k[0xeb][0xd4][0xfa][0xd7][0xb7]l[0xd0][0xbc]?[0xba][0x82][0xcc][0xa7][0x92][0xac][0xcb]J[0xc1]+x[0xd5]=8[0xcd]m[0xbb][0xfd][0x81][0x8b][0x11][0x5][0xca][0x15][0xd5]upn/[0xe3]mPpd[0xf4][0xf1]v[0xbe];P[0x98]Z[0xce][0x8f]O[0xc0]0[0xb3]X[0xb3][0xf0]bQ[0xf2][0x95]2[0xaa][0xcf][0xb1]q[0x8e][0xd9][0xe][0xd9]k[0xb9]1[0xcb][\r][0xec][0xbb][0x6][0xcd][0xba]/[0xdb]<[0x1e][0xdc][0x11][0xac][0x5]H[0xd1][0xcf][0x15][0xe0][0xca][0xb8][0xf1][0x98][0xec][0xce]e~[0xf3][0x9f][0xfd][0x86]7[0xee][0x4]-I[0xcf][0xaf]z[\n]"
05:56:02.498 [main] DEBUG org.apache.http.wire -  >> "`[0xf2]9[0xad][0xe8][0x15][0xb3]~6[0xd1][0xeb][0xad][0xf5][0x98][0x13][0x99][0xf]f[0x16][0xda][0xa9][0x81][0xb4][0x82]&[0xfa]0[0xe6][0xb8][0x8c][0x1b][0xdb]}[0xf8][0xcb]?[0xf2][0xf6][0xf][0xd8][0xa5]\[0x8a]][0x80][0xec]Z[0x96][0xb7][0xbf][0xeb][0xc7][0xde][0xba][0xdb]?[0xf4][0xd3][0x7][0x81]~[0xeb][0xf1][0xbb][0x97];[0xce][0xc4][0xa3][0xc8]7R[0x95]jA[0x1][0xd0][\r][0x17][0xa1]u,f[0xc6]lpnZ[0xe4][0x13]H[0xce][0xb9][0xff][0x9a]e[0xd4]->[0x1][0xcb]M[0xfb][\n]"
05:56:02.498 [main] DEBUG org.apache.http.wire -  >> "%+[0xae][0xb1][0x6]Y[0xd3][0xfe][0xc3]j[0xc7]k[0x91][0xb4][0xdd][0x13][0xa5][0x1c]C[0xc9]/[0xe7][0xc3]Z1c[0xfc][0x12][0x7][0x92][0xb7][0xdf][0xeb][0x9b]/[0xa0][0xfc]O[0xd9]g\[0x5][0x18]t[0xdd][0xc9]c[0xc][0xd5][0x9][0x8d][0xb][0x9e]aqV[0xae]Qg[0xdd]|[0x1a][0x1a].[0xcc]M[0xfa][0x82]yY[0xe7][0xcd][0xcb]x[0xd1][0x14]z[0xc6][0xf1][0xfa]Q[0x8d]#p[0xec][0xca]][0x8c]z[0xfb]][0x92]>[0xe7][0xca]}a[0xc4][0xdb][0xfd]Z)w[0xc][0xb6][0x9f]S[0x93][0xb7]n[0x0][0x8d][0xb9][0x97]f[0xaa][0xbe][0xcc]m[0x1a][0x18][0x87]C_[0x8c][0xd8][0xe0]+[0x1f][0xf8][0xde][0x8f][0xda][0xa5]\J[0x95][0xd7][0xfe]7G.[0xe5][0xeb]/[0xfb][0x87][0xdf]w[0x10][0xe6][0xb7][0x16][0xf0]H[0x1a]v[0x96][0x10][0x96]F6T[0xff]2[0xcd][0x9a]`AE[0x94][0xea]R[0x81][0x81][0xe9][0x4][0xa8][0x18]J&[0xaf][0x8][0xf9][0x85][0xe8][0x8]Q[0xee]R[0x9c]nE+v[0xb2][0xa0][0xa0][0xb5]k[0xd2][0xe1]JK[0xb6][0xa6]j8[0x8f][0xe7][0xc5]t[0xb5][0xb5]S[0xf] p[0xfc][0xde]o,[0x19][0xcf]_I[0x1][0x88])p[0xf0]Q[0x3]>[0x8][0x8d][0xbe]E*[0xde][0xad][0xea][0xe4]kV[0xf7]w[0xf5][0xa9][0x8e][0xf7][0xd6]i~[0x99][[0x2][0xac][0x95]t[0xcc][0xb0]v[0x8b][0xae][0xd3][0x85]![0x15][0xa3]u[0xef]X[0x1c][0xc6][0xd7][0xcf][0xbb][0x8d][0x1]mm[0xed][0xf1]l[0x9e][0x85]"[0x1a]z[0xc4]g[0xc][0x9b][0xad][0x17][0x98]c[0xac]0~*x[0xd7][0xf3][0x97][0xeb][0x11][0x6][0xb7]jd[0x9c]u[0xd7][0x99][0x18][0xc3][0x10][0xd2][0xce]E;[0xf]k[0x1e][0xcb][0x1a][0xe0][0x18][0x84][0xa1][0xa1][0xae][0x1e]X[0xcc]7[0x84][0xdc][0xb8][0x1d][0xfe]?[0xbf][0xf5][0x81][0xef][0xbd]a[0x97]r)R.[0xe9][0xf7][0xd7][0xac][0x1c][0xd9][0xd8]A[0xa4][0xdf]_@c[0xd6]n[0xbd][0xad]D=B[0xe5][0x16][0xde][0xce]:[0xb8][0xb5][0xb6]K}d[0xd8]$=YP[0xa1]x[0xb6][0xc7][0xe8][0x9a]K/[0xa5][0xba]*[0xbb]8[0xef]%[0x8][0x85][0xba][0x3][0xbd][0x9c]`A[0xf5][0xc5];I[0xcc][0xc0]>[0xb2]K[0xcc][0xed][0xb7][0xf9]g[0x8d][0x9d][0x1d][0x8e][0xef][0xb3][0xab][0x0]f[0xb0][0x14][0xe9]w[0xfd][0xdd][0x94]uL^W[0x6][0xc0][0xa8][0xd5][0xf5]d[0x1f][0xf5][0xf4]>nc[0x8f]P[0xf8][0xf5]V[0xfa]9G;[0x89][0xe6][0xa4]G[0xad]:[0x18][0xd2]![0xcc][0xee][0xa1][0xec][0xf7][0xdd][0x85][0xcc][0xdf][0x1f][0xf0][0x9e][0xf0][0xb3]O<i[0x4][0xeb]5[0xb6][0xbe][0xd9]:[0xfd]>[0x98][0xb3][0xc9][0xca]"[0x9f][0x9f][[0x10][0xc6][0xe0][0xa4][0xc][0x19][0xeb][0x9c][0xe6][0xb2]T[0x2][0xf3]X[0x86][0x9][0xe6]3b[0xc2]qY$[\r]^[0xc9][0xce][0x86]{[0xd0][0x1a][0x87][0x85] [0x83][0xb6]5[0xbb]+W&[0xe1][0xd1][0xec][0xe3][0xf][0xc5][0xf3][0xdf][0x89][0x87]][0xca][0xb9]rad[0xd7][0xad][0xdc]~[0xf0]}[0x7][0xe9]~[0xab][0xa8][0xf][0xb1][0xbe][0xcd][0xf4][0x81]h+U[0x90][0x8a][0xd0][0xc5][\n]"
05:56:02.498 [main] DEBUG org.apache.http.wire -  >> "'[\n]"
05:56:02.498 [main] DEBUG org.apache.http.wire -  >> ".[0xcc][0x87][0xaf][0xa1][0xda][0xf4]U[0xc][0xca][0xe1]DNZ[0xfa]u[\n]"
05:56:02.498 [main] DEBUG org.apache.http.wire -  >> "L[0xa9]\_A[0xd4][0xa3][0x1b][0xb3][0xba][0xc3][0xfb][0xaa][0xb3]Q6[0xb7]M=[0xcf][0xc4][0x83]zf+[0xec][0x8c][0xe][0xa6][0x16]$[0x93][0x2]&[0xe6]+[0xee][0xe9]2[0x13]NZ[0x9][0xde]x[0xd8][0xa0]X[0x96])[0x8b]p3[0xbe]2*[0xcb][0x9e][0xac]4[0x16][0xf7]iD'kX[0xd0][0x9d][0xc6][0x1e][0xe2][0x1e]3q[0xfb]:[0xdc][0xbe]B[0x85]dJ[0x7][0xde][0x19][0xd6][0xd3][0xc9]"[0xab][0x17].[0x19]4r[0xad][0xa0][0xb1]#>[0x97]cp[0xef][0x9f]zIV[0xe6]L[0xf8][0xc0][0xa6]0[0x81][0x1a]u[0xed][0xe6][0x9c][0x84][0x15][0x8b][0xef][0xb9][0xf5][0xfe]i[0x9c][0xac]H2[0xef][0xcd][0x8c][0xd9][0xb0]0[0xac][0xdc][0x1b]:[0xb7][0xd7]Y[0x19][0xad][0x9f][0xb1]/[0xd2]j[0xf0]=[0x83][0xac][0xfe][0xd8][0x97][0xff][0xee][0xef]Cv)[0x97]rE[0xb9]0[0xb2]kT[0xb6][0xd8][0x98][0x1f][0xd9][0x98][0x95]A[0x8d][0xf]Y[0xf8][0xb0][0xab](1[0x82]X[0x17]u[0xee][0x11]i[0xa8][0xcc][0xa8]jB[0x1b]q[0xba]$[0xeb]b[0xea][0x1b]3[0xf5][0xc][0x99]1v[0x5]7[0x9c]Q[0x1][0xce][0x1e][0xb0]]=Qz1[0xe4][0x6][0xf6][0x9f]c#[0x83],[0x95][0xe9][0x1a]#j Y[0xea][0xf]j[0xfa][0xba]$[0xd1][0xae]j[0x8e][0x93][0xd9][0xcc][0xf1][0x5]I[0x89]7[0x85][0x3][0xb][0xad][0xfe]9[0xfb][0xe4][0xa7][0xcd].l0Y[0x9d][0xce][0x87]Ld][0xdd][0x80][0x82][0xb9]C[0xcc]-8[0x0][0xb1]^[0xa4]r[0xae][0x81][0xc9][0xfc][0x19]A[0x19]l{[0xb8]x[0xfb][0x1d][0x9a]z[0x9]A[0xcc]u[0xab][0x5][0xa1]3[0xea]Im[0xfc]W[0xec][0x13][0x88][0x1c][0xa3]?[0xbe]nW'[0xad]\[0xed][0xb1]\[0x1a][0xb0][0xd3][0xf8][0xe2][0x81][0x92][0xbe][0xe7][0xcb][0xff][0xce][0x5][0xc4].[0xe5][0xa5][0xcb][0x5][0xc8][0xae]Q[0xd9]m[0xb1]1[0xff][0x8e][0xfc][0x6][0xa7][0xcb][0x8e]oZp[0x98][0xf6][0xd1]X1[0xbc]E[0x2][0x8][0xae][0xa1][0xaf][0x88][0xb6][0x85][0xbd][0xdd]=[0x92][0xc0][0x11][0xbe][0xb8][0x15]-[0x16][0xf2][0xe0]M[0xee]f[0x8a]{[0xb9][0xe4][0xba]5[[0x80][0xb5]!M[0xfa][0x4]p[0x98][0x8d][0xa2][0xbf]i[0xea]O[0x90]2jKg[0xa2][0x5][0xc0][0xbd]XQ[0xc7][0x6]k~[0x82][0xcc][0xb4][0xe7][0x7]1/&8V[0x98][0x8f].XPK0Z[0x1][\r]S@hL[0x80][0xdb]5{W[0xf9][0x14][0x5]`>[0xd9][0xe][0x16][0xa7]<55[0xf5][0xb][0xa6]2[0xa8][0x9e][0x7][0x9d]L[0xb8][0x8d][0xd1]F-L[0xdd]R1.[0x1b][0x0][0x13]x+[0xb][0xdd][0xb3][0xb1][0xcc]5[0xf2]7:}[0xc5]p[0xb7][0x1d]cs[0xd1][0xfb][0xa6]bZ[0x15]/[0xf5]r?[0xd6][0x82]f[0xf3][0xce][0x89][0x12][0xc3][0xa1][0xee]E[0xa3][0xbb][0x8d][0xcd][0xdf]x1[0x1e]x[0xc7]3[0xff][0xee][0xff][0xe0][0xe3]v)[0x97][0xf2]U[0xca][0x5][0xc8][0xae]S[0x89]bc[0xf9][0xa5][0xfc]f[0xa2]`[0xc1][0x94][0xea]s+i([0x93][0x10]&[0x81][0xeb][0xc4][0x12]vU[0xfc]y[0x1f]?[0x5]5[0x19][0xcf][0x1]@+.[0xd2][0xa9][0xe6][0xd6][0x89][0x4][0x99][0xd8]P[0xae],[0xba][0xc7]X[0x87][0x89][0xbb]Kt[0x99][0xc7]>V[0x86][0xc4][0x9e][0x94][0x9e][0x9f],B[0xb0][0xcb][\n]"
05:56:02.498 [main] DEBUG org.apache.http.wire -  >> "[0x86][0xad][0xf5]x[0xa2]B][[0x8][0xa5]s[0x0]F[0x8a][0xeb][0xbc][0xc2]Z[0xa9][0xd8][0x93][0x8a]![0xff]C[0x98][0xa7][0x0][0xb7][0xd8][0x2][0x18][0xf]N[0x86][0xb6]_[0xd8][0xe5][0x5][0x8][0x4][0xa8][0x2][0xe7]9/x[0xaf]E[0x1][0x96]I[0xe5]ft[\r][0x9e][0x18][0x6]5:B[0x6]pvG[[0xa1][0x93]A[0xbc][0xf6]D[0xd8]87[0xa8][0xa5][0xb2][0xe9][0x1e]k[0xde][0x8c][0x85]H[0x9c][0xf4][0xee][0xa7][0x90][0xc2][0xa8]ImZ[0x6]3[0xac][0xd7][0xb4][0xbb][0xbd]}[0xfd][0xc4][0xee][0x99][0x17][0xdf]y[0xeb][0xdf][0xfd][0x9e][0xa7][0xed]R.[0xe5]k([0x97][0x18][0xd9]5)[0xdf][0xf3]?[0xfd][0xfb][0xef][0xb7]c[0xba]=~[0xd5]"5[0x8c]#[0xbb]-B[0x19][0xd3][0xe1][0xfc][0xbe][0xd3][0xa9][0xcd]5[0x0][0xdf][0xc] ?[0x93]2HB[0x87][0xa8]T[0xc6]RB[0xac]g-[0xda].[0xda]A2@{[0x92][0x8c]zj[0x89][0xd5][0xd5][0x8b]i#[0x6]f[0xb9][0x82][0x1a]A[0xc8][0xa8]([0xc1][0xbf][0xd8][0xa3]h[0x9f]V[0xb2][0x94][0xbd][0xf3][0xed] [0xdb]5[0x8e][0x14][0xf3][0x90]wc-[0x0][0xd0]u[0xc9][0x1c][0xec][0x11][0xde][0xa9]>4[0x80]Ujb[0xb6][0xc7][0x17][0xd9][0x82][0xbd][0xee]h# [0xe6][0xc6]:`,4[0x88][0x9f][0xce]o%[0xcd][0x14][0xb3][0x1a][0x93]f[0x8]A[0x1a][0x8c][0x95]p[0xbd][0x7][0x9f]C[0xb0][0xe1][0xd8][0xa7]}x[0xbf][0x14][0x5][0xd8][0xcd].[0xe8]<[0x5][0xe7]'[0x88]pe[0xf][0x94][0x8d]0[0x92]:[0x10]#[0xe3]m4[0xa2][0xbc][0x83]|a[0xa0][0xfb]e}9[0xba][0x1b]t(n[0x17][0xfe][0xbd][0x3][0xb]{[0xcc].[0xe5]R[0xbe][0x8e]rad[0xd7][0xa4][0x1c][0x84][0xff][0x83][0xca]B:[0xc7]"F8[0x4][0x9a][0xc4][0x99]6m[0xc9][0x90][0x6][0x3]qhk[0xcb],[0x5][0x1a][0xd6][0xae]/[0xa8][0xe5][0xdb][0xcf][0xb][0x80][0xca][0xd5]fL[0xbb]Gu[0xd2][0xa9][0x6]*c[0xcc][0xae][0xd9][0x92]w?[0xf3]L[0xf4]@p]IB[0x15][0x1a][0xd3][0x1b]m[0x7][0xbb]n[0xa9][0xb8][0x85][0xd5][0xac][0xae][0xd0]z[0xd3][0xba]7[0xd5][0xe9][0xd9]@[0xa7][0xda][0x97][0xa8] [0xd7][0x19][0x9f][0x83][0x2][0x1a]XaHl[0x91]:}[0xcb]J[0x8c]b[0xa9]i([0x14][0xf0]h[0xbc]K[0xee]K`p[0xa1][0xcb][0xae][0x9d][0xc3][0xb4][0xb0]_=[0xb7][0x5]3[0xee]=[0xd1]JQ[0xe9]=[0xed][0xe7][0xd4]\[0xe2]cV[0xb][0xd6][[0x88][0xd8][0xd6]l[0x1f][0xab][0xe2]6\[0xd2]YC[0xce][0xa5][0xda]!1[0xd6]R[0xdd][0xb7][0x84][0xea]QGm[0x8d]/[0xda]>[0x1e][0xfd][0xd2][0xff][0xfe][0xfb][0x1e][0xb3]K[0xb9][0x94][0xaf][0xb3]\[0x80][0xec][0x1a][0x94][0x8d][0x8d][0x1d]cc[[0xb0]][0x15][0xa0][0xb7][0xe6][0xaf][0x2][0xb7]O[0x9a][0xe9][0x1d][0x87][0x1f][0xa5]le[0xaa][0xac]Nb[0xdc]R[0xc8]7[0xed][0xe6][0x2][0x6][0xe1][0xe3]y,[0x97]7v,q[0x9d][0xe8][0xee][0xe4]=[0x15]BJ[0x10]#[0x98]X[0xe1]b&[0x96][0x14]b[0x19][0xde]t[0x91][0xbe][0xbc][0x81]o[0x2]PDE~[0x7]k[0xe8][0xdc][0x8d][0xc9][0xb4][0xf8][0xdc]VU[0xde][0xca]YcJ[\r][0x10]#[0xd3][0xd1][0xfa][0xd6][0xd1][0xf0][0x98]o[0xe0]F[0xc3]A'KT[0xe2][0xcd][0xa1]l[0xe9][0xf6]t[0xc9][0xe2]6[0x97]~[0x2]Q4YB[0x9e][0xfd][0xd3]1[0xed][0xec][0xc]P[0x17]k[0x95][0xe][0xf7][0xb3]h[0xb]x[0x84][0x82][0xb]m[0x1][0xbd][0xa0]![0x95][0xf8]c'[0x93][0xe3][0x12][0xc8][0xc3]a[0xc1]Ts {v[0x1a]5[0xc5]4[0x6][0xec][0xc6][0x9d][0xdd][0x3][0xef]z[0xe6][0xdf][0xfb][0xbe][0x8f][0xd9][0xa5]\[0xca]7P.@v[\r][0xca][0x91][0x8d]Y[0xea][0x6][0xfc][0xa2][0xaf][0xb9][0xb8][0xaa][0xcc][0xa6][0xa6][0xe5][0x83][0xaf][0xa9][0xa4][0xf8][0xb8][0x93][0x8f][0x8c][0x8b]Q[0xdf]][0x9a][0x8a][0xcc][0xac]\M[0xc0]G[0xc9]k[0x18][0xee][0xa8]vkM[0xa6]QU[0xb8][0x91]Y[0x9][0x8f][0xb][0xb8][0xb2][0xea][0xfa][0x0][0xab][0x1][0xc8][0xe1]j[0xd0]0[0xb0][0x9a]t[0x1f]*[0xb8]V[0x9d][0x95][0x4][0x12][0x1c][0x8b][0xd7]_[0xab]x[0x9e][0xaa]s$([0xac]3[0xc2]XQ[0xb1][0xbc][0x8e]c[0xd5][0xfd][0xa5][0x90][0x9d],L[0xdd]q[0xb3][0x80]6[0x89][0x97][0x8d][0xf]:c[0xb9]8[0xe6]qS8[0xfe]so/%[0xe2][0x9c][0xdb]r[0x84][0x8b][0x8d][0xe2][0xc1][0xe4][0x8f] [0xcd][0x1b]=[0x9]z[0xa4][0x9b]}[0xa2]s[0xb][0x18]5[0xa8][0xd3][0x81][0x18][0xa6][0xcf][0xa2][0xb9][0xe][0xb5]\[0xd7][0xae][0xce]N[0xac][0xea][0x8][0xb0][0xd5]5A[0x1f][0xa7][0x1d][0xfc][0x9d][0x9f][0xda][0xed][0xe3][0xdd]_[0xf9]w[0xbe][0xf7][0xf2][0xd3]+[0x97][0xf2][\r][0x97][0xb][0x90][0xdd][0xe5][0xe5][0xed][0xff][0x93][0x1f]{[0xd7]AM[0xbc][0xf5][0xf8][0xb9]5[0x88][0x97][0x92][0x19][0xe][0xa1][\n]"
05:56:02.499 [main] DEBUG org.apache.http.wire -  >> "}1[0x3][0xc1][0xe8][\n]"
05:56:02.499 [main] DEBUG org.apache.http.wire -  >> "[0xc4]U[0xe9][0xe6]2[0x5][0x19]e/[0xad][0xd7][0xd4]`Gx[0xc7][0x8a]E[0xf1][0xea]ze[0x12][0xbf][0x9b]I[0xec][0xed][0xa4][0xee][0xed][0x80][0x9f]RG=o[0xf0][0x94]:yQ[0xc5][0xf0][0xc]X[0xda][0xef]K$;[0x0][0xe][0x6][0xc1]2|z[[0xb3][0x81][0x2][0x86][0xf6]xE[0xcd][0x12][0xc0][0x2][0xee]G[0xb2][0xe]/[0x10][0xd1][0xf1][0xdb]T[0xce]}[0x9f][0x9]F#[0xb][0xdd]{[0xdc][0xc5]J[0xc1][0x1a][0x1b][0xf7][0x16][0xa6][0xe5][0xdd][0x8e][0x91]'y4[0xd8][0xf7][0xbc]j[0xb8][0xd4]*[0xd4][0x99][0xfe]@[0xf3]+-[0x15]IP[0xf1]q[0xb6][0xfb][0xa2]lR[0xed]%[0xd7]0][0xae]u[0x8e])[0xc6][0xbe][0x80]%R,{[0xee][0x1],[0x92][0xe7][0x2]|[0xcc][0x9f][0x8f]w[0xdf][0xfc][0xf7][0xdf]y[0xc3].[0xe5]R[0xfe][0x4][0xe5][0x92][0xec]q[0x97][0x97][0x9d]?[0xf4][0xbe]6q3#[0x10][0xe9]s[0x1d]F[0x11]=[0x2]EoP[0x1a][0xe6][0x8][0x91][0xa4][0xd5]^[\n]"
05:56:02.499 [main] DEBUG org.apache.http.wire -  >> "[0xaf][0xc][0xe7][0xd4]9;[0xe0][0xa2][0xd4]hr[0x81][0x4][0xf2][0xa3]Y[0x1][0xdc]`[0xcd][0x8e][0x80]#[0xe8]M=[0xf][0x4][0x80][0x9c]o|[0xa8][0xb1][0x94][0xfb]L[0xb3][0xb8][0x81]#5[0xca][\r][0xcc][0xea][0xb5]Q>[0x92]Q[0x12]K[0x5]V[0xea][0xf]z[0xe0][0x93][0x94]l[0xb7][0xa0]C[0x81][0xdb]9ON[0x0][0x1a]@[0x10][0xb8][0xae][0xee][0xb2]5Nt[0xfc][0xb2]o[0xf7]'[0x83]K[0x9d]([0x81][0xbf][0xf5][0x10][0xb5]+[0xde][0xfb]h([\r][0x82][0x9e][0xca][0xea][0x95]#[0x1e][0xc7]WW[0x99][0x1b]^[0xed][0xb5]U[0xb9]C>Ew[0x13][0xcd][0xc6]2[0xfe]b[0x90][0xe2][0x92][0xad][0x5]*[0xe3]`$[0xb4]T[0xcf][0xac][0xd6][0xe9]@[0xa1][0xe][0xf7][0xed][0xf0]0[0x9c][0xb0]l[0xb7]~[0x8c]`[0x8f][0xb0]`[0xe]:W[0x16][0xed]o[0xab][0x13][0xbb][0xdd]c_[0xfa][0xf7][0xbe][0xef]Cv)[0x97][0xf2]2[0x14][0xb7]K[0xb9]k[0xcb][0xdb][0xff][0xd2][0x8f][0xbd]u[0xf7][0xe0][0x3]O[0x81]VI*[0x84][0x19][0x13]+[0xca]Gg[0xbb]J[0x8e][0xa3][0x9f][0x8f][0x99][0x17][0xb6][0xe8][0xd8]T6[0xe2]s<[0x9e][0xd9][0xed][0x8c]<L_[0x1c][0xd1][\n]"
05:56:02.499 [main] DEBUG org.apache.http.wire -  >> "[0xb9][0x8b]#[0x3][0x90]x'.[0xc2]j[0xc7][0xc7][0xb][0x14][0xd1]q[0xab][0x0]J[0xe3][0x9][0x18][0xa6][0xc5]`[0xb]u)?t[0x1d][0xdd]n[0x8e][0xbc]C@[0x88][0xba][0xf0]X[0x93]S[0x83][0xa2]f?[0xdd][0xc4]Uh`[0x1a][0x9c]M[0xf4]S@[0xbc][0xcf]0[0x0][0xc4][0xac][0x93]t,*[0x8b][0xa6][0xe0][0xb2][0xe7]2d^[0xc7]|[0xf9][0x8e][0xd9][0x86][0xa0]Zft[0xae]v&[0xa2][0xd4][0xc5][0xf1]*H[0xc8][0xb5][0xc1][0xb7][0xfa][0xf7][0xbc]r[0xdd]w[\r][0xfe][0xc1]$[0x90]u.[0xd2][0xc0]1G[0x82][0x8][0x1d][0xa9][0x98][0xf7][0xd9][0x17]9[0x97][0xdf][0x99]`[0xcf][0xec][0x9c]6/[0xfc][0xfd]7[0xf4][0x9d][0x1f][0xb3]K[0xb9][0x94][0x97][0xa9]\\[0x8b]wq[0xd9]=[0xf0][0xd0][0x7][0xf1]yr[0x19][0x82][0x98][0xf1][0xa8][0xf5][0xf3]I[0x88]e[0x80]tY,[0xc4][0x4]Vy[0x4][0x95][0xb5]i,[0x3][0x8a][0x93][0x8e];[0xf][0xfe][0xdd][0x1e][0xc0][0x96][0xe7][0x85][0xf2][0x86]`[0x1c][\n]"
05:56:02.499 [main] DEBUG org.apache.http.wire -  >> "[0x86][0xb7][0x19][0xdd]n[0xf9][0x9c]+[0x87][0x1e][0x14][0xfb]R:yb[0xa6][0xe4]/[0x16][0x17][0xbd]s9[0xde][0xa2][0x11]>F[0x18][0xec][0xfe][0xa8]?[0xa4][0x6]cS[0x1c][0xb5][0xc3]_[0xea][0xe5][0xaf][0xad][0x8b]Z[0x9][0xe7]Wk7[0x9b][0x8d][0x1a]s[0x1d][0x8]bT[0xf1][0xde]U[[0xbe][0xfb][0xb0]*[0xc6][0xdd][0xf8][0xae][0xf7][0x84][0xb4])[0x1f][0x8c]}[0x9c][0xe4][0xb0][0x8c][0x14]dS"[0xc9]FzHWh[0xc5][0xc][0x9d]@[0x85][0xfd][0xc3][0x6][0xcc][0xc8][0x4][0xbd][0xe3][0x84][0x86][0xbc][0xfe][0xb9]$[0xb]I[0x5][0xdc]qp5[0xf0][0x1b][0x1e][0xb7][0xdf]y[0x1][0xb1]Ky[0xb9][0xcb][0x5][0xc8][0xee][0xea][0xb2][0x17]?2[0xcb][0x8b][0x7][0xd2]~[0x1e][0x1][0x10][0xd3][0xf4]nq3[0xb9]1[0x86]d[0xc8][0xd0][0xab][0xd4]jT[0x8][0xe6]u[0xb6]D[0xe9][0xdb]L[0xc2][0xf0]%Y[0xb2]T|[0x80]9[0xa6][0x16][0xcb]6[0xa1][0x91]S[0xb9][0xbb])[0xbb]rI[0xd3][0x7][0x15]*~6[0x83]3K[0xaa]\[0x87][0xa4]J[0x99]o[0xb5][0xc7][0xc8][0xf8][0xf3][0x8a]'[0x8d]A[0xd4]?[0x2][0xac][0xc4][0x3]`[0x16][0x9f]l[0x6]F([0xe][0xd0][0xb5])14^[0x10][0xf4][0xd0][0xc5][0x80]I"
05:56:02.500 [main] DEBUG org.apache.http.wire -  >> "[0xc]!z}[0xca][0xf0]`[0xa5]6[0x9f]y[0xc0]@[0x1b]0N[0x17]&zM[0xba][0x7][0x15][4[0x84][0x11][0xd7][0xcc]x5=*[0xf6][0xc7]9[0x95][0xf3][0xca][0xb4]s[0xed]+[0xf9]&@[0xd8][0xca]B*f[0x16]2[0xbe][0xe3][0xc5][0xf5][0xe][0xc6]n[0xdc][0xb7][0xdf][0x9f][0xbb][0xe1]{{[0xd7][0xcd][0xff][0xe0][0xf8][0x84]][0xca][0xa5][0xbc][0xcc][0xe5][0x2]dwi[0xd9]R[0xee][0xdd][0xde]z[0xfc][0x1c][0xc][0x8a]e[0x11][0xa5]7t[0xa0]I[0xb6][0x19][0xc0]K[0xdd]p`[0x15];[0x9][0xe6]S[0xd1][0xee][0xf1]*[0xf3][0xa9][0xed][0x0][0x88][0x88]eu{[0xc8]Y`[0x92][0x9c][[0xb3][0x14]`[0x9b][0x17][0xb8][0x15];j[0x8a][0x13]1F[0xd4][0x1c]p5[0xed][0xad][0xfb][\r]7[0xa9]f[0xf8]y[0xc5][0xd0][0x6]t8[0xc9][0x5][0x92],[0x84][0xe5][0xf4]u[0x83][0xcd][0xd9][0xb8][0x83]y[0x1f][0xb6][0xb7]P@[0x9b][0x90]"Xd[0x99][0x88][0x92]G[0x9d]}[0xd3][0x8e]v[0x3]{23fwx[0xbd]{[0x10][0xc6][0x0]ra[0x84]%[0xd2]`[0xe8]u6[0xb2]N[0xb0]dZ/\[0x86]33[0x9a]@4[0x92]V[0xea][0xa0][0x9f][0xce][0xbb][0x9b]L@r9[0xc9]W[0x9][0xbc][0x9][0xb][0x83][0xc3][0xeb][0xbd]B-[0x96][0xc7][0xfd][0xc5][0xdd];o[0xfe][0x87][0xdf][0xff][0xb4]][0xca][0xa5][0xbc][0x2][0xe5][0x92][0xec]q[0x97][0x96][0x83]Z[0xfa];[0xa5][0xa4][0xd4][0xec][0x97][0xb][0xf2]*[0xab][0xf7]! [0xeb][0xba][0x95]~P[0xc9][0xa7][0xfb][0xa8][0xd0][0xc4]3>RI[0x83][0xb0][0xe9][0x3]`[0xe5][0xa4]F[0xb0][0xd3][0x11]O3[0xa6][0xc0]g[0x7]fT[0xa4][0x15]g8bl[0x9d][0xd8][0xe6]&4&[0xff]UTv0[0xa1]V[0xd6][0xfa][0xfb]fq[0x92][0xa2][0xee][0xc6]x[0xf][0xb5],[0x0]4[0xc1][0x80][0xd9][0x8d]6=[0xab][0x1a]c[0xdb][0xd7][0x3][0xc8][0x18]s[0xc4][0xcc]W[0x9][0xb2]![0xdf]~N%[0x13]N[0xbc]~`[0xd2][0x90][0xc6]n[0xfa][0x1b]h[0x9c]{[0xf4][0x9b]k[0xd0]8[0xc3]w[0xe2]:[0xe6][0xaa][0xd8][0xce].iX'[0x9d]x[0x81]tQ!<[0x87]U[0x93][0x92]10[0xb8]E[0x91][0xcc]c$[0xb3]'T,j[0x89][0xbd][0xc8][0x95]\[0xdf]k[0xb8][0xcb]=[0x5]w[0xb3][0xef][0x98]Z[0xcf],[0x13]g,ul[0xc7]DX[0xef]w[0xc1]d[0xcf]>z[0xf3]G[0xbf][0xff]Q[0xbb][0x94]Ky[0x5][0xcb][0x85][0x91][0xdd][0x85][0xe5];[0xff][0xf2][0x8f][0xbd][0xe3][0xa0]*[0xde]q[0xfc]L[0xa0][0x88][0xe1][0xcf][0x82][0xa6][0xf0][0xf6]/[0x5]![0xcc][0xa0]S[0xc][0x1a]^[0x88]N[0xc5]G[0x14][0x1c][0xdd][0xc0][0x6][0x4]([0xc2][0x96][0x18]V[0xd5][0x1b]i[0x91]w[0xe][0x87][0xb3]_[0xd6][0x15]:[0x10][0xf][0xcc]+[0xa4]O[0x1c]J[0xaa][0xfc][0xe8][0xdb]Z[0xe3][0xfa]pA[0x1a][0xfe]g[0xca][0x19]*[0x95][0x1d]u9[0xea][0xdb][0xef][0x3]>[0xd4][0x88][0x13][0xe][0xd5]O[0x88][0xd7][K[0x98][0xaa][0xd8][0x17][0x1d]_qE6[0x97][0x3][0xe2]u[0xc2][0x6]1X[0xe8]w[0x9b][0x8c][0x17][0xd7][0xe0][0xde]hO[[0xc7][0xca]d[0x90][0xf9][0xdb]c[0x0][0x94][0xa0][0xaf][0xd7]GJE[0xbf]b[0xb][0x6][0x6]Y[0xb2]3vW[0xff][0xf7][0xa5][0xc3][0x82]<[0x95][0xf]$[0xf]L[0x1b][0x16][0xae]2[0xe][0xab][0x95]=L[0x9b]0z[0x80][0x9d][0xdc]-v[0xe9]J,[0xe3]gN[0xb6][0xc5][0x87]n[0xfe][0x87][0xff][0xda][0xa3]v)[0x97][0xf2][\n]"
05:56:02.500 [main] DEBUG org.apache.http.wire -  >> "[0x97][0xb][0x90][0xdd][0x85][0xe5]a[0xe8][0xef][0xd0][0xc6][0x5][0x4]$O([0xcb][0x1f]xS[0x8a][0x3][0xfe]%[0x7][0xf8][0xa4][0xc2]3[0xa3][0xf2]l[0x1c]4[0xde][0x13]pSQ1[0x11][0xb8]Z[0xd1]W[0xe5]xu[0x95][0x13]0[0xa2]Y[0x9b][0x8f][0xde][0x3][[0x90][0xb5][0x8][0x5]L@[0x1e][0xca][0x8e]I[0x13][0xe1]kE[0xa0]Z}[0xc3][0xf8]PD[0xc4][0x8c][0xb1])I",f6[0xe0][0xa9][0xee]L[0xf4][0x2][0xf8]V[0xaa]g[0x80][0x9][0x99][0xf1][0x19]([0xb7]~n[0x8c]([0xee]c[0x9e]j<[0xc1]>[0x15][0xcb][0x81][0xbb]R.,[0xc4][0xc9]d[0xc]x[0x8b][0xa3]=[0x86][0xe0]HVSW[0xc9]<>,[0x84][0x1a]\=[0x8b]V[0xef][0xd8]4[0xf3][0x93][0xc4][0x93][0x4][0xc5][0xa2][0xc9][0xb1][0xce][0x1][0x6][0x2]S[0x87]p[0xda]~U[0xdc]*[0x14][0xb0][0xde][0xd5][0x15][0x2][0xc4][0xd9]K[0x8f][0xde][0x93][0xde]`[0xf7]#7[0xff][0xa3][0xfd]1[0xbb][0x94]Ky[0x15][0xca][0x5][0xc8][0xee][0xc2][0x12][0xbe][0xff][0x81]8}[0xb1][0x14]2[0xcb][0xac][0x9e][0x86][0xde][0xe][0x95][0x2][0xac][0xc3]3K[0xe][0xda][0x1a]Z[0x9e]1[0xf][0xe1]7P[0xa6][0x15][0xca][0xaa]T=[0x80][0xca][0xf1][0x9f][0x1d][0xbc]PU![0xd2][0xae][0xdd][0x6]$)h[0x0]2[0xeb][0xb3]h}gv\[0x94]eO20[0xf5]>[0xaa][0x89][0xf2][0x8a].`[0x89])[0x88][0x9a][0x8e][0xae]c[0x9d]K3[0xf3][0x13]8[0xb3]N^[0xa9][0xca]0[0x17]U[0x9f][0xf4][0xc3][0xa1][0xa5][0x9b]M[0xfa]H[0x90][0xf4]f?[0xcd]@[0xbd][0xe7]([0x8c][0x9e][0xdd][0x4]y[0xb7][0xf0]3[0x8][[0xd5]4[0x95][0xc2][0x9][0xe2][0xb4]`[0xc][0xe6][0xd6][0xe8][0xe7];[0xa9][0x8c][0xc6]L[0xb3]k[0x9d] [0x1f][0x86]LL[0x96][0xdd][0xd9][0x8c][0xe6][0xb8][0xb7]c[0x95][0x11]'9*h[0xe4]p[0xd9][0x17][0xe2][0x8e][0xbd][0xfb][0xe6][0xf4][0xaf]}[0xc4].[0xe5]R^[0xa5]r[0x1][0xb2][0xbb][0xac]|[0xcf]_>[0xbe][0xe5][0xde][0xde][0x9c][0x8a][0xc4][0x7][0x9a]uJ9[0x94][0xce]4[0xb8][0xf1][0x82][0xdf][0xd0][0x97]S[0xb4][0xc6]c-[0xab][0xcb][\n]"
05:56:02.500 [main] DEBUG org.apache.http.wire -  >> "[0xb8]XN4[0x83][0xb5][0xde][0xa9][0xf0][0xb4][0xb7][0x3][0x96]yY[0xf5]J[0xf5]:[0xee][0x86][0xbe][0xe1]Y2[0xb6]=[0xd3][0xc5][0xdd][0xac]s[0xe4][0xc3]G[0x94][0xac][0x95]n[0x8][0x5]"[0xdb]S[0xff]W[0xb3]RI[0x82][0xd0]Q[0x7][0xd9]'[0xd9]!2[0x2][0xc7][0xa0]1'[0x0]v[0x84][0xcb]H6*[0x16]v[0xfc][0xca][0xc4][0x8e][0x9d]/n[0xdf]X[0xf3]e[0xbc]A[0xc1][0xe8][0x3][0xe4][0x2]u[0xb6]_}[0xed]'[0x18]2f[0x7],b[0xe4][0xa9][0xdd][0xae]np[0xbb]b$[0xdd][0x8f][0xee]B[0xf6][0xd3][0xa3][0x1a]e[0x1c][0xb4][0xdc][0xaa]{[0xdf][0xdc][0x87][0xcd][0xba][0xad][0x8d][0xa1]e[0xe7][0xe0]~t[0x17][0xde]c'[0xb4][0xde][0x88];w[0xbe][0xff][0xe6]c[0xff][0xfa][0xe3]v)[0x97][0xf2]*[0x96][0xb][0x90][0xdd]e[0xe5][0xa0][0x14][0xde][0x7][0xc5][0xce][0xc7]nK[0x87][0xb8][0xc5]0[0xe4][0xdb][0xdd][0x87][0x3]6[0xe2]Z[0xe9][0x9]"[0x16]Y[0xc][0xa5]Y.0[\r][0xae]y[0xfb][0xbc][0xba][\r]M[0x9f][0xb]0[0x86][0xd6][0xfc][0xa4]1F[0xa6][0x16][0xd1][0xe4][0x8e][0xaf]d*[0xc5][0xa7][0xc8](>9[0xb0][0xcd][0xff]{[0xef][0xfb][0xab][0xd9]y][0x87][0xed]}F[0xb4][0xd4]~[0x89]Z[0xf4][0xbb]I[0xa3][0x5]d[0x7]E[0xc4]O[0xad][0x92][0x6][0x9c]q[0x81]:[0xa9][0x1b][0xc4]t[0xd0]6N[0x9a]FS[0xb7][0x9]\[0xd7][0x8e][0xe8]?[0xa0][0x98]Q[[0xc0]E[0x11][0x88][0x94][0xed]$p[0xeb]vh[0xb4][0x81][0x1]'6[0x89][0xe6][0x87][0x13]$[0xe1]([0x9][0x90]|[0xb][0xf5]%[0xa1]#)[0xbc]L"KP[0x2]{[0x2][0x7][0xb6])[0xf2][0xbe];[0xef]{[0x9e][0xbd][0xd6]^[0xcf]y/e[0x8a][0x9a]y[0xef][0x9d];{[0x89]3[0xf7][0xfd]q[0xce]s[0x9e]s[0xee][0xe8]Yg[0xed][0xbd][0xf6]>%/b[0xb7][0xd1],e[0x8a][0x88][0x9c]{[0x1d][0x9e]NJ,[0xee][0xb8][0x0]$[0xc3]yA[0xa6][0x99]cs[0xcd]j[0xdc][0xc3]g;[0x9c]zn[0xe8]j[0x2]u[\n]"
05:56:02.500 [main] DEBUG org.apache.http.wire -  >> "&[0x1c][0x19]s[0xa1]l[0xe3][0xa9]D[0x90]@=*[0x94];[0xb][0xaf])[0x9c]WB2H}[0xa8][0x1a]g[0xc4][0x10][0xdd][0xff]]&[0xb2][0xb8][0xd7]tLOh[0xe4][0x81][0x1c][0xe1][0xf4]o![0xaf][0xd9][0xce]K[0xa9][0x8d][0xf3][0xc1][0xa4]}3[0x9e][0x4][0xc]P[\r]~[0x16]q~[0xeb][0xc1][0x9d]O[0x9c]Y[0xa3]qb4[0x91]]![0x1c]:y[0xec]<g[0x19]r[0xdb](+[0xaf]&[0xb1]c1[0xaa][0x5],W[0xdc][0xed][0xd2]?[0xfe][0x9e]:FMJ[0x7]y[0x1c][0xf4][0xa2](U[0x93][0xab]a[0xf5][0x1a][0xac]U[0xd9]L[0xf8][0xc7][0xa0]6[0xb8][0xe8][0x85][0x8]$[0x93][0xc2]_[0xc3][0xd8]*D[0xe8][0x82][0xe3]z[0x8b][0x10]Xl[0x8c][0x10]nG[0xa1][0xc7][0xe4]D%[0x96][0xdd][0xa6]v[0xc][0xea]k&w[0x1c][0x1f][0x82][0xd4]G[0xdc]/{t[0xb9][0xf1][0xf1]+b[0x9c][0xe0][0xfc],[0xe8][0xcd][0xaf][0xd3]RR[0x8e][0xe4]t[0xd4][0xa6]![0xdf]E[0xe][0xf6]A[0x18]&1B[0x9b][0xa4][0xd5][0xb8][0x1][0xc0][0xfc]3[0x8c][0xaa]'[0x1b][0xf5][0x88][0xb3]|Sg<[0x91][0xd4]|-[0xe8]WY[0xdf]/[0x11]![0xff]v[0x90][0xa7][0x94][0xfc][0xaa][0xec][0x1a][0xe2]{[0xb1]i[0xf0][0xa1][0xc6]^[0xdf][0xc5]S[0xcf]6[0x89]5.[0xb]MdW[0x8]~[0xe3][0xc6][0xf7][0xd5][0xc2][0xce]|[0x12]Bp[0x81]&[0xb1]cc[0xcb][0x10] [0xee][0xee]sI[0xc9][0xe2]U[0xac][0xbd][0xe5]x[0x83][0xbb]N[0x18]"[0xc3][0x97]K[0xe6]rP[0xa7][0xb5]][0x8][0xb3]S[0x8][0x85][0x8d][0xab][0x88][0xb0]"L[0x9e][0x7]M[0xc][0x15][0xa2][0x9a][0x8c]*$[0xb1][0x90][0x85][0xd9]dl[0xe4][0xd1]b>[0x10][0xfc][0xeb]#[0xbc][0xe6][0xee][0xa5][0x1c][0x92]>[0xc6][\r][0x80]([0x1e]\[0xb7][0xaa]k[0xf2][0xa9][0xb5][0x16][0xe7][0xe8]j[0x12]q[0xf2][\n]"
05:56:02.500 [main] DEBUG org.apache.http.wire -  >> "[0xc2][0xae][0x9a][0x93]S0[0xa7]X[0xd6][0xfd][0x89]?[0xe0]4Lu[0xe8]%[0x8a]7[0xc4],[0xca][0xb]6[0xff]9[0xd4][0xe7][0xb4][0x95][0xe4]1[0xf2]B[0xba]0[0xd7]4[0x94]9.[0x1d][0xc9][0xb2]j[0xbe][0x9c]!S[0xc4]U[0xd5]x[0x82][0xed][0xeb][0xe]h[0x84]U-[0x15]l[0xdd][0xce][0xec][0x95][0xf3][0xcf][0x86]=[0xb5]Wb[0xcf]>[0xb0]F[0xe3][0x92][0xd0]udW[0x8][0xfb][0xc5][0xe5]O[0xd5][0xfa]T[0x9f][0x7]n[0xa7][0xc7]F[0xb9][0xa8]%[0xe1][0xb8][0x4][0xfa][0x92],[0xb0]![0xc6][0x19]q*,p[0xbc][0xdd][0xe7]"[0x9f][0xfb]'/8[0x8f][0x17]<d[0xe6]O[0x8a][0xc0][0xd6]][0x16][0xf4][0xf2][0xb3]"[0xcc][0xf9][0x84][0x86][0xac][0xc4][0xe4][0xea]#[0x9]][0x1a][0x8a][0x81][0x87][0xaa]BS[0xdd][0x9c][0xd2][0x96]9b[0xae]q2W[0x19][0xea][0xd3][0xe4][0xf8][0xd2]9[0x17][0x9e][0xcb][0xfa]J{[0xc][0xce][0xda]E^,K)[0xce]*[0x15][0xd0][0xfa][0xab]<7[0xb8]e[0xa4]\[0xbb][0xd4]*n[0x10]<k[0xc4]8[0x8c][0xd7]#w[0x94][0xe8]C,[0xfb][0x87][0xcf][0x97]1o[0xe6][0x1e])[0xed][0x86]Z[0x96][0x1][0xad]B[0xad][0xf2][0xef][0xc2]0,[0xdc][0x8a][0xe5]Z[0xf4][0xfa]7b[0xc]i[0xfa]1cC[0xbc];[0xcf][0xeb]0[0xca]K[0xbf]z[0xf7][0x13][0x9f][0xb2]F[0xe3][0x92][0xd1][0x8a][0xec][0x8a][0xe0]P;[0xb6][0xff][0xf1][0xb4]MN>[0xe7][0xdd][0xf3][0xfc][0xec])`][0xe4]x[0xa7][0x8c][0x85]q[0xbc][0x8d]Z[0xbc]&5[0xe1]u[0xf7][0xcf][0xe4][0x18][0xef][0xde]E[0x81][0xb8]<[0x8b][0x8b]J-[0x1d][0xea][0x8][0x95][0xd5][0xa1][0x19][0xfe][0x9a][0x10][0xea][0xf][0xb9][0x9b]w[0xe6][0xce][0xac][0xc2][0x8a][0x98][0xde][0xf8][0xf8][0x2][0xf9]c[0x1a]}[0xa3]b[0x91]E[0xdc][0x9c][0x9e][0xfb][0xc0][0xb1]3[0xb4]7[0xeb][0x99][0xd8]>[0x98][0xd2]x[0x91]*[0xfc][0x99][0xd3]0[0xd1][0x9d] [0x9][0xb1][0xea]O[0xbb]Wl[0xf1][0xf0][0xd1]ns[\n]"
05:56:02.500 [main] DEBUG org.apache.http.wire -  >> "[0xa9][0x3]'[0xe][0xc9][0x1b][0x13][0xe4]C![0xa5]#siC)&[0x89][0xd2][0xa5])[0xa1]R[0x90]^[0xbe]6[0x3][0xd1][0xa4]F[0xf5][0xed][0x9]9w[0xa0]a[0x8][0xf7]C[0xc][0xc5][0x8e]L[0xfa]x[0x9a][0xbc][0x94]z{[0xf5][0xe9]_[0xfd][0xf4][0xdc]$[0xd6][0xb8][0x12]h"[0xbb]"x[0xca]n[0xfc][0xa9][0xf1][0xaa]L[0xe][0x8c]i[0x99][0xd9][0xd4][0x96][0x9]a2[0xc9][0xb7][0x8c][0x1d][0xd6][0xbf][0xdc]h'[0xe3]B[0xe4][0xc6][0xd0]Z)2[0x13][0xbb][0xb9][0xae][0xf1][0x15][0x9e][0x84]#[0xbb][0xc2]`[0x81]c[0x80][0xf1]rx[0xf0][0x7][0x16]xd^[0xac][0x4]C[0xd9][0xff]y[0x1e]&[0xae][0xca][0xf2][0x81][0x84][0xbc]&[0xb1]#D[0x96]4][0xa1]B([0x90][0xa1]P[0xe9][0x9c][0xa4][0x90][\n]"
05:56:02.500 [main] DEBUG org.apache.http.wire -  >> "*[0xd9]q5[0xc7][0xb6][0x91][0x8c]cS[0xc8][0xd1]y[0xae][0x93]?[0x9e]s[0xc4][0xf1][0x82][0x9f][0x84]I[0x97][0xa9][0xe9]:[0xe7][0xef]LT[0xaf]\2[0x9c][0x5][0xbc]4d[0xa6]R[0xcd][0xf9]{([0xca]b[0x12]MC[0xa5][0x83][0x14][0x19][0xf2]u[0xdc]Td[0xb4]P[0xcc] [0xe3][0xdc][0xe0]T[0x84]aF[0xc2][0x97][0x93]0E[0xe]6o[0x84][0xf8]3[0xff]![0xdc][0xf9][0xd5]O[0xe2][0x8e]5[0x1a]W[0x4]MdW[0x5][0x1e]7[0xf1][0xc2]b^[0xd4]eA[0xc1]2g[0xda]}[0x1][0x18][0x9f][0x8f][0x8][0x97][0xde][0x82]s[0xdc][0xfc][0xe9][0xdb]C[T[0x14][0x8c][0x92]'UW[0xaa][0xc]}[0xa8]b[0x8d][0xe3][0x93][0x82][0x19][0x8b]h[0x12][0xef][0xcc]W[0xe4]"[0x84][0xc6][0xc6]7R[0xc2][0x5]r[0x89][0xca][0x9d][0xd5][0xc0][0x19][0xfe][0x93][0xfa][0xb6][0x89][0xdc][0xcb][0xbf]By[0x17][0x6]w[0x1e]:[0xf3][0x87][0x9c][0x1d][0xea][0x14]F.[\r][0xb]?[0xb6]G[0xae][0xcc] X[0xc3][0xb6]W,[0xf4][0xba][0x8a][0x14][0xe5][0xc9][0xe7][0x99][0xca]y[0x81][0xcd][0xc9]b[0x17]*;[0xe5]zF.[0xe7][0xd1][0xf3]%[0xf3]rB[0xea][0xb8]9@[0xd8][0x99]M`|[0xa8]c[0x9]kf[0x8e][0xac]<&[0x8e][0xfb][0xa0]0[0xc9]#J[0xf3][0xe4][0xf5][0xfd][0xb9][0xfb]'[0xf7]$v[0xd7][0x1a][0x8d]+[0x84]&[0xb2]+[0x80][0x8f]}[0xe2][0xb3][0xcf][0xed]<][0x5][0xcb]u'.[0xd2]"[0x97][0x1c](#Y='[0xd3][0x85]q1[0xca]?V[0xb9]3O[0xf7][0xa3][0xcd][0xcb][0xb3][0xaa][0x8f]\[0xcc]a[0xfa]([0xd7]b.[0x98]n[0x1c]/T[0xaa][0x8d][0x81]B[0xc3]e!\D~\[0x8d][0x11][0xa9][0x4][0x8e][0x8]By2[0xd7][0xd9][0xc]i[0x8e]|[0x9e]![0xc4][0x8a][0x2][0xa6][0xd8],[0xfa]0h[0xa4]J[0xdc][0xff]Y[0xd2][0xc4][0x91][0x6][0x8e]LcM![0xb9]RR[0x8e][0x8b]Y[0xa1]X,[0xf4][0xbc]F[0xb3][0xa9]cC5[0xac][0xf1]r[0xb9]&[0xe3]D[0xaa][0x10][0xbc][0x8e]y8[0x89][0x9d][0x1f][0xd7][0xbe][0xe3][0xc6] [0xa8][0xe2][0xaa][0xb0]M[0x1f][0x1][0xa3][0xbf]2[0xe7][0xbf][0x3]v[0xd8][0x8f][\r][0xb][0xa7][0xca][0xaa]9Va9[0xcb].[0xf2]W[0x88]I[0xae]c[0x8d][0xaf][0x1e][0xec][0xb7][0xbf][0xf5][0xe0][0xd3][0x9f]x[0xd9][0x1a][0x8d]+[0x86]&[0xb2]+[0x80][0x1b][0x8b]}[0xd2]4'a[0xc6][0xcc][0xc5][0x1]c[0x1d]F[0xc3][0xd8][0xad][0xc2][0xd2][0xbb]jyo[0xba] [0x95][0xc2][0x99][0x16]h[0x1c]+"[0xb7][0x11][0x97][0x9c]R[0xa3][0xcc][0xc4][0x8e][0xb6][0x1d][0xcc][[0xed][0xe2]1[0xb7][0xf2][0xa7] [0xc4]5BvU[0xd0][0x9b][0xe4][0xa4][0x8c][0x9a][0xe2][0xa8],[0xe7]0f`[0x9e]UoV[0xd2]b[0xe2][0xbf]:~[0xe6][0xfc][0x8e][0xd8][0xb2]r@6_[0xef][0x91][0x92]t[0x9e][0xbb][0xf3]&[0xc0]DNjZ[0xcc][0x18][0xf1]$/M[0xc7][0x3][0xd7][0xcb][0xb1]q[0xf1][0xa2][0xc6][0xa2]C[0x12][0xe7]+umy#1[0x8d][0x97]a[0xdc]Q61[0xee]0@R[0xd0]V4[0xcf][0xc][0x9b]}*Ns[0xaa]f[0x97][0xb9]N[0xc7][0xc8][0x1a][0xf3][0xf1][0xf]&sl[0x1e][0xf][0xce][0xfd]C7[0xff][0xe5][0xff][0xfa][0x89][0xfb][0xd6]h\A4[0x91]][0x1][0xec][0xd7][0x99][0x9b][0xc6][0xbb][0xf9]Z\[0xb0]T[0x8e]E[0x19][0x9f][0x8f]PT-[0xa8]K\4[0xa6][0xac]~QW;[0xaa][0xa3]m[0xf3]{3[0xc4][0x92][0x8c][0xc7][0x16][0xca][0xab][0xe3][0xa7][0xe0]Y?[0x9d]f[0x0]R[0xc3][0xe3]][0x98]?+[0xd5]c[0xa9]P[0xe0][0xb8][0xc3][0xfe][0xc5][0x6][0xa5][0x96]8G[0x6][0xfa][0x6]y[0xb8]S[0xad][0xe5]54[0x90][0xd7]L[0x8e]6[0x11][0xd2]"[0xee]EeL[0xac][0x8]Fsp#Ti[0x92]S4[0x9b]C[0xa0]r[0x12][0x81]m\[0xf2][0x95][0xb6]=[0xf][0xdb][0xfc][0x12][0xb4][0xc6]O[0xee][0x0]pq%[0xe9]8][0xf0]1Y[0x88][0xf5][0xf9]d[0xc6][0x9c]v[0xe][0xe2][0xc4][0xef][0xdd][0xa1][0xde]x[0xd2]6[0x99]ptn[0xfb][0xcf][0xcf][0xce][0xdf][0xbd][0xf1][0xec][0x83][0xff][0xe5]?[0xfa][0xbc]5[0x1a]W[0x14]Md[0x97][0x8c][0xef][0xfa][0xdd][0x9f][0xf9][0xf8]~[0xf5]xz[\n]"
05:56:02.500 [main] DEBUG org.apache.http.wire -  >> "[0x95][0xa5][\n]"
05:56:02.500 [main] DEBUG org.apache.http.wire -  >> "[0x89]m[0xcf]Y3[0xde][0xb2]W[0x88]k[0x87][0x18][0xd2][0x4],|[0xdc][0xcf][0xb9][0x80]m[0x14][0x90][0xc7][0x94]?[0xf2][0x80][0xda]9"[0xc8][0xd0][0x17][0x8][0x1c][0xd2][0xcc][0xc0]/iz[0xc0]][0xbf][0xc]F[0xa5][0xc4][0x19][0xc][0xa6][0xbb][0xe0]<[0xb1][0x18][0x9b][0xcc][\r][0xaf]%<Y[0xab]w[0x8][0x1d][0xe5]0[0x1b]1[0x95]$[[0xa6][0x88][0x90][0x13]K[\r]<[0x1b][0x11][0xcd]6[0xe1][0xce][0x14][0x8c]R[0xe3]6[0xe7][\r]CoD2[0x1c][0x98][0xf7][0x8][0xa1][0x8a]XL[0xfa][0xa5][0x92][0xab][0x9b]IT[0x8][0xb2][0xa4][0x92]M[0xec][0x87][0xd0]1~[\r][0xd8][0xd1][0xc5]=[0x89][0xeb][0xe3]1[0x1b]G,[0xef]/[0x8c][0xa4][0xe9]n[[0x83][0xe9][0xe1][0xab][0xb3][0xf3][0xdd]r[0xeb][0xc1][0x8f]w[0xa1]s[0xe3]j[0xa3][0x89][0xec][0xd2][0xb1]|_[0xe4][0xc3][0x1b][0xd9][0xf0][0x90]![0xa4]Q[0x9f]Dw[0xdb][0xb8]g[0xce][0xfd][0xc6][0xdd]:2[0xf1]Il[0xb9][0xb8][0x83][0xec][0x6]*[0x1d]c[0xb1]Y[0xf6][0x86][0xfb]-[0xa3]ir[0x9f][0x9f][0x83][0xd6][0xda][0xc9]<[0xcd][0x98][0x1e]"p[0xd2][0xf8][0x8f]G[0x9b][0xa9][0x12][0xb7][0xfc]9[0x11][0x9f]>[0x80][0xcc][0x8][0x92][0x17][0x17]h[0xaf][0x10][0xd8]`[0xb][0xd7][0xf3][0xf7][0xaa][0xe9][0xda][0x1c][0x8b][0x8b][0xf7] [0xae][0xca][0x17][0xaa][0xca][0x1a]C[0x4]<[0x19]^$[0x18]B[0x10][0xe5]r`[0xec]OJ#[0xf2]\[0x90]S*[0x83][0xce]T[0xc8]=[0xa9][0xb1]u[0x8a]Y[0xbc]-[0xb3][0xd7][0xdc][0x1d][0x88][0x18][0xfb][0xec]&S[0x8][0xae][0xf]Tin[0x8b][0xfc]VN[0x84][0xf3][0xc8]#d[0xba]Q.4[0xa7]7[0xcf][0xe][0x83][0x8c][0xbb][0x99][0xb3]w[0xdc]n6[0x89]5[0x1e][0x7]4[0x91]]2[0xf6][0x8b][0xcc][0x1f][0x1c]I&,[0xc4][0x15]aZ[0x91]&[0x7]/#[0x3]X!4[0xc1][0x9f][0xdb][0xe6]_[0x87]M[0x17][0x86][0xb8]d[0x17]7:[0xf6]b[0x9e][0xc7]4[0x6][0xd6]@[0xe5][\n]"
05:56:02.500 [main] DEBUG org.apache.http.wire -  >> "[0xd6][0x95][0xe1][0xab][0xc][0x9d]1&[0x85][0x1][0xfc]H%[0x9][0x2]N[0xc][0x1b][0xa4][0xe1]B[0x2][0xc5][0x80][0xc8][0x1d]9[0x95]d[0x91]][0x98]nS[0xc7]A[0xa1]]Pv%y[0xf1][0xc][0xc7][0xb5]p.[0xf8][0xb][0xef][0x2][0xc2][0xe7]c[0xe3][0xbc][0xc6][0x80][0xbb][0xf4]=[0x9a]k[0xf8]1{1VZ[0x10]L[0x17]0I[0xc0][0xe2][0xae][0xca][0xc7]6[0x84][0xe4][0xb5]s[\n]"
05:56:02.501 [main] DEBUG org.apache.http.wire -  >> "[0xdd]Rx[0x88][0xcd][0xc2][0x90]a[0xb4][0xea]3|[0x89]![0xa7][0x8b][0xec][0x1b][0x8d][0xe]e[0xe9]fb[0xcf][0xdf]B#[0xbc][0xf6][0xd6];[0xf1][0xce][0xad][0x7][0xff][0xdb][0xef]y[0xcb][0x1a][0x8d][0xc7][0x0]Md[0x97][0x88]Co[0xc5][0xfd][0xa2][0xf2]q[0xc3]B#[0xae]DB[0x16][0xa9]y[0xb5][0x8a][0xea][0xd0]`[0xc2]T[0xdc]~[_V{[0x8e][0xa7]'[0xe3][0xe][0xdc]5Kev[0xf4]pD=[0xf0][0x1c]B[0xd4][0x19][0xc5]4[0xef]"[0x9b][0x88][0xb9]>[0x89]_[0xc3]fO[0x5]B[0xdb][0xfb][0xb4]1[\n]"
05:56:02.501 [main] DEBUG org.apache.http.wire -  >> "[0xb3]9[0x8f])[0x8f][0x88][0xd3]e[0x8f][0xc5]t[0x8]j[0x8c][0x8f]c[0x8e][0x1b][0x82]M^+[0xf][0xbf]I[0x98][0xa5][0xc2]5[0xdc][0x16][0x88]\ay@[0xf5][0xa1],%[0x98][0x8a]([0x8c][0xb5]^[0x9e][0x8a]:C[0xc2][0x18][0x91][0xe1]X[0x9e][0xb3][0xc6][0xf6][0xd4][0x2][0xef]BT^[0x4][0x9f][0xfa][0x11][0xc4][\n]"
05:56:02.501 [main] DEBUG org.apache.http.wire -  >> "[0xc9][0x15][0xb8]f[0xa4]H[0x9b][0xb8][0xdc][0xe6]l[0x9a][0x96]N[0xc0]Vi[0xaf][0xbf][0xf3][0x9b][0xef]<[0xfb][0xe0][0xc7]o[0x9d]Y[0xa3][0xf1][0x98][0xa0][0x89][0xec][0x12][0xb1],7n[0x1e]~"t[0x85][0x84];7H[0xe5]4[[0xa4]3[0x4][0x95][0xc2][0xb]+[0x92][0x1d][0x85][0xce][0xac][0x86][0xf2][0xd9][0xc0]1[0x16]z![0x1b][0x93][0xaa][0xd8][0x90];v[0x87][0xfb]O[0xcc]%[0xb2]h[0x97]B[0xcc][0xc5][0xbd][0xa4][0x9f]Y[0x86][0x7]Mr@>[0xcd]i[0xfc][0x15]z[0xc6][0x17][0x91]^[0x99]. Y[0xca]e[0xc2]O[0x19][0xe],[0x2][0xdb][0xd2][0xf1]F[0x11]9bm4[0x10][\n]"
05:56:02.501 [main] DEBUG org.apache.http.wire -  >> "WZ[\r]>[0xd6]vq@"
05:56:02.501 [main] DEBUG org.apache.http.wire -  >> "[0xd0]u[0xa9].S[0x17][0x95]i[0xbc]fQ[0xe1]K[0x13][0x5]=[0x9f]][0x84][0xcd][\n]"
05:56:02.501 [main] DEBUG org.apache.http.wire -  >> "+[0xdc][0xd4][0xc4][0x92][0xb9]@[0x9f]n[0x1c]BN[0xa5]HwU[0xf6]I[0x92][0x83][0xf3][0xd5][0x82]8[0x9f][0x94][0x1d]][0x9e][0xf5]x{[0x12]{[0xf7][0xd6][0x83][0x17]ou[0xdf][0xc4][0xc6]c[0x85]&[0xb2][0xcb][0xc5][0x1f]<[0xac]6[0x8c][0x1a][0xb9][0x89][0xa7][0xcd][0xed]([0xfc][0xe7]X[0xdb][0xc6][0x9a]m[0xea][0x9b]`[0x8][0x8e][0xe4]"[0xd9][0xfc][0x98][0x13]W[0xc2][0x1e][0xae][0xbc]bn[0xc]c[0x8e][0xed][0xc6][\n]"
05:56:02.501 [main] DEBUG org.apache.http.wire -  >> "[0x9d]<[0xc8][0xe9][0xe9][0xba][0x8e][0xca][0xe2][0xb0][0x8d][0xa2]DF55[0xe4][0xba]z[0xc1]B[0x8a][0xc9]D[0x1c]gn[0xc6][0xb8][0x8b][0x90][0xe7]1K[0xe5]1[0xa9]6`[0xf3][0x7][0xfb]0[0xff][0xc6]Xk[0xe5][0xce]fG[0xa4]M7[0x14][0x19][0x96][0x83][0xac][0x89]"f1[0x85][0x4][0x13]S[0x8e][0xb9]V[0xdd][0xd8].[0x15][0xd7]![0x16][0x89][0xc1]|:g[0xe9][0xd2][0x11][0xf3][0xf9][0xe0][0xfc][0xc3]'B[0xc][0xcd][0xe6][0xb5]6[0xa3]"[0x1c]q[0xd0][0x9d][0x97]yH[0xc2][0x95]u~[0xc1][0xdf][0xd1][0x98]G[0x93]X[0xe3][0xb1]E[0x13][0xd9][0xa5]"[0x9e][0xd3][0xae][0xc][0xb9][0xbc][0x88][0xfa][0x9a][0xf4][0xc1][0x8a]\[0xa8][0xc3]$[0x97]cV[0xfd][0xfb]H<2hJ[0x14][0x9]'Y[0xa9][0xa9]0[0xcd]o1:5[0xfe]J3D[0x86][0xd4]J[0x81]Y[0xe5][0xf3]*[0x8c][0xc8][0xe3][0x94][0x2][0xab][0xe7]Y[0x95][0xd2]p[0xee][0x86][0xd0][0x9e][0xeb][0xfc][0x8a]TR[0xac][0xf8][0x9c][0x17]L[0xa5][0x3]E[0xa7][0xca]k&r#1][0xc4][0x1d]S[0x9a]H[0x14]f[0x11]RM[0x7]g[0xe9][0xbc][0xc8][0xb3][0xad][0x9e][0xe3][0xc5]t[0xfa]6[0x1f][0xc3]*[0xc7][0xa6]w [0x92][0xc4][0xd4][0x8]*[0x94][0xef]Pu<v[0xe0]\[0xc2][0xe4][0x17]u[0x1]2[0xe2][0xec]U[0xe6][0xe0][0xa0]/[0x90]0[0xc2][0x99][0x87]o_n[0x12]k<[0xce][0xe8][0xee][0xf7][0x97][0x84]C7[0x8f][0xfd][0xca][0xf4][0xef][0x4][0xdb][0xc][0x81]5r[0x11][0x92][0xd4][0x95][0x97][0xbc][0xb2][0xe9][0x96]][0xa4][0xcd][0x8e].[0x8a][0xbc]{wq[0xc5]S[0x19]!D[0xb8][0xae][0x84][0xb1][0xf8][0x9c][0xfc][0xcf][0xdc][0x92]Y*[0x0][0xe9][0x8c]?[0x86][0xc9]%[0x15][0x8a][0x84][0xb5][0xc3][0x84][0xeb]8[0x81][0xc7][0x91]P[0xee][0xe5][0xb1][0xc6][0xe7][0x96][0x82][0x80][0xe6][0xbb][0x94][0x99][0x99][0xbf]spep_[0xd4]?[0x91]P|[0xd4][0x93][0xa5][0x80]b[0x1f]C[0x16][0xe4]a[0x8c][0xc];[0xae][0xec][0xb1][0xa8][0x98][0xc9][0xab][0xed]![0xd7][0xde][0xac]\[0x14]ym 5[0xf3][0xda] [0xac][0xe8]K[0xf2]S[0xde][0xc][0xa4][0xe8][0xcb]y{[0x9a].[0x86]4[0xc4][0xb4][0xc7]D[0xf7][0x1f][0xe3][0x16]r[0x4][0x1]y^[0xbc]5[0x8][0x8c][0xa5][0xc]l[0x8e]6Sc[0x12][0xf8][0xbd].[0xfc][0xbd][0xe2][0xf7][0x86][0xd6]a{[0x15]X[\n]"
05:56:02.501 [main] DEBUG org.apache.http.wire -  >> "z[0xfa]m[0xe2]w[0x11]?[0xfb][0xb5][0x1f][0xee][0x93][0xd6]h<[0xc6]hEvIX[0xfc][0xfc][0x16][0x16]>3[\r][0x15]!7[0x2]_[0xb7][0x9b][0x1a])&[0xb7]{[0xc5]$[0xd7][0x95][0xca][0xcb]4[0xe0]V[0xfb]LJ[0xac][0x9c][0x80]\4y[0x97][0xf][0x93][0x83][0x1a][0x2][0xa0]4[0x8a]k9[0xec][0x5][0xbe][0xc7]@[0xa1]Z[0x92]MY[0xd2]s[0xb0]"9[0x84]+1[0xbb][0xd4][0x19]4?H[0xee](5(Cz[0xc][0x17][0x9a]Oa2F[0xd7]r[0xe3]<[0xa4][0x98]%[0x86][0xaa][0xd1][0xae][0xee][0xd8]f0[0x2][0xd4]O[0xf5][0x1d][0x1c][0xa1][0xd6]Mh[0xd6]J[0x9d][0xe1]$[0xf2][0xcb]@8O[0xcf][0xb][0xa1]^[0xc3][0xf5][0xa6][0xfb][0xd1]E[0xb9][0xd2][0xfc]QR[0x95][0xca][0x93][0xea]9[0xfd][0x93][0xf8]]V.[0xcc]6[0xbf][0xb]G[0xc8][0x94][0xd7][0x99][0x8a][0xbc][0xe6][0xeb][0xbb][0x97][0x9b][0xc4][0x1a][0xd7][0x1]Md[0x97][0x4][0x8f][0x1b][0xcf]Y1[0x88]a=fHK[0xda]Je[0x14]/WfJ[0x11][0xd3][0xdb][0xf5]\ [0xad]B[0x8d][0xd5][[0xc9][0x9c][0xb]%;i[0x8][0xcb]![0x97][0xe4]hU[0xc5][0x90][0x18]| 5.[0xa4]R[0x92][0x8d][0x9][0xc1][0x8e][0xa5][0xda][0x97][0x89]i[0x1d]a7H5[0x93][0x9]#[0x9f][0xc3][0xf9][0x9b][0xd4][0x8a][0xcd][0xb9]#[0x8e]w[0xd8]f[0xb7][0x1b][0xbc][0x3][0x11][0xea][0x92][0xbc][0xc3][0xa9][0xd1][0xd0]"[0xc4][0xa5]JR[0x88][0xbe].F[0x84]o[0x9][0xba][0x88][0x1c]FO1[0xbe][0xe0]r[0xf2][0x86][0xc2][0x9c][\r]{[0xad][0xea][0xbd]H[0xbe][0xc][0xe8]Y[0xfd][0x8e][0xf5]`[0x9e]70<a[\r][0xd3][0x16])[0xcd]D[0xb8])[0x9c][0xd7][0xdc]][0xce]Q[0xce][0xaf]~e[0x11][0xf7][0xfe][0xc5][0xff]~[0xf3][0xb6]5[0x1a][0xd7][0x0]Md[0x97][0x80][0x8f][0xdf][0xfc][0xcc]G[0xf7][0xcb][0xcd]s[0x87][0xd7]Xl[0x87][0xba]p[0xea][0x8][0xcf][0xf7][0xe3][0x1d][0x14]T[0xe5]KHn[0xa9][0xe8][0x98]8[0x99][0xba]][0xa4][0x12][0x8]-[0xd1][0xe5]][0xa1][0xdc]wa[0xaa][0x82]L[0xda]H[0x99][0x89]N[0xc3][0xb6][0xf5]][0x94][0xb5]r[0x96].y.[0xc3][0x80][0x19][0xa9]2[0xb1][0x9c]Cj[0x99][0xd8][0xd0]s>AU[0x15]U(n[0xf3][0x9a][0x8c][0xc8][0xe8][0xe0][0x8a]Tk[0xb8][0x1]p[0x86](s[0xc7][0x98]k[0xb7][0x83][0xdc]b[0xb8][0x1e]y[0xce]\[0xed]7[0xa1][0xbd][0xa0]2[0xad]1<[0xd5][0x8f]M[0x1d]A[0x9c][0xb2])[0x99]'k[0xce][0xa8]i[0xb7]n[\r]3[0xd7][0xf0]"[0xe9][0xd8][0x9c]![0xc3][0x9c]`[0xfd][0x8b][0x88]z [0xe9][0xac][0xc8][0xaa][0xd8][0xcf][0xc3]t[0xbe][0xe9][0xe4]YI[0xec][0xff]h[0x12]k\[0x1f]4[0x91]][0x2][0xde][0xfd][0xad]Q;V![0xc0][0xa8][0xb0]Z.[0xa1][0xbb][0xc][0xbf]![0xec]4V$i[0xfb][0x94]jD[0x9e]'[0x95]a[0xc5][0xc0][0xe3]KRm[0x99][0x18][0x5][0xd6][0x14][0xd1][0xa6]-=[0x16]^[0xbe]C[0xf3][0x9]2[0x1e]Hts[0x1a]u[0x0]~[0x82][0xd0]dY[0xf5]I[0xc6]a[0x1b][0x93][0xc5][0x1c][0xb4][0xa4][0x13]S[0x87]w[0x9]q[0x6]>[0x9d][0xe][0xe7][0x10][0xac]9[0xf5]P{[0xfd]8f.[0xde]i[0x8e][0x99][0xce]C[\r],^[0xe4][0xe8].q@~W[\n]"
05:56:02.501 [main] DEBUG org.apache.http.wire -  >> "k[\n]"
05:56:02.502 [main] DEBUG org.apache.http.wire -  >> "y[0x9a]\[0xc8]|[0xbf]8[0xb8][0xda]E[0x5][0x96]2u[0xaf][0x1c]a[0xb1]_[0x94]*6[0xce]Y[0xee]:[0xa6]k[0x13][0xa9][0xd6][0xf0][0xf]h[0xc2][0xa6][0xad][0x15][0x9e][0x86][0x9a][0x93][0x8f]{_k[0x12]k\34[0x91]][0x2]v[0x8b][0xdd]4[0xb1][0xa7]s[0xa1][0x1][0xe4].[0xfd][0x0][0x14]-[0xaf]k[0x1f]#FE2[0xb9]q[0xcc][0xca]j [0xc5]M[0xe]ZI[0xab][0x85]y#[0x97]pT[0xa0][0x9b]:[0x97]h[0xf4][0xee][0xf3][0x8c]Q[0xa9][0x1c]I[0xc3][0xdd][0x10]5[0xe3]N[0xdf][0xa8][0xaa][0xc6][0xee]v[0xe4][0xca]D[0xc8]-[0x8a][0xc0][0xe5]s[0x1d]~[0xba][0x6]tJ$[0xbf][0xd5]|RS![0xec]FU[0x1a]P[0x81][0xa6]v}*Y3[0xc9][0xd7][0x8d][0xfc]"[0x8e]Q[0xc4][0xe4][0xb9][0x8d][0x87][0x1d][0xe5][0xa1][0x8a][0xdc][0xb8][0x8b][0xa8][0xd3][0xa1]4[0x3]t[0x1f][0xa8][0x91][0x93][0xe3]gx[0xd4][0xb6]<[0x94]c[0xd3][0x9e][0x18][0xf2][0xbb][0x9]9[\r]3[0x93][0xe7][0x83]nw[0xce][0xef]q[0x9d]r[0x84][0x97][0x9b][0xc4][0x1a][0xd7][0x11]Md[0x97][0x80][0xfd][0xf2][0xf2][0x1c][0xe3]Ya[0x12]^[0x1c][0x1f][0xd0][0xc][0x11][0xe4][0xac][0xc][0x1f][0x8e][0xb7][0xb5]c.[0xd8][0xeb][0xc7][0xe1][0xb6]]j]Bg[0x16]\P[0xf][0xbb][0xee]4[0xe7]VN[0xb8][0x19][0xaa][0xd3][0xa6][0xcc][0xd1][0xd6][0x12][0xee][0xb4][0xca][[0xe9]#:[0xfe]t>TV.[0xa6][\r]O[0xc2]s?R[0x89][0xa3][0xdb][0x94]rcpj.[0xdb]q[0xba]n[0x17][0x99][0x1f][0x82][0xf3]1[0xb9][0x88]1[0xdd][0x8][0xc8][0xdf][0xb9][0xf][0x9]O[0xc8][0xda][0xf4][0xb2][0x96][0x3][0xdf][0xcc][0x8a][0xf4][0xf4]C[0x90][0xbb]|[0x98]BVH[0xd3]c[0x13][0xb2]5h?[0x95]~"%[0xad]P[0x11]S[0x8d][0xec]:[0xe6][0xc3][0xc9]Y[0x87][0x13][0x1b][0xd7][0x16]Md[0x97][0x1]?[0x84][0x16]K[0xfb][0x84][0xc9][0x9d][0xb6]kHj[0xfd]([0xb0][0x98][0x8f][\r][0xc][0xeb]>[0xc3]ilt+$[0x81][0xef]2[0xc8][0x5][0xdb][0xe0]v[0xb5][0x86][0xe2][0x1a][0xda]i[0xec]l[0xb5]M[0xba]![0xf3][0xf5][0xba]=[0xd2]2f6[0xab][0x19][0x97][0xd5]v[0xe4][0xae][0x86][0xf1]c[0x96][0xb]s[0x9e]*[0x17]u[0x9c][0xba][0x98]([0xf0][0x13][0x84]s,*[0x91][0xcf][0xab][0x85][0x9c][0xe4][0x10]8/!y[0xe4][0xcc]L\[0xa2][0x88][0xde][0xe5][0x8b]L[0xc9]y[0xdd][0x18][0x84]r[0x91][0xa4][0xff][0xb6][0xa1]>[0xe3]/[0x11][0xd6][0xf7]@[0x98][0xd3][0x8f]n[0xf][0xea][0xf7][0x9d][0x1d];[0xf2]F&[0xc7][0x9c]{3[0xba][0x9c][0xe4][0xc2]Pt[0x9d][0xef][0xc8][0xa5][0x96][0xc2]<[\n]"
05:56:02.502 [main] DEBUG org.apache.http.wire -  >> "[0x3][0xf]r[0xeb]pb[0xe3]Z[0xa3][0x89][0xec][0xc4][0xf8][0xf]?[0xf1][0xd9][0xe7][0xf6][0xab][0xcc]G[0xf1][0x9e][0xc4][0xa4]kv[0xa0][0xed][0xdd][0xd8][0xe4][0xa8][0xd0]W[0x17]dG[0xee][0xa7][0xc2][0x80]ftA2[0xf6][0x4][0xd6][0xc4]"W[0x83]S[0x1d]L[0xe1]1[0xa3]{.C[0x8b][0xa8][0x9f]J[0xe1][0x8]EVf[0x8f][0x9d][0xf0]cz:V[0x89][0xe0][0x1b][0xff]G[0xa4][0x8]MS[0x8a][0xa8][0xb4][0xe4][0x91][0xa0][0x8a][0xb0][0xea][0xc8][0xab][0x1b][0xe4][0x19]9N[0x14][0xfb]A[0xd3][0xe2][0xef][0xad][0xb9]C[0x9f].[0xa0][0xca][0x8e]4[0xe2]6[0x11][0xf]H[0xc2][0xa1][0x1a]Y[0x8b][0x87][0xeb]/[0xf0]:[0x11][0x90][0xff][0xa4]bKR[0xda][0xf6][0x86][0xa2][0xd4]Y[0x80][0xa1]'[0xfe]we[0xd1]9[0xad][0x16]5[0xb8][0xeb]TP[0xeb]w[0xd8][0xfe]g[0xbf][0xf6][0xa7]o5[0x89]5[0xae]5[0x9a][0xc8]N[0x8c][0xfd][0xfa][0xf2]q[0xc8][0xb0][0xf5]=[0xef][0xc4][0x11][0x9d]J[0xb8][0x4][0xd3][0xd4][0xdc]q[0xf4]}[0x85][0xbb]\[0xdd][0x8c]!V[0xf4][0x1a]i[0xa8][0x9e][0xa1][0xd4]\[0x87][0xf7][0x1a][0x8][0x81]*[0xa7]u[0xdc]5$8[0x87][0xd5]\[0xe6]DR[0xdb][0xa8][0x15][0x10][0xa5]O[0x8b][0xad][0xa8][0x1d][0xaf]u[0xd7]0G[0x18]\ ;[0x92]sR}[0x96]B[0xc5]9[0xe7][0xc9][0xa4][0xc4]s[0xd7][0xb][0xb0]1x[0xb8]m[\n]"
05:56:02.502 [main] DEBUG org.apache.http.wire -  >> "[0x8d]K[0x9]2[0xf1][0x87][0xf3][0xa9][0xf4]%[0xda]9E[0xfd][0xf2][0xdc]EM[0x1f]~,[0xf2]:[0x8e][0xb5]'[0xae]M[0xb8]p[0x9c]3[0x4]+[0xfa][0xad][0xea][0xc8]l[0xe2]4[0x9b][0xaf][0xa1][0xce][0xba][0xe4]+[0xe1][0xed][0x7][0xb9][0xf7][0xb5]?[0xfd][0xdd][0x9f][0xb4]F[0xe3][0x9a][0xa3][0x89][0xec][0xc4][0xd8]y[0xdc][0x8c][0x8a]g[0x99][0x99]8[0xe7][0xf2][0x83][0xe3]|[0x89][0x87]][0xb8],[0xba]j[0x99]![0x80][0xf0][0xbd]o[0x99]Q[0xa1][0x8b][0x1e][0x1c]ufSZ[0x6][0xac]P[0xe3][0xe9]B{<[0xc]g[0xbe]mG[0xc1][0xba]4[0xaf][0x8c]OQ[0xab]0[0xb7]I[0x9c][0xcf][0xa8][0xca]@,[0xe9][0xdc]w[0xcd][0xf5]Y[0x89][0xb0][\n]"
05:56:02.502 [main] DEBUG org.apache.http.wire -  >> "[0xa7][0x9a][0x86][0xda]8[0x7]+B$[0x1][0x91][0xcb]/[0x8][0x19]N[0xc2][0x8c]b-[0xcd][0x19][0x92][0x94][0x1a][0xa4]Z[0xe1][0xc9][0xda][0xe5][0xf8][0xf2][0xc8]9[0xbb]mB[0x84]6[0x1b]R[0xbc][0x1c]:E[0x95][0xc6][0x1c][0x18]o;[0x8c][0xa9]I[0x97][0xd3][0x1f][0x1f][0xbe][0xde]J[0xac][0xf1][0xa4][0xa0][0x89][0xec][0xc4][0xd8][0xaf]Y[0xdf][0xae]Ky*[\n]"
05:56:02.502 [main] DEBUG org.apache.http.wire -  >> "[0xe7]B\k$[0xd7]r[0xa8][0xe]|][0x9d])h[0x98][0x18]o[0xf2][0xc3]u[0x83][0x9d][0xdb],fJ[0xb2]u[\r][0x8f]M[0xb4]/[0x90][0xd3]2[0xc6][0xb8]"[0xe6][0xd2]0.[0x92]2[0x94][0x9a][0x1b]r[0xb0][0xa2][0xf][0xbb][0x90]H[0xbd][0x8a][0xbd][0xb5][0x1]/Ha[0xba][0xc][0xcc][0xc3]%[0x95][0x84]<3[0x85][0xe4]3[0x7][0xd6][0xea][0xd8][0x95]#ch2[0x84]j[0x8e][0x88]5[0xc4]\S[0xf1][0xca]Q[0xc7][0x96]r[0x90]a[0xbb][0xc1][0xaf][0xea][0x14][0xdd][0x1e]][0x8e]{![0xf8]$m[0xd9][0xeb][0xa2][0xe1][0xf0][0xcb][0x97]2[0x8b][0x9a][0xab][0xd7][0xb9]V[0x98][0xd1][0x17][0xfb][0xfc][0xd7][0xcf][0xfd][0x96]5[0x1a]O[0x8][0x9a][0xc8]N[0x88]C![0xf4]~[0xc9]y[0x96][0xeb][0xe4][0x8a][0xca]`[0xf1][0xad]Aap[0x1][0x8d]m[0x9d][0x15]Z[0x15]i[0xcc][0x8c]$"[0xa2][0xa8][0xfc][0x6][0x15]#3[0x1a]%[0x12]4I[0xa4]Z[0x80]K[0xd2][0xc5][0x11]g[0xd4][0x1][0xd5]r[0xa9]rBS>J[0xc9]oZ[0xa7][0xf5][0x4]m[0x84]'][0x94][0xe9][0x1a][0xc2][0xdc]%A[0x94][0xe9][0xc4][0x8b][0x90]to[0x9b][0x8f][0x87][0x99][0xe4][0xb9]V[0xfd][0x18][0xe]e[0xa1][0xe7]9[0x81][0xdd][0xfc]/2[0x9c][0xe8][0xeb][0x91][0x8a]\[0x1c][0x97])s[0x94]Q[0xbf][0xb6][0xcd][0xcc][0xf2][0x86][0x81][0xe5][0x13][0xd9]w[0xd1][0x93]g[0x85][0xf0]R[0xd5]9~[0xeb][0x19]0[0x15][0xc2][0xce][0xdf][0xaf][0xcc]eV[0xcd][0xd9]2k[0xf7][0xf9][0xb7][0xf7]$[0xd6][\r][0x80][0x1b]O[0x12][0x9a][0xc8]N[0x88][0xf3][0xb7]o[0xfc][0xae][0xc3][0xcf][0xc3]#6[0xde][0xcb][0xcc][0xc6][0x85][0x9d]$[0x5][0xd3][0x9a][0xe3][0xc3]$:U.[0xba][0xe0]![0xc2]g[0x92][0xb3][0xd2] [0x1c][0xcd][0x1d][0xd3][0xc][0xe][0x8d]|[0x1d][0x93][0xc8][0x85][0x15]_y.[0x92][0x18][0x8e].?[0xab][0xee][0x12][0xb5][0xb1][0x93][0xd8][0xc6]V[0xd9][0xbb]QC[0xa9][0xa5][0xa5]Pr%[0x3]hw[0x8e]"[0xc9][0xc]N[0xd2][0xde][0xee]iu[0x1f]c[0xbb]S[0xa4]![0xe4]8[0x91]U[0xc8][0xb5][0x9b][0x4][0xa5][0x99][0x10][0xac][0x19]rpy[0x9a][0x98];E[0xe1]x;[0x92][0x8a][0x93][0xf2][0xc]=[0xff][0x1c][0x88]ID[0xdc]`[0xc][0x85]|[0x88][0x91][0xee][0xc6][0xf5]g[0x98]R[\r][0x1c]#[0x87]F}%9H[0x9f][0xe3][0x9d][0xae][0xfb]e.[0xef][0xec][0xed][0xb8][0xd1]$[0xd6]x[0xe2][0xd0]DvB[0xec][0xec][0xfc]Y[0xdb]p[0x8][0x1d]{yC_+"|[0x6]SAqX9[0x9][0x3][0xe1]3P[0xd7][0x8][0xe5]I[0x91][0xb1]O!'[0x10]@[0xbe]5[0x9d]C.[0xf1][0x90]&;[0xaf][0x8d]2[0xf6][0xa7][0xcc][0xeb][0xb2]0s[0xab]:[0x99][0xc][0x99][0xe5]:[0x1e][0x90]#X[0xfd]S[0x15][0xf1]5z9[0xf2]s[0xcc][0x9]D[0x18][0x88][0x8f][0x86]1O[0x15]aSC][0x95][0xa0]$[0xd1][0x99]a%[0x8c][0xeb]\[0xf9][0xad]d\[0xb9][0x7]SE[0xe1]<bs[0x9d]l[0xda][0x13][0xb7][\r]U[0xf7][0x16][0xb9][0xef]dz[0xf1]2[0xc7][0xe4][0xc1][0xca]p[0x3][0x3][0xc8][0xb8][0x87][0x98].[0xb4][0xc5][0xb6][0xbe][0xaf][0x8c][0x1d][0xfc]{[0xfc]c8[0xf3]X[0x9a][0xc4][0x1a]O$[0x9a][0xc8]N[0x8][0xf7][0xb5]Q[0xb0][0xc9][0xad][0xbc][0x84][0x94][0xa2][0xba][0x12]m[0x96].-[0x94][0xca][0x1d]G[0xe8][0xaf]L[0xc][0xe3][0xeb][0xac]_[0xca][0x9e][0x8c]u#oE[0x88]S[0xd8][0x8f]`g[0xf][0x12]ci9,[0xd9][0xb1]=[0x1b][0xfc][0x8c][0x90][0xfc][0xdc][0xb6][0x93]Fl[0x4][0xd0]4[0xa9][\r]"@[0xc4]P\[0x8]u[0xe]rBH[0x13][0xf][0xad]tqVfx6x!jLqK2d[0x19]q4I[0x94]%[0x4]/[0xe8][0x8e][0x8e]Nm79[0xd5]hYq[0xdb] [0x18]qY[0xce]7!Vux[0xa1][0xdf][0x5][0xe6]/[0x17][0x89][0xce][0x91][0xf0][0xba][0xb9][0xd1][0xdf][0xa9][0x97][0xc8][0x1e]7Fgn[0xcb][0xad][0xaf][0xbe]x[0xeb][0xcc][0x1a][0x8d]'[0x10]Md'D[0xc4]n[0xad][0x1f][0x1b]J[0xca][0xd6][0xe7]rU[0xc8][0xae][0x9e][0xa7][0xb5][0xe9][0xa2]Q[0xc4][0xb0][0xc9][0x93]Q[0x99][0xd1][0xfc]A[0x8d][0xb2][0x9][0x1f]f[0xe7][0xa9][0xc]c[\r][0x97][0xdc]Lh[0xa5]j[0xb2][0x98][0xd9]!F[0x82][0xbc]0[0x13],[0xe2]t[0xd3]#H[0x92][0xcf]p[0x96]c[0x8e][0xa3]&m[0xcb]\[0xb2][0xf][0xcb][0xc5]0[0x97]4Qx[0x9d][0xbb][0xcc]s[\r]Lr[0x80][0x1][0x9a]*.0}[0x99]9[0xab]@[0xe8]2[0xac][0x18][0x1b][0xb9].q[0x13]b~Y[0xb7][0x8c][0x10][0xa5][0x92][0xb8]M[0x91]U/u[0x1b][0x1a][0xa6]40X[0x94][0xf2][0xe4]>I[0x96]2.[0x92][0xa6]R[0xfc][0x8d][0xa7][0x17]LS[0x1b][0xef][0xde][0xdc][0xdf] 5[0x89]5[0x9e]h4[0x91][0x9d][0x16]7s[0xa1]+[0xa9]3[0xa9],[0xcd][0x8b][0xb1]s[0x5][0xd4][0x8]Cv[0x93][0x1]c[0xfd]lAX+[0x1b][\r][0xb][0xf9]Y[0x19][0xfc][0x10][0xbb][0xda]en[0xc6][0x85][0x99][0x90]s[0xca]e[0xdf][0xd5][0x92]a[0xae][0xb][0xc5][0xe1][0xf0][0x6]t0[0x1b]<[0x18]AC^)[0x8e][0xc2]fV[0xe1]B[0x9b][0xec][0xe8]4_hk[\r][0xee]I[0xd1][0x98][0x4][0x99]D[0xc0][0xef][0xa6]\[0x98]gh[0x12][0x4][0xe8][0x9c]{q[0xbd][0x10]0[0x1a]3[[0x1a]9[0xd6][0xe1]b[0xe4][0x2]m[0x1b][0x9e][0x9d][0xcc]*[0xf5][0x99][0xc]^[0xcc][0xc3][0xeb][0xed]S=[0x9d]e$[0x94][0xfd]4[0xa7][0xbe][0x8e]L[0xfc][0xe5][0x94][0xe6][0x10][0xef]~[0xc3][0x7][0xee][0xef]|w[0x93]X[0xe3]IG[0x13][0xd9][0x89][0xf0]][0xbf][0xfb]3[0x1f][0x1f][0xaf][0xa4]9-E[0x8d][0xe5][0x9a][0xb5][0x1b][0xc6][\n]"
05:56:02.502 [main] DEBUG org.apache.http.wire -  >> ":[0xd4][0xd0][0xee][0xc8][0xe6]F[0x8b][0xd9]zj[0x11][0x5]V[0xdf][0xba][0xe6][0xa3]l[0x84][0xb][0xd7][0xef][0xb8] n[0xb5][0xd1][0xb4]0[0xd3][0xfb] [0x8e]Hr[0x82][0xec][0x19]1-[0xd6][0x15][0x12][0xf3]i[0xb7]mh[0xb1]F[0xab]r[0x83][0x10]s[0xc3][0xd8]`[0x84][0xd1]D[0xaa]A[0xb4][0xba][0xa1][0xe3][0x88][0x8a]TC>j\[0xbd]r[0x6][0xba][0x1c][0xe7]p[0xa0][0x1d][0x15]0E[0x9a]*[0xc7]:[0xb5][0xd0]0/[0x9f]>p[0x81][0xeb][0xf1][0xf8][0xf4][0xea]S[0xd7][0xfc]Zn[0x82][0x87]t&[0x97]N[0xa6][0xe][0xcd]-[0x8e]S[0x1a][0xa4][0xc7][0xc7][0xfb][0xc][0x85][0x8a][0x9b][0x9b][0x7];[0xdf][0xed][0x95][0xd8][0xef]?[0xb3]F[0xe3][0x9]G[0x13][0xd9][0x89]p#n[0xfc][0x8e][0xc3]OyT[0xfd][0xfa][0x16][0xa4][0xe4]J[0x2][0x14][0x9]n[0xf3][0xe2]f4[0x12][0xc8]Zn[0xb9][0xe2]Zv[0xb3][0x18]!K[0x1c][0x80][0xe3][0x86][0x90]^Lc[0x9a][0x8c]%[0xbc]0[0xf1]][0xd5]|)[0xe5]T[0x8][\r][0x8d][0x8f][0x91][0xd3][0x92][0x89]Q[0xc5]8[0x88][0x5][0xe4]e [\r]|6D[0xdf][0x2][0x95][0x92][0x84][0xc2]1c&[0x1f]w[0xb1]l t[0xc7]p[0xa8]pU[0x1e][0xc8]D[0xca]J^[0x8f][0x17][0xa1][0x92]Pd[0x8e](+[0xbc][0x1f][0xb9][0xf6]1r[0xc6]3[0xe5]#[0xe7][0x4][0xf5]:![0xe4][0xe8]VI[0xb7]i[0x8a][0xe6][0xf5][0xc8][0x15][0xf9]=[0xb9][0xeb][0xef]n[0xfc][0x9b]9??[0xbf][0xfd]/^[0xfc][0xcf]^[0xb7]F[0xa3][0xd1]Dv*[0x1c][0x1c][0x8b][0xb1][0xc9][0xed][0x14][0xc1][0x90]H[0xb8]Z+gl[0xa4][0x8c][0x89][0xa1]"[0x97][0xde]Z0SI[0x84][0xe4]b[0xb2][0x93][0xfe][0x8]U[0xe]"E[0x18]k[0x84][0x18]sq[0xb5][\n]"
05:56:02.502 [main] DEBUG org.apache.http.wire -  >> "{[\r][0xe5]2w[0x91]ONQ[0x6][0x15]Uf[0xe2][0xda][0xe3]qM[0x92]>ae$[0xb1]T&)NB[0xc6][0x1f][0x84][0x86][0x90][0xa3][0x8f][0xba][0xb2][\n]"
05:56:02.502 [main] DEBUG org.apache.http.wire -  >> "[0xc7]V[0x8]T[0xae][0x89][0xaa][0x1d]c[0xf7][0x8d][0xe9][0xd2][0x99]M[0xa1]K[0xa8][0xa5][0x9a]+F[0x1b][0x91]G[0x8a]8(d[0xc3]O[0x93][0xdf][0x1][0xe]{[0xf4]8[0x17]p[0xeb][0x8e][0xed]H[0xc][0x1d]I[0xa8]b[0xc5]e[0xa9][0xd7]xV{[0xf5][0x4]j[0xed][0x13][0xb6][0xec][0xce][0xec]k?[0xf9]=[0xaf]X[0xa3][0xd1]X[0xd1]Dv"[0xec][0x97][0xb1][0xa7][0xf1][0x1a][0xaa]L[0xbf][0xc6][0x92][0x9c]O5[0xce][0xf][0x7][0xe1]h>*;[0xcd][0xd7][0xa8]![0xe]6[0xf7]r[0xc0];[0xc][0x1e][0x99]xCsa![0x98]L[0xa6][0x99]>[0xb8][0xf3]"[0xd9][0x1][0xa1][0x92][0x8b][0xaa][0xd0][0xc3][0x92][0x89][0xaf]Y[0xbd]Ma[0xc7][0xfa][0x89][0xe5][0x9d][0xcc][0xe3]Y[0x2]V[0xd7][0x85][0xaf]FT2[0xe4]C[0xb9].[0xc][0xf1][0x91][0xaf]x[0xd2]5[0x0][0xec][0x8c][0xfc][0x84][0xf2][0x8a][0xce][0xce][0x9c][0x3]T/G[0xd2][0x1b][0x6][0x19][0xde][0x8a][0xc][0xd3]Eyl:[0xf1]i[0x7][0xd4][0x9c][0xa5][0xea][0xe6][0xcd]E[0x1d]a[0xba][0x9][0xf0][0xba]|[0xf9][0x1e]y[0xb9][0xcc]y[0xe]2[0xbb][0xfb][0x95][0x9f][0xfa]}/Z[0xa3][0xd1] [0x9a][0xc8]N[0x84][0xfd]r[0xff][0xbb][0xc6][0xab][0x98]l[0xe4][0xf9][0x19][0x15]Sl[0xad][0xe0][0x16][0xd2]a[0x1e]a<[0x84][0xec][0xbc]b[0x90][0xb9]A-[0x86]*[0x90](z[0xa4][0xde][0xca][0x8e][0x18]d[0xf0]F[0xd2][0xa5]0[0xad][0xfb][0x14]$[0x93]W [0xc1]*R[0xb6][0xb2][0xb8][[0xcd][0xc9]+W[0x16][0xc8][0xc9]X[0xc][0x9]r[0xa7]$?"
05:56:02.503 [main] DEBUG org.apache.http.wire -  >> "8"[0xf3]O[0x18][0xf3][0x8a][0x18][0x83][0xba][0x8]OC[0xc9][0xf3][0x9e]U[0xac]C[0x19]e[0xa8].[0xad][0xfb]Q.[0xfc]q[0xe]K[0x98][0xc6]TS[0x1f][0x17][0xc5][0x89]8[0xa6][0xd3][0x90]W[0xce]"P[0xe6][0xa7][0xbc][0xee][0x93]:[0xd6]'f[0xeb][0xf9][0x92][0xbc]|&x[0xcf][0xeb][0x90][0xd7][0xf2][0xee]W[0xf2]{[0xee]X[0xa3][0xd1][0x98][0xd0]Dv2[0xf8][0xd3]t[0xe3]a[0xfd][0xce][0xf0][0x99]Q1I>[0x8b][0xdb]l[0xee][0xfa]'[0xdb]z[0xae][0xe9][0x90]&[0xe3][0xf][0x7][0xcc][0x11][0xcc]$r8[0xb7][0xd2][0xf0])[0xa4]6[0x1d][0xc7]E?[0x5][0x16][0xfa]$[0xcf][0x98][0x15][0x84][0x86][0xc9]|b-[0x83][0x14][0xab][0xed][0x99][0xdf]CXopz:[0x4]I[0xa0][0x15]2[0xa4][0xb]b[0x9c]@[0xd5]T[0x17][0xdf][0x8c]x*[0x86][0x1f]W[0x9]v[0xf5])|i[0x6]K[0xe6][0xa3][0xc6][0xf5]FG|[0x8f][0xcd]3<[0xa5]h[0x9b]bKk[0xd5][0xb4][0xfc][0xb]t[0x17][0xb3][0xac][0xf3][0xb4]gF[0x15]X[0xe7]k[0x1c][0xc5][0xa0][0x8a][\r][0xe7][0xcf][0x92][\n]"
05:56:02.503 [main] DEBUG org.apache.http.wire -  >> "[0xdc][0xa8][0xac][0xdb][0xbf][0xd8]$[0xd6]h\[0x8c]&[0xb2][0xd3][0xe1][0xdb][0x8f][0x9e][0x1e]lh[0xa6][0xe][0x16][0x82][0x10]3a[0x89]2f[0xc][0x9b][0xb6][0xe1][0xd6][0xde][0x86][0xfa][0xb1][0xaa][0x93][0xca]E1[0xc7]O[0xf5][0xb1]*[0x4][0xde][0xed]3[0xac]&y43[0xa8]1[0x9b]m[0xfb]!la[0xf2][0x8c]4O[0x15][0xe6][0xa2][0x4][0xfd]=[0xdc][0x10][0xeb][0x19][0xee]@[0x8a][0x1c][0x8b][0xcf]#[0xb3][0x9a][0x1b][0xf2]b[0xa6][0xe1][0xca]@2o[0xec]WQ;[0x9c]j[0x80][0xc][0xad][0xf4][0x99][\n]"
05:56:02.503 [main] DEBUG org.apache.http.wire -  >> "[0xb2][0xd9][0xda][0xcf]|[0xd3][0x18]k\iW[0x12][0x91][0xeb]W[0xe2][0xac][0xee]>[0x92][0xec]bRd6[0xeb][0xab][0xf5][0xfe][0xa3][0xe6][0xa9]cy[0xe6][0xc9][0xa8][0x94]S*[0xca][0xde][0xce][0xdf])Hq[0x17][0xaf]~[0xe5]'[0xbe][0xe7][0x5]k4[0x1a][0x17][0xa2][0x89][0xec][0x4]8X[0xef]G[0x97][0x8a][\r]!Y[0x88]:[0xd1][0x90]][0xa9][0x92][0xb1][0xce]M[0x81]8[0xe3]B7[0xb9][0xd9][0xaa][0xf6],[0x98]"Z[0xb4][0xd8]60[0x7][0xc7]b[0x99][0x93][0x99][0xc2]]z([0xcf][0xd4]Y[0xaa]"[0xba][0x16]c8[0xb][0xc9]/[0x95][0x9b][0xab]\N[0xcd][0xf5]B[0xa0]uUN?[0xa4][0xe8]{[0x10][0xb7][0x17]?[0xcb]^[0xd5][0x96][0xca][0xbc][0xdc]![0xf8]N[0x6]7[0x18]+[0xdc]&[0x9]([0x8a][0x16][0xa7]%[0xea]Ih[0xdb][0xcc]f?[0x86][0x1f][0x9f][0x96][0x9b][0xcd][0xb9]NU[0xab][0xe3][0x17][0x14][0xf3][0x1e]i[0x96][0xc4][0xa7]![0xc9][0xd2]IyK[0xb1]z[0xbc][0xfe][0x9b][0xdf][0xf6][0x1b][0xb7][0xad][0xd1]h[0xbc]'[0x9a][0xc8]N[0x80][0x83][0xf5]>[0x17]S[0xb][0xca][0x0]([0xa0][0xf9]V[0x9f][0xb]u[0xa4][0x5][0xcf][0xf1]8[0x95][0x8d][0xda][0xc1][0x1d]}n;[0x16][0xff]2mX[0xd6][0xa5]q#[0xf5]=pL,[0x98][0x93]'b[0xfc]@2[0xb]*eR[0x89]c[0xa5][0x85]2a[0xb8][0x92][0xb9][0xbb]:[0xce]E[0xc0][0x96][0x8][0xb7][0x89];2[0x89]*[0xcf]K[0xaf][0x89]0[0x6]ssQ[0xa4][0xbf][0x81][0xdb][0x14][0x9e][0xd5]s[0xc4][0xe5][0xc8][0x91][0x6][0xf1][0xe6][0xd5][0x8c]I9[0xc6][0xc4]RQa[0xcf][0x89][0x9e][0xdc]J[0xa9][0x9a][0xde]\@[0x8d][0xcd][0xf3][0xa2][0x12]E[0xd4][0xb0][0xde][0xc8][0xc1]p[0xd6]gq[0x1e][0xcf]?x[0xf1][0xf9][0xee][0x9f][0xd8]h|[0x3]4[0x91][0x9d][0x0][0xe7]q[0xfe][0xc][\r][0x11][0x15][0x9]$[0x89]H[0x84][0x8e][0xe1][0xb5]l[0xfe][0xeb][0xbb][0x80][0xf5][0xdb]+[0x9]CuA[0xd6][0xb1][0xfc][0xce][0xd0][0x81][0xc2][0x8b][0x10][0x2]F[0x12]3[0xad][0xdd][0xaa][0xd4]S[0xd9][0xcd]g7[0xa5][0x1b][0x1f][0xba])[0xc7][0xf3][0x89]D=m[0x9]Ny[0x14][0x94]g;[0x6]'[0xcb]l[0x12][0xa8][0xa3]B[0xbe]+&[0xc2]r[0x8b][0xca][0xb0][0xd1]E[0xb9]q[0xfd][0x91]O[0xeb]3[0x84][0x10][0xcd][0x8c][0xc7][0xa8][0xb][0x94]![0xd6]"[0xb4][0xd9]}hU[0x2][0xc1]h[0xe5]\[0xfc][0xed][0xd9][0xdd]C~[0xf]Y[0x6][0x10][0xa6][0xdd]XlV[0xb7]t[0x83][0xea]/h(2[0x87][0x9a]S[0x5]+e[0x0][0xfb][0xad][0xde][0xdc][0x93][0xd8][0xad][0xaf][0xfe][0xb9].xn4~;4[0x91][0x9d][0x4][0xcb][0xb7]g3[0xda]P[0x1e][0xa2][0xa1]"[0xc0]f[0x12]r"[0xb4]N[0xd7][0x90][0x13][0x1b][0xa1][0xc2][0x8a][0xf4][0xe5][0xd7][0x1e]07[0x98][0x99][0xfc][0x89]I[0xa1][0xcc][0xe3][0xb]9[0x84][0x6]5[0xc7][0xb1][0x19][0x9a][0xe3]q[0x86]QB[0xf6]7[0xdd]c[0x8b][0xd0]L[0x1b][0xcc][0x14]^!>[0x12][0x14][0x8c]+R[0xc][0x1d]f[0x13][0xd1][0x8c][0xcd][0xc7])[0x15][0xd9])[0xb7]e[0xe8][0x94][0xc6][0x11][0xbd]6[0x86][0x90][0xee][0xfe][0xe3]]}_[0xbf][0x8e]"*[0xe6][0xfb][0xca].[0xcf][0xb0][0xf0]&[0xc6]8[0x95][0x1e][0xe4][0x8d][0x84]c[0xda]sx[0x14][0x8e]S[0x9b]u[0x9a]G[0xda]Q[0xb3][0xd0]}[0xfd][0xec][0xd7]n[0xc4][0xf2][0xfd]Mb[0x8d][0xc6][0xfb]C[0x13][0xd9][0x9][0xb0]_[0xdc]>[0xca][0x97]z[0x1e][0xf5][0xa1]4[0xfe][0xdd][0xec];[0x88]h2[0xef][0x8d][0xed][0xdc][0xea][0xd9]\[0x12];[0xb]W)[0x82]1[0xd3][0xa0]G[0x5][0xa6]v[0xef][0x1c]P[0x94][0x85][0xec][0xcc]p[0x1a]cf[0xee]R[0x93]FE[0x82][0xbd][0xdd]Ja[0x18]Z:[0xaa][0xa3]0$L[0xe9][0xf4]iLD[0xa8]$[0x12]3[0xb9]KX/[0x18][0xf1][0xcc][0x1]$d[0x9a]*n[0xbe][0x98]P[0x83]f[0x13][0xdb]$1K[\r][0xdd][0xf4][0xbb][0xc8][0x10]*[0xeb][0xcf]t[0xa6][0x1a][0xae][0x14][0xe3]LY2[0xa7]mqH*\[0x92][0xb4]le[0x87][0xff]S[0xc6][0x8f]}[0xf9][0xcf]t[0xd7][0x8e]F[0xe3][0xfd][0xa2][0x89][0xec][0x4][0xd8][0xaf]WO3![0x16]e[0xf6][0xcb]os[0xdd][0x1b][0xb][0xe5][0x91]u=[0xf3]N[0xec][0xb7][0x87][0x10][0xa1][0x4][0xe0][0xc][0xea]NZ=[0xe9][0xad][0xff][0xba]\[0xaa]1[0xc3][0xac]j[0xbe]2[0x9e][0x9][0x17]$U[0x81][0x1b][0xc][0x19][0xa2][0x9c]0-[0xb7][0x92]W#lW[0xcf][0x0][0x9b][0xac]~[0x9b]Ez&[0xeb]`X[0xd0]k[0xaa][0xb2][0x89][0xb0][0xb6][0x16]l[0xf1]C[0x1c]`X?K[0x81]![0xaf][0x96]b[0x8f]B2[0x15][0x19]r{[0x98][0x15][0xcc]/y[0x1c])8[0xe7]%[0xbc][0xa0]n[0xc2]LB[0xb2][0xb3]3rm[0x11][0x6][0xd3][\r][0xfc][0xf8]![0xe1]L[0x93][0xdc][0xe2]d0Y[0x1d]w[0xbe][0xfc]g~[0xff]=k4[0x1a][0xef][0x1b]Md'[0xc0]~q[0xfa][0xe8]Xl[0xfd][0xc8][0x0][0xe1]TV1G[0xc9][0xd6][0x1d]3[0x85]2[0xa5]l[0xc2][0x8d][0xb6]z[0x9b]U@$[0x91]x[0xa9][0x1f][0xec]7i4[0xb1][0xb][0xe2][(?[0x84][0xf4][0x10][0x12],/[0x82][0xd0][0xf][0x15]S[0xa9]$5[0x8e][0xcc]a[0xc6][\n]"
05:56:02.503 [main] DEBUG org.apache.http.wire -  >> "S[0x8e]m|[0xcb]g[0x16][0xd4]V[0xe0]4[0x9f][0x19][0xb][0xe]IGX[0xf]EwT[0x96][0xd2][0x82][0xcb][0xa8]y[0x6]Q[0x4][0xc3][0x85]u[0xcc]M[0xd3][0xe0]dC[0x9d]-[0xe6][0x8c][0xeb]Ti[0xc9]c[0x4]Sa1[0xed][0x93]C[0x80]U[0xeb][0xfa]Q({[0x91][0xa2][0xad])[0xc3];[0xfb]p[0xe2]]k4[0x1a][0xdf][0x14][0x9a][0xc8]N[0x83][0xa7][0xb9][0x18]'[0xf4]>|[0xbc]wa[0x9a][0xfa][0xe][0xf9][0x1e][0xdb][0x18][0x1d]h[0x14][0xe0]x[0xa5][0xe][0xc2][0xd4][0xda]nL?%a[0xda][0x14][0x6]3[0x9f][0x1d][0x91][0xda]_[0x11]r"J[0xed]l[0xc3]u5'-&[0xe][0x9][0xaf]q0'[0x8f]{[0x1d][0xcc]LC[0xa6][0xb9]A[0x84][0x1c]>U[0xcd]$c[0xab][0xee][0x8b]i([0xd7][0xba]3Q[0x9c][0xb9][0xbd]*[0xd2][0x12]~k /[0xc0][0xbd][0x8b];[{M[0xfb][0xcd][0x11][0xc2][0x90][0xb9][0xd7]|2[0xcc]j[0x9b][0xfc]#[0xd2][0xa0]&[0xd1]Frj[0x85]W[0xf7][0xff][^[0xf9][0x95]&[0xb1]F[0xe3][0x3][0xa1][0x89][0xec]$[0xf0][0xdf][0xa1][0x8b][0xb3][0xae][0x8c][0x83][0x1c][0x84]x[0xcc][0xd4][0x92]O[0xe2][0x88][0x8a][0xc3]qG[0x97][0xef][0x8c][0xb5]b[0x12][0xda][0xf3][0x91][0xff][0xc9]TL[0x8][0xdb]Q[0x95][0xb9][0xcd]a1[0xbc]^[0x86][0xfa][0x9][0x17][0x85]5[0x85][0xea][0xf2][0xc0]8[0x87]"[0x80][0x91]c[[0x16]w[0xb3][0xad][0xc2][0xc9][0x1][0xca][0x0]2[0xb4]P[0x94][0x93]"$l[0x87][0xfc][0x1a][0xc2][0x9d][0x91][0xb1]7[0xa3]c2J[0xa9][0x81]D\[0xbd][0x18][0xa1]yD[0xdf][0xfe][0x2]<[0x13][0x8d][0x96]M>B[0x9]8[0xa7][0xe8][0xf3][0xfd]EL[0xb5]{[0x9c][0xcb]0a.Yb[0xa1]'[0x8d]2[0x5]:6yU[0x8a][0xa0][0xf7][0x9f][0xbd][0xf5][0x1b][0xff][0xd6]o[0xde][0xb6]F[0xa3][0xf1][0x81][0xd0]Dv[0x2][0xec][0xd7][0xab]4{[0x94][0xe9][0xa1][0xc8][0x1][0xeb]+Z)U[0xf][0xa6][\n]"
05:56:02.503 [main] DEBUG org.apache.http.wire -  >> "[0xe3][0xd5][0x82]:"o>Y[0xe5][0x8b][0xcf]*_[0x93][0xc]aTG[0x1e][0xda][0x17]J[0xe6]&[0xfd][0x17][0xc7][0x7][0xd8][0x7]y39[0xf0]&[0x1f][0xe4][[0xf1]6[0xce][0xb1][0xf2]?[0xba]I[0x85][0x3][0x19][0xfe][0xcb]/F[0xd7]z([0xb1][0xb9][0xb]GX[0xa9]AH[0xaf][0x89]M[0x1d]nL[0xb9]l[0xe3]4[0xe2][0xa2]:[0xb6][0xa8]k[0x19]![0x99][0xc6][0xc9][0xc1][0x18][0xf3]![0xac]T$[0x94][0xa3][0xc4][0x7][0xd1][0xf][0xd2][0xf5]z[0xe6][0xc6][0xe]Ei[0x92][0xbf][0xc4][0x99][0xa0]L[0xe1]lgo[0xdf][0xea]Z[0xb1]F[0xe3][0x83][0xa3][0x89][0xec][0x11][0xe3][0xe3]7?[0xf3][0xd1]L[0xd2][0x84][0x1d][0x85][0x9e][0x10][0xb7]3[0xd3][0xae][0x1f]h%e0[0x1a]8[0xdc][0xe9][0xf9]GC[0x81][0xb5][0xc6]s[0xf9][0xb4]L[0xca][0x18]Ic^[0x86]M[0xf2]k.n[0xbd]T[0xb]nS^[0xac][0xb4]blsk[0xd4][0x8d]n6[0x15]\#[0xf4]'|c,`6[0xe4][0xca][0xa0]2k[0xac]"s[0x9b][0xf2][[0xc5][0x0][0xae]g[0xc9]W[0xc9][0x12][0x1b][0xfd][0x97]<[0x9c][0xe1]J[0x8f]y?L[[0xce][0xc2][0x8b]TW[0xc3]FHL[0xb0].[0x8][0xa4][0x1c][0xaf][0x1][0xc4][0x1a][0x14][0xd7].[0xc8][0x8b]%[0xf]G[0x81][0xfb]z[0x80][0x9a][0xf6][0xfe][0xed]y<[0xff][0xd5]?[0xf7][0xfc][0x99]5[0x1a][0x8d][0xf][0x8c]&[0xb2]G[0x8c][0xdf][0xfa]-[[0xd5][0xd8]PRL[0x1][0xcd].</G[0x1b][0x92]R[0xd9][0xf5]}[0xac][0x9d][0xa9][0xac][0xc8]C[0x96]d[0xa6][0xe1]BSR[0xaa][0xb5]2[0xbf][0xd1][0xd0][0xe1][0x91][0xf2][0xb1]*[0x94]6[0x86][0xca]8[0x9d],[0xaa][0xbe][0x80][0x84]MYH[0xd5]O[0x8e][0xbc][0xa0]bl[0xd2][0x80][0xc2][0x7][0xac][0xeb][0xaa]T[0x14][0x9c][0x90]c[0xbb]|[0xad][0xf3]E[0x17]C[0x87][0xa0]9[0xfc][0xb5]s[0x11][0x9b]$[0xdb]d[0x9a][0xe9][0x9a]H[\r][0xdc][0xca][0x92][0xc3]a[0xa8][0xd7]a[0xa8][0xad]A[0xba][0xda][0xa1]xK[0x95][0xbe][0xb9][0x9d]p9n[0xe0][0xd7]]{T[0xc3]f[0xfc][0x92][0xf][0x7]y[0xe1][0xcb][0xff][0xe7][0xf7][0xb6][0xcd][0xbe][0xd1][0xf8][0x16][0xd1]D[0xf6][0x88][0xb1],{"c[0xbd]P%g[0xb0][0xbc]1eb|[0xa1][0xf2][0xa8][0x4][0x96]l6?6[0xc5][0xcc]7zln h[0xc6][0xfa][0xb1])[0xcd][0xa6][0xcf]5[0x3]y[0x1a][0xe6][0xe9]6[0xb9][0xef]P[0xb0]<=B[0x6][0xe4][0xa7][0x8a][0xc9][0xa6]1#$[0x96][0xe6][0xe8][0xce][0x91]a[0xbf][0x9a]][0xcd][0xcf][0x18][0xce][0x9c][0xe1]b[0xea][0xc0][0xc3]&[0xa3][0xaa][0xab][0x95][0xb2][0x9d]j4BXD[0x15]([0xe];[0x93][0xdf] [0x19]5[0x8a]h[0x8][0xf4]b[0xa7][0xa1][0x95][0xe1]$][0x9f]T[0x96]9O[0xbe][0xf][0x17][0xe7][0xc7]z[0xed][0xee]|[0xe5][0xa7][0xff][0x8b]~[0xae]X[0xa3][0xf1][0x10][0xd0]D[0xf6][0x88][0xb1][0xec][0xf6]D[0x86][0xc5][0xde]lRU[0x95][0x16][0xc2][0xe2][0xbb][0xe4][0xc3][0xbb][0xe][[0xa4][\n]"
05:56:02.503 [main] DEBUG org.apache.http.wire -  >> "I[0xd9][0xe1]j[0xd0][0xa8]R[0xa4]u,[0x11][0x1c]V[0xb5]K[0xb]V`[0xee][0xc7][0xcd][0x98]T+q[0x92]f[0x8d][0x98][0x94][0x1a][0xc][0x90][0xfb][0xb1][0xaa]T,I[0xb9]|[0xf9]TL$"_p<*[0x1c][0x9b]C[0x96]tR[0xba]+[\r][0x15]_[0xe1]<8C[0xc8][0xc5]@T[0x8e]'j [0x8a][0xba][0xea]T[0xb4][0x8e][0xf8][0xe4][0x94][0x17][0xc][0x9][0x8][0x6]\2P[0xa1][0x15]j[\r]q[0xe0][0x80][0xb4][0x86]P[0xe3]50^cS[0x2][0xce][0x12][0x9]y=[0xc]=[0x96][0xb3][0xb7]W[0xe5][0xa7][0xbf][0xf7][0xae]5[0x1a][0x8d][0x87][0x82]&[0xb2][0x13]![0xb8][\n]"
05:56:02.503 [main] DEBUG org.apache.http.wire -  >> "[0xae][0xef][0x98]+[0xca]o[0xb1][0x95][0x8b][0xec][0x1a][0xef]%[0x9f][0xa5]c[0xa9]'D[0xa3]z[0xe8][0xba][0x81]5[0x13][\n]"
05:56:02.503 [main] DEBUG org.apache.http.wire -  >> "0[0xb7][0xc]O[0xab][0xf8][0x1c]^t[0x11][0x1c][0xe2][0xca]c[0xb][0xc4][0xf0][0xea]j[0x1][0xa1]2[0xd4][0x16]%[0xa1][0xcf][0xc][0x98][0x83][0xad]17*[0x11][0xf6][0xf1][0x90][0xa0]d[0xe0][0x4][0x86][0xca][0xdb][0x8d]g][0x86][0xba][0x15]-[0xf3][0x86]u~,[0xea][0xa6][0xc0][0x13][0xbe]JZ[0x19]9F[0x14][0xe9][0x99]^[0xef]1[0x9e][0xde]ST[0xad][0x9a][0x9c][0x83]<[0xfb][0xc][0xc7]S[0xb9]i[0x19]Qu[0xf9][0x95]E[0x1d]7[0xe7]0i[0xee]u.g[0xbf][0xf1]o[0xfd][0xb6]5[0x1a][0x8d][0x87][0x86]&[0xb2]G[0x8c][0xfd]:[0xf6][0xd1])[0x92][0x16][0x1e]SZ[0xab][0xd4][0xc4][0xac][0x86][0xbc]V_[0xab]8d[0xb1][0x80].[0xb9]S[0xb6][0xc6]K}[0xa5][0xf9][0xa0][0xd6]l![0xc6]T[0x15]lP[0xcc][0x80][0x9b]rf)[0xf][0xaf][0xc2]b[0xc3][0x83])G[0x9e][0x8a]n[0xbf]"[0x8b]I[0xe9][0xc9][0xcc]xVp0[0x8e][0xb9][0x1d][0xd8][0x8b][0xe7]x[0xf8][0xb3]x[0x99]$R[0x89][0xc6][0xe6][0xfc]x[0xda]^[0xc6][0x93][0xc1]h[0x19][0x1e][0xcc]k[0xe]Ak[0xea][0xce]L3F)[0xa9][0x8d][0xfa][0x9a]9[0xce][0xec][0xa8][0xc6][0xdb])%+[0xdf][0xe9]kN[0x90]F[0x17]n[0x9b]'<[0xcc];g[0xf1][0x94][0xdd]l[0x87]b[0xa3][0xf1]p[0xd1]D[0xf6][0x88]q[0x1e][0x86]>[0x8b]c[0x95][0xcb];[0xff]Z+[0xa1]&j[0x11][0xe4][0xf6]c[0xa7]ZOM[0xba],[0xef][0x9e]y'F[0xd2][0xf0][0xd6][0x8b]X8[0xc8][0xb4]('[0xe1])S[0x98][0xcd][0x9b][0xe8][0xaa][0x9c][\n]"
05:56:02.503 [main] DEBUG org.apache.http.wire -  >> "i([0xb8][0x88]b*[0xc9][0xd7][0xb9][0xcd][0x16]z[0x84][0x10][0xe1][0xdc][0xb4][0x8c]Y[0x8e]ygR*[0xe3][0x85][0xce]Pe[0x12]d[0xcc][0x13]S[0xa6][0xcd][0x93]-U[\n]"
05:56:02.503 [main] DEBUG org.apache.http.wire -  >> "B[0xc9]I[0x8a][0xd1]sc[0x8a]A>+I[0xfe][0xb0][0xdd]>[0x97][0x89][0xd2]5+C[0x8][0xc5]][0x9e]S[0x12];[0x1e][0x14]z[0xb8])Y[0xe8]B[0xd9]^3[0x86]*[0xf][0x3]/c[0xec][0xe7][0xbf][0xf2]S[0xdf][0xfb][0x96]5[0x1a][0x8d][0x87][0x8a]&[0xb2][0x13]!-[0xe5]\kG+)[0xb7]m[0xb4]j[0xe]"B[0xe1]h[0x6]F][0x85]nb<X[0x1f][0xf9][0xc2][0x94][0x9a]1[0xba][0x88][0xb0][0x9e]m[0x8][0x86]RD[0x1b][0x7][0x83]Q[0x8c]9*mn[0xc1][0xde][0x81][0x8e][0x85][0x1c][0x9b][0x6][\n]"
05:56:02.503 [main] DEBUG org.apache.http.wire -  >> "Y[0xcd]%l[0x99][0xdc][0x4]'f^[0x2][0x88]([0x9b][0xe2]w8[0x8e][0xa9]][0x9e][0x2]N[0xaf]V[0x15]D[0xdb][0x11][0x8d]X[0x88][0xa9][0x3][0x1f][0xd8]|M[0xc3]x[0x8d]\[0xef][0x9][0x8a][0xd5]y[0xd2][0x96]7 A[0xb7][0x8e]e[0x98]6.RkI[0xdc]<[0xcf][0xfd]n[0xbb][0xf0];[0xed]Pl4[0x1e][\r][0x9a][0xc8]N[0x0][0xe4]|&[0xeb]w[0x9a][\n]"
05:56:02.503 [main] DEBUG org.apache.http.wire -  >> "[0xc6]w[0x12][0x8d][0xda][0x90][0x19][0x1a][0xda][0x8e][0xf5][0xb5]v7[0xe6][0xc1][0x96]b2[0xe6][0x9a][0xb8]3[0xd2]a[0xd9][0xb1][0x8][0xe3][0xd0][0x8e])[0x10]b[0xb3]-[0xca][0x3]/#[0xc7]-"H?}[0xb0][0x1e][0xac]j[0xa5]v[0x19]~[0xc4][0xfc],[0x15]b[0xc5]F[0x8b][0x84]9[0xa5][0xc8]^[0x8b]#[0xad][0x4]"[0xce][0xbc][0xd8]|[0xcd]D[0xe8][0xac]O[0xbf]vt[0xc6]0[0x97]0([0xa4][0xdd]x!s[0xc1]u[0x82]Y[0x85]'[0xbf][0xc9][0xa3]M[0xaa][0xb2][0x92]ou[0xdf][0x11][0xfc]] [0x84]I[0x97][0xbf][0xc3][\r][\n]"
05:56:02.503 [main] DEBUG org.apache.http.wire -  >> "[0xa2][G~[0xe9]W[0xfe][0xaf]6w4[0x1a][0x8f][\n]"
05:56:02.503 [main] DEBUG org.apache.http.wire -  >> "Md'[0x0][0xc][0x1][0xa5]H@[0x10]f[0xd3]"[0x9b][\n]"
05:56:02.504 [main] DEBUG org.apache.http.wire -  >> "[0x85]*#[0xb4][0x83][0xba]Y[0xd9][0xf8][0xa1]V[0xe][0xef]w[0x83][0x0][0xc6][0xe]<`[0xed]2[0xc4]L[0xb1][0x1b][0x8a][0x95]w[0xa3][0xee]wqW[0x82][0x1c][0xdd][0xf9][0xb5]7!G[0x97][0x7]q[0xe2][0x8b][0xdc][0xb]9[0xae][0x9a][0xdf][0xac]jBBu[0x13]Q[0x8f]/AZ[0x99][0xbb]+[0xc5][0xc9][0x9a][0xac][0xaa]s[0xab]4[0xd7][0x8e][0xb3][0x8]^2[0xd6][0x80]I|[0xd4]g[0xc5][0xc6]K[0xe4][0xd3]U[0xbf][0x10]`([0xd3][0x9a]1[0xf][0xc6] }[0xb3]{[0x85]4M[0x8a][0xa1][0xcf][0xbe][0xfc]3[0xe0]S[0xd6]h4[0x1e][0x19][0x9a][0xc8]N[0x4][0xe1][0x83]Z[0x8c][0xb9][0xbc]gx[0xcd][0x8f][0xf2]>d 1[0x15][0xc][0x12]s[0xa7]"[\n]"
05:56:02.504 [main] DEBUG org.apache.http.wire -  >> ",[0xdb]X[0x9b][0xcb]>.[0xe]G[0x15]UBkfS[0x1d][0x1a]#[0x8b] [+[0xf2]B[0xe8]S[0x9d][0x17][0x8e]>[0x85]3[0x1d][0x7][0x3]{[0xcc][0xdb]a|[0xb7][0xd9]<[0xe1][0xdb]\X[0xce]][0xdf][0xa3][0xd0][0xa5][0xa9][0x9b][0x10][0xf5]\[0x6][0xa5][0x86][0x99][0xd4]6eR[0x91])[0x94]&f[0xc2][0xb0][0x1c][0xa4][0xee]4[0x8e][0x84]Y[0x94][0x92][0x8d][0x8a]>[0x1a][0xdb]R[0xe2]f`=[0x87][0xb3][0x9d][0xdd][0xb8]i[0x8d]F[0xe3][0x91][0xa2][0x89][0xec][0x84][0xd0][0xfe]Jz[0x17]Ok;[0x1c][0x10][0xfa][0xf8]-[0xaf][0x87]j&=I[0xce]k([0x16][0xf7]Md[0x90]dY[0xf][0x94][0x9e]ck[0x1a][0x82][0xc]1{[0xc][0x7]e[0xe5][0x8b]R[0xd9][0x89][0xe7]R[0x8]S-[0x89][0x94][0x80]X[0xec][0x1d]ulGr[0xe7][0xa0][0xa4]vU8lB2x[0x9c][\r][0xea][0xda]bf[0xdc][0xb2][0x1a][0xea][0xc7]Qs/f1[0x8c]7[0x9]/X[0xf5][0xed]([0xe1]f[0x15][\n]"
05:56:02.504 [main] DEBUG org.apache.http.wire -  >> "EX1[0x1d][0x9a][0x96]7[0xb]u[0xf1]&M[0x9]}[0xc8]{[0x10][0xa3]J4;[0xbf][0xf1][0xfc]W~[0xa6][0xcd][0x1d][0x8d][0xc6][0xa3]F[0x13][0xd9]#[0xc7][0xce][0xa6][0xfc][0x8b][0xfc][0x4]q[0xac][0xaf][0x18][0xaf][0x8b][0x89]t[0x1c];[0x14][0xbb][0x88][0x12]q[0xd3][0xe] [0xcc][0xc5][0xc9][0xb6]X[0xdd][0xb7]tR[0x8e][0xc6][0x1a][0x13][0x9d][0xe0]1[0x9e][0xa5][0x0][0xb1][0xd9]Q[0xc1][0xc1]m[\n]"
05:56:02.504 [main] DEBUG org.apache.http.wire -  >> "[0x18][0xe][0xce][0x90]<[0x12][0xa6][0x8e][0xe3][0x99][0x18]%[0xc0]K[0xa6][0xa1]TUn[0xec][0x1a][0xcf]][0xc2][0xd1][0xff][0x10]l#[0xd7][0xcd][0x10]r[0x8d]dAQO[0x98]$[0xa5][0xd9][0xc5][0xc8]'[0x82]q[0xac]q)[0x1d][0xb7][0x1d],[0x91][0xa8][0xeb]7[0xed];[0xce]([0xcf]e[0xbd][0x8]w[0xbe]|[0xaf][0xcd][0x1d][0x8d][0xc6])[0xd0]D[0xf6][0xc8][0xb1][0xe4][0xa2][[0xfd][0xb]k[0x11]Fh[0x8e][0xe4][0x13]#[0xd4][0x86]<Q[0xd5]kY[0xda][0xed]][0xf2]F[0xc2]+\>[0x91][0xa7]1[0x84]+[0x8f][0xc3]ra4[0x99][0x14][0x92]g x(@[0x84]'[0xc2][0xf8]Ph9.[0xf6]w?[0xca]C[0xd5]\[0x18][0xf9][0xbb][0x80][0x8][0xd6][0xe7][0x9f]8[0x8][0x13]j[0x88][0xa1]S3[0x9b][0x92]Q[0xae][0xba]+4[0xf9][0xb7][0x9][0x98][0x82]]%[0x94]I{[0xa2][0xc3][0xdc][0x99]g[0xb]5[0xa7][0xd7][0xdb][0xf0][0xc8][0x96][0xca][0x89][0xd5][0xf5][0xc][0x86](9[0x8f],[0x84][0x1e][0x97][0xec][0xde]?[0xff][0xbf][0xff][0xc0]]k4[0x1a]'A[0x13][0xd9]#[0xc6][\r]3:[0xe1][0x9c][0x9e][0xf3][0x8d][0xa8][0xd9][0xb4]W*[0xa7][0x1d];q[0xd8][0xdc][0x17][0x11]QFF[0xb9][0xb0][0xd2][0xfb]XL[0xd1][0x89][0xc3]2[0x1f][0x84][0x90]][0x1e]43r[0x10]H[0x19][0xb6][0xcc][0x9d]-[0x17]|32[0x89][\r][0xd2][0xe5][0x4]j$[0xbf]H[0x5][0x1a][0xce]Y[0x98]-9[0x2][0xcf][0xf][0xb3]r[0xf8][0xed][0xff][0xde][0x99][0xd4]y[0x95][0xcb][0xd0][0xcb]#h[0x90]eyXSn[0xd3]i[0xb9][0xb2]e[0x9a]kV%'[\n]"
05:56:02.504 [main] DEBUG org.apache.http.wire -  >> "[\n]"
05:56:02.504 [main] DEBUG org.apache.http.wire -  >> "l[0xed]u[0xb6][0xe][0x12][0xb2][0xf9][0x80][0xe3][0x84]bV[0xd1]!c[0x9b][0xaa][0xc9]q[0xf0][0xb3]_[0xdf][0x9d][0xbf]`[0x8d]F[0xe3]dh";[0x1][0xd6][0x87]L[0xaa]C[0x2][0xeb][0xe5]h[0xc6][0xb4]i[0xb2][0xee][0xaa]h[0xbc][0xc2]p;[0xe6][0x8d][0xaa][0xa0]w[0xd2]T!=[0x9b]rw[0xc6][0xbc]2_Dy5[0xbe][0xcf]z[0xb6]4' [0xad][0x96],[0x93][0xcc][0x3][0xfb][0x4]:"
05:56:02.504 [main] DEBUG org.apache.http.wire -  >> "[0x86][0x4]8[0xa7]j[0xd9](5u6B[0x1c]<n[0x18]k[0xbf][0x18][0xc3]\[0xe7]U[0xca][0x87][0x17])65[0xda][0xb8]t e[0x86]DS[0xc5][0xe5][0x1d][0x81]n[0xf][0x87]}Z[0xe0]+[0x90][0xba]n[0xb7][0xc4][0xd6][0xfc]2\[0x91][0xc8]9V[0xe][0x91][0xca][0xd9][0xf4]{[0x9c]O)[0xcb][0xfd][0xfb][0x7][0xef][0xc4][0xee][0xd6][0x83]{[0xdd][0xb9][0xa3][0xd1]8%[0x9a][0xc8][0x1e]1[0xce][0xcd][0xac]Z[0xc][0xae]Po9[0x9e]Z2[0xaf][0xa8]cY[0x8f][0xd8]I[0x14]m]x[0x8d][0xab]3j[0xbb]j5[0xc6]B[0xb][0x8f][0xfc][0x18][0xb4][0xf2]L1[0x94][0x8f]MG[0xca][0x85][0xb9][0xec][0xed][0xc6][0xbc][0x9b][0xdb][0xfc]\[0xb1][0xcc][0x19]9[0xdb]R[0x19][0x8f][0xeb][0xce]n[0x1a] [0xd8][0xdc][0x4][0x9d]L0s3[0x89](r^8[0x3][0x86]T[0xab]'[0xe4][0xc8][0xbb]M[0xe2](_[0xba][0xa8][0xc4][0x98][0xc6]fY[0x83][0xd7]Q[0xf3][0xc2][0xd0]J[0xef][0xa6][0xb9][0xc0]:[0xed][0xc0][0xef][0x8b]_[0xce]B6[0xb2])[0xc9][0x94][0x9f]Dh7v/|[0xf5]^?[[0xac][0xd1]85[0x9a][0xc8]N[0x84][0xf9]![0x93][0xf9]#[0xcc][0xaa][0x18]8[0xf8]Y[0x8a][0x8c]4[0x92][0xe7][0xa2]n;[0xaa][0x4]t[0xdb][0x0]y[0x99][0xb1]>y}[0xa8][0xa3][0xd9][0x86][0x18]M[0xc9]R[0xbf][0x12][0x2][0x1b][0x1f]M[0x1]AI[0x9a][0xa1][0xce][0x8b][0xd1]L[0x9a]76n[0xc5][0x9c][\r]rE[0xd3][0xb3][0xc0][0x92][0xa1]Kf[0x9a][0xc7]$T[0xf3]X[0x91]QN[0x12][0xf][0xb3][0x81][0x1]Ed[0x95]=s[0xa3][0x92][0x9c][0x2][0x8d]rN[0x93]m[0xdf]$[0xca][0xe8][0xa1][0xa5][\n]"
05:56:02.504 [main] DEBUG org.apache.http.wire -  >> "d[0xd7][0xad]![0x84]D[0x8b]M[0xf2]b[0x87][0xfe]Jw[0x9f][0xfd]g[0xf7][0x9e][0xbf]g[0x8d]F[0xe3][0xe4]h"{[0xc4][0xd8]_[0xe0]3[0xbc][0x9e]][0x8b][0xe5][0xb0][0x83][\n]"
05:56:02.504 [main] DEBUG org.apache.http.wire -  >> "[0xd9][0xc6][0xba][0xb2]k[0x4]C[0x88]U[0xad]%&[0x87][0xd4][0x1d][0xc8][0xbf]9[0xfa]62|[0xa9]9[0x1c][0x84]0=[0xb6][0xc5][0xd5][0x1c][0xcb][0xb7]]0[0x92]'[0x82][0xe2][0x90][\n]"
05:56:02.504 [main] DEBUG org.apache.http.wire -  >> "0[0x9][0xcd][0xe7][0x82]87[0xd8][0xf6][0x83][0x13][0xd3]d[0x97][0xeb][0xd8]^B[0xca]c[0xd2]lS[0xd4]t[0xec][0xbc]dP[0xaf][0xa6]b[0x8c][0x9c][0xea]NTv[0xaa][0x1a][0xf3]b[0xa0][0xd8];j[\n]"
05:56:02.504 [main] DEBUG org.apache.http.wire -  >> "[0x1c][0xc9][0x8c][0xf1]S[0xba]:#[0x99][0xd7][0xac][0x1e]9[0xe3]^[0x5][0xe7][0xc9][0xde]g[0xff][0xfc][0xde][0xf3]][0xf4][0xdc]h\[0x12][0x9a][0xc8][0x1e]1[0xdc]o[0x4][0xee][0xf4]]L[0xc]S[0x9]1[A[0xe1][0xbd][0xac][0xf6][0x19]?[0x94]<[0x93][0x10][0x8f][0x9b][0x1f][0x1f][0xf1][0xe8]MrV[0xf8][0xa6][0xa8]*[0x97][0xfd]\[0xa6][0xf1]yM[\n]"
05:56:02.505 [main] DEBUG org.apache.http.wire -  >> "t[0xca][0xf7][0xae][0x6][0xbe][0xf1][0x19]H[0x5]|[0xb5][0xd5]2[0xe2]H7Q[0x9e][0x17]O[0x97][0x1b][0x8f]y[0xd4]5[0xcb]WRL[0x90]",*[0xb1][0xc7][0x88][0xa8]I[0xdd][0x1d][0xb][0xbc][0x2][0x1b][0x1c]_0[0xc6][0x1e][0xf1]7[0xc2][0xa7][0x18]nL[0xc7][0xc9][0x99][0xb9][0x1d][0xc]2o[0xbd]{[0xe3][0xa9][0x9b][0xd6]h4.[\r]Md[0xa7][0x80][0x98]3[0xaa]$k[0x13][0xea][0x9b]j[0xa8]4[0xf7]e[0x93]c[0xd1]6[0xdc][0x15]4<[0xd4][0xbe][0x88][0xf9][0x99][0xc6][0xf][0xdd][0x8c]a>[\n]"
05:56:02.505 [main] DEBUG org.apache.http.wire -  >> "[0xa4]<[0xb0][0x87][0xb0][0x81][0xc][0xe3][0xc7][0xa7][0x1]sHn[0x5].$[0xe5]U[0xf][0xc2]e[0x1c]HZ[0xe][0xda][0xc4][0xa3]>[0xe9];[0xdb]8[0x15][0xcd][0xe5][0xfc]B[0x98][0xca]s[0x1e]F[0x86][0xcb][0x93][0xab]c[0xaf][0x17]o[0xe4][0x17][0xb7][0xc4]j[0xa1]Oj[0xa6][0xa9][0xc5][0x84][0xa3][0xd0][0xb0][0x98][0xc5][0xd9]&^[0xfd]0)MK[0x12][0xbd][0xdb]E[0xcf][0x8d][0xc6][0xe5][0xa2][0x89][0xec][0x11]#[0xe2][0xdc]%[0xf]3[0x9a][0x5][[0x86][\r]G[0xe1][0xae]Y[0x85][0xf7][0x10] C[0x10]m[0x1e]K^W#[0xdf][0xb1][0x9e][0x7]b_[0xd3][0xb6][0x19]:[0xa4][0xfd][0xde][0xeb]I[0xd3]Z [0x16]e[0x9b][0xb4]\[0xe8]GSa[0xe4][0xe4]F[0xaa]n[0xec]Fc[0x5]%[0x1d]H2[0xe6][0x13]G[0x18][0xcf][0xaa][0xe3][0x85][0x17][0xe9]e[0xa3][0xde]"[0x8d][0xe3][0x93]D[0xf7][0x92][0xbc]&[0xa6][0xc9]<[0xb7][0xcd][0xf5][0xa9]#P[0x99][0xc9]H[[0xa1][0xc8]AD[0x89][0xb1][0x88][0xda]x\[0xd4][0xc0][0xe5]5\[0x95]^T[0x17][0x13][0x8f][0xbb][0x9d][0x17]k4.[0x1f]Md'[0x2][0xad][0xec][0x8][0x17][0xda][0xf0]yx[0xe5][0xaa][0xc6][0x86][0x17][0xa8][0x96]Th[0xa6][0xb2][0xad][0x9c][0x90][0x14]R[0x9e]\[0x6]??[0x14][0x83];[0x89]$[0xca]A[0x18].[0xf1][0xb8]y[0xa1]G<pa[0x9d][0x98]e[0x97][0xb][0xb5][0xda][0x87][0x97][0xa9][0x83][0x8b][0xbe][0x84]=[0xad][0x88][0xd3][0xa4]U[0x94]k[0xe0][0x14]s[0x83]Hrmkr[0xe8]h[0x8c])z0[0x8f]X[0x5][0xd6]AR4r[0xd3][0xd6]M[0xb9]E=z%6[0x81][0xd9][0x98][0x1c][0x9e]<[0xee]db1[0xa9]![[0xf3]bw[0xad][0xd1]h\:[0x9a][0xc8][0x1e]1[0xde]M[0xb3][0x7]:[0xdf][0xa3]s[0x92][0x8b][0xa8]B[0x9e]G[0xdd][0xdc][0xa9][0x11][0x10]`[0xa3]S/f[0xcd][0xe2][0xdb][0x94][0x13][0x82]d1=I[0xd9][0xe9][0xb1]+[0x9b]9[0xc3][0x83][0xb2][0x9c];[0xc3]k(^[0xae]\S[0xd5]h[0x5]X[0xd4][0xf9][0xd1]8[0xc5]4R[0xa0]<@[0x8a][0xbb][0x1c][0xa5]\u`[0xd4]\[0x87][0xce]Z$e[0xac]][0xf5][0x91][0xaf][0xca]0[0x9f][0x96][0xa4]A-[0xce][0xb6][0xfd]T[0x8b][0xf0][0xa0][0x8c]svQs[0xc8][0xa1][0xa1][0x8f][0xe4]|[0xee][0xe3][0xca]W|[0xd5]I[0xc8]&[0xfb][0xfb][0x83]w?[0xf4]m7[0xad][0xd1]h\[0x9]4[0x91][0x9d][0x8]Y[0xcc][0xbc][0xe6][0x8e][0xea]9[X[0xfb][0x7]([0xb2]@l[0xd3][0xbe][0xc8]m[0xf1][0xd3][0x18][0xee][0x8a]c%[0x87][0x87]^[0x6]T[0x6]7[0xf5][0xca]a[0xb9][0x98][0x18][0xdc][0x19][0xf6]4t[0x15][0x91][0x90] [0xb5][0xdd][0xfa][0x1f]sL[0xdb]h[0xe2][0xfa][0xdd]Z[0xfc][0xbd][0xff]o7Hh[0x95]P[0x98]/[0xc2]s[0xc9]>[0xa6][0x8a][0x8][0x84][0xc1]G[0xd7]X[0x15]`[0x1b][0xf3]d.4X[0xfc][0xe2]2[0xe7][0xd0]n_y[0x12][0x1c]C[0xa7][0x1a]6[0xff][0x91][\r][0x2]e[0x8][0xc][0xa3][0xca]am=[0xd2][0xb][0x9d][0x17]k4[0xae][0xe][0x9a][0xc8][0x1e]1>[0xf2][0x11][[0xbb]< [0x8c]8V[0xff][0x9d]v[0xfa]0+Wb[0xa0][0xe][0xac][0xdc][0x16]"[0x9f]bV-[0xe5][0x82][0xb0][0xd2]iab[0xb8][0xc8][0x9c][0x14][0xc7][0xac]\[0x1d]v[0xf3]in[0xb3]S[0xb1]T[0x9d][0xd8][0xfe][0xb5][0xbb][0x86][0xa9][0x1a][\n]"
05:56:02.505 [main] DEBUG org.apache.http.wire -  >> "[0x97][0x18][0xa8][0x84][0xe5]d[0xc]mH[0xcc][0xb0][0xa8]O[0xf3][0x1f][0x1d]4[0xaa][0x1][0xb1][0xa4][0xb1][0x92][0xec]b[0xda]3[0x18][0xee];[0xf4]l4[0x1e][0xa3][0x94][0x15][0x8f]yA[0x9c]Qr[0x80]<[0xc][0x8a][0xba]A[0xb8]tF"Tz[0xaf][0xf3]b[0x8d][0xc6][0xd5]B[0x13][0xd9]#[0xc6][0xeb][0xf7]_[0xa8]vE[0xc8])euX[0xc8]][0x88]A[0x9c]Jj[0xec]D[0xc1][0x90][0xb5]b[0x15][0xe6][\n]"
05:56:02.505 [main] DEBUG org.apache.http.wire -  >> "[0xfe]@[0x14]m[0xf0]^[0x88][0x93][0xb1][0x84][0x9b]f[0xdf][0xaa][0x10][0x8a]a[0xb6]][0xe6][0xab]2[0x92]([0x9d]3[0x92]0[0xc][0xe3][0xf][0xe3]G=EZ[0xcf]I[0xa7][0x8c][0x1c][0x18][0x5][0xf]i[0x3]j[0xcb][0xd9][0xb9]C[0xcf]Y[0xc7][0xc2][0x86][0x83][0x18]+[0xc][0xc9]\W^[0x13][0xf3]z[0xe2][0xb6][0x92][0x9d][0xd5][0xb1]C~[\r][0xa9][0x88][0xa5][0x1c][0xc2]%[0x94][0xe8]r[0xae][0xe3]75>[0xf6]xk[0x9f]7[0xec]>[0x8a][0x8d][0xc6][0x15]C[0x13][0xd9]ip[0x86]p[0xd9][0xba][0xd6][0xee]J>[\r]q[0xe2]SNk,[0xda][0x8e][0x0][0x1c][0x18][0xce][0x11]^,R[0xa1][0xc0]I[0x2]QG`u[0xed]`][0xd4]l~[0xc8][0xaa]e[0xc][0xb6][0x90]/[0xf1][0x15]'[0xc9]Cih[0x8f][0x9e][0xfa][0xd1]2R[0x15]&UQN[0x19][0xef][0x1c][0x86][0xe][0xb1][0xda][0x93]%]E[0xa5][0xb0][0x90]O[0x3][0xb3]1[0xa5][0xeb][0xf4]$DI[0x1e]4[0x98]@D[0x9e][0xa6][0x89]r[0xdc][0x11][0xb8][0xd5]6y[0x19]|[0xe]yJ[0x89][0xc0][0xe1][0xbf][0x1b]O}[0xf8][0xe6]Y[0xf7]Ql4[0xae][0x1c][0x9a][0xc8]N[0x1][0xb7][0x7][0xe5][0xee]3[0xdb]4[0xc7]M[0x92][0x9]$[0xc6]p[0xf7]?[0xb1][0xce]Xg[0x97][0x18][0x8a][0xcc][0xdf][0xe3]8[[0xf7]a[0xba]+v[0xc1]|[0x13]rP[0xeb][0xb2][0xbe][0xa4][0x0]4[0x10][0xd3]v[0xa0][0x91][0xc7][0x1b][0x8c][0x9a]N?[0x10][0x9a]U[0xe8]N[0x8b][0xb5][0x93][0xac][0xc]c[0x16][0x89]RQy[0xcd][\r][0xe7][0xcf]3[0xb4][0xe4]GX[0xe3][0xab][0xe6]+[0xbf][0x84]jDm[0x17]v2[0xb8][0x19][0xdd]5[0x9d]5[0x85]#k[0xae]>[0xa9][0xb3][0xb1][0xcf][0xe1][0xc5]nsa[0x3]4{[0xc8][0x1f]~[0xfa][0xcd][0xce][0x8b]5[0x1a]W[0x12]Md[0xa7]@[0xc4][0xe7][0xd7][0x1f][0xe6]s[0xe8]j[0x85][0xb3][0x9e][0x9]y%.[0xf2]VO[0x80][0x1e][0xf4][0x10]nb?@8l[0xec][0x9d][0xce][0xc0][0x90][0xa6][0xbb][0x19]3[0x1b][0x84]5[0x8e][0x5]#[0xc8][0x98][0xd6]JQ[0x1e]a[0x9b]"[0xdf][0x9d][0x93]`h[0xd8]+[0x9f]F[0x1e][0x91]n[0x14][0x91]]JP#/[0x97][0xa1]D[0x94][0xf]@[0xde][0xd0][\r]h&%m[0xc3]p[0x2][0xa6]C[0xde]mVe[0xb6][0xce][0x8f]1O[0xf9]9[0xae][0x1d]DTH.[0xb0]z*"[0xcf][0x98]<[0x98]![0xd9]R[0xb0][d$[0xf7][0xf5][0xfa][0xb3][0xe8][0x8e]5[0x1a][0x8d]+[0x89]&[0xb2][0x13]`[0xbf][0x10]>[0xe0][0xc2]|@[0xc8]76[0xe7][0xa1][0xe0]2D[0xfe]h[0xb0]U[0x19]5[0xc6]v[0x1][0x8b][0x9f]-[0x15][0x9c][0x1b]n[0x8a]Q[0xb8][0x8c][0x98][0x18][0xd9]%[0x87][0xf2]rF&[0xd9][0x88][0x9a][0xb2][0xc9]db[0xd9][0x95]#[0xdf]V[0xfe][0xcb][0xe8]l[0xac]3[0xd4]8[0x9d][0x18]Y[0xe8][0xde]G[0xee][0x8d][\n]"
05:56:02.505 [main] DEBUG org.apache.http.wire -  >> "0[0xb5][0xe2]|92[0xee]8>[0x93]sv[0x99][0xa5]Y[0xaa]J[0xab][0xd0]_N[0xc1]%[0x17][0xe8]u[0xbe][0x13]Q[0xc1][0x90][0x88][0x10][0xe7][0xb2][0xb1]Nn[0xe6]s[0xe8][0xef][0xf8]`yw[0xf9]~k4[0x1a]W[0x16]Md'[0xc0]~[0xc9]|[0xdd][0xe8]Y[0xb7][0x8a][0x9c][0x15]g[0xa4]N[0x91]}[0xaa]n+4d[0xb8][0x95][\r][0xa9]:2-[0x14][0xec][0x9e]O[0xc3][0xfc][0x18]-[0xb7][0x9d][0xf7][0x16]C[0x89][0x1b]Cp[0xa3][0xde]m:[0x18][0x85][0xdb][0x85]S[0xb0][0xa3][0xd0][0xdd]F[0x9d][0xad]!Q[0xe1]G[0x9c][0xab][0x9b]MdXs,[0x3]I[0xf0][0x9a][0xe5][0x1e]6[0x11][0x9b][0xcc][0x8][0x4][0x19]<9)Y[0x88][0xa5][0x8][0xce][0xf][0xf9]@[0xa7][0xeb][0xb2]H[0xb7][0x98][0xb5]N1v[0xfe][0xa9][0xb3][0x9f][0xeb]G[0xb3]4[0x1a]W[0x19]Md'@[0xb0][0x3]>[0xfb][0x1a][0x8e]w.[0xe][0x7][0x10]H[0x12][0x11]U[0x7][0xf3]?cA'[0x17]$OMnDg[0xf8]2[0xdf][0x82][0x93]b[0x9a][0xcd][0xc4]D[0xc][0xdd][0xc5]<[0x90][0xcd][0xe4]![0x4][0xe7]b[0x82][0x88][0x99][0x80]HDH[0xf4][0xe5][0xbe];[0xaf][0xbc][0x99][0xd1][0xe4][0x11][0xb3]6u:5[0xac]H[0x10][0xe][0xc6][0xea][0x80]Rp[0xaf][0x8e] .[0x4]9[0x9f][0x97][0xd9][0xc6][0xf1][0xb8][0xdf]c'ss^[0xab][0xba][0x96],[0xb0][0xbe][0xf7]O[0xff][0xbf][0xef][0xd9][0x1a][0x8d][0xc6][0x95]F[0x13][0xd9][0x9][0xf0][0xa1][0x8f][0xec][0x15]Y[0x4][0xd6][+[0x3]E[0x12]A[0x98][0x1a]@r[0xf1]-[0xe7][0xdf][0x8][0x9b][0x8d][0x5]=[0xa6][0xad]l[0xaa][0x9][0x1b][0xa2]'|[0xda][0x80]\V-[0xa9]P[0xf0][0x8b][0xd0]b[0xfe]G[0x99]dX[0xef]32[0x17][0x92][0xf]3n[0xe3]IY[0xf9][0x91]j[0xa4][0x0][0xe9][0x6]y[0xcb][0xd4][0x12][0x1f][0x1e]U[0xb3]f[0xd4][0x8e]e[0x9d][0x17]R[0xc9]d[0x9d][0xaa][0xc9][0x90][0x93][0x8b][0xe4][0xee][0x11]nU[0xe5]Z[0xfd]#[0x8f][0xb][0xa2][0x1d][0xc1][0xd8]b[0xb7])[0xa7][0xb6][0x86]G[0xdf]Z[0xce][0xbf]~[0xd7][0x1a][0x8d][0xc6][0x95]G[0x13][0xd9][0x9][0x90][0xb5]d[0xf][0xc6][0x2][0xcf][0xc7][0x83][0x98][\r]jB[0xba][0xcb]4gf&q[0xb7]M0[0xcf][0xa7][0xae][0x1c]xm[0xcc]-[0x15]YfLn&;[0xf6]|[0x1c][0xec][0x15][0xf3][0xa0][0x9c][0x83]G)[0x9e][0xf5][0xf3][0xc1][0xc4][0xc9]:QT2[0x85][0xf9][0xf0][0xac][0x97][0x9a]v[0xb1][0x83][0xaa][0xcf][0xad][0xe9]%[0xaf][0x9][0x8]5[0xc0]Pspt[0xdd]uCP[0x19][0x12][0x9c][0xe9][0x9b][0xa4]V[0x87][0x90][0xf7]JXV[0x4]_[0xfb][0x1f][0x8e][0xbb][0xbb]{[0xf6]s?pf[0x8d]F[0xe3][0xca][0xa3][0x89][0xec]D[0xd8]/[0x90][0xf7]![0xb5]b[0xf2][0xd0][0xa1][0xae][0xaa][0x8]%[0xb9]$`[0x90][0xd8]RA[0x99] [0xc6]~[0x19]rt2[0x1]>[0xd3][0x18][0xa3][0xd6]n[0x85][0x1a][0x1e]r[0x1][0xdf][0xed][0xac][0x9a]0[0xba]U-[0x18][0x9c][0x84][0xb4][0xf8][0xd9][0x8][0x1d]F[0xb9][0x1f]M[0x9]Z[0x8a][0xa5][0xa7][0xd3][0x17][0xaa][0xc9]C"[0x1c][0x8][0xd1]5[0xe].M[0xe9][0x3][0x85][0xd9][0x12][0x81][0x5][0xf1][0xdb][0xe6][0xfc][0xc];[0xb9][0x10][0xfa][0x5][0x8a][0xd1][0x9d][0xdb];[0xb][0xcd][0xa0][0x8a]9[0xe7][0x97][0xff][0xd9][0x9f][0xff][0xaf][0xee]Y[0xa3][0xd1]x,[0xd0]Dv",[0x1e]oY[0x15][0xf3][0xa6][0xae][0x81]*b[0x1b][0xa7][0xf1]7:U[0x98][0xa9]z[0x1b]{J^j0H[0xe6][0xdd][0xb0][0xfa][0xaf]Q8v[0x1]!$[0xf7]dF[0xd5][0x14]e[0xf7]O/?7[0xe2]q[0xc2][0x8b]c[0xa9]~[0xbc]rc[0xd8][0x8e][0x8d][0xf5]I[0xd3]![0xf5]^U^V[0xb1]N[0x9c][0x80]3[0xcd]e[0xac]W3[0x18]5H[0xba]u[0x11][0xe0][0xda]4[0x1e][0xf][0xdf][0xc9][0xe7]1[0xef][0x15][0x90][0xa7]yqE[0xa8][0xa2][0x3]?[0xc6]?[~[0xe3][0xd7][0xbb]{G[0xa3][0xf1][0x18][0xa1][0x89][0xec]Dp[^s[0x13]'[0xe2]X[0xd1]S[\n]"
05:56:02.505 [main] DEBUG org.apache.http.wire -  >> "HA[0xaf]U[0x94]O[0x16][0xeb]2z8[0x16]^[0x84][0xf1]r[0xb3]L2[\r][0x8e][0xaa][0x9e][0x86][0xf4][0xad][0x8b][0xac]31?[0x18]sK[0xda][0x13][0x91][0x8c]3[0xa5][0xaa]x*[0x9c]TNW,[0xef][0xe3][0x93]@[0x0][0x92];Mud[0x92][0xaf][0xca]f[0xca]#g[0xe6].[0xb9]AKai6[0xd9][0xec][0xf]%[0x7][0xcb]6[0xa0]j[0x95]w[0xb3]A[0x86]U{g[0xd5][0xf2][0xca]qY[0xa6]._`[0xb3][0xf1][0xdd][0x12][0xb7][0xcf]^[0xb9][0xdd][0xdd];[0x1a][0x8d][0xc7][0x8]Md'[0xc2];[0xbb][0xdd][0xe7][0xd1][0xa2][0xca]4[0xec][0x86][0xdc][0xd8]fa[0x86][0xf8][0x8a]4\ [0xbc]F[0xe1][0x94][0x8b]~L;M[0xad][0xae][0x98][0xcb]J[0xa9][0x93][0x1f][\r][0xc5]T)[0xb1][0x1c][0xd7][0xa4]'[0xa2]Mbf[0x92][0x84]2A[0xce][0x1e][0xea])[0xdf]8f[0xe4]t[0x1b][0x82]P[0xeb]Y`:[0xc8][0xfa][0x84]Q[0x97][0xc3][0x98]1[0xa4][0xe8][0xee][0x1b]g[0xa6][0xaf][0x8d]J*y[0xa6][0xfd][0x12][0x87][0xb2][0x9a][0xc8]0[0x15][0x9c][0xaa]1=[0xa7][0x8c]`f[0x9b]-{[0xf1][0xec][0xff][0xfd]/[0xef][[0xa3][0xd1]x[0xac][0xd0]Dv"[0xbc][0xf1][0xf7]_8[0xbb][0xe1][0xf6][0x16][0x94]B[0xd4]:[0xcb]w[0xc8][0xd9][0x8c]O*[0xe7][0x84][0x10][0x9f][0xac][0xce][0x8][0xff][0xe5][0xfa]\5Te[0xef][0x9f][0xb9][0xa8][0xf2]B[0x87][0x9f][0xb]U[0x88][0xaa][0x93][0xc1]&[0xe5][0xa5]@[0xd6][0xca][0xa0][0xa6][0x90]?[0xb]O[0x8b][0x9f][0xa6][0xa9][0x8a]|2[0xd7]f[0x11],[0xb0][0xe]L[0xa1]rx[0x83][0x83]Sr[0x19][0xc2][0x9c][0xe3]#[0xec][0xc7][0x1][0xa6]3YX[0x93]W![0xd9][0xda]J9O[0xae][0xc3]:[0xaf]e3[0x94][0xd5]%[0x9]s[0xf9][0xcd]}[0xd7][0x1a][0x8d][0xc6]c[0x87]&[0xb2][0x13][0xe2][0xdd][0xd8]}[0xee][0x88]`,[0x13]\[0xc][0xf7]-H[0xdd]L[0xf6]v[0x89][0x4]Na[0xb9][0xa9][0xf6][0xc9][0xeb]a[0x92]\[0xd6][0x9d]a:[0xab][0x7]L[0xee]R[0xa4][0x85][0xb1][0x94]z[0x8c].>[0xc][0x84][0xb]aq7[0x92][0xa1]M}{[0xa5]h[0x19]6[0xf9]tFJ{-[0xf][0xe9]N[0xc2][0x6][0xc5]L[0x16]z[0xb1]P[0xe6][0xc5][0xbc]\0f[0xd2]j[0xca][0xe5]Z[0xb8][0x1f])[0xbb]q.[0x99][0xf3]SW[0x8d][0xa1][0xd0][0x1a][0xe1][0xdc]#[0x9e][0xf7][0xbf][0xeb][0x90]b[0xa3][0xf1]x[0xa2][0x89][0xec][0x84][0xb8]a[0xcb]?8[0xfc]d[0x8][0xce]4[0xcc]6[0x2]|[0xa6]]2[0xf2][0x93]$[0x4][0xa3][0xac][0xb1][0xcc]-%eAR[0x1c][0x98][0xc2][0xa7]8[0x9c],[0xfa][0x8b].[0xf6]~[0xb4][0x1][0x8][0x2]][0xf7][0x93][0xdc][0xa6]$[0xd4]|6[0x9c][0xaf][0x99]m[0xcc]%[0x93][0x9b][0xd1]b>_[0x93]<[0x1e][0x83][0x9e]y[0xad]i[0xe9]P[0xf][0xab][0x8a][0xa7]d[0xbb]@YiK+[0x87][0x9][0x5][0xe9][0xbe]i[0xfb][0x9a]*L*[0xf1][0xf2][0xd9][0xcf][0xfd][0xc0]}k4[0x1a][0x8f]%[0x9a][0xc8]N[0x88][0xbd]"{[0xb5][0x94][0xcc][0x12][0x9a]O[0xb2][0x90][0xdc][0x94][0xcf][0x11][0xb5]d[0x16][0x84][0xf6]R`[0x8d][0xf0][0xdc][0x9c]>r[0xb8][0x10][0xcb][0x91][0xe1] [0xa9]0QLE[0x6][0x15][0xcd]4u@T[0xa8]33x[0xd3]6[0xb3][0xcb][0xd2][0x11][0x16][0xe4][0xfe]5u[0x9a].j[0x9a][0xa2]87[\r][0x93]1g+[0x95][0x16][0x98]{[0x12]f[0xce][0xc6]4\YSA[0x9b][0xc9]`[0xb3][0xe1]`a[0xb6]L@[0xea][0xc8][0xf6][0xdf][0xbd][0xb5][0xd8][0xf9]]k4[0x1a][0x8f]-[0x9a][0xc8]N[0x88]C[0x9e][0xcc][0xd0][0xae][0xaa][0x92]C[0xe3][0x7]8#M[0x11]ca[0xc7]b}[0xf8]h[0xe7]P^p[0xce][0xd3][0xd4][0xa0][0x8e][0xc4][0xd1]71M"v[0xf4][0xa8][0xb0]<[\n]"
05:56:02.506 [main] DEBUG org.apache.http.wire -  >> "c[0x84]t[0xfa]U[0xa4][0xb1][0xb8]a[0xe5][0x2][0x17][0x12][0x89][\n]"
05:56:02.506 [main] DEBUG org.apache.http.wire -  >> "![0x92]T[0xbc][0x8c][0x1d]9&[0xe6][0xe2])wx[0x8a][0xd9]OJ[0x95]([0x9d][0xfe][0x1a][0xec]cq[0xb2][0xf4][0xf3][0xb2][0xcc][0xdf][0xd1]z_[0xad][0xeb][0xb1])>[0xaf][0x7]s[0xe]QV[0x17][0x91][0xc3];[0xd4][0x98][0xed]I[0xac][0xb][0x9f][0x1b][0x8d][0xc7][0x1b]Md[0xa7]F[0xc4]+[0xeb]O.[0xea]PYs[0xaf][0xc5][0xb1][0xc9][0xb0][0xc2][0xf][0xa2][0xa0]:2u[0xfe]![0xc0]7[0xc6][0xe6]j[0xe][0xb8][0xb0][0x96]~[0xc8][0x5][0x9e][0x8f]{[0x99]D[0x93][0x84][0xf6]"[0xd2][0xa4][0x1]+>[0xf2]^I[0x98][0xbb][0x11][0xce][0x8c]9yg[0x86][0xdc][0x9a][0xcc]3[0xf8]7[0xd4][0xe4][0xd1][0xb5][0xe1]O[0x90][0xf6][0x98][0x98]d[0xca][0xbc][0xea][0xb2]i4Q3[0xfe][0xfe][0xd5]n[0xb7]f[0xe9][0xa2][0xca][0x2][0x9c]l)[0x17]k[0x98][0xdd]![0xa4]x[0xcf][0x1a][0x8d][0xc6]c[0x8d]&[0xb2][0x13]c[0xbf][0xc][0xbf]JGE)[0x87]![0x84][0xa8]Dl[\n]"
05:56:02.506 [main] DEBUG org.apache.http.wire -  >> "[0xab][0xad][0xaf][0xc3]&[0xf3]G[0x8e][0x80]V[0x18][0xae][0x5][0xce][0xeb]q[0xe8]F[0xd4][0x82]f[0xc7]X[0xe3][0xbd][0xe]%4S[0x93]-B[0xda][0xaa]:8[0xb]a [0xa9]^[0x8b][0xc1][0xb6]WK[0xda][0xea]U0"[0x1c]:[0xf5][0x84][0xa4]Z[0xf3][0xe3][0xab]UaPM[0xec][0xa5][0x9a][0xf3][0x8c][0x1f][0x1a][0xe3][0xb3][0x86][0xd6]ZK[0xaa][0xc1][0xa0][0xd9][0xd2][0xeb]&`=[0xde][7n<u[0xc7][0x1a][0x8d][0xc6]c[0x8f]&[0xb2][0x13]c4[0x10][0xb6][0x7]fe[0xe3][0xf3]r[0xfe][0xd9]xO[0xaa]+[0xfb] z[\n]"
05:56:02.506 [main] DEBUG org.apache.http.wire -  >> "[0x9a]<[0xd7][0xb][0xaa][0xc5][0xe]*d[0xec][0xbd],|D[0xb2][0xa5]y[0x8f][0x14]0[0xb6]AQr[0x8e]i|[0x19][0xdb][0xce][0xf3]IA[0x1]W=[0xfa]8MsDr/[0xa4][0xb5]Tn3[0xea][0xbd][0xe]_[0xd3][0xa5][0x18]hmU[0xa1][0xcc]u[0x87][0xbd]8[0xb2][0x89][0xa7]AB%[0xa9]j[0xa2]R[0x2]7[0x82][0xa8][0x9a][0xb7][0x8b]z<[0x8b][0xd3][0xef]?[0xc8]v[0x97][0xf9][0xb2]q~[0xbb][0xbb]o[0xfe][0xf9]?[0xf4][0x96]5[0x1a][0x8d][0xc7][0x1e]Md'[0xc6][0xda]@8[0xfc]u*[0x98][0x12]Q[0xa5]+6[0xf9]"4[0xe2][0xad][0x1c]Y[0xd9][0xee][0x11]vcx-J[0xba][0xa0][0xc3][0x13][0xde]/[0xeb][0x93][0xa2][0xe3][0x2][0xe5]S[0xa4]`1E[0xdf][0xc]c2[0xbc]Y[0xad][0x1f]+[0x92][0xc8]yZ[0xf2]Z[0xf0][0xb8][0xb4][0xe1][0xe7][0xc9][0x9a]M[0x8e][0xc2][0xea]0[0xe2][0xf8]^[0xe6][0xe3][0xb8] [0x19][0x15][0xf4][0x8a][0xc6]Vz[0xc][0xf1][0xc5][0xb9]~"
05:56:02.506 [main] DEBUG org.apache.http.wire -  >> "n[0xa8][0xaf][0xa8][0xeb];][0xb3][0xf8]\[0x87][0x14][0x1b][0x8d][0xeb][0x83]&[0xb2]K@[0xc4][0xf9][0xcb][0xf9][0xb2][0xc2][0x8a]FuE[0xd5][0x90][0xb1][0xb0]t[0x5][0x96]k[0xe3][0x90][0x97][0x2][0x97][0xa0]pXF[0xe7]R[0xe]5[0x15][0x13][0xf5],1[0x11][0xa5][0x19][0xf3][[0x1]UV[0x92]'\[0xca][0x0]*[0xbc][0xa8][0xcf][0xf9][0xd2][0x9a][0xe6][0x11][0xe6]D[0x8b][0xa8]R[0x86][0xa4][0x17]P[0xa3][0xbb][0xce][0xd9][0xeb]A[0x9a]2)$[0xf8][0xd8]@[0xb1][0xc2][0xac][0xbe][0x9]t[0x8a]C[0x5][0xfa]5[0xd0][0xad]?[0xd5]+[0xaf][0xd8][0xfe][0xf5][0xdb]q[0xdb][0x1a][0x8d][0xc6][0xb5]A[0x13][0xd9]%[0xe0][0xdb]>b[0xaf][0x1c][0xc2][0x8b][0x8][0xc5][0x5]3T[0x8][0xa4][0x95][0xfa][0x8a][0xb4][0xa9]#[0x4]g[0xdc]"[0xc1][0xdc][0x92][0xac][0xed][0xc1][0xb0][0xa2][0xd3][0x89]h[0xa0][0xb8][0xdd]L"[0xb6]*[0x9d][0xe4][0xb6][0x8d][0xff]"T[0xbd]y[0x85]8[0xa5][0xa1]q[0xc6][0x12][0xc1]v[0xce]p[0xa0][0x91][0xfc][0x82][0xd1][0xc6][0x9c][0x5][0xc8]i[0xcc][0xd1]I[0x92]#[0x9c][0x8][0x92]Z[0xd8][0xdd]c[0x92][0xa8][0xb4][0xf9]C[0x80][0x81][0xe0][0xb1][0xc5]pb[0x1e]rdp~n[0x1c][0xa0]w[0xcf]^i[0x97]b[0xa3]q[0x9d][0xe0][0xd6][0xb8][0x14][0xfc][0xce]O[0xbc][0xf8][0xda]~[0xb5]}[0xce]I[\n]"
05:56:02.506 [main] DEBUG org.apache.http.wire -  >> "UO|Xt[0x97]%[0xc3]nN>C[0xe8]0J[0x80]T[0x10][0x10]c[0xac]$[0x3]C[0xc3]bh[0xa4][0xa8][0xb1][0xca][0xe9]G}\[0xee][0xc8]][0x94]L[0xc4]g[0xa5][0xb2]0[0x97]"[0xd5]1g[0x3][[\r][0xf2])[0xe3][0xca][0xd0]U[0xfb][0xc9][0x94][0x91]d[0x9]_[0xd8]x[0x92][0xea][0x8d]M[0x90][0x91][0x90][0xcb][0xd7]xYc[0xad]s[0xcc][0xcd][0xc6]xV[0xe][0xcf][0x99][0xb8][0x96]Q[0x94][0x97]E[0xd2]o[0x9e][0xfd][0xfc][0x1f][0xfe][0xe]k4[0x1a][0xd7][\n]"
05:56:02.506 [main] DEBUG org.apache.http.wire -  >> "[0xad][0xc8].[0x9][0xcb][0x87][0xe2][0xa5][0xc3][0xcf][0xec][0x9c][0x14][0x93][0x3][0xe3]@F;IP[0xcd][0xe5]T[0x93][0x11][0xc4]2[0xab][0x95][0xc2][0xac]H[0xcc][0xc7][0xa0][0xc7][0xbc][0x85][0xf0][0x9c][0xd1][0x80][0x1][0xd5]7[0xbe][0x95][0x86][0xc2]F[0x91]eL~e{+[0x93]6V[0x18][0x7][0xde][0x90][0xf4][0x7][0x82]T[0x92]D[0xca]Oi^'\[0xc7][0xf2][0x99][0x96]y[0x9e][0xc8]s[0x15][0xe6]7[0x12]>[0xb4]z[0x8c]K[0x1e][0xd6]#[0xad][0xf8][0xeb]M[0xc1][0xce][0xcc][0x1a][0x8d][0xc6][0xb5]C[0x13][0xd9]%[0xe1][0xc6][\r][0xbb][0xbf]_[0xde][0xff][0xd5][0xfa][0xa6]bt[0x94][0x1e]i[0xbb][0x88][0xe3]=+[0xcf]T[0x8f][0x95][0xde][0xd5][0xa2]o[0x99][0xda][0x12]b@[0xfe][0xcb]p[0x18][0xb7]*[\n]"
05:56:02.507 [main] DEBUG org.apache.http.wire -  >> "v[0xab][0xba][0xb0][0xf7][0xc0][0x8][\r]f[0xfa]n[0xc][0x18][0xc8][0xc1]I[0x87][0x10][0xb0]i[0xd0][0xcc]A.[0xc2]<[0x8d]SG[0x88]Q[0xe8][\r][0xb2]4[0xde];P0[0x8a][0xb0]G[0xb8]2[0x8b][0xb9]7Q[0xd5][0x2]B[0x98][0xc3][0x8a][0xbf]}[0xef][0xec]/[0xfe][0xd7][0xaf]X[0xa3][0xd1][0xb8]vh"[0xbb]$[0xac][0xee]E[0x8f]{f[0xda]o[0xd1][0x10]G[0xcb][0x96]M[0xe5][0xf2][0xd3][0xe7][0x87][0x11][0xba][0xde][0xa3][0xf7]0[0x94][0xd8]fu[0x17]3E[0xd4]8C[0xaa]D[0xe5][0x9d][0xb4][0xaa][0x19][0x7]$ae[\r]7l[0xff][0x96]E[0xd1]^[0xed][0xb3][0xd6][0xed][0x85][0x14][0xc7]\[0xc4][0x88]A[0xd5][0x97]'[0xeb]P|[0xc1][0xc4][0x9e]1i[0x6][0x83]H[0xa9][0xb6]2[0xc1][0xc][0xe5][0x18].[0xac]8!O[0x12][0xe1][0xd8]7[0xed][0x9d][0xb8]k[0x8d]F[0xe3]Z[0xa2][0x89][0xec][0x12][0xb1]_[0x88]_E[0x9b][0xa9][0xb2].[0x18][0x13]K[0x15]#[0xb3]MN[0xca][0xa5][0xaf]a*[0x98][0xf4];T[0xf3]][0x11]ixB[0x8a][0x92][0xe1]T[0xf]6[0xc][0x15]N[0x12]1![0xd7]E[0x9e][0xeb]bs[0xb0]Rb[0x90][0x1a][0x8e][0xac][0x89]Um[0x9a]qJs[0xe8]2[0xc9][0x1a][0xad][0xb2]&ei([0x2][0x8f]-+[0x1f][0x5]L[0xdd][0xea][0x19]d[0xd9]k[0x12]}[0x16]W[0xbc][0xd4][0x6][0x8f]F[0xe3][0xfa][0xc2][0xad]q[0xa9][0xf8][0x9d][0xbf][0xe7][0xb3][0xaf][0xed][0xd7][0xdd][0x9b][0xc][0x85][0x1d]0[0x1a]_[0xc4]p[0x7]:-[0xf4]4B`[0x85]/[0xc2][0x12][0x82]I[0xd3][0xc4][0x85]F[0xf]l_D&[0xe6][0x88][0xf5][0xed][0xda]xX[0xc2][0x97][0xd0]^[0xc][0xd3][0xb9]t[0x8e][0xa7][0xd1][0x3]}[0x17][0xa5][0xa3][0xd6][0xbf][0xf1]|x[0xf8][0x99][0x83]fWa[0x99]D[0xc4][0x97]i![0xc7][0xca][0xf9][0xc][0xaa][0xc2][0xb3][0xd3][0xf4][0x1c]'c[0xca][0x1a][0x12]={[0xf3][0xe7][0xff][0xf0]3[0xd6]h4[0xae]-Z[0x91]]6v[0xf6]*VhG[0x9e]i[0x10]P[0xda][0x3][0xab][0xe5][0xd3][0x8a]8N[0x8][0xf1][0xa3][0xb4]_[0xb8][0xd7]>[0x99][0xaf]Re[0xc4][0xb6]RA9[0xc4][0xe]"U[0xa0],m[0xa0][0xe0].)[0xe3][0xc7]x[0xcf][0xc7][0xa6][0xd8]x,[0xb][0xb6]3[0x87][0xd5]]?_[0x9f][0x97]FS[0x8b][0xb8][<[0x8e][0xc2][0x99][0x98]8:[0xe4]k[0x7][0x92]#[0xea][0x9a][0xeb][0xca][0x86][0x1c]3[0xd0][0xef]~[0x8e][0xb7][0xad][0xd1]h\k4[0x91]]2[0x9e][0xfa][0xf0][0xf9][0xbd][0xfd]r[0xfb]`[0x1b]G[0xb][0xb4]S:l[0x94]uex=[0x4]UR[0xcf][0xb4][0xa2]cQ?|[0xbe][0x4]$[0x92][0xe5][0xa3][0x9a][0xad]z[0x13]F[0x8d]Y[0x8a][0x88]Jk[0xd3]ac[0xd8][0x1][0x85]oh[0x1b][0xa1][0xaa][0xb3][0xea][0x88][0x9f]_Y[0x99]KB[0xc6]t6[0x2]V;H[0x9d]&[0xeb][0xc8][0x92]l].[0x3][0xc8][0xb0][0xa6][0xc1]'I[0xe7][0xa9][0xd4]P[0xe7]v[0xef][0xec]/[0xfc][0xc0]}k4[0x1a][0xd7][0x1a]Md[0x97][0x8c][0xd5][0xf4]a~[0xcf]PJ[0x95]?[0x1d][\r]pe[8[0x17]@[0x1c][0xf9][0x99][0xcb][0x93][0x92][0x99]p[0x8b][0x83][0x93][0xd1]a[0x84][0xc0][0xe7][0xb1][0xad]?[0x1b][0x8][0x8b]j[0xf4]Xc![0x8c][0xe9]R[0xe8]\[0xfc][0x99][0xc7][0x9]{[0x8f]<Y \hd[0xbe][0x10][0xf2]+[0xc7][0x87][0xa5]HL6[0xa3]3[0xb2][0xc8][0x9b][0x87]\[0x95][0xa6][0x1b]y8[0x90][0x1b][0x9b]H[0x92]x[0xc7][0xee]Z[0xa3][0xd1][0xb8][0xf6]h"[0xbb][0x2]8??)[0x3]n[0xeb][0xa2][0xbc]d[0xab][0x8d][0x8]Mr9Br[0x91][0xf9])d[0xbb][0xe0][0x9f]O[0x96]H[0xe3][0x86]9[0xc9][0x80]R[0xcc][0xc1]<U[0xd0]<[0x8d]a6[0x1d]k[0xa8]D[0xa8]%w[0xe5][0xbb][0xf1][0xf5]x[0xd4]s~?T[0xa4][0xe4][0xb6][0xf0]@K[0xaf][0x8c][0x18]l[0x8b]6[0xfb]:[0xb2]i[0xb0]x[0x1f]i[0xe7]`[0x97][0x13]|^[0x16][0xfc]un[0xf2]<5[0xe3][0xd8][0x7][0xec]>[0xdd][0x6][0x8f]F[0xe3][0xc9][0x80][[0xe3]J M[0x1f][0xcf][0x99]I[(1D[0xa4][0xf]C[0xe2][0x88][0x1b]s[0xc4]f;[0xfa]?D.%1[0x6][0xd4][0x12]k[0xc3][0xd8][0xd5][0xc3][0x18][0x1e][0x4]qIh0?3+U[0x17][0x19]#[0xf4]t[0x8d][0xc8][0x9]yf[0xb2][0xd8][0x95]d[0x9][0xa5][0xa3][0xea][0xe2][0xa1][0xdb][0xcc][0xf3][0x9d][0xce]K[0xcd][0x1e][0xc1][0xfa]7[0xbe][0xc6][0x9c]|[0xe8][0xb4][0xb3]7[0xfe][0x7][0x9e][0xb1]F[0xa3][0xf1]D[0xa0][0x15][0xd9][0x15][0x81][0xfb][0xf9][0xdd][0x0][0x9b]d[0x1c][0x90][0xdf][0x99]IC]q[0x14]N[0xf5][[0xc3][0xe4][0xe1][0xa2]d[0xd6][0xad][0xc2][0xe6]:4[0x19][0xb3]J[0xbf]`[0x8c] [0x8b][0xba]n[0xef][0x8e]z[0xb1][0xd2]S$[0xca]MmX[0xee]P[0x9b]X[0xe6][0xc2]Fxr([0xc6][0xac][0x1][0xa3][0x8a]*[0x85]8[0x9b]6[0xac][0x88][0xd5]X[0xeb]f[0xe6]^[0xc5][0x3][0x14][0x92][0x98][0xdc][0xfe][0xc5][0xfe][0x1f][0xf5]]k4[0x1a]O[0xc]Z[0x91]]!|[0xe7]^[0x95][0xed]!7[0x3][0x16][0xc1][0x15]P6[0xd9]/p[0xbb][0xd3]Q[0x9d][0x96][0xa8][0xb1]|[0x1b][0xd9][0xc6]I[0xd5][0x1c]C[0x8d][0xcc]e[0x19][0x19][0x87]J[0xcb][0x1c]B[0xcb][0xa7][0x1e][0x8b][0xd9][\n]"
05:56:02.507 [main] DEBUG org.apache.http.wire -  >> "k[0x10]\[0xf5]h[0xac]q[0x2]M[0xf][0xcb][0x6]onS[0xc5][0xdc][0xe1][0xe3][0xc5][0xd8]FK[0x1e]*jh[0xfa][0x8b][0xd9][0x86][0x9c][0xa7][0xda][0xff][0x19][0x85][0xe4]8[0xeb]1^?[0xfb][0xb][0xe4]Yk4[0x1a]O[0xc]Z[0x91]]![0xec][0xf3]Dw[0xd2]6[0x9e][0xe9]*g[0xd3][0x8b]$[0x15]nZ[0xaf]f3[0xc5][0xe8][0xd4]Qy[0xa3]`=[0xda][0x80]k[0xb5]4[0xc]%>[0x12]s[0xf5][0x85][0xd3]:I}X[0xaa]I[0xde][0xe7][0x98][0x96][0x8a]([0xe8]SY[0xdd][0x18][0x8b]C^j[0x3]{1[0x95][0xb0][0xfc][0xdb][0xa9][0xa6]t[0xec][0xc8]k[0xe0][0x13][0x89][0x89]@[0xc3]C:[0x99][0x1d][0xdb][0xb6][0xfb][0xf0][0xf7]Y[0xa3][0xd1]x[0xa2][0xd0]Dv[0x85][0xf0][0xc6][0xdf][0xfb][0xd1][0xcf][0xed]W[0xe6][0xfb][0xe3]][0xd6][0x90][0xad]/+[0xe2][0xc8][0xf]r[0x9b][0xd9]Fh[0xe2]b[0x1c][0xa4][0xe2]*[0xee]l[0xed]E[0x1c]t"[0xda][0x8][0xd3][0x1d][0xd8][0xae]ByIFu[0x18]T[0x5][0x8c][0xcf][0x8f]4[0xbc][0x87]m,[0xfb][0xb6][0x9][0xf7][0xf1][0xd3][0xe2]S[0x9]:[0x1a][0x9b]6[0xb2]H[[0xc4]#[0x8a][0xc1]mlB[0x92]^Y5XI`yB[0xf7][0xde][0xfc][0x85]~[0xea]s[0xa3][0xf1][0xa4][0xa1][0x89][0xec][0x8a][0xe1][0xdc][0xf][0xaa][0xec][0x80][0xa9]_![0x1c][0x8b][0xd0]#[0x88][0xf6][0xa1][0xc9].e[0xce]Z[0xef][0xc5]Z[0xb2][0xe4][0x8][0xf2]I0[0x3][0x7][0x8c][0x90][0xa5][0xc9][0xa7][0xd8]/[0xdd][0x81][0xeb];[0xdf][0xb4][0xc4][0x9a]Fp[0xab][0xa6]#[0xae][0xe3][0x6][0x8a][0xb9][0x83][0xd1][0xc1]<<[0xce]i[0xc3]k[0x1b]E[0xc6][0xbc][0x9d][0xd3]:2'[0xdf],C[0x96][0x81][0xeb][0xf4][0x91];[0xd6]h4[0x9e]84[0x91]]1[0xbc][0xf1]wT[0x95][0x19][0xed][0xe7]%X[0xa4]&,[0xf0]V[0xfd][0x82]Pc[0xeb]k[0x88][0x9e]T1[0x8c][0xd8]I(p|Sl78k)2[0x91][0xf1][0x93] [0xd5]E[0x8f][0xfd][0xc1]]9[0xf8][0xb0][0xf3]o[0x1e][0xbf]b[0xc7])>[0xc6]M[0xc5][0xdc]b[0x9c][0xa0][0xd9]T[0x15]P[0x17]E[0xcf]p%[0xf2]}X[0xf6][0xa5]Vc[0x8d][0xc6][0x93][0x89]&[0xb2]+[0x88]s[0x8f];[0xeb][0xb][0xd4]}U[0xd4][0xcd][0x18][0xde][0x8b][0xcc]w[0x85]K[0xf7]z[0x84][0x4][0xe9][0xe9]c[0x8c][0x8f][0xdb][0xa1][0xb6][0x8b][0xc6][0xe][0xe4][0xa6][0xca][0x81]8>[0xf3]@[0x1b][0xab][0x9a]Y[0x92]&H[0xe][0x6][0xf][0xe7][0xc1][0xe0][0xd3][0xb7]AQ[0xe1][0x93]Z[0xc][0xf4]3[0xa6]Z[0x94][0xe3][0x86]oI[0x92][0xf1][0xc9][0xec]xo[0xfc]ls=,[0xde][0xb2]X^[0xb4]F[0xa3][0xf1]D[0xa2][0x89][0xec][\n]"
05:56:02.507 [main] DEBUG org.apache.http.wire -  >> "bUe[0xb6]WeQ[0xf6][0xf3][0xd0][0x7]a[0xe][0x11][0x93][0xf9].[0x9b][0xb][0x86][0x8d][0xc9]([0x86]#[0xa1][0xab][0xe8][0xe]D[0x80]N[0xad][0xfb] )9[0xa6][0xb4][0xc6][0x12][0xf1][0xb5][0xb1][0xfc]K[0xf8]pN[0x9f][\r][0x82][0xf2][0xec][0xda]A[0x2]&[0x9][[0x99]$[0xf5]I-[0xe9][0x84][0x84];Q[0x9a]&[0xd7][0xf7][0x16]R{[0xb6][0xfe]#[0xbe][0xdb][0xc5][0xcf][0x8d][0xc6][0x93][0x8b]&[0xb2]+[\n]"
05:56:02.507 [main] DEBUG org.apache.http.wire -  >> "[0xaa]2[0x81][0x86][0xda][0xc6]Z/a[0xc5][0xfc][0xd2]([0x8f]l[0xaa][0xd3][0x82]_$[0xa4][0x86][0xb3][0xd7][0xa2][0x9a]G[0xd6][0xc1][0x1c]y,[0xd6][0x96][0x81][0x10]C[0xba][0x84][0xe4]>[0xc1]"k[[0x9d][0x8a][0xc1][0xf1][0x3][0xc5]a[0xb3][0xd2][0x1b][0xaf][0xb2]{[0x89][\r]^[0xb2]M[0xb4][0xb2][0xb2]|[0xae]I>[0xcb][0xfc][0x1f][0x9a][0x11][0x1f][0xba][0xdb][0xe9][0x17][0xfe][0xe8]=k4[0x1a]O,[0x9a][0xc8][0xae]([0xe][0xaa]l[0xcf] /[0xdb]F[0xe8][0x88][0xf1][0x83][0xdd]wY[0x1c][0xb0][0x83][0xcc][0x99][0xa9]#[0x9f][0xc6][0x94]7[0xcb][0x86][0xc2][0xa8][0x1f]K[0x2]I;a[0xa6][0xba][0xf2]}[0xc6][0xf5][0xd2][0xe9]h[0xe9]$1[0xba]+[0x93][0xf9][0xea]=[0x1c][0x8d][0x18]r[0x18]=[0xc6][0xa6]teV[0xd7][0xe][0x13][0x9f][0xa4][0x9c][0xb5]O[0xdf]g[0xe][0xb0]N[0xe5][0x8e]5[0x1a][0x8d]'[0x1a]MdW[0x18][0x1f][0xbe][0xf1][0xee][0xa7][0xf6][0xab][0xf6][0x83][0xa0]ic[0x0][0xc4][0xb5]Ku[0x15][0xd3]#YjO[0x13]E:0[0xcc][0x84]HL[0x94][0x8e][0xa7]=[0x90][0xd6][0xe][0x3][0xd7]e[0xae]+l[0xe3][0xb8]p[0xb1]AV[0xbe][0xcc]$$[0xc9][0xd4][0xd6][0x82]`[0xe2][0x98]'[0x19]I[0x9e][0xb5]F[[0xbe][0x90]WL2[0xac][0xce][0xd9][0xbc][0xdc][0x94][0xfb][0x9f]g_[0xfa][0x8b][0xe4]ek4[0x1a]O4[0x9a][0xc8][0xae]0Fg[0xfc]xi[0x98]:[0xac]BrP#S[0xa1]s%[0x99]6[0xc3]@k[0xd5][0x18][0x1]g"[0x94][0x19]\[0x8b]Qf[0xb][0x1a]=[0xe8]-![0xd0][0xb3]q[0xb0][0x93]WIv[0xb5][0xa6][0x12][0x83][0xc7]xa$[0xd5][0xb0][0xd9]TRd8O[0xda]MI[0x98][0xcd][0x92][0xa3][0xac][0xf9][0xbb]8[0xe][0xbf]6[0x1a][0x8d]'[0xf]n[0x8d]+[0x8f][0xef][0xfc][0xbd][0x9f]}sO'O[0x1f]^#?[0xa5][0xcf][0xff][0x12][0x8b]zv[0xc].3Du[0xa5]7[0xa6][0xba][0xdc]![0x91],*O[0xc6]X[0xa3]Yu[0x95][0xb2][0xf1]\[0xb3][0xf5][0xa3]CO[0xa9][0xfd][0xeb][0xc3][0xe3]a[0x96][0xe1]2[0x1c]cO[0xcd][0x86][0xe9][0xe2][0x0]p[0xfc]l#[0xe5]{[0xf6][0xdc]EUi[0x8f]c.$i#[0x81][0xcd]M[0x92]=[0xb3]|[0x83][0x8][0x97][0xc3][0xf7]o[0xbd][0xf9][0x8b][0xff][0xcd]3[0xd6]h4[0x9e]x[0xb4]"{[0xc][0xb0]'[0xa5][0xdb][0xeb]O[0xbe][0x1f][0xaa]&[0xcd]}[0x1a]rd[0xfe][0xc9][0xf8]L[0xcd]rQ[0x4]C|[0x83][0xf][0xb0][0xfd][0xe2]*[0x91][0xc6]Px[0x9d]n[0x8c][0x94]F;?[0xc4][\n]"
05:56:02.507 [main] DEBUG org.apache.http.wire -  >> "[0xd5]2[0xe8].M[0x8c][0xe1]N[0x9c][0xe6][0x1e][0x83][0x4]3r[0x99]aJd[0xdb][0x2][0xce]F[0x9b][0xf2]j[0xe1][0xc2][0x84]1[0x8d][0x85][0x8d][0xfa][0xc9][0xcf][0x8d]F#[0xd1]D[0xf6][0x18][0xe0][0x8d][0xbf][0xfb]#[0xf7][0xf7]K[0xf8][0xcb][0xf3][0xe2][0xae][0xbd][\n]"
05:56:02.508 [main] DEBUG org.apache.http.wire -  >> "[0x93][0xa4][0xf2][0xd5][0xa6][0xf]b&[0xbe][0xf0][0x88][0x17][0xb1][0xc2][0xaf][0x1b]8[0xb3]g[0xe3]mqX~[0xed][0xb4][0xed][>[\n]"
05:56:02.508 [main] DEBUG org.apache.http.wire -  >> "[0x6][0xbe][0x90]q[0xbc][0xb]U[0xfd]l[0xed]_b[0xfb][0xf9]0{[0x18][0x1f][0xa8][0xc9][0x1c][0x9b][0xcc][0x9d]J[0xd2][0xa5]W[0xe3] [0xd7][0xfb]g[0xaf][0xfc][0xb1][0xfb][0xd6]h4[0x1a][0xd6]D[0xf6][0xd8][0xe0]`[0xfc][0xd8]/[0xe2][0xbf]vx[0xed]lQe[0xe3][0xad][0xc1][0x9c][0xb1][0xbe][0x8a]A[0x12]$[0xa4]|[0xc][0xb][0xdc][0x82][0x95][0xed]R[0x7][0xe4][0xf8]d~t[0x8c][0xd4][0x9b]q[0x17][0x1c]kjG%[0xfb][0xe2][0xe1][0x9d].[0xce]H[0x1c][0xe6][0xf0][0xd1][0xb2][0xa0]|[0x80][0xf6][0xfb][0x9a][0xc3][0xa6][0x1e][0xce][0xd2][0x1d][0xe9]5[0xa5][0x18]f[0x94]w[0xef]Z[0xa3][0xd1]h$[0x9a][0xc8][0x1e][0x13][0x1c][0x8c][0x1f][0xfb][0xa5][0xff][0xd3]&u[[0x93][0x3]#[0xbb][0xce][0xb3]0+[0xa5][0xd2][0xe0][0x15][0xbf][0xa0]Xy[0xff][0xcb]g[0xc7][0xfb]Y[0x5][0xad]?[\r][\r]z[0xe1][0xf][0x19]!FC[0x19][0x9a][0x9b][0x1d][[0xe4]],[0x8e][0xec][0xd6][0x1][0xc1][0xc5][0xba][0xb4]1^)2[0x93]n[0xfb][0xea]|4[0xca]3[\r])[0xda]^[0x8d][0xdd][0xbe]o[0x8d]F[0xa3][0x91]h"{[0x8c][0xf0][0x8f][0xfe][0xce][0x8f][0xbe][0xb8]_[0xcc]?[0xe7]S[0xef]C[0xc1]0w8[0x9a][0xec][0xb2][0x9d][0xa2][0xa3]-U[0xf1][0xd5]p[0xdc]Gy[0xe3][\r]D[0xc5][0xef][0xd7][0x82][0xeb][0xf1][0xdc]1[0xab]>[0x8f].2-*[0xa1][0x16]d)[0xb8] [0xa5][0xbd][0x95]8.[0xb1][0xb9][0xb3][0xe0]ZB[0x9e][0xee]:[0x7][0x12],:[0x99][0x8c][0xa1]Z[0x8d]5[0x1a][0x8d][0x19]Md[0x8f][0x19][0xe2][0xc6][0xbb][0xb7][0xf7]?[0x1e][0xc][0x17][0x9f]6[0x8]N+|>[0xd7]d[0xaa][0xc2][0xca][0x92]1[0x9]+[0xf2][0x9][0xd0]x`'[0xe4]U[0xb5][0x83][0x12]Gde[0xb8][0xa4][0xf6][0xc][0xec]V[0xb2]l[0xc9]V[0xf4]i9d[0xf7][0x11][0xa8]1[0xf5])[0x8e][0xbc][0x1b][0xda]bI3[0xfc][0x98][0xad][0xf9][0xfa]f[0xbf]q[0xab][0xb1]F[0xa3]q[0x84]&[0xb2][0xc7][0xc]o[0xdc][0xe1][0xec][0xdc][0xe2]nT[0xa3])[0xe4][0x97]F'[0xe][0x9a]@[0x92]A[0x92][0xf0][0x9c]D[0x95][0xb9]4[0xf1][0x5][0xa6][0xa9]b[0xbc][0xe6]6[0x15][0xba][0xc]C[0xf3][0x8f]$.[0x4][0x1c][0xab][0x82][0xcc][0x8c][0xfc][0x97][0xf9][0xb3][0xd8]9[0xf2]uj[0xd4][0xa0]!2[0xf8]P[0xe7][0x8a] n[0xc2][0x95][0xc6][0xef][0xc7]|[0xce][[0x8d]5[0x1a][0x8d][0xb][0xe0][0xd6]x,[0xf1][0x9d][0xbf][0xf7]'~q[0xff][0xe3][0xfb]F[0xa7][0xb][0xa9]#K[0xb5][0xa3]1G_[0x16]*[0xaf]jG[0x85][0x1c][0x96][0xa5]sq[0xd8][0xe0]G[0xcc][0xd1][0xab][0xec][0x98][0x9d];[0x96][0xac]S[0x93][0xb6][0x1e]3C[0x9a]~[0xe][0xbb]d[0xb0][0x9d][0xe3][0x92][0xdf][0x99][0xc1][0x9d]8&^m[0x1c]GB/[0x9d][0x8b]J[0xb4][0xe3][0xa4][0xee][0xe9][0x95]?v[0xcb][0x1a][0x8d]Fc[0x83]Vd[0x8f])>|[0x8]1[0xba][0x9f][0x81][0x8c]@2e[0xf1][0xf3]a{w[0xd7]\[0x95][0xe5][0xcf][0x8a][0xef][\r][0xb5][0x15][0xda][0x1f][0xf1]P[0xbc][0xac]5j^[0xbd]A[0xea][0x19]+V[0x6][0x8f][0xd8][0xcc][0xcd][0xd7][0xfa]g[0xec]K[0x9][0x86]<[0x9c][0x81][0x9a]0[0xef][0xf1][0xc3][0xd1][0xf4][0xc3][0xab][0xe3][0x8d][0xdc]j[0xac][0xd1]h[0xbc][0x17]Z[0x91]=[0xc6][0xf8][0xd8][0xf2][0x13]7}[0xf1][0xd7]fu[0x95][0x8e][0xc0]A[0x8][0x87]OJE[0xf1]#[0x84][0x10][0xab]0[0x19]$[0x88]x_[0xa9];[0x17][0x92][0xf4]c[0x9b]<[0x94][0xd3][0xf4][0x9d][0xd7]6U[0x97]VnF9[0xee][0xd8][0xc4][0xc9]b[0xaa][0xec][0xb8][0xbf][0xc7][[0xff][0xe4][0x95][0xff][0xf6][0x19]k4[0x1a][0x8d][0xb][0xd0][0x8a][0xec]1[0xc6]([0x94][0x8e][0xbb][0xaa][0xca][0xa0]j2W[0xb5][0x82][0x8e][0xfc]r[0xe1][0xbb]o[0xdc][0x81]A/[0x88][0x98]<[0xbc][0xc][0x87]iR[0x8c]*!s[0x90][0x97]8[0xe7][0xd5][0xf4]X[0xd0]6[0x91][0xe3]pe[0xbf]7[0x1a]O*L9u[0xfa]X[0x87]][0xee]X[0xa3][0xd1]h[0xbc][0x7]Z[0x91]][0x3]|[0xec][0xb9][0x9f]|mO[0x11]7[0xd7]7[0x1b][0xd5]s[0x80][0xe4][0xa2][0x82][0xe]B3[0xdb]*+QM[0xb9]_[0x91][0xcb][0xb6]W[0x88][0xee][0xc3][0xc0]c~&[0xf3][0xa0]y$d[0xf7][0xf1]9T[0xa3][0xec][0x83][0xe3]:[0xbb][0xe1][0x1f]v=[0xfb]R[0xab][0xb1]F[0xa3][0xf1][\r][0xd0][0x8a][0xec]:[0xc0][0xdf][0xb9][0xbd]_[0xf9][0xcf][0xd6][0xd7]pS[0x94]W[0xd0][0x8c]%][0xe1][0xc][0xff]MM{[0xcb]4[0x88]Zg[0xab]]3[0xcc]H[0xb2][0xa9][0x82][0xe5]m[0xa1][0xb5][0x84][0x19]Gc_[0x90]X(?[0xe6]&[0xa1][0x9d][0x89]-[0x15][0x99][0x95][0xfb][0x92][0xdf][0xdc][0xb5]F[0xa3][0xd1][0xf8][0x6]hEvM[0xf0][0xb1][0x9b][0xfb]|[0xd9]n[0x9f]/[0xa3][0xe2][0x1][0x8b]-[0xa9][0xc2]b[0xca]MU[0x83][0xe1][0xd1][0x99][0x1e]J+[0xd9]g[0xdd][0x16][0xc5][0xd0]1[0xf1][0xcd][0x82]v[0x1d][0x88]&[0xca][0xa3]d|Rf[0x13][0x91][0xad]aHg[0x17][0xfc][0xe1][0xb6][0xd4][0x87]O[0x97][0xd2][0xab][0xf9][0xc5][0xd9][0x97]^[0xfd][0xe3][0xad][0xc6][0x1a][0x8d][0xc6]7D+[0xb2]k[0x82]7[0xee][0xff][0xc8][0xfd][0x9d][0xc5][0xa7][0xc6][0xbb][0x8a][0x1c][0x8e][0xee][0x1c][0xa0]"[0x8f]9[0x9e]x[0xe0]%/2[0x19];[0x99][0xcd][0xed][0xaf]|2[0xf3][0xc7][0xae]Hl[0xd3]ad[0x1e]C"[0x90][0xc6][0xc7][0xbd][0xb8]v[0xb0][0xaf]#d+[0xac][0xc9][0xe5][0xb1]~[0xde]j[0xac][0xd1]h[0xfc][0xb6]h"[0xbb]F[0xf8][0xe5][0xbf][0xfd]#/[0xed][0xc9][0xe0][0xc5][0xc3]ku[0xbd][0xfb][0xc6]za[0xd5]9[0xdf]ln"<[0xb9][0xec][0xdd][0xd0][0x91][0x8a][0x8f]l[0xb1][0xcc][0x88][0xb9][0xb4][0x8f][\n]"
05:56:02.508 [main] DEBUG org.apache.http.wire -  >> "[0xc7]c[0xd0][0xf4][0x10][0xe3]Ghw[0x8e]@FM[0x93]j[0x92][0x81][0x83]Y%[0xb7]x[0xb0][n[0xbc]f[0x8d]F[0xa3][0xf1][0xdb][0xa0][0x89][0xec][0x9a][0xe1][0xc3][0xcb];[0x7][0x15][0xf3][0xfa][0xfa]&[0x3][0x86]0dh[0x1][0xb4]M[0xc4]#RhN[0x97][0xc5][0xe][0xda][0x8b][\r][0x89]e[0xb7]Tx[0xf2][0x1][0xec][0xf4]f[0xdb][0xef][0xc6][0xe1]Sy9[0x93]fGEhc[0xba][0x87]?[0xaf][0xbc][0xf9][0xb][0xf4]-k4[0x1a][0x8d][0xdf][0x6]Md[0xd7][0xc][0xa3]K[0xfe];[0xcf][0xaf][0xe6][0x8f][0x94]8[0x93][0xab][0xd0]L[0xfc][0xf0]e[0xdc][0xf0][0xb2]'[0xf2];8[0xf8][0xf5]10[\n]"
05:56:02.508 [main] DEBUG org.apache.http.wire -  >> "[0xf4]R[0xbc][0xe0]I[0xd5][0xb6]>[0x84]s[0x1c]LB[0x88]p[0xdc][0xab][0xb5]^C[0x90][0xb0][0xdd][0x87][0x9f][0xfb]y[0x87][0x15][0x1b][0x8d][0xc6][0xfb]B[0x13][0xd9]5[0xc4][0xa1][0x1f][0xe3]>[0xf9]uk[0xff][0xf2][0xd7]\[0x1c][0x89].[0xad][0xa9]&[0x92]Yk[0xc8][0xb6][0xda]ht[0xbe][0xf]>b[0xc5]7u[0xca]>=<[0x93]Q[0xc9][0xf5]M[0xf0]8PX[0x93][0xa1]Q[0x82][0x8f][0xf3][0xb3][0xd0]PY[0xe6][0xf7][0xce]^[0xb9]}f[0x8d]F[0xa3][0xf1]>[0xd0]DvM[0xf1][0xc6][0xfd][0x1f]:[0xb][0xdf]}[0xff][0xe4][0xc2][0xf]0[0x92][0x84][0x9][0xe9]4,eeH[0xa4][0xe5][0x13]\2mFO![0x92]_[0xeb]wx[0x8a]3[0x9f][0x19][0xc3]a[0xd9][0xe1]>[0xb7][0xb3]z^[0xda]pD2[0xe0][0x19][0xf2][0x90][0xe8][0xc3][0x8b][0xf3][0xf3][0x97][0xad][0xd1]h4[0xde]'[0x9a][0xc8][0xae]1[0xe]N[0xc6]=[0xfd]|[0xca]7[0xb9]*[0xb4][0x9b]Z[0x11][0x10]L[0x8][0xf9][0xf1][0x99]a.[0xf9][0xaa][0xfc] [0x15]][0xc5][0x2][0xd3][0x92][0x98]?}[0x99]D[0x99][0xfc][0x91][0xd0][0xa3][0x93]$s[0x8][0xc7][0xe3]h2[0x1d]w[0xf6][0xc5][0xbf][0xd4][0x8f]ji4[0x1a][0xef][0x1f]Md[0xd7][0x1c][0xbf]|[0xff][0x87]_[\n]"
05:56:02.509 [main] DEBUG org.apache.http.wire -  >> ";[0xbf][0xbb][0xc9][0x91]m[0x80]f[0x1f][0xf9][0xc8][0x95]MO)[0xcb]R2[0x88];<oL[0xc6][0x9]}[0xd0][0xe6]v[0xec][0xf1][0x3][0x84]6[0x88][0x92][0xcf]'c[0xc8][0x11]/v[0x9d][0x1b]k4[0x1a][0xdf][0x14]nX[0xe3][0xda][0xe3]_[0x9e][0xfd][0xd5][0xfb][0xff][0xde][0xd3][0xdf]{xy[0x93][0x9d][0xec][0x87]z[0x1a][0xaa][0xa8][0x1e]RfK%[0xd5][0x1c][0xae][0xc7][0xfa][0xfe][0x80][0x98][0xdf][0xc3][0x7]9>[0xa2]+[0x92]!Gs[0xf3][0xa9][0x81]p~[0x8a][0xd1]k[0x8c]U[0x8d]}[0xe9][0xd5][0xdb][0xb7][0xad][0xd1]h4[0xbe][0x9][0xb4]"{B[0xf0][0xc6][0xfd][0x1f]>([0x9d]{|[0x1e]YD[0xa6][0xae][0x90][0xb7][0xca][0xe7][0x91]Yu[0xb9]2S[0x83]G[0x90][0x95][0xc6][0xd7][0xd3][0xf][0xe4][0xb9]j[0xdb][0xc]#[0xfa][0xe4]v[0x8c][0xad][0x8c][0xab][0xf6]U[0xfb][0xfd][0x17]_[0xee][[0xa3][0xd1]h|[0x93]h"{[0x82][0xb0]'[0xb3][0xbd][0xda][0x89][0x97]G[0x9b][0x8d][0xc3]'[0xa3]0[0xba][0xbc][0xf0][0xb6][0xb2]K[0xb6][0x87]r[0xb5][0xc9][0x7][0xc2][0x8f][0xda][0xe]_[0xc3][0x82].]>F3[0x91][0x80][0xdd][0x9e]6[0xc9][0x98]k[0xcb]R[0xa6][\r][0x1a]][0xcc][0xdf]i[0xcb]}[0xa3][0xd1][0xf8][0x0]h"{[0xc2][0xf0][0xc6][0xfd][0xff][0xe9][0x93]{[0xda][0xb8][0x8f][0xf7][0xd5][0x9d]w[0xf5][0xda][0xdb][0xa4][0xa0][0xd0][0xdf]C[0xb3]f[0xe3]/[0x92]Y[0x88][[0xf1][0xa8]n,[0xd0][0xf9][0x3].[0xc5]m-[0xda]`[0xb7][0xf5][0xef]][0xdc]o[0xcb]}[0xa3][0xd1][0xf8] h"{[0x2][0xf1][[0xf6][0xf6][0xf3]{[0xc9][0xf4]zH[[0xfa][0xcc]^[0xd9][0xa6]X,[0xb2][0xe1]o=-[0xba][0xf2]jf[0xfa][0xc]1[0xb1][0xf9][0x1b][0xea][0xab]][0xf2]cIb[0xe][0xd3]Gm<hp[0xf1]{[0xd6]h4[0x1a][0x1f][0x0]n[0x8d]'[0x12]O[0xdf][0xfc][0xcc]G?[0xec][0x1f]~m[0xff][0xf][0xe0][0xe3][0x7][0xe3][0x7][0x8d][0x88][0xa3][0xa2][0xeb][0xb0][0x89]<[0xd3][0xcc]Yo[0x86]*g[0xb6][0x98]J;>[0x1b][0x2];-[0xfa][0x8e][0xa1][0xa2][0x1a]~[0x8c][0x18][0xe4]"VF[[0x7]<[0xfb][0xd2][0xff][0xff][0xc9]g[0xac][0xd1]h4>[0x0]Z[0x91]=[0xa1]8[0xbb][0xff][0xc2][0x83][0xb7][0xe3][0xed][C[0x99][0xed]<;u[0xe8]3.3[0x1c][0xb8]d41}[0xf3][0xd2]E[0x9f][0xb9]/3[0x16][0x8a])|[0xfa][0x9]cdx5'f[0x94][0xf2][0xbe]5[0x1a][0x8d][0xc6][0x7]D[0x13][0xd9][0x13][0x8c][0x95][0xcc][0xec][0xeb][0xb7][0x16]_^A[0x9e]K{N[0x8d]g[0x8d][0x81]q[0xc2][0x19][0x89][0xc4][0x3]:[0xf3]u~_[0x3]o*[0xb0][0xd1])x[0xfa][0xb8]DZ[0x9c][0xdf][0x88][0xbb][0xd6]h4[0x1a][0x1f][0x10][0x1d]Zl[0xac][0xf8][0xd8]w[0xff][0xd9][0xff]gO+[0x1c][0xbd]6[0xd2][0xc1]h[0x15]B[0x1c][0x9e]z[0x9b][0xc2][0x8a]#[0x1e][0xc9][0xe7][0x9d]1[0xac]8[0xda]][0xc1][0xae][0xcf][0x90][0xa3][0xb3][0x11][0xbf][0x86]-[0xef][0xf1]/}[0xf2][0x96]5[0x1a][0x8d][0xc6][0x7]D+[0xb2][0xc6][0x8a]7[0xfe][0xd6][0xf][0xdd][0xde][0xf3][0xcb]K[0xb4][0xd1]gK[0xc4]$,[0x83][0xc3]P:tT[0xb7][0xfa][\n]"
05:56:02.509 [main] DEBUG org.apache.http.wire -  >> "7[0x6][0x9a][\r][0x83][0xc4]V{[0xb5][0xc3][0xf2]l[0x12][0x92][\r][0x89][0xd7][0xad]_[0xb6]F[0xa3][0xd1][0xf8][0x16][0xd0]D[0xd6] ~[0xf9]o[0xfd][0x8f]/[0xec]9[0xe7].[0x3][0x8c][0x83][0xb6] [0xa6]F[0xbd][0xb4][0xda][0x1a][0xdd]Q,f&[0xf][0xdb]t[\r]7[0x92][0xf8][0xcc][0xa6][0xa6]!c[0xb7][0x7][0xe7][0xbf]n[0xaf]X[0xa3][0xd1]h|[0xb]h"kLx[0xe3]o[0xfc][0xd0][0x1d][0xf7][0xe5][0xce][0x10]`U[0xfb][0xac][0xad]<[0x1c]nE[0xe6][0xd5]|[0x84][0x18]1[0x88][0x18]@b<Ds[0x94][0x92]q<:=^9[0xbb][0xfb][0x81]5[0x1a][0x8d][0xc6][0xb7][0x80]&[0xb2][0xc6][0x11][0xde][0xf8][0x1b][0xf2][0xae][0xc5][0xf2])V[0x8e][\r][0xee][0x19][0xe2][0x8b]b-[0x1f][0x92][0x99][0x8f]s[0x99][0x6][0xc8][0xce][0x1e][0xce][0xed]L[0x8a][0xa1][0x9d]O[0xfa][0xdc]s_[0x87][0x15][0x1b][0x8d][0xc6][0xb7][0x8c]6{4[0xde][0x13][0xdf]u[0xf3][0xa7]>~[0xfe][0xa1][0xf][0xbd][0xb6][0xf9][0xd1][0xc]2[0xe2][0x81]-[0x3]i[0xd9]_M[0x1c][0xd9][0x83][\n]"
05:56:02.509 [main] DEBUG org.apache.http.wire -  >> "[0x9f][0xe7][0x6][0x10]s[0xf0](F[0xa6][0xce][0xe][0x3][0x9d]}[0xe9]/[0xdf]~[0xc6][0x1a][0x8d]F[0xe3][D+[0xb2][0xc6]{[0xe2][0x1f][0xde][0xff][0xe1][0xd7][0xfd][0xdd][0xdd][0xb3]{[0xda]9[0xa3][0x10][0x1b]?[0x18]s[0x1c]M[0xef][0xc3][0xcb]~?B[0x8e][0xf5][0xc8][0x16]4[\n]"
05:56:02.509 [main] DEBUG org.apache.http.wire -  >> "[0x1e]]@[0xd0][0x2]k[0x91]6Y[0x8d]F[0xa3][0xf1][0xad][0xa0][0x89][0xac][0xf1][\r]qx[0xd2][0xb4][0xdf][0x88][{>z[0x9d][0x9d][0x16][0x8f][0x94][0x97][0xbe][0x9b][0x1b][\r][0xe7]WV[0xb5][0xd3]t0[0xbe]d[0x8d]F[0xa3][0xf1][0x10][0xd0][0xa1][0xc5][0xc6][0xfb][0xc6][0xf0][0x9f][0xfe][0xf4][0x8b][0xbe][0xf8][0x8f][0xae]-[0xa6]6m@[0xd4][0xf][0x12][0xe8][0xc1][0xe8]4[0x8a]D5'^[0xff]:[0xfb]B[0x87][0x15][0x1b][0x8d][0xc6]CB+[0xb2][0xc6][0xfb][0xc6][0x17][0xfe][0xe6][0x9f][0xf8][0x94][0xf9][0xee][0xd3][0xb1][0x1b][0xbe][0xfa][0xd0][0x9e][0xf8][0xbc]%[0x1a]>[0xfd][0xf5][0xd3][0xf5][0xfb][0xea][0xbb]x[0xd8]h7[0xbc][0x8e]m[0xb9]o4[0x1a][0xf][\r]Md[0x8d]o[\n]"
05:56:02.509 [main] DEBUG org.apache.http.wire -  >> "[0xff][0xf8][0xaf][0xff][0xc9];[0xcb][\r][0xff][0xee]C[0xde][0xc]=[0xa7][0xf4]Q.[0x15]Z[0x84][0x9b][0xb1][0x1e][0xa6][0x19][0xf9][0xc0]M[0xff]z[0xbb][0x15][0x1b][0x8d][0xc6][0xc3]C[0x87][0x16][0x1b][0x1f][0x8][0x1f][0xfb]}[0xf6][0xe9]][0xdc]xm[0xff]O[0xe8]i[0xb6][0xa1]2[0xaf][0xd6]SS][0x19]>Z?{[0xf3][0x8b][0xf9][0xf6]wX[0xa3][0xd1]h<$[0xb4]"k| [0xbc][0xf1]K?t[0xf6][0x8f][0xff][0xda][0x9f]xf[0xcf]_/[0x92][0xb1][0xd0][0xaa][0xca]S}[0xd9] [0xaf][0xea]P[0xb5][\n]"
05:56:02.509 [main] DEBUG org.apache.http.wire -  >> "[0xb7][0xcf]Y[0xa3][0xd1]h<D4[0x91]5[0xbe]%|[0xe1][0xaf][0xff][0xf]/[0xec],^[0xd8][0xf3][0xd6][0xe8][0xd0][0x11][0xd9][0x17]8[0xd8]{[0xd1][0x84][0xe8][0xcc][0x97]w;[0xac][0xd8]h4[0x1e]*:[0xb4][0xd8]x(xz[0x1f]j|[0xca][0x9e]:[0x14]O?=[0x1b]<[0xec][0xc0]^x[0x1e][0xe7][0xaf]}[0xf1][0xaf][0xdc][0xfe]w[0xad][0xd1]h4[0x1e]"Z[0x91]5[0x1e][\n]"
05:56:02.509 [main] DEBUG org.apache.http.wire -  >> "[0xce][0xf6][0xa1][0xc6]/[0xfc][0xd2][0xff]L[0xb8][0xbf]8[0x19][0xed][0xb3]@[0xfa][0x10]^\,[0xfe][0xb6]5[0x1a][0x8d][0xc6]CF[0x13]Y[0xe3][0xa1][0xe2][0x8b][0xf5][0x7][0xf]a[0xc6][0xdb][0xfb][0x97]g[0xac][0x1f][0x3][0xdc]~[0xd1][0x1a][0x8d]F[0xe3]![0xa3][0x89][0xac][0xf1][0xd0][0xf1][0x85]_[0xfa][0xc1]{7b[0xb9][0xb5][0xf9]9[0xd4][0x9a][0x1d]Rg_?[0xbb][0x8d][0x1e][0x8d]F[0xe3][0xa1][0xa3]sd[0x8d]G[0x8a][0xff]?[0xff][0x99];[0xfb][0xf4][0xd8][0xff][0xbc][0x8f]-~~[0x9f][0x1f]{[0xd6][0x1a][0x8d]F[0xe3]![0xa3][0x15]Y[0xe3][0x91][0xe2][0x8b][0xe5][0x7][0xef][0xbc][0x1b][0xfe][0x1d][0xfb]i[0xaf]Z[0xa3][0xd1]h<[0x2][0xfc][0x1b][0x3];[0x17]ti[0xe1][0xa5]m[0x0][0x0][0x0][0x0]IEND[0xae]B`[0x82]"
05:56:02.509 [main] DEBUG org.apache.http.wire -  >> "[\r][\n]"
05:56:02.509 [main] DEBUG org.apache.http.wire -  >> "--"
05:56:02.509 [main] DEBUG org.apache.http.wire -  >> "<calculated when request is sent>"
05:56:02.509 [main] DEBUG org.apache.http.wire -  >> "--"
05:56:02.509 [main] DEBUG org.apache.http.wire -  >> "[\r][\n]"
05:56:04.935 [main] DEBUG org.apache.http.wire -  << "HTTP/1.1 200 OK[\r][\n]"
05:56:04.935 [main] DEBUG org.apache.http.wire -  << "Content-Type: application/json; charset=UTF-8[\r][\n]"
05:56:04.935 [main] DEBUG org.apache.http.wire -  << "Vary: Origin[\r][\n]"
05:56:04.935 [main] DEBUG org.apache.http.wire -  << "Date: Thu, 22 Jun 2023 22:56:01 GMT[\r][\n]"
05:56:04.935 [main] DEBUG org.apache.http.wire -  << "Content-Length: 393[\r][\n]"
05:56:04.935 [main] DEBUG org.apache.http.wire -  << "[\r][\n]"
05:56:04.935 [main] DEBUG org.apache.http.impl.conn.DefaultClientConnection - Receiving response: HTTP/1.1 200 OK
05:56:04.935 [main] DEBUG org.apache.http.headers - << HTTP/1.1 200 OK
05:56:04.935 [main] DEBUG org.apache.http.headers - << Content-Type: application/json; charset=UTF-8
05:56:04.936 [main] DEBUG org.apache.http.headers - << Vary: Origin
05:56:04.936 [main] DEBUG org.apache.http.headers - << Date: Thu, 22 Jun 2023 22:56:01 GMT
05:56:04.936 [main] DEBUG org.apache.http.headers - << Content-Length: 393
05:56:04.936 [main] DEBUG org.apache.http.impl.client.DefaultHttpClient - Connection can be kept alive indefinitely
05:56:04.936 [main] DEBUG io.restassured.internal.RestAssuredHttpBuilder - Parsing response as: application/json; charset=UTF-8
05:56:04.936 [main] DEBUG io.restassured.internal.RestAssuredHttpBuilder - Parsed data to instance of: class org.apache.http.conn.EofSensorInputStream
05:56:04.939 [main] DEBUG org.apache.http.wire -  << "{"data":{"id":"85e13c3f-613d-4059-baa4-d31db99ef116","name":"","email":"","balance":0,"pin":"","phone":"","image":"https://res.cloudinary.com/ddleabcu2/image/upload/v1687474560/ppob/giftcvflsjl6jmwp6zmf.png","address":"","created_at":"0001-01-01T00:00:00Z","updated_at":"2023-06-22T22:56:01.549556968Z"},"metadata":{"status":200,"message":"User Image Updated successfully"},"pagination":null}[\n]"
05:56:04.939 [main] DEBUG org.apache.http.impl.conn.BasicClientConnectionManager - Releasing connection org.apache.http.impl.conn.ManagedClientConnectionImpl@4a10c019
05:56:04.939 [main] DEBUG org.apache.http.impl.conn.BasicClientConnectionManager - Connection can be kept alive indefinitely
05:56:04.941 [main] DEBUG net.thucydides.core.steps.StepInterceptor - STEP DONE: I send upload image HTTP request with format valid
  &amp#27;[32mThen &amp#27;[0m&amp#27;[32mI send upload image HTTP request with format valid&amp#27;[0m      &amp#27;[90m# starter.stepdefinitions.user.UpdateImageSteps.iSendUploadImageHTTPRequestWithFormatValid()&amp#27;[0m
05:56:04.949 [main] DEBUG net.thucydides.core.steps.StepInterceptor - STARTING STEP: UpdateImageSteps.iReceivedValidHTTPResponseCodeForUpdateImage - I received valid HTTP response code 200 for update image
05:56:04.952 [main] DEBUG net.thucydides.core.steps.StepInterceptor - STEP DONE: I received valid HTTP response code 200 for update image
  &amp#27;[32mAnd &amp#27;[0m&amp#27;[32mI received valid HTTP response code &amp#27;[0m&amp#27;[32m&amp#27;[1m200&amp#27;[0m&amp#27;[32m for update image&amp#27;[0m &amp#27;[90m# starter.stepdefinitions.user.UpdateImageSteps.iReceivedValidHTTPResponseCodeForUpdateImage(int)&amp#27;[0m
05:56:04.960 [main] DEBUG net.thucydides.core.steps.StepInterceptor - STARTING STEP: UpdateImageSteps.iReceivedValidDataForUpdateImageUser - I received valid data for update image user
05:56:04.985 [main] DEBUG net.thucydides.core.steps.StepInterceptor - STEP DONE: I received valid data for update image user
  &amp#27;[32mAnd &amp#27;[0m&amp#27;[32mI received valid data for update image user&amp#27;[0m              &amp#27;[90m# starter.stepdefinitions.user.UpdateImageSteps.iReceivedValidDataForUpdateImageUser()&amp#27;[0m
05:56:04.991 [main] INFO  - 
  _____   ___   ___   _____     ___     _     ___   ___   ___   ___  
 |_   _| | __| / __| |_   _|   | _ \   /_\   / __| / __| | __| |   \ 
   | |   | _|  \__ \   | |     |  _/  / _ \  \__ \ \__ \ | _|  | |) |
   |_|   |___| |___/   |_|     |_|   /_/ \_\ |___/ |___/ |___| |___/ 

User berhasil mengubah gambar profil
----------------------------------------------------------------------
]]></system-out>
  </testcase>
  <testcase name="User belum berhasil mengubah gambar profil karena format gambar invalid" classname="Update Image" time="1.013">
    <failure type="java.lang.AssertionError"><![CDATA[java.lang.AssertionError: 
1 expectation failed.
Expected status code <400> but was <200>.

]]></failure>
    <system-out><![CDATA[05:56:05.024 [Finalizer] DEBUG org.apache.http.impl.conn.DefaultClientConnection - Connection 0.0.0.0:53591<->34.101.78.228:2424 closed
05:56:05.024 [Finalizer] DEBUG org.apache.http.impl.conn.DefaultClientConnection - Connection 0.0.0.0:53594<->34.101.78.228:2424 closed

@Update-Image-02
Scenario: User belum berhasil mengubah gambar profil karena format gambar invalid         &amp#27;[90m# src/test/resources/features/User/UpdateImage.feature:13&amp#27;[0m
05:56:05.025 [Finalizer] DEBUG org.apache.http.impl.conn.DefaultClientConnection - Connection 0.0.0.0:53593<->34.101.78.228:2424 closed
05:56:05.025 [Finalizer] DEBUG org.apache.http.impl.conn.DefaultClientConnection - Connection 0.0.0.0:53592<->34.101.78.228:2424 closed
05:56:05.025 [Finalizer] DEBUG org.apache.http.impl.conn.DefaultClientConnection - Connection 0.0.0.0:53590<->34.101.78.228:2424 closed
05:56:05.025 [Finalizer] DEBUG org.apache.http.impl.conn.DefaultClientConnection - Connection 0.0.0.0:53589<->34.101.78.228:2424 closed
05:56:05.026 [Finalizer] DEBUG org.apache.http.impl.conn.DefaultClientConnection - Connection 0.0.0.0:53588<->34.101.78.228:2424 closed
05:56:05.026 [main] INFO io.cucumber.core.plugin.SerenityReporter - Running feature from file:///C:/Dev/CapstoneProjectBaru/SKUYPAY%20API%20AUTOMATION/src/test/resources/features/User/UpdateImage.feature
05:56:05.028 [main] INFO  - 
  _____   ___   ___   _____     ___   _____     _     ___   _____   ___   ___  
 |_   _| | __| / __| |_   _|   / __| |_   _|   /_\   | _ \ |_   _| | __| |   \ 
   | |   | _|  \__ \   | |     \__ \   | |    / _ \  |   /   | |   | _|  | |) |
   |_|   |___| |___/   |_|     |___/   |_|   /_/ \_\ |_|_\   |_|   |___| |___/ 

User belum berhasil mengubah gambar profil karena format gambar invalid(update-image;user-belum-berhasil-mengubah-gambar-profil-karena-format-gambar-invalid)
--------------------------------------------------------------------------------
05:56:05.048 [main] DEBUG net.thucydides.core.steps.StepInterceptor - STARTING STEP: UpdateImageSteps.iHaveEndpointAuthForUpdateImageUser - I have endpoint auth for update image user
05:56:05.048 [main] DEBUG net.thucydides.core.steps.StepInterceptor - STEP DONE: I have endpoint auth for update image user
  &amp#27;[32mGiven &amp#27;[0m&amp#27;[32mI have endpoint auth for update image user&amp#27;[0m                                        &amp#27;[90m# starter.stepdefinitions.user.UpdateImageSteps.iHaveEndpointAuthForUpdateImageUser()&amp#27;[0m
05:56:05.055 [main] DEBUG net.thucydides.core.steps.StepInterceptor - STARTING STEP: UpdateImageSteps.iSendEndpointAuthForUpdateImageAndGetToken - I send endpoint auth for update image and get token
05:56:05.058 [main] DEBUG net.thucydides.core.steps.StepInterceptor - STARTING STEP: UpdateImage.iSendEndpointAuthforUpdateImageUserandGetToken - I have endpoint auth for update image user
05:56:05.058 [main] DEBUG net.thucydides.core.steps.StepInterceptor - STEP DONE: I have endpoint auth for update image user
05:56:05.076 [main] DEBUG org.apache.http.impl.conn.BasicClientConnectionManager - Get connection for route {}->http://34.101.78.228:2424
05:56:05.077 [main] DEBUG org.apache.http.impl.conn.DefaultClientConnectionOperator - Connecting to 34.101.78.228:2424
05:56:05.095 [main] DEBUG org.apache.http.client.protocol.RequestAddCookies - CookieSpec selected: ignoreCookies
05:56:05.095 [main] DEBUG org.apache.http.client.protocol.RequestAuthCache - Auth cache not set in the context
05:56:05.095 [main] DEBUG org.apache.http.client.protocol.RequestTargetAuthentication - Target auth state: UNCHALLENGED
05:56:05.095 [main] DEBUG org.apache.http.client.protocol.RequestProxyAuthentication - Proxy auth state: UNCHALLENGED
05:56:05.095 [main] DEBUG org.apache.http.impl.client.DefaultHttpClient - Attempt 1 to execute request
05:56:05.095 [main] DEBUG org.apache.http.impl.conn.DefaultClientConnection - Sending request: POST /api/v1/login HTTP/1.1
05:56:05.095 [main] DEBUG org.apache.http.wire -  >> "POST /api/v1/login HTTP/1.1[\r][\n]"
05:56:05.096 [main] DEBUG org.apache.http.wire -  >> "Accept: */*[\r][\n]"
05:56:05.096 [main] DEBUG org.apache.http.wire -  >> "Content-Type: application/json[\r][\n]"
05:56:05.096 [main] DEBUG org.apache.http.wire -  >> "Content-Length: 50[\r][\n]"
05:56:05.096 [main] DEBUG org.apache.http.wire -  >> "Host: 34.101.78.228:2424[\r][\n]"
05:56:05.096 [main] DEBUG org.apache.http.wire -  >> "Connection: Keep-Alive[\r][\n]"
05:56:05.096 [main] DEBUG org.apache.http.wire -  >> "User-Agent: Apache-HttpClient/4.5.13 (Java/19.0.2)[\r][\n]"
05:56:05.096 [main] DEBUG org.apache.http.wire -  >> "Accept-Encoding: gzip,deflate[\r][\n]"
05:56:05.096 [main] DEBUG org.apache.http.wire -  >> "[\r][\n]"
05:56:05.096 [main] DEBUG org.apache.http.headers - >> POST /api/v1/login HTTP/1.1
05:56:05.096 [main] DEBUG org.apache.http.headers - >> Accept: */*
05:56:05.096 [main] DEBUG org.apache.http.headers - >> Content-Type: application/json
05:56:05.096 [main] DEBUG org.apache.http.headers - >> Content-Length: 50
05:56:05.096 [main] DEBUG org.apache.http.headers - >> Host: 34.101.78.228:2424
05:56:05.096 [main] DEBUG org.apache.http.headers - >> Connection: Keep-Alive
05:56:05.096 [main] DEBUG org.apache.http.headers - >> User-Agent: Apache-HttpClient/4.5.13 (Java/19.0.2)
05:56:05.096 [main] DEBUG org.apache.http.headers - >> Accept-Encoding: gzip,deflate
05:56:05.096 [main] DEBUG org.apache.http.wire -  >> "{"password":"12345678","email":"melmel@gmail.com"}"
05:56:05.202 [main] DEBUG org.apache.http.wire -  << "HTTP/1.1 200 OK[\r][\n]"
05:56:05.202 [main] DEBUG org.apache.http.wire -  << "Content-Type: application/json; charset=UTF-8[\r][\n]"
05:56:05.202 [main] DEBUG org.apache.http.wire -  << "Vary: Origin[\r][\n]"
05:56:05.202 [main] DEBUG org.apache.http.wire -  << "Date: Thu, 22 Jun 2023 22:56:01 GMT[\r][\n]"
05:56:05.202 [main] DEBUG org.apache.http.wire -  << "Content-Length: 405[\r][\n]"
05:56:05.202 [main] DEBUG org.apache.http.wire -  << "[\r][\n]"
05:56:05.202 [main] DEBUG org.apache.http.impl.conn.DefaultClientConnection - Receiving response: HTTP/1.1 200 OK
05:56:05.202 [main] DEBUG org.apache.http.headers - << HTTP/1.1 200 OK
05:56:05.203 [main] DEBUG org.apache.http.headers - << Content-Type: application/json; charset=UTF-8
05:56:05.203 [main] DEBUG org.apache.http.headers - << Vary: Origin
05:56:05.203 [main] DEBUG org.apache.http.headers - << Date: Thu, 22 Jun 2023 22:56:01 GMT
05:56:05.203 [main] DEBUG org.apache.http.headers - << Content-Length: 405
05:56:05.203 [main] DEBUG org.apache.http.impl.client.DefaultHttpClient - Connection can be kept alive indefinitely
05:56:05.203 [main] DEBUG io.restassured.internal.RestAssuredHttpBuilder - Parsing response as: application/json; charset=UTF-8
05:56:05.203 [main] DEBUG io.restassured.internal.RestAssuredHttpBuilder - Parsed data to instance of: class org.apache.http.conn.EofSensorInputStream
05:56:05.206 [main] DEBUG org.apache.http.wire -  << "{"data":{"id":"85e13c3f-613d-4059-baa4-d31db99ef116","name":"mel","email":"melmel@gmail.com","token":"eyJhbGciOiJIUzI1NiIsInR5cCI6IkpXVCJ9.eyJhdXRob3JpemVkIjp0cnVlLCJleHAiOjE2OTAwNjY1NjEsInVzZXJJZCI6Ijg1ZTEzYzNmLTYxM2QtNDA1OS1iYWE0LWQzMWRiOTllZjExNiIsInVzZXJfdHlwZSI6InVzZXIifQ.rxE3RkIK-zQ7SXl75iyZBH7zWQzrccwAjPOwmeyTN5s"},"metadata":{"status":200,"message":"User Login successfully"},"pagination":null}[\n]"
05:56:05.206 [main] DEBUG org.apache.http.impl.conn.BasicClientConnectionManager - Releasing connection org.apache.http.impl.conn.ManagedClientConnectionImpl@24a807a9
05:56:05.206 [main] DEBUG org.apache.http.impl.conn.BasicClientConnectionManager - Connection can be kept alive indefinitely
05:56:05.230 [main] DEBUG net.thucydides.core.steps.StepInterceptor - STEP DONE: I send endpoint auth for update image and get token
  &amp#27;[32mWhen &amp#27;[0m&amp#27;[32mI send endpoint auth for update image and get token&amp#27;[0m                                &amp#27;[90m# starter.stepdefinitions.user.UpdateImageSteps.iSendEndpointAuthForUpdateImageAndGetToken()&amp#27;[0m
05:56:05.236 [main] DEBUG net.thucydides.core.steps.StepInterceptor - STARTING STEP: UpdateImageSteps.iSetUpdateImageApiEndpoint - I set update image api endpoint
05:56:05.236 [main] DEBUG net.thucydides.core.steps.StepInterceptor - STEP DONE: I set update image api endpoint
  &amp#27;[32mThen &amp#27;[0m&amp#27;[32mI set update image api endpoint&amp#27;[0m                                                    &amp#27;[90m# starter.stepdefinitions.user.UpdateImageSteps.iSetUpdateImageApiEndpoint()&amp#27;[0m
05:56:05.244 [main] DEBUG net.thucydides.core.steps.StepInterceptor - STARTING STEP: UpdateImageSteps.iSendUploadImageHTTPRequestWithFormatInvalid - I send upload image HTTP request with format invalid
05:56:05.249 [main] DEBUG net.thucydides.core.steps.StepInterceptor - STARTING STEP: UpdateImage.iSendUploadImageHTTPRequestwithFormatInvalid - I set update image api endpoint
05:56:05.249 [main] DEBUG net.thucydides.core.steps.StepInterceptor - STEP DONE: I set update image api endpoint
05:56:05.275 [main] DEBUG org.apache.http.impl.conn.BasicClientConnectionManager - Get connection for route {}->http://34.101.78.228:2424
05:56:05.275 [main] DEBUG org.apache.http.impl.conn.DefaultClientConnectionOperator - Connecting to 34.101.78.228:2424
05:56:05.294 [main] DEBUG org.apache.http.client.protocol.RequestAddCookies - CookieSpec selected: ignoreCookies
05:56:05.294 [main] DEBUG org.apache.http.client.protocol.RequestAuthCache - Auth cache not set in the context
05:56:05.294 [main] DEBUG org.apache.http.client.protocol.RequestProxyAuthentication - Proxy auth state: UNCHALLENGED
05:56:05.294 [main] DEBUG org.apache.http.impl.client.DefaultHttpClient - Attempt 1 to execute request
05:56:05.294 [main] DEBUG org.apache.http.impl.conn.DefaultClientConnection - Sending request: PUT /api/v1/user/image HTTP/1.1
05:56:05.294 [main] DEBUG org.apache.http.wire -  >> "PUT /api/v1/user/image HTTP/1.1[\r][\n]"
05:56:05.294 [main] DEBUG org.apache.http.wire -  >> "Authorization: Bearer eyJhbGciOiJIUzI1NiIsInR5cCI6IkpXVCJ9.eyJhdXRob3JpemVkIjp0cnVlLCJleHAiOjE2OTAwNjY1NjEsInVzZXJJZCI6Ijg1ZTEzYzNmLTYxM2QtNDA1OS1iYWE0LWQzMWRiOTllZjExNiIsInVzZXJfdHlwZSI6InVzZXIifQ.rxE3RkIK-zQ7SXl75iyZBH7zWQzrccwAjPOwmeyTN5s[\r][\n]"
05:56:05.294 [main] DEBUG org.apache.http.wire -  >> "Accept: application/json[\r][\n]"
05:56:05.294 [main] DEBUG org.apache.http.wire -  >> "Content-Length: 24159[\r][\n]"
05:56:05.294 [main] DEBUG org.apache.http.wire -  >> "Content-Type: multipart/form-data; boundary="<calculated when request is sent>"[\r][\n]"
05:56:05.294 [main] DEBUG org.apache.http.wire -  >> "Host: 34.101.78.228:2424[\r][\n]"
05:56:05.294 [main] DEBUG org.apache.http.wire -  >> "Connection: Keep-Alive[\r][\n]"
05:56:05.294 [main] DEBUG org.apache.http.wire -  >> "User-Agent: Apache-HttpClient/4.5.13 (Java/19.0.2)[\r][\n]"
05:56:05.294 [main] DEBUG org.apache.http.wire -  >> "Accept-Encoding: gzip,deflate[\r][\n]"
05:56:05.294 [main] DEBUG org.apache.http.wire -  >> "[\r][\n]"
05:56:05.294 [main] DEBUG org.apache.http.headers - >> PUT /api/v1/user/image HTTP/1.1
05:56:05.295 [main] DEBUG org.apache.http.headers - >> Authorization: Bearer eyJhbGciOiJIUzI1NiIsInR5cCI6IkpXVCJ9.eyJhdXRob3JpemVkIjp0cnVlLCJleHAiOjE2OTAwNjY1NjEsInVzZXJJZCI6Ijg1ZTEzYzNmLTYxM2QtNDA1OS1iYWE0LWQzMWRiOTllZjExNiIsInVzZXJfdHlwZSI6InVzZXIifQ.rxE3RkIK-zQ7SXl75iyZBH7zWQzrccwAjPOwmeyTN5s
05:56:05.295 [main] DEBUG org.apache.http.headers - >> Accept: application/json
05:56:05.295 [main] DEBUG org.apache.http.headers - >> Content-Length: 24159
05:56:05.295 [main] DEBUG org.apache.http.headers - >> Content-Type: multipart/form-data; boundary="<calculated when request is sent>"
05:56:05.295 [main] DEBUG org.apache.http.headers - >> Host: 34.101.78.228:2424
05:56:05.295 [main] DEBUG org.apache.http.headers - >> Connection: Keep-Alive
05:56:05.295 [main] DEBUG org.apache.http.headers - >> User-Agent: Apache-HttpClient/4.5.13 (Java/19.0.2)
05:56:05.295 [main] DEBUG org.apache.http.headers - >> Accept-Encoding: gzip,deflate
05:56:05.295 [main] DEBUG org.apache.http.wire -  >> "--"
05:56:05.295 [main] DEBUG org.apache.http.wire -  >> "<calculated when request is sent>"
05:56:05.295 [main] DEBUG org.apache.http.wire -  >> "[\r][\n]"
05:56:05.295 [main] DEBUG org.apache.http.wire -  >> "Content-Disposition"
05:56:05.295 [main] DEBUG org.apache.http.wire -  >> ": "
05:56:05.295 [main] DEBUG org.apache.http.wire -  >> "form-data; name="image"; filename="Teks skrip video KKN.pdf""
05:56:05.295 [main] DEBUG org.apache.http.wire -  >> "[\r][\n]"
05:56:05.295 [main] DEBUG org.apache.http.wire -  >> "Content-Type"
05:56:05.295 [main] DEBUG org.apache.http.wire -  >> ": "
05:56:05.295 [main] DEBUG org.apache.http.wire -  >> "application/octet-stream"
05:56:05.295 [main] DEBUG org.apache.http.wire -  >> "[\r][\n]"
05:56:05.295 [main] DEBUG org.apache.http.wire -  >> "Content-Transfer-Encoding"
05:56:05.295 [main] DEBUG org.apache.http.wire -  >> ": "
05:56:05.295 [main] DEBUG org.apache.http.wire -  >> "binary"
05:56:05.295 [main] DEBUG org.apache.http.wire -  >> "[\r][\n]"
05:56:05.295 [main] DEBUG org.apache.http.wire -  >> "[\r][\n]"
05:56:05.341 [main] DEBUG org.apache.http.wire -  >> "%PDF-1.4[\n]"
05:56:05.342 [main] DEBUG org.apache.http.wire -  >> "%[0xd3][0xeb][0xe9][0xe1][\n]"
05:56:05.342 [main] DEBUG org.apache.http.wire -  >> "1 0 obj[\n]"
05:56:05.342 [main] DEBUG org.apache.http.wire -  >> "<</Title (Teks skrip video KKN)[\n]"
05:56:05.342 [main] DEBUG org.apache.http.wire -  >> "/Producer (Skia/PDF m116 Google Docs Renderer)>>[\n]"
05:56:05.342 [main] DEBUG org.apache.http.wire -  >> "endobj[\n]"
05:56:05.342 [main] DEBUG org.apache.http.wire -  >> "3 0 obj[\n]"
05:56:05.342 [main] DEBUG org.apache.http.wire -  >> "<</ca 1[\n]"
05:56:05.342 [main] DEBUG org.apache.http.wire -  >> "/BM /Normal>>[\n]"
05:56:05.342 [main] DEBUG org.apache.http.wire -  >> "endobj[\n]"
05:56:05.342 [main] DEBUG org.apache.http.wire -  >> "5 0 obj[\n]"
05:56:05.342 [main] DEBUG org.apache.http.wire -  >> "<</Filter /FlateDecode[\n]"
05:56:05.342 [main] DEBUG org.apache.http.wire -  >> "/Length 3887>> stream[\n]"
05:56:05.342 [main] DEBUG org.apache.http.wire -  >> "x[0x9c][0xed]]Y[0x8e][0x1c][0xc7][0x11][0xfd][0x9f]S[0xf4][0x5][0x94][0xca]}[0x1][0xc][0x3][0x1c]6G[0xdf]2x[0x3][0xdb][0x12]`@[0x1f][0x96][0xef][0xf]8r[0xab][0xca][0xac]fW[0xbc][0xae][0x9a]i-[0x90][0xa8]aS3Rn[0x11][0xf1][0xe2][0xc5][0x92])u[0x91][0xf4][0xeb];E[0xbf]E[0xab]/[0xff][0xfc][0xe5][0xe5][0xbf]/"[0xb8][0xf2][0xdd][0xfe]I[0xdf]T[0x97][0xfc][0xeb][0x1f]?\[0xea][0x1f]~[0xfd][0xf9][0xe5][0xfb][0x1f][0xcc][0xe5][0xe7][0xff][0xbd][0xe4][0x9f][0x87]d/Jis[0xf9][0xf5][0xdf]/?[0xbd][0xfc][0xb8][0x19]![0xe8][0xfc]7[0x8d]![0x92][0x8f][0xfe][0xd2][0xf][0xda][0xe5][0xf1]n[0xbf]9[0x8f][0xed][0xa5][0x16][0x9e][0xfe]J[0x17]k[0xef][0x8e][0xaf][0xa4][0x11][0xce]k[0x9f][0xd4][0xc1]y[0x84][0x8b]F[0x6][0x9d][0xc0][0xe9][0x8c][0x13]J;[0x93][0xc2][0xc1][0xe9][0xbe][0x13][0xca][0x7][0x15][0x83][0xa5][0x11][0xb0][0x19][0xbd][0x17]>F[0x19][0x8f][0xee][0xcf]*[0x17][0xa3]#[0x1]c[0xd3][0xa5]([0xb4][0x93]![0x1d][0xde][0x9f]1[0xd6][0xd0][0xf6][0xc0][0x3][0xd5]:[0x89][0xa8][0x8c]=[0xbc]=m[0xa3]O![0x81][0xdb][0xd3]^[0x9][0x13][0xbc][0xf2][0x87][0xb7][0xe7][0xa4]"}[0xa3][0xf5]b[0xf3]%-[0x92][0x89][0xd1][0x1e][0xdd][0x9e][0x8c][0xca])i[0xd5][0xa8]-[0xfa][0xfe]|F[0xa6][0xb2][0xc2][0xa3][0xe2][0xa3][0x19],[0x19][0x84]1[0xe0]t[0xda][0xb][0xe9][0xad]>n[\r]2:[0x1f][0x82][0x4][0x8f][0xd3][0xb8] [0xb2][0xb1][0xbb][0xc3][0xc6][0x90][0x82]I[0x8e][0xc4][0x81]m/X[0xa1]b[0xf2]G[0xa5][0xf7][0x1d][0x99][0x92][0x8e]t[0xa2][0xa8][0xf4][0x92][0xa4]?is[0x14]3[0xc9][0xf6][0xa4][0x96][0x11][0x95][0x9e][0x95]A[0x18][0xe5][0xe4]qc[0xb0]ZJ[0xa7]'[0xe9][0xed][0xcd][0xa7][0x8d][0x88]![0x1c]v[0x9][0x4][0x9d]u[0xa0][0xf8][0xac][0x95][0x82][0xbe][0xac]9n[0xec]1h[0xd2][0x17][0x8f]i[0xa7][\r]ZHi[0xd4]qu[0x91]d[0xe9][0xbe][0xce][0x3][0xcd][0xe8][0x8a][0xf7]s[0x87][0xc1][0xd3][0x85][0x98]$[0xa1][0x19]v[0x9e]$ir~[0xe4]K[0x8e][0xfb][0xbe]@[0xe][0x94][0xb6][0x8][0xce]g[0xc8][0xf5]%u[0x18][0xac][0xc9][0xf5][0xa9][0xec]kA[0xf1]9[0x9f]][0x9f]9[0xcc]$[0xb2][0xeb][0x8b]yw[0xe8][0xf6][0xa2]%[0xd7][0xe7][0xfd]a0[0xd3][0xd6]:[0xa3]P[0xe9]y[0x99]]_:[0x81][0xd5]N:"J[0xca]b[0xc7][0xe9][\r][0xb9]>[0x2][0x88][0xc3][0xd6].C(T[0x2][0x4]Oo[0xb3][0xeb][0xb3][0x87][0xc1][0x9a]f[0xa8][0xd6][0x7]N[0xe7][0xb3][0xeb][0xb][0xe6][0xa8][0xed]e[0xd7][0x97]"[0xed][0xcf][0x81][0xf3]E[0xfa][0x97][0x8c]TG[0xc1][0x8c]\[0x9f]![0xb2][0xa5]@O[0x1b][0x14][0xb9]>R[0x96][0xa3][0xca][0x99]]_ ,[0xd4][0xe0]q[0x6][0x93]][0x9f][0xb3][0x87][0x89][0xb]Q[0x91],>PYH[0xab][0xc8][0xf5]EuT9[0xb3][0xeb][0xb3]:[0xf3][0xf8][0xe7][0xf0]@I`h[0x85][0xf6][0xce][0x1b][0xa2][0xe8]B[0xe7][0x93]u[0x1f][0xc6][0x2]i[0xb6][0x90][0xa1][0xde]!s[0x9d][0xa4][0x80][0x92]XO$[0xe9]Q[0x10][0x80][0xcc]v[0x92][0x0][0xd2][0xce][0xa2][0x12][0xca]F[0x92][0x15]0[0xdb]I[0xfe][0x97][0xcf][0xd1][0x89][0xe8]H[0xf2][0xc8]l'[0xd9]_[0xde]["[0xbd]L[0xa4][0x8a][0xfc]lg[0xc9][0x1f][0xcd][0xe6][0x94][0xa0][0xc9]"[0xb2][0xb7][0xb3][0xd4][0x8f]fK4[0x2][0x85][0xce][0xd0][0xde]N[0x12]?yQ![0x11][0xda][0x92]R"[0xb3][0x9d][0xa4]}4[0x1b][0xa1]Q[0x8c][0xa0][0x9][0x9c][0xe4]|t[0x92][0xca][0x88][0xec]Z[0x11][0xb]8K[0xf9]de9[0x11];[0xc9][0xb3][0x84]/[0xcb][0x8d]$[0xef]e[0x82][0xf6]v[0x92][0xef]e[0xeb]V[0x84][0xea][0x1][0x81][0xc9][0xb3]d/O[0xe6][0xe9][0x87][0xd8][0xd6][0xce]r=y[0xf1]J[0xf8][0x0][0x1a][0xf7]Y[0xa6]G{[0xd3][0x9]v[0x1]gy[0x1e][0xcd]F#[0x90][0xd3][0x81][0xc][0xe0],[0xcd][0xcb]r#[0xf7][0x6][0x2][0xd7]Y[0x92]'/[0x9a][0x8c][0x1b][0xd3][0xc8][0xb3][0xc][0x8f]vFJ[0x82]Mu[0x92][0xdc][0xd5]C[0xa4]/HA[0xce]r[0xbb][0xac][0x8e][0x81][0xfc]>[0xb6][0xb5]:[0x8b]V.P@[0x96][0xb7]HsS[0xc4][0x99]g[0xb9][0xf9][0xe6]:[0xcb][0xeb][0xd7][0x97][0xef][0xdf]H[0xff][0xfc][0xe5][0xeb]O/[0xea][0xb2]$[0xe2][0x85]q[0x5]P[0xbe][0xfe][0x92]I&I[0xa8]F[0x8]_[0xff]u[0xf9][0x9b][0xa4][0xe8]KJ[0x9b][0xbf]R[0xfd]r[0xfa][0xef][0x97][0xaf][0xff]y[0xf9][0xf2][0xf5][0xce]p[0xd6][0x17][0xc5]#[0x1b][0xde][0x1d]V[0xb9][0xfd]a[0x1c]YK>[0x82][0xfd]A[0xbe][0xec][0xf][0xe2]Ca][0x86]Y[0x8b]y[0xa3][0xad][0xc5][0xbe]=[0xfa]|[0xa5]/[0xc7]o[0x95]|T[0x95][0xd8][0xee][0xe8][0xe4][0x19]$[\r]VF,[0x7][0xf9][0xc6][0x8c][0x9a]Yp[0xa2][0x18][0x1b][0x93][0x8b][0xf3]e8[0xad]D[0xc9][0xaa]d=i[0xf3][0xa6]aG[0xaa][0xcf][0xc9]W3[0x9e][0xa2]U[0x86][0xe][0xc4][0x99]z[0xd4][0xce][0xec][0x1f][0x88]I";[0x5][0xee][0x9c][0x89][0xc9]JC{5a8"[0xc7][0x92]W-M:[0xa1]]fX[0xf4]e[0xdb][0xe8][0xcc][0xc8][0xca][0x12][0xc]V![0xec][0xaf][0x94][0xc6][0xd4]y<[0xd2][0xc][0x1d][0xeb][0x9f][0xeb]|[0xfb][0xe3]k[0xe2]E&C[0x3][0xb3][0xf4][0xbc]lY[0x86]R^[0x94]x?.Za[0xe2]:w[0x99][0x9f][0x9b][0x93][0xd8]}%[0x0][0xcc][0x9c]u>Z[0xa0][0xcb][0xa5][0x8a]U[\r]u[0xa8]+[0xea][0x1b]5U[0x15][0x9d][0xad][0xa6][0xb3][0xac][0xeb][0xba][0xa7][0xa1]s[0x1][0xec]9[0xb8]G[0xeb]u[0xa9][0x99][0xee][0xb5][0xd9][0x1b][0x0][\n]"
05:56:05.342 [main] DEBUG org.apache.http.wire -  >> "[0x14][0x9f][0x90][0xd3][0xf1][0x1c][0xfe][0x15][0xbc][0xb9]Vt([0xc3]6[0xcc][0xb1][0x9f][0x19][0x1d]SNx[0xcb][0xeb][0x98][0x9b][0xc][0x8c][0x87]JE[0x2]q5h[0xe4][0xed][0xe2]-[[0x1a]3[0x1e][0xc5][0x95][0xb9]he[0x18]S[0xf0]][0xfd]+[0x8a]EQ[0xd2]o[0x83]^[0xd0][0xda][0xf5]k[0xb5]l}[0xcd]6[0x98]?[0x19][0x9d][0xa5][0x8]Z+Vg[0x8b][0x19][0xfa][0xb6][0x1d][0xc5]`[0x90][0xf6]B[0xe5][0xfd][0xbc][0xf][0x6][0x99]\[0x11][0xa4][0x81][0x98][0x15]*Z[0x9d][0xb2][0xed]3[0xec][0x19][0xc8]T[0xaf][0xfd]C[0xf3][0x2][0xff][0x17]/[0xf8][0xbd][0xf0][0x82][0xa9]*[0xff][0x87][0xa5][0x5][0xaa][0x83]F[0xb6][0xf6][0xfd]!#a7[0xaf]][0x8e][0x81][0xe8]dD[0xc9][0xd2]r[0xc][0xc3]5[0x94][0xee][0x1a][0xe6][0x17][0xa1][0x19][0x8a];2[0x91]0[0xab][0xd0][0x18]7[0xad][0xac][0x15][0xac]O[0xd0]][0xd3][0xdc][0xa0][0xd7]t<n[0xcf][0xf7][0xce][0xbd][0x12][0x1e][0xd7][0xcb] D[0x84]d[0xf8][0xb8][0xf7]N[0xc2][0x3]n[0xd1]=`[0x7][0xd9]s[0x97][0xee][0x9e][0x93][0xa0][0xa8][0xbc][0x16]d[0xed]9[0xdc][0xdd][0xd7][0xa2]k[0xd5][0x1a];H[0x88]SO-[0xc9]X3[0xe]1[0xb6]j[0x9b][0xe0]c5[0x7]NJ[0xda][0x6][0x0]hMW[0x1f][0xb9][0xaa]R[0x11][0xdc][0xb5][0x3]0[0x3]4[0x99]rq[0xb6]%?W"A(][0xbf][0xba][0xeb][0xb6][0xed][0x9f]i2[0xb9]kgS[0x93][0xd0]s[0xd0][0xf6]Q[0x17][0x1e]Hy[0xcb]p[0xfb][0x8a][0xc6][0x90][0x1f]/!3][0xf5][0x95]-m=[0xe7][0xb4][0xde]*[0x1b]uv[0xf0][0x9f][0xd7][0xce][0xc]x[0xc2][0x1][0x98][0xe8][0xc8][0xa9][0xca][0xb0]it[0xd1][0xf7] %[0x90]i[0xb1]N[0xab][0xac]^[0xf][0xd8][0xcf]9[0x14]oD[0xcc][0xb1]&[0x87]T[0xaa][0x99]lhH[0xc0][0xb0][0x18][0xe2][0xe5][0xad][0xa2][0xb2]?l5[0x95] lu[0xc8][0xab][0x1f][0xc4][0xe]\[0xdb][0x88][0x0][0x8e][0x8d][0x8b][0xcf][0xcd][0x89][0xc9][0xed]D[0xaa]}[0xc6][0xee][0x87][0x0][0xa0][0xc8][0xc1][0x19]d[0xdd][0xf5][0x16]qt%z[0xc3][0xdc][0x9c][0x95]F [0x92][0x91][0xc3][0xea][0xdd][0xb2][0xcf][0xfb][0xc3][0x12][0xa1][0x2][0xac][0xbb] gZ[0x87]_W[0xcd]K[0x85][0xdc][0x8b][0x8]|`f[0xe3][0xf6] [0xd8]r[0xf3]sx[0x89][0x1a]L[0xb3][0xe9]GA[0x83][0xee]H@[0x1][0xd2]VJ[0x1]\[0xfc][0x91][0xc7]si[0x9d][0xc7][\r][0xc7][0xce][0xce]A1[0xb0][0xd3][0xb9][0xde][0x86]I[0xb3][0xfb][0xc3]v[0xf4]J[0xdd][0xfb][0x19]cw[0xde][0xe6][0x1e][0x8c][0xc8][0x4])[0x93]^&f[0xc8][0x94][0x4][0x10]8.[0xb0][0xac][0x6]}[0x8c][0xa3]n[0xa2][0xd6][0xe5]D[0x0][0xac]k`[0xed]][0xee][0xf5][0x90][0x98][0xe1][0x89][0xad][0x1][0xc3][0xeb]/+g[0x81]V[0x9d][0xaa]o[0xe6]"Z[0xbf][0x88]P[0x11][0xc3][0x1d][0x13]-[0xf7][0x11][0x97][0xb1]i[0xe3][0x85][0x2]@[0xf][0x6]t[0xb6][0xdd][0xe3]9[0xde][0xde][0xf6][0x84][0xa6][0x94][0xd5][0xbd][0x8e]+^[0x14][0x8b]>U[0xe3][0x4][0x99][0xaf][0x17][0x8a][0xb9]xC&Lt[0xa2]fJ[0x1f][0xc4][0xc2]{9[0x7][0x7]E[0x1]Kl5`[\n]"
05:56:05.342 [main] DEBUG org.apache.http.wire -  >> "[0x8a][Z[0xe6].[0x16][0xc9][0xe6][0xf4]:[0xdf][0xee][0xf0][0x8][0x4]F:[0xd3][\r] )_F[0xa1][0x80]T[0xcf]"I[0xa3][0x1b][0x9f][0xb6][0xc0][0xc][0xeb][0xbc][0xad][0xe0][0xd3][0xaa]z[0xc0]D[0x17][0xa6][0x99][0xad][0xeb][0xc5][0xeb]ISF[0xf7][0xb8][0x97]m[0x99][0x9b][0x8c][0x9e][0xc6][0xff][0x8b][0xfc]Wv`[0xb4]([0xed][0xab][0x11][0xb6]k![0xfa][0xa9][0xa7]iHYs[0x82][0xd6][0xcc]g[0xd5][0xb0][0xb3]u[0x8a]L[0xe0]d[0xea][0x91][0xb3]1[0xac][0xf4]EC[0xd9]h[0xad]U^8[0x1b]U[0x9a]H[0x6][0xcf][0x89][0x16][0xae][0xfe]:[0xed][0xd2][0xca]|[0xd3]`[0xde]%3_[0xd4][0xa2][0xee][0x9c]%[0x6][0x93][0xb7][0x96][0x1c][0xe9]v[0xad][0x1b][0x80][0x8f][0xec][0x9b][0xdb],'[0xde][0xb6][0xb5]p{d[0xaa][0xd4][0xba]S[0x1e][0xd8][0x0][0x97]zW5[0x12][0x1][0xb]*[0x9f]7[0x10]m[0x1f]a[0xd6]Q[0xa0][0x9][0xa4][0x7]s[0xc2][0xd6];D[0xb2]n`,[0xee][0x0]{qV[0xb5][0x9e][0x16][0x8c][0xf6][0x85]Ia[0xef] [0xd3][0xd4][0x90][0xf8][0xb4][0xc][0xe0]!v[0xc5][0x85][0x95][0xc7][0xfc]t[0x84][0xc8]z#8iCp[0x92][0x9c][0xb9][0xe8][0x82][\r][0xaa][\n]"
05:56:05.343 [main] DEBUG org.apache.http.wire -  >> "j[0xf2][0x16] [0xb3]W![0xf7][[0xc2]G[0xd8]sjkP[0xcb]E[0xcf][0xba][0xd4][0xe1]~/[[0xce][0x10][0x0]dM[0xc7][0x80][0xa5][0x90][0xf][0xb3]h[0x8c]S[([0xae].[0x85]+1[0xc8][0x9a][0xae]}[0x1f][0x8e]fi[0x1b][0xd9][0xbb][0x2]J[0xba]D2~p[0xd1][0x8f][0xe0][0x0][0xd1][0xfb]ZA[0xe0][0x13]Nw[0xa9][0x1a][0xdb].[0xfc][0x14],[0xd8][0xd5]2[0x96][0xf4][0x91][0xc7][0xe2][0x8e]JC[0x85]o[0xa3][0xd6]![0xc7][0xc8][0x8c]O[0xf9][0x7][0xe1][0x80][0x88]o[0xc9][0x2]q[0x94][0xc4]D[0xc1][0xd2][0xad][0xc9][0xf9][0xad][0xcc]j[0x97]w[0x0][0xc1][0xc3]j`[0x95][0xc5][0xf5][0xff]Hn[0xa7][0x1d][0xd5][0x89]K[0x8]z[0xf][0x10][0x86][0x1b][0x86][0xd5][0xbd][0xfd]'[0xe]9$[0xe2][0xd1]'sC [0x98])bhc[0xf1][0xe9][0xb8][0xeb]`[0xc5]=[0xb9][0xf3][0x10][0x89]H[0xa5][0xf9][0x83]S[0xa5]-=[0xe4],@[0x1a][0x4][0xee][0xcd][0x98][0xf6]j+[0xe7][0xe8] [0x5][0xb8][0xc2][0xf3][0x90][0xd7][0xcf]|.[0xfa][0xb0][0x17][0x8][0x9e][0x83]?[0xa0]aj[0xac][0xac][0xb1]pQ[0xc5][0xf][0xe9][0x92][0xd0]H80j[0xec][0x95]wk)![0x1d]p[0x87]:[0x1f][0x9c][0xeb][0xb1]9[0xeb]w[0x1e][0xe5]a[0xb9][0xd5][0x1b][0x12]T+[0x98][0x92][0xb3][0x9d][0xd1][0xc9]}j[0x8e][0xa4][0xdc][0xb1][0xd8][0xe6][0xa0]@@[0xd1].[0x96]0[0xff][0xa3][0xeb][0x17][0xc9]?[0xc4]<@[0x9c]7[0x14][0x1e] =$j[0x16][0xbd][1[0xdf][0x91][0xab][0xad]7[0xc2]n[0xb7][0xc4][0xcb][0xd0]R<]o[0x81][0xec]o[0xab][0xab][0x1b][0x93][0xb3][0xb1]d @[0xc1]e!SWL[0xd3][0x9c][0xd4]H[0x9e]k[0xb1]d[0xdf]x[0x9a][0x19][\r][0x84][0xbd][0x8f][0xf4][0x1c][0xf0][0xea][0x90]`[0x9a][0xc7][0xe9][0xa1]<[0x10]x{S:?[0xd9]([0x0]d[0xbf][0xc9][\n]"
05:56:05.343 [main] DEBUG org.apache.http.wire -  >> "[0x1b]<[0xdf][0xfa][0xf0]Q[0xba][0xa7][0xa2][0x11]d([0xac][0xe5][0x1e][0xc9]^Z[0xda][0xdb][0xc9][0x10][0xf1][0x1d][0x98][0xac]NA[0xc8][0xc0][0xf7][0x7]?[0xe0][0x81][0x8c][0x9]H[0xf1][0xe5][0x88][0xaf]0Y![0xf8][0xfe][0xad][0xa5][0xc5][0xa6][0xf][0xfd][0xca]k[0xae][0xcd][0x9d]@[0x0][0xa9][0x1c][\n]"
05:56:05.343 [main] DEBUG org.apache.http.wire -  >> "[0xb1]K[0xd0]5&v[0xd5]:}[0xf1][0xb1]7i$[0xf6][0x1a][0xe0]o[0x1f]!u[0x15][0x6][0xc][0x9e][0x9c]7[0xd2]Q[0xb7][0x1c][0xc3][0xd2][0xfc][0x3][0x10][0x3][0xa9]J[0xd9][0x9f]m[0xfa]`[0xbb][0x1d][0xa4](w[0xa0]9[0xae][0x1a][0x6][0x86]}][0xca]9[0xe4]x6[0xa9][0xd8]X[0x83][0xbf][0x91]&[0xe4]N[0x9d][0xbc][0xb7][0xbd][0x9c][0xd8]|[0xfd][0xf2]y[0xfd]']3[0x1]/Fq[0xa2][0x91]@[0xe8]3(~S$#{[0xeb][0xc7]MF[0xe7][0x81][0x92][0xa4][0xca][0x84][0x18][0xe8]'[[0xba]+[0xb2][0xb5][0xed]UH[0xa6];[0xa8][0x15]H>[0xbc]@[0xd2][0x95]m[0xec][0xf8][0xa8][0xa5]C.A[0x19][0x90]j[0xc3]#[0x81][0x90]V^ [0xba]|[0x7][0xd0][0x9b]^[0xfb] [0xe6]S[0xbb]Qk[0xb0]N`[0xac]n[0xd7][0x8b][0xf9].[0x7];[0x0]e[0x1f][0x1e][0xb0]^K[0x80][0xa9][0x81][0x14][0xec][0x12][0x9c][0xf2][0xb1][0xb8][0xd5]V$[0xcd][0x86].e[0xc8]/[0xc3][0xd0]h[0xf1]$$[0x84]_}[[0xec][0xec]-[0xf0][0xe7]6[0xf8]|[0xb0][0xfe]([0xed]E4|[0xce]q[0x85]F.[0xec]6E[0xb2][0xef][0x99]{PI#[0x1d]%k[0x8e][0x1f][0xb0]b[0x8a][0x0]Z6[0xf5][0x1d]u[0xfa][0xd5][0x1b][0xac][0xb9])"[0x14][0x11].[0x89][0xb7][0xeb][0x92][0x16][0xa0][0xc8]Tm[0xca][0xf7]#[0x1d][0x1c][0xd2]il'AP[0xb5]i[0xe4]cS[0x4][0xb9]X[0x9][0x98][0xf3][0xe9]i,[0xe9][0xaa][0xe3]3[0x11]Mh[0xcd]T[0xc8][0xd9][0x9b]['E[0xa0]_[0x0][0x1e][0x9a][0x1f][0xb7]1<[0xbc][0x2][0xe1][0x94])[0x17][0xb8][0xb7][0xdb]f[0x4][0xe8][0xac][0x13][0x8]qiJ[0xd4][j[0xd6]L7[0xfb][0xca][0xc4]s[0xd1][0xac]E[0xd1][0xf9][0xe8][0xcb]g[0xc4][0x91][0x8a]b4[0xa4][0xe5][0xbb]x[0xb9]5[0x82][0xdd]r[0x93][0xd6][0xb5][0xb3][0xed][0xa4]ZU[0xd3][0xc7][\r][0xaa][0xb2][0x97][0xa1]HDH<1[0xf9][0xc7][0xba]W[0x95]z[0x1e]B.dgOp[0xd3][0x83][0x1d]Oc[0xfa]n[Jy[0xb0][0xc7]4,W[0x88][0xf8][0xba][0xca]R[0x15][0xe6]9Dn3[0x83][0xaa][0xe1][0x9f][0xe4]X~[0xa5]3[0xbf]U[0x88][0x1d]w[0xb6]\[0x3]}[0xcc]Q[0xdc]5[0xc8];[0xce][0xc2]0y[0xc8]o[0xd5]l[0xc6][0x82]v(Y[0x9f]p[0xb][0xaa][0xdc]1[0x9a]L[0xc3][0x81][0xb2][0x8][0x98]Z3[0x19]\x[0xc0][0x9c][0x85][0xcd]E[0x8f][0x12][0x81][0xfd][0xf]u[0xa4][0xd6]k8[[0xed][0x86][0xe1][0x9b][0xb4]r[0xf][0xf3][0xb7][0xb6]g[0xee][0xd3][0x93]9[0xcf][0xc3][0xe9][0x9e]b[0x1a][0xd7][0x1a]d[0xbb]X[0xb6]L[0xd1][0x1]Wb[0xf][0xdf]7o[0xcf][0xd6][0xb0]T[0xf5][0x1][0xdd]R[0xc9] E[0xc1]b}[0xe9][0x1b][0xd6][0xc7][0x14]d[0x9][0xad][0xa1]k[0x9c][0xdd]=[0xb6][0x88];[0x88][0xec][0x15][0xb6][0x17]e[0xdf][0x0]SQP[0x8d][0xf9]P[0x8e]t[0x9]9[0xf6][0xb7][0xf2][0xda][0xb4][0xa7][0x1b][0x17][0xd3]Ro[0xf3]u[0xbc][0x9c]I[0x7]R[0xe1][0xd8]Ub[0xce][0x90][0x95][0x0][0xc2][0x1d][0xb8][0x8f]&[0xd1]JX[0xe7][0xd0][0x8f][0xbb][0xdf][0xf8][0xbb][0xf2][0x3];[0xcb][0xb9][0xcb]3][0xec][0xf3][0xfb]X[0xbf][0xcd][0x8d][0x95]v[0x95][0xa3][0xa8][0xf5]^[0xae]m~][0xeb]9[0xac][0xe7][0xda]i[0xa2][0xd9]h[0x19][0x18][0xa9][0x98][0x84][0xe5][0x1b][0xed]l[0xf7][0xa6]^XY[0xe9][0xe0]#[0x9d]r[0xf9][0xed][0x1c][0x13][0xf9][0x86][0xcb][0xb3][0x18]OD[0x97][0xc2][0x7][0xde][0x15][0x82][0x9][0x83][0xdc][0x10][0x8c][0xdc][0xc7]M[0xb5])8_q(O[|[0x6][0x1a][0x80][0xbd][0x85]:>[0xc0][0x9a][0x84]N[0xe][0x9][0xa6][0xf5][0xdb][0xa0][0xd8]@.[0x8c][0xc8][0x12][0xd2]Q[0xa8]?[0xcb][0x89][0x1e]g[0x97][0xc4][0xe][0x1d]UI[0xee]p/[0xe6]|[0xea][0xf5][0x87]o[0x4][0xa8]=[0xfd][0x6]L[0x97][0x9b][\n]"
05:56:05.343 [main] DEBUG org.apache.http.wire -  >> "[0x93][0xe2]k[0xe0]([0xb6]:[0xdd]^[0xf3][0xdc]_[0xfd][0xf2][0xde][0xcf][0xc][0x84][0xcb][0xca][0x81]0[0xdf]&[0xa8]+[0xfd][0x1c][0xe6]N[0xef][0xf6]=[0xa7][0x1a][0xe7]Q|[0x19]*[0x9a]k'[0x18][0x1b][0x8f]CMF[0xfd][0xfa]XgyLG[0x10][0xe9][0x8f][0x8]@Y[0xed]~[0xca][0xe3][0x1e]l[0xd9][0x8a][0xc9][0x8f]R[0xb1][0xf6]H[0xc2][0x8d][0xac][0xc3][0xb7][0xe4]~[0xf][0x88]"T[0x94]w[0xeb][0x96][0xba][0x8b][0xec][0x1d]n[0x10][0xfb][0xb3]Q[0xa4][0xc0]s[0xa9][0xf1][0xd6][0xf8]V[0xe8][0x9c][0xa1][0xe4][0xbc])[0x97][0xf3]t[0xa6][0x8f]XZy[0xdc][0xfd]([0xa7]`[0xc8][0x95][0xd6]H[0x9f]$t[0xf9]w~ [0xf3]iTj[0xc9][0x9e][0x1][0x81][0x13][0x5]!H[\n]"
05:56:05.343 [main] DEBUG org.apache.http.wire -  >> "[0xa3][0x87]e[0x93]:H[0xbc][0x92]`T[0x8f][0xb6]y*?u[0xee]np[0x1b]y[0x12] ([0xa4]'m[0xba][0xde]>[0xb6][0xaf]3[0xbd]i[0xda]"W[0x0][0x99]L[0xe3][0x9a]q[0xb2]5u[0xa0][0xb7]?[0x95][0xa5][0xc0]_[0xcd][0x91][0x8b][0xeb]\{[0xfe][0xf3]C[0xcd][0xce][0xe4]p[0x15][0xec]l[0x8c][0x93][0x14]I[0xf6][0x9b][0xc7][0xf6][0xba][0xea][0xa0][0xdd][0x8c][0xc4][0xf0][0xcb][0xb2][0xb9][0x1b][0x9d][0xef][0x90][0x90][0xb4][0x89]p2i[0x96][0x17][0xee]'[0xe][0x81][0x8e]cc[0x5][0xd0][0xc4]r?[0xf1][0xc9][0xbe][0x90][0xfb][0xbc][0xc6]=$C [0xbb][0xe][0xbc][z&X([0xfb][0xfa][0xa1][0xa9]?[0xda][0x92][0x90]@[0xdb][0xc4][0x3]I[0x1c]&[0xe2][0x9d]_&~[0xde][0xfb];[0xd3][0x9b][0xe]r)[0xd2][0x14][0xa0][0xd2]+[0xba][0x18][0xf1][0xd8][0xb5][0xfc][0xe8]+[0xfe][0xc1][0xcf][0x18]Ts[0x8b][0xcd]vnnt[0xa0][0x17]Il6X[0x0]4O[0xc6][0xc3][0xda]8[0xa4][0xd5][0x11][0x8e][0x87]s[0xa6][0x99]/[0x1b][0x97][0xd7]"[0xb9][0xe7]*[0xa2]C[0xae][0xe7][0x95][0xf7][0xa2]zq[0xbb]5[0xab][0xa9][0x91]Y[0xc5][0xf1][0xbd][0xa8]{[0xd9]A[0xf]\Y_[0xba][0xdb][0xf3]'[0x9b][0x18]T[0xb5]8[0xc6][0xc][0xd9][0x1e][0x15][0x9d][0x14][0x97]c[0x97][0xad]G[0x1][0xbe][0xb6][0xf8]>[\n]"
05:56:05.343 [main] DEBUG org.apache.http.wire -  >> "[0xe9][0x14]9f[0xde][0xed][0xe8][0x9e][0x90]m=N[0xf6]3[0xe3][0x12][0xe6][0xd7][0xc5][0x9f][0x2][0x17]z[0x8c]P[0x12][0x98][0x1d][0xb0][0xc2][0x2][0xad][0xec]zic[0xaf]0j{4[0xb8])[0xd5][0xfa][0xed][0xf3][0xac][0xdc][0xfc][0xe4]8[0xb3][0xd3][0x87]r[0xe3][0x8][0xdd][0xcd][0x5]}[0xe4][0x8d][0xba][0xbb][0xcf][0x11][0x8f][0xef][\n]"
05:56:05.343 [main] DEBUG org.apache.http.wire -  >> "[0xb2][0x84][0x97]TV![0xd5][0xef][0x93][0xc]P%[0x5]][0xc8][0xf9][0xc8][0xc4]B[0x86][0xad][0xdc][0x9][0xcb][0xdd][0xcc]x0[0xb1]`[0x88][0xa3]"[0x17]>[0xe2]j~[0x95][0xa6][0xf0][0xd5]I[0x4][0xfe]7[0xa1][0xc8]x8[0xe]z[0xf0][0xce][0x8][0xa0][0x1f][0x1a]T^'-[0xf4]n[0xd7][0xe6][0x2][0xc4][0xd2]z[0xb9][0x0][0xee][0x1e],M[0xff][0x1b][0x82][0xe7][0xc0][0x92][0xab][0xf]7[0xb2][0xaf]2G$[0xfc]4[0xc3][0x14]4[0xd4][0xa0][0xb2][0xc4][0xd9][0x9b]H[0xaa]hB[0xbb]]bz[0xa1]s[0xee][0x15][0x92]kb[0x19]A[0xa8][0xe0][0xa1]$[0xca][0x3]m[0xf9]9Y[0xcf]3[0xe1]3[0xcd][0xa6][0xf9][0xc1]l[0xe4][\r][0xa7][0xa6][0x8d][0xac][0xd1][0xcb][0xf0][0x9e][0xd7][0xe6]M[0xbe][0xf1][0xc][0x94][0x8b][0xdb][0x8d][0xff][0xe9]iO.[0xc4]O[0x12][0x91][0xd6][0xd8][0x81][0xc8]>[0xa3][0xa7]=[0xfc]:_ZW[0xcb][0xa5][0x93][0xac][0xb7]H/[0xc4];d[\n]"
05:56:05.344 [main] DEBUG org.apache.http.wire -  >> "~|[0xf9]?y[0xad][0x0]7[\n]"
05:56:05.344 [main] DEBUG org.apache.http.wire -  >> "endstre"
05:56:05.344 [main] DEBUG org.apache.http.wire -  >> "am[\n]"
05:56:05.344 [main] DEBUG org.apache.http.wire -  >> "endobj[\n]"
05:56:05.344 [main] DEBUG org.apache.http.wire -  >> "7 0 obj[\n]"
05:56:05.344 [main] DEBUG org.apache.http.wire -  >> "<</Filter /FlateDecode[\n]"
05:56:05.344 [main] DEBUG org.apache.http.wire -  >> "/Length 4623>> stream[\n]"
05:56:05.344 [main] DEBUG org.apache.http.wire -  >> "x[0x9c][0xe5]][0xc9]n$[0xc7][0x11][0xbd][0xf3]+[0xfa]h[0x1f]&[0x95][0xfb][0x2][0x8][0x2][0x86][0xe4]P'[0x1f]l[0xcf][0xf][0x8][0xb2]$[0xd8][0x90][0xc][[0x96][0x1][0xbe]#[0xb7][0xda][0xba][0xbb][0xe2]UU[0xb3][0x0]IZ[0x86][0x14]gTY[0x99][0x19][0xf1][0xe2][0xc5][0xda][0xea]"[0xe9][0xef][0xf][0x8a]~[0x89]V_[0xbe][0xfd][0xe9][0xe9][0xdf]O"[0xb8][0xf2][0xd3][0xfe][0x95]~[0xa8].[0xf9][0xef][0xbf]|}[0xa9][0xdf][0xfc][0xfc][0xc3][0xd3][0x17]_[0x9b][0xcb][0xf][0xff]y[0xca][0xbf][0x1f][0x92][0xbd]([0xa5][0xcd][0xe5][0xe7][0xef][0x9e][0xbe][0xfa][0xf3][0xe2][0x9]A[0xe7][0xe8][0x19]"[0xf9][0xe8]/[0xfd][0xd7][0xa0]]~[0xde][0xf5][0xf][0xe7][0xcf][0xf6]R[0xb]O[0xa5][0x8b][0xb6]w[0x9f][0x1f][0xa3]p^[0x7]kw.#\42[0xe8][0x84][0xad][0xa6][0xa4][0x13]J;[0xab][0xc3][0xce][0xe5]>[0x8][0xe5][0x83][0x8a][0xc1][0xa6]0Y[0xd1][0xae][0xac]h[0xbc][0xf0]1J[0x9b][0xf6]n[0xd0]*[0x17]#[0xbd]2[0xb8]Cg[0x84]v2[0x98][0xbd][0xf7][0xf6]A[0x18]c[\r]m[0x10]=R[0x9f]DT[0xc6][0xc6][0xbd][0xfb][0xd3]6[0xfa][0x14][0x92][0xc6][0xce]SK%L[0xf0]z[0xff][0xf6][0x9c]T$q[0xf4][0xbe][0xd0][0xf6][0xb4][\n]"
05:56:05.344 [main] DEBUG org.apache.http.wire -  >> ""[0x99][0x98][0xfc][0xde][0xed][0xc9][0xa8][0x9c][0x92]V[0x5]p=c[0xf3][0x1b][0xda][0xdd][0xeb]yoI%[0x8c][0x1][0x97]sJHo[0xb5][0xda]}[0x9c]2:[0x1f][0x82][0x8c][0xe0][0xf5]E[0xfa]C[0xda]'[0xb7][[0x1b]R0[0xc9]E[0xb]n/%[0xa1]b[0xda][0xaf][0xed][0xda][0xe9]H[0x7][\n]"
05:56:05.344 [main] DEBUG org.apache.http.wire -  >> "*[0xbb]1[0x92][0xbe][0xd3][0xfb][0xc1][0x8c][0x1e][0xa0]eD/[0xcf][0xd8] [0x8c][0xb2]i[0xef]r[0x1f][0x84][0xd5]R:-A]0[0xde][0x88][0x18][0x82][0xdf][\r]e[0xca][0xd7][0xfd][0x81][0xb7]g[0xa2][0x14][0xd6]Jk[0xf6][0xeb]z[0xc][0x9a][0xc4][0xc5][0x83][0xeb][0xa5] [0xa4]4j[0xbf][0xb8]HRt_[0xd7][0x81]V[0xb4][0xca][0x90][0xf9]si/[0x9a][0x9][0x17]b[0x92][0x84]f[0xe0]r$[0x9f]J7[0xb2][0xb0][0xcf][0xfa][0x5]e[0x1c][0xed][0x11][0xd3][0x7][0xeb][0x95][0xf0]I[0xa9][0xdd]`f[0x95][0xca][0xd6][0x16]].e[0xdb]g[0xd2]~03&[0xe6][0xdd][0x81][0xf2][0xe2]d6}[0xde][0xef][0x6]3B[\n]"
05:56:05.344 [main] DEBUG org.apache.http.wire -  >> "g[0x14]z{N{2}[0xc9][0xec]U[0xbf]l[0xfa][0x1c]Q%[0x85][0xae]g[0xb5]H[0x96][0xe0]s[0xb7][0xe9][0xb][0xa1]P[0x9][0x10]=][0xc8][0xa6][0xcf][0xfa][0xdd][0xe8][0xe9]}U?l9/=[0x99][0xbe]`[0xf6][0x12][0x97]l[0xfa]R[0xa4][0xfd]9[0xec]8[0x89][0xb3][0x8][0xc2]?[0xb5][0x17][0xcd][0xc8][0xf4][0x19]M[0xb7][0x7][0x82][0xb5]7d[0xfa][0x92][0x8e]Gl_ 0[0xd4][0xa0]2x[0xe7][0xe8];g[0xf6][0xae]'[0x8c].[0xd7][0x7][\n]"
05:56:05.344 [main] DEBUG org.apache.http.wire -  >> "[0x8b][0x8f][0xd9][0xf6]E}[0xc4][0xf6][0x11][0xed]!&[0x8f][0xad]G0$[0x88][0xc6][0xc7][0xdd]PVY[0xbc][\n]"
05:56:05.344 [main] DEBUG org.apache.http.wire -  >> " [0x8f][0xf][0xc6][0x91][0xed][0xdb]O[0xab]I[0xd9]I[0xd1][0xc9]4[0x80]\[0x82]h[0xb]Y/o[0xf6]bY[0xb6]}[0x99]v[0xd2]_ [0x15]<[0xe0]Y:g[0x85]qD[0xe3]/*[0x9][0x9d][0x85][0xd4][0xbd][0x9b][0x83]I[0xab]%%[0xb2][0x15]r[0xc0]j[0x87][0x1d]LI,[0xcb][0x8b][0xec][0xa1]@[0xcb][0x1d][0xf5].iw![0x8]o#[0x9d][0xf][0xb0][0xdc]Q[0xe7][0x92][0x96]#[0xbd]M[0xd9][0xea]![0xcb][0x1d]t-[0xe5][0x85][0xa8][0x87][0x88]YP[0xc][0xb0][0xdc]Q[0xd7][0x92]6G[0x4]9h[0xf][0xc9][0xe5]Q[0xc7]2[0xdf]\[0x14][0x16]<[0xca][0xa3]ne[0xd5]9M[0xf6][0x1c][0x91][0x93][0xa3]^e[0xbd][0xb8]B[0x1e][0x10]-8[0xea]Tf[0xa9][0xf4]"[0xd1]IBbr[0xcc][0xa7][0x94]t[0x17][0x8e][0xa8]Q[0x84][0x16];[0xea]Qf)[0xd1]t[0xf3][0xb4][0x1c][0xb2][0xda]A[0x87]2c[0xa5][0x15]I'B~`[0xb5][0x83][0xee]d[0xbe]6C[0xb4][0x1]<[0xc9][0x83][0xce]d[0xd5]7C[0xfc][0x14][0xda][0xdb]AW[0x92]V[0xd3][0x4]~[0x90][0xf8][0x1f]u"[0xf3]9F[0xd8][0xe4][0x1c][0xf5]!%y[0x85]Fx[0xf2][0xeb][0x90]s<[0xea]A[0x92]9%T[0x8f]QC[0xf2][0xd4][0x81][0xcc]([0x99][0x84]4[0xe4][0x92][0x3][0xab][0x1d]u[0x1f][0xeb][0xbd][0xc9]L[0xd2][0x91][0xd5][0xe]z[0x8f]y5[0xc2][0xad][0xb2][0x6][0xb0][0xda]A[0xdf][0x91]P28A@[0x12]#[0xb2][0xda]A[0xcf][0x91][0xa4][0xc4][0x12][0xbd][0x7][0x91][0xe4][0xa8][0xe3][0x98][0xa5][0xc4][0xe5]H[\n]"
05:56:05.345 [main] DEBUG org.apache.http.wire -  >> "[0xb4][0xb7][0xa3]ncf%[0xe][0x96][0x92][0xa3]^c[0xb5][0x0]2[0xba][0x84][0xf0][0x84][0xa3]>c&[0xcb]Rdu[0x83][0xee][0xed][0xa0][0xcb][0x98]3ZR[0x90][0x98]A[0xf7]v[0xd4]a[0xcc]')[0xe1][0x93]<[0xea].f[0xed]N"[0x87][0x12][0x11][0xed]>[0xea],[0xca][0xb][0xd1]'`[0x99]jc[0xb4]r[0xe1]B[0xb8]LN[0xe][0xdd]_[0xf0][0xe5][0xf9]W?[0x1c][0x9f][0xff][0xfc][0xf9][0xe9][0x8b]7:4[0xf9][0xfc][0xfd][0x93][0xba][0xc]IRr[0x19]S&[0x94][0x9f][0xca][0xfe][0xaa][0xb2][0xa2][0x6]o>[0xff][0xed][0xf2]%[0x99][0xea] [0xc9][0x8b][0x92][0xd2][0xc5][0xf6]U[0xd2]W[0xfa][0xc5][0xbe]|u[0xf9][0xfc][0x8f][0xa7]O[0x9f][0xef]<[0xd6][0x85][0x86][0x89][0xab]O[0xb7][0xaf][0xf5][0xc9].[0xad]?[0x8d][0x18]F[0xd2][0xc5][0xd5]\}[0xdc][0xf0][0x92][0xbe]<[0x8e]$[0x8d][0xe][0xba][0x9c]][.[0xd6][0x97]w[0xb6]}[0x8d][0xeb][0xcb]*Bk[[0x17]X_W[0xf5]Ci[0xcf][\r]mk[0xf4][0xd5]=[0xe7][0x9f][0xad][0xaf][0xa3]u[0x10][0xa1]`:[0xbf][0xbd][0xfc]X[0xc5]<[0x8e]\[0x92]X[0x94][0xfd]j}=[0xad][0xf2][0xe6][0x81]?[0x8d]L[0xf0][0xf3]ipo[0xf9]Z[0x1e][0x13]D[0x89][0xe1]N[0xe][0xdf][0x95][0x9c][0x8a][0xb4][0xcf][0xeb][0xcb][0x18]C[0xff]kQ[0xb8]u[0xd1][0xf1][0xb3][0xbb]&k[0xd0][0x82][0x8e][0xc3]z[0x1f][0xe9]7[\r]}}[0xcb][0xf2][0x95]/c}][0xe2][0xc0][0xa4]=[0x92]`e}{Mv[0xaa],1[0x8f][0xb4]&g"[0x14]s[0x11][0xe5][0x91][0xa9][0x9f]N[0xfb]^[0xb5]-[0xba][0xc9][0xcf][0xcb][0xf7]}I6[0xa6]s[\n]"
05:56:05.345 [main] DEBUG org.apache.http.wire -  >> ">[0x94]Sn[0xea]&[0x89][0xb6]M.<[0x1f]~~[0xf5],[0xb6]JM[0xb6][0xc8][0xc8][0x99][0x8f]Dm[0x8b][0xd3][0xb9][0xbe]rS[0xe4][0x82]H[0xaf][0xf5][0x9e]G[0xe5]c[0x14][0x9b][0x14].[0x1b],V[0xb1][0xdb]mX[0xcf]<[0x8f][0xcc]-[0x4][0x14][0x7]uC[0xa5][0x88][0xe8]F[0xbb][0x10]"[0x8a][0xbe]x/[0xc3]2[0xa9]a[0x92][0x9d][0xdc]N[0xc3]*[0xfb][0x91][0xd1]~[0xba][0x96][0x14]r[0xc]g[0xfd]V[0xe2]RNW[0xc0][0x84]0=1[0x8f]{ko[0xaa][0xa6][0xa8][0xdd][0xde][0xb8]#[0x80]d[0x0]%j[0x11][0x8d][0xe3][0x14]{x[0xf3]f[0xe1]8[0x94][0xb5]F[0x9][0x95][0xbd]lP[0xb9][0x7][0x9c]r[0xae]P[0xa5][0xeb][0xbb][0x9f][0xc8]0[0xa3]"[0x8e][0xa8][0xb6][0xca]:[0xc2][0xab]H[0xde]V[0x1][0x93][0xd7][0xba][0x8c]bN[0xcb][0x91][0xe5][0xe][0x19][0xb4][0x1e]%[0xc9]|4[0xf8][0x1c][0xa0][0x9a][0x1e][0xf3]s[0x93][0xaa]8[0xfe][0xbc]o[0x88][0xfe][0xaf]L[0xbf][0xcc]dG[0xeb][0x7]F[0xec][0x19]R[0xfd]Gs[0x93][0x1c]K[0x4] LO9[0x89][0xc3]d@[0x93])[0xac][0xde][0xfa]:[0x81][0xa8]G[0x96]J[0xf4]g[0xba][0x97]ln[0xcb]~[0xda][0xda][0xec]z[0xe4][0xef][0xc4][0x12]AZ[0xdf][0x8a]kJ[0xff]Z[0xb5][0x94]}[0xec][0xe0](<[0x4][0xb2][0x8c][0x96][0xc2][0xe7]")[0xe6]-+[0x90][0xc6]b[0xf9][0x97][0x9a][0xd1][0xe][0xc5][0x8d][0x82]pGC[0xe6][0x9][0x8c]s[0xa9][0xbe][0x9c]h[0xcb][0xa7][0xf6][0xb2]q[0xae]%[0xc4]k[0x16]j[0xcf](I[0xc3]+[0x8e][0x9]=[0x9c][0xc0][0xa7][\n]"
05:56:05.345 [main] DEBUG org.apache.http.wire -  >> "f[0xdc][0xba]G[0x9][0xbc][0xe9][0xa1][0x84][0xc7][0x10]x[0xaf][0x85][0xf2][0x96][0xd3]?[0xfd][0xb1]^[0xd6]pA[0xf3][0xd3][0xbb]/[0xc8][0x8a][0xdc][0xd4][0x92][0xfc]9[0xf5]2[0xe8][0xc9][0x8][0x1b]6[0x8d]*[0xe]@]E[0xce][0x86]jmG`[0xe6][0xd4][0xdf][0xe6]H1[0xeb][0x82][0xea][0xd7]a[0x9][0xa5][\n]"
05:56:05.345 [main] DEBUG org.apache.http.wire -  >> "[\n]"
05:56:05.345 [main] DEBUG org.apache.http.wire -  >> "[0xcd][0xf6][0x8]"[0xa6][0xf5]^[0xb0][0x1e][0xb][0x88]36y[0x91][0x89][0x16]sN[0xba]s[0x15][0x80][0xbc]9m[0x11][0xd7][0xcd][0xe][0xf2]9A[0x0][0xb7][0x6]S[0xf3][0xc4][0xe7])0[0xe5][0xd4]L,[0xb3][0xeb]|[0xcd]r+[0x91][0xe2]C[0x14]5[0xba][0xcf][0x93][0xa8][0x97]~[0xd6],[0xcc]i@[0xc4][0xb7]RM[0x95][0xb3][0x94][0x95]5[0xbe][0x83]#y[0x7][0x83][0x8]:ud9[0xc0][0x11]/[0xcc][0xc8][0x9c]bg[0xe3][0x14][0x85][0xfb][0x9b][0xb9][0xe9][0xb7]L[0xc0][0x88][0x9e][0xd7][0xd0][\n]"
05:56:05.345 [main] DEBUG org.apache.http.wire -  >> "[0x93][0xa5])1[0xec][0xff][0xed]&[0xbb][0x99][0x1d][0xd6]_[0xff][0xf5][0xcd]?[0xbf][0xfc][0xf2][0x8b][0x8f][0xdf][0xfe][0xf2][0xdf]o~[0xfc][0xfc][0xdd][0xff]~[0xb9][0xfc][0xe1][0xfb][0x1f][0xff]x[0xf9][0xea][0xab][0xcb][0xf3][0xeb][0xcb]mtp[0xa2][0x92][0xca][0xb5][0xb7]Q[0xcf]-[0xa6][0xf6][0xa7][0x97][0xa7]/[0xb7][0xa3][0xba]#[0xf8][0xb2][0x8a]5[0x1a]s[0x87]}[0xa1]9nr$[0x9d]#[0xe7]S[[0xc3][0x80]Y5[0xc2]9\[0x1e]elR8D[0xc3][0xfd][\r][0xeb][0xcf][0x13][0x1a][0xf6][0xb9][0xba][0xbf]fC[0xaa][0x9]A[0x8e]+[0x7]:[0xaf][0xb7]8[0xe5]@5z[0xa0][0xaa]G[0xd9][0xde]5[0xcc][0xe1]{[0xc8]}#?[0x89][0xf2][0xca][0xb3].[0x1a][0xfc][0xd2][0x80][0x83][0x8b][0xe2][0x90]-[0xa9][0xeb]=[0x84][0xc5])g[0x5][0x0]A[0xa3][0xb0][0xe5][0xa2][0x9c][0xfc]G[0xc7][0x1d][0xdc]?H.N[0xa4] d[\r][0x13][0xf8][0xeb][0xbb][0xf2]<pkkD}[0xd1][0xdd]b[0x80]F[0xfe][0x89][0xf1]A[0x11]/[0xf0]N[0x8c]$[0xbf][0x8c][0xe1][0x9f][0xf4]v[0x9a]3/[0xa6][0x86]q[0x18][0x87]U[0xbe][0xd4][0xc7][0xb9]4[0xb1][0xf7]}[0xe3][0x9c]q[0xa4]+[0x4]\[\n]"
05:56:05.345 [main] DEBUG org.apache.http.wire -  >> "=[0xb5]^-[0xc4]S[0x8]P[0xaa]W)[0x99]e,[0xb9][0x1a][0xe][0xf0]\[0xe]j4[0xfd]1([0xdc][0xb7][0x8][0xea][0x9b]N[0xa7][0xe4][0xe4][0x9e]]w[0xe][\n]"
05:56:05.345 [main] DEBUG org.apache.http.wire -  >> "T[0xaf][0x1][0xe9][0xac][0x94][0xec][0x1c]r[0xda][0xae]cx[0xcf]7[0xe6][0xf8]Mg[0xaf][0x18]O[0xe9][0xc4]<[0x8c]"[0x9b][0xa3][0xdc]"[0x91][0xae][0xd4]r[0xb1][0xd6][0xf0][0xed][0xb6][0xc0][0xce][0x8f][0xfb][0x1e][0xee]8[0xe8][0x9a][0xf][0x90]FM.[0x7]b[0x82][0xc0][0xc8][0xbd][0x8e][0x81]h.([0xb0][0x81][0xc4]2y{(m[0xc8][0x5]F[0x88]5I[0x13]E[0xea][0xe1][0x1]6[0x98]mE[0x2].nf$&[0xf2][0xc1][0xe5][0xd6]Bh[0x85][0x1d][0xf][0xa6][0xe3]lI[0xe7]y.i[0x8f]#[0xf][0xaa][0xc3] [0xa2][0x87]R[0xda][0xa8][0xe0][0xe5](4[0xab][0x14][0xd6]u[0xb7]b[0xc8]E[0x94]?<[0xcb][0xd8][0xf5][0xbd][0xf4][0xab]6[0x0][0xb4][0x4][0xbd][0x89][0xb0]M[0xd0][0xb]1[0x1e]Z[0xbb]R[0xf4]z[0x6][0xdd][0xc8][0x95][0xca][0x0][0x1c][0xbc]W2[0xc1]8U[0x92]v@[0xee]s[0x19]D[0xe0]*2[0xac]4B[0xf2][0x9c][0xe5]][0xf8][0xa8][0xb5]RH[0xc9]'[0x95]v[0xf2]Q[0x9b];[0x11]4[0x9f][0x9b][0x1c][0xd8][0x85][0x1c][0xd3]!j[0xfa][0xf6]l[0xcd][0xf6]9[0xde][0x98][0xeb]nz;[0x82]O[0x18][0xa4][0xe4]`7@&`H[0x91][0x88]e4Z[0xe][0xa1][0xf2][0x92][0xeb]Y[0xc5][0xe6]YE[0xfa]9Y[0x8d][0xb7][0x96][0xd9][0x98][0xca][0x16]}U[0x9f][0xb8]<h[0x15]).Zm{([0xa5][0xc8][0xf7][0x92][0x1a]7[0xd7][0xd4][0xdc][0x8],[0xaf]/[0x9f]t[0xaf][0x2][0xdb][0x9]D[0xbc]o[0x1a][0x80][0xe7][0xc3][0xbe].[0xb9]i[0x0][0xef][0xd1][0xbe]z,|[0x2]2[0x8] ][0xc4]$@l[0xad][0xb9][0x9f]D[0x4][0xf8]Dd*[0x1][0xe]f[0x1b]&[0xd5][0xbc][0x81]2[0xf5]{[0xf3][0xc2]?:{[0x9e][0x80]6][0xd5]d[0x1]O&*[0x1][0x4][0x87]a[\n]"
05:56:05.345 [main] DEBUG org.apache.http.wire -  >> "KT[0x82][0xb7][0xe5][0x88][0x97]l[0x95][0x12][0xaa][0x14][0xb4][0xc3][0xce][0xcd]X-![0xc7][0xca][0x94][0x9e]c[0x2][0x1d][0x9d][0xdc]![0x90][0xa9][0x15]w[0x1e][0xd3][0x0]<WoQ[0xca]is3[0xd8][0xc6]#[0xe6][0xfa]d[0xce][0x9][0x97].[0xe3][0x9b]\[0x2]*`Q[0xbe][0x8d][0xbe]n6[0xd2][0xdc]#[0xad][0x9c]%-[0x6]2[\r][0xca].[0x1d]Vk[0xfd]:[0xe0][0xd2][0xbf]j[0xe5][0xfe][0xe6][0xad]G[0xe7][0xd8]0=3'D[0x87]s[0xa1][0xa2]Y[0xd4][0x10][0xc5]nkB[0xeb][0x10][0x9b][0xd1]z[0xcf][0x9b]<[0xaf][0xfa][[0xac][0xbf][0x8d][0x19][0xee]:[0xe7][0x84][0x17]L[0x90][0xc1][0x4][0xb2]kPDt[0x87][0xf]K[0x87]^[0xfa]g [0xc5][0xdf][0x1b]}P[0xe][0xc9]+[0xd9]!6S/L[0x8a]8[0xf7][0xb4][0xee]f[0xe6]@[0x8c]39[0xa1][0xcb]'{[0x86][0xd4][0xfc]P|[0xb6][0xe4](|[0x1a]-[0xf2][0x81][0xde][0xbd],[0xc4][0xd2][0xb]!qd[0x90][0x84]X"[0xc0][0x16]`[\r] [0x9][0xb1][0xc1][0x9]/[0xd9][0xb7]{8[0x9]q[0x1a]J[0x8b][0xae][0x93][0x10][0xb6][0x8b][0xf1][0x1c][0xe0][0xda]Ag[0xe8]-[0x1b]~=[0x84][0xce][0x84][0xc8][0x16]f \FI][0xcb][0xdc]8U[0xe8];~[0xeb]P][0xb3][0x17]3[0xc5][0xcf][0xe6][0x13]B[0xd2]c[0xa9]_c[0xf5][0xe3][0xa6]/{[0x8f]Yc[0xae][0xf2][0xc6][\n]"
05:56:05.345 [main] DEBUG org.apache.http.wire -  >> "[0x5]rY[0x85][0xd4][0x86]#H[0x8f][0xa6]z[0xc6][0xf7][0xf6][0xb4][0x87]Q=[0x93]R[0xeb]f}L1O.B[0xd2]l~e;E[0xb]H[0xc5][0xe4][0xe1][0xb4][0x8d]r[0xb0][0xb4][0xbc][0x8e][0x94]m`[0x84]/[0xb7][0xae][0x92]my[0xfe][0xcd]dj[0x16][0xc6][0xbd].[0xc9]ei[0x8][0xa4]Q[0x91][0xde][0xdb][0xfd][0x90][0xa0]xj[0x89][0x9a][0xf4][0xe6][0x99][0xd7]![0xd4]A:[0xbe][0xa0][0xf]Q[0xb8][0x5][0xbd]ir7[0xcc]*[0x18]L[0x1f]WtDr[0xa0]yy[0xd3]}[0xb3][0x8a][0xdf][0xac][0x91][0x6][0x81][0x88][0x1]C{F[0x3][0xe9]T"[0xd0][0x3]B4[0x93][0xa8][0xe3][0xd0][0xce]`[0x6]~[0xe0]l[0xc9][0x98]M[0xcb][0x16][0xa6][0xa1]q[0xf0]J[0xad]#[0xee][0xce][0xf7]8l[0x16]z[0x92][0x14][0xc5][0x97]<oKO[0xb2]C[0x8][0xce][0xd1][0xff]ic[0xe3]`zXjb[0x81][0xca][0xcc][0xe1][0x8][0xec][0x8c][0xb][0xdc][0xf7][0x89][0xc][0x94][0x98]}hu[0x9f][0x8c]@m[0xca]!O[0xc9][0x7][0xa4][0x87]`[0xa6][0x1d]C[0x9c][0x1b]u[0x82]0#8[0xad]g[0xef]j[0xde][0xc8][0xb9][0xae]Cw[0xc][0x8c]P[0xa6][0xb5][0xa2]r[0xd8][0xd9]3[0x96]\R[0xa6][0xd5][0x1c]sl[0xa3][0xc3][0x1][0x7][0x3][0x6]s[0xa8][0xd4]x[0xe8][0x5][0x12]zO#[0x1a]aSyf[0x2]"<h|[0xcd][0xb6]yD[0xc0]#;[0xf1]Jkx2[0x1b]3r[0xe][0x9e][0xd4]-[0xb6]>[0x80]e[0x1b]d[0xfe][0x97][0xb][0xe3][0xaa]Z[0xf3][0xcf][0x19][0xaa][0xe3][0xb5]u[0x88]O1P:[0xa8]"[0xf6]V[0xe7][0x5][0x96][0xdf][0xae]'[0xd3]p[0x92]Q[0x96][0x9c]dP![0xb1][0xfa][0x8e]vY[0x10][0x6][0xd6][0xc9]M[0xe7]'D[0xb5]u[0x8][0xd1][0xe9][0x5]d9\[0xc1]Ur[0xe9][0x8][0xb1][0x91]!s[0xcc]I[0xa3],[0x9]"[0xa6]d92[0xa6][0xcd][0x90][0x3]l<[0x9b][0x2]`S[0x1c][0x84]kH[0xbb][0xee][0x86][0xe]&][0xab][0xdb][0xf1][0xd4][0xbc]Ut[0xcb]@Za([0xfa][0x5][0xe0][0xda]b[0xed][0xbc]h[0xfc]+7[0xd8]< mC[0x1e]0P[0xdc][0xd8][0xf][0xd6][0xce][0xfa][0xa3][0xd8]9L[0xe7][0xf6][0x88]L[\r][0x9d][0xec][0x9c][0x17]C[0xb0][0x1c][0xa9][0x6][0xea]s6:[0xee][0xca]J,[0xf1][0xda]Ey[0xde]>l[0xd2]r[0xcc]A[0x15][0xe][0xce][0xe1]3PO[0xaf][0x1d][0xd6][0xa1][0xdf][0xd1]7[0x92][0x8][0xb1][0xff][0xa6]Z[0x84][0xfd]{[0xc4]7[0xfb][0x89][0xf5][0x95]9vH[0xa2][0xca][0xc7][0x8b][0xb6]([0x93]N[0xbe][\r]t{L[0xa5][0xb0]6H[0xb7][0xe7]u[0x14][0x96][0x8b]XAm5[0xc3][0xf5][0x8f]][0xe3][0xf3][0xf3]F[0xa2][0xeb]2[0x91][0x4][0xf3][0x3]-fUY|[0x1d][0xf][0xc2][0xd3]:[0xcb][0xe][0xbc]$X"[0xd4][0x9e]O[0x12][0xe7]2[0x8e][0x81][0xfa][0xf5][0xe8]a[0xaf]@Di[0xab][0xb][0x2]h[0x7][0x19]B[0x1][0xb3]z1v[0xe4][0xdb]9[0xc0]6[0x87][0x83][0x15][0xfd]*A[0x8f]}[[0xbd][0x9b][0x1d][0xc][0xc0]T[0x99][0xc3]<[0x98]p[0x17][0xf2][0x86][0x8f][0xae][0xa3][0xb4]-[0xd5][0x9]lQ[0xea][0xd1][0x99][0x1d]^WG[0xf8][0xe4]v[0xdb]\5[0x9][0x0][0xd8][0x96]y6[0xda][([0xfb][0xf9]<[0xea][0xe9][0x10][0x9c][0xe0]z[0x92][0xb5]y[0x8f][0xbc][0x84]![0x9e][0x87][0xe4]%Z[0x81]X[0x87][U[0xe6]'-{J[0x81][0xf0][0xad][0xcd]V[0x3][0x80][0x18];[0x92][0xd2][0xe2]ee[0xf6][0xb0]Vt0[0x9f][0xf7][0xf8][([0x9c][0xd3][0xdd][0xe]O[0xa3][0xcc]H[0xf0]Z)>[0xf6][0x0][0x97][0xad][0x99][0x8][0xf9][0x15][0x9d]F[0xca]Q[0xfa][\n]"
05:56:05.345 [main] DEBUG org.apache.http.wire -  >> "[0x95]dy[0x97]E[0xc2][0xa7][0xa6][0x9e]h[0xaa][0x19][0xfd][P[0xc6]y[0xb2]&[0xf1]U[0x15]j"[0xc5][0xb3][0xe2]kN[0xf4]f[0xc3]?[0x8f][0xf5].{o_y[0x1]<[0xfd][0xe8][0xe5]g[0xfb][0xe2][0x90],[0xf1][0x8a][0x0][0xb0]u[0x91][0xb9]3[0x12][0x18][0xa3][0xb1]a@[0x9d][0x7][\n]"
05:56:05.346 [main] DEBUG org.apache.http.wire -  >> "u6[0xa4]yt[0xca]-[0x89][0xbc][0xb5][0xeb][0xb5]E[0xf3]80[0xc1][0xc0][0x2][0xef][0xb9][0xf0]H)[0xeb][0xe0][0xb9][0x3][0xd2][0xa2][0xda][0x93]1[0xac][0x89]L[0xe]"[0xdf]W[0x83][0xf1][0xaa][0x1b]{[0x95]^[0xda][0x8][0xbc]6[0x0][0xa5][[0x1b][0xf3]K9[0x90][0xec][0x80]I$[0xab][0xc9]9v[0x84][0xf0]yE[0x96]P[0xeb][0xe2][0x9b][0x84][0x18][0x91]7=1[0xc8][0xa6][0x6][0xca][0x95]2[0xf4]=[0xc6][0x1e][0xbb]|H][0x83]R[0xa9][0xea][0x1b]2Yg[0x9a][0xb4][0x9a][0x86][0xf0][0xa1]\u[0xac][0xf9]p@[0xd1][0xdc](|[0x9b][0xf3]a[0xc1]"q[0xca][0xc3][0xb3]-[0x95][0x86][0xbc]5[0xaa]R[0xa1][0xa5][0x89]wg[0xc][0xd4][0xd8]35c@[0xb5][0x90][0x85][0x88][0xec]j[0xc8][0xa8][0xaf][\n]"
05:56:05.346 [main] DEBUG org.apache.http.wire -  >> "t[0x8]j[0xa0]q[0xf2]Q[0xa3]2[0xe7]c[0xbf][0xcf][0x9b]@[0xb7]Ru[0xcc][0xa5][0x1e][0xb3][0x9d][0xc7]fN[0xec][0xa2][0xd5][0xb1][0x93][0xac][0x87]d"3[0xb3][0xde]T/[0xd3]B[0xf5][0x83]+[0xca][0xe2][0x2]6[0x8c][0xf6]y[0xea][0xdd]J6[0xc5][0x94][0xeb][0xd8][0x90][0x98][0xd9]D[0xc][0xb7]t2[0xe6][0x89]7[0x91][0x87][0x99]![0xa8][0xfc][0xcc][0x1f][0x84][0xb1][0x1a]B.4[0xec][0xe9][0xe9]\=[0x0][[0xb]I[0x14]T[0xd8]sS[0x1a][0x80][0xf9]k9[0x88][0x88][0x4][0xeb][0xdf][0x1a]|_[0x15][0xad]O[0xa9][0x9a][0x1c]F[0xf4][\r][0xf5]l0[0xaa][0xcc][0xc6][0xfb][0xff][0x1a]g[0xe1][0xcc]n`[0xea]"[0xe][0x93]I%[0x9e][0x3]6u[0x9c]?{-[0x95][0xba][0xdc][0x9c][0xab][0xf4][0xf7]a[0xae]R[0x1e][0x90][0xd4][0xd4][0xab][\r]H[0xea]E[0xa3]][0x16]A:[0x81]T[0xa5][0xac][0x9][\n]"
05:56:05.346 [main] DEBUG org.apache.http.wire -  >> "X[0xbd][0xab][0x8d]G[0x14]s[0xee][0xe4]0[0xfd][0x93][0xf3][0xf]t[0xf8]-[0x84][0x81][0xcc]D[0xde][0x9a]G[0x9f][0xcf][0xed][0x86]?[0xcf][0xd9]/Y[0xe7][0x98][0xa0]|[0xb4][0x93][0x86]~[0xa3][0x1b]&ihi[0xa0].[0xa3]*[0xd6]Q[0xcc][0xf6][0xf2][0xb1]I[0x96]7[0xfa][0xba]][0xb4]G[0x16][0xe0][0x1a]+[0x87]D[0x1b]W[0xa5]yC[0xf8][0xd7]h[0x85][0xf4]W[0x8c][0xa6]F[0xae]G[0x96][0xe6][0x1f][0x18][0xf2]{[0x8e],[0x1d][0x16]~[0x8f]u[0xb]/[0xb1][0x86]K[0x91][0xe4][0x6][0x4]}l[0xf2][0x2]6[0xd6][0xdc][0xb5][0xf][0xbf][0xc3]uw2}[0xa4]l[0x8b]U[0x15][0x9]Mh][0xfa][0x17][0xb3]\[0x3]hi[0x9d][0x86][0x6][0x83][0xcf][0x94][0x9d]ydtl[0xec]e[0xfb][0xfc]r+[0xd0][0x86][0x96][0xd7][0xc9][0xe3][0x81][0xfb][0xb4][0xd1]#[0xed][0xb2][0x9d]r[0x15]?E[0xcb][0xa1][0x16][0xac]L[0xc6]y^[0x8a]([0xfb][0x19]@[0xe7]W[0x96][0xec][0xb4][0x1f]I[0xb][0x94][0x13][0xbd][0xa3][0xf1]Pd[0xa1][0xe1]J@[0x84][0xed]E,[0xdf]8[0x8f][0xbc][0xd2][\r][0xca][[0xf3][0xf0][0xb9]xt"
05:56:05.346 [main] DEBUG org.apache.http.wire -  >> "[0x12][0xca][0xf2][0x2]v[0x10][0x97]J[\r]3[0xf][0x1a]39x[0x99]m[0xcf][0xba][0xf2]![0xa2]S[0x3][0x3][0xb8]3[0xc6]X[0xa4][0x8c][0xf7]av=I[0xa8].[0x2]-CS[0x81][0x9f][0x85]|[0x97][0xf5][0xde]y&[0xc1][0xb7][0x2]z"w[0xa6]jJ[0x9f][0x13]P[0xac]:m][0xe3]|[0xc1][0xf9]G[0x86][0x9d][0xda][0xe8]?[0x1a]F.;[0x8e][0xcd]G[0xed]]+[0xcd][0xc9]*N[0xef][0xce][0x1b][0x5][0x83][0x9b]B[0x9d]cL[0x10][0x9d][0xc0]'<[0x3][0x1c]&[0xc4][0xc7][0x16][\r];[0xa4]hxS[0xea][0xca][0x1a]d[0xd8][0xc9][0xe6][0xfa][0x8f][0xfc]i@[0xc0][0xcc][0xe8];-[0x99]C[0xc][\n]"
05:56:05.346 [main] DEBUG org.apache.http.wire -  >> "$X[0x99][0xa2][0x0][0xce][0x1][0xdc]7[0x89]5[0xda]/[0xd3][0xb]EL[0xed][0xc2][0x7][0xe9][0x1a][0x81][0x96][0x89][0x91][0xe2]z[0xec][0xc3]U[0xf8][0xe6][0x18][0xf6][0xd3][0xfd][0xce][0xfb]h[0x87]C[0xad]|[0xf7]][0x1d][0xac][0x8a]j[0x8c][0xe4][0xf1][0xee]LJ<?[0x1a][0xf3][\n]"
05:56:05.346 [main] DEBUG org.apache.http.wire -  >> "#[0xeb][0xe1][0x19][0x8f][0x14][0xe8][0xc8][0xbd][0xbb]Q[0xbf]{[0xb0][0x10][0x90][0x8f]TX[0xb3][0xd8]7[0x9b]g[0x91][0xa5]I[0xf1][0x0]_[0xf3][0xca][0xb3]Y4v[0xac][0xc6][0x9d][0xe6][0x1f][0x11][0xf9][[0x88];[0xe9]~[0xc9]e[0x12]'#7R[0xf5][0xbc][0xfd][0xfa][0xed].?=[0x84]3M[0x4]4[0x1a][0x1][0xb9][0xf5]$[[0xab][0x1f]Y[0xce][0x1f][0x1b][0xc9][0xef][0xbc][0x8c][0x10][0x88][0xd6]+"[0x84]@[0x7][0xc0][0xd1]i=[0xe5][0xa3]l[0xdf][0xb1][0x5][0xd1][0x18][0xa8][0x84][0x1b][0x1d][0x15]k[0xc0][0x8e][0xc6][0xc6][0xba][0xb7]|[0xe8][0x96]%f[0x84][0xbc][0xe9][0xb4][0xaf]eC[0xda][0xc9][0x6]h[0x12]yw[0x19][0xda]y[0xb0]sJ[0x94][0x87][0xe6]l[0x81][0xd2][0xe0],2[0xc2][0xf4][0xf6][0xe4]\[0xb9][0x1e]h[0x9c][0xe6][0xec][0xef]0[0xd0]X&J[0xce]&[0xe1][0xcb]i3[0x94][0xd3]bf[0xf3]!^[0x9d][0x8b][0xdf][0xd1]O[0x11][0x82][0xa6][0xe5][0x7][0xe8]#[0xa2][0xb6]0[0xeb][0x1c]W[0xc4]:x[0x96][0xde];[0x88][0xe0][0xda]y[0xb1][0xc5][0xa1][0x19][0x8f]<[0xa7][0xc7][0xd3][0x15]0wi[0xee]A[0x92]-Q%[0xe3]=2[0xb8][0xe4]tc[0x92][0xc3][0x1]XE[0xf4][0x11][[0xe2][0xa4][0xae][0x5]W[0xef]gN[0xf2][0x10]@`[0x1e][0xd4][0xb5]9a?[0x97][0xfa][0xd7][0x9a]([0xbe][0x5][0xc4][0x1c]n[0x10][E[0x86][0xb][0x9a][0xeb][0x18][0xc0][0x2]?[0x87][0x18][0x0][0x83][0x1]c[0x8f]?[0x16][0x97][0x9c][0x15][0xaa][0xf1][0xf8][0x2][0xa0][0xef][0xd5][0xdc][0xe1][0xe9][0xa8][0x8c][\r][0xcb][0xe5][0x1a]WD[0x0]7[0xd6]f[0xe4][0xf]\[0x86][0xec][0xee][0xcd][0xc9]M][0x91]^&[0xfa][\n]"
05:56:05.346 [main] DEBUG org.apache.http.wire -  >> ""[0x96]%[0xf4][0xe4][0xe1]y#$[0xdb][0x4]U[0xf2]-[0xaa]0u-[0xa2][0x89][0xc7];[0xbb][0x9d][0x81]F[0x19][0xec][0xf8][0x14]3[0xf6][0x3][0xe7][0xcf][0x81][0x91][0x7][0x5][0x9d][0xb3][0x9f][0x6][0xf8]>zJw[0x17]n[0xea][0xff][0x1][0xf6][0xb4][0x8e]Z[\n]"
05:56:05.346 [main] DEBUG org.apache.http.wire -  >> "endstream[\n]"
05:56:05.346 [main] DEBUG org.apache.http.wire -  >> "endobj[\n]"
05:56:05.346 [main] DEBUG org.apache.http.wire -  >> "9 0 obj[\n]"
05:56:05.346 [main] DEBUG org.apache.http.wire -  >> "<</Filter /FlateDecode[\n]"
05:56:05.346 [main] DEBUG org.apache.http.wire -  >> "/Length 2510>> stream[\n]"
05:56:05.347 [main] DEBUG org.apache.http.wire -  >> "x[0x9c][0xed]\[0xdb][0x8e]$[0xb7][\r]}[0xef][0xaf][0xe8][0xc7][0xe4][0xc1]Z[0x89][0x14]u[0x1][0x16][0xb][0xcc]e[0xd7]OyH2?`[0xd8]^[0x3][0x81][0x1d]$[0x8e][0x3][0xe4][0xf3]C[0xa9][0xa4][0xea][0xaa][0xea][0xe9]"[0xab]j[0xa6][0x11] [0xde][0xd9][0x99][0xee][0xe9][0x99][0x16]K[0x14]/[0x87][0x87][0xac]qg[0xcb][0x1f][0xdf]8[0xfe][0x92]<[0x9c][0xbf][0xff][0xe5][0xf4][0xcf][0x93][0x89]T_[0xed][0x8f][0xfc][0xa2];[0x97][0x8f][0xbf]|{[0x1e][0x9e][0xfc][0xfa][0xd3][0xe9][0xc3][0xb7]x[0xfe][0xe9]_[0xa7][0xf2][0xf3][0x98][0xfd][0xd9]9[0xc0][0xf3][0xaf]?[0x9e][0xbe][0x9e][0xfe][0xbc]X!B[0xf9][0xcf]k[0x98][0x1c]R8[0xf7][0xaf][0x11][0xa8][0xac]w[0xfd][0xe2]|[0xed]`[0xc1][0x4][0xfe][0x97][0xcf][0xde][0xdf]\[0xdf]Y4[0x14] [0xc0]^9[0x86][0x12][0xda][0x8]y"[0xe]V[0xc4][0x81]5[0xe][0xc8][0xa7][0xb4]S[0xdc]7[0xc6][0x85][0xe8]R[0xf4]9*%b0![0xc5][0xbc][[0xa2][0xf1][0x8e]R">a[0x9d]<B[0x3]d[0xf9][\r][0xbb]w[0x88][0xe8][0x91]7[0x98][0x95]'[0x98][0xbc]I[0xe][0xfd][0xee][0xfd][0x81]O![0xc7][0xc]:q[0xe0][0x82][0xc1][0x18][0xdc][0xee][0xdd][0x91]ulp|[0xb9]*u[0x2][0x82][0xc9][0x98]r[0xd8][0xbb];[0x9b][0x1c]9[0xeb][0x9d][0xd2]\[0xc0][0xe7]r[0x85]~[0xb7][0xbc][0x10]<{[0x4][0xa2]R\[0x8][0xc6][0x6][0xcf][0xbf][0xbe]W[0x9d]li!F[0x9b][0x94][0xa7][0x97][0xa3]ao[0xcf][0xb4][0xdb][0x19]r[0xc4]L[0xc9][0xeb][0xc4]!d[0xe3][0x12][0xff][0xfe][0xee][0xed][0x1]Ab[0x8d]*O[0xf]=[0xf1]3[0xf0]{}[0x8f]][0xcf][0x82]M[0xda][0xd3][0xc3][0x0][0x6][0x9d][0xcf][0xfb]][0xdd][0x83][0xb5][0x4]V[0xe9][0xc][0x18][0x93]I1[0xe6][0xbd][0xd6][0xc2][0xb1]s[0xd8][0x9f][0xf2][0xf8][0xbc][0xb3][0xc6]{[0xeb][0xf7]['[0xa5][0x8]l/A[0xb7][0xbf][0x3][0xc9][0x8e][0xd0][0x99][0x4][0x16]9[0xc5]fS[0x1e][0xcb]o[0xbc]W[0xce]cq[0x99][0xc3]R[0x6][0x97]5[0xe2][0x8e][0xe6]<[0x16][0x17][0xd1]`[0x82][0xa4][0xda][0xdd][0xd1][0x84][0xc7][0xe2]J[0xe][0xe3][0x9f]&[0x8d][0xb8][0xa3][0xf9][0x8e][0xc5][0xf9]T[0x14][0xa4][0x11]v0[0xd7][0xb1][0xac][0x94]Lt[0xb6][0xc0].Q[0xda][0xc1]T7[0x1c][T[0xea][0xf1]h[0xa2]+6[0xc9][0xa9][0xcb]+[0xa5][0x1d]LsE[0x91]A/[0xed]`[0x96]ci[0x8e]#m[0xb6][0x1][0x15][0xd2]Z[0x14][0x1][0xc7]Y[0x83]M[0xd3]g[0xe][0xeb].[0x86]*[0xe6][0xea][0xc5][0x8b][0x98][0xc7][0x97][0xd3][0x87]/l[0x16][0xe1][0xfc][0xf2][0xf5][0xe4].[0xd8][0xde] e[0xe4][0x95]_~)[0x11][0xcd][0xb1][0x1][0xfa][0xfa][0xed][0xf][0xe7][0x8f][0xd6][0xe2][0x17][0xfe][0x8c][0xd6][0xfa][0xf2][0x99]k,[0xe7][0xc7]O[0xe7][0x97][0xbf][0x9d]>[0xbf][0xdc]X[0x92]8R[0x11]c \_[0xda][0x87][0xb6]d[0xa8][0xcb][0x1][0x98][0x82]{[0xcb]N[0xdb][0xcf][0x1f][0xf9][0x93][0x6][0x91][0x94][0xf8][0xf9][0xf3][0xba]X[0xc7][0xeb];[0xcf][0x12][0x92] [0xf7]K]'[0x9a]LU[0xcd][0xa3]<a[[0xec][0x96][0x86][0x86]3Z][0x9f][0xd1]X[0xbd]n[0xff][0xd4][0xae][0xbf][0xa8][0xee]yx[0xa4][0xba][0xa7]u9[0x1c]t[0x7][0xfd])[0xc4][0x14][0xf5][0xd9]&[0x8e]O[0x8a][0xf2][0xf0]8[0xa8]m][0xc]Zg[0xd8][0xbc]y[0xbd]u1~r[0xf0][0xed]D[0xea][0xc9][0xa5]aW*Q[0x1c][0x93][0x12][0xbf]+[0xef]=[0x98]v[0x19][0xd4][0xc4][\n]"
05:56:05.347 [main] DEBUG org.apache.http.wire -  >> "[\n]"
05:56:05.347 [main] DEBUG org.apache.http.wire -  >> "[0xf4][0xde][0x9b]`u[\n]"
05:56:05.347 [main] DEBUG org.apache.http.wire -  >> "l[0xe7]C[0x83]mab[0xc0]R[0xe3][0xd9]([0x9b]F[0x3]uX713Q[0x9a][0xe8][0xbb]\[0x99][0xeb]W&g[0xe5][0xfb][0xb8]/[0xf4]-[0x8c][0xdb]@[0xcb][0x0]y[0xbe][0x5]J}[0x83]1b}w[0xff])[0xe1][0xf8][0xbe][0x9b][0xea]f[0x8c][0x98][0xb2][0xec]v[0xf6][0xa9].C3[0xe9][0xf8]P_[0xcc][0x3][0xb4][0x81][0xb9][0xe0]j^Q[0xe1][0x98][0x1c];][0xf0][0xa2]cb[0xd9][0xcc] [0xd0]%[0x13][0x86]P132[0xd6][0x92]e[0xa1][0xee][0xb3] [0x90]8[0x9f][9[0xc2]a[0xf][0x9a]i[0xe1][0xaa]OR[0x4] [0xe3][0xb0][0xa0][0xa1]M[0x11][0xa0]<[0xd6][0x8] [0x4]J[0x88][0xd6][0xc4] ^}q[0xb9]n[0xfa][0xde][0xc0]+[0x86][0xd1][0xb7][0x17][0x5][0xf7][0x7][0xe4][0xec][0x8][[0x3]Mn;[0xc][0x97]4pI[0x9]B[0x4][0xc0][0xd8]p[0xc9]z[0xc0]I[0xca][0xe5]B2[0xd5]:[0xd7]W[0x1b][0xcc][0x94]u[0xaa][0xa7][0x87][0x16][0xd3]B9[0xcf][0xa5][0xdf][0xf5][0x3][0x1b][0xb3][0x84][0x90]X[0xd9]w[0x89][0xf][0xc2]+[0xb7][0x15][0x14]K[0x6][0xc7]8)[0x8a][0xa6][0xe6]g[0xa1][0xb0][0xe4][0xea][0xc5]n[0xd6][0x2][0xdf][0xbc]>[0xb8]K[0xe0][0x1b]}[0x3][0xc6][0xf0][0xc6]e[0x3][0xe6][0x99][0xcf]O[0xa2][0x1b][0xc7]>[0x9a]o[0xc9]YAs[0xd1][0xd8][0xe1][0x1d][0xeb][0x17][0xd2][0xf2]$[0xb9][0xf5][0xe5][0x18][0xf8][0xbb][0x1][0xff][0xac][0x9f][0xed]s[0xf3][0x4][0x9][0xc]Yo"([0x9c][0xdc]-<-w[0xbb][0xd1]#[0x9]W8[0x17]E[0xbe]}[0x3]$[0x1][0xac][0xa6]*[0xe1].@[0x2]=[0x7]J[0x14]3[0xdb][0x9b][0x3][0x9]![0x1a][0x1][0xab][0x9b]ME[0x13][0xdc][0xf2][0xc6][0xb8][0xc9][0xea][0xd5]`[0xc2]MF#[0x97][0xf0]w[0x89][0x8][0xe5]"[0x8b]Nf[0x18]Y[0x13]t[0xb9][0x1e][0xd3]8[0xd2]D[0xdd]4[0xe6][0x95][0xa2]z[0x9][0xbc]D[0xe3]I[0x91]][0xa8]ed[0xbb][0xd0][0xb3]b[0xb].[0x92][0x6]W[0xb8][0xd2][0xaa][0x8]b[0x11][0xe8][0xeb][0xb2][0x9c]n[0x16]a>[0x19]J[0xc3]:c$[0x95] [0x7]f[0x93]Ag[0xb3][0x9a]0[0xc0][0x8][0xc6][0xcb]a[0xe0]s;mE[0xd1][0x85]%^[0xca][0xe1]wt[0xf5]r[0xb2][0xf][0xcd]o[0x1b][0xf8][0xaf]'?[0xe8]![0x6]c[0x1]g[0xf0]R[0x92][0x9f][0xd1]x[0x19]$[0x95]r|[0xb4].[0xd7][0xa2][0xd9]s[0xb3][\n]"
05:56:05.347 [main] DEBUG org.apache.http.wire -  >> "e[0xb8][0xf6][0xd1][0x99]\L[0xee][0xad][0xca]X[0x99]4[0xbb]o[0xca]?[0x90][0xca]2[0xd7]2[0xaa][0x8a][0x98][0xc6][0x8c][0xfe][0xe1][0xaf][0xff][0xf8][0xee][0xef][0x1f]?~x[0xf8][0xfe][0xb7][0xf7][0xf3][0xcb][0x8f][0xff][0xf9][0xed][0xfc][0x87][0xaf]?[0xff][0xf1][0xfc][0xe9][0xd3][0xf9][0xf1][0xf9][0xe9][0xf4][0xd1][0xba][0xc7][0x6][0xf7][0xff]T[0xbe]k[0x5][0x81]T`8[0xd3][0xf0][0xe2]][0x12][0x1d][0xd8]hd$s[0xdf]4[0x7][0xd9]k[0xaa][0x86][0x1e]v[0x9b][0xcc]<[0xa0]Y[0xbc]D[0xa6]E\&[0xa1][0x98]Db f[0xb3]H")#[0x15]rF[0x95]71[0x1][0xab][0xdd][0x82]G[0xb4][0xb4][0xc5][0xb3]S6[0x1a][0x82][0xea]-[0xc][0xd8][\n]"
05:56:05.347 [main] DEBUG org.apache.http.wire -  >> "d[0xc7][0x8c][0xc8][0xfe][0x9d][0xaa][0xfc][0x1f][0xa5]*[0xd5]e[0xdd][\r]9[0x81][0xd3][0xba][0xbc][0x8d][0xc3][0x8c](Qk[0xd7]l:[0xa5][0x92][0x82]^[0x8f][0x5][0xa1][0xd7]d[0x8a][0xc4][0xc][0xc9][0x80]/[0x8d]0[0xe1][0xa4][0xe6][[0x93]([0x1e],[0x9a][0xb][0xa5]Ms[0x1f]J[0x14]J[0xdf]X.[0xf3]]SL[0xba]h1-[0xa9][0x1f]QV`pOb[0xd0][0x83]N[0x80]L[0xe][0xa5]S[0x94][0xa9][[0xaf]V&1[0x8a].[0x90]T[0xb0][0x90]"[0xb3][0x86][0x87][0xae][0xb6][0x1e]l[0x9f][0x85]p6[0xeb][0x94][0xfd][0xce][0xdc][0xfe][0xdf]0[0xb7]cHiL[0x9d][0xc4][0xe2][0x0]x[0xb6][0x4][0x85][_ [0xbc][0xc8][0xd6][0xd6]S[0xd2]u[0x9d]:[0xce][0xc9][0x1d][0xeb][0x94](![0x4]"[0xb6]*+s[0x8a][0xf4][0xd0]N[0xb5]{[\r][\n]"
05:56:05.347 [main] DEBUG org.apache.http.wire -  >> "[0xcb]FP[0x85][0xcd][0x91][0xce][0x92][0x9]7[0xcc][0xa4][0xe2]~[0xf4][0xaa][0xf5][0x9c]&[0x83][0x8b][0xea][0x8b]|[0xec][0xcf][0xa5][0x2][0xb]L.[0x4][0xfb][0x6][0xd4][0xf7][0xd8]J[0xd5]x[0xa9][0xf4]UL[0xca][0xbc][0xab]~[0x9f]:kG[0x16][0xf5][0xd9][0xc8][0xb4][0xd2][0xd6][0x1c][0x9a][0x9d][0xa6]d~[0xab][0x14][0xea]|[0xec][0x8d][0xf9][0xf7][0xcf][0xa1].[0xb5]8[0xb5][0xc5][0xd8]e[0x17][0x2]P[0xd1]0o[0x9a][0x9a][0xb9][0x8c][0x95]k[0xcb][0xdb][0x89]Y[0xaa][0xd6][0x9c][0x9]Y[0xe4]2[0xbc][0x2][0x93]cHFF-[0x15][0xb2]v[0x16]Q[0xb1][0xaa][0xe7][0xca][0xba][0xf2][0xf0][0xca][0x10][0x93]&[0x86][0x99][0x17][0xaf]Ia[0x87][0xb]fe+g[0xb5][0xad]Wc[0xd1][0x5]B[0xcf][0xb3][0xfb][0xa4]n[0xbc][\r][0xc6]8[0xc9][0x6][0xb9]}[0x89]n[0xc8][0xb3][0xc0]{[0x87]05^q[0x9e][0xe7]>q[0xae]qy[0x9d][0x9e][0x9d][0xa9]@[0xc1][0xec]b[0xac][0xbe]&[0xd2]I[0x1b][0x9b][0xc3]1[0xd4][0x92]K[0xc5]T[0x1e]m[0xec][0x84][0xac]A[0xd5]W[0xc6][0xfa]<yT[0x8a][0x2]vd"yDDK[0x10]'06Z[0x91][0xe3][0xf4]s[0xdd][0xf7]f[0xdd]X[0xa8]J[0xec]N[0xb9]j[0x5]x:jI)[0x1b]/3[0xb6][0xd3]c[0xbe]MTK[0xd8]%[0x18][0x5]>[0x1e][[0xff]#q0[0xdf][0x19])[0x12]*qM[0xa5] [0xf1]'-[0x1b][0xba][0xd9][0xce][0x12]g[0xf2][0xee][0xd3]bz#[0xa8]AT[0xa7][0x17][0xde][0x12][0xea]rn[0xf0][0x9a][0x99][0x8f]^[0xf7]<-`[0xaf][0x82][0xa5]q[0x1][\r]*[0xe]tK[0xed]cAS[0x9c][0xf8][0x8e]D[0xa3][0x2][0x8e] iFC[0xae][0xc2][0xe7]d[0x2][0x85][0x14][0xc9][0xb8][0xdc][0x18][0xe0][0x1d][0xc3][0xd3]C[0xc9][0xb8][0x95][0xd8][0xd6][0xce]i[0xb9]K<[0x99][0xb3][0xeb]y4[0xc1][0x95]PbU[0xcd]c[0xe5][0x98][0x81][0xb7]n[0xe8][0x8e][0xbe]C/[0x9a]Q[0x84][0xa6]0[0x8d][0x93][0xf8]0[0xe]$1[0x9a]X[0x8d][\r][0xb3][0xbb]D[0xee][0xc6]NCl[0xb8][0xba][0xf]O[0x8d][0x1e]&[0xf0]4N[0x89]L[0xe7][0xd4][0xb7][0x82][0xe]qn[0xe8][0xd1]H[0xde]p[0xb0][0xe5][0xe8]RP[0x95]3[0xf]M7[0xa9]7s[0xae][0xbd]aeh.)[0xe8][0x1]T[0x8e][0xe3]pA[0xc2][0xeb][0x88]W[0xfc][0x8e]-st[0xaa]Y[0x8c][0x19][0xb6][0xeb]W[0xd2][0x8e][0xa9]>[0x17]Y[0x15]d[0x98][0x9a]E[0xe0]5[0xc5][0x16][0xf1]b[\r]5[0xa5][0xad]1[0xa7][0xf3];[0xa4][0xee]L[0x9d][0xe][0xe0][0x84]*%[0x87][0x8b]&[0xa5][0xc0][0x9c][0xca][0xce][0xc3]^[0xd9][0xae]b[0xbd][0xb4]UB[0xd6][0xac][0xcb][0x9e][0x9d]Y[0xd8]P1[0xd4]i[0x9b]R[0x8f]i[0xba]A[0xdd][0x94]>[0xdb]qDq[0xcc]}[0x1a][0xe0][0xcd]kj[0xcc]i[0xb][0x8] 4aCG[0xb6]_[0xb1][0xe0][0xe1]e[0xfe]=+[0x1a][0xcc][0xb][0x96][0xee][0xe6]X[0xaa][0xb6]G[0xcb][0xfe][0xa0][0x19]M=0[0xee][0xe3][0xb]y[0xe4][0x93][0x94]9[0x8f][0xc7][0xae]`[0x16][0xae][0xe3][0x84][0xcd][0x13]#[[0x5][0xdd][0xf][0xaf]Z[0x87]x;[0xe4]}0[0xfe][0xf2][0xdc][0x15][0xc8][0x98][0x14][0xd3][0x15][0xa3][0xf9][0xf6][0x96][0xac]4"[0xc2][0xe6][0xab][0x99][0x17]][0xa6][0x7][0xb4][0x97]Q[0x88]N[0x7][0x84]f[0x4][0x9a]Q[0xb2][0x9c][0x15]S[0x19][}[0x11]|[0xac][0xeb]iA[0xf9][0x14][0x88][0xf]A[0x9e]|[0x9f][0xd2][0xbb].[0xae][0xe5]]!jZ[0xb][0xd5][0x1f][0xd1]^[0x9a]A[\n]"
05:56:05.347 [main] DEBUG org.apache.http.wire -  >> "}a[0x2][0x93]x[0xd1]#}^[0x98](t[0xd8][0xad][0xb7][0xc3][0xfd][0x1][0xf3][0xdd][0xea]F[0xd9][0x9d]q[0x8a][0x96][0xc7][0x82]J[0x98][0xa0]2r[0xe5][0x96][0xec][0xfc][0xfa][0x18][0xf5][0xea][0xe8]z[0xe1]c[0xa4]A[0x8b][0xab]d)[0xde][0x95]|[0xff][0xd9][0xb2]I[0xcf]j[0xa4]Y[0xec][0xa4][0x2]}[0x96][0xd5][0xe1],[0xd5]c[0x10][0x81][0xb7][0xb7][0xb3][0x8c]3[0xde]-[0xb0][0xa1][0x90]*E[0xb4]f[0x16]d[0x82][0xea]F[0xb2]B[0xba]Q[0x85]K[0xfe][0xe1][0xa6][0xe4][0xfd][0xd6]}[0xa9]~[0xd3]5[0x83]d[0xe5][0x9b]KJ[0xb][0xf9][0x8d]:[0x0][0xa0][0x89]m0[0xa1][0xea]{4[0xf5][0xf9]r[0xf4][0xe5][0xa2][0xa5]<[0xc8])P[0xe3][\r][0x98]Z[0xfe]]B[0xd4][0xcd][0xed]7[0xca][Z[0xa7][0xca][0xfe][0x1b]q[\n]"
05:56:05.347 [main] DEBUG org.apache.http.wire -  >> "R[0xc]z[0xdc]&[0xb8][0xc5][0xbf][0x0]p[0xff][E[0xc6][0xf4][0xd8][0xb3][\n]"
05:56:05.347 [main] DEBUG org.apache.http.wire -  >> "[0xe][0xe3]a[0xb3]X'[0x9c]n[0xc][0x6]4z[0xd9][0xd8]Rw\[0xe0]z[0x5][0xf3][0xdf][\r]sZ[\r][0xce]&[0xd3]/^[0xb7]:[0x10][0xaa]` [0xdf][0xbf][0x97][0x4][0x11][0x8c]U[0x14]Y_[0x86]O[0x14]oz[0x8d][0x1a][0xc2][0x1e][[0xfa][0xeb][0x88][0xa9]n[0xa3][0x87]|U[0xd6][0xb7]&[0x5]9[0xcb]v[0x87][0xb3][\n]"
05:56:05.348 [main] DEBUG org.apache.http.wire -  >> "Po[0xb3][0xaa][0xdb]=[0x1d][0xa8][0x10][0xef][0x92][0x1b][0xee]9[0x12]r[0x10][0xbe][0x96][0x18][0xa4][0xab][0xcd]\\[0xc9][0xf4]g[0x9f][0xd0][0x9f].m[0xd7][0xe6][0xca][0xe7][0xb0][0xe3]~c[0xa5][0x1b]][0xd5][0xa7]:[0xb2]#[0x1e][0xd6][0xd5]X)[\r]q[0xe0]j^[0xba][0xd3][0xf1][0xe5][\r][0x13][0xb6][0xe5][0xbf][0xa9][0x91]U[0xe2][\n]"
05:56:05.348 [main] DEBUG org.apache.http.wire -  >> "endstream[\n]"
05:56:05.348 [main] DEBUG org.apache.http.wire -  >> "endobj[\n]"
05:56:05.348 [main] DEBUG org.apache.http.wire -  >> "2 0 obj[\n]"
05:56:05.348 [main] DEBUG org.apache.http.wire -  >> "<</Type /Page[\n]"
05:56:05.348 [main] DEBUG org.apache.http.wire -  >> "/Resources <</ProcSet [/PDF /Text /ImageB /ImageC /ImageI][\n]"
05:56:05.348 [main] DEBUG org.apache.http.wire -  >> "/ExtGState <</G3 3 0 R>>[\n]"
05:56:05.348 [main] DEBUG org.apache.http.wire -  >> "/Font <</F4 4 0 R>>>>[\n]"
05:56:05.348 [main] DEBUG org.apache.http.wire -  >> "/MediaBox [0 0 596 842][\n]"
05:56:05.348 [main] DEBUG org.apache.http.wire -  >> "/Contents 5 0 R[\n]"
05:56:05.348 [main] DEBUG org.apache.http.wire -  >> "/StructParents 0[\n]"
05:56:05.348 [main] DEBUG org.apache.http.wire -  >> "/Parent 10 0 R>>[\n]"
05:56:05.348 [main] DEBUG org.apache.http.wire -  >> "endobj[\n]"
05:56:05.348 [main] DEBUG org.apache.http.wire -  >> "6 0 obj[\n]"
05:56:05.348 [main] DEBUG org.apache.http.wire -  >> "<</Type /Page[\n]"
05:56:05.348 [main] DEBUG org.apache.http.wire -  >> "/Resources <</ProcSet [/PDF /Text /ImageB /ImageC /ImageI][\n]"
05:56:05.348 [main] DEBUG org.apache.http.wire -  >> "/ExtGState <</G3 3 0 R>>[\n]"
05:56:05.348 [main] DEBUG org.apache.http.wire -  >> "/Font <</F4 4 0 R>>>>[\n]"
05:56:05.348 [main] DEBUG org.apache.http.wire -  >> "/MediaBox [0 0 596 842][\n]"
05:56:05.348 [main] DEBUG org.apache.http.wire -  >> "/Contents 7 0 R[\n]"
05:56:05.348 [main] DEBUG org.apache.http.wire -  >> "/StructParents 1[\n]"
05:56:05.348 [main] DEBUG org.apache.http.wire -  >> "/Parent 10 0 R>>[\n]"
05:56:05.348 [main] DEBUG org.apache.http.wire -  >> "endobj[\n]"
05:56:05.348 [main] DEBUG org.apache.http.wire -  >> "8 0 obj[\n]"
05:56:05.348 [main] DEBUG org.apache.http.wire -  >> "<</Type /Page[\n]"
05:56:05.348 [main] DEBUG org.apache.http.wire -  >> "/Resources <</ProcSet [/PDF /Text /ImageB /ImageC /ImageI][\n]"
05:56:05.348 [main] DEBUG org.apache.http.wire -  >> "/ExtGState <</G3 3 0 R>>[\n]"
05:56:05.348 [main] DEBUG org.apache.http.wire -  >> "/Font <</F4 4 0 R>>>>[\n]"
05:56:05.348 [main] DEBUG org.apache.http.wire -  >> "/MediaBox [0 0 596 842][\n]"
05:56:05.348 [main] DEBUG org.apache.http.wire -  >> "/Contents 9 0 R[\n]"
05:56:05.348 [main] DEBUG org.apache.http.wire -  >> "/StructParents 2[\n]"
05:56:05.348 [main] DEBUG org.apache.http.wire -  >> "/Parent 10 0 R>>[\n]"
05:56:05.348 [main] DEBUG org.apache.http.wire -  >> "endobj[\n]"
05:56:05.348 [main] DEBUG org.apache.http.wire -  >> "10 0 obj[\n]"
05:56:05.348 [main] DEBUG org.apache.http.wire -  >> "<</Type /Pages[\n]"
05:56:05.348 [main] DEBUG org.apache.http.wire -  >> "/Count 3[\n]"
05:56:05.348 [main] DEBUG org.apache.http.wire -  >> "/Kids [2 0 R 6 0 R 8 0 R]>>[\n]"
05:56:05.348 [main] DEBUG org.apache.http.wire -  >> "endobj[\n]"
05:56:05.348 [main] DEBUG org.apache.http.wire -  >> "11 0 obj[\n]"
05:56:05.348 [main] DEBUG org.apache.http.wire -  >> "<</Type /Catalog[\n]"
05:56:05.348 [main] DEBUG org.apache.http.wire -  >> "/Pages 10 0 R>>[\n]"
05:56:05.348 [main] DEBUG org.apache.http.wire -  >> "endobj[\n]"
05:56:05.348 [main] DEBUG org.apache.http.wire -  >> "12 0 obj[\n]"
05:56:05.348 [main] DEBUG org.apache.http.wire -  >> "<</Length1 19712[\n]"
05:56:05.348 [main] DEBUG org.apache.http.wire -  >> "/Filter /FlateDecode[\n]"
05:56:05.348 [main] DEBUG org.apache.http.wire -  >> "/Length 9607>> stream[\n]"
05:56:05.348 [main] DEBUG org.apache.http.wire -  >> "x[0x9c][0xed]|ix[0x14][0xc5][0xd6][0xf0][0xa9][0xea]ef[0xb2][0xce]L6H[0x80][0xcc]d aI[0x8][0x90][\r][0xc2][0xae][0x84]U%[0xb2][0x99][0x80]l[0xb2][0xef][0x10]vdS[0x16]C[0x8][0x6][0x14][0x1][0x81][0x0][0xee],[\n]"
05:56:05.348 [main] DEBUG org.apache.http.wire -  >> "[0x9d]Q[0x91][0x80]J[0xb8][0x2][0x2]*[0x6]T.x[0x11][0x5][0xf1][0xaa][0x80][0xa2]^[0x15]$[0x99][0xee][0xef]T[0xf5]L2[0x9d][0x4][0xaf][0xef][0xf2]<[0xdf][0x8f][0xf7]N[0xd1]"
05:56:05.349 [main] DEBUG org.apache.http.wire -  >> "[0xd5]}[0xaa][0xab][0xab][0xce]Vg[0xa9][0xee][0x0][0x4][0x0][0xec]X[0x89][0xe0][0xe8][0xd1]-[0xab][0xbb][0x90]H?[0x0] [0x9f]bk[0x97][0x1e][0xd9]}[0xfb][0xa7][0xed][0xf][0xd4][0x0]"[0xef][0x3]0+=[0xfa][0xf][0xbc][0xa7][0xd3][0xd9]z[0xa1][0x0][0xd2][0xab][0xd8][0xe7]`[0xdf][0xfe][0xc9]mf5[0xef][0xf0][0x1a][0x0][0x1d][0x8f][0xfd]G[0x8c][0x9a]2rzcQ[0x9b][0x83][0xf0][0x9][0x84][0x97][0x8f][0x9a]3[0xcb][0xd1]b[0xa7][0xa9][0x18][0xe1]p[0x84][0x7][0x8c][0x9d]>n[0xca][0xdc][0xdb]#[0xf6][0x0][0x98][0xb0]?y{[0xdc][0xc8][0x99][0xd3][0xc1][0xc]ax[0x9d][0x88][0xf7][0x83][0xc6]M[0x9e]?v[0x8e][0xfb][0xcc]B[0x80]F[0x95][0x0]-[0xe9][0xf8][0xd1]S[0xe6][0x8d][0x1b][0xfd]pw[0x0]Kc[0xec]sc[0xfc][0x98][0x91][0xa3]+'[0x9e]][0x80][0xd7][[0xb1][0xfa]xl[0x8]8hZ[0x82][0xf0]<[0x84][0x1b][0x8f][0x9f]2k^[0xf6]tG+[0x80][0x90]r[0x9c]c[0xe1][0xe4]i[0xa3]F[0xda][0xa7]4[0xbc][0x17] [0xd0][\n]"
05:56:05.349 [main] DEBUG org.apache.http.wire -  >> " [0x94]M[0x19]9o[0xba][0x18]*X[0xb0][[0xec][0xef][0x98]:r[0xca][0x18][0xbb][0x98]$[0xe2]=[0xa4][0x8f][0x84]O[0x9f]6s[0x96]6[0x5]F[0xe3]u[0xe][0xbb]?=o[0xcc][0xf4][0xe7][0xc7][0xde]9[0x89][0xcc][0x19][0x81]m[0xbd][0x80][0x0]E|[0xa9][0xa6]A(^[0x3][0xf9][0x12][0x8a] [0x12][0x6][0x80][0xc4] [0xfc][0x85] [0xa5]@[0x1b][0x83][0x8c][0xb0][0xc0][@[0x9b][0xc8][0xc6][0xab][0xe3][0x87]O[0x98]&[0xab]AH[[0xaf];1joK+[0xef][0x18][0xd5][0x1d][0xbe][0xe4]-[0xd4]e[0x1f]6m[0xc4][0xde][0xe1][0xa1][0x1d]~[0x83][0xfa]f~[0xe7][0xe8]O[0xb6][0x96][0xec][0xfc][0x19][0xe9][0xf7][0xeb][0x9d][0x18][0xcf]g[0x96]V[0xe6][0x99][0x8]Zpr[0xdf][0xd8][0x14][0x1a]y[0xaf]C8[0x84][0xdc][0xe5][0x7][0x1f][0x11][0xf1]m[0x2][0x99]x[0xdd][0x1]:a[0x9d][0x85][0x14][0x10][0x18][0x4][0xc3][0x80][0x90]C[0xe4]][0xbc][0xdf][0x1c][0x8a]a)[0x14][0xc0]<[0xf8][0x14][0xb1][0x0][0x6][0xc3][0x13]0[0x2]{[0xa4][0xd2][0xe][0xf0]6[0xb8][0xe1]I8[0x8a][0xe3][0x84][0xab]# [0x9c]n[0x1][0x87][0xe0][0x84]@1[0x13][0xc2][0xc5]5`[0x95][0x14][0x8][0x97][0xeb]A[0x4]y[0x19]lr[0x19][0x84][0xc8][0x17][0x90][0x1b][0xec]'[0x88]+[0xc9]Z[0x9c][0x19][0xa4][0xcd]R[\n]"
05:56:05.349 [main] DEBUG org.apache.http.wire -  >> "[0xa2][0x18][0xab][0x9f][0x85]30[0x96]r[0xa4]|[0xbf][0xa5]x[0xb3][0x8b][0x1f][0x1f]z[0xf4][0xed][0xdb][0x3][0xba][0x80][0xb3][0x82][0xca][0xa0][0x2][0x8c]5m[0xa6][0xe0][0x0][0xb2][0x9d][0xdd][0x13]3q>[0x7][0x16][0xc1];[0x4];[0x87]cM[0xf8]Y[0x84][0xe9]x[0xae][0x7]Vl1C[0x1c]4[0x83][0x14][0xa4]{[0x10][0xc][0x81][0xa1]xg[0x81]#[0xbe][0x82][0xc9][0x12][0xc0][0x9]M![0x11][0xda]AW[0xc8][0xc1];#![0xf][0xef][0x10]M[0xd3][0xae][0xd6],[0x97]'[0xc8][0x7]k[0xca][0xc9][0xf0]3![0xaf]pv[0x11]u[0xc][0xf9][0xf9][0xb0][0xf7][0x9a] [0xe7][0xb3][0xbd][0xd7][0x14]%r[0x8f][0xf7]Z[0xf0]k[0x17][0xfd][0xae]%[0x88][0x87][0x6][0xde]k[0x19][0xaf][0x0][0xfa][0xc1]4x[0x4][0x8f]Yx$!4[0x6][0xc6][0xc1]l[0x98][0xcc]pEz[0xc6]`=[0x13]&[0xe0][0xbd][0xa9][0xc8][0x8b]6[0xd0][0x12]Z#[0xa5][0x19][0xd0][0x9e]C[0xad][0x10][0xca][0xa8][0xf1][0x8c][0xff]x[0xf7][0xe2]1[0x1d][0xe6]c[0xeb][0x4][0xec]1[0x1e][0xdb]|O[0xb5][0xc6][0xab][0x1e]xw[0x1a][0xb6]O[0xc6][0xe7][0x1d][0xd0][0xb]g[0x18][0x85][0xe3];[0x90]W[0x93][0xb1]8p$[0xdf]S394[0x6][0xcf][0xc][0x9f]9X[0x8f][0x86][0x96]JP[0xb][0x5]Z[0x80][0x9b]Xi[0xb][0xe2][0xb6][0x11][0xac][0xdf][0xb2]e[0xb6]j[0x12]c[0x5]s[0xb]x[0x8b][0xf4]l[0xdf][0xd2][0x19][0x8e][0x97]o[0xd1][0x9c][0x9e]m[0x9b][0xf2]+[0xa1][0xdf][0xbd][0xa9]M"[0xd9][0x95]8[0xec][0xfe][0xe]-[0xea][0xb3]+)=1[0xae]~([0xbb][0x92]g[0xc][0xed][0xde]&[0x86]][0x99][0xd6][0xcd]}8[0xd3][0xc5][0xae][0xcc][0x8b][0xc7]e[0xb7][0x8b]fW[0x96][0x1]Y[0xe9][0xf1]|[0x94][0x80]9#[0xfa][0xa4]7dW[0x81][0xcb]F?[0xa0][0xf7][0xb][0xba][0xe0].[0x18][0xd5][0x81]][0x5][0x87][[0x83],2[0xbb][\n]"
05:56:05.349 [main] DEBUG org.apache.http.wire -  >> "[0xe9][0xd0]&[0xa1][0x81][0x8d]][0x85]vIm[0xd6][0x90]?k[0xcd][0xee][0xaa]c[0x5]n{[0xa0][0x9][0x9]pd-[0x9a]P[0xaf][0x9b][0xbb]s4[0x99][0xe9][0x1e][0xce][0xaa]%[0xac]J[0x8e]&[0xb3][0xdc]}Y5[0x8d]UE[0xac][0xda][0xc7]*[0x8d]U[0xb1][0xd1]d6{b6{b6{b[0xb6];[0xb4][0x11]{[0x96]U7Y[0x15][0xdb][0x8][0xfb][\r]gU[0x11][0xab]>f[0x95][0xc6][0xaa][0xce][0x8d][0xb0][0xf3]4V%;[0xb0][0xdf]4[0xac][0xbc]6[0x3][0x2][0xa0][0x10][0xae][0x80][0xd8][0xad][0xfb]}[0x3] o[0xd4][0xfc][0xbc][0xc9][0x90]7.o[0xcc]$[0xc8][0x9b]<r[0xd6]T[0x88][0x86][0xde]`[0xea]:8[0xcb][0x1][0x1d][0xee][0xed]7[0x0][0xeb][0xee][0xfd][0xba]:[0xa0][0xe5][0xfd]}[0xef][0xc3][0xfa][0x81][0xae][0x83][0xb0][0xee][0xd7][0xf7]~[0xac][0x7][0xf4][0xeb][0x83]w[0xd1]>i[0xa8]y[0xc0][0xed][0x95][0xe4][0x7]Q[0x3]$"$rk[0xa6][0xf1][0x15]F[0x10][0x96]GO[0x9d]6[0x5][0xb2][0xc7][0xe6][0x8d][0x1c][0x5][0xdd]'O[0x18]7[0x12][0xba][0xf0]:[0x95][0xd7][0x89]SgO[0xc9]C-[0xd6][0xfb][0xea]k[0x93]a/z[0xcf][0xfa]A[0xf8][0x8a][0xa5][0xfa][0xdc]|[0x1e][0x19][0xf6][0xa2][0xdd][0x99][0x83]v)[0x9e][.[0xd6][0x8a][0x16][0x17]W[0x8c]D[0xce][0xc3][0x2][0xd4][0xad]Y[0xe4][0x92]_{sl?J[0xde]##[0xc7][0xc8][0x7][0xdc][0xd2][0xb0]v[0xb6][0xfe][0xd1]D[0x80][0xbd]jV[0x86]E8D[0xa0][0xb5][0x8e][0x82][0x86][0x8][0xc9]d=>[0xf3][0x1e]>[0xcb][0x9e][0xf3][0x8d][0xc7][0xda][0x1f][0xe3]x[0x85]y1em][0xbc]s[0x5][0xe1][0xdd][0xb7][0xf1][0x9c][0x8d]6R@>g[0xfb][0xf5]i[0xe0][0xd7][0xe7][0x10][0x9e][0xef]'[0xef][0xf0]>[0xf7][0xf3][0xd1]z[0x3]([0x90][0xd8]G[0xb1]d[0xe7][0x94][0x10][0xf2]d[0xee][0x1][0xa2][0xad]P[0x96]7,[0xb1][0x8][0xc3][0x87]%)$[0xd1][0xe1][0xc8][0x9a][0xd0]M!#[0x92][0x14][0x9a][0xa8][0x90][0xe6][0xce]$EHttW[0x84]&[0xdd][0xfb][0xe5][0xb8]r[0x1d][0x5][0x8e][0x82]^[0xa3][0xb][0x1c][0xdd][0x1d][0xe3]G[0x8e]V[0xc4]&[0xfc][0x8c]7[0xc6][0x14][0xe4]&;[0x14][0xe8][0x9f]3[0x1][0xeb][0x1]9N[0xa5]KnL[0xd5][0xe5][0x98][0xdc][0xdc][0xcc]$Ed[0xc3][0x88]|[0x98][0x82]\[0x1c]`[0xa2]w[0x80][0x89]|[0x0]|[0xde][0x93][0xa4]H[0x89]}[0x1c][0x8a][0x10][0x9f][0x9d][0xf3]`[0x8e][0xb2][0xb4][[0x8c][0xd2][0xa5][n[0x8c][0xd3][0xe9][0xc8]R[0xca][0xb2]s[0x94][0xb2]n1[0xce][0xdc][0xdc]$E[0xae][0xc2][0xd1][0xa1][0xaf][0x5][0x8e][0xad])Q[0x91][0x9b]')f}[0x84][0xfe]9J[0x97][0x18][0x5]r[0xb][\n]"
05:56:05.349 [main] DEBUG org.apache.http.wire -  >> "t[0xc8][0xe5]T[0x96][0x16][0x14][0xc4][0x14] [0x5]>[0xb8][0xcc][0x8][0x1f] P[0xb3][0xa1][0x8b][0x3]r [0xeb][0x0]Y[0x9a][0xcd][0xef],u9cX[0x83][0xcb][0xe9]r"[0x86][0xb9][0xdd][0x92][0x14]Kb[0x9f][0xfe]9Y[0x88][0xa2][0x13]Q[0xc]HT[0x9a]f%)[0x81][0x89]J3<[0x5]%[0x96]$[0x90]|GA[0xff][0x9c][0xd2].([0xa7]Q[0x7][0xcc][0x90]? [0xa7][0x14][0x9a][\n]"
05:56:05.350 [main] DEBUG org.apache.http.wire -  >> "[0xdf]M[0xcf][0x8d]Q\8[0xb8]#[0xff][0x80][0x15][0xaa][0xda][0x18][0x95][0xc1][0x89]J[0x97][0xfc][0x3][0xe][0x18][0x9c]S[0xd2][0xc][0xba][0xc5][0x94]B3[0xe1][0xbb]n[0xb9]I[0xba][0x16][0x91][0xab][0x16]3_[0x4]Tw[0xed][0x2][0x9e]([0xa5][0xa2][0x84]?[0xde] y}[0x98][0x8c]?I[0x92]e*[0xc9][0x92]Y[0xf6]A[0x80]5[0xe5][0xeb][0x80]= [0x9][0x8]Q[0x89][0x9a][0xd9][0xc3][0x2]B[0xa2]I[0x14][0xc5][0xba]<[0x8a][0xe0][0x9d][0xed]O[0x9c][0xce][0xff][0xd9][0x1f][0x8f],[0xea][0xe4]Z[0xed][0x9f]$[0x99]Y[0xf4]$[0x8]u1[0xd4][0xd0]4[0xb2][0xaa][0xac][0x87]R[0xbf][0xf2]5[0x9][0xe6]%[0x91][0xdc]K[0xc6][0x90][0x85][0xe4][0x14][0xb9]M{[0xd2][0xc3][0xd5]EH[0x10]:[0x18][0xca][0xe3][0xc2][0x15]1C\$[0x1e][0x16][0x97]FI{[0xa5][0x93]R[0xa5][0xfc][0xa0]<[~O[0xd6]L[0x3]M[0xcf][0x99]M[0xe6][0xd1][0xe6]rs[0x85][0xa5][0xa3]e[\n]"
05:56:05.350 [main] DEBUG org.apache.http.wire -  >> "[0x96][0xbf]Y~[0x9]h[0x11][0x90][0x8d]e[0x8e][0xb7][0xfc][0x14][0xd8]7[0xf0][0x85] [0x1a]4)[0xe8][0xdd][0xe0]v[0xc1]K[0x82][0xf][0x84]H![0xf][0x87][0xcc][\r][0xf9]:[0xb4]e[0xe8][0xa2][0xd0]+[0xa1]W[0xac][0xe]k[0xa1][0xf5]K[[0xbc]m[0x90][0xed]E[0xdb]u{k[0xfb][0xc4][0xbf]\[0xe][0x85]e[0xf8][0x95][0x9][0xff])[0xff])[0xa9][0xcc][0xaf]*[0x85][0xff][0xab][0xe5][0xb7][0xf0][0x9e][0xe1][0x9f]Et[0xf3][0x96][0xf5][0x11]e[0x91][0x1][0x91][0xb][0xfc][0xca][0x85][0xbb][0x96][0x1f][0xaa]K[0x14][0x11][\n]"
05:56:05.350 [main] DEBUG org.apache.http.wire -  >> "k[0xe7][4[0x14]v[0xd0]"[0xc8][0xaf][0xcb],[0xd0][0xb7]a[0x5]f[0xab][0xf1]>[0x98]<[0x5][\r]i[0x1a]4[0xa1]1[0xb0][0x16][0xb3]B[0xbb][0xb8][0x18]f[0xe2][0xb1][0x1b][0x8f][0xa1]x[0xc][0xab]k[0xc]l[0x1f]M~[0x82][0x95]w5=m[0xa1][0x81]X[0x1][0xbb][0xa4]4[0x98]+u[0x86]]b![0x1e][0x93][0x11][0x9e][0x9][0xb][0xa4]7`[0x17]M[0x82][0xb7][0xc4][0x89][0x90]&[0x89][0xd8][0xfe][0x0][0xec][0x92]+[0xf1][0x1e][0xb6]KKa[0x8e][0x14][0xc4][0xcf]S[0xc4][0x1f]`[0xa7]x[0x18][0xb2][0xc5][0xe3][0xd0]Zj[0x5][0x85]R[0x14][0xcf][0xb][0x0][0x9f]i'[0x9e][0x86]P[0xf1][0x14][0xc][0xa2][0xb1][0xf0][0x14][0xa7])[0x16],[0x6][0xfc][0x6][0xe3][0xf3][0x8b][0xa0]Pl[0x5][0xf][0x8b][0xcb]`[0xb8][0xd8][0x11][0x86][0xd2][0xf7][0xa1][0x3][0xb6][0x8d][0x10][0xc7]C![0xf9][0x19][0xd6][0x90][0xef][0xb5][0xc3]b[0x8][0x9e][0x86][0xad]&[0x1]V#>[0x85][0xe2]Z[0x18][0xc2][0x9e][0xe3]c[0xbe][0x89][0xb0][0x3][0x86][0xd3]b[0xb0][0x88][0x13] _[0xf8][\n]"
05:56:05.350 [main] DEBUG org.apache.http.wire -  >> "[0x9c][0xb2][0x0]-[0x84][[0xe8]$OB$[0x9e]s[0xee]F[0xff][0xf7]Go[0xc2]=xt[0xba][0xcb][0xbd][0x5][0xff][0xdb][0xf3][0xfd][0xe7][0xf7][0x9f][0xdf]~[0xff]w[0xd2]`[0x8c][0xf8]j[0xfc][0x84][0x17][0xa0][0xfd][0xff][0xf]\[0xfe][0xca]O[0x9c][\n]"
05:56:05.350 [main] DEBUG org.apache.http.wire -  >> "[0xb1][0xe2]j[0xe8] [0xaa][0x1f][0xfe][0xf7][0xbc][0xb6]s[0x1][0x1e][0xd9]bC{[0xfd]W[0xe7]d[0xe3][0xdd]u,}[0xa2][0x15][0xce][0xa6][0xef]OD[0xf3][0xfd][0x89]h[0xbe]?[0x11][0xed][0xdd][0x9f][0xf0][0xed]#[0xf0][0x9c]{[0xd2][0x98][0xbc][0xa9][0xc0][0xc2]r=[0x3][0x17]y~D[0xe5][0xe3]8[\n]"
05:56:05.350 [main] DEBUG org.apache.http.wire -  >> "[0x15][0xaf][0xb1][0xbe][0xd2]/R&[0xc4]`[0xd6][0xee][0xff][0xb3][0xeb]'[0xed]k[0xed][0xaa][0xb7][0xc5]vw[0x8c][0xb5][0xeb][0xde][0xf3]7[0xda]g[0xde][0xab]k[0xda][0xf7][0xfc][0xbc]Y[0xbb]V[0xd5][0xeb]7<~e5[0x9e]Ok7[0xb5]%[0xda][0xf3][0xa0][0xef][0x9a][0xb2][0x16][0x1e];h[0xbb][0xea][0x1c][0xff][0xe7][0xaa][0xab][0x9f][0xbc][0xe7]y[0xbe]9[0xff][0xca]O[0xdb]d[0x80]~[0xd0]k[0xed]&?[0xff][0x13][0xd8]>[0xe6]_[0x1d][0xe9][0xe7]Z-[0xef][0xfc]I[0xef][0xdf]j>[0x87][0xfc][0xac]5BU[0x9f][0xd5]j[0xf9][0xa5][0xf6]}[0xfd][0xf9]:G[0x9][0xc5][0xf6]g[0xea][0x18][0xf7]Z[0xed][0xb6]Z}[0xfe][0xa9]][0xd6][0xbe]G[0xf9][0xe9]R;[0xd7]~e[0xbc]>[0x8c]t[0x9c][0xc7][0xfa][0x82][0xf6][0xbc][0xf6][0x96]vC[0xdb][0x81][0xda]a[0xd7][0x8e]kWP>[0xc1][0xbc][0xc7][0xf7]Z[0x12][0xb6]|[0x88]w@+[0xd6][0xae]jOc[0xfd][0x9c]V[0xa2][0x15]i[0x7][0xf0][0xb6][0x15][0xac]Z[0xa1]v[0xb4]J[0x9a][0xaf]k[0xf1][0xd8]RO[0xb3][0xfa]$[0xec][0xbb][0xf3]o[0xf1][0xbe][0xce][0xe4][0x87][0xf5][0xf]l^[0xed][0x9b]K[0xe5][0xb7][0xbc]7[0xd7][0x1d][0xed][0xf2]][0xba][0x85]hg[0xef][0xf2][0xfc][0xd7]2[0xf6][0x8d][0xea][0xfa][0xdf][0xff][0xbc]:[0xa8]?s[0xde][0xb7][0xda][0xfc]~[0x8c][0x13]+[0xaa]z[0xff][0xcb]WksP[0xa7]B[\r]#][0xe6][0x1a][0xc][0xea][0xdb][0x1c]j[0xfb][0x17][0xe6][0xfe][0xad][0x6]|[0x98][0xd7][0x9f][0xb2][0xb7]D[0xda][0xa3][0xda])[0xf5][0x7][0xcd]o[0xad][0xab][\n]"
05:56:05.350 [main] DEBUG org.apache.http.wire -  >> "[0xbf][0xfb][0xa0][0xb7][0xef]1[0x86][0xb5][0xf6][0x1e][[0xaf][0xda][0xe9][0xaa][0x11][0x94][0xaa][0xab]:[0xf4][0xcf]0[0xd7]7[0xda][0xc9]Zm[0xdf]y[0xcf][0x9f]r[\n]"
05:56:05.350 [main] DEBUG org.apache.http.wire -  >> "[0xcf][0xa2][0xb6][0xbc][0x89][0xf5]o5[0xfb][0xf1]>[0xb1]x[0xfc][0xe3][0xcf][0xe7][0xf0][0xf6][0x1c][0xe4][0x7][0x10][0xcc]>d[0xe4][0xa9][0x1d][0x9a][0xe0]U[0x2]4[0x85]f[0x90][0x8]I[0xd0][0x12][0x92][0xf9].|[0x1b]H[0x81]Th[0xb][0xed] [0x13]m|G[0xb4][0xae]Y[0xd0][0x1d]z[0xa0][0xbd][0xbd][0xf][0x1e][0x84]~[0xd0][0x1f][0x6][0xc0] [0x18][0xc][0xf][0xc3]P[0x18]F[0x8a][0xf8][0xbb][0x1f][0x19][0x8b][0x8d]i2[0xf2][0xcd][0x86]%[0x2]G[0xb7][0xe3]u[0x13],2[0xce][0x91][0x80][0xbd]Z`[0xa1]8KK[0x88][0xc4][0x19]R[0xf0]:[\r][0xb][0x85][0xc],!8_[[0xb4][0xc2][0xed][0xb0]Xp[0xde]L[0xb4]B[0x1d][0xb0][0x84][0xe2][0xfc][0x1d]![0x10]q[0xe8][0x84]cga1qL[0x8][0xf4][0xc1]B8>[0x2]b[0xd4][0x1f]m[0xf7][0x0],[0x2]<[0x84]%[0x8]r[0xb1]H[0x88][0xe3]`[0xb4][0xf6][0xf]c[0xb1]#[0xae]C[0xf1]z[0x18][0x96]`R[0x84]X[0x87][0xe1][0xcc]N[0x8e]w[0x14][0xc7];[0x9a]c[0x1c][0xcd]1[0xa6][0xc8][0x97]x[0xa8][0xc7][0xf1][0xb6]![0x9a][0xe2]L[0xcd][0xb0]H[0x1c][0xfb][0x0][0xe4]S2[0xe2][0xd4][\n]"
05:56:05.350 [main] DEBUG org.apache.http.wire -  >> "[0x8b]N[0x9]A~[0xa5]"[0xc6][0x8c][0x86]`NC[0x0][0xa7][0xa1]>[0xa7][0xc1][0xca]i[0x8][0xe2]4[0x84]r[0x1a]d[0xe4]gwNI[0xf][0xe4]T/,f[0xe4][0xed]}H[0x3][0xa3]G[0xe4][0xf4][0x8][0x9c][0x1e][0x13]rz[0x10][0xe2][0xca]([0xb1][0xf8]Qb[0xe1][0x94][0x84]pJ[0xa2]q[0xfe]L[0xee][0xe7][0xea][0x91][0xe7][0xc9]&[0xf2][0x14][0xc9]'[0x8b][0xc9],[0xd2][0x86]$[0x92]x[0xe2] v"[0xc2][0x1d][0xb8][0x1][0xe7][0xa0][0x1c][0x8e][0xc3]N[0xd8][0x80][0x99][0xe9][0xe3][0xb0][0x10][0xa6][0xe2]A[0x90]J[0x19]qc[0x92]J@[\n]"
05:56:05.350 [main] DEBUG org.apache.http.wire -  >> "[0x9b]s[0x1d]HE[0xb9][0xa4]#-[0x99]\[0xfa][0x9d][0xa1]7[0xf4]E,r[0x10][0x7][0xf6]&K@[0xeb][0xb4][0x1c][0xed][0xd9]rR[0x84]g[0xb6][0xdb][0x1c][0x8c]u\[0xbf]l[0x7]:[0x14][0xfb][0xb5][0xc1]~6[0xc4][0xa8][0x7][0xb6][0xf5][0xc4][0xa3][0x17][0x1e]}[0xf0]0q[0xbd][0xb]FNuE:z[0xa0][0xae][0xf7][0xc4][0xa3][0x17][0x1e]}[0xf0]@[0xdd][0xd0]~[0x84]vx[0x10][0x18][0x82][0xd6]K[0xaa][0xea][0xd9][0x1b][0xad][0xf6] [0xb4][0xc]9x[0x16][0xbc][0xad]6l[0xb9][0x82][0xcf][0xc][0xd2][0xde][0xc4][0xde][0xef]c{[\y[0x99]hK:j[0xe5][0x1c][0xfa][0xc][0xa1][0xab][0x8]}[0x81][0xe3][0xe5][0xf0][0xdd][0xfd]![0xda][0x8b][0xbc]>[0xc2]mn$[0xd2][0x10][0x9]Mpm[0xb4]To#[0xb5][0xe1][0x90][0xa5]]B[0xac][0xae]#V[0xd7][0x11][0xab][0xeb][0x88][0xd5]u[0xa4][0xeb]:[0xce][0xf1]O[0xc8][0xc5][0xb9][0x7]#[0x96]C[0xb5][0xef][0x90][0xee]H[0x9c][0xb9]7b:[0x4][)[0x4][0xe3][0xfd][0xae][0xda][0xaf]x[0x95][0x83]~t[0x88][0xc6][0xde][0xa4][0x86]i[0xe][0x84][0x99][0x1e]wD-[0xc1]YQc$[0xb6]W 4[0x95][0x14][0xc4]OF[0x19][0x6]![0xb7]f[0xb8][0x83][0xac]6[0x9b][0xbd][0x9d][0x12]dU[0xa0][0x9c][0xd5]2[0xaf]-[0xbc][0xe].[0x7][0x5][0xb2]r[0x14][0x9a][0x1c]SB[0x1b]u[0xca][0xe5][0x0] [0x0][0xf6]N[0xb9]n[0x91][0x2]>[0xe9][0x96][0xf4][0x93]I?[0x99][0xf9][0xa9]$ [0xe8]Ww[0x90][0xde][0x12][0xcc]O[\n]"
05:56:05.350 [main] DEBUG org.apache.http.wire -  >> "[0xb5][0x96][0x84][0x4][0xfd][0xda][0xaa][0xb5][0xd3]is[\n]"
05:56:05.350 [main] DEBUG org.apache.http.wire -  >> "6BlDp[0x92]4[0xe2][0x14][0x9a]z:[0xd0][0xa3][0xe9][0xea][0x8f][0xea]A[0x12]t[0x95][\n]"
05:56:05.350 [main] DEBUG org.apache.http.wire -  >> "[0xaa]J[0xa8][0xc7]#)w^[0x94]L[0x9e]Etn[0x85][0x8d][0xce][0xf3][0xc][0xa3][0xc3][0xf2][0xe9]0[0xa4]h[0x87][0xf6][0x1b]y[0x94]S[0x10][0x84][0x9a]R[0x1b][0xb9]@[0x4][0x2][0x11][0xb9][0x12]YR[0x2]Z[0xe4]8[0xcf][0xc7][0xfc][0x9a][0xeb]&2E[0xc]Z[0xb5]&.!EHMo[0x13][0x19].[0xc7][0xc5][0x93]![0xaf][0x4][0xff][0xed]d[0xc6][0xe4][0xb6]m'g[0x90]-b[0xc4][0x9d][0xd7][0x92]:v[0x1c][0xdc][0xbe]={{[0x93]/[0xda][0xa9]Kf[0x9b][0xad][0x16]\E[0x8a][0x90][0xec][0xa6][0x1][0x2]'"Y1[0x95]+[0x82]U1[0x97][0xe3]p[0x82]+,Eb[0x15][0x89]h4[0x8d][0x14][0x92][0x10]VK[0xf3][0xd4][0xcd][0xe4][0xc7]|V![0xdf]W[0xa8][0xcd][0xe9]3[0xf2]$[0xd4][0x17][0xb](![0xc9][0x8a][0x98][0xdc][0xaa]uX[0xaa][0xdd][0x9e][0x11]%S[0xc1]d[\r][0x8b][0x8c]2[0xc5]'[0xd0][0x15][0xf3]z,[0xfe][0xa9]C[0x16][0xb2]f[0xe0][0xec][0xf8][0x15][0xf3]o[0xd0][0xbe]W[0xc8][0xe]2[0xa0][0xfb][0x82][0xe9]j[0xaa][0xfa][0xf5]@u[0xb1]zu[0xf7][0x88][0x19][0xbd][0xf7][0x92][0x1][0xdc]~[0xe2][0x98][0x19]5[0xc6]$[0xe1][0x94][0x9a][0x12][0xd2][0xed]ai[0xa9][0x94]&dD[0xda][0xed]4c[0xf6][0xcf][0xcb][0x13]6[0x1f][0xa2]9[0xc5][0x8f]$,[0xbf]9[0x97]f}[0xa9][0x8e]S_[0xee]5c[0xe][0xf9][0x99]$;[0xce][0x92][0x9][0xa4]Q[0xf6][0x8c]^[0xea]nu4[0x8e][0xd9]P[0xbd]DR[0xe1][0x1f]h[0x9][0xea][0x81]bI.[0x11][0xab][0xd9][0xc7][0xf4][0x2][0x18][0xda][0x9][0xe9][0x19]i)[0x11][0xe1][0xf2][0xca][0x9][0xc3][0xc4]7G[0xa9][0x97]z.[[0xfd][0xca][0xba]1[0xa7][0xf0][0xe9]&4[0x96][0x6][0xd3][0xfd]([0x15]; [0x8f]J[0x8][0xa9]z[0x1a]Qs[0xa6]9i[0xb0]Z[0x8f]|Gc72[0xfc][0xd7][0xa2][0xc][0xe7][0xc0][0x19][0xc4][0xbe][0x81].A[0x13][\n]"
05:56:05.351 [main] DEBUG org.apache.http.wire -  >> "[0xcd][0xc4][0x84]F%[0xbf][0xe7]2[0x98][0xa4]"[0x98][0xa8][0xd6][0xb6][0xcb]k[0xdf]>[0xaf][0xdd][0xc8]V][0xba][0xb4]j[0xd9][0xa9][0x13][0x1b][0xc3][0xae]-[0x13][0xac]\[0xf][0xc2]p[0x8c]d[0x83]"[0xb4]j[0x1d][0xe5]")%[0xdb][0xe9][0x88]m[0x8b][0xe4]$&[0xcf][0x99][0xda][\r]1@:[0x8a]k7[0x6][0xf3][0x1b][0xde]9[0x0];[0x7][0xf8][0xb4]F@@@[0x4][0x94][0x0]k[0x89][0xad][0x1a]w[0x14]tI=[0x3])V[0xea][0x8a][0xa3]B[0x9a][0xd5][0x9e][0xd2][0xc6][0x1e][0x96][0x90][0x1a][0xef][0x8a][0x93]M[0xb6][0xf0][0xc8][0x94]6[0xe9][0x19]b[0xc0][0xa5][0x1b][0xdf]%^[0xfa][0xe1][0xfa]%[0xa1]ty[0xd1][0x93][0x8f][0xd3]U[0xab]W[0xad][0x10][0xe8][0x14][0xf5][0x90]z[0x14][0x15]=[0xe5][0x16][0xe9]J[0xda][0xaa][0x9f][0xa8][0xc7][0x83][0xaf][0xff][0xfd][0xdc]%[0xf5][0xfc][0x8d][0xcb][0x9f]^EJv#[0x82][0x17][0xa4][0xb7]pEf[0xea][0x98]I[0x88][0x8c]T{[0xb1][0x81][0xc4][0x14]PL.[0x11][0xaa]1rSA[0xe2][0x9a][0xed]t[0xd9][0xa4][0xb4]&)[0xf4][0xc2]Au5[0xb5]7[0x14][0xcf][0xac][0xda][0xf9]>[0x8e]=[0x14]U8[0x5][0xe9][0x8e]B[0xb][0xca][0x87][0xb3][0xe2]p[0xd6][0x9a]c[0x97]D[0xf9][0x91]L[0xcb][0xdd][0x82]5[0x8a]Me[0xb5][0x96]X[0xfc]nX[0xad]JP[0xb9];"[0xca][0xaa]O[0xe8]L#[0xe9][0xe9]i[0x9c][0x3][0x11][0xae][0xd4][0xc6])LT[0x84]8[0xc5][0x94][0xca][0xee][0xe4][0xf6][0xf4][0x81][0x5]3[0xb][0x9e]-%[0xc2][0x85][0xf]n[0xe0][0xc2]^@[0xff][0xb1][0x82][0xb6]Z[0xb2]}`[0xde]S[0xc5][0x85]'oV[0xf2]w[0xf5][0xef]j.[0xe2]7L[0xbb]![0xfc][0x81][0xf8][0xc5][0xc3][0xa3]:~[0xc1][0x88]R[0xb0][0xf][0xbf][0xfa][0x8][0xd4]g[0xb4]Cp}[0x86][0x10]$[0xbb]?[0x6]2[0xd4][0xbd][0x1d][0xc8][0xc]w2[0xbb][0x1a][0xe]$O[0x9][0xb6][0x96][0xc8]~x[0x6]s[0xe3][0x5][0xd6][0x92]x?>[0x85][0xc5]s[0x1b]T[0xdf][0xaa]4([0xc7][0xba]$[0xd6] [0xd5][0x14][0xa4][0xc4][0xaa][0x13][0x92][0xce][0x9][0x91]M[0x91]X[0x8b][0x8e][0xc6]i)\[0xb8]Hg[0x82][0x8b][0xac]\[0xbd]l[0x83]6[0xaf][0xa8][0xd4][0xf3][0xde][0xe9]k[0x8f]N[0x9c][0xb7]L[0x3]u[0xac][0xaa][0x1d][0xdc][0xb0]x[0xe5][0x93][[0x9f]^-[0xb4][0xa1]+[0xf3][0x8][0xac][0x9a][0xf1][0xda]7[0x9f][0xff]m[0xb8];1^Yr[0xf4][0x9f][0x97][0xf6][0xcf],(\[0xb6]$[0x9f]2-[0x1c][0xad]i[0xc2]m.[0x8d][0xc6]h[0x8f][0xab][0xcd][0x95][0x8f][0xde]0[0x4][0xc2][0x18][0xbd]BX [0xc3][0x16][0xcd][0xe][0x8]"
05:56:05.351 [main] DEBUG org.apache.http.wire -  >> "[0xfc]*[0xcc]Z[0x12]~W[0xb5]T[0x2]k[0xd2]#[0xcb][0xae][0xb8][0xf8][0xf8][0xb4][0xd4]t[0xa4][0xc6]n[0x8b][0xb0][0x82][0xe4]JC[0x1a][0x9b][0xa0][0x96]z%[0x16][0x1e])t[0xca]|n[0xc4][0xe2]Cc[0xa7]}[0x98][0xfe][0xf]UQ_k[0x9c][0xf0][0xcd][0xef][0xea][0x8f]C[0x8b][0x1b]o[0x9b][0xbf]`}[0x11]][0x9a]5`[0xe1][0xe5][0xfc][0xa7][0xae]-T[0xdf]Q[0xbf]OW[0x1f]R[0xe7]K[[0xc5]o[0xef][0xe4][\r][0xe8][0xbd][0xff][0xea][0xa1]g[0x9f]9[0x82]9[0xed]J\[0xc7]S[0xc4]n(=[0xfb][0xef]@L[0xb8]&o[0x9]3[0xd1][0xb7]UK2[0x9a]-F[0xa4][0xbc][0x1]f[0xb6][\r]q[0xb5][0x9a]02[0x19][0xe0][0xe][0x8][0xc]bD[0x5]X[0x15][0xd1][0xeb]_D[0xec],[0xfa][0xd8][0xc0][0x97][0xb1][0xdd][0xb][0xc8][0x8][0xc8][0x8c]'f[0x91][0xd9]p[0xc5][0x9c]\[0x2]~r[\r][0x10][0xbd][0x96][0xdd])[0xe0][0x92]'.<[0xb][0x1f]y[0xb6][0xad]:N[0x13]w[0xd2][0xa4]c[0x9e][0xfb][0xc9][0xcd][0xdb]d[0xa1][0xba][0x1c][0xdd]I6[0x8d][0xa6][0xbb][0xd0]^`V+[0xe6]#.![0xe8][0x17]c[0xd1]3[0xf3]i[0x8]NCj[0xad][0xb9]( l[0xce][0xa8][0xe4][0x92]P[0xbf]9[0xcd][0xa1]|y[0xa0][0x86]Y[0xfd][0x84]@j[0x8]![0xc5][0xe6][0xac][0xd6]$[0xd9]E[0x10]D%s6qrmr9w[0x91][0x8b]?[0xdc][0x9c]5z[0xce]*[0xf5];[0xf5]}[0xd2]q[0xe5][0x16][0xf5][0x8a]ZF[0xe2][0x16]o,,R[0xaf]J[0xca][0xd1][0xb2][0xb1][0xc5]-[0x9c][0xa5]K[0x8f]~Ewy~][0xbd][0x80][0x98]6/[0x9e]<o[\n]"
05:56:05.351 [main] DEBUG org.apache.http.wire -  >> "[0xae][0x99][0xb9]h[0xcb][0xce][0xa3][0x16]5[0xc0][0xe8][0xad][0xb6][0xe]UY[0xb2]@[0xab][0x12]Z[0xce]T[0xc3]nT[0x9c][0xfa][0x6][0x10][0x97][0x3][0xd3][0x17][0xd1][0xe5][0x0][Z[0xaa][0x1d][0x97]1D[0xb9][0xe2]QEhDD[0xb8][0x9d][0x9b][0xb5][0xf3]1[0xea][0xe5][0x1f]UU=[0xb9][0x8e][0x4][0xec][0xfb][0x8e][0xd4][0x8b]:R[0xff][0x95][\r][0x7][0xce][0x1c]w[0xef][0xd8][0xd3][0x80][0x9c][0xfe][0xb6][0x82][0xe4][0x91][0xf4][0xc2][0xf]H[0xea]K[0xaa][0xe7][0x9b][0xbd][[0xd5][0x9f]*[0xd6][0xfc][0xa0]~[0xb7][0xee][\r][0x94]:[0xe3][0xf4]q[0xe4]t F[0x99][0xed][0xff][0x84][0xcf][0x8c]wA~h!g[0x83]k[0xb2]R[0xb4]GE[0x84]S[0xd1]$[0xd8]P[0xa5][0xd3][0xd0][0xc9]%[0xec]"[[0xde]%[0x8d][0xb7][0x93][0xed][0xea][0x85][0xa3][0x9f][0x9c][0xba]t[0xeb][0xfb]s[0x92][0xb2]S=ur[0xe8]i[0xf5][0xd4][0xcb]T[0xb2]W[0xac]&[0xe1][0xda][0xc0][0xdb]$[0x8c]2[0xc1]p[0xe9][0xce]qy[0x10][0xaa][0x15][0xcb][0x87][0x9][0xd7]?&[0xf1]@Qf[0xb2][\r]4h[0x99]"ZK[0xa8][0x1f]([K[0xcc]F[0x7]gsFx[0xf][0xe1]+[0xcf]*[0xfa]E[0xe5]([0xe1]iO[0x12][0x9d]K[0x9f][0xf3]T[0x16]K[0xca]65[0xd1][0x87]C2[0xe2]`[0x81]{[0xfe]D[0xed][0xdd][0x16]*2[0x1c],[0xb5]p[0x90]kL[0xea][0xf2]N[0xf9][0xa1][0xa7][0xb8]LX[0xe9][0xc9][0xa4][0xa3][0xe8]2[0xcf]"6[0x1d][0x8b]6[0x17][0xa0][0x9e]\D=[0x89][0x85][0xc9]IO[0xee][0xee][0xf7][0xdc][0x8d]t+[0xd4]([0xf9][0x8d][0xc3][0x8d]>nD[0x87][0xbe][0x11][0xda]([0x96][0x9d]:7[0xea][0x8b][0xa7][0x92][0x86][0xfe]x5Ae[0x8a]kL[0x13][0xd2][0xac][0x80]R[0x8b]rQ':L[0xaf].[0xd9]0[0x12][0x10]/[0xf6]Vo)n[0xf5][0xc6]F[0x8a][0xb]6[0xf2]*[0x89][0x8c]-KW/[0x1d]y[0x9f]|ux[0xf2][0xf3]i[0xea]>j=<q[0xc2]+$[0xf5][0x83]%[0xa4][0x17][0x99][0xf8][0xfd]9[0xe2]TV[0xb5][0xb9][0xbf][0xa9]_[0xb6]jGzl[0xd5][0xf9]([0x99][0xb9],[0xc7][0xd5]!K[0x83]c[0xaf]R1)[0xa3][0x82]1[0x17]aIv[0xdf][0xb4][0x90][0xa1]o|l[0xf9][0xd2]Bg[0xb8][0x8b],[0xcc][0xab]X[0x98][0xb1][0x90]<[0x81]s[0xf7][0xca][0xd8][0x8d][0x8a]hK[0x91][0xcc]G<qee[0xf4][0xd2][0x11][0x94][0xee]pI[0xf1]<I[0xf3][0x98]t[0xdf][0xc2]j.[0x8f]H[0x1a][0xfe]I[0xd0][0xcc][0xc7]J!s[0xcb][0xca][0xb0]+>[0x95][0x86][0x1e][0xf0]C[0xbc][0xc][0xc5][0xcc][0xa7][0xba][0xa3][0xef])[0x1e][\n]"
05:56:05.365 [main] DEBUG org.apache.http.wire -  >> "0[0x8c][0x11]][0xc9][0xb0]H[0x98][0xd7][0xb2][0x85]3;[0xef]uQ[0x19]B[0xe0][0x91][0x8a]3[0x17]~)[[0xf5][0xf8][0xdc][0xa7][0x89][0xa4]T[0xfc]q[0xe6][0xc6][0xa5][0x13][0x8b][\n]"
05:56:05.365 [main] DEBUG org.apache.http.wire -  >> "7<[0xe1][0xe5][0x98][0xc4]96[0xab][0x8e][0x18][0x83][0x87]_uZ__4[0xed][0x6][0xca][0xe2][0x8c].[0xb6][0xde][0x98][0x84]M[0x84][0x5]P[0x0][0x9b]1p9[0x8][0xe6][0xa1][0xee]v[0xcc][0x11][0xcb][0x12][0xb3][0xc3]][0xc2][0xd2][0xe5][0xee][0xf2] y[0xac]<G^)o[0x90]_[0x96][0xf7][0xcb][0x96][0xa1][0x88][0xaa][0x89]3[0xf][0xe5]M\4[0xc6][0x8d][0xcc]{[0xe2];[0xcf]{t[0xe2]?[0xe9]K[0xa5]j8[0xb2][0xb0][0x15]-[0xf7],[0xaa][0xfc][0xc4][0xbb]F[0x1a] [0xa6][0x12]f[0x83]w_#[0xfe]+[0x3]U[0x8e]-[0x83][0x14]2[0x91][0xba]+[0xd7][0x1c])[0xc6][0xf5][0xa6][0x8f]#[0xf7][0xe3]V>[0xb7][0xe][0xbe][0x1a]DS[0xad][0x16][0x8][0x98][0x11]0[0xfb][0x80] [0x4][0x82][0x18][0xf9][0x4]D[0x9e][0xe2][0xe8][0xa7][0x0]~j[0xd5][0xda]BS[0x90][0xae]0[0xf4]:ax&[0xcf][0x91][0x8b][0xe4][0xe2][0x1f]ev5[0xee]i[0xd5][0x15][0x86][0xf2][0xad]xX|[0x11][0xdd]N[0x6][0x1d]]1F[0xdc][0xe4][0xd9][0xee]9[0xa9][0xcb][0xdc][0xa7][0xbf][0x16][0xb8][0xcf]M[0x2][0xd8][0xd2][0xaa]C([0x1c][0x91]:[0xd5][0xd8][0xb7]t[0xdd]T[0xd2][0x13]/~b[0x8a]E[0x18][0x9b][0x89][0xae][0xa2][0xae]#G[0xe8][0x97][0x87][0xc5]G*[0xb6]!"[0xcf][0x8a][0xe3][0xd0][0x1e][0xcf][0xd1]nH[0x16][0xb4][0x8]6[0xb4][0x9][0xed][0xeb][0x88][0xb7][0xaa][0x18][0x81][0x11]U[0x84][0xd1][0xf4]40h[0x1e][0x1a]b}[0x8d]s[0x8f]![0xda]#[0x12]x\l[0xe2][0xcb][0xdc][0x9e]!Y[0xd6][0xaa][0xb7][0x95]W[0xd5][0xdf][0x9f][0xa6]O[0x91][0xc0]W[0xf7][0x91][0xc0][0xb5][0x87][0xcb][0xf][0xed]?#|Rz[0xf0]C[0x81][0xee]:[0xa7][0x1e][0xd9][0xb9][0x8b][0xb4];=[0xe1],[0xb9]g[0xcf].[0xf5][0xf0]g[0x94][0x8]$B[0xbd][0xfe][0xfb][0xa4][\n]"
05:56:05.365 [main] DEBUG org.apache.http.wire -  >> "[0xf5]2[0x9][0xf5][0x80][0xd7]w[0xb0]%[0x12][0x80][0xf1]}_w@x[0x84]7b[0x8][0xf2]F[0xc][0x9c][0x9]>[0xc4][0xb9]W[0xe1][0xe6][ u[0x98]o[0xc1][0xe0][0x4][0x11]f9[0xdb][0x88][0x18][0xe0][0xb9][0xbc][0xee]8[0xc1]I&[0x94][0xd1][0xfa]7I[0xa8]z[0xeb][0x96][0xba][0x8b][0xe4]n~[0xf1][0xc5]"u+[0xcd][0xf4][0xa0][0xff][0xfa][0xf5][0xe4][0xa7][0xdf][0x14][0xaf][[0xf5][0xf8]V[0xf6][0xed][0xde][0x14]-@[0x92][0x91][0x87][0x11][0x10][0x87]x[0x99]][0x8d]yPbU[0xea]{[0xf1][0xb2]!*[0xb6]F5[0x94][0xc9]-[0x98]y[0x8e]m3[0xba]_[0xb3][0xb5][0xc4]Q[0x83][0xaf]&[0xc9][0xd4]D[0xbe][0x1b]o[0x1d][0xc8]Z[0xb2]r>[0x11][0x97][0xa9][0x1f][0xf5][0xcc][0xae][0xe2][0xaf][0x82][0xfc]-[0xfb][0xe8][0xdd]7[0xcf][0x8]g[0xc8],[0xc6][0xdf]O[0xd4][0x8f][0x7]}8[0xff]W{[0x15][0x8f]w[0xab]G>#[0xf8][0x8b]b<[0xbe][0xa3]~[0xe5][0xe5][0xf1]N[0xe4][0xf1]I[0xbe]F[0xa2]`[0x94][[0xaa][0xc7][0x83]l[0xc9][0xaa]D[0xfe][0xdb][0xa8][0x8c][0xab][\r]#[0xcc][0xaa]GeVcT[0x16][0xc8][0x17][0x8][0xd3][0x9b][0xc8][0xda].[0x8b]1^6[0x91][0x8][0x8c][0xd5][0xbc][0xbc][0xa7][0x87][0xd5][0xdd]G[0xc8][0x95][0xdf][0x89][0xe5][0xe9]ed[0xd0]i[0xcf]T[0x92]P[0xb4][0xeb][0xb9]M[0xea][0xe7][0xf4]~[0xcf][0xeb][0x92][0xf2][0xd5][0xb9][0xfc]Sm<[0x1b][0x82][0xe8][0xb5][0xf5][0xb][0x9f]X[0xcb]>M[0x83]l[0xf4]my<o[0x18][0xed][0x86][0x84][0xa6]U+[0xc8][0xe0][0x8][0xa2][0x11][0x88]f[0x18][0xcb]V%[0xb0][0x9c]y[0xed][0x10]?[0x1c][0xe3][0xa3][0xb9][0xa7][0x8f]7F[0xd6][0xd1]V%[0xb6][0x1c][0xeb][0x92]8[0x3][0xe2],[0x98]f)N$f[0x8][0xde][0xf8]Y[0xe4][0x19][0x2][0x8a][0xca]g[0x80]S[0xe3][0xe9][0xa0][[0x97]I[0xd8][0xc5][\r][0xd7][0x1f];[0xb2][0xf3][0xd9]'[0xb7]o$[0x93]>[0x1a][0xa5][0xde][0xf8]v[0x83][0x8a]f[0xe9][0xbd][0x17]6=[0xbf][0x81][0xae][0xea][0xf1][0xf1][0xa6]W/[0xcf][0xfa]p[0xfe][0xf2][0x8d][0x8b][0xa6][0xe5]>:[0xf6][0xd1][0x17][0xa7][0x95]|6[0xf3][0xc4][0x92][0xe5][0xcf].<7[0x1b][0xe9]j[0x8d][0x12][0xd9][0xc8][0xe3][0xe4][0xe4]:[0x8][0xaa][0x12][0x1][0x92]b[0x8][\r][0xca]}[0xbc]E[0xf7][0xba]QM<[0xac]&[0x89]c%[0xfb][0x9d][0x1f]%[0xfb]6[0xc6][0xad]B[0xe4][0xd6]n[0x1c][0xd5][0xe][0x1d][0xdd]RXx[0x15][0xb7][0xc]&[0xd1][0x82][0x80][0xa5][0xa6][0xdf][0xf1][0xe7][0x18][72[0x98]Lq[0x90][0x80][0xb6]\O[0x8b]l[0xe2]n[0xa2]j[0x17]Sn[0xaa]W[0xe9][0xbb]{[0x9f]{[0xe1]5I[0xa9][0x8c];[0xad][0xde][0xb1]RB[0xaf][0x8]_U[0xc6]o[0xdb][0xb7]w[0x9b][0xf0][0xf][0xfe][0xc5]([0x88][0x1e][0xc4]A[0x86][0xb6]n0[0x99][0xab]p0[0x4][0x84][0x6][0x3]Xe[0xe6][0x80][0x8][0xdc][0xbe]5[0xe1][0x1]~[\n]"
05:56:05.365 [main] DEBUG org.apache.http.wire -  >> "]Mv[0x9c][0xf5]\[0xdd][0xed][0xf9][0xe6][0x8c]&[0x96][0xdc][0xc9][0xd6]mj;[0x1c][0xff]4[0xf7]p[0x93][0xea][0x18][0xd8][0x10][0x13][0x18][0xec][0xbd]o[0xeb][0x1]ga:[0xdb][0xc5][0xb2][0x12]6[0xc0][0xcb][0xb0][0x1f]Dtj[0xde][0xa6]U[0xf2][0xb3][0xf2].[0xb9]T[0xc6]&[0x1][0x98][0xd6][0xb8]-[0xb2]nr[0x9]wi[0xfc]_[\n]"
05:56:05.365 [main] DEBUG org.apache.http.wire -  >> "]N[0x86]^QS[0xc9][0xdf][0xaf][0xaa][0x9b][0xd5]M_[0x93][0xf3]j[0xca]e[0xe1]q[0xda][0xd2][0xd3][0xd2][0x13]G[0xdb]zN[0xd0]K[0xf4],[0xc3]4[0x14]1=[0x84][0x98][0x9a]Q[0xda][0xb5]15[0xf8][0xe2][0xaa][0xb0]TGN[0x9f][0x8f][0xb9][0x9a][0x14]:[0x86],[0xfc]\[\r](S[0x3].[0xd2][0xcf][0xe8]?*[0xa7]y.[0xd3]Xa[0x1d][0xf0][0xbf]l[0x0]q[0x1][0xf7].[0xdd][0xa1][0xf6][0x90]uyP[0xb7][0x8]|[0x15][0x9b][0xac]%[0x92]_[0xab]E2[0xe9]|G[0xf7][0x9a][0xc6]6q"H;[0xa1]k[0xc5]E[0xa1]Q[0xe5]M[0xe1]Vq[0xf1]Z[0xf1][0xf1]mk[0xd8][0x8c]O[0xa9]'h[0xa0][0xbc][0x14][0xb5][0xb6]1 [0xce]8a[0xcd][0xc8]U0[0xa8][0x11]:)[0x16][0xb7][0xd2][0xc0][0xc3][0x87][0xd5]'[0xc8]|[0xe9][0xbb]?[0xe6]m2[0x1d]`#Y[0xd4][0x13]d[0x19][0x1f])[0x81][0xed]#!k[0xd8][0xb6][0xa1][0x1f]R,U0[0x84][0xc1]a8P[0x1a][0xba]a[0xb]Y[0xa0][0xae]<rD^z[0xbb][0xe7]&9[0x1f][0xb8][0xa5][0xbe]!\[0x13][0x1f][0x80]F[0xd0][0x14][0x16][0xba][0xa3][0x9a]5[0xe7][0xa9][0x9c]Uqx[0xad][[0x14]r"*[0xba].[0x9d][0xa8][0xca][0xff]h[0x14][0xf7][0xf7][0x81][0xfc][0x84]^[0x5][0x1f]7d[0x82][0xf6][0xc0]([0xaf][0x9d][0xf3]K[0xfd]X,[0xed]2[0x4][0x8f][0xf1][0x9]<NC[0xb][0x92]R[0xb5]a[0xc2]R[0xf3][0xc8]([xT[0x4][0xcf][0xca]][0xe][0x96][0x92]7[0xb5][0x6]<[0xf6][0xfa][0x8e][0x8f][0x8][0xf9][0xfe][0x8d]Y3F[0xad]<8[0xf3][0xd8][0x9c]C[0x9f][0x8a][0xf1]j[0xe0]C[][0xeb][0xd4]Wg9[0xfa][0xad]|s[0xf5][0xae]C[0x3]G[0xce][0x1c][0xdd][0xe3][0xc1][0x8d]9[0x87]^TC[0x9e][0xc9][0xb1][0xae][0x19][0xdc][0xf3][0xd2][0xfb][0xf]=[0xc2]hf+[0xdd]![0xb3][0xbf][0x82][0xa9][0xf]c[0xdd][0xf6][0xe8][0x18][0x86][0x9e][0xdd][0xaa][0x8]H[0xb3]9[0xb9]:[0xa6][0x89][0xae][0xb1][0xc6][0x8c][0xa9][0xb6]d[0x16]x[0x98][0x13]$[0xe8][0x1b][0xc3]5S[0xc8][0xa8][0x1a]N[0xcb][0x15][0x97]`b[0xf1]][0xba][0xc3]n[0xe3]{b&[0x1b][0xb3][0xe][0xa2][0xe3]j[0xd9]G[0xd3]-[0xbb]K[0xa7][0x93][0x82][0xcb][0xa5]O[0xad]z+{[0xe0][0x1b]+[0xd6]S[0xdb]m[0xf5][0x93]u[0x8b]d[0xf0][0xbc][0xb7]Z=[0xa7]z[0xa4]wN[0xef]V[0x13]w[0x9f]F[0xe9]?[0x8c][0x12][0xbb][0x81][0x12]k[0x8]}[0xdc][0xd6]F[0xb1]U6[0x82]oZE[0xd7][0xf0][0xa9][0x6][0x15]33[0x12][0xd9][0xe]U8[0xab][0x8d][0x8]2[0xfe][0xa6][0x84] [0x92],[0xc3][0xd5][0xd9][0xce]3\[0x19]3[0xdc]H[0xda]i[0xd4]z[0xf3]>i[0xce][0xb1][0xa9]_[0xa8][0x15][0xb3].[0xac][0xdf][0xff][0xb3]y[0x9f][0xb9]h[0xc2][0x9a]-[0x9b][0x97][0xcd][0x1b]<t[0xe7]h[0x92]@ v[0xdb][0xef][0xf9][0x9f][0xef][0x9d][0xf0][0xc4][0x7]e[0xae]C[0xa7][0x18][0x97][0x87]#[0x9e]?[0xc9][0xec][0x1d]o4r[0xb9]^L[0x3][0xc6][0xa6]z:[0x97][0xe5][0xe4]j[0xc6]F[0xd7][0x8]#[0x8d]1[0x81]$[0x4]q.[0xf3][0x13][0xe3]r[0xd8][0x9f]l<[0x86][0xa5]bd[0x15][0x85]<v1][0xa2]iQ[0xcc][0xfe]f[0xd8][0x18][0x19][0xc3]o[0x1c]~wZ[0xe9]n[0xcb][0xb4][0xe3]o[0xff]P[0xba]i[0xa5][0xf2]`[0xff]W[0xf3]7[0xd1][0xf8]?H[0xf2][0xe3]4[0xf5][0xe][0xcc][0xca]'[0xa9][0xb7]M[0x7][0xca][0xb7][0x91][0x9f][0x9f]=[0xcb][0xb0][0x1f][0x8a][0xd8][0xff][0xb][0xb9][0x1c][0x81]|[0x9e][0xec]6s>3[0x6][0xfa][0xbc]>G0[0xba][0xe6]R[0x88]6[0xf3][\r][0xb4]hL[0x1][0xa3]?[0x8e][0xc6][0xa4][0xaf]F[0xc2][0xee][0xb7][0x15][0xe2][0xe][0xd3][0xfb][0x9a]k[0xb8])[0xe][0xd2][0xaa][0xf6][0xa4][0x9c][0x91]<i[0x89][0x92]I[0x9c]lr[0xa6][0xc5][0xc7][0xd3][0xfb]/[0xaa]7[0x1e][0xfd][0xe2][0xb1]O[0xae]y\[0xe2][0xeb][0x5][0x8f][0xe4][0xa7][0xcc][0xc8]W/L[0xdf]d[0xa7][0x8d][0xcc][0xf9][0xe1][0xc4][0xf9]K[0xdc]s[0x9e]"[0xf5][0x9a][0xea][0xb9][0xc7][0xb1][0xec]{r[0xce][0x8][0xa7]^x:d[0xcd][0x16][0xe0][0xd7][0x5][0xf4][0x94][0x1c][0x81][0x14][0x8d]q[0x87]FFU[0xe9][\r][0xa7][0xc4][0xe1][0xaf][0xea]>[0xb2]x[0x94]V[0x93]F[0xc6]tb[0xc][0xcf][0x82][\r][0x96]G[0x9]+G[0x5]c[0xfb][0x11][0xae]4\[0xc9]HH[0x94]IW[0xa4][0x94][0x8][0x97][0xed][0xdb]={[0xe][0xee][0xee][0xd2]9 9m[0xf0]#[0xdf]~+[0xec])[0x9a][0xb6][0xf7]][0xdb][0x6][0xcb][0x84]G[0xf2][0x8a]*[0x7]"[0xdf]G[0xa8][0x83][0x84]_[0x90][0xef][0xf5][0xd1]J[0xae]t[0xc7]5[0x89]g<[0x8a]c[0xa1][0x9][0xd4]F[0x90][0xaf]E[0x1f][0xc0][0xb3][0xb0]p/[0xc0][0xcd][0x96][0xae]?[0x8c]Rwh[0x14][0xcf][0xcd][0x8d][0x9][0xbc];[0x82][0xdf]d[0xf6][0xaa][0xa1]Q[0xab][0xe2]jkU[0x86]7[0x91]L[0xc8][0xe0]>=[0x8d])XF[0xb5]~[0x8d][0xb8]v[0xe4][0xf8]4[0xcb][0xae]?[0xce][0xce][0xfe][0xaa][0xfd][0x88][0xb9][0xaf]>[0xb1]qZ[0xd9][0xbb][0xd7][0xf]nxb_[0xbf][0x81][0xbb][0x9f]@E[0xf3][0x90][0x16][0x85][0xf3]*[0xbe]:[0xfb][0xcb][0xe8][0x87][0xa6]=[0xbd][0xa9]`[0xe8]R[0xd2][0xe6]_o[0x9d][0xd9]N~[0xdc]r[0x96][0xc5][0x1e][0x0][0xc2][0x97]2[0xfb]b[0xa5][0xb7];[0xc0][0x1e][0xc6]ec[0xf5][0xdb][0xae][0x8f][0xae][0x11]qp [0x4][0x81][0x90][0xea][0xb4][0x93][0xf9][0x80][0x0][0x83][0xcd]IOq[0xb0][0x94]+^[0xdf]gIO[0xd6][0xa3][0xc7][0xc8]CB)[0x99]0mp~|i[0xa9][0xf0][0xd6]Fu[0x91]'[0x8d]~8{[0xfa][0x88][0x7]*=[0xec][0xcb]y[\n]"
05:56:05.365 [main] DEBUG org.apache.http.wire -  >> "[0xcc]Y[0x8d][0xc7][0xa8][0x91][0xbd];[0xea][0xec][0x96][0x83]C[0xd8][0xd8][0x18][0x1c][0x12][0xff][0xb7]\[0xb5][0xb4][0x82]Z[0x95][0x80]r[0x8c] [0xfc][0xdf]([0xe9]Y|[0xf5][0xab][0xa4][0x81][0xa5][0xa5]'[0xf4]7Ib&[0x89]M[0xea][0xd4]ip[0x7][0xa6][0x94][0xda]a[0xb5][0xf][0xc9][0xc5][0x19][0x83] [0x92][0xd9][0xb4][0xa8]z[0xfa][0xbe][0xba][0x2][0xde][0x19]k[0x1b]c[0x14][0xb3][0xff][0xe6][0x12]{[0x9][0x17]Q[0xae]D$[0x97]X%C$fu[0xc6]%[0xa4][0xe9]1[0x98][0xc0]7[0xad]9[0x1e]}[0xd4]o:[0xa6]:R;u[\r][0xcb]HKGt[0xd2][0xc5][0xcc][0x8a]^[0xea][0x9][0xfb]z[0xf3][0xbd][0xfd][0xc5]C$6[0xb1][0xb3][0x8e][0x19]a[0xbc][0x10][0x83]d[0xf6][0xc5][0xcf]l[0xbf]`[0xdf][0xe1]o[0xa4][0xa2]k[0x84][0xc]5v[0x4][0xcc]<[0xe3][0x8f][0xc8][0x84][0x9a]{[0x2][0xa7] [0x0]c'[0xef][0xed][0xda][0x1b][0x2][0xc7][0xe5][0x80][0xea]-[0x81][0xc]=[0x80]:8[0xab][0xb4]t[0x14]y[0xf0][0xb2]:[0x84][0x9c][0xbb]@~[0x9b][0xaf].[0x97][0xa1]r[0xf8]\2Z[0xed][0xe0])@l[0xb7]"[0xca][0x3]e[0xa8][0xb1][0xb7][0xe2][0xa8]!*[0xef][0xde][\n]"
05:56:05.365 [main] DEBUG org.apache.http.wire -  >> "[\n]"
05:56:05.365 [main] DEBUG org.apache.http.wire -  >> "C[0xff][0xcb][0xa8][0xd5][0x0][0xf2]<[0xee]O[0xe6][0xb9]E?bXi[0xb5][0xcd]]t[\r]R9[0x10][0x8e]@[0xb8][0xf][0x88]A [0x86][0xef][0xb][0x98][0x3][0xf9][0x1b]P~b[0x6][0xc3]G[0xb8][0x1e][0xb][0xcb][0xa3][0x98][0x95]H[0xf7][0xea]k[0xaa]O_S[0x99][0x8f][0xc4]8.S[0x9a]{[0xea][0xeb]~[0xe9][0xaf][0xcd]![0xa3][0xe5][0xd2][0x89][0x8b][0xc6][0xe5][0x7][0x1e][0xfc]v[0xff][0xbd][0xa5]b[0xe6][0xbc][0xc2][0xbd][0xf][0x8c]P[0x9f][0xf0][0xb4][0xa0][0xa7]f[0xcd]|t[0xbc][0xa7][\r]=vcK[0xe5]51[0x13]|k[\n]"
05:56:05.365 [main] DEBUG org.apache.http.wire -  >> "[0xe9][0xb2][0xc1][0x0]w[0xa0]wM[0xd5][0xa2][0xcb]@[0x8a][0xcf][0xb5]s [0x14][0x81]P[0x8e][0xbd][0xc0]S [0xb4][\n]"
05:56:05.365 [main] DEBUG org.apache.http.wire -  >> "[0x81][0x86][0xd5][0x15]Usy[0x91][0xf6][0xf2][0xc2][0x13]~[0xcb]K[0xcc][0xcc][0xdf][0xea][0xbf][0xbc][0x10]-[\n]"
05:56:05.365 [main] DEBUG org.apache.http.wire -  >> "C0[0xf6]HE[0xac]B![0x6][0xb2][0xdc]A[\r][0x1a]z[0xdf]*[0x87][0xf9]g[0x93]5][0xa2][0xc1][0xe9][0x89][0x86][0xf4][0x98][0x99]'[0xe6],[0x0][0xfd]4{[0xa1][0x1][0xba][0xd3][0xf3][0xbe]s[0x1a][0xb2][0xe8][0xcb][0xa2]/[0x88]m[0xfe][0xe5][0xa7].[0xaa]7[0xf][0xbe]R[0xb8][0xe6][0xe5]][0x85][0xab]v[0xd2][0x84][0xed]j[0x81]zZ[\r][0xde]VQH[0xda]TZ[0xde][0xf8][0xfc][0x8b][0xf7][0xdd]_|[0xce]"#u[0x84][0xd8][0x88]c[0x17][\r][0xd3][0xdd]a[0xba][0xcf][0xe][0xab][0xde]O0[0xac]D[0x9e][0xb][0x19]x[0x17][0xde][0xc9][0x18]0[0xb9][0xa5][0xa0][0x1a]1[0xd2][0x9f]yo=Fb[\n]"
05:56:05.366 [main] DEBUG org.apache.http.wire -  >> "[0x1f][0xc5][0xbd][0x9f][0x90][0xd4][0xe8][0xca][0x91]c3JwYf[0x9c]|[0xef][0xeb][0xd2][0xad][0xf9];[0x7][0xf4][0xdf][0xb3][0xa2][0x98][0xda]n[0xa9]g[0x17]ynI[0x9f][0xcf]+T?W[0xef][0x88]o}[0xfa][0x8c][0xa7]b[0xfd]'^[0xe9][0xd3][0x8d]HI0[0xf4]p[0x8b]![0xa1]U[0xd2][0xe7][0xea]Z[0xa7]VW[0xd9][0xd6]@[0xc3]>[0xb6][0xdb][0x12][0xa8][0xbf]<$[0xf1][0xba]:r[0xec][0xa2][0xe8][0xc6][0xe6][0xad][0xf7]w-}C[0x18][0xf2]Jz[0x3]a[0xbd]i[0x8b][0x7][0xc4][0xcc]E[0xeb]B[0xd8][0xdc],[0xf2]9[0x84]s[0xb3][0xbc][0xdb][0xe2][0x97]w[0x1b][0x18][0xd6][0x0][0x81][0x6]|[0xd7][0xa3][0x81][0x85]od[0xb3][0xef][0x8][0xb0]6,[0xe][0xc1][0xb8][0xc5][0xd4][0xc0][0xaa]8[0xcb][0xb1].il[0xe0][j|c[0xfe][0x1e][0x8b][0xbd][0x94]3f[0xde][0xfa][0x1b][0xae][0x14][0x1e]E[0x8]t[0x86][0xfa][0xed]K}/[0xef];[0xf0][0xcd][0xc1][0xc7][0x1e][0x19][0x93]7[0x91]D[0xbc][0xda][0xff][0xbb][0xd2][0xc7]O[0xcc]([0x95]V[0xe7]MXBb[0xfb][0xf4][0xef]0`V[0xf6][0x8a][0x3][0xef][0xae][0xbf]ojN[0x8f]{[0xbb]u[0x1a]4[0xff][0xa1]u[0xfb][0x1e]~i[0xc4][0xd0])[0x3]y[0xde][0xa1][0xdd][0xa0][0x83][0xa4].[0x18]A[0x8c]t[0x87][0xf8]E[0x10]<5[0xf3][0xd1][0xc5]_[0xcf][0xf9][0x0][0xdf][0xe][0x8][0xb][0xb][0xf8][0xfb]q[0x96][0x99][0xf8][0xa5]9l[0xf][0xcd]l[0xa0]W[0xb1][0x95]+vf[0x12]l,Z[0xe0][0xfe]5[0x82][0xe7][0x5],[0x9a][0xb0][0x91]'N[0x9d]J[0xef][0xea]h[0xdb]+k[0xe1][0xe2]c[0xc7][0xa4].[0xea][0x9d]"[0xcf][0xc8][0xae]][0x83]6[0x84]o([0xa0][0xdb][0x8b][0x8][0xfb][0x1b][0xfb]|[0xe4][0xfe]E\kV[0xf6][0xe][0xcd]f7[0xee]z[0x18][0x10][0xab][0xd3]t[0xf3]0Z[0x9d]J[0xeb][0xf2][0xaa]Mx[0x10][0xc0]r{[0xe6][0xfa]1[0xc8][0x11][0x9a]N>[0xf3][0xda][0x9b][0xa4][0xf4][0xc4][0xa7][0xdd]K[0x95]IKN[0x1e][0xa3]e[0x9e][0xac][0xdf][0xb7][0x9]a[0x15][0xc7][0x11][0x1b]'Z[0xa1][0x83][0x88]M[0x9d][0x19][0xbd]A[0xf5]jf[0x1b]n[0x90][0xc][0x19]=[0xf9][0x99][0x4][0xbd][0xa3].\[0xa3][0xce]{[0xa7]B[0xe8]\q\[0xb7]r-[0x0][0xa4]O[0xf0]2[0x8]F[0xb8]%[0xee][0xab][0xeb][0x18][0xdf][0xa0][0xe7][0x86]"
05:56:05.366 [main] DEBUG org.apache.http.wire -  >> "[0x15]Pwj[0x3][0x81]|[0xd9]J[0xfa]) [0xd0][0x8b]GX[0x8a][0x9e][0xc5][0xa7][0x84][0x85][0xa5][0x88][0xbd][0xcb]K[0xd5]c[0x1b][0xd4]?4[0xd8][0xa0][0x1e]?[0xf0]Y[0xe5]3[0x9a][0xd0][0xbe][0xe2][0xb8][0x90]Z[0xf9][0xa1][0x98]YyNh[0xce][0xbf][0xc6][0x2][0xe1][0x14][0xe2][0x16][0x8][0xfd][0xeb]@[0x8a][0xef]6[0xd4][0x99]YV[0xef]6[0x4][0xf0][0xcc]R[0xd6]O5w[0x15][0xc2][0x98]S[0x14][0x4][0xb6][0xab]@n[0xfd]t^[0xdd]F[0xa6][0x9c][0xbb]s[0xe7][0xef]d[0x8a][0xba][0xed][0x1c][0xdd]GV{[0xbe][0xf7]|A[0x9e]Q'Q[0x17][0x8d]Bl"[0xd5]>[0x82][0x82][0xd8][0x84]b[0x8c][0x5][0xfc]k[0x9e]:[0x90][0xe2]1[0x95]A,[0xe1][0xc][0x8f][0x10]f[0x2][0xc][0xef][0xf9][0x81]-W[0x1d][0x9][0xea]JHH[0x8b][0xc2]0[0x9d][0xb9][0xe9][0x1f]+[0x8f][0xab][0xf7][0x8f][0xb9][0xe8][0xca]j3lB\3u[0xf1])[0x12]*[0xb4][0xa8][0x88]U[0x11][0x82]7[0x88][0xf7][0x8d][0x99]*[0xb6][0x4][0xfe][0xa5][0x13][0x8][0xaf]#.[0xc6][0xdd][0x87][0x9a][0xfa][0xf8][0xdf][0xdb]}[0xc8][0xa4][0xf3]+_[0xa2][0x3]=o[0x8][0xa9][0x1b]7[0xe6][0xb][0xf5][0x9f]][0xc6]f[0xbc][0x87]n[0xa1]{[0xa4]C[0x18]a[\r]r[0x9b]y[0x84][0x5][0xd5][0x4][0x1b]6[0xd0]#q[0xe2]Hj[0xfc][0xd4]!$[0x92][0xcd][0x1d][0x82][0x8b][0xd5][0xef]F[0x8][0x8b][0xca][0xdd][0xe1][0x91]![0xde]w[0xcb]i[0xa4][0xfa]K[0x87]t[0x7]Z[0x9f]P[0xea][0xa4]{<[0xbb]H[0xe2][0x94].[0x1d][0xfa][0xf4](~[0x85][0x98]7O[0x1a][0xa0][0x90]"[0xba]e2[0x89][0x1e][0x9b][0xd5][0xba][0xe3]}[0xed][0xf2][0xd6]/[0x99]:~R[0xdf]u[0x88]a'[0xba][0x96]nF[0xc][0xe3][0xa1][0xd0][0xed][0xf0][0xb3][0x9a][0x6][0xc][0xf9][0xc7][0xe][0x91]L$[0xf5]C[0xf4][0x8f][0x1d][0xf6]O[0x83]%P[0x4][0xc2]Pwg 3[0xf6][0x87]B,$3[0x88][0xf4][0x80][0x18][0x9b][0xaa]1v[0x7][0x84][0xd4][0xf7][0xbe][0x93][0x8e][0x17][0xab][[0xc3][0xf9]W[0xf][0xee][0x86][0xfa][0x88][0xf5][0xad]%[0xe][0xea]o][0xab][0x9c][0xa9][0xff]w[0xf][0x11][0xfe]/[0x95][0xd2]R[0x13]\[0xc4]2[0xa0]w[0xcf][0xce][0xdd][0xdb][0xf5])~a[0xe1][0xaa][0xad][0xdd][0xef]yfw[0xfe][0xf2][0x97][0xb7][0xf5][0xbd][0xb7]{[0xaf][0xad]9[0xe2][0xd8][0x8e][0xad][0x92]2S[0x9a]=[0xf2][0xe8][0xfc][0xf1][0x19]C[0xea]7+[0x9a][0xb8]h[0xf1][0xa4][0xa4][0xe][0x1d]RfP[0xf6][0x6][0x92]n!7[0xf9][0x9e]_W7[0xf1][0xb3][0x10][0xb5]?p[0x89]4~[0xe0][0xe2]G[0x98][0xef][0x3][0x17][0xe2][0xb2][0x99][0xd2][0x9a][0xa4][0x90][0x9b][0xc5][0xe7][0xc9](;[0x8a]<[0xb7][0xdd][0xd2][0xd9][0x9a][0x6][0xeb][0xb5][0xdf][0xc4][0xd3]p[0x86]}[0x83] [0x2]$[0x80][0x9d][0x94][0x2][0xfb])[0xec]B[0xe][0x8f][0x1][0xdb][0xc3]Ta"f[0x9e][0x2][0xfb]V[\n]"
05:56:05.366 [main] DEBUG org.apache.http.wire -  >> "[0xad]4Mn[0xd5]:#[0x81]D[0xbd]0[0x9e][0xbe]?~[0xea]=b[0xde]=,3[0x88]E[0xad][0xfd][0x88]g[0x90][0xf5]a[0x85][0xdb][0xac][0xef][0x9b]`N[0x1c]U[0xfe]_[0xca]$[0xeb]!P[0xaf]V[0x2][0xc1][0x80]H[0x4]"[0xff][0xe7]9&[0x8b]oO[0xed][0xd9][0xf3][0xf1];[0xd3][0xf7][0xc4].[0x9a]1w[0xc2][0x17]_[0xd0]^[0x7][0xf]b[0xae][0xf9][0xf0][0x9b][0xa7]:nm3i[0xd2]0[0xcc]5E[0xfd][0xff]:[0x1][0xe1]{[0x99][0xfd][0xf][0x0][0xc3]t[0x12][0xec][0x88][0x81][0xdd][0xe1]o[0xf][\r][0xd1]N-D[0xed][0xb5][0xde]y[0x9b][0xfc][0xf7][0xb8][0xd8]~[0xba][0x12]R[0xae][0x7][0xf]:r.[0x8e]2[0xb][0xd9]$[0xf4][0x1d][0xad][0x16][0xde]w[0xe2][0xdb]oK[0xf7][0xec]!e%cH[0x8b]RiT[0xf8][0xd9]I[0x88][0x1d]";[0xe7][0xb5][0x3][0x1d][0xef]4e|G,[0xe5]6[0x88]e[0x2]Z[0xfb][0xed]P[0x8d][0x80]![0xf][0xf1][0x1][0xe][0x4][0x1c]>[0xa4]99[0x6][0x1b][0xeb][0x3][0x9a]#[0xd0][0xdc][0x7]4C[0xa0][0x99][0x8f]6[0x17][0x2].[0x1f][0x90][0x80]@[0x2][0x3][0x1c][0xd6][0x12][0xa7][0x1f]eM[0xca]1[0x1f][0xac])[0x97][0x98]:%[0xe2][0xac]%[0x1f][0xf6][0x9a][0x98][0xc9][0xc8]/[0x80][0xac][0xd5][0xc5][0x95]7w[0xc2][0xa5]K[0xa5][0xea]t[0xf1])LO[0xfd]v[0x7]t[0xd1]M[0x9c]<[0x8c]3[0x87][0x8b]O[0x97][0x1f][0xe7]LS[0xdf][0xdb]{[0x3]+[0x9c][0x8]8}46E[0xa0])[0xa3][0xc4]iH[0xef][0x95]xN[0x89][0xd3][0x8a]Q[0x87]"[0xd6]"[0x89][0xef][0xf8](M[0xad][0x8c][0xe0][0xe8]r[0xf6][0xd5]T[0xc3][0xbb][0x10][0xe9][0x95][0xa8][0xcd]O[0xd0]N[0x9b][0x91]B[0xaf][0x8c]u[0x91][0xab][0xd3][0xfd][0xc9][0xd3][0x85]]-[0xfd][0xca][0x81][0xcc]f[0xa3][0xf0][0xf7][0x8][0x8e][0xba]mv[0xbd][0x1a][0xb][0xa8]$[0xc2]h[0xb3][0xc3]#B[0xb8][0xd3][0xc][0x9][0xbf][0x9b][0xe9][0xf6]~[0x9e][0xf6][0xd7]lv][0x16][0x9b][0xfd][0x9f]K7[0x85][0x8][0xb4]\[0xe9]~&[0xcb][0x87]X[0xd5][0xeb]FQ"[0xb5]M[0x16][0xa2][0xc8][0x13]Qs[0xc5][0x8c][0x15][0xd3][0xf7]l[0xed]7Z[0x8c]t[0x7]C[0x14][0xf4]t[0xb][0xfa][0x1b]7[0xc][\r][0xad][0xe5]~[0x1f]%[0xd6][0xf3][0xb7]3[0xde][0x8f][0x12][0xad][0xd4][0x18]:[0x1b][0xec][0xb8][0xbe]{[0xa3][0x87][0xc9]Q[0x9],[0xb7][0x8c]`![0x1c]-[0xde][0xb4]f[0xf5]V[0xb2]e[0xf5][0x9a]M[0xb4][0xb8]`[0x85][0xb8]z[0xb9]H[0xb2][0x9e][0xdf][0xfb][0xea][0x8e]'_[0xd8][0xfb]j[0xb1][0xa9][0xec][0x8d][0xd7][0xff][0xf6]&[0xf3]N[0x88][0xd3]f[0xc4])[0xde][0xf7]m[0x80]A[0x8][0xd5][0xdf][0xe0]q'[0xb2][0x10][0xa5]Ro[0xff]RX[0xb];[0xd0][0x15][0xd5][0xf2]B`[0xf2]y!Z[0xd3][0xb][0xd5]p?[0xee][0x86][0xf1][0xe][0xdd][0xb0][0xff][0xcf][0xbd][0x10][0xf9][0xe0][0xee]^[0x88]B/[0xed][0xf][0xfa][0xc][0xd2]g[0x87]F0[0xd4]o-[0xf9]([0xac]J[0x87]i[0xa8]Y[0xff][0xc4]w([0x8d][0xa5][0xc9][0x14][0xe9][0xb]5r[0x1e]#[0xe6]0j0[0xde][0xf5][\r][0x82][0xd0][0xb7][0xf9][0xb9][0x18]"[0xac][0x92])[0xad]MzB[0x9b][0xea]/[0xee][0xc8][0xef]Yc[0xe6][0xac]y[0xe1][0xb1]U[[0x5]uf[0xc6][0x86][0xe5][0x8f][0xe]k[0xde][0xb7]C[0xfb][0xfb]z[0x93].][0xb][0x16][0xcf][0xdf][0xf1][0xd2][0xfa][0x8e][0xea][0xe8]p[0xb2][0xe4][0x91]m=:[0xf4][0xcf][0x1e]po[0xd7][0x7][0xd8][0xdf][0x8d]e[0xd3]5[0xb4]X: [0x98][0xc8]QT[0xa0]M[0xfc]kW[0xff][0x17]ZVT6[0xd6][0xaf][0x17]]G[0x9f][0xe1][0xfd]>[0xf0][0xef]W[0xf5][0x15]A}[0xd6][0xf][0xe0][0xff][0x1]c[0xf7][0xa2]][\n]"
05:56:05.366 [main] DEBUG org.apache.http.wire -  >> "endstream[\n]"
05:56:05.366 [main] DEBUG org.apache.http.wire -  >> "endobj[\n]"
05:56:05.366 [main] DEBUG org.apache.http.wire -  >> "13 0 obj[\n]"
05:56:05.366 [main] DEBUG org.apache.http.wire -  >> "<</Type /FontDescriptor[\n]"
05:56:05.366 [main] DEBUG org.apache.http.wire -  >> "/FontName /AAAAAA+Roboto-Regular[\n]"
05:56:05.366 [main] DEBUG org.apache.http.wire -  >> "/Flags 4[\n]"
05:56:05.366 [main] DEBUG org.apache.http.wire -  >> "/Ascent 927.73438[\n]"
05:56:05.366 [main] DEBUG org.apache.http.wire -  >> "/Descent -244.14063[\n]"
05:56:05.366 [main] DEBUG org.apache.http.wire -  >> "/StemV 53.222656[\n]"
05:56:05.366 [main] DEBUG org.apache.http.wire -  >> "/CapHeight 710.9375[\n]"
05:56:05.366 [main] DEBUG org.apache.http.wire -  >> "/ItalicAngle 0[\n]"
05:56:05.366 [main] DEBUG org.apache.http.wire -  >> "/FontBBox [-736.81641 -270.99609 1148.4375 1056.15234][\n]"
05:56:05.366 [main] DEBUG org.apache.http.wire -  >> "/FontFile2 12 0 R>>[\n]"
05:56:05.366 [main] DEBUG org.apache.http.wire -  >> "endobj[\n]"
05:56:05.366 [main] DEBUG org.apache.http.wire -  >> "14 0 obj[\n]"
05:56:05.366 [main] DEBUG org.apache.http.wire -  >> "<</Type /Font[\n]"
05:56:05.366 [main] DEBUG org.apache.http.wire -  >> "/FontDescriptor 13 0 R[\n]"
05:56:05.366 [main] DEBUG org.apache.http.wire -  >> "/BaseFont /AAAAAA+Roboto-Regular[\n]"
05:56:05.366 [main] DEBUG org.apache.http.wire -  >> "/Subtype /CIDFontType2[\n]"
05:56:05.366 [main] DEBUG org.apache.http.wire -  >> "/CIDToGIDMap /Identity[\n]"
05:56:05.366 [main] DEBUG org.apache.http.wire -  >> "/CIDSystemInfo <</Registry (Adobe)[\n]"
05:56:05.366 [main] DEBUG org.apache.http.wire -  >> "/Ordering (Identity)[\n]"
05:56:05.366 [main] DEBUG org.apache.http.wire -  >> "/Supplement 0>>[\n]"
05:56:05.366 [main] DEBUG org.apache.http.wire -  >> "/W [0 [443.35938] 5 [257.32422 319.82422] 12 [341.79688 347.65625 0 0 196.28906 275.87891 263.18359 412.10938] 20 29 561.52344 30 [242.1875] 37 [652.34375 622.55859 650.87891 655.76172 568.35938 552.73438 681.15234 712.89063 271.97266 551.75781 626.95313 538.08594 873.04688 712.89063 687.5 630.85938 687.5 615.72266 593.26172 596.67969 648.4375 636.23047 0 626.95313 600.58594 598.63281 265.13672 0 265.13672 0 0 0 543.94531 561.03516 523.4375 563.96484 529.78516 347.16797 561.03516 550.78125 242.67578 238.76953 506.83594 242.67578 876.46484 551.75781 570.3125 561.03516 0 338.37891 515.625 326.66016 551.26953 484.375 751.46484 495.60547 473.14453 495.60547] 399 [668.94531] 443 [553.71094 567.87109]][\n]"
05:56:05.367 [main] DEBUG org.apache.http.wire -  >> "/DW 0>>[\n]"
05:56:05.367 [main] DEBUG org.apache.http.wire -  >> "endobj[\n]"
05:56:05.367 [main] DEBUG org.apache.http.wire -  >> "15 0 obj[\n]"
05:56:05.367 [main] DEBUG org.apache.http.wire -  >> "<</Filter /FlateDecode[\n]"
05:56:05.367 [main] DEBUG org.apache.http.wire -  >> "/Length 322>> stream[\n]"
05:56:05.367 [main] DEBUG org.apache.http.wire -  >> "x[0x9c]]R[0xcb]n[0x83]0[0x10][0xbc][0xf3][0x15]>[0xa6][0x87][0x8][0xdb]@[0x1e][0x12]B[\n]"
05:56:05.367 [main] DEBUG org.apache.http.wire -  >> "[0xa4]H[0x1c][0xfa]P[0xd3]~[0x0][0xb1][0x97][0x14][0xa9][0x18][0xcb][0x90][0x3]_{7M[0xa4]Z[0x82][0xd5][0xcc][0xce][0xc][0xf6][0x9a][0xb8]j[0x8e][0x8d][0xe9]g[0x16][0xbf][0xbb]Q[0x9d]`f]o[0xb4][0x83]i[0xbc]:[0x5][0xec][0xc][0x97][0xde]DB2[0xdd][0xab][0xf9][0x86][0xf0][0xad][0x86][0xd6]F[0xb1]7[0x9f][0x96]i[0x86][0xa1]1[0xdd][0x18][0xe5]9c[0xf1][0x87][0xef]N[0xb3][[0xd8][0xea][0xa0][0xc7]3<E[0xf1][0x9b][0xd3][0xe0]zsa[0xab][0xaf][0xea][0xe4][0xf1][0xe9]j[0xed][0xf][0xc]`f[0xc6][0xa3][0xa2]`[0x1a]:[0x9f][0xf4][0xd2][0xda][0xd7]v[0x0][0x16][0xa3]m[0xdd]h[0xdf][0xef][0xe7]e[0xed]=[0xf][0xc5][0xe7]b[0x81]I[0xc4][0x82]v[0xa3]F[\r][0x93]m[0x15][0xb8][0xd6]\ [0xca][0xb9]_[0x5][0xcb]k[0xbf][0x8a][0x8][0x8c][0xfe][0xd7][0x97][0xe4]:w[0xea][0xbb]uA[0x9d][\n]"
05:56:05.367 [main] DEBUG org.apache.http.wire -  >> "[0xaf][0xe6]<;[0x16][0x1e][0x89]][0xed][0x91][0xe4]r[0x83][0xde][0x9b]j[0xff][0xe7]y|"C[0x13][0xdf]`[0x91][0xa2]@[0xb2]"[0xf2]H[0xe4][0xe]I[0xc1][0x11][0x89]-[0x91][0x15][0x91]$[0x11][0xcf]X[0x92]=[0x92][0x92]2[0x93][0x3][0x96][0x94]2[0x13][0xca]Lj[0xda]$e[0xa6][0xa4][0xcc]R,[0x1b]Rf[0xb4][0x97][0x8c]2[0xb7][0x12][0x8f]S[0x96][0x1][0x89]2[0xa4][0xd4]%[0x17][0xb7]S[0xd1]9[0xc2]p[0xc2]%[0xde]'[0xaf][0xae][0xce][0xf9][0xa1][0xe3]M[0xe3][0xb4][0xc3][0x9c]{[0x3][0xf7][0x9f][0xc1][0x8e]6[0xb8][0xc2][0xf3][0xb][0xfb][0xe6][0xa0][0xd0][\n]"
05:56:05.367 [main] DEBUG org.apache.http.wire -  >> "endstream[\n]"
05:56:05.367 [main] DEBUG org.apache.http.wire -  >> "endobj[\n]"
05:56:05.367 [main] DEBUG org.apache.http.wire -  >> "4 0 obj[\n]"
05:56:05.367 [main] DEBUG org.apache.http.wire -  >> "<</Type /Font[\n]"
05:56:05.367 [main] DEBUG org.apache.http.wire -  >> "/Subtype /Type0[\n]"
05:56:05.367 [main] DEBUG org.apache.http.wire -  >> "/BaseFont /AAAAAA+Roboto-Regular[\n]"
05:56:05.367 [main] DEBUG org.apache.http.wire -  >> "/Encoding /Identity-H[\n]"
05:56:05.367 [main] DEBUG org.apache.http.wire -  >> "/DescendantFonts [14 0 R][\n]"
05:56:05.367 [main] DEBUG org.apache.http.wire -  >> "/ToUnicode 15 0 R>>[\n]"
05:56:05.367 [main] DEBUG org.apache.http.wire -  >> "endobj[\n]"
05:56:05.367 [main] DEBUG org.apache.http.wire -  >> "xref[\n]"
05:56:05.367 [main] DEBUG org.apache.http.wire -  >> "0 16[\n]"
05:56:05.367 [main] DEBUG org.apache.http.wire -  >> "0000000000 65535 f [\n]"
05:56:05.367 [main] DEBUG org.apache.http.wire -  >> "0000000015 00000 n [\n]"
05:56:05.367 [main] DEBUG org.apache.http.wire -  >> "0000011381 00000 n [\n]"
05:56:05.367 [main] DEBUG org.apache.http.wire -  >> "0000000111 00000 n [\n]"
05:56:05.367 [main] DEBUG org.apache.http.wire -  >> "0000023377 00000 n [\n]"
05:56:05.367 [main] DEBUG org.apache.http.wire -  >> "0000000148 00000 n [\n]"
05:56:05.367 [main] DEBUG org.apache.http.wire -  >> "0000011590 00000 n [\n]"
05:56:05.367 [main] DEBUG org.apache.http.wire -  >> "0000004106 00000 n [\n]"
05:56:05.367 [main] DEBUG org.apache.http.wire -  >> "0000011799 00000 n [\n]"
05:56:05.367 [main] DEBUG org.apache.http.wire -  >> "0000008800 00000 n [\n]"
05:56:05.367 [main] DEBUG org.apache.http.wire -  >> "0000012008 00000 n [\n]"
05:56:05.367 [main] DEBUG org.apache.http.wire -  >> "0000012076 00000 n [\n]"
05:56:05.367 [main] DEBUG org.apache.http.wire -  >> "0000012125 00000 n [\n]"
05:56:05.367 [main] DEBUG org.apache.http.wire -  >> "0000021819 00000 n [\n]"
05:56:05.367 [main] DEBUG org.apache.http.wire -  >> "0000022066 00000 n [\n]"
05:56:05.367 [main] DEBUG org.apache.http.wire -  >> "0000022984 00000 n [\n]"
05:56:05.367 [main] DEBUG org.apache.http.wire -  >> "trailer[\n]"
05:56:05.367 [main] DEBUG org.apache.http.wire -  >> "<</Size 16[\n]"
05:56:05.367 [main] DEBUG org.apache.http.wire -  >> "/Root 11 0 R[\n]"
05:56:05.367 [main] DEBUG org.apache.http.wire -  >> "/Info 1 0 R>>[\n]"
05:56:05.367 [main] DEBUG org.apache.http.wire -  >> "startxref[\n]"
05:56:05.367 [main] DEBUG org.apache.http.wire -  >> "23523[\n]"
05:56:05.367 [main] DEBUG org.apache.http.wire -  >> "%%EOF[\n]"
05:56:05.367 [main] DEBUG org.apache.http.wire -  >> "[\r][\n]"
05:56:05.367 [main] DEBUG org.apache.http.wire -  >> "--"
05:56:05.367 [main] DEBUG org.apache.http.wire -  >> "<calculated when request is sent>"
05:56:05.367 [main] DEBUG org.apache.http.wire -  >> "--"
05:56:05.367 [main] DEBUG org.apache.http.wire -  >> "[\r][\n]"
05:56:05.965 [main] DEBUG org.apache.http.wire -  << "HTTP/1.1 200 OK[\r][\n]"
05:56:05.965 [main] DEBUG org.apache.http.wire -  << "Content-Type: application/json; charset=UTF-8[\r][\n]"
05:56:05.965 [main] DEBUG org.apache.http.wire -  << "Vary: Origin[\r][\n]"
05:56:05.966 [main] DEBUG org.apache.http.wire -  << "Date: Thu, 22 Jun 2023 22:56:02 GMT[\r][\n]"
05:56:05.966 [main] DEBUG org.apache.http.wire -  << "Content-Length: 393[\r][\n]"
05:56:05.966 [main] DEBUG org.apache.http.wire -  << "[\r][\n]"
05:56:05.966 [main] DEBUG org.apache.http.impl.conn.DefaultClientConnection - Receiving response: HTTP/1.1 200 OK
05:56:05.966 [main] DEBUG org.apache.http.headers - << HTTP/1.1 200 OK
05:56:05.966 [main] DEBUG org.apache.http.headers - << Content-Type: application/json; charset=UTF-8
05:56:05.966 [main] DEBUG org.apache.http.headers - << Vary: Origin
05:56:05.966 [main] DEBUG org.apache.http.headers - << Date: Thu, 22 Jun 2023 22:56:02 GMT
05:56:05.966 [main] DEBUG org.apache.http.headers - << Content-Length: 393
05:56:05.966 [main] DEBUG org.apache.http.impl.client.DefaultHttpClient - Connection can be kept alive indefinitely
05:56:05.966 [main] DEBUG io.restassured.internal.RestAssuredHttpBuilder - Parsing response as: application/json; charset=UTF-8
05:56:05.966 [main] DEBUG io.restassured.internal.RestAssuredHttpBuilder - Parsed data to instance of: class org.apache.http.conn.EofSensorInputStream
05:56:05.971 [main] DEBUG org.apache.http.wire -  << "{"data":{"id":"85e13c3f-613d-4059-baa4-d31db99ef116","name":"","email":"","balance":0,"pin":"","phone":"","image":"https://res.cloudinary.com/ddleabcu2/image/upload/v1687474562/ppob/wjlm3qfzznfq3ynpkftf.pdf","address":"","created_at":"0001-01-01T00:00:00Z","updated_at":"2023-06-22T22:56:02.579994774Z"},"metadata":{"status":200,"message":"User Image Updated successfully"},"pagination":null}[\n]"
05:56:05.971 [main] DEBUG org.apache.http.impl.conn.BasicClientConnectionManager - Releasing connection org.apache.http.impl.conn.ManagedClientConnectionImpl@630e5010
05:56:05.971 [main] DEBUG org.apache.http.impl.conn.BasicClientConnectionManager - Connection can be kept alive indefinitely
05:56:05.972 [main] DEBUG net.thucydides.core.steps.StepInterceptor - STEP DONE: I send upload image HTTP request with format invalid
  &amp#27;[32mThen &amp#27;[0m&amp#27;[32mI send upload image HTTP request with format invalid&amp#27;[0m                               &amp#27;[90m# starter.stepdefinitions.user.UpdateImageSteps.iSendUploadImageHTTPRequestWithFormatInvalid()&amp#27;[0m
05:56:05.978 [main] DEBUG net.thucydides.core.steps.StepInterceptor - STARTING STEP: UpdateImageSteps.iReceivedValidHTTPResponseCodeForUpdateImageBecauseFormatInvalid - I received valid HTTP response code {int} bad request
  &amp#27;[31mAnd &amp#27;[0m&amp#27;[31mI received valid HTTP response code &amp#27;[0m&amp#27;[31m&amp#27;[1m400&amp#27;[0m&amp#27;[31m bad request&amp#27;[0m                                 &amp#27;[90m# starter.stepdefinitions.user.UpdateImageSteps.iReceivedValidHTTPResponseCodeForUpdateImageBecauseFormatInvalid(int)&amp#27;[0m
      &amp#27;[31mjava.lang.AssertionError: 1 expectation failed.
Expected status code <400> but was <200>.

	at java.base/jdk.internal.reflect.DirectConstructorHandleAccessor.newInstance(DirectConstructorHandleAccessor.java:67)
	at java.base/java.lang.reflect.Constructor.newInstanceWithCaller(Constructor.java:500)
	at java.base/java.lang.reflect.Constructor.newInstance(Constructor.java:484)
	at org.codehaus.groovy.reflection.CachedConstructor.invoke(CachedConstructor.java:73)
	at org.codehaus.groovy.runtime.callsite.ConstructorSite$ConstructorSiteNoUnwrapNoCoerce.callConstructor(ConstructorSite.java:108)
	at org.codehaus.groovy.runtime.callsite.AbstractCallSite.callConstructor(AbstractCallSite.java:277)
	at io.restassured.internal.ResponseSpecificationImpl$HamcrestAssertionClosure.validate(ResponseSpecificationImpl.groovy:512)
	at io.restassured.internal.ResponseSpecificationImpl$HamcrestAssertionClosure$validate$1.call(Unknown Source)
	at io.restassured.internal.ResponseSpecificationImpl.validateResponseIfRequired(ResponseSpecificationImpl.groovy:696)
	at io.restassured.internal.ResponseSpecificationImpl.this$2$validateResponseIfRequired(ResponseSpecificationImpl.groovy)
	at java.base/jdk.internal.reflect.DirectMethodHandleAccessor.invoke(DirectMethodHandleAccessor.java:104)
	at java.base/java.lang.reflect.Method.invoke(Method.java:578)
	at org.codehaus.groovy.runtime.callsite.PlainObjectMetaMethodSite.doInvoke(PlainObjectMetaMethodSite.java:43)
	at org.codehaus.groovy.runtime.callsite.PogoMetaMethodSite$PogoCachedMethodSiteNoUnwrapNoCoerce.invoke(PogoMetaMethodSite.java:198)
	at org.codehaus.groovy.runtime.callsite.PogoMetaMethodSite.callCurrent(PogoMetaMethodSite.java:62)
	at org.codehaus.groovy.runtime.callsite.AbstractCallSite.callCurrent(AbstractCallSite.java:185)
	at io.restassured.internal.ResponseSpecificationImpl.statusCode(ResponseSpecificationImpl.groovy:135)
	at io.restassured.specification.ResponseSpecification$statusCode$0.callCurrent(Unknown Source)
	at io.restassured.internal.ResponseSpecificationImpl.statusCode(ResponseSpecificationImpl.groovy:143)
	at io.restassured.internal.ValidatableResponseOptionsImpl.statusCode(ValidatableResponseOptionsImpl.java:89)
	at apiskuypay@1.0-SNAPSHOT/starter.api.user.UpdateImage.lambda$iReceivedValidHTTPResponseCodeforupdateimagebecauseformatinvalid$2(UpdateImage.java:73)
	at net.serenitybdd.rest.SerenityRest.restAssuredThat(SerenityRest.java:626)
	at apiskuypay@1.0-SNAPSHOT/starter.api.user.UpdateImage.iReceivedValidHTTPResponseCodeforupdateimagebecauseformatinvalid(UpdateImage.java:73)
	at apiskuypay@1.0-SNAPSHOT/starter.api.user.UpdateImage$ByteBuddy$yHS9YFkN.iReceivedValidHTTPResponseCodeforupdateimagebecauseformatinvalid$accessor$Yy5p6ncB(Unknown Source)
	at java.base/jdk.internal.reflect.DirectMethodHandleAccessor.invoke(DirectMethodHandleAccessor.java:104)
	at java.base/java.lang.reflect.Method.invoke(Method.java:578)
	at net.thucydides.core.steps.StepInterceptor.invokeMethod(StepInterceptor.java:503)
	at net.thucydides.core.steps.StepInterceptor.executeTestStepMethod(StepInterceptor.java:483)
	at net.thucydides.core.steps.StepInterceptor.runTestStep(StepInterceptor.java:457)
	at net.thucydides.core.steps.StepInterceptor.runOrSkipMethod(StepInterceptor.java:209)
	at net.thucydides.core.steps.StepInterceptor.testStepResult(StepInterceptor.java:196)
	at net.thucydides.core.steps.StepInterceptor.intercept(StepInterceptor.java:84)
	at net.thucydides.core.steps.ProxyConfiguration$InterceptorDispatcher.intercept(ProxyConfiguration.java:51)
	at apiskuypay@1.0-SNAPSHOT/starter.api.user.UpdateImage$ByteBuddy$yHS9YFkN.iReceivedValidHTTPResponseCodeforupdateimagebecauseformatinvalid(Unknown Source)
	at apiskuypay@1.0-SNAPSHOT/starter.stepdefinitions.user.UpdateImageSteps.iReceivedValidHTTPResponseCodeForUpdateImageBecauseFormatInvalid(UpdateImageSteps.java:44)
	at ✽.I received valid HTTP response code 400 bad request(file:///C:/Dev/CapstoneProjectBaru/SKUYPAY%20API%20AUTOMATION/src/test/resources/features/User/UpdateImage.feature:18)
&amp#27;[0m
  &amp#27;[36mAnd &amp#27;[0m&amp#27;[36mI received eror message : Uploaded image formats are only allowed png, jpg and jpeg&amp#27;[0m &amp#27;[90m# starter.stepdefinitions.user.UpdateImageSteps.iReceivedErorMessageUploadedImageFormatsAreOnlyAllowedPngJpgAndJpeg()&amp#27;[0m
05:56:06.002 [main] ERROR  - 
  _____   ___   ___   _____     ___     _     ___   _      ___   ___  
 |_   _| | __| / __| |_   _|   | __|   /_\   |_ _| | |    | __| |   \ 
   | |   | _|  \__ \   | |     | _|   / _ \   | |  | |__  | _|  | |) |
   |_|   |___| |___/   |_|     |_|   /_/ \_\ |___| |____| |___| |___/ 

User belum berhasil mengubah gambar profil karena format gambar invalid
-----------------------------------------------------------------------
05:56:06.002 [main] DEBUG  - RELATED ISSUES: 
05:56:06.003 [main] ERROR  -     Test failed at step: I received valid HTTP response code {int} bad request
05:56:06.003 [main] ERROR  -     1 expectation failed.Expected status code <400> but was <200>.
]]></system-out>
  </testcase>
  <testcase name="User belum berhasil mengubah gambar profil karena tidak authorization" classname="Update Image" time="0.19">
    <system-out><![CDATA[
@Update-Image-03
Scenario: User belum berhasil mengubah gambar profil karena tidak authorization &amp#27;[90m# src/test/resources/features/User/UpdateImage.feature:22&amp#27;[0m
05:56:06.019 [main] INFO io.cucumber.core.plugin.SerenityReporter - Running feature from file:///C:/Dev/CapstoneProjectBaru/SKUYPAY%20API%20AUTOMATION/src/test/resources/features/User/UpdateImage.feature
05:56:06.022 [main] INFO  - 
  _____   ___   ___   _____     ___   _____     _     ___   _____   ___   ___  
 |_   _| | __| / __| |_   _|   / __| |_   _|   /_\   | _ \ |_   _| | __| |   \ 
   | |   | _|  \__ \   | |     \__ \   | |    / _ \  |   /   | |   | _|  | |) |
   |_|   |___| |___/   |_|     |___/   |_|   /_/ \_\ |_|_\   |_|   |___| |___/ 

User belum berhasil mengubah gambar profil karena tidak authorization(update-image;user-belum-berhasil-mengubah-gambar-profil-karena-tidak-authorization)
--------------------------------------------------------------------------------
05:56:06.038 [main] DEBUG net.thucydides.core.steps.StepInterceptor - STARTING STEP: UpdateImageSteps.iSetUpdateImageApiEndpoint - I set update image api endpoint
05:56:06.039 [main] DEBUG net.thucydides.core.steps.StepInterceptor - STEP DONE: I set update image api endpoint
  &amp#27;[32mGiven &amp#27;[0m&amp#27;[32mI set update image api endpoint&amp#27;[0m                                         &amp#27;[90m# starter.stepdefinitions.user.UpdateImageSteps.iSetUpdateImageApiEndpoint()&amp#27;[0m
05:56:06.044 [main] DEBUG net.thucydides.core.steps.StepInterceptor - STARTING STEP: UpdateImageSteps.iSendUploadImageHTTPRequestWithNoAuthorization - I send upload image HTTP request with no authorization
05:56:06.048 [main] DEBUG net.thucydides.core.steps.StepInterceptor - STARTING STEP: UpdateImage.iSendUploadImageHTTPRequestwithNoAuthorization - I set update image api endpoint
05:56:06.049 [main] DEBUG net.thucydides.core.steps.StepInterceptor - STEP DONE: I set update image api endpoint
05:56:06.070 [main] DEBUG org.apache.http.impl.conn.BasicClientConnectionManager - Get connection for route {}->http://34.101.78.228:2424
05:56:06.070 [main] DEBUG org.apache.http.impl.conn.DefaultClientConnectionOperator - Connecting to 34.101.78.228:2424
05:56:06.089 [main] DEBUG org.apache.http.client.protocol.RequestAddCookies - CookieSpec selected: ignoreCookies
05:56:06.089 [main] DEBUG org.apache.http.client.protocol.RequestAuthCache - Auth cache not set in the context
05:56:06.089 [main] DEBUG org.apache.http.client.protocol.RequestProxyAuthentication - Proxy auth state: UNCHALLENGED
05:56:06.089 [main] DEBUG org.apache.http.impl.client.DefaultHttpClient - Attempt 1 to execute request
05:56:06.089 [main] DEBUG org.apache.http.impl.conn.DefaultClientConnection - Sending request: PUT /api/v1/user/image HTTP/1.1
05:56:06.089 [main] DEBUG org.apache.http.wire -  >> "PUT /api/v1/user/image HTTP/1.1[\r][\n]"
05:56:06.089 [main] DEBUG org.apache.http.wire -  >> "Authorization: Bearer [\r][\n]"
05:56:06.089 [main] DEBUG org.apache.http.wire -  >> "Accept: application/json[\r][\n]"
05:56:06.090 [main] DEBUG org.apache.http.wire -  >> "Content-Length: 24159[\r][\n]"
05:56:06.090 [main] DEBUG org.apache.http.wire -  >> "Content-Type: multipart/form-data; boundary="<calculated when request is sent>"[\r][\n]"
05:56:06.090 [main] DEBUG org.apache.http.wire -  >> "Host: 34.101.78.228:2424[\r][\n]"
05:56:06.090 [main] DEBUG org.apache.http.wire -  >> "Connection: Keep-Alive[\r][\n]"
05:56:06.090 [main] DEBUG org.apache.http.wire -  >> "User-Agent: Apache-HttpClient/4.5.13 (Java/19.0.2)[\r][\n]"
05:56:06.090 [main] DEBUG org.apache.http.wire -  >> "Accept-Encoding: gzip,deflate[\r][\n]"
05:56:06.090 [main] DEBUG org.apache.http.wire -  >> "[\r][\n]"
05:56:06.090 [main] DEBUG org.apache.http.headers - >> PUT /api/v1/user/image HTTP/1.1
05:56:06.090 [main] DEBUG org.apache.http.headers - >> Authorization: Bearer 
05:56:06.090 [main] DEBUG org.apache.http.headers - >> Accept: application/json
05:56:06.090 [main] DEBUG org.apache.http.headers - >> Content-Length: 24159
05:56:06.090 [main] DEBUG org.apache.http.headers - >> Content-Type: multipart/form-data; boundary="<calculated when request is sent>"
05:56:06.090 [main] DEBUG org.apache.http.headers - >> Host: 34.101.78.228:2424
05:56:06.090 [main] DEBUG org.apache.http.headers - >> Connection: Keep-Alive
05:56:06.090 [main] DEBUG org.apache.http.headers - >> User-Agent: Apache-HttpClient/4.5.13 (Java/19.0.2)
05:56:06.090 [main] DEBUG org.apache.http.headers - >> Accept-Encoding: gzip,deflate
05:56:06.090 [main] DEBUG org.apache.http.wire -  >> "--"
05:56:06.090 [main] DEBUG org.apache.http.wire -  >> "<calculated when request is sent>"
05:56:06.090 [main] DEBUG org.apache.http.wire -  >> "[\r][\n]"
05:56:06.090 [main] DEBUG org.apache.http.wire -  >> "Content-Disposition"
05:56:06.090 [main] DEBUG org.apache.http.wire -  >> ": "
05:56:06.091 [main] DEBUG org.apache.http.wire -  >> "form-data; name="image"; filename="Teks skrip video KKN.pdf""
05:56:06.091 [main] DEBUG org.apache.http.wire -  >> "[\r][\n]"
05:56:06.091 [main] DEBUG org.apache.http.wire -  >> "Content-Type"
05:56:06.091 [main] DEBUG org.apache.http.wire -  >> ": "
05:56:06.091 [main] DEBUG org.apache.http.wire -  >> "application/octet-stream"
05:56:06.091 [main] DEBUG org.apache.http.wire -  >> "[\r][\n]"
05:56:06.091 [main] DEBUG org.apache.http.wire -  >> "Content-Transfer-Encoding"
05:56:06.091 [main] DEBUG org.apache.http.wire -  >> ": "
05:56:06.091 [main] DEBUG org.apache.http.wire -  >> "binary"
05:56:06.091 [main] DEBUG org.apache.http.wire -  >> "[\r][\n]"
05:56:06.091 [main] DEBUG org.apache.http.wire -  >> "[\r][\n]"
05:56:06.091 [main] DEBUG org.apache.http.wire -  >> "%PDF-1.4[\n]"
05:56:06.091 [main] DEBUG org.apache.http.wire -  >> "%[0xd3][0xeb][0xe9][0xe1][\n]"
05:56:06.091 [main] DEBUG org.apache.http.wire -  >> "1 0 obj[\n]"
05:56:06.091 [main] DEBUG org.apache.http.wire -  >> "<</Title (Teks skrip video KKN)[\n]"
05:56:06.091 [main] DEBUG org.apache.http.wire -  >> "/Producer (Skia/PDF m116 Google Docs Renderer)>>[\n]"
05:56:06.091 [main] DEBUG org.apache.http.wire -  >> "endobj[\n]"
05:56:06.091 [main] DEBUG org.apache.http.wire -  >> "3 0 obj[\n]"
05:56:06.092 [main] DEBUG org.apache.http.wire -  >> "<</ca 1[\n]"
05:56:06.092 [main] DEBUG org.apache.http.wire -  >> "/BM /Normal>>[\n]"
05:56:06.092 [main] DEBUG org.apache.http.wire -  >> "endobj[\n]"
05:56:06.092 [main] DEBUG org.apache.http.wire -  >> "5 0 obj[\n]"
05:56:06.092 [main] DEBUG org.apache.http.wire -  >> "<</Filter /FlateDecode[\n]"
05:56:06.092 [main] DEBUG org.apache.http.wire -  >> "/Length 3887>> stream[\n]"
05:56:06.092 [main] DEBUG org.apache.http.wire -  >> "x[0x9c][0xed]]Y[0x8e][0x1c][0xc7][0x11][0xfd][0x9f]S[0xf4][0x5][0x94][0xca]}[0x1][0xc][0x3][0x1c]6G[0xdf]2x[0x3][0xdb][0x12]`@[0x1f][0x96][0xef][0xf]8r[0xab][0xca][0xac]fW[0xbc][0xae][0x9a]i-[0x90][0xa8]aS3Rn[0x11][0xf1][0xe2][0xc5][0x92])u[0x91][0xf4][0xeb];E[0xbf]E[0xab]/[0xff][0xfc][0xe5][0xe5][0xbf]/"[0xb8][0xf2][0xdd][0xfe]I[0xdf]T[0x97][0xfc][0xeb][0x1f]?\[0xea][0x1f]~[0xfd][0xf9][0xe5][0xfb][0x1f][0xcc][0xe5][0xe7][0xff][0xbd][0xe4][0x9f][0x87]d/Jis[0xf9][0xf5][0xdf]/?[0xbd][0xfc][0xb8][0x19]![0xe8][0xfc]7[0x8d]![0x92][0x8f][0xfe][0xd2][0xf][0xda][0xe5][0xf1]n[0xbf]9[0x8f][0xed][0xa5][0x16][0x9e][0xfe]J[0x17]k[0xef][0x8e][0xaf][0xa4][0x11][0xce]k[0x9f][0xd4][0xc1]y[0x84][0x8b]F[0x6][0x9d][0xc0][0xe9][0x8c][0x13]J;[0x93][0xc2][0xc1][0xe9][0xbe][0x13][0xca][0x7][0x15][0x83][0xa5][0x11][0xb0][0x19][0xbd][0x17]>F[0x19][0x8f][0xee][0xcf]*[0x17][0xa3]#[0x1]c[0xd3][0xa5]([0xb4][0x93]![0x1d][0xde][0x9f]1[0xd6][0xd0][0xf6][0xc0][0x3][0xd5]:[0x89][0xa8][0x8c]=[0xbc]=m[0xa3]O![0x81][0xdb][0xd3]^[0x9][0x13][0xbc][0xf2][0x87][0xb7][0xe7][0xa4]"}[0xa3][0xf5]b[0xf3]%-[0x92][0x89][0xd1][0x1e][0xdd][0x9e][0x8c][0xca])i[0xd5][0xa8]-[0xfa][0xfe]|F[0xa6][0xb2][0xc2][0xa3][0xe2][0xa3][0x19],[0x19][0x84]1[0xe0]t[0xda][0xb][0xe9][0xad]>n[\r]2:[0x1f][0x82][0x4][0x8f][0xd3][0xb8] [0xb2][0xb1][0xbb][0xc3][0xc6][0x90][0x82]I[0x8e][0xc4][0x81]m/X[0xa1]b[0xf2]G[0xa5][0xf7][0x1d][0x99][0x92][0x8e]t[0xa2][0xa8][0xf4][0x92][0xa4]?is[0x14]3[0xc9][0xf6][0xa4][0x96][0x11][0x95][0x9e][0x95]A[0x18][0xe5][0xe4]qc[0xb0]ZJ[0xa7]'[0xe9][0xed][0xcd][0xa7][0x8d][0x88]![0x1c]v[0x9][0x4][0x9d]u[0xa0][0xf8][0xac][0x95][0x82][0xbe][0xac]9n[0xec]1h[0xd2][0x17][0x8f]i[0xa7][\r]ZHi[0xd4]qu[0x91]d[0xe9][0xbe][0xce][0x3][0xcd][0xe8][0x8a][0xf7]s[0x87][0xc1][0xd3][0x85][0x98]$[0xa1][0x19]v[0x9e]$ir~[0xe4]K[0x8e][0xfb][0xbe]@[0xe][0x94][0xb6][0x8][0xce]g[0xc8][0xf5]%u[0x18][0xac][0xc9][0xf5][0xa9][0xec]kA[0xf1]9[0x9f]][0x9f]9[0xcc]$[0xb2][0xeb][0x8b]yw[0xe8][0xf6][0xa2]%[0xd7][0xe7][0xfd]a0[0xd3][0xd6]:[0xa3]P[0xe9]y[0x99]]_:[0x81][0xd5]N:"J[0xca]b[0xc7][0xe9][\r][0xb9]>[0x2][0x88][0xc3][0xd6].C(T[0x2][0x4]Oo[0xb3][0xeb][0xb3][0x87][0xc1][0x9a]f[0xa8][0xd6][0x7]N[0xe7][0xb3][0xeb][0xb][0xe6][0xa8][0xed]e[0xd7][0x97]"[0xed][0xcf][0x81][0xf3]E[0xfa][0x97][0x8c]TG[0xc1][0x8c]\[0x9f]![0xb2][0xa5]@O[0x1b][0x14][0xb9]>R[0x96][0xa3][0xca][0x99]]_ ,[0xd4][0xe0]q[0x6][0x93]][0x9f][0xb3][0x87][0x89][0xb]Q[0x91],>PYH[0xab][0xc8][0xf5]EuT9[0xb3][0xeb][0xb3]:[0xf3][0xf8][0xe7][0xf0]@I`h[0x85][0xf6][0xce][0x1b][0xa2][0xe8]B[0xe7][0x93]u[0x1f][0xc6][0x2]i[0xb6][0x90][0xa1][0xde]!s[0x9d][0xa4][0x80][0x92]XO$[0xe9]Q[0x10][0x80][0xcc]v[0x92][0x0][0xd2][0xce][0xa2][0x12][0xca]F[0x92][0x15]0[0xdb]I[0xfe][0x97][0xcf][0xd1][0x89][0xe8]H[0xf2][0xc8]l'[0xd9]_[0xde]["[0xbd]L[0xa4][0x8a][0xfc]lg[0xc9][0x1f][0xcd][0xe6][0x94][0xa0][0xc9]"[0xb2][0xb7][0xb3][0xd4][0x8f]fK4[0x2][0x85][0xce][0xd0][0xde]N[0x12]?yQ![0x11][0xda][0x92]R"[0xb3][0x9d][0xa4]}4[0x1b][0xa1]Q[0x8c][0xa0][0x9][0x9c][0xe4]|t[0x92][0xca][0x88][0xec]Z[0x11][0xb]8K[0xf9]de9[0x11];[0xc9][0xb3][0x84]/[0xcb][0x8d]$[0xef]e[0x82][0xf6]v[0x92][0xef]e[0xeb]V[0x84][0xea][0x1][0x81][0xc9][0xb3]d/O[0xe6][0xe9][0x87][0xd8][0xd6][0xce]r=y[0xf1]J[0xf8][0x0][0x1a][0xf7]Y[0xa6]G{[0xd3][0x9]v[0x1]gy[0x1e][0xcd]F#[0x90][0xd3][0x81][0xc][0xe0],[0xcd][0xcb]r#[0xf7][0x6][0x2][0xd7]Y[0x92]'/[0x9a][0x8c][0x1b][0xd3][0xc8][0xb3][0xc][0x8f]vFJ[0x82]Mu[0x92][0xdc][0xd5]C[0xa4]/HA[0xce]r[0xbb][0xac][0x8e][0x81][0xfc]>[0xb6][0xb5]:[0x8b]V.P@[0x96][0xb7]HsS[0xc4][0x99]g[0xb9][0xf9][0xe6]:[0xcb][0xeb][0xd7][0x97][0xef][0xdf]H[0xff][0xfc][0xe5][0xeb]O/[0xea][0xb2]$[0xe2][0x85]q[0x5]P[0xbe][0xfe][0x92]I&I[0xa8]F[0x8]_[0xff]u[0xf9][0x9b][0xa4][0xe8]KJ[0x9b][0xbf]R[0xfd]r[0xfa][0xef][0x97][0xaf][0xff]y[0xf9][0xf2][0xf5][0xce]p[0xd6][0x17][0xc5]#[0x1b][0xde][0x1d]V[0xb9][0xfd]a[0x1c]YK>[0x82][0xfd]A[0xbe][0xec][0xf][0xe2]Ca][0x86]Y[0x8b]y[0xa3][0xad][0xc5][0xbe]=[0xfa]|[0xa5]/[0xc7]o[0x95]|T[0x95][0xd8][0xee][0xe8][0xe4][0x19]$[\r]VF,[0x7][0xf9][0xc6][0x8c][0x9a]Yp[0xa2][0x18][0x1b][0x93][0x8b][0xf3]e8[0xad]D[0xc9][0xaa]d=i[0xf3][0xa6]aG[0xaa][0xcf][0xc9]W3[0x9e][0xa2]U[0x86][0xe][0xc4][0x99]z[0xd4][0xce][0xec][0x1f][0x88]I";[0x5][0xee][0x9c][0x89][0xc9]JC{5a8"[0xc7][0x92]W-M:[0xa1]]fX[0xf4]e[0xdb][0xe8][0xcc][0xc8][0xca][0x12][0xc]V![0xec][0xaf][0x94][0xc6][0xd4]y<[0xd2][0xc][0x1d][0xeb][0x9f][0xeb]|[0xfb][0xe3]k[0xe2]E&C[0x3][0xb3][0xf4][0xbc]lY[0x86]R^[0x94]x?.Za[0xe2]:w[0x99][0x9f][0x9b][0x93][0xd8]}%[0x0][0xcc][0x9c]u>Z[0xa0][0xcb][0xa5][0x8a]U[\r]u[0xa8]+[0xea][0x1b]5U[0x15][0x9d][0xad][0xa6][0xb3][0xac][0xeb][0xba][0xa7][0xa1]s[0x1][0xec]9[0xb8]G[0xeb]u[0xa9][0x99][0xee][0xb5][0xd9][0x1b][0x0][\n]"
05:56:06.092 [main] DEBUG org.apache.http.wire -  >> "[0x14][0x9f][0x90][0xd3][0xf1][0x1c][0xfe][0x15][0xbc][0xb9]Vt([0xc3]6[0xcc][0xb1][0x9f][0x19][0x1d]SNx[0xcb][0xeb][0x98][0x9b][0xc][0x8c][0x87]JE[0x2]q5h[0xe4][0xed][0xe2]-[[0x1a]3[0x1e][0xc5][0x95][0xb9]he[0x18]S[0xf0]][0xfd]+[0x8a]EQ[0xd2]o[0x83]^[0xd0][0xda][0xf5]k[0xb5]l}[0xcd]6[0x98]?[0x19][0x9d][0xa5][0x8]Z+Vg[0x8b][0x19][0xfa][0xb6][0x1d][0xc5]`[0x90][0xf6]B[0xe5][0xfd][0xbc][0xf][0x6][0x99]\[0x11][0xa4][0x81][0x98][0x15]*Z[0x9d][0xb2][0xed]3[0xec][0x19][0xc8]T[0xaf][0xfd]C[0xf3][0x2][0xff][0x17]/[0xf8][0xbd][0xf0][0x82][0xa9]*[0xff][0x87][0xa5][0x5][0xaa][0x83]F[0xb6][0xf6][0xfd]!#a7[0xaf]][0x8e][0x81][0xe8]dD[0xc9][0xd2]r[0xc][0xc3]5[0x94][0xee][0x1a][0xe6][0x17][0xa1][0x19][0x8a];2[0x91]0[0xab][0xd0][0x18]7[0xad][0xac][0x15][0xac]O[0xd0]][0xd3][0xdc][0xa0][0xd7]t<n[0xcf][0xf7][0xce][0xbd][0x12][0x1e][0xd7][0xcb] D[0x84]d[0xf8][0xb8][0xf7]N[0xc2][0x3]n[0xd1]=`[0x7][0xd9]s[0x97][0xee][0x9e][0x93][0xa0][0xa8][0xbc][0x16]d[0xed]9[0xdc][0xdd][0xd7][0xa2]k[0xd5][0x1a];H[0x88]SO-[0xc9]X3[0xe]1[0xb6]j[0x9b][0xe0]c5[0x7]NJ[0xda][0x6][0x0]hMW[0x1f][0xb9][0xaa]R[0x11][0xdc][0xb5][0x3]0[0x3]4[0x99]rq[0xb6]%?W"A(][0xbf][0xba][0xeb][0xb6][0xed][0x9f]i2[0xb9]kgS[0x93][0xd0]s[0xd0][0xf6]Q[0x17][0x1e]Hy[0xcb]p[0xfb][0x8a][0xc6][0x90][0x1f]/!3][0xf5][0x95]-m=[0xe7][0xb4][0xde]*[0x1b]uv[0xf0][0x9f][0xd7][0xce][0xc]x[0xc2][0x1][0x98][0xe8][0xc8][0xa9][0xca][0xb0]it[0xd1][0xf7] %[0x90]i[0xb1]N[0xab][0xac]^[0xf][0xd8][0xcf]9[0x14]oD[0xcc][0xb1]&[0x87]T[0xaa][0x99]lhH[0xc0][0xb0][0x18][0xe2][0xe5][0xad][0xa2][0xb2]?l5[0x95] lu[0xc8][0xab][0x1f][0xc4][0xe]\[0xdb][0x88][0x0][0x8e][0x8d][0x8b][0xcf][0xcd][0x89][0xc9][0xed]D[0xaa]}[0xc6][0xee][0x87][0x0][0xa0][0xc8][0xc1][0x19]d[0xdd][0xf5][0x16]qt%z[0xc3][0xdc][0x9c][0x95]F [0x92][0x91][0xc3][0xea][0xdd][0xb2][0xcf][0xfb][0xc3][0x12][0xa1][0x2][0xac][0xbb] gZ[0x87]_W[0xcd]K[0x85][0xdc][0x8b][0x8]|`f[0xe3][0xf6] [0xd8]r[0xf3]sx[0x89][0x1a]L[0xb3][0xe9]GA[0x83][0xee]H@[0x1][0xd2]VJ[0x1]\[0xfc][0x91][0xc7]si[0x9d][0xc7][\r][0xc7][0xce][0xce]A1[0xb0][0xd3][0xb9][0xde][0x86]I[0xb3][0xfb][0xc3]v[0xf4]J[0xdd][0xfb][0x19]cw[0xde][0xe6][0x1e][0x8c][0xc8][0x4])[0x93]^&f[0xc8][0x94][0x4][0x10]8.[0xb0][0xac][0x6]}[0x8c][0xa3]n[0xa2][0xd6][0xe5]D[0x0][0xac]k`[0xed]][0xee][0xf5][0x90][0x98][0xe1][0x89][0xad][0x1][0xc3][0xeb]/+g[0x81]V[0x9d][0xaa]o[0xe6]"Z[0xbf][0x88]P[0x11][0xc3][0x1d][0x13]-[0xf7][0x11][0x97][0xb1]i[0xe3][0x85][0x2]@[0xf][0x6]t[0xb6][0xdd][0xe3]9[0xde][0xde][0xf6][0x84][0xa6][0x94][0xd5][0xbd][0x8e]+^[0x14][0x8b]>U[0xe3][0x4][0x99][0xaf][0x17][0x8a][0xb9]xC&Lt[0xa2]fJ[0x1f][0xc4][0xc2]{9[0x7][0x7]E[0x1]Kl5`[\n]"
05:56:06.092 [main] DEBUG org.apache.http.wire -  >> "[0x8a][Z[0xe6].[0x16][0xc9][0xe6][0xf4]:[0xdf][0xee][0xf0][0x8][0x4]F:[0xd3][\r] )_F[0xa1][0x80]T[0xcf]"I[0xa3][0x1b][0x9f][0xb6][0xc0][0xc][0xeb][0xbc][0xad][0xe0][0xd3][0xaa]z[0xc0]D[0x17][0xa6][0x99][0xad][0xeb][0xc5][0xeb]ISF[0xf7][0xb8][0x97]m[0x99][0x9b][0x8c][0x9e][0xc6][0xff][0x8b][0xfc]Wv`[0xb4]([0xed][0xab][0x11][0xb6]k![0xfa][0xa9][0xa7]iHYs[0x82][0xd6][0xcc]g[0xd5][0xb0][0xb3]u[0x8a]L[0xe0]d[0xea][0x91][0xb3]1[0xac][0xf4]EC[0xd9]h[0xad]U^8[0x1b]U[0x9a]H[0x6][0xcf][0x89][0x16][0xae][0xfe]:[0xed][0xd2][0xca]|[0xd3]`[0xde]%3_[0xd4][0xa2][0xee][0x9c]%[0x6][0x93][0xb7][0x96][0x1c][0xe9]v[0xad][0x1b][0x80][0x8f][0xec][0x9b][0xdb],'[0xde][0xb6][0xb5]p{d[0xaa][0xd4][0xba]S[0x1e][0xd8][0x0][0x97]zW5[0x12][0x1][0xb]*[0x9f]7[0x10]m[0x1f]a[0xd6]Q[0xa0][0x9][0xa4][0x7]s[0xc2][0xd6];D[0xb2]n`,[0xee][0x0]{qV[0xb5][0x9e][0x16][0x8c][0xf6][0x85]Ia[0xef] [0xd3][0xd4][0x90][0xf8][0xb4][0xc][0xe0]!v[0xc5][0x85][0x95][0xc7][0xfc]t[0x84][0xc8]z#8iCp[0x92][0x9c][0xb9][0xe8][0x82][\r][0xaa][\n]"
05:56:06.092 [main] DEBUG org.apache.http.wire -  >> "j[0xf2][0x16] [0xb3]W![0xf7][[0xc2]G[0xd8]sjkP[0xcb]E[0xcf][0xba][0xd4][0xe1]~/[[0xce][0x10][0x0]dM[0xc7][0x80][0xa5][0x90][0xf][0xb3]h[0x8c]S[([0xae].[0x85]+1[0xc8][0x9a][0xae]}[0x1f][0x8e]fi[0x1b][0xd9][0xbb][0x2]J[0xba]D2~p[0xd1][0x8f][0xe0][0x0][0xd1][0xfb]ZA[0xe0][0x13]Nw[0xa9][0x1a][0xdb].[0xfc][0x14],[0xd8][0xd5]2[0x96][0xf4][0x91][0xc7][0xe2][0x8e]JC[0x85]o[0xa3][0xd6]![0xc7][0xc8][0x8c]O[0xf9][0x7][0xe1][0x80][0x88]o[0xc9][0x2]q[0x94][0xc4]D[0xc1][0xd2][0xad][0xc9][0xf9][0xad][0xcc]j[0x97]w[0x0][0xc1][0xc3]j`[0x95][0xc5][0xf5][0xff]Hn[0xa7][0x1d][0xd5][0x89]K[0x8]z[0xf][0x10][0x86][0x1b][0x86][0xd5][0xbd][0xfd]'[0xe]9$[0xe2][0xd1]'sC [0x98])bhc[0xf1][0xe9][0xb8][0xeb]`[0xc5]=[0xb9][0xf3][0x10][0x89]H[0xa5][0xf9][0x83]S[0xa5]-=[0xe4],@[0x1a][0x4][0xee][0xcd][0x98][0xf6]j+[0xe7][0xe8] [0x5][0xb8][0xc2][0xf3][0x90][0xd7][0xcf]|.[0xfa][0xb0][0x17][0x8][0x9e][0x83]?[0xa0]aj[0xac][0xac][0xb1]pQ[0xc5][0xf][0xe9][0x92][0xd0]H80j[0xec][0x95]wk)![0x1d]p[0x87]:[0x1f][0x9c][0xeb][0xb1]9[0xeb]w[0x1e][0xe5]a[0xb9][0xd5][0x1b][0x12]T+[0x98][0x92][0xb3][0x9d][0xd1][0xc9]}j[0x8e][0xa4][0xdc][0xb1][0xd8][0xe6][0xa0]@@[0xd1].[0x96]0[0xff][0xa3][0xeb][0x17][0xc9]?[0xc4]<@[0x9c]7[0x14][0x1e] =$j[0x16][0xbd][1[0xdf][0x91][0xab][0xad]7[0xc2]n[0xb7][0xc4][0xcb][0xd0]R<]o[0x81][0xec]o[0xab][0xab][0x1b][0x93][0xb3][0xb1]d @[0xc1]e!SWL[0xd3][0x9c][0xd4]H[0x9e]k[0xb1]d[0xdf]x[0x9a][0x19][\r][0x84][0xbd][0x8f][0xf4][0x1c][0xf0][0xea][0x90]`[0x9a][0xc7][0xe9][0xa1]<[0x10]x{S:?[0xd9]([0x0]d[0xbf][0xc9][\n]"
05:56:06.092 [main] DEBUG org.apache.http.wire -  >> "[0x1b]<[0xdf][0xfa][0xf0]Q[0xba][0xa7][0xa2][0x11]d([0xac][0xe5][0x1e][0xc9]^Z[0xda][0xdb][0xc9][0x10][0xf1][0x1d][0x98][0xac]NA[0xc8][0xc0][0xf7][0x7]?[0xe0][0x81][0x8c][0x9]H[0xf1][0xe5][0x88][0xaf]0Y![0xf8][0xfe][0xad][0xa5][0xc5][0xa6][0xf][0xfd][0xca]k[0xae][0xcd][0x9d]@[0x0][0xa9][0x1c][\n]"
05:56:06.092 [main] DEBUG org.apache.http.wire -  >> "[0xb1]K[0xd0]5&v[0xd5]:}[0xf1][0xb1]7i$[0xf6][0x1a][0xe0]o[0x1f]!u[0x15][0x6][0xc][0x9e][0x9c]7[0xd2]Q[0xb7][0x1c][0xc3][0xd2][0xfc][0x3][0x10][0x3][0xa9]J[0xd9][0x9f]m[0xfa]`[0xbb][0x1d][0xa4](w[0xa0]9[0xae][0x1a][0x6][0x86]}][0xca]9[0xe4]x6[0xa9][0xd8]X[0x83][0xbf][0x91]&[0xe4]N[0x9d][0xbc][0xb7][0xbd][0x9c][0xd8]|[0xfd][0xf2]y[0xfd]']3[0x1]/Fq[0xa2][0x91]@[0xe8]3(~S$#{[0xeb][0xc7]MF[0xe7][0x81][0x92][0xa4][0xca][0x84][0x18][0xe8]'[[0xba]+[0xb2][0xb5][0xed]UH[0xa6];[0xa8][0x15]H>[0xbc]@[0xd2][0x95]m[0xec][0xf8][0xa8][0xa5]C.A[0x19][0x90]j[0xc3]#[0x81][0x90]V^ [0xba]|[0x7][0xd0][0x9b]^[0xfb] [0xe6]S[0xbb]Qk[0xb0]N`[0xac]n[0xd7][0x8b][0xf9].[0x7];[0x0]e[0x1f][0x1e][0xb0]^K[0x80][0xa9][0x81][0x14][0xec][0x12][0x9c][0xf2][0xb1][0xb8][0xd5]V$[0xcd][0x86].e[0xc8]/[0xc3][0xd0]h[0xf1]$$[0x84]_}[[0xec][0xec]-[0xf0][0xe7]6[0xf8]|[0xb0][0xfe]([0xed]E4|[0xce]q[0x85]F.[0xec]6E[0xb2][0xef][0x99]{PI#[0x1d]%k[0x8e][0x1f][0xb0]b[0x8a][0x0]Z6[0xf5][0x1d]u[0xfa][0xd5][0x1b][0xac][0xb9])"[0x14][0x11].[0x89][0xb7][0xeb][0x92][0x16][0xa0][0xc8]Tm[0xca][0xf7]#[0x1d][0x1c][0xd2]il'AP[0xb5]i[0xe4]cS[0x4][0xb9]X[0x9][0x98][0xf3][0xe9]i,[0xe9][0xaa][0xe3]3[0x11]Mh[0xcd]T[0xc8][0xd9][0x9b]['E[0xa0]_[0x0][0x1e][0x9a][0x1f][0xb7]1<[0xbc][0x2][0xe1][0x94])[0x17][0xb8][0xb7][0xdb]f[0x4][0xe8][0xac][0x13][0x8]qiJ[0xd4][j[0xd6]L7[0xfb][0xca][0xc4]s[0xd1][0xac]E[0xd1][0xf9][0xe8][0xcb]g[0xc4][0x91][0x8a]b4[0xa4][0xe5][0xbb]x[0xb9]5[0x82][0xdd]r[0x93][0xd6][0xb5][0xb3][0xed][0xa4]ZU[0xd3][0xc7][\r][0xaa][0xb2][0x97][0xa1]HDH<1[0xf9][0xc7][0xba]W[0x95]z[0x1e]B.dgOp[0xd3][0x83][0x1d]Oc[0xfa]n[Jy[0xb0][0xc7]4,W[0x88][0xf8][0xba][0xca]R[0x15][0xe6]9Dn3[0x83][0xaa][0xe1][0x9f][0xe4]X~[0xa5]3[0xbf]U[0x88][0x1d]w[0xb6]\[0x3]}[0xcc]Q[0xdc]5[0xc8];[0xce][0xc2]0y[0xc8]o[0xd5]l[0xc6][0x82]v(Y[0x9f]p[0xb][0xaa][0xdc]1[0x9a]L[0xc3][0x81][0xb2][0x8][0x98]Z3[0x19]\x[0xc0][0x9c][0x85][0xcd]E[0x8f][0x12][0x81][0xfd][0xf]u[0xa4][0xd6]k8[[0xed][0x86][0xe1][0x9b][0xb4]r[0xf][0xf3][0xb7][0xb6]g[0xee][0xd3][0x93]9[0xcf][0xc3][0xe9][0x9e]b[0x1a][0xd7][0x1a]d[0xbb]X[0xb6]L[0xd1][0x1]Wb[0xf][0xdf]7o[0xcf][0xd6][0xb0]T[0xf5][0x1][0xdd]R[0xc9] E[0xc1]b}[0xe9][0x1b][0xd6][0xc7][0x14]d[0x9][0xad][0xa1]k[0x9c][0xdd]=[0xb6][0x88];[0x88][0xec][0x15][0xb6][0x17]e[0xdf][0x0]SQP[0x8d][0xf9]P[0x8e]t[0x9]9[0xf6][0xb7][0xf2][0xda][0xb4][0xa7][0x1b][0x17][0xd3]Ro[0xf3]u[0xbc][0x9c]I[0x7]R[0xe1][0xd8]Ub[0xce][0x90][0x95][0x0][0xc2][0x1d][0xb8][0x8f]&[0xd1]JX[0xe7][0xd0][0x8f][0xbb][0xdf][0xf8][0xbb][0xf2][0x3];[0xcb][0xb9][0xcb]3][0xec][0xf3][0xfb]X[0xbf][0xcd][0x8d][0x95]v[0x95][0xa3][0xa8][0xf5]^[0xae]m~][0xeb]9[0xac][0xe7][0xda]i[0xa2][0xd9]h[0x19][0x18][0xa9][0x98][0x84][0xe5][0x1b][0xed]l[0xf7][0xa6]^XY[0xe9][0xe0]#[0x9d]r[0xf9][0xed][0x1c][0x13][0xf9][0x86][0xcb][0xb3][0x18]OD[0x97][0xc2][0x7][0xde][0x15][0x82][0x9][0x83][0xdc][0x10][0x8c][0xdc][0xc7]M[0xb5])8_q(O[|[0x6][0x1a][0x80][0xbd][0x85]:>[0xc0][0x9a][0x84]N[0xe][0x9][0xa6][0xf5][0xdb][0xa0][0xd8]@.[0x8c][0xc8][0x12][0xd2]Q[0xa8]?[0xcb][0x89][0x1e]g[0x97][0xc4][0xe][0x1d]UI[0xee]p/[0xe6]|[0xea][0xf5][0x87]o[0x4][0xa8]=[0xfd][0x6]L[0x97][0x9b][\n]"
05:56:06.092 [main] DEBUG org.apache.http.wire -  >> "[0x93][0xe2]k[0xe0]([0xb6]:[0xdd]^[0xf3][0xdc]_[0xfd][0xf2][0xde][0xcf][0xc][0x84][0xcb][0xca][0x81]0[0xdf]&[0xa8]+[0xfd][0x1c][0xe6]N[0xef][0xf6]=[0xa7][0x1a][0xe7]Q|[0x19]*[0x9a]k'[0x18][0x1b][0x8f]CMF[0xfd][0xfa]XgyLG[0x10][0xe9][0x8f][0x8]@Y[0xed]~[0xca][0xe3][0x1e]l[0xd9][0x8a][0xc9][0x8f]R[0xb1][0xf6]H[0xc2][0x8d][0xac][0xc3][0xb7][0xe4]~[0xf][0x88]"T[0x94]w[0xeb][0x96][0xba][0x8b][0xec][0x1d]n[0x10][0xfb][0xb3]Q[0xa4][0xc0]s[0xa9][0xf1][0xd6][0xf8]V[0xe8][0x9c][0xa1][0xe4][0xbc])[0x97][0xf3]t[0xa6][0x8f]XZy[0xdc][0xfd]([0xa7]`[0xc8][0x95][0xd6]H[0x9f]$t[0xf9]w~ [0xf3]iTj[0xc9][0x9e][0x1][0x81][0x13][0x5]!H[\n]"
05:56:06.092 [main] DEBUG org.apache.http.wire -  >> "[0xa3][0x87]e[0x93]:H[0xbc][0x92]`T[0x8f][0xb6]y*?u[0xee]np[0x1b]y[0x12] ([0xa4]'m[0xba][0xde]>[0xb6][0xaf]3[0xbd]i[0xda]"W[0x0][0x99]L[0xe3][0x9a]q[0xb2]5u[0xa0][0xb7]?[0x95][0xa5][0xc0]_[0xcd][0x91][0x8b][0xeb]\{[0xfe][0xf3]C[0xcd][0xce][0xe4]p[0x15][0xec]l[0x8c][0x93][0x14]I[0xf6][0x9b][0xc7][0xf6][0xba][0xea][0xa0][0xdd][0x8c][0xc4][0xf0][0xcb][0xb2][0xb9][0x1b][0x9d][0xef][0x90][0x90][0xb4][0x89]p2i[0x96][0x17][0xee]'[0xe][0x81][0x8e]cc[0x5][0xd0][0xc4]r?[0xf1][0xc9][0xbe][0x90][0xfb][0xbc][0xc6]=$C [0xbb][0xe][0xbc][z&X([0xfb][0xfa][0xa1][0xa9]?[0xda][0x92][0x90]@[0xdb][0xc4][0x3]I[0x1c]&[0xe2][0x9d]_&~[0xde][0xfb];[0xd3][0x9b][0xe]r)[0xd2][0x14][0xa0][0xd2]+[0xba][0x18][0xf1][0xd8][0xb5][0xfc][0xe8]+[0xfe][0xc1][0xcf][0x18]Ts[0x8b][0xcd]vnnt[0xa0][0x17]Il6X[0x0]4O[0xc6][0xc3][0xda]8[0xa4][0xd5][0x11][0x8e][0x87]s[0xa6][0x99]/[0x1b][0x97][0xd7]"[0xb9][0xe7]*[0xa2]C[0xae][0xe7][0x95][0xf7][0xa2]zq[0xbb]5[0xab][0xa9][0x91]Y[0xc5][0xf1][0xbd][0xa8]{[0xd9]A[0xf]\Y_[0xba][0xdb][0xf3]'[0x9b][0x18]T[0xb5]8[0xc6][0xc][0xd9][0x1e][0x15][0x9d][0x14][0x97]c[0x97][0xad]G[0x1][0xbe][0xb6][0xf8]>[\n]"
05:56:06.092 [main] DEBUG org.apache.http.wire -  >> "[0xe9][0x14]9f[0xde][0xed][0xe8][0x9e][0x90]m=N[0xf6]3[0xe3][0x12][0xe6][0xd7][0xc5][0x9f][0x2][0x17]z[0x8c]P[0x12][0x98][0x1d][0xb0][0xc2][0x2][0xad][0xec]zic[0xaf]0j{4[0xb8])[0xd5][0xfa][0xed][0xf3][0xac][0xdc][0xfc][0xe4]8[0xb3][0xd3][0x87]r[0xe3][0x8][0xdd][0xcd][0x5]}[0xe4][0x8d][0xba][0xbb][0xcf][0x11][0x8f][0xef][\n]"
05:56:06.093 [main] DEBUG org.apache.http.wire -  >> "[0xb2][0x84][0x97]TV![0xd5][0xef][0x93][0xc]P%[0x5]][0xc8][0xf9][0xc8][0xc4]B[0x86][0xad][0xdc][0x9][0xcb][0xdd][0xcc]x0[0xb1]`[0x88][0xa3]"[0x17]>[0xe2]j~[0x95][0xa6][0xf0][0xd5]I[0x4][0xfe]7[0xa1][0xc8]x8[0xe]z[0xf0][0xce][0x8][0xa0][0x1f][0x1a]T^'-[0xf4]n[0xd7][0xe6][0x2][0xc4][0xd2]z[0xb9][0x0][0xee][0x1e],M[0xff][0x1b][0x82][0xe7][0xc0][0x92][0xab][0xf]7[0xb2][0xaf]2G$[0xfc]4[0xc3][0x14]4[0xd4][0xa0][0xb2][0xc4][0xd9][0x9b]H[0xaa]hB[0xbb]]bz[0xa1]s[0xee][0x15][0x92]kb[0x19]A[0xa8][0xe0][0xa1]$[0xca][0x3]m[0xf9]9Y[0xcf]3[0xe1]3[0xcd][0xa6][0xf9][0xc1]l[0xe4][\r][0xa7][0xa6][0x8d][0xac][0xd1][0xcb][0xf0][0x9e][0xd7][0xe6]M[0xbe][0xf1][0xc][0x94][0x8b][0xdb][0x8d][0xff][0xe9]iO.[0xc4]O[0x12][0x91][0xd6][0xd8][0x81][0xc8]>[0xa3][0xa7]=[0xfc]:_ZW[0xcb][0xa5][0x93][0xac][0xb7]H/[0xc4];d[\n]"
05:56:06.093 [main] DEBUG org.apache.http.wire -  >> "~|[0xf9]?y[0xad][0x0]7[\n]"
05:56:06.093 [main] DEBUG org.apache.http.wire -  >> "endstre"
05:56:06.093 [main] DEBUG org.apache.http.wire -  >> "am[\n]"
05:56:06.093 [main] DEBUG org.apache.http.wire -  >> "endobj[\n]"
05:56:06.093 [main] DEBUG org.apache.http.wire -  >> "7 0 obj[\n]"
05:56:06.093 [main] DEBUG org.apache.http.wire -  >> "<</Filter /FlateDecode[\n]"
05:56:06.093 [main] DEBUG org.apache.http.wire -  >> "/Length 4623>> stream[\n]"
05:56:06.093 [main] DEBUG org.apache.http.wire -  >> "x[0x9c][0xe5]][0xc9]n$[0xc7][0x11][0xbd][0xf3]+[0xfa]h[0x1f]&[0x95][0xfb][0x2][0x8][0x2][0x86][0xe4]P'[0x1f]l[0xcf][0xf][0x8][0xb2]$[0xd8][0x90][0xc][[0x96][0x1][0xbe]#[0xb7][0xda][0xba][0xbb][0xe2]UU[0xb3][0x0]IZ[0x86][0x14]gTY[0x99][0x19][0xf1][0xe2][0xc5][0xda][0xea]"[0xe9][0xef][0xf][0x8a]~[0x89]V_[0xbe][0xfd][0xe9][0xe9][0xdf]O"[0xb8][0xf2][0xd3][0xfe][0x95]~[0xa8].[0xf9][0xef][0xbf]|}[0xa9][0xdf][0xfc][0xfc][0xc3][0xd3][0x17]_[0x9b][0xcb][0xf][0xff]y[0xca][0xbf][0x1f][0x92][0xbd]([0xa5][0xcd][0xe5][0xe7][0xef][0x9e][0xbe][0xfa][0xf3][0xe2][0x9]A[0xe7][0xe8][0x19]"[0xf9][0xe8]/[0xfd][0xd7][0xa0]]~[0xde][0xf5][0xf][0xe7][0xcf][0xf6]R[0xb]O[0xa5][0x8b][0xb6]w[0x9f][0x1f][0xa3]p^[0x7]kw.#\42[0xe8][0x84][0xad][0xa6][0xa4][0x13]J;[0xab][0xc3][0xce][0xe5]>[0x8][0xe5][0x83][0x8a][0xc1][0xa6]0Y[0xd1][0xae][0xac]h[0xbc][0xf0]1J[0x9b][0xf6]n[0xd0]*[0x17]#[0xbd]2[0xb8]Cg[0x84]v2[0x98][0xbd][0xf7][0xf6]A[0x18]c[\r]m[0x10]=R[0x9f]DT[0xc6][0xc6][0xbd][0xfb][0xd3]6[0xfa][0x14][0x92][0xc6][0xce]SK%L[0xf0]z[0xff][0xf6][0x9c]T$q[0xf4][0xbe][0xd0][0xf6][0xb4][\n]"
05:56:06.093 [main] DEBUG org.apache.http.wire -  >> ""[0x99][0x98][0xfc][0xde][0xed][0xc9][0xa8][0x9c][0x92]V[0x5]p=c[0xf3][0x1b][0xda][0xdd][0xeb]yoI%[0x8c][0x1][0x97]sJHo[0xb5][0xda]}[0x9c]2:[0x1f][0x82][0x8c][0xe0][0xf5]E[0xfa]C[0xda]'[0xb7][[0x1b]R0[0xc9]E[0xb]n/%[0xa1]b[0xda][0xaf][0xed][0xda][0xe9]H[0x7][\n]"
05:56:06.093 [main] DEBUG org.apache.http.wire -  >> "*[0xbb]1[0x92][0xbe][0xd3][0xfb][0xc1][0x8c][0x1e][0xa0]eD/[0xcf][0xd8] [0x8c][0xb2]i[0xef]r[0x1f][0x84][0xd5]R:-A]0[0xde][0x88][0x18][0x82][0xdf][\r]e[0xca][0xd7][0xfd][0x81][0xb7]g[0xa2][0x14][0xd6]Jk[0xf6][0xeb]z[0xc][0x9a][0xc4][0xc5][0x83][0xeb][0xa5] [0xa4]4j[0xbf][0xb8]HRt_[0xd7][0x81]V[0xb4][0xca][0x90][0xf9]si/[0x9a][0x9][0x17]b[0x92][0x84]f[0xe0]r$[0x9f]J7[0xb2][0xb0][0xcf][0xfa][0x5]e[0x1c][0xed][0x11][0xd3][0x7][0xeb][0x95][0xf0]I[0xa9][0xdd]`f[0x95][0xca][0xd6][0x16]].e[0xdb]g[0xd2]~03&[0xe6][0xdd][0x81][0xf2][0xe2]d6}[0xde][0xef][0x6]3B[\n]"
05:56:06.093 [main] DEBUG org.apache.http.wire -  >> "g[0x14]z{N{2}[0xc9][0xec]U[0xbf]l[0xfa][0x1c]Q%[0x85][0xae]g[0xb5]H[0x96][0xe0]s[0xb7][0xe9][0xb][0xa1]P[0x9][0x10]=][0xc8][0xa6][0xcf][0xfa][0xdd][0xe8][0xe9]}U?l9/=[0x99][0xbe]`[0xf6][0x12][0x97]l[0xfa]R[0xa4][0xfd]9[0xec]8[0x89][0xb3][0x8][0xc2]?[0xb5][0x17][0xcd][0xc8][0xf4][0x19]M[0xb7][0x7][0x82][0xb5]7d[0xfa][0x92][0x8e]Gl_ 0[0xd4][0xa0]2x[0xe7][0xe8];g[0xf6][0xae]'[0x8c].[0xd7][0x7][\n]"
05:56:06.093 [main] DEBUG org.apache.http.wire -  >> "[0x8b][0x8f][0xd9][0xf6]E}[0xc4][0xf6][0x11][0xed]!&[0x8f][0xad]G0$[0x88][0xc6][0xc7][0xdd]PVY[0xbc][\n]"
05:56:06.093 [main] DEBUG org.apache.http.wire -  >> " [0x8f][0xf][0xc6][0x91][0xed][0xdb]O[0xab]I[0xd9]I[0xd1][0xc9]4[0x80]\[0x82]h[0xb]Y/o[0xf6]bY[0xb6]}[0x99]v[0xd2]_ [0x15]<[0xe0]Y:g[0x85]qD[0xe3]/*[0x9][0x9d][0x85][0xd4][0xbd][0x9b][0x83]I[0xab]%%[0xb2][0x15]r[0xc0]j[0x87][0x1d]LI,[0xcb][0x8b][0xec][0xa1]@[0xcb][0x1d][0xf5].iw![0x8]o#[0x9d][0xf][0xb0][0xdc]Q[0xe7][0x92][0x96]#[0xbd]M[0xd9][0xea]![0xcb][0x1d]t-[0xe5][0x85][0xa8][0x87][0x88]YP[0xc][0xb0][0xdc]Q[0xd7][0x92]6G[0x4]9h[0xf][0xc9][0xe5]Q[0xc7]2[0xdf]\[0x14][0x16]<[0xca][0xa3]ne[0xd5]9M[0xf6][0x1c][0x91][0x93][0xa3]^e[0xbd][0xb8]B[0x1e][0x10]-8[0xea]Tf[0xa9][0xf4]"[0xd1]IBbr[0xcc][0xa7][0x94]t[0x17][0x8e][0xa8]Q[0x84][0x16];[0xea]Qf)[0xd1]t[0xf3][0xb4][0x1c][0xb2][0xda]A[0x87]2c[0xa5][0x15]I'B~`[0xb5][0x83][0xee]d[0xbe]6C[0xb4][0x1]<[0xc9][0x83][0xce]d[0xd5]7C[0xfc][0x14][0xda][0xdb]AW[0x92]V[0xd3][0x4]~[0x90][0xf8][0x1f]u"[0xf3]9F[0xd8][0xe4][0x1c][0xf5]!%y[0x85]Fx[0xf2][0xeb][0x90]s<[0xea]A[0x92]9%T[0x8f]QC[0xf2][0xd4][0x81][0xcc]([0x99][0x84]4[0xe4][0x92][0x3][0xab][0x1d]u[0x1f][0xeb][0xbd][0xc9]L[0xd2][0x91][0xd5][0xe]z[0x8f]y5[0xc2][0xad][0xb2][0x6][0xb0][0xda]A[0xdf][0x91]P28A@[0x12]#[0xb2][0xda]A[0xcf][0x91][0xa4][0xc4][0x12][0xbd][0x7][0x91][0xe4][0xa8][0xe3][0x98][0xa5][0xc4][0xe5]H[\n]"
05:56:06.093 [main] DEBUG org.apache.http.wire -  >> "[0xb4][0xb7][0xa3]ncf%[0xe][0x96][0x92][0xa3]^c[0xb5][0x0]2[0xba][0x84][0xf0][0x84][0xa3]>c&[0xcb]Rdu[0x83][0xee][0xed][0xa0][0xcb][0x98]3ZR[0x90][0x98]A[0xf7]v[0xd4]a[0xcc]')[0xe1][0x93]<[0xea].f[0xed]N"[0x87][0x12][0x11][0xed]>[0xea],[0xca][0xb][0xd1]'`[0x99]jc[0xb4]r[0xe1]B[0xb8]LN[0xe][0xdd]_[0xf0][0xe5][0xf9]W?[0x1c][0x9f][0xff][0xfc][0xf9][0xe9][0x8b]7:4[0xf9][0xfc][0xfd][0x93][0xba][0xc]IRr[0x19]S&[0x94][0x9f][0xca][0xfe][0xaa][0xb2][0xa2][0x6]o>[0xff][0xed][0xf2]%[0x99][0xea] [0xc9][0x8b][0x92][0xd2][0xc5][0xf6]U[0xd2]W[0xfa][0xc5][0xbe]|u[0xf9][0xfc][0x8f][0xa7]O[0x9f][0xef]<[0xd6][0x85][0x86][0x89][0xab]O[0xb7][0xaf][0xf5][0xc9].[0xad]?[0x8d][0x18]F[0xd2][0xc5][0xd5]\}[0xdc][0xf0][0x92][0xbe]<[0x8e]$[0x8d][0xe][0xba][0x9c]][.[0xd6][0x97]w[0xb6]}[0x8d][0xeb][0xcb]*Bk[[0x17]X_W[0xf5]Ci[0xcf][\r]mk[0xf4][0xd5]=[0xe7][0x9f][0xad][0xaf][0xa3]u[0x10][0xa1]`:[0xbf][0xbd][0xfc]X[0xc5]<[0x8e]\[0x92]X[0x94][0xfd]j}=[0xad][0xf2][0xe6][0x81]?[0x8d]L[0xf0][0xf3]ipo[0xf9]Z[0x1e][0x13]D[0x89][0xe1]N[0xe][0xdf][0x95][0x9c][0x8a][0xb4][0xcf][0xeb][0xcb][0x18]C[0xff]kQ[0xb8]u[0xd1][0xf1][0xb3][0xbb]&k[0xd0][0x82][0x8e][0xc3]z[0x1f][0xe9]7[\r]}}[0xcb][0xf2][0x95]/c}][0xe2][0xc0][0xa4]=[0x92]`e}{Mv[0xaa],1[0x8f][0xb4]&g"[0x14]s[0x11][0xe5][0x91][0xa9][0x9f]N[0xfb]^[0xb5]-[0xba][0xc9][0xcf][0xcb][0xf7]}I6[0xa6]s[\n]"
05:56:06.093 [main] DEBUG org.apache.http.wire -  >> ">[0x94]Sn[0xea]&[0x89][0xb6]M.<[0x1f]~~[0xf5],[0xb6]JM[0xb6][0xc8][0xc8][0x99][0x8f]Dm[0x8b][0xd3][0xb9][0xbe]rS[0xe4][0x82]H[0xaf][0xf5][0x9e]G[0xe5]c[0x14][0x9b][0x14].[0x1b],V[0xb1][0xdb]mX[0xcf]<[0x8f][0xcc]-[0x4][0x14][0x7]uC[0xa5][0x88][0xe8]F[0xbb][0x10]"[0x8a][0xbe]x/[0xc3]2[0xa9]a[0x92][0x9d][0xdc]N[0xc3]*[0xfb][0x91][0xd1]~[0xba][0x96][0x14]r[0xc]g[0xfd]V[0xe2]RNW[0xc0][0x84]0=1[0x8f]{ko[0xaa][0xa6][0xa8][0xdd][0xde][0xb8]#[0x80]d[0x0]%j[0x11][0x8d][0xe3][0x14]{x[0xf3]f[0xe1]8[0x94][0xb5]F[0x9][0x95][0xbd]lP[0xb9][0x7][0x9c]r[0xae]P[0xa5][0xeb][0xbb][0x9f][0xc8]0[0xa3]"[0x8e][0xa8][0xb6][0xca]:[0xc2][0xab]H[0xde]V[0x1][0x93][0xd7][0xba][0x8c]bN[0xcb][0x91][0xe5][0xe][0x19][0xb4][0x1e]%[0xc9]|4[0xf8][0x1c][0xa0][0x9a][0x1e][0xf3]s[0x93][0xaa]8[0xfe][0xbc]o[0x88][0xfe][0xaf]L[0xbf][0xcc]dG[0xeb][0x7]F[0xec][0x19]R[0xfd]Gs[0x93][0x1c]K[0x4] LO9[0x89][0xc3]d@[0x93])[0xac][0xde][0xfa]:[0x81][0xa8]G[0x96]J[0xf4]g[0xba][0x97]ln[0xcb]~[0xda][0xda][0xec]z[0xe4][0xef][0xc4][0x12]AZ[0xdf][0x8a]kJ[0xff]Z[0xb5][0x94]}[0xec][0xe0](<[0x4][0xb2][0x8c][0x96][0xc2][0xe7]")[0xe6]-+[0x90][0xc6]b[0xf9][0x97][0x9a][0xd1][0xe][0xc5][0x8d][0x82]pGC[0xe6][0x9][0x8c]s[0xa9][0xbe][0x9c]h[0xcb][0xa7][0xf6][0xb2]q[0xae]%[0xc4]k[0x16]j[0xcf](I[0xc3]+[0x8e][0x9]=[0x9c][0xc0][0xa7][\n]"
05:56:06.094 [main] DEBUG org.apache.http.wire -  >> "f[0xdc][0xba]G[0x9][0xbc][0xe9][0xa1][0x84][0xc7][0x10]x[0xaf][0x85][0xf2][0x96][0xd3]?[0xfd][0xb1]^[0xd6]pA[0xf3][0xd3][0xbb]/[0xc8][0x8a][0xdc][0xd4][0x92][0xfc]9[0xf5]2[0xe8][0xc9][0x8][0x1b]6[0x8d]*[0xe]@]E[0xce][0x86]jmG`[0xe6][0xd4][0xdf][0xe6]H1[0xeb][0x82][0xea][0xd7]a[0x9][0xa5][\n]"
05:56:06.094 [main] DEBUG org.apache.http.wire -  >> "[\n]"
05:56:06.094 [main] DEBUG org.apache.http.wire -  >> "[0xcd][0xf6][0x8]"[0xa6][0xf5]^[0xb0][0x1e][0xb][0x88]36y[0x91][0x89][0x16]sN[0xba]s[0x15][0x80][0xbc]9m[0x11][0xd7][0xcd][0xe][0xf2]9A[0x0][0xb7][0x6]S[0xf3][0xc4][0xe7])0[0xe5][0xd4]L,[0xb3][0xeb]|[0xcd]r+[0x91][0xe2]C[0x14]5[0xba][0xcf][0x93][0xa8][0x97]~[0xd6],[0xcc]i@[0xc4][0xb7]RM[0x95][0xb3][0x94][0x95]5[0xbe][0x83]#y[0x7][0x83][0x8]:ud9[0xc0][0x11]/[0xcc][0xc8][0x9c]bg[0xe3][0x14][0x85][0xfb][0x9b][0xb9][0xe9][0xb7]L[0xc0][0x88][0x9e][0xd7][0xd0][\n]"
05:56:06.094 [main] DEBUG org.apache.http.wire -  >> "[0x93][0xa5])1[0xec][0xff][0xed]&[0xbb][0x99][0x1d][0xd6]_[0xff][0xf5][0xcd]?[0xbf][0xfc][0xf2][0x8b][0x8f][0xdf][0xfe][0xf2][0xdf]o~[0xfc][0xfc][0xdd][0xff]~[0xb9][0xfc][0xe1][0xfb][0x1f][0xff]x[0xf9][0xea][0xab][0xcb][0xf3][0xeb][0xcb]mtp[0xa2][0x92][0xca][0xb5][0xb7]Q[0xcf]-[0xa6][0xf6][0xa7][0x97][0xa7]/[0xb7][0xa3][0xba]#[0xf8][0xb2][0x8a]5[0x1a]s[0x87]}[0xa1]9nr$[0x9d]#[0xe7]S[[0xc3][0x80]Y5[0xc2]9\[0x1e]elR8D[0xc3][0xfd][\r][0xeb][0xcf][0x13][0x1a][0xf6][0xb9][0xba][0xbf]fC[0xaa][0x9]A[0x8e]+[0x7]:[0xaf][0xb7]8[0xe5]@5z[0xa0][0xaa]G[0xd9][0xde]5[0xcc][0xe1]{[0xc8]}#?[0x89][0xf2][0xca][0xb3].[0x1a][0xfc][0xd2][0x80][0x83][0x8b][0xe2][0x90]-[0xa9][0xeb]=[0x84][0xc5])g[0x5][0x0]A[0xa3][0xb0][0xe5][0xa2][0x9c][0xfc]G[0xc7][0x1d][0xdc]?H.N[0xa4] d[\r][0x13][0xf8][0xeb][0xbb][0xf2]<pkkD}[0xd1][0xdd]b[0x80]F[0xfe][0x89][0xf1]A[0x11]/[0xf0]N[0x8c]$[0xbf][0x8c][0xe1][0x9f][0xf4]v[0x9a]3/[0xa6][0x86]q[0x18][0x87]U[0xbe][0xd4][0xc7][0xb9]4[0xb1][0xf7]}[0xe3][0x9c]q[0xa4]+[0x4]\[\n]"
05:56:06.094 [main] DEBUG org.apache.http.wire -  >> "=[0xb5]^-[0xc4]S[0x8]P[0xaa]W)[0x99]e,[0xb9][0x1a][0xe][0xf0]\[0xe]j4[0xfd]1([0xdc][0xb7][0x8][0xea][0x9b]N[0xa7][0xe4][0xe4][0x9e]]w[0xe][\n]"
05:56:06.094 [main] DEBUG org.apache.http.wire -  >> "T[0xaf][0x1][0xe9][0xac][0x94][0xec][0x1c]r[0xda][0xae]cx[0xcf]7[0xe6][0xf8]Mg[0xaf][0x18]O[0xe9][0xc4]<[0x8c]"[0x9b][0xa3][0xdc]"[0x91][0xae][0xd4]r[0xb1][0xd6][0xf0][0xed][0xb6][0xc0][0xce][0x8f][0xfb][0x1e][0xee]8[0xe8][0x9a][0xf][0x90]FM.[0x7]b[0x82][0xc0][0xc8][0xbd][0x8e][0x81]h.([0xb0][0x81][0xc4]2y{(m[0xc8][0x5]F[0x88]5I[0x13]E[0xea][0xe1][0x1]6[0x98]mE[0x2].nf$&[0xf2][0xc1][0xe5][0xd6]Bh[0x85][0x1d][0xf][0xa6][0xe3]lI[0xe7]y.i[0x8f]#[0xf][0xaa][0xc3] [0xa2][0x87]R[0xda][0xa8][0xe0][0xe5](4[0xab][0x14][0xd6]u[0xb7]b[0xc8]E[0x94]?<[0xcb][0xd8][0xf5][0xbd][0xf4][0xab]6[0x0][0xb4][0x4][0xbd][0x89][0xb0]M[0xd0][0xb]1[0x1e]Z[0xbb]R[0xf4]z[0x6][0xdd][0xc8][0x95][0xca][0x0][0x1c][0xbc]W2[0xc1]8U[0x92]v@[0xee]s[0x19]D[0xe0]*2[0xac]4B[0xf2][0x9c][0xe5]][0xf8][0xa8][0xb5]RH[0xc9]'[0x95]v[0xf2]Q[0x9b];[0x11]4[0x9f][0x9b][0x1c][0xd8][0x85][0x1c][0xd3]!j[0xfa][0xf6]l[0xcd][0xf6]9[0xde][0x98][0xeb]nz;[0x82]O[0x18][0xa4][0xe4]`7@&`H[0x91][0x88]e4Z[0xe][0xa1][0xf2][0x92][0xeb]Y[0xc5][0xe6]YE[0xfa]9Y[0x8d][0xb7][0x96][0xd9][0x98][0xca][0x16]}U[0x9f][0xb8]<h[0x15]).Zm{([0xa5][0xc8][0xf7][0x92][0x1a]7[0xd7][0xd4][0xdc][0x8],[0xaf]/[0x9f]t[0xaf][0x2][0xdb][0x9]D[0xbc]o[0x1a][0x80][0xe7][0xc3][0xbe].[0xb9]i[0x0][0xef][0xd1][0xbe]z,|[0x2]2[0x8] ][0xc4]$@l[0xad][0xb9][0x9f]D[0x4][0xf8]Dd*[0x1][0xe]f[0x1b]&[0xd5][0xbc][0x81]2[0xf5]{[0xf3][0xc2]?:{[0x9e][0x80]6][0xd5]d[0x1]O&*[0x1][0x4][0x87]a[\n]"
05:56:06.094 [main] DEBUG org.apache.http.wire -  >> "KT[0x82][0xb7][0xe5][0x88][0x97]l[0x95][0x12][0xaa][0x14][0xb4][0xc3][0xce][0xcd]X-![0xc7][0xca][0x94][0x9e]c[0x2][0x1d][0x9d][0xdc]![0x90][0xa9][0x15]w[0x1e][0xd3][0x0]<WoQ[0xca]is3[0xd8][0xc6]#[0xe6][0xfa]d[0xce][0x9][0x97].[0xe3][0x9b]\[0x2]*`Q[0xbe][0x8d][0xbe]n6[0xd2][0xdc]#[0xad][0x9c]%-[0x6]2[\r][0xca].[0x1d]Vk[0xfd]:[0xe0][0xd2][0xbf]j[0xe5][0xfe][0xe6][0xad]G[0xe7][0xd8]0=3'D[0x87]s[0xa1][0xa2]Y[0xd4][0x10][0xc5]nkB[0xeb][0x10][0x9b][0xd1]z[0xcf][0x9b]<[0xaf][0xfa][[0xac][0xbf][0x8d][0x19][0xee]:[0xe7][0x84][0x17]L[0x90][0xc1][0x4][0xb2]kPDt[0x87][0xf]K[0x87]^[0xfa]g [0xc5][0xdf][0x1b]}P[0xe][0xc9]+[0xd9]!6S/L[0x8a]8[0xf7][0xb4][0xee]f[0xe6]@[0x8c]39[0xa1][0xcb]'{[0x86][0xd4][0xfc]P|[0xb6][0xe4](|[0x1a]-[0xf2][0x81][0xde][0xbd],[0xc4][0xd2][0xb]!qd[0x90][0x84]X"[0xc0][0x16]`[\r] [0x9][0xb1][0xc1][0x9]/[0xd9][0xb7]{8[0x9]q[0x1a]J[0x8b][0xae][0x93][0x10][0xb6][0x8b][0xf1][0x1c][0xe0][0xda]Ag[0xe8]-[0x1b]~=[0x84][0xce][0x84][0xc8][0x16]f \FI][0xcb][0xdc]8U[0xe8];~[0xeb]P][0xb3][0x17]3[0xc5][0xcf][0xe6][0x13]B[0xd2]c[0xa9]_c[0xf5][0xe3][0xa6]/{[0x8f]Yc[0xae][0xf2][0xc6][\n]"
05:56:06.094 [main] DEBUG org.apache.http.wire -  >> "[0x5]rY[0x85][0xd4][0x86]#H[0x8f][0xa6]z[0xc6][0xf7][0xf6][0xb4][0x87]Q=[0x93]R[0xeb]f}L1O.B[0xd2]l~e;E[0xb]H[0xc5][0xe4][0xe1][0xb4][0x8d]r[0xb0][0xb4][0xbc][0x8e][0x94]m`[0x84]/[0xb7][0xae][0x92]my[0xfe][0xcd]dj[0x16][0xc6][0xbd].[0xc9]ei[0x8][0xa4]Q[0x91][0xde][0xdb][0xfd][0x90][0xa0]xj[0x89][0x9a][0xf4][0xe6][0x99][0xd7]![0xd4]A:[0xbe][0xa0][0xf]Q[0xb8][0x5][0xbd]ir7[0xcc]*[0x18]L[0x1f]WtDr[0xa0]yy[0xd3]}[0xb3][0x8a][0xdf][0xac][0x91][0x6][0x81][0x88][0x1]C{F[0x3][0xe9]T"[0xd0][0x3]B4[0x93][0xa8][0xe3][0xd0][0xce]`[0x6]~[0xe0]l[0xc9][0x98]M[0xcb][0x16][0xa6][0xa1]q[0xf0]J[0xad]#[0xee][0xce][0xf7]8l[0x16]z[0x92][0x14][0xc5][0x97]<oKO[0xb2]C[0x8][0xce][0xd1][0xff]ic[0xe3]`zXjb[0x81][0xca][0xcc][0xe1][0x8][0xec][0x8c][0xb][0xdc][0xf7][0x89][0xc][0x94][0x98]}hu[0x9f][0x8c]@m[0xca]!O[0xc9][0x7][0xa4][0x87]`[0xa6][0x1d]C[0x9c][0x1b]u[0x82]0#8[0xad]g[0xef]j[0xde][0xc8][0xb9][0xae]Cw[0xc][0x8c]P[0xa6][0xb5][0xa2]r[0xd8][0xd9]3[0x96]\R[0xa6][0xd5][0x1c]sl[0xa3][0xc3][0x1][0x7][0x3][0x6]s[0xa8][0xd4]x[0xe8][0x5][0x12]zO#[0x1a]aSyf[0x2]"<h|[0xcd][0xb6]yD[0xc0]#;[0xf1]Jkx2[0x1b]3r[0xe][0x9e][0xd4]-[0xb6]>[0x80]e[0x1b]d[0xfe][0x97][0xb][0xe3][0xaa]Z[0xf3][0xcf][0x19][0xaa][0xe3][0xb5]u[0x88]O1P:[0xa8]"[0xf6]V[0xe7][0x5][0x96][0xdf][0xae]'[0xd3]p[0x92]Q[0x96][0x9c]dP![0xb1][0xfa][0x8e]vY[0x10][0x6][0xd6][0xc9]M[0xe7]'D[0xb5]u[0x8][0xd1][0xe9][0x5]d9\[0xc1]Ur[0xe9][0x8][0xb1][0x91]!s[0xcc]I[0xa3],[0x9]"[0xa6]d92[0xa6][0xcd][0x90][0x3]l<[0x9b][0x2]`S[0x1c][0x84]kH[0xbb][0xee][0x86][0xe]&][0xab][0xdb][0xf1][0xd4][0xbc]Ut[0xcb]@Za([0xfa][0x5][0xe0][0xda]b[0xed][0xbc]h[0xfc]+7[0xd8]< mC[0x1e]0P[0xdc][0xd8][0xf][0xd6][0xce][0xfa][0xa3][0xd8]9L[0xe7][0xf6][0x88]L[\r][0x9d][0xec][0x9c][0x17]C[0xb0][0x1c][0xa9][0x6][0xea]s6:[0xee][0xca]J,[0xf1][0xda]Ey[0xde]>l[0xd2]r[0xcc]A[0x15][0xe][0xce][0xe1]3PO[0xaf][0x1d][0xd6][0xa1][0xdf][0xd1]7[0x92][0x8][0xb1][0xff][0xa6]Z[0x84][0xfd]{[0xc4]7[0xfb][0x89][0xf5][0x95]9vH[0xa2][0xca][0xc7][0x8b][0xb6]([0x93]N[0xbe][\r]t{L[0xa5][0xb0]6H[0xb7][0xe7]u[0x14][0x96][0x8b]XAm5[0xc3][0xf5][0x8f]][0xe3][0xf3][0xf3]F[0xa2][0xeb]2[0x91][0x4][0xf3][0x3]-fUY|[0x1d][0xf][0xc2][0xd3]:[0xcb][0xe][0xbc]$X"[0xd4][0x9e]O[0x12][0xe7]2[0x8e][0x81][0xfa][0xf5][0xe8]a[0xaf]@Di[0xab][0xb][0x2]h[0x7][0x19]B[0x1][0xb3]z1v[0xe4][0xdb]9[0xc0]6[0x87][0x83][0x15][0xfd]*A[0x8f]}[[0xbd][0x9b][0x1d][0xc][0xc0]T[0x99][0xc3]<[0x98]p[0x17][0xf2][0x86][0x8f][0xae][0xa3][0xb4]-[0xd5][0x9]lQ[0xea][0xd1][0x99][0x1d]^WG[0xf8][0xe4]v[0xdb]\5[0x9][0x0][0xd8][0x96]y6[0xda][([0xfb][0xf9]<[0xea][0xe9][0x10][0x9c][0xe0]z[0x92][0xb5]y[0x8f][0xbc][0x84]![0x9e][0x87][0xe4]%Z[0x81]X[0x87][U[0xe6]'-{J[0x81][0xf0][0xad][0xcd]V[0x3][0x80][0x18];[0x92][0xd2][0xe2]ee[0xf6][0xb0]Vt0[0x9f][0xf7][0xf8][([0x9c][0xd3][0xdd][0xe]O[0xa3][0xcc]H[0xf0]Z)>[0xf6][0x0][0x97][0xad][0x99][0x8][0xf9][0x15][0x9d]F[0xca]Q[0xfa][\n]"
05:56:06.094 [main] DEBUG org.apache.http.wire -  >> "[0x95]dy[0x97]E[0xc2][0xa7][0xa6][0x9e]h[0xaa][0x19][0xfd][P[0xc6]y[0xb2]&[0xf1]U[0x15]j"[0xc5][0xb3][0xe2]kN[0xf4]f[0xc3]?[0x8f][0xf5].{o_y[0x1]<[0xfd][0xe8][0xe5]g[0xfb][0xe2][0x90],[0xf1][0x8a][0x0][0xb0]u[0x91][0xb9]3[0x12][0x18][0xa3][0xb1]a@[0x9d][0x7][\n]"
05:56:06.094 [main] DEBUG org.apache.http.wire -  >> "u6[0xa4]yt[0xca]-[0x89][0xbc][0xb5][0xeb][0xb5]E[0xf3]80[0xc1][0xc0][0x2][0xef][0xb9][0xf0]H)[0xeb][0xe0][0xb9][0x3][0xd2][0xa2][0xda][0x93]1[0xac][0x89]L[0xe]"[0xdf]W[0x83][0xf1][0xaa][0x1b]{[0x95]^[0xda][0x8][0xbc]6[0x0][0xa5][[0x1b][0xf3]K9[0x90][0xec][0x80]I$[0xab][0xc9]9v[0x84][0xf0]yE[0x96]P[0xeb][0xe2][0x9b][0x84][0x18][0x91]7=1[0xc8][0xa6][0x6][0xca][0x95]2[0xf4]=[0xc6][0x1e][0xbb]|H][0x83]R[0xa9][0xea][0x1b]2Yg[0x9a][0xb4][0x9a][0x86][0xf0][0xa1]\u[0xac][0xf9]p@[0xd1][0xdc](|[0x9b][0xf3]a[0xc1]"q[0xca][0xc3][0xb3]-[0x95][0x86][0xbc]5[0xaa]R[0xa1][0xa5][0x89]wg[0xc][0xd4][0xd8]35c@[0xb5][0x90][0x85][0x88][0xec]j[0xc8][0xa8][0xaf][\n]"
05:56:06.094 [main] DEBUG org.apache.http.wire -  >> "t[0x8]j[0xa0]q[0xf2]Q[0xa3]2[0xe7]c[0xbf][0xcf][0x9b]@[0xb7]Ru[0xcc][0xa5][0x1e][0xb3][0x9d][0xc7]fN[0xec][0xa2][0xd5][0xb1][0x93][0xac][0x87]d"3[0xb3][0xde]T/[0xd3]B[0xf5][0x83]+[0xca][0xe2][0x2]6[0x8c][0xf6]y[0xea][0xdd]J6[0xc5][0x94][0xeb][0xd8][0x90][0x98][0xd9]D[0xc][0xb7]t2[0xe6][0x89]7[0x91][0x87][0x99]![0xa8][0xfc][0xcc][0x1f][0x84][0xb1][0x1a]B.4[0xec][0xe9][0xe9]\=[0x0][[0xb]I[0x14]T[0xd8]sS[0x1a][0x80][0xf9]k9[0x88][0x88][0x4][0xeb][0xdf][0x1a]|_[0x15][0xad]O[0xa9][0x9a][0x1c]F[0xf4][\r][0xf5]l0[0xaa][0xcc][0xc6][0xfb][0xff][0x1a]g[0xe1][0xcc]n`[0xea]"[0xe][0x93]I%[0x9e][0x3]6u[0x9c]?{-[0x95][0xba][0xdc][0x9c][0xab][0xf4][0xf7]a[0xae]R[0x1e][0x90][0xd4][0xd4][0xab][\r]H[0xea]E[0xa3]][0x16]A:[0x81]T[0xa5][0xac][0x9][\n]"
05:56:06.094 [main] DEBUG org.apache.http.wire -  >> "X[0xbd][0xab][0x8d]G[0x14]s[0xee][0xe4]0[0xfd][0x93][0xf3][0xf]t[0xf8]-[0x84][0x81][0xcc]D[0xde][0x9a]G[0x9f][0xcf][0xed][0x86]?[0xcf][0xd9]/Y[0xe7][0x98][0xa0]|[0xb4][0x93][0x86]~[0xa3][0x1b]&ihi[0xa0].[0xa3]*[0xd6]Q[0xcc][0xf6][0xf2][0xb1]I[0x96]7[0xfa][0xba]][0xb4]G[0x16][0xe0][0x1a]+[0x87]D[0x1b]W[0xa5]yC[0xf8][0xd7]h[0x85][0xf4]W[0x8c][0xa6]F[0xae]G[0x96][0xe6][0x1f][0x18][0xf2]{[0x8e],[0x1d][0x16]~[0x8f]u[0xb]/[0xb1][0x86]K[0x91][0xe4][0x6][0x4]}l[0xf2][0x2]6[0xd6][0xdc][0xb5][0xf][0xbf][0xc3]uw2}[0xa4]l[0x8b]U[0x15][0x9]Mh][0xfa][0x17][0xb3]\[0x3]hi[0x9d][0x86][0x6][0x83][0xcf][0x94][0x9d]ydtl[0xec]e[0xfb][0xfc]r+[0xd0][0x86][0x96][0xd7][0xc9][0xe3][0x81][0xfb][0xb4][0xd1]#[0xed][0xb2][0x9d]r[0x15]?E[0xcb][0xa1][0x16][0xac]L[0xc6]y^[0x8a]([0xfb][0x19]@[0xe7]W[0x96][0xec][0xb4][0x1f]I[0xb][0x94][0x13][0xbd][0xa3][0xf1]Pd[0xa1][0xe1]J@[0x84][0xed]E,[0xdf]8[0x8f][0xbc][0xd2][\r][0xca][[0xf3][0xf0][0xb9]xt"
05:56:06.095 [main] DEBUG org.apache.http.wire -  >> "[0x12][0xca][0xf2][0x2]v[0x10][0x97]J[\r]3[0xf][0x1a]39x[0x99]m[0xcf][0xba][0xf2]![0xa2]S[0x3][0x3][0xb8]3[0xc6]X[0xa4][0x8c][0xf7]av=I[0xa8].[0x2]-CS[0x81][0x9f][0x85]|[0x97][0xf5][0xde]y&[0xc1][0xb7][0x2]z"w[0xa6]jJ[0x9f][0x13]P[0xac]:m][0xe3]|[0xc1][0xf9]G[0x86][0x9d][0xda][0xe8]?[0x1a]F.;[0x8e][0xcd]G[0xed]]+[0xcd][0xc9]*N[0xef][0xce][0x1b][0x5][0x83][0x9b]B[0x9d]cL[0x10][0x9d][0xc0]'<[0x3][0x1c]&[0xc4][0xc7][0x16][\r];[0xa4]hxS[0xea][0xca][0x1a]d[0xd8][0xc9][0xe6][0xfa][0x8f][0xfc]i@[0xc0][0xcc][0xe8];-[0x99]C[0xc][\n]"
05:56:06.095 [main] DEBUG org.apache.http.wire -  >> "$X[0x99][0xa2][0x0][0xce][0x1][0xdc]7[0x89]5[0xda]/[0xd3][0xb]EL[0xed][0xc2][0x7][0xe9][0x1a][0x81][0x96][0x89][0x91][0xe2]z[0xec][0xc3]U[0xf8][0xe6][0x18][0xf6][0xd3][0xfd][0xce][0xfb]h[0x87]C[0xad]|[0xf7]][0x1d][0xac][0x8a]j[0x8c][0xe4][0xf1][0xee]LJ<?[0x1a][0xf3][\n]"
05:56:06.095 [main] DEBUG org.apache.http.wire -  >> "#[0xeb][0xe1][0x19][0x8f][0x14][0xe8][0xc8][0xbd][0xbb]Q[0xbf]{[0xb0][0x10][0x90][0x8f]TX[0xb3][0xd8]7[0x9b]g[0x91][0xa5]I[0xf1][0x0]_[0xf3][0xca][0xb3]Y4v[0xac][0xc6][0x9d][0xe6][0x1f][0x11][0xf9][[0x88];[0xe9]~[0xc9]e[0x12]'#7R[0xf5][0xbc][0xfd][0xfa][0xed].?=[0x84]3M[0x4]4[0x1a][0x1][0xb9][0xf5]$[[0xab][0x1f]Y[0xce][0x1f][0x1b][0xc9][0xef][0xbc][0x8c][0x10][0x88][0xd6]+"[0x84]@[0x7][0xc0][0xd1]i=[0xe5][0xa3]l[0xdf][0xb1][0x5][0xd1][0x18][0xa8][0x84][0x1b][0x1d][0x15]k[0xc0][0x8e][0xc6][0xc6][0xba][0xb7]|[0xe8][0x96]%f[0x84][0xbc][0xe9][0xb4][0xaf]eC[0xda][0xc9][0x6]h[0x12]yw[0x19][0xda]y[0xb0]sJ[0x94][0x87][0xe6]l[0x81][0xd2][0xe0],2[0xc2][0xf4][0xf6][0xe4]\[0xb9][0x1e]h[0x9c][0xe6][0xec][0xef]0[0xd0]X&J[0xce]&[0xe1][0xcb]i3[0x94][0xd3]bf[0xf3]!^[0x9d][0x8b][0xdf][0xd1]O[0x11][0x82][0xa6][0xe5][0x7][0xe8]#[0xa2][0xb6]0[0xeb][0x1c]W[0xc4]:x[0x96][0xde];[0x88][0xe0][0xda]y[0xb1][0xc5][0xa1][0x19][0x8f]<[0xa7][0xc7][0xd3][0x15]0wi[0xee]A[0x92]-Q%[0xe3]=2[0xb8][0xe4]tc[0x92][0xc3][0x1]XE[0xf4][0x11][[0xe2][0xa4][0xae][0x5]W[0xef]gN[0xf2][0x10]@`[0x1e][0xd4][0xb5]9a?[0x97][0xfa][0xd7][0x9a]([0xbe][0x5][0xc4][0x1c]n[0x10][E[0x86][0xb][0x9a][0xeb][0x18][0xc0][0x2]?[0x87][0x18][0x0][0x83][0x1]c[0x8f]?[0x16][0x97][0x9c][0x15][0xaa][0xf1][0xf8][0x2][0xa0][0xef][0xd5][0xdc][0xe1][0xe9][0xa8][0x8c][\r][0xcb][0xe5][0x1a]WD[0x0]7[0xd6]f[0xe4][0xf]\[0x86][0xec][0xee][0xcd][0xc9]M][0x91]^&[0xfa][\n]"
05:56:06.095 [main] DEBUG org.apache.http.wire -  >> ""[0x96]%[0xf4][0xe4][0xe1]y#$[0xdb][0x4]U[0xf2]-[0xaa]0u-[0xa2][0x89][0xc7];[0xbb][0x9d][0x81]F[0x19][0xec][0xf8][0x14]3[0xf6][0x3][0xe7][0xcf][0x81][0x91][0x7][0x5][0x9d][0xb3][0x9f][0x6][0xf8]>zJw[0x17]n[0xea][0xff][0x1][0xf6][0xb4][0x8e]Z[\n]"
05:56:06.095 [main] DEBUG org.apache.http.wire -  >> "endstream[\n]"
05:56:06.095 [main] DEBUG org.apache.http.wire -  >> "endobj[\n]"
05:56:06.095 [main] DEBUG org.apache.http.wire -  >> "9 0 obj[\n]"
05:56:06.095 [main] DEBUG org.apache.http.wire -  >> "<</Filter /FlateDecode[\n]"
05:56:06.095 [main] DEBUG org.apache.http.wire -  >> "/Length 2510>> stream[\n]"
05:56:06.095 [main] DEBUG org.apache.http.wire -  >> "x[0x9c][0xed]\[0xdb][0x8e]$[0xb7][\r]}[0xef][0xaf][0xe8][0xc7][0xe4][0xc1]Z[0x89][0x14]u[0x1][0x16][0xb][0xcc]e[0xd7]OyH2?`[0xd8]^[0x3][0x81][0x1d]$[0x8e][0x3][0xe4][0xf3]C[0xa9][0xa4][0xea][0xaa][0xea][0xe9]"[0xab]j[0xa6][0x11] [0xde][0xd9][0x99][0xee][0xe9][0x99][0x16]K[0x14]/[0x87][0x87][0xac]qg[0xcb][0x1f][0xdf]8[0xfe][0x92]<[0x9c][0xbf][0xff][0xe5][0xf4][0xcf][0x93][0x89]T_[0xed][0x8f][0xfc][0xa2];[0x97][0x8f][0xbf]|{[0x1e][0x9e][0xfc][0xfa][0xd3][0xe9][0xc3][0xb7]x[0xfe][0xe9]_[0xa7][0xf2][0xf3][0x98][0xfd][0xd9]9[0xc0][0xf3][0xaf]?[0x9e][0xbe][0x9e][0xfe][0xbc]X!B[0xf9][0xcf]k[0x98][0x1c]R8[0xf7][0xaf][0x11][0xa8][0xac]w[0xfd][0xe2]|[0xed]`[0xc1][0x4][0xfe][0x97][0xcf][0xde][0xdf]\[0xdf]Y4[0x14] [0xc0]^9[0x86][0x12][0xda][0x8]y"[0xe]V[0xc4][0x81]5[0xe][0xc8][0xa7][0xb4]S[0xdc]7[0xc6][0x85][0xe8]R[0xf4]9*%b0![0xc5][0xbc][[0xa2][0xf1][0x8e]R">a[0x9d]<B[0x3]d[0xf9][\r][0xbb]w[0x88][0xe8][0x91]7[0x98][0x95]'[0x98][0xbc]I[0xe][0xfd][0xee][0xfd][0x81]O![0xc7][0xc]:q[0xe0][0x82][0xc1][0x18][0xdc][0xee][0xdd][0x91]ulp|[0xb9]*u[0x2][0x82][0xc9][0x98]r[0xd8][0xbb];[0x9b][0x1c]9[0xeb][0x9d][0xd2]\[0xc0][0xe7]r[0x85]~[0xb7][0xbc][0x10]<{[0x4][0xa2]R\[0x8][0xc6][0x6][0xcf][0xbf][0xbe]W[0x9d]li!F[0x9b][0x94][0xa7][0x97][0xa3]ao[0xcf][0xb4][0xdb][0x19]r[0xc4]L[0xc9][0xeb][0xc4]!d[0xe3][0x12][0xff][0xfe][0xee][0xed][0x1]Ab[0x8d]*O[0xf]=[0xf1]3[0xf0]{}[0x8f]][0xcf][0x82]M[0xda][0xd3][0xc3][0x0][0x6][0x9d][0xcf][0xfb]][0xdd][0x83][0xb5][0x4]V[0xe9][0xc][0x18][0x93]I1[0xe6][0xbd][0xd6][0xc2][0xb1]s[0xd8][0x9f][0xf2][0xf8][0xbc][0xb3][0xc6]{[0xeb][0xf7]['[0xa5][0x8]l/A[0xb7][0xbf][0x3][0xc9][0x8e][0xd0][0x99][0x4][0x16]9[0xc5]fS[0x1e][0xcb]o[0xbc]W[0xce]cq[0x99][0xc3]R[0x6][0x97]5[0xe2][0x8e][0xe6]<[0x16][0x17][0xd1]`[0x82][0xa4][0xda][0xdd][0xd1][0x84][0xc7][0xe2]J[0xe][0xe3][0x9f]&[0x8d][0xb8][0xa3][0xf9][0x8e][0xc5][0xf9]T[0x14][0xa4][0x11]v0[0xd7][0xb1][0xac][0x94]Lt[0xb6][0xc0].Q[0xda][0xc1]T7[0x1c][T[0xea][0xf1]h[0xa2]+6[0xc9][0xa9][0xcb]+[0xa5][0x1d]LsE[0x91]A/[0xed]`[0x96]ci[0x8e]#m[0xb6][0x1][0x15][0xd2]Z[0x14][0x1][0xc7]Y[0x83]M[0xd3]g[0xe][0xeb].[0x86]*[0xe6][0xea][0xc5][0x8b][0x98][0xc7][0x97][0xd3][0x87]/l[0x16][0xe1][0xfc][0xf2][0xf5][0xe4].[0xd8][0xde] e[0xe4][0x95]_~)[0x11][0xcd][0xb1][0x1][0xfa][0xfa][0xed][0xf][0xe7][0x8f][0xd6][0xe2][0x17][0xfe][0x8c][0xd6][0xfa][0xf2][0x99]k,[0xe7][0xc7]O[0xe7][0x97][0xbf][0x9d]>[0xbf][0xdc]X[0x92]8R[0x11]c \_[0xda][0x87][0xb6]d[0xa8][0xcb][0x1][0x98][0x82]{[0xcb]N[0xdb][0xcf][0x1f][0xf9][0x93][0x6][0x91][0x94][0xf8][0xf9][0xf3][0xba]X[0xc7][0xeb];[0xcf][0x12][0x92] [0xf7]K]'[0x9a]LU[0xcd][0xa3]<a[[0xec][0x96][0x86][0x86]3Z][0x9f][0xd1]X[0xbd]n[0xff][0xd4][0xae][0xbf][0xa8][0xee]yx[0xa4][0xba][0xa7]u9[0x1c]t[0x7][0xfd])[0xc4][0x14][0xf5][0xd9]&[0x8e]O[0x8a][0xf2][0xf0]8[0xa8]m][0xc]Zg[0xd8][0xbc]y[0xbd]u1~r[0xf0][0xed]D[0xea][0xc9][0xa5]aW*Q[0x1c][0x93][0x12][0xbf]+[0xef]=[0x98]v[0x19][0xd4][0xc4][\n]"
05:56:06.095 [main] DEBUG org.apache.http.wire -  >> "[\n]"
05:56:06.095 [main] DEBUG org.apache.http.wire -  >> "[0xf4][0xde][0x9b]`u[\n]"
05:56:06.095 [main] DEBUG org.apache.http.wire -  >> "l[0xe7]C[0x83]mab[0xc0]R[0xe3][0xd9]([0x9b]F[0x3]uX713Q[0x9a][0xe8][0xbb]\[0x99][0xeb]W&g[0xe5][0xfb][0xb8]/[0xf4]-[0x8c][0xdb]@[0xcb][0x0]y[0xbe][0x5]J}[0x83]1b}w[0xff])[0xe1][0xf8][0xbe][0x9b][0xea]f[0x8c][0x98][0xb2][0xec]v[0xf6][0xa9].C3[0xe9][0xf8]P_[0xcc][0x3][0xb4][0x81][0xb9][0xe0]j^Q[0xe1][0x98][0x1c];][0xf0][0xa2]cb[0xd9][0xcc] [0xd0]%[0x13][0x86]P132[0xd6][0x92]e[0xa1][0xee][0xb3] [0x90]8[0x9f][9[0xc2]a[0xf][0x9a]i[0xe1][0xaa]OR[0x4] [0xe3][0xb0][0xa0][0xa1]M[0x11][0xa0]<[0xd6][0x8] [0x4]J[0x88][0xd6][0xc4] ^}q[0xb9]n[0xfa][0xde][0xc0]+[0x86][0xd1][0xb7][0x17][0x5][0xf7][0x7][0xe4][0xec][0x8][[0x3]Mn;[0xc][0x97]4pI[0x9]B[0x4][0xc0][0xd8]p[0xc9]z[0xc0]I[0xca][0xe5]B2[0xd5]:[0xd7]W[0x1b][0xcc][0x94]u[0xaa][0xa7][0x87][0x16][0xd3]B9[0xcf][0xa5][0xdf][0xf5][0x3][0x1b][0xb3][0x84][0x90]X[0xd9]w[0x89][0xf][0xc2]+[0xb7][0x15][0x14]K[0x6][0xc7]8)[0x8a][0xa6][0xe6]g[0xa1][0xb0][0xe4][0xea][0xc5]n[0xd6][0x2][0xdf][0xbc]>[0xb8]K[0xe0][0x1b]}[0x3][0xc6][0xf0][0xc6]e[0x3][0xe6][0x99][0xcf]O[0xa2][0x1b][0xc7]>[0x9a]o[0xc9]YAs[0xd1][0xd8][0xe1][0x1d][0xeb][0x17][0xd2][0xf2]$[0xb9][0xf5][0xe5][0x18][0xf8][0xbb][0x1][0xff][0xac][0x9f][0xed]s[0xf3][0x4][0x9][0xc]Yo"([0x9c][0xdc]-<-w[0xbb][0xd1]#[0x9]W8[0x17]E[0xbe]}[0x3]$[0x1][0xac][0xa6]*[0xe1].@[0x2]=[0x7]J[0x14]3[0xdb][0x9b][0x3][0x9]![0x1a][0x1][0xab][0x9b]ME[0x13][0xdc][0xf2][0xc6][0xb8][0xc9][0xea][0xd5]`[0xc2]MF#[0x97][0xf0]w[0x89][0x8][0xe5]"[0x8b]Nf[0x18]Y[0x13]t[0xb9][0x1e][0xd3]8[0xd2]D[0xdd]4[0xe6][0x95][0xa2]z[0x9][0xbc]D[0xe3]I[0x91]][0xa8]ed[0xbb][0xd0][0xb3]b[0xb].[0x92][0x6]W[0xb8][0xd2][0xaa][0x8]b[0x11][0xe8][0xeb][0xb2][0x9c]n[0x16]a>[0x19]J[0xc3]:c$[0x95] [0x7]f[0x93]Ag[0xb3][0x9a]0[0xc0][0x8][0xc6][0xcb]a[0xe0]s;mE[0xd1][0x85]%^[0xca][0xe1]wt[0xf5]r[0xb2][0xf][0xcd]o[0x1b][0xf8][0xaf]'?[0xe8]![0x6]c[0x1]g[0xf0]R[0x92][0x9f][0xd1]x[0x19]$[0x95]r|[0xb4].[0xd7][0xa2][0xd9]s[0xb3][\n]"
05:56:06.095 [main] DEBUG org.apache.http.wire -  >> "e[0xb8][0xf6][0xd1][0x99]\L[0xee][0xad][0xca]X[0x99]4[0xbb]o[0xca]?[0x90][0xca]2[0xd7]2[0xaa][0x8a][0x98][0xc6][0x8c][0xfe][0xe1][0xaf][0xff][0xf8][0xee][0xef][0x1f]?~x[0xf8][0xfe][0xb7][0xf7][0xf3][0xcb][0x8f][0xff][0xf9][0xed][0xfc][0x87][0xaf]?[0xff][0xf1][0xfc][0xe9][0xd3][0xf9][0xf1][0xf9][0xe9][0xf4][0xd1][0xba][0xc7][0x6][0xf7][0xff]T[0xbe]k[0x5][0x81]T`8[0xd3][0xf0][0xe2]][0x12][0x1d][0xd8]hd$s[0xdf]4[0x7][0xd9]k[0xaa][0x86][0x1e]v[0x9b][0xcc]<[0xa0]Y[0xbc]D[0xa6]E\&[0xa1][0x98]Db f[0xb3]H")#[0x15]rF[0x95]71[0x1][0xab][0xdd][0x82]G[0xb4][0xb4][0xc5][0xb3]S6[0x1a][0x82][0xea]-[0xc][0xd8][\n]"
05:56:06.095 [main] DEBUG org.apache.http.wire -  >> "d[0xc7][0x8c][0xc8][0xfe][0x9d][0xaa][0xfc][0x1f][0xa5]*[0xd5]e[0xdd][\r]9[0x81][0xd3][0xba][0xbc][0x8d][0xc3][0x8c](Qk[0xd7]l:[0xa5][0x92][0x82]^[0x8f][0x5][0xa1][0xd7]d[0x8a][0xc4][0xc][0xc9][0x80]/[0x8d]0[0xe1][0xa4][0xe6][[0x93]([0x1e],[0x9a][0xb][0xa5]Ms[0x1f]J[0x14]J[0xdf]X.[0xf3]]SL[0xba]h1-[0xa9][0x1f]QV`pOb[0xd0][0x83]N[0x80]L[0xe][0xa5]S[0x94][0xa9][[0xaf]V&1[0x8a].[0x90]T[0xb0][0x90]"[0xb3][0x86][0x87][0xae][0xb6][0x1e]l[0x9f][0x85]p6[0xeb][0x94][0xfd][0xce][0xdc][0xfe][0xdf]0[0xb7]cHiL[0x9d][0xc4][0xe2][0x0]x[0xb6][0x4][0x85][_ [0xbc][0xc8][0xd6][0xd6]S[0xd2]u[0x9d]:[0xce][0xc9][0x1d][0xeb][0x94](![0x4]"[0xb6]*+s[0x8a][0xf4][0xd0]N[0xb5]{[\r][\n]"
05:56:06.095 [main] DEBUG org.apache.http.wire -  >> "[0xcb]FP[0x85][0xcd][0x91][0xce][0x92][0x9]7[0xcc][0xa4][0xe2]~[0xf4][0xaa][0xf5][0x9c]&[0x83][0x8b][0xea][0x8b]|[0xec][0xcf][0xa5][0x2][0xb]L.[0x4][0xfb][0x6][0xd4][0xf7][0xd8]J[0xd5]x[0xa9][0xf4]UL[0xca][0xbc][0xab]~[0x9f]:kG[0x16][0xf5][0xd9][0xc8][0xb4][0xd2][0xd6][0x1c][0x9a][0x9d][0xa6]d~[0xab][0x14][0xea]|[0xec][0x8d][0xf9][0xf7][0xcf][0xa1].[0xb5]8[0xb5][0xc5][0xd8]e[0x17][0x2]P[0xd1]0o[0x9a][0x9a][0xb9][0x8c][0x95]k[0xcb][0xdb][0x89]Y[0xaa][0xd6][0x9c][0x9]Y[0xe4]2[0xbc][0x2][0x93]cHFF-[0x15][0xb2]v[0x16]Q[0xb1][0xaa][0xe7][0xca][0xba][0xf2][0xf0][0xca][0x10][0x93]&[0x86][0x99][0x17][0xaf]Ia[0x87][0xb]fe+g[0xb5][0xad]Wc[0xd1][0x5]B[0xcf][0xb3][0xfb][0xa4]n[0xbc][\r][0xc6]8[0xc9][0x6][0xb9]}[0x89]n[0xc8][0xb3][0xc0]{[0x87]05^q[0x9e][0xe7]>q[0xae]qy[0x9d][0x9e][0x9d][0xa9]@[0xc1][0xec]b[0xac][0xbe]&[0xd2]I[0x1b][0x9b][0xc3]1[0xd4][0x92]K[0xc5]T[0x1e]m[0xec][0x84][0xac]A[0xd5]W[0xc6][0xfa]<yT[0x8a][0x2]vd"yDDK[0x10]'06Z[0x91][0xe3][0xf4]s[0xdd][0xf7]f[0xdd]X[0xa8]J[0xec]N[0xb9]j[0x5]x:jI)[0x1b]/3[0xb6][0xd3]c[0xbe]MTK[0xd8]%[0x18][0x5]>[0x1e][[0xff]#q0[0xdf][0x19])[0x12]*qM[0xa5] [0xf1]'-[0x1b][0xba][0xd9][0xce][0x12]g[0xf2][0xee][0xd3]bz#[0xa8]AT[0xa7][0x17][0xde][0x12][0xea]rn[0xf0][0x9a][0x99][0x8f]^[0xf7]<-`[0xaf][0x82][0xa5]q[0x1][\r]*[0xe]tK[0xed]cAS[0x9c][0xf8][0x8e]D[0xa3][0x2][0x8e] iFC[0xae][0xc2][0xe7]d[0x2][0x85][0x14][0xc9][0xb8][0xdc][0x18][0xe0][0x1d][0xc3][0xd3]C[0xc9][0xb8][0x95][0xd8][0xd6][0xce]i[0xb9]K<[0x99][0xb3][0xeb]y4[0xc1][0x95]PbU[0xcd]c[0xe5][0x98][0x81][0xb7]n[0xe8][0x8e][0xbe]C/[0x9a]Q[0x84][0xa6]0[0x8d][0x93][0xf8]0[0xe]$1[0x9a]X[0x8d][\r][0xb3][0xbb]D[0xee][0xc6]NCl[0xb8][0xba][0xf]O[0x8d][0x1e]&[0xf0]4N[0x89]L[0xe7][0xd4][0xb7][0x82][0xe]qn[0xe8][0xd1]H[0xde]p[0xb0][0xe5][0xe8]RP[0x95]3[0xf]M7[0xa9]7s[0xae][0xbd]aeh.)[0xe8][0x1]T[0x8e][0xe3]pA[0xc2][0xeb][0x88]W[0xfc][0x8e]-st[0xaa]Y[0x8c][0x19][0xb6][0xeb]W[0xd2][0x8e][0xa9]>[0x17]Y[0x15]d[0x98][0x9a]E[0xe0]5[0xc5][0x16][0xf1]b[\r]5[0xa5][0xad]1[0xa7][0xf3];[0xa4][0xee]L[0x9d][0xe][0xe0][0x84]*%[0x87][0x8b]&[0xa5][0xc0][0x9c][0xca][0xce][0xc3]^[0xd9][0xae]b[0xbd][0xb4]UB[0xd6][0xac][0xcb][0x9e][0x9d]Y[0xd8]P1[0xd4]i[0x9b]R[0x8f]i[0xba]A[0xdd][0x94]>[0xdb]qDq[0xcc]}[0x1a][0xe0][0xcd]kj[0xcc]i[0xb][0x8] 4aCG[0xb6]_[0xb1][0xe0][0xe1]e[0xfe]=+[0x1a][0xcc][0xb][0x96][0xee][0xe6]X[0xaa][0xb6]G[0xcb][0xfe][0xa0][0x19]M=0[0xee][0xe3][0xb]y[0xe4][0x93][0x94]9[0x8f][0xc7][0xae]`[0x16][0xae][0xe3][0x84][0xcd][0x13]#[[0x5][0xdd][0xf][0xaf]Z[0x87]x;[0xe4]}0[0xfe][0xf2][0xdc][0x15][0xc8][0x98][0x14][0xd3][0x15][0xa3][0xf9][0xf6][0x96][0xac]4"[0xc2][0xe6][0xab][0x99][0x17]][0xa6][0x7][0xb4][0x97]Q[0x88]N[0x7][0x84]f[0x4][0x9a]Q[0xb2][0x9c][0x15]S[0x19][}[0x11]|[0xac][0xeb]iA[0xf9][0x14][0x88][0xf]A[0x9e]|[0x9f][0xd2][0xbb].[0xae][0xe5]]!jZ[0xb][0xd5][0x1f][0xd1]^[0x9a]A[\n]"
05:56:06.096 [main] DEBUG org.apache.http.wire -  >> "}a[0x2][0x93]x[0xd1]#}^[0x98](t[0xd8][0xad][0xb7][0xc3][0xfd][0x1][0xf3][0xdd][0xea]F[0xd9][0x9d]q[0x8a][0x96][0xc7][0x82]J[0x98][0xa0]2r[0xe5][0x96][0xec][0xfc][0xfa][0x18][0xf5][0xea][0xe8]z[0xe1]c[0xa4]A[0x8b][0xab]d)[0xde][0x95]|[0xff][0xd9][0xb2]I[0xcf]j[0xa4]Y[0xec][0xa4][0x2]}[0x96][0xd5][0xe1],[0xd5]c[0x10][0x81][0xb7][0xb7][0xb3][0x8c]3[0xde]-[0xb0][0xa1][0x90]*E[0xb4]f[0x16]d[0x82][0xea]F[0xb2]B[0xba]Q[0x85]K[0xfe][0xe1][0xa6][0xe4][0xfd][0xd6]}[0xa9]~[0xd3]5[0x83]d[0xe5][0x9b]KJ[0xb][0xf9][0x8d]:[0x0][0xa0][0x89]m0[0xa1][0xea]{4[0xf5][0xf9]r[0xf4][0xe5][0xa2][0xa5]<[0xc8])P[0xe3][\r][0x98]Z[0xfe]]B[0xd4][0xcd][0xed]7[0xca][Z[0xa7][0xca][0xfe][0x1b]q[\n]"
05:56:06.096 [main] DEBUG org.apache.http.wire -  >> "R[0xc]z[0xdc]&[0xb8][0xc5][0xbf][0x0]p[0xff][E[0xc6][0xf4][0xd8][0xb3][\n]"
05:56:06.096 [main] DEBUG org.apache.http.wire -  >> "[0xe][0xe3]a[0xb3]X'[0x9c]n[0xc][0x6]4z[0xd9][0xd8]Rw\[0xe0]z[0x5][0xf3][0xdf][\r]sZ[\r][0xce]&[0xd3]/^[0xb7]:[0x10][0xaa]` [0xdf][0xbf][0x97][0x4][0x11][0x8c]U[0x14]Y_[0x86]O[0x14]oz[0x8d][0x1a][0xc2][0x1e][[0xfa][0xeb][0x88][0xa9]n[0xa3][0x87]|U[0xd6][0xb7]&[0x5]9[0xcb]v[0x87][0xb3][\n]"
05:56:06.096 [main] DEBUG org.apache.http.wire -  >> "Po[0xb3][0xaa][0xdb]=[0x1d][0xa8][0x10][0xef][0x92][0x1b][0xee]9[0x12]r[0x10][0xbe][0x96][0x18][0xa4][0xab][0xcd]\\[0xc9][0xf4]g[0x9f][0xd0][0x9f].m[0xd7][0xe6][0xca][0xe7][0xb0][0xe3]~c[0xa5][0x1b]][0xd5][0xa7]:[0xb2]#[0x1e][0xd6][0xd5]X)[\r]q[0xe0]j^[0xba][0xd3][0xf1][0xe5][\r][0x13][0xb6][0xe5][0xbf][0xa9][0x91]U[0xe2][\n]"
05:56:06.096 [main] DEBUG org.apache.http.wire -  >> "endstream[\n]"
05:56:06.096 [main] DEBUG org.apache.http.wire -  >> "endobj[\n]"
05:56:06.096 [main] DEBUG org.apache.http.wire -  >> "2 0 obj[\n]"
05:56:06.096 [main] DEBUG org.apache.http.wire -  >> "<</Type /Page[\n]"
05:56:06.096 [main] DEBUG org.apache.http.wire -  >> "/Resources <</ProcSet [/PDF /Text /ImageB /ImageC /ImageI][\n]"
05:56:06.096 [main] DEBUG org.apache.http.wire -  >> "/ExtGState <</G3 3 0 R>>[\n]"
05:56:06.096 [main] DEBUG org.apache.http.wire -  >> "/Font <</F4 4 0 R>>>>[\n]"
05:56:06.096 [main] DEBUG org.apache.http.wire -  >> "/MediaBox [0 0 596 842][\n]"
05:56:06.096 [main] DEBUG org.apache.http.wire -  >> "/Contents 5 0 R[\n]"
05:56:06.096 [main] DEBUG org.apache.http.wire -  >> "/StructParents 0[\n]"
05:56:06.096 [main] DEBUG org.apache.http.wire -  >> "/Parent 10 0 R>>[\n]"
05:56:06.096 [main] DEBUG org.apache.http.wire -  >> "endobj[\n]"
05:56:06.096 [main] DEBUG org.apache.http.wire -  >> "6 0 obj[\n]"
05:56:06.096 [main] DEBUG org.apache.http.wire -  >> "<</Type /Page[\n]"
05:56:06.096 [main] DEBUG org.apache.http.wire -  >> "/Resources <</ProcSet [/PDF /Text /ImageB /ImageC /ImageI][\n]"
05:56:06.096 [main] DEBUG org.apache.http.wire -  >> "/ExtGState <</G3 3 0 R>>[\n]"
05:56:06.096 [main] DEBUG org.apache.http.wire -  >> "/Font <</F4 4 0 R>>>>[\n]"
05:56:06.096 [main] DEBUG org.apache.http.wire -  >> "/MediaBox [0 0 596 842][\n]"
05:56:06.096 [main] DEBUG org.apache.http.wire -  >> "/Contents 7 0 R[\n]"
05:56:06.096 [main] DEBUG org.apache.http.wire -  >> "/StructParents 1[\n]"
05:56:06.096 [main] DEBUG org.apache.http.wire -  >> "/Parent 10 0 R>>[\n]"
05:56:06.096 [main] DEBUG org.apache.http.wire -  >> "endobj[\n]"
05:56:06.096 [main] DEBUG org.apache.http.wire -  >> "8 0 obj[\n]"
05:56:06.096 [main] DEBUG org.apache.http.wire -  >> "<</Type /Page[\n]"
05:56:06.096 [main] DEBUG org.apache.http.wire -  >> "/Resources <</ProcSet [/PDF /Text /ImageB /ImageC /ImageI][\n]"
05:56:06.096 [main] DEBUG org.apache.http.wire -  >> "/ExtGState <</G3 3 0 R>>[\n]"
05:56:06.096 [main] DEBUG org.apache.http.wire -  >> "/Font <</F4 4 0 R>>>>[\n]"
05:56:06.096 [main] DEBUG org.apache.http.wire -  >> "/MediaBox [0 0 596 842][\n]"
05:56:06.096 [main] DEBUG org.apache.http.wire -  >> "/Contents 9 0 R[\n]"
05:56:06.096 [main] DEBUG org.apache.http.wire -  >> "/StructParents 2[\n]"
05:56:06.096 [main] DEBUG org.apache.http.wire -  >> "/Parent 10 0 R>>[\n]"
05:56:06.096 [main] DEBUG org.apache.http.wire -  >> "endobj[\n]"
05:56:06.096 [main] DEBUG org.apache.http.wire -  >> "10 0 obj[\n]"
05:56:06.096 [main] DEBUG org.apache.http.wire -  >> "<</Type /Pages[\n]"
05:56:06.096 [main] DEBUG org.apache.http.wire -  >> "/Count 3[\n]"
05:56:06.096 [main] DEBUG org.apache.http.wire -  >> "/Kids [2 0 R 6 0 R 8 0 R]>>[\n]"
05:56:06.096 [main] DEBUG org.apache.http.wire -  >> "endobj[\n]"
05:56:06.096 [main] DEBUG org.apache.http.wire -  >> "11 0 obj[\n]"
05:56:06.096 [main] DEBUG org.apache.http.wire -  >> "<</Type /Catalog[\n]"
05:56:06.096 [main] DEBUG org.apache.http.wire -  >> "/Pages 10 0 R>>[\n]"
05:56:06.096 [main] DEBUG org.apache.http.wire -  >> "endobj[\n]"
05:56:06.096 [main] DEBUG org.apache.http.wire -  >> "12 0 obj[\n]"
05:56:06.097 [main] DEBUG org.apache.http.wire -  >> "<</Length1 19712[\n]"
05:56:06.097 [main] DEBUG org.apache.http.wire -  >> "/Filter /FlateDecode[\n]"
05:56:06.097 [main] DEBUG org.apache.http.wire -  >> "/Length 9607>> stream[\n]"
05:56:06.097 [main] DEBUG org.apache.http.wire -  >> "x[0x9c][0xed]|ix[0x14][0xc5][0xd6][0xf0][0xa9][0xea]ef[0xb2][0xce]L6H[0x80][0xcc]d aI[0x8][0x90][\r][0xc2][0xae][0x84]U%[0xb2][0x99][0x80]l[0xb2][0xef][0x10]vdS[0x16]C[0x8][0x6][0x14][0x1][0x81][0x0][0xee],[\n]"
05:56:06.097 [main] DEBUG org.apache.http.wire -  >> "[0x9d]Q[0x91][0x80]J[0xb8][0x2][0x2]*[0x6]T.x[0x11][0x5][0xf1][0xaa][0x80][0xa2]^[0x15]$[0x99][0xee][0xef]T[0xf5]L2[0x9d][0x4][0xaf][0xef][0xf2]<[0xdf][0x8f][0xf7]N[0xd1]"
05:56:06.097 [main] DEBUG org.apache.http.wire -  >> "[0xd5]}[0xaa][0xab][0xab][0xce]Vg[0xa9][0xee][0x0][0x4][0x0][0xec]X[0x89][0xe0][0xe8][0xd1]-[0xab][0xbb][0x90]H?[0x0] [0x9f]bk[0x97][0x1e][0xd9]}[0xfb][0xa7][0xed][0xf][0xd4][0x0]"[0xef][0x3]0+=[0xfa][0xf][0xbc][0xa7][0xd3][0xd9]z[0xa1][0x0][0xd2][0xab][0xd8][0xe7]`[0xdf][0xfe][0xc9]mf5[0xef][0xf0][0x1a][0x0][0x1d][0x8f][0xfd]G[0x8c][0x9a]2rzcQ[0x9b][0x83][0xf0][0x9][0x84][0x97][0x8f][0x9a]3[0xcb][0xd1]b[0xa7][0xa9][0x18][0xe1]p[0x84][0x7][0x8c][0x9d]>n[0xca][0xdc][0xdb]#[0xf6][0x0][0x98][0xb0]?y{[0xdc][0xc8][0x99][0xd3][0xc1][0xc]ax[0x9d][0x88][0xf7][0x83][0xc6]M[0x9e]?v[0x8e][0xfb][0xcc]B[0x80]F[0x95][0x0]-[0xe9][0xf8][0xd1]S[0xe6][0x8d][0x1b][0xfd]pw[0x0]Kc[0xec]sc[0xfc][0x98][0x91][0xa3]+'[0x9e]][0x80][0xd7][[0xb1][0xfa]xl[0x8]8hZ[0x82][0xf0]<[0x84][0x1b][0x8f][0x9f]2k^[0xf6]tG+[0x80][0x90]r[0x9c]c[0xe1][0xe4]i[0xa3]F[0xda][0xa7]4[0xbc][0x17] [0xd0][\n]"
05:56:06.097 [main] DEBUG org.apache.http.wire -  >> " [0x94]M[0x19]9o[0xba][0x18]*X[0xb0][[0xec][0xef][0x98]:r[0xca][0x18][0xbb][0x98]$[0xe2]=[0xa4][0x8f][0x84]O[0x9f]6s[0x96]6[0x5]F[0xe3]u[0xe][0xbb]?=o[0xcc][0xf4][0xe7][0xc7][0xde]9[0x89][0xcc][0x19][0x81]m[0xbd][0x80][0x0]E|[0xa9][0xa6]A(^[0x3][0xf9][0x12][0x8a] [0x12][0x6][0x80][0xc4] [0xfc][0x85] [0xa5]@[0x1b][0x83][0x8c][0xb0][0xc0][@[0x9b][0xc8][0xc6][0xab][0xe3][0x87]O[0x98]&[0xab]AH[[0xaf];1joK+[0xef][0x18][0xd5][0x1d][0xbe][0xe4]-[0xd4]e[0x1f]6m[0xc4][0xde][0xe1][0xa1][0x1d]~[0x83][0xfa]f~[0xe7][0xe8]O[0xb6][0x96][0xec][0xfc][0x19][0xe9][0xf7][0xeb][0x9d][0x18][0xcf]g[0x96]V[0xe6][0x99][0x8]Zpr[0xdf][0xd8][0x14][0x1a]y[0xaf]C8[0x84][0xdc][0xe5][0x7][0x1f][0x11][0xf1]m[0x2][0x99]x[0xdd][0x1]:a[0x9d][0x85][0x14][0x10][0x18][0x4][0xc3][0x80][0x90]C[0xe4]][0xbc][0xdf][0x1c][0x8a]a)[0x14][0xc0]<[0xf8][0x14][0xb1][0x0][0x6][0xc3][0x13]0[0x2]{[0xa4][0xd2][0xe][0xf0]6[0xb8][0xe1]I8[0x8a][0xe3][0x84][0xab]# [0x9c]n[0x1][0x87][0xe0][0x84]@1[0x13][0xc2][0xc5]5`[0x95][0x14][0x8][0x97][0xeb]A[0x4]y[0x19]lr[0x19][0x84][0xc8][0x17][0x90][0x1b][0xec]'[0x88]+[0xc9]Z[0x9c][0x19][0xa4][0xcd]R[\n]"
05:56:06.097 [main] DEBUG org.apache.http.wire -  >> "[0xa2][0x18][0xab][0x9f][0x85]30[0x96]r[0xa4]|[0xbf][0xa5]x[0xb3][0x8b][0x1f][0x1f]z[0xf4][0xed][0xdb][0x3][0xba][0x80][0xb3][0x82][0xca][0xa0][0x2][0x8c]5m[0xa6][0xe0][0x0][0xb2][0x9d][0xdd][0x13]3q>[0x7][0x16][0xc1];[0x4];[0x87]cM[0xf8]Y[0x84][0xe9]x[0xae][0x7]Vl1C[0x1c]4[0x83][0x14][0xa4]{[0x10][0xc][0x81][0xa1]xg[0x81]#[0xbe][0x82][0xc9][0x12][0xc0][0x9]M![0x11][0xda]AW[0xc8][0xc1];#![0xf][0xef][0x10]M[0xd3][0xae][0xd6],[0x97]'[0xc8][0x7]k[0xca][0xc9][0xf0]3![0xaf]pv[0x11]u[0xc][0xf9][0xf9][0xb0][0xf7][0x9a] [0xe7][0xb3][0xbd][0xd7][0x14]%r[0x8f][0xf7]Z[0xf0]k[0x17][0xfd][0xae]%[0x88][0x87][0x6][0xde]k[0x19][0xaf][0x0][0xfa][0xc1]4x[0x4][0x8f]Yx$!4[0x6][0xc6][0xc1]l[0x98][0xcc]pEz[0xc6]`=[0x13]&[0xe0][0xbd][0xa9][0xc8][0x8b]6[0xd0][0x12]Z#[0xa5][0x19][0xd0][0x9e]C[0xad][0x10][0xca][0xa8][0xf1][0x8c][0xff]x[0xf7][0xe2]1[0x1d][0xe6]c[0xeb][0x4][0xec]1[0x1e][0xdb]|O[0xb5][0xc6][0xab][0x1e]xw[0x1a][0xb6]O[0xc6][0xe7][0x1d][0xd0][0xb]g[0x18][0x85][0xe3];[0x90]W[0x93][0xb1]8p$[0xdf]S394[0x6][0xcf][0xc][0x9f]9X[0x8f][0x86][0x96]JP[0xb][0x5]Z[0x80][0x9b]Xi[0xb][0xe2][0xb6][0x11][0xac][0xdf][0xb2]e[0xb6]j[0x12]c[0x5]s[0xb]x[0x8b][0xf4]l[0xdf][0xd2][0x19][0x8e][0x97]o[0xd1][0x9c][0x9e]m[0x9b][0xf2]+[0xa1][0xdf][0xbd][0xa9]M"[0xd9][0x95]8[0xec][0xfe][0xe]-[0xea][0xb3]+)=1[0xae]~([0xbb][0x92]g[0xc][0xed][0xde]&[0x86]][0x99][0xd6][0xcd]}8[0xd3][0xc5][0xae][0xcc][0x8b][0xc7]e[0xb7][0x8b]fW[0x96][0x1]Y[0xe9][0xf1]|[0x94][0x80]9#[0xfa][0xa4]7dW[0x81][0xcb]F?[0xa0][0xf7][0xb][0xba][0xe0].[0x18][0xd5][0x81]][0x5][0x87][[0x83],2[0xbb][\n]"
05:56:06.097 [main] DEBUG org.apache.http.wire -  >> "[0xe9][0xd0]&[0xa1][0x81][0x8d]][0x85]vIm[0xd6][0x90]?k[0xcd][0xee][0xaa]c[0x5]n{[0xa0][0x9][0x9]pd-[0x9a]P[0xaf][0x9b][0xbb]s4[0x99][0xe9][0x1e][0xce][0xaa]%[0xac]J[0x8e]&[0xb3][0xdc]}Y5[0x8d]UE[0xac][0xda][0xc7]*[0x8d]U[0xb1][0xd1]d6{b6{b6{b[0xb6];[0xb4][0x11]{[0x96]U7Y[0x15][0xdb][0x8][0xfb][\r]gU[0x11][0xab]>f[0x95][0xc6][0xaa][0xce][0x8d][0xb0][0xf3]4V%;[0xb0][0xdf]4[0xac][0xbc]6[0x3][0x2][0xa0][0x10][0xae][0x80][0xd8][0xad][0xfb]}[0x3] o[0xd4][0xfc][0xbc][0xc9][0x90]7.o[0xcc]$[0xc8][0x9b]<r[0xd6]T[0x88][0x86][0xde]`[0xea]:8[0xcb][0x1][0x1d][0xee][0xed]7[0x0][0xeb][0xee][0xfd][0xba]:[0xa0][0xe5][0xfd]}[0xef][0xc3][0xfa][0x81][0xae][0x83][0xb0][0xee][0xd7][0xf7]~[0xac][0x7][0xf4][0xeb][0x83]w[0xd1]>i[0xa8]y[0xc0][0xed][0x95][0xe4][0x7]Q[0x3]$"$rk[0xa6][0xf1][0x15]F[0x10][0x96]GO[0x9d]6[0x5][0xb2][0xc7][0xe6][0x8d][0x1c][0x5][0xdd]'O[0x18]7[0x12][0xba][0xf0]:[0x95][0xd7][0x89]SgO[0xc9]C-[0xd6][0xfb][0xea]k[0x93]a/z[0xcf][0xfa]A[0xf8][0x8a][0xa5][0xfa][0xdc]|[0x1e][0x19][0xf6][0xa2][0xdd][0x99][0x83]v)[0x9e][.[0xd6][0x8a][0x16][0x17]W[0x8c]D[0xce][0xc3][0x2][0xd4][0xad]Y[0xe4][0x92]_{sl?J[0xde]##[0xc7][0xc8][0x7][0xdc][0xd2][0xb0]v[0xb6][0xfe][0xd1]D[0x80][0xbd]jV[0x86]E8D[0xa0][0xb5][0x8e][0x82][0x86][0x8][0xc9]d=>[0xf3][0x1e]>[0xcb][0x9e][0xf3][0x8d][0xc7][0xda][0x1f][0xe3]x[0x85]y1em][0xbc]s[0x5][0xe1][0xdd][0xb7][0xf1][0x9c][0x8d]6R@>g[0xfb][0xf5]i[0xe0][0xd7][0xe7][0x10][0x9e][0xef]'[0xef][0xf0]>[0xf7][0xf3][0xd1]z[0x3]([0x90][0xd8]G[0xb1]d[0xe7][0x94][0x10][0xf2]d[0xee][0x1][0xa2][0xad]P[0x96]7,[0xb1][0x8][0xc3][0x87]%)$[0xd1][0xe1][0xc8][0x9a][0xd0]M!#[0x92][0x14][0x9a][0xa8][0x90][0xe6][0xce]$EHttW[0x84]&[0xdd][0xfb][0xe5][0xb8]r[0x1d][0x5][0x8e][0x82]^[0xa3][0xb][0x1c][0xdd][0x1d][0xe3]G[0x8e]V[0xc4]&[0xfc][0x8c]7[0xc6][0x14][0xe4]&;[0x14][0xe8][0x9f]3[0x1][0xeb][0x1]9N[0xa5]KnL[0xd5][0xe5][0x98][0xdc][0xdc][0xcc]$Ed[0xc3][0x88]|[0x98][0x82]\[0x1c]`[0xa2]w[0x80][0x89]|[0x0]|[0xde][0x93][0xa4]H[0x89]}[0x1c][0x8a][0x10][0x9f][0x9d][0xf3]`[0x8e][0xb2][0xb4][[0x8c][0xd2][0xa5][n[0x8c][0xd3][0xe9][0xc8]R[0xca][0xb2]s[0x94][0xb2]n1[0xce][0xdc][0xdc]$E[0xae][0xc2][0xd1][0xa1][0xaf][0x5][0x8e][0xad])Q[0x91][0x9b]')f}[0x84][0xfe]9J[0x97][0x18][0x5]r[0xb][\n]"
05:56:06.098 [main] DEBUG org.apache.http.wire -  >> "t[0xc8][0xe5]T[0x96][0x16][0x14][0xc4][0x14] [0x5]>[0xb8][0xcc][0x8][0x1f] P[0xb3][0xa1][0x8b][0x3]r [0xeb][0x0]Y[0x9a][0xcd][0xef],u9cX[0x83][0xcb][0xe9]r"[0x86][0xb9][0xdd][0x92][0x14]Kb[0x9f][0xfe]9Y[0x88][0xa2][0x13]Q[0xc]HT[0x9a]f%)[0x81][0x89]J3<[0x5]%[0x96]$[0x90]|GA[0xff][0x9c][0xd2].([0xa7]Q[0x7][0xcc][0x90]? [0xa7][0x14][0x9a][\n]"
05:56:06.098 [main] DEBUG org.apache.http.wire -  >> "[0xdf]M[0xcf][0x8d]Q\8[0xb8]#[0xff][0x80][0x15][0xaa][0xda][0x18][0x95][0xc1][0x89]J[0x97][0xfc][0x3][0xe][0x18][0x9c]S[0xd2][0xc][0xba][0xc5][0x94]B3[0xe1][0xbb]n[0xb9]I[0xba][0x16][0x91][0xab][0x16]3_[0x4]Tw[0xed][0x2][0x9e]([0xa5][0xa2][0x84]?[0xde] y}[0x98][0x8c]?I[0x92]e*[0xc9][0x92]Y[0xf6]A[0x80]5[0xe5][0xeb][0x80]= [0x9][0x8]Q[0x89][0x9a][0xd9][0xc3][0x2]B[0xa2]I[0x14][0xc5][0xba]<[0x8a][0xe0][0x9d][0xed]O[0x9c][0xce][0xff][0xd9][0x1f][0x8f],[0xea][0xe4]Z[0xed][0x9f]$[0x99]Y[0xf4]$[0x8]u1[0xd4][0xd0]4[0xb2][0xaa][0xac][0x87]R[0xbf][0xf2]5[0x9][0xe6]%[0x91][0xdc]K[0xc6][0x90][0x85][0xe4][0x14][0xb9]M{[0xd2][0xc3][0xd5]EH[0x10]:[0x18][0xca][0xe3][0xc2][0x15]1C\$[0x1e][0x16][0x97]FI{[0xa5][0x93]R[0xa5][0xfc][0xa0]<[~O[0xd6]L[0x3]M[0xcf][0x99]M[0xe6][0xd1][0xe6]rs[0x85][0xa5][0xa3]e[\n]"
05:56:06.098 [main] DEBUG org.apache.http.wire -  >> "[0x96][0xbf]Y~[0x9]h[0x11][0x90][0x8d]e[0x8e][0xb7][0xfc][0x14][0xd8]7[0xf0][0x85] [0x1a]4)[0xe8][0xdd][0xe0]v[0xc1]K[0x82][0xf][0x84]H![0xf][0x87][0xcc][\r][0xf9]:[0xb4]e[0xe8][0xa2][0xd0]+[0xa1]W[0xac][0xe]k[0xa1][0xf5]K[[0xbc]m[0x90][0xed]E[0xdb]u{k[0xfb][0xc4][0xbf]\[0xe][0x85]e[0xf8][0x95][0x9][0xff])[0xff])[0xa9][0xcc][0xaf]*[0x85][0xff][0xab][0xe5][0xb7][0xf0][0x9e][0xe1][0x9f]Et[0xf3][0x96][0xf5][0x11]e[0x91][0x1][0x91][0xb][0xfc][0xca][0x85][0xbb][0x96][0x1f][0xaa]K[0x14][0x11][\n]"
05:56:06.098 [main] DEBUG org.apache.http.wire -  >> "k[0xe7][4[0x14]v[0xd0]"[0xc8][0xaf][0xcb],[0xd0][0xb7]a[0x5]f[0xab][0xf1]>[0x98]<[0x5][\r]i[0x1a]4[0xa1]1[0xb0][0x16][0xb3]B[0xbb][0xb8][0x18]f[0xe2][0xb1][0x1b][0x8f][0xa1]x[0xc][0xab]k[0xc]l[0x1f]M~[0x82][0x95]w5=m[0xa1][0x81]X[0x1][0xbb][0xa4]4[0x98]+u[0x86]]b![0x1e][0x93][0x11][0x9e][0x9][0xb][0xa4]7`[0x17]M[0x82][0xb7][0xc4][0x89][0x90]&[0x89][0xd8][0xfe][0x0][0xec][0x92]+[0xf1][0x1e][0xb6]KKa[0x8e][0x14][0xc4][0xcf]S[0xc4][0x1f]`[0xa7]x[0x18][0xb2][0xc5][0xe3][0xd0]Zj[0x5][0x85]R[0x14][0xcf][0xb][0x0][0x9f]i'[0x9e][0x86]P[0xf1][0x14][0xc][0xa2][0xb1][0xf0][0x14][0xa7])[0x16],[0x6][0xfc][0x6][0xe3][0xf3][0x8b][0xa0]Pl[0x5][0xf][0x8b][0xcb]`[0xb8][0xd8][0x11][0x86][0xd2][0xf7][0xa1][0x3][0xb6][0x8d][0x10][0xc7]C![0xf9][0x19][0xd6][0x90][0xef][0xb5][0xc3]b[0x8][0x9e][0x86][0xad]&[0x1]V#>[0x85][0xe2]Z[0x18][0xc2][0x9e][0xe3]c[0xbe][0x89][0xb0][0x3][0x86][0xd3]b[0xb0][0x88][0x13] _[0xf8][\n]"
05:56:06.098 [main] DEBUG org.apache.http.wire -  >> "[0x9c][0xb2][0x0]-[0x84][[0xe8]$OB$[0x9e]s[0xee]F[0xff][0xf7]Go[0xc2]=xt[0xba][0xcb][0xbd][0x5][0xff][0xdb][0xf3][0xfd][0xe7][0xf7][0x9f][0xdf]~[0xff]w[0xd2]`[0x8c][0xf8]j[0xfc][0x84][0x17][0xa0][0xfd][0xff][0xf]\[0xfe][0xca]O[0x9c][\n]"
05:56:06.098 [main] DEBUG org.apache.http.wire -  >> "[0xb1][0xe2]j[0xe8] [0xaa][0x1f][0xfe][0xf7][0xbc][0xb6]s[0x1][0x1e][0xd9]bC{[0xfd]W[0xe7]d[0xe3][0xdd]u,}[0xa2][0x15][0xce][0xa6][0xef]OD[0xf3][0xfd][0x89]h[0xbe]?[0x11][0xed][0xdd][0x9f][0xf0][0xed]#[0xf0][0x9c]{[0xd2][0x98][0xbc][0xa9][0xc0][0xc2]r=[0x3][0x17]y~D[0xe5][0xe3]8[\n]"
05:56:06.098 [main] DEBUG org.apache.http.wire -  >> "[0x15][0xaf][0xb1][0xbe][0xd2]/R&[0xc4]`[0xd6][0xee][0xff][0xb3][0xeb]'[0xed]k[0xed][0xaa][0xb7][0xc5]vw[0x8c][0xb5][0xeb][0xde][0xf3]7[0xda]g[0xde][0xab]k[0xda][0xf7][0xfc][0xbc]Y[0xbb]V[0xd5][0xeb]7<~e5[0x9e]Ok7[0xb5]%[0xda][0xf3][0xa0][0xef][0x9a][0xb2][0x16][0x1e];h[0xbb][0xea][0x1c][0xff][0xe7][0xaa][0xab][0x9f][0xbc][0xe7]y[0xbe]9[0xff][0xca]O[0xdb]d[0x80]~[0xd0]k[0xed]&?[0xff][0x13][0xd8]>[0xe6]_[0x1d][0xe9][0xe7]Z-[0xef][0xfc]I[0xef][0xdf]j>[0x87][0xfc][0xac]5BU[0x9f][0xd5]j[0xf9][0xa5][0xf6]}[0xfd][0xf9]:G[0x9][0xc5][0xf6]g[0xea][0x18][0xf7]Z[0xed][0xb6]Z}[0xfe][0xa9]][0xd6][0xbe]G[0xf9][0xe9]R;[0xd7]~e[0xbc]>[0x8c]t[0x9c][0xc7][0xfa][0x82][0xf6][0xbc][0xf6][0x96]vC[0xdb][0x81][0xda]a[0xd7][0x8e]kWP>[0xc1][0xbc][0xc7][0xf7]Z[0x12][0xb6]|[0x88]w@+[0xd6][0xae]jOc[0xfd][0x9c]V[0xa2][0x15]i[0x7][0xf0][0xb6][0x15][0xac]Z[0xa1]v[0xb4]J[0x9a][0xaf]k[0xf1][0xd8]RO[0xb3][0xfa]$[0xec][0xbb][0xf3]o[0xf1][0xbe][0xce][0xe4][0x87][0xf5][0xf]l^[0xed][0x9b]K[0xe5][0xb7][0xbc]7[0xd7][0x1d][0xed][0xf2]][0xba][0x85]hg[0xef][0xf2][0xfc][0xd7]2[0xf6][0x8d][0xea][0xfa][0xdf][0xff][0xbc]:[0xa8]?s[0xde][0xb7][0xda][0xfc]~[0x8c][0x13]+[0xaa]z[0xff][0xcb]WksP[0xa7]B[\r]#][0xe6][0x1a][0xc][0xea][0xdb][0x1c]j[0xfb][0x17][0xe6][0xfe][0xad][0x6]|[0x98][0xd7][0x9f][0xb2][0xb7]D[0xda][0xa3][0xda])[0xf5][0x7][0xcd]o[0xad][0xab][\n]"
05:56:06.098 [main] DEBUG org.apache.http.wire -  >> "[0xbf][0xfb][0xa0][0xb7][0xef]1[0x86][0xb5][0xf6][0x1e][[0xaf][0xda][0xe9][0xaa][0x11][0x94][0xaa][0xab]:[0xf4][0xcf]0[0xd7]7[0xda][0xc9]Zm[0xdf]y[0xcf][0x9f]r[\n]"
05:56:06.098 [main] DEBUG org.apache.http.wire -  >> "[0xcf][0xa2][0xb6][0xbc][0x89][0xf5]o5[0xfb][0xf1]>[0xb1]x[0xfc][0xe3][0xcf][0xe7][0xf0][0xf6][0x1c][0xe4][0x7][0x10][0xcc]>d[0xe4][0xa9][0x1d][0x9a][0xe0]U[0x2]4[0x85]f[0x90][0x8]I[0xd0][0x12][0x92][0xf9].|[0x1b]H[0x81]Th[0xb][0xed] [0x13]m|G[0xb4][0xae]Y[0xd0][0x1d]z[0xa0][0xbd][0xbd][0xf][0x1e][0x84]~[0xd0][0x1f][0x6][0xc0] [0x18][0xc][0xf][0xc3]P[0x18]F[0x8a][0xf8][0xbb][0x1f][0x19][0x8b][0x8d]i2[0xf2][0xcd][0x86]%[0x2]G[0xb7][0xe3]u[0x13],2[0xce][0x91][0x80][0xbd]Z`[0xa1]8KK[0x88][0xc4][0x19]R[0xf0]:[\r][0xb][0x85][0xc],!8_[[0xb4][0xc2][0xed][0xb0]Xp[0xde]L[0xb4]B[0x1d][0xb0][0x84][0xe2][0xfc][0x1d]![0x10]q[0xe8][0x84]cga1qL[0x8][0xf4][0xc1]B8>[0x2]b[0xd4][0x1f]m[0xf7][0x0],[0x2]<[0x84]%[0x8]r[0xb1]H[0x88][0xe3]`[0xb4][0xf6][0xf]c[0xb1]#[0xae]C[0xf1]z[0x18][0x96]`R[0x84]X[0x87][0xe1][0xcc]N[0x8e]w[0x14][0xc7];[0x9a]c[0x1c][0xcd]1[0xa6][0xc8][0x97]x[0xa8][0xc7][0xf1][0xb6]![0x9a][0xe2]L[0xcd][0xb0]H[0x1c][0xfb][0x0][0xe4]S2[0xe2][0xd4][\n]"
05:56:06.098 [main] DEBUG org.apache.http.wire -  >> "[0x8b]N[0x9]A~[0xa5]"[0xc6][0x8c][0x86]`NC[0x0][0xa7][0xa1]>[0xa7][0xc1][0xca]i[0x8][0xe2]4[0x84]r[0x1a]d[0xe4]gwNI[0xf][0xe4]T/,f[0xe4][0xed]}H[0x3][0xa3]G[0xe4][0xf4][0x8][0x9c][0x1e][0x13]rz[0x10][0xe2][0xca]([0xb1][0xf8]Qb[0xe1][0x94][0x84]pJ[0xa2]q[0xfe]L[0xee][0xe7][0xea][0x91][0xe7][0xc9]&[0xf2][0x14][0xc9]'[0x8b][0xc9],[0xd2][0x86]$[0x92]x[0xe2] v"[0xc2][0x1d][0xb8][0x1][0xe7][0xa0][0x1c][0x8e][0xc3]N[0xd8][0x80][0x99][0xe9][0xe3][0xb0][0x10][0xa6][0xe2]A[0x90]J[0x19]qc[0x92]J@[\n]"
05:56:06.098 [main] DEBUG org.apache.http.wire -  >> "[0x9b]s[0x1d]HE[0xb9][0xa4]#-[0x99]\[0xfa][0x9d][0xa1]7[0xf4]E,r[0x10][0x7][0xf6]&K@[0xeb][0xb4][0x1c][0xed][0xd9]rR[0x84]g[0xb6][0xdb][0x1c][0x8c]u\[0xbf]l[0x7]:[0x14][0xfb][0xb5][0xc1]~6[0xc4][0xa8][0x7][0xb6][0xf5][0xc4][0xa3][0x17][0x1e]}[0xf0]0q[0xbd][0xb]FNuE:z[0xa0][0xae][0xf7][0xc4][0xa3][0x17][0x1e]}[0xf0]@[0xdd][0xd0]~[0x84]vx[0x10][0x18][0x82][0xd6]K[0xaa][0xea][0xd9][0x1b][0xad][0xf6] [0xb4][0xc]9x[0x16][0xbc][0xad]6l[0xb9][0x82][0xcf][0xc][0xd2][0xde][0xc4][0xde][0xef]c{[\y[0x99]hK:j[0xe5][0x1c][0xfa][0xc][0xa1][0xab][0x8]}[0x81][0xe3][0xe5][0xf0][0xdd][0xfd]![0xda][0x8b][0xbc]>[0xc2]mn$[0xd2][0x10][0x9]Mpm[0xb4]To#[0xb5][0xe1][0x90][0xa5]]B[0xac][0xae]#V[0xd7][0x11][0xab][0xeb][0x88][0xd5]u[0xa4][0xeb]:[0xce][0xf1]O[0xc8][0xc5][0xb9][0x7]#[0x96]C[0xb5][0xef][0x90][0xee]H[0x9c][0xb9]7b:[0x4][)[0x4][0xe3][0xfd][0xae][0xda][0xaf]x[0x95][0x83]~t[0x88][0xc6][0xde][0xa4][0x86]i[0xe][0x84][0x99][0x1e]wD-[0xc1]YQc$[0xb6]W 4[0x95][0x14][0xc4]OF[0x19][0x6]![0xb7]f[0xb8][0x83][0xac]6[0x9b][0xbd][0x9d][0x12]dU[0xa0][0x9c][0xd5]2[0xaf]-[0xbc][0xe].[0x7][0x5][0xb2]r[0x14][0x9a][0x1c]SB[0x1b]u[0xca][0xe5][0x0] [0x0][0xf6]N[0xb9]n[0x91][0x2]>[0xe9][0x96][0xf4][0x93]I?[0x99][0xf9][0xa9]$ [0xe8]Ww[0x90][0xde][0x12][0xcc]O[\n]"
05:56:06.098 [main] DEBUG org.apache.http.wire -  >> "[0xb5][0x96][0x84][0x4][0xfd][0xda][0xaa][0xb5][0xd3]is[\n]"
05:56:06.098 [main] DEBUG org.apache.http.wire -  >> "6BlDp[0x92]4[0xe2][0x14][0x9a]z:[0xd0][0xa3][0xe9][0xea][0x8f][0xea]A[0x12]t[0x95][\n]"
05:56:06.098 [main] DEBUG org.apache.http.wire -  >> "[0xaa]J[0xa8][0xc7]#)w^[0x94]L[0x9e]Etn[0x85][0x8d][0xce][0xf3][0xc][0xa3][0xc3][0xf2][0xe9]0[0xa4]h[0x87][0xf6][0x1b]y[0x94]S[0x10][0x84][0x9a]R[0x1b][0xb9]@[0x4][0x2][0x11][0xb9][0x12]YR[0x2]Z[0xe4]8[0xcf][0xc7][0xfc][0x9a][0xeb]&2E[0xc]Z[0xb5]&.!EHMo[0x13][0x19].[0xc7][0xc5][0x93]![0xaf][0x4][0xff][0xed]d[0xc6][0xe4][0xb6]m'g[0x90]-b[0xc4][0x9d][0xd7][0x92]:v[0x1c][0xdc][0xbe]={{[0x93]/[0xda][0xa9]Kf[0x9b][0xad][0x16]\E[0x8a][0x90][0xec][0xa6][0x1][0x2]'"Y1[0x95]+[0x82]U1[0x97][0xe3]p[0x82]+,Eb[0x15][0x89]h4[0x8d][0x14][0x92][0x10]VK[0xf3][0xd4][0xcd][0xe4][0xc7]|V![0xdf]W[0xa8][0xcd][0xe9]3[0xf2]$[0xd4][0x17][0xb](![0xc9][0x8a][0x98][0xdc][0xaa]uX[0xaa][0xdd][0x9e][0x11]%S[0xc1]d[\r][0x8b][0x8c]2[0xc5]'[0xd0][0x15][0xf3]z,[0xfe][0xa9]C[0x16][0xb2]f[0xe0][0xec][0xf8][0x15][0xf3]o[0xd0][0xbe]W[0xc8][0xe]2[0xa0][0xfb][0x82][0xe9]j[0xaa][0xfa][0xf5]@u[0xb1]zu[0xf7][0x88][0x19][0xbd][0xf7][0x92][0x1][0xdc]~[0xe2][0x98][0x19]5[0xc6]$[0xe1][0x94][0x9a][0x12][0xd2][0xed]ai[0xa9][0x94]&dD[0xda][0xed]4c[0xf6][0xcf][0xcb][0x13]6[0x1f][0xa2]9[0xc5][0x8f]$,[0xbf]9[0x97]f}[0xa9][0x8e]S_[0xee]5c[0xe][0xf9][0x99]$;[0xce][0x92][0x9][0xa4]Q[0xf6][0x8c]^[0xea]nu4[0x8e][0xd9]P[0xbd]DR[0xe1][0x1f]h[0x9][0xea][0x81]bI.[0x11][0xab][0xd9][0xc7][0xf4][0x2][0x18][0xda][0x9][0xe9][0x19]i)[0x11][0xe1][0xf2][0xca][0x9][0xc3][0xc4]7G[0xa9][0x97]z.[[0xfd][0xca][0xba]1[0xa7][0xf0][0xe9]&4[0x96][0x6][0xd3][0xfd]([0x15]; [0x8f]J[0x8][0xa9]z[0x1a]Qs[0xa6]9i[0xb0]Z[0x8f]|Gc72[0xfc][0xd7][0xa2][0xc][0xe7][0xc0][0x19][0xc4][0xbe][0x81].A[0x13][\n]"
05:56:06.098 [main] DEBUG org.apache.http.wire -  >> "[0xcd][0xc4][0x84]F%[0xbf][0xe7]2[0x98][0xa4]"[0x98][0xa8][0xd6][0xb6][0xcb]k[0xdf]>[0xaf][0xdd][0xc8]V][0xba][0xb4]j[0xd9][0xa9][0x13][0x1b][0xc3][0xae]-[0x13][0xac]\[0xf][0xc2]p[0x8c]d[0x83]"[0xb4]j[0x1d][0xe5]")%[0xdb][0xe9][0x88]m[0x8b][0xe4]$&[0xcf][0x99][0xda][\r]1@:[0x8a]k7[0x6][0xf3][0x1b][0xde]9[0x0];[0x7][0xf8][0xb4]F@@@[0x4][0x94][0x0]k[0x89][0xad][0x1a]w[0x14]tI=[0x3])V[0xea][0x8a][0xa3]B[0x9a][0xd5][0x9e][0xd2][0xc6][0x1e][0x96][0x90][0x1a][0xef][0x8a][0x93]M[0xb6][0xf0][0xc8][0x94]6[0xe9][0x19]b[0xc0][0xa5][0x1b][0xdf]%^[0xfa][0xe1][0xfa]%[0xa1]ty[0xd1][0x93][0x8f][0xd3]U[0xab]W[0xad][0x10][0xe8][0x14][0xf5][0x90]z[0x14][0x15]=[0xe5][0x16][0xe9]J[0xda][0xaa][0x9f][0xa8][0xc7][0x83][0xaf][0xff][0xfd][0xdc]%[0xf5][0xfc][0x8d][0xcb][0x9f]^EJv#[0x82][0x17][0xa4][0xb7]pEf[0xea][0x98]I[0x88][0x8c]T{[0xb1][0x81][0xc4][0x14]PL.[0x11][0xaa]1rSA[0xe2][0x9a][0xed]t[0xd9][0xa4][0xb4]&)[0xf4][0xc2]Au5[0xb5]7[0x14][0xcf][0xac][0xda][0xf9]>[0x8e]=[0x14]U8[0x5][0xe9][0x8e]B[0xb][0xca][0x87][0xb3][0xe2]p[0xd6][0x9a]c[0x97]D[0xf9][0x91]L[0xcb][0xdd][0x82]5[0x8a]Me[0xb5][0x96]X[0xfc]nX[0xad]JP[0xb9];"[0xca][0xaa]O[0xe8]L#[0xe9][0xe9]i[0x9c][0x3][0x11][0xae][0xd4][0xc6])LT[0x84]8[0xc5][0x94][0xca][0xee][0xe4][0xf6][0xf4][0x81][0x5]3[0xb][0x9e]-%[0xc2][0x85][0xf]n[0xe0][0xc2]^@[0xff][0xb1][0x82][0xb6]Z[0xb2]}`[0xde]S[0xc5][0x85]'oV[0xf2]w[0xf5][0xef]j.[0xe2]7L[0xbb]![0xfc][0x81][0xf8][0xc5][0xc3][0xa3]:~[0xc1][0x88]R[0xb0][0xf][0xbf][0xfa][0x8][0xd4]g[0xb4]Cp}[0x86][0x10]$[0xbb]?[0x6]2[0xd4][0xbd][0x1d][0xc8][0xc]w2[0xbb][0x1a][0xe]$O[0x9][0xb6][0x96][0xc8]~x[0x6]s[0xe3][0x5][0xd6][0x92]x?>[0x85][0xc5]s[0x1b]T[0xdf][0xaa]4([0xc7][0xba]$[0xd6] [0xd5][0x14][0xa4][0xc4][0xaa][0x13][0x92][0xce][0x9][0x91]M[0x91]X[0x8b][0x8e][0xc6]i)\[0xb8]Hg[0x82][0x8b][0xac]\[0xbd]l[0x83]6[0xaf][0xa8][0xd4][0xf3][0xde][0xe9]k[0x8f]N[0x9c][0xb7]L[0x3]u[0xac][0xaa][0x1d][0xdc][0xb0]x[0xe5][0x93][[0x9f]^-[0xb4][0xa1]+[0xf3][0x8][0xac][0x9a][0xf1][0xda]7[0x9f][0xff]m[0xb8];1^Yr[0xf4][0x9f][0x97][0xf6][0xcf],(\[0xb6]$[0x9f]2-[0x1c][0xad]i[0xc2]m.[0x8d][0xc6]h[0x8f][0xab][0xcd][0x95][0x8f][0xde]0[0x4][0xc2][0x18][0xbd]BX [0xc3][0x16][0xcd][0xe][0x8]"
05:56:06.099 [main] DEBUG org.apache.http.wire -  >> "[0xfc]*[0xcc]Z[0x12]~W[0xb5]T[0x2]k[0xd2]#[0xcb][0xae][0xb8][0xf8][0xf8][0xb4][0xd4]t[0xa4][0xc6]n[0x8b][0xb0][0x82][0xe4]JC[0x1a][0x9b][0xa0][0x96]z%[0x16][0x1e])t[0xca]|n[0xc4][0xe2]Cc[0xa7]}[0x98][0xfe][0xf]UQ_k[0x9c][0xf0][0xcd][0xef][0xea][0x8f]C[0x8b][0x1b]o[0x9b][0xbf]`}[0x11]][0x9a]5`[0xe1][0xe5][0xfc][0xa7][0xae]-T[0xdf]Q[0xbf]OW[0x1f]R[0xe7]K[[0xc5]o[0xef][0xe4][\r][0xe8][0xbd][0xff][0xea][0xa1]g[0x9f]9[0x82]9[0xed]J\[0xc7]S[0xc4]n(=[0xfb][0xef]@L[0xb8]&o[0x9]3[0xd1][0xb7]UK2[0x9a]-F[0xa4][0xbc][0x1]f[0xb6][\r]q[0xb5][0x9a]02[0x19][0xe0][0xe][0x8][0xc]bD[0x5]X[0x15][0xd1][0xeb]_D[0xec],[0xfa][0xd8][0xc0][0x97][0xb1][0xdd][0xb][0xc8][0x8][0xc8][0x8c]'f[0x91][0xd9]p[0xc5][0x9c]\[0x2]~r[\r][0x10][0xbd][0x96][0xdd])[0xe0][0x92]'.<[0xb][0x1f]y[0xb6][0xad]:N[0x13]w[0xd2][0xa4]c[0x9e][0xfb][0xc9][0xcd][0xdb]d[0xa1][0xba][0x1c][0xdd]I6[0x8d][0xa6][0xbb][0xd0]^`V+[0xe6]#.![0xe8][0x17]c[0xd1]3[0xf3]i[0x8]NCj[0xad][0xb9]( l[0xce][0xa8][0xe4][0x92]P[0xbf]9[0xcd][0xa1]|y[0xa0][0x86]Y[0xfd][0x84]@j[0x8]![0xc5][0xe6][0xac][0xd6]$[0xd9]E[0x10]D%s6qrmr9w[0x91][0x8b]?[0xdc][0x9c]5z[0xce]*[0xf5];[0xf5]}[0xd2]q[0xe5][0x16][0xf5][0x8a]ZF[0xe2][0x16]o,,R[0xaf]J[0xca][0xd1][0xb2][0xb1][0xc5]-[0x9c][0xa5]K[0x8f]~Ewy~][0xbd][0x80][0x98]6/[0x9e]<o[\n]"
05:56:06.099 [main] DEBUG org.apache.http.wire -  >> "[0xae][0x99][0xb9]h[0xcb][0xce][0xa3][0x16]5[0xc0][0xe8][0xad][0xb6][0xe]UY[0xb2]@[0xab][0x12]Z[0xce]T[0xc3]nT[0x9c][0xfa][0x6][0x10][0x97][0x3][0xd3][0x17][0xd1][0xe5][0x0][Z[0xaa][0x1d][0x97]1D[0xb9][0xe2]QEhDD[0xb8][0x9d][0x9b][0xb5][0xf3]1[0xea][0xe5][0x1f]UU=[0xb9][0x8e][0x4][0xec][0xfb][0x8e][0xd4][0x8b]:R[0xff][0x95][\r][0x7][0xce][0x1c]w[0xef][0xd8][0xd3][0x80][0x9c][0xfe][0xb6][0x82][0xe4][0x91][0xf4][0xc2][0xf]H[0xea]K[0xaa][0xe7][0x9b][0xbd][[0xd5][0x9f]*[0xd6][0xfc][0xa0]~[0xb7][0xee][\r][0x94]:[0xe3][0xf4]q[0xe4]t F[0x99][0xed][0xff][0x84][0xcf][0x8c]wA~h!g[0x83]k[0xb2]R[0xb4]GE[0x84]S[0xd1]$[0xd8]P[0xa5][0xd3][0xd0][0xc9]%[0xec]"[[0xde]%[0x8d][0xb7][0x93][0xed][0xea][0x85][0xa3][0x9f][0x9c][0xba]t[0xeb][0xfb]s[0x92][0xb2]S=ur[0xe8]i[0xf5][0xd4][0xcb]T[0xb2]W[0xac]&[0xe1][0xda][0xc0][0xdb]$[0x8c]2[0xc1]p[0xe9][0xce]qy[0x10][0xaa][0x15][0xcb][0x87][0x9][0xd7]?&[0xf1]@Qf[0xb2][\r]4h[0x99]"ZK[0xa8][0x1f]([K[0xcc]F[0x7]gsFx[0xf][0xe1]+[0xcf]*[0xfa]E[0xe5]([0xe1]iO[0x12][0x9d]K[0x9f][0xf3]T[0x16]K[0xca]65[0xd1][0x87]C2[0xe2]`[0x81]{[0xfe]D[0xed][0xdd][0x16]*2[0x1c],[0xb5]p[0x90]kL[0xea][0xf2]N[0xf9][0xa1][0xa7][0xb8]LX[0xe9][0xc9][0xa4][0xa3][0xe8]2[0xcf]"6[0x1d][0x8b]6[0x17][0xa0][0x9e]\D=[0x89][0x85][0xc9]IO[0xee][0xee][0xf7][0xdc][0x8d]t+[0xd4]([0xf9][0x8d][0xc3][0x8d]>nD[0x87][0xbe][0x11][0xda]([0x96][0x9d]:7[0xea][0x8b][0xa7][0x92][0x86][0xfe]x5Ae[0x8a]kL[0x13][0xd2][0xac][0x80]R[0x8b]rQ':L[0xaf].[0xd9]0[0x12][0x10]/[0xf6]Vo)n[0xf5][0xc6]F[0x8a][0xb]6[0xf2]*[0x89][0x8c]-KW/[0x1d]y[0x9f]|ux[0xf2][0xf3]i[0xea]>j=<q[0xc2]+$[0xf5][0x83]%[0xa4][0x17][0x99][0xf8][0xfd]9[0xe2]TV[0xb5][0xb9][0xbf][0xa9]_[0xb6]jGzl[0xd5][0xf9]([0x99][0xb9],[0xc7][0xd5]!K[0x83]c[0xaf]R1)[0xa3][0x82]1[0x17]aIv[0xdf][0xb4][0x90][0xa1]o|l[0xf9][0xd2]Bg[0xb8][0x8b],[0xcc][0xab]X[0x98][0xb1][0x90]<[0x81]s[0xf7][0xca][0xd8][0x8d][0x8a]hK[0x91][0xcc]G<qee[0xf4][0xd2][0x11][0x94][0xee]pI[0xf1]<I[0xf3][0x98]t[0xdf][0xc2]j.[0x8f]H[0x1a][0xfe]I[0xd0][0xcc][0xc7]J!s[0xcb][0xca][0xb0]+>[0x95][0x86][0x1e][0xf0]C[0xbc][0xc][0xc5][0xcc][0xa7][0xba][0xa3][0xef])[0x1e][\n]"
05:56:06.099 [main] DEBUG org.apache.http.wire -  >> "0[0x8c][0x11]][0xc9][0xb0]H[0x98][0xd7][0xb2][0x85]3;[0xef]uQ[0x19]B[0xe0][0x91][0x8a]3[0x17]~)[[0xf5][0xf8][0xdc][0xa7][0x89][0xa4]T[0xfc]q[0xe6][0xc6][0xa5][0x13][0x8b][\n]"
05:56:06.099 [main] DEBUG org.apache.http.wire -  >> "7<[0xe1][0xe5][0x98][0xc4]96[0xab][0x8e][0x18][0x83][0x87]_uZ__4[0xed][0x6][0xca][0xe2][0x8c].[0xb6][0xde][0x98][0x84]M[0x84][0x5]P[0x0][0x9b]1p9[0x8][0xe6][0xa1][0xee]v[0xcc][0x11][0xcb][0x12][0xb3][0xc3]][0xc2][0xd2][0xe5][0xee][0xf2] y[0xac]<G^)o[0x90]_[0x96][0xf7][0xcb][0x96][0xa1][0x88][0xaa][0x89]3[0xf][0xe5]M\4[0xc6][0x8d][0xcc]{[0xe2];[0xcf]{t[0xe2]?[0xe9]K[0xa5]j8[0xb2][0xb0][0x15]-[0xf7],[0xaa][0xfc][0xc4][0xbb]F[0x1a] [0xa6][0x12]f[0x83]w_#[0xfe]+[0x3]U[0x8e]-[0x83][0x14]2[0x91][0xba]+[0xd7][0x1c])[0xc6][0xf5][0xa6][0x8f]#[0xf7][0xe3]V>[0xb7][0xe][0xbe][0x1a]DS[0xad][0x16][0x8][0x98][0x11]0[0xfb][0x80] [0x4][0x82][0x18][0xf9][0x4]D[0x9e][0xe2][0xe8][0xa7][0x0]~j[0xd5][0xda]BS[0x90][0xae]0[0xf4]:ax&[0xcf][0x91][0x8b][0xe4][0xe2][0x1f]ev5[0xee]i[0xd5][0x15][0x86][0xf2][0xad]xX|[0x11][0xdd]N[0x6][0x1d]]1F[0xdc][0xe4][0xd9][0xee]9[0xa9][0xcb][0xdc][0xa7][0xbf][0x16][0xb8][0xcf]M[0x2][0xd8][0xd2][0xaa]C([0x1c][0x91]:[0xd5][0xd8][0xb7]t[0xdd]T[0xd2][0x13]/~b[0x8a]E[0x18][0x9b][0x89][0xae][0xa2][0xae]#G[0xe8][0x97][0x87][0xc5]G*[0xb6]!"[0xcf][0x8a][0xe3][0xd0][0x1e][0xcf][0xd1]nH[0x16][0xb4][0x8]6[0xb4][0x9][0xed][0xeb][0x88][0xb7][0xaa][0x18][0x81][0x11]U[0x84][0xd1][0xf4]40h[0x1e][0x1a]b}[0x8d]s[0x8f]![0xda]#[0x12]x\l[0xe2][0xcb][0xdc][0x9e]!Y[0xd6][0xaa][0xb7][0x95]W[0xd5][0xdf][0x9f][0xa6]O[0x91][0xc0]W[0xf7][0x91][0xc0][0xb5][0x87][0xcb][0xf][0xed]?#|Rz[0xf0]C[0x81][0xee]:[0xa7][0x1e][0xd9][0xb9][0x8b][0xb4];=[0xe1],[0xb9]g[0xcf].[0xf5][0xf0]g[0x94][0x8]$B[0xbd][0xfe][0xfb][0xa4][\n]"
05:56:06.099 [main] DEBUG org.apache.http.wire -  >> "[0xf5]2[0x9][0xf5][0x80][0xd7]w[0xb0]%[0x12][0x80][0xf1]}_w@x[0x84]7b[0x8][0xf2]F[0xc][0x9c][0x9]>[0xc4][0xb9]W[0xe1][0xe6][ u[0x98]o[0xc1][0xe0][0x4][0x11]f9[0xdb][0x88][0x18][0xe0][0xb9][0xbc][0xee]8[0xc1]I&[0x94][0xd1][0xfa]7I[0xa8]z[0xeb][0x96][0xba][0x8b][0xe4]n~[0xf1][0xc5]"u+[0xcd][0xf4][0xa0][0xff][0xfa][0xf5][0xe4][0xa7][0xdf][0x14][0xaf][[0xf5][0xf8]V[0xf6][0xed][0xde][0x14]-@[0x92][0x91][0x87][0x11][0x10][0x87]x[0x99]][0x8d]yPbU[0xea]{[0xf1][0xb2]!*[0xb6]F5[0x94][0xc9]-[0x98]y[0x8e]m3[0xba]_[0xb3][0xb5][0xc4]Q[0x83][0xaf]&[0xc9][0xd4]D[0xbe][0x1b]o[0x1d][0xc8]Z[0xb2]r>[0x11][0x97][0xa9][0x1f][0xf5][0xcc][0xae][0xe2][0xaf][0x82][0xfc]-[0xfb][0xe8][0xdd]7[0xcf][0x8]g[0xc8],[0xc6][0xdf]O[0xd4][0x8f][0x7]}8[0xff]W{[0x15][0x8f]w[0xab]G>#[0xf8][0x8b]b<[0xbe][0xa3]~[0xe5][0xe5][0xf1]N[0xe4][0xf1]I[0xbe]F[0xa2]`[0x94][[0xaa][0xc7][0x83]l[0xc9][0xaa]D[0xfe][0xdb][0xa8][0x8c][0xab][\r]#[0xcc][0xaa]GeVcT[0x16][0xc8][0x17][0x8][0xd3][0x9b][0xc8][0xda].[0x8b]1^6[0x91][0x8][0x8c][0xd5][0xbc][0xbc][0xa7][0x87][0xd5][0xdd]G[0xc8][0x95][0xdf][0x89][0xe5][0xe9]ed[0xd0]i[0xcf]T[0x92]P[0xb4][0xeb][0xb9]M[0xea][0xe7][0xf4]~[0xcf][0xeb][0x92][0xf2][0xd5][0xb9][0xfc]Sm<[0x1b][0x82][0xe8][0xb5][0xf5][0xb][0x9f]X[0xcb]>M[0x83]l[0xf4]my<o[0x18][0xed][0x86][0x84][0xa6]U+[0xc8][0xe0][0x8][0xa2][0x11][0x88]f[0x18][0xcb]V%[0xb0][0x9c]y[0xed][0x10]?[0x1c][0xe3][0xa3][0xb9][0xa7][0x8f]7F[0xd6][0xd1]V%[0xb6][0x1c][0xeb][0x92]8[0x3][0xe2],[0x98]f)N$f[0x8][0xde][0xf8]Y[0xe4][0x19][0x2][0x8a][0xca]g[0x80]S[0xe3][0xe9][0xa0][[0x97]I[0xd8][0xc5][\r][0xd7][0x1f];[0xb2][0xf3][0xd9]'[0xb7]o$[0x93]>[0x1a][0xa5][0xde][0xf8]v[0x83][0x8a]f[0xe9][0xbd][0x17]6=[0xbf][0x81][0xae][0xea][0xf1][0xf1][0xa6]W/[0xcf][0xfa]p[0xfe][0xf2][0x8d][0x8b][0xa6][0xe5]>:[0xf6][0xd1][0x17][0xa7][0x95]|6[0xf3][0xc4][0x92][0xe5][0xcf].<7[0x1b][0xe9]j[0x8d][0x12][0xd9][0xc8][0xe3][0xe4][0xe4]:[0x8][0xaa][0x12][0x1][0x92]b[0x8][\r][0xca]}[0xbc]E[0xf7][0xba]QM<[0xac]&[0x89]c%[0xfb][0x9d][0x1f]%[0xfb]6[0xc6][0xad]B[0xe4][0xd6]n[0x1c][0xd5][0xe][0x1d][0xdd]RXx[0x15][0xb7][0xc]&[0xd1][0x82][0x80][0xa5][0xa6][0xdf][0xf1][0xe7][0x18][72[0x98]Lq[0x90][0x80][0xb6]\O[0x8b]l[0xe2]n[0xa2]j[0x17]Sn[0xaa]W[0xe9][0xbb]{[0x9f]{[0xe1]5I[0xa9][0x8c];[0xad][0xde][0xb1]RB[0xaf][0x8]_U[0xc6]o[0xdb][0xb7]w[0x9b][0xf0][0xf][0xfe][0xc5]([0x88][0x1e][0xc4]A[0x86][0xb6]n0[0x99][0xab]p0[0x4][0x84][0x6][0x3]Xe[0xe6][0x80][0x8][0xdc][0xbe]5[0xe1][0x1]~[\n]"
05:56:06.099 [main] DEBUG org.apache.http.wire -  >> "]Mv[0x9c][0xf5]\[0xdd][0xed][0xf9][0xe6][0x8c]&[0x96][0xdc][0xc9][0xd6]mj;[0x1c][0xff]4[0xf7]p[0x93][0xea][0x18][0xd8][0x10][0x13][0x18][0xec][0xbd]o[0xeb][0x1]ga:[0xdb][0xc5][0xb2][0x12]6[0xc0][0xcb][0xb0][0x1f]Dtj[0xde][0xa6]U[0xf2][0xb3][0xf2].[0xb9]T[0xc6]&[0x1][0x98][0xd6][0xb8]-[0xb2]nr[0x9]wi[0xfc]_[\n]"
05:56:06.099 [main] DEBUG org.apache.http.wire -  >> "]N[0x86]^QS[0xc9][0xdf][0xaf][0xaa][0x9b][0xd5]M_[0x93][0xf3]j[0xca]e[0xe1]q[0xda][0xd2][0xd3][0xd2][0x13]G[0xdb]zN[0xd0]K[0xf4],[0xc3]4[0x14]1=[0x84][0x98][0x9a]Q[0xda][0xb5]15[0xf8][0xe2][0xaa][0xb0]TGN[0x9f][0x8f][0xb9][0x9a][0x14]:[0x86],[0xfc]\[\r](S[0x3].[0xd2][0xcf][0xe8]?*[0xa7]y.[0xd3]Xa[0x1d][0xf0][0xbf]l[0x0]q[0x1][0xf7].[0xdd][0xa1][0xf6][0x90]uyP[0xb7][0x8]|[0x15][0x9b][0xac]%[0x92]_[0xab]E2[0xe9]|G[0xf7][0x9a][0xc6]6q"H;[0xa1]k[0xc5]E[0xa1]Q[0xe5]M[0xe1]Vq[0xf1]Z[0xf1][0xf1]mk[0xd8][0x8c]O[0xa9]'h[0xa0][0xbc][0x14][0xb5][0xb6]1 [0xce]8a[0xcd][0xc8]U0[0xa8][0x11]:)[0x16][0xb7][0xd2][0xc0][0xc3][0x87][0xd5]'[0xc8]|[0xe9][0xbb]?[0xe6]m2[0x1d]`#Y[0xd4][0x13]d[0x19][0x1f])[0x81][0xed]#!k[0xd8][0xb6][0xa1][0x1f]R,U0[0x84][0xc1]a8P[0x1a][0xba]a[0xb]Y[0xa0][0xae]<rD^z[0xbb][0xe7]&9[0x1f][0xb8][0xa5][0xbe]!\[0x13][0x1f][0x80]F[0xd0][0x14][0x16][0xba][0xa3][0x9a]5[0xe7][0xa9][0x9c]Uqx[0xad][[0x14]r"*[0xba].[0x9d][0xa8][0xca][0xff]h[0x14][0xf7][0xf7][0x81][0xfc][0x84]^[0x5][0x1f]7d[0x82][0xf6][0xc0]([0xaf][0x9d][0xf3]K[0xfd]X,[0xed]2[0x4][0x8f][0xf1][0x9]<NC[0xb][0x92]R[0xb5]a[0xc2]R[0xf3][0xc8]([xT[0x4][0xcf][0xca]][0xe][0x96][0x92]7[0xb5][0x6]<[0xf6][0xfa][0x8e][0x8f][0x8][0xf9][0xfe][0x8d]Y3F[0xad]<8[0xf3][0xd8][0x9c]C[0x9f][0x8a][0xf1]j[0xe0]C[][0xeb][0xd4]Wg9[0xfa][0xad]|s[0xf5][0xae]C[0x3]G[0xce][0x1c][0xdd][0xe3][0xc1][0x8d]9[0x87]^TC[0x9e][0xc9][0xb1][0xae][0x19][0xdc][0xf3][0xd2][0xfb][0xf]=[0xc2]hf+[0xdd]![0xb3][0xbf][0x82][0xa9][0xf]c[0xdd][0xf6][0xe8][0x18][0x86][0x9e][0xdd][0xaa][0x8]H[0xb3]9[0xb9]:[0xa6][0x89][0xae][0xb1][0xc6][0x8c][0xa9][0xb6]d[0x16]x[0x98][0x13]$[0xe8][0x1b][0xc3]5S[0xc8][0xa8][0x1a]N[0xcb][0x15][0x97]`b[0xf1]][0xba][0xc3]n[0xe3]{b&[0x1b][0xb3][0xe][0xa2][0xe3]j[0xd9]G[0xd3]-[0xbb]K[0xa7][0x93][0x82][0xcb][0xa5]O[0xad]z+{[0xe0][0x1b]+[0xd6]S[0xdb]m[0xf5][0x93]u[0x8b]d[0xf0][0xbc][0xb7]Z=[0xa7]z[0xa4]wN[0xef]V[0x13]w[0x9f]F[0xe9]?[0x8c][0x12][0xbb][0x81][0x12]k[0x8]}[0xdc][0xd6]F[0xb1]U6[0x82]oZE[0xd7][0xf0][0xa9][0x6][0x15]33[0x12][0xd9][0xe]U8[0xab][0x8d][0x8]2[0xfe][0xa6][0x84] [0x92],[0xc3][0xd5][0xd9][0xce]3\[0x19]3[0xdc]H[0xda]i[0xd4]z[0xf3]>i[0xce][0xb1][0xa9]_[0xa8][0x15][0xb3].[0xac][0xdf][0xff][0xb3]y[0x9f][0xb9]h[0xc2][0x9a]-[0x9b][0x97][0xcd][0x1b]<t[0xe7]h[0x92]@ v[0xdb][0xef][0xf9][0x9f][0xef][0x9d][0xf0][0xc4][0x7]e[0xae]C[0xa7][0x18][0x97][0x87]#[0x9e]?[0xc9][0xec][0x1d]o4r[0xb9]^L[0x3][0xc6][0xa6]z:[0x97][0xe5][0xe4]j[0xc6]F[0xd7][0x8]#[0x8d]1[0x81]$[0x4]q.[0xf3][0x13][0xe3]r[0xd8][0x9f]l<[0x86][0xa5]bd[0x15][0x85]<v1][0xa2]iQ[0xcc][0xfe]f[0xd8][0x18][0x19][0xc3]o[0x1c]~wZ[0xe9]n[0xcb][0xb4][0xe3]o[0xff]P[0xba]i[0xa5][0xf2]`[0xff]W[0xf3]7[0xd1][0xf8]?H[0xf2][0xe3]4[0xf5][0xe][0xcc][0xca]'[0xa9][0xb7]M[0x7][0xca][0xb7][0x91][0x9f][0x9f]=[0xcb][0xb0][0x1f][0x8a][0xd8][0xff][0xb][0xb9][0x1c][0x81]|[0x9e][0xec]6s>3[0x6][0xfa][0xbc]>G0[0xba][0xe6]R[0x88]6[0xf3][\r][0xb4]hL[0x1][0xa3]?[0x8e][0xc6][0xa4][0xaf]F[0xc2][0xee][0xb7][0x15][0xe2][0xe][0xd3][0xfb][0x9a]k[0xb8])[0xe][0xd2][0xaa][0xf6][0xa4][0x9c][0x91]<i[0x89][0x92]I[0x9c]lr[0xa6][0xc5][0xc7][0xd3][0xfb]/[0xaa]7[0x1e][0xfd][0xe2][0xb1]O[0xae]y\[0xe2][0xeb][0x5][0x8f][0xe4][0xa7][0xcc][0xc8]W/L[0xdf]d[0xa7][0x8d][0xcc][0xf9][0xe1][0xc4][0xf9]K[0xdc]s[0x9e]"[0xf5][0x9a][0xea][0xb9][0xc7][0xb1][0xec]{r[0xce][0x8][0xa7]^x:d[0xcd][0x16][0xe0][0xd7][0x5][0xf4][0x94][0x1c][0x81][0x14][0x8d]q[0x87]FFU[0xe9][\r][0xa7][0xc4][0xe1][0xaf][0xea]>[0xb2]x[0x94]V[0x93]F[0xc6]tb[0xc][0xcf][0x82][\r][0x96]G[0x9]+G[0x5]c[0xfb][0x11][0xae]4\[0xc9]HH[0x94]IW[0xa4][0x94][0x8][0x97][0xed][0xdb]={[0xe][0xee][0xee][0xd2]9 9m[0xf0]#[0xdf]~+[0xec])[0x9a][0xb6][0xf7]][0xdb][0x6][0xcb][0x84]G[0xf2][0x8a]*[0x7]"[0xdf]G[0xa8][0x83][0x84]_[0x90][0xef][0xf5][0xd1]J[0xae]t[0xc7]5[0x89]g<[0x8a]c[0xa1][0x9][0xd4]F[0x90][0xaf]E[0x1f][0xc0][0xb3][0xb0]p/[0xc0][0xcd][0x96][0xae]?[0x8c]Rwh[0x14][0xcf][0xcd][0x8d][0x9][0xbc];[0x82][0xdf]d[0xf6][0xaa][0xa1]Q[0xab][0xe2]jkU[0x86]7[0x91]L[0xc8][0xe0]>=[0x8d])XF[0xb5]~[0x8d][0xb8]v[0xe4][0xf8]4[0xcb][0xae]?[0xce][0xce][0xfe][0xaa][0xfd][0x88][0xb9][0xaf]>[0xb1]qZ[0xd9][0xbb][0xd7][0xf]nxb_[0xbf][0x81][0xbb][0x9f]@E[0xf3][0x90][0x16][0x85][0xf3]*[0xbe]:[0xfb][0xcb][0xe8][0x87][0xa6]=[0xbd][0xa9]`[0xe8]R[0xd2][0xe6]_o[0x9d][0xd9]N~[0xdc]r[0x96][0xc5][0x1e][0x0][0xc2][0x97]2[0xfb]b[0xa5][0xb7];[0xc0][0x1e][0xc6]ec[0xf5][0xdb][0xae][0x8f][0xae][0x11]qp [0x4][0x81][0x90][0xea][0xb4][0x93][0xf9][0x80][0x0][0x83][0xcd]IOq[0xb0][0x94]+^[0xdf]gIO[0xd6][0xa3][0xc7][0xc8]CB)[0x99]0mp~|i[0xa9][0xf0][0xd6]Fu[0x91]'[0x8d]~8{[0xfa][0x88][0x7]*=[0xec][0xcb]y[\n]"
05:56:06.099 [main] DEBUG org.apache.http.wire -  >> "[0xcc]Y[0x8d][0xc7][0xa8][0x91][0xbd];[0xea][0xec][0x96][0x83]C[0xd8][0xd8][0x18][0x1c][0x12][0xff][0xb7]\[0xb5][0xb4][0x82]Z[0x95][0x80]r[0x8c] [0xfc][0xdf]([0xe9]Y|[0xf5][0xab][0xa4][0x81][0xa5][0xa5]'[0xf4]7Ib&[0x89]M[0xea][0xd4]ip[0x7][0xa6][0x94][0xda]a[0xb5][0xf][0xc9][0xc5][0x19][0x83] [0x92][0xd9][0xb4][0xa8]z[0xfa][0xbe][0xba][0x2][0xde][0x19]k[0x1b]c[0x14][0xb3][0xff][0xe6][0x12]{[0x9][0x17]Q[0xae]D$[0x97]X%C$fu[0xc6]%[0xa4][0xe9]1[0x98][0xc0]7[0xad]9[0x1e]}[0xd4]o:[0xa6]:R;u[\r][0xcb]HKGt[0xd2][0xc5][0xcc][0x8a]^[0xea][0x9][0xfb]z[0xf3][0xbd][0xfd][0xc5]C$6[0xb1][0xb3][0x8e][0x19]a[0xbc][0x10][0x83]d[0xf6][0xc5][0xcf]l[0xbf]`[0xdf][0xe1]o[0xa4][0xa2]k[0x84][0xc]5v[0x4][0xcc]<[0xe3][0x8f][0xc8][0x84][0x9a]{[0x2][0xa7] [0x0]c'[0xef][0xed][0xda][0x1b][0x2][0xc7][0xe5][0x80][0xea]-[0x81][0xc]=[0x80]:8[0xab][0xb4]t[0x14]y[0xf0][0xb2]:[0x84][0x9c][0xbb]@~[0x9b][0xaf].[0x97][0xa1]r[0xf8]\2Z[0xed][0xe0])@l[0xb7]"[0xca][0x3]e[0xa8][0xb1][0xb7][0xe2][0xa8]!*[0xef][0xde][\n]"
05:56:06.100 [main] DEBUG org.apache.http.wire -  >> "[\n]"
05:56:06.100 [main] DEBUG org.apache.http.wire -  >> "C[0xff][0xcb][0xa8][0xd5][0x0][0xf2]<[0xee]O[0xe6][0xb9]E?bXi[0xb5][0xcd]]t[\r]R9[0x10][0x8e]@[0xb8][0xf][0x88]A [0x86][0xef][0xb][0x98][0x3][0xf9][0x1b]P~b[0x6][0xc3]G[0xb8][0x1e][0xb][0xcb][0xa3][0x98][0x95]H[0xf7][0xea]k[0xaa]O_S[0x99][0x8f][0xc4]8.S[0x9a]{[0xea][0xeb]~[0xe9][0xaf][0xcd]![0xa3][0xe5][0xd2][0x89][0x8b][0xc6][0xe5][0x7][0x1e][0xfc]v[0xff][0xbd][0xa5]b[0xe6][0xbc][0xc2][0xbd][0xf][0x8c]P[0x9f][0xf0][0xb4][0xa0][0xa7]f[0xcd]|t[0xbc][0xa7][\r]=vcK[0xe5]51[0x13]|k[\n]"
05:56:06.100 [main] DEBUG org.apache.http.wire -  >> "[0xe9][0xb2][0xc1][0x0]w[0xa0]wM[0xd5][0xa2][0xcb]@[0x8a][0xcf][0xb5]s [0x14][0x81]P[0x8e][0xbd][0xc0]S [0xb4][\n]"
05:56:06.100 [main] DEBUG org.apache.http.wire -  >> "[0x81][0x86][0xd5][0x15]Usy[0x91][0xf6][0xf2][0xc2][0x13]~[0xcb]K[0xcc][0xcc][0xdf][0xea][0xbf][0xbc][0x10]-[\n]"
05:56:06.100 [main] DEBUG org.apache.http.wire -  >> "C0[0xf6]HE[0xac]B![0x6][0xb2][0xdc]A[\r][0x1a]z[0xdf]*[0x87][0xf9]g[0x93]5][0xa2][0xc1][0xe9][0x89][0x86][0xf4][0x98][0x99]'[0xe6],[0x0][0xfd]4{[0xa1][0x1][0xba][0xd3][0xf3][0xbe]s[0x1a][0xb2][0xe8][0xcb][0xa2]/[0x88]m[0xfe][0xe5][0xa7].[0xaa]7[0xf][0xbe]R[0xb8][0xe6][0xe5]][0x85][0xab]v[0xd2][0x84][0xed]j[0x81]zZ[\r][0xde]VQH[0xda]TZ[0xde][0xf8][0xfc][0x8b][0xf7][0xdd]_|[0xce]"#u[0x84][0xd8][0x88]c[0x17][\r][0xd3][0xdd]a[0xba][0xcf][0xe][0xab][0xde]O0[0xac]D[0x9e][0xb][0x19]x[0x17][0xde][0xc9][0x18]0[0xb9][0xa5][0xa0][0x1a]1[0xd2][0x9f]yo=Fb[\n]"
05:56:06.100 [main] DEBUG org.apache.http.wire -  >> "[0x1f][0xc5][0xbd][0x9f][0x90][0xd4][0xe8][0xca][0x91]c3JwYf[0x9c]|[0xef][0xeb][0xd2][0xad][0xf9];[0x7][0xf4][0xdf][0xb3][0xa2][0x98][0xda]n[0xa9]g[0x17]ynI[0x9f][0xcf]+T?W[0xef][0x88]o}[0xfa][0x8c][0xa7]b[0xfd]'^[0xe9][0xd3][0x8d]HI0[0xf4]p[0x8b]![0xa1]U[0xd2][0xe7][0xea]Z[0xa7]VW[0xd9][0xd6]@[0xc3]>[0xb6][0xdb][0x12][0xa8][0xbf]<$[0xf1][0xba]:r[0xec][0xa2][0xe8][0xc6][0xe6][0xad][0xf7]w-}C[0x18][0xf2]Jz[0x3]a[0xbd]i[0x8b][0x7][0xc4][0xcc]E[0xeb]B[0xd8][0xdc],[0xf2]9[0x84]s[0xb3][0xbc][0xdb][0xe2][0x97]w[0x1b][0x18][0xd6][0x0][0x81][0x6]|[0xd7][0xa3][0x81][0x85]od[0xb3][0xef][0x8][0xb0]6,[0xe][0xc1][0xb8][0xc5][0xd4][0xc0][0xaa]8[0xcb][0xb1].il[0xe0][j|c[0xfe][0x1e][0x8b][0xbd][0x94]3f[0xde][0xfa][0x1b][0xae][0x14][0x1e]E[0x8]t[0x86][0xfa][0xed]K}/[0xef];[0xf0][0xcd][0xc1][0xc7][0x1e][0x19][0x93]7[0x91]D[0xbc][0xda][0xff][0xbb][0xd2][0xc7]O[0xcc]([0x95]V[0xe7]MXBb[0xfb][0xf4][0xef]0`V[0xf6][0x8a][0x3][0xef][0xae][0xbf]ojN[0x8f]{[0xbb]u[0x1a]4[0xff][0xa1]u[0xfb][0x1e]~i[0xc4][0xd0])[0x3]y[0xde][0xa1][0xdd][0xa0][0x83][0xa4].[0x18]A[0x8c]t[0x87][0xf8]E[0x10]<5[0xf3][0xd1][0xc5]_[0xcf][0xf9][0x0][0xdf][0xe][0x8][0xb][0xb][0xf8][0xfb]q[0x96][0x99][0xf8][0xa5]9l[0xf][0xcd]l[0xa0]W[0xb1][0x95]+vf[0x12]l,Z[0xe0][0xfe]5[0x82][0xe7][0x5],[0x9a][0xb0][0x91]'N[0x9d]J[0xef][0xea]h[0xdb]+k[0xe1][0xe2]c[0xc7][0xa4].[0xea][0x9d]"[0xcf][0xc8][0xae]][0x83]6[0x84]o([0xa0][0xdb][0x8b][0x8][0xfb][0x1b][0xfb]|[0xe4][0xfe]E\kV[0xf6][0xe][0xcd]f7[0xee]z[0x18][0x10][0xab][0xd3]t[0xf3]0Z[0x9d]J[0xeb][0xf2][0xaa]Mx[0x10][0xc0]r{[0xe6][0xfa]1[0xc8][0x11][0x9a]N>[0xf3][0xda][0x9b][0xa4][0xf4][0xc4][0xa7][0xdd]K[0x95]IKN[0x1e][0xa3]e[0x9e][0xac][0xdf][0xb7][0x9]a[0x15][0xc7][0x11][0x1b]'Z[0xa1][0x83][0x88]M[0x9d][0x19][0xbd]A[0xf5]jf[0x1b]n[0x90][0xc][0x19]=[0xf9][0x99][0x4][0xbd][0xa3].\[0xa3][0xce]{[0xa7]B[0xe8]\q\[0xb7]r-[0x0][0xa4]O[0xf0]2[0x8]F[0xb8]%[0xee][0xab][0xeb][0x18][0xdf][0xa0][0xe7][0x86]"
05:56:06.100 [main] DEBUG org.apache.http.wire -  >> "[0x15]Pwj[0x3][0x81]|[0xd9]J[0xfa]) [0xd0][0x8b]GX[0x8a][0x9e][0xc5][0xa7][0x84][0x85][0xa5][0x88][0xbd][0xcb]K[0xd5]c[0x1b][0xd4]?4[0xd8][0xa0][0x1e]?[0xf0]Y[0xe5]3[0x9a][0xd0][0xbe][0xe2][0xb8][0x90]Z[0xf9][0xa1][0x98]YyNh[0xce][0xbf][0xc6][0x2][0xe1][0x14][0xe2][0x16][0x8][0xfd][0xeb]@[0x8a][0xef]6[0xd4][0x99]YV[0xef]6[0x4][0xf0][0xcc]R[0xd6]O5w[0x15][0xc2][0x98]S[0x14][0x4][0xb6][0xab]@n[0xfd]t^[0xdd]F[0xa6][0x9c][0xbb]s[0xe7][0xef]d[0x8a][0xba][0xed][0x1c][0xdd]GV{[0xbe][0xf7]|A[0x9e]Q'Q[0x17][0x8d]Bl"[0xd5]>[0x82][0x82][0xd8][0x84]b[0x8c][0x5][0xfc]k[0x9e]:[0x90][0xe2]1[0x95]A,[0xe1][0xc][0x8f][0x10]f[0x2][0xc][0xef][0xf9][0x81]-W[0x1d][0x9][0xea]JHH[0x8b][0xc2]0[0x9d][0xb9][0xe9][0x1f]+[0x8f][0xab][0xf7][0x8f][0xb9][0xe8][0xca]j3lB\3u[0xf1])[0x12]*[0xb4][0xa8][0x88]U[0x11][0x82]7[0x88][0xf7][0x8d][0x99]*[0xb6][0x4][0xfe][0xa5][0x13][0x8][0xaf]#.[0xc6][0xdd][0x87][0x9a][0xfa][0xf8][0xdf][0xdb]}[0xc8][0xa4][0xf3]+_[0xa2][0x3]=o[0x8][0xa9][0x1b]7[0xe6][0xb][0xf5][0x9f]][0xc6]f[0xbc][0x87]n[0xa1]{[0xa4]C[0x18]a[\r]r[0x9b]y[0x84][0x5][0xd5][0x4][0x1b]6[0xd0]#q[0xe2]Hj[0xfc][0xd4]!$[0x92][0xcd][0x1d][0x82][0x8b][0xd5][0xef]F[0x8][0x8b][0xca][0xdd][0xe1][0x91]![0xde]w[0xcb]i[0xa4][0xfa]K[0x87]t[0x7]Z[0x9f]P[0xea][0xa4]{<[0xbb]H[0xe2][0x94].[0x1d][0xfa][0xf4](~[0x85][0x98]7O[0x1a][0xa0][0x90]"[0xba]e2[0x89][0x1e][0x9b][0xd5][0xba][0xe3]}[0xed][0xf2][0xd6]/[0x99]:~R[0xdf]u[0x88]a'[0xba][0x96]nF[0xc][0xe3][0xa1][0xd0][0xed][0xf0][0xb3][0x9a][0x6][0xc][0xf9][0xc7][0xe][0x91]L$[0xf5]C[0xf4][0x8f][0x1d][0xf6]O[0x83]%P[0x4][0xc2]Pwg 3[0xf6][0x87]B,$3[0x88][0xf4][0x80][0x18][0x9b][0xaa]1v[0x7][0x84][0xd4][0xf7][0xbe][0x93][0x8e][0x17][0xab][[0xc3][0xf9]W[0xf][0xee][0x86][0xfa][0x88][0xf5][0xad]%[0xe][0xea]o][0xab][0x9c][0xa9][0xff]w[0xf][0x11][0xfe]/[0x95][0xd2]R[0x13]\[0xc4]2[0xa0]w[0xcf][0xce][0xdd][0xdb][0xf5])~a[0xe1][0xaa][0xad][0xdd][0xef]yfw[0xfe][0xf2][0x97][0xb7][0xf5][0xbd][0xb7]{[0xaf][0xad]9[0xe2][0xd8][0x8e][0xad][0x92]2S[0x9a]=[0xf2][0xe8][0xfc][0xf1][0x19]C[0xea]7+[0x9a][0xb8]h[0xf1][0xa4][0xa4][0xe][0x1d]RfP[0xf6][0x6][0x92]n!7[0xf9][0x9e]_W7[0xf1][0xb3][0x10][0xb5]?p[0x89]4~[0xe0][0xe2]G[0x98][0xef][0x3][0x17][0xe2][0xb2][0x99][0xd2][0x9a][0xa4][0x90][0x9b][0xc5][0xe7][0xc9](;[0x8a]<[0xb7][0xdd][0xd2][0xd9][0x9a][0x6][0xeb][0xb5][0xdf][0xc4][0xd3]p[0x86]}[0x83] [0x2]$[0x80][0x9d][0x94][0x2][0xfb])[0xec]B[0xe][0x8f][0x1][0xdb][0xc3]Ta"f[0x9e][0x2][0xfb]V[\n]"
05:56:06.100 [main] DEBUG org.apache.http.wire -  >> "[0xad]4Mn[0xd5]:#[0x81]D[0xbd]0[0x9e][0xbe]?~[0xea]=b[0xde]=,3[0x88]E[0xad][0xfd][0x88]g[0x90][0xf5]a[0x85][0xdb][0xac][0xef][0x9b]`N[0x1c]U[0xfe]_[0xca]$[0xeb]!P[0xaf]V[0x2][0xc1][0x80]H[0x4]"[0xff][0xe7]9&[0x8b]oO[0xed][0xd9][0xf3][0xf1];[0xd3][0xf7][0xc4].[0x9a]1w[0xc2][0x17]_[0xd0]^[0x7][0xf]b[0xae][0xf9][0xf0][0x9b][0xa7]:nm3i[0xd2]0[0xcc]5E[0xfd][0xff]:[0x1][0xe1]{[0x99][0xfd][0xf][0x0][0xc3]t[0x12][0xec][0x88][0x81][0xdd][0xe1]o[0xf][\r][0xd1]N-D[0xed][0xb5][0xde]y[0x9b][0xfc][0xf7][0xb8][0xd8]~[0xba][0x12]R[0xae][0x7][0xf]:r.[0x8e]2[0xb][0xd9]$[0xf4][0x1d][0xad][0x16][0xde]w[0xe2][0xdb]oK[0xf7][0xec]!e%cH[0x8b]RiT[0xf8][0xd9]I[0x88][0x1d]";[0xe7][0xb5][0x3][0x1d][0xef]4e|G,[0xe5]6[0x88]e[0x2]Z[0xfb][0xed]P[0x8d][0x80]![0xf][0xf1][0x1][0xe][0x4][0x1c]>[0xa4]99[0x6][0x1b][0xeb][0x3][0x9a]#[0xd0][0xdc][0x7]4C[0xa0][0x99][0x8f]6[0x17][0x2].[0x1f][0x90][0x80]@[0x2][0x3][0x1c][0xd6][0x12][0xa7][0x1f]eM[0xca]1[0x1f][0xac])[0x97][0x98]:%[0xe2][0xac]%[0x1f][0xf6][0x9a][0x98][0xc9][0xc8]/[0x80][0xac][0xd5][0xc5][0x95]7w[0xc2][0xa5]K[0xa5][0xea]t[0xf1])LO[0xfd]v[0x7]t[0xd1]M[0x9c]<[0x8c]3[0x87][0x8b]O[0x97][0x1f][0xe7]LS[0xdf][0xdb]{[0x3]+[0x9c][0x8]8}46E[0xa0])[0xa3][0xc4]iH[0xef][0x95]xN[0x89][0xd3][0x8a]Q[0x87]"[0xd6]"[0x89][0xef][0xf8](M[0xad][0x8c][0xe0][0xe8]r[0xf6][0xd5]T[0xc3][0xbb][0x10][0xe9][0x95][0xa8][0xcd]O[0xd0]N[0x9b][0x91]B[0xaf][0x8c]u[0x91][0xab][0xd3][0xfd][0xc9][0xd3][0x85]]-[0xfd][0xca][0x81][0xcc]f[0xa3][0xf0][0xf7][0x8][0x8e][0xba]mv[0xbd][0x1a][0xb][0xa8]$[0xc2]h[0xb3][0xc3]#B[0xb8][0xd3][0xc][0x9][0xbf][0x9b][0xe9][0xf6]~[0x9e][0xf6][0xd7]lv][0x16][0x9b][0xfd][0x9f]K7[0x85][0x8][0xb4]\[0xe9]~&[0xcb][0x87]X[0xd5][0xeb]FQ"[0xb5]M[0x16][0xa2][0xc8][0x13]Qs[0xc5][0x8c][0x15][0xd3][0xf7]l[0xed]7Z[0x8c]t[0x7]C[0x14][0xf4]t[0xb][0xfa][0x1b]7[0xc][\r][0xad][0xe5]~[0x1f]%[0xd6][0xf3][0xb7]3[0xde][0x8f][0x12][0xad][0xd4][0x18]:[0x1b][0xec][0xb8][0xbe]{[0xa3][0x87][0xc9]Q[0x9],[0xb7][0x8c]`![0x1c]-[0xde][0xb4]f[0xf5]V[0xb2]e[0xf5][0x9a]M[0xb4][0xb8]`[0x85][0xb8]z[0xb9]H[0xb2][0x9e][0xdf][0xfb][0xea][0x8e]'_[0xd8][0xfb]j[0xb1][0xa9][0xec][0x8d][0xd7][0xff][0xf6]&[0xf3]N[0x88][0xd3]f[0xc4])[0xde][0xf7]m[0x80]A[0x8][0xd5][0xdf][0xe0]q'[0xb2][0x10][0xa5]Ro[0xff]RX[0xb];[0xd0][0x15][0xd5][0xf2]B`[0xf2]y!Z[0xd3][0xb][0xd5]p?[0xee][0x86][0xf1][0xe][0xdd][0xb0][0xff][0xcf][0xbd][0x10][0xf9][0xe0][0xee]^[0x88]B/[0xed][0xf][0xfa][0xc][0xd2]g[0x87]F0[0xd4]o-[0xf9]([0xac]J[0x87]i[0xa8]Y[0xff][0xc4]w([0x8d][0xa5][0xc9][0x14][0xe9][0xb]5r[0x1e]#[0xe6]0j0[0xde][0xf5][\r][0x82][0xd0][0xb7][0xf9][0xb9][0x18]"[0xac][0x92])[0xad]MzB[0x9b][0xea]/[0xee][0xc8][0xef]Yc[0xe6][0xac]y[0xe1][0xb1]U[[0x5]uf[0xc6][0x86][0xe5][0x8f][0xe]k[0xde][0xb7]C[0xfb][0xfb]z[0x93].][0xb][0x16][0xcf][0xdf][0xf1][0xd2][0xfa][0x8e][0xea][0xe8]p[0xb2][0xe4][0x91]m=:[0xf4][0xcf][0x1e]po[0xd7][0x7][0xd8][0xdf][0x8d]e[0xd3]5[0xb4]X: [0x98][0xc8]QT[0xa0]M[0xfc]kW[0xff][0x17]ZVT6[0xd6][0xaf][0x17]]G[0x9f][0xe1][0xfd]>[0xf0][0xef]W[0xf5][0x15]A}[0xd6][0xf][0xe0][0xff][0x1]c[0xf7][0xa2]][\n]"
05:56:06.100 [main] DEBUG org.apache.http.wire -  >> "endstream[\n]"
05:56:06.100 [main] DEBUG org.apache.http.wire -  >> "endobj[\n]"
05:56:06.100 [main] DEBUG org.apache.http.wire -  >> "13 0 obj[\n]"
05:56:06.100 [main] DEBUG org.apache.http.wire -  >> "<</Type /FontDescriptor[\n]"
05:56:06.100 [main] DEBUG org.apache.http.wire -  >> "/FontName /AAAAAA+Roboto-Regular[\n]"
05:56:06.100 [main] DEBUG org.apache.http.wire -  >> "/Flags 4[\n]"
05:56:06.100 [main] DEBUG org.apache.http.wire -  >> "/Ascent 927.73438[\n]"
05:56:06.100 [main] DEBUG org.apache.http.wire -  >> "/Descent -244.14063[\n]"
05:56:06.100 [main] DEBUG org.apache.http.wire -  >> "/StemV 53.222656[\n]"
05:56:06.100 [main] DEBUG org.apache.http.wire -  >> "/CapHeight 710.9375[\n]"
05:56:06.100 [main] DEBUG org.apache.http.wire -  >> "/ItalicAngle 0[\n]"
05:56:06.100 [main] DEBUG org.apache.http.wire -  >> "/FontBBox [-736.81641 -270.99609 1148.4375 1056.15234][\n]"
05:56:06.100 [main] DEBUG org.apache.http.wire -  >> "/FontFile2 12 0 R>>[\n]"
05:56:06.100 [main] DEBUG org.apache.http.wire -  >> "endobj[\n]"
05:56:06.100 [main] DEBUG org.apache.http.wire -  >> "14 0 obj[\n]"
05:56:06.100 [main] DEBUG org.apache.http.wire -  >> "<</Type /Font[\n]"
05:56:06.100 [main] DEBUG org.apache.http.wire -  >> "/FontDescriptor 13 0 R[\n]"
05:56:06.100 [main] DEBUG org.apache.http.wire -  >> "/BaseFont /AAAAAA+Roboto-Regular[\n]"
05:56:06.100 [main] DEBUG org.apache.http.wire -  >> "/Subtype /CIDFontType2[\n]"
05:56:06.100 [main] DEBUG org.apache.http.wire -  >> "/CIDToGIDMap /Identity[\n]"
05:56:06.101 [main] DEBUG org.apache.http.wire -  >> "/CIDSystemInfo <</Registry (Adobe)[\n]"
05:56:06.101 [main] DEBUG org.apache.http.wire -  >> "/Ordering (Identity)[\n]"
05:56:06.101 [main] DEBUG org.apache.http.wire -  >> "/Supplement 0>>[\n]"
05:56:06.101 [main] DEBUG org.apache.http.wire -  >> "/W [0 [443.35938] 5 [257.32422 319.82422] 12 [341.79688 347.65625 0 0 196.28906 275.87891 263.18359 412.10938] 20 29 561.52344 30 [242.1875] 37 [652.34375 622.55859 650.87891 655.76172 568.35938 552.73438 681.15234 712.89063 271.97266 551.75781 626.95313 538.08594 873.04688 712.89063 687.5 630.85938 687.5 615.72266 593.26172 596.67969 648.4375 636.23047 0 626.95313 600.58594 598.63281 265.13672 0 265.13672 0 0 0 543.94531 561.03516 523.4375 563.96484 529.78516 347.16797 561.03516 550.78125 242.67578 238.76953 506.83594 242.67578 876.46484 551.75781 570.3125 561.03516 0 338.37891 515.625 326.66016 551.26953 484.375 751.46484 495.60547 473.14453 495.60547] 399 [668.94531] 443 [553.71094 567.87109]][\n]"
05:56:06.101 [main] DEBUG org.apache.http.wire -  >> "/DW 0>>[\n]"
05:56:06.101 [main] DEBUG org.apache.http.wire -  >> "endobj[\n]"
05:56:06.101 [main] DEBUG org.apache.http.wire -  >> "15 0 obj[\n]"
05:56:06.101 [main] DEBUG org.apache.http.wire -  >> "<</Filter /FlateDecode[\n]"
05:56:06.101 [main] DEBUG org.apache.http.wire -  >> "/Length 322>> stream[\n]"
05:56:06.101 [main] DEBUG org.apache.http.wire -  >> "x[0x9c]]R[0xcb]n[0x83]0[0x10][0xbc][0xf3][0x15]>[0xa6][0x87][0x8][0xdb]@[0x1e][0x12]B[\n]"
05:56:06.101 [main] DEBUG org.apache.http.wire -  >> "[0xa4]H[0x1c][0xfa]P[0xd3]~[0x0][0xb1][0x97][0x14][0xa9][0x18][0xcb][0x90][0x3]_{7M[0xa4]Z[0x82][0xd5][0xcc][0xce][0xc][0xf6][0x9a][0xb8]j[0x8e][0x8d][0xe9]g[0x16][0xbf][0xbb]Q[0x9d]`f]o[0xb4][0x83]i[0xbc]:[0x5][0xec][0xc][0x97][0xde]DB2[0xdd][0xab][0xf9][0x86][0xf0][0xad][0x86][0xd6]F[0xb1]7[0x9f][0x96]i[0x86][0xa1]1[0xdd][0x18][0xe5]9c[0xf1][0x87][0xef]N[0xb3][[0xd8][0xea][0xa0][0xc7]3<E[0xf1][0x9b][0xd3][0xe0]zsa[0xab][0xaf][0xea][0xe4][0xf1][0xe9]j[0xed][0xf][0xc]`f[0xc6][0xa3][0xa2]`[0x1a]:[0x9f][0xf4][0xd2][0xda][0xd7]v[0x0][0x16][0xa3]m[0xdd]h[0xdf][0xef][0xe7]e[0xed]=[0xf][0xc5][0xe7]b[0x81]I[0xc4][0x82]v[0xa3]F[\r][0x93]m[0x15][0xb8][0xd6]\ [0xca][0xb9]_[0x5][0xcb]k[0xbf][0x8a][0x8][0x8c][0xfe][0xd7][0x97][0xe4]:w[0xea][0xbb]uA[0x9d][\n]"
05:56:06.101 [main] DEBUG org.apache.http.wire -  >> "[0xaf][0xe6]<;[0x16][0x1e][0x89]][0xed][0x91][0xe4]r[0x83][0xde][0x9b]j[0xff][0xe7]y|"C[0x13][0xdf]`[0x91][0xa2]@[0xb2]"[0xf2]H[0xe4][0xe]I[0xc1][0x11][0x89]-[0x91][0x15][0x91]$[0x11][0xcf]X[0x92]=[0x92][0x92]2[0x93][0x3][0x96][0x94]2[0x13][0xca]Lj[0xda]$e[0xa6][0xa4][0xcc]R,[0x1b]Rf[0xb4][0x97][0x8c]2[0xb7][0x12][0x8f]S[0x96][0x1][0x89]2[0xa4][0xd4]%[0x17][0xb7]S[0xd1]9[0xc2]p[0xc2]%[0xde]'[0xaf][0xae][0xce][0xf9][0xa1][0xe3]M[0xe3][0xb4][0xc3][0x9c]{[0x3][0xf7][0x9f][0xc1][0x8e]6[0xb8][0xc2][0xf3][0xb][0xfb][0xe6][0xa0][0xd0][\n]"
05:56:06.101 [main] DEBUG org.apache.http.wire -  >> "endstream[\n]"
05:56:06.101 [main] DEBUG org.apache.http.wire -  >> "endobj[\n]"
05:56:06.101 [main] DEBUG org.apache.http.wire -  >> "4 0 obj[\n]"
05:56:06.101 [main] DEBUG org.apache.http.wire -  >> "<</Type /Font[\n]"
05:56:06.101 [main] DEBUG org.apache.http.wire -  >> "/Subtype /Type0[\n]"
05:56:06.101 [main] DEBUG org.apache.http.wire -  >> "/BaseFont /AAAAAA+Roboto-Regular[\n]"
05:56:06.101 [main] DEBUG org.apache.http.wire -  >> "/Encoding /Identity-H[\n]"
05:56:06.101 [main] DEBUG org.apache.http.wire -  >> "/DescendantFonts [14 0 R][\n]"
05:56:06.101 [main] DEBUG org.apache.http.wire -  >> "/ToUnicode 15 0 R>>[\n]"
05:56:06.101 [main] DEBUG org.apache.http.wire -  >> "endobj[\n]"
05:56:06.101 [main] DEBUG org.apache.http.wire -  >> "xref[\n]"
05:56:06.101 [main] DEBUG org.apache.http.wire -  >> "0 16[\n]"
05:56:06.101 [main] DEBUG org.apache.http.wire -  >> "0000000000 65535 f [\n]"
05:56:06.101 [main] DEBUG org.apache.http.wire -  >> "0000000015 00000 n [\n]"
05:56:06.101 [main] DEBUG org.apache.http.wire -  >> "0000011381 00000 n [\n]"
05:56:06.101 [main] DEBUG org.apache.http.wire -  >> "0000000111 00000 n [\n]"
05:56:06.101 [main] DEBUG org.apache.http.wire -  >> "0000023377 00000 n [\n]"
05:56:06.101 [main] DEBUG org.apache.http.wire -  >> "0000000148 00000 n [\n]"
05:56:06.101 [main] DEBUG org.apache.http.wire -  >> "0000011590 00000 n [\n]"
05:56:06.101 [main] DEBUG org.apache.http.wire -  >> "0000004106 00000 n [\n]"
05:56:06.101 [main] DEBUG org.apache.http.wire -  >> "0000011799 00000 n [\n]"
05:56:06.101 [main] DEBUG org.apache.http.wire -  >> "0000008800 00000 n [\n]"
05:56:06.101 [main] DEBUG org.apache.http.wire -  >> "0000012008 00000 n [\n]"
05:56:06.101 [main] DEBUG org.apache.http.wire -  >> "0000012076 00000 n [\n]"
05:56:06.101 [main] DEBUG org.apache.http.wire -  >> "0000012125 00000 n [\n]"
05:56:06.101 [main] DEBUG org.apache.http.wire -  >> "0000021819 00000 n [\n]"
05:56:06.101 [main] DEBUG org.apache.http.wire -  >> "0000022066 00000 n [\n]"
05:56:06.101 [main] DEBUG org.apache.http.wire -  >> "0000022984 00000 n [\n]"
05:56:06.101 [main] DEBUG org.apache.http.wire -  >> "trailer[\n]"
05:56:06.101 [main] DEBUG org.apache.http.wire -  >> "<</Size 16[\n]"
05:56:06.101 [main] DEBUG org.apache.http.wire -  >> "/Root 11 0 R[\n]"
05:56:06.101 [main] DEBUG org.apache.http.wire -  >> "/Info 1 0 R>>[\n]"
05:56:06.101 [main] DEBUG org.apache.http.wire -  >> "startxref[\n]"
05:56:06.101 [main] DEBUG org.apache.http.wire -  >> "23523[\n]"
05:56:06.101 [main] DEBUG org.apache.http.wire -  >> "%%EOF[\n]"
05:56:06.101 [main] DEBUG org.apache.http.wire -  >> "[\r][\n]"
05:56:06.101 [main] DEBUG org.apache.http.wire -  >> "--"
05:56:06.101 [main] DEBUG org.apache.http.wire -  >> "<calculated when request is sent>"
05:56:06.101 [main] DEBUG org.apache.http.wire -  >> "--"
05:56:06.101 [main] DEBUG org.apache.http.wire -  >> "[\r][\n]"
05:56:06.152 [main] DEBUG org.apache.http.wire -  << "HTTP/1.1 400 Bad Request[\r][\n]"
05:56:06.152 [main] DEBUG org.apache.http.wire -  << "Content-Type: application/json; charset=UTF-8[\r][\n]"
05:56:06.152 [main] DEBUG org.apache.http.wire -  << "Vary: Origin[\r][\n]"
05:56:06.152 [main] DEBUG org.apache.http.wire -  << "Date: Thu, 22 Jun 2023 22:56:02 GMT[\r][\n]"
05:56:06.152 [main] DEBUG org.apache.http.wire -  << "Content-Length: 39[\r][\n]"
05:56:06.152 [main] DEBUG org.apache.http.wire -  << "[\r][\n]"
05:56:06.152 [main] DEBUG org.apache.http.impl.conn.DefaultClientConnection - Receiving response: HTTP/1.1 400 Bad Request
05:56:06.152 [main] DEBUG org.apache.http.headers - << HTTP/1.1 400 Bad Request
05:56:06.152 [main] DEBUG org.apache.http.headers - << Content-Type: application/json; charset=UTF-8
05:56:06.152 [main] DEBUG org.apache.http.headers - << Vary: Origin
05:56:06.152 [main] DEBUG org.apache.http.headers - << Date: Thu, 22 Jun 2023 22:56:02 GMT
05:56:06.152 [main] DEBUG org.apache.http.headers - << Content-Length: 39
05:56:06.152 [main] DEBUG org.apache.http.impl.client.DefaultHttpClient - Connection can be kept alive indefinitely
05:56:06.152 [main] DEBUG io.restassured.internal.RestAssuredHttpBuilder - Parsing response as: application/json; charset=UTF-8
05:56:06.153 [main] DEBUG io.restassured.internal.RestAssuredHttpBuilder - Parsed data to instance of: class org.apache.http.conn.EofSensorInputStream
05:56:06.155 [main] DEBUG org.apache.http.wire -  << "{"message":"missing or malformed jwt"}[\n]"
05:56:06.156 [main] DEBUG org.apache.http.impl.conn.BasicClientConnectionManager - Releasing connection org.apache.http.impl.conn.ManagedClientConnectionImpl@26c2f767
05:56:06.156 [main] DEBUG org.apache.http.impl.conn.BasicClientConnectionManager - Connection can be kept alive indefinitely
05:56:06.156 [main] DEBUG net.thucydides.core.steps.StepInterceptor - STEP DONE: I send upload image HTTP request with no authorization
  &amp#27;[32mWhen &amp#27;[0m&amp#27;[32mI send upload image HTTP request with no authorization&amp#27;[0m                   &amp#27;[90m# starter.stepdefinitions.user.UpdateImageSteps.iSendUploadImageHTTPRequestWithNoAuthorization()&amp#27;[0m
05:56:06.164 [main] DEBUG net.thucydides.core.steps.StepInterceptor - STARTING STEP: UpdateImageSteps.iReceivedValidHTTPResponseCodeForUpdateImageBecauseFormatInvalid - I received valid HTTP response code {int} bad request
05:56:06.164 [main] DEBUG net.thucydides.core.steps.StepInterceptor - STEP DONE: I received valid HTTP response code {int} bad request
  &amp#27;[32mAnd &amp#27;[0m&amp#27;[32mI received valid HTTP response code &amp#27;[0m&amp#27;[32m&amp#27;[1m400&amp#27;[0m&amp#27;[32m bad request&amp#27;[0m                       &amp#27;[90m# starter.stepdefinitions.user.UpdateImageSteps.iReceivedValidHTTPResponseCodeForUpdateImageBecauseFormatInvalid(int)&amp#27;[0m
05:56:06.169 [main] DEBUG net.thucydides.core.steps.StepInterceptor - STARTING STEP: UpdateImageSteps.iReceivedErorMessageMissingOrMalformedJwt - I received eror message : missing or malformed jwt
05:56:06.193 [main] DEBUG net.thucydides.core.steps.StepInterceptor - STEP DONE: I received eror message : missing or malformed jwt
  &amp#27;[32mAnd &amp#27;[0m&amp#27;[32mI received eror message : missing or malformed jwt&amp#27;[0m                        &amp#27;[90m# starter.stepdefinitions.user.UpdateImageSteps.iReceivedErorMessageMissingOrMalformedJwt()&amp#27;[0m
05:56:06.197 [main] INFO  - 
  _____   ___   ___   _____     ___     _     ___   ___   ___   ___  
 |_   _| | __| / __| |_   _|   | _ \   /_\   / __| / __| | __| |   \ 
   | |   | _|  \__ \   | |     |  _/  / _ \  \__ \ \__ \ | _|  | |) |
   |_|   |___| |___/   |_|     |_|   /_/ \_\ |___/ |___/ |___| |___/ 

User belum berhasil mengubah gambar profil karena tidak authorization
----------------------------------------------------------------------
]]></system-out>
  </testcase>
  <testcase name="Admin berhasil menghapus salah satu id pulsa" classname="Delete PPD use id by Admin" time="0.389">
    <system-out><![CDATA[05:56:06.199 [main] INFO io.cucumber.core.plugin.SerenityReporter - Running feature from file:///C:/Dev/CapstoneProjectBaru/SKUYPAY%20API%20AUTOMATION/src/test/resources/features/admin/DeletePPDbyAdmin.feature
05:56:06.205 [main] DEBUG net.thucydides.core.steps.StepEventBus - Test suite started for story net.thucydides.core.model.Story@9f3f018d
05:56:06.206 [main] INFO  - Test Suite Started: Delete PPD use id by Admin

@Delete-PPD-by-Admin-01
Scenario: Admin berhasil menghapus salah satu id pulsa                          &amp#27;[90m# src/test/resources/features/admin/DeletePPDbyAdmin.feature:4&amp#27;[0m
05:56:06.220 [main] INFO io.cucumber.core.plugin.SerenityReporter - Running feature from file:///C:/Dev/CapstoneProjectBaru/SKUYPAY%20API%20AUTOMATION/src/test/resources/features/admin/DeletePPDbyAdmin.feature
05:56:06.224 [main] INFO  - 
  _____   ___   ___   _____     ___   _____     _     ___   _____   ___   ___  
 |_   _| | __| / __| |_   _|   / __| |_   _|   /_\   | _ \ |_   _| | __| |   \ 
   | |   | _|  \__ \   | |     \__ \   | |    / _ \  |   /   | |   | _|  | |) |
   |_|   |___| |___/   |_|     |___/   |_|   /_/ \_\ |_|_\   |_|   |___| |___/ 

Admin berhasil menghapus salah satu id pulsa(delete-ppd-use-id-by-admin;admin-berhasil-menghapus-salah-satu-id-pulsa)
--------------------------------------------------------------------------------
05:56:06.260 [main] DEBUG net.thucydides.core.steps.StepInterceptor - STARTING STEP: DeletePPDbyAdminSteps.adminHaveEndpointAuthLoginForDeletePPD - Admin have endpoint auth login
05:56:06.261 [main] DEBUG net.thucydides.core.steps.StepInterceptor - STEP DONE: Admin have endpoint auth login
  &amp#27;[32mGiven &amp#27;[0m&amp#27;[32mAdmin have endpoint auth login for delete PPD&amp#27;[0m                           &amp#27;[90m# starter.stepdefinitions.admin.PPD.DeletePPDbyAdminSteps.adminHaveEndpointAuthLoginForDeletePPD()&amp#27;[0m
05:56:06.266 [main] DEBUG net.thucydides.core.steps.StepInterceptor - STARTING STEP: DeletePPDbyAdminSteps.adminSendEndpointAuthForDeletePPDAndGetToken - Admin send endpoint auth and get token
05:56:06.272 [main] DEBUG net.thucydides.core.steps.StepInterceptor - STARTING STEP: DeletePPDbyAdmin.adminsendendpointauthandgettoken - Admin have endpoint auth login
05:56:06.272 [main] DEBUG net.thucydides.core.steps.StepInterceptor - STEP DONE: Admin have endpoint auth login
05:56:06.292 [main] DEBUG org.apache.http.impl.conn.BasicClientConnectionManager - Get connection for route {}->http://34.101.78.228:2424
05:56:06.292 [main] DEBUG org.apache.http.impl.conn.DefaultClientConnectionOperator - Connecting to 34.101.78.228:2424
05:56:06.324 [main] DEBUG org.apache.http.client.protocol.RequestAddCookies - CookieSpec selected: ignoreCookies
05:56:06.324 [main] DEBUG org.apache.http.client.protocol.RequestAuthCache - Auth cache not set in the context
05:56:06.324 [main] DEBUG org.apache.http.client.protocol.RequestTargetAuthentication - Target auth state: UNCHALLENGED
05:56:06.324 [main] DEBUG org.apache.http.client.protocol.RequestProxyAuthentication - Proxy auth state: UNCHALLENGED
05:56:06.324 [main] DEBUG org.apache.http.impl.client.DefaultHttpClient - Attempt 1 to execute request
05:56:06.324 [main] DEBUG org.apache.http.impl.conn.DefaultClientConnection - Sending request: POST /api/v1/login HTTP/1.1
05:56:06.324 [main] DEBUG org.apache.http.wire -  >> "POST /api/v1/login HTTP/1.1[\r][\n]"
05:56:06.325 [main] DEBUG org.apache.http.wire -  >> "Accept: */*[\r][\n]"
05:56:06.325 [main] DEBUG org.apache.http.wire -  >> "Content-Type: application/json[\r][\n]"
05:56:06.325 [main] DEBUG org.apache.http.wire -  >> "Content-Length: 50[\r][\n]"
05:56:06.325 [main] DEBUG org.apache.http.wire -  >> "Host: 34.101.78.228:2424[\r][\n]"
05:56:06.325 [main] DEBUG org.apache.http.wire -  >> "Connection: Keep-Alive[\r][\n]"
05:56:06.325 [main] DEBUG org.apache.http.wire -  >> "User-Agent: Apache-HttpClient/4.5.13 (Java/19.0.2)[\r][\n]"
05:56:06.325 [main] DEBUG org.apache.http.wire -  >> "Accept-Encoding: gzip,deflate[\r][\n]"
05:56:06.325 [main] DEBUG org.apache.http.wire -  >> "[\r][\n]"
05:56:06.325 [main] DEBUG org.apache.http.headers - >> POST /api/v1/login HTTP/1.1
05:56:06.325 [main] DEBUG org.apache.http.headers - >> Accept: */*
05:56:06.325 [main] DEBUG org.apache.http.headers - >> Content-Type: application/json
05:56:06.325 [main] DEBUG org.apache.http.headers - >> Content-Length: 50
05:56:06.325 [main] DEBUG org.apache.http.headers - >> Host: 34.101.78.228:2424
05:56:06.325 [main] DEBUG org.apache.http.headers - >> Connection: Keep-Alive
05:56:06.325 [main] DEBUG org.apache.http.headers - >> User-Agent: Apache-HttpClient/4.5.13 (Java/19.0.2)
05:56:06.325 [main] DEBUG org.apache.http.headers - >> Accept-Encoding: gzip,deflate
05:56:06.325 [main] DEBUG org.apache.http.wire -  >> "{"password":"12345678","email":"admin1@gmail.com"}"
05:56:06.425 [main] DEBUG org.apache.http.wire -  << "HTTP/1.1 200 OK[\r][\n]"
05:56:06.425 [main] DEBUG org.apache.http.wire -  << "Content-Type: application/json; charset=UTF-8[\r][\n]"
05:56:06.425 [main] DEBUG org.apache.http.wire -  << "Vary: Origin[\r][\n]"
05:56:06.425 [main] DEBUG org.apache.http.wire -  << "Date: Thu, 22 Jun 2023 22:56:03 GMT[\r][\n]"
05:56:06.425 [main] DEBUG org.apache.http.wire -  << "Content-Length: 408[\r][\n]"
05:56:06.425 [main] DEBUG org.apache.http.wire -  << "[\r][\n]"
05:56:06.425 [main] DEBUG org.apache.http.impl.conn.DefaultClientConnection - Receiving response: HTTP/1.1 200 OK
05:56:06.425 [main] DEBUG org.apache.http.headers - << HTTP/1.1 200 OK
05:56:06.425 [main] DEBUG org.apache.http.headers - << Content-Type: application/json; charset=UTF-8
05:56:06.425 [main] DEBUG org.apache.http.headers - << Vary: Origin
05:56:06.425 [main] DEBUG org.apache.http.headers - << Date: Thu, 22 Jun 2023 22:56:03 GMT
05:56:06.425 [main] DEBUG org.apache.http.headers - << Content-Length: 408
05:56:06.426 [main] DEBUG org.apache.http.impl.client.DefaultHttpClient - Connection can be kept alive indefinitely
05:56:06.426 [main] DEBUG io.restassured.internal.RestAssuredHttpBuilder - Parsing response as: application/json; charset=UTF-8
05:56:06.426 [main] DEBUG io.restassured.internal.RestAssuredHttpBuilder - Parsed data to instance of: class org.apache.http.conn.EofSensorInputStream
05:56:06.428 [main] DEBUG org.apache.http.wire -  << "{"data":{"id":"2883db36-95fc-482c-8c4d-d16aeedb9196","name":"user1","email":"admin1@gmail.com","token":"eyJhbGciOiJIUzI1NiIsInR5cCI6IkpXVCJ9.eyJhdXRob3JpemVkIjp0cnVlLCJleHAiOjE2OTAwNjY1NjMsInVzZXJJZCI6IjI4ODNkYjM2LTk1ZmMtNDgyYy04YzRkLWQxNmFlZWRiOTE5NiIsInVzZXJfdHlwZSI6ImFkbWluIn0.4rgfa2lxay4rV0222-ZMbP6DlVB_9QxQqKHWjaLPBM4"},"metadata":{"status":200,"message":"User Login successfully"},"pagination":null}[\n]"
05:56:06.428 [main] DEBUG org.apache.http.impl.conn.BasicClientConnectionManager - Releasing connection org.apache.http.impl.conn.ManagedClientConnectionImpl@15c96f24
05:56:06.428 [main] DEBUG org.apache.http.impl.conn.BasicClientConnectionManager - Connection can be kept alive indefinitely
05:56:06.449 [main] DEBUG net.thucydides.core.steps.StepInterceptor - STEP DONE: Admin send endpoint auth and get token
  &amp#27;[32mWhen &amp#27;[0m&amp#27;[32mAdmin send endpoint auth for delete PPD and get token&amp#27;[0m                    &amp#27;[90m# starter.stepdefinitions.admin.PPD.DeletePPDbyAdminSteps.adminSendEndpointAuthForDeletePPDAndGetToken()&amp#27;[0m
05:56:06.457 [main] DEBUG net.thucydides.core.steps.StepInterceptor - STARTING STEP: DeletePPDbyAdminSteps.adminSetDeletePPDApiEndpoint - Admin set get PPD api endpoint
05:56:06.457 [main] DEBUG net.thucydides.core.steps.StepInterceptor - STEP DONE: Admin set get PPD api endpoint
  &amp#27;[32mThen &amp#27;[0m&amp#27;[32mAdmin set delete PPD api endpoint&amp#27;[0m                                        &amp#27;[90m# starter.stepdefinitions.admin.PPD.DeletePPDbyAdminSteps.adminSetDeletePPDApiEndpoint()&amp#27;[0m
05:56:06.464 [main] DEBUG net.thucydides.core.steps.StepInterceptor - STARTING STEP: DeletePPDbyAdminSteps.adminSendHTTPRequestWithParamsPulsaId - Admin send HTTP request with params pulsa id
05:56:06.474 [main] DEBUG net.thucydides.core.steps.StepInterceptor - STARTING STEP: DeletePPDbyAdmin.adminsendHTTPrequestwithparamspulsaid - Admin set get PPD api endpoint
05:56:06.475 [main] DEBUG net.thucydides.core.steps.StepInterceptor - STEP DONE: Admin set get PPD api endpoint
05:56:06.513 [main] DEBUG org.apache.http.impl.conn.BasicClientConnectionManager - Get connection for route {}->http://34.101.78.228:2424
05:56:06.513 [main] DEBUG org.apache.http.impl.conn.DefaultClientConnectionOperator - Connecting to 34.101.78.228:2424
05:56:06.532 [main] DEBUG org.apache.http.client.protocol.RequestAddCookies - CookieSpec selected: ignoreCookies
05:56:06.532 [main] DEBUG org.apache.http.client.protocol.RequestAuthCache - Auth cache not set in the context
05:56:06.532 [main] DEBUG org.apache.http.client.protocol.RequestProxyAuthentication - Proxy auth state: UNCHALLENGED
05:56:06.532 [main] DEBUG org.apache.http.impl.client.DefaultHttpClient - Attempt 1 to execute request
05:56:06.532 [main] DEBUG org.apache.http.impl.conn.DefaultClientConnection - Sending request: DELETE /api/v1/admin/ppd/b6c36cc0-56da-44d2-97eb-0a4ee321f381 HTTP/1.1
05:56:06.533 [main] DEBUG org.apache.http.wire -  >> "DELETE /api/v1/admin/ppd/b6c36cc0-56da-44d2-97eb-0a4ee321f381 HTTP/1.1[\r][\n]"
05:56:06.533 [main] DEBUG org.apache.http.wire -  >> "Authorization: Bearer eyJhbGciOiJIUzI1NiIsInR5cCI6IkpXVCJ9.eyJhdXRob3JpemVkIjp0cnVlLCJleHAiOjE2OTAwNjY1NjMsInVzZXJJZCI6IjI4ODNkYjM2LTk1ZmMtNDgyYy04YzRkLWQxNmFlZWRiOTE5NiIsInVzZXJfdHlwZSI6ImFkbWluIn0.4rgfa2lxay4rV0222-ZMbP6DlVB_9QxQqKHWjaLPBM4[\r][\n]"
05:56:06.533 [main] DEBUG org.apache.http.wire -  >> "Accept: application/json[\r][\n]"
05:56:06.533 [main] DEBUG org.apache.http.wire -  >> "Host: 34.101.78.228:2424[\r][\n]"
05:56:06.533 [main] DEBUG org.apache.http.wire -  >> "Connection: Keep-Alive[\r][\n]"
05:56:06.533 [main] DEBUG org.apache.http.wire -  >> "User-Agent: Apache-HttpClient/4.5.13 (Java/19.0.2)[\r][\n]"
05:56:06.533 [main] DEBUG org.apache.http.wire -  >> "Accept-Encoding: gzip,deflate[\r][\n]"
05:56:06.533 [main] DEBUG org.apache.http.wire -  >> "[\r][\n]"
05:56:06.533 [main] DEBUG org.apache.http.headers - >> DELETE /api/v1/admin/ppd/b6c36cc0-56da-44d2-97eb-0a4ee321f381 HTTP/1.1
05:56:06.533 [main] DEBUG org.apache.http.headers - >> Authorization: Bearer eyJhbGciOiJIUzI1NiIsInR5cCI6IkpXVCJ9.eyJhdXRob3JpemVkIjp0cnVlLCJleHAiOjE2OTAwNjY1NjMsInVzZXJJZCI6IjI4ODNkYjM2LTk1ZmMtNDgyYy04YzRkLWQxNmFlZWRiOTE5NiIsInVzZXJfdHlwZSI6ImFkbWluIn0.4rgfa2lxay4rV0222-ZMbP6DlVB_9QxQqKHWjaLPBM4
05:56:06.533 [main] DEBUG org.apache.http.headers - >> Accept: application/json
05:56:06.533 [main] DEBUG org.apache.http.headers - >> Host: 34.101.78.228:2424
05:56:06.533 [main] DEBUG org.apache.http.headers - >> Connection: Keep-Alive
05:56:06.533 [main] DEBUG org.apache.http.headers - >> User-Agent: Apache-HttpClient/4.5.13 (Java/19.0.2)
05:56:06.533 [main] DEBUG org.apache.http.headers - >> Accept-Encoding: gzip,deflate
05:56:06.554 [main] DEBUG org.apache.http.wire -  << "HTTP/1.1 200 OK[\r][\n]"
05:56:06.554 [main] DEBUG org.apache.http.wire -  << "Content-Type: application/json; charset=UTF-8[\r][\n]"
05:56:06.554 [main] DEBUG org.apache.http.wire -  << "Vary: Origin[\r][\n]"
05:56:06.554 [main] DEBUG org.apache.http.wire -  << "Date: Thu, 22 Jun 2023 22:56:03 GMT[\r][\n]"
05:56:06.554 [main] DEBUG org.apache.http.wire -  << "Content-Length: 111[\r][\n]"
05:56:06.554 [main] DEBUG org.apache.http.wire -  << "[\r][\n]"
05:56:06.554 [main] DEBUG org.apache.http.impl.conn.DefaultClientConnection - Receiving response: HTTP/1.1 200 OK
05:56:06.554 [main] DEBUG org.apache.http.headers - << HTTP/1.1 200 OK
05:56:06.554 [main] DEBUG org.apache.http.headers - << Content-Type: application/json; charset=UTF-8
05:56:06.554 [main] DEBUG org.apache.http.headers - << Vary: Origin
05:56:06.554 [main] DEBUG org.apache.http.headers - << Date: Thu, 22 Jun 2023 22:56:03 GMT
05:56:06.554 [main] DEBUG org.apache.http.headers - << Content-Length: 111
05:56:06.555 [main] DEBUG org.apache.http.impl.client.DefaultHttpClient - Connection can be kept alive indefinitely
05:56:06.555 [main] DEBUG io.restassured.internal.RestAssuredHttpBuilder - Parsing response as: application/json; charset=UTF-8
05:56:06.555 [main] DEBUG io.restassured.internal.RestAssuredHttpBuilder - Parsed data to instance of: class org.apache.http.conn.EofSensorInputStream
05:56:06.558 [main] DEBUG org.apache.http.wire -  << "{"data":null,"metadata":{"status":200,"message":"pulsa or paket data deleted successfully"},"pagination":null}[\n]"
05:56:06.558 [main] DEBUG org.apache.http.impl.conn.BasicClientConnectionManager - Releasing connection org.apache.http.impl.conn.ManagedClientConnectionImpl@242ebd3b
05:56:06.558 [main] DEBUG org.apache.http.impl.conn.BasicClientConnectionManager - Connection can be kept alive indefinitely
05:56:06.559 [main] DEBUG net.thucydides.core.steps.StepInterceptor - STEP DONE: Admin send HTTP request with params pulsa id
  &amp#27;[32mThen &amp#27;[0m&amp#27;[32mAdmin send HTTP request with params Pulsa id&amp#27;[0m                             &amp#27;[90m# starter.stepdefinitions.admin.PPD.DeletePPDbyAdminSteps.adminSendHTTPRequestWithParamsPulsaId()&amp#27;[0m
05:56:06.563 [main] DEBUG net.thucydides.core.steps.StepInterceptor - STARTING STEP: DeletePPDbyAdminSteps.adminReceivedValidHTTPResponseCodeForDeletePPDByAdmin - Admin received valid HTTP response code 200
05:56:06.564 [main] DEBUG net.thucydides.core.steps.StepInterceptor - STEP DONE: Admin received valid HTTP response code 200
  &amp#27;[32mAnd &amp#27;[0m&amp#27;[32mAdmin received valid HTTP response code &amp#27;[0m&amp#27;[32m&amp#27;[1m200&amp#27;[0m&amp#27;[32m for delete PPD by admin&amp#27;[0m       &amp#27;[90m# starter.stepdefinitions.admin.PPD.DeletePPDbyAdminSteps.adminReceivedValidHTTPResponseCodeForDeletePPDByAdmin(int)&amp#27;[0m
05:56:06.570 [main] DEBUG net.thucydides.core.steps.StepInterceptor - STARTING STEP: DeletePPDbyAdminSteps.adminReceivedMessageSuccessPulsaOrPaketDataDeletedSuccessfully - Admin received message success : pulsa or paket data deleted successfully
05:56:06.590 [main] DEBUG net.thucydides.core.steps.StepInterceptor - STEP DONE: Admin received message success : pulsa or paket data deleted successfully
  &amp#27;[32mAnd &amp#27;[0m&amp#27;[32mAdmin received message success : pulsa or paket data deleted successfully&amp#27;[0m &amp#27;[90m# starter.stepdefinitions.admin.PPD.DeletePPDbyAdminSteps.adminReceivedMessageSuccessPulsaOrPaketDataDeletedSuccessfully()&amp#27;[0m
05:56:06.594 [main] INFO  - 
  _____   ___   ___   _____     ___     _     ___   ___   ___   ___  
 |_   _| | __| / __| |_   _|   | _ \   /_\   / __| / __| | __| |   \ 
   | |   | _|  \__ \   | |     |  _/  / _ \  \__ \ \__ \ | _|  | |) |
   |_|   |___| |___/   |_|     |_|   /_/ \_\ |___/ |___/ |___| |___/ 

Admin berhasil menghapus salah satu id pulsa
----------------------------------------------------------------------
]]></system-out>
  </testcase>
  <testcase name="Admin berhasil menghapus salah satu id paket data" classname="Delete PPD use id by Admin" time="0.387">
    <system-out><![CDATA[
@Delete-PPD-by-Admin-02
Scenario: Admin berhasil menghapus salah satu id paket data                     &amp#27;[90m# src/test/resources/features/admin/DeletePPDbyAdmin.feature:13&amp#27;[0m
05:56:06.610 [main] INFO io.cucumber.core.plugin.SerenityReporter - Running feature from file:///C:/Dev/CapstoneProjectBaru/SKUYPAY%20API%20AUTOMATION/src/test/resources/features/admin/DeletePPDbyAdmin.feature
05:56:06.615 [main] INFO  - 
  _____   ___   ___   _____     ___   _____     _     ___   _____   ___   ___  
 |_   _| | __| / __| |_   _|   / __| |_   _|   /_\   | _ \ |_   _| | __| |   \ 
   | |   | _|  \__ \   | |     \__ \   | |    / _ \  |   /   | |   | _|  | |) |
   |_|   |___| |___/   |_|     |___/   |_|   /_/ \_\ |_|_\   |_|   |___| |___/ 

Admin berhasil menghapus salah satu id paket data(delete-ppd-use-id-by-admin;admin-berhasil-menghapus-salah-satu-id-paket-data)
--------------------------------------------------------------------------------
05:56:06.638 [main] DEBUG net.thucydides.core.steps.StepInterceptor - STARTING STEP: DeletePPDbyAdminSteps.adminHaveEndpointAuthLoginForDeletePPD - Admin have endpoint auth login
05:56:06.638 [main] DEBUG net.thucydides.core.steps.StepInterceptor - STEP DONE: Admin have endpoint auth login
  &amp#27;[32mGiven &amp#27;[0m&amp#27;[32mAdmin have endpoint auth login for delete PPD&amp#27;[0m                           &amp#27;[90m# starter.stepdefinitions.admin.PPD.DeletePPDbyAdminSteps.adminHaveEndpointAuthLoginForDeletePPD()&amp#27;[0m
05:56:06.646 [main] DEBUG net.thucydides.core.steps.StepInterceptor - STARTING STEP: DeletePPDbyAdminSteps.adminSendEndpointAuthForDeletePPDAndGetToken - Admin send endpoint auth and get token
05:56:06.650 [main] DEBUG net.thucydides.core.steps.StepInterceptor - STARTING STEP: DeletePPDbyAdmin.adminsendendpointauthandgettoken - Admin have endpoint auth login
05:56:06.650 [main] DEBUG net.thucydides.core.steps.StepInterceptor - STEP DONE: Admin have endpoint auth login
05:56:06.669 [main] DEBUG org.apache.http.impl.conn.BasicClientConnectionManager - Get connection for route {}->http://34.101.78.228:2424
05:56:06.669 [main] DEBUG org.apache.http.impl.conn.DefaultClientConnectionOperator - Connecting to 34.101.78.228:2424
05:56:06.685 [main] DEBUG org.apache.http.client.protocol.RequestAddCookies - CookieSpec selected: ignoreCookies
05:56:06.685 [main] DEBUG org.apache.http.client.protocol.RequestAuthCache - Auth cache not set in the context
05:56:06.685 [main] DEBUG org.apache.http.client.protocol.RequestTargetAuthentication - Target auth state: UNCHALLENGED
05:56:06.685 [main] DEBUG org.apache.http.client.protocol.RequestProxyAuthentication - Proxy auth state: UNCHALLENGED
05:56:06.685 [main] DEBUG org.apache.http.impl.client.DefaultHttpClient - Attempt 1 to execute request
05:56:06.685 [main] DEBUG org.apache.http.impl.conn.DefaultClientConnection - Sending request: POST /api/v1/login HTTP/1.1
05:56:06.686 [main] DEBUG org.apache.http.wire -  >> "POST /api/v1/login HTTP/1.1[\r][\n]"
05:56:06.686 [main] DEBUG org.apache.http.wire -  >> "Accept: */*[\r][\n]"
05:56:06.686 [main] DEBUG org.apache.http.wire -  >> "Content-Type: application/json[\r][\n]"
05:56:06.686 [main] DEBUG org.apache.http.wire -  >> "Content-Length: 50[\r][\n]"
05:56:06.686 [main] DEBUG org.apache.http.wire -  >> "Host: 34.101.78.228:2424[\r][\n]"
05:56:06.686 [main] DEBUG org.apache.http.wire -  >> "Connection: Keep-Alive[\r][\n]"
05:56:06.686 [main] DEBUG org.apache.http.wire -  >> "User-Agent: Apache-HttpClient/4.5.13 (Java/19.0.2)[\r][\n]"
05:56:06.686 [main] DEBUG org.apache.http.wire -  >> "Accept-Encoding: gzip,deflate[\r][\n]"
05:56:06.686 [main] DEBUG org.apache.http.wire -  >> "[\r][\n]"
05:56:06.686 [main] DEBUG org.apache.http.headers - >> POST /api/v1/login HTTP/1.1
05:56:06.686 [main] DEBUG org.apache.http.headers - >> Accept: */*
05:56:06.686 [main] DEBUG org.apache.http.headers - >> Content-Type: application/json
05:56:06.686 [main] DEBUG org.apache.http.headers - >> Content-Length: 50
05:56:06.686 [main] DEBUG org.apache.http.headers - >> Host: 34.101.78.228:2424
05:56:06.686 [main] DEBUG org.apache.http.headers - >> Connection: Keep-Alive
05:56:06.686 [main] DEBUG org.apache.http.headers - >> User-Agent: Apache-HttpClient/4.5.13 (Java/19.0.2)
05:56:06.686 [main] DEBUG org.apache.http.headers - >> Accept-Encoding: gzip,deflate
05:56:06.686 [main] DEBUG org.apache.http.wire -  >> "{"password":"12345678","email":"admin1@gmail.com"}"
05:56:06.784 [main] DEBUG org.apache.http.wire -  << "HTTP/1.1 200 OK[\r][\n]"
05:56:06.784 [main] DEBUG org.apache.http.wire -  << "Content-Type: application/json; charset=UTF-8[\r][\n]"
05:56:06.784 [main] DEBUG org.apache.http.wire -  << "Vary: Origin[\r][\n]"
05:56:06.784 [main] DEBUG org.apache.http.wire -  << "Date: Thu, 22 Jun 2023 22:56:03 GMT[\r][\n]"
05:56:06.784 [main] DEBUG org.apache.http.wire -  << "Content-Length: 408[\r][\n]"
05:56:06.784 [main] DEBUG org.apache.http.wire -  << "[\r][\n]"
05:56:06.784 [main] DEBUG org.apache.http.impl.conn.DefaultClientConnection - Receiving response: HTTP/1.1 200 OK
05:56:06.784 [main] DEBUG org.apache.http.headers - << HTTP/1.1 200 OK
05:56:06.784 [main] DEBUG org.apache.http.headers - << Content-Type: application/json; charset=UTF-8
05:56:06.784 [main] DEBUG org.apache.http.headers - << Vary: Origin
05:56:06.784 [main] DEBUG org.apache.http.headers - << Date: Thu, 22 Jun 2023 22:56:03 GMT
05:56:06.784 [main] DEBUG org.apache.http.headers - << Content-Length: 408
05:56:06.784 [main] DEBUG org.apache.http.impl.client.DefaultHttpClient - Connection can be kept alive indefinitely
05:56:06.784 [main] DEBUG io.restassured.internal.RestAssuredHttpBuilder - Parsing response as: application/json; charset=UTF-8
05:56:06.784 [main] DEBUG io.restassured.internal.RestAssuredHttpBuilder - Parsed data to instance of: class org.apache.http.conn.EofSensorInputStream
05:56:06.787 [main] DEBUG org.apache.http.wire -  << "{"data":{"id":"2883db36-95fc-482c-8c4d-d16aeedb9196","name":"user1","email":"admin1@gmail.com","token":"eyJhbGciOiJIUzI1NiIsInR5cCI6IkpXVCJ9.eyJhdXRob3JpemVkIjp0cnVlLCJleHAiOjE2OTAwNjY1NjMsInVzZXJJZCI6IjI4ODNkYjM2LTk1ZmMtNDgyYy04YzRkLWQxNmFlZWRiOTE5NiIsInVzZXJfdHlwZSI6ImFkbWluIn0.4rgfa2lxay4rV0222-ZMbP6DlVB_9QxQqKHWjaLPBM4"},"metadata":{"status":200,"message":"User Login successfully"},"pagination":null}[\n]"
05:56:06.787 [main] DEBUG org.apache.http.impl.conn.BasicClientConnectionManager - Releasing connection org.apache.http.impl.conn.ManagedClientConnectionImpl@3b399f5a
05:56:06.787 [main] DEBUG org.apache.http.impl.conn.BasicClientConnectionManager - Connection can be kept alive indefinitely
05:56:06.809 [main] DEBUG net.thucydides.core.steps.StepInterceptor - STEP DONE: Admin send endpoint auth and get token
  &amp#27;[32mWhen &amp#27;[0m&amp#27;[32mAdmin send endpoint auth for delete PPD and get token&amp#27;[0m                    &amp#27;[90m# starter.stepdefinitions.admin.PPD.DeletePPDbyAdminSteps.adminSendEndpointAuthForDeletePPDAndGetToken()&amp#27;[0m
05:56:06.816 [main] DEBUG net.thucydides.core.steps.StepInterceptor - STARTING STEP: DeletePPDbyAdminSteps.adminSetDeletePPDApiEndpoint - Admin set get PPD api endpoint
05:56:06.816 [main] DEBUG net.thucydides.core.steps.StepInterceptor - STEP DONE: Admin set get PPD api endpoint
  &amp#27;[32mThen &amp#27;[0m&amp#27;[32mAdmin set delete PPD api endpoint&amp#27;[0m                                        &amp#27;[90m# starter.stepdefinitions.admin.PPD.DeletePPDbyAdminSteps.adminSetDeletePPDApiEndpoint()&amp#27;[0m
05:56:06.822 [main] DEBUG net.thucydides.core.steps.StepInterceptor - STARTING STEP: DeletePPDbyAdminSteps.adminSendHTTPRequestWithParamsPaketDataId - Admin send HTTP request with params paket data
05:56:06.824 [main] DEBUG net.thucydides.core.steps.StepInterceptor - STARTING STEP: DeletePPDbyAdmin.adminsendHTTPrequestwithparamspaketdataid - Admin set get PPD api endpoint
05:56:06.825 [main] DEBUG net.thucydides.core.steps.StepInterceptor - STEP DONE: Admin set get PPD api endpoint
05:56:06.844 [main] DEBUG org.apache.http.impl.conn.BasicClientConnectionManager - Get connection for route {}->http://34.101.78.228:2424
05:56:06.844 [main] DEBUG org.apache.http.impl.conn.DefaultClientConnectionOperator - Connecting to 34.101.78.228:2424
05:56:06.894 [main] DEBUG org.apache.http.client.protocol.RequestAddCookies - CookieSpec selected: ignoreCookies
05:56:06.894 [main] DEBUG org.apache.http.client.protocol.RequestAuthCache - Auth cache not set in the context
05:56:06.894 [main] DEBUG org.apache.http.client.protocol.RequestProxyAuthentication - Proxy auth state: UNCHALLENGED
05:56:06.894 [main] DEBUG org.apache.http.impl.client.DefaultHttpClient - Attempt 1 to execute request
05:56:06.894 [main] DEBUG org.apache.http.impl.conn.DefaultClientConnection - Sending request: DELETE /api/v1/admin/ppd/85f4f472-7a0b-41bb-bab0-6930e36d244e HTTP/1.1
05:56:06.894 [main] DEBUG org.apache.http.wire -  >> "DELETE /api/v1/admin/ppd/85f4f472-7a0b-41bb-bab0-6930e36d244e HTTP/1.1[\r][\n]"
05:56:06.894 [main] DEBUG org.apache.http.wire -  >> "Authorization: Bearer eyJhbGciOiJIUzI1NiIsInR5cCI6IkpXVCJ9.eyJhdXRob3JpemVkIjp0cnVlLCJleHAiOjE2OTAwNjY1NjMsInVzZXJJZCI6IjI4ODNkYjM2LTk1ZmMtNDgyYy04YzRkLWQxNmFlZWRiOTE5NiIsInVzZXJfdHlwZSI6ImFkbWluIn0.4rgfa2lxay4rV0222-ZMbP6DlVB_9QxQqKHWjaLPBM4[\r][\n]"
05:56:06.894 [main] DEBUG org.apache.http.wire -  >> "Accept: application/json[\r][\n]"
05:56:06.894 [main] DEBUG org.apache.http.wire -  >> "Host: 34.101.78.228:2424[\r][\n]"
05:56:06.894 [main] DEBUG org.apache.http.wire -  >> "Connection: Keep-Alive[\r][\n]"
05:56:06.894 [main] DEBUG org.apache.http.wire -  >> "User-Agent: Apache-HttpClient/4.5.13 (Java/19.0.2)[\r][\n]"
05:56:06.894 [main] DEBUG org.apache.http.wire -  >> "Accept-Encoding: gzip,deflate[\r][\n]"
05:56:06.894 [main] DEBUG org.apache.http.wire -  >> "[\r][\n]"
05:56:06.894 [main] DEBUG org.apache.http.headers - >> DELETE /api/v1/admin/ppd/85f4f472-7a0b-41bb-bab0-6930e36d244e HTTP/1.1
05:56:06.894 [main] DEBUG org.apache.http.headers - >> Authorization: Bearer eyJhbGciOiJIUzI1NiIsInR5cCI6IkpXVCJ9.eyJhdXRob3JpemVkIjp0cnVlLCJleHAiOjE2OTAwNjY1NjMsInVzZXJJZCI6IjI4ODNkYjM2LTk1ZmMtNDgyYy04YzRkLWQxNmFlZWRiOTE5NiIsInVzZXJfdHlwZSI6ImFkbWluIn0.4rgfa2lxay4rV0222-ZMbP6DlVB_9QxQqKHWjaLPBM4
05:56:06.894 [main] DEBUG org.apache.http.headers - >> Accept: application/json
05:56:06.894 [main] DEBUG org.apache.http.headers - >> Host: 34.101.78.228:2424
05:56:06.894 [main] DEBUG org.apache.http.headers - >> Connection: Keep-Alive
05:56:06.894 [main] DEBUG org.apache.http.headers - >> User-Agent: Apache-HttpClient/4.5.13 (Java/19.0.2)
05:56:06.894 [main] DEBUG org.apache.http.headers - >> Accept-Encoding: gzip,deflate
05:56:06.944 [main] DEBUG org.apache.http.wire -  << "HTTP/1.1 200 OK[\r][\n]"
05:56:06.944 [main] DEBUG org.apache.http.wire -  << "Content-Type: application/json; charset=UTF-8[\r][\n]"
05:56:06.944 [main] DEBUG org.apache.http.wire -  << "Vary: Origin[\r][\n]"
05:56:06.944 [main] DEBUG org.apache.http.wire -  << "Date: Thu, 22 Jun 2023 22:56:03 GMT[\r][\n]"
05:56:06.944 [main] DEBUG org.apache.http.wire -  << "Content-Length: 111[\r][\n]"
05:56:06.944 [main] DEBUG org.apache.http.wire -  << "[\r][\n]"
05:56:06.945 [main] DEBUG org.apache.http.impl.conn.DefaultClientConnection - Receiving response: HTTP/1.1 200 OK
05:56:06.945 [main] DEBUG org.apache.http.headers - << HTTP/1.1 200 OK
05:56:06.945 [main] DEBUG org.apache.http.headers - << Content-Type: application/json; charset=UTF-8
05:56:06.945 [main] DEBUG org.apache.http.headers - << Vary: Origin
05:56:06.945 [main] DEBUG org.apache.http.headers - << Date: Thu, 22 Jun 2023 22:56:03 GMT
05:56:06.945 [main] DEBUG org.apache.http.headers - << Content-Length: 111
05:56:06.945 [main] DEBUG org.apache.http.impl.client.DefaultHttpClient - Connection can be kept alive indefinitely
05:56:06.945 [main] DEBUG io.restassured.internal.RestAssuredHttpBuilder - Parsing response as: application/json; charset=UTF-8
05:56:06.945 [main] DEBUG io.restassured.internal.RestAssuredHttpBuilder - Parsed data to instance of: class org.apache.http.conn.EofSensorInputStream
05:56:06.946 [main] DEBUG org.apache.http.wire -  << "{"data":null,"metadata":{"status":200,"message":"pulsa or paket data deleted successfully"},"pagination":null}[\n]"
05:56:06.946 [main] DEBUG org.apache.http.impl.conn.BasicClientConnectionManager - Releasing connection org.apache.http.impl.conn.ManagedClientConnectionImpl@51b11186
05:56:06.946 [main] DEBUG org.apache.http.impl.conn.BasicClientConnectionManager - Connection can be kept alive indefinitely
05:56:06.947 [main] DEBUG net.thucydides.core.steps.StepInterceptor - STEP DONE: Admin send HTTP request with params paket data
  &amp#27;[32mThen &amp#27;[0m&amp#27;[32mAdmin send HTTP request with params Paket data id&amp#27;[0m                        &amp#27;[90m# starter.stepdefinitions.admin.PPD.DeletePPDbyAdminSteps.adminSendHTTPRequestWithParamsPaketDataId()&amp#27;[0m
05:56:06.952 [main] DEBUG net.thucydides.core.steps.StepInterceptor - STARTING STEP: DeletePPDbyAdminSteps.adminReceivedValidHTTPResponseCodeForDeletePPDByAdmin - Admin received valid HTTP response code 200
05:56:06.952 [main] DEBUG net.thucydides.core.steps.StepInterceptor - STEP DONE: Admin received valid HTTP response code 200
  &amp#27;[32mAnd &amp#27;[0m&amp#27;[32mAdmin received valid HTTP response code &amp#27;[0m&amp#27;[32m&amp#27;[1m200&amp#27;[0m&amp#27;[32m for delete PPD by admin&amp#27;[0m       &amp#27;[90m# starter.stepdefinitions.admin.PPD.DeletePPDbyAdminSteps.adminReceivedValidHTTPResponseCodeForDeletePPDByAdmin(int)&amp#27;[0m
05:56:06.958 [main] DEBUG net.thucydides.core.steps.StepInterceptor - STARTING STEP: DeletePPDbyAdminSteps.adminReceivedMessageSuccessPulsaOrPaketDataDeletedSuccessfully - Admin received message success : pulsa or paket data deleted successfully
05:56:06.977 [main] DEBUG net.thucydides.core.steps.StepInterceptor - STEP DONE: Admin received message success : pulsa or paket data deleted successfully
  &amp#27;[32mAnd &amp#27;[0m&amp#27;[32mAdmin received message success : pulsa or paket data deleted successfully&amp#27;[0m &amp#27;[90m# starter.stepdefinitions.admin.PPD.DeletePPDbyAdminSteps.adminReceivedMessageSuccessPulsaOrPaketDataDeletedSuccessfully()&amp#27;[0m
05:56:06.982 [main] INFO  - 
  _____   ___   ___   _____     ___     _     ___   ___   ___   ___  
 |_   _| | __| / __| |_   _|   | _ \   /_\   / __| / __| | __| |   \ 
   | |   | _|  \__ \   | |     |  _/  / _ \  \__ \ \__ \ | _|  | |) |
   |_|   |___| |___/   |_|     |_|   /_/ \_\ |___/ |___/ |___| |___/ 

Admin berhasil menghapus salah satu id paket data
----------------------------------------------------------------------
]]></system-out>
  </testcase>
  <testcase name="Admin belum berhasil menghapus salah satu id pulsa karena belum login" classname="Delete PPD use id by Admin" time="0.186">
    <system-out><![CDATA[
@Delete-PPD-by-Admin-03
Scenario: Admin belum berhasil menghapus salah satu id pulsa karena belum login &amp#27;[90m# src/test/resources/features/admin/DeletePPDbyAdmin.feature:22&amp#27;[0m
05:56:06.994 [main] INFO io.cucumber.core.plugin.SerenityReporter - Running feature from file:///C:/Dev/CapstoneProjectBaru/SKUYPAY%20API%20AUTOMATION/src/test/resources/features/admin/DeletePPDbyAdmin.feature
05:56:06.997 [main] INFO  - 
  _____   ___   ___   _____     ___   _____     _     ___   _____   ___   ___  
 |_   _| | __| / __| |_   _|   / __| |_   _|   /_\   | _ \ |_   _| | __| |   \ 
   | |   | _|  \__ \   | |     \__ \   | |    / _ \  |   /   | |   | _|  | |) |
   |_|   |___| |___/   |_|     |___/   |_|   /_/ \_\ |_|_\   |_|   |___| |___/ 

Admin belum berhasil menghapus salah satu id pulsa karena belum login(delete-ppd-use-id-by-admin;admin-belum-berhasil-menghapus-salah-satu-id-pulsa-karena-belum-login)
--------------------------------------------------------------------------------
05:56:07.013 [main] DEBUG net.thucydides.core.steps.StepInterceptor - STARTING STEP: DeletePPDbyAdminSteps.adminSetDeletePPDApiEndpoint - Admin set get PPD api endpoint
05:56:07.013 [main] DEBUG net.thucydides.core.steps.StepInterceptor - STEP DONE: Admin set get PPD api endpoint
  &amp#27;[32mGiven &amp#27;[0m&amp#27;[32mAdmin set delete PPD api endpoint&amp#27;[0m                                       &amp#27;[90m# starter.stepdefinitions.admin.PPD.DeletePPDbyAdminSteps.adminSetDeletePPDApiEndpoint()&amp#27;[0m
05:56:07.017 [main] DEBUG net.thucydides.core.steps.StepInterceptor - STARTING STEP: DeletePPDbyAdminSteps.adminSendHTTPRequestWithParamsPulsaId - Admin send HTTP request with params pulsa id
05:56:07.020 [main] DEBUG net.thucydides.core.steps.StepInterceptor - STARTING STEP: DeletePPDbyAdmin.adminsendHTTPrequestwithparamspulsaid - Admin set get PPD api endpoint
05:56:07.020 [main] DEBUG net.thucydides.core.steps.StepInterceptor - STEP DONE: Admin set get PPD api endpoint
05:56:07.034 [main] DEBUG org.apache.http.impl.conn.BasicClientConnectionManager - Get connection for route {}->http://34.101.78.228:2424
05:56:07.035 [main] DEBUG org.apache.http.impl.conn.DefaultClientConnectionOperator - Connecting to 34.101.78.228:2424
05:56:07.094 [main] DEBUG org.apache.http.client.protocol.RequestAddCookies - CookieSpec selected: ignoreCookies
05:56:07.094 [main] DEBUG org.apache.http.client.protocol.RequestAuthCache - Auth cache not set in the context
05:56:07.094 [main] DEBUG org.apache.http.client.protocol.RequestProxyAuthentication - Proxy auth state: UNCHALLENGED
05:56:07.094 [main] DEBUG org.apache.http.impl.client.DefaultHttpClient - Attempt 1 to execute request
05:56:07.094 [main] DEBUG org.apache.http.impl.conn.DefaultClientConnection - Sending request: DELETE /api/v1/admin/ppd/b6c36cc0-56da-44d2-97eb-0a4ee321f381 HTTP/1.1
05:56:07.094 [main] DEBUG org.apache.http.wire -  >> "DELETE /api/v1/admin/ppd/b6c36cc0-56da-44d2-97eb-0a4ee321f381 HTTP/1.1[\r][\n]"
05:56:07.094 [main] DEBUG org.apache.http.wire -  >> "Authorization: Bearer [\r][\n]"
05:56:07.094 [main] DEBUG org.apache.http.wire -  >> "Accept: application/json[\r][\n]"
05:56:07.094 [main] DEBUG org.apache.http.wire -  >> "Host: 34.101.78.228:2424[\r][\n]"
05:56:07.094 [main] DEBUG org.apache.http.wire -  >> "Connection: Keep-Alive[\r][\n]"
05:56:07.094 [main] DEBUG org.apache.http.wire -  >> "User-Agent: Apache-HttpClient/4.5.13 (Java/19.0.2)[\r][\n]"
05:56:07.094 [main] DEBUG org.apache.http.wire -  >> "Accept-Encoding: gzip,deflate[\r][\n]"
05:56:07.094 [main] DEBUG org.apache.http.wire -  >> "[\r][\n]"
05:56:07.094 [main] DEBUG org.apache.http.headers - >> DELETE /api/v1/admin/ppd/b6c36cc0-56da-44d2-97eb-0a4ee321f381 HTTP/1.1
05:56:07.094 [main] DEBUG org.apache.http.headers - >> Authorization: Bearer 
05:56:07.094 [main] DEBUG org.apache.http.headers - >> Accept: application/json
05:56:07.094 [main] DEBUG org.apache.http.headers - >> Host: 34.101.78.228:2424
05:56:07.094 [main] DEBUG org.apache.http.headers - >> Connection: Keep-Alive
05:56:07.094 [main] DEBUG org.apache.http.headers - >> User-Agent: Apache-HttpClient/4.5.13 (Java/19.0.2)
05:56:07.094 [main] DEBUG org.apache.http.headers - >> Accept-Encoding: gzip,deflate
05:56:07.127 [main] DEBUG org.apache.http.wire -  << "HTTP/1.1 400 Bad Request[\r][\n]"
05:56:07.127 [main] DEBUG org.apache.http.wire -  << "Content-Type: application/json; charset=UTF-8[\r][\n]"
05:56:07.127 [main] DEBUG org.apache.http.wire -  << "Vary: Origin[\r][\n]"
05:56:07.127 [main] DEBUG org.apache.http.wire -  << "Date: Thu, 22 Jun 2023 22:56:03 GMT[\r][\n]"
05:56:07.127 [main] DEBUG org.apache.http.wire -  << "Content-Length: 39[\r][\n]"
05:56:07.127 [main] DEBUG org.apache.http.wire -  << "[\r][\n]"
05:56:07.127 [main] DEBUG org.apache.http.impl.conn.DefaultClientConnection - Receiving response: HTTP/1.1 400 Bad Request
05:56:07.130 [main] DEBUG org.apache.http.headers - << HTTP/1.1 400 Bad Request
05:56:07.130 [main] DEBUG org.apache.http.headers - << Content-Type: application/json; charset=UTF-8
05:56:07.130 [main] DEBUG org.apache.http.headers - << Vary: Origin
05:56:07.130 [main] DEBUG org.apache.http.headers - << Date: Thu, 22 Jun 2023 22:56:03 GMT
05:56:07.130 [main] DEBUG org.apache.http.headers - << Content-Length: 39
05:56:07.130 [main] DEBUG org.apache.http.impl.client.DefaultHttpClient - Connection can be kept alive indefinitely
05:56:07.131 [main] DEBUG io.restassured.internal.RestAssuredHttpBuilder - Parsing response as: application/json; charset=UTF-8
05:56:07.131 [main] DEBUG io.restassured.internal.RestAssuredHttpBuilder - Parsed data to instance of: class org.apache.http.conn.EofSensorInputStream
05:56:07.132 [main] DEBUG org.apache.http.wire -  << "{"message":"missing or malformed jwt"}[\n]"
05:56:07.132 [main] DEBUG org.apache.http.impl.conn.BasicClientConnectionManager - Releasing connection org.apache.http.impl.conn.ManagedClientConnectionImpl@294a3f2a
05:56:07.132 [main] DEBUG org.apache.http.impl.conn.BasicClientConnectionManager - Connection can be kept alive indefinitely
05:56:07.133 [main] DEBUG net.thucydides.core.steps.StepInterceptor - STEP DONE: Admin send HTTP request with params pulsa id
  &amp#27;[32mWhen &amp#27;[0m&amp#27;[32mAdmin send HTTP request with params Pulsa id&amp#27;[0m                             &amp#27;[90m# starter.stepdefinitions.admin.PPD.DeletePPDbyAdminSteps.adminSendHTTPRequestWithParamsPulsaId()&amp#27;[0m
05:56:07.138 [main] DEBUG net.thucydides.core.steps.StepInterceptor - STARTING STEP: DeletePPDbyAdminSteps.adminReceivedInvalidHTTPResponseCodeForDeletePPDByAdmin - Admin received invalid HTTP response code 400
05:56:07.140 [main] DEBUG net.thucydides.core.steps.StepInterceptor - STEP DONE: Admin received invalid HTTP response code 400
  &amp#27;[32mAnd &amp#27;[0m&amp#27;[32mAdmin received invalid HTTP response code &amp#27;[0m&amp#27;[32m&amp#27;[1m400&amp#27;[0m&amp#27;[32m for delete PPD by admin&amp#27;[0m     &amp#27;[90m# starter.stepdefinitions.admin.PPD.DeletePPDbyAdminSteps.adminReceivedInvalidHTTPResponseCodeForDeletePPDByAdmin(int)&amp#27;[0m
05:56:07.146 [main] DEBUG net.thucydides.core.steps.StepInterceptor - STARTING STEP: DeletePPDbyAdminSteps.adminReceivedErorMessageMissingOrMalformedJwt - Admin received message success : missing or malformed jwt
05:56:07.165 [main] DEBUG net.thucydides.core.steps.StepInterceptor - STEP DONE: Admin received message success : missing or malformed jwt
  &amp#27;[32mAnd &amp#27;[0m&amp#27;[32mAdmin received eror message : missing or malformed jwt&amp#27;[0m                    &amp#27;[90m# starter.stepdefinitions.admin.PPD.DeletePPDbyAdminSteps.adminReceivedErorMessageMissingOrMalformedJwt()&amp#27;[0m
05:56:07.169 [main] INFO  - 
  _____   ___   ___   _____     ___     _     ___   ___   ___   ___  
 |_   _| | __| / __| |_   _|   | _ \   /_\   / __| / __| | __| |   \ 
   | |   | _|  \__ \   | |     |  _/  / _ \  \__ \ \__ \ | _|  | |) |
   |_|   |___| |___/   |_|     |_|   /_/ \_\ |___/ |___/ |___| |___/ 

Admin belum berhasil menghapus salah satu id pulsa karena belum login
----------------------------------------------------------------------
]]></system-out>
  </testcase>
  <testcase name="Admin berhasil mendapat detail semua paket data dan pulsa (Telkomsel)" classname="Get All PPD by Admin" time="0.409">
    <system-out><![CDATA[05:56:07.171 [main] INFO io.cucumber.core.plugin.SerenityReporter - Running feature from file:///C:/Dev/CapstoneProjectBaru/SKUYPAY%20API%20AUTOMATION/src/test/resources/features/admin/GetAllPPDbyAdmin.feature
05:56:07.175 [main] DEBUG net.thucydides.core.steps.StepEventBus - Test suite started for story net.thucydides.core.model.Story@7eee90c2
05:56:07.176 [main] INFO  - Test Suite Started: Get All PPD by Admin

@Get-all-PPD-by-admin-01
Scenario: Admin berhasil mendapat detail semua paket data dan pulsa (Telkomsel) &amp#27;[90m# src/test/resources/features/admin/GetAllPPDbyAdmin.feature:4&amp#27;[0m
05:56:07.202 [main] INFO io.cucumber.core.plugin.SerenityReporter - Running feature from file:///C:/Dev/CapstoneProjectBaru/SKUYPAY%20API%20AUTOMATION/src/test/resources/features/admin/GetAllPPDbyAdmin.feature
05:56:07.205 [main] INFO  - 
  _____   ___   ___   _____     ___   _____     _     ___   _____   ___   ___  
 |_   _| | __| / __| |_   _|   / __| |_   _|   /_\   | _ \ |_   _| | __| |   \ 
   | |   | _|  \__ \   | |     \__ \   | |    / _ \  |   /   | |   | _|  | |) |
   |_|   |___| |___/   |_|     |___/   |_|   /_/ \_\ |_|_\   |_|   |___| |___/ 

Admin berhasil mendapat detail semua paket data dan pulsa (Telkomsel)(get-all-ppd-by-admin;admin-berhasil-mendapat-detail-semua-paket-data-dan-pulsa-(telkomsel))
--------------------------------------------------------------------------------
05:56:07.243 [main] DEBUG net.thucydides.core.steps.StepInterceptor - STARTING STEP: GetAllPPDSteps.adminHaveEndpointAuthLoginForGetPPD - Admin have endpoint auth login for get PPD
05:56:07.244 [main] DEBUG net.thucydides.core.steps.StepInterceptor - STEP DONE: Admin have endpoint auth login for get PPD
  &amp#27;[32mGiven &amp#27;[0m&amp#27;[32mAdmin have endpoint auth login for get PPD&amp#27;[0m                              &amp#27;[90m# starter.stepdefinitions.admin.PPD.GetAllPPDSteps.adminHaveEndpointAuthLoginForGetPPD()&amp#27;[0m
05:56:07.250 [main] DEBUG net.thucydides.core.steps.StepInterceptor - STARTING STEP: GetAllPPDSteps.adminSendEndpointAuthForGetPDDFeatureAndGetToken - Admin send endpoint auth for get PDD feature and get token
05:56:07.253 [main] DEBUG net.thucydides.core.steps.StepInterceptor - STARTING STEP: GetAllPPD.adminsendendpointauthforgetPDDfeatureandgettoken - Admin have endpoint auth login for get PPD
05:56:07.254 [main] DEBUG net.thucydides.core.steps.StepInterceptor - STEP DONE: Admin have endpoint auth login for get PPD
05:56:07.272 [main] DEBUG org.apache.http.impl.conn.BasicClientConnectionManager - Get connection for route {}->http://34.101.78.228:2424
05:56:07.273 [main] DEBUG org.apache.http.impl.conn.DefaultClientConnectionOperator - Connecting to 34.101.78.228:2424
05:56:07.289 [main] DEBUG org.apache.http.client.protocol.RequestAddCookies - CookieSpec selected: ignoreCookies
05:56:07.289 [main] DEBUG org.apache.http.client.protocol.RequestAuthCache - Auth cache not set in the context
05:56:07.289 [main] DEBUG org.apache.http.client.protocol.RequestTargetAuthentication - Target auth state: UNCHALLENGED
05:56:07.289 [main] DEBUG org.apache.http.client.protocol.RequestProxyAuthentication - Proxy auth state: UNCHALLENGED
05:56:07.289 [main] DEBUG org.apache.http.impl.client.DefaultHttpClient - Attempt 1 to execute request
05:56:07.289 [main] DEBUG org.apache.http.impl.conn.DefaultClientConnection - Sending request: POST /api/v1/login HTTP/1.1
05:56:07.289 [main] DEBUG org.apache.http.wire -  >> "POST /api/v1/login HTTP/1.1[\r][\n]"
05:56:07.289 [main] DEBUG org.apache.http.wire -  >> "Accept: */*[\r][\n]"
05:56:07.289 [main] DEBUG org.apache.http.wire -  >> "Content-Type: application/json[\r][\n]"
05:56:07.289 [main] DEBUG org.apache.http.wire -  >> "Content-Length: 50[\r][\n]"
05:56:07.289 [main] DEBUG org.apache.http.wire -  >> "Host: 34.101.78.228:2424[\r][\n]"
05:56:07.289 [main] DEBUG org.apache.http.wire -  >> "Connection: Keep-Alive[\r][\n]"
05:56:07.289 [main] DEBUG org.apache.http.wire -  >> "User-Agent: Apache-HttpClient/4.5.13 (Java/19.0.2)[\r][\n]"
05:56:07.289 [main] DEBUG org.apache.http.wire -  >> "Accept-Encoding: gzip,deflate[\r][\n]"
05:56:07.289 [main] DEBUG org.apache.http.wire -  >> "[\r][\n]"
05:56:07.289 [main] DEBUG org.apache.http.headers - >> POST /api/v1/login HTTP/1.1
05:56:07.289 [main] DEBUG org.apache.http.headers - >> Accept: */*
05:56:07.289 [main] DEBUG org.apache.http.headers - >> Content-Type: application/json
05:56:07.289 [main] DEBUG org.apache.http.headers - >> Content-Length: 50
05:56:07.289 [main] DEBUG org.apache.http.headers - >> Host: 34.101.78.228:2424
05:56:07.289 [main] DEBUG org.apache.http.headers - >> Connection: Keep-Alive
05:56:07.289 [main] DEBUG org.apache.http.headers - >> User-Agent: Apache-HttpClient/4.5.13 (Java/19.0.2)
05:56:07.289 [main] DEBUG org.apache.http.headers - >> Accept-Encoding: gzip,deflate
05:56:07.289 [main] DEBUG org.apache.http.wire -  >> "{"password":"12345678","email":"admin1@gmail.com"}"
05:56:07.386 [main] DEBUG org.apache.http.wire -  << "HTTP/1.1 200 OK[\r][\n]"
05:56:07.386 [main] DEBUG org.apache.http.wire -  << "Content-Type: application/json; charset=UTF-8[\r][\n]"
05:56:07.386 [main] DEBUG org.apache.http.wire -  << "Vary: Origin[\r][\n]"
05:56:07.386 [main] DEBUG org.apache.http.wire -  << "Date: Thu, 22 Jun 2023 22:56:04 GMT[\r][\n]"
05:56:07.386 [main] DEBUG org.apache.http.wire -  << "Content-Length: 408[\r][\n]"
05:56:07.386 [main] DEBUG org.apache.http.wire -  << "[\r][\n]"
05:56:07.386 [main] DEBUG org.apache.http.impl.conn.DefaultClientConnection - Receiving response: HTTP/1.1 200 OK
05:56:07.386 [main] DEBUG org.apache.http.headers - << HTTP/1.1 200 OK
05:56:07.386 [main] DEBUG org.apache.http.headers - << Content-Type: application/json; charset=UTF-8
05:56:07.386 [main] DEBUG org.apache.http.headers - << Vary: Origin
05:56:07.386 [main] DEBUG org.apache.http.headers - << Date: Thu, 22 Jun 2023 22:56:04 GMT
05:56:07.386 [main] DEBUG org.apache.http.headers - << Content-Length: 408
05:56:07.386 [main] DEBUG org.apache.http.impl.client.DefaultHttpClient - Connection can be kept alive indefinitely
05:56:07.386 [main] DEBUG io.restassured.internal.RestAssuredHttpBuilder - Parsing response as: application/json; charset=UTF-8
05:56:07.386 [main] DEBUG io.restassured.internal.RestAssuredHttpBuilder - Parsed data to instance of: class org.apache.http.conn.EofSensorInputStream
05:56:07.388 [main] DEBUG org.apache.http.wire -  << "{"data":{"id":"2883db36-95fc-482c-8c4d-d16aeedb9196","name":"user1","email":"admin1@gmail.com","token":"eyJhbGciOiJIUzI1NiIsInR5cCI6IkpXVCJ9.eyJhdXRob3JpemVkIjp0cnVlLCJleHAiOjE2OTAwNjY1NjQsInVzZXJJZCI6IjI4ODNkYjM2LTk1ZmMtNDgyYy04YzRkLWQxNmFlZWRiOTE5NiIsInVzZXJfdHlwZSI6ImFkbWluIn0.d9-1dUa92OPvSjyb5DcCOdzZRV3PGJiKidHJGQb5H1s"},"metadata":{"status":200,"message":"User Login successfully"},"pagination":null}[\n]"
05:56:07.388 [main] DEBUG org.apache.http.impl.conn.BasicClientConnectionManager - Releasing connection org.apache.http.impl.conn.ManagedClientConnectionImpl@37aea657
05:56:07.389 [main] DEBUG org.apache.http.impl.conn.BasicClientConnectionManager - Connection can be kept alive indefinitely
05:56:07.409 [main] DEBUG net.thucydides.core.steps.StepInterceptor - STEP DONE: Admin send endpoint auth for get PDD feature and get token
  &amp#27;[32mWhen &amp#27;[0m&amp#27;[32mAdmin send endpoint auth for get PDD feature and get token&amp#27;[0m               &amp#27;[90m# starter.stepdefinitions.admin.PPD.GetAllPPDSteps.adminSendEndpointAuthForGetPDDFeatureAndGetToken()&amp#27;[0m
05:56:07.417 [main] DEBUG net.thucydides.core.steps.StepInterceptor - STARTING STEP: GetAllPPDSteps.adminSetGetPPDApiEndpoint - Admin set get PPD api endpoint
05:56:07.417 [main] DEBUG net.thucydides.core.steps.StepInterceptor - STEP DONE: Admin set get PPD api endpoint
  &amp#27;[32mThen &amp#27;[0m&amp#27;[32mAdmin set get PPD api endpoint&amp#27;[0m                                           &amp#27;[90m# starter.stepdefinitions.admin.PPD.GetAllPPDSteps.adminSetGetPPDApiEndpoint()&amp#27;[0m
05:56:07.423 [main] DEBUG net.thucydides.core.steps.StepInterceptor - STARTING STEP: GetAllPPDSteps.adminSendHTTPRequestWithNewUrlforpaketdata - Admin send HTTP request with params for all
05:56:07.438 [main] DEBUG net.thucydides.core.steps.StepInterceptor - STARTING STEP: GetAllPPD.adminsendHTTPrequestwithparamsforall - Admin set get PPD api endpoint
05:56:07.439 [main] DEBUG net.thucydides.core.steps.StepInterceptor - STEP DONE: Admin set get PPD api endpoint
05:56:07.467 [main] DEBUG org.apache.http.impl.conn.BasicClientConnectionManager - Get connection for route {}->http://34.101.78.228:2424
05:56:07.467 [main] DEBUG org.apache.http.impl.conn.DefaultClientConnectionOperator - Connecting to 34.101.78.228:2424
05:56:07.495 [main] DEBUG org.apache.http.client.protocol.RequestAddCookies - CookieSpec selected: ignoreCookies
05:56:07.495 [main] DEBUG org.apache.http.client.protocol.RequestAuthCache - Auth cache not set in the context
05:56:07.495 [main] DEBUG org.apache.http.client.protocol.RequestProxyAuthentication - Proxy auth state: UNCHALLENGED
05:56:07.496 [main] DEBUG org.apache.http.impl.client.DefaultHttpClient - Attempt 1 to execute request
05:56:07.496 [main] DEBUG org.apache.http.impl.conn.DefaultClientConnection - Sending request: GET /api/v1/admin/ppd?type=--&provider=Telkomsel&limit=10&page=1 HTTP/1.1
05:56:07.496 [main] DEBUG org.apache.http.wire -  >> "GET /api/v1/admin/ppd?type=--&provider=Telkomsel&limit=10&page=1 HTTP/1.1[\r][\n]"
05:56:07.496 [main] DEBUG org.apache.http.wire -  >> "Content-Type: application/json[\r][\n]"
05:56:07.496 [main] DEBUG org.apache.http.wire -  >> "Authorization: Bearer eyJhbGciOiJIUzI1NiIsInR5cCI6IkpXVCJ9.eyJhdXRob3JpemVkIjp0cnVlLCJleHAiOjE2OTAwNjY1NjQsInVzZXJJZCI6IjI4ODNkYjM2LTk1ZmMtNDgyYy04YzRkLWQxNmFlZWRiOTE5NiIsInVzZXJfdHlwZSI6ImFkbWluIn0.d9-1dUa92OPvSjyb5DcCOdzZRV3PGJiKidHJGQb5H1s[\r][\n]"
05:56:07.496 [main] DEBUG org.apache.http.wire -  >> "Accept: application/json[\r][\n]"
05:56:07.496 [main] DEBUG org.apache.http.wire -  >> "Host: 34.101.78.228:2424[\r][\n]"
05:56:07.496 [main] DEBUG org.apache.http.wire -  >> "Connection: Keep-Alive[\r][\n]"
05:56:07.496 [main] DEBUG org.apache.http.wire -  >> "User-Agent: Apache-HttpClient/4.5.13 (Java/19.0.2)[\r][\n]"
05:56:07.496 [main] DEBUG org.apache.http.wire -  >> "Accept-Encoding: gzip,deflate[\r][\n]"
05:56:07.496 [main] DEBUG org.apache.http.wire -  >> "[\r][\n]"
05:56:07.496 [main] DEBUG org.apache.http.headers - >> GET /api/v1/admin/ppd?type=--&provider=Telkomsel&limit=10&page=1 HTTP/1.1
05:56:07.496 [main] DEBUG org.apache.http.headers - >> Content-Type: application/json
05:56:07.496 [main] DEBUG org.apache.http.headers - >> Authorization: Bearer eyJhbGciOiJIUzI1NiIsInR5cCI6IkpXVCJ9.eyJhdXRob3JpemVkIjp0cnVlLCJleHAiOjE2OTAwNjY1NjQsInVzZXJJZCI6IjI4ODNkYjM2LTk1ZmMtNDgyYy04YzRkLWQxNmFlZWRiOTE5NiIsInVzZXJfdHlwZSI6ImFkbWluIn0.d9-1dUa92OPvSjyb5DcCOdzZRV3PGJiKidHJGQb5H1s
05:56:07.496 [main] DEBUG org.apache.http.headers - >> Accept: application/json
05:56:07.496 [main] DEBUG org.apache.http.headers - >> Host: 34.101.78.228:2424
05:56:07.496 [main] DEBUG org.apache.http.headers - >> Connection: Keep-Alive
05:56:07.496 [main] DEBUG org.apache.http.headers - >> User-Agent: Apache-HttpClient/4.5.13 (Java/19.0.2)
05:56:07.496 [main] DEBUG org.apache.http.headers - >> Accept-Encoding: gzip,deflate
05:56:07.538 [main] DEBUG org.apache.http.wire -  << "HTTP/1.1 200 OK[\r][\n]"
05:56:07.539 [main] DEBUG org.apache.http.wire -  << "Content-Type: application/json; charset=UTF-8[\r][\n]"
05:56:07.539 [main] DEBUG org.apache.http.wire -  << "Vary: Origin[\r][\n]"
05:56:07.539 [main] DEBUG org.apache.http.wire -  << "Date: Thu, 22 Jun 2023 22:56:04 GMT[\r][\n]"
05:56:07.539 [main] DEBUG org.apache.http.wire -  << "Content-Length: 104[\r][\n]"
05:56:07.539 [main] DEBUG org.apache.http.wire -  << "[\r][\n]"
05:56:07.539 [main] DEBUG org.apache.http.impl.conn.DefaultClientConnection - Receiving response: HTTP/1.1 200 OK
05:56:07.539 [main] DEBUG org.apache.http.headers - << HTTP/1.1 200 OK
05:56:07.539 [main] DEBUG org.apache.http.headers - << Content-Type: application/json; charset=UTF-8
05:56:07.539 [main] DEBUG org.apache.http.headers - << Vary: Origin
05:56:07.539 [main] DEBUG org.apache.http.headers - << Date: Thu, 22 Jun 2023 22:56:04 GMT
05:56:07.539 [main] DEBUG org.apache.http.headers - << Content-Length: 104
05:56:07.539 [main] DEBUG org.apache.http.impl.client.DefaultHttpClient - Connection can be kept alive indefinitely
05:56:07.539 [main] DEBUG io.restassured.internal.RestAssuredHttpBuilder - Parsing response as: application/json; charset=UTF-8
05:56:07.539 [main] DEBUG io.restassured.internal.RestAssuredHttpBuilder - Parsed data to instance of: class org.apache.http.conn.EofSensorInputStream
05:56:07.541 [main] DEBUG org.apache.http.wire -  << "{"data":[],"metadata":{"status":200,"message":"success get all pulsa or paket data"},"pagination":null}[\n]"
05:56:07.541 [main] DEBUG org.apache.http.impl.conn.BasicClientConnectionManager - Releasing connection org.apache.http.impl.conn.ManagedClientConnectionImpl@12925d2
05:56:07.541 [main] DEBUG org.apache.http.impl.conn.BasicClientConnectionManager - Connection can be kept alive indefinitely
05:56:07.542 [main] DEBUG net.thucydides.core.steps.StepInterceptor - STEP DONE: Admin send HTTP request with params for all
  &amp#27;[32mThen &amp#27;[0m&amp#27;[32mAdmin send HTTP request with params for all&amp#27;[0m                              &amp#27;[90m# starter.stepdefinitions.admin.PPD.GetAllPPDSteps.adminSendHTTPRequestWithNewUrlforpaketdata()&amp#27;[0m
05:56:07.549 [main] DEBUG net.thucydides.core.steps.StepInterceptor - STARTING STEP: GetAllPPDSteps.adminReceivedValidHTTPResponseCodeForGetDetailPPDByAdmin - Admin received valid HTTP response code 200 for get detail PPD by admin
05:56:07.550 [main] DEBUG net.thucydides.core.steps.StepInterceptor - STEP DONE: Admin received valid HTTP response code 200 for get detail PPD by admin
  &amp#27;[32mAnd &amp#27;[0m&amp#27;[32mAdmin received valid HTTP response code &amp#27;[0m&amp#27;[32m&amp#27;[1m200&amp#27;[0m&amp#27;[32m for get detail PPD by admin&amp#27;[0m   &amp#27;[90m# starter.stepdefinitions.admin.PPD.GetAllPPDSteps.adminReceivedValidHTTPResponseCodeForGetDetailPPDByAdmin(int)&amp#27;[0m
05:56:07.557 [main] DEBUG net.thucydides.core.steps.StepInterceptor - STARTING STEP: GetAllPPDSteps.iReceivedMessageSuccessSuccessGetAllPulsaOrPaketData - Admin received message success : success get all pulsa or paket data
05:56:07.580 [main] DEBUG net.thucydides.core.steps.StepInterceptor - STEP DONE: Admin received message success : success get all pulsa or paket data
  &amp#27;[32mAnd &amp#27;[0m&amp#27;[32mAdmin received message success : success get all pulsa or paket data&amp#27;[0m      &amp#27;[90m# starter.stepdefinitions.admin.PPD.GetAllPPDSteps.iReceivedMessageSuccessSuccessGetAllPulsaOrPaketData()&amp#27;[0m
05:56:07.584 [main] INFO  - 
  _____   ___   ___   _____     ___     _     ___   ___   ___   ___  
 |_   _| | __| / __| |_   _|   | _ \   /_\   / __| / __| | __| |   \ 
   | |   | _|  \__ \   | |     |  _/  / _ \  \__ \ \__ \ | _|  | |) |
   |_|   |___| |___/   |_|     |_|   /_/ \_\ |___/ |___/ |___| |___/ 

Admin berhasil mendapat detail semua paket data dan pulsa (Telkomsel)
----------------------------------------------------------------------
]]></system-out>
  </testcase>
  <testcase name="Admin berhasil mendapat detail semua pulsa (Telkomsel) #1" classname="Get All PPD by Admin" time="0.427">
    <system-out><![CDATA[
@Get-all-PPD-by-admin-02
Scenario: Admin berhasil mendapat detail semua pulsa (Telkomsel)              &amp#27;[90m# src/test/resources/features/admin/GetAllPPDbyAdmin.feature:13&amp#27;[0m
05:56:07.602 [main] INFO io.cucumber.core.plugin.SerenityReporter - Running feature from file:///C:/Dev/CapstoneProjectBaru/SKUYPAY%20API%20AUTOMATION/src/test/resources/features/admin/GetAllPPDbyAdmin.feature
05:56:07.607 [main] INFO  - 
  _____   ___   ___   _____     ___   _____     _     ___   _____   ___   ___  
 |_   _| | __| / __| |_   _|   / __| |_   _|   /_\   | _ \ |_   _| | __| |   \ 
   | |   | _|  \__ \   | |     \__ \   | |    / _ \  |   /   | |   | _|  | |) |
   |_|   |___| |___/   |_|     |___/   |_|   /_/ \_\ |_|_\   |_|   |___| |___/ 

Admin berhasil mendapat detail semua pulsa (Telkomsel)(get-all-ppd-by-admin;admin-berhasil-mendapat-detail-semua-pulsa-(telkomsel))
--------------------------------------------------------------------------------
05:56:07.625 [main] DEBUG net.thucydides.core.steps.StepInterceptor - STARTING STEP: GetAllPPDSteps.adminHaveEndpointAuthLoginForGetPPD - Admin have endpoint auth login for get PPD
05:56:07.625 [main] DEBUG net.thucydides.core.steps.StepInterceptor - STEP DONE: Admin have endpoint auth login for get PPD
  &amp#27;[32mGiven &amp#27;[0m&amp#27;[32mAdmin have endpoint auth login for get PPD&amp#27;[0m                            &amp#27;[90m# starter.stepdefinitions.admin.PPD.GetAllPPDSteps.adminHaveEndpointAuthLoginForGetPPD()&amp#27;[0m
05:56:07.630 [main] DEBUG net.thucydides.core.steps.StepInterceptor - STARTING STEP: GetAllPPDSteps.adminSendEndpointAuthForGetPDDFeatureAndGetToken - Admin send endpoint auth for get PDD feature and get token
05:56:07.632 [main] DEBUG net.thucydides.core.steps.StepInterceptor - STARTING STEP: GetAllPPD.adminsendendpointauthforgetPDDfeatureandgettoken - Admin have endpoint auth login for get PPD
05:56:07.632 [main] DEBUG net.thucydides.core.steps.StepInterceptor - STEP DONE: Admin have endpoint auth login for get PPD
05:56:07.661 [main] DEBUG org.apache.http.impl.conn.BasicClientConnectionManager - Get connection for route {}->http://34.101.78.228:2424
05:56:07.662 [main] DEBUG org.apache.http.impl.conn.DefaultClientConnectionOperator - Connecting to 34.101.78.228:2424
05:56:07.678 [main] DEBUG org.apache.http.client.protocol.RequestAddCookies - CookieSpec selected: ignoreCookies
05:56:07.678 [main] DEBUG org.apache.http.client.protocol.RequestAuthCache - Auth cache not set in the context
05:56:07.678 [main] DEBUG org.apache.http.client.protocol.RequestTargetAuthentication - Target auth state: UNCHALLENGED
05:56:07.678 [main] DEBUG org.apache.http.client.protocol.RequestProxyAuthentication - Proxy auth state: UNCHALLENGED
05:56:07.678 [main] DEBUG org.apache.http.impl.client.DefaultHttpClient - Attempt 1 to execute request
05:56:07.678 [main] DEBUG org.apache.http.impl.conn.DefaultClientConnection - Sending request: POST /api/v1/login HTTP/1.1
05:56:07.678 [main] DEBUG org.apache.http.wire -  >> "POST /api/v1/login HTTP/1.1[\r][\n]"
05:56:07.678 [main] DEBUG org.apache.http.wire -  >> "Accept: */*[\r][\n]"
05:56:07.678 [main] DEBUG org.apache.http.wire -  >> "Content-Type: application/json[\r][\n]"
05:56:07.678 [main] DEBUG org.apache.http.wire -  >> "Content-Length: 50[\r][\n]"
05:56:07.678 [main] DEBUG org.apache.http.wire -  >> "Host: 34.101.78.228:2424[\r][\n]"
05:56:07.678 [main] DEBUG org.apache.http.wire -  >> "Connection: Keep-Alive[\r][\n]"
05:56:07.679 [main] DEBUG org.apache.http.wire -  >> "User-Agent: Apache-HttpClient/4.5.13 (Java/19.0.2)[\r][\n]"
05:56:07.679 [main] DEBUG org.apache.http.wire -  >> "Accept-Encoding: gzip,deflate[\r][\n]"
05:56:07.679 [main] DEBUG org.apache.http.wire -  >> "[\r][\n]"
05:56:07.679 [main] DEBUG org.apache.http.headers - >> POST /api/v1/login HTTP/1.1
05:56:07.679 [main] DEBUG org.apache.http.headers - >> Accept: */*
05:56:07.679 [main] DEBUG org.apache.http.headers - >> Content-Type: application/json
05:56:07.679 [main] DEBUG org.apache.http.headers - >> Content-Length: 50
05:56:07.679 [main] DEBUG org.apache.http.headers - >> Host: 34.101.78.228:2424
05:56:07.679 [main] DEBUG org.apache.http.headers - >> Connection: Keep-Alive
05:56:07.679 [main] DEBUG org.apache.http.headers - >> User-Agent: Apache-HttpClient/4.5.13 (Java/19.0.2)
05:56:07.679 [main] DEBUG org.apache.http.headers - >> Accept-Encoding: gzip,deflate
05:56:07.679 [main] DEBUG org.apache.http.wire -  >> "{"password":"12345678","email":"admin1@gmail.com"}"
05:56:07.777 [main] DEBUG org.apache.http.wire -  << "HTTP/1.1 200 OK[\r][\n]"
05:56:07.777 [main] DEBUG org.apache.http.wire -  << "Content-Type: application/json; charset=UTF-8[\r][\n]"
05:56:07.777 [main] DEBUG org.apache.http.wire -  << "Vary: Origin[\r][\n]"
05:56:07.777 [main] DEBUG org.apache.http.wire -  << "Date: Thu, 22 Jun 2023 22:56:04 GMT[\r][\n]"
05:56:07.777 [main] DEBUG org.apache.http.wire -  << "Content-Length: 408[\r][\n]"
05:56:07.777 [main] DEBUG org.apache.http.wire -  << "[\r][\n]"
05:56:07.777 [main] DEBUG org.apache.http.impl.conn.DefaultClientConnection - Receiving response: HTTP/1.1 200 OK
05:56:07.777 [main] DEBUG org.apache.http.headers - << HTTP/1.1 200 OK
05:56:07.777 [main] DEBUG org.apache.http.headers - << Content-Type: application/json; charset=UTF-8
05:56:07.777 [main] DEBUG org.apache.http.headers - << Vary: Origin
05:56:07.777 [main] DEBUG org.apache.http.headers - << Date: Thu, 22 Jun 2023 22:56:04 GMT
05:56:07.777 [main] DEBUG org.apache.http.headers - << Content-Length: 408
05:56:07.777 [main] DEBUG org.apache.http.impl.client.DefaultHttpClient - Connection can be kept alive indefinitely
05:56:07.777 [main] DEBUG io.restassured.internal.RestAssuredHttpBuilder - Parsing response as: application/json; charset=UTF-8
05:56:07.777 [main] DEBUG io.restassured.internal.RestAssuredHttpBuilder - Parsed data to instance of: class org.apache.http.conn.EofSensorInputStream
05:56:07.780 [main] DEBUG org.apache.http.wire -  << "{"data":{"id":"2883db36-95fc-482c-8c4d-d16aeedb9196","name":"user1","email":"admin1@gmail.com","token":"eyJhbGciOiJIUzI1NiIsInR5cCI6IkpXVCJ9.eyJhdXRob3JpemVkIjp0cnVlLCJleHAiOjE2OTAwNjY1NjQsInVzZXJJZCI6IjI4ODNkYjM2LTk1ZmMtNDgyYy04YzRkLWQxNmFlZWRiOTE5NiIsInVzZXJfdHlwZSI6ImFkbWluIn0.d9-1dUa92OPvSjyb5DcCOdzZRV3PGJiKidHJGQb5H1s"},"metadata":{"status":200,"message":"User Login successfully"},"pagination":null}[\n]"
05:56:07.780 [main] DEBUG org.apache.http.impl.conn.BasicClientConnectionManager - Releasing connection org.apache.http.impl.conn.ManagedClientConnectionImpl@30a5a58d
05:56:07.780 [main] DEBUG org.apache.http.impl.conn.BasicClientConnectionManager - Connection can be kept alive indefinitely
05:56:07.809 [main] DEBUG net.thucydides.core.steps.StepInterceptor - STEP DONE: Admin send endpoint auth for get PDD feature and get token
  &amp#27;[32mWhen &amp#27;[0m&amp#27;[32mAdmin send endpoint auth for get PDD feature and get token&amp#27;[0m             &amp#27;[90m# starter.stepdefinitions.admin.PPD.GetAllPPDSteps.adminSendEndpointAuthForGetPDDFeatureAndGetToken()&amp#27;[0m
05:56:07.816 [main] DEBUG net.thucydides.core.steps.StepInterceptor - STARTING STEP: GetAllPPDSteps.adminSetGetPPDApiEndpoint - Admin set get PPD api endpoint
05:56:07.817 [main] DEBUG net.thucydides.core.steps.StepInterceptor - STEP DONE: Admin set get PPD api endpoint
  &amp#27;[32mThen &amp#27;[0m&amp#27;[32mAdmin set get PPD api endpoint&amp#27;[0m                                         &amp#27;[90m# starter.stepdefinitions.admin.PPD.GetAllPPDSteps.adminSetGetPPDApiEndpoint()&amp#27;[0m
05:56:07.827 [main] DEBUG net.thucydides.core.steps.StepInterceptor - STARTING STEP: GetAllPPDSteps.adminSendHTTPRequestWithParamsForOnlyPulsa - Admin send HTTP request with params for only pulsa
05:56:07.835 [main] DEBUG net.thucydides.core.steps.StepInterceptor - STARTING STEP: GetAllPPD.adminsendHTTPrequestwithparamsforpulsa - Admin set get PPD api endpoint
05:56:07.835 [main] DEBUG net.thucydides.core.steps.StepInterceptor - STEP DONE: Admin set get PPD api endpoint
05:56:07.862 [main] DEBUG org.apache.http.impl.conn.BasicClientConnectionManager - Get connection for route {}->http://34.101.78.228:2424
05:56:07.862 [main] DEBUG org.apache.http.impl.conn.DefaultClientConnectionOperator - Connecting to 34.101.78.228:2424
05:56:07.911 [main] DEBUG org.apache.http.client.protocol.RequestAddCookies - CookieSpec selected: ignoreCookies
05:56:07.911 [main] DEBUG org.apache.http.client.protocol.RequestAuthCache - Auth cache not set in the context
05:56:07.911 [main] DEBUG org.apache.http.client.protocol.RequestProxyAuthentication - Proxy auth state: UNCHALLENGED
05:56:07.911 [main] DEBUG org.apache.http.impl.client.DefaultHttpClient - Attempt 1 to execute request
05:56:07.911 [main] DEBUG org.apache.http.impl.conn.DefaultClientConnection - Sending request: GET /api/v1/admin/ppd?type=--&provider=Telkomsel&limit=10&page=1 HTTP/1.1
05:56:07.911 [main] DEBUG org.apache.http.wire -  >> "GET /api/v1/admin/ppd?type=--&provider=Telkomsel&limit=10&page=1 HTTP/1.1[\r][\n]"
05:56:07.911 [main] DEBUG org.apache.http.wire -  >> "Content-Type: application/json[\r][\n]"
05:56:07.911 [main] DEBUG org.apache.http.wire -  >> "Authorization: Bearer eyJhbGciOiJIUzI1NiIsInR5cCI6IkpXVCJ9.eyJhdXRob3JpemVkIjp0cnVlLCJleHAiOjE2OTAwNjY1NjQsInVzZXJJZCI6IjI4ODNkYjM2LTk1ZmMtNDgyYy04YzRkLWQxNmFlZWRiOTE5NiIsInVzZXJfdHlwZSI6ImFkbWluIn0.d9-1dUa92OPvSjyb5DcCOdzZRV3PGJiKidHJGQb5H1s[\r][\n]"
05:56:07.911 [main] DEBUG org.apache.http.wire -  >> "Accept: application/json[\r][\n]"
05:56:07.911 [main] DEBUG org.apache.http.wire -  >> "Host: 34.101.78.228:2424[\r][\n]"
05:56:07.911 [main] DEBUG org.apache.http.wire -  >> "Connection: Keep-Alive[\r][\n]"
05:56:07.911 [main] DEBUG org.apache.http.wire -  >> "User-Agent: Apache-HttpClient/4.5.13 (Java/19.0.2)[\r][\n]"
05:56:07.911 [main] DEBUG org.apache.http.wire -  >> "Accept-Encoding: gzip,deflate[\r][\n]"
05:56:07.911 [main] DEBUG org.apache.http.wire -  >> "[\r][\n]"
05:56:07.911 [main] DEBUG org.apache.http.headers - >> GET /api/v1/admin/ppd?type=--&provider=Telkomsel&limit=10&page=1 HTTP/1.1
05:56:07.911 [main] DEBUG org.apache.http.headers - >> Content-Type: application/json
05:56:07.911 [main] DEBUG org.apache.http.headers - >> Authorization: Bearer eyJhbGciOiJIUzI1NiIsInR5cCI6IkpXVCJ9.eyJhdXRob3JpemVkIjp0cnVlLCJleHAiOjE2OTAwNjY1NjQsInVzZXJJZCI6IjI4ODNkYjM2LTk1ZmMtNDgyYy04YzRkLWQxNmFlZWRiOTE5NiIsInVzZXJfdHlwZSI6ImFkbWluIn0.d9-1dUa92OPvSjyb5DcCOdzZRV3PGJiKidHJGQb5H1s
05:56:07.911 [main] DEBUG org.apache.http.headers - >> Accept: application/json
05:56:07.911 [main] DEBUG org.apache.http.headers - >> Host: 34.101.78.228:2424
05:56:07.911 [main] DEBUG org.apache.http.headers - >> Connection: Keep-Alive
05:56:07.911 [main] DEBUG org.apache.http.headers - >> User-Agent: Apache-HttpClient/4.5.13 (Java/19.0.2)
05:56:07.911 [main] DEBUG org.apache.http.headers - >> Accept-Encoding: gzip,deflate
05:56:07.963 [main] DEBUG org.apache.http.wire -  << "HTTP/1.1 200 OK[\r][\n]"
05:56:07.963 [main] DEBUG org.apache.http.wire -  << "Content-Type: application/json; charset=UTF-8[\r][\n]"
05:56:07.963 [main] DEBUG org.apache.http.wire -  << "Vary: Origin[\r][\n]"
05:56:07.963 [main] DEBUG org.apache.http.wire -  << "Date: Thu, 22 Jun 2023 22:56:04 GMT[\r][\n]"
05:56:07.963 [main] DEBUG org.apache.http.wire -  << "Content-Length: 104[\r][\n]"
05:56:07.964 [main] DEBUG org.apache.http.wire -  << "[\r][\n]"
05:56:07.964 [main] DEBUG org.apache.http.impl.conn.DefaultClientConnection - Receiving response: HTTP/1.1 200 OK
05:56:07.964 [main] DEBUG org.apache.http.headers - << HTTP/1.1 200 OK
05:56:07.964 [main] DEBUG org.apache.http.headers - << Content-Type: application/json; charset=UTF-8
05:56:07.964 [main] DEBUG org.apache.http.headers - << Vary: Origin
05:56:07.964 [main] DEBUG org.apache.http.headers - << Date: Thu, 22 Jun 2023 22:56:04 GMT
05:56:07.964 [main] DEBUG org.apache.http.headers - << Content-Length: 104
05:56:07.964 [main] DEBUG org.apache.http.impl.client.DefaultHttpClient - Connection can be kept alive indefinitely
05:56:07.964 [main] DEBUG io.restassured.internal.RestAssuredHttpBuilder - Parsing response as: application/json; charset=UTF-8
05:56:07.964 [main] DEBUG io.restassured.internal.RestAssuredHttpBuilder - Parsed data to instance of: class org.apache.http.conn.EofSensorInputStream
05:56:07.966 [main] DEBUG org.apache.http.wire -  << "{"data":[],"metadata":{"status":200,"message":"success get all pulsa or paket data"},"pagination":null}[\n]"
05:56:07.966 [main] DEBUG org.apache.http.impl.conn.BasicClientConnectionManager - Releasing connection org.apache.http.impl.conn.ManagedClientConnectionImpl@4f72078d
05:56:07.966 [main] DEBUG org.apache.http.impl.conn.BasicClientConnectionManager - Connection can be kept alive indefinitely
05:56:07.967 [main] DEBUG net.thucydides.core.steps.StepInterceptor - STEP DONE: Admin send HTTP request with params for only pulsa
  &amp#27;[32mThen &amp#27;[0m&amp#27;[32mAdmin send HTTP request with params for only pulsa&amp#27;[0m                     &amp#27;[90m# starter.stepdefinitions.admin.PPD.GetAllPPDSteps.adminSendHTTPRequestWithParamsForOnlyPulsa()&amp#27;[0m
05:56:07.976 [main] DEBUG net.thucydides.core.steps.StepInterceptor - STARTING STEP: GetAllPPDSteps.adminReceivedValidHTTPResponseCodeForGetDetailPPDByAdmin - Admin received valid HTTP response code 200 for get detail PPD by admin
05:56:07.977 [main] DEBUG net.thucydides.core.steps.StepInterceptor - STEP DONE: Admin received valid HTTP response code 200 for get detail PPD by admin
  &amp#27;[32mAnd &amp#27;[0m&amp#27;[32mAdmin received valid HTTP response code &amp#27;[0m&amp#27;[32m&amp#27;[1m200&amp#27;[0m&amp#27;[32m for get detail PPD by admin&amp#27;[0m &amp#27;[90m# starter.stepdefinitions.admin.PPD.GetAllPPDSteps.adminReceivedValidHTTPResponseCodeForGetDetailPPDByAdmin(int)&amp#27;[0m
05:56:07.983 [main] DEBUG net.thucydides.core.steps.StepInterceptor - STARTING STEP: GetAllPPDSteps.iReceivedMessageSuccessSuccessGetAllPulsaOrPaketData - Admin received message success : success get all pulsa or paket data
05:56:08.007 [main] DEBUG net.thucydides.core.steps.StepInterceptor - STEP DONE: Admin received message success : success get all pulsa or paket data
  &amp#27;[32mAnd &amp#27;[0m&amp#27;[32mAdmin received message success : success get all pulsa or paket data&amp#27;[0m    &amp#27;[90m# starter.stepdefinitions.admin.PPD.GetAllPPDSteps.iReceivedMessageSuccessSuccessGetAllPulsaOrPaketData()&amp#27;[0m
05:56:08.012 [main] INFO  - 
  _____   ___   ___   _____     ___     _     ___   ___   ___   ___  
 |_   _| | __| / __| |_   _|   | _ \   /_\   / __| / __| | __| |   \ 
   | |   | _|  \__ \   | |     |  _/  / _ \  \__ \ \__ \ | _|  | |) |
   |_|   |___| |___/   |_|     |_|   /_/ \_\ |___/ |___/ |___| |___/ 

Admin berhasil mendapat detail semua pulsa (Telkomsel)
----------------------------------------------------------------------
]]></system-out>
  </testcase>
  <testcase name="Admin berhasil mendapat detail semua pulsa (Telkomsel) #2" classname="Get All PPD by Admin" time="0.445">
    <system-out><![CDATA[
@Get-all-PPD-by-admin-03
Scenario: Admin berhasil mendapat detail semua pulsa (Telkomsel)              &amp#27;[90m# src/test/resources/features/admin/GetAllPPDbyAdmin.feature:22&amp#27;[0m
05:56:08.028 [main] INFO io.cucumber.core.plugin.SerenityReporter - Running feature from file:///C:/Dev/CapstoneProjectBaru/SKUYPAY%20API%20AUTOMATION/src/test/resources/features/admin/GetAllPPDbyAdmin.feature
05:56:08.038 [main] DEBUG net.thucydides.core.steps.StepInterceptor - STARTING STEP: GetAllPPDSteps.adminHaveEndpointAuthLoginForGetPPD - Admin have endpoint auth login for get PPD
05:56:08.038 [main] DEBUG net.thucydides.core.steps.StepInterceptor - STEP DONE: Admin have endpoint auth login for get PPD
  &amp#27;[32mGiven &amp#27;[0m&amp#27;[32mAdmin have endpoint auth login for get PPD&amp#27;[0m                            &amp#27;[90m# starter.stepdefinitions.admin.PPD.GetAllPPDSteps.adminHaveEndpointAuthLoginForGetPPD()&amp#27;[0m
05:56:08.043 [main] DEBUG net.thucydides.core.steps.StepInterceptor - STARTING STEP: GetAllPPDSteps.adminSendEndpointAuthForGetPDDFeatureAndGetToken - Admin send endpoint auth for get PDD feature and get token
05:56:08.047 [main] DEBUG net.thucydides.core.steps.StepInterceptor - STARTING STEP: GetAllPPD.adminsendendpointauthforgetPDDfeatureandgettoken - Admin have endpoint auth login for get PPD
05:56:08.047 [main] DEBUG net.thucydides.core.steps.StepInterceptor - STEP DONE: Admin have endpoint auth login for get PPD
05:56:08.068 [Finalizer] DEBUG org.apache.http.impl.conn.DefaultClientConnection - Connection 0.0.0.0:53595<->34.101.78.228:2424 closed
05:56:08.068 [Finalizer] DEBUG org.apache.http.impl.conn.DefaultClientConnection - Connection 0.0.0.0:53596<->34.101.78.228:2424 closed
05:56:08.068 [Finalizer] DEBUG org.apache.http.impl.conn.DefaultClientConnection - Connection 0.0.0.0:53597<->34.101.78.228:2424 closed
05:56:08.069 [Finalizer] DEBUG org.apache.http.impl.conn.DefaultClientConnection - Connection 0.0.0.0:53598<->34.101.78.228:2424 closed
05:56:08.069 [Finalizer] DEBUG org.apache.http.impl.conn.DefaultClientConnection - Connection 0.0.0.0:53599<->34.101.78.228:2424 closed
05:56:08.069 [Finalizer] DEBUG org.apache.http.impl.conn.DefaultClientConnection - Connection 0.0.0.0:53603<->34.101.78.228:2424 closed
05:56:08.069 [Finalizer] DEBUG org.apache.http.impl.conn.DefaultClientConnection - Connection 0.0.0.0:53604<->34.101.78.228:2424 closed
05:56:08.070 [Finalizer] DEBUG org.apache.http.impl.conn.DefaultClientConnection - Connection 0.0.0.0:53605<->34.101.78.228:2424 closed
05:56:08.070 [Finalizer] DEBUG org.apache.http.impl.conn.DefaultClientConnection - Connection 0.0.0.0:53606<->34.101.78.228:2424 closed
05:56:08.070 [Finalizer] DEBUG org.apache.http.impl.conn.DefaultClientConnection - Connection 0.0.0.0:53608<->34.101.78.228:2424 closed
05:56:08.070 [Finalizer] DEBUG org.apache.http.impl.conn.DefaultClientConnection - Connection 0.0.0.0:53600<->34.101.78.228:2424 closed
05:56:08.071 [Finalizer] DEBUG org.apache.http.impl.conn.DefaultClientConnection - Connection 0.0.0.0:53601<->34.101.78.228:2424 closed
05:56:08.071 [Finalizer] DEBUG org.apache.http.impl.conn.DefaultClientConnection - Connection 0.0.0.0:53602<->34.101.78.228:2424 closed
05:56:08.078 [main] DEBUG org.apache.http.impl.conn.BasicClientConnectionManager - Get connection for route {}->http://34.101.78.228:2424
05:56:08.078 [main] DEBUG org.apache.http.impl.conn.DefaultClientConnectionOperator - Connecting to 34.101.78.228:2424
05:56:08.093 [main] DEBUG org.apache.http.client.protocol.RequestAddCookies - CookieSpec selected: ignoreCookies
05:56:08.093 [main] DEBUG org.apache.http.client.protocol.RequestAuthCache - Auth cache not set in the context
05:56:08.093 [main] DEBUG org.apache.http.client.protocol.RequestTargetAuthentication - Target auth state: UNCHALLENGED
05:56:08.093 [main] DEBUG org.apache.http.client.protocol.RequestProxyAuthentication - Proxy auth state: UNCHALLENGED
05:56:08.094 [main] DEBUG org.apache.http.impl.client.DefaultHttpClient - Attempt 1 to execute request
05:56:08.094 [main] DEBUG org.apache.http.impl.conn.DefaultClientConnection - Sending request: POST /api/v1/login HTTP/1.1
05:56:08.094 [main] DEBUG org.apache.http.wire -  >> "POST /api/v1/login HTTP/1.1[\r][\n]"
05:56:08.094 [main] DEBUG org.apache.http.wire -  >> "Accept: */*[\r][\n]"
05:56:08.094 [main] DEBUG org.apache.http.wire -  >> "Content-Type: application/json[\r][\n]"
05:56:08.094 [main] DEBUG org.apache.http.wire -  >> "Content-Length: 50[\r][\n]"
05:56:08.094 [main] DEBUG org.apache.http.wire -  >> "Host: 34.101.78.228:2424[\r][\n]"
05:56:08.094 [main] DEBUG org.apache.http.wire -  >> "Connection: Keep-Alive[\r][\n]"
05:56:08.094 [main] DEBUG org.apache.http.wire -  >> "User-Agent: Apache-HttpClient/4.5.13 (Java/19.0.2)[\r][\n]"
05:56:08.094 [main] DEBUG org.apache.http.wire -  >> "Accept-Encoding: gzip,deflate[\r][\n]"
05:56:08.094 [main] DEBUG org.apache.http.wire -  >> "[\r][\n]"
05:56:08.094 [main] DEBUG org.apache.http.headers - >> POST /api/v1/login HTTP/1.1
05:56:08.094 [main] DEBUG org.apache.http.headers - >> Accept: */*
05:56:08.094 [main] DEBUG org.apache.http.headers - >> Content-Type: application/json
05:56:08.094 [main] DEBUG org.apache.http.headers - >> Content-Length: 50
05:56:08.094 [main] DEBUG org.apache.http.headers - >> Host: 34.101.78.228:2424
05:56:08.094 [main] DEBUG org.apache.http.headers - >> Connection: Keep-Alive
05:56:08.094 [main] DEBUG org.apache.http.headers - >> User-Agent: Apache-HttpClient/4.5.13 (Java/19.0.2)
05:56:08.094 [main] DEBUG org.apache.http.headers - >> Accept-Encoding: gzip,deflate
05:56:08.094 [main] DEBUG org.apache.http.wire -  >> "{"password":"12345678","email":"admin1@gmail.com"}"
05:56:08.200 [main] DEBUG org.apache.http.wire -  << "HTTP/1.1 200 OK[\r][\n]"
05:56:08.200 [main] DEBUG org.apache.http.wire -  << "Content-Type: application/json; charset=UTF-8[\r][\n]"
05:56:08.200 [main] DEBUG org.apache.http.wire -  << "Vary: Origin[\r][\n]"
05:56:08.200 [main] DEBUG org.apache.http.wire -  << "Date: Thu, 22 Jun 2023 22:56:04 GMT[\r][\n]"
05:56:08.200 [main] DEBUG org.apache.http.wire -  << "Content-Length: 408[\r][\n]"
05:56:08.200 [main] DEBUG org.apache.http.wire -  << "[\r][\n]"
05:56:08.200 [main] DEBUG org.apache.http.impl.conn.DefaultClientConnection - Receiving response: HTTP/1.1 200 OK
05:56:08.200 [main] DEBUG org.apache.http.headers - << HTTP/1.1 200 OK
05:56:08.200 [main] DEBUG org.apache.http.headers - << Content-Type: application/json; charset=UTF-8
05:56:08.200 [main] DEBUG org.apache.http.headers - << Vary: Origin
05:56:08.200 [main] DEBUG org.apache.http.headers - << Date: Thu, 22 Jun 2023 22:56:04 GMT
05:56:08.201 [main] DEBUG org.apache.http.headers - << Content-Length: 408
05:56:08.201 [main] DEBUG org.apache.http.impl.client.DefaultHttpClient - Connection can be kept alive indefinitely
05:56:08.201 [main] DEBUG io.restassured.internal.RestAssuredHttpBuilder - Parsing response as: application/json; charset=UTF-8
05:56:08.201 [main] DEBUG io.restassured.internal.RestAssuredHttpBuilder - Parsed data to instance of: class org.apache.http.conn.EofSensorInputStream
05:56:08.203 [main] DEBUG org.apache.http.wire -  << "{"data":{"id":"2883db36-95fc-482c-8c4d-d16aeedb9196","name":"user1","email":"admin1@gmail.com","token":"eyJhbGciOiJIUzI1NiIsInR5cCI6IkpXVCJ9.eyJhdXRob3JpemVkIjp0cnVlLCJleHAiOjE2OTAwNjY1NjQsInVzZXJJZCI6IjI4ODNkYjM2LTk1ZmMtNDgyYy04YzRkLWQxNmFlZWRiOTE5NiIsInVzZXJfdHlwZSI6ImFkbWluIn0.d9-1dUa92OPvSjyb5DcCOdzZRV3PGJiKidHJGQb5H1s"},"metadata":{"status":200,"message":"User Login successfully"},"pagination":null}[\n]"
05:56:08.203 [main] DEBUG org.apache.http.impl.conn.BasicClientConnectionManager - Releasing connection org.apache.http.impl.conn.ManagedClientConnectionImpl@1e366f0f
05:56:08.203 [main] DEBUG org.apache.http.impl.conn.BasicClientConnectionManager - Connection can be kept alive indefinitely
05:56:08.224 [main] DEBUG net.thucydides.core.steps.StepInterceptor - STEP DONE: Admin send endpoint auth for get PDD feature and get token
  &amp#27;[32mWhen &amp#27;[0m&amp#27;[32mAdmin send endpoint auth for get PDD feature and get token&amp#27;[0m             &amp#27;[90m# starter.stepdefinitions.admin.PPD.GetAllPPDSteps.adminSendEndpointAuthForGetPDDFeatureAndGetToken()&amp#27;[0m
05:56:08.229 [main] DEBUG net.thucydides.core.steps.StepInterceptor - STARTING STEP: GetAllPPDSteps.adminSetGetPPDApiEndpoint - Admin set get PPD api endpoint
05:56:08.229 [main] DEBUG net.thucydides.core.steps.StepInterceptor - STEP DONE: Admin set get PPD api endpoint
  &amp#27;[32mThen &amp#27;[0m&amp#27;[32mAdmin set get PPD api endpoint&amp#27;[0m                                         &amp#27;[90m# starter.stepdefinitions.admin.PPD.GetAllPPDSteps.adminSetGetPPDApiEndpoint()&amp#27;[0m
05:56:08.237 [main] DEBUG net.thucydides.core.steps.StepInterceptor - STARTING STEP: GetAllPPDSteps.adminSendHTTPRequestWithParamsForOnlyPaketData - Admin send HTTP request with params for only paket data
05:56:08.242 [main] DEBUG net.thucydides.core.steps.StepInterceptor - STARTING STEP: GetAllPPD.adminsendHTTPrequestwithparamsforpaketdata - Admin set get PPD api endpoint
05:56:08.242 [main] DEBUG net.thucydides.core.steps.StepInterceptor - STEP DONE: Admin set get PPD api endpoint
05:56:08.263 [main] DEBUG org.apache.http.impl.conn.BasicClientConnectionManager - Get connection for route {}->http://34.101.78.228:2424
05:56:08.263 [main] DEBUG org.apache.http.impl.conn.DefaultClientConnectionOperator - Connecting to 34.101.78.228:2424
05:56:08.324 [main] DEBUG org.apache.http.client.protocol.RequestAddCookies - CookieSpec selected: ignoreCookies
05:56:08.324 [main] DEBUG org.apache.http.client.protocol.RequestAuthCache - Auth cache not set in the context
05:56:08.324 [main] DEBUG org.apache.http.client.protocol.RequestProxyAuthentication - Proxy auth state: UNCHALLENGED
05:56:08.324 [main] DEBUG org.apache.http.impl.client.DefaultHttpClient - Attempt 1 to execute request
05:56:08.324 [main] DEBUG org.apache.http.impl.conn.DefaultClientConnection - Sending request: GET /api/v1/admin/ppd?type=--&provider=Telkomsel&limit=10&page=1 HTTP/1.1
05:56:08.324 [main] DEBUG org.apache.http.wire -  >> "GET /api/v1/admin/ppd?type=--&provider=Telkomsel&limit=10&page=1 HTTP/1.1[\r][\n]"
05:56:08.324 [main] DEBUG org.apache.http.wire -  >> "Content-Type: application/json[\r][\n]"
05:56:08.324 [main] DEBUG org.apache.http.wire -  >> "Authorization: Bearer eyJhbGciOiJIUzI1NiIsInR5cCI6IkpXVCJ9.eyJhdXRob3JpemVkIjp0cnVlLCJleHAiOjE2OTAwNjY1NjQsInVzZXJJZCI6IjI4ODNkYjM2LTk1ZmMtNDgyYy04YzRkLWQxNmFlZWRiOTE5NiIsInVzZXJfdHlwZSI6ImFkbWluIn0.d9-1dUa92OPvSjyb5DcCOdzZRV3PGJiKidHJGQb5H1s[\r][\n]"
05:56:08.324 [main] DEBUG org.apache.http.wire -  >> "Accept: application/json[\r][\n]"
05:56:08.324 [main] DEBUG org.apache.http.wire -  >> "Host: 34.101.78.228:2424[\r][\n]"
05:56:08.324 [main] DEBUG org.apache.http.wire -  >> "Connection: Keep-Alive[\r][\n]"
05:56:08.324 [main] DEBUG org.apache.http.wire -  >> "User-Agent: Apache-HttpClient/4.5.13 (Java/19.0.2)[\r][\n]"
05:56:08.324 [main] DEBUG org.apache.http.wire -  >> "Accept-Encoding: gzip,deflate[\r][\n]"
05:56:08.324 [main] DEBUG org.apache.http.wire -  >> "[\r][\n]"
05:56:08.324 [main] DEBUG org.apache.http.headers - >> GET /api/v1/admin/ppd?type=--&provider=Telkomsel&limit=10&page=1 HTTP/1.1
05:56:08.324 [main] DEBUG org.apache.http.headers - >> Content-Type: application/json
05:56:08.324 [main] DEBUG org.apache.http.headers - >> Authorization: Bearer eyJhbGciOiJIUzI1NiIsInR5cCI6IkpXVCJ9.eyJhdXRob3JpemVkIjp0cnVlLCJleHAiOjE2OTAwNjY1NjQsInVzZXJJZCI6IjI4ODNkYjM2LTk1ZmMtNDgyYy04YzRkLWQxNmFlZWRiOTE5NiIsInVzZXJfdHlwZSI6ImFkbWluIn0.d9-1dUa92OPvSjyb5DcCOdzZRV3PGJiKidHJGQb5H1s
05:56:08.324 [main] DEBUG org.apache.http.headers - >> Accept: application/json
05:56:08.324 [main] DEBUG org.apache.http.headers - >> Host: 34.101.78.228:2424
05:56:08.324 [main] DEBUG org.apache.http.headers - >> Connection: Keep-Alive
05:56:08.324 [main] DEBUG org.apache.http.headers - >> User-Agent: Apache-HttpClient/4.5.13 (Java/19.0.2)
05:56:08.324 [main] DEBUG org.apache.http.headers - >> Accept-Encoding: gzip,deflate
05:56:08.416 [main] DEBUG org.apache.http.wire -  << "HTTP/1.1 200 OK[\r][\n]"
05:56:08.417 [main] DEBUG org.apache.http.wire -  << "Content-Type: application/json; charset=UTF-8[\r][\n]"
05:56:08.417 [main] DEBUG org.apache.http.wire -  << "Vary: Origin[\r][\n]"
05:56:08.417 [main] DEBUG org.apache.http.wire -  << "Date: Thu, 22 Jun 2023 22:56:04 GMT[\r][\n]"
05:56:08.417 [main] DEBUG org.apache.http.wire -  << "Content-Length: 104[\r][\n]"
05:56:08.417 [main] DEBUG org.apache.http.wire -  << "[\r][\n]"
05:56:08.417 [main] DEBUG org.apache.http.impl.conn.DefaultClientConnection - Receiving response: HTTP/1.1 200 OK
05:56:08.417 [main] DEBUG org.apache.http.headers - << HTTP/1.1 200 OK
05:56:08.417 [main] DEBUG org.apache.http.headers - << Content-Type: application/json; charset=UTF-8
05:56:08.417 [main] DEBUG org.apache.http.headers - << Vary: Origin
05:56:08.417 [main] DEBUG org.apache.http.headers - << Date: Thu, 22 Jun 2023 22:56:04 GMT
05:56:08.417 [main] DEBUG org.apache.http.headers - << Content-Length: 104
05:56:08.417 [main] DEBUG org.apache.http.impl.client.DefaultHttpClient - Connection can be kept alive indefinitely
05:56:08.417 [main] DEBUG io.restassured.internal.RestAssuredHttpBuilder - Parsing response as: application/json; charset=UTF-8
05:56:08.417 [main] DEBUG io.restassured.internal.RestAssuredHttpBuilder - Parsed data to instance of: class org.apache.http.conn.EofSensorInputStream
05:56:08.418 [main] DEBUG org.apache.http.wire -  << "{"data":[],"metadata":{"status":200,"message":"success get all pulsa or paket data"},"pagination":null}[\n]"
05:56:08.419 [main] DEBUG org.apache.http.impl.conn.BasicClientConnectionManager - Releasing connection org.apache.http.impl.conn.ManagedClientConnectionImpl@4be5b9b1
05:56:08.419 [main] DEBUG org.apache.http.impl.conn.BasicClientConnectionManager - Connection can be kept alive indefinitely
05:56:08.419 [main] DEBUG net.thucydides.core.steps.StepInterceptor - STEP DONE: Admin send HTTP request with params for only paket data
  &amp#27;[32mThen &amp#27;[0m&amp#27;[32mAdmin send HTTP request with params for only paket data&amp#27;[0m                &amp#27;[90m# starter.stepdefinitions.admin.PPD.GetAllPPDSteps.adminSendHTTPRequestWithParamsForOnlyPaketData()&amp#27;[0m
05:56:08.426 [main] DEBUG net.thucydides.core.steps.StepInterceptor - STARTING STEP: GetAllPPDSteps.adminReceivedValidHTTPResponseCodeForGetDetailPPDByAdmin - Admin received valid HTTP response code 200 for get detail PPD by admin
05:56:08.427 [main] DEBUG net.thucydides.core.steps.StepInterceptor - STEP DONE: Admin received valid HTTP response code 200 for get detail PPD by admin
  &amp#27;[32mAnd &amp#27;[0m&amp#27;[32mAdmin received valid HTTP response code &amp#27;[0m&amp#27;[32m&amp#27;[1m200&amp#27;[0m&amp#27;[32m for get detail PPD by admin&amp#27;[0m &amp#27;[90m# starter.stepdefinitions.admin.PPD.GetAllPPDSteps.adminReceivedValidHTTPResponseCodeForGetDetailPPDByAdmin(int)&amp#27;[0m
05:56:08.436 [main] DEBUG net.thucydides.core.steps.StepInterceptor - STARTING STEP: GetAllPPDSteps.iReceivedMessageSuccessSuccessGetAllPulsaOrPaketData - Admin received message success : success get all pulsa or paket data
05:56:08.453 [main] DEBUG net.thucydides.core.steps.StepInterceptor - STEP DONE: Admin received message success : success get all pulsa or paket data
  &amp#27;[32mAnd &amp#27;[0m&amp#27;[32mAdmin received message success : success get all pulsa or paket data&amp#27;[0m    &amp#27;[90m# starter.stepdefinitions.admin.PPD.GetAllPPDSteps.iReceivedMessageSuccessSuccessGetAllPulsaOrPaketData()&amp#27;[0m
05:56:08.458 [main] INFO  - 
  _____   ___   ___   _____     ___     _     ___   ___   ___   ___  
 |_   _| | __| / __| |_   _|   | _ \   /_\   / __| / __| | __| |   \ 
   | |   | _|  \__ \   | |     |  _/  / _ \  \__ \ \__ \ | _|  | |) |
   |_|   |___| |___/   |_|     |_|   /_/ \_\ |___/ |___/ |___| |___/ 

Admin berhasil mendapat detail semua pulsa (Telkomsel)
----------------------------------------------------------------------
]]></system-out>
  </testcase>
  <testcase name="Admin belum berhasil mendapat detail semua paket data dan pulsa (Telkomsel) karena tidak login terlebih dahulu" classname="Get All PPD by Admin" time="0.146">
    <system-out><![CDATA[
@Get-all-PPD-by-admin-04
Scenario: Admin belum berhasil mendapat detail semua paket data dan pulsa (Telkomsel) karena tidak login terlebih dahulu &amp#27;[90m# src/test/resources/features/admin/GetAllPPDbyAdmin.feature:31&amp#27;[0m
05:56:08.473 [main] INFO io.cucumber.core.plugin.SerenityReporter - Running feature from file:///C:/Dev/CapstoneProjectBaru/SKUYPAY%20API%20AUTOMATION/src/test/resources/features/admin/GetAllPPDbyAdmin.feature
05:56:08.478 [main] INFO  - 
  _____   ___   ___   _____     ___   _____     _     ___   _____   ___   ___  
 |_   _| | __| / __| |_   _|   / __| |_   _|   /_\   | _ \ |_   _| | __| |   \ 
   | |   | _|  \__ \   | |     \__ \   | |    / _ \  |   /   | |   | _|  | |) |
   |_|   |___| |___/   |_|     |___/   |_|   /_/ \_\ |_|_\   |_|   |___| |___/ 

Admin belum berhasil mendapat detail semua paket data dan pulsa (Telkomsel) karena tidak login terlebih dahulu(get-all-ppd-by-admin;admin-belum-berhasil-mendapat-detail-semua-paket-data-dan-pulsa-(telkomsel)-karena-tidak-login-terlebih-dahulu)
--------------------------------------------------------------------------------
05:56:08.496 [main] DEBUG net.thucydides.core.steps.StepInterceptor - STARTING STEP: GetAllPPDSteps.adminSetGetPPDApiEndpoint - Admin set get PPD api endpoint
05:56:08.496 [main] DEBUG net.thucydides.core.steps.StepInterceptor - STEP DONE: Admin set get PPD api endpoint
  &amp#27;[32mGiven &amp#27;[0m&amp#27;[32mAdmin set get PPD api endpoint&amp#27;[0m                                                                                   &amp#27;[90m# starter.stepdefinitions.admin.PPD.GetAllPPDSteps.adminSetGetPPDApiEndpoint()&amp#27;[0m
05:56:08.502 [main] DEBUG net.thucydides.core.steps.StepInterceptor - STARTING STEP: GetAllPPDSteps.adminSendHTTPRequestWithNewUrlforpaketdata - Admin send HTTP request with params for all
05:56:08.507 [main] DEBUG net.thucydides.core.steps.StepInterceptor - STARTING STEP: GetAllPPD.adminsendHTTPrequestwithparamsforall - Admin set get PPD api endpoint
05:56:08.507 [main] DEBUG net.thucydides.core.steps.StepInterceptor - STEP DONE: Admin set get PPD api endpoint
05:56:08.526 [main] DEBUG org.apache.http.impl.conn.BasicClientConnectionManager - Get connection for route {}->http://34.101.78.228:2424
05:56:08.526 [main] DEBUG org.apache.http.impl.conn.DefaultClientConnectionOperator - Connecting to 34.101.78.228:2424
05:56:08.547 [main] DEBUG org.apache.http.client.protocol.RequestAddCookies - CookieSpec selected: ignoreCookies
05:56:08.547 [main] DEBUG org.apache.http.client.protocol.RequestAuthCache - Auth cache not set in the context
05:56:08.547 [main] DEBUG org.apache.http.client.protocol.RequestProxyAuthentication - Proxy auth state: UNCHALLENGED
05:56:08.547 [main] DEBUG org.apache.http.impl.client.DefaultHttpClient - Attempt 1 to execute request
05:56:08.547 [main] DEBUG org.apache.http.impl.conn.DefaultClientConnection - Sending request: GET /api/v1/admin/ppd?type=--&provider=Telkomsel&limit=10&page=1 HTTP/1.1
05:56:08.547 [main] DEBUG org.apache.http.wire -  >> "GET /api/v1/admin/ppd?type=--&provider=Telkomsel&limit=10&page=1 HTTP/1.1[\r][\n]"
05:56:08.547 [main] DEBUG org.apache.http.wire -  >> "Content-Type: application/json[\r][\n]"
05:56:08.547 [main] DEBUG org.apache.http.wire -  >> "Authorization: Bearer [\r][\n]"
05:56:08.547 [main] DEBUG org.apache.http.wire -  >> "Accept: application/json[\r][\n]"
05:56:08.548 [main] DEBUG org.apache.http.wire -  >> "Host: 34.101.78.228:2424[\r][\n]"
05:56:08.548 [main] DEBUG org.apache.http.wire -  >> "Connection: Keep-Alive[\r][\n]"
05:56:08.548 [main] DEBUG org.apache.http.wire -  >> "User-Agent: Apache-HttpClient/4.5.13 (Java/19.0.2)[\r][\n]"
05:56:08.548 [main] DEBUG org.apache.http.wire -  >> "Accept-Encoding: gzip,deflate[\r][\n]"
05:56:08.548 [main] DEBUG org.apache.http.wire -  >> "[\r][\n]"
05:56:08.548 [main] DEBUG org.apache.http.headers - >> GET /api/v1/admin/ppd?type=--&provider=Telkomsel&limit=10&page=1 HTTP/1.1
05:56:08.548 [main] DEBUG org.apache.http.headers - >> Content-Type: application/json
05:56:08.548 [main] DEBUG org.apache.http.headers - >> Authorization: Bearer 
05:56:08.548 [main] DEBUG org.apache.http.headers - >> Accept: application/json
05:56:08.548 [main] DEBUG org.apache.http.headers - >> Host: 34.101.78.228:2424
05:56:08.548 [main] DEBUG org.apache.http.headers - >> Connection: Keep-Alive
05:56:08.548 [main] DEBUG org.apache.http.headers - >> User-Agent: Apache-HttpClient/4.5.13 (Java/19.0.2)
05:56:08.548 [main] DEBUG org.apache.http.headers - >> Accept-Encoding: gzip,deflate
05:56:08.564 [main] DEBUG org.apache.http.wire -  << "HTTP/1.1 400 Bad Request[\r][\n]"
05:56:08.564 [main] DEBUG org.apache.http.wire -  << "Content-Type: application/json; charset=UTF-8[\r][\n]"
05:56:08.564 [main] DEBUG org.apache.http.wire -  << "Vary: Origin[\r][\n]"
05:56:08.564 [main] DEBUG org.apache.http.wire -  << "Date: Thu, 22 Jun 2023 22:56:05 GMT[\r][\n]"
05:56:08.564 [main] DEBUG org.apache.http.wire -  << "Content-Length: 39[\r][\n]"
05:56:08.564 [main] DEBUG org.apache.http.wire -  << "[\r][\n]"
05:56:08.564 [main] DEBUG org.apache.http.impl.conn.DefaultClientConnection - Receiving response: HTTP/1.1 400 Bad Request
05:56:08.564 [main] DEBUG org.apache.http.headers - << HTTP/1.1 400 Bad Request
05:56:08.564 [main] DEBUG org.apache.http.headers - << Content-Type: application/json; charset=UTF-8
05:56:08.564 [main] DEBUG org.apache.http.headers - << Vary: Origin
05:56:08.564 [main] DEBUG org.apache.http.headers - << Date: Thu, 22 Jun 2023 22:56:05 GMT
05:56:08.565 [main] DEBUG org.apache.http.headers - << Content-Length: 39
05:56:08.565 [main] DEBUG org.apache.http.impl.client.DefaultHttpClient - Connection can be kept alive indefinitely
05:56:08.565 [main] DEBUG io.restassured.internal.RestAssuredHttpBuilder - Parsing response as: application/json; charset=UTF-8
05:56:08.565 [main] DEBUG io.restassured.internal.RestAssuredHttpBuilder - Parsed data to instance of: class org.apache.http.conn.EofSensorInputStream
05:56:08.567 [main] DEBUG org.apache.http.wire -  << "{"message":"missing or malformed jwt"}[\n]"
05:56:08.567 [main] DEBUG org.apache.http.impl.conn.BasicClientConnectionManager - Releasing connection org.apache.http.impl.conn.ManagedClientConnectionImpl@58a9e64d
05:56:08.567 [main] DEBUG org.apache.http.impl.conn.BasicClientConnectionManager - Connection can be kept alive indefinitely
05:56:08.568 [main] DEBUG net.thucydides.core.steps.StepInterceptor - STEP DONE: Admin send HTTP request with params for all
  &amp#27;[32mWhen &amp#27;[0m&amp#27;[32mAdmin send HTTP request with params for all&amp#27;[0m                                                                       &amp#27;[90m# starter.stepdefinitions.admin.PPD.GetAllPPDSteps.adminSendHTTPRequestWithNewUrlforpaketdata()&amp#27;[0m
05:56:08.575 [main] DEBUG net.thucydides.core.steps.StepInterceptor - STARTING STEP: GetAllPPDSteps.adminReceivedInvalidHTTPResponseCodeForGetDetailPPDByAdmin - Admin received invalid HTTP response code 400 for get detail PPD by admin
05:56:08.576 [main] DEBUG net.thucydides.core.steps.StepInterceptor - STEP DONE: Admin received invalid HTTP response code 400 for get detail PPD by admin
  &amp#27;[32mAnd &amp#27;[0m&amp#27;[32mAdmin received invalid HTTP response code &amp#27;[0m&amp#27;[32m&amp#27;[1m400&amp#27;[0m&amp#27;[32m for get detail PPD by admin&amp#27;[0m                                          &amp#27;[90m# starter.stepdefinitions.admin.PPD.GetAllPPDSteps.adminReceivedInvalidHTTPResponseCodeForGetDetailPPDByAdmin(int)&amp#27;[0m
05:56:08.583 [main] DEBUG net.thucydides.core.steps.StepInterceptor - STARTING STEP: GetAllPPDSteps.adminReceivedMessageSuccessMissingOrMalformedJwt - Admin received message success : missing or malformed jwt
05:56:08.599 [main] DEBUG net.thucydides.core.steps.StepInterceptor - STEP DONE: Admin received message success : missing or malformed jwt
  &amp#27;[32mThen &amp#27;[0m&amp#27;[32mAdmin received message success : missing or malformed jwt&amp#27;[0m                                                         &amp#27;[90m# starter.stepdefinitions.admin.PPD.GetAllPPDSteps.adminReceivedMessageSuccessMissingOrMalformedJwt()&amp#27;[0m
05:56:08.604 [main] INFO  - 
  _____   ___   ___   _____     ___     _     ___   ___   ___   ___  
 |_   _| | __| / __| |_   _|   | _ \   /_\   / __| / __| | __| |   \ 
   | |   | _|  \__ \   | |     |  _/  / _ \  \__ \ \__ \ | _|  | |) |
   |_|   |___| |___/   |_|     |_|   /_/ \_\ |___/ |___/ |___| |___/ 

Admin belum berhasil mendapat detail semua paket data dan pulsa (Telkomsel) karena tidak login terlebih dahulu
----------------------------------------------------------------------
]]></system-out>
  </testcase>
</testsuite>