<?xml version="1.0" encoding="UTF-8"?>
<testsuite xmlns:xsi="http://www.w3.org/2001/XMLSchema-instance" xsi:noNamespaceSchemaLocation="https://maven.apache.org/surefire/maven-failsafe-plugin/xsd/failsafe-test-report-3.0.xsd" version="3.0" name="starter.CucumberTestSuite" time="245.008" tests="9" errors="4" skipped="0" failures="0">
  <properties>
    <property name="java.specification.version" value="19"/>
    <property name="webdriver.chrome.driver" value="C:\Users\HP\.cache\selenium\chromedriver\win32\114.0.5735.90\chromedriver.exe"/>
    <property name="sun.cpu.isalist" value="amd64"/>
    <property name="sun.jnu.encoding" value="Cp1252"/>
    <property name="java.class.path" value="C:\Dev\CapstoneProjectBaru\SKUYPAY WEB AUTOMATION\target\test-classes;C:\Users\HP\.m2\repository\net\serenity-bdd\serenity-core\3.5.1\serenity-core-3.5.1.jar;C:\Users\HP\.m2\repository\net\serenity-bdd\serenity-model\3.5.1\serenity-model-3.5.1.jar;C:\Users\HP\.m2\repository\org\apache\commons\commons-text\1.10.0\commons-text-1.10.0.jar;C:\Users\HP\.m2\repository\commons-net\commons-net\3.8.0\commons-net-3.8.0.jar;C:\Users\HP\.m2\repository\com\google\guava\guava\31.1-jre\guava-31.1-jre.jar;C:\Users\HP\.m2\repository\com\google\guava\failureaccess\1.0.1\failureaccess-1.0.1.jar;C:\Users\HP\.m2\repository\com\google\guava\listenablefuture\9999.0-empty-to-avoid-conflict-with-guava\listenablefuture-9999.0-empty-to-avoid-conflict-with-guava.jar;C:\Users\HP\.m2\repository\com\google\code\findbugs\jsr305\3.0.2\jsr305-3.0.2.jar;C:\Users\HP\.m2\repository\org\checkerframework\checker-qual\3.12.0\checker-qual-3.12.0.jar;C:\Users\HP\.m2\repository\com\google\errorprone\error_prone_annotations\2.11.0\error_prone_annotations-2.11.0.jar;C:\Users\HP\.m2\repository\com\google\j2objc\j2objc-annotations\1.3\j2objc-annotations-1.3.jar;C:\Users\HP\.m2\repository\com\google\inject\guice\5.1.0\guice-5.1.0.jar;C:\Users\HP\.m2\repository\javax\inject\javax.inject\1\javax.inject-1.jar;C:\Users\HP\.m2\repository\aopalliance\aopalliance\1.0\aopalliance-1.0.jar;C:\Users\HP\.m2\repository\org\jsoup\jsoup\1.14.3\jsoup-1.14.3.jar;C:\Users\HP\.m2\repository\com\thoughtworks\xstream\xstream\1.4.19\xstream-1.4.19.jar;C:\Users\HP\.m2\repository\io\github\x-stream\mxparser\1.2.2\mxparser-1.2.2.jar;C:\Users\HP\.m2\repository\xmlpull\xmlpull\1.1.3.1\xmlpull-1.1.3.1.jar;C:\Users\HP\.m2\repository\com\typesafe\config\1.4.2\config-1.4.2.jar;C:\Users\HP\.m2\repository\org\imgscalr\imgscalr-lib\4.2\imgscalr-lib-4.2.jar;C:\Users\HP\.m2\repository\org\awaitility\awaitility\4.2.0\awaitility-4.2.0.jar;C:\Users\HP\.m2\repository\org\freemarker\freemarker\2.3.31\freemarker-2.3.31.jar;C:\Users\HP\.m2\repository\io\github\classgraph\classgraph\4.8.138\classgraph-4.8.138.jar;C:\Users\HP\.m2\repository\net\sourceforge\jexcelapi\jxl\2.6.12\jxl-2.6.12.jar;C:\Users\HP\.m2\repository\net\bytebuddy\byte-buddy-agent\1.12.18\byte-buddy-agent-1.12.18.jar;C:\Users\HP\.m2\repository\org\objenesis\objenesis\3.1\objenesis-3.1.jar;C:\Users\HP\.m2\repository\net\serenity-bdd\serenity-reports\3.5.1\serenity-reports-3.5.1.jar;C:\Users\HP\.m2\repository\net\serenity-bdd\serenity-stats\3.5.1\serenity-stats-3.5.1.jar;C:\Users\HP\.m2\repository\net\serenity-bdd\serenity-reports-configuration\3.5.1\serenity-reports-configuration-3.5.1.jar;C:\Users\HP\.m2\repository\com\vladsch\flexmark\flexmark-all\0.34.30\flexmark-all-0.34.30.jar;C:\Users\HP\.m2\repository\com\vladsch\flexmark\flexmark\0.34.30\flexmark-0.34.30.jar;C:\Users\HP\.m2\repository\com\vladsch\flexmark\flexmark-ext-abbreviation\0.34.30\flexmark-ext-abbreviation-0.34.30.jar;C:\Users\HP\.m2\repository\com\vladsch\flexmark\flexmark-ext-admonition\0.34.30\flexmark-ext-admonition-0.34.30.jar;C:\Users\HP\.m2\repository\com\vladsch\flexmark\flexmark-ext-anchorlink\0.34.30\flexmark-ext-anchorlink-0.34.30.jar;C:\Users\HP\.m2\repository\com\vladsch\flexmark\flexmark-ext-aside\0.34.30\flexmark-ext-aside-0.34.30.jar;C:\Users\HP\.m2\repository\com\vladsch\flexmark\flexmark-ext-attributes\0.34.30\flexmark-ext-attributes-0.34.30.jar;C:\Users\HP\.m2\repository\com\vladsch\flexmark\flexmark-ext-autolink\0.34.30\flexmark-ext-autolink-0.34.30.jar;C:\Users\HP\.m2\repository\org\nibor\autolink\autolink\0.6.0\autolink-0.6.0.jar;C:\Users\HP\.m2\repository\com\vladsch\flexmark\flexmark-ext-definition\0.34.30\flexmark-ext-definition-0.34.30.jar;C:\Users\HP\.m2\repository\com\vladsch\flexmark\flexmark-ext-emoji\0.34.30\flexmark-ext-emoji-0.34.30.jar;C:\Users\HP\.m2\repository\com\vladsch\flexmark\flexmark-ext-enumerated-reference\0.34.30\flexmark-ext-enumerated-reference-0.34.30.jar;C:\Users\HP\.m2\repository\com\vladsch\flexmark\flexmark-ext-escaped-character\0.34.30\flexmark-ext-escaped-character-0.34.30.jar;C:\Users\HP\.m2\repository\com\vladsch\flexmark\flexmark-ext-footnotes\0.34.30\flexmark-ext-footnotes-0.34.30.jar;C:\Users\HP\.m2\repository\com\vladsch\flexmark\flexmark-ext-gfm-issues\0.34.30\flexmark-ext-gfm-issues-0.34.30.jar;C:\Users\HP\.m2\repository\com\vladsch\flexmark\flexmark-ext-gfm-strikethrough\0.34.30\flexmark-ext-gfm-strikethrough-0.34.30.jar;C:\Users\HP\.m2\repository\com\vladsch\flexmark\flexmark-ext-gfm-tables\0.34.30\flexmark-ext-gfm-tables-0.34.30.jar;C:\Users\HP\.m2\repository\com\vladsch\flexmark\flexmark-ext-gfm-tasklist\0.34.30\flexmark-ext-gfm-tasklist-0.34.30.jar;C:\Users\HP\.m2\repository\com\vladsch\flexmark\flexmark-ext-gfm-users\0.34.30\flexmark-ext-gfm-users-0.34.30.jar;C:\Users\HP\.m2\repository\com\vladsch\flexmark\flexmark-ext-gitlab\0.34.30\flexmark-ext-gitlab-0.34.30.jar;C:\Users\HP\.m2\repository\com\vladsch\flexmark\flexmark-ext-jekyll-front-matter\0.34.30\flexmark-ext-jekyll-front-matter-0.34.30.jar;C:\Users\HP\.m2\repository\com\vladsch\flexmark\flexmark-ext-jekyll-tag\0.34.30\flexmark-ext-jekyll-tag-0.34.30.jar;C:\Users\HP\.m2\repository\com\vladsch\flexmark\flexmark-ext-media-tags\0.34.30\flexmark-ext-media-tags-0.34.30.jar;C:\Users\HP\.m2\repository\com\vladsch\flexmark\flexmark-test-util\0.34.30\flexmark-test-util-0.34.30.jar;C:\Users\HP\.m2\repository\com\vladsch\flexmark\flexmark-ext-ins\0.34.30\flexmark-ext-ins-0.34.30.jar;C:\Users\HP\.m2\repository\com\vladsch\flexmark\flexmark-ext-xwiki-macros\0.34.30\flexmark-ext-xwiki-macros-0.34.30.jar;C:\Users\HP\.m2\repository\com\vladsch\flexmark\flexmark-ext-superscript\0.34.30\flexmark-ext-superscript-0.34.30.jar;C:\Users\HP\.m2\repository\com\vladsch\flexmark\flexmark-ext-tables\0.34.30\flexmark-ext-tables-0.34.30.jar;C:\Users\HP\.m2\repository\com\vladsch\flexmark\flexmark-ext-toc\0.34.30\flexmark-ext-toc-0.34.30.jar;C:\Users\HP\.m2\repository\com\vladsch\flexmark\flexmark-ext-typographic\0.34.30\flexmark-ext-typographic-0.34.30.jar;C:\Users\HP\.m2\repository\com\vladsch\flexmark\flexmark-ext-wikilink\0.34.30\flexmark-ext-wikilink-0.34.30.jar;C:\Users\HP\.m2\repository\com\vladsch\flexmark\flexmark-ext-yaml-front-matter\0.34.30\flexmark-ext-yaml-front-matter-0.34.30.jar;C:\Users\HP\.m2\repository\com\vladsch\flexmark\flexmark-ext-youtube-embedded\0.34.30\flexmark-ext-youtube-embedded-0.34.30.jar;C:\Users\HP\.m2\repository\com\vladsch\flexmark\flexmark-formatter\0.34.30\flexmark-formatter-0.34.30.jar;C:\Users\HP\.m2\repository\com\vladsch\flexmark\flexmark-html-parser\0.34.30\flexmark-html-parser-0.34.30.jar;C:\Users\HP\.m2\repository\com\vladsch\flexmark\flexmark-jira-converter\0.34.30\flexmark-jira-converter-0.34.30.jar;C:\Users\HP\.m2\repository\com\vladsch\flexmark\flexmark-pdf-converter\0.34.30\flexmark-pdf-converter-0.34.30.jar;C:\Users\HP\.m2\repository\com\openhtmltopdf\openhtmltopdf-core\0.0.1-RC13\openhtmltopdf-core-0.0.1-RC13.jar;C:\Users\HP\.m2\repository\com\openhtmltopdf\openhtmltopdf-pdfbox\0.0.1-RC13\openhtmltopdf-pdfbox-0.0.1-RC13.jar;C:\Users\HP\.m2\repository\org\apache\pdfbox\pdfbox\2.0.8\pdfbox-2.0.8.jar;C:\Users\HP\.m2\repository\org\apache\pdfbox\fontbox\2.0.8\fontbox-2.0.8.jar;C:\Users\HP\.m2\repository\org\apache\pdfbox\xmpbox\2.0.8\xmpbox-2.0.8.jar;C:\Users\HP\.m2\repository\de\rototor\pdfbox\graphics2d\0.12\graphics2d-0.12.jar;C:\Users\HP\.m2\repository\com\openhtmltopdf\openhtmltopdf-rtl-support\0.0.1-RC13\openhtmltopdf-rtl-support-0.0.1-RC13.jar;C:\Users\HP\.m2\repository\com\ibm\icu\icu4j\59.1\icu4j-59.1.jar;C:\Users\HP\.m2\repository\com\openhtmltopdf\openhtmltopdf-jsoup-dom-converter\0.0.1-RC13\openhtmltopdf-jsoup-dom-converter-0.0.1-RC13.jar;C:\Users\HP\.m2\repository\com\vladsch\flexmark\flexmark-profile-pegdown\0.34.30\flexmark-profile-pegdown-0.34.30.jar;C:\Users\HP\.m2\repository\com\vladsch\flexmark\flexmark-util\0.34.30\flexmark-util-0.34.30.jar;C:\Users\HP\.m2\repository\com\vladsch\flexmark\flexmark-youtrack-converter\0.34.30\flexmark-youtrack-converter-0.34.30.jar;C:\Users\HP\.m2\repository\es\nitaur\markdown\txtmark\0.16\txtmark-0.16.jar;C:\Users\HP\.m2\repository\net\serenity-bdd\serenity-report-resources\3.5.1\serenity-report-resources-3.5.1.jar;C:\Users\HP\.m2\repository\com\google\code\gson\gson\2.9.0\gson-2.9.0.jar;C:\Users\HP\.m2\repository\com\fasterxml\jackson\core\jackson-core\2.13.4\jackson-core-2.13.4.jar;C:\Users\HP\.m2\repository\com\fasterxml\jackson\core\jackson-databind\2.13.4\jackson-databind-2.13.4.jar;C:\Users\HP\.m2\repository\com\fasterxml\jackson\core\jackson-annotations\2.13.4\jackson-annotations-2.13.4.jar;C:\Users\HP\.m2\repository\commons-codec\commons-codec\1.15\commons-codec-1.15.jar;C:\Users\HP\.m2\repository\commons-io\commons-io\2.11.0\commons-io-2.11.0.jar;C:\Users\HP\.m2\repository\org\apache\httpcomponents\httpclient\4.5.13\httpclient-4.5.13.jar;C:\Users\HP\.m2\repository\org\apache\httpcomponents\httpcore\4.4.13\httpcore-4.4.13.jar;C:\Users\HP\.m2\repository\commons-logging\commons-logging\1.2\commons-logging-1.2.jar;C:\Users\HP\.m2\repository\org\seleniumhq\selenium\selenium-java\4.7.1\selenium-java-4.7.1.jar;C:\Users\HP\.m2\repository\org\seleniumhq\selenium\selenium-devtools-v106\4.7.1\selenium-devtools-v106-4.7.1.jar;C:\Users\HP\.m2\repository\org\seleniumhq\selenium\selenium-devtools-v107\4.7.1\selenium-devtools-v107-4.7.1.jar;C:\Users\HP\.m2\repository\org\seleniumhq\selenium\selenium-devtools-v108\4.7.1\selenium-devtools-v108-4.7.1.jar;C:\Users\HP\.m2\repository\org\seleniumhq\selenium\selenium-devtools-v85\4.7.1\selenium-devtools-v85-4.7.1.jar;C:\Users\HP\.m2\repository\org\seleniumhq\selenium\selenium-remote-driver\4.7.1\selenium-remote-driver-4.7.1.jar;C:\Users\HP\.m2\repository\com\beust\jcommander\1.82\jcommander-1.82.jar;C:\Users\HP\.m2\repository\io\netty\netty-buffer\4.1.84.Final\netty-buffer-4.1.84.Final.jar;C:\Users\HP\.m2\repository\io\netty\netty-codec-http\4.1.84.Final\netty-codec-http-4.1.84.Final.jar;C:\Users\HP\.m2\repository\io\netty\netty-codec\4.1.84.Final\netty-codec-4.1.84.Final.jar;C:\Users\HP\.m2\repository\io\netty\netty-handler\4.1.84.Final\netty-handler-4.1.84.Final.jar;C:\Users\HP\.m2\repository\io\netty\netty-common\4.1.84.Final\netty-common-4.1.84.Final.jar;C:\Users\HP\.m2\repository\io\netty\netty-transport-classes-epoll\4.1.84.Final\netty-transport-classes-epoll-4.1.84.Final.jar;C:\Users\HP\.m2\repository\io\netty\netty-transport-classes-kqueue\4.1.84.Final\netty-transport-classes-kqueue-4.1.84.Final.jar;C:\Users\HP\.m2\repository\io\netty\netty-transport-native-epoll\4.1.84.Final\netty-transport-native-epoll-4.1.84.Final.jar;C:\Users\HP\.m2\repository\io\netty\netty-transport-native-kqueue\4.1.84.Final\netty-transport-native-kqueue-4.1.84.Final.jar;C:\Users\HP\.m2\repository\io\netty\netty-transport-native-unix-common\4.1.84.Final\netty-transport-native-unix-common-4.1.84.Final.jar;C:\Users\HP\.m2\repository\io\netty\netty-transport\4.1.84.Final\netty-transport-4.1.84.Final.jar;C:\Users\HP\.m2\repository\io\netty\netty-resolver\4.1.84.Final\netty-resolver-4.1.84.Final.jar;C:\Users\HP\.m2\repository\io\opentelemetry\opentelemetry-api\1.19.0\opentelemetry-api-1.19.0.jar;C:\Users\HP\.m2\repository\io\opentelemetry\opentelemetry-context\1.19.0\opentelemetry-context-1.19.0.jar;C:\Users\HP\.m2\repository\io\opentelemetry\opentelemetry-exporter-logging\1.19.0\opentelemetry-exporter-logging-1.19.0.jar;C:\Users\HP\.m2\repository\io\opentelemetry\opentelemetry-sdk-metrics\1.19.0\opentelemetry-sdk-metrics-1.19.0.jar;C:\Users\HP\.m2\repository\io\opentelemetry\opentelemetry-sdk-logs\1.19.0-alpha\opentelemetry-sdk-logs-1.19.0-alpha.jar;C:\Users\HP\.m2\repository\io\opentelemetry\opentelemetry-api-logs\1.19.0-alpha\opentelemetry-api-logs-1.19.0-alpha.jar;C:\Users\HP\.m2\repository\io\opentelemetry\opentelemetry-sdk-common\1.19.0\opentelemetry-sdk-common-1.19.0.jar;C:\Users\HP\.m2\repository\io\opentelemetry\opentelemetry-sdk-extension-autoconfigure-spi\1.19.0\opentelemetry-sdk-extension-autoconfigure-spi-1.19.0.jar;C:\Users\HP\.m2\repository\io\opentelemetry\opentelemetry-sdk-extension-autoconfigure\1.19.0-alpha\opentelemetry-sdk-extension-autoconfigure-1.19.0-alpha.jar;C:\Users\HP\.m2\repository\io\opentelemetry\opentelemetry-exporter-common\1.19.0\opentelemetry-exporter-common-1.19.0.jar;C:\Users\HP\.m2\repository\io\opentelemetry\opentelemetry-sdk-trace\1.19.0\opentelemetry-sdk-trace-1.19.0.jar;C:\Users\HP\.m2\repository\io\opentelemetry\opentelemetry-sdk\1.19.0\opentelemetry-sdk-1.19.0.jar;C:\Users\HP\.m2\repository\io\opentelemetry\opentelemetry-semconv\1.19.0-alpha\opentelemetry-semconv-1.19.0-alpha.jar;C:\Users\HP\.m2\repository\io\ous\jtoml\2.0.0\jtoml-2.0.0.jar;C:\Users\HP\.m2\repository\org\apache\commons\commons-exec\1.3\commons-exec-1.3.jar;C:\Users\HP\.m2\repository\org\asynchttpclient\async-http-client\2.12.3\async-http-client-2.12.3.jar;C:\Users\HP\.m2\repository\org\asynchttpclient\async-http-client-netty-utils\2.12.3\async-http-client-netty-utils-2.12.3.jar;C:\Users\HP\.m2\repository\io\netty\netty-codec-socks\4.1.60.Final\netty-codec-socks-4.1.60.Final.jar;C:\Users\HP\.m2\repository\io\netty\netty-handler-proxy\4.1.60.Final\netty-handler-proxy-4.1.60.Final.jar;C:\Users\HP\.m2\repository\io\netty\netty-transport-native-epoll\4.1.60.Final\netty-transport-native-epoll-4.1.60.Final-linux-x86_64.jar;C:\Users\HP\.m2\repository\io\netty\netty-transport-native-kqueue\4.1.60.Final\netty-transport-native-kqueue-4.1.60.Final-osx-x86_64.jar;C:\Users\HP\.m2\repository\org\reactivestreams\reactive-streams\1.0.3\reactive-streams-1.0.3.jar;C:\Users\HP\.m2\repository\com\typesafe\netty\netty-reactive-streams\2.0.4\netty-reactive-streams-2.0.4.jar;C:\Users\HP\.m2\repository\org\seleniumhq\selenium\selenium-manager\4.7.1\selenium-manager-4.7.1.jar;C:\Users\HP\.m2\repository\org\seleniumhq\selenium\selenium-safari-driver\4.7.1\selenium-safari-driver-4.7.1.jar;C:\Users\HP\.m2\repository\org\seleniumhq\selenium\selenium-api\4.7.1\selenium-api-4.7.1.jar;C:\Users\HP\.m2\repository\org\seleniumhq\selenium\selenium-support\4.7.1\selenium-support-4.7.1.jar;C:\Users\HP\.m2\repository\com\google\auto\service\auto-service-annotations\1.0.1\auto-service-annotations-1.0.1.jar;C:\Users\HP\.m2\repository\com\google\auto\service\auto-service\1.0.1\auto-service-1.0.1.jar;C:\Users\HP\.m2\repository\com\google\auto\auto-common\1.2\auto-common-1.2.jar;C:\Users\HP\.m2\repository\org\seleniumhq\selenium\selenium-json\4.7.1\selenium-json-4.7.1.jar;C:\Users\HP\.m2\repository\org\seleniumhq\selenium\selenium-chrome-driver\4.7.1\selenium-chrome-driver-4.7.1.jar;C:\Users\HP\.m2\repository\org\seleniumhq\selenium\selenium-chromium-driver\4.7.1\selenium-chromium-driver-4.7.1.jar;C:\Users\HP\.m2\repository\org\seleniumhq\selenium\selenium-firefox-driver\4.7.1\selenium-firefox-driver-4.7.1.jar;C:\Users\HP\.m2\repository\org\seleniumhq\selenium\selenium-http\4.7.1\selenium-http-4.7.1.jar;C:\Users\HP\.m2\repository\dev\failsafe\failsafe\3.3.0\failsafe-3.3.0.jar;C:\Users\HP\.m2\repository\org\seleniumhq\selenium\selenium-edge-driver\4.7.1\selenium-edge-driver-4.7.1.jar;C:\Users\HP\.m2\repository\org\seleniumhq\selenium\selenium-ie-driver\4.7.1\selenium-ie-driver-4.7.1.jar;C:\Users\HP\.m2\repository\org\projectlombok\lombok\1.18.20\lombok-1.18.20.jar;C:\Users\HP\.m2\repository\io\appium\java-client\8.3.0\java-client-8.3.0.jar;C:\Users\HP\.m2\repository\commons-validator\commons-validator\1.7\commons-validator-1.7.jar;C:\Users\HP\.m2\repository\commons-digester\commons-digester\2.1\commons-digester-2.1.jar;C:\Users\HP\.m2\repository\org\apache\groovy\groovy\4.0.6\groovy-4.0.6.jar;C:\Users\HP\.m2\repository\net\sf\opencsv\opencsv\2.0\opencsv-2.0.jar;C:\Users\HP\.m2\repository\commons-beanutils\commons-beanutils\1.9.4\commons-beanutils-1.9.4.jar;C:\Users\HP\.m2\repository\org\apache\commons\commons-lang3\3.12.0\commons-lang3-3.12.0.jar;C:\Users\HP\.m2\repository\commons-collections\commons-collections\3.2.2\commons-collections-3.2.2.jar;C:\Users\HP\.m2\repository\org\fluentlenium\fluentlenium-core\0.10.2\fluentlenium-core-0.10.2.jar;C:\Users\HP\.m2\repository\io\github\bonigarcia\webdrivermanager\5.3.0\webdrivermanager-5.3.0.jar;C:\Users\HP\.m2\repository\com\github\docker-java\docker-java\3.2.13\docker-java-3.2.13.jar;C:\Users\HP\.m2\repository\com\github\docker-java\docker-java-core\3.2.13\docker-java-core-3.2.13.jar;C:\Users\HP\.m2\repository\com\github\docker-java\docker-java-api\3.2.13\docker-java-api-3.2.13.jar;C:\Users\HP\.m2\repository\org\apache\commons\commons-compress\1.21\commons-compress-1.21.jar;C:\Users\HP\.m2\repository\org\bouncycastle\bcpkix-jdk15on\1.64\bcpkix-jdk15on-1.64.jar;C:\Users\HP\.m2\repository\org\bouncycastle\bcprov-jdk15on\1.64\bcprov-jdk15on-1.64.jar;C:\Users\HP\.m2\repository\org\slf4j\jcl-over-slf4j\1.7.30\jcl-over-slf4j-1.7.30.jar;C:\Users\HP\.m2\repository\com\github\docker-java\docker-java-transport-httpclient5\3.2.13\docker-java-transport-httpclient5-3.2.13.jar;C:\Users\HP\.m2\repository\com\github\docker-java\docker-java-transport\3.2.13\docker-java-transport-3.2.13.jar;C:\Users\HP\.m2\repository\net\java\dev\jna\jna\5.8.0\jna-5.8.0.jar;C:\Users\HP\.m2\repository\org\brotli\dec\0.1.2\dec-0.1.2.jar;C:\Users\HP\.m2\repository\org\apache\httpcomponents\client5\httpclient5\5.1.3\httpclient5-5.1.3.jar;C:\Users\HP\.m2\repository\org\apache\httpcomponents\core5\httpcore5\5.1.3\httpcore5-5.1.3.jar;C:\Users\HP\.m2\repository\org\apache\httpcomponents\core5\httpcore5-h2\5.1.3\httpcore5-h2-5.1.3.jar;C:\Users\HP\.m2\repository\com\jhlabs\filters\2.0.235\filters-2.0.235.jar;C:\Users\HP\.m2\repository\com\paulhammant\ngwebdriver\1.1.6\ngwebdriver-1.1.6.jar;C:\Users\HP\.m2\repository\joda-time\joda-time\2.8.2\joda-time-2.8.2.jar;C:\Users\HP\.m2\repository\org\hamcrest\hamcrest\2.2\hamcrest-2.2.jar;C:\Users\HP\.m2\repository\com\google\jimfs\jimfs\1.2\jimfs-1.2.jar;C:\Users\HP\.m2\repository\org\mockito\mockito-core\3.3.3\mockito-core-3.3.3.jar;C:\Users\HP\.m2\repository\javax\xml\bind\jaxb-api\2.3.1\jaxb-api-2.3.1.jar;C:\Users\HP\.m2\repository\javax\activation\javax.activation-api\1.2.0\javax.activation-api-1.2.0.jar;C:\Users\HP\.m2\repository\com\sun\xml\bind\jaxb-core\2.3.0.1\jaxb-core-2.3.0.1.jar;C:\Users\HP\.m2\repository\com\sun\xml\bind\jaxb-impl\2.3.3\jaxb-impl-2.3.3.jar;C:\Users\HP\.m2\repository\jakarta\xml\bind\jakarta.xml.bind-api\2.3.3\jakarta.xml.bind-api-2.3.3.jar;C:\Users\HP\.m2\repository\com\sun\activation\jakarta.activation\1.2.2\jakarta.activation-1.2.2.jar;C:\Users\HP\.m2\repository\javax\activation\activation\1.1.1\activation-1.1.1.jar;C:\Users\HP\.m2\repository\net\serenity-bdd\serenity-cucumber\3.5.1\serenity-cucumber-3.5.1.jar;C:\Users\HP\.m2\repository\io\cucumber\cucumber-core\7.8.1\cucumber-core-7.8.1.jar;C:\Users\HP\.m2\repository\io\cucumber\cucumber-gherkin\7.8.1\cucumber-gherkin-7.8.1.jar;C:\Users\HP\.m2\repository\io\cucumber\cucumber-gherkin-messages\7.8.1\cucumber-gherkin-messages-7.8.1.jar;C:\Users\HP\.m2\repository\io\cucumber\gherkin\24.0.0\gherkin-24.0.0.jar;C:\Users\HP\.m2\repository\io\cucumber\messages\19.1.4\messages-19.1.4.jar;C:\Users\HP\.m2\repository\io\cucumber\tag-expressions\4.1.0\tag-expressions-4.1.0.jar;C:\Users\HP\.m2\repository\io\cucumber\cucumber-expressions\16.0.0\cucumber-expressions-16.0.0.jar;C:\Users\HP\.m2\repository\io\cucumber\datatable\7.8.1\datatable-7.8.1.jar;C:\Users\HP\.m2\repository\io\cucumber\cucumber-plugin\7.8.1\cucumber-plugin-7.8.1.jar;C:\Users\HP\.m2\repository\io\cucumber\docstring\7.8.1\docstring-7.8.1.jar;C:\Users\HP\.m2\repository\io\cucumber\html-formatter\20.1.0\html-formatter-20.1.0.jar;C:\Users\HP\.m2\repository\io\cucumber\ci-environment\9.1.0\ci-environment-9.1.0.jar;C:\Users\HP\.m2\repository\io\cucumber\cucumber-java\7.8.1\cucumber-java-7.8.1.jar;C:\Users\HP\.m2\repository\io\cucumber\cucumber-junit\7.8.1\cucumber-junit-7.8.1.jar;C:\Users\HP\.m2\repository\org\apache\commons\commons-csv\1.5\commons-csv-1.5.jar;C:\Users\HP\.m2\repository\net\serenity-bdd\serenity-screenplay\3.5.1\serenity-screenplay-3.5.1.jar;C:\Users\HP\.m2\repository\net\serenity-bdd\serenity-screenplay-webdriver\3.5.1\serenity-screenplay-webdriver-3.5.1.jar;C:\Users\HP\.m2\repository\net\serenity-bdd\serenity-ensure\3.5.1\serenity-ensure-3.5.1.jar;C:\Users\HP\.m2\repository\net\serenity-bdd\serenity-junit\3.5.1\serenity-junit-3.5.1.jar;C:\Users\HP\.m2\repository\org\jetbrains\kotlin\kotlin-stdlib\1.7.21\kotlin-stdlib-1.7.21.jar;C:\Users\HP\.m2\repository\org\jetbrains\kotlin\kotlin-stdlib-common\1.7.21\kotlin-stdlib-common-1.7.21.jar;C:\Users\HP\.m2\repository\org\jetbrains\annotations\13.0\annotations-13.0.jar;C:\Users\HP\.m2\repository\org\junit\platform\junit-platform-launcher\1.8.2\junit-platform-launcher-1.8.2.jar;C:\Users\HP\.m2\repository\org\junit\platform\junit-platform-engine\1.8.2\junit-platform-engine-1.8.2.jar;C:\Users\HP\.m2\repository\org\opentest4j\opentest4j\1.2.0\opentest4j-1.2.0.jar;C:\Users\HP\.m2\repository\org\junit\platform\junit-platform-commons\1.8.2\junit-platform-commons-1.8.2.jar;C:\Users\HP\.m2\repository\org\apiguardian\apiguardian-api\1.1.2\apiguardian-api-1.1.2.jar;C:\Users\HP\.m2\repository\org\junit\jupiter\junit-jupiter-engine\5.8.2\junit-jupiter-engine-5.8.2.jar;C:\Users\HP\.m2\repository\org\junit\jupiter\junit-jupiter-api\5.8.2\junit-jupiter-api-5.8.2.jar;C:\Users\HP\.m2\repository\org\junit\vintage\junit-vintage-engine\5.8.2\junit-vintage-engine-5.8.2.jar;C:\Users\HP\.m2\repository\junit\junit\4.13.2\junit-4.13.2.jar;C:\Users\HP\.m2\repository\org\hamcrest\hamcrest-core\1.3\hamcrest-core-1.3.jar;C:\Users\HP\.m2\repository\ch\qos\logback\logback-classic\1.2.10\logback-classic-1.2.10.jar;C:\Users\HP\.m2\repository\ch\qos\logback\logback-core\1.2.10\logback-core-1.2.10.jar;C:\Users\HP\.m2\repository\org\slf4j\slf4j-api\1.7.32\slf4j-api-1.7.32.jar;C:\Users\HP\.m2\repository\org\assertj\assertj-core\3.23.1\assertj-core-3.23.1.jar;C:\Users\HP\.m2\repository\net\bytebuddy\byte-buddy\1.12.10\byte-buddy-1.12.10.jar;"/>
    <property name="java.vm.vendor" value="Oracle Corporation"/>
    <property name="sun.arch.data.model" value="64"/>
    <property name="user.variant" value=""/>
    <property name="java.vendor.url" value="https://java.oracle.com/"/>
    <property name="user.timezone" value="Asia/Jakarta"/>
    <property name="log4j2.formatMsgNoLookups" value="true"/>
    <property name="os.name" value="Windows 11"/>
    <property name="java.vm.specification.version" value="19"/>
    <property name="sun.java.launcher" value="SUN_STANDARD"/>
    <property name="user.country" value="ID"/>
    <property name="sun.boot.library.path" value="C:\Program Files\Java\jdk-19\bin"/>
    <property name="sun.java.command" value="org.apache.maven.surefire.booter.ForkedBooter C:\Users\HP\AppData\Local\Temp\surefire17536477907463079599 2023-06-18T14-39-48_310-jvmRun1 surefire11643242270106201919tmp surefire_017726383924734994676tmp"/>
    <property name="jdk.debug" value="release"/>
    <property name="surefire.test.class.path" value="C:\Dev\CapstoneProjectBaru\SKUYPAY WEB AUTOMATION\target\test-classes;C:\Users\HP\.m2\repository\net\serenity-bdd\serenity-core\3.5.1\serenity-core-3.5.1.jar;C:\Users\HP\.m2\repository\net\serenity-bdd\serenity-model\3.5.1\serenity-model-3.5.1.jar;C:\Users\HP\.m2\repository\org\apache\commons\commons-text\1.10.0\commons-text-1.10.0.jar;C:\Users\HP\.m2\repository\commons-net\commons-net\3.8.0\commons-net-3.8.0.jar;C:\Users\HP\.m2\repository\com\google\guava\guava\31.1-jre\guava-31.1-jre.jar;C:\Users\HP\.m2\repository\com\google\guava\failureaccess\1.0.1\failureaccess-1.0.1.jar;C:\Users\HP\.m2\repository\com\google\guava\listenablefuture\9999.0-empty-to-avoid-conflict-with-guava\listenablefuture-9999.0-empty-to-avoid-conflict-with-guava.jar;C:\Users\HP\.m2\repository\com\google\code\findbugs\jsr305\3.0.2\jsr305-3.0.2.jar;C:\Users\HP\.m2\repository\org\checkerframework\checker-qual\3.12.0\checker-qual-3.12.0.jar;C:\Users\HP\.m2\repository\com\google\errorprone\error_prone_annotations\2.11.0\error_prone_annotations-2.11.0.jar;C:\Users\HP\.m2\repository\com\google\j2objc\j2objc-annotations\1.3\j2objc-annotations-1.3.jar;C:\Users\HP\.m2\repository\com\google\inject\guice\5.1.0\guice-5.1.0.jar;C:\Users\HP\.m2\repository\javax\inject\javax.inject\1\javax.inject-1.jar;C:\Users\HP\.m2\repository\aopalliance\aopalliance\1.0\aopalliance-1.0.jar;C:\Users\HP\.m2\repository\org\jsoup\jsoup\1.14.3\jsoup-1.14.3.jar;C:\Users\HP\.m2\repository\com\thoughtworks\xstream\xstream\1.4.19\xstream-1.4.19.jar;C:\Users\HP\.m2\repository\io\github\x-stream\mxparser\1.2.2\mxparser-1.2.2.jar;C:\Users\HP\.m2\repository\xmlpull\xmlpull\1.1.3.1\xmlpull-1.1.3.1.jar;C:\Users\HP\.m2\repository\com\typesafe\config\1.4.2\config-1.4.2.jar;C:\Users\HP\.m2\repository\org\imgscalr\imgscalr-lib\4.2\imgscalr-lib-4.2.jar;C:\Users\HP\.m2\repository\org\awaitility\awaitility\4.2.0\awaitility-4.2.0.jar;C:\Users\HP\.m2\repository\org\freemarker\freemarker\2.3.31\freemarker-2.3.31.jar;C:\Users\HP\.m2\repository\io\github\classgraph\classgraph\4.8.138\classgraph-4.8.138.jar;C:\Users\HP\.m2\repository\net\sourceforge\jexcelapi\jxl\2.6.12\jxl-2.6.12.jar;C:\Users\HP\.m2\repository\net\bytebuddy\byte-buddy-agent\1.12.18\byte-buddy-agent-1.12.18.jar;C:\Users\HP\.m2\repository\org\objenesis\objenesis\3.1\objenesis-3.1.jar;C:\Users\HP\.m2\repository\net\serenity-bdd\serenity-reports\3.5.1\serenity-reports-3.5.1.jar;C:\Users\HP\.m2\repository\net\serenity-bdd\serenity-stats\3.5.1\serenity-stats-3.5.1.jar;C:\Users\HP\.m2\repository\net\serenity-bdd\serenity-reports-configuration\3.5.1\serenity-reports-configuration-3.5.1.jar;C:\Users\HP\.m2\repository\com\vladsch\flexmark\flexmark-all\0.34.30\flexmark-all-0.34.30.jar;C:\Users\HP\.m2\repository\com\vladsch\flexmark\flexmark\0.34.30\flexmark-0.34.30.jar;C:\Users\HP\.m2\repository\com\vladsch\flexmark\flexmark-ext-abbreviation\0.34.30\flexmark-ext-abbreviation-0.34.30.jar;C:\Users\HP\.m2\repository\com\vladsch\flexmark\flexmark-ext-admonition\0.34.30\flexmark-ext-admonition-0.34.30.jar;C:\Users\HP\.m2\repository\com\vladsch\flexmark\flexmark-ext-anchorlink\0.34.30\flexmark-ext-anchorlink-0.34.30.jar;C:\Users\HP\.m2\repository\com\vladsch\flexmark\flexmark-ext-aside\0.34.30\flexmark-ext-aside-0.34.30.jar;C:\Users\HP\.m2\repository\com\vladsch\flexmark\flexmark-ext-attributes\0.34.30\flexmark-ext-attributes-0.34.30.jar;C:\Users\HP\.m2\repository\com\vladsch\flexmark\flexmark-ext-autolink\0.34.30\flexmark-ext-autolink-0.34.30.jar;C:\Users\HP\.m2\repository\org\nibor\autolink\autolink\0.6.0\autolink-0.6.0.jar;C:\Users\HP\.m2\repository\com\vladsch\flexmark\flexmark-ext-definition\0.34.30\flexmark-ext-definition-0.34.30.jar;C:\Users\HP\.m2\repository\com\vladsch\flexmark\flexmark-ext-emoji\0.34.30\flexmark-ext-emoji-0.34.30.jar;C:\Users\HP\.m2\repository\com\vladsch\flexmark\flexmark-ext-enumerated-reference\0.34.30\flexmark-ext-enumerated-reference-0.34.30.jar;C:\Users\HP\.m2\repository\com\vladsch\flexmark\flexmark-ext-escaped-character\0.34.30\flexmark-ext-escaped-character-0.34.30.jar;C:\Users\HP\.m2\repository\com\vladsch\flexmark\flexmark-ext-footnotes\0.34.30\flexmark-ext-footnotes-0.34.30.jar;C:\Users\HP\.m2\repository\com\vladsch\flexmark\flexmark-ext-gfm-issues\0.34.30\flexmark-ext-gfm-issues-0.34.30.jar;C:\Users\HP\.m2\repository\com\vladsch\flexmark\flexmark-ext-gfm-strikethrough\0.34.30\flexmark-ext-gfm-strikethrough-0.34.30.jar;C:\Users\HP\.m2\repository\com\vladsch\flexmark\flexmark-ext-gfm-tables\0.34.30\flexmark-ext-gfm-tables-0.34.30.jar;C:\Users\HP\.m2\repository\com\vladsch\flexmark\flexmark-ext-gfm-tasklist\0.34.30\flexmark-ext-gfm-tasklist-0.34.30.jar;C:\Users\HP\.m2\repository\com\vladsch\flexmark\flexmark-ext-gfm-users\0.34.30\flexmark-ext-gfm-users-0.34.30.jar;C:\Users\HP\.m2\repository\com\vladsch\flexmark\flexmark-ext-gitlab\0.34.30\flexmark-ext-gitlab-0.34.30.jar;C:\Users\HP\.m2\repository\com\vladsch\flexmark\flexmark-ext-jekyll-front-matter\0.34.30\flexmark-ext-jekyll-front-matter-0.34.30.jar;C:\Users\HP\.m2\repository\com\vladsch\flexmark\flexmark-ext-jekyll-tag\0.34.30\flexmark-ext-jekyll-tag-0.34.30.jar;C:\Users\HP\.m2\repository\com\vladsch\flexmark\flexmark-ext-media-tags\0.34.30\flexmark-ext-media-tags-0.34.30.jar;C:\Users\HP\.m2\repository\com\vladsch\flexmark\flexmark-test-util\0.34.30\flexmark-test-util-0.34.30.jar;C:\Users\HP\.m2\repository\com\vladsch\flexmark\flexmark-ext-ins\0.34.30\flexmark-ext-ins-0.34.30.jar;C:\Users\HP\.m2\repository\com\vladsch\flexmark\flexmark-ext-xwiki-macros\0.34.30\flexmark-ext-xwiki-macros-0.34.30.jar;C:\Users\HP\.m2\repository\com\vladsch\flexmark\flexmark-ext-superscript\0.34.30\flexmark-ext-superscript-0.34.30.jar;C:\Users\HP\.m2\repository\com\vladsch\flexmark\flexmark-ext-tables\0.34.30\flexmark-ext-tables-0.34.30.jar;C:\Users\HP\.m2\repository\com\vladsch\flexmark\flexmark-ext-toc\0.34.30\flexmark-ext-toc-0.34.30.jar;C:\Users\HP\.m2\repository\com\vladsch\flexmark\flexmark-ext-typographic\0.34.30\flexmark-ext-typographic-0.34.30.jar;C:\Users\HP\.m2\repository\com\vladsch\flexmark\flexmark-ext-wikilink\0.34.30\flexmark-ext-wikilink-0.34.30.jar;C:\Users\HP\.m2\repository\com\vladsch\flexmark\flexmark-ext-yaml-front-matter\0.34.30\flexmark-ext-yaml-front-matter-0.34.30.jar;C:\Users\HP\.m2\repository\com\vladsch\flexmark\flexmark-ext-youtube-embedded\0.34.30\flexmark-ext-youtube-embedded-0.34.30.jar;C:\Users\HP\.m2\repository\com\vladsch\flexmark\flexmark-formatter\0.34.30\flexmark-formatter-0.34.30.jar;C:\Users\HP\.m2\repository\com\vladsch\flexmark\flexmark-html-parser\0.34.30\flexmark-html-parser-0.34.30.jar;C:\Users\HP\.m2\repository\com\vladsch\flexmark\flexmark-jira-converter\0.34.30\flexmark-jira-converter-0.34.30.jar;C:\Users\HP\.m2\repository\com\vladsch\flexmark\flexmark-pdf-converter\0.34.30\flexmark-pdf-converter-0.34.30.jar;C:\Users\HP\.m2\repository\com\openhtmltopdf\openhtmltopdf-core\0.0.1-RC13\openhtmltopdf-core-0.0.1-RC13.jar;C:\Users\HP\.m2\repository\com\openhtmltopdf\openhtmltopdf-pdfbox\0.0.1-RC13\openhtmltopdf-pdfbox-0.0.1-RC13.jar;C:\Users\HP\.m2\repository\org\apache\pdfbox\pdfbox\2.0.8\pdfbox-2.0.8.jar;C:\Users\HP\.m2\repository\org\apache\pdfbox\fontbox\2.0.8\fontbox-2.0.8.jar;C:\Users\HP\.m2\repository\org\apache\pdfbox\xmpbox\2.0.8\xmpbox-2.0.8.jar;C:\Users\HP\.m2\repository\de\rototor\pdfbox\graphics2d\0.12\graphics2d-0.12.jar;C:\Users\HP\.m2\repository\com\openhtmltopdf\openhtmltopdf-rtl-support\0.0.1-RC13\openhtmltopdf-rtl-support-0.0.1-RC13.jar;C:\Users\HP\.m2\repository\com\ibm\icu\icu4j\59.1\icu4j-59.1.jar;C:\Users\HP\.m2\repository\com\openhtmltopdf\openhtmltopdf-jsoup-dom-converter\0.0.1-RC13\openhtmltopdf-jsoup-dom-converter-0.0.1-RC13.jar;C:\Users\HP\.m2\repository\com\vladsch\flexmark\flexmark-profile-pegdown\0.34.30\flexmark-profile-pegdown-0.34.30.jar;C:\Users\HP\.m2\repository\com\vladsch\flexmark\flexmark-util\0.34.30\flexmark-util-0.34.30.jar;C:\Users\HP\.m2\repository\com\vladsch\flexmark\flexmark-youtrack-converter\0.34.30\flexmark-youtrack-converter-0.34.30.jar;C:\Users\HP\.m2\repository\es\nitaur\markdown\txtmark\0.16\txtmark-0.16.jar;C:\Users\HP\.m2\repository\net\serenity-bdd\serenity-report-resources\3.5.1\serenity-report-resources-3.5.1.jar;C:\Users\HP\.m2\repository\com\google\code\gson\gson\2.9.0\gson-2.9.0.jar;C:\Users\HP\.m2\repository\com\fasterxml\jackson\core\jackson-core\2.13.4\jackson-core-2.13.4.jar;C:\Users\HP\.m2\repository\com\fasterxml\jackson\core\jackson-databind\2.13.4\jackson-databind-2.13.4.jar;C:\Users\HP\.m2\repository\com\fasterxml\jackson\core\jackson-annotations\2.13.4\jackson-annotations-2.13.4.jar;C:\Users\HP\.m2\repository\commons-codec\commons-codec\1.15\commons-codec-1.15.jar;C:\Users\HP\.m2\repository\commons-io\commons-io\2.11.0\commons-io-2.11.0.jar;C:\Users\HP\.m2\repository\org\apache\httpcomponents\httpclient\4.5.13\httpclient-4.5.13.jar;C:\Users\HP\.m2\repository\org\apache\httpcomponents\httpcore\4.4.13\httpcore-4.4.13.jar;C:\Users\HP\.m2\repository\commons-logging\commons-logging\1.2\commons-logging-1.2.jar;C:\Users\HP\.m2\repository\org\seleniumhq\selenium\selenium-java\4.7.1\selenium-java-4.7.1.jar;C:\Users\HP\.m2\repository\org\seleniumhq\selenium\selenium-devtools-v106\4.7.1\selenium-devtools-v106-4.7.1.jar;C:\Users\HP\.m2\repository\org\seleniumhq\selenium\selenium-devtools-v107\4.7.1\selenium-devtools-v107-4.7.1.jar;C:\Users\HP\.m2\repository\org\seleniumhq\selenium\selenium-devtools-v108\4.7.1\selenium-devtools-v108-4.7.1.jar;C:\Users\HP\.m2\repository\org\seleniumhq\selenium\selenium-devtools-v85\4.7.1\selenium-devtools-v85-4.7.1.jar;C:\Users\HP\.m2\repository\org\seleniumhq\selenium\selenium-remote-driver\4.7.1\selenium-remote-driver-4.7.1.jar;C:\Users\HP\.m2\repository\com\beust\jcommander\1.82\jcommander-1.82.jar;C:\Users\HP\.m2\repository\io\netty\netty-buffer\4.1.84.Final\netty-buffer-4.1.84.Final.jar;C:\Users\HP\.m2\repository\io\netty\netty-codec-http\4.1.84.Final\netty-codec-http-4.1.84.Final.jar;C:\Users\HP\.m2\repository\io\netty\netty-codec\4.1.84.Final\netty-codec-4.1.84.Final.jar;C:\Users\HP\.m2\repository\io\netty\netty-handler\4.1.84.Final\netty-handler-4.1.84.Final.jar;C:\Users\HP\.m2\repository\io\netty\netty-common\4.1.84.Final\netty-common-4.1.84.Final.jar;C:\Users\HP\.m2\repository\io\netty\netty-transport-classes-epoll\4.1.84.Final\netty-transport-classes-epoll-4.1.84.Final.jar;C:\Users\HP\.m2\repository\io\netty\netty-transport-classes-kqueue\4.1.84.Final\netty-transport-classes-kqueue-4.1.84.Final.jar;C:\Users\HP\.m2\repository\io\netty\netty-transport-native-epoll\4.1.84.Final\netty-transport-native-epoll-4.1.84.Final.jar;C:\Users\HP\.m2\repository\io\netty\netty-transport-native-kqueue\4.1.84.Final\netty-transport-native-kqueue-4.1.84.Final.jar;C:\Users\HP\.m2\repository\io\netty\netty-transport-native-unix-common\4.1.84.Final\netty-transport-native-unix-common-4.1.84.Final.jar;C:\Users\HP\.m2\repository\io\netty\netty-transport\4.1.84.Final\netty-transport-4.1.84.Final.jar;C:\Users\HP\.m2\repository\io\netty\netty-resolver\4.1.84.Final\netty-resolver-4.1.84.Final.jar;C:\Users\HP\.m2\repository\io\opentelemetry\opentelemetry-api\1.19.0\opentelemetry-api-1.19.0.jar;C:\Users\HP\.m2\repository\io\opentelemetry\opentelemetry-context\1.19.0\opentelemetry-context-1.19.0.jar;C:\Users\HP\.m2\repository\io\opentelemetry\opentelemetry-exporter-logging\1.19.0\opentelemetry-exporter-logging-1.19.0.jar;C:\Users\HP\.m2\repository\io\opentelemetry\opentelemetry-sdk-metrics\1.19.0\opentelemetry-sdk-metrics-1.19.0.jar;C:\Users\HP\.m2\repository\io\opentelemetry\opentelemetry-sdk-logs\1.19.0-alpha\opentelemetry-sdk-logs-1.19.0-alpha.jar;C:\Users\HP\.m2\repository\io\opentelemetry\opentelemetry-api-logs\1.19.0-alpha\opentelemetry-api-logs-1.19.0-alpha.jar;C:\Users\HP\.m2\repository\io\opentelemetry\opentelemetry-sdk-common\1.19.0\opentelemetry-sdk-common-1.19.0.jar;C:\Users\HP\.m2\repository\io\opentelemetry\opentelemetry-sdk-extension-autoconfigure-spi\1.19.0\opentelemetry-sdk-extension-autoconfigure-spi-1.19.0.jar;C:\Users\HP\.m2\repository\io\opentelemetry\opentelemetry-sdk-extension-autoconfigure\1.19.0-alpha\opentelemetry-sdk-extension-autoconfigure-1.19.0-alpha.jar;C:\Users\HP\.m2\repository\io\opentelemetry\opentelemetry-exporter-common\1.19.0\opentelemetry-exporter-common-1.19.0.jar;C:\Users\HP\.m2\repository\io\opentelemetry\opentelemetry-sdk-trace\1.19.0\opentelemetry-sdk-trace-1.19.0.jar;C:\Users\HP\.m2\repository\io\opentelemetry\opentelemetry-sdk\1.19.0\opentelemetry-sdk-1.19.0.jar;C:\Users\HP\.m2\repository\io\opentelemetry\opentelemetry-semconv\1.19.0-alpha\opentelemetry-semconv-1.19.0-alpha.jar;C:\Users\HP\.m2\repository\io\ous\jtoml\2.0.0\jtoml-2.0.0.jar;C:\Users\HP\.m2\repository\org\apache\commons\commons-exec\1.3\commons-exec-1.3.jar;C:\Users\HP\.m2\repository\org\asynchttpclient\async-http-client\2.12.3\async-http-client-2.12.3.jar;C:\Users\HP\.m2\repository\org\asynchttpclient\async-http-client-netty-utils\2.12.3\async-http-client-netty-utils-2.12.3.jar;C:\Users\HP\.m2\repository\io\netty\netty-codec-socks\4.1.60.Final\netty-codec-socks-4.1.60.Final.jar;C:\Users\HP\.m2\repository\io\netty\netty-handler-proxy\4.1.60.Final\netty-handler-proxy-4.1.60.Final.jar;C:\Users\HP\.m2\repository\io\netty\netty-transport-native-epoll\4.1.60.Final\netty-transport-native-epoll-4.1.60.Final-linux-x86_64.jar;C:\Users\HP\.m2\repository\io\netty\netty-transport-native-kqueue\4.1.60.Final\netty-transport-native-kqueue-4.1.60.Final-osx-x86_64.jar;C:\Users\HP\.m2\repository\org\reactivestreams\reactive-streams\1.0.3\reactive-streams-1.0.3.jar;C:\Users\HP\.m2\repository\com\typesafe\netty\netty-reactive-streams\2.0.4\netty-reactive-streams-2.0.4.jar;C:\Users\HP\.m2\repository\org\seleniumhq\selenium\selenium-manager\4.7.1\selenium-manager-4.7.1.jar;C:\Users\HP\.m2\repository\org\seleniumhq\selenium\selenium-safari-driver\4.7.1\selenium-safari-driver-4.7.1.jar;C:\Users\HP\.m2\repository\org\seleniumhq\selenium\selenium-api\4.7.1\selenium-api-4.7.1.jar;C:\Users\HP\.m2\repository\org\seleniumhq\selenium\selenium-support\4.7.1\selenium-support-4.7.1.jar;C:\Users\HP\.m2\repository\com\google\auto\service\auto-service-annotations\1.0.1\auto-service-annotations-1.0.1.jar;C:\Users\HP\.m2\repository\com\google\auto\service\auto-service\1.0.1\auto-service-1.0.1.jar;C:\Users\HP\.m2\repository\com\google\auto\auto-common\1.2\auto-common-1.2.jar;C:\Users\HP\.m2\repository\org\seleniumhq\selenium\selenium-json\4.7.1\selenium-json-4.7.1.jar;C:\Users\HP\.m2\repository\org\seleniumhq\selenium\selenium-chrome-driver\4.7.1\selenium-chrome-driver-4.7.1.jar;C:\Users\HP\.m2\repository\org\seleniumhq\selenium\selenium-chromium-driver\4.7.1\selenium-chromium-driver-4.7.1.jar;C:\Users\HP\.m2\repository\org\seleniumhq\selenium\selenium-firefox-driver\4.7.1\selenium-firefox-driver-4.7.1.jar;C:\Users\HP\.m2\repository\org\seleniumhq\selenium\selenium-http\4.7.1\selenium-http-4.7.1.jar;C:\Users\HP\.m2\repository\dev\failsafe\failsafe\3.3.0\failsafe-3.3.0.jar;C:\Users\HP\.m2\repository\org\seleniumhq\selenium\selenium-edge-driver\4.7.1\selenium-edge-driver-4.7.1.jar;C:\Users\HP\.m2\repository\org\seleniumhq\selenium\selenium-ie-driver\4.7.1\selenium-ie-driver-4.7.1.jar;C:\Users\HP\.m2\repository\org\projectlombok\lombok\1.18.20\lombok-1.18.20.jar;C:\Users\HP\.m2\repository\io\appium\java-client\8.3.0\java-client-8.3.0.jar;C:\Users\HP\.m2\repository\commons-validator\commons-validator\1.7\commons-validator-1.7.jar;C:\Users\HP\.m2\repository\commons-digester\commons-digester\2.1\commons-digester-2.1.jar;C:\Users\HP\.m2\repository\org\apache\groovy\groovy\4.0.6\groovy-4.0.6.jar;C:\Users\HP\.m2\repository\net\sf\opencsv\opencsv\2.0\opencsv-2.0.jar;C:\Users\HP\.m2\repository\commons-beanutils\commons-beanutils\1.9.4\commons-beanutils-1.9.4.jar;C:\Users\HP\.m2\repository\org\apache\commons\commons-lang3\3.12.0\commons-lang3-3.12.0.jar;C:\Users\HP\.m2\repository\commons-collections\commons-collections\3.2.2\commons-collections-3.2.2.jar;C:\Users\HP\.m2\repository\org\fluentlenium\fluentlenium-core\0.10.2\fluentlenium-core-0.10.2.jar;C:\Users\HP\.m2\repository\io\github\bonigarcia\webdrivermanager\5.3.0\webdrivermanager-5.3.0.jar;C:\Users\HP\.m2\repository\com\github\docker-java\docker-java\3.2.13\docker-java-3.2.13.jar;C:\Users\HP\.m2\repository\com\github\docker-java\docker-java-core\3.2.13\docker-java-core-3.2.13.jar;C:\Users\HP\.m2\repository\com\github\docker-java\docker-java-api\3.2.13\docker-java-api-3.2.13.jar;C:\Users\HP\.m2\repository\org\apache\commons\commons-compress\1.21\commons-compress-1.21.jar;C:\Users\HP\.m2\repository\org\bouncycastle\bcpkix-jdk15on\1.64\bcpkix-jdk15on-1.64.jar;C:\Users\HP\.m2\repository\org\bouncycastle\bcprov-jdk15on\1.64\bcprov-jdk15on-1.64.jar;C:\Users\HP\.m2\repository\org\slf4j\jcl-over-slf4j\1.7.30\jcl-over-slf4j-1.7.30.jar;C:\Users\HP\.m2\repository\com\github\docker-java\docker-java-transport-httpclient5\3.2.13\docker-java-transport-httpclient5-3.2.13.jar;C:\Users\HP\.m2\repository\com\github\docker-java\docker-java-transport\3.2.13\docker-java-transport-3.2.13.jar;C:\Users\HP\.m2\repository\net\java\dev\jna\jna\5.8.0\jna-5.8.0.jar;C:\Users\HP\.m2\repository\org\brotli\dec\0.1.2\dec-0.1.2.jar;C:\Users\HP\.m2\repository\org\apache\httpcomponents\client5\httpclient5\5.1.3\httpclient5-5.1.3.jar;C:\Users\HP\.m2\repository\org\apache\httpcomponents\core5\httpcore5\5.1.3\httpcore5-5.1.3.jar;C:\Users\HP\.m2\repository\org\apache\httpcomponents\core5\httpcore5-h2\5.1.3\httpcore5-h2-5.1.3.jar;C:\Users\HP\.m2\repository\com\jhlabs\filters\2.0.235\filters-2.0.235.jar;C:\Users\HP\.m2\repository\com\paulhammant\ngwebdriver\1.1.6\ngwebdriver-1.1.6.jar;C:\Users\HP\.m2\repository\joda-time\joda-time\2.8.2\joda-time-2.8.2.jar;C:\Users\HP\.m2\repository\org\hamcrest\hamcrest\2.2\hamcrest-2.2.jar;C:\Users\HP\.m2\repository\com\google\jimfs\jimfs\1.2\jimfs-1.2.jar;C:\Users\HP\.m2\repository\org\mockito\mockito-core\3.3.3\mockito-core-3.3.3.jar;C:\Users\HP\.m2\repository\javax\xml\bind\jaxb-api\2.3.1\jaxb-api-2.3.1.jar;C:\Users\HP\.m2\repository\javax\activation\javax.activation-api\1.2.0\javax.activation-api-1.2.0.jar;C:\Users\HP\.m2\repository\com\sun\xml\bind\jaxb-core\2.3.0.1\jaxb-core-2.3.0.1.jar;C:\Users\HP\.m2\repository\com\sun\xml\bind\jaxb-impl\2.3.3\jaxb-impl-2.3.3.jar;C:\Users\HP\.m2\repository\jakarta\xml\bind\jakarta.xml.bind-api\2.3.3\jakarta.xml.bind-api-2.3.3.jar;C:\Users\HP\.m2\repository\com\sun\activation\jakarta.activation\1.2.2\jakarta.activation-1.2.2.jar;C:\Users\HP\.m2\repository\javax\activation\activation\1.1.1\activation-1.1.1.jar;C:\Users\HP\.m2\repository\net\serenity-bdd\serenity-cucumber\3.5.1\serenity-cucumber-3.5.1.jar;C:\Users\HP\.m2\repository\io\cucumber\cucumber-core\7.8.1\cucumber-core-7.8.1.jar;C:\Users\HP\.m2\repository\io\cucumber\cucumber-gherkin\7.8.1\cucumber-gherkin-7.8.1.jar;C:\Users\HP\.m2\repository\io\cucumber\cucumber-gherkin-messages\7.8.1\cucumber-gherkin-messages-7.8.1.jar;C:\Users\HP\.m2\repository\io\cucumber\gherkin\24.0.0\gherkin-24.0.0.jar;C:\Users\HP\.m2\repository\io\cucumber\messages\19.1.4\messages-19.1.4.jar;C:\Users\HP\.m2\repository\io\cucumber\tag-expressions\4.1.0\tag-expressions-4.1.0.jar;C:\Users\HP\.m2\repository\io\cucumber\cucumber-expressions\16.0.0\cucumber-expressions-16.0.0.jar;C:\Users\HP\.m2\repository\io\cucumber\datatable\7.8.1\datatable-7.8.1.jar;C:\Users\HP\.m2\repository\io\cucumber\cucumber-plugin\7.8.1\cucumber-plugin-7.8.1.jar;C:\Users\HP\.m2\repository\io\cucumber\docstring\7.8.1\docstring-7.8.1.jar;C:\Users\HP\.m2\repository\io\cucumber\html-formatter\20.1.0\html-formatter-20.1.0.jar;C:\Users\HP\.m2\repository\io\cucumber\ci-environment\9.1.0\ci-environment-9.1.0.jar;C:\Users\HP\.m2\repository\io\cucumber\cucumber-java\7.8.1\cucumber-java-7.8.1.jar;C:\Users\HP\.m2\repository\io\cucumber\cucumber-junit\7.8.1\cucumber-junit-7.8.1.jar;C:\Users\HP\.m2\repository\org\apache\commons\commons-csv\1.5\commons-csv-1.5.jar;C:\Users\HP\.m2\repository\net\serenity-bdd\serenity-screenplay\3.5.1\serenity-screenplay-3.5.1.jar;C:\Users\HP\.m2\repository\net\serenity-bdd\serenity-screenplay-webdriver\3.5.1\serenity-screenplay-webdriver-3.5.1.jar;C:\Users\HP\.m2\repository\net\serenity-bdd\serenity-ensure\3.5.1\serenity-ensure-3.5.1.jar;C:\Users\HP\.m2\repository\net\serenity-bdd\serenity-junit\3.5.1\serenity-junit-3.5.1.jar;C:\Users\HP\.m2\repository\org\jetbrains\kotlin\kotlin-stdlib\1.7.21\kotlin-stdlib-1.7.21.jar;C:\Users\HP\.m2\repository\org\jetbrains\kotlin\kotlin-stdlib-common\1.7.21\kotlin-stdlib-common-1.7.21.jar;C:\Users\HP\.m2\repository\org\jetbrains\annotations\13.0\annotations-13.0.jar;C:\Users\HP\.m2\repository\org\junit\platform\junit-platform-launcher\1.8.2\junit-platform-launcher-1.8.2.jar;C:\Users\HP\.m2\repository\org\junit\platform\junit-platform-engine\1.8.2\junit-platform-engine-1.8.2.jar;C:\Users\HP\.m2\repository\org\opentest4j\opentest4j\1.2.0\opentest4j-1.2.0.jar;C:\Users\HP\.m2\repository\org\junit\platform\junit-platform-commons\1.8.2\junit-platform-commons-1.8.2.jar;C:\Users\HP\.m2\repository\org\apiguardian\apiguardian-api\1.1.2\apiguardian-api-1.1.2.jar;C:\Users\HP\.m2\repository\org\junit\jupiter\junit-jupiter-engine\5.8.2\junit-jupiter-engine-5.8.2.jar;C:\Users\HP\.m2\repository\org\junit\jupiter\junit-jupiter-api\5.8.2\junit-jupiter-api-5.8.2.jar;C:\Users\HP\.m2\repository\org\junit\vintage\junit-vintage-engine\5.8.2\junit-vintage-engine-5.8.2.jar;C:\Users\HP\.m2\repository\junit\junit\4.13.2\junit-4.13.2.jar;C:\Users\HP\.m2\repository\org\hamcrest\hamcrest-core\1.3\hamcrest-core-1.3.jar;C:\Users\HP\.m2\repository\ch\qos\logback\logback-classic\1.2.10\logback-classic-1.2.10.jar;C:\Users\HP\.m2\repository\ch\qos\logback\logback-core\1.2.10\logback-core-1.2.10.jar;C:\Users\HP\.m2\repository\org\slf4j\slf4j-api\1.7.32\slf4j-api-1.7.32.jar;C:\Users\HP\.m2\repository\org\assertj\assertj-core\3.23.1\assertj-core-3.23.1.jar;C:\Users\HP\.m2\repository\net\bytebuddy\byte-buddy\1.12.10\byte-buddy-1.12.10.jar;"/>
    <property name="sun.cpu.endian" value="little"/>
    <property name="user.home" value="C:\Users\HP"/>
    <property name="user.language" value="en"/>
    <property name="java.specification.vendor" value="Oracle Corporation"/>
    <property name="jdk.module.path" value="C:\Dev\CapstoneProjectBaru\SKUYPAY WEB AUTOMATION\target\skuypayweb-1.0-SNAPSHOT.jar"/>
    <property name="java.version.date" value="2023-01-17"/>
    <property name="java.home" value="C:\Program Files\Java\jdk-19"/>
    <property name="file.separator" value="\"/>
    <property name="basedir" value="C:\Dev\CapstoneProjectBaru\SKUYPAY WEB AUTOMATION"/>
    <property name="java.vm.compressedOopsMode" value="32-bit"/>
    <property name="line.separator" value="&#10;"/>
    <property name="java.vm.specification.vendor" value="Oracle Corporation"/>
    <property name="java.specification.name" value="Java Platform API Specification"/>
    <property name="surefire.real.class.path" value="C:\Users\HP\.m2\repository\org\apache\maven\surefire\surefire-booter\3.0.0-M5\surefire-booter-3.0.0-M5.jar;C:\Users\HP\.m2\repository\org\apache\maven\surefire\surefire-api\3.0.0-M5\surefire-api-3.0.0-M5.jar;C:\Users\HP\.m2\repository\org\apache\maven\surefire\surefire-logger-api\3.0.0-M5\surefire-logger-api-3.0.0-M5.jar;C:\Users\HP\.m2\repository\org\apache\maven\surefire\surefire-shared-utils\3.0.0-M4\surefire-shared-utils-3.0.0-M4.jar;C:\Users\HP\.m2\repository\org\apache\maven\surefire\surefire-extensions-spi\3.0.0-M5\surefire-extensions-spi-3.0.0-M5.jar;C:\Dev\CapstoneProjectBaru\SKUYPAY WEB AUTOMATION\target\test-classes;C:\Users\HP\.m2\repository\net\serenity-bdd\serenity-core\3.5.1\serenity-core-3.5.1.jar;C:\Users\HP\.m2\repository\net\serenity-bdd\serenity-model\3.5.1\serenity-model-3.5.1.jar;C:\Users\HP\.m2\repository\org\apache\commons\commons-text\1.10.0\commons-text-1.10.0.jar;C:\Users\HP\.m2\repository\commons-net\commons-net\3.8.0\commons-net-3.8.0.jar;C:\Users\HP\.m2\repository\com\google\guava\guava\31.1-jre\guava-31.1-jre.jar;C:\Users\HP\.m2\repository\com\google\guava\failureaccess\1.0.1\failureaccess-1.0.1.jar;C:\Users\HP\.m2\repository\com\google\guava\listenablefuture\9999.0-empty-to-avoid-conflict-with-guava\listenablefuture-9999.0-empty-to-avoid-conflict-with-guava.jar;C:\Users\HP\.m2\repository\com\google\code\findbugs\jsr305\3.0.2\jsr305-3.0.2.jar;C:\Users\HP\.m2\repository\org\checkerframework\checker-qual\3.12.0\checker-qual-3.12.0.jar;C:\Users\HP\.m2\repository\com\google\errorprone\error_prone_annotations\2.11.0\error_prone_annotations-2.11.0.jar;C:\Users\HP\.m2\repository\com\google\j2objc\j2objc-annotations\1.3\j2objc-annotations-1.3.jar;C:\Users\HP\.m2\repository\com\google\inject\guice\5.1.0\guice-5.1.0.jar;C:\Users\HP\.m2\repository\javax\inject\javax.inject\1\javax.inject-1.jar;C:\Users\HP\.m2\repository\aopalliance\aopalliance\1.0\aopalliance-1.0.jar;C:\Users\HP\.m2\repository\org\jsoup\jsoup\1.14.3\jsoup-1.14.3.jar;C:\Users\HP\.m2\repository\com\thoughtworks\xstream\xstream\1.4.19\xstream-1.4.19.jar;C:\Users\HP\.m2\repository\io\github\x-stream\mxparser\1.2.2\mxparser-1.2.2.jar;C:\Users\HP\.m2\repository\xmlpull\xmlpull\1.1.3.1\xmlpull-1.1.3.1.jar;C:\Users\HP\.m2\repository\com\typesafe\config\1.4.2\config-1.4.2.jar;C:\Users\HP\.m2\repository\org\imgscalr\imgscalr-lib\4.2\imgscalr-lib-4.2.jar;C:\Users\HP\.m2\repository\org\awaitility\awaitility\4.2.0\awaitility-4.2.0.jar;C:\Users\HP\.m2\repository\org\freemarker\freemarker\2.3.31\freemarker-2.3.31.jar;C:\Users\HP\.m2\repository\io\github\classgraph\classgraph\4.8.138\classgraph-4.8.138.jar;C:\Users\HP\.m2\repository\net\sourceforge\jexcelapi\jxl\2.6.12\jxl-2.6.12.jar;C:\Users\HP\.m2\repository\net\bytebuddy\byte-buddy-agent\1.12.18\byte-buddy-agent-1.12.18.jar;C:\Users\HP\.m2\repository\org\objenesis\objenesis\3.1\objenesis-3.1.jar;C:\Users\HP\.m2\repository\net\serenity-bdd\serenity-reports\3.5.1\serenity-reports-3.5.1.jar;C:\Users\HP\.m2\repository\net\serenity-bdd\serenity-stats\3.5.1\serenity-stats-3.5.1.jar;C:\Users\HP\.m2\repository\net\serenity-bdd\serenity-reports-configuration\3.5.1\serenity-reports-configuration-3.5.1.jar;C:\Users\HP\.m2\repository\com\vladsch\flexmark\flexmark-all\0.34.30\flexmark-all-0.34.30.jar;C:\Users\HP\.m2\repository\com\vladsch\flexmark\flexmark\0.34.30\flexmark-0.34.30.jar;C:\Users\HP\.m2\repository\com\vladsch\flexmark\flexmark-ext-abbreviation\0.34.30\flexmark-ext-abbreviation-0.34.30.jar;C:\Users\HP\.m2\repository\com\vladsch\flexmark\flexmark-ext-admonition\0.34.30\flexmark-ext-admonition-0.34.30.jar;C:\Users\HP\.m2\repository\com\vladsch\flexmark\flexmark-ext-anchorlink\0.34.30\flexmark-ext-anchorlink-0.34.30.jar;C:\Users\HP\.m2\repository\com\vladsch\flexmark\flexmark-ext-aside\0.34.30\flexmark-ext-aside-0.34.30.jar;C:\Users\HP\.m2\repository\com\vladsch\flexmark\flexmark-ext-attributes\0.34.30\flexmark-ext-attributes-0.34.30.jar;C:\Users\HP\.m2\repository\com\vladsch\flexmark\flexmark-ext-autolink\0.34.30\flexmark-ext-autolink-0.34.30.jar;C:\Users\HP\.m2\repository\org\nibor\autolink\autolink\0.6.0\autolink-0.6.0.jar;C:\Users\HP\.m2\repository\com\vladsch\flexmark\flexmark-ext-definition\0.34.30\flexmark-ext-definition-0.34.30.jar;C:\Users\HP\.m2\repository\com\vladsch\flexmark\flexmark-ext-emoji\0.34.30\flexmark-ext-emoji-0.34.30.jar;C:\Users\HP\.m2\repository\com\vladsch\flexmark\flexmark-ext-enumerated-reference\0.34.30\flexmark-ext-enumerated-reference-0.34.30.jar;C:\Users\HP\.m2\repository\com\vladsch\flexmark\flexmark-ext-escaped-character\0.34.30\flexmark-ext-escaped-character-0.34.30.jar;C:\Users\HP\.m2\repository\com\vladsch\flexmark\flexmark-ext-footnotes\0.34.30\flexmark-ext-footnotes-0.34.30.jar;C:\Users\HP\.m2\repository\com\vladsch\flexmark\flexmark-ext-gfm-issues\0.34.30\flexmark-ext-gfm-issues-0.34.30.jar;C:\Users\HP\.m2\repository\com\vladsch\flexmark\flexmark-ext-gfm-strikethrough\0.34.30\flexmark-ext-gfm-strikethrough-0.34.30.jar;C:\Users\HP\.m2\repository\com\vladsch\flexmark\flexmark-ext-gfm-tables\0.34.30\flexmark-ext-gfm-tables-0.34.30.jar;C:\Users\HP\.m2\repository\com\vladsch\flexmark\flexmark-ext-gfm-tasklist\0.34.30\flexmark-ext-gfm-tasklist-0.34.30.jar;C:\Users\HP\.m2\repository\com\vladsch\flexmark\flexmark-ext-gfm-users\0.34.30\flexmark-ext-gfm-users-0.34.30.jar;C:\Users\HP\.m2\repository\com\vladsch\flexmark\flexmark-ext-gitlab\0.34.30\flexmark-ext-gitlab-0.34.30.jar;C:\Users\HP\.m2\repository\com\vladsch\flexmark\flexmark-ext-jekyll-front-matter\0.34.30\flexmark-ext-jekyll-front-matter-0.34.30.jar;C:\Users\HP\.m2\repository\com\vladsch\flexmark\flexmark-ext-jekyll-tag\0.34.30\flexmark-ext-jekyll-tag-0.34.30.jar;C:\Users\HP\.m2\repository\com\vladsch\flexmark\flexmark-ext-media-tags\0.34.30\flexmark-ext-media-tags-0.34.30.jar;C:\Users\HP\.m2\repository\com\vladsch\flexmark\flexmark-test-util\0.34.30\flexmark-test-util-0.34.30.jar;C:\Users\HP\.m2\repository\com\vladsch\flexmark\flexmark-ext-ins\0.34.30\flexmark-ext-ins-0.34.30.jar;C:\Users\HP\.m2\repository\com\vladsch\flexmark\flexmark-ext-xwiki-macros\0.34.30\flexmark-ext-xwiki-macros-0.34.30.jar;C:\Users\HP\.m2\repository\com\vladsch\flexmark\flexmark-ext-superscript\0.34.30\flexmark-ext-superscript-0.34.30.jar;C:\Users\HP\.m2\repository\com\vladsch\flexmark\flexmark-ext-tables\0.34.30\flexmark-ext-tables-0.34.30.jar;C:\Users\HP\.m2\repository\com\vladsch\flexmark\flexmark-ext-toc\0.34.30\flexmark-ext-toc-0.34.30.jar;C:\Users\HP\.m2\repository\com\vladsch\flexmark\flexmark-ext-typographic\0.34.30\flexmark-ext-typographic-0.34.30.jar;C:\Users\HP\.m2\repository\com\vladsch\flexmark\flexmark-ext-wikilink\0.34.30\flexmark-ext-wikilink-0.34.30.jar;C:\Users\HP\.m2\repository\com\vladsch\flexmark\flexmark-ext-yaml-front-matter\0.34.30\flexmark-ext-yaml-front-matter-0.34.30.jar;C:\Users\HP\.m2\repository\com\vladsch\flexmark\flexmark-ext-youtube-embedded\0.34.30\flexmark-ext-youtube-embedded-0.34.30.jar;C:\Users\HP\.m2\repository\com\vladsch\flexmark\flexmark-formatter\0.34.30\flexmark-formatter-0.34.30.jar;C:\Users\HP\.m2\repository\com\vladsch\flexmark\flexmark-html-parser\0.34.30\flexmark-html-parser-0.34.30.jar;C:\Users\HP\.m2\repository\com\vladsch\flexmark\flexmark-jira-converter\0.34.30\flexmark-jira-converter-0.34.30.jar;C:\Users\HP\.m2\repository\com\vladsch\flexmark\flexmark-pdf-converter\0.34.30\flexmark-pdf-converter-0.34.30.jar;C:\Users\HP\.m2\repository\com\openhtmltopdf\openhtmltopdf-core\0.0.1-RC13\openhtmltopdf-core-0.0.1-RC13.jar;C:\Users\HP\.m2\repository\com\openhtmltopdf\openhtmltopdf-pdfbox\0.0.1-RC13\openhtmltopdf-pdfbox-0.0.1-RC13.jar;C:\Users\HP\.m2\repository\org\apache\pdfbox\pdfbox\2.0.8\pdfbox-2.0.8.jar;C:\Users\HP\.m2\repository\org\apache\pdfbox\fontbox\2.0.8\fontbox-2.0.8.jar;C:\Users\HP\.m2\repository\org\apache\pdfbox\xmpbox\2.0.8\xmpbox-2.0.8.jar;C:\Users\HP\.m2\repository\de\rototor\pdfbox\graphics2d\0.12\graphics2d-0.12.jar;C:\Users\HP\.m2\repository\com\openhtmltopdf\openhtmltopdf-rtl-support\0.0.1-RC13\openhtmltopdf-rtl-support-0.0.1-RC13.jar;C:\Users\HP\.m2\repository\com\ibm\icu\icu4j\59.1\icu4j-59.1.jar;C:\Users\HP\.m2\repository\com\openhtmltopdf\openhtmltopdf-jsoup-dom-converter\0.0.1-RC13\openhtmltopdf-jsoup-dom-converter-0.0.1-RC13.jar;C:\Users\HP\.m2\repository\com\vladsch\flexmark\flexmark-profile-pegdown\0.34.30\flexmark-profile-pegdown-0.34.30.jar;C:\Users\HP\.m2\repository\com\vladsch\flexmark\flexmark-util\0.34.30\flexmark-util-0.34.30.jar;C:\Users\HP\.m2\repository\com\vladsch\flexmark\flexmark-youtrack-converter\0.34.30\flexmark-youtrack-converter-0.34.30.jar;C:\Users\HP\.m2\repository\es\nitaur\markdown\txtmark\0.16\txtmark-0.16.jar;C:\Users\HP\.m2\repository\net\serenity-bdd\serenity-report-resources\3.5.1\serenity-report-resources-3.5.1.jar;C:\Users\HP\.m2\repository\com\google\code\gson\gson\2.9.0\gson-2.9.0.jar;C:\Users\HP\.m2\repository\com\fasterxml\jackson\core\jackson-core\2.13.4\jackson-core-2.13.4.jar;C:\Users\HP\.m2\repository\com\fasterxml\jackson\core\jackson-databind\2.13.4\jackson-databind-2.13.4.jar;C:\Users\HP\.m2\repository\com\fasterxml\jackson\core\jackson-annotations\2.13.4\jackson-annotations-2.13.4.jar;C:\Users\HP\.m2\repository\commons-codec\commons-codec\1.15\commons-codec-1.15.jar;C:\Users\HP\.m2\repository\commons-io\commons-io\2.11.0\commons-io-2.11.0.jar;C:\Users\HP\.m2\repository\org\apache\httpcomponents\httpclient\4.5.13\httpclient-4.5.13.jar;C:\Users\HP\.m2\repository\org\apache\httpcomponents\httpcore\4.4.13\httpcore-4.4.13.jar;C:\Users\HP\.m2\repository\commons-logging\commons-logging\1.2\commons-logging-1.2.jar;C:\Users\HP\.m2\repository\org\seleniumhq\selenium\selenium-java\4.7.1\selenium-java-4.7.1.jar;C:\Users\HP\.m2\repository\org\seleniumhq\selenium\selenium-devtools-v106\4.7.1\selenium-devtools-v106-4.7.1.jar;C:\Users\HP\.m2\repository\org\seleniumhq\selenium\selenium-devtools-v107\4.7.1\selenium-devtools-v107-4.7.1.jar;C:\Users\HP\.m2\repository\org\seleniumhq\selenium\selenium-devtools-v108\4.7.1\selenium-devtools-v108-4.7.1.jar;C:\Users\HP\.m2\repository\org\seleniumhq\selenium\selenium-devtools-v85\4.7.1\selenium-devtools-v85-4.7.1.jar;C:\Users\HP\.m2\repository\org\seleniumhq\selenium\selenium-remote-driver\4.7.1\selenium-remote-driver-4.7.1.jar;C:\Users\HP\.m2\repository\com\beust\jcommander\1.82\jcommander-1.82.jar;C:\Users\HP\.m2\repository\io\netty\netty-buffer\4.1.84.Final\netty-buffer-4.1.84.Final.jar;C:\Users\HP\.m2\repository\io\netty\netty-codec-http\4.1.84.Final\netty-codec-http-4.1.84.Final.jar;C:\Users\HP\.m2\repository\io\netty\netty-codec\4.1.84.Final\netty-codec-4.1.84.Final.jar;C:\Users\HP\.m2\repository\io\netty\netty-handler\4.1.84.Final\netty-handler-4.1.84.Final.jar;C:\Users\HP\.m2\repository\io\netty\netty-common\4.1.84.Final\netty-common-4.1.84.Final.jar;C:\Users\HP\.m2\repository\io\netty\netty-transport-classes-epoll\4.1.84.Final\netty-transport-classes-epoll-4.1.84.Final.jar;C:\Users\HP\.m2\repository\io\netty\netty-transport-classes-kqueue\4.1.84.Final\netty-transport-classes-kqueue-4.1.84.Final.jar;C:\Users\HP\.m2\repository\io\netty\netty-transport-native-epoll\4.1.84.Final\netty-transport-native-epoll-4.1.84.Final.jar;C:\Users\HP\.m2\repository\io\netty\netty-transport-native-kqueue\4.1.84.Final\netty-transport-native-kqueue-4.1.84.Final.jar;C:\Users\HP\.m2\repository\io\netty\netty-transport-native-unix-common\4.1.84.Final\netty-transport-native-unix-common-4.1.84.Final.jar;C:\Users\HP\.m2\repository\io\netty\netty-transport\4.1.84.Final\netty-transport-4.1.84.Final.jar;C:\Users\HP\.m2\repository\io\netty\netty-resolver\4.1.84.Final\netty-resolver-4.1.84.Final.jar;C:\Users\HP\.m2\repository\io\opentelemetry\opentelemetry-api\1.19.0\opentelemetry-api-1.19.0.jar;C:\Users\HP\.m2\repository\io\opentelemetry\opentelemetry-context\1.19.0\opentelemetry-context-1.19.0.jar;C:\Users\HP\.m2\repository\io\opentelemetry\opentelemetry-exporter-logging\1.19.0\opentelemetry-exporter-logging-1.19.0.jar;C:\Users\HP\.m2\repository\io\opentelemetry\opentelemetry-sdk-metrics\1.19.0\opentelemetry-sdk-metrics-1.19.0.jar;C:\Users\HP\.m2\repository\io\opentelemetry\opentelemetry-sdk-logs\1.19.0-alpha\opentelemetry-sdk-logs-1.19.0-alpha.jar;C:\Users\HP\.m2\repository\io\opentelemetry\opentelemetry-api-logs\1.19.0-alpha\opentelemetry-api-logs-1.19.0-alpha.jar;C:\Users\HP\.m2\repository\io\opentelemetry\opentelemetry-sdk-common\1.19.0\opentelemetry-sdk-common-1.19.0.jar;C:\Users\HP\.m2\repository\io\opentelemetry\opentelemetry-sdk-extension-autoconfigure-spi\1.19.0\opentelemetry-sdk-extension-autoconfigure-spi-1.19.0.jar;C:\Users\HP\.m2\repository\io\opentelemetry\opentelemetry-sdk-extension-autoconfigure\1.19.0-alpha\opentelemetry-sdk-extension-autoconfigure-1.19.0-alpha.jar;C:\Users\HP\.m2\repository\io\opentelemetry\opentelemetry-exporter-common\1.19.0\opentelemetry-exporter-common-1.19.0.jar;C:\Users\HP\.m2\repository\io\opentelemetry\opentelemetry-sdk-trace\1.19.0\opentelemetry-sdk-trace-1.19.0.jar;C:\Users\HP\.m2\repository\io\opentelemetry\opentelemetry-sdk\1.19.0\opentelemetry-sdk-1.19.0.jar;C:\Users\HP\.m2\repository\io\opentelemetry\opentelemetry-semconv\1.19.0-alpha\opentelemetry-semconv-1.19.0-alpha.jar;C:\Users\HP\.m2\repository\io\ous\jtoml\2.0.0\jtoml-2.0.0.jar;C:\Users\HP\.m2\repository\org\apache\commons\commons-exec\1.3\commons-exec-1.3.jar;C:\Users\HP\.m2\repository\org\asynchttpclient\async-http-client\2.12.3\async-http-client-2.12.3.jar;C:\Users\HP\.m2\repository\org\asynchttpclient\async-http-client-netty-utils\2.12.3\async-http-client-netty-utils-2.12.3.jar;C:\Users\HP\.m2\repository\io\netty\netty-codec-socks\4.1.60.Final\netty-codec-socks-4.1.60.Final.jar;C:\Users\HP\.m2\repository\io\netty\netty-handler-proxy\4.1.60.Final\netty-handler-proxy-4.1.60.Final.jar;C:\Users\HP\.m2\repository\io\netty\netty-transport-native-epoll\4.1.60.Final\netty-transport-native-epoll-4.1.60.Final-linux-x86_64.jar;C:\Users\HP\.m2\repository\io\netty\netty-transport-native-kqueue\4.1.60.Final\netty-transport-native-kqueue-4.1.60.Final-osx-x86_64.jar;C:\Users\HP\.m2\repository\org\reactivestreams\reactive-streams\1.0.3\reactive-streams-1.0.3.jar;C:\Users\HP\.m2\repository\com\typesafe\netty\netty-reactive-streams\2.0.4\netty-reactive-streams-2.0.4.jar;C:\Users\HP\.m2\repository\org\seleniumhq\selenium\selenium-manager\4.7.1\selenium-manager-4.7.1.jar;C:\Users\HP\.m2\repository\org\seleniumhq\selenium\selenium-safari-driver\4.7.1\selenium-safari-driver-4.7.1.jar;C:\Users\HP\.m2\repository\org\seleniumhq\selenium\selenium-api\4.7.1\selenium-api-4.7.1.jar;C:\Users\HP\.m2\repository\org\seleniumhq\selenium\selenium-support\4.7.1\selenium-support-4.7.1.jar;C:\Users\HP\.m2\repository\com\google\auto\service\auto-service-annotations\1.0.1\auto-service-annotations-1.0.1.jar;C:\Users\HP\.m2\repository\com\google\auto\service\auto-service\1.0.1\auto-service-1.0.1.jar;C:\Users\HP\.m2\repository\com\google\auto\auto-common\1.2\auto-common-1.2.jar;C:\Users\HP\.m2\repository\org\seleniumhq\selenium\selenium-json\4.7.1\selenium-json-4.7.1.jar;C:\Users\HP\.m2\repository\org\seleniumhq\selenium\selenium-chrome-driver\4.7.1\selenium-chrome-driver-4.7.1.jar;C:\Users\HP\.m2\repository\org\seleniumhq\selenium\selenium-chromium-driver\4.7.1\selenium-chromium-driver-4.7.1.jar;C:\Users\HP\.m2\repository\org\seleniumhq\selenium\selenium-firefox-driver\4.7.1\selenium-firefox-driver-4.7.1.jar;C:\Users\HP\.m2\repository\org\seleniumhq\selenium\selenium-http\4.7.1\selenium-http-4.7.1.jar;C:\Users\HP\.m2\repository\dev\failsafe\failsafe\3.3.0\failsafe-3.3.0.jar;C:\Users\HP\.m2\repository\org\seleniumhq\selenium\selenium-edge-driver\4.7.1\selenium-edge-driver-4.7.1.jar;C:\Users\HP\.m2\repository\org\seleniumhq\selenium\selenium-ie-driver\4.7.1\selenium-ie-driver-4.7.1.jar;C:\Users\HP\.m2\repository\org\projectlombok\lombok\1.18.20\lombok-1.18.20.jar;C:\Users\HP\.m2\repository\io\appium\java-client\8.3.0\java-client-8.3.0.jar;C:\Users\HP\.m2\repository\commons-validator\commons-validator\1.7\commons-validator-1.7.jar;C:\Users\HP\.m2\repository\commons-digester\commons-digester\2.1\commons-digester-2.1.jar;C:\Users\HP\.m2\repository\org\apache\groovy\groovy\4.0.6\groovy-4.0.6.jar;C:\Users\HP\.m2\repository\net\sf\opencsv\opencsv\2.0\opencsv-2.0.jar;C:\Users\HP\.m2\repository\commons-beanutils\commons-beanutils\1.9.4\commons-beanutils-1.9.4.jar;C:\Users\HP\.m2\repository\org\apache\commons\commons-lang3\3.12.0\commons-lang3-3.12.0.jar;C:\Users\HP\.m2\repository\commons-collections\commons-collections\3.2.2\commons-collections-3.2.2.jar;C:\Users\HP\.m2\repository\org\fluentlenium\fluentlenium-core\0.10.2\fluentlenium-core-0.10.2.jar;C:\Users\HP\.m2\repository\io\github\bonigarcia\webdrivermanager\5.3.0\webdrivermanager-5.3.0.jar;C:\Users\HP\.m2\repository\com\github\docker-java\docker-java\3.2.13\docker-java-3.2.13.jar;C:\Users\HP\.m2\repository\com\github\docker-java\docker-java-core\3.2.13\docker-java-core-3.2.13.jar;C:\Users\HP\.m2\repository\com\github\docker-java\docker-java-api\3.2.13\docker-java-api-3.2.13.jar;C:\Users\HP\.m2\repository\org\apache\commons\commons-compress\1.21\commons-compress-1.21.jar;C:\Users\HP\.m2\repository\org\bouncycastle\bcpkix-jdk15on\1.64\bcpkix-jdk15on-1.64.jar;C:\Users\HP\.m2\repository\org\bouncycastle\bcprov-jdk15on\1.64\bcprov-jdk15on-1.64.jar;C:\Users\HP\.m2\repository\org\slf4j\jcl-over-slf4j\1.7.30\jcl-over-slf4j-1.7.30.jar;C:\Users\HP\.m2\repository\com\github\docker-java\docker-java-transport-httpclient5\3.2.13\docker-java-transport-httpclient5-3.2.13.jar;C:\Users\HP\.m2\repository\com\github\docker-java\docker-java-transport\3.2.13\docker-java-transport-3.2.13.jar;C:\Users\HP\.m2\repository\net\java\dev\jna\jna\5.8.0\jna-5.8.0.jar;C:\Users\HP\.m2\repository\org\brotli\dec\0.1.2\dec-0.1.2.jar;C:\Users\HP\.m2\repository\org\apache\httpcomponents\client5\httpclient5\5.1.3\httpclient5-5.1.3.jar;C:\Users\HP\.m2\repository\org\apache\httpcomponents\core5\httpcore5\5.1.3\httpcore5-5.1.3.jar;C:\Users\HP\.m2\repository\org\apache\httpcomponents\core5\httpcore5-h2\5.1.3\httpcore5-h2-5.1.3.jar;C:\Users\HP\.m2\repository\com\jhlabs\filters\2.0.235\filters-2.0.235.jar;C:\Users\HP\.m2\repository\com\paulhammant\ngwebdriver\1.1.6\ngwebdriver-1.1.6.jar;C:\Users\HP\.m2\repository\joda-time\joda-time\2.8.2\joda-time-2.8.2.jar;C:\Users\HP\.m2\repository\org\hamcrest\hamcrest\2.2\hamcrest-2.2.jar;C:\Users\HP\.m2\repository\com\google\jimfs\jimfs\1.2\jimfs-1.2.jar;C:\Users\HP\.m2\repository\org\mockito\mockito-core\3.3.3\mockito-core-3.3.3.jar;C:\Users\HP\.m2\repository\javax\xml\bind\jaxb-api\2.3.1\jaxb-api-2.3.1.jar;C:\Users\HP\.m2\repository\javax\activation\javax.activation-api\1.2.0\javax.activation-api-1.2.0.jar;C:\Users\HP\.m2\repository\com\sun\xml\bind\jaxb-core\2.3.0.1\jaxb-core-2.3.0.1.jar;C:\Users\HP\.m2\repository\com\sun\xml\bind\jaxb-impl\2.3.3\jaxb-impl-2.3.3.jar;C:\Users\HP\.m2\repository\jakarta\xml\bind\jakarta.xml.bind-api\2.3.3\jakarta.xml.bind-api-2.3.3.jar;C:\Users\HP\.m2\repository\com\sun\activation\jakarta.activation\1.2.2\jakarta.activation-1.2.2.jar;C:\Users\HP\.m2\repository\javax\activation\activation\1.1.1\activation-1.1.1.jar;C:\Users\HP\.m2\repository\net\serenity-bdd\serenity-cucumber\3.5.1\serenity-cucumber-3.5.1.jar;C:\Users\HP\.m2\repository\io\cucumber\cucumber-core\7.8.1\cucumber-core-7.8.1.jar;C:\Users\HP\.m2\repository\io\cucumber\cucumber-gherkin\7.8.1\cucumber-gherkin-7.8.1.jar;C:\Users\HP\.m2\repository\io\cucumber\cucumber-gherkin-messages\7.8.1\cucumber-gherkin-messages-7.8.1.jar;C:\Users\HP\.m2\repository\io\cucumber\gherkin\24.0.0\gherkin-24.0.0.jar;C:\Users\HP\.m2\repository\io\cucumber\messages\19.1.4\messages-19.1.4.jar;C:\Users\HP\.m2\repository\io\cucumber\tag-expressions\4.1.0\tag-expressions-4.1.0.jar;C:\Users\HP\.m2\repository\io\cucumber\cucumber-expressions\16.0.0\cucumber-expressions-16.0.0.jar;C:\Users\HP\.m2\repository\io\cucumber\datatable\7.8.1\datatable-7.8.1.jar;C:\Users\HP\.m2\repository\io\cucumber\cucumber-plugin\7.8.1\cucumber-plugin-7.8.1.jar;C:\Users\HP\.m2\repository\io\cucumber\docstring\7.8.1\docstring-7.8.1.jar;C:\Users\HP\.m2\repository\io\cucumber\html-formatter\20.1.0\html-formatter-20.1.0.jar;C:\Users\HP\.m2\repository\io\cucumber\ci-environment\9.1.0\ci-environment-9.1.0.jar;C:\Users\HP\.m2\repository\io\cucumber\cucumber-java\7.8.1\cucumber-java-7.8.1.jar;C:\Users\HP\.m2\repository\io\cucumber\cucumber-junit\7.8.1\cucumber-junit-7.8.1.jar;C:\Users\HP\.m2\repository\org\apache\commons\commons-csv\1.5\commons-csv-1.5.jar;C:\Users\HP\.m2\repository\net\serenity-bdd\serenity-screenplay\3.5.1\serenity-screenplay-3.5.1.jar;C:\Users\HP\.m2\repository\net\serenity-bdd\serenity-screenplay-webdriver\3.5.1\serenity-screenplay-webdriver-3.5.1.jar;C:\Users\HP\.m2\repository\net\serenity-bdd\serenity-ensure\3.5.1\serenity-ensure-3.5.1.jar;C:\Users\HP\.m2\repository\net\serenity-bdd\serenity-junit\3.5.1\serenity-junit-3.5.1.jar;C:\Users\HP\.m2\repository\org\jetbrains\kotlin\kotlin-stdlib\1.7.21\kotlin-stdlib-1.7.21.jar;C:\Users\HP\.m2\repository\org\jetbrains\kotlin\kotlin-stdlib-common\1.7.21\kotlin-stdlib-common-1.7.21.jar;C:\Users\HP\.m2\repository\org\jetbrains\annotations\13.0\annotations-13.0.jar;C:\Users\HP\.m2\repository\org\junit\platform\junit-platform-launcher\1.8.2\junit-platform-launcher-1.8.2.jar;C:\Users\HP\.m2\repository\org\junit\platform\junit-platform-engine\1.8.2\junit-platform-engine-1.8.2.jar;C:\Users\HP\.m2\repository\org\opentest4j\opentest4j\1.2.0\opentest4j-1.2.0.jar;C:\Users\HP\.m2\repository\org\junit\platform\junit-platform-commons\1.8.2\junit-platform-commons-1.8.2.jar;C:\Users\HP\.m2\repository\org\apiguardian\apiguardian-api\1.1.2\apiguardian-api-1.1.2.jar;C:\Users\HP\.m2\repository\org\junit\jupiter\junit-jupiter-engine\5.8.2\junit-jupiter-engine-5.8.2.jar;C:\Users\HP\.m2\repository\org\junit\jupiter\junit-jupiter-api\5.8.2\junit-jupiter-api-5.8.2.jar;C:\Users\HP\.m2\repository\org\junit\vintage\junit-vintage-engine\5.8.2\junit-vintage-engine-5.8.2.jar;C:\Users\HP\.m2\repository\junit\junit\4.13.2\junit-4.13.2.jar;C:\Users\HP\.m2\repository\org\hamcrest\hamcrest-core\1.3\hamcrest-core-1.3.jar;C:\Users\HP\.m2\repository\ch\qos\logback\logback-classic\1.2.10\logback-classic-1.2.10.jar;C:\Users\HP\.m2\repository\ch\qos\logback\logback-core\1.2.10\logback-core-1.2.10.jar;C:\Users\HP\.m2\repository\org\slf4j\slf4j-api\1.7.32\slf4j-api-1.7.32.jar;C:\Users\HP\.m2\repository\org\assertj\assertj-core\3.23.1\assertj-core-3.23.1.jar;C:\Users\HP\.m2\repository\net\bytebuddy\byte-buddy\1.12.10\byte-buddy-1.12.10.jar;C:\Users\HP\.m2\repository\org\apache\maven\surefire\surefire-junit-platform\3.0.0-M5\surefire-junit-platform-3.0.0-M5.jar;C:\Users\HP\.m2\repository\org\apache\maven\surefire\common-java5\3.0.0-M5\common-java5-3.0.0-M5.jar"/>
    <property name="user.script" value=""/>
    <property name="java.protocol.handler.pkgs" value="com.google.common"/>
    <property name="sun.management.compiler" value="HotSpot 64-Bit Tiered Compilers"/>
    <property name="java.runtime.version" value="19.0.2+7-44"/>
    <property name="user.name" value="HP"/>
    <property name="stdout.encoding" value="Cp1252"/>
    <property name="path.separator" value=";"/>
    <property name="os.version" value="10.0"/>
    <property name="java.runtime.name" value="Java(TM) SE Runtime Environment"/>
    <property name="file.encoding" value="UTF-8"/>
    <property name="webdriver.base.url" value=""/>
    <property name="java.vm.name" value="Java HotSpot(TM) 64-Bit Server VM"/>
    <property name="localRepository" value="C:\Users\HP\.m2\repository"/>
    <property name="java.vendor.url.bug" value="https://bugreport.java.com/bugreport/"/>
    <property name="java.io.tmpdir" value="C:\Users\HP\AppData\Local\Temp\"/>
    <property name="java.version" value="19.0.2"/>
    <property name="user.dir" value="C:\Dev\CapstoneProjectBaru\SKUYPAY WEB AUTOMATION"/>
    <property name="os.arch" value="amd64"/>
    <property name="java.vm.specification.name" value="Java Virtual Machine Specification"/>
    <property name="sun.os.patch.level" value=""/>
    <property name="native.encoding" value="Cp1252"/>
    <property name="java.library.path" value="C:\Program Files\Java\jdk-19\bin;C:\WINDOWS\Sun\Java\bin;C:\WINDOWS\system32;C:\WINDOWS;C:\Program Files\Common Files\Oracle\Java\javapath;C:\Program Files\Java\jdk1.8.0_361\bin;c:\Program Files (x86)\Common Files\Intel\Shared Files\cpp\bin\Intel64;C:\WINDOWS\system32;C:\WINDOWS;C:\WINDOWS\System32\Wbem;C:\WINDOWS\System32\WindowsPowerShell\v1.0\;C:\WINDOWS\System32\OpenSSH\;C:\Users\apache-maven-3.9.1-bin\bin;%MAVEN_HOME%\bin;C:\Users\HP\AppData\Local\Android\Sdk;C:\Users\HP\AppData\Local\Android\Sdk\platform-tools;C:\Program Files\nodejs\;C:\Program Files\Git\cmd;C:\Users\HP\AppData\Local\Microsoft\WindowsApps;C:\Program Files\JetBrains\IntelliJ IDEA Community Edition 2022.3.2\bin;C:\Users\HP\AppData\Local\GitHubDesktop\bin;C:\Users\HP\AppData\Local\Programs\Microsoft VS Code\bin;C:\Users\HP\AppData\Roaming\npm;C:\Users\HP\AppData\Local\gitkraken\bin;."/>
    <property name="java.vm.info" value="mixed mode"/>
    <property name="stderr.encoding" value="Cp1252"/>
    <property name="java.vendor" value="Oracle Corporation"/>
    <property name="java.vm.version" value="19.0.2+7-44"/>
    <property name="sun.io.unicode.encoding" value="UnicodeLittle"/>
    <property name="java.class.version" value="63.0"/>
  </properties>
  <testcase name="Admin berhasil menambahkan produk pdam" classname="PDAM" time="35.245">
    <system-out><![CDATA[14:39:55.010 [main] DEBUG net.thucydides.core.guice.Injectors - Created injector for module net.thucydides.core.guice.ThucydidesModule
14:39:55.524 [main] INFO io.cucumber.core.plugin.SerenityReporter - Running feature from file:///C:/Dev/CapstoneProjectBaru/SKUYPAY%20WEB%20AUTOMATION/src/test/resources/features/PDAM.feature
14:39:55.830 [main] DEBUG net.thucydides.core.guice.Injectors - Created injector for module net.thucydides.core.guice.webdriver.WebDriverModule
14:39:55.887 [main] INFO  - 

-------------------------------------------------------------------------------------
     _______. _______ .______       _______ .__   __.  __  .___________.____    ____ 
    /       ||   ____||   _  \     |   ____||  \ |  | |  | |           |\   \  /   / 
   |   (----`|  |__   |  |_)  |    |  |__   |   \|  | |  | `---|  |----` \   \/   /  
    \   \    |   __|  |      /     |   __|  |  . `  | |  |     |  |       \_    _/   
.----)   |   |  |____ |  |\  \----.|  |____ |  |\   | |  |     |  |         |  |     
|_______/    |_______|| _| `._____||_______||__| \__| |__|     |__|         |__|    
                                                                                     
 News and tutorials at http://www.serenity-bdd.info                                  
 Documentation at https://wakaleo.gitbooks.io/the-serenity-book/content/             
 Join the Serenity Community on Gitter: https://gitter.im/serenity-bdd/serenity-core 
 Serenity BDD Support and Training at http://serenity-bdd.info/#/trainingandsupport  
-------------------------------------------------------------------------------------

14:39:55.892 [main] DEBUG net.thucydides.core.steps.StepEventBus - Test suite started for story net.thucydides.core.model.Story@9f00708
14:39:55.900 [main] INFO  - Test Suite Started: PDAM
14:39:55.936 [main] INFO io.cucumber.core.plugin.SerenityReporter - Running feature from file:///C:/Dev/CapstoneProjectBaru/SKUYPAY%20WEB%20AUTOMATION/src/test/resources/features/PDAM.feature
14:39:55.942 [main] DEBUG net.thucydides.core.steps.StepEventBus - Test suite started for story net.thucydides.core.model.Story@9f00708
14:39:55.943 [main] INFO  - Test Suite Started: PDAM

@PDAM-01
Scenario: Admin berhasil menambahkan produk pdam    &amp#27;[90m# src/test/resources/features/PDAM.feature:4&amp#27;[0m
14:39:56.114 [main] INFO io.cucumber.core.plugin.SerenityReporter - Running feature from file:///C:/Dev/CapstoneProjectBaru/SKUYPAY%20WEB%20AUTOMATION/src/test/resources/features/PDAM.feature
14:39:56.418 [main] INFO  - 
  _____   ___   ___   _____     ___   _____     _     ___   _____   ___   ___  
 |_   _| | __| / __| |_   _|   / __| |_   _|   /_\   | _ \ |_   _| | __| |   \ 
   | |   | _|  \__ \   | |     \__ \   | |    / _ \  |   /   | |   | _|  | |) |
   |_|   |___| |___/   |_|     |___/   |_|   /_/ \_\ |_|_\   |_|   |___| |___/ 

Admin berhasil menambahkan produk pdam(pdam;admin-berhasil-menambahkan-produk-pdam)
--------------------------------------------------------------------------------
14:39:57.932 [main] DEBUG net.thucydides.core.steps.StepInterceptor - STARTING STEP: PDAMSteps.adminMelakukanLoginAkunUntukFiturPDAM - diHomepageSkuyPay
14:39:57.997 [main] INFO net.serenitybdd.core.webdriver.driverproviders.DriverProvider - Using WebDriverManager configuration for chrome
14:39:58.724 [main] DEBUG io.github.bonigarcia.wdm.cache.ResolutionCache - Resolution chrome=114 in cache (valid until 15:00:04 18/06/2023 WIB)
14:39:58.726 [main] DEBUG io.github.bonigarcia.wdm.cache.ResolutionCache - Resolution chrome114=114.0.5735.90 in cache (valid until 11:08:29 19/06/2023 WIB)
14:39:58.727 [main] INFO io.github.bonigarcia.wdm.WebDriverManager - Using chromedriver 114.0.5735.90 (resolved driver for Chrome 114)
14:39:58.771 [main] DEBUG io.github.bonigarcia.wdm.WebDriverManager - Driver chromedriver 114.0.5735.90 found in cache
14:39:58.774 [main] INFO io.github.bonigarcia.wdm.WebDriverManager - Exporting webdriver.chrome.driver as C:\Users\HP\.cache\selenium\chromedriver\win32\114.0.5735.90\chromedriver.exe
14:39:58.983 [main] INFO net.serenitybdd.core.webdriver.driverproviders.ChromeDriverProvider - Starting Chrome driver instance with capabilities:
14:39:58.988 [main] INFO net.serenitybdd.core.webdriver.driverproviders.ChromeDriverProvider - Capabilities {acceptInsecureCerts: true, browserName: chrome, goog:chromeOptions: {args: [remote-allow-origins=*, test-type, no-sandbox, ignore-certificate-errors, start-maximized, incognito, disable-infobars, disable-gpu, disable-default-apps, disable-popup-blocking, remote-allow-origins=*, test-type, no-sandbox, ignore-certificate-errors, start-maximized, incognito, disable-infobars, disable-gpu, disable-default-apps, disable-popup-blocking], extensions: []}}
14:39:59.101 [main] DEBUG io.netty.util.internal.logging.InternalLoggerFactory - Using SLF4J as the default logging framework
14:39:59.108 [main] DEBUG io.netty.util.ResourceLeakDetector - -Dio.netty.leakDetection.level: simple
14:39:59.108 [main] DEBUG io.netty.util.ResourceLeakDetector - -Dio.netty.leakDetection.targetRecords: 4
14:39:59.115 [main] DEBUG io.netty.util.ResourceLeakDetectorFactory - Loaded default ResourceLeakDetector: io.netty.util.ResourceLeakDetector@59b492ec
14:39:59.149 [main] DEBUG io.netty.util.internal.PlatformDependent0 - -Dio.netty.noUnsafe: false
14:39:59.150 [main] DEBUG io.netty.util.internal.PlatformDependent0 - Java version: 19
14:39:59.151 [main] DEBUG io.netty.util.internal.PlatformDependent0 - sun.misc.Unsafe.theUnsafe: available
14:39:59.153 [main] DEBUG io.netty.util.internal.PlatformDependent0 - sun.misc.Unsafe.copyMemory: available
14:39:59.153 [main] DEBUG io.netty.util.internal.PlatformDependent0 - sun.misc.Unsafe.storeFence: available
14:39:59.155 [main] DEBUG io.netty.util.internal.PlatformDependent0 - java.nio.Buffer.address: available
14:39:59.155 [main] DEBUG io.netty.util.internal.PlatformDependent0 - direct buffer constructor: unavailable: Reflective setAccessible(true) disabled
14:39:59.156 [main] DEBUG io.netty.util.internal.PlatformDependent0 - java.nio.Bits.unaligned: available, true
14:39:59.158 [main] DEBUG io.netty.util.internal.PlatformDependent0 - jdk.internal.misc.Unsafe.allocateUninitializedArray(int): unavailable: class io.netty.util.internal.PlatformDependent0$7 cannot access class jdk.internal.misc.Unsafe (in module java.base) because module java.base does not export jdk.internal.misc to unnamed module @3e6ef8ad
14:39:59.162 [main] DEBUG io.netty.util.internal.PlatformDependent0 - java.nio.DirectByteBuffer.<init>(long, int): unavailable
14:39:59.162 [main] DEBUG io.netty.util.internal.PlatformDependent - sun.misc.Unsafe: available
14:39:59.164 [main] DEBUG io.netty.util.internal.PlatformDependent - maxDirectMemory: 1589641216 bytes (maybe)
14:39:59.165 [main] DEBUG io.netty.util.internal.PlatformDependent - -Dio.netty.tmpdir: C:\Users\HP\AppData\Local\Temp (java.io.tmpdir)
14:39:59.165 [main] DEBUG io.netty.util.internal.PlatformDependent - -Dio.netty.bitMode: 64 (sun.arch.data.model)
14:39:59.165 [main] DEBUG io.netty.util.internal.PlatformDependent - Platform: Windows
14:39:59.166 [main] DEBUG io.netty.util.internal.PlatformDependent - -Dio.netty.maxDirectMemory: -1 bytes
14:39:59.166 [main] DEBUG io.netty.util.internal.PlatformDependent - -Dio.netty.uninitializedArrayAllocationThreshold: -1
14:39:59.168 [main] DEBUG io.netty.util.internal.CleanerJava9 - java.nio.ByteBuffer.cleaner(): available
14:39:59.168 [main] DEBUG io.netty.util.internal.PlatformDependent - -Dio.netty.noPreferDirect: false
14:39:59.182 [main] DEBUG io.netty.util.internal.PlatformDependent - org.jctools-core.MpscChunkedArrayQueue: available
14:39:59.218 [main] DEBUG io.netty.util.internal.InternalThreadLocalMap - -Dio.netty.threadLocalMap.stringBuilder.initialSize: 1024
14:39:59.218 [main] DEBUG io.netty.util.internal.InternalThreadLocalMap - -Dio.netty.threadLocalMap.stringBuilder.maxSize: 4096
14:39:59.358 [main] DEBUG io.netty.handler.ssl.JdkSslContext - Default protocols (JDK): [TLSv1.3, TLSv1.2] 
14:39:59.358 [main] DEBUG io.netty.handler.ssl.JdkSslContext - Default cipher suites (JDK): [TLS_ECDHE_ECDSA_WITH_AES_256_GCM_SHA384, TLS_ECDHE_ECDSA_WITH_AES_128_GCM_SHA256, TLS_ECDHE_RSA_WITH_AES_128_GCM_SHA256, TLS_ECDHE_RSA_WITH_AES_256_GCM_SHA384, TLS_ECDHE_RSA_WITH_AES_128_CBC_SHA, TLS_ECDHE_RSA_WITH_AES_256_CBC_SHA, TLS_RSA_WITH_AES_128_GCM_SHA256, TLS_RSA_WITH_AES_128_CBC_SHA, TLS_RSA_WITH_AES_256_CBC_SHA, TLS_AES_128_GCM_SHA256, TLS_AES_256_GCM_SHA384]
14:39:59.418 [main] DEBUG io.netty.channel.MultithreadEventLoopGroup - -Dio.netty.eventLoopThreads: 16
14:39:59.436 [main] DEBUG io.netty.channel.nio.NioEventLoop - -Dio.netty.noKeySetOptimization: false
14:39:59.436 [main] DEBUG io.netty.channel.nio.NioEventLoop - -Dio.netty.selectorAutoRebuildThreshold: 512
14:39:59.567 [main] DEBUG io.netty.buffer.PooledByteBufAllocator - -Dio.netty.allocator.numHeapArenas: 16
14:39:59.567 [main] DEBUG io.netty.buffer.PooledByteBufAllocator - -Dio.netty.allocator.numDirectArenas: 16
14:39:59.567 [main] DEBUG io.netty.buffer.PooledByteBufAllocator - -Dio.netty.allocator.pageSize: 8192
14:39:59.567 [main] DEBUG io.netty.buffer.PooledByteBufAllocator - -Dio.netty.allocator.maxOrder: 9
14:39:59.567 [main] DEBUG io.netty.buffer.PooledByteBufAllocator - -Dio.netty.allocator.chunkSize: 4194304
14:39:59.567 [main] DEBUG io.netty.buffer.PooledByteBufAllocator - -Dio.netty.allocator.smallCacheSize: 256
14:39:59.568 [main] DEBUG io.netty.buffer.PooledByteBufAllocator - -Dio.netty.allocator.normalCacheSize: 64
14:39:59.568 [main] DEBUG io.netty.buffer.PooledByteBufAllocator - -Dio.netty.allocator.maxCachedBufferCapacity: 32768
14:39:59.568 [main] DEBUG io.netty.buffer.PooledByteBufAllocator - -Dio.netty.allocator.cacheTrimInterval: 8192
14:39:59.568 [main] DEBUG io.netty.buffer.PooledByteBufAllocator - -Dio.netty.allocator.cacheTrimIntervalMillis: 0
14:39:59.568 [main] DEBUG io.netty.buffer.PooledByteBufAllocator - -Dio.netty.allocator.useCacheForAllThreads: false
14:39:59.568 [main] DEBUG io.netty.buffer.PooledByteBufAllocator - -Dio.netty.allocator.maxCachedByteBuffersPerChunk: 1023
14:39:59.590 [main] DEBUG io.netty.buffer.ByteBufUtil - -Dio.netty.allocator.type: pooled
14:39:59.591 [main] DEBUG io.netty.buffer.ByteBufUtil - -Dio.netty.threadLocalDirectBufferSize: 0
14:39:59.591 [main] DEBUG io.netty.buffer.ByteBufUtil - -Dio.netty.maxThreadLocalCharBufferSize: 16384
14:40:00.093 [Forwarding newSession on session null to remote] DEBUG io.netty.channel.DefaultChannelId - -Dio.netty.processId: 11260 (auto-detected)
14:40:00.096 [Forwarding newSession on session null to remote] DEBUG io.netty.util.NetUtil - -Djava.net.preferIPv4Stack: false
14:40:00.096 [Forwarding newSession on session null to remote] DEBUG io.netty.util.NetUtil - -Djava.net.preferIPv6Addresses: false
14:40:00.120 [Forwarding newSession on session null to remote] DEBUG io.netty.util.NetUtilInitializations - Loopback interface: lo (Software Loopback Interface 1, 127.0.0.1)
14:40:00.121 [Forwarding newSession on session null to remote] DEBUG io.netty.util.NetUtil - Failed to get SOMAXCONN from sysctl and file \proc\sys\net\core\somaxconn. Default: 200
14:40:00.213 [Forwarding newSession on session null to remote] DEBUG io.netty.channel.DefaultChannelId - -Dio.netty.machineId: cc:6b:1e:ff:fe:34:9f:97 (auto-detected)
14:40:00.311 [AsyncHttpClient-1-2] DEBUG io.netty.buffer.AbstractByteBuf - -Dio.netty.buffer.checkAccessible: true
14:40:00.312 [AsyncHttpClient-1-2] DEBUG io.netty.buffer.AbstractByteBuf - -Dio.netty.buffer.checkBounds: true
14:40:00.312 [AsyncHttpClient-1-2] DEBUG io.netty.util.ResourceLeakDetectorFactory - Loaded default ResourceLeakDetector: io.netty.util.ResourceLeakDetector@405ac917
14:40:00.336 [AsyncHttpClient-1-2] DEBUG org.asynchttpclient.netty.channel.NettyConnectListener - Using new Channel '[id: 0x9c484127, L:/127.0.0.1:65117 - R:localhost/127.0.0.1:46386]' for 'POST' to '/session'
14:40:00.390 [AsyncHttpClient-1-2] DEBUG io.netty.util.Recycler - -Dio.netty.recycler.maxCapacityPerThread: 4096
14:40:00.390 [AsyncHttpClient-1-2] DEBUG io.netty.util.Recycler - -Dio.netty.recycler.ratio: 8
14:40:00.391 [AsyncHttpClient-1-2] DEBUG io.netty.util.Recycler - -Dio.netty.recycler.chunkSize: 32
14:40:00.391 [AsyncHttpClient-1-2] DEBUG io.netty.util.Recycler - -Dio.netty.recycler.blocking: false
14:40:03.206 [AsyncHttpClient-1-2] DEBUG io.netty.handler.codec.compression.Brotli - brotli4j not in the classpath; Brotli support will be unavailable.
14:40:03.206 [AsyncHttpClient-1-2] DEBUG org.asynchttpclient.netty.handler.HttpHandler - 

Request DefaultHttpRequest(decodeResult: success, version: HTTP/1.1)
POST /session HTTP/1.1
User-Agent: selenium/4.7.1 (java windows)
Content-Length: 1629
Content-Type: application/json; charset=utf-8
host: localhost:46386
accept: */*

Response DefaultHttpResponse(decodeResult: success, version: HTTP/1.1)
HTTP/1.1 200 OK
Content-Type: application/json; charset=utf-8
cache-control: no-cache
content-length: 857

14:40:03.228 [AsyncHttpClient-1-2] DEBUG org.asynchttpclient.netty.channel.ChannelManager - Adding key: http://localhost:46386 for channel [id: 0x9c484127, L:/127.0.0.1:65117 - R:localhost/127.0.0.1:46386]
14:40:03.466 [AsyncHttpClient-1-3] DEBUG org.asynchttpclient.netty.channel.NettyConnectListener - Using new Channel '[id: 0x05166862, L:/127.0.0.1:65139 - R:localhost/127.0.0.1:65130]' for 'GET' to '/json/version'
14:40:03.474 [AsyncHttpClient-1-3] DEBUG org.asynchttpclient.netty.handler.HttpHandler - 

Request DefaultFullHttpRequest(decodeResult: success, version: HTTP/1.1, content: EmptyByteBufBE)
GET /json/version HTTP/1.1
User-Agent: selenium/4.7.1 (java windows)
host: localhost:65130
accept: */*

Response DefaultHttpResponse(decodeResult: success, version: HTTP/1.1)
HTTP/1.1 200 OK
Content-Security-Policy: frame-ancestors 'none'
Content-Type: application/json; charset=UTF-8
content-length: 424

14:40:03.475 [AsyncHttpClient-1-3] DEBUG org.asynchttpclient.netty.channel.ChannelManager - Adding key: http://localhost:65130 for channel [id: 0x05166862, L:/127.0.0.1:65139 - R:localhost/127.0.0.1:65130]
14:40:03.497 [main] DEBUG io.netty.util.internal.ThreadLocalRandom - -Dio.netty.initialSeedUniquifier: 0x6b8e5c94b26e297a
14:40:03.512 [AsyncHttpClient-1-4] DEBUG org.asynchttpclient.netty.channel.NettyConnectListener - Using new Channel '[id: 0x9099a886, L:/127.0.0.1:65140 - R:localhost/127.0.0.1:65130]' for 'GET' to '/devtools/browser/8502e70a-1e6d-4e28-a216-41ea42a8e713'
14:40:03.520 [AsyncHttpClient-1-4] DEBUG org.asynchttpclient.netty.handler.WebSocketHandler - 

Request DefaultFullHttpRequest(decodeResult: success, version: HTTP/1.1, content: EmptyByteBufBE)
GET /devtools/browser/8502e70a-1e6d-4e28-a216-41ea42a8e713 HTTP/1.1
upgrade: websocket
connection: upgrade
sec-websocket-key: gQVt6l6culCR1iOEvaKtCw==
sec-websocket-version: 13
origin: http://localhost:65130
host: localhost:65130
accept: */*
user-agent: AHC/2.1

Response DefaultHttpResponse(decodeResult: success, version: HTTP/1.1)
HTTP/1.1 101 WebSocket Protocol Handshake
Upgrade: WebSocket
Connection: Upgrade
Sec-WebSocket-Accept: /BvAI3e22zDB+xDwA60swWkGjiA=

14:40:03.692 [AsyncHttpClient-1-1] DEBUG org.asynchttpclient.netty.channel.DefaultChannelPool - Entry count for : http://localhost:46386 : 1
14:40:03.692 [AsyncHttpClient-1-1] DEBUG org.asynchttpclient.netty.channel.DefaultChannelPool - Entry count for : http://localhost:65130 : 1
14:40:04.795 [AsyncHttpClient-1-1] DEBUG org.asynchttpclient.netty.channel.DefaultChannelPool - Entry count for : http://localhost:46386 : 1
14:40:04.798 [AsyncHttpClient-1-1] DEBUG org.asynchttpclient.netty.channel.DefaultChannelPool - Entry count for : http://localhost:65130 : 1
14:40:05.892 [AsyncHttpClient-1-1] DEBUG org.asynchttpclient.netty.channel.DefaultChannelPool - Entry count for : http://localhost:46386 : 1
14:40:05.892 [AsyncHttpClient-1-1] DEBUG org.asynchttpclient.netty.channel.DefaultChannelPool - Entry count for : http://localhost:65130 : 1
14:40:06.276 [main] DEBUG net.thucydides.core.reflection.ClassFinder - Could not load class .starter.CucumberTestSuite
14:40:06.277 [main] DEBUG net.thucydides.core.reflection.ClassFinder - Could not load class .starter.pages.PDAMPage
14:40:06.277 [main] DEBUG net.thucydides.core.reflection.ClassFinder - Could not load class .starter.pages.TransaksiPage
14:40:06.277 [main] DEBUG net.thucydides.core.reflection.ClassFinder - Could not load class .starter.stepdefinitions.PDAMSteps
14:40:06.278 [main] DEBUG net.thucydides.core.reflection.ClassFinder - Could not load class .starter.stepdefinitions.TransaksiSteps
14:40:06.281 [main] DEBUG net.thucydides.core.reflection.ClassFinder - Could not load class META-INF.versions.9.com.sun.istack.logging.StackHelper
14:40:06.282 [main] DEBUG net.thucydides.core.reflection.ClassFinder - Could not load class META-INF.versions.9.com.sun.xml.bind.v2.runtime.reflect.opt.AccessorInjector
14:40:06.283 [main] DEBUG net.thucydides.core.reflection.ClassFinder - Could not load class META-INF.versions.9.com.sun.xml.bind.v2.runtime.reflect.opt.Injector
14:40:06.285 [main] DEBUG net.thucydides.core.reflection.ClassFinder - Could not load class META-INF.versions.9.com.sun.xml.bind.v2.runtime.reflect.opt.OptimizedAccessorFactory
14:40:06.286 [main] DEBUG net.thucydides.core.reflection.ClassFinder - Could not load class META-INF.versions.9.com.sun.xml.bind.v2.runtime.reflect.opt.OptimizedTransducedAccessorFactory
14:40:06.288 [main] DEBUG net.thucydides.core.reflection.ClassFinder - Could not load class META-INF.versions.9.io.opentelemetry.sdk.internal.CurrentJavaVersionSpecific
14:40:06.289 [main] DEBUG net.thucydides.core.reflection.ClassFinder - Could not load class META-INF.versions.9.io.opentelemetry.sdk.internal.Java9VersionSpecific
14:40:06.291 [main] DEBUG net.thucydides.core.reflection.ClassFinder - Could not load class META-INF.versions.9.javax.xml.bind.ModuleUtil
14:40:06.293 [main] DEBUG net.thucydides.core.reflection.ClassFinder - Could not load class META-INF.versions.9.module-info
14:40:06.295 [main] DEBUG net.thucydides.core.reflection.ClassFinder - Could not load class META-INF.versions.9.org.junit.platform.commons.util.ModuleUtils
14:40:07.003 [AsyncHttpClient-1-1] DEBUG org.asynchttpclient.netty.channel.DefaultChannelPool - Entry count for : http://localhost:46386 : 1
14:40:07.003 [AsyncHttpClient-1-1] DEBUG org.asynchttpclient.netty.channel.DefaultChannelPool - Entry count for : http://localhost:65130 : 1
14:40:07.486 [main] DEBUG net.thucydides.core.reflection.ClassFinder - Could not load class com.google.gson.internal.
14:40:08.102 [AsyncHttpClient-1-1] DEBUG org.asynchttpclient.netty.channel.DefaultChannelPool - Entry count for : http://localhost:46386 : 1
14:40:08.102 [AsyncHttpClient-1-1] DEBUG org.asynchttpclient.netty.channel.DefaultChannelPool - Entry count for : http://localhost:65130 : 1
14:40:08.158 [main] DEBUG net.thucydides.core.reflection.ClassFinder - Could not load class com.sun.xml.bind.v2.runtime.output.FastInfosetStreamWriterOutput
14:40:09.197 [AsyncHttpClient-1-1] DEBUG org.asynchttpclient.netty.channel.DefaultChannelPool - Entry count for : http://localhost:46386 : 1
14:40:09.213 [AsyncHttpClient-1-1] DEBUG org.asynchttpclient.netty.channel.DefaultChannelPool - Entry count for : http://localhost:65130 : 1
14:40:09.743 [main] DEBUG net.thucydides.core.reflection.ClassFinder - Could not load class module-info
14:40:10.303 [AsyncHttpClient-1-1] DEBUG org.asynchttpclient.netty.channel.DefaultChannelPool - Entry count for : http://localhost:46386 : 1
14:40:10.303 [AsyncHttpClient-1-1] DEBUG org.asynchttpclient.netty.channel.DefaultChannelPool - Entry count for : http://localhost:65130 : 1
14:40:11.392 [AsyncHttpClient-1-1] DEBUG org.asynchttpclient.netty.channel.DefaultChannelPool - Entry count for : http://localhost:46386 : 1
14:40:11.392 [AsyncHttpClient-1-1] DEBUG org.asynchttpclient.netty.channel.DefaultChannelPool - Entry count for : http://localhost:65130 : 1
14:40:12.505 [AsyncHttpClient-1-1] DEBUG org.asynchttpclient.netty.channel.DefaultChannelPool - Entry count for : http://localhost:46386 : 1
14:40:12.505 [AsyncHttpClient-1-1] DEBUG org.asynchttpclient.netty.channel.DefaultChannelPool - Entry count for : http://localhost:65130 : 1
14:40:13.594 [AsyncHttpClient-1-1] DEBUG org.asynchttpclient.netty.channel.DefaultChannelPool - Entry count for : http://localhost:46386 : 1
14:40:13.594 [AsyncHttpClient-1-1] DEBUG org.asynchttpclient.netty.channel.DefaultChannelPool - Entry count for : http://localhost:65130 : 1
14:40:14.690 [AsyncHttpClient-1-1] DEBUG org.asynchttpclient.netty.channel.DefaultChannelPool - Entry count for : http://localhost:46386 : 1
14:40:14.690 [AsyncHttpClient-1-1] DEBUG org.asynchttpclient.netty.channel.DefaultChannelPool - Entry count for : http://localhost:65130 : 1
14:40:15.803 [AsyncHttpClient-1-1] DEBUG org.asynchttpclient.netty.channel.DefaultChannelPool - Entry count for : http://localhost:46386 : 1
14:40:15.803 [AsyncHttpClient-1-1] DEBUG org.asynchttpclient.netty.channel.DefaultChannelPool - Entry count for : http://localhost:65130 : 1
14:40:16.892 [AsyncHttpClient-1-1] DEBUG org.asynchttpclient.netty.channel.DefaultChannelPool - Entry count for : http://localhost:46386 : 1
14:40:16.892 [AsyncHttpClient-1-1] DEBUG org.asynchttpclient.netty.channel.DefaultChannelPool - Entry count for : http://localhost:65130 : 1
14:40:17.853 [Forwarding get on session dc9cfe2592958747c8fdf9593ebaf5de to remote] DEBUG org.asynchttpclient.netty.request.NettyRequestSender - Using pooled Channel '[id: 0x9c484127, L:/127.0.0.1:65117 - R:localhost/127.0.0.1:46386]' for 'POST' to 'http://localhost:46386/session/dc9cfe2592958747c8fdf9593ebaf5de/url'
14:40:17.853 [Forwarding get on session dc9cfe2592958747c8fdf9593ebaf5de to remote] DEBUG org.asynchttpclient.netty.request.NettyRequestSender - Using open Channel [id: 0x9c484127, L:/127.0.0.1:65117 - R:localhost/127.0.0.1:46386] for POST '/session/dc9cfe2592958747c8fdf9593ebaf5de/url'
14:40:17.997 [AsyncHttpClient-1-1] DEBUG org.asynchttpclient.netty.channel.DefaultChannelPool - Entry count for : http://localhost:65130 : 1
14:40:19.096 [AsyncHttpClient-1-1] DEBUG org.asynchttpclient.netty.channel.DefaultChannelPool - Entry count for : http://localhost:65130 : 1
14:40:19.344 [AsyncHttpClient-1-2] DEBUG org.asynchttpclient.netty.handler.HttpHandler - 

Request DefaultHttpRequest(decodeResult: success, version: HTTP/1.1)
POST /session/dc9cfe2592958747c8fdf9593ebaf5de/url HTTP/1.1
User-Agent: selenium/4.7.1 (java windows)
Content-Length: 69
Content-Type: application/json; charset=utf-8
host: localhost:46386
accept: */*

Response DefaultHttpResponse(decodeResult: success, version: HTTP/1.1)
HTTP/1.1 200 OK
Content-Type: application/json; charset=utf-8
cache-control: no-cache
content-length: 14

14:40:19.344 [AsyncHttpClient-1-2] DEBUG org.asynchttpclient.netty.channel.ChannelManager - Adding key: http://localhost:46386 for channel [id: 0x9c484127, L:/127.0.0.1:65117 - R:localhost/127.0.0.1:46386]
14:40:19.360 [Forwarding setTimeout on session dc9cfe2592958747c8fdf9593ebaf5de to remote] DEBUG org.asynchttpclient.netty.request.NettyRequestSender - Using pooled Channel '[id: 0x9c484127, L:/127.0.0.1:65117 - R:localhost/127.0.0.1:46386]' for 'POST' to 'http://localhost:46386/session/dc9cfe2592958747c8fdf9593ebaf5de/timeouts'
14:40:19.360 [Forwarding setTimeout on session dc9cfe2592958747c8fdf9593ebaf5de to remote] DEBUG org.asynchttpclient.netty.request.NettyRequestSender - Using open Channel [id: 0x9c484127, L:/127.0.0.1:65117 - R:localhost/127.0.0.1:46386] for POST '/session/dc9cfe2592958747c8fdf9593ebaf5de/timeouts'
14:40:19.368 [AsyncHttpClient-1-2] DEBUG org.asynchttpclient.netty.handler.HttpHandler - 

Request DefaultHttpRequest(decodeResult: success, version: HTTP/1.1)
POST /session/dc9cfe2592958747c8fdf9593ebaf5de/timeouts HTTP/1.1
User-Agent: selenium/4.7.1 (java windows)
Content-Length: 22
Content-Type: application/json; charset=utf-8
host: localhost:46386
accept: */*

Response DefaultHttpResponse(decodeResult: success, version: HTTP/1.1)
HTTP/1.1 200 OK
Content-Type: application/json; charset=utf-8
cache-control: no-cache
content-length: 14

14:40:19.368 [AsyncHttpClient-1-2] DEBUG org.asynchttpclient.netty.channel.ChannelManager - Adding key: http://localhost:46386 for channel [id: 0x9c484127, L:/127.0.0.1:65117 - R:localhost/127.0.0.1:46386]
14:40:19.384 [Forwarding getCurrentUrl on session dc9cfe2592958747c8fdf9593ebaf5de to remote] DEBUG org.asynchttpclient.netty.request.NettyRequestSender - Using pooled Channel '[id: 0x9c484127, L:/127.0.0.1:65117 - R:localhost/127.0.0.1:46386]' for 'GET' to 'http://localhost:46386/session/dc9cfe2592958747c8fdf9593ebaf5de/url'
14:40:19.384 [Forwarding getCurrentUrl on session dc9cfe2592958747c8fdf9593ebaf5de to remote] DEBUG org.asynchttpclient.netty.request.NettyRequestSender - Using open Channel [id: 0x9c484127, L:/127.0.0.1:65117 - R:localhost/127.0.0.1:46386] for GET '/session/dc9cfe2592958747c8fdf9593ebaf5de/url'
14:40:19.400 [AsyncHttpClient-1-2] DEBUG org.asynchttpclient.netty.handler.HttpHandler - 

Request DefaultFullHttpRequest(decodeResult: success, version: HTTP/1.1, content: EmptyByteBufBE)
GET /session/dc9cfe2592958747c8fdf9593ebaf5de/url HTTP/1.1
User-Agent: selenium/4.7.1 (java windows)
Cache-Control: no-cache
Content-Type: application/json; charset=utf-8
host: localhost:46386
accept: */*

Response DefaultHttpResponse(decodeResult: success, version: HTTP/1.1)
HTTP/1.1 200 OK
Content-Type: application/json; charset=utf-8
cache-control: no-cache
content-length: 51

14:40:19.400 [AsyncHttpClient-1-2] DEBUG org.asynchttpclient.netty.channel.ChannelManager - Adding key: http://localhost:46386 for channel [id: 0x9c484127, L:/127.0.0.1:65117 - R:localhost/127.0.0.1:46386]
14:40:19.416 [Forwarding getCurrentUrl on session dc9cfe2592958747c8fdf9593ebaf5de to remote] DEBUG org.asynchttpclient.netty.request.NettyRequestSender - Using pooled Channel '[id: 0x9c484127, L:/127.0.0.1:65117 - R:localhost/127.0.0.1:46386]' for 'GET' to 'http://localhost:46386/session/dc9cfe2592958747c8fdf9593ebaf5de/url'
14:40:19.416 [Forwarding getCurrentUrl on session dc9cfe2592958747c8fdf9593ebaf5de to remote] DEBUG org.asynchttpclient.netty.request.NettyRequestSender - Using open Channel [id: 0x9c484127, L:/127.0.0.1:65117 - R:localhost/127.0.0.1:46386] for GET '/session/dc9cfe2592958747c8fdf9593ebaf5de/url'
14:40:19.416 [AsyncHttpClient-1-2] DEBUG org.asynchttpclient.netty.handler.HttpHandler - 

Request DefaultFullHttpRequest(decodeResult: success, version: HTTP/1.1, content: EmptyByteBufBE)
GET /session/dc9cfe2592958747c8fdf9593ebaf5de/url HTTP/1.1
User-Agent: selenium/4.7.1 (java windows)
Cache-Control: no-cache
Content-Type: application/json; charset=utf-8
host: localhost:46386
accept: */*

Response DefaultHttpResponse(decodeResult: success, version: HTTP/1.1)
HTTP/1.1 200 OK
Content-Type: application/json; charset=utf-8
cache-control: no-cache
content-length: 51

14:40:19.424 [AsyncHttpClient-1-2] DEBUG org.asynchttpclient.netty.channel.ChannelManager - Adding key: http://localhost:46386 for channel [id: 0x9c484127, L:/127.0.0.1:65117 - R:localhost/127.0.0.1:46386]
14:40:19.448 [Forwarding findElement on session dc9cfe2592958747c8fdf9593ebaf5de to remote] DEBUG org.asynchttpclient.netty.request.NettyRequestSender - Using pooled Channel '[id: 0x9c484127, L:/127.0.0.1:65117 - R:localhost/127.0.0.1:46386]' for 'POST' to 'http://localhost:46386/session/dc9cfe2592958747c8fdf9593ebaf5de/element'
14:40:19.448 [Forwarding findElement on session dc9cfe2592958747c8fdf9593ebaf5de to remote] DEBUG org.asynchttpclient.netty.request.NettyRequestSender - Using open Channel [id: 0x9c484127, L:/127.0.0.1:65117 - R:localhost/127.0.0.1:46386] for POST '/session/dc9cfe2592958747c8fdf9593ebaf5de/element'
14:40:19.472 [AsyncHttpClient-1-2] DEBUG org.asynchttpclient.netty.handler.HttpHandler - 

Request DefaultHttpRequest(decodeResult: success, version: HTTP/1.1)
POST /session/dc9cfe2592958747c8fdf9593ebaf5de/element HTTP/1.1
User-Agent: selenium/4.7.1 (java windows)
Content-Length: 84
Content-Type: application/json; charset=utf-8
host: localhost:46386
accept: */*

Response DefaultHttpResponse(decodeResult: success, version: HTTP/1.1)
HTTP/1.1 200 OK
Content-Type: application/json; charset=utf-8
cache-control: no-cache
content-length: 94

14:40:19.472 [AsyncHttpClient-1-2] DEBUG org.asynchttpclient.netty.channel.ChannelManager - Adding key: http://localhost:46386 for channel [id: 0x9c484127, L:/127.0.0.1:65117 - R:localhost/127.0.0.1:46386]
14:40:19.496 [Forwarding isElementDisplayed on session dc9cfe2592958747c8fdf9593ebaf5de to remote] DEBUG org.asynchttpclient.netty.request.NettyRequestSender - Using pooled Channel '[id: 0x9c484127, L:/127.0.0.1:65117 - R:localhost/127.0.0.1:46386]' for 'POST' to 'http://localhost:46386/session/dc9cfe2592958747c8fdf9593ebaf5de/execute/sync'
14:40:19.496 [Forwarding isElementDisplayed on session dc9cfe2592958747c8fdf9593ebaf5de to remote] DEBUG org.asynchttpclient.netty.request.NettyRequestSender - Using open Channel [id: 0x9c484127, L:/127.0.0.1:65117 - R:localhost/127.0.0.1:46386] for POST '/session/dc9cfe2592958747c8fdf9593ebaf5de/execute/sync'
14:40:19.520 [AsyncHttpClient-1-2] DEBUG org.asynchttpclient.netty.handler.HttpHandler - 

Request DefaultHttpRequest(decodeResult: success, version: HTTP/1.1)
POST /session/dc9cfe2592958747c8fdf9593ebaf5de/execute/sync HTTP/1.1
User-Agent: selenium/4.7.1 (java windows)
Content-Length: 48786
Content-Type: application/json; charset=utf-8
host: localhost:46386
accept: */*

Response DefaultHttpResponse(decodeResult: success, version: HTTP/1.1)
HTTP/1.1 200 OK
Content-Type: application/json; charset=utf-8
cache-control: no-cache
content-length: 14

14:40:19.520 [AsyncHttpClient-1-2] DEBUG org.asynchttpclient.netty.channel.ChannelManager - Adding key: http://localhost:46386 for channel [id: 0x9c484127, L:/127.0.0.1:65117 - R:localhost/127.0.0.1:46386]
14:40:19.528 [Forwarding isElementDisplayed on session dc9cfe2592958747c8fdf9593ebaf5de to remote] DEBUG org.asynchttpclient.netty.request.NettyRequestSender - Using pooled Channel '[id: 0x9c484127, L:/127.0.0.1:65117 - R:localhost/127.0.0.1:46386]' for 'POST' to 'http://localhost:46386/session/dc9cfe2592958747c8fdf9593ebaf5de/execute/sync'
14:40:19.528 [Forwarding isElementDisplayed on session dc9cfe2592958747c8fdf9593ebaf5de to remote] DEBUG org.asynchttpclient.netty.request.NettyRequestSender - Using open Channel [id: 0x9c484127, L:/127.0.0.1:65117 - R:localhost/127.0.0.1:46386] for POST '/session/dc9cfe2592958747c8fdf9593ebaf5de/execute/sync'
14:40:19.568 [AsyncHttpClient-1-2] DEBUG org.asynchttpclient.netty.handler.HttpHandler - 

Request DefaultHttpRequest(decodeResult: success, version: HTTP/1.1)
POST /session/dc9cfe2592958747c8fdf9593ebaf5de/execute/sync HTTP/1.1
User-Agent: selenium/4.7.1 (java windows)
Content-Length: 48786
Content-Type: application/json; charset=utf-8
host: localhost:46386
accept: */*

Response DefaultHttpResponse(decodeResult: success, version: HTTP/1.1)
HTTP/1.1 200 OK
Content-Type: application/json; charset=utf-8
cache-control: no-cache
content-length: 14

14:40:19.568 [AsyncHttpClient-1-2] DEBUG org.asynchttpclient.netty.channel.ChannelManager - Adding key: http://localhost:46386 for channel [id: 0x9c484127, L:/127.0.0.1:65117 - R:localhost/127.0.0.1:46386]
14:40:19.616 [main] DEBUG net.serenitybdd.core.photography.Darkroom - Opening darkroom
14:40:19.616 [Darkroom Processing Line] DEBUG net.serenitybdd.core.photography.DarkroomProcessingLine - Darkroom processing line starting up
14:40:19.640 [Forwarding getCurrentWindowHandle on session dc9cfe2592958747c8fdf9593ebaf5de to remote] DEBUG org.asynchttpclient.netty.request.NettyRequestSender - Using pooled Channel '[id: 0x9c484127, L:/127.0.0.1:65117 - R:localhost/127.0.0.1:46386]' for 'GET' to 'http://localhost:46386/session/dc9cfe2592958747c8fdf9593ebaf5de/window'
14:40:19.640 [Forwarding getCurrentWindowHandle on session dc9cfe2592958747c8fdf9593ebaf5de to remote] DEBUG org.asynchttpclient.netty.request.NettyRequestSender - Using open Channel [id: 0x9c484127, L:/127.0.0.1:65117 - R:localhost/127.0.0.1:46386] for GET '/session/dc9cfe2592958747c8fdf9593ebaf5de/window'
14:40:19.648 [AsyncHttpClient-1-2] DEBUG org.asynchttpclient.netty.handler.HttpHandler - 

Request DefaultFullHttpRequest(decodeResult: success, version: HTTP/1.1, content: EmptyByteBufBE)
GET /session/dc9cfe2592958747c8fdf9593ebaf5de/window HTTP/1.1
User-Agent: selenium/4.7.1 (java windows)
Cache-Control: no-cache
Content-Type: application/json; charset=utf-8
host: localhost:46386
accept: */*

Response DefaultHttpResponse(decodeResult: success, version: HTTP/1.1)
HTTP/1.1 200 OK
Content-Type: application/json; charset=utf-8
cache-control: no-cache
content-length: 44

14:40:19.648 [AsyncHttpClient-1-2] DEBUG org.asynchttpclient.netty.channel.ChannelManager - Adding key: http://localhost:46386 for channel [id: 0x9c484127, L:/127.0.0.1:65117 - R:localhost/127.0.0.1:46386]
14:40:19.648 [Forwarding getAlertText on session dc9cfe2592958747c8fdf9593ebaf5de to remote] DEBUG org.asynchttpclient.netty.request.NettyRequestSender - Using pooled Channel '[id: 0x9c484127, L:/127.0.0.1:65117 - R:localhost/127.0.0.1:46386]' for 'GET' to 'http://localhost:46386/session/dc9cfe2592958747c8fdf9593ebaf5de/alert/text'
14:40:19.648 [Forwarding getAlertText on session dc9cfe2592958747c8fdf9593ebaf5de to remote] DEBUG org.asynchttpclient.netty.request.NettyRequestSender - Using open Channel [id: 0x9c484127, L:/127.0.0.1:65117 - R:localhost/127.0.0.1:46386] for GET '/session/dc9cfe2592958747c8fdf9593ebaf5de/alert/text'
14:40:19.656 [AsyncHttpClient-1-2] DEBUG org.asynchttpclient.netty.handler.HttpHandler - 

Request DefaultFullHttpRequest(decodeResult: success, version: HTTP/1.1, content: EmptyByteBufBE)
GET /session/dc9cfe2592958747c8fdf9593ebaf5de/alert/text HTTP/1.1
User-Agent: selenium/4.7.1 (java windows)
Cache-Control: no-cache
Content-Type: application/json; charset=utf-8
host: localhost:46386
accept: */*

Response DefaultHttpResponse(decodeResult: success, version: HTTP/1.1)
HTTP/1.1 404 Not Found
Content-Type: application/json; charset=utf-8
cache-control: no-cache
content-length: 821

14:40:19.656 [AsyncHttpClient-1-2] DEBUG org.asynchttpclient.netty.channel.ChannelManager - Adding key: http://localhost:46386 for channel [id: 0x9c484127, L:/127.0.0.1:65117 - R:localhost/127.0.0.1:46386]
14:40:19.672 [Forwarding switchToWindow on session dc9cfe2592958747c8fdf9593ebaf5de to remote] DEBUG org.asynchttpclient.netty.request.NettyRequestSender - Using pooled Channel '[id: 0x9c484127, L:/127.0.0.1:65117 - R:localhost/127.0.0.1:46386]' for 'POST' to 'http://localhost:46386/session/dc9cfe2592958747c8fdf9593ebaf5de/window'
14:40:19.672 [Forwarding switchToWindow on session dc9cfe2592958747c8fdf9593ebaf5de to remote] DEBUG org.asynchttpclient.netty.request.NettyRequestSender - Using open Channel [id: 0x9c484127, L:/127.0.0.1:65117 - R:localhost/127.0.0.1:46386] for POST '/session/dc9cfe2592958747c8fdf9593ebaf5de/window'
14:40:19.680 [AsyncHttpClient-1-2] DEBUG org.asynchttpclient.netty.handler.HttpHandler - 

Request DefaultHttpRequest(decodeResult: success, version: HTTP/1.1)
POST /session/dc9cfe2592958747c8fdf9593ebaf5de/window HTTP/1.1
User-Agent: selenium/4.7.1 (java windows)
Content-Length: 50
Content-Type: application/json; charset=utf-8
host: localhost:46386
accept: */*

Response DefaultHttpResponse(decodeResult: success, version: HTTP/1.1)
HTTP/1.1 200 OK
Content-Type: application/json; charset=utf-8
cache-control: no-cache
content-length: 14

14:40:19.680 [AsyncHttpClient-1-2] DEBUG org.asynchttpclient.netty.channel.ChannelManager - Adding key: http://localhost:46386 for channel [id: 0x9c484127, L:/127.0.0.1:65117 - R:localhost/127.0.0.1:46386]
14:40:19.680 [Forwarding getCurrentUrl on session dc9cfe2592958747c8fdf9593ebaf5de to remote] DEBUG org.asynchttpclient.netty.request.NettyRequestSender - Using pooled Channel '[id: 0x9c484127, L:/127.0.0.1:65117 - R:localhost/127.0.0.1:46386]' for 'GET' to 'http://localhost:46386/session/dc9cfe2592958747c8fdf9593ebaf5de/url'
14:40:19.680 [Forwarding getCurrentUrl on session dc9cfe2592958747c8fdf9593ebaf5de to remote] DEBUG org.asynchttpclient.netty.request.NettyRequestSender - Using open Channel [id: 0x9c484127, L:/127.0.0.1:65117 - R:localhost/127.0.0.1:46386] for GET '/session/dc9cfe2592958747c8fdf9593ebaf5de/url'
14:40:19.688 [AsyncHttpClient-1-2] DEBUG org.asynchttpclient.netty.handler.HttpHandler - 

Request DefaultFullHttpRequest(decodeResult: success, version: HTTP/1.1, content: EmptyByteBufBE)
GET /session/dc9cfe2592958747c8fdf9593ebaf5de/url HTTP/1.1
User-Agent: selenium/4.7.1 (java windows)
Cache-Control: no-cache
Content-Type: application/json; charset=utf-8
host: localhost:46386
accept: */*

Response DefaultHttpResponse(decodeResult: success, version: HTTP/1.1)
HTTP/1.1 200 OK
Content-Type: application/json; charset=utf-8
cache-control: no-cache
content-length: 51

14:40:19.688 [AsyncHttpClient-1-2] DEBUG org.asynchttpclient.netty.channel.ChannelManager - Adding key: http://localhost:46386 for channel [id: 0x9c484127, L:/127.0.0.1:65117 - R:localhost/127.0.0.1:46386]
14:40:19.696 [Forwarding screenshot on session dc9cfe2592958747c8fdf9593ebaf5de to remote] DEBUG org.asynchttpclient.netty.request.NettyRequestSender - Using pooled Channel '[id: 0x9c484127, L:/127.0.0.1:65117 - R:localhost/127.0.0.1:46386]' for 'GET' to 'http://localhost:46386/session/dc9cfe2592958747c8fdf9593ebaf5de/screenshot'
14:40:19.696 [Forwarding screenshot on session dc9cfe2592958747c8fdf9593ebaf5de to remote] DEBUG org.asynchttpclient.netty.request.NettyRequestSender - Using open Channel [id: 0x9c484127, L:/127.0.0.1:65117 - R:localhost/127.0.0.1:46386] for GET '/session/dc9cfe2592958747c8fdf9593ebaf5de/screenshot'
14:40:19.897 [AsyncHttpClient-1-2] DEBUG org.asynchttpclient.netty.handler.HttpHandler - 

Request DefaultFullHttpRequest(decodeResult: success, version: HTTP/1.1, content: EmptyByteBufBE)
GET /session/dc9cfe2592958747c8fdf9593ebaf5de/screenshot HTTP/1.1
User-Agent: selenium/4.7.1 (java windows)
Cache-Control: no-cache
Content-Type: application/json; charset=utf-8
host: localhost:46386
accept: */*

Response DefaultHttpResponse(decodeResult: success, version: HTTP/1.1)
HTTP/1.1 200 OK
Content-Type: application/json; charset=utf-8
cache-control: no-cache
content-length: 188180

14:40:19.897 [AsyncHttpClient-1-2] DEBUG org.asynchttpclient.netty.channel.ChannelManager - Adding key: http://localhost:46386 for channel [id: 0x9c484127, L:/127.0.0.1:65117 - R:localhost/127.0.0.1:46386]
14:40:20.025 [main] DEBUG net.serenitybdd.core.photography.Darkroom - Send negative for processing for target\site\serenity\1ef8e34a10a4bf0c2be8921939270eefc1a9dcd9edcf45ddbd17bd696c34f32a.png
14:40:20.025 [Darkroom Processing Line] DEBUG net.serenitybdd.core.photography.DarkroomProcessingLine - Processing screenshot image in /var/screenshots/screenshot-7245441637936356597
14:40:20.025 [Darkroom Processing Line] DEBUG net.serenitybdd.core.photography.DarkroomProcessingLine - Saving screenshot to target\site\serenity\1ef8e34a10a4bf0c2be8921939270eefc1a9dcd9edcf45ddbd17bd696c34f32a.png
14:40:20.025 [main] DEBUG net.thucydides.core.steps.StepInterceptor - STEP DONE: diHomepageSkuyPay
14:40:20.041 [main] DEBUG net.thucydides.core.steps.StepInterceptor - STARTING STEP: PDAMSteps.adminMelakukanLoginAkunUntukFiturPDAM - inputfieldemail
14:40:20.057 [Forwarding findElement on session dc9cfe2592958747c8fdf9593ebaf5de to remote] DEBUG org.asynchttpclient.netty.request.NettyRequestSender - Using pooled Channel '[id: 0x9c484127, L:/127.0.0.1:65117 - R:localhost/127.0.0.1:46386]' for 'POST' to 'http://localhost:46386/session/dc9cfe2592958747c8fdf9593ebaf5de/element'
14:40:20.057 [Forwarding findElement on session dc9cfe2592958747c8fdf9593ebaf5de to remote] DEBUG org.asynchttpclient.netty.request.NettyRequestSender - Using open Channel [id: 0x9c484127, L:/127.0.0.1:65117 - R:localhost/127.0.0.1:46386] for POST '/session/dc9cfe2592958747c8fdf9593ebaf5de/element'
14:40:20.073 [AsyncHttpClient-1-2] DEBUG org.asynchttpclient.netty.handler.HttpHandler - 

Request DefaultHttpRequest(decodeResult: success, version: HTTP/1.1)
POST /session/dc9cfe2592958747c8fdf9593ebaf5de/element HTTP/1.1
User-Agent: selenium/4.7.1 (java windows)
Content-Length: 84
Content-Type: application/json; charset=utf-8
host: localhost:46386
accept: */*

Response DefaultHttpResponse(decodeResult: success, version: HTTP/1.1)
HTTP/1.1 200 OK
Content-Type: application/json; charset=utf-8
cache-control: no-cache
content-length: 94

14:40:20.073 [AsyncHttpClient-1-2] DEBUG org.asynchttpclient.netty.channel.ChannelManager - Adding key: http://localhost:46386 for channel [id: 0x9c484127, L:/127.0.0.1:65117 - R:localhost/127.0.0.1:46386]
14:40:20.081 [Forwarding getElementTagName on session dc9cfe2592958747c8fdf9593ebaf5de to remote] DEBUG org.asynchttpclient.netty.request.NettyRequestSender - Using pooled Channel '[id: 0x9c484127, L:/127.0.0.1:65117 - R:localhost/127.0.0.1:46386]' for 'GET' to 'http://localhost:46386/session/dc9cfe2592958747c8fdf9593ebaf5de/element/41E400CA4ABBC1EFD238E0A961909228_element_7/name'
14:40:20.081 [Forwarding getElementTagName on session dc9cfe2592958747c8fdf9593ebaf5de to remote] DEBUG org.asynchttpclient.netty.request.NettyRequestSender - Using open Channel [id: 0x9c484127, L:/127.0.0.1:65117 - R:localhost/127.0.0.1:46386] for GET '/session/dc9cfe2592958747c8fdf9593ebaf5de/element/41E400CA4ABBC1EFD238E0A961909228_element_7/name'
14:40:20.089 [AsyncHttpClient-1-2] DEBUG org.asynchttpclient.netty.handler.HttpHandler - 

Request DefaultFullHttpRequest(decodeResult: success, version: HTTP/1.1, content: EmptyByteBufBE)
GET /session/dc9cfe2592958747c8fdf9593ebaf5de/element/41E400CA4ABBC1EFD238E0A961909228_element_7/name HTTP/1.1
User-Agent: selenium/4.7.1 (java windows)
Cache-Control: no-cache
Content-Type: application/json; charset=utf-8
host: localhost:46386
accept: */*

Response DefaultHttpResponse(decodeResult: success, version: HTTP/1.1)
HTTP/1.1 200 OK
Content-Type: application/json; charset=utf-8
cache-control: no-cache
content-length: 17

14:40:20.089 [AsyncHttpClient-1-2] DEBUG org.asynchttpclient.netty.channel.ChannelManager - Adding key: http://localhost:46386 for channel [id: 0x9c484127, L:/127.0.0.1:65117 - R:localhost/127.0.0.1:46386]
14:40:20.097 [Forwarding getElementTagName on session dc9cfe2592958747c8fdf9593ebaf5de to remote] DEBUG org.asynchttpclient.netty.request.NettyRequestSender - Using pooled Channel '[id: 0x9c484127, L:/127.0.0.1:65117 - R:localhost/127.0.0.1:46386]' for 'GET' to 'http://localhost:46386/session/dc9cfe2592958747c8fdf9593ebaf5de/element/41E400CA4ABBC1EFD238E0A961909228_element_7/name'
14:40:20.097 [Forwarding getElementTagName on session dc9cfe2592958747c8fdf9593ebaf5de to remote] DEBUG org.asynchttpclient.netty.request.NettyRequestSender - Using open Channel [id: 0x9c484127, L:/127.0.0.1:65117 - R:localhost/127.0.0.1:46386] for GET '/session/dc9cfe2592958747c8fdf9593ebaf5de/element/41E400CA4ABBC1EFD238E0A961909228_element_7/name'
14:40:20.105 [AsyncHttpClient-1-2] DEBUG org.asynchttpclient.netty.handler.HttpHandler - 

Request DefaultFullHttpRequest(decodeResult: success, version: HTTP/1.1, content: EmptyByteBufBE)
GET /session/dc9cfe2592958747c8fdf9593ebaf5de/element/41E400CA4ABBC1EFD238E0A961909228_element_7/name HTTP/1.1
User-Agent: selenium/4.7.1 (java windows)
Cache-Control: no-cache
Content-Type: application/json; charset=utf-8
host: localhost:46386
accept: */*

Response DefaultHttpResponse(decodeResult: success, version: HTTP/1.1)
HTTP/1.1 200 OK
Content-Type: application/json; charset=utf-8
cache-control: no-cache
content-length: 17

14:40:20.105 [AsyncHttpClient-1-2] DEBUG org.asynchttpclient.netty.channel.ChannelManager - Adding key: http://localhost:46386 for channel [id: 0x9c484127, L:/127.0.0.1:65117 - R:localhost/127.0.0.1:46386]
14:40:20.105 [Forwarding isElementEnabled on session dc9cfe2592958747c8fdf9593ebaf5de to remote] DEBUG org.asynchttpclient.netty.request.NettyRequestSender - Using pooled Channel '[id: 0x9c484127, L:/127.0.0.1:65117 - R:localhost/127.0.0.1:46386]' for 'GET' to 'http://localhost:46386/session/dc9cfe2592958747c8fdf9593ebaf5de/element/41E400CA4ABBC1EFD238E0A961909228_element_7/enabled'
14:40:20.105 [Forwarding isElementEnabled on session dc9cfe2592958747c8fdf9593ebaf5de to remote] DEBUG org.asynchttpclient.netty.request.NettyRequestSender - Using open Channel [id: 0x9c484127, L:/127.0.0.1:65117 - R:localhost/127.0.0.1:46386] for GET '/session/dc9cfe2592958747c8fdf9593ebaf5de/element/41E400CA4ABBC1EFD238E0A961909228_element_7/enabled'
14:40:20.129 [AsyncHttpClient-1-2] DEBUG org.asynchttpclient.netty.handler.HttpHandler - 

Request DefaultFullHttpRequest(decodeResult: success, version: HTTP/1.1, content: EmptyByteBufBE)
GET /session/dc9cfe2592958747c8fdf9593ebaf5de/element/41E400CA4ABBC1EFD238E0A961909228_element_7/enabled HTTP/1.1
User-Agent: selenium/4.7.1 (java windows)
Cache-Control: no-cache
Content-Type: application/json; charset=utf-8
host: localhost:46386
accept: */*

Response DefaultHttpResponse(decodeResult: success, version: HTTP/1.1)
HTTP/1.1 200 OK
Content-Type: application/json; charset=utf-8
cache-control: no-cache
content-length: 14

14:40:20.129 [AsyncHttpClient-1-2] DEBUG org.asynchttpclient.netty.channel.ChannelManager - Adding key: http://localhost:46386 for channel [id: 0x9c484127, L:/127.0.0.1:65117 - R:localhost/127.0.0.1:46386]
14:40:20.129 [Forwarding isElementEnabled on session dc9cfe2592958747c8fdf9593ebaf5de to remote] DEBUG org.asynchttpclient.netty.request.NettyRequestSender - Using pooled Channel '[id: 0x9c484127, L:/127.0.0.1:65117 - R:localhost/127.0.0.1:46386]' for 'GET' to 'http://localhost:46386/session/dc9cfe2592958747c8fdf9593ebaf5de/element/41E400CA4ABBC1EFD238E0A961909228_element_7/enabled'
14:40:20.129 [Forwarding isElementEnabled on session dc9cfe2592958747c8fdf9593ebaf5de to remote] DEBUG org.asynchttpclient.netty.request.NettyRequestSender - Using open Channel [id: 0x9c484127, L:/127.0.0.1:65117 - R:localhost/127.0.0.1:46386] for GET '/session/dc9cfe2592958747c8fdf9593ebaf5de/element/41E400CA4ABBC1EFD238E0A961909228_element_7/enabled'
14:40:20.145 [AsyncHttpClient-1-2] DEBUG org.asynchttpclient.netty.handler.HttpHandler - 

Request DefaultFullHttpRequest(decodeResult: success, version: HTTP/1.1, content: EmptyByteBufBE)
GET /session/dc9cfe2592958747c8fdf9593ebaf5de/element/41E400CA4ABBC1EFD238E0A961909228_element_7/enabled HTTP/1.1
User-Agent: selenium/4.7.1 (java windows)
Cache-Control: no-cache
Content-Type: application/json; charset=utf-8
host: localhost:46386
accept: */*

Response DefaultHttpResponse(decodeResult: success, version: HTTP/1.1)
HTTP/1.1 200 OK
Content-Type: application/json; charset=utf-8
cache-control: no-cache
content-length: 14

14:40:20.145 [AsyncHttpClient-1-2] DEBUG org.asynchttpclient.netty.channel.ChannelManager - Adding key: http://localhost:46386 for channel [id: 0x9c484127, L:/127.0.0.1:65117 - R:localhost/127.0.0.1:46386]
14:40:20.145 [Forwarding findElement on session dc9cfe2592958747c8fdf9593ebaf5de to remote] DEBUG org.asynchttpclient.netty.request.NettyRequestSender - Using pooled Channel '[id: 0x9c484127, L:/127.0.0.1:65117 - R:localhost/127.0.0.1:46386]' for 'POST' to 'http://localhost:46386/session/dc9cfe2592958747c8fdf9593ebaf5de/element'
14:40:20.145 [Forwarding findElement on session dc9cfe2592958747c8fdf9593ebaf5de to remote] DEBUG org.asynchttpclient.netty.request.NettyRequestSender - Using open Channel [id: 0x9c484127, L:/127.0.0.1:65117 - R:localhost/127.0.0.1:46386] for POST '/session/dc9cfe2592958747c8fdf9593ebaf5de/element'
14:40:20.169 [AsyncHttpClient-1-2] DEBUG org.asynchttpclient.netty.handler.HttpHandler - 

Request DefaultHttpRequest(decodeResult: success, version: HTTP/1.1)
POST /session/dc9cfe2592958747c8fdf9593ebaf5de/element HTTP/1.1
User-Agent: selenium/4.7.1 (java windows)
Content-Length: 84
Content-Type: application/json; charset=utf-8
host: localhost:46386
accept: */*

Response DefaultHttpResponse(decodeResult: success, version: HTTP/1.1)
HTTP/1.1 200 OK
Content-Type: application/json; charset=utf-8
cache-control: no-cache
content-length: 94

14:40:20.169 [AsyncHttpClient-1-2] DEBUG org.asynchttpclient.netty.channel.ChannelManager - Adding key: http://localhost:46386 for channel [id: 0x9c484127, L:/127.0.0.1:65117 - R:localhost/127.0.0.1:46386]
14:40:20.173 [Forwarding clickElement on session dc9cfe2592958747c8fdf9593ebaf5de to remote] DEBUG org.asynchttpclient.netty.request.NettyRequestSender - Using pooled Channel '[id: 0x9c484127, L:/127.0.0.1:65117 - R:localhost/127.0.0.1:46386]' for 'POST' to 'http://localhost:46386/session/dc9cfe2592958747c8fdf9593ebaf5de/element/41E400CA4ABBC1EFD238E0A961909228_element_7/click'
14:40:20.173 [Forwarding clickElement on session dc9cfe2592958747c8fdf9593ebaf5de to remote] DEBUG org.asynchttpclient.netty.request.NettyRequestSender - Using open Channel [id: 0x9c484127, L:/127.0.0.1:65117 - R:localhost/127.0.0.1:46386] for POST '/session/dc9cfe2592958747c8fdf9593ebaf5de/element/41E400CA4ABBC1EFD238E0A961909228_element_7/click'
14:40:20.193 [AsyncHttpClient-1-1] DEBUG org.asynchttpclient.netty.channel.DefaultChannelPool - Entry count for : http://localhost:65130 : 1
14:40:20.353 [AsyncHttpClient-1-2] DEBUG org.asynchttpclient.netty.handler.HttpHandler - 

Request DefaultHttpRequest(decodeResult: success, version: HTTP/1.1)
POST /session/dc9cfe2592958747c8fdf9593ebaf5de/element/41E400CA4ABBC1EFD238E0A961909228_element_7/click HTTP/1.1
User-Agent: selenium/4.7.1 (java windows)
Content-Length: 56
Content-Type: application/json; charset=utf-8
host: localhost:46386
accept: */*

Response DefaultHttpResponse(decodeResult: success, version: HTTP/1.1)
HTTP/1.1 200 OK
Content-Type: application/json; charset=utf-8
cache-control: no-cache
content-length: 14

14:40:20.353 [AsyncHttpClient-1-2] DEBUG org.asynchttpclient.netty.channel.ChannelManager - Adding key: http://localhost:46386 for channel [id: 0x9c484127, L:/127.0.0.1:65117 - R:localhost/127.0.0.1:46386]
14:40:20.373 [Forwarding findElement on session dc9cfe2592958747c8fdf9593ebaf5de to remote] DEBUG org.asynchttpclient.netty.request.NettyRequestSender - Using pooled Channel '[id: 0x9c484127, L:/127.0.0.1:65117 - R:localhost/127.0.0.1:46386]' for 'POST' to 'http://localhost:46386/session/dc9cfe2592958747c8fdf9593ebaf5de/element'
14:40:20.373 [Forwarding findElement on session dc9cfe2592958747c8fdf9593ebaf5de to remote] DEBUG org.asynchttpclient.netty.request.NettyRequestSender - Using open Channel [id: 0x9c484127, L:/127.0.0.1:65117 - R:localhost/127.0.0.1:46386] for POST '/session/dc9cfe2592958747c8fdf9593ebaf5de/element'
14:40:20.393 [AsyncHttpClient-1-2] DEBUG org.asynchttpclient.netty.handler.HttpHandler - 

Request DefaultHttpRequest(decodeResult: success, version: HTTP/1.1)
POST /session/dc9cfe2592958747c8fdf9593ebaf5de/element HTTP/1.1
User-Agent: selenium/4.7.1 (java windows)
Content-Length: 84
Content-Type: application/json; charset=utf-8
host: localhost:46386
accept: */*

Response DefaultHttpResponse(decodeResult: success, version: HTTP/1.1)
HTTP/1.1 200 OK
Content-Type: application/json; charset=utf-8
cache-control: no-cache
content-length: 94

14:40:20.393 [AsyncHttpClient-1-2] DEBUG org.asynchttpclient.netty.channel.ChannelManager - Adding key: http://localhost:46386 for channel [id: 0x9c484127, L:/127.0.0.1:65117 - R:localhost/127.0.0.1:46386]
14:40:20.393 [Forwarding clearElement on session dc9cfe2592958747c8fdf9593ebaf5de to remote] DEBUG org.asynchttpclient.netty.request.NettyRequestSender - Using pooled Channel '[id: 0x9c484127, L:/127.0.0.1:65117 - R:localhost/127.0.0.1:46386]' for 'POST' to 'http://localhost:46386/session/dc9cfe2592958747c8fdf9593ebaf5de/element/41E400CA4ABBC1EFD238E0A961909228_element_7/clear'
14:40:20.393 [Forwarding clearElement on session dc9cfe2592958747c8fdf9593ebaf5de to remote] DEBUG org.asynchttpclient.netty.request.NettyRequestSender - Using open Channel [id: 0x9c484127, L:/127.0.0.1:65117 - R:localhost/127.0.0.1:46386] for POST '/session/dc9cfe2592958747c8fdf9593ebaf5de/element/41E400CA4ABBC1EFD238E0A961909228_element_7/clear'
14:40:20.465 [AsyncHttpClient-1-2] DEBUG org.asynchttpclient.netty.handler.HttpHandler - 

Request DefaultHttpRequest(decodeResult: success, version: HTTP/1.1)
POST /session/dc9cfe2592958747c8fdf9593ebaf5de/element/41E400CA4ABBC1EFD238E0A961909228_element_7/clear HTTP/1.1
User-Agent: selenium/4.7.1 (java windows)
Content-Length: 56
Content-Type: application/json; charset=utf-8
host: localhost:46386
accept: */*

Response DefaultHttpResponse(decodeResult: success, version: HTTP/1.1)
HTTP/1.1 200 OK
Content-Type: application/json; charset=utf-8
cache-control: no-cache
content-length: 14

14:40:20.465 [AsyncHttpClient-1-2] DEBUG org.asynchttpclient.netty.channel.ChannelManager - Adding key: http://localhost:46386 for channel [id: 0x9c484127, L:/127.0.0.1:65117 - R:localhost/127.0.0.1:46386]
14:40:20.473 [Forwarding sendKeysToElement on session dc9cfe2592958747c8fdf9593ebaf5de to remote] DEBUG org.asynchttpclient.netty.request.NettyRequestSender - Using pooled Channel '[id: 0x9c484127, L:/127.0.0.1:65117 - R:localhost/127.0.0.1:46386]' for 'POST' to 'http://localhost:46386/session/dc9cfe2592958747c8fdf9593ebaf5de/element/41E400CA4ABBC1EFD238E0A961909228_element_7/value'
14:40:20.481 [Forwarding sendKeysToElement on session dc9cfe2592958747c8fdf9593ebaf5de to remote] DEBUG org.asynchttpclient.netty.request.NettyRequestSender - Using open Channel [id: 0x9c484127, L:/127.0.0.1:65117 - R:localhost/127.0.0.1:46386] for POST '/session/dc9cfe2592958747c8fdf9593ebaf5de/element/41E400CA4ABBC1EFD238E0A961909228_element_7/value'
14:40:20.657 [AsyncHttpClient-1-2] DEBUG org.asynchttpclient.netty.handler.HttpHandler - 

Request DefaultHttpRequest(decodeResult: success, version: HTTP/1.1)
POST /session/dc9cfe2592958747c8fdf9593ebaf5de/element/41E400CA4ABBC1EFD238E0A961909228_element_7/value HTTP/1.1
User-Agent: selenium/4.7.1 (java windows)
Content-Length: 377
Content-Type: application/json; charset=utf-8
host: localhost:46386
accept: */*

Response DefaultHttpResponse(decodeResult: success, version: HTTP/1.1)
HTTP/1.1 200 OK
Content-Type: application/json; charset=utf-8
cache-control: no-cache
content-length: 14

14:40:20.657 [AsyncHttpClient-1-2] DEBUG org.asynchttpclient.netty.channel.ChannelManager - Adding key: http://localhost:46386 for channel [id: 0x9c484127, L:/127.0.0.1:65117 - R:localhost/127.0.0.1:46386]
14:40:20.673 [Forwarding getCurrentWindowHandle on session dc9cfe2592958747c8fdf9593ebaf5de to remote] DEBUG org.asynchttpclient.netty.request.NettyRequestSender - Using pooled Channel '[id: 0x9c484127, L:/127.0.0.1:65117 - R:localhost/127.0.0.1:46386]' for 'GET' to 'http://localhost:46386/session/dc9cfe2592958747c8fdf9593ebaf5de/window'
14:40:20.673 [Forwarding getCurrentWindowHandle on session dc9cfe2592958747c8fdf9593ebaf5de to remote] DEBUG org.asynchttpclient.netty.request.NettyRequestSender - Using open Channel [id: 0x9c484127, L:/127.0.0.1:65117 - R:localhost/127.0.0.1:46386] for GET '/session/dc9cfe2592958747c8fdf9593ebaf5de/window'
14:40:20.673 [AsyncHttpClient-1-2] DEBUG org.asynchttpclient.netty.handler.HttpHandler - 

Request DefaultFullHttpRequest(decodeResult: success, version: HTTP/1.1, content: EmptyByteBufBE)
GET /session/dc9cfe2592958747c8fdf9593ebaf5de/window HTTP/1.1
User-Agent: selenium/4.7.1 (java windows)
Cache-Control: no-cache
Content-Type: application/json; charset=utf-8
host: localhost:46386
accept: */*

Response DefaultHttpResponse(decodeResult: success, version: HTTP/1.1)
HTTP/1.1 200 OK
Content-Type: application/json; charset=utf-8
cache-control: no-cache
content-length: 44

14:40:20.673 [AsyncHttpClient-1-2] DEBUG org.asynchttpclient.netty.channel.ChannelManager - Adding key: http://localhost:46386 for channel [id: 0x9c484127, L:/127.0.0.1:65117 - R:localhost/127.0.0.1:46386]
14:40:20.689 [Forwarding getAlertText on session dc9cfe2592958747c8fdf9593ebaf5de to remote] DEBUG org.asynchttpclient.netty.request.NettyRequestSender - Using pooled Channel '[id: 0x9c484127, L:/127.0.0.1:65117 - R:localhost/127.0.0.1:46386]' for 'GET' to 'http://localhost:46386/session/dc9cfe2592958747c8fdf9593ebaf5de/alert/text'
14:40:20.689 [Forwarding getAlertText on session dc9cfe2592958747c8fdf9593ebaf5de to remote] DEBUG org.asynchttpclient.netty.request.NettyRequestSender - Using open Channel [id: 0x9c484127, L:/127.0.0.1:65117 - R:localhost/127.0.0.1:46386] for GET '/session/dc9cfe2592958747c8fdf9593ebaf5de/alert/text'
14:40:20.689 [AsyncHttpClient-1-2] DEBUG org.asynchttpclient.netty.handler.HttpHandler - 

Request DefaultFullHttpRequest(decodeResult: success, version: HTTP/1.1, content: EmptyByteBufBE)
GET /session/dc9cfe2592958747c8fdf9593ebaf5de/alert/text HTTP/1.1
User-Agent: selenium/4.7.1 (java windows)
Cache-Control: no-cache
Content-Type: application/json; charset=utf-8
host: localhost:46386
accept: */*

Response DefaultHttpResponse(decodeResult: success, version: HTTP/1.1)
HTTP/1.1 404 Not Found
Content-Type: application/json; charset=utf-8
cache-control: no-cache
content-length: 821

14:40:20.689 [AsyncHttpClient-1-2] DEBUG org.asynchttpclient.netty.channel.ChannelManager - Adding key: http://localhost:46386 for channel [id: 0x9c484127, L:/127.0.0.1:65117 - R:localhost/127.0.0.1:46386]
14:40:20.697 [Forwarding switchToWindow on session dc9cfe2592958747c8fdf9593ebaf5de to remote] DEBUG org.asynchttpclient.netty.request.NettyRequestSender - Using pooled Channel '[id: 0x9c484127, L:/127.0.0.1:65117 - R:localhost/127.0.0.1:46386]' for 'POST' to 'http://localhost:46386/session/dc9cfe2592958747c8fdf9593ebaf5de/window'
14:40:20.697 [Forwarding switchToWindow on session dc9cfe2592958747c8fdf9593ebaf5de to remote] DEBUG org.asynchttpclient.netty.request.NettyRequestSender - Using open Channel [id: 0x9c484127, L:/127.0.0.1:65117 - R:localhost/127.0.0.1:46386] for POST '/session/dc9cfe2592958747c8fdf9593ebaf5de/window'
14:40:20.697 [AsyncHttpClient-1-2] DEBUG org.asynchttpclient.netty.handler.HttpHandler - 

Request DefaultHttpRequest(decodeResult: success, version: HTTP/1.1)
POST /session/dc9cfe2592958747c8fdf9593ebaf5de/window HTTP/1.1
User-Agent: selenium/4.7.1 (java windows)
Content-Length: 50
Content-Type: application/json; charset=utf-8
host: localhost:46386
accept: */*

Response DefaultHttpResponse(decodeResult: success, version: HTTP/1.1)
HTTP/1.1 200 OK
Content-Type: application/json; charset=utf-8
cache-control: no-cache
content-length: 14

14:40:20.697 [AsyncHttpClient-1-2] DEBUG org.asynchttpclient.netty.channel.ChannelManager - Adding key: http://localhost:46386 for channel [id: 0x9c484127, L:/127.0.0.1:65117 - R:localhost/127.0.0.1:46386]
14:40:20.697 [Forwarding getCurrentUrl on session dc9cfe2592958747c8fdf9593ebaf5de to remote] DEBUG org.asynchttpclient.netty.request.NettyRequestSender - Using pooled Channel '[id: 0x9c484127, L:/127.0.0.1:65117 - R:localhost/127.0.0.1:46386]' for 'GET' to 'http://localhost:46386/session/dc9cfe2592958747c8fdf9593ebaf5de/url'
14:40:20.697 [Forwarding getCurrentUrl on session dc9cfe2592958747c8fdf9593ebaf5de to remote] DEBUG org.asynchttpclient.netty.request.NettyRequestSender - Using open Channel [id: 0x9c484127, L:/127.0.0.1:65117 - R:localhost/127.0.0.1:46386] for GET '/session/dc9cfe2592958747c8fdf9593ebaf5de/url'
14:40:20.705 [AsyncHttpClient-1-2] DEBUG org.asynchttpclient.netty.handler.HttpHandler - 

Request DefaultFullHttpRequest(decodeResult: success, version: HTTP/1.1, content: EmptyByteBufBE)
GET /session/dc9cfe2592958747c8fdf9593ebaf5de/url HTTP/1.1
User-Agent: selenium/4.7.1 (java windows)
Cache-Control: no-cache
Content-Type: application/json; charset=utf-8
host: localhost:46386
accept: */*

Response DefaultHttpResponse(decodeResult: success, version: HTTP/1.1)
HTTP/1.1 200 OK
Content-Type: application/json; charset=utf-8
cache-control: no-cache
content-length: 51

14:40:20.705 [AsyncHttpClient-1-2] DEBUG org.asynchttpclient.netty.channel.ChannelManager - Adding key: http://localhost:46386 for channel [id: 0x9c484127, L:/127.0.0.1:65117 - R:localhost/127.0.0.1:46386]
14:40:20.705 [Forwarding screenshot on session dc9cfe2592958747c8fdf9593ebaf5de to remote] DEBUG org.asynchttpclient.netty.request.NettyRequestSender - Using pooled Channel '[id: 0x9c484127, L:/127.0.0.1:65117 - R:localhost/127.0.0.1:46386]' for 'GET' to 'http://localhost:46386/session/dc9cfe2592958747c8fdf9593ebaf5de/screenshot'
14:40:20.705 [Forwarding screenshot on session dc9cfe2592958747c8fdf9593ebaf5de to remote] DEBUG org.asynchttpclient.netty.request.NettyRequestSender - Using open Channel [id: 0x9c484127, L:/127.0.0.1:65117 - R:localhost/127.0.0.1:46386] for GET '/session/dc9cfe2592958747c8fdf9593ebaf5de/screenshot'
14:40:20.921 [AsyncHttpClient-1-2] DEBUG org.asynchttpclient.netty.handler.HttpHandler - 

Request DefaultFullHttpRequest(decodeResult: success, version: HTTP/1.1, content: EmptyByteBufBE)
GET /session/dc9cfe2592958747c8fdf9593ebaf5de/screenshot HTTP/1.1
User-Agent: selenium/4.7.1 (java windows)
Cache-Control: no-cache
Content-Type: application/json; charset=utf-8
host: localhost:46386
accept: */*

Response DefaultHttpResponse(decodeResult: success, version: HTTP/1.1)
HTTP/1.1 200 OK
Content-Type: application/json; charset=utf-8
cache-control: no-cache
content-length: 191920

14:40:20.921 [AsyncHttpClient-1-2] DEBUG org.asynchttpclient.netty.channel.ChannelManager - Adding key: http://localhost:46386 for channel [id: 0x9c484127, L:/127.0.0.1:65117 - R:localhost/127.0.0.1:46386]
14:40:20.945 [main] DEBUG net.serenitybdd.core.photography.Darkroom - Send negative for processing for target\site\serenity\016d27681ad45d2073403df84e978f4727a92e6d57d9c8bb00857f8d4513a591.png
14:40:20.945 [Darkroom Processing Line] DEBUG net.serenitybdd.core.photography.DarkroomProcessingLine - Processing screenshot image in /var/screenshots/screenshot-16252212946935218931
14:40:20.945 [Darkroom Processing Line] DEBUG net.serenitybdd.core.photography.DarkroomProcessingLine - Saving screenshot to target\site\serenity\016d27681ad45d2073403df84e978f4727a92e6d57d9c8bb00857f8d4513a591.png
14:40:20.945 [main] DEBUG net.thucydides.core.steps.StepInterceptor - STEP DONE: inputfieldemail
14:40:20.953 [main] DEBUG net.thucydides.core.steps.StepInterceptor - STARTING STEP: PDAMSteps.adminMelakukanLoginAkunUntukFiturPDAM - inputfieldpassword
14:40:20.961 [Forwarding findElement on session dc9cfe2592958747c8fdf9593ebaf5de to remote] DEBUG org.asynchttpclient.netty.request.NettyRequestSender - Using pooled Channel '[id: 0x9c484127, L:/127.0.0.1:65117 - R:localhost/127.0.0.1:46386]' for 'POST' to 'http://localhost:46386/session/dc9cfe2592958747c8fdf9593ebaf5de/element'
14:40:20.961 [Forwarding findElement on session dc9cfe2592958747c8fdf9593ebaf5de to remote] DEBUG org.asynchttpclient.netty.request.NettyRequestSender - Using open Channel [id: 0x9c484127, L:/127.0.0.1:65117 - R:localhost/127.0.0.1:46386] for POST '/session/dc9cfe2592958747c8fdf9593ebaf5de/element'
14:40:20.985 [AsyncHttpClient-1-2] DEBUG org.asynchttpclient.netty.handler.HttpHandler - 

Request DefaultHttpRequest(decodeResult: success, version: HTTP/1.1)
POST /session/dc9cfe2592958747c8fdf9593ebaf5de/element HTTP/1.1
User-Agent: selenium/4.7.1 (java windows)
Content-Length: 105
Content-Type: application/json; charset=utf-8
host: localhost:46386
accept: */*

Response DefaultHttpResponse(decodeResult: success, version: HTTP/1.1)
HTTP/1.1 200 OK
Content-Type: application/json; charset=utf-8
cache-control: no-cache
content-length: 94

14:40:20.985 [AsyncHttpClient-1-2] DEBUG org.asynchttpclient.netty.channel.ChannelManager - Adding key: http://localhost:46386 for channel [id: 0x9c484127, L:/127.0.0.1:65117 - R:localhost/127.0.0.1:46386]
14:40:20.993 [Forwarding getElementTagName on session dc9cfe2592958747c8fdf9593ebaf5de to remote] DEBUG org.asynchttpclient.netty.request.NettyRequestSender - Using pooled Channel '[id: 0x9c484127, L:/127.0.0.1:65117 - R:localhost/127.0.0.1:46386]' for 'GET' to 'http://localhost:46386/session/dc9cfe2592958747c8fdf9593ebaf5de/element/41E400CA4ABBC1EFD238E0A961909228_element_8/name'
14:40:20.993 [Forwarding getElementTagName on session dc9cfe2592958747c8fdf9593ebaf5de to remote] DEBUG org.asynchttpclient.netty.request.NettyRequestSender - Using open Channel [id: 0x9c484127, L:/127.0.0.1:65117 - R:localhost/127.0.0.1:46386] for GET '/session/dc9cfe2592958747c8fdf9593ebaf5de/element/41E400CA4ABBC1EFD238E0A961909228_element_8/name'
14:40:21.001 [AsyncHttpClient-1-2] DEBUG org.asynchttpclient.netty.handler.HttpHandler - 

Request DefaultFullHttpRequest(decodeResult: success, version: HTTP/1.1, content: EmptyByteBufBE)
GET /session/dc9cfe2592958747c8fdf9593ebaf5de/element/41E400CA4ABBC1EFD238E0A961909228_element_8/name HTTP/1.1
User-Agent: selenium/4.7.1 (java windows)
Cache-Control: no-cache
Content-Type: application/json; charset=utf-8
host: localhost:46386
accept: */*

Response DefaultHttpResponse(decodeResult: success, version: HTTP/1.1)
HTTP/1.1 200 OK
Content-Type: application/json; charset=utf-8
cache-control: no-cache
content-length: 17

14:40:21.001 [AsyncHttpClient-1-2] DEBUG org.asynchttpclient.netty.channel.ChannelManager - Adding key: http://localhost:46386 for channel [id: 0x9c484127, L:/127.0.0.1:65117 - R:localhost/127.0.0.1:46386]
14:40:21.001 [Forwarding getElementTagName on session dc9cfe2592958747c8fdf9593ebaf5de to remote] DEBUG org.asynchttpclient.netty.request.NettyRequestSender - Using pooled Channel '[id: 0x9c484127, L:/127.0.0.1:65117 - R:localhost/127.0.0.1:46386]' for 'GET' to 'http://localhost:46386/session/dc9cfe2592958747c8fdf9593ebaf5de/element/41E400CA4ABBC1EFD238E0A961909228_element_8/name'
14:40:21.001 [Forwarding getElementTagName on session dc9cfe2592958747c8fdf9593ebaf5de to remote] DEBUG org.asynchttpclient.netty.request.NettyRequestSender - Using open Channel [id: 0x9c484127, L:/127.0.0.1:65117 - R:localhost/127.0.0.1:46386] for GET '/session/dc9cfe2592958747c8fdf9593ebaf5de/element/41E400CA4ABBC1EFD238E0A961909228_element_8/name'
14:40:21.009 [AsyncHttpClient-1-2] DEBUG org.asynchttpclient.netty.handler.HttpHandler - 

Request DefaultFullHttpRequest(decodeResult: success, version: HTTP/1.1, content: EmptyByteBufBE)
GET /session/dc9cfe2592958747c8fdf9593ebaf5de/element/41E400CA4ABBC1EFD238E0A961909228_element_8/name HTTP/1.1
User-Agent: selenium/4.7.1 (java windows)
Cache-Control: no-cache
Content-Type: application/json; charset=utf-8
host: localhost:46386
accept: */*

Response DefaultHttpResponse(decodeResult: success, version: HTTP/1.1)
HTTP/1.1 200 OK
Content-Type: application/json; charset=utf-8
cache-control: no-cache
content-length: 17

14:40:21.009 [AsyncHttpClient-1-2] DEBUG org.asynchttpclient.netty.channel.ChannelManager - Adding key: http://localhost:46386 for channel [id: 0x9c484127, L:/127.0.0.1:65117 - R:localhost/127.0.0.1:46386]
14:40:21.009 [Forwarding isElementEnabled on session dc9cfe2592958747c8fdf9593ebaf5de to remote] DEBUG org.asynchttpclient.netty.request.NettyRequestSender - Using pooled Channel '[id: 0x9c484127, L:/127.0.0.1:65117 - R:localhost/127.0.0.1:46386]' for 'GET' to 'http://localhost:46386/session/dc9cfe2592958747c8fdf9593ebaf5de/element/41E400CA4ABBC1EFD238E0A961909228_element_8/enabled'
14:40:21.009 [Forwarding isElementEnabled on session dc9cfe2592958747c8fdf9593ebaf5de to remote] DEBUG org.asynchttpclient.netty.request.NettyRequestSender - Using open Channel [id: 0x9c484127, L:/127.0.0.1:65117 - R:localhost/127.0.0.1:46386] for GET '/session/dc9cfe2592958747c8fdf9593ebaf5de/element/41E400CA4ABBC1EFD238E0A961909228_element_8/enabled'
14:40:21.025 [AsyncHttpClient-1-2] DEBUG org.asynchttpclient.netty.handler.HttpHandler - 

Request DefaultFullHttpRequest(decodeResult: success, version: HTTP/1.1, content: EmptyByteBufBE)
GET /session/dc9cfe2592958747c8fdf9593ebaf5de/element/41E400CA4ABBC1EFD238E0A961909228_element_8/enabled HTTP/1.1
User-Agent: selenium/4.7.1 (java windows)
Cache-Control: no-cache
Content-Type: application/json; charset=utf-8
host: localhost:46386
accept: */*

Response DefaultHttpResponse(decodeResult: success, version: HTTP/1.1)
HTTP/1.1 200 OK
Content-Type: application/json; charset=utf-8
cache-control: no-cache
content-length: 14

14:40:21.025 [AsyncHttpClient-1-2] DEBUG org.asynchttpclient.netty.channel.ChannelManager - Adding key: http://localhost:46386 for channel [id: 0x9c484127, L:/127.0.0.1:65117 - R:localhost/127.0.0.1:46386]
14:40:21.025 [Forwarding isElementEnabled on session dc9cfe2592958747c8fdf9593ebaf5de to remote] DEBUG org.asynchttpclient.netty.request.NettyRequestSender - Using pooled Channel '[id: 0x9c484127, L:/127.0.0.1:65117 - R:localhost/127.0.0.1:46386]' for 'GET' to 'http://localhost:46386/session/dc9cfe2592958747c8fdf9593ebaf5de/element/41E400CA4ABBC1EFD238E0A961909228_element_8/enabled'
14:40:21.025 [Forwarding isElementEnabled on session dc9cfe2592958747c8fdf9593ebaf5de to remote] DEBUG org.asynchttpclient.netty.request.NettyRequestSender - Using open Channel [id: 0x9c484127, L:/127.0.0.1:65117 - R:localhost/127.0.0.1:46386] for GET '/session/dc9cfe2592958747c8fdf9593ebaf5de/element/41E400CA4ABBC1EFD238E0A961909228_element_8/enabled'
14:40:21.033 [AsyncHttpClient-1-2] DEBUG org.asynchttpclient.netty.handler.HttpHandler - 

Request DefaultFullHttpRequest(decodeResult: success, version: HTTP/1.1, content: EmptyByteBufBE)
GET /session/dc9cfe2592958747c8fdf9593ebaf5de/element/41E400CA4ABBC1EFD238E0A961909228_element_8/enabled HTTP/1.1
User-Agent: selenium/4.7.1 (java windows)
Cache-Control: no-cache
Content-Type: application/json; charset=utf-8
host: localhost:46386
accept: */*

Response DefaultHttpResponse(decodeResult: success, version: HTTP/1.1)
HTTP/1.1 200 OK
Content-Type: application/json; charset=utf-8
cache-control: no-cache
content-length: 14

14:40:21.033 [AsyncHttpClient-1-2] DEBUG org.asynchttpclient.netty.channel.ChannelManager - Adding key: http://localhost:46386 for channel [id: 0x9c484127, L:/127.0.0.1:65117 - R:localhost/127.0.0.1:46386]
14:40:21.041 [Forwarding findElement on session dc9cfe2592958747c8fdf9593ebaf5de to remote] DEBUG org.asynchttpclient.netty.request.NettyRequestSender - Using pooled Channel '[id: 0x9c484127, L:/127.0.0.1:65117 - R:localhost/127.0.0.1:46386]' for 'POST' to 'http://localhost:46386/session/dc9cfe2592958747c8fdf9593ebaf5de/element'
14:40:21.041 [Forwarding findElement on session dc9cfe2592958747c8fdf9593ebaf5de to remote] DEBUG org.asynchttpclient.netty.request.NettyRequestSender - Using open Channel [id: 0x9c484127, L:/127.0.0.1:65117 - R:localhost/127.0.0.1:46386] for POST '/session/dc9cfe2592958747c8fdf9593ebaf5de/element'
14:40:21.049 [AsyncHttpClient-1-2] DEBUG org.asynchttpclient.netty.handler.HttpHandler - 

Request DefaultHttpRequest(decodeResult: success, version: HTTP/1.1)
POST /session/dc9cfe2592958747c8fdf9593ebaf5de/element HTTP/1.1
User-Agent: selenium/4.7.1 (java windows)
Content-Length: 105
Content-Type: application/json; charset=utf-8
host: localhost:46386
accept: */*

Response DefaultHttpResponse(decodeResult: success, version: HTTP/1.1)
HTTP/1.1 200 OK
Content-Type: application/json; charset=utf-8
cache-control: no-cache
content-length: 94

14:40:21.057 [AsyncHttpClient-1-2] DEBUG org.asynchttpclient.netty.channel.ChannelManager - Adding key: http://localhost:46386 for channel [id: 0x9c484127, L:/127.0.0.1:65117 - R:localhost/127.0.0.1:46386]
14:40:21.057 [Forwarding clickElement on session dc9cfe2592958747c8fdf9593ebaf5de to remote] DEBUG org.asynchttpclient.netty.request.NettyRequestSender - Using pooled Channel '[id: 0x9c484127, L:/127.0.0.1:65117 - R:localhost/127.0.0.1:46386]' for 'POST' to 'http://localhost:46386/session/dc9cfe2592958747c8fdf9593ebaf5de/element/41E400CA4ABBC1EFD238E0A961909228_element_8/click'
14:40:21.057 [Forwarding clickElement on session dc9cfe2592958747c8fdf9593ebaf5de to remote] DEBUG org.asynchttpclient.netty.request.NettyRequestSender - Using open Channel [id: 0x9c484127, L:/127.0.0.1:65117 - R:localhost/127.0.0.1:46386] for POST '/session/dc9cfe2592958747c8fdf9593ebaf5de/element/41E400CA4ABBC1EFD238E0A961909228_element_8/click'
14:40:21.121 [AsyncHttpClient-1-2] DEBUG org.asynchttpclient.netty.handler.HttpHandler - 

Request DefaultHttpRequest(decodeResult: success, version: HTTP/1.1)
POST /session/dc9cfe2592958747c8fdf9593ebaf5de/element/41E400CA4ABBC1EFD238E0A961909228_element_8/click HTTP/1.1
User-Agent: selenium/4.7.1 (java windows)
Content-Length: 56
Content-Type: application/json; charset=utf-8
host: localhost:46386
accept: */*

Response DefaultHttpResponse(decodeResult: success, version: HTTP/1.1)
HTTP/1.1 200 OK
Content-Type: application/json; charset=utf-8
cache-control: no-cache
content-length: 14

14:40:21.121 [AsyncHttpClient-1-2] DEBUG org.asynchttpclient.netty.channel.ChannelManager - Adding key: http://localhost:46386 for channel [id: 0x9c484127, L:/127.0.0.1:65117 - R:localhost/127.0.0.1:46386]
14:40:21.138 [Forwarding findElement on session dc9cfe2592958747c8fdf9593ebaf5de to remote] DEBUG org.asynchttpclient.netty.request.NettyRequestSender - Using pooled Channel '[id: 0x9c484127, L:/127.0.0.1:65117 - R:localhost/127.0.0.1:46386]' for 'POST' to 'http://localhost:46386/session/dc9cfe2592958747c8fdf9593ebaf5de/element'
14:40:21.138 [Forwarding findElement on session dc9cfe2592958747c8fdf9593ebaf5de to remote] DEBUG org.asynchttpclient.netty.request.NettyRequestSender - Using open Channel [id: 0x9c484127, L:/127.0.0.1:65117 - R:localhost/127.0.0.1:46386] for POST '/session/dc9cfe2592958747c8fdf9593ebaf5de/element'
14:40:21.170 [AsyncHttpClient-1-2] DEBUG org.asynchttpclient.netty.handler.HttpHandler - 

Request DefaultHttpRequest(decodeResult: success, version: HTTP/1.1)
POST /session/dc9cfe2592958747c8fdf9593ebaf5de/element HTTP/1.1
User-Agent: selenium/4.7.1 (java windows)
Content-Length: 105
Content-Type: application/json; charset=utf-8
host: localhost:46386
accept: */*

Response DefaultHttpResponse(decodeResult: success, version: HTTP/1.1)
HTTP/1.1 200 OK
Content-Type: application/json; charset=utf-8
cache-control: no-cache
content-length: 94

14:40:21.170 [AsyncHttpClient-1-2] DEBUG org.asynchttpclient.netty.channel.ChannelManager - Adding key: http://localhost:46386 for channel [id: 0x9c484127, L:/127.0.0.1:65117 - R:localhost/127.0.0.1:46386]
14:40:21.174 [Forwarding clearElement on session dc9cfe2592958747c8fdf9593ebaf5de to remote] DEBUG org.asynchttpclient.netty.request.NettyRequestSender - Using pooled Channel '[id: 0x9c484127, L:/127.0.0.1:65117 - R:localhost/127.0.0.1:46386]' for 'POST' to 'http://localhost:46386/session/dc9cfe2592958747c8fdf9593ebaf5de/element/41E400CA4ABBC1EFD238E0A961909228_element_8/clear'
14:40:21.174 [Forwarding clearElement on session dc9cfe2592958747c8fdf9593ebaf5de to remote] DEBUG org.asynchttpclient.netty.request.NettyRequestSender - Using open Channel [id: 0x9c484127, L:/127.0.0.1:65117 - R:localhost/127.0.0.1:46386] for POST '/session/dc9cfe2592958747c8fdf9593ebaf5de/element/41E400CA4ABBC1EFD238E0A961909228_element_8/clear'
14:40:21.242 [AsyncHttpClient-1-2] DEBUG org.asynchttpclient.netty.handler.HttpHandler - 

Request DefaultHttpRequest(decodeResult: success, version: HTTP/1.1)
POST /session/dc9cfe2592958747c8fdf9593ebaf5de/element/41E400CA4ABBC1EFD238E0A961909228_element_8/clear HTTP/1.1
User-Agent: selenium/4.7.1 (java windows)
Content-Length: 56
Content-Type: application/json; charset=utf-8
host: localhost:46386
accept: */*

Response DefaultHttpResponse(decodeResult: success, version: HTTP/1.1)
HTTP/1.1 200 OK
Content-Type: application/json; charset=utf-8
cache-control: no-cache
content-length: 14

14:40:21.242 [AsyncHttpClient-1-2] DEBUG org.asynchttpclient.netty.channel.ChannelManager - Adding key: http://localhost:46386 for channel [id: 0x9c484127, L:/127.0.0.1:65117 - R:localhost/127.0.0.1:46386]
14:40:21.242 [Forwarding sendKeysToElement on session dc9cfe2592958747c8fdf9593ebaf5de to remote] DEBUG org.asynchttpclient.netty.request.NettyRequestSender - Using pooled Channel '[id: 0x9c484127, L:/127.0.0.1:65117 - R:localhost/127.0.0.1:46386]' for 'POST' to 'http://localhost:46386/session/dc9cfe2592958747c8fdf9593ebaf5de/element/41E400CA4ABBC1EFD238E0A961909228_element_8/value'
14:40:21.250 [Forwarding sendKeysToElement on session dc9cfe2592958747c8fdf9593ebaf5de to remote] DEBUG org.asynchttpclient.netty.request.NettyRequestSender - Using open Channel [id: 0x9c484127, L:/127.0.0.1:65117 - R:localhost/127.0.0.1:46386] for POST '/session/dc9cfe2592958747c8fdf9593ebaf5de/element/41E400CA4ABBC1EFD238E0A961909228_element_8/value'
14:40:21.298 [AsyncHttpClient-1-1] DEBUG org.asynchttpclient.netty.channel.DefaultChannelPool - Entry count for : http://localhost:65130 : 1
14:40:21.354 [AsyncHttpClient-1-2] DEBUG org.asynchttpclient.netty.handler.HttpHandler - 

Request DefaultHttpRequest(decodeResult: success, version: HTTP/1.1)
POST /session/dc9cfe2592958747c8fdf9593ebaf5de/element/41E400CA4ABBC1EFD238E0A961909228_element_8/value HTTP/1.1
User-Agent: selenium/4.7.1 (java windows)
Content-Length: 187
Content-Type: application/json; charset=utf-8
host: localhost:46386
accept: */*

Response DefaultHttpResponse(decodeResult: success, version: HTTP/1.1)
HTTP/1.1 200 OK
Content-Type: application/json; charset=utf-8
cache-control: no-cache
content-length: 14

14:40:21.354 [AsyncHttpClient-1-2] DEBUG org.asynchttpclient.netty.channel.ChannelManager - Adding key: http://localhost:46386 for channel [id: 0x9c484127, L:/127.0.0.1:65117 - R:localhost/127.0.0.1:46386]
14:40:21.378 [Forwarding getCurrentWindowHandle on session dc9cfe2592958747c8fdf9593ebaf5de to remote] DEBUG org.asynchttpclient.netty.request.NettyRequestSender - Using pooled Channel '[id: 0x9c484127, L:/127.0.0.1:65117 - R:localhost/127.0.0.1:46386]' for 'GET' to 'http://localhost:46386/session/dc9cfe2592958747c8fdf9593ebaf5de/window'
14:40:21.378 [Forwarding getCurrentWindowHandle on session dc9cfe2592958747c8fdf9593ebaf5de to remote] DEBUG org.asynchttpclient.netty.request.NettyRequestSender - Using open Channel [id: 0x9c484127, L:/127.0.0.1:65117 - R:localhost/127.0.0.1:46386] for GET '/session/dc9cfe2592958747c8fdf9593ebaf5de/window'
14:40:21.378 [AsyncHttpClient-1-2] DEBUG org.asynchttpclient.netty.handler.HttpHandler - 

Request DefaultFullHttpRequest(decodeResult: success, version: HTTP/1.1, content: EmptyByteBufBE)
GET /session/dc9cfe2592958747c8fdf9593ebaf5de/window HTTP/1.1
User-Agent: selenium/4.7.1 (java windows)
Cache-Control: no-cache
Content-Type: application/json; charset=utf-8
host: localhost:46386
accept: */*

Response DefaultHttpResponse(decodeResult: success, version: HTTP/1.1)
HTTP/1.1 200 OK
Content-Type: application/json; charset=utf-8
cache-control: no-cache
content-length: 44

14:40:21.378 [AsyncHttpClient-1-2] DEBUG org.asynchttpclient.netty.channel.ChannelManager - Adding key: http://localhost:46386 for channel [id: 0x9c484127, L:/127.0.0.1:65117 - R:localhost/127.0.0.1:46386]
14:40:21.378 [Forwarding getAlertText on session dc9cfe2592958747c8fdf9593ebaf5de to remote] DEBUG org.asynchttpclient.netty.request.NettyRequestSender - Using pooled Channel '[id: 0x9c484127, L:/127.0.0.1:65117 - R:localhost/127.0.0.1:46386]' for 'GET' to 'http://localhost:46386/session/dc9cfe2592958747c8fdf9593ebaf5de/alert/text'
14:40:21.378 [Forwarding getAlertText on session dc9cfe2592958747c8fdf9593ebaf5de to remote] DEBUG org.asynchttpclient.netty.request.NettyRequestSender - Using open Channel [id: 0x9c484127, L:/127.0.0.1:65117 - R:localhost/127.0.0.1:46386] for GET '/session/dc9cfe2592958747c8fdf9593ebaf5de/alert/text'
14:40:21.386 [AsyncHttpClient-1-2] DEBUG org.asynchttpclient.netty.handler.HttpHandler - 

Request DefaultFullHttpRequest(decodeResult: success, version: HTTP/1.1, content: EmptyByteBufBE)
GET /session/dc9cfe2592958747c8fdf9593ebaf5de/alert/text HTTP/1.1
User-Agent: selenium/4.7.1 (java windows)
Cache-Control: no-cache
Content-Type: application/json; charset=utf-8
host: localhost:46386
accept: */*

Response DefaultHttpResponse(decodeResult: success, version: HTTP/1.1)
HTTP/1.1 404 Not Found
Content-Type: application/json; charset=utf-8
cache-control: no-cache
content-length: 821

14:40:21.386 [AsyncHttpClient-1-2] DEBUG org.asynchttpclient.netty.channel.ChannelManager - Adding key: http://localhost:46386 for channel [id: 0x9c484127, L:/127.0.0.1:65117 - R:localhost/127.0.0.1:46386]
14:40:21.394 [Forwarding switchToWindow on session dc9cfe2592958747c8fdf9593ebaf5de to remote] DEBUG org.asynchttpclient.netty.request.NettyRequestSender - Using pooled Channel '[id: 0x9c484127, L:/127.0.0.1:65117 - R:localhost/127.0.0.1:46386]' for 'POST' to 'http://localhost:46386/session/dc9cfe2592958747c8fdf9593ebaf5de/window'
14:40:21.394 [Forwarding switchToWindow on session dc9cfe2592958747c8fdf9593ebaf5de to remote] DEBUG org.asynchttpclient.netty.request.NettyRequestSender - Using open Channel [id: 0x9c484127, L:/127.0.0.1:65117 - R:localhost/127.0.0.1:46386] for POST '/session/dc9cfe2592958747c8fdf9593ebaf5de/window'
14:40:21.402 [AsyncHttpClient-1-2] DEBUG org.asynchttpclient.netty.handler.HttpHandler - 

Request DefaultHttpRequest(decodeResult: success, version: HTTP/1.1)
POST /session/dc9cfe2592958747c8fdf9593ebaf5de/window HTTP/1.1
User-Agent: selenium/4.7.1 (java windows)
Content-Length: 50
Content-Type: application/json; charset=utf-8
host: localhost:46386
accept: */*

Response DefaultHttpResponse(decodeResult: success, version: HTTP/1.1)
HTTP/1.1 200 OK
Content-Type: application/json; charset=utf-8
cache-control: no-cache
content-length: 14

14:40:21.402 [AsyncHttpClient-1-2] DEBUG org.asynchttpclient.netty.channel.ChannelManager - Adding key: http://localhost:46386 for channel [id: 0x9c484127, L:/127.0.0.1:65117 - R:localhost/127.0.0.1:46386]
14:40:21.402 [Forwarding getCurrentUrl on session dc9cfe2592958747c8fdf9593ebaf5de to remote] DEBUG org.asynchttpclient.netty.request.NettyRequestSender - Using pooled Channel '[id: 0x9c484127, L:/127.0.0.1:65117 - R:localhost/127.0.0.1:46386]' for 'GET' to 'http://localhost:46386/session/dc9cfe2592958747c8fdf9593ebaf5de/url'
14:40:21.402 [Forwarding getCurrentUrl on session dc9cfe2592958747c8fdf9593ebaf5de to remote] DEBUG org.asynchttpclient.netty.request.NettyRequestSender - Using open Channel [id: 0x9c484127, L:/127.0.0.1:65117 - R:localhost/127.0.0.1:46386] for GET '/session/dc9cfe2592958747c8fdf9593ebaf5de/url'
14:40:21.410 [AsyncHttpClient-1-2] DEBUG org.asynchttpclient.netty.handler.HttpHandler - 

Request DefaultFullHttpRequest(decodeResult: success, version: HTTP/1.1, content: EmptyByteBufBE)
GET /session/dc9cfe2592958747c8fdf9593ebaf5de/url HTTP/1.1
User-Agent: selenium/4.7.1 (java windows)
Cache-Control: no-cache
Content-Type: application/json; charset=utf-8
host: localhost:46386
accept: */*

Response DefaultHttpResponse(decodeResult: success, version: HTTP/1.1)
HTTP/1.1 200 OK
Content-Type: application/json; charset=utf-8
cache-control: no-cache
content-length: 51

14:40:21.410 [AsyncHttpClient-1-2] DEBUG org.asynchttpclient.netty.channel.ChannelManager - Adding key: http://localhost:46386 for channel [id: 0x9c484127, L:/127.0.0.1:65117 - R:localhost/127.0.0.1:46386]
14:40:21.410 [Forwarding screenshot on session dc9cfe2592958747c8fdf9593ebaf5de to remote] DEBUG org.asynchttpclient.netty.request.NettyRequestSender - Using pooled Channel '[id: 0x9c484127, L:/127.0.0.1:65117 - R:localhost/127.0.0.1:46386]' for 'GET' to 'http://localhost:46386/session/dc9cfe2592958747c8fdf9593ebaf5de/screenshot'
14:40:21.410 [Forwarding screenshot on session dc9cfe2592958747c8fdf9593ebaf5de to remote] DEBUG org.asynchttpclient.netty.request.NettyRequestSender - Using open Channel [id: 0x9c484127, L:/127.0.0.1:65117 - R:localhost/127.0.0.1:46386] for GET '/session/dc9cfe2592958747c8fdf9593ebaf5de/screenshot'
14:40:21.650 [AsyncHttpClient-1-2] DEBUG org.asynchttpclient.netty.handler.HttpHandler - 

Request DefaultFullHttpRequest(decodeResult: success, version: HTTP/1.1, content: EmptyByteBufBE)
GET /session/dc9cfe2592958747c8fdf9593ebaf5de/screenshot HTTP/1.1
User-Agent: selenium/4.7.1 (java windows)
Cache-Control: no-cache
Content-Type: application/json; charset=utf-8
host: localhost:46386
accept: */*

Response DefaultHttpResponse(decodeResult: success, version: HTTP/1.1)
HTTP/1.1 200 OK
Content-Type: application/json; charset=utf-8
cache-control: no-cache
content-length: 192088

14:40:21.650 [AsyncHttpClient-1-2] DEBUG org.asynchttpclient.netty.channel.ChannelManager - Adding key: http://localhost:46386 for channel [id: 0x9c484127, L:/127.0.0.1:65117 - R:localhost/127.0.0.1:46386]
14:40:21.658 [main] DEBUG net.serenitybdd.core.photography.Darkroom - Send negative for processing for target\site\serenity\9942ca6d24dff34b536a4faa679ac08af8c23abb3cbd7c6ff6d1c57c3c7dd528.png
14:40:21.658 [Darkroom Processing Line] DEBUG net.serenitybdd.core.photography.DarkroomProcessingLine - Processing screenshot image in /var/screenshots/screenshot-8986578115831983526
14:40:21.658 [Darkroom Processing Line] DEBUG net.serenitybdd.core.photography.DarkroomProcessingLine - Saving screenshot to target\site\serenity\9942ca6d24dff34b536a4faa679ac08af8c23abb3cbd7c6ff6d1c57c3c7dd528.png
14:40:21.658 [main] DEBUG net.thucydides.core.steps.StepInterceptor - STEP DONE: inputfieldpassword
14:40:21.666 [main] DEBUG net.thucydides.core.steps.StepInterceptor - STARTING STEP: PDAMSteps.adminMelakukanLoginAkunUntukFiturPDAM - klikbuttonmasuk
14:40:21.682 [Forwarding findElement on session dc9cfe2592958747c8fdf9593ebaf5de to remote] DEBUG org.asynchttpclient.netty.request.NettyRequestSender - Using pooled Channel '[id: 0x9c484127, L:/127.0.0.1:65117 - R:localhost/127.0.0.1:46386]' for 'POST' to 'http://localhost:46386/session/dc9cfe2592958747c8fdf9593ebaf5de/element'
14:40:21.682 [Forwarding findElement on session dc9cfe2592958747c8fdf9593ebaf5de to remote] DEBUG org.asynchttpclient.netty.request.NettyRequestSender - Using open Channel [id: 0x9c484127, L:/127.0.0.1:65117 - R:localhost/127.0.0.1:46386] for POST '/session/dc9cfe2592958747c8fdf9593ebaf5de/element'
14:40:21.706 [AsyncHttpClient-1-2] DEBUG org.asynchttpclient.netty.handler.HttpHandler - 

Request DefaultHttpRequest(decodeResult: success, version: HTTP/1.1)
POST /session/dc9cfe2592958747c8fdf9593ebaf5de/element HTTP/1.1
User-Agent: selenium/4.7.1 (java windows)
Content-Length: 113
Content-Type: application/json; charset=utf-8
host: localhost:46386
accept: */*

Response DefaultHttpResponse(decodeResult: success, version: HTTP/1.1)
HTTP/1.1 200 OK
Content-Type: application/json; charset=utf-8
cache-control: no-cache
content-length: 94

14:40:21.706 [AsyncHttpClient-1-2] DEBUG org.asynchttpclient.netty.channel.ChannelManager - Adding key: http://localhost:46386 for channel [id: 0x9c484127, L:/127.0.0.1:65117 - R:localhost/127.0.0.1:46386]
14:40:21.706 [Forwarding getElementTagName on session dc9cfe2592958747c8fdf9593ebaf5de to remote] DEBUG org.asynchttpclient.netty.request.NettyRequestSender - Using pooled Channel '[id: 0x9c484127, L:/127.0.0.1:65117 - R:localhost/127.0.0.1:46386]' for 'GET' to 'http://localhost:46386/session/dc9cfe2592958747c8fdf9593ebaf5de/element/41E400CA4ABBC1EFD238E0A961909228_element_9/name'
14:40:21.706 [Forwarding getElementTagName on session dc9cfe2592958747c8fdf9593ebaf5de to remote] DEBUG org.asynchttpclient.netty.request.NettyRequestSender - Using open Channel [id: 0x9c484127, L:/127.0.0.1:65117 - R:localhost/127.0.0.1:46386] for GET '/session/dc9cfe2592958747c8fdf9593ebaf5de/element/41E400CA4ABBC1EFD238E0A961909228_element_9/name'
14:40:21.714 [AsyncHttpClient-1-2] DEBUG org.asynchttpclient.netty.handler.HttpHandler - 

Request DefaultFullHttpRequest(decodeResult: success, version: HTTP/1.1, content: EmptyByteBufBE)
GET /session/dc9cfe2592958747c8fdf9593ebaf5de/element/41E400CA4ABBC1EFD238E0A961909228_element_9/name HTTP/1.1
User-Agent: selenium/4.7.1 (java windows)
Cache-Control: no-cache
Content-Type: application/json; charset=utf-8
host: localhost:46386
accept: */*

Response DefaultHttpResponse(decodeResult: success, version: HTTP/1.1)
HTTP/1.1 200 OK
Content-Type: application/json; charset=utf-8
cache-control: no-cache
content-length: 18

14:40:21.714 [AsyncHttpClient-1-2] DEBUG org.asynchttpclient.netty.channel.ChannelManager - Adding key: http://localhost:46386 for channel [id: 0x9c484127, L:/127.0.0.1:65117 - R:localhost/127.0.0.1:46386]
14:40:21.722 [Forwarding getElementTagName on session dc9cfe2592958747c8fdf9593ebaf5de to remote] DEBUG org.asynchttpclient.netty.request.NettyRequestSender - Using pooled Channel '[id: 0x9c484127, L:/127.0.0.1:65117 - R:localhost/127.0.0.1:46386]' for 'GET' to 'http://localhost:46386/session/dc9cfe2592958747c8fdf9593ebaf5de/element/41E400CA4ABBC1EFD238E0A961909228_element_9/name'
14:40:21.722 [Forwarding getElementTagName on session dc9cfe2592958747c8fdf9593ebaf5de to remote] DEBUG org.asynchttpclient.netty.request.NettyRequestSender - Using open Channel [id: 0x9c484127, L:/127.0.0.1:65117 - R:localhost/127.0.0.1:46386] for GET '/session/dc9cfe2592958747c8fdf9593ebaf5de/element/41E400CA4ABBC1EFD238E0A961909228_element_9/name'
14:40:21.730 [AsyncHttpClient-1-2] DEBUG org.asynchttpclient.netty.handler.HttpHandler - 

Request DefaultFullHttpRequest(decodeResult: success, version: HTTP/1.1, content: EmptyByteBufBE)
GET /session/dc9cfe2592958747c8fdf9593ebaf5de/element/41E400CA4ABBC1EFD238E0A961909228_element_9/name HTTP/1.1
User-Agent: selenium/4.7.1 (java windows)
Cache-Control: no-cache
Content-Type: application/json; charset=utf-8
host: localhost:46386
accept: */*

Response DefaultHttpResponse(decodeResult: success, version: HTTP/1.1)
HTTP/1.1 200 OK
Content-Type: application/json; charset=utf-8
cache-control: no-cache
content-length: 18

14:40:21.730 [AsyncHttpClient-1-2] DEBUG org.asynchttpclient.netty.channel.ChannelManager - Adding key: http://localhost:46386 for channel [id: 0x9c484127, L:/127.0.0.1:65117 - R:localhost/127.0.0.1:46386]
14:40:21.730 [Forwarding isElementEnabled on session dc9cfe2592958747c8fdf9593ebaf5de to remote] DEBUG org.asynchttpclient.netty.request.NettyRequestSender - Using pooled Channel '[id: 0x9c484127, L:/127.0.0.1:65117 - R:localhost/127.0.0.1:46386]' for 'GET' to 'http://localhost:46386/session/dc9cfe2592958747c8fdf9593ebaf5de/element/41E400CA4ABBC1EFD238E0A961909228_element_9/enabled'
14:40:21.730 [Forwarding isElementEnabled on session dc9cfe2592958747c8fdf9593ebaf5de to remote] DEBUG org.asynchttpclient.netty.request.NettyRequestSender - Using open Channel [id: 0x9c484127, L:/127.0.0.1:65117 - R:localhost/127.0.0.1:46386] for GET '/session/dc9cfe2592958747c8fdf9593ebaf5de/element/41E400CA4ABBC1EFD238E0A961909228_element_9/enabled'
14:40:21.746 [AsyncHttpClient-1-2] DEBUG org.asynchttpclient.netty.handler.HttpHandler - 

Request DefaultFullHttpRequest(decodeResult: success, version: HTTP/1.1, content: EmptyByteBufBE)
GET /session/dc9cfe2592958747c8fdf9593ebaf5de/element/41E400CA4ABBC1EFD238E0A961909228_element_9/enabled HTTP/1.1
User-Agent: selenium/4.7.1 (java windows)
Cache-Control: no-cache
Content-Type: application/json; charset=utf-8
host: localhost:46386
accept: */*

Response DefaultHttpResponse(decodeResult: success, version: HTTP/1.1)
HTTP/1.1 200 OK
Content-Type: application/json; charset=utf-8
cache-control: no-cache
content-length: 14

14:40:21.746 [AsyncHttpClient-1-2] DEBUG org.asynchttpclient.netty.channel.ChannelManager - Adding key: http://localhost:46386 for channel [id: 0x9c484127, L:/127.0.0.1:65117 - R:localhost/127.0.0.1:46386]
14:40:21.746 [Forwarding isElementEnabled on session dc9cfe2592958747c8fdf9593ebaf5de to remote] DEBUG org.asynchttpclient.netty.request.NettyRequestSender - Using pooled Channel '[id: 0x9c484127, L:/127.0.0.1:65117 - R:localhost/127.0.0.1:46386]' for 'GET' to 'http://localhost:46386/session/dc9cfe2592958747c8fdf9593ebaf5de/element/41E400CA4ABBC1EFD238E0A961909228_element_9/enabled'
14:40:21.746 [Forwarding isElementEnabled on session dc9cfe2592958747c8fdf9593ebaf5de to remote] DEBUG org.asynchttpclient.netty.request.NettyRequestSender - Using open Channel [id: 0x9c484127, L:/127.0.0.1:65117 - R:localhost/127.0.0.1:46386] for GET '/session/dc9cfe2592958747c8fdf9593ebaf5de/element/41E400CA4ABBC1EFD238E0A961909228_element_9/enabled'
14:40:21.762 [AsyncHttpClient-1-2] DEBUG org.asynchttpclient.netty.handler.HttpHandler - 

Request DefaultFullHttpRequest(decodeResult: success, version: HTTP/1.1, content: EmptyByteBufBE)
GET /session/dc9cfe2592958747c8fdf9593ebaf5de/element/41E400CA4ABBC1EFD238E0A961909228_element_9/enabled HTTP/1.1
User-Agent: selenium/4.7.1 (java windows)
Cache-Control: no-cache
Content-Type: application/json; charset=utf-8
host: localhost:46386
accept: */*

Response DefaultHttpResponse(decodeResult: success, version: HTTP/1.1)
HTTP/1.1 200 OK
Content-Type: application/json; charset=utf-8
cache-control: no-cache
content-length: 14

14:40:21.762 [AsyncHttpClient-1-2] DEBUG org.asynchttpclient.netty.channel.ChannelManager - Adding key: http://localhost:46386 for channel [id: 0x9c484127, L:/127.0.0.1:65117 - R:localhost/127.0.0.1:46386]
14:40:21.770 [Forwarding findElement on session dc9cfe2592958747c8fdf9593ebaf5de to remote] DEBUG org.asynchttpclient.netty.request.NettyRequestSender - Using pooled Channel '[id: 0x9c484127, L:/127.0.0.1:65117 - R:localhost/127.0.0.1:46386]' for 'POST' to 'http://localhost:46386/session/dc9cfe2592958747c8fdf9593ebaf5de/element'
14:40:21.770 [Forwarding findElement on session dc9cfe2592958747c8fdf9593ebaf5de to remote] DEBUG org.asynchttpclient.netty.request.NettyRequestSender - Using open Channel [id: 0x9c484127, L:/127.0.0.1:65117 - R:localhost/127.0.0.1:46386] for POST '/session/dc9cfe2592958747c8fdf9593ebaf5de/element'
14:40:21.778 [AsyncHttpClient-1-2] DEBUG org.asynchttpclient.netty.handler.HttpHandler - 

Request DefaultHttpRequest(decodeResult: success, version: HTTP/1.1)
POST /session/dc9cfe2592958747c8fdf9593ebaf5de/element HTTP/1.1
User-Agent: selenium/4.7.1 (java windows)
Content-Length: 113
Content-Type: application/json; charset=utf-8
host: localhost:46386
accept: */*

Response DefaultHttpResponse(decodeResult: success, version: HTTP/1.1)
HTTP/1.1 200 OK
Content-Type: application/json; charset=utf-8
cache-control: no-cache
content-length: 94

14:40:21.786 [AsyncHttpClient-1-2] DEBUG org.asynchttpclient.netty.channel.ChannelManager - Adding key: http://localhost:46386 for channel [id: 0x9c484127, L:/127.0.0.1:65117 - R:localhost/127.0.0.1:46386]
14:40:21.786 [Forwarding clickElement on session dc9cfe2592958747c8fdf9593ebaf5de to remote] DEBUG org.asynchttpclient.netty.request.NettyRequestSender - Using pooled Channel '[id: 0x9c484127, L:/127.0.0.1:65117 - R:localhost/127.0.0.1:46386]' for 'POST' to 'http://localhost:46386/session/dc9cfe2592958747c8fdf9593ebaf5de/element/41E400CA4ABBC1EFD238E0A961909228_element_9/click'
14:40:21.786 [Forwarding clickElement on session dc9cfe2592958747c8fdf9593ebaf5de to remote] DEBUG org.asynchttpclient.netty.request.NettyRequestSender - Using open Channel [id: 0x9c484127, L:/127.0.0.1:65117 - R:localhost/127.0.0.1:46386] for POST '/session/dc9cfe2592958747c8fdf9593ebaf5de/element/41E400CA4ABBC1EFD238E0A961909228_element_9/click'
14:40:21.858 [AsyncHttpClient-1-2] DEBUG org.asynchttpclient.netty.handler.HttpHandler - 

Request DefaultHttpRequest(decodeResult: success, version: HTTP/1.1)
POST /session/dc9cfe2592958747c8fdf9593ebaf5de/element/41E400CA4ABBC1EFD238E0A961909228_element_9/click HTTP/1.1
User-Agent: selenium/4.7.1 (java windows)
Content-Length: 56
Content-Type: application/json; charset=utf-8
host: localhost:46386
accept: */*

Response DefaultHttpResponse(decodeResult: success, version: HTTP/1.1)
HTTP/1.1 200 OK
Content-Type: application/json; charset=utf-8
cache-control: no-cache
content-length: 14

14:40:21.858 [AsyncHttpClient-1-2] DEBUG org.asynchttpclient.netty.channel.ChannelManager - Adding key: http://localhost:46386 for channel [id: 0x9c484127, L:/127.0.0.1:65117 - R:localhost/127.0.0.1:46386]
14:40:21.874 [Forwarding getCurrentWindowHandle on session dc9cfe2592958747c8fdf9593ebaf5de to remote] DEBUG org.asynchttpclient.netty.request.NettyRequestSender - Using pooled Channel '[id: 0x9c484127, L:/127.0.0.1:65117 - R:localhost/127.0.0.1:46386]' for 'GET' to 'http://localhost:46386/session/dc9cfe2592958747c8fdf9593ebaf5de/window'
14:40:21.874 [Forwarding getCurrentWindowHandle on session dc9cfe2592958747c8fdf9593ebaf5de to remote] DEBUG org.asynchttpclient.netty.request.NettyRequestSender - Using open Channel [id: 0x9c484127, L:/127.0.0.1:65117 - R:localhost/127.0.0.1:46386] for GET '/session/dc9cfe2592958747c8fdf9593ebaf5de/window'
14:40:21.882 [AsyncHttpClient-1-2] DEBUG org.asynchttpclient.netty.handler.HttpHandler - 

Request DefaultFullHttpRequest(decodeResult: success, version: HTTP/1.1, content: EmptyByteBufBE)
GET /session/dc9cfe2592958747c8fdf9593ebaf5de/window HTTP/1.1
User-Agent: selenium/4.7.1 (java windows)
Cache-Control: no-cache
Content-Type: application/json; charset=utf-8
host: localhost:46386
accept: */*

Response DefaultHttpResponse(decodeResult: success, version: HTTP/1.1)
HTTP/1.1 200 OK
Content-Type: application/json; charset=utf-8
cache-control: no-cache
content-length: 44

14:40:21.882 [AsyncHttpClient-1-2] DEBUG org.asynchttpclient.netty.channel.ChannelManager - Adding key: http://localhost:46386 for channel [id: 0x9c484127, L:/127.0.0.1:65117 - R:localhost/127.0.0.1:46386]
14:40:21.882 [Forwarding getAlertText on session dc9cfe2592958747c8fdf9593ebaf5de to remote] DEBUG org.asynchttpclient.netty.request.NettyRequestSender - Using pooled Channel '[id: 0x9c484127, L:/127.0.0.1:65117 - R:localhost/127.0.0.1:46386]' for 'GET' to 'http://localhost:46386/session/dc9cfe2592958747c8fdf9593ebaf5de/alert/text'
14:40:21.882 [Forwarding getAlertText on session dc9cfe2592958747c8fdf9593ebaf5de to remote] DEBUG org.asynchttpclient.netty.request.NettyRequestSender - Using open Channel [id: 0x9c484127, L:/127.0.0.1:65117 - R:localhost/127.0.0.1:46386] for GET '/session/dc9cfe2592958747c8fdf9593ebaf5de/alert/text'
14:40:21.882 [AsyncHttpClient-1-2] DEBUG org.asynchttpclient.netty.handler.HttpHandler - 

Request DefaultFullHttpRequest(decodeResult: success, version: HTTP/1.1, content: EmptyByteBufBE)
GET /session/dc9cfe2592958747c8fdf9593ebaf5de/alert/text HTTP/1.1
User-Agent: selenium/4.7.1 (java windows)
Cache-Control: no-cache
Content-Type: application/json; charset=utf-8
host: localhost:46386
accept: */*

Response DefaultHttpResponse(decodeResult: success, version: HTTP/1.1)
HTTP/1.1 404 Not Found
Content-Type: application/json; charset=utf-8
cache-control: no-cache
content-length: 821

14:40:21.890 [AsyncHttpClient-1-2] DEBUG org.asynchttpclient.netty.channel.ChannelManager - Adding key: http://localhost:46386 for channel [id: 0x9c484127, L:/127.0.0.1:65117 - R:localhost/127.0.0.1:46386]
14:40:21.890 [Forwarding switchToWindow on session dc9cfe2592958747c8fdf9593ebaf5de to remote] DEBUG org.asynchttpclient.netty.request.NettyRequestSender - Using pooled Channel '[id: 0x9c484127, L:/127.0.0.1:65117 - R:localhost/127.0.0.1:46386]' for 'POST' to 'http://localhost:46386/session/dc9cfe2592958747c8fdf9593ebaf5de/window'
14:40:21.890 [Forwarding switchToWindow on session dc9cfe2592958747c8fdf9593ebaf5de to remote] DEBUG org.asynchttpclient.netty.request.NettyRequestSender - Using open Channel [id: 0x9c484127, L:/127.0.0.1:65117 - R:localhost/127.0.0.1:46386] for POST '/session/dc9cfe2592958747c8fdf9593ebaf5de/window'
14:40:21.890 [AsyncHttpClient-1-2] DEBUG org.asynchttpclient.netty.handler.HttpHandler - 

Request DefaultHttpRequest(decodeResult: success, version: HTTP/1.1)
POST /session/dc9cfe2592958747c8fdf9593ebaf5de/window HTTP/1.1
User-Agent: selenium/4.7.1 (java windows)
Content-Length: 50
Content-Type: application/json; charset=utf-8
host: localhost:46386
accept: */*

Response DefaultHttpResponse(decodeResult: success, version: HTTP/1.1)
HTTP/1.1 200 OK
Content-Type: application/json; charset=utf-8
cache-control: no-cache
content-length: 14

14:40:21.898 [AsyncHttpClient-1-2] DEBUG org.asynchttpclient.netty.channel.ChannelManager - Adding key: http://localhost:46386 for channel [id: 0x9c484127, L:/127.0.0.1:65117 - R:localhost/127.0.0.1:46386]
14:40:21.898 [Forwarding getCurrentUrl on session dc9cfe2592958747c8fdf9593ebaf5de to remote] DEBUG org.asynchttpclient.netty.request.NettyRequestSender - Using pooled Channel '[id: 0x9c484127, L:/127.0.0.1:65117 - R:localhost/127.0.0.1:46386]' for 'GET' to 'http://localhost:46386/session/dc9cfe2592958747c8fdf9593ebaf5de/url'
14:40:21.898 [Forwarding getCurrentUrl on session dc9cfe2592958747c8fdf9593ebaf5de to remote] DEBUG org.asynchttpclient.netty.request.NettyRequestSender - Using open Channel [id: 0x9c484127, L:/127.0.0.1:65117 - R:localhost/127.0.0.1:46386] for GET '/session/dc9cfe2592958747c8fdf9593ebaf5de/url'
14:40:21.906 [AsyncHttpClient-1-2] DEBUG org.asynchttpclient.netty.handler.HttpHandler - 

Request DefaultFullHttpRequest(decodeResult: success, version: HTTP/1.1, content: EmptyByteBufBE)
GET /session/dc9cfe2592958747c8fdf9593ebaf5de/url HTTP/1.1
User-Agent: selenium/4.7.1 (java windows)
Cache-Control: no-cache
Content-Type: application/json; charset=utf-8
host: localhost:46386
accept: */*

Response DefaultHttpResponse(decodeResult: success, version: HTTP/1.1)
HTTP/1.1 200 OK
Content-Type: application/json; charset=utf-8
cache-control: no-cache
content-length: 51

14:40:21.906 [AsyncHttpClient-1-2] DEBUG org.asynchttpclient.netty.channel.ChannelManager - Adding key: http://localhost:46386 for channel [id: 0x9c484127, L:/127.0.0.1:65117 - R:localhost/127.0.0.1:46386]
14:40:21.906 [Forwarding screenshot on session dc9cfe2592958747c8fdf9593ebaf5de to remote] DEBUG org.asynchttpclient.netty.request.NettyRequestSender - Using pooled Channel '[id: 0x9c484127, L:/127.0.0.1:65117 - R:localhost/127.0.0.1:46386]' for 'GET' to 'http://localhost:46386/session/dc9cfe2592958747c8fdf9593ebaf5de/screenshot'
14:40:21.906 [Forwarding screenshot on session dc9cfe2592958747c8fdf9593ebaf5de to remote] DEBUG org.asynchttpclient.netty.request.NettyRequestSender - Using open Channel [id: 0x9c484127, L:/127.0.0.1:65117 - R:localhost/127.0.0.1:46386] for GET '/session/dc9cfe2592958747c8fdf9593ebaf5de/screenshot'
14:40:22.203 [AsyncHttpClient-1-2] DEBUG org.asynchttpclient.netty.handler.HttpHandler - 

Request DefaultFullHttpRequest(decodeResult: success, version: HTTP/1.1, content: EmptyByteBufBE)
GET /session/dc9cfe2592958747c8fdf9593ebaf5de/screenshot HTTP/1.1
User-Agent: selenium/4.7.1 (java windows)
Cache-Control: no-cache
Content-Type: application/json; charset=utf-8
host: localhost:46386
accept: */*

Response DefaultHttpResponse(decodeResult: success, version: HTTP/1.1)
HTTP/1.1 200 OK
Content-Type: application/json; charset=utf-8
cache-control: no-cache
content-length: 191780

14:40:22.212 [AsyncHttpClient-1-2] DEBUG org.asynchttpclient.netty.channel.ChannelManager - Adding key: http://localhost:46386 for channel [id: 0x9c484127, L:/127.0.0.1:65117 - R:localhost/127.0.0.1:46386]
14:40:22.219 [main] DEBUG net.serenitybdd.core.photography.Darkroom - Send negative for processing for target\site\serenity\e1bbc6b77fa30345462d919de0e7b4a3c46342bf870441b88676b24ba0d4338d.png
14:40:22.219 [main] DEBUG net.thucydides.core.steps.StepInterceptor - STEP DONE: klikbuttonmasuk
14:40:22.227 [Darkroom Processing Line] DEBUG net.serenitybdd.core.photography.DarkroomProcessingLine - Processing screenshot image in /var/screenshots/screenshot-10570809455217658170
14:40:22.227 [Darkroom Processing Line] DEBUG net.serenitybdd.core.photography.DarkroomProcessingLine - Saving screenshot to target\site\serenity\e1bbc6b77fa30345462d919de0e7b4a3c46342bf870441b88676b24ba0d4338d.png
  &amp#27;[32mGiven &amp#27;[0m&amp#27;[32mAdmin melakukan login akun untuk fitur PDAM&amp#27;[0m &amp#27;[90m# starter.stepdefinitions.PDAMSteps.adminMelakukanLoginAkunUntukFiturPDAM()&amp#27;[0m
14:40:22.267 [main] DEBUG net.thucydides.core.steps.StepInterceptor - STARTING STEP: PDAMSteps.padaBerandaAdminKlikLayanan - klikmenulayanan
14:40:22.283 [Forwarding findElement on session dc9cfe2592958747c8fdf9593ebaf5de to remote] DEBUG org.asynchttpclient.netty.request.NettyRequestSender - Using pooled Channel '[id: 0x9c484127, L:/127.0.0.1:65117 - R:localhost/127.0.0.1:46386]' for 'POST' to 'http://localhost:46386/session/dc9cfe2592958747c8fdf9593ebaf5de/element'
14:40:22.283 [Forwarding findElement on session dc9cfe2592958747c8fdf9593ebaf5de to remote] DEBUG org.asynchttpclient.netty.request.NettyRequestSender - Using open Channel [id: 0x9c484127, L:/127.0.0.1:65117 - R:localhost/127.0.0.1:46386] for POST '/session/dc9cfe2592958747c8fdf9593ebaf5de/element'
14:40:22.395 [AsyncHttpClient-1-1] DEBUG org.asynchttpclient.netty.channel.DefaultChannelPool - Entry count for : http://localhost:65130 : 1
14:40:23.443 [AsyncHttpClient-1-2] DEBUG org.asynchttpclient.netty.handler.HttpHandler - 

Request DefaultHttpRequest(decodeResult: success, version: HTTP/1.1)
POST /session/dc9cfe2592958747c8fdf9593ebaf5de/element HTTP/1.1
User-Agent: selenium/4.7.1 (java windows)
Content-Length: 178
Content-Type: application/json; charset=utf-8
host: localhost:46386
accept: */*

Response DefaultHttpResponse(decodeResult: success, version: HTTP/1.1)
HTTP/1.1 200 OK
Content-Type: application/json; charset=utf-8
cache-control: no-cache
content-length: 95

14:40:23.443 [AsyncHttpClient-1-2] DEBUG org.asynchttpclient.netty.channel.ChannelManager - Adding key: http://localhost:46386 for channel [id: 0x9c484127, L:/127.0.0.1:65117 - R:localhost/127.0.0.1:46386]
14:40:23.451 [Forwarding getElementTagName on session dc9cfe2592958747c8fdf9593ebaf5de to remote] DEBUG org.asynchttpclient.netty.request.NettyRequestSender - Using pooled Channel '[id: 0x9c484127, L:/127.0.0.1:65117 - R:localhost/127.0.0.1:46386]' for 'GET' to 'http://localhost:46386/session/dc9cfe2592958747c8fdf9593ebaf5de/element/41E400CA4ABBC1EFD238E0A961909228_element_23/name'
14:40:23.451 [Forwarding getElementTagName on session dc9cfe2592958747c8fdf9593ebaf5de to remote] DEBUG org.asynchttpclient.netty.request.NettyRequestSender - Using open Channel [id: 0x9c484127, L:/127.0.0.1:65117 - R:localhost/127.0.0.1:46386] for GET '/session/dc9cfe2592958747c8fdf9593ebaf5de/element/41E400CA4ABBC1EFD238E0A961909228_element_23/name'
14:40:23.491 [AsyncHttpClient-1-1] DEBUG org.asynchttpclient.netty.channel.DefaultChannelPool - Entry count for : http://localhost:65130 : 1
14:40:23.491 [AsyncHttpClient-1-2] DEBUG org.asynchttpclient.netty.handler.HttpHandler - 

Request DefaultFullHttpRequest(decodeResult: success, version: HTTP/1.1, content: EmptyByteBufBE)
GET /session/dc9cfe2592958747c8fdf9593ebaf5de/element/41E400CA4ABBC1EFD238E0A961909228_element_23/name HTTP/1.1
User-Agent: selenium/4.7.1 (java windows)
Cache-Control: no-cache
Content-Type: application/json; charset=utf-8
host: localhost:46386
accept: */*

Response DefaultHttpResponse(decodeResult: success, version: HTTP/1.1)
HTTP/1.1 200 OK
Content-Type: application/json; charset=utf-8
cache-control: no-cache
content-length: 13

14:40:23.491 [AsyncHttpClient-1-2] DEBUG org.asynchttpclient.netty.channel.ChannelManager - Adding key: http://localhost:46386 for channel [id: 0x9c484127, L:/127.0.0.1:65117 - R:localhost/127.0.0.1:46386]
14:40:23.491 [Forwarding getElementTagName on session dc9cfe2592958747c8fdf9593ebaf5de to remote] DEBUG org.asynchttpclient.netty.request.NettyRequestSender - Using pooled Channel '[id: 0x9c484127, L:/127.0.0.1:65117 - R:localhost/127.0.0.1:46386]' for 'GET' to 'http://localhost:46386/session/dc9cfe2592958747c8fdf9593ebaf5de/element/41E400CA4ABBC1EFD238E0A961909228_element_23/name'
14:40:23.491 [Forwarding getElementTagName on session dc9cfe2592958747c8fdf9593ebaf5de to remote] DEBUG org.asynchttpclient.netty.request.NettyRequestSender - Using open Channel [id: 0x9c484127, L:/127.0.0.1:65117 - R:localhost/127.0.0.1:46386] for GET '/session/dc9cfe2592958747c8fdf9593ebaf5de/element/41E400CA4ABBC1EFD238E0A961909228_element_23/name'
14:40:23.499 [AsyncHttpClient-1-2] DEBUG org.asynchttpclient.netty.handler.HttpHandler - 

Request DefaultFullHttpRequest(decodeResult: success, version: HTTP/1.1, content: EmptyByteBufBE)
GET /session/dc9cfe2592958747c8fdf9593ebaf5de/element/41E400CA4ABBC1EFD238E0A961909228_element_23/name HTTP/1.1
User-Agent: selenium/4.7.1 (java windows)
Cache-Control: no-cache
Content-Type: application/json; charset=utf-8
host: localhost:46386
accept: */*

Response DefaultHttpResponse(decodeResult: success, version: HTTP/1.1)
HTTP/1.1 200 OK
Content-Type: application/json; charset=utf-8
cache-control: no-cache
content-length: 13

14:40:23.507 [AsyncHttpClient-1-2] DEBUG org.asynchttpclient.netty.channel.ChannelManager - Adding key: http://localhost:46386 for channel [id: 0x9c484127, L:/127.0.0.1:65117 - R:localhost/127.0.0.1:46386]
14:40:23.507 [Forwarding findElement on session dc9cfe2592958747c8fdf9593ebaf5de to remote] DEBUG org.asynchttpclient.netty.request.NettyRequestSender - Using pooled Channel '[id: 0x9c484127, L:/127.0.0.1:65117 - R:localhost/127.0.0.1:46386]' for 'POST' to 'http://localhost:46386/session/dc9cfe2592958747c8fdf9593ebaf5de/element'
14:40:23.507 [Forwarding findElement on session dc9cfe2592958747c8fdf9593ebaf5de to remote] DEBUG org.asynchttpclient.netty.request.NettyRequestSender - Using open Channel [id: 0x9c484127, L:/127.0.0.1:65117 - R:localhost/127.0.0.1:46386] for POST '/session/dc9cfe2592958747c8fdf9593ebaf5de/element'
14:40:23.523 [AsyncHttpClient-1-2] DEBUG org.asynchttpclient.netty.handler.HttpHandler - 

Request DefaultHttpRequest(decodeResult: success, version: HTTP/1.1)
POST /session/dc9cfe2592958747c8fdf9593ebaf5de/element HTTP/1.1
User-Agent: selenium/4.7.1 (java windows)
Content-Length: 178
Content-Type: application/json; charset=utf-8
host: localhost:46386
accept: */*

Response DefaultHttpResponse(decodeResult: success, version: HTTP/1.1)
HTTP/1.1 200 OK
Content-Type: application/json; charset=utf-8
cache-control: no-cache
content-length: 95

14:40:23.523 [AsyncHttpClient-1-2] DEBUG org.asynchttpclient.netty.channel.ChannelManager - Adding key: http://localhost:46386 for channel [id: 0x9c484127, L:/127.0.0.1:65117 - R:localhost/127.0.0.1:46386]
14:40:23.531 [Forwarding clickElement on session dc9cfe2592958747c8fdf9593ebaf5de to remote] DEBUG org.asynchttpclient.netty.request.NettyRequestSender - Using pooled Channel '[id: 0x9c484127, L:/127.0.0.1:65117 - R:localhost/127.0.0.1:46386]' for 'POST' to 'http://localhost:46386/session/dc9cfe2592958747c8fdf9593ebaf5de/element/41E400CA4ABBC1EFD238E0A961909228_element_23/click'
14:40:23.531 [Forwarding clickElement on session dc9cfe2592958747c8fdf9593ebaf5de to remote] DEBUG org.asynchttpclient.netty.request.NettyRequestSender - Using open Channel [id: 0x9c484127, L:/127.0.0.1:65117 - R:localhost/127.0.0.1:46386] for POST '/session/dc9cfe2592958747c8fdf9593ebaf5de/element/41E400CA4ABBC1EFD238E0A961909228_element_23/click'
14:40:23.659 [AsyncHttpClient-1-2] DEBUG org.asynchttpclient.netty.handler.HttpHandler - 

Request DefaultHttpRequest(decodeResult: success, version: HTTP/1.1)
POST /session/dc9cfe2592958747c8fdf9593ebaf5de/element/41E400CA4ABBC1EFD238E0A961909228_element_23/click HTTP/1.1
User-Agent: selenium/4.7.1 (java windows)
Content-Length: 57
Content-Type: application/json; charset=utf-8
host: localhost:46386
accept: */*

Response DefaultHttpResponse(decodeResult: success, version: HTTP/1.1)
HTTP/1.1 200 OK
Content-Type: application/json; charset=utf-8
cache-control: no-cache
content-length: 14

14:40:23.659 [AsyncHttpClient-1-2] DEBUG org.asynchttpclient.netty.channel.ChannelManager - Adding key: http://localhost:46386 for channel [id: 0x9c484127, L:/127.0.0.1:65117 - R:localhost/127.0.0.1:46386]
14:40:23.684 [Forwarding getCurrentWindowHandle on session dc9cfe2592958747c8fdf9593ebaf5de to remote] DEBUG org.asynchttpclient.netty.request.NettyRequestSender - Using pooled Channel '[id: 0x9c484127, L:/127.0.0.1:65117 - R:localhost/127.0.0.1:46386]' for 'GET' to 'http://localhost:46386/session/dc9cfe2592958747c8fdf9593ebaf5de/window'
14:40:23.684 [Forwarding getCurrentWindowHandle on session dc9cfe2592958747c8fdf9593ebaf5de to remote] DEBUG org.asynchttpclient.netty.request.NettyRequestSender - Using open Channel [id: 0x9c484127, L:/127.0.0.1:65117 - R:localhost/127.0.0.1:46386] for GET '/session/dc9cfe2592958747c8fdf9593ebaf5de/window'
14:40:23.684 [AsyncHttpClient-1-2] DEBUG org.asynchttpclient.netty.handler.HttpHandler - 

Request DefaultFullHttpRequest(decodeResult: success, version: HTTP/1.1, content: EmptyByteBufBE)
GET /session/dc9cfe2592958747c8fdf9593ebaf5de/window HTTP/1.1
User-Agent: selenium/4.7.1 (java windows)
Cache-Control: no-cache
Content-Type: application/json; charset=utf-8
host: localhost:46386
accept: */*

Response DefaultHttpResponse(decodeResult: success, version: HTTP/1.1)
HTTP/1.1 200 OK
Content-Type: application/json; charset=utf-8
cache-control: no-cache
content-length: 44

14:40:23.692 [AsyncHttpClient-1-2] DEBUG org.asynchttpclient.netty.channel.ChannelManager - Adding key: http://localhost:46386 for channel [id: 0x9c484127, L:/127.0.0.1:65117 - R:localhost/127.0.0.1:46386]
14:40:23.692 [Forwarding getAlertText on session dc9cfe2592958747c8fdf9593ebaf5de to remote] DEBUG org.asynchttpclient.netty.request.NettyRequestSender - Using pooled Channel '[id: 0x9c484127, L:/127.0.0.1:65117 - R:localhost/127.0.0.1:46386]' for 'GET' to 'http://localhost:46386/session/dc9cfe2592958747c8fdf9593ebaf5de/alert/text'
14:40:23.692 [Forwarding getAlertText on session dc9cfe2592958747c8fdf9593ebaf5de to remote] DEBUG org.asynchttpclient.netty.request.NettyRequestSender - Using open Channel [id: 0x9c484127, L:/127.0.0.1:65117 - R:localhost/127.0.0.1:46386] for GET '/session/dc9cfe2592958747c8fdf9593ebaf5de/alert/text'
14:40:23.692 [AsyncHttpClient-1-2] DEBUG org.asynchttpclient.netty.handler.HttpHandler - 

Request DefaultFullHttpRequest(decodeResult: success, version: HTTP/1.1, content: EmptyByteBufBE)
GET /session/dc9cfe2592958747c8fdf9593ebaf5de/alert/text HTTP/1.1
User-Agent: selenium/4.7.1 (java windows)
Cache-Control: no-cache
Content-Type: application/json; charset=utf-8
host: localhost:46386
accept: */*

Response DefaultHttpResponse(decodeResult: success, version: HTTP/1.1)
HTTP/1.1 404 Not Found
Content-Type: application/json; charset=utf-8
cache-control: no-cache
content-length: 821

14:40:23.700 [AsyncHttpClient-1-2] DEBUG org.asynchttpclient.netty.channel.ChannelManager - Adding key: http://localhost:46386 for channel [id: 0x9c484127, L:/127.0.0.1:65117 - R:localhost/127.0.0.1:46386]
14:40:23.700 [Forwarding switchToWindow on session dc9cfe2592958747c8fdf9593ebaf5de to remote] DEBUG org.asynchttpclient.netty.request.NettyRequestSender - Using pooled Channel '[id: 0x9c484127, L:/127.0.0.1:65117 - R:localhost/127.0.0.1:46386]' for 'POST' to 'http://localhost:46386/session/dc9cfe2592958747c8fdf9593ebaf5de/window'
14:40:23.700 [Forwarding switchToWindow on session dc9cfe2592958747c8fdf9593ebaf5de to remote] DEBUG org.asynchttpclient.netty.request.NettyRequestSender - Using open Channel [id: 0x9c484127, L:/127.0.0.1:65117 - R:localhost/127.0.0.1:46386] for POST '/session/dc9cfe2592958747c8fdf9593ebaf5de/window'
14:40:23.708 [AsyncHttpClient-1-2] DEBUG org.asynchttpclient.netty.handler.HttpHandler - 

Request DefaultHttpRequest(decodeResult: success, version: HTTP/1.1)
POST /session/dc9cfe2592958747c8fdf9593ebaf5de/window HTTP/1.1
User-Agent: selenium/4.7.1 (java windows)
Content-Length: 50
Content-Type: application/json; charset=utf-8
host: localhost:46386
accept: */*

Response DefaultHttpResponse(decodeResult: success, version: HTTP/1.1)
HTTP/1.1 200 OK
Content-Type: application/json; charset=utf-8
cache-control: no-cache
content-length: 14

14:40:23.708 [AsyncHttpClient-1-2] DEBUG org.asynchttpclient.netty.channel.ChannelManager - Adding key: http://localhost:46386 for channel [id: 0x9c484127, L:/127.0.0.1:65117 - R:localhost/127.0.0.1:46386]
14:40:23.708 [Forwarding getCurrentUrl on session dc9cfe2592958747c8fdf9593ebaf5de to remote] DEBUG org.asynchttpclient.netty.request.NettyRequestSender - Using pooled Channel '[id: 0x9c484127, L:/127.0.0.1:65117 - R:localhost/127.0.0.1:46386]' for 'GET' to 'http://localhost:46386/session/dc9cfe2592958747c8fdf9593ebaf5de/url'
14:40:23.708 [Forwarding getCurrentUrl on session dc9cfe2592958747c8fdf9593ebaf5de to remote] DEBUG org.asynchttpclient.netty.request.NettyRequestSender - Using open Channel [id: 0x9c484127, L:/127.0.0.1:65117 - R:localhost/127.0.0.1:46386] for GET '/session/dc9cfe2592958747c8fdf9593ebaf5de/url'
14:40:23.724 [AsyncHttpClient-1-2] DEBUG org.asynchttpclient.netty.handler.HttpHandler - 

Request DefaultFullHttpRequest(decodeResult: success, version: HTTP/1.1, content: EmptyByteBufBE)
GET /session/dc9cfe2592958747c8fdf9593ebaf5de/url HTTP/1.1
User-Agent: selenium/4.7.1 (java windows)
Cache-Control: no-cache
Content-Type: application/json; charset=utf-8
host: localhost:46386
accept: */*

Response DefaultHttpResponse(decodeResult: success, version: HTTP/1.1)
HTTP/1.1 200 OK
Content-Type: application/json; charset=utf-8
cache-control: no-cache
content-length: 53

14:40:23.724 [AsyncHttpClient-1-2] DEBUG org.asynchttpclient.netty.channel.ChannelManager - Adding key: http://localhost:46386 for channel [id: 0x9c484127, L:/127.0.0.1:65117 - R:localhost/127.0.0.1:46386]
14:40:23.724 [Forwarding screenshot on session dc9cfe2592958747c8fdf9593ebaf5de to remote] DEBUG org.asynchttpclient.netty.request.NettyRequestSender - Using pooled Channel '[id: 0x9c484127, L:/127.0.0.1:65117 - R:localhost/127.0.0.1:46386]' for 'GET' to 'http://localhost:46386/session/dc9cfe2592958747c8fdf9593ebaf5de/screenshot'
14:40:23.724 [Forwarding screenshot on session dc9cfe2592958747c8fdf9593ebaf5de to remote] DEBUG org.asynchttpclient.netty.request.NettyRequestSender - Using open Channel [id: 0x9c484127, L:/127.0.0.1:65117 - R:localhost/127.0.0.1:46386] for GET '/session/dc9cfe2592958747c8fdf9593ebaf5de/screenshot'
14:40:23.900 [AsyncHttpClient-1-2] DEBUG org.asynchttpclient.netty.handler.HttpHandler - 

Request DefaultFullHttpRequest(decodeResult: success, version: HTTP/1.1, content: EmptyByteBufBE)
GET /session/dc9cfe2592958747c8fdf9593ebaf5de/screenshot HTTP/1.1
User-Agent: selenium/4.7.1 (java windows)
Cache-Control: no-cache
Content-Type: application/json; charset=utf-8
host: localhost:46386
accept: */*

Response DefaultHttpResponse(decodeResult: success, version: HTTP/1.1)
HTTP/1.1 200 OK
Content-Type: application/json; charset=utf-8
cache-control: no-cache
content-length: 38492

14:40:23.900 [AsyncHttpClient-1-2] DEBUG org.asynchttpclient.netty.channel.ChannelManager - Adding key: http://localhost:46386 for channel [id: 0x9c484127, L:/127.0.0.1:65117 - R:localhost/127.0.0.1:46386]
14:40:23.900 [main] DEBUG net.serenitybdd.core.photography.Darkroom - Send negative for processing for target\site\serenity\7f602176a1b41a4baa71b4ae41fffc1694f2c342387d217ec02ec2d01c06fd55.png
14:40:23.908 [main] DEBUG net.thucydides.core.steps.StepInterceptor - STEP DONE: klikmenulayanan
14:40:23.908 [Darkroom Processing Line] DEBUG net.serenitybdd.core.photography.DarkroomProcessingLine - Processing screenshot image in /var/screenshots/screenshot-15403251318497741820
14:40:23.908 [Darkroom Processing Line] DEBUG net.serenitybdd.core.photography.DarkroomProcessingLine - Saving screenshot to target\site\serenity\7f602176a1b41a4baa71b4ae41fffc1694f2c342387d217ec02ec2d01c06fd55.png
  &amp#27;[32mWhen &amp#27;[0m&amp#27;[32mPada Beranda, Admin klik Layanan&amp#27;[0m             &amp#27;[90m# starter.stepdefinitions.PDAMSteps.padaBerandaAdminKlikLayanan()&amp#27;[0m
14:40:23.932 [main] DEBUG net.thucydides.core.steps.StepInterceptor - STARTING STEP: PDAMSteps.adminKlikPDAM - klikpdam
14:40:23.948 [Forwarding findElement on session dc9cfe2592958747c8fdf9593ebaf5de to remote] DEBUG org.asynchttpclient.netty.request.NettyRequestSender - Using pooled Channel '[id: 0x9c484127, L:/127.0.0.1:65117 - R:localhost/127.0.0.1:46386]' for 'POST' to 'http://localhost:46386/session/dc9cfe2592958747c8fdf9593ebaf5de/element'
14:40:23.948 [Forwarding findElement on session dc9cfe2592958747c8fdf9593ebaf5de to remote] DEBUG org.asynchttpclient.netty.request.NettyRequestSender - Using open Channel [id: 0x9c484127, L:/127.0.0.1:65117 - R:localhost/127.0.0.1:46386] for POST '/session/dc9cfe2592958747c8fdf9593ebaf5de/element'
14:40:23.980 [AsyncHttpClient-1-2] DEBUG org.asynchttpclient.netty.handler.HttpHandler - 

Request DefaultHttpRequest(decodeResult: success, version: HTTP/1.1)
POST /session/dc9cfe2592958747c8fdf9593ebaf5de/element HTTP/1.1
User-Agent: selenium/4.7.1 (java windows)
Content-Length: 96
Content-Type: application/json; charset=utf-8
host: localhost:46386
accept: */*

Response DefaultHttpResponse(decodeResult: success, version: HTTP/1.1)
HTTP/1.1 200 OK
Content-Type: application/json; charset=utf-8
cache-control: no-cache
content-length: 95

14:40:23.980 [AsyncHttpClient-1-2] DEBUG org.asynchttpclient.netty.channel.ChannelManager - Adding key: http://localhost:46386 for channel [id: 0x9c484127, L:/127.0.0.1:65117 - R:localhost/127.0.0.1:46386]
14:40:23.980 [Forwarding getElementTagName on session dc9cfe2592958747c8fdf9593ebaf5de to remote] DEBUG org.asynchttpclient.netty.request.NettyRequestSender - Using pooled Channel '[id: 0x9c484127, L:/127.0.0.1:65117 - R:localhost/127.0.0.1:46386]' for 'GET' to 'http://localhost:46386/session/dc9cfe2592958747c8fdf9593ebaf5de/element/41E400CA4ABBC1EFD238E0A961909228_element_56/name'
14:40:23.980 [Forwarding getElementTagName on session dc9cfe2592958747c8fdf9593ebaf5de to remote] DEBUG org.asynchttpclient.netty.request.NettyRequestSender - Using open Channel [id: 0x9c484127, L:/127.0.0.1:65117 - R:localhost/127.0.0.1:46386] for GET '/session/dc9cfe2592958747c8fdf9593ebaf5de/element/41E400CA4ABBC1EFD238E0A961909228_element_56/name'
14:40:23.988 [AsyncHttpClient-1-2] DEBUG org.asynchttpclient.netty.handler.HttpHandler - 

Request DefaultFullHttpRequest(decodeResult: success, version: HTTP/1.1, content: EmptyByteBufBE)
GET /session/dc9cfe2592958747c8fdf9593ebaf5de/element/41E400CA4ABBC1EFD238E0A961909228_element_56/name HTTP/1.1
User-Agent: selenium/4.7.1 (java windows)
Cache-Control: no-cache
Content-Type: application/json; charset=utf-8
host: localhost:46386
accept: */*

Response DefaultHttpResponse(decodeResult: success, version: HTTP/1.1)
HTTP/1.1 200 OK
Content-Type: application/json; charset=utf-8
cache-control: no-cache
content-length: 13

14:40:23.988 [AsyncHttpClient-1-2] DEBUG org.asynchttpclient.netty.channel.ChannelManager - Adding key: http://localhost:46386 for channel [id: 0x9c484127, L:/127.0.0.1:65117 - R:localhost/127.0.0.1:46386]
14:40:23.996 [Forwarding getElementTagName on session dc9cfe2592958747c8fdf9593ebaf5de to remote] DEBUG org.asynchttpclient.netty.request.NettyRequestSender - Using pooled Channel '[id: 0x9c484127, L:/127.0.0.1:65117 - R:localhost/127.0.0.1:46386]' for 'GET' to 'http://localhost:46386/session/dc9cfe2592958747c8fdf9593ebaf5de/element/41E400CA4ABBC1EFD238E0A961909228_element_56/name'
14:40:23.996 [Forwarding getElementTagName on session dc9cfe2592958747c8fdf9593ebaf5de to remote] DEBUG org.asynchttpclient.netty.request.NettyRequestSender - Using open Channel [id: 0x9c484127, L:/127.0.0.1:65117 - R:localhost/127.0.0.1:46386] for GET '/session/dc9cfe2592958747c8fdf9593ebaf5de/element/41E400CA4ABBC1EFD238E0A961909228_element_56/name'
14:40:24.004 [AsyncHttpClient-1-2] DEBUG org.asynchttpclient.netty.handler.HttpHandler - 

Request DefaultFullHttpRequest(decodeResult: success, version: HTTP/1.1, content: EmptyByteBufBE)
GET /session/dc9cfe2592958747c8fdf9593ebaf5de/element/41E400CA4ABBC1EFD238E0A961909228_element_56/name HTTP/1.1
User-Agent: selenium/4.7.1 (java windows)
Cache-Control: no-cache
Content-Type: application/json; charset=utf-8
host: localhost:46386
accept: */*

Response DefaultHttpResponse(decodeResult: success, version: HTTP/1.1)
HTTP/1.1 200 OK
Content-Type: application/json; charset=utf-8
cache-control: no-cache
content-length: 13

14:40:24.004 [AsyncHttpClient-1-2] DEBUG org.asynchttpclient.netty.channel.ChannelManager - Adding key: http://localhost:46386 for channel [id: 0x9c484127, L:/127.0.0.1:65117 - R:localhost/127.0.0.1:46386]
14:40:24.004 [Forwarding findElement on session dc9cfe2592958747c8fdf9593ebaf5de to remote] DEBUG org.asynchttpclient.netty.request.NettyRequestSender - Using pooled Channel '[id: 0x9c484127, L:/127.0.0.1:65117 - R:localhost/127.0.0.1:46386]' for 'POST' to 'http://localhost:46386/session/dc9cfe2592958747c8fdf9593ebaf5de/element'
14:40:24.004 [Forwarding findElement on session dc9cfe2592958747c8fdf9593ebaf5de to remote] DEBUG org.asynchttpclient.netty.request.NettyRequestSender - Using open Channel [id: 0x9c484127, L:/127.0.0.1:65117 - R:localhost/127.0.0.1:46386] for POST '/session/dc9cfe2592958747c8fdf9593ebaf5de/element'
14:40:24.020 [AsyncHttpClient-1-2] DEBUG org.asynchttpclient.netty.handler.HttpHandler - 

Request DefaultHttpRequest(decodeResult: success, version: HTTP/1.1)
POST /session/dc9cfe2592958747c8fdf9593ebaf5de/element HTTP/1.1
User-Agent: selenium/4.7.1 (java windows)
Content-Length: 96
Content-Type: application/json; charset=utf-8
host: localhost:46386
accept: */*

Response DefaultHttpResponse(decodeResult: success, version: HTTP/1.1)
HTTP/1.1 200 OK
Content-Type: application/json; charset=utf-8
cache-control: no-cache
content-length: 95

14:40:24.020 [AsyncHttpClient-1-2] DEBUG org.asynchttpclient.netty.channel.ChannelManager - Adding key: http://localhost:46386 for channel [id: 0x9c484127, L:/127.0.0.1:65117 - R:localhost/127.0.0.1:46386]
14:40:24.028 [Forwarding clickElement on session dc9cfe2592958747c8fdf9593ebaf5de to remote] DEBUG org.asynchttpclient.netty.request.NettyRequestSender - Using pooled Channel '[id: 0x9c484127, L:/127.0.0.1:65117 - R:localhost/127.0.0.1:46386]' for 'POST' to 'http://localhost:46386/session/dc9cfe2592958747c8fdf9593ebaf5de/element/41E400CA4ABBC1EFD238E0A961909228_element_56/click'
14:40:24.028 [Forwarding clickElement on session dc9cfe2592958747c8fdf9593ebaf5de to remote] DEBUG org.asynchttpclient.netty.request.NettyRequestSender - Using open Channel [id: 0x9c484127, L:/127.0.0.1:65117 - R:localhost/127.0.0.1:46386] for POST '/session/dc9cfe2592958747c8fdf9593ebaf5de/element/41E400CA4ABBC1EFD238E0A961909228_element_56/click'
14:40:24.148 [AsyncHttpClient-1-2] DEBUG org.asynchttpclient.netty.handler.HttpHandler - 

Request DefaultHttpRequest(decodeResult: success, version: HTTP/1.1)
POST /session/dc9cfe2592958747c8fdf9593ebaf5de/element/41E400CA4ABBC1EFD238E0A961909228_element_56/click HTTP/1.1
User-Agent: selenium/4.7.1 (java windows)
Content-Length: 57
Content-Type: application/json; charset=utf-8
host: localhost:46386
accept: */*

Response DefaultHttpResponse(decodeResult: success, version: HTTP/1.1)
HTTP/1.1 200 OK
Content-Type: application/json; charset=utf-8
cache-control: no-cache
content-length: 14

14:40:24.156 [AsyncHttpClient-1-2] DEBUG org.asynchttpclient.netty.channel.ChannelManager - Adding key: http://localhost:46386 for channel [id: 0x9c484127, L:/127.0.0.1:65117 - R:localhost/127.0.0.1:46386]
14:40:24.164 [Forwarding getCurrentWindowHandle on session dc9cfe2592958747c8fdf9593ebaf5de to remote] DEBUG org.asynchttpclient.netty.request.NettyRequestSender - Using pooled Channel '[id: 0x9c484127, L:/127.0.0.1:65117 - R:localhost/127.0.0.1:46386]' for 'GET' to 'http://localhost:46386/session/dc9cfe2592958747c8fdf9593ebaf5de/window'
14:40:24.164 [Forwarding getCurrentWindowHandle on session dc9cfe2592958747c8fdf9593ebaf5de to remote] DEBUG org.asynchttpclient.netty.request.NettyRequestSender - Using open Channel [id: 0x9c484127, L:/127.0.0.1:65117 - R:localhost/127.0.0.1:46386] for GET '/session/dc9cfe2592958747c8fdf9593ebaf5de/window'
14:40:24.172 [AsyncHttpClient-1-2] DEBUG org.asynchttpclient.netty.handler.HttpHandler - 

Request DefaultFullHttpRequest(decodeResult: success, version: HTTP/1.1, content: EmptyByteBufBE)
GET /session/dc9cfe2592958747c8fdf9593ebaf5de/window HTTP/1.1
User-Agent: selenium/4.7.1 (java windows)
Cache-Control: no-cache
Content-Type: application/json; charset=utf-8
host: localhost:46386
accept: */*

Response DefaultHttpResponse(decodeResult: success, version: HTTP/1.1)
HTTP/1.1 200 OK
Content-Type: application/json; charset=utf-8
cache-control: no-cache
content-length: 44

14:40:24.172 [AsyncHttpClient-1-2] DEBUG org.asynchttpclient.netty.channel.ChannelManager - Adding key: http://localhost:46386 for channel [id: 0x9c484127, L:/127.0.0.1:65117 - R:localhost/127.0.0.1:46386]
14:40:24.176 [Forwarding getAlertText on session dc9cfe2592958747c8fdf9593ebaf5de to remote] DEBUG org.asynchttpclient.netty.request.NettyRequestSender - Using pooled Channel '[id: 0x9c484127, L:/127.0.0.1:65117 - R:localhost/127.0.0.1:46386]' for 'GET' to 'http://localhost:46386/session/dc9cfe2592958747c8fdf9593ebaf5de/alert/text'
14:40:24.176 [Forwarding getAlertText on session dc9cfe2592958747c8fdf9593ebaf5de to remote] DEBUG org.asynchttpclient.netty.request.NettyRequestSender - Using open Channel [id: 0x9c484127, L:/127.0.0.1:65117 - R:localhost/127.0.0.1:46386] for GET '/session/dc9cfe2592958747c8fdf9593ebaf5de/alert/text'
14:40:24.180 [AsyncHttpClient-1-2] DEBUG org.asynchttpclient.netty.handler.HttpHandler - 

Request DefaultFullHttpRequest(decodeResult: success, version: HTTP/1.1, content: EmptyByteBufBE)
GET /session/dc9cfe2592958747c8fdf9593ebaf5de/alert/text HTTP/1.1
User-Agent: selenium/4.7.1 (java windows)
Cache-Control: no-cache
Content-Type: application/json; charset=utf-8
host: localhost:46386
accept: */*

Response DefaultHttpResponse(decodeResult: success, version: HTTP/1.1)
HTTP/1.1 404 Not Found
Content-Type: application/json; charset=utf-8
cache-control: no-cache
content-length: 821

14:40:24.180 [AsyncHttpClient-1-2] DEBUG org.asynchttpclient.netty.channel.ChannelManager - Adding key: http://localhost:46386 for channel [id: 0x9c484127, L:/127.0.0.1:65117 - R:localhost/127.0.0.1:46386]
14:40:24.180 [Forwarding switchToWindow on session dc9cfe2592958747c8fdf9593ebaf5de to remote] DEBUG org.asynchttpclient.netty.request.NettyRequestSender - Using pooled Channel '[id: 0x9c484127, L:/127.0.0.1:65117 - R:localhost/127.0.0.1:46386]' for 'POST' to 'http://localhost:46386/session/dc9cfe2592958747c8fdf9593ebaf5de/window'
14:40:24.180 [Forwarding switchToWindow on session dc9cfe2592958747c8fdf9593ebaf5de to remote] DEBUG org.asynchttpclient.netty.request.NettyRequestSender - Using open Channel [id: 0x9c484127, L:/127.0.0.1:65117 - R:localhost/127.0.0.1:46386] for POST '/session/dc9cfe2592958747c8fdf9593ebaf5de/window'
14:40:24.188 [AsyncHttpClient-1-2] DEBUG org.asynchttpclient.netty.handler.HttpHandler - 

Request DefaultHttpRequest(decodeResult: success, version: HTTP/1.1)
POST /session/dc9cfe2592958747c8fdf9593ebaf5de/window HTTP/1.1
User-Agent: selenium/4.7.1 (java windows)
Content-Length: 50
Content-Type: application/json; charset=utf-8
host: localhost:46386
accept: */*

Response DefaultHttpResponse(decodeResult: success, version: HTTP/1.1)
HTTP/1.1 200 OK
Content-Type: application/json; charset=utf-8
cache-control: no-cache
content-length: 14

14:40:24.188 [AsyncHttpClient-1-2] DEBUG org.asynchttpclient.netty.channel.ChannelManager - Adding key: http://localhost:46386 for channel [id: 0x9c484127, L:/127.0.0.1:65117 - R:localhost/127.0.0.1:46386]
14:40:24.188 [Forwarding getCurrentUrl on session dc9cfe2592958747c8fdf9593ebaf5de to remote] DEBUG org.asynchttpclient.netty.request.NettyRequestSender - Using pooled Channel '[id: 0x9c484127, L:/127.0.0.1:65117 - R:localhost/127.0.0.1:46386]' for 'GET' to 'http://localhost:46386/session/dc9cfe2592958747c8fdf9593ebaf5de/url'
14:40:24.188 [Forwarding getCurrentUrl on session dc9cfe2592958747c8fdf9593ebaf5de to remote] DEBUG org.asynchttpclient.netty.request.NettyRequestSender - Using open Channel [id: 0x9c484127, L:/127.0.0.1:65117 - R:localhost/127.0.0.1:46386] for GET '/session/dc9cfe2592958747c8fdf9593ebaf5de/url'
14:40:24.196 [AsyncHttpClient-1-2] DEBUG org.asynchttpclient.netty.handler.HttpHandler - 

Request DefaultFullHttpRequest(decodeResult: success, version: HTTP/1.1, content: EmptyByteBufBE)
GET /session/dc9cfe2592958747c8fdf9593ebaf5de/url HTTP/1.1
User-Agent: selenium/4.7.1 (java windows)
Cache-Control: no-cache
Content-Type: application/json; charset=utf-8
host: localhost:46386
accept: */*

Response DefaultHttpResponse(decodeResult: success, version: HTTP/1.1)
HTTP/1.1 200 OK
Content-Type: application/json; charset=utf-8
cache-control: no-cache
content-length: 58

14:40:24.196 [AsyncHttpClient-1-2] DEBUG org.asynchttpclient.netty.channel.ChannelManager - Adding key: http://localhost:46386 for channel [id: 0x9c484127, L:/127.0.0.1:65117 - R:localhost/127.0.0.1:46386]
14:40:24.204 [Forwarding screenshot on session dc9cfe2592958747c8fdf9593ebaf5de to remote] DEBUG org.asynchttpclient.netty.request.NettyRequestSender - Using pooled Channel '[id: 0x9c484127, L:/127.0.0.1:65117 - R:localhost/127.0.0.1:46386]' for 'GET' to 'http://localhost:46386/session/dc9cfe2592958747c8fdf9593ebaf5de/screenshot'
14:40:24.204 [Forwarding screenshot on session dc9cfe2592958747c8fdf9593ebaf5de to remote] DEBUG org.asynchttpclient.netty.request.NettyRequestSender - Using open Channel [id: 0x9c484127, L:/127.0.0.1:65117 - R:localhost/127.0.0.1:46386] for GET '/session/dc9cfe2592958747c8fdf9593ebaf5de/screenshot'
14:40:24.356 [AsyncHttpClient-1-2] DEBUG org.asynchttpclient.netty.handler.HttpHandler - 

Request DefaultFullHttpRequest(decodeResult: success, version: HTTP/1.1, content: EmptyByteBufBE)
GET /session/dc9cfe2592958747c8fdf9593ebaf5de/screenshot HTTP/1.1
User-Agent: selenium/4.7.1 (java windows)
Cache-Control: no-cache
Content-Type: application/json; charset=utf-8
host: localhost:46386
accept: */*

Response DefaultHttpResponse(decodeResult: success, version: HTTP/1.1)
HTTP/1.1 200 OK
Content-Type: application/json; charset=utf-8
cache-control: no-cache
content-length: 61968

14:40:24.356 [AsyncHttpClient-1-2] DEBUG org.asynchttpclient.netty.channel.ChannelManager - Adding key: http://localhost:46386 for channel [id: 0x9c484127, L:/127.0.0.1:65117 - R:localhost/127.0.0.1:46386]
14:40:24.364 [main] DEBUG net.serenitybdd.core.photography.Darkroom - Send negative for processing for target\site\serenity\5f343597f6d835901ec0cb02d209b178c902e8eaac3f3431cbbb9833e2b17b3a.png
14:40:24.364 [main] DEBUG net.thucydides.core.steps.StepInterceptor - STEP DONE: klikpdam
14:40:24.364 [Darkroom Processing Line] DEBUG net.serenitybdd.core.photography.DarkroomProcessingLine - Processing screenshot image in /var/screenshots/screenshot-11633798487484196619
14:40:24.364 [Darkroom Processing Line] DEBUG net.serenitybdd.core.photography.DarkroomProcessingLine - Saving screenshot to target\site\serenity\5f343597f6d835901ec0cb02d209b178c902e8eaac3f3431cbbb9833e2b17b3a.png
  &amp#27;[32mAnd &amp#27;[0m&amp#27;[32mAdmin klik PDAM&amp#27;[0m                               &amp#27;[90m# starter.stepdefinitions.PDAMSteps.adminKlikPDAM()&amp#27;[0m
14:40:24.404 [main] DEBUG net.thucydides.core.steps.StepInterceptor - STARTING STEP: PDAMSteps.adminKlikButtonTambahPDAM - kliktambahpdam
14:40:24.404 [Forwarding findElement on session dc9cfe2592958747c8fdf9593ebaf5de to remote] DEBUG org.asynchttpclient.netty.request.NettyRequestSender - Using pooled Channel '[id: 0x9c484127, L:/127.0.0.1:65117 - R:localhost/127.0.0.1:46386]' for 'POST' to 'http://localhost:46386/session/dc9cfe2592958747c8fdf9593ebaf5de/element'
14:40:24.404 [Forwarding findElement on session dc9cfe2592958747c8fdf9593ebaf5de to remote] DEBUG org.asynchttpclient.netty.request.NettyRequestSender - Using open Channel [id: 0x9c484127, L:/127.0.0.1:65117 - R:localhost/127.0.0.1:46386] for POST '/session/dc9cfe2592958747c8fdf9593ebaf5de/element'
14:40:24.436 [AsyncHttpClient-1-2] DEBUG org.asynchttpclient.netty.handler.HttpHandler - 

Request DefaultHttpRequest(decodeResult: success, version: HTTP/1.1)
POST /session/dc9cfe2592958747c8fdf9593ebaf5de/element HTTP/1.1
User-Agent: selenium/4.7.1 (java windows)
Content-Length: 83
Content-Type: application/json; charset=utf-8
host: localhost:46386
accept: */*

Response DefaultHttpResponse(decodeResult: success, version: HTTP/1.1)
HTTP/1.1 200 OK
Content-Type: application/json; charset=utf-8
cache-control: no-cache
content-length: 95

14:40:24.436 [AsyncHttpClient-1-2] DEBUG org.asynchttpclient.netty.channel.ChannelManager - Adding key: http://localhost:46386 for channel [id: 0x9c484127, L:/127.0.0.1:65117 - R:localhost/127.0.0.1:46386]
14:40:24.444 [Forwarding getElementTagName on session dc9cfe2592958747c8fdf9593ebaf5de to remote] DEBUG org.asynchttpclient.netty.request.NettyRequestSender - Using pooled Channel '[id: 0x9c484127, L:/127.0.0.1:65117 - R:localhost/127.0.0.1:46386]' for 'GET' to 'http://localhost:46386/session/dc9cfe2592958747c8fdf9593ebaf5de/element/41E400CA4ABBC1EFD238E0A961909228_element_57/name'
14:40:24.444 [Forwarding getElementTagName on session dc9cfe2592958747c8fdf9593ebaf5de to remote] DEBUG org.asynchttpclient.netty.request.NettyRequestSender - Using open Channel [id: 0x9c484127, L:/127.0.0.1:65117 - R:localhost/127.0.0.1:46386] for GET '/session/dc9cfe2592958747c8fdf9593ebaf5de/element/41E400CA4ABBC1EFD238E0A961909228_element_57/name'
14:40:24.452 [AsyncHttpClient-1-2] DEBUG org.asynchttpclient.netty.handler.HttpHandler - 

Request DefaultFullHttpRequest(decodeResult: success, version: HTTP/1.1, content: EmptyByteBufBE)
GET /session/dc9cfe2592958747c8fdf9593ebaf5de/element/41E400CA4ABBC1EFD238E0A961909228_element_57/name HTTP/1.1
User-Agent: selenium/4.7.1 (java windows)
Cache-Control: no-cache
Content-Type: application/json; charset=utf-8
host: localhost:46386
accept: */*

Response DefaultHttpResponse(decodeResult: success, version: HTTP/1.1)
HTTP/1.1 200 OK
Content-Type: application/json; charset=utf-8
cache-control: no-cache
content-length: 18

14:40:24.452 [AsyncHttpClient-1-2] DEBUG org.asynchttpclient.netty.channel.ChannelManager - Adding key: http://localhost:46386 for channel [id: 0x9c484127, L:/127.0.0.1:65117 - R:localhost/127.0.0.1:46386]
14:40:24.452 [Forwarding getElementTagName on session dc9cfe2592958747c8fdf9593ebaf5de to remote] DEBUG org.asynchttpclient.netty.request.NettyRequestSender - Using pooled Channel '[id: 0x9c484127, L:/127.0.0.1:65117 - R:localhost/127.0.0.1:46386]' for 'GET' to 'http://localhost:46386/session/dc9cfe2592958747c8fdf9593ebaf5de/element/41E400CA4ABBC1EFD238E0A961909228_element_57/name'
14:40:24.452 [Forwarding getElementTagName on session dc9cfe2592958747c8fdf9593ebaf5de to remote] DEBUG org.asynchttpclient.netty.request.NettyRequestSender - Using open Channel [id: 0x9c484127, L:/127.0.0.1:65117 - R:localhost/127.0.0.1:46386] for GET '/session/dc9cfe2592958747c8fdf9593ebaf5de/element/41E400CA4ABBC1EFD238E0A961909228_element_57/name'
14:40:24.468 [AsyncHttpClient-1-2] DEBUG org.asynchttpclient.netty.handler.HttpHandler - 

Request DefaultFullHttpRequest(decodeResult: success, version: HTTP/1.1, content: EmptyByteBufBE)
GET /session/dc9cfe2592958747c8fdf9593ebaf5de/element/41E400CA4ABBC1EFD238E0A961909228_element_57/name HTTP/1.1
User-Agent: selenium/4.7.1 (java windows)
Cache-Control: no-cache
Content-Type: application/json; charset=utf-8
host: localhost:46386
accept: */*

Response DefaultHttpResponse(decodeResult: success, version: HTTP/1.1)
HTTP/1.1 200 OK
Content-Type: application/json; charset=utf-8
cache-control: no-cache
content-length: 18

14:40:24.468 [AsyncHttpClient-1-2] DEBUG org.asynchttpclient.netty.channel.ChannelManager - Adding key: http://localhost:46386 for channel [id: 0x9c484127, L:/127.0.0.1:65117 - R:localhost/127.0.0.1:46386]
14:40:24.468 [Forwarding isElementEnabled on session dc9cfe2592958747c8fdf9593ebaf5de to remote] DEBUG org.asynchttpclient.netty.request.NettyRequestSender - Using pooled Channel '[id: 0x9c484127, L:/127.0.0.1:65117 - R:localhost/127.0.0.1:46386]' for 'GET' to 'http://localhost:46386/session/dc9cfe2592958747c8fdf9593ebaf5de/element/41E400CA4ABBC1EFD238E0A961909228_element_57/enabled'
14:40:24.468 [Forwarding isElementEnabled on session dc9cfe2592958747c8fdf9593ebaf5de to remote] DEBUG org.asynchttpclient.netty.request.NettyRequestSender - Using open Channel [id: 0x9c484127, L:/127.0.0.1:65117 - R:localhost/127.0.0.1:46386] for GET '/session/dc9cfe2592958747c8fdf9593ebaf5de/element/41E400CA4ABBC1EFD238E0A961909228_element_57/enabled'
14:40:24.484 [AsyncHttpClient-1-2] DEBUG org.asynchttpclient.netty.handler.HttpHandler - 

Request DefaultFullHttpRequest(decodeResult: success, version: HTTP/1.1, content: EmptyByteBufBE)
GET /session/dc9cfe2592958747c8fdf9593ebaf5de/element/41E400CA4ABBC1EFD238E0A961909228_element_57/enabled HTTP/1.1
User-Agent: selenium/4.7.1 (java windows)
Cache-Control: no-cache
Content-Type: application/json; charset=utf-8
host: localhost:46386
accept: */*

Response DefaultHttpResponse(decodeResult: success, version: HTTP/1.1)
HTTP/1.1 200 OK
Content-Type: application/json; charset=utf-8
cache-control: no-cache
content-length: 14

14:40:24.484 [AsyncHttpClient-1-2] DEBUG org.asynchttpclient.netty.channel.ChannelManager - Adding key: http://localhost:46386 for channel [id: 0x9c484127, L:/127.0.0.1:65117 - R:localhost/127.0.0.1:46386]
14:40:24.492 [Forwarding isElementEnabled on session dc9cfe2592958747c8fdf9593ebaf5de to remote] DEBUG org.asynchttpclient.netty.request.NettyRequestSender - Using pooled Channel '[id: 0x9c484127, L:/127.0.0.1:65117 - R:localhost/127.0.0.1:46386]' for 'GET' to 'http://localhost:46386/session/dc9cfe2592958747c8fdf9593ebaf5de/element/41E400CA4ABBC1EFD238E0A961909228_element_57/enabled'
14:40:24.492 [Forwarding isElementEnabled on session dc9cfe2592958747c8fdf9593ebaf5de to remote] DEBUG org.asynchttpclient.netty.request.NettyRequestSender - Using open Channel [id: 0x9c484127, L:/127.0.0.1:65117 - R:localhost/127.0.0.1:46386] for GET '/session/dc9cfe2592958747c8fdf9593ebaf5de/element/41E400CA4ABBC1EFD238E0A961909228_element_57/enabled'
14:40:24.508 [AsyncHttpClient-1-2] DEBUG org.asynchttpclient.netty.handler.HttpHandler - 

Request DefaultFullHttpRequest(decodeResult: success, version: HTTP/1.1, content: EmptyByteBufBE)
GET /session/dc9cfe2592958747c8fdf9593ebaf5de/element/41E400CA4ABBC1EFD238E0A961909228_element_57/enabled HTTP/1.1
User-Agent: selenium/4.7.1 (java windows)
Cache-Control: no-cache
Content-Type: application/json; charset=utf-8
host: localhost:46386
accept: */*

Response DefaultHttpResponse(decodeResult: success, version: HTTP/1.1)
HTTP/1.1 200 OK
Content-Type: application/json; charset=utf-8
cache-control: no-cache
content-length: 14

14:40:24.508 [AsyncHttpClient-1-2] DEBUG org.asynchttpclient.netty.channel.ChannelManager - Adding key: http://localhost:46386 for channel [id: 0x9c484127, L:/127.0.0.1:65117 - R:localhost/127.0.0.1:46386]
14:40:24.516 [Forwarding findElement on session dc9cfe2592958747c8fdf9593ebaf5de to remote] DEBUG org.asynchttpclient.netty.request.NettyRequestSender - Using pooled Channel '[id: 0x9c484127, L:/127.0.0.1:65117 - R:localhost/127.0.0.1:46386]' for 'POST' to 'http://localhost:46386/session/dc9cfe2592958747c8fdf9593ebaf5de/element'
14:40:24.516 [Forwarding findElement on session dc9cfe2592958747c8fdf9593ebaf5de to remote] DEBUG org.asynchttpclient.netty.request.NettyRequestSender - Using open Channel [id: 0x9c484127, L:/127.0.0.1:65117 - R:localhost/127.0.0.1:46386] for POST '/session/dc9cfe2592958747c8fdf9593ebaf5de/element'
14:40:24.532 [AsyncHttpClient-1-2] DEBUG org.asynchttpclient.netty.handler.HttpHandler - 

Request DefaultHttpRequest(decodeResult: success, version: HTTP/1.1)
POST /session/dc9cfe2592958747c8fdf9593ebaf5de/element HTTP/1.1
User-Agent: selenium/4.7.1 (java windows)
Content-Length: 83
Content-Type: application/json; charset=utf-8
host: localhost:46386
accept: */*

Response DefaultHttpResponse(decodeResult: success, version: HTTP/1.1)
HTTP/1.1 200 OK
Content-Type: application/json; charset=utf-8
cache-control: no-cache
content-length: 95

14:40:24.532 [AsyncHttpClient-1-2] DEBUG org.asynchttpclient.netty.channel.ChannelManager - Adding key: http://localhost:46386 for channel [id: 0x9c484127, L:/127.0.0.1:65117 - R:localhost/127.0.0.1:46386]
14:40:24.532 [Forwarding clickElement on session dc9cfe2592958747c8fdf9593ebaf5de to remote] DEBUG org.asynchttpclient.netty.request.NettyRequestSender - Using pooled Channel '[id: 0x9c484127, L:/127.0.0.1:65117 - R:localhost/127.0.0.1:46386]' for 'POST' to 'http://localhost:46386/session/dc9cfe2592958747c8fdf9593ebaf5de/element/41E400CA4ABBC1EFD238E0A961909228_element_57/click'
14:40:24.532 [Forwarding clickElement on session dc9cfe2592958747c8fdf9593ebaf5de to remote] DEBUG org.asynchttpclient.netty.request.NettyRequestSender - Using open Channel [id: 0x9c484127, L:/127.0.0.1:65117 - R:localhost/127.0.0.1:46386] for POST '/session/dc9cfe2592958747c8fdf9593ebaf5de/element/41E400CA4ABBC1EFD238E0A961909228_element_57/click'
14:40:24.596 [AsyncHttpClient-1-1] DEBUG org.asynchttpclient.netty.channel.DefaultChannelPool - Entry count for : http://localhost:65130 : 1
14:40:24.637 [AsyncHttpClient-1-2] DEBUG org.asynchttpclient.netty.handler.HttpHandler - 

Request DefaultHttpRequest(decodeResult: success, version: HTTP/1.1)
POST /session/dc9cfe2592958747c8fdf9593ebaf5de/element/41E400CA4ABBC1EFD238E0A961909228_element_57/click HTTP/1.1
User-Agent: selenium/4.7.1 (java windows)
Content-Length: 57
Content-Type: application/json; charset=utf-8
host: localhost:46386
accept: */*

Response DefaultHttpResponse(decodeResult: success, version: HTTP/1.1)
HTTP/1.1 200 OK
Content-Type: application/json; charset=utf-8
cache-control: no-cache
content-length: 14

14:40:24.637 [AsyncHttpClient-1-2] DEBUG org.asynchttpclient.netty.channel.ChannelManager - Adding key: http://localhost:46386 for channel [id: 0x9c484127, L:/127.0.0.1:65117 - R:localhost/127.0.0.1:46386]
14:40:24.661 [Forwarding getCurrentWindowHandle on session dc9cfe2592958747c8fdf9593ebaf5de to remote] DEBUG org.asynchttpclient.netty.request.NettyRequestSender - Using pooled Channel '[id: 0x9c484127, L:/127.0.0.1:65117 - R:localhost/127.0.0.1:46386]' for 'GET' to 'http://localhost:46386/session/dc9cfe2592958747c8fdf9593ebaf5de/window'
14:40:24.661 [Forwarding getCurrentWindowHandle on session dc9cfe2592958747c8fdf9593ebaf5de to remote] DEBUG org.asynchttpclient.netty.request.NettyRequestSender - Using open Channel [id: 0x9c484127, L:/127.0.0.1:65117 - R:localhost/127.0.0.1:46386] for GET '/session/dc9cfe2592958747c8fdf9593ebaf5de/window'
14:40:24.661 [AsyncHttpClient-1-2] DEBUG org.asynchttpclient.netty.handler.HttpHandler - 

Request DefaultFullHttpRequest(decodeResult: success, version: HTTP/1.1, content: EmptyByteBufBE)
GET /session/dc9cfe2592958747c8fdf9593ebaf5de/window HTTP/1.1
User-Agent: selenium/4.7.1 (java windows)
Cache-Control: no-cache
Content-Type: application/json; charset=utf-8
host: localhost:46386
accept: */*

Response DefaultHttpResponse(decodeResult: success, version: HTTP/1.1)
HTTP/1.1 200 OK
Content-Type: application/json; charset=utf-8
cache-control: no-cache
content-length: 44

14:40:24.661 [AsyncHttpClient-1-2] DEBUG org.asynchttpclient.netty.channel.ChannelManager - Adding key: http://localhost:46386 for channel [id: 0x9c484127, L:/127.0.0.1:65117 - R:localhost/127.0.0.1:46386]
14:40:24.661 [Forwarding getAlertText on session dc9cfe2592958747c8fdf9593ebaf5de to remote] DEBUG org.asynchttpclient.netty.request.NettyRequestSender - Using pooled Channel '[id: 0x9c484127, L:/127.0.0.1:65117 - R:localhost/127.0.0.1:46386]' for 'GET' to 'http://localhost:46386/session/dc9cfe2592958747c8fdf9593ebaf5de/alert/text'
14:40:24.661 [Forwarding getAlertText on session dc9cfe2592958747c8fdf9593ebaf5de to remote] DEBUG org.asynchttpclient.netty.request.NettyRequestSender - Using open Channel [id: 0x9c484127, L:/127.0.0.1:65117 - R:localhost/127.0.0.1:46386] for GET '/session/dc9cfe2592958747c8fdf9593ebaf5de/alert/text'
14:40:24.669 [AsyncHttpClient-1-2] DEBUG org.asynchttpclient.netty.handler.HttpHandler - 

Request DefaultFullHttpRequest(decodeResult: success, version: HTTP/1.1, content: EmptyByteBufBE)
GET /session/dc9cfe2592958747c8fdf9593ebaf5de/alert/text HTTP/1.1
User-Agent: selenium/4.7.1 (java windows)
Cache-Control: no-cache
Content-Type: application/json; charset=utf-8
host: localhost:46386
accept: */*

Response DefaultHttpResponse(decodeResult: success, version: HTTP/1.1)
HTTP/1.1 404 Not Found
Content-Type: application/json; charset=utf-8
cache-control: no-cache
content-length: 821

14:40:24.676 [AsyncHttpClient-1-2] DEBUG org.asynchttpclient.netty.channel.ChannelManager - Adding key: http://localhost:46386 for channel [id: 0x9c484127, L:/127.0.0.1:65117 - R:localhost/127.0.0.1:46386]
14:40:24.677 [Forwarding switchToWindow on session dc9cfe2592958747c8fdf9593ebaf5de to remote] DEBUG org.asynchttpclient.netty.request.NettyRequestSender - Using pooled Channel '[id: 0x9c484127, L:/127.0.0.1:65117 - R:localhost/127.0.0.1:46386]' for 'POST' to 'http://localhost:46386/session/dc9cfe2592958747c8fdf9593ebaf5de/window'
14:40:24.677 [Forwarding switchToWindow on session dc9cfe2592958747c8fdf9593ebaf5de to remote] DEBUG org.asynchttpclient.netty.request.NettyRequestSender - Using open Channel [id: 0x9c484127, L:/127.0.0.1:65117 - R:localhost/127.0.0.1:46386] for POST '/session/dc9cfe2592958747c8fdf9593ebaf5de/window'
14:40:24.685 [AsyncHttpClient-1-2] DEBUG org.asynchttpclient.netty.handler.HttpHandler - 

Request DefaultHttpRequest(decodeResult: success, version: HTTP/1.1)
POST /session/dc9cfe2592958747c8fdf9593ebaf5de/window HTTP/1.1
User-Agent: selenium/4.7.1 (java windows)
Content-Length: 50
Content-Type: application/json; charset=utf-8
host: localhost:46386
accept: */*

Response DefaultHttpResponse(decodeResult: success, version: HTTP/1.1)
HTTP/1.1 200 OK
Content-Type: application/json; charset=utf-8
cache-control: no-cache
content-length: 14

14:40:24.685 [AsyncHttpClient-1-2] DEBUG org.asynchttpclient.netty.channel.ChannelManager - Adding key: http://localhost:46386 for channel [id: 0x9c484127, L:/127.0.0.1:65117 - R:localhost/127.0.0.1:46386]
14:40:24.685 [Forwarding getCurrentUrl on session dc9cfe2592958747c8fdf9593ebaf5de to remote] DEBUG org.asynchttpclient.netty.request.NettyRequestSender - Using pooled Channel '[id: 0x9c484127, L:/127.0.0.1:65117 - R:localhost/127.0.0.1:46386]' for 'GET' to 'http://localhost:46386/session/dc9cfe2592958747c8fdf9593ebaf5de/url'
14:40:24.685 [Forwarding getCurrentUrl on session dc9cfe2592958747c8fdf9593ebaf5de to remote] DEBUG org.asynchttpclient.netty.request.NettyRequestSender - Using open Channel [id: 0x9c484127, L:/127.0.0.1:65117 - R:localhost/127.0.0.1:46386] for GET '/session/dc9cfe2592958747c8fdf9593ebaf5de/url'
14:40:24.694 [AsyncHttpClient-1-2] DEBUG org.asynchttpclient.netty.handler.HttpHandler - 

Request DefaultFullHttpRequest(decodeResult: success, version: HTTP/1.1, content: EmptyByteBufBE)
GET /session/dc9cfe2592958747c8fdf9593ebaf5de/url HTTP/1.1
User-Agent: selenium/4.7.1 (java windows)
Cache-Control: no-cache
Content-Type: application/json; charset=utf-8
host: localhost:46386
accept: */*

Response DefaultHttpResponse(decodeResult: success, version: HTTP/1.1)
HTTP/1.1 200 OK
Content-Type: application/json; charset=utf-8
cache-control: no-cache
content-length: 65

14:40:24.694 [AsyncHttpClient-1-2] DEBUG org.asynchttpclient.netty.channel.ChannelManager - Adding key: http://localhost:46386 for channel [id: 0x9c484127, L:/127.0.0.1:65117 - R:localhost/127.0.0.1:46386]
14:40:24.694 [Forwarding screenshot on session dc9cfe2592958747c8fdf9593ebaf5de to remote] DEBUG org.asynchttpclient.netty.request.NettyRequestSender - Using pooled Channel '[id: 0x9c484127, L:/127.0.0.1:65117 - R:localhost/127.0.0.1:46386]' for 'GET' to 'http://localhost:46386/session/dc9cfe2592958747c8fdf9593ebaf5de/screenshot'
14:40:24.694 [Forwarding screenshot on session dc9cfe2592958747c8fdf9593ebaf5de to remote] DEBUG org.asynchttpclient.netty.request.NettyRequestSender - Using open Channel [id: 0x9c484127, L:/127.0.0.1:65117 - R:localhost/127.0.0.1:46386] for GET '/session/dc9cfe2592958747c8fdf9593ebaf5de/screenshot'
14:40:24.838 [AsyncHttpClient-1-2] DEBUG org.asynchttpclient.netty.handler.HttpHandler - 

Request DefaultFullHttpRequest(decodeResult: success, version: HTTP/1.1, content: EmptyByteBufBE)
GET /session/dc9cfe2592958747c8fdf9593ebaf5de/screenshot HTTP/1.1
User-Agent: selenium/4.7.1 (java windows)
Cache-Control: no-cache
Content-Type: application/json; charset=utf-8
host: localhost:46386
accept: */*

Response DefaultHttpResponse(decodeResult: success, version: HTTP/1.1)
HTTP/1.1 200 OK
Content-Type: application/json; charset=utf-8
cache-control: no-cache
content-length: 33128

14:40:24.838 [AsyncHttpClient-1-2] DEBUG org.asynchttpclient.netty.channel.ChannelManager - Adding key: http://localhost:46386 for channel [id: 0x9c484127, L:/127.0.0.1:65117 - R:localhost/127.0.0.1:46386]
14:40:24.838 [main] DEBUG net.serenitybdd.core.photography.Darkroom - Send negative for processing for target\site\serenity\5d84e76220564965f9f7674c2a5d292551b76a396e1f42d03582f965514a7123.png
14:40:24.838 [main] DEBUG net.thucydides.core.steps.StepInterceptor - STEP DONE: kliktambahpdam
14:40:24.838 [Darkroom Processing Line] DEBUG net.serenitybdd.core.photography.DarkroomProcessingLine - Processing screenshot image in /var/screenshots/screenshot-596181836383065051
14:40:24.838 [Darkroom Processing Line] DEBUG net.serenitybdd.core.photography.DarkroomProcessingLine - Saving screenshot to target\site\serenity\5d84e76220564965f9f7674c2a5d292551b76a396e1f42d03582f965514a7123.png
  &amp#27;[32mThen &amp#27;[0m&amp#27;[32mAdmin klik button + tambah PDAM&amp#27;[0m              &amp#27;[90m# starter.stepdefinitions.PDAMSteps.adminKlikButtonTambahPDAM()&amp#27;[0m
14:40:24.870 [main] DEBUG net.thucydides.core.steps.StepInterceptor - STARTING STEP: PDAMSteps.adminInputKodePDAM - inputfieldkodepdam
14:40:24.878 [Forwarding findElement on session dc9cfe2592958747c8fdf9593ebaf5de to remote] DEBUG org.asynchttpclient.netty.request.NettyRequestSender - Using pooled Channel '[id: 0x9c484127, L:/127.0.0.1:65117 - R:localhost/127.0.0.1:46386]' for 'POST' to 'http://localhost:46386/session/dc9cfe2592958747c8fdf9593ebaf5de/element'
14:40:24.878 [Forwarding findElement on session dc9cfe2592958747c8fdf9593ebaf5de to remote] DEBUG org.asynchttpclient.netty.request.NettyRequestSender - Using open Channel [id: 0x9c484127, L:/127.0.0.1:65117 - R:localhost/127.0.0.1:46386] for POST '/session/dc9cfe2592958747c8fdf9593ebaf5de/element'
14:40:24.902 [AsyncHttpClient-1-2] DEBUG org.asynchttpclient.netty.handler.HttpHandler - 

Request DefaultHttpRequest(decodeResult: success, version: HTTP/1.1)
POST /session/dc9cfe2592958747c8fdf9593ebaf5de/element HTTP/1.1
User-Agent: selenium/4.7.1 (java windows)
Content-Length: 76
Content-Type: application/json; charset=utf-8
host: localhost:46386
accept: */*

Response DefaultHttpResponse(decodeResult: success, version: HTTP/1.1)
HTTP/1.1 200 OK
Content-Type: application/json; charset=utf-8
cache-control: no-cache
content-length: 95

14:40:24.902 [AsyncHttpClient-1-2] DEBUG org.asynchttpclient.netty.channel.ChannelManager - Adding key: http://localhost:46386 for channel [id: 0x9c484127, L:/127.0.0.1:65117 - R:localhost/127.0.0.1:46386]
14:40:24.910 [Forwarding getElementTagName on session dc9cfe2592958747c8fdf9593ebaf5de to remote] DEBUG org.asynchttpclient.netty.request.NettyRequestSender - Using pooled Channel '[id: 0x9c484127, L:/127.0.0.1:65117 - R:localhost/127.0.0.1:46386]' for 'GET' to 'http://localhost:46386/session/dc9cfe2592958747c8fdf9593ebaf5de/element/41E400CA4ABBC1EFD238E0A961909228_element_60/name'
14:40:24.910 [Forwarding getElementTagName on session dc9cfe2592958747c8fdf9593ebaf5de to remote] DEBUG org.asynchttpclient.netty.request.NettyRequestSender - Using open Channel [id: 0x9c484127, L:/127.0.0.1:65117 - R:localhost/127.0.0.1:46386] for GET '/session/dc9cfe2592958747c8fdf9593ebaf5de/element/41E400CA4ABBC1EFD238E0A961909228_element_60/name'
14:40:24.926 [AsyncHttpClient-1-2] DEBUG org.asynchttpclient.netty.handler.HttpHandler - 

Request DefaultFullHttpRequest(decodeResult: success, version: HTTP/1.1, content: EmptyByteBufBE)
GET /session/dc9cfe2592958747c8fdf9593ebaf5de/element/41E400CA4ABBC1EFD238E0A961909228_element_60/name HTTP/1.1
User-Agent: selenium/4.7.1 (java windows)
Cache-Control: no-cache
Content-Type: application/json; charset=utf-8
host: localhost:46386
accept: */*

Response DefaultHttpResponse(decodeResult: success, version: HTTP/1.1)
HTTP/1.1 200 OK
Content-Type: application/json; charset=utf-8
cache-control: no-cache
content-length: 17

14:40:24.926 [AsyncHttpClient-1-2] DEBUG org.asynchttpclient.netty.channel.ChannelManager - Adding key: http://localhost:46386 for channel [id: 0x9c484127, L:/127.0.0.1:65117 - R:localhost/127.0.0.1:46386]
14:40:24.926 [Forwarding getElementTagName on session dc9cfe2592958747c8fdf9593ebaf5de to remote] DEBUG org.asynchttpclient.netty.request.NettyRequestSender - Using pooled Channel '[id: 0x9c484127, L:/127.0.0.1:65117 - R:localhost/127.0.0.1:46386]' for 'GET' to 'http://localhost:46386/session/dc9cfe2592958747c8fdf9593ebaf5de/element/41E400CA4ABBC1EFD238E0A961909228_element_60/name'
14:40:24.926 [Forwarding getElementTagName on session dc9cfe2592958747c8fdf9593ebaf5de to remote] DEBUG org.asynchttpclient.netty.request.NettyRequestSender - Using open Channel [id: 0x9c484127, L:/127.0.0.1:65117 - R:localhost/127.0.0.1:46386] for GET '/session/dc9cfe2592958747c8fdf9593ebaf5de/element/41E400CA4ABBC1EFD238E0A961909228_element_60/name'
14:40:24.942 [AsyncHttpClient-1-2] DEBUG org.asynchttpclient.netty.handler.HttpHandler - 

Request DefaultFullHttpRequest(decodeResult: success, version: HTTP/1.1, content: EmptyByteBufBE)
GET /session/dc9cfe2592958747c8fdf9593ebaf5de/element/41E400CA4ABBC1EFD238E0A961909228_element_60/name HTTP/1.1
User-Agent: selenium/4.7.1 (java windows)
Cache-Control: no-cache
Content-Type: application/json; charset=utf-8
host: localhost:46386
accept: */*

Response DefaultHttpResponse(decodeResult: success, version: HTTP/1.1)
HTTP/1.1 200 OK
Content-Type: application/json; charset=utf-8
cache-control: no-cache
content-length: 17

14:40:24.942 [AsyncHttpClient-1-2] DEBUG org.asynchttpclient.netty.channel.ChannelManager - Adding key: http://localhost:46386 for channel [id: 0x9c484127, L:/127.0.0.1:65117 - R:localhost/127.0.0.1:46386]
14:40:24.950 [Forwarding isElementEnabled on session dc9cfe2592958747c8fdf9593ebaf5de to remote] DEBUG org.asynchttpclient.netty.request.NettyRequestSender - Using pooled Channel '[id: 0x9c484127, L:/127.0.0.1:65117 - R:localhost/127.0.0.1:46386]' for 'GET' to 'http://localhost:46386/session/dc9cfe2592958747c8fdf9593ebaf5de/element/41E400CA4ABBC1EFD238E0A961909228_element_60/enabled'
14:40:24.950 [Forwarding isElementEnabled on session dc9cfe2592958747c8fdf9593ebaf5de to remote] DEBUG org.asynchttpclient.netty.request.NettyRequestSender - Using open Channel [id: 0x9c484127, L:/127.0.0.1:65117 - R:localhost/127.0.0.1:46386] for GET '/session/dc9cfe2592958747c8fdf9593ebaf5de/element/41E400CA4ABBC1EFD238E0A961909228_element_60/enabled'
14:40:24.982 [AsyncHttpClient-1-2] DEBUG org.asynchttpclient.netty.handler.HttpHandler - 

Request DefaultFullHttpRequest(decodeResult: success, version: HTTP/1.1, content: EmptyByteBufBE)
GET /session/dc9cfe2592958747c8fdf9593ebaf5de/element/41E400CA4ABBC1EFD238E0A961909228_element_60/enabled HTTP/1.1
User-Agent: selenium/4.7.1 (java windows)
Cache-Control: no-cache
Content-Type: application/json; charset=utf-8
host: localhost:46386
accept: */*

Response DefaultHttpResponse(decodeResult: success, version: HTTP/1.1)
HTTP/1.1 200 OK
Content-Type: application/json; charset=utf-8
cache-control: no-cache
content-length: 14

14:40:24.982 [AsyncHttpClient-1-2] DEBUG org.asynchttpclient.netty.channel.ChannelManager - Adding key: http://localhost:46386 for channel [id: 0x9c484127, L:/127.0.0.1:65117 - R:localhost/127.0.0.1:46386]
14:40:24.982 [Forwarding isElementEnabled on session dc9cfe2592958747c8fdf9593ebaf5de to remote] DEBUG org.asynchttpclient.netty.request.NettyRequestSender - Using pooled Channel '[id: 0x9c484127, L:/127.0.0.1:65117 - R:localhost/127.0.0.1:46386]' for 'GET' to 'http://localhost:46386/session/dc9cfe2592958747c8fdf9593ebaf5de/element/41E400CA4ABBC1EFD238E0A961909228_element_60/enabled'
14:40:24.982 [Forwarding isElementEnabled on session dc9cfe2592958747c8fdf9593ebaf5de to remote] DEBUG org.asynchttpclient.netty.request.NettyRequestSender - Using open Channel [id: 0x9c484127, L:/127.0.0.1:65117 - R:localhost/127.0.0.1:46386] for GET '/session/dc9cfe2592958747c8fdf9593ebaf5de/element/41E400CA4ABBC1EFD238E0A961909228_element_60/enabled'
14:40:25.014 [AsyncHttpClient-1-2] DEBUG org.asynchttpclient.netty.handler.HttpHandler - 

Request DefaultFullHttpRequest(decodeResult: success, version: HTTP/1.1, content: EmptyByteBufBE)
GET /session/dc9cfe2592958747c8fdf9593ebaf5de/element/41E400CA4ABBC1EFD238E0A961909228_element_60/enabled HTTP/1.1
User-Agent: selenium/4.7.1 (java windows)
Cache-Control: no-cache
Content-Type: application/json; charset=utf-8
host: localhost:46386
accept: */*

Response DefaultHttpResponse(decodeResult: success, version: HTTP/1.1)
HTTP/1.1 200 OK
Content-Type: application/json; charset=utf-8
cache-control: no-cache
content-length: 14

14:40:25.014 [AsyncHttpClient-1-2] DEBUG org.asynchttpclient.netty.channel.ChannelManager - Adding key: http://localhost:46386 for channel [id: 0x9c484127, L:/127.0.0.1:65117 - R:localhost/127.0.0.1:46386]
14:40:25.022 [Forwarding findElement on session dc9cfe2592958747c8fdf9593ebaf5de to remote] DEBUG org.asynchttpclient.netty.request.NettyRequestSender - Using pooled Channel '[id: 0x9c484127, L:/127.0.0.1:65117 - R:localhost/127.0.0.1:46386]' for 'POST' to 'http://localhost:46386/session/dc9cfe2592958747c8fdf9593ebaf5de/element'
14:40:25.022 [Forwarding findElement on session dc9cfe2592958747c8fdf9593ebaf5de to remote] DEBUG org.asynchttpclient.netty.request.NettyRequestSender - Using open Channel [id: 0x9c484127, L:/127.0.0.1:65117 - R:localhost/127.0.0.1:46386] for POST '/session/dc9cfe2592958747c8fdf9593ebaf5de/element'
14:40:25.038 [AsyncHttpClient-1-2] DEBUG org.asynchttpclient.netty.handler.HttpHandler - 

Request DefaultHttpRequest(decodeResult: success, version: HTTP/1.1)
POST /session/dc9cfe2592958747c8fdf9593ebaf5de/element HTTP/1.1
User-Agent: selenium/4.7.1 (java windows)
Content-Length: 76
Content-Type: application/json; charset=utf-8
host: localhost:46386
accept: */*

Response DefaultHttpResponse(decodeResult: success, version: HTTP/1.1)
HTTP/1.1 200 OK
Content-Type: application/json; charset=utf-8
cache-control: no-cache
content-length: 95

14:40:25.038 [AsyncHttpClient-1-2] DEBUG org.asynchttpclient.netty.channel.ChannelManager - Adding key: http://localhost:46386 for channel [id: 0x9c484127, L:/127.0.0.1:65117 - R:localhost/127.0.0.1:46386]
14:40:25.046 [Forwarding clickElement on session dc9cfe2592958747c8fdf9593ebaf5de to remote] DEBUG org.asynchttpclient.netty.request.NettyRequestSender - Using pooled Channel '[id: 0x9c484127, L:/127.0.0.1:65117 - R:localhost/127.0.0.1:46386]' for 'POST' to 'http://localhost:46386/session/dc9cfe2592958747c8fdf9593ebaf5de/element/41E400CA4ABBC1EFD238E0A961909228_element_60/click'
14:40:25.046 [Forwarding clickElement on session dc9cfe2592958747c8fdf9593ebaf5de to remote] DEBUG org.asynchttpclient.netty.request.NettyRequestSender - Using open Channel [id: 0x9c484127, L:/127.0.0.1:65117 - R:localhost/127.0.0.1:46386] for POST '/session/dc9cfe2592958747c8fdf9593ebaf5de/element/41E400CA4ABBC1EFD238E0A961909228_element_60/click'
14:40:25.166 [AsyncHttpClient-1-2] DEBUG org.asynchttpclient.netty.handler.HttpHandler - 

Request DefaultHttpRequest(decodeResult: success, version: HTTP/1.1)
POST /session/dc9cfe2592958747c8fdf9593ebaf5de/element/41E400CA4ABBC1EFD238E0A961909228_element_60/click HTTP/1.1
User-Agent: selenium/4.7.1 (java windows)
Content-Length: 57
Content-Type: application/json; charset=utf-8
host: localhost:46386
accept: */*

Response DefaultHttpResponse(decodeResult: success, version: HTTP/1.1)
HTTP/1.1 200 OK
Content-Type: application/json; charset=utf-8
cache-control: no-cache
content-length: 14

14:40:25.166 [AsyncHttpClient-1-2] DEBUG org.asynchttpclient.netty.channel.ChannelManager - Adding key: http://localhost:46386 for channel [id: 0x9c484127, L:/127.0.0.1:65117 - R:localhost/127.0.0.1:46386]
14:40:25.182 [Forwarding findElement on session dc9cfe2592958747c8fdf9593ebaf5de to remote] DEBUG org.asynchttpclient.netty.request.NettyRequestSender - Using pooled Channel '[id: 0x9c484127, L:/127.0.0.1:65117 - R:localhost/127.0.0.1:46386]' for 'POST' to 'http://localhost:46386/session/dc9cfe2592958747c8fdf9593ebaf5de/element'
14:40:25.182 [Forwarding findElement on session dc9cfe2592958747c8fdf9593ebaf5de to remote] DEBUG org.asynchttpclient.netty.request.NettyRequestSender - Using open Channel [id: 0x9c484127, L:/127.0.0.1:65117 - R:localhost/127.0.0.1:46386] for POST '/session/dc9cfe2592958747c8fdf9593ebaf5de/element'
14:40:25.206 [AsyncHttpClient-1-2] DEBUG org.asynchttpclient.netty.handler.HttpHandler - 

Request DefaultHttpRequest(decodeResult: success, version: HTTP/1.1)
POST /session/dc9cfe2592958747c8fdf9593ebaf5de/element HTTP/1.1
User-Agent: selenium/4.7.1 (java windows)
Content-Length: 76
Content-Type: application/json; charset=utf-8
host: localhost:46386
accept: */*

Response DefaultHttpResponse(decodeResult: success, version: HTTP/1.1)
HTTP/1.1 200 OK
Content-Type: application/json; charset=utf-8
cache-control: no-cache
content-length: 95

14:40:25.206 [AsyncHttpClient-1-2] DEBUG org.asynchttpclient.netty.channel.ChannelManager - Adding key: http://localhost:46386 for channel [id: 0x9c484127, L:/127.0.0.1:65117 - R:localhost/127.0.0.1:46386]
14:40:25.206 [Forwarding clearElement on session dc9cfe2592958747c8fdf9593ebaf5de to remote] DEBUG org.asynchttpclient.netty.request.NettyRequestSender - Using pooled Channel '[id: 0x9c484127, L:/127.0.0.1:65117 - R:localhost/127.0.0.1:46386]' for 'POST' to 'http://localhost:46386/session/dc9cfe2592958747c8fdf9593ebaf5de/element/41E400CA4ABBC1EFD238E0A961909228_element_60/clear'
14:40:25.206 [Forwarding clearElement on session dc9cfe2592958747c8fdf9593ebaf5de to remote] DEBUG org.asynchttpclient.netty.request.NettyRequestSender - Using open Channel [id: 0x9c484127, L:/127.0.0.1:65117 - R:localhost/127.0.0.1:46386] for POST '/session/dc9cfe2592958747c8fdf9593ebaf5de/element/41E400CA4ABBC1EFD238E0A961909228_element_60/clear'
14:40:25.302 [AsyncHttpClient-1-2] DEBUG org.asynchttpclient.netty.handler.HttpHandler - 

Request DefaultHttpRequest(decodeResult: success, version: HTTP/1.1)
POST /session/dc9cfe2592958747c8fdf9593ebaf5de/element/41E400CA4ABBC1EFD238E0A961909228_element_60/clear HTTP/1.1
User-Agent: selenium/4.7.1 (java windows)
Content-Length: 57
Content-Type: application/json; charset=utf-8
host: localhost:46386
accept: */*

Response DefaultHttpResponse(decodeResult: success, version: HTTP/1.1)
HTTP/1.1 200 OK
Content-Type: application/json; charset=utf-8
cache-control: no-cache
content-length: 14

14:40:25.302 [AsyncHttpClient-1-2] DEBUG org.asynchttpclient.netty.channel.ChannelManager - Adding key: http://localhost:46386 for channel [id: 0x9c484127, L:/127.0.0.1:65117 - R:localhost/127.0.0.1:46386]
14:40:25.310 [Forwarding sendKeysToElement on session dc9cfe2592958747c8fdf9593ebaf5de to remote] DEBUG org.asynchttpclient.netty.request.NettyRequestSender - Using pooled Channel '[id: 0x9c484127, L:/127.0.0.1:65117 - R:localhost/127.0.0.1:46386]' for 'POST' to 'http://localhost:46386/session/dc9cfe2592958747c8fdf9593ebaf5de/element/41E400CA4ABBC1EFD238E0A961909228_element_60/value'
14:40:25.310 [Forwarding sendKeysToElement on session dc9cfe2592958747c8fdf9593ebaf5de to remote] DEBUG org.asynchttpclient.netty.request.NettyRequestSender - Using open Channel [id: 0x9c484127, L:/127.0.0.1:65117 - R:localhost/127.0.0.1:46386] for POST '/session/dc9cfe2592958747c8fdf9593ebaf5de/element/41E400CA4ABBC1EFD238E0A961909228_element_60/value'
14:40:25.406 [AsyncHttpClient-1-2] DEBUG org.asynchttpclient.netty.handler.HttpHandler - 

Request DefaultHttpRequest(decodeResult: success, version: HTTP/1.1)
POST /session/dc9cfe2592958747c8fdf9593ebaf5de/element/41E400CA4ABBC1EFD238E0A961909228_element_60/value HTTP/1.1
User-Agent: selenium/4.7.1 (java windows)
Content-Length: 158
Content-Type: application/json; charset=utf-8
host: localhost:46386
accept: */*

Response DefaultHttpResponse(decodeResult: success, version: HTTP/1.1)
HTTP/1.1 200 OK
Content-Type: application/json; charset=utf-8
cache-control: no-cache
content-length: 14

14:40:25.406 [AsyncHttpClient-1-2] DEBUG org.asynchttpclient.netty.channel.ChannelManager - Adding key: http://localhost:46386 for channel [id: 0x9c484127, L:/127.0.0.1:65117 - R:localhost/127.0.0.1:46386]
14:40:25.430 [Forwarding getCurrentWindowHandle on session dc9cfe2592958747c8fdf9593ebaf5de to remote] DEBUG org.asynchttpclient.netty.request.NettyRequestSender - Using pooled Channel '[id: 0x9c484127, L:/127.0.0.1:65117 - R:localhost/127.0.0.1:46386]' for 'GET' to 'http://localhost:46386/session/dc9cfe2592958747c8fdf9593ebaf5de/window'
14:40:25.430 [Forwarding getCurrentWindowHandle on session dc9cfe2592958747c8fdf9593ebaf5de to remote] DEBUG org.asynchttpclient.netty.request.NettyRequestSender - Using open Channel [id: 0x9c484127, L:/127.0.0.1:65117 - R:localhost/127.0.0.1:46386] for GET '/session/dc9cfe2592958747c8fdf9593ebaf5de/window'
14:40:25.430 [AsyncHttpClient-1-2] DEBUG org.asynchttpclient.netty.handler.HttpHandler - 

Request DefaultFullHttpRequest(decodeResult: success, version: HTTP/1.1, content: EmptyByteBufBE)
GET /session/dc9cfe2592958747c8fdf9593ebaf5de/window HTTP/1.1
User-Agent: selenium/4.7.1 (java windows)
Cache-Control: no-cache
Content-Type: application/json; charset=utf-8
host: localhost:46386
accept: */*

Response DefaultHttpResponse(decodeResult: success, version: HTTP/1.1)
HTTP/1.1 200 OK
Content-Type: application/json; charset=utf-8
cache-control: no-cache
content-length: 44

14:40:25.430 [AsyncHttpClient-1-2] DEBUG org.asynchttpclient.netty.channel.ChannelManager - Adding key: http://localhost:46386 for channel [id: 0x9c484127, L:/127.0.0.1:65117 - R:localhost/127.0.0.1:46386]
14:40:25.438 [Forwarding getAlertText on session dc9cfe2592958747c8fdf9593ebaf5de to remote] DEBUG org.asynchttpclient.netty.request.NettyRequestSender - Using pooled Channel '[id: 0x9c484127, L:/127.0.0.1:65117 - R:localhost/127.0.0.1:46386]' for 'GET' to 'http://localhost:46386/session/dc9cfe2592958747c8fdf9593ebaf5de/alert/text'
14:40:25.438 [Forwarding getAlertText on session dc9cfe2592958747c8fdf9593ebaf5de to remote] DEBUG org.asynchttpclient.netty.request.NettyRequestSender - Using open Channel [id: 0x9c484127, L:/127.0.0.1:65117 - R:localhost/127.0.0.1:46386] for GET '/session/dc9cfe2592958747c8fdf9593ebaf5de/alert/text'
14:40:25.438 [AsyncHttpClient-1-2] DEBUG org.asynchttpclient.netty.handler.HttpHandler - 

Request DefaultFullHttpRequest(decodeResult: success, version: HTTP/1.1, content: EmptyByteBufBE)
GET /session/dc9cfe2592958747c8fdf9593ebaf5de/alert/text HTTP/1.1
User-Agent: selenium/4.7.1 (java windows)
Cache-Control: no-cache
Content-Type: application/json; charset=utf-8
host: localhost:46386
accept: */*

Response DefaultHttpResponse(decodeResult: success, version: HTTP/1.1)
HTTP/1.1 404 Not Found
Content-Type: application/json; charset=utf-8
cache-control: no-cache
content-length: 821

14:40:25.438 [AsyncHttpClient-1-2] DEBUG org.asynchttpclient.netty.channel.ChannelManager - Adding key: http://localhost:46386 for channel [id: 0x9c484127, L:/127.0.0.1:65117 - R:localhost/127.0.0.1:46386]
14:40:25.446 [Forwarding switchToWindow on session dc9cfe2592958747c8fdf9593ebaf5de to remote] DEBUG org.asynchttpclient.netty.request.NettyRequestSender - Using pooled Channel '[id: 0x9c484127, L:/127.0.0.1:65117 - R:localhost/127.0.0.1:46386]' for 'POST' to 'http://localhost:46386/session/dc9cfe2592958747c8fdf9593ebaf5de/window'
14:40:25.446 [Forwarding switchToWindow on session dc9cfe2592958747c8fdf9593ebaf5de to remote] DEBUG org.asynchttpclient.netty.request.NettyRequestSender - Using open Channel [id: 0x9c484127, L:/127.0.0.1:65117 - R:localhost/127.0.0.1:46386] for POST '/session/dc9cfe2592958747c8fdf9593ebaf5de/window'
14:40:25.454 [AsyncHttpClient-1-2] DEBUG org.asynchttpclient.netty.handler.HttpHandler - 

Request DefaultHttpRequest(decodeResult: success, version: HTTP/1.1)
POST /session/dc9cfe2592958747c8fdf9593ebaf5de/window HTTP/1.1
User-Agent: selenium/4.7.1 (java windows)
Content-Length: 50
Content-Type: application/json; charset=utf-8
host: localhost:46386
accept: */*

Response DefaultHttpResponse(decodeResult: success, version: HTTP/1.1)
HTTP/1.1 200 OK
Content-Type: application/json; charset=utf-8
cache-control: no-cache
content-length: 14

14:40:25.454 [AsyncHttpClient-1-2] DEBUG org.asynchttpclient.netty.channel.ChannelManager - Adding key: http://localhost:46386 for channel [id: 0x9c484127, L:/127.0.0.1:65117 - R:localhost/127.0.0.1:46386]
14:40:25.454 [Forwarding getCurrentUrl on session dc9cfe2592958747c8fdf9593ebaf5de to remote] DEBUG org.asynchttpclient.netty.request.NettyRequestSender - Using pooled Channel '[id: 0x9c484127, L:/127.0.0.1:65117 - R:localhost/127.0.0.1:46386]' for 'GET' to 'http://localhost:46386/session/dc9cfe2592958747c8fdf9593ebaf5de/url'
14:40:25.454 [Forwarding getCurrentUrl on session dc9cfe2592958747c8fdf9593ebaf5de to remote] DEBUG org.asynchttpclient.netty.request.NettyRequestSender - Using open Channel [id: 0x9c484127, L:/127.0.0.1:65117 - R:localhost/127.0.0.1:46386] for GET '/session/dc9cfe2592958747c8fdf9593ebaf5de/url'
14:40:25.462 [AsyncHttpClient-1-2] DEBUG org.asynchttpclient.netty.handler.HttpHandler - 

Request DefaultFullHttpRequest(decodeResult: success, version: HTTP/1.1, content: EmptyByteBufBE)
GET /session/dc9cfe2592958747c8fdf9593ebaf5de/url HTTP/1.1
User-Agent: selenium/4.7.1 (java windows)
Cache-Control: no-cache
Content-Type: application/json; charset=utf-8
host: localhost:46386
accept: */*

Response DefaultHttpResponse(decodeResult: success, version: HTTP/1.1)
HTTP/1.1 200 OK
Content-Type: application/json; charset=utf-8
cache-control: no-cache
content-length: 65

14:40:25.462 [AsyncHttpClient-1-2] DEBUG org.asynchttpclient.netty.channel.ChannelManager - Adding key: http://localhost:46386 for channel [id: 0x9c484127, L:/127.0.0.1:65117 - R:localhost/127.0.0.1:46386]
14:40:25.462 [Forwarding screenshot on session dc9cfe2592958747c8fdf9593ebaf5de to remote] DEBUG org.asynchttpclient.netty.request.NettyRequestSender - Using pooled Channel '[id: 0x9c484127, L:/127.0.0.1:65117 - R:localhost/127.0.0.1:46386]' for 'GET' to 'http://localhost:46386/session/dc9cfe2592958747c8fdf9593ebaf5de/screenshot'
14:40:25.462 [Forwarding screenshot on session dc9cfe2592958747c8fdf9593ebaf5de to remote] DEBUG org.asynchttpclient.netty.request.NettyRequestSender - Using open Channel [id: 0x9c484127, L:/127.0.0.1:65117 - R:localhost/127.0.0.1:46386] for GET '/session/dc9cfe2592958747c8fdf9593ebaf5de/screenshot'
14:40:25.606 [AsyncHttpClient-1-2] DEBUG org.asynchttpclient.netty.handler.HttpHandler - 

Request DefaultFullHttpRequest(decodeResult: success, version: HTTP/1.1, content: EmptyByteBufBE)
GET /session/dc9cfe2592958747c8fdf9593ebaf5de/screenshot HTTP/1.1
User-Agent: selenium/4.7.1 (java windows)
Cache-Control: no-cache
Content-Type: application/json; charset=utf-8
host: localhost:46386
accept: */*

Response DefaultHttpResponse(decodeResult: success, version: HTTP/1.1)
HTTP/1.1 200 OK
Content-Type: application/json; charset=utf-8
cache-control: no-cache
content-length: 34836

14:40:25.606 [AsyncHttpClient-1-2] DEBUG org.asynchttpclient.netty.channel.ChannelManager - Adding key: http://localhost:46386 for channel [id: 0x9c484127, L:/127.0.0.1:65117 - R:localhost/127.0.0.1:46386]
14:40:25.606 [main] DEBUG net.serenitybdd.core.photography.Darkroom - Send negative for processing for target\site\serenity\34269e64bbdaa73933deb2229d3ac650af5fccb300c6209fd286cdef13187f01.png
14:40:25.606 [main] DEBUG net.thucydides.core.steps.StepInterceptor - STEP DONE: inputfieldkodepdam
14:40:25.606 [Darkroom Processing Line] DEBUG net.serenitybdd.core.photography.DarkroomProcessingLine - Processing screenshot image in /var/screenshots/screenshot-3167702891910107573
14:40:25.606 [Darkroom Processing Line] DEBUG net.serenitybdd.core.photography.DarkroomProcessingLine - Saving screenshot to target\site\serenity\34269e64bbdaa73933deb2229d3ac650af5fccb300c6209fd286cdef13187f01.png
  &amp#27;[32mAnd &amp#27;[0m&amp#27;[32mAdmin input kode PDAM&amp#27;[0m                         &amp#27;[90m# starter.stepdefinitions.PDAMSteps.adminInputKodePDAM()&amp#27;[0m
14:40:25.630 [main] DEBUG net.thucydides.core.steps.StepInterceptor - STARTING STEP: PDAMSteps.adminInputJenisPDAM - inputfieldjenispdam
14:40:25.638 [Forwarding findElement on session dc9cfe2592958747c8fdf9593ebaf5de to remote] DEBUG org.asynchttpclient.netty.request.NettyRequestSender - Using pooled Channel '[id: 0x9c484127, L:/127.0.0.1:65117 - R:localhost/127.0.0.1:46386]' for 'POST' to 'http://localhost:46386/session/dc9cfe2592958747c8fdf9593ebaf5de/element'
14:40:25.638 [Forwarding findElement on session dc9cfe2592958747c8fdf9593ebaf5de to remote] DEBUG org.asynchttpclient.netty.request.NettyRequestSender - Using open Channel [id: 0x9c484127, L:/127.0.0.1:65117 - R:localhost/127.0.0.1:46386] for POST '/session/dc9cfe2592958747c8fdf9593ebaf5de/element'
14:40:25.662 [AsyncHttpClient-1-2] DEBUG org.asynchttpclient.netty.handler.HttpHandler - 

Request DefaultHttpRequest(decodeResult: success, version: HTTP/1.1)
POST /session/dc9cfe2592958747c8fdf9593ebaf5de/element HTTP/1.1
User-Agent: selenium/4.7.1 (java windows)
Content-Length: 77
Content-Type: application/json; charset=utf-8
host: localhost:46386
accept: */*

Response DefaultHttpResponse(decodeResult: success, version: HTTP/1.1)
HTTP/1.1 200 OK
Content-Type: application/json; charset=utf-8
cache-control: no-cache
content-length: 95

14:40:25.662 [AsyncHttpClient-1-2] DEBUG org.asynchttpclient.netty.channel.ChannelManager - Adding key: http://localhost:46386 for channel [id: 0x9c484127, L:/127.0.0.1:65117 - R:localhost/127.0.0.1:46386]
14:40:25.662 [Forwarding getElementTagName on session dc9cfe2592958747c8fdf9593ebaf5de to remote] DEBUG org.asynchttpclient.netty.request.NettyRequestSender - Using pooled Channel '[id: 0x9c484127, L:/127.0.0.1:65117 - R:localhost/127.0.0.1:46386]' for 'GET' to 'http://localhost:46386/session/dc9cfe2592958747c8fdf9593ebaf5de/element/41E400CA4ABBC1EFD238E0A961909228_element_61/name'
14:40:25.662 [Forwarding getElementTagName on session dc9cfe2592958747c8fdf9593ebaf5de to remote] DEBUG org.asynchttpclient.netty.request.NettyRequestSender - Using open Channel [id: 0x9c484127, L:/127.0.0.1:65117 - R:localhost/127.0.0.1:46386] for GET '/session/dc9cfe2592958747c8fdf9593ebaf5de/element/41E400CA4ABBC1EFD238E0A961909228_element_61/name'
14:40:25.678 [AsyncHttpClient-1-2] DEBUG org.asynchttpclient.netty.handler.HttpHandler - 

Request DefaultFullHttpRequest(decodeResult: success, version: HTTP/1.1, content: EmptyByteBufBE)
GET /session/dc9cfe2592958747c8fdf9593ebaf5de/element/41E400CA4ABBC1EFD238E0A961909228_element_61/name HTTP/1.1
User-Agent: selenium/4.7.1 (java windows)
Cache-Control: no-cache
Content-Type: application/json; charset=utf-8
host: localhost:46386
accept: */*

Response DefaultHttpResponse(decodeResult: success, version: HTTP/1.1)
HTTP/1.1 200 OK
Content-Type: application/json; charset=utf-8
cache-control: no-cache
content-length: 17

14:40:25.678 [AsyncHttpClient-1-2] DEBUG org.asynchttpclient.netty.channel.ChannelManager - Adding key: http://localhost:46386 for channel [id: 0x9c484127, L:/127.0.0.1:65117 - R:localhost/127.0.0.1:46386]
14:40:25.678 [Forwarding getElementTagName on session dc9cfe2592958747c8fdf9593ebaf5de to remote] DEBUG org.asynchttpclient.netty.request.NettyRequestSender - Using pooled Channel '[id: 0x9c484127, L:/127.0.0.1:65117 - R:localhost/127.0.0.1:46386]' for 'GET' to 'http://localhost:46386/session/dc9cfe2592958747c8fdf9593ebaf5de/element/41E400CA4ABBC1EFD238E0A961909228_element_61/name'
14:40:25.678 [Forwarding getElementTagName on session dc9cfe2592958747c8fdf9593ebaf5de to remote] DEBUG org.asynchttpclient.netty.request.NettyRequestSender - Using open Channel [id: 0x9c484127, L:/127.0.0.1:65117 - R:localhost/127.0.0.1:46386] for GET '/session/dc9cfe2592958747c8fdf9593ebaf5de/element/41E400CA4ABBC1EFD238E0A961909228_element_61/name'
14:40:25.686 [AsyncHttpClient-1-2] DEBUG org.asynchttpclient.netty.handler.HttpHandler - 

Request DefaultFullHttpRequest(decodeResult: success, version: HTTP/1.1, content: EmptyByteBufBE)
GET /session/dc9cfe2592958747c8fdf9593ebaf5de/element/41E400CA4ABBC1EFD238E0A961909228_element_61/name HTTP/1.1
User-Agent: selenium/4.7.1 (java windows)
Cache-Control: no-cache
Content-Type: application/json; charset=utf-8
host: localhost:46386
accept: */*

Response DefaultHttpResponse(decodeResult: success, version: HTTP/1.1)
HTTP/1.1 200 OK
Content-Type: application/json; charset=utf-8
cache-control: no-cache
content-length: 17

14:40:25.686 [AsyncHttpClient-1-2] DEBUG org.asynchttpclient.netty.channel.ChannelManager - Adding key: http://localhost:46386 for channel [id: 0x9c484127, L:/127.0.0.1:65117 - R:localhost/127.0.0.1:46386]
14:40:25.694 [AsyncHttpClient-1-1] DEBUG org.asynchttpclient.netty.channel.DefaultChannelPool - Entry count for : http://localhost:46386 : 1
14:40:25.694 [AsyncHttpClient-1-1] DEBUG org.asynchttpclient.netty.channel.DefaultChannelPool - Entry count for : http://localhost:65130 : 1
14:40:25.694 [Forwarding isElementEnabled on session dc9cfe2592958747c8fdf9593ebaf5de to remote] DEBUG org.asynchttpclient.netty.request.NettyRequestSender - Using pooled Channel '[id: 0x9c484127, L:/127.0.0.1:65117 - R:localhost/127.0.0.1:46386]' for 'GET' to 'http://localhost:46386/session/dc9cfe2592958747c8fdf9593ebaf5de/element/41E400CA4ABBC1EFD238E0A961909228_element_61/enabled'
14:40:25.694 [Forwarding isElementEnabled on session dc9cfe2592958747c8fdf9593ebaf5de to remote] DEBUG org.asynchttpclient.netty.request.NettyRequestSender - Using open Channel [id: 0x9c484127, L:/127.0.0.1:65117 - R:localhost/127.0.0.1:46386] for GET '/session/dc9cfe2592958747c8fdf9593ebaf5de/element/41E400CA4ABBC1EFD238E0A961909228_element_61/enabled'
14:40:25.702 [AsyncHttpClient-1-2] DEBUG org.asynchttpclient.netty.handler.HttpHandler - 

Request DefaultFullHttpRequest(decodeResult: success, version: HTTP/1.1, content: EmptyByteBufBE)
GET /session/dc9cfe2592958747c8fdf9593ebaf5de/element/41E400CA4ABBC1EFD238E0A961909228_element_61/enabled HTTP/1.1
User-Agent: selenium/4.7.1 (java windows)
Cache-Control: no-cache
Content-Type: application/json; charset=utf-8
host: localhost:46386
accept: */*

Response DefaultHttpResponse(decodeResult: success, version: HTTP/1.1)
HTTP/1.1 200 OK
Content-Type: application/json; charset=utf-8
cache-control: no-cache
content-length: 14

14:40:25.710 [AsyncHttpClient-1-2] DEBUG org.asynchttpclient.netty.channel.ChannelManager - Adding key: http://localhost:46386 for channel [id: 0x9c484127, L:/127.0.0.1:65117 - R:localhost/127.0.0.1:46386]
14:40:25.710 [Forwarding isElementEnabled on session dc9cfe2592958747c8fdf9593ebaf5de to remote] DEBUG org.asynchttpclient.netty.request.NettyRequestSender - Using pooled Channel '[id: 0x9c484127, L:/127.0.0.1:65117 - R:localhost/127.0.0.1:46386]' for 'GET' to 'http://localhost:46386/session/dc9cfe2592958747c8fdf9593ebaf5de/element/41E400CA4ABBC1EFD238E0A961909228_element_61/enabled'
14:40:25.710 [Forwarding isElementEnabled on session dc9cfe2592958747c8fdf9593ebaf5de to remote] DEBUG org.asynchttpclient.netty.request.NettyRequestSender - Using open Channel [id: 0x9c484127, L:/127.0.0.1:65117 - R:localhost/127.0.0.1:46386] for GET '/session/dc9cfe2592958747c8fdf9593ebaf5de/element/41E400CA4ABBC1EFD238E0A961909228_element_61/enabled'
14:40:25.726 [AsyncHttpClient-1-2] DEBUG org.asynchttpclient.netty.handler.HttpHandler - 

Request DefaultFullHttpRequest(decodeResult: success, version: HTTP/1.1, content: EmptyByteBufBE)
GET /session/dc9cfe2592958747c8fdf9593ebaf5de/element/41E400CA4ABBC1EFD238E0A961909228_element_61/enabled HTTP/1.1
User-Agent: selenium/4.7.1 (java windows)
Cache-Control: no-cache
Content-Type: application/json; charset=utf-8
host: localhost:46386
accept: */*

Response DefaultHttpResponse(decodeResult: success, version: HTTP/1.1)
HTTP/1.1 200 OK
Content-Type: application/json; charset=utf-8
cache-control: no-cache
content-length: 14

14:40:25.726 [AsyncHttpClient-1-2] DEBUG org.asynchttpclient.netty.channel.ChannelManager - Adding key: http://localhost:46386 for channel [id: 0x9c484127, L:/127.0.0.1:65117 - R:localhost/127.0.0.1:46386]
14:40:25.734 [Forwarding findElement on session dc9cfe2592958747c8fdf9593ebaf5de to remote] DEBUG org.asynchttpclient.netty.request.NettyRequestSender - Using pooled Channel '[id: 0x9c484127, L:/127.0.0.1:65117 - R:localhost/127.0.0.1:46386]' for 'POST' to 'http://localhost:46386/session/dc9cfe2592958747c8fdf9593ebaf5de/element'
14:40:25.734 [Forwarding findElement on session dc9cfe2592958747c8fdf9593ebaf5de to remote] DEBUG org.asynchttpclient.netty.request.NettyRequestSender - Using open Channel [id: 0x9c484127, L:/127.0.0.1:65117 - R:localhost/127.0.0.1:46386] for POST '/session/dc9cfe2592958747c8fdf9593ebaf5de/element'
14:40:25.750 [AsyncHttpClient-1-2] DEBUG org.asynchttpclient.netty.handler.HttpHandler - 

Request DefaultHttpRequest(decodeResult: success, version: HTTP/1.1)
POST /session/dc9cfe2592958747c8fdf9593ebaf5de/element HTTP/1.1
User-Agent: selenium/4.7.1 (java windows)
Content-Length: 77
Content-Type: application/json; charset=utf-8
host: localhost:46386
accept: */*

Response DefaultHttpResponse(decodeResult: success, version: HTTP/1.1)
HTTP/1.1 200 OK
Content-Type: application/json; charset=utf-8
cache-control: no-cache
content-length: 95

14:40:25.750 [AsyncHttpClient-1-2] DEBUG org.asynchttpclient.netty.channel.ChannelManager - Adding key: http://localhost:46386 for channel [id: 0x9c484127, L:/127.0.0.1:65117 - R:localhost/127.0.0.1:46386]
14:40:25.750 [Forwarding clickElement on session dc9cfe2592958747c8fdf9593ebaf5de to remote] DEBUG org.asynchttpclient.netty.request.NettyRequestSender - Using pooled Channel '[id: 0x9c484127, L:/127.0.0.1:65117 - R:localhost/127.0.0.1:46386]' for 'POST' to 'http://localhost:46386/session/dc9cfe2592958747c8fdf9593ebaf5de/element/41E400CA4ABBC1EFD238E0A961909228_element_61/click'
14:40:25.750 [Forwarding clickElement on session dc9cfe2592958747c8fdf9593ebaf5de to remote] DEBUG org.asynchttpclient.netty.request.NettyRequestSender - Using open Channel [id: 0x9c484127, L:/127.0.0.1:65117 - R:localhost/127.0.0.1:46386] for POST '/session/dc9cfe2592958747c8fdf9593ebaf5de/element/41E400CA4ABBC1EFD238E0A961909228_element_61/click'
14:40:25.838 [AsyncHttpClient-1-2] DEBUG org.asynchttpclient.netty.handler.HttpHandler - 

Request DefaultHttpRequest(decodeResult: success, version: HTTP/1.1)
POST /session/dc9cfe2592958747c8fdf9593ebaf5de/element/41E400CA4ABBC1EFD238E0A961909228_element_61/click HTTP/1.1
User-Agent: selenium/4.7.1 (java windows)
Content-Length: 57
Content-Type: application/json; charset=utf-8
host: localhost:46386
accept: */*

Response DefaultHttpResponse(decodeResult: success, version: HTTP/1.1)
HTTP/1.1 200 OK
Content-Type: application/json; charset=utf-8
cache-control: no-cache
content-length: 14

14:40:25.838 [AsyncHttpClient-1-2] DEBUG org.asynchttpclient.netty.channel.ChannelManager - Adding key: http://localhost:46386 for channel [id: 0x9c484127, L:/127.0.0.1:65117 - R:localhost/127.0.0.1:46386]
14:40:25.846 [Forwarding findElement on session dc9cfe2592958747c8fdf9593ebaf5de to remote] DEBUG org.asynchttpclient.netty.request.NettyRequestSender - Using pooled Channel '[id: 0x9c484127, L:/127.0.0.1:65117 - R:localhost/127.0.0.1:46386]' for 'POST' to 'http://localhost:46386/session/dc9cfe2592958747c8fdf9593ebaf5de/element'
14:40:25.846 [Forwarding findElement on session dc9cfe2592958747c8fdf9593ebaf5de to remote] DEBUG org.asynchttpclient.netty.request.NettyRequestSender - Using open Channel [id: 0x9c484127, L:/127.0.0.1:65117 - R:localhost/127.0.0.1:46386] for POST '/session/dc9cfe2592958747c8fdf9593ebaf5de/element'
14:40:25.870 [AsyncHttpClient-1-2] DEBUG org.asynchttpclient.netty.handler.HttpHandler - 

Request DefaultHttpRequest(decodeResult: success, version: HTTP/1.1)
POST /session/dc9cfe2592958747c8fdf9593ebaf5de/element HTTP/1.1
User-Agent: selenium/4.7.1 (java windows)
Content-Length: 77
Content-Type: application/json; charset=utf-8
host: localhost:46386
accept: */*

Response DefaultHttpResponse(decodeResult: success, version: HTTP/1.1)
HTTP/1.1 200 OK
Content-Type: application/json; charset=utf-8
cache-control: no-cache
content-length: 95

14:40:25.870 [AsyncHttpClient-1-2] DEBUG org.asynchttpclient.netty.channel.ChannelManager - Adding key: http://localhost:46386 for channel [id: 0x9c484127, L:/127.0.0.1:65117 - R:localhost/127.0.0.1:46386]
14:40:25.877 [Forwarding clearElement on session dc9cfe2592958747c8fdf9593ebaf5de to remote] DEBUG org.asynchttpclient.netty.request.NettyRequestSender - Using pooled Channel '[id: 0x9c484127, L:/127.0.0.1:65117 - R:localhost/127.0.0.1:46386]' for 'POST' to 'http://localhost:46386/session/dc9cfe2592958747c8fdf9593ebaf5de/element/41E400CA4ABBC1EFD238E0A961909228_element_61/clear'
14:40:25.877 [Forwarding clearElement on session dc9cfe2592958747c8fdf9593ebaf5de to remote] DEBUG org.asynchttpclient.netty.request.NettyRequestSender - Using open Channel [id: 0x9c484127, L:/127.0.0.1:65117 - R:localhost/127.0.0.1:46386] for POST '/session/dc9cfe2592958747c8fdf9593ebaf5de/element/41E400CA4ABBC1EFD238E0A961909228_element_61/clear'
14:40:25.942 [AsyncHttpClient-1-2] DEBUG org.asynchttpclient.netty.handler.HttpHandler - 

Request DefaultHttpRequest(decodeResult: success, version: HTTP/1.1)
POST /session/dc9cfe2592958747c8fdf9593ebaf5de/element/41E400CA4ABBC1EFD238E0A961909228_element_61/clear HTTP/1.1
User-Agent: selenium/4.7.1 (java windows)
Content-Length: 57
Content-Type: application/json; charset=utf-8
host: localhost:46386
accept: */*

Response DefaultHttpResponse(decodeResult: success, version: HTTP/1.1)
HTTP/1.1 200 OK
Content-Type: application/json; charset=utf-8
cache-control: no-cache
content-length: 14

14:40:25.942 [AsyncHttpClient-1-2] DEBUG org.asynchttpclient.netty.channel.ChannelManager - Adding key: http://localhost:46386 for channel [id: 0x9c484127, L:/127.0.0.1:65117 - R:localhost/127.0.0.1:46386]
14:40:25.942 [Forwarding sendKeysToElement on session dc9cfe2592958747c8fdf9593ebaf5de to remote] DEBUG org.asynchttpclient.netty.request.NettyRequestSender - Using pooled Channel '[id: 0x9c484127, L:/127.0.0.1:65117 - R:localhost/127.0.0.1:46386]' for 'POST' to 'http://localhost:46386/session/dc9cfe2592958747c8fdf9593ebaf5de/element/41E400CA4ABBC1EFD238E0A961909228_element_61/value'
14:40:25.942 [Forwarding sendKeysToElement on session dc9cfe2592958747c8fdf9593ebaf5de to remote] DEBUG org.asynchttpclient.netty.request.NettyRequestSender - Using open Channel [id: 0x9c484127, L:/127.0.0.1:65117 - R:localhost/127.0.0.1:46386] for POST '/session/dc9cfe2592958747c8fdf9593ebaf5de/element/41E400CA4ABBC1EFD238E0A961909228_element_61/value'
14:40:26.183 [AsyncHttpClient-1-2] DEBUG org.asynchttpclient.netty.handler.HttpHandler - 

Request DefaultHttpRequest(decodeResult: success, version: HTTP/1.1)
POST /session/dc9cfe2592958747c8fdf9593ebaf5de/element/41E400CA4ABBC1EFD238E0A961909228_element_61/value HTTP/1.1
User-Agent: selenium/4.7.1 (java windows)
Content-Length: 228
Content-Type: application/json; charset=utf-8
host: localhost:46386
accept: */*

Response DefaultHttpResponse(decodeResult: success, version: HTTP/1.1)
HTTP/1.1 200 OK
Content-Type: application/json; charset=utf-8
cache-control: no-cache
content-length: 14

14:40:26.183 [AsyncHttpClient-1-2] DEBUG org.asynchttpclient.netty.channel.ChannelManager - Adding key: http://localhost:46386 for channel [id: 0x9c484127, L:/127.0.0.1:65117 - R:localhost/127.0.0.1:46386]
14:40:26.215 [Forwarding getCurrentWindowHandle on session dc9cfe2592958747c8fdf9593ebaf5de to remote] DEBUG org.asynchttpclient.netty.request.NettyRequestSender - Using pooled Channel '[id: 0x9c484127, L:/127.0.0.1:65117 - R:localhost/127.0.0.1:46386]' for 'GET' to 'http://localhost:46386/session/dc9cfe2592958747c8fdf9593ebaf5de/window'
14:40:26.215 [Forwarding getCurrentWindowHandle on session dc9cfe2592958747c8fdf9593ebaf5de to remote] DEBUG org.asynchttpclient.netty.request.NettyRequestSender - Using open Channel [id: 0x9c484127, L:/127.0.0.1:65117 - R:localhost/127.0.0.1:46386] for GET '/session/dc9cfe2592958747c8fdf9593ebaf5de/window'
14:40:26.223 [AsyncHttpClient-1-2] DEBUG org.asynchttpclient.netty.handler.HttpHandler - 

Request DefaultFullHttpRequest(decodeResult: success, version: HTTP/1.1, content: EmptyByteBufBE)
GET /session/dc9cfe2592958747c8fdf9593ebaf5de/window HTTP/1.1
User-Agent: selenium/4.7.1 (java windows)
Cache-Control: no-cache
Content-Type: application/json; charset=utf-8
host: localhost:46386
accept: */*

Response DefaultHttpResponse(decodeResult: success, version: HTTP/1.1)
HTTP/1.1 200 OK
Content-Type: application/json; charset=utf-8
cache-control: no-cache
content-length: 44

14:40:26.223 [AsyncHttpClient-1-2] DEBUG org.asynchttpclient.netty.channel.ChannelManager - Adding key: http://localhost:46386 for channel [id: 0x9c484127, L:/127.0.0.1:65117 - R:localhost/127.0.0.1:46386]
14:40:26.231 [Forwarding getAlertText on session dc9cfe2592958747c8fdf9593ebaf5de to remote] DEBUG org.asynchttpclient.netty.request.NettyRequestSender - Using pooled Channel '[id: 0x9c484127, L:/127.0.0.1:65117 - R:localhost/127.0.0.1:46386]' for 'GET' to 'http://localhost:46386/session/dc9cfe2592958747c8fdf9593ebaf5de/alert/text'
14:40:26.231 [Forwarding getAlertText on session dc9cfe2592958747c8fdf9593ebaf5de to remote] DEBUG org.asynchttpclient.netty.request.NettyRequestSender - Using open Channel [id: 0x9c484127, L:/127.0.0.1:65117 - R:localhost/127.0.0.1:46386] for GET '/session/dc9cfe2592958747c8fdf9593ebaf5de/alert/text'
14:40:26.239 [AsyncHttpClient-1-2] DEBUG org.asynchttpclient.netty.handler.HttpHandler - 

Request DefaultFullHttpRequest(decodeResult: success, version: HTTP/1.1, content: EmptyByteBufBE)
GET /session/dc9cfe2592958747c8fdf9593ebaf5de/alert/text HTTP/1.1
User-Agent: selenium/4.7.1 (java windows)
Cache-Control: no-cache
Content-Type: application/json; charset=utf-8
host: localhost:46386
accept: */*

Response DefaultHttpResponse(decodeResult: success, version: HTTP/1.1)
HTTP/1.1 404 Not Found
Content-Type: application/json; charset=utf-8
cache-control: no-cache
content-length: 821

14:40:26.247 [AsyncHttpClient-1-2] DEBUG org.asynchttpclient.netty.channel.ChannelManager - Adding key: http://localhost:46386 for channel [id: 0x9c484127, L:/127.0.0.1:65117 - R:localhost/127.0.0.1:46386]
14:40:26.255 [Forwarding switchToWindow on session dc9cfe2592958747c8fdf9593ebaf5de to remote] DEBUG org.asynchttpclient.netty.request.NettyRequestSender - Using pooled Channel '[id: 0x9c484127, L:/127.0.0.1:65117 - R:localhost/127.0.0.1:46386]' for 'POST' to 'http://localhost:46386/session/dc9cfe2592958747c8fdf9593ebaf5de/window'
14:40:26.255 [Forwarding switchToWindow on session dc9cfe2592958747c8fdf9593ebaf5de to remote] DEBUG org.asynchttpclient.netty.request.NettyRequestSender - Using open Channel [id: 0x9c484127, L:/127.0.0.1:65117 - R:localhost/127.0.0.1:46386] for POST '/session/dc9cfe2592958747c8fdf9593ebaf5de/window'
14:40:26.271 [AsyncHttpClient-1-2] DEBUG org.asynchttpclient.netty.handler.HttpHandler - 

Request DefaultHttpRequest(decodeResult: success, version: HTTP/1.1)
POST /session/dc9cfe2592958747c8fdf9593ebaf5de/window HTTP/1.1
User-Agent: selenium/4.7.1 (java windows)
Content-Length: 50
Content-Type: application/json; charset=utf-8
host: localhost:46386
accept: */*

Response DefaultHttpResponse(decodeResult: success, version: HTTP/1.1)
HTTP/1.1 200 OK
Content-Type: application/json; charset=utf-8
cache-control: no-cache
content-length: 14

14:40:26.271 [AsyncHttpClient-1-2] DEBUG org.asynchttpclient.netty.channel.ChannelManager - Adding key: http://localhost:46386 for channel [id: 0x9c484127, L:/127.0.0.1:65117 - R:localhost/127.0.0.1:46386]
14:40:26.271 [Forwarding getCurrentUrl on session dc9cfe2592958747c8fdf9593ebaf5de to remote] DEBUG org.asynchttpclient.netty.request.NettyRequestSender - Using pooled Channel '[id: 0x9c484127, L:/127.0.0.1:65117 - R:localhost/127.0.0.1:46386]' for 'GET' to 'http://localhost:46386/session/dc9cfe2592958747c8fdf9593ebaf5de/url'
14:40:26.271 [Forwarding getCurrentUrl on session dc9cfe2592958747c8fdf9593ebaf5de to remote] DEBUG org.asynchttpclient.netty.request.NettyRequestSender - Using open Channel [id: 0x9c484127, L:/127.0.0.1:65117 - R:localhost/127.0.0.1:46386] for GET '/session/dc9cfe2592958747c8fdf9593ebaf5de/url'
14:40:26.287 [AsyncHttpClient-1-2] DEBUG org.asynchttpclient.netty.handler.HttpHandler - 

Request DefaultFullHttpRequest(decodeResult: success, version: HTTP/1.1, content: EmptyByteBufBE)
GET /session/dc9cfe2592958747c8fdf9593ebaf5de/url HTTP/1.1
User-Agent: selenium/4.7.1 (java windows)
Cache-Control: no-cache
Content-Type: application/json; charset=utf-8
host: localhost:46386
accept: */*

Response DefaultHttpResponse(decodeResult: success, version: HTTP/1.1)
HTTP/1.1 200 OK
Content-Type: application/json; charset=utf-8
cache-control: no-cache
content-length: 65

14:40:26.287 [AsyncHttpClient-1-2] DEBUG org.asynchttpclient.netty.channel.ChannelManager - Adding key: http://localhost:46386 for channel [id: 0x9c484127, L:/127.0.0.1:65117 - R:localhost/127.0.0.1:46386]
14:40:26.295 [Forwarding screenshot on session dc9cfe2592958747c8fdf9593ebaf5de to remote] DEBUG org.asynchttpclient.netty.request.NettyRequestSender - Using pooled Channel '[id: 0x9c484127, L:/127.0.0.1:65117 - R:localhost/127.0.0.1:46386]' for 'GET' to 'http://localhost:46386/session/dc9cfe2592958747c8fdf9593ebaf5de/screenshot'
14:40:26.295 [Forwarding screenshot on session dc9cfe2592958747c8fdf9593ebaf5de to remote] DEBUG org.asynchttpclient.netty.request.NettyRequestSender - Using open Channel [id: 0x9c484127, L:/127.0.0.1:65117 - R:localhost/127.0.0.1:46386] for GET '/session/dc9cfe2592958747c8fdf9593ebaf5de/screenshot'
14:40:26.559 [AsyncHttpClient-1-2] DEBUG org.asynchttpclient.netty.handler.HttpHandler - 

Request DefaultFullHttpRequest(decodeResult: success, version: HTTP/1.1, content: EmptyByteBufBE)
GET /session/dc9cfe2592958747c8fdf9593ebaf5de/screenshot HTTP/1.1
User-Agent: selenium/4.7.1 (java windows)
Cache-Control: no-cache
Content-Type: application/json; charset=utf-8
host: localhost:46386
accept: */*

Response DefaultHttpResponse(decodeResult: success, version: HTTP/1.1)
HTTP/1.1 200 OK
Content-Type: application/json; charset=utf-8
cache-control: no-cache
content-length: 37004

14:40:26.559 [AsyncHttpClient-1-2] DEBUG org.asynchttpclient.netty.channel.ChannelManager - Adding key: http://localhost:46386 for channel [id: 0x9c484127, L:/127.0.0.1:65117 - R:localhost/127.0.0.1:46386]
14:40:26.559 [main] DEBUG net.serenitybdd.core.photography.Darkroom - Send negative for processing for target\site\serenity\7a42cdfb839f1d18dae6b3e6a5de68217a850bcd01d5d50f40544695a294981d.png
14:40:26.567 [main] DEBUG net.thucydides.core.steps.StepInterceptor - STEP DONE: inputfieldjenispdam
  &amp#27;[32mThen &amp#27;[0m&amp#27;[32mAdmin input jenis PDAM&amp#27;[0m                       &amp#27;[90m# starter.stepdefinitions.PDAMSteps.adminInputJenisPDAM()&amp#27;[0m
14:40:26.567 [Darkroom Processing Line] DEBUG net.serenitybdd.core.photography.DarkroomProcessingLine - Processing screenshot image in /var/screenshots/screenshot-9285436776166825406
14:40:26.567 [Darkroom Processing Line] DEBUG net.serenitybdd.core.photography.DarkroomProcessingLine - Saving screenshot to target\site\serenity\7a42cdfb839f1d18dae6b3e6a5de68217a850bcd01d5d50f40544695a294981d.png
14:40:26.687 [main] DEBUG net.thucydides.core.steps.StepInterceptor - STARTING STEP: PDAMSteps.adminInputWilayah - inputfieldwilayah
14:40:26.719 [Forwarding findElement on session dc9cfe2592958747c8fdf9593ebaf5de to remote] DEBUG org.asynchttpclient.netty.request.NettyRequestSender - Using pooled Channel '[id: 0x9c484127, L:/127.0.0.1:65117 - R:localhost/127.0.0.1:46386]' for 'POST' to 'http://localhost:46386/session/dc9cfe2592958747c8fdf9593ebaf5de/element'
14:40:26.719 [Forwarding findElement on session dc9cfe2592958747c8fdf9593ebaf5de to remote] DEBUG org.asynchttpclient.netty.request.NettyRequestSender - Using open Channel [id: 0x9c484127, L:/127.0.0.1:65117 - R:localhost/127.0.0.1:46386] for POST '/session/dc9cfe2592958747c8fdf9593ebaf5de/element'
14:40:26.783 [AsyncHttpClient-1-2] DEBUG org.asynchttpclient.netty.handler.HttpHandler - 

Request DefaultHttpRequest(decodeResult: success, version: HTTP/1.1)
POST /session/dc9cfe2592958747c8fdf9593ebaf5de/element HTTP/1.1
User-Agent: selenium/4.7.1 (java windows)
Content-Length: 74
Content-Type: application/json; charset=utf-8
host: localhost:46386
accept: */*

Response DefaultHttpResponse(decodeResult: success, version: HTTP/1.1)
HTTP/1.1 200 OK
Content-Type: application/json; charset=utf-8
cache-control: no-cache
content-length: 95

14:40:26.783 [AsyncHttpClient-1-2] DEBUG org.asynchttpclient.netty.channel.ChannelManager - Adding key: http://localhost:46386 for channel [id: 0x9c484127, L:/127.0.0.1:65117 - R:localhost/127.0.0.1:46386]
14:40:26.791 [Forwarding getElementTagName on session dc9cfe2592958747c8fdf9593ebaf5de to remote] DEBUG org.asynchttpclient.netty.request.NettyRequestSender - Using pooled Channel '[id: 0x9c484127, L:/127.0.0.1:65117 - R:localhost/127.0.0.1:46386]' for 'GET' to 'http://localhost:46386/session/dc9cfe2592958747c8fdf9593ebaf5de/element/41E400CA4ABBC1EFD238E0A961909228_element_62/name'
14:40:26.791 [Forwarding getElementTagName on session dc9cfe2592958747c8fdf9593ebaf5de to remote] DEBUG org.asynchttpclient.netty.request.NettyRequestSender - Using open Channel [id: 0x9c484127, L:/127.0.0.1:65117 - R:localhost/127.0.0.1:46386] for GET '/session/dc9cfe2592958747c8fdf9593ebaf5de/element/41E400CA4ABBC1EFD238E0A961909228_element_62/name'
14:40:26.791 [AsyncHttpClient-1-1] DEBUG org.asynchttpclient.netty.channel.DefaultChannelPool - Entry count for : http://localhost:65130 : 1
14:40:26.831 [AsyncHttpClient-1-2] DEBUG org.asynchttpclient.netty.handler.HttpHandler - 

Request DefaultFullHttpRequest(decodeResult: success, version: HTTP/1.1, content: EmptyByteBufBE)
GET /session/dc9cfe2592958747c8fdf9593ebaf5de/element/41E400CA4ABBC1EFD238E0A961909228_element_62/name HTTP/1.1
User-Agent: selenium/4.7.1 (java windows)
Cache-Control: no-cache
Content-Type: application/json; charset=utf-8
host: localhost:46386
accept: */*

Response DefaultHttpResponse(decodeResult: success, version: HTTP/1.1)
HTTP/1.1 200 OK
Content-Type: application/json; charset=utf-8
cache-control: no-cache
content-length: 17

14:40:26.831 [AsyncHttpClient-1-2] DEBUG org.asynchttpclient.netty.channel.ChannelManager - Adding key: http://localhost:46386 for channel [id: 0x9c484127, L:/127.0.0.1:65117 - R:localhost/127.0.0.1:46386]
14:40:26.831 [Forwarding getElementTagName on session dc9cfe2592958747c8fdf9593ebaf5de to remote] DEBUG org.asynchttpclient.netty.request.NettyRequestSender - Using pooled Channel '[id: 0x9c484127, L:/127.0.0.1:65117 - R:localhost/127.0.0.1:46386]' for 'GET' to 'http://localhost:46386/session/dc9cfe2592958747c8fdf9593ebaf5de/element/41E400CA4ABBC1EFD238E0A961909228_element_62/name'
14:40:26.831 [Forwarding getElementTagName on session dc9cfe2592958747c8fdf9593ebaf5de to remote] DEBUG org.asynchttpclient.netty.request.NettyRequestSender - Using open Channel [id: 0x9c484127, L:/127.0.0.1:65117 - R:localhost/127.0.0.1:46386] for GET '/session/dc9cfe2592958747c8fdf9593ebaf5de/element/41E400CA4ABBC1EFD238E0A961909228_element_62/name'
14:40:26.855 [AsyncHttpClient-1-2] DEBUG org.asynchttpclient.netty.handler.HttpHandler - 

Request DefaultFullHttpRequest(decodeResult: success, version: HTTP/1.1, content: EmptyByteBufBE)
GET /session/dc9cfe2592958747c8fdf9593ebaf5de/element/41E400CA4ABBC1EFD238E0A961909228_element_62/name HTTP/1.1
User-Agent: selenium/4.7.1 (java windows)
Cache-Control: no-cache
Content-Type: application/json; charset=utf-8
host: localhost:46386
accept: */*

Response DefaultHttpResponse(decodeResult: success, version: HTTP/1.1)
HTTP/1.1 200 OK
Content-Type: application/json; charset=utf-8
cache-control: no-cache
content-length: 17

14:40:26.855 [AsyncHttpClient-1-2] DEBUG org.asynchttpclient.netty.channel.ChannelManager - Adding key: http://localhost:46386 for channel [id: 0x9c484127, L:/127.0.0.1:65117 - R:localhost/127.0.0.1:46386]
14:40:26.863 [Forwarding isElementEnabled on session dc9cfe2592958747c8fdf9593ebaf5de to remote] DEBUG org.asynchttpclient.netty.request.NettyRequestSender - Using pooled Channel '[id: 0x9c484127, L:/127.0.0.1:65117 - R:localhost/127.0.0.1:46386]' for 'GET' to 'http://localhost:46386/session/dc9cfe2592958747c8fdf9593ebaf5de/element/41E400CA4ABBC1EFD238E0A961909228_element_62/enabled'
14:40:26.871 [Forwarding isElementEnabled on session dc9cfe2592958747c8fdf9593ebaf5de to remote] DEBUG org.asynchttpclient.netty.request.NettyRequestSender - Using open Channel [id: 0x9c484127, L:/127.0.0.1:65117 - R:localhost/127.0.0.1:46386] for GET '/session/dc9cfe2592958747c8fdf9593ebaf5de/element/41E400CA4ABBC1EFD238E0A961909228_element_62/enabled'
14:40:26.911 [AsyncHttpClient-1-2] DEBUG org.asynchttpclient.netty.handler.HttpHandler - 

Request DefaultFullHttpRequest(decodeResult: success, version: HTTP/1.1, content: EmptyByteBufBE)
GET /session/dc9cfe2592958747c8fdf9593ebaf5de/element/41E400CA4ABBC1EFD238E0A961909228_element_62/enabled HTTP/1.1
User-Agent: selenium/4.7.1 (java windows)
Cache-Control: no-cache
Content-Type: application/json; charset=utf-8
host: localhost:46386
accept: */*

Response DefaultHttpResponse(decodeResult: success, version: HTTP/1.1)
HTTP/1.1 200 OK
Content-Type: application/json; charset=utf-8
cache-control: no-cache
content-length: 14

14:40:26.911 [AsyncHttpClient-1-2] DEBUG org.asynchttpclient.netty.channel.ChannelManager - Adding key: http://localhost:46386 for channel [id: 0x9c484127, L:/127.0.0.1:65117 - R:localhost/127.0.0.1:46386]
14:40:26.919 [Forwarding isElementEnabled on session dc9cfe2592958747c8fdf9593ebaf5de to remote] DEBUG org.asynchttpclient.netty.request.NettyRequestSender - Using pooled Channel '[id: 0x9c484127, L:/127.0.0.1:65117 - R:localhost/127.0.0.1:46386]' for 'GET' to 'http://localhost:46386/session/dc9cfe2592958747c8fdf9593ebaf5de/element/41E400CA4ABBC1EFD238E0A961909228_element_62/enabled'
14:40:26.919 [Forwarding isElementEnabled on session dc9cfe2592958747c8fdf9593ebaf5de to remote] DEBUG org.asynchttpclient.netty.request.NettyRequestSender - Using open Channel [id: 0x9c484127, L:/127.0.0.1:65117 - R:localhost/127.0.0.1:46386] for GET '/session/dc9cfe2592958747c8fdf9593ebaf5de/element/41E400CA4ABBC1EFD238E0A961909228_element_62/enabled'
14:40:26.951 [AsyncHttpClient-1-2] DEBUG org.asynchttpclient.netty.handler.HttpHandler - 

Request DefaultFullHttpRequest(decodeResult: success, version: HTTP/1.1, content: EmptyByteBufBE)
GET /session/dc9cfe2592958747c8fdf9593ebaf5de/element/41E400CA4ABBC1EFD238E0A961909228_element_62/enabled HTTP/1.1
User-Agent: selenium/4.7.1 (java windows)
Cache-Control: no-cache
Content-Type: application/json; charset=utf-8
host: localhost:46386
accept: */*

Response DefaultHttpResponse(decodeResult: success, version: HTTP/1.1)
HTTP/1.1 200 OK
Content-Type: application/json; charset=utf-8
cache-control: no-cache
content-length: 14

14:40:26.951 [AsyncHttpClient-1-2] DEBUG org.asynchttpclient.netty.channel.ChannelManager - Adding key: http://localhost:46386 for channel [id: 0x9c484127, L:/127.0.0.1:65117 - R:localhost/127.0.0.1:46386]
14:40:26.959 [Forwarding findElement on session dc9cfe2592958747c8fdf9593ebaf5de to remote] DEBUG org.asynchttpclient.netty.request.NettyRequestSender - Using pooled Channel '[id: 0x9c484127, L:/127.0.0.1:65117 - R:localhost/127.0.0.1:46386]' for 'POST' to 'http://localhost:46386/session/dc9cfe2592958747c8fdf9593ebaf5de/element'
14:40:26.959 [Forwarding findElement on session dc9cfe2592958747c8fdf9593ebaf5de to remote] DEBUG org.asynchttpclient.netty.request.NettyRequestSender - Using open Channel [id: 0x9c484127, L:/127.0.0.1:65117 - R:localhost/127.0.0.1:46386] for POST '/session/dc9cfe2592958747c8fdf9593ebaf5de/element'
14:40:26.983 [AsyncHttpClient-1-2] DEBUG org.asynchttpclient.netty.handler.HttpHandler - 

Request DefaultHttpRequest(decodeResult: success, version: HTTP/1.1)
POST /session/dc9cfe2592958747c8fdf9593ebaf5de/element HTTP/1.1
User-Agent: selenium/4.7.1 (java windows)
Content-Length: 74
Content-Type: application/json; charset=utf-8
host: localhost:46386
accept: */*

Response DefaultHttpResponse(decodeResult: success, version: HTTP/1.1)
HTTP/1.1 200 OK
Content-Type: application/json; charset=utf-8
cache-control: no-cache
content-length: 95

14:40:26.983 [AsyncHttpClient-1-2] DEBUG org.asynchttpclient.netty.channel.ChannelManager - Adding key: http://localhost:46386 for channel [id: 0x9c484127, L:/127.0.0.1:65117 - R:localhost/127.0.0.1:46386]
14:40:26.983 [Forwarding clickElement on session dc9cfe2592958747c8fdf9593ebaf5de to remote] DEBUG org.asynchttpclient.netty.request.NettyRequestSender - Using pooled Channel '[id: 0x9c484127, L:/127.0.0.1:65117 - R:localhost/127.0.0.1:46386]' for 'POST' to 'http://localhost:46386/session/dc9cfe2592958747c8fdf9593ebaf5de/element/41E400CA4ABBC1EFD238E0A961909228_element_62/click'
14:40:26.983 [Forwarding clickElement on session dc9cfe2592958747c8fdf9593ebaf5de to remote] DEBUG org.asynchttpclient.netty.request.NettyRequestSender - Using open Channel [id: 0x9c484127, L:/127.0.0.1:65117 - R:localhost/127.0.0.1:46386] for POST '/session/dc9cfe2592958747c8fdf9593ebaf5de/element/41E400CA4ABBC1EFD238E0A961909228_element_62/click'
14:40:27.191 [AsyncHttpClient-1-2] DEBUG org.asynchttpclient.netty.handler.HttpHandler - 

Request DefaultHttpRequest(decodeResult: success, version: HTTP/1.1)
POST /session/dc9cfe2592958747c8fdf9593ebaf5de/element/41E400CA4ABBC1EFD238E0A961909228_element_62/click HTTP/1.1
User-Agent: selenium/4.7.1 (java windows)
Content-Length: 57
Content-Type: application/json; charset=utf-8
host: localhost:46386
accept: */*

Response DefaultHttpResponse(decodeResult: success, version: HTTP/1.1)
HTTP/1.1 200 OK
Content-Type: application/json; charset=utf-8
cache-control: no-cache
content-length: 14

14:40:27.191 [AsyncHttpClient-1-2] DEBUG org.asynchttpclient.netty.channel.ChannelManager - Adding key: http://localhost:46386 for channel [id: 0x9c484127, L:/127.0.0.1:65117 - R:localhost/127.0.0.1:46386]
14:40:27.207 [Forwarding findElement on session dc9cfe2592958747c8fdf9593ebaf5de to remote] DEBUG org.asynchttpclient.netty.request.NettyRequestSender - Using pooled Channel '[id: 0x9c484127, L:/127.0.0.1:65117 - R:localhost/127.0.0.1:46386]' for 'POST' to 'http://localhost:46386/session/dc9cfe2592958747c8fdf9593ebaf5de/element'
14:40:27.207 [Forwarding findElement on session dc9cfe2592958747c8fdf9593ebaf5de to remote] DEBUG org.asynchttpclient.netty.request.NettyRequestSender - Using open Channel [id: 0x9c484127, L:/127.0.0.1:65117 - R:localhost/127.0.0.1:46386] for POST '/session/dc9cfe2592958747c8fdf9593ebaf5de/element'
14:40:27.271 [AsyncHttpClient-1-2] DEBUG org.asynchttpclient.netty.handler.HttpHandler - 

Request DefaultHttpRequest(decodeResult: success, version: HTTP/1.1)
POST /session/dc9cfe2592958747c8fdf9593ebaf5de/element HTTP/1.1
User-Agent: selenium/4.7.1 (java windows)
Content-Length: 74
Content-Type: application/json; charset=utf-8
host: localhost:46386
accept: */*

Response DefaultHttpResponse(decodeResult: success, version: HTTP/1.1)
HTTP/1.1 200 OK
Content-Type: application/json; charset=utf-8
cache-control: no-cache
content-length: 95

14:40:27.271 [AsyncHttpClient-1-2] DEBUG org.asynchttpclient.netty.channel.ChannelManager - Adding key: http://localhost:46386 for channel [id: 0x9c484127, L:/127.0.0.1:65117 - R:localhost/127.0.0.1:46386]
14:40:27.278 [Forwarding clearElement on session dc9cfe2592958747c8fdf9593ebaf5de to remote] DEBUG org.asynchttpclient.netty.request.NettyRequestSender - Using pooled Channel '[id: 0x9c484127, L:/127.0.0.1:65117 - R:localhost/127.0.0.1:46386]' for 'POST' to 'http://localhost:46386/session/dc9cfe2592958747c8fdf9593ebaf5de/element/41E400CA4ABBC1EFD238E0A961909228_element_62/clear'
14:40:27.279 [Forwarding clearElement on session dc9cfe2592958747c8fdf9593ebaf5de to remote] DEBUG org.asynchttpclient.netty.request.NettyRequestSender - Using open Channel [id: 0x9c484127, L:/127.0.0.1:65117 - R:localhost/127.0.0.1:46386] for POST '/session/dc9cfe2592958747c8fdf9593ebaf5de/element/41E400CA4ABBC1EFD238E0A961909228_element_62/clear'
14:40:27.378 [AsyncHttpClient-1-2] DEBUG org.asynchttpclient.netty.handler.HttpHandler - 

Request DefaultHttpRequest(decodeResult: success, version: HTTP/1.1)
POST /session/dc9cfe2592958747c8fdf9593ebaf5de/element/41E400CA4ABBC1EFD238E0A961909228_element_62/clear HTTP/1.1
User-Agent: selenium/4.7.1 (java windows)
Content-Length: 57
Content-Type: application/json; charset=utf-8
host: localhost:46386
accept: */*

Response DefaultHttpResponse(decodeResult: success, version: HTTP/1.1)
HTTP/1.1 200 OK
Content-Type: application/json; charset=utf-8
cache-control: no-cache
content-length: 14

14:40:27.378 [AsyncHttpClient-1-2] DEBUG org.asynchttpclient.netty.channel.ChannelManager - Adding key: http://localhost:46386 for channel [id: 0x9c484127, L:/127.0.0.1:65117 - R:localhost/127.0.0.1:46386]
14:40:27.383 [Forwarding sendKeysToElement on session dc9cfe2592958747c8fdf9593ebaf5de to remote] DEBUG org.asynchttpclient.netty.request.NettyRequestSender - Using pooled Channel '[id: 0x9c484127, L:/127.0.0.1:65117 - R:localhost/127.0.0.1:46386]' for 'POST' to 'http://localhost:46386/session/dc9cfe2592958747c8fdf9593ebaf5de/element/41E400CA4ABBC1EFD238E0A961909228_element_62/value'
14:40:27.383 [Forwarding sendKeysToElement on session dc9cfe2592958747c8fdf9593ebaf5de to remote] DEBUG org.asynchttpclient.netty.request.NettyRequestSender - Using open Channel [id: 0x9c484127, L:/127.0.0.1:65117 - R:localhost/127.0.0.1:46386] for POST '/session/dc9cfe2592958747c8fdf9593ebaf5de/element/41E400CA4ABBC1EFD238E0A961909228_element_62/value'
14:40:27.503 [AsyncHttpClient-1-2] DEBUG org.asynchttpclient.netty.handler.HttpHandler - 

Request DefaultHttpRequest(decodeResult: success, version: HTTP/1.1)
POST /session/dc9cfe2592958747c8fdf9593ebaf5de/element/41E400CA4ABBC1EFD238E0A961909228_element_62/value HTTP/1.1
User-Agent: selenium/4.7.1 (java windows)
Content-Length: 178
Content-Type: application/json; charset=utf-8
host: localhost:46386
accept: */*

Response DefaultHttpResponse(decodeResult: success, version: HTTP/1.1)
HTTP/1.1 200 OK
Content-Type: application/json; charset=utf-8
cache-control: no-cache
content-length: 14

14:40:27.503 [AsyncHttpClient-1-2] DEBUG org.asynchttpclient.netty.channel.ChannelManager - Adding key: http://localhost:46386 for channel [id: 0x9c484127, L:/127.0.0.1:65117 - R:localhost/127.0.0.1:46386]
14:40:27.527 [Forwarding getCurrentWindowHandle on session dc9cfe2592958747c8fdf9593ebaf5de to remote] DEBUG org.asynchttpclient.netty.request.NettyRequestSender - Using pooled Channel '[id: 0x9c484127, L:/127.0.0.1:65117 - R:localhost/127.0.0.1:46386]' for 'GET' to 'http://localhost:46386/session/dc9cfe2592958747c8fdf9593ebaf5de/window'
14:40:27.527 [Forwarding getCurrentWindowHandle on session dc9cfe2592958747c8fdf9593ebaf5de to remote] DEBUG org.asynchttpclient.netty.request.NettyRequestSender - Using open Channel [id: 0x9c484127, L:/127.0.0.1:65117 - R:localhost/127.0.0.1:46386] for GET '/session/dc9cfe2592958747c8fdf9593ebaf5de/window'
14:40:27.535 [AsyncHttpClient-1-2] DEBUG org.asynchttpclient.netty.handler.HttpHandler - 

Request DefaultFullHttpRequest(decodeResult: success, version: HTTP/1.1, content: EmptyByteBufBE)
GET /session/dc9cfe2592958747c8fdf9593ebaf5de/window HTTP/1.1
User-Agent: selenium/4.7.1 (java windows)
Cache-Control: no-cache
Content-Type: application/json; charset=utf-8
host: localhost:46386
accept: */*

Response DefaultHttpResponse(decodeResult: success, version: HTTP/1.1)
HTTP/1.1 200 OK
Content-Type: application/json; charset=utf-8
cache-control: no-cache
content-length: 44

14:40:27.535 [AsyncHttpClient-1-2] DEBUG org.asynchttpclient.netty.channel.ChannelManager - Adding key: http://localhost:46386 for channel [id: 0x9c484127, L:/127.0.0.1:65117 - R:localhost/127.0.0.1:46386]
14:40:27.535 [Forwarding getAlertText on session dc9cfe2592958747c8fdf9593ebaf5de to remote] DEBUG org.asynchttpclient.netty.request.NettyRequestSender - Using pooled Channel '[id: 0x9c484127, L:/127.0.0.1:65117 - R:localhost/127.0.0.1:46386]' for 'GET' to 'http://localhost:46386/session/dc9cfe2592958747c8fdf9593ebaf5de/alert/text'
14:40:27.535 [Forwarding getAlertText on session dc9cfe2592958747c8fdf9593ebaf5de to remote] DEBUG org.asynchttpclient.netty.request.NettyRequestSender - Using open Channel [id: 0x9c484127, L:/127.0.0.1:65117 - R:localhost/127.0.0.1:46386] for GET '/session/dc9cfe2592958747c8fdf9593ebaf5de/alert/text'
14:40:27.543 [AsyncHttpClient-1-2] DEBUG org.asynchttpclient.netty.handler.HttpHandler - 

Request DefaultFullHttpRequest(decodeResult: success, version: HTTP/1.1, content: EmptyByteBufBE)
GET /session/dc9cfe2592958747c8fdf9593ebaf5de/alert/text HTTP/1.1
User-Agent: selenium/4.7.1 (java windows)
Cache-Control: no-cache
Content-Type: application/json; charset=utf-8
host: localhost:46386
accept: */*

Response DefaultHttpResponse(decodeResult: success, version: HTTP/1.1)
HTTP/1.1 404 Not Found
Content-Type: application/json; charset=utf-8
cache-control: no-cache
content-length: 821

14:40:27.543 [AsyncHttpClient-1-2] DEBUG org.asynchttpclient.netty.channel.ChannelManager - Adding key: http://localhost:46386 for channel [id: 0x9c484127, L:/127.0.0.1:65117 - R:localhost/127.0.0.1:46386]
14:40:27.543 [Forwarding switchToWindow on session dc9cfe2592958747c8fdf9593ebaf5de to remote] DEBUG org.asynchttpclient.netty.request.NettyRequestSender - Using pooled Channel '[id: 0x9c484127, L:/127.0.0.1:65117 - R:localhost/127.0.0.1:46386]' for 'POST' to 'http://localhost:46386/session/dc9cfe2592958747c8fdf9593ebaf5de/window'
14:40:27.543 [Forwarding switchToWindow on session dc9cfe2592958747c8fdf9593ebaf5de to remote] DEBUG org.asynchttpclient.netty.request.NettyRequestSender - Using open Channel [id: 0x9c484127, L:/127.0.0.1:65117 - R:localhost/127.0.0.1:46386] for POST '/session/dc9cfe2592958747c8fdf9593ebaf5de/window'
14:40:27.551 [AsyncHttpClient-1-2] DEBUG org.asynchttpclient.netty.handler.HttpHandler - 

Request DefaultHttpRequest(decodeResult: success, version: HTTP/1.1)
POST /session/dc9cfe2592958747c8fdf9593ebaf5de/window HTTP/1.1
User-Agent: selenium/4.7.1 (java windows)
Content-Length: 50
Content-Type: application/json; charset=utf-8
host: localhost:46386
accept: */*

Response DefaultHttpResponse(decodeResult: success, version: HTTP/1.1)
HTTP/1.1 200 OK
Content-Type: application/json; charset=utf-8
cache-control: no-cache
content-length: 14

14:40:27.551 [AsyncHttpClient-1-2] DEBUG org.asynchttpclient.netty.channel.ChannelManager - Adding key: http://localhost:46386 for channel [id: 0x9c484127, L:/127.0.0.1:65117 - R:localhost/127.0.0.1:46386]
14:40:27.551 [Forwarding getCurrentUrl on session dc9cfe2592958747c8fdf9593ebaf5de to remote] DEBUG org.asynchttpclient.netty.request.NettyRequestSender - Using pooled Channel '[id: 0x9c484127, L:/127.0.0.1:65117 - R:localhost/127.0.0.1:46386]' for 'GET' to 'http://localhost:46386/session/dc9cfe2592958747c8fdf9593ebaf5de/url'
14:40:27.551 [Forwarding getCurrentUrl on session dc9cfe2592958747c8fdf9593ebaf5de to remote] DEBUG org.asynchttpclient.netty.request.NettyRequestSender - Using open Channel [id: 0x9c484127, L:/127.0.0.1:65117 - R:localhost/127.0.0.1:46386] for GET '/session/dc9cfe2592958747c8fdf9593ebaf5de/url'
14:40:27.575 [AsyncHttpClient-1-2] DEBUG org.asynchttpclient.netty.handler.HttpHandler - 

Request DefaultFullHttpRequest(decodeResult: success, version: HTTP/1.1, content: EmptyByteBufBE)
GET /session/dc9cfe2592958747c8fdf9593ebaf5de/url HTTP/1.1
User-Agent: selenium/4.7.1 (java windows)
Cache-Control: no-cache
Content-Type: application/json; charset=utf-8
host: localhost:46386
accept: */*

Response DefaultHttpResponse(decodeResult: success, version: HTTP/1.1)
HTTP/1.1 200 OK
Content-Type: application/json; charset=utf-8
cache-control: no-cache
content-length: 65

14:40:27.575 [AsyncHttpClient-1-2] DEBUG org.asynchttpclient.netty.channel.ChannelManager - Adding key: http://localhost:46386 for channel [id: 0x9c484127, L:/127.0.0.1:65117 - R:localhost/127.0.0.1:46386]
14:40:27.578 [Forwarding screenshot on session dc9cfe2592958747c8fdf9593ebaf5de to remote] DEBUG org.asynchttpclient.netty.request.NettyRequestSender - Using pooled Channel '[id: 0x9c484127, L:/127.0.0.1:65117 - R:localhost/127.0.0.1:46386]' for 'GET' to 'http://localhost:46386/session/dc9cfe2592958747c8fdf9593ebaf5de/screenshot'
14:40:27.578 [Forwarding screenshot on session dc9cfe2592958747c8fdf9593ebaf5de to remote] DEBUG org.asynchttpclient.netty.request.NettyRequestSender - Using open Channel [id: 0x9c484127, L:/127.0.0.1:65117 - R:localhost/127.0.0.1:46386] for GET '/session/dc9cfe2592958747c8fdf9593ebaf5de/screenshot'
14:40:27.720 [AsyncHttpClient-1-2] DEBUG org.asynchttpclient.netty.handler.HttpHandler - 

Request DefaultFullHttpRequest(decodeResult: success, version: HTTP/1.1, content: EmptyByteBufBE)
GET /session/dc9cfe2592958747c8fdf9593ebaf5de/screenshot HTTP/1.1
User-Agent: selenium/4.7.1 (java windows)
Cache-Control: no-cache
Content-Type: application/json; charset=utf-8
host: localhost:46386
accept: */*

Response DefaultHttpResponse(decodeResult: success, version: HTTP/1.1)
HTTP/1.1 200 OK
Content-Type: application/json; charset=utf-8
cache-control: no-cache
content-length: 38472

14:40:27.720 [AsyncHttpClient-1-2] DEBUG org.asynchttpclient.netty.channel.ChannelManager - Adding key: http://localhost:46386 for channel [id: 0x9c484127, L:/127.0.0.1:65117 - R:localhost/127.0.0.1:46386]
14:40:27.728 [main] DEBUG net.serenitybdd.core.photography.Darkroom - Send negative for processing for target\site\serenity\00c72eedff5c068d517d2a7b4e5430de26070f02cea04f9432cb87a9830279be.png
14:40:27.728 [main] DEBUG net.thucydides.core.steps.StepInterceptor - STEP DONE: inputfieldwilayah
  &amp#27;[32mAnd &amp#27;[0m&amp#27;[32mAdmin input wilayah&amp#27;[0m                           &amp#27;[90m# starter.stepdefinitions.PDAMSteps.adminInputWilayah()&amp#27;[0m
14:40:27.728 [Darkroom Processing Line] DEBUG net.serenitybdd.core.photography.DarkroomProcessingLine - Processing screenshot image in /var/screenshots/screenshot-11844757329665196031
14:40:27.728 [Darkroom Processing Line] DEBUG net.serenitybdd.core.photography.DarkroomProcessingLine - Saving screenshot to target\site\serenity\00c72eedff5c068d517d2a7b4e5430de26070f02cea04f9432cb87a9830279be.png
14:40:27.760 [main] DEBUG net.thucydides.core.steps.StepInterceptor - STARTING STEP: PDAMSteps.adminKlikSimpan - klikbuttonsimpandanmunculpopupberhasil
14:40:27.778 [Forwarding findElement on session dc9cfe2592958747c8fdf9593ebaf5de to remote] DEBUG org.asynchttpclient.netty.request.NettyRequestSender - Using pooled Channel '[id: 0x9c484127, L:/127.0.0.1:65117 - R:localhost/127.0.0.1:46386]' for 'POST' to 'http://localhost:46386/session/dc9cfe2592958747c8fdf9593ebaf5de/element'
14:40:27.778 [Forwarding findElement on session dc9cfe2592958747c8fdf9593ebaf5de to remote] DEBUG org.asynchttpclient.netty.request.NettyRequestSender - Using open Channel [id: 0x9c484127, L:/127.0.0.1:65117 - R:localhost/127.0.0.1:46386] for POST '/session/dc9cfe2592958747c8fdf9593ebaf5de/element'
14:40:27.800 [AsyncHttpClient-1-2] DEBUG org.asynchttpclient.netty.handler.HttpHandler - 

Request DefaultHttpRequest(decodeResult: success, version: HTTP/1.1)
POST /session/dc9cfe2592958747c8fdf9593ebaf5de/element HTTP/1.1
User-Agent: selenium/4.7.1 (java windows)
Content-Length: 83
Content-Type: application/json; charset=utf-8
host: localhost:46386
accept: */*

Response DefaultHttpResponse(decodeResult: success, version: HTTP/1.1)
HTTP/1.1 200 OK
Content-Type: application/json; charset=utf-8
cache-control: no-cache
content-length: 95

14:40:27.800 [AsyncHttpClient-1-2] DEBUG org.asynchttpclient.netty.channel.ChannelManager - Adding key: http://localhost:46386 for channel [id: 0x9c484127, L:/127.0.0.1:65117 - R:localhost/127.0.0.1:46386]
14:40:27.808 [Forwarding getElementTagName on session dc9cfe2592958747c8fdf9593ebaf5de to remote] DEBUG org.asynchttpclient.netty.request.NettyRequestSender - Using pooled Channel '[id: 0x9c484127, L:/127.0.0.1:65117 - R:localhost/127.0.0.1:46386]' for 'GET' to 'http://localhost:46386/session/dc9cfe2592958747c8fdf9593ebaf5de/element/41E400CA4ABBC1EFD238E0A961909228_element_63/name'
14:40:27.808 [Forwarding getElementTagName on session dc9cfe2592958747c8fdf9593ebaf5de to remote] DEBUG org.asynchttpclient.netty.request.NettyRequestSender - Using open Channel [id: 0x9c484127, L:/127.0.0.1:65117 - R:localhost/127.0.0.1:46386] for GET '/session/dc9cfe2592958747c8fdf9593ebaf5de/element/41E400CA4ABBC1EFD238E0A961909228_element_63/name'
14:40:27.816 [AsyncHttpClient-1-2] DEBUG org.asynchttpclient.netty.handler.HttpHandler - 

Request DefaultFullHttpRequest(decodeResult: success, version: HTTP/1.1, content: EmptyByteBufBE)
GET /session/dc9cfe2592958747c8fdf9593ebaf5de/element/41E400CA4ABBC1EFD238E0A961909228_element_63/name HTTP/1.1
User-Agent: selenium/4.7.1 (java windows)
Cache-Control: no-cache
Content-Type: application/json; charset=utf-8
host: localhost:46386
accept: */*

Response DefaultHttpResponse(decodeResult: success, version: HTTP/1.1)
HTTP/1.1 200 OK
Content-Type: application/json; charset=utf-8
cache-control: no-cache
content-length: 18

14:40:27.816 [AsyncHttpClient-1-2] DEBUG org.asynchttpclient.netty.channel.ChannelManager - Adding key: http://localhost:46386 for channel [id: 0x9c484127, L:/127.0.0.1:65117 - R:localhost/127.0.0.1:46386]
14:40:27.824 [Forwarding getElementTagName on session dc9cfe2592958747c8fdf9593ebaf5de to remote] DEBUG org.asynchttpclient.netty.request.NettyRequestSender - Using pooled Channel '[id: 0x9c484127, L:/127.0.0.1:65117 - R:localhost/127.0.0.1:46386]' for 'GET' to 'http://localhost:46386/session/dc9cfe2592958747c8fdf9593ebaf5de/element/41E400CA4ABBC1EFD238E0A961909228_element_63/name'
14:40:27.824 [Forwarding getElementTagName on session dc9cfe2592958747c8fdf9593ebaf5de to remote] DEBUG org.asynchttpclient.netty.request.NettyRequestSender - Using open Channel [id: 0x9c484127, L:/127.0.0.1:65117 - R:localhost/127.0.0.1:46386] for GET '/session/dc9cfe2592958747c8fdf9593ebaf5de/element/41E400CA4ABBC1EFD238E0A961909228_element_63/name'
14:40:27.840 [AsyncHttpClient-1-2] DEBUG org.asynchttpclient.netty.handler.HttpHandler - 

Request DefaultFullHttpRequest(decodeResult: success, version: HTTP/1.1, content: EmptyByteBufBE)
GET /session/dc9cfe2592958747c8fdf9593ebaf5de/element/41E400CA4ABBC1EFD238E0A961909228_element_63/name HTTP/1.1
User-Agent: selenium/4.7.1 (java windows)
Cache-Control: no-cache
Content-Type: application/json; charset=utf-8
host: localhost:46386
accept: */*

Response DefaultHttpResponse(decodeResult: success, version: HTTP/1.1)
HTTP/1.1 200 OK
Content-Type: application/json; charset=utf-8
cache-control: no-cache
content-length: 18

14:40:27.840 [AsyncHttpClient-1-2] DEBUG org.asynchttpclient.netty.channel.ChannelManager - Adding key: http://localhost:46386 for channel [id: 0x9c484127, L:/127.0.0.1:65117 - R:localhost/127.0.0.1:46386]
14:40:27.840 [Forwarding isElementEnabled on session dc9cfe2592958747c8fdf9593ebaf5de to remote] DEBUG org.asynchttpclient.netty.request.NettyRequestSender - Using pooled Channel '[id: 0x9c484127, L:/127.0.0.1:65117 - R:localhost/127.0.0.1:46386]' for 'GET' to 'http://localhost:46386/session/dc9cfe2592958747c8fdf9593ebaf5de/element/41E400CA4ABBC1EFD238E0A961909228_element_63/enabled'
14:40:27.840 [Forwarding isElementEnabled on session dc9cfe2592958747c8fdf9593ebaf5de to remote] DEBUG org.asynchttpclient.netty.request.NettyRequestSender - Using open Channel [id: 0x9c484127, L:/127.0.0.1:65117 - R:localhost/127.0.0.1:46386] for GET '/session/dc9cfe2592958747c8fdf9593ebaf5de/element/41E400CA4ABBC1EFD238E0A961909228_element_63/enabled'
14:40:27.864 [AsyncHttpClient-1-2] DEBUG org.asynchttpclient.netty.handler.HttpHandler - 

Request DefaultFullHttpRequest(decodeResult: success, version: HTTP/1.1, content: EmptyByteBufBE)
GET /session/dc9cfe2592958747c8fdf9593ebaf5de/element/41E400CA4ABBC1EFD238E0A961909228_element_63/enabled HTTP/1.1
User-Agent: selenium/4.7.1 (java windows)
Cache-Control: no-cache
Content-Type: application/json; charset=utf-8
host: localhost:46386
accept: */*

Response DefaultHttpResponse(decodeResult: success, version: HTTP/1.1)
HTTP/1.1 200 OK
Content-Type: application/json; charset=utf-8
cache-control: no-cache
content-length: 14

14:40:27.864 [AsyncHttpClient-1-2] DEBUG org.asynchttpclient.netty.channel.ChannelManager - Adding key: http://localhost:46386 for channel [id: 0x9c484127, L:/127.0.0.1:65117 - R:localhost/127.0.0.1:46386]
14:40:27.864 [Forwarding isElementEnabled on session dc9cfe2592958747c8fdf9593ebaf5de to remote] DEBUG org.asynchttpclient.netty.request.NettyRequestSender - Using pooled Channel '[id: 0x9c484127, L:/127.0.0.1:65117 - R:localhost/127.0.0.1:46386]' for 'GET' to 'http://localhost:46386/session/dc9cfe2592958747c8fdf9593ebaf5de/element/41E400CA4ABBC1EFD238E0A961909228_element_63/enabled'
14:40:27.864 [Forwarding isElementEnabled on session dc9cfe2592958747c8fdf9593ebaf5de to remote] DEBUG org.asynchttpclient.netty.request.NettyRequestSender - Using open Channel [id: 0x9c484127, L:/127.0.0.1:65117 - R:localhost/127.0.0.1:46386] for GET '/session/dc9cfe2592958747c8fdf9593ebaf5de/element/41E400CA4ABBC1EFD238E0A961909228_element_63/enabled'
14:40:27.880 [AsyncHttpClient-1-2] DEBUG org.asynchttpclient.netty.handler.HttpHandler - 

Request DefaultFullHttpRequest(decodeResult: success, version: HTTP/1.1, content: EmptyByteBufBE)
GET /session/dc9cfe2592958747c8fdf9593ebaf5de/element/41E400CA4ABBC1EFD238E0A961909228_element_63/enabled HTTP/1.1
User-Agent: selenium/4.7.1 (java windows)
Cache-Control: no-cache
Content-Type: application/json; charset=utf-8
host: localhost:46386
accept: */*

Response DefaultHttpResponse(decodeResult: success, version: HTTP/1.1)
HTTP/1.1 200 OK
Content-Type: application/json; charset=utf-8
cache-control: no-cache
content-length: 14

14:40:27.880 [AsyncHttpClient-1-2] DEBUG org.asynchttpclient.netty.channel.ChannelManager - Adding key: http://localhost:46386 for channel [id: 0x9c484127, L:/127.0.0.1:65117 - R:localhost/127.0.0.1:46386]
14:40:27.880 [Forwarding findElement on session dc9cfe2592958747c8fdf9593ebaf5de to remote] DEBUG org.asynchttpclient.netty.request.NettyRequestSender - Using pooled Channel '[id: 0x9c484127, L:/127.0.0.1:65117 - R:localhost/127.0.0.1:46386]' for 'POST' to 'http://localhost:46386/session/dc9cfe2592958747c8fdf9593ebaf5de/element'
14:40:27.880 [Forwarding findElement on session dc9cfe2592958747c8fdf9593ebaf5de to remote] DEBUG org.asynchttpclient.netty.request.NettyRequestSender - Using open Channel [id: 0x9c484127, L:/127.0.0.1:65117 - R:localhost/127.0.0.1:46386] for POST '/session/dc9cfe2592958747c8fdf9593ebaf5de/element'
14:40:27.896 [AsyncHttpClient-1-1] DEBUG org.asynchttpclient.netty.channel.DefaultChannelPool - Entry count for : http://localhost:65130 : 1
14:40:27.904 [AsyncHttpClient-1-2] DEBUG org.asynchttpclient.netty.handler.HttpHandler - 

Request DefaultHttpRequest(decodeResult: success, version: HTTP/1.1)
POST /session/dc9cfe2592958747c8fdf9593ebaf5de/element HTTP/1.1
User-Agent: selenium/4.7.1 (java windows)
Content-Length: 83
Content-Type: application/json; charset=utf-8
host: localhost:46386
accept: */*

Response DefaultHttpResponse(decodeResult: success, version: HTTP/1.1)
HTTP/1.1 200 OK
Content-Type: application/json; charset=utf-8
cache-control: no-cache
content-length: 95

14:40:27.904 [AsyncHttpClient-1-2] DEBUG org.asynchttpclient.netty.channel.ChannelManager - Adding key: http://localhost:46386 for channel [id: 0x9c484127, L:/127.0.0.1:65117 - R:localhost/127.0.0.1:46386]
14:40:27.904 [Forwarding clickElement on session dc9cfe2592958747c8fdf9593ebaf5de to remote] DEBUG org.asynchttpclient.netty.request.NettyRequestSender - Using pooled Channel '[id: 0x9c484127, L:/127.0.0.1:65117 - R:localhost/127.0.0.1:46386]' for 'POST' to 'http://localhost:46386/session/dc9cfe2592958747c8fdf9593ebaf5de/element/41E400CA4ABBC1EFD238E0A961909228_element_63/click'
14:40:27.904 [Forwarding clickElement on session dc9cfe2592958747c8fdf9593ebaf5de to remote] DEBUG org.asynchttpclient.netty.request.NettyRequestSender - Using open Channel [id: 0x9c484127, L:/127.0.0.1:65117 - R:localhost/127.0.0.1:46386] for POST '/session/dc9cfe2592958747c8fdf9593ebaf5de/element/41E400CA4ABBC1EFD238E0A961909228_element_63/click'
14:40:28.120 [AsyncHttpClient-1-2] DEBUG org.asynchttpclient.netty.handler.HttpHandler - 

Request DefaultHttpRequest(decodeResult: success, version: HTTP/1.1)
POST /session/dc9cfe2592958747c8fdf9593ebaf5de/element/41E400CA4ABBC1EFD238E0A961909228_element_63/click HTTP/1.1
User-Agent: selenium/4.7.1 (java windows)
Content-Length: 57
Content-Type: application/json; charset=utf-8
host: localhost:46386
accept: */*

Response DefaultHttpResponse(decodeResult: success, version: HTTP/1.1)
HTTP/1.1 200 OK
Content-Type: application/json; charset=utf-8
cache-control: no-cache
content-length: 14

14:40:28.120 [AsyncHttpClient-1-2] DEBUG org.asynchttpclient.netty.channel.ChannelManager - Adding key: http://localhost:46386 for channel [id: 0x9c484127, L:/127.0.0.1:65117 - R:localhost/127.0.0.1:46386]
14:40:28.128 [Forwarding findElement on session dc9cfe2592958747c8fdf9593ebaf5de to remote] DEBUG org.asynchttpclient.netty.request.NettyRequestSender - Using pooled Channel '[id: 0x9c484127, L:/127.0.0.1:65117 - R:localhost/127.0.0.1:46386]' for 'POST' to 'http://localhost:46386/session/dc9cfe2592958747c8fdf9593ebaf5de/element'
14:40:28.128 [Forwarding findElement on session dc9cfe2592958747c8fdf9593ebaf5de to remote] DEBUG org.asynchttpclient.netty.request.NettyRequestSender - Using open Channel [id: 0x9c484127, L:/127.0.0.1:65117 - R:localhost/127.0.0.1:46386] for POST '/session/dc9cfe2592958747c8fdf9593ebaf5de/element'
14:40:28.992 [AsyncHttpClient-1-1] DEBUG org.asynchttpclient.netty.channel.DefaultChannelPool - Entry count for : http://localhost:65130 : 1
14:40:30.097 [AsyncHttpClient-1-1] DEBUG org.asynchttpclient.netty.channel.DefaultChannelPool - Entry count for : http://localhost:65130 : 1
14:40:30.169 [AsyncHttpClient-1-2] DEBUG org.asynchttpclient.netty.handler.HttpHandler - 

Request DefaultHttpRequest(decodeResult: success, version: HTTP/1.1)
POST /session/dc9cfe2592958747c8fdf9593ebaf5de/element HTTP/1.1
User-Agent: selenium/4.7.1 (java windows)
Content-Length: 99
Content-Type: application/json; charset=utf-8
host: localhost:46386
accept: */*

Response DefaultHttpResponse(decodeResult: success, version: HTTP/1.1)
HTTP/1.1 404 Not Found
Content-Type: application/json; charset=utf-8
cache-control: no-cache
content-length: 973

14:40:30.169 [AsyncHttpClient-1-2] DEBUG org.asynchttpclient.netty.channel.ChannelManager - Adding key: http://localhost:46386 for channel [id: 0x9c484127, L:/127.0.0.1:65117 - R:localhost/127.0.0.1:46386]
14:40:30.180 [Forwarding getCurrentWindowHandle on session dc9cfe2592958747c8fdf9593ebaf5de to remote] DEBUG org.asynchttpclient.netty.request.NettyRequestSender - Using pooled Channel '[id: 0x9c484127, L:/127.0.0.1:65117 - R:localhost/127.0.0.1:46386]' for 'GET' to 'http://localhost:46386/session/dc9cfe2592958747c8fdf9593ebaf5de/window'
14:40:30.180 [Forwarding getCurrentWindowHandle on session dc9cfe2592958747c8fdf9593ebaf5de to remote] DEBUG org.asynchttpclient.netty.request.NettyRequestSender - Using open Channel [id: 0x9c484127, L:/127.0.0.1:65117 - R:localhost/127.0.0.1:46386] for GET '/session/dc9cfe2592958747c8fdf9593ebaf5de/window'
14:40:30.180 [AsyncHttpClient-1-2] DEBUG org.asynchttpclient.netty.handler.HttpHandler - 

Request DefaultFullHttpRequest(decodeResult: success, version: HTTP/1.1, content: EmptyByteBufBE)
GET /session/dc9cfe2592958747c8fdf9593ebaf5de/window HTTP/1.1
User-Agent: selenium/4.7.1 (java windows)
Cache-Control: no-cache
Content-Type: application/json; charset=utf-8
host: localhost:46386
accept: */*

Response DefaultHttpResponse(decodeResult: success, version: HTTP/1.1)
HTTP/1.1 200 OK
Content-Type: application/json; charset=utf-8
cache-control: no-cache
content-length: 44

14:40:30.185 [AsyncHttpClient-1-2] DEBUG org.asynchttpclient.netty.channel.ChannelManager - Adding key: http://localhost:46386 for channel [id: 0x9c484127, L:/127.0.0.1:65117 - R:localhost/127.0.0.1:46386]
14:40:30.185 [Forwarding getAlertText on session dc9cfe2592958747c8fdf9593ebaf5de to remote] DEBUG org.asynchttpclient.netty.request.NettyRequestSender - Using pooled Channel '[id: 0x9c484127, L:/127.0.0.1:65117 - R:localhost/127.0.0.1:46386]' for 'GET' to 'http://localhost:46386/session/dc9cfe2592958747c8fdf9593ebaf5de/alert/text'
14:40:30.185 [Forwarding getAlertText on session dc9cfe2592958747c8fdf9593ebaf5de to remote] DEBUG org.asynchttpclient.netty.request.NettyRequestSender - Using open Channel [id: 0x9c484127, L:/127.0.0.1:65117 - R:localhost/127.0.0.1:46386] for GET '/session/dc9cfe2592958747c8fdf9593ebaf5de/alert/text'
14:40:30.185 [AsyncHttpClient-1-2] DEBUG org.asynchttpclient.netty.handler.HttpHandler - 

Request DefaultFullHttpRequest(decodeResult: success, version: HTTP/1.1, content: EmptyByteBufBE)
GET /session/dc9cfe2592958747c8fdf9593ebaf5de/alert/text HTTP/1.1
User-Agent: selenium/4.7.1 (java windows)
Cache-Control: no-cache
Content-Type: application/json; charset=utf-8
host: localhost:46386
accept: */*

Response DefaultHttpResponse(decodeResult: success, version: HTTP/1.1)
HTTP/1.1 404 Not Found
Content-Type: application/json; charset=utf-8
cache-control: no-cache
content-length: 821

14:40:30.185 [AsyncHttpClient-1-2] DEBUG org.asynchttpclient.netty.channel.ChannelManager - Adding key: http://localhost:46386 for channel [id: 0x9c484127, L:/127.0.0.1:65117 - R:localhost/127.0.0.1:46386]
14:40:30.193 [Forwarding switchToWindow on session dc9cfe2592958747c8fdf9593ebaf5de to remote] DEBUG org.asynchttpclient.netty.request.NettyRequestSender - Using pooled Channel '[id: 0x9c484127, L:/127.0.0.1:65117 - R:localhost/127.0.0.1:46386]' for 'POST' to 'http://localhost:46386/session/dc9cfe2592958747c8fdf9593ebaf5de/window'
14:40:30.193 [Forwarding switchToWindow on session dc9cfe2592958747c8fdf9593ebaf5de to remote] DEBUG org.asynchttpclient.netty.request.NettyRequestSender - Using open Channel [id: 0x9c484127, L:/127.0.0.1:65117 - R:localhost/127.0.0.1:46386] for POST '/session/dc9cfe2592958747c8fdf9593ebaf5de/window'
14:40:30.193 [AsyncHttpClient-1-2] DEBUG org.asynchttpclient.netty.handler.HttpHandler - 

Request DefaultHttpRequest(decodeResult: success, version: HTTP/1.1)
POST /session/dc9cfe2592958747c8fdf9593ebaf5de/window HTTP/1.1
User-Agent: selenium/4.7.1 (java windows)
Content-Length: 50
Content-Type: application/json; charset=utf-8
host: localhost:46386
accept: */*

Response DefaultHttpResponse(decodeResult: success, version: HTTP/1.1)
HTTP/1.1 200 OK
Content-Type: application/json; charset=utf-8
cache-control: no-cache
content-length: 14

14:40:30.193 [AsyncHttpClient-1-2] DEBUG org.asynchttpclient.netty.channel.ChannelManager - Adding key: http://localhost:46386 for channel [id: 0x9c484127, L:/127.0.0.1:65117 - R:localhost/127.0.0.1:46386]
14:40:30.193 [Forwarding getCurrentUrl on session dc9cfe2592958747c8fdf9593ebaf5de to remote] DEBUG org.asynchttpclient.netty.request.NettyRequestSender - Using pooled Channel '[id: 0x9c484127, L:/127.0.0.1:65117 - R:localhost/127.0.0.1:46386]' for 'GET' to 'http://localhost:46386/session/dc9cfe2592958747c8fdf9593ebaf5de/url'
14:40:30.201 [Forwarding getCurrentUrl on session dc9cfe2592958747c8fdf9593ebaf5de to remote] DEBUG org.asynchttpclient.netty.request.NettyRequestSender - Using open Channel [id: 0x9c484127, L:/127.0.0.1:65117 - R:localhost/127.0.0.1:46386] for GET '/session/dc9cfe2592958747c8fdf9593ebaf5de/url'
14:40:30.217 [AsyncHttpClient-1-2] DEBUG org.asynchttpclient.netty.handler.HttpHandler - 

Request DefaultFullHttpRequest(decodeResult: success, version: HTTP/1.1, content: EmptyByteBufBE)
GET /session/dc9cfe2592958747c8fdf9593ebaf5de/url HTTP/1.1
User-Agent: selenium/4.7.1 (java windows)
Cache-Control: no-cache
Content-Type: application/json; charset=utf-8
host: localhost:46386
accept: */*

Response DefaultHttpResponse(decodeResult: success, version: HTTP/1.1)
HTTP/1.1 200 OK
Content-Type: application/json; charset=utf-8
cache-control: no-cache
content-length: 58

14:40:30.225 [AsyncHttpClient-1-2] DEBUG org.asynchttpclient.netty.channel.ChannelManager - Adding key: http://localhost:46386 for channel [id: 0x9c484127, L:/127.0.0.1:65117 - R:localhost/127.0.0.1:46386]
14:40:30.225 [Forwarding screenshot on session dc9cfe2592958747c8fdf9593ebaf5de to remote] DEBUG org.asynchttpclient.netty.request.NettyRequestSender - Using pooled Channel '[id: 0x9c484127, L:/127.0.0.1:65117 - R:localhost/127.0.0.1:46386]' for 'GET' to 'http://localhost:46386/session/dc9cfe2592958747c8fdf9593ebaf5de/screenshot'
14:40:30.225 [Forwarding screenshot on session dc9cfe2592958747c8fdf9593ebaf5de to remote] DEBUG org.asynchttpclient.netty.request.NettyRequestSender - Using open Channel [id: 0x9c484127, L:/127.0.0.1:65117 - R:localhost/127.0.0.1:46386] for GET '/session/dc9cfe2592958747c8fdf9593ebaf5de/screenshot'
14:40:30.401 [AsyncHttpClient-1-2] DEBUG org.asynchttpclient.netty.handler.HttpHandler - 

Request DefaultFullHttpRequest(decodeResult: success, version: HTTP/1.1, content: EmptyByteBufBE)
GET /session/dc9cfe2592958747c8fdf9593ebaf5de/screenshot HTTP/1.1
User-Agent: selenium/4.7.1 (java windows)
Cache-Control: no-cache
Content-Type: application/json; charset=utf-8
host: localhost:46386
accept: */*

Response DefaultHttpResponse(decodeResult: success, version: HTTP/1.1)
HTTP/1.1 200 OK
Content-Type: application/json; charset=utf-8
cache-control: no-cache
content-length: 82544

14:40:30.409 [AsyncHttpClient-1-2] DEBUG org.asynchttpclient.netty.channel.ChannelManager - Adding key: http://localhost:46386 for channel [id: 0x9c484127, L:/127.0.0.1:65117 - R:localhost/127.0.0.1:46386]
14:40:30.417 [main] DEBUG net.serenitybdd.core.photography.Darkroom - Send negative for processing for target\site\serenity\c15da6f51c5c9f83b0ae39593e650c34c335707674f32edff1a6554c9ec142f4.png
14:40:30.417 [main] DEBUG net.thucydides.core.steps.StepInterceptor - STEP DONE: klikbuttonsimpandanmunculpopupberhasil
  &amp#27;[32mThen &amp#27;[0m&amp#27;[32mAdmin klik simpan dan muncul popup berhasil&amp#27;[0m  &amp#27;[90m# starter.stepdefinitions.PDAMSteps.adminKlikSimpan()&amp#27;[0m
14:40:30.417 [Darkroom Processing Line] DEBUG net.serenitybdd.core.photography.DarkroomProcessingLine - Processing screenshot image in /var/screenshots/screenshot-14726043697953966343
14:40:30.417 [Darkroom Processing Line] DEBUG net.serenitybdd.core.photography.DarkroomProcessingLine - Saving screenshot to target\site\serenity\c15da6f51c5c9f83b0ae39593e650c34c335707674f32edff1a6554c9ec142f4.png
14:40:30.433 [main] INFO  - 
  _____   ___   ___   _____     ___     _     ___   ___   ___   ___  
 |_   _| | __| / __| |_   _|   | _ \   /_\   / __| / __| | __| |   \ 
   | |   | _|  \__ \   | |     |  _/  / _ \  \__ \ \__ \ | _|  | |) |
   |_|   |___| |___/   |_|     |_|   /_/ \_\ |___/ |___/ |___| |___/ 

Admin berhasil menambahkan produk pdam
----------------------------------------------------------------------
14:40:30.577 [Driver Command Executor] DEBUG org.asynchttpclient.netty.request.NettyRequestSender - Using pooled Channel '[id: 0x9c484127, L:/127.0.0.1:65117 - R:localhost/127.0.0.1:46386]' for 'DELETE' to 'http://localhost:46386/session/dc9cfe2592958747c8fdf9593ebaf5de'
14:40:30.577 [Driver Command Executor] DEBUG org.asynchttpclient.netty.request.NettyRequestSender - Using open Channel [id: 0x9c484127, L:/127.0.0.1:65117 - R:localhost/127.0.0.1:46386] for DELETE '/session/dc9cfe2592958747c8fdf9593ebaf5de'
14:40:30.580 [AsyncHttpClient-1-4] DEBUG org.asynchttpclient.netty.handler.WebSocketHandler - Unexpected I/O exception on channel [id: 0x9099a886, L:/127.0.0.1:65140 - R:localhost/127.0.0.1:65130]
java.io.IOException: An established connection was aborted by the software in your host machine
	at java.base/sun.nio.ch.SocketDispatcher.read0(Native Method)
	at java.base/sun.nio.ch.SocketDispatcher.read(SocketDispatcher.java:46)
	at java.base/sun.nio.ch.IOUtil.readIntoNativeBuffer(IOUtil.java:339)
	at java.base/sun.nio.ch.IOUtil.read(IOUtil.java:293)
	at java.base/sun.nio.ch.IOUtil.read(IOUtil.java:268)
	at java.base/sun.nio.ch.SocketChannelImpl.read(SocketChannelImpl.java:425)
	at io.netty.buffer.PooledByteBuf.setBytes(PooledByteBuf.java:259)
	at io.netty.buffer.AbstractByteBuf.writeBytes(AbstractByteBuf.java:1132)
	at io.netty.channel.socket.nio.NioSocketChannel.doReadBytes(NioSocketChannel.java:357)
	at io.netty.channel.nio.AbstractNioByteChannel$NioByteUnsafe.read(AbstractNioByteChannel.java:151)
	at io.netty.channel.nio.NioEventLoop.processSelectedKey(NioEventLoop.java:788)
	at io.netty.channel.nio.NioEventLoop.processSelectedKeysOptimized(NioEventLoop.java:724)
	at io.netty.channel.nio.NioEventLoop.processSelectedKeys(NioEventLoop.java:650)
	at io.netty.channel.nio.NioEventLoop.run(NioEventLoop.java:562)
	at io.netty.util.concurrent.SingleThreadEventExecutor$4.run(SingleThreadEventExecutor.java:997)
	at io.netty.util.internal.ThreadExecutorMap$2.run(ThreadExecutorMap.java:74)
	at io.netty.util.concurrent.FastThreadLocalRunnable.run(FastThreadLocalRunnable.java:30)
	at java.base/java.lang.Thread.run(Thread.java:1589)
14:40:30.585 [AsyncHttpClient-1-4] DEBUG org.asynchttpclient.netty.handler.WebSocketHandler - Trying to recover from dead Channel: [id: 0x9099a886, L:/127.0.0.1:65140 - R:localhost/127.0.0.1:65130]
14:40:30.585 [AsyncHttpClient-1-4] DEBUG org.asynchttpclient.netty.handler.WebSocketHandler - Channel Closed: [id: 0x9099a886, L:/127.0.0.1:65140 ! R:localhost/127.0.0.1:65130] with attribute NettyResponseFuture{currentRetry=0,
	isDone=1,
	isCancelled=0,
	asyncHandler=org.asynchttpclient.ws.WebSocketUpgradeHandler@7269daf3,
	nettyRequest=org.asynchttpclient.netty.request.NettyRequest@c8c7e8,
	future=java.util.concurrent.CompletableFuture@132617ba[Completed normally],
	uri=ws://localhost:65130/devtools/browser/8502e70a-1e6d-4e28-a216-41ea42a8e713,
	keepAlive=true,
	redirectCount=0,
	timeoutsHolder=null,
	inAuth=0,
	touch=1687074030585}
14:40:30.585 [AsyncHttpClient-1-4] DEBUG org.asynchttpclient.netty.channel.ChannelManager - Closing Channel [id: 0x9099a886, L:/127.0.0.1:65140 ! R:localhost/127.0.0.1:65130] 
14:40:30.889 [AsyncHttpClient-1-3] DEBUG org.asynchttpclient.netty.handler.HttpHandler - Unexpected I/O exception on channel [id: 0x05166862, L:/127.0.0.1:65139 - R:localhost/127.0.0.1:65130]
java.net.SocketException: Connection reset
	at java.base/sun.nio.ch.SocketChannelImpl.throwConnectionReset(SocketChannelImpl.java:401)
	at java.base/sun.nio.ch.SocketChannelImpl.read(SocketChannelImpl.java:434)
	at io.netty.buffer.PooledByteBuf.setBytes(PooledByteBuf.java:259)
	at io.netty.buffer.AbstractByteBuf.writeBytes(AbstractByteBuf.java:1132)
	at io.netty.channel.socket.nio.NioSocketChannel.doReadBytes(NioSocketChannel.java:357)
	at io.netty.channel.nio.AbstractNioByteChannel$NioByteUnsafe.read(AbstractNioByteChannel.java:151)
	at io.netty.channel.nio.NioEventLoop.processSelectedKey(NioEventLoop.java:788)
	at io.netty.channel.nio.NioEventLoop.processSelectedKeysOptimized(NioEventLoop.java:724)
	at io.netty.channel.nio.NioEventLoop.processSelectedKeys(NioEventLoop.java:650)
	at io.netty.channel.nio.NioEventLoop.run(NioEventLoop.java:562)
	at io.netty.util.concurrent.SingleThreadEventExecutor$4.run(SingleThreadEventExecutor.java:997)
	at io.netty.util.internal.ThreadExecutorMap$2.run(ThreadExecutorMap.java:74)
	at io.netty.util.concurrent.FastThreadLocalRunnable.run(FastThreadLocalRunnable.java:30)
	at java.base/java.lang.Thread.run(Thread.java:1589)
14:40:30.889 [AsyncHttpClient-1-3] DEBUG org.asynchttpclient.netty.channel.ChannelManager - Closing Channel [id: 0x05166862, L:/127.0.0.1:65139 - R:localhost/127.0.0.1:65130] 
14:40:30.897 [AsyncHttpClient-1-3] DEBUG org.asynchttpclient.netty.handler.HttpHandler - Channel Closed: [id: 0x05166862, L:/127.0.0.1:65139 ! R:localhost/127.0.0.1:65130] with attribute DISCARD
14:40:30.969 [AsyncHttpClient-1-2] DEBUG org.asynchttpclient.netty.handler.HttpHandler - 

Request DefaultFullHttpRequest(decodeResult: success, version: HTTP/1.1, content: EmptyByteBufBE)
DELETE /session/dc9cfe2592958747c8fdf9593ebaf5de HTTP/1.1
User-Agent: selenium/4.7.1 (java windows)
Content-Type: application/json; charset=utf-8
host: localhost:46386
accept: */*

Response DefaultHttpResponse(decodeResult: success, version: HTTP/1.1)
HTTP/1.1 200 OK
Content-Type: application/json; charset=utf-8
cache-control: no-cache
content-length: 14

14:40:30.969 [AsyncHttpClient-1-2] DEBUG org.asynchttpclient.netty.channel.ChannelManager - Adding key: http://localhost:46386 for channel [id: 0x9c484127, L:/127.0.0.1:65117 - R:localhost/127.0.0.1:46386]
14:40:31.097 [AsyncHttpClient-1-2] DEBUG org.asynchttpclient.netty.handler.HttpHandler - Channel Closed: [id: 0x9c484127, L:/127.0.0.1:65117 ! R:localhost/127.0.0.1:46386] with attribute DISCARD
]]></system-out>
    <system-err><![CDATA[Starting ChromeDriver 114.0.5735.90 (386bc09e8f4f2e025eddae123f36f6263096ae49-refs/branch-heads/5735@{#1052}) on port 46386
Only local connections are allowed.
Please see https://chromedriver.chromium.org/security-considerations for suggestions on keeping ChromeDriver safe.
ChromeDriver was started successfully.
Jun 18, 2023 2:40:03 PM org.openqa.selenium.devtools.CdpVersionFinder findNearestMatch
WARNING: Unable to find CDP implementation matching 114
Jun 18, 2023 2:40:03 PM org.openqa.selenium.chromium.ChromiumDriver lambda$new$3
WARNING: Unable to find version of CDP to use for . You may need to include a dependency on a specific version of the CDP using something similar to `org.seleniumhq.selenium:selenium-devtools-v86:4.7.1` where the version ("v86") matches the version of the chromium-based browser you're using and the version number of the artifact is the same as Selenium's.
]]></system-err>
  </testcase>
  <testcase name="Admin tidak dapat menambahkan produk PDAM karena tidak menginput kode PDAM" classname="PDAM" time="14.459">
    <system-out><![CDATA[14:40:31.202 [AsyncHttpClient-1-1] DEBUG org.asynchttpclient.netty.channel.DefaultChannelPool - Entry count for : http://localhost:46386 : 1
14:40:31.202 [AsyncHttpClient-1-1] DEBUG org.asynchttpclient.netty.channel.DefaultChannelPool - Entry count for : http://localhost:65130 : 1
14:40:31.202 [AsyncHttpClient-1-1] DEBUG org.asynchttpclient.netty.channel.DefaultChannelPool - Adding Candidate expired Channel [id: 0x9c484127, L:/127.0.0.1:65117 ! R:localhost/127.0.0.1:46386] isIdleTimeoutExpired=false isRemotelyClosed=true isTtlExpired=false
14:40:31.202 [AsyncHttpClient-1-1] DEBUG org.asynchttpclient.netty.channel.DefaultChannelPool - Closing Idle Channel [id: 0x9c484127, L:/127.0.0.1:65117 ! R:localhost/127.0.0.1:46386]
14:40:31.202 [AsyncHttpClient-1-1] DEBUG org.asynchttpclient.netty.channel.DefaultChannelPool - Adding Candidate expired Channel [id: 0x05166862, L:/127.0.0.1:65139 ! R:localhost/127.0.0.1:65130] isIdleTimeoutExpired=false isRemotelyClosed=true isTtlExpired=false
14:40:31.202 [AsyncHttpClient-1-1] DEBUG org.asynchttpclient.netty.channel.DefaultChannelPool - Closing Idle Channel [id: 0x05166862, L:/127.0.0.1:65139 ! R:localhost/127.0.0.1:65130]
14:40:31.202 [AsyncHttpClient-1-1] DEBUG org.asynchttpclient.netty.channel.DefaultChannelPool - Closed 2 connections out of 2 in 0 ms

@PDAM-02
Scenario: Admin tidak dapat menambahkan produk PDAM karena tidak menginput kode PDAM &amp#27;[90m# src/test/resources/features/PDAM.feature:15&amp#27;[0m
14:40:31.216 [main] INFO io.cucumber.core.plugin.SerenityReporter - Running feature from file:///C:/Dev/CapstoneProjectBaru/SKUYPAY%20WEB%20AUTOMATION/src/test/resources/features/PDAM.feature
14:40:31.224 [main] INFO  - 
  _____   ___   ___   _____     ___   _____     _     ___   _____   ___   ___  
 |_   _| | __| / __| |_   _|   / __| |_   _|   /_\   | _ \ |_   _| | __| |   \ 
   | |   | _|  \__ \   | |     \__ \   | |    / _ \  |   /   | |   | _|  | |) |
   |_|   |___| |___/   |_|     |___/   |_|   /_/ \_\ |_|_\   |_|   |___| |___/ 

Admin tidak dapat menambahkan produk PDAM karena tidak menginput kode PDAM(pdam;admin-tidak-dapat-menambahkan-produk-pdam-karena-tidak-menginput-kode-pdam)
--------------------------------------------------------------------------------
14:40:31.256 [main] DEBUG net.thucydides.core.steps.StepInterceptor - STARTING STEP: PDAMSteps.adminMelakukanLoginAkunUntukFiturPDAM - diHomepageSkuyPay
14:40:31.376 [main] INFO net.serenitybdd.core.webdriver.driverproviders.ChromeDriverProvider - Starting Chrome driver instance with capabilities:
14:40:31.376 [main] INFO net.serenitybdd.core.webdriver.driverproviders.ChromeDriverProvider - Capabilities {acceptInsecureCerts: true, browserName: chrome, goog:chromeOptions: {args: [remote-allow-origins=*, test-type, no-sandbox, ignore-certificate-errors, start-maximized, incognito, disable-infobars, disable-gpu, disable-default-apps, disable-popup-blocking, remote-allow-origins=*, test-type, no-sandbox, ignore-certificate-errors, start-maximized, incognito, disable-infobars, disable-gpu, disable-default-apps, disable-popup-blocking], extensions: []}}
14:40:31.808 [AsyncHttpClient-1-5] DEBUG org.asynchttpclient.netty.channel.NettyConnectListener - Using new Channel '[id: 0x9e8dac74, L:/127.0.0.1:65205 - R:localhost/127.0.0.1:20596]' for 'POST' to '/session'
14:40:33.905 [AsyncHttpClient-1-5] DEBUG org.asynchttpclient.netty.handler.HttpHandler - 

Request DefaultHttpRequest(decodeResult: success, version: HTTP/1.1)
POST /session HTTP/1.1
User-Agent: selenium/4.7.1 (java windows)
Content-Length: 1629
Content-Type: application/json; charset=utf-8
host: localhost:20596
accept: */*

Response DefaultHttpResponse(decodeResult: success, version: HTTP/1.1)
HTTP/1.1 200 OK
Content-Type: application/json; charset=utf-8
cache-control: no-cache
content-length: 856

14:40:33.905 [AsyncHttpClient-1-5] DEBUG org.asynchttpclient.netty.channel.ChannelManager - Adding key: http://localhost:20596 for channel [id: 0x9e8dac74, L:/127.0.0.1:65205 - R:localhost/127.0.0.1:20596]
14:40:33.921 [AsyncHttpClient-1-6] DEBUG org.asynchttpclient.netty.channel.NettyConnectListener - Using new Channel '[id: 0x121b0e11, L:/127.0.0.1:65214 - R:localhost/127.0.0.1:65206]' for 'GET' to '/json/version'
14:40:33.929 [AsyncHttpClient-1-6] DEBUG org.asynchttpclient.netty.handler.HttpHandler - 

Request DefaultFullHttpRequest(decodeResult: success, version: HTTP/1.1, content: EmptyByteBufBE)
GET /json/version HTTP/1.1
User-Agent: selenium/4.7.1 (java windows)
host: localhost:65206
accept: */*

Response DefaultHttpResponse(decodeResult: success, version: HTTP/1.1)
HTTP/1.1 200 OK
Content-Security-Policy: frame-ancestors 'none'
Content-Type: application/json; charset=UTF-8
content-length: 424

14:40:33.929 [AsyncHttpClient-1-6] DEBUG org.asynchttpclient.netty.channel.ChannelManager - Adding key: http://localhost:65206 for channel [id: 0x121b0e11, L:/127.0.0.1:65214 - R:localhost/127.0.0.1:65206]
14:40:33.929 [AsyncHttpClient-1-7] DEBUG org.asynchttpclient.netty.channel.NettyConnectListener - Using new Channel '[id: 0xa160bede, L:/127.0.0.1:65215 - R:localhost/127.0.0.1:65206]' for 'GET' to '/devtools/browser/ff1ebee7-abea-4977-a3ef-e52d7fa1db2d'
14:40:33.937 [AsyncHttpClient-1-7] DEBUG org.asynchttpclient.netty.handler.WebSocketHandler - 

Request DefaultFullHttpRequest(decodeResult: success, version: HTTP/1.1, content: EmptyByteBufBE)
GET /devtools/browser/ff1ebee7-abea-4977-a3ef-e52d7fa1db2d HTTP/1.1
upgrade: websocket
connection: upgrade
sec-websocket-key: rQjLjBlK4iU+iDpSop+BRQ==
sec-websocket-version: 13
origin: http://localhost:65206
host: localhost:65206
accept: */*
user-agent: AHC/2.1

Response DefaultHttpResponse(decodeResult: success, version: HTTP/1.1)
HTTP/1.1 101 WebSocket Protocol Handshake
Upgrade: WebSocket
Connection: Upgrade
Sec-WebSocket-Accept: 9/3PWP8y7YZ70C42ih8/siFTTIQ=

14:40:33.945 [Forwarding get on session 81c3039f167eb3d3c0c34d352336fa7c to remote] DEBUG org.asynchttpclient.netty.request.NettyRequestSender - Using pooled Channel '[id: 0x9e8dac74, L:/127.0.0.1:65205 - R:localhost/127.0.0.1:20596]' for 'POST' to 'http://localhost:20596/session/81c3039f167eb3d3c0c34d352336fa7c/url'
14:40:33.945 [Forwarding get on session 81c3039f167eb3d3c0c34d352336fa7c to remote] DEBUG org.asynchttpclient.netty.request.NettyRequestSender - Using open Channel [id: 0x9e8dac74, L:/127.0.0.1:65205 - R:localhost/127.0.0.1:20596] for POST '/session/81c3039f167eb3d3c0c34d352336fa7c/url'
14:40:34.502 [AsyncHttpClient-1-1] DEBUG org.asynchttpclient.netty.channel.DefaultChannelPool - Entry count for : http://localhost:65206 : 1
14:40:35.591 [AsyncHttpClient-1-1] DEBUG org.asynchttpclient.netty.channel.DefaultChannelPool - Entry count for : http://localhost:65206 : 1
14:40:36.162 [AsyncHttpClient-1-5] DEBUG org.asynchttpclient.netty.handler.HttpHandler - 

Request DefaultHttpRequest(decodeResult: success, version: HTTP/1.1)
POST /session/81c3039f167eb3d3c0c34d352336fa7c/url HTTP/1.1
User-Agent: selenium/4.7.1 (java windows)
Content-Length: 69
Content-Type: application/json; charset=utf-8
host: localhost:20596
accept: */*

Response DefaultHttpResponse(decodeResult: success, version: HTTP/1.1)
HTTP/1.1 200 OK
Content-Type: application/json; charset=utf-8
cache-control: no-cache
content-length: 14

14:40:36.162 [AsyncHttpClient-1-5] DEBUG org.asynchttpclient.netty.channel.ChannelManager - Adding key: http://localhost:20596 for channel [id: 0x9e8dac74, L:/127.0.0.1:65205 - R:localhost/127.0.0.1:20596]
14:40:36.170 [Forwarding setTimeout on session 81c3039f167eb3d3c0c34d352336fa7c to remote] DEBUG org.asynchttpclient.netty.request.NettyRequestSender - Using pooled Channel '[id: 0x9e8dac74, L:/127.0.0.1:65205 - R:localhost/127.0.0.1:20596]' for 'POST' to 'http://localhost:20596/session/81c3039f167eb3d3c0c34d352336fa7c/timeouts'
14:40:36.170 [Forwarding setTimeout on session 81c3039f167eb3d3c0c34d352336fa7c to remote] DEBUG org.asynchttpclient.netty.request.NettyRequestSender - Using open Channel [id: 0x9e8dac74, L:/127.0.0.1:65205 - R:localhost/127.0.0.1:20596] for POST '/session/81c3039f167eb3d3c0c34d352336fa7c/timeouts'
14:40:36.174 [AsyncHttpClient-1-5] DEBUG org.asynchttpclient.netty.handler.HttpHandler - 

Request DefaultHttpRequest(decodeResult: success, version: HTTP/1.1)
POST /session/81c3039f167eb3d3c0c34d352336fa7c/timeouts HTTP/1.1
User-Agent: selenium/4.7.1 (java windows)
Content-Length: 22
Content-Type: application/json; charset=utf-8
host: localhost:20596
accept: */*

Response DefaultHttpResponse(decodeResult: success, version: HTTP/1.1)
HTTP/1.1 200 OK
Content-Type: application/json; charset=utf-8
cache-control: no-cache
content-length: 14

14:40:36.174 [AsyncHttpClient-1-5] DEBUG org.asynchttpclient.netty.channel.ChannelManager - Adding key: http://localhost:20596 for channel [id: 0x9e8dac74, L:/127.0.0.1:65205 - R:localhost/127.0.0.1:20596]
14:40:36.184 [Forwarding getCurrentUrl on session 81c3039f167eb3d3c0c34d352336fa7c to remote] DEBUG org.asynchttpclient.netty.request.NettyRequestSender - Using pooled Channel '[id: 0x9e8dac74, L:/127.0.0.1:65205 - R:localhost/127.0.0.1:20596]' for 'GET' to 'http://localhost:20596/session/81c3039f167eb3d3c0c34d352336fa7c/url'
14:40:36.184 [Forwarding getCurrentUrl on session 81c3039f167eb3d3c0c34d352336fa7c to remote] DEBUG org.asynchttpclient.netty.request.NettyRequestSender - Using open Channel [id: 0x9e8dac74, L:/127.0.0.1:65205 - R:localhost/127.0.0.1:20596] for GET '/session/81c3039f167eb3d3c0c34d352336fa7c/url'
14:40:36.225 [AsyncHttpClient-1-5] DEBUG org.asynchttpclient.netty.handler.HttpHandler - 

Request DefaultFullHttpRequest(decodeResult: success, version: HTTP/1.1, content: EmptyByteBufBE)
GET /session/81c3039f167eb3d3c0c34d352336fa7c/url HTTP/1.1
User-Agent: selenium/4.7.1 (java windows)
Cache-Control: no-cache
Content-Type: application/json; charset=utf-8
host: localhost:20596
accept: */*

Response DefaultHttpResponse(decodeResult: success, version: HTTP/1.1)
HTTP/1.1 200 OK
Content-Type: application/json; charset=utf-8
cache-control: no-cache
content-length: 51

14:40:36.225 [AsyncHttpClient-1-5] DEBUG org.asynchttpclient.netty.channel.ChannelManager - Adding key: http://localhost:20596 for channel [id: 0x9e8dac74, L:/127.0.0.1:65205 - R:localhost/127.0.0.1:20596]
14:40:36.233 [Forwarding getCurrentUrl on session 81c3039f167eb3d3c0c34d352336fa7c to remote] DEBUG org.asynchttpclient.netty.request.NettyRequestSender - Using pooled Channel '[id: 0x9e8dac74, L:/127.0.0.1:65205 - R:localhost/127.0.0.1:20596]' for 'GET' to 'http://localhost:20596/session/81c3039f167eb3d3c0c34d352336fa7c/url'
14:40:36.233 [Forwarding getCurrentUrl on session 81c3039f167eb3d3c0c34d352336fa7c to remote] DEBUG org.asynchttpclient.netty.request.NettyRequestSender - Using open Channel [id: 0x9e8dac74, L:/127.0.0.1:65205 - R:localhost/127.0.0.1:20596] for GET '/session/81c3039f167eb3d3c0c34d352336fa7c/url'
14:40:36.241 [AsyncHttpClient-1-5] DEBUG org.asynchttpclient.netty.handler.HttpHandler - 

Request DefaultFullHttpRequest(decodeResult: success, version: HTTP/1.1, content: EmptyByteBufBE)
GET /session/81c3039f167eb3d3c0c34d352336fa7c/url HTTP/1.1
User-Agent: selenium/4.7.1 (java windows)
Cache-Control: no-cache
Content-Type: application/json; charset=utf-8
host: localhost:20596
accept: */*

Response DefaultHttpResponse(decodeResult: success, version: HTTP/1.1)
HTTP/1.1 200 OK
Content-Type: application/json; charset=utf-8
cache-control: no-cache
content-length: 51

14:40:36.241 [AsyncHttpClient-1-5] DEBUG org.asynchttpclient.netty.channel.ChannelManager - Adding key: http://localhost:20596 for channel [id: 0x9e8dac74, L:/127.0.0.1:65205 - R:localhost/127.0.0.1:20596]
14:40:36.249 [Forwarding findElement on session 81c3039f167eb3d3c0c34d352336fa7c to remote] DEBUG org.asynchttpclient.netty.request.NettyRequestSender - Using pooled Channel '[id: 0x9e8dac74, L:/127.0.0.1:65205 - R:localhost/127.0.0.1:20596]' for 'POST' to 'http://localhost:20596/session/81c3039f167eb3d3c0c34d352336fa7c/element'
14:40:36.249 [Forwarding findElement on session 81c3039f167eb3d3c0c34d352336fa7c to remote] DEBUG org.asynchttpclient.netty.request.NettyRequestSender - Using open Channel [id: 0x9e8dac74, L:/127.0.0.1:65205 - R:localhost/127.0.0.1:20596] for POST '/session/81c3039f167eb3d3c0c34d352336fa7c/element'
14:40:36.284 [AsyncHttpClient-1-5] DEBUG org.asynchttpclient.netty.handler.HttpHandler - 

Request DefaultHttpRequest(decodeResult: success, version: HTTP/1.1)
POST /session/81c3039f167eb3d3c0c34d352336fa7c/element HTTP/1.1
User-Agent: selenium/4.7.1 (java windows)
Content-Length: 84
Content-Type: application/json; charset=utf-8
host: localhost:20596
accept: */*

Response DefaultHttpResponse(decodeResult: success, version: HTTP/1.1)
HTTP/1.1 200 OK
Content-Type: application/json; charset=utf-8
cache-control: no-cache
content-length: 94

14:40:36.284 [AsyncHttpClient-1-5] DEBUG org.asynchttpclient.netty.channel.ChannelManager - Adding key: http://localhost:20596 for channel [id: 0x9e8dac74, L:/127.0.0.1:65205 - R:localhost/127.0.0.1:20596]
14:40:36.289 [Forwarding isElementDisplayed on session 81c3039f167eb3d3c0c34d352336fa7c to remote] DEBUG org.asynchttpclient.netty.request.NettyRequestSender - Using pooled Channel '[id: 0x9e8dac74, L:/127.0.0.1:65205 - R:localhost/127.0.0.1:20596]' for 'POST' to 'http://localhost:20596/session/81c3039f167eb3d3c0c34d352336fa7c/execute/sync'
14:40:36.289 [Forwarding isElementDisplayed on session 81c3039f167eb3d3c0c34d352336fa7c to remote] DEBUG org.asynchttpclient.netty.request.NettyRequestSender - Using open Channel [id: 0x9e8dac74, L:/127.0.0.1:65205 - R:localhost/127.0.0.1:20596] for POST '/session/81c3039f167eb3d3c0c34d352336fa7c/execute/sync'
14:40:36.329 [AsyncHttpClient-1-5] DEBUG org.asynchttpclient.netty.handler.HttpHandler - 

Request DefaultHttpRequest(decodeResult: success, version: HTTP/1.1)
POST /session/81c3039f167eb3d3c0c34d352336fa7c/execute/sync HTTP/1.1
User-Agent: selenium/4.7.1 (java windows)
Content-Length: 48786
Content-Type: application/json; charset=utf-8
host: localhost:20596
accept: */*

Response DefaultHttpResponse(decodeResult: success, version: HTTP/1.1)
HTTP/1.1 200 OK
Content-Type: application/json; charset=utf-8
cache-control: no-cache
content-length: 14

14:40:36.329 [AsyncHttpClient-1-5] DEBUG org.asynchttpclient.netty.channel.ChannelManager - Adding key: http://localhost:20596 for channel [id: 0x9e8dac74, L:/127.0.0.1:65205 - R:localhost/127.0.0.1:20596]
14:40:36.337 [Forwarding isElementDisplayed on session 81c3039f167eb3d3c0c34d352336fa7c to remote] DEBUG org.asynchttpclient.netty.request.NettyRequestSender - Using pooled Channel '[id: 0x9e8dac74, L:/127.0.0.1:65205 - R:localhost/127.0.0.1:20596]' for 'POST' to 'http://localhost:20596/session/81c3039f167eb3d3c0c34d352336fa7c/execute/sync'
14:40:36.337 [Forwarding isElementDisplayed on session 81c3039f167eb3d3c0c34d352336fa7c to remote] DEBUG org.asynchttpclient.netty.request.NettyRequestSender - Using open Channel [id: 0x9e8dac74, L:/127.0.0.1:65205 - R:localhost/127.0.0.1:20596] for POST '/session/81c3039f167eb3d3c0c34d352336fa7c/execute/sync'
14:40:36.361 [AsyncHttpClient-1-5] DEBUG org.asynchttpclient.netty.handler.HttpHandler - 

Request DefaultHttpRequest(decodeResult: success, version: HTTP/1.1)
POST /session/81c3039f167eb3d3c0c34d352336fa7c/execute/sync HTTP/1.1
User-Agent: selenium/4.7.1 (java windows)
Content-Length: 48786
Content-Type: application/json; charset=utf-8
host: localhost:20596
accept: */*

Response DefaultHttpResponse(decodeResult: success, version: HTTP/1.1)
HTTP/1.1 200 OK
Content-Type: application/json; charset=utf-8
cache-control: no-cache
content-length: 14

14:40:36.361 [AsyncHttpClient-1-5] DEBUG org.asynchttpclient.netty.channel.ChannelManager - Adding key: http://localhost:20596 for channel [id: 0x9e8dac74, L:/127.0.0.1:65205 - R:localhost/127.0.0.1:20596]
14:40:36.369 [Forwarding getCurrentWindowHandle on session 81c3039f167eb3d3c0c34d352336fa7c to remote] DEBUG org.asynchttpclient.netty.request.NettyRequestSender - Using pooled Channel '[id: 0x9e8dac74, L:/127.0.0.1:65205 - R:localhost/127.0.0.1:20596]' for 'GET' to 'http://localhost:20596/session/81c3039f167eb3d3c0c34d352336fa7c/window'
14:40:36.369 [Forwarding getCurrentWindowHandle on session 81c3039f167eb3d3c0c34d352336fa7c to remote] DEBUG org.asynchttpclient.netty.request.NettyRequestSender - Using open Channel [id: 0x9e8dac74, L:/127.0.0.1:65205 - R:localhost/127.0.0.1:20596] for GET '/session/81c3039f167eb3d3c0c34d352336fa7c/window'
14:40:36.369 [AsyncHttpClient-1-5] DEBUG org.asynchttpclient.netty.handler.HttpHandler - 

Request DefaultFullHttpRequest(decodeResult: success, version: HTTP/1.1, content: EmptyByteBufBE)
GET /session/81c3039f167eb3d3c0c34d352336fa7c/window HTTP/1.1
User-Agent: selenium/4.7.1 (java windows)
Cache-Control: no-cache
Content-Type: application/json; charset=utf-8
host: localhost:20596
accept: */*

Response DefaultHttpResponse(decodeResult: success, version: HTTP/1.1)
HTTP/1.1 200 OK
Content-Type: application/json; charset=utf-8
cache-control: no-cache
content-length: 44

14:40:36.377 [AsyncHttpClient-1-5] DEBUG org.asynchttpclient.netty.channel.ChannelManager - Adding key: http://localhost:20596 for channel [id: 0x9e8dac74, L:/127.0.0.1:65205 - R:localhost/127.0.0.1:20596]
14:40:36.377 [Forwarding getAlertText on session 81c3039f167eb3d3c0c34d352336fa7c to remote] DEBUG org.asynchttpclient.netty.request.NettyRequestSender - Using pooled Channel '[id: 0x9e8dac74, L:/127.0.0.1:65205 - R:localhost/127.0.0.1:20596]' for 'GET' to 'http://localhost:20596/session/81c3039f167eb3d3c0c34d352336fa7c/alert/text'
14:40:36.377 [Forwarding getAlertText on session 81c3039f167eb3d3c0c34d352336fa7c to remote] DEBUG org.asynchttpclient.netty.request.NettyRequestSender - Using open Channel [id: 0x9e8dac74, L:/127.0.0.1:65205 - R:localhost/127.0.0.1:20596] for GET '/session/81c3039f167eb3d3c0c34d352336fa7c/alert/text'
14:40:36.377 [AsyncHttpClient-1-5] DEBUG org.asynchttpclient.netty.handler.HttpHandler - 

Request DefaultFullHttpRequest(decodeResult: success, version: HTTP/1.1, content: EmptyByteBufBE)
GET /session/81c3039f167eb3d3c0c34d352336fa7c/alert/text HTTP/1.1
User-Agent: selenium/4.7.1 (java windows)
Cache-Control: no-cache
Content-Type: application/json; charset=utf-8
host: localhost:20596
accept: */*

Response DefaultHttpResponse(decodeResult: success, version: HTTP/1.1)
HTTP/1.1 404 Not Found
Content-Type: application/json; charset=utf-8
cache-control: no-cache
content-length: 821

14:40:36.377 [AsyncHttpClient-1-5] DEBUG org.asynchttpclient.netty.channel.ChannelManager - Adding key: http://localhost:20596 for channel [id: 0x9e8dac74, L:/127.0.0.1:65205 - R:localhost/127.0.0.1:20596]
14:40:36.388 [Forwarding switchToWindow on session 81c3039f167eb3d3c0c34d352336fa7c to remote] DEBUG org.asynchttpclient.netty.request.NettyRequestSender - Using pooled Channel '[id: 0x9e8dac74, L:/127.0.0.1:65205 - R:localhost/127.0.0.1:20596]' for 'POST' to 'http://localhost:20596/session/81c3039f167eb3d3c0c34d352336fa7c/window'
14:40:36.388 [Forwarding switchToWindow on session 81c3039f167eb3d3c0c34d352336fa7c to remote] DEBUG org.asynchttpclient.netty.request.NettyRequestSender - Using open Channel [id: 0x9e8dac74, L:/127.0.0.1:65205 - R:localhost/127.0.0.1:20596] for POST '/session/81c3039f167eb3d3c0c34d352336fa7c/window'
14:40:36.391 [AsyncHttpClient-1-5] DEBUG org.asynchttpclient.netty.handler.HttpHandler - 

Request DefaultHttpRequest(decodeResult: success, version: HTTP/1.1)
POST /session/81c3039f167eb3d3c0c34d352336fa7c/window HTTP/1.1
User-Agent: selenium/4.7.1 (java windows)
Content-Length: 50
Content-Type: application/json; charset=utf-8
host: localhost:20596
accept: */*

Response DefaultHttpResponse(decodeResult: success, version: HTTP/1.1)
HTTP/1.1 200 OK
Content-Type: application/json; charset=utf-8
cache-control: no-cache
content-length: 14

14:40:36.391 [AsyncHttpClient-1-5] DEBUG org.asynchttpclient.netty.channel.ChannelManager - Adding key: http://localhost:20596 for channel [id: 0x9e8dac74, L:/127.0.0.1:65205 - R:localhost/127.0.0.1:20596]
14:40:36.391 [Forwarding getCurrentUrl on session 81c3039f167eb3d3c0c34d352336fa7c to remote] DEBUG org.asynchttpclient.netty.request.NettyRequestSender - Using pooled Channel '[id: 0x9e8dac74, L:/127.0.0.1:65205 - R:localhost/127.0.0.1:20596]' for 'GET' to 'http://localhost:20596/session/81c3039f167eb3d3c0c34d352336fa7c/url'
14:40:36.391 [Forwarding getCurrentUrl on session 81c3039f167eb3d3c0c34d352336fa7c to remote] DEBUG org.asynchttpclient.netty.request.NettyRequestSender - Using open Channel [id: 0x9e8dac74, L:/127.0.0.1:65205 - R:localhost/127.0.0.1:20596] for GET '/session/81c3039f167eb3d3c0c34d352336fa7c/url'
14:40:36.399 [AsyncHttpClient-1-5] DEBUG org.asynchttpclient.netty.handler.HttpHandler - 

Request DefaultFullHttpRequest(decodeResult: success, version: HTTP/1.1, content: EmptyByteBufBE)
GET /session/81c3039f167eb3d3c0c34d352336fa7c/url HTTP/1.1
User-Agent: selenium/4.7.1 (java windows)
Cache-Control: no-cache
Content-Type: application/json; charset=utf-8
host: localhost:20596
accept: */*

Response DefaultHttpResponse(decodeResult: success, version: HTTP/1.1)
HTTP/1.1 200 OK
Content-Type: application/json; charset=utf-8
cache-control: no-cache
content-length: 51

14:40:36.399 [AsyncHttpClient-1-5] DEBUG org.asynchttpclient.netty.channel.ChannelManager - Adding key: http://localhost:20596 for channel [id: 0x9e8dac74, L:/127.0.0.1:65205 - R:localhost/127.0.0.1:20596]
14:40:36.399 [Forwarding screenshot on session 81c3039f167eb3d3c0c34d352336fa7c to remote] DEBUG org.asynchttpclient.netty.request.NettyRequestSender - Using pooled Channel '[id: 0x9e8dac74, L:/127.0.0.1:65205 - R:localhost/127.0.0.1:20596]' for 'GET' to 'http://localhost:20596/session/81c3039f167eb3d3c0c34d352336fa7c/screenshot'
14:40:36.399 [Forwarding screenshot on session 81c3039f167eb3d3c0c34d352336fa7c to remote] DEBUG org.asynchttpclient.netty.request.NettyRequestSender - Using open Channel [id: 0x9e8dac74, L:/127.0.0.1:65205 - R:localhost/127.0.0.1:20596] for GET '/session/81c3039f167eb3d3c0c34d352336fa7c/screenshot'
14:40:36.663 [AsyncHttpClient-1-5] DEBUG org.asynchttpclient.netty.handler.HttpHandler - 

Request DefaultFullHttpRequest(decodeResult: success, version: HTTP/1.1, content: EmptyByteBufBE)
GET /session/81c3039f167eb3d3c0c34d352336fa7c/screenshot HTTP/1.1
User-Agent: selenium/4.7.1 (java windows)
Cache-Control: no-cache
Content-Type: application/json; charset=utf-8
host: localhost:20596
accept: */*

Response DefaultHttpResponse(decodeResult: success, version: HTTP/1.1)
HTTP/1.1 200 OK
Content-Type: application/json; charset=utf-8
cache-control: no-cache
content-length: 188180

14:40:36.663 [AsyncHttpClient-1-5] DEBUG org.asynchttpclient.netty.channel.ChannelManager - Adding key: http://localhost:20596 for channel [id: 0x9e8dac74, L:/127.0.0.1:65205 - R:localhost/127.0.0.1:20596]
14:40:36.671 [main] DEBUG net.serenitybdd.core.photography.Darkroom - Send negative for processing for target\site\serenity\1ef8e34a10a4bf0c2be8921939270eefc1a9dcd9edcf45ddbd17bd696c34f32a.png
14:40:36.671 [main] DEBUG net.thucydides.core.steps.StepInterceptor - STEP DONE: diHomepageSkuyPay
14:40:36.679 [main] DEBUG net.thucydides.core.steps.StepInterceptor - STARTING STEP: PDAMSteps.adminMelakukanLoginAkunUntukFiturPDAM - inputfieldemail
14:40:36.695 [AsyncHttpClient-1-1] DEBUG org.asynchttpclient.netty.channel.DefaultChannelPool - Entry count for : http://localhost:65206 : 1
14:40:36.695 [AsyncHttpClient-1-1] DEBUG org.asynchttpclient.netty.channel.DefaultChannelPool - Entry count for : http://localhost:20596 : 1
14:40:36.695 [Forwarding findElement on session 81c3039f167eb3d3c0c34d352336fa7c to remote] DEBUG org.asynchttpclient.netty.request.NettyRequestSender - Using pooled Channel '[id: 0x9e8dac74, L:/127.0.0.1:65205 - R:localhost/127.0.0.1:20596]' for 'POST' to 'http://localhost:20596/session/81c3039f167eb3d3c0c34d352336fa7c/element'
14:40:36.695 [Forwarding findElement on session 81c3039f167eb3d3c0c34d352336fa7c to remote] DEBUG org.asynchttpclient.netty.request.NettyRequestSender - Using open Channel [id: 0x9e8dac74, L:/127.0.0.1:65205 - R:localhost/127.0.0.1:20596] for POST '/session/81c3039f167eb3d3c0c34d352336fa7c/element'
14:40:36.703 [AsyncHttpClient-1-5] DEBUG org.asynchttpclient.netty.handler.HttpHandler - 

Request DefaultHttpRequest(decodeResult: success, version: HTTP/1.1)
POST /session/81c3039f167eb3d3c0c34d352336fa7c/element HTTP/1.1
User-Agent: selenium/4.7.1 (java windows)
Content-Length: 84
Content-Type: application/json; charset=utf-8
host: localhost:20596
accept: */*

Response DefaultHttpResponse(decodeResult: success, version: HTTP/1.1)
HTTP/1.1 200 OK
Content-Type: application/json; charset=utf-8
cache-control: no-cache
content-length: 94

14:40:36.703 [AsyncHttpClient-1-5] DEBUG org.asynchttpclient.netty.channel.ChannelManager - Adding key: http://localhost:20596 for channel [id: 0x9e8dac74, L:/127.0.0.1:65205 - R:localhost/127.0.0.1:20596]
14:40:36.711 [Forwarding getElementTagName on session 81c3039f167eb3d3c0c34d352336fa7c to remote] DEBUG org.asynchttpclient.netty.request.NettyRequestSender - Using pooled Channel '[id: 0x9e8dac74, L:/127.0.0.1:65205 - R:localhost/127.0.0.1:20596]' for 'GET' to 'http://localhost:20596/session/81c3039f167eb3d3c0c34d352336fa7c/element/1F0A880FBB062E6DDAB1BFCDC47850EF_element_7/name'
14:40:36.711 [Forwarding getElementTagName on session 81c3039f167eb3d3c0c34d352336fa7c to remote] DEBUG org.asynchttpclient.netty.request.NettyRequestSender - Using open Channel [id: 0x9e8dac74, L:/127.0.0.1:65205 - R:localhost/127.0.0.1:20596] for GET '/session/81c3039f167eb3d3c0c34d352336fa7c/element/1F0A880FBB062E6DDAB1BFCDC47850EF_element_7/name'
14:40:36.719 [AsyncHttpClient-1-5] DEBUG org.asynchttpclient.netty.handler.HttpHandler - 

Request DefaultFullHttpRequest(decodeResult: success, version: HTTP/1.1, content: EmptyByteBufBE)
GET /session/81c3039f167eb3d3c0c34d352336fa7c/element/1F0A880FBB062E6DDAB1BFCDC47850EF_element_7/name HTTP/1.1
User-Agent: selenium/4.7.1 (java windows)
Cache-Control: no-cache
Content-Type: application/json; charset=utf-8
host: localhost:20596
accept: */*

Response DefaultHttpResponse(decodeResult: success, version: HTTP/1.1)
HTTP/1.1 200 OK
Content-Type: application/json; charset=utf-8
cache-control: no-cache
content-length: 17

14:40:36.719 [AsyncHttpClient-1-5] DEBUG org.asynchttpclient.netty.channel.ChannelManager - Adding key: http://localhost:20596 for channel [id: 0x9e8dac74, L:/127.0.0.1:65205 - R:localhost/127.0.0.1:20596]
14:40:36.719 [Forwarding getElementTagName on session 81c3039f167eb3d3c0c34d352336fa7c to remote] DEBUG org.asynchttpclient.netty.request.NettyRequestSender - Using pooled Channel '[id: 0x9e8dac74, L:/127.0.0.1:65205 - R:localhost/127.0.0.1:20596]' for 'GET' to 'http://localhost:20596/session/81c3039f167eb3d3c0c34d352336fa7c/element/1F0A880FBB062E6DDAB1BFCDC47850EF_element_7/name'
14:40:36.727 [Forwarding getElementTagName on session 81c3039f167eb3d3c0c34d352336fa7c to remote] DEBUG org.asynchttpclient.netty.request.NettyRequestSender - Using open Channel [id: 0x9e8dac74, L:/127.0.0.1:65205 - R:localhost/127.0.0.1:20596] for GET '/session/81c3039f167eb3d3c0c34d352336fa7c/element/1F0A880FBB062E6DDAB1BFCDC47850EF_element_7/name'
14:40:36.735 [AsyncHttpClient-1-5] DEBUG org.asynchttpclient.netty.handler.HttpHandler - 

Request DefaultFullHttpRequest(decodeResult: success, version: HTTP/1.1, content: EmptyByteBufBE)
GET /session/81c3039f167eb3d3c0c34d352336fa7c/element/1F0A880FBB062E6DDAB1BFCDC47850EF_element_7/name HTTP/1.1
User-Agent: selenium/4.7.1 (java windows)
Cache-Control: no-cache
Content-Type: application/json; charset=utf-8
host: localhost:20596
accept: */*

Response DefaultHttpResponse(decodeResult: success, version: HTTP/1.1)
HTTP/1.1 200 OK
Content-Type: application/json; charset=utf-8
cache-control: no-cache
content-length: 17

14:40:36.735 [AsyncHttpClient-1-5] DEBUG org.asynchttpclient.netty.channel.ChannelManager - Adding key: http://localhost:20596 for channel [id: 0x9e8dac74, L:/127.0.0.1:65205 - R:localhost/127.0.0.1:20596]
14:40:36.735 [Forwarding isElementEnabled on session 81c3039f167eb3d3c0c34d352336fa7c to remote] DEBUG org.asynchttpclient.netty.request.NettyRequestSender - Using pooled Channel '[id: 0x9e8dac74, L:/127.0.0.1:65205 - R:localhost/127.0.0.1:20596]' for 'GET' to 'http://localhost:20596/session/81c3039f167eb3d3c0c34d352336fa7c/element/1F0A880FBB062E6DDAB1BFCDC47850EF_element_7/enabled'
14:40:36.735 [Forwarding isElementEnabled on session 81c3039f167eb3d3c0c34d352336fa7c to remote] DEBUG org.asynchttpclient.netty.request.NettyRequestSender - Using open Channel [id: 0x9e8dac74, L:/127.0.0.1:65205 - R:localhost/127.0.0.1:20596] for GET '/session/81c3039f167eb3d3c0c34d352336fa7c/element/1F0A880FBB062E6DDAB1BFCDC47850EF_element_7/enabled'
14:40:36.751 [AsyncHttpClient-1-5] DEBUG org.asynchttpclient.netty.handler.HttpHandler - 

Request DefaultFullHttpRequest(decodeResult: success, version: HTTP/1.1, content: EmptyByteBufBE)
GET /session/81c3039f167eb3d3c0c34d352336fa7c/element/1F0A880FBB062E6DDAB1BFCDC47850EF_element_7/enabled HTTP/1.1
User-Agent: selenium/4.7.1 (java windows)
Cache-Control: no-cache
Content-Type: application/json; charset=utf-8
host: localhost:20596
accept: */*

Response DefaultHttpResponse(decodeResult: success, version: HTTP/1.1)
HTTP/1.1 200 OK
Content-Type: application/json; charset=utf-8
cache-control: no-cache
content-length: 14

14:40:36.751 [AsyncHttpClient-1-5] DEBUG org.asynchttpclient.netty.channel.ChannelManager - Adding key: http://localhost:20596 for channel [id: 0x9e8dac74, L:/127.0.0.1:65205 - R:localhost/127.0.0.1:20596]
14:40:36.759 [Forwarding isElementEnabled on session 81c3039f167eb3d3c0c34d352336fa7c to remote] DEBUG org.asynchttpclient.netty.request.NettyRequestSender - Using pooled Channel '[id: 0x9e8dac74, L:/127.0.0.1:65205 - R:localhost/127.0.0.1:20596]' for 'GET' to 'http://localhost:20596/session/81c3039f167eb3d3c0c34d352336fa7c/element/1F0A880FBB062E6DDAB1BFCDC47850EF_element_7/enabled'
14:40:36.759 [Forwarding isElementEnabled on session 81c3039f167eb3d3c0c34d352336fa7c to remote] DEBUG org.asynchttpclient.netty.request.NettyRequestSender - Using open Channel [id: 0x9e8dac74, L:/127.0.0.1:65205 - R:localhost/127.0.0.1:20596] for GET '/session/81c3039f167eb3d3c0c34d352336fa7c/element/1F0A880FBB062E6DDAB1BFCDC47850EF_element_7/enabled'
14:40:36.775 [AsyncHttpClient-1-5] DEBUG org.asynchttpclient.netty.handler.HttpHandler - 

Request DefaultFullHttpRequest(decodeResult: success, version: HTTP/1.1, content: EmptyByteBufBE)
GET /session/81c3039f167eb3d3c0c34d352336fa7c/element/1F0A880FBB062E6DDAB1BFCDC47850EF_element_7/enabled HTTP/1.1
User-Agent: selenium/4.7.1 (java windows)
Cache-Control: no-cache
Content-Type: application/json; charset=utf-8
host: localhost:20596
accept: */*

Response DefaultHttpResponse(decodeResult: success, version: HTTP/1.1)
HTTP/1.1 200 OK
Content-Type: application/json; charset=utf-8
cache-control: no-cache
content-length: 14

14:40:36.775 [AsyncHttpClient-1-5] DEBUG org.asynchttpclient.netty.channel.ChannelManager - Adding key: http://localhost:20596 for channel [id: 0x9e8dac74, L:/127.0.0.1:65205 - R:localhost/127.0.0.1:20596]
14:40:36.775 [Forwarding findElement on session 81c3039f167eb3d3c0c34d352336fa7c to remote] DEBUG org.asynchttpclient.netty.request.NettyRequestSender - Using pooled Channel '[id: 0x9e8dac74, L:/127.0.0.1:65205 - R:localhost/127.0.0.1:20596]' for 'POST' to 'http://localhost:20596/session/81c3039f167eb3d3c0c34d352336fa7c/element'
14:40:36.775 [Forwarding findElement on session 81c3039f167eb3d3c0c34d352336fa7c to remote] DEBUG org.asynchttpclient.netty.request.NettyRequestSender - Using open Channel [id: 0x9e8dac74, L:/127.0.0.1:65205 - R:localhost/127.0.0.1:20596] for POST '/session/81c3039f167eb3d3c0c34d352336fa7c/element'
14:40:36.799 [AsyncHttpClient-1-5] DEBUG org.asynchttpclient.netty.handler.HttpHandler - 

Request DefaultHttpRequest(decodeResult: success, version: HTTP/1.1)
POST /session/81c3039f167eb3d3c0c34d352336fa7c/element HTTP/1.1
User-Agent: selenium/4.7.1 (java windows)
Content-Length: 84
Content-Type: application/json; charset=utf-8
host: localhost:20596
accept: */*

Response DefaultHttpResponse(decodeResult: success, version: HTTP/1.1)
HTTP/1.1 200 OK
Content-Type: application/json; charset=utf-8
cache-control: no-cache
content-length: 94

14:40:36.799 [AsyncHttpClient-1-5] DEBUG org.asynchttpclient.netty.channel.ChannelManager - Adding key: http://localhost:20596 for channel [id: 0x9e8dac74, L:/127.0.0.1:65205 - R:localhost/127.0.0.1:20596]
14:40:36.799 [Forwarding clickElement on session 81c3039f167eb3d3c0c34d352336fa7c to remote] DEBUG org.asynchttpclient.netty.request.NettyRequestSender - Using pooled Channel '[id: 0x9e8dac74, L:/127.0.0.1:65205 - R:localhost/127.0.0.1:20596]' for 'POST' to 'http://localhost:20596/session/81c3039f167eb3d3c0c34d352336fa7c/element/1F0A880FBB062E6DDAB1BFCDC47850EF_element_7/click'
14:40:36.799 [Forwarding clickElement on session 81c3039f167eb3d3c0c34d352336fa7c to remote] DEBUG org.asynchttpclient.netty.request.NettyRequestSender - Using open Channel [id: 0x9e8dac74, L:/127.0.0.1:65205 - R:localhost/127.0.0.1:20596] for POST '/session/81c3039f167eb3d3c0c34d352336fa7c/element/1F0A880FBB062E6DDAB1BFCDC47850EF_element_7/click'
14:40:36.959 [AsyncHttpClient-1-5] DEBUG org.asynchttpclient.netty.handler.HttpHandler - 

Request DefaultHttpRequest(decodeResult: success, version: HTTP/1.1)
POST /session/81c3039f167eb3d3c0c34d352336fa7c/element/1F0A880FBB062E6DDAB1BFCDC47850EF_element_7/click HTTP/1.1
User-Agent: selenium/4.7.1 (java windows)
Content-Length: 56
Content-Type: application/json; charset=utf-8
host: localhost:20596
accept: */*

Response DefaultHttpResponse(decodeResult: success, version: HTTP/1.1)
HTTP/1.1 200 OK
Content-Type: application/json; charset=utf-8
cache-control: no-cache
content-length: 14

14:40:36.959 [AsyncHttpClient-1-5] DEBUG org.asynchttpclient.netty.channel.ChannelManager - Adding key: http://localhost:20596 for channel [id: 0x9e8dac74, L:/127.0.0.1:65205 - R:localhost/127.0.0.1:20596]
14:40:36.967 [Forwarding findElement on session 81c3039f167eb3d3c0c34d352336fa7c to remote] DEBUG org.asynchttpclient.netty.request.NettyRequestSender - Using pooled Channel '[id: 0x9e8dac74, L:/127.0.0.1:65205 - R:localhost/127.0.0.1:20596]' for 'POST' to 'http://localhost:20596/session/81c3039f167eb3d3c0c34d352336fa7c/element'
14:40:36.967 [Forwarding findElement on session 81c3039f167eb3d3c0c34d352336fa7c to remote] DEBUG org.asynchttpclient.netty.request.NettyRequestSender - Using open Channel [id: 0x9e8dac74, L:/127.0.0.1:65205 - R:localhost/127.0.0.1:20596] for POST '/session/81c3039f167eb3d3c0c34d352336fa7c/element'
14:40:36.991 [AsyncHttpClient-1-5] DEBUG org.asynchttpclient.netty.handler.HttpHandler - 

Request DefaultHttpRequest(decodeResult: success, version: HTTP/1.1)
POST /session/81c3039f167eb3d3c0c34d352336fa7c/element HTTP/1.1
User-Agent: selenium/4.7.1 (java windows)
Content-Length: 84
Content-Type: application/json; charset=utf-8
host: localhost:20596
accept: */*

Response DefaultHttpResponse(decodeResult: success, version: HTTP/1.1)
HTTP/1.1 200 OK
Content-Type: application/json; charset=utf-8
cache-control: no-cache
content-length: 94

14:40:36.991 [AsyncHttpClient-1-5] DEBUG org.asynchttpclient.netty.channel.ChannelManager - Adding key: http://localhost:20596 for channel [id: 0x9e8dac74, L:/127.0.0.1:65205 - R:localhost/127.0.0.1:20596]
14:40:36.999 [Forwarding clearElement on session 81c3039f167eb3d3c0c34d352336fa7c to remote] DEBUG org.asynchttpclient.netty.request.NettyRequestSender - Using pooled Channel '[id: 0x9e8dac74, L:/127.0.0.1:65205 - R:localhost/127.0.0.1:20596]' for 'POST' to 'http://localhost:20596/session/81c3039f167eb3d3c0c34d352336fa7c/element/1F0A880FBB062E6DDAB1BFCDC47850EF_element_7/clear'
14:40:36.999 [Forwarding clearElement on session 81c3039f167eb3d3c0c34d352336fa7c to remote] DEBUG org.asynchttpclient.netty.request.NettyRequestSender - Using open Channel [id: 0x9e8dac74, L:/127.0.0.1:65205 - R:localhost/127.0.0.1:20596] for POST '/session/81c3039f167eb3d3c0c34d352336fa7c/element/1F0A880FBB062E6DDAB1BFCDC47850EF_element_7/clear'
14:40:37.155 [AsyncHttpClient-1-5] DEBUG org.asynchttpclient.netty.handler.HttpHandler - 

Request DefaultHttpRequest(decodeResult: success, version: HTTP/1.1)
POST /session/81c3039f167eb3d3c0c34d352336fa7c/element/1F0A880FBB062E6DDAB1BFCDC47850EF_element_7/clear HTTP/1.1
User-Agent: selenium/4.7.1 (java windows)
Content-Length: 56
Content-Type: application/json; charset=utf-8
host: localhost:20596
accept: */*

Response DefaultHttpResponse(decodeResult: success, version: HTTP/1.1)
HTTP/1.1 200 OK
Content-Type: application/json; charset=utf-8
cache-control: no-cache
content-length: 14

14:40:37.155 [AsyncHttpClient-1-5] DEBUG org.asynchttpclient.netty.channel.ChannelManager - Adding key: http://localhost:20596 for channel [id: 0x9e8dac74, L:/127.0.0.1:65205 - R:localhost/127.0.0.1:20596]
14:40:37.163 [Forwarding sendKeysToElement on session 81c3039f167eb3d3c0c34d352336fa7c to remote] DEBUG org.asynchttpclient.netty.request.NettyRequestSender - Using pooled Channel '[id: 0x9e8dac74, L:/127.0.0.1:65205 - R:localhost/127.0.0.1:20596]' for 'POST' to 'http://localhost:20596/session/81c3039f167eb3d3c0c34d352336fa7c/element/1F0A880FBB062E6DDAB1BFCDC47850EF_element_7/value'
14:40:37.163 [Forwarding sendKeysToElement on session 81c3039f167eb3d3c0c34d352336fa7c to remote] DEBUG org.asynchttpclient.netty.request.NettyRequestSender - Using open Channel [id: 0x9e8dac74, L:/127.0.0.1:65205 - R:localhost/127.0.0.1:20596] for POST '/session/81c3039f167eb3d3c0c34d352336fa7c/element/1F0A880FBB062E6DDAB1BFCDC47850EF_element_7/value'
14:40:37.371 [AsyncHttpClient-1-5] DEBUG org.asynchttpclient.netty.handler.HttpHandler - 

Request DefaultHttpRequest(decodeResult: success, version: HTTP/1.1)
POST /session/81c3039f167eb3d3c0c34d352336fa7c/element/1F0A880FBB062E6DDAB1BFCDC47850EF_element_7/value HTTP/1.1
User-Agent: selenium/4.7.1 (java windows)
Content-Length: 377
Content-Type: application/json; charset=utf-8
host: localhost:20596
accept: */*

Response DefaultHttpResponse(decodeResult: success, version: HTTP/1.1)
HTTP/1.1 200 OK
Content-Type: application/json; charset=utf-8
cache-control: no-cache
content-length: 14

14:40:37.371 [AsyncHttpClient-1-5] DEBUG org.asynchttpclient.netty.channel.ChannelManager - Adding key: http://localhost:20596 for channel [id: 0x9e8dac74, L:/127.0.0.1:65205 - R:localhost/127.0.0.1:20596]
14:40:37.387 [Forwarding getCurrentWindowHandle on session 81c3039f167eb3d3c0c34d352336fa7c to remote] DEBUG org.asynchttpclient.netty.request.NettyRequestSender - Using pooled Channel '[id: 0x9e8dac74, L:/127.0.0.1:65205 - R:localhost/127.0.0.1:20596]' for 'GET' to 'http://localhost:20596/session/81c3039f167eb3d3c0c34d352336fa7c/window'
14:40:37.387 [Forwarding getCurrentWindowHandle on session 81c3039f167eb3d3c0c34d352336fa7c to remote] DEBUG org.asynchttpclient.netty.request.NettyRequestSender - Using open Channel [id: 0x9e8dac74, L:/127.0.0.1:65205 - R:localhost/127.0.0.1:20596] for GET '/session/81c3039f167eb3d3c0c34d352336fa7c/window'
14:40:37.387 [AsyncHttpClient-1-5] DEBUG org.asynchttpclient.netty.handler.HttpHandler - 

Request DefaultFullHttpRequest(decodeResult: success, version: HTTP/1.1, content: EmptyByteBufBE)
GET /session/81c3039f167eb3d3c0c34d352336fa7c/window HTTP/1.1
User-Agent: selenium/4.7.1 (java windows)
Cache-Control: no-cache
Content-Type: application/json; charset=utf-8
host: localhost:20596
accept: */*

Response DefaultHttpResponse(decodeResult: success, version: HTTP/1.1)
HTTP/1.1 200 OK
Content-Type: application/json; charset=utf-8
cache-control: no-cache
content-length: 44

14:40:37.387 [AsyncHttpClient-1-5] DEBUG org.asynchttpclient.netty.channel.ChannelManager - Adding key: http://localhost:20596 for channel [id: 0x9e8dac74, L:/127.0.0.1:65205 - R:localhost/127.0.0.1:20596]
14:40:37.387 [Forwarding getAlertText on session 81c3039f167eb3d3c0c34d352336fa7c to remote] DEBUG org.asynchttpclient.netty.request.NettyRequestSender - Using pooled Channel '[id: 0x9e8dac74, L:/127.0.0.1:65205 - R:localhost/127.0.0.1:20596]' for 'GET' to 'http://localhost:20596/session/81c3039f167eb3d3c0c34d352336fa7c/alert/text'
14:40:37.387 [Forwarding getAlertText on session 81c3039f167eb3d3c0c34d352336fa7c to remote] DEBUG org.asynchttpclient.netty.request.NettyRequestSender - Using open Channel [id: 0x9e8dac74, L:/127.0.0.1:65205 - R:localhost/127.0.0.1:20596] for GET '/session/81c3039f167eb3d3c0c34d352336fa7c/alert/text'
14:40:37.395 [AsyncHttpClient-1-5] DEBUG org.asynchttpclient.netty.handler.HttpHandler - 

Request DefaultFullHttpRequest(decodeResult: success, version: HTTP/1.1, content: EmptyByteBufBE)
GET /session/81c3039f167eb3d3c0c34d352336fa7c/alert/text HTTP/1.1
User-Agent: selenium/4.7.1 (java windows)
Cache-Control: no-cache
Content-Type: application/json; charset=utf-8
host: localhost:20596
accept: */*

Response DefaultHttpResponse(decodeResult: success, version: HTTP/1.1)
HTTP/1.1 404 Not Found
Content-Type: application/json; charset=utf-8
cache-control: no-cache
content-length: 821

14:40:37.395 [AsyncHttpClient-1-5] DEBUG org.asynchttpclient.netty.channel.ChannelManager - Adding key: http://localhost:20596 for channel [id: 0x9e8dac74, L:/127.0.0.1:65205 - R:localhost/127.0.0.1:20596]
14:40:37.395 [Forwarding switchToWindow on session 81c3039f167eb3d3c0c34d352336fa7c to remote] DEBUG org.asynchttpclient.netty.request.NettyRequestSender - Using pooled Channel '[id: 0x9e8dac74, L:/127.0.0.1:65205 - R:localhost/127.0.0.1:20596]' for 'POST' to 'http://localhost:20596/session/81c3039f167eb3d3c0c34d352336fa7c/window'
14:40:37.395 [Forwarding switchToWindow on session 81c3039f167eb3d3c0c34d352336fa7c to remote] DEBUG org.asynchttpclient.netty.request.NettyRequestSender - Using open Channel [id: 0x9e8dac74, L:/127.0.0.1:65205 - R:localhost/127.0.0.1:20596] for POST '/session/81c3039f167eb3d3c0c34d352336fa7c/window'
14:40:37.395 [AsyncHttpClient-1-5] DEBUG org.asynchttpclient.netty.handler.HttpHandler - 

Request DefaultHttpRequest(decodeResult: success, version: HTTP/1.1)
POST /session/81c3039f167eb3d3c0c34d352336fa7c/window HTTP/1.1
User-Agent: selenium/4.7.1 (java windows)
Content-Length: 50
Content-Type: application/json; charset=utf-8
host: localhost:20596
accept: */*

Response DefaultHttpResponse(decodeResult: success, version: HTTP/1.1)
HTTP/1.1 200 OK
Content-Type: application/json; charset=utf-8
cache-control: no-cache
content-length: 14

14:40:37.395 [AsyncHttpClient-1-5] DEBUG org.asynchttpclient.netty.channel.ChannelManager - Adding key: http://localhost:20596 for channel [id: 0x9e8dac74, L:/127.0.0.1:65205 - R:localhost/127.0.0.1:20596]
14:40:37.403 [Forwarding getCurrentUrl on session 81c3039f167eb3d3c0c34d352336fa7c to remote] DEBUG org.asynchttpclient.netty.request.NettyRequestSender - Using pooled Channel '[id: 0x9e8dac74, L:/127.0.0.1:65205 - R:localhost/127.0.0.1:20596]' for 'GET' to 'http://localhost:20596/session/81c3039f167eb3d3c0c34d352336fa7c/url'
14:40:37.403 [Forwarding getCurrentUrl on session 81c3039f167eb3d3c0c34d352336fa7c to remote] DEBUG org.asynchttpclient.netty.request.NettyRequestSender - Using open Channel [id: 0x9e8dac74, L:/127.0.0.1:65205 - R:localhost/127.0.0.1:20596] for GET '/session/81c3039f167eb3d3c0c34d352336fa7c/url'
14:40:37.411 [AsyncHttpClient-1-5] DEBUG org.asynchttpclient.netty.handler.HttpHandler - 

Request DefaultFullHttpRequest(decodeResult: success, version: HTTP/1.1, content: EmptyByteBufBE)
GET /session/81c3039f167eb3d3c0c34d352336fa7c/url HTTP/1.1
User-Agent: selenium/4.7.1 (java windows)
Cache-Control: no-cache
Content-Type: application/json; charset=utf-8
host: localhost:20596
accept: */*

Response DefaultHttpResponse(decodeResult: success, version: HTTP/1.1)
HTTP/1.1 200 OK
Content-Type: application/json; charset=utf-8
cache-control: no-cache
content-length: 51

14:40:37.411 [AsyncHttpClient-1-5] DEBUG org.asynchttpclient.netty.channel.ChannelManager - Adding key: http://localhost:20596 for channel [id: 0x9e8dac74, L:/127.0.0.1:65205 - R:localhost/127.0.0.1:20596]
14:40:37.411 [Forwarding screenshot on session 81c3039f167eb3d3c0c34d352336fa7c to remote] DEBUG org.asynchttpclient.netty.request.NettyRequestSender - Using pooled Channel '[id: 0x9e8dac74, L:/127.0.0.1:65205 - R:localhost/127.0.0.1:20596]' for 'GET' to 'http://localhost:20596/session/81c3039f167eb3d3c0c34d352336fa7c/screenshot'
14:40:37.411 [Forwarding screenshot on session 81c3039f167eb3d3c0c34d352336fa7c to remote] DEBUG org.asynchttpclient.netty.request.NettyRequestSender - Using open Channel [id: 0x9e8dac74, L:/127.0.0.1:65205 - R:localhost/127.0.0.1:20596] for GET '/session/81c3039f167eb3d3c0c34d352336fa7c/screenshot'
14:40:37.668 [AsyncHttpClient-1-5] DEBUG org.asynchttpclient.netty.handler.HttpHandler - 

Request DefaultFullHttpRequest(decodeResult: success, version: HTTP/1.1, content: EmptyByteBufBE)
GET /session/81c3039f167eb3d3c0c34d352336fa7c/screenshot HTTP/1.1
User-Agent: selenium/4.7.1 (java windows)
Cache-Control: no-cache
Content-Type: application/json; charset=utf-8
host: localhost:20596
accept: */*

Response DefaultHttpResponse(decodeResult: success, version: HTTP/1.1)
HTTP/1.1 200 OK
Content-Type: application/json; charset=utf-8
cache-control: no-cache
content-length: 191920

14:40:37.668 [AsyncHttpClient-1-5] DEBUG org.asynchttpclient.netty.channel.ChannelManager - Adding key: http://localhost:20596 for channel [id: 0x9e8dac74, L:/127.0.0.1:65205 - R:localhost/127.0.0.1:20596]
14:40:37.676 [main] DEBUG net.serenitybdd.core.photography.Darkroom - Send negative for processing for target\site\serenity\016d27681ad45d2073403df84e978f4727a92e6d57d9c8bb00857f8d4513a591.png
14:40:37.676 [main] DEBUG net.thucydides.core.steps.StepInterceptor - STEP DONE: inputfieldemail
14:40:37.686 [main] DEBUG net.thucydides.core.steps.StepInterceptor - STARTING STEP: PDAMSteps.adminMelakukanLoginAkunUntukFiturPDAM - inputfieldpassword
14:40:37.686 [Forwarding findElement on session 81c3039f167eb3d3c0c34d352336fa7c to remote] DEBUG org.asynchttpclient.netty.request.NettyRequestSender - Using pooled Channel '[id: 0x9e8dac74, L:/127.0.0.1:65205 - R:localhost/127.0.0.1:20596]' for 'POST' to 'http://localhost:20596/session/81c3039f167eb3d3c0c34d352336fa7c/element'
14:40:37.686 [Forwarding findElement on session 81c3039f167eb3d3c0c34d352336fa7c to remote] DEBUG org.asynchttpclient.netty.request.NettyRequestSender - Using open Channel [id: 0x9e8dac74, L:/127.0.0.1:65205 - R:localhost/127.0.0.1:20596] for POST '/session/81c3039f167eb3d3c0c34d352336fa7c/element'
14:40:37.716 [AsyncHttpClient-1-5] DEBUG org.asynchttpclient.netty.handler.HttpHandler - 

Request DefaultHttpRequest(decodeResult: success, version: HTTP/1.1)
POST /session/81c3039f167eb3d3c0c34d352336fa7c/element HTTP/1.1
User-Agent: selenium/4.7.1 (java windows)
Content-Length: 105
Content-Type: application/json; charset=utf-8
host: localhost:20596
accept: */*

Response DefaultHttpResponse(decodeResult: success, version: HTTP/1.1)
HTTP/1.1 200 OK
Content-Type: application/json; charset=utf-8
cache-control: no-cache
content-length: 94

14:40:37.716 [AsyncHttpClient-1-5] DEBUG org.asynchttpclient.netty.channel.ChannelManager - Adding key: http://localhost:20596 for channel [id: 0x9e8dac74, L:/127.0.0.1:65205 - R:localhost/127.0.0.1:20596]
14:40:37.716 [Forwarding getElementTagName on session 81c3039f167eb3d3c0c34d352336fa7c to remote] DEBUG org.asynchttpclient.netty.request.NettyRequestSender - Using pooled Channel '[id: 0x9e8dac74, L:/127.0.0.1:65205 - R:localhost/127.0.0.1:20596]' for 'GET' to 'http://localhost:20596/session/81c3039f167eb3d3c0c34d352336fa7c/element/1F0A880FBB062E6DDAB1BFCDC47850EF_element_8/name'
14:40:37.716 [Forwarding getElementTagName on session 81c3039f167eb3d3c0c34d352336fa7c to remote] DEBUG org.asynchttpclient.netty.request.NettyRequestSender - Using open Channel [id: 0x9e8dac74, L:/127.0.0.1:65205 - R:localhost/127.0.0.1:20596] for GET '/session/81c3039f167eb3d3c0c34d352336fa7c/element/1F0A880FBB062E6DDAB1BFCDC47850EF_element_8/name'
14:40:37.724 [AsyncHttpClient-1-5] DEBUG org.asynchttpclient.netty.handler.HttpHandler - 

Request DefaultFullHttpRequest(decodeResult: success, version: HTTP/1.1, content: EmptyByteBufBE)
GET /session/81c3039f167eb3d3c0c34d352336fa7c/element/1F0A880FBB062E6DDAB1BFCDC47850EF_element_8/name HTTP/1.1
User-Agent: selenium/4.7.1 (java windows)
Cache-Control: no-cache
Content-Type: application/json; charset=utf-8
host: localhost:20596
accept: */*

Response DefaultHttpResponse(decodeResult: success, version: HTTP/1.1)
HTTP/1.1 200 OK
Content-Type: application/json; charset=utf-8
cache-control: no-cache
content-length: 17

14:40:37.724 [AsyncHttpClient-1-5] DEBUG org.asynchttpclient.netty.channel.ChannelManager - Adding key: http://localhost:20596 for channel [id: 0x9e8dac74, L:/127.0.0.1:65205 - R:localhost/127.0.0.1:20596]
14:40:37.724 [Forwarding getElementTagName on session 81c3039f167eb3d3c0c34d352336fa7c to remote] DEBUG org.asynchttpclient.netty.request.NettyRequestSender - Using pooled Channel '[id: 0x9e8dac74, L:/127.0.0.1:65205 - R:localhost/127.0.0.1:20596]' for 'GET' to 'http://localhost:20596/session/81c3039f167eb3d3c0c34d352336fa7c/element/1F0A880FBB062E6DDAB1BFCDC47850EF_element_8/name'
14:40:37.724 [Forwarding getElementTagName on session 81c3039f167eb3d3c0c34d352336fa7c to remote] DEBUG org.asynchttpclient.netty.request.NettyRequestSender - Using open Channel [id: 0x9e8dac74, L:/127.0.0.1:65205 - R:localhost/127.0.0.1:20596] for GET '/session/81c3039f167eb3d3c0c34d352336fa7c/element/1F0A880FBB062E6DDAB1BFCDC47850EF_element_8/name'
14:40:37.732 [AsyncHttpClient-1-5] DEBUG org.asynchttpclient.netty.handler.HttpHandler - 

Request DefaultFullHttpRequest(decodeResult: success, version: HTTP/1.1, content: EmptyByteBufBE)
GET /session/81c3039f167eb3d3c0c34d352336fa7c/element/1F0A880FBB062E6DDAB1BFCDC47850EF_element_8/name HTTP/1.1
User-Agent: selenium/4.7.1 (java windows)
Cache-Control: no-cache
Content-Type: application/json; charset=utf-8
host: localhost:20596
accept: */*

Response DefaultHttpResponse(decodeResult: success, version: HTTP/1.1)
HTTP/1.1 200 OK
Content-Type: application/json; charset=utf-8
cache-control: no-cache
content-length: 17

14:40:37.732 [AsyncHttpClient-1-5] DEBUG org.asynchttpclient.netty.channel.ChannelManager - Adding key: http://localhost:20596 for channel [id: 0x9e8dac74, L:/127.0.0.1:65205 - R:localhost/127.0.0.1:20596]
14:40:37.740 [Forwarding isElementEnabled on session 81c3039f167eb3d3c0c34d352336fa7c to remote] DEBUG org.asynchttpclient.netty.request.NettyRequestSender - Using pooled Channel '[id: 0x9e8dac74, L:/127.0.0.1:65205 - R:localhost/127.0.0.1:20596]' for 'GET' to 'http://localhost:20596/session/81c3039f167eb3d3c0c34d352336fa7c/element/1F0A880FBB062E6DDAB1BFCDC47850EF_element_8/enabled'
14:40:37.740 [Forwarding isElementEnabled on session 81c3039f167eb3d3c0c34d352336fa7c to remote] DEBUG org.asynchttpclient.netty.request.NettyRequestSender - Using open Channel [id: 0x9e8dac74, L:/127.0.0.1:65205 - R:localhost/127.0.0.1:20596] for GET '/session/81c3039f167eb3d3c0c34d352336fa7c/element/1F0A880FBB062E6DDAB1BFCDC47850EF_element_8/enabled'
14:40:37.748 [AsyncHttpClient-1-5] DEBUG org.asynchttpclient.netty.handler.HttpHandler - 

Request DefaultFullHttpRequest(decodeResult: success, version: HTTP/1.1, content: EmptyByteBufBE)
GET /session/81c3039f167eb3d3c0c34d352336fa7c/element/1F0A880FBB062E6DDAB1BFCDC47850EF_element_8/enabled HTTP/1.1
User-Agent: selenium/4.7.1 (java windows)
Cache-Control: no-cache
Content-Type: application/json; charset=utf-8
host: localhost:20596
accept: */*

Response DefaultHttpResponse(decodeResult: success, version: HTTP/1.1)
HTTP/1.1 200 OK
Content-Type: application/json; charset=utf-8
cache-control: no-cache
content-length: 14

14:40:37.748 [AsyncHttpClient-1-5] DEBUG org.asynchttpclient.netty.channel.ChannelManager - Adding key: http://localhost:20596 for channel [id: 0x9e8dac74, L:/127.0.0.1:65205 - R:localhost/127.0.0.1:20596]
14:40:37.756 [Forwarding isElementEnabled on session 81c3039f167eb3d3c0c34d352336fa7c to remote] DEBUG org.asynchttpclient.netty.request.NettyRequestSender - Using pooled Channel '[id: 0x9e8dac74, L:/127.0.0.1:65205 - R:localhost/127.0.0.1:20596]' for 'GET' to 'http://localhost:20596/session/81c3039f167eb3d3c0c34d352336fa7c/element/1F0A880FBB062E6DDAB1BFCDC47850EF_element_8/enabled'
14:40:37.756 [Forwarding isElementEnabled on session 81c3039f167eb3d3c0c34d352336fa7c to remote] DEBUG org.asynchttpclient.netty.request.NettyRequestSender - Using open Channel [id: 0x9e8dac74, L:/127.0.0.1:65205 - R:localhost/127.0.0.1:20596] for GET '/session/81c3039f167eb3d3c0c34d352336fa7c/element/1F0A880FBB062E6DDAB1BFCDC47850EF_element_8/enabled'
14:40:37.772 [AsyncHttpClient-1-5] DEBUG org.asynchttpclient.netty.handler.HttpHandler - 

Request DefaultFullHttpRequest(decodeResult: success, version: HTTP/1.1, content: EmptyByteBufBE)
GET /session/81c3039f167eb3d3c0c34d352336fa7c/element/1F0A880FBB062E6DDAB1BFCDC47850EF_element_8/enabled HTTP/1.1
User-Agent: selenium/4.7.1 (java windows)
Cache-Control: no-cache
Content-Type: application/json; charset=utf-8
host: localhost:20596
accept: */*

Response DefaultHttpResponse(decodeResult: success, version: HTTP/1.1)
HTTP/1.1 200 OK
Content-Type: application/json; charset=utf-8
cache-control: no-cache
content-length: 14

14:40:37.772 [AsyncHttpClient-1-5] DEBUG org.asynchttpclient.netty.channel.ChannelManager - Adding key: http://localhost:20596 for channel [id: 0x9e8dac74, L:/127.0.0.1:65205 - R:localhost/127.0.0.1:20596]
14:40:37.772 [Forwarding findElement on session 81c3039f167eb3d3c0c34d352336fa7c to remote] DEBUG org.asynchttpclient.netty.request.NettyRequestSender - Using pooled Channel '[id: 0x9e8dac74, L:/127.0.0.1:65205 - R:localhost/127.0.0.1:20596]' for 'POST' to 'http://localhost:20596/session/81c3039f167eb3d3c0c34d352336fa7c/element'
14:40:37.772 [Forwarding findElement on session 81c3039f167eb3d3c0c34d352336fa7c to remote] DEBUG org.asynchttpclient.netty.request.NettyRequestSender - Using open Channel [id: 0x9e8dac74, L:/127.0.0.1:65205 - R:localhost/127.0.0.1:20596] for POST '/session/81c3039f167eb3d3c0c34d352336fa7c/element'
14:40:37.788 [AsyncHttpClient-1-5] DEBUG org.asynchttpclient.netty.handler.HttpHandler - 

Request DefaultHttpRequest(decodeResult: success, version: HTTP/1.1)
POST /session/81c3039f167eb3d3c0c34d352336fa7c/element HTTP/1.1
User-Agent: selenium/4.7.1 (java windows)
Content-Length: 105
Content-Type: application/json; charset=utf-8
host: localhost:20596
accept: */*

Response DefaultHttpResponse(decodeResult: success, version: HTTP/1.1)
HTTP/1.1 200 OK
Content-Type: application/json; charset=utf-8
cache-control: no-cache
content-length: 94

14:40:37.788 [AsyncHttpClient-1-5] DEBUG org.asynchttpclient.netty.channel.ChannelManager - Adding key: http://localhost:20596 for channel [id: 0x9e8dac74, L:/127.0.0.1:65205 - R:localhost/127.0.0.1:20596]
14:40:37.796 [Forwarding clickElement on session 81c3039f167eb3d3c0c34d352336fa7c to remote] DEBUG org.asynchttpclient.netty.request.NettyRequestSender - Using pooled Channel '[id: 0x9e8dac74, L:/127.0.0.1:65205 - R:localhost/127.0.0.1:20596]' for 'POST' to 'http://localhost:20596/session/81c3039f167eb3d3c0c34d352336fa7c/element/1F0A880FBB062E6DDAB1BFCDC47850EF_element_8/click'
14:40:37.796 [AsyncHttpClient-1-1] DEBUG org.asynchttpclient.netty.channel.DefaultChannelPool - Entry count for : http://localhost:65206 : 1
14:40:37.796 [Forwarding clickElement on session 81c3039f167eb3d3c0c34d352336fa7c to remote] DEBUG org.asynchttpclient.netty.request.NettyRequestSender - Using open Channel [id: 0x9e8dac74, L:/127.0.0.1:65205 - R:localhost/127.0.0.1:20596] for POST '/session/81c3039f167eb3d3c0c34d352336fa7c/element/1F0A880FBB062E6DDAB1BFCDC47850EF_element_8/click'
14:40:37.876 [AsyncHttpClient-1-5] DEBUG org.asynchttpclient.netty.handler.HttpHandler - 

Request DefaultHttpRequest(decodeResult: success, version: HTTP/1.1)
POST /session/81c3039f167eb3d3c0c34d352336fa7c/element/1F0A880FBB062E6DDAB1BFCDC47850EF_element_8/click HTTP/1.1
User-Agent: selenium/4.7.1 (java windows)
Content-Length: 56
Content-Type: application/json; charset=utf-8
host: localhost:20596
accept: */*

Response DefaultHttpResponse(decodeResult: success, version: HTTP/1.1)
HTTP/1.1 200 OK
Content-Type: application/json; charset=utf-8
cache-control: no-cache
content-length: 14

14:40:37.876 [AsyncHttpClient-1-5] DEBUG org.asynchttpclient.netty.channel.ChannelManager - Adding key: http://localhost:20596 for channel [id: 0x9e8dac74, L:/127.0.0.1:65205 - R:localhost/127.0.0.1:20596]
14:40:37.886 [Forwarding findElement on session 81c3039f167eb3d3c0c34d352336fa7c to remote] DEBUG org.asynchttpclient.netty.request.NettyRequestSender - Using pooled Channel '[id: 0x9e8dac74, L:/127.0.0.1:65205 - R:localhost/127.0.0.1:20596]' for 'POST' to 'http://localhost:20596/session/81c3039f167eb3d3c0c34d352336fa7c/element'
14:40:37.892 [Forwarding findElement on session 81c3039f167eb3d3c0c34d352336fa7c to remote] DEBUG org.asynchttpclient.netty.request.NettyRequestSender - Using open Channel [id: 0x9e8dac74, L:/127.0.0.1:65205 - R:localhost/127.0.0.1:20596] for POST '/session/81c3039f167eb3d3c0c34d352336fa7c/element'
14:40:37.908 [AsyncHttpClient-1-5] DEBUG org.asynchttpclient.netty.handler.HttpHandler - 

Request DefaultHttpRequest(decodeResult: success, version: HTTP/1.1)
POST /session/81c3039f167eb3d3c0c34d352336fa7c/element HTTP/1.1
User-Agent: selenium/4.7.1 (java windows)
Content-Length: 105
Content-Type: application/json; charset=utf-8
host: localhost:20596
accept: */*

Response DefaultHttpResponse(decodeResult: success, version: HTTP/1.1)
HTTP/1.1 200 OK
Content-Type: application/json; charset=utf-8
cache-control: no-cache
content-length: 94

14:40:37.908 [AsyncHttpClient-1-5] DEBUG org.asynchttpclient.netty.channel.ChannelManager - Adding key: http://localhost:20596 for channel [id: 0x9e8dac74, L:/127.0.0.1:65205 - R:localhost/127.0.0.1:20596]
14:40:37.908 [Forwarding clearElement on session 81c3039f167eb3d3c0c34d352336fa7c to remote] DEBUG org.asynchttpclient.netty.request.NettyRequestSender - Using pooled Channel '[id: 0x9e8dac74, L:/127.0.0.1:65205 - R:localhost/127.0.0.1:20596]' for 'POST' to 'http://localhost:20596/session/81c3039f167eb3d3c0c34d352336fa7c/element/1F0A880FBB062E6DDAB1BFCDC47850EF_element_8/clear'
14:40:37.908 [Forwarding clearElement on session 81c3039f167eb3d3c0c34d352336fa7c to remote] DEBUG org.asynchttpclient.netty.request.NettyRequestSender - Using open Channel [id: 0x9e8dac74, L:/127.0.0.1:65205 - R:localhost/127.0.0.1:20596] for POST '/session/81c3039f167eb3d3c0c34d352336fa7c/element/1F0A880FBB062E6DDAB1BFCDC47850EF_element_8/clear'
14:40:37.964 [AsyncHttpClient-1-5] DEBUG org.asynchttpclient.netty.handler.HttpHandler - 

Request DefaultHttpRequest(decodeResult: success, version: HTTP/1.1)
POST /session/81c3039f167eb3d3c0c34d352336fa7c/element/1F0A880FBB062E6DDAB1BFCDC47850EF_element_8/clear HTTP/1.1
User-Agent: selenium/4.7.1 (java windows)
Content-Length: 56
Content-Type: application/json; charset=utf-8
host: localhost:20596
accept: */*

Response DefaultHttpResponse(decodeResult: success, version: HTTP/1.1)
HTTP/1.1 200 OK
Content-Type: application/json; charset=utf-8
cache-control: no-cache
content-length: 14

14:40:37.964 [AsyncHttpClient-1-5] DEBUG org.asynchttpclient.netty.channel.ChannelManager - Adding key: http://localhost:20596 for channel [id: 0x9e8dac74, L:/127.0.0.1:65205 - R:localhost/127.0.0.1:20596]
14:40:37.972 [Forwarding sendKeysToElement on session 81c3039f167eb3d3c0c34d352336fa7c to remote] DEBUG org.asynchttpclient.netty.request.NettyRequestSender - Using pooled Channel '[id: 0x9e8dac74, L:/127.0.0.1:65205 - R:localhost/127.0.0.1:20596]' for 'POST' to 'http://localhost:20596/session/81c3039f167eb3d3c0c34d352336fa7c/element/1F0A880FBB062E6DDAB1BFCDC47850EF_element_8/value'
14:40:37.972 [Forwarding sendKeysToElement on session 81c3039f167eb3d3c0c34d352336fa7c to remote] DEBUG org.asynchttpclient.netty.request.NettyRequestSender - Using open Channel [id: 0x9e8dac74, L:/127.0.0.1:65205 - R:localhost/127.0.0.1:20596] for POST '/session/81c3039f167eb3d3c0c34d352336fa7c/element/1F0A880FBB062E6DDAB1BFCDC47850EF_element_8/value'
14:40:38.052 [AsyncHttpClient-1-5] DEBUG org.asynchttpclient.netty.handler.HttpHandler - 

Request DefaultHttpRequest(decodeResult: success, version: HTTP/1.1)
POST /session/81c3039f167eb3d3c0c34d352336fa7c/element/1F0A880FBB062E6DDAB1BFCDC47850EF_element_8/value HTTP/1.1
User-Agent: selenium/4.7.1 (java windows)
Content-Length: 187
Content-Type: application/json; charset=utf-8
host: localhost:20596
accept: */*

Response DefaultHttpResponse(decodeResult: success, version: HTTP/1.1)
HTTP/1.1 200 OK
Content-Type: application/json; charset=utf-8
cache-control: no-cache
content-length: 14

14:40:38.052 [AsyncHttpClient-1-5] DEBUG org.asynchttpclient.netty.channel.ChannelManager - Adding key: http://localhost:20596 for channel [id: 0x9e8dac74, L:/127.0.0.1:65205 - R:localhost/127.0.0.1:20596]
14:40:38.068 [Forwarding getCurrentWindowHandle on session 81c3039f167eb3d3c0c34d352336fa7c to remote] DEBUG org.asynchttpclient.netty.request.NettyRequestSender - Using pooled Channel '[id: 0x9e8dac74, L:/127.0.0.1:65205 - R:localhost/127.0.0.1:20596]' for 'GET' to 'http://localhost:20596/session/81c3039f167eb3d3c0c34d352336fa7c/window'
14:40:38.068 [Forwarding getCurrentWindowHandle on session 81c3039f167eb3d3c0c34d352336fa7c to remote] DEBUG org.asynchttpclient.netty.request.NettyRequestSender - Using open Channel [id: 0x9e8dac74, L:/127.0.0.1:65205 - R:localhost/127.0.0.1:20596] for GET '/session/81c3039f167eb3d3c0c34d352336fa7c/window'
14:40:38.068 [AsyncHttpClient-1-5] DEBUG org.asynchttpclient.netty.handler.HttpHandler - 

Request DefaultFullHttpRequest(decodeResult: success, version: HTTP/1.1, content: EmptyByteBufBE)
GET /session/81c3039f167eb3d3c0c34d352336fa7c/window HTTP/1.1
User-Agent: selenium/4.7.1 (java windows)
Cache-Control: no-cache
Content-Type: application/json; charset=utf-8
host: localhost:20596
accept: */*

Response DefaultHttpResponse(decodeResult: success, version: HTTP/1.1)
HTTP/1.1 200 OK
Content-Type: application/json; charset=utf-8
cache-control: no-cache
content-length: 44

14:40:38.068 [AsyncHttpClient-1-5] DEBUG org.asynchttpclient.netty.channel.ChannelManager - Adding key: http://localhost:20596 for channel [id: 0x9e8dac74, L:/127.0.0.1:65205 - R:localhost/127.0.0.1:20596]
14:40:38.076 [Forwarding getAlertText on session 81c3039f167eb3d3c0c34d352336fa7c to remote] DEBUG org.asynchttpclient.netty.request.NettyRequestSender - Using pooled Channel '[id: 0x9e8dac74, L:/127.0.0.1:65205 - R:localhost/127.0.0.1:20596]' for 'GET' to 'http://localhost:20596/session/81c3039f167eb3d3c0c34d352336fa7c/alert/text'
14:40:38.076 [Forwarding getAlertText on session 81c3039f167eb3d3c0c34d352336fa7c to remote] DEBUG org.asynchttpclient.netty.request.NettyRequestSender - Using open Channel [id: 0x9e8dac74, L:/127.0.0.1:65205 - R:localhost/127.0.0.1:20596] for GET '/session/81c3039f167eb3d3c0c34d352336fa7c/alert/text'
14:40:38.076 [AsyncHttpClient-1-5] DEBUG org.asynchttpclient.netty.handler.HttpHandler - 

Request DefaultFullHttpRequest(decodeResult: success, version: HTTP/1.1, content: EmptyByteBufBE)
GET /session/81c3039f167eb3d3c0c34d352336fa7c/alert/text HTTP/1.1
User-Agent: selenium/4.7.1 (java windows)
Cache-Control: no-cache
Content-Type: application/json; charset=utf-8
host: localhost:20596
accept: */*

Response DefaultHttpResponse(decodeResult: success, version: HTTP/1.1)
HTTP/1.1 404 Not Found
Content-Type: application/json; charset=utf-8
cache-control: no-cache
content-length: 821

14:40:38.076 [AsyncHttpClient-1-5] DEBUG org.asynchttpclient.netty.channel.ChannelManager - Adding key: http://localhost:20596 for channel [id: 0x9e8dac74, L:/127.0.0.1:65205 - R:localhost/127.0.0.1:20596]
14:40:38.086 [Forwarding switchToWindow on session 81c3039f167eb3d3c0c34d352336fa7c to remote] DEBUG org.asynchttpclient.netty.request.NettyRequestSender - Using pooled Channel '[id: 0x9e8dac74, L:/127.0.0.1:65205 - R:localhost/127.0.0.1:20596]' for 'POST' to 'http://localhost:20596/session/81c3039f167eb3d3c0c34d352336fa7c/window'
14:40:38.086 [Forwarding switchToWindow on session 81c3039f167eb3d3c0c34d352336fa7c to remote] DEBUG org.asynchttpclient.netty.request.NettyRequestSender - Using open Channel [id: 0x9e8dac74, L:/127.0.0.1:65205 - R:localhost/127.0.0.1:20596] for POST '/session/81c3039f167eb3d3c0c34d352336fa7c/window'
14:40:38.089 [AsyncHttpClient-1-5] DEBUG org.asynchttpclient.netty.handler.HttpHandler - 

Request DefaultHttpRequest(decodeResult: success, version: HTTP/1.1)
POST /session/81c3039f167eb3d3c0c34d352336fa7c/window HTTP/1.1
User-Agent: selenium/4.7.1 (java windows)
Content-Length: 50
Content-Type: application/json; charset=utf-8
host: localhost:20596
accept: */*

Response DefaultHttpResponse(decodeResult: success, version: HTTP/1.1)
HTTP/1.1 200 OK
Content-Type: application/json; charset=utf-8
cache-control: no-cache
content-length: 14

14:40:38.090 [AsyncHttpClient-1-5] DEBUG org.asynchttpclient.netty.channel.ChannelManager - Adding key: http://localhost:20596 for channel [id: 0x9e8dac74, L:/127.0.0.1:65205 - R:localhost/127.0.0.1:20596]
14:40:38.091 [Forwarding getCurrentUrl on session 81c3039f167eb3d3c0c34d352336fa7c to remote] DEBUG org.asynchttpclient.netty.request.NettyRequestSender - Using pooled Channel '[id: 0x9e8dac74, L:/127.0.0.1:65205 - R:localhost/127.0.0.1:20596]' for 'GET' to 'http://localhost:20596/session/81c3039f167eb3d3c0c34d352336fa7c/url'
14:40:38.091 [Forwarding getCurrentUrl on session 81c3039f167eb3d3c0c34d352336fa7c to remote] DEBUG org.asynchttpclient.netty.request.NettyRequestSender - Using open Channel [id: 0x9e8dac74, L:/127.0.0.1:65205 - R:localhost/127.0.0.1:20596] for GET '/session/81c3039f167eb3d3c0c34d352336fa7c/url'
14:40:38.099 [AsyncHttpClient-1-5] DEBUG org.asynchttpclient.netty.handler.HttpHandler - 

Request DefaultFullHttpRequest(decodeResult: success, version: HTTP/1.1, content: EmptyByteBufBE)
GET /session/81c3039f167eb3d3c0c34d352336fa7c/url HTTP/1.1
User-Agent: selenium/4.7.1 (java windows)
Cache-Control: no-cache
Content-Type: application/json; charset=utf-8
host: localhost:20596
accept: */*

Response DefaultHttpResponse(decodeResult: success, version: HTTP/1.1)
HTTP/1.1 200 OK
Content-Type: application/json; charset=utf-8
cache-control: no-cache
content-length: 51

14:40:38.099 [AsyncHttpClient-1-5] DEBUG org.asynchttpclient.netty.channel.ChannelManager - Adding key: http://localhost:20596 for channel [id: 0x9e8dac74, L:/127.0.0.1:65205 - R:localhost/127.0.0.1:20596]
14:40:38.099 [Forwarding screenshot on session 81c3039f167eb3d3c0c34d352336fa7c to remote] DEBUG org.asynchttpclient.netty.request.NettyRequestSender - Using pooled Channel '[id: 0x9e8dac74, L:/127.0.0.1:65205 - R:localhost/127.0.0.1:20596]' for 'GET' to 'http://localhost:20596/session/81c3039f167eb3d3c0c34d352336fa7c/screenshot'
14:40:38.099 [Forwarding screenshot on session 81c3039f167eb3d3c0c34d352336fa7c to remote] DEBUG org.asynchttpclient.netty.request.NettyRequestSender - Using open Channel [id: 0x9e8dac74, L:/127.0.0.1:65205 - R:localhost/127.0.0.1:20596] for GET '/session/81c3039f167eb3d3c0c34d352336fa7c/screenshot'
14:40:38.372 [AsyncHttpClient-1-5] DEBUG org.asynchttpclient.netty.handler.HttpHandler - 

Request DefaultFullHttpRequest(decodeResult: success, version: HTTP/1.1, content: EmptyByteBufBE)
GET /session/81c3039f167eb3d3c0c34d352336fa7c/screenshot HTTP/1.1
User-Agent: selenium/4.7.1 (java windows)
Cache-Control: no-cache
Content-Type: application/json; charset=utf-8
host: localhost:20596
accept: */*

Response DefaultHttpResponse(decodeResult: success, version: HTTP/1.1)
HTTP/1.1 200 OK
Content-Type: application/json; charset=utf-8
cache-control: no-cache
content-length: 192088

14:40:38.372 [AsyncHttpClient-1-5] DEBUG org.asynchttpclient.netty.channel.ChannelManager - Adding key: http://localhost:20596 for channel [id: 0x9e8dac74, L:/127.0.0.1:65205 - R:localhost/127.0.0.1:20596]
14:40:38.380 [main] DEBUG net.serenitybdd.core.photography.Darkroom - Send negative for processing for target\site\serenity\9942ca6d24dff34b536a4faa679ac08af8c23abb3cbd7c6ff6d1c57c3c7dd528.png
14:40:38.380 [main] DEBUG net.thucydides.core.steps.StepInterceptor - STEP DONE: inputfieldpassword
14:40:38.390 [main] DEBUG net.thucydides.core.steps.StepInterceptor - STARTING STEP: PDAMSteps.adminMelakukanLoginAkunUntukFiturPDAM - klikbuttonmasuk
14:40:38.391 [Forwarding findElement on session 81c3039f167eb3d3c0c34d352336fa7c to remote] DEBUG org.asynchttpclient.netty.request.NettyRequestSender - Using pooled Channel '[id: 0x9e8dac74, L:/127.0.0.1:65205 - R:localhost/127.0.0.1:20596]' for 'POST' to 'http://localhost:20596/session/81c3039f167eb3d3c0c34d352336fa7c/element'
14:40:38.391 [Forwarding findElement on session 81c3039f167eb3d3c0c34d352336fa7c to remote] DEBUG org.asynchttpclient.netty.request.NettyRequestSender - Using open Channel [id: 0x9e8dac74, L:/127.0.0.1:65205 - R:localhost/127.0.0.1:20596] for POST '/session/81c3039f167eb3d3c0c34d352336fa7c/element'
14:40:38.423 [AsyncHttpClient-1-5] DEBUG org.asynchttpclient.netty.handler.HttpHandler - 

Request DefaultHttpRequest(decodeResult: success, version: HTTP/1.1)
POST /session/81c3039f167eb3d3c0c34d352336fa7c/element HTTP/1.1
User-Agent: selenium/4.7.1 (java windows)
Content-Length: 113
Content-Type: application/json; charset=utf-8
host: localhost:20596
accept: */*

Response DefaultHttpResponse(decodeResult: success, version: HTTP/1.1)
HTTP/1.1 200 OK
Content-Type: application/json; charset=utf-8
cache-control: no-cache
content-length: 94

14:40:38.423 [AsyncHttpClient-1-5] DEBUG org.asynchttpclient.netty.channel.ChannelManager - Adding key: http://localhost:20596 for channel [id: 0x9e8dac74, L:/127.0.0.1:65205 - R:localhost/127.0.0.1:20596]
14:40:38.423 [Forwarding getElementTagName on session 81c3039f167eb3d3c0c34d352336fa7c to remote] DEBUG org.asynchttpclient.netty.request.NettyRequestSender - Using pooled Channel '[id: 0x9e8dac74, L:/127.0.0.1:65205 - R:localhost/127.0.0.1:20596]' for 'GET' to 'http://localhost:20596/session/81c3039f167eb3d3c0c34d352336fa7c/element/1F0A880FBB062E6DDAB1BFCDC47850EF_element_9/name'
14:40:38.423 [Forwarding getElementTagName on session 81c3039f167eb3d3c0c34d352336fa7c to remote] DEBUG org.asynchttpclient.netty.request.NettyRequestSender - Using open Channel [id: 0x9e8dac74, L:/127.0.0.1:65205 - R:localhost/127.0.0.1:20596] for GET '/session/81c3039f167eb3d3c0c34d352336fa7c/element/1F0A880FBB062E6DDAB1BFCDC47850EF_element_9/name'
14:40:38.439 [AsyncHttpClient-1-5] DEBUG org.asynchttpclient.netty.handler.HttpHandler - 

Request DefaultFullHttpRequest(decodeResult: success, version: HTTP/1.1, content: EmptyByteBufBE)
GET /session/81c3039f167eb3d3c0c34d352336fa7c/element/1F0A880FBB062E6DDAB1BFCDC47850EF_element_9/name HTTP/1.1
User-Agent: selenium/4.7.1 (java windows)
Cache-Control: no-cache
Content-Type: application/json; charset=utf-8
host: localhost:20596
accept: */*

Response DefaultHttpResponse(decodeResult: success, version: HTTP/1.1)
HTTP/1.1 200 OK
Content-Type: application/json; charset=utf-8
cache-control: no-cache
content-length: 18

14:40:38.447 [AsyncHttpClient-1-5] DEBUG org.asynchttpclient.netty.channel.ChannelManager - Adding key: http://localhost:20596 for channel [id: 0x9e8dac74, L:/127.0.0.1:65205 - R:localhost/127.0.0.1:20596]
14:40:38.447 [Forwarding getElementTagName on session 81c3039f167eb3d3c0c34d352336fa7c to remote] DEBUG org.asynchttpclient.netty.request.NettyRequestSender - Using pooled Channel '[id: 0x9e8dac74, L:/127.0.0.1:65205 - R:localhost/127.0.0.1:20596]' for 'GET' to 'http://localhost:20596/session/81c3039f167eb3d3c0c34d352336fa7c/element/1F0A880FBB062E6DDAB1BFCDC47850EF_element_9/name'
14:40:38.447 [Forwarding getElementTagName on session 81c3039f167eb3d3c0c34d352336fa7c to remote] DEBUG org.asynchttpclient.netty.request.NettyRequestSender - Using open Channel [id: 0x9e8dac74, L:/127.0.0.1:65205 - R:localhost/127.0.0.1:20596] for GET '/session/81c3039f167eb3d3c0c34d352336fa7c/element/1F0A880FBB062E6DDAB1BFCDC47850EF_element_9/name'
14:40:38.455 [AsyncHttpClient-1-5] DEBUG org.asynchttpclient.netty.handler.HttpHandler - 

Request DefaultFullHttpRequest(decodeResult: success, version: HTTP/1.1, content: EmptyByteBufBE)
GET /session/81c3039f167eb3d3c0c34d352336fa7c/element/1F0A880FBB062E6DDAB1BFCDC47850EF_element_9/name HTTP/1.1
User-Agent: selenium/4.7.1 (java windows)
Cache-Control: no-cache
Content-Type: application/json; charset=utf-8
host: localhost:20596
accept: */*

Response DefaultHttpResponse(decodeResult: success, version: HTTP/1.1)
HTTP/1.1 200 OK
Content-Type: application/json; charset=utf-8
cache-control: no-cache
content-length: 18

14:40:38.455 [AsyncHttpClient-1-5] DEBUG org.asynchttpclient.netty.channel.ChannelManager - Adding key: http://localhost:20596 for channel [id: 0x9e8dac74, L:/127.0.0.1:65205 - R:localhost/127.0.0.1:20596]
14:40:38.463 [Forwarding isElementEnabled on session 81c3039f167eb3d3c0c34d352336fa7c to remote] DEBUG org.asynchttpclient.netty.request.NettyRequestSender - Using pooled Channel '[id: 0x9e8dac74, L:/127.0.0.1:65205 - R:localhost/127.0.0.1:20596]' for 'GET' to 'http://localhost:20596/session/81c3039f167eb3d3c0c34d352336fa7c/element/1F0A880FBB062E6DDAB1BFCDC47850EF_element_9/enabled'
14:40:38.463 [Forwarding isElementEnabled on session 81c3039f167eb3d3c0c34d352336fa7c to remote] DEBUG org.asynchttpclient.netty.request.NettyRequestSender - Using open Channel [id: 0x9e8dac74, L:/127.0.0.1:65205 - R:localhost/127.0.0.1:20596] for GET '/session/81c3039f167eb3d3c0c34d352336fa7c/element/1F0A880FBB062E6DDAB1BFCDC47850EF_element_9/enabled'
14:40:38.479 [AsyncHttpClient-1-5] DEBUG org.asynchttpclient.netty.handler.HttpHandler - 

Request DefaultFullHttpRequest(decodeResult: success, version: HTTP/1.1, content: EmptyByteBufBE)
GET /session/81c3039f167eb3d3c0c34d352336fa7c/element/1F0A880FBB062E6DDAB1BFCDC47850EF_element_9/enabled HTTP/1.1
User-Agent: selenium/4.7.1 (java windows)
Cache-Control: no-cache
Content-Type: application/json; charset=utf-8
host: localhost:20596
accept: */*

Response DefaultHttpResponse(decodeResult: success, version: HTTP/1.1)
HTTP/1.1 200 OK
Content-Type: application/json; charset=utf-8
cache-control: no-cache
content-length: 14

14:40:38.479 [AsyncHttpClient-1-5] DEBUG org.asynchttpclient.netty.channel.ChannelManager - Adding key: http://localhost:20596 for channel [id: 0x9e8dac74, L:/127.0.0.1:65205 - R:localhost/127.0.0.1:20596]
14:40:38.479 [Forwarding isElementEnabled on session 81c3039f167eb3d3c0c34d352336fa7c to remote] DEBUG org.asynchttpclient.netty.request.NettyRequestSender - Using pooled Channel '[id: 0x9e8dac74, L:/127.0.0.1:65205 - R:localhost/127.0.0.1:20596]' for 'GET' to 'http://localhost:20596/session/81c3039f167eb3d3c0c34d352336fa7c/element/1F0A880FBB062E6DDAB1BFCDC47850EF_element_9/enabled'
14:40:38.479 [Forwarding isElementEnabled on session 81c3039f167eb3d3c0c34d352336fa7c to remote] DEBUG org.asynchttpclient.netty.request.NettyRequestSender - Using open Channel [id: 0x9e8dac74, L:/127.0.0.1:65205 - R:localhost/127.0.0.1:20596] for GET '/session/81c3039f167eb3d3c0c34d352336fa7c/element/1F0A880FBB062E6DDAB1BFCDC47850EF_element_9/enabled'
14:40:38.494 [AsyncHttpClient-1-5] DEBUG org.asynchttpclient.netty.handler.HttpHandler - 

Request DefaultFullHttpRequest(decodeResult: success, version: HTTP/1.1, content: EmptyByteBufBE)
GET /session/81c3039f167eb3d3c0c34d352336fa7c/element/1F0A880FBB062E6DDAB1BFCDC47850EF_element_9/enabled HTTP/1.1
User-Agent: selenium/4.7.1 (java windows)
Cache-Control: no-cache
Content-Type: application/json; charset=utf-8
host: localhost:20596
accept: */*

Response DefaultHttpResponse(decodeResult: success, version: HTTP/1.1)
HTTP/1.1 200 OK
Content-Type: application/json; charset=utf-8
cache-control: no-cache
content-length: 14

14:40:38.494 [AsyncHttpClient-1-5] DEBUG org.asynchttpclient.netty.channel.ChannelManager - Adding key: http://localhost:20596 for channel [id: 0x9e8dac74, L:/127.0.0.1:65205 - R:localhost/127.0.0.1:20596]
14:40:38.502 [Forwarding findElement on session 81c3039f167eb3d3c0c34d352336fa7c to remote] DEBUG org.asynchttpclient.netty.request.NettyRequestSender - Using pooled Channel '[id: 0x9e8dac74, L:/127.0.0.1:65205 - R:localhost/127.0.0.1:20596]' for 'POST' to 'http://localhost:20596/session/81c3039f167eb3d3c0c34d352336fa7c/element'
14:40:38.502 [Forwarding findElement on session 81c3039f167eb3d3c0c34d352336fa7c to remote] DEBUG org.asynchttpclient.netty.request.NettyRequestSender - Using open Channel [id: 0x9e8dac74, L:/127.0.0.1:65205 - R:localhost/127.0.0.1:20596] for POST '/session/81c3039f167eb3d3c0c34d352336fa7c/element'
14:40:38.510 [AsyncHttpClient-1-5] DEBUG org.asynchttpclient.netty.handler.HttpHandler - 

Request DefaultHttpRequest(decodeResult: success, version: HTTP/1.1)
POST /session/81c3039f167eb3d3c0c34d352336fa7c/element HTTP/1.1
User-Agent: selenium/4.7.1 (java windows)
Content-Length: 113
Content-Type: application/json; charset=utf-8
host: localhost:20596
accept: */*

Response DefaultHttpResponse(decodeResult: success, version: HTTP/1.1)
HTTP/1.1 200 OK
Content-Type: application/json; charset=utf-8
cache-control: no-cache
content-length: 94

14:40:38.518 [AsyncHttpClient-1-5] DEBUG org.asynchttpclient.netty.channel.ChannelManager - Adding key: http://localhost:20596 for channel [id: 0x9e8dac74, L:/127.0.0.1:65205 - R:localhost/127.0.0.1:20596]
14:40:38.518 [Forwarding clickElement on session 81c3039f167eb3d3c0c34d352336fa7c to remote] DEBUG org.asynchttpclient.netty.request.NettyRequestSender - Using pooled Channel '[id: 0x9e8dac74, L:/127.0.0.1:65205 - R:localhost/127.0.0.1:20596]' for 'POST' to 'http://localhost:20596/session/81c3039f167eb3d3c0c34d352336fa7c/element/1F0A880FBB062E6DDAB1BFCDC47850EF_element_9/click'
14:40:38.518 [Forwarding clickElement on session 81c3039f167eb3d3c0c34d352336fa7c to remote] DEBUG org.asynchttpclient.netty.request.NettyRequestSender - Using open Channel [id: 0x9e8dac74, L:/127.0.0.1:65205 - R:localhost/127.0.0.1:20596] for POST '/session/81c3039f167eb3d3c0c34d352336fa7c/element/1F0A880FBB062E6DDAB1BFCDC47850EF_element_9/click'
14:40:38.591 [AsyncHttpClient-1-5] DEBUG org.asynchttpclient.netty.handler.HttpHandler - 

Request DefaultHttpRequest(decodeResult: success, version: HTTP/1.1)
POST /session/81c3039f167eb3d3c0c34d352336fa7c/element/1F0A880FBB062E6DDAB1BFCDC47850EF_element_9/click HTTP/1.1
User-Agent: selenium/4.7.1 (java windows)
Content-Length: 56
Content-Type: application/json; charset=utf-8
host: localhost:20596
accept: */*

Response DefaultHttpResponse(decodeResult: success, version: HTTP/1.1)
HTTP/1.1 200 OK
Content-Type: application/json; charset=utf-8
cache-control: no-cache
content-length: 14

14:40:38.591 [AsyncHttpClient-1-5] DEBUG org.asynchttpclient.netty.channel.ChannelManager - Adding key: http://localhost:20596 for channel [id: 0x9e8dac74, L:/127.0.0.1:65205 - R:localhost/127.0.0.1:20596]
14:40:38.599 [Forwarding getCurrentWindowHandle on session 81c3039f167eb3d3c0c34d352336fa7c to remote] DEBUG org.asynchttpclient.netty.request.NettyRequestSender - Using pooled Channel '[id: 0x9e8dac74, L:/127.0.0.1:65205 - R:localhost/127.0.0.1:20596]' for 'GET' to 'http://localhost:20596/session/81c3039f167eb3d3c0c34d352336fa7c/window'
14:40:38.599 [Forwarding getCurrentWindowHandle on session 81c3039f167eb3d3c0c34d352336fa7c to remote] DEBUG org.asynchttpclient.netty.request.NettyRequestSender - Using open Channel [id: 0x9e8dac74, L:/127.0.0.1:65205 - R:localhost/127.0.0.1:20596] for GET '/session/81c3039f167eb3d3c0c34d352336fa7c/window'
14:40:38.607 [AsyncHttpClient-1-5] DEBUG org.asynchttpclient.netty.handler.HttpHandler - 

Request DefaultFullHttpRequest(decodeResult: success, version: HTTP/1.1, content: EmptyByteBufBE)
GET /session/81c3039f167eb3d3c0c34d352336fa7c/window HTTP/1.1
User-Agent: selenium/4.7.1 (java windows)
Cache-Control: no-cache
Content-Type: application/json; charset=utf-8
host: localhost:20596
accept: */*

Response DefaultHttpResponse(decodeResult: success, version: HTTP/1.1)
HTTP/1.1 200 OK
Content-Type: application/json; charset=utf-8
cache-control: no-cache
content-length: 44

14:40:38.607 [AsyncHttpClient-1-5] DEBUG org.asynchttpclient.netty.channel.ChannelManager - Adding key: http://localhost:20596 for channel [id: 0x9e8dac74, L:/127.0.0.1:65205 - R:localhost/127.0.0.1:20596]
14:40:38.607 [Forwarding getAlertText on session 81c3039f167eb3d3c0c34d352336fa7c to remote] DEBUG org.asynchttpclient.netty.request.NettyRequestSender - Using pooled Channel '[id: 0x9e8dac74, L:/127.0.0.1:65205 - R:localhost/127.0.0.1:20596]' for 'GET' to 'http://localhost:20596/session/81c3039f167eb3d3c0c34d352336fa7c/alert/text'
14:40:38.607 [Forwarding getAlertText on session 81c3039f167eb3d3c0c34d352336fa7c to remote] DEBUG org.asynchttpclient.netty.request.NettyRequestSender - Using open Channel [id: 0x9e8dac74, L:/127.0.0.1:65205 - R:localhost/127.0.0.1:20596] for GET '/session/81c3039f167eb3d3c0c34d352336fa7c/alert/text'
14:40:38.607 [AsyncHttpClient-1-5] DEBUG org.asynchttpclient.netty.handler.HttpHandler - 

Request DefaultFullHttpRequest(decodeResult: success, version: HTTP/1.1, content: EmptyByteBufBE)
GET /session/81c3039f167eb3d3c0c34d352336fa7c/alert/text HTTP/1.1
User-Agent: selenium/4.7.1 (java windows)
Cache-Control: no-cache
Content-Type: application/json; charset=utf-8
host: localhost:20596
accept: */*

Response DefaultHttpResponse(decodeResult: success, version: HTTP/1.1)
HTTP/1.1 404 Not Found
Content-Type: application/json; charset=utf-8
cache-control: no-cache
content-length: 821

14:40:38.607 [AsyncHttpClient-1-5] DEBUG org.asynchttpclient.netty.channel.ChannelManager - Adding key: http://localhost:20596 for channel [id: 0x9e8dac74, L:/127.0.0.1:65205 - R:localhost/127.0.0.1:20596]
14:40:38.615 [Forwarding switchToWindow on session 81c3039f167eb3d3c0c34d352336fa7c to remote] DEBUG org.asynchttpclient.netty.request.NettyRequestSender - Using pooled Channel '[id: 0x9e8dac74, L:/127.0.0.1:65205 - R:localhost/127.0.0.1:20596]' for 'POST' to 'http://localhost:20596/session/81c3039f167eb3d3c0c34d352336fa7c/window'
14:40:38.615 [Forwarding switchToWindow on session 81c3039f167eb3d3c0c34d352336fa7c to remote] DEBUG org.asynchttpclient.netty.request.NettyRequestSender - Using open Channel [id: 0x9e8dac74, L:/127.0.0.1:65205 - R:localhost/127.0.0.1:20596] for POST '/session/81c3039f167eb3d3c0c34d352336fa7c/window'
14:40:38.615 [AsyncHttpClient-1-5] DEBUG org.asynchttpclient.netty.handler.HttpHandler - 

Request DefaultHttpRequest(decodeResult: success, version: HTTP/1.1)
POST /session/81c3039f167eb3d3c0c34d352336fa7c/window HTTP/1.1
User-Agent: selenium/4.7.1 (java windows)
Content-Length: 50
Content-Type: application/json; charset=utf-8
host: localhost:20596
accept: */*

Response DefaultHttpResponse(decodeResult: success, version: HTTP/1.1)
HTTP/1.1 200 OK
Content-Type: application/json; charset=utf-8
cache-control: no-cache
content-length: 14

14:40:38.615 [AsyncHttpClient-1-5] DEBUG org.asynchttpclient.netty.channel.ChannelManager - Adding key: http://localhost:20596 for channel [id: 0x9e8dac74, L:/127.0.0.1:65205 - R:localhost/127.0.0.1:20596]
14:40:38.623 [Forwarding getCurrentUrl on session 81c3039f167eb3d3c0c34d352336fa7c to remote] DEBUG org.asynchttpclient.netty.request.NettyRequestSender - Using pooled Channel '[id: 0x9e8dac74, L:/127.0.0.1:65205 - R:localhost/127.0.0.1:20596]' for 'GET' to 'http://localhost:20596/session/81c3039f167eb3d3c0c34d352336fa7c/url'
14:40:38.623 [Forwarding getCurrentUrl on session 81c3039f167eb3d3c0c34d352336fa7c to remote] DEBUG org.asynchttpclient.netty.request.NettyRequestSender - Using open Channel [id: 0x9e8dac74, L:/127.0.0.1:65205 - R:localhost/127.0.0.1:20596] for GET '/session/81c3039f167eb3d3c0c34d352336fa7c/url'
14:40:38.631 [AsyncHttpClient-1-5] DEBUG org.asynchttpclient.netty.handler.HttpHandler - 

Request DefaultFullHttpRequest(decodeResult: success, version: HTTP/1.1, content: EmptyByteBufBE)
GET /session/81c3039f167eb3d3c0c34d352336fa7c/url HTTP/1.1
User-Agent: selenium/4.7.1 (java windows)
Cache-Control: no-cache
Content-Type: application/json; charset=utf-8
host: localhost:20596
accept: */*

Response DefaultHttpResponse(decodeResult: success, version: HTTP/1.1)
HTTP/1.1 200 OK
Content-Type: application/json; charset=utf-8
cache-control: no-cache
content-length: 51

14:40:38.631 [AsyncHttpClient-1-5] DEBUG org.asynchttpclient.netty.channel.ChannelManager - Adding key: http://localhost:20596 for channel [id: 0x9e8dac74, L:/127.0.0.1:65205 - R:localhost/127.0.0.1:20596]
14:40:38.631 [Forwarding screenshot on session 81c3039f167eb3d3c0c34d352336fa7c to remote] DEBUG org.asynchttpclient.netty.request.NettyRequestSender - Using pooled Channel '[id: 0x9e8dac74, L:/127.0.0.1:65205 - R:localhost/127.0.0.1:20596]' for 'GET' to 'http://localhost:20596/session/81c3039f167eb3d3c0c34d352336fa7c/screenshot'
14:40:38.631 [Forwarding screenshot on session 81c3039f167eb3d3c0c34d352336fa7c to remote] DEBUG org.asynchttpclient.netty.request.NettyRequestSender - Using open Channel [id: 0x9e8dac74, L:/127.0.0.1:65205 - R:localhost/127.0.0.1:20596] for GET '/session/81c3039f167eb3d3c0c34d352336fa7c/screenshot'
14:40:38.887 [AsyncHttpClient-1-5] DEBUG org.asynchttpclient.netty.handler.HttpHandler - 

Request DefaultFullHttpRequest(decodeResult: success, version: HTTP/1.1, content: EmptyByteBufBE)
GET /session/81c3039f167eb3d3c0c34d352336fa7c/screenshot HTTP/1.1
User-Agent: selenium/4.7.1 (java windows)
Cache-Control: no-cache
Content-Type: application/json; charset=utf-8
host: localhost:20596
accept: */*

Response DefaultHttpResponse(decodeResult: success, version: HTTP/1.1)
HTTP/1.1 200 OK
Content-Type: application/json; charset=utf-8
cache-control: no-cache
content-length: 191960

14:40:38.887 [AsyncHttpClient-1-5] DEBUG org.asynchttpclient.netty.channel.ChannelManager - Adding key: http://localhost:20596 for channel [id: 0x9e8dac74, L:/127.0.0.1:65205 - R:localhost/127.0.0.1:20596]
14:40:38.895 [main] DEBUG net.serenitybdd.core.photography.Darkroom - Send negative for processing for target\site\serenity\ce779f257e688201786d83c86bcee1c50d681909e1395bf08b2e025bc3ad3b1f.png
14:40:38.895 [main] DEBUG net.thucydides.core.steps.StepInterceptor - STEP DONE: klikbuttonmasuk
14:40:38.895 [Darkroom Processing Line] DEBUG net.serenitybdd.core.photography.DarkroomProcessingLine - Processing screenshot image in /var/screenshots/screenshot-12275283864660931768
14:40:38.895 [Darkroom Processing Line] DEBUG net.serenitybdd.core.photography.DarkroomProcessingLine - Saving screenshot to target\site\serenity\ce779f257e688201786d83c86bcee1c50d681909e1395bf08b2e025bc3ad3b1f.png
  &amp#27;[32mGiven &amp#27;[0m&amp#27;[32mAdmin melakukan login akun untuk fitur PDAM&amp#27;[0m                                  &amp#27;[90m# starter.stepdefinitions.PDAMSteps.adminMelakukanLoginAkunUntukFiturPDAM()&amp#27;[0m
14:40:38.903 [AsyncHttpClient-1-1] DEBUG org.asynchttpclient.netty.channel.DefaultChannelPool - Entry count for : http://localhost:65206 : 1
14:40:38.903 [AsyncHttpClient-1-1] DEBUG org.asynchttpclient.netty.channel.DefaultChannelPool - Entry count for : http://localhost:20596 : 1
14:40:38.911 [main] DEBUG net.thucydides.core.steps.StepInterceptor - STARTING STEP: PDAMSteps.padaBerandaAdminKlikLayanan - klikmenulayanan
14:40:38.919 [Forwarding findElement on session 81c3039f167eb3d3c0c34d352336fa7c to remote] DEBUG org.asynchttpclient.netty.request.NettyRequestSender - Using pooled Channel '[id: 0x9e8dac74, L:/127.0.0.1:65205 - R:localhost/127.0.0.1:20596]' for 'POST' to 'http://localhost:20596/session/81c3039f167eb3d3c0c34d352336fa7c/element'
14:40:38.919 [Forwarding findElement on session 81c3039f167eb3d3c0c34d352336fa7c to remote] DEBUG org.asynchttpclient.netty.request.NettyRequestSender - Using open Channel [id: 0x9e8dac74, L:/127.0.0.1:65205 - R:localhost/127.0.0.1:20596] for POST '/session/81c3039f167eb3d3c0c34d352336fa7c/element'
14:40:39.991 [AsyncHttpClient-1-1] DEBUG org.asynchttpclient.netty.channel.DefaultChannelPool - Entry count for : http://localhost:65206 : 1
14:40:40.015 [AsyncHttpClient-1-5] DEBUG org.asynchttpclient.netty.handler.HttpHandler - 

Request DefaultHttpRequest(decodeResult: success, version: HTTP/1.1)
POST /session/81c3039f167eb3d3c0c34d352336fa7c/element HTTP/1.1
User-Agent: selenium/4.7.1 (java windows)
Content-Length: 178
Content-Type: application/json; charset=utf-8
host: localhost:20596
accept: */*

Response DefaultHttpResponse(decodeResult: success, version: HTTP/1.1)
HTTP/1.1 200 OK
Content-Type: application/json; charset=utf-8
cache-control: no-cache
content-length: 95

14:40:40.015 [AsyncHttpClient-1-5] DEBUG org.asynchttpclient.netty.channel.ChannelManager - Adding key: http://localhost:20596 for channel [id: 0x9e8dac74, L:/127.0.0.1:65205 - R:localhost/127.0.0.1:20596]
14:40:40.015 [Forwarding getElementTagName on session 81c3039f167eb3d3c0c34d352336fa7c to remote] DEBUG org.asynchttpclient.netty.request.NettyRequestSender - Using pooled Channel '[id: 0x9e8dac74, L:/127.0.0.1:65205 - R:localhost/127.0.0.1:20596]' for 'GET' to 'http://localhost:20596/session/81c3039f167eb3d3c0c34d352336fa7c/element/1F0A880FBB062E6DDAB1BFCDC47850EF_element_23/name'
14:40:40.015 [Forwarding getElementTagName on session 81c3039f167eb3d3c0c34d352336fa7c to remote] DEBUG org.asynchttpclient.netty.request.NettyRequestSender - Using open Channel [id: 0x9e8dac74, L:/127.0.0.1:65205 - R:localhost/127.0.0.1:20596] for GET '/session/81c3039f167eb3d3c0c34d352336fa7c/element/1F0A880FBB062E6DDAB1BFCDC47850EF_element_23/name'
14:40:40.031 [AsyncHttpClient-1-5] DEBUG org.asynchttpclient.netty.handler.HttpHandler - 

Request DefaultFullHttpRequest(decodeResult: success, version: HTTP/1.1, content: EmptyByteBufBE)
GET /session/81c3039f167eb3d3c0c34d352336fa7c/element/1F0A880FBB062E6DDAB1BFCDC47850EF_element_23/name HTTP/1.1
User-Agent: selenium/4.7.1 (java windows)
Cache-Control: no-cache
Content-Type: application/json; charset=utf-8
host: localhost:20596
accept: */*

Response DefaultHttpResponse(decodeResult: success, version: HTTP/1.1)
HTTP/1.1 200 OK
Content-Type: application/json; charset=utf-8
cache-control: no-cache
content-length: 13

14:40:40.031 [AsyncHttpClient-1-5] DEBUG org.asynchttpclient.netty.channel.ChannelManager - Adding key: http://localhost:20596 for channel [id: 0x9e8dac74, L:/127.0.0.1:65205 - R:localhost/127.0.0.1:20596]
14:40:40.031 [Forwarding getElementTagName on session 81c3039f167eb3d3c0c34d352336fa7c to remote] DEBUG org.asynchttpclient.netty.request.NettyRequestSender - Using pooled Channel '[id: 0x9e8dac74, L:/127.0.0.1:65205 - R:localhost/127.0.0.1:20596]' for 'GET' to 'http://localhost:20596/session/81c3039f167eb3d3c0c34d352336fa7c/element/1F0A880FBB062E6DDAB1BFCDC47850EF_element_23/name'
14:40:40.031 [Forwarding getElementTagName on session 81c3039f167eb3d3c0c34d352336fa7c to remote] DEBUG org.asynchttpclient.netty.request.NettyRequestSender - Using open Channel [id: 0x9e8dac74, L:/127.0.0.1:65205 - R:localhost/127.0.0.1:20596] for GET '/session/81c3039f167eb3d3c0c34d352336fa7c/element/1F0A880FBB062E6DDAB1BFCDC47850EF_element_23/name'
14:40:40.039 [AsyncHttpClient-1-5] DEBUG org.asynchttpclient.netty.handler.HttpHandler - 

Request DefaultFullHttpRequest(decodeResult: success, version: HTTP/1.1, content: EmptyByteBufBE)
GET /session/81c3039f167eb3d3c0c34d352336fa7c/element/1F0A880FBB062E6DDAB1BFCDC47850EF_element_23/name HTTP/1.1
User-Agent: selenium/4.7.1 (java windows)
Cache-Control: no-cache
Content-Type: application/json; charset=utf-8
host: localhost:20596
accept: */*

Response DefaultHttpResponse(decodeResult: success, version: HTTP/1.1)
HTTP/1.1 200 OK
Content-Type: application/json; charset=utf-8
cache-control: no-cache
content-length: 13

14:40:40.039 [AsyncHttpClient-1-5] DEBUG org.asynchttpclient.netty.channel.ChannelManager - Adding key: http://localhost:20596 for channel [id: 0x9e8dac74, L:/127.0.0.1:65205 - R:localhost/127.0.0.1:20596]
14:40:40.047 [Forwarding findElement on session 81c3039f167eb3d3c0c34d352336fa7c to remote] DEBUG org.asynchttpclient.netty.request.NettyRequestSender - Using pooled Channel '[id: 0x9e8dac74, L:/127.0.0.1:65205 - R:localhost/127.0.0.1:20596]' for 'POST' to 'http://localhost:20596/session/81c3039f167eb3d3c0c34d352336fa7c/element'
14:40:40.047 [Forwarding findElement on session 81c3039f167eb3d3c0c34d352336fa7c to remote] DEBUG org.asynchttpclient.netty.request.NettyRequestSender - Using open Channel [id: 0x9e8dac74, L:/127.0.0.1:65205 - R:localhost/127.0.0.1:20596] for POST '/session/81c3039f167eb3d3c0c34d352336fa7c/element'
14:40:40.055 [AsyncHttpClient-1-5] DEBUG org.asynchttpclient.netty.handler.HttpHandler - 

Request DefaultHttpRequest(decodeResult: success, version: HTTP/1.1)
POST /session/81c3039f167eb3d3c0c34d352336fa7c/element HTTP/1.1
User-Agent: selenium/4.7.1 (java windows)
Content-Length: 178
Content-Type: application/json; charset=utf-8
host: localhost:20596
accept: */*

Response DefaultHttpResponse(decodeResult: success, version: HTTP/1.1)
HTTP/1.1 200 OK
Content-Type: application/json; charset=utf-8
cache-control: no-cache
content-length: 95

14:40:40.055 [AsyncHttpClient-1-5] DEBUG org.asynchttpclient.netty.channel.ChannelManager - Adding key: http://localhost:20596 for channel [id: 0x9e8dac74, L:/127.0.0.1:65205 - R:localhost/127.0.0.1:20596]
14:40:40.063 [Forwarding clickElement on session 81c3039f167eb3d3c0c34d352336fa7c to remote] DEBUG org.asynchttpclient.netty.request.NettyRequestSender - Using pooled Channel '[id: 0x9e8dac74, L:/127.0.0.1:65205 - R:localhost/127.0.0.1:20596]' for 'POST' to 'http://localhost:20596/session/81c3039f167eb3d3c0c34d352336fa7c/element/1F0A880FBB062E6DDAB1BFCDC47850EF_element_23/click'
14:40:40.063 [Forwarding clickElement on session 81c3039f167eb3d3c0c34d352336fa7c to remote] DEBUG org.asynchttpclient.netty.request.NettyRequestSender - Using open Channel [id: 0x9e8dac74, L:/127.0.0.1:65205 - R:localhost/127.0.0.1:20596] for POST '/session/81c3039f167eb3d3c0c34d352336fa7c/element/1F0A880FBB062E6DDAB1BFCDC47850EF_element_23/click'
14:40:40.155 [AsyncHttpClient-1-5] DEBUG org.asynchttpclient.netty.handler.HttpHandler - 

Request DefaultHttpRequest(decodeResult: success, version: HTTP/1.1)
POST /session/81c3039f167eb3d3c0c34d352336fa7c/element/1F0A880FBB062E6DDAB1BFCDC47850EF_element_23/click HTTP/1.1
User-Agent: selenium/4.7.1 (java windows)
Content-Length: 57
Content-Type: application/json; charset=utf-8
host: localhost:20596
accept: */*

Response DefaultHttpResponse(decodeResult: success, version: HTTP/1.1)
HTTP/1.1 200 OK
Content-Type: application/json; charset=utf-8
cache-control: no-cache
content-length: 14

14:40:40.155 [AsyncHttpClient-1-5] DEBUG org.asynchttpclient.netty.channel.ChannelManager - Adding key: http://localhost:20596 for channel [id: 0x9e8dac74, L:/127.0.0.1:65205 - R:localhost/127.0.0.1:20596]
14:40:40.171 [Forwarding getCurrentWindowHandle on session 81c3039f167eb3d3c0c34d352336fa7c to remote] DEBUG org.asynchttpclient.netty.request.NettyRequestSender - Using pooled Channel '[id: 0x9e8dac74, L:/127.0.0.1:65205 - R:localhost/127.0.0.1:20596]' for 'GET' to 'http://localhost:20596/session/81c3039f167eb3d3c0c34d352336fa7c/window'
14:40:40.171 [Forwarding getCurrentWindowHandle on session 81c3039f167eb3d3c0c34d352336fa7c to remote] DEBUG org.asynchttpclient.netty.request.NettyRequestSender - Using open Channel [id: 0x9e8dac74, L:/127.0.0.1:65205 - R:localhost/127.0.0.1:20596] for GET '/session/81c3039f167eb3d3c0c34d352336fa7c/window'
14:40:40.171 [AsyncHttpClient-1-5] DEBUG org.asynchttpclient.netty.handler.HttpHandler - 

Request DefaultFullHttpRequest(decodeResult: success, version: HTTP/1.1, content: EmptyByteBufBE)
GET /session/81c3039f167eb3d3c0c34d352336fa7c/window HTTP/1.1
User-Agent: selenium/4.7.1 (java windows)
Cache-Control: no-cache
Content-Type: application/json; charset=utf-8
host: localhost:20596
accept: */*

Response DefaultHttpResponse(decodeResult: success, version: HTTP/1.1)
HTTP/1.1 200 OK
Content-Type: application/json; charset=utf-8
cache-control: no-cache
content-length: 44

14:40:40.171 [AsyncHttpClient-1-5] DEBUG org.asynchttpclient.netty.channel.ChannelManager - Adding key: http://localhost:20596 for channel [id: 0x9e8dac74, L:/127.0.0.1:65205 - R:localhost/127.0.0.1:20596]
14:40:40.171 [Forwarding getAlertText on session 81c3039f167eb3d3c0c34d352336fa7c to remote] DEBUG org.asynchttpclient.netty.request.NettyRequestSender - Using pooled Channel '[id: 0x9e8dac74, L:/127.0.0.1:65205 - R:localhost/127.0.0.1:20596]' for 'GET' to 'http://localhost:20596/session/81c3039f167eb3d3c0c34d352336fa7c/alert/text'
14:40:40.171 [Forwarding getAlertText on session 81c3039f167eb3d3c0c34d352336fa7c to remote] DEBUG org.asynchttpclient.netty.request.NettyRequestSender - Using open Channel [id: 0x9e8dac74, L:/127.0.0.1:65205 - R:localhost/127.0.0.1:20596] for GET '/session/81c3039f167eb3d3c0c34d352336fa7c/alert/text'
14:40:40.171 [AsyncHttpClient-1-5] DEBUG org.asynchttpclient.netty.handler.HttpHandler - 

Request DefaultFullHttpRequest(decodeResult: success, version: HTTP/1.1, content: EmptyByteBufBE)
GET /session/81c3039f167eb3d3c0c34d352336fa7c/alert/text HTTP/1.1
User-Agent: selenium/4.7.1 (java windows)
Cache-Control: no-cache
Content-Type: application/json; charset=utf-8
host: localhost:20596
accept: */*

Response DefaultHttpResponse(decodeResult: success, version: HTTP/1.1)
HTTP/1.1 404 Not Found
Content-Type: application/json; charset=utf-8
cache-control: no-cache
content-length: 821

14:40:40.171 [AsyncHttpClient-1-5] DEBUG org.asynchttpclient.netty.channel.ChannelManager - Adding key: http://localhost:20596 for channel [id: 0x9e8dac74, L:/127.0.0.1:65205 - R:localhost/127.0.0.1:20596]
14:40:40.179 [Forwarding switchToWindow on session 81c3039f167eb3d3c0c34d352336fa7c to remote] DEBUG org.asynchttpclient.netty.request.NettyRequestSender - Using pooled Channel '[id: 0x9e8dac74, L:/127.0.0.1:65205 - R:localhost/127.0.0.1:20596]' for 'POST' to 'http://localhost:20596/session/81c3039f167eb3d3c0c34d352336fa7c/window'
14:40:40.179 [Forwarding switchToWindow on session 81c3039f167eb3d3c0c34d352336fa7c to remote] DEBUG org.asynchttpclient.netty.request.NettyRequestSender - Using open Channel [id: 0x9e8dac74, L:/127.0.0.1:65205 - R:localhost/127.0.0.1:20596] for POST '/session/81c3039f167eb3d3c0c34d352336fa7c/window'
14:40:40.179 [AsyncHttpClient-1-5] DEBUG org.asynchttpclient.netty.handler.HttpHandler - 

Request DefaultHttpRequest(decodeResult: success, version: HTTP/1.1)
POST /session/81c3039f167eb3d3c0c34d352336fa7c/window HTTP/1.1
User-Agent: selenium/4.7.1 (java windows)
Content-Length: 50
Content-Type: application/json; charset=utf-8
host: localhost:20596
accept: */*

Response DefaultHttpResponse(decodeResult: success, version: HTTP/1.1)
HTTP/1.1 200 OK
Content-Type: application/json; charset=utf-8
cache-control: no-cache
content-length: 14

14:40:40.179 [AsyncHttpClient-1-5] DEBUG org.asynchttpclient.netty.channel.ChannelManager - Adding key: http://localhost:20596 for channel [id: 0x9e8dac74, L:/127.0.0.1:65205 - R:localhost/127.0.0.1:20596]
14:40:40.179 [Forwarding getCurrentUrl on session 81c3039f167eb3d3c0c34d352336fa7c to remote] DEBUG org.asynchttpclient.netty.request.NettyRequestSender - Using pooled Channel '[id: 0x9e8dac74, L:/127.0.0.1:65205 - R:localhost/127.0.0.1:20596]' for 'GET' to 'http://localhost:20596/session/81c3039f167eb3d3c0c34d352336fa7c/url'
14:40:40.179 [Forwarding getCurrentUrl on session 81c3039f167eb3d3c0c34d352336fa7c to remote] DEBUG org.asynchttpclient.netty.request.NettyRequestSender - Using open Channel [id: 0x9e8dac74, L:/127.0.0.1:65205 - R:localhost/127.0.0.1:20596] for GET '/session/81c3039f167eb3d3c0c34d352336fa7c/url'
14:40:40.192 [AsyncHttpClient-1-5] DEBUG org.asynchttpclient.netty.handler.HttpHandler - 

Request DefaultFullHttpRequest(decodeResult: success, version: HTTP/1.1, content: EmptyByteBufBE)
GET /session/81c3039f167eb3d3c0c34d352336fa7c/url HTTP/1.1
User-Agent: selenium/4.7.1 (java windows)
Cache-Control: no-cache
Content-Type: application/json; charset=utf-8
host: localhost:20596
accept: */*

Response DefaultHttpResponse(decodeResult: success, version: HTTP/1.1)
HTTP/1.1 200 OK
Content-Type: application/json; charset=utf-8
cache-control: no-cache
content-length: 53

14:40:40.192 [AsyncHttpClient-1-5] DEBUG org.asynchttpclient.netty.channel.ChannelManager - Adding key: http://localhost:20596 for channel [id: 0x9e8dac74, L:/127.0.0.1:65205 - R:localhost/127.0.0.1:20596]
14:40:40.192 [Forwarding screenshot on session 81c3039f167eb3d3c0c34d352336fa7c to remote] DEBUG org.asynchttpclient.netty.request.NettyRequestSender - Using pooled Channel '[id: 0x9e8dac74, L:/127.0.0.1:65205 - R:localhost/127.0.0.1:20596]' for 'GET' to 'http://localhost:20596/session/81c3039f167eb3d3c0c34d352336fa7c/screenshot'
14:40:40.192 [Forwarding screenshot on session 81c3039f167eb3d3c0c34d352336fa7c to remote] DEBUG org.asynchttpclient.netty.request.NettyRequestSender - Using open Channel [id: 0x9e8dac74, L:/127.0.0.1:65205 - R:localhost/127.0.0.1:20596] for GET '/session/81c3039f167eb3d3c0c34d352336fa7c/screenshot'
14:40:40.405 [AsyncHttpClient-1-5] DEBUG org.asynchttpclient.netty.handler.HttpHandler - 

Request DefaultFullHttpRequest(decodeResult: success, version: HTTP/1.1, content: EmptyByteBufBE)
GET /session/81c3039f167eb3d3c0c34d352336fa7c/screenshot HTTP/1.1
User-Agent: selenium/4.7.1 (java windows)
Cache-Control: no-cache
Content-Type: application/json; charset=utf-8
host: localhost:20596
accept: */*

Response DefaultHttpResponse(decodeResult: success, version: HTTP/1.1)
HTTP/1.1 200 OK
Content-Type: application/json; charset=utf-8
cache-control: no-cache
content-length: 38468

14:40:40.405 [AsyncHttpClient-1-5] DEBUG org.asynchttpclient.netty.channel.ChannelManager - Adding key: http://localhost:20596 for channel [id: 0x9e8dac74, L:/127.0.0.1:65205 - R:localhost/127.0.0.1:20596]
14:40:40.405 [main] DEBUG net.serenitybdd.core.photography.Darkroom - Send negative for processing for target\site\serenity\a5c72de6bacea92918015f0156b76f59bd8d9532fb66114cf592965b784492f9.png
14:40:40.405 [main] DEBUG net.thucydides.core.steps.StepInterceptor - STEP DONE: klikmenulayanan
14:40:40.405 [Darkroom Processing Line] DEBUG net.serenitybdd.core.photography.DarkroomProcessingLine - Processing screenshot image in /var/screenshots/screenshot-6656105783511762072
14:40:40.405 [Darkroom Processing Line] DEBUG net.serenitybdd.core.photography.DarkroomProcessingLine - Saving screenshot to target\site\serenity\a5c72de6bacea92918015f0156b76f59bd8d9532fb66114cf592965b784492f9.png
  &amp#27;[32mWhen &amp#27;[0m&amp#27;[32mPada Beranda, Admin klik Layanan&amp#27;[0m                                              &amp#27;[90m# starter.stepdefinitions.PDAMSteps.padaBerandaAdminKlikLayanan()&amp#27;[0m
14:40:40.429 [main] DEBUG net.thucydides.core.steps.StepInterceptor - STARTING STEP: PDAMSteps.adminKlikPDAM - klikpdam
14:40:40.437 [Forwarding findElement on session 81c3039f167eb3d3c0c34d352336fa7c to remote] DEBUG org.asynchttpclient.netty.request.NettyRequestSender - Using pooled Channel '[id: 0x9e8dac74, L:/127.0.0.1:65205 - R:localhost/127.0.0.1:20596]' for 'POST' to 'http://localhost:20596/session/81c3039f167eb3d3c0c34d352336fa7c/element'
14:40:40.437 [Forwarding findElement on session 81c3039f167eb3d3c0c34d352336fa7c to remote] DEBUG org.asynchttpclient.netty.request.NettyRequestSender - Using open Channel [id: 0x9e8dac74, L:/127.0.0.1:65205 - R:localhost/127.0.0.1:20596] for POST '/session/81c3039f167eb3d3c0c34d352336fa7c/element'
14:40:40.460 [AsyncHttpClient-1-5] DEBUG org.asynchttpclient.netty.handler.HttpHandler - 

Request DefaultHttpRequest(decodeResult: success, version: HTTP/1.1)
POST /session/81c3039f167eb3d3c0c34d352336fa7c/element HTTP/1.1
User-Agent: selenium/4.7.1 (java windows)
Content-Length: 96
Content-Type: application/json; charset=utf-8
host: localhost:20596
accept: */*

Response DefaultHttpResponse(decodeResult: success, version: HTTP/1.1)
HTTP/1.1 200 OK
Content-Type: application/json; charset=utf-8
cache-control: no-cache
content-length: 95

14:40:40.460 [AsyncHttpClient-1-5] DEBUG org.asynchttpclient.netty.channel.ChannelManager - Adding key: http://localhost:20596 for channel [id: 0x9e8dac74, L:/127.0.0.1:65205 - R:localhost/127.0.0.1:20596]
14:40:40.468 [Forwarding getElementTagName on session 81c3039f167eb3d3c0c34d352336fa7c to remote] DEBUG org.asynchttpclient.netty.request.NettyRequestSender - Using pooled Channel '[id: 0x9e8dac74, L:/127.0.0.1:65205 - R:localhost/127.0.0.1:20596]' for 'GET' to 'http://localhost:20596/session/81c3039f167eb3d3c0c34d352336fa7c/element/1F0A880FBB062E6DDAB1BFCDC47850EF_element_45/name'
14:40:40.468 [Forwarding getElementTagName on session 81c3039f167eb3d3c0c34d352336fa7c to remote] DEBUG org.asynchttpclient.netty.request.NettyRequestSender - Using open Channel [id: 0x9e8dac74, L:/127.0.0.1:65205 - R:localhost/127.0.0.1:20596] for GET '/session/81c3039f167eb3d3c0c34d352336fa7c/element/1F0A880FBB062E6DDAB1BFCDC47850EF_element_45/name'
14:40:40.484 [AsyncHttpClient-1-5] DEBUG org.asynchttpclient.netty.handler.HttpHandler - 

Request DefaultFullHttpRequest(decodeResult: success, version: HTTP/1.1, content: EmptyByteBufBE)
GET /session/81c3039f167eb3d3c0c34d352336fa7c/element/1F0A880FBB062E6DDAB1BFCDC47850EF_element_45/name HTTP/1.1
User-Agent: selenium/4.7.1 (java windows)
Cache-Control: no-cache
Content-Type: application/json; charset=utf-8
host: localhost:20596
accept: */*

Response DefaultHttpResponse(decodeResult: success, version: HTTP/1.1)
HTTP/1.1 200 OK
Content-Type: application/json; charset=utf-8
cache-control: no-cache
content-length: 13

14:40:40.484 [AsyncHttpClient-1-5] DEBUG org.asynchttpclient.netty.channel.ChannelManager - Adding key: http://localhost:20596 for channel [id: 0x9e8dac74, L:/127.0.0.1:65205 - R:localhost/127.0.0.1:20596]
14:40:40.489 [Forwarding getElementTagName on session 81c3039f167eb3d3c0c34d352336fa7c to remote] DEBUG org.asynchttpclient.netty.request.NettyRequestSender - Using pooled Channel '[id: 0x9e8dac74, L:/127.0.0.1:65205 - R:localhost/127.0.0.1:20596]' for 'GET' to 'http://localhost:20596/session/81c3039f167eb3d3c0c34d352336fa7c/element/1F0A880FBB062E6DDAB1BFCDC47850EF_element_45/name'
14:40:40.489 [Forwarding getElementTagName on session 81c3039f167eb3d3c0c34d352336fa7c to remote] DEBUG org.asynchttpclient.netty.request.NettyRequestSender - Using open Channel [id: 0x9e8dac74, L:/127.0.0.1:65205 - R:localhost/127.0.0.1:20596] for GET '/session/81c3039f167eb3d3c0c34d352336fa7c/element/1F0A880FBB062E6DDAB1BFCDC47850EF_element_45/name'
14:40:40.500 [AsyncHttpClient-1-5] DEBUG org.asynchttpclient.netty.handler.HttpHandler - 

Request DefaultFullHttpRequest(decodeResult: success, version: HTTP/1.1, content: EmptyByteBufBE)
GET /session/81c3039f167eb3d3c0c34d352336fa7c/element/1F0A880FBB062E6DDAB1BFCDC47850EF_element_45/name HTTP/1.1
User-Agent: selenium/4.7.1 (java windows)
Cache-Control: no-cache
Content-Type: application/json; charset=utf-8
host: localhost:20596
accept: */*

Response DefaultHttpResponse(decodeResult: success, version: HTTP/1.1)
HTTP/1.1 200 OK
Content-Type: application/json; charset=utf-8
cache-control: no-cache
content-length: 13

14:40:40.500 [AsyncHttpClient-1-5] DEBUG org.asynchttpclient.netty.channel.ChannelManager - Adding key: http://localhost:20596 for channel [id: 0x9e8dac74, L:/127.0.0.1:65205 - R:localhost/127.0.0.1:20596]
14:40:40.508 [Forwarding findElement on session 81c3039f167eb3d3c0c34d352336fa7c to remote] DEBUG org.asynchttpclient.netty.request.NettyRequestSender - Using pooled Channel '[id: 0x9e8dac74, L:/127.0.0.1:65205 - R:localhost/127.0.0.1:20596]' for 'POST' to 'http://localhost:20596/session/81c3039f167eb3d3c0c34d352336fa7c/element'
14:40:40.511 [Forwarding findElement on session 81c3039f167eb3d3c0c34d352336fa7c to remote] DEBUG org.asynchttpclient.netty.request.NettyRequestSender - Using open Channel [id: 0x9e8dac74, L:/127.0.0.1:65205 - R:localhost/127.0.0.1:20596] for POST '/session/81c3039f167eb3d3c0c34d352336fa7c/element'
14:40:40.532 [AsyncHttpClient-1-5] DEBUG org.asynchttpclient.netty.handler.HttpHandler - 

Request DefaultHttpRequest(decodeResult: success, version: HTTP/1.1)
POST /session/81c3039f167eb3d3c0c34d352336fa7c/element HTTP/1.1
User-Agent: selenium/4.7.1 (java windows)
Content-Length: 96
Content-Type: application/json; charset=utf-8
host: localhost:20596
accept: */*

Response DefaultHttpResponse(decodeResult: success, version: HTTP/1.1)
HTTP/1.1 200 OK
Content-Type: application/json; charset=utf-8
cache-control: no-cache
content-length: 95

14:40:40.533 [AsyncHttpClient-1-5] DEBUG org.asynchttpclient.netty.channel.ChannelManager - Adding key: http://localhost:20596 for channel [id: 0x9e8dac74, L:/127.0.0.1:65205 - R:localhost/127.0.0.1:20596]
14:40:40.535 [Forwarding clickElement on session 81c3039f167eb3d3c0c34d352336fa7c to remote] DEBUG org.asynchttpclient.netty.request.NettyRequestSender - Using pooled Channel '[id: 0x9e8dac74, L:/127.0.0.1:65205 - R:localhost/127.0.0.1:20596]' for 'POST' to 'http://localhost:20596/session/81c3039f167eb3d3c0c34d352336fa7c/element/1F0A880FBB062E6DDAB1BFCDC47850EF_element_45/click'
14:40:40.535 [Forwarding clickElement on session 81c3039f167eb3d3c0c34d352336fa7c to remote] DEBUG org.asynchttpclient.netty.request.NettyRequestSender - Using open Channel [id: 0x9e8dac74, L:/127.0.0.1:65205 - R:localhost/127.0.0.1:20596] for POST '/session/81c3039f167eb3d3c0c34d352336fa7c/element/1F0A880FBB062E6DDAB1BFCDC47850EF_element_45/click'
14:40:40.676 [AsyncHttpClient-1-5] DEBUG org.asynchttpclient.netty.handler.HttpHandler - 

Request DefaultHttpRequest(decodeResult: success, version: HTTP/1.1)
POST /session/81c3039f167eb3d3c0c34d352336fa7c/element/1F0A880FBB062E6DDAB1BFCDC47850EF_element_45/click HTTP/1.1
User-Agent: selenium/4.7.1 (java windows)
Content-Length: 57
Content-Type: application/json; charset=utf-8
host: localhost:20596
accept: */*

Response DefaultHttpResponse(decodeResult: success, version: HTTP/1.1)
HTTP/1.1 200 OK
Content-Type: application/json; charset=utf-8
cache-control: no-cache
content-length: 14

14:40:40.677 [AsyncHttpClient-1-5] DEBUG org.asynchttpclient.netty.channel.ChannelManager - Adding key: http://localhost:20596 for channel [id: 0x9e8dac74, L:/127.0.0.1:65205 - R:localhost/127.0.0.1:20596]
14:40:40.690 [Forwarding getCurrentWindowHandle on session 81c3039f167eb3d3c0c34d352336fa7c to remote] DEBUG org.asynchttpclient.netty.request.NettyRequestSender - Using pooled Channel '[id: 0x9e8dac74, L:/127.0.0.1:65205 - R:localhost/127.0.0.1:20596]' for 'GET' to 'http://localhost:20596/session/81c3039f167eb3d3c0c34d352336fa7c/window'
14:40:40.690 [Forwarding getCurrentWindowHandle on session 81c3039f167eb3d3c0c34d352336fa7c to remote] DEBUG org.asynchttpclient.netty.request.NettyRequestSender - Using open Channel [id: 0x9e8dac74, L:/127.0.0.1:65205 - R:localhost/127.0.0.1:20596] for GET '/session/81c3039f167eb3d3c0c34d352336fa7c/window'
14:40:40.691 [AsyncHttpClient-1-5] DEBUG org.asynchttpclient.netty.handler.HttpHandler - 

Request DefaultFullHttpRequest(decodeResult: success, version: HTTP/1.1, content: EmptyByteBufBE)
GET /session/81c3039f167eb3d3c0c34d352336fa7c/window HTTP/1.1
User-Agent: selenium/4.7.1 (java windows)
Cache-Control: no-cache
Content-Type: application/json; charset=utf-8
host: localhost:20596
accept: */*

Response DefaultHttpResponse(decodeResult: success, version: HTTP/1.1)
HTTP/1.1 200 OK
Content-Type: application/json; charset=utf-8
cache-control: no-cache
content-length: 44

14:40:40.691 [AsyncHttpClient-1-5] DEBUG org.asynchttpclient.netty.channel.ChannelManager - Adding key: http://localhost:20596 for channel [id: 0x9e8dac74, L:/127.0.0.1:65205 - R:localhost/127.0.0.1:20596]
14:40:40.693 [Forwarding getAlertText on session 81c3039f167eb3d3c0c34d352336fa7c to remote] DEBUG org.asynchttpclient.netty.request.NettyRequestSender - Using pooled Channel '[id: 0x9e8dac74, L:/127.0.0.1:65205 - R:localhost/127.0.0.1:20596]' for 'GET' to 'http://localhost:20596/session/81c3039f167eb3d3c0c34d352336fa7c/alert/text'
14:40:40.693 [Forwarding getAlertText on session 81c3039f167eb3d3c0c34d352336fa7c to remote] DEBUG org.asynchttpclient.netty.request.NettyRequestSender - Using open Channel [id: 0x9e8dac74, L:/127.0.0.1:65205 - R:localhost/127.0.0.1:20596] for GET '/session/81c3039f167eb3d3c0c34d352336fa7c/alert/text'
14:40:40.696 [AsyncHttpClient-1-5] DEBUG org.asynchttpclient.netty.handler.HttpHandler - 

Request DefaultFullHttpRequest(decodeResult: success, version: HTTP/1.1, content: EmptyByteBufBE)
GET /session/81c3039f167eb3d3c0c34d352336fa7c/alert/text HTTP/1.1
User-Agent: selenium/4.7.1 (java windows)
Cache-Control: no-cache
Content-Type: application/json; charset=utf-8
host: localhost:20596
accept: */*

Response DefaultHttpResponse(decodeResult: success, version: HTTP/1.1)
HTTP/1.1 404 Not Found
Content-Type: application/json; charset=utf-8
cache-control: no-cache
content-length: 821

14:40:40.696 [AsyncHttpClient-1-5] DEBUG org.asynchttpclient.netty.channel.ChannelManager - Adding key: http://localhost:20596 for channel [id: 0x9e8dac74, L:/127.0.0.1:65205 - R:localhost/127.0.0.1:20596]
14:40:40.702 [Forwarding switchToWindow on session 81c3039f167eb3d3c0c34d352336fa7c to remote] DEBUG org.asynchttpclient.netty.request.NettyRequestSender - Using pooled Channel '[id: 0x9e8dac74, L:/127.0.0.1:65205 - R:localhost/127.0.0.1:20596]' for 'POST' to 'http://localhost:20596/session/81c3039f167eb3d3c0c34d352336fa7c/window'
14:40:40.702 [Forwarding switchToWindow on session 81c3039f167eb3d3c0c34d352336fa7c to remote] DEBUG org.asynchttpclient.netty.request.NettyRequestSender - Using open Channel [id: 0x9e8dac74, L:/127.0.0.1:65205 - R:localhost/127.0.0.1:20596] for POST '/session/81c3039f167eb3d3c0c34d352336fa7c/window'
14:40:40.705 [AsyncHttpClient-1-5] DEBUG org.asynchttpclient.netty.handler.HttpHandler - 

Request DefaultHttpRequest(decodeResult: success, version: HTTP/1.1)
POST /session/81c3039f167eb3d3c0c34d352336fa7c/window HTTP/1.1
User-Agent: selenium/4.7.1 (java windows)
Content-Length: 50
Content-Type: application/json; charset=utf-8
host: localhost:20596
accept: */*

Response DefaultHttpResponse(decodeResult: success, version: HTTP/1.1)
HTTP/1.1 200 OK
Content-Type: application/json; charset=utf-8
cache-control: no-cache
content-length: 14

14:40:40.705 [AsyncHttpClient-1-5] DEBUG org.asynchttpclient.netty.channel.ChannelManager - Adding key: http://localhost:20596 for channel [id: 0x9e8dac74, L:/127.0.0.1:65205 - R:localhost/127.0.0.1:20596]
14:40:40.706 [Forwarding getCurrentUrl on session 81c3039f167eb3d3c0c34d352336fa7c to remote] DEBUG org.asynchttpclient.netty.request.NettyRequestSender - Using pooled Channel '[id: 0x9e8dac74, L:/127.0.0.1:65205 - R:localhost/127.0.0.1:20596]' for 'GET' to 'http://localhost:20596/session/81c3039f167eb3d3c0c34d352336fa7c/url'
14:40:40.706 [Forwarding getCurrentUrl on session 81c3039f167eb3d3c0c34d352336fa7c to remote] DEBUG org.asynchttpclient.netty.request.NettyRequestSender - Using open Channel [id: 0x9e8dac74, L:/127.0.0.1:65205 - R:localhost/127.0.0.1:20596] for GET '/session/81c3039f167eb3d3c0c34d352336fa7c/url'
14:40:40.717 [AsyncHttpClient-1-5] DEBUG org.asynchttpclient.netty.handler.HttpHandler - 

Request DefaultFullHttpRequest(decodeResult: success, version: HTTP/1.1, content: EmptyByteBufBE)
GET /session/81c3039f167eb3d3c0c34d352336fa7c/url HTTP/1.1
User-Agent: selenium/4.7.1 (java windows)
Cache-Control: no-cache
Content-Type: application/json; charset=utf-8
host: localhost:20596
accept: */*

Response DefaultHttpResponse(decodeResult: success, version: HTTP/1.1)
HTTP/1.1 200 OK
Content-Type: application/json; charset=utf-8
cache-control: no-cache
content-length: 58

14:40:40.717 [AsyncHttpClient-1-5] DEBUG org.asynchttpclient.netty.channel.ChannelManager - Adding key: http://localhost:20596 for channel [id: 0x9e8dac74, L:/127.0.0.1:65205 - R:localhost/127.0.0.1:20596]
14:40:40.720 [Forwarding screenshot on session 81c3039f167eb3d3c0c34d352336fa7c to remote] DEBUG org.asynchttpclient.netty.request.NettyRequestSender - Using pooled Channel '[id: 0x9e8dac74, L:/127.0.0.1:65205 - R:localhost/127.0.0.1:20596]' for 'GET' to 'http://localhost:20596/session/81c3039f167eb3d3c0c34d352336fa7c/screenshot'
14:40:40.720 [Forwarding screenshot on session 81c3039f167eb3d3c0c34d352336fa7c to remote] DEBUG org.asynchttpclient.netty.request.NettyRequestSender - Using open Channel [id: 0x9e8dac74, L:/127.0.0.1:65205 - R:localhost/127.0.0.1:20596] for GET '/session/81c3039f167eb3d3c0c34d352336fa7c/screenshot'
14:40:40.909 [AsyncHttpClient-1-5] DEBUG org.asynchttpclient.netty.handler.HttpHandler - 

Request DefaultFullHttpRequest(decodeResult: success, version: HTTP/1.1, content: EmptyByteBufBE)
GET /session/81c3039f167eb3d3c0c34d352336fa7c/screenshot HTTP/1.1
User-Agent: selenium/4.7.1 (java windows)
Cache-Control: no-cache
Content-Type: application/json; charset=utf-8
host: localhost:20596
accept: */*

Response DefaultHttpResponse(decodeResult: success, version: HTTP/1.1)
HTTP/1.1 200 OK
Content-Type: application/json; charset=utf-8
cache-control: no-cache
content-length: 61968

14:40:40.909 [AsyncHttpClient-1-5] DEBUG org.asynchttpclient.netty.channel.ChannelManager - Adding key: http://localhost:20596 for channel [id: 0x9e8dac74, L:/127.0.0.1:65205 - R:localhost/127.0.0.1:20596]
14:40:40.909 [main] DEBUG net.serenitybdd.core.photography.Darkroom - Send negative for processing for target\site\serenity\5f343597f6d835901ec0cb02d209b178c902e8eaac3f3431cbbb9833e2b17b3a.png
14:40:40.909 [main] DEBUG net.thucydides.core.steps.StepInterceptor - STEP DONE: klikpdam
  &amp#27;[32mAnd &amp#27;[0m&amp#27;[32mAdmin klik PDAM&amp#27;[0m                                                                &amp#27;[90m# starter.stepdefinitions.PDAMSteps.adminKlikPDAM()&amp#27;[0m
14:40:40.941 [main] DEBUG net.thucydides.core.steps.StepInterceptor - STARTING STEP: PDAMSteps.adminKlikButtonTambahPDAM - kliktambahpdam
14:40:40.949 [Forwarding findElement on session 81c3039f167eb3d3c0c34d352336fa7c to remote] DEBUG org.asynchttpclient.netty.request.NettyRequestSender - Using pooled Channel '[id: 0x9e8dac74, L:/127.0.0.1:65205 - R:localhost/127.0.0.1:20596]' for 'POST' to 'http://localhost:20596/session/81c3039f167eb3d3c0c34d352336fa7c/element'
14:40:40.957 [Forwarding findElement on session 81c3039f167eb3d3c0c34d352336fa7c to remote] DEBUG org.asynchttpclient.netty.request.NettyRequestSender - Using open Channel [id: 0x9e8dac74, L:/127.0.0.1:65205 - R:localhost/127.0.0.1:20596] for POST '/session/81c3039f167eb3d3c0c34d352336fa7c/element'
14:40:40.981 [AsyncHttpClient-1-5] DEBUG org.asynchttpclient.netty.handler.HttpHandler - 

Request DefaultHttpRequest(decodeResult: success, version: HTTP/1.1)
POST /session/81c3039f167eb3d3c0c34d352336fa7c/element HTTP/1.1
User-Agent: selenium/4.7.1 (java windows)
Content-Length: 83
Content-Type: application/json; charset=utf-8
host: localhost:20596
accept: */*

Response DefaultHttpResponse(decodeResult: success, version: HTTP/1.1)
HTTP/1.1 200 OK
Content-Type: application/json; charset=utf-8
cache-control: no-cache
content-length: 95

14:40:40.981 [AsyncHttpClient-1-5] DEBUG org.asynchttpclient.netty.channel.ChannelManager - Adding key: http://localhost:20596 for channel [id: 0x9e8dac74, L:/127.0.0.1:65205 - R:localhost/127.0.0.1:20596]
14:40:40.981 [Forwarding getElementTagName on session 81c3039f167eb3d3c0c34d352336fa7c to remote] DEBUG org.asynchttpclient.netty.request.NettyRequestSender - Using pooled Channel '[id: 0x9e8dac74, L:/127.0.0.1:65205 - R:localhost/127.0.0.1:20596]' for 'GET' to 'http://localhost:20596/session/81c3039f167eb3d3c0c34d352336fa7c/element/1F0A880FBB062E6DDAB1BFCDC47850EF_element_62/name'
14:40:40.981 [Forwarding getElementTagName on session 81c3039f167eb3d3c0c34d352336fa7c to remote] DEBUG org.asynchttpclient.netty.request.NettyRequestSender - Using open Channel [id: 0x9e8dac74, L:/127.0.0.1:65205 - R:localhost/127.0.0.1:20596] for GET '/session/81c3039f167eb3d3c0c34d352336fa7c/element/1F0A880FBB062E6DDAB1BFCDC47850EF_element_62/name'
14:40:40.998 [AsyncHttpClient-1-5] DEBUG org.asynchttpclient.netty.handler.HttpHandler - 

Request DefaultFullHttpRequest(decodeResult: success, version: HTTP/1.1, content: EmptyByteBufBE)
GET /session/81c3039f167eb3d3c0c34d352336fa7c/element/1F0A880FBB062E6DDAB1BFCDC47850EF_element_62/name HTTP/1.1
User-Agent: selenium/4.7.1 (java windows)
Cache-Control: no-cache
Content-Type: application/json; charset=utf-8
host: localhost:20596
accept: */*

Response DefaultHttpResponse(decodeResult: success, version: HTTP/1.1)
HTTP/1.1 200 OK
Content-Type: application/json; charset=utf-8
cache-control: no-cache
content-length: 18

14:40:40.998 [AsyncHttpClient-1-5] DEBUG org.asynchttpclient.netty.channel.ChannelManager - Adding key: http://localhost:20596 for channel [id: 0x9e8dac74, L:/127.0.0.1:65205 - R:localhost/127.0.0.1:20596]
14:40:40.998 [Forwarding getElementTagName on session 81c3039f167eb3d3c0c34d352336fa7c to remote] DEBUG org.asynchttpclient.netty.request.NettyRequestSender - Using pooled Channel '[id: 0x9e8dac74, L:/127.0.0.1:65205 - R:localhost/127.0.0.1:20596]' for 'GET' to 'http://localhost:20596/session/81c3039f167eb3d3c0c34d352336fa7c/element/1F0A880FBB062E6DDAB1BFCDC47850EF_element_62/name'
14:40:40.998 [Forwarding getElementTagName on session 81c3039f167eb3d3c0c34d352336fa7c to remote] DEBUG org.asynchttpclient.netty.request.NettyRequestSender - Using open Channel [id: 0x9e8dac74, L:/127.0.0.1:65205 - R:localhost/127.0.0.1:20596] for GET '/session/81c3039f167eb3d3c0c34d352336fa7c/element/1F0A880FBB062E6DDAB1BFCDC47850EF_element_62/name'
14:40:41.006 [AsyncHttpClient-1-5] DEBUG org.asynchttpclient.netty.handler.HttpHandler - 

Request DefaultFullHttpRequest(decodeResult: success, version: HTTP/1.1, content: EmptyByteBufBE)
GET /session/81c3039f167eb3d3c0c34d352336fa7c/element/1F0A880FBB062E6DDAB1BFCDC47850EF_element_62/name HTTP/1.1
User-Agent: selenium/4.7.1 (java windows)
Cache-Control: no-cache
Content-Type: application/json; charset=utf-8
host: localhost:20596
accept: */*

Response DefaultHttpResponse(decodeResult: success, version: HTTP/1.1)
HTTP/1.1 200 OK
Content-Type: application/json; charset=utf-8
cache-control: no-cache
content-length: 18

14:40:41.006 [AsyncHttpClient-1-5] DEBUG org.asynchttpclient.netty.channel.ChannelManager - Adding key: http://localhost:20596 for channel [id: 0x9e8dac74, L:/127.0.0.1:65205 - R:localhost/127.0.0.1:20596]
14:40:41.014 [Forwarding isElementEnabled on session 81c3039f167eb3d3c0c34d352336fa7c to remote] DEBUG org.asynchttpclient.netty.request.NettyRequestSender - Using pooled Channel '[id: 0x9e8dac74, L:/127.0.0.1:65205 - R:localhost/127.0.0.1:20596]' for 'GET' to 'http://localhost:20596/session/81c3039f167eb3d3c0c34d352336fa7c/element/1F0A880FBB062E6DDAB1BFCDC47850EF_element_62/enabled'
14:40:41.014 [Forwarding isElementEnabled on session 81c3039f167eb3d3c0c34d352336fa7c to remote] DEBUG org.asynchttpclient.netty.request.NettyRequestSender - Using open Channel [id: 0x9e8dac74, L:/127.0.0.1:65205 - R:localhost/127.0.0.1:20596] for GET '/session/81c3039f167eb3d3c0c34d352336fa7c/element/1F0A880FBB062E6DDAB1BFCDC47850EF_element_62/enabled'
14:40:41.022 [AsyncHttpClient-1-5] DEBUG org.asynchttpclient.netty.handler.HttpHandler - 

Request DefaultFullHttpRequest(decodeResult: success, version: HTTP/1.1, content: EmptyByteBufBE)
GET /session/81c3039f167eb3d3c0c34d352336fa7c/element/1F0A880FBB062E6DDAB1BFCDC47850EF_element_62/enabled HTTP/1.1
User-Agent: selenium/4.7.1 (java windows)
Cache-Control: no-cache
Content-Type: application/json; charset=utf-8
host: localhost:20596
accept: */*

Response DefaultHttpResponse(decodeResult: success, version: HTTP/1.1)
HTTP/1.1 200 OK
Content-Type: application/json; charset=utf-8
cache-control: no-cache
content-length: 14

14:40:41.030 [AsyncHttpClient-1-5] DEBUG org.asynchttpclient.netty.channel.ChannelManager - Adding key: http://localhost:20596 for channel [id: 0x9e8dac74, L:/127.0.0.1:65205 - R:localhost/127.0.0.1:20596]
14:40:41.030 [Forwarding isElementEnabled on session 81c3039f167eb3d3c0c34d352336fa7c to remote] DEBUG org.asynchttpclient.netty.request.NettyRequestSender - Using pooled Channel '[id: 0x9e8dac74, L:/127.0.0.1:65205 - R:localhost/127.0.0.1:20596]' for 'GET' to 'http://localhost:20596/session/81c3039f167eb3d3c0c34d352336fa7c/element/1F0A880FBB062E6DDAB1BFCDC47850EF_element_62/enabled'
14:40:41.030 [Forwarding isElementEnabled on session 81c3039f167eb3d3c0c34d352336fa7c to remote] DEBUG org.asynchttpclient.netty.request.NettyRequestSender - Using open Channel [id: 0x9e8dac74, L:/127.0.0.1:65205 - R:localhost/127.0.0.1:20596] for GET '/session/81c3039f167eb3d3c0c34d352336fa7c/element/1F0A880FBB062E6DDAB1BFCDC47850EF_element_62/enabled'
14:40:41.046 [AsyncHttpClient-1-5] DEBUG org.asynchttpclient.netty.handler.HttpHandler - 

Request DefaultFullHttpRequest(decodeResult: success, version: HTTP/1.1, content: EmptyByteBufBE)
GET /session/81c3039f167eb3d3c0c34d352336fa7c/element/1F0A880FBB062E6DDAB1BFCDC47850EF_element_62/enabled HTTP/1.1
User-Agent: selenium/4.7.1 (java windows)
Cache-Control: no-cache
Content-Type: application/json; charset=utf-8
host: localhost:20596
accept: */*

Response DefaultHttpResponse(decodeResult: success, version: HTTP/1.1)
HTTP/1.1 200 OK
Content-Type: application/json; charset=utf-8
cache-control: no-cache
content-length: 14

14:40:41.046 [AsyncHttpClient-1-5] DEBUG org.asynchttpclient.netty.channel.ChannelManager - Adding key: http://localhost:20596 for channel [id: 0x9e8dac74, L:/127.0.0.1:65205 - R:localhost/127.0.0.1:20596]
14:40:41.046 [Forwarding findElement on session 81c3039f167eb3d3c0c34d352336fa7c to remote] DEBUG org.asynchttpclient.netty.request.NettyRequestSender - Using pooled Channel '[id: 0x9e8dac74, L:/127.0.0.1:65205 - R:localhost/127.0.0.1:20596]' for 'POST' to 'http://localhost:20596/session/81c3039f167eb3d3c0c34d352336fa7c/element'
14:40:41.046 [Forwarding findElement on session 81c3039f167eb3d3c0c34d352336fa7c to remote] DEBUG org.asynchttpclient.netty.request.NettyRequestSender - Using open Channel [id: 0x9e8dac74, L:/127.0.0.1:65205 - R:localhost/127.0.0.1:20596] for POST '/session/81c3039f167eb3d3c0c34d352336fa7c/element'
14:40:41.070 [AsyncHttpClient-1-5] DEBUG org.asynchttpclient.netty.handler.HttpHandler - 

Request DefaultHttpRequest(decodeResult: success, version: HTTP/1.1)
POST /session/81c3039f167eb3d3c0c34d352336fa7c/element HTTP/1.1
User-Agent: selenium/4.7.1 (java windows)
Content-Length: 83
Content-Type: application/json; charset=utf-8
host: localhost:20596
accept: */*

Response DefaultHttpResponse(decodeResult: success, version: HTTP/1.1)
HTTP/1.1 200 OK
Content-Type: application/json; charset=utf-8
cache-control: no-cache
content-length: 95

14:40:41.070 [AsyncHttpClient-1-5] DEBUG org.asynchttpclient.netty.channel.ChannelManager - Adding key: http://localhost:20596 for channel [id: 0x9e8dac74, L:/127.0.0.1:65205 - R:localhost/127.0.0.1:20596]
14:40:41.070 [Forwarding clickElement on session 81c3039f167eb3d3c0c34d352336fa7c to remote] DEBUG org.asynchttpclient.netty.request.NettyRequestSender - Using pooled Channel '[id: 0x9e8dac74, L:/127.0.0.1:65205 - R:localhost/127.0.0.1:20596]' for 'POST' to 'http://localhost:20596/session/81c3039f167eb3d3c0c34d352336fa7c/element/1F0A880FBB062E6DDAB1BFCDC47850EF_element_62/click'
14:40:41.070 [Forwarding clickElement on session 81c3039f167eb3d3c0c34d352336fa7c to remote] DEBUG org.asynchttpclient.netty.request.NettyRequestSender - Using open Channel [id: 0x9e8dac74, L:/127.0.0.1:65205 - R:localhost/127.0.0.1:20596] for POST '/session/81c3039f167eb3d3c0c34d352336fa7c/element/1F0A880FBB062E6DDAB1BFCDC47850EF_element_62/click'
14:40:41.102 [AsyncHttpClient-1-1] DEBUG org.asynchttpclient.netty.channel.DefaultChannelPool - Entry count for : http://localhost:65206 : 1
14:40:41.166 [AsyncHttpClient-1-5] DEBUG org.asynchttpclient.netty.handler.HttpHandler - 

Request DefaultHttpRequest(decodeResult: success, version: HTTP/1.1)
POST /session/81c3039f167eb3d3c0c34d352336fa7c/element/1F0A880FBB062E6DDAB1BFCDC47850EF_element_62/click HTTP/1.1
User-Agent: selenium/4.7.1 (java windows)
Content-Length: 57
Content-Type: application/json; charset=utf-8
host: localhost:20596
accept: */*

Response DefaultHttpResponse(decodeResult: success, version: HTTP/1.1)
HTTP/1.1 200 OK
Content-Type: application/json; charset=utf-8
cache-control: no-cache
content-length: 14

14:40:41.166 [AsyncHttpClient-1-5] DEBUG org.asynchttpclient.netty.channel.ChannelManager - Adding key: http://localhost:20596 for channel [id: 0x9e8dac74, L:/127.0.0.1:65205 - R:localhost/127.0.0.1:20596]
14:40:41.182 [Forwarding getCurrentWindowHandle on session 81c3039f167eb3d3c0c34d352336fa7c to remote] DEBUG org.asynchttpclient.netty.request.NettyRequestSender - Using pooled Channel '[id: 0x9e8dac74, L:/127.0.0.1:65205 - R:localhost/127.0.0.1:20596]' for 'GET' to 'http://localhost:20596/session/81c3039f167eb3d3c0c34d352336fa7c/window'
14:40:41.182 [Forwarding getCurrentWindowHandle on session 81c3039f167eb3d3c0c34d352336fa7c to remote] DEBUG org.asynchttpclient.netty.request.NettyRequestSender - Using open Channel [id: 0x9e8dac74, L:/127.0.0.1:65205 - R:localhost/127.0.0.1:20596] for GET '/session/81c3039f167eb3d3c0c34d352336fa7c/window'
14:40:41.189 [AsyncHttpClient-1-5] DEBUG org.asynchttpclient.netty.handler.HttpHandler - 

Request DefaultFullHttpRequest(decodeResult: success, version: HTTP/1.1, content: EmptyByteBufBE)
GET /session/81c3039f167eb3d3c0c34d352336fa7c/window HTTP/1.1
User-Agent: selenium/4.7.1 (java windows)
Cache-Control: no-cache
Content-Type: application/json; charset=utf-8
host: localhost:20596
accept: */*

Response DefaultHttpResponse(decodeResult: success, version: HTTP/1.1)
HTTP/1.1 200 OK
Content-Type: application/json; charset=utf-8
cache-control: no-cache
content-length: 44

14:40:41.189 [AsyncHttpClient-1-5] DEBUG org.asynchttpclient.netty.channel.ChannelManager - Adding key: http://localhost:20596 for channel [id: 0x9e8dac74, L:/127.0.0.1:65205 - R:localhost/127.0.0.1:20596]
14:40:41.190 [Forwarding getAlertText on session 81c3039f167eb3d3c0c34d352336fa7c to remote] DEBUG org.asynchttpclient.netty.request.NettyRequestSender - Using pooled Channel '[id: 0x9e8dac74, L:/127.0.0.1:65205 - R:localhost/127.0.0.1:20596]' for 'GET' to 'http://localhost:20596/session/81c3039f167eb3d3c0c34d352336fa7c/alert/text'
14:40:41.190 [Forwarding getAlertText on session 81c3039f167eb3d3c0c34d352336fa7c to remote] DEBUG org.asynchttpclient.netty.request.NettyRequestSender - Using open Channel [id: 0x9e8dac74, L:/127.0.0.1:65205 - R:localhost/127.0.0.1:20596] for GET '/session/81c3039f167eb3d3c0c34d352336fa7c/alert/text'
14:40:41.190 [AsyncHttpClient-1-5] DEBUG org.asynchttpclient.netty.handler.HttpHandler - 

Request DefaultFullHttpRequest(decodeResult: success, version: HTTP/1.1, content: EmptyByteBufBE)
GET /session/81c3039f167eb3d3c0c34d352336fa7c/alert/text HTTP/1.1
User-Agent: selenium/4.7.1 (java windows)
Cache-Control: no-cache
Content-Type: application/json; charset=utf-8
host: localhost:20596
accept: */*

Response DefaultHttpResponse(decodeResult: success, version: HTTP/1.1)
HTTP/1.1 404 Not Found
Content-Type: application/json; charset=utf-8
cache-control: no-cache
content-length: 821

14:40:41.190 [AsyncHttpClient-1-5] DEBUG org.asynchttpclient.netty.channel.ChannelManager - Adding key: http://localhost:20596 for channel [id: 0x9e8dac74, L:/127.0.0.1:65205 - R:localhost/127.0.0.1:20596]
14:40:41.198 [Forwarding switchToWindow on session 81c3039f167eb3d3c0c34d352336fa7c to remote] DEBUG org.asynchttpclient.netty.request.NettyRequestSender - Using pooled Channel '[id: 0x9e8dac74, L:/127.0.0.1:65205 - R:localhost/127.0.0.1:20596]' for 'POST' to 'http://localhost:20596/session/81c3039f167eb3d3c0c34d352336fa7c/window'
14:40:41.198 [Forwarding switchToWindow on session 81c3039f167eb3d3c0c34d352336fa7c to remote] DEBUG org.asynchttpclient.netty.request.NettyRequestSender - Using open Channel [id: 0x9e8dac74, L:/127.0.0.1:65205 - R:localhost/127.0.0.1:20596] for POST '/session/81c3039f167eb3d3c0c34d352336fa7c/window'
14:40:41.198 [AsyncHttpClient-1-5] DEBUG org.asynchttpclient.netty.handler.HttpHandler - 

Request DefaultHttpRequest(decodeResult: success, version: HTTP/1.1)
POST /session/81c3039f167eb3d3c0c34d352336fa7c/window HTTP/1.1
User-Agent: selenium/4.7.1 (java windows)
Content-Length: 50
Content-Type: application/json; charset=utf-8
host: localhost:20596
accept: */*

Response DefaultHttpResponse(decodeResult: success, version: HTTP/1.1)
HTTP/1.1 200 OK
Content-Type: application/json; charset=utf-8
cache-control: no-cache
content-length: 14

14:40:41.198 [AsyncHttpClient-1-5] DEBUG org.asynchttpclient.netty.channel.ChannelManager - Adding key: http://localhost:20596 for channel [id: 0x9e8dac74, L:/127.0.0.1:65205 - R:localhost/127.0.0.1:20596]
14:40:41.198 [Forwarding getCurrentUrl on session 81c3039f167eb3d3c0c34d352336fa7c to remote] DEBUG org.asynchttpclient.netty.request.NettyRequestSender - Using pooled Channel '[id: 0x9e8dac74, L:/127.0.0.1:65205 - R:localhost/127.0.0.1:20596]' for 'GET' to 'http://localhost:20596/session/81c3039f167eb3d3c0c34d352336fa7c/url'
14:40:41.198 [Forwarding getCurrentUrl on session 81c3039f167eb3d3c0c34d352336fa7c to remote] DEBUG org.asynchttpclient.netty.request.NettyRequestSender - Using open Channel [id: 0x9e8dac74, L:/127.0.0.1:65205 - R:localhost/127.0.0.1:20596] for GET '/session/81c3039f167eb3d3c0c34d352336fa7c/url'
14:40:41.213 [AsyncHttpClient-1-5] DEBUG org.asynchttpclient.netty.handler.HttpHandler - 

Request DefaultFullHttpRequest(decodeResult: success, version: HTTP/1.1, content: EmptyByteBufBE)
GET /session/81c3039f167eb3d3c0c34d352336fa7c/url HTTP/1.1
User-Agent: selenium/4.7.1 (java windows)
Cache-Control: no-cache
Content-Type: application/json; charset=utf-8
host: localhost:20596
accept: */*

Response DefaultHttpResponse(decodeResult: success, version: HTTP/1.1)
HTTP/1.1 200 OK
Content-Type: application/json; charset=utf-8
cache-control: no-cache
content-length: 65

14:40:41.214 [AsyncHttpClient-1-5] DEBUG org.asynchttpclient.netty.channel.ChannelManager - Adding key: http://localhost:20596 for channel [id: 0x9e8dac74, L:/127.0.0.1:65205 - R:localhost/127.0.0.1:20596]
14:40:41.215 [Forwarding screenshot on session 81c3039f167eb3d3c0c34d352336fa7c to remote] DEBUG org.asynchttpclient.netty.request.NettyRequestSender - Using pooled Channel '[id: 0x9e8dac74, L:/127.0.0.1:65205 - R:localhost/127.0.0.1:20596]' for 'GET' to 'http://localhost:20596/session/81c3039f167eb3d3c0c34d352336fa7c/screenshot'
14:40:41.215 [Forwarding screenshot on session 81c3039f167eb3d3c0c34d352336fa7c to remote] DEBUG org.asynchttpclient.netty.request.NettyRequestSender - Using open Channel [id: 0x9e8dac74, L:/127.0.0.1:65205 - R:localhost/127.0.0.1:20596] for GET '/session/81c3039f167eb3d3c0c34d352336fa7c/screenshot'
14:40:41.337 [AsyncHttpClient-1-5] DEBUG org.asynchttpclient.netty.handler.HttpHandler - 

Request DefaultFullHttpRequest(decodeResult: success, version: HTTP/1.1, content: EmptyByteBufBE)
GET /session/81c3039f167eb3d3c0c34d352336fa7c/screenshot HTTP/1.1
User-Agent: selenium/4.7.1 (java windows)
Cache-Control: no-cache
Content-Type: application/json; charset=utf-8
host: localhost:20596
accept: */*

Response DefaultHttpResponse(decodeResult: success, version: HTTP/1.1)
HTTP/1.1 200 OK
Content-Type: application/json; charset=utf-8
cache-control: no-cache
content-length: 33128

14:40:41.337 [AsyncHttpClient-1-5] DEBUG org.asynchttpclient.netty.channel.ChannelManager - Adding key: http://localhost:20596 for channel [id: 0x9e8dac74, L:/127.0.0.1:65205 - R:localhost/127.0.0.1:20596]
14:40:41.345 [main] DEBUG net.serenitybdd.core.photography.Darkroom - Send negative for processing for target\site\serenity\5d84e76220564965f9f7674c2a5d292551b76a396e1f42d03582f965514a7123.png
14:40:41.345 [main] DEBUG net.thucydides.core.steps.StepInterceptor - STEP DONE: kliktambahpdam
  &amp#27;[32mThen &amp#27;[0m&amp#27;[32mAdmin klik button + tambah PDAM&amp#27;[0m                                               &amp#27;[90m# starter.stepdefinitions.PDAMSteps.adminKlikButtonTambahPDAM()&amp#27;[0m
14:40:41.361 [main] DEBUG net.thucydides.core.steps.StepInterceptor - STARTING STEP: PDAMSteps.adminTidakInputKodePDAM - inputfieldkodepdam
14:40:41.369 [Forwarding findElement on session 81c3039f167eb3d3c0c34d352336fa7c to remote] DEBUG org.asynchttpclient.netty.request.NettyRequestSender - Using pooled Channel '[id: 0x9e8dac74, L:/127.0.0.1:65205 - R:localhost/127.0.0.1:20596]' for 'POST' to 'http://localhost:20596/session/81c3039f167eb3d3c0c34d352336fa7c/element'
14:40:41.369 [Forwarding findElement on session 81c3039f167eb3d3c0c34d352336fa7c to remote] DEBUG org.asynchttpclient.netty.request.NettyRequestSender - Using open Channel [id: 0x9e8dac74, L:/127.0.0.1:65205 - R:localhost/127.0.0.1:20596] for POST '/session/81c3039f167eb3d3c0c34d352336fa7c/element'
14:40:41.393 [AsyncHttpClient-1-5] DEBUG org.asynchttpclient.netty.handler.HttpHandler - 

Request DefaultHttpRequest(decodeResult: success, version: HTTP/1.1)
POST /session/81c3039f167eb3d3c0c34d352336fa7c/element HTTP/1.1
User-Agent: selenium/4.7.1 (java windows)
Content-Length: 76
Content-Type: application/json; charset=utf-8
host: localhost:20596
accept: */*

Response DefaultHttpResponse(decodeResult: success, version: HTTP/1.1)
HTTP/1.1 200 OK
Content-Type: application/json; charset=utf-8
cache-control: no-cache
content-length: 95

14:40:41.393 [AsyncHttpClient-1-5] DEBUG org.asynchttpclient.netty.channel.ChannelManager - Adding key: http://localhost:20596 for channel [id: 0x9e8dac74, L:/127.0.0.1:65205 - R:localhost/127.0.0.1:20596]
14:40:41.401 [Forwarding getElementTagName on session 81c3039f167eb3d3c0c34d352336fa7c to remote] DEBUG org.asynchttpclient.netty.request.NettyRequestSender - Using pooled Channel '[id: 0x9e8dac74, L:/127.0.0.1:65205 - R:localhost/127.0.0.1:20596]' for 'GET' to 'http://localhost:20596/session/81c3039f167eb3d3c0c34d352336fa7c/element/1F0A880FBB062E6DDAB1BFCDC47850EF_element_65/name'
14:40:41.401 [Forwarding getElementTagName on session 81c3039f167eb3d3c0c34d352336fa7c to remote] DEBUG org.asynchttpclient.netty.request.NettyRequestSender - Using open Channel [id: 0x9e8dac74, L:/127.0.0.1:65205 - R:localhost/127.0.0.1:20596] for GET '/session/81c3039f167eb3d3c0c34d352336fa7c/element/1F0A880FBB062E6DDAB1BFCDC47850EF_element_65/name'
14:40:41.409 [AsyncHttpClient-1-5] DEBUG org.asynchttpclient.netty.handler.HttpHandler - 

Request DefaultFullHttpRequest(decodeResult: success, version: HTTP/1.1, content: EmptyByteBufBE)
GET /session/81c3039f167eb3d3c0c34d352336fa7c/element/1F0A880FBB062E6DDAB1BFCDC47850EF_element_65/name HTTP/1.1
User-Agent: selenium/4.7.1 (java windows)
Cache-Control: no-cache
Content-Type: application/json; charset=utf-8
host: localhost:20596
accept: */*

Response DefaultHttpResponse(decodeResult: success, version: HTTP/1.1)
HTTP/1.1 200 OK
Content-Type: application/json; charset=utf-8
cache-control: no-cache
content-length: 17

14:40:41.409 [AsyncHttpClient-1-5] DEBUG org.asynchttpclient.netty.channel.ChannelManager - Adding key: http://localhost:20596 for channel [id: 0x9e8dac74, L:/127.0.0.1:65205 - R:localhost/127.0.0.1:20596]
14:40:41.409 [Forwarding getElementTagName on session 81c3039f167eb3d3c0c34d352336fa7c to remote] DEBUG org.asynchttpclient.netty.request.NettyRequestSender - Using pooled Channel '[id: 0x9e8dac74, L:/127.0.0.1:65205 - R:localhost/127.0.0.1:20596]' for 'GET' to 'http://localhost:20596/session/81c3039f167eb3d3c0c34d352336fa7c/element/1F0A880FBB062E6DDAB1BFCDC47850EF_element_65/name'
14:40:41.409 [Forwarding getElementTagName on session 81c3039f167eb3d3c0c34d352336fa7c to remote] DEBUG org.asynchttpclient.netty.request.NettyRequestSender - Using open Channel [id: 0x9e8dac74, L:/127.0.0.1:65205 - R:localhost/127.0.0.1:20596] for GET '/session/81c3039f167eb3d3c0c34d352336fa7c/element/1F0A880FBB062E6DDAB1BFCDC47850EF_element_65/name'
14:40:41.417 [AsyncHttpClient-1-5] DEBUG org.asynchttpclient.netty.handler.HttpHandler - 

Request DefaultFullHttpRequest(decodeResult: success, version: HTTP/1.1, content: EmptyByteBufBE)
GET /session/81c3039f167eb3d3c0c34d352336fa7c/element/1F0A880FBB062E6DDAB1BFCDC47850EF_element_65/name HTTP/1.1
User-Agent: selenium/4.7.1 (java windows)
Cache-Control: no-cache
Content-Type: application/json; charset=utf-8
host: localhost:20596
accept: */*

Response DefaultHttpResponse(decodeResult: success, version: HTTP/1.1)
HTTP/1.1 200 OK
Content-Type: application/json; charset=utf-8
cache-control: no-cache
content-length: 17

14:40:41.417 [AsyncHttpClient-1-5] DEBUG org.asynchttpclient.netty.channel.ChannelManager - Adding key: http://localhost:20596 for channel [id: 0x9e8dac74, L:/127.0.0.1:65205 - R:localhost/127.0.0.1:20596]
14:40:41.417 [Forwarding isElementEnabled on session 81c3039f167eb3d3c0c34d352336fa7c to remote] DEBUG org.asynchttpclient.netty.request.NettyRequestSender - Using pooled Channel '[id: 0x9e8dac74, L:/127.0.0.1:65205 - R:localhost/127.0.0.1:20596]' for 'GET' to 'http://localhost:20596/session/81c3039f167eb3d3c0c34d352336fa7c/element/1F0A880FBB062E6DDAB1BFCDC47850EF_element_65/enabled'
14:40:41.417 [Forwarding isElementEnabled on session 81c3039f167eb3d3c0c34d352336fa7c to remote] DEBUG org.asynchttpclient.netty.request.NettyRequestSender - Using open Channel [id: 0x9e8dac74, L:/127.0.0.1:65205 - R:localhost/127.0.0.1:20596] for GET '/session/81c3039f167eb3d3c0c34d352336fa7c/element/1F0A880FBB062E6DDAB1BFCDC47850EF_element_65/enabled'
14:40:41.433 [AsyncHttpClient-1-5] DEBUG org.asynchttpclient.netty.handler.HttpHandler - 

Request DefaultFullHttpRequest(decodeResult: success, version: HTTP/1.1, content: EmptyByteBufBE)
GET /session/81c3039f167eb3d3c0c34d352336fa7c/element/1F0A880FBB062E6DDAB1BFCDC47850EF_element_65/enabled HTTP/1.1
User-Agent: selenium/4.7.1 (java windows)
Cache-Control: no-cache
Content-Type: application/json; charset=utf-8
host: localhost:20596
accept: */*

Response DefaultHttpResponse(decodeResult: success, version: HTTP/1.1)
HTTP/1.1 200 OK
Content-Type: application/json; charset=utf-8
cache-control: no-cache
content-length: 14

14:40:41.433 [AsyncHttpClient-1-5] DEBUG org.asynchttpclient.netty.channel.ChannelManager - Adding key: http://localhost:20596 for channel [id: 0x9e8dac74, L:/127.0.0.1:65205 - R:localhost/127.0.0.1:20596]
14:40:41.433 [Forwarding isElementEnabled on session 81c3039f167eb3d3c0c34d352336fa7c to remote] DEBUG org.asynchttpclient.netty.request.NettyRequestSender - Using pooled Channel '[id: 0x9e8dac74, L:/127.0.0.1:65205 - R:localhost/127.0.0.1:20596]' for 'GET' to 'http://localhost:20596/session/81c3039f167eb3d3c0c34d352336fa7c/element/1F0A880FBB062E6DDAB1BFCDC47850EF_element_65/enabled'
14:40:41.433 [Forwarding isElementEnabled on session 81c3039f167eb3d3c0c34d352336fa7c to remote] DEBUG org.asynchttpclient.netty.request.NettyRequestSender - Using open Channel [id: 0x9e8dac74, L:/127.0.0.1:65205 - R:localhost/127.0.0.1:20596] for GET '/session/81c3039f167eb3d3c0c34d352336fa7c/element/1F0A880FBB062E6DDAB1BFCDC47850EF_element_65/enabled'
14:40:41.450 [AsyncHttpClient-1-5] DEBUG org.asynchttpclient.netty.handler.HttpHandler - 

Request DefaultFullHttpRequest(decodeResult: success, version: HTTP/1.1, content: EmptyByteBufBE)
GET /session/81c3039f167eb3d3c0c34d352336fa7c/element/1F0A880FBB062E6DDAB1BFCDC47850EF_element_65/enabled HTTP/1.1
User-Agent: selenium/4.7.1 (java windows)
Cache-Control: no-cache
Content-Type: application/json; charset=utf-8
host: localhost:20596
accept: */*

Response DefaultHttpResponse(decodeResult: success, version: HTTP/1.1)
HTTP/1.1 200 OK
Content-Type: application/json; charset=utf-8
cache-control: no-cache
content-length: 14

14:40:41.450 [AsyncHttpClient-1-5] DEBUG org.asynchttpclient.netty.channel.ChannelManager - Adding key: http://localhost:20596 for channel [id: 0x9e8dac74, L:/127.0.0.1:65205 - R:localhost/127.0.0.1:20596]
14:40:41.450 [Forwarding findElement on session 81c3039f167eb3d3c0c34d352336fa7c to remote] DEBUG org.asynchttpclient.netty.request.NettyRequestSender - Using pooled Channel '[id: 0x9e8dac74, L:/127.0.0.1:65205 - R:localhost/127.0.0.1:20596]' for 'POST' to 'http://localhost:20596/session/81c3039f167eb3d3c0c34d352336fa7c/element'
14:40:41.450 [Forwarding findElement on session 81c3039f167eb3d3c0c34d352336fa7c to remote] DEBUG org.asynchttpclient.netty.request.NettyRequestSender - Using open Channel [id: 0x9e8dac74, L:/127.0.0.1:65205 - R:localhost/127.0.0.1:20596] for POST '/session/81c3039f167eb3d3c0c34d352336fa7c/element'
14:40:41.474 [AsyncHttpClient-1-5] DEBUG org.asynchttpclient.netty.handler.HttpHandler - 

Request DefaultHttpRequest(decodeResult: success, version: HTTP/1.1)
POST /session/81c3039f167eb3d3c0c34d352336fa7c/element HTTP/1.1
User-Agent: selenium/4.7.1 (java windows)
Content-Length: 76
Content-Type: application/json; charset=utf-8
host: localhost:20596
accept: */*

Response DefaultHttpResponse(decodeResult: success, version: HTTP/1.1)
HTTP/1.1 200 OK
Content-Type: application/json; charset=utf-8
cache-control: no-cache
content-length: 95

14:40:41.474 [AsyncHttpClient-1-5] DEBUG org.asynchttpclient.netty.channel.ChannelManager - Adding key: http://localhost:20596 for channel [id: 0x9e8dac74, L:/127.0.0.1:65205 - R:localhost/127.0.0.1:20596]
14:40:41.474 [Forwarding clickElement on session 81c3039f167eb3d3c0c34d352336fa7c to remote] DEBUG org.asynchttpclient.netty.request.NettyRequestSender - Using pooled Channel '[id: 0x9e8dac74, L:/127.0.0.1:65205 - R:localhost/127.0.0.1:20596]' for 'POST' to 'http://localhost:20596/session/81c3039f167eb3d3c0c34d352336fa7c/element/1F0A880FBB062E6DDAB1BFCDC47850EF_element_65/click'
14:40:41.474 [Forwarding clickElement on session 81c3039f167eb3d3c0c34d352336fa7c to remote] DEBUG org.asynchttpclient.netty.request.NettyRequestSender - Using open Channel [id: 0x9e8dac74, L:/127.0.0.1:65205 - R:localhost/127.0.0.1:20596] for POST '/session/81c3039f167eb3d3c0c34d352336fa7c/element/1F0A880FBB062E6DDAB1BFCDC47850EF_element_65/click'
14:40:41.563 [AsyncHttpClient-1-5] DEBUG org.asynchttpclient.netty.handler.HttpHandler - 

Request DefaultHttpRequest(decodeResult: success, version: HTTP/1.1)
POST /session/81c3039f167eb3d3c0c34d352336fa7c/element/1F0A880FBB062E6DDAB1BFCDC47850EF_element_65/click HTTP/1.1
User-Agent: selenium/4.7.1 (java windows)
Content-Length: 57
Content-Type: application/json; charset=utf-8
host: localhost:20596
accept: */*

Response DefaultHttpResponse(decodeResult: success, version: HTTP/1.1)
HTTP/1.1 200 OK
Content-Type: application/json; charset=utf-8
cache-control: no-cache
content-length: 14

14:40:41.563 [AsyncHttpClient-1-5] DEBUG org.asynchttpclient.netty.channel.ChannelManager - Adding key: http://localhost:20596 for channel [id: 0x9e8dac74, L:/127.0.0.1:65205 - R:localhost/127.0.0.1:20596]
14:40:41.571 [Forwarding findElement on session 81c3039f167eb3d3c0c34d352336fa7c to remote] DEBUG org.asynchttpclient.netty.request.NettyRequestSender - Using pooled Channel '[id: 0x9e8dac74, L:/127.0.0.1:65205 - R:localhost/127.0.0.1:20596]' for 'POST' to 'http://localhost:20596/session/81c3039f167eb3d3c0c34d352336fa7c/element'
14:40:41.571 [Forwarding findElement on session 81c3039f167eb3d3c0c34d352336fa7c to remote] DEBUG org.asynchttpclient.netty.request.NettyRequestSender - Using open Channel [id: 0x9e8dac74, L:/127.0.0.1:65205 - R:localhost/127.0.0.1:20596] for POST '/session/81c3039f167eb3d3c0c34d352336fa7c/element'
14:40:41.590 [AsyncHttpClient-1-5] DEBUG org.asynchttpclient.netty.handler.HttpHandler - 

Request DefaultHttpRequest(decodeResult: success, version: HTTP/1.1)
POST /session/81c3039f167eb3d3c0c34d352336fa7c/element HTTP/1.1
User-Agent: selenium/4.7.1 (java windows)
Content-Length: 76
Content-Type: application/json; charset=utf-8
host: localhost:20596
accept: */*

Response DefaultHttpResponse(decodeResult: success, version: HTTP/1.1)
HTTP/1.1 200 OK
Content-Type: application/json; charset=utf-8
cache-control: no-cache
content-length: 95

14:40:41.590 [AsyncHttpClient-1-5] DEBUG org.asynchttpclient.netty.channel.ChannelManager - Adding key: http://localhost:20596 for channel [id: 0x9e8dac74, L:/127.0.0.1:65205 - R:localhost/127.0.0.1:20596]
14:40:41.595 [Forwarding clearElement on session 81c3039f167eb3d3c0c34d352336fa7c to remote] DEBUG org.asynchttpclient.netty.request.NettyRequestSender - Using pooled Channel '[id: 0x9e8dac74, L:/127.0.0.1:65205 - R:localhost/127.0.0.1:20596]' for 'POST' to 'http://localhost:20596/session/81c3039f167eb3d3c0c34d352336fa7c/element/1F0A880FBB062E6DDAB1BFCDC47850EF_element_65/clear'
14:40:41.595 [Forwarding clearElement on session 81c3039f167eb3d3c0c34d352336fa7c to remote] DEBUG org.asynchttpclient.netty.request.NettyRequestSender - Using open Channel [id: 0x9e8dac74, L:/127.0.0.1:65205 - R:localhost/127.0.0.1:20596] for POST '/session/81c3039f167eb3d3c0c34d352336fa7c/element/1F0A880FBB062E6DDAB1BFCDC47850EF_element_65/clear'
14:40:41.659 [AsyncHttpClient-1-5] DEBUG org.asynchttpclient.netty.handler.HttpHandler - 

Request DefaultHttpRequest(decodeResult: success, version: HTTP/1.1)
POST /session/81c3039f167eb3d3c0c34d352336fa7c/element/1F0A880FBB062E6DDAB1BFCDC47850EF_element_65/clear HTTP/1.1
User-Agent: selenium/4.7.1 (java windows)
Content-Length: 57
Content-Type: application/json; charset=utf-8
host: localhost:20596
accept: */*

Response DefaultHttpResponse(decodeResult: success, version: HTTP/1.1)
HTTP/1.1 200 OK
Content-Type: application/json; charset=utf-8
cache-control: no-cache
content-length: 14

14:40:41.659 [AsyncHttpClient-1-5] DEBUG org.asynchttpclient.netty.channel.ChannelManager - Adding key: http://localhost:20596 for channel [id: 0x9e8dac74, L:/127.0.0.1:65205 - R:localhost/127.0.0.1:20596]
14:40:41.659 [Forwarding sendKeysToElement on session 81c3039f167eb3d3c0c34d352336fa7c to remote] DEBUG org.asynchttpclient.netty.request.NettyRequestSender - Using pooled Channel '[id: 0x9e8dac74, L:/127.0.0.1:65205 - R:localhost/127.0.0.1:20596]' for 'POST' to 'http://localhost:20596/session/81c3039f167eb3d3c0c34d352336fa7c/element/1F0A880FBB062E6DDAB1BFCDC47850EF_element_65/value'
14:40:41.659 [Forwarding sendKeysToElement on session 81c3039f167eb3d3c0c34d352336fa7c to remote] DEBUG org.asynchttpclient.netty.request.NettyRequestSender - Using open Channel [id: 0x9e8dac74, L:/127.0.0.1:65205 - R:localhost/127.0.0.1:20596] for POST '/session/81c3039f167eb3d3c0c34d352336fa7c/element/1F0A880FBB062E6DDAB1BFCDC47850EF_element_65/value'
14:40:41.707 [AsyncHttpClient-1-5] DEBUG org.asynchttpclient.netty.handler.HttpHandler - 

Request DefaultHttpRequest(decodeResult: success, version: HTTP/1.1)
POST /session/81c3039f167eb3d3c0c34d352336fa7c/element/1F0A880FBB062E6DDAB1BFCDC47850EF_element_65/value HTTP/1.1
User-Agent: selenium/4.7.1 (java windows)
Content-Length: 89
Content-Type: application/json; charset=utf-8
host: localhost:20596
accept: */*

Response DefaultHttpResponse(decodeResult: success, version: HTTP/1.1)
HTTP/1.1 200 OK
Content-Type: application/json; charset=utf-8
cache-control: no-cache
content-length: 14

14:40:41.707 [AsyncHttpClient-1-5] DEBUG org.asynchttpclient.netty.channel.ChannelManager - Adding key: http://localhost:20596 for channel [id: 0x9e8dac74, L:/127.0.0.1:65205 - R:localhost/127.0.0.1:20596]
14:40:41.715 [Forwarding getCurrentWindowHandle on session 81c3039f167eb3d3c0c34d352336fa7c to remote] DEBUG org.asynchttpclient.netty.request.NettyRequestSender - Using pooled Channel '[id: 0x9e8dac74, L:/127.0.0.1:65205 - R:localhost/127.0.0.1:20596]' for 'GET' to 'http://localhost:20596/session/81c3039f167eb3d3c0c34d352336fa7c/window'
14:40:41.715 [Forwarding getCurrentWindowHandle on session 81c3039f167eb3d3c0c34d352336fa7c to remote] DEBUG org.asynchttpclient.netty.request.NettyRequestSender - Using open Channel [id: 0x9e8dac74, L:/127.0.0.1:65205 - R:localhost/127.0.0.1:20596] for GET '/session/81c3039f167eb3d3c0c34d352336fa7c/window'
14:40:41.723 [AsyncHttpClient-1-5] DEBUG org.asynchttpclient.netty.handler.HttpHandler - 

Request DefaultFullHttpRequest(decodeResult: success, version: HTTP/1.1, content: EmptyByteBufBE)
GET /session/81c3039f167eb3d3c0c34d352336fa7c/window HTTP/1.1
User-Agent: selenium/4.7.1 (java windows)
Cache-Control: no-cache
Content-Type: application/json; charset=utf-8
host: localhost:20596
accept: */*

Response DefaultHttpResponse(decodeResult: success, version: HTTP/1.1)
HTTP/1.1 200 OK
Content-Type: application/json; charset=utf-8
cache-control: no-cache
content-length: 44

14:40:41.723 [AsyncHttpClient-1-5] DEBUG org.asynchttpclient.netty.channel.ChannelManager - Adding key: http://localhost:20596 for channel [id: 0x9e8dac74, L:/127.0.0.1:65205 - R:localhost/127.0.0.1:20596]
14:40:41.723 [Forwarding getAlertText on session 81c3039f167eb3d3c0c34d352336fa7c to remote] DEBUG org.asynchttpclient.netty.request.NettyRequestSender - Using pooled Channel '[id: 0x9e8dac74, L:/127.0.0.1:65205 - R:localhost/127.0.0.1:20596]' for 'GET' to 'http://localhost:20596/session/81c3039f167eb3d3c0c34d352336fa7c/alert/text'
14:40:41.723 [Forwarding getAlertText on session 81c3039f167eb3d3c0c34d352336fa7c to remote] DEBUG org.asynchttpclient.netty.request.NettyRequestSender - Using open Channel [id: 0x9e8dac74, L:/127.0.0.1:65205 - R:localhost/127.0.0.1:20596] for GET '/session/81c3039f167eb3d3c0c34d352336fa7c/alert/text'
14:40:41.723 [AsyncHttpClient-1-5] DEBUG org.asynchttpclient.netty.handler.HttpHandler - 

Request DefaultFullHttpRequest(decodeResult: success, version: HTTP/1.1, content: EmptyByteBufBE)
GET /session/81c3039f167eb3d3c0c34d352336fa7c/alert/text HTTP/1.1
User-Agent: selenium/4.7.1 (java windows)
Cache-Control: no-cache
Content-Type: application/json; charset=utf-8
host: localhost:20596
accept: */*

Response DefaultHttpResponse(decodeResult: success, version: HTTP/1.1)
HTTP/1.1 404 Not Found
Content-Type: application/json; charset=utf-8
cache-control: no-cache
content-length: 821

14:40:41.723 [AsyncHttpClient-1-5] DEBUG org.asynchttpclient.netty.channel.ChannelManager - Adding key: http://localhost:20596 for channel [id: 0x9e8dac74, L:/127.0.0.1:65205 - R:localhost/127.0.0.1:20596]
14:40:41.731 [Forwarding switchToWindow on session 81c3039f167eb3d3c0c34d352336fa7c to remote] DEBUG org.asynchttpclient.netty.request.NettyRequestSender - Using pooled Channel '[id: 0x9e8dac74, L:/127.0.0.1:65205 - R:localhost/127.0.0.1:20596]' for 'POST' to 'http://localhost:20596/session/81c3039f167eb3d3c0c34d352336fa7c/window'
14:40:41.731 [Forwarding switchToWindow on session 81c3039f167eb3d3c0c34d352336fa7c to remote] DEBUG org.asynchttpclient.netty.request.NettyRequestSender - Using open Channel [id: 0x9e8dac74, L:/127.0.0.1:65205 - R:localhost/127.0.0.1:20596] for POST '/session/81c3039f167eb3d3c0c34d352336fa7c/window'
14:40:41.731 [AsyncHttpClient-1-5] DEBUG org.asynchttpclient.netty.handler.HttpHandler - 

Request DefaultHttpRequest(decodeResult: success, version: HTTP/1.1)
POST /session/81c3039f167eb3d3c0c34d352336fa7c/window HTTP/1.1
User-Agent: selenium/4.7.1 (java windows)
Content-Length: 50
Content-Type: application/json; charset=utf-8
host: localhost:20596
accept: */*

Response DefaultHttpResponse(decodeResult: success, version: HTTP/1.1)
HTTP/1.1 200 OK
Content-Type: application/json; charset=utf-8
cache-control: no-cache
content-length: 14

14:40:41.731 [AsyncHttpClient-1-5] DEBUG org.asynchttpclient.netty.channel.ChannelManager - Adding key: http://localhost:20596 for channel [id: 0x9e8dac74, L:/127.0.0.1:65205 - R:localhost/127.0.0.1:20596]
14:40:41.731 [Forwarding getCurrentUrl on session 81c3039f167eb3d3c0c34d352336fa7c to remote] DEBUG org.asynchttpclient.netty.request.NettyRequestSender - Using pooled Channel '[id: 0x9e8dac74, L:/127.0.0.1:65205 - R:localhost/127.0.0.1:20596]' for 'GET' to 'http://localhost:20596/session/81c3039f167eb3d3c0c34d352336fa7c/url'
14:40:41.731 [Forwarding getCurrentUrl on session 81c3039f167eb3d3c0c34d352336fa7c to remote] DEBUG org.asynchttpclient.netty.request.NettyRequestSender - Using open Channel [id: 0x9e8dac74, L:/127.0.0.1:65205 - R:localhost/127.0.0.1:20596] for GET '/session/81c3039f167eb3d3c0c34d352336fa7c/url'
14:40:41.739 [AsyncHttpClient-1-5] DEBUG org.asynchttpclient.netty.handler.HttpHandler - 

Request DefaultFullHttpRequest(decodeResult: success, version: HTTP/1.1, content: EmptyByteBufBE)
GET /session/81c3039f167eb3d3c0c34d352336fa7c/url HTTP/1.1
User-Agent: selenium/4.7.1 (java windows)
Cache-Control: no-cache
Content-Type: application/json; charset=utf-8
host: localhost:20596
accept: */*

Response DefaultHttpResponse(decodeResult: success, version: HTTP/1.1)
HTTP/1.1 200 OK
Content-Type: application/json; charset=utf-8
cache-control: no-cache
content-length: 65

14:40:41.747 [AsyncHttpClient-1-5] DEBUG org.asynchttpclient.netty.channel.ChannelManager - Adding key: http://localhost:20596 for channel [id: 0x9e8dac74, L:/127.0.0.1:65205 - R:localhost/127.0.0.1:20596]
14:40:41.747 [Forwarding screenshot on session 81c3039f167eb3d3c0c34d352336fa7c to remote] DEBUG org.asynchttpclient.netty.request.NettyRequestSender - Using pooled Channel '[id: 0x9e8dac74, L:/127.0.0.1:65205 - R:localhost/127.0.0.1:20596]' for 'GET' to 'http://localhost:20596/session/81c3039f167eb3d3c0c34d352336fa7c/screenshot'
14:40:41.747 [Forwarding screenshot on session 81c3039f167eb3d3c0c34d352336fa7c to remote] DEBUG org.asynchttpclient.netty.request.NettyRequestSender - Using open Channel [id: 0x9e8dac74, L:/127.0.0.1:65205 - R:localhost/127.0.0.1:20596] for GET '/session/81c3039f167eb3d3c0c34d352336fa7c/screenshot'
14:40:41.875 [AsyncHttpClient-1-5] DEBUG org.asynchttpclient.netty.handler.HttpHandler - 

Request DefaultFullHttpRequest(decodeResult: success, version: HTTP/1.1, content: EmptyByteBufBE)
GET /session/81c3039f167eb3d3c0c34d352336fa7c/screenshot HTTP/1.1
User-Agent: selenium/4.7.1 (java windows)
Cache-Control: no-cache
Content-Type: application/json; charset=utf-8
host: localhost:20596
accept: */*

Response DefaultHttpResponse(decodeResult: success, version: HTTP/1.1)
HTTP/1.1 200 OK
Content-Type: application/json; charset=utf-8
cache-control: no-cache
content-length: 33560

14:40:41.875 [AsyncHttpClient-1-5] DEBUG org.asynchttpclient.netty.channel.ChannelManager - Adding key: http://localhost:20596 for channel [id: 0x9e8dac74, L:/127.0.0.1:65205 - R:localhost/127.0.0.1:20596]
14:40:41.883 [main] DEBUG net.serenitybdd.core.photography.Darkroom - Send negative for processing for target\site\serenity\3b4b38cfeb263b2437f80552a2bcbb04b8b0e50614a8471d0e41048226c1cb1c.png
14:40:41.883 [main] DEBUG net.thucydides.core.steps.StepInterceptor - STEP DONE: inputfieldkodepdam
14:40:41.883 [Darkroom Processing Line] DEBUG net.serenitybdd.core.photography.DarkroomProcessingLine - Processing screenshot image in /var/screenshots/screenshot-13802262631607948508
14:40:41.883 [Darkroom Processing Line] DEBUG net.serenitybdd.core.photography.DarkroomProcessingLine - Saving screenshot to target\site\serenity\3b4b38cfeb263b2437f80552a2bcbb04b8b0e50614a8471d0e41048226c1cb1c.png
  &amp#27;[32mAnd &amp#27;[0m&amp#27;[32mAdmin tidak input kode PDAM&amp#27;[0m                                                    &amp#27;[90m# starter.stepdefinitions.PDAMSteps.adminTidakInputKodePDAM()&amp#27;[0m
14:40:41.907 [main] DEBUG net.thucydides.core.steps.StepInterceptor - STARTING STEP: PDAMSteps.adminInputJenisPDAM - inputfieldjenispdam
14:40:41.915 [Forwarding findElement on session 81c3039f167eb3d3c0c34d352336fa7c to remote] DEBUG org.asynchttpclient.netty.request.NettyRequestSender - Using pooled Channel '[id: 0x9e8dac74, L:/127.0.0.1:65205 - R:localhost/127.0.0.1:20596]' for 'POST' to 'http://localhost:20596/session/81c3039f167eb3d3c0c34d352336fa7c/element'
14:40:41.915 [Forwarding findElement on session 81c3039f167eb3d3c0c34d352336fa7c to remote] DEBUG org.asynchttpclient.netty.request.NettyRequestSender - Using open Channel [id: 0x9e8dac74, L:/127.0.0.1:65205 - R:localhost/127.0.0.1:20596] for POST '/session/81c3039f167eb3d3c0c34d352336fa7c/element'
14:40:41.939 [AsyncHttpClient-1-5] DEBUG org.asynchttpclient.netty.handler.HttpHandler - 

Request DefaultHttpRequest(decodeResult: success, version: HTTP/1.1)
POST /session/81c3039f167eb3d3c0c34d352336fa7c/element HTTP/1.1
User-Agent: selenium/4.7.1 (java windows)
Content-Length: 77
Content-Type: application/json; charset=utf-8
host: localhost:20596
accept: */*

Response DefaultHttpResponse(decodeResult: success, version: HTTP/1.1)
HTTP/1.1 200 OK
Content-Type: application/json; charset=utf-8
cache-control: no-cache
content-length: 95

14:40:41.939 [AsyncHttpClient-1-5] DEBUG org.asynchttpclient.netty.channel.ChannelManager - Adding key: http://localhost:20596 for channel [id: 0x9e8dac74, L:/127.0.0.1:65205 - R:localhost/127.0.0.1:20596]
14:40:41.939 [Forwarding getElementTagName on session 81c3039f167eb3d3c0c34d352336fa7c to remote] DEBUG org.asynchttpclient.netty.request.NettyRequestSender - Using pooled Channel '[id: 0x9e8dac74, L:/127.0.0.1:65205 - R:localhost/127.0.0.1:20596]' for 'GET' to 'http://localhost:20596/session/81c3039f167eb3d3c0c34d352336fa7c/element/1F0A880FBB062E6DDAB1BFCDC47850EF_element_66/name'
14:40:41.939 [Forwarding getElementTagName on session 81c3039f167eb3d3c0c34d352336fa7c to remote] DEBUG org.asynchttpclient.netty.request.NettyRequestSender - Using open Channel [id: 0x9e8dac74, L:/127.0.0.1:65205 - R:localhost/127.0.0.1:20596] for GET '/session/81c3039f167eb3d3c0c34d352336fa7c/element/1F0A880FBB062E6DDAB1BFCDC47850EF_element_66/name'
14:40:41.947 [AsyncHttpClient-1-5] DEBUG org.asynchttpclient.netty.handler.HttpHandler - 

Request DefaultFullHttpRequest(decodeResult: success, version: HTTP/1.1, content: EmptyByteBufBE)
GET /session/81c3039f167eb3d3c0c34d352336fa7c/element/1F0A880FBB062E6DDAB1BFCDC47850EF_element_66/name HTTP/1.1
User-Agent: selenium/4.7.1 (java windows)
Cache-Control: no-cache
Content-Type: application/json; charset=utf-8
host: localhost:20596
accept: */*

Response DefaultHttpResponse(decodeResult: success, version: HTTP/1.1)
HTTP/1.1 200 OK
Content-Type: application/json; charset=utf-8
cache-control: no-cache
content-length: 17

14:40:41.947 [AsyncHttpClient-1-5] DEBUG org.asynchttpclient.netty.channel.ChannelManager - Adding key: http://localhost:20596 for channel [id: 0x9e8dac74, L:/127.0.0.1:65205 - R:localhost/127.0.0.1:20596]
14:40:41.947 [Forwarding getElementTagName on session 81c3039f167eb3d3c0c34d352336fa7c to remote] DEBUG org.asynchttpclient.netty.request.NettyRequestSender - Using pooled Channel '[id: 0x9e8dac74, L:/127.0.0.1:65205 - R:localhost/127.0.0.1:20596]' for 'GET' to 'http://localhost:20596/session/81c3039f167eb3d3c0c34d352336fa7c/element/1F0A880FBB062E6DDAB1BFCDC47850EF_element_66/name'
14:40:41.947 [Forwarding getElementTagName on session 81c3039f167eb3d3c0c34d352336fa7c to remote] DEBUG org.asynchttpclient.netty.request.NettyRequestSender - Using open Channel [id: 0x9e8dac74, L:/127.0.0.1:65205 - R:localhost/127.0.0.1:20596] for GET '/session/81c3039f167eb3d3c0c34d352336fa7c/element/1F0A880FBB062E6DDAB1BFCDC47850EF_element_66/name'
14:40:41.955 [AsyncHttpClient-1-5] DEBUG org.asynchttpclient.netty.handler.HttpHandler - 

Request DefaultFullHttpRequest(decodeResult: success, version: HTTP/1.1, content: EmptyByteBufBE)
GET /session/81c3039f167eb3d3c0c34d352336fa7c/element/1F0A880FBB062E6DDAB1BFCDC47850EF_element_66/name HTTP/1.1
User-Agent: selenium/4.7.1 (java windows)
Cache-Control: no-cache
Content-Type: application/json; charset=utf-8
host: localhost:20596
accept: */*

Response DefaultHttpResponse(decodeResult: success, version: HTTP/1.1)
HTTP/1.1 200 OK
Content-Type: application/json; charset=utf-8
cache-control: no-cache
content-length: 17

14:40:41.963 [AsyncHttpClient-1-5] DEBUG org.asynchttpclient.netty.channel.ChannelManager - Adding key: http://localhost:20596 for channel [id: 0x9e8dac74, L:/127.0.0.1:65205 - R:localhost/127.0.0.1:20596]
14:40:41.963 [Forwarding isElementEnabled on session 81c3039f167eb3d3c0c34d352336fa7c to remote] DEBUG org.asynchttpclient.netty.request.NettyRequestSender - Using pooled Channel '[id: 0x9e8dac74, L:/127.0.0.1:65205 - R:localhost/127.0.0.1:20596]' for 'GET' to 'http://localhost:20596/session/81c3039f167eb3d3c0c34d352336fa7c/element/1F0A880FBB062E6DDAB1BFCDC47850EF_element_66/enabled'
14:40:41.963 [Forwarding isElementEnabled on session 81c3039f167eb3d3c0c34d352336fa7c to remote] DEBUG org.asynchttpclient.netty.request.NettyRequestSender - Using open Channel [id: 0x9e8dac74, L:/127.0.0.1:65205 - R:localhost/127.0.0.1:20596] for GET '/session/81c3039f167eb3d3c0c34d352336fa7c/element/1F0A880FBB062E6DDAB1BFCDC47850EF_element_66/enabled'
14:40:41.979 [AsyncHttpClient-1-5] DEBUG org.asynchttpclient.netty.handler.HttpHandler - 

Request DefaultFullHttpRequest(decodeResult: success, version: HTTP/1.1, content: EmptyByteBufBE)
GET /session/81c3039f167eb3d3c0c34d352336fa7c/element/1F0A880FBB062E6DDAB1BFCDC47850EF_element_66/enabled HTTP/1.1
User-Agent: selenium/4.7.1 (java windows)
Cache-Control: no-cache
Content-Type: application/json; charset=utf-8
host: localhost:20596
accept: */*

Response DefaultHttpResponse(decodeResult: success, version: HTTP/1.1)
HTTP/1.1 200 OK
Content-Type: application/json; charset=utf-8
cache-control: no-cache
content-length: 14

14:40:41.979 [AsyncHttpClient-1-5] DEBUG org.asynchttpclient.netty.channel.ChannelManager - Adding key: http://localhost:20596 for channel [id: 0x9e8dac74, L:/127.0.0.1:65205 - R:localhost/127.0.0.1:20596]
14:40:41.979 [Forwarding isElementEnabled on session 81c3039f167eb3d3c0c34d352336fa7c to remote] DEBUG org.asynchttpclient.netty.request.NettyRequestSender - Using pooled Channel '[id: 0x9e8dac74, L:/127.0.0.1:65205 - R:localhost/127.0.0.1:20596]' for 'GET' to 'http://localhost:20596/session/81c3039f167eb3d3c0c34d352336fa7c/element/1F0A880FBB062E6DDAB1BFCDC47850EF_element_66/enabled'
14:40:41.979 [Forwarding isElementEnabled on session 81c3039f167eb3d3c0c34d352336fa7c to remote] DEBUG org.asynchttpclient.netty.request.NettyRequestSender - Using open Channel [id: 0x9e8dac74, L:/127.0.0.1:65205 - R:localhost/127.0.0.1:20596] for GET '/session/81c3039f167eb3d3c0c34d352336fa7c/element/1F0A880FBB062E6DDAB1BFCDC47850EF_element_66/enabled'
14:40:41.995 [AsyncHttpClient-1-5] DEBUG org.asynchttpclient.netty.handler.HttpHandler - 

Request DefaultFullHttpRequest(decodeResult: success, version: HTTP/1.1, content: EmptyByteBufBE)
GET /session/81c3039f167eb3d3c0c34d352336fa7c/element/1F0A880FBB062E6DDAB1BFCDC47850EF_element_66/enabled HTTP/1.1
User-Agent: selenium/4.7.1 (java windows)
Cache-Control: no-cache
Content-Type: application/json; charset=utf-8
host: localhost:20596
accept: */*

Response DefaultHttpResponse(decodeResult: success, version: HTTP/1.1)
HTTP/1.1 200 OK
Content-Type: application/json; charset=utf-8
cache-control: no-cache
content-length: 14

14:40:41.995 [AsyncHttpClient-1-5] DEBUG org.asynchttpclient.netty.channel.ChannelManager - Adding key: http://localhost:20596 for channel [id: 0x9e8dac74, L:/127.0.0.1:65205 - R:localhost/127.0.0.1:20596]
14:40:41.995 [Forwarding findElement on session 81c3039f167eb3d3c0c34d352336fa7c to remote] DEBUG org.asynchttpclient.netty.request.NettyRequestSender - Using pooled Channel '[id: 0x9e8dac74, L:/127.0.0.1:65205 - R:localhost/127.0.0.1:20596]' for 'POST' to 'http://localhost:20596/session/81c3039f167eb3d3c0c34d352336fa7c/element'
14:40:41.995 [Forwarding findElement on session 81c3039f167eb3d3c0c34d352336fa7c to remote] DEBUG org.asynchttpclient.netty.request.NettyRequestSender - Using open Channel [id: 0x9e8dac74, L:/127.0.0.1:65205 - R:localhost/127.0.0.1:20596] for POST '/session/81c3039f167eb3d3c0c34d352336fa7c/element'
14:40:42.011 [AsyncHttpClient-1-5] DEBUG org.asynchttpclient.netty.handler.HttpHandler - 

Request DefaultHttpRequest(decodeResult: success, version: HTTP/1.1)
POST /session/81c3039f167eb3d3c0c34d352336fa7c/element HTTP/1.1
User-Agent: selenium/4.7.1 (java windows)
Content-Length: 77
Content-Type: application/json; charset=utf-8
host: localhost:20596
accept: */*

Response DefaultHttpResponse(decodeResult: success, version: HTTP/1.1)
HTTP/1.1 200 OK
Content-Type: application/json; charset=utf-8
cache-control: no-cache
content-length: 95

14:40:42.011 [AsyncHttpClient-1-5] DEBUG org.asynchttpclient.netty.channel.ChannelManager - Adding key: http://localhost:20596 for channel [id: 0x9e8dac74, L:/127.0.0.1:65205 - R:localhost/127.0.0.1:20596]
14:40:42.011 [Forwarding clickElement on session 81c3039f167eb3d3c0c34d352336fa7c to remote] DEBUG org.asynchttpclient.netty.request.NettyRequestSender - Using pooled Channel '[id: 0x9e8dac74, L:/127.0.0.1:65205 - R:localhost/127.0.0.1:20596]' for 'POST' to 'http://localhost:20596/session/81c3039f167eb3d3c0c34d352336fa7c/element/1F0A880FBB062E6DDAB1BFCDC47850EF_element_66/click'
14:40:42.011 [Forwarding clickElement on session 81c3039f167eb3d3c0c34d352336fa7c to remote] DEBUG org.asynchttpclient.netty.request.NettyRequestSender - Using open Channel [id: 0x9e8dac74, L:/127.0.0.1:65205 - R:localhost/127.0.0.1:20596] for POST '/session/81c3039f167eb3d3c0c34d352336fa7c/element/1F0A880FBB062E6DDAB1BFCDC47850EF_element_66/click'
14:40:42.091 [AsyncHttpClient-1-5] DEBUG org.asynchttpclient.netty.handler.HttpHandler - 

Request DefaultHttpRequest(decodeResult: success, version: HTTP/1.1)
POST /session/81c3039f167eb3d3c0c34d352336fa7c/element/1F0A880FBB062E6DDAB1BFCDC47850EF_element_66/click HTTP/1.1
User-Agent: selenium/4.7.1 (java windows)
Content-Length: 57
Content-Type: application/json; charset=utf-8
host: localhost:20596
accept: */*

Response DefaultHttpResponse(decodeResult: success, version: HTTP/1.1)
HTTP/1.1 200 OK
Content-Type: application/json; charset=utf-8
cache-control: no-cache
content-length: 14

14:40:42.091 [AsyncHttpClient-1-5] DEBUG org.asynchttpclient.netty.channel.ChannelManager - Adding key: http://localhost:20596 for channel [id: 0x9e8dac74, L:/127.0.0.1:65205 - R:localhost/127.0.0.1:20596]
14:40:42.099 [Forwarding findElement on session 81c3039f167eb3d3c0c34d352336fa7c to remote] DEBUG org.asynchttpclient.netty.request.NettyRequestSender - Using pooled Channel '[id: 0x9e8dac74, L:/127.0.0.1:65205 - R:localhost/127.0.0.1:20596]' for 'POST' to 'http://localhost:20596/session/81c3039f167eb3d3c0c34d352336fa7c/element'
14:40:42.099 [Forwarding findElement on session 81c3039f167eb3d3c0c34d352336fa7c to remote] DEBUG org.asynchttpclient.netty.request.NettyRequestSender - Using open Channel [id: 0x9e8dac74, L:/127.0.0.1:65205 - R:localhost/127.0.0.1:20596] for POST '/session/81c3039f167eb3d3c0c34d352336fa7c/element'
14:40:42.115 [AsyncHttpClient-1-5] DEBUG org.asynchttpclient.netty.handler.HttpHandler - 

Request DefaultHttpRequest(decodeResult: success, version: HTTP/1.1)
POST /session/81c3039f167eb3d3c0c34d352336fa7c/element HTTP/1.1
User-Agent: selenium/4.7.1 (java windows)
Content-Length: 77
Content-Type: application/json; charset=utf-8
host: localhost:20596
accept: */*

Response DefaultHttpResponse(decodeResult: success, version: HTTP/1.1)
HTTP/1.1 200 OK
Content-Type: application/json; charset=utf-8
cache-control: no-cache
content-length: 95

14:40:42.115 [AsyncHttpClient-1-5] DEBUG org.asynchttpclient.netty.channel.ChannelManager - Adding key: http://localhost:20596 for channel [id: 0x9e8dac74, L:/127.0.0.1:65205 - R:localhost/127.0.0.1:20596]
14:40:42.115 [Forwarding clearElement on session 81c3039f167eb3d3c0c34d352336fa7c to remote] DEBUG org.asynchttpclient.netty.request.NettyRequestSender - Using pooled Channel '[id: 0x9e8dac74, L:/127.0.0.1:65205 - R:localhost/127.0.0.1:20596]' for 'POST' to 'http://localhost:20596/session/81c3039f167eb3d3c0c34d352336fa7c/element/1F0A880FBB062E6DDAB1BFCDC47850EF_element_66/clear'
14:40:42.115 [Forwarding clearElement on session 81c3039f167eb3d3c0c34d352336fa7c to remote] DEBUG org.asynchttpclient.netty.request.NettyRequestSender - Using open Channel [id: 0x9e8dac74, L:/127.0.0.1:65205 - R:localhost/127.0.0.1:20596] for POST '/session/81c3039f167eb3d3c0c34d352336fa7c/element/1F0A880FBB062E6DDAB1BFCDC47850EF_element_66/clear'
14:40:42.163 [AsyncHttpClient-1-5] DEBUG org.asynchttpclient.netty.handler.HttpHandler - 

Request DefaultHttpRequest(decodeResult: success, version: HTTP/1.1)
POST /session/81c3039f167eb3d3c0c34d352336fa7c/element/1F0A880FBB062E6DDAB1BFCDC47850EF_element_66/clear HTTP/1.1
User-Agent: selenium/4.7.1 (java windows)
Content-Length: 57
Content-Type: application/json; charset=utf-8
host: localhost:20596
accept: */*

Response DefaultHttpResponse(decodeResult: success, version: HTTP/1.1)
HTTP/1.1 200 OK
Content-Type: application/json; charset=utf-8
cache-control: no-cache
content-length: 14

14:40:42.163 [AsyncHttpClient-1-5] DEBUG org.asynchttpclient.netty.channel.ChannelManager - Adding key: http://localhost:20596 for channel [id: 0x9e8dac74, L:/127.0.0.1:65205 - R:localhost/127.0.0.1:20596]
14:40:42.171 [Forwarding sendKeysToElement on session 81c3039f167eb3d3c0c34d352336fa7c to remote] DEBUG org.asynchttpclient.netty.request.NettyRequestSender - Using pooled Channel '[id: 0x9e8dac74, L:/127.0.0.1:65205 - R:localhost/127.0.0.1:20596]' for 'POST' to 'http://localhost:20596/session/81c3039f167eb3d3c0c34d352336fa7c/element/1F0A880FBB062E6DDAB1BFCDC47850EF_element_66/value'
14:40:42.171 [Forwarding sendKeysToElement on session 81c3039f167eb3d3c0c34d352336fa7c to remote] DEBUG org.asynchttpclient.netty.request.NettyRequestSender - Using open Channel [id: 0x9e8dac74, L:/127.0.0.1:65205 - R:localhost/127.0.0.1:20596] for POST '/session/81c3039f167eb3d3c0c34d352336fa7c/element/1F0A880FBB062E6DDAB1BFCDC47850EF_element_66/value'
14:40:42.203 [AsyncHttpClient-1-1] DEBUG org.asynchttpclient.netty.channel.DefaultChannelPool - Entry count for : http://localhost:65206 : 1
14:40:42.243 [AsyncHttpClient-1-5] DEBUG org.asynchttpclient.netty.handler.HttpHandler - 

Request DefaultHttpRequest(decodeResult: success, version: HTTP/1.1)
POST /session/81c3039f167eb3d3c0c34d352336fa7c/element/1F0A880FBB062E6DDAB1BFCDC47850EF_element_66/value HTTP/1.1
User-Agent: selenium/4.7.1 (java windows)
Content-Length: 228
Content-Type: application/json; charset=utf-8
host: localhost:20596
accept: */*

Response DefaultHttpResponse(decodeResult: success, version: HTTP/1.1)
HTTP/1.1 200 OK
Content-Type: application/json; charset=utf-8
cache-control: no-cache
content-length: 14

14:40:42.243 [AsyncHttpClient-1-5] DEBUG org.asynchttpclient.netty.channel.ChannelManager - Adding key: http://localhost:20596 for channel [id: 0x9e8dac74, L:/127.0.0.1:65205 - R:localhost/127.0.0.1:20596]
14:40:42.259 [Forwarding getCurrentWindowHandle on session 81c3039f167eb3d3c0c34d352336fa7c to remote] DEBUG org.asynchttpclient.netty.request.NettyRequestSender - Using pooled Channel '[id: 0x9e8dac74, L:/127.0.0.1:65205 - R:localhost/127.0.0.1:20596]' for 'GET' to 'http://localhost:20596/session/81c3039f167eb3d3c0c34d352336fa7c/window'
14:40:42.259 [Forwarding getCurrentWindowHandle on session 81c3039f167eb3d3c0c34d352336fa7c to remote] DEBUG org.asynchttpclient.netty.request.NettyRequestSender - Using open Channel [id: 0x9e8dac74, L:/127.0.0.1:65205 - R:localhost/127.0.0.1:20596] for GET '/session/81c3039f167eb3d3c0c34d352336fa7c/window'
14:40:42.259 [AsyncHttpClient-1-5] DEBUG org.asynchttpclient.netty.handler.HttpHandler - 

Request DefaultFullHttpRequest(decodeResult: success, version: HTTP/1.1, content: EmptyByteBufBE)
GET /session/81c3039f167eb3d3c0c34d352336fa7c/window HTTP/1.1
User-Agent: selenium/4.7.1 (java windows)
Cache-Control: no-cache
Content-Type: application/json; charset=utf-8
host: localhost:20596
accept: */*

Response DefaultHttpResponse(decodeResult: success, version: HTTP/1.1)
HTTP/1.1 200 OK
Content-Type: application/json; charset=utf-8
cache-control: no-cache
content-length: 44

14:40:42.259 [AsyncHttpClient-1-5] DEBUG org.asynchttpclient.netty.channel.ChannelManager - Adding key: http://localhost:20596 for channel [id: 0x9e8dac74, L:/127.0.0.1:65205 - R:localhost/127.0.0.1:20596]
14:40:42.259 [Forwarding getAlertText on session 81c3039f167eb3d3c0c34d352336fa7c to remote] DEBUG org.asynchttpclient.netty.request.NettyRequestSender - Using pooled Channel '[id: 0x9e8dac74, L:/127.0.0.1:65205 - R:localhost/127.0.0.1:20596]' for 'GET' to 'http://localhost:20596/session/81c3039f167eb3d3c0c34d352336fa7c/alert/text'
14:40:42.259 [Forwarding getAlertText on session 81c3039f167eb3d3c0c34d352336fa7c to remote] DEBUG org.asynchttpclient.netty.request.NettyRequestSender - Using open Channel [id: 0x9e8dac74, L:/127.0.0.1:65205 - R:localhost/127.0.0.1:20596] for GET '/session/81c3039f167eb3d3c0c34d352336fa7c/alert/text'
14:40:42.267 [AsyncHttpClient-1-5] DEBUG org.asynchttpclient.netty.handler.HttpHandler - 

Request DefaultFullHttpRequest(decodeResult: success, version: HTTP/1.1, content: EmptyByteBufBE)
GET /session/81c3039f167eb3d3c0c34d352336fa7c/alert/text HTTP/1.1
User-Agent: selenium/4.7.1 (java windows)
Cache-Control: no-cache
Content-Type: application/json; charset=utf-8
host: localhost:20596
accept: */*

Response DefaultHttpResponse(decodeResult: success, version: HTTP/1.1)
HTTP/1.1 404 Not Found
Content-Type: application/json; charset=utf-8
cache-control: no-cache
content-length: 821

14:40:42.267 [AsyncHttpClient-1-5] DEBUG org.asynchttpclient.netty.channel.ChannelManager - Adding key: http://localhost:20596 for channel [id: 0x9e8dac74, L:/127.0.0.1:65205 - R:localhost/127.0.0.1:20596]
14:40:42.267 [Forwarding switchToWindow on session 81c3039f167eb3d3c0c34d352336fa7c to remote] DEBUG org.asynchttpclient.netty.request.NettyRequestSender - Using pooled Channel '[id: 0x9e8dac74, L:/127.0.0.1:65205 - R:localhost/127.0.0.1:20596]' for 'POST' to 'http://localhost:20596/session/81c3039f167eb3d3c0c34d352336fa7c/window'
14:40:42.267 [Forwarding switchToWindow on session 81c3039f167eb3d3c0c34d352336fa7c to remote] DEBUG org.asynchttpclient.netty.request.NettyRequestSender - Using open Channel [id: 0x9e8dac74, L:/127.0.0.1:65205 - R:localhost/127.0.0.1:20596] for POST '/session/81c3039f167eb3d3c0c34d352336fa7c/window'
14:40:42.267 [AsyncHttpClient-1-5] DEBUG org.asynchttpclient.netty.handler.HttpHandler - 

Request DefaultHttpRequest(decodeResult: success, version: HTTP/1.1)
POST /session/81c3039f167eb3d3c0c34d352336fa7c/window HTTP/1.1
User-Agent: selenium/4.7.1 (java windows)
Content-Length: 50
Content-Type: application/json; charset=utf-8
host: localhost:20596
accept: */*

Response DefaultHttpResponse(decodeResult: success, version: HTTP/1.1)
HTTP/1.1 200 OK
Content-Type: application/json; charset=utf-8
cache-control: no-cache
content-length: 14

14:40:42.267 [AsyncHttpClient-1-5] DEBUG org.asynchttpclient.netty.channel.ChannelManager - Adding key: http://localhost:20596 for channel [id: 0x9e8dac74, L:/127.0.0.1:65205 - R:localhost/127.0.0.1:20596]
14:40:42.267 [Forwarding getCurrentUrl on session 81c3039f167eb3d3c0c34d352336fa7c to remote] DEBUG org.asynchttpclient.netty.request.NettyRequestSender - Using pooled Channel '[id: 0x9e8dac74, L:/127.0.0.1:65205 - R:localhost/127.0.0.1:20596]' for 'GET' to 'http://localhost:20596/session/81c3039f167eb3d3c0c34d352336fa7c/url'
14:40:42.267 [Forwarding getCurrentUrl on session 81c3039f167eb3d3c0c34d352336fa7c to remote] DEBUG org.asynchttpclient.netty.request.NettyRequestSender - Using open Channel [id: 0x9e8dac74, L:/127.0.0.1:65205 - R:localhost/127.0.0.1:20596] for GET '/session/81c3039f167eb3d3c0c34d352336fa7c/url'
14:40:42.275 [AsyncHttpClient-1-5] DEBUG org.asynchttpclient.netty.handler.HttpHandler - 

Request DefaultFullHttpRequest(decodeResult: success, version: HTTP/1.1, content: EmptyByteBufBE)
GET /session/81c3039f167eb3d3c0c34d352336fa7c/url HTTP/1.1
User-Agent: selenium/4.7.1 (java windows)
Cache-Control: no-cache
Content-Type: application/json; charset=utf-8
host: localhost:20596
accept: */*

Response DefaultHttpResponse(decodeResult: success, version: HTTP/1.1)
HTTP/1.1 200 OK
Content-Type: application/json; charset=utf-8
cache-control: no-cache
content-length: 65

14:40:42.275 [AsyncHttpClient-1-5] DEBUG org.asynchttpclient.netty.channel.ChannelManager - Adding key: http://localhost:20596 for channel [id: 0x9e8dac74, L:/127.0.0.1:65205 - R:localhost/127.0.0.1:20596]
14:40:42.275 [Forwarding screenshot on session 81c3039f167eb3d3c0c34d352336fa7c to remote] DEBUG org.asynchttpclient.netty.request.NettyRequestSender - Using pooled Channel '[id: 0x9e8dac74, L:/127.0.0.1:65205 - R:localhost/127.0.0.1:20596]' for 'GET' to 'http://localhost:20596/session/81c3039f167eb3d3c0c34d352336fa7c/screenshot'
14:40:42.275 [Forwarding screenshot on session 81c3039f167eb3d3c0c34d352336fa7c to remote] DEBUG org.asynchttpclient.netty.request.NettyRequestSender - Using open Channel [id: 0x9e8dac74, L:/127.0.0.1:65205 - R:localhost/127.0.0.1:20596] for GET '/session/81c3039f167eb3d3c0c34d352336fa7c/screenshot'
14:40:42.411 [AsyncHttpClient-1-5] DEBUG org.asynchttpclient.netty.handler.HttpHandler - 

Request DefaultFullHttpRequest(decodeResult: success, version: HTTP/1.1, content: EmptyByteBufBE)
GET /session/81c3039f167eb3d3c0c34d352336fa7c/screenshot HTTP/1.1
User-Agent: selenium/4.7.1 (java windows)
Cache-Control: no-cache
Content-Type: application/json; charset=utf-8
host: localhost:20596
accept: */*

Response DefaultHttpResponse(decodeResult: success, version: HTTP/1.1)
HTTP/1.1 200 OK
Content-Type: application/json; charset=utf-8
cache-control: no-cache
content-length: 35676

14:40:42.411 [AsyncHttpClient-1-5] DEBUG org.asynchttpclient.netty.channel.ChannelManager - Adding key: http://localhost:20596 for channel [id: 0x9e8dac74, L:/127.0.0.1:65205 - R:localhost/127.0.0.1:20596]
14:40:42.411 [main] DEBUG net.serenitybdd.core.photography.Darkroom - Send negative for processing for target\site\serenity\4c26537749f0084156024356e4692d95505e649f170f37ad6a84eb6992452a5c.png
14:40:42.411 [main] DEBUG net.thucydides.core.steps.StepInterceptor - STEP DONE: inputfieldjenispdam
14:40:42.411 [Darkroom Processing Line] DEBUG net.serenitybdd.core.photography.DarkroomProcessingLine - Processing screenshot image in /var/screenshots/screenshot-9981333110198579495
14:40:42.411 [Darkroom Processing Line] DEBUG net.serenitybdd.core.photography.DarkroomProcessingLine - Saving screenshot to target\site\serenity\4c26537749f0084156024356e4692d95505e649f170f37ad6a84eb6992452a5c.png
  &amp#27;[32mThen &amp#27;[0m&amp#27;[32mAdmin input jenis PDAM&amp#27;[0m                                                        &amp#27;[90m# starter.stepdefinitions.PDAMSteps.adminInputJenisPDAM()&amp#27;[0m
14:40:42.435 [main] DEBUG net.thucydides.core.steps.StepInterceptor - STARTING STEP: PDAMSteps.adminInputWilayah - inputfieldwilayah
14:40:42.435 [Forwarding findElement on session 81c3039f167eb3d3c0c34d352336fa7c to remote] DEBUG org.asynchttpclient.netty.request.NettyRequestSender - Using pooled Channel '[id: 0x9e8dac74, L:/127.0.0.1:65205 - R:localhost/127.0.0.1:20596]' for 'POST' to 'http://localhost:20596/session/81c3039f167eb3d3c0c34d352336fa7c/element'
14:40:42.435 [Forwarding findElement on session 81c3039f167eb3d3c0c34d352336fa7c to remote] DEBUG org.asynchttpclient.netty.request.NettyRequestSender - Using open Channel [id: 0x9e8dac74, L:/127.0.0.1:65205 - R:localhost/127.0.0.1:20596] for POST '/session/81c3039f167eb3d3c0c34d352336fa7c/element'
14:40:42.459 [AsyncHttpClient-1-5] DEBUG org.asynchttpclient.netty.handler.HttpHandler - 

Request DefaultHttpRequest(decodeResult: success, version: HTTP/1.1)
POST /session/81c3039f167eb3d3c0c34d352336fa7c/element HTTP/1.1
User-Agent: selenium/4.7.1 (java windows)
Content-Length: 74
Content-Type: application/json; charset=utf-8
host: localhost:20596
accept: */*

Response DefaultHttpResponse(decodeResult: success, version: HTTP/1.1)
HTTP/1.1 200 OK
Content-Type: application/json; charset=utf-8
cache-control: no-cache
content-length: 95

14:40:42.459 [AsyncHttpClient-1-5] DEBUG org.asynchttpclient.netty.channel.ChannelManager - Adding key: http://localhost:20596 for channel [id: 0x9e8dac74, L:/127.0.0.1:65205 - R:localhost/127.0.0.1:20596]
14:40:42.459 [Forwarding getElementTagName on session 81c3039f167eb3d3c0c34d352336fa7c to remote] DEBUG org.asynchttpclient.netty.request.NettyRequestSender - Using pooled Channel '[id: 0x9e8dac74, L:/127.0.0.1:65205 - R:localhost/127.0.0.1:20596]' for 'GET' to 'http://localhost:20596/session/81c3039f167eb3d3c0c34d352336fa7c/element/1F0A880FBB062E6DDAB1BFCDC47850EF_element_67/name'
14:40:42.459 [Forwarding getElementTagName on session 81c3039f167eb3d3c0c34d352336fa7c to remote] DEBUG org.asynchttpclient.netty.request.NettyRequestSender - Using open Channel [id: 0x9e8dac74, L:/127.0.0.1:65205 - R:localhost/127.0.0.1:20596] for GET '/session/81c3039f167eb3d3c0c34d352336fa7c/element/1F0A880FBB062E6DDAB1BFCDC47850EF_element_67/name'
14:40:42.467 [AsyncHttpClient-1-5] DEBUG org.asynchttpclient.netty.handler.HttpHandler - 

Request DefaultFullHttpRequest(decodeResult: success, version: HTTP/1.1, content: EmptyByteBufBE)
GET /session/81c3039f167eb3d3c0c34d352336fa7c/element/1F0A880FBB062E6DDAB1BFCDC47850EF_element_67/name HTTP/1.1
User-Agent: selenium/4.7.1 (java windows)
Cache-Control: no-cache
Content-Type: application/json; charset=utf-8
host: localhost:20596
accept: */*

Response DefaultHttpResponse(decodeResult: success, version: HTTP/1.1)
HTTP/1.1 200 OK
Content-Type: application/json; charset=utf-8
cache-control: no-cache
content-length: 17

14:40:42.467 [AsyncHttpClient-1-5] DEBUG org.asynchttpclient.netty.channel.ChannelManager - Adding key: http://localhost:20596 for channel [id: 0x9e8dac74, L:/127.0.0.1:65205 - R:localhost/127.0.0.1:20596]
14:40:42.467 [Forwarding getElementTagName on session 81c3039f167eb3d3c0c34d352336fa7c to remote] DEBUG org.asynchttpclient.netty.request.NettyRequestSender - Using pooled Channel '[id: 0x9e8dac74, L:/127.0.0.1:65205 - R:localhost/127.0.0.1:20596]' for 'GET' to 'http://localhost:20596/session/81c3039f167eb3d3c0c34d352336fa7c/element/1F0A880FBB062E6DDAB1BFCDC47850EF_element_67/name'
14:40:42.467 [Forwarding getElementTagName on session 81c3039f167eb3d3c0c34d352336fa7c to remote] DEBUG org.asynchttpclient.netty.request.NettyRequestSender - Using open Channel [id: 0x9e8dac74, L:/127.0.0.1:65205 - R:localhost/127.0.0.1:20596] for GET '/session/81c3039f167eb3d3c0c34d352336fa7c/element/1F0A880FBB062E6DDAB1BFCDC47850EF_element_67/name'
14:40:42.475 [AsyncHttpClient-1-5] DEBUG org.asynchttpclient.netty.handler.HttpHandler - 

Request DefaultFullHttpRequest(decodeResult: success, version: HTTP/1.1, content: EmptyByteBufBE)
GET /session/81c3039f167eb3d3c0c34d352336fa7c/element/1F0A880FBB062E6DDAB1BFCDC47850EF_element_67/name HTTP/1.1
User-Agent: selenium/4.7.1 (java windows)
Cache-Control: no-cache
Content-Type: application/json; charset=utf-8
host: localhost:20596
accept: */*

Response DefaultHttpResponse(decodeResult: success, version: HTTP/1.1)
HTTP/1.1 200 OK
Content-Type: application/json; charset=utf-8
cache-control: no-cache
content-length: 17

14:40:42.475 [AsyncHttpClient-1-5] DEBUG org.asynchttpclient.netty.channel.ChannelManager - Adding key: http://localhost:20596 for channel [id: 0x9e8dac74, L:/127.0.0.1:65205 - R:localhost/127.0.0.1:20596]
14:40:42.475 [Forwarding isElementEnabled on session 81c3039f167eb3d3c0c34d352336fa7c to remote] DEBUG org.asynchttpclient.netty.request.NettyRequestSender - Using pooled Channel '[id: 0x9e8dac74, L:/127.0.0.1:65205 - R:localhost/127.0.0.1:20596]' for 'GET' to 'http://localhost:20596/session/81c3039f167eb3d3c0c34d352336fa7c/element/1F0A880FBB062E6DDAB1BFCDC47850EF_element_67/enabled'
14:40:42.475 [Forwarding isElementEnabled on session 81c3039f167eb3d3c0c34d352336fa7c to remote] DEBUG org.asynchttpclient.netty.request.NettyRequestSender - Using open Channel [id: 0x9e8dac74, L:/127.0.0.1:65205 - R:localhost/127.0.0.1:20596] for GET '/session/81c3039f167eb3d3c0c34d352336fa7c/element/1F0A880FBB062E6DDAB1BFCDC47850EF_element_67/enabled'
14:40:42.491 [AsyncHttpClient-1-5] DEBUG org.asynchttpclient.netty.handler.HttpHandler - 

Request DefaultFullHttpRequest(decodeResult: success, version: HTTP/1.1, content: EmptyByteBufBE)
GET /session/81c3039f167eb3d3c0c34d352336fa7c/element/1F0A880FBB062E6DDAB1BFCDC47850EF_element_67/enabled HTTP/1.1
User-Agent: selenium/4.7.1 (java windows)
Cache-Control: no-cache
Content-Type: application/json; charset=utf-8
host: localhost:20596
accept: */*

Response DefaultHttpResponse(decodeResult: success, version: HTTP/1.1)
HTTP/1.1 200 OK
Content-Type: application/json; charset=utf-8
cache-control: no-cache
content-length: 14

14:40:42.491 [AsyncHttpClient-1-5] DEBUG org.asynchttpclient.netty.channel.ChannelManager - Adding key: http://localhost:20596 for channel [id: 0x9e8dac74, L:/127.0.0.1:65205 - R:localhost/127.0.0.1:20596]
14:40:42.491 [Forwarding isElementEnabled on session 81c3039f167eb3d3c0c34d352336fa7c to remote] DEBUG org.asynchttpclient.netty.request.NettyRequestSender - Using pooled Channel '[id: 0x9e8dac74, L:/127.0.0.1:65205 - R:localhost/127.0.0.1:20596]' for 'GET' to 'http://localhost:20596/session/81c3039f167eb3d3c0c34d352336fa7c/element/1F0A880FBB062E6DDAB1BFCDC47850EF_element_67/enabled'
14:40:42.491 [Forwarding isElementEnabled on session 81c3039f167eb3d3c0c34d352336fa7c to remote] DEBUG org.asynchttpclient.netty.request.NettyRequestSender - Using open Channel [id: 0x9e8dac74, L:/127.0.0.1:65205 - R:localhost/127.0.0.1:20596] for GET '/session/81c3039f167eb3d3c0c34d352336fa7c/element/1F0A880FBB062E6DDAB1BFCDC47850EF_element_67/enabled'
14:40:42.499 [AsyncHttpClient-1-5] DEBUG org.asynchttpclient.netty.handler.HttpHandler - 

Request DefaultFullHttpRequest(decodeResult: success, version: HTTP/1.1, content: EmptyByteBufBE)
GET /session/81c3039f167eb3d3c0c34d352336fa7c/element/1F0A880FBB062E6DDAB1BFCDC47850EF_element_67/enabled HTTP/1.1
User-Agent: selenium/4.7.1 (java windows)
Cache-Control: no-cache
Content-Type: application/json; charset=utf-8
host: localhost:20596
accept: */*

Response DefaultHttpResponse(decodeResult: success, version: HTTP/1.1)
HTTP/1.1 200 OK
Content-Type: application/json; charset=utf-8
cache-control: no-cache
content-length: 14

14:40:42.499 [AsyncHttpClient-1-5] DEBUG org.asynchttpclient.netty.channel.ChannelManager - Adding key: http://localhost:20596 for channel [id: 0x9e8dac74, L:/127.0.0.1:65205 - R:localhost/127.0.0.1:20596]
14:40:42.499 [Forwarding findElement on session 81c3039f167eb3d3c0c34d352336fa7c to remote] DEBUG org.asynchttpclient.netty.request.NettyRequestSender - Using pooled Channel '[id: 0x9e8dac74, L:/127.0.0.1:65205 - R:localhost/127.0.0.1:20596]' for 'POST' to 'http://localhost:20596/session/81c3039f167eb3d3c0c34d352336fa7c/element'
14:40:42.499 [Forwarding findElement on session 81c3039f167eb3d3c0c34d352336fa7c to remote] DEBUG org.asynchttpclient.netty.request.NettyRequestSender - Using open Channel [id: 0x9e8dac74, L:/127.0.0.1:65205 - R:localhost/127.0.0.1:20596] for POST '/session/81c3039f167eb3d3c0c34d352336fa7c/element'
14:40:42.515 [AsyncHttpClient-1-5] DEBUG org.asynchttpclient.netty.handler.HttpHandler - 

Request DefaultHttpRequest(decodeResult: success, version: HTTP/1.1)
POST /session/81c3039f167eb3d3c0c34d352336fa7c/element HTTP/1.1
User-Agent: selenium/4.7.1 (java windows)
Content-Length: 74
Content-Type: application/json; charset=utf-8
host: localhost:20596
accept: */*

Response DefaultHttpResponse(decodeResult: success, version: HTTP/1.1)
HTTP/1.1 200 OK
Content-Type: application/json; charset=utf-8
cache-control: no-cache
content-length: 95

14:40:42.515 [AsyncHttpClient-1-5] DEBUG org.asynchttpclient.netty.channel.ChannelManager - Adding key: http://localhost:20596 for channel [id: 0x9e8dac74, L:/127.0.0.1:65205 - R:localhost/127.0.0.1:20596]
14:40:42.515 [Forwarding clickElement on session 81c3039f167eb3d3c0c34d352336fa7c to remote] DEBUG org.asynchttpclient.netty.request.NettyRequestSender - Using pooled Channel '[id: 0x9e8dac74, L:/127.0.0.1:65205 - R:localhost/127.0.0.1:20596]' for 'POST' to 'http://localhost:20596/session/81c3039f167eb3d3c0c34d352336fa7c/element/1F0A880FBB062E6DDAB1BFCDC47850EF_element_67/click'
14:40:42.515 [Forwarding clickElement on session 81c3039f167eb3d3c0c34d352336fa7c to remote] DEBUG org.asynchttpclient.netty.request.NettyRequestSender - Using open Channel [id: 0x9e8dac74, L:/127.0.0.1:65205 - R:localhost/127.0.0.1:20596] for POST '/session/81c3039f167eb3d3c0c34d352336fa7c/element/1F0A880FBB062E6DDAB1BFCDC47850EF_element_67/click'
14:40:42.587 [AsyncHttpClient-1-5] DEBUG org.asynchttpclient.netty.handler.HttpHandler - 

Request DefaultHttpRequest(decodeResult: success, version: HTTP/1.1)
POST /session/81c3039f167eb3d3c0c34d352336fa7c/element/1F0A880FBB062E6DDAB1BFCDC47850EF_element_67/click HTTP/1.1
User-Agent: selenium/4.7.1 (java windows)
Content-Length: 57
Content-Type: application/json; charset=utf-8
host: localhost:20596
accept: */*

Response DefaultHttpResponse(decodeResult: success, version: HTTP/1.1)
HTTP/1.1 200 OK
Content-Type: application/json; charset=utf-8
cache-control: no-cache
content-length: 14

14:40:42.587 [AsyncHttpClient-1-5] DEBUG org.asynchttpclient.netty.channel.ChannelManager - Adding key: http://localhost:20596 for channel [id: 0x9e8dac74, L:/127.0.0.1:65205 - R:localhost/127.0.0.1:20596]
14:40:42.595 [Forwarding findElement on session 81c3039f167eb3d3c0c34d352336fa7c to remote] DEBUG org.asynchttpclient.netty.request.NettyRequestSender - Using pooled Channel '[id: 0x9e8dac74, L:/127.0.0.1:65205 - R:localhost/127.0.0.1:20596]' for 'POST' to 'http://localhost:20596/session/81c3039f167eb3d3c0c34d352336fa7c/element'
14:40:42.595 [Forwarding findElement on session 81c3039f167eb3d3c0c34d352336fa7c to remote] DEBUG org.asynchttpclient.netty.request.NettyRequestSender - Using open Channel [id: 0x9e8dac74, L:/127.0.0.1:65205 - R:localhost/127.0.0.1:20596] for POST '/session/81c3039f167eb3d3c0c34d352336fa7c/element'
14:40:42.611 [AsyncHttpClient-1-5] DEBUG org.asynchttpclient.netty.handler.HttpHandler - 

Request DefaultHttpRequest(decodeResult: success, version: HTTP/1.1)
POST /session/81c3039f167eb3d3c0c34d352336fa7c/element HTTP/1.1
User-Agent: selenium/4.7.1 (java windows)
Content-Length: 74
Content-Type: application/json; charset=utf-8
host: localhost:20596
accept: */*

Response DefaultHttpResponse(decodeResult: success, version: HTTP/1.1)
HTTP/1.1 200 OK
Content-Type: application/json; charset=utf-8
cache-control: no-cache
content-length: 95

14:40:42.611 [AsyncHttpClient-1-5] DEBUG org.asynchttpclient.netty.channel.ChannelManager - Adding key: http://localhost:20596 for channel [id: 0x9e8dac74, L:/127.0.0.1:65205 - R:localhost/127.0.0.1:20596]
14:40:42.611 [Forwarding clearElement on session 81c3039f167eb3d3c0c34d352336fa7c to remote] DEBUG org.asynchttpclient.netty.request.NettyRequestSender - Using pooled Channel '[id: 0x9e8dac74, L:/127.0.0.1:65205 - R:localhost/127.0.0.1:20596]' for 'POST' to 'http://localhost:20596/session/81c3039f167eb3d3c0c34d352336fa7c/element/1F0A880FBB062E6DDAB1BFCDC47850EF_element_67/clear'
14:40:42.611 [Forwarding clearElement on session 81c3039f167eb3d3c0c34d352336fa7c to remote] DEBUG org.asynchttpclient.netty.request.NettyRequestSender - Using open Channel [id: 0x9e8dac74, L:/127.0.0.1:65205 - R:localhost/127.0.0.1:20596] for POST '/session/81c3039f167eb3d3c0c34d352336fa7c/element/1F0A880FBB062E6DDAB1BFCDC47850EF_element_67/clear'
14:40:42.651 [AsyncHttpClient-1-5] DEBUG org.asynchttpclient.netty.handler.HttpHandler - 

Request DefaultHttpRequest(decodeResult: success, version: HTTP/1.1)
POST /session/81c3039f167eb3d3c0c34d352336fa7c/element/1F0A880FBB062E6DDAB1BFCDC47850EF_element_67/clear HTTP/1.1
User-Agent: selenium/4.7.1 (java windows)
Content-Length: 57
Content-Type: application/json; charset=utf-8
host: localhost:20596
accept: */*

Response DefaultHttpResponse(decodeResult: success, version: HTTP/1.1)
HTTP/1.1 200 OK
Content-Type: application/json; charset=utf-8
cache-control: no-cache
content-length: 14

14:40:42.659 [AsyncHttpClient-1-5] DEBUG org.asynchttpclient.netty.channel.ChannelManager - Adding key: http://localhost:20596 for channel [id: 0x9e8dac74, L:/127.0.0.1:65205 - R:localhost/127.0.0.1:20596]
14:40:42.659 [Forwarding sendKeysToElement on session 81c3039f167eb3d3c0c34d352336fa7c to remote] DEBUG org.asynchttpclient.netty.request.NettyRequestSender - Using pooled Channel '[id: 0x9e8dac74, L:/127.0.0.1:65205 - R:localhost/127.0.0.1:20596]' for 'POST' to 'http://localhost:20596/session/81c3039f167eb3d3c0c34d352336fa7c/element/1F0A880FBB062E6DDAB1BFCDC47850EF_element_67/value'
14:40:42.659 [Forwarding sendKeysToElement on session 81c3039f167eb3d3c0c34d352336fa7c to remote] DEBUG org.asynchttpclient.netty.request.NettyRequestSender - Using open Channel [id: 0x9e8dac74, L:/127.0.0.1:65205 - R:localhost/127.0.0.1:20596] for POST '/session/81c3039f167eb3d3c0c34d352336fa7c/element/1F0A880FBB062E6DDAB1BFCDC47850EF_element_67/value'
14:40:42.715 [AsyncHttpClient-1-5] DEBUG org.asynchttpclient.netty.handler.HttpHandler - 

Request DefaultHttpRequest(decodeResult: success, version: HTTP/1.1)
POST /session/81c3039f167eb3d3c0c34d352336fa7c/element/1F0A880FBB062E6DDAB1BFCDC47850EF_element_67/value HTTP/1.1
User-Agent: selenium/4.7.1 (java windows)
Content-Length: 178
Content-Type: application/json; charset=utf-8
host: localhost:20596
accept: */*

Response DefaultHttpResponse(decodeResult: success, version: HTTP/1.1)
HTTP/1.1 200 OK
Content-Type: application/json; charset=utf-8
cache-control: no-cache
content-length: 14

14:40:42.715 [AsyncHttpClient-1-5] DEBUG org.asynchttpclient.netty.channel.ChannelManager - Adding key: http://localhost:20596 for channel [id: 0x9e8dac74, L:/127.0.0.1:65205 - R:localhost/127.0.0.1:20596]
14:40:42.723 [Forwarding getCurrentWindowHandle on session 81c3039f167eb3d3c0c34d352336fa7c to remote] DEBUG org.asynchttpclient.netty.request.NettyRequestSender - Using pooled Channel '[id: 0x9e8dac74, L:/127.0.0.1:65205 - R:localhost/127.0.0.1:20596]' for 'GET' to 'http://localhost:20596/session/81c3039f167eb3d3c0c34d352336fa7c/window'
14:40:42.723 [Forwarding getCurrentWindowHandle on session 81c3039f167eb3d3c0c34d352336fa7c to remote] DEBUG org.asynchttpclient.netty.request.NettyRequestSender - Using open Channel [id: 0x9e8dac74, L:/127.0.0.1:65205 - R:localhost/127.0.0.1:20596] for GET '/session/81c3039f167eb3d3c0c34d352336fa7c/window'
14:40:42.723 [AsyncHttpClient-1-5] DEBUG org.asynchttpclient.netty.handler.HttpHandler - 

Request DefaultFullHttpRequest(decodeResult: success, version: HTTP/1.1, content: EmptyByteBufBE)
GET /session/81c3039f167eb3d3c0c34d352336fa7c/window HTTP/1.1
User-Agent: selenium/4.7.1 (java windows)
Cache-Control: no-cache
Content-Type: application/json; charset=utf-8
host: localhost:20596
accept: */*

Response DefaultHttpResponse(decodeResult: success, version: HTTP/1.1)
HTTP/1.1 200 OK
Content-Type: application/json; charset=utf-8
cache-control: no-cache
content-length: 44

14:40:42.723 [AsyncHttpClient-1-5] DEBUG org.asynchttpclient.netty.channel.ChannelManager - Adding key: http://localhost:20596 for channel [id: 0x9e8dac74, L:/127.0.0.1:65205 - R:localhost/127.0.0.1:20596]
14:40:42.723 [Forwarding getAlertText on session 81c3039f167eb3d3c0c34d352336fa7c to remote] DEBUG org.asynchttpclient.netty.request.NettyRequestSender - Using pooled Channel '[id: 0x9e8dac74, L:/127.0.0.1:65205 - R:localhost/127.0.0.1:20596]' for 'GET' to 'http://localhost:20596/session/81c3039f167eb3d3c0c34d352336fa7c/alert/text'
14:40:42.723 [Forwarding getAlertText on session 81c3039f167eb3d3c0c34d352336fa7c to remote] DEBUG org.asynchttpclient.netty.request.NettyRequestSender - Using open Channel [id: 0x9e8dac74, L:/127.0.0.1:65205 - R:localhost/127.0.0.1:20596] for GET '/session/81c3039f167eb3d3c0c34d352336fa7c/alert/text'
14:40:42.723 [AsyncHttpClient-1-5] DEBUG org.asynchttpclient.netty.handler.HttpHandler - 

Request DefaultFullHttpRequest(decodeResult: success, version: HTTP/1.1, content: EmptyByteBufBE)
GET /session/81c3039f167eb3d3c0c34d352336fa7c/alert/text HTTP/1.1
User-Agent: selenium/4.7.1 (java windows)
Cache-Control: no-cache
Content-Type: application/json; charset=utf-8
host: localhost:20596
accept: */*

Response DefaultHttpResponse(decodeResult: success, version: HTTP/1.1)
HTTP/1.1 404 Not Found
Content-Type: application/json; charset=utf-8
cache-control: no-cache
content-length: 821

14:40:42.723 [AsyncHttpClient-1-5] DEBUG org.asynchttpclient.netty.channel.ChannelManager - Adding key: http://localhost:20596 for channel [id: 0x9e8dac74, L:/127.0.0.1:65205 - R:localhost/127.0.0.1:20596]
14:40:42.731 [Forwarding switchToWindow on session 81c3039f167eb3d3c0c34d352336fa7c to remote] DEBUG org.asynchttpclient.netty.request.NettyRequestSender - Using pooled Channel '[id: 0x9e8dac74, L:/127.0.0.1:65205 - R:localhost/127.0.0.1:20596]' for 'POST' to 'http://localhost:20596/session/81c3039f167eb3d3c0c34d352336fa7c/window'
14:40:42.731 [Forwarding switchToWindow on session 81c3039f167eb3d3c0c34d352336fa7c to remote] DEBUG org.asynchttpclient.netty.request.NettyRequestSender - Using open Channel [id: 0x9e8dac74, L:/127.0.0.1:65205 - R:localhost/127.0.0.1:20596] for POST '/session/81c3039f167eb3d3c0c34d352336fa7c/window'
14:40:42.731 [AsyncHttpClient-1-5] DEBUG org.asynchttpclient.netty.handler.HttpHandler - 

Request DefaultHttpRequest(decodeResult: success, version: HTTP/1.1)
POST /session/81c3039f167eb3d3c0c34d352336fa7c/window HTTP/1.1
User-Agent: selenium/4.7.1 (java windows)
Content-Length: 50
Content-Type: application/json; charset=utf-8
host: localhost:20596
accept: */*

Response DefaultHttpResponse(decodeResult: success, version: HTTP/1.1)
HTTP/1.1 200 OK
Content-Type: application/json; charset=utf-8
cache-control: no-cache
content-length: 14

14:40:42.731 [AsyncHttpClient-1-5] DEBUG org.asynchttpclient.netty.channel.ChannelManager - Adding key: http://localhost:20596 for channel [id: 0x9e8dac74, L:/127.0.0.1:65205 - R:localhost/127.0.0.1:20596]
14:40:42.731 [Forwarding getCurrentUrl on session 81c3039f167eb3d3c0c34d352336fa7c to remote] DEBUG org.asynchttpclient.netty.request.NettyRequestSender - Using pooled Channel '[id: 0x9e8dac74, L:/127.0.0.1:65205 - R:localhost/127.0.0.1:20596]' for 'GET' to 'http://localhost:20596/session/81c3039f167eb3d3c0c34d352336fa7c/url'
14:40:42.731 [Forwarding getCurrentUrl on session 81c3039f167eb3d3c0c34d352336fa7c to remote] DEBUG org.asynchttpclient.netty.request.NettyRequestSender - Using open Channel [id: 0x9e8dac74, L:/127.0.0.1:65205 - R:localhost/127.0.0.1:20596] for GET '/session/81c3039f167eb3d3c0c34d352336fa7c/url'
14:40:42.739 [AsyncHttpClient-1-5] DEBUG org.asynchttpclient.netty.handler.HttpHandler - 

Request DefaultFullHttpRequest(decodeResult: success, version: HTTP/1.1, content: EmptyByteBufBE)
GET /session/81c3039f167eb3d3c0c34d352336fa7c/url HTTP/1.1
User-Agent: selenium/4.7.1 (java windows)
Cache-Control: no-cache
Content-Type: application/json; charset=utf-8
host: localhost:20596
accept: */*

Response DefaultHttpResponse(decodeResult: success, version: HTTP/1.1)
HTTP/1.1 200 OK
Content-Type: application/json; charset=utf-8
cache-control: no-cache
content-length: 65

14:40:42.739 [AsyncHttpClient-1-5] DEBUG org.asynchttpclient.netty.channel.ChannelManager - Adding key: http://localhost:20596 for channel [id: 0x9e8dac74, L:/127.0.0.1:65205 - R:localhost/127.0.0.1:20596]
14:40:42.739 [Forwarding screenshot on session 81c3039f167eb3d3c0c34d352336fa7c to remote] DEBUG org.asynchttpclient.netty.request.NettyRequestSender - Using pooled Channel '[id: 0x9e8dac74, L:/127.0.0.1:65205 - R:localhost/127.0.0.1:20596]' for 'GET' to 'http://localhost:20596/session/81c3039f167eb3d3c0c34d352336fa7c/screenshot'
14:40:42.739 [Forwarding screenshot on session 81c3039f167eb3d3c0c34d352336fa7c to remote] DEBUG org.asynchttpclient.netty.request.NettyRequestSender - Using open Channel [id: 0x9e8dac74, L:/127.0.0.1:65205 - R:localhost/127.0.0.1:20596] for GET '/session/81c3039f167eb3d3c0c34d352336fa7c/screenshot'
14:40:42.883 [AsyncHttpClient-1-5] DEBUG org.asynchttpclient.netty.handler.HttpHandler - 

Request DefaultFullHttpRequest(decodeResult: success, version: HTTP/1.1, content: EmptyByteBufBE)
GET /session/81c3039f167eb3d3c0c34d352336fa7c/screenshot HTTP/1.1
User-Agent: selenium/4.7.1 (java windows)
Cache-Control: no-cache
Content-Type: application/json; charset=utf-8
host: localhost:20596
accept: */*

Response DefaultHttpResponse(decodeResult: success, version: HTTP/1.1)
HTTP/1.1 200 OK
Content-Type: application/json; charset=utf-8
cache-control: no-cache
content-length: 37164

14:40:42.883 [AsyncHttpClient-1-5] DEBUG org.asynchttpclient.netty.channel.ChannelManager - Adding key: http://localhost:20596 for channel [id: 0x9e8dac74, L:/127.0.0.1:65205 - R:localhost/127.0.0.1:20596]
14:40:42.883 [main] DEBUG net.serenitybdd.core.photography.Darkroom - Send negative for processing for target\site\serenity\d3cdb5897da32671c74b32785c8b96197073ccea10c2dd00ea4c4311dd6285ef.png
14:40:42.883 [main] DEBUG net.thucydides.core.steps.StepInterceptor - STEP DONE: inputfieldwilayah
14:40:42.883 [Darkroom Processing Line] DEBUG net.serenitybdd.core.photography.DarkroomProcessingLine - Processing screenshot image in /var/screenshots/screenshot-5347090246774097172
14:40:42.883 [Darkroom Processing Line] DEBUG net.serenitybdd.core.photography.DarkroomProcessingLine - Saving screenshot to target\site\serenity\d3cdb5897da32671c74b32785c8b96197073ccea10c2dd00ea4c4311dd6285ef.png
  &amp#27;[32mAnd &amp#27;[0m&amp#27;[32mAdmin input wilayah&amp#27;[0m                                                            &amp#27;[90m# starter.stepdefinitions.PDAMSteps.adminInputWilayah()&amp#27;[0m
14:40:42.907 [main] DEBUG net.thucydides.core.steps.StepInterceptor - STARTING STEP: PDAMSteps.adminKlikSimpanDanMunculErorMessage - klikbuttonsimpandantidakmunculpopupberhasil
14:40:42.907 [Forwarding findElement on session 81c3039f167eb3d3c0c34d352336fa7c to remote] DEBUG org.asynchttpclient.netty.request.NettyRequestSender - Using pooled Channel '[id: 0x9e8dac74, L:/127.0.0.1:65205 - R:localhost/127.0.0.1:20596]' for 'POST' to 'http://localhost:20596/session/81c3039f167eb3d3c0c34d352336fa7c/element'
14:40:42.907 [Forwarding findElement on session 81c3039f167eb3d3c0c34d352336fa7c to remote] DEBUG org.asynchttpclient.netty.request.NettyRequestSender - Using open Channel [id: 0x9e8dac74, L:/127.0.0.1:65205 - R:localhost/127.0.0.1:20596] for POST '/session/81c3039f167eb3d3c0c34d352336fa7c/element'
14:40:42.923 [AsyncHttpClient-1-5] DEBUG org.asynchttpclient.netty.handler.HttpHandler - 

Request DefaultHttpRequest(decodeResult: success, version: HTTP/1.1)
POST /session/81c3039f167eb3d3c0c34d352336fa7c/element HTTP/1.1
User-Agent: selenium/4.7.1 (java windows)
Content-Length: 83
Content-Type: application/json; charset=utf-8
host: localhost:20596
accept: */*

Response DefaultHttpResponse(decodeResult: success, version: HTTP/1.1)
HTTP/1.1 200 OK
Content-Type: application/json; charset=utf-8
cache-control: no-cache
content-length: 95

14:40:42.923 [AsyncHttpClient-1-5] DEBUG org.asynchttpclient.netty.channel.ChannelManager - Adding key: http://localhost:20596 for channel [id: 0x9e8dac74, L:/127.0.0.1:65205 - R:localhost/127.0.0.1:20596]
14:40:42.923 [Forwarding getElementTagName on session 81c3039f167eb3d3c0c34d352336fa7c to remote] DEBUG org.asynchttpclient.netty.request.NettyRequestSender - Using pooled Channel '[id: 0x9e8dac74, L:/127.0.0.1:65205 - R:localhost/127.0.0.1:20596]' for 'GET' to 'http://localhost:20596/session/81c3039f167eb3d3c0c34d352336fa7c/element/1F0A880FBB062E6DDAB1BFCDC47850EF_element_68/name'
14:40:42.923 [Forwarding getElementTagName on session 81c3039f167eb3d3c0c34d352336fa7c to remote] DEBUG org.asynchttpclient.netty.request.NettyRequestSender - Using open Channel [id: 0x9e8dac74, L:/127.0.0.1:65205 - R:localhost/127.0.0.1:20596] for GET '/session/81c3039f167eb3d3c0c34d352336fa7c/element/1F0A880FBB062E6DDAB1BFCDC47850EF_element_68/name'
14:40:42.931 [AsyncHttpClient-1-5] DEBUG org.asynchttpclient.netty.handler.HttpHandler - 

Request DefaultFullHttpRequest(decodeResult: success, version: HTTP/1.1, content: EmptyByteBufBE)
GET /session/81c3039f167eb3d3c0c34d352336fa7c/element/1F0A880FBB062E6DDAB1BFCDC47850EF_element_68/name HTTP/1.1
User-Agent: selenium/4.7.1 (java windows)
Cache-Control: no-cache
Content-Type: application/json; charset=utf-8
host: localhost:20596
accept: */*

Response DefaultHttpResponse(decodeResult: success, version: HTTP/1.1)
HTTP/1.1 200 OK
Content-Type: application/json; charset=utf-8
cache-control: no-cache
content-length: 18

14:40:42.931 [AsyncHttpClient-1-5] DEBUG org.asynchttpclient.netty.channel.ChannelManager - Adding key: http://localhost:20596 for channel [id: 0x9e8dac74, L:/127.0.0.1:65205 - R:localhost/127.0.0.1:20596]
14:40:42.931 [Forwarding getElementTagName on session 81c3039f167eb3d3c0c34d352336fa7c to remote] DEBUG org.asynchttpclient.netty.request.NettyRequestSender - Using pooled Channel '[id: 0x9e8dac74, L:/127.0.0.1:65205 - R:localhost/127.0.0.1:20596]' for 'GET' to 'http://localhost:20596/session/81c3039f167eb3d3c0c34d352336fa7c/element/1F0A880FBB062E6DDAB1BFCDC47850EF_element_68/name'
14:40:42.931 [Forwarding getElementTagName on session 81c3039f167eb3d3c0c34d352336fa7c to remote] DEBUG org.asynchttpclient.netty.request.NettyRequestSender - Using open Channel [id: 0x9e8dac74, L:/127.0.0.1:65205 - R:localhost/127.0.0.1:20596] for GET '/session/81c3039f167eb3d3c0c34d352336fa7c/element/1F0A880FBB062E6DDAB1BFCDC47850EF_element_68/name'
14:40:42.939 [AsyncHttpClient-1-5] DEBUG org.asynchttpclient.netty.handler.HttpHandler - 

Request DefaultFullHttpRequest(decodeResult: success, version: HTTP/1.1, content: EmptyByteBufBE)
GET /session/81c3039f167eb3d3c0c34d352336fa7c/element/1F0A880FBB062E6DDAB1BFCDC47850EF_element_68/name HTTP/1.1
User-Agent: selenium/4.7.1 (java windows)
Cache-Control: no-cache
Content-Type: application/json; charset=utf-8
host: localhost:20596
accept: */*

Response DefaultHttpResponse(decodeResult: success, version: HTTP/1.1)
HTTP/1.1 200 OK
Content-Type: application/json; charset=utf-8
cache-control: no-cache
content-length: 18

14:40:42.939 [AsyncHttpClient-1-5] DEBUG org.asynchttpclient.netty.channel.ChannelManager - Adding key: http://localhost:20596 for channel [id: 0x9e8dac74, L:/127.0.0.1:65205 - R:localhost/127.0.0.1:20596]
14:40:42.947 [Forwarding isElementEnabled on session 81c3039f167eb3d3c0c34d352336fa7c to remote] DEBUG org.asynchttpclient.netty.request.NettyRequestSender - Using pooled Channel '[id: 0x9e8dac74, L:/127.0.0.1:65205 - R:localhost/127.0.0.1:20596]' for 'GET' to 'http://localhost:20596/session/81c3039f167eb3d3c0c34d352336fa7c/element/1F0A880FBB062E6DDAB1BFCDC47850EF_element_68/enabled'
14:40:42.947 [Forwarding isElementEnabled on session 81c3039f167eb3d3c0c34d352336fa7c to remote] DEBUG org.asynchttpclient.netty.request.NettyRequestSender - Using open Channel [id: 0x9e8dac74, L:/127.0.0.1:65205 - R:localhost/127.0.0.1:20596] for GET '/session/81c3039f167eb3d3c0c34d352336fa7c/element/1F0A880FBB062E6DDAB1BFCDC47850EF_element_68/enabled'
14:40:42.955 [AsyncHttpClient-1-5] DEBUG org.asynchttpclient.netty.handler.HttpHandler - 

Request DefaultFullHttpRequest(decodeResult: success, version: HTTP/1.1, content: EmptyByteBufBE)
GET /session/81c3039f167eb3d3c0c34d352336fa7c/element/1F0A880FBB062E6DDAB1BFCDC47850EF_element_68/enabled HTTP/1.1
User-Agent: selenium/4.7.1 (java windows)
Cache-Control: no-cache
Content-Type: application/json; charset=utf-8
host: localhost:20596
accept: */*

Response DefaultHttpResponse(decodeResult: success, version: HTTP/1.1)
HTTP/1.1 200 OK
Content-Type: application/json; charset=utf-8
cache-control: no-cache
content-length: 14

14:40:42.955 [AsyncHttpClient-1-5] DEBUG org.asynchttpclient.netty.channel.ChannelManager - Adding key: http://localhost:20596 for channel [id: 0x9e8dac74, L:/127.0.0.1:65205 - R:localhost/127.0.0.1:20596]
14:40:42.955 [Forwarding isElementEnabled on session 81c3039f167eb3d3c0c34d352336fa7c to remote] DEBUG org.asynchttpclient.netty.request.NettyRequestSender - Using pooled Channel '[id: 0x9e8dac74, L:/127.0.0.1:65205 - R:localhost/127.0.0.1:20596]' for 'GET' to 'http://localhost:20596/session/81c3039f167eb3d3c0c34d352336fa7c/element/1F0A880FBB062E6DDAB1BFCDC47850EF_element_68/enabled'
14:40:42.955 [Forwarding isElementEnabled on session 81c3039f167eb3d3c0c34d352336fa7c to remote] DEBUG org.asynchttpclient.netty.request.NettyRequestSender - Using open Channel [id: 0x9e8dac74, L:/127.0.0.1:65205 - R:localhost/127.0.0.1:20596] for GET '/session/81c3039f167eb3d3c0c34d352336fa7c/element/1F0A880FBB062E6DDAB1BFCDC47850EF_element_68/enabled'
14:40:42.963 [AsyncHttpClient-1-5] DEBUG org.asynchttpclient.netty.handler.HttpHandler - 

Request DefaultFullHttpRequest(decodeResult: success, version: HTTP/1.1, content: EmptyByteBufBE)
GET /session/81c3039f167eb3d3c0c34d352336fa7c/element/1F0A880FBB062E6DDAB1BFCDC47850EF_element_68/enabled HTTP/1.1
User-Agent: selenium/4.7.1 (java windows)
Cache-Control: no-cache
Content-Type: application/json; charset=utf-8
host: localhost:20596
accept: */*

Response DefaultHttpResponse(decodeResult: success, version: HTTP/1.1)
HTTP/1.1 200 OK
Content-Type: application/json; charset=utf-8
cache-control: no-cache
content-length: 14

14:40:42.963 [AsyncHttpClient-1-5] DEBUG org.asynchttpclient.netty.channel.ChannelManager - Adding key: http://localhost:20596 for channel [id: 0x9e8dac74, L:/127.0.0.1:65205 - R:localhost/127.0.0.1:20596]
14:40:42.971 [Forwarding findElement on session 81c3039f167eb3d3c0c34d352336fa7c to remote] DEBUG org.asynchttpclient.netty.request.NettyRequestSender - Using pooled Channel '[id: 0x9e8dac74, L:/127.0.0.1:65205 - R:localhost/127.0.0.1:20596]' for 'POST' to 'http://localhost:20596/session/81c3039f167eb3d3c0c34d352336fa7c/element'
14:40:42.971 [Forwarding findElement on session 81c3039f167eb3d3c0c34d352336fa7c to remote] DEBUG org.asynchttpclient.netty.request.NettyRequestSender - Using open Channel [id: 0x9e8dac74, L:/127.0.0.1:65205 - R:localhost/127.0.0.1:20596] for POST '/session/81c3039f167eb3d3c0c34d352336fa7c/element'
14:40:42.979 [AsyncHttpClient-1-5] DEBUG org.asynchttpclient.netty.handler.HttpHandler - 

Request DefaultHttpRequest(decodeResult: success, version: HTTP/1.1)
POST /session/81c3039f167eb3d3c0c34d352336fa7c/element HTTP/1.1
User-Agent: selenium/4.7.1 (java windows)
Content-Length: 83
Content-Type: application/json; charset=utf-8
host: localhost:20596
accept: */*

Response DefaultHttpResponse(decodeResult: success, version: HTTP/1.1)
HTTP/1.1 200 OK
Content-Type: application/json; charset=utf-8
cache-control: no-cache
content-length: 95

14:40:42.979 [AsyncHttpClient-1-5] DEBUG org.asynchttpclient.netty.channel.ChannelManager - Adding key: http://localhost:20596 for channel [id: 0x9e8dac74, L:/127.0.0.1:65205 - R:localhost/127.0.0.1:20596]
14:40:42.979 [Forwarding clickElement on session 81c3039f167eb3d3c0c34d352336fa7c to remote] DEBUG org.asynchttpclient.netty.request.NettyRequestSender - Using pooled Channel '[id: 0x9e8dac74, L:/127.0.0.1:65205 - R:localhost/127.0.0.1:20596]' for 'POST' to 'http://localhost:20596/session/81c3039f167eb3d3c0c34d352336fa7c/element/1F0A880FBB062E6DDAB1BFCDC47850EF_element_68/click'
14:40:42.979 [Forwarding clickElement on session 81c3039f167eb3d3c0c34d352336fa7c to remote] DEBUG org.asynchttpclient.netty.request.NettyRequestSender - Using open Channel [id: 0x9e8dac74, L:/127.0.0.1:65205 - R:localhost/127.0.0.1:20596] for POST '/session/81c3039f167eb3d3c0c34d352336fa7c/element/1F0A880FBB062E6DDAB1BFCDC47850EF_element_68/click'
14:40:43.099 [AsyncHttpClient-1-5] DEBUG org.asynchttpclient.netty.handler.HttpHandler - 

Request DefaultHttpRequest(decodeResult: success, version: HTTP/1.1)
POST /session/81c3039f167eb3d3c0c34d352336fa7c/element/1F0A880FBB062E6DDAB1BFCDC47850EF_element_68/click HTTP/1.1
User-Agent: selenium/4.7.1 (java windows)
Content-Length: 57
Content-Type: application/json; charset=utf-8
host: localhost:20596
accept: */*

Response DefaultHttpResponse(decodeResult: success, version: HTTP/1.1)
HTTP/1.1 200 OK
Content-Type: application/json; charset=utf-8
cache-control: no-cache
content-length: 14

14:40:43.099 [AsyncHttpClient-1-5] DEBUG org.asynchttpclient.netty.channel.ChannelManager - Adding key: http://localhost:20596 for channel [id: 0x9e8dac74, L:/127.0.0.1:65205 - R:localhost/127.0.0.1:20596]
14:40:43.107 [Forwarding findElement on session 81c3039f167eb3d3c0c34d352336fa7c to remote] DEBUG org.asynchttpclient.netty.request.NettyRequestSender - Using pooled Channel '[id: 0x9e8dac74, L:/127.0.0.1:65205 - R:localhost/127.0.0.1:20596]' for 'POST' to 'http://localhost:20596/session/81c3039f167eb3d3c0c34d352336fa7c/element'
14:40:43.107 [Forwarding findElement on session 81c3039f167eb3d3c0c34d352336fa7c to remote] DEBUG org.asynchttpclient.netty.request.NettyRequestSender - Using open Channel [id: 0x9e8dac74, L:/127.0.0.1:65205 - R:localhost/127.0.0.1:20596] for POST '/session/81c3039f167eb3d3c0c34d352336fa7c/element'
14:40:43.299 [AsyncHttpClient-1-1] DEBUG org.asynchttpclient.netty.channel.DefaultChannelPool - Entry count for : http://localhost:65206 : 1
14:40:44.396 [AsyncHttpClient-1-1] DEBUG org.asynchttpclient.netty.channel.DefaultChannelPool - Entry count for : http://localhost:65206 : 1
14:40:45.163 [AsyncHttpClient-1-5] DEBUG org.asynchttpclient.netty.handler.HttpHandler - 

Request DefaultHttpRequest(decodeResult: success, version: HTTP/1.1)
POST /session/81c3039f167eb3d3c0c34d352336fa7c/element HTTP/1.1
User-Agent: selenium/4.7.1 (java windows)
Content-Length: 99
Content-Type: application/json; charset=utf-8
host: localhost:20596
accept: */*

Response DefaultHttpResponse(decodeResult: success, version: HTTP/1.1)
HTTP/1.1 404 Not Found
Content-Type: application/json; charset=utf-8
cache-control: no-cache
content-length: 973

14:40:45.163 [AsyncHttpClient-1-5] DEBUG org.asynchttpclient.netty.channel.ChannelManager - Adding key: http://localhost:20596 for channel [id: 0x9e8dac74, L:/127.0.0.1:65205 - R:localhost/127.0.0.1:20596]
14:40:45.171 [Forwarding getCurrentWindowHandle on session 81c3039f167eb3d3c0c34d352336fa7c to remote] DEBUG org.asynchttpclient.netty.request.NettyRequestSender - Using pooled Channel '[id: 0x9e8dac74, L:/127.0.0.1:65205 - R:localhost/127.0.0.1:20596]' for 'GET' to 'http://localhost:20596/session/81c3039f167eb3d3c0c34d352336fa7c/window'
14:40:45.171 [Forwarding getCurrentWindowHandle on session 81c3039f167eb3d3c0c34d352336fa7c to remote] DEBUG org.asynchttpclient.netty.request.NettyRequestSender - Using open Channel [id: 0x9e8dac74, L:/127.0.0.1:65205 - R:localhost/127.0.0.1:20596] for GET '/session/81c3039f167eb3d3c0c34d352336fa7c/window'
14:40:45.171 [AsyncHttpClient-1-5] DEBUG org.asynchttpclient.netty.handler.HttpHandler - 

Request DefaultFullHttpRequest(decodeResult: success, version: HTTP/1.1, content: EmptyByteBufBE)
GET /session/81c3039f167eb3d3c0c34d352336fa7c/window HTTP/1.1
User-Agent: selenium/4.7.1 (java windows)
Cache-Control: no-cache
Content-Type: application/json; charset=utf-8
host: localhost:20596
accept: */*

Response DefaultHttpResponse(decodeResult: success, version: HTTP/1.1)
HTTP/1.1 200 OK
Content-Type: application/json; charset=utf-8
cache-control: no-cache
content-length: 44

14:40:45.171 [AsyncHttpClient-1-5] DEBUG org.asynchttpclient.netty.channel.ChannelManager - Adding key: http://localhost:20596 for channel [id: 0x9e8dac74, L:/127.0.0.1:65205 - R:localhost/127.0.0.1:20596]
14:40:45.171 [Forwarding getAlertText on session 81c3039f167eb3d3c0c34d352336fa7c to remote] DEBUG org.asynchttpclient.netty.request.NettyRequestSender - Using pooled Channel '[id: 0x9e8dac74, L:/127.0.0.1:65205 - R:localhost/127.0.0.1:20596]' for 'GET' to 'http://localhost:20596/session/81c3039f167eb3d3c0c34d352336fa7c/alert/text'
14:40:45.171 [Forwarding getAlertText on session 81c3039f167eb3d3c0c34d352336fa7c to remote] DEBUG org.asynchttpclient.netty.request.NettyRequestSender - Using open Channel [id: 0x9e8dac74, L:/127.0.0.1:65205 - R:localhost/127.0.0.1:20596] for GET '/session/81c3039f167eb3d3c0c34d352336fa7c/alert/text'
14:40:45.179 [AsyncHttpClient-1-5] DEBUG org.asynchttpclient.netty.handler.HttpHandler - 

Request DefaultFullHttpRequest(decodeResult: success, version: HTTP/1.1, content: EmptyByteBufBE)
GET /session/81c3039f167eb3d3c0c34d352336fa7c/alert/text HTTP/1.1
User-Agent: selenium/4.7.1 (java windows)
Cache-Control: no-cache
Content-Type: application/json; charset=utf-8
host: localhost:20596
accept: */*

Response DefaultHttpResponse(decodeResult: success, version: HTTP/1.1)
HTTP/1.1 404 Not Found
Content-Type: application/json; charset=utf-8
cache-control: no-cache
content-length: 821

14:40:45.179 [AsyncHttpClient-1-5] DEBUG org.asynchttpclient.netty.channel.ChannelManager - Adding key: http://localhost:20596 for channel [id: 0x9e8dac74, L:/127.0.0.1:65205 - R:localhost/127.0.0.1:20596]
14:40:45.179 [Forwarding switchToWindow on session 81c3039f167eb3d3c0c34d352336fa7c to remote] DEBUG org.asynchttpclient.netty.request.NettyRequestSender - Using pooled Channel '[id: 0x9e8dac74, L:/127.0.0.1:65205 - R:localhost/127.0.0.1:20596]' for 'POST' to 'http://localhost:20596/session/81c3039f167eb3d3c0c34d352336fa7c/window'
14:40:45.179 [Forwarding switchToWindow on session 81c3039f167eb3d3c0c34d352336fa7c to remote] DEBUG org.asynchttpclient.netty.request.NettyRequestSender - Using open Channel [id: 0x9e8dac74, L:/127.0.0.1:65205 - R:localhost/127.0.0.1:20596] for POST '/session/81c3039f167eb3d3c0c34d352336fa7c/window'
14:40:45.179 [AsyncHttpClient-1-5] DEBUG org.asynchttpclient.netty.handler.HttpHandler - 

Request DefaultHttpRequest(decodeResult: success, version: HTTP/1.1)
POST /session/81c3039f167eb3d3c0c34d352336fa7c/window HTTP/1.1
User-Agent: selenium/4.7.1 (java windows)
Content-Length: 50
Content-Type: application/json; charset=utf-8
host: localhost:20596
accept: */*

Response DefaultHttpResponse(decodeResult: success, version: HTTP/1.1)
HTTP/1.1 200 OK
Content-Type: application/json; charset=utf-8
cache-control: no-cache
content-length: 14

14:40:45.179 [AsyncHttpClient-1-5] DEBUG org.asynchttpclient.netty.channel.ChannelManager - Adding key: http://localhost:20596 for channel [id: 0x9e8dac74, L:/127.0.0.1:65205 - R:localhost/127.0.0.1:20596]
14:40:45.179 [Forwarding getCurrentUrl on session 81c3039f167eb3d3c0c34d352336fa7c to remote] DEBUG org.asynchttpclient.netty.request.NettyRequestSender - Using pooled Channel '[id: 0x9e8dac74, L:/127.0.0.1:65205 - R:localhost/127.0.0.1:20596]' for 'GET' to 'http://localhost:20596/session/81c3039f167eb3d3c0c34d352336fa7c/url'
14:40:45.179 [Forwarding getCurrentUrl on session 81c3039f167eb3d3c0c34d352336fa7c to remote] DEBUG org.asynchttpclient.netty.request.NettyRequestSender - Using open Channel [id: 0x9e8dac74, L:/127.0.0.1:65205 - R:localhost/127.0.0.1:20596] for GET '/session/81c3039f167eb3d3c0c34d352336fa7c/url'
14:40:45.193 [AsyncHttpClient-1-5] DEBUG org.asynchttpclient.netty.handler.HttpHandler - 

Request DefaultFullHttpRequest(decodeResult: success, version: HTTP/1.1, content: EmptyByteBufBE)
GET /session/81c3039f167eb3d3c0c34d352336fa7c/url HTTP/1.1
User-Agent: selenium/4.7.1 (java windows)
Cache-Control: no-cache
Content-Type: application/json; charset=utf-8
host: localhost:20596
accept: */*

Response DefaultHttpResponse(decodeResult: success, version: HTTP/1.1)
HTTP/1.1 200 OK
Content-Type: application/json; charset=utf-8
cache-control: no-cache
content-length: 58

14:40:45.193 [AsyncHttpClient-1-5] DEBUG org.asynchttpclient.netty.channel.ChannelManager - Adding key: http://localhost:20596 for channel [id: 0x9e8dac74, L:/127.0.0.1:65205 - R:localhost/127.0.0.1:20596]
14:40:45.195 [Forwarding screenshot on session 81c3039f167eb3d3c0c34d352336fa7c to remote] DEBUG org.asynchttpclient.netty.request.NettyRequestSender - Using pooled Channel '[id: 0x9e8dac74, L:/127.0.0.1:65205 - R:localhost/127.0.0.1:20596]' for 'GET' to 'http://localhost:20596/session/81c3039f167eb3d3c0c34d352336fa7c/screenshot'
14:40:45.195 [Forwarding screenshot on session 81c3039f167eb3d3c0c34d352336fa7c to remote] DEBUG org.asynchttpclient.netty.request.NettyRequestSender - Using open Channel [id: 0x9e8dac74, L:/127.0.0.1:65205 - R:localhost/127.0.0.1:20596] for GET '/session/81c3039f167eb3d3c0c34d352336fa7c/screenshot'
14:40:45.323 [AsyncHttpClient-1-5] DEBUG org.asynchttpclient.netty.handler.HttpHandler - 

Request DefaultFullHttpRequest(decodeResult: success, version: HTTP/1.1, content: EmptyByteBufBE)
GET /session/81c3039f167eb3d3c0c34d352336fa7c/screenshot HTTP/1.1
User-Agent: selenium/4.7.1 (java windows)
Cache-Control: no-cache
Content-Type: application/json; charset=utf-8
host: localhost:20596
accept: */*

Response DefaultHttpResponse(decodeResult: success, version: HTTP/1.1)
HTTP/1.1 200 OK
Content-Type: application/json; charset=utf-8
cache-control: no-cache
content-length: 82544

14:40:45.323 [AsyncHttpClient-1-5] DEBUG org.asynchttpclient.netty.channel.ChannelManager - Adding key: http://localhost:20596 for channel [id: 0x9e8dac74, L:/127.0.0.1:65205 - R:localhost/127.0.0.1:20596]
14:40:45.331 [main] DEBUG net.serenitybdd.core.photography.Darkroom - Send negative for processing for target\site\serenity\c15da6f51c5c9f83b0ae39593e650c34c335707674f32edff1a6554c9ec142f4.png
14:40:45.331 [main] DEBUG net.thucydides.core.steps.StepInterceptor - STEP DONE: klikbuttonsimpandantidakmunculpopupberhasil
  &amp#27;[32mThen &amp#27;[0m&amp#27;[32mAdmin klik simpan dan muncul eror message kode PDAM wajib diisi&amp#27;[0m               &amp#27;[90m# starter.stepdefinitions.PDAMSteps.adminKlikSimpanDanMunculErorMessage()&amp#27;[0m
14:40:45.339 [main] INFO  - 
  _____   ___   ___   _____     ___     _     ___   ___   ___   ___  
 |_   _| | __| / __| |_   _|   | _ \   /_\   / __| / __| | __| |   \ 
   | |   | _|  \__ \   | |     |  _/  / _ \  \__ \ \__ \ | _|  | |) |
   |_|   |___| |___/   |_|     |_|   /_/ \_\ |___/ |___/ |___| |___/ 

Admin tidak dapat menambahkan produk PDAM karena tidak menginput kode PDAM
----------------------------------------------------------------------
14:40:45.339 [AsyncHttpClient-1-7] DEBUG org.asynchttpclient.netty.handler.WebSocketHandler - Channel Closed: [id: 0xa160bede, L:/127.0.0.1:65215 ! R:localhost/127.0.0.1:65206] with attribute NettyResponseFuture{currentRetry=0,
	isDone=1,
	isCancelled=0,
	asyncHandler=org.asynchttpclient.ws.WebSocketUpgradeHandler@fdb2d8,
	nettyRequest=org.asynchttpclient.netty.request.NettyRequest@45ff2ca3,
	future=java.util.concurrent.CompletableFuture@6113652d[Completed normally],
	uri=ws://localhost:65206/devtools/browser/ff1ebee7-abea-4977-a3ef-e52d7fa1db2d,
	keepAlive=true,
	redirectCount=0,
	timeoutsHolder=null,
	inAuth=0,
	touch=1687074033937}
14:40:45.339 [AsyncHttpClient-1-7] DEBUG org.asynchttpclient.netty.channel.ChannelManager - Closing Channel [id: 0xa160bede, L:/127.0.0.1:65215 ! R:localhost/127.0.0.1:65206] 
14:40:45.339 [Driver Command Executor] DEBUG org.asynchttpclient.netty.request.NettyRequestSender - Using pooled Channel '[id: 0x9e8dac74, L:/127.0.0.1:65205 - R:localhost/127.0.0.1:20596]' for 'DELETE' to 'http://localhost:20596/session/81c3039f167eb3d3c0c34d352336fa7c'
14:40:45.339 [Driver Command Executor] DEBUG org.asynchttpclient.netty.request.NettyRequestSender - Using open Channel [id: 0x9e8dac74, L:/127.0.0.1:65205 - R:localhost/127.0.0.1:20596] for DELETE '/session/81c3039f167eb3d3c0c34d352336fa7c'
14:40:45.435 [AsyncHttpClient-1-6] DEBUG org.asynchttpclient.netty.handler.HttpHandler - Unexpected I/O exception on channel [id: 0x121b0e11, L:/127.0.0.1:65214 - R:localhost/127.0.0.1:65206]
java.net.SocketException: Connection reset
	at java.base/sun.nio.ch.SocketChannelImpl.throwConnectionReset(SocketChannelImpl.java:401)
	at java.base/sun.nio.ch.SocketChannelImpl.read(SocketChannelImpl.java:434)
	at io.netty.buffer.PooledByteBuf.setBytes(PooledByteBuf.java:259)
	at io.netty.buffer.AbstractByteBuf.writeBytes(AbstractByteBuf.java:1132)
	at io.netty.channel.socket.nio.NioSocketChannel.doReadBytes(NioSocketChannel.java:357)
	at io.netty.channel.nio.AbstractNioByteChannel$NioByteUnsafe.read(AbstractNioByteChannel.java:151)
	at io.netty.channel.nio.NioEventLoop.processSelectedKey(NioEventLoop.java:788)
	at io.netty.channel.nio.NioEventLoop.processSelectedKeysOptimized(NioEventLoop.java:724)
	at io.netty.channel.nio.NioEventLoop.processSelectedKeys(NioEventLoop.java:650)
	at io.netty.channel.nio.NioEventLoop.run(NioEventLoop.java:562)
	at io.netty.util.concurrent.SingleThreadEventExecutor$4.run(SingleThreadEventExecutor.java:997)
	at io.netty.util.internal.ThreadExecutorMap$2.run(ThreadExecutorMap.java:74)
	at io.netty.util.concurrent.FastThreadLocalRunnable.run(FastThreadLocalRunnable.java:30)
	at java.base/java.lang.Thread.run(Thread.java:1589)
14:40:45.435 [AsyncHttpClient-1-6] DEBUG org.asynchttpclient.netty.channel.ChannelManager - Closing Channel [id: 0x121b0e11, L:/127.0.0.1:65214 - R:localhost/127.0.0.1:65206] 
14:40:45.435 [AsyncHttpClient-1-6] DEBUG org.asynchttpclient.netty.handler.HttpHandler - Channel Closed: [id: 0x121b0e11, L:/127.0.0.1:65214 ! R:localhost/127.0.0.1:65206] with attribute DISCARD
14:40:45.491 [AsyncHttpClient-1-1] DEBUG org.asynchttpclient.netty.channel.DefaultChannelPool - Entry count for : http://localhost:65206 : 1
14:40:45.491 [AsyncHttpClient-1-1] DEBUG org.asynchttpclient.netty.channel.DefaultChannelPool - Adding Candidate expired Channel [id: 0x121b0e11, L:/127.0.0.1:65214 ! R:localhost/127.0.0.1:65206] isIdleTimeoutExpired=false isRemotelyClosed=true isTtlExpired=false
14:40:45.491 [AsyncHttpClient-1-1] DEBUG org.asynchttpclient.netty.channel.DefaultChannelPool - Closing Idle Channel [id: 0x121b0e11, L:/127.0.0.1:65214 ! R:localhost/127.0.0.1:65206]
14:40:45.491 [AsyncHttpClient-1-1] DEBUG org.asynchttpclient.netty.channel.DefaultChannelPool - Closed 1 connections out of 1 in 0 ms
14:40:45.493 [AsyncHttpClient-1-5] DEBUG org.asynchttpclient.netty.handler.HttpHandler - 

Request DefaultFullHttpRequest(decodeResult: success, version: HTTP/1.1, content: EmptyByteBufBE)
DELETE /session/81c3039f167eb3d3c0c34d352336fa7c HTTP/1.1
User-Agent: selenium/4.7.1 (java windows)
Content-Type: application/json; charset=utf-8
host: localhost:20596
accept: */*

Response DefaultHttpResponse(decodeResult: success, version: HTTP/1.1)
HTTP/1.1 200 OK
Content-Type: application/json; charset=utf-8
cache-control: no-cache
content-length: 14

14:40:45.493 [AsyncHttpClient-1-5] DEBUG org.asynchttpclient.netty.channel.ChannelManager - Adding key: http://localhost:20596 for channel [id: 0x9e8dac74, L:/127.0.0.1:65205 - R:localhost/127.0.0.1:20596]
14:40:45.563 [AsyncHttpClient-1-5] DEBUG org.asynchttpclient.netty.handler.HttpHandler - Channel Closed: [id: 0x9e8dac74, L:/127.0.0.1:65205 ! R:localhost/127.0.0.1:20596] with attribute DISCARD
]]></system-out>
    <system-err><![CDATA[Starting ChromeDriver 114.0.5735.90 (386bc09e8f4f2e025eddae123f36f6263096ae49-refs/branch-heads/5735@{#1052}) on port 20596
Only local connections are allowed.
Please see https://chromedriver.chromium.org/security-considerations for suggestions on keeping ChromeDriver safe.
ChromeDriver was started successfully.
Jun 18, 2023 2:40:33 PM org.openqa.selenium.devtools.CdpVersionFinder findNearestMatch
WARNING: Unable to find CDP implementation matching 114
Jun 18, 2023 2:40:33 PM org.openqa.selenium.chromium.ChromiumDriver lambda$new$3
WARNING: Unable to find version of CDP to use for . You may need to include a dependency on a specific version of the CDP using something similar to `org.seleniumhq.selenium:selenium-devtools-v86:4.7.1` where the version ("v86") matches the version of the chromium-based browser you're using and the version number of the artifact is the same as Selenium's.
]]></system-err>
  </testcase>
  <testcase name="Admin tidak dapat menambahkan produk PDAM karena tidak menginput jenis PDAM" classname="PDAM" time="13.51">
    <system-out><![CDATA[
@PDAM-03
Scenario: Admin tidak dapat menambahkan produk PDAM karena tidak menginput jenis PDAM &amp#27;[90m# src/test/resources/features/PDAM.feature:26&amp#27;[0m
14:40:45.669 [main] INFO io.cucumber.core.plugin.SerenityReporter - Running feature from file:///C:/Dev/CapstoneProjectBaru/SKUYPAY%20WEB%20AUTOMATION/src/test/resources/features/PDAM.feature
14:40:45.677 [main] INFO  - 
  _____   ___   ___   _____     ___   _____     _     ___   _____   ___   ___  
 |_   _| | __| / __| |_   _|   / __| |_   _|   /_\   | _ \ |_   _| | __| |   \ 
   | |   | _|  \__ \   | |     \__ \   | |    / _ \  |   /   | |   | _|  | |) |
   |_|   |___| |___/   |_|     |___/   |_|   /_/ \_\ |_|_\   |_|   |___| |___/ 

Admin tidak dapat menambahkan produk PDAM karena tidak menginput jenis PDAM(pdam;admin-tidak-dapat-menambahkan-produk-pdam-karena-tidak-menginput-jenis-pdam)
--------------------------------------------------------------------------------
14:40:45.706 [main] DEBUG net.thucydides.core.steps.StepInterceptor - STARTING STEP: PDAMSteps.adminMelakukanLoginAkunUntukFiturPDAM - diHomepageSkuyPay
14:40:45.803 [main] INFO net.serenitybdd.core.webdriver.driverproviders.ChromeDriverProvider - Starting Chrome driver instance with capabilities:
14:40:45.803 [main] INFO net.serenitybdd.core.webdriver.driverproviders.ChromeDriverProvider - Capabilities {acceptInsecureCerts: true, browserName: chrome, goog:chromeOptions: {args: [remote-allow-origins=*, test-type, no-sandbox, ignore-certificate-errors, start-maximized, incognito, disable-infobars, disable-gpu, disable-default-apps, disable-popup-blocking, remote-allow-origins=*, test-type, no-sandbox, ignore-certificate-errors, start-maximized, incognito, disable-infobars, disable-gpu, disable-default-apps, disable-popup-blocking], extensions: []}}
14:40:45.979 [AsyncHttpClient-1-8] DEBUG org.asynchttpclient.netty.channel.NettyConnectListener - Using new Channel '[id: 0x3ebb0347, L:/127.0.0.1:65249 - R:localhost/127.0.0.1:1056]' for 'POST' to '/session'
14:40:46.619 [AsyncHttpClient-1-1] DEBUG org.asynchttpclient.netty.channel.DefaultChannelPool - Entry count for : http://localhost:20596 : 1
14:40:46.619 [AsyncHttpClient-1-1] DEBUG org.asynchttpclient.netty.channel.DefaultChannelPool - Adding Candidate expired Channel [id: 0x9e8dac74, L:/127.0.0.1:65205 ! R:localhost/127.0.0.1:20596] isIdleTimeoutExpired=false isRemotelyClosed=true isTtlExpired=false
14:40:46.627 [AsyncHttpClient-1-1] DEBUG org.asynchttpclient.netty.channel.DefaultChannelPool - Closing Idle Channel [id: 0x9e8dac74, L:/127.0.0.1:65205 ! R:localhost/127.0.0.1:20596]
14:40:46.627 [AsyncHttpClient-1-1] DEBUG org.asynchttpclient.netty.channel.DefaultChannelPool - Closed 1 connections out of 1 in 8 ms
14:40:48.950 [AsyncHttpClient-1-8] DEBUG org.asynchttpclient.netty.handler.HttpHandler - 

Request DefaultHttpRequest(decodeResult: success, version: HTTP/1.1)
POST /session HTTP/1.1
User-Agent: selenium/4.7.1 (java windows)
Content-Length: 1629
Content-Type: application/json; charset=utf-8
host: localhost:1056
accept: */*

Response DefaultHttpResponse(decodeResult: success, version: HTTP/1.1)
HTTP/1.1 200 OK
Content-Type: application/json; charset=utf-8
cache-control: no-cache
content-length: 856

14:40:48.950 [AsyncHttpClient-1-8] DEBUG org.asynchttpclient.netty.channel.ChannelManager - Adding key: http://localhost:1056 for channel [id: 0x3ebb0347, L:/127.0.0.1:65249 - R:localhost/127.0.0.1:1056]
14:40:48.966 [AsyncHttpClient-1-9] DEBUG org.asynchttpclient.netty.channel.NettyConnectListener - Using new Channel '[id: 0xc10b068d, L:/127.0.0.1:65258 - R:localhost/127.0.0.1:65251]' for 'GET' to '/json/version'
14:40:48.974 [AsyncHttpClient-1-9] DEBUG org.asynchttpclient.netty.handler.HttpHandler - 

Request DefaultFullHttpRequest(decodeResult: success, version: HTTP/1.1, content: EmptyByteBufBE)
GET /json/version HTTP/1.1
User-Agent: selenium/4.7.1 (java windows)
host: localhost:65251
accept: */*

Response DefaultHttpResponse(decodeResult: success, version: HTTP/1.1)
HTTP/1.1 200 OK
Content-Security-Policy: frame-ancestors 'none'
Content-Type: application/json; charset=UTF-8
content-length: 424

14:40:48.974 [AsyncHttpClient-1-9] DEBUG org.asynchttpclient.netty.channel.ChannelManager - Adding key: http://localhost:65251 for channel [id: 0xc10b068d, L:/127.0.0.1:65258 - R:localhost/127.0.0.1:65251]
14:40:48.982 [AsyncHttpClient-1-10] DEBUG org.asynchttpclient.netty.channel.NettyConnectListener - Using new Channel '[id: 0x3f17ed3a, L:/127.0.0.1:65259 - R:localhost/127.0.0.1:65251]' for 'GET' to '/devtools/browser/30f71100-e43b-4970-933c-c3d80a8fe5ae'
14:40:48.982 [AsyncHttpClient-1-10] DEBUG org.asynchttpclient.netty.handler.WebSocketHandler - 

Request DefaultFullHttpRequest(decodeResult: success, version: HTTP/1.1, content: EmptyByteBufBE)
GET /devtools/browser/30f71100-e43b-4970-933c-c3d80a8fe5ae HTTP/1.1
upgrade: websocket
connection: upgrade
sec-websocket-key: S9qKUA+oXgEccjKGilp5iA==
sec-websocket-version: 13
origin: http://localhost:65251
host: localhost:65251
accept: */*
user-agent: AHC/2.1

Response DefaultHttpResponse(decodeResult: success, version: HTTP/1.1)
HTTP/1.1 101 WebSocket Protocol Handshake
Upgrade: WebSocket
Connection: Upgrade
Sec-WebSocket-Accept: i3RoRikGVtW3eAmW/Q6eV7CF1ag=

14:40:48.998 [Forwarding get on session 7d8ec28dd92c9c51502839cdfe8b9fb0 to remote] DEBUG org.asynchttpclient.netty.request.NettyRequestSender - Using pooled Channel '[id: 0x3ebb0347, L:/127.0.0.1:65249 - R:localhost/127.0.0.1:1056]' for 'POST' to 'http://localhost:1056/session/7d8ec28dd92c9c51502839cdfe8b9fb0/url'
14:40:48.998 [Forwarding get on session 7d8ec28dd92c9c51502839cdfe8b9fb0 to remote] DEBUG org.asynchttpclient.netty.request.NettyRequestSender - Using open Channel [id: 0x3ebb0347, L:/127.0.0.1:65249 - R:localhost/127.0.0.1:1056] for POST '/session/7d8ec28dd92c9c51502839cdfe8b9fb0/url'
14:40:49.892 [AsyncHttpClient-1-1] DEBUG org.asynchttpclient.netty.channel.DefaultChannelPool - Entry count for : http://localhost:65251 : 1
14:40:50.447 [AsyncHttpClient-1-8] DEBUG org.asynchttpclient.netty.handler.HttpHandler - 

Request DefaultHttpRequest(decodeResult: success, version: HTTP/1.1)
POST /session/7d8ec28dd92c9c51502839cdfe8b9fb0/url HTTP/1.1
User-Agent: selenium/4.7.1 (java windows)
Content-Length: 69
Content-Type: application/json; charset=utf-8
host: localhost:1056
accept: */*

Response DefaultHttpResponse(decodeResult: success, version: HTTP/1.1)
HTTP/1.1 200 OK
Content-Type: application/json; charset=utf-8
cache-control: no-cache
content-length: 14

14:40:50.447 [AsyncHttpClient-1-8] DEBUG org.asynchttpclient.netty.channel.ChannelManager - Adding key: http://localhost:1056 for channel [id: 0x3ebb0347, L:/127.0.0.1:65249 - R:localhost/127.0.0.1:1056]
14:40:50.455 [Forwarding setTimeout on session 7d8ec28dd92c9c51502839cdfe8b9fb0 to remote] DEBUG org.asynchttpclient.netty.request.NettyRequestSender - Using pooled Channel '[id: 0x3ebb0347, L:/127.0.0.1:65249 - R:localhost/127.0.0.1:1056]' for 'POST' to 'http://localhost:1056/session/7d8ec28dd92c9c51502839cdfe8b9fb0/timeouts'
14:40:50.455 [Forwarding setTimeout on session 7d8ec28dd92c9c51502839cdfe8b9fb0 to remote] DEBUG org.asynchttpclient.netty.request.NettyRequestSender - Using open Channel [id: 0x3ebb0347, L:/127.0.0.1:65249 - R:localhost/127.0.0.1:1056] for POST '/session/7d8ec28dd92c9c51502839cdfe8b9fb0/timeouts'
14:40:50.455 [AsyncHttpClient-1-8] DEBUG org.asynchttpclient.netty.handler.HttpHandler - 

Request DefaultHttpRequest(decodeResult: success, version: HTTP/1.1)
POST /session/7d8ec28dd92c9c51502839cdfe8b9fb0/timeouts HTTP/1.1
User-Agent: selenium/4.7.1 (java windows)
Content-Length: 22
Content-Type: application/json; charset=utf-8
host: localhost:1056
accept: */*

Response DefaultHttpResponse(decodeResult: success, version: HTTP/1.1)
HTTP/1.1 200 OK
Content-Type: application/json; charset=utf-8
cache-control: no-cache
content-length: 14

14:40:50.455 [AsyncHttpClient-1-8] DEBUG org.asynchttpclient.netty.channel.ChannelManager - Adding key: http://localhost:1056 for channel [id: 0x3ebb0347, L:/127.0.0.1:65249 - R:localhost/127.0.0.1:1056]
14:40:50.463 [Forwarding getCurrentUrl on session 7d8ec28dd92c9c51502839cdfe8b9fb0 to remote] DEBUG org.asynchttpclient.netty.request.NettyRequestSender - Using pooled Channel '[id: 0x3ebb0347, L:/127.0.0.1:65249 - R:localhost/127.0.0.1:1056]' for 'GET' to 'http://localhost:1056/session/7d8ec28dd92c9c51502839cdfe8b9fb0/url'
14:40:50.463 [Forwarding getCurrentUrl on session 7d8ec28dd92c9c51502839cdfe8b9fb0 to remote] DEBUG org.asynchttpclient.netty.request.NettyRequestSender - Using open Channel [id: 0x3ebb0347, L:/127.0.0.1:65249 - R:localhost/127.0.0.1:1056] for GET '/session/7d8ec28dd92c9c51502839cdfe8b9fb0/url'
14:40:50.487 [AsyncHttpClient-1-8] DEBUG org.asynchttpclient.netty.handler.HttpHandler - 

Request DefaultFullHttpRequest(decodeResult: success, version: HTTP/1.1, content: EmptyByteBufBE)
GET /session/7d8ec28dd92c9c51502839cdfe8b9fb0/url HTTP/1.1
User-Agent: selenium/4.7.1 (java windows)
Cache-Control: no-cache
Content-Type: application/json; charset=utf-8
host: localhost:1056
accept: */*

Response DefaultHttpResponse(decodeResult: success, version: HTTP/1.1)
HTTP/1.1 200 OK
Content-Type: application/json; charset=utf-8
cache-control: no-cache
content-length: 51

14:40:50.487 [AsyncHttpClient-1-8] DEBUG org.asynchttpclient.netty.channel.ChannelManager - Adding key: http://localhost:1056 for channel [id: 0x3ebb0347, L:/127.0.0.1:65249 - R:localhost/127.0.0.1:1056]
14:40:50.495 [Forwarding getCurrentUrl on session 7d8ec28dd92c9c51502839cdfe8b9fb0 to remote] DEBUG org.asynchttpclient.netty.request.NettyRequestSender - Using pooled Channel '[id: 0x3ebb0347, L:/127.0.0.1:65249 - R:localhost/127.0.0.1:1056]' for 'GET' to 'http://localhost:1056/session/7d8ec28dd92c9c51502839cdfe8b9fb0/url'
14:40:50.495 [Forwarding getCurrentUrl on session 7d8ec28dd92c9c51502839cdfe8b9fb0 to remote] DEBUG org.asynchttpclient.netty.request.NettyRequestSender - Using open Channel [id: 0x3ebb0347, L:/127.0.0.1:65249 - R:localhost/127.0.0.1:1056] for GET '/session/7d8ec28dd92c9c51502839cdfe8b9fb0/url'
14:40:50.503 [AsyncHttpClient-1-8] DEBUG org.asynchttpclient.netty.handler.HttpHandler - 

Request DefaultFullHttpRequest(decodeResult: success, version: HTTP/1.1, content: EmptyByteBufBE)
GET /session/7d8ec28dd92c9c51502839cdfe8b9fb0/url HTTP/1.1
User-Agent: selenium/4.7.1 (java windows)
Cache-Control: no-cache
Content-Type: application/json; charset=utf-8
host: localhost:1056
accept: */*

Response DefaultHttpResponse(decodeResult: success, version: HTTP/1.1)
HTTP/1.1 200 OK
Content-Type: application/json; charset=utf-8
cache-control: no-cache
content-length: 51

14:40:50.503 [AsyncHttpClient-1-8] DEBUG org.asynchttpclient.netty.channel.ChannelManager - Adding key: http://localhost:1056 for channel [id: 0x3ebb0347, L:/127.0.0.1:65249 - R:localhost/127.0.0.1:1056]
14:40:50.503 [Forwarding findElement on session 7d8ec28dd92c9c51502839cdfe8b9fb0 to remote] DEBUG org.asynchttpclient.netty.request.NettyRequestSender - Using pooled Channel '[id: 0x3ebb0347, L:/127.0.0.1:65249 - R:localhost/127.0.0.1:1056]' for 'POST' to 'http://localhost:1056/session/7d8ec28dd92c9c51502839cdfe8b9fb0/element'
14:40:50.503 [Forwarding findElement on session 7d8ec28dd92c9c51502839cdfe8b9fb0 to remote] DEBUG org.asynchttpclient.netty.request.NettyRequestSender - Using open Channel [id: 0x3ebb0347, L:/127.0.0.1:65249 - R:localhost/127.0.0.1:1056] for POST '/session/7d8ec28dd92c9c51502839cdfe8b9fb0/element'
14:40:50.527 [AsyncHttpClient-1-8] DEBUG org.asynchttpclient.netty.handler.HttpHandler - 

Request DefaultHttpRequest(decodeResult: success, version: HTTP/1.1)
POST /session/7d8ec28dd92c9c51502839cdfe8b9fb0/element HTTP/1.1
User-Agent: selenium/4.7.1 (java windows)
Content-Length: 84
Content-Type: application/json; charset=utf-8
host: localhost:1056
accept: */*

Response DefaultHttpResponse(decodeResult: success, version: HTTP/1.1)
HTTP/1.1 200 OK
Content-Type: application/json; charset=utf-8
cache-control: no-cache
content-length: 94

14:40:50.527 [AsyncHttpClient-1-8] DEBUG org.asynchttpclient.netty.channel.ChannelManager - Adding key: http://localhost:1056 for channel [id: 0x3ebb0347, L:/127.0.0.1:65249 - R:localhost/127.0.0.1:1056]
14:40:50.535 [Forwarding isElementDisplayed on session 7d8ec28dd92c9c51502839cdfe8b9fb0 to remote] DEBUG org.asynchttpclient.netty.request.NettyRequestSender - Using pooled Channel '[id: 0x3ebb0347, L:/127.0.0.1:65249 - R:localhost/127.0.0.1:1056]' for 'POST' to 'http://localhost:1056/session/7d8ec28dd92c9c51502839cdfe8b9fb0/execute/sync'
14:40:50.535 [Forwarding isElementDisplayed on session 7d8ec28dd92c9c51502839cdfe8b9fb0 to remote] DEBUG org.asynchttpclient.netty.request.NettyRequestSender - Using open Channel [id: 0x3ebb0347, L:/127.0.0.1:65249 - R:localhost/127.0.0.1:1056] for POST '/session/7d8ec28dd92c9c51502839cdfe8b9fb0/execute/sync'
14:40:50.559 [AsyncHttpClient-1-8] DEBUG org.asynchttpclient.netty.handler.HttpHandler - 

Request DefaultHttpRequest(decodeResult: success, version: HTTP/1.1)
POST /session/7d8ec28dd92c9c51502839cdfe8b9fb0/execute/sync HTTP/1.1
User-Agent: selenium/4.7.1 (java windows)
Content-Length: 48786
Content-Type: application/json; charset=utf-8
host: localhost:1056
accept: */*

Response DefaultHttpResponse(decodeResult: success, version: HTTP/1.1)
HTTP/1.1 200 OK
Content-Type: application/json; charset=utf-8
cache-control: no-cache
content-length: 14

14:40:50.559 [AsyncHttpClient-1-8] DEBUG org.asynchttpclient.netty.channel.ChannelManager - Adding key: http://localhost:1056 for channel [id: 0x3ebb0347, L:/127.0.0.1:65249 - R:localhost/127.0.0.1:1056]
14:40:50.568 [Forwarding isElementDisplayed on session 7d8ec28dd92c9c51502839cdfe8b9fb0 to remote] DEBUG org.asynchttpclient.netty.request.NettyRequestSender - Using pooled Channel '[id: 0x3ebb0347, L:/127.0.0.1:65249 - R:localhost/127.0.0.1:1056]' for 'POST' to 'http://localhost:1056/session/7d8ec28dd92c9c51502839cdfe8b9fb0/execute/sync'
14:40:50.568 [Forwarding isElementDisplayed on session 7d8ec28dd92c9c51502839cdfe8b9fb0 to remote] DEBUG org.asynchttpclient.netty.request.NettyRequestSender - Using open Channel [id: 0x3ebb0347, L:/127.0.0.1:65249 - R:localhost/127.0.0.1:1056] for POST '/session/7d8ec28dd92c9c51502839cdfe8b9fb0/execute/sync'
14:40:50.590 [AsyncHttpClient-1-8] DEBUG org.asynchttpclient.netty.handler.HttpHandler - 

Request DefaultHttpRequest(decodeResult: success, version: HTTP/1.1)
POST /session/7d8ec28dd92c9c51502839cdfe8b9fb0/execute/sync HTTP/1.1
User-Agent: selenium/4.7.1 (java windows)
Content-Length: 48786
Content-Type: application/json; charset=utf-8
host: localhost:1056
accept: */*

Response DefaultHttpResponse(decodeResult: success, version: HTTP/1.1)
HTTP/1.1 200 OK
Content-Type: application/json; charset=utf-8
cache-control: no-cache
content-length: 14

14:40:50.591 [AsyncHttpClient-1-8] DEBUG org.asynchttpclient.netty.channel.ChannelManager - Adding key: http://localhost:1056 for channel [id: 0x3ebb0347, L:/127.0.0.1:65249 - R:localhost/127.0.0.1:1056]
14:40:50.596 [Forwarding getCurrentWindowHandle on session 7d8ec28dd92c9c51502839cdfe8b9fb0 to remote] DEBUG org.asynchttpclient.netty.request.NettyRequestSender - Using pooled Channel '[id: 0x3ebb0347, L:/127.0.0.1:65249 - R:localhost/127.0.0.1:1056]' for 'GET' to 'http://localhost:1056/session/7d8ec28dd92c9c51502839cdfe8b9fb0/window'
14:40:50.596 [Forwarding getCurrentWindowHandle on session 7d8ec28dd92c9c51502839cdfe8b9fb0 to remote] DEBUG org.asynchttpclient.netty.request.NettyRequestSender - Using open Channel [id: 0x3ebb0347, L:/127.0.0.1:65249 - R:localhost/127.0.0.1:1056] for GET '/session/7d8ec28dd92c9c51502839cdfe8b9fb0/window'
14:40:50.599 [AsyncHttpClient-1-8] DEBUG org.asynchttpclient.netty.handler.HttpHandler - 

Request DefaultFullHttpRequest(decodeResult: success, version: HTTP/1.1, content: EmptyByteBufBE)
GET /session/7d8ec28dd92c9c51502839cdfe8b9fb0/window HTTP/1.1
User-Agent: selenium/4.7.1 (java windows)
Cache-Control: no-cache
Content-Type: application/json; charset=utf-8
host: localhost:1056
accept: */*

Response DefaultHttpResponse(decodeResult: success, version: HTTP/1.1)
HTTP/1.1 200 OK
Content-Type: application/json; charset=utf-8
cache-control: no-cache
content-length: 44

14:40:50.599 [AsyncHttpClient-1-8] DEBUG org.asynchttpclient.netty.channel.ChannelManager - Adding key: http://localhost:1056 for channel [id: 0x3ebb0347, L:/127.0.0.1:65249 - R:localhost/127.0.0.1:1056]
14:40:50.599 [Forwarding getAlertText on session 7d8ec28dd92c9c51502839cdfe8b9fb0 to remote] DEBUG org.asynchttpclient.netty.request.NettyRequestSender - Using pooled Channel '[id: 0x3ebb0347, L:/127.0.0.1:65249 - R:localhost/127.0.0.1:1056]' for 'GET' to 'http://localhost:1056/session/7d8ec28dd92c9c51502839cdfe8b9fb0/alert/text'
14:40:50.599 [Forwarding getAlertText on session 7d8ec28dd92c9c51502839cdfe8b9fb0 to remote] DEBUG org.asynchttpclient.netty.request.NettyRequestSender - Using open Channel [id: 0x3ebb0347, L:/127.0.0.1:65249 - R:localhost/127.0.0.1:1056] for GET '/session/7d8ec28dd92c9c51502839cdfe8b9fb0/alert/text'
14:40:50.599 [AsyncHttpClient-1-8] DEBUG org.asynchttpclient.netty.handler.HttpHandler - 

Request DefaultFullHttpRequest(decodeResult: success, version: HTTP/1.1, content: EmptyByteBufBE)
GET /session/7d8ec28dd92c9c51502839cdfe8b9fb0/alert/text HTTP/1.1
User-Agent: selenium/4.7.1 (java windows)
Cache-Control: no-cache
Content-Type: application/json; charset=utf-8
host: localhost:1056
accept: */*

Response DefaultHttpResponse(decodeResult: success, version: HTTP/1.1)
HTTP/1.1 404 Not Found
Content-Type: application/json; charset=utf-8
cache-control: no-cache
content-length: 821

14:40:50.599 [AsyncHttpClient-1-8] DEBUG org.asynchttpclient.netty.channel.ChannelManager - Adding key: http://localhost:1056 for channel [id: 0x3ebb0347, L:/127.0.0.1:65249 - R:localhost/127.0.0.1:1056]
14:40:50.607 [Forwarding switchToWindow on session 7d8ec28dd92c9c51502839cdfe8b9fb0 to remote] DEBUG org.asynchttpclient.netty.request.NettyRequestSender - Using pooled Channel '[id: 0x3ebb0347, L:/127.0.0.1:65249 - R:localhost/127.0.0.1:1056]' for 'POST' to 'http://localhost:1056/session/7d8ec28dd92c9c51502839cdfe8b9fb0/window'
14:40:50.607 [Forwarding switchToWindow on session 7d8ec28dd92c9c51502839cdfe8b9fb0 to remote] DEBUG org.asynchttpclient.netty.request.NettyRequestSender - Using open Channel [id: 0x3ebb0347, L:/127.0.0.1:65249 - R:localhost/127.0.0.1:1056] for POST '/session/7d8ec28dd92c9c51502839cdfe8b9fb0/window'
14:40:50.607 [AsyncHttpClient-1-8] DEBUG org.asynchttpclient.netty.handler.HttpHandler - 

Request DefaultHttpRequest(decodeResult: success, version: HTTP/1.1)
POST /session/7d8ec28dd92c9c51502839cdfe8b9fb0/window HTTP/1.1
User-Agent: selenium/4.7.1 (java windows)
Content-Length: 50
Content-Type: application/json; charset=utf-8
host: localhost:1056
accept: */*

Response DefaultHttpResponse(decodeResult: success, version: HTTP/1.1)
HTTP/1.1 200 OK
Content-Type: application/json; charset=utf-8
cache-control: no-cache
content-length: 14

14:40:50.607 [AsyncHttpClient-1-8] DEBUG org.asynchttpclient.netty.channel.ChannelManager - Adding key: http://localhost:1056 for channel [id: 0x3ebb0347, L:/127.0.0.1:65249 - R:localhost/127.0.0.1:1056]
14:40:50.607 [Forwarding getCurrentUrl on session 7d8ec28dd92c9c51502839cdfe8b9fb0 to remote] DEBUG org.asynchttpclient.netty.request.NettyRequestSender - Using pooled Channel '[id: 0x3ebb0347, L:/127.0.0.1:65249 - R:localhost/127.0.0.1:1056]' for 'GET' to 'http://localhost:1056/session/7d8ec28dd92c9c51502839cdfe8b9fb0/url'
14:40:50.607 [Forwarding getCurrentUrl on session 7d8ec28dd92c9c51502839cdfe8b9fb0 to remote] DEBUG org.asynchttpclient.netty.request.NettyRequestSender - Using open Channel [id: 0x3ebb0347, L:/127.0.0.1:65249 - R:localhost/127.0.0.1:1056] for GET '/session/7d8ec28dd92c9c51502839cdfe8b9fb0/url'
14:40:50.615 [AsyncHttpClient-1-8] DEBUG org.asynchttpclient.netty.handler.HttpHandler - 

Request DefaultFullHttpRequest(decodeResult: success, version: HTTP/1.1, content: EmptyByteBufBE)
GET /session/7d8ec28dd92c9c51502839cdfe8b9fb0/url HTTP/1.1
User-Agent: selenium/4.7.1 (java windows)
Cache-Control: no-cache
Content-Type: application/json; charset=utf-8
host: localhost:1056
accept: */*

Response DefaultHttpResponse(decodeResult: success, version: HTTP/1.1)
HTTP/1.1 200 OK
Content-Type: application/json; charset=utf-8
cache-control: no-cache
content-length: 51

14:40:50.615 [AsyncHttpClient-1-8] DEBUG org.asynchttpclient.netty.channel.ChannelManager - Adding key: http://localhost:1056 for channel [id: 0x3ebb0347, L:/127.0.0.1:65249 - R:localhost/127.0.0.1:1056]
14:40:50.615 [Forwarding screenshot on session 7d8ec28dd92c9c51502839cdfe8b9fb0 to remote] DEBUG org.asynchttpclient.netty.request.NettyRequestSender - Using pooled Channel '[id: 0x3ebb0347, L:/127.0.0.1:65249 - R:localhost/127.0.0.1:1056]' for 'GET' to 'http://localhost:1056/session/7d8ec28dd92c9c51502839cdfe8b9fb0/screenshot'
14:40:50.615 [Forwarding screenshot on session 7d8ec28dd92c9c51502839cdfe8b9fb0 to remote] DEBUG org.asynchttpclient.netty.request.NettyRequestSender - Using open Channel [id: 0x3ebb0347, L:/127.0.0.1:65249 - R:localhost/127.0.0.1:1056] for GET '/session/7d8ec28dd92c9c51502839cdfe8b9fb0/screenshot'
14:40:50.827 [AsyncHttpClient-1-8] DEBUG org.asynchttpclient.netty.handler.HttpHandler - 

Request DefaultFullHttpRequest(decodeResult: success, version: HTTP/1.1, content: EmptyByteBufBE)
GET /session/7d8ec28dd92c9c51502839cdfe8b9fb0/screenshot HTTP/1.1
User-Agent: selenium/4.7.1 (java windows)
Cache-Control: no-cache
Content-Type: application/json; charset=utf-8
host: localhost:1056
accept: */*

Response DefaultHttpResponse(decodeResult: success, version: HTTP/1.1)
HTTP/1.1 200 OK
Content-Type: application/json; charset=utf-8
cache-control: no-cache
content-length: 187992

14:40:50.827 [AsyncHttpClient-1-8] DEBUG org.asynchttpclient.netty.channel.ChannelManager - Adding key: http://localhost:1056 for channel [id: 0x3ebb0347, L:/127.0.0.1:65249 - R:localhost/127.0.0.1:1056]
14:40:50.835 [main] DEBUG net.serenitybdd.core.photography.Darkroom - Send negative for processing for target\site\serenity\e4c78ed65262137eca58a32125994c1e1e691dd9645e4aaad07967e8d2db41d5.png
14:40:50.835 [main] DEBUG net.thucydides.core.steps.StepInterceptor - STEP DONE: diHomepageSkuyPay
14:40:50.835 [Darkroom Processing Line] DEBUG net.serenitybdd.core.photography.DarkroomProcessingLine - Processing screenshot image in /var/screenshots/screenshot-6143612875690056161
14:40:50.835 [Darkroom Processing Line] DEBUG net.serenitybdd.core.photography.DarkroomProcessingLine - Saving screenshot to target\site\serenity\e4c78ed65262137eca58a32125994c1e1e691dd9645e4aaad07967e8d2db41d5.png
14:40:50.843 [main] DEBUG net.thucydides.core.steps.StepInterceptor - STARTING STEP: PDAMSteps.adminMelakukanLoginAkunUntukFiturPDAM - inputfieldemail
14:40:50.843 [Forwarding findElement on session 7d8ec28dd92c9c51502839cdfe8b9fb0 to remote] DEBUG org.asynchttpclient.netty.request.NettyRequestSender - Using pooled Channel '[id: 0x3ebb0347, L:/127.0.0.1:65249 - R:localhost/127.0.0.1:1056]' for 'POST' to 'http://localhost:1056/session/7d8ec28dd92c9c51502839cdfe8b9fb0/element'
14:40:50.843 [Forwarding findElement on session 7d8ec28dd92c9c51502839cdfe8b9fb0 to remote] DEBUG org.asynchttpclient.netty.request.NettyRequestSender - Using open Channel [id: 0x3ebb0347, L:/127.0.0.1:65249 - R:localhost/127.0.0.1:1056] for POST '/session/7d8ec28dd92c9c51502839cdfe8b9fb0/element'
14:40:50.859 [AsyncHttpClient-1-8] DEBUG org.asynchttpclient.netty.handler.HttpHandler - 

Request DefaultHttpRequest(decodeResult: success, version: HTTP/1.1)
POST /session/7d8ec28dd92c9c51502839cdfe8b9fb0/element HTTP/1.1
User-Agent: selenium/4.7.1 (java windows)
Content-Length: 84
Content-Type: application/json; charset=utf-8
host: localhost:1056
accept: */*

Response DefaultHttpResponse(decodeResult: success, version: HTTP/1.1)
HTTP/1.1 200 OK
Content-Type: application/json; charset=utf-8
cache-control: no-cache
content-length: 94

14:40:50.859 [AsyncHttpClient-1-8] DEBUG org.asynchttpclient.netty.channel.ChannelManager - Adding key: http://localhost:1056 for channel [id: 0x3ebb0347, L:/127.0.0.1:65249 - R:localhost/127.0.0.1:1056]
14:40:50.859 [Forwarding getElementTagName on session 7d8ec28dd92c9c51502839cdfe8b9fb0 to remote] DEBUG org.asynchttpclient.netty.request.NettyRequestSender - Using pooled Channel '[id: 0x3ebb0347, L:/127.0.0.1:65249 - R:localhost/127.0.0.1:1056]' for 'GET' to 'http://localhost:1056/session/7d8ec28dd92c9c51502839cdfe8b9fb0/element/3315F16F895C2AD6297A155AFA30619E_element_7/name'
14:40:50.859 [Forwarding getElementTagName on session 7d8ec28dd92c9c51502839cdfe8b9fb0 to remote] DEBUG org.asynchttpclient.netty.request.NettyRequestSender - Using open Channel [id: 0x3ebb0347, L:/127.0.0.1:65249 - R:localhost/127.0.0.1:1056] for GET '/session/7d8ec28dd92c9c51502839cdfe8b9fb0/element/3315F16F895C2AD6297A155AFA30619E_element_7/name'
14:40:50.867 [AsyncHttpClient-1-8] DEBUG org.asynchttpclient.netty.handler.HttpHandler - 

Request DefaultFullHttpRequest(decodeResult: success, version: HTTP/1.1, content: EmptyByteBufBE)
GET /session/7d8ec28dd92c9c51502839cdfe8b9fb0/element/3315F16F895C2AD6297A155AFA30619E_element_7/name HTTP/1.1
User-Agent: selenium/4.7.1 (java windows)
Cache-Control: no-cache
Content-Type: application/json; charset=utf-8
host: localhost:1056
accept: */*

Response DefaultHttpResponse(decodeResult: success, version: HTTP/1.1)
HTTP/1.1 200 OK
Content-Type: application/json; charset=utf-8
cache-control: no-cache
content-length: 17

14:40:50.867 [AsyncHttpClient-1-8] DEBUG org.asynchttpclient.netty.channel.ChannelManager - Adding key: http://localhost:1056 for channel [id: 0x3ebb0347, L:/127.0.0.1:65249 - R:localhost/127.0.0.1:1056]
14:40:50.875 [Forwarding getElementTagName on session 7d8ec28dd92c9c51502839cdfe8b9fb0 to remote] DEBUG org.asynchttpclient.netty.request.NettyRequestSender - Using pooled Channel '[id: 0x3ebb0347, L:/127.0.0.1:65249 - R:localhost/127.0.0.1:1056]' for 'GET' to 'http://localhost:1056/session/7d8ec28dd92c9c51502839cdfe8b9fb0/element/3315F16F895C2AD6297A155AFA30619E_element_7/name'
14:40:50.875 [Forwarding getElementTagName on session 7d8ec28dd92c9c51502839cdfe8b9fb0 to remote] DEBUG org.asynchttpclient.netty.request.NettyRequestSender - Using open Channel [id: 0x3ebb0347, L:/127.0.0.1:65249 - R:localhost/127.0.0.1:1056] for GET '/session/7d8ec28dd92c9c51502839cdfe8b9fb0/element/3315F16F895C2AD6297A155AFA30619E_element_7/name'
14:40:50.883 [AsyncHttpClient-1-8] DEBUG org.asynchttpclient.netty.handler.HttpHandler - 

Request DefaultFullHttpRequest(decodeResult: success, version: HTTP/1.1, content: EmptyByteBufBE)
GET /session/7d8ec28dd92c9c51502839cdfe8b9fb0/element/3315F16F895C2AD6297A155AFA30619E_element_7/name HTTP/1.1
User-Agent: selenium/4.7.1 (java windows)
Cache-Control: no-cache
Content-Type: application/json; charset=utf-8
host: localhost:1056
accept: */*

Response DefaultHttpResponse(decodeResult: success, version: HTTP/1.1)
HTTP/1.1 200 OK
Content-Type: application/json; charset=utf-8
cache-control: no-cache
content-length: 17

14:40:50.883 [AsyncHttpClient-1-8] DEBUG org.asynchttpclient.netty.channel.ChannelManager - Adding key: http://localhost:1056 for channel [id: 0x3ebb0347, L:/127.0.0.1:65249 - R:localhost/127.0.0.1:1056]
14:40:50.883 [Forwarding isElementEnabled on session 7d8ec28dd92c9c51502839cdfe8b9fb0 to remote] DEBUG org.asynchttpclient.netty.request.NettyRequestSender - Using pooled Channel '[id: 0x3ebb0347, L:/127.0.0.1:65249 - R:localhost/127.0.0.1:1056]' for 'GET' to 'http://localhost:1056/session/7d8ec28dd92c9c51502839cdfe8b9fb0/element/3315F16F895C2AD6297A155AFA30619E_element_7/enabled'
14:40:50.883 [Forwarding isElementEnabled on session 7d8ec28dd92c9c51502839cdfe8b9fb0 to remote] DEBUG org.asynchttpclient.netty.request.NettyRequestSender - Using open Channel [id: 0x3ebb0347, L:/127.0.0.1:65249 - R:localhost/127.0.0.1:1056] for GET '/session/7d8ec28dd92c9c51502839cdfe8b9fb0/element/3315F16F895C2AD6297A155AFA30619E_element_7/enabled'
14:40:50.899 [AsyncHttpClient-1-8] DEBUG org.asynchttpclient.netty.handler.HttpHandler - 

Request DefaultFullHttpRequest(decodeResult: success, version: HTTP/1.1, content: EmptyByteBufBE)
GET /session/7d8ec28dd92c9c51502839cdfe8b9fb0/element/3315F16F895C2AD6297A155AFA30619E_element_7/enabled HTTP/1.1
User-Agent: selenium/4.7.1 (java windows)
Cache-Control: no-cache
Content-Type: application/json; charset=utf-8
host: localhost:1056
accept: */*

Response DefaultHttpResponse(decodeResult: success, version: HTTP/1.1)
HTTP/1.1 200 OK
Content-Type: application/json; charset=utf-8
cache-control: no-cache
content-length: 14

14:40:50.899 [AsyncHttpClient-1-8] DEBUG org.asynchttpclient.netty.channel.ChannelManager - Adding key: http://localhost:1056 for channel [id: 0x3ebb0347, L:/127.0.0.1:65249 - R:localhost/127.0.0.1:1056]
14:40:50.907 [Forwarding isElementEnabled on session 7d8ec28dd92c9c51502839cdfe8b9fb0 to remote] DEBUG org.asynchttpclient.netty.request.NettyRequestSender - Using pooled Channel '[id: 0x3ebb0347, L:/127.0.0.1:65249 - R:localhost/127.0.0.1:1056]' for 'GET' to 'http://localhost:1056/session/7d8ec28dd92c9c51502839cdfe8b9fb0/element/3315F16F895C2AD6297A155AFA30619E_element_7/enabled'
14:40:50.907 [Forwarding isElementEnabled on session 7d8ec28dd92c9c51502839cdfe8b9fb0 to remote] DEBUG org.asynchttpclient.netty.request.NettyRequestSender - Using open Channel [id: 0x3ebb0347, L:/127.0.0.1:65249 - R:localhost/127.0.0.1:1056] for GET '/session/7d8ec28dd92c9c51502839cdfe8b9fb0/element/3315F16F895C2AD6297A155AFA30619E_element_7/enabled'
14:40:50.915 [AsyncHttpClient-1-8] DEBUG org.asynchttpclient.netty.handler.HttpHandler - 

Request DefaultFullHttpRequest(decodeResult: success, version: HTTP/1.1, content: EmptyByteBufBE)
GET /session/7d8ec28dd92c9c51502839cdfe8b9fb0/element/3315F16F895C2AD6297A155AFA30619E_element_7/enabled HTTP/1.1
User-Agent: selenium/4.7.1 (java windows)
Cache-Control: no-cache
Content-Type: application/json; charset=utf-8
host: localhost:1056
accept: */*

Response DefaultHttpResponse(decodeResult: success, version: HTTP/1.1)
HTTP/1.1 200 OK
Content-Type: application/json; charset=utf-8
cache-control: no-cache
content-length: 14

14:40:50.915 [AsyncHttpClient-1-8] DEBUG org.asynchttpclient.netty.channel.ChannelManager - Adding key: http://localhost:1056 for channel [id: 0x3ebb0347, L:/127.0.0.1:65249 - R:localhost/127.0.0.1:1056]
14:40:50.923 [Forwarding findElement on session 7d8ec28dd92c9c51502839cdfe8b9fb0 to remote] DEBUG org.asynchttpclient.netty.request.NettyRequestSender - Using pooled Channel '[id: 0x3ebb0347, L:/127.0.0.1:65249 - R:localhost/127.0.0.1:1056]' for 'POST' to 'http://localhost:1056/session/7d8ec28dd92c9c51502839cdfe8b9fb0/element'
14:40:50.923 [Forwarding findElement on session 7d8ec28dd92c9c51502839cdfe8b9fb0 to remote] DEBUG org.asynchttpclient.netty.request.NettyRequestSender - Using open Channel [id: 0x3ebb0347, L:/127.0.0.1:65249 - R:localhost/127.0.0.1:1056] for POST '/session/7d8ec28dd92c9c51502839cdfe8b9fb0/element'
14:40:50.939 [AsyncHttpClient-1-8] DEBUG org.asynchttpclient.netty.handler.HttpHandler - 

Request DefaultHttpRequest(decodeResult: success, version: HTTP/1.1)
POST /session/7d8ec28dd92c9c51502839cdfe8b9fb0/element HTTP/1.1
User-Agent: selenium/4.7.1 (java windows)
Content-Length: 84
Content-Type: application/json; charset=utf-8
host: localhost:1056
accept: */*

Response DefaultHttpResponse(decodeResult: success, version: HTTP/1.1)
HTTP/1.1 200 OK
Content-Type: application/json; charset=utf-8
cache-control: no-cache
content-length: 94

14:40:50.939 [AsyncHttpClient-1-8] DEBUG org.asynchttpclient.netty.channel.ChannelManager - Adding key: http://localhost:1056 for channel [id: 0x3ebb0347, L:/127.0.0.1:65249 - R:localhost/127.0.0.1:1056]
14:40:50.939 [Forwarding clickElement on session 7d8ec28dd92c9c51502839cdfe8b9fb0 to remote] DEBUG org.asynchttpclient.netty.request.NettyRequestSender - Using pooled Channel '[id: 0x3ebb0347, L:/127.0.0.1:65249 - R:localhost/127.0.0.1:1056]' for 'POST' to 'http://localhost:1056/session/7d8ec28dd92c9c51502839cdfe8b9fb0/element/3315F16F895C2AD6297A155AFA30619E_element_7/click'
14:40:50.939 [Forwarding clickElement on session 7d8ec28dd92c9c51502839cdfe8b9fb0 to remote] DEBUG org.asynchttpclient.netty.request.NettyRequestSender - Using open Channel [id: 0x3ebb0347, L:/127.0.0.1:65249 - R:localhost/127.0.0.1:1056] for POST '/session/7d8ec28dd92c9c51502839cdfe8b9fb0/element/3315F16F895C2AD6297A155AFA30619E_element_7/click'
14:40:50.995 [AsyncHttpClient-1-1] DEBUG org.asynchttpclient.netty.channel.DefaultChannelPool - Entry count for : http://localhost:65251 : 1
14:40:51.043 [AsyncHttpClient-1-8] DEBUG org.asynchttpclient.netty.handler.HttpHandler - 

Request DefaultHttpRequest(decodeResult: success, version: HTTP/1.1)
POST /session/7d8ec28dd92c9c51502839cdfe8b9fb0/element/3315F16F895C2AD6297A155AFA30619E_element_7/click HTTP/1.1
User-Agent: selenium/4.7.1 (java windows)
Content-Length: 56
Content-Type: application/json; charset=utf-8
host: localhost:1056
accept: */*

Response DefaultHttpResponse(decodeResult: success, version: HTTP/1.1)
HTTP/1.1 200 OK
Content-Type: application/json; charset=utf-8
cache-control: no-cache
content-length: 14

14:40:51.043 [AsyncHttpClient-1-8] DEBUG org.asynchttpclient.netty.channel.ChannelManager - Adding key: http://localhost:1056 for channel [id: 0x3ebb0347, L:/127.0.0.1:65249 - R:localhost/127.0.0.1:1056]
14:40:51.051 [Forwarding findElement on session 7d8ec28dd92c9c51502839cdfe8b9fb0 to remote] DEBUG org.asynchttpclient.netty.request.NettyRequestSender - Using pooled Channel '[id: 0x3ebb0347, L:/127.0.0.1:65249 - R:localhost/127.0.0.1:1056]' for 'POST' to 'http://localhost:1056/session/7d8ec28dd92c9c51502839cdfe8b9fb0/element'
14:40:51.051 [Forwarding findElement on session 7d8ec28dd92c9c51502839cdfe8b9fb0 to remote] DEBUG org.asynchttpclient.netty.request.NettyRequestSender - Using open Channel [id: 0x3ebb0347, L:/127.0.0.1:65249 - R:localhost/127.0.0.1:1056] for POST '/session/7d8ec28dd92c9c51502839cdfe8b9fb0/element'
14:40:51.067 [AsyncHttpClient-1-8] DEBUG org.asynchttpclient.netty.handler.HttpHandler - 

Request DefaultHttpRequest(decodeResult: success, version: HTTP/1.1)
POST /session/7d8ec28dd92c9c51502839cdfe8b9fb0/element HTTP/1.1
User-Agent: selenium/4.7.1 (java windows)
Content-Length: 84
Content-Type: application/json; charset=utf-8
host: localhost:1056
accept: */*

Response DefaultHttpResponse(decodeResult: success, version: HTTP/1.1)
HTTP/1.1 200 OK
Content-Type: application/json; charset=utf-8
cache-control: no-cache
content-length: 94

14:40:51.067 [AsyncHttpClient-1-8] DEBUG org.asynchttpclient.netty.channel.ChannelManager - Adding key: http://localhost:1056 for channel [id: 0x3ebb0347, L:/127.0.0.1:65249 - R:localhost/127.0.0.1:1056]
14:40:51.067 [Forwarding clearElement on session 7d8ec28dd92c9c51502839cdfe8b9fb0 to remote] DEBUG org.asynchttpclient.netty.request.NettyRequestSender - Using pooled Channel '[id: 0x3ebb0347, L:/127.0.0.1:65249 - R:localhost/127.0.0.1:1056]' for 'POST' to 'http://localhost:1056/session/7d8ec28dd92c9c51502839cdfe8b9fb0/element/3315F16F895C2AD6297A155AFA30619E_element_7/clear'
14:40:51.067 [Forwarding clearElement on session 7d8ec28dd92c9c51502839cdfe8b9fb0 to remote] DEBUG org.asynchttpclient.netty.request.NettyRequestSender - Using open Channel [id: 0x3ebb0347, L:/127.0.0.1:65249 - R:localhost/127.0.0.1:1056] for POST '/session/7d8ec28dd92c9c51502839cdfe8b9fb0/element/3315F16F895C2AD6297A155AFA30619E_element_7/clear'
14:40:51.124 [AsyncHttpClient-1-8] DEBUG org.asynchttpclient.netty.handler.HttpHandler - 

Request DefaultHttpRequest(decodeResult: success, version: HTTP/1.1)
POST /session/7d8ec28dd92c9c51502839cdfe8b9fb0/element/3315F16F895C2AD6297A155AFA30619E_element_7/clear HTTP/1.1
User-Agent: selenium/4.7.1 (java windows)
Content-Length: 56
Content-Type: application/json; charset=utf-8
host: localhost:1056
accept: */*

Response DefaultHttpResponse(decodeResult: success, version: HTTP/1.1)
HTTP/1.1 200 OK
Content-Type: application/json; charset=utf-8
cache-control: no-cache
content-length: 14

14:40:51.124 [AsyncHttpClient-1-8] DEBUG org.asynchttpclient.netty.channel.ChannelManager - Adding key: http://localhost:1056 for channel [id: 0x3ebb0347, L:/127.0.0.1:65249 - R:localhost/127.0.0.1:1056]
14:40:51.132 [Forwarding sendKeysToElement on session 7d8ec28dd92c9c51502839cdfe8b9fb0 to remote] DEBUG org.asynchttpclient.netty.request.NettyRequestSender - Using pooled Channel '[id: 0x3ebb0347, L:/127.0.0.1:65249 - R:localhost/127.0.0.1:1056]' for 'POST' to 'http://localhost:1056/session/7d8ec28dd92c9c51502839cdfe8b9fb0/element/3315F16F895C2AD6297A155AFA30619E_element_7/value'
14:40:51.132 [Forwarding sendKeysToElement on session 7d8ec28dd92c9c51502839cdfe8b9fb0 to remote] DEBUG org.asynchttpclient.netty.request.NettyRequestSender - Using open Channel [id: 0x3ebb0347, L:/127.0.0.1:65249 - R:localhost/127.0.0.1:1056] for POST '/session/7d8ec28dd92c9c51502839cdfe8b9fb0/element/3315F16F895C2AD6297A155AFA30619E_element_7/value'
14:40:51.276 [AsyncHttpClient-1-8] DEBUG org.asynchttpclient.netty.handler.HttpHandler - 

Request DefaultHttpRequest(decodeResult: success, version: HTTP/1.1)
POST /session/7d8ec28dd92c9c51502839cdfe8b9fb0/element/3315F16F895C2AD6297A155AFA30619E_element_7/value HTTP/1.1
User-Agent: selenium/4.7.1 (java windows)
Content-Length: 377
Content-Type: application/json; charset=utf-8
host: localhost:1056
accept: */*

Response DefaultHttpResponse(decodeResult: success, version: HTTP/1.1)
HTTP/1.1 200 OK
Content-Type: application/json; charset=utf-8
cache-control: no-cache
content-length: 14

14:40:51.284 [AsyncHttpClient-1-8] DEBUG org.asynchttpclient.netty.channel.ChannelManager - Adding key: http://localhost:1056 for channel [id: 0x3ebb0347, L:/127.0.0.1:65249 - R:localhost/127.0.0.1:1056]
14:40:51.292 [Forwarding getCurrentWindowHandle on session 7d8ec28dd92c9c51502839cdfe8b9fb0 to remote] DEBUG org.asynchttpclient.netty.request.NettyRequestSender - Using pooled Channel '[id: 0x3ebb0347, L:/127.0.0.1:65249 - R:localhost/127.0.0.1:1056]' for 'GET' to 'http://localhost:1056/session/7d8ec28dd92c9c51502839cdfe8b9fb0/window'
14:40:51.292 [Forwarding getCurrentWindowHandle on session 7d8ec28dd92c9c51502839cdfe8b9fb0 to remote] DEBUG org.asynchttpclient.netty.request.NettyRequestSender - Using open Channel [id: 0x3ebb0347, L:/127.0.0.1:65249 - R:localhost/127.0.0.1:1056] for GET '/session/7d8ec28dd92c9c51502839cdfe8b9fb0/window'
14:40:51.292 [AsyncHttpClient-1-8] DEBUG org.asynchttpclient.netty.handler.HttpHandler - 

Request DefaultFullHttpRequest(decodeResult: success, version: HTTP/1.1, content: EmptyByteBufBE)
GET /session/7d8ec28dd92c9c51502839cdfe8b9fb0/window HTTP/1.1
User-Agent: selenium/4.7.1 (java windows)
Cache-Control: no-cache
Content-Type: application/json; charset=utf-8
host: localhost:1056
accept: */*

Response DefaultHttpResponse(decodeResult: success, version: HTTP/1.1)
HTTP/1.1 200 OK
Content-Type: application/json; charset=utf-8
cache-control: no-cache
content-length: 44

14:40:51.292 [AsyncHttpClient-1-8] DEBUG org.asynchttpclient.netty.channel.ChannelManager - Adding key: http://localhost:1056 for channel [id: 0x3ebb0347, L:/127.0.0.1:65249 - R:localhost/127.0.0.1:1056]
14:40:51.292 [Forwarding getAlertText on session 7d8ec28dd92c9c51502839cdfe8b9fb0 to remote] DEBUG org.asynchttpclient.netty.request.NettyRequestSender - Using pooled Channel '[id: 0x3ebb0347, L:/127.0.0.1:65249 - R:localhost/127.0.0.1:1056]' for 'GET' to 'http://localhost:1056/session/7d8ec28dd92c9c51502839cdfe8b9fb0/alert/text'
14:40:51.292 [Forwarding getAlertText on session 7d8ec28dd92c9c51502839cdfe8b9fb0 to remote] DEBUG org.asynchttpclient.netty.request.NettyRequestSender - Using open Channel [id: 0x3ebb0347, L:/127.0.0.1:65249 - R:localhost/127.0.0.1:1056] for GET '/session/7d8ec28dd92c9c51502839cdfe8b9fb0/alert/text'
14:40:51.297 [AsyncHttpClient-1-8] DEBUG org.asynchttpclient.netty.handler.HttpHandler - 

Request DefaultFullHttpRequest(decodeResult: success, version: HTTP/1.1, content: EmptyByteBufBE)
GET /session/7d8ec28dd92c9c51502839cdfe8b9fb0/alert/text HTTP/1.1
User-Agent: selenium/4.7.1 (java windows)
Cache-Control: no-cache
Content-Type: application/json; charset=utf-8
host: localhost:1056
accept: */*

Response DefaultHttpResponse(decodeResult: success, version: HTTP/1.1)
HTTP/1.1 404 Not Found
Content-Type: application/json; charset=utf-8
cache-control: no-cache
content-length: 821

14:40:51.297 [AsyncHttpClient-1-8] DEBUG org.asynchttpclient.netty.channel.ChannelManager - Adding key: http://localhost:1056 for channel [id: 0x3ebb0347, L:/127.0.0.1:65249 - R:localhost/127.0.0.1:1056]
14:40:51.300 [Forwarding switchToWindow on session 7d8ec28dd92c9c51502839cdfe8b9fb0 to remote] DEBUG org.asynchttpclient.netty.request.NettyRequestSender - Using pooled Channel '[id: 0x3ebb0347, L:/127.0.0.1:65249 - R:localhost/127.0.0.1:1056]' for 'POST' to 'http://localhost:1056/session/7d8ec28dd92c9c51502839cdfe8b9fb0/window'
14:40:51.300 [Forwarding switchToWindow on session 7d8ec28dd92c9c51502839cdfe8b9fb0 to remote] DEBUG org.asynchttpclient.netty.request.NettyRequestSender - Using open Channel [id: 0x3ebb0347, L:/127.0.0.1:65249 - R:localhost/127.0.0.1:1056] for POST '/session/7d8ec28dd92c9c51502839cdfe8b9fb0/window'
14:40:51.300 [AsyncHttpClient-1-8] DEBUG org.asynchttpclient.netty.handler.HttpHandler - 

Request DefaultHttpRequest(decodeResult: success, version: HTTP/1.1)
POST /session/7d8ec28dd92c9c51502839cdfe8b9fb0/window HTTP/1.1
User-Agent: selenium/4.7.1 (java windows)
Content-Length: 50
Content-Type: application/json; charset=utf-8
host: localhost:1056
accept: */*

Response DefaultHttpResponse(decodeResult: success, version: HTTP/1.1)
HTTP/1.1 200 OK
Content-Type: application/json; charset=utf-8
cache-control: no-cache
content-length: 14

14:40:51.300 [AsyncHttpClient-1-8] DEBUG org.asynchttpclient.netty.channel.ChannelManager - Adding key: http://localhost:1056 for channel [id: 0x3ebb0347, L:/127.0.0.1:65249 - R:localhost/127.0.0.1:1056]
14:40:51.300 [Forwarding getCurrentUrl on session 7d8ec28dd92c9c51502839cdfe8b9fb0 to remote] DEBUG org.asynchttpclient.netty.request.NettyRequestSender - Using pooled Channel '[id: 0x3ebb0347, L:/127.0.0.1:65249 - R:localhost/127.0.0.1:1056]' for 'GET' to 'http://localhost:1056/session/7d8ec28dd92c9c51502839cdfe8b9fb0/url'
14:40:51.300 [Forwarding getCurrentUrl on session 7d8ec28dd92c9c51502839cdfe8b9fb0 to remote] DEBUG org.asynchttpclient.netty.request.NettyRequestSender - Using open Channel [id: 0x3ebb0347, L:/127.0.0.1:65249 - R:localhost/127.0.0.1:1056] for GET '/session/7d8ec28dd92c9c51502839cdfe8b9fb0/url'
14:40:51.348 [AsyncHttpClient-1-8] DEBUG org.asynchttpclient.netty.handler.HttpHandler - 

Request DefaultFullHttpRequest(decodeResult: success, version: HTTP/1.1, content: EmptyByteBufBE)
GET /session/7d8ec28dd92c9c51502839cdfe8b9fb0/url HTTP/1.1
User-Agent: selenium/4.7.1 (java windows)
Cache-Control: no-cache
Content-Type: application/json; charset=utf-8
host: localhost:1056
accept: */*

Response DefaultHttpResponse(decodeResult: success, version: HTTP/1.1)
HTTP/1.1 200 OK
Content-Type: application/json; charset=utf-8
cache-control: no-cache
content-length: 51

14:40:51.348 [AsyncHttpClient-1-8] DEBUG org.asynchttpclient.netty.channel.ChannelManager - Adding key: http://localhost:1056 for channel [id: 0x3ebb0347, L:/127.0.0.1:65249 - R:localhost/127.0.0.1:1056]
14:40:51.348 [Forwarding screenshot on session 7d8ec28dd92c9c51502839cdfe8b9fb0 to remote] DEBUG org.asynchttpclient.netty.request.NettyRequestSender - Using pooled Channel '[id: 0x3ebb0347, L:/127.0.0.1:65249 - R:localhost/127.0.0.1:1056]' for 'GET' to 'http://localhost:1056/session/7d8ec28dd92c9c51502839cdfe8b9fb0/screenshot'
14:40:51.348 [Forwarding screenshot on session 7d8ec28dd92c9c51502839cdfe8b9fb0 to remote] DEBUG org.asynchttpclient.netty.request.NettyRequestSender - Using open Channel [id: 0x3ebb0347, L:/127.0.0.1:65249 - R:localhost/127.0.0.1:1056] for GET '/session/7d8ec28dd92c9c51502839cdfe8b9fb0/screenshot'
14:40:51.542 [AsyncHttpClient-1-8] DEBUG org.asynchttpclient.netty.handler.HttpHandler - 

Request DefaultFullHttpRequest(decodeResult: success, version: HTTP/1.1, content: EmptyByteBufBE)
GET /session/7d8ec28dd92c9c51502839cdfe8b9fb0/screenshot HTTP/1.1
User-Agent: selenium/4.7.1 (java windows)
Cache-Control: no-cache
Content-Type: application/json; charset=utf-8
host: localhost:1056
accept: */*

Response DefaultHttpResponse(decodeResult: success, version: HTTP/1.1)
HTTP/1.1 200 OK
Content-Type: application/json; charset=utf-8
cache-control: no-cache
content-length: 191920

14:40:51.542 [AsyncHttpClient-1-8] DEBUG org.asynchttpclient.netty.channel.ChannelManager - Adding key: http://localhost:1056 for channel [id: 0x3ebb0347, L:/127.0.0.1:65249 - R:localhost/127.0.0.1:1056]
14:40:51.549 [main] DEBUG net.serenitybdd.core.photography.Darkroom - Send negative for processing for target\site\serenity\016d27681ad45d2073403df84e978f4727a92e6d57d9c8bb00857f8d4513a591.png
14:40:51.549 [main] DEBUG net.thucydides.core.steps.StepInterceptor - STEP DONE: inputfieldemail
14:40:51.557 [main] DEBUG net.thucydides.core.steps.StepInterceptor - STARTING STEP: PDAMSteps.adminMelakukanLoginAkunUntukFiturPDAM - inputfieldpassword
14:40:51.557 [Forwarding findElement on session 7d8ec28dd92c9c51502839cdfe8b9fb0 to remote] DEBUG org.asynchttpclient.netty.request.NettyRequestSender - Using pooled Channel '[id: 0x3ebb0347, L:/127.0.0.1:65249 - R:localhost/127.0.0.1:1056]' for 'POST' to 'http://localhost:1056/session/7d8ec28dd92c9c51502839cdfe8b9fb0/element'
14:40:51.557 [Forwarding findElement on session 7d8ec28dd92c9c51502839cdfe8b9fb0 to remote] DEBUG org.asynchttpclient.netty.request.NettyRequestSender - Using open Channel [id: 0x3ebb0347, L:/127.0.0.1:65249 - R:localhost/127.0.0.1:1056] for POST '/session/7d8ec28dd92c9c51502839cdfe8b9fb0/element'
14:40:51.581 [AsyncHttpClient-1-8] DEBUG org.asynchttpclient.netty.handler.HttpHandler - 

Request DefaultHttpRequest(decodeResult: success, version: HTTP/1.1)
POST /session/7d8ec28dd92c9c51502839cdfe8b9fb0/element HTTP/1.1
User-Agent: selenium/4.7.1 (java windows)
Content-Length: 105
Content-Type: application/json; charset=utf-8
host: localhost:1056
accept: */*

Response DefaultHttpResponse(decodeResult: success, version: HTTP/1.1)
HTTP/1.1 200 OK
Content-Type: application/json; charset=utf-8
cache-control: no-cache
content-length: 94

14:40:51.581 [AsyncHttpClient-1-8] DEBUG org.asynchttpclient.netty.channel.ChannelManager - Adding key: http://localhost:1056 for channel [id: 0x3ebb0347, L:/127.0.0.1:65249 - R:localhost/127.0.0.1:1056]
14:40:51.581 [Forwarding getElementTagName on session 7d8ec28dd92c9c51502839cdfe8b9fb0 to remote] DEBUG org.asynchttpclient.netty.request.NettyRequestSender - Using pooled Channel '[id: 0x3ebb0347, L:/127.0.0.1:65249 - R:localhost/127.0.0.1:1056]' for 'GET' to 'http://localhost:1056/session/7d8ec28dd92c9c51502839cdfe8b9fb0/element/3315F16F895C2AD6297A155AFA30619E_element_8/name'
14:40:51.581 [Forwarding getElementTagName on session 7d8ec28dd92c9c51502839cdfe8b9fb0 to remote] DEBUG org.asynchttpclient.netty.request.NettyRequestSender - Using open Channel [id: 0x3ebb0347, L:/127.0.0.1:65249 - R:localhost/127.0.0.1:1056] for GET '/session/7d8ec28dd92c9c51502839cdfe8b9fb0/element/3315F16F895C2AD6297A155AFA30619E_element_8/name'
14:40:51.590 [AsyncHttpClient-1-8] DEBUG org.asynchttpclient.netty.handler.HttpHandler - 

Request DefaultFullHttpRequest(decodeResult: success, version: HTTP/1.1, content: EmptyByteBufBE)
GET /session/7d8ec28dd92c9c51502839cdfe8b9fb0/element/3315F16F895C2AD6297A155AFA30619E_element_8/name HTTP/1.1
User-Agent: selenium/4.7.1 (java windows)
Cache-Control: no-cache
Content-Type: application/json; charset=utf-8
host: localhost:1056
accept: */*

Response DefaultHttpResponse(decodeResult: success, version: HTTP/1.1)
HTTP/1.1 200 OK
Content-Type: application/json; charset=utf-8
cache-control: no-cache
content-length: 17

14:40:51.590 [AsyncHttpClient-1-8] DEBUG org.asynchttpclient.netty.channel.ChannelManager - Adding key: http://localhost:1056 for channel [id: 0x3ebb0347, L:/127.0.0.1:65249 - R:localhost/127.0.0.1:1056]
14:40:51.591 [Forwarding getElementTagName on session 7d8ec28dd92c9c51502839cdfe8b9fb0 to remote] DEBUG org.asynchttpclient.netty.request.NettyRequestSender - Using pooled Channel '[id: 0x3ebb0347, L:/127.0.0.1:65249 - R:localhost/127.0.0.1:1056]' for 'GET' to 'http://localhost:1056/session/7d8ec28dd92c9c51502839cdfe8b9fb0/element/3315F16F895C2AD6297A155AFA30619E_element_8/name'
14:40:51.591 [Forwarding getElementTagName on session 7d8ec28dd92c9c51502839cdfe8b9fb0 to remote] DEBUG org.asynchttpclient.netty.request.NettyRequestSender - Using open Channel [id: 0x3ebb0347, L:/127.0.0.1:65249 - R:localhost/127.0.0.1:1056] for GET '/session/7d8ec28dd92c9c51502839cdfe8b9fb0/element/3315F16F895C2AD6297A155AFA30619E_element_8/name'
14:40:51.598 [AsyncHttpClient-1-8] DEBUG org.asynchttpclient.netty.handler.HttpHandler - 

Request DefaultFullHttpRequest(decodeResult: success, version: HTTP/1.1, content: EmptyByteBufBE)
GET /session/7d8ec28dd92c9c51502839cdfe8b9fb0/element/3315F16F895C2AD6297A155AFA30619E_element_8/name HTTP/1.1
User-Agent: selenium/4.7.1 (java windows)
Cache-Control: no-cache
Content-Type: application/json; charset=utf-8
host: localhost:1056
accept: */*

Response DefaultHttpResponse(decodeResult: success, version: HTTP/1.1)
HTTP/1.1 200 OK
Content-Type: application/json; charset=utf-8
cache-control: no-cache
content-length: 17

14:40:51.598 [AsyncHttpClient-1-8] DEBUG org.asynchttpclient.netty.channel.ChannelManager - Adding key: http://localhost:1056 for channel [id: 0x3ebb0347, L:/127.0.0.1:65249 - R:localhost/127.0.0.1:1056]
14:40:51.599 [Forwarding isElementEnabled on session 7d8ec28dd92c9c51502839cdfe8b9fb0 to remote] DEBUG org.asynchttpclient.netty.request.NettyRequestSender - Using pooled Channel '[id: 0x3ebb0347, L:/127.0.0.1:65249 - R:localhost/127.0.0.1:1056]' for 'GET' to 'http://localhost:1056/session/7d8ec28dd92c9c51502839cdfe8b9fb0/element/3315F16F895C2AD6297A155AFA30619E_element_8/enabled'
14:40:51.599 [Forwarding isElementEnabled on session 7d8ec28dd92c9c51502839cdfe8b9fb0 to remote] DEBUG org.asynchttpclient.netty.request.NettyRequestSender - Using open Channel [id: 0x3ebb0347, L:/127.0.0.1:65249 - R:localhost/127.0.0.1:1056] for GET '/session/7d8ec28dd92c9c51502839cdfe8b9fb0/element/3315F16F895C2AD6297A155AFA30619E_element_8/enabled'
14:40:51.607 [AsyncHttpClient-1-8] DEBUG org.asynchttpclient.netty.handler.HttpHandler - 

Request DefaultFullHttpRequest(decodeResult: success, version: HTTP/1.1, content: EmptyByteBufBE)
GET /session/7d8ec28dd92c9c51502839cdfe8b9fb0/element/3315F16F895C2AD6297A155AFA30619E_element_8/enabled HTTP/1.1
User-Agent: selenium/4.7.1 (java windows)
Cache-Control: no-cache
Content-Type: application/json; charset=utf-8
host: localhost:1056
accept: */*

Response DefaultHttpResponse(decodeResult: success, version: HTTP/1.1)
HTTP/1.1 200 OK
Content-Type: application/json; charset=utf-8
cache-control: no-cache
content-length: 14

14:40:51.607 [AsyncHttpClient-1-8] DEBUG org.asynchttpclient.netty.channel.ChannelManager - Adding key: http://localhost:1056 for channel [id: 0x3ebb0347, L:/127.0.0.1:65249 - R:localhost/127.0.0.1:1056]
14:40:51.607 [Forwarding isElementEnabled on session 7d8ec28dd92c9c51502839cdfe8b9fb0 to remote] DEBUG org.asynchttpclient.netty.request.NettyRequestSender - Using pooled Channel '[id: 0x3ebb0347, L:/127.0.0.1:65249 - R:localhost/127.0.0.1:1056]' for 'GET' to 'http://localhost:1056/session/7d8ec28dd92c9c51502839cdfe8b9fb0/element/3315F16F895C2AD6297A155AFA30619E_element_8/enabled'
14:40:51.607 [Forwarding isElementEnabled on session 7d8ec28dd92c9c51502839cdfe8b9fb0 to remote] DEBUG org.asynchttpclient.netty.request.NettyRequestSender - Using open Channel [id: 0x3ebb0347, L:/127.0.0.1:65249 - R:localhost/127.0.0.1:1056] for GET '/session/7d8ec28dd92c9c51502839cdfe8b9fb0/element/3315F16F895C2AD6297A155AFA30619E_element_8/enabled'
14:40:51.623 [AsyncHttpClient-1-8] DEBUG org.asynchttpclient.netty.handler.HttpHandler - 

Request DefaultFullHttpRequest(decodeResult: success, version: HTTP/1.1, content: EmptyByteBufBE)
GET /session/7d8ec28dd92c9c51502839cdfe8b9fb0/element/3315F16F895C2AD6297A155AFA30619E_element_8/enabled HTTP/1.1
User-Agent: selenium/4.7.1 (java windows)
Cache-Control: no-cache
Content-Type: application/json; charset=utf-8
host: localhost:1056
accept: */*

Response DefaultHttpResponse(decodeResult: success, version: HTTP/1.1)
HTTP/1.1 200 OK
Content-Type: application/json; charset=utf-8
cache-control: no-cache
content-length: 14

14:40:51.623 [AsyncHttpClient-1-8] DEBUG org.asynchttpclient.netty.channel.ChannelManager - Adding key: http://localhost:1056 for channel [id: 0x3ebb0347, L:/127.0.0.1:65249 - R:localhost/127.0.0.1:1056]
14:40:51.623 [Forwarding findElement on session 7d8ec28dd92c9c51502839cdfe8b9fb0 to remote] DEBUG org.asynchttpclient.netty.request.NettyRequestSender - Using pooled Channel '[id: 0x3ebb0347, L:/127.0.0.1:65249 - R:localhost/127.0.0.1:1056]' for 'POST' to 'http://localhost:1056/session/7d8ec28dd92c9c51502839cdfe8b9fb0/element'
14:40:51.623 [Forwarding findElement on session 7d8ec28dd92c9c51502839cdfe8b9fb0 to remote] DEBUG org.asynchttpclient.netty.request.NettyRequestSender - Using open Channel [id: 0x3ebb0347, L:/127.0.0.1:65249 - R:localhost/127.0.0.1:1056] for POST '/session/7d8ec28dd92c9c51502839cdfe8b9fb0/element'
14:40:51.631 [AsyncHttpClient-1-8] DEBUG org.asynchttpclient.netty.handler.HttpHandler - 

Request DefaultHttpRequest(decodeResult: success, version: HTTP/1.1)
POST /session/7d8ec28dd92c9c51502839cdfe8b9fb0/element HTTP/1.1
User-Agent: selenium/4.7.1 (java windows)
Content-Length: 105
Content-Type: application/json; charset=utf-8
host: localhost:1056
accept: */*

Response DefaultHttpResponse(decodeResult: success, version: HTTP/1.1)
HTTP/1.1 200 OK
Content-Type: application/json; charset=utf-8
cache-control: no-cache
content-length: 94

14:40:51.631 [AsyncHttpClient-1-8] DEBUG org.asynchttpclient.netty.channel.ChannelManager - Adding key: http://localhost:1056 for channel [id: 0x3ebb0347, L:/127.0.0.1:65249 - R:localhost/127.0.0.1:1056]
14:40:51.631 [Forwarding clickElement on session 7d8ec28dd92c9c51502839cdfe8b9fb0 to remote] DEBUG org.asynchttpclient.netty.request.NettyRequestSender - Using pooled Channel '[id: 0x3ebb0347, L:/127.0.0.1:65249 - R:localhost/127.0.0.1:1056]' for 'POST' to 'http://localhost:1056/session/7d8ec28dd92c9c51502839cdfe8b9fb0/element/3315F16F895C2AD6297A155AFA30619E_element_8/click'
14:40:51.631 [Forwarding clickElement on session 7d8ec28dd92c9c51502839cdfe8b9fb0 to remote] DEBUG org.asynchttpclient.netty.request.NettyRequestSender - Using open Channel [id: 0x3ebb0347, L:/127.0.0.1:65249 - R:localhost/127.0.0.1:1056] for POST '/session/7d8ec28dd92c9c51502839cdfe8b9fb0/element/3315F16F895C2AD6297A155AFA30619E_element_8/click'
14:40:51.698 [AsyncHttpClient-1-8] DEBUG org.asynchttpclient.netty.handler.HttpHandler - 

Request DefaultHttpRequest(decodeResult: success, version: HTTP/1.1)
POST /session/7d8ec28dd92c9c51502839cdfe8b9fb0/element/3315F16F895C2AD6297A155AFA30619E_element_8/click HTTP/1.1
User-Agent: selenium/4.7.1 (java windows)
Content-Length: 56
Content-Type: application/json; charset=utf-8
host: localhost:1056
accept: */*

Response DefaultHttpResponse(decodeResult: success, version: HTTP/1.1)
HTTP/1.1 200 OK
Content-Type: application/json; charset=utf-8
cache-control: no-cache
content-length: 14

14:40:51.698 [AsyncHttpClient-1-8] DEBUG org.asynchttpclient.netty.channel.ChannelManager - Adding key: http://localhost:1056 for channel [id: 0x3ebb0347, L:/127.0.0.1:65249 - R:localhost/127.0.0.1:1056]
14:40:51.703 [Forwarding findElement on session 7d8ec28dd92c9c51502839cdfe8b9fb0 to remote] DEBUG org.asynchttpclient.netty.request.NettyRequestSender - Using pooled Channel '[id: 0x3ebb0347, L:/127.0.0.1:65249 - R:localhost/127.0.0.1:1056]' for 'POST' to 'http://localhost:1056/session/7d8ec28dd92c9c51502839cdfe8b9fb0/element'
14:40:51.703 [Forwarding findElement on session 7d8ec28dd92c9c51502839cdfe8b9fb0 to remote] DEBUG org.asynchttpclient.netty.request.NettyRequestSender - Using open Channel [id: 0x3ebb0347, L:/127.0.0.1:65249 - R:localhost/127.0.0.1:1056] for POST '/session/7d8ec28dd92c9c51502839cdfe8b9fb0/element'
14:40:51.719 [AsyncHttpClient-1-8] DEBUG org.asynchttpclient.netty.handler.HttpHandler - 

Request DefaultHttpRequest(decodeResult: success, version: HTTP/1.1)
POST /session/7d8ec28dd92c9c51502839cdfe8b9fb0/element HTTP/1.1
User-Agent: selenium/4.7.1 (java windows)
Content-Length: 105
Content-Type: application/json; charset=utf-8
host: localhost:1056
accept: */*

Response DefaultHttpResponse(decodeResult: success, version: HTTP/1.1)
HTTP/1.1 200 OK
Content-Type: application/json; charset=utf-8
cache-control: no-cache
content-length: 94

14:40:51.719 [AsyncHttpClient-1-8] DEBUG org.asynchttpclient.netty.channel.ChannelManager - Adding key: http://localhost:1056 for channel [id: 0x3ebb0347, L:/127.0.0.1:65249 - R:localhost/127.0.0.1:1056]
14:40:51.719 [Forwarding clearElement on session 7d8ec28dd92c9c51502839cdfe8b9fb0 to remote] DEBUG org.asynchttpclient.netty.request.NettyRequestSender - Using pooled Channel '[id: 0x3ebb0347, L:/127.0.0.1:65249 - R:localhost/127.0.0.1:1056]' for 'POST' to 'http://localhost:1056/session/7d8ec28dd92c9c51502839cdfe8b9fb0/element/3315F16F895C2AD6297A155AFA30619E_element_8/clear'
14:40:51.719 [Forwarding clearElement on session 7d8ec28dd92c9c51502839cdfe8b9fb0 to remote] DEBUG org.asynchttpclient.netty.request.NettyRequestSender - Using open Channel [id: 0x3ebb0347, L:/127.0.0.1:65249 - R:localhost/127.0.0.1:1056] for POST '/session/7d8ec28dd92c9c51502839cdfe8b9fb0/element/3315F16F895C2AD6297A155AFA30619E_element_8/clear'
14:40:51.759 [AsyncHttpClient-1-8] DEBUG org.asynchttpclient.netty.handler.HttpHandler - 

Request DefaultHttpRequest(decodeResult: success, version: HTTP/1.1)
POST /session/7d8ec28dd92c9c51502839cdfe8b9fb0/element/3315F16F895C2AD6297A155AFA30619E_element_8/clear HTTP/1.1
User-Agent: selenium/4.7.1 (java windows)
Content-Length: 56
Content-Type: application/json; charset=utf-8
host: localhost:1056
accept: */*

Response DefaultHttpResponse(decodeResult: success, version: HTTP/1.1)
HTTP/1.1 200 OK
Content-Type: application/json; charset=utf-8
cache-control: no-cache
content-length: 14

14:40:51.759 [AsyncHttpClient-1-8] DEBUG org.asynchttpclient.netty.channel.ChannelManager - Adding key: http://localhost:1056 for channel [id: 0x3ebb0347, L:/127.0.0.1:65249 - R:localhost/127.0.0.1:1056]
14:40:51.759 [Forwarding sendKeysToElement on session 7d8ec28dd92c9c51502839cdfe8b9fb0 to remote] DEBUG org.asynchttpclient.netty.request.NettyRequestSender - Using pooled Channel '[id: 0x3ebb0347, L:/127.0.0.1:65249 - R:localhost/127.0.0.1:1056]' for 'POST' to 'http://localhost:1056/session/7d8ec28dd92c9c51502839cdfe8b9fb0/element/3315F16F895C2AD6297A155AFA30619E_element_8/value'
14:40:51.759 [Forwarding sendKeysToElement on session 7d8ec28dd92c9c51502839cdfe8b9fb0 to remote] DEBUG org.asynchttpclient.netty.request.NettyRequestSender - Using open Channel [id: 0x3ebb0347, L:/127.0.0.1:65249 - R:localhost/127.0.0.1:1056] for POST '/session/7d8ec28dd92c9c51502839cdfe8b9fb0/element/3315F16F895C2AD6297A155AFA30619E_element_8/value'
14:40:51.823 [AsyncHttpClient-1-8] DEBUG org.asynchttpclient.netty.handler.HttpHandler - 

Request DefaultHttpRequest(decodeResult: success, version: HTTP/1.1)
POST /session/7d8ec28dd92c9c51502839cdfe8b9fb0/element/3315F16F895C2AD6297A155AFA30619E_element_8/value HTTP/1.1
User-Agent: selenium/4.7.1 (java windows)
Content-Length: 187
Content-Type: application/json; charset=utf-8
host: localhost:1056
accept: */*

Response DefaultHttpResponse(decodeResult: success, version: HTTP/1.1)
HTTP/1.1 200 OK
Content-Type: application/json; charset=utf-8
cache-control: no-cache
content-length: 14

14:40:51.823 [AsyncHttpClient-1-8] DEBUG org.asynchttpclient.netty.channel.ChannelManager - Adding key: http://localhost:1056 for channel [id: 0x3ebb0347, L:/127.0.0.1:65249 - R:localhost/127.0.0.1:1056]
14:40:51.839 [Forwarding getCurrentWindowHandle on session 7d8ec28dd92c9c51502839cdfe8b9fb0 to remote] DEBUG org.asynchttpclient.netty.request.NettyRequestSender - Using pooled Channel '[id: 0x3ebb0347, L:/127.0.0.1:65249 - R:localhost/127.0.0.1:1056]' for 'GET' to 'http://localhost:1056/session/7d8ec28dd92c9c51502839cdfe8b9fb0/window'
14:40:51.839 [Forwarding getCurrentWindowHandle on session 7d8ec28dd92c9c51502839cdfe8b9fb0 to remote] DEBUG org.asynchttpclient.netty.request.NettyRequestSender - Using open Channel [id: 0x3ebb0347, L:/127.0.0.1:65249 - R:localhost/127.0.0.1:1056] for GET '/session/7d8ec28dd92c9c51502839cdfe8b9fb0/window'
14:40:51.839 [AsyncHttpClient-1-8] DEBUG org.asynchttpclient.netty.handler.HttpHandler - 

Request DefaultFullHttpRequest(decodeResult: success, version: HTTP/1.1, content: EmptyByteBufBE)
GET /session/7d8ec28dd92c9c51502839cdfe8b9fb0/window HTTP/1.1
User-Agent: selenium/4.7.1 (java windows)
Cache-Control: no-cache
Content-Type: application/json; charset=utf-8
host: localhost:1056
accept: */*

Response DefaultHttpResponse(decodeResult: success, version: HTTP/1.1)
HTTP/1.1 200 OK
Content-Type: application/json; charset=utf-8
cache-control: no-cache
content-length: 44

14:40:51.839 [AsyncHttpClient-1-8] DEBUG org.asynchttpclient.netty.channel.ChannelManager - Adding key: http://localhost:1056 for channel [id: 0x3ebb0347, L:/127.0.0.1:65249 - R:localhost/127.0.0.1:1056]
14:40:51.842 [Forwarding getAlertText on session 7d8ec28dd92c9c51502839cdfe8b9fb0 to remote] DEBUG org.asynchttpclient.netty.request.NettyRequestSender - Using pooled Channel '[id: 0x3ebb0347, L:/127.0.0.1:65249 - R:localhost/127.0.0.1:1056]' for 'GET' to 'http://localhost:1056/session/7d8ec28dd92c9c51502839cdfe8b9fb0/alert/text'
14:40:51.842 [Forwarding getAlertText on session 7d8ec28dd92c9c51502839cdfe8b9fb0 to remote] DEBUG org.asynchttpclient.netty.request.NettyRequestSender - Using open Channel [id: 0x3ebb0347, L:/127.0.0.1:65249 - R:localhost/127.0.0.1:1056] for GET '/session/7d8ec28dd92c9c51502839cdfe8b9fb0/alert/text'
14:40:51.843 [AsyncHttpClient-1-8] DEBUG org.asynchttpclient.netty.handler.HttpHandler - 

Request DefaultFullHttpRequest(decodeResult: success, version: HTTP/1.1, content: EmptyByteBufBE)
GET /session/7d8ec28dd92c9c51502839cdfe8b9fb0/alert/text HTTP/1.1
User-Agent: selenium/4.7.1 (java windows)
Cache-Control: no-cache
Content-Type: application/json; charset=utf-8
host: localhost:1056
accept: */*

Response DefaultHttpResponse(decodeResult: success, version: HTTP/1.1)
HTTP/1.1 404 Not Found
Content-Type: application/json; charset=utf-8
cache-control: no-cache
content-length: 821

14:40:51.843 [AsyncHttpClient-1-8] DEBUG org.asynchttpclient.netty.channel.ChannelManager - Adding key: http://localhost:1056 for channel [id: 0x3ebb0347, L:/127.0.0.1:65249 - R:localhost/127.0.0.1:1056]
14:40:51.843 [Forwarding switchToWindow on session 7d8ec28dd92c9c51502839cdfe8b9fb0 to remote] DEBUG org.asynchttpclient.netty.request.NettyRequestSender - Using pooled Channel '[id: 0x3ebb0347, L:/127.0.0.1:65249 - R:localhost/127.0.0.1:1056]' for 'POST' to 'http://localhost:1056/session/7d8ec28dd92c9c51502839cdfe8b9fb0/window'
14:40:51.843 [Forwarding switchToWindow on session 7d8ec28dd92c9c51502839cdfe8b9fb0 to remote] DEBUG org.asynchttpclient.netty.request.NettyRequestSender - Using open Channel [id: 0x3ebb0347, L:/127.0.0.1:65249 - R:localhost/127.0.0.1:1056] for POST '/session/7d8ec28dd92c9c51502839cdfe8b9fb0/window'
14:40:51.847 [AsyncHttpClient-1-8] DEBUG org.asynchttpclient.netty.handler.HttpHandler - 

Request DefaultHttpRequest(decodeResult: success, version: HTTP/1.1)
POST /session/7d8ec28dd92c9c51502839cdfe8b9fb0/window HTTP/1.1
User-Agent: selenium/4.7.1 (java windows)
Content-Length: 50
Content-Type: application/json; charset=utf-8
host: localhost:1056
accept: */*

Response DefaultHttpResponse(decodeResult: success, version: HTTP/1.1)
HTTP/1.1 200 OK
Content-Type: application/json; charset=utf-8
cache-control: no-cache
content-length: 14

14:40:51.847 [AsyncHttpClient-1-8] DEBUG org.asynchttpclient.netty.channel.ChannelManager - Adding key: http://localhost:1056 for channel [id: 0x3ebb0347, L:/127.0.0.1:65249 - R:localhost/127.0.0.1:1056]
14:40:51.847 [Forwarding getCurrentUrl on session 7d8ec28dd92c9c51502839cdfe8b9fb0 to remote] DEBUG org.asynchttpclient.netty.request.NettyRequestSender - Using pooled Channel '[id: 0x3ebb0347, L:/127.0.0.1:65249 - R:localhost/127.0.0.1:1056]' for 'GET' to 'http://localhost:1056/session/7d8ec28dd92c9c51502839cdfe8b9fb0/url'
14:40:51.847 [Forwarding getCurrentUrl on session 7d8ec28dd92c9c51502839cdfe8b9fb0 to remote] DEBUG org.asynchttpclient.netty.request.NettyRequestSender - Using open Channel [id: 0x3ebb0347, L:/127.0.0.1:65249 - R:localhost/127.0.0.1:1056] for GET '/session/7d8ec28dd92c9c51502839cdfe8b9fb0/url'
14:40:51.855 [AsyncHttpClient-1-8] DEBUG org.asynchttpclient.netty.handler.HttpHandler - 

Request DefaultFullHttpRequest(decodeResult: success, version: HTTP/1.1, content: EmptyByteBufBE)
GET /session/7d8ec28dd92c9c51502839cdfe8b9fb0/url HTTP/1.1
User-Agent: selenium/4.7.1 (java windows)
Cache-Control: no-cache
Content-Type: application/json; charset=utf-8
host: localhost:1056
accept: */*

Response DefaultHttpResponse(decodeResult: success, version: HTTP/1.1)
HTTP/1.1 200 OK
Content-Type: application/json; charset=utf-8
cache-control: no-cache
content-length: 51

14:40:51.855 [AsyncHttpClient-1-8] DEBUG org.asynchttpclient.netty.channel.ChannelManager - Adding key: http://localhost:1056 for channel [id: 0x3ebb0347, L:/127.0.0.1:65249 - R:localhost/127.0.0.1:1056]
14:40:51.855 [Forwarding screenshot on session 7d8ec28dd92c9c51502839cdfe8b9fb0 to remote] DEBUG org.asynchttpclient.netty.request.NettyRequestSender - Using pooled Channel '[id: 0x3ebb0347, L:/127.0.0.1:65249 - R:localhost/127.0.0.1:1056]' for 'GET' to 'http://localhost:1056/session/7d8ec28dd92c9c51502839cdfe8b9fb0/screenshot'
14:40:51.855 [Forwarding screenshot on session 7d8ec28dd92c9c51502839cdfe8b9fb0 to remote] DEBUG org.asynchttpclient.netty.request.NettyRequestSender - Using open Channel [id: 0x3ebb0347, L:/127.0.0.1:65249 - R:localhost/127.0.0.1:1056] for GET '/session/7d8ec28dd92c9c51502839cdfe8b9fb0/screenshot'
14:40:52.089 [AsyncHttpClient-1-8] DEBUG org.asynchttpclient.netty.handler.HttpHandler - 

Request DefaultFullHttpRequest(decodeResult: success, version: HTTP/1.1, content: EmptyByteBufBE)
GET /session/7d8ec28dd92c9c51502839cdfe8b9fb0/screenshot HTTP/1.1
User-Agent: selenium/4.7.1 (java windows)
Cache-Control: no-cache
Content-Type: application/json; charset=utf-8
host: localhost:1056
accept: */*

Response DefaultHttpResponse(decodeResult: success, version: HTTP/1.1)
HTTP/1.1 200 OK
Content-Type: application/json; charset=utf-8
cache-control: no-cache
content-length: 192088

14:40:52.090 [AsyncHttpClient-1-8] DEBUG org.asynchttpclient.netty.channel.ChannelManager - Adding key: http://localhost:1056 for channel [id: 0x3ebb0347, L:/127.0.0.1:65249 - R:localhost/127.0.0.1:1056]
14:40:52.091 [AsyncHttpClient-1-1] DEBUG org.asynchttpclient.netty.channel.DefaultChannelPool - Entry count for : http://localhost:1056 : 1
14:40:52.091 [AsyncHttpClient-1-1] DEBUG org.asynchttpclient.netty.channel.DefaultChannelPool - Entry count for : http://localhost:65251 : 1
14:40:52.091 [main] DEBUG net.serenitybdd.core.photography.Darkroom - Send negative for processing for target\site\serenity\9942ca6d24dff34b536a4faa679ac08af8c23abb3cbd7c6ff6d1c57c3c7dd528.png
14:40:52.091 [main] DEBUG net.thucydides.core.steps.StepInterceptor - STEP DONE: inputfieldpassword
14:40:52.098 [main] DEBUG net.thucydides.core.steps.StepInterceptor - STARTING STEP: PDAMSteps.adminMelakukanLoginAkunUntukFiturPDAM - klikbuttonmasuk
14:40:52.114 [Forwarding findElement on session 7d8ec28dd92c9c51502839cdfe8b9fb0 to remote] DEBUG org.asynchttpclient.netty.request.NettyRequestSender - Using pooled Channel '[id: 0x3ebb0347, L:/127.0.0.1:65249 - R:localhost/127.0.0.1:1056]' for 'POST' to 'http://localhost:1056/session/7d8ec28dd92c9c51502839cdfe8b9fb0/element'
14:40:52.114 [Forwarding findElement on session 7d8ec28dd92c9c51502839cdfe8b9fb0 to remote] DEBUG org.asynchttpclient.netty.request.NettyRequestSender - Using open Channel [id: 0x3ebb0347, L:/127.0.0.1:65249 - R:localhost/127.0.0.1:1056] for POST '/session/7d8ec28dd92c9c51502839cdfe8b9fb0/element'
14:40:52.138 [AsyncHttpClient-1-8] DEBUG org.asynchttpclient.netty.handler.HttpHandler - 

Request DefaultHttpRequest(decodeResult: success, version: HTTP/1.1)
POST /session/7d8ec28dd92c9c51502839cdfe8b9fb0/element HTTP/1.1
User-Agent: selenium/4.7.1 (java windows)
Content-Length: 113
Content-Type: application/json; charset=utf-8
host: localhost:1056
accept: */*

Response DefaultHttpResponse(decodeResult: success, version: HTTP/1.1)
HTTP/1.1 200 OK
Content-Type: application/json; charset=utf-8
cache-control: no-cache
content-length: 94

14:40:52.138 [AsyncHttpClient-1-8] DEBUG org.asynchttpclient.netty.channel.ChannelManager - Adding key: http://localhost:1056 for channel [id: 0x3ebb0347, L:/127.0.0.1:65249 - R:localhost/127.0.0.1:1056]
14:40:52.138 [Forwarding getElementTagName on session 7d8ec28dd92c9c51502839cdfe8b9fb0 to remote] DEBUG org.asynchttpclient.netty.request.NettyRequestSender - Using pooled Channel '[id: 0x3ebb0347, L:/127.0.0.1:65249 - R:localhost/127.0.0.1:1056]' for 'GET' to 'http://localhost:1056/session/7d8ec28dd92c9c51502839cdfe8b9fb0/element/3315F16F895C2AD6297A155AFA30619E_element_9/name'
14:40:52.138 [Forwarding getElementTagName on session 7d8ec28dd92c9c51502839cdfe8b9fb0 to remote] DEBUG org.asynchttpclient.netty.request.NettyRequestSender - Using open Channel [id: 0x3ebb0347, L:/127.0.0.1:65249 - R:localhost/127.0.0.1:1056] for GET '/session/7d8ec28dd92c9c51502839cdfe8b9fb0/element/3315F16F895C2AD6297A155AFA30619E_element_9/name'
14:40:52.154 [AsyncHttpClient-1-8] DEBUG org.asynchttpclient.netty.handler.HttpHandler - 

Request DefaultFullHttpRequest(decodeResult: success, version: HTTP/1.1, content: EmptyByteBufBE)
GET /session/7d8ec28dd92c9c51502839cdfe8b9fb0/element/3315F16F895C2AD6297A155AFA30619E_element_9/name HTTP/1.1
User-Agent: selenium/4.7.1 (java windows)
Cache-Control: no-cache
Content-Type: application/json; charset=utf-8
host: localhost:1056
accept: */*

Response DefaultHttpResponse(decodeResult: success, version: HTTP/1.1)
HTTP/1.1 200 OK
Content-Type: application/json; charset=utf-8
cache-control: no-cache
content-length: 18

14:40:52.154 [AsyncHttpClient-1-8] DEBUG org.asynchttpclient.netty.channel.ChannelManager - Adding key: http://localhost:1056 for channel [id: 0x3ebb0347, L:/127.0.0.1:65249 - R:localhost/127.0.0.1:1056]
14:40:52.154 [Forwarding getElementTagName on session 7d8ec28dd92c9c51502839cdfe8b9fb0 to remote] DEBUG org.asynchttpclient.netty.request.NettyRequestSender - Using pooled Channel '[id: 0x3ebb0347, L:/127.0.0.1:65249 - R:localhost/127.0.0.1:1056]' for 'GET' to 'http://localhost:1056/session/7d8ec28dd92c9c51502839cdfe8b9fb0/element/3315F16F895C2AD6297A155AFA30619E_element_9/name'
14:40:52.154 [Forwarding getElementTagName on session 7d8ec28dd92c9c51502839cdfe8b9fb0 to remote] DEBUG org.asynchttpclient.netty.request.NettyRequestSender - Using open Channel [id: 0x3ebb0347, L:/127.0.0.1:65249 - R:localhost/127.0.0.1:1056] for GET '/session/7d8ec28dd92c9c51502839cdfe8b9fb0/element/3315F16F895C2AD6297A155AFA30619E_element_9/name'
14:40:52.162 [AsyncHttpClient-1-8] DEBUG org.asynchttpclient.netty.handler.HttpHandler - 

Request DefaultFullHttpRequest(decodeResult: success, version: HTTP/1.1, content: EmptyByteBufBE)
GET /session/7d8ec28dd92c9c51502839cdfe8b9fb0/element/3315F16F895C2AD6297A155AFA30619E_element_9/name HTTP/1.1
User-Agent: selenium/4.7.1 (java windows)
Cache-Control: no-cache
Content-Type: application/json; charset=utf-8
host: localhost:1056
accept: */*

Response DefaultHttpResponse(decodeResult: success, version: HTTP/1.1)
HTTP/1.1 200 OK
Content-Type: application/json; charset=utf-8
cache-control: no-cache
content-length: 18

14:40:52.162 [AsyncHttpClient-1-8] DEBUG org.asynchttpclient.netty.channel.ChannelManager - Adding key: http://localhost:1056 for channel [id: 0x3ebb0347, L:/127.0.0.1:65249 - R:localhost/127.0.0.1:1056]
14:40:52.162 [Forwarding isElementEnabled on session 7d8ec28dd92c9c51502839cdfe8b9fb0 to remote] DEBUG org.asynchttpclient.netty.request.NettyRequestSender - Using pooled Channel '[id: 0x3ebb0347, L:/127.0.0.1:65249 - R:localhost/127.0.0.1:1056]' for 'GET' to 'http://localhost:1056/session/7d8ec28dd92c9c51502839cdfe8b9fb0/element/3315F16F895C2AD6297A155AFA30619E_element_9/enabled'
14:40:52.162 [Forwarding isElementEnabled on session 7d8ec28dd92c9c51502839cdfe8b9fb0 to remote] DEBUG org.asynchttpclient.netty.request.NettyRequestSender - Using open Channel [id: 0x3ebb0347, L:/127.0.0.1:65249 - R:localhost/127.0.0.1:1056] for GET '/session/7d8ec28dd92c9c51502839cdfe8b9fb0/element/3315F16F895C2AD6297A155AFA30619E_element_9/enabled'
14:40:52.202 [AsyncHttpClient-1-8] DEBUG org.asynchttpclient.netty.handler.HttpHandler - 

Request DefaultFullHttpRequest(decodeResult: success, version: HTTP/1.1, content: EmptyByteBufBE)
GET /session/7d8ec28dd92c9c51502839cdfe8b9fb0/element/3315F16F895C2AD6297A155AFA30619E_element_9/enabled HTTP/1.1
User-Agent: selenium/4.7.1 (java windows)
Cache-Control: no-cache
Content-Type: application/json; charset=utf-8
host: localhost:1056
accept: */*

Response DefaultHttpResponse(decodeResult: success, version: HTTP/1.1)
HTTP/1.1 200 OK
Content-Type: application/json; charset=utf-8
cache-control: no-cache
content-length: 14

14:40:52.202 [AsyncHttpClient-1-8] DEBUG org.asynchttpclient.netty.channel.ChannelManager - Adding key: http://localhost:1056 for channel [id: 0x3ebb0347, L:/127.0.0.1:65249 - R:localhost/127.0.0.1:1056]
14:40:52.202 [Forwarding isElementEnabled on session 7d8ec28dd92c9c51502839cdfe8b9fb0 to remote] DEBUG org.asynchttpclient.netty.request.NettyRequestSender - Using pooled Channel '[id: 0x3ebb0347, L:/127.0.0.1:65249 - R:localhost/127.0.0.1:1056]' for 'GET' to 'http://localhost:1056/session/7d8ec28dd92c9c51502839cdfe8b9fb0/element/3315F16F895C2AD6297A155AFA30619E_element_9/enabled'
14:40:52.202 [Forwarding isElementEnabled on session 7d8ec28dd92c9c51502839cdfe8b9fb0 to remote] DEBUG org.asynchttpclient.netty.request.NettyRequestSender - Using open Channel [id: 0x3ebb0347, L:/127.0.0.1:65249 - R:localhost/127.0.0.1:1056] for GET '/session/7d8ec28dd92c9c51502839cdfe8b9fb0/element/3315F16F895C2AD6297A155AFA30619E_element_9/enabled'
14:40:52.226 [AsyncHttpClient-1-8] DEBUG org.asynchttpclient.netty.handler.HttpHandler - 

Request DefaultFullHttpRequest(decodeResult: success, version: HTTP/1.1, content: EmptyByteBufBE)
GET /session/7d8ec28dd92c9c51502839cdfe8b9fb0/element/3315F16F895C2AD6297A155AFA30619E_element_9/enabled HTTP/1.1
User-Agent: selenium/4.7.1 (java windows)
Cache-Control: no-cache
Content-Type: application/json; charset=utf-8
host: localhost:1056
accept: */*

Response DefaultHttpResponse(decodeResult: success, version: HTTP/1.1)
HTTP/1.1 200 OK
Content-Type: application/json; charset=utf-8
cache-control: no-cache
content-length: 14

14:40:52.226 [AsyncHttpClient-1-8] DEBUG org.asynchttpclient.netty.channel.ChannelManager - Adding key: http://localhost:1056 for channel [id: 0x3ebb0347, L:/127.0.0.1:65249 - R:localhost/127.0.0.1:1056]
14:40:52.242 [Forwarding findElement on session 7d8ec28dd92c9c51502839cdfe8b9fb0 to remote] DEBUG org.asynchttpclient.netty.request.NettyRequestSender - Using pooled Channel '[id: 0x3ebb0347, L:/127.0.0.1:65249 - R:localhost/127.0.0.1:1056]' for 'POST' to 'http://localhost:1056/session/7d8ec28dd92c9c51502839cdfe8b9fb0/element'
14:40:52.242 [Forwarding findElement on session 7d8ec28dd92c9c51502839cdfe8b9fb0 to remote] DEBUG org.asynchttpclient.netty.request.NettyRequestSender - Using open Channel [id: 0x3ebb0347, L:/127.0.0.1:65249 - R:localhost/127.0.0.1:1056] for POST '/session/7d8ec28dd92c9c51502839cdfe8b9fb0/element'
14:40:52.258 [AsyncHttpClient-1-8] DEBUG org.asynchttpclient.netty.handler.HttpHandler - 

Request DefaultHttpRequest(decodeResult: success, version: HTTP/1.1)
POST /session/7d8ec28dd92c9c51502839cdfe8b9fb0/element HTTP/1.1
User-Agent: selenium/4.7.1 (java windows)
Content-Length: 113
Content-Type: application/json; charset=utf-8
host: localhost:1056
accept: */*

Response DefaultHttpResponse(decodeResult: success, version: HTTP/1.1)
HTTP/1.1 200 OK
Content-Type: application/json; charset=utf-8
cache-control: no-cache
content-length: 94

14:40:52.258 [AsyncHttpClient-1-8] DEBUG org.asynchttpclient.netty.channel.ChannelManager - Adding key: http://localhost:1056 for channel [id: 0x3ebb0347, L:/127.0.0.1:65249 - R:localhost/127.0.0.1:1056]
14:40:52.258 [Forwarding clickElement on session 7d8ec28dd92c9c51502839cdfe8b9fb0 to remote] DEBUG org.asynchttpclient.netty.request.NettyRequestSender - Using pooled Channel '[id: 0x3ebb0347, L:/127.0.0.1:65249 - R:localhost/127.0.0.1:1056]' for 'POST' to 'http://localhost:1056/session/7d8ec28dd92c9c51502839cdfe8b9fb0/element/3315F16F895C2AD6297A155AFA30619E_element_9/click'
14:40:52.258 [Forwarding clickElement on session 7d8ec28dd92c9c51502839cdfe8b9fb0 to remote] DEBUG org.asynchttpclient.netty.request.NettyRequestSender - Using open Channel [id: 0x3ebb0347, L:/127.0.0.1:65249 - R:localhost/127.0.0.1:1056] for POST '/session/7d8ec28dd92c9c51502839cdfe8b9fb0/element/3315F16F895C2AD6297A155AFA30619E_element_9/click'
14:40:52.372 [AsyncHttpClient-1-8] DEBUG org.asynchttpclient.netty.handler.HttpHandler - 

Request DefaultHttpRequest(decodeResult: success, version: HTTP/1.1)
POST /session/7d8ec28dd92c9c51502839cdfe8b9fb0/element/3315F16F895C2AD6297A155AFA30619E_element_9/click HTTP/1.1
User-Agent: selenium/4.7.1 (java windows)
Content-Length: 56
Content-Type: application/json; charset=utf-8
host: localhost:1056
accept: */*

Response DefaultHttpResponse(decodeResult: success, version: HTTP/1.1)
HTTP/1.1 200 OK
Content-Type: application/json; charset=utf-8
cache-control: no-cache
content-length: 14

14:40:52.372 [AsyncHttpClient-1-8] DEBUG org.asynchttpclient.netty.channel.ChannelManager - Adding key: http://localhost:1056 for channel [id: 0x3ebb0347, L:/127.0.0.1:65249 - R:localhost/127.0.0.1:1056]
14:40:52.392 [Forwarding getCurrentWindowHandle on session 7d8ec28dd92c9c51502839cdfe8b9fb0 to remote] DEBUG org.asynchttpclient.netty.request.NettyRequestSender - Using pooled Channel '[id: 0x3ebb0347, L:/127.0.0.1:65249 - R:localhost/127.0.0.1:1056]' for 'GET' to 'http://localhost:1056/session/7d8ec28dd92c9c51502839cdfe8b9fb0/window'
14:40:52.392 [Forwarding getCurrentWindowHandle on session 7d8ec28dd92c9c51502839cdfe8b9fb0 to remote] DEBUG org.asynchttpclient.netty.request.NettyRequestSender - Using open Channel [id: 0x3ebb0347, L:/127.0.0.1:65249 - R:localhost/127.0.0.1:1056] for GET '/session/7d8ec28dd92c9c51502839cdfe8b9fb0/window'
14:40:52.392 [AsyncHttpClient-1-8] DEBUG org.asynchttpclient.netty.handler.HttpHandler - 

Request DefaultFullHttpRequest(decodeResult: success, version: HTTP/1.1, content: EmptyByteBufBE)
GET /session/7d8ec28dd92c9c51502839cdfe8b9fb0/window HTTP/1.1
User-Agent: selenium/4.7.1 (java windows)
Cache-Control: no-cache
Content-Type: application/json; charset=utf-8
host: localhost:1056
accept: */*

Response DefaultHttpResponse(decodeResult: success, version: HTTP/1.1)
HTTP/1.1 200 OK
Content-Type: application/json; charset=utf-8
cache-control: no-cache
content-length: 44

14:40:52.392 [AsyncHttpClient-1-8] DEBUG org.asynchttpclient.netty.channel.ChannelManager - Adding key: http://localhost:1056 for channel [id: 0x3ebb0347, L:/127.0.0.1:65249 - R:localhost/127.0.0.1:1056]
14:40:52.398 [Forwarding getAlertText on session 7d8ec28dd92c9c51502839cdfe8b9fb0 to remote] DEBUG org.asynchttpclient.netty.request.NettyRequestSender - Using pooled Channel '[id: 0x3ebb0347, L:/127.0.0.1:65249 - R:localhost/127.0.0.1:1056]' for 'GET' to 'http://localhost:1056/session/7d8ec28dd92c9c51502839cdfe8b9fb0/alert/text'
14:40:52.398 [Forwarding getAlertText on session 7d8ec28dd92c9c51502839cdfe8b9fb0 to remote] DEBUG org.asynchttpclient.netty.request.NettyRequestSender - Using open Channel [id: 0x3ebb0347, L:/127.0.0.1:65249 - R:localhost/127.0.0.1:1056] for GET '/session/7d8ec28dd92c9c51502839cdfe8b9fb0/alert/text'
14:40:52.400 [AsyncHttpClient-1-8] DEBUG org.asynchttpclient.netty.handler.HttpHandler - 

Request DefaultFullHttpRequest(decodeResult: success, version: HTTP/1.1, content: EmptyByteBufBE)
GET /session/7d8ec28dd92c9c51502839cdfe8b9fb0/alert/text HTTP/1.1
User-Agent: selenium/4.7.1 (java windows)
Cache-Control: no-cache
Content-Type: application/json; charset=utf-8
host: localhost:1056
accept: */*

Response DefaultHttpResponse(decodeResult: success, version: HTTP/1.1)
HTTP/1.1 404 Not Found
Content-Type: application/json; charset=utf-8
cache-control: no-cache
content-length: 821

14:40:52.400 [AsyncHttpClient-1-8] DEBUG org.asynchttpclient.netty.channel.ChannelManager - Adding key: http://localhost:1056 for channel [id: 0x3ebb0347, L:/127.0.0.1:65249 - R:localhost/127.0.0.1:1056]
14:40:52.400 [Forwarding switchToWindow on session 7d8ec28dd92c9c51502839cdfe8b9fb0 to remote] DEBUG org.asynchttpclient.netty.request.NettyRequestSender - Using pooled Channel '[id: 0x3ebb0347, L:/127.0.0.1:65249 - R:localhost/127.0.0.1:1056]' for 'POST' to 'http://localhost:1056/session/7d8ec28dd92c9c51502839cdfe8b9fb0/window'
14:40:52.400 [Forwarding switchToWindow on session 7d8ec28dd92c9c51502839cdfe8b9fb0 to remote] DEBUG org.asynchttpclient.netty.request.NettyRequestSender - Using open Channel [id: 0x3ebb0347, L:/127.0.0.1:65249 - R:localhost/127.0.0.1:1056] for POST '/session/7d8ec28dd92c9c51502839cdfe8b9fb0/window'
14:40:52.408 [AsyncHttpClient-1-8] DEBUG org.asynchttpclient.netty.handler.HttpHandler - 

Request DefaultHttpRequest(decodeResult: success, version: HTTP/1.1)
POST /session/7d8ec28dd92c9c51502839cdfe8b9fb0/window HTTP/1.1
User-Agent: selenium/4.7.1 (java windows)
Content-Length: 50
Content-Type: application/json; charset=utf-8
host: localhost:1056
accept: */*

Response DefaultHttpResponse(decodeResult: success, version: HTTP/1.1)
HTTP/1.1 200 OK
Content-Type: application/json; charset=utf-8
cache-control: no-cache
content-length: 14

14:40:52.408 [AsyncHttpClient-1-8] DEBUG org.asynchttpclient.netty.channel.ChannelManager - Adding key: http://localhost:1056 for channel [id: 0x3ebb0347, L:/127.0.0.1:65249 - R:localhost/127.0.0.1:1056]
14:40:52.408 [Forwarding getCurrentUrl on session 7d8ec28dd92c9c51502839cdfe8b9fb0 to remote] DEBUG org.asynchttpclient.netty.request.NettyRequestSender - Using pooled Channel '[id: 0x3ebb0347, L:/127.0.0.1:65249 - R:localhost/127.0.0.1:1056]' for 'GET' to 'http://localhost:1056/session/7d8ec28dd92c9c51502839cdfe8b9fb0/url'
14:40:52.408 [Forwarding getCurrentUrl on session 7d8ec28dd92c9c51502839cdfe8b9fb0 to remote] DEBUG org.asynchttpclient.netty.request.NettyRequestSender - Using open Channel [id: 0x3ebb0347, L:/127.0.0.1:65249 - R:localhost/127.0.0.1:1056] for GET '/session/7d8ec28dd92c9c51502839cdfe8b9fb0/url'
14:40:52.416 [AsyncHttpClient-1-8] DEBUG org.asynchttpclient.netty.handler.HttpHandler - 

Request DefaultFullHttpRequest(decodeResult: success, version: HTTP/1.1, content: EmptyByteBufBE)
GET /session/7d8ec28dd92c9c51502839cdfe8b9fb0/url HTTP/1.1
User-Agent: selenium/4.7.1 (java windows)
Cache-Control: no-cache
Content-Type: application/json; charset=utf-8
host: localhost:1056
accept: */*

Response DefaultHttpResponse(decodeResult: success, version: HTTP/1.1)
HTTP/1.1 200 OK
Content-Type: application/json; charset=utf-8
cache-control: no-cache
content-length: 51

14:40:52.416 [AsyncHttpClient-1-8] DEBUG org.asynchttpclient.netty.channel.ChannelManager - Adding key: http://localhost:1056 for channel [id: 0x3ebb0347, L:/127.0.0.1:65249 - R:localhost/127.0.0.1:1056]
14:40:52.416 [Forwarding screenshot on session 7d8ec28dd92c9c51502839cdfe8b9fb0 to remote] DEBUG org.asynchttpclient.netty.request.NettyRequestSender - Using pooled Channel '[id: 0x3ebb0347, L:/127.0.0.1:65249 - R:localhost/127.0.0.1:1056]' for 'GET' to 'http://localhost:1056/session/7d8ec28dd92c9c51502839cdfe8b9fb0/screenshot'
14:40:52.416 [Forwarding screenshot on session 7d8ec28dd92c9c51502839cdfe8b9fb0 to remote] DEBUG org.asynchttpclient.netty.request.NettyRequestSender - Using open Channel [id: 0x3ebb0347, L:/127.0.0.1:65249 - R:localhost/127.0.0.1:1056] for GET '/session/7d8ec28dd92c9c51502839cdfe8b9fb0/screenshot'
14:40:52.667 [AsyncHttpClient-1-8] DEBUG org.asynchttpclient.netty.handler.HttpHandler - 

Request DefaultFullHttpRequest(decodeResult: success, version: HTTP/1.1, content: EmptyByteBufBE)
GET /session/7d8ec28dd92c9c51502839cdfe8b9fb0/screenshot HTTP/1.1
User-Agent: selenium/4.7.1 (java windows)
Cache-Control: no-cache
Content-Type: application/json; charset=utf-8
host: localhost:1056
accept: */*

Response DefaultHttpResponse(decodeResult: success, version: HTTP/1.1)
HTTP/1.1 200 OK
Content-Type: application/json; charset=utf-8
cache-control: no-cache
content-length: 192008

14:40:52.667 [AsyncHttpClient-1-8] DEBUG org.asynchttpclient.netty.channel.ChannelManager - Adding key: http://localhost:1056 for channel [id: 0x3ebb0347, L:/127.0.0.1:65249 - R:localhost/127.0.0.1:1056]
14:40:52.675 [main] DEBUG net.serenitybdd.core.photography.Darkroom - Send negative for processing for target\site\serenity\cd7cc94f58136a2d2b3e3c252bd27c3d3d8f5aa3b9ecea873a8beb71d8774489.png
14:40:52.675 [main] DEBUG net.thucydides.core.steps.StepInterceptor - STEP DONE: klikbuttonmasuk
14:40:52.675 [Darkroom Processing Line] DEBUG net.serenitybdd.core.photography.DarkroomProcessingLine - Processing screenshot image in /var/screenshots/screenshot-9972212595103038493
14:40:52.675 [Darkroom Processing Line] DEBUG net.serenitybdd.core.photography.DarkroomProcessingLine - Saving screenshot to target\site\serenity\cd7cc94f58136a2d2b3e3c252bd27c3d3d8f5aa3b9ecea873a8beb71d8774489.png
  &amp#27;[32mGiven &amp#27;[0m&amp#27;[32mAdmin melakukan login akun untuk fitur PDAM&amp#27;[0m                                   &amp#27;[90m# starter.stepdefinitions.PDAMSteps.adminMelakukanLoginAkunUntukFiturPDAM()&amp#27;[0m
14:40:52.691 [main] DEBUG net.thucydides.core.steps.StepInterceptor - STARTING STEP: PDAMSteps.padaBerandaAdminKlikLayanan - klikmenulayanan
14:40:52.699 [Forwarding findElement on session 7d8ec28dd92c9c51502839cdfe8b9fb0 to remote] DEBUG org.asynchttpclient.netty.request.NettyRequestSender - Using pooled Channel '[id: 0x3ebb0347, L:/127.0.0.1:65249 - R:localhost/127.0.0.1:1056]' for 'POST' to 'http://localhost:1056/session/7d8ec28dd92c9c51502839cdfe8b9fb0/element'
14:40:52.699 [Forwarding findElement on session 7d8ec28dd92c9c51502839cdfe8b9fb0 to remote] DEBUG org.asynchttpclient.netty.request.NettyRequestSender - Using open Channel [id: 0x3ebb0347, L:/127.0.0.1:65249 - R:localhost/127.0.0.1:1056] for POST '/session/7d8ec28dd92c9c51502839cdfe8b9fb0/element'
14:40:53.191 [AsyncHttpClient-1-1] DEBUG org.asynchttpclient.netty.channel.DefaultChannelPool - Entry count for : http://localhost:65251 : 1
14:40:53.825 [AsyncHttpClient-1-8] DEBUG org.asynchttpclient.netty.handler.HttpHandler - 

Request DefaultHttpRequest(decodeResult: success, version: HTTP/1.1)
POST /session/7d8ec28dd92c9c51502839cdfe8b9fb0/element HTTP/1.1
User-Agent: selenium/4.7.1 (java windows)
Content-Length: 178
Content-Type: application/json; charset=utf-8
host: localhost:1056
accept: */*

Response DefaultHttpResponse(decodeResult: success, version: HTTP/1.1)
HTTP/1.1 200 OK
Content-Type: application/json; charset=utf-8
cache-control: no-cache
content-length: 95

14:40:53.825 [AsyncHttpClient-1-8] DEBUG org.asynchttpclient.netty.channel.ChannelManager - Adding key: http://localhost:1056 for channel [id: 0x3ebb0347, L:/127.0.0.1:65249 - R:localhost/127.0.0.1:1056]
14:40:53.833 [Forwarding getElementTagName on session 7d8ec28dd92c9c51502839cdfe8b9fb0 to remote] DEBUG org.asynchttpclient.netty.request.NettyRequestSender - Using pooled Channel '[id: 0x3ebb0347, L:/127.0.0.1:65249 - R:localhost/127.0.0.1:1056]' for 'GET' to 'http://localhost:1056/session/7d8ec28dd92c9c51502839cdfe8b9fb0/element/3315F16F895C2AD6297A155AFA30619E_element_23/name'
14:40:53.833 [Forwarding getElementTagName on session 7d8ec28dd92c9c51502839cdfe8b9fb0 to remote] DEBUG org.asynchttpclient.netty.request.NettyRequestSender - Using open Channel [id: 0x3ebb0347, L:/127.0.0.1:65249 - R:localhost/127.0.0.1:1056] for GET '/session/7d8ec28dd92c9c51502839cdfe8b9fb0/element/3315F16F895C2AD6297A155AFA30619E_element_23/name'
14:40:53.841 [AsyncHttpClient-1-8] DEBUG org.asynchttpclient.netty.handler.HttpHandler - 

Request DefaultFullHttpRequest(decodeResult: success, version: HTTP/1.1, content: EmptyByteBufBE)
GET /session/7d8ec28dd92c9c51502839cdfe8b9fb0/element/3315F16F895C2AD6297A155AFA30619E_element_23/name HTTP/1.1
User-Agent: selenium/4.7.1 (java windows)
Cache-Control: no-cache
Content-Type: application/json; charset=utf-8
host: localhost:1056
accept: */*

Response DefaultHttpResponse(decodeResult: success, version: HTTP/1.1)
HTTP/1.1 200 OK
Content-Type: application/json; charset=utf-8
cache-control: no-cache
content-length: 13

14:40:53.841 [AsyncHttpClient-1-8] DEBUG org.asynchttpclient.netty.channel.ChannelManager - Adding key: http://localhost:1056 for channel [id: 0x3ebb0347, L:/127.0.0.1:65249 - R:localhost/127.0.0.1:1056]
14:40:53.841 [Forwarding getElementTagName on session 7d8ec28dd92c9c51502839cdfe8b9fb0 to remote] DEBUG org.asynchttpclient.netty.request.NettyRequestSender - Using pooled Channel '[id: 0x3ebb0347, L:/127.0.0.1:65249 - R:localhost/127.0.0.1:1056]' for 'GET' to 'http://localhost:1056/session/7d8ec28dd92c9c51502839cdfe8b9fb0/element/3315F16F895C2AD6297A155AFA30619E_element_23/name'
14:40:53.841 [Forwarding getElementTagName on session 7d8ec28dd92c9c51502839cdfe8b9fb0 to remote] DEBUG org.asynchttpclient.netty.request.NettyRequestSender - Using open Channel [id: 0x3ebb0347, L:/127.0.0.1:65249 - R:localhost/127.0.0.1:1056] for GET '/session/7d8ec28dd92c9c51502839cdfe8b9fb0/element/3315F16F895C2AD6297A155AFA30619E_element_23/name'
14:40:53.857 [AsyncHttpClient-1-8] DEBUG org.asynchttpclient.netty.handler.HttpHandler - 

Request DefaultFullHttpRequest(decodeResult: success, version: HTTP/1.1, content: EmptyByteBufBE)
GET /session/7d8ec28dd92c9c51502839cdfe8b9fb0/element/3315F16F895C2AD6297A155AFA30619E_element_23/name HTTP/1.1
User-Agent: selenium/4.7.1 (java windows)
Cache-Control: no-cache
Content-Type: application/json; charset=utf-8
host: localhost:1056
accept: */*

Response DefaultHttpResponse(decodeResult: success, version: HTTP/1.1)
HTTP/1.1 200 OK
Content-Type: application/json; charset=utf-8
cache-control: no-cache
content-length: 13

14:40:53.857 [AsyncHttpClient-1-8] DEBUG org.asynchttpclient.netty.channel.ChannelManager - Adding key: http://localhost:1056 for channel [id: 0x3ebb0347, L:/127.0.0.1:65249 - R:localhost/127.0.0.1:1056]
14:40:53.857 [Forwarding findElement on session 7d8ec28dd92c9c51502839cdfe8b9fb0 to remote] DEBUG org.asynchttpclient.netty.request.NettyRequestSender - Using pooled Channel '[id: 0x3ebb0347, L:/127.0.0.1:65249 - R:localhost/127.0.0.1:1056]' for 'POST' to 'http://localhost:1056/session/7d8ec28dd92c9c51502839cdfe8b9fb0/element'
14:40:53.857 [Forwarding findElement on session 7d8ec28dd92c9c51502839cdfe8b9fb0 to remote] DEBUG org.asynchttpclient.netty.request.NettyRequestSender - Using open Channel [id: 0x3ebb0347, L:/127.0.0.1:65249 - R:localhost/127.0.0.1:1056] for POST '/session/7d8ec28dd92c9c51502839cdfe8b9fb0/element'
14:40:53.873 [AsyncHttpClient-1-8] DEBUG org.asynchttpclient.netty.handler.HttpHandler - 

Request DefaultHttpRequest(decodeResult: success, version: HTTP/1.1)
POST /session/7d8ec28dd92c9c51502839cdfe8b9fb0/element HTTP/1.1
User-Agent: selenium/4.7.1 (java windows)
Content-Length: 178
Content-Type: application/json; charset=utf-8
host: localhost:1056
accept: */*

Response DefaultHttpResponse(decodeResult: success, version: HTTP/1.1)
HTTP/1.1 200 OK
Content-Type: application/json; charset=utf-8
cache-control: no-cache
content-length: 95

14:40:53.873 [AsyncHttpClient-1-8] DEBUG org.asynchttpclient.netty.channel.ChannelManager - Adding key: http://localhost:1056 for channel [id: 0x3ebb0347, L:/127.0.0.1:65249 - R:localhost/127.0.0.1:1056]
14:40:53.873 [Forwarding clickElement on session 7d8ec28dd92c9c51502839cdfe8b9fb0 to remote] DEBUG org.asynchttpclient.netty.request.NettyRequestSender - Using pooled Channel '[id: 0x3ebb0347, L:/127.0.0.1:65249 - R:localhost/127.0.0.1:1056]' for 'POST' to 'http://localhost:1056/session/7d8ec28dd92c9c51502839cdfe8b9fb0/element/3315F16F895C2AD6297A155AFA30619E_element_23/click'
14:40:53.873 [Forwarding clickElement on session 7d8ec28dd92c9c51502839cdfe8b9fb0 to remote] DEBUG org.asynchttpclient.netty.request.NettyRequestSender - Using open Channel [id: 0x3ebb0347, L:/127.0.0.1:65249 - R:localhost/127.0.0.1:1056] for POST '/session/7d8ec28dd92c9c51502839cdfe8b9fb0/element/3315F16F895C2AD6297A155AFA30619E_element_23/click'
14:40:53.953 [AsyncHttpClient-1-8] DEBUG org.asynchttpclient.netty.handler.HttpHandler - 

Request DefaultHttpRequest(decodeResult: success, version: HTTP/1.1)
POST /session/7d8ec28dd92c9c51502839cdfe8b9fb0/element/3315F16F895C2AD6297A155AFA30619E_element_23/click HTTP/1.1
User-Agent: selenium/4.7.1 (java windows)
Content-Length: 57
Content-Type: application/json; charset=utf-8
host: localhost:1056
accept: */*

Response DefaultHttpResponse(decodeResult: success, version: HTTP/1.1)
HTTP/1.1 200 OK
Content-Type: application/json; charset=utf-8
cache-control: no-cache
content-length: 14

14:40:53.953 [AsyncHttpClient-1-8] DEBUG org.asynchttpclient.netty.channel.ChannelManager - Adding key: http://localhost:1056 for channel [id: 0x3ebb0347, L:/127.0.0.1:65249 - R:localhost/127.0.0.1:1056]
14:40:53.969 [Forwarding getCurrentWindowHandle on session 7d8ec28dd92c9c51502839cdfe8b9fb0 to remote] DEBUG org.asynchttpclient.netty.request.NettyRequestSender - Using pooled Channel '[id: 0x3ebb0347, L:/127.0.0.1:65249 - R:localhost/127.0.0.1:1056]' for 'GET' to 'http://localhost:1056/session/7d8ec28dd92c9c51502839cdfe8b9fb0/window'
14:40:53.969 [Forwarding getCurrentWindowHandle on session 7d8ec28dd92c9c51502839cdfe8b9fb0 to remote] DEBUG org.asynchttpclient.netty.request.NettyRequestSender - Using open Channel [id: 0x3ebb0347, L:/127.0.0.1:65249 - R:localhost/127.0.0.1:1056] for GET '/session/7d8ec28dd92c9c51502839cdfe8b9fb0/window'
14:40:53.969 [AsyncHttpClient-1-8] DEBUG org.asynchttpclient.netty.handler.HttpHandler - 

Request DefaultFullHttpRequest(decodeResult: success, version: HTTP/1.1, content: EmptyByteBufBE)
GET /session/7d8ec28dd92c9c51502839cdfe8b9fb0/window HTTP/1.1
User-Agent: selenium/4.7.1 (java windows)
Cache-Control: no-cache
Content-Type: application/json; charset=utf-8
host: localhost:1056
accept: */*

Response DefaultHttpResponse(decodeResult: success, version: HTTP/1.1)
HTTP/1.1 200 OK
Content-Type: application/json; charset=utf-8
cache-control: no-cache
content-length: 44

14:40:53.969 [AsyncHttpClient-1-8] DEBUG org.asynchttpclient.netty.channel.ChannelManager - Adding key: http://localhost:1056 for channel [id: 0x3ebb0347, L:/127.0.0.1:65249 - R:localhost/127.0.0.1:1056]
14:40:53.969 [Forwarding getAlertText on session 7d8ec28dd92c9c51502839cdfe8b9fb0 to remote] DEBUG org.asynchttpclient.netty.request.NettyRequestSender - Using pooled Channel '[id: 0x3ebb0347, L:/127.0.0.1:65249 - R:localhost/127.0.0.1:1056]' for 'GET' to 'http://localhost:1056/session/7d8ec28dd92c9c51502839cdfe8b9fb0/alert/text'
14:40:53.969 [Forwarding getAlertText on session 7d8ec28dd92c9c51502839cdfe8b9fb0 to remote] DEBUG org.asynchttpclient.netty.request.NettyRequestSender - Using open Channel [id: 0x3ebb0347, L:/127.0.0.1:65249 - R:localhost/127.0.0.1:1056] for GET '/session/7d8ec28dd92c9c51502839cdfe8b9fb0/alert/text'
14:40:53.969 [AsyncHttpClient-1-8] DEBUG org.asynchttpclient.netty.handler.HttpHandler - 

Request DefaultFullHttpRequest(decodeResult: success, version: HTTP/1.1, content: EmptyByteBufBE)
GET /session/7d8ec28dd92c9c51502839cdfe8b9fb0/alert/text HTTP/1.1
User-Agent: selenium/4.7.1 (java windows)
Cache-Control: no-cache
Content-Type: application/json; charset=utf-8
host: localhost:1056
accept: */*

Response DefaultHttpResponse(decodeResult: success, version: HTTP/1.1)
HTTP/1.1 404 Not Found
Content-Type: application/json; charset=utf-8
cache-control: no-cache
content-length: 821

14:40:53.969 [AsyncHttpClient-1-8] DEBUG org.asynchttpclient.netty.channel.ChannelManager - Adding key: http://localhost:1056 for channel [id: 0x3ebb0347, L:/127.0.0.1:65249 - R:localhost/127.0.0.1:1056]
14:40:53.979 [Forwarding switchToWindow on session 7d8ec28dd92c9c51502839cdfe8b9fb0 to remote] DEBUG org.asynchttpclient.netty.request.NettyRequestSender - Using pooled Channel '[id: 0x3ebb0347, L:/127.0.0.1:65249 - R:localhost/127.0.0.1:1056]' for 'POST' to 'http://localhost:1056/session/7d8ec28dd92c9c51502839cdfe8b9fb0/window'
14:40:53.979 [Forwarding switchToWindow on session 7d8ec28dd92c9c51502839cdfe8b9fb0 to remote] DEBUG org.asynchttpclient.netty.request.NettyRequestSender - Using open Channel [id: 0x3ebb0347, L:/127.0.0.1:65249 - R:localhost/127.0.0.1:1056] for POST '/session/7d8ec28dd92c9c51502839cdfe8b9fb0/window'
14:40:53.979 [AsyncHttpClient-1-8] DEBUG org.asynchttpclient.netty.handler.HttpHandler - 

Request DefaultHttpRequest(decodeResult: success, version: HTTP/1.1)
POST /session/7d8ec28dd92c9c51502839cdfe8b9fb0/window HTTP/1.1
User-Agent: selenium/4.7.1 (java windows)
Content-Length: 50
Content-Type: application/json; charset=utf-8
host: localhost:1056
accept: */*

Response DefaultHttpResponse(decodeResult: success, version: HTTP/1.1)
HTTP/1.1 200 OK
Content-Type: application/json; charset=utf-8
cache-control: no-cache
content-length: 14

14:40:53.979 [AsyncHttpClient-1-8] DEBUG org.asynchttpclient.netty.channel.ChannelManager - Adding key: http://localhost:1056 for channel [id: 0x3ebb0347, L:/127.0.0.1:65249 - R:localhost/127.0.0.1:1056]
14:40:53.979 [Forwarding getCurrentUrl on session 7d8ec28dd92c9c51502839cdfe8b9fb0 to remote] DEBUG org.asynchttpclient.netty.request.NettyRequestSender - Using pooled Channel '[id: 0x3ebb0347, L:/127.0.0.1:65249 - R:localhost/127.0.0.1:1056]' for 'GET' to 'http://localhost:1056/session/7d8ec28dd92c9c51502839cdfe8b9fb0/url'
14:40:53.979 [Forwarding getCurrentUrl on session 7d8ec28dd92c9c51502839cdfe8b9fb0 to remote] DEBUG org.asynchttpclient.netty.request.NettyRequestSender - Using open Channel [id: 0x3ebb0347, L:/127.0.0.1:65249 - R:localhost/127.0.0.1:1056] for GET '/session/7d8ec28dd92c9c51502839cdfe8b9fb0/url'
14:40:53.985 [AsyncHttpClient-1-8] DEBUG org.asynchttpclient.netty.handler.HttpHandler - 

Request DefaultFullHttpRequest(decodeResult: success, version: HTTP/1.1, content: EmptyByteBufBE)
GET /session/7d8ec28dd92c9c51502839cdfe8b9fb0/url HTTP/1.1
User-Agent: selenium/4.7.1 (java windows)
Cache-Control: no-cache
Content-Type: application/json; charset=utf-8
host: localhost:1056
accept: */*

Response DefaultHttpResponse(decodeResult: success, version: HTTP/1.1)
HTTP/1.1 200 OK
Content-Type: application/json; charset=utf-8
cache-control: no-cache
content-length: 53

14:40:53.985 [AsyncHttpClient-1-8] DEBUG org.asynchttpclient.netty.channel.ChannelManager - Adding key: http://localhost:1056 for channel [id: 0x3ebb0347, L:/127.0.0.1:65249 - R:localhost/127.0.0.1:1056]
14:40:53.985 [Forwarding screenshot on session 7d8ec28dd92c9c51502839cdfe8b9fb0 to remote] DEBUG org.asynchttpclient.netty.request.NettyRequestSender - Using pooled Channel '[id: 0x3ebb0347, L:/127.0.0.1:65249 - R:localhost/127.0.0.1:1056]' for 'GET' to 'http://localhost:1056/session/7d8ec28dd92c9c51502839cdfe8b9fb0/screenshot'
14:40:53.985 [Forwarding screenshot on session 7d8ec28dd92c9c51502839cdfe8b9fb0 to remote] DEBUG org.asynchttpclient.netty.request.NettyRequestSender - Using open Channel [id: 0x3ebb0347, L:/127.0.0.1:65249 - R:localhost/127.0.0.1:1056] for GET '/session/7d8ec28dd92c9c51502839cdfe8b9fb0/screenshot'
14:40:54.146 [AsyncHttpClient-1-8] DEBUG org.asynchttpclient.netty.handler.HttpHandler - 

Request DefaultFullHttpRequest(decodeResult: success, version: HTTP/1.1, content: EmptyByteBufBE)
GET /session/7d8ec28dd92c9c51502839cdfe8b9fb0/screenshot HTTP/1.1
User-Agent: selenium/4.7.1 (java windows)
Cache-Control: no-cache
Content-Type: application/json; charset=utf-8
host: localhost:1056
accept: */*

Response DefaultHttpResponse(decodeResult: success, version: HTTP/1.1)
HTTP/1.1 200 OK
Content-Type: application/json; charset=utf-8
cache-control: no-cache
content-length: 41344

14:40:54.146 [AsyncHttpClient-1-8] DEBUG org.asynchttpclient.netty.channel.ChannelManager - Adding key: http://localhost:1056 for channel [id: 0x3ebb0347, L:/127.0.0.1:65249 - R:localhost/127.0.0.1:1056]
14:40:54.146 [main] DEBUG net.serenitybdd.core.photography.Darkroom - Send negative for processing for target\site\serenity\e09d222db2874a649f26614a367a2b68c97a5da7b7241952eec501b062fcd708.png
14:40:54.154 [main] DEBUG net.thucydides.core.steps.StepInterceptor - STEP DONE: klikmenulayanan
14:40:54.154 [Darkroom Processing Line] DEBUG net.serenitybdd.core.photography.DarkroomProcessingLine - Processing screenshot image in /var/screenshots/screenshot-11178527331035914325
14:40:54.154 [Darkroom Processing Line] DEBUG net.serenitybdd.core.photography.DarkroomProcessingLine - Saving screenshot to target\site\serenity\e09d222db2874a649f26614a367a2b68c97a5da7b7241952eec501b062fcd708.png
  &amp#27;[32mWhen &amp#27;[0m&amp#27;[32mPada Beranda, Admin klik Layanan&amp#27;[0m                                               &amp#27;[90m# starter.stepdefinitions.PDAMSteps.padaBerandaAdminKlikLayanan()&amp#27;[0m
14:40:54.170 [main] DEBUG net.thucydides.core.steps.StepInterceptor - STARTING STEP: PDAMSteps.adminKlikPDAM - klikpdam
14:40:54.178 [Forwarding findElement on session 7d8ec28dd92c9c51502839cdfe8b9fb0 to remote] DEBUG org.asynchttpclient.netty.request.NettyRequestSender - Using pooled Channel '[id: 0x3ebb0347, L:/127.0.0.1:65249 - R:localhost/127.0.0.1:1056]' for 'POST' to 'http://localhost:1056/session/7d8ec28dd92c9c51502839cdfe8b9fb0/element'
14:40:54.178 [Forwarding findElement on session 7d8ec28dd92c9c51502839cdfe8b9fb0 to remote] DEBUG org.asynchttpclient.netty.request.NettyRequestSender - Using open Channel [id: 0x3ebb0347, L:/127.0.0.1:65249 - R:localhost/127.0.0.1:1056] for POST '/session/7d8ec28dd92c9c51502839cdfe8b9fb0/element'
14:40:54.202 [AsyncHttpClient-1-8] DEBUG org.asynchttpclient.netty.handler.HttpHandler - 

Request DefaultHttpRequest(decodeResult: success, version: HTTP/1.1)
POST /session/7d8ec28dd92c9c51502839cdfe8b9fb0/element HTTP/1.1
User-Agent: selenium/4.7.1 (java windows)
Content-Length: 96
Content-Type: application/json; charset=utf-8
host: localhost:1056
accept: */*

Response DefaultHttpResponse(decodeResult: success, version: HTTP/1.1)
HTTP/1.1 200 OK
Content-Type: application/json; charset=utf-8
cache-control: no-cache
content-length: 95

14:40:54.202 [AsyncHttpClient-1-8] DEBUG org.asynchttpclient.netty.channel.ChannelManager - Adding key: http://localhost:1056 for channel [id: 0x3ebb0347, L:/127.0.0.1:65249 - R:localhost/127.0.0.1:1056]
14:40:54.202 [Forwarding getElementTagName on session 7d8ec28dd92c9c51502839cdfe8b9fb0 to remote] DEBUG org.asynchttpclient.netty.request.NettyRequestSender - Using pooled Channel '[id: 0x3ebb0347, L:/127.0.0.1:65249 - R:localhost/127.0.0.1:1056]' for 'GET' to 'http://localhost:1056/session/7d8ec28dd92c9c51502839cdfe8b9fb0/element/3315F16F895C2AD6297A155AFA30619E_element_55/name'
14:40:54.202 [Forwarding getElementTagName on session 7d8ec28dd92c9c51502839cdfe8b9fb0 to remote] DEBUG org.asynchttpclient.netty.request.NettyRequestSender - Using open Channel [id: 0x3ebb0347, L:/127.0.0.1:65249 - R:localhost/127.0.0.1:1056] for GET '/session/7d8ec28dd92c9c51502839cdfe8b9fb0/element/3315F16F895C2AD6297A155AFA30619E_element_55/name'
14:40:54.210 [AsyncHttpClient-1-8] DEBUG org.asynchttpclient.netty.handler.HttpHandler - 

Request DefaultFullHttpRequest(decodeResult: success, version: HTTP/1.1, content: EmptyByteBufBE)
GET /session/7d8ec28dd92c9c51502839cdfe8b9fb0/element/3315F16F895C2AD6297A155AFA30619E_element_55/name HTTP/1.1
User-Agent: selenium/4.7.1 (java windows)
Cache-Control: no-cache
Content-Type: application/json; charset=utf-8
host: localhost:1056
accept: */*

Response DefaultHttpResponse(decodeResult: success, version: HTTP/1.1)
HTTP/1.1 200 OK
Content-Type: application/json; charset=utf-8
cache-control: no-cache
content-length: 13

14:40:54.210 [AsyncHttpClient-1-8] DEBUG org.asynchttpclient.netty.channel.ChannelManager - Adding key: http://localhost:1056 for channel [id: 0x3ebb0347, L:/127.0.0.1:65249 - R:localhost/127.0.0.1:1056]
14:40:54.210 [Forwarding getElementTagName on session 7d8ec28dd92c9c51502839cdfe8b9fb0 to remote] DEBUG org.asynchttpclient.netty.request.NettyRequestSender - Using pooled Channel '[id: 0x3ebb0347, L:/127.0.0.1:65249 - R:localhost/127.0.0.1:1056]' for 'GET' to 'http://localhost:1056/session/7d8ec28dd92c9c51502839cdfe8b9fb0/element/3315F16F895C2AD6297A155AFA30619E_element_55/name'
14:40:54.210 [Forwarding getElementTagName on session 7d8ec28dd92c9c51502839cdfe8b9fb0 to remote] DEBUG org.asynchttpclient.netty.request.NettyRequestSender - Using open Channel [id: 0x3ebb0347, L:/127.0.0.1:65249 - R:localhost/127.0.0.1:1056] for GET '/session/7d8ec28dd92c9c51502839cdfe8b9fb0/element/3315F16F895C2AD6297A155AFA30619E_element_55/name'
14:40:54.218 [AsyncHttpClient-1-8] DEBUG org.asynchttpclient.netty.handler.HttpHandler - 

Request DefaultFullHttpRequest(decodeResult: success, version: HTTP/1.1, content: EmptyByteBufBE)
GET /session/7d8ec28dd92c9c51502839cdfe8b9fb0/element/3315F16F895C2AD6297A155AFA30619E_element_55/name HTTP/1.1
User-Agent: selenium/4.7.1 (java windows)
Cache-Control: no-cache
Content-Type: application/json; charset=utf-8
host: localhost:1056
accept: */*

Response DefaultHttpResponse(decodeResult: success, version: HTTP/1.1)
HTTP/1.1 200 OK
Content-Type: application/json; charset=utf-8
cache-control: no-cache
content-length: 13

14:40:54.218 [AsyncHttpClient-1-8] DEBUG org.asynchttpclient.netty.channel.ChannelManager - Adding key: http://localhost:1056 for channel [id: 0x3ebb0347, L:/127.0.0.1:65249 - R:localhost/127.0.0.1:1056]
14:40:54.226 [Forwarding findElement on session 7d8ec28dd92c9c51502839cdfe8b9fb0 to remote] DEBUG org.asynchttpclient.netty.request.NettyRequestSender - Using pooled Channel '[id: 0x3ebb0347, L:/127.0.0.1:65249 - R:localhost/127.0.0.1:1056]' for 'POST' to 'http://localhost:1056/session/7d8ec28dd92c9c51502839cdfe8b9fb0/element'
14:40:54.226 [Forwarding findElement on session 7d8ec28dd92c9c51502839cdfe8b9fb0 to remote] DEBUG org.asynchttpclient.netty.request.NettyRequestSender - Using open Channel [id: 0x3ebb0347, L:/127.0.0.1:65249 - R:localhost/127.0.0.1:1056] for POST '/session/7d8ec28dd92c9c51502839cdfe8b9fb0/element'
14:40:54.242 [AsyncHttpClient-1-8] DEBUG org.asynchttpclient.netty.handler.HttpHandler - 

Request DefaultHttpRequest(decodeResult: success, version: HTTP/1.1)
POST /session/7d8ec28dd92c9c51502839cdfe8b9fb0/element HTTP/1.1
User-Agent: selenium/4.7.1 (java windows)
Content-Length: 96
Content-Type: application/json; charset=utf-8
host: localhost:1056
accept: */*

Response DefaultHttpResponse(decodeResult: success, version: HTTP/1.1)
HTTP/1.1 200 OK
Content-Type: application/json; charset=utf-8
cache-control: no-cache
content-length: 95

14:40:54.242 [AsyncHttpClient-1-8] DEBUG org.asynchttpclient.netty.channel.ChannelManager - Adding key: http://localhost:1056 for channel [id: 0x3ebb0347, L:/127.0.0.1:65249 - R:localhost/127.0.0.1:1056]
14:40:54.242 [Forwarding clickElement on session 7d8ec28dd92c9c51502839cdfe8b9fb0 to remote] DEBUG org.asynchttpclient.netty.request.NettyRequestSender - Using pooled Channel '[id: 0x3ebb0347, L:/127.0.0.1:65249 - R:localhost/127.0.0.1:1056]' for 'POST' to 'http://localhost:1056/session/7d8ec28dd92c9c51502839cdfe8b9fb0/element/3315F16F895C2AD6297A155AFA30619E_element_55/click'
14:40:54.242 [Forwarding clickElement on session 7d8ec28dd92c9c51502839cdfe8b9fb0 to remote] DEBUG org.asynchttpclient.netty.request.NettyRequestSender - Using open Channel [id: 0x3ebb0347, L:/127.0.0.1:65249 - R:localhost/127.0.0.1:1056] for POST '/session/7d8ec28dd92c9c51502839cdfe8b9fb0/element/3315F16F895C2AD6297A155AFA30619E_element_55/click'
14:40:54.291 [AsyncHttpClient-1-1] DEBUG org.asynchttpclient.netty.channel.DefaultChannelPool - Entry count for : http://localhost:65251 : 1
14:40:54.355 [AsyncHttpClient-1-8] DEBUG org.asynchttpclient.netty.handler.HttpHandler - 

Request DefaultHttpRequest(decodeResult: success, version: HTTP/1.1)
POST /session/7d8ec28dd92c9c51502839cdfe8b9fb0/element/3315F16F895C2AD6297A155AFA30619E_element_55/click HTTP/1.1
User-Agent: selenium/4.7.1 (java windows)
Content-Length: 57
Content-Type: application/json; charset=utf-8
host: localhost:1056
accept: */*

Response DefaultHttpResponse(decodeResult: success, version: HTTP/1.1)
HTTP/1.1 200 OK
Content-Type: application/json; charset=utf-8
cache-control: no-cache
content-length: 14

14:40:54.355 [AsyncHttpClient-1-8] DEBUG org.asynchttpclient.netty.channel.ChannelManager - Adding key: http://localhost:1056 for channel [id: 0x3ebb0347, L:/127.0.0.1:65249 - R:localhost/127.0.0.1:1056]
14:40:54.363 [Forwarding getCurrentWindowHandle on session 7d8ec28dd92c9c51502839cdfe8b9fb0 to remote] DEBUG org.asynchttpclient.netty.request.NettyRequestSender - Using pooled Channel '[id: 0x3ebb0347, L:/127.0.0.1:65249 - R:localhost/127.0.0.1:1056]' for 'GET' to 'http://localhost:1056/session/7d8ec28dd92c9c51502839cdfe8b9fb0/window'
14:40:54.363 [Forwarding getCurrentWindowHandle on session 7d8ec28dd92c9c51502839cdfe8b9fb0 to remote] DEBUG org.asynchttpclient.netty.request.NettyRequestSender - Using open Channel [id: 0x3ebb0347, L:/127.0.0.1:65249 - R:localhost/127.0.0.1:1056] for GET '/session/7d8ec28dd92c9c51502839cdfe8b9fb0/window'
14:40:54.363 [AsyncHttpClient-1-8] DEBUG org.asynchttpclient.netty.handler.HttpHandler - 

Request DefaultFullHttpRequest(decodeResult: success, version: HTTP/1.1, content: EmptyByteBufBE)
GET /session/7d8ec28dd92c9c51502839cdfe8b9fb0/window HTTP/1.1
User-Agent: selenium/4.7.1 (java windows)
Cache-Control: no-cache
Content-Type: application/json; charset=utf-8
host: localhost:1056
accept: */*

Response DefaultHttpResponse(decodeResult: success, version: HTTP/1.1)
HTTP/1.1 200 OK
Content-Type: application/json; charset=utf-8
cache-control: no-cache
content-length: 44

14:40:54.363 [AsyncHttpClient-1-8] DEBUG org.asynchttpclient.netty.channel.ChannelManager - Adding key: http://localhost:1056 for channel [id: 0x3ebb0347, L:/127.0.0.1:65249 - R:localhost/127.0.0.1:1056]
14:40:54.363 [Forwarding getAlertText on session 7d8ec28dd92c9c51502839cdfe8b9fb0 to remote] DEBUG org.asynchttpclient.netty.request.NettyRequestSender - Using pooled Channel '[id: 0x3ebb0347, L:/127.0.0.1:65249 - R:localhost/127.0.0.1:1056]' for 'GET' to 'http://localhost:1056/session/7d8ec28dd92c9c51502839cdfe8b9fb0/alert/text'
14:40:54.363 [Forwarding getAlertText on session 7d8ec28dd92c9c51502839cdfe8b9fb0 to remote] DEBUG org.asynchttpclient.netty.request.NettyRequestSender - Using open Channel [id: 0x3ebb0347, L:/127.0.0.1:65249 - R:localhost/127.0.0.1:1056] for GET '/session/7d8ec28dd92c9c51502839cdfe8b9fb0/alert/text'
14:40:54.371 [AsyncHttpClient-1-8] DEBUG org.asynchttpclient.netty.handler.HttpHandler - 

Request DefaultFullHttpRequest(decodeResult: success, version: HTTP/1.1, content: EmptyByteBufBE)
GET /session/7d8ec28dd92c9c51502839cdfe8b9fb0/alert/text HTTP/1.1
User-Agent: selenium/4.7.1 (java windows)
Cache-Control: no-cache
Content-Type: application/json; charset=utf-8
host: localhost:1056
accept: */*

Response DefaultHttpResponse(decodeResult: success, version: HTTP/1.1)
HTTP/1.1 404 Not Found
Content-Type: application/json; charset=utf-8
cache-control: no-cache
content-length: 821

14:40:54.371 [AsyncHttpClient-1-8] DEBUG org.asynchttpclient.netty.channel.ChannelManager - Adding key: http://localhost:1056 for channel [id: 0x3ebb0347, L:/127.0.0.1:65249 - R:localhost/127.0.0.1:1056]
14:40:54.371 [Forwarding switchToWindow on session 7d8ec28dd92c9c51502839cdfe8b9fb0 to remote] DEBUG org.asynchttpclient.netty.request.NettyRequestSender - Using pooled Channel '[id: 0x3ebb0347, L:/127.0.0.1:65249 - R:localhost/127.0.0.1:1056]' for 'POST' to 'http://localhost:1056/session/7d8ec28dd92c9c51502839cdfe8b9fb0/window'
14:40:54.371 [Forwarding switchToWindow on session 7d8ec28dd92c9c51502839cdfe8b9fb0 to remote] DEBUG org.asynchttpclient.netty.request.NettyRequestSender - Using open Channel [id: 0x3ebb0347, L:/127.0.0.1:65249 - R:localhost/127.0.0.1:1056] for POST '/session/7d8ec28dd92c9c51502839cdfe8b9fb0/window'
14:40:54.371 [AsyncHttpClient-1-8] DEBUG org.asynchttpclient.netty.handler.HttpHandler - 

Request DefaultHttpRequest(decodeResult: success, version: HTTP/1.1)
POST /session/7d8ec28dd92c9c51502839cdfe8b9fb0/window HTTP/1.1
User-Agent: selenium/4.7.1 (java windows)
Content-Length: 50
Content-Type: application/json; charset=utf-8
host: localhost:1056
accept: */*

Response DefaultHttpResponse(decodeResult: success, version: HTTP/1.1)
HTTP/1.1 200 OK
Content-Type: application/json; charset=utf-8
cache-control: no-cache
content-length: 14

14:40:54.371 [AsyncHttpClient-1-8] DEBUG org.asynchttpclient.netty.channel.ChannelManager - Adding key: http://localhost:1056 for channel [id: 0x3ebb0347, L:/127.0.0.1:65249 - R:localhost/127.0.0.1:1056]
14:40:54.371 [Forwarding getCurrentUrl on session 7d8ec28dd92c9c51502839cdfe8b9fb0 to remote] DEBUG org.asynchttpclient.netty.request.NettyRequestSender - Using pooled Channel '[id: 0x3ebb0347, L:/127.0.0.1:65249 - R:localhost/127.0.0.1:1056]' for 'GET' to 'http://localhost:1056/session/7d8ec28dd92c9c51502839cdfe8b9fb0/url'
14:40:54.371 [Forwarding getCurrentUrl on session 7d8ec28dd92c9c51502839cdfe8b9fb0 to remote] DEBUG org.asynchttpclient.netty.request.NettyRequestSender - Using open Channel [id: 0x3ebb0347, L:/127.0.0.1:65249 - R:localhost/127.0.0.1:1056] for GET '/session/7d8ec28dd92c9c51502839cdfe8b9fb0/url'
14:40:54.379 [AsyncHttpClient-1-8] DEBUG org.asynchttpclient.netty.handler.HttpHandler - 

Request DefaultFullHttpRequest(decodeResult: success, version: HTTP/1.1, content: EmptyByteBufBE)
GET /session/7d8ec28dd92c9c51502839cdfe8b9fb0/url HTTP/1.1
User-Agent: selenium/4.7.1 (java windows)
Cache-Control: no-cache
Content-Type: application/json; charset=utf-8
host: localhost:1056
accept: */*

Response DefaultHttpResponse(decodeResult: success, version: HTTP/1.1)
HTTP/1.1 200 OK
Content-Type: application/json; charset=utf-8
cache-control: no-cache
content-length: 58

14:40:54.379 [AsyncHttpClient-1-8] DEBUG org.asynchttpclient.netty.channel.ChannelManager - Adding key: http://localhost:1056 for channel [id: 0x3ebb0347, L:/127.0.0.1:65249 - R:localhost/127.0.0.1:1056]
14:40:54.387 [Forwarding screenshot on session 7d8ec28dd92c9c51502839cdfe8b9fb0 to remote] DEBUG org.asynchttpclient.netty.request.NettyRequestSender - Using pooled Channel '[id: 0x3ebb0347, L:/127.0.0.1:65249 - R:localhost/127.0.0.1:1056]' for 'GET' to 'http://localhost:1056/session/7d8ec28dd92c9c51502839cdfe8b9fb0/screenshot'
14:40:54.387 [Forwarding screenshot on session 7d8ec28dd92c9c51502839cdfe8b9fb0 to remote] DEBUG org.asynchttpclient.netty.request.NettyRequestSender - Using open Channel [id: 0x3ebb0347, L:/127.0.0.1:65249 - R:localhost/127.0.0.1:1056] for GET '/session/7d8ec28dd92c9c51502839cdfe8b9fb0/screenshot'
14:40:54.523 [AsyncHttpClient-1-8] DEBUG org.asynchttpclient.netty.handler.HttpHandler - 

Request DefaultFullHttpRequest(decodeResult: success, version: HTTP/1.1, content: EmptyByteBufBE)
GET /session/7d8ec28dd92c9c51502839cdfe8b9fb0/screenshot HTTP/1.1
User-Agent: selenium/4.7.1 (java windows)
Cache-Control: no-cache
Content-Type: application/json; charset=utf-8
host: localhost:1056
accept: */*

Response DefaultHttpResponse(decodeResult: success, version: HTTP/1.1)
HTTP/1.1 200 OK
Content-Type: application/json; charset=utf-8
cache-control: no-cache
content-length: 61968

14:40:54.523 [AsyncHttpClient-1-8] DEBUG org.asynchttpclient.netty.channel.ChannelManager - Adding key: http://localhost:1056 for channel [id: 0x3ebb0347, L:/127.0.0.1:65249 - R:localhost/127.0.0.1:1056]
14:40:54.523 [main] DEBUG net.serenitybdd.core.photography.Darkroom - Send negative for processing for target\site\serenity\5f343597f6d835901ec0cb02d209b178c902e8eaac3f3431cbbb9833e2b17b3a.png
14:40:54.523 [main] DEBUG net.thucydides.core.steps.StepInterceptor - STEP DONE: klikpdam
  &amp#27;[32mAnd &amp#27;[0m&amp#27;[32mAdmin klik PDAM&amp#27;[0m                                                                 &amp#27;[90m# starter.stepdefinitions.PDAMSteps.adminKlikPDAM()&amp#27;[0m
14:40:54.539 [main] DEBUG net.thucydides.core.steps.StepInterceptor - STARTING STEP: PDAMSteps.adminKlikButtonTambahPDAM - kliktambahpdam
14:40:54.547 [Forwarding findElement on session 7d8ec28dd92c9c51502839cdfe8b9fb0 to remote] DEBUG org.asynchttpclient.netty.request.NettyRequestSender - Using pooled Channel '[id: 0x3ebb0347, L:/127.0.0.1:65249 - R:localhost/127.0.0.1:1056]' for 'POST' to 'http://localhost:1056/session/7d8ec28dd92c9c51502839cdfe8b9fb0/element'
14:40:54.547 [Forwarding findElement on session 7d8ec28dd92c9c51502839cdfe8b9fb0 to remote] DEBUG org.asynchttpclient.netty.request.NettyRequestSender - Using open Channel [id: 0x3ebb0347, L:/127.0.0.1:65249 - R:localhost/127.0.0.1:1056] for POST '/session/7d8ec28dd92c9c51502839cdfe8b9fb0/element'
14:40:54.563 [AsyncHttpClient-1-8] DEBUG org.asynchttpclient.netty.handler.HttpHandler - 

Request DefaultHttpRequest(decodeResult: success, version: HTTP/1.1)
POST /session/7d8ec28dd92c9c51502839cdfe8b9fb0/element HTTP/1.1
User-Agent: selenium/4.7.1 (java windows)
Content-Length: 83
Content-Type: application/json; charset=utf-8
host: localhost:1056
accept: */*

Response DefaultHttpResponse(decodeResult: success, version: HTTP/1.1)
HTTP/1.1 200 OK
Content-Type: application/json; charset=utf-8
cache-control: no-cache
content-length: 95

14:40:54.563 [AsyncHttpClient-1-8] DEBUG org.asynchttpclient.netty.channel.ChannelManager - Adding key: http://localhost:1056 for channel [id: 0x3ebb0347, L:/127.0.0.1:65249 - R:localhost/127.0.0.1:1056]
14:40:54.563 [Forwarding getElementTagName on session 7d8ec28dd92c9c51502839cdfe8b9fb0 to remote] DEBUG org.asynchttpclient.netty.request.NettyRequestSender - Using pooled Channel '[id: 0x3ebb0347, L:/127.0.0.1:65249 - R:localhost/127.0.0.1:1056]' for 'GET' to 'http://localhost:1056/session/7d8ec28dd92c9c51502839cdfe8b9fb0/element/3315F16F895C2AD6297A155AFA30619E_element_57/name'
14:40:54.563 [Forwarding getElementTagName on session 7d8ec28dd92c9c51502839cdfe8b9fb0 to remote] DEBUG org.asynchttpclient.netty.request.NettyRequestSender - Using open Channel [id: 0x3ebb0347, L:/127.0.0.1:65249 - R:localhost/127.0.0.1:1056] for GET '/session/7d8ec28dd92c9c51502839cdfe8b9fb0/element/3315F16F895C2AD6297A155AFA30619E_element_57/name'
14:40:54.571 [AsyncHttpClient-1-8] DEBUG org.asynchttpclient.netty.handler.HttpHandler - 

Request DefaultFullHttpRequest(decodeResult: success, version: HTTP/1.1, content: EmptyByteBufBE)
GET /session/7d8ec28dd92c9c51502839cdfe8b9fb0/element/3315F16F895C2AD6297A155AFA30619E_element_57/name HTTP/1.1
User-Agent: selenium/4.7.1 (java windows)
Cache-Control: no-cache
Content-Type: application/json; charset=utf-8
host: localhost:1056
accept: */*

Response DefaultHttpResponse(decodeResult: success, version: HTTP/1.1)
HTTP/1.1 200 OK
Content-Type: application/json; charset=utf-8
cache-control: no-cache
content-length: 18

14:40:54.571 [AsyncHttpClient-1-8] DEBUG org.asynchttpclient.netty.channel.ChannelManager - Adding key: http://localhost:1056 for channel [id: 0x3ebb0347, L:/127.0.0.1:65249 - R:localhost/127.0.0.1:1056]
14:40:54.579 [Forwarding getElementTagName on session 7d8ec28dd92c9c51502839cdfe8b9fb0 to remote] DEBUG org.asynchttpclient.netty.request.NettyRequestSender - Using pooled Channel '[id: 0x3ebb0347, L:/127.0.0.1:65249 - R:localhost/127.0.0.1:1056]' for 'GET' to 'http://localhost:1056/session/7d8ec28dd92c9c51502839cdfe8b9fb0/element/3315F16F895C2AD6297A155AFA30619E_element_57/name'
14:40:54.579 [Forwarding getElementTagName on session 7d8ec28dd92c9c51502839cdfe8b9fb0 to remote] DEBUG org.asynchttpclient.netty.request.NettyRequestSender - Using open Channel [id: 0x3ebb0347, L:/127.0.0.1:65249 - R:localhost/127.0.0.1:1056] for GET '/session/7d8ec28dd92c9c51502839cdfe8b9fb0/element/3315F16F895C2AD6297A155AFA30619E_element_57/name'
14:40:54.579 [AsyncHttpClient-1-8] DEBUG org.asynchttpclient.netty.handler.HttpHandler - 

Request DefaultFullHttpRequest(decodeResult: success, version: HTTP/1.1, content: EmptyByteBufBE)
GET /session/7d8ec28dd92c9c51502839cdfe8b9fb0/element/3315F16F895C2AD6297A155AFA30619E_element_57/name HTTP/1.1
User-Agent: selenium/4.7.1 (java windows)
Cache-Control: no-cache
Content-Type: application/json; charset=utf-8
host: localhost:1056
accept: */*

Response DefaultHttpResponse(decodeResult: success, version: HTTP/1.1)
HTTP/1.1 200 OK
Content-Type: application/json; charset=utf-8
cache-control: no-cache
content-length: 18

14:40:54.579 [AsyncHttpClient-1-8] DEBUG org.asynchttpclient.netty.channel.ChannelManager - Adding key: http://localhost:1056 for channel [id: 0x3ebb0347, L:/127.0.0.1:65249 - R:localhost/127.0.0.1:1056]
14:40:54.587 [Forwarding isElementEnabled on session 7d8ec28dd92c9c51502839cdfe8b9fb0 to remote] DEBUG org.asynchttpclient.netty.request.NettyRequestSender - Using pooled Channel '[id: 0x3ebb0347, L:/127.0.0.1:65249 - R:localhost/127.0.0.1:1056]' for 'GET' to 'http://localhost:1056/session/7d8ec28dd92c9c51502839cdfe8b9fb0/element/3315F16F895C2AD6297A155AFA30619E_element_57/enabled'
14:40:54.587 [Forwarding isElementEnabled on session 7d8ec28dd92c9c51502839cdfe8b9fb0 to remote] DEBUG org.asynchttpclient.netty.request.NettyRequestSender - Using open Channel [id: 0x3ebb0347, L:/127.0.0.1:65249 - R:localhost/127.0.0.1:1056] for GET '/session/7d8ec28dd92c9c51502839cdfe8b9fb0/element/3315F16F895C2AD6297A155AFA30619E_element_57/enabled'
14:40:54.600 [AsyncHttpClient-1-8] DEBUG org.asynchttpclient.netty.handler.HttpHandler - 

Request DefaultFullHttpRequest(decodeResult: success, version: HTTP/1.1, content: EmptyByteBufBE)
GET /session/7d8ec28dd92c9c51502839cdfe8b9fb0/element/3315F16F895C2AD6297A155AFA30619E_element_57/enabled HTTP/1.1
User-Agent: selenium/4.7.1 (java windows)
Cache-Control: no-cache
Content-Type: application/json; charset=utf-8
host: localhost:1056
accept: */*

Response DefaultHttpResponse(decodeResult: success, version: HTTP/1.1)
HTTP/1.1 200 OK
Content-Type: application/json; charset=utf-8
cache-control: no-cache
content-length: 14

14:40:54.600 [AsyncHttpClient-1-8] DEBUG org.asynchttpclient.netty.channel.ChannelManager - Adding key: http://localhost:1056 for channel [id: 0x3ebb0347, L:/127.0.0.1:65249 - R:localhost/127.0.0.1:1056]
14:40:54.604 [Forwarding isElementEnabled on session 7d8ec28dd92c9c51502839cdfe8b9fb0 to remote] DEBUG org.asynchttpclient.netty.request.NettyRequestSender - Using pooled Channel '[id: 0x3ebb0347, L:/127.0.0.1:65249 - R:localhost/127.0.0.1:1056]' for 'GET' to 'http://localhost:1056/session/7d8ec28dd92c9c51502839cdfe8b9fb0/element/3315F16F895C2AD6297A155AFA30619E_element_57/enabled'
14:40:54.604 [Forwarding isElementEnabled on session 7d8ec28dd92c9c51502839cdfe8b9fb0 to remote] DEBUG org.asynchttpclient.netty.request.NettyRequestSender - Using open Channel [id: 0x3ebb0347, L:/127.0.0.1:65249 - R:localhost/127.0.0.1:1056] for GET '/session/7d8ec28dd92c9c51502839cdfe8b9fb0/element/3315F16F895C2AD6297A155AFA30619E_element_57/enabled'
14:40:54.614 [AsyncHttpClient-1-8] DEBUG org.asynchttpclient.netty.handler.HttpHandler - 

Request DefaultFullHttpRequest(decodeResult: success, version: HTTP/1.1, content: EmptyByteBufBE)
GET /session/7d8ec28dd92c9c51502839cdfe8b9fb0/element/3315F16F895C2AD6297A155AFA30619E_element_57/enabled HTTP/1.1
User-Agent: selenium/4.7.1 (java windows)
Cache-Control: no-cache
Content-Type: application/json; charset=utf-8
host: localhost:1056
accept: */*

Response DefaultHttpResponse(decodeResult: success, version: HTTP/1.1)
HTTP/1.1 200 OK
Content-Type: application/json; charset=utf-8
cache-control: no-cache
content-length: 14

14:40:54.614 [AsyncHttpClient-1-8] DEBUG org.asynchttpclient.netty.channel.ChannelManager - Adding key: http://localhost:1056 for channel [id: 0x3ebb0347, L:/127.0.0.1:65249 - R:localhost/127.0.0.1:1056]
14:40:54.614 [Forwarding findElement on session 7d8ec28dd92c9c51502839cdfe8b9fb0 to remote] DEBUG org.asynchttpclient.netty.request.NettyRequestSender - Using pooled Channel '[id: 0x3ebb0347, L:/127.0.0.1:65249 - R:localhost/127.0.0.1:1056]' for 'POST' to 'http://localhost:1056/session/7d8ec28dd92c9c51502839cdfe8b9fb0/element'
14:40:54.614 [Forwarding findElement on session 7d8ec28dd92c9c51502839cdfe8b9fb0 to remote] DEBUG org.asynchttpclient.netty.request.NettyRequestSender - Using open Channel [id: 0x3ebb0347, L:/127.0.0.1:65249 - R:localhost/127.0.0.1:1056] for POST '/session/7d8ec28dd92c9c51502839cdfe8b9fb0/element'
14:40:54.630 [AsyncHttpClient-1-8] DEBUG org.asynchttpclient.netty.handler.HttpHandler - 

Request DefaultHttpRequest(decodeResult: success, version: HTTP/1.1)
POST /session/7d8ec28dd92c9c51502839cdfe8b9fb0/element HTTP/1.1
User-Agent: selenium/4.7.1 (java windows)
Content-Length: 83
Content-Type: application/json; charset=utf-8
host: localhost:1056
accept: */*

Response DefaultHttpResponse(decodeResult: success, version: HTTP/1.1)
HTTP/1.1 200 OK
Content-Type: application/json; charset=utf-8
cache-control: no-cache
content-length: 95

14:40:54.630 [AsyncHttpClient-1-8] DEBUG org.asynchttpclient.netty.channel.ChannelManager - Adding key: http://localhost:1056 for channel [id: 0x3ebb0347, L:/127.0.0.1:65249 - R:localhost/127.0.0.1:1056]
14:40:54.630 [Forwarding clickElement on session 7d8ec28dd92c9c51502839cdfe8b9fb0 to remote] DEBUG org.asynchttpclient.netty.request.NettyRequestSender - Using pooled Channel '[id: 0x3ebb0347, L:/127.0.0.1:65249 - R:localhost/127.0.0.1:1056]' for 'POST' to 'http://localhost:1056/session/7d8ec28dd92c9c51502839cdfe8b9fb0/element/3315F16F895C2AD6297A155AFA30619E_element_57/click'
14:40:54.630 [Forwarding clickElement on session 7d8ec28dd92c9c51502839cdfe8b9fb0 to remote] DEBUG org.asynchttpclient.netty.request.NettyRequestSender - Using open Channel [id: 0x3ebb0347, L:/127.0.0.1:65249 - R:localhost/127.0.0.1:1056] for POST '/session/7d8ec28dd92c9c51502839cdfe8b9fb0/element/3315F16F895C2AD6297A155AFA30619E_element_57/click'
14:40:54.718 [AsyncHttpClient-1-8] DEBUG org.asynchttpclient.netty.handler.HttpHandler - 

Request DefaultHttpRequest(decodeResult: success, version: HTTP/1.1)
POST /session/7d8ec28dd92c9c51502839cdfe8b9fb0/element/3315F16F895C2AD6297A155AFA30619E_element_57/click HTTP/1.1
User-Agent: selenium/4.7.1 (java windows)
Content-Length: 57
Content-Type: application/json; charset=utf-8
host: localhost:1056
accept: */*

Response DefaultHttpResponse(decodeResult: success, version: HTTP/1.1)
HTTP/1.1 200 OK
Content-Type: application/json; charset=utf-8
cache-control: no-cache
content-length: 14

14:40:54.718 [AsyncHttpClient-1-8] DEBUG org.asynchttpclient.netty.channel.ChannelManager - Adding key: http://localhost:1056 for channel [id: 0x3ebb0347, L:/127.0.0.1:65249 - R:localhost/127.0.0.1:1056]
14:40:54.734 [Forwarding getCurrentWindowHandle on session 7d8ec28dd92c9c51502839cdfe8b9fb0 to remote] DEBUG org.asynchttpclient.netty.request.NettyRequestSender - Using pooled Channel '[id: 0x3ebb0347, L:/127.0.0.1:65249 - R:localhost/127.0.0.1:1056]' for 'GET' to 'http://localhost:1056/session/7d8ec28dd92c9c51502839cdfe8b9fb0/window'
14:40:54.734 [Forwarding getCurrentWindowHandle on session 7d8ec28dd92c9c51502839cdfe8b9fb0 to remote] DEBUG org.asynchttpclient.netty.request.NettyRequestSender - Using open Channel [id: 0x3ebb0347, L:/127.0.0.1:65249 - R:localhost/127.0.0.1:1056] for GET '/session/7d8ec28dd92c9c51502839cdfe8b9fb0/window'
14:40:54.734 [AsyncHttpClient-1-8] DEBUG org.asynchttpclient.netty.handler.HttpHandler - 

Request DefaultFullHttpRequest(decodeResult: success, version: HTTP/1.1, content: EmptyByteBufBE)
GET /session/7d8ec28dd92c9c51502839cdfe8b9fb0/window HTTP/1.1
User-Agent: selenium/4.7.1 (java windows)
Cache-Control: no-cache
Content-Type: application/json; charset=utf-8
host: localhost:1056
accept: */*

Response DefaultHttpResponse(decodeResult: success, version: HTTP/1.1)
HTTP/1.1 200 OK
Content-Type: application/json; charset=utf-8
cache-control: no-cache
content-length: 44

14:40:54.734 [AsyncHttpClient-1-8] DEBUG org.asynchttpclient.netty.channel.ChannelManager - Adding key: http://localhost:1056 for channel [id: 0x3ebb0347, L:/127.0.0.1:65249 - R:localhost/127.0.0.1:1056]
14:40:54.734 [Forwarding getAlertText on session 7d8ec28dd92c9c51502839cdfe8b9fb0 to remote] DEBUG org.asynchttpclient.netty.request.NettyRequestSender - Using pooled Channel '[id: 0x3ebb0347, L:/127.0.0.1:65249 - R:localhost/127.0.0.1:1056]' for 'GET' to 'http://localhost:1056/session/7d8ec28dd92c9c51502839cdfe8b9fb0/alert/text'
14:40:54.734 [Forwarding getAlertText on session 7d8ec28dd92c9c51502839cdfe8b9fb0 to remote] DEBUG org.asynchttpclient.netty.request.NettyRequestSender - Using open Channel [id: 0x3ebb0347, L:/127.0.0.1:65249 - R:localhost/127.0.0.1:1056] for GET '/session/7d8ec28dd92c9c51502839cdfe8b9fb0/alert/text'
14:40:54.734 [AsyncHttpClient-1-8] DEBUG org.asynchttpclient.netty.handler.HttpHandler - 

Request DefaultFullHttpRequest(decodeResult: success, version: HTTP/1.1, content: EmptyByteBufBE)
GET /session/7d8ec28dd92c9c51502839cdfe8b9fb0/alert/text HTTP/1.1
User-Agent: selenium/4.7.1 (java windows)
Cache-Control: no-cache
Content-Type: application/json; charset=utf-8
host: localhost:1056
accept: */*

Response DefaultHttpResponse(decodeResult: success, version: HTTP/1.1)
HTTP/1.1 404 Not Found
Content-Type: application/json; charset=utf-8
cache-control: no-cache
content-length: 821

14:40:54.734 [AsyncHttpClient-1-8] DEBUG org.asynchttpclient.netty.channel.ChannelManager - Adding key: http://localhost:1056 for channel [id: 0x3ebb0347, L:/127.0.0.1:65249 - R:localhost/127.0.0.1:1056]
14:40:54.742 [Forwarding switchToWindow on session 7d8ec28dd92c9c51502839cdfe8b9fb0 to remote] DEBUG org.asynchttpclient.netty.request.NettyRequestSender - Using pooled Channel '[id: 0x3ebb0347, L:/127.0.0.1:65249 - R:localhost/127.0.0.1:1056]' for 'POST' to 'http://localhost:1056/session/7d8ec28dd92c9c51502839cdfe8b9fb0/window'
14:40:54.742 [Forwarding switchToWindow on session 7d8ec28dd92c9c51502839cdfe8b9fb0 to remote] DEBUG org.asynchttpclient.netty.request.NettyRequestSender - Using open Channel [id: 0x3ebb0347, L:/127.0.0.1:65249 - R:localhost/127.0.0.1:1056] for POST '/session/7d8ec28dd92c9c51502839cdfe8b9fb0/window'
14:40:54.750 [AsyncHttpClient-1-8] DEBUG org.asynchttpclient.netty.handler.HttpHandler - 

Request DefaultHttpRequest(decodeResult: success, version: HTTP/1.1)
POST /session/7d8ec28dd92c9c51502839cdfe8b9fb0/window HTTP/1.1
User-Agent: selenium/4.7.1 (java windows)
Content-Length: 50
Content-Type: application/json; charset=utf-8
host: localhost:1056
accept: */*

Response DefaultHttpResponse(decodeResult: success, version: HTTP/1.1)
HTTP/1.1 200 OK
Content-Type: application/json; charset=utf-8
cache-control: no-cache
content-length: 14

14:40:54.750 [AsyncHttpClient-1-8] DEBUG org.asynchttpclient.netty.channel.ChannelManager - Adding key: http://localhost:1056 for channel [id: 0x3ebb0347, L:/127.0.0.1:65249 - R:localhost/127.0.0.1:1056]
14:40:54.750 [Forwarding getCurrentUrl on session 7d8ec28dd92c9c51502839cdfe8b9fb0 to remote] DEBUG org.asynchttpclient.netty.request.NettyRequestSender - Using pooled Channel '[id: 0x3ebb0347, L:/127.0.0.1:65249 - R:localhost/127.0.0.1:1056]' for 'GET' to 'http://localhost:1056/session/7d8ec28dd92c9c51502839cdfe8b9fb0/url'
14:40:54.750 [Forwarding getCurrentUrl on session 7d8ec28dd92c9c51502839cdfe8b9fb0 to remote] DEBUG org.asynchttpclient.netty.request.NettyRequestSender - Using open Channel [id: 0x3ebb0347, L:/127.0.0.1:65249 - R:localhost/127.0.0.1:1056] for GET '/session/7d8ec28dd92c9c51502839cdfe8b9fb0/url'
14:40:54.758 [AsyncHttpClient-1-8] DEBUG org.asynchttpclient.netty.handler.HttpHandler - 

Request DefaultFullHttpRequest(decodeResult: success, version: HTTP/1.1, content: EmptyByteBufBE)
GET /session/7d8ec28dd92c9c51502839cdfe8b9fb0/url HTTP/1.1
User-Agent: selenium/4.7.1 (java windows)
Cache-Control: no-cache
Content-Type: application/json; charset=utf-8
host: localhost:1056
accept: */*

Response DefaultHttpResponse(decodeResult: success, version: HTTP/1.1)
HTTP/1.1 200 OK
Content-Type: application/json; charset=utf-8
cache-control: no-cache
content-length: 65

14:40:54.758 [AsyncHttpClient-1-8] DEBUG org.asynchttpclient.netty.channel.ChannelManager - Adding key: http://localhost:1056 for channel [id: 0x3ebb0347, L:/127.0.0.1:65249 - R:localhost/127.0.0.1:1056]
14:40:54.758 [Forwarding screenshot on session 7d8ec28dd92c9c51502839cdfe8b9fb0 to remote] DEBUG org.asynchttpclient.netty.request.NettyRequestSender - Using pooled Channel '[id: 0x3ebb0347, L:/127.0.0.1:65249 - R:localhost/127.0.0.1:1056]' for 'GET' to 'http://localhost:1056/session/7d8ec28dd92c9c51502839cdfe8b9fb0/screenshot'
14:40:54.758 [Forwarding screenshot on session 7d8ec28dd92c9c51502839cdfe8b9fb0 to remote] DEBUG org.asynchttpclient.netty.request.NettyRequestSender - Using open Channel [id: 0x3ebb0347, L:/127.0.0.1:65249 - R:localhost/127.0.0.1:1056] for GET '/session/7d8ec28dd92c9c51502839cdfe8b9fb0/screenshot'
14:40:54.894 [AsyncHttpClient-1-8] DEBUG org.asynchttpclient.netty.handler.HttpHandler - 

Request DefaultFullHttpRequest(decodeResult: success, version: HTTP/1.1, content: EmptyByteBufBE)
GET /session/7d8ec28dd92c9c51502839cdfe8b9fb0/screenshot HTTP/1.1
User-Agent: selenium/4.7.1 (java windows)
Cache-Control: no-cache
Content-Type: application/json; charset=utf-8
host: localhost:1056
accept: */*

Response DefaultHttpResponse(decodeResult: success, version: HTTP/1.1)
HTTP/1.1 200 OK
Content-Type: application/json; charset=utf-8
cache-control: no-cache
content-length: 33128

14:40:54.894 [AsyncHttpClient-1-8] DEBUG org.asynchttpclient.netty.channel.ChannelManager - Adding key: http://localhost:1056 for channel [id: 0x3ebb0347, L:/127.0.0.1:65249 - R:localhost/127.0.0.1:1056]
14:40:54.894 [main] DEBUG net.serenitybdd.core.photography.Darkroom - Send negative for processing for target\site\serenity\5d84e76220564965f9f7674c2a5d292551b76a396e1f42d03582f965514a7123.png
14:40:54.894 [main] DEBUG net.thucydides.core.steps.StepInterceptor - STEP DONE: kliktambahpdam
  &amp#27;[32mThen &amp#27;[0m&amp#27;[32mAdmin klik button + tambah PDAM&amp#27;[0m                                                &amp#27;[90m# starter.stepdefinitions.PDAMSteps.adminKlikButtonTambahPDAM()&amp#27;[0m
14:40:54.910 [main] DEBUG net.thucydides.core.steps.StepInterceptor - STARTING STEP: PDAMSteps.adminInputKodePDAM - inputfieldkodepdam
14:40:54.918 [Forwarding findElement on session 7d8ec28dd92c9c51502839cdfe8b9fb0 to remote] DEBUG org.asynchttpclient.netty.request.NettyRequestSender - Using pooled Channel '[id: 0x3ebb0347, L:/127.0.0.1:65249 - R:localhost/127.0.0.1:1056]' for 'POST' to 'http://localhost:1056/session/7d8ec28dd92c9c51502839cdfe8b9fb0/element'
14:40:54.918 [Forwarding findElement on session 7d8ec28dd92c9c51502839cdfe8b9fb0 to remote] DEBUG org.asynchttpclient.netty.request.NettyRequestSender - Using open Channel [id: 0x3ebb0347, L:/127.0.0.1:65249 - R:localhost/127.0.0.1:1056] for POST '/session/7d8ec28dd92c9c51502839cdfe8b9fb0/element'
14:40:54.942 [AsyncHttpClient-1-8] DEBUG org.asynchttpclient.netty.handler.HttpHandler - 

Request DefaultHttpRequest(decodeResult: success, version: HTTP/1.1)
POST /session/7d8ec28dd92c9c51502839cdfe8b9fb0/element HTTP/1.1
User-Agent: selenium/4.7.1 (java windows)
Content-Length: 76
Content-Type: application/json; charset=utf-8
host: localhost:1056
accept: */*

Response DefaultHttpResponse(decodeResult: success, version: HTTP/1.1)
HTTP/1.1 200 OK
Content-Type: application/json; charset=utf-8
cache-control: no-cache
content-length: 95

14:40:54.942 [AsyncHttpClient-1-8] DEBUG org.asynchttpclient.netty.channel.ChannelManager - Adding key: http://localhost:1056 for channel [id: 0x3ebb0347, L:/127.0.0.1:65249 - R:localhost/127.0.0.1:1056]
14:40:54.950 [Forwarding getElementTagName on session 7d8ec28dd92c9c51502839cdfe8b9fb0 to remote] DEBUG org.asynchttpclient.netty.request.NettyRequestSender - Using pooled Channel '[id: 0x3ebb0347, L:/127.0.0.1:65249 - R:localhost/127.0.0.1:1056]' for 'GET' to 'http://localhost:1056/session/7d8ec28dd92c9c51502839cdfe8b9fb0/element/3315F16F895C2AD6297A155AFA30619E_element_60/name'
14:40:54.950 [Forwarding getElementTagName on session 7d8ec28dd92c9c51502839cdfe8b9fb0 to remote] DEBUG org.asynchttpclient.netty.request.NettyRequestSender - Using open Channel [id: 0x3ebb0347, L:/127.0.0.1:65249 - R:localhost/127.0.0.1:1056] for GET '/session/7d8ec28dd92c9c51502839cdfe8b9fb0/element/3315F16F895C2AD6297A155AFA30619E_element_60/name'
14:40:54.958 [AsyncHttpClient-1-8] DEBUG org.asynchttpclient.netty.handler.HttpHandler - 

Request DefaultFullHttpRequest(decodeResult: success, version: HTTP/1.1, content: EmptyByteBufBE)
GET /session/7d8ec28dd92c9c51502839cdfe8b9fb0/element/3315F16F895C2AD6297A155AFA30619E_element_60/name HTTP/1.1
User-Agent: selenium/4.7.1 (java windows)
Cache-Control: no-cache
Content-Type: application/json; charset=utf-8
host: localhost:1056
accept: */*

Response DefaultHttpResponse(decodeResult: success, version: HTTP/1.1)
HTTP/1.1 200 OK
Content-Type: application/json; charset=utf-8
cache-control: no-cache
content-length: 17

14:40:54.966 [AsyncHttpClient-1-8] DEBUG org.asynchttpclient.netty.channel.ChannelManager - Adding key: http://localhost:1056 for channel [id: 0x3ebb0347, L:/127.0.0.1:65249 - R:localhost/127.0.0.1:1056]
14:40:54.966 [Forwarding getElementTagName on session 7d8ec28dd92c9c51502839cdfe8b9fb0 to remote] DEBUG org.asynchttpclient.netty.request.NettyRequestSender - Using pooled Channel '[id: 0x3ebb0347, L:/127.0.0.1:65249 - R:localhost/127.0.0.1:1056]' for 'GET' to 'http://localhost:1056/session/7d8ec28dd92c9c51502839cdfe8b9fb0/element/3315F16F895C2AD6297A155AFA30619E_element_60/name'
14:40:54.966 [Forwarding getElementTagName on session 7d8ec28dd92c9c51502839cdfe8b9fb0 to remote] DEBUG org.asynchttpclient.netty.request.NettyRequestSender - Using open Channel [id: 0x3ebb0347, L:/127.0.0.1:65249 - R:localhost/127.0.0.1:1056] for GET '/session/7d8ec28dd92c9c51502839cdfe8b9fb0/element/3315F16F895C2AD6297A155AFA30619E_element_60/name'
14:40:54.975 [AsyncHttpClient-1-8] DEBUG org.asynchttpclient.netty.handler.HttpHandler - 

Request DefaultFullHttpRequest(decodeResult: success, version: HTTP/1.1, content: EmptyByteBufBE)
GET /session/7d8ec28dd92c9c51502839cdfe8b9fb0/element/3315F16F895C2AD6297A155AFA30619E_element_60/name HTTP/1.1
User-Agent: selenium/4.7.1 (java windows)
Cache-Control: no-cache
Content-Type: application/json; charset=utf-8
host: localhost:1056
accept: */*

Response DefaultHttpResponse(decodeResult: success, version: HTTP/1.1)
HTTP/1.1 200 OK
Content-Type: application/json; charset=utf-8
cache-control: no-cache
content-length: 17

14:40:54.975 [AsyncHttpClient-1-8] DEBUG org.asynchttpclient.netty.channel.ChannelManager - Adding key: http://localhost:1056 for channel [id: 0x3ebb0347, L:/127.0.0.1:65249 - R:localhost/127.0.0.1:1056]
14:40:54.975 [Forwarding isElementEnabled on session 7d8ec28dd92c9c51502839cdfe8b9fb0 to remote] DEBUG org.asynchttpclient.netty.request.NettyRequestSender - Using pooled Channel '[id: 0x3ebb0347, L:/127.0.0.1:65249 - R:localhost/127.0.0.1:1056]' for 'GET' to 'http://localhost:1056/session/7d8ec28dd92c9c51502839cdfe8b9fb0/element/3315F16F895C2AD6297A155AFA30619E_element_60/enabled'
14:40:54.975 [Forwarding isElementEnabled on session 7d8ec28dd92c9c51502839cdfe8b9fb0 to remote] DEBUG org.asynchttpclient.netty.request.NettyRequestSender - Using open Channel [id: 0x3ebb0347, L:/127.0.0.1:65249 - R:localhost/127.0.0.1:1056] for GET '/session/7d8ec28dd92c9c51502839cdfe8b9fb0/element/3315F16F895C2AD6297A155AFA30619E_element_60/enabled'
14:40:54.991 [AsyncHttpClient-1-8] DEBUG org.asynchttpclient.netty.handler.HttpHandler - 

Request DefaultFullHttpRequest(decodeResult: success, version: HTTP/1.1, content: EmptyByteBufBE)
GET /session/7d8ec28dd92c9c51502839cdfe8b9fb0/element/3315F16F895C2AD6297A155AFA30619E_element_60/enabled HTTP/1.1
User-Agent: selenium/4.7.1 (java windows)
Cache-Control: no-cache
Content-Type: application/json; charset=utf-8
host: localhost:1056
accept: */*

Response DefaultHttpResponse(decodeResult: success, version: HTTP/1.1)
HTTP/1.1 200 OK
Content-Type: application/json; charset=utf-8
cache-control: no-cache
content-length: 14

14:40:54.991 [AsyncHttpClient-1-8] DEBUG org.asynchttpclient.netty.channel.ChannelManager - Adding key: http://localhost:1056 for channel [id: 0x3ebb0347, L:/127.0.0.1:65249 - R:localhost/127.0.0.1:1056]
14:40:54.991 [Forwarding isElementEnabled on session 7d8ec28dd92c9c51502839cdfe8b9fb0 to remote] DEBUG org.asynchttpclient.netty.request.NettyRequestSender - Using pooled Channel '[id: 0x3ebb0347, L:/127.0.0.1:65249 - R:localhost/127.0.0.1:1056]' for 'GET' to 'http://localhost:1056/session/7d8ec28dd92c9c51502839cdfe8b9fb0/element/3315F16F895C2AD6297A155AFA30619E_element_60/enabled'
14:40:54.991 [Forwarding isElementEnabled on session 7d8ec28dd92c9c51502839cdfe8b9fb0 to remote] DEBUG org.asynchttpclient.netty.request.NettyRequestSender - Using open Channel [id: 0x3ebb0347, L:/127.0.0.1:65249 - R:localhost/127.0.0.1:1056] for GET '/session/7d8ec28dd92c9c51502839cdfe8b9fb0/element/3315F16F895C2AD6297A155AFA30619E_element_60/enabled'
14:40:55.015 [AsyncHttpClient-1-8] DEBUG org.asynchttpclient.netty.handler.HttpHandler - 

Request DefaultFullHttpRequest(decodeResult: success, version: HTTP/1.1, content: EmptyByteBufBE)
GET /session/7d8ec28dd92c9c51502839cdfe8b9fb0/element/3315F16F895C2AD6297A155AFA30619E_element_60/enabled HTTP/1.1
User-Agent: selenium/4.7.1 (java windows)
Cache-Control: no-cache
Content-Type: application/json; charset=utf-8
host: localhost:1056
accept: */*

Response DefaultHttpResponse(decodeResult: success, version: HTTP/1.1)
HTTP/1.1 200 OK
Content-Type: application/json; charset=utf-8
cache-control: no-cache
content-length: 14

14:40:55.015 [AsyncHttpClient-1-8] DEBUG org.asynchttpclient.netty.channel.ChannelManager - Adding key: http://localhost:1056 for channel [id: 0x3ebb0347, L:/127.0.0.1:65249 - R:localhost/127.0.0.1:1056]
14:40:55.015 [Forwarding findElement on session 7d8ec28dd92c9c51502839cdfe8b9fb0 to remote] DEBUG org.asynchttpclient.netty.request.NettyRequestSender - Using pooled Channel '[id: 0x3ebb0347, L:/127.0.0.1:65249 - R:localhost/127.0.0.1:1056]' for 'POST' to 'http://localhost:1056/session/7d8ec28dd92c9c51502839cdfe8b9fb0/element'
14:40:55.015 [Forwarding findElement on session 7d8ec28dd92c9c51502839cdfe8b9fb0 to remote] DEBUG org.asynchttpclient.netty.request.NettyRequestSender - Using open Channel [id: 0x3ebb0347, L:/127.0.0.1:65249 - R:localhost/127.0.0.1:1056] for POST '/session/7d8ec28dd92c9c51502839cdfe8b9fb0/element'
14:40:55.031 [AsyncHttpClient-1-8] DEBUG org.asynchttpclient.netty.handler.HttpHandler - 

Request DefaultHttpRequest(decodeResult: success, version: HTTP/1.1)
POST /session/7d8ec28dd92c9c51502839cdfe8b9fb0/element HTTP/1.1
User-Agent: selenium/4.7.1 (java windows)
Content-Length: 76
Content-Type: application/json; charset=utf-8
host: localhost:1056
accept: */*

Response DefaultHttpResponse(decodeResult: success, version: HTTP/1.1)
HTTP/1.1 200 OK
Content-Type: application/json; charset=utf-8
cache-control: no-cache
content-length: 95

14:40:55.031 [AsyncHttpClient-1-8] DEBUG org.asynchttpclient.netty.channel.ChannelManager - Adding key: http://localhost:1056 for channel [id: 0x3ebb0347, L:/127.0.0.1:65249 - R:localhost/127.0.0.1:1056]
14:40:55.039 [Forwarding clickElement on session 7d8ec28dd92c9c51502839cdfe8b9fb0 to remote] DEBUG org.asynchttpclient.netty.request.NettyRequestSender - Using pooled Channel '[id: 0x3ebb0347, L:/127.0.0.1:65249 - R:localhost/127.0.0.1:1056]' for 'POST' to 'http://localhost:1056/session/7d8ec28dd92c9c51502839cdfe8b9fb0/element/3315F16F895C2AD6297A155AFA30619E_element_60/click'
14:40:55.039 [Forwarding clickElement on session 7d8ec28dd92c9c51502839cdfe8b9fb0 to remote] DEBUG org.asynchttpclient.netty.request.NettyRequestSender - Using open Channel [id: 0x3ebb0347, L:/127.0.0.1:65249 - R:localhost/127.0.0.1:1056] for POST '/session/7d8ec28dd92c9c51502839cdfe8b9fb0/element/3315F16F895C2AD6297A155AFA30619E_element_60/click'
14:40:55.103 [AsyncHttpClient-1-8] DEBUG org.asynchttpclient.netty.handler.HttpHandler - 

Request DefaultHttpRequest(decodeResult: success, version: HTTP/1.1)
POST /session/7d8ec28dd92c9c51502839cdfe8b9fb0/element/3315F16F895C2AD6297A155AFA30619E_element_60/click HTTP/1.1
User-Agent: selenium/4.7.1 (java windows)
Content-Length: 57
Content-Type: application/json; charset=utf-8
host: localhost:1056
accept: */*

Response DefaultHttpResponse(decodeResult: success, version: HTTP/1.1)
HTTP/1.1 200 OK
Content-Type: application/json; charset=utf-8
cache-control: no-cache
content-length: 14

14:40:55.103 [AsyncHttpClient-1-8] DEBUG org.asynchttpclient.netty.channel.ChannelManager - Adding key: http://localhost:1056 for channel [id: 0x3ebb0347, L:/127.0.0.1:65249 - R:localhost/127.0.0.1:1056]
14:40:55.111 [Forwarding findElement on session 7d8ec28dd92c9c51502839cdfe8b9fb0 to remote] DEBUG org.asynchttpclient.netty.request.NettyRequestSender - Using pooled Channel '[id: 0x3ebb0347, L:/127.0.0.1:65249 - R:localhost/127.0.0.1:1056]' for 'POST' to 'http://localhost:1056/session/7d8ec28dd92c9c51502839cdfe8b9fb0/element'
14:40:55.111 [Forwarding findElement on session 7d8ec28dd92c9c51502839cdfe8b9fb0 to remote] DEBUG org.asynchttpclient.netty.request.NettyRequestSender - Using open Channel [id: 0x3ebb0347, L:/127.0.0.1:65249 - R:localhost/127.0.0.1:1056] for POST '/session/7d8ec28dd92c9c51502839cdfe8b9fb0/element'
14:40:55.127 [AsyncHttpClient-1-8] DEBUG org.asynchttpclient.netty.handler.HttpHandler - 

Request DefaultHttpRequest(decodeResult: success, version: HTTP/1.1)
POST /session/7d8ec28dd92c9c51502839cdfe8b9fb0/element HTTP/1.1
User-Agent: selenium/4.7.1 (java windows)
Content-Length: 76
Content-Type: application/json; charset=utf-8
host: localhost:1056
accept: */*

Response DefaultHttpResponse(decodeResult: success, version: HTTP/1.1)
HTTP/1.1 200 OK
Content-Type: application/json; charset=utf-8
cache-control: no-cache
content-length: 95

14:40:55.127 [AsyncHttpClient-1-8] DEBUG org.asynchttpclient.netty.channel.ChannelManager - Adding key: http://localhost:1056 for channel [id: 0x3ebb0347, L:/127.0.0.1:65249 - R:localhost/127.0.0.1:1056]
14:40:55.127 [Forwarding clearElement on session 7d8ec28dd92c9c51502839cdfe8b9fb0 to remote] DEBUG org.asynchttpclient.netty.request.NettyRequestSender - Using pooled Channel '[id: 0x3ebb0347, L:/127.0.0.1:65249 - R:localhost/127.0.0.1:1056]' for 'POST' to 'http://localhost:1056/session/7d8ec28dd92c9c51502839cdfe8b9fb0/element/3315F16F895C2AD6297A155AFA30619E_element_60/clear'
14:40:55.127 [Forwarding clearElement on session 7d8ec28dd92c9c51502839cdfe8b9fb0 to remote] DEBUG org.asynchttpclient.netty.request.NettyRequestSender - Using open Channel [id: 0x3ebb0347, L:/127.0.0.1:65249 - R:localhost/127.0.0.1:1056] for POST '/session/7d8ec28dd92c9c51502839cdfe8b9fb0/element/3315F16F895C2AD6297A155AFA30619E_element_60/clear'
14:40:55.167 [AsyncHttpClient-1-8] DEBUG org.asynchttpclient.netty.handler.HttpHandler - 

Request DefaultHttpRequest(decodeResult: success, version: HTTP/1.1)
POST /session/7d8ec28dd92c9c51502839cdfe8b9fb0/element/3315F16F895C2AD6297A155AFA30619E_element_60/clear HTTP/1.1
User-Agent: selenium/4.7.1 (java windows)
Content-Length: 57
Content-Type: application/json; charset=utf-8
host: localhost:1056
accept: */*

Response DefaultHttpResponse(decodeResult: success, version: HTTP/1.1)
HTTP/1.1 200 OK
Content-Type: application/json; charset=utf-8
cache-control: no-cache
content-length: 14

14:40:55.167 [AsyncHttpClient-1-8] DEBUG org.asynchttpclient.netty.channel.ChannelManager - Adding key: http://localhost:1056 for channel [id: 0x3ebb0347, L:/127.0.0.1:65249 - R:localhost/127.0.0.1:1056]
14:40:55.175 [Forwarding sendKeysToElement on session 7d8ec28dd92c9c51502839cdfe8b9fb0 to remote] DEBUG org.asynchttpclient.netty.request.NettyRequestSender - Using pooled Channel '[id: 0x3ebb0347, L:/127.0.0.1:65249 - R:localhost/127.0.0.1:1056]' for 'POST' to 'http://localhost:1056/session/7d8ec28dd92c9c51502839cdfe8b9fb0/element/3315F16F895C2AD6297A155AFA30619E_element_60/value'
14:40:55.175 [Forwarding sendKeysToElement on session 7d8ec28dd92c9c51502839cdfe8b9fb0 to remote] DEBUG org.asynchttpclient.netty.request.NettyRequestSender - Using open Channel [id: 0x3ebb0347, L:/127.0.0.1:65249 - R:localhost/127.0.0.1:1056] for POST '/session/7d8ec28dd92c9c51502839cdfe8b9fb0/element/3315F16F895C2AD6297A155AFA30619E_element_60/value'
14:40:55.223 [AsyncHttpClient-1-8] DEBUG org.asynchttpclient.netty.handler.HttpHandler - 

Request DefaultHttpRequest(decodeResult: success, version: HTTP/1.1)
POST /session/7d8ec28dd92c9c51502839cdfe8b9fb0/element/3315F16F895C2AD6297A155AFA30619E_element_60/value HTTP/1.1
User-Agent: selenium/4.7.1 (java windows)
Content-Length: 158
Content-Type: application/json; charset=utf-8
host: localhost:1056
accept: */*

Response DefaultHttpResponse(decodeResult: success, version: HTTP/1.1)
HTTP/1.1 200 OK
Content-Type: application/json; charset=utf-8
cache-control: no-cache
content-length: 14

14:40:55.231 [AsyncHttpClient-1-8] DEBUG org.asynchttpclient.netty.channel.ChannelManager - Adding key: http://localhost:1056 for channel [id: 0x3ebb0347, L:/127.0.0.1:65249 - R:localhost/127.0.0.1:1056]
14:40:55.239 [Forwarding getCurrentWindowHandle on session 7d8ec28dd92c9c51502839cdfe8b9fb0 to remote] DEBUG org.asynchttpclient.netty.request.NettyRequestSender - Using pooled Channel '[id: 0x3ebb0347, L:/127.0.0.1:65249 - R:localhost/127.0.0.1:1056]' for 'GET' to 'http://localhost:1056/session/7d8ec28dd92c9c51502839cdfe8b9fb0/window'
14:40:55.239 [Forwarding getCurrentWindowHandle on session 7d8ec28dd92c9c51502839cdfe8b9fb0 to remote] DEBUG org.asynchttpclient.netty.request.NettyRequestSender - Using open Channel [id: 0x3ebb0347, L:/127.0.0.1:65249 - R:localhost/127.0.0.1:1056] for GET '/session/7d8ec28dd92c9c51502839cdfe8b9fb0/window'
14:40:55.239 [AsyncHttpClient-1-8] DEBUG org.asynchttpclient.netty.handler.HttpHandler - 

Request DefaultFullHttpRequest(decodeResult: success, version: HTTP/1.1, content: EmptyByteBufBE)
GET /session/7d8ec28dd92c9c51502839cdfe8b9fb0/window HTTP/1.1
User-Agent: selenium/4.7.1 (java windows)
Cache-Control: no-cache
Content-Type: application/json; charset=utf-8
host: localhost:1056
accept: */*

Response DefaultHttpResponse(decodeResult: success, version: HTTP/1.1)
HTTP/1.1 200 OK
Content-Type: application/json; charset=utf-8
cache-control: no-cache
content-length: 44

14:40:55.239 [AsyncHttpClient-1-8] DEBUG org.asynchttpclient.netty.channel.ChannelManager - Adding key: http://localhost:1056 for channel [id: 0x3ebb0347, L:/127.0.0.1:65249 - R:localhost/127.0.0.1:1056]
14:40:55.239 [Forwarding getAlertText on session 7d8ec28dd92c9c51502839cdfe8b9fb0 to remote] DEBUG org.asynchttpclient.netty.request.NettyRequestSender - Using pooled Channel '[id: 0x3ebb0347, L:/127.0.0.1:65249 - R:localhost/127.0.0.1:1056]' for 'GET' to 'http://localhost:1056/session/7d8ec28dd92c9c51502839cdfe8b9fb0/alert/text'
14:40:55.239 [Forwarding getAlertText on session 7d8ec28dd92c9c51502839cdfe8b9fb0 to remote] DEBUG org.asynchttpclient.netty.request.NettyRequestSender - Using open Channel [id: 0x3ebb0347, L:/127.0.0.1:65249 - R:localhost/127.0.0.1:1056] for GET '/session/7d8ec28dd92c9c51502839cdfe8b9fb0/alert/text'
14:40:55.239 [AsyncHttpClient-1-8] DEBUG org.asynchttpclient.netty.handler.HttpHandler - 

Request DefaultFullHttpRequest(decodeResult: success, version: HTTP/1.1, content: EmptyByteBufBE)
GET /session/7d8ec28dd92c9c51502839cdfe8b9fb0/alert/text HTTP/1.1
User-Agent: selenium/4.7.1 (java windows)
Cache-Control: no-cache
Content-Type: application/json; charset=utf-8
host: localhost:1056
accept: */*

Response DefaultHttpResponse(decodeResult: success, version: HTTP/1.1)
HTTP/1.1 404 Not Found
Content-Type: application/json; charset=utf-8
cache-control: no-cache
content-length: 821

14:40:55.239 [AsyncHttpClient-1-8] DEBUG org.asynchttpclient.netty.channel.ChannelManager - Adding key: http://localhost:1056 for channel [id: 0x3ebb0347, L:/127.0.0.1:65249 - R:localhost/127.0.0.1:1056]
14:40:55.247 [Forwarding switchToWindow on session 7d8ec28dd92c9c51502839cdfe8b9fb0 to remote] DEBUG org.asynchttpclient.netty.request.NettyRequestSender - Using pooled Channel '[id: 0x3ebb0347, L:/127.0.0.1:65249 - R:localhost/127.0.0.1:1056]' for 'POST' to 'http://localhost:1056/session/7d8ec28dd92c9c51502839cdfe8b9fb0/window'
14:40:55.247 [Forwarding switchToWindow on session 7d8ec28dd92c9c51502839cdfe8b9fb0 to remote] DEBUG org.asynchttpclient.netty.request.NettyRequestSender - Using open Channel [id: 0x3ebb0347, L:/127.0.0.1:65249 - R:localhost/127.0.0.1:1056] for POST '/session/7d8ec28dd92c9c51502839cdfe8b9fb0/window'
14:40:55.247 [AsyncHttpClient-1-8] DEBUG org.asynchttpclient.netty.handler.HttpHandler - 

Request DefaultHttpRequest(decodeResult: success, version: HTTP/1.1)
POST /session/7d8ec28dd92c9c51502839cdfe8b9fb0/window HTTP/1.1
User-Agent: selenium/4.7.1 (java windows)
Content-Length: 50
Content-Type: application/json; charset=utf-8
host: localhost:1056
accept: */*

Response DefaultHttpResponse(decodeResult: success, version: HTTP/1.1)
HTTP/1.1 200 OK
Content-Type: application/json; charset=utf-8
cache-control: no-cache
content-length: 14

14:40:55.247 [AsyncHttpClient-1-8] DEBUG org.asynchttpclient.netty.channel.ChannelManager - Adding key: http://localhost:1056 for channel [id: 0x3ebb0347, L:/127.0.0.1:65249 - R:localhost/127.0.0.1:1056]
14:40:55.247 [Forwarding getCurrentUrl on session 7d8ec28dd92c9c51502839cdfe8b9fb0 to remote] DEBUG org.asynchttpclient.netty.request.NettyRequestSender - Using pooled Channel '[id: 0x3ebb0347, L:/127.0.0.1:65249 - R:localhost/127.0.0.1:1056]' for 'GET' to 'http://localhost:1056/session/7d8ec28dd92c9c51502839cdfe8b9fb0/url'
14:40:55.247 [Forwarding getCurrentUrl on session 7d8ec28dd92c9c51502839cdfe8b9fb0 to remote] DEBUG org.asynchttpclient.netty.request.NettyRequestSender - Using open Channel [id: 0x3ebb0347, L:/127.0.0.1:65249 - R:localhost/127.0.0.1:1056] for GET '/session/7d8ec28dd92c9c51502839cdfe8b9fb0/url'
14:40:55.255 [AsyncHttpClient-1-8] DEBUG org.asynchttpclient.netty.handler.HttpHandler - 

Request DefaultFullHttpRequest(decodeResult: success, version: HTTP/1.1, content: EmptyByteBufBE)
GET /session/7d8ec28dd92c9c51502839cdfe8b9fb0/url HTTP/1.1
User-Agent: selenium/4.7.1 (java windows)
Cache-Control: no-cache
Content-Type: application/json; charset=utf-8
host: localhost:1056
accept: */*

Response DefaultHttpResponse(decodeResult: success, version: HTTP/1.1)
HTTP/1.1 200 OK
Content-Type: application/json; charset=utf-8
cache-control: no-cache
content-length: 65

14:40:55.255 [AsyncHttpClient-1-8] DEBUG org.asynchttpclient.netty.channel.ChannelManager - Adding key: http://localhost:1056 for channel [id: 0x3ebb0347, L:/127.0.0.1:65249 - R:localhost/127.0.0.1:1056]
14:40:55.255 [Forwarding screenshot on session 7d8ec28dd92c9c51502839cdfe8b9fb0 to remote] DEBUG org.asynchttpclient.netty.request.NettyRequestSender - Using pooled Channel '[id: 0x3ebb0347, L:/127.0.0.1:65249 - R:localhost/127.0.0.1:1056]' for 'GET' to 'http://localhost:1056/session/7d8ec28dd92c9c51502839cdfe8b9fb0/screenshot'
14:40:55.255 [Forwarding screenshot on session 7d8ec28dd92c9c51502839cdfe8b9fb0 to remote] DEBUG org.asynchttpclient.netty.request.NettyRequestSender - Using open Channel [id: 0x3ebb0347, L:/127.0.0.1:65249 - R:localhost/127.0.0.1:1056] for GET '/session/7d8ec28dd92c9c51502839cdfe8b9fb0/screenshot'
14:40:55.391 [AsyncHttpClient-1-1] DEBUG org.asynchttpclient.netty.channel.DefaultChannelPool - Entry count for : http://localhost:65251 : 1
14:40:55.399 [AsyncHttpClient-1-8] DEBUG org.asynchttpclient.netty.handler.HttpHandler - 

Request DefaultFullHttpRequest(decodeResult: success, version: HTTP/1.1, content: EmptyByteBufBE)
GET /session/7d8ec28dd92c9c51502839cdfe8b9fb0/screenshot HTTP/1.1
User-Agent: selenium/4.7.1 (java windows)
Cache-Control: no-cache
Content-Type: application/json; charset=utf-8
host: localhost:1056
accept: */*

Response DefaultHttpResponse(decodeResult: success, version: HTTP/1.1)
HTTP/1.1 200 OK
Content-Type: application/json; charset=utf-8
cache-control: no-cache
content-length: 34836

14:40:55.399 [AsyncHttpClient-1-8] DEBUG org.asynchttpclient.netty.channel.ChannelManager - Adding key: http://localhost:1056 for channel [id: 0x3ebb0347, L:/127.0.0.1:65249 - R:localhost/127.0.0.1:1056]
14:40:55.401 [main] DEBUG net.serenitybdd.core.photography.Darkroom - Send negative for processing for target\site\serenity\34269e64bbdaa73933deb2229d3ac650af5fccb300c6209fd286cdef13187f01.png
14:40:55.401 [main] DEBUG net.thucydides.core.steps.StepInterceptor - STEP DONE: inputfieldkodepdam
  &amp#27;[32mAnd &amp#27;[0m&amp#27;[32mAdmin input kode PDAM&amp#27;[0m                                                           &amp#27;[90m# starter.stepdefinitions.PDAMSteps.adminInputKodePDAM()&amp#27;[0m
14:40:55.415 [main] DEBUG net.thucydides.core.steps.StepInterceptor - STARTING STEP: PDAMSteps.adminTidakInputJenisPDAM - inputfieldjenispdam
14:40:55.415 [Forwarding findElement on session 7d8ec28dd92c9c51502839cdfe8b9fb0 to remote] DEBUG org.asynchttpclient.netty.request.NettyRequestSender - Using pooled Channel '[id: 0x3ebb0347, L:/127.0.0.1:65249 - R:localhost/127.0.0.1:1056]' for 'POST' to 'http://localhost:1056/session/7d8ec28dd92c9c51502839cdfe8b9fb0/element'
14:40:55.415 [Forwarding findElement on session 7d8ec28dd92c9c51502839cdfe8b9fb0 to remote] DEBUG org.asynchttpclient.netty.request.NettyRequestSender - Using open Channel [id: 0x3ebb0347, L:/127.0.0.1:65249 - R:localhost/127.0.0.1:1056] for POST '/session/7d8ec28dd92c9c51502839cdfe8b9fb0/element'
14:40:55.439 [AsyncHttpClient-1-8] DEBUG org.asynchttpclient.netty.handler.HttpHandler - 

Request DefaultHttpRequest(decodeResult: success, version: HTTP/1.1)
POST /session/7d8ec28dd92c9c51502839cdfe8b9fb0/element HTTP/1.1
User-Agent: selenium/4.7.1 (java windows)
Content-Length: 77
Content-Type: application/json; charset=utf-8
host: localhost:1056
accept: */*

Response DefaultHttpResponse(decodeResult: success, version: HTTP/1.1)
HTTP/1.1 200 OK
Content-Type: application/json; charset=utf-8
cache-control: no-cache
content-length: 95

14:40:55.439 [AsyncHttpClient-1-8] DEBUG org.asynchttpclient.netty.channel.ChannelManager - Adding key: http://localhost:1056 for channel [id: 0x3ebb0347, L:/127.0.0.1:65249 - R:localhost/127.0.0.1:1056]
14:40:55.439 [Forwarding getElementTagName on session 7d8ec28dd92c9c51502839cdfe8b9fb0 to remote] DEBUG org.asynchttpclient.netty.request.NettyRequestSender - Using pooled Channel '[id: 0x3ebb0347, L:/127.0.0.1:65249 - R:localhost/127.0.0.1:1056]' for 'GET' to 'http://localhost:1056/session/7d8ec28dd92c9c51502839cdfe8b9fb0/element/3315F16F895C2AD6297A155AFA30619E_element_61/name'
14:40:55.439 [Forwarding getElementTagName on session 7d8ec28dd92c9c51502839cdfe8b9fb0 to remote] DEBUG org.asynchttpclient.netty.request.NettyRequestSender - Using open Channel [id: 0x3ebb0347, L:/127.0.0.1:65249 - R:localhost/127.0.0.1:1056] for GET '/session/7d8ec28dd92c9c51502839cdfe8b9fb0/element/3315F16F895C2AD6297A155AFA30619E_element_61/name'
14:40:55.455 [AsyncHttpClient-1-8] DEBUG org.asynchttpclient.netty.handler.HttpHandler - 

Request DefaultFullHttpRequest(decodeResult: success, version: HTTP/1.1, content: EmptyByteBufBE)
GET /session/7d8ec28dd92c9c51502839cdfe8b9fb0/element/3315F16F895C2AD6297A155AFA30619E_element_61/name HTTP/1.1
User-Agent: selenium/4.7.1 (java windows)
Cache-Control: no-cache
Content-Type: application/json; charset=utf-8
host: localhost:1056
accept: */*

Response DefaultHttpResponse(decodeResult: success, version: HTTP/1.1)
HTTP/1.1 200 OK
Content-Type: application/json; charset=utf-8
cache-control: no-cache
content-length: 17

14:40:55.455 [AsyncHttpClient-1-8] DEBUG org.asynchttpclient.netty.channel.ChannelManager - Adding key: http://localhost:1056 for channel [id: 0x3ebb0347, L:/127.0.0.1:65249 - R:localhost/127.0.0.1:1056]
14:40:55.463 [Forwarding getElementTagName on session 7d8ec28dd92c9c51502839cdfe8b9fb0 to remote] DEBUG org.asynchttpclient.netty.request.NettyRequestSender - Using pooled Channel '[id: 0x3ebb0347, L:/127.0.0.1:65249 - R:localhost/127.0.0.1:1056]' for 'GET' to 'http://localhost:1056/session/7d8ec28dd92c9c51502839cdfe8b9fb0/element/3315F16F895C2AD6297A155AFA30619E_element_61/name'
14:40:55.463 [Forwarding getElementTagName on session 7d8ec28dd92c9c51502839cdfe8b9fb0 to remote] DEBUG org.asynchttpclient.netty.request.NettyRequestSender - Using open Channel [id: 0x3ebb0347, L:/127.0.0.1:65249 - R:localhost/127.0.0.1:1056] for GET '/session/7d8ec28dd92c9c51502839cdfe8b9fb0/element/3315F16F895C2AD6297A155AFA30619E_element_61/name'
14:40:55.471 [AsyncHttpClient-1-8] DEBUG org.asynchttpclient.netty.handler.HttpHandler - 

Request DefaultFullHttpRequest(decodeResult: success, version: HTTP/1.1, content: EmptyByteBufBE)
GET /session/7d8ec28dd92c9c51502839cdfe8b9fb0/element/3315F16F895C2AD6297A155AFA30619E_element_61/name HTTP/1.1
User-Agent: selenium/4.7.1 (java windows)
Cache-Control: no-cache
Content-Type: application/json; charset=utf-8
host: localhost:1056
accept: */*

Response DefaultHttpResponse(decodeResult: success, version: HTTP/1.1)
HTTP/1.1 200 OK
Content-Type: application/json; charset=utf-8
cache-control: no-cache
content-length: 17

14:40:55.471 [AsyncHttpClient-1-8] DEBUG org.asynchttpclient.netty.channel.ChannelManager - Adding key: http://localhost:1056 for channel [id: 0x3ebb0347, L:/127.0.0.1:65249 - R:localhost/127.0.0.1:1056]
14:40:55.471 [Forwarding isElementEnabled on session 7d8ec28dd92c9c51502839cdfe8b9fb0 to remote] DEBUG org.asynchttpclient.netty.request.NettyRequestSender - Using pooled Channel '[id: 0x3ebb0347, L:/127.0.0.1:65249 - R:localhost/127.0.0.1:1056]' for 'GET' to 'http://localhost:1056/session/7d8ec28dd92c9c51502839cdfe8b9fb0/element/3315F16F895C2AD6297A155AFA30619E_element_61/enabled'
14:40:55.471 [Forwarding isElementEnabled on session 7d8ec28dd92c9c51502839cdfe8b9fb0 to remote] DEBUG org.asynchttpclient.netty.request.NettyRequestSender - Using open Channel [id: 0x3ebb0347, L:/127.0.0.1:65249 - R:localhost/127.0.0.1:1056] for GET '/session/7d8ec28dd92c9c51502839cdfe8b9fb0/element/3315F16F895C2AD6297A155AFA30619E_element_61/enabled'
14:40:55.479 [AsyncHttpClient-1-8] DEBUG org.asynchttpclient.netty.handler.HttpHandler - 

Request DefaultFullHttpRequest(decodeResult: success, version: HTTP/1.1, content: EmptyByteBufBE)
GET /session/7d8ec28dd92c9c51502839cdfe8b9fb0/element/3315F16F895C2AD6297A155AFA30619E_element_61/enabled HTTP/1.1
User-Agent: selenium/4.7.1 (java windows)
Cache-Control: no-cache
Content-Type: application/json; charset=utf-8
host: localhost:1056
accept: */*

Response DefaultHttpResponse(decodeResult: success, version: HTTP/1.1)
HTTP/1.1 200 OK
Content-Type: application/json; charset=utf-8
cache-control: no-cache
content-length: 14

14:40:55.479 [AsyncHttpClient-1-8] DEBUG org.asynchttpclient.netty.channel.ChannelManager - Adding key: http://localhost:1056 for channel [id: 0x3ebb0347, L:/127.0.0.1:65249 - R:localhost/127.0.0.1:1056]
14:40:55.488 [Forwarding isElementEnabled on session 7d8ec28dd92c9c51502839cdfe8b9fb0 to remote] DEBUG org.asynchttpclient.netty.request.NettyRequestSender - Using pooled Channel '[id: 0x3ebb0347, L:/127.0.0.1:65249 - R:localhost/127.0.0.1:1056]' for 'GET' to 'http://localhost:1056/session/7d8ec28dd92c9c51502839cdfe8b9fb0/element/3315F16F895C2AD6297A155AFA30619E_element_61/enabled'
14:40:55.488 [Forwarding isElementEnabled on session 7d8ec28dd92c9c51502839cdfe8b9fb0 to remote] DEBUG org.asynchttpclient.netty.request.NettyRequestSender - Using open Channel [id: 0x3ebb0347, L:/127.0.0.1:65249 - R:localhost/127.0.0.1:1056] for GET '/session/7d8ec28dd92c9c51502839cdfe8b9fb0/element/3315F16F895C2AD6297A155AFA30619E_element_61/enabled'
14:40:55.496 [AsyncHttpClient-1-8] DEBUG org.asynchttpclient.netty.handler.HttpHandler - 

Request DefaultFullHttpRequest(decodeResult: success, version: HTTP/1.1, content: EmptyByteBufBE)
GET /session/7d8ec28dd92c9c51502839cdfe8b9fb0/element/3315F16F895C2AD6297A155AFA30619E_element_61/enabled HTTP/1.1
User-Agent: selenium/4.7.1 (java windows)
Cache-Control: no-cache
Content-Type: application/json; charset=utf-8
host: localhost:1056
accept: */*

Response DefaultHttpResponse(decodeResult: success, version: HTTP/1.1)
HTTP/1.1 200 OK
Content-Type: application/json; charset=utf-8
cache-control: no-cache
content-length: 14

14:40:55.496 [AsyncHttpClient-1-8] DEBUG org.asynchttpclient.netty.channel.ChannelManager - Adding key: http://localhost:1056 for channel [id: 0x3ebb0347, L:/127.0.0.1:65249 - R:localhost/127.0.0.1:1056]
14:40:55.496 [Forwarding findElement on session 7d8ec28dd92c9c51502839cdfe8b9fb0 to remote] DEBUG org.asynchttpclient.netty.request.NettyRequestSender - Using pooled Channel '[id: 0x3ebb0347, L:/127.0.0.1:65249 - R:localhost/127.0.0.1:1056]' for 'POST' to 'http://localhost:1056/session/7d8ec28dd92c9c51502839cdfe8b9fb0/element'
14:40:55.496 [Forwarding findElement on session 7d8ec28dd92c9c51502839cdfe8b9fb0 to remote] DEBUG org.asynchttpclient.netty.request.NettyRequestSender - Using open Channel [id: 0x3ebb0347, L:/127.0.0.1:65249 - R:localhost/127.0.0.1:1056] for POST '/session/7d8ec28dd92c9c51502839cdfe8b9fb0/element'
14:40:55.512 [AsyncHttpClient-1-8] DEBUG org.asynchttpclient.netty.handler.HttpHandler - 

Request DefaultHttpRequest(decodeResult: success, version: HTTP/1.1)
POST /session/7d8ec28dd92c9c51502839cdfe8b9fb0/element HTTP/1.1
User-Agent: selenium/4.7.1 (java windows)
Content-Length: 77
Content-Type: application/json; charset=utf-8
host: localhost:1056
accept: */*

Response DefaultHttpResponse(decodeResult: success, version: HTTP/1.1)
HTTP/1.1 200 OK
Content-Type: application/json; charset=utf-8
cache-control: no-cache
content-length: 95

14:40:55.512 [AsyncHttpClient-1-8] DEBUG org.asynchttpclient.netty.channel.ChannelManager - Adding key: http://localhost:1056 for channel [id: 0x3ebb0347, L:/127.0.0.1:65249 - R:localhost/127.0.0.1:1056]
14:40:55.512 [Forwarding clickElement on session 7d8ec28dd92c9c51502839cdfe8b9fb0 to remote] DEBUG org.asynchttpclient.netty.request.NettyRequestSender - Using pooled Channel '[id: 0x3ebb0347, L:/127.0.0.1:65249 - R:localhost/127.0.0.1:1056]' for 'POST' to 'http://localhost:1056/session/7d8ec28dd92c9c51502839cdfe8b9fb0/element/3315F16F895C2AD6297A155AFA30619E_element_61/click'
14:40:55.512 [Forwarding clickElement on session 7d8ec28dd92c9c51502839cdfe8b9fb0 to remote] DEBUG org.asynchttpclient.netty.request.NettyRequestSender - Using open Channel [id: 0x3ebb0347, L:/127.0.0.1:65249 - R:localhost/127.0.0.1:1056] for POST '/session/7d8ec28dd92c9c51502839cdfe8b9fb0/element/3315F16F895C2AD6297A155AFA30619E_element_61/click'
14:40:55.584 [AsyncHttpClient-1-8] DEBUG org.asynchttpclient.netty.handler.HttpHandler - 

Request DefaultHttpRequest(decodeResult: success, version: HTTP/1.1)
POST /session/7d8ec28dd92c9c51502839cdfe8b9fb0/element/3315F16F895C2AD6297A155AFA30619E_element_61/click HTTP/1.1
User-Agent: selenium/4.7.1 (java windows)
Content-Length: 57
Content-Type: application/json; charset=utf-8
host: localhost:1056
accept: */*

Response DefaultHttpResponse(decodeResult: success, version: HTTP/1.1)
HTTP/1.1 200 OK
Content-Type: application/json; charset=utf-8
cache-control: no-cache
content-length: 14

14:40:55.584 [AsyncHttpClient-1-8] DEBUG org.asynchttpclient.netty.channel.ChannelManager - Adding key: http://localhost:1056 for channel [id: 0x3ebb0347, L:/127.0.0.1:65249 - R:localhost/127.0.0.1:1056]
14:40:55.592 [Forwarding findElement on session 7d8ec28dd92c9c51502839cdfe8b9fb0 to remote] DEBUG org.asynchttpclient.netty.request.NettyRequestSender - Using pooled Channel '[id: 0x3ebb0347, L:/127.0.0.1:65249 - R:localhost/127.0.0.1:1056]' for 'POST' to 'http://localhost:1056/session/7d8ec28dd92c9c51502839cdfe8b9fb0/element'
14:40:55.592 [Forwarding findElement on session 7d8ec28dd92c9c51502839cdfe8b9fb0 to remote] DEBUG org.asynchttpclient.netty.request.NettyRequestSender - Using open Channel [id: 0x3ebb0347, L:/127.0.0.1:65249 - R:localhost/127.0.0.1:1056] for POST '/session/7d8ec28dd92c9c51502839cdfe8b9fb0/element'
14:40:55.608 [AsyncHttpClient-1-8] DEBUG org.asynchttpclient.netty.handler.HttpHandler - 

Request DefaultHttpRequest(decodeResult: success, version: HTTP/1.1)
POST /session/7d8ec28dd92c9c51502839cdfe8b9fb0/element HTTP/1.1
User-Agent: selenium/4.7.1 (java windows)
Content-Length: 77
Content-Type: application/json; charset=utf-8
host: localhost:1056
accept: */*

Response DefaultHttpResponse(decodeResult: success, version: HTTP/1.1)
HTTP/1.1 200 OK
Content-Type: application/json; charset=utf-8
cache-control: no-cache
content-length: 95

14:40:55.608 [AsyncHttpClient-1-8] DEBUG org.asynchttpclient.netty.channel.ChannelManager - Adding key: http://localhost:1056 for channel [id: 0x3ebb0347, L:/127.0.0.1:65249 - R:localhost/127.0.0.1:1056]
14:40:55.608 [Forwarding clearElement on session 7d8ec28dd92c9c51502839cdfe8b9fb0 to remote] DEBUG org.asynchttpclient.netty.request.NettyRequestSender - Using pooled Channel '[id: 0x3ebb0347, L:/127.0.0.1:65249 - R:localhost/127.0.0.1:1056]' for 'POST' to 'http://localhost:1056/session/7d8ec28dd92c9c51502839cdfe8b9fb0/element/3315F16F895C2AD6297A155AFA30619E_element_61/clear'
14:40:55.608 [Forwarding clearElement on session 7d8ec28dd92c9c51502839cdfe8b9fb0 to remote] DEBUG org.asynchttpclient.netty.request.NettyRequestSender - Using open Channel [id: 0x3ebb0347, L:/127.0.0.1:65249 - R:localhost/127.0.0.1:1056] for POST '/session/7d8ec28dd92c9c51502839cdfe8b9fb0/element/3315F16F895C2AD6297A155AFA30619E_element_61/clear'
14:40:55.664 [AsyncHttpClient-1-8] DEBUG org.asynchttpclient.netty.handler.HttpHandler - 

Request DefaultHttpRequest(decodeResult: success, version: HTTP/1.1)
POST /session/7d8ec28dd92c9c51502839cdfe8b9fb0/element/3315F16F895C2AD6297A155AFA30619E_element_61/clear HTTP/1.1
User-Agent: selenium/4.7.1 (java windows)
Content-Length: 57
Content-Type: application/json; charset=utf-8
host: localhost:1056
accept: */*

Response DefaultHttpResponse(decodeResult: success, version: HTTP/1.1)
HTTP/1.1 200 OK
Content-Type: application/json; charset=utf-8
cache-control: no-cache
content-length: 14

14:40:55.664 [AsyncHttpClient-1-8] DEBUG org.asynchttpclient.netty.channel.ChannelManager - Adding key: http://localhost:1056 for channel [id: 0x3ebb0347, L:/127.0.0.1:65249 - R:localhost/127.0.0.1:1056]
14:40:55.672 [Forwarding sendKeysToElement on session 7d8ec28dd92c9c51502839cdfe8b9fb0 to remote] DEBUG org.asynchttpclient.netty.request.NettyRequestSender - Using pooled Channel '[id: 0x3ebb0347, L:/127.0.0.1:65249 - R:localhost/127.0.0.1:1056]' for 'POST' to 'http://localhost:1056/session/7d8ec28dd92c9c51502839cdfe8b9fb0/element/3315F16F895C2AD6297A155AFA30619E_element_61/value'
14:40:55.672 [Forwarding sendKeysToElement on session 7d8ec28dd92c9c51502839cdfe8b9fb0 to remote] DEBUG org.asynchttpclient.netty.request.NettyRequestSender - Using open Channel [id: 0x3ebb0347, L:/127.0.0.1:65249 - R:localhost/127.0.0.1:1056] for POST '/session/7d8ec28dd92c9c51502839cdfe8b9fb0/element/3315F16F895C2AD6297A155AFA30619E_element_61/value'
14:40:55.704 [AsyncHttpClient-1-8] DEBUG org.asynchttpclient.netty.handler.HttpHandler - 

Request DefaultHttpRequest(decodeResult: success, version: HTTP/1.1)
POST /session/7d8ec28dd92c9c51502839cdfe8b9fb0/element/3315F16F895C2AD6297A155AFA30619E_element_61/value HTTP/1.1
User-Agent: selenium/4.7.1 (java windows)
Content-Length: 89
Content-Type: application/json; charset=utf-8
host: localhost:1056
accept: */*

Response DefaultHttpResponse(decodeResult: success, version: HTTP/1.1)
HTTP/1.1 200 OK
Content-Type: application/json; charset=utf-8
cache-control: no-cache
content-length: 14

14:40:55.704 [AsyncHttpClient-1-8] DEBUG org.asynchttpclient.netty.channel.ChannelManager - Adding key: http://localhost:1056 for channel [id: 0x3ebb0347, L:/127.0.0.1:65249 - R:localhost/127.0.0.1:1056]
14:40:55.712 [Forwarding getCurrentWindowHandle on session 7d8ec28dd92c9c51502839cdfe8b9fb0 to remote] DEBUG org.asynchttpclient.netty.request.NettyRequestSender - Using pooled Channel '[id: 0x3ebb0347, L:/127.0.0.1:65249 - R:localhost/127.0.0.1:1056]' for 'GET' to 'http://localhost:1056/session/7d8ec28dd92c9c51502839cdfe8b9fb0/window'
14:40:55.720 [Forwarding getCurrentWindowHandle on session 7d8ec28dd92c9c51502839cdfe8b9fb0 to remote] DEBUG org.asynchttpclient.netty.request.NettyRequestSender - Using open Channel [id: 0x3ebb0347, L:/127.0.0.1:65249 - R:localhost/127.0.0.1:1056] for GET '/session/7d8ec28dd92c9c51502839cdfe8b9fb0/window'
14:40:55.720 [AsyncHttpClient-1-8] DEBUG org.asynchttpclient.netty.handler.HttpHandler - 

Request DefaultFullHttpRequest(decodeResult: success, version: HTTP/1.1, content: EmptyByteBufBE)
GET /session/7d8ec28dd92c9c51502839cdfe8b9fb0/window HTTP/1.1
User-Agent: selenium/4.7.1 (java windows)
Cache-Control: no-cache
Content-Type: application/json; charset=utf-8
host: localhost:1056
accept: */*

Response DefaultHttpResponse(decodeResult: success, version: HTTP/1.1)
HTTP/1.1 200 OK
Content-Type: application/json; charset=utf-8
cache-control: no-cache
content-length: 44

14:40:55.720 [AsyncHttpClient-1-8] DEBUG org.asynchttpclient.netty.channel.ChannelManager - Adding key: http://localhost:1056 for channel [id: 0x3ebb0347, L:/127.0.0.1:65249 - R:localhost/127.0.0.1:1056]
14:40:55.720 [Forwarding getAlertText on session 7d8ec28dd92c9c51502839cdfe8b9fb0 to remote] DEBUG org.asynchttpclient.netty.request.NettyRequestSender - Using pooled Channel '[id: 0x3ebb0347, L:/127.0.0.1:65249 - R:localhost/127.0.0.1:1056]' for 'GET' to 'http://localhost:1056/session/7d8ec28dd92c9c51502839cdfe8b9fb0/alert/text'
14:40:55.720 [Forwarding getAlertText on session 7d8ec28dd92c9c51502839cdfe8b9fb0 to remote] DEBUG org.asynchttpclient.netty.request.NettyRequestSender - Using open Channel [id: 0x3ebb0347, L:/127.0.0.1:65249 - R:localhost/127.0.0.1:1056] for GET '/session/7d8ec28dd92c9c51502839cdfe8b9fb0/alert/text'
14:40:55.720 [AsyncHttpClient-1-8] DEBUG org.asynchttpclient.netty.handler.HttpHandler - 

Request DefaultFullHttpRequest(decodeResult: success, version: HTTP/1.1, content: EmptyByteBufBE)
GET /session/7d8ec28dd92c9c51502839cdfe8b9fb0/alert/text HTTP/1.1
User-Agent: selenium/4.7.1 (java windows)
Cache-Control: no-cache
Content-Type: application/json; charset=utf-8
host: localhost:1056
accept: */*

Response DefaultHttpResponse(decodeResult: success, version: HTTP/1.1)
HTTP/1.1 404 Not Found
Content-Type: application/json; charset=utf-8
cache-control: no-cache
content-length: 821

14:40:55.720 [AsyncHttpClient-1-8] DEBUG org.asynchttpclient.netty.channel.ChannelManager - Adding key: http://localhost:1056 for channel [id: 0x3ebb0347, L:/127.0.0.1:65249 - R:localhost/127.0.0.1:1056]
14:40:55.728 [Forwarding switchToWindow on session 7d8ec28dd92c9c51502839cdfe8b9fb0 to remote] DEBUG org.asynchttpclient.netty.request.NettyRequestSender - Using pooled Channel '[id: 0x3ebb0347, L:/127.0.0.1:65249 - R:localhost/127.0.0.1:1056]' for 'POST' to 'http://localhost:1056/session/7d8ec28dd92c9c51502839cdfe8b9fb0/window'
14:40:55.728 [Forwarding switchToWindow on session 7d8ec28dd92c9c51502839cdfe8b9fb0 to remote] DEBUG org.asynchttpclient.netty.request.NettyRequestSender - Using open Channel [id: 0x3ebb0347, L:/127.0.0.1:65249 - R:localhost/127.0.0.1:1056] for POST '/session/7d8ec28dd92c9c51502839cdfe8b9fb0/window'
14:40:55.728 [AsyncHttpClient-1-8] DEBUG org.asynchttpclient.netty.handler.HttpHandler - 

Request DefaultHttpRequest(decodeResult: success, version: HTTP/1.1)
POST /session/7d8ec28dd92c9c51502839cdfe8b9fb0/window HTTP/1.1
User-Agent: selenium/4.7.1 (java windows)
Content-Length: 50
Content-Type: application/json; charset=utf-8
host: localhost:1056
accept: */*

Response DefaultHttpResponse(decodeResult: success, version: HTTP/1.1)
HTTP/1.1 200 OK
Content-Type: application/json; charset=utf-8
cache-control: no-cache
content-length: 14

14:40:55.728 [AsyncHttpClient-1-8] DEBUG org.asynchttpclient.netty.channel.ChannelManager - Adding key: http://localhost:1056 for channel [id: 0x3ebb0347, L:/127.0.0.1:65249 - R:localhost/127.0.0.1:1056]
14:40:55.728 [Forwarding getCurrentUrl on session 7d8ec28dd92c9c51502839cdfe8b9fb0 to remote] DEBUG org.asynchttpclient.netty.request.NettyRequestSender - Using pooled Channel '[id: 0x3ebb0347, L:/127.0.0.1:65249 - R:localhost/127.0.0.1:1056]' for 'GET' to 'http://localhost:1056/session/7d8ec28dd92c9c51502839cdfe8b9fb0/url'
14:40:55.728 [Forwarding getCurrentUrl on session 7d8ec28dd92c9c51502839cdfe8b9fb0 to remote] DEBUG org.asynchttpclient.netty.request.NettyRequestSender - Using open Channel [id: 0x3ebb0347, L:/127.0.0.1:65249 - R:localhost/127.0.0.1:1056] for GET '/session/7d8ec28dd92c9c51502839cdfe8b9fb0/url'
14:40:55.736 [AsyncHttpClient-1-8] DEBUG org.asynchttpclient.netty.handler.HttpHandler - 

Request DefaultFullHttpRequest(decodeResult: success, version: HTTP/1.1, content: EmptyByteBufBE)
GET /session/7d8ec28dd92c9c51502839cdfe8b9fb0/url HTTP/1.1
User-Agent: selenium/4.7.1 (java windows)
Cache-Control: no-cache
Content-Type: application/json; charset=utf-8
host: localhost:1056
accept: */*

Response DefaultHttpResponse(decodeResult: success, version: HTTP/1.1)
HTTP/1.1 200 OK
Content-Type: application/json; charset=utf-8
cache-control: no-cache
content-length: 65

14:40:55.736 [AsyncHttpClient-1-8] DEBUG org.asynchttpclient.netty.channel.ChannelManager - Adding key: http://localhost:1056 for channel [id: 0x3ebb0347, L:/127.0.0.1:65249 - R:localhost/127.0.0.1:1056]
14:40:55.736 [Forwarding screenshot on session 7d8ec28dd92c9c51502839cdfe8b9fb0 to remote] DEBUG org.asynchttpclient.netty.request.NettyRequestSender - Using pooled Channel '[id: 0x3ebb0347, L:/127.0.0.1:65249 - R:localhost/127.0.0.1:1056]' for 'GET' to 'http://localhost:1056/session/7d8ec28dd92c9c51502839cdfe8b9fb0/screenshot'
14:40:55.736 [Forwarding screenshot on session 7d8ec28dd92c9c51502839cdfe8b9fb0 to remote] DEBUG org.asynchttpclient.netty.request.NettyRequestSender - Using open Channel [id: 0x3ebb0347, L:/127.0.0.1:65249 - R:localhost/127.0.0.1:1056] for GET '/session/7d8ec28dd92c9c51502839cdfe8b9fb0/screenshot'
14:40:55.861 [AsyncHttpClient-1-8] DEBUG org.asynchttpclient.netty.handler.HttpHandler - 

Request DefaultFullHttpRequest(decodeResult: success, version: HTTP/1.1, content: EmptyByteBufBE)
GET /session/7d8ec28dd92c9c51502839cdfe8b9fb0/screenshot HTTP/1.1
User-Agent: selenium/4.7.1 (java windows)
Cache-Control: no-cache
Content-Type: application/json; charset=utf-8
host: localhost:1056
accept: */*

Response DefaultHttpResponse(decodeResult: success, version: HTTP/1.1)
HTTP/1.1 200 OK
Content-Type: application/json; charset=utf-8
cache-control: no-cache
content-length: 34804

14:40:55.864 [AsyncHttpClient-1-8] DEBUG org.asynchttpclient.netty.channel.ChannelManager - Adding key: http://localhost:1056 for channel [id: 0x3ebb0347, L:/127.0.0.1:65249 - R:localhost/127.0.0.1:1056]
14:40:55.864 [main] DEBUG net.serenitybdd.core.photography.Darkroom - Send negative for processing for target\site\serenity\965e5aacf2dd179f1467f8ed4958e57c91802d8df13f0dcda49e82791324a9d0.png
14:40:55.864 [main] DEBUG net.thucydides.core.steps.StepInterceptor - STEP DONE: inputfieldjenispdam
  &amp#27;[32mThen &amp#27;[0m&amp#27;[32mAdmin tidak input jenis PDAM&amp#27;[0m                                                   &amp#27;[90m# starter.stepdefinitions.PDAMSteps.adminTidakInputJenisPDAM()&amp#27;[0m
14:40:55.864 [Darkroom Processing Line] DEBUG net.serenitybdd.core.photography.DarkroomProcessingLine - Processing screenshot image in /var/screenshots/screenshot-6048546740647632924
14:40:55.864 [Darkroom Processing Line] DEBUG net.serenitybdd.core.photography.DarkroomProcessingLine - Saving screenshot to target\site\serenity\965e5aacf2dd179f1467f8ed4958e57c91802d8df13f0dcda49e82791324a9d0.png
14:40:55.880 [main] DEBUG net.thucydides.core.steps.StepInterceptor - STARTING STEP: PDAMSteps.adminInputWilayah - inputfieldwilayah
14:40:55.888 [Forwarding findElement on session 7d8ec28dd92c9c51502839cdfe8b9fb0 to remote] DEBUG org.asynchttpclient.netty.request.NettyRequestSender - Using pooled Channel '[id: 0x3ebb0347, L:/127.0.0.1:65249 - R:localhost/127.0.0.1:1056]' for 'POST' to 'http://localhost:1056/session/7d8ec28dd92c9c51502839cdfe8b9fb0/element'
14:40:55.888 [Forwarding findElement on session 7d8ec28dd92c9c51502839cdfe8b9fb0 to remote] DEBUG org.asynchttpclient.netty.request.NettyRequestSender - Using open Channel [id: 0x3ebb0347, L:/127.0.0.1:65249 - R:localhost/127.0.0.1:1056] for POST '/session/7d8ec28dd92c9c51502839cdfe8b9fb0/element'
14:40:55.904 [AsyncHttpClient-1-8] DEBUG org.asynchttpclient.netty.handler.HttpHandler - 

Request DefaultHttpRequest(decodeResult: success, version: HTTP/1.1)
POST /session/7d8ec28dd92c9c51502839cdfe8b9fb0/element HTTP/1.1
User-Agent: selenium/4.7.1 (java windows)
Content-Length: 74
Content-Type: application/json; charset=utf-8
host: localhost:1056
accept: */*

Response DefaultHttpResponse(decodeResult: success, version: HTTP/1.1)
HTTP/1.1 200 OK
Content-Type: application/json; charset=utf-8
cache-control: no-cache
content-length: 95

14:40:55.904 [AsyncHttpClient-1-8] DEBUG org.asynchttpclient.netty.channel.ChannelManager - Adding key: http://localhost:1056 for channel [id: 0x3ebb0347, L:/127.0.0.1:65249 - R:localhost/127.0.0.1:1056]
14:40:55.912 [Forwarding getElementTagName on session 7d8ec28dd92c9c51502839cdfe8b9fb0 to remote] DEBUG org.asynchttpclient.netty.request.NettyRequestSender - Using pooled Channel '[id: 0x3ebb0347, L:/127.0.0.1:65249 - R:localhost/127.0.0.1:1056]' for 'GET' to 'http://localhost:1056/session/7d8ec28dd92c9c51502839cdfe8b9fb0/element/3315F16F895C2AD6297A155AFA30619E_element_62/name'
14:40:55.912 [Forwarding getElementTagName on session 7d8ec28dd92c9c51502839cdfe8b9fb0 to remote] DEBUG org.asynchttpclient.netty.request.NettyRequestSender - Using open Channel [id: 0x3ebb0347, L:/127.0.0.1:65249 - R:localhost/127.0.0.1:1056] for GET '/session/7d8ec28dd92c9c51502839cdfe8b9fb0/element/3315F16F895C2AD6297A155AFA30619E_element_62/name'
14:40:55.912 [AsyncHttpClient-1-8] DEBUG org.asynchttpclient.netty.handler.HttpHandler - 

Request DefaultFullHttpRequest(decodeResult: success, version: HTTP/1.1, content: EmptyByteBufBE)
GET /session/7d8ec28dd92c9c51502839cdfe8b9fb0/element/3315F16F895C2AD6297A155AFA30619E_element_62/name HTTP/1.1
User-Agent: selenium/4.7.1 (java windows)
Cache-Control: no-cache
Content-Type: application/json; charset=utf-8
host: localhost:1056
accept: */*

Response DefaultHttpResponse(decodeResult: success, version: HTTP/1.1)
HTTP/1.1 200 OK
Content-Type: application/json; charset=utf-8
cache-control: no-cache
content-length: 17

14:40:55.912 [AsyncHttpClient-1-8] DEBUG org.asynchttpclient.netty.channel.ChannelManager - Adding key: http://localhost:1056 for channel [id: 0x3ebb0347, L:/127.0.0.1:65249 - R:localhost/127.0.0.1:1056]
14:40:55.920 [Forwarding getElementTagName on session 7d8ec28dd92c9c51502839cdfe8b9fb0 to remote] DEBUG org.asynchttpclient.netty.request.NettyRequestSender - Using pooled Channel '[id: 0x3ebb0347, L:/127.0.0.1:65249 - R:localhost/127.0.0.1:1056]' for 'GET' to 'http://localhost:1056/session/7d8ec28dd92c9c51502839cdfe8b9fb0/element/3315F16F895C2AD6297A155AFA30619E_element_62/name'
14:40:55.920 [Forwarding getElementTagName on session 7d8ec28dd92c9c51502839cdfe8b9fb0 to remote] DEBUG org.asynchttpclient.netty.request.NettyRequestSender - Using open Channel [id: 0x3ebb0347, L:/127.0.0.1:65249 - R:localhost/127.0.0.1:1056] for GET '/session/7d8ec28dd92c9c51502839cdfe8b9fb0/element/3315F16F895C2AD6297A155AFA30619E_element_62/name'
14:40:55.928 [AsyncHttpClient-1-8] DEBUG org.asynchttpclient.netty.handler.HttpHandler - 

Request DefaultFullHttpRequest(decodeResult: success, version: HTTP/1.1, content: EmptyByteBufBE)
GET /session/7d8ec28dd92c9c51502839cdfe8b9fb0/element/3315F16F895C2AD6297A155AFA30619E_element_62/name HTTP/1.1
User-Agent: selenium/4.7.1 (java windows)
Cache-Control: no-cache
Content-Type: application/json; charset=utf-8
host: localhost:1056
accept: */*

Response DefaultHttpResponse(decodeResult: success, version: HTTP/1.1)
HTTP/1.1 200 OK
Content-Type: application/json; charset=utf-8
cache-control: no-cache
content-length: 17

14:40:55.928 [AsyncHttpClient-1-8] DEBUG org.asynchttpclient.netty.channel.ChannelManager - Adding key: http://localhost:1056 for channel [id: 0x3ebb0347, L:/127.0.0.1:65249 - R:localhost/127.0.0.1:1056]
14:40:55.928 [Forwarding isElementEnabled on session 7d8ec28dd92c9c51502839cdfe8b9fb0 to remote] DEBUG org.asynchttpclient.netty.request.NettyRequestSender - Using pooled Channel '[id: 0x3ebb0347, L:/127.0.0.1:65249 - R:localhost/127.0.0.1:1056]' for 'GET' to 'http://localhost:1056/session/7d8ec28dd92c9c51502839cdfe8b9fb0/element/3315F16F895C2AD6297A155AFA30619E_element_62/enabled'
14:40:55.928 [Forwarding isElementEnabled on session 7d8ec28dd92c9c51502839cdfe8b9fb0 to remote] DEBUG org.asynchttpclient.netty.request.NettyRequestSender - Using open Channel [id: 0x3ebb0347, L:/127.0.0.1:65249 - R:localhost/127.0.0.1:1056] for GET '/session/7d8ec28dd92c9c51502839cdfe8b9fb0/element/3315F16F895C2AD6297A155AFA30619E_element_62/enabled'
14:40:55.936 [AsyncHttpClient-1-8] DEBUG org.asynchttpclient.netty.handler.HttpHandler - 

Request DefaultFullHttpRequest(decodeResult: success, version: HTTP/1.1, content: EmptyByteBufBE)
GET /session/7d8ec28dd92c9c51502839cdfe8b9fb0/element/3315F16F895C2AD6297A155AFA30619E_element_62/enabled HTTP/1.1
User-Agent: selenium/4.7.1 (java windows)
Cache-Control: no-cache
Content-Type: application/json; charset=utf-8
host: localhost:1056
accept: */*

Response DefaultHttpResponse(decodeResult: success, version: HTTP/1.1)
HTTP/1.1 200 OK
Content-Type: application/json; charset=utf-8
cache-control: no-cache
content-length: 14

14:40:55.936 [AsyncHttpClient-1-8] DEBUG org.asynchttpclient.netty.channel.ChannelManager - Adding key: http://localhost:1056 for channel [id: 0x3ebb0347, L:/127.0.0.1:65249 - R:localhost/127.0.0.1:1056]
14:40:55.936 [Forwarding isElementEnabled on session 7d8ec28dd92c9c51502839cdfe8b9fb0 to remote] DEBUG org.asynchttpclient.netty.request.NettyRequestSender - Using pooled Channel '[id: 0x3ebb0347, L:/127.0.0.1:65249 - R:localhost/127.0.0.1:1056]' for 'GET' to 'http://localhost:1056/session/7d8ec28dd92c9c51502839cdfe8b9fb0/element/3315F16F895C2AD6297A155AFA30619E_element_62/enabled'
14:40:55.936 [Forwarding isElementEnabled on session 7d8ec28dd92c9c51502839cdfe8b9fb0 to remote] DEBUG org.asynchttpclient.netty.request.NettyRequestSender - Using open Channel [id: 0x3ebb0347, L:/127.0.0.1:65249 - R:localhost/127.0.0.1:1056] for GET '/session/7d8ec28dd92c9c51502839cdfe8b9fb0/element/3315F16F895C2AD6297A155AFA30619E_element_62/enabled'
14:40:55.944 [AsyncHttpClient-1-8] DEBUG org.asynchttpclient.netty.handler.HttpHandler - 

Request DefaultFullHttpRequest(decodeResult: success, version: HTTP/1.1, content: EmptyByteBufBE)
GET /session/7d8ec28dd92c9c51502839cdfe8b9fb0/element/3315F16F895C2AD6297A155AFA30619E_element_62/enabled HTTP/1.1
User-Agent: selenium/4.7.1 (java windows)
Cache-Control: no-cache
Content-Type: application/json; charset=utf-8
host: localhost:1056
accept: */*

Response DefaultHttpResponse(decodeResult: success, version: HTTP/1.1)
HTTP/1.1 200 OK
Content-Type: application/json; charset=utf-8
cache-control: no-cache
content-length: 14

14:40:55.944 [AsyncHttpClient-1-8] DEBUG org.asynchttpclient.netty.channel.ChannelManager - Adding key: http://localhost:1056 for channel [id: 0x3ebb0347, L:/127.0.0.1:65249 - R:localhost/127.0.0.1:1056]
14:40:55.952 [Forwarding findElement on session 7d8ec28dd92c9c51502839cdfe8b9fb0 to remote] DEBUG org.asynchttpclient.netty.request.NettyRequestSender - Using pooled Channel '[id: 0x3ebb0347, L:/127.0.0.1:65249 - R:localhost/127.0.0.1:1056]' for 'POST' to 'http://localhost:1056/session/7d8ec28dd92c9c51502839cdfe8b9fb0/element'
14:40:55.952 [Forwarding findElement on session 7d8ec28dd92c9c51502839cdfe8b9fb0 to remote] DEBUG org.asynchttpclient.netty.request.NettyRequestSender - Using open Channel [id: 0x3ebb0347, L:/127.0.0.1:65249 - R:localhost/127.0.0.1:1056] for POST '/session/7d8ec28dd92c9c51502839cdfe8b9fb0/element'
14:40:55.960 [AsyncHttpClient-1-8] DEBUG org.asynchttpclient.netty.handler.HttpHandler - 

Request DefaultHttpRequest(decodeResult: success, version: HTTP/1.1)
POST /session/7d8ec28dd92c9c51502839cdfe8b9fb0/element HTTP/1.1
User-Agent: selenium/4.7.1 (java windows)
Content-Length: 74
Content-Type: application/json; charset=utf-8
host: localhost:1056
accept: */*

Response DefaultHttpResponse(decodeResult: success, version: HTTP/1.1)
HTTP/1.1 200 OK
Content-Type: application/json; charset=utf-8
cache-control: no-cache
content-length: 95

14:40:55.960 [AsyncHttpClient-1-8] DEBUG org.asynchttpclient.netty.channel.ChannelManager - Adding key: http://localhost:1056 for channel [id: 0x3ebb0347, L:/127.0.0.1:65249 - R:localhost/127.0.0.1:1056]
14:40:55.960 [Forwarding clickElement on session 7d8ec28dd92c9c51502839cdfe8b9fb0 to remote] DEBUG org.asynchttpclient.netty.request.NettyRequestSender - Using pooled Channel '[id: 0x3ebb0347, L:/127.0.0.1:65249 - R:localhost/127.0.0.1:1056]' for 'POST' to 'http://localhost:1056/session/7d8ec28dd92c9c51502839cdfe8b9fb0/element/3315F16F895C2AD6297A155AFA30619E_element_62/click'
14:40:55.960 [Forwarding clickElement on session 7d8ec28dd92c9c51502839cdfe8b9fb0 to remote] DEBUG org.asynchttpclient.netty.request.NettyRequestSender - Using open Channel [id: 0x3ebb0347, L:/127.0.0.1:65249 - R:localhost/127.0.0.1:1056] for POST '/session/7d8ec28dd92c9c51502839cdfe8b9fb0/element/3315F16F895C2AD6297A155AFA30619E_element_62/click'
14:40:56.032 [AsyncHttpClient-1-8] DEBUG org.asynchttpclient.netty.handler.HttpHandler - 

Request DefaultHttpRequest(decodeResult: success, version: HTTP/1.1)
POST /session/7d8ec28dd92c9c51502839cdfe8b9fb0/element/3315F16F895C2AD6297A155AFA30619E_element_62/click HTTP/1.1
User-Agent: selenium/4.7.1 (java windows)
Content-Length: 57
Content-Type: application/json; charset=utf-8
host: localhost:1056
accept: */*

Response DefaultHttpResponse(decodeResult: success, version: HTTP/1.1)
HTTP/1.1 200 OK
Content-Type: application/json; charset=utf-8
cache-control: no-cache
content-length: 14

14:40:56.032 [AsyncHttpClient-1-8] DEBUG org.asynchttpclient.netty.channel.ChannelManager - Adding key: http://localhost:1056 for channel [id: 0x3ebb0347, L:/127.0.0.1:65249 - R:localhost/127.0.0.1:1056]
14:40:56.040 [Forwarding findElement on session 7d8ec28dd92c9c51502839cdfe8b9fb0 to remote] DEBUG org.asynchttpclient.netty.request.NettyRequestSender - Using pooled Channel '[id: 0x3ebb0347, L:/127.0.0.1:65249 - R:localhost/127.0.0.1:1056]' for 'POST' to 'http://localhost:1056/session/7d8ec28dd92c9c51502839cdfe8b9fb0/element'
14:40:56.040 [Forwarding findElement on session 7d8ec28dd92c9c51502839cdfe8b9fb0 to remote] DEBUG org.asynchttpclient.netty.request.NettyRequestSender - Using open Channel [id: 0x3ebb0347, L:/127.0.0.1:65249 - R:localhost/127.0.0.1:1056] for POST '/session/7d8ec28dd92c9c51502839cdfe8b9fb0/element'
14:40:56.056 [AsyncHttpClient-1-8] DEBUG org.asynchttpclient.netty.handler.HttpHandler - 

Request DefaultHttpRequest(decodeResult: success, version: HTTP/1.1)
POST /session/7d8ec28dd92c9c51502839cdfe8b9fb0/element HTTP/1.1
User-Agent: selenium/4.7.1 (java windows)
Content-Length: 74
Content-Type: application/json; charset=utf-8
host: localhost:1056
accept: */*

Response DefaultHttpResponse(decodeResult: success, version: HTTP/1.1)
HTTP/1.1 200 OK
Content-Type: application/json; charset=utf-8
cache-control: no-cache
content-length: 95

14:40:56.056 [AsyncHttpClient-1-8] DEBUG org.asynchttpclient.netty.channel.ChannelManager - Adding key: http://localhost:1056 for channel [id: 0x3ebb0347, L:/127.0.0.1:65249 - R:localhost/127.0.0.1:1056]
14:40:56.064 [Forwarding clearElement on session 7d8ec28dd92c9c51502839cdfe8b9fb0 to remote] DEBUG org.asynchttpclient.netty.request.NettyRequestSender - Using pooled Channel '[id: 0x3ebb0347, L:/127.0.0.1:65249 - R:localhost/127.0.0.1:1056]' for 'POST' to 'http://localhost:1056/session/7d8ec28dd92c9c51502839cdfe8b9fb0/element/3315F16F895C2AD6297A155AFA30619E_element_62/clear'
14:40:56.064 [Forwarding clearElement on session 7d8ec28dd92c9c51502839cdfe8b9fb0 to remote] DEBUG org.asynchttpclient.netty.request.NettyRequestSender - Using open Channel [id: 0x3ebb0347, L:/127.0.0.1:65249 - R:localhost/127.0.0.1:1056] for POST '/session/7d8ec28dd92c9c51502839cdfe8b9fb0/element/3315F16F895C2AD6297A155AFA30619E_element_62/clear'
14:40:56.112 [AsyncHttpClient-1-8] DEBUG org.asynchttpclient.netty.handler.HttpHandler - 

Request DefaultHttpRequest(decodeResult: success, version: HTTP/1.1)
POST /session/7d8ec28dd92c9c51502839cdfe8b9fb0/element/3315F16F895C2AD6297A155AFA30619E_element_62/clear HTTP/1.1
User-Agent: selenium/4.7.1 (java windows)
Content-Length: 57
Content-Type: application/json; charset=utf-8
host: localhost:1056
accept: */*

Response DefaultHttpResponse(decodeResult: success, version: HTTP/1.1)
HTTP/1.1 200 OK
Content-Type: application/json; charset=utf-8
cache-control: no-cache
content-length: 14

14:40:56.112 [AsyncHttpClient-1-8] DEBUG org.asynchttpclient.netty.channel.ChannelManager - Adding key: http://localhost:1056 for channel [id: 0x3ebb0347, L:/127.0.0.1:65249 - R:localhost/127.0.0.1:1056]
14:40:56.112 [Forwarding sendKeysToElement on session 7d8ec28dd92c9c51502839cdfe8b9fb0 to remote] DEBUG org.asynchttpclient.netty.request.NettyRequestSender - Using pooled Channel '[id: 0x3ebb0347, L:/127.0.0.1:65249 - R:localhost/127.0.0.1:1056]' for 'POST' to 'http://localhost:1056/session/7d8ec28dd92c9c51502839cdfe8b9fb0/element/3315F16F895C2AD6297A155AFA30619E_element_62/value'
14:40:56.112 [Forwarding sendKeysToElement on session 7d8ec28dd92c9c51502839cdfe8b9fb0 to remote] DEBUG org.asynchttpclient.netty.request.NettyRequestSender - Using open Channel [id: 0x3ebb0347, L:/127.0.0.1:65249 - R:localhost/127.0.0.1:1056] for POST '/session/7d8ec28dd92c9c51502839cdfe8b9fb0/element/3315F16F895C2AD6297A155AFA30619E_element_62/value'
14:40:56.176 [AsyncHttpClient-1-8] DEBUG org.asynchttpclient.netty.handler.HttpHandler - 

Request DefaultHttpRequest(decodeResult: success, version: HTTP/1.1)
POST /session/7d8ec28dd92c9c51502839cdfe8b9fb0/element/3315F16F895C2AD6297A155AFA30619E_element_62/value HTTP/1.1
User-Agent: selenium/4.7.1 (java windows)
Content-Length: 178
Content-Type: application/json; charset=utf-8
host: localhost:1056
accept: */*

Response DefaultHttpResponse(decodeResult: success, version: HTTP/1.1)
HTTP/1.1 200 OK
Content-Type: application/json; charset=utf-8
cache-control: no-cache
content-length: 14

14:40:56.176 [AsyncHttpClient-1-8] DEBUG org.asynchttpclient.netty.channel.ChannelManager - Adding key: http://localhost:1056 for channel [id: 0x3ebb0347, L:/127.0.0.1:65249 - R:localhost/127.0.0.1:1056]
14:40:56.184 [Forwarding getCurrentWindowHandle on session 7d8ec28dd92c9c51502839cdfe8b9fb0 to remote] DEBUG org.asynchttpclient.netty.request.NettyRequestSender - Using pooled Channel '[id: 0x3ebb0347, L:/127.0.0.1:65249 - R:localhost/127.0.0.1:1056]' for 'GET' to 'http://localhost:1056/session/7d8ec28dd92c9c51502839cdfe8b9fb0/window'
14:40:56.184 [Forwarding getCurrentWindowHandle on session 7d8ec28dd92c9c51502839cdfe8b9fb0 to remote] DEBUG org.asynchttpclient.netty.request.NettyRequestSender - Using open Channel [id: 0x3ebb0347, L:/127.0.0.1:65249 - R:localhost/127.0.0.1:1056] for GET '/session/7d8ec28dd92c9c51502839cdfe8b9fb0/window'
14:40:56.184 [AsyncHttpClient-1-8] DEBUG org.asynchttpclient.netty.handler.HttpHandler - 

Request DefaultFullHttpRequest(decodeResult: success, version: HTTP/1.1, content: EmptyByteBufBE)
GET /session/7d8ec28dd92c9c51502839cdfe8b9fb0/window HTTP/1.1
User-Agent: selenium/4.7.1 (java windows)
Cache-Control: no-cache
Content-Type: application/json; charset=utf-8
host: localhost:1056
accept: */*

Response DefaultHttpResponse(decodeResult: success, version: HTTP/1.1)
HTTP/1.1 200 OK
Content-Type: application/json; charset=utf-8
cache-control: no-cache
content-length: 44

14:40:56.184 [AsyncHttpClient-1-8] DEBUG org.asynchttpclient.netty.channel.ChannelManager - Adding key: http://localhost:1056 for channel [id: 0x3ebb0347, L:/127.0.0.1:65249 - R:localhost/127.0.0.1:1056]
14:40:56.192 [Forwarding getAlertText on session 7d8ec28dd92c9c51502839cdfe8b9fb0 to remote] DEBUG org.asynchttpclient.netty.request.NettyRequestSender - Using pooled Channel '[id: 0x3ebb0347, L:/127.0.0.1:65249 - R:localhost/127.0.0.1:1056]' for 'GET' to 'http://localhost:1056/session/7d8ec28dd92c9c51502839cdfe8b9fb0/alert/text'
14:40:56.192 [Forwarding getAlertText on session 7d8ec28dd92c9c51502839cdfe8b9fb0 to remote] DEBUG org.asynchttpclient.netty.request.NettyRequestSender - Using open Channel [id: 0x3ebb0347, L:/127.0.0.1:65249 - R:localhost/127.0.0.1:1056] for GET '/session/7d8ec28dd92c9c51502839cdfe8b9fb0/alert/text'
14:40:56.192 [AsyncHttpClient-1-8] DEBUG org.asynchttpclient.netty.handler.HttpHandler - 

Request DefaultFullHttpRequest(decodeResult: success, version: HTTP/1.1, content: EmptyByteBufBE)
GET /session/7d8ec28dd92c9c51502839cdfe8b9fb0/alert/text HTTP/1.1
User-Agent: selenium/4.7.1 (java windows)
Cache-Control: no-cache
Content-Type: application/json; charset=utf-8
host: localhost:1056
accept: */*

Response DefaultHttpResponse(decodeResult: success, version: HTTP/1.1)
HTTP/1.1 404 Not Found
Content-Type: application/json; charset=utf-8
cache-control: no-cache
content-length: 821

14:40:56.192 [AsyncHttpClient-1-8] DEBUG org.asynchttpclient.netty.channel.ChannelManager - Adding key: http://localhost:1056 for channel [id: 0x3ebb0347, L:/127.0.0.1:65249 - R:localhost/127.0.0.1:1056]
14:40:56.200 [Forwarding switchToWindow on session 7d8ec28dd92c9c51502839cdfe8b9fb0 to remote] DEBUG org.asynchttpclient.netty.request.NettyRequestSender - Using pooled Channel '[id: 0x3ebb0347, L:/127.0.0.1:65249 - R:localhost/127.0.0.1:1056]' for 'POST' to 'http://localhost:1056/session/7d8ec28dd92c9c51502839cdfe8b9fb0/window'
14:40:56.200 [Forwarding switchToWindow on session 7d8ec28dd92c9c51502839cdfe8b9fb0 to remote] DEBUG org.asynchttpclient.netty.request.NettyRequestSender - Using open Channel [id: 0x3ebb0347, L:/127.0.0.1:65249 - R:localhost/127.0.0.1:1056] for POST '/session/7d8ec28dd92c9c51502839cdfe8b9fb0/window'
14:40:56.202 [AsyncHttpClient-1-8] DEBUG org.asynchttpclient.netty.handler.HttpHandler - 

Request DefaultHttpRequest(decodeResult: success, version: HTTP/1.1)
POST /session/7d8ec28dd92c9c51502839cdfe8b9fb0/window HTTP/1.1
User-Agent: selenium/4.7.1 (java windows)
Content-Length: 50
Content-Type: application/json; charset=utf-8
host: localhost:1056
accept: */*

Response DefaultHttpResponse(decodeResult: success, version: HTTP/1.1)
HTTP/1.1 200 OK
Content-Type: application/json; charset=utf-8
cache-control: no-cache
content-length: 14

14:40:56.202 [AsyncHttpClient-1-8] DEBUG org.asynchttpclient.netty.channel.ChannelManager - Adding key: http://localhost:1056 for channel [id: 0x3ebb0347, L:/127.0.0.1:65249 - R:localhost/127.0.0.1:1056]
14:40:56.202 [Forwarding getCurrentUrl on session 7d8ec28dd92c9c51502839cdfe8b9fb0 to remote] DEBUG org.asynchttpclient.netty.request.NettyRequestSender - Using pooled Channel '[id: 0x3ebb0347, L:/127.0.0.1:65249 - R:localhost/127.0.0.1:1056]' for 'GET' to 'http://localhost:1056/session/7d8ec28dd92c9c51502839cdfe8b9fb0/url'
14:40:56.202 [Forwarding getCurrentUrl on session 7d8ec28dd92c9c51502839cdfe8b9fb0 to remote] DEBUG org.asynchttpclient.netty.request.NettyRequestSender - Using open Channel [id: 0x3ebb0347, L:/127.0.0.1:65249 - R:localhost/127.0.0.1:1056] for GET '/session/7d8ec28dd92c9c51502839cdfe8b9fb0/url'
14:40:56.208 [AsyncHttpClient-1-8] DEBUG org.asynchttpclient.netty.handler.HttpHandler - 

Request DefaultFullHttpRequest(decodeResult: success, version: HTTP/1.1, content: EmptyByteBufBE)
GET /session/7d8ec28dd92c9c51502839cdfe8b9fb0/url HTTP/1.1
User-Agent: selenium/4.7.1 (java windows)
Cache-Control: no-cache
Content-Type: application/json; charset=utf-8
host: localhost:1056
accept: */*

Response DefaultHttpResponse(decodeResult: success, version: HTTP/1.1)
HTTP/1.1 200 OK
Content-Type: application/json; charset=utf-8
cache-control: no-cache
content-length: 65

14:40:56.208 [AsyncHttpClient-1-8] DEBUG org.asynchttpclient.netty.channel.ChannelManager - Adding key: http://localhost:1056 for channel [id: 0x3ebb0347, L:/127.0.0.1:65249 - R:localhost/127.0.0.1:1056]
14:40:56.208 [Forwarding screenshot on session 7d8ec28dd92c9c51502839cdfe8b9fb0 to remote] DEBUG org.asynchttpclient.netty.request.NettyRequestSender - Using pooled Channel '[id: 0x3ebb0347, L:/127.0.0.1:65249 - R:localhost/127.0.0.1:1056]' for 'GET' to 'http://localhost:1056/session/7d8ec28dd92c9c51502839cdfe8b9fb0/screenshot'
14:40:56.208 [Forwarding screenshot on session 7d8ec28dd92c9c51502839cdfe8b9fb0 to remote] DEBUG org.asynchttpclient.netty.request.NettyRequestSender - Using open Channel [id: 0x3ebb0347, L:/127.0.0.1:65249 - R:localhost/127.0.0.1:1056] for GET '/session/7d8ec28dd92c9c51502839cdfe8b9fb0/screenshot'
14:40:56.376 [AsyncHttpClient-1-8] DEBUG org.asynchttpclient.netty.handler.HttpHandler - 

Request DefaultFullHttpRequest(decodeResult: success, version: HTTP/1.1, content: EmptyByteBufBE)
GET /session/7d8ec28dd92c9c51502839cdfe8b9fb0/screenshot HTTP/1.1
User-Agent: selenium/4.7.1 (java windows)
Cache-Control: no-cache
Content-Type: application/json; charset=utf-8
host: localhost:1056
accept: */*

Response DefaultHttpResponse(decodeResult: success, version: HTTP/1.1)
HTTP/1.1 200 OK
Content-Type: application/json; charset=utf-8
cache-control: no-cache
content-length: 36360

14:40:56.376 [AsyncHttpClient-1-8] DEBUG org.asynchttpclient.netty.channel.ChannelManager - Adding key: http://localhost:1056 for channel [id: 0x3ebb0347, L:/127.0.0.1:65249 - R:localhost/127.0.0.1:1056]
14:40:56.384 [main] DEBUG net.serenitybdd.core.photography.Darkroom - Send negative for processing for target\site\serenity\15e4a3833f1996003a976fdc4e6b06c9b90a5094c81fd687fb4a1a58a0157d6b.png
14:40:56.384 [main] DEBUG net.thucydides.core.steps.StepInterceptor - STEP DONE: inputfieldwilayah
14:40:56.384 [Darkroom Processing Line] DEBUG net.serenitybdd.core.photography.DarkroomProcessingLine - Processing screenshot image in /var/screenshots/screenshot-16052156500033221740
14:40:56.384 [Darkroom Processing Line] DEBUG net.serenitybdd.core.photography.DarkroomProcessingLine - Saving screenshot to target\site\serenity\15e4a3833f1996003a976fdc4e6b06c9b90a5094c81fd687fb4a1a58a0157d6b.png
  &amp#27;[32mAnd &amp#27;[0m&amp#27;[32mAdmin input wilayah&amp#27;[0m                                                             &amp#27;[90m# starter.stepdefinitions.PDAMSteps.adminInputWilayah()&amp#27;[0m
14:40:56.400 [main] DEBUG net.thucydides.core.steps.StepInterceptor - STARTING STEP: PDAMSteps.adminKlikSimpanDanMunculErorMessageJenisPDAMWajibDiisi - klikbuttonsimpandantidakmunculpopupberhasil
14:40:56.402 [Forwarding findElement on session 7d8ec28dd92c9c51502839cdfe8b9fb0 to remote] DEBUG org.asynchttpclient.netty.request.NettyRequestSender - Using pooled Channel '[id: 0x3ebb0347, L:/127.0.0.1:65249 - R:localhost/127.0.0.1:1056]' for 'POST' to 'http://localhost:1056/session/7d8ec28dd92c9c51502839cdfe8b9fb0/element'
14:40:56.402 [Forwarding findElement on session 7d8ec28dd92c9c51502839cdfe8b9fb0 to remote] DEBUG org.asynchttpclient.netty.request.NettyRequestSender - Using open Channel [id: 0x3ebb0347, L:/127.0.0.1:65249 - R:localhost/127.0.0.1:1056] for POST '/session/7d8ec28dd92c9c51502839cdfe8b9fb0/element'
14:40:56.416 [AsyncHttpClient-1-8] DEBUG org.asynchttpclient.netty.handler.HttpHandler - 

Request DefaultHttpRequest(decodeResult: success, version: HTTP/1.1)
POST /session/7d8ec28dd92c9c51502839cdfe8b9fb0/element HTTP/1.1
User-Agent: selenium/4.7.1 (java windows)
Content-Length: 83
Content-Type: application/json; charset=utf-8
host: localhost:1056
accept: */*

Response DefaultHttpResponse(decodeResult: success, version: HTTP/1.1)
HTTP/1.1 200 OK
Content-Type: application/json; charset=utf-8
cache-control: no-cache
content-length: 95

14:40:56.416 [AsyncHttpClient-1-8] DEBUG org.asynchttpclient.netty.channel.ChannelManager - Adding key: http://localhost:1056 for channel [id: 0x3ebb0347, L:/127.0.0.1:65249 - R:localhost/127.0.0.1:1056]
14:40:56.424 [Forwarding getElementTagName on session 7d8ec28dd92c9c51502839cdfe8b9fb0 to remote] DEBUG org.asynchttpclient.netty.request.NettyRequestSender - Using pooled Channel '[id: 0x3ebb0347, L:/127.0.0.1:65249 - R:localhost/127.0.0.1:1056]' for 'GET' to 'http://localhost:1056/session/7d8ec28dd92c9c51502839cdfe8b9fb0/element/3315F16F895C2AD6297A155AFA30619E_element_63/name'
14:40:56.424 [Forwarding getElementTagName on session 7d8ec28dd92c9c51502839cdfe8b9fb0 to remote] DEBUG org.asynchttpclient.netty.request.NettyRequestSender - Using open Channel [id: 0x3ebb0347, L:/127.0.0.1:65249 - R:localhost/127.0.0.1:1056] for GET '/session/7d8ec28dd92c9c51502839cdfe8b9fb0/element/3315F16F895C2AD6297A155AFA30619E_element_63/name'
14:40:56.432 [AsyncHttpClient-1-8] DEBUG org.asynchttpclient.netty.handler.HttpHandler - 

Request DefaultFullHttpRequest(decodeResult: success, version: HTTP/1.1, content: EmptyByteBufBE)
GET /session/7d8ec28dd92c9c51502839cdfe8b9fb0/element/3315F16F895C2AD6297A155AFA30619E_element_63/name HTTP/1.1
User-Agent: selenium/4.7.1 (java windows)
Cache-Control: no-cache
Content-Type: application/json; charset=utf-8
host: localhost:1056
accept: */*

Response DefaultHttpResponse(decodeResult: success, version: HTTP/1.1)
HTTP/1.1 200 OK
Content-Type: application/json; charset=utf-8
cache-control: no-cache
content-length: 18

14:40:56.432 [AsyncHttpClient-1-8] DEBUG org.asynchttpclient.netty.channel.ChannelManager - Adding key: http://localhost:1056 for channel [id: 0x3ebb0347, L:/127.0.0.1:65249 - R:localhost/127.0.0.1:1056]
14:40:56.432 [Forwarding getElementTagName on session 7d8ec28dd92c9c51502839cdfe8b9fb0 to remote] DEBUG org.asynchttpclient.netty.request.NettyRequestSender - Using pooled Channel '[id: 0x3ebb0347, L:/127.0.0.1:65249 - R:localhost/127.0.0.1:1056]' for 'GET' to 'http://localhost:1056/session/7d8ec28dd92c9c51502839cdfe8b9fb0/element/3315F16F895C2AD6297A155AFA30619E_element_63/name'
14:40:56.432 [Forwarding getElementTagName on session 7d8ec28dd92c9c51502839cdfe8b9fb0 to remote] DEBUG org.asynchttpclient.netty.request.NettyRequestSender - Using open Channel [id: 0x3ebb0347, L:/127.0.0.1:65249 - R:localhost/127.0.0.1:1056] for GET '/session/7d8ec28dd92c9c51502839cdfe8b9fb0/element/3315F16F895C2AD6297A155AFA30619E_element_63/name'
14:40:56.440 [AsyncHttpClient-1-8] DEBUG org.asynchttpclient.netty.handler.HttpHandler - 

Request DefaultFullHttpRequest(decodeResult: success, version: HTTP/1.1, content: EmptyByteBufBE)
GET /session/7d8ec28dd92c9c51502839cdfe8b9fb0/element/3315F16F895C2AD6297A155AFA30619E_element_63/name HTTP/1.1
User-Agent: selenium/4.7.1 (java windows)
Cache-Control: no-cache
Content-Type: application/json; charset=utf-8
host: localhost:1056
accept: */*

Response DefaultHttpResponse(decodeResult: success, version: HTTP/1.1)
HTTP/1.1 200 OK
Content-Type: application/json; charset=utf-8
cache-control: no-cache
content-length: 18

14:40:56.440 [AsyncHttpClient-1-8] DEBUG org.asynchttpclient.netty.channel.ChannelManager - Adding key: http://localhost:1056 for channel [id: 0x3ebb0347, L:/127.0.0.1:65249 - R:localhost/127.0.0.1:1056]
14:40:56.448 [Forwarding isElementEnabled on session 7d8ec28dd92c9c51502839cdfe8b9fb0 to remote] DEBUG org.asynchttpclient.netty.request.NettyRequestSender - Using pooled Channel '[id: 0x3ebb0347, L:/127.0.0.1:65249 - R:localhost/127.0.0.1:1056]' for 'GET' to 'http://localhost:1056/session/7d8ec28dd92c9c51502839cdfe8b9fb0/element/3315F16F895C2AD6297A155AFA30619E_element_63/enabled'
14:40:56.448 [Forwarding isElementEnabled on session 7d8ec28dd92c9c51502839cdfe8b9fb0 to remote] DEBUG org.asynchttpclient.netty.request.NettyRequestSender - Using open Channel [id: 0x3ebb0347, L:/127.0.0.1:65249 - R:localhost/127.0.0.1:1056] for GET '/session/7d8ec28dd92c9c51502839cdfe8b9fb0/element/3315F16F895C2AD6297A155AFA30619E_element_63/enabled'
14:40:56.464 [AsyncHttpClient-1-8] DEBUG org.asynchttpclient.netty.handler.HttpHandler - 

Request DefaultFullHttpRequest(decodeResult: success, version: HTTP/1.1, content: EmptyByteBufBE)
GET /session/7d8ec28dd92c9c51502839cdfe8b9fb0/element/3315F16F895C2AD6297A155AFA30619E_element_63/enabled HTTP/1.1
User-Agent: selenium/4.7.1 (java windows)
Cache-Control: no-cache
Content-Type: application/json; charset=utf-8
host: localhost:1056
accept: */*

Response DefaultHttpResponse(decodeResult: success, version: HTTP/1.1)
HTTP/1.1 200 OK
Content-Type: application/json; charset=utf-8
cache-control: no-cache
content-length: 14

14:40:56.464 [AsyncHttpClient-1-8] DEBUG org.asynchttpclient.netty.channel.ChannelManager - Adding key: http://localhost:1056 for channel [id: 0x3ebb0347, L:/127.0.0.1:65249 - R:localhost/127.0.0.1:1056]
14:40:56.464 [Forwarding isElementEnabled on session 7d8ec28dd92c9c51502839cdfe8b9fb0 to remote] DEBUG org.asynchttpclient.netty.request.NettyRequestSender - Using pooled Channel '[id: 0x3ebb0347, L:/127.0.0.1:65249 - R:localhost/127.0.0.1:1056]' for 'GET' to 'http://localhost:1056/session/7d8ec28dd92c9c51502839cdfe8b9fb0/element/3315F16F895C2AD6297A155AFA30619E_element_63/enabled'
14:40:56.464 [Forwarding isElementEnabled on session 7d8ec28dd92c9c51502839cdfe8b9fb0 to remote] DEBUG org.asynchttpclient.netty.request.NettyRequestSender - Using open Channel [id: 0x3ebb0347, L:/127.0.0.1:65249 - R:localhost/127.0.0.1:1056] for GET '/session/7d8ec28dd92c9c51502839cdfe8b9fb0/element/3315F16F895C2AD6297A155AFA30619E_element_63/enabled'
14:40:56.474 [AsyncHttpClient-1-8] DEBUG org.asynchttpclient.netty.handler.HttpHandler - 

Request DefaultFullHttpRequest(decodeResult: success, version: HTTP/1.1, content: EmptyByteBufBE)
GET /session/7d8ec28dd92c9c51502839cdfe8b9fb0/element/3315F16F895C2AD6297A155AFA30619E_element_63/enabled HTTP/1.1
User-Agent: selenium/4.7.1 (java windows)
Cache-Control: no-cache
Content-Type: application/json; charset=utf-8
host: localhost:1056
accept: */*

Response DefaultHttpResponse(decodeResult: success, version: HTTP/1.1)
HTTP/1.1 200 OK
Content-Type: application/json; charset=utf-8
cache-control: no-cache
content-length: 14

14:40:56.474 [AsyncHttpClient-1-8] DEBUG org.asynchttpclient.netty.channel.ChannelManager - Adding key: http://localhost:1056 for channel [id: 0x3ebb0347, L:/127.0.0.1:65249 - R:localhost/127.0.0.1:1056]
14:40:56.474 [Forwarding findElement on session 7d8ec28dd92c9c51502839cdfe8b9fb0 to remote] DEBUG org.asynchttpclient.netty.request.NettyRequestSender - Using pooled Channel '[id: 0x3ebb0347, L:/127.0.0.1:65249 - R:localhost/127.0.0.1:1056]' for 'POST' to 'http://localhost:1056/session/7d8ec28dd92c9c51502839cdfe8b9fb0/element'
14:40:56.474 [Forwarding findElement on session 7d8ec28dd92c9c51502839cdfe8b9fb0 to remote] DEBUG org.asynchttpclient.netty.request.NettyRequestSender - Using open Channel [id: 0x3ebb0347, L:/127.0.0.1:65249 - R:localhost/127.0.0.1:1056] for POST '/session/7d8ec28dd92c9c51502839cdfe8b9fb0/element'
14:40:56.489 [AsyncHttpClient-1-8] DEBUG org.asynchttpclient.netty.handler.HttpHandler - 

Request DefaultHttpRequest(decodeResult: success, version: HTTP/1.1)
POST /session/7d8ec28dd92c9c51502839cdfe8b9fb0/element HTTP/1.1
User-Agent: selenium/4.7.1 (java windows)
Content-Length: 83
Content-Type: application/json; charset=utf-8
host: localhost:1056
accept: */*

Response DefaultHttpResponse(decodeResult: success, version: HTTP/1.1)
HTTP/1.1 200 OK
Content-Type: application/json; charset=utf-8
cache-control: no-cache
content-length: 95

14:40:56.489 [AsyncHttpClient-1-8] DEBUG org.asynchttpclient.netty.channel.ChannelManager - Adding key: http://localhost:1056 for channel [id: 0x3ebb0347, L:/127.0.0.1:65249 - R:localhost/127.0.0.1:1056]
14:40:56.497 [AsyncHttpClient-1-1] DEBUG org.asynchttpclient.netty.channel.DefaultChannelPool - Entry count for : http://localhost:1056 : 1
14:40:56.497 [AsyncHttpClient-1-1] DEBUG org.asynchttpclient.netty.channel.DefaultChannelPool - Entry count for : http://localhost:65251 : 1
14:40:56.497 [Forwarding clickElement on session 7d8ec28dd92c9c51502839cdfe8b9fb0 to remote] DEBUG org.asynchttpclient.netty.request.NettyRequestSender - Using pooled Channel '[id: 0x3ebb0347, L:/127.0.0.1:65249 - R:localhost/127.0.0.1:1056]' for 'POST' to 'http://localhost:1056/session/7d8ec28dd92c9c51502839cdfe8b9fb0/element/3315F16F895C2AD6297A155AFA30619E_element_63/click'
14:40:56.497 [Forwarding clickElement on session 7d8ec28dd92c9c51502839cdfe8b9fb0 to remote] DEBUG org.asynchttpclient.netty.request.NettyRequestSender - Using open Channel [id: 0x3ebb0347, L:/127.0.0.1:65249 - R:localhost/127.0.0.1:1056] for POST '/session/7d8ec28dd92c9c51502839cdfe8b9fb0/element/3315F16F895C2AD6297A155AFA30619E_element_63/click'
14:40:56.636 [AsyncHttpClient-1-8] DEBUG org.asynchttpclient.netty.handler.HttpHandler - 

Request DefaultHttpRequest(decodeResult: success, version: HTTP/1.1)
POST /session/7d8ec28dd92c9c51502839cdfe8b9fb0/element/3315F16F895C2AD6297A155AFA30619E_element_63/click HTTP/1.1
User-Agent: selenium/4.7.1 (java windows)
Content-Length: 57
Content-Type: application/json; charset=utf-8
host: localhost:1056
accept: */*

Response DefaultHttpResponse(decodeResult: success, version: HTTP/1.1)
HTTP/1.1 200 OK
Content-Type: application/json; charset=utf-8
cache-control: no-cache
content-length: 14

14:40:56.636 [AsyncHttpClient-1-8] DEBUG org.asynchttpclient.netty.channel.ChannelManager - Adding key: http://localhost:1056 for channel [id: 0x3ebb0347, L:/127.0.0.1:65249 - R:localhost/127.0.0.1:1056]
14:40:56.647 [Forwarding findElement on session 7d8ec28dd92c9c51502839cdfe8b9fb0 to remote] DEBUG org.asynchttpclient.netty.request.NettyRequestSender - Using pooled Channel '[id: 0x3ebb0347, L:/127.0.0.1:65249 - R:localhost/127.0.0.1:1056]' for 'POST' to 'http://localhost:1056/session/7d8ec28dd92c9c51502839cdfe8b9fb0/element'
14:40:56.647 [Forwarding findElement on session 7d8ec28dd92c9c51502839cdfe8b9fb0 to remote] DEBUG org.asynchttpclient.netty.request.NettyRequestSender - Using open Channel [id: 0x3ebb0347, L:/127.0.0.1:65249 - R:localhost/127.0.0.1:1056] for POST '/session/7d8ec28dd92c9c51502839cdfe8b9fb0/element'
14:40:57.593 [AsyncHttpClient-1-1] DEBUG org.asynchttpclient.netty.channel.DefaultChannelPool - Entry count for : http://localhost:65251 : 1
14:40:58.659 [AsyncHttpClient-1-8] DEBUG org.asynchttpclient.netty.handler.HttpHandler - 

Request DefaultHttpRequest(decodeResult: success, version: HTTP/1.1)
POST /session/7d8ec28dd92c9c51502839cdfe8b9fb0/element HTTP/1.1
User-Agent: selenium/4.7.1 (java windows)
Content-Length: 99
Content-Type: application/json; charset=utf-8
host: localhost:1056
accept: */*

Response DefaultHttpResponse(decodeResult: success, version: HTTP/1.1)
HTTP/1.1 404 Not Found
Content-Type: application/json; charset=utf-8
cache-control: no-cache
content-length: 973

14:40:58.659 [AsyncHttpClient-1-8] DEBUG org.asynchttpclient.netty.channel.ChannelManager - Adding key: http://localhost:1056 for channel [id: 0x3ebb0347, L:/127.0.0.1:65249 - R:localhost/127.0.0.1:1056]
14:40:58.667 [Forwarding getCurrentWindowHandle on session 7d8ec28dd92c9c51502839cdfe8b9fb0 to remote] DEBUG org.asynchttpclient.netty.request.NettyRequestSender - Using pooled Channel '[id: 0x3ebb0347, L:/127.0.0.1:65249 - R:localhost/127.0.0.1:1056]' for 'GET' to 'http://localhost:1056/session/7d8ec28dd92c9c51502839cdfe8b9fb0/window'
14:40:58.667 [Forwarding getCurrentWindowHandle on session 7d8ec28dd92c9c51502839cdfe8b9fb0 to remote] DEBUG org.asynchttpclient.netty.request.NettyRequestSender - Using open Channel [id: 0x3ebb0347, L:/127.0.0.1:65249 - R:localhost/127.0.0.1:1056] for GET '/session/7d8ec28dd92c9c51502839cdfe8b9fb0/window'
14:40:58.667 [AsyncHttpClient-1-8] DEBUG org.asynchttpclient.netty.handler.HttpHandler - 

Request DefaultFullHttpRequest(decodeResult: success, version: HTTP/1.1, content: EmptyByteBufBE)
GET /session/7d8ec28dd92c9c51502839cdfe8b9fb0/window HTTP/1.1
User-Agent: selenium/4.7.1 (java windows)
Cache-Control: no-cache
Content-Type: application/json; charset=utf-8
host: localhost:1056
accept: */*

Response DefaultHttpResponse(decodeResult: success, version: HTTP/1.1)
HTTP/1.1 200 OK
Content-Type: application/json; charset=utf-8
cache-control: no-cache
content-length: 44

14:40:58.667 [AsyncHttpClient-1-8] DEBUG org.asynchttpclient.netty.channel.ChannelManager - Adding key: http://localhost:1056 for channel [id: 0x3ebb0347, L:/127.0.0.1:65249 - R:localhost/127.0.0.1:1056]
14:40:58.667 [Forwarding getAlertText on session 7d8ec28dd92c9c51502839cdfe8b9fb0 to remote] DEBUG org.asynchttpclient.netty.request.NettyRequestSender - Using pooled Channel '[id: 0x3ebb0347, L:/127.0.0.1:65249 - R:localhost/127.0.0.1:1056]' for 'GET' to 'http://localhost:1056/session/7d8ec28dd92c9c51502839cdfe8b9fb0/alert/text'
14:40:58.667 [Forwarding getAlertText on session 7d8ec28dd92c9c51502839cdfe8b9fb0 to remote] DEBUG org.asynchttpclient.netty.request.NettyRequestSender - Using open Channel [id: 0x3ebb0347, L:/127.0.0.1:65249 - R:localhost/127.0.0.1:1056] for GET '/session/7d8ec28dd92c9c51502839cdfe8b9fb0/alert/text'
14:40:58.675 [AsyncHttpClient-1-8] DEBUG org.asynchttpclient.netty.handler.HttpHandler - 

Request DefaultFullHttpRequest(decodeResult: success, version: HTTP/1.1, content: EmptyByteBufBE)
GET /session/7d8ec28dd92c9c51502839cdfe8b9fb0/alert/text HTTP/1.1
User-Agent: selenium/4.7.1 (java windows)
Cache-Control: no-cache
Content-Type: application/json; charset=utf-8
host: localhost:1056
accept: */*

Response DefaultHttpResponse(decodeResult: success, version: HTTP/1.1)
HTTP/1.1 404 Not Found
Content-Type: application/json; charset=utf-8
cache-control: no-cache
content-length: 821

14:40:58.675 [AsyncHttpClient-1-8] DEBUG org.asynchttpclient.netty.channel.ChannelManager - Adding key: http://localhost:1056 for channel [id: 0x3ebb0347, L:/127.0.0.1:65249 - R:localhost/127.0.0.1:1056]
14:40:58.675 [Forwarding switchToWindow on session 7d8ec28dd92c9c51502839cdfe8b9fb0 to remote] DEBUG org.asynchttpclient.netty.request.NettyRequestSender - Using pooled Channel '[id: 0x3ebb0347, L:/127.0.0.1:65249 - R:localhost/127.0.0.1:1056]' for 'POST' to 'http://localhost:1056/session/7d8ec28dd92c9c51502839cdfe8b9fb0/window'
14:40:58.675 [Forwarding switchToWindow on session 7d8ec28dd92c9c51502839cdfe8b9fb0 to remote] DEBUG org.asynchttpclient.netty.request.NettyRequestSender - Using open Channel [id: 0x3ebb0347, L:/127.0.0.1:65249 - R:localhost/127.0.0.1:1056] for POST '/session/7d8ec28dd92c9c51502839cdfe8b9fb0/window'
14:40:58.675 [AsyncHttpClient-1-8] DEBUG org.asynchttpclient.netty.handler.HttpHandler - 

Request DefaultHttpRequest(decodeResult: success, version: HTTP/1.1)
POST /session/7d8ec28dd92c9c51502839cdfe8b9fb0/window HTTP/1.1
User-Agent: selenium/4.7.1 (java windows)
Content-Length: 50
Content-Type: application/json; charset=utf-8
host: localhost:1056
accept: */*

Response DefaultHttpResponse(decodeResult: success, version: HTTP/1.1)
HTTP/1.1 200 OK
Content-Type: application/json; charset=utf-8
cache-control: no-cache
content-length: 14

14:40:58.675 [AsyncHttpClient-1-8] DEBUG org.asynchttpclient.netty.channel.ChannelManager - Adding key: http://localhost:1056 for channel [id: 0x3ebb0347, L:/127.0.0.1:65249 - R:localhost/127.0.0.1:1056]
14:40:58.675 [Forwarding getCurrentUrl on session 7d8ec28dd92c9c51502839cdfe8b9fb0 to remote] DEBUG org.asynchttpclient.netty.request.NettyRequestSender - Using pooled Channel '[id: 0x3ebb0347, L:/127.0.0.1:65249 - R:localhost/127.0.0.1:1056]' for 'GET' to 'http://localhost:1056/session/7d8ec28dd92c9c51502839cdfe8b9fb0/url'
14:40:58.675 [Forwarding getCurrentUrl on session 7d8ec28dd92c9c51502839cdfe8b9fb0 to remote] DEBUG org.asynchttpclient.netty.request.NettyRequestSender - Using open Channel [id: 0x3ebb0347, L:/127.0.0.1:65249 - R:localhost/127.0.0.1:1056] for GET '/session/7d8ec28dd92c9c51502839cdfe8b9fb0/url'
14:40:58.683 [AsyncHttpClient-1-8] DEBUG org.asynchttpclient.netty.handler.HttpHandler - 

Request DefaultFullHttpRequest(decodeResult: success, version: HTTP/1.1, content: EmptyByteBufBE)
GET /session/7d8ec28dd92c9c51502839cdfe8b9fb0/url HTTP/1.1
User-Agent: selenium/4.7.1 (java windows)
Cache-Control: no-cache
Content-Type: application/json; charset=utf-8
host: localhost:1056
accept: */*

Response DefaultHttpResponse(decodeResult: success, version: HTTP/1.1)
HTTP/1.1 200 OK
Content-Type: application/json; charset=utf-8
cache-control: no-cache
content-length: 58

14:40:58.683 [AsyncHttpClient-1-8] DEBUG org.asynchttpclient.netty.channel.ChannelManager - Adding key: http://localhost:1056 for channel [id: 0x3ebb0347, L:/127.0.0.1:65249 - R:localhost/127.0.0.1:1056]
14:40:58.683 [Forwarding screenshot on session 7d8ec28dd92c9c51502839cdfe8b9fb0 to remote] DEBUG org.asynchttpclient.netty.request.NettyRequestSender - Using pooled Channel '[id: 0x3ebb0347, L:/127.0.0.1:65249 - R:localhost/127.0.0.1:1056]' for 'GET' to 'http://localhost:1056/session/7d8ec28dd92c9c51502839cdfe8b9fb0/screenshot'
14:40:58.683 [Forwarding screenshot on session 7d8ec28dd92c9c51502839cdfe8b9fb0 to remote] DEBUG org.asynchttpclient.netty.request.NettyRequestSender - Using open Channel [id: 0x3ebb0347, L:/127.0.0.1:65249 - R:localhost/127.0.0.1:1056] for GET '/session/7d8ec28dd92c9c51502839cdfe8b9fb0/screenshot'
14:40:58.691 [AsyncHttpClient-1-1] DEBUG org.asynchttpclient.netty.channel.DefaultChannelPool - Entry count for : http://localhost:65251 : 1
14:40:58.843 [AsyncHttpClient-1-8] DEBUG org.asynchttpclient.netty.handler.HttpHandler - 

Request DefaultFullHttpRequest(decodeResult: success, version: HTTP/1.1, content: EmptyByteBufBE)
GET /session/7d8ec28dd92c9c51502839cdfe8b9fb0/screenshot HTTP/1.1
User-Agent: selenium/4.7.1 (java windows)
Cache-Control: no-cache
Content-Type: application/json; charset=utf-8
host: localhost:1056
accept: */*

Response DefaultHttpResponse(decodeResult: success, version: HTTP/1.1)
HTTP/1.1 200 OK
Content-Type: application/json; charset=utf-8
cache-control: no-cache
content-length: 82544

14:40:58.843 [AsyncHttpClient-1-8] DEBUG org.asynchttpclient.netty.channel.ChannelManager - Adding key: http://localhost:1056 for channel [id: 0x3ebb0347, L:/127.0.0.1:65249 - R:localhost/127.0.0.1:1056]
14:40:58.851 [main] DEBUG net.serenitybdd.core.photography.Darkroom - Send negative for processing for target\site\serenity\c15da6f51c5c9f83b0ae39593e650c34c335707674f32edff1a6554c9ec142f4.png
14:40:58.851 [main] DEBUG net.thucydides.core.steps.StepInterceptor - STEP DONE: klikbuttonsimpandantidakmunculpopupberhasil
  &amp#27;[32mThen &amp#27;[0m&amp#27;[32mAdmin klik simpan dan muncul eror message jenis PDAM wajib diisi&amp#27;[0m               &amp#27;[90m# starter.stepdefinitions.PDAMSteps.adminKlikSimpanDanMunculErorMessageJenisPDAMWajibDiisi()&amp#27;[0m
14:40:58.859 [main] INFO  - 
  _____   ___   ___   _____     ___     _     ___   ___   ___   ___  
 |_   _| | __| / __| |_   _|   | _ \   /_\   / __| / __| | __| |   \ 
   | |   | _|  \__ \   | |     |  _/  / _ \  \__ \ \__ \ | _|  | |) |
   |_|   |___| |___/   |_|     |_|   /_/ \_\ |___/ |___/ |___| |___/ 

Admin tidak dapat menambahkan produk PDAM karena tidak menginput jenis PDAM
----------------------------------------------------------------------
14:40:58.859 [AsyncHttpClient-1-10] DEBUG org.asynchttpclient.netty.handler.WebSocketHandler - Channel Closed: [id: 0x3f17ed3a, L:/127.0.0.1:65259 ! R:localhost/127.0.0.1:65251] with attribute NettyResponseFuture{currentRetry=0,
	isDone=1,
	isCancelled=0,
	asyncHandler=org.asynchttpclient.ws.WebSocketUpgradeHandler@3b51851,
	nettyRequest=org.asynchttpclient.netty.request.NettyRequest@46b78643,
	future=java.util.concurrent.CompletableFuture@240131cf[Completed normally],
	uri=ws://localhost:65251/devtools/browser/30f71100-e43b-4970-933c-c3d80a8fe5ae,
	keepAlive=true,
	redirectCount=0,
	timeoutsHolder=null,
	inAuth=0,
	touch=1687074048990}
14:40:58.859 [AsyncHttpClient-1-10] DEBUG org.asynchttpclient.netty.channel.ChannelManager - Closing Channel [id: 0x3f17ed3a, L:/127.0.0.1:65259 ! R:localhost/127.0.0.1:65251] 
14:40:58.859 [Driver Command Executor] DEBUG org.asynchttpclient.netty.request.NettyRequestSender - Using pooled Channel '[id: 0x3ebb0347, L:/127.0.0.1:65249 - R:localhost/127.0.0.1:1056]' for 'DELETE' to 'http://localhost:1056/session/7d8ec28dd92c9c51502839cdfe8b9fb0'
14:40:58.859 [Driver Command Executor] DEBUG org.asynchttpclient.netty.request.NettyRequestSender - Using open Channel [id: 0x3ebb0347, L:/127.0.0.1:65249 - R:localhost/127.0.0.1:1056] for DELETE '/session/7d8ec28dd92c9c51502839cdfe8b9fb0'
14:40:58.947 [AsyncHttpClient-1-9] DEBUG org.asynchttpclient.netty.handler.HttpHandler - Unexpected I/O exception on channel [id: 0xc10b068d, L:/127.0.0.1:65258 - R:localhost/127.0.0.1:65251]
java.net.SocketException: Connection reset
	at java.base/sun.nio.ch.SocketChannelImpl.throwConnectionReset(SocketChannelImpl.java:401)
	at java.base/sun.nio.ch.SocketChannelImpl.read(SocketChannelImpl.java:434)
	at io.netty.buffer.PooledByteBuf.setBytes(PooledByteBuf.java:259)
	at io.netty.buffer.AbstractByteBuf.writeBytes(AbstractByteBuf.java:1132)
	at io.netty.channel.socket.nio.NioSocketChannel.doReadBytes(NioSocketChannel.java:357)
	at io.netty.channel.nio.AbstractNioByteChannel$NioByteUnsafe.read(AbstractNioByteChannel.java:151)
	at io.netty.channel.nio.NioEventLoop.processSelectedKey(NioEventLoop.java:788)
	at io.netty.channel.nio.NioEventLoop.processSelectedKeysOptimized(NioEventLoop.java:724)
	at io.netty.channel.nio.NioEventLoop.processSelectedKeys(NioEventLoop.java:650)
	at io.netty.channel.nio.NioEventLoop.run(NioEventLoop.java:562)
	at io.netty.util.concurrent.SingleThreadEventExecutor$4.run(SingleThreadEventExecutor.java:997)
	at io.netty.util.internal.ThreadExecutorMap$2.run(ThreadExecutorMap.java:74)
	at io.netty.util.concurrent.FastThreadLocalRunnable.run(FastThreadLocalRunnable.java:30)
	at java.base/java.lang.Thread.run(Thread.java:1589)
14:40:58.947 [AsyncHttpClient-1-9] DEBUG org.asynchttpclient.netty.channel.ChannelManager - Closing Channel [id: 0xc10b068d, L:/127.0.0.1:65258 - R:localhost/127.0.0.1:65251] 
14:40:58.947 [AsyncHttpClient-1-9] DEBUG org.asynchttpclient.netty.handler.HttpHandler - Channel Closed: [id: 0xc10b068d, L:/127.0.0.1:65258 ! R:localhost/127.0.0.1:65251] with attribute DISCARD
14:40:59.005 [AsyncHttpClient-1-8] DEBUG org.asynchttpclient.netty.handler.HttpHandler - 

Request DefaultFullHttpRequest(decodeResult: success, version: HTTP/1.1, content: EmptyByteBufBE)
DELETE /session/7d8ec28dd92c9c51502839cdfe8b9fb0 HTTP/1.1
User-Agent: selenium/4.7.1 (java windows)
Content-Type: application/json; charset=utf-8
host: localhost:1056
accept: */*

Response DefaultHttpResponse(decodeResult: success, version: HTTP/1.1)
HTTP/1.1 200 OK
Content-Type: application/json; charset=utf-8
cache-control: no-cache
content-length: 14

14:40:59.005 [AsyncHttpClient-1-8] DEBUG org.asynchttpclient.netty.channel.ChannelManager - Adding key: http://localhost:1056 for channel [id: 0x3ebb0347, L:/127.0.0.1:65249 - R:localhost/127.0.0.1:1056]
14:40:59.083 [AsyncHttpClient-1-8] DEBUG org.asynchttpclient.netty.handler.HttpHandler - Channel Closed: [id: 0x3ebb0347, L:/127.0.0.1:65249 ! R:localhost/127.0.0.1:1056] with attribute DISCARD
]]></system-out>
    <system-err><![CDATA[Starting ChromeDriver 114.0.5735.90 (386bc09e8f4f2e025eddae123f36f6263096ae49-refs/branch-heads/5735@{#1052}) on port 1056
Only local connections are allowed.
Please see https://chromedriver.chromium.org/security-considerations for suggestions on keeping ChromeDriver safe.
ChromeDriver was started successfully.
Jun 18, 2023 2:40:48 PM org.openqa.selenium.devtools.CdpVersionFinder findNearestMatch
WARNING: Unable to find CDP implementation matching 114
Jun 18, 2023 2:40:48 PM org.openqa.selenium.chromium.ChromiumDriver lambda$new$3
WARNING: Unable to find version of CDP to use for . You may need to include a dependency on a specific version of the CDP using something similar to `org.seleniumhq.selenium:selenium-devtools-v86:4.7.1` where the version ("v86") matches the version of the chromium-based browser you're using and the version number of the artifact is the same as Selenium's.
]]></system-err>
  </testcase>
  <testcase name="Admin tidak dapat menambahkan produk PDAM karena tidak menginput field wilayah" classname="PDAM" time="12.521">
    <system-out><![CDATA[
@PDAM-04
Scenario: Admin tidak dapat menambahkan produk PDAM karena tidak menginput field wilayah &amp#27;[90m# src/test/resources/features/PDAM.feature:37&amp#27;[0m
14:40:59.171 [main] INFO io.cucumber.core.plugin.SerenityReporter - Running feature from file:///C:/Dev/CapstoneProjectBaru/SKUYPAY%20WEB%20AUTOMATION/src/test/resources/features/PDAM.feature
14:40:59.179 [main] INFO  - 
  _____   ___   ___   _____     ___   _____     _     ___   _____   ___   ___  
 |_   _| | __| / __| |_   _|   / __| |_   _|   /_\   | _ \ |_   _| | __| |   \ 
   | |   | _|  \__ \   | |     \__ \   | |    / _ \  |   /   | |   | _|  | |) |
   |_|   |___| |___/   |_|     |___/   |_|   /_/ \_\ |_|_\   |_|   |___| |___/ 

Admin tidak dapat menambahkan produk PDAM karena tidak menginput field wilayah(pdam;admin-tidak-dapat-menambahkan-produk-pdam-karena-tidak-menginput-field-wilayah)
--------------------------------------------------------------------------------
14:40:59.205 [main] DEBUG net.thucydides.core.steps.StepInterceptor - STARTING STEP: PDAMSteps.adminMelakukanLoginAkunUntukFiturPDAM - diHomepageSkuyPay
14:40:59.307 [main] INFO net.serenitybdd.core.webdriver.driverproviders.ChromeDriverProvider - Starting Chrome driver instance with capabilities:
14:40:59.307 [main] INFO net.serenitybdd.core.webdriver.driverproviders.ChromeDriverProvider - Capabilities {acceptInsecureCerts: true, browserName: chrome, goog:chromeOptions: {args: [remote-allow-origins=*, test-type, no-sandbox, ignore-certificate-errors, start-maximized, incognito, disable-infobars, disable-gpu, disable-default-apps, disable-popup-blocking, remote-allow-origins=*, test-type, no-sandbox, ignore-certificate-errors, start-maximized, incognito, disable-infobars, disable-gpu, disable-default-apps, disable-popup-blocking], extensions: []}}
14:40:59.475 [AsyncHttpClient-1-11] DEBUG org.asynchttpclient.netty.channel.NettyConnectListener - Using new Channel '[id: 0xaf3d3e61, L:/127.0.0.1:65284 - R:localhost/127.0.0.1:36901]' for 'POST' to '/session'
14:40:59.828 [AsyncHttpClient-1-1] DEBUG org.asynchttpclient.netty.channel.DefaultChannelPool - Entry count for : http://localhost:1056 : 1
14:40:59.828 [AsyncHttpClient-1-1] DEBUG org.asynchttpclient.netty.channel.DefaultChannelPool - Entry count for : http://localhost:65251 : 1
14:40:59.828 [AsyncHttpClient-1-1] DEBUG org.asynchttpclient.netty.channel.DefaultChannelPool - Adding Candidate expired Channel [id: 0x3ebb0347, L:/127.0.0.1:65249 ! R:localhost/127.0.0.1:1056] isIdleTimeoutExpired=false isRemotelyClosed=true isTtlExpired=false
14:40:59.828 [AsyncHttpClient-1-1] DEBUG org.asynchttpclient.netty.channel.DefaultChannelPool - Closing Idle Channel [id: 0x3ebb0347, L:/127.0.0.1:65249 ! R:localhost/127.0.0.1:1056]
14:40:59.828 [AsyncHttpClient-1-1] DEBUG org.asynchttpclient.netty.channel.DefaultChannelPool - Adding Candidate expired Channel [id: 0xc10b068d, L:/127.0.0.1:65258 ! R:localhost/127.0.0.1:65251] isIdleTimeoutExpired=false isRemotelyClosed=true isTtlExpired=false
14:40:59.828 [AsyncHttpClient-1-1] DEBUG org.asynchttpclient.netty.channel.DefaultChannelPool - Closing Idle Channel [id: 0xc10b068d, L:/127.0.0.1:65258 ! R:localhost/127.0.0.1:65251]
14:40:59.828 [AsyncHttpClient-1-1] DEBUG org.asynchttpclient.netty.channel.DefaultChannelPool - Closed 2 connections out of 2 in 0 ms
14:41:01.758 [AsyncHttpClient-1-11] DEBUG org.asynchttpclient.netty.handler.HttpHandler - 

Request DefaultHttpRequest(decodeResult: success, version: HTTP/1.1)
POST /session HTTP/1.1
User-Agent: selenium/4.7.1 (java windows)
Content-Length: 1629
Content-Type: application/json; charset=utf-8
host: localhost:36901
accept: */*

Response DefaultHttpResponse(decodeResult: success, version: HTTP/1.1)
HTTP/1.1 200 OK
Content-Type: application/json; charset=utf-8
cache-control: no-cache
content-length: 856

14:41:01.758 [AsyncHttpClient-1-11] DEBUG org.asynchttpclient.netty.channel.ChannelManager - Adding key: http://localhost:36901 for channel [id: 0xaf3d3e61, L:/127.0.0.1:65284 - R:localhost/127.0.0.1:36901]
14:41:01.766 [AsyncHttpClient-1-12] DEBUG org.asynchttpclient.netty.channel.NettyConnectListener - Using new Channel '[id: 0x9d066e6c, L:/127.0.0.1:65293 - R:localhost/127.0.0.1:65285]' for 'GET' to '/json/version'
14:41:01.766 [AsyncHttpClient-1-12] DEBUG org.asynchttpclient.netty.handler.HttpHandler - 

Request DefaultFullHttpRequest(decodeResult: success, version: HTTP/1.1, content: EmptyByteBufBE)
GET /json/version HTTP/1.1
User-Agent: selenium/4.7.1 (java windows)
host: localhost:65285
accept: */*

Response DefaultHttpResponse(decodeResult: success, version: HTTP/1.1)
HTTP/1.1 200 OK
Content-Security-Policy: frame-ancestors 'none'
Content-Type: application/json; charset=UTF-8
content-length: 424

14:41:01.766 [AsyncHttpClient-1-12] DEBUG org.asynchttpclient.netty.channel.ChannelManager - Adding key: http://localhost:65285 for channel [id: 0x9d066e6c, L:/127.0.0.1:65293 - R:localhost/127.0.0.1:65285]
14:41:01.774 [AsyncHttpClient-1-13] DEBUG org.asynchttpclient.netty.channel.NettyConnectListener - Using new Channel '[id: 0xa9e1814c, L:/127.0.0.1:65294 - R:localhost/127.0.0.1:65285]' for 'GET' to '/devtools/browser/53ea3012-9d98-45ab-9d53-bda90c923df8'
14:41:01.782 [AsyncHttpClient-1-13] DEBUG org.asynchttpclient.netty.handler.WebSocketHandler - 

Request DefaultFullHttpRequest(decodeResult: success, version: HTTP/1.1, content: EmptyByteBufBE)
GET /devtools/browser/53ea3012-9d98-45ab-9d53-bda90c923df8 HTTP/1.1
upgrade: websocket
connection: upgrade
sec-websocket-key: 3CEEbbbK71iwpQiv1dvNMQ==
sec-websocket-version: 13
origin: http://localhost:65285
host: localhost:65285
accept: */*
user-agent: AHC/2.1

Response DefaultHttpResponse(decodeResult: success, version: HTTP/1.1)
HTTP/1.1 101 WebSocket Protocol Handshake
Upgrade: WebSocket
Connection: Upgrade
Sec-WebSocket-Accept: AVhMHhxWQxav+ZsdXFuQs047hQk=

14:41:01.782 [Forwarding get on session 44f2ae58ab05ebd5ddbd711de0d879e7 to remote] DEBUG org.asynchttpclient.netty.request.NettyRequestSender - Using pooled Channel '[id: 0xaf3d3e61, L:/127.0.0.1:65284 - R:localhost/127.0.0.1:36901]' for 'POST' to 'http://localhost:36901/session/44f2ae58ab05ebd5ddbd711de0d879e7/url'
14:41:01.782 [Forwarding get on session 44f2ae58ab05ebd5ddbd711de0d879e7 to remote] DEBUG org.asynchttpclient.netty.request.NettyRequestSender - Using open Channel [id: 0xaf3d3e61, L:/127.0.0.1:65284 - R:localhost/127.0.0.1:36901] for POST '/session/44f2ae58ab05ebd5ddbd711de0d879e7/url'
14:41:02.030 [AsyncHttpClient-1-1] DEBUG org.asynchttpclient.netty.channel.DefaultChannelPool - Entry count for : http://localhost:65285 : 1
14:41:03.096 [AsyncHttpClient-1-1] DEBUG org.asynchttpclient.netty.channel.DefaultChannelPool - Entry count for : http://localhost:65285 : 1
14:41:03.353 [AsyncHttpClient-1-11] DEBUG org.asynchttpclient.netty.handler.HttpHandler - 

Request DefaultHttpRequest(decodeResult: success, version: HTTP/1.1)
POST /session/44f2ae58ab05ebd5ddbd711de0d879e7/url HTTP/1.1
User-Agent: selenium/4.7.1 (java windows)
Content-Length: 69
Content-Type: application/json; charset=utf-8
host: localhost:36901
accept: */*

Response DefaultHttpResponse(decodeResult: success, version: HTTP/1.1)
HTTP/1.1 200 OK
Content-Type: application/json; charset=utf-8
cache-control: no-cache
content-length: 14

14:41:03.353 [AsyncHttpClient-1-11] DEBUG org.asynchttpclient.netty.channel.ChannelManager - Adding key: http://localhost:36901 for channel [id: 0xaf3d3e61, L:/127.0.0.1:65284 - R:localhost/127.0.0.1:36901]
14:41:03.353 [Forwarding setTimeout on session 44f2ae58ab05ebd5ddbd711de0d879e7 to remote] DEBUG org.asynchttpclient.netty.request.NettyRequestSender - Using pooled Channel '[id: 0xaf3d3e61, L:/127.0.0.1:65284 - R:localhost/127.0.0.1:36901]' for 'POST' to 'http://localhost:36901/session/44f2ae58ab05ebd5ddbd711de0d879e7/timeouts'
14:41:03.353 [Forwarding setTimeout on session 44f2ae58ab05ebd5ddbd711de0d879e7 to remote] DEBUG org.asynchttpclient.netty.request.NettyRequestSender - Using open Channel [id: 0xaf3d3e61, L:/127.0.0.1:65284 - R:localhost/127.0.0.1:36901] for POST '/session/44f2ae58ab05ebd5ddbd711de0d879e7/timeouts'
14:41:03.361 [AsyncHttpClient-1-11] DEBUG org.asynchttpclient.netty.handler.HttpHandler - 

Request DefaultHttpRequest(decodeResult: success, version: HTTP/1.1)
POST /session/44f2ae58ab05ebd5ddbd711de0d879e7/timeouts HTTP/1.1
User-Agent: selenium/4.7.1 (java windows)
Content-Length: 22
Content-Type: application/json; charset=utf-8
host: localhost:36901
accept: */*

Response DefaultHttpResponse(decodeResult: success, version: HTTP/1.1)
HTTP/1.1 200 OK
Content-Type: application/json; charset=utf-8
cache-control: no-cache
content-length: 14

14:41:03.361 [AsyncHttpClient-1-11] DEBUG org.asynchttpclient.netty.channel.ChannelManager - Adding key: http://localhost:36901 for channel [id: 0xaf3d3e61, L:/127.0.0.1:65284 - R:localhost/127.0.0.1:36901]
14:41:03.369 [Forwarding getCurrentUrl on session 44f2ae58ab05ebd5ddbd711de0d879e7 to remote] DEBUG org.asynchttpclient.netty.request.NettyRequestSender - Using pooled Channel '[id: 0xaf3d3e61, L:/127.0.0.1:65284 - R:localhost/127.0.0.1:36901]' for 'GET' to 'http://localhost:36901/session/44f2ae58ab05ebd5ddbd711de0d879e7/url'
14:41:03.369 [Forwarding getCurrentUrl on session 44f2ae58ab05ebd5ddbd711de0d879e7 to remote] DEBUG org.asynchttpclient.netty.request.NettyRequestSender - Using open Channel [id: 0xaf3d3e61, L:/127.0.0.1:65284 - R:localhost/127.0.0.1:36901] for GET '/session/44f2ae58ab05ebd5ddbd711de0d879e7/url'
14:41:03.401 [AsyncHttpClient-1-11] DEBUG org.asynchttpclient.netty.handler.HttpHandler - 

Request DefaultFullHttpRequest(decodeResult: success, version: HTTP/1.1, content: EmptyByteBufBE)
GET /session/44f2ae58ab05ebd5ddbd711de0d879e7/url HTTP/1.1
User-Agent: selenium/4.7.1 (java windows)
Cache-Control: no-cache
Content-Type: application/json; charset=utf-8
host: localhost:36901
accept: */*

Response DefaultHttpResponse(decodeResult: success, version: HTTP/1.1)
HTTP/1.1 200 OK
Content-Type: application/json; charset=utf-8
cache-control: no-cache
content-length: 51

14:41:03.401 [AsyncHttpClient-1-11] DEBUG org.asynchttpclient.netty.channel.ChannelManager - Adding key: http://localhost:36901 for channel [id: 0xaf3d3e61, L:/127.0.0.1:65284 - R:localhost/127.0.0.1:36901]
14:41:03.401 [Forwarding getCurrentUrl on session 44f2ae58ab05ebd5ddbd711de0d879e7 to remote] DEBUG org.asynchttpclient.netty.request.NettyRequestSender - Using pooled Channel '[id: 0xaf3d3e61, L:/127.0.0.1:65284 - R:localhost/127.0.0.1:36901]' for 'GET' to 'http://localhost:36901/session/44f2ae58ab05ebd5ddbd711de0d879e7/url'
14:41:03.401 [Forwarding getCurrentUrl on session 44f2ae58ab05ebd5ddbd711de0d879e7 to remote] DEBUG org.asynchttpclient.netty.request.NettyRequestSender - Using open Channel [id: 0xaf3d3e61, L:/127.0.0.1:65284 - R:localhost/127.0.0.1:36901] for GET '/session/44f2ae58ab05ebd5ddbd711de0d879e7/url'
14:41:03.409 [AsyncHttpClient-1-11] DEBUG org.asynchttpclient.netty.handler.HttpHandler - 

Request DefaultFullHttpRequest(decodeResult: success, version: HTTP/1.1, content: EmptyByteBufBE)
GET /session/44f2ae58ab05ebd5ddbd711de0d879e7/url HTTP/1.1
User-Agent: selenium/4.7.1 (java windows)
Cache-Control: no-cache
Content-Type: application/json; charset=utf-8
host: localhost:36901
accept: */*

Response DefaultHttpResponse(decodeResult: success, version: HTTP/1.1)
HTTP/1.1 200 OK
Content-Type: application/json; charset=utf-8
cache-control: no-cache
content-length: 51

14:41:03.409 [AsyncHttpClient-1-11] DEBUG org.asynchttpclient.netty.channel.ChannelManager - Adding key: http://localhost:36901 for channel [id: 0xaf3d3e61, L:/127.0.0.1:65284 - R:localhost/127.0.0.1:36901]
14:41:03.417 [Forwarding findElement on session 44f2ae58ab05ebd5ddbd711de0d879e7 to remote] DEBUG org.asynchttpclient.netty.request.NettyRequestSender - Using pooled Channel '[id: 0xaf3d3e61, L:/127.0.0.1:65284 - R:localhost/127.0.0.1:36901]' for 'POST' to 'http://localhost:36901/session/44f2ae58ab05ebd5ddbd711de0d879e7/element'
14:41:03.417 [Forwarding findElement on session 44f2ae58ab05ebd5ddbd711de0d879e7 to remote] DEBUG org.asynchttpclient.netty.request.NettyRequestSender - Using open Channel [id: 0xaf3d3e61, L:/127.0.0.1:65284 - R:localhost/127.0.0.1:36901] for POST '/session/44f2ae58ab05ebd5ddbd711de0d879e7/element'
14:41:03.433 [AsyncHttpClient-1-11] DEBUG org.asynchttpclient.netty.handler.HttpHandler - 

Request DefaultHttpRequest(decodeResult: success, version: HTTP/1.1)
POST /session/44f2ae58ab05ebd5ddbd711de0d879e7/element HTTP/1.1
User-Agent: selenium/4.7.1 (java windows)
Content-Length: 84
Content-Type: application/json; charset=utf-8
host: localhost:36901
accept: */*

Response DefaultHttpResponse(decodeResult: success, version: HTTP/1.1)
HTTP/1.1 200 OK
Content-Type: application/json; charset=utf-8
cache-control: no-cache
content-length: 94

14:41:03.441 [AsyncHttpClient-1-11] DEBUG org.asynchttpclient.netty.channel.ChannelManager - Adding key: http://localhost:36901 for channel [id: 0xaf3d3e61, L:/127.0.0.1:65284 - R:localhost/127.0.0.1:36901]
14:41:03.441 [Forwarding isElementDisplayed on session 44f2ae58ab05ebd5ddbd711de0d879e7 to remote] DEBUG org.asynchttpclient.netty.request.NettyRequestSender - Using pooled Channel '[id: 0xaf3d3e61, L:/127.0.0.1:65284 - R:localhost/127.0.0.1:36901]' for 'POST' to 'http://localhost:36901/session/44f2ae58ab05ebd5ddbd711de0d879e7/execute/sync'
14:41:03.441 [Forwarding isElementDisplayed on session 44f2ae58ab05ebd5ddbd711de0d879e7 to remote] DEBUG org.asynchttpclient.netty.request.NettyRequestSender - Using open Channel [id: 0xaf3d3e61, L:/127.0.0.1:65284 - R:localhost/127.0.0.1:36901] for POST '/session/44f2ae58ab05ebd5ddbd711de0d879e7/execute/sync'
14:41:03.465 [AsyncHttpClient-1-11] DEBUG org.asynchttpclient.netty.handler.HttpHandler - 

Request DefaultHttpRequest(decodeResult: success, version: HTTP/1.1)
POST /session/44f2ae58ab05ebd5ddbd711de0d879e7/execute/sync HTTP/1.1
User-Agent: selenium/4.7.1 (java windows)
Content-Length: 48786
Content-Type: application/json; charset=utf-8
host: localhost:36901
accept: */*

Response DefaultHttpResponse(decodeResult: success, version: HTTP/1.1)
HTTP/1.1 200 OK
Content-Type: application/json; charset=utf-8
cache-control: no-cache
content-length: 14

14:41:03.465 [AsyncHttpClient-1-11] DEBUG org.asynchttpclient.netty.channel.ChannelManager - Adding key: http://localhost:36901 for channel [id: 0xaf3d3e61, L:/127.0.0.1:65284 - R:localhost/127.0.0.1:36901]
14:41:03.465 [Forwarding isElementDisplayed on session 44f2ae58ab05ebd5ddbd711de0d879e7 to remote] DEBUG org.asynchttpclient.netty.request.NettyRequestSender - Using pooled Channel '[id: 0xaf3d3e61, L:/127.0.0.1:65284 - R:localhost/127.0.0.1:36901]' for 'POST' to 'http://localhost:36901/session/44f2ae58ab05ebd5ddbd711de0d879e7/execute/sync'
14:41:03.465 [Forwarding isElementDisplayed on session 44f2ae58ab05ebd5ddbd711de0d879e7 to remote] DEBUG org.asynchttpclient.netty.request.NettyRequestSender - Using open Channel [id: 0xaf3d3e61, L:/127.0.0.1:65284 - R:localhost/127.0.0.1:36901] for POST '/session/44f2ae58ab05ebd5ddbd711de0d879e7/execute/sync'
14:41:03.489 [AsyncHttpClient-1-11] DEBUG org.asynchttpclient.netty.handler.HttpHandler - 

Request DefaultHttpRequest(decodeResult: success, version: HTTP/1.1)
POST /session/44f2ae58ab05ebd5ddbd711de0d879e7/execute/sync HTTP/1.1
User-Agent: selenium/4.7.1 (java windows)
Content-Length: 48786
Content-Type: application/json; charset=utf-8
host: localhost:36901
accept: */*

Response DefaultHttpResponse(decodeResult: success, version: HTTP/1.1)
HTTP/1.1 200 OK
Content-Type: application/json; charset=utf-8
cache-control: no-cache
content-length: 14

14:41:03.489 [AsyncHttpClient-1-11] DEBUG org.asynchttpclient.netty.channel.ChannelManager - Adding key: http://localhost:36901 for channel [id: 0xaf3d3e61, L:/127.0.0.1:65284 - R:localhost/127.0.0.1:36901]
14:41:03.497 [Forwarding getCurrentWindowHandle on session 44f2ae58ab05ebd5ddbd711de0d879e7 to remote] DEBUG org.asynchttpclient.netty.request.NettyRequestSender - Using pooled Channel '[id: 0xaf3d3e61, L:/127.0.0.1:65284 - R:localhost/127.0.0.1:36901]' for 'GET' to 'http://localhost:36901/session/44f2ae58ab05ebd5ddbd711de0d879e7/window'
14:41:03.497 [Forwarding getCurrentWindowHandle on session 44f2ae58ab05ebd5ddbd711de0d879e7 to remote] DEBUG org.asynchttpclient.netty.request.NettyRequestSender - Using open Channel [id: 0xaf3d3e61, L:/127.0.0.1:65284 - R:localhost/127.0.0.1:36901] for GET '/session/44f2ae58ab05ebd5ddbd711de0d879e7/window'
14:41:03.497 [AsyncHttpClient-1-11] DEBUG org.asynchttpclient.netty.handler.HttpHandler - 

Request DefaultFullHttpRequest(decodeResult: success, version: HTTP/1.1, content: EmptyByteBufBE)
GET /session/44f2ae58ab05ebd5ddbd711de0d879e7/window HTTP/1.1
User-Agent: selenium/4.7.1 (java windows)
Cache-Control: no-cache
Content-Type: application/json; charset=utf-8
host: localhost:36901
accept: */*

Response DefaultHttpResponse(decodeResult: success, version: HTTP/1.1)
HTTP/1.1 200 OK
Content-Type: application/json; charset=utf-8
cache-control: no-cache
content-length: 44

14:41:03.497 [AsyncHttpClient-1-11] DEBUG org.asynchttpclient.netty.channel.ChannelManager - Adding key: http://localhost:36901 for channel [id: 0xaf3d3e61, L:/127.0.0.1:65284 - R:localhost/127.0.0.1:36901]
14:41:03.497 [Forwarding getAlertText on session 44f2ae58ab05ebd5ddbd711de0d879e7 to remote] DEBUG org.asynchttpclient.netty.request.NettyRequestSender - Using pooled Channel '[id: 0xaf3d3e61, L:/127.0.0.1:65284 - R:localhost/127.0.0.1:36901]' for 'GET' to 'http://localhost:36901/session/44f2ae58ab05ebd5ddbd711de0d879e7/alert/text'
14:41:03.497 [Forwarding getAlertText on session 44f2ae58ab05ebd5ddbd711de0d879e7 to remote] DEBUG org.asynchttpclient.netty.request.NettyRequestSender - Using open Channel [id: 0xaf3d3e61, L:/127.0.0.1:65284 - R:localhost/127.0.0.1:36901] for GET '/session/44f2ae58ab05ebd5ddbd711de0d879e7/alert/text'
14:41:03.497 [AsyncHttpClient-1-11] DEBUG org.asynchttpclient.netty.handler.HttpHandler - 

Request DefaultFullHttpRequest(decodeResult: success, version: HTTP/1.1, content: EmptyByteBufBE)
GET /session/44f2ae58ab05ebd5ddbd711de0d879e7/alert/text HTTP/1.1
User-Agent: selenium/4.7.1 (java windows)
Cache-Control: no-cache
Content-Type: application/json; charset=utf-8
host: localhost:36901
accept: */*

Response DefaultHttpResponse(decodeResult: success, version: HTTP/1.1)
HTTP/1.1 404 Not Found
Content-Type: application/json; charset=utf-8
cache-control: no-cache
content-length: 821

14:41:03.497 [AsyncHttpClient-1-11] DEBUG org.asynchttpclient.netty.channel.ChannelManager - Adding key: http://localhost:36901 for channel [id: 0xaf3d3e61, L:/127.0.0.1:65284 - R:localhost/127.0.0.1:36901]
14:41:03.505 [Forwarding switchToWindow on session 44f2ae58ab05ebd5ddbd711de0d879e7 to remote] DEBUG org.asynchttpclient.netty.request.NettyRequestSender - Using pooled Channel '[id: 0xaf3d3e61, L:/127.0.0.1:65284 - R:localhost/127.0.0.1:36901]' for 'POST' to 'http://localhost:36901/session/44f2ae58ab05ebd5ddbd711de0d879e7/window'
14:41:03.505 [Forwarding switchToWindow on session 44f2ae58ab05ebd5ddbd711de0d879e7 to remote] DEBUG org.asynchttpclient.netty.request.NettyRequestSender - Using open Channel [id: 0xaf3d3e61, L:/127.0.0.1:65284 - R:localhost/127.0.0.1:36901] for POST '/session/44f2ae58ab05ebd5ddbd711de0d879e7/window'
14:41:03.509 [AsyncHttpClient-1-11] DEBUG org.asynchttpclient.netty.handler.HttpHandler - 

Request DefaultHttpRequest(decodeResult: success, version: HTTP/1.1)
POST /session/44f2ae58ab05ebd5ddbd711de0d879e7/window HTTP/1.1
User-Agent: selenium/4.7.1 (java windows)
Content-Length: 50
Content-Type: application/json; charset=utf-8
host: localhost:36901
accept: */*

Response DefaultHttpResponse(decodeResult: success, version: HTTP/1.1)
HTTP/1.1 200 OK
Content-Type: application/json; charset=utf-8
cache-control: no-cache
content-length: 14

14:41:03.509 [AsyncHttpClient-1-11] DEBUG org.asynchttpclient.netty.channel.ChannelManager - Adding key: http://localhost:36901 for channel [id: 0xaf3d3e61, L:/127.0.0.1:65284 - R:localhost/127.0.0.1:36901]
14:41:03.509 [Forwarding getCurrentUrl on session 44f2ae58ab05ebd5ddbd711de0d879e7 to remote] DEBUG org.asynchttpclient.netty.request.NettyRequestSender - Using pooled Channel '[id: 0xaf3d3e61, L:/127.0.0.1:65284 - R:localhost/127.0.0.1:36901]' for 'GET' to 'http://localhost:36901/session/44f2ae58ab05ebd5ddbd711de0d879e7/url'
14:41:03.509 [Forwarding getCurrentUrl on session 44f2ae58ab05ebd5ddbd711de0d879e7 to remote] DEBUG org.asynchttpclient.netty.request.NettyRequestSender - Using open Channel [id: 0xaf3d3e61, L:/127.0.0.1:65284 - R:localhost/127.0.0.1:36901] for GET '/session/44f2ae58ab05ebd5ddbd711de0d879e7/url'
14:41:03.513 [AsyncHttpClient-1-11] DEBUG org.asynchttpclient.netty.handler.HttpHandler - 

Request DefaultFullHttpRequest(decodeResult: success, version: HTTP/1.1, content: EmptyByteBufBE)
GET /session/44f2ae58ab05ebd5ddbd711de0d879e7/url HTTP/1.1
User-Agent: selenium/4.7.1 (java windows)
Cache-Control: no-cache
Content-Type: application/json; charset=utf-8
host: localhost:36901
accept: */*

Response DefaultHttpResponse(decodeResult: success, version: HTTP/1.1)
HTTP/1.1 200 OK
Content-Type: application/json; charset=utf-8
cache-control: no-cache
content-length: 51

14:41:03.513 [AsyncHttpClient-1-11] DEBUG org.asynchttpclient.netty.channel.ChannelManager - Adding key: http://localhost:36901 for channel [id: 0xaf3d3e61, L:/127.0.0.1:65284 - R:localhost/127.0.0.1:36901]
14:41:03.513 [Forwarding screenshot on session 44f2ae58ab05ebd5ddbd711de0d879e7 to remote] DEBUG org.asynchttpclient.netty.request.NettyRequestSender - Using pooled Channel '[id: 0xaf3d3e61, L:/127.0.0.1:65284 - R:localhost/127.0.0.1:36901]' for 'GET' to 'http://localhost:36901/session/44f2ae58ab05ebd5ddbd711de0d879e7/screenshot'
14:41:03.513 [Forwarding screenshot on session 44f2ae58ab05ebd5ddbd711de0d879e7 to remote] DEBUG org.asynchttpclient.netty.request.NettyRequestSender - Using open Channel [id: 0xaf3d3e61, L:/127.0.0.1:65284 - R:localhost/127.0.0.1:36901] for GET '/session/44f2ae58ab05ebd5ddbd711de0d879e7/screenshot'
14:41:03.705 [AsyncHttpClient-1-11] DEBUG org.asynchttpclient.netty.handler.HttpHandler - 

Request DefaultFullHttpRequest(decodeResult: success, version: HTTP/1.1, content: EmptyByteBufBE)
GET /session/44f2ae58ab05ebd5ddbd711de0d879e7/screenshot HTTP/1.1
User-Agent: selenium/4.7.1 (java windows)
Cache-Control: no-cache
Content-Type: application/json; charset=utf-8
host: localhost:36901
accept: */*

Response DefaultHttpResponse(decodeResult: success, version: HTTP/1.1)
HTTP/1.1 200 OK
Content-Type: application/json; charset=utf-8
cache-control: no-cache
content-length: 187992

14:41:03.705 [AsyncHttpClient-1-11] DEBUG org.asynchttpclient.netty.channel.ChannelManager - Adding key: http://localhost:36901 for channel [id: 0xaf3d3e61, L:/127.0.0.1:65284 - R:localhost/127.0.0.1:36901]
14:41:03.713 [main] DEBUG net.serenitybdd.core.photography.Darkroom - Send negative for processing for target\site\serenity\e4c78ed65262137eca58a32125994c1e1e691dd9645e4aaad07967e8d2db41d5.png
14:41:03.713 [main] DEBUG net.thucydides.core.steps.StepInterceptor - STEP DONE: diHomepageSkuyPay
14:41:03.713 [main] DEBUG net.thucydides.core.steps.StepInterceptor - STARTING STEP: PDAMSteps.adminMelakukanLoginAkunUntukFiturPDAM - inputfieldemail
14:41:03.721 [Forwarding findElement on session 44f2ae58ab05ebd5ddbd711de0d879e7 to remote] DEBUG org.asynchttpclient.netty.request.NettyRequestSender - Using pooled Channel '[id: 0xaf3d3e61, L:/127.0.0.1:65284 - R:localhost/127.0.0.1:36901]' for 'POST' to 'http://localhost:36901/session/44f2ae58ab05ebd5ddbd711de0d879e7/element'
14:41:03.721 [Forwarding findElement on session 44f2ae58ab05ebd5ddbd711de0d879e7 to remote] DEBUG org.asynchttpclient.netty.request.NettyRequestSender - Using open Channel [id: 0xaf3d3e61, L:/127.0.0.1:65284 - R:localhost/127.0.0.1:36901] for POST '/session/44f2ae58ab05ebd5ddbd711de0d879e7/element'
14:41:03.729 [AsyncHttpClient-1-11] DEBUG org.asynchttpclient.netty.handler.HttpHandler - 

Request DefaultHttpRequest(decodeResult: success, version: HTTP/1.1)
POST /session/44f2ae58ab05ebd5ddbd711de0d879e7/element HTTP/1.1
User-Agent: selenium/4.7.1 (java windows)
Content-Length: 84
Content-Type: application/json; charset=utf-8
host: localhost:36901
accept: */*

Response DefaultHttpResponse(decodeResult: success, version: HTTP/1.1)
HTTP/1.1 200 OK
Content-Type: application/json; charset=utf-8
cache-control: no-cache
content-length: 94

14:41:03.729 [AsyncHttpClient-1-11] DEBUG org.asynchttpclient.netty.channel.ChannelManager - Adding key: http://localhost:36901 for channel [id: 0xaf3d3e61, L:/127.0.0.1:65284 - R:localhost/127.0.0.1:36901]
14:41:03.729 [Forwarding getElementTagName on session 44f2ae58ab05ebd5ddbd711de0d879e7 to remote] DEBUG org.asynchttpclient.netty.request.NettyRequestSender - Using pooled Channel '[id: 0xaf3d3e61, L:/127.0.0.1:65284 - R:localhost/127.0.0.1:36901]' for 'GET' to 'http://localhost:36901/session/44f2ae58ab05ebd5ddbd711de0d879e7/element/EBDD85B9772CC7D89296D39A6AA9A042_element_7/name'
14:41:03.729 [Forwarding getElementTagName on session 44f2ae58ab05ebd5ddbd711de0d879e7 to remote] DEBUG org.asynchttpclient.netty.request.NettyRequestSender - Using open Channel [id: 0xaf3d3e61, L:/127.0.0.1:65284 - R:localhost/127.0.0.1:36901] for GET '/session/44f2ae58ab05ebd5ddbd711de0d879e7/element/EBDD85B9772CC7D89296D39A6AA9A042_element_7/name'
14:41:03.737 [AsyncHttpClient-1-11] DEBUG org.asynchttpclient.netty.handler.HttpHandler - 

Request DefaultFullHttpRequest(decodeResult: success, version: HTTP/1.1, content: EmptyByteBufBE)
GET /session/44f2ae58ab05ebd5ddbd711de0d879e7/element/EBDD85B9772CC7D89296D39A6AA9A042_element_7/name HTTP/1.1
User-Agent: selenium/4.7.1 (java windows)
Cache-Control: no-cache
Content-Type: application/json; charset=utf-8
host: localhost:36901
accept: */*

Response DefaultHttpResponse(decodeResult: success, version: HTTP/1.1)
HTTP/1.1 200 OK
Content-Type: application/json; charset=utf-8
cache-control: no-cache
content-length: 17

14:41:03.737 [AsyncHttpClient-1-11] DEBUG org.asynchttpclient.netty.channel.ChannelManager - Adding key: http://localhost:36901 for channel [id: 0xaf3d3e61, L:/127.0.0.1:65284 - R:localhost/127.0.0.1:36901]
14:41:03.745 [Forwarding getElementTagName on session 44f2ae58ab05ebd5ddbd711de0d879e7 to remote] DEBUG org.asynchttpclient.netty.request.NettyRequestSender - Using pooled Channel '[id: 0xaf3d3e61, L:/127.0.0.1:65284 - R:localhost/127.0.0.1:36901]' for 'GET' to 'http://localhost:36901/session/44f2ae58ab05ebd5ddbd711de0d879e7/element/EBDD85B9772CC7D89296D39A6AA9A042_element_7/name'
14:41:03.745 [Forwarding getElementTagName on session 44f2ae58ab05ebd5ddbd711de0d879e7 to remote] DEBUG org.asynchttpclient.netty.request.NettyRequestSender - Using open Channel [id: 0xaf3d3e61, L:/127.0.0.1:65284 - R:localhost/127.0.0.1:36901] for GET '/session/44f2ae58ab05ebd5ddbd711de0d879e7/element/EBDD85B9772CC7D89296D39A6AA9A042_element_7/name'
14:41:03.745 [AsyncHttpClient-1-11] DEBUG org.asynchttpclient.netty.handler.HttpHandler - 

Request DefaultFullHttpRequest(decodeResult: success, version: HTTP/1.1, content: EmptyByteBufBE)
GET /session/44f2ae58ab05ebd5ddbd711de0d879e7/element/EBDD85B9772CC7D89296D39A6AA9A042_element_7/name HTTP/1.1
User-Agent: selenium/4.7.1 (java windows)
Cache-Control: no-cache
Content-Type: application/json; charset=utf-8
host: localhost:36901
accept: */*

Response DefaultHttpResponse(decodeResult: success, version: HTTP/1.1)
HTTP/1.1 200 OK
Content-Type: application/json; charset=utf-8
cache-control: no-cache
content-length: 17

14:41:03.745 [AsyncHttpClient-1-11] DEBUG org.asynchttpclient.netty.channel.ChannelManager - Adding key: http://localhost:36901 for channel [id: 0xaf3d3e61, L:/127.0.0.1:65284 - R:localhost/127.0.0.1:36901]
14:41:03.753 [Forwarding isElementEnabled on session 44f2ae58ab05ebd5ddbd711de0d879e7 to remote] DEBUG org.asynchttpclient.netty.request.NettyRequestSender - Using pooled Channel '[id: 0xaf3d3e61, L:/127.0.0.1:65284 - R:localhost/127.0.0.1:36901]' for 'GET' to 'http://localhost:36901/session/44f2ae58ab05ebd5ddbd711de0d879e7/element/EBDD85B9772CC7D89296D39A6AA9A042_element_7/enabled'
14:41:03.753 [Forwarding isElementEnabled on session 44f2ae58ab05ebd5ddbd711de0d879e7 to remote] DEBUG org.asynchttpclient.netty.request.NettyRequestSender - Using open Channel [id: 0xaf3d3e61, L:/127.0.0.1:65284 - R:localhost/127.0.0.1:36901] for GET '/session/44f2ae58ab05ebd5ddbd711de0d879e7/element/EBDD85B9772CC7D89296D39A6AA9A042_element_7/enabled'
14:41:03.761 [AsyncHttpClient-1-11] DEBUG org.asynchttpclient.netty.handler.HttpHandler - 

Request DefaultFullHttpRequest(decodeResult: success, version: HTTP/1.1, content: EmptyByteBufBE)
GET /session/44f2ae58ab05ebd5ddbd711de0d879e7/element/EBDD85B9772CC7D89296D39A6AA9A042_element_7/enabled HTTP/1.1
User-Agent: selenium/4.7.1 (java windows)
Cache-Control: no-cache
Content-Type: application/json; charset=utf-8
host: localhost:36901
accept: */*

Response DefaultHttpResponse(decodeResult: success, version: HTTP/1.1)
HTTP/1.1 200 OK
Content-Type: application/json; charset=utf-8
cache-control: no-cache
content-length: 14

14:41:03.761 [AsyncHttpClient-1-11] DEBUG org.asynchttpclient.netty.channel.ChannelManager - Adding key: http://localhost:36901 for channel [id: 0xaf3d3e61, L:/127.0.0.1:65284 - R:localhost/127.0.0.1:36901]
14:41:03.770 [Forwarding isElementEnabled on session 44f2ae58ab05ebd5ddbd711de0d879e7 to remote] DEBUG org.asynchttpclient.netty.request.NettyRequestSender - Using pooled Channel '[id: 0xaf3d3e61, L:/127.0.0.1:65284 - R:localhost/127.0.0.1:36901]' for 'GET' to 'http://localhost:36901/session/44f2ae58ab05ebd5ddbd711de0d879e7/element/EBDD85B9772CC7D89296D39A6AA9A042_element_7/enabled'
14:41:03.770 [Forwarding isElementEnabled on session 44f2ae58ab05ebd5ddbd711de0d879e7 to remote] DEBUG org.asynchttpclient.netty.request.NettyRequestSender - Using open Channel [id: 0xaf3d3e61, L:/127.0.0.1:65284 - R:localhost/127.0.0.1:36901] for GET '/session/44f2ae58ab05ebd5ddbd711de0d879e7/element/EBDD85B9772CC7D89296D39A6AA9A042_element_7/enabled'
14:41:03.777 [AsyncHttpClient-1-11] DEBUG org.asynchttpclient.netty.handler.HttpHandler - 

Request DefaultFullHttpRequest(decodeResult: success, version: HTTP/1.1, content: EmptyByteBufBE)
GET /session/44f2ae58ab05ebd5ddbd711de0d879e7/element/EBDD85B9772CC7D89296D39A6AA9A042_element_7/enabled HTTP/1.1
User-Agent: selenium/4.7.1 (java windows)
Cache-Control: no-cache
Content-Type: application/json; charset=utf-8
host: localhost:36901
accept: */*

Response DefaultHttpResponse(decodeResult: success, version: HTTP/1.1)
HTTP/1.1 200 OK
Content-Type: application/json; charset=utf-8
cache-control: no-cache
content-length: 14

14:41:03.777 [AsyncHttpClient-1-11] DEBUG org.asynchttpclient.netty.channel.ChannelManager - Adding key: http://localhost:36901 for channel [id: 0xaf3d3e61, L:/127.0.0.1:65284 - R:localhost/127.0.0.1:36901]
14:41:03.785 [Forwarding findElement on session 44f2ae58ab05ebd5ddbd711de0d879e7 to remote] DEBUG org.asynchttpclient.netty.request.NettyRequestSender - Using pooled Channel '[id: 0xaf3d3e61, L:/127.0.0.1:65284 - R:localhost/127.0.0.1:36901]' for 'POST' to 'http://localhost:36901/session/44f2ae58ab05ebd5ddbd711de0d879e7/element'
14:41:03.785 [Forwarding findElement on session 44f2ae58ab05ebd5ddbd711de0d879e7 to remote] DEBUG org.asynchttpclient.netty.request.NettyRequestSender - Using open Channel [id: 0xaf3d3e61, L:/127.0.0.1:65284 - R:localhost/127.0.0.1:36901] for POST '/session/44f2ae58ab05ebd5ddbd711de0d879e7/element'
14:41:03.801 [AsyncHttpClient-1-11] DEBUG org.asynchttpclient.netty.handler.HttpHandler - 

Request DefaultHttpRequest(decodeResult: success, version: HTTP/1.1)
POST /session/44f2ae58ab05ebd5ddbd711de0d879e7/element HTTP/1.1
User-Agent: selenium/4.7.1 (java windows)
Content-Length: 84
Content-Type: application/json; charset=utf-8
host: localhost:36901
accept: */*

Response DefaultHttpResponse(decodeResult: success, version: HTTP/1.1)
HTTP/1.1 200 OK
Content-Type: application/json; charset=utf-8
cache-control: no-cache
content-length: 94

14:41:03.801 [AsyncHttpClient-1-11] DEBUG org.asynchttpclient.netty.channel.ChannelManager - Adding key: http://localhost:36901 for channel [id: 0xaf3d3e61, L:/127.0.0.1:65284 - R:localhost/127.0.0.1:36901]
14:41:03.801 [Forwarding clickElement on session 44f2ae58ab05ebd5ddbd711de0d879e7 to remote] DEBUG org.asynchttpclient.netty.request.NettyRequestSender - Using pooled Channel '[id: 0xaf3d3e61, L:/127.0.0.1:65284 - R:localhost/127.0.0.1:36901]' for 'POST' to 'http://localhost:36901/session/44f2ae58ab05ebd5ddbd711de0d879e7/element/EBDD85B9772CC7D89296D39A6AA9A042_element_7/click'
14:41:03.801 [Forwarding clickElement on session 44f2ae58ab05ebd5ddbd711de0d879e7 to remote] DEBUG org.asynchttpclient.netty.request.NettyRequestSender - Using open Channel [id: 0xaf3d3e61, L:/127.0.0.1:65284 - R:localhost/127.0.0.1:36901] for POST '/session/44f2ae58ab05ebd5ddbd711de0d879e7/element/EBDD85B9772CC7D89296D39A6AA9A042_element_7/click'
14:41:03.914 [AsyncHttpClient-1-11] DEBUG org.asynchttpclient.netty.handler.HttpHandler - 

Request DefaultHttpRequest(decodeResult: success, version: HTTP/1.1)
POST /session/44f2ae58ab05ebd5ddbd711de0d879e7/element/EBDD85B9772CC7D89296D39A6AA9A042_element_7/click HTTP/1.1
User-Agent: selenium/4.7.1 (java windows)
Content-Length: 56
Content-Type: application/json; charset=utf-8
host: localhost:36901
accept: */*

Response DefaultHttpResponse(decodeResult: success, version: HTTP/1.1)
HTTP/1.1 200 OK
Content-Type: application/json; charset=utf-8
cache-control: no-cache
content-length: 14

14:41:03.914 [AsyncHttpClient-1-11] DEBUG org.asynchttpclient.netty.channel.ChannelManager - Adding key: http://localhost:36901 for channel [id: 0xaf3d3e61, L:/127.0.0.1:65284 - R:localhost/127.0.0.1:36901]
14:41:03.922 [Forwarding findElement on session 44f2ae58ab05ebd5ddbd711de0d879e7 to remote] DEBUG org.asynchttpclient.netty.request.NettyRequestSender - Using pooled Channel '[id: 0xaf3d3e61, L:/127.0.0.1:65284 - R:localhost/127.0.0.1:36901]' for 'POST' to 'http://localhost:36901/session/44f2ae58ab05ebd5ddbd711de0d879e7/element'
14:41:03.922 [Forwarding findElement on session 44f2ae58ab05ebd5ddbd711de0d879e7 to remote] DEBUG org.asynchttpclient.netty.request.NettyRequestSender - Using open Channel [id: 0xaf3d3e61, L:/127.0.0.1:65284 - R:localhost/127.0.0.1:36901] for POST '/session/44f2ae58ab05ebd5ddbd711de0d879e7/element'
14:41:03.930 [AsyncHttpClient-1-11] DEBUG org.asynchttpclient.netty.handler.HttpHandler - 

Request DefaultHttpRequest(decodeResult: success, version: HTTP/1.1)
POST /session/44f2ae58ab05ebd5ddbd711de0d879e7/element HTTP/1.1
User-Agent: selenium/4.7.1 (java windows)
Content-Length: 84
Content-Type: application/json; charset=utf-8
host: localhost:36901
accept: */*

Response DefaultHttpResponse(decodeResult: success, version: HTTP/1.1)
HTTP/1.1 200 OK
Content-Type: application/json; charset=utf-8
cache-control: no-cache
content-length: 94

14:41:03.930 [AsyncHttpClient-1-11] DEBUG org.asynchttpclient.netty.channel.ChannelManager - Adding key: http://localhost:36901 for channel [id: 0xaf3d3e61, L:/127.0.0.1:65284 - R:localhost/127.0.0.1:36901]
14:41:03.938 [Forwarding clearElement on session 44f2ae58ab05ebd5ddbd711de0d879e7 to remote] DEBUG org.asynchttpclient.netty.request.NettyRequestSender - Using pooled Channel '[id: 0xaf3d3e61, L:/127.0.0.1:65284 - R:localhost/127.0.0.1:36901]' for 'POST' to 'http://localhost:36901/session/44f2ae58ab05ebd5ddbd711de0d879e7/element/EBDD85B9772CC7D89296D39A6AA9A042_element_7/clear'
14:41:03.938 [Forwarding clearElement on session 44f2ae58ab05ebd5ddbd711de0d879e7 to remote] DEBUG org.asynchttpclient.netty.request.NettyRequestSender - Using open Channel [id: 0xaf3d3e61, L:/127.0.0.1:65284 - R:localhost/127.0.0.1:36901] for POST '/session/44f2ae58ab05ebd5ddbd711de0d879e7/element/EBDD85B9772CC7D89296D39A6AA9A042_element_7/clear'
14:41:03.986 [AsyncHttpClient-1-11] DEBUG org.asynchttpclient.netty.handler.HttpHandler - 

Request DefaultHttpRequest(decodeResult: success, version: HTTP/1.1)
POST /session/44f2ae58ab05ebd5ddbd711de0d879e7/element/EBDD85B9772CC7D89296D39A6AA9A042_element_7/clear HTTP/1.1
User-Agent: selenium/4.7.1 (java windows)
Content-Length: 56
Content-Type: application/json; charset=utf-8
host: localhost:36901
accept: */*

Response DefaultHttpResponse(decodeResult: success, version: HTTP/1.1)
HTTP/1.1 200 OK
Content-Type: application/json; charset=utf-8
cache-control: no-cache
content-length: 14

14:41:03.986 [AsyncHttpClient-1-11] DEBUG org.asynchttpclient.netty.channel.ChannelManager - Adding key: http://localhost:36901 for channel [id: 0xaf3d3e61, L:/127.0.0.1:65284 - R:localhost/127.0.0.1:36901]
14:41:03.994 [Forwarding sendKeysToElement on session 44f2ae58ab05ebd5ddbd711de0d879e7 to remote] DEBUG org.asynchttpclient.netty.request.NettyRequestSender - Using pooled Channel '[id: 0xaf3d3e61, L:/127.0.0.1:65284 - R:localhost/127.0.0.1:36901]' for 'POST' to 'http://localhost:36901/session/44f2ae58ab05ebd5ddbd711de0d879e7/element/EBDD85B9772CC7D89296D39A6AA9A042_element_7/value'
14:41:03.994 [Forwarding sendKeysToElement on session 44f2ae58ab05ebd5ddbd711de0d879e7 to remote] DEBUG org.asynchttpclient.netty.request.NettyRequestSender - Using open Channel [id: 0xaf3d3e61, L:/127.0.0.1:65284 - R:localhost/127.0.0.1:36901] for POST '/session/44f2ae58ab05ebd5ddbd711de0d879e7/element/EBDD85B9772CC7D89296D39A6AA9A042_element_7/value'
14:41:04.140 [AsyncHttpClient-1-11] DEBUG org.asynchttpclient.netty.handler.HttpHandler - 

Request DefaultHttpRequest(decodeResult: success, version: HTTP/1.1)
POST /session/44f2ae58ab05ebd5ddbd711de0d879e7/element/EBDD85B9772CC7D89296D39A6AA9A042_element_7/value HTTP/1.1
User-Agent: selenium/4.7.1 (java windows)
Content-Length: 377
Content-Type: application/json; charset=utf-8
host: localhost:36901
accept: */*

Response DefaultHttpResponse(decodeResult: success, version: HTTP/1.1)
HTTP/1.1 200 OK
Content-Type: application/json; charset=utf-8
cache-control: no-cache
content-length: 14

14:41:04.140 [AsyncHttpClient-1-11] DEBUG org.asynchttpclient.netty.channel.ChannelManager - Adding key: http://localhost:36901 for channel [id: 0xaf3d3e61, L:/127.0.0.1:65284 - R:localhost/127.0.0.1:36901]
14:41:04.148 [Forwarding getCurrentWindowHandle on session 44f2ae58ab05ebd5ddbd711de0d879e7 to remote] DEBUG org.asynchttpclient.netty.request.NettyRequestSender - Using pooled Channel '[id: 0xaf3d3e61, L:/127.0.0.1:65284 - R:localhost/127.0.0.1:36901]' for 'GET' to 'http://localhost:36901/session/44f2ae58ab05ebd5ddbd711de0d879e7/window'
14:41:04.148 [Forwarding getCurrentWindowHandle on session 44f2ae58ab05ebd5ddbd711de0d879e7 to remote] DEBUG org.asynchttpclient.netty.request.NettyRequestSender - Using open Channel [id: 0xaf3d3e61, L:/127.0.0.1:65284 - R:localhost/127.0.0.1:36901] for GET '/session/44f2ae58ab05ebd5ddbd711de0d879e7/window'
14:41:04.156 [AsyncHttpClient-1-11] DEBUG org.asynchttpclient.netty.handler.HttpHandler - 

Request DefaultFullHttpRequest(decodeResult: success, version: HTTP/1.1, content: EmptyByteBufBE)
GET /session/44f2ae58ab05ebd5ddbd711de0d879e7/window HTTP/1.1
User-Agent: selenium/4.7.1 (java windows)
Cache-Control: no-cache
Content-Type: application/json; charset=utf-8
host: localhost:36901
accept: */*

Response DefaultHttpResponse(decodeResult: success, version: HTTP/1.1)
HTTP/1.1 200 OK
Content-Type: application/json; charset=utf-8
cache-control: no-cache
content-length: 44

14:41:04.156 [AsyncHttpClient-1-11] DEBUG org.asynchttpclient.netty.channel.ChannelManager - Adding key: http://localhost:36901 for channel [id: 0xaf3d3e61, L:/127.0.0.1:65284 - R:localhost/127.0.0.1:36901]
14:41:04.157 [Forwarding getAlertText on session 44f2ae58ab05ebd5ddbd711de0d879e7 to remote] DEBUG org.asynchttpclient.netty.request.NettyRequestSender - Using pooled Channel '[id: 0xaf3d3e61, L:/127.0.0.1:65284 - R:localhost/127.0.0.1:36901]' for 'GET' to 'http://localhost:36901/session/44f2ae58ab05ebd5ddbd711de0d879e7/alert/text'
14:41:04.157 [Forwarding getAlertText on session 44f2ae58ab05ebd5ddbd711de0d879e7 to remote] DEBUG org.asynchttpclient.netty.request.NettyRequestSender - Using open Channel [id: 0xaf3d3e61, L:/127.0.0.1:65284 - R:localhost/127.0.0.1:36901] for GET '/session/44f2ae58ab05ebd5ddbd711de0d879e7/alert/text'
14:41:04.157 [AsyncHttpClient-1-11] DEBUG org.asynchttpclient.netty.handler.HttpHandler - 

Request DefaultFullHttpRequest(decodeResult: success, version: HTTP/1.1, content: EmptyByteBufBE)
GET /session/44f2ae58ab05ebd5ddbd711de0d879e7/alert/text HTTP/1.1
User-Agent: selenium/4.7.1 (java windows)
Cache-Control: no-cache
Content-Type: application/json; charset=utf-8
host: localhost:36901
accept: */*

Response DefaultHttpResponse(decodeResult: success, version: HTTP/1.1)
HTTP/1.1 404 Not Found
Content-Type: application/json; charset=utf-8
cache-control: no-cache
content-length: 821

14:41:04.157 [AsyncHttpClient-1-11] DEBUG org.asynchttpclient.netty.channel.ChannelManager - Adding key: http://localhost:36901 for channel [id: 0xaf3d3e61, L:/127.0.0.1:65284 - R:localhost/127.0.0.1:36901]
14:41:04.157 [Forwarding switchToWindow on session 44f2ae58ab05ebd5ddbd711de0d879e7 to remote] DEBUG org.asynchttpclient.netty.request.NettyRequestSender - Using pooled Channel '[id: 0xaf3d3e61, L:/127.0.0.1:65284 - R:localhost/127.0.0.1:36901]' for 'POST' to 'http://localhost:36901/session/44f2ae58ab05ebd5ddbd711de0d879e7/window'
14:41:04.157 [Forwarding switchToWindow on session 44f2ae58ab05ebd5ddbd711de0d879e7 to remote] DEBUG org.asynchttpclient.netty.request.NettyRequestSender - Using open Channel [id: 0xaf3d3e61, L:/127.0.0.1:65284 - R:localhost/127.0.0.1:36901] for POST '/session/44f2ae58ab05ebd5ddbd711de0d879e7/window'
14:41:04.157 [AsyncHttpClient-1-11] DEBUG org.asynchttpclient.netty.handler.HttpHandler - 

Request DefaultHttpRequest(decodeResult: success, version: HTTP/1.1)
POST /session/44f2ae58ab05ebd5ddbd711de0d879e7/window HTTP/1.1
User-Agent: selenium/4.7.1 (java windows)
Content-Length: 50
Content-Type: application/json; charset=utf-8
host: localhost:36901
accept: */*

Response DefaultHttpResponse(decodeResult: success, version: HTTP/1.1)
HTTP/1.1 200 OK
Content-Type: application/json; charset=utf-8
cache-control: no-cache
content-length: 14

14:41:04.157 [AsyncHttpClient-1-11] DEBUG org.asynchttpclient.netty.channel.ChannelManager - Adding key: http://localhost:36901 for channel [id: 0xaf3d3e61, L:/127.0.0.1:65284 - R:localhost/127.0.0.1:36901]
14:41:04.164 [Forwarding getCurrentUrl on session 44f2ae58ab05ebd5ddbd711de0d879e7 to remote] DEBUG org.asynchttpclient.netty.request.NettyRequestSender - Using pooled Channel '[id: 0xaf3d3e61, L:/127.0.0.1:65284 - R:localhost/127.0.0.1:36901]' for 'GET' to 'http://localhost:36901/session/44f2ae58ab05ebd5ddbd711de0d879e7/url'
14:41:04.164 [Forwarding getCurrentUrl on session 44f2ae58ab05ebd5ddbd711de0d879e7 to remote] DEBUG org.asynchttpclient.netty.request.NettyRequestSender - Using open Channel [id: 0xaf3d3e61, L:/127.0.0.1:65284 - R:localhost/127.0.0.1:36901] for GET '/session/44f2ae58ab05ebd5ddbd711de0d879e7/url'
14:41:04.164 [AsyncHttpClient-1-11] DEBUG org.asynchttpclient.netty.handler.HttpHandler - 

Request DefaultFullHttpRequest(decodeResult: success, version: HTTP/1.1, content: EmptyByteBufBE)
GET /session/44f2ae58ab05ebd5ddbd711de0d879e7/url HTTP/1.1
User-Agent: selenium/4.7.1 (java windows)
Cache-Control: no-cache
Content-Type: application/json; charset=utf-8
host: localhost:36901
accept: */*

Response DefaultHttpResponse(decodeResult: success, version: HTTP/1.1)
HTTP/1.1 200 OK
Content-Type: application/json; charset=utf-8
cache-control: no-cache
content-length: 51

14:41:04.164 [AsyncHttpClient-1-11] DEBUG org.asynchttpclient.netty.channel.ChannelManager - Adding key: http://localhost:36901 for channel [id: 0xaf3d3e61, L:/127.0.0.1:65284 - R:localhost/127.0.0.1:36901]
14:41:04.164 [Forwarding screenshot on session 44f2ae58ab05ebd5ddbd711de0d879e7 to remote] DEBUG org.asynchttpclient.netty.request.NettyRequestSender - Using pooled Channel '[id: 0xaf3d3e61, L:/127.0.0.1:65284 - R:localhost/127.0.0.1:36901]' for 'GET' to 'http://localhost:36901/session/44f2ae58ab05ebd5ddbd711de0d879e7/screenshot'
14:41:04.164 [Forwarding screenshot on session 44f2ae58ab05ebd5ddbd711de0d879e7 to remote] DEBUG org.asynchttpclient.netty.request.NettyRequestSender - Using open Channel [id: 0xaf3d3e61, L:/127.0.0.1:65284 - R:localhost/127.0.0.1:36901] for GET '/session/44f2ae58ab05ebd5ddbd711de0d879e7/screenshot'
14:41:04.196 [AsyncHttpClient-1-1] DEBUG org.asynchttpclient.netty.channel.DefaultChannelPool - Entry count for : http://localhost:65285 : 1
14:41:04.397 [AsyncHttpClient-1-11] DEBUG org.asynchttpclient.netty.handler.HttpHandler - 

Request DefaultFullHttpRequest(decodeResult: success, version: HTTP/1.1, content: EmptyByteBufBE)
GET /session/44f2ae58ab05ebd5ddbd711de0d879e7/screenshot HTTP/1.1
User-Agent: selenium/4.7.1 (java windows)
Cache-Control: no-cache
Content-Type: application/json; charset=utf-8
host: localhost:36901
accept: */*

Response DefaultHttpResponse(decodeResult: success, version: HTTP/1.1)
HTTP/1.1 200 OK
Content-Type: application/json; charset=utf-8
cache-control: no-cache
content-length: 191920

14:41:04.397 [AsyncHttpClient-1-11] DEBUG org.asynchttpclient.netty.channel.ChannelManager - Adding key: http://localhost:36901 for channel [id: 0xaf3d3e61, L:/127.0.0.1:65284 - R:localhost/127.0.0.1:36901]
14:41:04.405 [main] DEBUG net.serenitybdd.core.photography.Darkroom - Send negative for processing for target\site\serenity\016d27681ad45d2073403df84e978f4727a92e6d57d9c8bb00857f8d4513a591.png
14:41:04.405 [main] DEBUG net.thucydides.core.steps.StepInterceptor - STEP DONE: inputfieldemail
14:41:04.410 [main] DEBUG net.thucydides.core.steps.StepInterceptor - STARTING STEP: PDAMSteps.adminMelakukanLoginAkunUntukFiturPDAM - inputfieldpassword
14:41:04.413 [Forwarding findElement on session 44f2ae58ab05ebd5ddbd711de0d879e7 to remote] DEBUG org.asynchttpclient.netty.request.NettyRequestSender - Using pooled Channel '[id: 0xaf3d3e61, L:/127.0.0.1:65284 - R:localhost/127.0.0.1:36901]' for 'POST' to 'http://localhost:36901/session/44f2ae58ab05ebd5ddbd711de0d879e7/element'
14:41:04.413 [Forwarding findElement on session 44f2ae58ab05ebd5ddbd711de0d879e7 to remote] DEBUG org.asynchttpclient.netty.request.NettyRequestSender - Using open Channel [id: 0xaf3d3e61, L:/127.0.0.1:65284 - R:localhost/127.0.0.1:36901] for POST '/session/44f2ae58ab05ebd5ddbd711de0d879e7/element'
14:41:04.429 [AsyncHttpClient-1-11] DEBUG org.asynchttpclient.netty.handler.HttpHandler - 

Request DefaultHttpRequest(decodeResult: success, version: HTTP/1.1)
POST /session/44f2ae58ab05ebd5ddbd711de0d879e7/element HTTP/1.1
User-Agent: selenium/4.7.1 (java windows)
Content-Length: 105
Content-Type: application/json; charset=utf-8
host: localhost:36901
accept: */*

Response DefaultHttpResponse(decodeResult: success, version: HTTP/1.1)
HTTP/1.1 200 OK
Content-Type: application/json; charset=utf-8
cache-control: no-cache
content-length: 94

14:41:04.429 [AsyncHttpClient-1-11] DEBUG org.asynchttpclient.netty.channel.ChannelManager - Adding key: http://localhost:36901 for channel [id: 0xaf3d3e61, L:/127.0.0.1:65284 - R:localhost/127.0.0.1:36901]
14:41:04.429 [Forwarding getElementTagName on session 44f2ae58ab05ebd5ddbd711de0d879e7 to remote] DEBUG org.asynchttpclient.netty.request.NettyRequestSender - Using pooled Channel '[id: 0xaf3d3e61, L:/127.0.0.1:65284 - R:localhost/127.0.0.1:36901]' for 'GET' to 'http://localhost:36901/session/44f2ae58ab05ebd5ddbd711de0d879e7/element/EBDD85B9772CC7D89296D39A6AA9A042_element_8/name'
14:41:04.429 [Forwarding getElementTagName on session 44f2ae58ab05ebd5ddbd711de0d879e7 to remote] DEBUG org.asynchttpclient.netty.request.NettyRequestSender - Using open Channel [id: 0xaf3d3e61, L:/127.0.0.1:65284 - R:localhost/127.0.0.1:36901] for GET '/session/44f2ae58ab05ebd5ddbd711de0d879e7/element/EBDD85B9772CC7D89296D39A6AA9A042_element_8/name'
14:41:04.437 [AsyncHttpClient-1-11] DEBUG org.asynchttpclient.netty.handler.HttpHandler - 

Request DefaultFullHttpRequest(decodeResult: success, version: HTTP/1.1, content: EmptyByteBufBE)
GET /session/44f2ae58ab05ebd5ddbd711de0d879e7/element/EBDD85B9772CC7D89296D39A6AA9A042_element_8/name HTTP/1.1
User-Agent: selenium/4.7.1 (java windows)
Cache-Control: no-cache
Content-Type: application/json; charset=utf-8
host: localhost:36901
accept: */*

Response DefaultHttpResponse(decodeResult: success, version: HTTP/1.1)
HTTP/1.1 200 OK
Content-Type: application/json; charset=utf-8
cache-control: no-cache
content-length: 17

14:41:04.437 [AsyncHttpClient-1-11] DEBUG org.asynchttpclient.netty.channel.ChannelManager - Adding key: http://localhost:36901 for channel [id: 0xaf3d3e61, L:/127.0.0.1:65284 - R:localhost/127.0.0.1:36901]
14:41:04.437 [Forwarding getElementTagName on session 44f2ae58ab05ebd5ddbd711de0d879e7 to remote] DEBUG org.asynchttpclient.netty.request.NettyRequestSender - Using pooled Channel '[id: 0xaf3d3e61, L:/127.0.0.1:65284 - R:localhost/127.0.0.1:36901]' for 'GET' to 'http://localhost:36901/session/44f2ae58ab05ebd5ddbd711de0d879e7/element/EBDD85B9772CC7D89296D39A6AA9A042_element_8/name'
14:41:04.437 [Forwarding getElementTagName on session 44f2ae58ab05ebd5ddbd711de0d879e7 to remote] DEBUG org.asynchttpclient.netty.request.NettyRequestSender - Using open Channel [id: 0xaf3d3e61, L:/127.0.0.1:65284 - R:localhost/127.0.0.1:36901] for GET '/session/44f2ae58ab05ebd5ddbd711de0d879e7/element/EBDD85B9772CC7D89296D39A6AA9A042_element_8/name'
14:41:04.445 [AsyncHttpClient-1-11] DEBUG org.asynchttpclient.netty.handler.HttpHandler - 

Request DefaultFullHttpRequest(decodeResult: success, version: HTTP/1.1, content: EmptyByteBufBE)
GET /session/44f2ae58ab05ebd5ddbd711de0d879e7/element/EBDD85B9772CC7D89296D39A6AA9A042_element_8/name HTTP/1.1
User-Agent: selenium/4.7.1 (java windows)
Cache-Control: no-cache
Content-Type: application/json; charset=utf-8
host: localhost:36901
accept: */*

Response DefaultHttpResponse(decodeResult: success, version: HTTP/1.1)
HTTP/1.1 200 OK
Content-Type: application/json; charset=utf-8
cache-control: no-cache
content-length: 17

14:41:04.445 [AsyncHttpClient-1-11] DEBUG org.asynchttpclient.netty.channel.ChannelManager - Adding key: http://localhost:36901 for channel [id: 0xaf3d3e61, L:/127.0.0.1:65284 - R:localhost/127.0.0.1:36901]
14:41:04.445 [Forwarding isElementEnabled on session 44f2ae58ab05ebd5ddbd711de0d879e7 to remote] DEBUG org.asynchttpclient.netty.request.NettyRequestSender - Using pooled Channel '[id: 0xaf3d3e61, L:/127.0.0.1:65284 - R:localhost/127.0.0.1:36901]' for 'GET' to 'http://localhost:36901/session/44f2ae58ab05ebd5ddbd711de0d879e7/element/EBDD85B9772CC7D89296D39A6AA9A042_element_8/enabled'
14:41:04.445 [Forwarding isElementEnabled on session 44f2ae58ab05ebd5ddbd711de0d879e7 to remote] DEBUG org.asynchttpclient.netty.request.NettyRequestSender - Using open Channel [id: 0xaf3d3e61, L:/127.0.0.1:65284 - R:localhost/127.0.0.1:36901] for GET '/session/44f2ae58ab05ebd5ddbd711de0d879e7/element/EBDD85B9772CC7D89296D39A6AA9A042_element_8/enabled'
14:41:04.453 [AsyncHttpClient-1-11] DEBUG org.asynchttpclient.netty.handler.HttpHandler - 

Request DefaultFullHttpRequest(decodeResult: success, version: HTTP/1.1, content: EmptyByteBufBE)
GET /session/44f2ae58ab05ebd5ddbd711de0d879e7/element/EBDD85B9772CC7D89296D39A6AA9A042_element_8/enabled HTTP/1.1
User-Agent: selenium/4.7.1 (java windows)
Cache-Control: no-cache
Content-Type: application/json; charset=utf-8
host: localhost:36901
accept: */*

Response DefaultHttpResponse(decodeResult: success, version: HTTP/1.1)
HTTP/1.1 200 OK
Content-Type: application/json; charset=utf-8
cache-control: no-cache
content-length: 14

14:41:04.461 [AsyncHttpClient-1-11] DEBUG org.asynchttpclient.netty.channel.ChannelManager - Adding key: http://localhost:36901 for channel [id: 0xaf3d3e61, L:/127.0.0.1:65284 - R:localhost/127.0.0.1:36901]
14:41:04.461 [Forwarding isElementEnabled on session 44f2ae58ab05ebd5ddbd711de0d879e7 to remote] DEBUG org.asynchttpclient.netty.request.NettyRequestSender - Using pooled Channel '[id: 0xaf3d3e61, L:/127.0.0.1:65284 - R:localhost/127.0.0.1:36901]' for 'GET' to 'http://localhost:36901/session/44f2ae58ab05ebd5ddbd711de0d879e7/element/EBDD85B9772CC7D89296D39A6AA9A042_element_8/enabled'
14:41:04.461 [Forwarding isElementEnabled on session 44f2ae58ab05ebd5ddbd711de0d879e7 to remote] DEBUG org.asynchttpclient.netty.request.NettyRequestSender - Using open Channel [id: 0xaf3d3e61, L:/127.0.0.1:65284 - R:localhost/127.0.0.1:36901] for GET '/session/44f2ae58ab05ebd5ddbd711de0d879e7/element/EBDD85B9772CC7D89296D39A6AA9A042_element_8/enabled'
14:41:04.469 [AsyncHttpClient-1-11] DEBUG org.asynchttpclient.netty.handler.HttpHandler - 

Request DefaultFullHttpRequest(decodeResult: success, version: HTTP/1.1, content: EmptyByteBufBE)
GET /session/44f2ae58ab05ebd5ddbd711de0d879e7/element/EBDD85B9772CC7D89296D39A6AA9A042_element_8/enabled HTTP/1.1
User-Agent: selenium/4.7.1 (java windows)
Cache-Control: no-cache
Content-Type: application/json; charset=utf-8
host: localhost:36901
accept: */*

Response DefaultHttpResponse(decodeResult: success, version: HTTP/1.1)
HTTP/1.1 200 OK
Content-Type: application/json; charset=utf-8
cache-control: no-cache
content-length: 14

14:41:04.469 [AsyncHttpClient-1-11] DEBUG org.asynchttpclient.netty.channel.ChannelManager - Adding key: http://localhost:36901 for channel [id: 0xaf3d3e61, L:/127.0.0.1:65284 - R:localhost/127.0.0.1:36901]
14:41:04.477 [Forwarding findElement on session 44f2ae58ab05ebd5ddbd711de0d879e7 to remote] DEBUG org.asynchttpclient.netty.request.NettyRequestSender - Using pooled Channel '[id: 0xaf3d3e61, L:/127.0.0.1:65284 - R:localhost/127.0.0.1:36901]' for 'POST' to 'http://localhost:36901/session/44f2ae58ab05ebd5ddbd711de0d879e7/element'
14:41:04.477 [Forwarding findElement on session 44f2ae58ab05ebd5ddbd711de0d879e7 to remote] DEBUG org.asynchttpclient.netty.request.NettyRequestSender - Using open Channel [id: 0xaf3d3e61, L:/127.0.0.1:65284 - R:localhost/127.0.0.1:36901] for POST '/session/44f2ae58ab05ebd5ddbd711de0d879e7/element'
14:41:04.485 [AsyncHttpClient-1-11] DEBUG org.asynchttpclient.netty.handler.HttpHandler - 

Request DefaultHttpRequest(decodeResult: success, version: HTTP/1.1)
POST /session/44f2ae58ab05ebd5ddbd711de0d879e7/element HTTP/1.1
User-Agent: selenium/4.7.1 (java windows)
Content-Length: 105
Content-Type: application/json; charset=utf-8
host: localhost:36901
accept: */*

Response DefaultHttpResponse(decodeResult: success, version: HTTP/1.1)
HTTP/1.1 200 OK
Content-Type: application/json; charset=utf-8
cache-control: no-cache
content-length: 94

14:41:04.485 [AsyncHttpClient-1-11] DEBUG org.asynchttpclient.netty.channel.ChannelManager - Adding key: http://localhost:36901 for channel [id: 0xaf3d3e61, L:/127.0.0.1:65284 - R:localhost/127.0.0.1:36901]
14:41:04.485 [Forwarding clickElement on session 44f2ae58ab05ebd5ddbd711de0d879e7 to remote] DEBUG org.asynchttpclient.netty.request.NettyRequestSender - Using pooled Channel '[id: 0xaf3d3e61, L:/127.0.0.1:65284 - R:localhost/127.0.0.1:36901]' for 'POST' to 'http://localhost:36901/session/44f2ae58ab05ebd5ddbd711de0d879e7/element/EBDD85B9772CC7D89296D39A6AA9A042_element_8/click'
14:41:04.485 [Forwarding clickElement on session 44f2ae58ab05ebd5ddbd711de0d879e7 to remote] DEBUG org.asynchttpclient.netty.request.NettyRequestSender - Using open Channel [id: 0xaf3d3e61, L:/127.0.0.1:65284 - R:localhost/127.0.0.1:36901] for POST '/session/44f2ae58ab05ebd5ddbd711de0d879e7/element/EBDD85B9772CC7D89296D39A6AA9A042_element_8/click'
14:41:04.549 [AsyncHttpClient-1-11] DEBUG org.asynchttpclient.netty.handler.HttpHandler - 

Request DefaultHttpRequest(decodeResult: success, version: HTTP/1.1)
POST /session/44f2ae58ab05ebd5ddbd711de0d879e7/element/EBDD85B9772CC7D89296D39A6AA9A042_element_8/click HTTP/1.1
User-Agent: selenium/4.7.1 (java windows)
Content-Length: 56
Content-Type: application/json; charset=utf-8
host: localhost:36901
accept: */*

Response DefaultHttpResponse(decodeResult: success, version: HTTP/1.1)
HTTP/1.1 200 OK
Content-Type: application/json; charset=utf-8
cache-control: no-cache
content-length: 14

14:41:04.549 [AsyncHttpClient-1-11] DEBUG org.asynchttpclient.netty.channel.ChannelManager - Adding key: http://localhost:36901 for channel [id: 0xaf3d3e61, L:/127.0.0.1:65284 - R:localhost/127.0.0.1:36901]
14:41:04.549 [Forwarding findElement on session 44f2ae58ab05ebd5ddbd711de0d879e7 to remote] DEBUG org.asynchttpclient.netty.request.NettyRequestSender - Using pooled Channel '[id: 0xaf3d3e61, L:/127.0.0.1:65284 - R:localhost/127.0.0.1:36901]' for 'POST' to 'http://localhost:36901/session/44f2ae58ab05ebd5ddbd711de0d879e7/element'
14:41:04.549 [Forwarding findElement on session 44f2ae58ab05ebd5ddbd711de0d879e7 to remote] DEBUG org.asynchttpclient.netty.request.NettyRequestSender - Using open Channel [id: 0xaf3d3e61, L:/127.0.0.1:65284 - R:localhost/127.0.0.1:36901] for POST '/session/44f2ae58ab05ebd5ddbd711de0d879e7/element'
14:41:04.565 [AsyncHttpClient-1-11] DEBUG org.asynchttpclient.netty.handler.HttpHandler - 

Request DefaultHttpRequest(decodeResult: success, version: HTTP/1.1)
POST /session/44f2ae58ab05ebd5ddbd711de0d879e7/element HTTP/1.1
User-Agent: selenium/4.7.1 (java windows)
Content-Length: 105
Content-Type: application/json; charset=utf-8
host: localhost:36901
accept: */*

Response DefaultHttpResponse(decodeResult: success, version: HTTP/1.1)
HTTP/1.1 200 OK
Content-Type: application/json; charset=utf-8
cache-control: no-cache
content-length: 94

14:41:04.565 [AsyncHttpClient-1-11] DEBUG org.asynchttpclient.netty.channel.ChannelManager - Adding key: http://localhost:36901 for channel [id: 0xaf3d3e61, L:/127.0.0.1:65284 - R:localhost/127.0.0.1:36901]
14:41:04.565 [Forwarding clearElement on session 44f2ae58ab05ebd5ddbd711de0d879e7 to remote] DEBUG org.asynchttpclient.netty.request.NettyRequestSender - Using pooled Channel '[id: 0xaf3d3e61, L:/127.0.0.1:65284 - R:localhost/127.0.0.1:36901]' for 'POST' to 'http://localhost:36901/session/44f2ae58ab05ebd5ddbd711de0d879e7/element/EBDD85B9772CC7D89296D39A6AA9A042_element_8/clear'
14:41:04.565 [Forwarding clearElement on session 44f2ae58ab05ebd5ddbd711de0d879e7 to remote] DEBUG org.asynchttpclient.netty.request.NettyRequestSender - Using open Channel [id: 0xaf3d3e61, L:/127.0.0.1:65284 - R:localhost/127.0.0.1:36901] for POST '/session/44f2ae58ab05ebd5ddbd711de0d879e7/element/EBDD85B9772CC7D89296D39A6AA9A042_element_8/clear'
14:41:04.610 [AsyncHttpClient-1-11] DEBUG org.asynchttpclient.netty.handler.HttpHandler - 

Request DefaultHttpRequest(decodeResult: success, version: HTTP/1.1)
POST /session/44f2ae58ab05ebd5ddbd711de0d879e7/element/EBDD85B9772CC7D89296D39A6AA9A042_element_8/clear HTTP/1.1
User-Agent: selenium/4.7.1 (java windows)
Content-Length: 56
Content-Type: application/json; charset=utf-8
host: localhost:36901
accept: */*

Response DefaultHttpResponse(decodeResult: success, version: HTTP/1.1)
HTTP/1.1 200 OK
Content-Type: application/json; charset=utf-8
cache-control: no-cache
content-length: 14

14:41:04.610 [AsyncHttpClient-1-11] DEBUG org.asynchttpclient.netty.channel.ChannelManager - Adding key: http://localhost:36901 for channel [id: 0xaf3d3e61, L:/127.0.0.1:65284 - R:localhost/127.0.0.1:36901]
14:41:04.613 [Forwarding sendKeysToElement on session 44f2ae58ab05ebd5ddbd711de0d879e7 to remote] DEBUG org.asynchttpclient.netty.request.NettyRequestSender - Using pooled Channel '[id: 0xaf3d3e61, L:/127.0.0.1:65284 - R:localhost/127.0.0.1:36901]' for 'POST' to 'http://localhost:36901/session/44f2ae58ab05ebd5ddbd711de0d879e7/element/EBDD85B9772CC7D89296D39A6AA9A042_element_8/value'
14:41:04.613 [Forwarding sendKeysToElement on session 44f2ae58ab05ebd5ddbd711de0d879e7 to remote] DEBUG org.asynchttpclient.netty.request.NettyRequestSender - Using open Channel [id: 0xaf3d3e61, L:/127.0.0.1:65284 - R:localhost/127.0.0.1:36901] for POST '/session/44f2ae58ab05ebd5ddbd711de0d879e7/element/EBDD85B9772CC7D89296D39A6AA9A042_element_8/value'
14:41:04.677 [AsyncHttpClient-1-11] DEBUG org.asynchttpclient.netty.handler.HttpHandler - 

Request DefaultHttpRequest(decodeResult: success, version: HTTP/1.1)
POST /session/44f2ae58ab05ebd5ddbd711de0d879e7/element/EBDD85B9772CC7D89296D39A6AA9A042_element_8/value HTTP/1.1
User-Agent: selenium/4.7.1 (java windows)
Content-Length: 187
Content-Type: application/json; charset=utf-8
host: localhost:36901
accept: */*

Response DefaultHttpResponse(decodeResult: success, version: HTTP/1.1)
HTTP/1.1 200 OK
Content-Type: application/json; charset=utf-8
cache-control: no-cache
content-length: 14

14:41:04.677 [AsyncHttpClient-1-11] DEBUG org.asynchttpclient.netty.channel.ChannelManager - Adding key: http://localhost:36901 for channel [id: 0xaf3d3e61, L:/127.0.0.1:65284 - R:localhost/127.0.0.1:36901]
14:41:04.686 [Forwarding getCurrentWindowHandle on session 44f2ae58ab05ebd5ddbd711de0d879e7 to remote] DEBUG org.asynchttpclient.netty.request.NettyRequestSender - Using pooled Channel '[id: 0xaf3d3e61, L:/127.0.0.1:65284 - R:localhost/127.0.0.1:36901]' for 'GET' to 'http://localhost:36901/session/44f2ae58ab05ebd5ddbd711de0d879e7/window'
14:41:04.687 [Forwarding getCurrentWindowHandle on session 44f2ae58ab05ebd5ddbd711de0d879e7 to remote] DEBUG org.asynchttpclient.netty.request.NettyRequestSender - Using open Channel [id: 0xaf3d3e61, L:/127.0.0.1:65284 - R:localhost/127.0.0.1:36901] for GET '/session/44f2ae58ab05ebd5ddbd711de0d879e7/window'
14:41:04.687 [AsyncHttpClient-1-11] DEBUG org.asynchttpclient.netty.handler.HttpHandler - 

Request DefaultFullHttpRequest(decodeResult: success, version: HTTP/1.1, content: EmptyByteBufBE)
GET /session/44f2ae58ab05ebd5ddbd711de0d879e7/window HTTP/1.1
User-Agent: selenium/4.7.1 (java windows)
Cache-Control: no-cache
Content-Type: application/json; charset=utf-8
host: localhost:36901
accept: */*

Response DefaultHttpResponse(decodeResult: success, version: HTTP/1.1)
HTTP/1.1 200 OK
Content-Type: application/json; charset=utf-8
cache-control: no-cache
content-length: 44

14:41:04.688 [AsyncHttpClient-1-11] DEBUG org.asynchttpclient.netty.channel.ChannelManager - Adding key: http://localhost:36901 for channel [id: 0xaf3d3e61, L:/127.0.0.1:65284 - R:localhost/127.0.0.1:36901]
14:41:04.689 [Forwarding getAlertText on session 44f2ae58ab05ebd5ddbd711de0d879e7 to remote] DEBUG org.asynchttpclient.netty.request.NettyRequestSender - Using pooled Channel '[id: 0xaf3d3e61, L:/127.0.0.1:65284 - R:localhost/127.0.0.1:36901]' for 'GET' to 'http://localhost:36901/session/44f2ae58ab05ebd5ddbd711de0d879e7/alert/text'
14:41:04.689 [Forwarding getAlertText on session 44f2ae58ab05ebd5ddbd711de0d879e7 to remote] DEBUG org.asynchttpclient.netty.request.NettyRequestSender - Using open Channel [id: 0xaf3d3e61, L:/127.0.0.1:65284 - R:localhost/127.0.0.1:36901] for GET '/session/44f2ae58ab05ebd5ddbd711de0d879e7/alert/text'
14:41:04.691 [AsyncHttpClient-1-11] DEBUG org.asynchttpclient.netty.handler.HttpHandler - 

Request DefaultFullHttpRequest(decodeResult: success, version: HTTP/1.1, content: EmptyByteBufBE)
GET /session/44f2ae58ab05ebd5ddbd711de0d879e7/alert/text HTTP/1.1
User-Agent: selenium/4.7.1 (java windows)
Cache-Control: no-cache
Content-Type: application/json; charset=utf-8
host: localhost:36901
accept: */*

Response DefaultHttpResponse(decodeResult: success, version: HTTP/1.1)
HTTP/1.1 404 Not Found
Content-Type: application/json; charset=utf-8
cache-control: no-cache
content-length: 821

14:41:04.691 [AsyncHttpClient-1-11] DEBUG org.asynchttpclient.netty.channel.ChannelManager - Adding key: http://localhost:36901 for channel [id: 0xaf3d3e61, L:/127.0.0.1:65284 - R:localhost/127.0.0.1:36901]
14:41:04.691 [Forwarding switchToWindow on session 44f2ae58ab05ebd5ddbd711de0d879e7 to remote] DEBUG org.asynchttpclient.netty.request.NettyRequestSender - Using pooled Channel '[id: 0xaf3d3e61, L:/127.0.0.1:65284 - R:localhost/127.0.0.1:36901]' for 'POST' to 'http://localhost:36901/session/44f2ae58ab05ebd5ddbd711de0d879e7/window'
14:41:04.691 [Forwarding switchToWindow on session 44f2ae58ab05ebd5ddbd711de0d879e7 to remote] DEBUG org.asynchttpclient.netty.request.NettyRequestSender - Using open Channel [id: 0xaf3d3e61, L:/127.0.0.1:65284 - R:localhost/127.0.0.1:36901] for POST '/session/44f2ae58ab05ebd5ddbd711de0d879e7/window'
14:41:04.691 [AsyncHttpClient-1-11] DEBUG org.asynchttpclient.netty.handler.HttpHandler - 

Request DefaultHttpRequest(decodeResult: success, version: HTTP/1.1)
POST /session/44f2ae58ab05ebd5ddbd711de0d879e7/window HTTP/1.1
User-Agent: selenium/4.7.1 (java windows)
Content-Length: 50
Content-Type: application/json; charset=utf-8
host: localhost:36901
accept: */*

Response DefaultHttpResponse(decodeResult: success, version: HTTP/1.1)
HTTP/1.1 200 OK
Content-Type: application/json; charset=utf-8
cache-control: no-cache
content-length: 14

14:41:04.691 [AsyncHttpClient-1-11] DEBUG org.asynchttpclient.netty.channel.ChannelManager - Adding key: http://localhost:36901 for channel [id: 0xaf3d3e61, L:/127.0.0.1:65284 - R:localhost/127.0.0.1:36901]
14:41:04.691 [Forwarding getCurrentUrl on session 44f2ae58ab05ebd5ddbd711de0d879e7 to remote] DEBUG org.asynchttpclient.netty.request.NettyRequestSender - Using pooled Channel '[id: 0xaf3d3e61, L:/127.0.0.1:65284 - R:localhost/127.0.0.1:36901]' for 'GET' to 'http://localhost:36901/session/44f2ae58ab05ebd5ddbd711de0d879e7/url'
14:41:04.691 [Forwarding getCurrentUrl on session 44f2ae58ab05ebd5ddbd711de0d879e7 to remote] DEBUG org.asynchttpclient.netty.request.NettyRequestSender - Using open Channel [id: 0xaf3d3e61, L:/127.0.0.1:65284 - R:localhost/127.0.0.1:36901] for GET '/session/44f2ae58ab05ebd5ddbd711de0d879e7/url'
14:41:04.699 [AsyncHttpClient-1-11] DEBUG org.asynchttpclient.netty.handler.HttpHandler - 

Request DefaultFullHttpRequest(decodeResult: success, version: HTTP/1.1, content: EmptyByteBufBE)
GET /session/44f2ae58ab05ebd5ddbd711de0d879e7/url HTTP/1.1
User-Agent: selenium/4.7.1 (java windows)
Cache-Control: no-cache
Content-Type: application/json; charset=utf-8
host: localhost:36901
accept: */*

Response DefaultHttpResponse(decodeResult: success, version: HTTP/1.1)
HTTP/1.1 200 OK
Content-Type: application/json; charset=utf-8
cache-control: no-cache
content-length: 51

14:41:04.699 [AsyncHttpClient-1-11] DEBUG org.asynchttpclient.netty.channel.ChannelManager - Adding key: http://localhost:36901 for channel [id: 0xaf3d3e61, L:/127.0.0.1:65284 - R:localhost/127.0.0.1:36901]
14:41:04.699 [Forwarding screenshot on session 44f2ae58ab05ebd5ddbd711de0d879e7 to remote] DEBUG org.asynchttpclient.netty.request.NettyRequestSender - Using pooled Channel '[id: 0xaf3d3e61, L:/127.0.0.1:65284 - R:localhost/127.0.0.1:36901]' for 'GET' to 'http://localhost:36901/session/44f2ae58ab05ebd5ddbd711de0d879e7/screenshot'
14:41:04.699 [Forwarding screenshot on session 44f2ae58ab05ebd5ddbd711de0d879e7 to remote] DEBUG org.asynchttpclient.netty.request.NettyRequestSender - Using open Channel [id: 0xaf3d3e61, L:/127.0.0.1:65284 - R:localhost/127.0.0.1:36901] for GET '/session/44f2ae58ab05ebd5ddbd711de0d879e7/screenshot'
14:41:04.942 [AsyncHttpClient-1-11] DEBUG org.asynchttpclient.netty.handler.HttpHandler - 

Request DefaultFullHttpRequest(decodeResult: success, version: HTTP/1.1, content: EmptyByteBufBE)
GET /session/44f2ae58ab05ebd5ddbd711de0d879e7/screenshot HTTP/1.1
User-Agent: selenium/4.7.1 (java windows)
Cache-Control: no-cache
Content-Type: application/json; charset=utf-8
host: localhost:36901
accept: */*

Response DefaultHttpResponse(decodeResult: success, version: HTTP/1.1)
HTTP/1.1 200 OK
Content-Type: application/json; charset=utf-8
cache-control: no-cache
content-length: 192088

14:41:04.942 [AsyncHttpClient-1-11] DEBUG org.asynchttpclient.netty.channel.ChannelManager - Adding key: http://localhost:36901 for channel [id: 0xaf3d3e61, L:/127.0.0.1:65284 - R:localhost/127.0.0.1:36901]
14:41:04.950 [main] DEBUG net.serenitybdd.core.photography.Darkroom - Send negative for processing for target\site\serenity\9942ca6d24dff34b536a4faa679ac08af8c23abb3cbd7c6ff6d1c57c3c7dd528.png
14:41:04.950 [main] DEBUG net.thucydides.core.steps.StepInterceptor - STEP DONE: inputfieldpassword
14:41:04.950 [main] DEBUG net.thucydides.core.steps.StepInterceptor - STARTING STEP: PDAMSteps.adminMelakukanLoginAkunUntukFiturPDAM - klikbuttonmasuk
14:41:04.958 [Forwarding findElement on session 44f2ae58ab05ebd5ddbd711de0d879e7 to remote] DEBUG org.asynchttpclient.netty.request.NettyRequestSender - Using pooled Channel '[id: 0xaf3d3e61, L:/127.0.0.1:65284 - R:localhost/127.0.0.1:36901]' for 'POST' to 'http://localhost:36901/session/44f2ae58ab05ebd5ddbd711de0d879e7/element'
14:41:04.958 [Forwarding findElement on session 44f2ae58ab05ebd5ddbd711de0d879e7 to remote] DEBUG org.asynchttpclient.netty.request.NettyRequestSender - Using open Channel [id: 0xaf3d3e61, L:/127.0.0.1:65284 - R:localhost/127.0.0.1:36901] for POST '/session/44f2ae58ab05ebd5ddbd711de0d879e7/element'
14:41:04.982 [AsyncHttpClient-1-11] DEBUG org.asynchttpclient.netty.handler.HttpHandler - 

Request DefaultHttpRequest(decodeResult: success, version: HTTP/1.1)
POST /session/44f2ae58ab05ebd5ddbd711de0d879e7/element HTTP/1.1
User-Agent: selenium/4.7.1 (java windows)
Content-Length: 113
Content-Type: application/json; charset=utf-8
host: localhost:36901
accept: */*

Response DefaultHttpResponse(decodeResult: success, version: HTTP/1.1)
HTTP/1.1 200 OK
Content-Type: application/json; charset=utf-8
cache-control: no-cache
content-length: 94

14:41:04.982 [AsyncHttpClient-1-11] DEBUG org.asynchttpclient.netty.channel.ChannelManager - Adding key: http://localhost:36901 for channel [id: 0xaf3d3e61, L:/127.0.0.1:65284 - R:localhost/127.0.0.1:36901]
14:41:04.982 [Forwarding getElementTagName on session 44f2ae58ab05ebd5ddbd711de0d879e7 to remote] DEBUG org.asynchttpclient.netty.request.NettyRequestSender - Using pooled Channel '[id: 0xaf3d3e61, L:/127.0.0.1:65284 - R:localhost/127.0.0.1:36901]' for 'GET' to 'http://localhost:36901/session/44f2ae58ab05ebd5ddbd711de0d879e7/element/EBDD85B9772CC7D89296D39A6AA9A042_element_9/name'
14:41:04.982 [Forwarding getElementTagName on session 44f2ae58ab05ebd5ddbd711de0d879e7 to remote] DEBUG org.asynchttpclient.netty.request.NettyRequestSender - Using open Channel [id: 0xaf3d3e61, L:/127.0.0.1:65284 - R:localhost/127.0.0.1:36901] for GET '/session/44f2ae58ab05ebd5ddbd711de0d879e7/element/EBDD85B9772CC7D89296D39A6AA9A042_element_9/name'
14:41:04.990 [AsyncHttpClient-1-11] DEBUG org.asynchttpclient.netty.handler.HttpHandler - 

Request DefaultFullHttpRequest(decodeResult: success, version: HTTP/1.1, content: EmptyByteBufBE)
GET /session/44f2ae58ab05ebd5ddbd711de0d879e7/element/EBDD85B9772CC7D89296D39A6AA9A042_element_9/name HTTP/1.1
User-Agent: selenium/4.7.1 (java windows)
Cache-Control: no-cache
Content-Type: application/json; charset=utf-8
host: localhost:36901
accept: */*

Response DefaultHttpResponse(decodeResult: success, version: HTTP/1.1)
HTTP/1.1 200 OK
Content-Type: application/json; charset=utf-8
cache-control: no-cache
content-length: 18

14:41:04.998 [AsyncHttpClient-1-11] DEBUG org.asynchttpclient.netty.channel.ChannelManager - Adding key: http://localhost:36901 for channel [id: 0xaf3d3e61, L:/127.0.0.1:65284 - R:localhost/127.0.0.1:36901]
14:41:04.998 [Forwarding getElementTagName on session 44f2ae58ab05ebd5ddbd711de0d879e7 to remote] DEBUG org.asynchttpclient.netty.request.NettyRequestSender - Using pooled Channel '[id: 0xaf3d3e61, L:/127.0.0.1:65284 - R:localhost/127.0.0.1:36901]' for 'GET' to 'http://localhost:36901/session/44f2ae58ab05ebd5ddbd711de0d879e7/element/EBDD85B9772CC7D89296D39A6AA9A042_element_9/name'
14:41:04.998 [Forwarding getElementTagName on session 44f2ae58ab05ebd5ddbd711de0d879e7 to remote] DEBUG org.asynchttpclient.netty.request.NettyRequestSender - Using open Channel [id: 0xaf3d3e61, L:/127.0.0.1:65284 - R:localhost/127.0.0.1:36901] for GET '/session/44f2ae58ab05ebd5ddbd711de0d879e7/element/EBDD85B9772CC7D89296D39A6AA9A042_element_9/name'
14:41:05.006 [AsyncHttpClient-1-11] DEBUG org.asynchttpclient.netty.handler.HttpHandler - 

Request DefaultFullHttpRequest(decodeResult: success, version: HTTP/1.1, content: EmptyByteBufBE)
GET /session/44f2ae58ab05ebd5ddbd711de0d879e7/element/EBDD85B9772CC7D89296D39A6AA9A042_element_9/name HTTP/1.1
User-Agent: selenium/4.7.1 (java windows)
Cache-Control: no-cache
Content-Type: application/json; charset=utf-8
host: localhost:36901
accept: */*

Response DefaultHttpResponse(decodeResult: success, version: HTTP/1.1)
HTTP/1.1 200 OK
Content-Type: application/json; charset=utf-8
cache-control: no-cache
content-length: 18

14:41:05.006 [AsyncHttpClient-1-11] DEBUG org.asynchttpclient.netty.channel.ChannelManager - Adding key: http://localhost:36901 for channel [id: 0xaf3d3e61, L:/127.0.0.1:65284 - R:localhost/127.0.0.1:36901]
14:41:05.006 [Forwarding isElementEnabled on session 44f2ae58ab05ebd5ddbd711de0d879e7 to remote] DEBUG org.asynchttpclient.netty.request.NettyRequestSender - Using pooled Channel '[id: 0xaf3d3e61, L:/127.0.0.1:65284 - R:localhost/127.0.0.1:36901]' for 'GET' to 'http://localhost:36901/session/44f2ae58ab05ebd5ddbd711de0d879e7/element/EBDD85B9772CC7D89296D39A6AA9A042_element_9/enabled'
14:41:05.006 [Forwarding isElementEnabled on session 44f2ae58ab05ebd5ddbd711de0d879e7 to remote] DEBUG org.asynchttpclient.netty.request.NettyRequestSender - Using open Channel [id: 0xaf3d3e61, L:/127.0.0.1:65284 - R:localhost/127.0.0.1:36901] for GET '/session/44f2ae58ab05ebd5ddbd711de0d879e7/element/EBDD85B9772CC7D89296D39A6AA9A042_element_9/enabled'
14:41:05.023 [AsyncHttpClient-1-11] DEBUG org.asynchttpclient.netty.handler.HttpHandler - 

Request DefaultFullHttpRequest(decodeResult: success, version: HTTP/1.1, content: EmptyByteBufBE)
GET /session/44f2ae58ab05ebd5ddbd711de0d879e7/element/EBDD85B9772CC7D89296D39A6AA9A042_element_9/enabled HTTP/1.1
User-Agent: selenium/4.7.1 (java windows)
Cache-Control: no-cache
Content-Type: application/json; charset=utf-8
host: localhost:36901
accept: */*

Response DefaultHttpResponse(decodeResult: success, version: HTTP/1.1)
HTTP/1.1 200 OK
Content-Type: application/json; charset=utf-8
cache-control: no-cache
content-length: 14

14:41:05.023 [AsyncHttpClient-1-11] DEBUG org.asynchttpclient.netty.channel.ChannelManager - Adding key: http://localhost:36901 for channel [id: 0xaf3d3e61, L:/127.0.0.1:65284 - R:localhost/127.0.0.1:36901]
14:41:05.023 [Forwarding isElementEnabled on session 44f2ae58ab05ebd5ddbd711de0d879e7 to remote] DEBUG org.asynchttpclient.netty.request.NettyRequestSender - Using pooled Channel '[id: 0xaf3d3e61, L:/127.0.0.1:65284 - R:localhost/127.0.0.1:36901]' for 'GET' to 'http://localhost:36901/session/44f2ae58ab05ebd5ddbd711de0d879e7/element/EBDD85B9772CC7D89296D39A6AA9A042_element_9/enabled'
14:41:05.023 [Forwarding isElementEnabled on session 44f2ae58ab05ebd5ddbd711de0d879e7 to remote] DEBUG org.asynchttpclient.netty.request.NettyRequestSender - Using open Channel [id: 0xaf3d3e61, L:/127.0.0.1:65284 - R:localhost/127.0.0.1:36901] for GET '/session/44f2ae58ab05ebd5ddbd711de0d879e7/element/EBDD85B9772CC7D89296D39A6AA9A042_element_9/enabled'
14:41:05.039 [AsyncHttpClient-1-11] DEBUG org.asynchttpclient.netty.handler.HttpHandler - 

Request DefaultFullHttpRequest(decodeResult: success, version: HTTP/1.1, content: EmptyByteBufBE)
GET /session/44f2ae58ab05ebd5ddbd711de0d879e7/element/EBDD85B9772CC7D89296D39A6AA9A042_element_9/enabled HTTP/1.1
User-Agent: selenium/4.7.1 (java windows)
Cache-Control: no-cache
Content-Type: application/json; charset=utf-8
host: localhost:36901
accept: */*

Response DefaultHttpResponse(decodeResult: success, version: HTTP/1.1)
HTTP/1.1 200 OK
Content-Type: application/json; charset=utf-8
cache-control: no-cache
content-length: 14

14:41:05.039 [AsyncHttpClient-1-11] DEBUG org.asynchttpclient.netty.channel.ChannelManager - Adding key: http://localhost:36901 for channel [id: 0xaf3d3e61, L:/127.0.0.1:65284 - R:localhost/127.0.0.1:36901]
14:41:05.039 [Forwarding findElement on session 44f2ae58ab05ebd5ddbd711de0d879e7 to remote] DEBUG org.asynchttpclient.netty.request.NettyRequestSender - Using pooled Channel '[id: 0xaf3d3e61, L:/127.0.0.1:65284 - R:localhost/127.0.0.1:36901]' for 'POST' to 'http://localhost:36901/session/44f2ae58ab05ebd5ddbd711de0d879e7/element'
14:41:05.039 [Forwarding findElement on session 44f2ae58ab05ebd5ddbd711de0d879e7 to remote] DEBUG org.asynchttpclient.netty.request.NettyRequestSender - Using open Channel [id: 0xaf3d3e61, L:/127.0.0.1:65284 - R:localhost/127.0.0.1:36901] for POST '/session/44f2ae58ab05ebd5ddbd711de0d879e7/element'
14:41:05.055 [AsyncHttpClient-1-11] DEBUG org.asynchttpclient.netty.handler.HttpHandler - 

Request DefaultHttpRequest(decodeResult: success, version: HTTP/1.1)
POST /session/44f2ae58ab05ebd5ddbd711de0d879e7/element HTTP/1.1
User-Agent: selenium/4.7.1 (java windows)
Content-Length: 113
Content-Type: application/json; charset=utf-8
host: localhost:36901
accept: */*

Response DefaultHttpResponse(decodeResult: success, version: HTTP/1.1)
HTTP/1.1 200 OK
Content-Type: application/json; charset=utf-8
cache-control: no-cache
content-length: 94

14:41:05.055 [AsyncHttpClient-1-11] DEBUG org.asynchttpclient.netty.channel.ChannelManager - Adding key: http://localhost:36901 for channel [id: 0xaf3d3e61, L:/127.0.0.1:65284 - R:localhost/127.0.0.1:36901]
14:41:05.055 [Forwarding clickElement on session 44f2ae58ab05ebd5ddbd711de0d879e7 to remote] DEBUG org.asynchttpclient.netty.request.NettyRequestSender - Using pooled Channel '[id: 0xaf3d3e61, L:/127.0.0.1:65284 - R:localhost/127.0.0.1:36901]' for 'POST' to 'http://localhost:36901/session/44f2ae58ab05ebd5ddbd711de0d879e7/element/EBDD85B9772CC7D89296D39A6AA9A042_element_9/click'
14:41:05.055 [Forwarding clickElement on session 44f2ae58ab05ebd5ddbd711de0d879e7 to remote] DEBUG org.asynchttpclient.netty.request.NettyRequestSender - Using open Channel [id: 0xaf3d3e61, L:/127.0.0.1:65284 - R:localhost/127.0.0.1:36901] for POST '/session/44f2ae58ab05ebd5ddbd711de0d879e7/element/EBDD85B9772CC7D89296D39A6AA9A042_element_9/click'
14:41:05.135 [AsyncHttpClient-1-11] DEBUG org.asynchttpclient.netty.handler.HttpHandler - 

Request DefaultHttpRequest(decodeResult: success, version: HTTP/1.1)
POST /session/44f2ae58ab05ebd5ddbd711de0d879e7/element/EBDD85B9772CC7D89296D39A6AA9A042_element_9/click HTTP/1.1
User-Agent: selenium/4.7.1 (java windows)
Content-Length: 56
Content-Type: application/json; charset=utf-8
host: localhost:36901
accept: */*

Response DefaultHttpResponse(decodeResult: success, version: HTTP/1.1)
HTTP/1.1 200 OK
Content-Type: application/json; charset=utf-8
cache-control: no-cache
content-length: 14

14:41:05.135 [AsyncHttpClient-1-11] DEBUG org.asynchttpclient.netty.channel.ChannelManager - Adding key: http://localhost:36901 for channel [id: 0xaf3d3e61, L:/127.0.0.1:65284 - R:localhost/127.0.0.1:36901]
14:41:05.143 [Forwarding getCurrentWindowHandle on session 44f2ae58ab05ebd5ddbd711de0d879e7 to remote] DEBUG org.asynchttpclient.netty.request.NettyRequestSender - Using pooled Channel '[id: 0xaf3d3e61, L:/127.0.0.1:65284 - R:localhost/127.0.0.1:36901]' for 'GET' to 'http://localhost:36901/session/44f2ae58ab05ebd5ddbd711de0d879e7/window'
14:41:05.143 [Forwarding getCurrentWindowHandle on session 44f2ae58ab05ebd5ddbd711de0d879e7 to remote] DEBUG org.asynchttpclient.netty.request.NettyRequestSender - Using open Channel [id: 0xaf3d3e61, L:/127.0.0.1:65284 - R:localhost/127.0.0.1:36901] for GET '/session/44f2ae58ab05ebd5ddbd711de0d879e7/window'
14:41:05.151 [AsyncHttpClient-1-11] DEBUG org.asynchttpclient.netty.handler.HttpHandler - 

Request DefaultFullHttpRequest(decodeResult: success, version: HTTP/1.1, content: EmptyByteBufBE)
GET /session/44f2ae58ab05ebd5ddbd711de0d879e7/window HTTP/1.1
User-Agent: selenium/4.7.1 (java windows)
Cache-Control: no-cache
Content-Type: application/json; charset=utf-8
host: localhost:36901
accept: */*

Response DefaultHttpResponse(decodeResult: success, version: HTTP/1.1)
HTTP/1.1 200 OK
Content-Type: application/json; charset=utf-8
cache-control: no-cache
content-length: 44

14:41:05.151 [AsyncHttpClient-1-11] DEBUG org.asynchttpclient.netty.channel.ChannelManager - Adding key: http://localhost:36901 for channel [id: 0xaf3d3e61, L:/127.0.0.1:65284 - R:localhost/127.0.0.1:36901]
14:41:05.151 [Forwarding getAlertText on session 44f2ae58ab05ebd5ddbd711de0d879e7 to remote] DEBUG org.asynchttpclient.netty.request.NettyRequestSender - Using pooled Channel '[id: 0xaf3d3e61, L:/127.0.0.1:65284 - R:localhost/127.0.0.1:36901]' for 'GET' to 'http://localhost:36901/session/44f2ae58ab05ebd5ddbd711de0d879e7/alert/text'
14:41:05.151 [Forwarding getAlertText on session 44f2ae58ab05ebd5ddbd711de0d879e7 to remote] DEBUG org.asynchttpclient.netty.request.NettyRequestSender - Using open Channel [id: 0xaf3d3e61, L:/127.0.0.1:65284 - R:localhost/127.0.0.1:36901] for GET '/session/44f2ae58ab05ebd5ddbd711de0d879e7/alert/text'
14:41:05.151 [AsyncHttpClient-1-11] DEBUG org.asynchttpclient.netty.handler.HttpHandler - 

Request DefaultFullHttpRequest(decodeResult: success, version: HTTP/1.1, content: EmptyByteBufBE)
GET /session/44f2ae58ab05ebd5ddbd711de0d879e7/alert/text HTTP/1.1
User-Agent: selenium/4.7.1 (java windows)
Cache-Control: no-cache
Content-Type: application/json; charset=utf-8
host: localhost:36901
accept: */*

Response DefaultHttpResponse(decodeResult: success, version: HTTP/1.1)
HTTP/1.1 404 Not Found
Content-Type: application/json; charset=utf-8
cache-control: no-cache
content-length: 821

14:41:05.151 [AsyncHttpClient-1-11] DEBUG org.asynchttpclient.netty.channel.ChannelManager - Adding key: http://localhost:36901 for channel [id: 0xaf3d3e61, L:/127.0.0.1:65284 - R:localhost/127.0.0.1:36901]
14:41:05.151 [Forwarding switchToWindow on session 44f2ae58ab05ebd5ddbd711de0d879e7 to remote] DEBUG org.asynchttpclient.netty.request.NettyRequestSender - Using pooled Channel '[id: 0xaf3d3e61, L:/127.0.0.1:65284 - R:localhost/127.0.0.1:36901]' for 'POST' to 'http://localhost:36901/session/44f2ae58ab05ebd5ddbd711de0d879e7/window'
14:41:05.151 [Forwarding switchToWindow on session 44f2ae58ab05ebd5ddbd711de0d879e7 to remote] DEBUG org.asynchttpclient.netty.request.NettyRequestSender - Using open Channel [id: 0xaf3d3e61, L:/127.0.0.1:65284 - R:localhost/127.0.0.1:36901] for POST '/session/44f2ae58ab05ebd5ddbd711de0d879e7/window'
14:41:05.159 [AsyncHttpClient-1-11] DEBUG org.asynchttpclient.netty.handler.HttpHandler - 

Request DefaultHttpRequest(decodeResult: success, version: HTTP/1.1)
POST /session/44f2ae58ab05ebd5ddbd711de0d879e7/window HTTP/1.1
User-Agent: selenium/4.7.1 (java windows)
Content-Length: 50
Content-Type: application/json; charset=utf-8
host: localhost:36901
accept: */*

Response DefaultHttpResponse(decodeResult: success, version: HTTP/1.1)
HTTP/1.1 200 OK
Content-Type: application/json; charset=utf-8
cache-control: no-cache
content-length: 14

14:41:05.159 [AsyncHttpClient-1-11] DEBUG org.asynchttpclient.netty.channel.ChannelManager - Adding key: http://localhost:36901 for channel [id: 0xaf3d3e61, L:/127.0.0.1:65284 - R:localhost/127.0.0.1:36901]
14:41:05.159 [Forwarding getCurrentUrl on session 44f2ae58ab05ebd5ddbd711de0d879e7 to remote] DEBUG org.asynchttpclient.netty.request.NettyRequestSender - Using pooled Channel '[id: 0xaf3d3e61, L:/127.0.0.1:65284 - R:localhost/127.0.0.1:36901]' for 'GET' to 'http://localhost:36901/session/44f2ae58ab05ebd5ddbd711de0d879e7/url'
14:41:05.159 [Forwarding getCurrentUrl on session 44f2ae58ab05ebd5ddbd711de0d879e7 to remote] DEBUG org.asynchttpclient.netty.request.NettyRequestSender - Using open Channel [id: 0xaf3d3e61, L:/127.0.0.1:65284 - R:localhost/127.0.0.1:36901] for GET '/session/44f2ae58ab05ebd5ddbd711de0d879e7/url'
14:41:05.167 [AsyncHttpClient-1-11] DEBUG org.asynchttpclient.netty.handler.HttpHandler - 

Request DefaultFullHttpRequest(decodeResult: success, version: HTTP/1.1, content: EmptyByteBufBE)
GET /session/44f2ae58ab05ebd5ddbd711de0d879e7/url HTTP/1.1
User-Agent: selenium/4.7.1 (java windows)
Cache-Control: no-cache
Content-Type: application/json; charset=utf-8
host: localhost:36901
accept: */*

Response DefaultHttpResponse(decodeResult: success, version: HTTP/1.1)
HTTP/1.1 200 OK
Content-Type: application/json; charset=utf-8
cache-control: no-cache
content-length: 51

14:41:05.167 [AsyncHttpClient-1-11] DEBUG org.asynchttpclient.netty.channel.ChannelManager - Adding key: http://localhost:36901 for channel [id: 0xaf3d3e61, L:/127.0.0.1:65284 - R:localhost/127.0.0.1:36901]
14:41:05.167 [Forwarding screenshot on session 44f2ae58ab05ebd5ddbd711de0d879e7 to remote] DEBUG org.asynchttpclient.netty.request.NettyRequestSender - Using pooled Channel '[id: 0xaf3d3e61, L:/127.0.0.1:65284 - R:localhost/127.0.0.1:36901]' for 'GET' to 'http://localhost:36901/session/44f2ae58ab05ebd5ddbd711de0d879e7/screenshot'
14:41:05.167 [Forwarding screenshot on session 44f2ae58ab05ebd5ddbd711de0d879e7 to remote] DEBUG org.asynchttpclient.netty.request.NettyRequestSender - Using open Channel [id: 0xaf3d3e61, L:/127.0.0.1:65284 - R:localhost/127.0.0.1:36901] for GET '/session/44f2ae58ab05ebd5ddbd711de0d879e7/screenshot'
14:41:05.291 [AsyncHttpClient-1-1] DEBUG org.asynchttpclient.netty.channel.DefaultChannelPool - Entry count for : http://localhost:65285 : 1
14:41:05.379 [AsyncHttpClient-1-11] DEBUG org.asynchttpclient.netty.handler.HttpHandler - 

Request DefaultFullHttpRequest(decodeResult: success, version: HTTP/1.1, content: EmptyByteBufBE)
GET /session/44f2ae58ab05ebd5ddbd711de0d879e7/screenshot HTTP/1.1
User-Agent: selenium/4.7.1 (java windows)
Cache-Control: no-cache
Content-Type: application/json; charset=utf-8
host: localhost:36901
accept: */*

Response DefaultHttpResponse(decodeResult: success, version: HTTP/1.1)
HTTP/1.1 200 OK
Content-Type: application/json; charset=utf-8
cache-control: no-cache
content-length: 192008

14:41:05.379 [AsyncHttpClient-1-11] DEBUG org.asynchttpclient.netty.channel.ChannelManager - Adding key: http://localhost:36901 for channel [id: 0xaf3d3e61, L:/127.0.0.1:65284 - R:localhost/127.0.0.1:36901]
14:41:05.390 [main] DEBUG net.serenitybdd.core.photography.Darkroom - Send negative for processing for target\site\serenity\cd7cc94f58136a2d2b3e3c252bd27c3d3d8f5aa3b9ecea873a8beb71d8774489.png
14:41:05.391 [main] DEBUG net.thucydides.core.steps.StepInterceptor - STEP DONE: klikbuttonmasuk
  &amp#27;[32mGiven &amp#27;[0m&amp#27;[32mAdmin melakukan login akun untuk fitur PDAM&amp#27;[0m                                      &amp#27;[90m# starter.stepdefinitions.PDAMSteps.adminMelakukanLoginAkunUntukFiturPDAM()&amp#27;[0m
14:41:05.408 [main] DEBUG net.thucydides.core.steps.StepInterceptor - STARTING STEP: PDAMSteps.padaBerandaAdminKlikLayanan - klikmenulayanan
14:41:05.411 [Forwarding findElement on session 44f2ae58ab05ebd5ddbd711de0d879e7 to remote] DEBUG org.asynchttpclient.netty.request.NettyRequestSender - Using pooled Channel '[id: 0xaf3d3e61, L:/127.0.0.1:65284 - R:localhost/127.0.0.1:36901]' for 'POST' to 'http://localhost:36901/session/44f2ae58ab05ebd5ddbd711de0d879e7/element'
14:41:05.411 [Forwarding findElement on session 44f2ae58ab05ebd5ddbd711de0d879e7 to remote] DEBUG org.asynchttpclient.netty.request.NettyRequestSender - Using open Channel [id: 0xaf3d3e61, L:/127.0.0.1:65284 - R:localhost/127.0.0.1:36901] for POST '/session/44f2ae58ab05ebd5ddbd711de0d879e7/element'
14:41:06.391 [AsyncHttpClient-1-1] DEBUG org.asynchttpclient.netty.channel.DefaultChannelPool - Entry count for : http://localhost:65285 : 1
14:41:06.520 [AsyncHttpClient-1-11] DEBUG org.asynchttpclient.netty.handler.HttpHandler - 

Request DefaultHttpRequest(decodeResult: success, version: HTTP/1.1)
POST /session/44f2ae58ab05ebd5ddbd711de0d879e7/element HTTP/1.1
User-Agent: selenium/4.7.1 (java windows)
Content-Length: 178
Content-Type: application/json; charset=utf-8
host: localhost:36901
accept: */*

Response DefaultHttpResponse(decodeResult: success, version: HTTP/1.1)
HTTP/1.1 200 OK
Content-Type: application/json; charset=utf-8
cache-control: no-cache
content-length: 95

14:41:06.520 [AsyncHttpClient-1-11] DEBUG org.asynchttpclient.netty.channel.ChannelManager - Adding key: http://localhost:36901 for channel [id: 0xaf3d3e61, L:/127.0.0.1:65284 - R:localhost/127.0.0.1:36901]
14:41:06.520 [Forwarding getElementTagName on session 44f2ae58ab05ebd5ddbd711de0d879e7 to remote] DEBUG org.asynchttpclient.netty.request.NettyRequestSender - Using pooled Channel '[id: 0xaf3d3e61, L:/127.0.0.1:65284 - R:localhost/127.0.0.1:36901]' for 'GET' to 'http://localhost:36901/session/44f2ae58ab05ebd5ddbd711de0d879e7/element/EBDD85B9772CC7D89296D39A6AA9A042_element_23/name'
14:41:06.520 [Forwarding getElementTagName on session 44f2ae58ab05ebd5ddbd711de0d879e7 to remote] DEBUG org.asynchttpclient.netty.request.NettyRequestSender - Using open Channel [id: 0xaf3d3e61, L:/127.0.0.1:65284 - R:localhost/127.0.0.1:36901] for GET '/session/44f2ae58ab05ebd5ddbd711de0d879e7/element/EBDD85B9772CC7D89296D39A6AA9A042_element_23/name'
14:41:06.528 [AsyncHttpClient-1-11] DEBUG org.asynchttpclient.netty.handler.HttpHandler - 

Request DefaultFullHttpRequest(decodeResult: success, version: HTTP/1.1, content: EmptyByteBufBE)
GET /session/44f2ae58ab05ebd5ddbd711de0d879e7/element/EBDD85B9772CC7D89296D39A6AA9A042_element_23/name HTTP/1.1
User-Agent: selenium/4.7.1 (java windows)
Cache-Control: no-cache
Content-Type: application/json; charset=utf-8
host: localhost:36901
accept: */*

Response DefaultHttpResponse(decodeResult: success, version: HTTP/1.1)
HTTP/1.1 200 OK
Content-Type: application/json; charset=utf-8
cache-control: no-cache
content-length: 13

14:41:06.528 [AsyncHttpClient-1-11] DEBUG org.asynchttpclient.netty.channel.ChannelManager - Adding key: http://localhost:36901 for channel [id: 0xaf3d3e61, L:/127.0.0.1:65284 - R:localhost/127.0.0.1:36901]
14:41:06.528 [Forwarding getElementTagName on session 44f2ae58ab05ebd5ddbd711de0d879e7 to remote] DEBUG org.asynchttpclient.netty.request.NettyRequestSender - Using pooled Channel '[id: 0xaf3d3e61, L:/127.0.0.1:65284 - R:localhost/127.0.0.1:36901]' for 'GET' to 'http://localhost:36901/session/44f2ae58ab05ebd5ddbd711de0d879e7/element/EBDD85B9772CC7D89296D39A6AA9A042_element_23/name'
14:41:06.528 [Forwarding getElementTagName on session 44f2ae58ab05ebd5ddbd711de0d879e7 to remote] DEBUG org.asynchttpclient.netty.request.NettyRequestSender - Using open Channel [id: 0xaf3d3e61, L:/127.0.0.1:65284 - R:localhost/127.0.0.1:36901] for GET '/session/44f2ae58ab05ebd5ddbd711de0d879e7/element/EBDD85B9772CC7D89296D39A6AA9A042_element_23/name'
14:41:06.536 [AsyncHttpClient-1-11] DEBUG org.asynchttpclient.netty.handler.HttpHandler - 

Request DefaultFullHttpRequest(decodeResult: success, version: HTTP/1.1, content: EmptyByteBufBE)
GET /session/44f2ae58ab05ebd5ddbd711de0d879e7/element/EBDD85B9772CC7D89296D39A6AA9A042_element_23/name HTTP/1.1
User-Agent: selenium/4.7.1 (java windows)
Cache-Control: no-cache
Content-Type: application/json; charset=utf-8
host: localhost:36901
accept: */*

Response DefaultHttpResponse(decodeResult: success, version: HTTP/1.1)
HTTP/1.1 200 OK
Content-Type: application/json; charset=utf-8
cache-control: no-cache
content-length: 13

14:41:06.536 [AsyncHttpClient-1-11] DEBUG org.asynchttpclient.netty.channel.ChannelManager - Adding key: http://localhost:36901 for channel [id: 0xaf3d3e61, L:/127.0.0.1:65284 - R:localhost/127.0.0.1:36901]
14:41:06.536 [Forwarding findElement on session 44f2ae58ab05ebd5ddbd711de0d879e7 to remote] DEBUG org.asynchttpclient.netty.request.NettyRequestSender - Using pooled Channel '[id: 0xaf3d3e61, L:/127.0.0.1:65284 - R:localhost/127.0.0.1:36901]' for 'POST' to 'http://localhost:36901/session/44f2ae58ab05ebd5ddbd711de0d879e7/element'
14:41:06.536 [Forwarding findElement on session 44f2ae58ab05ebd5ddbd711de0d879e7 to remote] DEBUG org.asynchttpclient.netty.request.NettyRequestSender - Using open Channel [id: 0xaf3d3e61, L:/127.0.0.1:65284 - R:localhost/127.0.0.1:36901] for POST '/session/44f2ae58ab05ebd5ddbd711de0d879e7/element'
14:41:06.544 [AsyncHttpClient-1-11] DEBUG org.asynchttpclient.netty.handler.HttpHandler - 

Request DefaultHttpRequest(decodeResult: success, version: HTTP/1.1)
POST /session/44f2ae58ab05ebd5ddbd711de0d879e7/element HTTP/1.1
User-Agent: selenium/4.7.1 (java windows)
Content-Length: 178
Content-Type: application/json; charset=utf-8
host: localhost:36901
accept: */*

Response DefaultHttpResponse(decodeResult: success, version: HTTP/1.1)
HTTP/1.1 200 OK
Content-Type: application/json; charset=utf-8
cache-control: no-cache
content-length: 95

14:41:06.544 [AsyncHttpClient-1-11] DEBUG org.asynchttpclient.netty.channel.ChannelManager - Adding key: http://localhost:36901 for channel [id: 0xaf3d3e61, L:/127.0.0.1:65284 - R:localhost/127.0.0.1:36901]
14:41:06.552 [Forwarding clickElement on session 44f2ae58ab05ebd5ddbd711de0d879e7 to remote] DEBUG org.asynchttpclient.netty.request.NettyRequestSender - Using pooled Channel '[id: 0xaf3d3e61, L:/127.0.0.1:65284 - R:localhost/127.0.0.1:36901]' for 'POST' to 'http://localhost:36901/session/44f2ae58ab05ebd5ddbd711de0d879e7/element/EBDD85B9772CC7D89296D39A6AA9A042_element_23/click'
14:41:06.552 [Forwarding clickElement on session 44f2ae58ab05ebd5ddbd711de0d879e7 to remote] DEBUG org.asynchttpclient.netty.request.NettyRequestSender - Using open Channel [id: 0xaf3d3e61, L:/127.0.0.1:65284 - R:localhost/127.0.0.1:36901] for POST '/session/44f2ae58ab05ebd5ddbd711de0d879e7/element/EBDD85B9772CC7D89296D39A6AA9A042_element_23/click'
14:41:06.640 [AsyncHttpClient-1-11] DEBUG org.asynchttpclient.netty.handler.HttpHandler - 

Request DefaultHttpRequest(decodeResult: success, version: HTTP/1.1)
POST /session/44f2ae58ab05ebd5ddbd711de0d879e7/element/EBDD85B9772CC7D89296D39A6AA9A042_element_23/click HTTP/1.1
User-Agent: selenium/4.7.1 (java windows)
Content-Length: 57
Content-Type: application/json; charset=utf-8
host: localhost:36901
accept: */*

Response DefaultHttpResponse(decodeResult: success, version: HTTP/1.1)
HTTP/1.1 200 OK
Content-Type: application/json; charset=utf-8
cache-control: no-cache
content-length: 14

14:41:06.640 [AsyncHttpClient-1-11] DEBUG org.asynchttpclient.netty.channel.ChannelManager - Adding key: http://localhost:36901 for channel [id: 0xaf3d3e61, L:/127.0.0.1:65284 - R:localhost/127.0.0.1:36901]
14:41:06.648 [Forwarding getCurrentWindowHandle on session 44f2ae58ab05ebd5ddbd711de0d879e7 to remote] DEBUG org.asynchttpclient.netty.request.NettyRequestSender - Using pooled Channel '[id: 0xaf3d3e61, L:/127.0.0.1:65284 - R:localhost/127.0.0.1:36901]' for 'GET' to 'http://localhost:36901/session/44f2ae58ab05ebd5ddbd711de0d879e7/window'
14:41:06.648 [Forwarding getCurrentWindowHandle on session 44f2ae58ab05ebd5ddbd711de0d879e7 to remote] DEBUG org.asynchttpclient.netty.request.NettyRequestSender - Using open Channel [id: 0xaf3d3e61, L:/127.0.0.1:65284 - R:localhost/127.0.0.1:36901] for GET '/session/44f2ae58ab05ebd5ddbd711de0d879e7/window'
14:41:06.648 [AsyncHttpClient-1-11] DEBUG org.asynchttpclient.netty.handler.HttpHandler - 

Request DefaultFullHttpRequest(decodeResult: success, version: HTTP/1.1, content: EmptyByteBufBE)
GET /session/44f2ae58ab05ebd5ddbd711de0d879e7/window HTTP/1.1
User-Agent: selenium/4.7.1 (java windows)
Cache-Control: no-cache
Content-Type: application/json; charset=utf-8
host: localhost:36901
accept: */*

Response DefaultHttpResponse(decodeResult: success, version: HTTP/1.1)
HTTP/1.1 200 OK
Content-Type: application/json; charset=utf-8
cache-control: no-cache
content-length: 44

14:41:06.648 [AsyncHttpClient-1-11] DEBUG org.asynchttpclient.netty.channel.ChannelManager - Adding key: http://localhost:36901 for channel [id: 0xaf3d3e61, L:/127.0.0.1:65284 - R:localhost/127.0.0.1:36901]
14:41:06.648 [Forwarding getAlertText on session 44f2ae58ab05ebd5ddbd711de0d879e7 to remote] DEBUG org.asynchttpclient.netty.request.NettyRequestSender - Using pooled Channel '[id: 0xaf3d3e61, L:/127.0.0.1:65284 - R:localhost/127.0.0.1:36901]' for 'GET' to 'http://localhost:36901/session/44f2ae58ab05ebd5ddbd711de0d879e7/alert/text'
14:41:06.648 [Forwarding getAlertText on session 44f2ae58ab05ebd5ddbd711de0d879e7 to remote] DEBUG org.asynchttpclient.netty.request.NettyRequestSender - Using open Channel [id: 0xaf3d3e61, L:/127.0.0.1:65284 - R:localhost/127.0.0.1:36901] for GET '/session/44f2ae58ab05ebd5ddbd711de0d879e7/alert/text'
14:41:06.648 [AsyncHttpClient-1-11] DEBUG org.asynchttpclient.netty.handler.HttpHandler - 

Request DefaultFullHttpRequest(decodeResult: success, version: HTTP/1.1, content: EmptyByteBufBE)
GET /session/44f2ae58ab05ebd5ddbd711de0d879e7/alert/text HTTP/1.1
User-Agent: selenium/4.7.1 (java windows)
Cache-Control: no-cache
Content-Type: application/json; charset=utf-8
host: localhost:36901
accept: */*

Response DefaultHttpResponse(decodeResult: success, version: HTTP/1.1)
HTTP/1.1 404 Not Found
Content-Type: application/json; charset=utf-8
cache-control: no-cache
content-length: 821

14:41:06.648 [AsyncHttpClient-1-11] DEBUG org.asynchttpclient.netty.channel.ChannelManager - Adding key: http://localhost:36901 for channel [id: 0xaf3d3e61, L:/127.0.0.1:65284 - R:localhost/127.0.0.1:36901]
14:41:06.656 [Forwarding switchToWindow on session 44f2ae58ab05ebd5ddbd711de0d879e7 to remote] DEBUG org.asynchttpclient.netty.request.NettyRequestSender - Using pooled Channel '[id: 0xaf3d3e61, L:/127.0.0.1:65284 - R:localhost/127.0.0.1:36901]' for 'POST' to 'http://localhost:36901/session/44f2ae58ab05ebd5ddbd711de0d879e7/window'
14:41:06.656 [Forwarding switchToWindow on session 44f2ae58ab05ebd5ddbd711de0d879e7 to remote] DEBUG org.asynchttpclient.netty.request.NettyRequestSender - Using open Channel [id: 0xaf3d3e61, L:/127.0.0.1:65284 - R:localhost/127.0.0.1:36901] for POST '/session/44f2ae58ab05ebd5ddbd711de0d879e7/window'
14:41:06.656 [AsyncHttpClient-1-11] DEBUG org.asynchttpclient.netty.handler.HttpHandler - 

Request DefaultHttpRequest(decodeResult: success, version: HTTP/1.1)
POST /session/44f2ae58ab05ebd5ddbd711de0d879e7/window HTTP/1.1
User-Agent: selenium/4.7.1 (java windows)
Content-Length: 50
Content-Type: application/json; charset=utf-8
host: localhost:36901
accept: */*

Response DefaultHttpResponse(decodeResult: success, version: HTTP/1.1)
HTTP/1.1 200 OK
Content-Type: application/json; charset=utf-8
cache-control: no-cache
content-length: 14

14:41:06.656 [AsyncHttpClient-1-11] DEBUG org.asynchttpclient.netty.channel.ChannelManager - Adding key: http://localhost:36901 for channel [id: 0xaf3d3e61, L:/127.0.0.1:65284 - R:localhost/127.0.0.1:36901]
14:41:06.664 [Forwarding getCurrentUrl on session 44f2ae58ab05ebd5ddbd711de0d879e7 to remote] DEBUG org.asynchttpclient.netty.request.NettyRequestSender - Using pooled Channel '[id: 0xaf3d3e61, L:/127.0.0.1:65284 - R:localhost/127.0.0.1:36901]' for 'GET' to 'http://localhost:36901/session/44f2ae58ab05ebd5ddbd711de0d879e7/url'
14:41:06.664 [Forwarding getCurrentUrl on session 44f2ae58ab05ebd5ddbd711de0d879e7 to remote] DEBUG org.asynchttpclient.netty.request.NettyRequestSender - Using open Channel [id: 0xaf3d3e61, L:/127.0.0.1:65284 - R:localhost/127.0.0.1:36901] for GET '/session/44f2ae58ab05ebd5ddbd711de0d879e7/url'
14:41:06.672 [AsyncHttpClient-1-11] DEBUG org.asynchttpclient.netty.handler.HttpHandler - 

Request DefaultFullHttpRequest(decodeResult: success, version: HTTP/1.1, content: EmptyByteBufBE)
GET /session/44f2ae58ab05ebd5ddbd711de0d879e7/url HTTP/1.1
User-Agent: selenium/4.7.1 (java windows)
Cache-Control: no-cache
Content-Type: application/json; charset=utf-8
host: localhost:36901
accept: */*

Response DefaultHttpResponse(decodeResult: success, version: HTTP/1.1)
HTTP/1.1 200 OK
Content-Type: application/json; charset=utf-8
cache-control: no-cache
content-length: 53

14:41:06.672 [AsyncHttpClient-1-11] DEBUG org.asynchttpclient.netty.channel.ChannelManager - Adding key: http://localhost:36901 for channel [id: 0xaf3d3e61, L:/127.0.0.1:65284 - R:localhost/127.0.0.1:36901]
14:41:06.672 [Forwarding screenshot on session 44f2ae58ab05ebd5ddbd711de0d879e7 to remote] DEBUG org.asynchttpclient.netty.request.NettyRequestSender - Using pooled Channel '[id: 0xaf3d3e61, L:/127.0.0.1:65284 - R:localhost/127.0.0.1:36901]' for 'GET' to 'http://localhost:36901/session/44f2ae58ab05ebd5ddbd711de0d879e7/screenshot'
14:41:06.672 [Forwarding screenshot on session 44f2ae58ab05ebd5ddbd711de0d879e7 to remote] DEBUG org.asynchttpclient.netty.request.NettyRequestSender - Using open Channel [id: 0xaf3d3e61, L:/127.0.0.1:65284 - R:localhost/127.0.0.1:36901] for GET '/session/44f2ae58ab05ebd5ddbd711de0d879e7/screenshot'
14:41:06.799 [AsyncHttpClient-1-11] DEBUG org.asynchttpclient.netty.handler.HttpHandler - 

Request DefaultFullHttpRequest(decodeResult: success, version: HTTP/1.1, content: EmptyByteBufBE)
GET /session/44f2ae58ab05ebd5ddbd711de0d879e7/screenshot HTTP/1.1
User-Agent: selenium/4.7.1 (java windows)
Cache-Control: no-cache
Content-Type: application/json; charset=utf-8
host: localhost:36901
accept: */*

Response DefaultHttpResponse(decodeResult: success, version: HTTP/1.1)
HTTP/1.1 200 OK
Content-Type: application/json; charset=utf-8
cache-control: no-cache
content-length: 31848

14:41:06.799 [AsyncHttpClient-1-11] DEBUG org.asynchttpclient.netty.channel.ChannelManager - Adding key: http://localhost:36901 for channel [id: 0xaf3d3e61, L:/127.0.0.1:65284 - R:localhost/127.0.0.1:36901]
14:41:06.799 [main] DEBUG net.serenitybdd.core.photography.Darkroom - Send negative for processing for target\site\serenity\33e8f57335b1960e58094d60d0b26c9cd7668ab2322528377c9c3a38aab1a522.png
14:41:06.799 [main] DEBUG net.thucydides.core.steps.StepInterceptor - STEP DONE: klikmenulayanan
14:41:06.799 [Darkroom Processing Line] DEBUG net.serenitybdd.core.photography.DarkroomProcessingLine - Processing screenshot image in /var/screenshots/screenshot-10295069066280700599
14:41:06.799 [Darkroom Processing Line] DEBUG net.serenitybdd.core.photography.DarkroomProcessingLine - Saving screenshot to target\site\serenity\33e8f57335b1960e58094d60d0b26c9cd7668ab2322528377c9c3a38aab1a522.png
  &amp#27;[32mWhen &amp#27;[0m&amp#27;[32mPada Beranda, Admin klik Layanan&amp#27;[0m                                                  &amp#27;[90m# starter.stepdefinitions.PDAMSteps.padaBerandaAdminKlikLayanan()&amp#27;[0m
14:41:06.823 [main] DEBUG net.thucydides.core.steps.StepInterceptor - STARTING STEP: PDAMSteps.adminKlikPDAM - klikpdam
14:41:06.823 [Forwarding findElement on session 44f2ae58ab05ebd5ddbd711de0d879e7 to remote] DEBUG org.asynchttpclient.netty.request.NettyRequestSender - Using pooled Channel '[id: 0xaf3d3e61, L:/127.0.0.1:65284 - R:localhost/127.0.0.1:36901]' for 'POST' to 'http://localhost:36901/session/44f2ae58ab05ebd5ddbd711de0d879e7/element'
14:41:06.823 [Forwarding findElement on session 44f2ae58ab05ebd5ddbd711de0d879e7 to remote] DEBUG org.asynchttpclient.netty.request.NettyRequestSender - Using open Channel [id: 0xaf3d3e61, L:/127.0.0.1:65284 - R:localhost/127.0.0.1:36901] for POST '/session/44f2ae58ab05ebd5ddbd711de0d879e7/element'
14:41:06.839 [AsyncHttpClient-1-11] DEBUG org.asynchttpclient.netty.handler.HttpHandler - 

Request DefaultHttpRequest(decodeResult: success, version: HTTP/1.1)
POST /session/44f2ae58ab05ebd5ddbd711de0d879e7/element HTTP/1.1
User-Agent: selenium/4.7.1 (java windows)
Content-Length: 96
Content-Type: application/json; charset=utf-8
host: localhost:36901
accept: */*

Response DefaultHttpResponse(decodeResult: success, version: HTTP/1.1)
HTTP/1.1 200 OK
Content-Type: application/json; charset=utf-8
cache-control: no-cache
content-length: 95

14:41:06.839 [AsyncHttpClient-1-11] DEBUG org.asynchttpclient.netty.channel.ChannelManager - Adding key: http://localhost:36901 for channel [id: 0xaf3d3e61, L:/127.0.0.1:65284 - R:localhost/127.0.0.1:36901]
14:41:06.847 [Forwarding getElementTagName on session 44f2ae58ab05ebd5ddbd711de0d879e7 to remote] DEBUG org.asynchttpclient.netty.request.NettyRequestSender - Using pooled Channel '[id: 0xaf3d3e61, L:/127.0.0.1:65284 - R:localhost/127.0.0.1:36901]' for 'GET' to 'http://localhost:36901/session/44f2ae58ab05ebd5ddbd711de0d879e7/element/EBDD85B9772CC7D89296D39A6AA9A042_element_25/name'
14:41:06.847 [Forwarding getElementTagName on session 44f2ae58ab05ebd5ddbd711de0d879e7 to remote] DEBUG org.asynchttpclient.netty.request.NettyRequestSender - Using open Channel [id: 0xaf3d3e61, L:/127.0.0.1:65284 - R:localhost/127.0.0.1:36901] for GET '/session/44f2ae58ab05ebd5ddbd711de0d879e7/element/EBDD85B9772CC7D89296D39A6AA9A042_element_25/name'
14:41:06.847 [AsyncHttpClient-1-11] DEBUG org.asynchttpclient.netty.handler.HttpHandler - 

Request DefaultFullHttpRequest(decodeResult: success, version: HTTP/1.1, content: EmptyByteBufBE)
GET /session/44f2ae58ab05ebd5ddbd711de0d879e7/element/EBDD85B9772CC7D89296D39A6AA9A042_element_25/name HTTP/1.1
User-Agent: selenium/4.7.1 (java windows)
Cache-Control: no-cache
Content-Type: application/json; charset=utf-8
host: localhost:36901
accept: */*

Response DefaultHttpResponse(decodeResult: success, version: HTTP/1.1)
HTTP/1.1 200 OK
Content-Type: application/json; charset=utf-8
cache-control: no-cache
content-length: 13

14:41:06.847 [AsyncHttpClient-1-11] DEBUG org.asynchttpclient.netty.channel.ChannelManager - Adding key: http://localhost:36901 for channel [id: 0xaf3d3e61, L:/127.0.0.1:65284 - R:localhost/127.0.0.1:36901]
14:41:06.855 [Forwarding getElementTagName on session 44f2ae58ab05ebd5ddbd711de0d879e7 to remote] DEBUG org.asynchttpclient.netty.request.NettyRequestSender - Using pooled Channel '[id: 0xaf3d3e61, L:/127.0.0.1:65284 - R:localhost/127.0.0.1:36901]' for 'GET' to 'http://localhost:36901/session/44f2ae58ab05ebd5ddbd711de0d879e7/element/EBDD85B9772CC7D89296D39A6AA9A042_element_25/name'
14:41:06.855 [Forwarding getElementTagName on session 44f2ae58ab05ebd5ddbd711de0d879e7 to remote] DEBUG org.asynchttpclient.netty.request.NettyRequestSender - Using open Channel [id: 0xaf3d3e61, L:/127.0.0.1:65284 - R:localhost/127.0.0.1:36901] for GET '/session/44f2ae58ab05ebd5ddbd711de0d879e7/element/EBDD85B9772CC7D89296D39A6AA9A042_element_25/name'
14:41:06.855 [AsyncHttpClient-1-11] DEBUG org.asynchttpclient.netty.handler.HttpHandler - 

Request DefaultFullHttpRequest(decodeResult: success, version: HTTP/1.1, content: EmptyByteBufBE)
GET /session/44f2ae58ab05ebd5ddbd711de0d879e7/element/EBDD85B9772CC7D89296D39A6AA9A042_element_25/name HTTP/1.1
User-Agent: selenium/4.7.1 (java windows)
Cache-Control: no-cache
Content-Type: application/json; charset=utf-8
host: localhost:36901
accept: */*

Response DefaultHttpResponse(decodeResult: success, version: HTTP/1.1)
HTTP/1.1 200 OK
Content-Type: application/json; charset=utf-8
cache-control: no-cache
content-length: 13

14:41:06.855 [AsyncHttpClient-1-11] DEBUG org.asynchttpclient.netty.channel.ChannelManager - Adding key: http://localhost:36901 for channel [id: 0xaf3d3e61, L:/127.0.0.1:65284 - R:localhost/127.0.0.1:36901]
14:41:06.863 [Forwarding findElement on session 44f2ae58ab05ebd5ddbd711de0d879e7 to remote] DEBUG org.asynchttpclient.netty.request.NettyRequestSender - Using pooled Channel '[id: 0xaf3d3e61, L:/127.0.0.1:65284 - R:localhost/127.0.0.1:36901]' for 'POST' to 'http://localhost:36901/session/44f2ae58ab05ebd5ddbd711de0d879e7/element'
14:41:06.863 [Forwarding findElement on session 44f2ae58ab05ebd5ddbd711de0d879e7 to remote] DEBUG org.asynchttpclient.netty.request.NettyRequestSender - Using open Channel [id: 0xaf3d3e61, L:/127.0.0.1:65284 - R:localhost/127.0.0.1:36901] for POST '/session/44f2ae58ab05ebd5ddbd711de0d879e7/element'
14:41:06.871 [AsyncHttpClient-1-11] DEBUG org.asynchttpclient.netty.handler.HttpHandler - 

Request DefaultHttpRequest(decodeResult: success, version: HTTP/1.1)
POST /session/44f2ae58ab05ebd5ddbd711de0d879e7/element HTTP/1.1
User-Agent: selenium/4.7.1 (java windows)
Content-Length: 96
Content-Type: application/json; charset=utf-8
host: localhost:36901
accept: */*

Response DefaultHttpResponse(decodeResult: success, version: HTTP/1.1)
HTTP/1.1 200 OK
Content-Type: application/json; charset=utf-8
cache-control: no-cache
content-length: 95

14:41:06.871 [AsyncHttpClient-1-11] DEBUG org.asynchttpclient.netty.channel.ChannelManager - Adding key: http://localhost:36901 for channel [id: 0xaf3d3e61, L:/127.0.0.1:65284 - R:localhost/127.0.0.1:36901]
14:41:06.871 [Forwarding clickElement on session 44f2ae58ab05ebd5ddbd711de0d879e7 to remote] DEBUG org.asynchttpclient.netty.request.NettyRequestSender - Using pooled Channel '[id: 0xaf3d3e61, L:/127.0.0.1:65284 - R:localhost/127.0.0.1:36901]' for 'POST' to 'http://localhost:36901/session/44f2ae58ab05ebd5ddbd711de0d879e7/element/EBDD85B9772CC7D89296D39A6AA9A042_element_25/click'
14:41:06.871 [Forwarding clickElement on session 44f2ae58ab05ebd5ddbd711de0d879e7 to remote] DEBUG org.asynchttpclient.netty.request.NettyRequestSender - Using open Channel [id: 0xaf3d3e61, L:/127.0.0.1:65284 - R:localhost/127.0.0.1:36901] for POST '/session/44f2ae58ab05ebd5ddbd711de0d879e7/element/EBDD85B9772CC7D89296D39A6AA9A042_element_25/click'
14:41:06.959 [AsyncHttpClient-1-11] DEBUG org.asynchttpclient.netty.handler.HttpHandler - 

Request DefaultHttpRequest(decodeResult: success, version: HTTP/1.1)
POST /session/44f2ae58ab05ebd5ddbd711de0d879e7/element/EBDD85B9772CC7D89296D39A6AA9A042_element_25/click HTTP/1.1
User-Agent: selenium/4.7.1 (java windows)
Content-Length: 57
Content-Type: application/json; charset=utf-8
host: localhost:36901
accept: */*

Response DefaultHttpResponse(decodeResult: success, version: HTTP/1.1)
HTTP/1.1 200 OK
Content-Type: application/json; charset=utf-8
cache-control: no-cache
content-length: 14

14:41:06.959 [AsyncHttpClient-1-11] DEBUG org.asynchttpclient.netty.channel.ChannelManager - Adding key: http://localhost:36901 for channel [id: 0xaf3d3e61, L:/127.0.0.1:65284 - R:localhost/127.0.0.1:36901]
14:41:06.967 [Forwarding getCurrentWindowHandle on session 44f2ae58ab05ebd5ddbd711de0d879e7 to remote] DEBUG org.asynchttpclient.netty.request.NettyRequestSender - Using pooled Channel '[id: 0xaf3d3e61, L:/127.0.0.1:65284 - R:localhost/127.0.0.1:36901]' for 'GET' to 'http://localhost:36901/session/44f2ae58ab05ebd5ddbd711de0d879e7/window'
14:41:06.967 [Forwarding getCurrentWindowHandle on session 44f2ae58ab05ebd5ddbd711de0d879e7 to remote] DEBUG org.asynchttpclient.netty.request.NettyRequestSender - Using open Channel [id: 0xaf3d3e61, L:/127.0.0.1:65284 - R:localhost/127.0.0.1:36901] for GET '/session/44f2ae58ab05ebd5ddbd711de0d879e7/window'
14:41:06.967 [AsyncHttpClient-1-11] DEBUG org.asynchttpclient.netty.handler.HttpHandler - 

Request DefaultFullHttpRequest(decodeResult: success, version: HTTP/1.1, content: EmptyByteBufBE)
GET /session/44f2ae58ab05ebd5ddbd711de0d879e7/window HTTP/1.1
User-Agent: selenium/4.7.1 (java windows)
Cache-Control: no-cache
Content-Type: application/json; charset=utf-8
host: localhost:36901
accept: */*

Response DefaultHttpResponse(decodeResult: success, version: HTTP/1.1)
HTTP/1.1 200 OK
Content-Type: application/json; charset=utf-8
cache-control: no-cache
content-length: 44

14:41:06.967 [AsyncHttpClient-1-11] DEBUG org.asynchttpclient.netty.channel.ChannelManager - Adding key: http://localhost:36901 for channel [id: 0xaf3d3e61, L:/127.0.0.1:65284 - R:localhost/127.0.0.1:36901]
14:41:06.975 [Forwarding getAlertText on session 44f2ae58ab05ebd5ddbd711de0d879e7 to remote] DEBUG org.asynchttpclient.netty.request.NettyRequestSender - Using pooled Channel '[id: 0xaf3d3e61, L:/127.0.0.1:65284 - R:localhost/127.0.0.1:36901]' for 'GET' to 'http://localhost:36901/session/44f2ae58ab05ebd5ddbd711de0d879e7/alert/text'
14:41:06.975 [Forwarding getAlertText on session 44f2ae58ab05ebd5ddbd711de0d879e7 to remote] DEBUG org.asynchttpclient.netty.request.NettyRequestSender - Using open Channel [id: 0xaf3d3e61, L:/127.0.0.1:65284 - R:localhost/127.0.0.1:36901] for GET '/session/44f2ae58ab05ebd5ddbd711de0d879e7/alert/text'
14:41:06.975 [AsyncHttpClient-1-11] DEBUG org.asynchttpclient.netty.handler.HttpHandler - 

Request DefaultFullHttpRequest(decodeResult: success, version: HTTP/1.1, content: EmptyByteBufBE)
GET /session/44f2ae58ab05ebd5ddbd711de0d879e7/alert/text HTTP/1.1
User-Agent: selenium/4.7.1 (java windows)
Cache-Control: no-cache
Content-Type: application/json; charset=utf-8
host: localhost:36901
accept: */*

Response DefaultHttpResponse(decodeResult: success, version: HTTP/1.1)
HTTP/1.1 404 Not Found
Content-Type: application/json; charset=utf-8
cache-control: no-cache
content-length: 821

14:41:06.975 [AsyncHttpClient-1-11] DEBUG org.asynchttpclient.netty.channel.ChannelManager - Adding key: http://localhost:36901 for channel [id: 0xaf3d3e61, L:/127.0.0.1:65284 - R:localhost/127.0.0.1:36901]
14:41:06.975 [Forwarding switchToWindow on session 44f2ae58ab05ebd5ddbd711de0d879e7 to remote] DEBUG org.asynchttpclient.netty.request.NettyRequestSender - Using pooled Channel '[id: 0xaf3d3e61, L:/127.0.0.1:65284 - R:localhost/127.0.0.1:36901]' for 'POST' to 'http://localhost:36901/session/44f2ae58ab05ebd5ddbd711de0d879e7/window'
14:41:06.975 [Forwarding switchToWindow on session 44f2ae58ab05ebd5ddbd711de0d879e7 to remote] DEBUG org.asynchttpclient.netty.request.NettyRequestSender - Using open Channel [id: 0xaf3d3e61, L:/127.0.0.1:65284 - R:localhost/127.0.0.1:36901] for POST '/session/44f2ae58ab05ebd5ddbd711de0d879e7/window'
14:41:06.975 [AsyncHttpClient-1-11] DEBUG org.asynchttpclient.netty.handler.HttpHandler - 

Request DefaultHttpRequest(decodeResult: success, version: HTTP/1.1)
POST /session/44f2ae58ab05ebd5ddbd711de0d879e7/window HTTP/1.1
User-Agent: selenium/4.7.1 (java windows)
Content-Length: 50
Content-Type: application/json; charset=utf-8
host: localhost:36901
accept: */*

Response DefaultHttpResponse(decodeResult: success, version: HTTP/1.1)
HTTP/1.1 200 OK
Content-Type: application/json; charset=utf-8
cache-control: no-cache
content-length: 14

14:41:06.975 [AsyncHttpClient-1-11] DEBUG org.asynchttpclient.netty.channel.ChannelManager - Adding key: http://localhost:36901 for channel [id: 0xaf3d3e61, L:/127.0.0.1:65284 - R:localhost/127.0.0.1:36901]
14:41:06.983 [Forwarding getCurrentUrl on session 44f2ae58ab05ebd5ddbd711de0d879e7 to remote] DEBUG org.asynchttpclient.netty.request.NettyRequestSender - Using pooled Channel '[id: 0xaf3d3e61, L:/127.0.0.1:65284 - R:localhost/127.0.0.1:36901]' for 'GET' to 'http://localhost:36901/session/44f2ae58ab05ebd5ddbd711de0d879e7/url'
14:41:06.983 [Forwarding getCurrentUrl on session 44f2ae58ab05ebd5ddbd711de0d879e7 to remote] DEBUG org.asynchttpclient.netty.request.NettyRequestSender - Using open Channel [id: 0xaf3d3e61, L:/127.0.0.1:65284 - R:localhost/127.0.0.1:36901] for GET '/session/44f2ae58ab05ebd5ddbd711de0d879e7/url'
14:41:06.989 [AsyncHttpClient-1-11] DEBUG org.asynchttpclient.netty.handler.HttpHandler - 

Request DefaultFullHttpRequest(decodeResult: success, version: HTTP/1.1, content: EmptyByteBufBE)
GET /session/44f2ae58ab05ebd5ddbd711de0d879e7/url HTTP/1.1
User-Agent: selenium/4.7.1 (java windows)
Cache-Control: no-cache
Content-Type: application/json; charset=utf-8
host: localhost:36901
accept: */*

Response DefaultHttpResponse(decodeResult: success, version: HTTP/1.1)
HTTP/1.1 200 OK
Content-Type: application/json; charset=utf-8
cache-control: no-cache
content-length: 58

14:41:06.989 [AsyncHttpClient-1-11] DEBUG org.asynchttpclient.netty.channel.ChannelManager - Adding key: http://localhost:36901 for channel [id: 0xaf3d3e61, L:/127.0.0.1:65284 - R:localhost/127.0.0.1:36901]
14:41:06.990 [Forwarding screenshot on session 44f2ae58ab05ebd5ddbd711de0d879e7 to remote] DEBUG org.asynchttpclient.netty.request.NettyRequestSender - Using pooled Channel '[id: 0xaf3d3e61, L:/127.0.0.1:65284 - R:localhost/127.0.0.1:36901]' for 'GET' to 'http://localhost:36901/session/44f2ae58ab05ebd5ddbd711de0d879e7/screenshot'
14:41:06.990 [Forwarding screenshot on session 44f2ae58ab05ebd5ddbd711de0d879e7 to remote] DEBUG org.asynchttpclient.netty.request.NettyRequestSender - Using open Channel [id: 0xaf3d3e61, L:/127.0.0.1:65284 - R:localhost/127.0.0.1:36901] for GET '/session/44f2ae58ab05ebd5ddbd711de0d879e7/screenshot'
14:41:07.151 [AsyncHttpClient-1-11] DEBUG org.asynchttpclient.netty.handler.HttpHandler - 

Request DefaultFullHttpRequest(decodeResult: success, version: HTTP/1.1, content: EmptyByteBufBE)
GET /session/44f2ae58ab05ebd5ddbd711de0d879e7/screenshot HTTP/1.1
User-Agent: selenium/4.7.1 (java windows)
Cache-Control: no-cache
Content-Type: application/json; charset=utf-8
host: localhost:36901
accept: */*

Response DefaultHttpResponse(decodeResult: success, version: HTTP/1.1)
HTTP/1.1 200 OK
Content-Type: application/json; charset=utf-8
cache-control: no-cache
content-length: 59964

14:41:07.151 [AsyncHttpClient-1-11] DEBUG org.asynchttpclient.netty.channel.ChannelManager - Adding key: http://localhost:36901 for channel [id: 0xaf3d3e61, L:/127.0.0.1:65284 - R:localhost/127.0.0.1:36901]
14:41:07.151 [main] DEBUG net.serenitybdd.core.photography.Darkroom - Send negative for processing for target\site\serenity\43bf53ef084a5c2766e6b1a0411befe2a5f34915ecab6711d2e7123be1ff5357.png
14:41:07.151 [main] DEBUG net.thucydides.core.steps.StepInterceptor - STEP DONE: klikpdam
  &amp#27;[32mAnd &amp#27;[0m&amp#27;[32mAdmin klik PDAM&amp#27;[0m                                                                    &amp#27;[90m# starter.stepdefinitions.PDAMSteps.adminKlikPDAM()&amp#27;[0m
14:41:07.167 [Darkroom Processing Line] DEBUG net.serenitybdd.core.photography.DarkroomProcessingLine - Processing screenshot image in /var/screenshots/screenshot-15914177044609068252
14:41:07.167 [Darkroom Processing Line] DEBUG net.serenitybdd.core.photography.DarkroomProcessingLine - Saving screenshot to target\site\serenity\43bf53ef084a5c2766e6b1a0411befe2a5f34915ecab6711d2e7123be1ff5357.png
14:41:07.175 [main] DEBUG net.thucydides.core.steps.StepInterceptor - STARTING STEP: PDAMSteps.adminKlikButtonTambahPDAM - kliktambahpdam
14:41:07.183 [Forwarding findElement on session 44f2ae58ab05ebd5ddbd711de0d879e7 to remote] DEBUG org.asynchttpclient.netty.request.NettyRequestSender - Using pooled Channel '[id: 0xaf3d3e61, L:/127.0.0.1:65284 - R:localhost/127.0.0.1:36901]' for 'POST' to 'http://localhost:36901/session/44f2ae58ab05ebd5ddbd711de0d879e7/element'
14:41:07.183 [Forwarding findElement on session 44f2ae58ab05ebd5ddbd711de0d879e7 to remote] DEBUG org.asynchttpclient.netty.request.NettyRequestSender - Using open Channel [id: 0xaf3d3e61, L:/127.0.0.1:65284 - R:localhost/127.0.0.1:36901] for POST '/session/44f2ae58ab05ebd5ddbd711de0d879e7/element'
14:41:07.199 [AsyncHttpClient-1-11] DEBUG org.asynchttpclient.netty.handler.HttpHandler - 

Request DefaultHttpRequest(decodeResult: success, version: HTTP/1.1)
POST /session/44f2ae58ab05ebd5ddbd711de0d879e7/element HTTP/1.1
User-Agent: selenium/4.7.1 (java windows)
Content-Length: 83
Content-Type: application/json; charset=utf-8
host: localhost:36901
accept: */*

Response DefaultHttpResponse(decodeResult: success, version: HTTP/1.1)
HTTP/1.1 200 OK
Content-Type: application/json; charset=utf-8
cache-control: no-cache
content-length: 95

14:41:07.199 [AsyncHttpClient-1-11] DEBUG org.asynchttpclient.netty.channel.ChannelManager - Adding key: http://localhost:36901 for channel [id: 0xaf3d3e61, L:/127.0.0.1:65284 - R:localhost/127.0.0.1:36901]
14:41:07.199 [Forwarding getElementTagName on session 44f2ae58ab05ebd5ddbd711de0d879e7 to remote] DEBUG org.asynchttpclient.netty.request.NettyRequestSender - Using pooled Channel '[id: 0xaf3d3e61, L:/127.0.0.1:65284 - R:localhost/127.0.0.1:36901]' for 'GET' to 'http://localhost:36901/session/44f2ae58ab05ebd5ddbd711de0d879e7/element/EBDD85B9772CC7D89296D39A6AA9A042_element_26/name'
14:41:07.207 [Forwarding getElementTagName on session 44f2ae58ab05ebd5ddbd711de0d879e7 to remote] DEBUG org.asynchttpclient.netty.request.NettyRequestSender - Using open Channel [id: 0xaf3d3e61, L:/127.0.0.1:65284 - R:localhost/127.0.0.1:36901] for GET '/session/44f2ae58ab05ebd5ddbd711de0d879e7/element/EBDD85B9772CC7D89296D39A6AA9A042_element_26/name'
14:41:07.213 [AsyncHttpClient-1-11] DEBUG org.asynchttpclient.netty.handler.HttpHandler - 

Request DefaultFullHttpRequest(decodeResult: success, version: HTTP/1.1, content: EmptyByteBufBE)
GET /session/44f2ae58ab05ebd5ddbd711de0d879e7/element/EBDD85B9772CC7D89296D39A6AA9A042_element_26/name HTTP/1.1
User-Agent: selenium/4.7.1 (java windows)
Cache-Control: no-cache
Content-Type: application/json; charset=utf-8
host: localhost:36901
accept: */*

Response DefaultHttpResponse(decodeResult: success, version: HTTP/1.1)
HTTP/1.1 200 OK
Content-Type: application/json; charset=utf-8
cache-control: no-cache
content-length: 18

14:41:07.213 [AsyncHttpClient-1-11] DEBUG org.asynchttpclient.netty.channel.ChannelManager - Adding key: http://localhost:36901 for channel [id: 0xaf3d3e61, L:/127.0.0.1:65284 - R:localhost/127.0.0.1:36901]
14:41:07.213 [Forwarding getElementTagName on session 44f2ae58ab05ebd5ddbd711de0d879e7 to remote] DEBUG org.asynchttpclient.netty.request.NettyRequestSender - Using pooled Channel '[id: 0xaf3d3e61, L:/127.0.0.1:65284 - R:localhost/127.0.0.1:36901]' for 'GET' to 'http://localhost:36901/session/44f2ae58ab05ebd5ddbd711de0d879e7/element/EBDD85B9772CC7D89296D39A6AA9A042_element_26/name'
14:41:07.213 [Forwarding getElementTagName on session 44f2ae58ab05ebd5ddbd711de0d879e7 to remote] DEBUG org.asynchttpclient.netty.request.NettyRequestSender - Using open Channel [id: 0xaf3d3e61, L:/127.0.0.1:65284 - R:localhost/127.0.0.1:36901] for GET '/session/44f2ae58ab05ebd5ddbd711de0d879e7/element/EBDD85B9772CC7D89296D39A6AA9A042_element_26/name'
14:41:07.215 [AsyncHttpClient-1-11] DEBUG org.asynchttpclient.netty.handler.HttpHandler - 

Request DefaultFullHttpRequest(decodeResult: success, version: HTTP/1.1, content: EmptyByteBufBE)
GET /session/44f2ae58ab05ebd5ddbd711de0d879e7/element/EBDD85B9772CC7D89296D39A6AA9A042_element_26/name HTTP/1.1
User-Agent: selenium/4.7.1 (java windows)
Cache-Control: no-cache
Content-Type: application/json; charset=utf-8
host: localhost:36901
accept: */*

Response DefaultHttpResponse(decodeResult: success, version: HTTP/1.1)
HTTP/1.1 200 OK
Content-Type: application/json; charset=utf-8
cache-control: no-cache
content-length: 18

14:41:07.215 [AsyncHttpClient-1-11] DEBUG org.asynchttpclient.netty.channel.ChannelManager - Adding key: http://localhost:36901 for channel [id: 0xaf3d3e61, L:/127.0.0.1:65284 - R:localhost/127.0.0.1:36901]
14:41:07.223 [Forwarding isElementEnabled on session 44f2ae58ab05ebd5ddbd711de0d879e7 to remote] DEBUG org.asynchttpclient.netty.request.NettyRequestSender - Using pooled Channel '[id: 0xaf3d3e61, L:/127.0.0.1:65284 - R:localhost/127.0.0.1:36901]' for 'GET' to 'http://localhost:36901/session/44f2ae58ab05ebd5ddbd711de0d879e7/element/EBDD85B9772CC7D89296D39A6AA9A042_element_26/enabled'
14:41:07.223 [Forwarding isElementEnabled on session 44f2ae58ab05ebd5ddbd711de0d879e7 to remote] DEBUG org.asynchttpclient.netty.request.NettyRequestSender - Using open Channel [id: 0xaf3d3e61, L:/127.0.0.1:65284 - R:localhost/127.0.0.1:36901] for GET '/session/44f2ae58ab05ebd5ddbd711de0d879e7/element/EBDD85B9772CC7D89296D39A6AA9A042_element_26/enabled'
14:41:07.231 [AsyncHttpClient-1-11] DEBUG org.asynchttpclient.netty.handler.HttpHandler - 

Request DefaultFullHttpRequest(decodeResult: success, version: HTTP/1.1, content: EmptyByteBufBE)
GET /session/44f2ae58ab05ebd5ddbd711de0d879e7/element/EBDD85B9772CC7D89296D39A6AA9A042_element_26/enabled HTTP/1.1
User-Agent: selenium/4.7.1 (java windows)
Cache-Control: no-cache
Content-Type: application/json; charset=utf-8
host: localhost:36901
accept: */*

Response DefaultHttpResponse(decodeResult: success, version: HTTP/1.1)
HTTP/1.1 200 OK
Content-Type: application/json; charset=utf-8
cache-control: no-cache
content-length: 14

14:41:07.231 [AsyncHttpClient-1-11] DEBUG org.asynchttpclient.netty.channel.ChannelManager - Adding key: http://localhost:36901 for channel [id: 0xaf3d3e61, L:/127.0.0.1:65284 - R:localhost/127.0.0.1:36901]
14:41:07.231 [Forwarding isElementEnabled on session 44f2ae58ab05ebd5ddbd711de0d879e7 to remote] DEBUG org.asynchttpclient.netty.request.NettyRequestSender - Using pooled Channel '[id: 0xaf3d3e61, L:/127.0.0.1:65284 - R:localhost/127.0.0.1:36901]' for 'GET' to 'http://localhost:36901/session/44f2ae58ab05ebd5ddbd711de0d879e7/element/EBDD85B9772CC7D89296D39A6AA9A042_element_26/enabled'
14:41:07.231 [Forwarding isElementEnabled on session 44f2ae58ab05ebd5ddbd711de0d879e7 to remote] DEBUG org.asynchttpclient.netty.request.NettyRequestSender - Using open Channel [id: 0xaf3d3e61, L:/127.0.0.1:65284 - R:localhost/127.0.0.1:36901] for GET '/session/44f2ae58ab05ebd5ddbd711de0d879e7/element/EBDD85B9772CC7D89296D39A6AA9A042_element_26/enabled'
14:41:07.239 [AsyncHttpClient-1-11] DEBUG org.asynchttpclient.netty.handler.HttpHandler - 

Request DefaultFullHttpRequest(decodeResult: success, version: HTTP/1.1, content: EmptyByteBufBE)
GET /session/44f2ae58ab05ebd5ddbd711de0d879e7/element/EBDD85B9772CC7D89296D39A6AA9A042_element_26/enabled HTTP/1.1
User-Agent: selenium/4.7.1 (java windows)
Cache-Control: no-cache
Content-Type: application/json; charset=utf-8
host: localhost:36901
accept: */*

Response DefaultHttpResponse(decodeResult: success, version: HTTP/1.1)
HTTP/1.1 200 OK
Content-Type: application/json; charset=utf-8
cache-control: no-cache
content-length: 14

14:41:07.239 [AsyncHttpClient-1-11] DEBUG org.asynchttpclient.netty.channel.ChannelManager - Adding key: http://localhost:36901 for channel [id: 0xaf3d3e61, L:/127.0.0.1:65284 - R:localhost/127.0.0.1:36901]
14:41:07.239 [Forwarding findElement on session 44f2ae58ab05ebd5ddbd711de0d879e7 to remote] DEBUG org.asynchttpclient.netty.request.NettyRequestSender - Using pooled Channel '[id: 0xaf3d3e61, L:/127.0.0.1:65284 - R:localhost/127.0.0.1:36901]' for 'POST' to 'http://localhost:36901/session/44f2ae58ab05ebd5ddbd711de0d879e7/element'
14:41:07.239 [Forwarding findElement on session 44f2ae58ab05ebd5ddbd711de0d879e7 to remote] DEBUG org.asynchttpclient.netty.request.NettyRequestSender - Using open Channel [id: 0xaf3d3e61, L:/127.0.0.1:65284 - R:localhost/127.0.0.1:36901] for POST '/session/44f2ae58ab05ebd5ddbd711de0d879e7/element'
14:41:07.255 [AsyncHttpClient-1-11] DEBUG org.asynchttpclient.netty.handler.HttpHandler - 

Request DefaultHttpRequest(decodeResult: success, version: HTTP/1.1)
POST /session/44f2ae58ab05ebd5ddbd711de0d879e7/element HTTP/1.1
User-Agent: selenium/4.7.1 (java windows)
Content-Length: 83
Content-Type: application/json; charset=utf-8
host: localhost:36901
accept: */*

Response DefaultHttpResponse(decodeResult: success, version: HTTP/1.1)
HTTP/1.1 200 OK
Content-Type: application/json; charset=utf-8
cache-control: no-cache
content-length: 95

14:41:07.255 [AsyncHttpClient-1-11] DEBUG org.asynchttpclient.netty.channel.ChannelManager - Adding key: http://localhost:36901 for channel [id: 0xaf3d3e61, L:/127.0.0.1:65284 - R:localhost/127.0.0.1:36901]
14:41:07.255 [Forwarding clickElement on session 44f2ae58ab05ebd5ddbd711de0d879e7 to remote] DEBUG org.asynchttpclient.netty.request.NettyRequestSender - Using pooled Channel '[id: 0xaf3d3e61, L:/127.0.0.1:65284 - R:localhost/127.0.0.1:36901]' for 'POST' to 'http://localhost:36901/session/44f2ae58ab05ebd5ddbd711de0d879e7/element/EBDD85B9772CC7D89296D39A6AA9A042_element_26/click'
14:41:07.255 [Forwarding clickElement on session 44f2ae58ab05ebd5ddbd711de0d879e7 to remote] DEBUG org.asynchttpclient.netty.request.NettyRequestSender - Using open Channel [id: 0xaf3d3e61, L:/127.0.0.1:65284 - R:localhost/127.0.0.1:36901] for POST '/session/44f2ae58ab05ebd5ddbd711de0d879e7/element/EBDD85B9772CC7D89296D39A6AA9A042_element_26/click'
14:41:07.327 [AsyncHttpClient-1-11] DEBUG org.asynchttpclient.netty.handler.HttpHandler - 

Request DefaultHttpRequest(decodeResult: success, version: HTTP/1.1)
POST /session/44f2ae58ab05ebd5ddbd711de0d879e7/element/EBDD85B9772CC7D89296D39A6AA9A042_element_26/click HTTP/1.1
User-Agent: selenium/4.7.1 (java windows)
Content-Length: 57
Content-Type: application/json; charset=utf-8
host: localhost:36901
accept: */*

Response DefaultHttpResponse(decodeResult: success, version: HTTP/1.1)
HTTP/1.1 200 OK
Content-Type: application/json; charset=utf-8
cache-control: no-cache
content-length: 14

14:41:07.335 [AsyncHttpClient-1-11] DEBUG org.asynchttpclient.netty.channel.ChannelManager - Adding key: http://localhost:36901 for channel [id: 0xaf3d3e61, L:/127.0.0.1:65284 - R:localhost/127.0.0.1:36901]
14:41:07.343 [Forwarding getCurrentWindowHandle on session 44f2ae58ab05ebd5ddbd711de0d879e7 to remote] DEBUG org.asynchttpclient.netty.request.NettyRequestSender - Using pooled Channel '[id: 0xaf3d3e61, L:/127.0.0.1:65284 - R:localhost/127.0.0.1:36901]' for 'GET' to 'http://localhost:36901/session/44f2ae58ab05ebd5ddbd711de0d879e7/window'
14:41:07.343 [Forwarding getCurrentWindowHandle on session 44f2ae58ab05ebd5ddbd711de0d879e7 to remote] DEBUG org.asynchttpclient.netty.request.NettyRequestSender - Using open Channel [id: 0xaf3d3e61, L:/127.0.0.1:65284 - R:localhost/127.0.0.1:36901] for GET '/session/44f2ae58ab05ebd5ddbd711de0d879e7/window'
14:41:07.343 [AsyncHttpClient-1-11] DEBUG org.asynchttpclient.netty.handler.HttpHandler - 

Request DefaultFullHttpRequest(decodeResult: success, version: HTTP/1.1, content: EmptyByteBufBE)
GET /session/44f2ae58ab05ebd5ddbd711de0d879e7/window HTTP/1.1
User-Agent: selenium/4.7.1 (java windows)
Cache-Control: no-cache
Content-Type: application/json; charset=utf-8
host: localhost:36901
accept: */*

Response DefaultHttpResponse(decodeResult: success, version: HTTP/1.1)
HTTP/1.1 200 OK
Content-Type: application/json; charset=utf-8
cache-control: no-cache
content-length: 44

14:41:07.343 [AsyncHttpClient-1-11] DEBUG org.asynchttpclient.netty.channel.ChannelManager - Adding key: http://localhost:36901 for channel [id: 0xaf3d3e61, L:/127.0.0.1:65284 - R:localhost/127.0.0.1:36901]
14:41:07.343 [Forwarding getAlertText on session 44f2ae58ab05ebd5ddbd711de0d879e7 to remote] DEBUG org.asynchttpclient.netty.request.NettyRequestSender - Using pooled Channel '[id: 0xaf3d3e61, L:/127.0.0.1:65284 - R:localhost/127.0.0.1:36901]' for 'GET' to 'http://localhost:36901/session/44f2ae58ab05ebd5ddbd711de0d879e7/alert/text'
14:41:07.343 [Forwarding getAlertText on session 44f2ae58ab05ebd5ddbd711de0d879e7 to remote] DEBUG org.asynchttpclient.netty.request.NettyRequestSender - Using open Channel [id: 0xaf3d3e61, L:/127.0.0.1:65284 - R:localhost/127.0.0.1:36901] for GET '/session/44f2ae58ab05ebd5ddbd711de0d879e7/alert/text'
14:41:07.351 [AsyncHttpClient-1-11] DEBUG org.asynchttpclient.netty.handler.HttpHandler - 

Request DefaultFullHttpRequest(decodeResult: success, version: HTTP/1.1, content: EmptyByteBufBE)
GET /session/44f2ae58ab05ebd5ddbd711de0d879e7/alert/text HTTP/1.1
User-Agent: selenium/4.7.1 (java windows)
Cache-Control: no-cache
Content-Type: application/json; charset=utf-8
host: localhost:36901
accept: */*

Response DefaultHttpResponse(decodeResult: success, version: HTTP/1.1)
HTTP/1.1 404 Not Found
Content-Type: application/json; charset=utf-8
cache-control: no-cache
content-length: 821

14:41:07.351 [AsyncHttpClient-1-11] DEBUG org.asynchttpclient.netty.channel.ChannelManager - Adding key: http://localhost:36901 for channel [id: 0xaf3d3e61, L:/127.0.0.1:65284 - R:localhost/127.0.0.1:36901]
14:41:07.351 [Forwarding switchToWindow on session 44f2ae58ab05ebd5ddbd711de0d879e7 to remote] DEBUG org.asynchttpclient.netty.request.NettyRequestSender - Using pooled Channel '[id: 0xaf3d3e61, L:/127.0.0.1:65284 - R:localhost/127.0.0.1:36901]' for 'POST' to 'http://localhost:36901/session/44f2ae58ab05ebd5ddbd711de0d879e7/window'
14:41:07.351 [Forwarding switchToWindow on session 44f2ae58ab05ebd5ddbd711de0d879e7 to remote] DEBUG org.asynchttpclient.netty.request.NettyRequestSender - Using open Channel [id: 0xaf3d3e61, L:/127.0.0.1:65284 - R:localhost/127.0.0.1:36901] for POST '/session/44f2ae58ab05ebd5ddbd711de0d879e7/window'
14:41:07.351 [AsyncHttpClient-1-11] DEBUG org.asynchttpclient.netty.handler.HttpHandler - 

Request DefaultHttpRequest(decodeResult: success, version: HTTP/1.1)
POST /session/44f2ae58ab05ebd5ddbd711de0d879e7/window HTTP/1.1
User-Agent: selenium/4.7.1 (java windows)
Content-Length: 50
Content-Type: application/json; charset=utf-8
host: localhost:36901
accept: */*

Response DefaultHttpResponse(decodeResult: success, version: HTTP/1.1)
HTTP/1.1 200 OK
Content-Type: application/json; charset=utf-8
cache-control: no-cache
content-length: 14

14:41:07.351 [AsyncHttpClient-1-11] DEBUG org.asynchttpclient.netty.channel.ChannelManager - Adding key: http://localhost:36901 for channel [id: 0xaf3d3e61, L:/127.0.0.1:65284 - R:localhost/127.0.0.1:36901]
14:41:07.351 [Forwarding getCurrentUrl on session 44f2ae58ab05ebd5ddbd711de0d879e7 to remote] DEBUG org.asynchttpclient.netty.request.NettyRequestSender - Using pooled Channel '[id: 0xaf3d3e61, L:/127.0.0.1:65284 - R:localhost/127.0.0.1:36901]' for 'GET' to 'http://localhost:36901/session/44f2ae58ab05ebd5ddbd711de0d879e7/url'
14:41:07.351 [Forwarding getCurrentUrl on session 44f2ae58ab05ebd5ddbd711de0d879e7 to remote] DEBUG org.asynchttpclient.netty.request.NettyRequestSender - Using open Channel [id: 0xaf3d3e61, L:/127.0.0.1:65284 - R:localhost/127.0.0.1:36901] for GET '/session/44f2ae58ab05ebd5ddbd711de0d879e7/url'
14:41:07.359 [AsyncHttpClient-1-11] DEBUG org.asynchttpclient.netty.handler.HttpHandler - 

Request DefaultFullHttpRequest(decodeResult: success, version: HTTP/1.1, content: EmptyByteBufBE)
GET /session/44f2ae58ab05ebd5ddbd711de0d879e7/url HTTP/1.1
User-Agent: selenium/4.7.1 (java windows)
Cache-Control: no-cache
Content-Type: application/json; charset=utf-8
host: localhost:36901
accept: */*

Response DefaultHttpResponse(decodeResult: success, version: HTTP/1.1)
HTTP/1.1 200 OK
Content-Type: application/json; charset=utf-8
cache-control: no-cache
content-length: 65

14:41:07.359 [AsyncHttpClient-1-11] DEBUG org.asynchttpclient.netty.channel.ChannelManager - Adding key: http://localhost:36901 for channel [id: 0xaf3d3e61, L:/127.0.0.1:65284 - R:localhost/127.0.0.1:36901]
14:41:07.359 [Forwarding screenshot on session 44f2ae58ab05ebd5ddbd711de0d879e7 to remote] DEBUG org.asynchttpclient.netty.request.NettyRequestSender - Using pooled Channel '[id: 0xaf3d3e61, L:/127.0.0.1:65284 - R:localhost/127.0.0.1:36901]' for 'GET' to 'http://localhost:36901/session/44f2ae58ab05ebd5ddbd711de0d879e7/screenshot'
14:41:07.359 [Forwarding screenshot on session 44f2ae58ab05ebd5ddbd711de0d879e7 to remote] DEBUG org.asynchttpclient.netty.request.NettyRequestSender - Using open Channel [id: 0xaf3d3e61, L:/127.0.0.1:65284 - R:localhost/127.0.0.1:36901] for GET '/session/44f2ae58ab05ebd5ddbd711de0d879e7/screenshot'
14:41:07.496 [AsyncHttpClient-1-11] DEBUG org.asynchttpclient.netty.handler.HttpHandler - 

Request DefaultFullHttpRequest(decodeResult: success, version: HTTP/1.1, content: EmptyByteBufBE)
GET /session/44f2ae58ab05ebd5ddbd711de0d879e7/screenshot HTTP/1.1
User-Agent: selenium/4.7.1 (java windows)
Cache-Control: no-cache
Content-Type: application/json; charset=utf-8
host: localhost:36901
accept: */*

Response DefaultHttpResponse(decodeResult: success, version: HTTP/1.1)
HTTP/1.1 200 OK
Content-Type: application/json; charset=utf-8
cache-control: no-cache
content-length: 33128

14:41:07.496 [AsyncHttpClient-1-11] DEBUG org.asynchttpclient.netty.channel.ChannelManager - Adding key: http://localhost:36901 for channel [id: 0xaf3d3e61, L:/127.0.0.1:65284 - R:localhost/127.0.0.1:36901]
14:41:07.504 [AsyncHttpClient-1-1] DEBUG org.asynchttpclient.netty.channel.DefaultChannelPool - Entry count for : http://localhost:65285 : 1
14:41:07.504 [AsyncHttpClient-1-1] DEBUG org.asynchttpclient.netty.channel.DefaultChannelPool - Entry count for : http://localhost:36901 : 1
14:41:07.504 [main] DEBUG net.serenitybdd.core.photography.Darkroom - Send negative for processing for target\site\serenity\5d84e76220564965f9f7674c2a5d292551b76a396e1f42d03582f965514a7123.png
14:41:07.504 [main] DEBUG net.thucydides.core.steps.StepInterceptor - STEP DONE: kliktambahpdam
  &amp#27;[32mThen &amp#27;[0m&amp#27;[32mAdmin klik button + tambah PDAM&amp#27;[0m                                                   &amp#27;[90m# starter.stepdefinitions.PDAMSteps.adminKlikButtonTambahPDAM()&amp#27;[0m
14:41:07.520 [main] DEBUG net.thucydides.core.steps.StepInterceptor - STARTING STEP: PDAMSteps.adminInputKodePDAM - inputfieldkodepdam
14:41:07.520 [Forwarding findElement on session 44f2ae58ab05ebd5ddbd711de0d879e7 to remote] DEBUG org.asynchttpclient.netty.request.NettyRequestSender - Using pooled Channel '[id: 0xaf3d3e61, L:/127.0.0.1:65284 - R:localhost/127.0.0.1:36901]' for 'POST' to 'http://localhost:36901/session/44f2ae58ab05ebd5ddbd711de0d879e7/element'
14:41:07.520 [Forwarding findElement on session 44f2ae58ab05ebd5ddbd711de0d879e7 to remote] DEBUG org.asynchttpclient.netty.request.NettyRequestSender - Using open Channel [id: 0xaf3d3e61, L:/127.0.0.1:65284 - R:localhost/127.0.0.1:36901] for POST '/session/44f2ae58ab05ebd5ddbd711de0d879e7/element'
14:41:07.544 [AsyncHttpClient-1-11] DEBUG org.asynchttpclient.netty.handler.HttpHandler - 

Request DefaultHttpRequest(decodeResult: success, version: HTTP/1.1)
POST /session/44f2ae58ab05ebd5ddbd711de0d879e7/element HTTP/1.1
User-Agent: selenium/4.7.1 (java windows)
Content-Length: 76
Content-Type: application/json; charset=utf-8
host: localhost:36901
accept: */*

Response DefaultHttpResponse(decodeResult: success, version: HTTP/1.1)
HTTP/1.1 200 OK
Content-Type: application/json; charset=utf-8
cache-control: no-cache
content-length: 95

14:41:07.544 [AsyncHttpClient-1-11] DEBUG org.asynchttpclient.netty.channel.ChannelManager - Adding key: http://localhost:36901 for channel [id: 0xaf3d3e61, L:/127.0.0.1:65284 - R:localhost/127.0.0.1:36901]
14:41:07.544 [Forwarding getElementTagName on session 44f2ae58ab05ebd5ddbd711de0d879e7 to remote] DEBUG org.asynchttpclient.netty.request.NettyRequestSender - Using pooled Channel '[id: 0xaf3d3e61, L:/127.0.0.1:65284 - R:localhost/127.0.0.1:36901]' for 'GET' to 'http://localhost:36901/session/44f2ae58ab05ebd5ddbd711de0d879e7/element/EBDD85B9772CC7D89296D39A6AA9A042_element_29/name'
14:41:07.544 [Forwarding getElementTagName on session 44f2ae58ab05ebd5ddbd711de0d879e7 to remote] DEBUG org.asynchttpclient.netty.request.NettyRequestSender - Using open Channel [id: 0xaf3d3e61, L:/127.0.0.1:65284 - R:localhost/127.0.0.1:36901] for GET '/session/44f2ae58ab05ebd5ddbd711de0d879e7/element/EBDD85B9772CC7D89296D39A6AA9A042_element_29/name'
14:41:07.552 [AsyncHttpClient-1-11] DEBUG org.asynchttpclient.netty.handler.HttpHandler - 

Request DefaultFullHttpRequest(decodeResult: success, version: HTTP/1.1, content: EmptyByteBufBE)
GET /session/44f2ae58ab05ebd5ddbd711de0d879e7/element/EBDD85B9772CC7D89296D39A6AA9A042_element_29/name HTTP/1.1
User-Agent: selenium/4.7.1 (java windows)
Cache-Control: no-cache
Content-Type: application/json; charset=utf-8
host: localhost:36901
accept: */*

Response DefaultHttpResponse(decodeResult: success, version: HTTP/1.1)
HTTP/1.1 200 OK
Content-Type: application/json; charset=utf-8
cache-control: no-cache
content-length: 17

14:41:07.552 [AsyncHttpClient-1-11] DEBUG org.asynchttpclient.netty.channel.ChannelManager - Adding key: http://localhost:36901 for channel [id: 0xaf3d3e61, L:/127.0.0.1:65284 - R:localhost/127.0.0.1:36901]
14:41:07.552 [Forwarding getElementTagName on session 44f2ae58ab05ebd5ddbd711de0d879e7 to remote] DEBUG org.asynchttpclient.netty.request.NettyRequestSender - Using pooled Channel '[id: 0xaf3d3e61, L:/127.0.0.1:65284 - R:localhost/127.0.0.1:36901]' for 'GET' to 'http://localhost:36901/session/44f2ae58ab05ebd5ddbd711de0d879e7/element/EBDD85B9772CC7D89296D39A6AA9A042_element_29/name'
14:41:07.552 [Forwarding getElementTagName on session 44f2ae58ab05ebd5ddbd711de0d879e7 to remote] DEBUG org.asynchttpclient.netty.request.NettyRequestSender - Using open Channel [id: 0xaf3d3e61, L:/127.0.0.1:65284 - R:localhost/127.0.0.1:36901] for GET '/session/44f2ae58ab05ebd5ddbd711de0d879e7/element/EBDD85B9772CC7D89296D39A6AA9A042_element_29/name'
14:41:07.560 [AsyncHttpClient-1-11] DEBUG org.asynchttpclient.netty.handler.HttpHandler - 

Request DefaultFullHttpRequest(decodeResult: success, version: HTTP/1.1, content: EmptyByteBufBE)
GET /session/44f2ae58ab05ebd5ddbd711de0d879e7/element/EBDD85B9772CC7D89296D39A6AA9A042_element_29/name HTTP/1.1
User-Agent: selenium/4.7.1 (java windows)
Cache-Control: no-cache
Content-Type: application/json; charset=utf-8
host: localhost:36901
accept: */*

Response DefaultHttpResponse(decodeResult: success, version: HTTP/1.1)
HTTP/1.1 200 OK
Content-Type: application/json; charset=utf-8
cache-control: no-cache
content-length: 17

14:41:07.560 [AsyncHttpClient-1-11] DEBUG org.asynchttpclient.netty.channel.ChannelManager - Adding key: http://localhost:36901 for channel [id: 0xaf3d3e61, L:/127.0.0.1:65284 - R:localhost/127.0.0.1:36901]
14:41:07.560 [Forwarding isElementEnabled on session 44f2ae58ab05ebd5ddbd711de0d879e7 to remote] DEBUG org.asynchttpclient.netty.request.NettyRequestSender - Using pooled Channel '[id: 0xaf3d3e61, L:/127.0.0.1:65284 - R:localhost/127.0.0.1:36901]' for 'GET' to 'http://localhost:36901/session/44f2ae58ab05ebd5ddbd711de0d879e7/element/EBDD85B9772CC7D89296D39A6AA9A042_element_29/enabled'
14:41:07.560 [Forwarding isElementEnabled on session 44f2ae58ab05ebd5ddbd711de0d879e7 to remote] DEBUG org.asynchttpclient.netty.request.NettyRequestSender - Using open Channel [id: 0xaf3d3e61, L:/127.0.0.1:65284 - R:localhost/127.0.0.1:36901] for GET '/session/44f2ae58ab05ebd5ddbd711de0d879e7/element/EBDD85B9772CC7D89296D39A6AA9A042_element_29/enabled'
14:41:07.576 [AsyncHttpClient-1-11] DEBUG org.asynchttpclient.netty.handler.HttpHandler - 

Request DefaultFullHttpRequest(decodeResult: success, version: HTTP/1.1, content: EmptyByteBufBE)
GET /session/44f2ae58ab05ebd5ddbd711de0d879e7/element/EBDD85B9772CC7D89296D39A6AA9A042_element_29/enabled HTTP/1.1
User-Agent: selenium/4.7.1 (java windows)
Cache-Control: no-cache
Content-Type: application/json; charset=utf-8
host: localhost:36901
accept: */*

Response DefaultHttpResponse(decodeResult: success, version: HTTP/1.1)
HTTP/1.1 200 OK
Content-Type: application/json; charset=utf-8
cache-control: no-cache
content-length: 14

14:41:07.576 [AsyncHttpClient-1-11] DEBUG org.asynchttpclient.netty.channel.ChannelManager - Adding key: http://localhost:36901 for channel [id: 0xaf3d3e61, L:/127.0.0.1:65284 - R:localhost/127.0.0.1:36901]
14:41:07.576 [Forwarding isElementEnabled on session 44f2ae58ab05ebd5ddbd711de0d879e7 to remote] DEBUG org.asynchttpclient.netty.request.NettyRequestSender - Using pooled Channel '[id: 0xaf3d3e61, L:/127.0.0.1:65284 - R:localhost/127.0.0.1:36901]' for 'GET' to 'http://localhost:36901/session/44f2ae58ab05ebd5ddbd711de0d879e7/element/EBDD85B9772CC7D89296D39A6AA9A042_element_29/enabled'
14:41:07.576 [Forwarding isElementEnabled on session 44f2ae58ab05ebd5ddbd711de0d879e7 to remote] DEBUG org.asynchttpclient.netty.request.NettyRequestSender - Using open Channel [id: 0xaf3d3e61, L:/127.0.0.1:65284 - R:localhost/127.0.0.1:36901] for GET '/session/44f2ae58ab05ebd5ddbd711de0d879e7/element/EBDD85B9772CC7D89296D39A6AA9A042_element_29/enabled'
14:41:07.588 [AsyncHttpClient-1-11] DEBUG org.asynchttpclient.netty.handler.HttpHandler - 

Request DefaultFullHttpRequest(decodeResult: success, version: HTTP/1.1, content: EmptyByteBufBE)
GET /session/44f2ae58ab05ebd5ddbd711de0d879e7/element/EBDD85B9772CC7D89296D39A6AA9A042_element_29/enabled HTTP/1.1
User-Agent: selenium/4.7.1 (java windows)
Cache-Control: no-cache
Content-Type: application/json; charset=utf-8
host: localhost:36901
accept: */*

Response DefaultHttpResponse(decodeResult: success, version: HTTP/1.1)
HTTP/1.1 200 OK
Content-Type: application/json; charset=utf-8
cache-control: no-cache
content-length: 14

14:41:07.588 [AsyncHttpClient-1-11] DEBUG org.asynchttpclient.netty.channel.ChannelManager - Adding key: http://localhost:36901 for channel [id: 0xaf3d3e61, L:/127.0.0.1:65284 - R:localhost/127.0.0.1:36901]
14:41:07.590 [Forwarding findElement on session 44f2ae58ab05ebd5ddbd711de0d879e7 to remote] DEBUG org.asynchttpclient.netty.request.NettyRequestSender - Using pooled Channel '[id: 0xaf3d3e61, L:/127.0.0.1:65284 - R:localhost/127.0.0.1:36901]' for 'POST' to 'http://localhost:36901/session/44f2ae58ab05ebd5ddbd711de0d879e7/element'
14:41:07.590 [Forwarding findElement on session 44f2ae58ab05ebd5ddbd711de0d879e7 to remote] DEBUG org.asynchttpclient.netty.request.NettyRequestSender - Using open Channel [id: 0xaf3d3e61, L:/127.0.0.1:65284 - R:localhost/127.0.0.1:36901] for POST '/session/44f2ae58ab05ebd5ddbd711de0d879e7/element'
14:41:07.607 [AsyncHttpClient-1-11] DEBUG org.asynchttpclient.netty.handler.HttpHandler - 

Request DefaultHttpRequest(decodeResult: success, version: HTTP/1.1)
POST /session/44f2ae58ab05ebd5ddbd711de0d879e7/element HTTP/1.1
User-Agent: selenium/4.7.1 (java windows)
Content-Length: 76
Content-Type: application/json; charset=utf-8
host: localhost:36901
accept: */*

Response DefaultHttpResponse(decodeResult: success, version: HTTP/1.1)
HTTP/1.1 200 OK
Content-Type: application/json; charset=utf-8
cache-control: no-cache
content-length: 95

14:41:07.607 [AsyncHttpClient-1-11] DEBUG org.asynchttpclient.netty.channel.ChannelManager - Adding key: http://localhost:36901 for channel [id: 0xaf3d3e61, L:/127.0.0.1:65284 - R:localhost/127.0.0.1:36901]
14:41:07.607 [Forwarding clickElement on session 44f2ae58ab05ebd5ddbd711de0d879e7 to remote] DEBUG org.asynchttpclient.netty.request.NettyRequestSender - Using pooled Channel '[id: 0xaf3d3e61, L:/127.0.0.1:65284 - R:localhost/127.0.0.1:36901]' for 'POST' to 'http://localhost:36901/session/44f2ae58ab05ebd5ddbd711de0d879e7/element/EBDD85B9772CC7D89296D39A6AA9A042_element_29/click'
14:41:07.607 [Forwarding clickElement on session 44f2ae58ab05ebd5ddbd711de0d879e7 to remote] DEBUG org.asynchttpclient.netty.request.NettyRequestSender - Using open Channel [id: 0xaf3d3e61, L:/127.0.0.1:65284 - R:localhost/127.0.0.1:36901] for POST '/session/44f2ae58ab05ebd5ddbd711de0d879e7/element/EBDD85B9772CC7D89296D39A6AA9A042_element_29/click'
14:41:07.680 [AsyncHttpClient-1-11] DEBUG org.asynchttpclient.netty.handler.HttpHandler - 

Request DefaultHttpRequest(decodeResult: success, version: HTTP/1.1)
POST /session/44f2ae58ab05ebd5ddbd711de0d879e7/element/EBDD85B9772CC7D89296D39A6AA9A042_element_29/click HTTP/1.1
User-Agent: selenium/4.7.1 (java windows)
Content-Length: 57
Content-Type: application/json; charset=utf-8
host: localhost:36901
accept: */*

Response DefaultHttpResponse(decodeResult: success, version: HTTP/1.1)
HTTP/1.1 200 OK
Content-Type: application/json; charset=utf-8
cache-control: no-cache
content-length: 14

14:41:07.680 [AsyncHttpClient-1-11] DEBUG org.asynchttpclient.netty.channel.ChannelManager - Adding key: http://localhost:36901 for channel [id: 0xaf3d3e61, L:/127.0.0.1:65284 - R:localhost/127.0.0.1:36901]
14:41:07.680 [Forwarding findElement on session 44f2ae58ab05ebd5ddbd711de0d879e7 to remote] DEBUG org.asynchttpclient.netty.request.NettyRequestSender - Using pooled Channel '[id: 0xaf3d3e61, L:/127.0.0.1:65284 - R:localhost/127.0.0.1:36901]' for 'POST' to 'http://localhost:36901/session/44f2ae58ab05ebd5ddbd711de0d879e7/element'
14:41:07.680 [Forwarding findElement on session 44f2ae58ab05ebd5ddbd711de0d879e7 to remote] DEBUG org.asynchttpclient.netty.request.NettyRequestSender - Using open Channel [id: 0xaf3d3e61, L:/127.0.0.1:65284 - R:localhost/127.0.0.1:36901] for POST '/session/44f2ae58ab05ebd5ddbd711de0d879e7/element'
14:41:07.700 [AsyncHttpClient-1-11] DEBUG org.asynchttpclient.netty.handler.HttpHandler - 

Request DefaultHttpRequest(decodeResult: success, version: HTTP/1.1)
POST /session/44f2ae58ab05ebd5ddbd711de0d879e7/element HTTP/1.1
User-Agent: selenium/4.7.1 (java windows)
Content-Length: 76
Content-Type: application/json; charset=utf-8
host: localhost:36901
accept: */*

Response DefaultHttpResponse(decodeResult: success, version: HTTP/1.1)
HTTP/1.1 200 OK
Content-Type: application/json; charset=utf-8
cache-control: no-cache
content-length: 95

14:41:07.700 [AsyncHttpClient-1-11] DEBUG org.asynchttpclient.netty.channel.ChannelManager - Adding key: http://localhost:36901 for channel [id: 0xaf3d3e61, L:/127.0.0.1:65284 - R:localhost/127.0.0.1:36901]
14:41:07.700 [Forwarding clearElement on session 44f2ae58ab05ebd5ddbd711de0d879e7 to remote] DEBUG org.asynchttpclient.netty.request.NettyRequestSender - Using pooled Channel '[id: 0xaf3d3e61, L:/127.0.0.1:65284 - R:localhost/127.0.0.1:36901]' for 'POST' to 'http://localhost:36901/session/44f2ae58ab05ebd5ddbd711de0d879e7/element/EBDD85B9772CC7D89296D39A6AA9A042_element_29/clear'
14:41:07.700 [Forwarding clearElement on session 44f2ae58ab05ebd5ddbd711de0d879e7 to remote] DEBUG org.asynchttpclient.netty.request.NettyRequestSender - Using open Channel [id: 0xaf3d3e61, L:/127.0.0.1:65284 - R:localhost/127.0.0.1:36901] for POST '/session/44f2ae58ab05ebd5ddbd711de0d879e7/element/EBDD85B9772CC7D89296D39A6AA9A042_element_29/clear'
14:41:07.748 [AsyncHttpClient-1-11] DEBUG org.asynchttpclient.netty.handler.HttpHandler - 

Request DefaultHttpRequest(decodeResult: success, version: HTTP/1.1)
POST /session/44f2ae58ab05ebd5ddbd711de0d879e7/element/EBDD85B9772CC7D89296D39A6AA9A042_element_29/clear HTTP/1.1
User-Agent: selenium/4.7.1 (java windows)
Content-Length: 57
Content-Type: application/json; charset=utf-8
host: localhost:36901
accept: */*

Response DefaultHttpResponse(decodeResult: success, version: HTTP/1.1)
HTTP/1.1 200 OK
Content-Type: application/json; charset=utf-8
cache-control: no-cache
content-length: 14

14:41:07.748 [AsyncHttpClient-1-11] DEBUG org.asynchttpclient.netty.channel.ChannelManager - Adding key: http://localhost:36901 for channel [id: 0xaf3d3e61, L:/127.0.0.1:65284 - R:localhost/127.0.0.1:36901]
14:41:07.748 [Forwarding sendKeysToElement on session 44f2ae58ab05ebd5ddbd711de0d879e7 to remote] DEBUG org.asynchttpclient.netty.request.NettyRequestSender - Using pooled Channel '[id: 0xaf3d3e61, L:/127.0.0.1:65284 - R:localhost/127.0.0.1:36901]' for 'POST' to 'http://localhost:36901/session/44f2ae58ab05ebd5ddbd711de0d879e7/element/EBDD85B9772CC7D89296D39A6AA9A042_element_29/value'
14:41:07.748 [Forwarding sendKeysToElement on session 44f2ae58ab05ebd5ddbd711de0d879e7 to remote] DEBUG org.asynchttpclient.netty.request.NettyRequestSender - Using open Channel [id: 0xaf3d3e61, L:/127.0.0.1:65284 - R:localhost/127.0.0.1:36901] for POST '/session/44f2ae58ab05ebd5ddbd711de0d879e7/element/EBDD85B9772CC7D89296D39A6AA9A042_element_29/value'
14:41:07.816 [AsyncHttpClient-1-11] DEBUG org.asynchttpclient.netty.handler.HttpHandler - 

Request DefaultHttpRequest(decodeResult: success, version: HTTP/1.1)
POST /session/44f2ae58ab05ebd5ddbd711de0d879e7/element/EBDD85B9772CC7D89296D39A6AA9A042_element_29/value HTTP/1.1
User-Agent: selenium/4.7.1 (java windows)
Content-Length: 158
Content-Type: application/json; charset=utf-8
host: localhost:36901
accept: */*

Response DefaultHttpResponse(decodeResult: success, version: HTTP/1.1)
HTTP/1.1 200 OK
Content-Type: application/json; charset=utf-8
cache-control: no-cache
content-length: 14

14:41:07.816 [AsyncHttpClient-1-11] DEBUG org.asynchttpclient.netty.channel.ChannelManager - Adding key: http://localhost:36901 for channel [id: 0xaf3d3e61, L:/127.0.0.1:65284 - R:localhost/127.0.0.1:36901]
14:41:07.832 [Forwarding getCurrentWindowHandle on session 44f2ae58ab05ebd5ddbd711de0d879e7 to remote] DEBUG org.asynchttpclient.netty.request.NettyRequestSender - Using pooled Channel '[id: 0xaf3d3e61, L:/127.0.0.1:65284 - R:localhost/127.0.0.1:36901]' for 'GET' to 'http://localhost:36901/session/44f2ae58ab05ebd5ddbd711de0d879e7/window'
14:41:07.832 [Forwarding getCurrentWindowHandle on session 44f2ae58ab05ebd5ddbd711de0d879e7 to remote] DEBUG org.asynchttpclient.netty.request.NettyRequestSender - Using open Channel [id: 0xaf3d3e61, L:/127.0.0.1:65284 - R:localhost/127.0.0.1:36901] for GET '/session/44f2ae58ab05ebd5ddbd711de0d879e7/window'
14:41:07.832 [AsyncHttpClient-1-11] DEBUG org.asynchttpclient.netty.handler.HttpHandler - 

Request DefaultFullHttpRequest(decodeResult: success, version: HTTP/1.1, content: EmptyByteBufBE)
GET /session/44f2ae58ab05ebd5ddbd711de0d879e7/window HTTP/1.1
User-Agent: selenium/4.7.1 (java windows)
Cache-Control: no-cache
Content-Type: application/json; charset=utf-8
host: localhost:36901
accept: */*

Response DefaultHttpResponse(decodeResult: success, version: HTTP/1.1)
HTTP/1.1 200 OK
Content-Type: application/json; charset=utf-8
cache-control: no-cache
content-length: 44

14:41:07.832 [AsyncHttpClient-1-11] DEBUG org.asynchttpclient.netty.channel.ChannelManager - Adding key: http://localhost:36901 for channel [id: 0xaf3d3e61, L:/127.0.0.1:65284 - R:localhost/127.0.0.1:36901]
14:41:07.832 [Forwarding getAlertText on session 44f2ae58ab05ebd5ddbd711de0d879e7 to remote] DEBUG org.asynchttpclient.netty.request.NettyRequestSender - Using pooled Channel '[id: 0xaf3d3e61, L:/127.0.0.1:65284 - R:localhost/127.0.0.1:36901]' for 'GET' to 'http://localhost:36901/session/44f2ae58ab05ebd5ddbd711de0d879e7/alert/text'
14:41:07.832 [Forwarding getAlertText on session 44f2ae58ab05ebd5ddbd711de0d879e7 to remote] DEBUG org.asynchttpclient.netty.request.NettyRequestSender - Using open Channel [id: 0xaf3d3e61, L:/127.0.0.1:65284 - R:localhost/127.0.0.1:36901] for GET '/session/44f2ae58ab05ebd5ddbd711de0d879e7/alert/text'
14:41:07.832 [AsyncHttpClient-1-11] DEBUG org.asynchttpclient.netty.handler.HttpHandler - 

Request DefaultFullHttpRequest(decodeResult: success, version: HTTP/1.1, content: EmptyByteBufBE)
GET /session/44f2ae58ab05ebd5ddbd711de0d879e7/alert/text HTTP/1.1
User-Agent: selenium/4.7.1 (java windows)
Cache-Control: no-cache
Content-Type: application/json; charset=utf-8
host: localhost:36901
accept: */*

Response DefaultHttpResponse(decodeResult: success, version: HTTP/1.1)
HTTP/1.1 404 Not Found
Content-Type: application/json; charset=utf-8
cache-control: no-cache
content-length: 821

14:41:07.832 [AsyncHttpClient-1-11] DEBUG org.asynchttpclient.netty.channel.ChannelManager - Adding key: http://localhost:36901 for channel [id: 0xaf3d3e61, L:/127.0.0.1:65284 - R:localhost/127.0.0.1:36901]
14:41:07.832 [Forwarding switchToWindow on session 44f2ae58ab05ebd5ddbd711de0d879e7 to remote] DEBUG org.asynchttpclient.netty.request.NettyRequestSender - Using pooled Channel '[id: 0xaf3d3e61, L:/127.0.0.1:65284 - R:localhost/127.0.0.1:36901]' for 'POST' to 'http://localhost:36901/session/44f2ae58ab05ebd5ddbd711de0d879e7/window'
14:41:07.832 [Forwarding switchToWindow on session 44f2ae58ab05ebd5ddbd711de0d879e7 to remote] DEBUG org.asynchttpclient.netty.request.NettyRequestSender - Using open Channel [id: 0xaf3d3e61, L:/127.0.0.1:65284 - R:localhost/127.0.0.1:36901] for POST '/session/44f2ae58ab05ebd5ddbd711de0d879e7/window'
14:41:07.841 [AsyncHttpClient-1-11] DEBUG org.asynchttpclient.netty.handler.HttpHandler - 

Request DefaultHttpRequest(decodeResult: success, version: HTTP/1.1)
POST /session/44f2ae58ab05ebd5ddbd711de0d879e7/window HTTP/1.1
User-Agent: selenium/4.7.1 (java windows)
Content-Length: 50
Content-Type: application/json; charset=utf-8
host: localhost:36901
accept: */*

Response DefaultHttpResponse(decodeResult: success, version: HTTP/1.1)
HTTP/1.1 200 OK
Content-Type: application/json; charset=utf-8
cache-control: no-cache
content-length: 14

14:41:07.841 [AsyncHttpClient-1-11] DEBUG org.asynchttpclient.netty.channel.ChannelManager - Adding key: http://localhost:36901 for channel [id: 0xaf3d3e61, L:/127.0.0.1:65284 - R:localhost/127.0.0.1:36901]
14:41:07.841 [Forwarding getCurrentUrl on session 44f2ae58ab05ebd5ddbd711de0d879e7 to remote] DEBUG org.asynchttpclient.netty.request.NettyRequestSender - Using pooled Channel '[id: 0xaf3d3e61, L:/127.0.0.1:65284 - R:localhost/127.0.0.1:36901]' for 'GET' to 'http://localhost:36901/session/44f2ae58ab05ebd5ddbd711de0d879e7/url'
14:41:07.841 [Forwarding getCurrentUrl on session 44f2ae58ab05ebd5ddbd711de0d879e7 to remote] DEBUG org.asynchttpclient.netty.request.NettyRequestSender - Using open Channel [id: 0xaf3d3e61, L:/127.0.0.1:65284 - R:localhost/127.0.0.1:36901] for GET '/session/44f2ae58ab05ebd5ddbd711de0d879e7/url'
14:41:07.841 [AsyncHttpClient-1-11] DEBUG org.asynchttpclient.netty.handler.HttpHandler - 

Request DefaultFullHttpRequest(decodeResult: success, version: HTTP/1.1, content: EmptyByteBufBE)
GET /session/44f2ae58ab05ebd5ddbd711de0d879e7/url HTTP/1.1
User-Agent: selenium/4.7.1 (java windows)
Cache-Control: no-cache
Content-Type: application/json; charset=utf-8
host: localhost:36901
accept: */*

Response DefaultHttpResponse(decodeResult: success, version: HTTP/1.1)
HTTP/1.1 200 OK
Content-Type: application/json; charset=utf-8
cache-control: no-cache
content-length: 65

14:41:07.841 [AsyncHttpClient-1-11] DEBUG org.asynchttpclient.netty.channel.ChannelManager - Adding key: http://localhost:36901 for channel [id: 0xaf3d3e61, L:/127.0.0.1:65284 - R:localhost/127.0.0.1:36901]
14:41:07.849 [Forwarding screenshot on session 44f2ae58ab05ebd5ddbd711de0d879e7 to remote] DEBUG org.asynchttpclient.netty.request.NettyRequestSender - Using pooled Channel '[id: 0xaf3d3e61, L:/127.0.0.1:65284 - R:localhost/127.0.0.1:36901]' for 'GET' to 'http://localhost:36901/session/44f2ae58ab05ebd5ddbd711de0d879e7/screenshot'
14:41:07.849 [Forwarding screenshot on session 44f2ae58ab05ebd5ddbd711de0d879e7 to remote] DEBUG org.asynchttpclient.netty.request.NettyRequestSender - Using open Channel [id: 0xaf3d3e61, L:/127.0.0.1:65284 - R:localhost/127.0.0.1:36901] for GET '/session/44f2ae58ab05ebd5ddbd711de0d879e7/screenshot'
14:41:07.979 [AsyncHttpClient-1-11] DEBUG org.asynchttpclient.netty.handler.HttpHandler - 

Request DefaultFullHttpRequest(decodeResult: success, version: HTTP/1.1, content: EmptyByteBufBE)
GET /session/44f2ae58ab05ebd5ddbd711de0d879e7/screenshot HTTP/1.1
User-Agent: selenium/4.7.1 (java windows)
Cache-Control: no-cache
Content-Type: application/json; charset=utf-8
host: localhost:36901
accept: */*

Response DefaultHttpResponse(decodeResult: success, version: HTTP/1.1)
HTTP/1.1 200 OK
Content-Type: application/json; charset=utf-8
cache-control: no-cache
content-length: 34836

14:41:07.979 [AsyncHttpClient-1-11] DEBUG org.asynchttpclient.netty.channel.ChannelManager - Adding key: http://localhost:36901 for channel [id: 0xaf3d3e61, L:/127.0.0.1:65284 - R:localhost/127.0.0.1:36901]
14:41:07.979 [main] DEBUG net.serenitybdd.core.photography.Darkroom - Send negative for processing for target\site\serenity\34269e64bbdaa73933deb2229d3ac650af5fccb300c6209fd286cdef13187f01.png
14:41:07.979 [main] DEBUG net.thucydides.core.steps.StepInterceptor - STEP DONE: inputfieldkodepdam
  &amp#27;[32mAnd &amp#27;[0m&amp#27;[32mAdmin input kode PDAM&amp#27;[0m                                                              &amp#27;[90m# starter.stepdefinitions.PDAMSteps.adminInputKodePDAM()&amp#27;[0m
14:41:07.995 [main] DEBUG net.thucydides.core.steps.StepInterceptor - STARTING STEP: PDAMSteps.adminTidakInputJenisPDAM - inputfieldjenispdam
14:41:07.995 [Forwarding findElement on session 44f2ae58ab05ebd5ddbd711de0d879e7 to remote] DEBUG org.asynchttpclient.netty.request.NettyRequestSender - Using pooled Channel '[id: 0xaf3d3e61, L:/127.0.0.1:65284 - R:localhost/127.0.0.1:36901]' for 'POST' to 'http://localhost:36901/session/44f2ae58ab05ebd5ddbd711de0d879e7/element'
14:41:07.995 [Forwarding findElement on session 44f2ae58ab05ebd5ddbd711de0d879e7 to remote] DEBUG org.asynchttpclient.netty.request.NettyRequestSender - Using open Channel [id: 0xaf3d3e61, L:/127.0.0.1:65284 - R:localhost/127.0.0.1:36901] for POST '/session/44f2ae58ab05ebd5ddbd711de0d879e7/element'
14:41:08.019 [AsyncHttpClient-1-11] DEBUG org.asynchttpclient.netty.handler.HttpHandler - 

Request DefaultHttpRequest(decodeResult: success, version: HTTP/1.1)
POST /session/44f2ae58ab05ebd5ddbd711de0d879e7/element HTTP/1.1
User-Agent: selenium/4.7.1 (java windows)
Content-Length: 77
Content-Type: application/json; charset=utf-8
host: localhost:36901
accept: */*

Response DefaultHttpResponse(decodeResult: success, version: HTTP/1.1)
HTTP/1.1 200 OK
Content-Type: application/json; charset=utf-8
cache-control: no-cache
content-length: 95

14:41:08.019 [AsyncHttpClient-1-11] DEBUG org.asynchttpclient.netty.channel.ChannelManager - Adding key: http://localhost:36901 for channel [id: 0xaf3d3e61, L:/127.0.0.1:65284 - R:localhost/127.0.0.1:36901]
14:41:08.027 [Forwarding getElementTagName on session 44f2ae58ab05ebd5ddbd711de0d879e7 to remote] DEBUG org.asynchttpclient.netty.request.NettyRequestSender - Using pooled Channel '[id: 0xaf3d3e61, L:/127.0.0.1:65284 - R:localhost/127.0.0.1:36901]' for 'GET' to 'http://localhost:36901/session/44f2ae58ab05ebd5ddbd711de0d879e7/element/EBDD85B9772CC7D89296D39A6AA9A042_element_30/name'
14:41:08.027 [Forwarding getElementTagName on session 44f2ae58ab05ebd5ddbd711de0d879e7 to remote] DEBUG org.asynchttpclient.netty.request.NettyRequestSender - Using open Channel [id: 0xaf3d3e61, L:/127.0.0.1:65284 - R:localhost/127.0.0.1:36901] for GET '/session/44f2ae58ab05ebd5ddbd711de0d879e7/element/EBDD85B9772CC7D89296D39A6AA9A042_element_30/name'
14:41:08.035 [AsyncHttpClient-1-11] DEBUG org.asynchttpclient.netty.handler.HttpHandler - 

Request DefaultFullHttpRequest(decodeResult: success, version: HTTP/1.1, content: EmptyByteBufBE)
GET /session/44f2ae58ab05ebd5ddbd711de0d879e7/element/EBDD85B9772CC7D89296D39A6AA9A042_element_30/name HTTP/1.1
User-Agent: selenium/4.7.1 (java windows)
Cache-Control: no-cache
Content-Type: application/json; charset=utf-8
host: localhost:36901
accept: */*

Response DefaultHttpResponse(decodeResult: success, version: HTTP/1.1)
HTTP/1.1 200 OK
Content-Type: application/json; charset=utf-8
cache-control: no-cache
content-length: 17

14:41:08.035 [AsyncHttpClient-1-11] DEBUG org.asynchttpclient.netty.channel.ChannelManager - Adding key: http://localhost:36901 for channel [id: 0xaf3d3e61, L:/127.0.0.1:65284 - R:localhost/127.0.0.1:36901]
14:41:08.035 [Forwarding getElementTagName on session 44f2ae58ab05ebd5ddbd711de0d879e7 to remote] DEBUG org.asynchttpclient.netty.request.NettyRequestSender - Using pooled Channel '[id: 0xaf3d3e61, L:/127.0.0.1:65284 - R:localhost/127.0.0.1:36901]' for 'GET' to 'http://localhost:36901/session/44f2ae58ab05ebd5ddbd711de0d879e7/element/EBDD85B9772CC7D89296D39A6AA9A042_element_30/name'
14:41:08.035 [Forwarding getElementTagName on session 44f2ae58ab05ebd5ddbd711de0d879e7 to remote] DEBUG org.asynchttpclient.netty.request.NettyRequestSender - Using open Channel [id: 0xaf3d3e61, L:/127.0.0.1:65284 - R:localhost/127.0.0.1:36901] for GET '/session/44f2ae58ab05ebd5ddbd711de0d879e7/element/EBDD85B9772CC7D89296D39A6AA9A042_element_30/name'
14:41:08.043 [AsyncHttpClient-1-11] DEBUG org.asynchttpclient.netty.handler.HttpHandler - 

Request DefaultFullHttpRequest(decodeResult: success, version: HTTP/1.1, content: EmptyByteBufBE)
GET /session/44f2ae58ab05ebd5ddbd711de0d879e7/element/EBDD85B9772CC7D89296D39A6AA9A042_element_30/name HTTP/1.1
User-Agent: selenium/4.7.1 (java windows)
Cache-Control: no-cache
Content-Type: application/json; charset=utf-8
host: localhost:36901
accept: */*

Response DefaultHttpResponse(decodeResult: success, version: HTTP/1.1)
HTTP/1.1 200 OK
Content-Type: application/json; charset=utf-8
cache-control: no-cache
content-length: 17

14:41:08.043 [AsyncHttpClient-1-11] DEBUG org.asynchttpclient.netty.channel.ChannelManager - Adding key: http://localhost:36901 for channel [id: 0xaf3d3e61, L:/127.0.0.1:65284 - R:localhost/127.0.0.1:36901]
14:41:08.043 [Forwarding isElementEnabled on session 44f2ae58ab05ebd5ddbd711de0d879e7 to remote] DEBUG org.asynchttpclient.netty.request.NettyRequestSender - Using pooled Channel '[id: 0xaf3d3e61, L:/127.0.0.1:65284 - R:localhost/127.0.0.1:36901]' for 'GET' to 'http://localhost:36901/session/44f2ae58ab05ebd5ddbd711de0d879e7/element/EBDD85B9772CC7D89296D39A6AA9A042_element_30/enabled'
14:41:08.043 [Forwarding isElementEnabled on session 44f2ae58ab05ebd5ddbd711de0d879e7 to remote] DEBUG org.asynchttpclient.netty.request.NettyRequestSender - Using open Channel [id: 0xaf3d3e61, L:/127.0.0.1:65284 - R:localhost/127.0.0.1:36901] for GET '/session/44f2ae58ab05ebd5ddbd711de0d879e7/element/EBDD85B9772CC7D89296D39A6AA9A042_element_30/enabled'
14:41:08.059 [AsyncHttpClient-1-11] DEBUG org.asynchttpclient.netty.handler.HttpHandler - 

Request DefaultFullHttpRequest(decodeResult: success, version: HTTP/1.1, content: EmptyByteBufBE)
GET /session/44f2ae58ab05ebd5ddbd711de0d879e7/element/EBDD85B9772CC7D89296D39A6AA9A042_element_30/enabled HTTP/1.1
User-Agent: selenium/4.7.1 (java windows)
Cache-Control: no-cache
Content-Type: application/json; charset=utf-8
host: localhost:36901
accept: */*

Response DefaultHttpResponse(decodeResult: success, version: HTTP/1.1)
HTTP/1.1 200 OK
Content-Type: application/json; charset=utf-8
cache-control: no-cache
content-length: 14

14:41:08.059 [AsyncHttpClient-1-11] DEBUG org.asynchttpclient.netty.channel.ChannelManager - Adding key: http://localhost:36901 for channel [id: 0xaf3d3e61, L:/127.0.0.1:65284 - R:localhost/127.0.0.1:36901]
14:41:08.059 [Forwarding isElementEnabled on session 44f2ae58ab05ebd5ddbd711de0d879e7 to remote] DEBUG org.asynchttpclient.netty.request.NettyRequestSender - Using pooled Channel '[id: 0xaf3d3e61, L:/127.0.0.1:65284 - R:localhost/127.0.0.1:36901]' for 'GET' to 'http://localhost:36901/session/44f2ae58ab05ebd5ddbd711de0d879e7/element/EBDD85B9772CC7D89296D39A6AA9A042_element_30/enabled'
14:41:08.059 [Forwarding isElementEnabled on session 44f2ae58ab05ebd5ddbd711de0d879e7 to remote] DEBUG org.asynchttpclient.netty.request.NettyRequestSender - Using open Channel [id: 0xaf3d3e61, L:/127.0.0.1:65284 - R:localhost/127.0.0.1:36901] for GET '/session/44f2ae58ab05ebd5ddbd711de0d879e7/element/EBDD85B9772CC7D89296D39A6AA9A042_element_30/enabled'
14:41:08.075 [AsyncHttpClient-1-11] DEBUG org.asynchttpclient.netty.handler.HttpHandler - 

Request DefaultFullHttpRequest(decodeResult: success, version: HTTP/1.1, content: EmptyByteBufBE)
GET /session/44f2ae58ab05ebd5ddbd711de0d879e7/element/EBDD85B9772CC7D89296D39A6AA9A042_element_30/enabled HTTP/1.1
User-Agent: selenium/4.7.1 (java windows)
Cache-Control: no-cache
Content-Type: application/json; charset=utf-8
host: localhost:36901
accept: */*

Response DefaultHttpResponse(decodeResult: success, version: HTTP/1.1)
HTTP/1.1 200 OK
Content-Type: application/json; charset=utf-8
cache-control: no-cache
content-length: 14

14:41:08.075 [AsyncHttpClient-1-11] DEBUG org.asynchttpclient.netty.channel.ChannelManager - Adding key: http://localhost:36901 for channel [id: 0xaf3d3e61, L:/127.0.0.1:65284 - R:localhost/127.0.0.1:36901]
14:41:08.075 [Forwarding findElement on session 44f2ae58ab05ebd5ddbd711de0d879e7 to remote] DEBUG org.asynchttpclient.netty.request.NettyRequestSender - Using pooled Channel '[id: 0xaf3d3e61, L:/127.0.0.1:65284 - R:localhost/127.0.0.1:36901]' for 'POST' to 'http://localhost:36901/session/44f2ae58ab05ebd5ddbd711de0d879e7/element'
14:41:08.075 [Forwarding findElement on session 44f2ae58ab05ebd5ddbd711de0d879e7 to remote] DEBUG org.asynchttpclient.netty.request.NettyRequestSender - Using open Channel [id: 0xaf3d3e61, L:/127.0.0.1:65284 - R:localhost/127.0.0.1:36901] for POST '/session/44f2ae58ab05ebd5ddbd711de0d879e7/element'
14:41:08.092 [AsyncHttpClient-1-11] DEBUG org.asynchttpclient.netty.handler.HttpHandler - 

Request DefaultHttpRequest(decodeResult: success, version: HTTP/1.1)
POST /session/44f2ae58ab05ebd5ddbd711de0d879e7/element HTTP/1.1
User-Agent: selenium/4.7.1 (java windows)
Content-Length: 77
Content-Type: application/json; charset=utf-8
host: localhost:36901
accept: */*

Response DefaultHttpResponse(decodeResult: success, version: HTTP/1.1)
HTTP/1.1 200 OK
Content-Type: application/json; charset=utf-8
cache-control: no-cache
content-length: 95

14:41:08.092 [AsyncHttpClient-1-11] DEBUG org.asynchttpclient.netty.channel.ChannelManager - Adding key: http://localhost:36901 for channel [id: 0xaf3d3e61, L:/127.0.0.1:65284 - R:localhost/127.0.0.1:36901]
14:41:08.092 [Forwarding clickElement on session 44f2ae58ab05ebd5ddbd711de0d879e7 to remote] DEBUG org.asynchttpclient.netty.request.NettyRequestSender - Using pooled Channel '[id: 0xaf3d3e61, L:/127.0.0.1:65284 - R:localhost/127.0.0.1:36901]' for 'POST' to 'http://localhost:36901/session/44f2ae58ab05ebd5ddbd711de0d879e7/element/EBDD85B9772CC7D89296D39A6AA9A042_element_30/click'
14:41:08.092 [Forwarding clickElement on session 44f2ae58ab05ebd5ddbd711de0d879e7 to remote] DEBUG org.asynchttpclient.netty.request.NettyRequestSender - Using open Channel [id: 0xaf3d3e61, L:/127.0.0.1:65284 - R:localhost/127.0.0.1:36901] for POST '/session/44f2ae58ab05ebd5ddbd711de0d879e7/element/EBDD85B9772CC7D89296D39A6AA9A042_element_30/click'
14:41:08.164 [AsyncHttpClient-1-11] DEBUG org.asynchttpclient.netty.handler.HttpHandler - 

Request DefaultHttpRequest(decodeResult: success, version: HTTP/1.1)
POST /session/44f2ae58ab05ebd5ddbd711de0d879e7/element/EBDD85B9772CC7D89296D39A6AA9A042_element_30/click HTTP/1.1
User-Agent: selenium/4.7.1 (java windows)
Content-Length: 57
Content-Type: application/json; charset=utf-8
host: localhost:36901
accept: */*

Response DefaultHttpResponse(decodeResult: success, version: HTTP/1.1)
HTTP/1.1 200 OK
Content-Type: application/json; charset=utf-8
cache-control: no-cache
content-length: 14

14:41:08.164 [AsyncHttpClient-1-11] DEBUG org.asynchttpclient.netty.channel.ChannelManager - Adding key: http://localhost:36901 for channel [id: 0xaf3d3e61, L:/127.0.0.1:65284 - R:localhost/127.0.0.1:36901]
14:41:08.172 [Forwarding findElement on session 44f2ae58ab05ebd5ddbd711de0d879e7 to remote] DEBUG org.asynchttpclient.netty.request.NettyRequestSender - Using pooled Channel '[id: 0xaf3d3e61, L:/127.0.0.1:65284 - R:localhost/127.0.0.1:36901]' for 'POST' to 'http://localhost:36901/session/44f2ae58ab05ebd5ddbd711de0d879e7/element'
14:41:08.172 [Forwarding findElement on session 44f2ae58ab05ebd5ddbd711de0d879e7 to remote] DEBUG org.asynchttpclient.netty.request.NettyRequestSender - Using open Channel [id: 0xaf3d3e61, L:/127.0.0.1:65284 - R:localhost/127.0.0.1:36901] for POST '/session/44f2ae58ab05ebd5ddbd711de0d879e7/element'
14:41:08.180 [AsyncHttpClient-1-11] DEBUG org.asynchttpclient.netty.handler.HttpHandler - 

Request DefaultHttpRequest(decodeResult: success, version: HTTP/1.1)
POST /session/44f2ae58ab05ebd5ddbd711de0d879e7/element HTTP/1.1
User-Agent: selenium/4.7.1 (java windows)
Content-Length: 77
Content-Type: application/json; charset=utf-8
host: localhost:36901
accept: */*

Response DefaultHttpResponse(decodeResult: success, version: HTTP/1.1)
HTTP/1.1 200 OK
Content-Type: application/json; charset=utf-8
cache-control: no-cache
content-length: 95

14:41:08.180 [AsyncHttpClient-1-11] DEBUG org.asynchttpclient.netty.channel.ChannelManager - Adding key: http://localhost:36901 for channel [id: 0xaf3d3e61, L:/127.0.0.1:65284 - R:localhost/127.0.0.1:36901]
14:41:08.188 [Forwarding clearElement on session 44f2ae58ab05ebd5ddbd711de0d879e7 to remote] DEBUG org.asynchttpclient.netty.request.NettyRequestSender - Using pooled Channel '[id: 0xaf3d3e61, L:/127.0.0.1:65284 - R:localhost/127.0.0.1:36901]' for 'POST' to 'http://localhost:36901/session/44f2ae58ab05ebd5ddbd711de0d879e7/element/EBDD85B9772CC7D89296D39A6AA9A042_element_30/clear'
14:41:08.188 [Forwarding clearElement on session 44f2ae58ab05ebd5ddbd711de0d879e7 to remote] DEBUG org.asynchttpclient.netty.request.NettyRequestSender - Using open Channel [id: 0xaf3d3e61, L:/127.0.0.1:65284 - R:localhost/127.0.0.1:36901] for POST '/session/44f2ae58ab05ebd5ddbd711de0d879e7/element/EBDD85B9772CC7D89296D39A6AA9A042_element_30/clear'
14:41:08.228 [AsyncHttpClient-1-11] DEBUG org.asynchttpclient.netty.handler.HttpHandler - 

Request DefaultHttpRequest(decodeResult: success, version: HTTP/1.1)
POST /session/44f2ae58ab05ebd5ddbd711de0d879e7/element/EBDD85B9772CC7D89296D39A6AA9A042_element_30/clear HTTP/1.1
User-Agent: selenium/4.7.1 (java windows)
Content-Length: 57
Content-Type: application/json; charset=utf-8
host: localhost:36901
accept: */*

Response DefaultHttpResponse(decodeResult: success, version: HTTP/1.1)
HTTP/1.1 200 OK
Content-Type: application/json; charset=utf-8
cache-control: no-cache
content-length: 14

14:41:08.228 [AsyncHttpClient-1-11] DEBUG org.asynchttpclient.netty.channel.ChannelManager - Adding key: http://localhost:36901 for channel [id: 0xaf3d3e61, L:/127.0.0.1:65284 - R:localhost/127.0.0.1:36901]
14:41:08.236 [Forwarding sendKeysToElement on session 44f2ae58ab05ebd5ddbd711de0d879e7 to remote] DEBUG org.asynchttpclient.netty.request.NettyRequestSender - Using pooled Channel '[id: 0xaf3d3e61, L:/127.0.0.1:65284 - R:localhost/127.0.0.1:36901]' for 'POST' to 'http://localhost:36901/session/44f2ae58ab05ebd5ddbd711de0d879e7/element/EBDD85B9772CC7D89296D39A6AA9A042_element_30/value'
14:41:08.236 [Forwarding sendKeysToElement on session 44f2ae58ab05ebd5ddbd711de0d879e7 to remote] DEBUG org.asynchttpclient.netty.request.NettyRequestSender - Using open Channel [id: 0xaf3d3e61, L:/127.0.0.1:65284 - R:localhost/127.0.0.1:36901] for POST '/session/44f2ae58ab05ebd5ddbd711de0d879e7/element/EBDD85B9772CC7D89296D39A6AA9A042_element_30/value'
14:41:08.268 [AsyncHttpClient-1-11] DEBUG org.asynchttpclient.netty.handler.HttpHandler - 

Request DefaultHttpRequest(decodeResult: success, version: HTTP/1.1)
POST /session/44f2ae58ab05ebd5ddbd711de0d879e7/element/EBDD85B9772CC7D89296D39A6AA9A042_element_30/value HTTP/1.1
User-Agent: selenium/4.7.1 (java windows)
Content-Length: 89
Content-Type: application/json; charset=utf-8
host: localhost:36901
accept: */*

Response DefaultHttpResponse(decodeResult: success, version: HTTP/1.1)
HTTP/1.1 200 OK
Content-Type: application/json; charset=utf-8
cache-control: no-cache
content-length: 14

14:41:08.276 [AsyncHttpClient-1-11] DEBUG org.asynchttpclient.netty.channel.ChannelManager - Adding key: http://localhost:36901 for channel [id: 0xaf3d3e61, L:/127.0.0.1:65284 - R:localhost/127.0.0.1:36901]
14:41:08.284 [Forwarding getCurrentWindowHandle on session 44f2ae58ab05ebd5ddbd711de0d879e7 to remote] DEBUG org.asynchttpclient.netty.request.NettyRequestSender - Using pooled Channel '[id: 0xaf3d3e61, L:/127.0.0.1:65284 - R:localhost/127.0.0.1:36901]' for 'GET' to 'http://localhost:36901/session/44f2ae58ab05ebd5ddbd711de0d879e7/window'
14:41:08.284 [Forwarding getCurrentWindowHandle on session 44f2ae58ab05ebd5ddbd711de0d879e7 to remote] DEBUG org.asynchttpclient.netty.request.NettyRequestSender - Using open Channel [id: 0xaf3d3e61, L:/127.0.0.1:65284 - R:localhost/127.0.0.1:36901] for GET '/session/44f2ae58ab05ebd5ddbd711de0d879e7/window'
14:41:08.284 [AsyncHttpClient-1-11] DEBUG org.asynchttpclient.netty.handler.HttpHandler - 

Request DefaultFullHttpRequest(decodeResult: success, version: HTTP/1.1, content: EmptyByteBufBE)
GET /session/44f2ae58ab05ebd5ddbd711de0d879e7/window HTTP/1.1
User-Agent: selenium/4.7.1 (java windows)
Cache-Control: no-cache
Content-Type: application/json; charset=utf-8
host: localhost:36901
accept: */*

Response DefaultHttpResponse(decodeResult: success, version: HTTP/1.1)
HTTP/1.1 200 OK
Content-Type: application/json; charset=utf-8
cache-control: no-cache
content-length: 44

14:41:08.284 [AsyncHttpClient-1-11] DEBUG org.asynchttpclient.netty.channel.ChannelManager - Adding key: http://localhost:36901 for channel [id: 0xaf3d3e61, L:/127.0.0.1:65284 - R:localhost/127.0.0.1:36901]
14:41:08.284 [Forwarding getAlertText on session 44f2ae58ab05ebd5ddbd711de0d879e7 to remote] DEBUG org.asynchttpclient.netty.request.NettyRequestSender - Using pooled Channel '[id: 0xaf3d3e61, L:/127.0.0.1:65284 - R:localhost/127.0.0.1:36901]' for 'GET' to 'http://localhost:36901/session/44f2ae58ab05ebd5ddbd711de0d879e7/alert/text'
14:41:08.284 [Forwarding getAlertText on session 44f2ae58ab05ebd5ddbd711de0d879e7 to remote] DEBUG org.asynchttpclient.netty.request.NettyRequestSender - Using open Channel [id: 0xaf3d3e61, L:/127.0.0.1:65284 - R:localhost/127.0.0.1:36901] for GET '/session/44f2ae58ab05ebd5ddbd711de0d879e7/alert/text'
14:41:08.284 [AsyncHttpClient-1-11] DEBUG org.asynchttpclient.netty.handler.HttpHandler - 

Request DefaultFullHttpRequest(decodeResult: success, version: HTTP/1.1, content: EmptyByteBufBE)
GET /session/44f2ae58ab05ebd5ddbd711de0d879e7/alert/text HTTP/1.1
User-Agent: selenium/4.7.1 (java windows)
Cache-Control: no-cache
Content-Type: application/json; charset=utf-8
host: localhost:36901
accept: */*

Response DefaultHttpResponse(decodeResult: success, version: HTTP/1.1)
HTTP/1.1 404 Not Found
Content-Type: application/json; charset=utf-8
cache-control: no-cache
content-length: 821

14:41:08.284 [AsyncHttpClient-1-11] DEBUG org.asynchttpclient.netty.channel.ChannelManager - Adding key: http://localhost:36901 for channel [id: 0xaf3d3e61, L:/127.0.0.1:65284 - R:localhost/127.0.0.1:36901]
14:41:08.292 [Forwarding switchToWindow on session 44f2ae58ab05ebd5ddbd711de0d879e7 to remote] DEBUG org.asynchttpclient.netty.request.NettyRequestSender - Using pooled Channel '[id: 0xaf3d3e61, L:/127.0.0.1:65284 - R:localhost/127.0.0.1:36901]' for 'POST' to 'http://localhost:36901/session/44f2ae58ab05ebd5ddbd711de0d879e7/window'
14:41:08.292 [Forwarding switchToWindow on session 44f2ae58ab05ebd5ddbd711de0d879e7 to remote] DEBUG org.asynchttpclient.netty.request.NettyRequestSender - Using open Channel [id: 0xaf3d3e61, L:/127.0.0.1:65284 - R:localhost/127.0.0.1:36901] for POST '/session/44f2ae58ab05ebd5ddbd711de0d879e7/window'
14:41:08.292 [AsyncHttpClient-1-11] DEBUG org.asynchttpclient.netty.handler.HttpHandler - 

Request DefaultHttpRequest(decodeResult: success, version: HTTP/1.1)
POST /session/44f2ae58ab05ebd5ddbd711de0d879e7/window HTTP/1.1
User-Agent: selenium/4.7.1 (java windows)
Content-Length: 50
Content-Type: application/json; charset=utf-8
host: localhost:36901
accept: */*

Response DefaultHttpResponse(decodeResult: success, version: HTTP/1.1)
HTTP/1.1 200 OK
Content-Type: application/json; charset=utf-8
cache-control: no-cache
content-length: 14

14:41:08.292 [AsyncHttpClient-1-11] DEBUG org.asynchttpclient.netty.channel.ChannelManager - Adding key: http://localhost:36901 for channel [id: 0xaf3d3e61, L:/127.0.0.1:65284 - R:localhost/127.0.0.1:36901]
14:41:08.292 [Forwarding getCurrentUrl on session 44f2ae58ab05ebd5ddbd711de0d879e7 to remote] DEBUG org.asynchttpclient.netty.request.NettyRequestSender - Using pooled Channel '[id: 0xaf3d3e61, L:/127.0.0.1:65284 - R:localhost/127.0.0.1:36901]' for 'GET' to 'http://localhost:36901/session/44f2ae58ab05ebd5ddbd711de0d879e7/url'
14:41:08.292 [Forwarding getCurrentUrl on session 44f2ae58ab05ebd5ddbd711de0d879e7 to remote] DEBUG org.asynchttpclient.netty.request.NettyRequestSender - Using open Channel [id: 0xaf3d3e61, L:/127.0.0.1:65284 - R:localhost/127.0.0.1:36901] for GET '/session/44f2ae58ab05ebd5ddbd711de0d879e7/url'
14:41:08.300 [AsyncHttpClient-1-11] DEBUG org.asynchttpclient.netty.handler.HttpHandler - 

Request DefaultFullHttpRequest(decodeResult: success, version: HTTP/1.1, content: EmptyByteBufBE)
GET /session/44f2ae58ab05ebd5ddbd711de0d879e7/url HTTP/1.1
User-Agent: selenium/4.7.1 (java windows)
Cache-Control: no-cache
Content-Type: application/json; charset=utf-8
host: localhost:36901
accept: */*

Response DefaultHttpResponse(decodeResult: success, version: HTTP/1.1)
HTTP/1.1 200 OK
Content-Type: application/json; charset=utf-8
cache-control: no-cache
content-length: 65

14:41:08.300 [AsyncHttpClient-1-11] DEBUG org.asynchttpclient.netty.channel.ChannelManager - Adding key: http://localhost:36901 for channel [id: 0xaf3d3e61, L:/127.0.0.1:65284 - R:localhost/127.0.0.1:36901]
14:41:08.300 [Forwarding screenshot on session 44f2ae58ab05ebd5ddbd711de0d879e7 to remote] DEBUG org.asynchttpclient.netty.request.NettyRequestSender - Using pooled Channel '[id: 0xaf3d3e61, L:/127.0.0.1:65284 - R:localhost/127.0.0.1:36901]' for 'GET' to 'http://localhost:36901/session/44f2ae58ab05ebd5ddbd711de0d879e7/screenshot'
14:41:08.300 [Forwarding screenshot on session 44f2ae58ab05ebd5ddbd711de0d879e7 to remote] DEBUG org.asynchttpclient.netty.request.NettyRequestSender - Using open Channel [id: 0xaf3d3e61, L:/127.0.0.1:65284 - R:localhost/127.0.0.1:36901] for GET '/session/44f2ae58ab05ebd5ddbd711de0d879e7/screenshot'
14:41:08.415 [AsyncHttpClient-1-11] DEBUG org.asynchttpclient.netty.handler.HttpHandler - 

Request DefaultFullHttpRequest(decodeResult: success, version: HTTP/1.1, content: EmptyByteBufBE)
GET /session/44f2ae58ab05ebd5ddbd711de0d879e7/screenshot HTTP/1.1
User-Agent: selenium/4.7.1 (java windows)
Cache-Control: no-cache
Content-Type: application/json; charset=utf-8
host: localhost:36901
accept: */*

Response DefaultHttpResponse(decodeResult: success, version: HTTP/1.1)
HTTP/1.1 200 OK
Content-Type: application/json; charset=utf-8
cache-control: no-cache
content-length: 34808

14:41:08.415 [AsyncHttpClient-1-11] DEBUG org.asynchttpclient.netty.channel.ChannelManager - Adding key: http://localhost:36901 for channel [id: 0xaf3d3e61, L:/127.0.0.1:65284 - R:localhost/127.0.0.1:36901]
14:41:08.423 [main] DEBUG net.serenitybdd.core.photography.Darkroom - Send negative for processing for target\site\serenity\91a43533e5d3614ffdaaf0c1776201b4843737aa7a517fc3f552bb5b992e94a8.png
14:41:08.423 [main] DEBUG net.thucydides.core.steps.StepInterceptor - STEP DONE: inputfieldjenispdam
14:41:08.423 [Darkroom Processing Line] DEBUG net.serenitybdd.core.photography.DarkroomProcessingLine - Processing screenshot image in /var/screenshots/screenshot-3876063718826091156
14:41:08.423 [Darkroom Processing Line] DEBUG net.serenitybdd.core.photography.DarkroomProcessingLine - Saving screenshot to target\site\serenity\91a43533e5d3614ffdaaf0c1776201b4843737aa7a517fc3f552bb5b992e94a8.png
  &amp#27;[32mThen &amp#27;[0m&amp#27;[32mAdmin tidak input jenis PDAM&amp#27;[0m                                                      &amp#27;[90m# starter.stepdefinitions.PDAMSteps.adminTidakInputJenisPDAM()&amp#27;[0m
14:41:08.447 [main] DEBUG net.thucydides.core.steps.StepInterceptor - STARTING STEP: PDAMSteps.adminTidakInputFieldWilayah - inputfieldwilayah
14:41:08.447 [Forwarding findElement on session 44f2ae58ab05ebd5ddbd711de0d879e7 to remote] DEBUG org.asynchttpclient.netty.request.NettyRequestSender - Using pooled Channel '[id: 0xaf3d3e61, L:/127.0.0.1:65284 - R:localhost/127.0.0.1:36901]' for 'POST' to 'http://localhost:36901/session/44f2ae58ab05ebd5ddbd711de0d879e7/element'
14:41:08.447 [Forwarding findElement on session 44f2ae58ab05ebd5ddbd711de0d879e7 to remote] DEBUG org.asynchttpclient.netty.request.NettyRequestSender - Using open Channel [id: 0xaf3d3e61, L:/127.0.0.1:65284 - R:localhost/127.0.0.1:36901] for POST '/session/44f2ae58ab05ebd5ddbd711de0d879e7/element'
14:41:08.463 [AsyncHttpClient-1-11] DEBUG org.asynchttpclient.netty.handler.HttpHandler - 

Request DefaultHttpRequest(decodeResult: success, version: HTTP/1.1)
POST /session/44f2ae58ab05ebd5ddbd711de0d879e7/element HTTP/1.1
User-Agent: selenium/4.7.1 (java windows)
Content-Length: 74
Content-Type: application/json; charset=utf-8
host: localhost:36901
accept: */*

Response DefaultHttpResponse(decodeResult: success, version: HTTP/1.1)
HTTP/1.1 200 OK
Content-Type: application/json; charset=utf-8
cache-control: no-cache
content-length: 95

14:41:08.471 [AsyncHttpClient-1-11] DEBUG org.asynchttpclient.netty.channel.ChannelManager - Adding key: http://localhost:36901 for channel [id: 0xaf3d3e61, L:/127.0.0.1:65284 - R:localhost/127.0.0.1:36901]
14:41:08.471 [Forwarding getElementTagName on session 44f2ae58ab05ebd5ddbd711de0d879e7 to remote] DEBUG org.asynchttpclient.netty.request.NettyRequestSender - Using pooled Channel '[id: 0xaf3d3e61, L:/127.0.0.1:65284 - R:localhost/127.0.0.1:36901]' for 'GET' to 'http://localhost:36901/session/44f2ae58ab05ebd5ddbd711de0d879e7/element/EBDD85B9772CC7D89296D39A6AA9A042_element_31/name'
14:41:08.471 [Forwarding getElementTagName on session 44f2ae58ab05ebd5ddbd711de0d879e7 to remote] DEBUG org.asynchttpclient.netty.request.NettyRequestSender - Using open Channel [id: 0xaf3d3e61, L:/127.0.0.1:65284 - R:localhost/127.0.0.1:36901] for GET '/session/44f2ae58ab05ebd5ddbd711de0d879e7/element/EBDD85B9772CC7D89296D39A6AA9A042_element_31/name'
14:41:08.479 [AsyncHttpClient-1-11] DEBUG org.asynchttpclient.netty.handler.HttpHandler - 

Request DefaultFullHttpRequest(decodeResult: success, version: HTTP/1.1, content: EmptyByteBufBE)
GET /session/44f2ae58ab05ebd5ddbd711de0d879e7/element/EBDD85B9772CC7D89296D39A6AA9A042_element_31/name HTTP/1.1
User-Agent: selenium/4.7.1 (java windows)
Cache-Control: no-cache
Content-Type: application/json; charset=utf-8
host: localhost:36901
accept: */*

Response DefaultHttpResponse(decodeResult: success, version: HTTP/1.1)
HTTP/1.1 200 OK
Content-Type: application/json; charset=utf-8
cache-control: no-cache
content-length: 17

14:41:08.479 [AsyncHttpClient-1-11] DEBUG org.asynchttpclient.netty.channel.ChannelManager - Adding key: http://localhost:36901 for channel [id: 0xaf3d3e61, L:/127.0.0.1:65284 - R:localhost/127.0.0.1:36901]
14:41:08.479 [Forwarding getElementTagName on session 44f2ae58ab05ebd5ddbd711de0d879e7 to remote] DEBUG org.asynchttpclient.netty.request.NettyRequestSender - Using pooled Channel '[id: 0xaf3d3e61, L:/127.0.0.1:65284 - R:localhost/127.0.0.1:36901]' for 'GET' to 'http://localhost:36901/session/44f2ae58ab05ebd5ddbd711de0d879e7/element/EBDD85B9772CC7D89296D39A6AA9A042_element_31/name'
14:41:08.479 [Forwarding getElementTagName on session 44f2ae58ab05ebd5ddbd711de0d879e7 to remote] DEBUG org.asynchttpclient.netty.request.NettyRequestSender - Using open Channel [id: 0xaf3d3e61, L:/127.0.0.1:65284 - R:localhost/127.0.0.1:36901] for GET '/session/44f2ae58ab05ebd5ddbd711de0d879e7/element/EBDD85B9772CC7D89296D39A6AA9A042_element_31/name'
14:41:08.487 [AsyncHttpClient-1-11] DEBUG org.asynchttpclient.netty.handler.HttpHandler - 

Request DefaultFullHttpRequest(decodeResult: success, version: HTTP/1.1, content: EmptyByteBufBE)
GET /session/44f2ae58ab05ebd5ddbd711de0d879e7/element/EBDD85B9772CC7D89296D39A6AA9A042_element_31/name HTTP/1.1
User-Agent: selenium/4.7.1 (java windows)
Cache-Control: no-cache
Content-Type: application/json; charset=utf-8
host: localhost:36901
accept: */*

Response DefaultHttpResponse(decodeResult: success, version: HTTP/1.1)
HTTP/1.1 200 OK
Content-Type: application/json; charset=utf-8
cache-control: no-cache
content-length: 17

14:41:08.487 [AsyncHttpClient-1-11] DEBUG org.asynchttpclient.netty.channel.ChannelManager - Adding key: http://localhost:36901 for channel [id: 0xaf3d3e61, L:/127.0.0.1:65284 - R:localhost/127.0.0.1:36901]
14:41:08.487 [Forwarding isElementEnabled on session 44f2ae58ab05ebd5ddbd711de0d879e7 to remote] DEBUG org.asynchttpclient.netty.request.NettyRequestSender - Using pooled Channel '[id: 0xaf3d3e61, L:/127.0.0.1:65284 - R:localhost/127.0.0.1:36901]' for 'GET' to 'http://localhost:36901/session/44f2ae58ab05ebd5ddbd711de0d879e7/element/EBDD85B9772CC7D89296D39A6AA9A042_element_31/enabled'
14:41:08.487 [Forwarding isElementEnabled on session 44f2ae58ab05ebd5ddbd711de0d879e7 to remote] DEBUG org.asynchttpclient.netty.request.NettyRequestSender - Using open Channel [id: 0xaf3d3e61, L:/127.0.0.1:65284 - R:localhost/127.0.0.1:36901] for GET '/session/44f2ae58ab05ebd5ddbd711de0d879e7/element/EBDD85B9772CC7D89296D39A6AA9A042_element_31/enabled'
14:41:08.495 [AsyncHttpClient-1-11] DEBUG org.asynchttpclient.netty.handler.HttpHandler - 

Request DefaultFullHttpRequest(decodeResult: success, version: HTTP/1.1, content: EmptyByteBufBE)
GET /session/44f2ae58ab05ebd5ddbd711de0d879e7/element/EBDD85B9772CC7D89296D39A6AA9A042_element_31/enabled HTTP/1.1
User-Agent: selenium/4.7.1 (java windows)
Cache-Control: no-cache
Content-Type: application/json; charset=utf-8
host: localhost:36901
accept: */*

Response DefaultHttpResponse(decodeResult: success, version: HTTP/1.1)
HTTP/1.1 200 OK
Content-Type: application/json; charset=utf-8
cache-control: no-cache
content-length: 14

14:41:08.495 [AsyncHttpClient-1-11] DEBUG org.asynchttpclient.netty.channel.ChannelManager - Adding key: http://localhost:36901 for channel [id: 0xaf3d3e61, L:/127.0.0.1:65284 - R:localhost/127.0.0.1:36901]
14:41:08.495 [Forwarding isElementEnabled on session 44f2ae58ab05ebd5ddbd711de0d879e7 to remote] DEBUG org.asynchttpclient.netty.request.NettyRequestSender - Using pooled Channel '[id: 0xaf3d3e61, L:/127.0.0.1:65284 - R:localhost/127.0.0.1:36901]' for 'GET' to 'http://localhost:36901/session/44f2ae58ab05ebd5ddbd711de0d879e7/element/EBDD85B9772CC7D89296D39A6AA9A042_element_31/enabled'
14:41:08.495 [Forwarding isElementEnabled on session 44f2ae58ab05ebd5ddbd711de0d879e7 to remote] DEBUG org.asynchttpclient.netty.request.NettyRequestSender - Using open Channel [id: 0xaf3d3e61, L:/127.0.0.1:65284 - R:localhost/127.0.0.1:36901] for GET '/session/44f2ae58ab05ebd5ddbd711de0d879e7/element/EBDD85B9772CC7D89296D39A6AA9A042_element_31/enabled'
14:41:08.511 [AsyncHttpClient-1-11] DEBUG org.asynchttpclient.netty.handler.HttpHandler - 

Request DefaultFullHttpRequest(decodeResult: success, version: HTTP/1.1, content: EmptyByteBufBE)
GET /session/44f2ae58ab05ebd5ddbd711de0d879e7/element/EBDD85B9772CC7D89296D39A6AA9A042_element_31/enabled HTTP/1.1
User-Agent: selenium/4.7.1 (java windows)
Cache-Control: no-cache
Content-Type: application/json; charset=utf-8
host: localhost:36901
accept: */*

Response DefaultHttpResponse(decodeResult: success, version: HTTP/1.1)
HTTP/1.1 200 OK
Content-Type: application/json; charset=utf-8
cache-control: no-cache
content-length: 14

14:41:08.511 [AsyncHttpClient-1-11] DEBUG org.asynchttpclient.netty.channel.ChannelManager - Adding key: http://localhost:36901 for channel [id: 0xaf3d3e61, L:/127.0.0.1:65284 - R:localhost/127.0.0.1:36901]
14:41:08.515 [Forwarding findElement on session 44f2ae58ab05ebd5ddbd711de0d879e7 to remote] DEBUG org.asynchttpclient.netty.request.NettyRequestSender - Using pooled Channel '[id: 0xaf3d3e61, L:/127.0.0.1:65284 - R:localhost/127.0.0.1:36901]' for 'POST' to 'http://localhost:36901/session/44f2ae58ab05ebd5ddbd711de0d879e7/element'
14:41:08.515 [Forwarding findElement on session 44f2ae58ab05ebd5ddbd711de0d879e7 to remote] DEBUG org.asynchttpclient.netty.request.NettyRequestSender - Using open Channel [id: 0xaf3d3e61, L:/127.0.0.1:65284 - R:localhost/127.0.0.1:36901] for POST '/session/44f2ae58ab05ebd5ddbd711de0d879e7/element'
14:41:08.527 [AsyncHttpClient-1-11] DEBUG org.asynchttpclient.netty.handler.HttpHandler - 

Request DefaultHttpRequest(decodeResult: success, version: HTTP/1.1)
POST /session/44f2ae58ab05ebd5ddbd711de0d879e7/element HTTP/1.1
User-Agent: selenium/4.7.1 (java windows)
Content-Length: 74
Content-Type: application/json; charset=utf-8
host: localhost:36901
accept: */*

Response DefaultHttpResponse(decodeResult: success, version: HTTP/1.1)
HTTP/1.1 200 OK
Content-Type: application/json; charset=utf-8
cache-control: no-cache
content-length: 95

14:41:08.527 [AsyncHttpClient-1-11] DEBUG org.asynchttpclient.netty.channel.ChannelManager - Adding key: http://localhost:36901 for channel [id: 0xaf3d3e61, L:/127.0.0.1:65284 - R:localhost/127.0.0.1:36901]
14:41:08.527 [Forwarding clickElement on session 44f2ae58ab05ebd5ddbd711de0d879e7 to remote] DEBUG org.asynchttpclient.netty.request.NettyRequestSender - Using pooled Channel '[id: 0xaf3d3e61, L:/127.0.0.1:65284 - R:localhost/127.0.0.1:36901]' for 'POST' to 'http://localhost:36901/session/44f2ae58ab05ebd5ddbd711de0d879e7/element/EBDD85B9772CC7D89296D39A6AA9A042_element_31/click'
14:41:08.535 [Forwarding clickElement on session 44f2ae58ab05ebd5ddbd711de0d879e7 to remote] DEBUG org.asynchttpclient.netty.request.NettyRequestSender - Using open Channel [id: 0xaf3d3e61, L:/127.0.0.1:65284 - R:localhost/127.0.0.1:36901] for POST '/session/44f2ae58ab05ebd5ddbd711de0d879e7/element/EBDD85B9772CC7D89296D39A6AA9A042_element_31/click'
14:41:08.591 [AsyncHttpClient-1-11] DEBUG org.asynchttpclient.netty.handler.HttpHandler - 

Request DefaultHttpRequest(decodeResult: success, version: HTTP/1.1)
POST /session/44f2ae58ab05ebd5ddbd711de0d879e7/element/EBDD85B9772CC7D89296D39A6AA9A042_element_31/click HTTP/1.1
User-Agent: selenium/4.7.1 (java windows)
Content-Length: 57
Content-Type: application/json; charset=utf-8
host: localhost:36901
accept: */*

Response DefaultHttpResponse(decodeResult: success, version: HTTP/1.1)
HTTP/1.1 200 OK
Content-Type: application/json; charset=utf-8
cache-control: no-cache
content-length: 14

14:41:08.591 [AsyncHttpClient-1-11] DEBUG org.asynchttpclient.netty.channel.ChannelManager - Adding key: http://localhost:36901 for channel [id: 0xaf3d3e61, L:/127.0.0.1:65284 - R:localhost/127.0.0.1:36901]
14:41:08.599 [AsyncHttpClient-1-1] DEBUG org.asynchttpclient.netty.channel.DefaultChannelPool - Entry count for : http://localhost:65285 : 1
14:41:08.599 [AsyncHttpClient-1-1] DEBUG org.asynchttpclient.netty.channel.DefaultChannelPool - Entry count for : http://localhost:36901 : 1
14:41:08.599 [Forwarding findElement on session 44f2ae58ab05ebd5ddbd711de0d879e7 to remote] DEBUG org.asynchttpclient.netty.request.NettyRequestSender - Using pooled Channel '[id: 0xaf3d3e61, L:/127.0.0.1:65284 - R:localhost/127.0.0.1:36901]' for 'POST' to 'http://localhost:36901/session/44f2ae58ab05ebd5ddbd711de0d879e7/element'
14:41:08.599 [Forwarding findElement on session 44f2ae58ab05ebd5ddbd711de0d879e7 to remote] DEBUG org.asynchttpclient.netty.request.NettyRequestSender - Using open Channel [id: 0xaf3d3e61, L:/127.0.0.1:65284 - R:localhost/127.0.0.1:36901] for POST '/session/44f2ae58ab05ebd5ddbd711de0d879e7/element'
14:41:08.616 [AsyncHttpClient-1-11] DEBUG org.asynchttpclient.netty.handler.HttpHandler - 

Request DefaultHttpRequest(decodeResult: success, version: HTTP/1.1)
POST /session/44f2ae58ab05ebd5ddbd711de0d879e7/element HTTP/1.1
User-Agent: selenium/4.7.1 (java windows)
Content-Length: 74
Content-Type: application/json; charset=utf-8
host: localhost:36901
accept: */*

Response DefaultHttpResponse(decodeResult: success, version: HTTP/1.1)
HTTP/1.1 200 OK
Content-Type: application/json; charset=utf-8
cache-control: no-cache
content-length: 95

14:41:08.616 [AsyncHttpClient-1-11] DEBUG org.asynchttpclient.netty.channel.ChannelManager - Adding key: http://localhost:36901 for channel [id: 0xaf3d3e61, L:/127.0.0.1:65284 - R:localhost/127.0.0.1:36901]
14:41:08.616 [Forwarding clearElement on session 44f2ae58ab05ebd5ddbd711de0d879e7 to remote] DEBUG org.asynchttpclient.netty.request.NettyRequestSender - Using pooled Channel '[id: 0xaf3d3e61, L:/127.0.0.1:65284 - R:localhost/127.0.0.1:36901]' for 'POST' to 'http://localhost:36901/session/44f2ae58ab05ebd5ddbd711de0d879e7/element/EBDD85B9772CC7D89296D39A6AA9A042_element_31/clear'
14:41:08.616 [Forwarding clearElement on session 44f2ae58ab05ebd5ddbd711de0d879e7 to remote] DEBUG org.asynchttpclient.netty.request.NettyRequestSender - Using open Channel [id: 0xaf3d3e61, L:/127.0.0.1:65284 - R:localhost/127.0.0.1:36901] for POST '/session/44f2ae58ab05ebd5ddbd711de0d879e7/element/EBDD85B9772CC7D89296D39A6AA9A042_element_31/clear'
14:41:08.655 [AsyncHttpClient-1-11] DEBUG org.asynchttpclient.netty.handler.HttpHandler - 

Request DefaultHttpRequest(decodeResult: success, version: HTTP/1.1)
POST /session/44f2ae58ab05ebd5ddbd711de0d879e7/element/EBDD85B9772CC7D89296D39A6AA9A042_element_31/clear HTTP/1.1
User-Agent: selenium/4.7.1 (java windows)
Content-Length: 57
Content-Type: application/json; charset=utf-8
host: localhost:36901
accept: */*

Response DefaultHttpResponse(decodeResult: success, version: HTTP/1.1)
HTTP/1.1 200 OK
Content-Type: application/json; charset=utf-8
cache-control: no-cache
content-length: 14

14:41:08.655 [AsyncHttpClient-1-11] DEBUG org.asynchttpclient.netty.channel.ChannelManager - Adding key: http://localhost:36901 for channel [id: 0xaf3d3e61, L:/127.0.0.1:65284 - R:localhost/127.0.0.1:36901]
14:41:08.655 [Forwarding sendKeysToElement on session 44f2ae58ab05ebd5ddbd711de0d879e7 to remote] DEBUG org.asynchttpclient.netty.request.NettyRequestSender - Using pooled Channel '[id: 0xaf3d3e61, L:/127.0.0.1:65284 - R:localhost/127.0.0.1:36901]' for 'POST' to 'http://localhost:36901/session/44f2ae58ab05ebd5ddbd711de0d879e7/element/EBDD85B9772CC7D89296D39A6AA9A042_element_31/value'
14:41:08.655 [Forwarding sendKeysToElement on session 44f2ae58ab05ebd5ddbd711de0d879e7 to remote] DEBUG org.asynchttpclient.netty.request.NettyRequestSender - Using open Channel [id: 0xaf3d3e61, L:/127.0.0.1:65284 - R:localhost/127.0.0.1:36901] for POST '/session/44f2ae58ab05ebd5ddbd711de0d879e7/element/EBDD85B9772CC7D89296D39A6AA9A042_element_31/value'
14:41:08.695 [AsyncHttpClient-1-11] DEBUG org.asynchttpclient.netty.handler.HttpHandler - 

Request DefaultHttpRequest(decodeResult: success, version: HTTP/1.1)
POST /session/44f2ae58ab05ebd5ddbd711de0d879e7/element/EBDD85B9772CC7D89296D39A6AA9A042_element_31/value HTTP/1.1
User-Agent: selenium/4.7.1 (java windows)
Content-Length: 89
Content-Type: application/json; charset=utf-8
host: localhost:36901
accept: */*

Response DefaultHttpResponse(decodeResult: success, version: HTTP/1.1)
HTTP/1.1 200 OK
Content-Type: application/json; charset=utf-8
cache-control: no-cache
content-length: 14

14:41:08.695 [AsyncHttpClient-1-11] DEBUG org.asynchttpclient.netty.channel.ChannelManager - Adding key: http://localhost:36901 for channel [id: 0xaf3d3e61, L:/127.0.0.1:65284 - R:localhost/127.0.0.1:36901]
14:41:08.703 [Forwarding getCurrentWindowHandle on session 44f2ae58ab05ebd5ddbd711de0d879e7 to remote] DEBUG org.asynchttpclient.netty.request.NettyRequestSender - Using pooled Channel '[id: 0xaf3d3e61, L:/127.0.0.1:65284 - R:localhost/127.0.0.1:36901]' for 'GET' to 'http://localhost:36901/session/44f2ae58ab05ebd5ddbd711de0d879e7/window'
14:41:08.703 [Forwarding getCurrentWindowHandle on session 44f2ae58ab05ebd5ddbd711de0d879e7 to remote] DEBUG org.asynchttpclient.netty.request.NettyRequestSender - Using open Channel [id: 0xaf3d3e61, L:/127.0.0.1:65284 - R:localhost/127.0.0.1:36901] for GET '/session/44f2ae58ab05ebd5ddbd711de0d879e7/window'
14:41:08.703 [AsyncHttpClient-1-11] DEBUG org.asynchttpclient.netty.handler.HttpHandler - 

Request DefaultFullHttpRequest(decodeResult: success, version: HTTP/1.1, content: EmptyByteBufBE)
GET /session/44f2ae58ab05ebd5ddbd711de0d879e7/window HTTP/1.1
User-Agent: selenium/4.7.1 (java windows)
Cache-Control: no-cache
Content-Type: application/json; charset=utf-8
host: localhost:36901
accept: */*

Response DefaultHttpResponse(decodeResult: success, version: HTTP/1.1)
HTTP/1.1 200 OK
Content-Type: application/json; charset=utf-8
cache-control: no-cache
content-length: 44

14:41:08.711 [AsyncHttpClient-1-11] DEBUG org.asynchttpclient.netty.channel.ChannelManager - Adding key: http://localhost:36901 for channel [id: 0xaf3d3e61, L:/127.0.0.1:65284 - R:localhost/127.0.0.1:36901]
14:41:08.711 [Forwarding getAlertText on session 44f2ae58ab05ebd5ddbd711de0d879e7 to remote] DEBUG org.asynchttpclient.netty.request.NettyRequestSender - Using pooled Channel '[id: 0xaf3d3e61, L:/127.0.0.1:65284 - R:localhost/127.0.0.1:36901]' for 'GET' to 'http://localhost:36901/session/44f2ae58ab05ebd5ddbd711de0d879e7/alert/text'
14:41:08.711 [Forwarding getAlertText on session 44f2ae58ab05ebd5ddbd711de0d879e7 to remote] DEBUG org.asynchttpclient.netty.request.NettyRequestSender - Using open Channel [id: 0xaf3d3e61, L:/127.0.0.1:65284 - R:localhost/127.0.0.1:36901] for GET '/session/44f2ae58ab05ebd5ddbd711de0d879e7/alert/text'
14:41:08.711 [AsyncHttpClient-1-11] DEBUG org.asynchttpclient.netty.handler.HttpHandler - 

Request DefaultFullHttpRequest(decodeResult: success, version: HTTP/1.1, content: EmptyByteBufBE)
GET /session/44f2ae58ab05ebd5ddbd711de0d879e7/alert/text HTTP/1.1
User-Agent: selenium/4.7.1 (java windows)
Cache-Control: no-cache
Content-Type: application/json; charset=utf-8
host: localhost:36901
accept: */*

Response DefaultHttpResponse(decodeResult: success, version: HTTP/1.1)
HTTP/1.1 404 Not Found
Content-Type: application/json; charset=utf-8
cache-control: no-cache
content-length: 821

14:41:08.715 [AsyncHttpClient-1-11] DEBUG org.asynchttpclient.netty.channel.ChannelManager - Adding key: http://localhost:36901 for channel [id: 0xaf3d3e61, L:/127.0.0.1:65284 - R:localhost/127.0.0.1:36901]
14:41:08.715 [Forwarding switchToWindow on session 44f2ae58ab05ebd5ddbd711de0d879e7 to remote] DEBUG org.asynchttpclient.netty.request.NettyRequestSender - Using pooled Channel '[id: 0xaf3d3e61, L:/127.0.0.1:65284 - R:localhost/127.0.0.1:36901]' for 'POST' to 'http://localhost:36901/session/44f2ae58ab05ebd5ddbd711de0d879e7/window'
14:41:08.715 [Forwarding switchToWindow on session 44f2ae58ab05ebd5ddbd711de0d879e7 to remote] DEBUG org.asynchttpclient.netty.request.NettyRequestSender - Using open Channel [id: 0xaf3d3e61, L:/127.0.0.1:65284 - R:localhost/127.0.0.1:36901] for POST '/session/44f2ae58ab05ebd5ddbd711de0d879e7/window'
14:41:08.719 [AsyncHttpClient-1-11] DEBUG org.asynchttpclient.netty.handler.HttpHandler - 

Request DefaultHttpRequest(decodeResult: success, version: HTTP/1.1)
POST /session/44f2ae58ab05ebd5ddbd711de0d879e7/window HTTP/1.1
User-Agent: selenium/4.7.1 (java windows)
Content-Length: 50
Content-Type: application/json; charset=utf-8
host: localhost:36901
accept: */*

Response DefaultHttpResponse(decodeResult: success, version: HTTP/1.1)
HTTP/1.1 200 OK
Content-Type: application/json; charset=utf-8
cache-control: no-cache
content-length: 14

14:41:08.719 [AsyncHttpClient-1-11] DEBUG org.asynchttpclient.netty.channel.ChannelManager - Adding key: http://localhost:36901 for channel [id: 0xaf3d3e61, L:/127.0.0.1:65284 - R:localhost/127.0.0.1:36901]
14:41:08.719 [Forwarding getCurrentUrl on session 44f2ae58ab05ebd5ddbd711de0d879e7 to remote] DEBUG org.asynchttpclient.netty.request.NettyRequestSender - Using pooled Channel '[id: 0xaf3d3e61, L:/127.0.0.1:65284 - R:localhost/127.0.0.1:36901]' for 'GET' to 'http://localhost:36901/session/44f2ae58ab05ebd5ddbd711de0d879e7/url'
14:41:08.719 [Forwarding getCurrentUrl on session 44f2ae58ab05ebd5ddbd711de0d879e7 to remote] DEBUG org.asynchttpclient.netty.request.NettyRequestSender - Using open Channel [id: 0xaf3d3e61, L:/127.0.0.1:65284 - R:localhost/127.0.0.1:36901] for GET '/session/44f2ae58ab05ebd5ddbd711de0d879e7/url'
14:41:08.727 [AsyncHttpClient-1-11] DEBUG org.asynchttpclient.netty.handler.HttpHandler - 

Request DefaultFullHttpRequest(decodeResult: success, version: HTTP/1.1, content: EmptyByteBufBE)
GET /session/44f2ae58ab05ebd5ddbd711de0d879e7/url HTTP/1.1
User-Agent: selenium/4.7.1 (java windows)
Cache-Control: no-cache
Content-Type: application/json; charset=utf-8
host: localhost:36901
accept: */*

Response DefaultHttpResponse(decodeResult: success, version: HTTP/1.1)
HTTP/1.1 200 OK
Content-Type: application/json; charset=utf-8
cache-control: no-cache
content-length: 65

14:41:08.727 [AsyncHttpClient-1-11] DEBUG org.asynchttpclient.netty.channel.ChannelManager - Adding key: http://localhost:36901 for channel [id: 0xaf3d3e61, L:/127.0.0.1:65284 - R:localhost/127.0.0.1:36901]
14:41:08.727 [Forwarding screenshot on session 44f2ae58ab05ebd5ddbd711de0d879e7 to remote] DEBUG org.asynchttpclient.netty.request.NettyRequestSender - Using pooled Channel '[id: 0xaf3d3e61, L:/127.0.0.1:65284 - R:localhost/127.0.0.1:36901]' for 'GET' to 'http://localhost:36901/session/44f2ae58ab05ebd5ddbd711de0d879e7/screenshot'
14:41:08.727 [Forwarding screenshot on session 44f2ae58ab05ebd5ddbd711de0d879e7 to remote] DEBUG org.asynchttpclient.netty.request.NettyRequestSender - Using open Channel [id: 0xaf3d3e61, L:/127.0.0.1:65284 - R:localhost/127.0.0.1:36901] for GET '/session/44f2ae58ab05ebd5ddbd711de0d879e7/screenshot'
14:41:08.887 [AsyncHttpClient-1-11] DEBUG org.asynchttpclient.netty.handler.HttpHandler - 

Request DefaultFullHttpRequest(decodeResult: success, version: HTTP/1.1, content: EmptyByteBufBE)
GET /session/44f2ae58ab05ebd5ddbd711de0d879e7/screenshot HTTP/1.1
User-Agent: selenium/4.7.1 (java windows)
Cache-Control: no-cache
Content-Type: application/json; charset=utf-8
host: localhost:36901
accept: */*

Response DefaultHttpResponse(decodeResult: success, version: HTTP/1.1)
HTTP/1.1 200 OK
Content-Type: application/json; charset=utf-8
cache-control: no-cache
content-length: 34856

14:41:08.887 [AsyncHttpClient-1-11] DEBUG org.asynchttpclient.netty.channel.ChannelManager - Adding key: http://localhost:36901 for channel [id: 0xaf3d3e61, L:/127.0.0.1:65284 - R:localhost/127.0.0.1:36901]
14:41:08.887 [main] DEBUG net.serenitybdd.core.photography.Darkroom - Send negative for processing for target\site\serenity\5fefe165bb011c03469a93275cf5cc245d01445ea8472ec12ce61801fd4929c1.png
14:41:08.887 [main] DEBUG net.thucydides.core.steps.StepInterceptor - STEP DONE: inputfieldwilayah
14:41:08.887 [Darkroom Processing Line] DEBUG net.serenitybdd.core.photography.DarkroomProcessingLine - Processing screenshot image in /var/screenshots/screenshot-4600134222853268064
  &amp#27;[32mAnd &amp#27;[0m&amp#27;[32mAdmin tidak input field wilayah&amp#27;[0m                                                    &amp#27;[90m# starter.stepdefinitions.PDAMSteps.adminTidakInputFieldWilayah()&amp#27;[0m
14:41:08.887 [Darkroom Processing Line] DEBUG net.serenitybdd.core.photography.DarkroomProcessingLine - Saving screenshot to target\site\serenity\5fefe165bb011c03469a93275cf5cc245d01445ea8472ec12ce61801fd4929c1.png
14:41:08.903 [main] DEBUG net.thucydides.core.steps.StepInterceptor - STARTING STEP: PDAMSteps.adminKlikSimpanDanMunculErorMessageWilayahWajibDiisi - klikbuttonsimpandantidakmunculpopupberhasil
14:41:08.915 [Forwarding findElement on session 44f2ae58ab05ebd5ddbd711de0d879e7 to remote] DEBUG org.asynchttpclient.netty.request.NettyRequestSender - Using pooled Channel '[id: 0xaf3d3e61, L:/127.0.0.1:65284 - R:localhost/127.0.0.1:36901]' for 'POST' to 'http://localhost:36901/session/44f2ae58ab05ebd5ddbd711de0d879e7/element'
14:41:08.915 [Forwarding findElement on session 44f2ae58ab05ebd5ddbd711de0d879e7 to remote] DEBUG org.asynchttpclient.netty.request.NettyRequestSender - Using open Channel [id: 0xaf3d3e61, L:/127.0.0.1:65284 - R:localhost/127.0.0.1:36901] for POST '/session/44f2ae58ab05ebd5ddbd711de0d879e7/element'
14:41:08.927 [AsyncHttpClient-1-11] DEBUG org.asynchttpclient.netty.handler.HttpHandler - 

Request DefaultHttpRequest(decodeResult: success, version: HTTP/1.1)
POST /session/44f2ae58ab05ebd5ddbd711de0d879e7/element HTTP/1.1
User-Agent: selenium/4.7.1 (java windows)
Content-Length: 83
Content-Type: application/json; charset=utf-8
host: localhost:36901
accept: */*

Response DefaultHttpResponse(decodeResult: success, version: HTTP/1.1)
HTTP/1.1 200 OK
Content-Type: application/json; charset=utf-8
cache-control: no-cache
content-length: 95

14:41:08.927 [AsyncHttpClient-1-11] DEBUG org.asynchttpclient.netty.channel.ChannelManager - Adding key: http://localhost:36901 for channel [id: 0xaf3d3e61, L:/127.0.0.1:65284 - R:localhost/127.0.0.1:36901]
14:41:08.927 [Forwarding getElementTagName on session 44f2ae58ab05ebd5ddbd711de0d879e7 to remote] DEBUG org.asynchttpclient.netty.request.NettyRequestSender - Using pooled Channel '[id: 0xaf3d3e61, L:/127.0.0.1:65284 - R:localhost/127.0.0.1:36901]' for 'GET' to 'http://localhost:36901/session/44f2ae58ab05ebd5ddbd711de0d879e7/element/EBDD85B9772CC7D89296D39A6AA9A042_element_32/name'
14:41:08.927 [Forwarding getElementTagName on session 44f2ae58ab05ebd5ddbd711de0d879e7 to remote] DEBUG org.asynchttpclient.netty.request.NettyRequestSender - Using open Channel [id: 0xaf3d3e61, L:/127.0.0.1:65284 - R:localhost/127.0.0.1:36901] for GET '/session/44f2ae58ab05ebd5ddbd711de0d879e7/element/EBDD85B9772CC7D89296D39A6AA9A042_element_32/name'
14:41:08.935 [AsyncHttpClient-1-11] DEBUG org.asynchttpclient.netty.handler.HttpHandler - 

Request DefaultFullHttpRequest(decodeResult: success, version: HTTP/1.1, content: EmptyByteBufBE)
GET /session/44f2ae58ab05ebd5ddbd711de0d879e7/element/EBDD85B9772CC7D89296D39A6AA9A042_element_32/name HTTP/1.1
User-Agent: selenium/4.7.1 (java windows)
Cache-Control: no-cache
Content-Type: application/json; charset=utf-8
host: localhost:36901
accept: */*

Response DefaultHttpResponse(decodeResult: success, version: HTTP/1.1)
HTTP/1.1 200 OK
Content-Type: application/json; charset=utf-8
cache-control: no-cache
content-length: 18

14:41:08.935 [AsyncHttpClient-1-11] DEBUG org.asynchttpclient.netty.channel.ChannelManager - Adding key: http://localhost:36901 for channel [id: 0xaf3d3e61, L:/127.0.0.1:65284 - R:localhost/127.0.0.1:36901]
14:41:08.935 [Forwarding getElementTagName on session 44f2ae58ab05ebd5ddbd711de0d879e7 to remote] DEBUG org.asynchttpclient.netty.request.NettyRequestSender - Using pooled Channel '[id: 0xaf3d3e61, L:/127.0.0.1:65284 - R:localhost/127.0.0.1:36901]' for 'GET' to 'http://localhost:36901/session/44f2ae58ab05ebd5ddbd711de0d879e7/element/EBDD85B9772CC7D89296D39A6AA9A042_element_32/name'
14:41:08.935 [Forwarding getElementTagName on session 44f2ae58ab05ebd5ddbd711de0d879e7 to remote] DEBUG org.asynchttpclient.netty.request.NettyRequestSender - Using open Channel [id: 0xaf3d3e61, L:/127.0.0.1:65284 - R:localhost/127.0.0.1:36901] for GET '/session/44f2ae58ab05ebd5ddbd711de0d879e7/element/EBDD85B9772CC7D89296D39A6AA9A042_element_32/name'
14:41:08.943 [AsyncHttpClient-1-11] DEBUG org.asynchttpclient.netty.handler.HttpHandler - 

Request DefaultFullHttpRequest(decodeResult: success, version: HTTP/1.1, content: EmptyByteBufBE)
GET /session/44f2ae58ab05ebd5ddbd711de0d879e7/element/EBDD85B9772CC7D89296D39A6AA9A042_element_32/name HTTP/1.1
User-Agent: selenium/4.7.1 (java windows)
Cache-Control: no-cache
Content-Type: application/json; charset=utf-8
host: localhost:36901
accept: */*

Response DefaultHttpResponse(decodeResult: success, version: HTTP/1.1)
HTTP/1.1 200 OK
Content-Type: application/json; charset=utf-8
cache-control: no-cache
content-length: 18

14:41:08.943 [AsyncHttpClient-1-11] DEBUG org.asynchttpclient.netty.channel.ChannelManager - Adding key: http://localhost:36901 for channel [id: 0xaf3d3e61, L:/127.0.0.1:65284 - R:localhost/127.0.0.1:36901]
14:41:08.951 [Forwarding isElementEnabled on session 44f2ae58ab05ebd5ddbd711de0d879e7 to remote] DEBUG org.asynchttpclient.netty.request.NettyRequestSender - Using pooled Channel '[id: 0xaf3d3e61, L:/127.0.0.1:65284 - R:localhost/127.0.0.1:36901]' for 'GET' to 'http://localhost:36901/session/44f2ae58ab05ebd5ddbd711de0d879e7/element/EBDD85B9772CC7D89296D39A6AA9A042_element_32/enabled'
14:41:08.951 [Forwarding isElementEnabled on session 44f2ae58ab05ebd5ddbd711de0d879e7 to remote] DEBUG org.asynchttpclient.netty.request.NettyRequestSender - Using open Channel [id: 0xaf3d3e61, L:/127.0.0.1:65284 - R:localhost/127.0.0.1:36901] for GET '/session/44f2ae58ab05ebd5ddbd711de0d879e7/element/EBDD85B9772CC7D89296D39A6AA9A042_element_32/enabled'
14:41:08.959 [AsyncHttpClient-1-11] DEBUG org.asynchttpclient.netty.handler.HttpHandler - 

Request DefaultFullHttpRequest(decodeResult: success, version: HTTP/1.1, content: EmptyByteBufBE)
GET /session/44f2ae58ab05ebd5ddbd711de0d879e7/element/EBDD85B9772CC7D89296D39A6AA9A042_element_32/enabled HTTP/1.1
User-Agent: selenium/4.7.1 (java windows)
Cache-Control: no-cache
Content-Type: application/json; charset=utf-8
host: localhost:36901
accept: */*

Response DefaultHttpResponse(decodeResult: success, version: HTTP/1.1)
HTTP/1.1 200 OK
Content-Type: application/json; charset=utf-8
cache-control: no-cache
content-length: 14

14:41:08.959 [AsyncHttpClient-1-11] DEBUG org.asynchttpclient.netty.channel.ChannelManager - Adding key: http://localhost:36901 for channel [id: 0xaf3d3e61, L:/127.0.0.1:65284 - R:localhost/127.0.0.1:36901]
14:41:08.967 [Forwarding isElementEnabled on session 44f2ae58ab05ebd5ddbd711de0d879e7 to remote] DEBUG org.asynchttpclient.netty.request.NettyRequestSender - Using pooled Channel '[id: 0xaf3d3e61, L:/127.0.0.1:65284 - R:localhost/127.0.0.1:36901]' for 'GET' to 'http://localhost:36901/session/44f2ae58ab05ebd5ddbd711de0d879e7/element/EBDD85B9772CC7D89296D39A6AA9A042_element_32/enabled'
14:41:08.967 [Forwarding isElementEnabled on session 44f2ae58ab05ebd5ddbd711de0d879e7 to remote] DEBUG org.asynchttpclient.netty.request.NettyRequestSender - Using open Channel [id: 0xaf3d3e61, L:/127.0.0.1:65284 - R:localhost/127.0.0.1:36901] for GET '/session/44f2ae58ab05ebd5ddbd711de0d879e7/element/EBDD85B9772CC7D89296D39A6AA9A042_element_32/enabled'
14:41:08.991 [AsyncHttpClient-1-11] DEBUG org.asynchttpclient.netty.handler.HttpHandler - 

Request DefaultFullHttpRequest(decodeResult: success, version: HTTP/1.1, content: EmptyByteBufBE)
GET /session/44f2ae58ab05ebd5ddbd711de0d879e7/element/EBDD85B9772CC7D89296D39A6AA9A042_element_32/enabled HTTP/1.1
User-Agent: selenium/4.7.1 (java windows)
Cache-Control: no-cache
Content-Type: application/json; charset=utf-8
host: localhost:36901
accept: */*

Response DefaultHttpResponse(decodeResult: success, version: HTTP/1.1)
HTTP/1.1 200 OK
Content-Type: application/json; charset=utf-8
cache-control: no-cache
content-length: 14

14:41:08.991 [AsyncHttpClient-1-11] DEBUG org.asynchttpclient.netty.channel.ChannelManager - Adding key: http://localhost:36901 for channel [id: 0xaf3d3e61, L:/127.0.0.1:65284 - R:localhost/127.0.0.1:36901]
14:41:08.999 [Forwarding findElement on session 44f2ae58ab05ebd5ddbd711de0d879e7 to remote] DEBUG org.asynchttpclient.netty.request.NettyRequestSender - Using pooled Channel '[id: 0xaf3d3e61, L:/127.0.0.1:65284 - R:localhost/127.0.0.1:36901]' for 'POST' to 'http://localhost:36901/session/44f2ae58ab05ebd5ddbd711de0d879e7/element'
14:41:08.999 [Forwarding findElement on session 44f2ae58ab05ebd5ddbd711de0d879e7 to remote] DEBUG org.asynchttpclient.netty.request.NettyRequestSender - Using open Channel [id: 0xaf3d3e61, L:/127.0.0.1:65284 - R:localhost/127.0.0.1:36901] for POST '/session/44f2ae58ab05ebd5ddbd711de0d879e7/element'
14:41:09.015 [AsyncHttpClient-1-11] DEBUG org.asynchttpclient.netty.handler.HttpHandler - 

Request DefaultHttpRequest(decodeResult: success, version: HTTP/1.1)
POST /session/44f2ae58ab05ebd5ddbd711de0d879e7/element HTTP/1.1
User-Agent: selenium/4.7.1 (java windows)
Content-Length: 83
Content-Type: application/json; charset=utf-8
host: localhost:36901
accept: */*

Response DefaultHttpResponse(decodeResult: success, version: HTTP/1.1)
HTTP/1.1 200 OK
Content-Type: application/json; charset=utf-8
cache-control: no-cache
content-length: 95

14:41:09.015 [AsyncHttpClient-1-11] DEBUG org.asynchttpclient.netty.channel.ChannelManager - Adding key: http://localhost:36901 for channel [id: 0xaf3d3e61, L:/127.0.0.1:65284 - R:localhost/127.0.0.1:36901]
14:41:09.015 [Forwarding clickElement on session 44f2ae58ab05ebd5ddbd711de0d879e7 to remote] DEBUG org.asynchttpclient.netty.request.NettyRequestSender - Using pooled Channel '[id: 0xaf3d3e61, L:/127.0.0.1:65284 - R:localhost/127.0.0.1:36901]' for 'POST' to 'http://localhost:36901/session/44f2ae58ab05ebd5ddbd711de0d879e7/element/EBDD85B9772CC7D89296D39A6AA9A042_element_32/click'
14:41:09.015 [Forwarding clickElement on session 44f2ae58ab05ebd5ddbd711de0d879e7 to remote] DEBUG org.asynchttpclient.netty.request.NettyRequestSender - Using open Channel [id: 0xaf3d3e61, L:/127.0.0.1:65284 - R:localhost/127.0.0.1:36901] for POST '/session/44f2ae58ab05ebd5ddbd711de0d879e7/element/EBDD85B9772CC7D89296D39A6AA9A042_element_32/click'
14:41:09.151 [AsyncHttpClient-1-11] DEBUG org.asynchttpclient.netty.handler.HttpHandler - 

Request DefaultHttpRequest(decodeResult: success, version: HTTP/1.1)
POST /session/44f2ae58ab05ebd5ddbd711de0d879e7/element/EBDD85B9772CC7D89296D39A6AA9A042_element_32/click HTTP/1.1
User-Agent: selenium/4.7.1 (java windows)
Content-Length: 57
Content-Type: application/json; charset=utf-8
host: localhost:36901
accept: */*

Response DefaultHttpResponse(decodeResult: success, version: HTTP/1.1)
HTTP/1.1 200 OK
Content-Type: application/json; charset=utf-8
cache-control: no-cache
content-length: 14

14:41:09.151 [AsyncHttpClient-1-11] DEBUG org.asynchttpclient.netty.channel.ChannelManager - Adding key: http://localhost:36901 for channel [id: 0xaf3d3e61, L:/127.0.0.1:65284 - R:localhost/127.0.0.1:36901]
14:41:09.159 [Forwarding findElement on session 44f2ae58ab05ebd5ddbd711de0d879e7 to remote] DEBUG org.asynchttpclient.netty.request.NettyRequestSender - Using pooled Channel '[id: 0xaf3d3e61, L:/127.0.0.1:65284 - R:localhost/127.0.0.1:36901]' for 'POST' to 'http://localhost:36901/session/44f2ae58ab05ebd5ddbd711de0d879e7/element'
14:41:09.159 [Forwarding findElement on session 44f2ae58ab05ebd5ddbd711de0d879e7 to remote] DEBUG org.asynchttpclient.netty.request.NettyRequestSender - Using open Channel [id: 0xaf3d3e61, L:/127.0.0.1:65284 - R:localhost/127.0.0.1:36901] for POST '/session/44f2ae58ab05ebd5ddbd711de0d879e7/element'
14:41:09.691 [AsyncHttpClient-1-1] DEBUG org.asynchttpclient.netty.channel.DefaultChannelPool - Entry count for : http://localhost:65285 : 1
14:41:10.805 [AsyncHttpClient-1-1] DEBUG org.asynchttpclient.netty.channel.DefaultChannelPool - Entry count for : http://localhost:65285 : 1
14:41:11.173 [AsyncHttpClient-1-11] DEBUG org.asynchttpclient.netty.handler.HttpHandler - 

Request DefaultHttpRequest(decodeResult: success, version: HTTP/1.1)
POST /session/44f2ae58ab05ebd5ddbd711de0d879e7/element HTTP/1.1
User-Agent: selenium/4.7.1 (java windows)
Content-Length: 99
Content-Type: application/json; charset=utf-8
host: localhost:36901
accept: */*

Response DefaultHttpResponse(decodeResult: success, version: HTTP/1.1)
HTTP/1.1 404 Not Found
Content-Type: application/json; charset=utf-8
cache-control: no-cache
content-length: 973

14:41:11.173 [AsyncHttpClient-1-11] DEBUG org.asynchttpclient.netty.channel.ChannelManager - Adding key: http://localhost:36901 for channel [id: 0xaf3d3e61, L:/127.0.0.1:65284 - R:localhost/127.0.0.1:36901]
14:41:11.181 [Forwarding getCurrentWindowHandle on session 44f2ae58ab05ebd5ddbd711de0d879e7 to remote] DEBUG org.asynchttpclient.netty.request.NettyRequestSender - Using pooled Channel '[id: 0xaf3d3e61, L:/127.0.0.1:65284 - R:localhost/127.0.0.1:36901]' for 'GET' to 'http://localhost:36901/session/44f2ae58ab05ebd5ddbd711de0d879e7/window'
14:41:11.181 [Forwarding getCurrentWindowHandle on session 44f2ae58ab05ebd5ddbd711de0d879e7 to remote] DEBUG org.asynchttpclient.netty.request.NettyRequestSender - Using open Channel [id: 0xaf3d3e61, L:/127.0.0.1:65284 - R:localhost/127.0.0.1:36901] for GET '/session/44f2ae58ab05ebd5ddbd711de0d879e7/window'
14:41:11.181 [AsyncHttpClient-1-11] DEBUG org.asynchttpclient.netty.handler.HttpHandler - 

Request DefaultFullHttpRequest(decodeResult: success, version: HTTP/1.1, content: EmptyByteBufBE)
GET /session/44f2ae58ab05ebd5ddbd711de0d879e7/window HTTP/1.1
User-Agent: selenium/4.7.1 (java windows)
Cache-Control: no-cache
Content-Type: application/json; charset=utf-8
host: localhost:36901
accept: */*

Response DefaultHttpResponse(decodeResult: success, version: HTTP/1.1)
HTTP/1.1 200 OK
Content-Type: application/json; charset=utf-8
cache-control: no-cache
content-length: 44

14:41:11.181 [AsyncHttpClient-1-11] DEBUG org.asynchttpclient.netty.channel.ChannelManager - Adding key: http://localhost:36901 for channel [id: 0xaf3d3e61, L:/127.0.0.1:65284 - R:localhost/127.0.0.1:36901]
14:41:11.189 [Forwarding getAlertText on session 44f2ae58ab05ebd5ddbd711de0d879e7 to remote] DEBUG org.asynchttpclient.netty.request.NettyRequestSender - Using pooled Channel '[id: 0xaf3d3e61, L:/127.0.0.1:65284 - R:localhost/127.0.0.1:36901]' for 'GET' to 'http://localhost:36901/session/44f2ae58ab05ebd5ddbd711de0d879e7/alert/text'
14:41:11.189 [Forwarding getAlertText on session 44f2ae58ab05ebd5ddbd711de0d879e7 to remote] DEBUG org.asynchttpclient.netty.request.NettyRequestSender - Using open Channel [id: 0xaf3d3e61, L:/127.0.0.1:65284 - R:localhost/127.0.0.1:36901] for GET '/session/44f2ae58ab05ebd5ddbd711de0d879e7/alert/text'
14:41:11.189 [AsyncHttpClient-1-11] DEBUG org.asynchttpclient.netty.handler.HttpHandler - 

Request DefaultFullHttpRequest(decodeResult: success, version: HTTP/1.1, content: EmptyByteBufBE)
GET /session/44f2ae58ab05ebd5ddbd711de0d879e7/alert/text HTTP/1.1
User-Agent: selenium/4.7.1 (java windows)
Cache-Control: no-cache
Content-Type: application/json; charset=utf-8
host: localhost:36901
accept: */*

Response DefaultHttpResponse(decodeResult: success, version: HTTP/1.1)
HTTP/1.1 404 Not Found
Content-Type: application/json; charset=utf-8
cache-control: no-cache
content-length: 821

14:41:11.189 [AsyncHttpClient-1-11] DEBUG org.asynchttpclient.netty.channel.ChannelManager - Adding key: http://localhost:36901 for channel [id: 0xaf3d3e61, L:/127.0.0.1:65284 - R:localhost/127.0.0.1:36901]
14:41:11.189 [Forwarding switchToWindow on session 44f2ae58ab05ebd5ddbd711de0d879e7 to remote] DEBUG org.asynchttpclient.netty.request.NettyRequestSender - Using pooled Channel '[id: 0xaf3d3e61, L:/127.0.0.1:65284 - R:localhost/127.0.0.1:36901]' for 'POST' to 'http://localhost:36901/session/44f2ae58ab05ebd5ddbd711de0d879e7/window'
14:41:11.189 [Forwarding switchToWindow on session 44f2ae58ab05ebd5ddbd711de0d879e7 to remote] DEBUG org.asynchttpclient.netty.request.NettyRequestSender - Using open Channel [id: 0xaf3d3e61, L:/127.0.0.1:65284 - R:localhost/127.0.0.1:36901] for POST '/session/44f2ae58ab05ebd5ddbd711de0d879e7/window'
14:41:11.189 [AsyncHttpClient-1-11] DEBUG org.asynchttpclient.netty.handler.HttpHandler - 

Request DefaultHttpRequest(decodeResult: success, version: HTTP/1.1)
POST /session/44f2ae58ab05ebd5ddbd711de0d879e7/window HTTP/1.1
User-Agent: selenium/4.7.1 (java windows)
Content-Length: 50
Content-Type: application/json; charset=utf-8
host: localhost:36901
accept: */*

Response DefaultHttpResponse(decodeResult: success, version: HTTP/1.1)
HTTP/1.1 200 OK
Content-Type: application/json; charset=utf-8
cache-control: no-cache
content-length: 14

14:41:11.189 [AsyncHttpClient-1-11] DEBUG org.asynchttpclient.netty.channel.ChannelManager - Adding key: http://localhost:36901 for channel [id: 0xaf3d3e61, L:/127.0.0.1:65284 - R:localhost/127.0.0.1:36901]
14:41:11.197 [Forwarding getCurrentUrl on session 44f2ae58ab05ebd5ddbd711de0d879e7 to remote] DEBUG org.asynchttpclient.netty.request.NettyRequestSender - Using pooled Channel '[id: 0xaf3d3e61, L:/127.0.0.1:65284 - R:localhost/127.0.0.1:36901]' for 'GET' to 'http://localhost:36901/session/44f2ae58ab05ebd5ddbd711de0d879e7/url'
14:41:11.197 [Forwarding getCurrentUrl on session 44f2ae58ab05ebd5ddbd711de0d879e7 to remote] DEBUG org.asynchttpclient.netty.request.NettyRequestSender - Using open Channel [id: 0xaf3d3e61, L:/127.0.0.1:65284 - R:localhost/127.0.0.1:36901] for GET '/session/44f2ae58ab05ebd5ddbd711de0d879e7/url'
14:41:11.197 [AsyncHttpClient-1-11] DEBUG org.asynchttpclient.netty.handler.HttpHandler - 

Request DefaultFullHttpRequest(decodeResult: success, version: HTTP/1.1, content: EmptyByteBufBE)
GET /session/44f2ae58ab05ebd5ddbd711de0d879e7/url HTTP/1.1
User-Agent: selenium/4.7.1 (java windows)
Cache-Control: no-cache
Content-Type: application/json; charset=utf-8
host: localhost:36901
accept: */*

Response DefaultHttpResponse(decodeResult: success, version: HTTP/1.1)
HTTP/1.1 200 OK
Content-Type: application/json; charset=utf-8
cache-control: no-cache
content-length: 58

14:41:11.197 [AsyncHttpClient-1-11] DEBUG org.asynchttpclient.netty.channel.ChannelManager - Adding key: http://localhost:36901 for channel [id: 0xaf3d3e61, L:/127.0.0.1:65284 - R:localhost/127.0.0.1:36901]
14:41:11.205 [Forwarding screenshot on session 44f2ae58ab05ebd5ddbd711de0d879e7 to remote] DEBUG org.asynchttpclient.netty.request.NettyRequestSender - Using pooled Channel '[id: 0xaf3d3e61, L:/127.0.0.1:65284 - R:localhost/127.0.0.1:36901]' for 'GET' to 'http://localhost:36901/session/44f2ae58ab05ebd5ddbd711de0d879e7/screenshot'
14:41:11.205 [Forwarding screenshot on session 44f2ae58ab05ebd5ddbd711de0d879e7 to remote] DEBUG org.asynchttpclient.netty.request.NettyRequestSender - Using open Channel [id: 0xaf3d3e61, L:/127.0.0.1:65284 - R:localhost/127.0.0.1:36901] for GET '/session/44f2ae58ab05ebd5ddbd711de0d879e7/screenshot'
14:41:11.349 [AsyncHttpClient-1-11] DEBUG org.asynchttpclient.netty.handler.HttpHandler - 

Request DefaultFullHttpRequest(decodeResult: success, version: HTTP/1.1, content: EmptyByteBufBE)
GET /session/44f2ae58ab05ebd5ddbd711de0d879e7/screenshot HTTP/1.1
User-Agent: selenium/4.7.1 (java windows)
Cache-Control: no-cache
Content-Type: application/json; charset=utf-8
host: localhost:36901
accept: */*

Response DefaultHttpResponse(decodeResult: success, version: HTTP/1.1)
HTTP/1.1 200 OK
Content-Type: application/json; charset=utf-8
cache-control: no-cache
content-length: 82544

14:41:11.349 [AsyncHttpClient-1-11] DEBUG org.asynchttpclient.netty.channel.ChannelManager - Adding key: http://localhost:36901 for channel [id: 0xaf3d3e61, L:/127.0.0.1:65284 - R:localhost/127.0.0.1:36901]
14:41:11.357 [main] DEBUG net.serenitybdd.core.photography.Darkroom - Send negative for processing for target\site\serenity\c15da6f51c5c9f83b0ae39593e650c34c335707674f32edff1a6554c9ec142f4.png
14:41:11.357 [main] DEBUG net.thucydides.core.steps.StepInterceptor - STEP DONE: klikbuttonsimpandantidakmunculpopupberhasil
  &amp#27;[32mThen &amp#27;[0m&amp#27;[32mAdmin klik simpan dan muncul eror message wilayah wajib diisi&amp#27;[0m                     &amp#27;[90m# starter.stepdefinitions.PDAMSteps.adminKlikSimpanDanMunculErorMessageWilayahWajibDiisi()&amp#27;[0m
14:41:11.366 [main] INFO  - 
  _____   ___   ___   _____     ___     _     ___   ___   ___   ___  
 |_   _| | __| / __| |_   _|   | _ \   /_\   / __| / __| | __| |   \ 
   | |   | _|  \__ \   | |     |  _/  / _ \  \__ \ \__ \ | _|  | |) |
   |_|   |___| |___/   |_|     |_|   /_/ \_\ |___/ |___/ |___| |___/ 

Admin tidak dapat menambahkan produk PDAM karena tidak menginput field wilayah
----------------------------------------------------------------------
14:41:11.366 [Driver Command Executor] DEBUG org.asynchttpclient.netty.request.NettyRequestSender - Using pooled Channel '[id: 0xaf3d3e61, L:/127.0.0.1:65284 - R:localhost/127.0.0.1:36901]' for 'DELETE' to 'http://localhost:36901/session/44f2ae58ab05ebd5ddbd711de0d879e7'
14:41:11.366 [AsyncHttpClient-1-13] DEBUG org.asynchttpclient.netty.handler.WebSocketHandler - Channel Closed: [id: 0xa9e1814c, L:/127.0.0.1:65294 ! R:localhost/127.0.0.1:65285] with attribute NettyResponseFuture{currentRetry=0,
	isDone=1,
	isCancelled=0,
	asyncHandler=org.asynchttpclient.ws.WebSocketUpgradeHandler@1804aed2,
	nettyRequest=org.asynchttpclient.netty.request.NettyRequest@5d0633b6,
	future=java.util.concurrent.CompletableFuture@29232c61[Completed normally],
	uri=ws://localhost:65285/devtools/browser/53ea3012-9d98-45ab-9d53-bda90c923df8,
	keepAlive=true,
	redirectCount=0,
	timeoutsHolder=null,
	inAuth=0,
	touch=1687074061782}
14:41:11.366 [Driver Command Executor] DEBUG org.asynchttpclient.netty.request.NettyRequestSender - Using open Channel [id: 0xaf3d3e61, L:/127.0.0.1:65284 - R:localhost/127.0.0.1:36901] for DELETE '/session/44f2ae58ab05ebd5ddbd711de0d879e7'
14:41:11.366 [AsyncHttpClient-1-13] DEBUG org.asynchttpclient.netty.channel.ChannelManager - Closing Channel [id: 0xa9e1814c, L:/127.0.0.1:65294 ! R:localhost/127.0.0.1:65285] 
14:41:11.461 [AsyncHttpClient-1-12] DEBUG org.asynchttpclient.netty.handler.HttpHandler - Unexpected I/O exception on channel [id: 0x9d066e6c, L:/127.0.0.1:65293 - R:localhost/127.0.0.1:65285]
java.net.SocketException: Connection reset
	at java.base/sun.nio.ch.SocketChannelImpl.throwConnectionReset(SocketChannelImpl.java:401)
	at java.base/sun.nio.ch.SocketChannelImpl.read(SocketChannelImpl.java:434)
	at io.netty.buffer.PooledByteBuf.setBytes(PooledByteBuf.java:259)
	at io.netty.buffer.AbstractByteBuf.writeBytes(AbstractByteBuf.java:1132)
	at io.netty.channel.socket.nio.NioSocketChannel.doReadBytes(NioSocketChannel.java:357)
	at io.netty.channel.nio.AbstractNioByteChannel$NioByteUnsafe.read(AbstractNioByteChannel.java:151)
	at io.netty.channel.nio.NioEventLoop.processSelectedKey(NioEventLoop.java:788)
	at io.netty.channel.nio.NioEventLoop.processSelectedKeysOptimized(NioEventLoop.java:724)
	at io.netty.channel.nio.NioEventLoop.processSelectedKeys(NioEventLoop.java:650)
	at io.netty.channel.nio.NioEventLoop.run(NioEventLoop.java:562)
	at io.netty.util.concurrent.SingleThreadEventExecutor$4.run(SingleThreadEventExecutor.java:997)
	at io.netty.util.internal.ThreadExecutorMap$2.run(ThreadExecutorMap.java:74)
	at io.netty.util.concurrent.FastThreadLocalRunnable.run(FastThreadLocalRunnable.java:30)
	at java.base/java.lang.Thread.run(Thread.java:1589)
14:41:11.461 [AsyncHttpClient-1-12] DEBUG org.asynchttpclient.netty.channel.ChannelManager - Closing Channel [id: 0x9d066e6c, L:/127.0.0.1:65293 - R:localhost/127.0.0.1:65285] 
14:41:11.461 [AsyncHttpClient-1-12] DEBUG org.asynchttpclient.netty.handler.HttpHandler - Channel Closed: [id: 0x9d066e6c, L:/127.0.0.1:65293 ! R:localhost/127.0.0.1:65285] with attribute DISCARD
14:41:11.531 [AsyncHttpClient-1-11] DEBUG org.asynchttpclient.netty.handler.HttpHandler - 

Request DefaultFullHttpRequest(decodeResult: success, version: HTTP/1.1, content: EmptyByteBufBE)
DELETE /session/44f2ae58ab05ebd5ddbd711de0d879e7 HTTP/1.1
User-Agent: selenium/4.7.1 (java windows)
Content-Type: application/json; charset=utf-8
host: localhost:36901
accept: */*

Response DefaultHttpResponse(decodeResult: success, version: HTTP/1.1)
HTTP/1.1 200 OK
Content-Type: application/json; charset=utf-8
cache-control: no-cache
content-length: 14

14:41:11.531 [AsyncHttpClient-1-11] DEBUG org.asynchttpclient.netty.channel.ChannelManager - Adding key: http://localhost:36901 for channel [id: 0xaf3d3e61, L:/127.0.0.1:65284 - R:localhost/127.0.0.1:36901]
14:41:11.611 [AsyncHttpClient-1-11] DEBUG org.asynchttpclient.netty.handler.HttpHandler - Channel Closed: [id: 0xaf3d3e61, L:/127.0.0.1:65284 ! R:localhost/127.0.0.1:36901] with attribute DISCARD
]]></system-out>
    <system-err><![CDATA[Starting ChromeDriver 114.0.5735.90 (386bc09e8f4f2e025eddae123f36f6263096ae49-refs/branch-heads/5735@{#1052}) on port 36901
Only local connections are allowed.
Please see https://chromedriver.chromium.org/security-considerations for suggestions on keeping ChromeDriver safe.
ChromeDriver was started successfully.
Jun 18, 2023 2:41:01 PM org.openqa.selenium.devtools.CdpVersionFinder findNearestMatch
WARNING: Unable to find CDP implementation matching 114
Jun 18, 2023 2:41:01 PM org.openqa.selenium.chromium.ChromiumDriver lambda$new$3
WARNING: Unable to find version of CDP to use for . You may need to include a dependency on a specific version of the CDP using something similar to `org.seleniumhq.selenium:selenium-devtools-v86:4.7.1` where the version ("v86") matches the version of the chromium-based browser you're using and the version number of the artifact is the same as Selenium's.
]]></system-err>
  </testcase>
  <testcase name="Admin berhasil menggunakan fitur pencarian PDAM" classname="PDAM" time="9.546">
    <system-out><![CDATA[
@PDAM-05
Scenario: Admin berhasil menggunakan fitur pencarian PDAM                &amp#27;[90m# src/test/resources/features/PDAM.feature:48&amp#27;[0m
14:41:11.693 [main] INFO io.cucumber.core.plugin.SerenityReporter - Running feature from file:///C:/Dev/CapstoneProjectBaru/SKUYPAY%20WEB%20AUTOMATION/src/test/resources/features/PDAM.feature
14:41:11.701 [main] INFO  - 
  _____   ___   ___   _____     ___   _____     _     ___   _____   ___   ___  
 |_   _| | __| / __| |_   _|   / __| |_   _|   /_\   | _ \ |_   _| | __| |   \ 
   | |   | _|  \__ \   | |     \__ \   | |    / _ \  |   /   | |   | _|  | |) |
   |_|   |___| |___/   |_|     |___/   |_|   /_/ \_\ |_|_\   |_|   |___| |___/ 

Admin berhasil menggunakan fitur pencarian PDAM(pdam;admin-berhasil-menggunakan-fitur-pencarian-pdam)
--------------------------------------------------------------------------------
14:41:11.892 [AsyncHttpClient-1-1] DEBUG org.asynchttpclient.netty.channel.DefaultChannelPool - Entry count for : http://localhost:65285 : 1
14:41:11.892 [AsyncHttpClient-1-1] DEBUG org.asynchttpclient.netty.channel.DefaultChannelPool - Entry count for : http://localhost:36901 : 1
14:41:11.892 [AsyncHttpClient-1-1] DEBUG org.asynchttpclient.netty.channel.DefaultChannelPool - Adding Candidate expired Channel [id: 0x9d066e6c, L:/127.0.0.1:65293 ! R:localhost/127.0.0.1:65285] isIdleTimeoutExpired=false isRemotelyClosed=true isTtlExpired=false
14:41:11.892 [AsyncHttpClient-1-1] DEBUG org.asynchttpclient.netty.channel.DefaultChannelPool - Closing Idle Channel [id: 0x9d066e6c, L:/127.0.0.1:65293 ! R:localhost/127.0.0.1:65285]
14:41:11.892 [AsyncHttpClient-1-1] DEBUG org.asynchttpclient.netty.channel.DefaultChannelPool - Adding Candidate expired Channel [id: 0xaf3d3e61, L:/127.0.0.1:65284 ! R:localhost/127.0.0.1:36901] isIdleTimeoutExpired=false isRemotelyClosed=true isTtlExpired=false
14:41:11.892 [AsyncHttpClient-1-1] DEBUG org.asynchttpclient.netty.channel.DefaultChannelPool - Closing Idle Channel [id: 0xaf3d3e61, L:/127.0.0.1:65284 ! R:localhost/127.0.0.1:36901]
14:41:11.892 [AsyncHttpClient-1-1] DEBUG org.asynchttpclient.netty.channel.DefaultChannelPool - Closed 2 connections out of 2 in 0 ms
14:41:12.020 [main] DEBUG net.thucydides.core.steps.StepInterceptor - STARTING STEP: TransaksiSteps.adminMelakukanLoginAkun - diHomepageSkuyPay
14:41:12.100 [main] INFO net.serenitybdd.core.webdriver.driverproviders.ChromeDriverProvider - Starting Chrome driver instance with capabilities:
14:41:12.100 [main] INFO net.serenitybdd.core.webdriver.driverproviders.ChromeDriverProvider - Capabilities {acceptInsecureCerts: true, browserName: chrome, goog:chromeOptions: {args: [remote-allow-origins=*, test-type, no-sandbox, ignore-certificate-errors, start-maximized, incognito, disable-infobars, disable-gpu, disable-default-apps, disable-popup-blocking, remote-allow-origins=*, test-type, no-sandbox, ignore-certificate-errors, start-maximized, incognito, disable-infobars, disable-gpu, disable-default-apps, disable-popup-blocking], extensions: []}}
14:41:12.492 [AsyncHttpClient-1-14] DEBUG org.asynchttpclient.netty.channel.NettyConnectListener - Using new Channel '[id: 0x14f829da, L:/127.0.0.1:65324 - R:localhost/127.0.0.1:30762]' for 'POST' to '/session'
14:41:14.591 [AsyncHttpClient-1-14] DEBUG org.asynchttpclient.netty.handler.HttpHandler - 

Request DefaultHttpRequest(decodeResult: success, version: HTTP/1.1)
POST /session HTTP/1.1
User-Agent: selenium/4.7.1 (java windows)
Content-Length: 1629
Content-Type: application/json; charset=utf-8
host: localhost:30762
accept: */*

Response DefaultHttpResponse(decodeResult: success, version: HTTP/1.1)
HTTP/1.1 200 OK
Content-Type: application/json; charset=utf-8
cache-control: no-cache
content-length: 856

14:41:14.591 [AsyncHttpClient-1-14] DEBUG org.asynchttpclient.netty.channel.ChannelManager - Adding key: http://localhost:30762 for channel [id: 0x14f829da, L:/127.0.0.1:65324 - R:localhost/127.0.0.1:30762]
14:41:14.599 [AsyncHttpClient-1-15] DEBUG org.asynchttpclient.netty.channel.NettyConnectListener - Using new Channel '[id: 0x859496f9, L:/127.0.0.1:65332 - R:localhost/127.0.0.1:65325]' for 'GET' to '/json/version'
14:41:14.607 [AsyncHttpClient-1-15] DEBUG org.asynchttpclient.netty.handler.HttpHandler - 

Request DefaultFullHttpRequest(decodeResult: success, version: HTTP/1.1, content: EmptyByteBufBE)
GET /json/version HTTP/1.1
User-Agent: selenium/4.7.1 (java windows)
host: localhost:65325
accept: */*

Response DefaultHttpResponse(decodeResult: success, version: HTTP/1.1)
HTTP/1.1 200 OK
Content-Security-Policy: frame-ancestors 'none'
Content-Type: application/json; charset=UTF-8
content-length: 424

14:41:14.607 [AsyncHttpClient-1-15] DEBUG org.asynchttpclient.netty.channel.ChannelManager - Adding key: http://localhost:65325 for channel [id: 0x859496f9, L:/127.0.0.1:65332 - R:localhost/127.0.0.1:65325]
14:41:14.615 [AsyncHttpClient-1-16] DEBUG org.asynchttpclient.netty.channel.NettyConnectListener - Using new Channel '[id: 0x94106add, L:/127.0.0.1:65333 - R:localhost/127.0.0.1:65325]' for 'GET' to '/devtools/browser/3069c66b-58e4-4803-bd19-f6fc9ce75875'
14:41:14.619 [AsyncHttpClient-1-16] DEBUG org.asynchttpclient.netty.handler.WebSocketHandler - 

Request DefaultFullHttpRequest(decodeResult: success, version: HTTP/1.1, content: EmptyByteBufBE)
GET /devtools/browser/3069c66b-58e4-4803-bd19-f6fc9ce75875 HTTP/1.1
upgrade: websocket
connection: upgrade
sec-websocket-key: ibhdW1SdFXnS44MXx3U3bg==
sec-websocket-version: 13
origin: http://localhost:65325
host: localhost:65325
accept: */*
user-agent: AHC/2.1

Response DefaultHttpResponse(decodeResult: success, version: HTTP/1.1)
HTTP/1.1 101 WebSocket Protocol Handshake
Upgrade: WebSocket
Connection: Upgrade
Sec-WebSocket-Accept: iWV9wM3Nd0/4XWUZ3/BKsDtvQ9I=

14:41:14.623 [Forwarding get on session 378c654433dc21dab6f29fe3c4fcf536 to remote] DEBUG org.asynchttpclient.netty.request.NettyRequestSender - Using pooled Channel '[id: 0x14f829da, L:/127.0.0.1:65324 - R:localhost/127.0.0.1:30762]' for 'POST' to 'http://localhost:30762/session/378c654433dc21dab6f29fe3c4fcf536/url'
14:41:14.623 [Forwarding get on session 378c654433dc21dab6f29fe3c4fcf536 to remote] DEBUG org.asynchttpclient.netty.request.NettyRequestSender - Using open Channel [id: 0x14f829da, L:/127.0.0.1:65324 - R:localhost/127.0.0.1:30762] for POST '/session/378c654433dc21dab6f29fe3c4fcf536/url'
14:41:15.203 [AsyncHttpClient-1-1] DEBUG org.asynchttpclient.netty.channel.DefaultChannelPool - Entry count for : http://localhost:65325 : 1
14:41:15.948 [AsyncHttpClient-1-14] DEBUG org.asynchttpclient.netty.handler.HttpHandler - 

Request DefaultHttpRequest(decodeResult: success, version: HTTP/1.1)
POST /session/378c654433dc21dab6f29fe3c4fcf536/url HTTP/1.1
User-Agent: selenium/4.7.1 (java windows)
Content-Length: 69
Content-Type: application/json; charset=utf-8
host: localhost:30762
accept: */*

Response DefaultHttpResponse(decodeResult: success, version: HTTP/1.1)
HTTP/1.1 200 OK
Content-Type: application/json; charset=utf-8
cache-control: no-cache
content-length: 14

14:41:15.948 [AsyncHttpClient-1-14] DEBUG org.asynchttpclient.netty.channel.ChannelManager - Adding key: http://localhost:30762 for channel [id: 0x14f829da, L:/127.0.0.1:65324 - R:localhost/127.0.0.1:30762]
14:41:15.956 [Forwarding setTimeout on session 378c654433dc21dab6f29fe3c4fcf536 to remote] DEBUG org.asynchttpclient.netty.request.NettyRequestSender - Using pooled Channel '[id: 0x14f829da, L:/127.0.0.1:65324 - R:localhost/127.0.0.1:30762]' for 'POST' to 'http://localhost:30762/session/378c654433dc21dab6f29fe3c4fcf536/timeouts'
14:41:15.956 [Forwarding setTimeout on session 378c654433dc21dab6f29fe3c4fcf536 to remote] DEBUG org.asynchttpclient.netty.request.NettyRequestSender - Using open Channel [id: 0x14f829da, L:/127.0.0.1:65324 - R:localhost/127.0.0.1:30762] for POST '/session/378c654433dc21dab6f29fe3c4fcf536/timeouts'
14:41:15.956 [AsyncHttpClient-1-14] DEBUG org.asynchttpclient.netty.handler.HttpHandler - 

Request DefaultHttpRequest(decodeResult: success, version: HTTP/1.1)
POST /session/378c654433dc21dab6f29fe3c4fcf536/timeouts HTTP/1.1
User-Agent: selenium/4.7.1 (java windows)
Content-Length: 22
Content-Type: application/json; charset=utf-8
host: localhost:30762
accept: */*

Response DefaultHttpResponse(decodeResult: success, version: HTTP/1.1)
HTTP/1.1 200 OK
Content-Type: application/json; charset=utf-8
cache-control: no-cache
content-length: 14

14:41:15.956 [AsyncHttpClient-1-14] DEBUG org.asynchttpclient.netty.channel.ChannelManager - Adding key: http://localhost:30762 for channel [id: 0x14f829da, L:/127.0.0.1:65324 - R:localhost/127.0.0.1:30762]
14:41:15.964 [Forwarding getCurrentUrl on session 378c654433dc21dab6f29fe3c4fcf536 to remote] DEBUG org.asynchttpclient.netty.request.NettyRequestSender - Using pooled Channel '[id: 0x14f829da, L:/127.0.0.1:65324 - R:localhost/127.0.0.1:30762]' for 'GET' to 'http://localhost:30762/session/378c654433dc21dab6f29fe3c4fcf536/url'
14:41:15.964 [Forwarding getCurrentUrl on session 378c654433dc21dab6f29fe3c4fcf536 to remote] DEBUG org.asynchttpclient.netty.request.NettyRequestSender - Using open Channel [id: 0x14f829da, L:/127.0.0.1:65324 - R:localhost/127.0.0.1:30762] for GET '/session/378c654433dc21dab6f29fe3c4fcf536/url'
14:41:15.996 [AsyncHttpClient-1-14] DEBUG org.asynchttpclient.netty.handler.HttpHandler - 

Request DefaultFullHttpRequest(decodeResult: success, version: HTTP/1.1, content: EmptyByteBufBE)
GET /session/378c654433dc21dab6f29fe3c4fcf536/url HTTP/1.1
User-Agent: selenium/4.7.1 (java windows)
Cache-Control: no-cache
Content-Type: application/json; charset=utf-8
host: localhost:30762
accept: */*

Response DefaultHttpResponse(decodeResult: success, version: HTTP/1.1)
HTTP/1.1 200 OK
Content-Type: application/json; charset=utf-8
cache-control: no-cache
content-length: 51

14:41:15.996 [AsyncHttpClient-1-14] DEBUG org.asynchttpclient.netty.channel.ChannelManager - Adding key: http://localhost:30762 for channel [id: 0x14f829da, L:/127.0.0.1:65324 - R:localhost/127.0.0.1:30762]
14:41:16.004 [Forwarding getCurrentUrl on session 378c654433dc21dab6f29fe3c4fcf536 to remote] DEBUG org.asynchttpclient.netty.request.NettyRequestSender - Using pooled Channel '[id: 0x14f829da, L:/127.0.0.1:65324 - R:localhost/127.0.0.1:30762]' for 'GET' to 'http://localhost:30762/session/378c654433dc21dab6f29fe3c4fcf536/url'
14:41:16.004 [Forwarding getCurrentUrl on session 378c654433dc21dab6f29fe3c4fcf536 to remote] DEBUG org.asynchttpclient.netty.request.NettyRequestSender - Using open Channel [id: 0x14f829da, L:/127.0.0.1:65324 - R:localhost/127.0.0.1:30762] for GET '/session/378c654433dc21dab6f29fe3c4fcf536/url'
14:41:16.021 [AsyncHttpClient-1-14] DEBUG org.asynchttpclient.netty.handler.HttpHandler - 

Request DefaultFullHttpRequest(decodeResult: success, version: HTTP/1.1, content: EmptyByteBufBE)
GET /session/378c654433dc21dab6f29fe3c4fcf536/url HTTP/1.1
User-Agent: selenium/4.7.1 (java windows)
Cache-Control: no-cache
Content-Type: application/json; charset=utf-8
host: localhost:30762
accept: */*

Response DefaultHttpResponse(decodeResult: success, version: HTTP/1.1)
HTTP/1.1 200 OK
Content-Type: application/json; charset=utf-8
cache-control: no-cache
content-length: 51

14:41:16.021 [AsyncHttpClient-1-14] DEBUG org.asynchttpclient.netty.channel.ChannelManager - Adding key: http://localhost:30762 for channel [id: 0x14f829da, L:/127.0.0.1:65324 - R:localhost/127.0.0.1:30762]
14:41:16.029 [Forwarding findElement on session 378c654433dc21dab6f29fe3c4fcf536 to remote] DEBUG org.asynchttpclient.netty.request.NettyRequestSender - Using pooled Channel '[id: 0x14f829da, L:/127.0.0.1:65324 - R:localhost/127.0.0.1:30762]' for 'POST' to 'http://localhost:30762/session/378c654433dc21dab6f29fe3c4fcf536/element'
14:41:16.029 [Forwarding findElement on session 378c654433dc21dab6f29fe3c4fcf536 to remote] DEBUG org.asynchttpclient.netty.request.NettyRequestSender - Using open Channel [id: 0x14f829da, L:/127.0.0.1:65324 - R:localhost/127.0.0.1:30762] for POST '/session/378c654433dc21dab6f29fe3c4fcf536/element'
14:41:16.061 [AsyncHttpClient-1-14] DEBUG org.asynchttpclient.netty.handler.HttpHandler - 

Request DefaultHttpRequest(decodeResult: success, version: HTTP/1.1)
POST /session/378c654433dc21dab6f29fe3c4fcf536/element HTTP/1.1
User-Agent: selenium/4.7.1 (java windows)
Content-Length: 84
Content-Type: application/json; charset=utf-8
host: localhost:30762
accept: */*

Response DefaultHttpResponse(decodeResult: success, version: HTTP/1.1)
HTTP/1.1 200 OK
Content-Type: application/json; charset=utf-8
cache-control: no-cache
content-length: 94

14:41:16.061 [AsyncHttpClient-1-14] DEBUG org.asynchttpclient.netty.channel.ChannelManager - Adding key: http://localhost:30762 for channel [id: 0x14f829da, L:/127.0.0.1:65324 - R:localhost/127.0.0.1:30762]
14:41:16.069 [Forwarding isElementDisplayed on session 378c654433dc21dab6f29fe3c4fcf536 to remote] DEBUG org.asynchttpclient.netty.request.NettyRequestSender - Using pooled Channel '[id: 0x14f829da, L:/127.0.0.1:65324 - R:localhost/127.0.0.1:30762]' for 'POST' to 'http://localhost:30762/session/378c654433dc21dab6f29fe3c4fcf536/execute/sync'
14:41:16.069 [Forwarding isElementDisplayed on session 378c654433dc21dab6f29fe3c4fcf536 to remote] DEBUG org.asynchttpclient.netty.request.NettyRequestSender - Using open Channel [id: 0x14f829da, L:/127.0.0.1:65324 - R:localhost/127.0.0.1:30762] for POST '/session/378c654433dc21dab6f29fe3c4fcf536/execute/sync'
14:41:16.101 [AsyncHttpClient-1-14] DEBUG org.asynchttpclient.netty.handler.HttpHandler - 

Request DefaultHttpRequest(decodeResult: success, version: HTTP/1.1)
POST /session/378c654433dc21dab6f29fe3c4fcf536/execute/sync HTTP/1.1
User-Agent: selenium/4.7.1 (java windows)
Content-Length: 48786
Content-Type: application/json; charset=utf-8
host: localhost:30762
accept: */*

Response DefaultHttpResponse(decodeResult: success, version: HTTP/1.1)
HTTP/1.1 200 OK
Content-Type: application/json; charset=utf-8
cache-control: no-cache
content-length: 14

14:41:16.101 [AsyncHttpClient-1-14] DEBUG org.asynchttpclient.netty.channel.ChannelManager - Adding key: http://localhost:30762 for channel [id: 0x14f829da, L:/127.0.0.1:65324 - R:localhost/127.0.0.1:30762]
14:41:16.109 [Forwarding isElementDisplayed on session 378c654433dc21dab6f29fe3c4fcf536 to remote] DEBUG org.asynchttpclient.netty.request.NettyRequestSender - Using pooled Channel '[id: 0x14f829da, L:/127.0.0.1:65324 - R:localhost/127.0.0.1:30762]' for 'POST' to 'http://localhost:30762/session/378c654433dc21dab6f29fe3c4fcf536/execute/sync'
14:41:16.109 [Forwarding isElementDisplayed on session 378c654433dc21dab6f29fe3c4fcf536 to remote] DEBUG org.asynchttpclient.netty.request.NettyRequestSender - Using open Channel [id: 0x14f829da, L:/127.0.0.1:65324 - R:localhost/127.0.0.1:30762] for POST '/session/378c654433dc21dab6f29fe3c4fcf536/execute/sync'
14:41:16.133 [AsyncHttpClient-1-14] DEBUG org.asynchttpclient.netty.handler.HttpHandler - 

Request DefaultHttpRequest(decodeResult: success, version: HTTP/1.1)
POST /session/378c654433dc21dab6f29fe3c4fcf536/execute/sync HTTP/1.1
User-Agent: selenium/4.7.1 (java windows)
Content-Length: 48786
Content-Type: application/json; charset=utf-8
host: localhost:30762
accept: */*

Response DefaultHttpResponse(decodeResult: success, version: HTTP/1.1)
HTTP/1.1 200 OK
Content-Type: application/json; charset=utf-8
cache-control: no-cache
content-length: 14

14:41:16.133 [AsyncHttpClient-1-14] DEBUG org.asynchttpclient.netty.channel.ChannelManager - Adding key: http://localhost:30762 for channel [id: 0x14f829da, L:/127.0.0.1:65324 - R:localhost/127.0.0.1:30762]
14:41:16.141 [Forwarding getCurrentWindowHandle on session 378c654433dc21dab6f29fe3c4fcf536 to remote] DEBUG org.asynchttpclient.netty.request.NettyRequestSender - Using pooled Channel '[id: 0x14f829da, L:/127.0.0.1:65324 - R:localhost/127.0.0.1:30762]' for 'GET' to 'http://localhost:30762/session/378c654433dc21dab6f29fe3c4fcf536/window'
14:41:16.141 [Forwarding getCurrentWindowHandle on session 378c654433dc21dab6f29fe3c4fcf536 to remote] DEBUG org.asynchttpclient.netty.request.NettyRequestSender - Using open Channel [id: 0x14f829da, L:/127.0.0.1:65324 - R:localhost/127.0.0.1:30762] for GET '/session/378c654433dc21dab6f29fe3c4fcf536/window'
14:41:16.141 [AsyncHttpClient-1-14] DEBUG org.asynchttpclient.netty.handler.HttpHandler - 

Request DefaultFullHttpRequest(decodeResult: success, version: HTTP/1.1, content: EmptyByteBufBE)
GET /session/378c654433dc21dab6f29fe3c4fcf536/window HTTP/1.1
User-Agent: selenium/4.7.1 (java windows)
Cache-Control: no-cache
Content-Type: application/json; charset=utf-8
host: localhost:30762
accept: */*

Response DefaultHttpResponse(decodeResult: success, version: HTTP/1.1)
HTTP/1.1 200 OK
Content-Type: application/json; charset=utf-8
cache-control: no-cache
content-length: 44

14:41:16.141 [AsyncHttpClient-1-14] DEBUG org.asynchttpclient.netty.channel.ChannelManager - Adding key: http://localhost:30762 for channel [id: 0x14f829da, L:/127.0.0.1:65324 - R:localhost/127.0.0.1:30762]
14:41:16.141 [Forwarding getAlertText on session 378c654433dc21dab6f29fe3c4fcf536 to remote] DEBUG org.asynchttpclient.netty.request.NettyRequestSender - Using pooled Channel '[id: 0x14f829da, L:/127.0.0.1:65324 - R:localhost/127.0.0.1:30762]' for 'GET' to 'http://localhost:30762/session/378c654433dc21dab6f29fe3c4fcf536/alert/text'
14:41:16.141 [Forwarding getAlertText on session 378c654433dc21dab6f29fe3c4fcf536 to remote] DEBUG org.asynchttpclient.netty.request.NettyRequestSender - Using open Channel [id: 0x14f829da, L:/127.0.0.1:65324 - R:localhost/127.0.0.1:30762] for GET '/session/378c654433dc21dab6f29fe3c4fcf536/alert/text'
14:41:16.149 [AsyncHttpClient-1-14] DEBUG org.asynchttpclient.netty.handler.HttpHandler - 

Request DefaultFullHttpRequest(decodeResult: success, version: HTTP/1.1, content: EmptyByteBufBE)
GET /session/378c654433dc21dab6f29fe3c4fcf536/alert/text HTTP/1.1
User-Agent: selenium/4.7.1 (java windows)
Cache-Control: no-cache
Content-Type: application/json; charset=utf-8
host: localhost:30762
accept: */*

Response DefaultHttpResponse(decodeResult: success, version: HTTP/1.1)
HTTP/1.1 404 Not Found
Content-Type: application/json; charset=utf-8
cache-control: no-cache
content-length: 821

14:41:16.149 [AsyncHttpClient-1-14] DEBUG org.asynchttpclient.netty.channel.ChannelManager - Adding key: http://localhost:30762 for channel [id: 0x14f829da, L:/127.0.0.1:65324 - R:localhost/127.0.0.1:30762]
14:41:16.149 [Forwarding switchToWindow on session 378c654433dc21dab6f29fe3c4fcf536 to remote] DEBUG org.asynchttpclient.netty.request.NettyRequestSender - Using pooled Channel '[id: 0x14f829da, L:/127.0.0.1:65324 - R:localhost/127.0.0.1:30762]' for 'POST' to 'http://localhost:30762/session/378c654433dc21dab6f29fe3c4fcf536/window'
14:41:16.149 [Forwarding switchToWindow on session 378c654433dc21dab6f29fe3c4fcf536 to remote] DEBUG org.asynchttpclient.netty.request.NettyRequestSender - Using open Channel [id: 0x14f829da, L:/127.0.0.1:65324 - R:localhost/127.0.0.1:30762] for POST '/session/378c654433dc21dab6f29fe3c4fcf536/window'
14:41:16.157 [AsyncHttpClient-1-14] DEBUG org.asynchttpclient.netty.handler.HttpHandler - 

Request DefaultHttpRequest(decodeResult: success, version: HTTP/1.1)
POST /session/378c654433dc21dab6f29fe3c4fcf536/window HTTP/1.1
User-Agent: selenium/4.7.1 (java windows)
Content-Length: 50
Content-Type: application/json; charset=utf-8
host: localhost:30762
accept: */*

Response DefaultHttpResponse(decodeResult: success, version: HTTP/1.1)
HTTP/1.1 200 OK
Content-Type: application/json; charset=utf-8
cache-control: no-cache
content-length: 14

14:41:16.157 [AsyncHttpClient-1-14] DEBUG org.asynchttpclient.netty.channel.ChannelManager - Adding key: http://localhost:30762 for channel [id: 0x14f829da, L:/127.0.0.1:65324 - R:localhost/127.0.0.1:30762]
14:41:16.157 [Forwarding getCurrentUrl on session 378c654433dc21dab6f29fe3c4fcf536 to remote] DEBUG org.asynchttpclient.netty.request.NettyRequestSender - Using pooled Channel '[id: 0x14f829da, L:/127.0.0.1:65324 - R:localhost/127.0.0.1:30762]' for 'GET' to 'http://localhost:30762/session/378c654433dc21dab6f29fe3c4fcf536/url'
14:41:16.157 [Forwarding getCurrentUrl on session 378c654433dc21dab6f29fe3c4fcf536 to remote] DEBUG org.asynchttpclient.netty.request.NettyRequestSender - Using open Channel [id: 0x14f829da, L:/127.0.0.1:65324 - R:localhost/127.0.0.1:30762] for GET '/session/378c654433dc21dab6f29fe3c4fcf536/url'
14:41:16.165 [AsyncHttpClient-1-14] DEBUG org.asynchttpclient.netty.handler.HttpHandler - 

Request DefaultFullHttpRequest(decodeResult: success, version: HTTP/1.1, content: EmptyByteBufBE)
GET /session/378c654433dc21dab6f29fe3c4fcf536/url HTTP/1.1
User-Agent: selenium/4.7.1 (java windows)
Cache-Control: no-cache
Content-Type: application/json; charset=utf-8
host: localhost:30762
accept: */*

Response DefaultHttpResponse(decodeResult: success, version: HTTP/1.1)
HTTP/1.1 200 OK
Content-Type: application/json; charset=utf-8
cache-control: no-cache
content-length: 51

14:41:16.165 [AsyncHttpClient-1-14] DEBUG org.asynchttpclient.netty.channel.ChannelManager - Adding key: http://localhost:30762 for channel [id: 0x14f829da, L:/127.0.0.1:65324 - R:localhost/127.0.0.1:30762]
14:41:16.165 [Forwarding screenshot on session 378c654433dc21dab6f29fe3c4fcf536 to remote] DEBUG org.asynchttpclient.netty.request.NettyRequestSender - Using pooled Channel '[id: 0x14f829da, L:/127.0.0.1:65324 - R:localhost/127.0.0.1:30762]' for 'GET' to 'http://localhost:30762/session/378c654433dc21dab6f29fe3c4fcf536/screenshot'
14:41:16.165 [Forwarding screenshot on session 378c654433dc21dab6f29fe3c4fcf536 to remote] DEBUG org.asynchttpclient.netty.request.NettyRequestSender - Using open Channel [id: 0x14f829da, L:/127.0.0.1:65324 - R:localhost/127.0.0.1:30762] for GET '/session/378c654433dc21dab6f29fe3c4fcf536/screenshot'
14:41:16.300 [AsyncHttpClient-1-1] DEBUG org.asynchttpclient.netty.channel.DefaultChannelPool - Entry count for : http://localhost:65325 : 1
14:41:16.356 [AsyncHttpClient-1-14] DEBUG org.asynchttpclient.netty.handler.HttpHandler - 

Request DefaultFullHttpRequest(decodeResult: success, version: HTTP/1.1, content: EmptyByteBufBE)
GET /session/378c654433dc21dab6f29fe3c4fcf536/screenshot HTTP/1.1
User-Agent: selenium/4.7.1 (java windows)
Cache-Control: no-cache
Content-Type: application/json; charset=utf-8
host: localhost:30762
accept: */*

Response DefaultHttpResponse(decodeResult: success, version: HTTP/1.1)
HTTP/1.1 200 OK
Content-Type: application/json; charset=utf-8
cache-control: no-cache
content-length: 187992

14:41:16.364 [AsyncHttpClient-1-14] DEBUG org.asynchttpclient.netty.channel.ChannelManager - Adding key: http://localhost:30762 for channel [id: 0x14f829da, L:/127.0.0.1:65324 - R:localhost/127.0.0.1:30762]
14:41:16.367 [main] DEBUG net.serenitybdd.core.photography.Darkroom - Send negative for processing for target\site\serenity\e4c78ed65262137eca58a32125994c1e1e691dd9645e4aaad07967e8d2db41d5.png
14:41:16.367 [main] DEBUG net.thucydides.core.steps.StepInterceptor - STEP DONE: diHomepageSkuyPay
14:41:16.373 [main] DEBUG net.thucydides.core.steps.StepInterceptor - STARTING STEP: TransaksiSteps.adminMelakukanLoginAkun - inputfieldemail
14:41:16.373 [Forwarding findElement on session 378c654433dc21dab6f29fe3c4fcf536 to remote] DEBUG org.asynchttpclient.netty.request.NettyRequestSender - Using pooled Channel '[id: 0x14f829da, L:/127.0.0.1:65324 - R:localhost/127.0.0.1:30762]' for 'POST' to 'http://localhost:30762/session/378c654433dc21dab6f29fe3c4fcf536/element'
14:41:16.373 [Forwarding findElement on session 378c654433dc21dab6f29fe3c4fcf536 to remote] DEBUG org.asynchttpclient.netty.request.NettyRequestSender - Using open Channel [id: 0x14f829da, L:/127.0.0.1:65324 - R:localhost/127.0.0.1:30762] for POST '/session/378c654433dc21dab6f29fe3c4fcf536/element'
14:41:16.389 [AsyncHttpClient-1-14] DEBUG org.asynchttpclient.netty.handler.HttpHandler - 

Request DefaultHttpRequest(decodeResult: success, version: HTTP/1.1)
POST /session/378c654433dc21dab6f29fe3c4fcf536/element HTTP/1.1
User-Agent: selenium/4.7.1 (java windows)
Content-Length: 84
Content-Type: application/json; charset=utf-8
host: localhost:30762
accept: */*

Response DefaultHttpResponse(decodeResult: success, version: HTTP/1.1)
HTTP/1.1 200 OK
Content-Type: application/json; charset=utf-8
cache-control: no-cache
content-length: 94

14:41:16.389 [AsyncHttpClient-1-14] DEBUG org.asynchttpclient.netty.channel.ChannelManager - Adding key: http://localhost:30762 for channel [id: 0x14f829da, L:/127.0.0.1:65324 - R:localhost/127.0.0.1:30762]
14:41:16.389 [Forwarding getElementTagName on session 378c654433dc21dab6f29fe3c4fcf536 to remote] DEBUG org.asynchttpclient.netty.request.NettyRequestSender - Using pooled Channel '[id: 0x14f829da, L:/127.0.0.1:65324 - R:localhost/127.0.0.1:30762]' for 'GET' to 'http://localhost:30762/session/378c654433dc21dab6f29fe3c4fcf536/element/6E483B9FB0B7C7910FC54E2C061D2727_element_7/name'
14:41:16.389 [Forwarding getElementTagName on session 378c654433dc21dab6f29fe3c4fcf536 to remote] DEBUG org.asynchttpclient.netty.request.NettyRequestSender - Using open Channel [id: 0x14f829da, L:/127.0.0.1:65324 - R:localhost/127.0.0.1:30762] for GET '/session/378c654433dc21dab6f29fe3c4fcf536/element/6E483B9FB0B7C7910FC54E2C061D2727_element_7/name'
14:41:16.397 [AsyncHttpClient-1-14] DEBUG org.asynchttpclient.netty.handler.HttpHandler - 

Request DefaultFullHttpRequest(decodeResult: success, version: HTTP/1.1, content: EmptyByteBufBE)
GET /session/378c654433dc21dab6f29fe3c4fcf536/element/6E483B9FB0B7C7910FC54E2C061D2727_element_7/name HTTP/1.1
User-Agent: selenium/4.7.1 (java windows)
Cache-Control: no-cache
Content-Type: application/json; charset=utf-8
host: localhost:30762
accept: */*

Response DefaultHttpResponse(decodeResult: success, version: HTTP/1.1)
HTTP/1.1 200 OK
Content-Type: application/json; charset=utf-8
cache-control: no-cache
content-length: 17

14:41:16.397 [AsyncHttpClient-1-14] DEBUG org.asynchttpclient.netty.channel.ChannelManager - Adding key: http://localhost:30762 for channel [id: 0x14f829da, L:/127.0.0.1:65324 - R:localhost/127.0.0.1:30762]
14:41:16.397 [Forwarding getElementTagName on session 378c654433dc21dab6f29fe3c4fcf536 to remote] DEBUG org.asynchttpclient.netty.request.NettyRequestSender - Using pooled Channel '[id: 0x14f829da, L:/127.0.0.1:65324 - R:localhost/127.0.0.1:30762]' for 'GET' to 'http://localhost:30762/session/378c654433dc21dab6f29fe3c4fcf536/element/6E483B9FB0B7C7910FC54E2C061D2727_element_7/name'
14:41:16.397 [Forwarding getElementTagName on session 378c654433dc21dab6f29fe3c4fcf536 to remote] DEBUG org.asynchttpclient.netty.request.NettyRequestSender - Using open Channel [id: 0x14f829da, L:/127.0.0.1:65324 - R:localhost/127.0.0.1:30762] for GET '/session/378c654433dc21dab6f29fe3c4fcf536/element/6E483B9FB0B7C7910FC54E2C061D2727_element_7/name'
14:41:16.405 [AsyncHttpClient-1-14] DEBUG org.asynchttpclient.netty.handler.HttpHandler - 

Request DefaultFullHttpRequest(decodeResult: success, version: HTTP/1.1, content: EmptyByteBufBE)
GET /session/378c654433dc21dab6f29fe3c4fcf536/element/6E483B9FB0B7C7910FC54E2C061D2727_element_7/name HTTP/1.1
User-Agent: selenium/4.7.1 (java windows)
Cache-Control: no-cache
Content-Type: application/json; charset=utf-8
host: localhost:30762
accept: */*

Response DefaultHttpResponse(decodeResult: success, version: HTTP/1.1)
HTTP/1.1 200 OK
Content-Type: application/json; charset=utf-8
cache-control: no-cache
content-length: 17

14:41:16.405 [AsyncHttpClient-1-14] DEBUG org.asynchttpclient.netty.channel.ChannelManager - Adding key: http://localhost:30762 for channel [id: 0x14f829da, L:/127.0.0.1:65324 - R:localhost/127.0.0.1:30762]
14:41:16.413 [Forwarding isElementEnabled on session 378c654433dc21dab6f29fe3c4fcf536 to remote] DEBUG org.asynchttpclient.netty.request.NettyRequestSender - Using pooled Channel '[id: 0x14f829da, L:/127.0.0.1:65324 - R:localhost/127.0.0.1:30762]' for 'GET' to 'http://localhost:30762/session/378c654433dc21dab6f29fe3c4fcf536/element/6E483B9FB0B7C7910FC54E2C061D2727_element_7/enabled'
14:41:16.413 [Forwarding isElementEnabled on session 378c654433dc21dab6f29fe3c4fcf536 to remote] DEBUG org.asynchttpclient.netty.request.NettyRequestSender - Using open Channel [id: 0x14f829da, L:/127.0.0.1:65324 - R:localhost/127.0.0.1:30762] for GET '/session/378c654433dc21dab6f29fe3c4fcf536/element/6E483B9FB0B7C7910FC54E2C061D2727_element_7/enabled'
14:41:16.429 [AsyncHttpClient-1-14] DEBUG org.asynchttpclient.netty.handler.HttpHandler - 

Request DefaultFullHttpRequest(decodeResult: success, version: HTTP/1.1, content: EmptyByteBufBE)
GET /session/378c654433dc21dab6f29fe3c4fcf536/element/6E483B9FB0B7C7910FC54E2C061D2727_element_7/enabled HTTP/1.1
User-Agent: selenium/4.7.1 (java windows)
Cache-Control: no-cache
Content-Type: application/json; charset=utf-8
host: localhost:30762
accept: */*

Response DefaultHttpResponse(decodeResult: success, version: HTTP/1.1)
HTTP/1.1 200 OK
Content-Type: application/json; charset=utf-8
cache-control: no-cache
content-length: 14

14:41:16.429 [AsyncHttpClient-1-14] DEBUG org.asynchttpclient.netty.channel.ChannelManager - Adding key: http://localhost:30762 for channel [id: 0x14f829da, L:/127.0.0.1:65324 - R:localhost/127.0.0.1:30762]
14:41:16.429 [Forwarding isElementEnabled on session 378c654433dc21dab6f29fe3c4fcf536 to remote] DEBUG org.asynchttpclient.netty.request.NettyRequestSender - Using pooled Channel '[id: 0x14f829da, L:/127.0.0.1:65324 - R:localhost/127.0.0.1:30762]' for 'GET' to 'http://localhost:30762/session/378c654433dc21dab6f29fe3c4fcf536/element/6E483B9FB0B7C7910FC54E2C061D2727_element_7/enabled'
14:41:16.429 [Forwarding isElementEnabled on session 378c654433dc21dab6f29fe3c4fcf536 to remote] DEBUG org.asynchttpclient.netty.request.NettyRequestSender - Using open Channel [id: 0x14f829da, L:/127.0.0.1:65324 - R:localhost/127.0.0.1:30762] for GET '/session/378c654433dc21dab6f29fe3c4fcf536/element/6E483B9FB0B7C7910FC54E2C061D2727_element_7/enabled'
14:41:16.445 [AsyncHttpClient-1-14] DEBUG org.asynchttpclient.netty.handler.HttpHandler - 

Request DefaultFullHttpRequest(decodeResult: success, version: HTTP/1.1, content: EmptyByteBufBE)
GET /session/378c654433dc21dab6f29fe3c4fcf536/element/6E483B9FB0B7C7910FC54E2C061D2727_element_7/enabled HTTP/1.1
User-Agent: selenium/4.7.1 (java windows)
Cache-Control: no-cache
Content-Type: application/json; charset=utf-8
host: localhost:30762
accept: */*

Response DefaultHttpResponse(decodeResult: success, version: HTTP/1.1)
HTTP/1.1 200 OK
Content-Type: application/json; charset=utf-8
cache-control: no-cache
content-length: 14

14:41:16.445 [AsyncHttpClient-1-14] DEBUG org.asynchttpclient.netty.channel.ChannelManager - Adding key: http://localhost:30762 for channel [id: 0x14f829da, L:/127.0.0.1:65324 - R:localhost/127.0.0.1:30762]
14:41:16.445 [Forwarding findElement on session 378c654433dc21dab6f29fe3c4fcf536 to remote] DEBUG org.asynchttpclient.netty.request.NettyRequestSender - Using pooled Channel '[id: 0x14f829da, L:/127.0.0.1:65324 - R:localhost/127.0.0.1:30762]' for 'POST' to 'http://localhost:30762/session/378c654433dc21dab6f29fe3c4fcf536/element'
14:41:16.445 [Forwarding findElement on session 378c654433dc21dab6f29fe3c4fcf536 to remote] DEBUG org.asynchttpclient.netty.request.NettyRequestSender - Using open Channel [id: 0x14f829da, L:/127.0.0.1:65324 - R:localhost/127.0.0.1:30762] for POST '/session/378c654433dc21dab6f29fe3c4fcf536/element'
14:41:16.461 [AsyncHttpClient-1-14] DEBUG org.asynchttpclient.netty.handler.HttpHandler - 

Request DefaultHttpRequest(decodeResult: success, version: HTTP/1.1)
POST /session/378c654433dc21dab6f29fe3c4fcf536/element HTTP/1.1
User-Agent: selenium/4.7.1 (java windows)
Content-Length: 84
Content-Type: application/json; charset=utf-8
host: localhost:30762
accept: */*

Response DefaultHttpResponse(decodeResult: success, version: HTTP/1.1)
HTTP/1.1 200 OK
Content-Type: application/json; charset=utf-8
cache-control: no-cache
content-length: 94

14:41:16.461 [AsyncHttpClient-1-14] DEBUG org.asynchttpclient.netty.channel.ChannelManager - Adding key: http://localhost:30762 for channel [id: 0x14f829da, L:/127.0.0.1:65324 - R:localhost/127.0.0.1:30762]
14:41:16.461 [Forwarding clickElement on session 378c654433dc21dab6f29fe3c4fcf536 to remote] DEBUG org.asynchttpclient.netty.request.NettyRequestSender - Using pooled Channel '[id: 0x14f829da, L:/127.0.0.1:65324 - R:localhost/127.0.0.1:30762]' for 'POST' to 'http://localhost:30762/session/378c654433dc21dab6f29fe3c4fcf536/element/6E483B9FB0B7C7910FC54E2C061D2727_element_7/click'
14:41:16.461 [Forwarding clickElement on session 378c654433dc21dab6f29fe3c4fcf536 to remote] DEBUG org.asynchttpclient.netty.request.NettyRequestSender - Using open Channel [id: 0x14f829da, L:/127.0.0.1:65324 - R:localhost/127.0.0.1:30762] for POST '/session/378c654433dc21dab6f29fe3c4fcf536/element/6E483B9FB0B7C7910FC54E2C061D2727_element_7/click'
14:41:16.640 [AsyncHttpClient-1-14] DEBUG org.asynchttpclient.netty.handler.HttpHandler - 

Request DefaultHttpRequest(decodeResult: success, version: HTTP/1.1)
POST /session/378c654433dc21dab6f29fe3c4fcf536/element/6E483B9FB0B7C7910FC54E2C061D2727_element_7/click HTTP/1.1
User-Agent: selenium/4.7.1 (java windows)
Content-Length: 56
Content-Type: application/json; charset=utf-8
host: localhost:30762
accept: */*

Response DefaultHttpResponse(decodeResult: success, version: HTTP/1.1)
HTTP/1.1 200 OK
Content-Type: application/json; charset=utf-8
cache-control: no-cache
content-length: 14

14:41:16.640 [AsyncHttpClient-1-14] DEBUG org.asynchttpclient.netty.channel.ChannelManager - Adding key: http://localhost:30762 for channel [id: 0x14f829da, L:/127.0.0.1:65324 - R:localhost/127.0.0.1:30762]
14:41:16.648 [Forwarding findElement on session 378c654433dc21dab6f29fe3c4fcf536 to remote] DEBUG org.asynchttpclient.netty.request.NettyRequestSender - Using pooled Channel '[id: 0x14f829da, L:/127.0.0.1:65324 - R:localhost/127.0.0.1:30762]' for 'POST' to 'http://localhost:30762/session/378c654433dc21dab6f29fe3c4fcf536/element'
14:41:16.648 [Forwarding findElement on session 378c654433dc21dab6f29fe3c4fcf536 to remote] DEBUG org.asynchttpclient.netty.request.NettyRequestSender - Using open Channel [id: 0x14f829da, L:/127.0.0.1:65324 - R:localhost/127.0.0.1:30762] for POST '/session/378c654433dc21dab6f29fe3c4fcf536/element'
14:41:16.664 [AsyncHttpClient-1-14] DEBUG org.asynchttpclient.netty.handler.HttpHandler - 

Request DefaultHttpRequest(decodeResult: success, version: HTTP/1.1)
POST /session/378c654433dc21dab6f29fe3c4fcf536/element HTTP/1.1
User-Agent: selenium/4.7.1 (java windows)
Content-Length: 84
Content-Type: application/json; charset=utf-8
host: localhost:30762
accept: */*

Response DefaultHttpResponse(decodeResult: success, version: HTTP/1.1)
HTTP/1.1 200 OK
Content-Type: application/json; charset=utf-8
cache-control: no-cache
content-length: 94

14:41:16.664 [AsyncHttpClient-1-14] DEBUG org.asynchttpclient.netty.channel.ChannelManager - Adding key: http://localhost:30762 for channel [id: 0x14f829da, L:/127.0.0.1:65324 - R:localhost/127.0.0.1:30762]
14:41:16.664 [Forwarding clearElement on session 378c654433dc21dab6f29fe3c4fcf536 to remote] DEBUG org.asynchttpclient.netty.request.NettyRequestSender - Using pooled Channel '[id: 0x14f829da, L:/127.0.0.1:65324 - R:localhost/127.0.0.1:30762]' for 'POST' to 'http://localhost:30762/session/378c654433dc21dab6f29fe3c4fcf536/element/6E483B9FB0B7C7910FC54E2C061D2727_element_7/clear'
14:41:16.664 [Forwarding clearElement on session 378c654433dc21dab6f29fe3c4fcf536 to remote] DEBUG org.asynchttpclient.netty.request.NettyRequestSender - Using open Channel [id: 0x14f829da, L:/127.0.0.1:65324 - R:localhost/127.0.0.1:30762] for POST '/session/378c654433dc21dab6f29fe3c4fcf536/element/6E483B9FB0B7C7910FC54E2C061D2727_element_7/clear'
14:41:16.722 [AsyncHttpClient-1-14] DEBUG org.asynchttpclient.netty.handler.HttpHandler - 

Request DefaultHttpRequest(decodeResult: success, version: HTTP/1.1)
POST /session/378c654433dc21dab6f29fe3c4fcf536/element/6E483B9FB0B7C7910FC54E2C061D2727_element_7/clear HTTP/1.1
User-Agent: selenium/4.7.1 (java windows)
Content-Length: 56
Content-Type: application/json; charset=utf-8
host: localhost:30762
accept: */*

Response DefaultHttpResponse(decodeResult: success, version: HTTP/1.1)
HTTP/1.1 200 OK
Content-Type: application/json; charset=utf-8
cache-control: no-cache
content-length: 14

14:41:16.722 [AsyncHttpClient-1-14] DEBUG org.asynchttpclient.netty.channel.ChannelManager - Adding key: http://localhost:30762 for channel [id: 0x14f829da, L:/127.0.0.1:65324 - R:localhost/127.0.0.1:30762]
14:41:16.728 [Forwarding sendKeysToElement on session 378c654433dc21dab6f29fe3c4fcf536 to remote] DEBUG org.asynchttpclient.netty.request.NettyRequestSender - Using pooled Channel '[id: 0x14f829da, L:/127.0.0.1:65324 - R:localhost/127.0.0.1:30762]' for 'POST' to 'http://localhost:30762/session/378c654433dc21dab6f29fe3c4fcf536/element/6E483B9FB0B7C7910FC54E2C061D2727_element_7/value'
14:41:16.728 [Forwarding sendKeysToElement on session 378c654433dc21dab6f29fe3c4fcf536 to remote] DEBUG org.asynchttpclient.netty.request.NettyRequestSender - Using open Channel [id: 0x14f829da, L:/127.0.0.1:65324 - R:localhost/127.0.0.1:30762] for POST '/session/378c654433dc21dab6f29fe3c4fcf536/element/6E483B9FB0B7C7910FC54E2C061D2727_element_7/value'
14:41:16.904 [AsyncHttpClient-1-14] DEBUG org.asynchttpclient.netty.handler.HttpHandler - 

Request DefaultHttpRequest(decodeResult: success, version: HTTP/1.1)
POST /session/378c654433dc21dab6f29fe3c4fcf536/element/6E483B9FB0B7C7910FC54E2C061D2727_element_7/value HTTP/1.1
User-Agent: selenium/4.7.1 (java windows)
Content-Length: 377
Content-Type: application/json; charset=utf-8
host: localhost:30762
accept: */*

Response DefaultHttpResponse(decodeResult: success, version: HTTP/1.1)
HTTP/1.1 200 OK
Content-Type: application/json; charset=utf-8
cache-control: no-cache
content-length: 14

14:41:16.904 [AsyncHttpClient-1-14] DEBUG org.asynchttpclient.netty.channel.ChannelManager - Adding key: http://localhost:30762 for channel [id: 0x14f829da, L:/127.0.0.1:65324 - R:localhost/127.0.0.1:30762]
14:41:16.912 [Forwarding getCurrentWindowHandle on session 378c654433dc21dab6f29fe3c4fcf536 to remote] DEBUG org.asynchttpclient.netty.request.NettyRequestSender - Using pooled Channel '[id: 0x14f829da, L:/127.0.0.1:65324 - R:localhost/127.0.0.1:30762]' for 'GET' to 'http://localhost:30762/session/378c654433dc21dab6f29fe3c4fcf536/window'
14:41:16.912 [Forwarding getCurrentWindowHandle on session 378c654433dc21dab6f29fe3c4fcf536 to remote] DEBUG org.asynchttpclient.netty.request.NettyRequestSender - Using open Channel [id: 0x14f829da, L:/127.0.0.1:65324 - R:localhost/127.0.0.1:30762] for GET '/session/378c654433dc21dab6f29fe3c4fcf536/window'
14:41:16.912 [AsyncHttpClient-1-14] DEBUG org.asynchttpclient.netty.handler.HttpHandler - 

Request DefaultFullHttpRequest(decodeResult: success, version: HTTP/1.1, content: EmptyByteBufBE)
GET /session/378c654433dc21dab6f29fe3c4fcf536/window HTTP/1.1
User-Agent: selenium/4.7.1 (java windows)
Cache-Control: no-cache
Content-Type: application/json; charset=utf-8
host: localhost:30762
accept: */*

Response DefaultHttpResponse(decodeResult: success, version: HTTP/1.1)
HTTP/1.1 200 OK
Content-Type: application/json; charset=utf-8
cache-control: no-cache
content-length: 44

14:41:16.912 [AsyncHttpClient-1-14] DEBUG org.asynchttpclient.netty.channel.ChannelManager - Adding key: http://localhost:30762 for channel [id: 0x14f829da, L:/127.0.0.1:65324 - R:localhost/127.0.0.1:30762]
14:41:16.920 [Forwarding getAlertText on session 378c654433dc21dab6f29fe3c4fcf536 to remote] DEBUG org.asynchttpclient.netty.request.NettyRequestSender - Using pooled Channel '[id: 0x14f829da, L:/127.0.0.1:65324 - R:localhost/127.0.0.1:30762]' for 'GET' to 'http://localhost:30762/session/378c654433dc21dab6f29fe3c4fcf536/alert/text'
14:41:16.920 [Forwarding getAlertText on session 378c654433dc21dab6f29fe3c4fcf536 to remote] DEBUG org.asynchttpclient.netty.request.NettyRequestSender - Using open Channel [id: 0x14f829da, L:/127.0.0.1:65324 - R:localhost/127.0.0.1:30762] for GET '/session/378c654433dc21dab6f29fe3c4fcf536/alert/text'
14:41:16.922 [AsyncHttpClient-1-14] DEBUG org.asynchttpclient.netty.handler.HttpHandler - 

Request DefaultFullHttpRequest(decodeResult: success, version: HTTP/1.1, content: EmptyByteBufBE)
GET /session/378c654433dc21dab6f29fe3c4fcf536/alert/text HTTP/1.1
User-Agent: selenium/4.7.1 (java windows)
Cache-Control: no-cache
Content-Type: application/json; charset=utf-8
host: localhost:30762
accept: */*

Response DefaultHttpResponse(decodeResult: success, version: HTTP/1.1)
HTTP/1.1 404 Not Found
Content-Type: application/json; charset=utf-8
cache-control: no-cache
content-length: 821

14:41:16.922 [AsyncHttpClient-1-14] DEBUG org.asynchttpclient.netty.channel.ChannelManager - Adding key: http://localhost:30762 for channel [id: 0x14f829da, L:/127.0.0.1:65324 - R:localhost/127.0.0.1:30762]
14:41:16.922 [Forwarding switchToWindow on session 378c654433dc21dab6f29fe3c4fcf536 to remote] DEBUG org.asynchttpclient.netty.request.NettyRequestSender - Using pooled Channel '[id: 0x14f829da, L:/127.0.0.1:65324 - R:localhost/127.0.0.1:30762]' for 'POST' to 'http://localhost:30762/session/378c654433dc21dab6f29fe3c4fcf536/window'
14:41:16.922 [Forwarding switchToWindow on session 378c654433dc21dab6f29fe3c4fcf536 to remote] DEBUG org.asynchttpclient.netty.request.NettyRequestSender - Using open Channel [id: 0x14f829da, L:/127.0.0.1:65324 - R:localhost/127.0.0.1:30762] for POST '/session/378c654433dc21dab6f29fe3c4fcf536/window'
14:41:16.922 [AsyncHttpClient-1-14] DEBUG org.asynchttpclient.netty.handler.HttpHandler - 

Request DefaultHttpRequest(decodeResult: success, version: HTTP/1.1)
POST /session/378c654433dc21dab6f29fe3c4fcf536/window HTTP/1.1
User-Agent: selenium/4.7.1 (java windows)
Content-Length: 50
Content-Type: application/json; charset=utf-8
host: localhost:30762
accept: */*

Response DefaultHttpResponse(decodeResult: success, version: HTTP/1.1)
HTTP/1.1 200 OK
Content-Type: application/json; charset=utf-8
cache-control: no-cache
content-length: 14

14:41:16.922 [AsyncHttpClient-1-14] DEBUG org.asynchttpclient.netty.channel.ChannelManager - Adding key: http://localhost:30762 for channel [id: 0x14f829da, L:/127.0.0.1:65324 - R:localhost/127.0.0.1:30762]
14:41:16.928 [Forwarding getCurrentUrl on session 378c654433dc21dab6f29fe3c4fcf536 to remote] DEBUG org.asynchttpclient.netty.request.NettyRequestSender - Using pooled Channel '[id: 0x14f829da, L:/127.0.0.1:65324 - R:localhost/127.0.0.1:30762]' for 'GET' to 'http://localhost:30762/session/378c654433dc21dab6f29fe3c4fcf536/url'
14:41:16.928 [Forwarding getCurrentUrl on session 378c654433dc21dab6f29fe3c4fcf536 to remote] DEBUG org.asynchttpclient.netty.request.NettyRequestSender - Using open Channel [id: 0x14f829da, L:/127.0.0.1:65324 - R:localhost/127.0.0.1:30762] for GET '/session/378c654433dc21dab6f29fe3c4fcf536/url'
14:41:16.928 [AsyncHttpClient-1-14] DEBUG org.asynchttpclient.netty.handler.HttpHandler - 

Request DefaultFullHttpRequest(decodeResult: success, version: HTTP/1.1, content: EmptyByteBufBE)
GET /session/378c654433dc21dab6f29fe3c4fcf536/url HTTP/1.1
User-Agent: selenium/4.7.1 (java windows)
Cache-Control: no-cache
Content-Type: application/json; charset=utf-8
host: localhost:30762
accept: */*

Response DefaultHttpResponse(decodeResult: success, version: HTTP/1.1)
HTTP/1.1 200 OK
Content-Type: application/json; charset=utf-8
cache-control: no-cache
content-length: 51

14:41:16.928 [AsyncHttpClient-1-14] DEBUG org.asynchttpclient.netty.channel.ChannelManager - Adding key: http://localhost:30762 for channel [id: 0x14f829da, L:/127.0.0.1:65324 - R:localhost/127.0.0.1:30762]
14:41:16.928 [Forwarding screenshot on session 378c654433dc21dab6f29fe3c4fcf536 to remote] DEBUG org.asynchttpclient.netty.request.NettyRequestSender - Using pooled Channel '[id: 0x14f829da, L:/127.0.0.1:65324 - R:localhost/127.0.0.1:30762]' for 'GET' to 'http://localhost:30762/session/378c654433dc21dab6f29fe3c4fcf536/screenshot'
14:41:16.936 [Forwarding screenshot on session 378c654433dc21dab6f29fe3c4fcf536 to remote] DEBUG org.asynchttpclient.netty.request.NettyRequestSender - Using open Channel [id: 0x14f829da, L:/127.0.0.1:65324 - R:localhost/127.0.0.1:30762] for GET '/session/378c654433dc21dab6f29fe3c4fcf536/screenshot'
14:41:17.144 [AsyncHttpClient-1-14] DEBUG org.asynchttpclient.netty.handler.HttpHandler - 

Request DefaultFullHttpRequest(decodeResult: success, version: HTTP/1.1, content: EmptyByteBufBE)
GET /session/378c654433dc21dab6f29fe3c4fcf536/screenshot HTTP/1.1
User-Agent: selenium/4.7.1 (java windows)
Cache-Control: no-cache
Content-Type: application/json; charset=utf-8
host: localhost:30762
accept: */*

Response DefaultHttpResponse(decodeResult: success, version: HTTP/1.1)
HTTP/1.1 200 OK
Content-Type: application/json; charset=utf-8
cache-control: no-cache
content-length: 191920

14:41:17.144 [AsyncHttpClient-1-14] DEBUG org.asynchttpclient.netty.channel.ChannelManager - Adding key: http://localhost:30762 for channel [id: 0x14f829da, L:/127.0.0.1:65324 - R:localhost/127.0.0.1:30762]
14:41:17.152 [main] DEBUG net.serenitybdd.core.photography.Darkroom - Send negative for processing for target\site\serenity\016d27681ad45d2073403df84e978f4727a92e6d57d9c8bb00857f8d4513a591.png
14:41:17.152 [main] DEBUG net.thucydides.core.steps.StepInterceptor - STEP DONE: inputfieldemail
14:41:17.160 [main] DEBUG net.thucydides.core.steps.StepInterceptor - STARTING STEP: TransaksiSteps.adminMelakukanLoginAkun - inputfieldpassword
14:41:17.160 [Forwarding findElement on session 378c654433dc21dab6f29fe3c4fcf536 to remote] DEBUG org.asynchttpclient.netty.request.NettyRequestSender - Using pooled Channel '[id: 0x14f829da, L:/127.0.0.1:65324 - R:localhost/127.0.0.1:30762]' for 'POST' to 'http://localhost:30762/session/378c654433dc21dab6f29fe3c4fcf536/element'
14:41:17.160 [Forwarding findElement on session 378c654433dc21dab6f29fe3c4fcf536 to remote] DEBUG org.asynchttpclient.netty.request.NettyRequestSender - Using open Channel [id: 0x14f829da, L:/127.0.0.1:65324 - R:localhost/127.0.0.1:30762] for POST '/session/378c654433dc21dab6f29fe3c4fcf536/element'
14:41:17.185 [AsyncHttpClient-1-14] DEBUG org.asynchttpclient.netty.handler.HttpHandler - 

Request DefaultHttpRequest(decodeResult: success, version: HTTP/1.1)
POST /session/378c654433dc21dab6f29fe3c4fcf536/element HTTP/1.1
User-Agent: selenium/4.7.1 (java windows)
Content-Length: 105
Content-Type: application/json; charset=utf-8
host: localhost:30762
accept: */*

Response DefaultHttpResponse(decodeResult: success, version: HTTP/1.1)
HTTP/1.1 200 OK
Content-Type: application/json; charset=utf-8
cache-control: no-cache
content-length: 94

14:41:17.185 [AsyncHttpClient-1-14] DEBUG org.asynchttpclient.netty.channel.ChannelManager - Adding key: http://localhost:30762 for channel [id: 0x14f829da, L:/127.0.0.1:65324 - R:localhost/127.0.0.1:30762]
14:41:17.185 [Forwarding getElementTagName on session 378c654433dc21dab6f29fe3c4fcf536 to remote] DEBUG org.asynchttpclient.netty.request.NettyRequestSender - Using pooled Channel '[id: 0x14f829da, L:/127.0.0.1:65324 - R:localhost/127.0.0.1:30762]' for 'GET' to 'http://localhost:30762/session/378c654433dc21dab6f29fe3c4fcf536/element/6E483B9FB0B7C7910FC54E2C061D2727_element_8/name'
14:41:17.185 [Forwarding getElementTagName on session 378c654433dc21dab6f29fe3c4fcf536 to remote] DEBUG org.asynchttpclient.netty.request.NettyRequestSender - Using open Channel [id: 0x14f829da, L:/127.0.0.1:65324 - R:localhost/127.0.0.1:30762] for GET '/session/378c654433dc21dab6f29fe3c4fcf536/element/6E483B9FB0B7C7910FC54E2C061D2727_element_8/name'
14:41:17.193 [AsyncHttpClient-1-14] DEBUG org.asynchttpclient.netty.handler.HttpHandler - 

Request DefaultFullHttpRequest(decodeResult: success, version: HTTP/1.1, content: EmptyByteBufBE)
GET /session/378c654433dc21dab6f29fe3c4fcf536/element/6E483B9FB0B7C7910FC54E2C061D2727_element_8/name HTTP/1.1
User-Agent: selenium/4.7.1 (java windows)
Cache-Control: no-cache
Content-Type: application/json; charset=utf-8
host: localhost:30762
accept: */*

Response DefaultHttpResponse(decodeResult: success, version: HTTP/1.1)
HTTP/1.1 200 OK
Content-Type: application/json; charset=utf-8
cache-control: no-cache
content-length: 17

14:41:17.193 [AsyncHttpClient-1-14] DEBUG org.asynchttpclient.netty.channel.ChannelManager - Adding key: http://localhost:30762 for channel [id: 0x14f829da, L:/127.0.0.1:65324 - R:localhost/127.0.0.1:30762]
14:41:17.193 [Forwarding getElementTagName on session 378c654433dc21dab6f29fe3c4fcf536 to remote] DEBUG org.asynchttpclient.netty.request.NettyRequestSender - Using pooled Channel '[id: 0x14f829da, L:/127.0.0.1:65324 - R:localhost/127.0.0.1:30762]' for 'GET' to 'http://localhost:30762/session/378c654433dc21dab6f29fe3c4fcf536/element/6E483B9FB0B7C7910FC54E2C061D2727_element_8/name'
14:41:17.193 [Forwarding getElementTagName on session 378c654433dc21dab6f29fe3c4fcf536 to remote] DEBUG org.asynchttpclient.netty.request.NettyRequestSender - Using open Channel [id: 0x14f829da, L:/127.0.0.1:65324 - R:localhost/127.0.0.1:30762] for GET '/session/378c654433dc21dab6f29fe3c4fcf536/element/6E483B9FB0B7C7910FC54E2C061D2727_element_8/name'
14:41:17.201 [AsyncHttpClient-1-14] DEBUG org.asynchttpclient.netty.handler.HttpHandler - 

Request DefaultFullHttpRequest(decodeResult: success, version: HTTP/1.1, content: EmptyByteBufBE)
GET /session/378c654433dc21dab6f29fe3c4fcf536/element/6E483B9FB0B7C7910FC54E2C061D2727_element_8/name HTTP/1.1
User-Agent: selenium/4.7.1 (java windows)
Cache-Control: no-cache
Content-Type: application/json; charset=utf-8
host: localhost:30762
accept: */*

Response DefaultHttpResponse(decodeResult: success, version: HTTP/1.1)
HTTP/1.1 200 OK
Content-Type: application/json; charset=utf-8
cache-control: no-cache
content-length: 17

14:41:17.201 [AsyncHttpClient-1-14] DEBUG org.asynchttpclient.netty.channel.ChannelManager - Adding key: http://localhost:30762 for channel [id: 0x14f829da, L:/127.0.0.1:65324 - R:localhost/127.0.0.1:30762]
14:41:17.201 [Forwarding isElementEnabled on session 378c654433dc21dab6f29fe3c4fcf536 to remote] DEBUG org.asynchttpclient.netty.request.NettyRequestSender - Using pooled Channel '[id: 0x14f829da, L:/127.0.0.1:65324 - R:localhost/127.0.0.1:30762]' for 'GET' to 'http://localhost:30762/session/378c654433dc21dab6f29fe3c4fcf536/element/6E483B9FB0B7C7910FC54E2C061D2727_element_8/enabled'
14:41:17.201 [Forwarding isElementEnabled on session 378c654433dc21dab6f29fe3c4fcf536 to remote] DEBUG org.asynchttpclient.netty.request.NettyRequestSender - Using open Channel [id: 0x14f829da, L:/127.0.0.1:65324 - R:localhost/127.0.0.1:30762] for GET '/session/378c654433dc21dab6f29fe3c4fcf536/element/6E483B9FB0B7C7910FC54E2C061D2727_element_8/enabled'
14:41:17.209 [AsyncHttpClient-1-14] DEBUG org.asynchttpclient.netty.handler.HttpHandler - 

Request DefaultFullHttpRequest(decodeResult: success, version: HTTP/1.1, content: EmptyByteBufBE)
GET /session/378c654433dc21dab6f29fe3c4fcf536/element/6E483B9FB0B7C7910FC54E2C061D2727_element_8/enabled HTTP/1.1
User-Agent: selenium/4.7.1 (java windows)
Cache-Control: no-cache
Content-Type: application/json; charset=utf-8
host: localhost:30762
accept: */*

Response DefaultHttpResponse(decodeResult: success, version: HTTP/1.1)
HTTP/1.1 200 OK
Content-Type: application/json; charset=utf-8
cache-control: no-cache
content-length: 14

14:41:17.209 [AsyncHttpClient-1-14] DEBUG org.asynchttpclient.netty.channel.ChannelManager - Adding key: http://localhost:30762 for channel [id: 0x14f829da, L:/127.0.0.1:65324 - R:localhost/127.0.0.1:30762]
14:41:17.209 [Forwarding isElementEnabled on session 378c654433dc21dab6f29fe3c4fcf536 to remote] DEBUG org.asynchttpclient.netty.request.NettyRequestSender - Using pooled Channel '[id: 0x14f829da, L:/127.0.0.1:65324 - R:localhost/127.0.0.1:30762]' for 'GET' to 'http://localhost:30762/session/378c654433dc21dab6f29fe3c4fcf536/element/6E483B9FB0B7C7910FC54E2C061D2727_element_8/enabled'
14:41:17.209 [Forwarding isElementEnabled on session 378c654433dc21dab6f29fe3c4fcf536 to remote] DEBUG org.asynchttpclient.netty.request.NettyRequestSender - Using open Channel [id: 0x14f829da, L:/127.0.0.1:65324 - R:localhost/127.0.0.1:30762] for GET '/session/378c654433dc21dab6f29fe3c4fcf536/element/6E483B9FB0B7C7910FC54E2C061D2727_element_8/enabled'
14:41:17.225 [AsyncHttpClient-1-14] DEBUG org.asynchttpclient.netty.handler.HttpHandler - 

Request DefaultFullHttpRequest(decodeResult: success, version: HTTP/1.1, content: EmptyByteBufBE)
GET /session/378c654433dc21dab6f29fe3c4fcf536/element/6E483B9FB0B7C7910FC54E2C061D2727_element_8/enabled HTTP/1.1
User-Agent: selenium/4.7.1 (java windows)
Cache-Control: no-cache
Content-Type: application/json; charset=utf-8
host: localhost:30762
accept: */*

Response DefaultHttpResponse(decodeResult: success, version: HTTP/1.1)
HTTP/1.1 200 OK
Content-Type: application/json; charset=utf-8
cache-control: no-cache
content-length: 14

14:41:17.225 [AsyncHttpClient-1-14] DEBUG org.asynchttpclient.netty.channel.ChannelManager - Adding key: http://localhost:30762 for channel [id: 0x14f829da, L:/127.0.0.1:65324 - R:localhost/127.0.0.1:30762]
14:41:17.225 [Forwarding findElement on session 378c654433dc21dab6f29fe3c4fcf536 to remote] DEBUG org.asynchttpclient.netty.request.NettyRequestSender - Using pooled Channel '[id: 0x14f829da, L:/127.0.0.1:65324 - R:localhost/127.0.0.1:30762]' for 'POST' to 'http://localhost:30762/session/378c654433dc21dab6f29fe3c4fcf536/element'
14:41:17.225 [Forwarding findElement on session 378c654433dc21dab6f29fe3c4fcf536 to remote] DEBUG org.asynchttpclient.netty.request.NettyRequestSender - Using open Channel [id: 0x14f829da, L:/127.0.0.1:65324 - R:localhost/127.0.0.1:30762] for POST '/session/378c654433dc21dab6f29fe3c4fcf536/element'
14:41:17.233 [AsyncHttpClient-1-14] DEBUG org.asynchttpclient.netty.handler.HttpHandler - 

Request DefaultHttpRequest(decodeResult: success, version: HTTP/1.1)
POST /session/378c654433dc21dab6f29fe3c4fcf536/element HTTP/1.1
User-Agent: selenium/4.7.1 (java windows)
Content-Length: 105
Content-Type: application/json; charset=utf-8
host: localhost:30762
accept: */*

Response DefaultHttpResponse(decodeResult: success, version: HTTP/1.1)
HTTP/1.1 200 OK
Content-Type: application/json; charset=utf-8
cache-control: no-cache
content-length: 94

14:41:17.233 [AsyncHttpClient-1-14] DEBUG org.asynchttpclient.netty.channel.ChannelManager - Adding key: http://localhost:30762 for channel [id: 0x14f829da, L:/127.0.0.1:65324 - R:localhost/127.0.0.1:30762]
14:41:17.241 [Forwarding clickElement on session 378c654433dc21dab6f29fe3c4fcf536 to remote] DEBUG org.asynchttpclient.netty.request.NettyRequestSender - Using pooled Channel '[id: 0x14f829da, L:/127.0.0.1:65324 - R:localhost/127.0.0.1:30762]' for 'POST' to 'http://localhost:30762/session/378c654433dc21dab6f29fe3c4fcf536/element/6E483B9FB0B7C7910FC54E2C061D2727_element_8/click'
14:41:17.241 [Forwarding clickElement on session 378c654433dc21dab6f29fe3c4fcf536 to remote] DEBUG org.asynchttpclient.netty.request.NettyRequestSender - Using open Channel [id: 0x14f829da, L:/127.0.0.1:65324 - R:localhost/127.0.0.1:30762] for POST '/session/378c654433dc21dab6f29fe3c4fcf536/element/6E483B9FB0B7C7910FC54E2C061D2727_element_8/click'
14:41:17.297 [AsyncHttpClient-1-14] DEBUG org.asynchttpclient.netty.handler.HttpHandler - 

Request DefaultHttpRequest(decodeResult: success, version: HTTP/1.1)
POST /session/378c654433dc21dab6f29fe3c4fcf536/element/6E483B9FB0B7C7910FC54E2C061D2727_element_8/click HTTP/1.1
User-Agent: selenium/4.7.1 (java windows)
Content-Length: 56
Content-Type: application/json; charset=utf-8
host: localhost:30762
accept: */*

Response DefaultHttpResponse(decodeResult: success, version: HTTP/1.1)
HTTP/1.1 200 OK
Content-Type: application/json; charset=utf-8
cache-control: no-cache
content-length: 14

14:41:17.297 [AsyncHttpClient-1-14] DEBUG org.asynchttpclient.netty.channel.ChannelManager - Adding key: http://localhost:30762 for channel [id: 0x14f829da, L:/127.0.0.1:65324 - R:localhost/127.0.0.1:30762]
14:41:17.305 [Forwarding findElement on session 378c654433dc21dab6f29fe3c4fcf536 to remote] DEBUG org.asynchttpclient.netty.request.NettyRequestSender - Using pooled Channel '[id: 0x14f829da, L:/127.0.0.1:65324 - R:localhost/127.0.0.1:30762]' for 'POST' to 'http://localhost:30762/session/378c654433dc21dab6f29fe3c4fcf536/element'
14:41:17.305 [Forwarding findElement on session 378c654433dc21dab6f29fe3c4fcf536 to remote] DEBUG org.asynchttpclient.netty.request.NettyRequestSender - Using open Channel [id: 0x14f829da, L:/127.0.0.1:65324 - R:localhost/127.0.0.1:30762] for POST '/session/378c654433dc21dab6f29fe3c4fcf536/element'
14:41:17.322 [AsyncHttpClient-1-14] DEBUG org.asynchttpclient.netty.handler.HttpHandler - 

Request DefaultHttpRequest(decodeResult: success, version: HTTP/1.1)
POST /session/378c654433dc21dab6f29fe3c4fcf536/element HTTP/1.1
User-Agent: selenium/4.7.1 (java windows)
Content-Length: 105
Content-Type: application/json; charset=utf-8
host: localhost:30762
accept: */*

Response DefaultHttpResponse(decodeResult: success, version: HTTP/1.1)
HTTP/1.1 200 OK
Content-Type: application/json; charset=utf-8
cache-control: no-cache
content-length: 94

14:41:17.322 [AsyncHttpClient-1-14] DEBUG org.asynchttpclient.netty.channel.ChannelManager - Adding key: http://localhost:30762 for channel [id: 0x14f829da, L:/127.0.0.1:65324 - R:localhost/127.0.0.1:30762]
14:41:17.322 [Forwarding clearElement on session 378c654433dc21dab6f29fe3c4fcf536 to remote] DEBUG org.asynchttpclient.netty.request.NettyRequestSender - Using pooled Channel '[id: 0x14f829da, L:/127.0.0.1:65324 - R:localhost/127.0.0.1:30762]' for 'POST' to 'http://localhost:30762/session/378c654433dc21dab6f29fe3c4fcf536/element/6E483B9FB0B7C7910FC54E2C061D2727_element_8/clear'
14:41:17.322 [Forwarding clearElement on session 378c654433dc21dab6f29fe3c4fcf536 to remote] DEBUG org.asynchttpclient.netty.request.NettyRequestSender - Using open Channel [id: 0x14f829da, L:/127.0.0.1:65324 - R:localhost/127.0.0.1:30762] for POST '/session/378c654433dc21dab6f29fe3c4fcf536/element/6E483B9FB0B7C7910FC54E2C061D2727_element_8/clear'
14:41:17.361 [AsyncHttpClient-1-14] DEBUG org.asynchttpclient.netty.handler.HttpHandler - 

Request DefaultHttpRequest(decodeResult: success, version: HTTP/1.1)
POST /session/378c654433dc21dab6f29fe3c4fcf536/element/6E483B9FB0B7C7910FC54E2C061D2727_element_8/clear HTTP/1.1
User-Agent: selenium/4.7.1 (java windows)
Content-Length: 56
Content-Type: application/json; charset=utf-8
host: localhost:30762
accept: */*

Response DefaultHttpResponse(decodeResult: success, version: HTTP/1.1)
HTTP/1.1 200 OK
Content-Type: application/json; charset=utf-8
cache-control: no-cache
content-length: 14

14:41:17.361 [AsyncHttpClient-1-14] DEBUG org.asynchttpclient.netty.channel.ChannelManager - Adding key: http://localhost:30762 for channel [id: 0x14f829da, L:/127.0.0.1:65324 - R:localhost/127.0.0.1:30762]
14:41:17.369 [Forwarding sendKeysToElement on session 378c654433dc21dab6f29fe3c4fcf536 to remote] DEBUG org.asynchttpclient.netty.request.NettyRequestSender - Using pooled Channel '[id: 0x14f829da, L:/127.0.0.1:65324 - R:localhost/127.0.0.1:30762]' for 'POST' to 'http://localhost:30762/session/378c654433dc21dab6f29fe3c4fcf536/element/6E483B9FB0B7C7910FC54E2C061D2727_element_8/value'
14:41:17.369 [Forwarding sendKeysToElement on session 378c654433dc21dab6f29fe3c4fcf536 to remote] DEBUG org.asynchttpclient.netty.request.NettyRequestSender - Using open Channel [id: 0x14f829da, L:/127.0.0.1:65324 - R:localhost/127.0.0.1:30762] for POST '/session/378c654433dc21dab6f29fe3c4fcf536/element/6E483B9FB0B7C7910FC54E2C061D2727_element_8/value'
14:41:17.391 [AsyncHttpClient-1-1] DEBUG org.asynchttpclient.netty.channel.DefaultChannelPool - Entry count for : http://localhost:65325 : 1
14:41:17.430 [AsyncHttpClient-1-14] DEBUG org.asynchttpclient.netty.handler.HttpHandler - 

Request DefaultHttpRequest(decodeResult: success, version: HTTP/1.1)
POST /session/378c654433dc21dab6f29fe3c4fcf536/element/6E483B9FB0B7C7910FC54E2C061D2727_element_8/value HTTP/1.1
User-Agent: selenium/4.7.1 (java windows)
Content-Length: 187
Content-Type: application/json; charset=utf-8
host: localhost:30762
accept: */*

Response DefaultHttpResponse(decodeResult: success, version: HTTP/1.1)
HTTP/1.1 200 OK
Content-Type: application/json; charset=utf-8
cache-control: no-cache
content-length: 14

14:41:17.430 [AsyncHttpClient-1-14] DEBUG org.asynchttpclient.netty.channel.ChannelManager - Adding key: http://localhost:30762 for channel [id: 0x14f829da, L:/127.0.0.1:65324 - R:localhost/127.0.0.1:30762]
14:41:17.438 [Forwarding getCurrentWindowHandle on session 378c654433dc21dab6f29fe3c4fcf536 to remote] DEBUG org.asynchttpclient.netty.request.NettyRequestSender - Using pooled Channel '[id: 0x14f829da, L:/127.0.0.1:65324 - R:localhost/127.0.0.1:30762]' for 'GET' to 'http://localhost:30762/session/378c654433dc21dab6f29fe3c4fcf536/window'
14:41:17.438 [Forwarding getCurrentWindowHandle on session 378c654433dc21dab6f29fe3c4fcf536 to remote] DEBUG org.asynchttpclient.netty.request.NettyRequestSender - Using open Channel [id: 0x14f829da, L:/127.0.0.1:65324 - R:localhost/127.0.0.1:30762] for GET '/session/378c654433dc21dab6f29fe3c4fcf536/window'
14:41:17.438 [AsyncHttpClient-1-14] DEBUG org.asynchttpclient.netty.handler.HttpHandler - 

Request DefaultFullHttpRequest(decodeResult: success, version: HTTP/1.1, content: EmptyByteBufBE)
GET /session/378c654433dc21dab6f29fe3c4fcf536/window HTTP/1.1
User-Agent: selenium/4.7.1 (java windows)
Cache-Control: no-cache
Content-Type: application/json; charset=utf-8
host: localhost:30762
accept: */*

Response DefaultHttpResponse(decodeResult: success, version: HTTP/1.1)
HTTP/1.1 200 OK
Content-Type: application/json; charset=utf-8
cache-control: no-cache
content-length: 44

14:41:17.438 [AsyncHttpClient-1-14] DEBUG org.asynchttpclient.netty.channel.ChannelManager - Adding key: http://localhost:30762 for channel [id: 0x14f829da, L:/127.0.0.1:65324 - R:localhost/127.0.0.1:30762]
14:41:17.438 [Forwarding getAlertText on session 378c654433dc21dab6f29fe3c4fcf536 to remote] DEBUG org.asynchttpclient.netty.request.NettyRequestSender - Using pooled Channel '[id: 0x14f829da, L:/127.0.0.1:65324 - R:localhost/127.0.0.1:30762]' for 'GET' to 'http://localhost:30762/session/378c654433dc21dab6f29fe3c4fcf536/alert/text'
14:41:17.438 [Forwarding getAlertText on session 378c654433dc21dab6f29fe3c4fcf536 to remote] DEBUG org.asynchttpclient.netty.request.NettyRequestSender - Using open Channel [id: 0x14f829da, L:/127.0.0.1:65324 - R:localhost/127.0.0.1:30762] for GET '/session/378c654433dc21dab6f29fe3c4fcf536/alert/text'
14:41:17.438 [AsyncHttpClient-1-14] DEBUG org.asynchttpclient.netty.handler.HttpHandler - 

Request DefaultFullHttpRequest(decodeResult: success, version: HTTP/1.1, content: EmptyByteBufBE)
GET /session/378c654433dc21dab6f29fe3c4fcf536/alert/text HTTP/1.1
User-Agent: selenium/4.7.1 (java windows)
Cache-Control: no-cache
Content-Type: application/json; charset=utf-8
host: localhost:30762
accept: */*

Response DefaultHttpResponse(decodeResult: success, version: HTTP/1.1)
HTTP/1.1 404 Not Found
Content-Type: application/json; charset=utf-8
cache-control: no-cache
content-length: 821

14:41:17.438 [AsyncHttpClient-1-14] DEBUG org.asynchttpclient.netty.channel.ChannelManager - Adding key: http://localhost:30762 for channel [id: 0x14f829da, L:/127.0.0.1:65324 - R:localhost/127.0.0.1:30762]
14:41:17.446 [Forwarding switchToWindow on session 378c654433dc21dab6f29fe3c4fcf536 to remote] DEBUG org.asynchttpclient.netty.request.NettyRequestSender - Using pooled Channel '[id: 0x14f829da, L:/127.0.0.1:65324 - R:localhost/127.0.0.1:30762]' for 'POST' to 'http://localhost:30762/session/378c654433dc21dab6f29fe3c4fcf536/window'
14:41:17.446 [Forwarding switchToWindow on session 378c654433dc21dab6f29fe3c4fcf536 to remote] DEBUG org.asynchttpclient.netty.request.NettyRequestSender - Using open Channel [id: 0x14f829da, L:/127.0.0.1:65324 - R:localhost/127.0.0.1:30762] for POST '/session/378c654433dc21dab6f29fe3c4fcf536/window'
14:41:17.446 [AsyncHttpClient-1-14] DEBUG org.asynchttpclient.netty.handler.HttpHandler - 

Request DefaultHttpRequest(decodeResult: success, version: HTTP/1.1)
POST /session/378c654433dc21dab6f29fe3c4fcf536/window HTTP/1.1
User-Agent: selenium/4.7.1 (java windows)
Content-Length: 50
Content-Type: application/json; charset=utf-8
host: localhost:30762
accept: */*

Response DefaultHttpResponse(decodeResult: success, version: HTTP/1.1)
HTTP/1.1 200 OK
Content-Type: application/json; charset=utf-8
cache-control: no-cache
content-length: 14

14:41:17.446 [AsyncHttpClient-1-14] DEBUG org.asynchttpclient.netty.channel.ChannelManager - Adding key: http://localhost:30762 for channel [id: 0x14f829da, L:/127.0.0.1:65324 - R:localhost/127.0.0.1:30762]
14:41:17.446 [Forwarding getCurrentUrl on session 378c654433dc21dab6f29fe3c4fcf536 to remote] DEBUG org.asynchttpclient.netty.request.NettyRequestSender - Using pooled Channel '[id: 0x14f829da, L:/127.0.0.1:65324 - R:localhost/127.0.0.1:30762]' for 'GET' to 'http://localhost:30762/session/378c654433dc21dab6f29fe3c4fcf536/url'
14:41:17.446 [Forwarding getCurrentUrl on session 378c654433dc21dab6f29fe3c4fcf536 to remote] DEBUG org.asynchttpclient.netty.request.NettyRequestSender - Using open Channel [id: 0x14f829da, L:/127.0.0.1:65324 - R:localhost/127.0.0.1:30762] for GET '/session/378c654433dc21dab6f29fe3c4fcf536/url'
14:41:17.454 [AsyncHttpClient-1-14] DEBUG org.asynchttpclient.netty.handler.HttpHandler - 

Request DefaultFullHttpRequest(decodeResult: success, version: HTTP/1.1, content: EmptyByteBufBE)
GET /session/378c654433dc21dab6f29fe3c4fcf536/url HTTP/1.1
User-Agent: selenium/4.7.1 (java windows)
Cache-Control: no-cache
Content-Type: application/json; charset=utf-8
host: localhost:30762
accept: */*

Response DefaultHttpResponse(decodeResult: success, version: HTTP/1.1)
HTTP/1.1 200 OK
Content-Type: application/json; charset=utf-8
cache-control: no-cache
content-length: 51

14:41:17.454 [AsyncHttpClient-1-14] DEBUG org.asynchttpclient.netty.channel.ChannelManager - Adding key: http://localhost:30762 for channel [id: 0x14f829da, L:/127.0.0.1:65324 - R:localhost/127.0.0.1:30762]
14:41:17.454 [Forwarding screenshot on session 378c654433dc21dab6f29fe3c4fcf536 to remote] DEBUG org.asynchttpclient.netty.request.NettyRequestSender - Using pooled Channel '[id: 0x14f829da, L:/127.0.0.1:65324 - R:localhost/127.0.0.1:30762]' for 'GET' to 'http://localhost:30762/session/378c654433dc21dab6f29fe3c4fcf536/screenshot'
14:41:17.454 [Forwarding screenshot on session 378c654433dc21dab6f29fe3c4fcf536 to remote] DEBUG org.asynchttpclient.netty.request.NettyRequestSender - Using open Channel [id: 0x14f829da, L:/127.0.0.1:65324 - R:localhost/127.0.0.1:30762] for GET '/session/378c654433dc21dab6f29fe3c4fcf536/screenshot'
14:41:17.663 [AsyncHttpClient-1-14] DEBUG org.asynchttpclient.netty.handler.HttpHandler - 

Request DefaultFullHttpRequest(decodeResult: success, version: HTTP/1.1, content: EmptyByteBufBE)
GET /session/378c654433dc21dab6f29fe3c4fcf536/screenshot HTTP/1.1
User-Agent: selenium/4.7.1 (java windows)
Cache-Control: no-cache
Content-Type: application/json; charset=utf-8
host: localhost:30762
accept: */*

Response DefaultHttpResponse(decodeResult: success, version: HTTP/1.1)
HTTP/1.1 200 OK
Content-Type: application/json; charset=utf-8
cache-control: no-cache
content-length: 192088

14:41:17.663 [AsyncHttpClient-1-14] DEBUG org.asynchttpclient.netty.channel.ChannelManager - Adding key: http://localhost:30762 for channel [id: 0x14f829da, L:/127.0.0.1:65324 - R:localhost/127.0.0.1:30762]
14:41:17.671 [main] DEBUG net.serenitybdd.core.photography.Darkroom - Send negative for processing for target\site\serenity\9942ca6d24dff34b536a4faa679ac08af8c23abb3cbd7c6ff6d1c57c3c7dd528.png
14:41:17.671 [main] DEBUG net.thucydides.core.steps.StepInterceptor - STEP DONE: inputfieldpassword
14:41:17.671 [main] DEBUG net.thucydides.core.steps.StepInterceptor - STARTING STEP: TransaksiSteps.adminMelakukanLoginAkun - klikbuttonmasuk
14:41:17.679 [Forwarding findElement on session 378c654433dc21dab6f29fe3c4fcf536 to remote] DEBUG org.asynchttpclient.netty.request.NettyRequestSender - Using pooled Channel '[id: 0x14f829da, L:/127.0.0.1:65324 - R:localhost/127.0.0.1:30762]' for 'POST' to 'http://localhost:30762/session/378c654433dc21dab6f29fe3c4fcf536/element'
14:41:17.679 [Forwarding findElement on session 378c654433dc21dab6f29fe3c4fcf536 to remote] DEBUG org.asynchttpclient.netty.request.NettyRequestSender - Using open Channel [id: 0x14f829da, L:/127.0.0.1:65324 - R:localhost/127.0.0.1:30762] for POST '/session/378c654433dc21dab6f29fe3c4fcf536/element'
14:41:17.695 [AsyncHttpClient-1-14] DEBUG org.asynchttpclient.netty.handler.HttpHandler - 

Request DefaultHttpRequest(decodeResult: success, version: HTTP/1.1)
POST /session/378c654433dc21dab6f29fe3c4fcf536/element HTTP/1.1
User-Agent: selenium/4.7.1 (java windows)
Content-Length: 113
Content-Type: application/json; charset=utf-8
host: localhost:30762
accept: */*

Response DefaultHttpResponse(decodeResult: success, version: HTTP/1.1)
HTTP/1.1 200 OK
Content-Type: application/json; charset=utf-8
cache-control: no-cache
content-length: 94

14:41:17.695 [AsyncHttpClient-1-14] DEBUG org.asynchttpclient.netty.channel.ChannelManager - Adding key: http://localhost:30762 for channel [id: 0x14f829da, L:/127.0.0.1:65324 - R:localhost/127.0.0.1:30762]
14:41:17.695 [Forwarding getElementTagName on session 378c654433dc21dab6f29fe3c4fcf536 to remote] DEBUG org.asynchttpclient.netty.request.NettyRequestSender - Using pooled Channel '[id: 0x14f829da, L:/127.0.0.1:65324 - R:localhost/127.0.0.1:30762]' for 'GET' to 'http://localhost:30762/session/378c654433dc21dab6f29fe3c4fcf536/element/6E483B9FB0B7C7910FC54E2C061D2727_element_9/name'
14:41:17.695 [Forwarding getElementTagName on session 378c654433dc21dab6f29fe3c4fcf536 to remote] DEBUG org.asynchttpclient.netty.request.NettyRequestSender - Using open Channel [id: 0x14f829da, L:/127.0.0.1:65324 - R:localhost/127.0.0.1:30762] for GET '/session/378c654433dc21dab6f29fe3c4fcf536/element/6E483B9FB0B7C7910FC54E2C061D2727_element_9/name'
14:41:17.703 [AsyncHttpClient-1-14] DEBUG org.asynchttpclient.netty.handler.HttpHandler - 

Request DefaultFullHttpRequest(decodeResult: success, version: HTTP/1.1, content: EmptyByteBufBE)
GET /session/378c654433dc21dab6f29fe3c4fcf536/element/6E483B9FB0B7C7910FC54E2C061D2727_element_9/name HTTP/1.1
User-Agent: selenium/4.7.1 (java windows)
Cache-Control: no-cache
Content-Type: application/json; charset=utf-8
host: localhost:30762
accept: */*

Response DefaultHttpResponse(decodeResult: success, version: HTTP/1.1)
HTTP/1.1 200 OK
Content-Type: application/json; charset=utf-8
cache-control: no-cache
content-length: 18

14:41:17.703 [AsyncHttpClient-1-14] DEBUG org.asynchttpclient.netty.channel.ChannelManager - Adding key: http://localhost:30762 for channel [id: 0x14f829da, L:/127.0.0.1:65324 - R:localhost/127.0.0.1:30762]
14:41:17.703 [Forwarding getElementTagName on session 378c654433dc21dab6f29fe3c4fcf536 to remote] DEBUG org.asynchttpclient.netty.request.NettyRequestSender - Using pooled Channel '[id: 0x14f829da, L:/127.0.0.1:65324 - R:localhost/127.0.0.1:30762]' for 'GET' to 'http://localhost:30762/session/378c654433dc21dab6f29fe3c4fcf536/element/6E483B9FB0B7C7910FC54E2C061D2727_element_9/name'
14:41:17.703 [Forwarding getElementTagName on session 378c654433dc21dab6f29fe3c4fcf536 to remote] DEBUG org.asynchttpclient.netty.request.NettyRequestSender - Using open Channel [id: 0x14f829da, L:/127.0.0.1:65324 - R:localhost/127.0.0.1:30762] for GET '/session/378c654433dc21dab6f29fe3c4fcf536/element/6E483B9FB0B7C7910FC54E2C061D2727_element_9/name'
14:41:17.711 [AsyncHttpClient-1-14] DEBUG org.asynchttpclient.netty.handler.HttpHandler - 

Request DefaultFullHttpRequest(decodeResult: success, version: HTTP/1.1, content: EmptyByteBufBE)
GET /session/378c654433dc21dab6f29fe3c4fcf536/element/6E483B9FB0B7C7910FC54E2C061D2727_element_9/name HTTP/1.1
User-Agent: selenium/4.7.1 (java windows)
Cache-Control: no-cache
Content-Type: application/json; charset=utf-8
host: localhost:30762
accept: */*

Response DefaultHttpResponse(decodeResult: success, version: HTTP/1.1)
HTTP/1.1 200 OK
Content-Type: application/json; charset=utf-8
cache-control: no-cache
content-length: 18

14:41:17.711 [AsyncHttpClient-1-14] DEBUG org.asynchttpclient.netty.channel.ChannelManager - Adding key: http://localhost:30762 for channel [id: 0x14f829da, L:/127.0.0.1:65324 - R:localhost/127.0.0.1:30762]
14:41:17.719 [Forwarding isElementEnabled on session 378c654433dc21dab6f29fe3c4fcf536 to remote] DEBUG org.asynchttpclient.netty.request.NettyRequestSender - Using pooled Channel '[id: 0x14f829da, L:/127.0.0.1:65324 - R:localhost/127.0.0.1:30762]' for 'GET' to 'http://localhost:30762/session/378c654433dc21dab6f29fe3c4fcf536/element/6E483B9FB0B7C7910FC54E2C061D2727_element_9/enabled'
14:41:17.719 [Forwarding isElementEnabled on session 378c654433dc21dab6f29fe3c4fcf536 to remote] DEBUG org.asynchttpclient.netty.request.NettyRequestSender - Using open Channel [id: 0x14f829da, L:/127.0.0.1:65324 - R:localhost/127.0.0.1:30762] for GET '/session/378c654433dc21dab6f29fe3c4fcf536/element/6E483B9FB0B7C7910FC54E2C061D2727_element_9/enabled'
14:41:17.735 [AsyncHttpClient-1-14] DEBUG org.asynchttpclient.netty.handler.HttpHandler - 

Request DefaultFullHttpRequest(decodeResult: success, version: HTTP/1.1, content: EmptyByteBufBE)
GET /session/378c654433dc21dab6f29fe3c4fcf536/element/6E483B9FB0B7C7910FC54E2C061D2727_element_9/enabled HTTP/1.1
User-Agent: selenium/4.7.1 (java windows)
Cache-Control: no-cache
Content-Type: application/json; charset=utf-8
host: localhost:30762
accept: */*

Response DefaultHttpResponse(decodeResult: success, version: HTTP/1.1)
HTTP/1.1 200 OK
Content-Type: application/json; charset=utf-8
cache-control: no-cache
content-length: 14

14:41:17.735 [AsyncHttpClient-1-14] DEBUG org.asynchttpclient.netty.channel.ChannelManager - Adding key: http://localhost:30762 for channel [id: 0x14f829da, L:/127.0.0.1:65324 - R:localhost/127.0.0.1:30762]
14:41:17.735 [Forwarding isElementEnabled on session 378c654433dc21dab6f29fe3c4fcf536 to remote] DEBUG org.asynchttpclient.netty.request.NettyRequestSender - Using pooled Channel '[id: 0x14f829da, L:/127.0.0.1:65324 - R:localhost/127.0.0.1:30762]' for 'GET' to 'http://localhost:30762/session/378c654433dc21dab6f29fe3c4fcf536/element/6E483B9FB0B7C7910FC54E2C061D2727_element_9/enabled'
14:41:17.735 [Forwarding isElementEnabled on session 378c654433dc21dab6f29fe3c4fcf536 to remote] DEBUG org.asynchttpclient.netty.request.NettyRequestSender - Using open Channel [id: 0x14f829da, L:/127.0.0.1:65324 - R:localhost/127.0.0.1:30762] for GET '/session/378c654433dc21dab6f29fe3c4fcf536/element/6E483B9FB0B7C7910FC54E2C061D2727_element_9/enabled'
14:41:17.743 [AsyncHttpClient-1-14] DEBUG org.asynchttpclient.netty.handler.HttpHandler - 

Request DefaultFullHttpRequest(decodeResult: success, version: HTTP/1.1, content: EmptyByteBufBE)
GET /session/378c654433dc21dab6f29fe3c4fcf536/element/6E483B9FB0B7C7910FC54E2C061D2727_element_9/enabled HTTP/1.1
User-Agent: selenium/4.7.1 (java windows)
Cache-Control: no-cache
Content-Type: application/json; charset=utf-8
host: localhost:30762
accept: */*

Response DefaultHttpResponse(decodeResult: success, version: HTTP/1.1)
HTTP/1.1 200 OK
Content-Type: application/json; charset=utf-8
cache-control: no-cache
content-length: 14

14:41:17.743 [AsyncHttpClient-1-14] DEBUG org.asynchttpclient.netty.channel.ChannelManager - Adding key: http://localhost:30762 for channel [id: 0x14f829da, L:/127.0.0.1:65324 - R:localhost/127.0.0.1:30762]
14:41:17.751 [Forwarding findElement on session 378c654433dc21dab6f29fe3c4fcf536 to remote] DEBUG org.asynchttpclient.netty.request.NettyRequestSender - Using pooled Channel '[id: 0x14f829da, L:/127.0.0.1:65324 - R:localhost/127.0.0.1:30762]' for 'POST' to 'http://localhost:30762/session/378c654433dc21dab6f29fe3c4fcf536/element'
14:41:17.751 [Forwarding findElement on session 378c654433dc21dab6f29fe3c4fcf536 to remote] DEBUG org.asynchttpclient.netty.request.NettyRequestSender - Using open Channel [id: 0x14f829da, L:/127.0.0.1:65324 - R:localhost/127.0.0.1:30762] for POST '/session/378c654433dc21dab6f29fe3c4fcf536/element'
14:41:17.767 [AsyncHttpClient-1-14] DEBUG org.asynchttpclient.netty.handler.HttpHandler - 

Request DefaultHttpRequest(decodeResult: success, version: HTTP/1.1)
POST /session/378c654433dc21dab6f29fe3c4fcf536/element HTTP/1.1
User-Agent: selenium/4.7.1 (java windows)
Content-Length: 113
Content-Type: application/json; charset=utf-8
host: localhost:30762
accept: */*

Response DefaultHttpResponse(decodeResult: success, version: HTTP/1.1)
HTTP/1.1 200 OK
Content-Type: application/json; charset=utf-8
cache-control: no-cache
content-length: 94

14:41:17.767 [AsyncHttpClient-1-14] DEBUG org.asynchttpclient.netty.channel.ChannelManager - Adding key: http://localhost:30762 for channel [id: 0x14f829da, L:/127.0.0.1:65324 - R:localhost/127.0.0.1:30762]
14:41:17.767 [Forwarding clickElement on session 378c654433dc21dab6f29fe3c4fcf536 to remote] DEBUG org.asynchttpclient.netty.request.NettyRequestSender - Using pooled Channel '[id: 0x14f829da, L:/127.0.0.1:65324 - R:localhost/127.0.0.1:30762]' for 'POST' to 'http://localhost:30762/session/378c654433dc21dab6f29fe3c4fcf536/element/6E483B9FB0B7C7910FC54E2C061D2727_element_9/click'
14:41:17.767 [Forwarding clickElement on session 378c654433dc21dab6f29fe3c4fcf536 to remote] DEBUG org.asynchttpclient.netty.request.NettyRequestSender - Using open Channel [id: 0x14f829da, L:/127.0.0.1:65324 - R:localhost/127.0.0.1:30762] for POST '/session/378c654433dc21dab6f29fe3c4fcf536/element/6E483B9FB0B7C7910FC54E2C061D2727_element_9/click'
14:41:17.831 [AsyncHttpClient-1-14] DEBUG org.asynchttpclient.netty.handler.HttpHandler - 

Request DefaultHttpRequest(decodeResult: success, version: HTTP/1.1)
POST /session/378c654433dc21dab6f29fe3c4fcf536/element/6E483B9FB0B7C7910FC54E2C061D2727_element_9/click HTTP/1.1
User-Agent: selenium/4.7.1 (java windows)
Content-Length: 56
Content-Type: application/json; charset=utf-8
host: localhost:30762
accept: */*

Response DefaultHttpResponse(decodeResult: success, version: HTTP/1.1)
HTTP/1.1 200 OK
Content-Type: application/json; charset=utf-8
cache-control: no-cache
content-length: 14

14:41:17.839 [AsyncHttpClient-1-14] DEBUG org.asynchttpclient.netty.channel.ChannelManager - Adding key: http://localhost:30762 for channel [id: 0x14f829da, L:/127.0.0.1:65324 - R:localhost/127.0.0.1:30762]
14:41:17.847 [Forwarding getCurrentWindowHandle on session 378c654433dc21dab6f29fe3c4fcf536 to remote] DEBUG org.asynchttpclient.netty.request.NettyRequestSender - Using pooled Channel '[id: 0x14f829da, L:/127.0.0.1:65324 - R:localhost/127.0.0.1:30762]' for 'GET' to 'http://localhost:30762/session/378c654433dc21dab6f29fe3c4fcf536/window'
14:41:17.847 [Forwarding getCurrentWindowHandle on session 378c654433dc21dab6f29fe3c4fcf536 to remote] DEBUG org.asynchttpclient.netty.request.NettyRequestSender - Using open Channel [id: 0x14f829da, L:/127.0.0.1:65324 - R:localhost/127.0.0.1:30762] for GET '/session/378c654433dc21dab6f29fe3c4fcf536/window'
14:41:17.847 [AsyncHttpClient-1-14] DEBUG org.asynchttpclient.netty.handler.HttpHandler - 

Request DefaultFullHttpRequest(decodeResult: success, version: HTTP/1.1, content: EmptyByteBufBE)
GET /session/378c654433dc21dab6f29fe3c4fcf536/window HTTP/1.1
User-Agent: selenium/4.7.1 (java windows)
Cache-Control: no-cache
Content-Type: application/json; charset=utf-8
host: localhost:30762
accept: */*

Response DefaultHttpResponse(decodeResult: success, version: HTTP/1.1)
HTTP/1.1 200 OK
Content-Type: application/json; charset=utf-8
cache-control: no-cache
content-length: 44

14:41:17.847 [AsyncHttpClient-1-14] DEBUG org.asynchttpclient.netty.channel.ChannelManager - Adding key: http://localhost:30762 for channel [id: 0x14f829da, L:/127.0.0.1:65324 - R:localhost/127.0.0.1:30762]
14:41:17.847 [Forwarding getAlertText on session 378c654433dc21dab6f29fe3c4fcf536 to remote] DEBUG org.asynchttpclient.netty.request.NettyRequestSender - Using pooled Channel '[id: 0x14f829da, L:/127.0.0.1:65324 - R:localhost/127.0.0.1:30762]' for 'GET' to 'http://localhost:30762/session/378c654433dc21dab6f29fe3c4fcf536/alert/text'
14:41:17.847 [Forwarding getAlertText on session 378c654433dc21dab6f29fe3c4fcf536 to remote] DEBUG org.asynchttpclient.netty.request.NettyRequestSender - Using open Channel [id: 0x14f829da, L:/127.0.0.1:65324 - R:localhost/127.0.0.1:30762] for GET '/session/378c654433dc21dab6f29fe3c4fcf536/alert/text'
14:41:17.855 [AsyncHttpClient-1-14] DEBUG org.asynchttpclient.netty.handler.HttpHandler - 

Request DefaultFullHttpRequest(decodeResult: success, version: HTTP/1.1, content: EmptyByteBufBE)
GET /session/378c654433dc21dab6f29fe3c4fcf536/alert/text HTTP/1.1
User-Agent: selenium/4.7.1 (java windows)
Cache-Control: no-cache
Content-Type: application/json; charset=utf-8
host: localhost:30762
accept: */*

Response DefaultHttpResponse(decodeResult: success, version: HTTP/1.1)
HTTP/1.1 404 Not Found
Content-Type: application/json; charset=utf-8
cache-control: no-cache
content-length: 821

14:41:17.855 [AsyncHttpClient-1-14] DEBUG org.asynchttpclient.netty.channel.ChannelManager - Adding key: http://localhost:30762 for channel [id: 0x14f829da, L:/127.0.0.1:65324 - R:localhost/127.0.0.1:30762]
14:41:17.855 [Forwarding switchToWindow on session 378c654433dc21dab6f29fe3c4fcf536 to remote] DEBUG org.asynchttpclient.netty.request.NettyRequestSender - Using pooled Channel '[id: 0x14f829da, L:/127.0.0.1:65324 - R:localhost/127.0.0.1:30762]' for 'POST' to 'http://localhost:30762/session/378c654433dc21dab6f29fe3c4fcf536/window'
14:41:17.855 [Forwarding switchToWindow on session 378c654433dc21dab6f29fe3c4fcf536 to remote] DEBUG org.asynchttpclient.netty.request.NettyRequestSender - Using open Channel [id: 0x14f829da, L:/127.0.0.1:65324 - R:localhost/127.0.0.1:30762] for POST '/session/378c654433dc21dab6f29fe3c4fcf536/window'
14:41:17.855 [AsyncHttpClient-1-14] DEBUG org.asynchttpclient.netty.handler.HttpHandler - 

Request DefaultHttpRequest(decodeResult: success, version: HTTP/1.1)
POST /session/378c654433dc21dab6f29fe3c4fcf536/window HTTP/1.1
User-Agent: selenium/4.7.1 (java windows)
Content-Length: 50
Content-Type: application/json; charset=utf-8
host: localhost:30762
accept: */*

Response DefaultHttpResponse(decodeResult: success, version: HTTP/1.1)
HTTP/1.1 200 OK
Content-Type: application/json; charset=utf-8
cache-control: no-cache
content-length: 14

14:41:17.855 [AsyncHttpClient-1-14] DEBUG org.asynchttpclient.netty.channel.ChannelManager - Adding key: http://localhost:30762 for channel [id: 0x14f829da, L:/127.0.0.1:65324 - R:localhost/127.0.0.1:30762]
14:41:17.855 [Forwarding getCurrentUrl on session 378c654433dc21dab6f29fe3c4fcf536 to remote] DEBUG org.asynchttpclient.netty.request.NettyRequestSender - Using pooled Channel '[id: 0x14f829da, L:/127.0.0.1:65324 - R:localhost/127.0.0.1:30762]' for 'GET' to 'http://localhost:30762/session/378c654433dc21dab6f29fe3c4fcf536/url'
14:41:17.855 [Forwarding getCurrentUrl on session 378c654433dc21dab6f29fe3c4fcf536 to remote] DEBUG org.asynchttpclient.netty.request.NettyRequestSender - Using open Channel [id: 0x14f829da, L:/127.0.0.1:65324 - R:localhost/127.0.0.1:30762] for GET '/session/378c654433dc21dab6f29fe3c4fcf536/url'
14:41:17.863 [AsyncHttpClient-1-14] DEBUG org.asynchttpclient.netty.handler.HttpHandler - 

Request DefaultFullHttpRequest(decodeResult: success, version: HTTP/1.1, content: EmptyByteBufBE)
GET /session/378c654433dc21dab6f29fe3c4fcf536/url HTTP/1.1
User-Agent: selenium/4.7.1 (java windows)
Cache-Control: no-cache
Content-Type: application/json; charset=utf-8
host: localhost:30762
accept: */*

Response DefaultHttpResponse(decodeResult: success, version: HTTP/1.1)
HTTP/1.1 200 OK
Content-Type: application/json; charset=utf-8
cache-control: no-cache
content-length: 51

14:41:17.863 [AsyncHttpClient-1-14] DEBUG org.asynchttpclient.netty.channel.ChannelManager - Adding key: http://localhost:30762 for channel [id: 0x14f829da, L:/127.0.0.1:65324 - R:localhost/127.0.0.1:30762]
14:41:17.863 [Forwarding screenshot on session 378c654433dc21dab6f29fe3c4fcf536 to remote] DEBUG org.asynchttpclient.netty.request.NettyRequestSender - Using pooled Channel '[id: 0x14f829da, L:/127.0.0.1:65324 - R:localhost/127.0.0.1:30762]' for 'GET' to 'http://localhost:30762/session/378c654433dc21dab6f29fe3c4fcf536/screenshot'
14:41:17.863 [Forwarding screenshot on session 378c654433dc21dab6f29fe3c4fcf536 to remote] DEBUG org.asynchttpclient.netty.request.NettyRequestSender - Using open Channel [id: 0x14f829da, L:/127.0.0.1:65324 - R:localhost/127.0.0.1:30762] for GET '/session/378c654433dc21dab6f29fe3c4fcf536/screenshot'
14:41:18.095 [AsyncHttpClient-1-14] DEBUG org.asynchttpclient.netty.handler.HttpHandler - 

Request DefaultFullHttpRequest(decodeResult: success, version: HTTP/1.1, content: EmptyByteBufBE)
GET /session/378c654433dc21dab6f29fe3c4fcf536/screenshot HTTP/1.1
User-Agent: selenium/4.7.1 (java windows)
Cache-Control: no-cache
Content-Type: application/json; charset=utf-8
host: localhost:30762
accept: */*

Response DefaultHttpResponse(decodeResult: success, version: HTTP/1.1)
HTTP/1.1 200 OK
Content-Type: application/json; charset=utf-8
cache-control: no-cache
content-length: 192008

14:41:18.095 [AsyncHttpClient-1-14] DEBUG org.asynchttpclient.netty.channel.ChannelManager - Adding key: http://localhost:30762 for channel [id: 0x14f829da, L:/127.0.0.1:65324 - R:localhost/127.0.0.1:30762]
14:41:18.095 [main] DEBUG net.serenitybdd.core.photography.Darkroom - Send negative for processing for target\site\serenity\cd7cc94f58136a2d2b3e3c252bd27c3d3d8f5aa3b9ecea873a8beb71d8774489.png
14:41:18.095 [main] DEBUG net.thucydides.core.steps.StepInterceptor - STEP DONE: klikbuttonmasuk
  &amp#27;[32mGiven &amp#27;[0m&amp#27;[32mAdmin melakukan login akun&amp#27;[0m                                       &amp#27;[90m# starter.stepdefinitions.TransaksiSteps.adminMelakukanLoginAkun()&amp#27;[0m
14:41:18.143 [main] DEBUG net.thucydides.core.steps.StepInterceptor - STARTING STEP: PDAMSteps.padaBerandaAdminKlikLayanan - klikmenulayanan
14:41:18.143 [Forwarding findElement on session 378c654433dc21dab6f29fe3c4fcf536 to remote] DEBUG org.asynchttpclient.netty.request.NettyRequestSender - Using pooled Channel '[id: 0x14f829da, L:/127.0.0.1:65324 - R:localhost/127.0.0.1:30762]' for 'POST' to 'http://localhost:30762/session/378c654433dc21dab6f29fe3c4fcf536/element'
14:41:18.143 [Forwarding findElement on session 378c654433dc21dab6f29fe3c4fcf536 to remote] DEBUG org.asynchttpclient.netty.request.NettyRequestSender - Using open Channel [id: 0x14f829da, L:/127.0.0.1:65324 - R:localhost/127.0.0.1:30762] for POST '/session/378c654433dc21dab6f29fe3c4fcf536/element'
14:41:18.504 [AsyncHttpClient-1-1] DEBUG org.asynchttpclient.netty.channel.DefaultChannelPool - Entry count for : http://localhost:65325 : 1
14:41:19.333 [AsyncHttpClient-1-14] DEBUG org.asynchttpclient.netty.handler.HttpHandler - 

Request DefaultHttpRequest(decodeResult: success, version: HTTP/1.1)
POST /session/378c654433dc21dab6f29fe3c4fcf536/element HTTP/1.1
User-Agent: selenium/4.7.1 (java windows)
Content-Length: 178
Content-Type: application/json; charset=utf-8
host: localhost:30762
accept: */*

Response DefaultHttpResponse(decodeResult: success, version: HTTP/1.1)
HTTP/1.1 200 OK
Content-Type: application/json; charset=utf-8
cache-control: no-cache
content-length: 95

14:41:19.333 [AsyncHttpClient-1-14] DEBUG org.asynchttpclient.netty.channel.ChannelManager - Adding key: http://localhost:30762 for channel [id: 0x14f829da, L:/127.0.0.1:65324 - R:localhost/127.0.0.1:30762]
14:41:19.333 [Forwarding getElementTagName on session 378c654433dc21dab6f29fe3c4fcf536 to remote] DEBUG org.asynchttpclient.netty.request.NettyRequestSender - Using pooled Channel '[id: 0x14f829da, L:/127.0.0.1:65324 - R:localhost/127.0.0.1:30762]' for 'GET' to 'http://localhost:30762/session/378c654433dc21dab6f29fe3c4fcf536/element/6E483B9FB0B7C7910FC54E2C061D2727_element_23/name'
14:41:19.333 [Forwarding getElementTagName on session 378c654433dc21dab6f29fe3c4fcf536 to remote] DEBUG org.asynchttpclient.netty.request.NettyRequestSender - Using open Channel [id: 0x14f829da, L:/127.0.0.1:65324 - R:localhost/127.0.0.1:30762] for GET '/session/378c654433dc21dab6f29fe3c4fcf536/element/6E483B9FB0B7C7910FC54E2C061D2727_element_23/name'
14:41:19.341 [AsyncHttpClient-1-14] DEBUG org.asynchttpclient.netty.handler.HttpHandler - 

Request DefaultFullHttpRequest(decodeResult: success, version: HTTP/1.1, content: EmptyByteBufBE)
GET /session/378c654433dc21dab6f29fe3c4fcf536/element/6E483B9FB0B7C7910FC54E2C061D2727_element_23/name HTTP/1.1
User-Agent: selenium/4.7.1 (java windows)
Cache-Control: no-cache
Content-Type: application/json; charset=utf-8
host: localhost:30762
accept: */*

Response DefaultHttpResponse(decodeResult: success, version: HTTP/1.1)
HTTP/1.1 200 OK
Content-Type: application/json; charset=utf-8
cache-control: no-cache
content-length: 13

14:41:19.341 [AsyncHttpClient-1-14] DEBUG org.asynchttpclient.netty.channel.ChannelManager - Adding key: http://localhost:30762 for channel [id: 0x14f829da, L:/127.0.0.1:65324 - R:localhost/127.0.0.1:30762]
14:41:19.341 [Forwarding getElementTagName on session 378c654433dc21dab6f29fe3c4fcf536 to remote] DEBUG org.asynchttpclient.netty.request.NettyRequestSender - Using pooled Channel '[id: 0x14f829da, L:/127.0.0.1:65324 - R:localhost/127.0.0.1:30762]' for 'GET' to 'http://localhost:30762/session/378c654433dc21dab6f29fe3c4fcf536/element/6E483B9FB0B7C7910FC54E2C061D2727_element_23/name'
14:41:19.341 [Forwarding getElementTagName on session 378c654433dc21dab6f29fe3c4fcf536 to remote] DEBUG org.asynchttpclient.netty.request.NettyRequestSender - Using open Channel [id: 0x14f829da, L:/127.0.0.1:65324 - R:localhost/127.0.0.1:30762] for GET '/session/378c654433dc21dab6f29fe3c4fcf536/element/6E483B9FB0B7C7910FC54E2C061D2727_element_23/name'
14:41:19.349 [AsyncHttpClient-1-14] DEBUG org.asynchttpclient.netty.handler.HttpHandler - 

Request DefaultFullHttpRequest(decodeResult: success, version: HTTP/1.1, content: EmptyByteBufBE)
GET /session/378c654433dc21dab6f29fe3c4fcf536/element/6E483B9FB0B7C7910FC54E2C061D2727_element_23/name HTTP/1.1
User-Agent: selenium/4.7.1 (java windows)
Cache-Control: no-cache
Content-Type: application/json; charset=utf-8
host: localhost:30762
accept: */*

Response DefaultHttpResponse(decodeResult: success, version: HTTP/1.1)
HTTP/1.1 200 OK
Content-Type: application/json; charset=utf-8
cache-control: no-cache
content-length: 13

14:41:19.349 [AsyncHttpClient-1-14] DEBUG org.asynchttpclient.netty.channel.ChannelManager - Adding key: http://localhost:30762 for channel [id: 0x14f829da, L:/127.0.0.1:65324 - R:localhost/127.0.0.1:30762]
14:41:19.349 [Forwarding findElement on session 378c654433dc21dab6f29fe3c4fcf536 to remote] DEBUG org.asynchttpclient.netty.request.NettyRequestSender - Using pooled Channel '[id: 0x14f829da, L:/127.0.0.1:65324 - R:localhost/127.0.0.1:30762]' for 'POST' to 'http://localhost:30762/session/378c654433dc21dab6f29fe3c4fcf536/element'
14:41:19.349 [Forwarding findElement on session 378c654433dc21dab6f29fe3c4fcf536 to remote] DEBUG org.asynchttpclient.netty.request.NettyRequestSender - Using open Channel [id: 0x14f829da, L:/127.0.0.1:65324 - R:localhost/127.0.0.1:30762] for POST '/session/378c654433dc21dab6f29fe3c4fcf536/element'
14:41:19.357 [AsyncHttpClient-1-14] DEBUG org.asynchttpclient.netty.handler.HttpHandler - 

Request DefaultHttpRequest(decodeResult: success, version: HTTP/1.1)
POST /session/378c654433dc21dab6f29fe3c4fcf536/element HTTP/1.1
User-Agent: selenium/4.7.1 (java windows)
Content-Length: 178
Content-Type: application/json; charset=utf-8
host: localhost:30762
accept: */*

Response DefaultHttpResponse(decodeResult: success, version: HTTP/1.1)
HTTP/1.1 200 OK
Content-Type: application/json; charset=utf-8
cache-control: no-cache
content-length: 95

14:41:19.357 [AsyncHttpClient-1-14] DEBUG org.asynchttpclient.netty.channel.ChannelManager - Adding key: http://localhost:30762 for channel [id: 0x14f829da, L:/127.0.0.1:65324 - R:localhost/127.0.0.1:30762]
14:41:19.365 [Forwarding clickElement on session 378c654433dc21dab6f29fe3c4fcf536 to remote] DEBUG org.asynchttpclient.netty.request.NettyRequestSender - Using pooled Channel '[id: 0x14f829da, L:/127.0.0.1:65324 - R:localhost/127.0.0.1:30762]' for 'POST' to 'http://localhost:30762/session/378c654433dc21dab6f29fe3c4fcf536/element/6E483B9FB0B7C7910FC54E2C061D2727_element_23/click'
14:41:19.365 [Forwarding clickElement on session 378c654433dc21dab6f29fe3c4fcf536 to remote] DEBUG org.asynchttpclient.netty.request.NettyRequestSender - Using open Channel [id: 0x14f829da, L:/127.0.0.1:65324 - R:localhost/127.0.0.1:30762] for POST '/session/378c654433dc21dab6f29fe3c4fcf536/element/6E483B9FB0B7C7910FC54E2C061D2727_element_23/click'
14:41:19.445 [AsyncHttpClient-1-14] DEBUG org.asynchttpclient.netty.handler.HttpHandler - 

Request DefaultHttpRequest(decodeResult: success, version: HTTP/1.1)
POST /session/378c654433dc21dab6f29fe3c4fcf536/element/6E483B9FB0B7C7910FC54E2C061D2727_element_23/click HTTP/1.1
User-Agent: selenium/4.7.1 (java windows)
Content-Length: 57
Content-Type: application/json; charset=utf-8
host: localhost:30762
accept: */*

Response DefaultHttpResponse(decodeResult: success, version: HTTP/1.1)
HTTP/1.1 200 OK
Content-Type: application/json; charset=utf-8
cache-control: no-cache
content-length: 14

14:41:19.445 [AsyncHttpClient-1-14] DEBUG org.asynchttpclient.netty.channel.ChannelManager - Adding key: http://localhost:30762 for channel [id: 0x14f829da, L:/127.0.0.1:65324 - R:localhost/127.0.0.1:30762]
14:41:19.461 [Forwarding getCurrentWindowHandle on session 378c654433dc21dab6f29fe3c4fcf536 to remote] DEBUG org.asynchttpclient.netty.request.NettyRequestSender - Using pooled Channel '[id: 0x14f829da, L:/127.0.0.1:65324 - R:localhost/127.0.0.1:30762]' for 'GET' to 'http://localhost:30762/session/378c654433dc21dab6f29fe3c4fcf536/window'
14:41:19.461 [Forwarding getCurrentWindowHandle on session 378c654433dc21dab6f29fe3c4fcf536 to remote] DEBUG org.asynchttpclient.netty.request.NettyRequestSender - Using open Channel [id: 0x14f829da, L:/127.0.0.1:65324 - R:localhost/127.0.0.1:30762] for GET '/session/378c654433dc21dab6f29fe3c4fcf536/window'
14:41:19.461 [AsyncHttpClient-1-14] DEBUG org.asynchttpclient.netty.handler.HttpHandler - 

Request DefaultFullHttpRequest(decodeResult: success, version: HTTP/1.1, content: EmptyByteBufBE)
GET /session/378c654433dc21dab6f29fe3c4fcf536/window HTTP/1.1
User-Agent: selenium/4.7.1 (java windows)
Cache-Control: no-cache
Content-Type: application/json; charset=utf-8
host: localhost:30762
accept: */*

Response DefaultHttpResponse(decodeResult: success, version: HTTP/1.1)
HTTP/1.1 200 OK
Content-Type: application/json; charset=utf-8
cache-control: no-cache
content-length: 44

14:41:19.461 [AsyncHttpClient-1-14] DEBUG org.asynchttpclient.netty.channel.ChannelManager - Adding key: http://localhost:30762 for channel [id: 0x14f829da, L:/127.0.0.1:65324 - R:localhost/127.0.0.1:30762]
14:41:19.461 [Forwarding getAlertText on session 378c654433dc21dab6f29fe3c4fcf536 to remote] DEBUG org.asynchttpclient.netty.request.NettyRequestSender - Using pooled Channel '[id: 0x14f829da, L:/127.0.0.1:65324 - R:localhost/127.0.0.1:30762]' for 'GET' to 'http://localhost:30762/session/378c654433dc21dab6f29fe3c4fcf536/alert/text'
14:41:19.461 [Forwarding getAlertText on session 378c654433dc21dab6f29fe3c4fcf536 to remote] DEBUG org.asynchttpclient.netty.request.NettyRequestSender - Using open Channel [id: 0x14f829da, L:/127.0.0.1:65324 - R:localhost/127.0.0.1:30762] for GET '/session/378c654433dc21dab6f29fe3c4fcf536/alert/text'
14:41:19.461 [AsyncHttpClient-1-14] DEBUG org.asynchttpclient.netty.handler.HttpHandler - 

Request DefaultFullHttpRequest(decodeResult: success, version: HTTP/1.1, content: EmptyByteBufBE)
GET /session/378c654433dc21dab6f29fe3c4fcf536/alert/text HTTP/1.1
User-Agent: selenium/4.7.1 (java windows)
Cache-Control: no-cache
Content-Type: application/json; charset=utf-8
host: localhost:30762
accept: */*

Response DefaultHttpResponse(decodeResult: success, version: HTTP/1.1)
HTTP/1.1 404 Not Found
Content-Type: application/json; charset=utf-8
cache-control: no-cache
content-length: 821

14:41:19.461 [AsyncHttpClient-1-14] DEBUG org.asynchttpclient.netty.channel.ChannelManager - Adding key: http://localhost:30762 for channel [id: 0x14f829da, L:/127.0.0.1:65324 - R:localhost/127.0.0.1:30762]
14:41:19.469 [Forwarding switchToWindow on session 378c654433dc21dab6f29fe3c4fcf536 to remote] DEBUG org.asynchttpclient.netty.request.NettyRequestSender - Using pooled Channel '[id: 0x14f829da, L:/127.0.0.1:65324 - R:localhost/127.0.0.1:30762]' for 'POST' to 'http://localhost:30762/session/378c654433dc21dab6f29fe3c4fcf536/window'
14:41:19.469 [Forwarding switchToWindow on session 378c654433dc21dab6f29fe3c4fcf536 to remote] DEBUG org.asynchttpclient.netty.request.NettyRequestSender - Using open Channel [id: 0x14f829da, L:/127.0.0.1:65324 - R:localhost/127.0.0.1:30762] for POST '/session/378c654433dc21dab6f29fe3c4fcf536/window'
14:41:19.469 [AsyncHttpClient-1-14] DEBUG org.asynchttpclient.netty.handler.HttpHandler - 

Request DefaultHttpRequest(decodeResult: success, version: HTTP/1.1)
POST /session/378c654433dc21dab6f29fe3c4fcf536/window HTTP/1.1
User-Agent: selenium/4.7.1 (java windows)
Content-Length: 50
Content-Type: application/json; charset=utf-8
host: localhost:30762
accept: */*

Response DefaultHttpResponse(decodeResult: success, version: HTTP/1.1)
HTTP/1.1 200 OK
Content-Type: application/json; charset=utf-8
cache-control: no-cache
content-length: 14

14:41:19.469 [AsyncHttpClient-1-14] DEBUG org.asynchttpclient.netty.channel.ChannelManager - Adding key: http://localhost:30762 for channel [id: 0x14f829da, L:/127.0.0.1:65324 - R:localhost/127.0.0.1:30762]
14:41:19.469 [Forwarding getCurrentUrl on session 378c654433dc21dab6f29fe3c4fcf536 to remote] DEBUG org.asynchttpclient.netty.request.NettyRequestSender - Using pooled Channel '[id: 0x14f829da, L:/127.0.0.1:65324 - R:localhost/127.0.0.1:30762]' for 'GET' to 'http://localhost:30762/session/378c654433dc21dab6f29fe3c4fcf536/url'
14:41:19.469 [Forwarding getCurrentUrl on session 378c654433dc21dab6f29fe3c4fcf536 to remote] DEBUG org.asynchttpclient.netty.request.NettyRequestSender - Using open Channel [id: 0x14f829da, L:/127.0.0.1:65324 - R:localhost/127.0.0.1:30762] for GET '/session/378c654433dc21dab6f29fe3c4fcf536/url'
14:41:19.477 [AsyncHttpClient-1-14] DEBUG org.asynchttpclient.netty.handler.HttpHandler - 

Request DefaultFullHttpRequest(decodeResult: success, version: HTTP/1.1, content: EmptyByteBufBE)
GET /session/378c654433dc21dab6f29fe3c4fcf536/url HTTP/1.1
User-Agent: selenium/4.7.1 (java windows)
Cache-Control: no-cache
Content-Type: application/json; charset=utf-8
host: localhost:30762
accept: */*

Response DefaultHttpResponse(decodeResult: success, version: HTTP/1.1)
HTTP/1.1 200 OK
Content-Type: application/json; charset=utf-8
cache-control: no-cache
content-length: 53

14:41:19.477 [AsyncHttpClient-1-14] DEBUG org.asynchttpclient.netty.channel.ChannelManager - Adding key: http://localhost:30762 for channel [id: 0x14f829da, L:/127.0.0.1:65324 - R:localhost/127.0.0.1:30762]
14:41:19.485 [Forwarding screenshot on session 378c654433dc21dab6f29fe3c4fcf536 to remote] DEBUG org.asynchttpclient.netty.request.NettyRequestSender - Using pooled Channel '[id: 0x14f829da, L:/127.0.0.1:65324 - R:localhost/127.0.0.1:30762]' for 'GET' to 'http://localhost:30762/session/378c654433dc21dab6f29fe3c4fcf536/screenshot'
14:41:19.485 [Forwarding screenshot on session 378c654433dc21dab6f29fe3c4fcf536 to remote] DEBUG org.asynchttpclient.netty.request.NettyRequestSender - Using open Channel [id: 0x14f829da, L:/127.0.0.1:65324 - R:localhost/127.0.0.1:30762] for GET '/session/378c654433dc21dab6f29fe3c4fcf536/screenshot'
14:41:19.592 [AsyncHttpClient-1-1] DEBUG org.asynchttpclient.netty.channel.DefaultChannelPool - Entry count for : http://localhost:65325 : 1
14:41:19.624 [AsyncHttpClient-1-14] DEBUG org.asynchttpclient.netty.handler.HttpHandler - 

Request DefaultFullHttpRequest(decodeResult: success, version: HTTP/1.1, content: EmptyByteBufBE)
GET /session/378c654433dc21dab6f29fe3c4fcf536/screenshot HTTP/1.1
User-Agent: selenium/4.7.1 (java windows)
Cache-Control: no-cache
Content-Type: application/json; charset=utf-8
host: localhost:30762
accept: */*

Response DefaultHttpResponse(decodeResult: success, version: HTTP/1.1)
HTTP/1.1 200 OK
Content-Type: application/json; charset=utf-8
cache-control: no-cache
content-length: 42572

14:41:19.624 [AsyncHttpClient-1-14] DEBUG org.asynchttpclient.netty.channel.ChannelManager - Adding key: http://localhost:30762 for channel [id: 0x14f829da, L:/127.0.0.1:65324 - R:localhost/127.0.0.1:30762]
14:41:19.632 [main] DEBUG net.serenitybdd.core.photography.Darkroom - Send negative for processing for target\site\serenity\d339d1d4c04c0ac9001c8cb6dd82bb8d350bbe1ca171114da630d12c669f922b.png
14:41:19.632 [main] DEBUG net.thucydides.core.steps.StepInterceptor - STEP DONE: klikmenulayanan
  &amp#27;[32mWhen &amp#27;[0m&amp#27;[32mPada Beranda, Admin klik Layanan&amp#27;[0m                                  &amp#27;[90m# starter.stepdefinitions.PDAMSteps.padaBerandaAdminKlikLayanan()&amp#27;[0m
14:41:19.634 [Darkroom Processing Line] DEBUG net.serenitybdd.core.photography.DarkroomProcessingLine - Processing screenshot image in /var/screenshots/screenshot-9891071412935317366
14:41:19.634 [Darkroom Processing Line] DEBUG net.serenitybdd.core.photography.DarkroomProcessingLine - Saving screenshot to target\site\serenity\d339d1d4c04c0ac9001c8cb6dd82bb8d350bbe1ca171114da630d12c669f922b.png
14:41:19.648 [main] DEBUG net.thucydides.core.steps.StepInterceptor - STARTING STEP: PDAMSteps.adminKlikPDAM - klikpdam
14:41:19.648 [Forwarding findElement on session 378c654433dc21dab6f29fe3c4fcf536 to remote] DEBUG org.asynchttpclient.netty.request.NettyRequestSender - Using pooled Channel '[id: 0x14f829da, L:/127.0.0.1:65324 - R:localhost/127.0.0.1:30762]' for 'POST' to 'http://localhost:30762/session/378c654433dc21dab6f29fe3c4fcf536/element'
14:41:19.648 [Forwarding findElement on session 378c654433dc21dab6f29fe3c4fcf536 to remote] DEBUG org.asynchttpclient.netty.request.NettyRequestSender - Using open Channel [id: 0x14f829da, L:/127.0.0.1:65324 - R:localhost/127.0.0.1:30762] for POST '/session/378c654433dc21dab6f29fe3c4fcf536/element'
14:41:19.672 [AsyncHttpClient-1-14] DEBUG org.asynchttpclient.netty.handler.HttpHandler - 

Request DefaultHttpRequest(decodeResult: success, version: HTTP/1.1)
POST /session/378c654433dc21dab6f29fe3c4fcf536/element HTTP/1.1
User-Agent: selenium/4.7.1 (java windows)
Content-Length: 96
Content-Type: application/json; charset=utf-8
host: localhost:30762
accept: */*

Response DefaultHttpResponse(decodeResult: success, version: HTTP/1.1)
HTTP/1.1 200 OK
Content-Type: application/json; charset=utf-8
cache-control: no-cache
content-length: 95

14:41:19.672 [AsyncHttpClient-1-14] DEBUG org.asynchttpclient.netty.channel.ChannelManager - Adding key: http://localhost:30762 for channel [id: 0x14f829da, L:/127.0.0.1:65324 - R:localhost/127.0.0.1:30762]
14:41:19.672 [Forwarding getElementTagName on session 378c654433dc21dab6f29fe3c4fcf536 to remote] DEBUG org.asynchttpclient.netty.request.NettyRequestSender - Using pooled Channel '[id: 0x14f829da, L:/127.0.0.1:65324 - R:localhost/127.0.0.1:30762]' for 'GET' to 'http://localhost:30762/session/378c654433dc21dab6f29fe3c4fcf536/element/6E483B9FB0B7C7910FC54E2C061D2727_element_43/name'
14:41:19.672 [Forwarding getElementTagName on session 378c654433dc21dab6f29fe3c4fcf536 to remote] DEBUG org.asynchttpclient.netty.request.NettyRequestSender - Using open Channel [id: 0x14f829da, L:/127.0.0.1:65324 - R:localhost/127.0.0.1:30762] for GET '/session/378c654433dc21dab6f29fe3c4fcf536/element/6E483B9FB0B7C7910FC54E2C061D2727_element_43/name'
14:41:19.680 [AsyncHttpClient-1-14] DEBUG org.asynchttpclient.netty.handler.HttpHandler - 

Request DefaultFullHttpRequest(decodeResult: success, version: HTTP/1.1, content: EmptyByteBufBE)
GET /session/378c654433dc21dab6f29fe3c4fcf536/element/6E483B9FB0B7C7910FC54E2C061D2727_element_43/name HTTP/1.1
User-Agent: selenium/4.7.1 (java windows)
Cache-Control: no-cache
Content-Type: application/json; charset=utf-8
host: localhost:30762
accept: */*

Response DefaultHttpResponse(decodeResult: success, version: HTTP/1.1)
HTTP/1.1 200 OK
Content-Type: application/json; charset=utf-8
cache-control: no-cache
content-length: 13

14:41:19.680 [AsyncHttpClient-1-14] DEBUG org.asynchttpclient.netty.channel.ChannelManager - Adding key: http://localhost:30762 for channel [id: 0x14f829da, L:/127.0.0.1:65324 - R:localhost/127.0.0.1:30762]
14:41:19.680 [Forwarding getElementTagName on session 378c654433dc21dab6f29fe3c4fcf536 to remote] DEBUG org.asynchttpclient.netty.request.NettyRequestSender - Using pooled Channel '[id: 0x14f829da, L:/127.0.0.1:65324 - R:localhost/127.0.0.1:30762]' for 'GET' to 'http://localhost:30762/session/378c654433dc21dab6f29fe3c4fcf536/element/6E483B9FB0B7C7910FC54E2C061D2727_element_43/name'
14:41:19.680 [Forwarding getElementTagName on session 378c654433dc21dab6f29fe3c4fcf536 to remote] DEBUG org.asynchttpclient.netty.request.NettyRequestSender - Using open Channel [id: 0x14f829da, L:/127.0.0.1:65324 - R:localhost/127.0.0.1:30762] for GET '/session/378c654433dc21dab6f29fe3c4fcf536/element/6E483B9FB0B7C7910FC54E2C061D2727_element_43/name'
14:41:19.690 [AsyncHttpClient-1-14] DEBUG org.asynchttpclient.netty.handler.HttpHandler - 

Request DefaultFullHttpRequest(decodeResult: success, version: HTTP/1.1, content: EmptyByteBufBE)
GET /session/378c654433dc21dab6f29fe3c4fcf536/element/6E483B9FB0B7C7910FC54E2C061D2727_element_43/name HTTP/1.1
User-Agent: selenium/4.7.1 (java windows)
Cache-Control: no-cache
Content-Type: application/json; charset=utf-8
host: localhost:30762
accept: */*

Response DefaultHttpResponse(decodeResult: success, version: HTTP/1.1)
HTTP/1.1 200 OK
Content-Type: application/json; charset=utf-8
cache-control: no-cache
content-length: 13

14:41:19.690 [AsyncHttpClient-1-14] DEBUG org.asynchttpclient.netty.channel.ChannelManager - Adding key: http://localhost:30762 for channel [id: 0x14f829da, L:/127.0.0.1:65324 - R:localhost/127.0.0.1:30762]
14:41:19.690 [Forwarding findElement on session 378c654433dc21dab6f29fe3c4fcf536 to remote] DEBUG org.asynchttpclient.netty.request.NettyRequestSender - Using pooled Channel '[id: 0x14f829da, L:/127.0.0.1:65324 - R:localhost/127.0.0.1:30762]' for 'POST' to 'http://localhost:30762/session/378c654433dc21dab6f29fe3c4fcf536/element'
14:41:19.690 [Forwarding findElement on session 378c654433dc21dab6f29fe3c4fcf536 to remote] DEBUG org.asynchttpclient.netty.request.NettyRequestSender - Using open Channel [id: 0x14f829da, L:/127.0.0.1:65324 - R:localhost/127.0.0.1:30762] for POST '/session/378c654433dc21dab6f29fe3c4fcf536/element'
14:41:19.706 [AsyncHttpClient-1-14] DEBUG org.asynchttpclient.netty.handler.HttpHandler - 

Request DefaultHttpRequest(decodeResult: success, version: HTTP/1.1)
POST /session/378c654433dc21dab6f29fe3c4fcf536/element HTTP/1.1
User-Agent: selenium/4.7.1 (java windows)
Content-Length: 96
Content-Type: application/json; charset=utf-8
host: localhost:30762
accept: */*

Response DefaultHttpResponse(decodeResult: success, version: HTTP/1.1)
HTTP/1.1 200 OK
Content-Type: application/json; charset=utf-8
cache-control: no-cache
content-length: 95

14:41:19.706 [AsyncHttpClient-1-14] DEBUG org.asynchttpclient.netty.channel.ChannelManager - Adding key: http://localhost:30762 for channel [id: 0x14f829da, L:/127.0.0.1:65324 - R:localhost/127.0.0.1:30762]
14:41:19.706 [Forwarding clickElement on session 378c654433dc21dab6f29fe3c4fcf536 to remote] DEBUG org.asynchttpclient.netty.request.NettyRequestSender - Using pooled Channel '[id: 0x14f829da, L:/127.0.0.1:65324 - R:localhost/127.0.0.1:30762]' for 'POST' to 'http://localhost:30762/session/378c654433dc21dab6f29fe3c4fcf536/element/6E483B9FB0B7C7910FC54E2C061D2727_element_43/click'
14:41:19.706 [Forwarding clickElement on session 378c654433dc21dab6f29fe3c4fcf536 to remote] DEBUG org.asynchttpclient.netty.request.NettyRequestSender - Using open Channel [id: 0x14f829da, L:/127.0.0.1:65324 - R:localhost/127.0.0.1:30762] for POST '/session/378c654433dc21dab6f29fe3c4fcf536/element/6E483B9FB0B7C7910FC54E2C061D2727_element_43/click'
14:41:19.812 [AsyncHttpClient-1-14] DEBUG org.asynchttpclient.netty.handler.HttpHandler - 

Request DefaultHttpRequest(decodeResult: success, version: HTTP/1.1)
POST /session/378c654433dc21dab6f29fe3c4fcf536/element/6E483B9FB0B7C7910FC54E2C061D2727_element_43/click HTTP/1.1
User-Agent: selenium/4.7.1 (java windows)
Content-Length: 57
Content-Type: application/json; charset=utf-8
host: localhost:30762
accept: */*

Response DefaultHttpResponse(decodeResult: success, version: HTTP/1.1)
HTTP/1.1 200 OK
Content-Type: application/json; charset=utf-8
cache-control: no-cache
content-length: 14

14:41:19.812 [AsyncHttpClient-1-14] DEBUG org.asynchttpclient.netty.channel.ChannelManager - Adding key: http://localhost:30762 for channel [id: 0x14f829da, L:/127.0.0.1:65324 - R:localhost/127.0.0.1:30762]
14:41:19.828 [Forwarding getCurrentWindowHandle on session 378c654433dc21dab6f29fe3c4fcf536 to remote] DEBUG org.asynchttpclient.netty.request.NettyRequestSender - Using pooled Channel '[id: 0x14f829da, L:/127.0.0.1:65324 - R:localhost/127.0.0.1:30762]' for 'GET' to 'http://localhost:30762/session/378c654433dc21dab6f29fe3c4fcf536/window'
14:41:19.828 [Forwarding getCurrentWindowHandle on session 378c654433dc21dab6f29fe3c4fcf536 to remote] DEBUG org.asynchttpclient.netty.request.NettyRequestSender - Using open Channel [id: 0x14f829da, L:/127.0.0.1:65324 - R:localhost/127.0.0.1:30762] for GET '/session/378c654433dc21dab6f29fe3c4fcf536/window'
14:41:19.828 [AsyncHttpClient-1-14] DEBUG org.asynchttpclient.netty.handler.HttpHandler - 

Request DefaultFullHttpRequest(decodeResult: success, version: HTTP/1.1, content: EmptyByteBufBE)
GET /session/378c654433dc21dab6f29fe3c4fcf536/window HTTP/1.1
User-Agent: selenium/4.7.1 (java windows)
Cache-Control: no-cache
Content-Type: application/json; charset=utf-8
host: localhost:30762
accept: */*

Response DefaultHttpResponse(decodeResult: success, version: HTTP/1.1)
HTTP/1.1 200 OK
Content-Type: application/json; charset=utf-8
cache-control: no-cache
content-length: 44

14:41:19.828 [AsyncHttpClient-1-14] DEBUG org.asynchttpclient.netty.channel.ChannelManager - Adding key: http://localhost:30762 for channel [id: 0x14f829da, L:/127.0.0.1:65324 - R:localhost/127.0.0.1:30762]
14:41:19.828 [Forwarding getAlertText on session 378c654433dc21dab6f29fe3c4fcf536 to remote] DEBUG org.asynchttpclient.netty.request.NettyRequestSender - Using pooled Channel '[id: 0x14f829da, L:/127.0.0.1:65324 - R:localhost/127.0.0.1:30762]' for 'GET' to 'http://localhost:30762/session/378c654433dc21dab6f29fe3c4fcf536/alert/text'
14:41:19.828 [Forwarding getAlertText on session 378c654433dc21dab6f29fe3c4fcf536 to remote] DEBUG org.asynchttpclient.netty.request.NettyRequestSender - Using open Channel [id: 0x14f829da, L:/127.0.0.1:65324 - R:localhost/127.0.0.1:30762] for GET '/session/378c654433dc21dab6f29fe3c4fcf536/alert/text'
14:41:19.828 [AsyncHttpClient-1-14] DEBUG org.asynchttpclient.netty.handler.HttpHandler - 

Request DefaultFullHttpRequest(decodeResult: success, version: HTTP/1.1, content: EmptyByteBufBE)
GET /session/378c654433dc21dab6f29fe3c4fcf536/alert/text HTTP/1.1
User-Agent: selenium/4.7.1 (java windows)
Cache-Control: no-cache
Content-Type: application/json; charset=utf-8
host: localhost:30762
accept: */*

Response DefaultHttpResponse(decodeResult: success, version: HTTP/1.1)
HTTP/1.1 404 Not Found
Content-Type: application/json; charset=utf-8
cache-control: no-cache
content-length: 821

14:41:19.828 [AsyncHttpClient-1-14] DEBUG org.asynchttpclient.netty.channel.ChannelManager - Adding key: http://localhost:30762 for channel [id: 0x14f829da, L:/127.0.0.1:65324 - R:localhost/127.0.0.1:30762]
14:41:19.836 [Forwarding switchToWindow on session 378c654433dc21dab6f29fe3c4fcf536 to remote] DEBUG org.asynchttpclient.netty.request.NettyRequestSender - Using pooled Channel '[id: 0x14f829da, L:/127.0.0.1:65324 - R:localhost/127.0.0.1:30762]' for 'POST' to 'http://localhost:30762/session/378c654433dc21dab6f29fe3c4fcf536/window'
14:41:19.836 [Forwarding switchToWindow on session 378c654433dc21dab6f29fe3c4fcf536 to remote] DEBUG org.asynchttpclient.netty.request.NettyRequestSender - Using open Channel [id: 0x14f829da, L:/127.0.0.1:65324 - R:localhost/127.0.0.1:30762] for POST '/session/378c654433dc21dab6f29fe3c4fcf536/window'
14:41:19.836 [AsyncHttpClient-1-14] DEBUG org.asynchttpclient.netty.handler.HttpHandler - 

Request DefaultHttpRequest(decodeResult: success, version: HTTP/1.1)
POST /session/378c654433dc21dab6f29fe3c4fcf536/window HTTP/1.1
User-Agent: selenium/4.7.1 (java windows)
Content-Length: 50
Content-Type: application/json; charset=utf-8
host: localhost:30762
accept: */*

Response DefaultHttpResponse(decodeResult: success, version: HTTP/1.1)
HTTP/1.1 200 OK
Content-Type: application/json; charset=utf-8
cache-control: no-cache
content-length: 14

14:41:19.836 [AsyncHttpClient-1-14] DEBUG org.asynchttpclient.netty.channel.ChannelManager - Adding key: http://localhost:30762 for channel [id: 0x14f829da, L:/127.0.0.1:65324 - R:localhost/127.0.0.1:30762]
14:41:19.836 [Forwarding getCurrentUrl on session 378c654433dc21dab6f29fe3c4fcf536 to remote] DEBUG org.asynchttpclient.netty.request.NettyRequestSender - Using pooled Channel '[id: 0x14f829da, L:/127.0.0.1:65324 - R:localhost/127.0.0.1:30762]' for 'GET' to 'http://localhost:30762/session/378c654433dc21dab6f29fe3c4fcf536/url'
14:41:19.836 [Forwarding getCurrentUrl on session 378c654433dc21dab6f29fe3c4fcf536 to remote] DEBUG org.asynchttpclient.netty.request.NettyRequestSender - Using open Channel [id: 0x14f829da, L:/127.0.0.1:65324 - R:localhost/127.0.0.1:30762] for GET '/session/378c654433dc21dab6f29fe3c4fcf536/url'
14:41:19.844 [AsyncHttpClient-1-14] DEBUG org.asynchttpclient.netty.handler.HttpHandler - 

Request DefaultFullHttpRequest(decodeResult: success, version: HTTP/1.1, content: EmptyByteBufBE)
GET /session/378c654433dc21dab6f29fe3c4fcf536/url HTTP/1.1
User-Agent: selenium/4.7.1 (java windows)
Cache-Control: no-cache
Content-Type: application/json; charset=utf-8
host: localhost:30762
accept: */*

Response DefaultHttpResponse(decodeResult: success, version: HTTP/1.1)
HTTP/1.1 200 OK
Content-Type: application/json; charset=utf-8
cache-control: no-cache
content-length: 58

14:41:19.844 [AsyncHttpClient-1-14] DEBUG org.asynchttpclient.netty.channel.ChannelManager - Adding key: http://localhost:30762 for channel [id: 0x14f829da, L:/127.0.0.1:65324 - R:localhost/127.0.0.1:30762]
14:41:19.844 [Forwarding screenshot on session 378c654433dc21dab6f29fe3c4fcf536 to remote] DEBUG org.asynchttpclient.netty.request.NettyRequestSender - Using pooled Channel '[id: 0x14f829da, L:/127.0.0.1:65324 - R:localhost/127.0.0.1:30762]' for 'GET' to 'http://localhost:30762/session/378c654433dc21dab6f29fe3c4fcf536/screenshot'
14:41:19.844 [Forwarding screenshot on session 378c654433dc21dab6f29fe3c4fcf536 to remote] DEBUG org.asynchttpclient.netty.request.NettyRequestSender - Using open Channel [id: 0x14f829da, L:/127.0.0.1:65324 - R:localhost/127.0.0.1:30762] for GET '/session/378c654433dc21dab6f29fe3c4fcf536/screenshot'
14:41:19.991 [AsyncHttpClient-1-14] DEBUG org.asynchttpclient.netty.handler.HttpHandler - 

Request DefaultFullHttpRequest(decodeResult: success, version: HTTP/1.1, content: EmptyByteBufBE)
GET /session/378c654433dc21dab6f29fe3c4fcf536/screenshot HTTP/1.1
User-Agent: selenium/4.7.1 (java windows)
Cache-Control: no-cache
Content-Type: application/json; charset=utf-8
host: localhost:30762
accept: */*

Response DefaultHttpResponse(decodeResult: success, version: HTTP/1.1)
HTTP/1.1 200 OK
Content-Type: application/json; charset=utf-8
cache-control: no-cache
content-length: 61972

14:41:19.991 [AsyncHttpClient-1-14] DEBUG org.asynchttpclient.netty.channel.ChannelManager - Adding key: http://localhost:30762 for channel [id: 0x14f829da, L:/127.0.0.1:65324 - R:localhost/127.0.0.1:30762]
14:41:19.991 [main] DEBUG net.serenitybdd.core.photography.Darkroom - Send negative for processing for target\site\serenity\26affc82114106f13dd5afabc748fa92d9b29b1145e216b18a17cef917bf8e85.png
14:41:19.999 [main] DEBUG net.thucydides.core.steps.StepInterceptor - STEP DONE: klikpdam
14:41:19.999 [Darkroom Processing Line] DEBUG net.serenitybdd.core.photography.DarkroomProcessingLine - Processing screenshot image in /var/screenshots/screenshot-16376099252632135923
  &amp#27;[32mAnd &amp#27;[0m&amp#27;[32mAdmin klik PDAM&amp#27;[0m                                                    &amp#27;[90m# starter.stepdefinitions.PDAMSteps.adminKlikPDAM()&amp#27;[0m
14:41:19.999 [Darkroom Processing Line] DEBUG net.serenitybdd.core.photography.DarkroomProcessingLine - Saving screenshot to target\site\serenity\26affc82114106f13dd5afabc748fa92d9b29b1145e216b18a17cef917bf8e85.png
14:41:20.015 [main] DEBUG net.thucydides.core.steps.StepInterceptor - STARTING STEP: PDAMSteps.adminKlikFieldCariPDAM - klikfieldcariPDAM
14:41:20.015 [Forwarding findElement on session 378c654433dc21dab6f29fe3c4fcf536 to remote] DEBUG org.asynchttpclient.netty.request.NettyRequestSender - Using pooled Channel '[id: 0x14f829da, L:/127.0.0.1:65324 - R:localhost/127.0.0.1:30762]' for 'POST' to 'http://localhost:30762/session/378c654433dc21dab6f29fe3c4fcf536/element'
14:41:20.015 [Forwarding findElement on session 378c654433dc21dab6f29fe3c4fcf536 to remote] DEBUG org.asynchttpclient.netty.request.NettyRequestSender - Using open Channel [id: 0x14f829da, L:/127.0.0.1:65324 - R:localhost/127.0.0.1:30762] for POST '/session/378c654433dc21dab6f29fe3c4fcf536/element'
14:41:20.039 [AsyncHttpClient-1-14] DEBUG org.asynchttpclient.netty.handler.HttpHandler - 

Request DefaultHttpRequest(decodeResult: success, version: HTTP/1.1)
POST /session/378c654433dc21dab6f29fe3c4fcf536/element HTTP/1.1
User-Agent: selenium/4.7.1 (java windows)
Content-Length: 83
Content-Type: application/json; charset=utf-8
host: localhost:30762
accept: */*

Response DefaultHttpResponse(decodeResult: success, version: HTTP/1.1)
HTTP/1.1 200 OK
Content-Type: application/json; charset=utf-8
cache-control: no-cache
content-length: 95

14:41:20.039 [AsyncHttpClient-1-14] DEBUG org.asynchttpclient.netty.channel.ChannelManager - Adding key: http://localhost:30762 for channel [id: 0x14f829da, L:/127.0.0.1:65324 - R:localhost/127.0.0.1:30762]
14:41:20.039 [Forwarding getElementTagName on session 378c654433dc21dab6f29fe3c4fcf536 to remote] DEBUG org.asynchttpclient.netty.request.NettyRequestSender - Using pooled Channel '[id: 0x14f829da, L:/127.0.0.1:65324 - R:localhost/127.0.0.1:30762]' for 'GET' to 'http://localhost:30762/session/378c654433dc21dab6f29fe3c4fcf536/element/6E483B9FB0B7C7910FC54E2C061D2727_element_55/name'
14:41:20.039 [Forwarding getElementTagName on session 378c654433dc21dab6f29fe3c4fcf536 to remote] DEBUG org.asynchttpclient.netty.request.NettyRequestSender - Using open Channel [id: 0x14f829da, L:/127.0.0.1:65324 - R:localhost/127.0.0.1:30762] for GET '/session/378c654433dc21dab6f29fe3c4fcf536/element/6E483B9FB0B7C7910FC54E2C061D2727_element_55/name'
14:41:20.047 [AsyncHttpClient-1-14] DEBUG org.asynchttpclient.netty.handler.HttpHandler - 

Request DefaultFullHttpRequest(decodeResult: success, version: HTTP/1.1, content: EmptyByteBufBE)
GET /session/378c654433dc21dab6f29fe3c4fcf536/element/6E483B9FB0B7C7910FC54E2C061D2727_element_55/name HTTP/1.1
User-Agent: selenium/4.7.1 (java windows)
Cache-Control: no-cache
Content-Type: application/json; charset=utf-8
host: localhost:30762
accept: */*

Response DefaultHttpResponse(decodeResult: success, version: HTTP/1.1)
HTTP/1.1 200 OK
Content-Type: application/json; charset=utf-8
cache-control: no-cache
content-length: 17

14:41:20.047 [AsyncHttpClient-1-14] DEBUG org.asynchttpclient.netty.channel.ChannelManager - Adding key: http://localhost:30762 for channel [id: 0x14f829da, L:/127.0.0.1:65324 - R:localhost/127.0.0.1:30762]
14:41:20.047 [Forwarding getElementTagName on session 378c654433dc21dab6f29fe3c4fcf536 to remote] DEBUG org.asynchttpclient.netty.request.NettyRequestSender - Using pooled Channel '[id: 0x14f829da, L:/127.0.0.1:65324 - R:localhost/127.0.0.1:30762]' for 'GET' to 'http://localhost:30762/session/378c654433dc21dab6f29fe3c4fcf536/element/6E483B9FB0B7C7910FC54E2C061D2727_element_55/name'
14:41:20.047 [Forwarding getElementTagName on session 378c654433dc21dab6f29fe3c4fcf536 to remote] DEBUG org.asynchttpclient.netty.request.NettyRequestSender - Using open Channel [id: 0x14f829da, L:/127.0.0.1:65324 - R:localhost/127.0.0.1:30762] for GET '/session/378c654433dc21dab6f29fe3c4fcf536/element/6E483B9FB0B7C7910FC54E2C061D2727_element_55/name'
14:41:20.055 [AsyncHttpClient-1-14] DEBUG org.asynchttpclient.netty.handler.HttpHandler - 

Request DefaultFullHttpRequest(decodeResult: success, version: HTTP/1.1, content: EmptyByteBufBE)
GET /session/378c654433dc21dab6f29fe3c4fcf536/element/6E483B9FB0B7C7910FC54E2C061D2727_element_55/name HTTP/1.1
User-Agent: selenium/4.7.1 (java windows)
Cache-Control: no-cache
Content-Type: application/json; charset=utf-8
host: localhost:30762
accept: */*

Response DefaultHttpResponse(decodeResult: success, version: HTTP/1.1)
HTTP/1.1 200 OK
Content-Type: application/json; charset=utf-8
cache-control: no-cache
content-length: 17

14:41:20.055 [AsyncHttpClient-1-14] DEBUG org.asynchttpclient.netty.channel.ChannelManager - Adding key: http://localhost:30762 for channel [id: 0x14f829da, L:/127.0.0.1:65324 - R:localhost/127.0.0.1:30762]
14:41:20.063 [Forwarding isElementEnabled on session 378c654433dc21dab6f29fe3c4fcf536 to remote] DEBUG org.asynchttpclient.netty.request.NettyRequestSender - Using pooled Channel '[id: 0x14f829da, L:/127.0.0.1:65324 - R:localhost/127.0.0.1:30762]' for 'GET' to 'http://localhost:30762/session/378c654433dc21dab6f29fe3c4fcf536/element/6E483B9FB0B7C7910FC54E2C061D2727_element_55/enabled'
14:41:20.063 [Forwarding isElementEnabled on session 378c654433dc21dab6f29fe3c4fcf536 to remote] DEBUG org.asynchttpclient.netty.request.NettyRequestSender - Using open Channel [id: 0x14f829da, L:/127.0.0.1:65324 - R:localhost/127.0.0.1:30762] for GET '/session/378c654433dc21dab6f29fe3c4fcf536/element/6E483B9FB0B7C7910FC54E2C061D2727_element_55/enabled'
14:41:20.071 [AsyncHttpClient-1-14] DEBUG org.asynchttpclient.netty.handler.HttpHandler - 

Request DefaultFullHttpRequest(decodeResult: success, version: HTTP/1.1, content: EmptyByteBufBE)
GET /session/378c654433dc21dab6f29fe3c4fcf536/element/6E483B9FB0B7C7910FC54E2C061D2727_element_55/enabled HTTP/1.1
User-Agent: selenium/4.7.1 (java windows)
Cache-Control: no-cache
Content-Type: application/json; charset=utf-8
host: localhost:30762
accept: */*

Response DefaultHttpResponse(decodeResult: success, version: HTTP/1.1)
HTTP/1.1 200 OK
Content-Type: application/json; charset=utf-8
cache-control: no-cache
content-length: 14

14:41:20.071 [AsyncHttpClient-1-14] DEBUG org.asynchttpclient.netty.channel.ChannelManager - Adding key: http://localhost:30762 for channel [id: 0x14f829da, L:/127.0.0.1:65324 - R:localhost/127.0.0.1:30762]
14:41:20.071 [Forwarding isElementEnabled on session 378c654433dc21dab6f29fe3c4fcf536 to remote] DEBUG org.asynchttpclient.netty.request.NettyRequestSender - Using pooled Channel '[id: 0x14f829da, L:/127.0.0.1:65324 - R:localhost/127.0.0.1:30762]' for 'GET' to 'http://localhost:30762/session/378c654433dc21dab6f29fe3c4fcf536/element/6E483B9FB0B7C7910FC54E2C061D2727_element_55/enabled'
14:41:20.079 [Forwarding isElementEnabled on session 378c654433dc21dab6f29fe3c4fcf536 to remote] DEBUG org.asynchttpclient.netty.request.NettyRequestSender - Using open Channel [id: 0x14f829da, L:/127.0.0.1:65324 - R:localhost/127.0.0.1:30762] for GET '/session/378c654433dc21dab6f29fe3c4fcf536/element/6E483B9FB0B7C7910FC54E2C061D2727_element_55/enabled'
14:41:20.089 [AsyncHttpClient-1-14] DEBUG org.asynchttpclient.netty.handler.HttpHandler - 

Request DefaultFullHttpRequest(decodeResult: success, version: HTTP/1.1, content: EmptyByteBufBE)
GET /session/378c654433dc21dab6f29fe3c4fcf536/element/6E483B9FB0B7C7910FC54E2C061D2727_element_55/enabled HTTP/1.1
User-Agent: selenium/4.7.1 (java windows)
Cache-Control: no-cache
Content-Type: application/json; charset=utf-8
host: localhost:30762
accept: */*

Response DefaultHttpResponse(decodeResult: success, version: HTTP/1.1)
HTTP/1.1 200 OK
Content-Type: application/json; charset=utf-8
cache-control: no-cache
content-length: 14

14:41:20.089 [AsyncHttpClient-1-14] DEBUG org.asynchttpclient.netty.channel.ChannelManager - Adding key: http://localhost:30762 for channel [id: 0x14f829da, L:/127.0.0.1:65324 - R:localhost/127.0.0.1:30762]
14:41:20.091 [Forwarding findElement on session 378c654433dc21dab6f29fe3c4fcf536 to remote] DEBUG org.asynchttpclient.netty.request.NettyRequestSender - Using pooled Channel '[id: 0x14f829da, L:/127.0.0.1:65324 - R:localhost/127.0.0.1:30762]' for 'POST' to 'http://localhost:30762/session/378c654433dc21dab6f29fe3c4fcf536/element'
14:41:20.091 [Forwarding findElement on session 378c654433dc21dab6f29fe3c4fcf536 to remote] DEBUG org.asynchttpclient.netty.request.NettyRequestSender - Using open Channel [id: 0x14f829da, L:/127.0.0.1:65324 - R:localhost/127.0.0.1:30762] for POST '/session/378c654433dc21dab6f29fe3c4fcf536/element'
14:41:20.099 [AsyncHttpClient-1-14] DEBUG org.asynchttpclient.netty.handler.HttpHandler - 

Request DefaultHttpRequest(decodeResult: success, version: HTTP/1.1)
POST /session/378c654433dc21dab6f29fe3c4fcf536/element HTTP/1.1
User-Agent: selenium/4.7.1 (java windows)
Content-Length: 83
Content-Type: application/json; charset=utf-8
host: localhost:30762
accept: */*

Response DefaultHttpResponse(decodeResult: success, version: HTTP/1.1)
HTTP/1.1 200 OK
Content-Type: application/json; charset=utf-8
cache-control: no-cache
content-length: 95

14:41:20.099 [AsyncHttpClient-1-14] DEBUG org.asynchttpclient.netty.channel.ChannelManager - Adding key: http://localhost:30762 for channel [id: 0x14f829da, L:/127.0.0.1:65324 - R:localhost/127.0.0.1:30762]
14:41:20.099 [Forwarding clickElement on session 378c654433dc21dab6f29fe3c4fcf536 to remote] DEBUG org.asynchttpclient.netty.request.NettyRequestSender - Using pooled Channel '[id: 0x14f829da, L:/127.0.0.1:65324 - R:localhost/127.0.0.1:30762]' for 'POST' to 'http://localhost:30762/session/378c654433dc21dab6f29fe3c4fcf536/element/6E483B9FB0B7C7910FC54E2C061D2727_element_55/click'
14:41:20.099 [Forwarding clickElement on session 378c654433dc21dab6f29fe3c4fcf536 to remote] DEBUG org.asynchttpclient.netty.request.NettyRequestSender - Using open Channel [id: 0x14f829da, L:/127.0.0.1:65324 - R:localhost/127.0.0.1:30762] for POST '/session/378c654433dc21dab6f29fe3c4fcf536/element/6E483B9FB0B7C7910FC54E2C061D2727_element_55/click'
14:41:20.180 [AsyncHttpClient-1-14] DEBUG org.asynchttpclient.netty.handler.HttpHandler - 

Request DefaultHttpRequest(decodeResult: success, version: HTTP/1.1)
POST /session/378c654433dc21dab6f29fe3c4fcf536/element/6E483B9FB0B7C7910FC54E2C061D2727_element_55/click HTTP/1.1
User-Agent: selenium/4.7.1 (java windows)
Content-Length: 57
Content-Type: application/json; charset=utf-8
host: localhost:30762
accept: */*

Response DefaultHttpResponse(decodeResult: success, version: HTTP/1.1)
HTTP/1.1 200 OK
Content-Type: application/json; charset=utf-8
cache-control: no-cache
content-length: 14

14:41:20.180 [AsyncHttpClient-1-14] DEBUG org.asynchttpclient.netty.channel.ChannelManager - Adding key: http://localhost:30762 for channel [id: 0x14f829da, L:/127.0.0.1:65324 - R:localhost/127.0.0.1:30762]
14:41:20.195 [Forwarding getCurrentWindowHandle on session 378c654433dc21dab6f29fe3c4fcf536 to remote] DEBUG org.asynchttpclient.netty.request.NettyRequestSender - Using pooled Channel '[id: 0x14f829da, L:/127.0.0.1:65324 - R:localhost/127.0.0.1:30762]' for 'GET' to 'http://localhost:30762/session/378c654433dc21dab6f29fe3c4fcf536/window'
14:41:20.195 [Forwarding getCurrentWindowHandle on session 378c654433dc21dab6f29fe3c4fcf536 to remote] DEBUG org.asynchttpclient.netty.request.NettyRequestSender - Using open Channel [id: 0x14f829da, L:/127.0.0.1:65324 - R:localhost/127.0.0.1:30762] for GET '/session/378c654433dc21dab6f29fe3c4fcf536/window'
14:41:20.195 [AsyncHttpClient-1-14] DEBUG org.asynchttpclient.netty.handler.HttpHandler - 

Request DefaultFullHttpRequest(decodeResult: success, version: HTTP/1.1, content: EmptyByteBufBE)
GET /session/378c654433dc21dab6f29fe3c4fcf536/window HTTP/1.1
User-Agent: selenium/4.7.1 (java windows)
Cache-Control: no-cache
Content-Type: application/json; charset=utf-8
host: localhost:30762
accept: */*

Response DefaultHttpResponse(decodeResult: success, version: HTTP/1.1)
HTTP/1.1 200 OK
Content-Type: application/json; charset=utf-8
cache-control: no-cache
content-length: 44

14:41:20.195 [AsyncHttpClient-1-14] DEBUG org.asynchttpclient.netty.channel.ChannelManager - Adding key: http://localhost:30762 for channel [id: 0x14f829da, L:/127.0.0.1:65324 - R:localhost/127.0.0.1:30762]
14:41:20.195 [Forwarding getAlertText on session 378c654433dc21dab6f29fe3c4fcf536 to remote] DEBUG org.asynchttpclient.netty.request.NettyRequestSender - Using pooled Channel '[id: 0x14f829da, L:/127.0.0.1:65324 - R:localhost/127.0.0.1:30762]' for 'GET' to 'http://localhost:30762/session/378c654433dc21dab6f29fe3c4fcf536/alert/text'
14:41:20.195 [Forwarding getAlertText on session 378c654433dc21dab6f29fe3c4fcf536 to remote] DEBUG org.asynchttpclient.netty.request.NettyRequestSender - Using open Channel [id: 0x14f829da, L:/127.0.0.1:65324 - R:localhost/127.0.0.1:30762] for GET '/session/378c654433dc21dab6f29fe3c4fcf536/alert/text'
14:41:20.195 [AsyncHttpClient-1-14] DEBUG org.asynchttpclient.netty.handler.HttpHandler - 

Request DefaultFullHttpRequest(decodeResult: success, version: HTTP/1.1, content: EmptyByteBufBE)
GET /session/378c654433dc21dab6f29fe3c4fcf536/alert/text HTTP/1.1
User-Agent: selenium/4.7.1 (java windows)
Cache-Control: no-cache
Content-Type: application/json; charset=utf-8
host: localhost:30762
accept: */*

Response DefaultHttpResponse(decodeResult: success, version: HTTP/1.1)
HTTP/1.1 404 Not Found
Content-Type: application/json; charset=utf-8
cache-control: no-cache
content-length: 821

14:41:20.195 [AsyncHttpClient-1-14] DEBUG org.asynchttpclient.netty.channel.ChannelManager - Adding key: http://localhost:30762 for channel [id: 0x14f829da, L:/127.0.0.1:65324 - R:localhost/127.0.0.1:30762]
14:41:20.203 [Forwarding switchToWindow on session 378c654433dc21dab6f29fe3c4fcf536 to remote] DEBUG org.asynchttpclient.netty.request.NettyRequestSender - Using pooled Channel '[id: 0x14f829da, L:/127.0.0.1:65324 - R:localhost/127.0.0.1:30762]' for 'POST' to 'http://localhost:30762/session/378c654433dc21dab6f29fe3c4fcf536/window'
14:41:20.203 [Forwarding switchToWindow on session 378c654433dc21dab6f29fe3c4fcf536 to remote] DEBUG org.asynchttpclient.netty.request.NettyRequestSender - Using open Channel [id: 0x14f829da, L:/127.0.0.1:65324 - R:localhost/127.0.0.1:30762] for POST '/session/378c654433dc21dab6f29fe3c4fcf536/window'
14:41:20.203 [AsyncHttpClient-1-14] DEBUG org.asynchttpclient.netty.handler.HttpHandler - 

Request DefaultHttpRequest(decodeResult: success, version: HTTP/1.1)
POST /session/378c654433dc21dab6f29fe3c4fcf536/window HTTP/1.1
User-Agent: selenium/4.7.1 (java windows)
Content-Length: 50
Content-Type: application/json; charset=utf-8
host: localhost:30762
accept: */*

Response DefaultHttpResponse(decodeResult: success, version: HTTP/1.1)
HTTP/1.1 200 OK
Content-Type: application/json; charset=utf-8
cache-control: no-cache
content-length: 14

14:41:20.203 [AsyncHttpClient-1-14] DEBUG org.asynchttpclient.netty.channel.ChannelManager - Adding key: http://localhost:30762 for channel [id: 0x14f829da, L:/127.0.0.1:65324 - R:localhost/127.0.0.1:30762]
14:41:20.203 [Forwarding getCurrentUrl on session 378c654433dc21dab6f29fe3c4fcf536 to remote] DEBUG org.asynchttpclient.netty.request.NettyRequestSender - Using pooled Channel '[id: 0x14f829da, L:/127.0.0.1:65324 - R:localhost/127.0.0.1:30762]' for 'GET' to 'http://localhost:30762/session/378c654433dc21dab6f29fe3c4fcf536/url'
14:41:20.203 [Forwarding getCurrentUrl on session 378c654433dc21dab6f29fe3c4fcf536 to remote] DEBUG org.asynchttpclient.netty.request.NettyRequestSender - Using open Channel [id: 0x14f829da, L:/127.0.0.1:65324 - R:localhost/127.0.0.1:30762] for GET '/session/378c654433dc21dab6f29fe3c4fcf536/url'
14:41:20.211 [AsyncHttpClient-1-14] DEBUG org.asynchttpclient.netty.handler.HttpHandler - 

Request DefaultFullHttpRequest(decodeResult: success, version: HTTP/1.1, content: EmptyByteBufBE)
GET /session/378c654433dc21dab6f29fe3c4fcf536/url HTTP/1.1
User-Agent: selenium/4.7.1 (java windows)
Cache-Control: no-cache
Content-Type: application/json; charset=utf-8
host: localhost:30762
accept: */*

Response DefaultHttpResponse(decodeResult: success, version: HTTP/1.1)
HTTP/1.1 200 OK
Content-Type: application/json; charset=utf-8
cache-control: no-cache
content-length: 58

14:41:20.211 [AsyncHttpClient-1-14] DEBUG org.asynchttpclient.netty.channel.ChannelManager - Adding key: http://localhost:30762 for channel [id: 0x14f829da, L:/127.0.0.1:65324 - R:localhost/127.0.0.1:30762]
14:41:20.211 [Forwarding screenshot on session 378c654433dc21dab6f29fe3c4fcf536 to remote] DEBUG org.asynchttpclient.netty.request.NettyRequestSender - Using pooled Channel '[id: 0x14f829da, L:/127.0.0.1:65324 - R:localhost/127.0.0.1:30762]' for 'GET' to 'http://localhost:30762/session/378c654433dc21dab6f29fe3c4fcf536/screenshot'
14:41:20.211 [Forwarding screenshot on session 378c654433dc21dab6f29fe3c4fcf536 to remote] DEBUG org.asynchttpclient.netty.request.NettyRequestSender - Using open Channel [id: 0x14f829da, L:/127.0.0.1:65324 - R:localhost/127.0.0.1:30762] for GET '/session/378c654433dc21dab6f29fe3c4fcf536/screenshot'
14:41:20.373 [AsyncHttpClient-1-14] DEBUG org.asynchttpclient.netty.handler.HttpHandler - 

Request DefaultFullHttpRequest(decodeResult: success, version: HTTP/1.1, content: EmptyByteBufBE)
GET /session/378c654433dc21dab6f29fe3c4fcf536/screenshot HTTP/1.1
User-Agent: selenium/4.7.1 (java windows)
Cache-Control: no-cache
Content-Type: application/json; charset=utf-8
host: localhost:30762
accept: */*

Response DefaultHttpResponse(decodeResult: success, version: HTTP/1.1)
HTTP/1.1 200 OK
Content-Type: application/json; charset=utf-8
cache-control: no-cache
content-length: 60608

14:41:20.373 [AsyncHttpClient-1-14] DEBUG org.asynchttpclient.netty.channel.ChannelManager - Adding key: http://localhost:30762 for channel [id: 0x14f829da, L:/127.0.0.1:65324 - R:localhost/127.0.0.1:30762]
14:41:20.373 [main] DEBUG net.serenitybdd.core.photography.Darkroom - Send negative for processing for target\site\serenity\18f5ecded892bf26f505bb2275b80f99a72a1e1f49aef51ff6cc04e0439a2de2.png
14:41:20.373 [main] DEBUG net.thucydides.core.steps.StepInterceptor - STEP DONE: klikfieldcariPDAM
14:41:20.373 [Darkroom Processing Line] DEBUG net.serenitybdd.core.photography.DarkroomProcessingLine - Processing screenshot image in /var/screenshots/screenshot-9271725853795459629
14:41:20.373 [Darkroom Processing Line] DEBUG net.serenitybdd.core.photography.DarkroomProcessingLine - Saving screenshot to target\site\serenity\18f5ecded892bf26f505bb2275b80f99a72a1e1f49aef51ff6cc04e0439a2de2.png
  &amp#27;[32mAnd &amp#27;[0m&amp#27;[32mAdmin klik field cari PDAM&amp#27;[0m                                         &amp#27;[90m# starter.stepdefinitions.PDAMSteps.adminKlikFieldCariPDAM()&amp#27;[0m
14:41:20.392 [main] DEBUG net.thucydides.core.steps.StepInterceptor - STARTING STEP: PDAMSteps.adminInputFieldCariPDAM - inputfieldcariPDAM
14:41:20.392 [Forwarding findElement on session 378c654433dc21dab6f29fe3c4fcf536 to remote] DEBUG org.asynchttpclient.netty.request.NettyRequestSender - Using pooled Channel '[id: 0x14f829da, L:/127.0.0.1:65324 - R:localhost/127.0.0.1:30762]' for 'POST' to 'http://localhost:30762/session/378c654433dc21dab6f29fe3c4fcf536/element'
14:41:20.392 [Forwarding findElement on session 378c654433dc21dab6f29fe3c4fcf536 to remote] DEBUG org.asynchttpclient.netty.request.NettyRequestSender - Using open Channel [id: 0x14f829da, L:/127.0.0.1:65324 - R:localhost/127.0.0.1:30762] for POST '/session/378c654433dc21dab6f29fe3c4fcf536/element'
14:41:20.408 [AsyncHttpClient-1-14] DEBUG org.asynchttpclient.netty.handler.HttpHandler - 

Request DefaultHttpRequest(decodeResult: success, version: HTTP/1.1)
POST /session/378c654433dc21dab6f29fe3c4fcf536/element HTTP/1.1
User-Agent: selenium/4.7.1 (java windows)
Content-Length: 83
Content-Type: application/json; charset=utf-8
host: localhost:30762
accept: */*

Response DefaultHttpResponse(decodeResult: success, version: HTTP/1.1)
HTTP/1.1 200 OK
Content-Type: application/json; charset=utf-8
cache-control: no-cache
content-length: 95

14:41:20.408 [AsyncHttpClient-1-14] DEBUG org.asynchttpclient.netty.channel.ChannelManager - Adding key: http://localhost:30762 for channel [id: 0x14f829da, L:/127.0.0.1:65324 - R:localhost/127.0.0.1:30762]
14:41:20.408 [Forwarding clearElement on session 378c654433dc21dab6f29fe3c4fcf536 to remote] DEBUG org.asynchttpclient.netty.request.NettyRequestSender - Using pooled Channel '[id: 0x14f829da, L:/127.0.0.1:65324 - R:localhost/127.0.0.1:30762]' for 'POST' to 'http://localhost:30762/session/378c654433dc21dab6f29fe3c4fcf536/element/6E483B9FB0B7C7910FC54E2C061D2727_element_55/clear'
14:41:20.408 [Forwarding clearElement on session 378c654433dc21dab6f29fe3c4fcf536 to remote] DEBUG org.asynchttpclient.netty.request.NettyRequestSender - Using open Channel [id: 0x14f829da, L:/127.0.0.1:65324 - R:localhost/127.0.0.1:30762] for POST '/session/378c654433dc21dab6f29fe3c4fcf536/element/6E483B9FB0B7C7910FC54E2C061D2727_element_55/clear'
14:41:20.440 [AsyncHttpClient-1-14] DEBUG org.asynchttpclient.netty.handler.HttpHandler - 

Request DefaultHttpRequest(decodeResult: success, version: HTTP/1.1)
POST /session/378c654433dc21dab6f29fe3c4fcf536/element/6E483B9FB0B7C7910FC54E2C061D2727_element_55/clear HTTP/1.1
User-Agent: selenium/4.7.1 (java windows)
Content-Length: 57
Content-Type: application/json; charset=utf-8
host: localhost:30762
accept: */*

Response DefaultHttpResponse(decodeResult: success, version: HTTP/1.1)
HTTP/1.1 200 OK
Content-Type: application/json; charset=utf-8
cache-control: no-cache
content-length: 14

14:41:20.440 [AsyncHttpClient-1-14] DEBUG org.asynchttpclient.netty.channel.ChannelManager - Adding key: http://localhost:30762 for channel [id: 0x14f829da, L:/127.0.0.1:65324 - R:localhost/127.0.0.1:30762]
14:41:20.448 [Forwarding sendKeysToElement on session 378c654433dc21dab6f29fe3c4fcf536 to remote] DEBUG org.asynchttpclient.netty.request.NettyRequestSender - Using pooled Channel '[id: 0x14f829da, L:/127.0.0.1:65324 - R:localhost/127.0.0.1:30762]' for 'POST' to 'http://localhost:30762/session/378c654433dc21dab6f29fe3c4fcf536/element/6E483B9FB0B7C7910FC54E2C061D2727_element_55/value'
14:41:20.448 [Forwarding sendKeysToElement on session 378c654433dc21dab6f29fe3c4fcf536 to remote] DEBUG org.asynchttpclient.netty.request.NettyRequestSender - Using open Channel [id: 0x14f829da, L:/127.0.0.1:65324 - R:localhost/127.0.0.1:30762] for POST '/session/378c654433dc21dab6f29fe3c4fcf536/element/6E483B9FB0B7C7910FC54E2C061D2727_element_55/value'
14:41:20.496 [AsyncHttpClient-1-14] DEBUG org.asynchttpclient.netty.handler.HttpHandler - 

Request DefaultHttpRequest(decodeResult: success, version: HTTP/1.1)
POST /session/378c654433dc21dab6f29fe3c4fcf536/element/6E483B9FB0B7C7910FC54E2C061D2727_element_55/value HTTP/1.1
User-Agent: selenium/4.7.1 (java windows)
Content-Length: 148
Content-Type: application/json; charset=utf-8
host: localhost:30762
accept: */*

Response DefaultHttpResponse(decodeResult: success, version: HTTP/1.1)
HTTP/1.1 200 OK
Content-Type: application/json; charset=utf-8
cache-control: no-cache
content-length: 14

14:41:20.496 [AsyncHttpClient-1-14] DEBUG org.asynchttpclient.netty.channel.ChannelManager - Adding key: http://localhost:30762 for channel [id: 0x14f829da, L:/127.0.0.1:65324 - R:localhost/127.0.0.1:30762]
14:41:20.504 [Forwarding getCurrentWindowHandle on session 378c654433dc21dab6f29fe3c4fcf536 to remote] DEBUG org.asynchttpclient.netty.request.NettyRequestSender - Using pooled Channel '[id: 0x14f829da, L:/127.0.0.1:65324 - R:localhost/127.0.0.1:30762]' for 'GET' to 'http://localhost:30762/session/378c654433dc21dab6f29fe3c4fcf536/window'
14:41:20.504 [Forwarding getCurrentWindowHandle on session 378c654433dc21dab6f29fe3c4fcf536 to remote] DEBUG org.asynchttpclient.netty.request.NettyRequestSender - Using open Channel [id: 0x14f829da, L:/127.0.0.1:65324 - R:localhost/127.0.0.1:30762] for GET '/session/378c654433dc21dab6f29fe3c4fcf536/window'
14:41:20.504 [AsyncHttpClient-1-14] DEBUG org.asynchttpclient.netty.handler.HttpHandler - 

Request DefaultFullHttpRequest(decodeResult: success, version: HTTP/1.1, content: EmptyByteBufBE)
GET /session/378c654433dc21dab6f29fe3c4fcf536/window HTTP/1.1
User-Agent: selenium/4.7.1 (java windows)
Cache-Control: no-cache
Content-Type: application/json; charset=utf-8
host: localhost:30762
accept: */*

Response DefaultHttpResponse(decodeResult: success, version: HTTP/1.1)
HTTP/1.1 200 OK
Content-Type: application/json; charset=utf-8
cache-control: no-cache
content-length: 44

14:41:20.504 [AsyncHttpClient-1-14] DEBUG org.asynchttpclient.netty.channel.ChannelManager - Adding key: http://localhost:30762 for channel [id: 0x14f829da, L:/127.0.0.1:65324 - R:localhost/127.0.0.1:30762]
14:41:20.504 [Forwarding getAlertText on session 378c654433dc21dab6f29fe3c4fcf536 to remote] DEBUG org.asynchttpclient.netty.request.NettyRequestSender - Using pooled Channel '[id: 0x14f829da, L:/127.0.0.1:65324 - R:localhost/127.0.0.1:30762]' for 'GET' to 'http://localhost:30762/session/378c654433dc21dab6f29fe3c4fcf536/alert/text'
14:41:20.504 [Forwarding getAlertText on session 378c654433dc21dab6f29fe3c4fcf536 to remote] DEBUG org.asynchttpclient.netty.request.NettyRequestSender - Using open Channel [id: 0x14f829da, L:/127.0.0.1:65324 - R:localhost/127.0.0.1:30762] for GET '/session/378c654433dc21dab6f29fe3c4fcf536/alert/text'
14:41:20.504 [AsyncHttpClient-1-14] DEBUG org.asynchttpclient.netty.handler.HttpHandler - 

Request DefaultFullHttpRequest(decodeResult: success, version: HTTP/1.1, content: EmptyByteBufBE)
GET /session/378c654433dc21dab6f29fe3c4fcf536/alert/text HTTP/1.1
User-Agent: selenium/4.7.1 (java windows)
Cache-Control: no-cache
Content-Type: application/json; charset=utf-8
host: localhost:30762
accept: */*

Response DefaultHttpResponse(decodeResult: success, version: HTTP/1.1)
HTTP/1.1 404 Not Found
Content-Type: application/json; charset=utf-8
cache-control: no-cache
content-length: 821

14:41:20.504 [AsyncHttpClient-1-14] DEBUG org.asynchttpclient.netty.channel.ChannelManager - Adding key: http://localhost:30762 for channel [id: 0x14f829da, L:/127.0.0.1:65324 - R:localhost/127.0.0.1:30762]
14:41:20.504 [Forwarding switchToWindow on session 378c654433dc21dab6f29fe3c4fcf536 to remote] DEBUG org.asynchttpclient.netty.request.NettyRequestSender - Using pooled Channel '[id: 0x14f829da, L:/127.0.0.1:65324 - R:localhost/127.0.0.1:30762]' for 'POST' to 'http://localhost:30762/session/378c654433dc21dab6f29fe3c4fcf536/window'
14:41:20.504 [Forwarding switchToWindow on session 378c654433dc21dab6f29fe3c4fcf536 to remote] DEBUG org.asynchttpclient.netty.request.NettyRequestSender - Using open Channel [id: 0x14f829da, L:/127.0.0.1:65324 - R:localhost/127.0.0.1:30762] for POST '/session/378c654433dc21dab6f29fe3c4fcf536/window'
14:41:20.513 [AsyncHttpClient-1-14] DEBUG org.asynchttpclient.netty.handler.HttpHandler - 

Request DefaultHttpRequest(decodeResult: success, version: HTTP/1.1)
POST /session/378c654433dc21dab6f29fe3c4fcf536/window HTTP/1.1
User-Agent: selenium/4.7.1 (java windows)
Content-Length: 50
Content-Type: application/json; charset=utf-8
host: localhost:30762
accept: */*

Response DefaultHttpResponse(decodeResult: success, version: HTTP/1.1)
HTTP/1.1 200 OK
Content-Type: application/json; charset=utf-8
cache-control: no-cache
content-length: 14

14:41:20.513 [AsyncHttpClient-1-14] DEBUG org.asynchttpclient.netty.channel.ChannelManager - Adding key: http://localhost:30762 for channel [id: 0x14f829da, L:/127.0.0.1:65324 - R:localhost/127.0.0.1:30762]
14:41:20.513 [Forwarding getCurrentUrl on session 378c654433dc21dab6f29fe3c4fcf536 to remote] DEBUG org.asynchttpclient.netty.request.NettyRequestSender - Using pooled Channel '[id: 0x14f829da, L:/127.0.0.1:65324 - R:localhost/127.0.0.1:30762]' for 'GET' to 'http://localhost:30762/session/378c654433dc21dab6f29fe3c4fcf536/url'
14:41:20.513 [Forwarding getCurrentUrl on session 378c654433dc21dab6f29fe3c4fcf536 to remote] DEBUG org.asynchttpclient.netty.request.NettyRequestSender - Using open Channel [id: 0x14f829da, L:/127.0.0.1:65324 - R:localhost/127.0.0.1:30762] for GET '/session/378c654433dc21dab6f29fe3c4fcf536/url'
14:41:20.514 [AsyncHttpClient-1-14] DEBUG org.asynchttpclient.netty.handler.HttpHandler - 

Request DefaultFullHttpRequest(decodeResult: success, version: HTTP/1.1, content: EmptyByteBufBE)
GET /session/378c654433dc21dab6f29fe3c4fcf536/url HTTP/1.1
User-Agent: selenium/4.7.1 (java windows)
Cache-Control: no-cache
Content-Type: application/json; charset=utf-8
host: localhost:30762
accept: */*

Response DefaultHttpResponse(decodeResult: success, version: HTTP/1.1)
HTTP/1.1 200 OK
Content-Type: application/json; charset=utf-8
cache-control: no-cache
content-length: 58

14:41:20.514 [AsyncHttpClient-1-14] DEBUG org.asynchttpclient.netty.channel.ChannelManager - Adding key: http://localhost:30762 for channel [id: 0x14f829da, L:/127.0.0.1:65324 - R:localhost/127.0.0.1:30762]
14:41:20.514 [Forwarding screenshot on session 378c654433dc21dab6f29fe3c4fcf536 to remote] DEBUG org.asynchttpclient.netty.request.NettyRequestSender - Using pooled Channel '[id: 0x14f829da, L:/127.0.0.1:65324 - R:localhost/127.0.0.1:30762]' for 'GET' to 'http://localhost:30762/session/378c654433dc21dab6f29fe3c4fcf536/screenshot'
14:41:20.514 [Forwarding screenshot on session 378c654433dc21dab6f29fe3c4fcf536 to remote] DEBUG org.asynchttpclient.netty.request.NettyRequestSender - Using open Channel [id: 0x14f829da, L:/127.0.0.1:65324 - R:localhost/127.0.0.1:30762] for GET '/session/378c654433dc21dab6f29fe3c4fcf536/screenshot'
14:41:20.640 [AsyncHttpClient-1-14] DEBUG org.asynchttpclient.netty.handler.HttpHandler - 

Request DefaultFullHttpRequest(decodeResult: success, version: HTTP/1.1, content: EmptyByteBufBE)
GET /session/378c654433dc21dab6f29fe3c4fcf536/screenshot HTTP/1.1
User-Agent: selenium/4.7.1 (java windows)
Cache-Control: no-cache
Content-Type: application/json; charset=utf-8
host: localhost:30762
accept: */*

Response DefaultHttpResponse(decodeResult: success, version: HTTP/1.1)
HTTP/1.1 200 OK
Content-Type: application/json; charset=utf-8
cache-control: no-cache
content-length: 60312

14:41:20.640 [AsyncHttpClient-1-14] DEBUG org.asynchttpclient.netty.channel.ChannelManager - Adding key: http://localhost:30762 for channel [id: 0x14f829da, L:/127.0.0.1:65324 - R:localhost/127.0.0.1:30762]
14:41:20.640 [main] DEBUG net.serenitybdd.core.photography.Darkroom - Send negative for processing for target\site\serenity\424c981a55518da60fb9fe86d3fcc2c1ed594d524939e3a23bbbc3ca64c34604.png
14:41:20.640 [main] DEBUG net.thucydides.core.steps.StepInterceptor - STEP DONE: inputfieldcariPDAM
14:41:20.640 [Darkroom Processing Line] DEBUG net.serenitybdd.core.photography.DarkroomProcessingLine - Processing screenshot image in /var/screenshots/screenshot-6500383934950509037
  &amp#27;[32mThen &amp#27;[0m&amp#27;[32mAdmin input field cari PDAM&amp#27;[0m                                       &amp#27;[90m# starter.stepdefinitions.PDAMSteps.adminInputFieldCariPDAM()&amp#27;[0m
14:41:20.640 [Darkroom Processing Line] DEBUG net.serenitybdd.core.photography.DarkroomProcessingLine - Saving screenshot to target\site\serenity\424c981a55518da60fb9fe86d3fcc2c1ed594d524939e3a23bbbc3ca64c34604.png
14:41:20.657 [main] DEBUG net.thucydides.core.steps.StepInterceptor - STARTING STEP: PDAMSteps.adminKlikEnterPadaFieldCariPDAMDanTerlihatHasilPencarian - entercariPDAM
14:41:20.657 [Forwarding findElement on session 378c654433dc21dab6f29fe3c4fcf536 to remote] DEBUG org.asynchttpclient.netty.request.NettyRequestSender - Using pooled Channel '[id: 0x14f829da, L:/127.0.0.1:65324 - R:localhost/127.0.0.1:30762]' for 'POST' to 'http://localhost:30762/session/378c654433dc21dab6f29fe3c4fcf536/element'
14:41:20.657 [Forwarding findElement on session 378c654433dc21dab6f29fe3c4fcf536 to remote] DEBUG org.asynchttpclient.netty.request.NettyRequestSender - Using open Channel [id: 0x14f829da, L:/127.0.0.1:65324 - R:localhost/127.0.0.1:30762] for POST '/session/378c654433dc21dab6f29fe3c4fcf536/element'
14:41:20.673 [AsyncHttpClient-1-14] DEBUG org.asynchttpclient.netty.handler.HttpHandler - 

Request DefaultHttpRequest(decodeResult: success, version: HTTP/1.1)
POST /session/378c654433dc21dab6f29fe3c4fcf536/element HTTP/1.1
User-Agent: selenium/4.7.1 (java windows)
Content-Length: 83
Content-Type: application/json; charset=utf-8
host: localhost:30762
accept: */*

Response DefaultHttpResponse(decodeResult: success, version: HTTP/1.1)
HTTP/1.1 200 OK
Content-Type: application/json; charset=utf-8
cache-control: no-cache
content-length: 95

14:41:20.673 [AsyncHttpClient-1-14] DEBUG org.asynchttpclient.netty.channel.ChannelManager - Adding key: http://localhost:30762 for channel [id: 0x14f829da, L:/127.0.0.1:65324 - R:localhost/127.0.0.1:30762]
14:41:20.673 [Forwarding sendKeysToElement on session 378c654433dc21dab6f29fe3c4fcf536 to remote] DEBUG org.asynchttpclient.netty.request.NettyRequestSender - Using pooled Channel '[id: 0x14f829da, L:/127.0.0.1:65324 - R:localhost/127.0.0.1:30762]' for 'POST' to 'http://localhost:30762/session/378c654433dc21dab6f29fe3c4fcf536/element/6E483B9FB0B7C7910FC54E2C061D2727_element_55/value'
14:41:20.673 [Forwarding sendKeysToElement on session 378c654433dc21dab6f29fe3c4fcf536 to remote] DEBUG org.asynchttpclient.netty.request.NettyRequestSender - Using open Channel [id: 0x14f829da, L:/127.0.0.1:65324 - R:localhost/127.0.0.1:30762] for POST '/session/378c654433dc21dab6f29fe3c4fcf536/element/6E483B9FB0B7C7910FC54E2C061D2727_element_55/value'
14:41:20.691 [AsyncHttpClient-1-1] DEBUG org.asynchttpclient.netty.channel.DefaultChannelPool - Entry count for : http://localhost:65325 : 1
14:41:20.731 [AsyncHttpClient-1-14] DEBUG org.asynchttpclient.netty.handler.HttpHandler - 

Request DefaultHttpRequest(decodeResult: success, version: HTTP/1.1)
POST /session/378c654433dc21dab6f29fe3c4fcf536/element/6E483B9FB0B7C7910FC54E2C061D2727_element_55/value HTTP/1.1
User-Agent: selenium/4.7.1 (java windows)
Content-Length: 102
Content-Type: application/json; charset=utf-8
host: localhost:30762
accept: */*

Response DefaultHttpResponse(decodeResult: success, version: HTTP/1.1)
HTTP/1.1 200 OK
Content-Type: application/json; charset=utf-8
cache-control: no-cache
content-length: 14

14:41:20.731 [AsyncHttpClient-1-14] DEBUG org.asynchttpclient.netty.channel.ChannelManager - Adding key: http://localhost:30762 for channel [id: 0x14f829da, L:/127.0.0.1:65324 - R:localhost/127.0.0.1:30762]
14:41:20.739 [Forwarding getCurrentWindowHandle on session 378c654433dc21dab6f29fe3c4fcf536 to remote] DEBUG org.asynchttpclient.netty.request.NettyRequestSender - Using pooled Channel '[id: 0x14f829da, L:/127.0.0.1:65324 - R:localhost/127.0.0.1:30762]' for 'GET' to 'http://localhost:30762/session/378c654433dc21dab6f29fe3c4fcf536/window'
14:41:20.739 [Forwarding getCurrentWindowHandle on session 378c654433dc21dab6f29fe3c4fcf536 to remote] DEBUG org.asynchttpclient.netty.request.NettyRequestSender - Using open Channel [id: 0x14f829da, L:/127.0.0.1:65324 - R:localhost/127.0.0.1:30762] for GET '/session/378c654433dc21dab6f29fe3c4fcf536/window'
14:41:20.739 [AsyncHttpClient-1-14] DEBUG org.asynchttpclient.netty.handler.HttpHandler - 

Request DefaultFullHttpRequest(decodeResult: success, version: HTTP/1.1, content: EmptyByteBufBE)
GET /session/378c654433dc21dab6f29fe3c4fcf536/window HTTP/1.1
User-Agent: selenium/4.7.1 (java windows)
Cache-Control: no-cache
Content-Type: application/json; charset=utf-8
host: localhost:30762
accept: */*

Response DefaultHttpResponse(decodeResult: success, version: HTTP/1.1)
HTTP/1.1 200 OK
Content-Type: application/json; charset=utf-8
cache-control: no-cache
content-length: 44

14:41:20.747 [AsyncHttpClient-1-14] DEBUG org.asynchttpclient.netty.channel.ChannelManager - Adding key: http://localhost:30762 for channel [id: 0x14f829da, L:/127.0.0.1:65324 - R:localhost/127.0.0.1:30762]
14:41:20.747 [Forwarding getAlertText on session 378c654433dc21dab6f29fe3c4fcf536 to remote] DEBUG org.asynchttpclient.netty.request.NettyRequestSender - Using pooled Channel '[id: 0x14f829da, L:/127.0.0.1:65324 - R:localhost/127.0.0.1:30762]' for 'GET' to 'http://localhost:30762/session/378c654433dc21dab6f29fe3c4fcf536/alert/text'
14:41:20.747 [Forwarding getAlertText on session 378c654433dc21dab6f29fe3c4fcf536 to remote] DEBUG org.asynchttpclient.netty.request.NettyRequestSender - Using open Channel [id: 0x14f829da, L:/127.0.0.1:65324 - R:localhost/127.0.0.1:30762] for GET '/session/378c654433dc21dab6f29fe3c4fcf536/alert/text'
14:41:20.747 [AsyncHttpClient-1-14] DEBUG org.asynchttpclient.netty.handler.HttpHandler - 

Request DefaultFullHttpRequest(decodeResult: success, version: HTTP/1.1, content: EmptyByteBufBE)
GET /session/378c654433dc21dab6f29fe3c4fcf536/alert/text HTTP/1.1
User-Agent: selenium/4.7.1 (java windows)
Cache-Control: no-cache
Content-Type: application/json; charset=utf-8
host: localhost:30762
accept: */*

Response DefaultHttpResponse(decodeResult: success, version: HTTP/1.1)
HTTP/1.1 404 Not Found
Content-Type: application/json; charset=utf-8
cache-control: no-cache
content-length: 821

14:41:20.747 [AsyncHttpClient-1-14] DEBUG org.asynchttpclient.netty.channel.ChannelManager - Adding key: http://localhost:30762 for channel [id: 0x14f829da, L:/127.0.0.1:65324 - R:localhost/127.0.0.1:30762]
14:41:20.747 [Forwarding switchToWindow on session 378c654433dc21dab6f29fe3c4fcf536 to remote] DEBUG org.asynchttpclient.netty.request.NettyRequestSender - Using pooled Channel '[id: 0x14f829da, L:/127.0.0.1:65324 - R:localhost/127.0.0.1:30762]' for 'POST' to 'http://localhost:30762/session/378c654433dc21dab6f29fe3c4fcf536/window'
14:41:20.747 [Forwarding switchToWindow on session 378c654433dc21dab6f29fe3c4fcf536 to remote] DEBUG org.asynchttpclient.netty.request.NettyRequestSender - Using open Channel [id: 0x14f829da, L:/127.0.0.1:65324 - R:localhost/127.0.0.1:30762] for POST '/session/378c654433dc21dab6f29fe3c4fcf536/window'
14:41:20.755 [AsyncHttpClient-1-14] DEBUG org.asynchttpclient.netty.handler.HttpHandler - 

Request DefaultHttpRequest(decodeResult: success, version: HTTP/1.1)
POST /session/378c654433dc21dab6f29fe3c4fcf536/window HTTP/1.1
User-Agent: selenium/4.7.1 (java windows)
Content-Length: 50
Content-Type: application/json; charset=utf-8
host: localhost:30762
accept: */*

Response DefaultHttpResponse(decodeResult: success, version: HTTP/1.1)
HTTP/1.1 200 OK
Content-Type: application/json; charset=utf-8
cache-control: no-cache
content-length: 14

14:41:20.755 [AsyncHttpClient-1-14] DEBUG org.asynchttpclient.netty.channel.ChannelManager - Adding key: http://localhost:30762 for channel [id: 0x14f829da, L:/127.0.0.1:65324 - R:localhost/127.0.0.1:30762]
14:41:20.755 [Forwarding getCurrentUrl on session 378c654433dc21dab6f29fe3c4fcf536 to remote] DEBUG org.asynchttpclient.netty.request.NettyRequestSender - Using pooled Channel '[id: 0x14f829da, L:/127.0.0.1:65324 - R:localhost/127.0.0.1:30762]' for 'GET' to 'http://localhost:30762/session/378c654433dc21dab6f29fe3c4fcf536/url'
14:41:20.755 [Forwarding getCurrentUrl on session 378c654433dc21dab6f29fe3c4fcf536 to remote] DEBUG org.asynchttpclient.netty.request.NettyRequestSender - Using open Channel [id: 0x14f829da, L:/127.0.0.1:65324 - R:localhost/127.0.0.1:30762] for GET '/session/378c654433dc21dab6f29fe3c4fcf536/url'
14:41:20.763 [AsyncHttpClient-1-14] DEBUG org.asynchttpclient.netty.handler.HttpHandler - 

Request DefaultFullHttpRequest(decodeResult: success, version: HTTP/1.1, content: EmptyByteBufBE)
GET /session/378c654433dc21dab6f29fe3c4fcf536/url HTTP/1.1
User-Agent: selenium/4.7.1 (java windows)
Cache-Control: no-cache
Content-Type: application/json; charset=utf-8
host: localhost:30762
accept: */*

Response DefaultHttpResponse(decodeResult: success, version: HTTP/1.1)
HTTP/1.1 200 OK
Content-Type: application/json; charset=utf-8
cache-control: no-cache
content-length: 58

14:41:20.763 [AsyncHttpClient-1-14] DEBUG org.asynchttpclient.netty.channel.ChannelManager - Adding key: http://localhost:30762 for channel [id: 0x14f829da, L:/127.0.0.1:65324 - R:localhost/127.0.0.1:30762]
14:41:20.763 [Forwarding screenshot on session 378c654433dc21dab6f29fe3c4fcf536 to remote] DEBUG org.asynchttpclient.netty.request.NettyRequestSender - Using pooled Channel '[id: 0x14f829da, L:/127.0.0.1:65324 - R:localhost/127.0.0.1:30762]' for 'GET' to 'http://localhost:30762/session/378c654433dc21dab6f29fe3c4fcf536/screenshot'
14:41:20.763 [Forwarding screenshot on session 378c654433dc21dab6f29fe3c4fcf536 to remote] DEBUG org.asynchttpclient.netty.request.NettyRequestSender - Using open Channel [id: 0x14f829da, L:/127.0.0.1:65324 - R:localhost/127.0.0.1:30762] for GET '/session/378c654433dc21dab6f29fe3c4fcf536/screenshot'
14:41:20.899 [AsyncHttpClient-1-14] DEBUG org.asynchttpclient.netty.handler.HttpHandler - 

Request DefaultFullHttpRequest(decodeResult: success, version: HTTP/1.1, content: EmptyByteBufBE)
GET /session/378c654433dc21dab6f29fe3c4fcf536/screenshot HTTP/1.1
User-Agent: selenium/4.7.1 (java windows)
Cache-Control: no-cache
Content-Type: application/json; charset=utf-8
host: localhost:30762
accept: */*

Response DefaultHttpResponse(decodeResult: success, version: HTTP/1.1)
HTTP/1.1 200 OK
Content-Type: application/json; charset=utf-8
cache-control: no-cache
content-length: 60312

14:41:20.899 [AsyncHttpClient-1-14] DEBUG org.asynchttpclient.netty.channel.ChannelManager - Adding key: http://localhost:30762 for channel [id: 0x14f829da, L:/127.0.0.1:65324 - R:localhost/127.0.0.1:30762]
14:41:20.899 [main] DEBUG net.serenitybdd.core.photography.Darkroom - Send negative for processing for target\site\serenity\424c981a55518da60fb9fe86d3fcc2c1ed594d524939e3a23bbbc3ca64c34604.png
14:41:20.899 [main] DEBUG net.thucydides.core.steps.StepInterceptor - STEP DONE: entercariPDAM
  &amp#27;[32mAnd &amp#27;[0m&amp#27;[32mAdmin klik enter pada field cari PDAM dan terlihat hasil pencarian&amp#27;[0m &amp#27;[90m# starter.stepdefinitions.PDAMSteps.adminKlikEnterPadaFieldCariPDAMDanTerlihatHasilPencarian()&amp#27;[0m
14:41:20.907 [main] INFO  - 
  _____   ___   ___   _____     ___     _     ___   ___   ___   ___  
 |_   _| | __| / __| |_   _|   | _ \   /_\   / __| / __| | __| |   \ 
   | |   | _|  \__ \   | |     |  _/  / _ \  \__ \ \__ \ | _|  | |) |
   |_|   |___| |___/   |_|     |_|   /_/ \_\ |___/ |___/ |___| |___/ 

Admin berhasil menggunakan fitur pencarian PDAM
----------------------------------------------------------------------
14:41:20.915 [AsyncHttpClient-1-16] DEBUG org.asynchttpclient.netty.handler.WebSocketHandler - Channel Closed: [id: 0x94106add, L:/127.0.0.1:65333 ! R:localhost/127.0.0.1:65325] with attribute NettyResponseFuture{currentRetry=0,
	isDone=1,
	isCancelled=0,
	asyncHandler=org.asynchttpclient.ws.WebSocketUpgradeHandler@a2692f,
	nettyRequest=org.asynchttpclient.netty.request.NettyRequest@45a0e75f,
	future=java.util.concurrent.CompletableFuture@1fb25d4e[Completed normally],
	uri=ws://localhost:65325/devtools/browser/3069c66b-58e4-4803-bd19-f6fc9ce75875,
	keepAlive=true,
	redirectCount=0,
	timeoutsHolder=null,
	inAuth=0,
	touch=1687074074619}
14:41:20.915 [AsyncHttpClient-1-16] DEBUG org.asynchttpclient.netty.channel.ChannelManager - Closing Channel [id: 0x94106add, L:/127.0.0.1:65333 ! R:localhost/127.0.0.1:65325] 
14:41:20.915 [Driver Command Executor] DEBUG org.asynchttpclient.netty.request.NettyRequestSender - Using pooled Channel '[id: 0x14f829da, L:/127.0.0.1:65324 - R:localhost/127.0.0.1:30762]' for 'DELETE' to 'http://localhost:30762/session/378c654433dc21dab6f29fe3c4fcf536'
14:41:20.915 [Driver Command Executor] DEBUG org.asynchttpclient.netty.request.NettyRequestSender - Using open Channel [id: 0x14f829da, L:/127.0.0.1:65324 - R:localhost/127.0.0.1:30762] for DELETE '/session/378c654433dc21dab6f29fe3c4fcf536'
14:41:21.035 [AsyncHttpClient-1-15] DEBUG org.asynchttpclient.netty.handler.HttpHandler - Unexpected I/O exception on channel [id: 0x859496f9, L:/127.0.0.1:65332 - R:localhost/127.0.0.1:65325]
java.net.SocketException: Connection reset
	at java.base/sun.nio.ch.SocketChannelImpl.throwConnectionReset(SocketChannelImpl.java:401)
	at java.base/sun.nio.ch.SocketChannelImpl.read(SocketChannelImpl.java:434)
	at io.netty.buffer.PooledByteBuf.setBytes(PooledByteBuf.java:259)
	at io.netty.buffer.AbstractByteBuf.writeBytes(AbstractByteBuf.java:1132)
	at io.netty.channel.socket.nio.NioSocketChannel.doReadBytes(NioSocketChannel.java:357)
	at io.netty.channel.nio.AbstractNioByteChannel$NioByteUnsafe.read(AbstractNioByteChannel.java:151)
	at io.netty.channel.nio.NioEventLoop.processSelectedKey(NioEventLoop.java:788)
	at io.netty.channel.nio.NioEventLoop.processSelectedKeysOptimized(NioEventLoop.java:724)
	at io.netty.channel.nio.NioEventLoop.processSelectedKeys(NioEventLoop.java:650)
	at io.netty.channel.nio.NioEventLoop.run(NioEventLoop.java:562)
	at io.netty.util.concurrent.SingleThreadEventExecutor$4.run(SingleThreadEventExecutor.java:997)
	at io.netty.util.internal.ThreadExecutorMap$2.run(ThreadExecutorMap.java:74)
	at io.netty.util.concurrent.FastThreadLocalRunnable.run(FastThreadLocalRunnable.java:30)
	at java.base/java.lang.Thread.run(Thread.java:1589)
14:41:21.035 [AsyncHttpClient-1-15] DEBUG org.asynchttpclient.netty.channel.ChannelManager - Closing Channel [id: 0x859496f9, L:/127.0.0.1:65332 - R:localhost/127.0.0.1:65325] 
14:41:21.035 [AsyncHttpClient-1-15] DEBUG org.asynchttpclient.netty.handler.HttpHandler - Channel Closed: [id: 0x859496f9, L:/127.0.0.1:65332 ! R:localhost/127.0.0.1:65325] with attribute DISCARD
14:41:21.107 [AsyncHttpClient-1-14] DEBUG org.asynchttpclient.netty.handler.HttpHandler - 

Request DefaultFullHttpRequest(decodeResult: success, version: HTTP/1.1, content: EmptyByteBufBE)
DELETE /session/378c654433dc21dab6f29fe3c4fcf536 HTTP/1.1
User-Agent: selenium/4.7.1 (java windows)
Content-Type: application/json; charset=utf-8
host: localhost:30762
accept: */*

Response DefaultHttpResponse(decodeResult: success, version: HTTP/1.1)
HTTP/1.1 200 OK
Content-Type: application/json; charset=utf-8
cache-control: no-cache
content-length: 14

14:41:21.107 [AsyncHttpClient-1-14] DEBUG org.asynchttpclient.netty.channel.ChannelManager - Adding key: http://localhost:30762 for channel [id: 0x14f829da, L:/127.0.0.1:65324 - R:localhost/127.0.0.1:30762]
14:41:21.179 [AsyncHttpClient-1-14] DEBUG org.asynchttpclient.netty.handler.HttpHandler - Channel Closed: [id: 0x14f829da, L:/127.0.0.1:65324 ! R:localhost/127.0.0.1:30762] with attribute DISCARD
]]></system-out>
    <system-err><![CDATA[Starting ChromeDriver 114.0.5735.90 (386bc09e8f4f2e025eddae123f36f6263096ae49-refs/branch-heads/5735@{#1052}) on port 30762
Only local connections are allowed.
Please see https://chromedriver.chromium.org/security-considerations for suggestions on keeping ChromeDriver safe.
ChromeDriver was started successfully.
Jun 18, 2023 2:41:14 PM org.openqa.selenium.devtools.CdpVersionFinder findNearestMatch
WARNING: Unable to find CDP implementation matching 114
Jun 18, 2023 2:41:14 PM org.openqa.selenium.chromium.ChromiumDriver lambda$new$3
WARNING: Unable to find version of CDP to use for . You may need to include a dependency on a specific version of the CDP using something similar to `org.seleniumhq.selenium:selenium-devtools-v86:4.7.1` where the version ("v86") matches the version of the chromium-based browser you're using and the version number of the artifact is the same as Selenium's.
]]></system-err>
  </testcase>
  <testcase name="Admin ingin mengubah nama jenis PDAM" classname="PDAM" time="36.042">
    <error type="org.openqa.selenium.ElementNotInteractableException"><![CDATA[org.openqa.selenium.ElementNotInteractableException: 
element not interactable
  (Session info: chrome=114.0.5735.134)
Build info: version: '4.7.1', revision: 'c6795baf1a3'
System info: os.name: 'Windows 11', os.arch: 'amd64', os.version: '10.0', java.version: '19.0.2'
Driver info: org.openqa.selenium.chrome.ChromeDriver
Command: [baad0bf8953d3698db391a7e3a449831, clickElement {id=ABAE5BD7819AA04C86EE445891664D9B_element_64}]
Capabilities {acceptInsecureCerts: true, browserName: chrome, browserVersion: 114.0.5735.134, chrome: {chromedriverVersion: 114.0.5735.90 (386bc09e8f4f..., userDataDir: C:\Users\HP\AppData\Local\T...}, goog:chromeOptions: {debuggerAddress: localhost:65358}, networkConnectionEnabled: false, pageLoadStrategy: normal, platformName: WINDOWS, proxy: Proxy(), se:cdp: ws://localhost:65358/devtoo..., se:cdpVersion: 114.0.5735.134, setWindowRect: true, strictFileInteractability: false, timeouts: {implicit: 0, pageLoad: 300000, script: 30000}, unhandledPromptBehavior: dismiss and notify, webauthn:extension:credBlob: true, webauthn:extension:largeBlob: true, webauthn:extension:minPinLength: true, webauthn:extension:prf: true, webauthn:virtualAuthenticators: true}
Element: [[ChromeDriver: chrome on WINDOWS (baad0bf8953d3698db391a7e3a449831)] -> xpath: /html[1]/body[1]/div[1]/div[1]/div[1]/div[1]/div[1]/div[2]/div[1]/div[2]/table[1]/tbody[1]/tr[1]/td[4]/a[1]/*[name()='svg'][1]]
Session ID: baad0bf8953d3698db391a7e3a449831
]]></error>
    <system-out><![CDATA[
@PDAM-06
Scenario: Admin ingin mengubah nama jenis PDAM               &amp#27;[90m# src/test/resources/features/PDAM.feature:57&amp#27;[0m
14:41:21.239 [main] INFO io.cucumber.core.plugin.SerenityReporter - Running feature from file:///C:/Dev/CapstoneProjectBaru/SKUYPAY%20WEB%20AUTOMATION/src/test/resources/features/PDAM.feature
14:41:21.239 [main] INFO  - 
  _____   ___   ___   _____     ___   _____     _     ___   _____   ___   ___  
 |_   _| | __| / __| |_   _|   / __| |_   _|   /_\   | _ \ |_   _| | __| |   \ 
   | |   | _|  \__ \   | |     \__ \   | |    / _ \  |   /   | |   | _|  | |) |
   |_|   |___| |___/   |_|     |___/   |_|   /_/ \_\ |_|_\   |_|   |___| |___/ 

Admin ingin mengubah nama jenis PDAM(pdam;admin-ingin-mengubah-nama-jenis-pdam)
--------------------------------------------------------------------------------
14:41:21.269 [main] DEBUG net.thucydides.core.steps.StepInterceptor - STARTING STEP: TransaksiSteps.adminMelakukanLoginAkun - diHomepageSkuyPay
14:41:21.373 [main] INFO net.serenitybdd.core.webdriver.driverproviders.ChromeDriverProvider - Starting Chrome driver instance with capabilities:
14:41:21.373 [main] INFO net.serenitybdd.core.webdriver.driverproviders.ChromeDriverProvider - Capabilities {acceptInsecureCerts: true, browserName: chrome, goog:chromeOptions: {args: [remote-allow-origins=*, test-type, no-sandbox, ignore-certificate-errors, start-maximized, incognito, disable-infobars, disable-gpu, disable-default-apps, disable-popup-blocking, remote-allow-origins=*, test-type, no-sandbox, ignore-certificate-errors, start-maximized, incognito, disable-infobars, disable-gpu, disable-default-apps, disable-popup-blocking], extensions: []}}
14:41:21.539 [AsyncHttpClient-1-17] DEBUG org.asynchttpclient.netty.channel.NettyConnectListener - Using new Channel '[id: 0x48d1b6d7, L:/127.0.0.1:65357 - R:localhost/127.0.0.1:33871]' for 'POST' to '/session'
14:41:21.795 [AsyncHttpClient-1-1] DEBUG org.asynchttpclient.netty.channel.DefaultChannelPool - Entry count for : http://localhost:30762 : 1
14:41:21.795 [AsyncHttpClient-1-1] DEBUG org.asynchttpclient.netty.channel.DefaultChannelPool - Entry count for : http://localhost:65325 : 1
14:41:21.795 [AsyncHttpClient-1-1] DEBUG org.asynchttpclient.netty.channel.DefaultChannelPool - Adding Candidate expired Channel [id: 0x14f829da, L:/127.0.0.1:65324 ! R:localhost/127.0.0.1:30762] isIdleTimeoutExpired=false isRemotelyClosed=true isTtlExpired=false
14:41:21.795 [AsyncHttpClient-1-1] DEBUG org.asynchttpclient.netty.channel.DefaultChannelPool - Closing Idle Channel [id: 0x14f829da, L:/127.0.0.1:65324 ! R:localhost/127.0.0.1:30762]
14:41:21.795 [AsyncHttpClient-1-1] DEBUG org.asynchttpclient.netty.channel.DefaultChannelPool - Adding Candidate expired Channel [id: 0x859496f9, L:/127.0.0.1:65332 ! R:localhost/127.0.0.1:65325] isIdleTimeoutExpired=false isRemotelyClosed=true isTtlExpired=false
14:41:21.795 [AsyncHttpClient-1-1] DEBUG org.asynchttpclient.netty.channel.DefaultChannelPool - Closing Idle Channel [id: 0x859496f9, L:/127.0.0.1:65332 ! R:localhost/127.0.0.1:65325]
14:41:21.795 [AsyncHttpClient-1-1] DEBUG org.asynchttpclient.netty.channel.DefaultChannelPool - Closed 2 connections out of 2 in 0 ms
14:41:23.592 [AsyncHttpClient-1-17] DEBUG org.asynchttpclient.netty.handler.HttpHandler - 

Request DefaultHttpRequest(decodeResult: success, version: HTTP/1.1)
POST /session HTTP/1.1
User-Agent: selenium/4.7.1 (java windows)
Content-Length: 1629
Content-Type: application/json; charset=utf-8
host: localhost:33871
accept: */*

Response DefaultHttpResponse(decodeResult: success, version: HTTP/1.1)
HTTP/1.1 200 OK
Content-Type: application/json; charset=utf-8
cache-control: no-cache
content-length: 856

14:41:23.592 [AsyncHttpClient-1-17] DEBUG org.asynchttpclient.netty.channel.ChannelManager - Adding key: http://localhost:33871 for channel [id: 0x48d1b6d7, L:/127.0.0.1:65357 - R:localhost/127.0.0.1:33871]
14:41:23.600 [AsyncHttpClient-1-2] DEBUG org.asynchttpclient.netty.channel.NettyConnectListener - Using new Channel '[id: 0x7db19a00, L:/127.0.0.1:65365 - R:localhost/127.0.0.1:65358]' for 'GET' to '/json/version'
14:41:23.600 [AsyncHttpClient-1-2] DEBUG org.asynchttpclient.netty.handler.HttpHandler - 

Request DefaultFullHttpRequest(decodeResult: success, version: HTTP/1.1, content: EmptyByteBufBE)
GET /json/version HTTP/1.1
User-Agent: selenium/4.7.1 (java windows)
host: localhost:65358
accept: */*

Response DefaultHttpResponse(decodeResult: success, version: HTTP/1.1)
HTTP/1.1 200 OK
Content-Security-Policy: frame-ancestors 'none'
Content-Type: application/json; charset=UTF-8
content-length: 424

14:41:23.600 [AsyncHttpClient-1-2] DEBUG org.asynchttpclient.netty.channel.ChannelManager - Adding key: http://localhost:65358 for channel [id: 0x7db19a00, L:/127.0.0.1:65365 - R:localhost/127.0.0.1:65358]
14:41:23.608 [AsyncHttpClient-1-3] DEBUG org.asynchttpclient.netty.channel.NettyConnectListener - Using new Channel '[id: 0xee9e200b, L:/127.0.0.1:65366 - R:localhost/127.0.0.1:65358]' for 'GET' to '/devtools/browser/2097616d-4ef8-4ee8-be8a-e1eb5503d4f6'
14:41:23.608 [AsyncHttpClient-1-3] DEBUG org.asynchttpclient.netty.handler.WebSocketHandler - 

Request DefaultFullHttpRequest(decodeResult: success, version: HTTP/1.1, content: EmptyByteBufBE)
GET /devtools/browser/2097616d-4ef8-4ee8-be8a-e1eb5503d4f6 HTTP/1.1
upgrade: websocket
connection: upgrade
sec-websocket-key: EYb4kbQIy9uHQxepXIiygg==
sec-websocket-version: 13
origin: http://localhost:65358
host: localhost:65358
accept: */*
user-agent: AHC/2.1

Response DefaultHttpResponse(decodeResult: success, version: HTTP/1.1)
HTTP/1.1 101 WebSocket Protocol Handshake
Upgrade: WebSocket
Connection: Upgrade
Sec-WebSocket-Accept: 5kFxdrKEhw/XoDGmo6jjhPm8oR8=

14:41:23.616 [Forwarding get on session baad0bf8953d3698db391a7e3a449831 to remote] DEBUG org.asynchttpclient.netty.request.NettyRequestSender - Using pooled Channel '[id: 0x48d1b6d7, L:/127.0.0.1:65357 - R:localhost/127.0.0.1:33871]' for 'POST' to 'http://localhost:33871/session/baad0bf8953d3698db391a7e3a449831/url'
14:41:23.616 [Forwarding get on session baad0bf8953d3698db391a7e3a449831 to remote] DEBUG org.asynchttpclient.netty.request.NettyRequestSender - Using open Channel [id: 0x48d1b6d7, L:/127.0.0.1:65357 - R:localhost/127.0.0.1:33871] for POST '/session/baad0bf8953d3698db391a7e3a449831/url'
14:41:24.003 [AsyncHttpClient-1-1] DEBUG org.asynchttpclient.netty.channel.DefaultChannelPool - Entry count for : http://localhost:65358 : 1
14:41:24.954 [AsyncHttpClient-1-17] DEBUG org.asynchttpclient.netty.handler.HttpHandler - 

Request DefaultHttpRequest(decodeResult: success, version: HTTP/1.1)
POST /session/baad0bf8953d3698db391a7e3a449831/url HTTP/1.1
User-Agent: selenium/4.7.1 (java windows)
Content-Length: 69
Content-Type: application/json; charset=utf-8
host: localhost:33871
accept: */*

Response DefaultHttpResponse(decodeResult: success, version: HTTP/1.1)
HTTP/1.1 200 OK
Content-Type: application/json; charset=utf-8
cache-control: no-cache
content-length: 14

14:41:24.954 [AsyncHttpClient-1-17] DEBUG org.asynchttpclient.netty.channel.ChannelManager - Adding key: http://localhost:33871 for channel [id: 0x48d1b6d7, L:/127.0.0.1:65357 - R:localhost/127.0.0.1:33871]
14:41:24.954 [Forwarding setTimeout on session baad0bf8953d3698db391a7e3a449831 to remote] DEBUG org.asynchttpclient.netty.request.NettyRequestSender - Using pooled Channel '[id: 0x48d1b6d7, L:/127.0.0.1:65357 - R:localhost/127.0.0.1:33871]' for 'POST' to 'http://localhost:33871/session/baad0bf8953d3698db391a7e3a449831/timeouts'
14:41:24.954 [Forwarding setTimeout on session baad0bf8953d3698db391a7e3a449831 to remote] DEBUG org.asynchttpclient.netty.request.NettyRequestSender - Using open Channel [id: 0x48d1b6d7, L:/127.0.0.1:65357 - R:localhost/127.0.0.1:33871] for POST '/session/baad0bf8953d3698db391a7e3a449831/timeouts'
14:41:24.954 [AsyncHttpClient-1-17] DEBUG org.asynchttpclient.netty.handler.HttpHandler - 

Request DefaultHttpRequest(decodeResult: success, version: HTTP/1.1)
POST /session/baad0bf8953d3698db391a7e3a449831/timeouts HTTP/1.1
User-Agent: selenium/4.7.1 (java windows)
Content-Length: 22
Content-Type: application/json; charset=utf-8
host: localhost:33871
accept: */*

Response DefaultHttpResponse(decodeResult: success, version: HTTP/1.1)
HTTP/1.1 200 OK
Content-Type: application/json; charset=utf-8
cache-control: no-cache
content-length: 14

14:41:24.954 [AsyncHttpClient-1-17] DEBUG org.asynchttpclient.netty.channel.ChannelManager - Adding key: http://localhost:33871 for channel [id: 0x48d1b6d7, L:/127.0.0.1:65357 - R:localhost/127.0.0.1:33871]
14:41:24.962 [Forwarding getCurrentUrl on session baad0bf8953d3698db391a7e3a449831 to remote] DEBUG org.asynchttpclient.netty.request.NettyRequestSender - Using pooled Channel '[id: 0x48d1b6d7, L:/127.0.0.1:65357 - R:localhost/127.0.0.1:33871]' for 'GET' to 'http://localhost:33871/session/baad0bf8953d3698db391a7e3a449831/url'
14:41:24.962 [Forwarding getCurrentUrl on session baad0bf8953d3698db391a7e3a449831 to remote] DEBUG org.asynchttpclient.netty.request.NettyRequestSender - Using open Channel [id: 0x48d1b6d7, L:/127.0.0.1:65357 - R:localhost/127.0.0.1:33871] for GET '/session/baad0bf8953d3698db391a7e3a449831/url'
14:41:24.978 [AsyncHttpClient-1-17] DEBUG org.asynchttpclient.netty.handler.HttpHandler - 

Request DefaultFullHttpRequest(decodeResult: success, version: HTTP/1.1, content: EmptyByteBufBE)
GET /session/baad0bf8953d3698db391a7e3a449831/url HTTP/1.1
User-Agent: selenium/4.7.1 (java windows)
Cache-Control: no-cache
Content-Type: application/json; charset=utf-8
host: localhost:33871
accept: */*

Response DefaultHttpResponse(decodeResult: success, version: HTTP/1.1)
HTTP/1.1 200 OK
Content-Type: application/json; charset=utf-8
cache-control: no-cache
content-length: 51

14:41:24.978 [AsyncHttpClient-1-17] DEBUG org.asynchttpclient.netty.channel.ChannelManager - Adding key: http://localhost:33871 for channel [id: 0x48d1b6d7, L:/127.0.0.1:65357 - R:localhost/127.0.0.1:33871]
14:41:24.986 [Forwarding getCurrentUrl on session baad0bf8953d3698db391a7e3a449831 to remote] DEBUG org.asynchttpclient.netty.request.NettyRequestSender - Using pooled Channel '[id: 0x48d1b6d7, L:/127.0.0.1:65357 - R:localhost/127.0.0.1:33871]' for 'GET' to 'http://localhost:33871/session/baad0bf8953d3698db391a7e3a449831/url'
14:41:24.986 [Forwarding getCurrentUrl on session baad0bf8953d3698db391a7e3a449831 to remote] DEBUG org.asynchttpclient.netty.request.NettyRequestSender - Using open Channel [id: 0x48d1b6d7, L:/127.0.0.1:65357 - R:localhost/127.0.0.1:33871] for GET '/session/baad0bf8953d3698db391a7e3a449831/url'
14:41:24.994 [AsyncHttpClient-1-17] DEBUG org.asynchttpclient.netty.handler.HttpHandler - 

Request DefaultFullHttpRequest(decodeResult: success, version: HTTP/1.1, content: EmptyByteBufBE)
GET /session/baad0bf8953d3698db391a7e3a449831/url HTTP/1.1
User-Agent: selenium/4.7.1 (java windows)
Cache-Control: no-cache
Content-Type: application/json; charset=utf-8
host: localhost:33871
accept: */*

Response DefaultHttpResponse(decodeResult: success, version: HTTP/1.1)
HTTP/1.1 200 OK
Content-Type: application/json; charset=utf-8
cache-control: no-cache
content-length: 51

14:41:24.994 [AsyncHttpClient-1-17] DEBUG org.asynchttpclient.netty.channel.ChannelManager - Adding key: http://localhost:33871 for channel [id: 0x48d1b6d7, L:/127.0.0.1:65357 - R:localhost/127.0.0.1:33871]
14:41:25.002 [Forwarding findElement on session baad0bf8953d3698db391a7e3a449831 to remote] DEBUG org.asynchttpclient.netty.request.NettyRequestSender - Using pooled Channel '[id: 0x48d1b6d7, L:/127.0.0.1:65357 - R:localhost/127.0.0.1:33871]' for 'POST' to 'http://localhost:33871/session/baad0bf8953d3698db391a7e3a449831/element'
14:41:25.002 [Forwarding findElement on session baad0bf8953d3698db391a7e3a449831 to remote] DEBUG org.asynchttpclient.netty.request.NettyRequestSender - Using open Channel [id: 0x48d1b6d7, L:/127.0.0.1:65357 - R:localhost/127.0.0.1:33871] for POST '/session/baad0bf8953d3698db391a7e3a449831/element'
14:41:25.026 [AsyncHttpClient-1-17] DEBUG org.asynchttpclient.netty.handler.HttpHandler - 

Request DefaultHttpRequest(decodeResult: success, version: HTTP/1.1)
POST /session/baad0bf8953d3698db391a7e3a449831/element HTTP/1.1
User-Agent: selenium/4.7.1 (java windows)
Content-Length: 84
Content-Type: application/json; charset=utf-8
host: localhost:33871
accept: */*

Response DefaultHttpResponse(decodeResult: success, version: HTTP/1.1)
HTTP/1.1 200 OK
Content-Type: application/json; charset=utf-8
cache-control: no-cache
content-length: 94

14:41:25.030 [AsyncHttpClient-1-17] DEBUG org.asynchttpclient.netty.channel.ChannelManager - Adding key: http://localhost:33871 for channel [id: 0x48d1b6d7, L:/127.0.0.1:65357 - R:localhost/127.0.0.1:33871]
14:41:25.035 [Forwarding isElementDisplayed on session baad0bf8953d3698db391a7e3a449831 to remote] DEBUG org.asynchttpclient.netty.request.NettyRequestSender - Using pooled Channel '[id: 0x48d1b6d7, L:/127.0.0.1:65357 - R:localhost/127.0.0.1:33871]' for 'POST' to 'http://localhost:33871/session/baad0bf8953d3698db391a7e3a449831/execute/sync'
14:41:25.035 [Forwarding isElementDisplayed on session baad0bf8953d3698db391a7e3a449831 to remote] DEBUG org.asynchttpclient.netty.request.NettyRequestSender - Using open Channel [id: 0x48d1b6d7, L:/127.0.0.1:65357 - R:localhost/127.0.0.1:33871] for POST '/session/baad0bf8953d3698db391a7e3a449831/execute/sync'
14:41:25.058 [AsyncHttpClient-1-17] DEBUG org.asynchttpclient.netty.handler.HttpHandler - 

Request DefaultHttpRequest(decodeResult: success, version: HTTP/1.1)
POST /session/baad0bf8953d3698db391a7e3a449831/execute/sync HTTP/1.1
User-Agent: selenium/4.7.1 (java windows)
Content-Length: 48786
Content-Type: application/json; charset=utf-8
host: localhost:33871
accept: */*

Response DefaultHttpResponse(decodeResult: success, version: HTTP/1.1)
HTTP/1.1 200 OK
Content-Type: application/json; charset=utf-8
cache-control: no-cache
content-length: 14

14:41:25.058 [AsyncHttpClient-1-17] DEBUG org.asynchttpclient.netty.channel.ChannelManager - Adding key: http://localhost:33871 for channel [id: 0x48d1b6d7, L:/127.0.0.1:65357 - R:localhost/127.0.0.1:33871]
14:41:25.058 [Forwarding isElementDisplayed on session baad0bf8953d3698db391a7e3a449831 to remote] DEBUG org.asynchttpclient.netty.request.NettyRequestSender - Using pooled Channel '[id: 0x48d1b6d7, L:/127.0.0.1:65357 - R:localhost/127.0.0.1:33871]' for 'POST' to 'http://localhost:33871/session/baad0bf8953d3698db391a7e3a449831/execute/sync'
14:41:25.058 [Forwarding isElementDisplayed on session baad0bf8953d3698db391a7e3a449831 to remote] DEBUG org.asynchttpclient.netty.request.NettyRequestSender - Using open Channel [id: 0x48d1b6d7, L:/127.0.0.1:65357 - R:localhost/127.0.0.1:33871] for POST '/session/baad0bf8953d3698db391a7e3a449831/execute/sync'
14:41:25.082 [AsyncHttpClient-1-17] DEBUG org.asynchttpclient.netty.handler.HttpHandler - 

Request DefaultHttpRequest(decodeResult: success, version: HTTP/1.1)
POST /session/baad0bf8953d3698db391a7e3a449831/execute/sync HTTP/1.1
User-Agent: selenium/4.7.1 (java windows)
Content-Length: 48786
Content-Type: application/json; charset=utf-8
host: localhost:33871
accept: */*

Response DefaultHttpResponse(decodeResult: success, version: HTTP/1.1)
HTTP/1.1 200 OK
Content-Type: application/json; charset=utf-8
cache-control: no-cache
content-length: 14

14:41:25.082 [AsyncHttpClient-1-17] DEBUG org.asynchttpclient.netty.channel.ChannelManager - Adding key: http://localhost:33871 for channel [id: 0x48d1b6d7, L:/127.0.0.1:65357 - R:localhost/127.0.0.1:33871]
14:41:25.090 [AsyncHttpClient-1-1] DEBUG org.asynchttpclient.netty.channel.DefaultChannelPool - Entry count for : http://localhost:33871 : 1
14:41:25.090 [AsyncHttpClient-1-1] DEBUG org.asynchttpclient.netty.channel.DefaultChannelPool - Entry count for : http://localhost:65358 : 1
14:41:25.090 [Forwarding getCurrentWindowHandle on session baad0bf8953d3698db391a7e3a449831 to remote] DEBUG org.asynchttpclient.netty.request.NettyRequestSender - Using pooled Channel '[id: 0x48d1b6d7, L:/127.0.0.1:65357 - R:localhost/127.0.0.1:33871]' for 'GET' to 'http://localhost:33871/session/baad0bf8953d3698db391a7e3a449831/window'
14:41:25.090 [Forwarding getCurrentWindowHandle on session baad0bf8953d3698db391a7e3a449831 to remote] DEBUG org.asynchttpclient.netty.request.NettyRequestSender - Using open Channel [id: 0x48d1b6d7, L:/127.0.0.1:65357 - R:localhost/127.0.0.1:33871] for GET '/session/baad0bf8953d3698db391a7e3a449831/window'
14:41:25.090 [AsyncHttpClient-1-17] DEBUG org.asynchttpclient.netty.handler.HttpHandler - 

Request DefaultFullHttpRequest(decodeResult: success, version: HTTP/1.1, content: EmptyByteBufBE)
GET /session/baad0bf8953d3698db391a7e3a449831/window HTTP/1.1
User-Agent: selenium/4.7.1 (java windows)
Cache-Control: no-cache
Content-Type: application/json; charset=utf-8
host: localhost:33871
accept: */*

Response DefaultHttpResponse(decodeResult: success, version: HTTP/1.1)
HTTP/1.1 200 OK
Content-Type: application/json; charset=utf-8
cache-control: no-cache
content-length: 44

14:41:25.090 [AsyncHttpClient-1-17] DEBUG org.asynchttpclient.netty.channel.ChannelManager - Adding key: http://localhost:33871 for channel [id: 0x48d1b6d7, L:/127.0.0.1:65357 - R:localhost/127.0.0.1:33871]
14:41:25.098 [Forwarding getAlertText on session baad0bf8953d3698db391a7e3a449831 to remote] DEBUG org.asynchttpclient.netty.request.NettyRequestSender - Using pooled Channel '[id: 0x48d1b6d7, L:/127.0.0.1:65357 - R:localhost/127.0.0.1:33871]' for 'GET' to 'http://localhost:33871/session/baad0bf8953d3698db391a7e3a449831/alert/text'
14:41:25.098 [Forwarding getAlertText on session baad0bf8953d3698db391a7e3a449831 to remote] DEBUG org.asynchttpclient.netty.request.NettyRequestSender - Using open Channel [id: 0x48d1b6d7, L:/127.0.0.1:65357 - R:localhost/127.0.0.1:33871] for GET '/session/baad0bf8953d3698db391a7e3a449831/alert/text'
14:41:25.098 [AsyncHttpClient-1-17] DEBUG org.asynchttpclient.netty.handler.HttpHandler - 

Request DefaultFullHttpRequest(decodeResult: success, version: HTTP/1.1, content: EmptyByteBufBE)
GET /session/baad0bf8953d3698db391a7e3a449831/alert/text HTTP/1.1
User-Agent: selenium/4.7.1 (java windows)
Cache-Control: no-cache
Content-Type: application/json; charset=utf-8
host: localhost:33871
accept: */*

Response DefaultHttpResponse(decodeResult: success, version: HTTP/1.1)
HTTP/1.1 404 Not Found
Content-Type: application/json; charset=utf-8
cache-control: no-cache
content-length: 821

14:41:25.098 [AsyncHttpClient-1-17] DEBUG org.asynchttpclient.netty.channel.ChannelManager - Adding key: http://localhost:33871 for channel [id: 0x48d1b6d7, L:/127.0.0.1:65357 - R:localhost/127.0.0.1:33871]
14:41:25.098 [Forwarding switchToWindow on session baad0bf8953d3698db391a7e3a449831 to remote] DEBUG org.asynchttpclient.netty.request.NettyRequestSender - Using pooled Channel '[id: 0x48d1b6d7, L:/127.0.0.1:65357 - R:localhost/127.0.0.1:33871]' for 'POST' to 'http://localhost:33871/session/baad0bf8953d3698db391a7e3a449831/window'
14:41:25.098 [Forwarding switchToWindow on session baad0bf8953d3698db391a7e3a449831 to remote] DEBUG org.asynchttpclient.netty.request.NettyRequestSender - Using open Channel [id: 0x48d1b6d7, L:/127.0.0.1:65357 - R:localhost/127.0.0.1:33871] for POST '/session/baad0bf8953d3698db391a7e3a449831/window'
14:41:25.106 [AsyncHttpClient-1-17] DEBUG org.asynchttpclient.netty.handler.HttpHandler - 

Request DefaultHttpRequest(decodeResult: success, version: HTTP/1.1)
POST /session/baad0bf8953d3698db391a7e3a449831/window HTTP/1.1
User-Agent: selenium/4.7.1 (java windows)
Content-Length: 50
Content-Type: application/json; charset=utf-8
host: localhost:33871
accept: */*

Response DefaultHttpResponse(decodeResult: success, version: HTTP/1.1)
HTTP/1.1 200 OK
Content-Type: application/json; charset=utf-8
cache-control: no-cache
content-length: 14

14:41:25.106 [AsyncHttpClient-1-17] DEBUG org.asynchttpclient.netty.channel.ChannelManager - Adding key: http://localhost:33871 for channel [id: 0x48d1b6d7, L:/127.0.0.1:65357 - R:localhost/127.0.0.1:33871]
14:41:25.106 [Forwarding getCurrentUrl on session baad0bf8953d3698db391a7e3a449831 to remote] DEBUG org.asynchttpclient.netty.request.NettyRequestSender - Using pooled Channel '[id: 0x48d1b6d7, L:/127.0.0.1:65357 - R:localhost/127.0.0.1:33871]' for 'GET' to 'http://localhost:33871/session/baad0bf8953d3698db391a7e3a449831/url'
14:41:25.106 [Forwarding getCurrentUrl on session baad0bf8953d3698db391a7e3a449831 to remote] DEBUG org.asynchttpclient.netty.request.NettyRequestSender - Using open Channel [id: 0x48d1b6d7, L:/127.0.0.1:65357 - R:localhost/127.0.0.1:33871] for GET '/session/baad0bf8953d3698db391a7e3a449831/url'
14:41:25.114 [AsyncHttpClient-1-17] DEBUG org.asynchttpclient.netty.handler.HttpHandler - 

Request DefaultFullHttpRequest(decodeResult: success, version: HTTP/1.1, content: EmptyByteBufBE)
GET /session/baad0bf8953d3698db391a7e3a449831/url HTTP/1.1
User-Agent: selenium/4.7.1 (java windows)
Cache-Control: no-cache
Content-Type: application/json; charset=utf-8
host: localhost:33871
accept: */*

Response DefaultHttpResponse(decodeResult: success, version: HTTP/1.1)
HTTP/1.1 200 OK
Content-Type: application/json; charset=utf-8
cache-control: no-cache
content-length: 51

14:41:25.114 [AsyncHttpClient-1-17] DEBUG org.asynchttpclient.netty.channel.ChannelManager - Adding key: http://localhost:33871 for channel [id: 0x48d1b6d7, L:/127.0.0.1:65357 - R:localhost/127.0.0.1:33871]
14:41:25.114 [Forwarding screenshot on session baad0bf8953d3698db391a7e3a449831 to remote] DEBUG org.asynchttpclient.netty.request.NettyRequestSender - Using pooled Channel '[id: 0x48d1b6d7, L:/127.0.0.1:65357 - R:localhost/127.0.0.1:33871]' for 'GET' to 'http://localhost:33871/session/baad0bf8953d3698db391a7e3a449831/screenshot'
14:41:25.114 [Forwarding screenshot on session baad0bf8953d3698db391a7e3a449831 to remote] DEBUG org.asynchttpclient.netty.request.NettyRequestSender - Using open Channel [id: 0x48d1b6d7, L:/127.0.0.1:65357 - R:localhost/127.0.0.1:33871] for GET '/session/baad0bf8953d3698db391a7e3a449831/screenshot'
14:41:25.243 [AsyncHttpClient-1-17] DEBUG org.asynchttpclient.netty.handler.HttpHandler - 

Request DefaultFullHttpRequest(decodeResult: success, version: HTTP/1.1, content: EmptyByteBufBE)
GET /session/baad0bf8953d3698db391a7e3a449831/screenshot HTTP/1.1
User-Agent: selenium/4.7.1 (java windows)
Cache-Control: no-cache
Content-Type: application/json; charset=utf-8
host: localhost:33871
accept: */*

Response DefaultHttpResponse(decodeResult: success, version: HTTP/1.1)
HTTP/1.1 200 OK
Content-Type: application/json; charset=utf-8
cache-control: no-cache
content-length: 47356

14:41:25.243 [AsyncHttpClient-1-17] DEBUG org.asynchttpclient.netty.channel.ChannelManager - Adding key: http://localhost:33871 for channel [id: 0x48d1b6d7, L:/127.0.0.1:65357 - R:localhost/127.0.0.1:33871]
14:41:25.251 [main] DEBUG net.serenitybdd.core.photography.Darkroom - Send negative for processing for target\site\serenity\2aec4924a25522969e0665c790b17d57bc7bd646da7e40e9109bb0d324eb8c63.png
14:41:25.251 [main] DEBUG net.thucydides.core.steps.StepInterceptor - STEP DONE: diHomepageSkuyPay
14:41:25.251 [Darkroom Processing Line] DEBUG net.serenitybdd.core.photography.DarkroomProcessingLine - Processing screenshot image in /var/screenshots/screenshot-16150755565592037052
14:41:25.251 [Darkroom Processing Line] DEBUG net.serenitybdd.core.photography.DarkroomProcessingLine - Saving screenshot to target\site\serenity\2aec4924a25522969e0665c790b17d57bc7bd646da7e40e9109bb0d324eb8c63.png
14:41:25.256 [main] DEBUG net.thucydides.core.steps.StepInterceptor - STARTING STEP: TransaksiSteps.adminMelakukanLoginAkun - inputfieldemail
14:41:25.259 [Forwarding findElement on session baad0bf8953d3698db391a7e3a449831 to remote] DEBUG org.asynchttpclient.netty.request.NettyRequestSender - Using pooled Channel '[id: 0x48d1b6d7, L:/127.0.0.1:65357 - R:localhost/127.0.0.1:33871]' for 'POST' to 'http://localhost:33871/session/baad0bf8953d3698db391a7e3a449831/element'
14:41:25.259 [Forwarding findElement on session baad0bf8953d3698db391a7e3a449831 to remote] DEBUG org.asynchttpclient.netty.request.NettyRequestSender - Using open Channel [id: 0x48d1b6d7, L:/127.0.0.1:65357 - R:localhost/127.0.0.1:33871] for POST '/session/baad0bf8953d3698db391a7e3a449831/element'
14:41:25.267 [AsyncHttpClient-1-17] DEBUG org.asynchttpclient.netty.handler.HttpHandler - 

Request DefaultHttpRequest(decodeResult: success, version: HTTP/1.1)
POST /session/baad0bf8953d3698db391a7e3a449831/element HTTP/1.1
User-Agent: selenium/4.7.1 (java windows)
Content-Length: 84
Content-Type: application/json; charset=utf-8
host: localhost:33871
accept: */*

Response DefaultHttpResponse(decodeResult: success, version: HTTP/1.1)
HTTP/1.1 200 OK
Content-Type: application/json; charset=utf-8
cache-control: no-cache
content-length: 94

14:41:25.267 [AsyncHttpClient-1-17] DEBUG org.asynchttpclient.netty.channel.ChannelManager - Adding key: http://localhost:33871 for channel [id: 0x48d1b6d7, L:/127.0.0.1:65357 - R:localhost/127.0.0.1:33871]
14:41:25.267 [Forwarding getElementTagName on session baad0bf8953d3698db391a7e3a449831 to remote] DEBUG org.asynchttpclient.netty.request.NettyRequestSender - Using pooled Channel '[id: 0x48d1b6d7, L:/127.0.0.1:65357 - R:localhost/127.0.0.1:33871]' for 'GET' to 'http://localhost:33871/session/baad0bf8953d3698db391a7e3a449831/element/ABAE5BD7819AA04C86EE445891664D9B_element_7/name'
14:41:25.267 [Forwarding getElementTagName on session baad0bf8953d3698db391a7e3a449831 to remote] DEBUG org.asynchttpclient.netty.request.NettyRequestSender - Using open Channel [id: 0x48d1b6d7, L:/127.0.0.1:65357 - R:localhost/127.0.0.1:33871] for GET '/session/baad0bf8953d3698db391a7e3a449831/element/ABAE5BD7819AA04C86EE445891664D9B_element_7/name'
14:41:25.275 [AsyncHttpClient-1-17] DEBUG org.asynchttpclient.netty.handler.HttpHandler - 

Request DefaultFullHttpRequest(decodeResult: success, version: HTTP/1.1, content: EmptyByteBufBE)
GET /session/baad0bf8953d3698db391a7e3a449831/element/ABAE5BD7819AA04C86EE445891664D9B_element_7/name HTTP/1.1
User-Agent: selenium/4.7.1 (java windows)
Cache-Control: no-cache
Content-Type: application/json; charset=utf-8
host: localhost:33871
accept: */*

Response DefaultHttpResponse(decodeResult: success, version: HTTP/1.1)
HTTP/1.1 200 OK
Content-Type: application/json; charset=utf-8
cache-control: no-cache
content-length: 17

14:41:25.275 [AsyncHttpClient-1-17] DEBUG org.asynchttpclient.netty.channel.ChannelManager - Adding key: http://localhost:33871 for channel [id: 0x48d1b6d7, L:/127.0.0.1:65357 - R:localhost/127.0.0.1:33871]
14:41:25.283 [Forwarding getElementTagName on session baad0bf8953d3698db391a7e3a449831 to remote] DEBUG org.asynchttpclient.netty.request.NettyRequestSender - Using pooled Channel '[id: 0x48d1b6d7, L:/127.0.0.1:65357 - R:localhost/127.0.0.1:33871]' for 'GET' to 'http://localhost:33871/session/baad0bf8953d3698db391a7e3a449831/element/ABAE5BD7819AA04C86EE445891664D9B_element_7/name'
14:41:25.283 [Forwarding getElementTagName on session baad0bf8953d3698db391a7e3a449831 to remote] DEBUG org.asynchttpclient.netty.request.NettyRequestSender - Using open Channel [id: 0x48d1b6d7, L:/127.0.0.1:65357 - R:localhost/127.0.0.1:33871] for GET '/session/baad0bf8953d3698db391a7e3a449831/element/ABAE5BD7819AA04C86EE445891664D9B_element_7/name'
14:41:25.283 [AsyncHttpClient-1-17] DEBUG org.asynchttpclient.netty.handler.HttpHandler - 

Request DefaultFullHttpRequest(decodeResult: success, version: HTTP/1.1, content: EmptyByteBufBE)
GET /session/baad0bf8953d3698db391a7e3a449831/element/ABAE5BD7819AA04C86EE445891664D9B_element_7/name HTTP/1.1
User-Agent: selenium/4.7.1 (java windows)
Cache-Control: no-cache
Content-Type: application/json; charset=utf-8
host: localhost:33871
accept: */*

Response DefaultHttpResponse(decodeResult: success, version: HTTP/1.1)
HTTP/1.1 200 OK
Content-Type: application/json; charset=utf-8
cache-control: no-cache
content-length: 17

14:41:25.283 [AsyncHttpClient-1-17] DEBUG org.asynchttpclient.netty.channel.ChannelManager - Adding key: http://localhost:33871 for channel [id: 0x48d1b6d7, L:/127.0.0.1:65357 - R:localhost/127.0.0.1:33871]
14:41:25.291 [Forwarding isElementEnabled on session baad0bf8953d3698db391a7e3a449831 to remote] DEBUG org.asynchttpclient.netty.request.NettyRequestSender - Using pooled Channel '[id: 0x48d1b6d7, L:/127.0.0.1:65357 - R:localhost/127.0.0.1:33871]' for 'GET' to 'http://localhost:33871/session/baad0bf8953d3698db391a7e3a449831/element/ABAE5BD7819AA04C86EE445891664D9B_element_7/enabled'
14:41:25.291 [Forwarding isElementEnabled on session baad0bf8953d3698db391a7e3a449831 to remote] DEBUG org.asynchttpclient.netty.request.NettyRequestSender - Using open Channel [id: 0x48d1b6d7, L:/127.0.0.1:65357 - R:localhost/127.0.0.1:33871] for GET '/session/baad0bf8953d3698db391a7e3a449831/element/ABAE5BD7819AA04C86EE445891664D9B_element_7/enabled'
14:41:25.299 [AsyncHttpClient-1-17] DEBUG org.asynchttpclient.netty.handler.HttpHandler - 

Request DefaultFullHttpRequest(decodeResult: success, version: HTTP/1.1, content: EmptyByteBufBE)
GET /session/baad0bf8953d3698db391a7e3a449831/element/ABAE5BD7819AA04C86EE445891664D9B_element_7/enabled HTTP/1.1
User-Agent: selenium/4.7.1 (java windows)
Cache-Control: no-cache
Content-Type: application/json; charset=utf-8
host: localhost:33871
accept: */*

Response DefaultHttpResponse(decodeResult: success, version: HTTP/1.1)
HTTP/1.1 200 OK
Content-Type: application/json; charset=utf-8
cache-control: no-cache
content-length: 14

14:41:25.299 [AsyncHttpClient-1-17] DEBUG org.asynchttpclient.netty.channel.ChannelManager - Adding key: http://localhost:33871 for channel [id: 0x48d1b6d7, L:/127.0.0.1:65357 - R:localhost/127.0.0.1:33871]
14:41:25.299 [Forwarding isElementEnabled on session baad0bf8953d3698db391a7e3a449831 to remote] DEBUG org.asynchttpclient.netty.request.NettyRequestSender - Using pooled Channel '[id: 0x48d1b6d7, L:/127.0.0.1:65357 - R:localhost/127.0.0.1:33871]' for 'GET' to 'http://localhost:33871/session/baad0bf8953d3698db391a7e3a449831/element/ABAE5BD7819AA04C86EE445891664D9B_element_7/enabled'
14:41:25.299 [Forwarding isElementEnabled on session baad0bf8953d3698db391a7e3a449831 to remote] DEBUG org.asynchttpclient.netty.request.NettyRequestSender - Using open Channel [id: 0x48d1b6d7, L:/127.0.0.1:65357 - R:localhost/127.0.0.1:33871] for GET '/session/baad0bf8953d3698db391a7e3a449831/element/ABAE5BD7819AA04C86EE445891664D9B_element_7/enabled'
14:41:25.315 [AsyncHttpClient-1-17] DEBUG org.asynchttpclient.netty.handler.HttpHandler - 

Request DefaultFullHttpRequest(decodeResult: success, version: HTTP/1.1, content: EmptyByteBufBE)
GET /session/baad0bf8953d3698db391a7e3a449831/element/ABAE5BD7819AA04C86EE445891664D9B_element_7/enabled HTTP/1.1
User-Agent: selenium/4.7.1 (java windows)
Cache-Control: no-cache
Content-Type: application/json; charset=utf-8
host: localhost:33871
accept: */*

Response DefaultHttpResponse(decodeResult: success, version: HTTP/1.1)
HTTP/1.1 200 OK
Content-Type: application/json; charset=utf-8
cache-control: no-cache
content-length: 14

14:41:25.315 [AsyncHttpClient-1-17] DEBUG org.asynchttpclient.netty.channel.ChannelManager - Adding key: http://localhost:33871 for channel [id: 0x48d1b6d7, L:/127.0.0.1:65357 - R:localhost/127.0.0.1:33871]
14:41:25.315 [Forwarding findElement on session baad0bf8953d3698db391a7e3a449831 to remote] DEBUG org.asynchttpclient.netty.request.NettyRequestSender - Using pooled Channel '[id: 0x48d1b6d7, L:/127.0.0.1:65357 - R:localhost/127.0.0.1:33871]' for 'POST' to 'http://localhost:33871/session/baad0bf8953d3698db391a7e3a449831/element'
14:41:25.315 [Forwarding findElement on session baad0bf8953d3698db391a7e3a449831 to remote] DEBUG org.asynchttpclient.netty.request.NettyRequestSender - Using open Channel [id: 0x48d1b6d7, L:/127.0.0.1:65357 - R:localhost/127.0.0.1:33871] for POST '/session/baad0bf8953d3698db391a7e3a449831/element'
14:41:25.331 [AsyncHttpClient-1-17] DEBUG org.asynchttpclient.netty.handler.HttpHandler - 

Request DefaultHttpRequest(decodeResult: success, version: HTTP/1.1)
POST /session/baad0bf8953d3698db391a7e3a449831/element HTTP/1.1
User-Agent: selenium/4.7.1 (java windows)
Content-Length: 84
Content-Type: application/json; charset=utf-8
host: localhost:33871
accept: */*

Response DefaultHttpResponse(decodeResult: success, version: HTTP/1.1)
HTTP/1.1 200 OK
Content-Type: application/json; charset=utf-8
cache-control: no-cache
content-length: 94

14:41:25.331 [AsyncHttpClient-1-17] DEBUG org.asynchttpclient.netty.channel.ChannelManager - Adding key: http://localhost:33871 for channel [id: 0x48d1b6d7, L:/127.0.0.1:65357 - R:localhost/127.0.0.1:33871]
14:41:25.339 [Forwarding clickElement on session baad0bf8953d3698db391a7e3a449831 to remote] DEBUG org.asynchttpclient.netty.request.NettyRequestSender - Using pooled Channel '[id: 0x48d1b6d7, L:/127.0.0.1:65357 - R:localhost/127.0.0.1:33871]' for 'POST' to 'http://localhost:33871/session/baad0bf8953d3698db391a7e3a449831/element/ABAE5BD7819AA04C86EE445891664D9B_element_7/click'
14:41:25.339 [Forwarding clickElement on session baad0bf8953d3698db391a7e3a449831 to remote] DEBUG org.asynchttpclient.netty.request.NettyRequestSender - Using open Channel [id: 0x48d1b6d7, L:/127.0.0.1:65357 - R:localhost/127.0.0.1:33871] for POST '/session/baad0bf8953d3698db391a7e3a449831/element/ABAE5BD7819AA04C86EE445891664D9B_element_7/click'
14:41:25.467 [AsyncHttpClient-1-17] DEBUG org.asynchttpclient.netty.handler.HttpHandler - 

Request DefaultHttpRequest(decodeResult: success, version: HTTP/1.1)
POST /session/baad0bf8953d3698db391a7e3a449831/element/ABAE5BD7819AA04C86EE445891664D9B_element_7/click HTTP/1.1
User-Agent: selenium/4.7.1 (java windows)
Content-Length: 56
Content-Type: application/json; charset=utf-8
host: localhost:33871
accept: */*

Response DefaultHttpResponse(decodeResult: success, version: HTTP/1.1)
HTTP/1.1 200 OK
Content-Type: application/json; charset=utf-8
cache-control: no-cache
content-length: 14

14:41:25.467 [AsyncHttpClient-1-17] DEBUG org.asynchttpclient.netty.channel.ChannelManager - Adding key: http://localhost:33871 for channel [id: 0x48d1b6d7, L:/127.0.0.1:65357 - R:localhost/127.0.0.1:33871]
14:41:25.475 [Forwarding findElement on session baad0bf8953d3698db391a7e3a449831 to remote] DEBUG org.asynchttpclient.netty.request.NettyRequestSender - Using pooled Channel '[id: 0x48d1b6d7, L:/127.0.0.1:65357 - R:localhost/127.0.0.1:33871]' for 'POST' to 'http://localhost:33871/session/baad0bf8953d3698db391a7e3a449831/element'
14:41:25.475 [Forwarding findElement on session baad0bf8953d3698db391a7e3a449831 to remote] DEBUG org.asynchttpclient.netty.request.NettyRequestSender - Using open Channel [id: 0x48d1b6d7, L:/127.0.0.1:65357 - R:localhost/127.0.0.1:33871] for POST '/session/baad0bf8953d3698db391a7e3a449831/element'
14:41:25.491 [AsyncHttpClient-1-17] DEBUG org.asynchttpclient.netty.handler.HttpHandler - 

Request DefaultHttpRequest(decodeResult: success, version: HTTP/1.1)
POST /session/baad0bf8953d3698db391a7e3a449831/element HTTP/1.1
User-Agent: selenium/4.7.1 (java windows)
Content-Length: 84
Content-Type: application/json; charset=utf-8
host: localhost:33871
accept: */*

Response DefaultHttpResponse(decodeResult: success, version: HTTP/1.1)
HTTP/1.1 200 OK
Content-Type: application/json; charset=utf-8
cache-control: no-cache
content-length: 94

14:41:25.491 [AsyncHttpClient-1-17] DEBUG org.asynchttpclient.netty.channel.ChannelManager - Adding key: http://localhost:33871 for channel [id: 0x48d1b6d7, L:/127.0.0.1:65357 - R:localhost/127.0.0.1:33871]
14:41:25.491 [Forwarding clearElement on session baad0bf8953d3698db391a7e3a449831 to remote] DEBUG org.asynchttpclient.netty.request.NettyRequestSender - Using pooled Channel '[id: 0x48d1b6d7, L:/127.0.0.1:65357 - R:localhost/127.0.0.1:33871]' for 'POST' to 'http://localhost:33871/session/baad0bf8953d3698db391a7e3a449831/element/ABAE5BD7819AA04C86EE445891664D9B_element_7/clear'
14:41:25.491 [Forwarding clearElement on session baad0bf8953d3698db391a7e3a449831 to remote] DEBUG org.asynchttpclient.netty.request.NettyRequestSender - Using open Channel [id: 0x48d1b6d7, L:/127.0.0.1:65357 - R:localhost/127.0.0.1:33871] for POST '/session/baad0bf8953d3698db391a7e3a449831/element/ABAE5BD7819AA04C86EE445891664D9B_element_7/clear'
14:41:25.540 [AsyncHttpClient-1-17] DEBUG org.asynchttpclient.netty.handler.HttpHandler - 

Request DefaultHttpRequest(decodeResult: success, version: HTTP/1.1)
POST /session/baad0bf8953d3698db391a7e3a449831/element/ABAE5BD7819AA04C86EE445891664D9B_element_7/clear HTTP/1.1
User-Agent: selenium/4.7.1 (java windows)
Content-Length: 56
Content-Type: application/json; charset=utf-8
host: localhost:33871
accept: */*

Response DefaultHttpResponse(decodeResult: success, version: HTTP/1.1)
HTTP/1.1 200 OK
Content-Type: application/json; charset=utf-8
cache-control: no-cache
content-length: 14

14:41:25.540 [AsyncHttpClient-1-17] DEBUG org.asynchttpclient.netty.channel.ChannelManager - Adding key: http://localhost:33871 for channel [id: 0x48d1b6d7, L:/127.0.0.1:65357 - R:localhost/127.0.0.1:33871]
14:41:25.548 [Forwarding sendKeysToElement on session baad0bf8953d3698db391a7e3a449831 to remote] DEBUG org.asynchttpclient.netty.request.NettyRequestSender - Using pooled Channel '[id: 0x48d1b6d7, L:/127.0.0.1:65357 - R:localhost/127.0.0.1:33871]' for 'POST' to 'http://localhost:33871/session/baad0bf8953d3698db391a7e3a449831/element/ABAE5BD7819AA04C86EE445891664D9B_element_7/value'
14:41:25.548 [Forwarding sendKeysToElement on session baad0bf8953d3698db391a7e3a449831 to remote] DEBUG org.asynchttpclient.netty.request.NettyRequestSender - Using open Channel [id: 0x48d1b6d7, L:/127.0.0.1:65357 - R:localhost/127.0.0.1:33871] for POST '/session/baad0bf8953d3698db391a7e3a449831/element/ABAE5BD7819AA04C86EE445891664D9B_element_7/value'
14:41:25.708 [AsyncHttpClient-1-17] DEBUG org.asynchttpclient.netty.handler.HttpHandler - 

Request DefaultHttpRequest(decodeResult: success, version: HTTP/1.1)
POST /session/baad0bf8953d3698db391a7e3a449831/element/ABAE5BD7819AA04C86EE445891664D9B_element_7/value HTTP/1.1
User-Agent: selenium/4.7.1 (java windows)
Content-Length: 377
Content-Type: application/json; charset=utf-8
host: localhost:33871
accept: */*

Response DefaultHttpResponse(decodeResult: success, version: HTTP/1.1)
HTTP/1.1 200 OK
Content-Type: application/json; charset=utf-8
cache-control: no-cache
content-length: 14

14:41:25.708 [AsyncHttpClient-1-17] DEBUG org.asynchttpclient.netty.channel.ChannelManager - Adding key: http://localhost:33871 for channel [id: 0x48d1b6d7, L:/127.0.0.1:65357 - R:localhost/127.0.0.1:33871]
14:41:25.724 [Forwarding getCurrentWindowHandle on session baad0bf8953d3698db391a7e3a449831 to remote] DEBUG org.asynchttpclient.netty.request.NettyRequestSender - Using pooled Channel '[id: 0x48d1b6d7, L:/127.0.0.1:65357 - R:localhost/127.0.0.1:33871]' for 'GET' to 'http://localhost:33871/session/baad0bf8953d3698db391a7e3a449831/window'
14:41:25.724 [Forwarding getCurrentWindowHandle on session baad0bf8953d3698db391a7e3a449831 to remote] DEBUG org.asynchttpclient.netty.request.NettyRequestSender - Using open Channel [id: 0x48d1b6d7, L:/127.0.0.1:65357 - R:localhost/127.0.0.1:33871] for GET '/session/baad0bf8953d3698db391a7e3a449831/window'
14:41:25.724 [AsyncHttpClient-1-17] DEBUG org.asynchttpclient.netty.handler.HttpHandler - 

Request DefaultFullHttpRequest(decodeResult: success, version: HTTP/1.1, content: EmptyByteBufBE)
GET /session/baad0bf8953d3698db391a7e3a449831/window HTTP/1.1
User-Agent: selenium/4.7.1 (java windows)
Cache-Control: no-cache
Content-Type: application/json; charset=utf-8
host: localhost:33871
accept: */*

Response DefaultHttpResponse(decodeResult: success, version: HTTP/1.1)
HTTP/1.1 200 OK
Content-Type: application/json; charset=utf-8
cache-control: no-cache
content-length: 44

14:41:25.724 [AsyncHttpClient-1-17] DEBUG org.asynchttpclient.netty.channel.ChannelManager - Adding key: http://localhost:33871 for channel [id: 0x48d1b6d7, L:/127.0.0.1:65357 - R:localhost/127.0.0.1:33871]
14:41:25.724 [Forwarding getAlertText on session baad0bf8953d3698db391a7e3a449831 to remote] DEBUG org.asynchttpclient.netty.request.NettyRequestSender - Using pooled Channel '[id: 0x48d1b6d7, L:/127.0.0.1:65357 - R:localhost/127.0.0.1:33871]' for 'GET' to 'http://localhost:33871/session/baad0bf8953d3698db391a7e3a449831/alert/text'
14:41:25.724 [Forwarding getAlertText on session baad0bf8953d3698db391a7e3a449831 to remote] DEBUG org.asynchttpclient.netty.request.NettyRequestSender - Using open Channel [id: 0x48d1b6d7, L:/127.0.0.1:65357 - R:localhost/127.0.0.1:33871] for GET '/session/baad0bf8953d3698db391a7e3a449831/alert/text'
14:41:25.756 [AsyncHttpClient-1-17] DEBUG org.asynchttpclient.netty.handler.HttpHandler - 

Request DefaultFullHttpRequest(decodeResult: success, version: HTTP/1.1, content: EmptyByteBufBE)
GET /session/baad0bf8953d3698db391a7e3a449831/alert/text HTTP/1.1
User-Agent: selenium/4.7.1 (java windows)
Cache-Control: no-cache
Content-Type: application/json; charset=utf-8
host: localhost:33871
accept: */*

Response DefaultHttpResponse(decodeResult: success, version: HTTP/1.1)
HTTP/1.1 404 Not Found
Content-Type: application/json; charset=utf-8
cache-control: no-cache
content-length: 821

14:41:25.764 [AsyncHttpClient-1-17] DEBUG org.asynchttpclient.netty.channel.ChannelManager - Adding key: http://localhost:33871 for channel [id: 0x48d1b6d7, L:/127.0.0.1:65357 - R:localhost/127.0.0.1:33871]
14:41:25.764 [Forwarding switchToWindow on session baad0bf8953d3698db391a7e3a449831 to remote] DEBUG org.asynchttpclient.netty.request.NettyRequestSender - Using pooled Channel '[id: 0x48d1b6d7, L:/127.0.0.1:65357 - R:localhost/127.0.0.1:33871]' for 'POST' to 'http://localhost:33871/session/baad0bf8953d3698db391a7e3a449831/window'
14:41:25.764 [Forwarding switchToWindow on session baad0bf8953d3698db391a7e3a449831 to remote] DEBUG org.asynchttpclient.netty.request.NettyRequestSender - Using open Channel [id: 0x48d1b6d7, L:/127.0.0.1:65357 - R:localhost/127.0.0.1:33871] for POST '/session/baad0bf8953d3698db391a7e3a449831/window'
14:41:25.764 [AsyncHttpClient-1-17] DEBUG org.asynchttpclient.netty.handler.HttpHandler - 

Request DefaultHttpRequest(decodeResult: success, version: HTTP/1.1)
POST /session/baad0bf8953d3698db391a7e3a449831/window HTTP/1.1
User-Agent: selenium/4.7.1 (java windows)
Content-Length: 50
Content-Type: application/json; charset=utf-8
host: localhost:33871
accept: */*

Response DefaultHttpResponse(decodeResult: success, version: HTTP/1.1)
HTTP/1.1 200 OK
Content-Type: application/json; charset=utf-8
cache-control: no-cache
content-length: 14

14:41:25.764 [AsyncHttpClient-1-17] DEBUG org.asynchttpclient.netty.channel.ChannelManager - Adding key: http://localhost:33871 for channel [id: 0x48d1b6d7, L:/127.0.0.1:65357 - R:localhost/127.0.0.1:33871]
14:41:25.764 [Forwarding getCurrentUrl on session baad0bf8953d3698db391a7e3a449831 to remote] DEBUG org.asynchttpclient.netty.request.NettyRequestSender - Using pooled Channel '[id: 0x48d1b6d7, L:/127.0.0.1:65357 - R:localhost/127.0.0.1:33871]' for 'GET' to 'http://localhost:33871/session/baad0bf8953d3698db391a7e3a449831/url'
14:41:25.764 [Forwarding getCurrentUrl on session baad0bf8953d3698db391a7e3a449831 to remote] DEBUG org.asynchttpclient.netty.request.NettyRequestSender - Using open Channel [id: 0x48d1b6d7, L:/127.0.0.1:65357 - R:localhost/127.0.0.1:33871] for GET '/session/baad0bf8953d3698db391a7e3a449831/url'
14:41:25.772 [AsyncHttpClient-1-17] DEBUG org.asynchttpclient.netty.handler.HttpHandler - 

Request DefaultFullHttpRequest(decodeResult: success, version: HTTP/1.1, content: EmptyByteBufBE)
GET /session/baad0bf8953d3698db391a7e3a449831/url HTTP/1.1
User-Agent: selenium/4.7.1 (java windows)
Cache-Control: no-cache
Content-Type: application/json; charset=utf-8
host: localhost:33871
accept: */*

Response DefaultHttpResponse(decodeResult: success, version: HTTP/1.1)
HTTP/1.1 200 OK
Content-Type: application/json; charset=utf-8
cache-control: no-cache
content-length: 51

14:41:25.772 [AsyncHttpClient-1-17] DEBUG org.asynchttpclient.netty.channel.ChannelManager - Adding key: http://localhost:33871 for channel [id: 0x48d1b6d7, L:/127.0.0.1:65357 - R:localhost/127.0.0.1:33871]
14:41:25.772 [Forwarding screenshot on session baad0bf8953d3698db391a7e3a449831 to remote] DEBUG org.asynchttpclient.netty.request.NettyRequestSender - Using pooled Channel '[id: 0x48d1b6d7, L:/127.0.0.1:65357 - R:localhost/127.0.0.1:33871]' for 'GET' to 'http://localhost:33871/session/baad0bf8953d3698db391a7e3a449831/screenshot'
14:41:25.772 [Forwarding screenshot on session baad0bf8953d3698db391a7e3a449831 to remote] DEBUG org.asynchttpclient.netty.request.NettyRequestSender - Using open Channel [id: 0x48d1b6d7, L:/127.0.0.1:65357 - R:localhost/127.0.0.1:33871] for GET '/session/baad0bf8953d3698db391a7e3a449831/screenshot'
14:41:25.972 [AsyncHttpClient-1-17] DEBUG org.asynchttpclient.netty.handler.HttpHandler - 

Request DefaultFullHttpRequest(decodeResult: success, version: HTTP/1.1, content: EmptyByteBufBE)
GET /session/baad0bf8953d3698db391a7e3a449831/screenshot HTTP/1.1
User-Agent: selenium/4.7.1 (java windows)
Cache-Control: no-cache
Content-Type: application/json; charset=utf-8
host: localhost:33871
accept: */*

Response DefaultHttpResponse(decodeResult: success, version: HTTP/1.1)
HTTP/1.1 200 OK
Content-Type: application/json; charset=utf-8
cache-control: no-cache
content-length: 191920

14:41:25.972 [AsyncHttpClient-1-17] DEBUG org.asynchttpclient.netty.channel.ChannelManager - Adding key: http://localhost:33871 for channel [id: 0x48d1b6d7, L:/127.0.0.1:65357 - R:localhost/127.0.0.1:33871]
14:41:25.980 [main] DEBUG net.serenitybdd.core.photography.Darkroom - Send negative for processing for target\site\serenity\016d27681ad45d2073403df84e978f4727a92e6d57d9c8bb00857f8d4513a591.png
14:41:25.980 [main] DEBUG net.thucydides.core.steps.StepInterceptor - STEP DONE: inputfieldemail
14:41:25.988 [main] DEBUG net.thucydides.core.steps.StepInterceptor - STARTING STEP: TransaksiSteps.adminMelakukanLoginAkun - inputfieldpassword
14:41:25.988 [Forwarding findElement on session baad0bf8953d3698db391a7e3a449831 to remote] DEBUG org.asynchttpclient.netty.request.NettyRequestSender - Using pooled Channel '[id: 0x48d1b6d7, L:/127.0.0.1:65357 - R:localhost/127.0.0.1:33871]' for 'POST' to 'http://localhost:33871/session/baad0bf8953d3698db391a7e3a449831/element'
14:41:25.988 [Forwarding findElement on session baad0bf8953d3698db391a7e3a449831 to remote] DEBUG org.asynchttpclient.netty.request.NettyRequestSender - Using open Channel [id: 0x48d1b6d7, L:/127.0.0.1:65357 - R:localhost/127.0.0.1:33871] for POST '/session/baad0bf8953d3698db391a7e3a449831/element'
14:41:26.005 [AsyncHttpClient-1-17] DEBUG org.asynchttpclient.netty.handler.HttpHandler - 

Request DefaultHttpRequest(decodeResult: success, version: HTTP/1.1)
POST /session/baad0bf8953d3698db391a7e3a449831/element HTTP/1.1
User-Agent: selenium/4.7.1 (java windows)
Content-Length: 105
Content-Type: application/json; charset=utf-8
host: localhost:33871
accept: */*

Response DefaultHttpResponse(decodeResult: success, version: HTTP/1.1)
HTTP/1.1 200 OK
Content-Type: application/json; charset=utf-8
cache-control: no-cache
content-length: 94

14:41:26.005 [AsyncHttpClient-1-17] DEBUG org.asynchttpclient.netty.channel.ChannelManager - Adding key: http://localhost:33871 for channel [id: 0x48d1b6d7, L:/127.0.0.1:65357 - R:localhost/127.0.0.1:33871]
14:41:26.012 [Forwarding getElementTagName on session baad0bf8953d3698db391a7e3a449831 to remote] DEBUG org.asynchttpclient.netty.request.NettyRequestSender - Using pooled Channel '[id: 0x48d1b6d7, L:/127.0.0.1:65357 - R:localhost/127.0.0.1:33871]' for 'GET' to 'http://localhost:33871/session/baad0bf8953d3698db391a7e3a449831/element/ABAE5BD7819AA04C86EE445891664D9B_element_8/name'
14:41:26.012 [Forwarding getElementTagName on session baad0bf8953d3698db391a7e3a449831 to remote] DEBUG org.asynchttpclient.netty.request.NettyRequestSender - Using open Channel [id: 0x48d1b6d7, L:/127.0.0.1:65357 - R:localhost/127.0.0.1:33871] for GET '/session/baad0bf8953d3698db391a7e3a449831/element/ABAE5BD7819AA04C86EE445891664D9B_element_8/name'
14:41:26.012 [AsyncHttpClient-1-17] DEBUG org.asynchttpclient.netty.handler.HttpHandler - 

Request DefaultFullHttpRequest(decodeResult: success, version: HTTP/1.1, content: EmptyByteBufBE)
GET /session/baad0bf8953d3698db391a7e3a449831/element/ABAE5BD7819AA04C86EE445891664D9B_element_8/name HTTP/1.1
User-Agent: selenium/4.7.1 (java windows)
Cache-Control: no-cache
Content-Type: application/json; charset=utf-8
host: localhost:33871
accept: */*

Response DefaultHttpResponse(decodeResult: success, version: HTTP/1.1)
HTTP/1.1 200 OK
Content-Type: application/json; charset=utf-8
cache-control: no-cache
content-length: 17

14:41:26.012 [AsyncHttpClient-1-17] DEBUG org.asynchttpclient.netty.channel.ChannelManager - Adding key: http://localhost:33871 for channel [id: 0x48d1b6d7, L:/127.0.0.1:65357 - R:localhost/127.0.0.1:33871]
14:41:26.012 [Forwarding getElementTagName on session baad0bf8953d3698db391a7e3a449831 to remote] DEBUG org.asynchttpclient.netty.request.NettyRequestSender - Using pooled Channel '[id: 0x48d1b6d7, L:/127.0.0.1:65357 - R:localhost/127.0.0.1:33871]' for 'GET' to 'http://localhost:33871/session/baad0bf8953d3698db391a7e3a449831/element/ABAE5BD7819AA04C86EE445891664D9B_element_8/name'
14:41:26.012 [Forwarding getElementTagName on session baad0bf8953d3698db391a7e3a449831 to remote] DEBUG org.asynchttpclient.netty.request.NettyRequestSender - Using open Channel [id: 0x48d1b6d7, L:/127.0.0.1:65357 - R:localhost/127.0.0.1:33871] for GET '/session/baad0bf8953d3698db391a7e3a449831/element/ABAE5BD7819AA04C86EE445891664D9B_element_8/name'
14:41:26.020 [AsyncHttpClient-1-17] DEBUG org.asynchttpclient.netty.handler.HttpHandler - 

Request DefaultFullHttpRequest(decodeResult: success, version: HTTP/1.1, content: EmptyByteBufBE)
GET /session/baad0bf8953d3698db391a7e3a449831/element/ABAE5BD7819AA04C86EE445891664D9B_element_8/name HTTP/1.1
User-Agent: selenium/4.7.1 (java windows)
Cache-Control: no-cache
Content-Type: application/json; charset=utf-8
host: localhost:33871
accept: */*

Response DefaultHttpResponse(decodeResult: success, version: HTTP/1.1)
HTTP/1.1 200 OK
Content-Type: application/json; charset=utf-8
cache-control: no-cache
content-length: 17

14:41:26.020 [AsyncHttpClient-1-17] DEBUG org.asynchttpclient.netty.channel.ChannelManager - Adding key: http://localhost:33871 for channel [id: 0x48d1b6d7, L:/127.0.0.1:65357 - R:localhost/127.0.0.1:33871]
14:41:26.020 [Forwarding isElementEnabled on session baad0bf8953d3698db391a7e3a449831 to remote] DEBUG org.asynchttpclient.netty.request.NettyRequestSender - Using pooled Channel '[id: 0x48d1b6d7, L:/127.0.0.1:65357 - R:localhost/127.0.0.1:33871]' for 'GET' to 'http://localhost:33871/session/baad0bf8953d3698db391a7e3a449831/element/ABAE5BD7819AA04C86EE445891664D9B_element_8/enabled'
14:41:26.020 [Forwarding isElementEnabled on session baad0bf8953d3698db391a7e3a449831 to remote] DEBUG org.asynchttpclient.netty.request.NettyRequestSender - Using open Channel [id: 0x48d1b6d7, L:/127.0.0.1:65357 - R:localhost/127.0.0.1:33871] for GET '/session/baad0bf8953d3698db391a7e3a449831/element/ABAE5BD7819AA04C86EE445891664D9B_element_8/enabled'
14:41:26.036 [AsyncHttpClient-1-17] DEBUG org.asynchttpclient.netty.handler.HttpHandler - 

Request DefaultFullHttpRequest(decodeResult: success, version: HTTP/1.1, content: EmptyByteBufBE)
GET /session/baad0bf8953d3698db391a7e3a449831/element/ABAE5BD7819AA04C86EE445891664D9B_element_8/enabled HTTP/1.1
User-Agent: selenium/4.7.1 (java windows)
Cache-Control: no-cache
Content-Type: application/json; charset=utf-8
host: localhost:33871
accept: */*

Response DefaultHttpResponse(decodeResult: success, version: HTTP/1.1)
HTTP/1.1 200 OK
Content-Type: application/json; charset=utf-8
cache-control: no-cache
content-length: 14

14:41:26.036 [AsyncHttpClient-1-17] DEBUG org.asynchttpclient.netty.channel.ChannelManager - Adding key: http://localhost:33871 for channel [id: 0x48d1b6d7, L:/127.0.0.1:65357 - R:localhost/127.0.0.1:33871]
14:41:26.036 [Forwarding isElementEnabled on session baad0bf8953d3698db391a7e3a449831 to remote] DEBUG org.asynchttpclient.netty.request.NettyRequestSender - Using pooled Channel '[id: 0x48d1b6d7, L:/127.0.0.1:65357 - R:localhost/127.0.0.1:33871]' for 'GET' to 'http://localhost:33871/session/baad0bf8953d3698db391a7e3a449831/element/ABAE5BD7819AA04C86EE445891664D9B_element_8/enabled'
14:41:26.036 [Forwarding isElementEnabled on session baad0bf8953d3698db391a7e3a449831 to remote] DEBUG org.asynchttpclient.netty.request.NettyRequestSender - Using open Channel [id: 0x48d1b6d7, L:/127.0.0.1:65357 - R:localhost/127.0.0.1:33871] for GET '/session/baad0bf8953d3698db391a7e3a449831/element/ABAE5BD7819AA04C86EE445891664D9B_element_8/enabled'
14:41:26.044 [AsyncHttpClient-1-17] DEBUG org.asynchttpclient.netty.handler.HttpHandler - 

Request DefaultFullHttpRequest(decodeResult: success, version: HTTP/1.1, content: EmptyByteBufBE)
GET /session/baad0bf8953d3698db391a7e3a449831/element/ABAE5BD7819AA04C86EE445891664D9B_element_8/enabled HTTP/1.1
User-Agent: selenium/4.7.1 (java windows)
Cache-Control: no-cache
Content-Type: application/json; charset=utf-8
host: localhost:33871
accept: */*

Response DefaultHttpResponse(decodeResult: success, version: HTTP/1.1)
HTTP/1.1 200 OK
Content-Type: application/json; charset=utf-8
cache-control: no-cache
content-length: 14

14:41:26.044 [AsyncHttpClient-1-17] DEBUG org.asynchttpclient.netty.channel.ChannelManager - Adding key: http://localhost:33871 for channel [id: 0x48d1b6d7, L:/127.0.0.1:65357 - R:localhost/127.0.0.1:33871]
14:41:26.044 [Forwarding findElement on session baad0bf8953d3698db391a7e3a449831 to remote] DEBUG org.asynchttpclient.netty.request.NettyRequestSender - Using pooled Channel '[id: 0x48d1b6d7, L:/127.0.0.1:65357 - R:localhost/127.0.0.1:33871]' for 'POST' to 'http://localhost:33871/session/baad0bf8953d3698db391a7e3a449831/element'
14:41:26.044 [Forwarding findElement on session baad0bf8953d3698db391a7e3a449831 to remote] DEBUG org.asynchttpclient.netty.request.NettyRequestSender - Using open Channel [id: 0x48d1b6d7, L:/127.0.0.1:65357 - R:localhost/127.0.0.1:33871] for POST '/session/baad0bf8953d3698db391a7e3a449831/element'
14:41:26.052 [AsyncHttpClient-1-17] DEBUG org.asynchttpclient.netty.handler.HttpHandler - 

Request DefaultHttpRequest(decodeResult: success, version: HTTP/1.1)
POST /session/baad0bf8953d3698db391a7e3a449831/element HTTP/1.1
User-Agent: selenium/4.7.1 (java windows)
Content-Length: 105
Content-Type: application/json; charset=utf-8
host: localhost:33871
accept: */*

Response DefaultHttpResponse(decodeResult: success, version: HTTP/1.1)
HTTP/1.1 200 OK
Content-Type: application/json; charset=utf-8
cache-control: no-cache
content-length: 94

14:41:26.052 [AsyncHttpClient-1-17] DEBUG org.asynchttpclient.netty.channel.ChannelManager - Adding key: http://localhost:33871 for channel [id: 0x48d1b6d7, L:/127.0.0.1:65357 - R:localhost/127.0.0.1:33871]
14:41:26.060 [Forwarding clickElement on session baad0bf8953d3698db391a7e3a449831 to remote] DEBUG org.asynchttpclient.netty.request.NettyRequestSender - Using pooled Channel '[id: 0x48d1b6d7, L:/127.0.0.1:65357 - R:localhost/127.0.0.1:33871]' for 'POST' to 'http://localhost:33871/session/baad0bf8953d3698db391a7e3a449831/element/ABAE5BD7819AA04C86EE445891664D9B_element_8/click'
14:41:26.060 [Forwarding clickElement on session baad0bf8953d3698db391a7e3a449831 to remote] DEBUG org.asynchttpclient.netty.request.NettyRequestSender - Using open Channel [id: 0x48d1b6d7, L:/127.0.0.1:65357 - R:localhost/127.0.0.1:33871] for POST '/session/baad0bf8953d3698db391a7e3a449831/element/ABAE5BD7819AA04C86EE445891664D9B_element_8/click'
14:41:26.115 [AsyncHttpClient-1-17] DEBUG org.asynchttpclient.netty.handler.HttpHandler - 

Request DefaultHttpRequest(decodeResult: success, version: HTTP/1.1)
POST /session/baad0bf8953d3698db391a7e3a449831/element/ABAE5BD7819AA04C86EE445891664D9B_element_8/click HTTP/1.1
User-Agent: selenium/4.7.1 (java windows)
Content-Length: 56
Content-Type: application/json; charset=utf-8
host: localhost:33871
accept: */*

Response DefaultHttpResponse(decodeResult: success, version: HTTP/1.1)
HTTP/1.1 200 OK
Content-Type: application/json; charset=utf-8
cache-control: no-cache
content-length: 14

14:41:26.115 [AsyncHttpClient-1-17] DEBUG org.asynchttpclient.netty.channel.ChannelManager - Adding key: http://localhost:33871 for channel [id: 0x48d1b6d7, L:/127.0.0.1:65357 - R:localhost/127.0.0.1:33871]
14:41:26.115 [Forwarding findElement on session baad0bf8953d3698db391a7e3a449831 to remote] DEBUG org.asynchttpclient.netty.request.NettyRequestSender - Using pooled Channel '[id: 0x48d1b6d7, L:/127.0.0.1:65357 - R:localhost/127.0.0.1:33871]' for 'POST' to 'http://localhost:33871/session/baad0bf8953d3698db391a7e3a449831/element'
14:41:26.115 [Forwarding findElement on session baad0bf8953d3698db391a7e3a449831 to remote] DEBUG org.asynchttpclient.netty.request.NettyRequestSender - Using open Channel [id: 0x48d1b6d7, L:/127.0.0.1:65357 - R:localhost/127.0.0.1:33871] for POST '/session/baad0bf8953d3698db391a7e3a449831/element'
14:41:26.132 [AsyncHttpClient-1-17] DEBUG org.asynchttpclient.netty.handler.HttpHandler - 

Request DefaultHttpRequest(decodeResult: success, version: HTTP/1.1)
POST /session/baad0bf8953d3698db391a7e3a449831/element HTTP/1.1
User-Agent: selenium/4.7.1 (java windows)
Content-Length: 105
Content-Type: application/json; charset=utf-8
host: localhost:33871
accept: */*

Response DefaultHttpResponse(decodeResult: success, version: HTTP/1.1)
HTTP/1.1 200 OK
Content-Type: application/json; charset=utf-8
cache-control: no-cache
content-length: 94

14:41:26.132 [AsyncHttpClient-1-17] DEBUG org.asynchttpclient.netty.channel.ChannelManager - Adding key: http://localhost:33871 for channel [id: 0x48d1b6d7, L:/127.0.0.1:65357 - R:localhost/127.0.0.1:33871]
14:41:26.132 [Forwarding clearElement on session baad0bf8953d3698db391a7e3a449831 to remote] DEBUG org.asynchttpclient.netty.request.NettyRequestSender - Using pooled Channel '[id: 0x48d1b6d7, L:/127.0.0.1:65357 - R:localhost/127.0.0.1:33871]' for 'POST' to 'http://localhost:33871/session/baad0bf8953d3698db391a7e3a449831/element/ABAE5BD7819AA04C86EE445891664D9B_element_8/clear'
14:41:26.132 [Forwarding clearElement on session baad0bf8953d3698db391a7e3a449831 to remote] DEBUG org.asynchttpclient.netty.request.NettyRequestSender - Using open Channel [id: 0x48d1b6d7, L:/127.0.0.1:65357 - R:localhost/127.0.0.1:33871] for POST '/session/baad0bf8953d3698db391a7e3a449831/element/ABAE5BD7819AA04C86EE445891664D9B_element_8/clear'
14:41:26.172 [AsyncHttpClient-1-17] DEBUG org.asynchttpclient.netty.handler.HttpHandler - 

Request DefaultHttpRequest(decodeResult: success, version: HTTP/1.1)
POST /session/baad0bf8953d3698db391a7e3a449831/element/ABAE5BD7819AA04C86EE445891664D9B_element_8/clear HTTP/1.1
User-Agent: selenium/4.7.1 (java windows)
Content-Length: 56
Content-Type: application/json; charset=utf-8
host: localhost:33871
accept: */*

Response DefaultHttpResponse(decodeResult: success, version: HTTP/1.1)
HTTP/1.1 200 OK
Content-Type: application/json; charset=utf-8
cache-control: no-cache
content-length: 14

14:41:26.172 [AsyncHttpClient-1-17] DEBUG org.asynchttpclient.netty.channel.ChannelManager - Adding key: http://localhost:33871 for channel [id: 0x48d1b6d7, L:/127.0.0.1:65357 - R:localhost/127.0.0.1:33871]
14:41:26.180 [Forwarding sendKeysToElement on session baad0bf8953d3698db391a7e3a449831 to remote] DEBUG org.asynchttpclient.netty.request.NettyRequestSender - Using pooled Channel '[id: 0x48d1b6d7, L:/127.0.0.1:65357 - R:localhost/127.0.0.1:33871]' for 'POST' to 'http://localhost:33871/session/baad0bf8953d3698db391a7e3a449831/element/ABAE5BD7819AA04C86EE445891664D9B_element_8/value'
14:41:26.180 [Forwarding sendKeysToElement on session baad0bf8953d3698db391a7e3a449831 to remote] DEBUG org.asynchttpclient.netty.request.NettyRequestSender - Using open Channel [id: 0x48d1b6d7, L:/127.0.0.1:65357 - R:localhost/127.0.0.1:33871] for POST '/session/baad0bf8953d3698db391a7e3a449831/element/ABAE5BD7819AA04C86EE445891664D9B_element_8/value'
14:41:26.206 [AsyncHttpClient-1-1] DEBUG org.asynchttpclient.netty.channel.DefaultChannelPool - Entry count for : http://localhost:65358 : 1
14:41:26.238 [AsyncHttpClient-1-17] DEBUG org.asynchttpclient.netty.handler.HttpHandler - 

Request DefaultHttpRequest(decodeResult: success, version: HTTP/1.1)
POST /session/baad0bf8953d3698db391a7e3a449831/element/ABAE5BD7819AA04C86EE445891664D9B_element_8/value HTTP/1.1
User-Agent: selenium/4.7.1 (java windows)
Content-Length: 187
Content-Type: application/json; charset=utf-8
host: localhost:33871
accept: */*

Response DefaultHttpResponse(decodeResult: success, version: HTTP/1.1)
HTTP/1.1 200 OK
Content-Type: application/json; charset=utf-8
cache-control: no-cache
content-length: 14

14:41:26.238 [AsyncHttpClient-1-17] DEBUG org.asynchttpclient.netty.channel.ChannelManager - Adding key: http://localhost:33871 for channel [id: 0x48d1b6d7, L:/127.0.0.1:65357 - R:localhost/127.0.0.1:33871]
14:41:26.246 [Forwarding getCurrentWindowHandle on session baad0bf8953d3698db391a7e3a449831 to remote] DEBUG org.asynchttpclient.netty.request.NettyRequestSender - Using pooled Channel '[id: 0x48d1b6d7, L:/127.0.0.1:65357 - R:localhost/127.0.0.1:33871]' for 'GET' to 'http://localhost:33871/session/baad0bf8953d3698db391a7e3a449831/window'
14:41:26.246 [Forwarding getCurrentWindowHandle on session baad0bf8953d3698db391a7e3a449831 to remote] DEBUG org.asynchttpclient.netty.request.NettyRequestSender - Using open Channel [id: 0x48d1b6d7, L:/127.0.0.1:65357 - R:localhost/127.0.0.1:33871] for GET '/session/baad0bf8953d3698db391a7e3a449831/window'
14:41:26.246 [AsyncHttpClient-1-17] DEBUG org.asynchttpclient.netty.handler.HttpHandler - 

Request DefaultFullHttpRequest(decodeResult: success, version: HTTP/1.1, content: EmptyByteBufBE)
GET /session/baad0bf8953d3698db391a7e3a449831/window HTTP/1.1
User-Agent: selenium/4.7.1 (java windows)
Cache-Control: no-cache
Content-Type: application/json; charset=utf-8
host: localhost:33871
accept: */*

Response DefaultHttpResponse(decodeResult: success, version: HTTP/1.1)
HTTP/1.1 200 OK
Content-Type: application/json; charset=utf-8
cache-control: no-cache
content-length: 44

14:41:26.246 [AsyncHttpClient-1-17] DEBUG org.asynchttpclient.netty.channel.ChannelManager - Adding key: http://localhost:33871 for channel [id: 0x48d1b6d7, L:/127.0.0.1:65357 - R:localhost/127.0.0.1:33871]
14:41:26.254 [Forwarding getAlertText on session baad0bf8953d3698db391a7e3a449831 to remote] DEBUG org.asynchttpclient.netty.request.NettyRequestSender - Using pooled Channel '[id: 0x48d1b6d7, L:/127.0.0.1:65357 - R:localhost/127.0.0.1:33871]' for 'GET' to 'http://localhost:33871/session/baad0bf8953d3698db391a7e3a449831/alert/text'
14:41:26.254 [Forwarding getAlertText on session baad0bf8953d3698db391a7e3a449831 to remote] DEBUG org.asynchttpclient.netty.request.NettyRequestSender - Using open Channel [id: 0x48d1b6d7, L:/127.0.0.1:65357 - R:localhost/127.0.0.1:33871] for GET '/session/baad0bf8953d3698db391a7e3a449831/alert/text'
14:41:26.254 [AsyncHttpClient-1-17] DEBUG org.asynchttpclient.netty.handler.HttpHandler - 

Request DefaultFullHttpRequest(decodeResult: success, version: HTTP/1.1, content: EmptyByteBufBE)
GET /session/baad0bf8953d3698db391a7e3a449831/alert/text HTTP/1.1
User-Agent: selenium/4.7.1 (java windows)
Cache-Control: no-cache
Content-Type: application/json; charset=utf-8
host: localhost:33871
accept: */*

Response DefaultHttpResponse(decodeResult: success, version: HTTP/1.1)
HTTP/1.1 404 Not Found
Content-Type: application/json; charset=utf-8
cache-control: no-cache
content-length: 821

14:41:26.254 [AsyncHttpClient-1-17] DEBUG org.asynchttpclient.netty.channel.ChannelManager - Adding key: http://localhost:33871 for channel [id: 0x48d1b6d7, L:/127.0.0.1:65357 - R:localhost/127.0.0.1:33871]
14:41:26.254 [Forwarding switchToWindow on session baad0bf8953d3698db391a7e3a449831 to remote] DEBUG org.asynchttpclient.netty.request.NettyRequestSender - Using pooled Channel '[id: 0x48d1b6d7, L:/127.0.0.1:65357 - R:localhost/127.0.0.1:33871]' for 'POST' to 'http://localhost:33871/session/baad0bf8953d3698db391a7e3a449831/window'
14:41:26.254 [Forwarding switchToWindow on session baad0bf8953d3698db391a7e3a449831 to remote] DEBUG org.asynchttpclient.netty.request.NettyRequestSender - Using open Channel [id: 0x48d1b6d7, L:/127.0.0.1:65357 - R:localhost/127.0.0.1:33871] for POST '/session/baad0bf8953d3698db391a7e3a449831/window'
14:41:26.254 [AsyncHttpClient-1-17] DEBUG org.asynchttpclient.netty.handler.HttpHandler - 

Request DefaultHttpRequest(decodeResult: success, version: HTTP/1.1)
POST /session/baad0bf8953d3698db391a7e3a449831/window HTTP/1.1
User-Agent: selenium/4.7.1 (java windows)
Content-Length: 50
Content-Type: application/json; charset=utf-8
host: localhost:33871
accept: */*

Response DefaultHttpResponse(decodeResult: success, version: HTTP/1.1)
HTTP/1.1 200 OK
Content-Type: application/json; charset=utf-8
cache-control: no-cache
content-length: 14

14:41:26.254 [AsyncHttpClient-1-17] DEBUG org.asynchttpclient.netty.channel.ChannelManager - Adding key: http://localhost:33871 for channel [id: 0x48d1b6d7, L:/127.0.0.1:65357 - R:localhost/127.0.0.1:33871]
14:41:26.254 [Forwarding getCurrentUrl on session baad0bf8953d3698db391a7e3a449831 to remote] DEBUG org.asynchttpclient.netty.request.NettyRequestSender - Using pooled Channel '[id: 0x48d1b6d7, L:/127.0.0.1:65357 - R:localhost/127.0.0.1:33871]' for 'GET' to 'http://localhost:33871/session/baad0bf8953d3698db391a7e3a449831/url'
14:41:26.254 [Forwarding getCurrentUrl on session baad0bf8953d3698db391a7e3a449831 to remote] DEBUG org.asynchttpclient.netty.request.NettyRequestSender - Using open Channel [id: 0x48d1b6d7, L:/127.0.0.1:65357 - R:localhost/127.0.0.1:33871] for GET '/session/baad0bf8953d3698db391a7e3a449831/url'
14:41:26.262 [AsyncHttpClient-1-17] DEBUG org.asynchttpclient.netty.handler.HttpHandler - 

Request DefaultFullHttpRequest(decodeResult: success, version: HTTP/1.1, content: EmptyByteBufBE)
GET /session/baad0bf8953d3698db391a7e3a449831/url HTTP/1.1
User-Agent: selenium/4.7.1 (java windows)
Cache-Control: no-cache
Content-Type: application/json; charset=utf-8
host: localhost:33871
accept: */*

Response DefaultHttpResponse(decodeResult: success, version: HTTP/1.1)
HTTP/1.1 200 OK
Content-Type: application/json; charset=utf-8
cache-control: no-cache
content-length: 51

14:41:26.262 [AsyncHttpClient-1-17] DEBUG org.asynchttpclient.netty.channel.ChannelManager - Adding key: http://localhost:33871 for channel [id: 0x48d1b6d7, L:/127.0.0.1:65357 - R:localhost/127.0.0.1:33871]
14:41:26.270 [Forwarding screenshot on session baad0bf8953d3698db391a7e3a449831 to remote] DEBUG org.asynchttpclient.netty.request.NettyRequestSender - Using pooled Channel '[id: 0x48d1b6d7, L:/127.0.0.1:65357 - R:localhost/127.0.0.1:33871]' for 'GET' to 'http://localhost:33871/session/baad0bf8953d3698db391a7e3a449831/screenshot'
14:41:26.270 [Forwarding screenshot on session baad0bf8953d3698db391a7e3a449831 to remote] DEBUG org.asynchttpclient.netty.request.NettyRequestSender - Using open Channel [id: 0x48d1b6d7, L:/127.0.0.1:65357 - R:localhost/127.0.0.1:33871] for GET '/session/baad0bf8953d3698db391a7e3a449831/screenshot'
14:41:26.483 [AsyncHttpClient-1-17] DEBUG org.asynchttpclient.netty.handler.HttpHandler - 

Request DefaultFullHttpRequest(decodeResult: success, version: HTTP/1.1, content: EmptyByteBufBE)
GET /session/baad0bf8953d3698db391a7e3a449831/screenshot HTTP/1.1
User-Agent: selenium/4.7.1 (java windows)
Cache-Control: no-cache
Content-Type: application/json; charset=utf-8
host: localhost:33871
accept: */*

Response DefaultHttpResponse(decodeResult: success, version: HTTP/1.1)
HTTP/1.1 200 OK
Content-Type: application/json; charset=utf-8
cache-control: no-cache
content-length: 192088

14:41:26.483 [AsyncHttpClient-1-17] DEBUG org.asynchttpclient.netty.channel.ChannelManager - Adding key: http://localhost:33871 for channel [id: 0x48d1b6d7, L:/127.0.0.1:65357 - R:localhost/127.0.0.1:33871]
14:41:26.491 [main] DEBUG net.serenitybdd.core.photography.Darkroom - Send negative for processing for target\site\serenity\9942ca6d24dff34b536a4faa679ac08af8c23abb3cbd7c6ff6d1c57c3c7dd528.png
14:41:26.491 [main] DEBUG net.thucydides.core.steps.StepInterceptor - STEP DONE: inputfieldpassword
14:41:26.491 [main] DEBUG net.thucydides.core.steps.StepInterceptor - STARTING STEP: TransaksiSteps.adminMelakukanLoginAkun - klikbuttonmasuk
14:41:26.499 [Forwarding findElement on session baad0bf8953d3698db391a7e3a449831 to remote] DEBUG org.asynchttpclient.netty.request.NettyRequestSender - Using pooled Channel '[id: 0x48d1b6d7, L:/127.0.0.1:65357 - R:localhost/127.0.0.1:33871]' for 'POST' to 'http://localhost:33871/session/baad0bf8953d3698db391a7e3a449831/element'
14:41:26.499 [Forwarding findElement on session baad0bf8953d3698db391a7e3a449831 to remote] DEBUG org.asynchttpclient.netty.request.NettyRequestSender - Using open Channel [id: 0x48d1b6d7, L:/127.0.0.1:65357 - R:localhost/127.0.0.1:33871] for POST '/session/baad0bf8953d3698db391a7e3a449831/element'
14:41:26.523 [AsyncHttpClient-1-17] DEBUG org.asynchttpclient.netty.handler.HttpHandler - 

Request DefaultHttpRequest(decodeResult: success, version: HTTP/1.1)
POST /session/baad0bf8953d3698db391a7e3a449831/element HTTP/1.1
User-Agent: selenium/4.7.1 (java windows)
Content-Length: 113
Content-Type: application/json; charset=utf-8
host: localhost:33871
accept: */*

Response DefaultHttpResponse(decodeResult: success, version: HTTP/1.1)
HTTP/1.1 200 OK
Content-Type: application/json; charset=utf-8
cache-control: no-cache
content-length: 94

14:41:26.523 [AsyncHttpClient-1-17] DEBUG org.asynchttpclient.netty.channel.ChannelManager - Adding key: http://localhost:33871 for channel [id: 0x48d1b6d7, L:/127.0.0.1:65357 - R:localhost/127.0.0.1:33871]
14:41:26.523 [Forwarding getElementTagName on session baad0bf8953d3698db391a7e3a449831 to remote] DEBUG org.asynchttpclient.netty.request.NettyRequestSender - Using pooled Channel '[id: 0x48d1b6d7, L:/127.0.0.1:65357 - R:localhost/127.0.0.1:33871]' for 'GET' to 'http://localhost:33871/session/baad0bf8953d3698db391a7e3a449831/element/ABAE5BD7819AA04C86EE445891664D9B_element_9/name'
14:41:26.523 [Forwarding getElementTagName on session baad0bf8953d3698db391a7e3a449831 to remote] DEBUG org.asynchttpclient.netty.request.NettyRequestSender - Using open Channel [id: 0x48d1b6d7, L:/127.0.0.1:65357 - R:localhost/127.0.0.1:33871] for GET '/session/baad0bf8953d3698db391a7e3a449831/element/ABAE5BD7819AA04C86EE445891664D9B_element_9/name'
14:41:26.531 [AsyncHttpClient-1-17] DEBUG org.asynchttpclient.netty.handler.HttpHandler - 

Request DefaultFullHttpRequest(decodeResult: success, version: HTTP/1.1, content: EmptyByteBufBE)
GET /session/baad0bf8953d3698db391a7e3a449831/element/ABAE5BD7819AA04C86EE445891664D9B_element_9/name HTTP/1.1
User-Agent: selenium/4.7.1 (java windows)
Cache-Control: no-cache
Content-Type: application/json; charset=utf-8
host: localhost:33871
accept: */*

Response DefaultHttpResponse(decodeResult: success, version: HTTP/1.1)
HTTP/1.1 200 OK
Content-Type: application/json; charset=utf-8
cache-control: no-cache
content-length: 18

14:41:26.531 [AsyncHttpClient-1-17] DEBUG org.asynchttpclient.netty.channel.ChannelManager - Adding key: http://localhost:33871 for channel [id: 0x48d1b6d7, L:/127.0.0.1:65357 - R:localhost/127.0.0.1:33871]
14:41:26.532 [Forwarding getElementTagName on session baad0bf8953d3698db391a7e3a449831 to remote] DEBUG org.asynchttpclient.netty.request.NettyRequestSender - Using pooled Channel '[id: 0x48d1b6d7, L:/127.0.0.1:65357 - R:localhost/127.0.0.1:33871]' for 'GET' to 'http://localhost:33871/session/baad0bf8953d3698db391a7e3a449831/element/ABAE5BD7819AA04C86EE445891664D9B_element_9/name'
14:41:26.532 [Forwarding getElementTagName on session baad0bf8953d3698db391a7e3a449831 to remote] DEBUG org.asynchttpclient.netty.request.NettyRequestSender - Using open Channel [id: 0x48d1b6d7, L:/127.0.0.1:65357 - R:localhost/127.0.0.1:33871] for GET '/session/baad0bf8953d3698db391a7e3a449831/element/ABAE5BD7819AA04C86EE445891664D9B_element_9/name'
14:41:26.532 [AsyncHttpClient-1-17] DEBUG org.asynchttpclient.netty.handler.HttpHandler - 

Request DefaultFullHttpRequest(decodeResult: success, version: HTTP/1.1, content: EmptyByteBufBE)
GET /session/baad0bf8953d3698db391a7e3a449831/element/ABAE5BD7819AA04C86EE445891664D9B_element_9/name HTTP/1.1
User-Agent: selenium/4.7.1 (java windows)
Cache-Control: no-cache
Content-Type: application/json; charset=utf-8
host: localhost:33871
accept: */*

Response DefaultHttpResponse(decodeResult: success, version: HTTP/1.1)
HTTP/1.1 200 OK
Content-Type: application/json; charset=utf-8
cache-control: no-cache
content-length: 18

14:41:26.539 [AsyncHttpClient-1-17] DEBUG org.asynchttpclient.netty.channel.ChannelManager - Adding key: http://localhost:33871 for channel [id: 0x48d1b6d7, L:/127.0.0.1:65357 - R:localhost/127.0.0.1:33871]
14:41:26.539 [Forwarding isElementEnabled on session baad0bf8953d3698db391a7e3a449831 to remote] DEBUG org.asynchttpclient.netty.request.NettyRequestSender - Using pooled Channel '[id: 0x48d1b6d7, L:/127.0.0.1:65357 - R:localhost/127.0.0.1:33871]' for 'GET' to 'http://localhost:33871/session/baad0bf8953d3698db391a7e3a449831/element/ABAE5BD7819AA04C86EE445891664D9B_element_9/enabled'
14:41:26.539 [Forwarding isElementEnabled on session baad0bf8953d3698db391a7e3a449831 to remote] DEBUG org.asynchttpclient.netty.request.NettyRequestSender - Using open Channel [id: 0x48d1b6d7, L:/127.0.0.1:65357 - R:localhost/127.0.0.1:33871] for GET '/session/baad0bf8953d3698db391a7e3a449831/element/ABAE5BD7819AA04C86EE445891664D9B_element_9/enabled'
14:41:26.555 [AsyncHttpClient-1-17] DEBUG org.asynchttpclient.netty.handler.HttpHandler - 

Request DefaultFullHttpRequest(decodeResult: success, version: HTTP/1.1, content: EmptyByteBufBE)
GET /session/baad0bf8953d3698db391a7e3a449831/element/ABAE5BD7819AA04C86EE445891664D9B_element_9/enabled HTTP/1.1
User-Agent: selenium/4.7.1 (java windows)
Cache-Control: no-cache
Content-Type: application/json; charset=utf-8
host: localhost:33871
accept: */*

Response DefaultHttpResponse(decodeResult: success, version: HTTP/1.1)
HTTP/1.1 200 OK
Content-Type: application/json; charset=utf-8
cache-control: no-cache
content-length: 14

14:41:26.555 [AsyncHttpClient-1-17] DEBUG org.asynchttpclient.netty.channel.ChannelManager - Adding key: http://localhost:33871 for channel [id: 0x48d1b6d7, L:/127.0.0.1:65357 - R:localhost/127.0.0.1:33871]
14:41:26.555 [Forwarding isElementEnabled on session baad0bf8953d3698db391a7e3a449831 to remote] DEBUG org.asynchttpclient.netty.request.NettyRequestSender - Using pooled Channel '[id: 0x48d1b6d7, L:/127.0.0.1:65357 - R:localhost/127.0.0.1:33871]' for 'GET' to 'http://localhost:33871/session/baad0bf8953d3698db391a7e3a449831/element/ABAE5BD7819AA04C86EE445891664D9B_element_9/enabled'
14:41:26.555 [Forwarding isElementEnabled on session baad0bf8953d3698db391a7e3a449831 to remote] DEBUG org.asynchttpclient.netty.request.NettyRequestSender - Using open Channel [id: 0x48d1b6d7, L:/127.0.0.1:65357 - R:localhost/127.0.0.1:33871] for GET '/session/baad0bf8953d3698db391a7e3a449831/element/ABAE5BD7819AA04C86EE445891664D9B_element_9/enabled'
14:41:26.563 [AsyncHttpClient-1-17] DEBUG org.asynchttpclient.netty.handler.HttpHandler - 

Request DefaultFullHttpRequest(decodeResult: success, version: HTTP/1.1, content: EmptyByteBufBE)
GET /session/baad0bf8953d3698db391a7e3a449831/element/ABAE5BD7819AA04C86EE445891664D9B_element_9/enabled HTTP/1.1
User-Agent: selenium/4.7.1 (java windows)
Cache-Control: no-cache
Content-Type: application/json; charset=utf-8
host: localhost:33871
accept: */*

Response DefaultHttpResponse(decodeResult: success, version: HTTP/1.1)
HTTP/1.1 200 OK
Content-Type: application/json; charset=utf-8
cache-control: no-cache
content-length: 14

14:41:26.563 [AsyncHttpClient-1-17] DEBUG org.asynchttpclient.netty.channel.ChannelManager - Adding key: http://localhost:33871 for channel [id: 0x48d1b6d7, L:/127.0.0.1:65357 - R:localhost/127.0.0.1:33871]
14:41:26.571 [Forwarding findElement on session baad0bf8953d3698db391a7e3a449831 to remote] DEBUG org.asynchttpclient.netty.request.NettyRequestSender - Using pooled Channel '[id: 0x48d1b6d7, L:/127.0.0.1:65357 - R:localhost/127.0.0.1:33871]' for 'POST' to 'http://localhost:33871/session/baad0bf8953d3698db391a7e3a449831/element'
14:41:26.571 [Forwarding findElement on session baad0bf8953d3698db391a7e3a449831 to remote] DEBUG org.asynchttpclient.netty.request.NettyRequestSender - Using open Channel [id: 0x48d1b6d7, L:/127.0.0.1:65357 - R:localhost/127.0.0.1:33871] for POST '/session/baad0bf8953d3698db391a7e3a449831/element'
14:41:26.579 [AsyncHttpClient-1-17] DEBUG org.asynchttpclient.netty.handler.HttpHandler - 

Request DefaultHttpRequest(decodeResult: success, version: HTTP/1.1)
POST /session/baad0bf8953d3698db391a7e3a449831/element HTTP/1.1
User-Agent: selenium/4.7.1 (java windows)
Content-Length: 113
Content-Type: application/json; charset=utf-8
host: localhost:33871
accept: */*

Response DefaultHttpResponse(decodeResult: success, version: HTTP/1.1)
HTTP/1.1 200 OK
Content-Type: application/json; charset=utf-8
cache-control: no-cache
content-length: 94

14:41:26.579 [AsyncHttpClient-1-17] DEBUG org.asynchttpclient.netty.channel.ChannelManager - Adding key: http://localhost:33871 for channel [id: 0x48d1b6d7, L:/127.0.0.1:65357 - R:localhost/127.0.0.1:33871]
14:41:26.579 [Forwarding clickElement on session baad0bf8953d3698db391a7e3a449831 to remote] DEBUG org.asynchttpclient.netty.request.NettyRequestSender - Using pooled Channel '[id: 0x48d1b6d7, L:/127.0.0.1:65357 - R:localhost/127.0.0.1:33871]' for 'POST' to 'http://localhost:33871/session/baad0bf8953d3698db391a7e3a449831/element/ABAE5BD7819AA04C86EE445891664D9B_element_9/click'
14:41:26.579 [Forwarding clickElement on session baad0bf8953d3698db391a7e3a449831 to remote] DEBUG org.asynchttpclient.netty.request.NettyRequestSender - Using open Channel [id: 0x48d1b6d7, L:/127.0.0.1:65357 - R:localhost/127.0.0.1:33871] for POST '/session/baad0bf8953d3698db391a7e3a449831/element/ABAE5BD7819AA04C86EE445891664D9B_element_9/click'
14:41:26.643 [AsyncHttpClient-1-17] DEBUG org.asynchttpclient.netty.handler.HttpHandler - 

Request DefaultHttpRequest(decodeResult: success, version: HTTP/1.1)
POST /session/baad0bf8953d3698db391a7e3a449831/element/ABAE5BD7819AA04C86EE445891664D9B_element_9/click HTTP/1.1
User-Agent: selenium/4.7.1 (java windows)
Content-Length: 56
Content-Type: application/json; charset=utf-8
host: localhost:33871
accept: */*

Response DefaultHttpResponse(decodeResult: success, version: HTTP/1.1)
HTTP/1.1 200 OK
Content-Type: application/json; charset=utf-8
cache-control: no-cache
content-length: 14

14:41:26.643 [AsyncHttpClient-1-17] DEBUG org.asynchttpclient.netty.channel.ChannelManager - Adding key: http://localhost:33871 for channel [id: 0x48d1b6d7, L:/127.0.0.1:65357 - R:localhost/127.0.0.1:33871]
14:41:26.659 [Forwarding getCurrentWindowHandle on session baad0bf8953d3698db391a7e3a449831 to remote] DEBUG org.asynchttpclient.netty.request.NettyRequestSender - Using pooled Channel '[id: 0x48d1b6d7, L:/127.0.0.1:65357 - R:localhost/127.0.0.1:33871]' for 'GET' to 'http://localhost:33871/session/baad0bf8953d3698db391a7e3a449831/window'
14:41:26.659 [Forwarding getCurrentWindowHandle on session baad0bf8953d3698db391a7e3a449831 to remote] DEBUG org.asynchttpclient.netty.request.NettyRequestSender - Using open Channel [id: 0x48d1b6d7, L:/127.0.0.1:65357 - R:localhost/127.0.0.1:33871] for GET '/session/baad0bf8953d3698db391a7e3a449831/window'
14:41:26.659 [AsyncHttpClient-1-17] DEBUG org.asynchttpclient.netty.handler.HttpHandler - 

Request DefaultFullHttpRequest(decodeResult: success, version: HTTP/1.1, content: EmptyByteBufBE)
GET /session/baad0bf8953d3698db391a7e3a449831/window HTTP/1.1
User-Agent: selenium/4.7.1 (java windows)
Cache-Control: no-cache
Content-Type: application/json; charset=utf-8
host: localhost:33871
accept: */*

Response DefaultHttpResponse(decodeResult: success, version: HTTP/1.1)
HTTP/1.1 200 OK
Content-Type: application/json; charset=utf-8
cache-control: no-cache
content-length: 44

14:41:26.659 [AsyncHttpClient-1-17] DEBUG org.asynchttpclient.netty.channel.ChannelManager - Adding key: http://localhost:33871 for channel [id: 0x48d1b6d7, L:/127.0.0.1:65357 - R:localhost/127.0.0.1:33871]
14:41:26.659 [Forwarding getAlertText on session baad0bf8953d3698db391a7e3a449831 to remote] DEBUG org.asynchttpclient.netty.request.NettyRequestSender - Using pooled Channel '[id: 0x48d1b6d7, L:/127.0.0.1:65357 - R:localhost/127.0.0.1:33871]' for 'GET' to 'http://localhost:33871/session/baad0bf8953d3698db391a7e3a449831/alert/text'
14:41:26.659 [Forwarding getAlertText on session baad0bf8953d3698db391a7e3a449831 to remote] DEBUG org.asynchttpclient.netty.request.NettyRequestSender - Using open Channel [id: 0x48d1b6d7, L:/127.0.0.1:65357 - R:localhost/127.0.0.1:33871] for GET '/session/baad0bf8953d3698db391a7e3a449831/alert/text'
14:41:26.659 [AsyncHttpClient-1-17] DEBUG org.asynchttpclient.netty.handler.HttpHandler - 

Request DefaultFullHttpRequest(decodeResult: success, version: HTTP/1.1, content: EmptyByteBufBE)
GET /session/baad0bf8953d3698db391a7e3a449831/alert/text HTTP/1.1
User-Agent: selenium/4.7.1 (java windows)
Cache-Control: no-cache
Content-Type: application/json; charset=utf-8
host: localhost:33871
accept: */*

Response DefaultHttpResponse(decodeResult: success, version: HTTP/1.1)
HTTP/1.1 404 Not Found
Content-Type: application/json; charset=utf-8
cache-control: no-cache
content-length: 821

14:41:26.659 [AsyncHttpClient-1-17] DEBUG org.asynchttpclient.netty.channel.ChannelManager - Adding key: http://localhost:33871 for channel [id: 0x48d1b6d7, L:/127.0.0.1:65357 - R:localhost/127.0.0.1:33871]
14:41:26.667 [Forwarding switchToWindow on session baad0bf8953d3698db391a7e3a449831 to remote] DEBUG org.asynchttpclient.netty.request.NettyRequestSender - Using pooled Channel '[id: 0x48d1b6d7, L:/127.0.0.1:65357 - R:localhost/127.0.0.1:33871]' for 'POST' to 'http://localhost:33871/session/baad0bf8953d3698db391a7e3a449831/window'
14:41:26.667 [Forwarding switchToWindow on session baad0bf8953d3698db391a7e3a449831 to remote] DEBUG org.asynchttpclient.netty.request.NettyRequestSender - Using open Channel [id: 0x48d1b6d7, L:/127.0.0.1:65357 - R:localhost/127.0.0.1:33871] for POST '/session/baad0bf8953d3698db391a7e3a449831/window'
14:41:26.667 [AsyncHttpClient-1-17] DEBUG org.asynchttpclient.netty.handler.HttpHandler - 

Request DefaultHttpRequest(decodeResult: success, version: HTTP/1.1)
POST /session/baad0bf8953d3698db391a7e3a449831/window HTTP/1.1
User-Agent: selenium/4.7.1 (java windows)
Content-Length: 50
Content-Type: application/json; charset=utf-8
host: localhost:33871
accept: */*

Response DefaultHttpResponse(decodeResult: success, version: HTTP/1.1)
HTTP/1.1 200 OK
Content-Type: application/json; charset=utf-8
cache-control: no-cache
content-length: 14

14:41:26.667 [AsyncHttpClient-1-17] DEBUG org.asynchttpclient.netty.channel.ChannelManager - Adding key: http://localhost:33871 for channel [id: 0x48d1b6d7, L:/127.0.0.1:65357 - R:localhost/127.0.0.1:33871]
14:41:26.667 [Forwarding getCurrentUrl on session baad0bf8953d3698db391a7e3a449831 to remote] DEBUG org.asynchttpclient.netty.request.NettyRequestSender - Using pooled Channel '[id: 0x48d1b6d7, L:/127.0.0.1:65357 - R:localhost/127.0.0.1:33871]' for 'GET' to 'http://localhost:33871/session/baad0bf8953d3698db391a7e3a449831/url'
14:41:26.667 [Forwarding getCurrentUrl on session baad0bf8953d3698db391a7e3a449831 to remote] DEBUG org.asynchttpclient.netty.request.NettyRequestSender - Using open Channel [id: 0x48d1b6d7, L:/127.0.0.1:65357 - R:localhost/127.0.0.1:33871] for GET '/session/baad0bf8953d3698db391a7e3a449831/url'
14:41:26.675 [AsyncHttpClient-1-17] DEBUG org.asynchttpclient.netty.handler.HttpHandler - 

Request DefaultFullHttpRequest(decodeResult: success, version: HTTP/1.1, content: EmptyByteBufBE)
GET /session/baad0bf8953d3698db391a7e3a449831/url HTTP/1.1
User-Agent: selenium/4.7.1 (java windows)
Cache-Control: no-cache
Content-Type: application/json; charset=utf-8
host: localhost:33871
accept: */*

Response DefaultHttpResponse(decodeResult: success, version: HTTP/1.1)
HTTP/1.1 200 OK
Content-Type: application/json; charset=utf-8
cache-control: no-cache
content-length: 51

14:41:26.675 [AsyncHttpClient-1-17] DEBUG org.asynchttpclient.netty.channel.ChannelManager - Adding key: http://localhost:33871 for channel [id: 0x48d1b6d7, L:/127.0.0.1:65357 - R:localhost/127.0.0.1:33871]
14:41:26.675 [Forwarding screenshot on session baad0bf8953d3698db391a7e3a449831 to remote] DEBUG org.asynchttpclient.netty.request.NettyRequestSender - Using pooled Channel '[id: 0x48d1b6d7, L:/127.0.0.1:65357 - R:localhost/127.0.0.1:33871]' for 'GET' to 'http://localhost:33871/session/baad0bf8953d3698db391a7e3a449831/screenshot'
14:41:26.675 [Forwarding screenshot on session baad0bf8953d3698db391a7e3a449831 to remote] DEBUG org.asynchttpclient.netty.request.NettyRequestSender - Using open Channel [id: 0x48d1b6d7, L:/127.0.0.1:65357 - R:localhost/127.0.0.1:33871] for GET '/session/baad0bf8953d3698db391a7e3a449831/screenshot'
14:41:26.891 [AsyncHttpClient-1-17] DEBUG org.asynchttpclient.netty.handler.HttpHandler - 

Request DefaultFullHttpRequest(decodeResult: success, version: HTTP/1.1, content: EmptyByteBufBE)
GET /session/baad0bf8953d3698db391a7e3a449831/screenshot HTTP/1.1
User-Agent: selenium/4.7.1 (java windows)
Cache-Control: no-cache
Content-Type: application/json; charset=utf-8
host: localhost:33871
accept: */*

Response DefaultHttpResponse(decodeResult: success, version: HTTP/1.1)
HTTP/1.1 200 OK
Content-Type: application/json; charset=utf-8
cache-control: no-cache
content-length: 192008

14:41:26.891 [AsyncHttpClient-1-17] DEBUG org.asynchttpclient.netty.channel.ChannelManager - Adding key: http://localhost:33871 for channel [id: 0x48d1b6d7, L:/127.0.0.1:65357 - R:localhost/127.0.0.1:33871]
14:41:26.899 [main] DEBUG net.serenitybdd.core.photography.Darkroom - Send negative for processing for target\site\serenity\cd7cc94f58136a2d2b3e3c252bd27c3d3d8f5aa3b9ecea873a8beb71d8774489.png
14:41:26.899 [main] DEBUG net.thucydides.core.steps.StepInterceptor - STEP DONE: klikbuttonmasuk
  &amp#27;[32mGiven &amp#27;[0m&amp#27;[32mAdmin melakukan login akun&amp#27;[0m                           &amp#27;[90m# starter.stepdefinitions.TransaksiSteps.adminMelakukanLoginAkun()&amp#27;[0m
14:41:26.923 [main] DEBUG net.thucydides.core.steps.StepInterceptor - STARTING STEP: PDAMSteps.padaBerandaAdminKlikLayanan - klikmenulayanan
14:41:26.933 [Forwarding findElement on session baad0bf8953d3698db391a7e3a449831 to remote] DEBUG org.asynchttpclient.netty.request.NettyRequestSender - Using pooled Channel '[id: 0x48d1b6d7, L:/127.0.0.1:65357 - R:localhost/127.0.0.1:33871]' for 'POST' to 'http://localhost:33871/session/baad0bf8953d3698db391a7e3a449831/element'
14:41:26.933 [Forwarding findElement on session baad0bf8953d3698db391a7e3a449831 to remote] DEBUG org.asynchttpclient.netty.request.NettyRequestSender - Using open Channel [id: 0x48d1b6d7, L:/127.0.0.1:65357 - R:localhost/127.0.0.1:33871] for POST '/session/baad0bf8953d3698db391a7e3a449831/element'
14:41:27.303 [AsyncHttpClient-1-1] DEBUG org.asynchttpclient.netty.channel.DefaultChannelPool - Entry count for : http://localhost:65358 : 1
14:41:27.968 [AsyncHttpClient-1-17] DEBUG org.asynchttpclient.netty.handler.HttpHandler - 

Request DefaultHttpRequest(decodeResult: success, version: HTTP/1.1)
POST /session/baad0bf8953d3698db391a7e3a449831/element HTTP/1.1
User-Agent: selenium/4.7.1 (java windows)
Content-Length: 178
Content-Type: application/json; charset=utf-8
host: localhost:33871
accept: */*

Response DefaultHttpResponse(decodeResult: success, version: HTTP/1.1)
HTTP/1.1 200 OK
Content-Type: application/json; charset=utf-8
cache-control: no-cache
content-length: 95

14:41:27.968 [AsyncHttpClient-1-17] DEBUG org.asynchttpclient.netty.channel.ChannelManager - Adding key: http://localhost:33871 for channel [id: 0x48d1b6d7, L:/127.0.0.1:65357 - R:localhost/127.0.0.1:33871]
14:41:27.968 [Forwarding getElementTagName on session baad0bf8953d3698db391a7e3a449831 to remote] DEBUG org.asynchttpclient.netty.request.NettyRequestSender - Using pooled Channel '[id: 0x48d1b6d7, L:/127.0.0.1:65357 - R:localhost/127.0.0.1:33871]' for 'GET' to 'http://localhost:33871/session/baad0bf8953d3698db391a7e3a449831/element/ABAE5BD7819AA04C86EE445891664D9B_element_23/name'
14:41:27.976 [Forwarding getElementTagName on session baad0bf8953d3698db391a7e3a449831 to remote] DEBUG org.asynchttpclient.netty.request.NettyRequestSender - Using open Channel [id: 0x48d1b6d7, L:/127.0.0.1:65357 - R:localhost/127.0.0.1:33871] for GET '/session/baad0bf8953d3698db391a7e3a449831/element/ABAE5BD7819AA04C86EE445891664D9B_element_23/name'
14:41:27.976 [AsyncHttpClient-1-17] DEBUG org.asynchttpclient.netty.handler.HttpHandler - 

Request DefaultFullHttpRequest(decodeResult: success, version: HTTP/1.1, content: EmptyByteBufBE)
GET /session/baad0bf8953d3698db391a7e3a449831/element/ABAE5BD7819AA04C86EE445891664D9B_element_23/name HTTP/1.1
User-Agent: selenium/4.7.1 (java windows)
Cache-Control: no-cache
Content-Type: application/json; charset=utf-8
host: localhost:33871
accept: */*

Response DefaultHttpResponse(decodeResult: success, version: HTTP/1.1)
HTTP/1.1 200 OK
Content-Type: application/json; charset=utf-8
cache-control: no-cache
content-length: 13

14:41:27.976 [AsyncHttpClient-1-17] DEBUG org.asynchttpclient.netty.channel.ChannelManager - Adding key: http://localhost:33871 for channel [id: 0x48d1b6d7, L:/127.0.0.1:65357 - R:localhost/127.0.0.1:33871]
14:41:27.984 [Forwarding getElementTagName on session baad0bf8953d3698db391a7e3a449831 to remote] DEBUG org.asynchttpclient.netty.request.NettyRequestSender - Using pooled Channel '[id: 0x48d1b6d7, L:/127.0.0.1:65357 - R:localhost/127.0.0.1:33871]' for 'GET' to 'http://localhost:33871/session/baad0bf8953d3698db391a7e3a449831/element/ABAE5BD7819AA04C86EE445891664D9B_element_23/name'
14:41:27.984 [Forwarding getElementTagName on session baad0bf8953d3698db391a7e3a449831 to remote] DEBUG org.asynchttpclient.netty.request.NettyRequestSender - Using open Channel [id: 0x48d1b6d7, L:/127.0.0.1:65357 - R:localhost/127.0.0.1:33871] for GET '/session/baad0bf8953d3698db391a7e3a449831/element/ABAE5BD7819AA04C86EE445891664D9B_element_23/name'
14:41:27.984 [AsyncHttpClient-1-17] DEBUG org.asynchttpclient.netty.handler.HttpHandler - 

Request DefaultFullHttpRequest(decodeResult: success, version: HTTP/1.1, content: EmptyByteBufBE)
GET /session/baad0bf8953d3698db391a7e3a449831/element/ABAE5BD7819AA04C86EE445891664D9B_element_23/name HTTP/1.1
User-Agent: selenium/4.7.1 (java windows)
Cache-Control: no-cache
Content-Type: application/json; charset=utf-8
host: localhost:33871
accept: */*

Response DefaultHttpResponse(decodeResult: success, version: HTTP/1.1)
HTTP/1.1 200 OK
Content-Type: application/json; charset=utf-8
cache-control: no-cache
content-length: 13

14:41:27.984 [AsyncHttpClient-1-17] DEBUG org.asynchttpclient.netty.channel.ChannelManager - Adding key: http://localhost:33871 for channel [id: 0x48d1b6d7, L:/127.0.0.1:65357 - R:localhost/127.0.0.1:33871]
14:41:27.992 [Forwarding findElement on session baad0bf8953d3698db391a7e3a449831 to remote] DEBUG org.asynchttpclient.netty.request.NettyRequestSender - Using pooled Channel '[id: 0x48d1b6d7, L:/127.0.0.1:65357 - R:localhost/127.0.0.1:33871]' for 'POST' to 'http://localhost:33871/session/baad0bf8953d3698db391a7e3a449831/element'
14:41:27.992 [Forwarding findElement on session baad0bf8953d3698db391a7e3a449831 to remote] DEBUG org.asynchttpclient.netty.request.NettyRequestSender - Using open Channel [id: 0x48d1b6d7, L:/127.0.0.1:65357 - R:localhost/127.0.0.1:33871] for POST '/session/baad0bf8953d3698db391a7e3a449831/element'
14:41:28.000 [AsyncHttpClient-1-17] DEBUG org.asynchttpclient.netty.handler.HttpHandler - 

Request DefaultHttpRequest(decodeResult: success, version: HTTP/1.1)
POST /session/baad0bf8953d3698db391a7e3a449831/element HTTP/1.1
User-Agent: selenium/4.7.1 (java windows)
Content-Length: 178
Content-Type: application/json; charset=utf-8
host: localhost:33871
accept: */*

Response DefaultHttpResponse(decodeResult: success, version: HTTP/1.1)
HTTP/1.1 200 OK
Content-Type: application/json; charset=utf-8
cache-control: no-cache
content-length: 95

14:41:28.000 [AsyncHttpClient-1-17] DEBUG org.asynchttpclient.netty.channel.ChannelManager - Adding key: http://localhost:33871 for channel [id: 0x48d1b6d7, L:/127.0.0.1:65357 - R:localhost/127.0.0.1:33871]
14:41:28.000 [Forwarding clickElement on session baad0bf8953d3698db391a7e3a449831 to remote] DEBUG org.asynchttpclient.netty.request.NettyRequestSender - Using pooled Channel '[id: 0x48d1b6d7, L:/127.0.0.1:65357 - R:localhost/127.0.0.1:33871]' for 'POST' to 'http://localhost:33871/session/baad0bf8953d3698db391a7e3a449831/element/ABAE5BD7819AA04C86EE445891664D9B_element_23/click'
14:41:28.000 [Forwarding clickElement on session baad0bf8953d3698db391a7e3a449831 to remote] DEBUG org.asynchttpclient.netty.request.NettyRequestSender - Using open Channel [id: 0x48d1b6d7, L:/127.0.0.1:65357 - R:localhost/127.0.0.1:33871] for POST '/session/baad0bf8953d3698db391a7e3a449831/element/ABAE5BD7819AA04C86EE445891664D9B_element_23/click'
14:41:28.080 [AsyncHttpClient-1-17] DEBUG org.asynchttpclient.netty.handler.HttpHandler - 

Request DefaultHttpRequest(decodeResult: success, version: HTTP/1.1)
POST /session/baad0bf8953d3698db391a7e3a449831/element/ABAE5BD7819AA04C86EE445891664D9B_element_23/click HTTP/1.1
User-Agent: selenium/4.7.1 (java windows)
Content-Length: 57
Content-Type: application/json; charset=utf-8
host: localhost:33871
accept: */*

Response DefaultHttpResponse(decodeResult: success, version: HTTP/1.1)
HTTP/1.1 200 OK
Content-Type: application/json; charset=utf-8
cache-control: no-cache
content-length: 14

14:41:28.080 [AsyncHttpClient-1-17] DEBUG org.asynchttpclient.netty.channel.ChannelManager - Adding key: http://localhost:33871 for channel [id: 0x48d1b6d7, L:/127.0.0.1:65357 - R:localhost/127.0.0.1:33871]
14:41:28.091 [Forwarding getCurrentWindowHandle on session baad0bf8953d3698db391a7e3a449831 to remote] DEBUG org.asynchttpclient.netty.request.NettyRequestSender - Using pooled Channel '[id: 0x48d1b6d7, L:/127.0.0.1:65357 - R:localhost/127.0.0.1:33871]' for 'GET' to 'http://localhost:33871/session/baad0bf8953d3698db391a7e3a449831/window'
14:41:28.091 [Forwarding getCurrentWindowHandle on session baad0bf8953d3698db391a7e3a449831 to remote] DEBUG org.asynchttpclient.netty.request.NettyRequestSender - Using open Channel [id: 0x48d1b6d7, L:/127.0.0.1:65357 - R:localhost/127.0.0.1:33871] for GET '/session/baad0bf8953d3698db391a7e3a449831/window'
14:41:28.091 [AsyncHttpClient-1-17] DEBUG org.asynchttpclient.netty.handler.HttpHandler - 

Request DefaultFullHttpRequest(decodeResult: success, version: HTTP/1.1, content: EmptyByteBufBE)
GET /session/baad0bf8953d3698db391a7e3a449831/window HTTP/1.1
User-Agent: selenium/4.7.1 (java windows)
Cache-Control: no-cache
Content-Type: application/json; charset=utf-8
host: localhost:33871
accept: */*

Response DefaultHttpResponse(decodeResult: success, version: HTTP/1.1)
HTTP/1.1 200 OK
Content-Type: application/json; charset=utf-8
cache-control: no-cache
content-length: 44

14:41:28.091 [AsyncHttpClient-1-17] DEBUG org.asynchttpclient.netty.channel.ChannelManager - Adding key: http://localhost:33871 for channel [id: 0x48d1b6d7, L:/127.0.0.1:65357 - R:localhost/127.0.0.1:33871]
14:41:28.091 [Forwarding getAlertText on session baad0bf8953d3698db391a7e3a449831 to remote] DEBUG org.asynchttpclient.netty.request.NettyRequestSender - Using pooled Channel '[id: 0x48d1b6d7, L:/127.0.0.1:65357 - R:localhost/127.0.0.1:33871]' for 'GET' to 'http://localhost:33871/session/baad0bf8953d3698db391a7e3a449831/alert/text'
14:41:28.099 [Forwarding getAlertText on session baad0bf8953d3698db391a7e3a449831 to remote] DEBUG org.asynchttpclient.netty.request.NettyRequestSender - Using open Channel [id: 0x48d1b6d7, L:/127.0.0.1:65357 - R:localhost/127.0.0.1:33871] for GET '/session/baad0bf8953d3698db391a7e3a449831/alert/text'
14:41:28.099 [AsyncHttpClient-1-17] DEBUG org.asynchttpclient.netty.handler.HttpHandler - 

Request DefaultFullHttpRequest(decodeResult: success, version: HTTP/1.1, content: EmptyByteBufBE)
GET /session/baad0bf8953d3698db391a7e3a449831/alert/text HTTP/1.1
User-Agent: selenium/4.7.1 (java windows)
Cache-Control: no-cache
Content-Type: application/json; charset=utf-8
host: localhost:33871
accept: */*

Response DefaultHttpResponse(decodeResult: success, version: HTTP/1.1)
HTTP/1.1 404 Not Found
Content-Type: application/json; charset=utf-8
cache-control: no-cache
content-length: 821

14:41:28.099 [AsyncHttpClient-1-17] DEBUG org.asynchttpclient.netty.channel.ChannelManager - Adding key: http://localhost:33871 for channel [id: 0x48d1b6d7, L:/127.0.0.1:65357 - R:localhost/127.0.0.1:33871]
14:41:28.099 [Forwarding switchToWindow on session baad0bf8953d3698db391a7e3a449831 to remote] DEBUG org.asynchttpclient.netty.request.NettyRequestSender - Using pooled Channel '[id: 0x48d1b6d7, L:/127.0.0.1:65357 - R:localhost/127.0.0.1:33871]' for 'POST' to 'http://localhost:33871/session/baad0bf8953d3698db391a7e3a449831/window'
14:41:28.099 [Forwarding switchToWindow on session baad0bf8953d3698db391a7e3a449831 to remote] DEBUG org.asynchttpclient.netty.request.NettyRequestSender - Using open Channel [id: 0x48d1b6d7, L:/127.0.0.1:65357 - R:localhost/127.0.0.1:33871] for POST '/session/baad0bf8953d3698db391a7e3a449831/window'
14:41:28.099 [AsyncHttpClient-1-17] DEBUG org.asynchttpclient.netty.handler.HttpHandler - 

Request DefaultHttpRequest(decodeResult: success, version: HTTP/1.1)
POST /session/baad0bf8953d3698db391a7e3a449831/window HTTP/1.1
User-Agent: selenium/4.7.1 (java windows)
Content-Length: 50
Content-Type: application/json; charset=utf-8
host: localhost:33871
accept: */*

Response DefaultHttpResponse(decodeResult: success, version: HTTP/1.1)
HTTP/1.1 200 OK
Content-Type: application/json; charset=utf-8
cache-control: no-cache
content-length: 14

14:41:28.099 [AsyncHttpClient-1-17] DEBUG org.asynchttpclient.netty.channel.ChannelManager - Adding key: http://localhost:33871 for channel [id: 0x48d1b6d7, L:/127.0.0.1:65357 - R:localhost/127.0.0.1:33871]
14:41:28.099 [Forwarding getCurrentUrl on session baad0bf8953d3698db391a7e3a449831 to remote] DEBUG org.asynchttpclient.netty.request.NettyRequestSender - Using pooled Channel '[id: 0x48d1b6d7, L:/127.0.0.1:65357 - R:localhost/127.0.0.1:33871]' for 'GET' to 'http://localhost:33871/session/baad0bf8953d3698db391a7e3a449831/url'
14:41:28.099 [Forwarding getCurrentUrl on session baad0bf8953d3698db391a7e3a449831 to remote] DEBUG org.asynchttpclient.netty.request.NettyRequestSender - Using open Channel [id: 0x48d1b6d7, L:/127.0.0.1:65357 - R:localhost/127.0.0.1:33871] for GET '/session/baad0bf8953d3698db391a7e3a449831/url'
14:41:28.107 [AsyncHttpClient-1-17] DEBUG org.asynchttpclient.netty.handler.HttpHandler - 

Request DefaultFullHttpRequest(decodeResult: success, version: HTTP/1.1, content: EmptyByteBufBE)
GET /session/baad0bf8953d3698db391a7e3a449831/url HTTP/1.1
User-Agent: selenium/4.7.1 (java windows)
Cache-Control: no-cache
Content-Type: application/json; charset=utf-8
host: localhost:33871
accept: */*

Response DefaultHttpResponse(decodeResult: success, version: HTTP/1.1)
HTTP/1.1 200 OK
Content-Type: application/json; charset=utf-8
cache-control: no-cache
content-length: 53

14:41:28.107 [AsyncHttpClient-1-17] DEBUG org.asynchttpclient.netty.channel.ChannelManager - Adding key: http://localhost:33871 for channel [id: 0x48d1b6d7, L:/127.0.0.1:65357 - R:localhost/127.0.0.1:33871]
14:41:28.115 [Forwarding screenshot on session baad0bf8953d3698db391a7e3a449831 to remote] DEBUG org.asynchttpclient.netty.request.NettyRequestSender - Using pooled Channel '[id: 0x48d1b6d7, L:/127.0.0.1:65357 - R:localhost/127.0.0.1:33871]' for 'GET' to 'http://localhost:33871/session/baad0bf8953d3698db391a7e3a449831/screenshot'
14:41:28.115 [Forwarding screenshot on session baad0bf8953d3698db391a7e3a449831 to remote] DEBUG org.asynchttpclient.netty.request.NettyRequestSender - Using open Channel [id: 0x48d1b6d7, L:/127.0.0.1:65357 - R:localhost/127.0.0.1:33871] for GET '/session/baad0bf8953d3698db391a7e3a449831/screenshot'
14:41:28.292 [AsyncHttpClient-1-17] DEBUG org.asynchttpclient.netty.handler.HttpHandler - 

Request DefaultFullHttpRequest(decodeResult: success, version: HTTP/1.1, content: EmptyByteBufBE)
GET /session/baad0bf8953d3698db391a7e3a449831/screenshot HTTP/1.1
User-Agent: selenium/4.7.1 (java windows)
Cache-Control: no-cache
Content-Type: application/json; charset=utf-8
host: localhost:33871
accept: */*

Response DefaultHttpResponse(decodeResult: success, version: HTTP/1.1)
HTTP/1.1 200 OK
Content-Type: application/json; charset=utf-8
cache-control: no-cache
content-length: 31404

14:41:28.292 [AsyncHttpClient-1-17] DEBUG org.asynchttpclient.netty.channel.ChannelManager - Adding key: http://localhost:33871 for channel [id: 0x48d1b6d7, L:/127.0.0.1:65357 - R:localhost/127.0.0.1:33871]
14:41:28.292 [main] DEBUG net.serenitybdd.core.photography.Darkroom - Send negative for processing for target\site\serenity\ef1a259e18302478c7eccbbd69746dd119c5d5466f75e616cec2f771ae9e4487.png
14:41:28.292 [main] DEBUG net.thucydides.core.steps.StepInterceptor - STEP DONE: klikmenulayanan
  &amp#27;[32mWhen &amp#27;[0m&amp#27;[32mPada Beranda, Admin klik Layanan&amp#27;[0m                      &amp#27;[90m# starter.stepdefinitions.PDAMSteps.padaBerandaAdminKlikLayanan()&amp#27;[0m
14:41:28.292 [Darkroom Processing Line] DEBUG net.serenitybdd.core.photography.DarkroomProcessingLine - Processing screenshot image in /var/screenshots/screenshot-1532146447037395649
14:41:28.292 [Darkroom Processing Line] DEBUG net.serenitybdd.core.photography.DarkroomProcessingLine - Saving screenshot to target\site\serenity\ef1a259e18302478c7eccbbd69746dd119c5d5466f75e616cec2f771ae9e4487.png
14:41:28.308 [main] DEBUG net.thucydides.core.steps.StepInterceptor - STARTING STEP: PDAMSteps.adminKlikPDAM - klikpdam
14:41:28.316 [Forwarding findElement on session baad0bf8953d3698db391a7e3a449831 to remote] DEBUG org.asynchttpclient.netty.request.NettyRequestSender - Using pooled Channel '[id: 0x48d1b6d7, L:/127.0.0.1:65357 - R:localhost/127.0.0.1:33871]' for 'POST' to 'http://localhost:33871/session/baad0bf8953d3698db391a7e3a449831/element'
14:41:28.316 [Forwarding findElement on session baad0bf8953d3698db391a7e3a449831 to remote] DEBUG org.asynchttpclient.netty.request.NettyRequestSender - Using open Channel [id: 0x48d1b6d7, L:/127.0.0.1:65357 - R:localhost/127.0.0.1:33871] for POST '/session/baad0bf8953d3698db391a7e3a449831/element'
14:41:28.340 [AsyncHttpClient-1-17] DEBUG org.asynchttpclient.netty.handler.HttpHandler - 

Request DefaultHttpRequest(decodeResult: success, version: HTTP/1.1)
POST /session/baad0bf8953d3698db391a7e3a449831/element HTTP/1.1
User-Agent: selenium/4.7.1 (java windows)
Content-Length: 96
Content-Type: application/json; charset=utf-8
host: localhost:33871
accept: */*

Response DefaultHttpResponse(decodeResult: success, version: HTTP/1.1)
HTTP/1.1 200 OK
Content-Type: application/json; charset=utf-8
cache-control: no-cache
content-length: 95

14:41:28.340 [AsyncHttpClient-1-17] DEBUG org.asynchttpclient.netty.channel.ChannelManager - Adding key: http://localhost:33871 for channel [id: 0x48d1b6d7, L:/127.0.0.1:65357 - R:localhost/127.0.0.1:33871]
14:41:28.340 [Forwarding getElementTagName on session baad0bf8953d3698db391a7e3a449831 to remote] DEBUG org.asynchttpclient.netty.request.NettyRequestSender - Using pooled Channel '[id: 0x48d1b6d7, L:/127.0.0.1:65357 - R:localhost/127.0.0.1:33871]' for 'GET' to 'http://localhost:33871/session/baad0bf8953d3698db391a7e3a449831/element/ABAE5BD7819AA04C86EE445891664D9B_element_59/name'
14:41:28.340 [Forwarding getElementTagName on session baad0bf8953d3698db391a7e3a449831 to remote] DEBUG org.asynchttpclient.netty.request.NettyRequestSender - Using open Channel [id: 0x48d1b6d7, L:/127.0.0.1:65357 - R:localhost/127.0.0.1:33871] for GET '/session/baad0bf8953d3698db391a7e3a449831/element/ABAE5BD7819AA04C86EE445891664D9B_element_59/name'
14:41:28.348 [AsyncHttpClient-1-17] DEBUG org.asynchttpclient.netty.handler.HttpHandler - 

Request DefaultFullHttpRequest(decodeResult: success, version: HTTP/1.1, content: EmptyByteBufBE)
GET /session/baad0bf8953d3698db391a7e3a449831/element/ABAE5BD7819AA04C86EE445891664D9B_element_59/name HTTP/1.1
User-Agent: selenium/4.7.1 (java windows)
Cache-Control: no-cache
Content-Type: application/json; charset=utf-8
host: localhost:33871
accept: */*

Response DefaultHttpResponse(decodeResult: success, version: HTTP/1.1)
HTTP/1.1 200 OK
Content-Type: application/json; charset=utf-8
cache-control: no-cache
content-length: 13

14:41:28.348 [AsyncHttpClient-1-17] DEBUG org.asynchttpclient.netty.channel.ChannelManager - Adding key: http://localhost:33871 for channel [id: 0x48d1b6d7, L:/127.0.0.1:65357 - R:localhost/127.0.0.1:33871]
14:41:28.348 [Forwarding getElementTagName on session baad0bf8953d3698db391a7e3a449831 to remote] DEBUG org.asynchttpclient.netty.request.NettyRequestSender - Using pooled Channel '[id: 0x48d1b6d7, L:/127.0.0.1:65357 - R:localhost/127.0.0.1:33871]' for 'GET' to 'http://localhost:33871/session/baad0bf8953d3698db391a7e3a449831/element/ABAE5BD7819AA04C86EE445891664D9B_element_59/name'
14:41:28.348 [Forwarding getElementTagName on session baad0bf8953d3698db391a7e3a449831 to remote] DEBUG org.asynchttpclient.netty.request.NettyRequestSender - Using open Channel [id: 0x48d1b6d7, L:/127.0.0.1:65357 - R:localhost/127.0.0.1:33871] for GET '/session/baad0bf8953d3698db391a7e3a449831/element/ABAE5BD7819AA04C86EE445891664D9B_element_59/name'
14:41:28.356 [AsyncHttpClient-1-17] DEBUG org.asynchttpclient.netty.handler.HttpHandler - 

Request DefaultFullHttpRequest(decodeResult: success, version: HTTP/1.1, content: EmptyByteBufBE)
GET /session/baad0bf8953d3698db391a7e3a449831/element/ABAE5BD7819AA04C86EE445891664D9B_element_59/name HTTP/1.1
User-Agent: selenium/4.7.1 (java windows)
Cache-Control: no-cache
Content-Type: application/json; charset=utf-8
host: localhost:33871
accept: */*

Response DefaultHttpResponse(decodeResult: success, version: HTTP/1.1)
HTTP/1.1 200 OK
Content-Type: application/json; charset=utf-8
cache-control: no-cache
content-length: 13

14:41:28.356 [AsyncHttpClient-1-17] DEBUG org.asynchttpclient.netty.channel.ChannelManager - Adding key: http://localhost:33871 for channel [id: 0x48d1b6d7, L:/127.0.0.1:65357 - R:localhost/127.0.0.1:33871]
14:41:28.356 [Forwarding findElement on session baad0bf8953d3698db391a7e3a449831 to remote] DEBUG org.asynchttpclient.netty.request.NettyRequestSender - Using pooled Channel '[id: 0x48d1b6d7, L:/127.0.0.1:65357 - R:localhost/127.0.0.1:33871]' for 'POST' to 'http://localhost:33871/session/baad0bf8953d3698db391a7e3a449831/element'
14:41:28.356 [Forwarding findElement on session baad0bf8953d3698db391a7e3a449831 to remote] DEBUG org.asynchttpclient.netty.request.NettyRequestSender - Using open Channel [id: 0x48d1b6d7, L:/127.0.0.1:65357 - R:localhost/127.0.0.1:33871] for POST '/session/baad0bf8953d3698db391a7e3a449831/element'
14:41:28.380 [AsyncHttpClient-1-17] DEBUG org.asynchttpclient.netty.handler.HttpHandler - 

Request DefaultHttpRequest(decodeResult: success, version: HTTP/1.1)
POST /session/baad0bf8953d3698db391a7e3a449831/element HTTP/1.1
User-Agent: selenium/4.7.1 (java windows)
Content-Length: 96
Content-Type: application/json; charset=utf-8
host: localhost:33871
accept: */*

Response DefaultHttpResponse(decodeResult: success, version: HTTP/1.1)
HTTP/1.1 200 OK
Content-Type: application/json; charset=utf-8
cache-control: no-cache
content-length: 95

14:41:28.380 [AsyncHttpClient-1-17] DEBUG org.asynchttpclient.netty.channel.ChannelManager - Adding key: http://localhost:33871 for channel [id: 0x48d1b6d7, L:/127.0.0.1:65357 - R:localhost/127.0.0.1:33871]
14:41:28.380 [Forwarding clickElement on session baad0bf8953d3698db391a7e3a449831 to remote] DEBUG org.asynchttpclient.netty.request.NettyRequestSender - Using pooled Channel '[id: 0x48d1b6d7, L:/127.0.0.1:65357 - R:localhost/127.0.0.1:33871]' for 'POST' to 'http://localhost:33871/session/baad0bf8953d3698db391a7e3a449831/element/ABAE5BD7819AA04C86EE445891664D9B_element_59/click'
14:41:28.380 [Forwarding clickElement on session baad0bf8953d3698db391a7e3a449831 to remote] DEBUG org.asynchttpclient.netty.request.NettyRequestSender - Using open Channel [id: 0x48d1b6d7, L:/127.0.0.1:65357 - R:localhost/127.0.0.1:33871] for POST '/session/baad0bf8953d3698db391a7e3a449831/element/ABAE5BD7819AA04C86EE445891664D9B_element_59/click'
14:41:28.391 [AsyncHttpClient-1-1] DEBUG org.asynchttpclient.netty.channel.DefaultChannelPool - Entry count for : http://localhost:65358 : 1
14:41:28.487 [AsyncHttpClient-1-17] DEBUG org.asynchttpclient.netty.handler.HttpHandler - 

Request DefaultHttpRequest(decodeResult: success, version: HTTP/1.1)
POST /session/baad0bf8953d3698db391a7e3a449831/element/ABAE5BD7819AA04C86EE445891664D9B_element_59/click HTTP/1.1
User-Agent: selenium/4.7.1 (java windows)
Content-Length: 57
Content-Type: application/json; charset=utf-8
host: localhost:33871
accept: */*

Response DefaultHttpResponse(decodeResult: success, version: HTTP/1.1)
HTTP/1.1 200 OK
Content-Type: application/json; charset=utf-8
cache-control: no-cache
content-length: 14

14:41:28.487 [AsyncHttpClient-1-17] DEBUG org.asynchttpclient.netty.channel.ChannelManager - Adding key: http://localhost:33871 for channel [id: 0x48d1b6d7, L:/127.0.0.1:65357 - R:localhost/127.0.0.1:33871]
14:41:28.495 [Forwarding getCurrentWindowHandle on session baad0bf8953d3698db391a7e3a449831 to remote] DEBUG org.asynchttpclient.netty.request.NettyRequestSender - Using pooled Channel '[id: 0x48d1b6d7, L:/127.0.0.1:65357 - R:localhost/127.0.0.1:33871]' for 'GET' to 'http://localhost:33871/session/baad0bf8953d3698db391a7e3a449831/window'
14:41:28.495 [Forwarding getCurrentWindowHandle on session baad0bf8953d3698db391a7e3a449831 to remote] DEBUG org.asynchttpclient.netty.request.NettyRequestSender - Using open Channel [id: 0x48d1b6d7, L:/127.0.0.1:65357 - R:localhost/127.0.0.1:33871] for GET '/session/baad0bf8953d3698db391a7e3a449831/window'
14:41:28.495 [AsyncHttpClient-1-17] DEBUG org.asynchttpclient.netty.handler.HttpHandler - 

Request DefaultFullHttpRequest(decodeResult: success, version: HTTP/1.1, content: EmptyByteBufBE)
GET /session/baad0bf8953d3698db391a7e3a449831/window HTTP/1.1
User-Agent: selenium/4.7.1 (java windows)
Cache-Control: no-cache
Content-Type: application/json; charset=utf-8
host: localhost:33871
accept: */*

Response DefaultHttpResponse(decodeResult: success, version: HTTP/1.1)
HTTP/1.1 200 OK
Content-Type: application/json; charset=utf-8
cache-control: no-cache
content-length: 44

14:41:28.503 [AsyncHttpClient-1-17] DEBUG org.asynchttpclient.netty.channel.ChannelManager - Adding key: http://localhost:33871 for channel [id: 0x48d1b6d7, L:/127.0.0.1:65357 - R:localhost/127.0.0.1:33871]
14:41:28.503 [Forwarding getAlertText on session baad0bf8953d3698db391a7e3a449831 to remote] DEBUG org.asynchttpclient.netty.request.NettyRequestSender - Using pooled Channel '[id: 0x48d1b6d7, L:/127.0.0.1:65357 - R:localhost/127.0.0.1:33871]' for 'GET' to 'http://localhost:33871/session/baad0bf8953d3698db391a7e3a449831/alert/text'
14:41:28.503 [Forwarding getAlertText on session baad0bf8953d3698db391a7e3a449831 to remote] DEBUG org.asynchttpclient.netty.request.NettyRequestSender - Using open Channel [id: 0x48d1b6d7, L:/127.0.0.1:65357 - R:localhost/127.0.0.1:33871] for GET '/session/baad0bf8953d3698db391a7e3a449831/alert/text'
14:41:28.503 [AsyncHttpClient-1-17] DEBUG org.asynchttpclient.netty.handler.HttpHandler - 

Request DefaultFullHttpRequest(decodeResult: success, version: HTTP/1.1, content: EmptyByteBufBE)
GET /session/baad0bf8953d3698db391a7e3a449831/alert/text HTTP/1.1
User-Agent: selenium/4.7.1 (java windows)
Cache-Control: no-cache
Content-Type: application/json; charset=utf-8
host: localhost:33871
accept: */*

Response DefaultHttpResponse(decodeResult: success, version: HTTP/1.1)
HTTP/1.1 404 Not Found
Content-Type: application/json; charset=utf-8
cache-control: no-cache
content-length: 821

14:41:28.503 [AsyncHttpClient-1-17] DEBUG org.asynchttpclient.netty.channel.ChannelManager - Adding key: http://localhost:33871 for channel [id: 0x48d1b6d7, L:/127.0.0.1:65357 - R:localhost/127.0.0.1:33871]
14:41:28.511 [Forwarding switchToWindow on session baad0bf8953d3698db391a7e3a449831 to remote] DEBUG org.asynchttpclient.netty.request.NettyRequestSender - Using pooled Channel '[id: 0x48d1b6d7, L:/127.0.0.1:65357 - R:localhost/127.0.0.1:33871]' for 'POST' to 'http://localhost:33871/session/baad0bf8953d3698db391a7e3a449831/window'
14:41:28.511 [Forwarding switchToWindow on session baad0bf8953d3698db391a7e3a449831 to remote] DEBUG org.asynchttpclient.netty.request.NettyRequestSender - Using open Channel [id: 0x48d1b6d7, L:/127.0.0.1:65357 - R:localhost/127.0.0.1:33871] for POST '/session/baad0bf8953d3698db391a7e3a449831/window'
14:41:28.511 [AsyncHttpClient-1-17] DEBUG org.asynchttpclient.netty.handler.HttpHandler - 

Request DefaultHttpRequest(decodeResult: success, version: HTTP/1.1)
POST /session/baad0bf8953d3698db391a7e3a449831/window HTTP/1.1
User-Agent: selenium/4.7.1 (java windows)
Content-Length: 50
Content-Type: application/json; charset=utf-8
host: localhost:33871
accept: */*

Response DefaultHttpResponse(decodeResult: success, version: HTTP/1.1)
HTTP/1.1 200 OK
Content-Type: application/json; charset=utf-8
cache-control: no-cache
content-length: 14

14:41:28.511 [AsyncHttpClient-1-17] DEBUG org.asynchttpclient.netty.channel.ChannelManager - Adding key: http://localhost:33871 for channel [id: 0x48d1b6d7, L:/127.0.0.1:65357 - R:localhost/127.0.0.1:33871]
14:41:28.511 [Forwarding getCurrentUrl on session baad0bf8953d3698db391a7e3a449831 to remote] DEBUG org.asynchttpclient.netty.request.NettyRequestSender - Using pooled Channel '[id: 0x48d1b6d7, L:/127.0.0.1:65357 - R:localhost/127.0.0.1:33871]' for 'GET' to 'http://localhost:33871/session/baad0bf8953d3698db391a7e3a449831/url'
14:41:28.511 [Forwarding getCurrentUrl on session baad0bf8953d3698db391a7e3a449831 to remote] DEBUG org.asynchttpclient.netty.request.NettyRequestSender - Using open Channel [id: 0x48d1b6d7, L:/127.0.0.1:65357 - R:localhost/127.0.0.1:33871] for GET '/session/baad0bf8953d3698db391a7e3a449831/url'
14:41:28.519 [AsyncHttpClient-1-17] DEBUG org.asynchttpclient.netty.handler.HttpHandler - 

Request DefaultFullHttpRequest(decodeResult: success, version: HTTP/1.1, content: EmptyByteBufBE)
GET /session/baad0bf8953d3698db391a7e3a449831/url HTTP/1.1
User-Agent: selenium/4.7.1 (java windows)
Cache-Control: no-cache
Content-Type: application/json; charset=utf-8
host: localhost:33871
accept: */*

Response DefaultHttpResponse(decodeResult: success, version: HTTP/1.1)
HTTP/1.1 200 OK
Content-Type: application/json; charset=utf-8
cache-control: no-cache
content-length: 58

14:41:28.519 [AsyncHttpClient-1-17] DEBUG org.asynchttpclient.netty.channel.ChannelManager - Adding key: http://localhost:33871 for channel [id: 0x48d1b6d7, L:/127.0.0.1:65357 - R:localhost/127.0.0.1:33871]
14:41:28.519 [Forwarding screenshot on session baad0bf8953d3698db391a7e3a449831 to remote] DEBUG org.asynchttpclient.netty.request.NettyRequestSender - Using pooled Channel '[id: 0x48d1b6d7, L:/127.0.0.1:65357 - R:localhost/127.0.0.1:33871]' for 'GET' to 'http://localhost:33871/session/baad0bf8953d3698db391a7e3a449831/screenshot'
14:41:28.519 [Forwarding screenshot on session baad0bf8953d3698db391a7e3a449831 to remote] DEBUG org.asynchttpclient.netty.request.NettyRequestSender - Using open Channel [id: 0x48d1b6d7, L:/127.0.0.1:65357 - R:localhost/127.0.0.1:33871] for GET '/session/baad0bf8953d3698db391a7e3a449831/screenshot'
14:41:28.663 [AsyncHttpClient-1-17] DEBUG org.asynchttpclient.netty.handler.HttpHandler - 

Request DefaultFullHttpRequest(decodeResult: success, version: HTTP/1.1, content: EmptyByteBufBE)
GET /session/baad0bf8953d3698db391a7e3a449831/screenshot HTTP/1.1
User-Agent: selenium/4.7.1 (java windows)
Cache-Control: no-cache
Content-Type: application/json; charset=utf-8
host: localhost:33871
accept: */*

Response DefaultHttpResponse(decodeResult: success, version: HTTP/1.1)
HTTP/1.1 200 OK
Content-Type: application/json; charset=utf-8
cache-control: no-cache
content-length: 61968

14:41:28.663 [AsyncHttpClient-1-17] DEBUG org.asynchttpclient.netty.channel.ChannelManager - Adding key: http://localhost:33871 for channel [id: 0x48d1b6d7, L:/127.0.0.1:65357 - R:localhost/127.0.0.1:33871]
14:41:28.663 [main] DEBUG net.serenitybdd.core.photography.Darkroom - Send negative for processing for target\site\serenity\5f343597f6d835901ec0cb02d209b178c902e8eaac3f3431cbbb9833e2b17b3a.png
14:41:28.663 [main] DEBUG net.thucydides.core.steps.StepInterceptor - STEP DONE: klikpdam
  &amp#27;[32mAnd &amp#27;[0m&amp#27;[32mAdmin klik PDAM&amp#27;[0m                                        &amp#27;[90m# starter.stepdefinitions.PDAMSteps.adminKlikPDAM()&amp#27;[0m
14:41:28.679 [main] DEBUG net.thucydides.core.steps.StepInterceptor - STARTING STEP: PDAMSteps.adminKlikIconEditPadaSalahSatuProduk - klikiconeditPDAM
14:41:28.687 [Forwarding findElement on session baad0bf8953d3698db391a7e3a449831 to remote] DEBUG org.asynchttpclient.netty.request.NettyRequestSender - Using pooled Channel '[id: 0x48d1b6d7, L:/127.0.0.1:65357 - R:localhost/127.0.0.1:33871]' for 'POST' to 'http://localhost:33871/session/baad0bf8953d3698db391a7e3a449831/element'
14:41:28.687 [Forwarding findElement on session baad0bf8953d3698db391a7e3a449831 to remote] DEBUG org.asynchttpclient.netty.request.NettyRequestSender - Using open Channel [id: 0x48d1b6d7, L:/127.0.0.1:65357 - R:localhost/127.0.0.1:33871] for POST '/session/baad0bf8953d3698db391a7e3a449831/element'
14:41:28.703 [AsyncHttpClient-1-17] DEBUG org.asynchttpclient.netty.handler.HttpHandler - 

Request DefaultHttpRequest(decodeResult: success, version: HTTP/1.1)
POST /session/baad0bf8953d3698db391a7e3a449831/element HTTP/1.1
User-Agent: selenium/4.7.1 (java windows)
Content-Length: 243
Content-Type: application/json; charset=utf-8
host: localhost:33871
accept: */*

Response DefaultHttpResponse(decodeResult: success, version: HTTP/1.1)
HTTP/1.1 200 OK
Content-Type: application/json; charset=utf-8
cache-control: no-cache
content-length: 95

14:41:28.703 [AsyncHttpClient-1-17] DEBUG org.asynchttpclient.netty.channel.ChannelManager - Adding key: http://localhost:33871 for channel [id: 0x48d1b6d7, L:/127.0.0.1:65357 - R:localhost/127.0.0.1:33871]
14:41:28.703 [Forwarding getElementTagName on session baad0bf8953d3698db391a7e3a449831 to remote] DEBUG org.asynchttpclient.netty.request.NettyRequestSender - Using pooled Channel '[id: 0x48d1b6d7, L:/127.0.0.1:65357 - R:localhost/127.0.0.1:33871]' for 'GET' to 'http://localhost:33871/session/baad0bf8953d3698db391a7e3a449831/element/ABAE5BD7819AA04C86EE445891664D9B_element_64/name'
14:41:28.703 [Forwarding getElementTagName on session baad0bf8953d3698db391a7e3a449831 to remote] DEBUG org.asynchttpclient.netty.request.NettyRequestSender - Using open Channel [id: 0x48d1b6d7, L:/127.0.0.1:65357 - R:localhost/127.0.0.1:33871] for GET '/session/baad0bf8953d3698db391a7e3a449831/element/ABAE5BD7819AA04C86EE445891664D9B_element_64/name'
14:41:28.711 [AsyncHttpClient-1-17] DEBUG org.asynchttpclient.netty.handler.HttpHandler - 

Request DefaultFullHttpRequest(decodeResult: success, version: HTTP/1.1, content: EmptyByteBufBE)
GET /session/baad0bf8953d3698db391a7e3a449831/element/ABAE5BD7819AA04C86EE445891664D9B_element_64/name HTTP/1.1
User-Agent: selenium/4.7.1 (java windows)
Cache-Control: no-cache
Content-Type: application/json; charset=utf-8
host: localhost:33871
accept: */*

Response DefaultHttpResponse(decodeResult: success, version: HTTP/1.1)
HTTP/1.1 200 OK
Content-Type: application/json; charset=utf-8
cache-control: no-cache
content-length: 15

14:41:28.711 [AsyncHttpClient-1-17] DEBUG org.asynchttpclient.netty.channel.ChannelManager - Adding key: http://localhost:33871 for channel [id: 0x48d1b6d7, L:/127.0.0.1:65357 - R:localhost/127.0.0.1:33871]
14:41:28.711 [Forwarding getElementTagName on session baad0bf8953d3698db391a7e3a449831 to remote] DEBUG org.asynchttpclient.netty.request.NettyRequestSender - Using pooled Channel '[id: 0x48d1b6d7, L:/127.0.0.1:65357 - R:localhost/127.0.0.1:33871]' for 'GET' to 'http://localhost:33871/session/baad0bf8953d3698db391a7e3a449831/element/ABAE5BD7819AA04C86EE445891664D9B_element_64/name'
14:41:28.711 [Forwarding getElementTagName on session baad0bf8953d3698db391a7e3a449831 to remote] DEBUG org.asynchttpclient.netty.request.NettyRequestSender - Using open Channel [id: 0x48d1b6d7, L:/127.0.0.1:65357 - R:localhost/127.0.0.1:33871] for GET '/session/baad0bf8953d3698db391a7e3a449831/element/ABAE5BD7819AA04C86EE445891664D9B_element_64/name'
14:41:28.719 [AsyncHttpClient-1-17] DEBUG org.asynchttpclient.netty.handler.HttpHandler - 

Request DefaultFullHttpRequest(decodeResult: success, version: HTTP/1.1, content: EmptyByteBufBE)
GET /session/baad0bf8953d3698db391a7e3a449831/element/ABAE5BD7819AA04C86EE445891664D9B_element_64/name HTTP/1.1
User-Agent: selenium/4.7.1 (java windows)
Cache-Control: no-cache
Content-Type: application/json; charset=utf-8
host: localhost:33871
accept: */*

Response DefaultHttpResponse(decodeResult: success, version: HTTP/1.1)
HTTP/1.1 200 OK
Content-Type: application/json; charset=utf-8
cache-control: no-cache
content-length: 15

14:41:28.719 [AsyncHttpClient-1-17] DEBUG org.asynchttpclient.netty.channel.ChannelManager - Adding key: http://localhost:33871 for channel [id: 0x48d1b6d7, L:/127.0.0.1:65357 - R:localhost/127.0.0.1:33871]
14:41:28.719 [Forwarding findElement on session baad0bf8953d3698db391a7e3a449831 to remote] DEBUG org.asynchttpclient.netty.request.NettyRequestSender - Using pooled Channel '[id: 0x48d1b6d7, L:/127.0.0.1:65357 - R:localhost/127.0.0.1:33871]' for 'POST' to 'http://localhost:33871/session/baad0bf8953d3698db391a7e3a449831/element'
14:41:28.719 [Forwarding findElement on session baad0bf8953d3698db391a7e3a449831 to remote] DEBUG org.asynchttpclient.netty.request.NettyRequestSender - Using open Channel [id: 0x48d1b6d7, L:/127.0.0.1:65357 - R:localhost/127.0.0.1:33871] for POST '/session/baad0bf8953d3698db391a7e3a449831/element'
14:41:28.734 [AsyncHttpClient-1-17] DEBUG org.asynchttpclient.netty.handler.HttpHandler - 

Request DefaultHttpRequest(decodeResult: success, version: HTTP/1.1)
POST /session/baad0bf8953d3698db391a7e3a449831/element HTTP/1.1
User-Agent: selenium/4.7.1 (java windows)
Content-Length: 243
Content-Type: application/json; charset=utf-8
host: localhost:33871
accept: */*

Response DefaultHttpResponse(decodeResult: success, version: HTTP/1.1)
HTTP/1.1 200 OK
Content-Type: application/json; charset=utf-8
cache-control: no-cache
content-length: 95

14:41:28.734 [AsyncHttpClient-1-17] DEBUG org.asynchttpclient.netty.channel.ChannelManager - Adding key: http://localhost:33871 for channel [id: 0x48d1b6d7, L:/127.0.0.1:65357 - R:localhost/127.0.0.1:33871]
14:41:28.734 [Forwarding clickElement on session baad0bf8953d3698db391a7e3a449831 to remote] DEBUG org.asynchttpclient.netty.request.NettyRequestSender - Using pooled Channel '[id: 0x48d1b6d7, L:/127.0.0.1:65357 - R:localhost/127.0.0.1:33871]' for 'POST' to 'http://localhost:33871/session/baad0bf8953d3698db391a7e3a449831/element/ABAE5BD7819AA04C86EE445891664D9B_element_64/click'
14:41:28.734 [Forwarding clickElement on session baad0bf8953d3698db391a7e3a449831 to remote] DEBUG org.asynchttpclient.netty.request.NettyRequestSender - Using open Channel [id: 0x48d1b6d7, L:/127.0.0.1:65357 - R:localhost/127.0.0.1:33871] for POST '/session/baad0bf8953d3698db391a7e3a449831/element/ABAE5BD7819AA04C86EE445891664D9B_element_64/click'
14:41:29.492 [AsyncHttpClient-1-1] DEBUG org.asynchttpclient.netty.channel.DefaultChannelPool - Entry count for : http://localhost:65358 : 1
14:41:30.600 [AsyncHttpClient-1-1] DEBUG org.asynchttpclient.netty.channel.DefaultChannelPool - Entry count for : http://localhost:65358 : 1
14:41:30.760 [AsyncHttpClient-1-17] DEBUG org.asynchttpclient.netty.handler.HttpHandler - 

Request DefaultHttpRequest(decodeResult: success, version: HTTP/1.1)
POST /session/baad0bf8953d3698db391a7e3a449831/element/ABAE5BD7819AA04C86EE445891664D9B_element_64/click HTTP/1.1
User-Agent: selenium/4.7.1 (java windows)
Content-Length: 57
Content-Type: application/json; charset=utf-8
host: localhost:33871
accept: */*

Response DefaultHttpResponse(decodeResult: success, version: HTTP/1.1)
HTTP/1.1 400 Bad Request
Content-Type: application/json; charset=utf-8
cache-control: no-cache
content-length: 899

14:41:30.760 [AsyncHttpClient-1-17] DEBUG org.asynchttpclient.netty.channel.ChannelManager - Adding key: http://localhost:33871 for channel [id: 0x48d1b6d7, L:/127.0.0.1:65357 - R:localhost/127.0.0.1:33871]
14:41:31.015 [Forwarding clickElement on session baad0bf8953d3698db391a7e3a449831 to remote] DEBUG org.asynchttpclient.netty.request.NettyRequestSender - Using pooled Channel '[id: 0x48d1b6d7, L:/127.0.0.1:65357 - R:localhost/127.0.0.1:33871]' for 'POST' to 'http://localhost:33871/session/baad0bf8953d3698db391a7e3a449831/element/ABAE5BD7819AA04C86EE445891664D9B_element_64/click'
14:41:31.015 [Forwarding clickElement on session baad0bf8953d3698db391a7e3a449831 to remote] DEBUG org.asynchttpclient.netty.request.NettyRequestSender - Using open Channel [id: 0x48d1b6d7, L:/127.0.0.1:65357 - R:localhost/127.0.0.1:33871] for POST '/session/baad0bf8953d3698db391a7e3a449831/element/ABAE5BD7819AA04C86EE445891664D9B_element_64/click'
14:41:31.697 [AsyncHttpClient-1-1] DEBUG org.asynchttpclient.netty.channel.DefaultChannelPool - Entry count for : http://localhost:65358 : 1
14:41:32.792 [AsyncHttpClient-1-1] DEBUG org.asynchttpclient.netty.channel.DefaultChannelPool - Entry count for : http://localhost:65358 : 1
14:41:33.082 [AsyncHttpClient-1-17] DEBUG org.asynchttpclient.netty.handler.HttpHandler - 

Request DefaultHttpRequest(decodeResult: success, version: HTTP/1.1)
POST /session/baad0bf8953d3698db391a7e3a449831/element/ABAE5BD7819AA04C86EE445891664D9B_element_64/click HTTP/1.1
User-Agent: selenium/4.7.1 (java windows)
Content-Length: 57
Content-Type: application/json; charset=utf-8
host: localhost:33871
accept: */*

Response DefaultHttpResponse(decodeResult: success, version: HTTP/1.1)
HTTP/1.1 400 Bad Request
Content-Type: application/json; charset=utf-8
cache-control: no-cache
content-length: 899

14:41:33.082 [AsyncHttpClient-1-17] DEBUG org.asynchttpclient.netty.channel.ChannelManager - Adding key: http://localhost:33871 for channel [id: 0x48d1b6d7, L:/127.0.0.1:65357 - R:localhost/127.0.0.1:33871]
14:41:33.347 [Forwarding clickElement on session baad0bf8953d3698db391a7e3a449831 to remote] DEBUG org.asynchttpclient.netty.request.NettyRequestSender - Using pooled Channel '[id: 0x48d1b6d7, L:/127.0.0.1:65357 - R:localhost/127.0.0.1:33871]' for 'POST' to 'http://localhost:33871/session/baad0bf8953d3698db391a7e3a449831/element/ABAE5BD7819AA04C86EE445891664D9B_element_64/click'
14:41:33.347 [Forwarding clickElement on session baad0bf8953d3698db391a7e3a449831 to remote] DEBUG org.asynchttpclient.netty.request.NettyRequestSender - Using open Channel [id: 0x48d1b6d7, L:/127.0.0.1:65357 - R:localhost/127.0.0.1:33871] for POST '/session/baad0bf8953d3698db391a7e3a449831/element/ABAE5BD7819AA04C86EE445891664D9B_element_64/click'
14:41:33.891 [AsyncHttpClient-1-1] DEBUG org.asynchttpclient.netty.channel.DefaultChannelPool - Entry count for : http://localhost:65358 : 1
14:41:34.995 [AsyncHttpClient-1-1] DEBUG org.asynchttpclient.netty.channel.DefaultChannelPool - Entry count for : http://localhost:65358 : 1
14:41:35.371 [AsyncHttpClient-1-17] DEBUG org.asynchttpclient.netty.handler.HttpHandler - 

Request DefaultHttpRequest(decodeResult: success, version: HTTP/1.1)
POST /session/baad0bf8953d3698db391a7e3a449831/element/ABAE5BD7819AA04C86EE445891664D9B_element_64/click HTTP/1.1
User-Agent: selenium/4.7.1 (java windows)
Content-Length: 57
Content-Type: application/json; charset=utf-8
host: localhost:33871
accept: */*

Response DefaultHttpResponse(decodeResult: success, version: HTTP/1.1)
HTTP/1.1 400 Bad Request
Content-Type: application/json; charset=utf-8
cache-control: no-cache
content-length: 899

14:41:35.371 [AsyncHttpClient-1-17] DEBUG org.asynchttpclient.netty.channel.ChannelManager - Adding key: http://localhost:33871 for channel [id: 0x48d1b6d7, L:/127.0.0.1:65357 - R:localhost/127.0.0.1:33871]
14:41:35.636 [Forwarding clickElement on session baad0bf8953d3698db391a7e3a449831 to remote] DEBUG org.asynchttpclient.netty.request.NettyRequestSender - Using pooled Channel '[id: 0x48d1b6d7, L:/127.0.0.1:65357 - R:localhost/127.0.0.1:33871]' for 'POST' to 'http://localhost:33871/session/baad0bf8953d3698db391a7e3a449831/element/ABAE5BD7819AA04C86EE445891664D9B_element_64/click'
14:41:35.636 [Forwarding clickElement on session baad0bf8953d3698db391a7e3a449831 to remote] DEBUG org.asynchttpclient.netty.request.NettyRequestSender - Using open Channel [id: 0x48d1b6d7, L:/127.0.0.1:65357 - R:localhost/127.0.0.1:33871] for POST '/session/baad0bf8953d3698db391a7e3a449831/element/ABAE5BD7819AA04C86EE445891664D9B_element_64/click'
14:41:36.091 [AsyncHttpClient-1-1] DEBUG org.asynchttpclient.netty.channel.DefaultChannelPool - Entry count for : http://localhost:65358 : 1
14:41:37.191 [AsyncHttpClient-1-1] DEBUG org.asynchttpclient.netty.channel.DefaultChannelPool - Entry count for : http://localhost:65358 : 1
14:41:37.681 [AsyncHttpClient-1-17] DEBUG org.asynchttpclient.netty.handler.HttpHandler - 

Request DefaultHttpRequest(decodeResult: success, version: HTTP/1.1)
POST /session/baad0bf8953d3698db391a7e3a449831/element/ABAE5BD7819AA04C86EE445891664D9B_element_64/click HTTP/1.1
User-Agent: selenium/4.7.1 (java windows)
Content-Length: 57
Content-Type: application/json; charset=utf-8
host: localhost:33871
accept: */*

Response DefaultHttpResponse(decodeResult: success, version: HTTP/1.1)
HTTP/1.1 400 Bad Request
Content-Type: application/json; charset=utf-8
cache-control: no-cache
content-length: 899

14:41:37.681 [AsyncHttpClient-1-17] DEBUG org.asynchttpclient.netty.channel.ChannelManager - Adding key: http://localhost:33871 for channel [id: 0x48d1b6d7, L:/127.0.0.1:65357 - R:localhost/127.0.0.1:33871]
14:41:37.936 [Forwarding clickElement on session baad0bf8953d3698db391a7e3a449831 to remote] DEBUG org.asynchttpclient.netty.request.NettyRequestSender - Using pooled Channel '[id: 0x48d1b6d7, L:/127.0.0.1:65357 - R:localhost/127.0.0.1:33871]' for 'POST' to 'http://localhost:33871/session/baad0bf8953d3698db391a7e3a449831/element/ABAE5BD7819AA04C86EE445891664D9B_element_64/click'
14:41:37.936 [Forwarding clickElement on session baad0bf8953d3698db391a7e3a449831 to remote] DEBUG org.asynchttpclient.netty.request.NettyRequestSender - Using open Channel [id: 0x48d1b6d7, L:/127.0.0.1:65357 - R:localhost/127.0.0.1:33871] for POST '/session/baad0bf8953d3698db391a7e3a449831/element/ABAE5BD7819AA04C86EE445891664D9B_element_64/click'
14:41:38.300 [AsyncHttpClient-1-1] DEBUG org.asynchttpclient.netty.channel.DefaultChannelPool - Entry count for : http://localhost:65358 : 1
14:41:39.404 [AsyncHttpClient-1-1] DEBUG org.asynchttpclient.netty.channel.DefaultChannelPool - Entry count for : http://localhost:65358 : 1
14:41:39.978 [AsyncHttpClient-1-17] DEBUG org.asynchttpclient.netty.handler.HttpHandler - 

Request DefaultHttpRequest(decodeResult: success, version: HTTP/1.1)
POST /session/baad0bf8953d3698db391a7e3a449831/element/ABAE5BD7819AA04C86EE445891664D9B_element_64/click HTTP/1.1
User-Agent: selenium/4.7.1 (java windows)
Content-Length: 57
Content-Type: application/json; charset=utf-8
host: localhost:33871
accept: */*

Response DefaultHttpResponse(decodeResult: success, version: HTTP/1.1)
HTTP/1.1 400 Bad Request
Content-Type: application/json; charset=utf-8
cache-control: no-cache
content-length: 899

14:41:39.978 [AsyncHttpClient-1-17] DEBUG org.asynchttpclient.netty.channel.ChannelManager - Adding key: http://localhost:33871 for channel [id: 0x48d1b6d7, L:/127.0.0.1:65357 - R:localhost/127.0.0.1:33871]
14:41:40.235 [Forwarding clickElement on session baad0bf8953d3698db391a7e3a449831 to remote] DEBUG org.asynchttpclient.netty.request.NettyRequestSender - Using pooled Channel '[id: 0x48d1b6d7, L:/127.0.0.1:65357 - R:localhost/127.0.0.1:33871]' for 'POST' to 'http://localhost:33871/session/baad0bf8953d3698db391a7e3a449831/element/ABAE5BD7819AA04C86EE445891664D9B_element_64/click'
14:41:40.235 [Forwarding clickElement on session baad0bf8953d3698db391a7e3a449831 to remote] DEBUG org.asynchttpclient.netty.request.NettyRequestSender - Using open Channel [id: 0x48d1b6d7, L:/127.0.0.1:65357 - R:localhost/127.0.0.1:33871] for POST '/session/baad0bf8953d3698db391a7e3a449831/element/ABAE5BD7819AA04C86EE445891664D9B_element_64/click'
14:41:40.499 [AsyncHttpClient-1-1] DEBUG org.asynchttpclient.netty.channel.DefaultChannelPool - Entry count for : http://localhost:65358 : 1
14:41:41.603 [AsyncHttpClient-1-1] DEBUG org.asynchttpclient.netty.channel.DefaultChannelPool - Entry count for : http://localhost:65358 : 1
14:41:42.299 [AsyncHttpClient-1-17] DEBUG org.asynchttpclient.netty.handler.HttpHandler - 

Request DefaultHttpRequest(decodeResult: success, version: HTTP/1.1)
POST /session/baad0bf8953d3698db391a7e3a449831/element/ABAE5BD7819AA04C86EE445891664D9B_element_64/click HTTP/1.1
User-Agent: selenium/4.7.1 (java windows)
Content-Length: 57
Content-Type: application/json; charset=utf-8
host: localhost:33871
accept: */*

Response DefaultHttpResponse(decodeResult: success, version: HTTP/1.1)
HTTP/1.1 400 Bad Request
Content-Type: application/json; charset=utf-8
cache-control: no-cache
content-length: 899

14:41:42.299 [AsyncHttpClient-1-17] DEBUG org.asynchttpclient.netty.channel.ChannelManager - Adding key: http://localhost:33871 for channel [id: 0x48d1b6d7, L:/127.0.0.1:65357 - R:localhost/127.0.0.1:33871]
14:41:42.557 [Forwarding clickElement on session baad0bf8953d3698db391a7e3a449831 to remote] DEBUG org.asynchttpclient.netty.request.NettyRequestSender - Using pooled Channel '[id: 0x48d1b6d7, L:/127.0.0.1:65357 - R:localhost/127.0.0.1:33871]' for 'POST' to 'http://localhost:33871/session/baad0bf8953d3698db391a7e3a449831/element/ABAE5BD7819AA04C86EE445891664D9B_element_64/click'
14:41:42.557 [Forwarding clickElement on session baad0bf8953d3698db391a7e3a449831 to remote] DEBUG org.asynchttpclient.netty.request.NettyRequestSender - Using open Channel [id: 0x48d1b6d7, L:/127.0.0.1:65357 - R:localhost/127.0.0.1:33871] for POST '/session/baad0bf8953d3698db391a7e3a449831/element/ABAE5BD7819AA04C86EE445891664D9B_element_64/click'
14:41:42.702 [AsyncHttpClient-1-1] DEBUG org.asynchttpclient.netty.channel.DefaultChannelPool - Entry count for : http://localhost:65358 : 1
14:41:43.791 [AsyncHttpClient-1-1] DEBUG org.asynchttpclient.netty.channel.DefaultChannelPool - Entry count for : http://localhost:65358 : 1
14:41:44.612 [AsyncHttpClient-1-17] DEBUG org.asynchttpclient.netty.handler.HttpHandler - 

Request DefaultHttpRequest(decodeResult: success, version: HTTP/1.1)
POST /session/baad0bf8953d3698db391a7e3a449831/element/ABAE5BD7819AA04C86EE445891664D9B_element_64/click HTTP/1.1
User-Agent: selenium/4.7.1 (java windows)
Content-Length: 57
Content-Type: application/json; charset=utf-8
host: localhost:33871
accept: */*

Response DefaultHttpResponse(decodeResult: success, version: HTTP/1.1)
HTTP/1.1 400 Bad Request
Content-Type: application/json; charset=utf-8
cache-control: no-cache
content-length: 899

14:41:44.612 [AsyncHttpClient-1-17] DEBUG org.asynchttpclient.netty.channel.ChannelManager - Adding key: http://localhost:33871 for channel [id: 0x48d1b6d7, L:/127.0.0.1:65357 - R:localhost/127.0.0.1:33871]
14:41:44.867 [Forwarding clickElement on session baad0bf8953d3698db391a7e3a449831 to remote] DEBUG org.asynchttpclient.netty.request.NettyRequestSender - Using pooled Channel '[id: 0x48d1b6d7, L:/127.0.0.1:65357 - R:localhost/127.0.0.1:33871]' for 'POST' to 'http://localhost:33871/session/baad0bf8953d3698db391a7e3a449831/element/ABAE5BD7819AA04C86EE445891664D9B_element_64/click'
14:41:44.867 [Forwarding clickElement on session baad0bf8953d3698db391a7e3a449831 to remote] DEBUG org.asynchttpclient.netty.request.NettyRequestSender - Using open Channel [id: 0x48d1b6d7, L:/127.0.0.1:65357 - R:localhost/127.0.0.1:33871] for POST '/session/baad0bf8953d3698db391a7e3a449831/element/ABAE5BD7819AA04C86EE445891664D9B_element_64/click'
14:41:44.891 [AsyncHttpClient-1-1] DEBUG org.asynchttpclient.netty.channel.DefaultChannelPool - Entry count for : http://localhost:65358 : 1
14:41:45.995 [AsyncHttpClient-1-1] DEBUG org.asynchttpclient.netty.channel.DefaultChannelPool - Entry count for : http://localhost:65358 : 1
14:41:46.908 [AsyncHttpClient-1-17] DEBUG org.asynchttpclient.netty.handler.HttpHandler - 

Request DefaultHttpRequest(decodeResult: success, version: HTTP/1.1)
POST /session/baad0bf8953d3698db391a7e3a449831/element/ABAE5BD7819AA04C86EE445891664D9B_element_64/click HTTP/1.1
User-Agent: selenium/4.7.1 (java windows)
Content-Length: 57
Content-Type: application/json; charset=utf-8
host: localhost:33871
accept: */*

Response DefaultHttpResponse(decodeResult: success, version: HTTP/1.1)
HTTP/1.1 400 Bad Request
Content-Type: application/json; charset=utf-8
cache-control: no-cache
content-length: 899

14:41:46.908 [AsyncHttpClient-1-17] DEBUG org.asynchttpclient.netty.channel.ChannelManager - Adding key: http://localhost:33871 for channel [id: 0x48d1b6d7, L:/127.0.0.1:65357 - R:localhost/127.0.0.1:33871]
14:41:47.100 [AsyncHttpClient-1-1] DEBUG org.asynchttpclient.netty.channel.DefaultChannelPool - Entry count for : http://localhost:33871 : 1
14:41:47.100 [AsyncHttpClient-1-1] DEBUG org.asynchttpclient.netty.channel.DefaultChannelPool - Entry count for : http://localhost:65358 : 1
14:41:47.172 [Forwarding clickElement on session baad0bf8953d3698db391a7e3a449831 to remote] DEBUG org.asynchttpclient.netty.request.NettyRequestSender - Using pooled Channel '[id: 0x48d1b6d7, L:/127.0.0.1:65357 - R:localhost/127.0.0.1:33871]' for 'POST' to 'http://localhost:33871/session/baad0bf8953d3698db391a7e3a449831/element/ABAE5BD7819AA04C86EE445891664D9B_element_64/click'
14:41:47.172 [Forwarding clickElement on session baad0bf8953d3698db391a7e3a449831 to remote] DEBUG org.asynchttpclient.netty.request.NettyRequestSender - Using open Channel [id: 0x48d1b6d7, L:/127.0.0.1:65357 - R:localhost/127.0.0.1:33871] for POST '/session/baad0bf8953d3698db391a7e3a449831/element/ABAE5BD7819AA04C86EE445891664D9B_element_64/click'
14:41:48.190 [AsyncHttpClient-1-1] DEBUG org.asynchttpclient.netty.channel.DefaultChannelPool - Entry count for : http://localhost:65358 : 1
14:41:49.254 [AsyncHttpClient-1-17] DEBUG org.asynchttpclient.netty.handler.HttpHandler - 

Request DefaultHttpRequest(decodeResult: success, version: HTTP/1.1)
POST /session/baad0bf8953d3698db391a7e3a449831/element/ABAE5BD7819AA04C86EE445891664D9B_element_64/click HTTP/1.1
User-Agent: selenium/4.7.1 (java windows)
Content-Length: 57
Content-Type: application/json; charset=utf-8
host: localhost:33871
accept: */*

Response DefaultHttpResponse(decodeResult: success, version: HTTP/1.1)
HTTP/1.1 400 Bad Request
Content-Type: application/json; charset=utf-8
cache-control: no-cache
content-length: 899

14:41:49.254 [AsyncHttpClient-1-17] DEBUG org.asynchttpclient.netty.channel.ChannelManager - Adding key: http://localhost:33871 for channel [id: 0x48d1b6d7, L:/127.0.0.1:65357 - R:localhost/127.0.0.1:33871]
14:41:49.291 [AsyncHttpClient-1-1] DEBUG org.asynchttpclient.netty.channel.DefaultChannelPool - Entry count for : http://localhost:33871 : 1
14:41:49.291 [AsyncHttpClient-1-1] DEBUG org.asynchttpclient.netty.channel.DefaultChannelPool - Entry count for : http://localhost:65358 : 1
14:41:49.507 [Forwarding clickElement on session baad0bf8953d3698db391a7e3a449831 to remote] DEBUG org.asynchttpclient.netty.request.NettyRequestSender - Using pooled Channel '[id: 0x48d1b6d7, L:/127.0.0.1:65357 - R:localhost/127.0.0.1:33871]' for 'POST' to 'http://localhost:33871/session/baad0bf8953d3698db391a7e3a449831/element/ABAE5BD7819AA04C86EE445891664D9B_element_64/click'
14:41:49.507 [Forwarding clickElement on session baad0bf8953d3698db391a7e3a449831 to remote] DEBUG org.asynchttpclient.netty.request.NettyRequestSender - Using open Channel [id: 0x48d1b6d7, L:/127.0.0.1:65357 - R:localhost/127.0.0.1:33871] for POST '/session/baad0bf8953d3698db391a7e3a449831/element/ABAE5BD7819AA04C86EE445891664D9B_element_64/click'
14:41:50.391 [AsyncHttpClient-1-1] DEBUG org.asynchttpclient.netty.channel.DefaultChannelPool - Entry count for : http://localhost:65358 : 1
14:41:51.495 [AsyncHttpClient-1-1] DEBUG org.asynchttpclient.netty.channel.DefaultChannelPool - Entry count for : http://localhost:65358 : 1
14:41:51.527 [AsyncHttpClient-1-17] DEBUG org.asynchttpclient.netty.handler.HttpHandler - 

Request DefaultHttpRequest(decodeResult: success, version: HTTP/1.1)
POST /session/baad0bf8953d3698db391a7e3a449831/element/ABAE5BD7819AA04C86EE445891664D9B_element_64/click HTTP/1.1
User-Agent: selenium/4.7.1 (java windows)
Content-Length: 57
Content-Type: application/json; charset=utf-8
host: localhost:33871
accept: */*

Response DefaultHttpResponse(decodeResult: success, version: HTTP/1.1)
HTTP/1.1 400 Bad Request
Content-Type: application/json; charset=utf-8
cache-control: no-cache
content-length: 899

14:41:51.527 [AsyncHttpClient-1-17] DEBUG org.asynchttpclient.netty.channel.ChannelManager - Adding key: http://localhost:33871 for channel [id: 0x48d1b6d7, L:/127.0.0.1:65357 - R:localhost/127.0.0.1:33871]
14:41:51.791 [Forwarding clickElement on session baad0bf8953d3698db391a7e3a449831 to remote] DEBUG org.asynchttpclient.netty.request.NettyRequestSender - Using pooled Channel '[id: 0x48d1b6d7, L:/127.0.0.1:65357 - R:localhost/127.0.0.1:33871]' for 'POST' to 'http://localhost:33871/session/baad0bf8953d3698db391a7e3a449831/element/ABAE5BD7819AA04C86EE445891664D9B_element_64/click'
14:41:51.791 [Forwarding clickElement on session baad0bf8953d3698db391a7e3a449831 to remote] DEBUG org.asynchttpclient.netty.request.NettyRequestSender - Using open Channel [id: 0x48d1b6d7, L:/127.0.0.1:65357 - R:localhost/127.0.0.1:33871] for POST '/session/baad0bf8953d3698db391a7e3a449831/element/ABAE5BD7819AA04C86EE445891664D9B_element_64/click'
14:41:52.600 [AsyncHttpClient-1-1] DEBUG org.asynchttpclient.netty.channel.DefaultChannelPool - Entry count for : http://localhost:65358 : 1
14:41:53.696 [AsyncHttpClient-1-1] DEBUG org.asynchttpclient.netty.channel.DefaultChannelPool - Entry count for : http://localhost:65358 : 1
14:41:53.848 [AsyncHttpClient-1-17] DEBUG org.asynchttpclient.netty.handler.HttpHandler - 

Request DefaultHttpRequest(decodeResult: success, version: HTTP/1.1)
POST /session/baad0bf8953d3698db391a7e3a449831/element/ABAE5BD7819AA04C86EE445891664D9B_element_64/click HTTP/1.1
User-Agent: selenium/4.7.1 (java windows)
Content-Length: 57
Content-Type: application/json; charset=utf-8
host: localhost:33871
accept: */*

Response DefaultHttpResponse(decodeResult: success, version: HTTP/1.1)
HTTP/1.1 400 Bad Request
Content-Type: application/json; charset=utf-8
cache-control: no-cache
content-length: 899

14:41:53.848 [AsyncHttpClient-1-17] DEBUG org.asynchttpclient.netty.channel.ChannelManager - Adding key: http://localhost:33871 for channel [id: 0x48d1b6d7, L:/127.0.0.1:65357 - R:localhost/127.0.0.1:33871]
14:41:54.105 [Forwarding clickElement on session baad0bf8953d3698db391a7e3a449831 to remote] DEBUG org.asynchttpclient.netty.request.NettyRequestSender - Using pooled Channel '[id: 0x48d1b6d7, L:/127.0.0.1:65357 - R:localhost/127.0.0.1:33871]' for 'POST' to 'http://localhost:33871/session/baad0bf8953d3698db391a7e3a449831/element/ABAE5BD7819AA04C86EE445891664D9B_element_64/click'
14:41:54.105 [Forwarding clickElement on session baad0bf8953d3698db391a7e3a449831 to remote] DEBUG org.asynchttpclient.netty.request.NettyRequestSender - Using open Channel [id: 0x48d1b6d7, L:/127.0.0.1:65357 - R:localhost/127.0.0.1:33871] for POST '/session/baad0bf8953d3698db391a7e3a449831/element/ABAE5BD7819AA04C86EE445891664D9B_element_64/click'
14:41:54.790 [AsyncHttpClient-1-1] DEBUG org.asynchttpclient.netty.channel.DefaultChannelPool - Entry count for : http://localhost:65358 : 1
14:41:55.891 [AsyncHttpClient-1-1] DEBUG org.asynchttpclient.netty.channel.DefaultChannelPool - Entry count for : http://localhost:65358 : 1
14:41:56.175 [AsyncHttpClient-1-17] DEBUG org.asynchttpclient.netty.handler.HttpHandler - 

Request DefaultHttpRequest(decodeResult: success, version: HTTP/1.1)
POST /session/baad0bf8953d3698db391a7e3a449831/element/ABAE5BD7819AA04C86EE445891664D9B_element_64/click HTTP/1.1
User-Agent: selenium/4.7.1 (java windows)
Content-Length: 57
Content-Type: application/json; charset=utf-8
host: localhost:33871
accept: */*

Response DefaultHttpResponse(decodeResult: success, version: HTTP/1.1)
HTTP/1.1 400 Bad Request
Content-Type: application/json; charset=utf-8
cache-control: no-cache
content-length: 899

14:41:56.175 [AsyncHttpClient-1-17] DEBUG org.asynchttpclient.netty.channel.ChannelManager - Adding key: http://localhost:33871 for channel [id: 0x48d1b6d7, L:/127.0.0.1:65357 - R:localhost/127.0.0.1:33871]
14:41:56.455 [Forwarding getCurrentWindowHandle on session baad0bf8953d3698db391a7e3a449831 to remote] DEBUG org.asynchttpclient.netty.request.NettyRequestSender - Using pooled Channel '[id: 0x48d1b6d7, L:/127.0.0.1:65357 - R:localhost/127.0.0.1:33871]' for 'GET' to 'http://localhost:33871/session/baad0bf8953d3698db391a7e3a449831/window'
14:41:56.455 [Forwarding getCurrentWindowHandle on session baad0bf8953d3698db391a7e3a449831 to remote] DEBUG org.asynchttpclient.netty.request.NettyRequestSender - Using open Channel [id: 0x48d1b6d7, L:/127.0.0.1:65357 - R:localhost/127.0.0.1:33871] for GET '/session/baad0bf8953d3698db391a7e3a449831/window'
14:41:56.455 [AsyncHttpClient-1-17] DEBUG org.asynchttpclient.netty.handler.HttpHandler - 

Request DefaultFullHttpRequest(decodeResult: success, version: HTTP/1.1, content: EmptyByteBufBE)
GET /session/baad0bf8953d3698db391a7e3a449831/window HTTP/1.1
User-Agent: selenium/4.7.1 (java windows)
Cache-Control: no-cache
Content-Type: application/json; charset=utf-8
host: localhost:33871
accept: */*

Response DefaultHttpResponse(decodeResult: success, version: HTTP/1.1)
HTTP/1.1 200 OK
Content-Type: application/json; charset=utf-8
cache-control: no-cache
content-length: 44

14:41:56.455 [AsyncHttpClient-1-17] DEBUG org.asynchttpclient.netty.channel.ChannelManager - Adding key: http://localhost:33871 for channel [id: 0x48d1b6d7, L:/127.0.0.1:65357 - R:localhost/127.0.0.1:33871]
14:41:56.462 [Forwarding getAlertText on session baad0bf8953d3698db391a7e3a449831 to remote] DEBUG org.asynchttpclient.netty.request.NettyRequestSender - Using pooled Channel '[id: 0x48d1b6d7, L:/127.0.0.1:65357 - R:localhost/127.0.0.1:33871]' for 'GET' to 'http://localhost:33871/session/baad0bf8953d3698db391a7e3a449831/alert/text'
14:41:56.462 [Forwarding getAlertText on session baad0bf8953d3698db391a7e3a449831 to remote] DEBUG org.asynchttpclient.netty.request.NettyRequestSender - Using open Channel [id: 0x48d1b6d7, L:/127.0.0.1:65357 - R:localhost/127.0.0.1:33871] for GET '/session/baad0bf8953d3698db391a7e3a449831/alert/text'
14:41:56.463 [AsyncHttpClient-1-17] DEBUG org.asynchttpclient.netty.handler.HttpHandler - 

Request DefaultFullHttpRequest(decodeResult: success, version: HTTP/1.1, content: EmptyByteBufBE)
GET /session/baad0bf8953d3698db391a7e3a449831/alert/text HTTP/1.1
User-Agent: selenium/4.7.1 (java windows)
Cache-Control: no-cache
Content-Type: application/json; charset=utf-8
host: localhost:33871
accept: */*

Response DefaultHttpResponse(decodeResult: success, version: HTTP/1.1)
HTTP/1.1 404 Not Found
Content-Type: application/json; charset=utf-8
cache-control: no-cache
content-length: 821

14:41:56.463 [AsyncHttpClient-1-17] DEBUG org.asynchttpclient.netty.channel.ChannelManager - Adding key: http://localhost:33871 for channel [id: 0x48d1b6d7, L:/127.0.0.1:65357 - R:localhost/127.0.0.1:33871]
14:41:56.463 [Forwarding switchToWindow on session baad0bf8953d3698db391a7e3a449831 to remote] DEBUG org.asynchttpclient.netty.request.NettyRequestSender - Using pooled Channel '[id: 0x48d1b6d7, L:/127.0.0.1:65357 - R:localhost/127.0.0.1:33871]' for 'POST' to 'http://localhost:33871/session/baad0bf8953d3698db391a7e3a449831/window'
14:41:56.463 [Forwarding switchToWindow on session baad0bf8953d3698db391a7e3a449831 to remote] DEBUG org.asynchttpclient.netty.request.NettyRequestSender - Using open Channel [id: 0x48d1b6d7, L:/127.0.0.1:65357 - R:localhost/127.0.0.1:33871] for POST '/session/baad0bf8953d3698db391a7e3a449831/window'
14:41:56.463 [AsyncHttpClient-1-17] DEBUG org.asynchttpclient.netty.handler.HttpHandler - 

Request DefaultHttpRequest(decodeResult: success, version: HTTP/1.1)
POST /session/baad0bf8953d3698db391a7e3a449831/window HTTP/1.1
User-Agent: selenium/4.7.1 (java windows)
Content-Length: 50
Content-Type: application/json; charset=utf-8
host: localhost:33871
accept: */*

Response DefaultHttpResponse(decodeResult: success, version: HTTP/1.1)
HTTP/1.1 200 OK
Content-Type: application/json; charset=utf-8
cache-control: no-cache
content-length: 14

14:41:56.463 [AsyncHttpClient-1-17] DEBUG org.asynchttpclient.netty.channel.ChannelManager - Adding key: http://localhost:33871 for channel [id: 0x48d1b6d7, L:/127.0.0.1:65357 - R:localhost/127.0.0.1:33871]
14:41:56.463 [Forwarding getCurrentUrl on session baad0bf8953d3698db391a7e3a449831 to remote] DEBUG org.asynchttpclient.netty.request.NettyRequestSender - Using pooled Channel '[id: 0x48d1b6d7, L:/127.0.0.1:65357 - R:localhost/127.0.0.1:33871]' for 'GET' to 'http://localhost:33871/session/baad0bf8953d3698db391a7e3a449831/url'
14:41:56.463 [Forwarding getCurrentUrl on session baad0bf8953d3698db391a7e3a449831 to remote] DEBUG org.asynchttpclient.netty.request.NettyRequestSender - Using open Channel [id: 0x48d1b6d7, L:/127.0.0.1:65357 - R:localhost/127.0.0.1:33871] for GET '/session/baad0bf8953d3698db391a7e3a449831/url'
14:41:56.471 [AsyncHttpClient-1-17] DEBUG org.asynchttpclient.netty.handler.HttpHandler - 

Request DefaultFullHttpRequest(decodeResult: success, version: HTTP/1.1, content: EmptyByteBufBE)
GET /session/baad0bf8953d3698db391a7e3a449831/url HTTP/1.1
User-Agent: selenium/4.7.1 (java windows)
Cache-Control: no-cache
Content-Type: application/json; charset=utf-8
host: localhost:33871
accept: */*

Response DefaultHttpResponse(decodeResult: success, version: HTTP/1.1)
HTTP/1.1 200 OK
Content-Type: application/json; charset=utf-8
cache-control: no-cache
content-length: 58

14:41:56.471 [AsyncHttpClient-1-17] DEBUG org.asynchttpclient.netty.channel.ChannelManager - Adding key: http://localhost:33871 for channel [id: 0x48d1b6d7, L:/127.0.0.1:65357 - R:localhost/127.0.0.1:33871]
14:41:56.471 [Forwarding screenshot on session baad0bf8953d3698db391a7e3a449831 to remote] DEBUG org.asynchttpclient.netty.request.NettyRequestSender - Using pooled Channel '[id: 0x48d1b6d7, L:/127.0.0.1:65357 - R:localhost/127.0.0.1:33871]' for 'GET' to 'http://localhost:33871/session/baad0bf8953d3698db391a7e3a449831/screenshot'
14:41:56.471 [Forwarding screenshot on session baad0bf8953d3698db391a7e3a449831 to remote] DEBUG org.asynchttpclient.netty.request.NettyRequestSender - Using open Channel [id: 0x48d1b6d7, L:/127.0.0.1:65357 - R:localhost/127.0.0.1:33871] for GET '/session/baad0bf8953d3698db391a7e3a449831/screenshot'
14:41:56.607 [AsyncHttpClient-1-17] DEBUG org.asynchttpclient.netty.handler.HttpHandler - 

Request DefaultFullHttpRequest(decodeResult: success, version: HTTP/1.1, content: EmptyByteBufBE)
GET /session/baad0bf8953d3698db391a7e3a449831/screenshot HTTP/1.1
User-Agent: selenium/4.7.1 (java windows)
Cache-Control: no-cache
Content-Type: application/json; charset=utf-8
host: localhost:33871
accept: */*

Response DefaultHttpResponse(decodeResult: success, version: HTTP/1.1)
HTTP/1.1 200 OK
Content-Type: application/json; charset=utf-8
cache-control: no-cache
content-length: 61968

14:41:56.607 [AsyncHttpClient-1-17] DEBUG org.asynchttpclient.netty.channel.ChannelManager - Adding key: http://localhost:33871 for channel [id: 0x48d1b6d7, L:/127.0.0.1:65357 - R:localhost/127.0.0.1:33871]
14:41:56.615 [main] DEBUG net.serenitybdd.core.photography.Darkroom - Send negative for processing for target\site\serenity\5f343597f6d835901ec0cb02d209b178c902e8eaac3f3431cbbb9833e2b17b3a.png
14:41:56.615 [Forwarding getPageSource on session baad0bf8953d3698db391a7e3a449831 to remote] DEBUG org.asynchttpclient.netty.request.NettyRequestSender - Using pooled Channel '[id: 0x48d1b6d7, L:/127.0.0.1:65357 - R:localhost/127.0.0.1:33871]' for 'POST' to 'http://localhost:33871/session/baad0bf8953d3698db391a7e3a449831/execute/sync'
14:41:56.615 [Forwarding getPageSource on session baad0bf8953d3698db391a7e3a449831 to remote] DEBUG org.asynchttpclient.netty.request.NettyRequestSender - Using open Channel [id: 0x48d1b6d7, L:/127.0.0.1:65357 - R:localhost/127.0.0.1:33871] for POST '/session/baad0bf8953d3698db391a7e3a449831/execute/sync'
14:41:56.631 [AsyncHttpClient-1-17] DEBUG org.asynchttpclient.netty.handler.HttpHandler - 

Request DefaultHttpRequest(decodeResult: success, version: HTTP/1.1)
POST /session/baad0bf8953d3698db391a7e3a449831/execute/sync HTTP/1.1
User-Agent: selenium/4.7.1 (java windows)
Content-Length: 176
Content-Type: application/json; charset=utf-8
host: localhost:33871
accept: */*

Response DefaultHttpResponse(decodeResult: success, version: HTTP/1.1)
HTTP/1.1 200 OK
Content-Type: application/json; charset=utf-8
cache-control: no-cache
content-length: 41130

14:41:56.631 [AsyncHttpClient-1-17] DEBUG org.asynchttpclient.netty.channel.ChannelManager - Adding key: http://localhost:33871 for channel [id: 0x48d1b6d7, L:/127.0.0.1:65357 - R:localhost/127.0.0.1:33871]
14:41:56.751 [Forwarding getCurrentUrl on session baad0bf8953d3698db391a7e3a449831 to remote] DEBUG org.asynchttpclient.netty.request.NettyRequestSender - Using pooled Channel '[id: 0x48d1b6d7, L:/127.0.0.1:65357 - R:localhost/127.0.0.1:33871]' for 'GET' to 'http://localhost:33871/session/baad0bf8953d3698db391a7e3a449831/url'
14:41:56.751 [Forwarding getCurrentUrl on session baad0bf8953d3698db391a7e3a449831 to remote] DEBUG org.asynchttpclient.netty.request.NettyRequestSender - Using open Channel [id: 0x48d1b6d7, L:/127.0.0.1:65357 - R:localhost/127.0.0.1:33871] for GET '/session/baad0bf8953d3698db391a7e3a449831/url'
14:41:56.762 [AsyncHttpClient-1-17] DEBUG org.asynchttpclient.netty.handler.HttpHandler - 

Request DefaultFullHttpRequest(decodeResult: success, version: HTTP/1.1, content: EmptyByteBufBE)
GET /session/baad0bf8953d3698db391a7e3a449831/url HTTP/1.1
User-Agent: selenium/4.7.1 (java windows)
Cache-Control: no-cache
Content-Type: application/json; charset=utf-8
host: localhost:33871
accept: */*

Response DefaultHttpResponse(decodeResult: success, version: HTTP/1.1)
HTTP/1.1 200 OK
Content-Type: application/json; charset=utf-8
cache-control: no-cache
content-length: 58

14:41:56.762 [AsyncHttpClient-1-17] DEBUG org.asynchttpclient.netty.channel.ChannelManager - Adding key: http://localhost:33871 for channel [id: 0x48d1b6d7, L:/127.0.0.1:65357 - R:localhost/127.0.0.1:33871]
  &amp#27;[31mAnd &amp#27;[0m&amp#27;[31mAdmin klik icon edit pada salah satu produk&amp#27;[0m            &amp#27;[90m# starter.stepdefinitions.PDAMSteps.adminKlikIconEditPadaSalahSatuProduk()&amp#27;[0m
      &amp#27;[31morg.openqa.selenium.ElementNotInteractableException: element not interactable
  (Session info: chrome=114.0.5735.134)
Build info: version: '4.7.1', revision: 'c6795baf1a3'
System info: os.name: 'Windows 11', os.arch: 'amd64', os.version: '10.0', java.version: '19.0.2'
Driver info: org.openqa.selenium.chrome.ChromeDriver
Command: [baad0bf8953d3698db391a7e3a449831, clickElement {id=ABAE5BD7819AA04C86EE445891664D9B_element_64}]
Capabilities {acceptInsecureCerts: true, browserName: chrome, browserVersion: 114.0.5735.134, chrome: {chromedriverVersion: 114.0.5735.90 (386bc09e8f4f..., userDataDir: C:\Users\HP\AppData\Local\T...}, goog:chromeOptions: {debuggerAddress: localhost:65358}, networkConnectionEnabled: false, pageLoadStrategy: normal, platformName: WINDOWS, proxy: Proxy(), se:cdp: ws://localhost:65358/devtoo..., se:cdpVersion: 114.0.5735.134, setWindowRect: true, strictFileInteractability: false, timeouts: {implicit: 0, pageLoad: 300000, script: 30000}, unhandledPromptBehavior: dismiss and notify, webauthn:extension:credBlob: true, webauthn:extension:largeBlob: true, webauthn:extension:minPinLength: true, webauthn:extension:prf: true, webauthn:virtualAuthenticators: true}
Element: [[ChromeDriver: chrome on WINDOWS (baad0bf8953d3698db391a7e3a449831)] -> xpath: /html[1]/body[1]/div[1]/div[1]/div[1]/div[1]/div[1]/div[2]/div[1]/div[2]/table[1]/tbody[1]/tr[1]/td[4]/a[1]/*[name()='svg'][1]]
Session ID: baad0bf8953d3698db391a7e3a449831
	at java.base/jdk.internal.reflect.DirectConstructorHandleAccessor.newInstance(DirectConstructorHandleAccessor.java:67)
	at java.base/java.lang.reflect.Constructor.newInstanceWithCaller(Constructor.java:500)
	at java.base/java.lang.reflect.Constructor.newInstance(Constructor.java:484)
	at org.openqa.selenium.remote.codec.w3c.W3CHttpResponseCodec.createException(W3CHttpResponseCodec.java:200)
	at org.openqa.selenium.remote.codec.w3c.W3CHttpResponseCodec.decode(W3CHttpResponseCodec.java:133)
	at org.openqa.selenium.remote.codec.w3c.W3CHttpResponseCodec.decode(W3CHttpResponseCodec.java:53)
	at org.openqa.selenium.remote.HttpCommandExecutor.execute(HttpCommandExecutor.java:184)
	at org.openqa.selenium.remote.service.DriverCommandExecutor.invokeExecute(DriverCommandExecutor.java:167)
	at org.openqa.selenium.remote.service.DriverCommandExecutor.execute(DriverCommandExecutor.java:142)
	at org.openqa.selenium.remote.RemoteWebDriver.execute(RemoteWebDriver.java:551)
	at org.openqa.selenium.remote.RemoteWebElement.execute(RemoteWebElement.java:257)
	at org.openqa.selenium.remote.RemoteWebElement.click(RemoteWebElement.java:78)
	at net.serenitybdd.core.pages.WebElementFacadeImpl.lambda$click$6(WebElementFacadeImpl.java:1213)
	at net.serenitybdd.core.pages.WithRetries.perform(WithRetries.java:22)
	at net.serenitybdd.core.pages.WithRetries.perform(WithRetries.java:27)
	at net.serenitybdd.core.pages.WithRetries.perform(WithRetries.java:27)
	at net.serenitybdd.core.pages.WithRetries.perform(WithRetries.java:27)
	at net.serenitybdd.core.pages.WithRetries.perform(WithRetries.java:27)
	at net.serenitybdd.core.pages.WithRetries.perform(WithRetries.java:27)
	at net.serenitybdd.core.pages.WithRetries.perform(WithRetries.java:27)
	at net.serenitybdd.core.pages.WithRetries.perform(WithRetries.java:27)
	at net.serenitybdd.core.pages.WithRetries.perform(WithRetries.java:27)
	at net.serenitybdd.core.pages.WithRetries.perform(WithRetries.java:27)
	at net.serenitybdd.core.pages.WithRetries.perform(WithRetries.java:27)
	at net.serenitybdd.core.pages.WithRetries.perform(WithRetries.java:27)
	at net.serenitybdd.core.pages.WebElementFacadeImpl.click(WebElementFacadeImpl.java:1213)
	at net.serenitybdd.core.pages.WebElementFacadeImpl.click(WebElementFacadeImpl.java:1224)
	at skuypayweb@1.0-SNAPSHOT/starter.pages.PDAMPage.klikiconeditPDAM(PDAMPage.java:149)
	at skuypayweb@1.0-SNAPSHOT/starter.pages.PDAMPage$ByteBuddy$kYQqTyIK.klikiconeditPDAM$accessor$nkFtnZDd(Unknown Source)
	at java.base/jdk.internal.reflect.DirectMethodHandleAccessor.invoke(DirectMethodHandleAccessor.java:104)
	at java.base/java.lang.reflect.Method.invoke(Method.java:578)
	at net.thucydides.core.steps.StepInterceptor.invokeMethod(StepInterceptor.java:503)
	at net.thucydides.core.steps.StepInterceptor.executeTestStepMethod(StepInterceptor.java:483)
	at net.thucydides.core.steps.StepInterceptor.runTestStep(StepInterceptor.java:457)
	at net.thucydides.core.steps.StepInterceptor.runOrSkipMethod(StepInterceptor.java:209)
	at net.thucydides.core.steps.StepInterceptor.testStepResult(StepInterceptor.java:196)
	at net.thucydides.core.steps.StepInterceptor.intercept(StepInterceptor.java:84)
	at net.thucydides.core.steps.ProxyConfiguration$InterceptorDispatcher.intercept(ProxyConfiguration.java:51)
	at skuypayweb@1.0-SNAPSHOT/starter.pages.PDAMPage$ByteBuddy$kYQqTyIK.klikiconeditPDAM(Unknown Source)
	at skuypayweb@1.0-SNAPSHOT/starter.stepdefinitions.PDAMSteps.adminKlikIconEditPadaSalahSatuProduk(PDAMSteps.java:86)
	at ✽.Admin klik icon edit pada salah satu produk(file:///C:/Dev/CapstoneProjectBaru/SKUYPAY%20WEB%20AUTOMATION/src/test/resources/features/PDAM.feature:61)
&amp#27;[0m
  &amp#27;[36mThen &amp#27;[0m&amp#27;[36mAdmin mengganti Nama jenis PDAM pada field jenis PDAM&amp#27;[0m &amp#27;[90m# starter.stepdefinitions.PDAMSteps.adminMenggantiNamaJenisPDAMPadaFieldJenisPDAM()&amp#27;[0m
  &amp#27;[36mAnd &amp#27;[0m&amp#27;[36mAdmin klik simpan dan muncul popup berhasil diubah&amp#27;[0m     &amp#27;[90m# starter.stepdefinitions.PDAMSteps.adminKlikSimpanDanMunculPopupBerhasilDiubah()&amp#27;[0m
14:41:56.839 [main] ERROR  - 
  _____   ___   ___   _____     ___   ___   ___    ___    ___ 
 |_   _| | __| / __| |_   _|   | __| | _ \ | _ \  / _ \  | _ \
   | |   | _|  \__ \   | |     | _|  |   / |   / | (_) | |   /
   |_|   |___| |___/   |_|     |___| |_|_\ |_|_\  \___/  |_|_\

Admin ingin mengubah nama jenis PDAM
---------------------------------------------------------------
14:41:56.847 [main] DEBUG  - RELATED ISSUES: 
14:41:56.847 [main] ERROR  -     Test failed at step: Klikiconedit PDAM
14:41:56.847 [main] ERROR  -     element not interactable
14:41:56.855 [AsyncHttpClient-1-3] DEBUG org.asynchttpclient.netty.handler.WebSocketHandler - Channel Closed: [id: 0xee9e200b, L:/127.0.0.1:65366 ! R:localhost/127.0.0.1:65358] with attribute NettyResponseFuture{currentRetry=0,
	isDone=1,
	isCancelled=0,
	asyncHandler=org.asynchttpclient.ws.WebSocketUpgradeHandler@4b8bac14,
	nettyRequest=org.asynchttpclient.netty.request.NettyRequest@3de4e5f3,
	future=java.util.concurrent.CompletableFuture@3b0b403b[Completed normally],
	uri=ws://localhost:65358/devtools/browser/2097616d-4ef8-4ee8-be8a-e1eb5503d4f6,
	keepAlive=true,
	redirectCount=0,
	timeoutsHolder=null,
	inAuth=0,
	touch=1687074083608}
14:41:56.855 [Driver Command Executor] DEBUG org.asynchttpclient.netty.request.NettyRequestSender - Using pooled Channel '[id: 0x48d1b6d7, L:/127.0.0.1:65357 - R:localhost/127.0.0.1:33871]' for 'DELETE' to 'http://localhost:33871/session/baad0bf8953d3698db391a7e3a449831'
14:41:56.855 [AsyncHttpClient-1-3] DEBUG org.asynchttpclient.netty.channel.ChannelManager - Closing Channel [id: 0xee9e200b, L:/127.0.0.1:65366 ! R:localhost/127.0.0.1:65358] 
14:41:56.855 [Driver Command Executor] DEBUG org.asynchttpclient.netty.request.NettyRequestSender - Using open Channel [id: 0x48d1b6d7, L:/127.0.0.1:65357 - R:localhost/127.0.0.1:33871] for DELETE '/session/baad0bf8953d3698db391a7e3a449831'
14:41:56.948 [AsyncHttpClient-1-2] DEBUG org.asynchttpclient.netty.handler.HttpHandler - Unexpected I/O exception on channel [id: 0x7db19a00, L:/127.0.0.1:65365 - R:localhost/127.0.0.1:65358]
java.net.SocketException: Connection reset
	at java.base/sun.nio.ch.SocketChannelImpl.throwConnectionReset(SocketChannelImpl.java:401)
	at java.base/sun.nio.ch.SocketChannelImpl.read(SocketChannelImpl.java:434)
	at io.netty.buffer.PooledByteBuf.setBytes(PooledByteBuf.java:259)
	at io.netty.buffer.AbstractByteBuf.writeBytes(AbstractByteBuf.java:1132)
	at io.netty.channel.socket.nio.NioSocketChannel.doReadBytes(NioSocketChannel.java:357)
	at io.netty.channel.nio.AbstractNioByteChannel$NioByteUnsafe.read(AbstractNioByteChannel.java:151)
	at io.netty.channel.nio.NioEventLoop.processSelectedKey(NioEventLoop.java:788)
	at io.netty.channel.nio.NioEventLoop.processSelectedKeysOptimized(NioEventLoop.java:724)
	at io.netty.channel.nio.NioEventLoop.processSelectedKeys(NioEventLoop.java:650)
	at io.netty.channel.nio.NioEventLoop.run(NioEventLoop.java:562)
	at io.netty.util.concurrent.SingleThreadEventExecutor$4.run(SingleThreadEventExecutor.java:997)
	at io.netty.util.internal.ThreadExecutorMap$2.run(ThreadExecutorMap.java:74)
	at io.netty.util.concurrent.FastThreadLocalRunnable.run(FastThreadLocalRunnable.java:30)
	at java.base/java.lang.Thread.run(Thread.java:1589)
14:41:56.948 [AsyncHttpClient-1-2] DEBUG org.asynchttpclient.netty.channel.ChannelManager - Closing Channel [id: 0x7db19a00, L:/127.0.0.1:65365 - R:localhost/127.0.0.1:65358] 
14:41:56.948 [AsyncHttpClient-1-2] DEBUG org.asynchttpclient.netty.handler.HttpHandler - Channel Closed: [id: 0x7db19a00, L:/127.0.0.1:65365 ! R:localhost/127.0.0.1:65358] with attribute DISCARD
14:41:56.991 [AsyncHttpClient-1-1] DEBUG org.asynchttpclient.netty.channel.DefaultChannelPool - Entry count for : http://localhost:65358 : 1
14:41:56.991 [AsyncHttpClient-1-1] DEBUG org.asynchttpclient.netty.channel.DefaultChannelPool - Adding Candidate expired Channel [id: 0x7db19a00, L:/127.0.0.1:65365 ! R:localhost/127.0.0.1:65358] isIdleTimeoutExpired=false isRemotelyClosed=true isTtlExpired=false
14:41:56.991 [AsyncHttpClient-1-1] DEBUG org.asynchttpclient.netty.channel.DefaultChannelPool - Closing Idle Channel [id: 0x7db19a00, L:/127.0.0.1:65365 ! R:localhost/127.0.0.1:65358]
14:41:56.991 [AsyncHttpClient-1-1] DEBUG org.asynchttpclient.netty.channel.DefaultChannelPool - Closed 1 connections out of 1 in 0 ms
14:41:57.103 [AsyncHttpClient-1-17] DEBUG org.asynchttpclient.netty.handler.HttpHandler - 

Request DefaultFullHttpRequest(decodeResult: success, version: HTTP/1.1, content: EmptyByteBufBE)
DELETE /session/baad0bf8953d3698db391a7e3a449831 HTTP/1.1
User-Agent: selenium/4.7.1 (java windows)
Content-Type: application/json; charset=utf-8
host: localhost:33871
accept: */*

Response DefaultHttpResponse(decodeResult: success, version: HTTP/1.1)
HTTP/1.1 200 OK
Content-Type: application/json; charset=utf-8
cache-control: no-cache
content-length: 14

14:41:57.103 [AsyncHttpClient-1-17] DEBUG org.asynchttpclient.netty.channel.ChannelManager - Adding key: http://localhost:33871 for channel [id: 0x48d1b6d7, L:/127.0.0.1:65357 - R:localhost/127.0.0.1:33871]
14:41:57.191 [AsyncHttpClient-1-17] DEBUG org.asynchttpclient.netty.handler.HttpHandler - Channel Closed: [id: 0x48d1b6d7, L:/127.0.0.1:65357 ! R:localhost/127.0.0.1:33871] with attribute DISCARD
]]></system-out>
    <system-err><![CDATA[Starting ChromeDriver 114.0.5735.90 (386bc09e8f4f2e025eddae123f36f6263096ae49-refs/branch-heads/5735@{#1052}) on port 33871
Only local connections are allowed.
Please see https://chromedriver.chromium.org/security-considerations for suggestions on keeping ChromeDriver safe.
ChromeDriver was started successfully.
Jun 18, 2023 2:41:23 PM org.openqa.selenium.devtools.CdpVersionFinder findNearestMatch
WARNING: Unable to find CDP implementation matching 114
Jun 18, 2023 2:41:23 PM org.openqa.selenium.chromium.ChromiumDriver lambda$new$3
WARNING: Unable to find version of CDP to use for . You may need to include a dependency on a specific version of the CDP using something similar to `org.seleniumhq.selenium:selenium-devtools-v86:4.7.1` where the version ("v86") matches the version of the chromium-based browser you're using and the version number of the artifact is the same as Selenium's.
]]></system-err>
  </testcase>
  <testcase name="Admin ingin mengubah nama wilayah PDAM" classname="PDAM" time="37.067">
    <error type="org.openqa.selenium.ElementNotInteractableException"><![CDATA[org.openqa.selenium.ElementNotInteractableException: 
element not interactable
  (Session info: chrome=114.0.5735.134)
Build info: version: '4.7.1', revision: 'c6795baf1a3'
System info: os.name: 'Windows 11', os.arch: 'amd64', os.version: '10.0', java.version: '19.0.2'
Driver info: org.openqa.selenium.chrome.ChromeDriver
Command: [cd6b4c6c1311fdfc6a04bea00d1cddcd, clickElement {id=1D9D812BBCC1281CF74687AB32A7BF91_element_56}]
Capabilities {acceptInsecureCerts: true, browserName: chrome, browserVersion: 114.0.5735.134, chrome: {chromedriverVersion: 114.0.5735.90 (386bc09e8f4f..., userDataDir: C:\Users\HP\AppData\Local\T...}, goog:chromeOptions: {debuggerAddress: localhost:65407}, networkConnectionEnabled: false, pageLoadStrategy: normal, platformName: WINDOWS, proxy: Proxy(), se:cdp: ws://localhost:65407/devtoo..., se:cdpVersion: 114.0.5735.134, setWindowRect: true, strictFileInteractability: false, timeouts: {implicit: 0, pageLoad: 300000, script: 30000}, unhandledPromptBehavior: dismiss and notify, webauthn:extension:credBlob: true, webauthn:extension:largeBlob: true, webauthn:extension:minPinLength: true, webauthn:extension:prf: true, webauthn:virtualAuthenticators: true}
Element: [[ChromeDriver: chrome on WINDOWS (cd6b4c6c1311fdfc6a04bea00d1cddcd)] -> xpath: /html[1]/body[1]/div[1]/div[1]/div[1]/div[1]/div[1]/div[2]/div[1]/div[2]/table[1]/tbody[1]/tr[1]/td[4]/a[1]/*[name()='svg'][1]]
Session ID: cd6b4c6c1311fdfc6a04bea00d1cddcd
]]></error>
    <system-out><![CDATA[
@PDAM-07
Scenario: Admin ingin mengubah nama wilayah PDAM         &amp#27;[90m# src/test/resources/features/PDAM.feature:66&amp#27;[0m
14:41:57.297 [main] INFO io.cucumber.core.plugin.SerenityReporter - Running feature from file:///C:/Dev/CapstoneProjectBaru/SKUYPAY%20WEB%20AUTOMATION/src/test/resources/features/PDAM.feature
14:41:57.297 [main] INFO  - 
  _____   ___   ___   _____     ___   _____     _     ___   _____   ___   ___  
 |_   _| | __| / __| |_   _|   / __| |_   _|   /_\   | _ \ |_   _| | __| |   \ 
   | |   | _|  \__ \   | |     \__ \   | |    / _ \  |   /   | |   | _|  | |) |
   |_|   |___| |___/   |_|     |___/   |_|   /_/ \_\ |_|_\   |_|   |___| |___/ 

Admin ingin mengubah nama wilayah PDAM(pdam;admin-ingin-mengubah-nama-wilayah-pdam)
--------------------------------------------------------------------------------
14:41:57.329 [main] DEBUG net.thucydides.core.steps.StepInterceptor - STARTING STEP: TransaksiSteps.adminMelakukanLoginAkun - diHomepageSkuyPay
14:41:57.449 [main] INFO net.serenitybdd.core.webdriver.driverproviders.ChromeDriverProvider - Starting Chrome driver instance with capabilities:
14:41:57.449 [main] INFO net.serenitybdd.core.webdriver.driverproviders.ChromeDriverProvider - Capabilities {acceptInsecureCerts: true, browserName: chrome, goog:chromeOptions: {args: [remote-allow-origins=*, test-type, no-sandbox, ignore-certificate-errors, start-maximized, incognito, disable-infobars, disable-gpu, disable-default-apps, disable-popup-blocking, remote-allow-origins=*, test-type, no-sandbox, ignore-certificate-errors, start-maximized, incognito, disable-infobars, disable-gpu, disable-default-apps, disable-popup-blocking], extensions: []}}
14:41:57.848 [AsyncHttpClient-1-4] DEBUG org.asynchttpclient.netty.channel.NettyConnectListener - Using new Channel '[id: 0x53e8315a, L:/127.0.0.1:65406 - R:localhost/127.0.0.1:3339]' for 'POST' to '/session'
14:41:58.095 [AsyncHttpClient-1-1] DEBUG org.asynchttpclient.netty.channel.DefaultChannelPool - Entry count for : http://localhost:33871 : 1
14:41:58.095 [AsyncHttpClient-1-1] DEBUG org.asynchttpclient.netty.channel.DefaultChannelPool - Adding Candidate expired Channel [id: 0x48d1b6d7, L:/127.0.0.1:65357 ! R:localhost/127.0.0.1:33871] isIdleTimeoutExpired=false isRemotelyClosed=true isTtlExpired=false
14:41:58.095 [AsyncHttpClient-1-1] DEBUG org.asynchttpclient.netty.channel.DefaultChannelPool - Closing Idle Channel [id: 0x48d1b6d7, L:/127.0.0.1:65357 ! R:localhost/127.0.0.1:33871]
14:41:58.095 [AsyncHttpClient-1-1] DEBUG org.asynchttpclient.netty.channel.DefaultChannelPool - Closed 1 connections out of 1 in 0 ms
14:41:59.814 [AsyncHttpClient-1-4] DEBUG org.asynchttpclient.netty.handler.HttpHandler - 

Request DefaultHttpRequest(decodeResult: success, version: HTTP/1.1)
POST /session HTTP/1.1
User-Agent: selenium/4.7.1 (java windows)
Content-Length: 1629
Content-Type: application/json; charset=utf-8
host: localhost:3339
accept: */*

Response DefaultHttpResponse(decodeResult: success, version: HTTP/1.1)
HTTP/1.1 200 OK
Content-Type: application/json; charset=utf-8
cache-control: no-cache
content-length: 857

14:41:59.814 [AsyncHttpClient-1-4] DEBUG org.asynchttpclient.netty.channel.ChannelManager - Adding key: http://localhost:3339 for channel [id: 0x53e8315a, L:/127.0.0.1:65406 - R:localhost/127.0.0.1:3339]
14:41:59.830 [AsyncHttpClient-1-5] DEBUG org.asynchttpclient.netty.channel.NettyConnectListener - Using new Channel '[id: 0x11352b9c, L:/127.0.0.1:65414 - R:localhost/127.0.0.1:65407]' for 'GET' to '/json/version'
14:41:59.830 [AsyncHttpClient-1-5] DEBUG org.asynchttpclient.netty.handler.HttpHandler - 

Request DefaultFullHttpRequest(decodeResult: success, version: HTTP/1.1, content: EmptyByteBufBE)
GET /json/version HTTP/1.1
User-Agent: selenium/4.7.1 (java windows)
host: localhost:65407
accept: */*

Response DefaultHttpResponse(decodeResult: success, version: HTTP/1.1)
HTTP/1.1 200 OK
Content-Security-Policy: frame-ancestors 'none'
Content-Type: application/json; charset=UTF-8
content-length: 424

14:41:59.830 [AsyncHttpClient-1-5] DEBUG org.asynchttpclient.netty.channel.ChannelManager - Adding key: http://localhost:65407 for channel [id: 0x11352b9c, L:/127.0.0.1:65414 - R:localhost/127.0.0.1:65407]
14:41:59.830 [AsyncHttpClient-1-6] DEBUG org.asynchttpclient.netty.channel.NettyConnectListener - Using new Channel '[id: 0x6f20e1b9, L:/127.0.0.1:65415 - R:localhost/127.0.0.1:65407]' for 'GET' to '/devtools/browser/df038bcc-ed23-4f37-b6b7-b78ac346680d'
14:41:59.830 [AsyncHttpClient-1-6] DEBUG org.asynchttpclient.netty.handler.WebSocketHandler - 

Request DefaultFullHttpRequest(decodeResult: success, version: HTTP/1.1, content: EmptyByteBufBE)
GET /devtools/browser/df038bcc-ed23-4f37-b6b7-b78ac346680d HTTP/1.1
upgrade: websocket
connection: upgrade
sec-websocket-key: xO8XthG8AAcsr533kYrj/A==
sec-websocket-version: 13
origin: http://localhost:65407
host: localhost:65407
accept: */*
user-agent: AHC/2.1

Response DefaultHttpResponse(decodeResult: success, version: HTTP/1.1)
HTTP/1.1 101 WebSocket Protocol Handshake
Upgrade: WebSocket
Connection: Upgrade
Sec-WebSocket-Accept: cJ+MPrCs56fxq9FuMfByJImn8OM=

14:41:59.838 [Forwarding get on session cd6b4c6c1311fdfc6a04bea00d1cddcd to remote] DEBUG org.asynchttpclient.netty.request.NettyRequestSender - Using pooled Channel '[id: 0x53e8315a, L:/127.0.0.1:65406 - R:localhost/127.0.0.1:3339]' for 'POST' to 'http://localhost:3339/session/cd6b4c6c1311fdfc6a04bea00d1cddcd/url'
14:41:59.838 [Forwarding get on session cd6b4c6c1311fdfc6a04bea00d1cddcd to remote] DEBUG org.asynchttpclient.netty.request.NettyRequestSender - Using open Channel [id: 0x53e8315a, L:/127.0.0.1:65406 - R:localhost/127.0.0.1:3339] for POST '/session/cd6b4c6c1311fdfc6a04bea00d1cddcd/url'
14:42:00.299 [AsyncHttpClient-1-1] DEBUG org.asynchttpclient.netty.channel.DefaultChannelPool - Entry count for : http://localhost:65407 : 1
14:42:01.395 [AsyncHttpClient-1-1] DEBUG org.asynchttpclient.netty.channel.DefaultChannelPool - Entry count for : http://localhost:65407 : 1
14:42:01.748 [AsyncHttpClient-1-4] DEBUG org.asynchttpclient.netty.handler.HttpHandler - 

Request DefaultHttpRequest(decodeResult: success, version: HTTP/1.1)
POST /session/cd6b4c6c1311fdfc6a04bea00d1cddcd/url HTTP/1.1
User-Agent: selenium/4.7.1 (java windows)
Content-Length: 69
Content-Type: application/json; charset=utf-8
host: localhost:3339
accept: */*

Response DefaultHttpResponse(decodeResult: success, version: HTTP/1.1)
HTTP/1.1 200 OK
Content-Type: application/json; charset=utf-8
cache-control: no-cache
content-length: 14

14:42:01.748 [AsyncHttpClient-1-4] DEBUG org.asynchttpclient.netty.channel.ChannelManager - Adding key: http://localhost:3339 for channel [id: 0x53e8315a, L:/127.0.0.1:65406 - R:localhost/127.0.0.1:3339]
14:42:01.748 [Forwarding setTimeout on session cd6b4c6c1311fdfc6a04bea00d1cddcd to remote] DEBUG org.asynchttpclient.netty.request.NettyRequestSender - Using pooled Channel '[id: 0x53e8315a, L:/127.0.0.1:65406 - R:localhost/127.0.0.1:3339]' for 'POST' to 'http://localhost:3339/session/cd6b4c6c1311fdfc6a04bea00d1cddcd/timeouts'
14:42:01.748 [Forwarding setTimeout on session cd6b4c6c1311fdfc6a04bea00d1cddcd to remote] DEBUG org.asynchttpclient.netty.request.NettyRequestSender - Using open Channel [id: 0x53e8315a, L:/127.0.0.1:65406 - R:localhost/127.0.0.1:3339] for POST '/session/cd6b4c6c1311fdfc6a04bea00d1cddcd/timeouts'
14:42:01.748 [AsyncHttpClient-1-4] DEBUG org.asynchttpclient.netty.handler.HttpHandler - 

Request DefaultHttpRequest(decodeResult: success, version: HTTP/1.1)
POST /session/cd6b4c6c1311fdfc6a04bea00d1cddcd/timeouts HTTP/1.1
User-Agent: selenium/4.7.1 (java windows)
Content-Length: 22
Content-Type: application/json; charset=utf-8
host: localhost:3339
accept: */*

Response DefaultHttpResponse(decodeResult: success, version: HTTP/1.1)
HTTP/1.1 200 OK
Content-Type: application/json; charset=utf-8
cache-control: no-cache
content-length: 14

14:42:01.748 [AsyncHttpClient-1-4] DEBUG org.asynchttpclient.netty.channel.ChannelManager - Adding key: http://localhost:3339 for channel [id: 0x53e8315a, L:/127.0.0.1:65406 - R:localhost/127.0.0.1:3339]
14:42:01.756 [Forwarding getCurrentUrl on session cd6b4c6c1311fdfc6a04bea00d1cddcd to remote] DEBUG org.asynchttpclient.netty.request.NettyRequestSender - Using pooled Channel '[id: 0x53e8315a, L:/127.0.0.1:65406 - R:localhost/127.0.0.1:3339]' for 'GET' to 'http://localhost:3339/session/cd6b4c6c1311fdfc6a04bea00d1cddcd/url'
14:42:01.756 [Forwarding getCurrentUrl on session cd6b4c6c1311fdfc6a04bea00d1cddcd to remote] DEBUG org.asynchttpclient.netty.request.NettyRequestSender - Using open Channel [id: 0x53e8315a, L:/127.0.0.1:65406 - R:localhost/127.0.0.1:3339] for GET '/session/cd6b4c6c1311fdfc6a04bea00d1cddcd/url'
14:42:01.772 [AsyncHttpClient-1-4] DEBUG org.asynchttpclient.netty.handler.HttpHandler - 

Request DefaultFullHttpRequest(decodeResult: success, version: HTTP/1.1, content: EmptyByteBufBE)
GET /session/cd6b4c6c1311fdfc6a04bea00d1cddcd/url HTTP/1.1
User-Agent: selenium/4.7.1 (java windows)
Cache-Control: no-cache
Content-Type: application/json; charset=utf-8
host: localhost:3339
accept: */*

Response DefaultHttpResponse(decodeResult: success, version: HTTP/1.1)
HTTP/1.1 200 OK
Content-Type: application/json; charset=utf-8
cache-control: no-cache
content-length: 51

14:42:01.772 [AsyncHttpClient-1-4] DEBUG org.asynchttpclient.netty.channel.ChannelManager - Adding key: http://localhost:3339 for channel [id: 0x53e8315a, L:/127.0.0.1:65406 - R:localhost/127.0.0.1:3339]
14:42:01.780 [Forwarding getCurrentUrl on session cd6b4c6c1311fdfc6a04bea00d1cddcd to remote] DEBUG org.asynchttpclient.netty.request.NettyRequestSender - Using pooled Channel '[id: 0x53e8315a, L:/127.0.0.1:65406 - R:localhost/127.0.0.1:3339]' for 'GET' to 'http://localhost:3339/session/cd6b4c6c1311fdfc6a04bea00d1cddcd/url'
14:42:01.780 [Forwarding getCurrentUrl on session cd6b4c6c1311fdfc6a04bea00d1cddcd to remote] DEBUG org.asynchttpclient.netty.request.NettyRequestSender - Using open Channel [id: 0x53e8315a, L:/127.0.0.1:65406 - R:localhost/127.0.0.1:3339] for GET '/session/cd6b4c6c1311fdfc6a04bea00d1cddcd/url'
14:42:01.790 [AsyncHttpClient-1-4] DEBUG org.asynchttpclient.netty.handler.HttpHandler - 

Request DefaultFullHttpRequest(decodeResult: success, version: HTTP/1.1, content: EmptyByteBufBE)
GET /session/cd6b4c6c1311fdfc6a04bea00d1cddcd/url HTTP/1.1
User-Agent: selenium/4.7.1 (java windows)
Cache-Control: no-cache
Content-Type: application/json; charset=utf-8
host: localhost:3339
accept: */*

Response DefaultHttpResponse(decodeResult: success, version: HTTP/1.1)
HTTP/1.1 200 OK
Content-Type: application/json; charset=utf-8
cache-control: no-cache
content-length: 51

14:42:01.790 [AsyncHttpClient-1-4] DEBUG org.asynchttpclient.netty.channel.ChannelManager - Adding key: http://localhost:3339 for channel [id: 0x53e8315a, L:/127.0.0.1:65406 - R:localhost/127.0.0.1:3339]
14:42:01.790 [Forwarding findElement on session cd6b4c6c1311fdfc6a04bea00d1cddcd to remote] DEBUG org.asynchttpclient.netty.request.NettyRequestSender - Using pooled Channel '[id: 0x53e8315a, L:/127.0.0.1:65406 - R:localhost/127.0.0.1:3339]' for 'POST' to 'http://localhost:3339/session/cd6b4c6c1311fdfc6a04bea00d1cddcd/element'
14:42:01.790 [Forwarding findElement on session cd6b4c6c1311fdfc6a04bea00d1cddcd to remote] DEBUG org.asynchttpclient.netty.request.NettyRequestSender - Using open Channel [id: 0x53e8315a, L:/127.0.0.1:65406 - R:localhost/127.0.0.1:3339] for POST '/session/cd6b4c6c1311fdfc6a04bea00d1cddcd/element'
14:42:01.822 [AsyncHttpClient-1-4] DEBUG org.asynchttpclient.netty.handler.HttpHandler - 

Request DefaultHttpRequest(decodeResult: success, version: HTTP/1.1)
POST /session/cd6b4c6c1311fdfc6a04bea00d1cddcd/element HTTP/1.1
User-Agent: selenium/4.7.1 (java windows)
Content-Length: 84
Content-Type: application/json; charset=utf-8
host: localhost:3339
accept: */*

Response DefaultHttpResponse(decodeResult: success, version: HTTP/1.1)
HTTP/1.1 200 OK
Content-Type: application/json; charset=utf-8
cache-control: no-cache
content-length: 94

14:42:01.822 [AsyncHttpClient-1-4] DEBUG org.asynchttpclient.netty.channel.ChannelManager - Adding key: http://localhost:3339 for channel [id: 0x53e8315a, L:/127.0.0.1:65406 - R:localhost/127.0.0.1:3339]
14:42:01.822 [Forwarding isElementDisplayed on session cd6b4c6c1311fdfc6a04bea00d1cddcd to remote] DEBUG org.asynchttpclient.netty.request.NettyRequestSender - Using pooled Channel '[id: 0x53e8315a, L:/127.0.0.1:65406 - R:localhost/127.0.0.1:3339]' for 'POST' to 'http://localhost:3339/session/cd6b4c6c1311fdfc6a04bea00d1cddcd/execute/sync'
14:42:01.822 [Forwarding isElementDisplayed on session cd6b4c6c1311fdfc6a04bea00d1cddcd to remote] DEBUG org.asynchttpclient.netty.request.NettyRequestSender - Using open Channel [id: 0x53e8315a, L:/127.0.0.1:65406 - R:localhost/127.0.0.1:3339] for POST '/session/cd6b4c6c1311fdfc6a04bea00d1cddcd/execute/sync'
14:42:01.855 [AsyncHttpClient-1-4] DEBUG org.asynchttpclient.netty.handler.HttpHandler - 

Request DefaultHttpRequest(decodeResult: success, version: HTTP/1.1)
POST /session/cd6b4c6c1311fdfc6a04bea00d1cddcd/execute/sync HTTP/1.1
User-Agent: selenium/4.7.1 (java windows)
Content-Length: 48786
Content-Type: application/json; charset=utf-8
host: localhost:3339
accept: */*

Response DefaultHttpResponse(decodeResult: success, version: HTTP/1.1)
HTTP/1.1 200 OK
Content-Type: application/json; charset=utf-8
cache-control: no-cache
content-length: 14

14:42:01.855 [AsyncHttpClient-1-4] DEBUG org.asynchttpclient.netty.channel.ChannelManager - Adding key: http://localhost:3339 for channel [id: 0x53e8315a, L:/127.0.0.1:65406 - R:localhost/127.0.0.1:3339]
14:42:01.863 [Forwarding isElementDisplayed on session cd6b4c6c1311fdfc6a04bea00d1cddcd to remote] DEBUG org.asynchttpclient.netty.request.NettyRequestSender - Using pooled Channel '[id: 0x53e8315a, L:/127.0.0.1:65406 - R:localhost/127.0.0.1:3339]' for 'POST' to 'http://localhost:3339/session/cd6b4c6c1311fdfc6a04bea00d1cddcd/execute/sync'
14:42:01.863 [Forwarding isElementDisplayed on session cd6b4c6c1311fdfc6a04bea00d1cddcd to remote] DEBUG org.asynchttpclient.netty.request.NettyRequestSender - Using open Channel [id: 0x53e8315a, L:/127.0.0.1:65406 - R:localhost/127.0.0.1:3339] for POST '/session/cd6b4c6c1311fdfc6a04bea00d1cddcd/execute/sync'
14:42:01.879 [AsyncHttpClient-1-4] DEBUG org.asynchttpclient.netty.handler.HttpHandler - 

Request DefaultHttpRequest(decodeResult: success, version: HTTP/1.1)
POST /session/cd6b4c6c1311fdfc6a04bea00d1cddcd/execute/sync HTTP/1.1
User-Agent: selenium/4.7.1 (java windows)
Content-Length: 48786
Content-Type: application/json; charset=utf-8
host: localhost:3339
accept: */*

Response DefaultHttpResponse(decodeResult: success, version: HTTP/1.1)
HTTP/1.1 200 OK
Content-Type: application/json; charset=utf-8
cache-control: no-cache
content-length: 14

14:42:01.879 [AsyncHttpClient-1-4] DEBUG org.asynchttpclient.netty.channel.ChannelManager - Adding key: http://localhost:3339 for channel [id: 0x53e8315a, L:/127.0.0.1:65406 - R:localhost/127.0.0.1:3339]
14:42:01.896 [Forwarding getCurrentWindowHandle on session cd6b4c6c1311fdfc6a04bea00d1cddcd to remote] DEBUG org.asynchttpclient.netty.request.NettyRequestSender - Using pooled Channel '[id: 0x53e8315a, L:/127.0.0.1:65406 - R:localhost/127.0.0.1:3339]' for 'GET' to 'http://localhost:3339/session/cd6b4c6c1311fdfc6a04bea00d1cddcd/window'
14:42:01.896 [Forwarding getCurrentWindowHandle on session cd6b4c6c1311fdfc6a04bea00d1cddcd to remote] DEBUG org.asynchttpclient.netty.request.NettyRequestSender - Using open Channel [id: 0x53e8315a, L:/127.0.0.1:65406 - R:localhost/127.0.0.1:3339] for GET '/session/cd6b4c6c1311fdfc6a04bea00d1cddcd/window'
14:42:01.896 [AsyncHttpClient-1-4] DEBUG org.asynchttpclient.netty.handler.HttpHandler - 

Request DefaultFullHttpRequest(decodeResult: success, version: HTTP/1.1, content: EmptyByteBufBE)
GET /session/cd6b4c6c1311fdfc6a04bea00d1cddcd/window HTTP/1.1
User-Agent: selenium/4.7.1 (java windows)
Cache-Control: no-cache
Content-Type: application/json; charset=utf-8
host: localhost:3339
accept: */*

Response DefaultHttpResponse(decodeResult: success, version: HTTP/1.1)
HTTP/1.1 200 OK
Content-Type: application/json; charset=utf-8
cache-control: no-cache
content-length: 44

14:42:01.896 [AsyncHttpClient-1-4] DEBUG org.asynchttpclient.netty.channel.ChannelManager - Adding key: http://localhost:3339 for channel [id: 0x53e8315a, L:/127.0.0.1:65406 - R:localhost/127.0.0.1:3339]
14:42:01.896 [Forwarding getAlertText on session cd6b4c6c1311fdfc6a04bea00d1cddcd to remote] DEBUG org.asynchttpclient.netty.request.NettyRequestSender - Using pooled Channel '[id: 0x53e8315a, L:/127.0.0.1:65406 - R:localhost/127.0.0.1:3339]' for 'GET' to 'http://localhost:3339/session/cd6b4c6c1311fdfc6a04bea00d1cddcd/alert/text'
14:42:01.896 [Forwarding getAlertText on session cd6b4c6c1311fdfc6a04bea00d1cddcd to remote] DEBUG org.asynchttpclient.netty.request.NettyRequestSender - Using open Channel [id: 0x53e8315a, L:/127.0.0.1:65406 - R:localhost/127.0.0.1:3339] for GET '/session/cd6b4c6c1311fdfc6a04bea00d1cddcd/alert/text'
14:42:01.896 [AsyncHttpClient-1-4] DEBUG org.asynchttpclient.netty.handler.HttpHandler - 

Request DefaultFullHttpRequest(decodeResult: success, version: HTTP/1.1, content: EmptyByteBufBE)
GET /session/cd6b4c6c1311fdfc6a04bea00d1cddcd/alert/text HTTP/1.1
User-Agent: selenium/4.7.1 (java windows)
Cache-Control: no-cache
Content-Type: application/json; charset=utf-8
host: localhost:3339
accept: */*

Response DefaultHttpResponse(decodeResult: success, version: HTTP/1.1)
HTTP/1.1 404 Not Found
Content-Type: application/json; charset=utf-8
cache-control: no-cache
content-length: 821

14:42:01.896 [AsyncHttpClient-1-4] DEBUG org.asynchttpclient.netty.channel.ChannelManager - Adding key: http://localhost:3339 for channel [id: 0x53e8315a, L:/127.0.0.1:65406 - R:localhost/127.0.0.1:3339]
14:42:01.903 [Forwarding switchToWindow on session cd6b4c6c1311fdfc6a04bea00d1cddcd to remote] DEBUG org.asynchttpclient.netty.request.NettyRequestSender - Using pooled Channel '[id: 0x53e8315a, L:/127.0.0.1:65406 - R:localhost/127.0.0.1:3339]' for 'POST' to 'http://localhost:3339/session/cd6b4c6c1311fdfc6a04bea00d1cddcd/window'
14:42:01.903 [Forwarding switchToWindow on session cd6b4c6c1311fdfc6a04bea00d1cddcd to remote] DEBUG org.asynchttpclient.netty.request.NettyRequestSender - Using open Channel [id: 0x53e8315a, L:/127.0.0.1:65406 - R:localhost/127.0.0.1:3339] for POST '/session/cd6b4c6c1311fdfc6a04bea00d1cddcd/window'
14:42:01.903 [AsyncHttpClient-1-4] DEBUG org.asynchttpclient.netty.handler.HttpHandler - 

Request DefaultHttpRequest(decodeResult: success, version: HTTP/1.1)
POST /session/cd6b4c6c1311fdfc6a04bea00d1cddcd/window HTTP/1.1
User-Agent: selenium/4.7.1 (java windows)
Content-Length: 50
Content-Type: application/json; charset=utf-8
host: localhost:3339
accept: */*

Response DefaultHttpResponse(decodeResult: success, version: HTTP/1.1)
HTTP/1.1 200 OK
Content-Type: application/json; charset=utf-8
cache-control: no-cache
content-length: 14

14:42:01.903 [AsyncHttpClient-1-4] DEBUG org.asynchttpclient.netty.channel.ChannelManager - Adding key: http://localhost:3339 for channel [id: 0x53e8315a, L:/127.0.0.1:65406 - R:localhost/127.0.0.1:3339]
14:42:01.903 [Forwarding getCurrentUrl on session cd6b4c6c1311fdfc6a04bea00d1cddcd to remote] DEBUG org.asynchttpclient.netty.request.NettyRequestSender - Using pooled Channel '[id: 0x53e8315a, L:/127.0.0.1:65406 - R:localhost/127.0.0.1:3339]' for 'GET' to 'http://localhost:3339/session/cd6b4c6c1311fdfc6a04bea00d1cddcd/url'
14:42:01.903 [Forwarding getCurrentUrl on session cd6b4c6c1311fdfc6a04bea00d1cddcd to remote] DEBUG org.asynchttpclient.netty.request.NettyRequestSender - Using open Channel [id: 0x53e8315a, L:/127.0.0.1:65406 - R:localhost/127.0.0.1:3339] for GET '/session/cd6b4c6c1311fdfc6a04bea00d1cddcd/url'
14:42:01.911 [AsyncHttpClient-1-4] DEBUG org.asynchttpclient.netty.handler.HttpHandler - 

Request DefaultFullHttpRequest(decodeResult: success, version: HTTP/1.1, content: EmptyByteBufBE)
GET /session/cd6b4c6c1311fdfc6a04bea00d1cddcd/url HTTP/1.1
User-Agent: selenium/4.7.1 (java windows)
Cache-Control: no-cache
Content-Type: application/json; charset=utf-8
host: localhost:3339
accept: */*

Response DefaultHttpResponse(decodeResult: success, version: HTTP/1.1)
HTTP/1.1 200 OK
Content-Type: application/json; charset=utf-8
cache-control: no-cache
content-length: 51

14:42:01.911 [AsyncHttpClient-1-4] DEBUG org.asynchttpclient.netty.channel.ChannelManager - Adding key: http://localhost:3339 for channel [id: 0x53e8315a, L:/127.0.0.1:65406 - R:localhost/127.0.0.1:3339]
14:42:01.911 [Forwarding screenshot on session cd6b4c6c1311fdfc6a04bea00d1cddcd to remote] DEBUG org.asynchttpclient.netty.request.NettyRequestSender - Using pooled Channel '[id: 0x53e8315a, L:/127.0.0.1:65406 - R:localhost/127.0.0.1:3339]' for 'GET' to 'http://localhost:3339/session/cd6b4c6c1311fdfc6a04bea00d1cddcd/screenshot'
14:42:01.911 [Forwarding screenshot on session cd6b4c6c1311fdfc6a04bea00d1cddcd to remote] DEBUG org.asynchttpclient.netty.request.NettyRequestSender - Using open Channel [id: 0x53e8315a, L:/127.0.0.1:65406 - R:localhost/127.0.0.1:3339] for GET '/session/cd6b4c6c1311fdfc6a04bea00d1cddcd/screenshot'
14:42:02.160 [AsyncHttpClient-1-4] DEBUG org.asynchttpclient.netty.handler.HttpHandler - 

Request DefaultFullHttpRequest(decodeResult: success, version: HTTP/1.1, content: EmptyByteBufBE)
GET /session/cd6b4c6c1311fdfc6a04bea00d1cddcd/screenshot HTTP/1.1
User-Agent: selenium/4.7.1 (java windows)
Cache-Control: no-cache
Content-Type: application/json; charset=utf-8
host: localhost:3339
accept: */*

Response DefaultHttpResponse(decodeResult: success, version: HTTP/1.1)
HTTP/1.1 200 OK
Content-Type: application/json; charset=utf-8
cache-control: no-cache
content-length: 187992

14:42:02.160 [AsyncHttpClient-1-4] DEBUG org.asynchttpclient.netty.channel.ChannelManager - Adding key: http://localhost:3339 for channel [id: 0x53e8315a, L:/127.0.0.1:65406 - R:localhost/127.0.0.1:3339]
14:42:02.168 [main] DEBUG net.serenitybdd.core.photography.Darkroom - Send negative for processing for target\site\serenity\e4c78ed65262137eca58a32125994c1e1e691dd9645e4aaad07967e8d2db41d5.png
14:42:02.168 [main] DEBUG net.thucydides.core.steps.StepInterceptor - STEP DONE: diHomepageSkuyPay
14:42:02.176 [main] DEBUG net.thucydides.core.steps.StepInterceptor - STARTING STEP: TransaksiSteps.adminMelakukanLoginAkun - inputfieldemail
14:42:02.176 [Forwarding findElement on session cd6b4c6c1311fdfc6a04bea00d1cddcd to remote] DEBUG org.asynchttpclient.netty.request.NettyRequestSender - Using pooled Channel '[id: 0x53e8315a, L:/127.0.0.1:65406 - R:localhost/127.0.0.1:3339]' for 'POST' to 'http://localhost:3339/session/cd6b4c6c1311fdfc6a04bea00d1cddcd/element'
14:42:02.176 [Forwarding findElement on session cd6b4c6c1311fdfc6a04bea00d1cddcd to remote] DEBUG org.asynchttpclient.netty.request.NettyRequestSender - Using open Channel [id: 0x53e8315a, L:/127.0.0.1:65406 - R:localhost/127.0.0.1:3339] for POST '/session/cd6b4c6c1311fdfc6a04bea00d1cddcd/element'
14:42:02.191 [AsyncHttpClient-1-4] DEBUG org.asynchttpclient.netty.handler.HttpHandler - 

Request DefaultHttpRequest(decodeResult: success, version: HTTP/1.1)
POST /session/cd6b4c6c1311fdfc6a04bea00d1cddcd/element HTTP/1.1
User-Agent: selenium/4.7.1 (java windows)
Content-Length: 84
Content-Type: application/json; charset=utf-8
host: localhost:3339
accept: */*

Response DefaultHttpResponse(decodeResult: success, version: HTTP/1.1)
HTTP/1.1 200 OK
Content-Type: application/json; charset=utf-8
cache-control: no-cache
content-length: 94

14:42:02.191 [AsyncHttpClient-1-4] DEBUG org.asynchttpclient.netty.channel.ChannelManager - Adding key: http://localhost:3339 for channel [id: 0x53e8315a, L:/127.0.0.1:65406 - R:localhost/127.0.0.1:3339]
14:42:02.191 [Forwarding getElementTagName on session cd6b4c6c1311fdfc6a04bea00d1cddcd to remote] DEBUG org.asynchttpclient.netty.request.NettyRequestSender - Using pooled Channel '[id: 0x53e8315a, L:/127.0.0.1:65406 - R:localhost/127.0.0.1:3339]' for 'GET' to 'http://localhost:3339/session/cd6b4c6c1311fdfc6a04bea00d1cddcd/element/1D9D812BBCC1281CF74687AB32A7BF91_element_7/name'
14:42:02.191 [Forwarding getElementTagName on session cd6b4c6c1311fdfc6a04bea00d1cddcd to remote] DEBUG org.asynchttpclient.netty.request.NettyRequestSender - Using open Channel [id: 0x53e8315a, L:/127.0.0.1:65406 - R:localhost/127.0.0.1:3339] for GET '/session/cd6b4c6c1311fdfc6a04bea00d1cddcd/element/1D9D812BBCC1281CF74687AB32A7BF91_element_7/name'
14:42:02.199 [AsyncHttpClient-1-4] DEBUG org.asynchttpclient.netty.handler.HttpHandler - 

Request DefaultFullHttpRequest(decodeResult: success, version: HTTP/1.1, content: EmptyByteBufBE)
GET /session/cd6b4c6c1311fdfc6a04bea00d1cddcd/element/1D9D812BBCC1281CF74687AB32A7BF91_element_7/name HTTP/1.1
User-Agent: selenium/4.7.1 (java windows)
Cache-Control: no-cache
Content-Type: application/json; charset=utf-8
host: localhost:3339
accept: */*

Response DefaultHttpResponse(decodeResult: success, version: HTTP/1.1)
HTTP/1.1 200 OK
Content-Type: application/json; charset=utf-8
cache-control: no-cache
content-length: 17

14:42:02.199 [AsyncHttpClient-1-4] DEBUG org.asynchttpclient.netty.channel.ChannelManager - Adding key: http://localhost:3339 for channel [id: 0x53e8315a, L:/127.0.0.1:65406 - R:localhost/127.0.0.1:3339]
14:42:02.199 [Forwarding getElementTagName on session cd6b4c6c1311fdfc6a04bea00d1cddcd to remote] DEBUG org.asynchttpclient.netty.request.NettyRequestSender - Using pooled Channel '[id: 0x53e8315a, L:/127.0.0.1:65406 - R:localhost/127.0.0.1:3339]' for 'GET' to 'http://localhost:3339/session/cd6b4c6c1311fdfc6a04bea00d1cddcd/element/1D9D812BBCC1281CF74687AB32A7BF91_element_7/name'
14:42:02.199 [Forwarding getElementTagName on session cd6b4c6c1311fdfc6a04bea00d1cddcd to remote] DEBUG org.asynchttpclient.netty.request.NettyRequestSender - Using open Channel [id: 0x53e8315a, L:/127.0.0.1:65406 - R:localhost/127.0.0.1:3339] for GET '/session/cd6b4c6c1311fdfc6a04bea00d1cddcd/element/1D9D812BBCC1281CF74687AB32A7BF91_element_7/name'
14:42:02.207 [AsyncHttpClient-1-4] DEBUG org.asynchttpclient.netty.handler.HttpHandler - 

Request DefaultFullHttpRequest(decodeResult: success, version: HTTP/1.1, content: EmptyByteBufBE)
GET /session/cd6b4c6c1311fdfc6a04bea00d1cddcd/element/1D9D812BBCC1281CF74687AB32A7BF91_element_7/name HTTP/1.1
User-Agent: selenium/4.7.1 (java windows)
Cache-Control: no-cache
Content-Type: application/json; charset=utf-8
host: localhost:3339
accept: */*

Response DefaultHttpResponse(decodeResult: success, version: HTTP/1.1)
HTTP/1.1 200 OK
Content-Type: application/json; charset=utf-8
cache-control: no-cache
content-length: 17

14:42:02.207 [AsyncHttpClient-1-4] DEBUG org.asynchttpclient.netty.channel.ChannelManager - Adding key: http://localhost:3339 for channel [id: 0x53e8315a, L:/127.0.0.1:65406 - R:localhost/127.0.0.1:3339]
14:42:02.215 [Forwarding isElementEnabled on session cd6b4c6c1311fdfc6a04bea00d1cddcd to remote] DEBUG org.asynchttpclient.netty.request.NettyRequestSender - Using pooled Channel '[id: 0x53e8315a, L:/127.0.0.1:65406 - R:localhost/127.0.0.1:3339]' for 'GET' to 'http://localhost:3339/session/cd6b4c6c1311fdfc6a04bea00d1cddcd/element/1D9D812BBCC1281CF74687AB32A7BF91_element_7/enabled'
14:42:02.215 [Forwarding isElementEnabled on session cd6b4c6c1311fdfc6a04bea00d1cddcd to remote] DEBUG org.asynchttpclient.netty.request.NettyRequestSender - Using open Channel [id: 0x53e8315a, L:/127.0.0.1:65406 - R:localhost/127.0.0.1:3339] for GET '/session/cd6b4c6c1311fdfc6a04bea00d1cddcd/element/1D9D812BBCC1281CF74687AB32A7BF91_element_7/enabled'
14:42:02.239 [AsyncHttpClient-1-4] DEBUG org.asynchttpclient.netty.handler.HttpHandler - 

Request DefaultFullHttpRequest(decodeResult: success, version: HTTP/1.1, content: EmptyByteBufBE)
GET /session/cd6b4c6c1311fdfc6a04bea00d1cddcd/element/1D9D812BBCC1281CF74687AB32A7BF91_element_7/enabled HTTP/1.1
User-Agent: selenium/4.7.1 (java windows)
Cache-Control: no-cache
Content-Type: application/json; charset=utf-8
host: localhost:3339
accept: */*

Response DefaultHttpResponse(decodeResult: success, version: HTTP/1.1)
HTTP/1.1 200 OK
Content-Type: application/json; charset=utf-8
cache-control: no-cache
content-length: 14

14:42:02.239 [AsyncHttpClient-1-4] DEBUG org.asynchttpclient.netty.channel.ChannelManager - Adding key: http://localhost:3339 for channel [id: 0x53e8315a, L:/127.0.0.1:65406 - R:localhost/127.0.0.1:3339]
14:42:02.239 [Forwarding isElementEnabled on session cd6b4c6c1311fdfc6a04bea00d1cddcd to remote] DEBUG org.asynchttpclient.netty.request.NettyRequestSender - Using pooled Channel '[id: 0x53e8315a, L:/127.0.0.1:65406 - R:localhost/127.0.0.1:3339]' for 'GET' to 'http://localhost:3339/session/cd6b4c6c1311fdfc6a04bea00d1cddcd/element/1D9D812BBCC1281CF74687AB32A7BF91_element_7/enabled'
14:42:02.239 [Forwarding isElementEnabled on session cd6b4c6c1311fdfc6a04bea00d1cddcd to remote] DEBUG org.asynchttpclient.netty.request.NettyRequestSender - Using open Channel [id: 0x53e8315a, L:/127.0.0.1:65406 - R:localhost/127.0.0.1:3339] for GET '/session/cd6b4c6c1311fdfc6a04bea00d1cddcd/element/1D9D812BBCC1281CF74687AB32A7BF91_element_7/enabled'
14:42:02.255 [AsyncHttpClient-1-4] DEBUG org.asynchttpclient.netty.handler.HttpHandler - 

Request DefaultFullHttpRequest(decodeResult: success, version: HTTP/1.1, content: EmptyByteBufBE)
GET /session/cd6b4c6c1311fdfc6a04bea00d1cddcd/element/1D9D812BBCC1281CF74687AB32A7BF91_element_7/enabled HTTP/1.1
User-Agent: selenium/4.7.1 (java windows)
Cache-Control: no-cache
Content-Type: application/json; charset=utf-8
host: localhost:3339
accept: */*

Response DefaultHttpResponse(decodeResult: success, version: HTTP/1.1)
HTTP/1.1 200 OK
Content-Type: application/json; charset=utf-8
cache-control: no-cache
content-length: 14

14:42:02.255 [AsyncHttpClient-1-4] DEBUG org.asynchttpclient.netty.channel.ChannelManager - Adding key: http://localhost:3339 for channel [id: 0x53e8315a, L:/127.0.0.1:65406 - R:localhost/127.0.0.1:3339]
14:42:02.255 [Forwarding findElement on session cd6b4c6c1311fdfc6a04bea00d1cddcd to remote] DEBUG org.asynchttpclient.netty.request.NettyRequestSender - Using pooled Channel '[id: 0x53e8315a, L:/127.0.0.1:65406 - R:localhost/127.0.0.1:3339]' for 'POST' to 'http://localhost:3339/session/cd6b4c6c1311fdfc6a04bea00d1cddcd/element'
14:42:02.255 [Forwarding findElement on session cd6b4c6c1311fdfc6a04bea00d1cddcd to remote] DEBUG org.asynchttpclient.netty.request.NettyRequestSender - Using open Channel [id: 0x53e8315a, L:/127.0.0.1:65406 - R:localhost/127.0.0.1:3339] for POST '/session/cd6b4c6c1311fdfc6a04bea00d1cddcd/element'
14:42:02.279 [AsyncHttpClient-1-4] DEBUG org.asynchttpclient.netty.handler.HttpHandler - 

Request DefaultHttpRequest(decodeResult: success, version: HTTP/1.1)
POST /session/cd6b4c6c1311fdfc6a04bea00d1cddcd/element HTTP/1.1
User-Agent: selenium/4.7.1 (java windows)
Content-Length: 84
Content-Type: application/json; charset=utf-8
host: localhost:3339
accept: */*

Response DefaultHttpResponse(decodeResult: success, version: HTTP/1.1)
HTTP/1.1 200 OK
Content-Type: application/json; charset=utf-8
cache-control: no-cache
content-length: 94

14:42:02.279 [AsyncHttpClient-1-4] DEBUG org.asynchttpclient.netty.channel.ChannelManager - Adding key: http://localhost:3339 for channel [id: 0x53e8315a, L:/127.0.0.1:65406 - R:localhost/127.0.0.1:3339]
14:42:02.279 [Forwarding clickElement on session cd6b4c6c1311fdfc6a04bea00d1cddcd to remote] DEBUG org.asynchttpclient.netty.request.NettyRequestSender - Using pooled Channel '[id: 0x53e8315a, L:/127.0.0.1:65406 - R:localhost/127.0.0.1:3339]' for 'POST' to 'http://localhost:3339/session/cd6b4c6c1311fdfc6a04bea00d1cddcd/element/1D9D812BBCC1281CF74687AB32A7BF91_element_7/click'
14:42:02.279 [Forwarding clickElement on session cd6b4c6c1311fdfc6a04bea00d1cddcd to remote] DEBUG org.asynchttpclient.netty.request.NettyRequestSender - Using open Channel [id: 0x53e8315a, L:/127.0.0.1:65406 - R:localhost/127.0.0.1:3339] for POST '/session/cd6b4c6c1311fdfc6a04bea00d1cddcd/element/1D9D812BBCC1281CF74687AB32A7BF91_element_7/click'
14:42:02.415 [AsyncHttpClient-1-4] DEBUG org.asynchttpclient.netty.handler.HttpHandler - 

Request DefaultHttpRequest(decodeResult: success, version: HTTP/1.1)
POST /session/cd6b4c6c1311fdfc6a04bea00d1cddcd/element/1D9D812BBCC1281CF74687AB32A7BF91_element_7/click HTTP/1.1
User-Agent: selenium/4.7.1 (java windows)
Content-Length: 56
Content-Type: application/json; charset=utf-8
host: localhost:3339
accept: */*

Response DefaultHttpResponse(decodeResult: success, version: HTTP/1.1)
HTTP/1.1 200 OK
Content-Type: application/json; charset=utf-8
cache-control: no-cache
content-length: 14

14:42:02.415 [AsyncHttpClient-1-4] DEBUG org.asynchttpclient.netty.channel.ChannelManager - Adding key: http://localhost:3339 for channel [id: 0x53e8315a, L:/127.0.0.1:65406 - R:localhost/127.0.0.1:3339]
14:42:02.423 [Forwarding findElement on session cd6b4c6c1311fdfc6a04bea00d1cddcd to remote] DEBUG org.asynchttpclient.netty.request.NettyRequestSender - Using pooled Channel '[id: 0x53e8315a, L:/127.0.0.1:65406 - R:localhost/127.0.0.1:3339]' for 'POST' to 'http://localhost:3339/session/cd6b4c6c1311fdfc6a04bea00d1cddcd/element'
14:42:02.423 [Forwarding findElement on session cd6b4c6c1311fdfc6a04bea00d1cddcd to remote] DEBUG org.asynchttpclient.netty.request.NettyRequestSender - Using open Channel [id: 0x53e8315a, L:/127.0.0.1:65406 - R:localhost/127.0.0.1:3339] for POST '/session/cd6b4c6c1311fdfc6a04bea00d1cddcd/element'
14:42:02.447 [AsyncHttpClient-1-4] DEBUG org.asynchttpclient.netty.handler.HttpHandler - 

Request DefaultHttpRequest(decodeResult: success, version: HTTP/1.1)
POST /session/cd6b4c6c1311fdfc6a04bea00d1cddcd/element HTTP/1.1
User-Agent: selenium/4.7.1 (java windows)
Content-Length: 84
Content-Type: application/json; charset=utf-8
host: localhost:3339
accept: */*

Response DefaultHttpResponse(decodeResult: success, version: HTTP/1.1)
HTTP/1.1 200 OK
Content-Type: application/json; charset=utf-8
cache-control: no-cache
content-length: 94

14:42:02.447 [AsyncHttpClient-1-4] DEBUG org.asynchttpclient.netty.channel.ChannelManager - Adding key: http://localhost:3339 for channel [id: 0x53e8315a, L:/127.0.0.1:65406 - R:localhost/127.0.0.1:3339]
14:42:02.447 [Forwarding clearElement on session cd6b4c6c1311fdfc6a04bea00d1cddcd to remote] DEBUG org.asynchttpclient.netty.request.NettyRequestSender - Using pooled Channel '[id: 0x53e8315a, L:/127.0.0.1:65406 - R:localhost/127.0.0.1:3339]' for 'POST' to 'http://localhost:3339/session/cd6b4c6c1311fdfc6a04bea00d1cddcd/element/1D9D812BBCC1281CF74687AB32A7BF91_element_7/clear'
14:42:02.447 [Forwarding clearElement on session cd6b4c6c1311fdfc6a04bea00d1cddcd to remote] DEBUG org.asynchttpclient.netty.request.NettyRequestSender - Using open Channel [id: 0x53e8315a, L:/127.0.0.1:65406 - R:localhost/127.0.0.1:3339] for POST '/session/cd6b4c6c1311fdfc6a04bea00d1cddcd/element/1D9D812BBCC1281CF74687AB32A7BF91_element_7/clear'
14:42:02.495 [AsyncHttpClient-1-1] DEBUG org.asynchttpclient.netty.channel.DefaultChannelPool - Entry count for : http://localhost:65407 : 1
14:42:02.503 [AsyncHttpClient-1-4] DEBUG org.asynchttpclient.netty.handler.HttpHandler - 

Request DefaultHttpRequest(decodeResult: success, version: HTTP/1.1)
POST /session/cd6b4c6c1311fdfc6a04bea00d1cddcd/element/1D9D812BBCC1281CF74687AB32A7BF91_element_7/clear HTTP/1.1
User-Agent: selenium/4.7.1 (java windows)
Content-Length: 56
Content-Type: application/json; charset=utf-8
host: localhost:3339
accept: */*

Response DefaultHttpResponse(decodeResult: success, version: HTTP/1.1)
HTTP/1.1 200 OK
Content-Type: application/json; charset=utf-8
cache-control: no-cache
content-length: 14

14:42:02.503 [AsyncHttpClient-1-4] DEBUG org.asynchttpclient.netty.channel.ChannelManager - Adding key: http://localhost:3339 for channel [id: 0x53e8315a, L:/127.0.0.1:65406 - R:localhost/127.0.0.1:3339]
14:42:02.511 [Forwarding sendKeysToElement on session cd6b4c6c1311fdfc6a04bea00d1cddcd to remote] DEBUG org.asynchttpclient.netty.request.NettyRequestSender - Using pooled Channel '[id: 0x53e8315a, L:/127.0.0.1:65406 - R:localhost/127.0.0.1:3339]' for 'POST' to 'http://localhost:3339/session/cd6b4c6c1311fdfc6a04bea00d1cddcd/element/1D9D812BBCC1281CF74687AB32A7BF91_element_7/value'
14:42:02.511 [Forwarding sendKeysToElement on session cd6b4c6c1311fdfc6a04bea00d1cddcd to remote] DEBUG org.asynchttpclient.netty.request.NettyRequestSender - Using open Channel [id: 0x53e8315a, L:/127.0.0.1:65406 - R:localhost/127.0.0.1:3339] for POST '/session/cd6b4c6c1311fdfc6a04bea00d1cddcd/element/1D9D812BBCC1281CF74687AB32A7BF91_element_7/value'
14:42:02.691 [AsyncHttpClient-1-4] DEBUG org.asynchttpclient.netty.handler.HttpHandler - 

Request DefaultHttpRequest(decodeResult: success, version: HTTP/1.1)
POST /session/cd6b4c6c1311fdfc6a04bea00d1cddcd/element/1D9D812BBCC1281CF74687AB32A7BF91_element_7/value HTTP/1.1
User-Agent: selenium/4.7.1 (java windows)
Content-Length: 377
Content-Type: application/json; charset=utf-8
host: localhost:3339
accept: */*

Response DefaultHttpResponse(decodeResult: success, version: HTTP/1.1)
HTTP/1.1 200 OK
Content-Type: application/json; charset=utf-8
cache-control: no-cache
content-length: 14

14:42:02.691 [AsyncHttpClient-1-4] DEBUG org.asynchttpclient.netty.channel.ChannelManager - Adding key: http://localhost:3339 for channel [id: 0x53e8315a, L:/127.0.0.1:65406 - R:localhost/127.0.0.1:3339]
14:42:02.707 [Forwarding getCurrentWindowHandle on session cd6b4c6c1311fdfc6a04bea00d1cddcd to remote] DEBUG org.asynchttpclient.netty.request.NettyRequestSender - Using pooled Channel '[id: 0x53e8315a, L:/127.0.0.1:65406 - R:localhost/127.0.0.1:3339]' for 'GET' to 'http://localhost:3339/session/cd6b4c6c1311fdfc6a04bea00d1cddcd/window'
14:42:02.707 [Forwarding getCurrentWindowHandle on session cd6b4c6c1311fdfc6a04bea00d1cddcd to remote] DEBUG org.asynchttpclient.netty.request.NettyRequestSender - Using open Channel [id: 0x53e8315a, L:/127.0.0.1:65406 - R:localhost/127.0.0.1:3339] for GET '/session/cd6b4c6c1311fdfc6a04bea00d1cddcd/window'
14:42:02.707 [AsyncHttpClient-1-4] DEBUG org.asynchttpclient.netty.handler.HttpHandler - 

Request DefaultFullHttpRequest(decodeResult: success, version: HTTP/1.1, content: EmptyByteBufBE)
GET /session/cd6b4c6c1311fdfc6a04bea00d1cddcd/window HTTP/1.1
User-Agent: selenium/4.7.1 (java windows)
Cache-Control: no-cache
Content-Type: application/json; charset=utf-8
host: localhost:3339
accept: */*

Response DefaultHttpResponse(decodeResult: success, version: HTTP/1.1)
HTTP/1.1 200 OK
Content-Type: application/json; charset=utf-8
cache-control: no-cache
content-length: 44

14:42:02.707 [AsyncHttpClient-1-4] DEBUG org.asynchttpclient.netty.channel.ChannelManager - Adding key: http://localhost:3339 for channel [id: 0x53e8315a, L:/127.0.0.1:65406 - R:localhost/127.0.0.1:3339]
14:42:02.707 [Forwarding getAlertText on session cd6b4c6c1311fdfc6a04bea00d1cddcd to remote] DEBUG org.asynchttpclient.netty.request.NettyRequestSender - Using pooled Channel '[id: 0x53e8315a, L:/127.0.0.1:65406 - R:localhost/127.0.0.1:3339]' for 'GET' to 'http://localhost:3339/session/cd6b4c6c1311fdfc6a04bea00d1cddcd/alert/text'
14:42:02.707 [Forwarding getAlertText on session cd6b4c6c1311fdfc6a04bea00d1cddcd to remote] DEBUG org.asynchttpclient.netty.request.NettyRequestSender - Using open Channel [id: 0x53e8315a, L:/127.0.0.1:65406 - R:localhost/127.0.0.1:3339] for GET '/session/cd6b4c6c1311fdfc6a04bea00d1cddcd/alert/text'
14:42:02.715 [AsyncHttpClient-1-4] DEBUG org.asynchttpclient.netty.handler.HttpHandler - 

Request DefaultFullHttpRequest(decodeResult: success, version: HTTP/1.1, content: EmptyByteBufBE)
GET /session/cd6b4c6c1311fdfc6a04bea00d1cddcd/alert/text HTTP/1.1
User-Agent: selenium/4.7.1 (java windows)
Cache-Control: no-cache
Content-Type: application/json; charset=utf-8
host: localhost:3339
accept: */*

Response DefaultHttpResponse(decodeResult: success, version: HTTP/1.1)
HTTP/1.1 404 Not Found
Content-Type: application/json; charset=utf-8
cache-control: no-cache
content-length: 821

14:42:02.715 [AsyncHttpClient-1-4] DEBUG org.asynchttpclient.netty.channel.ChannelManager - Adding key: http://localhost:3339 for channel [id: 0x53e8315a, L:/127.0.0.1:65406 - R:localhost/127.0.0.1:3339]
14:42:02.715 [Forwarding switchToWindow on session cd6b4c6c1311fdfc6a04bea00d1cddcd to remote] DEBUG org.asynchttpclient.netty.request.NettyRequestSender - Using pooled Channel '[id: 0x53e8315a, L:/127.0.0.1:65406 - R:localhost/127.0.0.1:3339]' for 'POST' to 'http://localhost:3339/session/cd6b4c6c1311fdfc6a04bea00d1cddcd/window'
14:42:02.715 [Forwarding switchToWindow on session cd6b4c6c1311fdfc6a04bea00d1cddcd to remote] DEBUG org.asynchttpclient.netty.request.NettyRequestSender - Using open Channel [id: 0x53e8315a, L:/127.0.0.1:65406 - R:localhost/127.0.0.1:3339] for POST '/session/cd6b4c6c1311fdfc6a04bea00d1cddcd/window'
14:42:02.723 [AsyncHttpClient-1-4] DEBUG org.asynchttpclient.netty.handler.HttpHandler - 

Request DefaultHttpRequest(decodeResult: success, version: HTTP/1.1)
POST /session/cd6b4c6c1311fdfc6a04bea00d1cddcd/window HTTP/1.1
User-Agent: selenium/4.7.1 (java windows)
Content-Length: 50
Content-Type: application/json; charset=utf-8
host: localhost:3339
accept: */*

Response DefaultHttpResponse(decodeResult: success, version: HTTP/1.1)
HTTP/1.1 200 OK
Content-Type: application/json; charset=utf-8
cache-control: no-cache
content-length: 14

14:42:02.723 [AsyncHttpClient-1-4] DEBUG org.asynchttpclient.netty.channel.ChannelManager - Adding key: http://localhost:3339 for channel [id: 0x53e8315a, L:/127.0.0.1:65406 - R:localhost/127.0.0.1:3339]
14:42:02.723 [Forwarding getCurrentUrl on session cd6b4c6c1311fdfc6a04bea00d1cddcd to remote] DEBUG org.asynchttpclient.netty.request.NettyRequestSender - Using pooled Channel '[id: 0x53e8315a, L:/127.0.0.1:65406 - R:localhost/127.0.0.1:3339]' for 'GET' to 'http://localhost:3339/session/cd6b4c6c1311fdfc6a04bea00d1cddcd/url'
14:42:02.723 [Forwarding getCurrentUrl on session cd6b4c6c1311fdfc6a04bea00d1cddcd to remote] DEBUG org.asynchttpclient.netty.request.NettyRequestSender - Using open Channel [id: 0x53e8315a, L:/127.0.0.1:65406 - R:localhost/127.0.0.1:3339] for GET '/session/cd6b4c6c1311fdfc6a04bea00d1cddcd/url'
14:42:02.766 [AsyncHttpClient-1-4] DEBUG org.asynchttpclient.netty.handler.HttpHandler - 

Request DefaultFullHttpRequest(decodeResult: success, version: HTTP/1.1, content: EmptyByteBufBE)
GET /session/cd6b4c6c1311fdfc6a04bea00d1cddcd/url HTTP/1.1
User-Agent: selenium/4.7.1 (java windows)
Cache-Control: no-cache
Content-Type: application/json; charset=utf-8
host: localhost:3339
accept: */*

Response DefaultHttpResponse(decodeResult: success, version: HTTP/1.1)
HTTP/1.1 200 OK
Content-Type: application/json; charset=utf-8
cache-control: no-cache
content-length: 51

14:42:02.766 [AsyncHttpClient-1-4] DEBUG org.asynchttpclient.netty.channel.ChannelManager - Adding key: http://localhost:3339 for channel [id: 0x53e8315a, L:/127.0.0.1:65406 - R:localhost/127.0.0.1:3339]
14:42:02.771 [Forwarding screenshot on session cd6b4c6c1311fdfc6a04bea00d1cddcd to remote] DEBUG org.asynchttpclient.netty.request.NettyRequestSender - Using pooled Channel '[id: 0x53e8315a, L:/127.0.0.1:65406 - R:localhost/127.0.0.1:3339]' for 'GET' to 'http://localhost:3339/session/cd6b4c6c1311fdfc6a04bea00d1cddcd/screenshot'
14:42:02.771 [Forwarding screenshot on session cd6b4c6c1311fdfc6a04bea00d1cddcd to remote] DEBUG org.asynchttpclient.netty.request.NettyRequestSender - Using open Channel [id: 0x53e8315a, L:/127.0.0.1:65406 - R:localhost/127.0.0.1:3339] for GET '/session/cd6b4c6c1311fdfc6a04bea00d1cddcd/screenshot'
14:42:02.986 [AsyncHttpClient-1-4] DEBUG org.asynchttpclient.netty.handler.HttpHandler - 

Request DefaultFullHttpRequest(decodeResult: success, version: HTTP/1.1, content: EmptyByteBufBE)
GET /session/cd6b4c6c1311fdfc6a04bea00d1cddcd/screenshot HTTP/1.1
User-Agent: selenium/4.7.1 (java windows)
Cache-Control: no-cache
Content-Type: application/json; charset=utf-8
host: localhost:3339
accept: */*

Response DefaultHttpResponse(decodeResult: success, version: HTTP/1.1)
HTTP/1.1 200 OK
Content-Type: application/json; charset=utf-8
cache-control: no-cache
content-length: 191724

14:42:02.986 [AsyncHttpClient-1-4] DEBUG org.asynchttpclient.netty.channel.ChannelManager - Adding key: http://localhost:3339 for channel [id: 0x53e8315a, L:/127.0.0.1:65406 - R:localhost/127.0.0.1:3339]
14:42:03.002 [main] DEBUG net.serenitybdd.core.photography.Darkroom - Send negative for processing for target\site\serenity\1e8842c23278bc0dc94938af892527816a633a27c0ebde416ca83428a1453556.png
14:42:03.002 [main] DEBUG net.thucydides.core.steps.StepInterceptor - STEP DONE: inputfieldemail
14:42:03.002 [Darkroom Processing Line] DEBUG net.serenitybdd.core.photography.DarkroomProcessingLine - Processing screenshot image in /var/screenshots/screenshot-11791086540096289179
14:42:03.002 [Darkroom Processing Line] DEBUG net.serenitybdd.core.photography.DarkroomProcessingLine - Saving screenshot to target\site\serenity\1e8842c23278bc0dc94938af892527816a633a27c0ebde416ca83428a1453556.png
14:42:03.010 [main] DEBUG net.thucydides.core.steps.StepInterceptor - STARTING STEP: TransaksiSteps.adminMelakukanLoginAkun - inputfieldpassword
14:42:03.018 [Forwarding findElement on session cd6b4c6c1311fdfc6a04bea00d1cddcd to remote] DEBUG org.asynchttpclient.netty.request.NettyRequestSender - Using pooled Channel '[id: 0x53e8315a, L:/127.0.0.1:65406 - R:localhost/127.0.0.1:3339]' for 'POST' to 'http://localhost:3339/session/cd6b4c6c1311fdfc6a04bea00d1cddcd/element'
14:42:03.018 [Forwarding findElement on session cd6b4c6c1311fdfc6a04bea00d1cddcd to remote] DEBUG org.asynchttpclient.netty.request.NettyRequestSender - Using open Channel [id: 0x53e8315a, L:/127.0.0.1:65406 - R:localhost/127.0.0.1:3339] for POST '/session/cd6b4c6c1311fdfc6a04bea00d1cddcd/element'
14:42:03.034 [AsyncHttpClient-1-4] DEBUG org.asynchttpclient.netty.handler.HttpHandler - 

Request DefaultHttpRequest(decodeResult: success, version: HTTP/1.1)
POST /session/cd6b4c6c1311fdfc6a04bea00d1cddcd/element HTTP/1.1
User-Agent: selenium/4.7.1 (java windows)
Content-Length: 105
Content-Type: application/json; charset=utf-8
host: localhost:3339
accept: */*

Response DefaultHttpResponse(decodeResult: success, version: HTTP/1.1)
HTTP/1.1 200 OK
Content-Type: application/json; charset=utf-8
cache-control: no-cache
content-length: 94

14:42:03.034 [AsyncHttpClient-1-4] DEBUG org.asynchttpclient.netty.channel.ChannelManager - Adding key: http://localhost:3339 for channel [id: 0x53e8315a, L:/127.0.0.1:65406 - R:localhost/127.0.0.1:3339]
14:42:03.034 [Forwarding getElementTagName on session cd6b4c6c1311fdfc6a04bea00d1cddcd to remote] DEBUG org.asynchttpclient.netty.request.NettyRequestSender - Using pooled Channel '[id: 0x53e8315a, L:/127.0.0.1:65406 - R:localhost/127.0.0.1:3339]' for 'GET' to 'http://localhost:3339/session/cd6b4c6c1311fdfc6a04bea00d1cddcd/element/1D9D812BBCC1281CF74687AB32A7BF91_element_8/name'
14:42:03.034 [Forwarding getElementTagName on session cd6b4c6c1311fdfc6a04bea00d1cddcd to remote] DEBUG org.asynchttpclient.netty.request.NettyRequestSender - Using open Channel [id: 0x53e8315a, L:/127.0.0.1:65406 - R:localhost/127.0.0.1:3339] for GET '/session/cd6b4c6c1311fdfc6a04bea00d1cddcd/element/1D9D812BBCC1281CF74687AB32A7BF91_element_8/name'
14:42:03.042 [AsyncHttpClient-1-4] DEBUG org.asynchttpclient.netty.handler.HttpHandler - 

Request DefaultFullHttpRequest(decodeResult: success, version: HTTP/1.1, content: EmptyByteBufBE)
GET /session/cd6b4c6c1311fdfc6a04bea00d1cddcd/element/1D9D812BBCC1281CF74687AB32A7BF91_element_8/name HTTP/1.1
User-Agent: selenium/4.7.1 (java windows)
Cache-Control: no-cache
Content-Type: application/json; charset=utf-8
host: localhost:3339
accept: */*

Response DefaultHttpResponse(decodeResult: success, version: HTTP/1.1)
HTTP/1.1 200 OK
Content-Type: application/json; charset=utf-8
cache-control: no-cache
content-length: 17

14:42:03.042 [AsyncHttpClient-1-4] DEBUG org.asynchttpclient.netty.channel.ChannelManager - Adding key: http://localhost:3339 for channel [id: 0x53e8315a, L:/127.0.0.1:65406 - R:localhost/127.0.0.1:3339]
14:42:03.042 [Forwarding getElementTagName on session cd6b4c6c1311fdfc6a04bea00d1cddcd to remote] DEBUG org.asynchttpclient.netty.request.NettyRequestSender - Using pooled Channel '[id: 0x53e8315a, L:/127.0.0.1:65406 - R:localhost/127.0.0.1:3339]' for 'GET' to 'http://localhost:3339/session/cd6b4c6c1311fdfc6a04bea00d1cddcd/element/1D9D812BBCC1281CF74687AB32A7BF91_element_8/name'
14:42:03.042 [Forwarding getElementTagName on session cd6b4c6c1311fdfc6a04bea00d1cddcd to remote] DEBUG org.asynchttpclient.netty.request.NettyRequestSender - Using open Channel [id: 0x53e8315a, L:/127.0.0.1:65406 - R:localhost/127.0.0.1:3339] for GET '/session/cd6b4c6c1311fdfc6a04bea00d1cddcd/element/1D9D812BBCC1281CF74687AB32A7BF91_element_8/name'
14:42:03.050 [AsyncHttpClient-1-4] DEBUG org.asynchttpclient.netty.handler.HttpHandler - 

Request DefaultFullHttpRequest(decodeResult: success, version: HTTP/1.1, content: EmptyByteBufBE)
GET /session/cd6b4c6c1311fdfc6a04bea00d1cddcd/element/1D9D812BBCC1281CF74687AB32A7BF91_element_8/name HTTP/1.1
User-Agent: selenium/4.7.1 (java windows)
Cache-Control: no-cache
Content-Type: application/json; charset=utf-8
host: localhost:3339
accept: */*

Response DefaultHttpResponse(decodeResult: success, version: HTTP/1.1)
HTTP/1.1 200 OK
Content-Type: application/json; charset=utf-8
cache-control: no-cache
content-length: 17

14:42:03.050 [AsyncHttpClient-1-4] DEBUG org.asynchttpclient.netty.channel.ChannelManager - Adding key: http://localhost:3339 for channel [id: 0x53e8315a, L:/127.0.0.1:65406 - R:localhost/127.0.0.1:3339]
14:42:03.050 [Forwarding isElementEnabled on session cd6b4c6c1311fdfc6a04bea00d1cddcd to remote] DEBUG org.asynchttpclient.netty.request.NettyRequestSender - Using pooled Channel '[id: 0x53e8315a, L:/127.0.0.1:65406 - R:localhost/127.0.0.1:3339]' for 'GET' to 'http://localhost:3339/session/cd6b4c6c1311fdfc6a04bea00d1cddcd/element/1D9D812BBCC1281CF74687AB32A7BF91_element_8/enabled'
14:42:03.050 [Forwarding isElementEnabled on session cd6b4c6c1311fdfc6a04bea00d1cddcd to remote] DEBUG org.asynchttpclient.netty.request.NettyRequestSender - Using open Channel [id: 0x53e8315a, L:/127.0.0.1:65406 - R:localhost/127.0.0.1:3339] for GET '/session/cd6b4c6c1311fdfc6a04bea00d1cddcd/element/1D9D812BBCC1281CF74687AB32A7BF91_element_8/enabled'
14:42:03.066 [AsyncHttpClient-1-4] DEBUG org.asynchttpclient.netty.handler.HttpHandler - 

Request DefaultFullHttpRequest(decodeResult: success, version: HTTP/1.1, content: EmptyByteBufBE)
GET /session/cd6b4c6c1311fdfc6a04bea00d1cddcd/element/1D9D812BBCC1281CF74687AB32A7BF91_element_8/enabled HTTP/1.1
User-Agent: selenium/4.7.1 (java windows)
Cache-Control: no-cache
Content-Type: application/json; charset=utf-8
host: localhost:3339
accept: */*

Response DefaultHttpResponse(decodeResult: success, version: HTTP/1.1)
HTTP/1.1 200 OK
Content-Type: application/json; charset=utf-8
cache-control: no-cache
content-length: 14

14:42:03.066 [AsyncHttpClient-1-4] DEBUG org.asynchttpclient.netty.channel.ChannelManager - Adding key: http://localhost:3339 for channel [id: 0x53e8315a, L:/127.0.0.1:65406 - R:localhost/127.0.0.1:3339]
14:42:03.066 [Forwarding isElementEnabled on session cd6b4c6c1311fdfc6a04bea00d1cddcd to remote] DEBUG org.asynchttpclient.netty.request.NettyRequestSender - Using pooled Channel '[id: 0x53e8315a, L:/127.0.0.1:65406 - R:localhost/127.0.0.1:3339]' for 'GET' to 'http://localhost:3339/session/cd6b4c6c1311fdfc6a04bea00d1cddcd/element/1D9D812BBCC1281CF74687AB32A7BF91_element_8/enabled'
14:42:03.066 [Forwarding isElementEnabled on session cd6b4c6c1311fdfc6a04bea00d1cddcd to remote] DEBUG org.asynchttpclient.netty.request.NettyRequestSender - Using open Channel [id: 0x53e8315a, L:/127.0.0.1:65406 - R:localhost/127.0.0.1:3339] for GET '/session/cd6b4c6c1311fdfc6a04bea00d1cddcd/element/1D9D812BBCC1281CF74687AB32A7BF91_element_8/enabled'
14:42:03.082 [AsyncHttpClient-1-4] DEBUG org.asynchttpclient.netty.handler.HttpHandler - 

Request DefaultFullHttpRequest(decodeResult: success, version: HTTP/1.1, content: EmptyByteBufBE)
GET /session/cd6b4c6c1311fdfc6a04bea00d1cddcd/element/1D9D812BBCC1281CF74687AB32A7BF91_element_8/enabled HTTP/1.1
User-Agent: selenium/4.7.1 (java windows)
Cache-Control: no-cache
Content-Type: application/json; charset=utf-8
host: localhost:3339
accept: */*

Response DefaultHttpResponse(decodeResult: success, version: HTTP/1.1)
HTTP/1.1 200 OK
Content-Type: application/json; charset=utf-8
cache-control: no-cache
content-length: 14

14:42:03.082 [AsyncHttpClient-1-4] DEBUG org.asynchttpclient.netty.channel.ChannelManager - Adding key: http://localhost:3339 for channel [id: 0x53e8315a, L:/127.0.0.1:65406 - R:localhost/127.0.0.1:3339]
14:42:03.082 [Forwarding findElement on session cd6b4c6c1311fdfc6a04bea00d1cddcd to remote] DEBUG org.asynchttpclient.netty.request.NettyRequestSender - Using pooled Channel '[id: 0x53e8315a, L:/127.0.0.1:65406 - R:localhost/127.0.0.1:3339]' for 'POST' to 'http://localhost:3339/session/cd6b4c6c1311fdfc6a04bea00d1cddcd/element'
14:42:03.082 [Forwarding findElement on session cd6b4c6c1311fdfc6a04bea00d1cddcd to remote] DEBUG org.asynchttpclient.netty.request.NettyRequestSender - Using open Channel [id: 0x53e8315a, L:/127.0.0.1:65406 - R:localhost/127.0.0.1:3339] for POST '/session/cd6b4c6c1311fdfc6a04bea00d1cddcd/element'
14:42:03.098 [AsyncHttpClient-1-4] DEBUG org.asynchttpclient.netty.handler.HttpHandler - 

Request DefaultHttpRequest(decodeResult: success, version: HTTP/1.1)
POST /session/cd6b4c6c1311fdfc6a04bea00d1cddcd/element HTTP/1.1
User-Agent: selenium/4.7.1 (java windows)
Content-Length: 105
Content-Type: application/json; charset=utf-8
host: localhost:3339
accept: */*

Response DefaultHttpResponse(decodeResult: success, version: HTTP/1.1)
HTTP/1.1 200 OK
Content-Type: application/json; charset=utf-8
cache-control: no-cache
content-length: 94

14:42:03.098 [AsyncHttpClient-1-4] DEBUG org.asynchttpclient.netty.channel.ChannelManager - Adding key: http://localhost:3339 for channel [id: 0x53e8315a, L:/127.0.0.1:65406 - R:localhost/127.0.0.1:3339]
14:42:03.098 [Forwarding clickElement on session cd6b4c6c1311fdfc6a04bea00d1cddcd to remote] DEBUG org.asynchttpclient.netty.request.NettyRequestSender - Using pooled Channel '[id: 0x53e8315a, L:/127.0.0.1:65406 - R:localhost/127.0.0.1:3339]' for 'POST' to 'http://localhost:3339/session/cd6b4c6c1311fdfc6a04bea00d1cddcd/element/1D9D812BBCC1281CF74687AB32A7BF91_element_8/click'
14:42:03.098 [Forwarding clickElement on session cd6b4c6c1311fdfc6a04bea00d1cddcd to remote] DEBUG org.asynchttpclient.netty.request.NettyRequestSender - Using open Channel [id: 0x53e8315a, L:/127.0.0.1:65406 - R:localhost/127.0.0.1:3339] for POST '/session/cd6b4c6c1311fdfc6a04bea00d1cddcd/element/1D9D812BBCC1281CF74687AB32A7BF91_element_8/click'
14:42:03.166 [AsyncHttpClient-1-4] DEBUG org.asynchttpclient.netty.handler.HttpHandler - 

Request DefaultHttpRequest(decodeResult: success, version: HTTP/1.1)
POST /session/cd6b4c6c1311fdfc6a04bea00d1cddcd/element/1D9D812BBCC1281CF74687AB32A7BF91_element_8/click HTTP/1.1
User-Agent: selenium/4.7.1 (java windows)
Content-Length: 56
Content-Type: application/json; charset=utf-8
host: localhost:3339
accept: */*

Response DefaultHttpResponse(decodeResult: success, version: HTTP/1.1)
HTTP/1.1 200 OK
Content-Type: application/json; charset=utf-8
cache-control: no-cache
content-length: 14

14:42:03.166 [AsyncHttpClient-1-4] DEBUG org.asynchttpclient.netty.channel.ChannelManager - Adding key: http://localhost:3339 for channel [id: 0x53e8315a, L:/127.0.0.1:65406 - R:localhost/127.0.0.1:3339]
14:42:03.171 [Forwarding findElement on session cd6b4c6c1311fdfc6a04bea00d1cddcd to remote] DEBUG org.asynchttpclient.netty.request.NettyRequestSender - Using pooled Channel '[id: 0x53e8315a, L:/127.0.0.1:65406 - R:localhost/127.0.0.1:3339]' for 'POST' to 'http://localhost:3339/session/cd6b4c6c1311fdfc6a04bea00d1cddcd/element'
14:42:03.171 [Forwarding findElement on session cd6b4c6c1311fdfc6a04bea00d1cddcd to remote] DEBUG org.asynchttpclient.netty.request.NettyRequestSender - Using open Channel [id: 0x53e8315a, L:/127.0.0.1:65406 - R:localhost/127.0.0.1:3339] for POST '/session/cd6b4c6c1311fdfc6a04bea00d1cddcd/element'
14:42:03.187 [AsyncHttpClient-1-4] DEBUG org.asynchttpclient.netty.handler.HttpHandler - 

Request DefaultHttpRequest(decodeResult: success, version: HTTP/1.1)
POST /session/cd6b4c6c1311fdfc6a04bea00d1cddcd/element HTTP/1.1
User-Agent: selenium/4.7.1 (java windows)
Content-Length: 105
Content-Type: application/json; charset=utf-8
host: localhost:3339
accept: */*

Response DefaultHttpResponse(decodeResult: success, version: HTTP/1.1)
HTTP/1.1 200 OK
Content-Type: application/json; charset=utf-8
cache-control: no-cache
content-length: 94

14:42:03.187 [AsyncHttpClient-1-4] DEBUG org.asynchttpclient.netty.channel.ChannelManager - Adding key: http://localhost:3339 for channel [id: 0x53e8315a, L:/127.0.0.1:65406 - R:localhost/127.0.0.1:3339]
14:42:03.187 [Forwarding clearElement on session cd6b4c6c1311fdfc6a04bea00d1cddcd to remote] DEBUG org.asynchttpclient.netty.request.NettyRequestSender - Using pooled Channel '[id: 0x53e8315a, L:/127.0.0.1:65406 - R:localhost/127.0.0.1:3339]' for 'POST' to 'http://localhost:3339/session/cd6b4c6c1311fdfc6a04bea00d1cddcd/element/1D9D812BBCC1281CF74687AB32A7BF91_element_8/clear'
14:42:03.187 [Forwarding clearElement on session cd6b4c6c1311fdfc6a04bea00d1cddcd to remote] DEBUG org.asynchttpclient.netty.request.NettyRequestSender - Using open Channel [id: 0x53e8315a, L:/127.0.0.1:65406 - R:localhost/127.0.0.1:3339] for POST '/session/cd6b4c6c1311fdfc6a04bea00d1cddcd/element/1D9D812BBCC1281CF74687AB32A7BF91_element_8/clear'
14:42:03.227 [AsyncHttpClient-1-4] DEBUG org.asynchttpclient.netty.handler.HttpHandler - 

Request DefaultHttpRequest(decodeResult: success, version: HTTP/1.1)
POST /session/cd6b4c6c1311fdfc6a04bea00d1cddcd/element/1D9D812BBCC1281CF74687AB32A7BF91_element_8/clear HTTP/1.1
User-Agent: selenium/4.7.1 (java windows)
Content-Length: 56
Content-Type: application/json; charset=utf-8
host: localhost:3339
accept: */*

Response DefaultHttpResponse(decodeResult: success, version: HTTP/1.1)
HTTP/1.1 200 OK
Content-Type: application/json; charset=utf-8
cache-control: no-cache
content-length: 14

14:42:03.227 [AsyncHttpClient-1-4] DEBUG org.asynchttpclient.netty.channel.ChannelManager - Adding key: http://localhost:3339 for channel [id: 0x53e8315a, L:/127.0.0.1:65406 - R:localhost/127.0.0.1:3339]
14:42:03.227 [Forwarding sendKeysToElement on session cd6b4c6c1311fdfc6a04bea00d1cddcd to remote] DEBUG org.asynchttpclient.netty.request.NettyRequestSender - Using pooled Channel '[id: 0x53e8315a, L:/127.0.0.1:65406 - R:localhost/127.0.0.1:3339]' for 'POST' to 'http://localhost:3339/session/cd6b4c6c1311fdfc6a04bea00d1cddcd/element/1D9D812BBCC1281CF74687AB32A7BF91_element_8/value'
14:42:03.227 [Forwarding sendKeysToElement on session cd6b4c6c1311fdfc6a04bea00d1cddcd to remote] DEBUG org.asynchttpclient.netty.request.NettyRequestSender - Using open Channel [id: 0x53e8315a, L:/127.0.0.1:65406 - R:localhost/127.0.0.1:3339] for POST '/session/cd6b4c6c1311fdfc6a04bea00d1cddcd/element/1D9D812BBCC1281CF74687AB32A7BF91_element_8/value'
14:42:03.291 [AsyncHttpClient-1-4] DEBUG org.asynchttpclient.netty.handler.HttpHandler - 

Request DefaultHttpRequest(decodeResult: success, version: HTTP/1.1)
POST /session/cd6b4c6c1311fdfc6a04bea00d1cddcd/element/1D9D812BBCC1281CF74687AB32A7BF91_element_8/value HTTP/1.1
User-Agent: selenium/4.7.1 (java windows)
Content-Length: 187
Content-Type: application/json; charset=utf-8
host: localhost:3339
accept: */*

Response DefaultHttpResponse(decodeResult: success, version: HTTP/1.1)
HTTP/1.1 200 OK
Content-Type: application/json; charset=utf-8
cache-control: no-cache
content-length: 14

14:42:03.291 [AsyncHttpClient-1-4] DEBUG org.asynchttpclient.netty.channel.ChannelManager - Adding key: http://localhost:3339 for channel [id: 0x53e8315a, L:/127.0.0.1:65406 - R:localhost/127.0.0.1:3339]
14:42:03.299 [Forwarding getCurrentWindowHandle on session cd6b4c6c1311fdfc6a04bea00d1cddcd to remote] DEBUG org.asynchttpclient.netty.request.NettyRequestSender - Using pooled Channel '[id: 0x53e8315a, L:/127.0.0.1:65406 - R:localhost/127.0.0.1:3339]' for 'GET' to 'http://localhost:3339/session/cd6b4c6c1311fdfc6a04bea00d1cddcd/window'
14:42:03.299 [Forwarding getCurrentWindowHandle on session cd6b4c6c1311fdfc6a04bea00d1cddcd to remote] DEBUG org.asynchttpclient.netty.request.NettyRequestSender - Using open Channel [id: 0x53e8315a, L:/127.0.0.1:65406 - R:localhost/127.0.0.1:3339] for GET '/session/cd6b4c6c1311fdfc6a04bea00d1cddcd/window'
14:42:03.299 [AsyncHttpClient-1-4] DEBUG org.asynchttpclient.netty.handler.HttpHandler - 

Request DefaultFullHttpRequest(decodeResult: success, version: HTTP/1.1, content: EmptyByteBufBE)
GET /session/cd6b4c6c1311fdfc6a04bea00d1cddcd/window HTTP/1.1
User-Agent: selenium/4.7.1 (java windows)
Cache-Control: no-cache
Content-Type: application/json; charset=utf-8
host: localhost:3339
accept: */*

Response DefaultHttpResponse(decodeResult: success, version: HTTP/1.1)
HTTP/1.1 200 OK
Content-Type: application/json; charset=utf-8
cache-control: no-cache
content-length: 44

14:42:03.299 [AsyncHttpClient-1-4] DEBUG org.asynchttpclient.netty.channel.ChannelManager - Adding key: http://localhost:3339 for channel [id: 0x53e8315a, L:/127.0.0.1:65406 - R:localhost/127.0.0.1:3339]
14:42:03.299 [Forwarding getAlertText on session cd6b4c6c1311fdfc6a04bea00d1cddcd to remote] DEBUG org.asynchttpclient.netty.request.NettyRequestSender - Using pooled Channel '[id: 0x53e8315a, L:/127.0.0.1:65406 - R:localhost/127.0.0.1:3339]' for 'GET' to 'http://localhost:3339/session/cd6b4c6c1311fdfc6a04bea00d1cddcd/alert/text'
14:42:03.299 [Forwarding getAlertText on session cd6b4c6c1311fdfc6a04bea00d1cddcd to remote] DEBUG org.asynchttpclient.netty.request.NettyRequestSender - Using open Channel [id: 0x53e8315a, L:/127.0.0.1:65406 - R:localhost/127.0.0.1:3339] for GET '/session/cd6b4c6c1311fdfc6a04bea00d1cddcd/alert/text'
14:42:03.307 [AsyncHttpClient-1-4] DEBUG org.asynchttpclient.netty.handler.HttpHandler - 

Request DefaultFullHttpRequest(decodeResult: success, version: HTTP/1.1, content: EmptyByteBufBE)
GET /session/cd6b4c6c1311fdfc6a04bea00d1cddcd/alert/text HTTP/1.1
User-Agent: selenium/4.7.1 (java windows)
Cache-Control: no-cache
Content-Type: application/json; charset=utf-8
host: localhost:3339
accept: */*

Response DefaultHttpResponse(decodeResult: success, version: HTTP/1.1)
HTTP/1.1 404 Not Found
Content-Type: application/json; charset=utf-8
cache-control: no-cache
content-length: 821

14:42:03.307 [AsyncHttpClient-1-4] DEBUG org.asynchttpclient.netty.channel.ChannelManager - Adding key: http://localhost:3339 for channel [id: 0x53e8315a, L:/127.0.0.1:65406 - R:localhost/127.0.0.1:3339]
14:42:03.307 [Forwarding switchToWindow on session cd6b4c6c1311fdfc6a04bea00d1cddcd to remote] DEBUG org.asynchttpclient.netty.request.NettyRequestSender - Using pooled Channel '[id: 0x53e8315a, L:/127.0.0.1:65406 - R:localhost/127.0.0.1:3339]' for 'POST' to 'http://localhost:3339/session/cd6b4c6c1311fdfc6a04bea00d1cddcd/window'
14:42:03.307 [Forwarding switchToWindow on session cd6b4c6c1311fdfc6a04bea00d1cddcd to remote] DEBUG org.asynchttpclient.netty.request.NettyRequestSender - Using open Channel [id: 0x53e8315a, L:/127.0.0.1:65406 - R:localhost/127.0.0.1:3339] for POST '/session/cd6b4c6c1311fdfc6a04bea00d1cddcd/window'
14:42:03.307 [AsyncHttpClient-1-4] DEBUG org.asynchttpclient.netty.handler.HttpHandler - 

Request DefaultHttpRequest(decodeResult: success, version: HTTP/1.1)
POST /session/cd6b4c6c1311fdfc6a04bea00d1cddcd/window HTTP/1.1
User-Agent: selenium/4.7.1 (java windows)
Content-Length: 50
Content-Type: application/json; charset=utf-8
host: localhost:3339
accept: */*

Response DefaultHttpResponse(decodeResult: success, version: HTTP/1.1)
HTTP/1.1 200 OK
Content-Type: application/json; charset=utf-8
cache-control: no-cache
content-length: 14

14:42:03.307 [AsyncHttpClient-1-4] DEBUG org.asynchttpclient.netty.channel.ChannelManager - Adding key: http://localhost:3339 for channel [id: 0x53e8315a, L:/127.0.0.1:65406 - R:localhost/127.0.0.1:3339]
14:42:03.307 [Forwarding getCurrentUrl on session cd6b4c6c1311fdfc6a04bea00d1cddcd to remote] DEBUG org.asynchttpclient.netty.request.NettyRequestSender - Using pooled Channel '[id: 0x53e8315a, L:/127.0.0.1:65406 - R:localhost/127.0.0.1:3339]' for 'GET' to 'http://localhost:3339/session/cd6b4c6c1311fdfc6a04bea00d1cddcd/url'
14:42:03.307 [Forwarding getCurrentUrl on session cd6b4c6c1311fdfc6a04bea00d1cddcd to remote] DEBUG org.asynchttpclient.netty.request.NettyRequestSender - Using open Channel [id: 0x53e8315a, L:/127.0.0.1:65406 - R:localhost/127.0.0.1:3339] for GET '/session/cd6b4c6c1311fdfc6a04bea00d1cddcd/url'
14:42:03.315 [AsyncHttpClient-1-4] DEBUG org.asynchttpclient.netty.handler.HttpHandler - 

Request DefaultFullHttpRequest(decodeResult: success, version: HTTP/1.1, content: EmptyByteBufBE)
GET /session/cd6b4c6c1311fdfc6a04bea00d1cddcd/url HTTP/1.1
User-Agent: selenium/4.7.1 (java windows)
Cache-Control: no-cache
Content-Type: application/json; charset=utf-8
host: localhost:3339
accept: */*

Response DefaultHttpResponse(decodeResult: success, version: HTTP/1.1)
HTTP/1.1 200 OK
Content-Type: application/json; charset=utf-8
cache-control: no-cache
content-length: 51

14:42:03.315 [AsyncHttpClient-1-4] DEBUG org.asynchttpclient.netty.channel.ChannelManager - Adding key: http://localhost:3339 for channel [id: 0x53e8315a, L:/127.0.0.1:65406 - R:localhost/127.0.0.1:3339]
14:42:03.315 [Forwarding screenshot on session cd6b4c6c1311fdfc6a04bea00d1cddcd to remote] DEBUG org.asynchttpclient.netty.request.NettyRequestSender - Using pooled Channel '[id: 0x53e8315a, L:/127.0.0.1:65406 - R:localhost/127.0.0.1:3339]' for 'GET' to 'http://localhost:3339/session/cd6b4c6c1311fdfc6a04bea00d1cddcd/screenshot'
14:42:03.315 [Forwarding screenshot on session cd6b4c6c1311fdfc6a04bea00d1cddcd to remote] DEBUG org.asynchttpclient.netty.request.NettyRequestSender - Using open Channel [id: 0x53e8315a, L:/127.0.0.1:65406 - R:localhost/127.0.0.1:3339] for GET '/session/cd6b4c6c1311fdfc6a04bea00d1cddcd/screenshot'
14:42:03.523 [AsyncHttpClient-1-4] DEBUG org.asynchttpclient.netty.handler.HttpHandler - 

Request DefaultFullHttpRequest(decodeResult: success, version: HTTP/1.1, content: EmptyByteBufBE)
GET /session/cd6b4c6c1311fdfc6a04bea00d1cddcd/screenshot HTTP/1.1
User-Agent: selenium/4.7.1 (java windows)
Cache-Control: no-cache
Content-Type: application/json; charset=utf-8
host: localhost:3339
accept: */*

Response DefaultHttpResponse(decodeResult: success, version: HTTP/1.1)
HTTP/1.1 200 OK
Content-Type: application/json; charset=utf-8
cache-control: no-cache
content-length: 191892

14:42:03.523 [AsyncHttpClient-1-4] DEBUG org.asynchttpclient.netty.channel.ChannelManager - Adding key: http://localhost:3339 for channel [id: 0x53e8315a, L:/127.0.0.1:65406 - R:localhost/127.0.0.1:3339]
14:42:03.531 [main] DEBUG net.serenitybdd.core.photography.Darkroom - Send negative for processing for target\site\serenity\b5b7071349cc72cd994edd0bba6ce85ab142e8a2c3c7598c109c5ace95b28a83.png
14:42:03.531 [main] DEBUG net.thucydides.core.steps.StepInterceptor - STEP DONE: inputfieldpassword
14:42:03.531 [Darkroom Processing Line] DEBUG net.serenitybdd.core.photography.DarkroomProcessingLine - Processing screenshot image in /var/screenshots/screenshot-6637590788393441123
14:42:03.531 [Darkroom Processing Line] DEBUG net.serenitybdd.core.photography.DarkroomProcessingLine - Saving screenshot to target\site\serenity\b5b7071349cc72cd994edd0bba6ce85ab142e8a2c3c7598c109c5ace95b28a83.png
14:42:03.539 [main] DEBUG net.thucydides.core.steps.StepInterceptor - STARTING STEP: TransaksiSteps.adminMelakukanLoginAkun - klikbuttonmasuk
14:42:03.539 [Forwarding findElement on session cd6b4c6c1311fdfc6a04bea00d1cddcd to remote] DEBUG org.asynchttpclient.netty.request.NettyRequestSender - Using pooled Channel '[id: 0x53e8315a, L:/127.0.0.1:65406 - R:localhost/127.0.0.1:3339]' for 'POST' to 'http://localhost:3339/session/cd6b4c6c1311fdfc6a04bea00d1cddcd/element'
14:42:03.547 [Forwarding findElement on session cd6b4c6c1311fdfc6a04bea00d1cddcd to remote] DEBUG org.asynchttpclient.netty.request.NettyRequestSender - Using open Channel [id: 0x53e8315a, L:/127.0.0.1:65406 - R:localhost/127.0.0.1:3339] for POST '/session/cd6b4c6c1311fdfc6a04bea00d1cddcd/element'
14:42:03.566 [AsyncHttpClient-1-4] DEBUG org.asynchttpclient.netty.handler.HttpHandler - 

Request DefaultHttpRequest(decodeResult: success, version: HTTP/1.1)
POST /session/cd6b4c6c1311fdfc6a04bea00d1cddcd/element HTTP/1.1
User-Agent: selenium/4.7.1 (java windows)
Content-Length: 113
Content-Type: application/json; charset=utf-8
host: localhost:3339
accept: */*

Response DefaultHttpResponse(decodeResult: success, version: HTTP/1.1)
HTTP/1.1 200 OK
Content-Type: application/json; charset=utf-8
cache-control: no-cache
content-length: 94

14:42:03.566 [AsyncHttpClient-1-4] DEBUG org.asynchttpclient.netty.channel.ChannelManager - Adding key: http://localhost:3339 for channel [id: 0x53e8315a, L:/127.0.0.1:65406 - R:localhost/127.0.0.1:3339]
14:42:03.566 [Forwarding getElementTagName on session cd6b4c6c1311fdfc6a04bea00d1cddcd to remote] DEBUG org.asynchttpclient.netty.request.NettyRequestSender - Using pooled Channel '[id: 0x53e8315a, L:/127.0.0.1:65406 - R:localhost/127.0.0.1:3339]' for 'GET' to 'http://localhost:3339/session/cd6b4c6c1311fdfc6a04bea00d1cddcd/element/1D9D812BBCC1281CF74687AB32A7BF91_element_9/name'
14:42:03.566 [Forwarding getElementTagName on session cd6b4c6c1311fdfc6a04bea00d1cddcd to remote] DEBUG org.asynchttpclient.netty.request.NettyRequestSender - Using open Channel [id: 0x53e8315a, L:/127.0.0.1:65406 - R:localhost/127.0.0.1:3339] for GET '/session/cd6b4c6c1311fdfc6a04bea00d1cddcd/element/1D9D812BBCC1281CF74687AB32A7BF91_element_9/name'
14:42:03.571 [AsyncHttpClient-1-4] DEBUG org.asynchttpclient.netty.handler.HttpHandler - 

Request DefaultFullHttpRequest(decodeResult: success, version: HTTP/1.1, content: EmptyByteBufBE)
GET /session/cd6b4c6c1311fdfc6a04bea00d1cddcd/element/1D9D812BBCC1281CF74687AB32A7BF91_element_9/name HTTP/1.1
User-Agent: selenium/4.7.1 (java windows)
Cache-Control: no-cache
Content-Type: application/json; charset=utf-8
host: localhost:3339
accept: */*

Response DefaultHttpResponse(decodeResult: success, version: HTTP/1.1)
HTTP/1.1 200 OK
Content-Type: application/json; charset=utf-8
cache-control: no-cache
content-length: 18

14:42:03.571 [AsyncHttpClient-1-4] DEBUG org.asynchttpclient.netty.channel.ChannelManager - Adding key: http://localhost:3339 for channel [id: 0x53e8315a, L:/127.0.0.1:65406 - R:localhost/127.0.0.1:3339]
14:42:03.571 [Forwarding getElementTagName on session cd6b4c6c1311fdfc6a04bea00d1cddcd to remote] DEBUG org.asynchttpclient.netty.request.NettyRequestSender - Using pooled Channel '[id: 0x53e8315a, L:/127.0.0.1:65406 - R:localhost/127.0.0.1:3339]' for 'GET' to 'http://localhost:3339/session/cd6b4c6c1311fdfc6a04bea00d1cddcd/element/1D9D812BBCC1281CF74687AB32A7BF91_element_9/name'
14:42:03.571 [Forwarding getElementTagName on session cd6b4c6c1311fdfc6a04bea00d1cddcd to remote] DEBUG org.asynchttpclient.netty.request.NettyRequestSender - Using open Channel [id: 0x53e8315a, L:/127.0.0.1:65406 - R:localhost/127.0.0.1:3339] for GET '/session/cd6b4c6c1311fdfc6a04bea00d1cddcd/element/1D9D812BBCC1281CF74687AB32A7BF91_element_9/name'
14:42:03.579 [AsyncHttpClient-1-4] DEBUG org.asynchttpclient.netty.handler.HttpHandler - 

Request DefaultFullHttpRequest(decodeResult: success, version: HTTP/1.1, content: EmptyByteBufBE)
GET /session/cd6b4c6c1311fdfc6a04bea00d1cddcd/element/1D9D812BBCC1281CF74687AB32A7BF91_element_9/name HTTP/1.1
User-Agent: selenium/4.7.1 (java windows)
Cache-Control: no-cache
Content-Type: application/json; charset=utf-8
host: localhost:3339
accept: */*

Response DefaultHttpResponse(decodeResult: success, version: HTTP/1.1)
HTTP/1.1 200 OK
Content-Type: application/json; charset=utf-8
cache-control: no-cache
content-length: 18

14:42:03.579 [AsyncHttpClient-1-4] DEBUG org.asynchttpclient.netty.channel.ChannelManager - Adding key: http://localhost:3339 for channel [id: 0x53e8315a, L:/127.0.0.1:65406 - R:localhost/127.0.0.1:3339]
14:42:03.587 [Forwarding isElementEnabled on session cd6b4c6c1311fdfc6a04bea00d1cddcd to remote] DEBUG org.asynchttpclient.netty.request.NettyRequestSender - Using pooled Channel '[id: 0x53e8315a, L:/127.0.0.1:65406 - R:localhost/127.0.0.1:3339]' for 'GET' to 'http://localhost:3339/session/cd6b4c6c1311fdfc6a04bea00d1cddcd/element/1D9D812BBCC1281CF74687AB32A7BF91_element_9/enabled'
14:42:03.587 [Forwarding isElementEnabled on session cd6b4c6c1311fdfc6a04bea00d1cddcd to remote] DEBUG org.asynchttpclient.netty.request.NettyRequestSender - Using open Channel [id: 0x53e8315a, L:/127.0.0.1:65406 - R:localhost/127.0.0.1:3339] for GET '/session/cd6b4c6c1311fdfc6a04bea00d1cddcd/element/1D9D812BBCC1281CF74687AB32A7BF91_element_9/enabled'
14:42:03.595 [AsyncHttpClient-1-1] DEBUG org.asynchttpclient.netty.channel.DefaultChannelPool - Entry count for : http://localhost:65407 : 1
14:42:03.595 [AsyncHttpClient-1-4] DEBUG org.asynchttpclient.netty.handler.HttpHandler - 

Request DefaultFullHttpRequest(decodeResult: success, version: HTTP/1.1, content: EmptyByteBufBE)
GET /session/cd6b4c6c1311fdfc6a04bea00d1cddcd/element/1D9D812BBCC1281CF74687AB32A7BF91_element_9/enabled HTTP/1.1
User-Agent: selenium/4.7.1 (java windows)
Cache-Control: no-cache
Content-Type: application/json; charset=utf-8
host: localhost:3339
accept: */*

Response DefaultHttpResponse(decodeResult: success, version: HTTP/1.1)
HTTP/1.1 200 OK
Content-Type: application/json; charset=utf-8
cache-control: no-cache
content-length: 14

14:42:03.603 [AsyncHttpClient-1-4] DEBUG org.asynchttpclient.netty.channel.ChannelManager - Adding key: http://localhost:3339 for channel [id: 0x53e8315a, L:/127.0.0.1:65406 - R:localhost/127.0.0.1:3339]
14:42:03.603 [Forwarding isElementEnabled on session cd6b4c6c1311fdfc6a04bea00d1cddcd to remote] DEBUG org.asynchttpclient.netty.request.NettyRequestSender - Using pooled Channel '[id: 0x53e8315a, L:/127.0.0.1:65406 - R:localhost/127.0.0.1:3339]' for 'GET' to 'http://localhost:3339/session/cd6b4c6c1311fdfc6a04bea00d1cddcd/element/1D9D812BBCC1281CF74687AB32A7BF91_element_9/enabled'
14:42:03.603 [Forwarding isElementEnabled on session cd6b4c6c1311fdfc6a04bea00d1cddcd to remote] DEBUG org.asynchttpclient.netty.request.NettyRequestSender - Using open Channel [id: 0x53e8315a, L:/127.0.0.1:65406 - R:localhost/127.0.0.1:3339] for GET '/session/cd6b4c6c1311fdfc6a04bea00d1cddcd/element/1D9D812BBCC1281CF74687AB32A7BF91_element_9/enabled'
14:42:03.619 [AsyncHttpClient-1-4] DEBUG org.asynchttpclient.netty.handler.HttpHandler - 

Request DefaultFullHttpRequest(decodeResult: success, version: HTTP/1.1, content: EmptyByteBufBE)
GET /session/cd6b4c6c1311fdfc6a04bea00d1cddcd/element/1D9D812BBCC1281CF74687AB32A7BF91_element_9/enabled HTTP/1.1
User-Agent: selenium/4.7.1 (java windows)
Cache-Control: no-cache
Content-Type: application/json; charset=utf-8
host: localhost:3339
accept: */*

Response DefaultHttpResponse(decodeResult: success, version: HTTP/1.1)
HTTP/1.1 200 OK
Content-Type: application/json; charset=utf-8
cache-control: no-cache
content-length: 14

14:42:03.619 [AsyncHttpClient-1-4] DEBUG org.asynchttpclient.netty.channel.ChannelManager - Adding key: http://localhost:3339 for channel [id: 0x53e8315a, L:/127.0.0.1:65406 - R:localhost/127.0.0.1:3339]
14:42:03.619 [Forwarding findElement on session cd6b4c6c1311fdfc6a04bea00d1cddcd to remote] DEBUG org.asynchttpclient.netty.request.NettyRequestSender - Using pooled Channel '[id: 0x53e8315a, L:/127.0.0.1:65406 - R:localhost/127.0.0.1:3339]' for 'POST' to 'http://localhost:3339/session/cd6b4c6c1311fdfc6a04bea00d1cddcd/element'
14:42:03.619 [Forwarding findElement on session cd6b4c6c1311fdfc6a04bea00d1cddcd to remote] DEBUG org.asynchttpclient.netty.request.NettyRequestSender - Using open Channel [id: 0x53e8315a, L:/127.0.0.1:65406 - R:localhost/127.0.0.1:3339] for POST '/session/cd6b4c6c1311fdfc6a04bea00d1cddcd/element'
14:42:03.635 [AsyncHttpClient-1-4] DEBUG org.asynchttpclient.netty.handler.HttpHandler - 

Request DefaultHttpRequest(decodeResult: success, version: HTTP/1.1)
POST /session/cd6b4c6c1311fdfc6a04bea00d1cddcd/element HTTP/1.1
User-Agent: selenium/4.7.1 (java windows)
Content-Length: 113
Content-Type: application/json; charset=utf-8
host: localhost:3339
accept: */*

Response DefaultHttpResponse(decodeResult: success, version: HTTP/1.1)
HTTP/1.1 200 OK
Content-Type: application/json; charset=utf-8
cache-control: no-cache
content-length: 94

14:42:03.635 [AsyncHttpClient-1-4] DEBUG org.asynchttpclient.netty.channel.ChannelManager - Adding key: http://localhost:3339 for channel [id: 0x53e8315a, L:/127.0.0.1:65406 - R:localhost/127.0.0.1:3339]
14:42:03.635 [Forwarding clickElement on session cd6b4c6c1311fdfc6a04bea00d1cddcd to remote] DEBUG org.asynchttpclient.netty.request.NettyRequestSender - Using pooled Channel '[id: 0x53e8315a, L:/127.0.0.1:65406 - R:localhost/127.0.0.1:3339]' for 'POST' to 'http://localhost:3339/session/cd6b4c6c1311fdfc6a04bea00d1cddcd/element/1D9D812BBCC1281CF74687AB32A7BF91_element_9/click'
14:42:03.635 [Forwarding clickElement on session cd6b4c6c1311fdfc6a04bea00d1cddcd to remote] DEBUG org.asynchttpclient.netty.request.NettyRequestSender - Using open Channel [id: 0x53e8315a, L:/127.0.0.1:65406 - R:localhost/127.0.0.1:3339] for POST '/session/cd6b4c6c1311fdfc6a04bea00d1cddcd/element/1D9D812BBCC1281CF74687AB32A7BF91_element_9/click'
14:42:03.708 [AsyncHttpClient-1-4] DEBUG org.asynchttpclient.netty.handler.HttpHandler - 

Request DefaultHttpRequest(decodeResult: success, version: HTTP/1.1)
POST /session/cd6b4c6c1311fdfc6a04bea00d1cddcd/element/1D9D812BBCC1281CF74687AB32A7BF91_element_9/click HTTP/1.1
User-Agent: selenium/4.7.1 (java windows)
Content-Length: 56
Content-Type: application/json; charset=utf-8
host: localhost:3339
accept: */*

Response DefaultHttpResponse(decodeResult: success, version: HTTP/1.1)
HTTP/1.1 200 OK
Content-Type: application/json; charset=utf-8
cache-control: no-cache
content-length: 14

14:42:03.708 [AsyncHttpClient-1-4] DEBUG org.asynchttpclient.netty.channel.ChannelManager - Adding key: http://localhost:3339 for channel [id: 0x53e8315a, L:/127.0.0.1:65406 - R:localhost/127.0.0.1:3339]
14:42:03.716 [Forwarding getCurrentWindowHandle on session cd6b4c6c1311fdfc6a04bea00d1cddcd to remote] DEBUG org.asynchttpclient.netty.request.NettyRequestSender - Using pooled Channel '[id: 0x53e8315a, L:/127.0.0.1:65406 - R:localhost/127.0.0.1:3339]' for 'GET' to 'http://localhost:3339/session/cd6b4c6c1311fdfc6a04bea00d1cddcd/window'
14:42:03.716 [Forwarding getCurrentWindowHandle on session cd6b4c6c1311fdfc6a04bea00d1cddcd to remote] DEBUG org.asynchttpclient.netty.request.NettyRequestSender - Using open Channel [id: 0x53e8315a, L:/127.0.0.1:65406 - R:localhost/127.0.0.1:3339] for GET '/session/cd6b4c6c1311fdfc6a04bea00d1cddcd/window'
14:42:03.716 [AsyncHttpClient-1-4] DEBUG org.asynchttpclient.netty.handler.HttpHandler - 

Request DefaultFullHttpRequest(decodeResult: success, version: HTTP/1.1, content: EmptyByteBufBE)
GET /session/cd6b4c6c1311fdfc6a04bea00d1cddcd/window HTTP/1.1
User-Agent: selenium/4.7.1 (java windows)
Cache-Control: no-cache
Content-Type: application/json; charset=utf-8
host: localhost:3339
accept: */*

Response DefaultHttpResponse(decodeResult: success, version: HTTP/1.1)
HTTP/1.1 200 OK
Content-Type: application/json; charset=utf-8
cache-control: no-cache
content-length: 44

14:42:03.716 [AsyncHttpClient-1-4] DEBUG org.asynchttpclient.netty.channel.ChannelManager - Adding key: http://localhost:3339 for channel [id: 0x53e8315a, L:/127.0.0.1:65406 - R:localhost/127.0.0.1:3339]
14:42:03.716 [Forwarding getAlertText on session cd6b4c6c1311fdfc6a04bea00d1cddcd to remote] DEBUG org.asynchttpclient.netty.request.NettyRequestSender - Using pooled Channel '[id: 0x53e8315a, L:/127.0.0.1:65406 - R:localhost/127.0.0.1:3339]' for 'GET' to 'http://localhost:3339/session/cd6b4c6c1311fdfc6a04bea00d1cddcd/alert/text'
14:42:03.716 [Forwarding getAlertText on session cd6b4c6c1311fdfc6a04bea00d1cddcd to remote] DEBUG org.asynchttpclient.netty.request.NettyRequestSender - Using open Channel [id: 0x53e8315a, L:/127.0.0.1:65406 - R:localhost/127.0.0.1:3339] for GET '/session/cd6b4c6c1311fdfc6a04bea00d1cddcd/alert/text'
14:42:03.724 [AsyncHttpClient-1-4] DEBUG org.asynchttpclient.netty.handler.HttpHandler - 

Request DefaultFullHttpRequest(decodeResult: success, version: HTTP/1.1, content: EmptyByteBufBE)
GET /session/cd6b4c6c1311fdfc6a04bea00d1cddcd/alert/text HTTP/1.1
User-Agent: selenium/4.7.1 (java windows)
Cache-Control: no-cache
Content-Type: application/json; charset=utf-8
host: localhost:3339
accept: */*

Response DefaultHttpResponse(decodeResult: success, version: HTTP/1.1)
HTTP/1.1 404 Not Found
Content-Type: application/json; charset=utf-8
cache-control: no-cache
content-length: 821

14:42:03.724 [AsyncHttpClient-1-4] DEBUG org.asynchttpclient.netty.channel.ChannelManager - Adding key: http://localhost:3339 for channel [id: 0x53e8315a, L:/127.0.0.1:65406 - R:localhost/127.0.0.1:3339]
14:42:03.724 [Forwarding switchToWindow on session cd6b4c6c1311fdfc6a04bea00d1cddcd to remote] DEBUG org.asynchttpclient.netty.request.NettyRequestSender - Using pooled Channel '[id: 0x53e8315a, L:/127.0.0.1:65406 - R:localhost/127.0.0.1:3339]' for 'POST' to 'http://localhost:3339/session/cd6b4c6c1311fdfc6a04bea00d1cddcd/window'
14:42:03.724 [Forwarding switchToWindow on session cd6b4c6c1311fdfc6a04bea00d1cddcd to remote] DEBUG org.asynchttpclient.netty.request.NettyRequestSender - Using open Channel [id: 0x53e8315a, L:/127.0.0.1:65406 - R:localhost/127.0.0.1:3339] for POST '/session/cd6b4c6c1311fdfc6a04bea00d1cddcd/window'
14:42:03.732 [AsyncHttpClient-1-4] DEBUG org.asynchttpclient.netty.handler.HttpHandler - 

Request DefaultHttpRequest(decodeResult: success, version: HTTP/1.1)
POST /session/cd6b4c6c1311fdfc6a04bea00d1cddcd/window HTTP/1.1
User-Agent: selenium/4.7.1 (java windows)
Content-Length: 50
Content-Type: application/json; charset=utf-8
host: localhost:3339
accept: */*

Response DefaultHttpResponse(decodeResult: success, version: HTTP/1.1)
HTTP/1.1 200 OK
Content-Type: application/json; charset=utf-8
cache-control: no-cache
content-length: 14

14:42:03.732 [AsyncHttpClient-1-4] DEBUG org.asynchttpclient.netty.channel.ChannelManager - Adding key: http://localhost:3339 for channel [id: 0x53e8315a, L:/127.0.0.1:65406 - R:localhost/127.0.0.1:3339]
14:42:03.732 [Forwarding getCurrentUrl on session cd6b4c6c1311fdfc6a04bea00d1cddcd to remote] DEBUG org.asynchttpclient.netty.request.NettyRequestSender - Using pooled Channel '[id: 0x53e8315a, L:/127.0.0.1:65406 - R:localhost/127.0.0.1:3339]' for 'GET' to 'http://localhost:3339/session/cd6b4c6c1311fdfc6a04bea00d1cddcd/url'
14:42:03.732 [Forwarding getCurrentUrl on session cd6b4c6c1311fdfc6a04bea00d1cddcd to remote] DEBUG org.asynchttpclient.netty.request.NettyRequestSender - Using open Channel [id: 0x53e8315a, L:/127.0.0.1:65406 - R:localhost/127.0.0.1:3339] for GET '/session/cd6b4c6c1311fdfc6a04bea00d1cddcd/url'
14:42:03.740 [AsyncHttpClient-1-4] DEBUG org.asynchttpclient.netty.handler.HttpHandler - 

Request DefaultFullHttpRequest(decodeResult: success, version: HTTP/1.1, content: EmptyByteBufBE)
GET /session/cd6b4c6c1311fdfc6a04bea00d1cddcd/url HTTP/1.1
User-Agent: selenium/4.7.1 (java windows)
Cache-Control: no-cache
Content-Type: application/json; charset=utf-8
host: localhost:3339
accept: */*

Response DefaultHttpResponse(decodeResult: success, version: HTTP/1.1)
HTTP/1.1 200 OK
Content-Type: application/json; charset=utf-8
cache-control: no-cache
content-length: 51

14:42:03.740 [AsyncHttpClient-1-4] DEBUG org.asynchttpclient.netty.channel.ChannelManager - Adding key: http://localhost:3339 for channel [id: 0x53e8315a, L:/127.0.0.1:65406 - R:localhost/127.0.0.1:3339]
14:42:03.740 [Forwarding screenshot on session cd6b4c6c1311fdfc6a04bea00d1cddcd to remote] DEBUG org.asynchttpclient.netty.request.NettyRequestSender - Using pooled Channel '[id: 0x53e8315a, L:/127.0.0.1:65406 - R:localhost/127.0.0.1:3339]' for 'GET' to 'http://localhost:3339/session/cd6b4c6c1311fdfc6a04bea00d1cddcd/screenshot'
14:42:03.740 [Forwarding screenshot on session cd6b4c6c1311fdfc6a04bea00d1cddcd to remote] DEBUG org.asynchttpclient.netty.request.NettyRequestSender - Using open Channel [id: 0x53e8315a, L:/127.0.0.1:65406 - R:localhost/127.0.0.1:3339] for GET '/session/cd6b4c6c1311fdfc6a04bea00d1cddcd/screenshot'
14:42:03.960 [AsyncHttpClient-1-4] DEBUG org.asynchttpclient.netty.handler.HttpHandler - 

Request DefaultFullHttpRequest(decodeResult: success, version: HTTP/1.1, content: EmptyByteBufBE)
GET /session/cd6b4c6c1311fdfc6a04bea00d1cddcd/screenshot HTTP/1.1
User-Agent: selenium/4.7.1 (java windows)
Cache-Control: no-cache
Content-Type: application/json; charset=utf-8
host: localhost:3339
accept: */*

Response DefaultHttpResponse(decodeResult: success, version: HTTP/1.1)
HTTP/1.1 200 OK
Content-Type: application/json; charset=utf-8
cache-control: no-cache
content-length: 192008

14:42:03.960 [AsyncHttpClient-1-4] DEBUG org.asynchttpclient.netty.channel.ChannelManager - Adding key: http://localhost:3339 for channel [id: 0x53e8315a, L:/127.0.0.1:65406 - R:localhost/127.0.0.1:3339]
14:42:03.968 [main] DEBUG net.serenitybdd.core.photography.Darkroom - Send negative for processing for target\site\serenity\cd7cc94f58136a2d2b3e3c252bd27c3d3d8f5aa3b9ecea873a8beb71d8774489.png
14:42:03.968 [main] DEBUG net.thucydides.core.steps.StepInterceptor - STEP DONE: klikbuttonmasuk
  &amp#27;[32mGiven &amp#27;[0m&amp#27;[32mAdmin melakukan login akun&amp#27;[0m                       &amp#27;[90m# starter.stepdefinitions.TransaksiSteps.adminMelakukanLoginAkun()&amp#27;[0m
14:42:03.992 [main] DEBUG net.thucydides.core.steps.StepInterceptor - STARTING STEP: PDAMSteps.padaBerandaAdminKlikLayanan - klikmenulayanan
14:42:03.992 [Forwarding findElement on session cd6b4c6c1311fdfc6a04bea00d1cddcd to remote] DEBUG org.asynchttpclient.netty.request.NettyRequestSender - Using pooled Channel '[id: 0x53e8315a, L:/127.0.0.1:65406 - R:localhost/127.0.0.1:3339]' for 'POST' to 'http://localhost:3339/session/cd6b4c6c1311fdfc6a04bea00d1cddcd/element'
14:42:03.992 [Forwarding findElement on session cd6b4c6c1311fdfc6a04bea00d1cddcd to remote] DEBUG org.asynchttpclient.netty.request.NettyRequestSender - Using open Channel [id: 0x53e8315a, L:/127.0.0.1:65406 - R:localhost/127.0.0.1:3339] for POST '/session/cd6b4c6c1311fdfc6a04bea00d1cddcd/element'
14:42:04.723 [AsyncHttpClient-1-1] DEBUG org.asynchttpclient.netty.channel.DefaultChannelPool - Entry count for : http://localhost:65407 : 1
14:42:05.331 [AsyncHttpClient-1-4] DEBUG org.asynchttpclient.netty.handler.HttpHandler - 

Request DefaultHttpRequest(decodeResult: success, version: HTTP/1.1)
POST /session/cd6b4c6c1311fdfc6a04bea00d1cddcd/element HTTP/1.1
User-Agent: selenium/4.7.1 (java windows)
Content-Length: 178
Content-Type: application/json; charset=utf-8
host: localhost:3339
accept: */*

Response DefaultHttpResponse(decodeResult: success, version: HTTP/1.1)
HTTP/1.1 200 OK
Content-Type: application/json; charset=utf-8
cache-control: no-cache
content-length: 95

14:42:05.331 [AsyncHttpClient-1-4] DEBUG org.asynchttpclient.netty.channel.ChannelManager - Adding key: http://localhost:3339 for channel [id: 0x53e8315a, L:/127.0.0.1:65406 - R:localhost/127.0.0.1:3339]
14:42:05.334 [Forwarding getElementTagName on session cd6b4c6c1311fdfc6a04bea00d1cddcd to remote] DEBUG org.asynchttpclient.netty.request.NettyRequestSender - Using pooled Channel '[id: 0x53e8315a, L:/127.0.0.1:65406 - R:localhost/127.0.0.1:3339]' for 'GET' to 'http://localhost:3339/session/cd6b4c6c1311fdfc6a04bea00d1cddcd/element/1D9D812BBCC1281CF74687AB32A7BF91_element_23/name'
14:42:05.334 [Forwarding getElementTagName on session cd6b4c6c1311fdfc6a04bea00d1cddcd to remote] DEBUG org.asynchttpclient.netty.request.NettyRequestSender - Using open Channel [id: 0x53e8315a, L:/127.0.0.1:65406 - R:localhost/127.0.0.1:3339] for GET '/session/cd6b4c6c1311fdfc6a04bea00d1cddcd/element/1D9D812BBCC1281CF74687AB32A7BF91_element_23/name'
14:42:05.343 [AsyncHttpClient-1-4] DEBUG org.asynchttpclient.netty.handler.HttpHandler - 

Request DefaultFullHttpRequest(decodeResult: success, version: HTTP/1.1, content: EmptyByteBufBE)
GET /session/cd6b4c6c1311fdfc6a04bea00d1cddcd/element/1D9D812BBCC1281CF74687AB32A7BF91_element_23/name HTTP/1.1
User-Agent: selenium/4.7.1 (java windows)
Cache-Control: no-cache
Content-Type: application/json; charset=utf-8
host: localhost:3339
accept: */*

Response DefaultHttpResponse(decodeResult: success, version: HTTP/1.1)
HTTP/1.1 200 OK
Content-Type: application/json; charset=utf-8
cache-control: no-cache
content-length: 13

14:42:05.343 [AsyncHttpClient-1-4] DEBUG org.asynchttpclient.netty.channel.ChannelManager - Adding key: http://localhost:3339 for channel [id: 0x53e8315a, L:/127.0.0.1:65406 - R:localhost/127.0.0.1:3339]
14:42:05.345 [Forwarding getElementTagName on session cd6b4c6c1311fdfc6a04bea00d1cddcd to remote] DEBUG org.asynchttpclient.netty.request.NettyRequestSender - Using pooled Channel '[id: 0x53e8315a, L:/127.0.0.1:65406 - R:localhost/127.0.0.1:3339]' for 'GET' to 'http://localhost:3339/session/cd6b4c6c1311fdfc6a04bea00d1cddcd/element/1D9D812BBCC1281CF74687AB32A7BF91_element_23/name'
14:42:05.345 [Forwarding getElementTagName on session cd6b4c6c1311fdfc6a04bea00d1cddcd to remote] DEBUG org.asynchttpclient.netty.request.NettyRequestSender - Using open Channel [id: 0x53e8315a, L:/127.0.0.1:65406 - R:localhost/127.0.0.1:3339] for GET '/session/cd6b4c6c1311fdfc6a04bea00d1cddcd/element/1D9D812BBCC1281CF74687AB32A7BF91_element_23/name'
14:42:05.353 [AsyncHttpClient-1-4] DEBUG org.asynchttpclient.netty.handler.HttpHandler - 

Request DefaultFullHttpRequest(decodeResult: success, version: HTTP/1.1, content: EmptyByteBufBE)
GET /session/cd6b4c6c1311fdfc6a04bea00d1cddcd/element/1D9D812BBCC1281CF74687AB32A7BF91_element_23/name HTTP/1.1
User-Agent: selenium/4.7.1 (java windows)
Cache-Control: no-cache
Content-Type: application/json; charset=utf-8
host: localhost:3339
accept: */*

Response DefaultHttpResponse(decodeResult: success, version: HTTP/1.1)
HTTP/1.1 200 OK
Content-Type: application/json; charset=utf-8
cache-control: no-cache
content-length: 13

14:42:05.353 [AsyncHttpClient-1-4] DEBUG org.asynchttpclient.netty.channel.ChannelManager - Adding key: http://localhost:3339 for channel [id: 0x53e8315a, L:/127.0.0.1:65406 - R:localhost/127.0.0.1:3339]
14:42:05.357 [Forwarding findElement on session cd6b4c6c1311fdfc6a04bea00d1cddcd to remote] DEBUG org.asynchttpclient.netty.request.NettyRequestSender - Using pooled Channel '[id: 0x53e8315a, L:/127.0.0.1:65406 - R:localhost/127.0.0.1:3339]' for 'POST' to 'http://localhost:3339/session/cd6b4c6c1311fdfc6a04bea00d1cddcd/element'
14:42:05.357 [Forwarding findElement on session cd6b4c6c1311fdfc6a04bea00d1cddcd to remote] DEBUG org.asynchttpclient.netty.request.NettyRequestSender - Using open Channel [id: 0x53e8315a, L:/127.0.0.1:65406 - R:localhost/127.0.0.1:3339] for POST '/session/cd6b4c6c1311fdfc6a04bea00d1cddcd/element'
14:42:05.373 [AsyncHttpClient-1-4] DEBUG org.asynchttpclient.netty.handler.HttpHandler - 

Request DefaultHttpRequest(decodeResult: success, version: HTTP/1.1)
POST /session/cd6b4c6c1311fdfc6a04bea00d1cddcd/element HTTP/1.1
User-Agent: selenium/4.7.1 (java windows)
Content-Length: 178
Content-Type: application/json; charset=utf-8
host: localhost:3339
accept: */*

Response DefaultHttpResponse(decodeResult: success, version: HTTP/1.1)
HTTP/1.1 200 OK
Content-Type: application/json; charset=utf-8
cache-control: no-cache
content-length: 95

14:42:05.373 [AsyncHttpClient-1-4] DEBUG org.asynchttpclient.netty.channel.ChannelManager - Adding key: http://localhost:3339 for channel [id: 0x53e8315a, L:/127.0.0.1:65406 - R:localhost/127.0.0.1:3339]
14:42:05.374 [Forwarding clickElement on session cd6b4c6c1311fdfc6a04bea00d1cddcd to remote] DEBUG org.asynchttpclient.netty.request.NettyRequestSender - Using pooled Channel '[id: 0x53e8315a, L:/127.0.0.1:65406 - R:localhost/127.0.0.1:3339]' for 'POST' to 'http://localhost:3339/session/cd6b4c6c1311fdfc6a04bea00d1cddcd/element/1D9D812BBCC1281CF74687AB32A7BF91_element_23/click'
14:42:05.375 [Forwarding clickElement on session cd6b4c6c1311fdfc6a04bea00d1cddcd to remote] DEBUG org.asynchttpclient.netty.request.NettyRequestSender - Using open Channel [id: 0x53e8315a, L:/127.0.0.1:65406 - R:localhost/127.0.0.1:3339] for POST '/session/cd6b4c6c1311fdfc6a04bea00d1cddcd/element/1D9D812BBCC1281CF74687AB32A7BF91_element_23/click'
14:42:05.476 [AsyncHttpClient-1-4] DEBUG org.asynchttpclient.netty.handler.HttpHandler - 

Request DefaultHttpRequest(decodeResult: success, version: HTTP/1.1)
POST /session/cd6b4c6c1311fdfc6a04bea00d1cddcd/element/1D9D812BBCC1281CF74687AB32A7BF91_element_23/click HTTP/1.1
User-Agent: selenium/4.7.1 (java windows)
Content-Length: 57
Content-Type: application/json; charset=utf-8
host: localhost:3339
accept: */*

Response DefaultHttpResponse(decodeResult: success, version: HTTP/1.1)
HTTP/1.1 200 OK
Content-Type: application/json; charset=utf-8
cache-control: no-cache
content-length: 14

14:42:05.476 [AsyncHttpClient-1-4] DEBUG org.asynchttpclient.netty.channel.ChannelManager - Adding key: http://localhost:3339 for channel [id: 0x53e8315a, L:/127.0.0.1:65406 - R:localhost/127.0.0.1:3339]
14:42:05.492 [Forwarding getCurrentWindowHandle on session cd6b4c6c1311fdfc6a04bea00d1cddcd to remote] DEBUG org.asynchttpclient.netty.request.NettyRequestSender - Using pooled Channel '[id: 0x53e8315a, L:/127.0.0.1:65406 - R:localhost/127.0.0.1:3339]' for 'GET' to 'http://localhost:3339/session/cd6b4c6c1311fdfc6a04bea00d1cddcd/window'
14:42:05.492 [Forwarding getCurrentWindowHandle on session cd6b4c6c1311fdfc6a04bea00d1cddcd to remote] DEBUG org.asynchttpclient.netty.request.NettyRequestSender - Using open Channel [id: 0x53e8315a, L:/127.0.0.1:65406 - R:localhost/127.0.0.1:3339] for GET '/session/cd6b4c6c1311fdfc6a04bea00d1cddcd/window'
14:42:05.492 [AsyncHttpClient-1-4] DEBUG org.asynchttpclient.netty.handler.HttpHandler - 

Request DefaultFullHttpRequest(decodeResult: success, version: HTTP/1.1, content: EmptyByteBufBE)
GET /session/cd6b4c6c1311fdfc6a04bea00d1cddcd/window HTTP/1.1
User-Agent: selenium/4.7.1 (java windows)
Cache-Control: no-cache
Content-Type: application/json; charset=utf-8
host: localhost:3339
accept: */*

Response DefaultHttpResponse(decodeResult: success, version: HTTP/1.1)
HTTP/1.1 200 OK
Content-Type: application/json; charset=utf-8
cache-control: no-cache
content-length: 44

14:42:05.492 [AsyncHttpClient-1-4] DEBUG org.asynchttpclient.netty.channel.ChannelManager - Adding key: http://localhost:3339 for channel [id: 0x53e8315a, L:/127.0.0.1:65406 - R:localhost/127.0.0.1:3339]
14:42:05.499 [Forwarding getAlertText on session cd6b4c6c1311fdfc6a04bea00d1cddcd to remote] DEBUG org.asynchttpclient.netty.request.NettyRequestSender - Using pooled Channel '[id: 0x53e8315a, L:/127.0.0.1:65406 - R:localhost/127.0.0.1:3339]' for 'GET' to 'http://localhost:3339/session/cd6b4c6c1311fdfc6a04bea00d1cddcd/alert/text'
14:42:05.499 [Forwarding getAlertText on session cd6b4c6c1311fdfc6a04bea00d1cddcd to remote] DEBUG org.asynchttpclient.netty.request.NettyRequestSender - Using open Channel [id: 0x53e8315a, L:/127.0.0.1:65406 - R:localhost/127.0.0.1:3339] for GET '/session/cd6b4c6c1311fdfc6a04bea00d1cddcd/alert/text'
14:42:05.499 [AsyncHttpClient-1-4] DEBUG org.asynchttpclient.netty.handler.HttpHandler - 

Request DefaultFullHttpRequest(decodeResult: success, version: HTTP/1.1, content: EmptyByteBufBE)
GET /session/cd6b4c6c1311fdfc6a04bea00d1cddcd/alert/text HTTP/1.1
User-Agent: selenium/4.7.1 (java windows)
Cache-Control: no-cache
Content-Type: application/json; charset=utf-8
host: localhost:3339
accept: */*

Response DefaultHttpResponse(decodeResult: success, version: HTTP/1.1)
HTTP/1.1 404 Not Found
Content-Type: application/json; charset=utf-8
cache-control: no-cache
content-length: 821

14:42:05.499 [AsyncHttpClient-1-4] DEBUG org.asynchttpclient.netty.channel.ChannelManager - Adding key: http://localhost:3339 for channel [id: 0x53e8315a, L:/127.0.0.1:65406 - R:localhost/127.0.0.1:3339]
14:42:05.499 [Forwarding switchToWindow on session cd6b4c6c1311fdfc6a04bea00d1cddcd to remote] DEBUG org.asynchttpclient.netty.request.NettyRequestSender - Using pooled Channel '[id: 0x53e8315a, L:/127.0.0.1:65406 - R:localhost/127.0.0.1:3339]' for 'POST' to 'http://localhost:3339/session/cd6b4c6c1311fdfc6a04bea00d1cddcd/window'
14:42:05.499 [Forwarding switchToWindow on session cd6b4c6c1311fdfc6a04bea00d1cddcd to remote] DEBUG org.asynchttpclient.netty.request.NettyRequestSender - Using open Channel [id: 0x53e8315a, L:/127.0.0.1:65406 - R:localhost/127.0.0.1:3339] for POST '/session/cd6b4c6c1311fdfc6a04bea00d1cddcd/window'
14:42:05.499 [AsyncHttpClient-1-4] DEBUG org.asynchttpclient.netty.handler.HttpHandler - 

Request DefaultHttpRequest(decodeResult: success, version: HTTP/1.1)
POST /session/cd6b4c6c1311fdfc6a04bea00d1cddcd/window HTTP/1.1
User-Agent: selenium/4.7.1 (java windows)
Content-Length: 50
Content-Type: application/json; charset=utf-8
host: localhost:3339
accept: */*

Response DefaultHttpResponse(decodeResult: success, version: HTTP/1.1)
HTTP/1.1 200 OK
Content-Type: application/json; charset=utf-8
cache-control: no-cache
content-length: 14

14:42:05.499 [AsyncHttpClient-1-4] DEBUG org.asynchttpclient.netty.channel.ChannelManager - Adding key: http://localhost:3339 for channel [id: 0x53e8315a, L:/127.0.0.1:65406 - R:localhost/127.0.0.1:3339]
14:42:05.499 [Forwarding getCurrentUrl on session cd6b4c6c1311fdfc6a04bea00d1cddcd to remote] DEBUG org.asynchttpclient.netty.request.NettyRequestSender - Using pooled Channel '[id: 0x53e8315a, L:/127.0.0.1:65406 - R:localhost/127.0.0.1:3339]' for 'GET' to 'http://localhost:3339/session/cd6b4c6c1311fdfc6a04bea00d1cddcd/url'
14:42:05.507 [Forwarding getCurrentUrl on session cd6b4c6c1311fdfc6a04bea00d1cddcd to remote] DEBUG org.asynchttpclient.netty.request.NettyRequestSender - Using open Channel [id: 0x53e8315a, L:/127.0.0.1:65406 - R:localhost/127.0.0.1:3339] for GET '/session/cd6b4c6c1311fdfc6a04bea00d1cddcd/url'
14:42:05.507 [AsyncHttpClient-1-4] DEBUG org.asynchttpclient.netty.handler.HttpHandler - 

Request DefaultFullHttpRequest(decodeResult: success, version: HTTP/1.1, content: EmptyByteBufBE)
GET /session/cd6b4c6c1311fdfc6a04bea00d1cddcd/url HTTP/1.1
User-Agent: selenium/4.7.1 (java windows)
Cache-Control: no-cache
Content-Type: application/json; charset=utf-8
host: localhost:3339
accept: */*

Response DefaultHttpResponse(decodeResult: success, version: HTTP/1.1)
HTTP/1.1 200 OK
Content-Type: application/json; charset=utf-8
cache-control: no-cache
content-length: 53

14:42:05.507 [AsyncHttpClient-1-4] DEBUG org.asynchttpclient.netty.channel.ChannelManager - Adding key: http://localhost:3339 for channel [id: 0x53e8315a, L:/127.0.0.1:65406 - R:localhost/127.0.0.1:3339]
14:42:05.515 [Forwarding screenshot on session cd6b4c6c1311fdfc6a04bea00d1cddcd to remote] DEBUG org.asynchttpclient.netty.request.NettyRequestSender - Using pooled Channel '[id: 0x53e8315a, L:/127.0.0.1:65406 - R:localhost/127.0.0.1:3339]' for 'GET' to 'http://localhost:3339/session/cd6b4c6c1311fdfc6a04bea00d1cddcd/screenshot'
14:42:05.515 [Forwarding screenshot on session cd6b4c6c1311fdfc6a04bea00d1cddcd to remote] DEBUG org.asynchttpclient.netty.request.NettyRequestSender - Using open Channel [id: 0x53e8315a, L:/127.0.0.1:65406 - R:localhost/127.0.0.1:3339] for GET '/session/cd6b4c6c1311fdfc6a04bea00d1cddcd/screenshot'
14:42:05.663 [AsyncHttpClient-1-4] DEBUG org.asynchttpclient.netty.handler.HttpHandler - 

Request DefaultFullHttpRequest(decodeResult: success, version: HTTP/1.1, content: EmptyByteBufBE)
GET /session/cd6b4c6c1311fdfc6a04bea00d1cddcd/screenshot HTTP/1.1
User-Agent: selenium/4.7.1 (java windows)
Cache-Control: no-cache
Content-Type: application/json; charset=utf-8
host: localhost:3339
accept: */*

Response DefaultHttpResponse(decodeResult: success, version: HTTP/1.1)
HTTP/1.1 200 OK
Content-Type: application/json; charset=utf-8
cache-control: no-cache
content-length: 33740

14:42:05.663 [AsyncHttpClient-1-4] DEBUG org.asynchttpclient.netty.channel.ChannelManager - Adding key: http://localhost:3339 for channel [id: 0x53e8315a, L:/127.0.0.1:65406 - R:localhost/127.0.0.1:3339]
14:42:05.663 [main] DEBUG net.serenitybdd.core.photography.Darkroom - Send negative for processing for target\site\serenity\cbd7dfd15a7820ed98cca29503e8da042ba7e9f6cecf4af59d20bf5974df48f0.png
14:42:05.663 [main] DEBUG net.thucydides.core.steps.StepInterceptor - STEP DONE: klikmenulayanan
  &amp#27;[32mWhen &amp#27;[0m&amp#27;[32mPada Beranda, Admin klik Layanan&amp#27;[0m                  &amp#27;[90m# starter.stepdefinitions.PDAMSteps.padaBerandaAdminKlikLayanan()&amp#27;[0m
14:42:05.663 [Darkroom Processing Line] DEBUG net.serenitybdd.core.photography.DarkroomProcessingLine - Processing screenshot image in /var/screenshots/screenshot-15300582743636462551
14:42:05.663 [Darkroom Processing Line] DEBUG net.serenitybdd.core.photography.DarkroomProcessingLine - Saving screenshot to target\site\serenity\cbd7dfd15a7820ed98cca29503e8da042ba7e9f6cecf4af59d20bf5974df48f0.png
14:42:05.679 [main] DEBUG net.thucydides.core.steps.StepInterceptor - STARTING STEP: PDAMSteps.adminKlikPDAM - klikpdam
14:42:05.679 [Forwarding findElement on session cd6b4c6c1311fdfc6a04bea00d1cddcd to remote] DEBUG org.asynchttpclient.netty.request.NettyRequestSender - Using pooled Channel '[id: 0x53e8315a, L:/127.0.0.1:65406 - R:localhost/127.0.0.1:3339]' for 'POST' to 'http://localhost:3339/session/cd6b4c6c1311fdfc6a04bea00d1cddcd/element'
14:42:05.679 [Forwarding findElement on session cd6b4c6c1311fdfc6a04bea00d1cddcd to remote] DEBUG org.asynchttpclient.netty.request.NettyRequestSender - Using open Channel [id: 0x53e8315a, L:/127.0.0.1:65406 - R:localhost/127.0.0.1:3339] for POST '/session/cd6b4c6c1311fdfc6a04bea00d1cddcd/element'
14:42:05.707 [AsyncHttpClient-1-4] DEBUG org.asynchttpclient.netty.handler.HttpHandler - 

Request DefaultHttpRequest(decodeResult: success, version: HTTP/1.1)
POST /session/cd6b4c6c1311fdfc6a04bea00d1cddcd/element HTTP/1.1
User-Agent: selenium/4.7.1 (java windows)
Content-Length: 96
Content-Type: application/json; charset=utf-8
host: localhost:3339
accept: */*

Response DefaultHttpResponse(decodeResult: success, version: HTTP/1.1)
HTTP/1.1 200 OK
Content-Type: application/json; charset=utf-8
cache-control: no-cache
content-length: 95

14:42:05.707 [AsyncHttpClient-1-4] DEBUG org.asynchttpclient.netty.channel.ChannelManager - Adding key: http://localhost:3339 for channel [id: 0x53e8315a, L:/127.0.0.1:65406 - R:localhost/127.0.0.1:3339]
14:42:05.707 [Forwarding getElementTagName on session cd6b4c6c1311fdfc6a04bea00d1cddcd to remote] DEBUG org.asynchttpclient.netty.request.NettyRequestSender - Using pooled Channel '[id: 0x53e8315a, L:/127.0.0.1:65406 - R:localhost/127.0.0.1:3339]' for 'GET' to 'http://localhost:3339/session/cd6b4c6c1311fdfc6a04bea00d1cddcd/element/1D9D812BBCC1281CF74687AB32A7BF91_element_40/name'
14:42:05.707 [Forwarding getElementTagName on session cd6b4c6c1311fdfc6a04bea00d1cddcd to remote] DEBUG org.asynchttpclient.netty.request.NettyRequestSender - Using open Channel [id: 0x53e8315a, L:/127.0.0.1:65406 - R:localhost/127.0.0.1:3339] for GET '/session/cd6b4c6c1311fdfc6a04bea00d1cddcd/element/1D9D812BBCC1281CF74687AB32A7BF91_element_40/name'
14:42:05.715 [AsyncHttpClient-1-4] DEBUG org.asynchttpclient.netty.handler.HttpHandler - 

Request DefaultFullHttpRequest(decodeResult: success, version: HTTP/1.1, content: EmptyByteBufBE)
GET /session/cd6b4c6c1311fdfc6a04bea00d1cddcd/element/1D9D812BBCC1281CF74687AB32A7BF91_element_40/name HTTP/1.1
User-Agent: selenium/4.7.1 (java windows)
Cache-Control: no-cache
Content-Type: application/json; charset=utf-8
host: localhost:3339
accept: */*

Response DefaultHttpResponse(decodeResult: success, version: HTTP/1.1)
HTTP/1.1 200 OK
Content-Type: application/json; charset=utf-8
cache-control: no-cache
content-length: 13

14:42:05.715 [AsyncHttpClient-1-4] DEBUG org.asynchttpclient.netty.channel.ChannelManager - Adding key: http://localhost:3339 for channel [id: 0x53e8315a, L:/127.0.0.1:65406 - R:localhost/127.0.0.1:3339]
14:42:05.715 [Forwarding getElementTagName on session cd6b4c6c1311fdfc6a04bea00d1cddcd to remote] DEBUG org.asynchttpclient.netty.request.NettyRequestSender - Using pooled Channel '[id: 0x53e8315a, L:/127.0.0.1:65406 - R:localhost/127.0.0.1:3339]' for 'GET' to 'http://localhost:3339/session/cd6b4c6c1311fdfc6a04bea00d1cddcd/element/1D9D812BBCC1281CF74687AB32A7BF91_element_40/name'
14:42:05.715 [Forwarding getElementTagName on session cd6b4c6c1311fdfc6a04bea00d1cddcd to remote] DEBUG org.asynchttpclient.netty.request.NettyRequestSender - Using open Channel [id: 0x53e8315a, L:/127.0.0.1:65406 - R:localhost/127.0.0.1:3339] for GET '/session/cd6b4c6c1311fdfc6a04bea00d1cddcd/element/1D9D812BBCC1281CF74687AB32A7BF91_element_40/name'
14:42:05.723 [AsyncHttpClient-1-4] DEBUG org.asynchttpclient.netty.handler.HttpHandler - 

Request DefaultFullHttpRequest(decodeResult: success, version: HTTP/1.1, content: EmptyByteBufBE)
GET /session/cd6b4c6c1311fdfc6a04bea00d1cddcd/element/1D9D812BBCC1281CF74687AB32A7BF91_element_40/name HTTP/1.1
User-Agent: selenium/4.7.1 (java windows)
Cache-Control: no-cache
Content-Type: application/json; charset=utf-8
host: localhost:3339
accept: */*

Response DefaultHttpResponse(decodeResult: success, version: HTTP/1.1)
HTTP/1.1 200 OK
Content-Type: application/json; charset=utf-8
cache-control: no-cache
content-length: 13

14:42:05.723 [AsyncHttpClient-1-4] DEBUG org.asynchttpclient.netty.channel.ChannelManager - Adding key: http://localhost:3339 for channel [id: 0x53e8315a, L:/127.0.0.1:65406 - R:localhost/127.0.0.1:3339]
14:42:05.723 [Forwarding findElement on session cd6b4c6c1311fdfc6a04bea00d1cddcd to remote] DEBUG org.asynchttpclient.netty.request.NettyRequestSender - Using pooled Channel '[id: 0x53e8315a, L:/127.0.0.1:65406 - R:localhost/127.0.0.1:3339]' for 'POST' to 'http://localhost:3339/session/cd6b4c6c1311fdfc6a04bea00d1cddcd/element'
14:42:05.723 [Forwarding findElement on session cd6b4c6c1311fdfc6a04bea00d1cddcd to remote] DEBUG org.asynchttpclient.netty.request.NettyRequestSender - Using open Channel [id: 0x53e8315a, L:/127.0.0.1:65406 - R:localhost/127.0.0.1:3339] for POST '/session/cd6b4c6c1311fdfc6a04bea00d1cddcd/element'
14:42:05.739 [AsyncHttpClient-1-4] DEBUG org.asynchttpclient.netty.handler.HttpHandler - 

Request DefaultHttpRequest(decodeResult: success, version: HTTP/1.1)
POST /session/cd6b4c6c1311fdfc6a04bea00d1cddcd/element HTTP/1.1
User-Agent: selenium/4.7.1 (java windows)
Content-Length: 96
Content-Type: application/json; charset=utf-8
host: localhost:3339
accept: */*

Response DefaultHttpResponse(decodeResult: success, version: HTTP/1.1)
HTTP/1.1 200 OK
Content-Type: application/json; charset=utf-8
cache-control: no-cache
content-length: 95

14:42:05.739 [AsyncHttpClient-1-4] DEBUG org.asynchttpclient.netty.channel.ChannelManager - Adding key: http://localhost:3339 for channel [id: 0x53e8315a, L:/127.0.0.1:65406 - R:localhost/127.0.0.1:3339]
14:42:05.739 [Forwarding clickElement on session cd6b4c6c1311fdfc6a04bea00d1cddcd to remote] DEBUG org.asynchttpclient.netty.request.NettyRequestSender - Using pooled Channel '[id: 0x53e8315a, L:/127.0.0.1:65406 - R:localhost/127.0.0.1:3339]' for 'POST' to 'http://localhost:3339/session/cd6b4c6c1311fdfc6a04bea00d1cddcd/element/1D9D812BBCC1281CF74687AB32A7BF91_element_40/click'
14:42:05.739 [Forwarding clickElement on session cd6b4c6c1311fdfc6a04bea00d1cddcd to remote] DEBUG org.asynchttpclient.netty.request.NettyRequestSender - Using open Channel [id: 0x53e8315a, L:/127.0.0.1:65406 - R:localhost/127.0.0.1:3339] for POST '/session/cd6b4c6c1311fdfc6a04bea00d1cddcd/element/1D9D812BBCC1281CF74687AB32A7BF91_element_40/click'
14:42:05.795 [AsyncHttpClient-1-1] DEBUG org.asynchttpclient.netty.channel.DefaultChannelPool - Entry count for : http://localhost:65407 : 1
14:42:05.875 [AsyncHttpClient-1-4] DEBUG org.asynchttpclient.netty.handler.HttpHandler - 

Request DefaultHttpRequest(decodeResult: success, version: HTTP/1.1)
POST /session/cd6b4c6c1311fdfc6a04bea00d1cddcd/element/1D9D812BBCC1281CF74687AB32A7BF91_element_40/click HTTP/1.1
User-Agent: selenium/4.7.1 (java windows)
Content-Length: 57
Content-Type: application/json; charset=utf-8
host: localhost:3339
accept: */*

Response DefaultHttpResponse(decodeResult: success, version: HTTP/1.1)
HTTP/1.1 200 OK
Content-Type: application/json; charset=utf-8
cache-control: no-cache
content-length: 14

14:42:05.875 [AsyncHttpClient-1-4] DEBUG org.asynchttpclient.netty.channel.ChannelManager - Adding key: http://localhost:3339 for channel [id: 0x53e8315a, L:/127.0.0.1:65406 - R:localhost/127.0.0.1:3339]
14:42:05.883 [Forwarding getCurrentWindowHandle on session cd6b4c6c1311fdfc6a04bea00d1cddcd to remote] DEBUG org.asynchttpclient.netty.request.NettyRequestSender - Using pooled Channel '[id: 0x53e8315a, L:/127.0.0.1:65406 - R:localhost/127.0.0.1:3339]' for 'GET' to 'http://localhost:3339/session/cd6b4c6c1311fdfc6a04bea00d1cddcd/window'
14:42:05.883 [Forwarding getCurrentWindowHandle on session cd6b4c6c1311fdfc6a04bea00d1cddcd to remote] DEBUG org.asynchttpclient.netty.request.NettyRequestSender - Using open Channel [id: 0x53e8315a, L:/127.0.0.1:65406 - R:localhost/127.0.0.1:3339] for GET '/session/cd6b4c6c1311fdfc6a04bea00d1cddcd/window'
14:42:05.891 [AsyncHttpClient-1-4] DEBUG org.asynchttpclient.netty.handler.HttpHandler - 

Request DefaultFullHttpRequest(decodeResult: success, version: HTTP/1.1, content: EmptyByteBufBE)
GET /session/cd6b4c6c1311fdfc6a04bea00d1cddcd/window HTTP/1.1
User-Agent: selenium/4.7.1 (java windows)
Cache-Control: no-cache
Content-Type: application/json; charset=utf-8
host: localhost:3339
accept: */*

Response DefaultHttpResponse(decodeResult: success, version: HTTP/1.1)
HTTP/1.1 200 OK
Content-Type: application/json; charset=utf-8
cache-control: no-cache
content-length: 44

14:42:05.891 [AsyncHttpClient-1-4] DEBUG org.asynchttpclient.netty.channel.ChannelManager - Adding key: http://localhost:3339 for channel [id: 0x53e8315a, L:/127.0.0.1:65406 - R:localhost/127.0.0.1:3339]
14:42:05.891 [Forwarding getAlertText on session cd6b4c6c1311fdfc6a04bea00d1cddcd to remote] DEBUG org.asynchttpclient.netty.request.NettyRequestSender - Using pooled Channel '[id: 0x53e8315a, L:/127.0.0.1:65406 - R:localhost/127.0.0.1:3339]' for 'GET' to 'http://localhost:3339/session/cd6b4c6c1311fdfc6a04bea00d1cddcd/alert/text'
14:42:05.891 [Forwarding getAlertText on session cd6b4c6c1311fdfc6a04bea00d1cddcd to remote] DEBUG org.asynchttpclient.netty.request.NettyRequestSender - Using open Channel [id: 0x53e8315a, L:/127.0.0.1:65406 - R:localhost/127.0.0.1:3339] for GET '/session/cd6b4c6c1311fdfc6a04bea00d1cddcd/alert/text'
14:42:05.891 [AsyncHttpClient-1-4] DEBUG org.asynchttpclient.netty.handler.HttpHandler - 

Request DefaultFullHttpRequest(decodeResult: success, version: HTTP/1.1, content: EmptyByteBufBE)
GET /session/cd6b4c6c1311fdfc6a04bea00d1cddcd/alert/text HTTP/1.1
User-Agent: selenium/4.7.1 (java windows)
Cache-Control: no-cache
Content-Type: application/json; charset=utf-8
host: localhost:3339
accept: */*

Response DefaultHttpResponse(decodeResult: success, version: HTTP/1.1)
HTTP/1.1 404 Not Found
Content-Type: application/json; charset=utf-8
cache-control: no-cache
content-length: 821

14:42:05.891 [AsyncHttpClient-1-4] DEBUG org.asynchttpclient.netty.channel.ChannelManager - Adding key: http://localhost:3339 for channel [id: 0x53e8315a, L:/127.0.0.1:65406 - R:localhost/127.0.0.1:3339]
14:42:05.891 [Forwarding switchToWindow on session cd6b4c6c1311fdfc6a04bea00d1cddcd to remote] DEBUG org.asynchttpclient.netty.request.NettyRequestSender - Using pooled Channel '[id: 0x53e8315a, L:/127.0.0.1:65406 - R:localhost/127.0.0.1:3339]' for 'POST' to 'http://localhost:3339/session/cd6b4c6c1311fdfc6a04bea00d1cddcd/window'
14:42:05.891 [Forwarding switchToWindow on session cd6b4c6c1311fdfc6a04bea00d1cddcd to remote] DEBUG org.asynchttpclient.netty.request.NettyRequestSender - Using open Channel [id: 0x53e8315a, L:/127.0.0.1:65406 - R:localhost/127.0.0.1:3339] for POST '/session/cd6b4c6c1311fdfc6a04bea00d1cddcd/window'
14:42:05.899 [AsyncHttpClient-1-4] DEBUG org.asynchttpclient.netty.handler.HttpHandler - 

Request DefaultHttpRequest(decodeResult: success, version: HTTP/1.1)
POST /session/cd6b4c6c1311fdfc6a04bea00d1cddcd/window HTTP/1.1
User-Agent: selenium/4.7.1 (java windows)
Content-Length: 50
Content-Type: application/json; charset=utf-8
host: localhost:3339
accept: */*

Response DefaultHttpResponse(decodeResult: success, version: HTTP/1.1)
HTTP/1.1 200 OK
Content-Type: application/json; charset=utf-8
cache-control: no-cache
content-length: 14

14:42:05.899 [AsyncHttpClient-1-4] DEBUG org.asynchttpclient.netty.channel.ChannelManager - Adding key: http://localhost:3339 for channel [id: 0x53e8315a, L:/127.0.0.1:65406 - R:localhost/127.0.0.1:3339]
14:42:05.899 [Forwarding getCurrentUrl on session cd6b4c6c1311fdfc6a04bea00d1cddcd to remote] DEBUG org.asynchttpclient.netty.request.NettyRequestSender - Using pooled Channel '[id: 0x53e8315a, L:/127.0.0.1:65406 - R:localhost/127.0.0.1:3339]' for 'GET' to 'http://localhost:3339/session/cd6b4c6c1311fdfc6a04bea00d1cddcd/url'
14:42:05.899 [Forwarding getCurrentUrl on session cd6b4c6c1311fdfc6a04bea00d1cddcd to remote] DEBUG org.asynchttpclient.netty.request.NettyRequestSender - Using open Channel [id: 0x53e8315a, L:/127.0.0.1:65406 - R:localhost/127.0.0.1:3339] for GET '/session/cd6b4c6c1311fdfc6a04bea00d1cddcd/url'
14:42:05.907 [AsyncHttpClient-1-4] DEBUG org.asynchttpclient.netty.handler.HttpHandler - 

Request DefaultFullHttpRequest(decodeResult: success, version: HTTP/1.1, content: EmptyByteBufBE)
GET /session/cd6b4c6c1311fdfc6a04bea00d1cddcd/url HTTP/1.1
User-Agent: selenium/4.7.1 (java windows)
Cache-Control: no-cache
Content-Type: application/json; charset=utf-8
host: localhost:3339
accept: */*

Response DefaultHttpResponse(decodeResult: success, version: HTTP/1.1)
HTTP/1.1 200 OK
Content-Type: application/json; charset=utf-8
cache-control: no-cache
content-length: 58

14:42:05.907 [AsyncHttpClient-1-4] DEBUG org.asynchttpclient.netty.channel.ChannelManager - Adding key: http://localhost:3339 for channel [id: 0x53e8315a, L:/127.0.0.1:65406 - R:localhost/127.0.0.1:3339]
14:42:05.907 [Forwarding screenshot on session cd6b4c6c1311fdfc6a04bea00d1cddcd to remote] DEBUG org.asynchttpclient.netty.request.NettyRequestSender - Using pooled Channel '[id: 0x53e8315a, L:/127.0.0.1:65406 - R:localhost/127.0.0.1:3339]' for 'GET' to 'http://localhost:3339/session/cd6b4c6c1311fdfc6a04bea00d1cddcd/screenshot'
14:42:05.907 [Forwarding screenshot on session cd6b4c6c1311fdfc6a04bea00d1cddcd to remote] DEBUG org.asynchttpclient.netty.request.NettyRequestSender - Using open Channel [id: 0x53e8315a, L:/127.0.0.1:65406 - R:localhost/127.0.0.1:3339] for GET '/session/cd6b4c6c1311fdfc6a04bea00d1cddcd/screenshot'
14:42:06.043 [AsyncHttpClient-1-4] DEBUG org.asynchttpclient.netty.handler.HttpHandler - 

Request DefaultFullHttpRequest(decodeResult: success, version: HTTP/1.1, content: EmptyByteBufBE)
GET /session/cd6b4c6c1311fdfc6a04bea00d1cddcd/screenshot HTTP/1.1
User-Agent: selenium/4.7.1 (java windows)
Cache-Control: no-cache
Content-Type: application/json; charset=utf-8
host: localhost:3339
accept: */*

Response DefaultHttpResponse(decodeResult: success, version: HTTP/1.1)
HTTP/1.1 200 OK
Content-Type: application/json; charset=utf-8
cache-control: no-cache
content-length: 61968

14:42:06.051 [AsyncHttpClient-1-4] DEBUG org.asynchttpclient.netty.channel.ChannelManager - Adding key: http://localhost:3339 for channel [id: 0x53e8315a, L:/127.0.0.1:65406 - R:localhost/127.0.0.1:3339]
14:42:06.051 [main] DEBUG net.serenitybdd.core.photography.Darkroom - Send negative for processing for target\site\serenity\5f343597f6d835901ec0cb02d209b178c902e8eaac3f3431cbbb9833e2b17b3a.png
14:42:06.051 [main] DEBUG net.thucydides.core.steps.StepInterceptor - STEP DONE: klikpdam
  &amp#27;[32mAnd &amp#27;[0m&amp#27;[32mAdmin klik PDAM&amp#27;[0m                                    &amp#27;[90m# starter.stepdefinitions.PDAMSteps.adminKlikPDAM()&amp#27;[0m
14:42:06.075 [main] DEBUG net.thucydides.core.steps.StepInterceptor - STARTING STEP: PDAMSteps.adminKlikIconEditPadaSalahSatuProduk - klikiconeditPDAM
14:42:06.075 [Forwarding findElement on session cd6b4c6c1311fdfc6a04bea00d1cddcd to remote] DEBUG org.asynchttpclient.netty.request.NettyRequestSender - Using pooled Channel '[id: 0x53e8315a, L:/127.0.0.1:65406 - R:localhost/127.0.0.1:3339]' for 'POST' to 'http://localhost:3339/session/cd6b4c6c1311fdfc6a04bea00d1cddcd/element'
14:42:06.075 [Forwarding findElement on session cd6b4c6c1311fdfc6a04bea00d1cddcd to remote] DEBUG org.asynchttpclient.netty.request.NettyRequestSender - Using open Channel [id: 0x53e8315a, L:/127.0.0.1:65406 - R:localhost/127.0.0.1:3339] for POST '/session/cd6b4c6c1311fdfc6a04bea00d1cddcd/element'
14:42:06.099 [AsyncHttpClient-1-4] DEBUG org.asynchttpclient.netty.handler.HttpHandler - 

Request DefaultHttpRequest(decodeResult: success, version: HTTP/1.1)
POST /session/cd6b4c6c1311fdfc6a04bea00d1cddcd/element HTTP/1.1
User-Agent: selenium/4.7.1 (java windows)
Content-Length: 243
Content-Type: application/json; charset=utf-8
host: localhost:3339
accept: */*

Response DefaultHttpResponse(decodeResult: success, version: HTTP/1.1)
HTTP/1.1 200 OK
Content-Type: application/json; charset=utf-8
cache-control: no-cache
content-length: 95

14:42:06.099 [AsyncHttpClient-1-4] DEBUG org.asynchttpclient.netty.channel.ChannelManager - Adding key: http://localhost:3339 for channel [id: 0x53e8315a, L:/127.0.0.1:65406 - R:localhost/127.0.0.1:3339]
14:42:06.099 [Forwarding getElementTagName on session cd6b4c6c1311fdfc6a04bea00d1cddcd to remote] DEBUG org.asynchttpclient.netty.request.NettyRequestSender - Using pooled Channel '[id: 0x53e8315a, L:/127.0.0.1:65406 - R:localhost/127.0.0.1:3339]' for 'GET' to 'http://localhost:3339/session/cd6b4c6c1311fdfc6a04bea00d1cddcd/element/1D9D812BBCC1281CF74687AB32A7BF91_element_56/name'
14:42:06.099 [Forwarding getElementTagName on session cd6b4c6c1311fdfc6a04bea00d1cddcd to remote] DEBUG org.asynchttpclient.netty.request.NettyRequestSender - Using open Channel [id: 0x53e8315a, L:/127.0.0.1:65406 - R:localhost/127.0.0.1:3339] for GET '/session/cd6b4c6c1311fdfc6a04bea00d1cddcd/element/1D9D812BBCC1281CF74687AB32A7BF91_element_56/name'
14:42:06.107 [AsyncHttpClient-1-4] DEBUG org.asynchttpclient.netty.handler.HttpHandler - 

Request DefaultFullHttpRequest(decodeResult: success, version: HTTP/1.1, content: EmptyByteBufBE)
GET /session/cd6b4c6c1311fdfc6a04bea00d1cddcd/element/1D9D812BBCC1281CF74687AB32A7BF91_element_56/name HTTP/1.1
User-Agent: selenium/4.7.1 (java windows)
Cache-Control: no-cache
Content-Type: application/json; charset=utf-8
host: localhost:3339
accept: */*

Response DefaultHttpResponse(decodeResult: success, version: HTTP/1.1)
HTTP/1.1 200 OK
Content-Type: application/json; charset=utf-8
cache-control: no-cache
content-length: 15

14:42:06.115 [AsyncHttpClient-1-4] DEBUG org.asynchttpclient.netty.channel.ChannelManager - Adding key: http://localhost:3339 for channel [id: 0x53e8315a, L:/127.0.0.1:65406 - R:localhost/127.0.0.1:3339]
14:42:06.115 [Forwarding getElementTagName on session cd6b4c6c1311fdfc6a04bea00d1cddcd to remote] DEBUG org.asynchttpclient.netty.request.NettyRequestSender - Using pooled Channel '[id: 0x53e8315a, L:/127.0.0.1:65406 - R:localhost/127.0.0.1:3339]' for 'GET' to 'http://localhost:3339/session/cd6b4c6c1311fdfc6a04bea00d1cddcd/element/1D9D812BBCC1281CF74687AB32A7BF91_element_56/name'
14:42:06.115 [Forwarding getElementTagName on session cd6b4c6c1311fdfc6a04bea00d1cddcd to remote] DEBUG org.asynchttpclient.netty.request.NettyRequestSender - Using open Channel [id: 0x53e8315a, L:/127.0.0.1:65406 - R:localhost/127.0.0.1:3339] for GET '/session/cd6b4c6c1311fdfc6a04bea00d1cddcd/element/1D9D812BBCC1281CF74687AB32A7BF91_element_56/name'
14:42:06.123 [AsyncHttpClient-1-4] DEBUG org.asynchttpclient.netty.handler.HttpHandler - 

Request DefaultFullHttpRequest(decodeResult: success, version: HTTP/1.1, content: EmptyByteBufBE)
GET /session/cd6b4c6c1311fdfc6a04bea00d1cddcd/element/1D9D812BBCC1281CF74687AB32A7BF91_element_56/name HTTP/1.1
User-Agent: selenium/4.7.1 (java windows)
Cache-Control: no-cache
Content-Type: application/json; charset=utf-8
host: localhost:3339
accept: */*

Response DefaultHttpResponse(decodeResult: success, version: HTTP/1.1)
HTTP/1.1 200 OK
Content-Type: application/json; charset=utf-8
cache-control: no-cache
content-length: 15

14:42:06.123 [AsyncHttpClient-1-4] DEBUG org.asynchttpclient.netty.channel.ChannelManager - Adding key: http://localhost:3339 for channel [id: 0x53e8315a, L:/127.0.0.1:65406 - R:localhost/127.0.0.1:3339]
14:42:06.123 [Forwarding findElement on session cd6b4c6c1311fdfc6a04bea00d1cddcd to remote] DEBUG org.asynchttpclient.netty.request.NettyRequestSender - Using pooled Channel '[id: 0x53e8315a, L:/127.0.0.1:65406 - R:localhost/127.0.0.1:3339]' for 'POST' to 'http://localhost:3339/session/cd6b4c6c1311fdfc6a04bea00d1cddcd/element'
14:42:06.123 [Forwarding findElement on session cd6b4c6c1311fdfc6a04bea00d1cddcd to remote] DEBUG org.asynchttpclient.netty.request.NettyRequestSender - Using open Channel [id: 0x53e8315a, L:/127.0.0.1:65406 - R:localhost/127.0.0.1:3339] for POST '/session/cd6b4c6c1311fdfc6a04bea00d1cddcd/element'
14:42:06.139 [AsyncHttpClient-1-4] DEBUG org.asynchttpclient.netty.handler.HttpHandler - 

Request DefaultHttpRequest(decodeResult: success, version: HTTP/1.1)
POST /session/cd6b4c6c1311fdfc6a04bea00d1cddcd/element HTTP/1.1
User-Agent: selenium/4.7.1 (java windows)
Content-Length: 243
Content-Type: application/json; charset=utf-8
host: localhost:3339
accept: */*

Response DefaultHttpResponse(decodeResult: success, version: HTTP/1.1)
HTTP/1.1 200 OK
Content-Type: application/json; charset=utf-8
cache-control: no-cache
content-length: 95

14:42:06.139 [AsyncHttpClient-1-4] DEBUG org.asynchttpclient.netty.channel.ChannelManager - Adding key: http://localhost:3339 for channel [id: 0x53e8315a, L:/127.0.0.1:65406 - R:localhost/127.0.0.1:3339]
14:42:06.139 [Forwarding clickElement on session cd6b4c6c1311fdfc6a04bea00d1cddcd to remote] DEBUG org.asynchttpclient.netty.request.NettyRequestSender - Using pooled Channel '[id: 0x53e8315a, L:/127.0.0.1:65406 - R:localhost/127.0.0.1:3339]' for 'POST' to 'http://localhost:3339/session/cd6b4c6c1311fdfc6a04bea00d1cddcd/element/1D9D812BBCC1281CF74687AB32A7BF91_element_56/click'
14:42:06.139 [Forwarding clickElement on session cd6b4c6c1311fdfc6a04bea00d1cddcd to remote] DEBUG org.asynchttpclient.netty.request.NettyRequestSender - Using open Channel [id: 0x53e8315a, L:/127.0.0.1:65406 - R:localhost/127.0.0.1:3339] for POST '/session/cd6b4c6c1311fdfc6a04bea00d1cddcd/element/1D9D812BBCC1281CF74687AB32A7BF91_element_56/click'
14:42:06.890 [AsyncHttpClient-1-1] DEBUG org.asynchttpclient.netty.channel.DefaultChannelPool - Entry count for : http://localhost:65407 : 1
14:42:07.996 [AsyncHttpClient-1-1] DEBUG org.asynchttpclient.netty.channel.DefaultChannelPool - Entry count for : http://localhost:65407 : 1
14:42:08.172 [AsyncHttpClient-1-4] DEBUG org.asynchttpclient.netty.handler.HttpHandler - 

Request DefaultHttpRequest(decodeResult: success, version: HTTP/1.1)
POST /session/cd6b4c6c1311fdfc6a04bea00d1cddcd/element/1D9D812BBCC1281CF74687AB32A7BF91_element_56/click HTTP/1.1
User-Agent: selenium/4.7.1 (java windows)
Content-Length: 57
Content-Type: application/json; charset=utf-8
host: localhost:3339
accept: */*

Response DefaultHttpResponse(decodeResult: success, version: HTTP/1.1)
HTTP/1.1 400 Bad Request
Content-Type: application/json; charset=utf-8
cache-control: no-cache
content-length: 899

14:42:08.172 [AsyncHttpClient-1-4] DEBUG org.asynchttpclient.netty.channel.ChannelManager - Adding key: http://localhost:3339 for channel [id: 0x53e8315a, L:/127.0.0.1:65406 - R:localhost/127.0.0.1:3339]
14:42:08.436 [Forwarding clickElement on session cd6b4c6c1311fdfc6a04bea00d1cddcd to remote] DEBUG org.asynchttpclient.netty.request.NettyRequestSender - Using pooled Channel '[id: 0x53e8315a, L:/127.0.0.1:65406 - R:localhost/127.0.0.1:3339]' for 'POST' to 'http://localhost:3339/session/cd6b4c6c1311fdfc6a04bea00d1cddcd/element/1D9D812BBCC1281CF74687AB32A7BF91_element_56/click'
14:42:08.436 [Forwarding clickElement on session cd6b4c6c1311fdfc6a04bea00d1cddcd to remote] DEBUG org.asynchttpclient.netty.request.NettyRequestSender - Using open Channel [id: 0x53e8315a, L:/127.0.0.1:65406 - R:localhost/127.0.0.1:3339] for POST '/session/cd6b4c6c1311fdfc6a04bea00d1cddcd/element/1D9D812BBCC1281CF74687AB32A7BF91_element_56/click'
14:42:09.099 [AsyncHttpClient-1-1] DEBUG org.asynchttpclient.netty.channel.DefaultChannelPool - Entry count for : http://localhost:65407 : 1
14:42:10.199 [AsyncHttpClient-1-1] DEBUG org.asynchttpclient.netty.channel.DefaultChannelPool - Entry count for : http://localhost:65407 : 1
14:42:10.496 [AsyncHttpClient-1-4] DEBUG org.asynchttpclient.netty.handler.HttpHandler - 

Request DefaultHttpRequest(decodeResult: success, version: HTTP/1.1)
POST /session/cd6b4c6c1311fdfc6a04bea00d1cddcd/element/1D9D812BBCC1281CF74687AB32A7BF91_element_56/click HTTP/1.1
User-Agent: selenium/4.7.1 (java windows)
Content-Length: 57
Content-Type: application/json; charset=utf-8
host: localhost:3339
accept: */*

Response DefaultHttpResponse(decodeResult: success, version: HTTP/1.1)
HTTP/1.1 400 Bad Request
Content-Type: application/json; charset=utf-8
cache-control: no-cache
content-length: 899

14:42:10.496 [AsyncHttpClient-1-4] DEBUG org.asynchttpclient.netty.channel.ChannelManager - Adding key: http://localhost:3339 for channel [id: 0x53e8315a, L:/127.0.0.1:65406 - R:localhost/127.0.0.1:3339]
14:42:10.752 [Forwarding clickElement on session cd6b4c6c1311fdfc6a04bea00d1cddcd to remote] DEBUG org.asynchttpclient.netty.request.NettyRequestSender - Using pooled Channel '[id: 0x53e8315a, L:/127.0.0.1:65406 - R:localhost/127.0.0.1:3339]' for 'POST' to 'http://localhost:3339/session/cd6b4c6c1311fdfc6a04bea00d1cddcd/element/1D9D812BBCC1281CF74687AB32A7BF91_element_56/click'
14:42:10.752 [Forwarding clickElement on session cd6b4c6c1311fdfc6a04bea00d1cddcd to remote] DEBUG org.asynchttpclient.netty.request.NettyRequestSender - Using open Channel [id: 0x53e8315a, L:/127.0.0.1:65406 - R:localhost/127.0.0.1:3339] for POST '/session/cd6b4c6c1311fdfc6a04bea00d1cddcd/element/1D9D812BBCC1281CF74687AB32A7BF91_element_56/click'
14:42:11.293 [AsyncHttpClient-1-1] DEBUG org.asynchttpclient.netty.channel.DefaultChannelPool - Entry count for : http://localhost:65407 : 1
14:42:12.399 [AsyncHttpClient-1-1] DEBUG org.asynchttpclient.netty.channel.DefaultChannelPool - Entry count for : http://localhost:65407 : 1
14:42:12.776 [AsyncHttpClient-1-4] DEBUG org.asynchttpclient.netty.handler.HttpHandler - 

Request DefaultHttpRequest(decodeResult: success, version: HTTP/1.1)
POST /session/cd6b4c6c1311fdfc6a04bea00d1cddcd/element/1D9D812BBCC1281CF74687AB32A7BF91_element_56/click HTTP/1.1
User-Agent: selenium/4.7.1 (java windows)
Content-Length: 57
Content-Type: application/json; charset=utf-8
host: localhost:3339
accept: */*

Response DefaultHttpResponse(decodeResult: success, version: HTTP/1.1)
HTTP/1.1 400 Bad Request
Content-Type: application/json; charset=utf-8
cache-control: no-cache
content-length: 899

14:42:12.776 [AsyncHttpClient-1-4] DEBUG org.asynchttpclient.netty.channel.ChannelManager - Adding key: http://localhost:3339 for channel [id: 0x53e8315a, L:/127.0.0.1:65406 - R:localhost/127.0.0.1:3339]
14:42:13.033 [Forwarding clickElement on session cd6b4c6c1311fdfc6a04bea00d1cddcd to remote] DEBUG org.asynchttpclient.netty.request.NettyRequestSender - Using pooled Channel '[id: 0x53e8315a, L:/127.0.0.1:65406 - R:localhost/127.0.0.1:3339]' for 'POST' to 'http://localhost:3339/session/cd6b4c6c1311fdfc6a04bea00d1cddcd/element/1D9D812BBCC1281CF74687AB32A7BF91_element_56/click'
14:42:13.033 [Forwarding clickElement on session cd6b4c6c1311fdfc6a04bea00d1cddcd to remote] DEBUG org.asynchttpclient.netty.request.NettyRequestSender - Using open Channel [id: 0x53e8315a, L:/127.0.0.1:65406 - R:localhost/127.0.0.1:3339] for POST '/session/cd6b4c6c1311fdfc6a04bea00d1cddcd/element/1D9D812BBCC1281CF74687AB32A7BF91_element_56/click'
14:42:13.503 [AsyncHttpClient-1-1] DEBUG org.asynchttpclient.netty.channel.DefaultChannelPool - Entry count for : http://localhost:65407 : 1
14:42:14.603 [AsyncHttpClient-1-1] DEBUG org.asynchttpclient.netty.channel.DefaultChannelPool - Entry count for : http://localhost:65407 : 1
14:42:15.059 [AsyncHttpClient-1-4] DEBUG org.asynchttpclient.netty.handler.HttpHandler - 

Request DefaultHttpRequest(decodeResult: success, version: HTTP/1.1)
POST /session/cd6b4c6c1311fdfc6a04bea00d1cddcd/element/1D9D812BBCC1281CF74687AB32A7BF91_element_56/click HTTP/1.1
User-Agent: selenium/4.7.1 (java windows)
Content-Length: 57
Content-Type: application/json; charset=utf-8
host: localhost:3339
accept: */*

Response DefaultHttpResponse(decodeResult: success, version: HTTP/1.1)
HTTP/1.1 400 Bad Request
Content-Type: application/json; charset=utf-8
cache-control: no-cache
content-length: 899

14:42:15.059 [AsyncHttpClient-1-4] DEBUG org.asynchttpclient.netty.channel.ChannelManager - Adding key: http://localhost:3339 for channel [id: 0x53e8315a, L:/127.0.0.1:65406 - R:localhost/127.0.0.1:3339]
14:42:15.316 [Forwarding clickElement on session cd6b4c6c1311fdfc6a04bea00d1cddcd to remote] DEBUG org.asynchttpclient.netty.request.NettyRequestSender - Using pooled Channel '[id: 0x53e8315a, L:/127.0.0.1:65406 - R:localhost/127.0.0.1:3339]' for 'POST' to 'http://localhost:3339/session/cd6b4c6c1311fdfc6a04bea00d1cddcd/element/1D9D812BBCC1281CF74687AB32A7BF91_element_56/click'
14:42:15.316 [Forwarding clickElement on session cd6b4c6c1311fdfc6a04bea00d1cddcd to remote] DEBUG org.asynchttpclient.netty.request.NettyRequestSender - Using open Channel [id: 0x53e8315a, L:/127.0.0.1:65406 - R:localhost/127.0.0.1:3339] for POST '/session/cd6b4c6c1311fdfc6a04bea00d1cddcd/element/1D9D812BBCC1281CF74687AB32A7BF91_element_56/click'
14:42:15.696 [AsyncHttpClient-1-1] DEBUG org.asynchttpclient.netty.channel.DefaultChannelPool - Entry count for : http://localhost:65407 : 1
14:42:16.790 [AsyncHttpClient-1-1] DEBUG org.asynchttpclient.netty.channel.DefaultChannelPool - Entry count for : http://localhost:65407 : 1
14:42:17.340 [AsyncHttpClient-1-4] DEBUG org.asynchttpclient.netty.handler.HttpHandler - 

Request DefaultHttpRequest(decodeResult: success, version: HTTP/1.1)
POST /session/cd6b4c6c1311fdfc6a04bea00d1cddcd/element/1D9D812BBCC1281CF74687AB32A7BF91_element_56/click HTTP/1.1
User-Agent: selenium/4.7.1 (java windows)
Content-Length: 57
Content-Type: application/json; charset=utf-8
host: localhost:3339
accept: */*

Response DefaultHttpResponse(decodeResult: success, version: HTTP/1.1)
HTTP/1.1 400 Bad Request
Content-Type: application/json; charset=utf-8
cache-control: no-cache
content-length: 899

14:42:17.340 [AsyncHttpClient-1-4] DEBUG org.asynchttpclient.netty.channel.ChannelManager - Adding key: http://localhost:3339 for channel [id: 0x53e8315a, L:/127.0.0.1:65406 - R:localhost/127.0.0.1:3339]
14:42:17.599 [Forwarding clickElement on session cd6b4c6c1311fdfc6a04bea00d1cddcd to remote] DEBUG org.asynchttpclient.netty.request.NettyRequestSender - Using pooled Channel '[id: 0x53e8315a, L:/127.0.0.1:65406 - R:localhost/127.0.0.1:3339]' for 'POST' to 'http://localhost:3339/session/cd6b4c6c1311fdfc6a04bea00d1cddcd/element/1D9D812BBCC1281CF74687AB32A7BF91_element_56/click'
14:42:17.599 [Forwarding clickElement on session cd6b4c6c1311fdfc6a04bea00d1cddcd to remote] DEBUG org.asynchttpclient.netty.request.NettyRequestSender - Using open Channel [id: 0x53e8315a, L:/127.0.0.1:65406 - R:localhost/127.0.0.1:3339] for POST '/session/cd6b4c6c1311fdfc6a04bea00d1cddcd/element/1D9D812BBCC1281CF74687AB32A7BF91_element_56/click'
14:42:17.895 [AsyncHttpClient-1-1] DEBUG org.asynchttpclient.netty.channel.DefaultChannelPool - Entry count for : http://localhost:65407 : 1
14:42:18.992 [AsyncHttpClient-1-1] DEBUG org.asynchttpclient.netty.channel.DefaultChannelPool - Entry count for : http://localhost:65407 : 1
14:42:19.647 [AsyncHttpClient-1-4] DEBUG org.asynchttpclient.netty.handler.HttpHandler - 

Request DefaultHttpRequest(decodeResult: success, version: HTTP/1.1)
POST /session/cd6b4c6c1311fdfc6a04bea00d1cddcd/element/1D9D812BBCC1281CF74687AB32A7BF91_element_56/click HTTP/1.1
User-Agent: selenium/4.7.1 (java windows)
Content-Length: 57
Content-Type: application/json; charset=utf-8
host: localhost:3339
accept: */*

Response DefaultHttpResponse(decodeResult: success, version: HTTP/1.1)
HTTP/1.1 400 Bad Request
Content-Type: application/json; charset=utf-8
cache-control: no-cache
content-length: 899

14:42:19.647 [AsyncHttpClient-1-4] DEBUG org.asynchttpclient.netty.channel.ChannelManager - Adding key: http://localhost:3339 for channel [id: 0x53e8315a, L:/127.0.0.1:65406 - R:localhost/127.0.0.1:3339]
14:42:19.903 [Forwarding clickElement on session cd6b4c6c1311fdfc6a04bea00d1cddcd to remote] DEBUG org.asynchttpclient.netty.request.NettyRequestSender - Using pooled Channel '[id: 0x53e8315a, L:/127.0.0.1:65406 - R:localhost/127.0.0.1:3339]' for 'POST' to 'http://localhost:3339/session/cd6b4c6c1311fdfc6a04bea00d1cddcd/element/1D9D812BBCC1281CF74687AB32A7BF91_element_56/click'
14:42:19.903 [Forwarding clickElement on session cd6b4c6c1311fdfc6a04bea00d1cddcd to remote] DEBUG org.asynchttpclient.netty.request.NettyRequestSender - Using open Channel [id: 0x53e8315a, L:/127.0.0.1:65406 - R:localhost/127.0.0.1:3339] for POST '/session/cd6b4c6c1311fdfc6a04bea00d1cddcd/element/1D9D812BBCC1281CF74687AB32A7BF91_element_56/click'
14:42:20.096 [AsyncHttpClient-1-1] DEBUG org.asynchttpclient.netty.channel.DefaultChannelPool - Entry count for : http://localhost:65407 : 1
14:42:21.192 [AsyncHttpClient-1-1] DEBUG org.asynchttpclient.netty.channel.DefaultChannelPool - Entry count for : http://localhost:65407 : 1
14:42:21.923 [AsyncHttpClient-1-4] DEBUG org.asynchttpclient.netty.handler.HttpHandler - 

Request DefaultHttpRequest(decodeResult: success, version: HTTP/1.1)
POST /session/cd6b4c6c1311fdfc6a04bea00d1cddcd/element/1D9D812BBCC1281CF74687AB32A7BF91_element_56/click HTTP/1.1
User-Agent: selenium/4.7.1 (java windows)
Content-Length: 57
Content-Type: application/json; charset=utf-8
host: localhost:3339
accept: */*

Response DefaultHttpResponse(decodeResult: success, version: HTTP/1.1)
HTTP/1.1 400 Bad Request
Content-Type: application/json; charset=utf-8
cache-control: no-cache
content-length: 899

14:42:21.923 [AsyncHttpClient-1-4] DEBUG org.asynchttpclient.netty.channel.ChannelManager - Adding key: http://localhost:3339 for channel [id: 0x53e8315a, L:/127.0.0.1:65406 - R:localhost/127.0.0.1:3339]
14:42:22.179 [Forwarding clickElement on session cd6b4c6c1311fdfc6a04bea00d1cddcd to remote] DEBUG org.asynchttpclient.netty.request.NettyRequestSender - Using pooled Channel '[id: 0x53e8315a, L:/127.0.0.1:65406 - R:localhost/127.0.0.1:3339]' for 'POST' to 'http://localhost:3339/session/cd6b4c6c1311fdfc6a04bea00d1cddcd/element/1D9D812BBCC1281CF74687AB32A7BF91_element_56/click'
14:42:22.179 [Forwarding clickElement on session cd6b4c6c1311fdfc6a04bea00d1cddcd to remote] DEBUG org.asynchttpclient.netty.request.NettyRequestSender - Using open Channel [id: 0x53e8315a, L:/127.0.0.1:65406 - R:localhost/127.0.0.1:3339] for POST '/session/cd6b4c6c1311fdfc6a04bea00d1cddcd/element/1D9D812BBCC1281CF74687AB32A7BF91_element_56/click'
14:42:22.291 [AsyncHttpClient-1-1] DEBUG org.asynchttpclient.netty.channel.DefaultChannelPool - Entry count for : http://localhost:65407 : 1
14:42:23.391 [AsyncHttpClient-1-1] DEBUG org.asynchttpclient.netty.channel.DefaultChannelPool - Entry count for : http://localhost:65407 : 1
14:42:24.199 [AsyncHttpClient-1-4] DEBUG org.asynchttpclient.netty.handler.HttpHandler - 

Request DefaultHttpRequest(decodeResult: success, version: HTTP/1.1)
POST /session/cd6b4c6c1311fdfc6a04bea00d1cddcd/element/1D9D812BBCC1281CF74687AB32A7BF91_element_56/click HTTP/1.1
User-Agent: selenium/4.7.1 (java windows)
Content-Length: 57
Content-Type: application/json; charset=utf-8
host: localhost:3339
accept: */*

Response DefaultHttpResponse(decodeResult: success, version: HTTP/1.1)
HTTP/1.1 400 Bad Request
Content-Type: application/json; charset=utf-8
cache-control: no-cache
content-length: 899

14:42:24.199 [AsyncHttpClient-1-4] DEBUG org.asynchttpclient.netty.channel.ChannelManager - Adding key: http://localhost:3339 for channel [id: 0x53e8315a, L:/127.0.0.1:65406 - R:localhost/127.0.0.1:3339]
14:42:24.459 [Forwarding clickElement on session cd6b4c6c1311fdfc6a04bea00d1cddcd to remote] DEBUG org.asynchttpclient.netty.request.NettyRequestSender - Using pooled Channel '[id: 0x53e8315a, L:/127.0.0.1:65406 - R:localhost/127.0.0.1:3339]' for 'POST' to 'http://localhost:3339/session/cd6b4c6c1311fdfc6a04bea00d1cddcd/element/1D9D812BBCC1281CF74687AB32A7BF91_element_56/click'
14:42:24.459 [Forwarding clickElement on session cd6b4c6c1311fdfc6a04bea00d1cddcd to remote] DEBUG org.asynchttpclient.netty.request.NettyRequestSender - Using open Channel [id: 0x53e8315a, L:/127.0.0.1:65406 - R:localhost/127.0.0.1:3339] for POST '/session/cd6b4c6c1311fdfc6a04bea00d1cddcd/element/1D9D812BBCC1281CF74687AB32A7BF91_element_56/click'
14:42:24.491 [AsyncHttpClient-1-1] DEBUG org.asynchttpclient.netty.channel.DefaultChannelPool - Entry count for : http://localhost:65407 : 1
14:42:25.591 [AsyncHttpClient-1-1] DEBUG org.asynchttpclient.netty.channel.DefaultChannelPool - Entry count for : http://localhost:65407 : 1
14:42:26.519 [AsyncHttpClient-1-4] DEBUG org.asynchttpclient.netty.handler.HttpHandler - 

Request DefaultHttpRequest(decodeResult: success, version: HTTP/1.1)
POST /session/cd6b4c6c1311fdfc6a04bea00d1cddcd/element/1D9D812BBCC1281CF74687AB32A7BF91_element_56/click HTTP/1.1
User-Agent: selenium/4.7.1 (java windows)
Content-Length: 57
Content-Type: application/json; charset=utf-8
host: localhost:3339
accept: */*

Response DefaultHttpResponse(decodeResult: success, version: HTTP/1.1)
HTTP/1.1 400 Bad Request
Content-Type: application/json; charset=utf-8
cache-control: no-cache
content-length: 899

14:42:26.519 [AsyncHttpClient-1-4] DEBUG org.asynchttpclient.netty.channel.ChannelManager - Adding key: http://localhost:3339 for channel [id: 0x53e8315a, L:/127.0.0.1:65406 - R:localhost/127.0.0.1:3339]
14:42:26.695 [AsyncHttpClient-1-1] DEBUG org.asynchttpclient.netty.channel.DefaultChannelPool - Entry count for : http://localhost:65407 : 1
14:42:26.695 [AsyncHttpClient-1-1] DEBUG org.asynchttpclient.netty.channel.DefaultChannelPool - Entry count for : http://localhost:3339 : 1
14:42:26.775 [Forwarding clickElement on session cd6b4c6c1311fdfc6a04bea00d1cddcd to remote] DEBUG org.asynchttpclient.netty.request.NettyRequestSender - Using pooled Channel '[id: 0x53e8315a, L:/127.0.0.1:65406 - R:localhost/127.0.0.1:3339]' for 'POST' to 'http://localhost:3339/session/cd6b4c6c1311fdfc6a04bea00d1cddcd/element/1D9D812BBCC1281CF74687AB32A7BF91_element_56/click'
14:42:26.775 [Forwarding clickElement on session cd6b4c6c1311fdfc6a04bea00d1cddcd to remote] DEBUG org.asynchttpclient.netty.request.NettyRequestSender - Using open Channel [id: 0x53e8315a, L:/127.0.0.1:65406 - R:localhost/127.0.0.1:3339] for POST '/session/cd6b4c6c1311fdfc6a04bea00d1cddcd/element/1D9D812BBCC1281CF74687AB32A7BF91_element_56/click'
14:42:27.796 [AsyncHttpClient-1-1] DEBUG org.asynchttpclient.netty.channel.DefaultChannelPool - Entry count for : http://localhost:65407 : 1
14:42:28.845 [AsyncHttpClient-1-4] DEBUG org.asynchttpclient.netty.handler.HttpHandler - 

Request DefaultHttpRequest(decodeResult: success, version: HTTP/1.1)
POST /session/cd6b4c6c1311fdfc6a04bea00d1cddcd/element/1D9D812BBCC1281CF74687AB32A7BF91_element_56/click HTTP/1.1
User-Agent: selenium/4.7.1 (java windows)
Content-Length: 57
Content-Type: application/json; charset=utf-8
host: localhost:3339
accept: */*

Response DefaultHttpResponse(decodeResult: success, version: HTTP/1.1)
HTTP/1.1 400 Bad Request
Content-Type: application/json; charset=utf-8
cache-control: no-cache
content-length: 899

14:42:28.845 [AsyncHttpClient-1-4] DEBUG org.asynchttpclient.netty.channel.ChannelManager - Adding key: http://localhost:3339 for channel [id: 0x53e8315a, L:/127.0.0.1:65406 - R:localhost/127.0.0.1:3339]
14:42:28.901 [AsyncHttpClient-1-1] DEBUG org.asynchttpclient.netty.channel.DefaultChannelPool - Entry count for : http://localhost:65407 : 1
14:42:28.901 [AsyncHttpClient-1-1] DEBUG org.asynchttpclient.netty.channel.DefaultChannelPool - Entry count for : http://localhost:3339 : 1
14:42:29.099 [Forwarding clickElement on session cd6b4c6c1311fdfc6a04bea00d1cddcd to remote] DEBUG org.asynchttpclient.netty.request.NettyRequestSender - Using pooled Channel '[id: 0x53e8315a, L:/127.0.0.1:65406 - R:localhost/127.0.0.1:3339]' for 'POST' to 'http://localhost:3339/session/cd6b4c6c1311fdfc6a04bea00d1cddcd/element/1D9D812BBCC1281CF74687AB32A7BF91_element_56/click'
14:42:29.099 [Forwarding clickElement on session cd6b4c6c1311fdfc6a04bea00d1cddcd to remote] DEBUG org.asynchttpclient.netty.request.NettyRequestSender - Using open Channel [id: 0x53e8315a, L:/127.0.0.1:65406 - R:localhost/127.0.0.1:3339] for POST '/session/cd6b4c6c1311fdfc6a04bea00d1cddcd/element/1D9D812BBCC1281CF74687AB32A7BF91_element_56/click'
14:42:29.992 [AsyncHttpClient-1-1] DEBUG org.asynchttpclient.netty.channel.DefaultChannelPool - Entry count for : http://localhost:65407 : 1
14:42:31.091 [AsyncHttpClient-1-1] DEBUG org.asynchttpclient.netty.channel.DefaultChannelPool - Entry count for : http://localhost:65407 : 1
14:42:31.125 [AsyncHttpClient-1-4] DEBUG org.asynchttpclient.netty.handler.HttpHandler - 

Request DefaultHttpRequest(decodeResult: success, version: HTTP/1.1)
POST /session/cd6b4c6c1311fdfc6a04bea00d1cddcd/element/1D9D812BBCC1281CF74687AB32A7BF91_element_56/click HTTP/1.1
User-Agent: selenium/4.7.1 (java windows)
Content-Length: 57
Content-Type: application/json; charset=utf-8
host: localhost:3339
accept: */*

Response DefaultHttpResponse(decodeResult: success, version: HTTP/1.1)
HTTP/1.1 400 Bad Request
Content-Type: application/json; charset=utf-8
cache-control: no-cache
content-length: 899

14:42:31.125 [AsyncHttpClient-1-4] DEBUG org.asynchttpclient.netty.channel.ChannelManager - Adding key: http://localhost:3339 for channel [id: 0x53e8315a, L:/127.0.0.1:65406 - R:localhost/127.0.0.1:3339]
14:42:31.380 [Forwarding clickElement on session cd6b4c6c1311fdfc6a04bea00d1cddcd to remote] DEBUG org.asynchttpclient.netty.request.NettyRequestSender - Using pooled Channel '[id: 0x53e8315a, L:/127.0.0.1:65406 - R:localhost/127.0.0.1:3339]' for 'POST' to 'http://localhost:3339/session/cd6b4c6c1311fdfc6a04bea00d1cddcd/element/1D9D812BBCC1281CF74687AB32A7BF91_element_56/click'
14:42:31.380 [Forwarding clickElement on session cd6b4c6c1311fdfc6a04bea00d1cddcd to remote] DEBUG org.asynchttpclient.netty.request.NettyRequestSender - Using open Channel [id: 0x53e8315a, L:/127.0.0.1:65406 - R:localhost/127.0.0.1:3339] for POST '/session/cd6b4c6c1311fdfc6a04bea00d1cddcd/element/1D9D812BBCC1281CF74687AB32A7BF91_element_56/click'
14:42:32.196 [AsyncHttpClient-1-1] DEBUG org.asynchttpclient.netty.channel.DefaultChannelPool - Entry count for : http://localhost:65407 : 1
14:42:33.291 [AsyncHttpClient-1-1] DEBUG org.asynchttpclient.netty.channel.DefaultChannelPool - Entry count for : http://localhost:65407 : 1
14:42:33.420 [AsyncHttpClient-1-4] DEBUG org.asynchttpclient.netty.handler.HttpHandler - 

Request DefaultHttpRequest(decodeResult: success, version: HTTP/1.1)
POST /session/cd6b4c6c1311fdfc6a04bea00d1cddcd/element/1D9D812BBCC1281CF74687AB32A7BF91_element_56/click HTTP/1.1
User-Agent: selenium/4.7.1 (java windows)
Content-Length: 57
Content-Type: application/json; charset=utf-8
host: localhost:3339
accept: */*

Response DefaultHttpResponse(decodeResult: success, version: HTTP/1.1)
HTTP/1.1 400 Bad Request
Content-Type: application/json; charset=utf-8
cache-control: no-cache
content-length: 899

14:42:33.420 [AsyncHttpClient-1-4] DEBUG org.asynchttpclient.netty.channel.ChannelManager - Adding key: http://localhost:3339 for channel [id: 0x53e8315a, L:/127.0.0.1:65406 - R:localhost/127.0.0.1:3339]
14:42:33.675 [Forwarding getCurrentWindowHandle on session cd6b4c6c1311fdfc6a04bea00d1cddcd to remote] DEBUG org.asynchttpclient.netty.request.NettyRequestSender - Using pooled Channel '[id: 0x53e8315a, L:/127.0.0.1:65406 - R:localhost/127.0.0.1:3339]' for 'GET' to 'http://localhost:3339/session/cd6b4c6c1311fdfc6a04bea00d1cddcd/window'
14:42:33.675 [Forwarding getCurrentWindowHandle on session cd6b4c6c1311fdfc6a04bea00d1cddcd to remote] DEBUG org.asynchttpclient.netty.request.NettyRequestSender - Using open Channel [id: 0x53e8315a, L:/127.0.0.1:65406 - R:localhost/127.0.0.1:3339] for GET '/session/cd6b4c6c1311fdfc6a04bea00d1cddcd/window'
14:42:33.683 [AsyncHttpClient-1-4] DEBUG org.asynchttpclient.netty.handler.HttpHandler - 

Request DefaultFullHttpRequest(decodeResult: success, version: HTTP/1.1, content: EmptyByteBufBE)
GET /session/cd6b4c6c1311fdfc6a04bea00d1cddcd/window HTTP/1.1
User-Agent: selenium/4.7.1 (java windows)
Cache-Control: no-cache
Content-Type: application/json; charset=utf-8
host: localhost:3339
accept: */*

Response DefaultHttpResponse(decodeResult: success, version: HTTP/1.1)
HTTP/1.1 200 OK
Content-Type: application/json; charset=utf-8
cache-control: no-cache
content-length: 44

14:42:33.683 [AsyncHttpClient-1-4] DEBUG org.asynchttpclient.netty.channel.ChannelManager - Adding key: http://localhost:3339 for channel [id: 0x53e8315a, L:/127.0.0.1:65406 - R:localhost/127.0.0.1:3339]
14:42:33.683 [Forwarding getAlertText on session cd6b4c6c1311fdfc6a04bea00d1cddcd to remote] DEBUG org.asynchttpclient.netty.request.NettyRequestSender - Using pooled Channel '[id: 0x53e8315a, L:/127.0.0.1:65406 - R:localhost/127.0.0.1:3339]' for 'GET' to 'http://localhost:3339/session/cd6b4c6c1311fdfc6a04bea00d1cddcd/alert/text'
14:42:33.683 [Forwarding getAlertText on session cd6b4c6c1311fdfc6a04bea00d1cddcd to remote] DEBUG org.asynchttpclient.netty.request.NettyRequestSender - Using open Channel [id: 0x53e8315a, L:/127.0.0.1:65406 - R:localhost/127.0.0.1:3339] for GET '/session/cd6b4c6c1311fdfc6a04bea00d1cddcd/alert/text'
14:42:33.683 [AsyncHttpClient-1-4] DEBUG org.asynchttpclient.netty.handler.HttpHandler - 

Request DefaultFullHttpRequest(decodeResult: success, version: HTTP/1.1, content: EmptyByteBufBE)
GET /session/cd6b4c6c1311fdfc6a04bea00d1cddcd/alert/text HTTP/1.1
User-Agent: selenium/4.7.1 (java windows)
Cache-Control: no-cache
Content-Type: application/json; charset=utf-8
host: localhost:3339
accept: */*

Response DefaultHttpResponse(decodeResult: success, version: HTTP/1.1)
HTTP/1.1 404 Not Found
Content-Type: application/json; charset=utf-8
cache-control: no-cache
content-length: 821

14:42:33.683 [AsyncHttpClient-1-4] DEBUG org.asynchttpclient.netty.channel.ChannelManager - Adding key: http://localhost:3339 for channel [id: 0x53e8315a, L:/127.0.0.1:65406 - R:localhost/127.0.0.1:3339]
14:42:33.683 [Forwarding switchToWindow on session cd6b4c6c1311fdfc6a04bea00d1cddcd to remote] DEBUG org.asynchttpclient.netty.request.NettyRequestSender - Using pooled Channel '[id: 0x53e8315a, L:/127.0.0.1:65406 - R:localhost/127.0.0.1:3339]' for 'POST' to 'http://localhost:3339/session/cd6b4c6c1311fdfc6a04bea00d1cddcd/window'
14:42:33.683 [Forwarding switchToWindow on session cd6b4c6c1311fdfc6a04bea00d1cddcd to remote] DEBUG org.asynchttpclient.netty.request.NettyRequestSender - Using open Channel [id: 0x53e8315a, L:/127.0.0.1:65406 - R:localhost/127.0.0.1:3339] for POST '/session/cd6b4c6c1311fdfc6a04bea00d1cddcd/window'
14:42:33.691 [AsyncHttpClient-1-4] DEBUG org.asynchttpclient.netty.handler.HttpHandler - 

Request DefaultHttpRequest(decodeResult: success, version: HTTP/1.1)
POST /session/cd6b4c6c1311fdfc6a04bea00d1cddcd/window HTTP/1.1
User-Agent: selenium/4.7.1 (java windows)
Content-Length: 50
Content-Type: application/json; charset=utf-8
host: localhost:3339
accept: */*

Response DefaultHttpResponse(decodeResult: success, version: HTTP/1.1)
HTTP/1.1 200 OK
Content-Type: application/json; charset=utf-8
cache-control: no-cache
content-length: 14

14:42:33.691 [AsyncHttpClient-1-4] DEBUG org.asynchttpclient.netty.channel.ChannelManager - Adding key: http://localhost:3339 for channel [id: 0x53e8315a, L:/127.0.0.1:65406 - R:localhost/127.0.0.1:3339]
14:42:33.691 [Forwarding getCurrentUrl on session cd6b4c6c1311fdfc6a04bea00d1cddcd to remote] DEBUG org.asynchttpclient.netty.request.NettyRequestSender - Using pooled Channel '[id: 0x53e8315a, L:/127.0.0.1:65406 - R:localhost/127.0.0.1:3339]' for 'GET' to 'http://localhost:3339/session/cd6b4c6c1311fdfc6a04bea00d1cddcd/url'
14:42:33.691 [Forwarding getCurrentUrl on session cd6b4c6c1311fdfc6a04bea00d1cddcd to remote] DEBUG org.asynchttpclient.netty.request.NettyRequestSender - Using open Channel [id: 0x53e8315a, L:/127.0.0.1:65406 - R:localhost/127.0.0.1:3339] for GET '/session/cd6b4c6c1311fdfc6a04bea00d1cddcd/url'
14:42:33.700 [AsyncHttpClient-1-4] DEBUG org.asynchttpclient.netty.handler.HttpHandler - 

Request DefaultFullHttpRequest(decodeResult: success, version: HTTP/1.1, content: EmptyByteBufBE)
GET /session/cd6b4c6c1311fdfc6a04bea00d1cddcd/url HTTP/1.1
User-Agent: selenium/4.7.1 (java windows)
Cache-Control: no-cache
Content-Type: application/json; charset=utf-8
host: localhost:3339
accept: */*

Response DefaultHttpResponse(decodeResult: success, version: HTTP/1.1)
HTTP/1.1 200 OK
Content-Type: application/json; charset=utf-8
cache-control: no-cache
content-length: 58

14:42:33.700 [AsyncHttpClient-1-4] DEBUG org.asynchttpclient.netty.channel.ChannelManager - Adding key: http://localhost:3339 for channel [id: 0x53e8315a, L:/127.0.0.1:65406 - R:localhost/127.0.0.1:3339]
14:42:33.700 [Forwarding screenshot on session cd6b4c6c1311fdfc6a04bea00d1cddcd to remote] DEBUG org.asynchttpclient.netty.request.NettyRequestSender - Using pooled Channel '[id: 0x53e8315a, L:/127.0.0.1:65406 - R:localhost/127.0.0.1:3339]' for 'GET' to 'http://localhost:3339/session/cd6b4c6c1311fdfc6a04bea00d1cddcd/screenshot'
14:42:33.700 [Forwarding screenshot on session cd6b4c6c1311fdfc6a04bea00d1cddcd to remote] DEBUG org.asynchttpclient.netty.request.NettyRequestSender - Using open Channel [id: 0x53e8315a, L:/127.0.0.1:65406 - R:localhost/127.0.0.1:3339] for GET '/session/cd6b4c6c1311fdfc6a04bea00d1cddcd/screenshot'
14:42:33.824 [AsyncHttpClient-1-4] DEBUG org.asynchttpclient.netty.handler.HttpHandler - 

Request DefaultFullHttpRequest(decodeResult: success, version: HTTP/1.1, content: EmptyByteBufBE)
GET /session/cd6b4c6c1311fdfc6a04bea00d1cddcd/screenshot HTTP/1.1
User-Agent: selenium/4.7.1 (java windows)
Cache-Control: no-cache
Content-Type: application/json; charset=utf-8
host: localhost:3339
accept: */*

Response DefaultHttpResponse(decodeResult: success, version: HTTP/1.1)
HTTP/1.1 200 OK
Content-Type: application/json; charset=utf-8
cache-control: no-cache
content-length: 61968

14:42:33.824 [AsyncHttpClient-1-4] DEBUG org.asynchttpclient.netty.channel.ChannelManager - Adding key: http://localhost:3339 for channel [id: 0x53e8315a, L:/127.0.0.1:65406 - R:localhost/127.0.0.1:3339]
14:42:33.824 [main] DEBUG net.serenitybdd.core.photography.Darkroom - Send negative for processing for target\site\serenity\5f343597f6d835901ec0cb02d209b178c902e8eaac3f3431cbbb9833e2b17b3a.png
14:42:33.824 [Forwarding getPageSource on session cd6b4c6c1311fdfc6a04bea00d1cddcd to remote] DEBUG org.asynchttpclient.netty.request.NettyRequestSender - Using pooled Channel '[id: 0x53e8315a, L:/127.0.0.1:65406 - R:localhost/127.0.0.1:3339]' for 'POST' to 'http://localhost:3339/session/cd6b4c6c1311fdfc6a04bea00d1cddcd/execute/sync'
14:42:33.824 [Forwarding getPageSource on session cd6b4c6c1311fdfc6a04bea00d1cddcd to remote] DEBUG org.asynchttpclient.netty.request.NettyRequestSender - Using open Channel [id: 0x53e8315a, L:/127.0.0.1:65406 - R:localhost/127.0.0.1:3339] for POST '/session/cd6b4c6c1311fdfc6a04bea00d1cddcd/execute/sync'
14:42:33.840 [AsyncHttpClient-1-4] DEBUG org.asynchttpclient.netty.handler.HttpHandler - 

Request DefaultHttpRequest(decodeResult: success, version: HTTP/1.1)
POST /session/cd6b4c6c1311fdfc6a04bea00d1cddcd/execute/sync HTTP/1.1
User-Agent: selenium/4.7.1 (java windows)
Content-Length: 176
Content-Type: application/json; charset=utf-8
host: localhost:3339
accept: */*

Response DefaultHttpResponse(decodeResult: success, version: HTTP/1.1)
HTTP/1.1 200 OK
Content-Type: application/json; charset=utf-8
cache-control: no-cache
content-length: 41130

14:42:33.840 [AsyncHttpClient-1-4] DEBUG org.asynchttpclient.netty.channel.ChannelManager - Adding key: http://localhost:3339 for channel [id: 0x53e8315a, L:/127.0.0.1:65406 - R:localhost/127.0.0.1:3339]
14:42:33.856 [Forwarding getCurrentUrl on session cd6b4c6c1311fdfc6a04bea00d1cddcd to remote] DEBUG org.asynchttpclient.netty.request.NettyRequestSender - Using pooled Channel '[id: 0x53e8315a, L:/127.0.0.1:65406 - R:localhost/127.0.0.1:3339]' for 'GET' to 'http://localhost:3339/session/cd6b4c6c1311fdfc6a04bea00d1cddcd/url'
14:42:33.856 [Forwarding getCurrentUrl on session cd6b4c6c1311fdfc6a04bea00d1cddcd to remote] DEBUG org.asynchttpclient.netty.request.NettyRequestSender - Using open Channel [id: 0x53e8315a, L:/127.0.0.1:65406 - R:localhost/127.0.0.1:3339] for GET '/session/cd6b4c6c1311fdfc6a04bea00d1cddcd/url'
14:42:33.864 [AsyncHttpClient-1-4] DEBUG org.asynchttpclient.netty.handler.HttpHandler - 

Request DefaultFullHttpRequest(decodeResult: success, version: HTTP/1.1, content: EmptyByteBufBE)
GET /session/cd6b4c6c1311fdfc6a04bea00d1cddcd/url HTTP/1.1
User-Agent: selenium/4.7.1 (java windows)
Cache-Control: no-cache
Content-Type: application/json; charset=utf-8
host: localhost:3339
accept: */*

Response DefaultHttpResponse(decodeResult: success, version: HTTP/1.1)
HTTP/1.1 200 OK
Content-Type: application/json; charset=utf-8
cache-control: no-cache
content-length: 58

14:42:33.864 [AsyncHttpClient-1-4] DEBUG org.asynchttpclient.netty.channel.ChannelManager - Adding key: http://localhost:3339 for channel [id: 0x53e8315a, L:/127.0.0.1:65406 - R:localhost/127.0.0.1:3339]
  &amp#27;[31mAnd &amp#27;[0m&amp#27;[31mAdmin klik icon edit pada salah satu produk&amp#27;[0m        &amp#27;[90m# starter.stepdefinitions.PDAMSteps.adminKlikIconEditPadaSalahSatuProduk()&amp#27;[0m
      &amp#27;[31morg.openqa.selenium.ElementNotInteractableException: element not interactable
  (Session info: chrome=114.0.5735.134)
Build info: version: '4.7.1', revision: 'c6795baf1a3'
System info: os.name: 'Windows 11', os.arch: 'amd64', os.version: '10.0', java.version: '19.0.2'
Driver info: org.openqa.selenium.chrome.ChromeDriver
Command: [cd6b4c6c1311fdfc6a04bea00d1cddcd, clickElement {id=1D9D812BBCC1281CF74687AB32A7BF91_element_56}]
Capabilities {acceptInsecureCerts: true, browserName: chrome, browserVersion: 114.0.5735.134, chrome: {chromedriverVersion: 114.0.5735.90 (386bc09e8f4f..., userDataDir: C:\Users\HP\AppData\Local\T...}, goog:chromeOptions: {debuggerAddress: localhost:65407}, networkConnectionEnabled: false, pageLoadStrategy: normal, platformName: WINDOWS, proxy: Proxy(), se:cdp: ws://localhost:65407/devtoo..., se:cdpVersion: 114.0.5735.134, setWindowRect: true, strictFileInteractability: false, timeouts: {implicit: 0, pageLoad: 300000, script: 30000}, unhandledPromptBehavior: dismiss and notify, webauthn:extension:credBlob: true, webauthn:extension:largeBlob: true, webauthn:extension:minPinLength: true, webauthn:extension:prf: true, webauthn:virtualAuthenticators: true}
Element: [[ChromeDriver: chrome on WINDOWS (cd6b4c6c1311fdfc6a04bea00d1cddcd)] -> xpath: /html[1]/body[1]/div[1]/div[1]/div[1]/div[1]/div[1]/div[2]/div[1]/div[2]/table[1]/tbody[1]/tr[1]/td[4]/a[1]/*[name()='svg'][1]]
Session ID: cd6b4c6c1311fdfc6a04bea00d1cddcd
	at java.base/jdk.internal.reflect.DirectConstructorHandleAccessor.newInstance(DirectConstructorHandleAccessor.java:67)
	at java.base/java.lang.reflect.Constructor.newInstanceWithCaller(Constructor.java:500)
	at java.base/java.lang.reflect.Constructor.newInstance(Constructor.java:484)
	at org.openqa.selenium.remote.codec.w3c.W3CHttpResponseCodec.createException(W3CHttpResponseCodec.java:200)
	at org.openqa.selenium.remote.codec.w3c.W3CHttpResponseCodec.decode(W3CHttpResponseCodec.java:133)
	at org.openqa.selenium.remote.codec.w3c.W3CHttpResponseCodec.decode(W3CHttpResponseCodec.java:53)
	at org.openqa.selenium.remote.HttpCommandExecutor.execute(HttpCommandExecutor.java:184)
	at org.openqa.selenium.remote.service.DriverCommandExecutor.invokeExecute(DriverCommandExecutor.java:167)
	at org.openqa.selenium.remote.service.DriverCommandExecutor.execute(DriverCommandExecutor.java:142)
	at org.openqa.selenium.remote.RemoteWebDriver.execute(RemoteWebDriver.java:551)
	at org.openqa.selenium.remote.RemoteWebElement.execute(RemoteWebElement.java:257)
	at org.openqa.selenium.remote.RemoteWebElement.click(RemoteWebElement.java:78)
	at net.serenitybdd.core.pages.WebElementFacadeImpl.lambda$click$6(WebElementFacadeImpl.java:1213)
	at net.serenitybdd.core.pages.WithRetries.perform(WithRetries.java:22)
	at net.serenitybdd.core.pages.WithRetries.perform(WithRetries.java:27)
	at net.serenitybdd.core.pages.WithRetries.perform(WithRetries.java:27)
	at net.serenitybdd.core.pages.WithRetries.perform(WithRetries.java:27)
	at net.serenitybdd.core.pages.WithRetries.perform(WithRetries.java:27)
	at net.serenitybdd.core.pages.WithRetries.perform(WithRetries.java:27)
	at net.serenitybdd.core.pages.WithRetries.perform(WithRetries.java:27)
	at net.serenitybdd.core.pages.WithRetries.perform(WithRetries.java:27)
	at net.serenitybdd.core.pages.WithRetries.perform(WithRetries.java:27)
	at net.serenitybdd.core.pages.WithRetries.perform(WithRetries.java:27)
	at net.serenitybdd.core.pages.WithRetries.perform(WithRetries.java:27)
	at net.serenitybdd.core.pages.WithRetries.perform(WithRetries.java:27)
	at net.serenitybdd.core.pages.WebElementFacadeImpl.click(WebElementFacadeImpl.java:1213)
	at net.serenitybdd.core.pages.WebElementFacadeImpl.click(WebElementFacadeImpl.java:1224)
	at skuypayweb@1.0-SNAPSHOT/starter.pages.PDAMPage.klikiconeditPDAM(PDAMPage.java:149)
	at skuypayweb@1.0-SNAPSHOT/starter.pages.PDAMPage$ByteBuddy$kYQqTyIK.klikiconeditPDAM$accessor$nkFtnZDd(Unknown Source)
	at java.base/jdk.internal.reflect.DirectMethodHandleAccessor.invoke(DirectMethodHandleAccessor.java:104)
	at java.base/java.lang.reflect.Method.invoke(Method.java:578)
	at net.thucydides.core.steps.StepInterceptor.invokeMethod(StepInterceptor.java:503)
	at net.thucydides.core.steps.StepInterceptor.executeTestStepMethod(StepInterceptor.java:483)
	at net.thucydides.core.steps.StepInterceptor.runTestStep(StepInterceptor.java:457)
	at net.thucydides.core.steps.StepInterceptor.runOrSkipMethod(StepInterceptor.java:209)
	at net.thucydides.core.steps.StepInterceptor.testStepResult(StepInterceptor.java:196)
	at net.thucydides.core.steps.StepInterceptor.intercept(StepInterceptor.java:84)
	at net.thucydides.core.steps.ProxyConfiguration$InterceptorDispatcher.intercept(ProxyConfiguration.java:51)
	at skuypayweb@1.0-SNAPSHOT/starter.pages.PDAMPage$ByteBuddy$kYQqTyIK.klikiconeditPDAM(Unknown Source)
	at skuypayweb@1.0-SNAPSHOT/starter.stepdefinitions.PDAMSteps.adminKlikIconEditPadaSalahSatuProduk(PDAMSteps.java:86)
	at ✽.Admin klik icon edit pada salah satu produk(file:///C:/Dev/CapstoneProjectBaru/SKUYPAY%20WEB%20AUTOMATION/src/test/resources/features/PDAM.feature:70)
&amp#27;[0m
  &amp#27;[36mThen &amp#27;[0m&amp#27;[36mAdmin mengganti wilayah PDAM pada field wilayah&amp#27;[0m   &amp#27;[90m# starter.stepdefinitions.PDAMSteps.adminMenggantiWilayahPDAMPadaFieldWilayah()&amp#27;[0m
  &amp#27;[36mAnd &amp#27;[0m&amp#27;[36mAdmin klik simpan dan muncul popup berhasil diubah&amp#27;[0m &amp#27;[90m# starter.stepdefinitions.PDAMSteps.adminKlikSimpanDanMunculPopupBerhasilDiubah()&amp#27;[0m
14:42:33.912 [main] ERROR  - 
  _____   ___   ___   _____     ___   ___   ___    ___    ___ 
 |_   _| | __| / __| |_   _|   | __| | _ \ | _ \  / _ \  | _ \
   | |   | _|  \__ \   | |     | _|  |   / |   / | (_) | |   /
   |_|   |___| |___/   |_|     |___| |_|_\ |_|_\  \___/  |_|_\

Admin ingin mengubah nama wilayah PDAM
---------------------------------------------------------------
14:42:33.912 [main] DEBUG  - RELATED ISSUES: 
14:42:33.912 [main] ERROR  -     Test failed at step: Klikiconedit PDAM
14:42:33.912 [main] ERROR  -     element not interactable
14:42:33.920 [Driver Command Executor] DEBUG org.asynchttpclient.netty.request.NettyRequestSender - Using pooled Channel '[id: 0x53e8315a, L:/127.0.0.1:65406 - R:localhost/127.0.0.1:3339]' for 'DELETE' to 'http://localhost:3339/session/cd6b4c6c1311fdfc6a04bea00d1cddcd'
14:42:33.920 [Driver Command Executor] DEBUG org.asynchttpclient.netty.request.NettyRequestSender - Using open Channel [id: 0x53e8315a, L:/127.0.0.1:65406 - R:localhost/127.0.0.1:3339] for DELETE '/session/cd6b4c6c1311fdfc6a04bea00d1cddcd'
14:42:33.920 [AsyncHttpClient-1-6] DEBUG org.asynchttpclient.netty.handler.WebSocketHandler - Channel Closed: [id: 0x6f20e1b9, L:/127.0.0.1:65415 ! R:localhost/127.0.0.1:65407] with attribute NettyResponseFuture{currentRetry=0,
	isDone=1,
	isCancelled=0,
	asyncHandler=org.asynchttpclient.ws.WebSocketUpgradeHandler@29f270a8,
	nettyRequest=org.asynchttpclient.netty.request.NettyRequest@715c5872,
	future=java.util.concurrent.CompletableFuture@51924fe4[Completed normally],
	uri=ws://localhost:65407/devtools/browser/df038bcc-ed23-4f37-b6b7-b78ac346680d,
	keepAlive=true,
	redirectCount=0,
	timeoutsHolder=null,
	inAuth=0,
	touch=1687074119830}
14:42:33.920 [AsyncHttpClient-1-6] DEBUG org.asynchttpclient.netty.channel.ChannelManager - Closing Channel [id: 0x6f20e1b9, L:/127.0.0.1:65415 ! R:localhost/127.0.0.1:65407] 
14:42:34.040 [AsyncHttpClient-1-5] DEBUG org.asynchttpclient.netty.handler.HttpHandler - Unexpected I/O exception on channel [id: 0x11352b9c, L:/127.0.0.1:65414 - R:localhost/127.0.0.1:65407]
java.net.SocketException: Connection reset
	at java.base/sun.nio.ch.SocketChannelImpl.throwConnectionReset(SocketChannelImpl.java:401)
	at java.base/sun.nio.ch.SocketChannelImpl.read(SocketChannelImpl.java:434)
	at io.netty.buffer.PooledByteBuf.setBytes(PooledByteBuf.java:259)
	at io.netty.buffer.AbstractByteBuf.writeBytes(AbstractByteBuf.java:1132)
	at io.netty.channel.socket.nio.NioSocketChannel.doReadBytes(NioSocketChannel.java:357)
	at io.netty.channel.nio.AbstractNioByteChannel$NioByteUnsafe.read(AbstractNioByteChannel.java:151)
	at io.netty.channel.nio.NioEventLoop.processSelectedKey(NioEventLoop.java:788)
	at io.netty.channel.nio.NioEventLoop.processSelectedKeysOptimized(NioEventLoop.java:724)
	at io.netty.channel.nio.NioEventLoop.processSelectedKeys(NioEventLoop.java:650)
	at io.netty.channel.nio.NioEventLoop.run(NioEventLoop.java:562)
	at io.netty.util.concurrent.SingleThreadEventExecutor$4.run(SingleThreadEventExecutor.java:997)
	at io.netty.util.internal.ThreadExecutorMap$2.run(ThreadExecutorMap.java:74)
	at io.netty.util.concurrent.FastThreadLocalRunnable.run(FastThreadLocalRunnable.java:30)
	at java.base/java.lang.Thread.run(Thread.java:1589)
14:42:34.040 [AsyncHttpClient-1-5] DEBUG org.asynchttpclient.netty.channel.ChannelManager - Closing Channel [id: 0x11352b9c, L:/127.0.0.1:65414 - R:localhost/127.0.0.1:65407] 
14:42:34.040 [AsyncHttpClient-1-5] DEBUG org.asynchttpclient.netty.handler.HttpHandler - Channel Closed: [id: 0x11352b9c, L:/127.0.0.1:65414 ! R:localhost/127.0.0.1:65407] with attribute DISCARD
14:42:34.180 [AsyncHttpClient-1-4] DEBUG org.asynchttpclient.netty.handler.HttpHandler - 

Request DefaultFullHttpRequest(decodeResult: success, version: HTTP/1.1, content: EmptyByteBufBE)
DELETE /session/cd6b4c6c1311fdfc6a04bea00d1cddcd HTTP/1.1
User-Agent: selenium/4.7.1 (java windows)
Content-Type: application/json; charset=utf-8
host: localhost:3339
accept: */*

Response DefaultHttpResponse(decodeResult: success, version: HTTP/1.1)
HTTP/1.1 200 OK
Content-Type: application/json; charset=utf-8
cache-control: no-cache
content-length: 14

14:42:34.180 [AsyncHttpClient-1-4] DEBUG org.asynchttpclient.netty.channel.ChannelManager - Adding key: http://localhost:3339 for channel [id: 0x53e8315a, L:/127.0.0.1:65406 - R:localhost/127.0.0.1:3339]
14:42:34.268 [AsyncHttpClient-1-4] DEBUG org.asynchttpclient.netty.handler.HttpHandler - Channel Closed: [id: 0x53e8315a, L:/127.0.0.1:65406 ! R:localhost/127.0.0.1:3339] with attribute DISCARD
]]></system-out>
    <system-err><![CDATA[Starting ChromeDriver 114.0.5735.90 (386bc09e8f4f2e025eddae123f36f6263096ae49-refs/branch-heads/5735@{#1052}) on port 3339
Only local connections are allowed.
Please see https://chromedriver.chromium.org/security-considerations for suggestions on keeping ChromeDriver safe.
ChromeDriver was started successfully.
Jun 18, 2023 2:41:59 PM org.openqa.selenium.devtools.CdpVersionFinder findNearestMatch
WARNING: Unable to find CDP implementation matching 114
Jun 18, 2023 2:41:59 PM org.openqa.selenium.chromium.ChromiumDriver lambda$new$3
WARNING: Unable to find version of CDP to use for . You may need to include a dependency on a specific version of the CDP using something similar to `org.seleniumhq.selenium:selenium-devtools-v86:4.7.1` where the version ("v86") matches the version of the chromium-based browser you're using and the version number of the artifact is the same as Selenium's.
]]></system-err>
  </testcase>
  <testcase name="Admin ingin menghapus salah satu nama produk PDAM" classname="PDAM" time="37.943">
    <error type="org.openqa.selenium.ElementNotInteractableException"><![CDATA[org.openqa.selenium.ElementNotInteractableException: 
element not interactable
  (Session info: chrome=114.0.5735.134)
Build info: version: '4.7.1', revision: 'c6795baf1a3'
System info: os.name: 'Windows 11', os.arch: 'amd64', os.version: '10.0', java.version: '19.0.2'
Driver info: org.openqa.selenium.chrome.ChromeDriver
Command: [d9521f72fd1661aa3da8bfadd7cd933e, clickElement {id=48119BC04C0AA7B53F0AAD63E45512FB_element_25}]
Capabilities {acceptInsecureCerts: true, browserName: chrome, browserVersion: 114.0.5735.134, chrome: {chromedriverVersion: 114.0.5735.90 (386bc09e8f4f..., userDataDir: C:\Users\HP\AppData\Local\T...}, goog:chromeOptions: {debuggerAddress: localhost:65460}, networkConnectionEnabled: false, pageLoadStrategy: normal, platformName: WINDOWS, proxy: Proxy(), se:cdp: ws://localhost:65460/devtoo..., se:cdpVersion: 114.0.5735.134, setWindowRect: true, strictFileInteractability: false, timeouts: {implicit: 0, pageLoad: 300000, script: 30000}, unhandledPromptBehavior: dismiss and notify, webauthn:extension:credBlob: true, webauthn:extension:largeBlob: true, webauthn:extension:minPinLength: true, webauthn:extension:prf: true, webauthn:virtualAuthenticators: true}
Element: [[ChromeDriver: chrome on WINDOWS (d9521f72fd1661aa3da8bfadd7cd933e)] -> xpath: //tbody[2]/tr[1]/td[4]/a[2]//*[name()='svg']]
Session ID: d9521f72fd1661aa3da8bfadd7cd933e
]]></error>
    <system-out><![CDATA[
@PDAM-08
Scenario: Admin ingin menghapus salah satu nama produk PDAM                               &amp#27;[90m# src/test/resources/features/PDAM.feature:75&amp#27;[0m
14:42:34.364 [main] INFO io.cucumber.core.plugin.SerenityReporter - Running feature from file:///C:/Dev/CapstoneProjectBaru/SKUYPAY%20WEB%20AUTOMATION/src/test/resources/features/PDAM.feature
14:42:34.372 [main] INFO  - 
  _____   ___   ___   _____     ___   _____     _     ___   _____   ___   ___  
 |_   _| | __| / __| |_   _|   / __| |_   _|   /_\   | _ \ |_   _| | __| |   \ 
   | |   | _|  \__ \   | |     \__ \   | |    / _ \  |   /   | |   | _|  | |) |
   |_|   |___| |___/   |_|     |___/   |_|   /_/ \_\ |_|_\   |_|   |___| |___/ 

Admin ingin menghapus salah satu nama produk PDAM(pdam;admin-ingin-menghapus-salah-satu-nama-produk-pdam)
--------------------------------------------------------------------------------
14:42:34.391 [AsyncHttpClient-1-1] DEBUG org.asynchttpclient.netty.channel.DefaultChannelPool - Entry count for : http://localhost:65407 : 1
14:42:34.391 [AsyncHttpClient-1-1] DEBUG org.asynchttpclient.netty.channel.DefaultChannelPool - Entry count for : http://localhost:3339 : 1
14:42:34.391 [AsyncHttpClient-1-1] DEBUG org.asynchttpclient.netty.channel.DefaultChannelPool - Adding Candidate expired Channel [id: 0x11352b9c, L:/127.0.0.1:65414 ! R:localhost/127.0.0.1:65407] isIdleTimeoutExpired=false isRemotelyClosed=true isTtlExpired=false
14:42:34.391 [AsyncHttpClient-1-1] DEBUG org.asynchttpclient.netty.channel.DefaultChannelPool - Closing Idle Channel [id: 0x11352b9c, L:/127.0.0.1:65414 ! R:localhost/127.0.0.1:65407]
14:42:34.391 [AsyncHttpClient-1-1] DEBUG org.asynchttpclient.netty.channel.DefaultChannelPool - Adding Candidate expired Channel [id: 0x53e8315a, L:/127.0.0.1:65406 ! R:localhost/127.0.0.1:3339] isIdleTimeoutExpired=false isRemotelyClosed=true isTtlExpired=false
14:42:34.391 [AsyncHttpClient-1-1] DEBUG org.asynchttpclient.netty.channel.DefaultChannelPool - Closing Idle Channel [id: 0x53e8315a, L:/127.0.0.1:65406 ! R:localhost/127.0.0.1:3339]
14:42:34.391 [AsyncHttpClient-1-1] DEBUG org.asynchttpclient.netty.channel.DefaultChannelPool - Closed 2 connections out of 2 in 0 ms
14:42:34.391 [main] DEBUG net.thucydides.core.steps.StepInterceptor - STARTING STEP: TransaksiSteps.adminMelakukanLoginAkun - diHomepageSkuyPay
14:42:34.512 [main] INFO net.serenitybdd.core.webdriver.driverproviders.ChromeDriverProvider - Starting Chrome driver instance with capabilities:
14:42:34.512 [main] INFO net.serenitybdd.core.webdriver.driverproviders.ChromeDriverProvider - Capabilities {acceptInsecureCerts: true, browserName: chrome, goog:chromeOptions: {args: [remote-allow-origins=*, test-type, no-sandbox, ignore-certificate-errors, start-maximized, incognito, disable-infobars, disable-gpu, disable-default-apps, disable-popup-blocking, remote-allow-origins=*, test-type, no-sandbox, ignore-certificate-errors, start-maximized, incognito, disable-infobars, disable-gpu, disable-default-apps, disable-popup-blocking], extensions: []}}
14:42:34.664 [AsyncHttpClient-1-7] DEBUG org.asynchttpclient.netty.channel.NettyConnectListener - Using new Channel '[id: 0x5f65588a, L:/127.0.0.1:65459 - R:localhost/127.0.0.1:46918]' for 'POST' to '/session'
14:42:36.781 [AsyncHttpClient-1-7] DEBUG org.asynchttpclient.netty.handler.HttpHandler - 

Request DefaultHttpRequest(decodeResult: success, version: HTTP/1.1)
POST /session HTTP/1.1
User-Agent: selenium/4.7.1 (java windows)
Content-Length: 1629
Content-Type: application/json; charset=utf-8
host: localhost:46918
accept: */*

Response DefaultHttpResponse(decodeResult: success, version: HTTP/1.1)
HTTP/1.1 200 OK
Content-Type: application/json; charset=utf-8
cache-control: no-cache
content-length: 857

14:42:36.781 [AsyncHttpClient-1-7] DEBUG org.asynchttpclient.netty.channel.ChannelManager - Adding key: http://localhost:46918 for channel [id: 0x5f65588a, L:/127.0.0.1:65459 - R:localhost/127.0.0.1:46918]
14:42:36.792 [AsyncHttpClient-1-8] DEBUG org.asynchttpclient.netty.channel.NettyConnectListener - Using new Channel '[id: 0xb5506189, L:/127.0.0.1:65467 - R:localhost/127.0.0.1:65460]' for 'GET' to '/json/version'
14:42:36.792 [AsyncHttpClient-1-8] DEBUG org.asynchttpclient.netty.handler.HttpHandler - 

Request DefaultFullHttpRequest(decodeResult: success, version: HTTP/1.1, content: EmptyByteBufBE)
GET /json/version HTTP/1.1
User-Agent: selenium/4.7.1 (java windows)
host: localhost:65460
accept: */*

Response DefaultHttpResponse(decodeResult: success, version: HTTP/1.1)
HTTP/1.1 200 OK
Content-Security-Policy: frame-ancestors 'none'
Content-Type: application/json; charset=UTF-8
content-length: 424

14:42:36.792 [AsyncHttpClient-1-8] DEBUG org.asynchttpclient.netty.channel.ChannelManager - Adding key: http://localhost:65460 for channel [id: 0xb5506189, L:/127.0.0.1:65467 - R:localhost/127.0.0.1:65460]
14:42:36.792 [AsyncHttpClient-1-9] DEBUG org.asynchttpclient.netty.channel.NettyConnectListener - Using new Channel '[id: 0xf1433bd4, L:/127.0.0.1:65468 - R:localhost/127.0.0.1:65460]' for 'GET' to '/devtools/browser/801ac891-6162-4865-8f5d-890ce171068d'
14:42:36.800 [AsyncHttpClient-1-9] DEBUG org.asynchttpclient.netty.handler.WebSocketHandler - 

Request DefaultFullHttpRequest(decodeResult: success, version: HTTP/1.1, content: EmptyByteBufBE)
GET /devtools/browser/801ac891-6162-4865-8f5d-890ce171068d HTTP/1.1
upgrade: websocket
connection: upgrade
sec-websocket-key: ksD+YkFVo5/htToIM70T8Q==
sec-websocket-version: 13
origin: http://localhost:65460
host: localhost:65460
accept: */*
user-agent: AHC/2.1

Response DefaultHttpResponse(decodeResult: success, version: HTTP/1.1)
HTTP/1.1 101 WebSocket Protocol Handshake
Upgrade: WebSocket
Connection: Upgrade
Sec-WebSocket-Accept: k8+VC3EoaYZQFvXBlGsOm09r39k=

14:42:36.802 [Forwarding get on session d9521f72fd1661aa3da8bfadd7cd933e to remote] DEBUG org.asynchttpclient.netty.request.NettyRequestSender - Using pooled Channel '[id: 0x5f65588a, L:/127.0.0.1:65459 - R:localhost/127.0.0.1:46918]' for 'POST' to 'http://localhost:46918/session/d9521f72fd1661aa3da8bfadd7cd933e/url'
14:42:36.802 [Forwarding get on session d9521f72fd1661aa3da8bfadd7cd933e to remote] DEBUG org.asynchttpclient.netty.request.NettyRequestSender - Using open Channel [id: 0x5f65588a, L:/127.0.0.1:65459 - R:localhost/127.0.0.1:46918] for POST '/session/d9521f72fd1661aa3da8bfadd7cd933e/url'
14:42:37.690 [AsyncHttpClient-1-1] DEBUG org.asynchttpclient.netty.channel.DefaultChannelPool - Entry count for : http://localhost:65460 : 1
14:42:38.790 [AsyncHttpClient-1-1] DEBUG org.asynchttpclient.netty.channel.DefaultChannelPool - Entry count for : http://localhost:65460 : 1
14:42:39.848 [AsyncHttpClient-1-7] DEBUG org.asynchttpclient.netty.handler.HttpHandler - 

Request DefaultHttpRequest(decodeResult: success, version: HTTP/1.1)
POST /session/d9521f72fd1661aa3da8bfadd7cd933e/url HTTP/1.1
User-Agent: selenium/4.7.1 (java windows)
Content-Length: 69
Content-Type: application/json; charset=utf-8
host: localhost:46918
accept: */*

Response DefaultHttpResponse(decodeResult: success, version: HTTP/1.1)
HTTP/1.1 200 OK
Content-Type: application/json; charset=utf-8
cache-control: no-cache
content-length: 14

14:42:39.848 [AsyncHttpClient-1-7] DEBUG org.asynchttpclient.netty.channel.ChannelManager - Adding key: http://localhost:46918 for channel [id: 0x5f65588a, L:/127.0.0.1:65459 - R:localhost/127.0.0.1:46918]
14:42:39.848 [Forwarding setTimeout on session d9521f72fd1661aa3da8bfadd7cd933e to remote] DEBUG org.asynchttpclient.netty.request.NettyRequestSender - Using pooled Channel '[id: 0x5f65588a, L:/127.0.0.1:65459 - R:localhost/127.0.0.1:46918]' for 'POST' to 'http://localhost:46918/session/d9521f72fd1661aa3da8bfadd7cd933e/timeouts'
14:42:39.848 [Forwarding setTimeout on session d9521f72fd1661aa3da8bfadd7cd933e to remote] DEBUG org.asynchttpclient.netty.request.NettyRequestSender - Using open Channel [id: 0x5f65588a, L:/127.0.0.1:65459 - R:localhost/127.0.0.1:46918] for POST '/session/d9521f72fd1661aa3da8bfadd7cd933e/timeouts'
14:42:39.848 [AsyncHttpClient-1-7] DEBUG org.asynchttpclient.netty.handler.HttpHandler - 

Request DefaultHttpRequest(decodeResult: success, version: HTTP/1.1)
POST /session/d9521f72fd1661aa3da8bfadd7cd933e/timeouts HTTP/1.1
User-Agent: selenium/4.7.1 (java windows)
Content-Length: 22
Content-Type: application/json; charset=utf-8
host: localhost:46918
accept: */*

Response DefaultHttpResponse(decodeResult: success, version: HTTP/1.1)
HTTP/1.1 200 OK
Content-Type: application/json; charset=utf-8
cache-control: no-cache
content-length: 14

14:42:39.848 [AsyncHttpClient-1-7] DEBUG org.asynchttpclient.netty.channel.ChannelManager - Adding key: http://localhost:46918 for channel [id: 0x5f65588a, L:/127.0.0.1:65459 - R:localhost/127.0.0.1:46918]
14:42:39.856 [Forwarding getCurrentUrl on session d9521f72fd1661aa3da8bfadd7cd933e to remote] DEBUG org.asynchttpclient.netty.request.NettyRequestSender - Using pooled Channel '[id: 0x5f65588a, L:/127.0.0.1:65459 - R:localhost/127.0.0.1:46918]' for 'GET' to 'http://localhost:46918/session/d9521f72fd1661aa3da8bfadd7cd933e/url'
14:42:39.856 [Forwarding getCurrentUrl on session d9521f72fd1661aa3da8bfadd7cd933e to remote] DEBUG org.asynchttpclient.netty.request.NettyRequestSender - Using open Channel [id: 0x5f65588a, L:/127.0.0.1:65459 - R:localhost/127.0.0.1:46918] for GET '/session/d9521f72fd1661aa3da8bfadd7cd933e/url'
14:42:39.892 [AsyncHttpClient-1-1] DEBUG org.asynchttpclient.netty.channel.DefaultChannelPool - Entry count for : http://localhost:65460 : 1
14:42:39.908 [AsyncHttpClient-1-7] DEBUG org.asynchttpclient.netty.handler.HttpHandler - 

Request DefaultFullHttpRequest(decodeResult: success, version: HTTP/1.1, content: EmptyByteBufBE)
GET /session/d9521f72fd1661aa3da8bfadd7cd933e/url HTTP/1.1
User-Agent: selenium/4.7.1 (java windows)
Cache-Control: no-cache
Content-Type: application/json; charset=utf-8
host: localhost:46918
accept: */*

Response DefaultHttpResponse(decodeResult: success, version: HTTP/1.1)
HTTP/1.1 200 OK
Content-Type: application/json; charset=utf-8
cache-control: no-cache
content-length: 51

14:42:39.908 [AsyncHttpClient-1-7] DEBUG org.asynchttpclient.netty.channel.ChannelManager - Adding key: http://localhost:46918 for channel [id: 0x5f65588a, L:/127.0.0.1:65459 - R:localhost/127.0.0.1:46918]
14:42:39.916 [Forwarding getCurrentUrl on session d9521f72fd1661aa3da8bfadd7cd933e to remote] DEBUG org.asynchttpclient.netty.request.NettyRequestSender - Using pooled Channel '[id: 0x5f65588a, L:/127.0.0.1:65459 - R:localhost/127.0.0.1:46918]' for 'GET' to 'http://localhost:46918/session/d9521f72fd1661aa3da8bfadd7cd933e/url'
14:42:39.916 [Forwarding getCurrentUrl on session d9521f72fd1661aa3da8bfadd7cd933e to remote] DEBUG org.asynchttpclient.netty.request.NettyRequestSender - Using open Channel [id: 0x5f65588a, L:/127.0.0.1:65459 - R:localhost/127.0.0.1:46918] for GET '/session/d9521f72fd1661aa3da8bfadd7cd933e/url'
14:42:39.924 [AsyncHttpClient-1-7] DEBUG org.asynchttpclient.netty.handler.HttpHandler - 

Request DefaultFullHttpRequest(decodeResult: success, version: HTTP/1.1, content: EmptyByteBufBE)
GET /session/d9521f72fd1661aa3da8bfadd7cd933e/url HTTP/1.1
User-Agent: selenium/4.7.1 (java windows)
Cache-Control: no-cache
Content-Type: application/json; charset=utf-8
host: localhost:46918
accept: */*

Response DefaultHttpResponse(decodeResult: success, version: HTTP/1.1)
HTTP/1.1 200 OK
Content-Type: application/json; charset=utf-8
cache-control: no-cache
content-length: 51

14:42:39.924 [AsyncHttpClient-1-7] DEBUG org.asynchttpclient.netty.channel.ChannelManager - Adding key: http://localhost:46918 for channel [id: 0x5f65588a, L:/127.0.0.1:65459 - R:localhost/127.0.0.1:46918]
14:42:39.924 [Forwarding findElement on session d9521f72fd1661aa3da8bfadd7cd933e to remote] DEBUG org.asynchttpclient.netty.request.NettyRequestSender - Using pooled Channel '[id: 0x5f65588a, L:/127.0.0.1:65459 - R:localhost/127.0.0.1:46918]' for 'POST' to 'http://localhost:46918/session/d9521f72fd1661aa3da8bfadd7cd933e/element'
14:42:39.924 [Forwarding findElement on session d9521f72fd1661aa3da8bfadd7cd933e to remote] DEBUG org.asynchttpclient.netty.request.NettyRequestSender - Using open Channel [id: 0x5f65588a, L:/127.0.0.1:65459 - R:localhost/127.0.0.1:46918] for POST '/session/d9521f72fd1661aa3da8bfadd7cd933e/element'
14:42:39.948 [AsyncHttpClient-1-7] DEBUG org.asynchttpclient.netty.handler.HttpHandler - 

Request DefaultHttpRequest(decodeResult: success, version: HTTP/1.1)
POST /session/d9521f72fd1661aa3da8bfadd7cd933e/element HTTP/1.1
User-Agent: selenium/4.7.1 (java windows)
Content-Length: 84
Content-Type: application/json; charset=utf-8
host: localhost:46918
accept: */*

Response DefaultHttpResponse(decodeResult: success, version: HTTP/1.1)
HTTP/1.1 200 OK
Content-Type: application/json; charset=utf-8
cache-control: no-cache
content-length: 94

14:42:39.948 [AsyncHttpClient-1-7] DEBUG org.asynchttpclient.netty.channel.ChannelManager - Adding key: http://localhost:46918 for channel [id: 0x5f65588a, L:/127.0.0.1:65459 - R:localhost/127.0.0.1:46918]
14:42:39.948 [Forwarding isElementDisplayed on session d9521f72fd1661aa3da8bfadd7cd933e to remote] DEBUG org.asynchttpclient.netty.request.NettyRequestSender - Using pooled Channel '[id: 0x5f65588a, L:/127.0.0.1:65459 - R:localhost/127.0.0.1:46918]' for 'POST' to 'http://localhost:46918/session/d9521f72fd1661aa3da8bfadd7cd933e/execute/sync'
14:42:39.948 [Forwarding isElementDisplayed on session d9521f72fd1661aa3da8bfadd7cd933e to remote] DEBUG org.asynchttpclient.netty.request.NettyRequestSender - Using open Channel [id: 0x5f65588a, L:/127.0.0.1:65459 - R:localhost/127.0.0.1:46918] for POST '/session/d9521f72fd1661aa3da8bfadd7cd933e/execute/sync'
14:42:39.972 [AsyncHttpClient-1-7] DEBUG org.asynchttpclient.netty.handler.HttpHandler - 

Request DefaultHttpRequest(decodeResult: success, version: HTTP/1.1)
POST /session/d9521f72fd1661aa3da8bfadd7cd933e/execute/sync HTTP/1.1
User-Agent: selenium/4.7.1 (java windows)
Content-Length: 48786
Content-Type: application/json; charset=utf-8
host: localhost:46918
accept: */*

Response DefaultHttpResponse(decodeResult: success, version: HTTP/1.1)
HTTP/1.1 200 OK
Content-Type: application/json; charset=utf-8
cache-control: no-cache
content-length: 14

14:42:39.972 [AsyncHttpClient-1-7] DEBUG org.asynchttpclient.netty.channel.ChannelManager - Adding key: http://localhost:46918 for channel [id: 0x5f65588a, L:/127.0.0.1:65459 - R:localhost/127.0.0.1:46918]
14:42:39.972 [Forwarding isElementDisplayed on session d9521f72fd1661aa3da8bfadd7cd933e to remote] DEBUG org.asynchttpclient.netty.request.NettyRequestSender - Using pooled Channel '[id: 0x5f65588a, L:/127.0.0.1:65459 - R:localhost/127.0.0.1:46918]' for 'POST' to 'http://localhost:46918/session/d9521f72fd1661aa3da8bfadd7cd933e/execute/sync'
14:42:39.972 [Forwarding isElementDisplayed on session d9521f72fd1661aa3da8bfadd7cd933e to remote] DEBUG org.asynchttpclient.netty.request.NettyRequestSender - Using open Channel [id: 0x5f65588a, L:/127.0.0.1:65459 - R:localhost/127.0.0.1:46918] for POST '/session/d9521f72fd1661aa3da8bfadd7cd933e/execute/sync'
14:42:39.992 [AsyncHttpClient-1-7] DEBUG org.asynchttpclient.netty.handler.HttpHandler - 

Request DefaultHttpRequest(decodeResult: success, version: HTTP/1.1)
POST /session/d9521f72fd1661aa3da8bfadd7cd933e/execute/sync HTTP/1.1
User-Agent: selenium/4.7.1 (java windows)
Content-Length: 48786
Content-Type: application/json; charset=utf-8
host: localhost:46918
accept: */*

Response DefaultHttpResponse(decodeResult: success, version: HTTP/1.1)
HTTP/1.1 200 OK
Content-Type: application/json; charset=utf-8
cache-control: no-cache
content-length: 14

14:42:39.992 [AsyncHttpClient-1-7] DEBUG org.asynchttpclient.netty.channel.ChannelManager - Adding key: http://localhost:46918 for channel [id: 0x5f65588a, L:/127.0.0.1:65459 - R:localhost/127.0.0.1:46918]
14:42:40.005 [Forwarding getCurrentWindowHandle on session d9521f72fd1661aa3da8bfadd7cd933e to remote] DEBUG org.asynchttpclient.netty.request.NettyRequestSender - Using pooled Channel '[id: 0x5f65588a, L:/127.0.0.1:65459 - R:localhost/127.0.0.1:46918]' for 'GET' to 'http://localhost:46918/session/d9521f72fd1661aa3da8bfadd7cd933e/window'
14:42:40.005 [Forwarding getCurrentWindowHandle on session d9521f72fd1661aa3da8bfadd7cd933e to remote] DEBUG org.asynchttpclient.netty.request.NettyRequestSender - Using open Channel [id: 0x5f65588a, L:/127.0.0.1:65459 - R:localhost/127.0.0.1:46918] for GET '/session/d9521f72fd1661aa3da8bfadd7cd933e/window'
14:42:40.008 [AsyncHttpClient-1-7] DEBUG org.asynchttpclient.netty.handler.HttpHandler - 

Request DefaultFullHttpRequest(decodeResult: success, version: HTTP/1.1, content: EmptyByteBufBE)
GET /session/d9521f72fd1661aa3da8bfadd7cd933e/window HTTP/1.1
User-Agent: selenium/4.7.1 (java windows)
Cache-Control: no-cache
Content-Type: application/json; charset=utf-8
host: localhost:46918
accept: */*

Response DefaultHttpResponse(decodeResult: success, version: HTTP/1.1)
HTTP/1.1 200 OK
Content-Type: application/json; charset=utf-8
cache-control: no-cache
content-length: 44

14:42:40.008 [AsyncHttpClient-1-7] DEBUG org.asynchttpclient.netty.channel.ChannelManager - Adding key: http://localhost:46918 for channel [id: 0x5f65588a, L:/127.0.0.1:65459 - R:localhost/127.0.0.1:46918]
14:42:40.008 [Forwarding getAlertText on session d9521f72fd1661aa3da8bfadd7cd933e to remote] DEBUG org.asynchttpclient.netty.request.NettyRequestSender - Using pooled Channel '[id: 0x5f65588a, L:/127.0.0.1:65459 - R:localhost/127.0.0.1:46918]' for 'GET' to 'http://localhost:46918/session/d9521f72fd1661aa3da8bfadd7cd933e/alert/text'
14:42:40.008 [Forwarding getAlertText on session d9521f72fd1661aa3da8bfadd7cd933e to remote] DEBUG org.asynchttpclient.netty.request.NettyRequestSender - Using open Channel [id: 0x5f65588a, L:/127.0.0.1:65459 - R:localhost/127.0.0.1:46918] for GET '/session/d9521f72fd1661aa3da8bfadd7cd933e/alert/text'
14:42:40.008 [AsyncHttpClient-1-7] DEBUG org.asynchttpclient.netty.handler.HttpHandler - 

Request DefaultFullHttpRequest(decodeResult: success, version: HTTP/1.1, content: EmptyByteBufBE)
GET /session/d9521f72fd1661aa3da8bfadd7cd933e/alert/text HTTP/1.1
User-Agent: selenium/4.7.1 (java windows)
Cache-Control: no-cache
Content-Type: application/json; charset=utf-8
host: localhost:46918
accept: */*

Response DefaultHttpResponse(decodeResult: success, version: HTTP/1.1)
HTTP/1.1 404 Not Found
Content-Type: application/json; charset=utf-8
cache-control: no-cache
content-length: 821

14:42:40.008 [AsyncHttpClient-1-7] DEBUG org.asynchttpclient.netty.channel.ChannelManager - Adding key: http://localhost:46918 for channel [id: 0x5f65588a, L:/127.0.0.1:65459 - R:localhost/127.0.0.1:46918]
14:42:40.008 [Forwarding switchToWindow on session d9521f72fd1661aa3da8bfadd7cd933e to remote] DEBUG org.asynchttpclient.netty.request.NettyRequestSender - Using pooled Channel '[id: 0x5f65588a, L:/127.0.0.1:65459 - R:localhost/127.0.0.1:46918]' for 'POST' to 'http://localhost:46918/session/d9521f72fd1661aa3da8bfadd7cd933e/window'
14:42:40.008 [Forwarding switchToWindow on session d9521f72fd1661aa3da8bfadd7cd933e to remote] DEBUG org.asynchttpclient.netty.request.NettyRequestSender - Using open Channel [id: 0x5f65588a, L:/127.0.0.1:65459 - R:localhost/127.0.0.1:46918] for POST '/session/d9521f72fd1661aa3da8bfadd7cd933e/window'
14:42:40.016 [AsyncHttpClient-1-7] DEBUG org.asynchttpclient.netty.handler.HttpHandler - 

Request DefaultHttpRequest(decodeResult: success, version: HTTP/1.1)
POST /session/d9521f72fd1661aa3da8bfadd7cd933e/window HTTP/1.1
User-Agent: selenium/4.7.1 (java windows)
Content-Length: 50
Content-Type: application/json; charset=utf-8
host: localhost:46918
accept: */*

Response DefaultHttpResponse(decodeResult: success, version: HTTP/1.1)
HTTP/1.1 200 OK
Content-Type: application/json; charset=utf-8
cache-control: no-cache
content-length: 14

14:42:40.016 [AsyncHttpClient-1-7] DEBUG org.asynchttpclient.netty.channel.ChannelManager - Adding key: http://localhost:46918 for channel [id: 0x5f65588a, L:/127.0.0.1:65459 - R:localhost/127.0.0.1:46918]
14:42:40.016 [Forwarding getCurrentUrl on session d9521f72fd1661aa3da8bfadd7cd933e to remote] DEBUG org.asynchttpclient.netty.request.NettyRequestSender - Using pooled Channel '[id: 0x5f65588a, L:/127.0.0.1:65459 - R:localhost/127.0.0.1:46918]' for 'GET' to 'http://localhost:46918/session/d9521f72fd1661aa3da8bfadd7cd933e/url'
14:42:40.016 [Forwarding getCurrentUrl on session d9521f72fd1661aa3da8bfadd7cd933e to remote] DEBUG org.asynchttpclient.netty.request.NettyRequestSender - Using open Channel [id: 0x5f65588a, L:/127.0.0.1:65459 - R:localhost/127.0.0.1:46918] for GET '/session/d9521f72fd1661aa3da8bfadd7cd933e/url'
14:42:40.024 [AsyncHttpClient-1-7] DEBUG org.asynchttpclient.netty.handler.HttpHandler - 

Request DefaultFullHttpRequest(decodeResult: success, version: HTTP/1.1, content: EmptyByteBufBE)
GET /session/d9521f72fd1661aa3da8bfadd7cd933e/url HTTP/1.1
User-Agent: selenium/4.7.1 (java windows)
Cache-Control: no-cache
Content-Type: application/json; charset=utf-8
host: localhost:46918
accept: */*

Response DefaultHttpResponse(decodeResult: success, version: HTTP/1.1)
HTTP/1.1 200 OK
Content-Type: application/json; charset=utf-8
cache-control: no-cache
content-length: 51

14:42:40.024 [AsyncHttpClient-1-7] DEBUG org.asynchttpclient.netty.channel.ChannelManager - Adding key: http://localhost:46918 for channel [id: 0x5f65588a, L:/127.0.0.1:65459 - R:localhost/127.0.0.1:46918]
14:42:40.024 [Forwarding screenshot on session d9521f72fd1661aa3da8bfadd7cd933e to remote] DEBUG org.asynchttpclient.netty.request.NettyRequestSender - Using pooled Channel '[id: 0x5f65588a, L:/127.0.0.1:65459 - R:localhost/127.0.0.1:46918]' for 'GET' to 'http://localhost:46918/session/d9521f72fd1661aa3da8bfadd7cd933e/screenshot'
14:42:40.024 [Forwarding screenshot on session d9521f72fd1661aa3da8bfadd7cd933e to remote] DEBUG org.asynchttpclient.netty.request.NettyRequestSender - Using open Channel [id: 0x5f65588a, L:/127.0.0.1:65459 - R:localhost/127.0.0.1:46918] for GET '/session/d9521f72fd1661aa3da8bfadd7cd933e/screenshot'
14:42:40.155 [AsyncHttpClient-1-7] DEBUG org.asynchttpclient.netty.handler.HttpHandler - 

Request DefaultFullHttpRequest(decodeResult: success, version: HTTP/1.1, content: EmptyByteBufBE)
GET /session/d9521f72fd1661aa3da8bfadd7cd933e/screenshot HTTP/1.1
User-Agent: selenium/4.7.1 (java windows)
Cache-Control: no-cache
Content-Type: application/json; charset=utf-8
host: localhost:46918
accept: */*

Response DefaultHttpResponse(decodeResult: success, version: HTTP/1.1)
HTTP/1.1 200 OK
Content-Type: application/json; charset=utf-8
cache-control: no-cache
content-length: 12972

14:42:40.155 [AsyncHttpClient-1-7] DEBUG org.asynchttpclient.netty.channel.ChannelManager - Adding key: http://localhost:46918 for channel [id: 0x5f65588a, L:/127.0.0.1:65459 - R:localhost/127.0.0.1:46918]
14:42:40.155 [main] DEBUG net.serenitybdd.core.photography.Darkroom - Send negative for processing for target\site\serenity\10a567ef31752a3338c376b6ccfbd41df1084ea99b518b7c9106896398d6ecb0.png
14:42:40.155 [Darkroom Processing Line] DEBUG net.serenitybdd.core.photography.DarkroomProcessingLine - Processing screenshot image in /var/screenshots/screenshot-14164314413176888540
14:42:40.155 [main] DEBUG net.thucydides.core.steps.StepInterceptor - STEP DONE: diHomepageSkuyPay
14:42:40.155 [Darkroom Processing Line] DEBUG net.serenitybdd.core.photography.DarkroomProcessingLine - Saving screenshot to target\site\serenity\10a567ef31752a3338c376b6ccfbd41df1084ea99b518b7c9106896398d6ecb0.png
14:42:40.163 [main] DEBUG net.thucydides.core.steps.StepInterceptor - STARTING STEP: TransaksiSteps.adminMelakukanLoginAkun - inputfieldemail
14:42:40.171 [Forwarding findElement on session d9521f72fd1661aa3da8bfadd7cd933e to remote] DEBUG org.asynchttpclient.netty.request.NettyRequestSender - Using pooled Channel '[id: 0x5f65588a, L:/127.0.0.1:65459 - R:localhost/127.0.0.1:46918]' for 'POST' to 'http://localhost:46918/session/d9521f72fd1661aa3da8bfadd7cd933e/element'
14:42:40.171 [Forwarding findElement on session d9521f72fd1661aa3da8bfadd7cd933e to remote] DEBUG org.asynchttpclient.netty.request.NettyRequestSender - Using open Channel [id: 0x5f65588a, L:/127.0.0.1:65459 - R:localhost/127.0.0.1:46918] for POST '/session/d9521f72fd1661aa3da8bfadd7cd933e/element'
14:42:40.187 [AsyncHttpClient-1-7] DEBUG org.asynchttpclient.netty.handler.HttpHandler - 

Request DefaultHttpRequest(decodeResult: success, version: HTTP/1.1)
POST /session/d9521f72fd1661aa3da8bfadd7cd933e/element HTTP/1.1
User-Agent: selenium/4.7.1 (java windows)
Content-Length: 84
Content-Type: application/json; charset=utf-8
host: localhost:46918
accept: */*

Response DefaultHttpResponse(decodeResult: success, version: HTTP/1.1)
HTTP/1.1 200 OK
Content-Type: application/json; charset=utf-8
cache-control: no-cache
content-length: 94

14:42:40.187 [AsyncHttpClient-1-7] DEBUG org.asynchttpclient.netty.channel.ChannelManager - Adding key: http://localhost:46918 for channel [id: 0x5f65588a, L:/127.0.0.1:65459 - R:localhost/127.0.0.1:46918]
14:42:40.187 [Forwarding getElementTagName on session d9521f72fd1661aa3da8bfadd7cd933e to remote] DEBUG org.asynchttpclient.netty.request.NettyRequestSender - Using pooled Channel '[id: 0x5f65588a, L:/127.0.0.1:65459 - R:localhost/127.0.0.1:46918]' for 'GET' to 'http://localhost:46918/session/d9521f72fd1661aa3da8bfadd7cd933e/element/48119BC04C0AA7B53F0AAD63E45512FB_element_2/name'
14:42:40.187 [Forwarding getElementTagName on session d9521f72fd1661aa3da8bfadd7cd933e to remote] DEBUG org.asynchttpclient.netty.request.NettyRequestSender - Using open Channel [id: 0x5f65588a, L:/127.0.0.1:65459 - R:localhost/127.0.0.1:46918] for GET '/session/d9521f72fd1661aa3da8bfadd7cd933e/element/48119BC04C0AA7B53F0AAD63E45512FB_element_2/name'
14:42:40.195 [AsyncHttpClient-1-7] DEBUG org.asynchttpclient.netty.handler.HttpHandler - 

Request DefaultFullHttpRequest(decodeResult: success, version: HTTP/1.1, content: EmptyByteBufBE)
GET /session/d9521f72fd1661aa3da8bfadd7cd933e/element/48119BC04C0AA7B53F0AAD63E45512FB_element_2/name HTTP/1.1
User-Agent: selenium/4.7.1 (java windows)
Cache-Control: no-cache
Content-Type: application/json; charset=utf-8
host: localhost:46918
accept: */*

Response DefaultHttpResponse(decodeResult: success, version: HTTP/1.1)
HTTP/1.1 200 OK
Content-Type: application/json; charset=utf-8
cache-control: no-cache
content-length: 17

14:42:40.195 [AsyncHttpClient-1-7] DEBUG org.asynchttpclient.netty.channel.ChannelManager - Adding key: http://localhost:46918 for channel [id: 0x5f65588a, L:/127.0.0.1:65459 - R:localhost/127.0.0.1:46918]
14:42:40.195 [Forwarding getElementTagName on session d9521f72fd1661aa3da8bfadd7cd933e to remote] DEBUG org.asynchttpclient.netty.request.NettyRequestSender - Using pooled Channel '[id: 0x5f65588a, L:/127.0.0.1:65459 - R:localhost/127.0.0.1:46918]' for 'GET' to 'http://localhost:46918/session/d9521f72fd1661aa3da8bfadd7cd933e/element/48119BC04C0AA7B53F0AAD63E45512FB_element_2/name'
14:42:40.195 [Forwarding getElementTagName on session d9521f72fd1661aa3da8bfadd7cd933e to remote] DEBUG org.asynchttpclient.netty.request.NettyRequestSender - Using open Channel [id: 0x5f65588a, L:/127.0.0.1:65459 - R:localhost/127.0.0.1:46918] for GET '/session/d9521f72fd1661aa3da8bfadd7cd933e/element/48119BC04C0AA7B53F0AAD63E45512FB_element_2/name'
14:42:40.203 [AsyncHttpClient-1-7] DEBUG org.asynchttpclient.netty.handler.HttpHandler - 

Request DefaultFullHttpRequest(decodeResult: success, version: HTTP/1.1, content: EmptyByteBufBE)
GET /session/d9521f72fd1661aa3da8bfadd7cd933e/element/48119BC04C0AA7B53F0AAD63E45512FB_element_2/name HTTP/1.1
User-Agent: selenium/4.7.1 (java windows)
Cache-Control: no-cache
Content-Type: application/json; charset=utf-8
host: localhost:46918
accept: */*

Response DefaultHttpResponse(decodeResult: success, version: HTTP/1.1)
HTTP/1.1 200 OK
Content-Type: application/json; charset=utf-8
cache-control: no-cache
content-length: 17

14:42:40.205 [AsyncHttpClient-1-7] DEBUG org.asynchttpclient.netty.channel.ChannelManager - Adding key: http://localhost:46918 for channel [id: 0x5f65588a, L:/127.0.0.1:65459 - R:localhost/127.0.0.1:46918]
14:42:40.205 [Forwarding isElementEnabled on session d9521f72fd1661aa3da8bfadd7cd933e to remote] DEBUG org.asynchttpclient.netty.request.NettyRequestSender - Using pooled Channel '[id: 0x5f65588a, L:/127.0.0.1:65459 - R:localhost/127.0.0.1:46918]' for 'GET' to 'http://localhost:46918/session/d9521f72fd1661aa3da8bfadd7cd933e/element/48119BC04C0AA7B53F0AAD63E45512FB_element_2/enabled'
14:42:40.205 [Forwarding isElementEnabled on session d9521f72fd1661aa3da8bfadd7cd933e to remote] DEBUG org.asynchttpclient.netty.request.NettyRequestSender - Using open Channel [id: 0x5f65588a, L:/127.0.0.1:65459 - R:localhost/127.0.0.1:46918] for GET '/session/d9521f72fd1661aa3da8bfadd7cd933e/element/48119BC04C0AA7B53F0AAD63E45512FB_element_2/enabled'
14:42:40.219 [AsyncHttpClient-1-7] DEBUG org.asynchttpclient.netty.handler.HttpHandler - 

Request DefaultFullHttpRequest(decodeResult: success, version: HTTP/1.1, content: EmptyByteBufBE)
GET /session/d9521f72fd1661aa3da8bfadd7cd933e/element/48119BC04C0AA7B53F0AAD63E45512FB_element_2/enabled HTTP/1.1
User-Agent: selenium/4.7.1 (java windows)
Cache-Control: no-cache
Content-Type: application/json; charset=utf-8
host: localhost:46918
accept: */*

Response DefaultHttpResponse(decodeResult: success, version: HTTP/1.1)
HTTP/1.1 200 OK
Content-Type: application/json; charset=utf-8
cache-control: no-cache
content-length: 14

14:42:40.219 [AsyncHttpClient-1-7] DEBUG org.asynchttpclient.netty.channel.ChannelManager - Adding key: http://localhost:46918 for channel [id: 0x5f65588a, L:/127.0.0.1:65459 - R:localhost/127.0.0.1:46918]
14:42:40.224 [Forwarding isElementEnabled on session d9521f72fd1661aa3da8bfadd7cd933e to remote] DEBUG org.asynchttpclient.netty.request.NettyRequestSender - Using pooled Channel '[id: 0x5f65588a, L:/127.0.0.1:65459 - R:localhost/127.0.0.1:46918]' for 'GET' to 'http://localhost:46918/session/d9521f72fd1661aa3da8bfadd7cd933e/element/48119BC04C0AA7B53F0AAD63E45512FB_element_2/enabled'
14:42:40.224 [Forwarding isElementEnabled on session d9521f72fd1661aa3da8bfadd7cd933e to remote] DEBUG org.asynchttpclient.netty.request.NettyRequestSender - Using open Channel [id: 0x5f65588a, L:/127.0.0.1:65459 - R:localhost/127.0.0.1:46918] for GET '/session/d9521f72fd1661aa3da8bfadd7cd933e/element/48119BC04C0AA7B53F0AAD63E45512FB_element_2/enabled'
14:42:40.251 [AsyncHttpClient-1-7] DEBUG org.asynchttpclient.netty.handler.HttpHandler - 

Request DefaultFullHttpRequest(decodeResult: success, version: HTTP/1.1, content: EmptyByteBufBE)
GET /session/d9521f72fd1661aa3da8bfadd7cd933e/element/48119BC04C0AA7B53F0AAD63E45512FB_element_2/enabled HTTP/1.1
User-Agent: selenium/4.7.1 (java windows)
Cache-Control: no-cache
Content-Type: application/json; charset=utf-8
host: localhost:46918
accept: */*

Response DefaultHttpResponse(decodeResult: success, version: HTTP/1.1)
HTTP/1.1 200 OK
Content-Type: application/json; charset=utf-8
cache-control: no-cache
content-length: 14

14:42:40.251 [AsyncHttpClient-1-7] DEBUG org.asynchttpclient.netty.channel.ChannelManager - Adding key: http://localhost:46918 for channel [id: 0x5f65588a, L:/127.0.0.1:65459 - R:localhost/127.0.0.1:46918]
14:42:40.259 [Forwarding findElement on session d9521f72fd1661aa3da8bfadd7cd933e to remote] DEBUG org.asynchttpclient.netty.request.NettyRequestSender - Using pooled Channel '[id: 0x5f65588a, L:/127.0.0.1:65459 - R:localhost/127.0.0.1:46918]' for 'POST' to 'http://localhost:46918/session/d9521f72fd1661aa3da8bfadd7cd933e/element'
14:42:40.259 [Forwarding findElement on session d9521f72fd1661aa3da8bfadd7cd933e to remote] DEBUG org.asynchttpclient.netty.request.NettyRequestSender - Using open Channel [id: 0x5f65588a, L:/127.0.0.1:65459 - R:localhost/127.0.0.1:46918] for POST '/session/d9521f72fd1661aa3da8bfadd7cd933e/element'
14:42:40.283 [AsyncHttpClient-1-7] DEBUG org.asynchttpclient.netty.handler.HttpHandler - 

Request DefaultHttpRequest(decodeResult: success, version: HTTP/1.1)
POST /session/d9521f72fd1661aa3da8bfadd7cd933e/element HTTP/1.1
User-Agent: selenium/4.7.1 (java windows)
Content-Length: 84
Content-Type: application/json; charset=utf-8
host: localhost:46918
accept: */*

Response DefaultHttpResponse(decodeResult: success, version: HTTP/1.1)
HTTP/1.1 200 OK
Content-Type: application/json; charset=utf-8
cache-control: no-cache
content-length: 94

14:42:40.283 [AsyncHttpClient-1-7] DEBUG org.asynchttpclient.netty.channel.ChannelManager - Adding key: http://localhost:46918 for channel [id: 0x5f65588a, L:/127.0.0.1:65459 - R:localhost/127.0.0.1:46918]
14:42:40.283 [Forwarding clickElement on session d9521f72fd1661aa3da8bfadd7cd933e to remote] DEBUG org.asynchttpclient.netty.request.NettyRequestSender - Using pooled Channel '[id: 0x5f65588a, L:/127.0.0.1:65459 - R:localhost/127.0.0.1:46918]' for 'POST' to 'http://localhost:46918/session/d9521f72fd1661aa3da8bfadd7cd933e/element/48119BC04C0AA7B53F0AAD63E45512FB_element_2/click'
14:42:40.283 [Forwarding clickElement on session d9521f72fd1661aa3da8bfadd7cd933e to remote] DEBUG org.asynchttpclient.netty.request.NettyRequestSender - Using open Channel [id: 0x5f65588a, L:/127.0.0.1:65459 - R:localhost/127.0.0.1:46918] for POST '/session/d9521f72fd1661aa3da8bfadd7cd933e/element/48119BC04C0AA7B53F0AAD63E45512FB_element_2/click'
14:42:40.427 [AsyncHttpClient-1-7] DEBUG org.asynchttpclient.netty.handler.HttpHandler - 

Request DefaultHttpRequest(decodeResult: success, version: HTTP/1.1)
POST /session/d9521f72fd1661aa3da8bfadd7cd933e/element/48119BC04C0AA7B53F0AAD63E45512FB_element_2/click HTTP/1.1
User-Agent: selenium/4.7.1 (java windows)
Content-Length: 56
Content-Type: application/json; charset=utf-8
host: localhost:46918
accept: */*

Response DefaultHttpResponse(decodeResult: success, version: HTTP/1.1)
HTTP/1.1 200 OK
Content-Type: application/json; charset=utf-8
cache-control: no-cache
content-length: 14

14:42:40.427 [AsyncHttpClient-1-7] DEBUG org.asynchttpclient.netty.channel.ChannelManager - Adding key: http://localhost:46918 for channel [id: 0x5f65588a, L:/127.0.0.1:65459 - R:localhost/127.0.0.1:46918]
14:42:40.435 [Forwarding findElement on session d9521f72fd1661aa3da8bfadd7cd933e to remote] DEBUG org.asynchttpclient.netty.request.NettyRequestSender - Using pooled Channel '[id: 0x5f65588a, L:/127.0.0.1:65459 - R:localhost/127.0.0.1:46918]' for 'POST' to 'http://localhost:46918/session/d9521f72fd1661aa3da8bfadd7cd933e/element'
14:42:40.435 [Forwarding findElement on session d9521f72fd1661aa3da8bfadd7cd933e to remote] DEBUG org.asynchttpclient.netty.request.NettyRequestSender - Using open Channel [id: 0x5f65588a, L:/127.0.0.1:65459 - R:localhost/127.0.0.1:46918] for POST '/session/d9521f72fd1661aa3da8bfadd7cd933e/element'
14:42:40.451 [AsyncHttpClient-1-7] DEBUG org.asynchttpclient.netty.handler.HttpHandler - 

Request DefaultHttpRequest(decodeResult: success, version: HTTP/1.1)
POST /session/d9521f72fd1661aa3da8bfadd7cd933e/element HTTP/1.1
User-Agent: selenium/4.7.1 (java windows)
Content-Length: 84
Content-Type: application/json; charset=utf-8
host: localhost:46918
accept: */*

Response DefaultHttpResponse(decodeResult: success, version: HTTP/1.1)
HTTP/1.1 200 OK
Content-Type: application/json; charset=utf-8
cache-control: no-cache
content-length: 94

14:42:40.451 [AsyncHttpClient-1-7] DEBUG org.asynchttpclient.netty.channel.ChannelManager - Adding key: http://localhost:46918 for channel [id: 0x5f65588a, L:/127.0.0.1:65459 - R:localhost/127.0.0.1:46918]
14:42:40.451 [Forwarding clearElement on session d9521f72fd1661aa3da8bfadd7cd933e to remote] DEBUG org.asynchttpclient.netty.request.NettyRequestSender - Using pooled Channel '[id: 0x5f65588a, L:/127.0.0.1:65459 - R:localhost/127.0.0.1:46918]' for 'POST' to 'http://localhost:46918/session/d9521f72fd1661aa3da8bfadd7cd933e/element/48119BC04C0AA7B53F0AAD63E45512FB_element_2/clear'
14:42:40.451 [Forwarding clearElement on session d9521f72fd1661aa3da8bfadd7cd933e to remote] DEBUG org.asynchttpclient.netty.request.NettyRequestSender - Using open Channel [id: 0x5f65588a, L:/127.0.0.1:65459 - R:localhost/127.0.0.1:46918] for POST '/session/d9521f72fd1661aa3da8bfadd7cd933e/element/48119BC04C0AA7B53F0AAD63E45512FB_element_2/clear'
14:42:40.522 [AsyncHttpClient-1-7] DEBUG org.asynchttpclient.netty.handler.HttpHandler - 

Request DefaultHttpRequest(decodeResult: success, version: HTTP/1.1)
POST /session/d9521f72fd1661aa3da8bfadd7cd933e/element/48119BC04C0AA7B53F0AAD63E45512FB_element_2/clear HTTP/1.1
User-Agent: selenium/4.7.1 (java windows)
Content-Length: 56
Content-Type: application/json; charset=utf-8
host: localhost:46918
accept: */*

Response DefaultHttpResponse(decodeResult: success, version: HTTP/1.1)
HTTP/1.1 200 OK
Content-Type: application/json; charset=utf-8
cache-control: no-cache
content-length: 14

14:42:40.522 [AsyncHttpClient-1-7] DEBUG org.asynchttpclient.netty.channel.ChannelManager - Adding key: http://localhost:46918 for channel [id: 0x5f65588a, L:/127.0.0.1:65459 - R:localhost/127.0.0.1:46918]
14:42:40.522 [Forwarding sendKeysToElement on session d9521f72fd1661aa3da8bfadd7cd933e to remote] DEBUG org.asynchttpclient.netty.request.NettyRequestSender - Using pooled Channel '[id: 0x5f65588a, L:/127.0.0.1:65459 - R:localhost/127.0.0.1:46918]' for 'POST' to 'http://localhost:46918/session/d9521f72fd1661aa3da8bfadd7cd933e/element/48119BC04C0AA7B53F0AAD63E45512FB_element_2/value'
14:42:40.522 [Forwarding sendKeysToElement on session d9521f72fd1661aa3da8bfadd7cd933e to remote] DEBUG org.asynchttpclient.netty.request.NettyRequestSender - Using open Channel [id: 0x5f65588a, L:/127.0.0.1:65459 - R:localhost/127.0.0.1:46918] for POST '/session/d9521f72fd1661aa3da8bfadd7cd933e/element/48119BC04C0AA7B53F0AAD63E45512FB_element_2/value'
14:42:40.706 [AsyncHttpClient-1-7] DEBUG org.asynchttpclient.netty.handler.HttpHandler - 

Request DefaultHttpRequest(decodeResult: success, version: HTTP/1.1)
POST /session/d9521f72fd1661aa3da8bfadd7cd933e/element/48119BC04C0AA7B53F0AAD63E45512FB_element_2/value HTTP/1.1
User-Agent: selenium/4.7.1 (java windows)
Content-Length: 377
Content-Type: application/json; charset=utf-8
host: localhost:46918
accept: */*

Response DefaultHttpResponse(decodeResult: success, version: HTTP/1.1)
HTTP/1.1 200 OK
Content-Type: application/json; charset=utf-8
cache-control: no-cache
content-length: 14

14:42:40.706 [AsyncHttpClient-1-7] DEBUG org.asynchttpclient.netty.channel.ChannelManager - Adding key: http://localhost:46918 for channel [id: 0x5f65588a, L:/127.0.0.1:65459 - R:localhost/127.0.0.1:46918]
14:42:40.714 [Forwarding getCurrentWindowHandle on session d9521f72fd1661aa3da8bfadd7cd933e to remote] DEBUG org.asynchttpclient.netty.request.NettyRequestSender - Using pooled Channel '[id: 0x5f65588a, L:/127.0.0.1:65459 - R:localhost/127.0.0.1:46918]' for 'GET' to 'http://localhost:46918/session/d9521f72fd1661aa3da8bfadd7cd933e/window'
14:42:40.714 [Forwarding getCurrentWindowHandle on session d9521f72fd1661aa3da8bfadd7cd933e to remote] DEBUG org.asynchttpclient.netty.request.NettyRequestSender - Using open Channel [id: 0x5f65588a, L:/127.0.0.1:65459 - R:localhost/127.0.0.1:46918] for GET '/session/d9521f72fd1661aa3da8bfadd7cd933e/window'
14:42:40.714 [AsyncHttpClient-1-7] DEBUG org.asynchttpclient.netty.handler.HttpHandler - 

Request DefaultFullHttpRequest(decodeResult: success, version: HTTP/1.1, content: EmptyByteBufBE)
GET /session/d9521f72fd1661aa3da8bfadd7cd933e/window HTTP/1.1
User-Agent: selenium/4.7.1 (java windows)
Cache-Control: no-cache
Content-Type: application/json; charset=utf-8
host: localhost:46918
accept: */*

Response DefaultHttpResponse(decodeResult: success, version: HTTP/1.1)
HTTP/1.1 200 OK
Content-Type: application/json; charset=utf-8
cache-control: no-cache
content-length: 44

14:42:40.714 [AsyncHttpClient-1-7] DEBUG org.asynchttpclient.netty.channel.ChannelManager - Adding key: http://localhost:46918 for channel [id: 0x5f65588a, L:/127.0.0.1:65459 - R:localhost/127.0.0.1:46918]
14:42:40.722 [Forwarding getAlertText on session d9521f72fd1661aa3da8bfadd7cd933e to remote] DEBUG org.asynchttpclient.netty.request.NettyRequestSender - Using pooled Channel '[id: 0x5f65588a, L:/127.0.0.1:65459 - R:localhost/127.0.0.1:46918]' for 'GET' to 'http://localhost:46918/session/d9521f72fd1661aa3da8bfadd7cd933e/alert/text'
14:42:40.722 [Forwarding getAlertText on session d9521f72fd1661aa3da8bfadd7cd933e to remote] DEBUG org.asynchttpclient.netty.request.NettyRequestSender - Using open Channel [id: 0x5f65588a, L:/127.0.0.1:65459 - R:localhost/127.0.0.1:46918] for GET '/session/d9521f72fd1661aa3da8bfadd7cd933e/alert/text'
14:42:40.722 [AsyncHttpClient-1-7] DEBUG org.asynchttpclient.netty.handler.HttpHandler - 

Request DefaultFullHttpRequest(decodeResult: success, version: HTTP/1.1, content: EmptyByteBufBE)
GET /session/d9521f72fd1661aa3da8bfadd7cd933e/alert/text HTTP/1.1
User-Agent: selenium/4.7.1 (java windows)
Cache-Control: no-cache
Content-Type: application/json; charset=utf-8
host: localhost:46918
accept: */*

Response DefaultHttpResponse(decodeResult: success, version: HTTP/1.1)
HTTP/1.1 404 Not Found
Content-Type: application/json; charset=utf-8
cache-control: no-cache
content-length: 821

14:42:40.722 [AsyncHttpClient-1-7] DEBUG org.asynchttpclient.netty.channel.ChannelManager - Adding key: http://localhost:46918 for channel [id: 0x5f65588a, L:/127.0.0.1:65459 - R:localhost/127.0.0.1:46918]
14:42:40.728 [Forwarding switchToWindow on session d9521f72fd1661aa3da8bfadd7cd933e to remote] DEBUG org.asynchttpclient.netty.request.NettyRequestSender - Using pooled Channel '[id: 0x5f65588a, L:/127.0.0.1:65459 - R:localhost/127.0.0.1:46918]' for 'POST' to 'http://localhost:46918/session/d9521f72fd1661aa3da8bfadd7cd933e/window'
14:42:40.728 [Forwarding switchToWindow on session d9521f72fd1661aa3da8bfadd7cd933e to remote] DEBUG org.asynchttpclient.netty.request.NettyRequestSender - Using open Channel [id: 0x5f65588a, L:/127.0.0.1:65459 - R:localhost/127.0.0.1:46918] for POST '/session/d9521f72fd1661aa3da8bfadd7cd933e/window'
14:42:40.728 [AsyncHttpClient-1-7] DEBUG org.asynchttpclient.netty.handler.HttpHandler - 

Request DefaultHttpRequest(decodeResult: success, version: HTTP/1.1)
POST /session/d9521f72fd1661aa3da8bfadd7cd933e/window HTTP/1.1
User-Agent: selenium/4.7.1 (java windows)
Content-Length: 50
Content-Type: application/json; charset=utf-8
host: localhost:46918
accept: */*

Response DefaultHttpResponse(decodeResult: success, version: HTTP/1.1)
HTTP/1.1 200 OK
Content-Type: application/json; charset=utf-8
cache-control: no-cache
content-length: 14

14:42:40.728 [AsyncHttpClient-1-7] DEBUG org.asynchttpclient.netty.channel.ChannelManager - Adding key: http://localhost:46918 for channel [id: 0x5f65588a, L:/127.0.0.1:65459 - R:localhost/127.0.0.1:46918]
14:42:40.730 [Forwarding getCurrentUrl on session d9521f72fd1661aa3da8bfadd7cd933e to remote] DEBUG org.asynchttpclient.netty.request.NettyRequestSender - Using pooled Channel '[id: 0x5f65588a, L:/127.0.0.1:65459 - R:localhost/127.0.0.1:46918]' for 'GET' to 'http://localhost:46918/session/d9521f72fd1661aa3da8bfadd7cd933e/url'
14:42:40.730 [Forwarding getCurrentUrl on session d9521f72fd1661aa3da8bfadd7cd933e to remote] DEBUG org.asynchttpclient.netty.request.NettyRequestSender - Using open Channel [id: 0x5f65588a, L:/127.0.0.1:65459 - R:localhost/127.0.0.1:46918] for GET '/session/d9521f72fd1661aa3da8bfadd7cd933e/url'
14:42:40.730 [AsyncHttpClient-1-7] DEBUG org.asynchttpclient.netty.handler.HttpHandler - 

Request DefaultFullHttpRequest(decodeResult: success, version: HTTP/1.1, content: EmptyByteBufBE)
GET /session/d9521f72fd1661aa3da8bfadd7cd933e/url HTTP/1.1
User-Agent: selenium/4.7.1 (java windows)
Cache-Control: no-cache
Content-Type: application/json; charset=utf-8
host: localhost:46918
accept: */*

Response DefaultHttpResponse(decodeResult: success, version: HTTP/1.1)
HTTP/1.1 200 OK
Content-Type: application/json; charset=utf-8
cache-control: no-cache
content-length: 51

14:42:40.730 [AsyncHttpClient-1-7] DEBUG org.asynchttpclient.netty.channel.ChannelManager - Adding key: http://localhost:46918 for channel [id: 0x5f65588a, L:/127.0.0.1:65459 - R:localhost/127.0.0.1:46918]
14:42:40.738 [Forwarding screenshot on session d9521f72fd1661aa3da8bfadd7cd933e to remote] DEBUG org.asynchttpclient.netty.request.NettyRequestSender - Using pooled Channel '[id: 0x5f65588a, L:/127.0.0.1:65459 - R:localhost/127.0.0.1:46918]' for 'GET' to 'http://localhost:46918/session/d9521f72fd1661aa3da8bfadd7cd933e/screenshot'
14:42:40.738 [Forwarding screenshot on session d9521f72fd1661aa3da8bfadd7cd933e to remote] DEBUG org.asynchttpclient.netty.request.NettyRequestSender - Using open Channel [id: 0x5f65588a, L:/127.0.0.1:65459 - R:localhost/127.0.0.1:46918] for GET '/session/d9521f72fd1661aa3da8bfadd7cd933e/screenshot'
14:42:40.963 [AsyncHttpClient-1-7] DEBUG org.asynchttpclient.netty.handler.HttpHandler - 

Request DefaultFullHttpRequest(decodeResult: success, version: HTTP/1.1, content: EmptyByteBufBE)
GET /session/d9521f72fd1661aa3da8bfadd7cd933e/screenshot HTTP/1.1
User-Agent: selenium/4.7.1 (java windows)
Cache-Control: no-cache
Content-Type: application/json; charset=utf-8
host: localhost:46918
accept: */*

Response DefaultHttpResponse(decodeResult: success, version: HTTP/1.1)
HTTP/1.1 200 OK
Content-Type: application/json; charset=utf-8
cache-control: no-cache
content-length: 191920

14:42:40.963 [AsyncHttpClient-1-7] DEBUG org.asynchttpclient.netty.channel.ChannelManager - Adding key: http://localhost:46918 for channel [id: 0x5f65588a, L:/127.0.0.1:65459 - R:localhost/127.0.0.1:46918]
14:42:40.971 [main] DEBUG net.serenitybdd.core.photography.Darkroom - Send negative for processing for target\site\serenity\016d27681ad45d2073403df84e978f4727a92e6d57d9c8bb00857f8d4513a591.png
14:42:40.971 [main] DEBUG net.thucydides.core.steps.StepInterceptor - STEP DONE: inputfieldemail
14:42:40.981 [main] DEBUG net.thucydides.core.steps.StepInterceptor - STARTING STEP: TransaksiSteps.adminMelakukanLoginAkun - inputfieldpassword
14:42:40.987 [Forwarding findElement on session d9521f72fd1661aa3da8bfadd7cd933e to remote] DEBUG org.asynchttpclient.netty.request.NettyRequestSender - Using pooled Channel '[id: 0x5f65588a, L:/127.0.0.1:65459 - R:localhost/127.0.0.1:46918]' for 'POST' to 'http://localhost:46918/session/d9521f72fd1661aa3da8bfadd7cd933e/element'
14:42:40.987 [Forwarding findElement on session d9521f72fd1661aa3da8bfadd7cd933e to remote] DEBUG org.asynchttpclient.netty.request.NettyRequestSender - Using open Channel [id: 0x5f65588a, L:/127.0.0.1:65459 - R:localhost/127.0.0.1:46918] for POST '/session/d9521f72fd1661aa3da8bfadd7cd933e/element'
14:42:40.995 [AsyncHttpClient-1-1] DEBUG org.asynchttpclient.netty.channel.DefaultChannelPool - Entry count for : http://localhost:65460 : 1
14:42:41.011 [AsyncHttpClient-1-7] DEBUG org.asynchttpclient.netty.handler.HttpHandler - 

Request DefaultHttpRequest(decodeResult: success, version: HTTP/1.1)
POST /session/d9521f72fd1661aa3da8bfadd7cd933e/element HTTP/1.1
User-Agent: selenium/4.7.1 (java windows)
Content-Length: 105
Content-Type: application/json; charset=utf-8
host: localhost:46918
accept: */*

Response DefaultHttpResponse(decodeResult: success, version: HTTP/1.1)
HTTP/1.1 200 OK
Content-Type: application/json; charset=utf-8
cache-control: no-cache
content-length: 94

14:42:41.011 [AsyncHttpClient-1-7] DEBUG org.asynchttpclient.netty.channel.ChannelManager - Adding key: http://localhost:46918 for channel [id: 0x5f65588a, L:/127.0.0.1:65459 - R:localhost/127.0.0.1:46918]
14:42:41.011 [Forwarding getElementTagName on session d9521f72fd1661aa3da8bfadd7cd933e to remote] DEBUG org.asynchttpclient.netty.request.NettyRequestSender - Using pooled Channel '[id: 0x5f65588a, L:/127.0.0.1:65459 - R:localhost/127.0.0.1:46918]' for 'GET' to 'http://localhost:46918/session/d9521f72fd1661aa3da8bfadd7cd933e/element/48119BC04C0AA7B53F0AAD63E45512FB_element_5/name'
14:42:41.011 [Forwarding getElementTagName on session d9521f72fd1661aa3da8bfadd7cd933e to remote] DEBUG org.asynchttpclient.netty.request.NettyRequestSender - Using open Channel [id: 0x5f65588a, L:/127.0.0.1:65459 - R:localhost/127.0.0.1:46918] for GET '/session/d9521f72fd1661aa3da8bfadd7cd933e/element/48119BC04C0AA7B53F0AAD63E45512FB_element_5/name'
14:42:41.027 [AsyncHttpClient-1-7] DEBUG org.asynchttpclient.netty.handler.HttpHandler - 

Request DefaultFullHttpRequest(decodeResult: success, version: HTTP/1.1, content: EmptyByteBufBE)
GET /session/d9521f72fd1661aa3da8bfadd7cd933e/element/48119BC04C0AA7B53F0AAD63E45512FB_element_5/name HTTP/1.1
User-Agent: selenium/4.7.1 (java windows)
Cache-Control: no-cache
Content-Type: application/json; charset=utf-8
host: localhost:46918
accept: */*

Response DefaultHttpResponse(decodeResult: success, version: HTTP/1.1)
HTTP/1.1 200 OK
Content-Type: application/json; charset=utf-8
cache-control: no-cache
content-length: 17

14:42:41.027 [AsyncHttpClient-1-7] DEBUG org.asynchttpclient.netty.channel.ChannelManager - Adding key: http://localhost:46918 for channel [id: 0x5f65588a, L:/127.0.0.1:65459 - R:localhost/127.0.0.1:46918]
14:42:41.027 [Forwarding getElementTagName on session d9521f72fd1661aa3da8bfadd7cd933e to remote] DEBUG org.asynchttpclient.netty.request.NettyRequestSender - Using pooled Channel '[id: 0x5f65588a, L:/127.0.0.1:65459 - R:localhost/127.0.0.1:46918]' for 'GET' to 'http://localhost:46918/session/d9521f72fd1661aa3da8bfadd7cd933e/element/48119BC04C0AA7B53F0AAD63E45512FB_element_5/name'
14:42:41.027 [Forwarding getElementTagName on session d9521f72fd1661aa3da8bfadd7cd933e to remote] DEBUG org.asynchttpclient.netty.request.NettyRequestSender - Using open Channel [id: 0x5f65588a, L:/127.0.0.1:65459 - R:localhost/127.0.0.1:46918] for GET '/session/d9521f72fd1661aa3da8bfadd7cd933e/element/48119BC04C0AA7B53F0AAD63E45512FB_element_5/name'
14:42:41.043 [AsyncHttpClient-1-7] DEBUG org.asynchttpclient.netty.handler.HttpHandler - 

Request DefaultFullHttpRequest(decodeResult: success, version: HTTP/1.1, content: EmptyByteBufBE)
GET /session/d9521f72fd1661aa3da8bfadd7cd933e/element/48119BC04C0AA7B53F0AAD63E45512FB_element_5/name HTTP/1.1
User-Agent: selenium/4.7.1 (java windows)
Cache-Control: no-cache
Content-Type: application/json; charset=utf-8
host: localhost:46918
accept: */*

Response DefaultHttpResponse(decodeResult: success, version: HTTP/1.1)
HTTP/1.1 200 OK
Content-Type: application/json; charset=utf-8
cache-control: no-cache
content-length: 17

14:42:41.043 [AsyncHttpClient-1-7] DEBUG org.asynchttpclient.netty.channel.ChannelManager - Adding key: http://localhost:46918 for channel [id: 0x5f65588a, L:/127.0.0.1:65459 - R:localhost/127.0.0.1:46918]
14:42:41.043 [Forwarding isElementEnabled on session d9521f72fd1661aa3da8bfadd7cd933e to remote] DEBUG org.asynchttpclient.netty.request.NettyRequestSender - Using pooled Channel '[id: 0x5f65588a, L:/127.0.0.1:65459 - R:localhost/127.0.0.1:46918]' for 'GET' to 'http://localhost:46918/session/d9521f72fd1661aa3da8bfadd7cd933e/element/48119BC04C0AA7B53F0AAD63E45512FB_element_5/enabled'
14:42:41.043 [Forwarding isElementEnabled on session d9521f72fd1661aa3da8bfadd7cd933e to remote] DEBUG org.asynchttpclient.netty.request.NettyRequestSender - Using open Channel [id: 0x5f65588a, L:/127.0.0.1:65459 - R:localhost/127.0.0.1:46918] for GET '/session/d9521f72fd1661aa3da8bfadd7cd933e/element/48119BC04C0AA7B53F0AAD63E45512FB_element_5/enabled'
14:42:41.107 [AsyncHttpClient-1-7] DEBUG org.asynchttpclient.netty.handler.HttpHandler - 

Request DefaultFullHttpRequest(decodeResult: success, version: HTTP/1.1, content: EmptyByteBufBE)
GET /session/d9521f72fd1661aa3da8bfadd7cd933e/element/48119BC04C0AA7B53F0AAD63E45512FB_element_5/enabled HTTP/1.1
User-Agent: selenium/4.7.1 (java windows)
Cache-Control: no-cache
Content-Type: application/json; charset=utf-8
host: localhost:46918
accept: */*

Response DefaultHttpResponse(decodeResult: success, version: HTTP/1.1)
HTTP/1.1 200 OK
Content-Type: application/json; charset=utf-8
cache-control: no-cache
content-length: 14

14:42:41.115 [AsyncHttpClient-1-7] DEBUG org.asynchttpclient.netty.channel.ChannelManager - Adding key: http://localhost:46918 for channel [id: 0x5f65588a, L:/127.0.0.1:65459 - R:localhost/127.0.0.1:46918]
14:42:41.115 [Forwarding isElementEnabled on session d9521f72fd1661aa3da8bfadd7cd933e to remote] DEBUG org.asynchttpclient.netty.request.NettyRequestSender - Using pooled Channel '[id: 0x5f65588a, L:/127.0.0.1:65459 - R:localhost/127.0.0.1:46918]' for 'GET' to 'http://localhost:46918/session/d9521f72fd1661aa3da8bfadd7cd933e/element/48119BC04C0AA7B53F0AAD63E45512FB_element_5/enabled'
14:42:41.115 [Forwarding isElementEnabled on session d9521f72fd1661aa3da8bfadd7cd933e to remote] DEBUG org.asynchttpclient.netty.request.NettyRequestSender - Using open Channel [id: 0x5f65588a, L:/127.0.0.1:65459 - R:localhost/127.0.0.1:46918] for GET '/session/d9521f72fd1661aa3da8bfadd7cd933e/element/48119BC04C0AA7B53F0AAD63E45512FB_element_5/enabled'
14:42:41.123 [AsyncHttpClient-1-7] DEBUG org.asynchttpclient.netty.handler.HttpHandler - 

Request DefaultFullHttpRequest(decodeResult: success, version: HTTP/1.1, content: EmptyByteBufBE)
GET /session/d9521f72fd1661aa3da8bfadd7cd933e/element/48119BC04C0AA7B53F0AAD63E45512FB_element_5/enabled HTTP/1.1
User-Agent: selenium/4.7.1 (java windows)
Cache-Control: no-cache
Content-Type: application/json; charset=utf-8
host: localhost:46918
accept: */*

Response DefaultHttpResponse(decodeResult: success, version: HTTP/1.1)
HTTP/1.1 200 OK
Content-Type: application/json; charset=utf-8
cache-control: no-cache
content-length: 14

14:42:41.123 [AsyncHttpClient-1-7] DEBUG org.asynchttpclient.netty.channel.ChannelManager - Adding key: http://localhost:46918 for channel [id: 0x5f65588a, L:/127.0.0.1:65459 - R:localhost/127.0.0.1:46918]
14:42:41.123 [Forwarding findElement on session d9521f72fd1661aa3da8bfadd7cd933e to remote] DEBUG org.asynchttpclient.netty.request.NettyRequestSender - Using pooled Channel '[id: 0x5f65588a, L:/127.0.0.1:65459 - R:localhost/127.0.0.1:46918]' for 'POST' to 'http://localhost:46918/session/d9521f72fd1661aa3da8bfadd7cd933e/element'
14:42:41.123 [Forwarding findElement on session d9521f72fd1661aa3da8bfadd7cd933e to remote] DEBUG org.asynchttpclient.netty.request.NettyRequestSender - Using open Channel [id: 0x5f65588a, L:/127.0.0.1:65459 - R:localhost/127.0.0.1:46918] for POST '/session/d9521f72fd1661aa3da8bfadd7cd933e/element'
14:42:41.131 [AsyncHttpClient-1-7] DEBUG org.asynchttpclient.netty.handler.HttpHandler - 

Request DefaultHttpRequest(decodeResult: success, version: HTTP/1.1)
POST /session/d9521f72fd1661aa3da8bfadd7cd933e/element HTTP/1.1
User-Agent: selenium/4.7.1 (java windows)
Content-Length: 105
Content-Type: application/json; charset=utf-8
host: localhost:46918
accept: */*

Response DefaultHttpResponse(decodeResult: success, version: HTTP/1.1)
HTTP/1.1 200 OK
Content-Type: application/json; charset=utf-8
cache-control: no-cache
content-length: 94

14:42:41.131 [AsyncHttpClient-1-7] DEBUG org.asynchttpclient.netty.channel.ChannelManager - Adding key: http://localhost:46918 for channel [id: 0x5f65588a, L:/127.0.0.1:65459 - R:localhost/127.0.0.1:46918]
14:42:41.139 [Forwarding clickElement on session d9521f72fd1661aa3da8bfadd7cd933e to remote] DEBUG org.asynchttpclient.netty.request.NettyRequestSender - Using pooled Channel '[id: 0x5f65588a, L:/127.0.0.1:65459 - R:localhost/127.0.0.1:46918]' for 'POST' to 'http://localhost:46918/session/d9521f72fd1661aa3da8bfadd7cd933e/element/48119BC04C0AA7B53F0AAD63E45512FB_element_5/click'
14:42:41.139 [Forwarding clickElement on session d9521f72fd1661aa3da8bfadd7cd933e to remote] DEBUG org.asynchttpclient.netty.request.NettyRequestSender - Using open Channel [id: 0x5f65588a, L:/127.0.0.1:65459 - R:localhost/127.0.0.1:46918] for POST '/session/d9521f72fd1661aa3da8bfadd7cd933e/element/48119BC04C0AA7B53F0AAD63E45512FB_element_5/click'
14:42:41.199 [AsyncHttpClient-1-7] DEBUG org.asynchttpclient.netty.handler.HttpHandler - 

Request DefaultHttpRequest(decodeResult: success, version: HTTP/1.1)
POST /session/d9521f72fd1661aa3da8bfadd7cd933e/element/48119BC04C0AA7B53F0AAD63E45512FB_element_5/click HTTP/1.1
User-Agent: selenium/4.7.1 (java windows)
Content-Length: 56
Content-Type: application/json; charset=utf-8
host: localhost:46918
accept: */*

Response DefaultHttpResponse(decodeResult: success, version: HTTP/1.1)
HTTP/1.1 200 OK
Content-Type: application/json; charset=utf-8
cache-control: no-cache
content-length: 14

14:42:41.199 [AsyncHttpClient-1-7] DEBUG org.asynchttpclient.netty.channel.ChannelManager - Adding key: http://localhost:46918 for channel [id: 0x5f65588a, L:/127.0.0.1:65459 - R:localhost/127.0.0.1:46918]
14:42:41.207 [Forwarding findElement on session d9521f72fd1661aa3da8bfadd7cd933e to remote] DEBUG org.asynchttpclient.netty.request.NettyRequestSender - Using pooled Channel '[id: 0x5f65588a, L:/127.0.0.1:65459 - R:localhost/127.0.0.1:46918]' for 'POST' to 'http://localhost:46918/session/d9521f72fd1661aa3da8bfadd7cd933e/element'
14:42:41.207 [Forwarding findElement on session d9521f72fd1661aa3da8bfadd7cd933e to remote] DEBUG org.asynchttpclient.netty.request.NettyRequestSender - Using open Channel [id: 0x5f65588a, L:/127.0.0.1:65459 - R:localhost/127.0.0.1:46918] for POST '/session/d9521f72fd1661aa3da8bfadd7cd933e/element'
14:42:41.215 [AsyncHttpClient-1-7] DEBUG org.asynchttpclient.netty.handler.HttpHandler - 

Request DefaultHttpRequest(decodeResult: success, version: HTTP/1.1)
POST /session/d9521f72fd1661aa3da8bfadd7cd933e/element HTTP/1.1
User-Agent: selenium/4.7.1 (java windows)
Content-Length: 105
Content-Type: application/json; charset=utf-8
host: localhost:46918
accept: */*

Response DefaultHttpResponse(decodeResult: success, version: HTTP/1.1)
HTTP/1.1 200 OK
Content-Type: application/json; charset=utf-8
cache-control: no-cache
content-length: 94

14:42:41.215 [AsyncHttpClient-1-7] DEBUG org.asynchttpclient.netty.channel.ChannelManager - Adding key: http://localhost:46918 for channel [id: 0x5f65588a, L:/127.0.0.1:65459 - R:localhost/127.0.0.1:46918]
14:42:41.223 [Forwarding clearElement on session d9521f72fd1661aa3da8bfadd7cd933e to remote] DEBUG org.asynchttpclient.netty.request.NettyRequestSender - Using pooled Channel '[id: 0x5f65588a, L:/127.0.0.1:65459 - R:localhost/127.0.0.1:46918]' for 'POST' to 'http://localhost:46918/session/d9521f72fd1661aa3da8bfadd7cd933e/element/48119BC04C0AA7B53F0AAD63E45512FB_element_5/clear'
14:42:41.223 [Forwarding clearElement on session d9521f72fd1661aa3da8bfadd7cd933e to remote] DEBUG org.asynchttpclient.netty.request.NettyRequestSender - Using open Channel [id: 0x5f65588a, L:/127.0.0.1:65459 - R:localhost/127.0.0.1:46918] for POST '/session/d9521f72fd1661aa3da8bfadd7cd933e/element/48119BC04C0AA7B53F0AAD63E45512FB_element_5/clear'
14:42:41.271 [AsyncHttpClient-1-7] DEBUG org.asynchttpclient.netty.handler.HttpHandler - 

Request DefaultHttpRequest(decodeResult: success, version: HTTP/1.1)
POST /session/d9521f72fd1661aa3da8bfadd7cd933e/element/48119BC04C0AA7B53F0AAD63E45512FB_element_5/clear HTTP/1.1
User-Agent: selenium/4.7.1 (java windows)
Content-Length: 56
Content-Type: application/json; charset=utf-8
host: localhost:46918
accept: */*

Response DefaultHttpResponse(decodeResult: success, version: HTTP/1.1)
HTTP/1.1 200 OK
Content-Type: application/json; charset=utf-8
cache-control: no-cache
content-length: 14

14:42:41.271 [AsyncHttpClient-1-7] DEBUG org.asynchttpclient.netty.channel.ChannelManager - Adding key: http://localhost:46918 for channel [id: 0x5f65588a, L:/127.0.0.1:65459 - R:localhost/127.0.0.1:46918]
14:42:41.279 [Forwarding sendKeysToElement on session d9521f72fd1661aa3da8bfadd7cd933e to remote] DEBUG org.asynchttpclient.netty.request.NettyRequestSender - Using pooled Channel '[id: 0x5f65588a, L:/127.0.0.1:65459 - R:localhost/127.0.0.1:46918]' for 'POST' to 'http://localhost:46918/session/d9521f72fd1661aa3da8bfadd7cd933e/element/48119BC04C0AA7B53F0AAD63E45512FB_element_5/value'
14:42:41.279 [Forwarding sendKeysToElement on session d9521f72fd1661aa3da8bfadd7cd933e to remote] DEBUG org.asynchttpclient.netty.request.NettyRequestSender - Using open Channel [id: 0x5f65588a, L:/127.0.0.1:65459 - R:localhost/127.0.0.1:46918] for POST '/session/d9521f72fd1661aa3da8bfadd7cd933e/element/48119BC04C0AA7B53F0AAD63E45512FB_element_5/value'
14:42:41.351 [AsyncHttpClient-1-7] DEBUG org.asynchttpclient.netty.handler.HttpHandler - 

Request DefaultHttpRequest(decodeResult: success, version: HTTP/1.1)
POST /session/d9521f72fd1661aa3da8bfadd7cd933e/element/48119BC04C0AA7B53F0AAD63E45512FB_element_5/value HTTP/1.1
User-Agent: selenium/4.7.1 (java windows)
Content-Length: 187
Content-Type: application/json; charset=utf-8
host: localhost:46918
accept: */*

Response DefaultHttpResponse(decodeResult: success, version: HTTP/1.1)
HTTP/1.1 200 OK
Content-Type: application/json; charset=utf-8
cache-control: no-cache
content-length: 14

14:42:41.351 [AsyncHttpClient-1-7] DEBUG org.asynchttpclient.netty.channel.ChannelManager - Adding key: http://localhost:46918 for channel [id: 0x5f65588a, L:/127.0.0.1:65459 - R:localhost/127.0.0.1:46918]
14:42:41.367 [Forwarding getCurrentWindowHandle on session d9521f72fd1661aa3da8bfadd7cd933e to remote] DEBUG org.asynchttpclient.netty.request.NettyRequestSender - Using pooled Channel '[id: 0x5f65588a, L:/127.0.0.1:65459 - R:localhost/127.0.0.1:46918]' for 'GET' to 'http://localhost:46918/session/d9521f72fd1661aa3da8bfadd7cd933e/window'
14:42:41.367 [Forwarding getCurrentWindowHandle on session d9521f72fd1661aa3da8bfadd7cd933e to remote] DEBUG org.asynchttpclient.netty.request.NettyRequestSender - Using open Channel [id: 0x5f65588a, L:/127.0.0.1:65459 - R:localhost/127.0.0.1:46918] for GET '/session/d9521f72fd1661aa3da8bfadd7cd933e/window'
14:42:41.367 [AsyncHttpClient-1-7] DEBUG org.asynchttpclient.netty.handler.HttpHandler - 

Request DefaultFullHttpRequest(decodeResult: success, version: HTTP/1.1, content: EmptyByteBufBE)
GET /session/d9521f72fd1661aa3da8bfadd7cd933e/window HTTP/1.1
User-Agent: selenium/4.7.1 (java windows)
Cache-Control: no-cache
Content-Type: application/json; charset=utf-8
host: localhost:46918
accept: */*

Response DefaultHttpResponse(decodeResult: success, version: HTTP/1.1)
HTTP/1.1 200 OK
Content-Type: application/json; charset=utf-8
cache-control: no-cache
content-length: 44

14:42:41.367 [AsyncHttpClient-1-7] DEBUG org.asynchttpclient.netty.channel.ChannelManager - Adding key: http://localhost:46918 for channel [id: 0x5f65588a, L:/127.0.0.1:65459 - R:localhost/127.0.0.1:46918]
14:42:41.367 [Forwarding getAlertText on session d9521f72fd1661aa3da8bfadd7cd933e to remote] DEBUG org.asynchttpclient.netty.request.NettyRequestSender - Using pooled Channel '[id: 0x5f65588a, L:/127.0.0.1:65459 - R:localhost/127.0.0.1:46918]' for 'GET' to 'http://localhost:46918/session/d9521f72fd1661aa3da8bfadd7cd933e/alert/text'
14:42:41.367 [Forwarding getAlertText on session d9521f72fd1661aa3da8bfadd7cd933e to remote] DEBUG org.asynchttpclient.netty.request.NettyRequestSender - Using open Channel [id: 0x5f65588a, L:/127.0.0.1:65459 - R:localhost/127.0.0.1:46918] for GET '/session/d9521f72fd1661aa3da8bfadd7cd933e/alert/text'
14:42:41.367 [AsyncHttpClient-1-7] DEBUG org.asynchttpclient.netty.handler.HttpHandler - 

Request DefaultFullHttpRequest(decodeResult: success, version: HTTP/1.1, content: EmptyByteBufBE)
GET /session/d9521f72fd1661aa3da8bfadd7cd933e/alert/text HTTP/1.1
User-Agent: selenium/4.7.1 (java windows)
Cache-Control: no-cache
Content-Type: application/json; charset=utf-8
host: localhost:46918
accept: */*

Response DefaultHttpResponse(decodeResult: success, version: HTTP/1.1)
HTTP/1.1 404 Not Found
Content-Type: application/json; charset=utf-8
cache-control: no-cache
content-length: 821

14:42:41.367 [AsyncHttpClient-1-7] DEBUG org.asynchttpclient.netty.channel.ChannelManager - Adding key: http://localhost:46918 for channel [id: 0x5f65588a, L:/127.0.0.1:65459 - R:localhost/127.0.0.1:46918]
14:42:41.375 [Forwarding switchToWindow on session d9521f72fd1661aa3da8bfadd7cd933e to remote] DEBUG org.asynchttpclient.netty.request.NettyRequestSender - Using pooled Channel '[id: 0x5f65588a, L:/127.0.0.1:65459 - R:localhost/127.0.0.1:46918]' for 'POST' to 'http://localhost:46918/session/d9521f72fd1661aa3da8bfadd7cd933e/window'
14:42:41.375 [Forwarding switchToWindow on session d9521f72fd1661aa3da8bfadd7cd933e to remote] DEBUG org.asynchttpclient.netty.request.NettyRequestSender - Using open Channel [id: 0x5f65588a, L:/127.0.0.1:65459 - R:localhost/127.0.0.1:46918] for POST '/session/d9521f72fd1661aa3da8bfadd7cd933e/window'
14:42:41.375 [AsyncHttpClient-1-7] DEBUG org.asynchttpclient.netty.handler.HttpHandler - 

Request DefaultHttpRequest(decodeResult: success, version: HTTP/1.1)
POST /session/d9521f72fd1661aa3da8bfadd7cd933e/window HTTP/1.1
User-Agent: selenium/4.7.1 (java windows)
Content-Length: 50
Content-Type: application/json; charset=utf-8
host: localhost:46918
accept: */*

Response DefaultHttpResponse(decodeResult: success, version: HTTP/1.1)
HTTP/1.1 200 OK
Content-Type: application/json; charset=utf-8
cache-control: no-cache
content-length: 14

14:42:41.375 [AsyncHttpClient-1-7] DEBUG org.asynchttpclient.netty.channel.ChannelManager - Adding key: http://localhost:46918 for channel [id: 0x5f65588a, L:/127.0.0.1:65459 - R:localhost/127.0.0.1:46918]
14:42:41.375 [Forwarding getCurrentUrl on session d9521f72fd1661aa3da8bfadd7cd933e to remote] DEBUG org.asynchttpclient.netty.request.NettyRequestSender - Using pooled Channel '[id: 0x5f65588a, L:/127.0.0.1:65459 - R:localhost/127.0.0.1:46918]' for 'GET' to 'http://localhost:46918/session/d9521f72fd1661aa3da8bfadd7cd933e/url'
14:42:41.375 [Forwarding getCurrentUrl on session d9521f72fd1661aa3da8bfadd7cd933e to remote] DEBUG org.asynchttpclient.netty.request.NettyRequestSender - Using open Channel [id: 0x5f65588a, L:/127.0.0.1:65459 - R:localhost/127.0.0.1:46918] for GET '/session/d9521f72fd1661aa3da8bfadd7cd933e/url'
14:42:41.383 [AsyncHttpClient-1-7] DEBUG org.asynchttpclient.netty.handler.HttpHandler - 

Request DefaultFullHttpRequest(decodeResult: success, version: HTTP/1.1, content: EmptyByteBufBE)
GET /session/d9521f72fd1661aa3da8bfadd7cd933e/url HTTP/1.1
User-Agent: selenium/4.7.1 (java windows)
Cache-Control: no-cache
Content-Type: application/json; charset=utf-8
host: localhost:46918
accept: */*

Response DefaultHttpResponse(decodeResult: success, version: HTTP/1.1)
HTTP/1.1 200 OK
Content-Type: application/json; charset=utf-8
cache-control: no-cache
content-length: 51

14:42:41.383 [AsyncHttpClient-1-7] DEBUG org.asynchttpclient.netty.channel.ChannelManager - Adding key: http://localhost:46918 for channel [id: 0x5f65588a, L:/127.0.0.1:65459 - R:localhost/127.0.0.1:46918]
14:42:41.383 [Forwarding screenshot on session d9521f72fd1661aa3da8bfadd7cd933e to remote] DEBUG org.asynchttpclient.netty.request.NettyRequestSender - Using pooled Channel '[id: 0x5f65588a, L:/127.0.0.1:65459 - R:localhost/127.0.0.1:46918]' for 'GET' to 'http://localhost:46918/session/d9521f72fd1661aa3da8bfadd7cd933e/screenshot'
14:42:41.383 [Forwarding screenshot on session d9521f72fd1661aa3da8bfadd7cd933e to remote] DEBUG org.asynchttpclient.netty.request.NettyRequestSender - Using open Channel [id: 0x5f65588a, L:/127.0.0.1:65459 - R:localhost/127.0.0.1:46918] for GET '/session/d9521f72fd1661aa3da8bfadd7cd933e/screenshot'
14:42:41.592 [AsyncHttpClient-1-7] DEBUG org.asynchttpclient.netty.handler.HttpHandler - 

Request DefaultFullHttpRequest(decodeResult: success, version: HTTP/1.1, content: EmptyByteBufBE)
GET /session/d9521f72fd1661aa3da8bfadd7cd933e/screenshot HTTP/1.1
User-Agent: selenium/4.7.1 (java windows)
Cache-Control: no-cache
Content-Type: application/json; charset=utf-8
host: localhost:46918
accept: */*

Response DefaultHttpResponse(decodeResult: success, version: HTTP/1.1)
HTTP/1.1 200 OK
Content-Type: application/json; charset=utf-8
cache-control: no-cache
content-length: 192088

14:42:41.600 [AsyncHttpClient-1-7] DEBUG org.asynchttpclient.netty.channel.ChannelManager - Adding key: http://localhost:46918 for channel [id: 0x5f65588a, L:/127.0.0.1:65459 - R:localhost/127.0.0.1:46918]
14:42:41.608 [main] DEBUG net.serenitybdd.core.photography.Darkroom - Send negative for processing for target\site\serenity\9942ca6d24dff34b536a4faa679ac08af8c23abb3cbd7c6ff6d1c57c3c7dd528.png
14:42:41.608 [main] DEBUG net.thucydides.core.steps.StepInterceptor - STEP DONE: inputfieldpassword
14:42:41.608 [main] DEBUG net.thucydides.core.steps.StepInterceptor - STARTING STEP: TransaksiSteps.adminMelakukanLoginAkun - klikbuttonmasuk
14:42:41.616 [Forwarding findElement on session d9521f72fd1661aa3da8bfadd7cd933e to remote] DEBUG org.asynchttpclient.netty.request.NettyRequestSender - Using pooled Channel '[id: 0x5f65588a, L:/127.0.0.1:65459 - R:localhost/127.0.0.1:46918]' for 'POST' to 'http://localhost:46918/session/d9521f72fd1661aa3da8bfadd7cd933e/element'
14:42:41.616 [Forwarding findElement on session d9521f72fd1661aa3da8bfadd7cd933e to remote] DEBUG org.asynchttpclient.netty.request.NettyRequestSender - Using open Channel [id: 0x5f65588a, L:/127.0.0.1:65459 - R:localhost/127.0.0.1:46918] for POST '/session/d9521f72fd1661aa3da8bfadd7cd933e/element'
14:42:41.640 [AsyncHttpClient-1-7] DEBUG org.asynchttpclient.netty.handler.HttpHandler - 

Request DefaultHttpRequest(decodeResult: success, version: HTTP/1.1)
POST /session/d9521f72fd1661aa3da8bfadd7cd933e/element HTTP/1.1
User-Agent: selenium/4.7.1 (java windows)
Content-Length: 113
Content-Type: application/json; charset=utf-8
host: localhost:46918
accept: */*

Response DefaultHttpResponse(decodeResult: success, version: HTTP/1.1)
HTTP/1.1 200 OK
Content-Type: application/json; charset=utf-8
cache-control: no-cache
content-length: 94

14:42:41.640 [AsyncHttpClient-1-7] DEBUG org.asynchttpclient.netty.channel.ChannelManager - Adding key: http://localhost:46918 for channel [id: 0x5f65588a, L:/127.0.0.1:65459 - R:localhost/127.0.0.1:46918]
14:42:41.640 [Forwarding getElementTagName on session d9521f72fd1661aa3da8bfadd7cd933e to remote] DEBUG org.asynchttpclient.netty.request.NettyRequestSender - Using pooled Channel '[id: 0x5f65588a, L:/127.0.0.1:65459 - R:localhost/127.0.0.1:46918]' for 'GET' to 'http://localhost:46918/session/d9521f72fd1661aa3da8bfadd7cd933e/element/48119BC04C0AA7B53F0AAD63E45512FB_element_8/name'
14:42:41.640 [Forwarding getElementTagName on session d9521f72fd1661aa3da8bfadd7cd933e to remote] DEBUG org.asynchttpclient.netty.request.NettyRequestSender - Using open Channel [id: 0x5f65588a, L:/127.0.0.1:65459 - R:localhost/127.0.0.1:46918] for GET '/session/d9521f72fd1661aa3da8bfadd7cd933e/element/48119BC04C0AA7B53F0AAD63E45512FB_element_8/name'
14:42:41.648 [AsyncHttpClient-1-7] DEBUG org.asynchttpclient.netty.handler.HttpHandler - 

Request DefaultFullHttpRequest(decodeResult: success, version: HTTP/1.1, content: EmptyByteBufBE)
GET /session/d9521f72fd1661aa3da8bfadd7cd933e/element/48119BC04C0AA7B53F0AAD63E45512FB_element_8/name HTTP/1.1
User-Agent: selenium/4.7.1 (java windows)
Cache-Control: no-cache
Content-Type: application/json; charset=utf-8
host: localhost:46918
accept: */*

Response DefaultHttpResponse(decodeResult: success, version: HTTP/1.1)
HTTP/1.1 200 OK
Content-Type: application/json; charset=utf-8
cache-control: no-cache
content-length: 18

14:42:41.648 [AsyncHttpClient-1-7] DEBUG org.asynchttpclient.netty.channel.ChannelManager - Adding key: http://localhost:46918 for channel [id: 0x5f65588a, L:/127.0.0.1:65459 - R:localhost/127.0.0.1:46918]
14:42:41.648 [Forwarding getElementTagName on session d9521f72fd1661aa3da8bfadd7cd933e to remote] DEBUG org.asynchttpclient.netty.request.NettyRequestSender - Using pooled Channel '[id: 0x5f65588a, L:/127.0.0.1:65459 - R:localhost/127.0.0.1:46918]' for 'GET' to 'http://localhost:46918/session/d9521f72fd1661aa3da8bfadd7cd933e/element/48119BC04C0AA7B53F0AAD63E45512FB_element_8/name'
14:42:41.648 [Forwarding getElementTagName on session d9521f72fd1661aa3da8bfadd7cd933e to remote] DEBUG org.asynchttpclient.netty.request.NettyRequestSender - Using open Channel [id: 0x5f65588a, L:/127.0.0.1:65459 - R:localhost/127.0.0.1:46918] for GET '/session/d9521f72fd1661aa3da8bfadd7cd933e/element/48119BC04C0AA7B53F0AAD63E45512FB_element_8/name'
14:42:41.656 [AsyncHttpClient-1-7] DEBUG org.asynchttpclient.netty.handler.HttpHandler - 

Request DefaultFullHttpRequest(decodeResult: success, version: HTTP/1.1, content: EmptyByteBufBE)
GET /session/d9521f72fd1661aa3da8bfadd7cd933e/element/48119BC04C0AA7B53F0AAD63E45512FB_element_8/name HTTP/1.1
User-Agent: selenium/4.7.1 (java windows)
Cache-Control: no-cache
Content-Type: application/json; charset=utf-8
host: localhost:46918
accept: */*

Response DefaultHttpResponse(decodeResult: success, version: HTTP/1.1)
HTTP/1.1 200 OK
Content-Type: application/json; charset=utf-8
cache-control: no-cache
content-length: 18

14:42:41.656 [AsyncHttpClient-1-7] DEBUG org.asynchttpclient.netty.channel.ChannelManager - Adding key: http://localhost:46918 for channel [id: 0x5f65588a, L:/127.0.0.1:65459 - R:localhost/127.0.0.1:46918]
14:42:41.664 [Forwarding isElementEnabled on session d9521f72fd1661aa3da8bfadd7cd933e to remote] DEBUG org.asynchttpclient.netty.request.NettyRequestSender - Using pooled Channel '[id: 0x5f65588a, L:/127.0.0.1:65459 - R:localhost/127.0.0.1:46918]' for 'GET' to 'http://localhost:46918/session/d9521f72fd1661aa3da8bfadd7cd933e/element/48119BC04C0AA7B53F0AAD63E45512FB_element_8/enabled'
14:42:41.664 [Forwarding isElementEnabled on session d9521f72fd1661aa3da8bfadd7cd933e to remote] DEBUG org.asynchttpclient.netty.request.NettyRequestSender - Using open Channel [id: 0x5f65588a, L:/127.0.0.1:65459 - R:localhost/127.0.0.1:46918] for GET '/session/d9521f72fd1661aa3da8bfadd7cd933e/element/48119BC04C0AA7B53F0AAD63E45512FB_element_8/enabled'
14:42:41.680 [AsyncHttpClient-1-7] DEBUG org.asynchttpclient.netty.handler.HttpHandler - 

Request DefaultFullHttpRequest(decodeResult: success, version: HTTP/1.1, content: EmptyByteBufBE)
GET /session/d9521f72fd1661aa3da8bfadd7cd933e/element/48119BC04C0AA7B53F0AAD63E45512FB_element_8/enabled HTTP/1.1
User-Agent: selenium/4.7.1 (java windows)
Cache-Control: no-cache
Content-Type: application/json; charset=utf-8
host: localhost:46918
accept: */*

Response DefaultHttpResponse(decodeResult: success, version: HTTP/1.1)
HTTP/1.1 200 OK
Content-Type: application/json; charset=utf-8
cache-control: no-cache
content-length: 14

14:42:41.680 [AsyncHttpClient-1-7] DEBUG org.asynchttpclient.netty.channel.ChannelManager - Adding key: http://localhost:46918 for channel [id: 0x5f65588a, L:/127.0.0.1:65459 - R:localhost/127.0.0.1:46918]
14:42:41.680 [Forwarding isElementEnabled on session d9521f72fd1661aa3da8bfadd7cd933e to remote] DEBUG org.asynchttpclient.netty.request.NettyRequestSender - Using pooled Channel '[id: 0x5f65588a, L:/127.0.0.1:65459 - R:localhost/127.0.0.1:46918]' for 'GET' to 'http://localhost:46918/session/d9521f72fd1661aa3da8bfadd7cd933e/element/48119BC04C0AA7B53F0AAD63E45512FB_element_8/enabled'
14:42:41.680 [Forwarding isElementEnabled on session d9521f72fd1661aa3da8bfadd7cd933e to remote] DEBUG org.asynchttpclient.netty.request.NettyRequestSender - Using open Channel [id: 0x5f65588a, L:/127.0.0.1:65459 - R:localhost/127.0.0.1:46918] for GET '/session/d9521f72fd1661aa3da8bfadd7cd933e/element/48119BC04C0AA7B53F0AAD63E45512FB_element_8/enabled'
14:42:41.691 [AsyncHttpClient-1-7] DEBUG org.asynchttpclient.netty.handler.HttpHandler - 

Request DefaultFullHttpRequest(decodeResult: success, version: HTTP/1.1, content: EmptyByteBufBE)
GET /session/d9521f72fd1661aa3da8bfadd7cd933e/element/48119BC04C0AA7B53F0AAD63E45512FB_element_8/enabled HTTP/1.1
User-Agent: selenium/4.7.1 (java windows)
Cache-Control: no-cache
Content-Type: application/json; charset=utf-8
host: localhost:46918
accept: */*

Response DefaultHttpResponse(decodeResult: success, version: HTTP/1.1)
HTTP/1.1 200 OK
Content-Type: application/json; charset=utf-8
cache-control: no-cache
content-length: 14

14:42:41.691 [AsyncHttpClient-1-7] DEBUG org.asynchttpclient.netty.channel.ChannelManager - Adding key: http://localhost:46918 for channel [id: 0x5f65588a, L:/127.0.0.1:65459 - R:localhost/127.0.0.1:46918]
14:42:41.699 [Forwarding findElement on session d9521f72fd1661aa3da8bfadd7cd933e to remote] DEBUG org.asynchttpclient.netty.request.NettyRequestSender - Using pooled Channel '[id: 0x5f65588a, L:/127.0.0.1:65459 - R:localhost/127.0.0.1:46918]' for 'POST' to 'http://localhost:46918/session/d9521f72fd1661aa3da8bfadd7cd933e/element'
14:42:41.699 [Forwarding findElement on session d9521f72fd1661aa3da8bfadd7cd933e to remote] DEBUG org.asynchttpclient.netty.request.NettyRequestSender - Using open Channel [id: 0x5f65588a, L:/127.0.0.1:65459 - R:localhost/127.0.0.1:46918] for POST '/session/d9521f72fd1661aa3da8bfadd7cd933e/element'
14:42:41.714 [AsyncHttpClient-1-7] DEBUG org.asynchttpclient.netty.handler.HttpHandler - 

Request DefaultHttpRequest(decodeResult: success, version: HTTP/1.1)
POST /session/d9521f72fd1661aa3da8bfadd7cd933e/element HTTP/1.1
User-Agent: selenium/4.7.1 (java windows)
Content-Length: 113
Content-Type: application/json; charset=utf-8
host: localhost:46918
accept: */*

Response DefaultHttpResponse(decodeResult: success, version: HTTP/1.1)
HTTP/1.1 200 OK
Content-Type: application/json; charset=utf-8
cache-control: no-cache
content-length: 94

14:42:41.714 [AsyncHttpClient-1-7] DEBUG org.asynchttpclient.netty.channel.ChannelManager - Adding key: http://localhost:46918 for channel [id: 0x5f65588a, L:/127.0.0.1:65459 - R:localhost/127.0.0.1:46918]
14:42:41.714 [Forwarding clickElement on session d9521f72fd1661aa3da8bfadd7cd933e to remote] DEBUG org.asynchttpclient.netty.request.NettyRequestSender - Using pooled Channel '[id: 0x5f65588a, L:/127.0.0.1:65459 - R:localhost/127.0.0.1:46918]' for 'POST' to 'http://localhost:46918/session/d9521f72fd1661aa3da8bfadd7cd933e/element/48119BC04C0AA7B53F0AAD63E45512FB_element_8/click'
14:42:41.714 [Forwarding clickElement on session d9521f72fd1661aa3da8bfadd7cd933e to remote] DEBUG org.asynchttpclient.netty.request.NettyRequestSender - Using open Channel [id: 0x5f65588a, L:/127.0.0.1:65459 - R:localhost/127.0.0.1:46918] for POST '/session/d9521f72fd1661aa3da8bfadd7cd933e/element/48119BC04C0AA7B53F0AAD63E45512FB_element_8/click'
14:42:41.794 [AsyncHttpClient-1-7] DEBUG org.asynchttpclient.netty.handler.HttpHandler - 

Request DefaultHttpRequest(decodeResult: success, version: HTTP/1.1)
POST /session/d9521f72fd1661aa3da8bfadd7cd933e/element/48119BC04C0AA7B53F0AAD63E45512FB_element_8/click HTTP/1.1
User-Agent: selenium/4.7.1 (java windows)
Content-Length: 56
Content-Type: application/json; charset=utf-8
host: localhost:46918
accept: */*

Response DefaultHttpResponse(decodeResult: success, version: HTTP/1.1)
HTTP/1.1 200 OK
Content-Type: application/json; charset=utf-8
cache-control: no-cache
content-length: 14

14:42:41.802 [AsyncHttpClient-1-7] DEBUG org.asynchttpclient.netty.channel.ChannelManager - Adding key: http://localhost:46918 for channel [id: 0x5f65588a, L:/127.0.0.1:65459 - R:localhost/127.0.0.1:46918]
14:42:41.810 [Forwarding getCurrentWindowHandle on session d9521f72fd1661aa3da8bfadd7cd933e to remote] DEBUG org.asynchttpclient.netty.request.NettyRequestSender - Using pooled Channel '[id: 0x5f65588a, L:/127.0.0.1:65459 - R:localhost/127.0.0.1:46918]' for 'GET' to 'http://localhost:46918/session/d9521f72fd1661aa3da8bfadd7cd933e/window'
14:42:41.810 [Forwarding getCurrentWindowHandle on session d9521f72fd1661aa3da8bfadd7cd933e to remote] DEBUG org.asynchttpclient.netty.request.NettyRequestSender - Using open Channel [id: 0x5f65588a, L:/127.0.0.1:65459 - R:localhost/127.0.0.1:46918] for GET '/session/d9521f72fd1661aa3da8bfadd7cd933e/window'
14:42:41.810 [AsyncHttpClient-1-7] DEBUG org.asynchttpclient.netty.handler.HttpHandler - 

Request DefaultFullHttpRequest(decodeResult: success, version: HTTP/1.1, content: EmptyByteBufBE)
GET /session/d9521f72fd1661aa3da8bfadd7cd933e/window HTTP/1.1
User-Agent: selenium/4.7.1 (java windows)
Cache-Control: no-cache
Content-Type: application/json; charset=utf-8
host: localhost:46918
accept: */*

Response DefaultHttpResponse(decodeResult: success, version: HTTP/1.1)
HTTP/1.1 200 OK
Content-Type: application/json; charset=utf-8
cache-control: no-cache
content-length: 44

14:42:41.810 [AsyncHttpClient-1-7] DEBUG org.asynchttpclient.netty.channel.ChannelManager - Adding key: http://localhost:46918 for channel [id: 0x5f65588a, L:/127.0.0.1:65459 - R:localhost/127.0.0.1:46918]
14:42:41.810 [Forwarding getAlertText on session d9521f72fd1661aa3da8bfadd7cd933e to remote] DEBUG org.asynchttpclient.netty.request.NettyRequestSender - Using pooled Channel '[id: 0x5f65588a, L:/127.0.0.1:65459 - R:localhost/127.0.0.1:46918]' for 'GET' to 'http://localhost:46918/session/d9521f72fd1661aa3da8bfadd7cd933e/alert/text'
14:42:41.810 [Forwarding getAlertText on session d9521f72fd1661aa3da8bfadd7cd933e to remote] DEBUG org.asynchttpclient.netty.request.NettyRequestSender - Using open Channel [id: 0x5f65588a, L:/127.0.0.1:65459 - R:localhost/127.0.0.1:46918] for GET '/session/d9521f72fd1661aa3da8bfadd7cd933e/alert/text'
14:42:41.818 [AsyncHttpClient-1-7] DEBUG org.asynchttpclient.netty.handler.HttpHandler - 

Request DefaultFullHttpRequest(decodeResult: success, version: HTTP/1.1, content: EmptyByteBufBE)
GET /session/d9521f72fd1661aa3da8bfadd7cd933e/alert/text HTTP/1.1
User-Agent: selenium/4.7.1 (java windows)
Cache-Control: no-cache
Content-Type: application/json; charset=utf-8
host: localhost:46918
accept: */*

Response DefaultHttpResponse(decodeResult: success, version: HTTP/1.1)
HTTP/1.1 404 Not Found
Content-Type: application/json; charset=utf-8
cache-control: no-cache
content-length: 821

14:42:41.818 [AsyncHttpClient-1-7] DEBUG org.asynchttpclient.netty.channel.ChannelManager - Adding key: http://localhost:46918 for channel [id: 0x5f65588a, L:/127.0.0.1:65459 - R:localhost/127.0.0.1:46918]
14:42:41.818 [Forwarding switchToWindow on session d9521f72fd1661aa3da8bfadd7cd933e to remote] DEBUG org.asynchttpclient.netty.request.NettyRequestSender - Using pooled Channel '[id: 0x5f65588a, L:/127.0.0.1:65459 - R:localhost/127.0.0.1:46918]' for 'POST' to 'http://localhost:46918/session/d9521f72fd1661aa3da8bfadd7cd933e/window'
14:42:41.818 [Forwarding switchToWindow on session d9521f72fd1661aa3da8bfadd7cd933e to remote] DEBUG org.asynchttpclient.netty.request.NettyRequestSender - Using open Channel [id: 0x5f65588a, L:/127.0.0.1:65459 - R:localhost/127.0.0.1:46918] for POST '/session/d9521f72fd1661aa3da8bfadd7cd933e/window'
14:42:41.826 [AsyncHttpClient-1-7] DEBUG org.asynchttpclient.netty.handler.HttpHandler - 

Request DefaultHttpRequest(decodeResult: success, version: HTTP/1.1)
POST /session/d9521f72fd1661aa3da8bfadd7cd933e/window HTTP/1.1
User-Agent: selenium/4.7.1 (java windows)
Content-Length: 50
Content-Type: application/json; charset=utf-8
host: localhost:46918
accept: */*

Response DefaultHttpResponse(decodeResult: success, version: HTTP/1.1)
HTTP/1.1 200 OK
Content-Type: application/json; charset=utf-8
cache-control: no-cache
content-length: 14

14:42:41.826 [AsyncHttpClient-1-7] DEBUG org.asynchttpclient.netty.channel.ChannelManager - Adding key: http://localhost:46918 for channel [id: 0x5f65588a, L:/127.0.0.1:65459 - R:localhost/127.0.0.1:46918]
14:42:41.826 [Forwarding getCurrentUrl on session d9521f72fd1661aa3da8bfadd7cd933e to remote] DEBUG org.asynchttpclient.netty.request.NettyRequestSender - Using pooled Channel '[id: 0x5f65588a, L:/127.0.0.1:65459 - R:localhost/127.0.0.1:46918]' for 'GET' to 'http://localhost:46918/session/d9521f72fd1661aa3da8bfadd7cd933e/url'
14:42:41.826 [Forwarding getCurrentUrl on session d9521f72fd1661aa3da8bfadd7cd933e to remote] DEBUG org.asynchttpclient.netty.request.NettyRequestSender - Using open Channel [id: 0x5f65588a, L:/127.0.0.1:65459 - R:localhost/127.0.0.1:46918] for GET '/session/d9521f72fd1661aa3da8bfadd7cd933e/url'
14:42:41.835 [AsyncHttpClient-1-7] DEBUG org.asynchttpclient.netty.handler.HttpHandler - 

Request DefaultFullHttpRequest(decodeResult: success, version: HTTP/1.1, content: EmptyByteBufBE)
GET /session/d9521f72fd1661aa3da8bfadd7cd933e/url HTTP/1.1
User-Agent: selenium/4.7.1 (java windows)
Cache-Control: no-cache
Content-Type: application/json; charset=utf-8
host: localhost:46918
accept: */*

Response DefaultHttpResponse(decodeResult: success, version: HTTP/1.1)
HTTP/1.1 200 OK
Content-Type: application/json; charset=utf-8
cache-control: no-cache
content-length: 51

14:42:41.835 [AsyncHttpClient-1-7] DEBUG org.asynchttpclient.netty.channel.ChannelManager - Adding key: http://localhost:46918 for channel [id: 0x5f65588a, L:/127.0.0.1:65459 - R:localhost/127.0.0.1:46918]
14:42:41.843 [Forwarding screenshot on session d9521f72fd1661aa3da8bfadd7cd933e to remote] DEBUG org.asynchttpclient.netty.request.NettyRequestSender - Using pooled Channel '[id: 0x5f65588a, L:/127.0.0.1:65459 - R:localhost/127.0.0.1:46918]' for 'GET' to 'http://localhost:46918/session/d9521f72fd1661aa3da8bfadd7cd933e/screenshot'
14:42:41.843 [Forwarding screenshot on session d9521f72fd1661aa3da8bfadd7cd933e to remote] DEBUG org.asynchttpclient.netty.request.NettyRequestSender - Using open Channel [id: 0x5f65588a, L:/127.0.0.1:65459 - R:localhost/127.0.0.1:46918] for GET '/session/d9521f72fd1661aa3da8bfadd7cd933e/screenshot'
14:42:42.091 [AsyncHttpClient-1-1] DEBUG org.asynchttpclient.netty.channel.DefaultChannelPool - Entry count for : http://localhost:65460 : 1
14:42:42.099 [AsyncHttpClient-1-7] DEBUG org.asynchttpclient.netty.handler.HttpHandler - 

Request DefaultFullHttpRequest(decodeResult: success, version: HTTP/1.1, content: EmptyByteBufBE)
GET /session/d9521f72fd1661aa3da8bfadd7cd933e/screenshot HTTP/1.1
User-Agent: selenium/4.7.1 (java windows)
Cache-Control: no-cache
Content-Type: application/json; charset=utf-8
host: localhost:46918
accept: */*

Response DefaultHttpResponse(decodeResult: success, version: HTTP/1.1)
HTTP/1.1 200 OK
Content-Type: application/json; charset=utf-8
cache-control: no-cache
content-length: 191872

14:42:42.099 [AsyncHttpClient-1-7] DEBUG org.asynchttpclient.netty.channel.ChannelManager - Adding key: http://localhost:46918 for channel [id: 0x5f65588a, L:/127.0.0.1:65459 - R:localhost/127.0.0.1:46918]
14:42:42.107 [main] DEBUG net.serenitybdd.core.photography.Darkroom - Send negative for processing for target\site\serenity\c23e6261f22a306f4fe1dc215c61685c306fe9b3aa29e9cc817b11d0bf3d6268.png
14:42:42.107 [main] DEBUG net.thucydides.core.steps.StepInterceptor - STEP DONE: klikbuttonmasuk
14:42:42.107 [Darkroom Processing Line] DEBUG net.serenitybdd.core.photography.DarkroomProcessingLine - Processing screenshot image in /var/screenshots/screenshot-3723223249138923203
14:42:42.107 [Darkroom Processing Line] DEBUG net.serenitybdd.core.photography.DarkroomProcessingLine - Saving screenshot to target\site\serenity\c23e6261f22a306f4fe1dc215c61685c306fe9b3aa29e9cc817b11d0bf3d6268.png
  &amp#27;[32mGiven &amp#27;[0m&amp#27;[32mAdmin melakukan login akun&amp#27;[0m                                                        &amp#27;[90m# starter.stepdefinitions.TransaksiSteps.adminMelakukanLoginAkun()&amp#27;[0m
14:42:42.131 [main] DEBUG net.thucydides.core.steps.StepInterceptor - STARTING STEP: PDAMSteps.padaBerandaAdminKlikLayanan - klikmenulayanan
14:42:42.139 [Forwarding findElement on session d9521f72fd1661aa3da8bfadd7cd933e to remote] DEBUG org.asynchttpclient.netty.request.NettyRequestSender - Using pooled Channel '[id: 0x5f65588a, L:/127.0.0.1:65459 - R:localhost/127.0.0.1:46918]' for 'POST' to 'http://localhost:46918/session/d9521f72fd1661aa3da8bfadd7cd933e/element'
14:42:42.139 [Forwarding findElement on session d9521f72fd1661aa3da8bfadd7cd933e to remote] DEBUG org.asynchttpclient.netty.request.NettyRequestSender - Using open Channel [id: 0x5f65588a, L:/127.0.0.1:65459 - R:localhost/127.0.0.1:46918] for POST '/session/d9521f72fd1661aa3da8bfadd7cd933e/element'
14:42:43.190 [AsyncHttpClient-1-1] DEBUG org.asynchttpclient.netty.channel.DefaultChannelPool - Entry count for : http://localhost:65460 : 1
14:42:43.275 [AsyncHttpClient-1-7] DEBUG org.asynchttpclient.netty.handler.HttpHandler - 

Request DefaultHttpRequest(decodeResult: success, version: HTTP/1.1)
POST /session/d9521f72fd1661aa3da8bfadd7cd933e/element HTTP/1.1
User-Agent: selenium/4.7.1 (java windows)
Content-Length: 178
Content-Type: application/json; charset=utf-8
host: localhost:46918
accept: */*

Response DefaultHttpResponse(decodeResult: success, version: HTTP/1.1)
HTTP/1.1 200 OK
Content-Type: application/json; charset=utf-8
cache-control: no-cache
content-length: 95

14:42:43.275 [AsyncHttpClient-1-7] DEBUG org.asynchttpclient.netty.channel.ChannelManager - Adding key: http://localhost:46918 for channel [id: 0x5f65588a, L:/127.0.0.1:65459 - R:localhost/127.0.0.1:46918]
14:42:43.276 [Forwarding getElementTagName on session d9521f72fd1661aa3da8bfadd7cd933e to remote] DEBUG org.asynchttpclient.netty.request.NettyRequestSender - Using pooled Channel '[id: 0x5f65588a, L:/127.0.0.1:65459 - R:localhost/127.0.0.1:46918]' for 'GET' to 'http://localhost:46918/session/d9521f72fd1661aa3da8bfadd7cd933e/element/48119BC04C0AA7B53F0AAD63E45512FB_element_22/name'
14:42:43.276 [Forwarding getElementTagName on session d9521f72fd1661aa3da8bfadd7cd933e to remote] DEBUG org.asynchttpclient.netty.request.NettyRequestSender - Using open Channel [id: 0x5f65588a, L:/127.0.0.1:65459 - R:localhost/127.0.0.1:46918] for GET '/session/d9521f72fd1661aa3da8bfadd7cd933e/element/48119BC04C0AA7B53F0AAD63E45512FB_element_22/name'
14:42:43.284 [AsyncHttpClient-1-7] DEBUG org.asynchttpclient.netty.handler.HttpHandler - 

Request DefaultFullHttpRequest(decodeResult: success, version: HTTP/1.1, content: EmptyByteBufBE)
GET /session/d9521f72fd1661aa3da8bfadd7cd933e/element/48119BC04C0AA7B53F0AAD63E45512FB_element_22/name HTTP/1.1
User-Agent: selenium/4.7.1 (java windows)
Cache-Control: no-cache
Content-Type: application/json; charset=utf-8
host: localhost:46918
accept: */*

Response DefaultHttpResponse(decodeResult: success, version: HTTP/1.1)
HTTP/1.1 200 OK
Content-Type: application/json; charset=utf-8
cache-control: no-cache
content-length: 13

14:42:43.285 [AsyncHttpClient-1-7] DEBUG org.asynchttpclient.netty.channel.ChannelManager - Adding key: http://localhost:46918 for channel [id: 0x5f65588a, L:/127.0.0.1:65459 - R:localhost/127.0.0.1:46918]
14:42:43.286 [Forwarding getElementTagName on session d9521f72fd1661aa3da8bfadd7cd933e to remote] DEBUG org.asynchttpclient.netty.request.NettyRequestSender - Using pooled Channel '[id: 0x5f65588a, L:/127.0.0.1:65459 - R:localhost/127.0.0.1:46918]' for 'GET' to 'http://localhost:46918/session/d9521f72fd1661aa3da8bfadd7cd933e/element/48119BC04C0AA7B53F0AAD63E45512FB_element_22/name'
14:42:43.286 [Forwarding getElementTagName on session d9521f72fd1661aa3da8bfadd7cd933e to remote] DEBUG org.asynchttpclient.netty.request.NettyRequestSender - Using open Channel [id: 0x5f65588a, L:/127.0.0.1:65459 - R:localhost/127.0.0.1:46918] for GET '/session/d9521f72fd1661aa3da8bfadd7cd933e/element/48119BC04C0AA7B53F0AAD63E45512FB_element_22/name'
14:42:43.294 [AsyncHttpClient-1-7] DEBUG org.asynchttpclient.netty.handler.HttpHandler - 

Request DefaultFullHttpRequest(decodeResult: success, version: HTTP/1.1, content: EmptyByteBufBE)
GET /session/d9521f72fd1661aa3da8bfadd7cd933e/element/48119BC04C0AA7B53F0AAD63E45512FB_element_22/name HTTP/1.1
User-Agent: selenium/4.7.1 (java windows)
Cache-Control: no-cache
Content-Type: application/json; charset=utf-8
host: localhost:46918
accept: */*

Response DefaultHttpResponse(decodeResult: success, version: HTTP/1.1)
HTTP/1.1 200 OK
Content-Type: application/json; charset=utf-8
cache-control: no-cache
content-length: 13

14:42:43.294 [AsyncHttpClient-1-7] DEBUG org.asynchttpclient.netty.channel.ChannelManager - Adding key: http://localhost:46918 for channel [id: 0x5f65588a, L:/127.0.0.1:65459 - R:localhost/127.0.0.1:46918]
14:42:43.296 [Forwarding findElement on session d9521f72fd1661aa3da8bfadd7cd933e to remote] DEBUG org.asynchttpclient.netty.request.NettyRequestSender - Using pooled Channel '[id: 0x5f65588a, L:/127.0.0.1:65459 - R:localhost/127.0.0.1:46918]' for 'POST' to 'http://localhost:46918/session/d9521f72fd1661aa3da8bfadd7cd933e/element'
14:42:43.296 [Forwarding findElement on session d9521f72fd1661aa3da8bfadd7cd933e to remote] DEBUG org.asynchttpclient.netty.request.NettyRequestSender - Using open Channel [id: 0x5f65588a, L:/127.0.0.1:65459 - R:localhost/127.0.0.1:46918] for POST '/session/d9521f72fd1661aa3da8bfadd7cd933e/element'
14:42:43.307 [AsyncHttpClient-1-7] DEBUG org.asynchttpclient.netty.handler.HttpHandler - 

Request DefaultHttpRequest(decodeResult: success, version: HTTP/1.1)
POST /session/d9521f72fd1661aa3da8bfadd7cd933e/element HTTP/1.1
User-Agent: selenium/4.7.1 (java windows)
Content-Length: 178
Content-Type: application/json; charset=utf-8
host: localhost:46918
accept: */*

Response DefaultHttpResponse(decodeResult: success, version: HTTP/1.1)
HTTP/1.1 200 OK
Content-Type: application/json; charset=utf-8
cache-control: no-cache
content-length: 95

14:42:43.307 [AsyncHttpClient-1-7] DEBUG org.asynchttpclient.netty.channel.ChannelManager - Adding key: http://localhost:46918 for channel [id: 0x5f65588a, L:/127.0.0.1:65459 - R:localhost/127.0.0.1:46918]
14:42:43.309 [Forwarding clickElement on session d9521f72fd1661aa3da8bfadd7cd933e to remote] DEBUG org.asynchttpclient.netty.request.NettyRequestSender - Using pooled Channel '[id: 0x5f65588a, L:/127.0.0.1:65459 - R:localhost/127.0.0.1:46918]' for 'POST' to 'http://localhost:46918/session/d9521f72fd1661aa3da8bfadd7cd933e/element/48119BC04C0AA7B53F0AAD63E45512FB_element_22/click'
14:42:43.309 [Forwarding clickElement on session d9521f72fd1661aa3da8bfadd7cd933e to remote] DEBUG org.asynchttpclient.netty.request.NettyRequestSender - Using open Channel [id: 0x5f65588a, L:/127.0.0.1:65459 - R:localhost/127.0.0.1:46918] for POST '/session/d9521f72fd1661aa3da8bfadd7cd933e/element/48119BC04C0AA7B53F0AAD63E45512FB_element_22/click'
14:42:43.397 [AsyncHttpClient-1-7] DEBUG org.asynchttpclient.netty.handler.HttpHandler - 

Request DefaultHttpRequest(decodeResult: success, version: HTTP/1.1)
POST /session/d9521f72fd1661aa3da8bfadd7cd933e/element/48119BC04C0AA7B53F0AAD63E45512FB_element_22/click HTTP/1.1
User-Agent: selenium/4.7.1 (java windows)
Content-Length: 57
Content-Type: application/json; charset=utf-8
host: localhost:46918
accept: */*

Response DefaultHttpResponse(decodeResult: success, version: HTTP/1.1)
HTTP/1.1 200 OK
Content-Type: application/json; charset=utf-8
cache-control: no-cache
content-length: 14

14:42:43.397 [AsyncHttpClient-1-7] DEBUG org.asynchttpclient.netty.channel.ChannelManager - Adding key: http://localhost:46918 for channel [id: 0x5f65588a, L:/127.0.0.1:65459 - R:localhost/127.0.0.1:46918]
14:42:43.413 [Forwarding getCurrentWindowHandle on session d9521f72fd1661aa3da8bfadd7cd933e to remote] DEBUG org.asynchttpclient.netty.request.NettyRequestSender - Using pooled Channel '[id: 0x5f65588a, L:/127.0.0.1:65459 - R:localhost/127.0.0.1:46918]' for 'GET' to 'http://localhost:46918/session/d9521f72fd1661aa3da8bfadd7cd933e/window'
14:42:43.413 [Forwarding getCurrentWindowHandle on session d9521f72fd1661aa3da8bfadd7cd933e to remote] DEBUG org.asynchttpclient.netty.request.NettyRequestSender - Using open Channel [id: 0x5f65588a, L:/127.0.0.1:65459 - R:localhost/127.0.0.1:46918] for GET '/session/d9521f72fd1661aa3da8bfadd7cd933e/window'
14:42:43.413 [AsyncHttpClient-1-7] DEBUG org.asynchttpclient.netty.handler.HttpHandler - 

Request DefaultFullHttpRequest(decodeResult: success, version: HTTP/1.1, content: EmptyByteBufBE)
GET /session/d9521f72fd1661aa3da8bfadd7cd933e/window HTTP/1.1
User-Agent: selenium/4.7.1 (java windows)
Cache-Control: no-cache
Content-Type: application/json; charset=utf-8
host: localhost:46918
accept: */*

Response DefaultHttpResponse(decodeResult: success, version: HTTP/1.1)
HTTP/1.1 200 OK
Content-Type: application/json; charset=utf-8
cache-control: no-cache
content-length: 44

14:42:43.413 [AsyncHttpClient-1-7] DEBUG org.asynchttpclient.netty.channel.ChannelManager - Adding key: http://localhost:46918 for channel [id: 0x5f65588a, L:/127.0.0.1:65459 - R:localhost/127.0.0.1:46918]
14:42:43.413 [Forwarding getAlertText on session d9521f72fd1661aa3da8bfadd7cd933e to remote] DEBUG org.asynchttpclient.netty.request.NettyRequestSender - Using pooled Channel '[id: 0x5f65588a, L:/127.0.0.1:65459 - R:localhost/127.0.0.1:46918]' for 'GET' to 'http://localhost:46918/session/d9521f72fd1661aa3da8bfadd7cd933e/alert/text'
14:42:43.413 [Forwarding getAlertText on session d9521f72fd1661aa3da8bfadd7cd933e to remote] DEBUG org.asynchttpclient.netty.request.NettyRequestSender - Using open Channel [id: 0x5f65588a, L:/127.0.0.1:65459 - R:localhost/127.0.0.1:46918] for GET '/session/d9521f72fd1661aa3da8bfadd7cd933e/alert/text'
14:42:43.413 [AsyncHttpClient-1-7] DEBUG org.asynchttpclient.netty.handler.HttpHandler - 

Request DefaultFullHttpRequest(decodeResult: success, version: HTTP/1.1, content: EmptyByteBufBE)
GET /session/d9521f72fd1661aa3da8bfadd7cd933e/alert/text HTTP/1.1
User-Agent: selenium/4.7.1 (java windows)
Cache-Control: no-cache
Content-Type: application/json; charset=utf-8
host: localhost:46918
accept: */*

Response DefaultHttpResponse(decodeResult: success, version: HTTP/1.1)
HTTP/1.1 404 Not Found
Content-Type: application/json; charset=utf-8
cache-control: no-cache
content-length: 821

14:42:43.413 [AsyncHttpClient-1-7] DEBUG org.asynchttpclient.netty.channel.ChannelManager - Adding key: http://localhost:46918 for channel [id: 0x5f65588a, L:/127.0.0.1:65459 - R:localhost/127.0.0.1:46918]
14:42:43.421 [Forwarding switchToWindow on session d9521f72fd1661aa3da8bfadd7cd933e to remote] DEBUG org.asynchttpclient.netty.request.NettyRequestSender - Using pooled Channel '[id: 0x5f65588a, L:/127.0.0.1:65459 - R:localhost/127.0.0.1:46918]' for 'POST' to 'http://localhost:46918/session/d9521f72fd1661aa3da8bfadd7cd933e/window'
14:42:43.421 [Forwarding switchToWindow on session d9521f72fd1661aa3da8bfadd7cd933e to remote] DEBUG org.asynchttpclient.netty.request.NettyRequestSender - Using open Channel [id: 0x5f65588a, L:/127.0.0.1:65459 - R:localhost/127.0.0.1:46918] for POST '/session/d9521f72fd1661aa3da8bfadd7cd933e/window'
14:42:43.421 [AsyncHttpClient-1-7] DEBUG org.asynchttpclient.netty.handler.HttpHandler - 

Request DefaultHttpRequest(decodeResult: success, version: HTTP/1.1)
POST /session/d9521f72fd1661aa3da8bfadd7cd933e/window HTTP/1.1
User-Agent: selenium/4.7.1 (java windows)
Content-Length: 50
Content-Type: application/json; charset=utf-8
host: localhost:46918
accept: */*

Response DefaultHttpResponse(decodeResult: success, version: HTTP/1.1)
HTTP/1.1 200 OK
Content-Type: application/json; charset=utf-8
cache-control: no-cache
content-length: 14

14:42:43.421 [AsyncHttpClient-1-7] DEBUG org.asynchttpclient.netty.channel.ChannelManager - Adding key: http://localhost:46918 for channel [id: 0x5f65588a, L:/127.0.0.1:65459 - R:localhost/127.0.0.1:46918]
14:42:43.421 [Forwarding getCurrentUrl on session d9521f72fd1661aa3da8bfadd7cd933e to remote] DEBUG org.asynchttpclient.netty.request.NettyRequestSender - Using pooled Channel '[id: 0x5f65588a, L:/127.0.0.1:65459 - R:localhost/127.0.0.1:46918]' for 'GET' to 'http://localhost:46918/session/d9521f72fd1661aa3da8bfadd7cd933e/url'
14:42:43.421 [Forwarding getCurrentUrl on session d9521f72fd1661aa3da8bfadd7cd933e to remote] DEBUG org.asynchttpclient.netty.request.NettyRequestSender - Using open Channel [id: 0x5f65588a, L:/127.0.0.1:65459 - R:localhost/127.0.0.1:46918] for GET '/session/d9521f72fd1661aa3da8bfadd7cd933e/url'
14:42:43.429 [AsyncHttpClient-1-7] DEBUG org.asynchttpclient.netty.handler.HttpHandler - 

Request DefaultFullHttpRequest(decodeResult: success, version: HTTP/1.1, content: EmptyByteBufBE)
GET /session/d9521f72fd1661aa3da8bfadd7cd933e/url HTTP/1.1
User-Agent: selenium/4.7.1 (java windows)
Cache-Control: no-cache
Content-Type: application/json; charset=utf-8
host: localhost:46918
accept: */*

Response DefaultHttpResponse(decodeResult: success, version: HTTP/1.1)
HTTP/1.1 200 OK
Content-Type: application/json; charset=utf-8
cache-control: no-cache
content-length: 53

14:42:43.429 [AsyncHttpClient-1-7] DEBUG org.asynchttpclient.netty.channel.ChannelManager - Adding key: http://localhost:46918 for channel [id: 0x5f65588a, L:/127.0.0.1:65459 - R:localhost/127.0.0.1:46918]
14:42:43.437 [Forwarding screenshot on session d9521f72fd1661aa3da8bfadd7cd933e to remote] DEBUG org.asynchttpclient.netty.request.NettyRequestSender - Using pooled Channel '[id: 0x5f65588a, L:/127.0.0.1:65459 - R:localhost/127.0.0.1:46918]' for 'GET' to 'http://localhost:46918/session/d9521f72fd1661aa3da8bfadd7cd933e/screenshot'
14:42:43.437 [Forwarding screenshot on session d9521f72fd1661aa3da8bfadd7cd933e to remote] DEBUG org.asynchttpclient.netty.request.NettyRequestSender - Using open Channel [id: 0x5f65588a, L:/127.0.0.1:65459 - R:localhost/127.0.0.1:46918] for GET '/session/d9521f72fd1661aa3da8bfadd7cd933e/screenshot'
14:42:43.574 [AsyncHttpClient-1-7] DEBUG org.asynchttpclient.netty.handler.HttpHandler - 

Request DefaultFullHttpRequest(decodeResult: success, version: HTTP/1.1, content: EmptyByteBufBE)
GET /session/d9521f72fd1661aa3da8bfadd7cd933e/screenshot HTTP/1.1
User-Agent: selenium/4.7.1 (java windows)
Cache-Control: no-cache
Content-Type: application/json; charset=utf-8
host: localhost:46918
accept: */*

Response DefaultHttpResponse(decodeResult: success, version: HTTP/1.1)
HTTP/1.1 200 OK
Content-Type: application/json; charset=utf-8
cache-control: no-cache
content-length: 31880

14:42:43.582 [AsyncHttpClient-1-7] DEBUG org.asynchttpclient.netty.channel.ChannelManager - Adding key: http://localhost:46918 for channel [id: 0x5f65588a, L:/127.0.0.1:65459 - R:localhost/127.0.0.1:46918]
14:42:43.582 [main] DEBUG net.serenitybdd.core.photography.Darkroom - Send negative for processing for target\site\serenity\4a9280ff2616d34b789a1c89df84a13b1bab887b372377153eca1da1d42f54ae.png
14:42:43.582 [main] DEBUG net.thucydides.core.steps.StepInterceptor - STEP DONE: klikmenulayanan
14:42:43.582 [Darkroom Processing Line] DEBUG net.serenitybdd.core.photography.DarkroomProcessingLine - Processing screenshot image in /var/screenshots/screenshot-12705521751451508095
  &amp#27;[32mWhen &amp#27;[0m&amp#27;[32mPada Beranda, Admin klik Layanan&amp#27;[0m                                                   &amp#27;[90m# starter.stepdefinitions.PDAMSteps.padaBerandaAdminKlikLayanan()&amp#27;[0m
14:42:43.582 [Darkroom Processing Line] DEBUG net.serenitybdd.core.photography.DarkroomProcessingLine - Saving screenshot to target\site\serenity\4a9280ff2616d34b789a1c89df84a13b1bab887b372377153eca1da1d42f54ae.png
14:42:43.600 [main] DEBUG net.thucydides.core.steps.StepInterceptor - STARTING STEP: PDAMSteps.adminKlikPDAM - klikpdam
14:42:43.600 [Forwarding findElement on session d9521f72fd1661aa3da8bfadd7cd933e to remote] DEBUG org.asynchttpclient.netty.request.NettyRequestSender - Using pooled Channel '[id: 0x5f65588a, L:/127.0.0.1:65459 - R:localhost/127.0.0.1:46918]' for 'POST' to 'http://localhost:46918/session/d9521f72fd1661aa3da8bfadd7cd933e/element'
14:42:43.600 [Forwarding findElement on session d9521f72fd1661aa3da8bfadd7cd933e to remote] DEBUG org.asynchttpclient.netty.request.NettyRequestSender - Using open Channel [id: 0x5f65588a, L:/127.0.0.1:65459 - R:localhost/127.0.0.1:46918] for POST '/session/d9521f72fd1661aa3da8bfadd7cd933e/element'
14:42:43.624 [AsyncHttpClient-1-7] DEBUG org.asynchttpclient.netty.handler.HttpHandler - 

Request DefaultHttpRequest(decodeResult: success, version: HTTP/1.1)
POST /session/d9521f72fd1661aa3da8bfadd7cd933e/element HTTP/1.1
User-Agent: selenium/4.7.1 (java windows)
Content-Length: 96
Content-Type: application/json; charset=utf-8
host: localhost:46918
accept: */*

Response DefaultHttpResponse(decodeResult: success, version: HTTP/1.1)
HTTP/1.1 200 OK
Content-Type: application/json; charset=utf-8
cache-control: no-cache
content-length: 95

14:42:43.624 [AsyncHttpClient-1-7] DEBUG org.asynchttpclient.netty.channel.ChannelManager - Adding key: http://localhost:46918 for channel [id: 0x5f65588a, L:/127.0.0.1:65459 - R:localhost/127.0.0.1:46918]
14:42:43.624 [Forwarding getElementTagName on session d9521f72fd1661aa3da8bfadd7cd933e to remote] DEBUG org.asynchttpclient.netty.request.NettyRequestSender - Using pooled Channel '[id: 0x5f65588a, L:/127.0.0.1:65459 - R:localhost/127.0.0.1:46918]' for 'GET' to 'http://localhost:46918/session/d9521f72fd1661aa3da8bfadd7cd933e/element/48119BC04C0AA7B53F0AAD63E45512FB_element_24/name'
14:42:43.624 [Forwarding getElementTagName on session d9521f72fd1661aa3da8bfadd7cd933e to remote] DEBUG org.asynchttpclient.netty.request.NettyRequestSender - Using open Channel [id: 0x5f65588a, L:/127.0.0.1:65459 - R:localhost/127.0.0.1:46918] for GET '/session/d9521f72fd1661aa3da8bfadd7cd933e/element/48119BC04C0AA7B53F0AAD63E45512FB_element_24/name'
14:42:43.632 [AsyncHttpClient-1-7] DEBUG org.asynchttpclient.netty.handler.HttpHandler - 

Request DefaultFullHttpRequest(decodeResult: success, version: HTTP/1.1, content: EmptyByteBufBE)
GET /session/d9521f72fd1661aa3da8bfadd7cd933e/element/48119BC04C0AA7B53F0AAD63E45512FB_element_24/name HTTP/1.1
User-Agent: selenium/4.7.1 (java windows)
Cache-Control: no-cache
Content-Type: application/json; charset=utf-8
host: localhost:46918
accept: */*

Response DefaultHttpResponse(decodeResult: success, version: HTTP/1.1)
HTTP/1.1 200 OK
Content-Type: application/json; charset=utf-8
cache-control: no-cache
content-length: 13

14:42:43.632 [AsyncHttpClient-1-7] DEBUG org.asynchttpclient.netty.channel.ChannelManager - Adding key: http://localhost:46918 for channel [id: 0x5f65588a, L:/127.0.0.1:65459 - R:localhost/127.0.0.1:46918]
14:42:43.632 [Forwarding getElementTagName on session d9521f72fd1661aa3da8bfadd7cd933e to remote] DEBUG org.asynchttpclient.netty.request.NettyRequestSender - Using pooled Channel '[id: 0x5f65588a, L:/127.0.0.1:65459 - R:localhost/127.0.0.1:46918]' for 'GET' to 'http://localhost:46918/session/d9521f72fd1661aa3da8bfadd7cd933e/element/48119BC04C0AA7B53F0AAD63E45512FB_element_24/name'
14:42:43.632 [Forwarding getElementTagName on session d9521f72fd1661aa3da8bfadd7cd933e to remote] DEBUG org.asynchttpclient.netty.request.NettyRequestSender - Using open Channel [id: 0x5f65588a, L:/127.0.0.1:65459 - R:localhost/127.0.0.1:46918] for GET '/session/d9521f72fd1661aa3da8bfadd7cd933e/element/48119BC04C0AA7B53F0AAD63E45512FB_element_24/name'
14:42:43.640 [AsyncHttpClient-1-7] DEBUG org.asynchttpclient.netty.handler.HttpHandler - 

Request DefaultFullHttpRequest(decodeResult: success, version: HTTP/1.1, content: EmptyByteBufBE)
GET /session/d9521f72fd1661aa3da8bfadd7cd933e/element/48119BC04C0AA7B53F0AAD63E45512FB_element_24/name HTTP/1.1
User-Agent: selenium/4.7.1 (java windows)
Cache-Control: no-cache
Content-Type: application/json; charset=utf-8
host: localhost:46918
accept: */*

Response DefaultHttpResponse(decodeResult: success, version: HTTP/1.1)
HTTP/1.1 200 OK
Content-Type: application/json; charset=utf-8
cache-control: no-cache
content-length: 13

14:42:43.640 [AsyncHttpClient-1-7] DEBUG org.asynchttpclient.netty.channel.ChannelManager - Adding key: http://localhost:46918 for channel [id: 0x5f65588a, L:/127.0.0.1:65459 - R:localhost/127.0.0.1:46918]
14:42:43.640 [Forwarding findElement on session d9521f72fd1661aa3da8bfadd7cd933e to remote] DEBUG org.asynchttpclient.netty.request.NettyRequestSender - Using pooled Channel '[id: 0x5f65588a, L:/127.0.0.1:65459 - R:localhost/127.0.0.1:46918]' for 'POST' to 'http://localhost:46918/session/d9521f72fd1661aa3da8bfadd7cd933e/element'
14:42:43.640 [Forwarding findElement on session d9521f72fd1661aa3da8bfadd7cd933e to remote] DEBUG org.asynchttpclient.netty.request.NettyRequestSender - Using open Channel [id: 0x5f65588a, L:/127.0.0.1:65459 - R:localhost/127.0.0.1:46918] for POST '/session/d9521f72fd1661aa3da8bfadd7cd933e/element'
14:42:43.656 [AsyncHttpClient-1-7] DEBUG org.asynchttpclient.netty.handler.HttpHandler - 

Request DefaultHttpRequest(decodeResult: success, version: HTTP/1.1)
POST /session/d9521f72fd1661aa3da8bfadd7cd933e/element HTTP/1.1
User-Agent: selenium/4.7.1 (java windows)
Content-Length: 96
Content-Type: application/json; charset=utf-8
host: localhost:46918
accept: */*

Response DefaultHttpResponse(decodeResult: success, version: HTTP/1.1)
HTTP/1.1 200 OK
Content-Type: application/json; charset=utf-8
cache-control: no-cache
content-length: 95

14:42:43.656 [AsyncHttpClient-1-7] DEBUG org.asynchttpclient.netty.channel.ChannelManager - Adding key: http://localhost:46918 for channel [id: 0x5f65588a, L:/127.0.0.1:65459 - R:localhost/127.0.0.1:46918]
14:42:43.656 [Forwarding clickElement on session d9521f72fd1661aa3da8bfadd7cd933e to remote] DEBUG org.asynchttpclient.netty.request.NettyRequestSender - Using pooled Channel '[id: 0x5f65588a, L:/127.0.0.1:65459 - R:localhost/127.0.0.1:46918]' for 'POST' to 'http://localhost:46918/session/d9521f72fd1661aa3da8bfadd7cd933e/element/48119BC04C0AA7B53F0AAD63E45512FB_element_24/click'
14:42:43.656 [Forwarding clickElement on session d9521f72fd1661aa3da8bfadd7cd933e to remote] DEBUG org.asynchttpclient.netty.request.NettyRequestSender - Using open Channel [id: 0x5f65588a, L:/127.0.0.1:65459 - R:localhost/127.0.0.1:46918] for POST '/session/d9521f72fd1661aa3da8bfadd7cd933e/element/48119BC04C0AA7B53F0AAD63E45512FB_element_24/click'
14:42:43.760 [AsyncHttpClient-1-7] DEBUG org.asynchttpclient.netty.handler.HttpHandler - 

Request DefaultHttpRequest(decodeResult: success, version: HTTP/1.1)
POST /session/d9521f72fd1661aa3da8bfadd7cd933e/element/48119BC04C0AA7B53F0AAD63E45512FB_element_24/click HTTP/1.1
User-Agent: selenium/4.7.1 (java windows)
Content-Length: 57
Content-Type: application/json; charset=utf-8
host: localhost:46918
accept: */*

Response DefaultHttpResponse(decodeResult: success, version: HTTP/1.1)
HTTP/1.1 200 OK
Content-Type: application/json; charset=utf-8
cache-control: no-cache
content-length: 14

14:42:43.760 [AsyncHttpClient-1-7] DEBUG org.asynchttpclient.netty.channel.ChannelManager - Adding key: http://localhost:46918 for channel [id: 0x5f65588a, L:/127.0.0.1:65459 - R:localhost/127.0.0.1:46918]
14:42:43.776 [Forwarding getCurrentWindowHandle on session d9521f72fd1661aa3da8bfadd7cd933e to remote] DEBUG org.asynchttpclient.netty.request.NettyRequestSender - Using pooled Channel '[id: 0x5f65588a, L:/127.0.0.1:65459 - R:localhost/127.0.0.1:46918]' for 'GET' to 'http://localhost:46918/session/d9521f72fd1661aa3da8bfadd7cd933e/window'
14:42:43.776 [Forwarding getCurrentWindowHandle on session d9521f72fd1661aa3da8bfadd7cd933e to remote] DEBUG org.asynchttpclient.netty.request.NettyRequestSender - Using open Channel [id: 0x5f65588a, L:/127.0.0.1:65459 - R:localhost/127.0.0.1:46918] for GET '/session/d9521f72fd1661aa3da8bfadd7cd933e/window'
14:42:43.776 [AsyncHttpClient-1-7] DEBUG org.asynchttpclient.netty.handler.HttpHandler - 

Request DefaultFullHttpRequest(decodeResult: success, version: HTTP/1.1, content: EmptyByteBufBE)
GET /session/d9521f72fd1661aa3da8bfadd7cd933e/window HTTP/1.1
User-Agent: selenium/4.7.1 (java windows)
Cache-Control: no-cache
Content-Type: application/json; charset=utf-8
host: localhost:46918
accept: */*

Response DefaultHttpResponse(decodeResult: success, version: HTTP/1.1)
HTTP/1.1 200 OK
Content-Type: application/json; charset=utf-8
cache-control: no-cache
content-length: 44

14:42:43.776 [AsyncHttpClient-1-7] DEBUG org.asynchttpclient.netty.channel.ChannelManager - Adding key: http://localhost:46918 for channel [id: 0x5f65588a, L:/127.0.0.1:65459 - R:localhost/127.0.0.1:46918]
14:42:43.776 [Forwarding getAlertText on session d9521f72fd1661aa3da8bfadd7cd933e to remote] DEBUG org.asynchttpclient.netty.request.NettyRequestSender - Using pooled Channel '[id: 0x5f65588a, L:/127.0.0.1:65459 - R:localhost/127.0.0.1:46918]' for 'GET' to 'http://localhost:46918/session/d9521f72fd1661aa3da8bfadd7cd933e/alert/text'
14:42:43.776 [Forwarding getAlertText on session d9521f72fd1661aa3da8bfadd7cd933e to remote] DEBUG org.asynchttpclient.netty.request.NettyRequestSender - Using open Channel [id: 0x5f65588a, L:/127.0.0.1:65459 - R:localhost/127.0.0.1:46918] for GET '/session/d9521f72fd1661aa3da8bfadd7cd933e/alert/text'
14:42:43.776 [AsyncHttpClient-1-7] DEBUG org.asynchttpclient.netty.handler.HttpHandler - 

Request DefaultFullHttpRequest(decodeResult: success, version: HTTP/1.1, content: EmptyByteBufBE)
GET /session/d9521f72fd1661aa3da8bfadd7cd933e/alert/text HTTP/1.1
User-Agent: selenium/4.7.1 (java windows)
Cache-Control: no-cache
Content-Type: application/json; charset=utf-8
host: localhost:46918
accept: */*

Response DefaultHttpResponse(decodeResult: success, version: HTTP/1.1)
HTTP/1.1 404 Not Found
Content-Type: application/json; charset=utf-8
cache-control: no-cache
content-length: 821

14:42:43.776 [AsyncHttpClient-1-7] DEBUG org.asynchttpclient.netty.channel.ChannelManager - Adding key: http://localhost:46918 for channel [id: 0x5f65588a, L:/127.0.0.1:65459 - R:localhost/127.0.0.1:46918]
14:42:43.784 [Forwarding switchToWindow on session d9521f72fd1661aa3da8bfadd7cd933e to remote] DEBUG org.asynchttpclient.netty.request.NettyRequestSender - Using pooled Channel '[id: 0x5f65588a, L:/127.0.0.1:65459 - R:localhost/127.0.0.1:46918]' for 'POST' to 'http://localhost:46918/session/d9521f72fd1661aa3da8bfadd7cd933e/window'
14:42:43.784 [Forwarding switchToWindow on session d9521f72fd1661aa3da8bfadd7cd933e to remote] DEBUG org.asynchttpclient.netty.request.NettyRequestSender - Using open Channel [id: 0x5f65588a, L:/127.0.0.1:65459 - R:localhost/127.0.0.1:46918] for POST '/session/d9521f72fd1661aa3da8bfadd7cd933e/window'
14:42:43.784 [AsyncHttpClient-1-7] DEBUG org.asynchttpclient.netty.handler.HttpHandler - 

Request DefaultHttpRequest(decodeResult: success, version: HTTP/1.1)
POST /session/d9521f72fd1661aa3da8bfadd7cd933e/window HTTP/1.1
User-Agent: selenium/4.7.1 (java windows)
Content-Length: 50
Content-Type: application/json; charset=utf-8
host: localhost:46918
accept: */*

Response DefaultHttpResponse(decodeResult: success, version: HTTP/1.1)
HTTP/1.1 200 OK
Content-Type: application/json; charset=utf-8
cache-control: no-cache
content-length: 14

14:42:43.784 [AsyncHttpClient-1-7] DEBUG org.asynchttpclient.netty.channel.ChannelManager - Adding key: http://localhost:46918 for channel [id: 0x5f65588a, L:/127.0.0.1:65459 - R:localhost/127.0.0.1:46918]
14:42:43.784 [Forwarding getCurrentUrl on session d9521f72fd1661aa3da8bfadd7cd933e to remote] DEBUG org.asynchttpclient.netty.request.NettyRequestSender - Using pooled Channel '[id: 0x5f65588a, L:/127.0.0.1:65459 - R:localhost/127.0.0.1:46918]' for 'GET' to 'http://localhost:46918/session/d9521f72fd1661aa3da8bfadd7cd933e/url'
14:42:43.784 [Forwarding getCurrentUrl on session d9521f72fd1661aa3da8bfadd7cd933e to remote] DEBUG org.asynchttpclient.netty.request.NettyRequestSender - Using open Channel [id: 0x5f65588a, L:/127.0.0.1:65459 - R:localhost/127.0.0.1:46918] for GET '/session/d9521f72fd1661aa3da8bfadd7cd933e/url'
14:42:43.792 [AsyncHttpClient-1-7] DEBUG org.asynchttpclient.netty.handler.HttpHandler - 

Request DefaultFullHttpRequest(decodeResult: success, version: HTTP/1.1, content: EmptyByteBufBE)
GET /session/d9521f72fd1661aa3da8bfadd7cd933e/url HTTP/1.1
User-Agent: selenium/4.7.1 (java windows)
Cache-Control: no-cache
Content-Type: application/json; charset=utf-8
host: localhost:46918
accept: */*

Response DefaultHttpResponse(decodeResult: success, version: HTTP/1.1)
HTTP/1.1 200 OK
Content-Type: application/json; charset=utf-8
cache-control: no-cache
content-length: 58

14:42:43.792 [AsyncHttpClient-1-7] DEBUG org.asynchttpclient.netty.channel.ChannelManager - Adding key: http://localhost:46918 for channel [id: 0x5f65588a, L:/127.0.0.1:65459 - R:localhost/127.0.0.1:46918]
14:42:43.792 [Forwarding screenshot on session d9521f72fd1661aa3da8bfadd7cd933e to remote] DEBUG org.asynchttpclient.netty.request.NettyRequestSender - Using pooled Channel '[id: 0x5f65588a, L:/127.0.0.1:65459 - R:localhost/127.0.0.1:46918]' for 'GET' to 'http://localhost:46918/session/d9521f72fd1661aa3da8bfadd7cd933e/screenshot'
14:42:43.792 [Forwarding screenshot on session d9521f72fd1661aa3da8bfadd7cd933e to remote] DEBUG org.asynchttpclient.netty.request.NettyRequestSender - Using open Channel [id: 0x5f65588a, L:/127.0.0.1:65459 - R:localhost/127.0.0.1:46918] for GET '/session/d9521f72fd1661aa3da8bfadd7cd933e/screenshot'
14:42:43.944 [AsyncHttpClient-1-7] DEBUG org.asynchttpclient.netty.handler.HttpHandler - 

Request DefaultFullHttpRequest(decodeResult: success, version: HTTP/1.1, content: EmptyByteBufBE)
GET /session/d9521f72fd1661aa3da8bfadd7cd933e/screenshot HTTP/1.1
User-Agent: selenium/4.7.1 (java windows)
Cache-Control: no-cache
Content-Type: application/json; charset=utf-8
host: localhost:46918
accept: */*

Response DefaultHttpResponse(decodeResult: success, version: HTTP/1.1)
HTTP/1.1 200 OK
Content-Type: application/json; charset=utf-8
cache-control: no-cache
content-length: 56460

14:42:43.944 [AsyncHttpClient-1-7] DEBUG org.asynchttpclient.netty.channel.ChannelManager - Adding key: http://localhost:46918 for channel [id: 0x5f65588a, L:/127.0.0.1:65459 - R:localhost/127.0.0.1:46918]
14:42:43.952 [main] DEBUG net.serenitybdd.core.photography.Darkroom - Send negative for processing for target\site\serenity\6e4d537b3e21ad3dcc1d50a01969a7c63f4c2a43448399b936c252768ff709f1.png
14:42:43.952 [main] DEBUG net.thucydides.core.steps.StepInterceptor - STEP DONE: klikpdam
14:42:43.952 [Darkroom Processing Line] DEBUG net.serenitybdd.core.photography.DarkroomProcessingLine - Processing screenshot image in /var/screenshots/screenshot-12544408376712633084
  &amp#27;[32mAnd &amp#27;[0m&amp#27;[32mAdmin klik PDAM&amp#27;[0m                                                                     &amp#27;[90m# starter.stepdefinitions.PDAMSteps.adminKlikPDAM()&amp#27;[0m
14:42:43.952 [Darkroom Processing Line] DEBUG net.serenitybdd.core.photography.DarkroomProcessingLine - Saving screenshot to target\site\serenity\6e4d537b3e21ad3dcc1d50a01969a7c63f4c2a43448399b936c252768ff709f1.png
14:42:43.976 [main] DEBUG net.thucydides.core.steps.StepInterceptor - STARTING STEP: PDAMSteps.adminKlikIconHapusPadaSalahSatuProduk - klikiconhapusPDAM
14:42:43.984 [Forwarding findElement on session d9521f72fd1661aa3da8bfadd7cd933e to remote] DEBUG org.asynchttpclient.netty.request.NettyRequestSender - Using pooled Channel '[id: 0x5f65588a, L:/127.0.0.1:65459 - R:localhost/127.0.0.1:46918]' for 'POST' to 'http://localhost:46918/session/d9521f72fd1661aa3da8bfadd7cd933e/element'
14:42:43.984 [Forwarding findElement on session d9521f72fd1661aa3da8bfadd7cd933e to remote] DEBUG org.asynchttpclient.netty.request.NettyRequestSender - Using open Channel [id: 0x5f65588a, L:/127.0.0.1:65459 - R:localhost/127.0.0.1:46918] for POST '/session/d9521f72fd1661aa3da8bfadd7cd933e/element'
14:42:44.000 [AsyncHttpClient-1-7] DEBUG org.asynchttpclient.netty.handler.HttpHandler - 

Request DefaultHttpRequest(decodeResult: success, version: HTTP/1.1)
POST /session/d9521f72fd1661aa3da8bfadd7cd933e/element HTTP/1.1
User-Agent: selenium/4.7.1 (java windows)
Content-Length: 116
Content-Type: application/json; charset=utf-8
host: localhost:46918
accept: */*

Response DefaultHttpResponse(decodeResult: success, version: HTTP/1.1)
HTTP/1.1 200 OK
Content-Type: application/json; charset=utf-8
cache-control: no-cache
content-length: 95

14:42:44.000 [AsyncHttpClient-1-7] DEBUG org.asynchttpclient.netty.channel.ChannelManager - Adding key: http://localhost:46918 for channel [id: 0x5f65588a, L:/127.0.0.1:65459 - R:localhost/127.0.0.1:46918]
14:42:44.009 [Forwarding getElementTagName on session d9521f72fd1661aa3da8bfadd7cd933e to remote] DEBUG org.asynchttpclient.netty.request.NettyRequestSender - Using pooled Channel '[id: 0x5f65588a, L:/127.0.0.1:65459 - R:localhost/127.0.0.1:46918]' for 'GET' to 'http://localhost:46918/session/d9521f72fd1661aa3da8bfadd7cd933e/element/48119BC04C0AA7B53F0AAD63E45512FB_element_25/name'
14:42:44.009 [Forwarding getElementTagName on session d9521f72fd1661aa3da8bfadd7cd933e to remote] DEBUG org.asynchttpclient.netty.request.NettyRequestSender - Using open Channel [id: 0x5f65588a, L:/127.0.0.1:65459 - R:localhost/127.0.0.1:46918] for GET '/session/d9521f72fd1661aa3da8bfadd7cd933e/element/48119BC04C0AA7B53F0AAD63E45512FB_element_25/name'
14:42:44.016 [AsyncHttpClient-1-7] DEBUG org.asynchttpclient.netty.handler.HttpHandler - 

Request DefaultFullHttpRequest(decodeResult: success, version: HTTP/1.1, content: EmptyByteBufBE)
GET /session/d9521f72fd1661aa3da8bfadd7cd933e/element/48119BC04C0AA7B53F0AAD63E45512FB_element_25/name HTTP/1.1
User-Agent: selenium/4.7.1 (java windows)
Cache-Control: no-cache
Content-Type: application/json; charset=utf-8
host: localhost:46918
accept: */*

Response DefaultHttpResponse(decodeResult: success, version: HTTP/1.1)
HTTP/1.1 200 OK
Content-Type: application/json; charset=utf-8
cache-control: no-cache
content-length: 15

14:42:44.016 [AsyncHttpClient-1-7] DEBUG org.asynchttpclient.netty.channel.ChannelManager - Adding key: http://localhost:46918 for channel [id: 0x5f65588a, L:/127.0.0.1:65459 - R:localhost/127.0.0.1:46918]
14:42:44.016 [Forwarding getElementTagName on session d9521f72fd1661aa3da8bfadd7cd933e to remote] DEBUG org.asynchttpclient.netty.request.NettyRequestSender - Using pooled Channel '[id: 0x5f65588a, L:/127.0.0.1:65459 - R:localhost/127.0.0.1:46918]' for 'GET' to 'http://localhost:46918/session/d9521f72fd1661aa3da8bfadd7cd933e/element/48119BC04C0AA7B53F0AAD63E45512FB_element_25/name'
14:42:44.016 [Forwarding getElementTagName on session d9521f72fd1661aa3da8bfadd7cd933e to remote] DEBUG org.asynchttpclient.netty.request.NettyRequestSender - Using open Channel [id: 0x5f65588a, L:/127.0.0.1:65459 - R:localhost/127.0.0.1:46918] for GET '/session/d9521f72fd1661aa3da8bfadd7cd933e/element/48119BC04C0AA7B53F0AAD63E45512FB_element_25/name'
14:42:44.024 [AsyncHttpClient-1-7] DEBUG org.asynchttpclient.netty.handler.HttpHandler - 

Request DefaultFullHttpRequest(decodeResult: success, version: HTTP/1.1, content: EmptyByteBufBE)
GET /session/d9521f72fd1661aa3da8bfadd7cd933e/element/48119BC04C0AA7B53F0AAD63E45512FB_element_25/name HTTP/1.1
User-Agent: selenium/4.7.1 (java windows)
Cache-Control: no-cache
Content-Type: application/json; charset=utf-8
host: localhost:46918
accept: */*

Response DefaultHttpResponse(decodeResult: success, version: HTTP/1.1)
HTTP/1.1 200 OK
Content-Type: application/json; charset=utf-8
cache-control: no-cache
content-length: 15

14:42:44.024 [AsyncHttpClient-1-7] DEBUG org.asynchttpclient.netty.channel.ChannelManager - Adding key: http://localhost:46918 for channel [id: 0x5f65588a, L:/127.0.0.1:65459 - R:localhost/127.0.0.1:46918]
14:42:44.024 [Forwarding findElement on session d9521f72fd1661aa3da8bfadd7cd933e to remote] DEBUG org.asynchttpclient.netty.request.NettyRequestSender - Using pooled Channel '[id: 0x5f65588a, L:/127.0.0.1:65459 - R:localhost/127.0.0.1:46918]' for 'POST' to 'http://localhost:46918/session/d9521f72fd1661aa3da8bfadd7cd933e/element'
14:42:44.024 [Forwarding findElement on session d9521f72fd1661aa3da8bfadd7cd933e to remote] DEBUG org.asynchttpclient.netty.request.NettyRequestSender - Using open Channel [id: 0x5f65588a, L:/127.0.0.1:65459 - R:localhost/127.0.0.1:46918] for POST '/session/d9521f72fd1661aa3da8bfadd7cd933e/element'
14:42:44.040 [AsyncHttpClient-1-7] DEBUG org.asynchttpclient.netty.handler.HttpHandler - 

Request DefaultHttpRequest(decodeResult: success, version: HTTP/1.1)
POST /session/d9521f72fd1661aa3da8bfadd7cd933e/element HTTP/1.1
User-Agent: selenium/4.7.1 (java windows)
Content-Length: 116
Content-Type: application/json; charset=utf-8
host: localhost:46918
accept: */*

Response DefaultHttpResponse(decodeResult: success, version: HTTP/1.1)
HTTP/1.1 200 OK
Content-Type: application/json; charset=utf-8
cache-control: no-cache
content-length: 95

14:42:44.040 [AsyncHttpClient-1-7] DEBUG org.asynchttpclient.netty.channel.ChannelManager - Adding key: http://localhost:46918 for channel [id: 0x5f65588a, L:/127.0.0.1:65459 - R:localhost/127.0.0.1:46918]
14:42:44.040 [Forwarding clickElement on session d9521f72fd1661aa3da8bfadd7cd933e to remote] DEBUG org.asynchttpclient.netty.request.NettyRequestSender - Using pooled Channel '[id: 0x5f65588a, L:/127.0.0.1:65459 - R:localhost/127.0.0.1:46918]' for 'POST' to 'http://localhost:46918/session/d9521f72fd1661aa3da8bfadd7cd933e/element/48119BC04C0AA7B53F0AAD63E45512FB_element_25/click'
14:42:44.040 [Forwarding clickElement on session d9521f72fd1661aa3da8bfadd7cd933e to remote] DEBUG org.asynchttpclient.netty.request.NettyRequestSender - Using open Channel [id: 0x5f65588a, L:/127.0.0.1:65459 - R:localhost/127.0.0.1:46918] for POST '/session/d9521f72fd1661aa3da8bfadd7cd933e/element/48119BC04C0AA7B53F0AAD63E45512FB_element_25/click'
14:42:44.290 [AsyncHttpClient-1-1] DEBUG org.asynchttpclient.netty.channel.DefaultChannelPool - Entry count for : http://localhost:65460 : 1
14:42:45.403 [AsyncHttpClient-1-1] DEBUG org.asynchttpclient.netty.channel.DefaultChannelPool - Entry count for : http://localhost:65460 : 1
14:42:46.090 [AsyncHttpClient-1-7] DEBUG org.asynchttpclient.netty.handler.HttpHandler - 

Request DefaultHttpRequest(decodeResult: success, version: HTTP/1.1)
POST /session/d9521f72fd1661aa3da8bfadd7cd933e/element/48119BC04C0AA7B53F0AAD63E45512FB_element_25/click HTTP/1.1
User-Agent: selenium/4.7.1 (java windows)
Content-Length: 57
Content-Type: application/json; charset=utf-8
host: localhost:46918
accept: */*

Response DefaultHttpResponse(decodeResult: success, version: HTTP/1.1)
HTTP/1.1 400 Bad Request
Content-Type: application/json; charset=utf-8
cache-control: no-cache
content-length: 899

14:42:46.090 [AsyncHttpClient-1-7] DEBUG org.asynchttpclient.netty.channel.ChannelManager - Adding key: http://localhost:46918 for channel [id: 0x5f65588a, L:/127.0.0.1:65459 - R:localhost/127.0.0.1:46918]
14:42:46.346 [Forwarding clickElement on session d9521f72fd1661aa3da8bfadd7cd933e to remote] DEBUG org.asynchttpclient.netty.request.NettyRequestSender - Using pooled Channel '[id: 0x5f65588a, L:/127.0.0.1:65459 - R:localhost/127.0.0.1:46918]' for 'POST' to 'http://localhost:46918/session/d9521f72fd1661aa3da8bfadd7cd933e/element/48119BC04C0AA7B53F0AAD63E45512FB_element_25/click'
14:42:46.346 [Forwarding clickElement on session d9521f72fd1661aa3da8bfadd7cd933e to remote] DEBUG org.asynchttpclient.netty.request.NettyRequestSender - Using open Channel [id: 0x5f65588a, L:/127.0.0.1:65459 - R:localhost/127.0.0.1:46918] for POST '/session/d9521f72fd1661aa3da8bfadd7cd933e/element/48119BC04C0AA7B53F0AAD63E45512FB_element_25/click'
14:42:46.490 [AsyncHttpClient-1-1] DEBUG org.asynchttpclient.netty.channel.DefaultChannelPool - Entry count for : http://localhost:65460 : 1
14:42:47.595 [AsyncHttpClient-1-1] DEBUG org.asynchttpclient.netty.channel.DefaultChannelPool - Entry count for : http://localhost:65460 : 1
14:42:48.419 [AsyncHttpClient-1-7] DEBUG org.asynchttpclient.netty.handler.HttpHandler - 

Request DefaultHttpRequest(decodeResult: success, version: HTTP/1.1)
POST /session/d9521f72fd1661aa3da8bfadd7cd933e/element/48119BC04C0AA7B53F0AAD63E45512FB_element_25/click HTTP/1.1
User-Agent: selenium/4.7.1 (java windows)
Content-Length: 57
Content-Type: application/json; charset=utf-8
host: localhost:46918
accept: */*

Response DefaultHttpResponse(decodeResult: success, version: HTTP/1.1)
HTTP/1.1 400 Bad Request
Content-Type: application/json; charset=utf-8
cache-control: no-cache
content-length: 899

14:42:48.419 [AsyncHttpClient-1-7] DEBUG org.asynchttpclient.netty.channel.ChannelManager - Adding key: http://localhost:46918 for channel [id: 0x5f65588a, L:/127.0.0.1:65459 - R:localhost/127.0.0.1:46918]
14:42:48.679 [Forwarding clickElement on session d9521f72fd1661aa3da8bfadd7cd933e to remote] DEBUG org.asynchttpclient.netty.request.NettyRequestSender - Using pooled Channel '[id: 0x5f65588a, L:/127.0.0.1:65459 - R:localhost/127.0.0.1:46918]' for 'POST' to 'http://localhost:46918/session/d9521f72fd1661aa3da8bfadd7cd933e/element/48119BC04C0AA7B53F0AAD63E45512FB_element_25/click'
14:42:48.679 [Forwarding clickElement on session d9521f72fd1661aa3da8bfadd7cd933e to remote] DEBUG org.asynchttpclient.netty.request.NettyRequestSender - Using open Channel [id: 0x5f65588a, L:/127.0.0.1:65459 - R:localhost/127.0.0.1:46918] for POST '/session/d9521f72fd1661aa3da8bfadd7cd933e/element/48119BC04C0AA7B53F0AAD63E45512FB_element_25/click'
14:42:48.691 [AsyncHttpClient-1-1] DEBUG org.asynchttpclient.netty.channel.DefaultChannelPool - Entry count for : http://localhost:65460 : 1
14:42:49.796 [AsyncHttpClient-1-1] DEBUG org.asynchttpclient.netty.channel.DefaultChannelPool - Entry count for : http://localhost:65460 : 1
14:42:50.734 [AsyncHttpClient-1-7] DEBUG org.asynchttpclient.netty.handler.HttpHandler - 

Request DefaultHttpRequest(decodeResult: success, version: HTTP/1.1)
POST /session/d9521f72fd1661aa3da8bfadd7cd933e/element/48119BC04C0AA7B53F0AAD63E45512FB_element_25/click HTTP/1.1
User-Agent: selenium/4.7.1 (java windows)
Content-Length: 57
Content-Type: application/json; charset=utf-8
host: localhost:46918
accept: */*

Response DefaultHttpResponse(decodeResult: success, version: HTTP/1.1)
HTTP/1.1 400 Bad Request
Content-Type: application/json; charset=utf-8
cache-control: no-cache
content-length: 899

14:42:50.734 [AsyncHttpClient-1-7] DEBUG org.asynchttpclient.netty.channel.ChannelManager - Adding key: http://localhost:46918 for channel [id: 0x5f65588a, L:/127.0.0.1:65459 - R:localhost/127.0.0.1:46918]
14:42:50.897 [AsyncHttpClient-1-1] DEBUG org.asynchttpclient.netty.channel.DefaultChannelPool - Entry count for : http://localhost:46918 : 1
14:42:50.897 [AsyncHttpClient-1-1] DEBUG org.asynchttpclient.netty.channel.DefaultChannelPool - Entry count for : http://localhost:65460 : 1
14:42:50.989 [Forwarding clickElement on session d9521f72fd1661aa3da8bfadd7cd933e to remote] DEBUG org.asynchttpclient.netty.request.NettyRequestSender - Using pooled Channel '[id: 0x5f65588a, L:/127.0.0.1:65459 - R:localhost/127.0.0.1:46918]' for 'POST' to 'http://localhost:46918/session/d9521f72fd1661aa3da8bfadd7cd933e/element/48119BC04C0AA7B53F0AAD63E45512FB_element_25/click'
14:42:50.989 [Forwarding clickElement on session d9521f72fd1661aa3da8bfadd7cd933e to remote] DEBUG org.asynchttpclient.netty.request.NettyRequestSender - Using open Channel [id: 0x5f65588a, L:/127.0.0.1:65459 - R:localhost/127.0.0.1:46918] for POST '/session/d9521f72fd1661aa3da8bfadd7cd933e/element/48119BC04C0AA7B53F0AAD63E45512FB_element_25/click'
14:42:52.000 [AsyncHttpClient-1-1] DEBUG org.asynchttpclient.netty.channel.DefaultChannelPool - Entry count for : http://localhost:65460 : 1
14:42:53.017 [AsyncHttpClient-1-7] DEBUG org.asynchttpclient.netty.handler.HttpHandler - 

Request DefaultHttpRequest(decodeResult: success, version: HTTP/1.1)
POST /session/d9521f72fd1661aa3da8bfadd7cd933e/element/48119BC04C0AA7B53F0AAD63E45512FB_element_25/click HTTP/1.1
User-Agent: selenium/4.7.1 (java windows)
Content-Length: 57
Content-Type: application/json; charset=utf-8
host: localhost:46918
accept: */*

Response DefaultHttpResponse(decodeResult: success, version: HTTP/1.1)
HTTP/1.1 400 Bad Request
Content-Type: application/json; charset=utf-8
cache-control: no-cache
content-length: 899

14:42:53.017 [AsyncHttpClient-1-7] DEBUG org.asynchttpclient.netty.channel.ChannelManager - Adding key: http://localhost:46918 for channel [id: 0x5f65588a, L:/127.0.0.1:65459 - R:localhost/127.0.0.1:46918]
14:42:53.095 [AsyncHttpClient-1-1] DEBUG org.asynchttpclient.netty.channel.DefaultChannelPool - Entry count for : http://localhost:46918 : 1
14:42:53.095 [AsyncHttpClient-1-1] DEBUG org.asynchttpclient.netty.channel.DefaultChannelPool - Entry count for : http://localhost:65460 : 1
14:42:53.280 [Forwarding clickElement on session d9521f72fd1661aa3da8bfadd7cd933e to remote] DEBUG org.asynchttpclient.netty.request.NettyRequestSender - Using pooled Channel '[id: 0x5f65588a, L:/127.0.0.1:65459 - R:localhost/127.0.0.1:46918]' for 'POST' to 'http://localhost:46918/session/d9521f72fd1661aa3da8bfadd7cd933e/element/48119BC04C0AA7B53F0AAD63E45512FB_element_25/click'
14:42:53.280 [Forwarding clickElement on session d9521f72fd1661aa3da8bfadd7cd933e to remote] DEBUG org.asynchttpclient.netty.request.NettyRequestSender - Using open Channel [id: 0x5f65588a, L:/127.0.0.1:65459 - R:localhost/127.0.0.1:46918] for POST '/session/d9521f72fd1661aa3da8bfadd7cd933e/element/48119BC04C0AA7B53F0AAD63E45512FB_element_25/click'
14:42:54.202 [AsyncHttpClient-1-1] DEBUG org.asynchttpclient.netty.channel.DefaultChannelPool - Entry count for : http://localhost:65460 : 1
14:42:55.290 [AsyncHttpClient-1-1] DEBUG org.asynchttpclient.netty.channel.DefaultChannelPool - Entry count for : http://localhost:65460 : 1
14:42:55.307 [AsyncHttpClient-1-7] DEBUG org.asynchttpclient.netty.handler.HttpHandler - 

Request DefaultHttpRequest(decodeResult: success, version: HTTP/1.1)
POST /session/d9521f72fd1661aa3da8bfadd7cd933e/element/48119BC04C0AA7B53F0AAD63E45512FB_element_25/click HTTP/1.1
User-Agent: selenium/4.7.1 (java windows)
Content-Length: 57
Content-Type: application/json; charset=utf-8
host: localhost:46918
accept: */*

Response DefaultHttpResponse(decodeResult: success, version: HTTP/1.1)
HTTP/1.1 400 Bad Request
Content-Type: application/json; charset=utf-8
cache-control: no-cache
content-length: 899

14:42:55.307 [AsyncHttpClient-1-7] DEBUG org.asynchttpclient.netty.channel.ChannelManager - Adding key: http://localhost:46918 for channel [id: 0x5f65588a, L:/127.0.0.1:65459 - R:localhost/127.0.0.1:46918]
14:42:55.564 [Forwarding clickElement on session d9521f72fd1661aa3da8bfadd7cd933e to remote] DEBUG org.asynchttpclient.netty.request.NettyRequestSender - Using pooled Channel '[id: 0x5f65588a, L:/127.0.0.1:65459 - R:localhost/127.0.0.1:46918]' for 'POST' to 'http://localhost:46918/session/d9521f72fd1661aa3da8bfadd7cd933e/element/48119BC04C0AA7B53F0AAD63E45512FB_element_25/click'
14:42:55.564 [Forwarding clickElement on session d9521f72fd1661aa3da8bfadd7cd933e to remote] DEBUG org.asynchttpclient.netty.request.NettyRequestSender - Using open Channel [id: 0x5f65588a, L:/127.0.0.1:65459 - R:localhost/127.0.0.1:46918] for POST '/session/d9521f72fd1661aa3da8bfadd7cd933e/element/48119BC04C0AA7B53F0AAD63E45512FB_element_25/click'
14:42:56.391 [AsyncHttpClient-1-1] DEBUG org.asynchttpclient.netty.channel.DefaultChannelPool - Entry count for : http://localhost:65460 : 1
14:42:57.500 [AsyncHttpClient-1-1] DEBUG org.asynchttpclient.netty.channel.DefaultChannelPool - Entry count for : http://localhost:65460 : 1
14:42:57.635 [AsyncHttpClient-1-7] DEBUG org.asynchttpclient.netty.handler.HttpHandler - 

Request DefaultHttpRequest(decodeResult: success, version: HTTP/1.1)
POST /session/d9521f72fd1661aa3da8bfadd7cd933e/element/48119BC04C0AA7B53F0AAD63E45512FB_element_25/click HTTP/1.1
User-Agent: selenium/4.7.1 (java windows)
Content-Length: 57
Content-Type: application/json; charset=utf-8
host: localhost:46918
accept: */*

Response DefaultHttpResponse(decodeResult: success, version: HTTP/1.1)
HTTP/1.1 400 Bad Request
Content-Type: application/json; charset=utf-8
cache-control: no-cache
content-length: 899

14:42:57.635 [AsyncHttpClient-1-7] DEBUG org.asynchttpclient.netty.channel.ChannelManager - Adding key: http://localhost:46918 for channel [id: 0x5f65588a, L:/127.0.0.1:65459 - R:localhost/127.0.0.1:46918]
14:42:57.891 [Forwarding clickElement on session d9521f72fd1661aa3da8bfadd7cd933e to remote] DEBUG org.asynchttpclient.netty.request.NettyRequestSender - Using pooled Channel '[id: 0x5f65588a, L:/127.0.0.1:65459 - R:localhost/127.0.0.1:46918]' for 'POST' to 'http://localhost:46918/session/d9521f72fd1661aa3da8bfadd7cd933e/element/48119BC04C0AA7B53F0AAD63E45512FB_element_25/click'
14:42:57.891 [Forwarding clickElement on session d9521f72fd1661aa3da8bfadd7cd933e to remote] DEBUG org.asynchttpclient.netty.request.NettyRequestSender - Using open Channel [id: 0x5f65588a, L:/127.0.0.1:65459 - R:localhost/127.0.0.1:46918] for POST '/session/d9521f72fd1661aa3da8bfadd7cd933e/element/48119BC04C0AA7B53F0AAD63E45512FB_element_25/click'
14:42:58.595 [AsyncHttpClient-1-1] DEBUG org.asynchttpclient.netty.channel.DefaultChannelPool - Entry count for : http://localhost:65460 : 1
14:42:59.695 [AsyncHttpClient-1-1] DEBUG org.asynchttpclient.netty.channel.DefaultChannelPool - Entry count for : http://localhost:65460 : 1
14:42:59.919 [AsyncHttpClient-1-7] DEBUG org.asynchttpclient.netty.handler.HttpHandler - 

Request DefaultHttpRequest(decodeResult: success, version: HTTP/1.1)
POST /session/d9521f72fd1661aa3da8bfadd7cd933e/element/48119BC04C0AA7B53F0AAD63E45512FB_element_25/click HTTP/1.1
User-Agent: selenium/4.7.1 (java windows)
Content-Length: 57
Content-Type: application/json; charset=utf-8
host: localhost:46918
accept: */*

Response DefaultHttpResponse(decodeResult: success, version: HTTP/1.1)
HTTP/1.1 400 Bad Request
Content-Type: application/json; charset=utf-8
cache-control: no-cache
content-length: 899

14:42:59.919 [AsyncHttpClient-1-7] DEBUG org.asynchttpclient.netty.channel.ChannelManager - Adding key: http://localhost:46918 for channel [id: 0x5f65588a, L:/127.0.0.1:65459 - R:localhost/127.0.0.1:46918]
14:43:00.176 [Forwarding clickElement on session d9521f72fd1661aa3da8bfadd7cd933e to remote] DEBUG org.asynchttpclient.netty.request.NettyRequestSender - Using pooled Channel '[id: 0x5f65588a, L:/127.0.0.1:65459 - R:localhost/127.0.0.1:46918]' for 'POST' to 'http://localhost:46918/session/d9521f72fd1661aa3da8bfadd7cd933e/element/48119BC04C0AA7B53F0AAD63E45512FB_element_25/click'
14:43:00.176 [Forwarding clickElement on session d9521f72fd1661aa3da8bfadd7cd933e to remote] DEBUG org.asynchttpclient.netty.request.NettyRequestSender - Using open Channel [id: 0x5f65588a, L:/127.0.0.1:65459 - R:localhost/127.0.0.1:46918] for POST '/session/d9521f72fd1661aa3da8bfadd7cd933e/element/48119BC04C0AA7B53F0AAD63E45512FB_element_25/click'
14:43:00.792 [AsyncHttpClient-1-1] DEBUG org.asynchttpclient.netty.channel.DefaultChannelPool - Entry count for : http://localhost:65460 : 1
14:43:01.895 [AsyncHttpClient-1-1] DEBUG org.asynchttpclient.netty.channel.DefaultChannelPool - Entry count for : http://localhost:65460 : 1
14:43:02.211 [AsyncHttpClient-1-7] DEBUG org.asynchttpclient.netty.handler.HttpHandler - 

Request DefaultHttpRequest(decodeResult: success, version: HTTP/1.1)
POST /session/d9521f72fd1661aa3da8bfadd7cd933e/element/48119BC04C0AA7B53F0AAD63E45512FB_element_25/click HTTP/1.1
User-Agent: selenium/4.7.1 (java windows)
Content-Length: 57
Content-Type: application/json; charset=utf-8
host: localhost:46918
accept: */*

Response DefaultHttpResponse(decodeResult: success, version: HTTP/1.1)
HTTP/1.1 400 Bad Request
Content-Type: application/json; charset=utf-8
cache-control: no-cache
content-length: 899

14:43:02.211 [AsyncHttpClient-1-7] DEBUG org.asynchttpclient.netty.channel.ChannelManager - Adding key: http://localhost:46918 for channel [id: 0x5f65588a, L:/127.0.0.1:65459 - R:localhost/127.0.0.1:46918]
14:43:02.467 [Forwarding clickElement on session d9521f72fd1661aa3da8bfadd7cd933e to remote] DEBUG org.asynchttpclient.netty.request.NettyRequestSender - Using pooled Channel '[id: 0x5f65588a, L:/127.0.0.1:65459 - R:localhost/127.0.0.1:46918]' for 'POST' to 'http://localhost:46918/session/d9521f72fd1661aa3da8bfadd7cd933e/element/48119BC04C0AA7B53F0AAD63E45512FB_element_25/click'
14:43:02.467 [Forwarding clickElement on session d9521f72fd1661aa3da8bfadd7cd933e to remote] DEBUG org.asynchttpclient.netty.request.NettyRequestSender - Using open Channel [id: 0x5f65588a, L:/127.0.0.1:65459 - R:localhost/127.0.0.1:46918] for POST '/session/d9521f72fd1661aa3da8bfadd7cd933e/element/48119BC04C0AA7B53F0AAD63E45512FB_element_25/click'
14:43:02.995 [AsyncHttpClient-1-1] DEBUG org.asynchttpclient.netty.channel.DefaultChannelPool - Entry count for : http://localhost:65460 : 1
14:43:04.095 [AsyncHttpClient-1-1] DEBUG org.asynchttpclient.netty.channel.DefaultChannelPool - Entry count for : http://localhost:65460 : 1
14:43:04.509 [AsyncHttpClient-1-7] DEBUG org.asynchttpclient.netty.handler.HttpHandler - 

Request DefaultHttpRequest(decodeResult: success, version: HTTP/1.1)
POST /session/d9521f72fd1661aa3da8bfadd7cd933e/element/48119BC04C0AA7B53F0AAD63E45512FB_element_25/click HTTP/1.1
User-Agent: selenium/4.7.1 (java windows)
Content-Length: 57
Content-Type: application/json; charset=utf-8
host: localhost:46918
accept: */*

Response DefaultHttpResponse(decodeResult: success, version: HTTP/1.1)
HTTP/1.1 400 Bad Request
Content-Type: application/json; charset=utf-8
cache-control: no-cache
content-length: 899

14:43:04.509 [AsyncHttpClient-1-7] DEBUG org.asynchttpclient.netty.channel.ChannelManager - Adding key: http://localhost:46918 for channel [id: 0x5f65588a, L:/127.0.0.1:65459 - R:localhost/127.0.0.1:46918]
14:43:04.765 [Forwarding clickElement on session d9521f72fd1661aa3da8bfadd7cd933e to remote] DEBUG org.asynchttpclient.netty.request.NettyRequestSender - Using pooled Channel '[id: 0x5f65588a, L:/127.0.0.1:65459 - R:localhost/127.0.0.1:46918]' for 'POST' to 'http://localhost:46918/session/d9521f72fd1661aa3da8bfadd7cd933e/element/48119BC04C0AA7B53F0AAD63E45512FB_element_25/click'
14:43:04.765 [Forwarding clickElement on session d9521f72fd1661aa3da8bfadd7cd933e to remote] DEBUG org.asynchttpclient.netty.request.NettyRequestSender - Using open Channel [id: 0x5f65588a, L:/127.0.0.1:65459 - R:localhost/127.0.0.1:46918] for POST '/session/d9521f72fd1661aa3da8bfadd7cd933e/element/48119BC04C0AA7B53F0AAD63E45512FB_element_25/click'
14:43:05.204 [AsyncHttpClient-1-1] DEBUG org.asynchttpclient.netty.channel.DefaultChannelPool - Entry count for : http://localhost:65460 : 1
14:43:06.295 [AsyncHttpClient-1-1] DEBUG org.asynchttpclient.netty.channel.DefaultChannelPool - Entry count for : http://localhost:65460 : 1
14:43:06.788 [AsyncHttpClient-1-7] DEBUG org.asynchttpclient.netty.handler.HttpHandler - 

Request DefaultHttpRequest(decodeResult: success, version: HTTP/1.1)
POST /session/d9521f72fd1661aa3da8bfadd7cd933e/element/48119BC04C0AA7B53F0AAD63E45512FB_element_25/click HTTP/1.1
User-Agent: selenium/4.7.1 (java windows)
Content-Length: 57
Content-Type: application/json; charset=utf-8
host: localhost:46918
accept: */*

Response DefaultHttpResponse(decodeResult: success, version: HTTP/1.1)
HTTP/1.1 400 Bad Request
Content-Type: application/json; charset=utf-8
cache-control: no-cache
content-length: 899

14:43:06.788 [AsyncHttpClient-1-7] DEBUG org.asynchttpclient.netty.channel.ChannelManager - Adding key: http://localhost:46918 for channel [id: 0x5f65588a, L:/127.0.0.1:65459 - R:localhost/127.0.0.1:46918]
14:43:07.047 [Forwarding clickElement on session d9521f72fd1661aa3da8bfadd7cd933e to remote] DEBUG org.asynchttpclient.netty.request.NettyRequestSender - Using pooled Channel '[id: 0x5f65588a, L:/127.0.0.1:65459 - R:localhost/127.0.0.1:46918]' for 'POST' to 'http://localhost:46918/session/d9521f72fd1661aa3da8bfadd7cd933e/element/48119BC04C0AA7B53F0AAD63E45512FB_element_25/click'
14:43:07.047 [Forwarding clickElement on session d9521f72fd1661aa3da8bfadd7cd933e to remote] DEBUG org.asynchttpclient.netty.request.NettyRequestSender - Using open Channel [id: 0x5f65588a, L:/127.0.0.1:65459 - R:localhost/127.0.0.1:46918] for POST '/session/d9521f72fd1661aa3da8bfadd7cd933e/element/48119BC04C0AA7B53F0AAD63E45512FB_element_25/click'
14:43:07.394 [AsyncHttpClient-1-1] DEBUG org.asynchttpclient.netty.channel.DefaultChannelPool - Entry count for : http://localhost:65460 : 1
14:43:08.494 [AsyncHttpClient-1-1] DEBUG org.asynchttpclient.netty.channel.DefaultChannelPool - Entry count for : http://localhost:65460 : 1
14:43:09.070 [AsyncHttpClient-1-7] DEBUG org.asynchttpclient.netty.handler.HttpHandler - 

Request DefaultHttpRequest(decodeResult: success, version: HTTP/1.1)
POST /session/d9521f72fd1661aa3da8bfadd7cd933e/element/48119BC04C0AA7B53F0AAD63E45512FB_element_25/click HTTP/1.1
User-Agent: selenium/4.7.1 (java windows)
Content-Length: 57
Content-Type: application/json; charset=utf-8
host: localhost:46918
accept: */*

Response DefaultHttpResponse(decodeResult: success, version: HTTP/1.1)
HTTP/1.1 400 Bad Request
Content-Type: application/json; charset=utf-8
cache-control: no-cache
content-length: 899

14:43:09.070 [AsyncHttpClient-1-7] DEBUG org.asynchttpclient.netty.channel.ChannelManager - Adding key: http://localhost:46918 for channel [id: 0x5f65588a, L:/127.0.0.1:65459 - R:localhost/127.0.0.1:46918]
14:43:09.325 [Forwarding clickElement on session d9521f72fd1661aa3da8bfadd7cd933e to remote] DEBUG org.asynchttpclient.netty.request.NettyRequestSender - Using pooled Channel '[id: 0x5f65588a, L:/127.0.0.1:65459 - R:localhost/127.0.0.1:46918]' for 'POST' to 'http://localhost:46918/session/d9521f72fd1661aa3da8bfadd7cd933e/element/48119BC04C0AA7B53F0AAD63E45512FB_element_25/click'
14:43:09.325 [Forwarding clickElement on session d9521f72fd1661aa3da8bfadd7cd933e to remote] DEBUG org.asynchttpclient.netty.request.NettyRequestSender - Using open Channel [id: 0x5f65588a, L:/127.0.0.1:65459 - R:localhost/127.0.0.1:46918] for POST '/session/d9521f72fd1661aa3da8bfadd7cd933e/element/48119BC04C0AA7B53F0AAD63E45512FB_element_25/click'
14:43:09.594 [AsyncHttpClient-1-1] DEBUG org.asynchttpclient.netty.channel.DefaultChannelPool - Entry count for : http://localhost:65460 : 1
14:43:10.698 [AsyncHttpClient-1-1] DEBUG org.asynchttpclient.netty.channel.DefaultChannelPool - Entry count for : http://localhost:65460 : 1
14:43:11.360 [AsyncHttpClient-1-7] DEBUG org.asynchttpclient.netty.handler.HttpHandler - 

Request DefaultHttpRequest(decodeResult: success, version: HTTP/1.1)
POST /session/d9521f72fd1661aa3da8bfadd7cd933e/element/48119BC04C0AA7B53F0AAD63E45512FB_element_25/click HTTP/1.1
User-Agent: selenium/4.7.1 (java windows)
Content-Length: 57
Content-Type: application/json; charset=utf-8
host: localhost:46918
accept: */*

Response DefaultHttpResponse(decodeResult: success, version: HTTP/1.1)
HTTP/1.1 400 Bad Request
Content-Type: application/json; charset=utf-8
cache-control: no-cache
content-length: 899

14:43:11.360 [AsyncHttpClient-1-7] DEBUG org.asynchttpclient.netty.channel.ChannelManager - Adding key: http://localhost:46918 for channel [id: 0x5f65588a, L:/127.0.0.1:65459 - R:localhost/127.0.0.1:46918]
14:43:11.617 [Forwarding getCurrentWindowHandle on session d9521f72fd1661aa3da8bfadd7cd933e to remote] DEBUG org.asynchttpclient.netty.request.NettyRequestSender - Using pooled Channel '[id: 0x5f65588a, L:/127.0.0.1:65459 - R:localhost/127.0.0.1:46918]' for 'GET' to 'http://localhost:46918/session/d9521f72fd1661aa3da8bfadd7cd933e/window'
14:43:11.625 [Forwarding getCurrentWindowHandle on session d9521f72fd1661aa3da8bfadd7cd933e to remote] DEBUG org.asynchttpclient.netty.request.NettyRequestSender - Using open Channel [id: 0x5f65588a, L:/127.0.0.1:65459 - R:localhost/127.0.0.1:46918] for GET '/session/d9521f72fd1661aa3da8bfadd7cd933e/window'
14:43:11.625 [AsyncHttpClient-1-7] DEBUG org.asynchttpclient.netty.handler.HttpHandler - 

Request DefaultFullHttpRequest(decodeResult: success, version: HTTP/1.1, content: EmptyByteBufBE)
GET /session/d9521f72fd1661aa3da8bfadd7cd933e/window HTTP/1.1
User-Agent: selenium/4.7.1 (java windows)
Cache-Control: no-cache
Content-Type: application/json; charset=utf-8
host: localhost:46918
accept: */*

Response DefaultHttpResponse(decodeResult: success, version: HTTP/1.1)
HTTP/1.1 200 OK
Content-Type: application/json; charset=utf-8
cache-control: no-cache
content-length: 44

14:43:11.625 [AsyncHttpClient-1-7] DEBUG org.asynchttpclient.netty.channel.ChannelManager - Adding key: http://localhost:46918 for channel [id: 0x5f65588a, L:/127.0.0.1:65459 - R:localhost/127.0.0.1:46918]
14:43:11.625 [Forwarding getAlertText on session d9521f72fd1661aa3da8bfadd7cd933e to remote] DEBUG org.asynchttpclient.netty.request.NettyRequestSender - Using pooled Channel '[id: 0x5f65588a, L:/127.0.0.1:65459 - R:localhost/127.0.0.1:46918]' for 'GET' to 'http://localhost:46918/session/d9521f72fd1661aa3da8bfadd7cd933e/alert/text'
14:43:11.625 [Forwarding getAlertText on session d9521f72fd1661aa3da8bfadd7cd933e to remote] DEBUG org.asynchttpclient.netty.request.NettyRequestSender - Using open Channel [id: 0x5f65588a, L:/127.0.0.1:65459 - R:localhost/127.0.0.1:46918] for GET '/session/d9521f72fd1661aa3da8bfadd7cd933e/alert/text'
14:43:11.625 [AsyncHttpClient-1-7] DEBUG org.asynchttpclient.netty.handler.HttpHandler - 

Request DefaultFullHttpRequest(decodeResult: success, version: HTTP/1.1, content: EmptyByteBufBE)
GET /session/d9521f72fd1661aa3da8bfadd7cd933e/alert/text HTTP/1.1
User-Agent: selenium/4.7.1 (java windows)
Cache-Control: no-cache
Content-Type: application/json; charset=utf-8
host: localhost:46918
accept: */*

Response DefaultHttpResponse(decodeResult: success, version: HTTP/1.1)
HTTP/1.1 404 Not Found
Content-Type: application/json; charset=utf-8
cache-control: no-cache
content-length: 821

14:43:11.625 [AsyncHttpClient-1-7] DEBUG org.asynchttpclient.netty.channel.ChannelManager - Adding key: http://localhost:46918 for channel [id: 0x5f65588a, L:/127.0.0.1:65459 - R:localhost/127.0.0.1:46918]
14:43:11.625 [Forwarding switchToWindow on session d9521f72fd1661aa3da8bfadd7cd933e to remote] DEBUG org.asynchttpclient.netty.request.NettyRequestSender - Using pooled Channel '[id: 0x5f65588a, L:/127.0.0.1:65459 - R:localhost/127.0.0.1:46918]' for 'POST' to 'http://localhost:46918/session/d9521f72fd1661aa3da8bfadd7cd933e/window'
14:43:11.625 [Forwarding switchToWindow on session d9521f72fd1661aa3da8bfadd7cd933e to remote] DEBUG org.asynchttpclient.netty.request.NettyRequestSender - Using open Channel [id: 0x5f65588a, L:/127.0.0.1:65459 - R:localhost/127.0.0.1:46918] for POST '/session/d9521f72fd1661aa3da8bfadd7cd933e/window'
14:43:11.635 [AsyncHttpClient-1-7] DEBUG org.asynchttpclient.netty.handler.HttpHandler - 

Request DefaultHttpRequest(decodeResult: success, version: HTTP/1.1)
POST /session/d9521f72fd1661aa3da8bfadd7cd933e/window HTTP/1.1
User-Agent: selenium/4.7.1 (java windows)
Content-Length: 50
Content-Type: application/json; charset=utf-8
host: localhost:46918
accept: */*

Response DefaultHttpResponse(decodeResult: success, version: HTTP/1.1)
HTTP/1.1 200 OK
Content-Type: application/json; charset=utf-8
cache-control: no-cache
content-length: 14

14:43:11.635 [AsyncHttpClient-1-7] DEBUG org.asynchttpclient.netty.channel.ChannelManager - Adding key: http://localhost:46918 for channel [id: 0x5f65588a, L:/127.0.0.1:65459 - R:localhost/127.0.0.1:46918]
14:43:11.635 [Forwarding getCurrentUrl on session d9521f72fd1661aa3da8bfadd7cd933e to remote] DEBUG org.asynchttpclient.netty.request.NettyRequestSender - Using pooled Channel '[id: 0x5f65588a, L:/127.0.0.1:65459 - R:localhost/127.0.0.1:46918]' for 'GET' to 'http://localhost:46918/session/d9521f72fd1661aa3da8bfadd7cd933e/url'
14:43:11.635 [Forwarding getCurrentUrl on session d9521f72fd1661aa3da8bfadd7cd933e to remote] DEBUG org.asynchttpclient.netty.request.NettyRequestSender - Using open Channel [id: 0x5f65588a, L:/127.0.0.1:65459 - R:localhost/127.0.0.1:46918] for GET '/session/d9521f72fd1661aa3da8bfadd7cd933e/url'
14:43:11.641 [AsyncHttpClient-1-7] DEBUG org.asynchttpclient.netty.handler.HttpHandler - 

Request DefaultFullHttpRequest(decodeResult: success, version: HTTP/1.1, content: EmptyByteBufBE)
GET /session/d9521f72fd1661aa3da8bfadd7cd933e/url HTTP/1.1
User-Agent: selenium/4.7.1 (java windows)
Cache-Control: no-cache
Content-Type: application/json; charset=utf-8
host: localhost:46918
accept: */*

Response DefaultHttpResponse(decodeResult: success, version: HTTP/1.1)
HTTP/1.1 200 OK
Content-Type: application/json; charset=utf-8
cache-control: no-cache
content-length: 58

14:43:11.641 [AsyncHttpClient-1-7] DEBUG org.asynchttpclient.netty.channel.ChannelManager - Adding key: http://localhost:46918 for channel [id: 0x5f65588a, L:/127.0.0.1:65459 - R:localhost/127.0.0.1:46918]
14:43:11.641 [Forwarding screenshot on session d9521f72fd1661aa3da8bfadd7cd933e to remote] DEBUG org.asynchttpclient.netty.request.NettyRequestSender - Using pooled Channel '[id: 0x5f65588a, L:/127.0.0.1:65459 - R:localhost/127.0.0.1:46918]' for 'GET' to 'http://localhost:46918/session/d9521f72fd1661aa3da8bfadd7cd933e/screenshot'
14:43:11.641 [Forwarding screenshot on session d9521f72fd1661aa3da8bfadd7cd933e to remote] DEBUG org.asynchttpclient.netty.request.NettyRequestSender - Using open Channel [id: 0x5f65588a, L:/127.0.0.1:65459 - R:localhost/127.0.0.1:46918] for GET '/session/d9521f72fd1661aa3da8bfadd7cd933e/screenshot'
14:43:11.771 [AsyncHttpClient-1-7] DEBUG org.asynchttpclient.netty.handler.HttpHandler - 

Request DefaultFullHttpRequest(decodeResult: success, version: HTTP/1.1, content: EmptyByteBufBE)
GET /session/d9521f72fd1661aa3da8bfadd7cd933e/screenshot HTTP/1.1
User-Agent: selenium/4.7.1 (java windows)
Cache-Control: no-cache
Content-Type: application/json; charset=utf-8
host: localhost:46918
accept: */*

Response DefaultHttpResponse(decodeResult: success, version: HTTP/1.1)
HTTP/1.1 200 OK
Content-Type: application/json; charset=utf-8
cache-control: no-cache
content-length: 61884

14:43:11.771 [AsyncHttpClient-1-7] DEBUG org.asynchttpclient.netty.channel.ChannelManager - Adding key: http://localhost:46918 for channel [id: 0x5f65588a, L:/127.0.0.1:65459 - R:localhost/127.0.0.1:46918]
14:43:11.771 [main] DEBUG net.serenitybdd.core.photography.Darkroom - Send negative for processing for target\site\serenity\d08e886fca0ed9a3307e22119daf321013d2d83dd44de5561b613c96d77706e5.png
14:43:11.779 [Darkroom Processing Line] DEBUG net.serenitybdd.core.photography.DarkroomProcessingLine - Processing screenshot image in /var/screenshots/screenshot-12214791196626369203
14:43:11.779 [Darkroom Processing Line] DEBUG net.serenitybdd.core.photography.DarkroomProcessingLine - Saving screenshot to target\site\serenity\d08e886fca0ed9a3307e22119daf321013d2d83dd44de5561b613c96d77706e5.png
14:43:11.779 [Forwarding getPageSource on session d9521f72fd1661aa3da8bfadd7cd933e to remote] DEBUG org.asynchttpclient.netty.request.NettyRequestSender - Using pooled Channel '[id: 0x5f65588a, L:/127.0.0.1:65459 - R:localhost/127.0.0.1:46918]' for 'POST' to 'http://localhost:46918/session/d9521f72fd1661aa3da8bfadd7cd933e/execute/sync'
14:43:11.779 [Forwarding getPageSource on session d9521f72fd1661aa3da8bfadd7cd933e to remote] DEBUG org.asynchttpclient.netty.request.NettyRequestSender - Using open Channel [id: 0x5f65588a, L:/127.0.0.1:65459 - R:localhost/127.0.0.1:46918] for POST '/session/d9521f72fd1661aa3da8bfadd7cd933e/execute/sync'
14:43:11.792 [AsyncHttpClient-1-1] DEBUG org.asynchttpclient.netty.channel.DefaultChannelPool - Entry count for : http://localhost:65460 : 1
14:43:11.792 [AsyncHttpClient-1-7] DEBUG org.asynchttpclient.netty.handler.HttpHandler - 

Request DefaultHttpRequest(decodeResult: success, version: HTTP/1.1)
POST /session/d9521f72fd1661aa3da8bfadd7cd933e/execute/sync HTTP/1.1
User-Agent: selenium/4.7.1 (java windows)
Content-Length: 176
Content-Type: application/json; charset=utf-8
host: localhost:46918
accept: */*

Response DefaultHttpResponse(decodeResult: success, version: HTTP/1.1)
HTTP/1.1 200 OK
Content-Type: application/json; charset=utf-8
cache-control: no-cache
content-length: 41130

14:43:11.792 [AsyncHttpClient-1-7] DEBUG org.asynchttpclient.netty.channel.ChannelManager - Adding key: http://localhost:46918 for channel [id: 0x5f65588a, L:/127.0.0.1:65459 - R:localhost/127.0.0.1:46918]
14:43:11.808 [Forwarding getCurrentUrl on session d9521f72fd1661aa3da8bfadd7cd933e to remote] DEBUG org.asynchttpclient.netty.request.NettyRequestSender - Using pooled Channel '[id: 0x5f65588a, L:/127.0.0.1:65459 - R:localhost/127.0.0.1:46918]' for 'GET' to 'http://localhost:46918/session/d9521f72fd1661aa3da8bfadd7cd933e/url'
14:43:11.808 [Forwarding getCurrentUrl on session d9521f72fd1661aa3da8bfadd7cd933e to remote] DEBUG org.asynchttpclient.netty.request.NettyRequestSender - Using open Channel [id: 0x5f65588a, L:/127.0.0.1:65459 - R:localhost/127.0.0.1:46918] for GET '/session/d9521f72fd1661aa3da8bfadd7cd933e/url'
14:43:11.816 [AsyncHttpClient-1-7] DEBUG org.asynchttpclient.netty.handler.HttpHandler - 

Request DefaultFullHttpRequest(decodeResult: success, version: HTTP/1.1, content: EmptyByteBufBE)
GET /session/d9521f72fd1661aa3da8bfadd7cd933e/url HTTP/1.1
User-Agent: selenium/4.7.1 (java windows)
Cache-Control: no-cache
Content-Type: application/json; charset=utf-8
host: localhost:46918
accept: */*

Response DefaultHttpResponse(decodeResult: success, version: HTTP/1.1)
HTTP/1.1 200 OK
Content-Type: application/json; charset=utf-8
cache-control: no-cache
content-length: 58

14:43:11.816 [AsyncHttpClient-1-7] DEBUG org.asynchttpclient.netty.channel.ChannelManager - Adding key: http://localhost:46918 for channel [id: 0x5f65588a, L:/127.0.0.1:65459 - R:localhost/127.0.0.1:46918]
  &amp#27;[31mAnd &amp#27;[0m&amp#27;[31mAdmin klik icon hapus pada salah satu produk&amp#27;[0m                                        &amp#27;[90m# starter.stepdefinitions.PDAMSteps.adminKlikIconHapusPadaSalahSatuProduk()&amp#27;[0m
      &amp#27;[31morg.openqa.selenium.ElementNotInteractableException: element not interactable
  (Session info: chrome=114.0.5735.134)
Build info: version: '4.7.1', revision: 'c6795baf1a3'
System info: os.name: 'Windows 11', os.arch: 'amd64', os.version: '10.0', java.version: '19.0.2'
Driver info: org.openqa.selenium.chrome.ChromeDriver
Command: [d9521f72fd1661aa3da8bfadd7cd933e, clickElement {id=48119BC04C0AA7B53F0AAD63E45512FB_element_25}]
Capabilities {acceptInsecureCerts: true, browserName: chrome, browserVersion: 114.0.5735.134, chrome: {chromedriverVersion: 114.0.5735.90 (386bc09e8f4f..., userDataDir: C:\Users\HP\AppData\Local\T...}, goog:chromeOptions: {debuggerAddress: localhost:65460}, networkConnectionEnabled: false, pageLoadStrategy: normal, platformName: WINDOWS, proxy: Proxy(), se:cdp: ws://localhost:65460/devtoo..., se:cdpVersion: 114.0.5735.134, setWindowRect: true, strictFileInteractability: false, timeouts: {implicit: 0, pageLoad: 300000, script: 30000}, unhandledPromptBehavior: dismiss and notify, webauthn:extension:credBlob: true, webauthn:extension:largeBlob: true, webauthn:extension:minPinLength: true, webauthn:extension:prf: true, webauthn:virtualAuthenticators: true}
Element: [[ChromeDriver: chrome on WINDOWS (d9521f72fd1661aa3da8bfadd7cd933e)] -> xpath: //tbody[2]/tr[1]/td[4]/a[2]//*[name()='svg']]
Session ID: d9521f72fd1661aa3da8bfadd7cd933e
	at java.base/jdk.internal.reflect.DirectConstructorHandleAccessor.newInstance(DirectConstructorHandleAccessor.java:67)
	at java.base/java.lang.reflect.Constructor.newInstanceWithCaller(Constructor.java:500)
	at java.base/java.lang.reflect.Constructor.newInstance(Constructor.java:484)
	at org.openqa.selenium.remote.codec.w3c.W3CHttpResponseCodec.createException(W3CHttpResponseCodec.java:200)
	at org.openqa.selenium.remote.codec.w3c.W3CHttpResponseCodec.decode(W3CHttpResponseCodec.java:133)
	at org.openqa.selenium.remote.codec.w3c.W3CHttpResponseCodec.decode(W3CHttpResponseCodec.java:53)
	at org.openqa.selenium.remote.HttpCommandExecutor.execute(HttpCommandExecutor.java:184)
	at org.openqa.selenium.remote.service.DriverCommandExecutor.invokeExecute(DriverCommandExecutor.java:167)
	at org.openqa.selenium.remote.service.DriverCommandExecutor.execute(DriverCommandExecutor.java:142)
	at org.openqa.selenium.remote.RemoteWebDriver.execute(RemoteWebDriver.java:551)
	at org.openqa.selenium.remote.RemoteWebElement.execute(RemoteWebElement.java:257)
	at org.openqa.selenium.remote.RemoteWebElement.click(RemoteWebElement.java:78)
	at net.serenitybdd.core.pages.WebElementFacadeImpl.lambda$click$6(WebElementFacadeImpl.java:1213)
	at net.serenitybdd.core.pages.WithRetries.perform(WithRetries.java:22)
	at net.serenitybdd.core.pages.WithRetries.perform(WithRetries.java:27)
	at net.serenitybdd.core.pages.WithRetries.perform(WithRetries.java:27)
	at net.serenitybdd.core.pages.WithRetries.perform(WithRetries.java:27)
	at net.serenitybdd.core.pages.WithRetries.perform(WithRetries.java:27)
	at net.serenitybdd.core.pages.WithRetries.perform(WithRetries.java:27)
	at net.serenitybdd.core.pages.WithRetries.perform(WithRetries.java:27)
	at net.serenitybdd.core.pages.WithRetries.perform(WithRetries.java:27)
	at net.serenitybdd.core.pages.WithRetries.perform(WithRetries.java:27)
	at net.serenitybdd.core.pages.WithRetries.perform(WithRetries.java:27)
	at net.serenitybdd.core.pages.WithRetries.perform(WithRetries.java:27)
	at net.serenitybdd.core.pages.WithRetries.perform(WithRetries.java:27)
	at net.serenitybdd.core.pages.WebElementFacadeImpl.click(WebElementFacadeImpl.java:1213)
	at net.serenitybdd.core.pages.WebElementFacadeImpl.click(WebElementFacadeImpl.java:1224)
	at skuypayweb@1.0-SNAPSHOT/starter.pages.PDAMPage.klikiconhapusPDAM(PDAMPage.java:157)
	at skuypayweb@1.0-SNAPSHOT/starter.pages.PDAMPage$ByteBuddy$kYQqTyIK.klikiconhapusPDAM$accessor$nkFtnZDd(Unknown Source)
	at java.base/jdk.internal.reflect.DirectMethodHandleAccessor.invoke(DirectMethodHandleAccessor.java:104)
	at java.base/java.lang.reflect.Method.invoke(Method.java:578)
	at net.thucydides.core.steps.StepInterceptor.invokeMethod(StepInterceptor.java:503)
	at net.thucydides.core.steps.StepInterceptor.executeTestStepMethod(StepInterceptor.java:483)
	at net.thucydides.core.steps.StepInterceptor.runTestStep(StepInterceptor.java:457)
	at net.thucydides.core.steps.StepInterceptor.runOrSkipMethod(StepInterceptor.java:209)
	at net.thucydides.core.steps.StepInterceptor.testStepResult(StepInterceptor.java:196)
	at net.thucydides.core.steps.StepInterceptor.intercept(StepInterceptor.java:84)
	at net.thucydides.core.steps.ProxyConfiguration$InterceptorDispatcher.intercept(ProxyConfiguration.java:51)
	at skuypayweb@1.0-SNAPSHOT/starter.pages.PDAMPage$ByteBuddy$kYQqTyIK.klikiconhapusPDAM(Unknown Source)
	at skuypayweb@1.0-SNAPSHOT/starter.stepdefinitions.PDAMSteps.adminKlikIconHapusPadaSalahSatuProduk(PDAMSteps.java:102)
	at ✽.Admin klik icon hapus pada salah satu produk(file:///C:/Dev/CapstoneProjectBaru/SKUYPAY%20WEB%20AUTOMATION/src/test/resources/features/PDAM.feature:79)
&amp#27;[0m
  &amp#27;[36mThen &amp#27;[0m&amp#27;[36mAdmin klik hapus dan muncul notifikasi berhasil dihapus atau produk berkurang satu&amp#27;[0m &amp#27;[90m# starter.stepdefinitions.PDAMSteps.adminKlikHapusDanMunculNotifikasiBerhasilDihapusAtauProdukBerkurangSatu()&amp#27;[0m
14:43:11.856 [main] ERROR  - 
  _____   ___   ___   _____     ___   ___   ___    ___    ___ 
 |_   _| | __| / __| |_   _|   | __| | _ \ | _ \  / _ \  | _ \
   | |   | _|  \__ \   | |     | _|  |   / |   / | (_) | |   /
   |_|   |___| |___/   |_|     |___| |_|_\ |_|_\  \___/  |_|_\

Admin ingin menghapus salah satu nama produk PDAM
---------------------------------------------------------------
14:43:11.856 [main] DEBUG  - RELATED ISSUES: 
14:43:11.856 [main] ERROR  -     Test failed at step: Klikiconhapus PDAM
14:43:11.856 [main] ERROR  -     element not interactable
14:43:11.856 [AsyncHttpClient-1-9] DEBUG org.asynchttpclient.netty.handler.WebSocketHandler - Channel Closed: [id: 0xf1433bd4, L:/127.0.0.1:65468 ! R:localhost/127.0.0.1:65460] with attribute NettyResponseFuture{currentRetry=0,
	isDone=1,
	isCancelled=0,
	asyncHandler=org.asynchttpclient.ws.WebSocketUpgradeHandler@6ab9b561,
	nettyRequest=org.asynchttpclient.netty.request.NettyRequest@34315c2a,
	future=java.util.concurrent.CompletableFuture@129cef6c[Completed normally],
	uri=ws://localhost:65460/devtools/browser/801ac891-6162-4865-8f5d-890ce171068d,
	keepAlive=true,
	redirectCount=0,
	timeoutsHolder=null,
	inAuth=0,
	touch=1687074156802}
14:43:11.856 [AsyncHttpClient-1-9] DEBUG org.asynchttpclient.netty.channel.ChannelManager - Closing Channel [id: 0xf1433bd4, L:/127.0.0.1:65468 ! R:localhost/127.0.0.1:65460] 
14:43:11.856 [Driver Command Executor] DEBUG org.asynchttpclient.netty.request.NettyRequestSender - Using pooled Channel '[id: 0x5f65588a, L:/127.0.0.1:65459 - R:localhost/127.0.0.1:46918]' for 'DELETE' to 'http://localhost:46918/session/d9521f72fd1661aa3da8bfadd7cd933e'
14:43:11.856 [Driver Command Executor] DEBUG org.asynchttpclient.netty.request.NettyRequestSender - Using open Channel [id: 0x5f65588a, L:/127.0.0.1:65459 - R:localhost/127.0.0.1:46918] for DELETE '/session/d9521f72fd1661aa3da8bfadd7cd933e'
14:43:11.968 [AsyncHttpClient-1-8] DEBUG org.asynchttpclient.netty.handler.HttpHandler - Unexpected I/O exception on channel [id: 0xb5506189, L:/127.0.0.1:65467 - R:localhost/127.0.0.1:65460]
java.net.SocketException: Connection reset
	at java.base/sun.nio.ch.SocketChannelImpl.throwConnectionReset(SocketChannelImpl.java:401)
	at java.base/sun.nio.ch.SocketChannelImpl.read(SocketChannelImpl.java:434)
	at io.netty.buffer.PooledByteBuf.setBytes(PooledByteBuf.java:259)
	at io.netty.buffer.AbstractByteBuf.writeBytes(AbstractByteBuf.java:1132)
	at io.netty.channel.socket.nio.NioSocketChannel.doReadBytes(NioSocketChannel.java:357)
	at io.netty.channel.nio.AbstractNioByteChannel$NioByteUnsafe.read(AbstractNioByteChannel.java:151)
	at io.netty.channel.nio.NioEventLoop.processSelectedKey(NioEventLoop.java:788)
	at io.netty.channel.nio.NioEventLoop.processSelectedKeysOptimized(NioEventLoop.java:724)
	at io.netty.channel.nio.NioEventLoop.processSelectedKeys(NioEventLoop.java:650)
	at io.netty.channel.nio.NioEventLoop.run(NioEventLoop.java:562)
	at io.netty.util.concurrent.SingleThreadEventExecutor$4.run(SingleThreadEventExecutor.java:997)
	at io.netty.util.internal.ThreadExecutorMap$2.run(ThreadExecutorMap.java:74)
	at io.netty.util.concurrent.FastThreadLocalRunnable.run(FastThreadLocalRunnable.java:30)
	at java.base/java.lang.Thread.run(Thread.java:1589)
14:43:11.968 [AsyncHttpClient-1-8] DEBUG org.asynchttpclient.netty.channel.ChannelManager - Closing Channel [id: 0xb5506189, L:/127.0.0.1:65467 - R:localhost/127.0.0.1:65460] 
14:43:11.968 [AsyncHttpClient-1-8] DEBUG org.asynchttpclient.netty.handler.HttpHandler - Channel Closed: [id: 0xb5506189, L:/127.0.0.1:65467 ! R:localhost/127.0.0.1:65460] with attribute DISCARD
14:43:12.104 [AsyncHttpClient-1-7] DEBUG org.asynchttpclient.netty.handler.HttpHandler - 

Request DefaultFullHttpRequest(decodeResult: success, version: HTTP/1.1, content: EmptyByteBufBE)
DELETE /session/d9521f72fd1661aa3da8bfadd7cd933e HTTP/1.1
User-Agent: selenium/4.7.1 (java windows)
Content-Type: application/json; charset=utf-8
host: localhost:46918
accept: */*

Response DefaultHttpResponse(decodeResult: success, version: HTTP/1.1)
HTTP/1.1 200 OK
Content-Type: application/json; charset=utf-8
cache-control: no-cache
content-length: 14

14:43:12.104 [AsyncHttpClient-1-7] DEBUG org.asynchttpclient.netty.channel.ChannelManager - Adding key: http://localhost:46918 for channel [id: 0x5f65588a, L:/127.0.0.1:65459 - R:localhost/127.0.0.1:46918]
14:43:12.200 [AsyncHttpClient-1-7] DEBUG org.asynchttpclient.netty.handler.HttpHandler - Channel Closed: [id: 0x5f65588a, L:/127.0.0.1:65459 ! R:localhost/127.0.0.1:46918] with attribute DISCARD
]]></system-out>
    <system-err><![CDATA[Starting ChromeDriver 114.0.5735.90 (386bc09e8f4f2e025eddae123f36f6263096ae49-refs/branch-heads/5735@{#1052}) on port 46918
Only local connections are allowed.
Please see https://chromedriver.chromium.org/security-considerations for suggestions on keeping ChromeDriver safe.
ChromeDriver was started successfully.
Jun 18, 2023 2:42:36 PM org.openqa.selenium.devtools.CdpVersionFinder findNearestMatch
WARNING: Unable to find CDP implementation matching 114
Jun 18, 2023 2:42:36 PM org.openqa.selenium.chromium.ChromiumDriver lambda$new$3
WARNING: Unable to find version of CDP to use for . You may need to include a dependency on a specific version of the CDP using something similar to `org.seleniumhq.selenium:selenium-devtools-v86:4.7.1` where the version ("v86") matches the version of the chromium-based browser you're using and the version number of the artifact is the same as Selenium's.
]]></system-err>
  </testcase>
  <testcase name="Admin tidak dapat menghapus salah satu data produk PDAM karena kesalahan klik tidak jadi ingin dihapus" classname="PDAM" time="37.008">
    <error type="org.openqa.selenium.ElementNotInteractableException"><![CDATA[org.openqa.selenium.ElementNotInteractableException: 
element not interactable
  (Session info: chrome=114.0.5735.134)
Build info: version: '4.7.1', revision: 'c6795baf1a3'
System info: os.name: 'Windows 11', os.arch: 'amd64', os.version: '10.0', java.version: '19.0.2'
Driver info: org.openqa.selenium.chrome.ChromeDriver
Command: [d2a19bb89b17c43922249571f197f61e, clickElement {id=A3CD3D33AF0E27DABA99E64DE2DB0024_element_56}]
Capabilities {acceptInsecureCerts: true, browserName: chrome, browserVersion: 114.0.5735.134, chrome: {chromedriverVersion: 114.0.5735.90 (386bc09e8f4f..., userDataDir: C:\Users\HP\AppData\Local\T...}, goog:chromeOptions: {debuggerAddress: localhost:65522}, networkConnectionEnabled: false, pageLoadStrategy: normal, platformName: WINDOWS, proxy: Proxy(), se:cdp: ws://localhost:65522/devtoo..., se:cdpVersion: 114.0.5735.134, setWindowRect: true, strictFileInteractability: false, timeouts: {implicit: 0, pageLoad: 300000, script: 30000}, unhandledPromptBehavior: dismiss and notify, webauthn:extension:credBlob: true, webauthn:extension:largeBlob: true, webauthn:extension:minPinLength: true, webauthn:extension:prf: true, webauthn:virtualAuthenticators: true}
Element: [[ChromeDriver: chrome on WINDOWS (d2a19bb89b17c43922249571f197f61e)] -> xpath: //tbody[2]/tr[1]/td[4]/a[2]//*[name()='svg']]
Session ID: d2a19bb89b17c43922249571f197f61e
]]></error>
    <system-out><![CDATA[
@PDAM-09
Scenario: Admin tidak dapat menghapus salah satu data produk PDAM karena kesalahan klik tidak jadi ingin dihapus &amp#27;[90m# src/test/resources/features/PDAM.feature:83&amp#27;[0m
14:43:12.299 [main] INFO io.cucumber.core.plugin.SerenityReporter - Running feature from file:///C:/Dev/CapstoneProjectBaru/SKUYPAY%20WEB%20AUTOMATION/src/test/resources/features/PDAM.feature
14:43:12.299 [main] INFO  - 
  _____   ___   ___   _____     ___   _____     _     ___   _____   ___   ___  
 |_   _| | __| / __| |_   _|   / __| |_   _|   /_\   | _ \ |_   _| | __| |   \ 
   | |   | _|  \__ \   | |     \__ \   | |    / _ \  |   /   | |   | _|  | |) |
   |_|   |___| |___/   |_|     |___/   |_|   /_/ \_\ |_|_\   |_|   |___| |___/ 

Admin tidak dapat menghapus salah satu data produk PDAM karena kesalahan klik tidak jadi ingin dihapus(pdam;admin-tidak-dapat-menghapus-salah-satu-data-produk-pdam-karena-kesalahan-klik-tidak-jadi-ingin-dihapus)
--------------------------------------------------------------------------------
14:43:12.323 [main] DEBUG net.thucydides.core.steps.StepInterceptor - STARTING STEP: TransaksiSteps.adminMelakukanLoginAkun - diHomepageSkuyPay
14:43:12.419 [main] INFO net.serenitybdd.core.webdriver.driverproviders.ChromeDriverProvider - Starting Chrome driver instance with capabilities:
14:43:12.419 [main] INFO net.serenitybdd.core.webdriver.driverproviders.ChromeDriverProvider - Capabilities {acceptInsecureCerts: true, browserName: chrome, goog:chromeOptions: {args: [remote-allow-origins=*, test-type, no-sandbox, ignore-certificate-errors, start-maximized, incognito, disable-infobars, disable-gpu, disable-default-apps, disable-popup-blocking, remote-allow-origins=*, test-type, no-sandbox, ignore-certificate-errors, start-maximized, incognito, disable-infobars, disable-gpu, disable-default-apps, disable-popup-blocking], extensions: []}}
14:43:12.659 [AsyncHttpClient-1-10] DEBUG org.asynchttpclient.netty.channel.NettyConnectListener - Using new Channel '[id: 0xd5958eef, L:/127.0.0.1:65521 - R:localhost/127.0.0.1:40898]' for 'POST' to '/session'
14:43:12.891 [AsyncHttpClient-1-1] DEBUG org.asynchttpclient.netty.channel.DefaultChannelPool - Entry count for : http://localhost:46918 : 1
14:43:12.891 [AsyncHttpClient-1-1] DEBUG org.asynchttpclient.netty.channel.DefaultChannelPool - Entry count for : http://localhost:65460 : 1
14:43:12.891 [AsyncHttpClient-1-1] DEBUG org.asynchttpclient.netty.channel.DefaultChannelPool - Adding Candidate expired Channel [id: 0x5f65588a, L:/127.0.0.1:65459 ! R:localhost/127.0.0.1:46918] isIdleTimeoutExpired=false isRemotelyClosed=true isTtlExpired=false
14:43:12.891 [AsyncHttpClient-1-1] DEBUG org.asynchttpclient.netty.channel.DefaultChannelPool - Closing Idle Channel [id: 0x5f65588a, L:/127.0.0.1:65459 ! R:localhost/127.0.0.1:46918]
14:43:12.891 [AsyncHttpClient-1-1] DEBUG org.asynchttpclient.netty.channel.DefaultChannelPool - Adding Candidate expired Channel [id: 0xb5506189, L:/127.0.0.1:65467 ! R:localhost/127.0.0.1:65460] isIdleTimeoutExpired=false isRemotelyClosed=true isTtlExpired=false
14:43:12.891 [AsyncHttpClient-1-1] DEBUG org.asynchttpclient.netty.channel.DefaultChannelPool - Closing Idle Channel [id: 0xb5506189, L:/127.0.0.1:65467 ! R:localhost/127.0.0.1:65460]
14:43:12.891 [AsyncHttpClient-1-1] DEBUG org.asynchttpclient.netty.channel.DefaultChannelPool - Closed 2 connections out of 2 in 0 ms
14:43:14.700 [AsyncHttpClient-1-10] DEBUG org.asynchttpclient.netty.handler.HttpHandler - 

Request DefaultHttpRequest(decodeResult: success, version: HTTP/1.1)
POST /session HTTP/1.1
User-Agent: selenium/4.7.1 (java windows)
Content-Length: 1629
Content-Type: application/json; charset=utf-8
host: localhost:40898
accept: */*

Response DefaultHttpResponse(decodeResult: success, version: HTTP/1.1)
HTTP/1.1 200 OK
Content-Type: application/json; charset=utf-8
cache-control: no-cache
content-length: 856

14:43:14.700 [AsyncHttpClient-1-10] DEBUG org.asynchttpclient.netty.channel.ChannelManager - Adding key: http://localhost:40898 for channel [id: 0xd5958eef, L:/127.0.0.1:65521 - R:localhost/127.0.0.1:40898]
14:43:14.708 [AsyncHttpClient-1-11] DEBUG org.asynchttpclient.netty.channel.NettyConnectListener - Using new Channel '[id: 0x278b38a6, L:/127.0.0.1:65530 - R:localhost/127.0.0.1:65522]' for 'GET' to '/json/version'
14:43:14.708 [AsyncHttpClient-1-11] DEBUG org.asynchttpclient.netty.handler.HttpHandler - 

Request DefaultFullHttpRequest(decodeResult: success, version: HTTP/1.1, content: EmptyByteBufBE)
GET /json/version HTTP/1.1
User-Agent: selenium/4.7.1 (java windows)
host: localhost:65522
accept: */*

Response DefaultHttpResponse(decodeResult: success, version: HTTP/1.1)
HTTP/1.1 200 OK
Content-Security-Policy: frame-ancestors 'none'
Content-Type: application/json; charset=UTF-8
content-length: 424

14:43:14.708 [AsyncHttpClient-1-11] DEBUG org.asynchttpclient.netty.channel.ChannelManager - Adding key: http://localhost:65522 for channel [id: 0x278b38a6, L:/127.0.0.1:65530 - R:localhost/127.0.0.1:65522]
14:43:14.708 [AsyncHttpClient-1-12] DEBUG org.asynchttpclient.netty.channel.NettyConnectListener - Using new Channel '[id: 0x3008d912, L:/127.0.0.1:65531 - R:localhost/127.0.0.1:65522]' for 'GET' to '/devtools/browser/f1653ac6-c770-43dd-9bf0-d05a213eae2e'
14:43:14.708 [AsyncHttpClient-1-12] DEBUG org.asynchttpclient.netty.handler.WebSocketHandler - 

Request DefaultFullHttpRequest(decodeResult: success, version: HTTP/1.1, content: EmptyByteBufBE)
GET /devtools/browser/f1653ac6-c770-43dd-9bf0-d05a213eae2e HTTP/1.1
upgrade: websocket
connection: upgrade
sec-websocket-key: M5ETuzm3YhqKUyrrffMCdA==
sec-websocket-version: 13
origin: http://localhost:65522
host: localhost:65522
accept: */*
user-agent: AHC/2.1

Response DefaultHttpResponse(decodeResult: success, version: HTTP/1.1)
HTTP/1.1 101 WebSocket Protocol Handshake
Upgrade: WebSocket
Connection: Upgrade
Sec-WebSocket-Accept: UTilUNYTsEkGuF5YlKFV/D93EeQ=

14:43:14.716 [Forwarding get on session d2a19bb89b17c43922249571f197f61e to remote] DEBUG org.asynchttpclient.netty.request.NettyRequestSender - Using pooled Channel '[id: 0xd5958eef, L:/127.0.0.1:65521 - R:localhost/127.0.0.1:40898]' for 'POST' to 'http://localhost:40898/session/d2a19bb89b17c43922249571f197f61e/url'
14:43:14.716 [Forwarding get on session d2a19bb89b17c43922249571f197f61e to remote] DEBUG org.asynchttpclient.netty.request.NettyRequestSender - Using open Channel [id: 0xd5958eef, L:/127.0.0.1:65521 - R:localhost/127.0.0.1:40898] for POST '/session/d2a19bb89b17c43922249571f197f61e/url'
14:43:15.095 [AsyncHttpClient-1-1] DEBUG org.asynchttpclient.netty.channel.DefaultChannelPool - Entry count for : http://localhost:65522 : 1
14:43:16.064 [AsyncHttpClient-1-10] DEBUG org.asynchttpclient.netty.handler.HttpHandler - 

Request DefaultHttpRequest(decodeResult: success, version: HTTP/1.1)
POST /session/d2a19bb89b17c43922249571f197f61e/url HTTP/1.1
User-Agent: selenium/4.7.1 (java windows)
Content-Length: 69
Content-Type: application/json; charset=utf-8
host: localhost:40898
accept: */*

Response DefaultHttpResponse(decodeResult: success, version: HTTP/1.1)
HTTP/1.1 200 OK
Content-Type: application/json; charset=utf-8
cache-control: no-cache
content-length: 14

14:43:16.064 [AsyncHttpClient-1-10] DEBUG org.asynchttpclient.netty.channel.ChannelManager - Adding key: http://localhost:40898 for channel [id: 0xd5958eef, L:/127.0.0.1:65521 - R:localhost/127.0.0.1:40898]
14:43:16.064 [Forwarding setTimeout on session d2a19bb89b17c43922249571f197f61e to remote] DEBUG org.asynchttpclient.netty.request.NettyRequestSender - Using pooled Channel '[id: 0xd5958eef, L:/127.0.0.1:65521 - R:localhost/127.0.0.1:40898]' for 'POST' to 'http://localhost:40898/session/d2a19bb89b17c43922249571f197f61e/timeouts'
14:43:16.064 [Forwarding setTimeout on session d2a19bb89b17c43922249571f197f61e to remote] DEBUG org.asynchttpclient.netty.request.NettyRequestSender - Using open Channel [id: 0xd5958eef, L:/127.0.0.1:65521 - R:localhost/127.0.0.1:40898] for POST '/session/d2a19bb89b17c43922249571f197f61e/timeouts'
14:43:16.072 [AsyncHttpClient-1-10] DEBUG org.asynchttpclient.netty.handler.HttpHandler - 

Request DefaultHttpRequest(decodeResult: success, version: HTTP/1.1)
POST /session/d2a19bb89b17c43922249571f197f61e/timeouts HTTP/1.1
User-Agent: selenium/4.7.1 (java windows)
Content-Length: 22
Content-Type: application/json; charset=utf-8
host: localhost:40898
accept: */*

Response DefaultHttpResponse(decodeResult: success, version: HTTP/1.1)
HTTP/1.1 200 OK
Content-Type: application/json; charset=utf-8
cache-control: no-cache
content-length: 14

14:43:16.072 [AsyncHttpClient-1-10] DEBUG org.asynchttpclient.netty.channel.ChannelManager - Adding key: http://localhost:40898 for channel [id: 0xd5958eef, L:/127.0.0.1:65521 - R:localhost/127.0.0.1:40898]
14:43:16.072 [Forwarding getCurrentUrl on session d2a19bb89b17c43922249571f197f61e to remote] DEBUG org.asynchttpclient.netty.request.NettyRequestSender - Using pooled Channel '[id: 0xd5958eef, L:/127.0.0.1:65521 - R:localhost/127.0.0.1:40898]' for 'GET' to 'http://localhost:40898/session/d2a19bb89b17c43922249571f197f61e/url'
14:43:16.072 [Forwarding getCurrentUrl on session d2a19bb89b17c43922249571f197f61e to remote] DEBUG org.asynchttpclient.netty.request.NettyRequestSender - Using open Channel [id: 0xd5958eef, L:/127.0.0.1:65521 - R:localhost/127.0.0.1:40898] for GET '/session/d2a19bb89b17c43922249571f197f61e/url'
14:43:16.107 [AsyncHttpClient-1-10] DEBUG org.asynchttpclient.netty.handler.HttpHandler - 

Request DefaultFullHttpRequest(decodeResult: success, version: HTTP/1.1, content: EmptyByteBufBE)
GET /session/d2a19bb89b17c43922249571f197f61e/url HTTP/1.1
User-Agent: selenium/4.7.1 (java windows)
Cache-Control: no-cache
Content-Type: application/json; charset=utf-8
host: localhost:40898
accept: */*

Response DefaultHttpResponse(decodeResult: success, version: HTTP/1.1)
HTTP/1.1 200 OK
Content-Type: application/json; charset=utf-8
cache-control: no-cache
content-length: 51

14:43:16.107 [AsyncHttpClient-1-10] DEBUG org.asynchttpclient.netty.channel.ChannelManager - Adding key: http://localhost:40898 for channel [id: 0xd5958eef, L:/127.0.0.1:65521 - R:localhost/127.0.0.1:40898]
14:43:16.115 [Forwarding getCurrentUrl on session d2a19bb89b17c43922249571f197f61e to remote] DEBUG org.asynchttpclient.netty.request.NettyRequestSender - Using pooled Channel '[id: 0xd5958eef, L:/127.0.0.1:65521 - R:localhost/127.0.0.1:40898]' for 'GET' to 'http://localhost:40898/session/d2a19bb89b17c43922249571f197f61e/url'
14:43:16.115 [Forwarding getCurrentUrl on session d2a19bb89b17c43922249571f197f61e to remote] DEBUG org.asynchttpclient.netty.request.NettyRequestSender - Using open Channel [id: 0xd5958eef, L:/127.0.0.1:65521 - R:localhost/127.0.0.1:40898] for GET '/session/d2a19bb89b17c43922249571f197f61e/url'
14:43:16.131 [AsyncHttpClient-1-10] DEBUG org.asynchttpclient.netty.handler.HttpHandler - 

Request DefaultFullHttpRequest(decodeResult: success, version: HTTP/1.1, content: EmptyByteBufBE)
GET /session/d2a19bb89b17c43922249571f197f61e/url HTTP/1.1
User-Agent: selenium/4.7.1 (java windows)
Cache-Control: no-cache
Content-Type: application/json; charset=utf-8
host: localhost:40898
accept: */*

Response DefaultHttpResponse(decodeResult: success, version: HTTP/1.1)
HTTP/1.1 200 OK
Content-Type: application/json; charset=utf-8
cache-control: no-cache
content-length: 51

14:43:16.131 [AsyncHttpClient-1-10] DEBUG org.asynchttpclient.netty.channel.ChannelManager - Adding key: http://localhost:40898 for channel [id: 0xd5958eef, L:/127.0.0.1:65521 - R:localhost/127.0.0.1:40898]
14:43:16.131 [Forwarding findElement on session d2a19bb89b17c43922249571f197f61e to remote] DEBUG org.asynchttpclient.netty.request.NettyRequestSender - Using pooled Channel '[id: 0xd5958eef, L:/127.0.0.1:65521 - R:localhost/127.0.0.1:40898]' for 'POST' to 'http://localhost:40898/session/d2a19bb89b17c43922249571f197f61e/element'
14:43:16.131 [Forwarding findElement on session d2a19bb89b17c43922249571f197f61e to remote] DEBUG org.asynchttpclient.netty.request.NettyRequestSender - Using open Channel [id: 0xd5958eef, L:/127.0.0.1:65521 - R:localhost/127.0.0.1:40898] for POST '/session/d2a19bb89b17c43922249571f197f61e/element'
14:43:16.155 [AsyncHttpClient-1-10] DEBUG org.asynchttpclient.netty.handler.HttpHandler - 

Request DefaultHttpRequest(decodeResult: success, version: HTTP/1.1)
POST /session/d2a19bb89b17c43922249571f197f61e/element HTTP/1.1
User-Agent: selenium/4.7.1 (java windows)
Content-Length: 84
Content-Type: application/json; charset=utf-8
host: localhost:40898
accept: */*

Response DefaultHttpResponse(decodeResult: success, version: HTTP/1.1)
HTTP/1.1 200 OK
Content-Type: application/json; charset=utf-8
cache-control: no-cache
content-length: 94

14:43:16.163 [AsyncHttpClient-1-10] DEBUG org.asynchttpclient.netty.channel.ChannelManager - Adding key: http://localhost:40898 for channel [id: 0xd5958eef, L:/127.0.0.1:65521 - R:localhost/127.0.0.1:40898]
14:43:16.163 [Forwarding isElementDisplayed on session d2a19bb89b17c43922249571f197f61e to remote] DEBUG org.asynchttpclient.netty.request.NettyRequestSender - Using pooled Channel '[id: 0xd5958eef, L:/127.0.0.1:65521 - R:localhost/127.0.0.1:40898]' for 'POST' to 'http://localhost:40898/session/d2a19bb89b17c43922249571f197f61e/execute/sync'
14:43:16.163 [Forwarding isElementDisplayed on session d2a19bb89b17c43922249571f197f61e to remote] DEBUG org.asynchttpclient.netty.request.NettyRequestSender - Using open Channel [id: 0xd5958eef, L:/127.0.0.1:65521 - R:localhost/127.0.0.1:40898] for POST '/session/d2a19bb89b17c43922249571f197f61e/execute/sync'
14:43:16.195 [AsyncHttpClient-1-10] DEBUG org.asynchttpclient.netty.handler.HttpHandler - 

Request DefaultHttpRequest(decodeResult: success, version: HTTP/1.1)
POST /session/d2a19bb89b17c43922249571f197f61e/execute/sync HTTP/1.1
User-Agent: selenium/4.7.1 (java windows)
Content-Length: 48786
Content-Type: application/json; charset=utf-8
host: localhost:40898
accept: */*

Response DefaultHttpResponse(decodeResult: success, version: HTTP/1.1)
HTTP/1.1 200 OK
Content-Type: application/json; charset=utf-8
cache-control: no-cache
content-length: 14

14:43:16.195 [AsyncHttpClient-1-10] DEBUG org.asynchttpclient.netty.channel.ChannelManager - Adding key: http://localhost:40898 for channel [id: 0xd5958eef, L:/127.0.0.1:65521 - R:localhost/127.0.0.1:40898]
14:43:16.203 [AsyncHttpClient-1-1] DEBUG org.asynchttpclient.netty.channel.DefaultChannelPool - Entry count for : http://localhost:40898 : 1
14:43:16.203 [AsyncHttpClient-1-1] DEBUG org.asynchttpclient.netty.channel.DefaultChannelPool - Entry count for : http://localhost:65522 : 1
14:43:16.203 [Forwarding isElementDisplayed on session d2a19bb89b17c43922249571f197f61e to remote] DEBUG org.asynchttpclient.netty.request.NettyRequestSender - Using pooled Channel '[id: 0xd5958eef, L:/127.0.0.1:65521 - R:localhost/127.0.0.1:40898]' for 'POST' to 'http://localhost:40898/session/d2a19bb89b17c43922249571f197f61e/execute/sync'
14:43:16.203 [Forwarding isElementDisplayed on session d2a19bb89b17c43922249571f197f61e to remote] DEBUG org.asynchttpclient.netty.request.NettyRequestSender - Using open Channel [id: 0xd5958eef, L:/127.0.0.1:65521 - R:localhost/127.0.0.1:40898] for POST '/session/d2a19bb89b17c43922249571f197f61e/execute/sync'
14:43:16.227 [AsyncHttpClient-1-10] DEBUG org.asynchttpclient.netty.handler.HttpHandler - 

Request DefaultHttpRequest(decodeResult: success, version: HTTP/1.1)
POST /session/d2a19bb89b17c43922249571f197f61e/execute/sync HTTP/1.1
User-Agent: selenium/4.7.1 (java windows)
Content-Length: 48786
Content-Type: application/json; charset=utf-8
host: localhost:40898
accept: */*

Response DefaultHttpResponse(decodeResult: success, version: HTTP/1.1)
HTTP/1.1 200 OK
Content-Type: application/json; charset=utf-8
cache-control: no-cache
content-length: 14

14:43:16.227 [AsyncHttpClient-1-10] DEBUG org.asynchttpclient.netty.channel.ChannelManager - Adding key: http://localhost:40898 for channel [id: 0xd5958eef, L:/127.0.0.1:65521 - R:localhost/127.0.0.1:40898]
14:43:16.244 [Forwarding getCurrentWindowHandle on session d2a19bb89b17c43922249571f197f61e to remote] DEBUG org.asynchttpclient.netty.request.NettyRequestSender - Using pooled Channel '[id: 0xd5958eef, L:/127.0.0.1:65521 - R:localhost/127.0.0.1:40898]' for 'GET' to 'http://localhost:40898/session/d2a19bb89b17c43922249571f197f61e/window'
14:43:16.244 [Forwarding getCurrentWindowHandle on session d2a19bb89b17c43922249571f197f61e to remote] DEBUG org.asynchttpclient.netty.request.NettyRequestSender - Using open Channel [id: 0xd5958eef, L:/127.0.0.1:65521 - R:localhost/127.0.0.1:40898] for GET '/session/d2a19bb89b17c43922249571f197f61e/window'
14:43:16.244 [AsyncHttpClient-1-10] DEBUG org.asynchttpclient.netty.handler.HttpHandler - 

Request DefaultFullHttpRequest(decodeResult: success, version: HTTP/1.1, content: EmptyByteBufBE)
GET /session/d2a19bb89b17c43922249571f197f61e/window HTTP/1.1
User-Agent: selenium/4.7.1 (java windows)
Cache-Control: no-cache
Content-Type: application/json; charset=utf-8
host: localhost:40898
accept: */*

Response DefaultHttpResponse(decodeResult: success, version: HTTP/1.1)
HTTP/1.1 200 OK
Content-Type: application/json; charset=utf-8
cache-control: no-cache
content-length: 44

14:43:16.244 [AsyncHttpClient-1-10] DEBUG org.asynchttpclient.netty.channel.ChannelManager - Adding key: http://localhost:40898 for channel [id: 0xd5958eef, L:/127.0.0.1:65521 - R:localhost/127.0.0.1:40898]
14:43:16.244 [Forwarding getAlertText on session d2a19bb89b17c43922249571f197f61e to remote] DEBUG org.asynchttpclient.netty.request.NettyRequestSender - Using pooled Channel '[id: 0xd5958eef, L:/127.0.0.1:65521 - R:localhost/127.0.0.1:40898]' for 'GET' to 'http://localhost:40898/session/d2a19bb89b17c43922249571f197f61e/alert/text'
14:43:16.244 [Forwarding getAlertText on session d2a19bb89b17c43922249571f197f61e to remote] DEBUG org.asynchttpclient.netty.request.NettyRequestSender - Using open Channel [id: 0xd5958eef, L:/127.0.0.1:65521 - R:localhost/127.0.0.1:40898] for GET '/session/d2a19bb89b17c43922249571f197f61e/alert/text'
14:43:16.244 [AsyncHttpClient-1-10] DEBUG org.asynchttpclient.netty.handler.HttpHandler - 

Request DefaultFullHttpRequest(decodeResult: success, version: HTTP/1.1, content: EmptyByteBufBE)
GET /session/d2a19bb89b17c43922249571f197f61e/alert/text HTTP/1.1
User-Agent: selenium/4.7.1 (java windows)
Cache-Control: no-cache
Content-Type: application/json; charset=utf-8
host: localhost:40898
accept: */*

Response DefaultHttpResponse(decodeResult: success, version: HTTP/1.1)
HTTP/1.1 404 Not Found
Content-Type: application/json; charset=utf-8
cache-control: no-cache
content-length: 821

14:43:16.244 [AsyncHttpClient-1-10] DEBUG org.asynchttpclient.netty.channel.ChannelManager - Adding key: http://localhost:40898 for channel [id: 0xd5958eef, L:/127.0.0.1:65521 - R:localhost/127.0.0.1:40898]
14:43:16.251 [Forwarding switchToWindow on session d2a19bb89b17c43922249571f197f61e to remote] DEBUG org.asynchttpclient.netty.request.NettyRequestSender - Using pooled Channel '[id: 0xd5958eef, L:/127.0.0.1:65521 - R:localhost/127.0.0.1:40898]' for 'POST' to 'http://localhost:40898/session/d2a19bb89b17c43922249571f197f61e/window'
14:43:16.251 [Forwarding switchToWindow on session d2a19bb89b17c43922249571f197f61e to remote] DEBUG org.asynchttpclient.netty.request.NettyRequestSender - Using open Channel [id: 0xd5958eef, L:/127.0.0.1:65521 - R:localhost/127.0.0.1:40898] for POST '/session/d2a19bb89b17c43922249571f197f61e/window'
14:43:16.251 [AsyncHttpClient-1-10] DEBUG org.asynchttpclient.netty.handler.HttpHandler - 

Request DefaultHttpRequest(decodeResult: success, version: HTTP/1.1)
POST /session/d2a19bb89b17c43922249571f197f61e/window HTTP/1.1
User-Agent: selenium/4.7.1 (java windows)
Content-Length: 50
Content-Type: application/json; charset=utf-8
host: localhost:40898
accept: */*

Response DefaultHttpResponse(decodeResult: success, version: HTTP/1.1)
HTTP/1.1 200 OK
Content-Type: application/json; charset=utf-8
cache-control: no-cache
content-length: 14

14:43:16.251 [AsyncHttpClient-1-10] DEBUG org.asynchttpclient.netty.channel.ChannelManager - Adding key: http://localhost:40898 for channel [id: 0xd5958eef, L:/127.0.0.1:65521 - R:localhost/127.0.0.1:40898]
14:43:16.259 [Forwarding getCurrentUrl on session d2a19bb89b17c43922249571f197f61e to remote] DEBUG org.asynchttpclient.netty.request.NettyRequestSender - Using pooled Channel '[id: 0xd5958eef, L:/127.0.0.1:65521 - R:localhost/127.0.0.1:40898]' for 'GET' to 'http://localhost:40898/session/d2a19bb89b17c43922249571f197f61e/url'
14:43:16.259 [Forwarding getCurrentUrl on session d2a19bb89b17c43922249571f197f61e to remote] DEBUG org.asynchttpclient.netty.request.NettyRequestSender - Using open Channel [id: 0xd5958eef, L:/127.0.0.1:65521 - R:localhost/127.0.0.1:40898] for GET '/session/d2a19bb89b17c43922249571f197f61e/url'
14:43:16.267 [AsyncHttpClient-1-10] DEBUG org.asynchttpclient.netty.handler.HttpHandler - 

Request DefaultFullHttpRequest(decodeResult: success, version: HTTP/1.1, content: EmptyByteBufBE)
GET /session/d2a19bb89b17c43922249571f197f61e/url HTTP/1.1
User-Agent: selenium/4.7.1 (java windows)
Cache-Control: no-cache
Content-Type: application/json; charset=utf-8
host: localhost:40898
accept: */*

Response DefaultHttpResponse(decodeResult: success, version: HTTP/1.1)
HTTP/1.1 200 OK
Content-Type: application/json; charset=utf-8
cache-control: no-cache
content-length: 51

14:43:16.267 [AsyncHttpClient-1-10] DEBUG org.asynchttpclient.netty.channel.ChannelManager - Adding key: http://localhost:40898 for channel [id: 0xd5958eef, L:/127.0.0.1:65521 - R:localhost/127.0.0.1:40898]
14:43:16.267 [Forwarding screenshot on session d2a19bb89b17c43922249571f197f61e to remote] DEBUG org.asynchttpclient.netty.request.NettyRequestSender - Using pooled Channel '[id: 0xd5958eef, L:/127.0.0.1:65521 - R:localhost/127.0.0.1:40898]' for 'GET' to 'http://localhost:40898/session/d2a19bb89b17c43922249571f197f61e/screenshot'
14:43:16.267 [Forwarding screenshot on session d2a19bb89b17c43922249571f197f61e to remote] DEBUG org.asynchttpclient.netty.request.NettyRequestSender - Using open Channel [id: 0xd5958eef, L:/127.0.0.1:65521 - R:localhost/127.0.0.1:40898] for GET '/session/d2a19bb89b17c43922249571f197f61e/screenshot'
14:43:16.507 [AsyncHttpClient-1-10] DEBUG org.asynchttpclient.netty.handler.HttpHandler - 

Request DefaultFullHttpRequest(decodeResult: success, version: HTTP/1.1, content: EmptyByteBufBE)
GET /session/d2a19bb89b17c43922249571f197f61e/screenshot HTTP/1.1
User-Agent: selenium/4.7.1 (java windows)
Cache-Control: no-cache
Content-Type: application/json; charset=utf-8
host: localhost:40898
accept: */*

Response DefaultHttpResponse(decodeResult: success, version: HTTP/1.1)
HTTP/1.1 200 OK
Content-Type: application/json; charset=utf-8
cache-control: no-cache
content-length: 187992

14:43:16.507 [AsyncHttpClient-1-10] DEBUG org.asynchttpclient.netty.channel.ChannelManager - Adding key: http://localhost:40898 for channel [id: 0xd5958eef, L:/127.0.0.1:65521 - R:localhost/127.0.0.1:40898]
14:43:16.515 [main] DEBUG net.serenitybdd.core.photography.Darkroom - Send negative for processing for target\site\serenity\e4c78ed65262137eca58a32125994c1e1e691dd9645e4aaad07967e8d2db41d5.png
14:43:16.515 [main] DEBUG net.thucydides.core.steps.StepInterceptor - STEP DONE: diHomepageSkuyPay
14:43:16.523 [main] DEBUG net.thucydides.core.steps.StepInterceptor - STARTING STEP: TransaksiSteps.adminMelakukanLoginAkun - inputfieldemail
14:43:16.531 [Forwarding findElement on session d2a19bb89b17c43922249571f197f61e to remote] DEBUG org.asynchttpclient.netty.request.NettyRequestSender - Using pooled Channel '[id: 0xd5958eef, L:/127.0.0.1:65521 - R:localhost/127.0.0.1:40898]' for 'POST' to 'http://localhost:40898/session/d2a19bb89b17c43922249571f197f61e/element'
14:43:16.531 [Forwarding findElement on session d2a19bb89b17c43922249571f197f61e to remote] DEBUG org.asynchttpclient.netty.request.NettyRequestSender - Using open Channel [id: 0xd5958eef, L:/127.0.0.1:65521 - R:localhost/127.0.0.1:40898] for POST '/session/d2a19bb89b17c43922249571f197f61e/element'
14:43:16.547 [AsyncHttpClient-1-10] DEBUG org.asynchttpclient.netty.handler.HttpHandler - 

Request DefaultHttpRequest(decodeResult: success, version: HTTP/1.1)
POST /session/d2a19bb89b17c43922249571f197f61e/element HTTP/1.1
User-Agent: selenium/4.7.1 (java windows)
Content-Length: 84
Content-Type: application/json; charset=utf-8
host: localhost:40898
accept: */*

Response DefaultHttpResponse(decodeResult: success, version: HTTP/1.1)
HTTP/1.1 200 OK
Content-Type: application/json; charset=utf-8
cache-control: no-cache
content-length: 94

14:43:16.547 [AsyncHttpClient-1-10] DEBUG org.asynchttpclient.netty.channel.ChannelManager - Adding key: http://localhost:40898 for channel [id: 0xd5958eef, L:/127.0.0.1:65521 - R:localhost/127.0.0.1:40898]
14:43:16.547 [Forwarding getElementTagName on session d2a19bb89b17c43922249571f197f61e to remote] DEBUG org.asynchttpclient.netty.request.NettyRequestSender - Using pooled Channel '[id: 0xd5958eef, L:/127.0.0.1:65521 - R:localhost/127.0.0.1:40898]' for 'GET' to 'http://localhost:40898/session/d2a19bb89b17c43922249571f197f61e/element/A3CD3D33AF0E27DABA99E64DE2DB0024_element_7/name'
14:43:16.555 [Forwarding getElementTagName on session d2a19bb89b17c43922249571f197f61e to remote] DEBUG org.asynchttpclient.netty.request.NettyRequestSender - Using open Channel [id: 0xd5958eef, L:/127.0.0.1:65521 - R:localhost/127.0.0.1:40898] for GET '/session/d2a19bb89b17c43922249571f197f61e/element/A3CD3D33AF0E27DABA99E64DE2DB0024_element_7/name'
14:43:16.563 [AsyncHttpClient-1-10] DEBUG org.asynchttpclient.netty.handler.HttpHandler - 

Request DefaultFullHttpRequest(decodeResult: success, version: HTTP/1.1, content: EmptyByteBufBE)
GET /session/d2a19bb89b17c43922249571f197f61e/element/A3CD3D33AF0E27DABA99E64DE2DB0024_element_7/name HTTP/1.1
User-Agent: selenium/4.7.1 (java windows)
Cache-Control: no-cache
Content-Type: application/json; charset=utf-8
host: localhost:40898
accept: */*

Response DefaultHttpResponse(decodeResult: success, version: HTTP/1.1)
HTTP/1.1 200 OK
Content-Type: application/json; charset=utf-8
cache-control: no-cache
content-length: 17

14:43:16.563 [AsyncHttpClient-1-10] DEBUG org.asynchttpclient.netty.channel.ChannelManager - Adding key: http://localhost:40898 for channel [id: 0xd5958eef, L:/127.0.0.1:65521 - R:localhost/127.0.0.1:40898]
14:43:16.563 [Forwarding getElementTagName on session d2a19bb89b17c43922249571f197f61e to remote] DEBUG org.asynchttpclient.netty.request.NettyRequestSender - Using pooled Channel '[id: 0xd5958eef, L:/127.0.0.1:65521 - R:localhost/127.0.0.1:40898]' for 'GET' to 'http://localhost:40898/session/d2a19bb89b17c43922249571f197f61e/element/A3CD3D33AF0E27DABA99E64DE2DB0024_element_7/name'
14:43:16.563 [Forwarding getElementTagName on session d2a19bb89b17c43922249571f197f61e to remote] DEBUG org.asynchttpclient.netty.request.NettyRequestSender - Using open Channel [id: 0xd5958eef, L:/127.0.0.1:65521 - R:localhost/127.0.0.1:40898] for GET '/session/d2a19bb89b17c43922249571f197f61e/element/A3CD3D33AF0E27DABA99E64DE2DB0024_element_7/name'
14:43:16.579 [AsyncHttpClient-1-10] DEBUG org.asynchttpclient.netty.handler.HttpHandler - 

Request DefaultFullHttpRequest(decodeResult: success, version: HTTP/1.1, content: EmptyByteBufBE)
GET /session/d2a19bb89b17c43922249571f197f61e/element/A3CD3D33AF0E27DABA99E64DE2DB0024_element_7/name HTTP/1.1
User-Agent: selenium/4.7.1 (java windows)
Cache-Control: no-cache
Content-Type: application/json; charset=utf-8
host: localhost:40898
accept: */*

Response DefaultHttpResponse(decodeResult: success, version: HTTP/1.1)
HTTP/1.1 200 OK
Content-Type: application/json; charset=utf-8
cache-control: no-cache
content-length: 17

14:43:16.579 [AsyncHttpClient-1-10] DEBUG org.asynchttpclient.netty.channel.ChannelManager - Adding key: http://localhost:40898 for channel [id: 0xd5958eef, L:/127.0.0.1:65521 - R:localhost/127.0.0.1:40898]
14:43:16.587 [Forwarding isElementEnabled on session d2a19bb89b17c43922249571f197f61e to remote] DEBUG org.asynchttpclient.netty.request.NettyRequestSender - Using pooled Channel '[id: 0xd5958eef, L:/127.0.0.1:65521 - R:localhost/127.0.0.1:40898]' for 'GET' to 'http://localhost:40898/session/d2a19bb89b17c43922249571f197f61e/element/A3CD3D33AF0E27DABA99E64DE2DB0024_element_7/enabled'
14:43:16.587 [Forwarding isElementEnabled on session d2a19bb89b17c43922249571f197f61e to remote] DEBUG org.asynchttpclient.netty.request.NettyRequestSender - Using open Channel [id: 0xd5958eef, L:/127.0.0.1:65521 - R:localhost/127.0.0.1:40898] for GET '/session/d2a19bb89b17c43922249571f197f61e/element/A3CD3D33AF0E27DABA99E64DE2DB0024_element_7/enabled'
14:43:16.599 [AsyncHttpClient-1-10] DEBUG org.asynchttpclient.netty.handler.HttpHandler - 

Request DefaultFullHttpRequest(decodeResult: success, version: HTTP/1.1, content: EmptyByteBufBE)
GET /session/d2a19bb89b17c43922249571f197f61e/element/A3CD3D33AF0E27DABA99E64DE2DB0024_element_7/enabled HTTP/1.1
User-Agent: selenium/4.7.1 (java windows)
Cache-Control: no-cache
Content-Type: application/json; charset=utf-8
host: localhost:40898
accept: */*

Response DefaultHttpResponse(decodeResult: success, version: HTTP/1.1)
HTTP/1.1 200 OK
Content-Type: application/json; charset=utf-8
cache-control: no-cache
content-length: 14

14:43:16.599 [AsyncHttpClient-1-10] DEBUG org.asynchttpclient.netty.channel.ChannelManager - Adding key: http://localhost:40898 for channel [id: 0xd5958eef, L:/127.0.0.1:65521 - R:localhost/127.0.0.1:40898]
14:43:16.599 [Forwarding isElementEnabled on session d2a19bb89b17c43922249571f197f61e to remote] DEBUG org.asynchttpclient.netty.request.NettyRequestSender - Using pooled Channel '[id: 0xd5958eef, L:/127.0.0.1:65521 - R:localhost/127.0.0.1:40898]' for 'GET' to 'http://localhost:40898/session/d2a19bb89b17c43922249571f197f61e/element/A3CD3D33AF0E27DABA99E64DE2DB0024_element_7/enabled'
14:43:16.599 [Forwarding isElementEnabled on session d2a19bb89b17c43922249571f197f61e to remote] DEBUG org.asynchttpclient.netty.request.NettyRequestSender - Using open Channel [id: 0xd5958eef, L:/127.0.0.1:65521 - R:localhost/127.0.0.1:40898] for GET '/session/d2a19bb89b17c43922249571f197f61e/element/A3CD3D33AF0E27DABA99E64DE2DB0024_element_7/enabled'
14:43:16.615 [AsyncHttpClient-1-10] DEBUG org.asynchttpclient.netty.handler.HttpHandler - 

Request DefaultFullHttpRequest(decodeResult: success, version: HTTP/1.1, content: EmptyByteBufBE)
GET /session/d2a19bb89b17c43922249571f197f61e/element/A3CD3D33AF0E27DABA99E64DE2DB0024_element_7/enabled HTTP/1.1
User-Agent: selenium/4.7.1 (java windows)
Cache-Control: no-cache
Content-Type: application/json; charset=utf-8
host: localhost:40898
accept: */*

Response DefaultHttpResponse(decodeResult: success, version: HTTP/1.1)
HTTP/1.1 200 OK
Content-Type: application/json; charset=utf-8
cache-control: no-cache
content-length: 14

14:43:16.615 [AsyncHttpClient-1-10] DEBUG org.asynchttpclient.netty.channel.ChannelManager - Adding key: http://localhost:40898 for channel [id: 0xd5958eef, L:/127.0.0.1:65521 - R:localhost/127.0.0.1:40898]
14:43:16.623 [Forwarding findElement on session d2a19bb89b17c43922249571f197f61e to remote] DEBUG org.asynchttpclient.netty.request.NettyRequestSender - Using pooled Channel '[id: 0xd5958eef, L:/127.0.0.1:65521 - R:localhost/127.0.0.1:40898]' for 'POST' to 'http://localhost:40898/session/d2a19bb89b17c43922249571f197f61e/element'
14:43:16.623 [Forwarding findElement on session d2a19bb89b17c43922249571f197f61e to remote] DEBUG org.asynchttpclient.netty.request.NettyRequestSender - Using open Channel [id: 0xd5958eef, L:/127.0.0.1:65521 - R:localhost/127.0.0.1:40898] for POST '/session/d2a19bb89b17c43922249571f197f61e/element'
14:43:16.639 [AsyncHttpClient-1-10] DEBUG org.asynchttpclient.netty.handler.HttpHandler - 

Request DefaultHttpRequest(decodeResult: success, version: HTTP/1.1)
POST /session/d2a19bb89b17c43922249571f197f61e/element HTTP/1.1
User-Agent: selenium/4.7.1 (java windows)
Content-Length: 84
Content-Type: application/json; charset=utf-8
host: localhost:40898
accept: */*

Response DefaultHttpResponse(decodeResult: success, version: HTTP/1.1)
HTTP/1.1 200 OK
Content-Type: application/json; charset=utf-8
cache-control: no-cache
content-length: 94

14:43:16.639 [AsyncHttpClient-1-10] DEBUG org.asynchttpclient.netty.channel.ChannelManager - Adding key: http://localhost:40898 for channel [id: 0xd5958eef, L:/127.0.0.1:65521 - R:localhost/127.0.0.1:40898]
14:43:16.644 [Forwarding clickElement on session d2a19bb89b17c43922249571f197f61e to remote] DEBUG org.asynchttpclient.netty.request.NettyRequestSender - Using pooled Channel '[id: 0xd5958eef, L:/127.0.0.1:65521 - R:localhost/127.0.0.1:40898]' for 'POST' to 'http://localhost:40898/session/d2a19bb89b17c43922249571f197f61e/element/A3CD3D33AF0E27DABA99E64DE2DB0024_element_7/click'
14:43:16.644 [Forwarding clickElement on session d2a19bb89b17c43922249571f197f61e to remote] DEBUG org.asynchttpclient.netty.request.NettyRequestSender - Using open Channel [id: 0xd5958eef, L:/127.0.0.1:65521 - R:localhost/127.0.0.1:40898] for POST '/session/d2a19bb89b17c43922249571f197f61e/element/A3CD3D33AF0E27DABA99E64DE2DB0024_element_7/click'
14:43:16.779 [AsyncHttpClient-1-10] DEBUG org.asynchttpclient.netty.handler.HttpHandler - 

Request DefaultHttpRequest(decodeResult: success, version: HTTP/1.1)
POST /session/d2a19bb89b17c43922249571f197f61e/element/A3CD3D33AF0E27DABA99E64DE2DB0024_element_7/click HTTP/1.1
User-Agent: selenium/4.7.1 (java windows)
Content-Length: 56
Content-Type: application/json; charset=utf-8
host: localhost:40898
accept: */*

Response DefaultHttpResponse(decodeResult: success, version: HTTP/1.1)
HTTP/1.1 200 OK
Content-Type: application/json; charset=utf-8
cache-control: no-cache
content-length: 14

14:43:16.779 [AsyncHttpClient-1-10] DEBUG org.asynchttpclient.netty.channel.ChannelManager - Adding key: http://localhost:40898 for channel [id: 0xd5958eef, L:/127.0.0.1:65521 - R:localhost/127.0.0.1:40898]
14:43:16.779 [Forwarding findElement on session d2a19bb89b17c43922249571f197f61e to remote] DEBUG org.asynchttpclient.netty.request.NettyRequestSender - Using pooled Channel '[id: 0xd5958eef, L:/127.0.0.1:65521 - R:localhost/127.0.0.1:40898]' for 'POST' to 'http://localhost:40898/session/d2a19bb89b17c43922249571f197f61e/element'
14:43:16.779 [Forwarding findElement on session d2a19bb89b17c43922249571f197f61e to remote] DEBUG org.asynchttpclient.netty.request.NettyRequestSender - Using open Channel [id: 0xd5958eef, L:/127.0.0.1:65521 - R:localhost/127.0.0.1:40898] for POST '/session/d2a19bb89b17c43922249571f197f61e/element'
14:43:16.795 [AsyncHttpClient-1-10] DEBUG org.asynchttpclient.netty.handler.HttpHandler - 

Request DefaultHttpRequest(decodeResult: success, version: HTTP/1.1)
POST /session/d2a19bb89b17c43922249571f197f61e/element HTTP/1.1
User-Agent: selenium/4.7.1 (java windows)
Content-Length: 84
Content-Type: application/json; charset=utf-8
host: localhost:40898
accept: */*

Response DefaultHttpResponse(decodeResult: success, version: HTTP/1.1)
HTTP/1.1 200 OK
Content-Type: application/json; charset=utf-8
cache-control: no-cache
content-length: 94

14:43:16.795 [AsyncHttpClient-1-10] DEBUG org.asynchttpclient.netty.channel.ChannelManager - Adding key: http://localhost:40898 for channel [id: 0xd5958eef, L:/127.0.0.1:65521 - R:localhost/127.0.0.1:40898]
14:43:16.803 [Forwarding clearElement on session d2a19bb89b17c43922249571f197f61e to remote] DEBUG org.asynchttpclient.netty.request.NettyRequestSender - Using pooled Channel '[id: 0xd5958eef, L:/127.0.0.1:65521 - R:localhost/127.0.0.1:40898]' for 'POST' to 'http://localhost:40898/session/d2a19bb89b17c43922249571f197f61e/element/A3CD3D33AF0E27DABA99E64DE2DB0024_element_7/clear'
14:43:16.803 [Forwarding clearElement on session d2a19bb89b17c43922249571f197f61e to remote] DEBUG org.asynchttpclient.netty.request.NettyRequestSender - Using open Channel [id: 0xd5958eef, L:/127.0.0.1:65521 - R:localhost/127.0.0.1:40898] for POST '/session/d2a19bb89b17c43922249571f197f61e/element/A3CD3D33AF0E27DABA99E64DE2DB0024_element_7/clear'
14:43:16.859 [AsyncHttpClient-1-10] DEBUG org.asynchttpclient.netty.handler.HttpHandler - 

Request DefaultHttpRequest(decodeResult: success, version: HTTP/1.1)
POST /session/d2a19bb89b17c43922249571f197f61e/element/A3CD3D33AF0E27DABA99E64DE2DB0024_element_7/clear HTTP/1.1
User-Agent: selenium/4.7.1 (java windows)
Content-Length: 56
Content-Type: application/json; charset=utf-8
host: localhost:40898
accept: */*

Response DefaultHttpResponse(decodeResult: success, version: HTTP/1.1)
HTTP/1.1 200 OK
Content-Type: application/json; charset=utf-8
cache-control: no-cache
content-length: 14

14:43:16.859 [AsyncHttpClient-1-10] DEBUG org.asynchttpclient.netty.channel.ChannelManager - Adding key: http://localhost:40898 for channel [id: 0xd5958eef, L:/127.0.0.1:65521 - R:localhost/127.0.0.1:40898]
14:43:16.859 [Forwarding sendKeysToElement on session d2a19bb89b17c43922249571f197f61e to remote] DEBUG org.asynchttpclient.netty.request.NettyRequestSender - Using pooled Channel '[id: 0xd5958eef, L:/127.0.0.1:65521 - R:localhost/127.0.0.1:40898]' for 'POST' to 'http://localhost:40898/session/d2a19bb89b17c43922249571f197f61e/element/A3CD3D33AF0E27DABA99E64DE2DB0024_element_7/value'
14:43:16.859 [Forwarding sendKeysToElement on session d2a19bb89b17c43922249571f197f61e to remote] DEBUG org.asynchttpclient.netty.request.NettyRequestSender - Using open Channel [id: 0xd5958eef, L:/127.0.0.1:65521 - R:localhost/127.0.0.1:40898] for POST '/session/d2a19bb89b17c43922249571f197f61e/element/A3CD3D33AF0E27DABA99E64DE2DB0024_element_7/value'
14:43:17.051 [AsyncHttpClient-1-10] DEBUG org.asynchttpclient.netty.handler.HttpHandler - 

Request DefaultHttpRequest(decodeResult: success, version: HTTP/1.1)
POST /session/d2a19bb89b17c43922249571f197f61e/element/A3CD3D33AF0E27DABA99E64DE2DB0024_element_7/value HTTP/1.1
User-Agent: selenium/4.7.1 (java windows)
Content-Length: 377
Content-Type: application/json; charset=utf-8
host: localhost:40898
accept: */*

Response DefaultHttpResponse(decodeResult: success, version: HTTP/1.1)
HTTP/1.1 200 OK
Content-Type: application/json; charset=utf-8
cache-control: no-cache
content-length: 14

14:43:17.051 [AsyncHttpClient-1-10] DEBUG org.asynchttpclient.netty.channel.ChannelManager - Adding key: http://localhost:40898 for channel [id: 0xd5958eef, L:/127.0.0.1:65521 - R:localhost/127.0.0.1:40898]
14:43:17.067 [Forwarding getCurrentWindowHandle on session d2a19bb89b17c43922249571f197f61e to remote] DEBUG org.asynchttpclient.netty.request.NettyRequestSender - Using pooled Channel '[id: 0xd5958eef, L:/127.0.0.1:65521 - R:localhost/127.0.0.1:40898]' for 'GET' to 'http://localhost:40898/session/d2a19bb89b17c43922249571f197f61e/window'
14:43:17.067 [Forwarding getCurrentWindowHandle on session d2a19bb89b17c43922249571f197f61e to remote] DEBUG org.asynchttpclient.netty.request.NettyRequestSender - Using open Channel [id: 0xd5958eef, L:/127.0.0.1:65521 - R:localhost/127.0.0.1:40898] for GET '/session/d2a19bb89b17c43922249571f197f61e/window'
14:43:17.067 [AsyncHttpClient-1-10] DEBUG org.asynchttpclient.netty.handler.HttpHandler - 

Request DefaultFullHttpRequest(decodeResult: success, version: HTTP/1.1, content: EmptyByteBufBE)
GET /session/d2a19bb89b17c43922249571f197f61e/window HTTP/1.1
User-Agent: selenium/4.7.1 (java windows)
Cache-Control: no-cache
Content-Type: application/json; charset=utf-8
host: localhost:40898
accept: */*

Response DefaultHttpResponse(decodeResult: success, version: HTTP/1.1)
HTTP/1.1 200 OK
Content-Type: application/json; charset=utf-8
cache-control: no-cache
content-length: 44

14:43:17.067 [AsyncHttpClient-1-10] DEBUG org.asynchttpclient.netty.channel.ChannelManager - Adding key: http://localhost:40898 for channel [id: 0xd5958eef, L:/127.0.0.1:65521 - R:localhost/127.0.0.1:40898]
14:43:17.075 [Forwarding getAlertText on session d2a19bb89b17c43922249571f197f61e to remote] DEBUG org.asynchttpclient.netty.request.NettyRequestSender - Using pooled Channel '[id: 0xd5958eef, L:/127.0.0.1:65521 - R:localhost/127.0.0.1:40898]' for 'GET' to 'http://localhost:40898/session/d2a19bb89b17c43922249571f197f61e/alert/text'
14:43:17.075 [Forwarding getAlertText on session d2a19bb89b17c43922249571f197f61e to remote] DEBUG org.asynchttpclient.netty.request.NettyRequestSender - Using open Channel [id: 0xd5958eef, L:/127.0.0.1:65521 - R:localhost/127.0.0.1:40898] for GET '/session/d2a19bb89b17c43922249571f197f61e/alert/text'
14:43:17.075 [AsyncHttpClient-1-10] DEBUG org.asynchttpclient.netty.handler.HttpHandler - 

Request DefaultFullHttpRequest(decodeResult: success, version: HTTP/1.1, content: EmptyByteBufBE)
GET /session/d2a19bb89b17c43922249571f197f61e/alert/text HTTP/1.1
User-Agent: selenium/4.7.1 (java windows)
Cache-Control: no-cache
Content-Type: application/json; charset=utf-8
host: localhost:40898
accept: */*

Response DefaultHttpResponse(decodeResult: success, version: HTTP/1.1)
HTTP/1.1 404 Not Found
Content-Type: application/json; charset=utf-8
cache-control: no-cache
content-length: 821

14:43:17.075 [AsyncHttpClient-1-10] DEBUG org.asynchttpclient.netty.channel.ChannelManager - Adding key: http://localhost:40898 for channel [id: 0xd5958eef, L:/127.0.0.1:65521 - R:localhost/127.0.0.1:40898]
14:43:17.075 [Forwarding switchToWindow on session d2a19bb89b17c43922249571f197f61e to remote] DEBUG org.asynchttpclient.netty.request.NettyRequestSender - Using pooled Channel '[id: 0xd5958eef, L:/127.0.0.1:65521 - R:localhost/127.0.0.1:40898]' for 'POST' to 'http://localhost:40898/session/d2a19bb89b17c43922249571f197f61e/window'
14:43:17.075 [Forwarding switchToWindow on session d2a19bb89b17c43922249571f197f61e to remote] DEBUG org.asynchttpclient.netty.request.NettyRequestSender - Using open Channel [id: 0xd5958eef, L:/127.0.0.1:65521 - R:localhost/127.0.0.1:40898] for POST '/session/d2a19bb89b17c43922249571f197f61e/window'
14:43:17.075 [AsyncHttpClient-1-10] DEBUG org.asynchttpclient.netty.handler.HttpHandler - 

Request DefaultHttpRequest(decodeResult: success, version: HTTP/1.1)
POST /session/d2a19bb89b17c43922249571f197f61e/window HTTP/1.1
User-Agent: selenium/4.7.1 (java windows)
Content-Length: 50
Content-Type: application/json; charset=utf-8
host: localhost:40898
accept: */*

Response DefaultHttpResponse(decodeResult: success, version: HTTP/1.1)
HTTP/1.1 200 OK
Content-Type: application/json; charset=utf-8
cache-control: no-cache
content-length: 14

14:43:17.083 [AsyncHttpClient-1-10] DEBUG org.asynchttpclient.netty.channel.ChannelManager - Adding key: http://localhost:40898 for channel [id: 0xd5958eef, L:/127.0.0.1:65521 - R:localhost/127.0.0.1:40898]
14:43:17.083 [Forwarding getCurrentUrl on session d2a19bb89b17c43922249571f197f61e to remote] DEBUG org.asynchttpclient.netty.request.NettyRequestSender - Using pooled Channel '[id: 0xd5958eef, L:/127.0.0.1:65521 - R:localhost/127.0.0.1:40898]' for 'GET' to 'http://localhost:40898/session/d2a19bb89b17c43922249571f197f61e/url'
14:43:17.083 [Forwarding getCurrentUrl on session d2a19bb89b17c43922249571f197f61e to remote] DEBUG org.asynchttpclient.netty.request.NettyRequestSender - Using open Channel [id: 0xd5958eef, L:/127.0.0.1:65521 - R:localhost/127.0.0.1:40898] for GET '/session/d2a19bb89b17c43922249571f197f61e/url'
14:43:17.139 [AsyncHttpClient-1-10] DEBUG org.asynchttpclient.netty.handler.HttpHandler - 

Request DefaultFullHttpRequest(decodeResult: success, version: HTTP/1.1, content: EmptyByteBufBE)
GET /session/d2a19bb89b17c43922249571f197f61e/url HTTP/1.1
User-Agent: selenium/4.7.1 (java windows)
Cache-Control: no-cache
Content-Type: application/json; charset=utf-8
host: localhost:40898
accept: */*

Response DefaultHttpResponse(decodeResult: success, version: HTTP/1.1)
HTTP/1.1 200 OK
Content-Type: application/json; charset=utf-8
cache-control: no-cache
content-length: 51

14:43:17.139 [AsyncHttpClient-1-10] DEBUG org.asynchttpclient.netty.channel.ChannelManager - Adding key: http://localhost:40898 for channel [id: 0xd5958eef, L:/127.0.0.1:65521 - R:localhost/127.0.0.1:40898]
14:43:17.139 [Forwarding screenshot on session d2a19bb89b17c43922249571f197f61e to remote] DEBUG org.asynchttpclient.netty.request.NettyRequestSender - Using pooled Channel '[id: 0xd5958eef, L:/127.0.0.1:65521 - R:localhost/127.0.0.1:40898]' for 'GET' to 'http://localhost:40898/session/d2a19bb89b17c43922249571f197f61e/screenshot'
14:43:17.139 [Forwarding screenshot on session d2a19bb89b17c43922249571f197f61e to remote] DEBUG org.asynchttpclient.netty.request.NettyRequestSender - Using open Channel [id: 0xd5958eef, L:/127.0.0.1:65521 - R:localhost/127.0.0.1:40898] for GET '/session/d2a19bb89b17c43922249571f197f61e/screenshot'
14:43:17.295 [AsyncHttpClient-1-1] DEBUG org.asynchttpclient.netty.channel.DefaultChannelPool - Entry count for : http://localhost:65522 : 1
14:43:17.367 [AsyncHttpClient-1-10] DEBUG org.asynchttpclient.netty.handler.HttpHandler - 

Request DefaultFullHttpRequest(decodeResult: success, version: HTTP/1.1, content: EmptyByteBufBE)
GET /session/d2a19bb89b17c43922249571f197f61e/screenshot HTTP/1.1
User-Agent: selenium/4.7.1 (java windows)
Cache-Control: no-cache
Content-Type: application/json; charset=utf-8
host: localhost:40898
accept: */*

Response DefaultHttpResponse(decodeResult: success, version: HTTP/1.1)
HTTP/1.1 200 OK
Content-Type: application/json; charset=utf-8
cache-control: no-cache
content-length: 191920

14:43:17.367 [AsyncHttpClient-1-10] DEBUG org.asynchttpclient.netty.channel.ChannelManager - Adding key: http://localhost:40898 for channel [id: 0xd5958eef, L:/127.0.0.1:65521 - R:localhost/127.0.0.1:40898]
14:43:17.375 [main] DEBUG net.serenitybdd.core.photography.Darkroom - Send negative for processing for target\site\serenity\016d27681ad45d2073403df84e978f4727a92e6d57d9c8bb00857f8d4513a591.png
14:43:17.375 [main] DEBUG net.thucydides.core.steps.StepInterceptor - STEP DONE: inputfieldemail
14:43:17.375 [main] DEBUG net.thucydides.core.steps.StepInterceptor - STARTING STEP: TransaksiSteps.adminMelakukanLoginAkun - inputfieldpassword
14:43:17.383 [Forwarding findElement on session d2a19bb89b17c43922249571f197f61e to remote] DEBUG org.asynchttpclient.netty.request.NettyRequestSender - Using pooled Channel '[id: 0xd5958eef, L:/127.0.0.1:65521 - R:localhost/127.0.0.1:40898]' for 'POST' to 'http://localhost:40898/session/d2a19bb89b17c43922249571f197f61e/element'
14:43:17.383 [Forwarding findElement on session d2a19bb89b17c43922249571f197f61e to remote] DEBUG org.asynchttpclient.netty.request.NettyRequestSender - Using open Channel [id: 0xd5958eef, L:/127.0.0.1:65521 - R:localhost/127.0.0.1:40898] for POST '/session/d2a19bb89b17c43922249571f197f61e/element'
14:43:17.407 [AsyncHttpClient-1-10] DEBUG org.asynchttpclient.netty.handler.HttpHandler - 

Request DefaultHttpRequest(decodeResult: success, version: HTTP/1.1)
POST /session/d2a19bb89b17c43922249571f197f61e/element HTTP/1.1
User-Agent: selenium/4.7.1 (java windows)
Content-Length: 105
Content-Type: application/json; charset=utf-8
host: localhost:40898
accept: */*

Response DefaultHttpResponse(decodeResult: success, version: HTTP/1.1)
HTTP/1.1 200 OK
Content-Type: application/json; charset=utf-8
cache-control: no-cache
content-length: 94

14:43:17.407 [AsyncHttpClient-1-10] DEBUG org.asynchttpclient.netty.channel.ChannelManager - Adding key: http://localhost:40898 for channel [id: 0xd5958eef, L:/127.0.0.1:65521 - R:localhost/127.0.0.1:40898]
14:43:17.407 [Forwarding getElementTagName on session d2a19bb89b17c43922249571f197f61e to remote] DEBUG org.asynchttpclient.netty.request.NettyRequestSender - Using pooled Channel '[id: 0xd5958eef, L:/127.0.0.1:65521 - R:localhost/127.0.0.1:40898]' for 'GET' to 'http://localhost:40898/session/d2a19bb89b17c43922249571f197f61e/element/A3CD3D33AF0E27DABA99E64DE2DB0024_element_8/name'
14:43:17.407 [Forwarding getElementTagName on session d2a19bb89b17c43922249571f197f61e to remote] DEBUG org.asynchttpclient.netty.request.NettyRequestSender - Using open Channel [id: 0xd5958eef, L:/127.0.0.1:65521 - R:localhost/127.0.0.1:40898] for GET '/session/d2a19bb89b17c43922249571f197f61e/element/A3CD3D33AF0E27DABA99E64DE2DB0024_element_8/name'
14:43:17.415 [AsyncHttpClient-1-10] DEBUG org.asynchttpclient.netty.handler.HttpHandler - 

Request DefaultFullHttpRequest(decodeResult: success, version: HTTP/1.1, content: EmptyByteBufBE)
GET /session/d2a19bb89b17c43922249571f197f61e/element/A3CD3D33AF0E27DABA99E64DE2DB0024_element_8/name HTTP/1.1
User-Agent: selenium/4.7.1 (java windows)
Cache-Control: no-cache
Content-Type: application/json; charset=utf-8
host: localhost:40898
accept: */*

Response DefaultHttpResponse(decodeResult: success, version: HTTP/1.1)
HTTP/1.1 200 OK
Content-Type: application/json; charset=utf-8
cache-control: no-cache
content-length: 17

14:43:17.415 [AsyncHttpClient-1-10] DEBUG org.asynchttpclient.netty.channel.ChannelManager - Adding key: http://localhost:40898 for channel [id: 0xd5958eef, L:/127.0.0.1:65521 - R:localhost/127.0.0.1:40898]
14:43:17.415 [Forwarding getElementTagName on session d2a19bb89b17c43922249571f197f61e to remote] DEBUG org.asynchttpclient.netty.request.NettyRequestSender - Using pooled Channel '[id: 0xd5958eef, L:/127.0.0.1:65521 - R:localhost/127.0.0.1:40898]' for 'GET' to 'http://localhost:40898/session/d2a19bb89b17c43922249571f197f61e/element/A3CD3D33AF0E27DABA99E64DE2DB0024_element_8/name'
14:43:17.415 [Forwarding getElementTagName on session d2a19bb89b17c43922249571f197f61e to remote] DEBUG org.asynchttpclient.netty.request.NettyRequestSender - Using open Channel [id: 0xd5958eef, L:/127.0.0.1:65521 - R:localhost/127.0.0.1:40898] for GET '/session/d2a19bb89b17c43922249571f197f61e/element/A3CD3D33AF0E27DABA99E64DE2DB0024_element_8/name'
14:43:17.423 [AsyncHttpClient-1-10] DEBUG org.asynchttpclient.netty.handler.HttpHandler - 

Request DefaultFullHttpRequest(decodeResult: success, version: HTTP/1.1, content: EmptyByteBufBE)
GET /session/d2a19bb89b17c43922249571f197f61e/element/A3CD3D33AF0E27DABA99E64DE2DB0024_element_8/name HTTP/1.1
User-Agent: selenium/4.7.1 (java windows)
Cache-Control: no-cache
Content-Type: application/json; charset=utf-8
host: localhost:40898
accept: */*

Response DefaultHttpResponse(decodeResult: success, version: HTTP/1.1)
HTTP/1.1 200 OK
Content-Type: application/json; charset=utf-8
cache-control: no-cache
content-length: 17

14:43:17.423 [AsyncHttpClient-1-10] DEBUG org.asynchttpclient.netty.channel.ChannelManager - Adding key: http://localhost:40898 for channel [id: 0xd5958eef, L:/127.0.0.1:65521 - R:localhost/127.0.0.1:40898]
14:43:17.423 [Forwarding isElementEnabled on session d2a19bb89b17c43922249571f197f61e to remote] DEBUG org.asynchttpclient.netty.request.NettyRequestSender - Using pooled Channel '[id: 0xd5958eef, L:/127.0.0.1:65521 - R:localhost/127.0.0.1:40898]' for 'GET' to 'http://localhost:40898/session/d2a19bb89b17c43922249571f197f61e/element/A3CD3D33AF0E27DABA99E64DE2DB0024_element_8/enabled'
14:43:17.423 [Forwarding isElementEnabled on session d2a19bb89b17c43922249571f197f61e to remote] DEBUG org.asynchttpclient.netty.request.NettyRequestSender - Using open Channel [id: 0xd5958eef, L:/127.0.0.1:65521 - R:localhost/127.0.0.1:40898] for GET '/session/d2a19bb89b17c43922249571f197f61e/element/A3CD3D33AF0E27DABA99E64DE2DB0024_element_8/enabled'
14:43:17.439 [AsyncHttpClient-1-10] DEBUG org.asynchttpclient.netty.handler.HttpHandler - 

Request DefaultFullHttpRequest(decodeResult: success, version: HTTP/1.1, content: EmptyByteBufBE)
GET /session/d2a19bb89b17c43922249571f197f61e/element/A3CD3D33AF0E27DABA99E64DE2DB0024_element_8/enabled HTTP/1.1
User-Agent: selenium/4.7.1 (java windows)
Cache-Control: no-cache
Content-Type: application/json; charset=utf-8
host: localhost:40898
accept: */*

Response DefaultHttpResponse(decodeResult: success, version: HTTP/1.1)
HTTP/1.1 200 OK
Content-Type: application/json; charset=utf-8
cache-control: no-cache
content-length: 14

14:43:17.439 [AsyncHttpClient-1-10] DEBUG org.asynchttpclient.netty.channel.ChannelManager - Adding key: http://localhost:40898 for channel [id: 0xd5958eef, L:/127.0.0.1:65521 - R:localhost/127.0.0.1:40898]
14:43:17.439 [Forwarding isElementEnabled on session d2a19bb89b17c43922249571f197f61e to remote] DEBUG org.asynchttpclient.netty.request.NettyRequestSender - Using pooled Channel '[id: 0xd5958eef, L:/127.0.0.1:65521 - R:localhost/127.0.0.1:40898]' for 'GET' to 'http://localhost:40898/session/d2a19bb89b17c43922249571f197f61e/element/A3CD3D33AF0E27DABA99E64DE2DB0024_element_8/enabled'
14:43:17.439 [Forwarding isElementEnabled on session d2a19bb89b17c43922249571f197f61e to remote] DEBUG org.asynchttpclient.netty.request.NettyRequestSender - Using open Channel [id: 0xd5958eef, L:/127.0.0.1:65521 - R:localhost/127.0.0.1:40898] for GET '/session/d2a19bb89b17c43922249571f197f61e/element/A3CD3D33AF0E27DABA99E64DE2DB0024_element_8/enabled'
14:43:17.447 [AsyncHttpClient-1-10] DEBUG org.asynchttpclient.netty.handler.HttpHandler - 

Request DefaultFullHttpRequest(decodeResult: success, version: HTTP/1.1, content: EmptyByteBufBE)
GET /session/d2a19bb89b17c43922249571f197f61e/element/A3CD3D33AF0E27DABA99E64DE2DB0024_element_8/enabled HTTP/1.1
User-Agent: selenium/4.7.1 (java windows)
Cache-Control: no-cache
Content-Type: application/json; charset=utf-8
host: localhost:40898
accept: */*

Response DefaultHttpResponse(decodeResult: success, version: HTTP/1.1)
HTTP/1.1 200 OK
Content-Type: application/json; charset=utf-8
cache-control: no-cache
content-length: 14

14:43:17.447 [AsyncHttpClient-1-10] DEBUG org.asynchttpclient.netty.channel.ChannelManager - Adding key: http://localhost:40898 for channel [id: 0xd5958eef, L:/127.0.0.1:65521 - R:localhost/127.0.0.1:40898]
14:43:17.447 [Forwarding findElement on session d2a19bb89b17c43922249571f197f61e to remote] DEBUG org.asynchttpclient.netty.request.NettyRequestSender - Using pooled Channel '[id: 0xd5958eef, L:/127.0.0.1:65521 - R:localhost/127.0.0.1:40898]' for 'POST' to 'http://localhost:40898/session/d2a19bb89b17c43922249571f197f61e/element'
14:43:17.447 [Forwarding findElement on session d2a19bb89b17c43922249571f197f61e to remote] DEBUG org.asynchttpclient.netty.request.NettyRequestSender - Using open Channel [id: 0xd5958eef, L:/127.0.0.1:65521 - R:localhost/127.0.0.1:40898] for POST '/session/d2a19bb89b17c43922249571f197f61e/element'
14:43:17.463 [AsyncHttpClient-1-10] DEBUG org.asynchttpclient.netty.handler.HttpHandler - 

Request DefaultHttpRequest(decodeResult: success, version: HTTP/1.1)
POST /session/d2a19bb89b17c43922249571f197f61e/element HTTP/1.1
User-Agent: selenium/4.7.1 (java windows)
Content-Length: 105
Content-Type: application/json; charset=utf-8
host: localhost:40898
accept: */*

Response DefaultHttpResponse(decodeResult: success, version: HTTP/1.1)
HTTP/1.1 200 OK
Content-Type: application/json; charset=utf-8
cache-control: no-cache
content-length: 94

14:43:17.463 [AsyncHttpClient-1-10] DEBUG org.asynchttpclient.netty.channel.ChannelManager - Adding key: http://localhost:40898 for channel [id: 0xd5958eef, L:/127.0.0.1:65521 - R:localhost/127.0.0.1:40898]
14:43:17.463 [Forwarding clickElement on session d2a19bb89b17c43922249571f197f61e to remote] DEBUG org.asynchttpclient.netty.request.NettyRequestSender - Using pooled Channel '[id: 0xd5958eef, L:/127.0.0.1:65521 - R:localhost/127.0.0.1:40898]' for 'POST' to 'http://localhost:40898/session/d2a19bb89b17c43922249571f197f61e/element/A3CD3D33AF0E27DABA99E64DE2DB0024_element_8/click'
14:43:17.463 [Forwarding clickElement on session d2a19bb89b17c43922249571f197f61e to remote] DEBUG org.asynchttpclient.netty.request.NettyRequestSender - Using open Channel [id: 0xd5958eef, L:/127.0.0.1:65521 - R:localhost/127.0.0.1:40898] for POST '/session/d2a19bb89b17c43922249571f197f61e/element/A3CD3D33AF0E27DABA99E64DE2DB0024_element_8/click'
14:43:17.527 [AsyncHttpClient-1-10] DEBUG org.asynchttpclient.netty.handler.HttpHandler - 

Request DefaultHttpRequest(decodeResult: success, version: HTTP/1.1)
POST /session/d2a19bb89b17c43922249571f197f61e/element/A3CD3D33AF0E27DABA99E64DE2DB0024_element_8/click HTTP/1.1
User-Agent: selenium/4.7.1 (java windows)
Content-Length: 56
Content-Type: application/json; charset=utf-8
host: localhost:40898
accept: */*

Response DefaultHttpResponse(decodeResult: success, version: HTTP/1.1)
HTTP/1.1 200 OK
Content-Type: application/json; charset=utf-8
cache-control: no-cache
content-length: 14

14:43:17.527 [AsyncHttpClient-1-10] DEBUG org.asynchttpclient.netty.channel.ChannelManager - Adding key: http://localhost:40898 for channel [id: 0xd5958eef, L:/127.0.0.1:65521 - R:localhost/127.0.0.1:40898]
14:43:17.535 [Forwarding findElement on session d2a19bb89b17c43922249571f197f61e to remote] DEBUG org.asynchttpclient.netty.request.NettyRequestSender - Using pooled Channel '[id: 0xd5958eef, L:/127.0.0.1:65521 - R:localhost/127.0.0.1:40898]' for 'POST' to 'http://localhost:40898/session/d2a19bb89b17c43922249571f197f61e/element'
14:43:17.535 [Forwarding findElement on session d2a19bb89b17c43922249571f197f61e to remote] DEBUG org.asynchttpclient.netty.request.NettyRequestSender - Using open Channel [id: 0xd5958eef, L:/127.0.0.1:65521 - R:localhost/127.0.0.1:40898] for POST '/session/d2a19bb89b17c43922249571f197f61e/element'
14:43:17.551 [AsyncHttpClient-1-10] DEBUG org.asynchttpclient.netty.handler.HttpHandler - 

Request DefaultHttpRequest(decodeResult: success, version: HTTP/1.1)
POST /session/d2a19bb89b17c43922249571f197f61e/element HTTP/1.1
User-Agent: selenium/4.7.1 (java windows)
Content-Length: 105
Content-Type: application/json; charset=utf-8
host: localhost:40898
accept: */*

Response DefaultHttpResponse(decodeResult: success, version: HTTP/1.1)
HTTP/1.1 200 OK
Content-Type: application/json; charset=utf-8
cache-control: no-cache
content-length: 94

14:43:17.551 [AsyncHttpClient-1-10] DEBUG org.asynchttpclient.netty.channel.ChannelManager - Adding key: http://localhost:40898 for channel [id: 0xd5958eef, L:/127.0.0.1:65521 - R:localhost/127.0.0.1:40898]
14:43:17.551 [Forwarding clearElement on session d2a19bb89b17c43922249571f197f61e to remote] DEBUG org.asynchttpclient.netty.request.NettyRequestSender - Using pooled Channel '[id: 0xd5958eef, L:/127.0.0.1:65521 - R:localhost/127.0.0.1:40898]' for 'POST' to 'http://localhost:40898/session/d2a19bb89b17c43922249571f197f61e/element/A3CD3D33AF0E27DABA99E64DE2DB0024_element_8/clear'
14:43:17.551 [Forwarding clearElement on session d2a19bb89b17c43922249571f197f61e to remote] DEBUG org.asynchttpclient.netty.request.NettyRequestSender - Using open Channel [id: 0xd5958eef, L:/127.0.0.1:65521 - R:localhost/127.0.0.1:40898] for POST '/session/d2a19bb89b17c43922249571f197f61e/element/A3CD3D33AF0E27DABA99E64DE2DB0024_element_8/clear'
14:43:17.599 [AsyncHttpClient-1-10] DEBUG org.asynchttpclient.netty.handler.HttpHandler - 

Request DefaultHttpRequest(decodeResult: success, version: HTTP/1.1)
POST /session/d2a19bb89b17c43922249571f197f61e/element/A3CD3D33AF0E27DABA99E64DE2DB0024_element_8/clear HTTP/1.1
User-Agent: selenium/4.7.1 (java windows)
Content-Length: 56
Content-Type: application/json; charset=utf-8
host: localhost:40898
accept: */*

Response DefaultHttpResponse(decodeResult: success, version: HTTP/1.1)
HTTP/1.1 200 OK
Content-Type: application/json; charset=utf-8
cache-control: no-cache
content-length: 14

14:43:17.599 [AsyncHttpClient-1-10] DEBUG org.asynchttpclient.netty.channel.ChannelManager - Adding key: http://localhost:40898 for channel [id: 0xd5958eef, L:/127.0.0.1:65521 - R:localhost/127.0.0.1:40898]
14:43:17.599 [Forwarding sendKeysToElement on session d2a19bb89b17c43922249571f197f61e to remote] DEBUG org.asynchttpclient.netty.request.NettyRequestSender - Using pooled Channel '[id: 0xd5958eef, L:/127.0.0.1:65521 - R:localhost/127.0.0.1:40898]' for 'POST' to 'http://localhost:40898/session/d2a19bb89b17c43922249571f197f61e/element/A3CD3D33AF0E27DABA99E64DE2DB0024_element_8/value'
14:43:17.599 [Forwarding sendKeysToElement on session d2a19bb89b17c43922249571f197f61e to remote] DEBUG org.asynchttpclient.netty.request.NettyRequestSender - Using open Channel [id: 0xd5958eef, L:/127.0.0.1:65521 - R:localhost/127.0.0.1:40898] for POST '/session/d2a19bb89b17c43922249571f197f61e/element/A3CD3D33AF0E27DABA99E64DE2DB0024_element_8/value'
14:43:17.671 [AsyncHttpClient-1-10] DEBUG org.asynchttpclient.netty.handler.HttpHandler - 

Request DefaultHttpRequest(decodeResult: success, version: HTTP/1.1)
POST /session/d2a19bb89b17c43922249571f197f61e/element/A3CD3D33AF0E27DABA99E64DE2DB0024_element_8/value HTTP/1.1
User-Agent: selenium/4.7.1 (java windows)
Content-Length: 187
Content-Type: application/json; charset=utf-8
host: localhost:40898
accept: */*

Response DefaultHttpResponse(decodeResult: success, version: HTTP/1.1)
HTTP/1.1 200 OK
Content-Type: application/json; charset=utf-8
cache-control: no-cache
content-length: 14

14:43:17.671 [AsyncHttpClient-1-10] DEBUG org.asynchttpclient.netty.channel.ChannelManager - Adding key: http://localhost:40898 for channel [id: 0xd5958eef, L:/127.0.0.1:65521 - R:localhost/127.0.0.1:40898]
14:43:17.679 [Forwarding getCurrentWindowHandle on session d2a19bb89b17c43922249571f197f61e to remote] DEBUG org.asynchttpclient.netty.request.NettyRequestSender - Using pooled Channel '[id: 0xd5958eef, L:/127.0.0.1:65521 - R:localhost/127.0.0.1:40898]' for 'GET' to 'http://localhost:40898/session/d2a19bb89b17c43922249571f197f61e/window'
14:43:17.679 [Forwarding getCurrentWindowHandle on session d2a19bb89b17c43922249571f197f61e to remote] DEBUG org.asynchttpclient.netty.request.NettyRequestSender - Using open Channel [id: 0xd5958eef, L:/127.0.0.1:65521 - R:localhost/127.0.0.1:40898] for GET '/session/d2a19bb89b17c43922249571f197f61e/window'
14:43:17.679 [AsyncHttpClient-1-10] DEBUG org.asynchttpclient.netty.handler.HttpHandler - 

Request DefaultFullHttpRequest(decodeResult: success, version: HTTP/1.1, content: EmptyByteBufBE)
GET /session/d2a19bb89b17c43922249571f197f61e/window HTTP/1.1
User-Agent: selenium/4.7.1 (java windows)
Cache-Control: no-cache
Content-Type: application/json; charset=utf-8
host: localhost:40898
accept: */*

Response DefaultHttpResponse(decodeResult: success, version: HTTP/1.1)
HTTP/1.1 200 OK
Content-Type: application/json; charset=utf-8
cache-control: no-cache
content-length: 44

14:43:17.679 [AsyncHttpClient-1-10] DEBUG org.asynchttpclient.netty.channel.ChannelManager - Adding key: http://localhost:40898 for channel [id: 0xd5958eef, L:/127.0.0.1:65521 - R:localhost/127.0.0.1:40898]
14:43:17.679 [Forwarding getAlertText on session d2a19bb89b17c43922249571f197f61e to remote] DEBUG org.asynchttpclient.netty.request.NettyRequestSender - Using pooled Channel '[id: 0xd5958eef, L:/127.0.0.1:65521 - R:localhost/127.0.0.1:40898]' for 'GET' to 'http://localhost:40898/session/d2a19bb89b17c43922249571f197f61e/alert/text'
14:43:17.679 [Forwarding getAlertText on session d2a19bb89b17c43922249571f197f61e to remote] DEBUG org.asynchttpclient.netty.request.NettyRequestSender - Using open Channel [id: 0xd5958eef, L:/127.0.0.1:65521 - R:localhost/127.0.0.1:40898] for GET '/session/d2a19bb89b17c43922249571f197f61e/alert/text'
14:43:17.679 [AsyncHttpClient-1-10] DEBUG org.asynchttpclient.netty.handler.HttpHandler - 

Request DefaultFullHttpRequest(decodeResult: success, version: HTTP/1.1, content: EmptyByteBufBE)
GET /session/d2a19bb89b17c43922249571f197f61e/alert/text HTTP/1.1
User-Agent: selenium/4.7.1 (java windows)
Cache-Control: no-cache
Content-Type: application/json; charset=utf-8
host: localhost:40898
accept: */*

Response DefaultHttpResponse(decodeResult: success, version: HTTP/1.1)
HTTP/1.1 404 Not Found
Content-Type: application/json; charset=utf-8
cache-control: no-cache
content-length: 821

14:43:17.679 [AsyncHttpClient-1-10] DEBUG org.asynchttpclient.netty.channel.ChannelManager - Adding key: http://localhost:40898 for channel [id: 0xd5958eef, L:/127.0.0.1:65521 - R:localhost/127.0.0.1:40898]
14:43:17.679 [Forwarding switchToWindow on session d2a19bb89b17c43922249571f197f61e to remote] DEBUG org.asynchttpclient.netty.request.NettyRequestSender - Using pooled Channel '[id: 0xd5958eef, L:/127.0.0.1:65521 - R:localhost/127.0.0.1:40898]' for 'POST' to 'http://localhost:40898/session/d2a19bb89b17c43922249571f197f61e/window'
14:43:17.679 [Forwarding switchToWindow on session d2a19bb89b17c43922249571f197f61e to remote] DEBUG org.asynchttpclient.netty.request.NettyRequestSender - Using open Channel [id: 0xd5958eef, L:/127.0.0.1:65521 - R:localhost/127.0.0.1:40898] for POST '/session/d2a19bb89b17c43922249571f197f61e/window'
14:43:17.687 [AsyncHttpClient-1-10] DEBUG org.asynchttpclient.netty.handler.HttpHandler - 

Request DefaultHttpRequest(decodeResult: success, version: HTTP/1.1)
POST /session/d2a19bb89b17c43922249571f197f61e/window HTTP/1.1
User-Agent: selenium/4.7.1 (java windows)
Content-Length: 50
Content-Type: application/json; charset=utf-8
host: localhost:40898
accept: */*

Response DefaultHttpResponse(decodeResult: success, version: HTTP/1.1)
HTTP/1.1 200 OK
Content-Type: application/json; charset=utf-8
cache-control: no-cache
content-length: 14

14:43:17.687 [AsyncHttpClient-1-10] DEBUG org.asynchttpclient.netty.channel.ChannelManager - Adding key: http://localhost:40898 for channel [id: 0xd5958eef, L:/127.0.0.1:65521 - R:localhost/127.0.0.1:40898]
14:43:17.687 [Forwarding getCurrentUrl on session d2a19bb89b17c43922249571f197f61e to remote] DEBUG org.asynchttpclient.netty.request.NettyRequestSender - Using pooled Channel '[id: 0xd5958eef, L:/127.0.0.1:65521 - R:localhost/127.0.0.1:40898]' for 'GET' to 'http://localhost:40898/session/d2a19bb89b17c43922249571f197f61e/url'
14:43:17.687 [Forwarding getCurrentUrl on session d2a19bb89b17c43922249571f197f61e to remote] DEBUG org.asynchttpclient.netty.request.NettyRequestSender - Using open Channel [id: 0xd5958eef, L:/127.0.0.1:65521 - R:localhost/127.0.0.1:40898] for GET '/session/d2a19bb89b17c43922249571f197f61e/url'
14:43:17.695 [AsyncHttpClient-1-10] DEBUG org.asynchttpclient.netty.handler.HttpHandler - 

Request DefaultFullHttpRequest(decodeResult: success, version: HTTP/1.1, content: EmptyByteBufBE)
GET /session/d2a19bb89b17c43922249571f197f61e/url HTTP/1.1
User-Agent: selenium/4.7.1 (java windows)
Cache-Control: no-cache
Content-Type: application/json; charset=utf-8
host: localhost:40898
accept: */*

Response DefaultHttpResponse(decodeResult: success, version: HTTP/1.1)
HTTP/1.1 200 OK
Content-Type: application/json; charset=utf-8
cache-control: no-cache
content-length: 51

14:43:17.695 [AsyncHttpClient-1-10] DEBUG org.asynchttpclient.netty.channel.ChannelManager - Adding key: http://localhost:40898 for channel [id: 0xd5958eef, L:/127.0.0.1:65521 - R:localhost/127.0.0.1:40898]
14:43:17.695 [Forwarding screenshot on session d2a19bb89b17c43922249571f197f61e to remote] DEBUG org.asynchttpclient.netty.request.NettyRequestSender - Using pooled Channel '[id: 0xd5958eef, L:/127.0.0.1:65521 - R:localhost/127.0.0.1:40898]' for 'GET' to 'http://localhost:40898/session/d2a19bb89b17c43922249571f197f61e/screenshot'
14:43:17.695 [Forwarding screenshot on session d2a19bb89b17c43922249571f197f61e to remote] DEBUG org.asynchttpclient.netty.request.NettyRequestSender - Using open Channel [id: 0xd5958eef, L:/127.0.0.1:65521 - R:localhost/127.0.0.1:40898] for GET '/session/d2a19bb89b17c43922249571f197f61e/screenshot'
14:43:17.936 [AsyncHttpClient-1-10] DEBUG org.asynchttpclient.netty.handler.HttpHandler - 

Request DefaultFullHttpRequest(decodeResult: success, version: HTTP/1.1, content: EmptyByteBufBE)
GET /session/d2a19bb89b17c43922249571f197f61e/screenshot HTTP/1.1
User-Agent: selenium/4.7.1 (java windows)
Cache-Control: no-cache
Content-Type: application/json; charset=utf-8
host: localhost:40898
accept: */*

Response DefaultHttpResponse(decodeResult: success, version: HTTP/1.1)
HTTP/1.1 200 OK
Content-Type: application/json; charset=utf-8
cache-control: no-cache
content-length: 192088

14:43:17.936 [AsyncHttpClient-1-10] DEBUG org.asynchttpclient.netty.channel.ChannelManager - Adding key: http://localhost:40898 for channel [id: 0xd5958eef, L:/127.0.0.1:65521 - R:localhost/127.0.0.1:40898]
14:43:17.945 [main] DEBUG net.serenitybdd.core.photography.Darkroom - Send negative for processing for target\site\serenity\9942ca6d24dff34b536a4faa679ac08af8c23abb3cbd7c6ff6d1c57c3c7dd528.png
14:43:17.945 [main] DEBUG net.thucydides.core.steps.StepInterceptor - STEP DONE: inputfieldpassword
14:43:17.952 [main] DEBUG net.thucydides.core.steps.StepInterceptor - STARTING STEP: TransaksiSteps.adminMelakukanLoginAkun - klikbuttonmasuk
14:43:17.960 [Forwarding findElement on session d2a19bb89b17c43922249571f197f61e to remote] DEBUG org.asynchttpclient.netty.request.NettyRequestSender - Using pooled Channel '[id: 0xd5958eef, L:/127.0.0.1:65521 - R:localhost/127.0.0.1:40898]' for 'POST' to 'http://localhost:40898/session/d2a19bb89b17c43922249571f197f61e/element'
14:43:17.960 [Forwarding findElement on session d2a19bb89b17c43922249571f197f61e to remote] DEBUG org.asynchttpclient.netty.request.NettyRequestSender - Using open Channel [id: 0xd5958eef, L:/127.0.0.1:65521 - R:localhost/127.0.0.1:40898] for POST '/session/d2a19bb89b17c43922249571f197f61e/element'
14:43:17.984 [AsyncHttpClient-1-10] DEBUG org.asynchttpclient.netty.handler.HttpHandler - 

Request DefaultHttpRequest(decodeResult: success, version: HTTP/1.1)
POST /session/d2a19bb89b17c43922249571f197f61e/element HTTP/1.1
User-Agent: selenium/4.7.1 (java windows)
Content-Length: 113
Content-Type: application/json; charset=utf-8
host: localhost:40898
accept: */*

Response DefaultHttpResponse(decodeResult: success, version: HTTP/1.1)
HTTP/1.1 200 OK
Content-Type: application/json; charset=utf-8
cache-control: no-cache
content-length: 94

14:43:17.984 [AsyncHttpClient-1-10] DEBUG org.asynchttpclient.netty.channel.ChannelManager - Adding key: http://localhost:40898 for channel [id: 0xd5958eef, L:/127.0.0.1:65521 - R:localhost/127.0.0.1:40898]
14:43:17.984 [Forwarding getElementTagName on session d2a19bb89b17c43922249571f197f61e to remote] DEBUG org.asynchttpclient.netty.request.NettyRequestSender - Using pooled Channel '[id: 0xd5958eef, L:/127.0.0.1:65521 - R:localhost/127.0.0.1:40898]' for 'GET' to 'http://localhost:40898/session/d2a19bb89b17c43922249571f197f61e/element/A3CD3D33AF0E27DABA99E64DE2DB0024_element_9/name'
14:43:17.984 [Forwarding getElementTagName on session d2a19bb89b17c43922249571f197f61e to remote] DEBUG org.asynchttpclient.netty.request.NettyRequestSender - Using open Channel [id: 0xd5958eef, L:/127.0.0.1:65521 - R:localhost/127.0.0.1:40898] for GET '/session/d2a19bb89b17c43922249571f197f61e/element/A3CD3D33AF0E27DABA99E64DE2DB0024_element_9/name'
14:43:17.992 [AsyncHttpClient-1-10] DEBUG org.asynchttpclient.netty.handler.HttpHandler - 

Request DefaultFullHttpRequest(decodeResult: success, version: HTTP/1.1, content: EmptyByteBufBE)
GET /session/d2a19bb89b17c43922249571f197f61e/element/A3CD3D33AF0E27DABA99E64DE2DB0024_element_9/name HTTP/1.1
User-Agent: selenium/4.7.1 (java windows)
Cache-Control: no-cache
Content-Type: application/json; charset=utf-8
host: localhost:40898
accept: */*

Response DefaultHttpResponse(decodeResult: success, version: HTTP/1.1)
HTTP/1.1 200 OK
Content-Type: application/json; charset=utf-8
cache-control: no-cache
content-length: 18

14:43:17.992 [AsyncHttpClient-1-10] DEBUG org.asynchttpclient.netty.channel.ChannelManager - Adding key: http://localhost:40898 for channel [id: 0xd5958eef, L:/127.0.0.1:65521 - R:localhost/127.0.0.1:40898]
14:43:17.992 [Forwarding getElementTagName on session d2a19bb89b17c43922249571f197f61e to remote] DEBUG org.asynchttpclient.netty.request.NettyRequestSender - Using pooled Channel '[id: 0xd5958eef, L:/127.0.0.1:65521 - R:localhost/127.0.0.1:40898]' for 'GET' to 'http://localhost:40898/session/d2a19bb89b17c43922249571f197f61e/element/A3CD3D33AF0E27DABA99E64DE2DB0024_element_9/name'
14:43:17.992 [Forwarding getElementTagName on session d2a19bb89b17c43922249571f197f61e to remote] DEBUG org.asynchttpclient.netty.request.NettyRequestSender - Using open Channel [id: 0xd5958eef, L:/127.0.0.1:65521 - R:localhost/127.0.0.1:40898] for GET '/session/d2a19bb89b17c43922249571f197f61e/element/A3CD3D33AF0E27DABA99E64DE2DB0024_element_9/name'
14:43:18.001 [AsyncHttpClient-1-10] DEBUG org.asynchttpclient.netty.handler.HttpHandler - 

Request DefaultFullHttpRequest(decodeResult: success, version: HTTP/1.1, content: EmptyByteBufBE)
GET /session/d2a19bb89b17c43922249571f197f61e/element/A3CD3D33AF0E27DABA99E64DE2DB0024_element_9/name HTTP/1.1
User-Agent: selenium/4.7.1 (java windows)
Cache-Control: no-cache
Content-Type: application/json; charset=utf-8
host: localhost:40898
accept: */*

Response DefaultHttpResponse(decodeResult: success, version: HTTP/1.1)
HTTP/1.1 200 OK
Content-Type: application/json; charset=utf-8
cache-control: no-cache
content-length: 18

14:43:18.001 [AsyncHttpClient-1-10] DEBUG org.asynchttpclient.netty.channel.ChannelManager - Adding key: http://localhost:40898 for channel [id: 0xd5958eef, L:/127.0.0.1:65521 - R:localhost/127.0.0.1:40898]
14:43:18.001 [Forwarding isElementEnabled on session d2a19bb89b17c43922249571f197f61e to remote] DEBUG org.asynchttpclient.netty.request.NettyRequestSender - Using pooled Channel '[id: 0xd5958eef, L:/127.0.0.1:65521 - R:localhost/127.0.0.1:40898]' for 'GET' to 'http://localhost:40898/session/d2a19bb89b17c43922249571f197f61e/element/A3CD3D33AF0E27DABA99E64DE2DB0024_element_9/enabled'
14:43:18.001 [Forwarding isElementEnabled on session d2a19bb89b17c43922249571f197f61e to remote] DEBUG org.asynchttpclient.netty.request.NettyRequestSender - Using open Channel [id: 0xd5958eef, L:/127.0.0.1:65521 - R:localhost/127.0.0.1:40898] for GET '/session/d2a19bb89b17c43922249571f197f61e/element/A3CD3D33AF0E27DABA99E64DE2DB0024_element_9/enabled'
14:43:18.016 [AsyncHttpClient-1-10] DEBUG org.asynchttpclient.netty.handler.HttpHandler - 

Request DefaultFullHttpRequest(decodeResult: success, version: HTTP/1.1, content: EmptyByteBufBE)
GET /session/d2a19bb89b17c43922249571f197f61e/element/A3CD3D33AF0E27DABA99E64DE2DB0024_element_9/enabled HTTP/1.1
User-Agent: selenium/4.7.1 (java windows)
Cache-Control: no-cache
Content-Type: application/json; charset=utf-8
host: localhost:40898
accept: */*

Response DefaultHttpResponse(decodeResult: success, version: HTTP/1.1)
HTTP/1.1 200 OK
Content-Type: application/json; charset=utf-8
cache-control: no-cache
content-length: 14

14:43:18.016 [AsyncHttpClient-1-10] DEBUG org.asynchttpclient.netty.channel.ChannelManager - Adding key: http://localhost:40898 for channel [id: 0xd5958eef, L:/127.0.0.1:65521 - R:localhost/127.0.0.1:40898]
14:43:18.016 [Forwarding isElementEnabled on session d2a19bb89b17c43922249571f197f61e to remote] DEBUG org.asynchttpclient.netty.request.NettyRequestSender - Using pooled Channel '[id: 0xd5958eef, L:/127.0.0.1:65521 - R:localhost/127.0.0.1:40898]' for 'GET' to 'http://localhost:40898/session/d2a19bb89b17c43922249571f197f61e/element/A3CD3D33AF0E27DABA99E64DE2DB0024_element_9/enabled'
14:43:18.016 [Forwarding isElementEnabled on session d2a19bb89b17c43922249571f197f61e to remote] DEBUG org.asynchttpclient.netty.request.NettyRequestSender - Using open Channel [id: 0xd5958eef, L:/127.0.0.1:65521 - R:localhost/127.0.0.1:40898] for GET '/session/d2a19bb89b17c43922249571f197f61e/element/A3CD3D33AF0E27DABA99E64DE2DB0024_element_9/enabled'
14:43:18.032 [AsyncHttpClient-1-10] DEBUG org.asynchttpclient.netty.handler.HttpHandler - 

Request DefaultFullHttpRequest(decodeResult: success, version: HTTP/1.1, content: EmptyByteBufBE)
GET /session/d2a19bb89b17c43922249571f197f61e/element/A3CD3D33AF0E27DABA99E64DE2DB0024_element_9/enabled HTTP/1.1
User-Agent: selenium/4.7.1 (java windows)
Cache-Control: no-cache
Content-Type: application/json; charset=utf-8
host: localhost:40898
accept: */*

Response DefaultHttpResponse(decodeResult: success, version: HTTP/1.1)
HTTP/1.1 200 OK
Content-Type: application/json; charset=utf-8
cache-control: no-cache
content-length: 14

14:43:18.032 [AsyncHttpClient-1-10] DEBUG org.asynchttpclient.netty.channel.ChannelManager - Adding key: http://localhost:40898 for channel [id: 0xd5958eef, L:/127.0.0.1:65521 - R:localhost/127.0.0.1:40898]
14:43:18.032 [Forwarding findElement on session d2a19bb89b17c43922249571f197f61e to remote] DEBUG org.asynchttpclient.netty.request.NettyRequestSender - Using pooled Channel '[id: 0xd5958eef, L:/127.0.0.1:65521 - R:localhost/127.0.0.1:40898]' for 'POST' to 'http://localhost:40898/session/d2a19bb89b17c43922249571f197f61e/element'
14:43:18.032 [Forwarding findElement on session d2a19bb89b17c43922249571f197f61e to remote] DEBUG org.asynchttpclient.netty.request.NettyRequestSender - Using open Channel [id: 0xd5958eef, L:/127.0.0.1:65521 - R:localhost/127.0.0.1:40898] for POST '/session/d2a19bb89b17c43922249571f197f61e/element'
14:43:18.049 [AsyncHttpClient-1-10] DEBUG org.asynchttpclient.netty.handler.HttpHandler - 

Request DefaultHttpRequest(decodeResult: success, version: HTTP/1.1)
POST /session/d2a19bb89b17c43922249571f197f61e/element HTTP/1.1
User-Agent: selenium/4.7.1 (java windows)
Content-Length: 113
Content-Type: application/json; charset=utf-8
host: localhost:40898
accept: */*

Response DefaultHttpResponse(decodeResult: success, version: HTTP/1.1)
HTTP/1.1 200 OK
Content-Type: application/json; charset=utf-8
cache-control: no-cache
content-length: 94

14:43:18.049 [AsyncHttpClient-1-10] DEBUG org.asynchttpclient.netty.channel.ChannelManager - Adding key: http://localhost:40898 for channel [id: 0xd5958eef, L:/127.0.0.1:65521 - R:localhost/127.0.0.1:40898]
14:43:18.049 [Forwarding clickElement on session d2a19bb89b17c43922249571f197f61e to remote] DEBUG org.asynchttpclient.netty.request.NettyRequestSender - Using pooled Channel '[id: 0xd5958eef, L:/127.0.0.1:65521 - R:localhost/127.0.0.1:40898]' for 'POST' to 'http://localhost:40898/session/d2a19bb89b17c43922249571f197f61e/element/A3CD3D33AF0E27DABA99E64DE2DB0024_element_9/click'
14:43:18.049 [Forwarding clickElement on session d2a19bb89b17c43922249571f197f61e to remote] DEBUG org.asynchttpclient.netty.request.NettyRequestSender - Using open Channel [id: 0xd5958eef, L:/127.0.0.1:65521 - R:localhost/127.0.0.1:40898] for POST '/session/d2a19bb89b17c43922249571f197f61e/element/A3CD3D33AF0E27DABA99E64DE2DB0024_element_9/click'
14:43:18.121 [AsyncHttpClient-1-10] DEBUG org.asynchttpclient.netty.handler.HttpHandler - 

Request DefaultHttpRequest(decodeResult: success, version: HTTP/1.1)
POST /session/d2a19bb89b17c43922249571f197f61e/element/A3CD3D33AF0E27DABA99E64DE2DB0024_element_9/click HTTP/1.1
User-Agent: selenium/4.7.1 (java windows)
Content-Length: 56
Content-Type: application/json; charset=utf-8
host: localhost:40898
accept: */*

Response DefaultHttpResponse(decodeResult: success, version: HTTP/1.1)
HTTP/1.1 200 OK
Content-Type: application/json; charset=utf-8
cache-control: no-cache
content-length: 14

14:43:18.121 [AsyncHttpClient-1-10] DEBUG org.asynchttpclient.netty.channel.ChannelManager - Adding key: http://localhost:40898 for channel [id: 0xd5958eef, L:/127.0.0.1:65521 - R:localhost/127.0.0.1:40898]
14:43:18.129 [Forwarding getCurrentWindowHandle on session d2a19bb89b17c43922249571f197f61e to remote] DEBUG org.asynchttpclient.netty.request.NettyRequestSender - Using pooled Channel '[id: 0xd5958eef, L:/127.0.0.1:65521 - R:localhost/127.0.0.1:40898]' for 'GET' to 'http://localhost:40898/session/d2a19bb89b17c43922249571f197f61e/window'
14:43:18.129 [Forwarding getCurrentWindowHandle on session d2a19bb89b17c43922249571f197f61e to remote] DEBUG org.asynchttpclient.netty.request.NettyRequestSender - Using open Channel [id: 0xd5958eef, L:/127.0.0.1:65521 - R:localhost/127.0.0.1:40898] for GET '/session/d2a19bb89b17c43922249571f197f61e/window'
14:43:18.129 [AsyncHttpClient-1-10] DEBUG org.asynchttpclient.netty.handler.HttpHandler - 

Request DefaultFullHttpRequest(decodeResult: success, version: HTTP/1.1, content: EmptyByteBufBE)
GET /session/d2a19bb89b17c43922249571f197f61e/window HTTP/1.1
User-Agent: selenium/4.7.1 (java windows)
Cache-Control: no-cache
Content-Type: application/json; charset=utf-8
host: localhost:40898
accept: */*

Response DefaultHttpResponse(decodeResult: success, version: HTTP/1.1)
HTTP/1.1 200 OK
Content-Type: application/json; charset=utf-8
cache-control: no-cache
content-length: 44

14:43:18.129 [AsyncHttpClient-1-10] DEBUG org.asynchttpclient.netty.channel.ChannelManager - Adding key: http://localhost:40898 for channel [id: 0xd5958eef, L:/127.0.0.1:65521 - R:localhost/127.0.0.1:40898]
14:43:18.137 [Forwarding getAlertText on session d2a19bb89b17c43922249571f197f61e to remote] DEBUG org.asynchttpclient.netty.request.NettyRequestSender - Using pooled Channel '[id: 0xd5958eef, L:/127.0.0.1:65521 - R:localhost/127.0.0.1:40898]' for 'GET' to 'http://localhost:40898/session/d2a19bb89b17c43922249571f197f61e/alert/text'
14:43:18.137 [Forwarding getAlertText on session d2a19bb89b17c43922249571f197f61e to remote] DEBUG org.asynchttpclient.netty.request.NettyRequestSender - Using open Channel [id: 0xd5958eef, L:/127.0.0.1:65521 - R:localhost/127.0.0.1:40898] for GET '/session/d2a19bb89b17c43922249571f197f61e/alert/text'
14:43:18.137 [AsyncHttpClient-1-10] DEBUG org.asynchttpclient.netty.handler.HttpHandler - 

Request DefaultFullHttpRequest(decodeResult: success, version: HTTP/1.1, content: EmptyByteBufBE)
GET /session/d2a19bb89b17c43922249571f197f61e/alert/text HTTP/1.1
User-Agent: selenium/4.7.1 (java windows)
Cache-Control: no-cache
Content-Type: application/json; charset=utf-8
host: localhost:40898
accept: */*

Response DefaultHttpResponse(decodeResult: success, version: HTTP/1.1)
HTTP/1.1 404 Not Found
Content-Type: application/json; charset=utf-8
cache-control: no-cache
content-length: 821

14:43:18.137 [AsyncHttpClient-1-10] DEBUG org.asynchttpclient.netty.channel.ChannelManager - Adding key: http://localhost:40898 for channel [id: 0xd5958eef, L:/127.0.0.1:65521 - R:localhost/127.0.0.1:40898]
14:43:18.137 [Forwarding switchToWindow on session d2a19bb89b17c43922249571f197f61e to remote] DEBUG org.asynchttpclient.netty.request.NettyRequestSender - Using pooled Channel '[id: 0xd5958eef, L:/127.0.0.1:65521 - R:localhost/127.0.0.1:40898]' for 'POST' to 'http://localhost:40898/session/d2a19bb89b17c43922249571f197f61e/window'
14:43:18.137 [Forwarding switchToWindow on session d2a19bb89b17c43922249571f197f61e to remote] DEBUG org.asynchttpclient.netty.request.NettyRequestSender - Using open Channel [id: 0xd5958eef, L:/127.0.0.1:65521 - R:localhost/127.0.0.1:40898] for POST '/session/d2a19bb89b17c43922249571f197f61e/window'
14:43:18.145 [AsyncHttpClient-1-10] DEBUG org.asynchttpclient.netty.handler.HttpHandler - 

Request DefaultHttpRequest(decodeResult: success, version: HTTP/1.1)
POST /session/d2a19bb89b17c43922249571f197f61e/window HTTP/1.1
User-Agent: selenium/4.7.1 (java windows)
Content-Length: 50
Content-Type: application/json; charset=utf-8
host: localhost:40898
accept: */*

Response DefaultHttpResponse(decodeResult: success, version: HTTP/1.1)
HTTP/1.1 200 OK
Content-Type: application/json; charset=utf-8
cache-control: no-cache
content-length: 14

14:43:18.145 [AsyncHttpClient-1-10] DEBUG org.asynchttpclient.netty.channel.ChannelManager - Adding key: http://localhost:40898 for channel [id: 0xd5958eef, L:/127.0.0.1:65521 - R:localhost/127.0.0.1:40898]
14:43:18.146 [Forwarding getCurrentUrl on session d2a19bb89b17c43922249571f197f61e to remote] DEBUG org.asynchttpclient.netty.request.NettyRequestSender - Using pooled Channel '[id: 0xd5958eef, L:/127.0.0.1:65521 - R:localhost/127.0.0.1:40898]' for 'GET' to 'http://localhost:40898/session/d2a19bb89b17c43922249571f197f61e/url'
14:43:18.146 [Forwarding getCurrentUrl on session d2a19bb89b17c43922249571f197f61e to remote] DEBUG org.asynchttpclient.netty.request.NettyRequestSender - Using open Channel [id: 0xd5958eef, L:/127.0.0.1:65521 - R:localhost/127.0.0.1:40898] for GET '/session/d2a19bb89b17c43922249571f197f61e/url'
14:43:18.153 [AsyncHttpClient-1-10] DEBUG org.asynchttpclient.netty.handler.HttpHandler - 

Request DefaultFullHttpRequest(decodeResult: success, version: HTTP/1.1, content: EmptyByteBufBE)
GET /session/d2a19bb89b17c43922249571f197f61e/url HTTP/1.1
User-Agent: selenium/4.7.1 (java windows)
Cache-Control: no-cache
Content-Type: application/json; charset=utf-8
host: localhost:40898
accept: */*

Response DefaultHttpResponse(decodeResult: success, version: HTTP/1.1)
HTTP/1.1 200 OK
Content-Type: application/json; charset=utf-8
cache-control: no-cache
content-length: 51

14:43:18.153 [AsyncHttpClient-1-10] DEBUG org.asynchttpclient.netty.channel.ChannelManager - Adding key: http://localhost:40898 for channel [id: 0xd5958eef, L:/127.0.0.1:65521 - R:localhost/127.0.0.1:40898]
14:43:18.153 [Forwarding screenshot on session d2a19bb89b17c43922249571f197f61e to remote] DEBUG org.asynchttpclient.netty.request.NettyRequestSender - Using pooled Channel '[id: 0xd5958eef, L:/127.0.0.1:65521 - R:localhost/127.0.0.1:40898]' for 'GET' to 'http://localhost:40898/session/d2a19bb89b17c43922249571f197f61e/screenshot'
14:43:18.153 [Forwarding screenshot on session d2a19bb89b17c43922249571f197f61e to remote] DEBUG org.asynchttpclient.netty.request.NettyRequestSender - Using open Channel [id: 0xd5958eef, L:/127.0.0.1:65521 - R:localhost/127.0.0.1:40898] for GET '/session/d2a19bb89b17c43922249571f197f61e/screenshot'
14:43:18.394 [AsyncHttpClient-1-1] DEBUG org.asynchttpclient.netty.channel.DefaultChannelPool - Entry count for : http://localhost:65522 : 1
14:43:18.394 [AsyncHttpClient-1-10] DEBUG org.asynchttpclient.netty.handler.HttpHandler - 

Request DefaultFullHttpRequest(decodeResult: success, version: HTTP/1.1, content: EmptyByteBufBE)
GET /session/d2a19bb89b17c43922249571f197f61e/screenshot HTTP/1.1
User-Agent: selenium/4.7.1 (java windows)
Cache-Control: no-cache
Content-Type: application/json; charset=utf-8
host: localhost:40898
accept: */*

Response DefaultHttpResponse(decodeResult: success, version: HTTP/1.1)
HTTP/1.1 200 OK
Content-Type: application/json; charset=utf-8
cache-control: no-cache
content-length: 192008

14:43:18.394 [AsyncHttpClient-1-10] DEBUG org.asynchttpclient.netty.channel.ChannelManager - Adding key: http://localhost:40898 for channel [id: 0xd5958eef, L:/127.0.0.1:65521 - R:localhost/127.0.0.1:40898]
14:43:18.402 [main] DEBUG net.serenitybdd.core.photography.Darkroom - Send negative for processing for target\site\serenity\cd7cc94f58136a2d2b3e3c252bd27c3d3d8f5aa3b9ecea873a8beb71d8774489.png
14:43:18.402 [main] DEBUG net.thucydides.core.steps.StepInterceptor - STEP DONE: klikbuttonmasuk
  &amp#27;[32mGiven &amp#27;[0m&amp#27;[32mAdmin melakukan login akun&amp#27;[0m                                                                               &amp#27;[90m# starter.stepdefinitions.TransaksiSteps.adminMelakukanLoginAkun()&amp#27;[0m
14:43:18.426 [main] DEBUG net.thucydides.core.steps.StepInterceptor - STARTING STEP: PDAMSteps.padaBerandaAdminKlikLayanan - klikmenulayanan
14:43:18.434 [Forwarding findElement on session d2a19bb89b17c43922249571f197f61e to remote] DEBUG org.asynchttpclient.netty.request.NettyRequestSender - Using pooled Channel '[id: 0xd5958eef, L:/127.0.0.1:65521 - R:localhost/127.0.0.1:40898]' for 'POST' to 'http://localhost:40898/session/d2a19bb89b17c43922249571f197f61e/element'
14:43:18.434 [Forwarding findElement on session d2a19bb89b17c43922249571f197f61e to remote] DEBUG org.asynchttpclient.netty.request.NettyRequestSender - Using open Channel [id: 0xd5958eef, L:/127.0.0.1:65521 - R:localhost/127.0.0.1:40898] for POST '/session/d2a19bb89b17c43922249571f197f61e/element'
14:43:19.491 [AsyncHttpClient-1-1] DEBUG org.asynchttpclient.netty.channel.DefaultChannelPool - Entry count for : http://localhost:65522 : 1
14:43:20.055 [AsyncHttpClient-1-10] DEBUG org.asynchttpclient.netty.handler.HttpHandler - 

Request DefaultHttpRequest(decodeResult: success, version: HTTP/1.1)
POST /session/d2a19bb89b17c43922249571f197f61e/element HTTP/1.1
User-Agent: selenium/4.7.1 (java windows)
Content-Length: 178
Content-Type: application/json; charset=utf-8
host: localhost:40898
accept: */*

Response DefaultHttpResponse(decodeResult: success, version: HTTP/1.1)
HTTP/1.1 200 OK
Content-Type: application/json; charset=utf-8
cache-control: no-cache
content-length: 95

14:43:20.055 [AsyncHttpClient-1-10] DEBUG org.asynchttpclient.netty.channel.ChannelManager - Adding key: http://localhost:40898 for channel [id: 0xd5958eef, L:/127.0.0.1:65521 - R:localhost/127.0.0.1:40898]
14:43:20.055 [Forwarding getElementTagName on session d2a19bb89b17c43922249571f197f61e to remote] DEBUG org.asynchttpclient.netty.request.NettyRequestSender - Using pooled Channel '[id: 0xd5958eef, L:/127.0.0.1:65521 - R:localhost/127.0.0.1:40898]' for 'GET' to 'http://localhost:40898/session/d2a19bb89b17c43922249571f197f61e/element/A3CD3D33AF0E27DABA99E64DE2DB0024_element_23/name'
14:43:20.055 [Forwarding getElementTagName on session d2a19bb89b17c43922249571f197f61e to remote] DEBUG org.asynchttpclient.netty.request.NettyRequestSender - Using open Channel [id: 0xd5958eef, L:/127.0.0.1:65521 - R:localhost/127.0.0.1:40898] for GET '/session/d2a19bb89b17c43922249571f197f61e/element/A3CD3D33AF0E27DABA99E64DE2DB0024_element_23/name'
14:43:20.071 [AsyncHttpClient-1-10] DEBUG org.asynchttpclient.netty.handler.HttpHandler - 

Request DefaultFullHttpRequest(decodeResult: success, version: HTTP/1.1, content: EmptyByteBufBE)
GET /session/d2a19bb89b17c43922249571f197f61e/element/A3CD3D33AF0E27DABA99E64DE2DB0024_element_23/name HTTP/1.1
User-Agent: selenium/4.7.1 (java windows)
Cache-Control: no-cache
Content-Type: application/json; charset=utf-8
host: localhost:40898
accept: */*

Response DefaultHttpResponse(decodeResult: success, version: HTTP/1.1)
HTTP/1.1 200 OK
Content-Type: application/json; charset=utf-8
cache-control: no-cache
content-length: 13

14:43:20.071 [AsyncHttpClient-1-10] DEBUG org.asynchttpclient.netty.channel.ChannelManager - Adding key: http://localhost:40898 for channel [id: 0xd5958eef, L:/127.0.0.1:65521 - R:localhost/127.0.0.1:40898]
14:43:20.071 [Forwarding getElementTagName on session d2a19bb89b17c43922249571f197f61e to remote] DEBUG org.asynchttpclient.netty.request.NettyRequestSender - Using pooled Channel '[id: 0xd5958eef, L:/127.0.0.1:65521 - R:localhost/127.0.0.1:40898]' for 'GET' to 'http://localhost:40898/session/d2a19bb89b17c43922249571f197f61e/element/A3CD3D33AF0E27DABA99E64DE2DB0024_element_23/name'
14:43:20.071 [Forwarding getElementTagName on session d2a19bb89b17c43922249571f197f61e to remote] DEBUG org.asynchttpclient.netty.request.NettyRequestSender - Using open Channel [id: 0xd5958eef, L:/127.0.0.1:65521 - R:localhost/127.0.0.1:40898] for GET '/session/d2a19bb89b17c43922249571f197f61e/element/A3CD3D33AF0E27DABA99E64DE2DB0024_element_23/name'
14:43:20.079 [AsyncHttpClient-1-10] DEBUG org.asynchttpclient.netty.handler.HttpHandler - 

Request DefaultFullHttpRequest(decodeResult: success, version: HTTP/1.1, content: EmptyByteBufBE)
GET /session/d2a19bb89b17c43922249571f197f61e/element/A3CD3D33AF0E27DABA99E64DE2DB0024_element_23/name HTTP/1.1
User-Agent: selenium/4.7.1 (java windows)
Cache-Control: no-cache
Content-Type: application/json; charset=utf-8
host: localhost:40898
accept: */*

Response DefaultHttpResponse(decodeResult: success, version: HTTP/1.1)
HTTP/1.1 200 OK
Content-Type: application/json; charset=utf-8
cache-control: no-cache
content-length: 13

14:43:20.079 [AsyncHttpClient-1-10] DEBUG org.asynchttpclient.netty.channel.ChannelManager - Adding key: http://localhost:40898 for channel [id: 0xd5958eef, L:/127.0.0.1:65521 - R:localhost/127.0.0.1:40898]
14:43:20.087 [Forwarding findElement on session d2a19bb89b17c43922249571f197f61e to remote] DEBUG org.asynchttpclient.netty.request.NettyRequestSender - Using pooled Channel '[id: 0xd5958eef, L:/127.0.0.1:65521 - R:localhost/127.0.0.1:40898]' for 'POST' to 'http://localhost:40898/session/d2a19bb89b17c43922249571f197f61e/element'
14:43:20.087 [Forwarding findElement on session d2a19bb89b17c43922249571f197f61e to remote] DEBUG org.asynchttpclient.netty.request.NettyRequestSender - Using open Channel [id: 0xd5958eef, L:/127.0.0.1:65521 - R:localhost/127.0.0.1:40898] for POST '/session/d2a19bb89b17c43922249571f197f61e/element'
14:43:20.095 [AsyncHttpClient-1-10] DEBUG org.asynchttpclient.netty.handler.HttpHandler - 

Request DefaultHttpRequest(decodeResult: success, version: HTTP/1.1)
POST /session/d2a19bb89b17c43922249571f197f61e/element HTTP/1.1
User-Agent: selenium/4.7.1 (java windows)
Content-Length: 178
Content-Type: application/json; charset=utf-8
host: localhost:40898
accept: */*

Response DefaultHttpResponse(decodeResult: success, version: HTTP/1.1)
HTTP/1.1 200 OK
Content-Type: application/json; charset=utf-8
cache-control: no-cache
content-length: 95

14:43:20.095 [AsyncHttpClient-1-10] DEBUG org.asynchttpclient.netty.channel.ChannelManager - Adding key: http://localhost:40898 for channel [id: 0xd5958eef, L:/127.0.0.1:65521 - R:localhost/127.0.0.1:40898]
14:43:20.095 [Forwarding clickElement on session d2a19bb89b17c43922249571f197f61e to remote] DEBUG org.asynchttpclient.netty.request.NettyRequestSender - Using pooled Channel '[id: 0xd5958eef, L:/127.0.0.1:65521 - R:localhost/127.0.0.1:40898]' for 'POST' to 'http://localhost:40898/session/d2a19bb89b17c43922249571f197f61e/element/A3CD3D33AF0E27DABA99E64DE2DB0024_element_23/click'
14:43:20.095 [Forwarding clickElement on session d2a19bb89b17c43922249571f197f61e to remote] DEBUG org.asynchttpclient.netty.request.NettyRequestSender - Using open Channel [id: 0xd5958eef, L:/127.0.0.1:65521 - R:localhost/127.0.0.1:40898] for POST '/session/d2a19bb89b17c43922249571f197f61e/element/A3CD3D33AF0E27DABA99E64DE2DB0024_element_23/click'
14:43:20.207 [AsyncHttpClient-1-10] DEBUG org.asynchttpclient.netty.handler.HttpHandler - 

Request DefaultHttpRequest(decodeResult: success, version: HTTP/1.1)
POST /session/d2a19bb89b17c43922249571f197f61e/element/A3CD3D33AF0E27DABA99E64DE2DB0024_element_23/click HTTP/1.1
User-Agent: selenium/4.7.1 (java windows)
Content-Length: 57
Content-Type: application/json; charset=utf-8
host: localhost:40898
accept: */*

Response DefaultHttpResponse(decodeResult: success, version: HTTP/1.1)
HTTP/1.1 200 OK
Content-Type: application/json; charset=utf-8
cache-control: no-cache
content-length: 14

14:43:20.207 [AsyncHttpClient-1-10] DEBUG org.asynchttpclient.netty.channel.ChannelManager - Adding key: http://localhost:40898 for channel [id: 0xd5958eef, L:/127.0.0.1:65521 - R:localhost/127.0.0.1:40898]
14:43:20.223 [Forwarding getCurrentWindowHandle on session d2a19bb89b17c43922249571f197f61e to remote] DEBUG org.asynchttpclient.netty.request.NettyRequestSender - Using pooled Channel '[id: 0xd5958eef, L:/127.0.0.1:65521 - R:localhost/127.0.0.1:40898]' for 'GET' to 'http://localhost:40898/session/d2a19bb89b17c43922249571f197f61e/window'
14:43:20.223 [Forwarding getCurrentWindowHandle on session d2a19bb89b17c43922249571f197f61e to remote] DEBUG org.asynchttpclient.netty.request.NettyRequestSender - Using open Channel [id: 0xd5958eef, L:/127.0.0.1:65521 - R:localhost/127.0.0.1:40898] for GET '/session/d2a19bb89b17c43922249571f197f61e/window'
14:43:20.223 [AsyncHttpClient-1-10] DEBUG org.asynchttpclient.netty.handler.HttpHandler - 

Request DefaultFullHttpRequest(decodeResult: success, version: HTTP/1.1, content: EmptyByteBufBE)
GET /session/d2a19bb89b17c43922249571f197f61e/window HTTP/1.1
User-Agent: selenium/4.7.1 (java windows)
Cache-Control: no-cache
Content-Type: application/json; charset=utf-8
host: localhost:40898
accept: */*

Response DefaultHttpResponse(decodeResult: success, version: HTTP/1.1)
HTTP/1.1 200 OK
Content-Type: application/json; charset=utf-8
cache-control: no-cache
content-length: 44

14:43:20.223 [AsyncHttpClient-1-10] DEBUG org.asynchttpclient.netty.channel.ChannelManager - Adding key: http://localhost:40898 for channel [id: 0xd5958eef, L:/127.0.0.1:65521 - R:localhost/127.0.0.1:40898]
14:43:20.223 [Forwarding getAlertText on session d2a19bb89b17c43922249571f197f61e to remote] DEBUG org.asynchttpclient.netty.request.NettyRequestSender - Using pooled Channel '[id: 0xd5958eef, L:/127.0.0.1:65521 - R:localhost/127.0.0.1:40898]' for 'GET' to 'http://localhost:40898/session/d2a19bb89b17c43922249571f197f61e/alert/text'
14:43:20.223 [Forwarding getAlertText on session d2a19bb89b17c43922249571f197f61e to remote] DEBUG org.asynchttpclient.netty.request.NettyRequestSender - Using open Channel [id: 0xd5958eef, L:/127.0.0.1:65521 - R:localhost/127.0.0.1:40898] for GET '/session/d2a19bb89b17c43922249571f197f61e/alert/text'
14:43:20.223 [AsyncHttpClient-1-10] DEBUG org.asynchttpclient.netty.handler.HttpHandler - 

Request DefaultFullHttpRequest(decodeResult: success, version: HTTP/1.1, content: EmptyByteBufBE)
GET /session/d2a19bb89b17c43922249571f197f61e/alert/text HTTP/1.1
User-Agent: selenium/4.7.1 (java windows)
Cache-Control: no-cache
Content-Type: application/json; charset=utf-8
host: localhost:40898
accept: */*

Response DefaultHttpResponse(decodeResult: success, version: HTTP/1.1)
HTTP/1.1 404 Not Found
Content-Type: application/json; charset=utf-8
cache-control: no-cache
content-length: 821

14:43:20.223 [AsyncHttpClient-1-10] DEBUG org.asynchttpclient.netty.channel.ChannelManager - Adding key: http://localhost:40898 for channel [id: 0xd5958eef, L:/127.0.0.1:65521 - R:localhost/127.0.0.1:40898]
14:43:20.231 [Forwarding switchToWindow on session d2a19bb89b17c43922249571f197f61e to remote] DEBUG org.asynchttpclient.netty.request.NettyRequestSender - Using pooled Channel '[id: 0xd5958eef, L:/127.0.0.1:65521 - R:localhost/127.0.0.1:40898]' for 'POST' to 'http://localhost:40898/session/d2a19bb89b17c43922249571f197f61e/window'
14:43:20.231 [Forwarding switchToWindow on session d2a19bb89b17c43922249571f197f61e to remote] DEBUG org.asynchttpclient.netty.request.NettyRequestSender - Using open Channel [id: 0xd5958eef, L:/127.0.0.1:65521 - R:localhost/127.0.0.1:40898] for POST '/session/d2a19bb89b17c43922249571f197f61e/window'
14:43:20.231 [AsyncHttpClient-1-10] DEBUG org.asynchttpclient.netty.handler.HttpHandler - 

Request DefaultHttpRequest(decodeResult: success, version: HTTP/1.1)
POST /session/d2a19bb89b17c43922249571f197f61e/window HTTP/1.1
User-Agent: selenium/4.7.1 (java windows)
Content-Length: 50
Content-Type: application/json; charset=utf-8
host: localhost:40898
accept: */*

Response DefaultHttpResponse(decodeResult: success, version: HTTP/1.1)
HTTP/1.1 200 OK
Content-Type: application/json; charset=utf-8
cache-control: no-cache
content-length: 14

14:43:20.231 [AsyncHttpClient-1-10] DEBUG org.asynchttpclient.netty.channel.ChannelManager - Adding key: http://localhost:40898 for channel [id: 0xd5958eef, L:/127.0.0.1:65521 - R:localhost/127.0.0.1:40898]
14:43:20.231 [Forwarding getCurrentUrl on session d2a19bb89b17c43922249571f197f61e to remote] DEBUG org.asynchttpclient.netty.request.NettyRequestSender - Using pooled Channel '[id: 0xd5958eef, L:/127.0.0.1:65521 - R:localhost/127.0.0.1:40898]' for 'GET' to 'http://localhost:40898/session/d2a19bb89b17c43922249571f197f61e/url'
14:43:20.231 [Forwarding getCurrentUrl on session d2a19bb89b17c43922249571f197f61e to remote] DEBUG org.asynchttpclient.netty.request.NettyRequestSender - Using open Channel [id: 0xd5958eef, L:/127.0.0.1:65521 - R:localhost/127.0.0.1:40898] for GET '/session/d2a19bb89b17c43922249571f197f61e/url'
14:43:20.239 [AsyncHttpClient-1-10] DEBUG org.asynchttpclient.netty.handler.HttpHandler - 

Request DefaultFullHttpRequest(decodeResult: success, version: HTTP/1.1, content: EmptyByteBufBE)
GET /session/d2a19bb89b17c43922249571f197f61e/url HTTP/1.1
User-Agent: selenium/4.7.1 (java windows)
Cache-Control: no-cache
Content-Type: application/json; charset=utf-8
host: localhost:40898
accept: */*

Response DefaultHttpResponse(decodeResult: success, version: HTTP/1.1)
HTTP/1.1 200 OK
Content-Type: application/json; charset=utf-8
cache-control: no-cache
content-length: 53

14:43:20.239 [AsyncHttpClient-1-10] DEBUG org.asynchttpclient.netty.channel.ChannelManager - Adding key: http://localhost:40898 for channel [id: 0xd5958eef, L:/127.0.0.1:65521 - R:localhost/127.0.0.1:40898]
14:43:20.239 [Forwarding screenshot on session d2a19bb89b17c43922249571f197f61e to remote] DEBUG org.asynchttpclient.netty.request.NettyRequestSender - Using pooled Channel '[id: 0xd5958eef, L:/127.0.0.1:65521 - R:localhost/127.0.0.1:40898]' for 'GET' to 'http://localhost:40898/session/d2a19bb89b17c43922249571f197f61e/screenshot'
14:43:20.239 [Forwarding screenshot on session d2a19bb89b17c43922249571f197f61e to remote] DEBUG org.asynchttpclient.netty.request.NettyRequestSender - Using open Channel [id: 0xd5958eef, L:/127.0.0.1:65521 - R:localhost/127.0.0.1:40898] for GET '/session/d2a19bb89b17c43922249571f197f61e/screenshot'
14:43:20.425 [AsyncHttpClient-1-10] DEBUG org.asynchttpclient.netty.handler.HttpHandler - 

Request DefaultFullHttpRequest(decodeResult: success, version: HTTP/1.1, content: EmptyByteBufBE)
GET /session/d2a19bb89b17c43922249571f197f61e/screenshot HTTP/1.1
User-Agent: selenium/4.7.1 (java windows)
Cache-Control: no-cache
Content-Type: application/json; charset=utf-8
host: localhost:40898
accept: */*

Response DefaultHttpResponse(decodeResult: success, version: HTTP/1.1)
HTTP/1.1 200 OK
Content-Type: application/json; charset=utf-8
cache-control: no-cache
content-length: 36748

14:43:20.425 [AsyncHttpClient-1-10] DEBUG org.asynchttpclient.netty.channel.ChannelManager - Adding key: http://localhost:40898 for channel [id: 0xd5958eef, L:/127.0.0.1:65521 - R:localhost/127.0.0.1:40898]
14:43:20.428 [main] DEBUG net.serenitybdd.core.photography.Darkroom - Send negative for processing for target\site\serenity\758c53d07f2a483f468813e0a61803830c337b0f7eed912c3b309da53cb07147.png
14:43:20.429 [main] DEBUG net.thucydides.core.steps.StepInterceptor - STEP DONE: klikmenulayanan
14:43:20.429 [Darkroom Processing Line] DEBUG net.serenitybdd.core.photography.DarkroomProcessingLine - Processing screenshot image in /var/screenshots/screenshot-10866093745123480860
14:43:20.429 [Darkroom Processing Line] DEBUG net.serenitybdd.core.photography.DarkroomProcessingLine - Saving screenshot to target\site\serenity\758c53d07f2a483f468813e0a61803830c337b0f7eed912c3b309da53cb07147.png
  &amp#27;[32mWhen &amp#27;[0m&amp#27;[32mPada Beranda, Admin klik Layanan&amp#27;[0m                                                                          &amp#27;[90m# starter.stepdefinitions.PDAMSteps.padaBerandaAdminKlikLayanan()&amp#27;[0m
14:43:20.449 [main] DEBUG net.thucydides.core.steps.StepInterceptor - STARTING STEP: PDAMSteps.adminKlikPDAM - klikpdam
14:43:20.453 [Forwarding findElement on session d2a19bb89b17c43922249571f197f61e to remote] DEBUG org.asynchttpclient.netty.request.NettyRequestSender - Using pooled Channel '[id: 0xd5958eef, L:/127.0.0.1:65521 - R:localhost/127.0.0.1:40898]' for 'POST' to 'http://localhost:40898/session/d2a19bb89b17c43922249571f197f61e/element'
14:43:20.454 [Forwarding findElement on session d2a19bb89b17c43922249571f197f61e to remote] DEBUG org.asynchttpclient.netty.request.NettyRequestSender - Using open Channel [id: 0xd5958eef, L:/127.0.0.1:65521 - R:localhost/127.0.0.1:40898] for POST '/session/d2a19bb89b17c43922249571f197f61e/element'
14:43:20.481 [AsyncHttpClient-1-10] DEBUG org.asynchttpclient.netty.handler.HttpHandler - 

Request DefaultHttpRequest(decodeResult: success, version: HTTP/1.1)
POST /session/d2a19bb89b17c43922249571f197f61e/element HTTP/1.1
User-Agent: selenium/4.7.1 (java windows)
Content-Length: 96
Content-Type: application/json; charset=utf-8
host: localhost:40898
accept: */*

Response DefaultHttpResponse(decodeResult: success, version: HTTP/1.1)
HTTP/1.1 200 OK
Content-Type: application/json; charset=utf-8
cache-control: no-cache
content-length: 95

14:43:20.481 [AsyncHttpClient-1-10] DEBUG org.asynchttpclient.netty.channel.ChannelManager - Adding key: http://localhost:40898 for channel [id: 0xd5958eef, L:/127.0.0.1:65521 - R:localhost/127.0.0.1:40898]
14:43:20.491 [Forwarding getElementTagName on session d2a19bb89b17c43922249571f197f61e to remote] DEBUG org.asynchttpclient.netty.request.NettyRequestSender - Using pooled Channel '[id: 0xd5958eef, L:/127.0.0.1:65521 - R:localhost/127.0.0.1:40898]' for 'GET' to 'http://localhost:40898/session/d2a19bb89b17c43922249571f197f61e/element/A3CD3D33AF0E27DABA99E64DE2DB0024_element_54/name'
14:43:20.491 [Forwarding getElementTagName on session d2a19bb89b17c43922249571f197f61e to remote] DEBUG org.asynchttpclient.netty.request.NettyRequestSender - Using open Channel [id: 0xd5958eef, L:/127.0.0.1:65521 - R:localhost/127.0.0.1:40898] for GET '/session/d2a19bb89b17c43922249571f197f61e/element/A3CD3D33AF0E27DABA99E64DE2DB0024_element_54/name'
14:43:20.507 [AsyncHttpClient-1-10] DEBUG org.asynchttpclient.netty.handler.HttpHandler - 

Request DefaultFullHttpRequest(decodeResult: success, version: HTTP/1.1, content: EmptyByteBufBE)
GET /session/d2a19bb89b17c43922249571f197f61e/element/A3CD3D33AF0E27DABA99E64DE2DB0024_element_54/name HTTP/1.1
User-Agent: selenium/4.7.1 (java windows)
Cache-Control: no-cache
Content-Type: application/json; charset=utf-8
host: localhost:40898
accept: */*

Response DefaultHttpResponse(decodeResult: success, version: HTTP/1.1)
HTTP/1.1 200 OK
Content-Type: application/json; charset=utf-8
cache-control: no-cache
content-length: 13

14:43:20.507 [AsyncHttpClient-1-10] DEBUG org.asynchttpclient.netty.channel.ChannelManager - Adding key: http://localhost:40898 for channel [id: 0xd5958eef, L:/127.0.0.1:65521 - R:localhost/127.0.0.1:40898]
14:43:20.507 [Forwarding getElementTagName on session d2a19bb89b17c43922249571f197f61e to remote] DEBUG org.asynchttpclient.netty.request.NettyRequestSender - Using pooled Channel '[id: 0xd5958eef, L:/127.0.0.1:65521 - R:localhost/127.0.0.1:40898]' for 'GET' to 'http://localhost:40898/session/d2a19bb89b17c43922249571f197f61e/element/A3CD3D33AF0E27DABA99E64DE2DB0024_element_54/name'
14:43:20.507 [Forwarding getElementTagName on session d2a19bb89b17c43922249571f197f61e to remote] DEBUG org.asynchttpclient.netty.request.NettyRequestSender - Using open Channel [id: 0xd5958eef, L:/127.0.0.1:65521 - R:localhost/127.0.0.1:40898] for GET '/session/d2a19bb89b17c43922249571f197f61e/element/A3CD3D33AF0E27DABA99E64DE2DB0024_element_54/name'
14:43:20.515 [AsyncHttpClient-1-10] DEBUG org.asynchttpclient.netty.handler.HttpHandler - 

Request DefaultFullHttpRequest(decodeResult: success, version: HTTP/1.1, content: EmptyByteBufBE)
GET /session/d2a19bb89b17c43922249571f197f61e/element/A3CD3D33AF0E27DABA99E64DE2DB0024_element_54/name HTTP/1.1
User-Agent: selenium/4.7.1 (java windows)
Cache-Control: no-cache
Content-Type: application/json; charset=utf-8
host: localhost:40898
accept: */*

Response DefaultHttpResponse(decodeResult: success, version: HTTP/1.1)
HTTP/1.1 200 OK
Content-Type: application/json; charset=utf-8
cache-control: no-cache
content-length: 13

14:43:20.515 [AsyncHttpClient-1-10] DEBUG org.asynchttpclient.netty.channel.ChannelManager - Adding key: http://localhost:40898 for channel [id: 0xd5958eef, L:/127.0.0.1:65521 - R:localhost/127.0.0.1:40898]
14:43:20.515 [Forwarding findElement on session d2a19bb89b17c43922249571f197f61e to remote] DEBUG org.asynchttpclient.netty.request.NettyRequestSender - Using pooled Channel '[id: 0xd5958eef, L:/127.0.0.1:65521 - R:localhost/127.0.0.1:40898]' for 'POST' to 'http://localhost:40898/session/d2a19bb89b17c43922249571f197f61e/element'
14:43:20.515 [Forwarding findElement on session d2a19bb89b17c43922249571f197f61e to remote] DEBUG org.asynchttpclient.netty.request.NettyRequestSender - Using open Channel [id: 0xd5958eef, L:/127.0.0.1:65521 - R:localhost/127.0.0.1:40898] for POST '/session/d2a19bb89b17c43922249571f197f61e/element'
14:43:20.531 [AsyncHttpClient-1-10] DEBUG org.asynchttpclient.netty.handler.HttpHandler - 

Request DefaultHttpRequest(decodeResult: success, version: HTTP/1.1)
POST /session/d2a19bb89b17c43922249571f197f61e/element HTTP/1.1
User-Agent: selenium/4.7.1 (java windows)
Content-Length: 96
Content-Type: application/json; charset=utf-8
host: localhost:40898
accept: */*

Response DefaultHttpResponse(decodeResult: success, version: HTTP/1.1)
HTTP/1.1 200 OK
Content-Type: application/json; charset=utf-8
cache-control: no-cache
content-length: 95

14:43:20.531 [AsyncHttpClient-1-10] DEBUG org.asynchttpclient.netty.channel.ChannelManager - Adding key: http://localhost:40898 for channel [id: 0xd5958eef, L:/127.0.0.1:65521 - R:localhost/127.0.0.1:40898]
14:43:20.531 [Forwarding clickElement on session d2a19bb89b17c43922249571f197f61e to remote] DEBUG org.asynchttpclient.netty.request.NettyRequestSender - Using pooled Channel '[id: 0xd5958eef, L:/127.0.0.1:65521 - R:localhost/127.0.0.1:40898]' for 'POST' to 'http://localhost:40898/session/d2a19bb89b17c43922249571f197f61e/element/A3CD3D33AF0E27DABA99E64DE2DB0024_element_54/click'
14:43:20.531 [Forwarding clickElement on session d2a19bb89b17c43922249571f197f61e to remote] DEBUG org.asynchttpclient.netty.request.NettyRequestSender - Using open Channel [id: 0xd5958eef, L:/127.0.0.1:65521 - R:localhost/127.0.0.1:40898] for POST '/session/d2a19bb89b17c43922249571f197f61e/element/A3CD3D33AF0E27DABA99E64DE2DB0024_element_54/click'
14:43:20.591 [AsyncHttpClient-1-1] DEBUG org.asynchttpclient.netty.channel.DefaultChannelPool - Entry count for : http://localhost:65522 : 1
14:43:20.655 [AsyncHttpClient-1-10] DEBUG org.asynchttpclient.netty.handler.HttpHandler - 

Request DefaultHttpRequest(decodeResult: success, version: HTTP/1.1)
POST /session/d2a19bb89b17c43922249571f197f61e/element/A3CD3D33AF0E27DABA99E64DE2DB0024_element_54/click HTTP/1.1
User-Agent: selenium/4.7.1 (java windows)
Content-Length: 57
Content-Type: application/json; charset=utf-8
host: localhost:40898
accept: */*

Response DefaultHttpResponse(decodeResult: success, version: HTTP/1.1)
HTTP/1.1 200 OK
Content-Type: application/json; charset=utf-8
cache-control: no-cache
content-length: 14

14:43:20.655 [AsyncHttpClient-1-10] DEBUG org.asynchttpclient.netty.channel.ChannelManager - Adding key: http://localhost:40898 for channel [id: 0xd5958eef, L:/127.0.0.1:65521 - R:localhost/127.0.0.1:40898]
14:43:20.671 [Forwarding getCurrentWindowHandle on session d2a19bb89b17c43922249571f197f61e to remote] DEBUG org.asynchttpclient.netty.request.NettyRequestSender - Using pooled Channel '[id: 0xd5958eef, L:/127.0.0.1:65521 - R:localhost/127.0.0.1:40898]' for 'GET' to 'http://localhost:40898/session/d2a19bb89b17c43922249571f197f61e/window'
14:43:20.671 [Forwarding getCurrentWindowHandle on session d2a19bb89b17c43922249571f197f61e to remote] DEBUG org.asynchttpclient.netty.request.NettyRequestSender - Using open Channel [id: 0xd5958eef, L:/127.0.0.1:65521 - R:localhost/127.0.0.1:40898] for GET '/session/d2a19bb89b17c43922249571f197f61e/window'
14:43:20.672 [AsyncHttpClient-1-10] DEBUG org.asynchttpclient.netty.handler.HttpHandler - 

Request DefaultFullHttpRequest(decodeResult: success, version: HTTP/1.1, content: EmptyByteBufBE)
GET /session/d2a19bb89b17c43922249571f197f61e/window HTTP/1.1
User-Agent: selenium/4.7.1 (java windows)
Cache-Control: no-cache
Content-Type: application/json; charset=utf-8
host: localhost:40898
accept: */*

Response DefaultHttpResponse(decodeResult: success, version: HTTP/1.1)
HTTP/1.1 200 OK
Content-Type: application/json; charset=utf-8
cache-control: no-cache
content-length: 44

14:43:20.672 [AsyncHttpClient-1-10] DEBUG org.asynchttpclient.netty.channel.ChannelManager - Adding key: http://localhost:40898 for channel [id: 0xd5958eef, L:/127.0.0.1:65521 - R:localhost/127.0.0.1:40898]
14:43:20.672 [Forwarding getAlertText on session d2a19bb89b17c43922249571f197f61e to remote] DEBUG org.asynchttpclient.netty.request.NettyRequestSender - Using pooled Channel '[id: 0xd5958eef, L:/127.0.0.1:65521 - R:localhost/127.0.0.1:40898]' for 'GET' to 'http://localhost:40898/session/d2a19bb89b17c43922249571f197f61e/alert/text'
14:43:20.672 [Forwarding getAlertText on session d2a19bb89b17c43922249571f197f61e to remote] DEBUG org.asynchttpclient.netty.request.NettyRequestSender - Using open Channel [id: 0xd5958eef, L:/127.0.0.1:65521 - R:localhost/127.0.0.1:40898] for GET '/session/d2a19bb89b17c43922249571f197f61e/alert/text'
14:43:20.676 [AsyncHttpClient-1-10] DEBUG org.asynchttpclient.netty.handler.HttpHandler - 

Request DefaultFullHttpRequest(decodeResult: success, version: HTTP/1.1, content: EmptyByteBufBE)
GET /session/d2a19bb89b17c43922249571f197f61e/alert/text HTTP/1.1
User-Agent: selenium/4.7.1 (java windows)
Cache-Control: no-cache
Content-Type: application/json; charset=utf-8
host: localhost:40898
accept: */*

Response DefaultHttpResponse(decodeResult: success, version: HTTP/1.1)
HTTP/1.1 404 Not Found
Content-Type: application/json; charset=utf-8
cache-control: no-cache
content-length: 821

14:43:20.676 [AsyncHttpClient-1-10] DEBUG org.asynchttpclient.netty.channel.ChannelManager - Adding key: http://localhost:40898 for channel [id: 0xd5958eef, L:/127.0.0.1:65521 - R:localhost/127.0.0.1:40898]
14:43:20.676 [Forwarding switchToWindow on session d2a19bb89b17c43922249571f197f61e to remote] DEBUG org.asynchttpclient.netty.request.NettyRequestSender - Using pooled Channel '[id: 0xd5958eef, L:/127.0.0.1:65521 - R:localhost/127.0.0.1:40898]' for 'POST' to 'http://localhost:40898/session/d2a19bb89b17c43922249571f197f61e/window'
14:43:20.676 [Forwarding switchToWindow on session d2a19bb89b17c43922249571f197f61e to remote] DEBUG org.asynchttpclient.netty.request.NettyRequestSender - Using open Channel [id: 0xd5958eef, L:/127.0.0.1:65521 - R:localhost/127.0.0.1:40898] for POST '/session/d2a19bb89b17c43922249571f197f61e/window'
14:43:20.679 [AsyncHttpClient-1-10] DEBUG org.asynchttpclient.netty.handler.HttpHandler - 

Request DefaultHttpRequest(decodeResult: success, version: HTTP/1.1)
POST /session/d2a19bb89b17c43922249571f197f61e/window HTTP/1.1
User-Agent: selenium/4.7.1 (java windows)
Content-Length: 50
Content-Type: application/json; charset=utf-8
host: localhost:40898
accept: */*

Response DefaultHttpResponse(decodeResult: success, version: HTTP/1.1)
HTTP/1.1 200 OK
Content-Type: application/json; charset=utf-8
cache-control: no-cache
content-length: 14

14:43:20.679 [AsyncHttpClient-1-10] DEBUG org.asynchttpclient.netty.channel.ChannelManager - Adding key: http://localhost:40898 for channel [id: 0xd5958eef, L:/127.0.0.1:65521 - R:localhost/127.0.0.1:40898]
14:43:20.679 [Forwarding getCurrentUrl on session d2a19bb89b17c43922249571f197f61e to remote] DEBUG org.asynchttpclient.netty.request.NettyRequestSender - Using pooled Channel '[id: 0xd5958eef, L:/127.0.0.1:65521 - R:localhost/127.0.0.1:40898]' for 'GET' to 'http://localhost:40898/session/d2a19bb89b17c43922249571f197f61e/url'
14:43:20.679 [Forwarding getCurrentUrl on session d2a19bb89b17c43922249571f197f61e to remote] DEBUG org.asynchttpclient.netty.request.NettyRequestSender - Using open Channel [id: 0xd5958eef, L:/127.0.0.1:65521 - R:localhost/127.0.0.1:40898] for GET '/session/d2a19bb89b17c43922249571f197f61e/url'
14:43:20.687 [AsyncHttpClient-1-10] DEBUG org.asynchttpclient.netty.handler.HttpHandler - 

Request DefaultFullHttpRequest(decodeResult: success, version: HTTP/1.1, content: EmptyByteBufBE)
GET /session/d2a19bb89b17c43922249571f197f61e/url HTTP/1.1
User-Agent: selenium/4.7.1 (java windows)
Cache-Control: no-cache
Content-Type: application/json; charset=utf-8
host: localhost:40898
accept: */*

Response DefaultHttpResponse(decodeResult: success, version: HTTP/1.1)
HTTP/1.1 200 OK
Content-Type: application/json; charset=utf-8
cache-control: no-cache
content-length: 58

14:43:20.687 [AsyncHttpClient-1-10] DEBUG org.asynchttpclient.netty.channel.ChannelManager - Adding key: http://localhost:40898 for channel [id: 0xd5958eef, L:/127.0.0.1:65521 - R:localhost/127.0.0.1:40898]
14:43:20.687 [Forwarding screenshot on session d2a19bb89b17c43922249571f197f61e to remote] DEBUG org.asynchttpclient.netty.request.NettyRequestSender - Using pooled Channel '[id: 0xd5958eef, L:/127.0.0.1:65521 - R:localhost/127.0.0.1:40898]' for 'GET' to 'http://localhost:40898/session/d2a19bb89b17c43922249571f197f61e/screenshot'
14:43:20.687 [Forwarding screenshot on session d2a19bb89b17c43922249571f197f61e to remote] DEBUG org.asynchttpclient.netty.request.NettyRequestSender - Using open Channel [id: 0xd5958eef, L:/127.0.0.1:65521 - R:localhost/127.0.0.1:40898] for GET '/session/d2a19bb89b17c43922249571f197f61e/screenshot'
14:43:20.864 [AsyncHttpClient-1-10] DEBUG org.asynchttpclient.netty.handler.HttpHandler - 

Request DefaultFullHttpRequest(decodeResult: success, version: HTTP/1.1, content: EmptyByteBufBE)
GET /session/d2a19bb89b17c43922249571f197f61e/screenshot HTTP/1.1
User-Agent: selenium/4.7.1 (java windows)
Cache-Control: no-cache
Content-Type: application/json; charset=utf-8
host: localhost:40898
accept: */*

Response DefaultHttpResponse(decodeResult: success, version: HTTP/1.1)
HTTP/1.1 200 OK
Content-Type: application/json; charset=utf-8
cache-control: no-cache
content-length: 61852

14:43:20.864 [AsyncHttpClient-1-10] DEBUG org.asynchttpclient.netty.channel.ChannelManager - Adding key: http://localhost:40898 for channel [id: 0xd5958eef, L:/127.0.0.1:65521 - R:localhost/127.0.0.1:40898]
14:43:20.864 [main] DEBUG net.serenitybdd.core.photography.Darkroom - Send negative for processing for target\site\serenity\558ce0ab9ddd6378a106f107faafee716b8ce16b714939fc36c5723237788da4.png
14:43:20.864 [main] DEBUG net.thucydides.core.steps.StepInterceptor - STEP DONE: klikpdam
14:43:20.864 [Darkroom Processing Line] DEBUG net.serenitybdd.core.photography.DarkroomProcessingLine - Processing screenshot image in /var/screenshots/screenshot-6526727145851658868
14:43:20.864 [Darkroom Processing Line] DEBUG net.serenitybdd.core.photography.DarkroomProcessingLine - Saving screenshot to target\site\serenity\558ce0ab9ddd6378a106f107faafee716b8ce16b714939fc36c5723237788da4.png
  &amp#27;[32mAnd &amp#27;[0m&amp#27;[32mAdmin klik PDAM&amp#27;[0m                                                                                            &amp#27;[90m# starter.stepdefinitions.PDAMSteps.adminKlikPDAM()&amp#27;[0m
14:43:21.037 [main] DEBUG net.thucydides.core.steps.StepInterceptor - STARTING STEP: PDAMSteps.adminKlikIconHapusPadaSalahSatuProduk - klikiconhapusPDAM
14:43:21.049 [Forwarding findElement on session d2a19bb89b17c43922249571f197f61e to remote] DEBUG org.asynchttpclient.netty.request.NettyRequestSender - Using pooled Channel '[id: 0xd5958eef, L:/127.0.0.1:65521 - R:localhost/127.0.0.1:40898]' for 'POST' to 'http://localhost:40898/session/d2a19bb89b17c43922249571f197f61e/element'
14:43:21.049 [Forwarding findElement on session d2a19bb89b17c43922249571f197f61e to remote] DEBUG org.asynchttpclient.netty.request.NettyRequestSender - Using open Channel [id: 0xd5958eef, L:/127.0.0.1:65521 - R:localhost/127.0.0.1:40898] for POST '/session/d2a19bb89b17c43922249571f197f61e/element'
14:43:21.077 [AsyncHttpClient-1-10] DEBUG org.asynchttpclient.netty.handler.HttpHandler - 

Request DefaultHttpRequest(decodeResult: success, version: HTTP/1.1)
POST /session/d2a19bb89b17c43922249571f197f61e/element HTTP/1.1
User-Agent: selenium/4.7.1 (java windows)
Content-Length: 116
Content-Type: application/json; charset=utf-8
host: localhost:40898
accept: */*

Response DefaultHttpResponse(decodeResult: success, version: HTTP/1.1)
HTTP/1.1 200 OK
Content-Type: application/json; charset=utf-8
cache-control: no-cache
content-length: 95

14:43:21.077 [AsyncHttpClient-1-10] DEBUG org.asynchttpclient.netty.channel.ChannelManager - Adding key: http://localhost:40898 for channel [id: 0xd5958eef, L:/127.0.0.1:65521 - R:localhost/127.0.0.1:40898]
14:43:21.077 [Forwarding getElementTagName on session d2a19bb89b17c43922249571f197f61e to remote] DEBUG org.asynchttpclient.netty.request.NettyRequestSender - Using pooled Channel '[id: 0xd5958eef, L:/127.0.0.1:65521 - R:localhost/127.0.0.1:40898]' for 'GET' to 'http://localhost:40898/session/d2a19bb89b17c43922249571f197f61e/element/A3CD3D33AF0E27DABA99E64DE2DB0024_element_56/name'
14:43:21.077 [Forwarding getElementTagName on session d2a19bb89b17c43922249571f197f61e to remote] DEBUG org.asynchttpclient.netty.request.NettyRequestSender - Using open Channel [id: 0xd5958eef, L:/127.0.0.1:65521 - R:localhost/127.0.0.1:40898] for GET '/session/d2a19bb89b17c43922249571f197f61e/element/A3CD3D33AF0E27DABA99E64DE2DB0024_element_56/name'
14:43:21.085 [AsyncHttpClient-1-10] DEBUG org.asynchttpclient.netty.handler.HttpHandler - 

Request DefaultFullHttpRequest(decodeResult: success, version: HTTP/1.1, content: EmptyByteBufBE)
GET /session/d2a19bb89b17c43922249571f197f61e/element/A3CD3D33AF0E27DABA99E64DE2DB0024_element_56/name HTTP/1.1
User-Agent: selenium/4.7.1 (java windows)
Cache-Control: no-cache
Content-Type: application/json; charset=utf-8
host: localhost:40898
accept: */*

Response DefaultHttpResponse(decodeResult: success, version: HTTP/1.1)
HTTP/1.1 200 OK
Content-Type: application/json; charset=utf-8
cache-control: no-cache
content-length: 15

14:43:21.085 [AsyncHttpClient-1-10] DEBUG org.asynchttpclient.netty.channel.ChannelManager - Adding key: http://localhost:40898 for channel [id: 0xd5958eef, L:/127.0.0.1:65521 - R:localhost/127.0.0.1:40898]
14:43:21.085 [Forwarding getElementTagName on session d2a19bb89b17c43922249571f197f61e to remote] DEBUG org.asynchttpclient.netty.request.NettyRequestSender - Using pooled Channel '[id: 0xd5958eef, L:/127.0.0.1:65521 - R:localhost/127.0.0.1:40898]' for 'GET' to 'http://localhost:40898/session/d2a19bb89b17c43922249571f197f61e/element/A3CD3D33AF0E27DABA99E64DE2DB0024_element_56/name'
14:43:21.085 [Forwarding getElementTagName on session d2a19bb89b17c43922249571f197f61e to remote] DEBUG org.asynchttpclient.netty.request.NettyRequestSender - Using open Channel [id: 0xd5958eef, L:/127.0.0.1:65521 - R:localhost/127.0.0.1:40898] for GET '/session/d2a19bb89b17c43922249571f197f61e/element/A3CD3D33AF0E27DABA99E64DE2DB0024_element_56/name'
14:43:21.093 [AsyncHttpClient-1-10] DEBUG org.asynchttpclient.netty.handler.HttpHandler - 

Request DefaultFullHttpRequest(decodeResult: success, version: HTTP/1.1, content: EmptyByteBufBE)
GET /session/d2a19bb89b17c43922249571f197f61e/element/A3CD3D33AF0E27DABA99E64DE2DB0024_element_56/name HTTP/1.1
User-Agent: selenium/4.7.1 (java windows)
Cache-Control: no-cache
Content-Type: application/json; charset=utf-8
host: localhost:40898
accept: */*

Response DefaultHttpResponse(decodeResult: success, version: HTTP/1.1)
HTTP/1.1 200 OK
Content-Type: application/json; charset=utf-8
cache-control: no-cache
content-length: 15

14:43:21.093 [AsyncHttpClient-1-10] DEBUG org.asynchttpclient.netty.channel.ChannelManager - Adding key: http://localhost:40898 for channel [id: 0xd5958eef, L:/127.0.0.1:65521 - R:localhost/127.0.0.1:40898]
14:43:21.093 [Forwarding findElement on session d2a19bb89b17c43922249571f197f61e to remote] DEBUG org.asynchttpclient.netty.request.NettyRequestSender - Using pooled Channel '[id: 0xd5958eef, L:/127.0.0.1:65521 - R:localhost/127.0.0.1:40898]' for 'POST' to 'http://localhost:40898/session/d2a19bb89b17c43922249571f197f61e/element'
14:43:21.093 [Forwarding findElement on session d2a19bb89b17c43922249571f197f61e to remote] DEBUG org.asynchttpclient.netty.request.NettyRequestSender - Using open Channel [id: 0xd5958eef, L:/127.0.0.1:65521 - R:localhost/127.0.0.1:40898] for POST '/session/d2a19bb89b17c43922249571f197f61e/element'
14:43:21.109 [AsyncHttpClient-1-10] DEBUG org.asynchttpclient.netty.handler.HttpHandler - 

Request DefaultHttpRequest(decodeResult: success, version: HTTP/1.1)
POST /session/d2a19bb89b17c43922249571f197f61e/element HTTP/1.1
User-Agent: selenium/4.7.1 (java windows)
Content-Length: 116
Content-Type: application/json; charset=utf-8
host: localhost:40898
accept: */*

Response DefaultHttpResponse(decodeResult: success, version: HTTP/1.1)
HTTP/1.1 200 OK
Content-Type: application/json; charset=utf-8
cache-control: no-cache
content-length: 95

14:43:21.109 [AsyncHttpClient-1-10] DEBUG org.asynchttpclient.netty.channel.ChannelManager - Adding key: http://localhost:40898 for channel [id: 0xd5958eef, L:/127.0.0.1:65521 - R:localhost/127.0.0.1:40898]
14:43:21.109 [Forwarding clickElement on session d2a19bb89b17c43922249571f197f61e to remote] DEBUG org.asynchttpclient.netty.request.NettyRequestSender - Using pooled Channel '[id: 0xd5958eef, L:/127.0.0.1:65521 - R:localhost/127.0.0.1:40898]' for 'POST' to 'http://localhost:40898/session/d2a19bb89b17c43922249571f197f61e/element/A3CD3D33AF0E27DABA99E64DE2DB0024_element_56/click'
14:43:21.109 [Forwarding clickElement on session d2a19bb89b17c43922249571f197f61e to remote] DEBUG org.asynchttpclient.netty.request.NettyRequestSender - Using open Channel [id: 0xd5958eef, L:/127.0.0.1:65521 - R:localhost/127.0.0.1:40898] for POST '/session/d2a19bb89b17c43922249571f197f61e/element/A3CD3D33AF0E27DABA99E64DE2DB0024_element_56/click'
14:43:21.691 [AsyncHttpClient-1-1] DEBUG org.asynchttpclient.netty.channel.DefaultChannelPool - Entry count for : http://localhost:65522 : 1
14:43:22.796 [AsyncHttpClient-1-1] DEBUG org.asynchttpclient.netty.channel.DefaultChannelPool - Entry count for : http://localhost:65522 : 1
14:43:23.132 [AsyncHttpClient-1-10] DEBUG org.asynchttpclient.netty.handler.HttpHandler - 

Request DefaultHttpRequest(decodeResult: success, version: HTTP/1.1)
POST /session/d2a19bb89b17c43922249571f197f61e/element/A3CD3D33AF0E27DABA99E64DE2DB0024_element_56/click HTTP/1.1
User-Agent: selenium/4.7.1 (java windows)
Content-Length: 57
Content-Type: application/json; charset=utf-8
host: localhost:40898
accept: */*

Response DefaultHttpResponse(decodeResult: success, version: HTTP/1.1)
HTTP/1.1 400 Bad Request
Content-Type: application/json; charset=utf-8
cache-control: no-cache
content-length: 899

14:43:23.132 [AsyncHttpClient-1-10] DEBUG org.asynchttpclient.netty.channel.ChannelManager - Adding key: http://localhost:40898 for channel [id: 0xd5958eef, L:/127.0.0.1:65521 - R:localhost/127.0.0.1:40898]
14:43:23.389 [Forwarding clickElement on session d2a19bb89b17c43922249571f197f61e to remote] DEBUG org.asynchttpclient.netty.request.NettyRequestSender - Using pooled Channel '[id: 0xd5958eef, L:/127.0.0.1:65521 - R:localhost/127.0.0.1:40898]' for 'POST' to 'http://localhost:40898/session/d2a19bb89b17c43922249571f197f61e/element/A3CD3D33AF0E27DABA99E64DE2DB0024_element_56/click'
14:43:23.389 [Forwarding clickElement on session d2a19bb89b17c43922249571f197f61e to remote] DEBUG org.asynchttpclient.netty.request.NettyRequestSender - Using open Channel [id: 0xd5958eef, L:/127.0.0.1:65521 - R:localhost/127.0.0.1:40898] for POST '/session/d2a19bb89b17c43922249571f197f61e/element/A3CD3D33AF0E27DABA99E64DE2DB0024_element_56/click'
14:43:23.895 [AsyncHttpClient-1-1] DEBUG org.asynchttpclient.netty.channel.DefaultChannelPool - Entry count for : http://localhost:65522 : 1
14:43:25.003 [AsyncHttpClient-1-1] DEBUG org.asynchttpclient.netty.channel.DefaultChannelPool - Entry count for : http://localhost:65522 : 1
14:43:25.452 [AsyncHttpClient-1-10] DEBUG org.asynchttpclient.netty.handler.HttpHandler - 

Request DefaultHttpRequest(decodeResult: success, version: HTTP/1.1)
POST /session/d2a19bb89b17c43922249571f197f61e/element/A3CD3D33AF0E27DABA99E64DE2DB0024_element_56/click HTTP/1.1
User-Agent: selenium/4.7.1 (java windows)
Content-Length: 57
Content-Type: application/json; charset=utf-8
host: localhost:40898
accept: */*

Response DefaultHttpResponse(decodeResult: success, version: HTTP/1.1)
HTTP/1.1 400 Bad Request
Content-Type: application/json; charset=utf-8
cache-control: no-cache
content-length: 899

14:43:25.452 [AsyncHttpClient-1-10] DEBUG org.asynchttpclient.netty.channel.ChannelManager - Adding key: http://localhost:40898 for channel [id: 0xd5958eef, L:/127.0.0.1:65521 - R:localhost/127.0.0.1:40898]
14:43:25.715 [Forwarding clickElement on session d2a19bb89b17c43922249571f197f61e to remote] DEBUG org.asynchttpclient.netty.request.NettyRequestSender - Using pooled Channel '[id: 0xd5958eef, L:/127.0.0.1:65521 - R:localhost/127.0.0.1:40898]' for 'POST' to 'http://localhost:40898/session/d2a19bb89b17c43922249571f197f61e/element/A3CD3D33AF0E27DABA99E64DE2DB0024_element_56/click'
14:43:25.715 [Forwarding clickElement on session d2a19bb89b17c43922249571f197f61e to remote] DEBUG org.asynchttpclient.netty.request.NettyRequestSender - Using open Channel [id: 0xd5958eef, L:/127.0.0.1:65521 - R:localhost/127.0.0.1:40898] for POST '/session/d2a19bb89b17c43922249571f197f61e/element/A3CD3D33AF0E27DABA99E64DE2DB0024_element_56/click'
14:43:26.098 [AsyncHttpClient-1-1] DEBUG org.asynchttpclient.netty.channel.DefaultChannelPool - Entry count for : http://localhost:65522 : 1
14:43:27.195 [AsyncHttpClient-1-1] DEBUG org.asynchttpclient.netty.channel.DefaultChannelPool - Entry count for : http://localhost:65522 : 1
14:43:27.739 [AsyncHttpClient-1-10] DEBUG org.asynchttpclient.netty.handler.HttpHandler - 

Request DefaultHttpRequest(decodeResult: success, version: HTTP/1.1)
POST /session/d2a19bb89b17c43922249571f197f61e/element/A3CD3D33AF0E27DABA99E64DE2DB0024_element_56/click HTTP/1.1
User-Agent: selenium/4.7.1 (java windows)
Content-Length: 57
Content-Type: application/json; charset=utf-8
host: localhost:40898
accept: */*

Response DefaultHttpResponse(decodeResult: success, version: HTTP/1.1)
HTTP/1.1 400 Bad Request
Content-Type: application/json; charset=utf-8
cache-control: no-cache
content-length: 899

14:43:27.739 [AsyncHttpClient-1-10] DEBUG org.asynchttpclient.netty.channel.ChannelManager - Adding key: http://localhost:40898 for channel [id: 0xd5958eef, L:/127.0.0.1:65521 - R:localhost/127.0.0.1:40898]
14:43:28.003 [Forwarding clickElement on session d2a19bb89b17c43922249571f197f61e to remote] DEBUG org.asynchttpclient.netty.request.NettyRequestSender - Using pooled Channel '[id: 0xd5958eef, L:/127.0.0.1:65521 - R:localhost/127.0.0.1:40898]' for 'POST' to 'http://localhost:40898/session/d2a19bb89b17c43922249571f197f61e/element/A3CD3D33AF0E27DABA99E64DE2DB0024_element_56/click'
14:43:28.003 [Forwarding clickElement on session d2a19bb89b17c43922249571f197f61e to remote] DEBUG org.asynchttpclient.netty.request.NettyRequestSender - Using open Channel [id: 0xd5958eef, L:/127.0.0.1:65521 - R:localhost/127.0.0.1:40898] for POST '/session/d2a19bb89b17c43922249571f197f61e/element/A3CD3D33AF0E27DABA99E64DE2DB0024_element_56/click'
14:43:28.295 [AsyncHttpClient-1-1] DEBUG org.asynchttpclient.netty.channel.DefaultChannelPool - Entry count for : http://localhost:65522 : 1
14:43:29.394 [AsyncHttpClient-1-1] DEBUG org.asynchttpclient.netty.channel.DefaultChannelPool - Entry count for : http://localhost:65522 : 1
14:43:30.041 [AsyncHttpClient-1-10] DEBUG org.asynchttpclient.netty.handler.HttpHandler - 

Request DefaultHttpRequest(decodeResult: success, version: HTTP/1.1)
POST /session/d2a19bb89b17c43922249571f197f61e/element/A3CD3D33AF0E27DABA99E64DE2DB0024_element_56/click HTTP/1.1
User-Agent: selenium/4.7.1 (java windows)
Content-Length: 57
Content-Type: application/json; charset=utf-8
host: localhost:40898
accept: */*

Response DefaultHttpResponse(decodeResult: success, version: HTTP/1.1)
HTTP/1.1 400 Bad Request
Content-Type: application/json; charset=utf-8
cache-control: no-cache
content-length: 899

14:43:30.041 [AsyncHttpClient-1-10] DEBUG org.asynchttpclient.netty.channel.ChannelManager - Adding key: http://localhost:40898 for channel [id: 0xd5958eef, L:/127.0.0.1:65521 - R:localhost/127.0.0.1:40898]
14:43:30.299 [Forwarding clickElement on session d2a19bb89b17c43922249571f197f61e to remote] DEBUG org.asynchttpclient.netty.request.NettyRequestSender - Using pooled Channel '[id: 0xd5958eef, L:/127.0.0.1:65521 - R:localhost/127.0.0.1:40898]' for 'POST' to 'http://localhost:40898/session/d2a19bb89b17c43922249571f197f61e/element/A3CD3D33AF0E27DABA99E64DE2DB0024_element_56/click'
14:43:30.299 [Forwarding clickElement on session d2a19bb89b17c43922249571f197f61e to remote] DEBUG org.asynchttpclient.netty.request.NettyRequestSender - Using open Channel [id: 0xd5958eef, L:/127.0.0.1:65521 - R:localhost/127.0.0.1:40898] for POST '/session/d2a19bb89b17c43922249571f197f61e/element/A3CD3D33AF0E27DABA99E64DE2DB0024_element_56/click'
14:43:30.493 [AsyncHttpClient-1-1] DEBUG org.asynchttpclient.netty.channel.DefaultChannelPool - Entry count for : http://localhost:65522 : 1
14:43:31.595 [AsyncHttpClient-1-1] DEBUG org.asynchttpclient.netty.channel.DefaultChannelPool - Entry count for : http://localhost:65522 : 1
14:43:32.350 [AsyncHttpClient-1-10] DEBUG org.asynchttpclient.netty.handler.HttpHandler - 

Request DefaultHttpRequest(decodeResult: success, version: HTTP/1.1)
POST /session/d2a19bb89b17c43922249571f197f61e/element/A3CD3D33AF0E27DABA99E64DE2DB0024_element_56/click HTTP/1.1
User-Agent: selenium/4.7.1 (java windows)
Content-Length: 57
Content-Type: application/json; charset=utf-8
host: localhost:40898
accept: */*

Response DefaultHttpResponse(decodeResult: success, version: HTTP/1.1)
HTTP/1.1 400 Bad Request
Content-Type: application/json; charset=utf-8
cache-control: no-cache
content-length: 899

14:43:32.350 [AsyncHttpClient-1-10] DEBUG org.asynchttpclient.netty.channel.ChannelManager - Adding key: http://localhost:40898 for channel [id: 0xd5958eef, L:/127.0.0.1:65521 - R:localhost/127.0.0.1:40898]
14:43:32.605 [Forwarding clickElement on session d2a19bb89b17c43922249571f197f61e to remote] DEBUG org.asynchttpclient.netty.request.NettyRequestSender - Using pooled Channel '[id: 0xd5958eef, L:/127.0.0.1:65521 - R:localhost/127.0.0.1:40898]' for 'POST' to 'http://localhost:40898/session/d2a19bb89b17c43922249571f197f61e/element/A3CD3D33AF0E27DABA99E64DE2DB0024_element_56/click'
14:43:32.605 [Forwarding clickElement on session d2a19bb89b17c43922249571f197f61e to remote] DEBUG org.asynchttpclient.netty.request.NettyRequestSender - Using open Channel [id: 0xd5958eef, L:/127.0.0.1:65521 - R:localhost/127.0.0.1:40898] for POST '/session/d2a19bb89b17c43922249571f197f61e/element/A3CD3D33AF0E27DABA99E64DE2DB0024_element_56/click'
14:43:32.691 [AsyncHttpClient-1-1] DEBUG org.asynchttpclient.netty.channel.DefaultChannelPool - Entry count for : http://localhost:65522 : 1
14:43:33.791 [AsyncHttpClient-1-1] DEBUG org.asynchttpclient.netty.channel.DefaultChannelPool - Entry count for : http://localhost:65522 : 1
14:43:34.656 [AsyncHttpClient-1-10] DEBUG org.asynchttpclient.netty.handler.HttpHandler - 

Request DefaultHttpRequest(decodeResult: success, version: HTTP/1.1)
POST /session/d2a19bb89b17c43922249571f197f61e/element/A3CD3D33AF0E27DABA99E64DE2DB0024_element_56/click HTTP/1.1
User-Agent: selenium/4.7.1 (java windows)
Content-Length: 57
Content-Type: application/json; charset=utf-8
host: localhost:40898
accept: */*

Response DefaultHttpResponse(decodeResult: success, version: HTTP/1.1)
HTTP/1.1 400 Bad Request
Content-Type: application/json; charset=utf-8
cache-control: no-cache
content-length: 899

14:43:34.656 [AsyncHttpClient-1-10] DEBUG org.asynchttpclient.netty.channel.ChannelManager - Adding key: http://localhost:40898 for channel [id: 0xd5958eef, L:/127.0.0.1:65521 - R:localhost/127.0.0.1:40898]
14:43:34.891 [AsyncHttpClient-1-1] DEBUG org.asynchttpclient.netty.channel.DefaultChannelPool - Entry count for : http://localhost:40898 : 1
14:43:34.891 [AsyncHttpClient-1-1] DEBUG org.asynchttpclient.netty.channel.DefaultChannelPool - Entry count for : http://localhost:65522 : 1
14:43:34.915 [Forwarding clickElement on session d2a19bb89b17c43922249571f197f61e to remote] DEBUG org.asynchttpclient.netty.request.NettyRequestSender - Using pooled Channel '[id: 0xd5958eef, L:/127.0.0.1:65521 - R:localhost/127.0.0.1:40898]' for 'POST' to 'http://localhost:40898/session/d2a19bb89b17c43922249571f197f61e/element/A3CD3D33AF0E27DABA99E64DE2DB0024_element_56/click'
14:43:34.915 [Forwarding clickElement on session d2a19bb89b17c43922249571f197f61e to remote] DEBUG org.asynchttpclient.netty.request.NettyRequestSender - Using open Channel [id: 0xd5958eef, L:/127.0.0.1:65521 - R:localhost/127.0.0.1:40898] for POST '/session/d2a19bb89b17c43922249571f197f61e/element/A3CD3D33AF0E27DABA99E64DE2DB0024_element_56/click'
14:43:35.992 [AsyncHttpClient-1-1] DEBUG org.asynchttpclient.netty.channel.DefaultChannelPool - Entry count for : http://localhost:65522 : 1
14:43:36.948 [AsyncHttpClient-1-10] DEBUG org.asynchttpclient.netty.handler.HttpHandler - 

Request DefaultHttpRequest(decodeResult: success, version: HTTP/1.1)
POST /session/d2a19bb89b17c43922249571f197f61e/element/A3CD3D33AF0E27DABA99E64DE2DB0024_element_56/click HTTP/1.1
User-Agent: selenium/4.7.1 (java windows)
Content-Length: 57
Content-Type: application/json; charset=utf-8
host: localhost:40898
accept: */*

Response DefaultHttpResponse(decodeResult: success, version: HTTP/1.1)
HTTP/1.1 400 Bad Request
Content-Type: application/json; charset=utf-8
cache-control: no-cache
content-length: 899

14:43:36.948 [AsyncHttpClient-1-10] DEBUG org.asynchttpclient.netty.channel.ChannelManager - Adding key: http://localhost:40898 for channel [id: 0xd5958eef, L:/127.0.0.1:65521 - R:localhost/127.0.0.1:40898]
14:43:37.092 [AsyncHttpClient-1-1] DEBUG org.asynchttpclient.netty.channel.DefaultChannelPool - Entry count for : http://localhost:40898 : 1
14:43:37.092 [AsyncHttpClient-1-1] DEBUG org.asynchttpclient.netty.channel.DefaultChannelPool - Entry count for : http://localhost:65522 : 1
14:43:37.203 [Forwarding clickElement on session d2a19bb89b17c43922249571f197f61e to remote] DEBUG org.asynchttpclient.netty.request.NettyRequestSender - Using pooled Channel '[id: 0xd5958eef, L:/127.0.0.1:65521 - R:localhost/127.0.0.1:40898]' for 'POST' to 'http://localhost:40898/session/d2a19bb89b17c43922249571f197f61e/element/A3CD3D33AF0E27DABA99E64DE2DB0024_element_56/click'
14:43:37.203 [Forwarding clickElement on session d2a19bb89b17c43922249571f197f61e to remote] DEBUG org.asynchttpclient.netty.request.NettyRequestSender - Using open Channel [id: 0xd5958eef, L:/127.0.0.1:65521 - R:localhost/127.0.0.1:40898] for POST '/session/d2a19bb89b17c43922249571f197f61e/element/A3CD3D33AF0E27DABA99E64DE2DB0024_element_56/click'
14:43:38.191 [AsyncHttpClient-1-1] DEBUG org.asynchttpclient.netty.channel.DefaultChannelPool - Entry count for : http://localhost:65522 : 1
14:43:39.239 [AsyncHttpClient-1-10] DEBUG org.asynchttpclient.netty.handler.HttpHandler - 

Request DefaultHttpRequest(decodeResult: success, version: HTTP/1.1)
POST /session/d2a19bb89b17c43922249571f197f61e/element/A3CD3D33AF0E27DABA99E64DE2DB0024_element_56/click HTTP/1.1
User-Agent: selenium/4.7.1 (java windows)
Content-Length: 57
Content-Type: application/json; charset=utf-8
host: localhost:40898
accept: */*

Response DefaultHttpResponse(decodeResult: success, version: HTTP/1.1)
HTTP/1.1 400 Bad Request
Content-Type: application/json; charset=utf-8
cache-control: no-cache
content-length: 899

14:43:39.239 [AsyncHttpClient-1-10] DEBUG org.asynchttpclient.netty.channel.ChannelManager - Adding key: http://localhost:40898 for channel [id: 0xd5958eef, L:/127.0.0.1:65521 - R:localhost/127.0.0.1:40898]
14:43:39.295 [AsyncHttpClient-1-1] DEBUG org.asynchttpclient.netty.channel.DefaultChannelPool - Entry count for : http://localhost:40898 : 1
14:43:39.295 [AsyncHttpClient-1-1] DEBUG org.asynchttpclient.netty.channel.DefaultChannelPool - Entry count for : http://localhost:65522 : 1
14:43:39.495 [Forwarding clickElement on session d2a19bb89b17c43922249571f197f61e to remote] DEBUG org.asynchttpclient.netty.request.NettyRequestSender - Using pooled Channel '[id: 0xd5958eef, L:/127.0.0.1:65521 - R:localhost/127.0.0.1:40898]' for 'POST' to 'http://localhost:40898/session/d2a19bb89b17c43922249571f197f61e/element/A3CD3D33AF0E27DABA99E64DE2DB0024_element_56/click'
14:43:39.495 [Forwarding clickElement on session d2a19bb89b17c43922249571f197f61e to remote] DEBUG org.asynchttpclient.netty.request.NettyRequestSender - Using open Channel [id: 0xd5958eef, L:/127.0.0.1:65521 - R:localhost/127.0.0.1:40898] for POST '/session/d2a19bb89b17c43922249571f197f61e/element/A3CD3D33AF0E27DABA99E64DE2DB0024_element_56/click'
14:43:40.391 [AsyncHttpClient-1-1] DEBUG org.asynchttpclient.netty.channel.DefaultChannelPool - Entry count for : http://localhost:65522 : 1
14:43:41.495 [AsyncHttpClient-1-1] DEBUG org.asynchttpclient.netty.channel.DefaultChannelPool - Entry count for : http://localhost:65522 : 1
14:43:41.552 [AsyncHttpClient-1-10] DEBUG org.asynchttpclient.netty.handler.HttpHandler - 

Request DefaultHttpRequest(decodeResult: success, version: HTTP/1.1)
POST /session/d2a19bb89b17c43922249571f197f61e/element/A3CD3D33AF0E27DABA99E64DE2DB0024_element_56/click HTTP/1.1
User-Agent: selenium/4.7.1 (java windows)
Content-Length: 57
Content-Type: application/json; charset=utf-8
host: localhost:40898
accept: */*

Response DefaultHttpResponse(decodeResult: success, version: HTTP/1.1)
HTTP/1.1 400 Bad Request
Content-Type: application/json; charset=utf-8
cache-control: no-cache
content-length: 899

14:43:41.552 [AsyncHttpClient-1-10] DEBUG org.asynchttpclient.netty.channel.ChannelManager - Adding key: http://localhost:40898 for channel [id: 0xd5958eef, L:/127.0.0.1:65521 - R:localhost/127.0.0.1:40898]
14:43:41.808 [Forwarding clickElement on session d2a19bb89b17c43922249571f197f61e to remote] DEBUG org.asynchttpclient.netty.request.NettyRequestSender - Using pooled Channel '[id: 0xd5958eef, L:/127.0.0.1:65521 - R:localhost/127.0.0.1:40898]' for 'POST' to 'http://localhost:40898/session/d2a19bb89b17c43922249571f197f61e/element/A3CD3D33AF0E27DABA99E64DE2DB0024_element_56/click'
14:43:41.808 [Forwarding clickElement on session d2a19bb89b17c43922249571f197f61e to remote] DEBUG org.asynchttpclient.netty.request.NettyRequestSender - Using open Channel [id: 0xd5958eef, L:/127.0.0.1:65521 - R:localhost/127.0.0.1:40898] for POST '/session/d2a19bb89b17c43922249571f197f61e/element/A3CD3D33AF0E27DABA99E64DE2DB0024_element_56/click'
14:43:42.592 [AsyncHttpClient-1-1] DEBUG org.asynchttpclient.netty.channel.DefaultChannelPool - Entry count for : http://localhost:65522 : 1
14:43:43.703 [AsyncHttpClient-1-1] DEBUG org.asynchttpclient.netty.channel.DefaultChannelPool - Entry count for : http://localhost:65522 : 1
14:43:43.831 [AsyncHttpClient-1-10] DEBUG org.asynchttpclient.netty.handler.HttpHandler - 

Request DefaultHttpRequest(decodeResult: success, version: HTTP/1.1)
POST /session/d2a19bb89b17c43922249571f197f61e/element/A3CD3D33AF0E27DABA99E64DE2DB0024_element_56/click HTTP/1.1
User-Agent: selenium/4.7.1 (java windows)
Content-Length: 57
Content-Type: application/json; charset=utf-8
host: localhost:40898
accept: */*

Response DefaultHttpResponse(decodeResult: success, version: HTTP/1.1)
HTTP/1.1 400 Bad Request
Content-Type: application/json; charset=utf-8
cache-control: no-cache
content-length: 899

14:43:43.831 [AsyncHttpClient-1-10] DEBUG org.asynchttpclient.netty.channel.ChannelManager - Adding key: http://localhost:40898 for channel [id: 0xd5958eef, L:/127.0.0.1:65521 - R:localhost/127.0.0.1:40898]
14:43:44.096 [Forwarding clickElement on session d2a19bb89b17c43922249571f197f61e to remote] DEBUG org.asynchttpclient.netty.request.NettyRequestSender - Using pooled Channel '[id: 0xd5958eef, L:/127.0.0.1:65521 - R:localhost/127.0.0.1:40898]' for 'POST' to 'http://localhost:40898/session/d2a19bb89b17c43922249571f197f61e/element/A3CD3D33AF0E27DABA99E64DE2DB0024_element_56/click'
14:43:44.096 [Forwarding clickElement on session d2a19bb89b17c43922249571f197f61e to remote] DEBUG org.asynchttpclient.netty.request.NettyRequestSender - Using open Channel [id: 0xd5958eef, L:/127.0.0.1:65521 - R:localhost/127.0.0.1:40898] for POST '/session/d2a19bb89b17c43922249571f197f61e/element/A3CD3D33AF0E27DABA99E64DE2DB0024_element_56/click'
14:43:44.794 [AsyncHttpClient-1-1] DEBUG org.asynchttpclient.netty.channel.DefaultChannelPool - Entry count for : http://localhost:65522 : 1
14:43:45.893 [AsyncHttpClient-1-1] DEBUG org.asynchttpclient.netty.channel.DefaultChannelPool - Entry count for : http://localhost:65522 : 1
14:43:46.152 [AsyncHttpClient-1-10] DEBUG org.asynchttpclient.netty.handler.HttpHandler - 

Request DefaultHttpRequest(decodeResult: success, version: HTTP/1.1)
POST /session/d2a19bb89b17c43922249571f197f61e/element/A3CD3D33AF0E27DABA99E64DE2DB0024_element_56/click HTTP/1.1
User-Agent: selenium/4.7.1 (java windows)
Content-Length: 57
Content-Type: application/json; charset=utf-8
host: localhost:40898
accept: */*

Response DefaultHttpResponse(decodeResult: success, version: HTTP/1.1)
HTTP/1.1 400 Bad Request
Content-Type: application/json; charset=utf-8
cache-control: no-cache
content-length: 899

14:43:46.152 [AsyncHttpClient-1-10] DEBUG org.asynchttpclient.netty.channel.ChannelManager - Adding key: http://localhost:40898 for channel [id: 0xd5958eef, L:/127.0.0.1:65521 - R:localhost/127.0.0.1:40898]
14:43:46.408 [Forwarding clickElement on session d2a19bb89b17c43922249571f197f61e to remote] DEBUG org.asynchttpclient.netty.request.NettyRequestSender - Using pooled Channel '[id: 0xd5958eef, L:/127.0.0.1:65521 - R:localhost/127.0.0.1:40898]' for 'POST' to 'http://localhost:40898/session/d2a19bb89b17c43922249571f197f61e/element/A3CD3D33AF0E27DABA99E64DE2DB0024_element_56/click'
14:43:46.408 [Forwarding clickElement on session d2a19bb89b17c43922249571f197f61e to remote] DEBUG org.asynchttpclient.netty.request.NettyRequestSender - Using open Channel [id: 0xd5958eef, L:/127.0.0.1:65521 - R:localhost/127.0.0.1:40898] for POST '/session/d2a19bb89b17c43922249571f197f61e/element/A3CD3D33AF0E27DABA99E64DE2DB0024_element_56/click'
14:43:46.993 [AsyncHttpClient-1-1] DEBUG org.asynchttpclient.netty.channel.DefaultChannelPool - Entry count for : http://localhost:65522 : 1
14:43:48.104 [AsyncHttpClient-1-1] DEBUG org.asynchttpclient.netty.channel.DefaultChannelPool - Entry count for : http://localhost:65522 : 1
14:43:48.436 [AsyncHttpClient-1-10] DEBUG org.asynchttpclient.netty.handler.HttpHandler - 

Request DefaultHttpRequest(decodeResult: success, version: HTTP/1.1)
POST /session/d2a19bb89b17c43922249571f197f61e/element/A3CD3D33AF0E27DABA99E64DE2DB0024_element_56/click HTTP/1.1
User-Agent: selenium/4.7.1 (java windows)
Content-Length: 57
Content-Type: application/json; charset=utf-8
host: localhost:40898
accept: */*

Response DefaultHttpResponse(decodeResult: success, version: HTTP/1.1)
HTTP/1.1 400 Bad Request
Content-Type: application/json; charset=utf-8
cache-control: no-cache
content-length: 899

14:43:48.436 [AsyncHttpClient-1-10] DEBUG org.asynchttpclient.netty.channel.ChannelManager - Adding key: http://localhost:40898 for channel [id: 0xd5958eef, L:/127.0.0.1:65521 - R:localhost/127.0.0.1:40898]
14:43:48.701 [Forwarding getCurrentWindowHandle on session d2a19bb89b17c43922249571f197f61e to remote] DEBUG org.asynchttpclient.netty.request.NettyRequestSender - Using pooled Channel '[id: 0xd5958eef, L:/127.0.0.1:65521 - R:localhost/127.0.0.1:40898]' for 'GET' to 'http://localhost:40898/session/d2a19bb89b17c43922249571f197f61e/window'
14:43:48.701 [Forwarding getCurrentWindowHandle on session d2a19bb89b17c43922249571f197f61e to remote] DEBUG org.asynchttpclient.netty.request.NettyRequestSender - Using open Channel [id: 0xd5958eef, L:/127.0.0.1:65521 - R:localhost/127.0.0.1:40898] for GET '/session/d2a19bb89b17c43922249571f197f61e/window'
14:43:48.701 [AsyncHttpClient-1-10] DEBUG org.asynchttpclient.netty.handler.HttpHandler - 

Request DefaultFullHttpRequest(decodeResult: success, version: HTTP/1.1, content: EmptyByteBufBE)
GET /session/d2a19bb89b17c43922249571f197f61e/window HTTP/1.1
User-Agent: selenium/4.7.1 (java windows)
Cache-Control: no-cache
Content-Type: application/json; charset=utf-8
host: localhost:40898
accept: */*

Response DefaultHttpResponse(decodeResult: success, version: HTTP/1.1)
HTTP/1.1 200 OK
Content-Type: application/json; charset=utf-8
cache-control: no-cache
content-length: 44

14:43:48.701 [AsyncHttpClient-1-10] DEBUG org.asynchttpclient.netty.channel.ChannelManager - Adding key: http://localhost:40898 for channel [id: 0xd5958eef, L:/127.0.0.1:65521 - R:localhost/127.0.0.1:40898]
14:43:48.701 [Forwarding getAlertText on session d2a19bb89b17c43922249571f197f61e to remote] DEBUG org.asynchttpclient.netty.request.NettyRequestSender - Using pooled Channel '[id: 0xd5958eef, L:/127.0.0.1:65521 - R:localhost/127.0.0.1:40898]' for 'GET' to 'http://localhost:40898/session/d2a19bb89b17c43922249571f197f61e/alert/text'
14:43:48.701 [Forwarding getAlertText on session d2a19bb89b17c43922249571f197f61e to remote] DEBUG org.asynchttpclient.netty.request.NettyRequestSender - Using open Channel [id: 0xd5958eef, L:/127.0.0.1:65521 - R:localhost/127.0.0.1:40898] for GET '/session/d2a19bb89b17c43922249571f197f61e/alert/text'
14:43:48.701 [AsyncHttpClient-1-10] DEBUG org.asynchttpclient.netty.handler.HttpHandler - 

Request DefaultFullHttpRequest(decodeResult: success, version: HTTP/1.1, content: EmptyByteBufBE)
GET /session/d2a19bb89b17c43922249571f197f61e/alert/text HTTP/1.1
User-Agent: selenium/4.7.1 (java windows)
Cache-Control: no-cache
Content-Type: application/json; charset=utf-8
host: localhost:40898
accept: */*

Response DefaultHttpResponse(decodeResult: success, version: HTTP/1.1)
HTTP/1.1 404 Not Found
Content-Type: application/json; charset=utf-8
cache-control: no-cache
content-length: 821

14:43:48.701 [AsyncHttpClient-1-10] DEBUG org.asynchttpclient.netty.channel.ChannelManager - Adding key: http://localhost:40898 for channel [id: 0xd5958eef, L:/127.0.0.1:65521 - R:localhost/127.0.0.1:40898]
14:43:48.709 [Forwarding switchToWindow on session d2a19bb89b17c43922249571f197f61e to remote] DEBUG org.asynchttpclient.netty.request.NettyRequestSender - Using pooled Channel '[id: 0xd5958eef, L:/127.0.0.1:65521 - R:localhost/127.0.0.1:40898]' for 'POST' to 'http://localhost:40898/session/d2a19bb89b17c43922249571f197f61e/window'
14:43:48.709 [Forwarding switchToWindow on session d2a19bb89b17c43922249571f197f61e to remote] DEBUG org.asynchttpclient.netty.request.NettyRequestSender - Using open Channel [id: 0xd5958eef, L:/127.0.0.1:65521 - R:localhost/127.0.0.1:40898] for POST '/session/d2a19bb89b17c43922249571f197f61e/window'
14:43:48.709 [AsyncHttpClient-1-10] DEBUG org.asynchttpclient.netty.handler.HttpHandler - 

Request DefaultHttpRequest(decodeResult: success, version: HTTP/1.1)
POST /session/d2a19bb89b17c43922249571f197f61e/window HTTP/1.1
User-Agent: selenium/4.7.1 (java windows)
Content-Length: 50
Content-Type: application/json; charset=utf-8
host: localhost:40898
accept: */*

Response DefaultHttpResponse(decodeResult: success, version: HTTP/1.1)
HTTP/1.1 200 OK
Content-Type: application/json; charset=utf-8
cache-control: no-cache
content-length: 14

14:43:48.709 [AsyncHttpClient-1-10] DEBUG org.asynchttpclient.netty.channel.ChannelManager - Adding key: http://localhost:40898 for channel [id: 0xd5958eef, L:/127.0.0.1:65521 - R:localhost/127.0.0.1:40898]
14:43:48.709 [Forwarding getCurrentUrl on session d2a19bb89b17c43922249571f197f61e to remote] DEBUG org.asynchttpclient.netty.request.NettyRequestSender - Using pooled Channel '[id: 0xd5958eef, L:/127.0.0.1:65521 - R:localhost/127.0.0.1:40898]' for 'GET' to 'http://localhost:40898/session/d2a19bb89b17c43922249571f197f61e/url'
14:43:48.709 [Forwarding getCurrentUrl on session d2a19bb89b17c43922249571f197f61e to remote] DEBUG org.asynchttpclient.netty.request.NettyRequestSender - Using open Channel [id: 0xd5958eef, L:/127.0.0.1:65521 - R:localhost/127.0.0.1:40898] for GET '/session/d2a19bb89b17c43922249571f197f61e/url'
14:43:48.717 [AsyncHttpClient-1-10] DEBUG org.asynchttpclient.netty.handler.HttpHandler - 

Request DefaultFullHttpRequest(decodeResult: success, version: HTTP/1.1, content: EmptyByteBufBE)
GET /session/d2a19bb89b17c43922249571f197f61e/url HTTP/1.1
User-Agent: selenium/4.7.1 (java windows)
Cache-Control: no-cache
Content-Type: application/json; charset=utf-8
host: localhost:40898
accept: */*

Response DefaultHttpResponse(decodeResult: success, version: HTTP/1.1)
HTTP/1.1 200 OK
Content-Type: application/json; charset=utf-8
cache-control: no-cache
content-length: 58

14:43:48.717 [AsyncHttpClient-1-10] DEBUG org.asynchttpclient.netty.channel.ChannelManager - Adding key: http://localhost:40898 for channel [id: 0xd5958eef, L:/127.0.0.1:65521 - R:localhost/127.0.0.1:40898]
14:43:48.717 [Forwarding screenshot on session d2a19bb89b17c43922249571f197f61e to remote] DEBUG org.asynchttpclient.netty.request.NettyRequestSender - Using pooled Channel '[id: 0xd5958eef, L:/127.0.0.1:65521 - R:localhost/127.0.0.1:40898]' for 'GET' to 'http://localhost:40898/session/d2a19bb89b17c43922249571f197f61e/screenshot'
14:43:48.717 [Forwarding screenshot on session d2a19bb89b17c43922249571f197f61e to remote] DEBUG org.asynchttpclient.netty.request.NettyRequestSender - Using open Channel [id: 0xd5958eef, L:/127.0.0.1:65521 - R:localhost/127.0.0.1:40898] for GET '/session/d2a19bb89b17c43922249571f197f61e/screenshot'
14:43:48.848 [AsyncHttpClient-1-10] DEBUG org.asynchttpclient.netty.handler.HttpHandler - 

Request DefaultFullHttpRequest(decodeResult: success, version: HTTP/1.1, content: EmptyByteBufBE)
GET /session/d2a19bb89b17c43922249571f197f61e/screenshot HTTP/1.1
User-Agent: selenium/4.7.1 (java windows)
Cache-Control: no-cache
Content-Type: application/json; charset=utf-8
host: localhost:40898
accept: */*

Response DefaultHttpResponse(decodeResult: success, version: HTTP/1.1)
HTTP/1.1 200 OK
Content-Type: application/json; charset=utf-8
cache-control: no-cache
content-length: 61968

14:43:48.848 [AsyncHttpClient-1-10] DEBUG org.asynchttpclient.netty.channel.ChannelManager - Adding key: http://localhost:40898 for channel [id: 0xd5958eef, L:/127.0.0.1:65521 - R:localhost/127.0.0.1:40898]
14:43:48.848 [main] DEBUG net.serenitybdd.core.photography.Darkroom - Send negative for processing for target\site\serenity\5f343597f6d835901ec0cb02d209b178c902e8eaac3f3431cbbb9833e2b17b3a.png
14:43:48.848 [Forwarding getPageSource on session d2a19bb89b17c43922249571f197f61e to remote] DEBUG org.asynchttpclient.netty.request.NettyRequestSender - Using pooled Channel '[id: 0xd5958eef, L:/127.0.0.1:65521 - R:localhost/127.0.0.1:40898]' for 'POST' to 'http://localhost:40898/session/d2a19bb89b17c43922249571f197f61e/execute/sync'
14:43:48.848 [Forwarding getPageSource on session d2a19bb89b17c43922249571f197f61e to remote] DEBUG org.asynchttpclient.netty.request.NettyRequestSender - Using open Channel [id: 0xd5958eef, L:/127.0.0.1:65521 - R:localhost/127.0.0.1:40898] for POST '/session/d2a19bb89b17c43922249571f197f61e/execute/sync'
14:43:48.864 [AsyncHttpClient-1-10] DEBUG org.asynchttpclient.netty.handler.HttpHandler - 

Request DefaultHttpRequest(decodeResult: success, version: HTTP/1.1)
POST /session/d2a19bb89b17c43922249571f197f61e/execute/sync HTTP/1.1
User-Agent: selenium/4.7.1 (java windows)
Content-Length: 176
Content-Type: application/json; charset=utf-8
host: localhost:40898
accept: */*

Response DefaultHttpResponse(decodeResult: success, version: HTTP/1.1)
HTTP/1.1 200 OK
Content-Type: application/json; charset=utf-8
cache-control: no-cache
content-length: 41130

14:43:48.864 [AsyncHttpClient-1-10] DEBUG org.asynchttpclient.netty.channel.ChannelManager - Adding key: http://localhost:40898 for channel [id: 0xd5958eef, L:/127.0.0.1:65521 - R:localhost/127.0.0.1:40898]
14:43:48.872 [Forwarding getCurrentUrl on session d2a19bb89b17c43922249571f197f61e to remote] DEBUG org.asynchttpclient.netty.request.NettyRequestSender - Using pooled Channel '[id: 0xd5958eef, L:/127.0.0.1:65521 - R:localhost/127.0.0.1:40898]' for 'GET' to 'http://localhost:40898/session/d2a19bb89b17c43922249571f197f61e/url'
14:43:48.872 [Forwarding getCurrentUrl on session d2a19bb89b17c43922249571f197f61e to remote] DEBUG org.asynchttpclient.netty.request.NettyRequestSender - Using open Channel [id: 0xd5958eef, L:/127.0.0.1:65521 - R:localhost/127.0.0.1:40898] for GET '/session/d2a19bb89b17c43922249571f197f61e/url'
14:43:48.882 [AsyncHttpClient-1-10] DEBUG org.asynchttpclient.netty.handler.HttpHandler - 

Request DefaultFullHttpRequest(decodeResult: success, version: HTTP/1.1, content: EmptyByteBufBE)
GET /session/d2a19bb89b17c43922249571f197f61e/url HTTP/1.1
User-Agent: selenium/4.7.1 (java windows)
Cache-Control: no-cache
Content-Type: application/json; charset=utf-8
host: localhost:40898
accept: */*

Response DefaultHttpResponse(decodeResult: success, version: HTTP/1.1)
HTTP/1.1 200 OK
Content-Type: application/json; charset=utf-8
cache-control: no-cache
content-length: 58

14:43:48.882 [AsyncHttpClient-1-10] DEBUG org.asynchttpclient.netty.channel.ChannelManager - Adding key: http://localhost:40898 for channel [id: 0xd5958eef, L:/127.0.0.1:65521 - R:localhost/127.0.0.1:40898]
  &amp#27;[31mAnd &amp#27;[0m&amp#27;[31mAdmin klik icon hapus pada salah satu produk&amp#27;[0m                                                               &amp#27;[90m# starter.stepdefinitions.PDAMSteps.adminKlikIconHapusPadaSalahSatuProduk()&amp#27;[0m
      &amp#27;[31morg.openqa.selenium.ElementNotInteractableException: element not interactable
  (Session info: chrome=114.0.5735.134)
Build info: version: '4.7.1', revision: 'c6795baf1a3'
System info: os.name: 'Windows 11', os.arch: 'amd64', os.version: '10.0', java.version: '19.0.2'
Driver info: org.openqa.selenium.chrome.ChromeDriver
Command: [d2a19bb89b17c43922249571f197f61e, clickElement {id=A3CD3D33AF0E27DABA99E64DE2DB0024_element_56}]
Capabilities {acceptInsecureCerts: true, browserName: chrome, browserVersion: 114.0.5735.134, chrome: {chromedriverVersion: 114.0.5735.90 (386bc09e8f4f..., userDataDir: C:\Users\HP\AppData\Local\T...}, goog:chromeOptions: {debuggerAddress: localhost:65522}, networkConnectionEnabled: false, pageLoadStrategy: normal, platformName: WINDOWS, proxy: Proxy(), se:cdp: ws://localhost:65522/devtoo..., se:cdpVersion: 114.0.5735.134, setWindowRect: true, strictFileInteractability: false, timeouts: {implicit: 0, pageLoad: 300000, script: 30000}, unhandledPromptBehavior: dismiss and notify, webauthn:extension:credBlob: true, webauthn:extension:largeBlob: true, webauthn:extension:minPinLength: true, webauthn:extension:prf: true, webauthn:virtualAuthenticators: true}
Element: [[ChromeDriver: chrome on WINDOWS (d2a19bb89b17c43922249571f197f61e)] -> xpath: //tbody[2]/tr[1]/td[4]/a[2]//*[name()='svg']]
Session ID: d2a19bb89b17c43922249571f197f61e
	at java.base/jdk.internal.reflect.DirectConstructorHandleAccessor.newInstance(DirectConstructorHandleAccessor.java:67)
	at java.base/java.lang.reflect.Constructor.newInstanceWithCaller(Constructor.java:500)
	at java.base/java.lang.reflect.Constructor.newInstance(Constructor.java:484)
	at org.openqa.selenium.remote.codec.w3c.W3CHttpResponseCodec.createException(W3CHttpResponseCodec.java:200)
	at org.openqa.selenium.remote.codec.w3c.W3CHttpResponseCodec.decode(W3CHttpResponseCodec.java:133)
	at org.openqa.selenium.remote.codec.w3c.W3CHttpResponseCodec.decode(W3CHttpResponseCodec.java:53)
	at org.openqa.selenium.remote.HttpCommandExecutor.execute(HttpCommandExecutor.java:184)
	at org.openqa.selenium.remote.service.DriverCommandExecutor.invokeExecute(DriverCommandExecutor.java:167)
	at org.openqa.selenium.remote.service.DriverCommandExecutor.execute(DriverCommandExecutor.java:142)
	at org.openqa.selenium.remote.RemoteWebDriver.execute(RemoteWebDriver.java:551)
	at org.openqa.selenium.remote.RemoteWebElement.execute(RemoteWebElement.java:257)
	at org.openqa.selenium.remote.RemoteWebElement.click(RemoteWebElement.java:78)
	at net.serenitybdd.core.pages.WebElementFacadeImpl.lambda$click$6(WebElementFacadeImpl.java:1213)
	at net.serenitybdd.core.pages.WithRetries.perform(WithRetries.java:22)
	at net.serenitybdd.core.pages.WithRetries.perform(WithRetries.java:27)
	at net.serenitybdd.core.pages.WithRetries.perform(WithRetries.java:27)
	at net.serenitybdd.core.pages.WithRetries.perform(WithRetries.java:27)
	at net.serenitybdd.core.pages.WithRetries.perform(WithRetries.java:27)
	at net.serenitybdd.core.pages.WithRetries.perform(WithRetries.java:27)
	at net.serenitybdd.core.pages.WithRetries.perform(WithRetries.java:27)
	at net.serenitybdd.core.pages.WithRetries.perform(WithRetries.java:27)
	at net.serenitybdd.core.pages.WithRetries.perform(WithRetries.java:27)
	at net.serenitybdd.core.pages.WithRetries.perform(WithRetries.java:27)
	at net.serenitybdd.core.pages.WithRetries.perform(WithRetries.java:27)
	at net.serenitybdd.core.pages.WithRetries.perform(WithRetries.java:27)
	at net.serenitybdd.core.pages.WebElementFacadeImpl.click(WebElementFacadeImpl.java:1213)
	at net.serenitybdd.core.pages.WebElementFacadeImpl.click(WebElementFacadeImpl.java:1224)
	at skuypayweb@1.0-SNAPSHOT/starter.pages.PDAMPage.klikiconhapusPDAM(PDAMPage.java:157)
	at skuypayweb@1.0-SNAPSHOT/starter.pages.PDAMPage$ByteBuddy$kYQqTyIK.klikiconhapusPDAM$accessor$nkFtnZDd(Unknown Source)
	at java.base/jdk.internal.reflect.DirectMethodHandleAccessor.invoke(DirectMethodHandleAccessor.java:104)
	at java.base/java.lang.reflect.Method.invoke(Method.java:578)
	at net.thucydides.core.steps.StepInterceptor.invokeMethod(StepInterceptor.java:503)
	at net.thucydides.core.steps.StepInterceptor.executeTestStepMethod(StepInterceptor.java:483)
	at net.thucydides.core.steps.StepInterceptor.runTestStep(StepInterceptor.java:457)
	at net.thucydides.core.steps.StepInterceptor.runOrSkipMethod(StepInterceptor.java:209)
	at net.thucydides.core.steps.StepInterceptor.testStepResult(StepInterceptor.java:196)
	at net.thucydides.core.steps.StepInterceptor.intercept(StepInterceptor.java:84)
	at net.thucydides.core.steps.ProxyConfiguration$InterceptorDispatcher.intercept(ProxyConfiguration.java:51)
	at skuypayweb@1.0-SNAPSHOT/starter.pages.PDAMPage$ByteBuddy$kYQqTyIK.klikiconhapusPDAM(Unknown Source)
	at skuypayweb@1.0-SNAPSHOT/starter.stepdefinitions.PDAMSteps.adminKlikIconHapusPadaSalahSatuProduk(PDAMSteps.java:102)
	at ✽.Admin klik icon hapus pada salah satu produk(file:///C:/Dev/CapstoneProjectBaru/SKUYPAY%20WEB%20AUTOMATION/src/test/resources/features/PDAM.feature:87)
&amp#27;[0m
  &amp#27;[36mThen &amp#27;[0m&amp#27;[36mAdmin klik batal&amp#27;[0m                                                                                          &amp#27;[90m# starter.stepdefinitions.PDAMSteps.adminKlikBatal()&amp#27;[0m
14:43:48.912 [main] ERROR  - 
  _____   ___   ___   _____     ___   ___   ___    ___    ___ 
 |_   _| | __| / __| |_   _|   | __| | _ \ | _ \  / _ \  | _ \
   | |   | _|  \__ \   | |     | _|  |   / |   / | (_) | |   /
   |_|   |___| |___/   |_|     |___| |_|_\ |_|_\  \___/  |_|_\

Admin tidak dapat menghapus salah satu data produk PDAM karena kesalahan klik tidak jadi ingin dihapus
---------------------------------------------------------------
14:43:48.912 [main] DEBUG  - RELATED ISSUES: 
14:43:48.912 [main] ERROR  -     Test failed at step: Klikiconhapus PDAM
14:43:48.912 [main] ERROR  -     element not interactable
14:43:48.920 [Driver Command Executor] DEBUG org.asynchttpclient.netty.request.NettyRequestSender - Using pooled Channel '[id: 0xd5958eef, L:/127.0.0.1:65521 - R:localhost/127.0.0.1:40898]' for 'DELETE' to 'http://localhost:40898/session/d2a19bb89b17c43922249571f197f61e'
14:43:48.920 [Driver Command Executor] DEBUG org.asynchttpclient.netty.request.NettyRequestSender - Using open Channel [id: 0xd5958eef, L:/127.0.0.1:65521 - R:localhost/127.0.0.1:40898] for DELETE '/session/d2a19bb89b17c43922249571f197f61e'
14:43:48.920 [AsyncHttpClient-1-12] DEBUG org.asynchttpclient.netty.handler.WebSocketHandler - Channel Closed: [id: 0x3008d912, L:/127.0.0.1:65531 ! R:localhost/127.0.0.1:65522] with attribute NettyResponseFuture{currentRetry=0,
	isDone=1,
	isCancelled=0,
	asyncHandler=org.asynchttpclient.ws.WebSocketUpgradeHandler@42f8ee2c,
	nettyRequest=org.asynchttpclient.netty.request.NettyRequest@335333e4,
	future=java.util.concurrent.CompletableFuture@3a5ad6c9[Completed normally],
	uri=ws://localhost:65522/devtools/browser/f1653ac6-c770-43dd-9bf0-d05a213eae2e,
	keepAlive=true,
	redirectCount=0,
	timeoutsHolder=null,
	inAuth=0,
	touch=1687074194708}
14:43:48.920 [AsyncHttpClient-1-12] DEBUG org.asynchttpclient.netty.channel.ChannelManager - Closing Channel [id: 0x3008d912, L:/127.0.0.1:65531 ! R:localhost/127.0.0.1:65522] 
14:43:49.016 [AsyncHttpClient-1-11] DEBUG org.asynchttpclient.netty.handler.HttpHandler - Unexpected I/O exception on channel [id: 0x278b38a6, L:/127.0.0.1:65530 - R:localhost/127.0.0.1:65522]
java.net.SocketException: Connection reset
	at java.base/sun.nio.ch.SocketChannelImpl.throwConnectionReset(SocketChannelImpl.java:401)
	at java.base/sun.nio.ch.SocketChannelImpl.read(SocketChannelImpl.java:434)
	at io.netty.buffer.PooledByteBuf.setBytes(PooledByteBuf.java:259)
	at io.netty.buffer.AbstractByteBuf.writeBytes(AbstractByteBuf.java:1132)
	at io.netty.channel.socket.nio.NioSocketChannel.doReadBytes(NioSocketChannel.java:357)
	at io.netty.channel.nio.AbstractNioByteChannel$NioByteUnsafe.read(AbstractNioByteChannel.java:151)
	at io.netty.channel.nio.NioEventLoop.processSelectedKey(NioEventLoop.java:788)
	at io.netty.channel.nio.NioEventLoop.processSelectedKeysOptimized(NioEventLoop.java:724)
	at io.netty.channel.nio.NioEventLoop.processSelectedKeys(NioEventLoop.java:650)
	at io.netty.channel.nio.NioEventLoop.run(NioEventLoop.java:562)
	at io.netty.util.concurrent.SingleThreadEventExecutor$4.run(SingleThreadEventExecutor.java:997)
	at io.netty.util.internal.ThreadExecutorMap$2.run(ThreadExecutorMap.java:74)
	at io.netty.util.concurrent.FastThreadLocalRunnable.run(FastThreadLocalRunnable.java:30)
	at java.base/java.lang.Thread.run(Thread.java:1589)
14:43:49.016 [AsyncHttpClient-1-11] DEBUG org.asynchttpclient.netty.channel.ChannelManager - Closing Channel [id: 0x278b38a6, L:/127.0.0.1:65530 - R:localhost/127.0.0.1:65522] 
14:43:49.016 [AsyncHttpClient-1-11] DEBUG org.asynchttpclient.netty.handler.HttpHandler - Channel Closed: [id: 0x278b38a6, L:/127.0.0.1:65530 ! R:localhost/127.0.0.1:65522] with attribute DISCARD
14:43:49.082 [AsyncHttpClient-1-10] DEBUG org.asynchttpclient.netty.handler.HttpHandler - 

Request DefaultFullHttpRequest(decodeResult: success, version: HTTP/1.1, content: EmptyByteBufBE)
DELETE /session/d2a19bb89b17c43922249571f197f61e HTTP/1.1
User-Agent: selenium/4.7.1 (java windows)
Content-Type: application/json; charset=utf-8
host: localhost:40898
accept: */*

Response DefaultHttpResponse(decodeResult: success, version: HTTP/1.1)
HTTP/1.1 200 OK
Content-Type: application/json; charset=utf-8
cache-control: no-cache
content-length: 14

14:43:49.082 [AsyncHttpClient-1-10] DEBUG org.asynchttpclient.netty.channel.ChannelManager - Adding key: http://localhost:40898 for channel [id: 0xd5958eef, L:/127.0.0.1:65521 - R:localhost/127.0.0.1:40898]
14:43:49.192 [AsyncHttpClient-1-1] DEBUG org.asynchttpclient.netty.channel.DefaultChannelPool - Entry count for : http://localhost:40898 : 1
14:43:49.192 [AsyncHttpClient-1-1] DEBUG org.asynchttpclient.netty.channel.DefaultChannelPool - Entry count for : http://localhost:65522 : 1
14:43:49.192 [AsyncHttpClient-1-1] DEBUG org.asynchttpclient.netty.channel.DefaultChannelPool - Adding Candidate expired Channel [id: 0x278b38a6, L:/127.0.0.1:65530 ! R:localhost/127.0.0.1:65522] isIdleTimeoutExpired=false isRemotelyClosed=true isTtlExpired=false
14:43:49.192 [AsyncHttpClient-1-1] DEBUG org.asynchttpclient.netty.channel.DefaultChannelPool - Closing Idle Channel [id: 0x278b38a6, L:/127.0.0.1:65530 ! R:localhost/127.0.0.1:65522]
14:43:49.192 [AsyncHttpClient-1-1] DEBUG org.asynchttpclient.netty.channel.DefaultChannelPool - Closed 1 connections out of 2 in 0 ms
14:43:49.216 [AsyncHttpClient-1-10] DEBUG org.asynchttpclient.netty.handler.HttpHandler - Channel Closed: [id: 0xd5958eef, L:/127.0.0.1:65521 ! R:localhost/127.0.0.1:40898] with attribute DISCARD
]]></system-out>
    <system-err><![CDATA[Starting ChromeDriver 114.0.5735.90 (386bc09e8f4f2e025eddae123f36f6263096ae49-refs/branch-heads/5735@{#1052}) on port 40898
Only local connections are allowed.
Please see https://chromedriver.chromium.org/security-considerations for suggestions on keeping ChromeDriver safe.
ChromeDriver was started successfully.
Jun 18, 2023 2:43:14 PM org.openqa.selenium.devtools.CdpVersionFinder findNearestMatch
WARNING: Unable to find CDP implementation matching 114
Jun 18, 2023 2:43:14 PM org.openqa.selenium.chromium.ChromiumDriver lambda$new$3
WARNING: Unable to find version of CDP to use for . You may need to include a dependency on a specific version of the CDP using something similar to `org.seleniumhq.selenium:selenium-devtools-v86:4.7.1` where the version ("v86") matches the version of the chromium-based browser you're using and the version number of the artifact is the same as Selenium's.
]]></system-err>
  </testcase>
</testsuite>