<?xml version="1.0" encoding="UTF-8"?>
<testsuite xmlns:xsi="http://www.w3.org/2001/XMLSchema-instance" xsi:noNamespaceSchemaLocation="https://maven.apache.org/surefire/maven-failsafe-plugin/xsd/failsafe-test-report-3.0.xsd" version="3.0" name="starter.CucumberTestSuite" time="98.926" tests="5" errors="2" skipped="0" failures="0">
  <properties>
    <property name="java.specification.version" value="19"/>
    <property name="webdriver.chrome.driver" value="C:\Users\HP\.cache\selenium\chromedriver\win32\114.0.5735.90\chromedriver.exe"/>
    <property name="sun.cpu.isalist" value="amd64"/>
    <property name="sun.jnu.encoding" value="Cp1252"/>
    <property name="java.class.path" value="C:\Dev\CapstoneProjectBaru\SKUYPAY WEB AUTOMATION\target\test-classes;C:\Users\HP\.m2\repository\net\serenity-bdd\serenity-core\3.5.1\serenity-core-3.5.1.jar;C:\Users\HP\.m2\repository\net\serenity-bdd\serenity-model\3.5.1\serenity-model-3.5.1.jar;C:\Users\HP\.m2\repository\org\apache\commons\commons-text\1.10.0\commons-text-1.10.0.jar;C:\Users\HP\.m2\repository\commons-net\commons-net\3.8.0\commons-net-3.8.0.jar;C:\Users\HP\.m2\repository\com\google\guava\guava\31.1-jre\guava-31.1-jre.jar;C:\Users\HP\.m2\repository\com\google\guava\failureaccess\1.0.1\failureaccess-1.0.1.jar;C:\Users\HP\.m2\repository\com\google\guava\listenablefuture\9999.0-empty-to-avoid-conflict-with-guava\listenablefuture-9999.0-empty-to-avoid-conflict-with-guava.jar;C:\Users\HP\.m2\repository\com\google\code\findbugs\jsr305\3.0.2\jsr305-3.0.2.jar;C:\Users\HP\.m2\repository\org\checkerframework\checker-qual\3.12.0\checker-qual-3.12.0.jar;C:\Users\HP\.m2\repository\com\google\errorprone\error_prone_annotations\2.11.0\error_prone_annotations-2.11.0.jar;C:\Users\HP\.m2\repository\com\google\j2objc\j2objc-annotations\1.3\j2objc-annotations-1.3.jar;C:\Users\HP\.m2\repository\com\google\inject\guice\5.1.0\guice-5.1.0.jar;C:\Users\HP\.m2\repository\javax\inject\javax.inject\1\javax.inject-1.jar;C:\Users\HP\.m2\repository\aopalliance\aopalliance\1.0\aopalliance-1.0.jar;C:\Users\HP\.m2\repository\org\jsoup\jsoup\1.14.3\jsoup-1.14.3.jar;C:\Users\HP\.m2\repository\com\thoughtworks\xstream\xstream\1.4.19\xstream-1.4.19.jar;C:\Users\HP\.m2\repository\io\github\x-stream\mxparser\1.2.2\mxparser-1.2.2.jar;C:\Users\HP\.m2\repository\xmlpull\xmlpull\1.1.3.1\xmlpull-1.1.3.1.jar;C:\Users\HP\.m2\repository\com\typesafe\config\1.4.2\config-1.4.2.jar;C:\Users\HP\.m2\repository\org\imgscalr\imgscalr-lib\4.2\imgscalr-lib-4.2.jar;C:\Users\HP\.m2\repository\org\awaitility\awaitility\4.2.0\awaitility-4.2.0.jar;C:\Users\HP\.m2\repository\org\freemarker\freemarker\2.3.31\freemarker-2.3.31.jar;C:\Users\HP\.m2\repository\io\github\classgraph\classgraph\4.8.138\classgraph-4.8.138.jar;C:\Users\HP\.m2\repository\net\sourceforge\jexcelapi\jxl\2.6.12\jxl-2.6.12.jar;C:\Users\HP\.m2\repository\net\bytebuddy\byte-buddy-agent\1.12.18\byte-buddy-agent-1.12.18.jar;C:\Users\HP\.m2\repository\org\objenesis\objenesis\3.1\objenesis-3.1.jar;C:\Users\HP\.m2\repository\net\serenity-bdd\serenity-reports\3.5.1\serenity-reports-3.5.1.jar;C:\Users\HP\.m2\repository\net\serenity-bdd\serenity-stats\3.5.1\serenity-stats-3.5.1.jar;C:\Users\HP\.m2\repository\net\serenity-bdd\serenity-reports-configuration\3.5.1\serenity-reports-configuration-3.5.1.jar;C:\Users\HP\.m2\repository\com\vladsch\flexmark\flexmark-all\0.34.30\flexmark-all-0.34.30.jar;C:\Users\HP\.m2\repository\com\vladsch\flexmark\flexmark\0.34.30\flexmark-0.34.30.jar;C:\Users\HP\.m2\repository\com\vladsch\flexmark\flexmark-ext-abbreviation\0.34.30\flexmark-ext-abbreviation-0.34.30.jar;C:\Users\HP\.m2\repository\com\vladsch\flexmark\flexmark-ext-admonition\0.34.30\flexmark-ext-admonition-0.34.30.jar;C:\Users\HP\.m2\repository\com\vladsch\flexmark\flexmark-ext-anchorlink\0.34.30\flexmark-ext-anchorlink-0.34.30.jar;C:\Users\HP\.m2\repository\com\vladsch\flexmark\flexmark-ext-aside\0.34.30\flexmark-ext-aside-0.34.30.jar;C:\Users\HP\.m2\repository\com\vladsch\flexmark\flexmark-ext-attributes\0.34.30\flexmark-ext-attributes-0.34.30.jar;C:\Users\HP\.m2\repository\com\vladsch\flexmark\flexmark-ext-autolink\0.34.30\flexmark-ext-autolink-0.34.30.jar;C:\Users\HP\.m2\repository\org\nibor\autolink\autolink\0.6.0\autolink-0.6.0.jar;C:\Users\HP\.m2\repository\com\vladsch\flexmark\flexmark-ext-definition\0.34.30\flexmark-ext-definition-0.34.30.jar;C:\Users\HP\.m2\repository\com\vladsch\flexmark\flexmark-ext-emoji\0.34.30\flexmark-ext-emoji-0.34.30.jar;C:\Users\HP\.m2\repository\com\vladsch\flexmark\flexmark-ext-enumerated-reference\0.34.30\flexmark-ext-enumerated-reference-0.34.30.jar;C:\Users\HP\.m2\repository\com\vladsch\flexmark\flexmark-ext-escaped-character\0.34.30\flexmark-ext-escaped-character-0.34.30.jar;C:\Users\HP\.m2\repository\com\vladsch\flexmark\flexmark-ext-footnotes\0.34.30\flexmark-ext-footnotes-0.34.30.jar;C:\Users\HP\.m2\repository\com\vladsch\flexmark\flexmark-ext-gfm-issues\0.34.30\flexmark-ext-gfm-issues-0.34.30.jar;C:\Users\HP\.m2\repository\com\vladsch\flexmark\flexmark-ext-gfm-strikethrough\0.34.30\flexmark-ext-gfm-strikethrough-0.34.30.jar;C:\Users\HP\.m2\repository\com\vladsch\flexmark\flexmark-ext-gfm-tables\0.34.30\flexmark-ext-gfm-tables-0.34.30.jar;C:\Users\HP\.m2\repository\com\vladsch\flexmark\flexmark-ext-gfm-tasklist\0.34.30\flexmark-ext-gfm-tasklist-0.34.30.jar;C:\Users\HP\.m2\repository\com\vladsch\flexmark\flexmark-ext-gfm-users\0.34.30\flexmark-ext-gfm-users-0.34.30.jar;C:\Users\HP\.m2\repository\com\vladsch\flexmark\flexmark-ext-gitlab\0.34.30\flexmark-ext-gitlab-0.34.30.jar;C:\Users\HP\.m2\repository\com\vladsch\flexmark\flexmark-ext-jekyll-front-matter\0.34.30\flexmark-ext-jekyll-front-matter-0.34.30.jar;C:\Users\HP\.m2\repository\com\vladsch\flexmark\flexmark-ext-jekyll-tag\0.34.30\flexmark-ext-jekyll-tag-0.34.30.jar;C:\Users\HP\.m2\repository\com\vladsch\flexmark\flexmark-ext-media-tags\0.34.30\flexmark-ext-media-tags-0.34.30.jar;C:\Users\HP\.m2\repository\com\vladsch\flexmark\flexmark-test-util\0.34.30\flexmark-test-util-0.34.30.jar;C:\Users\HP\.m2\repository\com\vladsch\flexmark\flexmark-ext-ins\0.34.30\flexmark-ext-ins-0.34.30.jar;C:\Users\HP\.m2\repository\com\vladsch\flexmark\flexmark-ext-xwiki-macros\0.34.30\flexmark-ext-xwiki-macros-0.34.30.jar;C:\Users\HP\.m2\repository\com\vladsch\flexmark\flexmark-ext-superscript\0.34.30\flexmark-ext-superscript-0.34.30.jar;C:\Users\HP\.m2\repository\com\vladsch\flexmark\flexmark-ext-tables\0.34.30\flexmark-ext-tables-0.34.30.jar;C:\Users\HP\.m2\repository\com\vladsch\flexmark\flexmark-ext-toc\0.34.30\flexmark-ext-toc-0.34.30.jar;C:\Users\HP\.m2\repository\com\vladsch\flexmark\flexmark-ext-typographic\0.34.30\flexmark-ext-typographic-0.34.30.jar;C:\Users\HP\.m2\repository\com\vladsch\flexmark\flexmark-ext-wikilink\0.34.30\flexmark-ext-wikilink-0.34.30.jar;C:\Users\HP\.m2\repository\com\vladsch\flexmark\flexmark-ext-yaml-front-matter\0.34.30\flexmark-ext-yaml-front-matter-0.34.30.jar;C:\Users\HP\.m2\repository\com\vladsch\flexmark\flexmark-ext-youtube-embedded\0.34.30\flexmark-ext-youtube-embedded-0.34.30.jar;C:\Users\HP\.m2\repository\com\vladsch\flexmark\flexmark-formatter\0.34.30\flexmark-formatter-0.34.30.jar;C:\Users\HP\.m2\repository\com\vladsch\flexmark\flexmark-html-parser\0.34.30\flexmark-html-parser-0.34.30.jar;C:\Users\HP\.m2\repository\com\vladsch\flexmark\flexmark-jira-converter\0.34.30\flexmark-jira-converter-0.34.30.jar;C:\Users\HP\.m2\repository\com\vladsch\flexmark\flexmark-pdf-converter\0.34.30\flexmark-pdf-converter-0.34.30.jar;C:\Users\HP\.m2\repository\com\openhtmltopdf\openhtmltopdf-core\0.0.1-RC13\openhtmltopdf-core-0.0.1-RC13.jar;C:\Users\HP\.m2\repository\com\openhtmltopdf\openhtmltopdf-pdfbox\0.0.1-RC13\openhtmltopdf-pdfbox-0.0.1-RC13.jar;C:\Users\HP\.m2\repository\org\apache\pdfbox\pdfbox\2.0.8\pdfbox-2.0.8.jar;C:\Users\HP\.m2\repository\org\apache\pdfbox\fontbox\2.0.8\fontbox-2.0.8.jar;C:\Users\HP\.m2\repository\org\apache\pdfbox\xmpbox\2.0.8\xmpbox-2.0.8.jar;C:\Users\HP\.m2\repository\de\rototor\pdfbox\graphics2d\0.12\graphics2d-0.12.jar;C:\Users\HP\.m2\repository\com\openhtmltopdf\openhtmltopdf-rtl-support\0.0.1-RC13\openhtmltopdf-rtl-support-0.0.1-RC13.jar;C:\Users\HP\.m2\repository\com\ibm\icu\icu4j\59.1\icu4j-59.1.jar;C:\Users\HP\.m2\repository\com\openhtmltopdf\openhtmltopdf-jsoup-dom-converter\0.0.1-RC13\openhtmltopdf-jsoup-dom-converter-0.0.1-RC13.jar;C:\Users\HP\.m2\repository\com\vladsch\flexmark\flexmark-profile-pegdown\0.34.30\flexmark-profile-pegdown-0.34.30.jar;C:\Users\HP\.m2\repository\com\vladsch\flexmark\flexmark-util\0.34.30\flexmark-util-0.34.30.jar;C:\Users\HP\.m2\repository\com\vladsch\flexmark\flexmark-youtrack-converter\0.34.30\flexmark-youtrack-converter-0.34.30.jar;C:\Users\HP\.m2\repository\es\nitaur\markdown\txtmark\0.16\txtmark-0.16.jar;C:\Users\HP\.m2\repository\net\serenity-bdd\serenity-report-resources\3.5.1\serenity-report-resources-3.5.1.jar;C:\Users\HP\.m2\repository\com\google\code\gson\gson\2.9.0\gson-2.9.0.jar;C:\Users\HP\.m2\repository\com\fasterxml\jackson\core\jackson-core\2.13.4\jackson-core-2.13.4.jar;C:\Users\HP\.m2\repository\com\fasterxml\jackson\core\jackson-databind\2.13.4\jackson-databind-2.13.4.jar;C:\Users\HP\.m2\repository\com\fasterxml\jackson\core\jackson-annotations\2.13.4\jackson-annotations-2.13.4.jar;C:\Users\HP\.m2\repository\commons-codec\commons-codec\1.15\commons-codec-1.15.jar;C:\Users\HP\.m2\repository\commons-io\commons-io\2.11.0\commons-io-2.11.0.jar;C:\Users\HP\.m2\repository\org\apache\httpcomponents\httpclient\4.5.13\httpclient-4.5.13.jar;C:\Users\HP\.m2\repository\org\apache\httpcomponents\httpcore\4.4.13\httpcore-4.4.13.jar;C:\Users\HP\.m2\repository\commons-logging\commons-logging\1.2\commons-logging-1.2.jar;C:\Users\HP\.m2\repository\org\seleniumhq\selenium\selenium-java\4.7.1\selenium-java-4.7.1.jar;C:\Users\HP\.m2\repository\org\seleniumhq\selenium\selenium-devtools-v106\4.7.1\selenium-devtools-v106-4.7.1.jar;C:\Users\HP\.m2\repository\org\seleniumhq\selenium\selenium-devtools-v107\4.7.1\selenium-devtools-v107-4.7.1.jar;C:\Users\HP\.m2\repository\org\seleniumhq\selenium\selenium-devtools-v108\4.7.1\selenium-devtools-v108-4.7.1.jar;C:\Users\HP\.m2\repository\org\seleniumhq\selenium\selenium-devtools-v85\4.7.1\selenium-devtools-v85-4.7.1.jar;C:\Users\HP\.m2\repository\org\seleniumhq\selenium\selenium-remote-driver\4.7.1\selenium-remote-driver-4.7.1.jar;C:\Users\HP\.m2\repository\com\beust\jcommander\1.82\jcommander-1.82.jar;C:\Users\HP\.m2\repository\io\netty\netty-buffer\4.1.84.Final\netty-buffer-4.1.84.Final.jar;C:\Users\HP\.m2\repository\io\netty\netty-codec-http\4.1.84.Final\netty-codec-http-4.1.84.Final.jar;C:\Users\HP\.m2\repository\io\netty\netty-codec\4.1.84.Final\netty-codec-4.1.84.Final.jar;C:\Users\HP\.m2\repository\io\netty\netty-handler\4.1.84.Final\netty-handler-4.1.84.Final.jar;C:\Users\HP\.m2\repository\io\netty\netty-common\4.1.84.Final\netty-common-4.1.84.Final.jar;C:\Users\HP\.m2\repository\io\netty\netty-transport-classes-epoll\4.1.84.Final\netty-transport-classes-epoll-4.1.84.Final.jar;C:\Users\HP\.m2\repository\io\netty\netty-transport-classes-kqueue\4.1.84.Final\netty-transport-classes-kqueue-4.1.84.Final.jar;C:\Users\HP\.m2\repository\io\netty\netty-transport-native-epoll\4.1.84.Final\netty-transport-native-epoll-4.1.84.Final.jar;C:\Users\HP\.m2\repository\io\netty\netty-transport-native-kqueue\4.1.84.Final\netty-transport-native-kqueue-4.1.84.Final.jar;C:\Users\HP\.m2\repository\io\netty\netty-transport-native-unix-common\4.1.84.Final\netty-transport-native-unix-common-4.1.84.Final.jar;C:\Users\HP\.m2\repository\io\netty\netty-transport\4.1.84.Final\netty-transport-4.1.84.Final.jar;C:\Users\HP\.m2\repository\io\netty\netty-resolver\4.1.84.Final\netty-resolver-4.1.84.Final.jar;C:\Users\HP\.m2\repository\io\opentelemetry\opentelemetry-api\1.19.0\opentelemetry-api-1.19.0.jar;C:\Users\HP\.m2\repository\io\opentelemetry\opentelemetry-context\1.19.0\opentelemetry-context-1.19.0.jar;C:\Users\HP\.m2\repository\io\opentelemetry\opentelemetry-exporter-logging\1.19.0\opentelemetry-exporter-logging-1.19.0.jar;C:\Users\HP\.m2\repository\io\opentelemetry\opentelemetry-sdk-metrics\1.19.0\opentelemetry-sdk-metrics-1.19.0.jar;C:\Users\HP\.m2\repository\io\opentelemetry\opentelemetry-sdk-logs\1.19.0-alpha\opentelemetry-sdk-logs-1.19.0-alpha.jar;C:\Users\HP\.m2\repository\io\opentelemetry\opentelemetry-api-logs\1.19.0-alpha\opentelemetry-api-logs-1.19.0-alpha.jar;C:\Users\HP\.m2\repository\io\opentelemetry\opentelemetry-sdk-common\1.19.0\opentelemetry-sdk-common-1.19.0.jar;C:\Users\HP\.m2\repository\io\opentelemetry\opentelemetry-sdk-extension-autoconfigure-spi\1.19.0\opentelemetry-sdk-extension-autoconfigure-spi-1.19.0.jar;C:\Users\HP\.m2\repository\io\opentelemetry\opentelemetry-sdk-extension-autoconfigure\1.19.0-alpha\opentelemetry-sdk-extension-autoconfigure-1.19.0-alpha.jar;C:\Users\HP\.m2\repository\io\opentelemetry\opentelemetry-exporter-common\1.19.0\opentelemetry-exporter-common-1.19.0.jar;C:\Users\HP\.m2\repository\io\opentelemetry\opentelemetry-sdk-trace\1.19.0\opentelemetry-sdk-trace-1.19.0.jar;C:\Users\HP\.m2\repository\io\opentelemetry\opentelemetry-sdk\1.19.0\opentelemetry-sdk-1.19.0.jar;C:\Users\HP\.m2\repository\io\opentelemetry\opentelemetry-semconv\1.19.0-alpha\opentelemetry-semconv-1.19.0-alpha.jar;C:\Users\HP\.m2\repository\io\ous\jtoml\2.0.0\jtoml-2.0.0.jar;C:\Users\HP\.m2\repository\org\apache\commons\commons-exec\1.3\commons-exec-1.3.jar;C:\Users\HP\.m2\repository\org\asynchttpclient\async-http-client\2.12.3\async-http-client-2.12.3.jar;C:\Users\HP\.m2\repository\org\asynchttpclient\async-http-client-netty-utils\2.12.3\async-http-client-netty-utils-2.12.3.jar;C:\Users\HP\.m2\repository\io\netty\netty-codec-socks\4.1.60.Final\netty-codec-socks-4.1.60.Final.jar;C:\Users\HP\.m2\repository\io\netty\netty-handler-proxy\4.1.60.Final\netty-handler-proxy-4.1.60.Final.jar;C:\Users\HP\.m2\repository\io\netty\netty-transport-native-epoll\4.1.60.Final\netty-transport-native-epoll-4.1.60.Final-linux-x86_64.jar;C:\Users\HP\.m2\repository\io\netty\netty-transport-native-kqueue\4.1.60.Final\netty-transport-native-kqueue-4.1.60.Final-osx-x86_64.jar;C:\Users\HP\.m2\repository\org\reactivestreams\reactive-streams\1.0.3\reactive-streams-1.0.3.jar;C:\Users\HP\.m2\repository\com\typesafe\netty\netty-reactive-streams\2.0.4\netty-reactive-streams-2.0.4.jar;C:\Users\HP\.m2\repository\org\seleniumhq\selenium\selenium-manager\4.7.1\selenium-manager-4.7.1.jar;C:\Users\HP\.m2\repository\org\seleniumhq\selenium\selenium-safari-driver\4.7.1\selenium-safari-driver-4.7.1.jar;C:\Users\HP\.m2\repository\org\seleniumhq\selenium\selenium-api\4.7.1\selenium-api-4.7.1.jar;C:\Users\HP\.m2\repository\org\seleniumhq\selenium\selenium-support\4.7.1\selenium-support-4.7.1.jar;C:\Users\HP\.m2\repository\com\google\auto\service\auto-service-annotations\1.0.1\auto-service-annotations-1.0.1.jar;C:\Users\HP\.m2\repository\com\google\auto\service\auto-service\1.0.1\auto-service-1.0.1.jar;C:\Users\HP\.m2\repository\com\google\auto\auto-common\1.2\auto-common-1.2.jar;C:\Users\HP\.m2\repository\org\seleniumhq\selenium\selenium-json\4.7.1\selenium-json-4.7.1.jar;C:\Users\HP\.m2\repository\org\seleniumhq\selenium\selenium-chrome-driver\4.7.1\selenium-chrome-driver-4.7.1.jar;C:\Users\HP\.m2\repository\org\seleniumhq\selenium\selenium-chromium-driver\4.7.1\selenium-chromium-driver-4.7.1.jar;C:\Users\HP\.m2\repository\org\seleniumhq\selenium\selenium-firefox-driver\4.7.1\selenium-firefox-driver-4.7.1.jar;C:\Users\HP\.m2\repository\org\seleniumhq\selenium\selenium-http\4.7.1\selenium-http-4.7.1.jar;C:\Users\HP\.m2\repository\dev\failsafe\failsafe\3.3.0\failsafe-3.3.0.jar;C:\Users\HP\.m2\repository\org\seleniumhq\selenium\selenium-edge-driver\4.7.1\selenium-edge-driver-4.7.1.jar;C:\Users\HP\.m2\repository\org\seleniumhq\selenium\selenium-ie-driver\4.7.1\selenium-ie-driver-4.7.1.jar;C:\Users\HP\.m2\repository\org\projectlombok\lombok\1.18.20\lombok-1.18.20.jar;C:\Users\HP\.m2\repository\io\appium\java-client\8.3.0\java-client-8.3.0.jar;C:\Users\HP\.m2\repository\commons-validator\commons-validator\1.7\commons-validator-1.7.jar;C:\Users\HP\.m2\repository\commons-digester\commons-digester\2.1\commons-digester-2.1.jar;C:\Users\HP\.m2\repository\org\apache\groovy\groovy\4.0.6\groovy-4.0.6.jar;C:\Users\HP\.m2\repository\net\sf\opencsv\opencsv\2.0\opencsv-2.0.jar;C:\Users\HP\.m2\repository\commons-beanutils\commons-beanutils\1.9.4\commons-beanutils-1.9.4.jar;C:\Users\HP\.m2\repository\org\apache\commons\commons-lang3\3.12.0\commons-lang3-3.12.0.jar;C:\Users\HP\.m2\repository\commons-collections\commons-collections\3.2.2\commons-collections-3.2.2.jar;C:\Users\HP\.m2\repository\org\fluentlenium\fluentlenium-core\0.10.2\fluentlenium-core-0.10.2.jar;C:\Users\HP\.m2\repository\io\github\bonigarcia\webdrivermanager\5.3.0\webdrivermanager-5.3.0.jar;C:\Users\HP\.m2\repository\com\github\docker-java\docker-java\3.2.13\docker-java-3.2.13.jar;C:\Users\HP\.m2\repository\com\github\docker-java\docker-java-core\3.2.13\docker-java-core-3.2.13.jar;C:\Users\HP\.m2\repository\com\github\docker-java\docker-java-api\3.2.13\docker-java-api-3.2.13.jar;C:\Users\HP\.m2\repository\org\apache\commons\commons-compress\1.21\commons-compress-1.21.jar;C:\Users\HP\.m2\repository\org\bouncycastle\bcpkix-jdk15on\1.64\bcpkix-jdk15on-1.64.jar;C:\Users\HP\.m2\repository\org\bouncycastle\bcprov-jdk15on\1.64\bcprov-jdk15on-1.64.jar;C:\Users\HP\.m2\repository\org\slf4j\jcl-over-slf4j\1.7.30\jcl-over-slf4j-1.7.30.jar;C:\Users\HP\.m2\repository\com\github\docker-java\docker-java-transport-httpclient5\3.2.13\docker-java-transport-httpclient5-3.2.13.jar;C:\Users\HP\.m2\repository\com\github\docker-java\docker-java-transport\3.2.13\docker-java-transport-3.2.13.jar;C:\Users\HP\.m2\repository\net\java\dev\jna\jna\5.8.0\jna-5.8.0.jar;C:\Users\HP\.m2\repository\org\brotli\dec\0.1.2\dec-0.1.2.jar;C:\Users\HP\.m2\repository\org\apache\httpcomponents\client5\httpclient5\5.1.3\httpclient5-5.1.3.jar;C:\Users\HP\.m2\repository\org\apache\httpcomponents\core5\httpcore5\5.1.3\httpcore5-5.1.3.jar;C:\Users\HP\.m2\repository\org\apache\httpcomponents\core5\httpcore5-h2\5.1.3\httpcore5-h2-5.1.3.jar;C:\Users\HP\.m2\repository\com\jhlabs\filters\2.0.235\filters-2.0.235.jar;C:\Users\HP\.m2\repository\com\paulhammant\ngwebdriver\1.1.6\ngwebdriver-1.1.6.jar;C:\Users\HP\.m2\repository\joda-time\joda-time\2.8.2\joda-time-2.8.2.jar;C:\Users\HP\.m2\repository\org\hamcrest\hamcrest\2.2\hamcrest-2.2.jar;C:\Users\HP\.m2\repository\com\google\jimfs\jimfs\1.2\jimfs-1.2.jar;C:\Users\HP\.m2\repository\org\mockito\mockito-core\3.3.3\mockito-core-3.3.3.jar;C:\Users\HP\.m2\repository\javax\xml\bind\jaxb-api\2.3.1\jaxb-api-2.3.1.jar;C:\Users\HP\.m2\repository\javax\activation\javax.activation-api\1.2.0\javax.activation-api-1.2.0.jar;C:\Users\HP\.m2\repository\com\sun\xml\bind\jaxb-core\2.3.0.1\jaxb-core-2.3.0.1.jar;C:\Users\HP\.m2\repository\com\sun\xml\bind\jaxb-impl\2.3.3\jaxb-impl-2.3.3.jar;C:\Users\HP\.m2\repository\jakarta\xml\bind\jakarta.xml.bind-api\2.3.3\jakarta.xml.bind-api-2.3.3.jar;C:\Users\HP\.m2\repository\com\sun\activation\jakarta.activation\1.2.2\jakarta.activation-1.2.2.jar;C:\Users\HP\.m2\repository\javax\activation\activation\1.1.1\activation-1.1.1.jar;C:\Users\HP\.m2\repository\net\serenity-bdd\serenity-cucumber\3.5.1\serenity-cucumber-3.5.1.jar;C:\Users\HP\.m2\repository\io\cucumber\cucumber-core\7.8.1\cucumber-core-7.8.1.jar;C:\Users\HP\.m2\repository\io\cucumber\cucumber-gherkin\7.8.1\cucumber-gherkin-7.8.1.jar;C:\Users\HP\.m2\repository\io\cucumber\cucumber-gherkin-messages\7.8.1\cucumber-gherkin-messages-7.8.1.jar;C:\Users\HP\.m2\repository\io\cucumber\gherkin\24.0.0\gherkin-24.0.0.jar;C:\Users\HP\.m2\repository\io\cucumber\messages\19.1.4\messages-19.1.4.jar;C:\Users\HP\.m2\repository\io\cucumber\tag-expressions\4.1.0\tag-expressions-4.1.0.jar;C:\Users\HP\.m2\repository\io\cucumber\cucumber-expressions\16.0.0\cucumber-expressions-16.0.0.jar;C:\Users\HP\.m2\repository\io\cucumber\datatable\7.8.1\datatable-7.8.1.jar;C:\Users\HP\.m2\repository\io\cucumber\cucumber-plugin\7.8.1\cucumber-plugin-7.8.1.jar;C:\Users\HP\.m2\repository\io\cucumber\docstring\7.8.1\docstring-7.8.1.jar;C:\Users\HP\.m2\repository\io\cucumber\html-formatter\20.1.0\html-formatter-20.1.0.jar;C:\Users\HP\.m2\repository\io\cucumber\ci-environment\9.1.0\ci-environment-9.1.0.jar;C:\Users\HP\.m2\repository\io\cucumber\cucumber-java\7.8.1\cucumber-java-7.8.1.jar;C:\Users\HP\.m2\repository\io\cucumber\cucumber-junit\7.8.1\cucumber-junit-7.8.1.jar;C:\Users\HP\.m2\repository\org\apache\commons\commons-csv\1.5\commons-csv-1.5.jar;C:\Users\HP\.m2\repository\net\serenity-bdd\serenity-screenplay\3.5.1\serenity-screenplay-3.5.1.jar;C:\Users\HP\.m2\repository\net\serenity-bdd\serenity-screenplay-webdriver\3.5.1\serenity-screenplay-webdriver-3.5.1.jar;C:\Users\HP\.m2\repository\net\serenity-bdd\serenity-ensure\3.5.1\serenity-ensure-3.5.1.jar;C:\Users\HP\.m2\repository\net\serenity-bdd\serenity-junit\3.5.1\serenity-junit-3.5.1.jar;C:\Users\HP\.m2\repository\org\jetbrains\kotlin\kotlin-stdlib\1.7.21\kotlin-stdlib-1.7.21.jar;C:\Users\HP\.m2\repository\org\jetbrains\kotlin\kotlin-stdlib-common\1.7.21\kotlin-stdlib-common-1.7.21.jar;C:\Users\HP\.m2\repository\org\jetbrains\annotations\13.0\annotations-13.0.jar;C:\Users\HP\.m2\repository\org\junit\platform\junit-platform-launcher\1.8.2\junit-platform-launcher-1.8.2.jar;C:\Users\HP\.m2\repository\org\junit\platform\junit-platform-engine\1.8.2\junit-platform-engine-1.8.2.jar;C:\Users\HP\.m2\repository\org\opentest4j\opentest4j\1.2.0\opentest4j-1.2.0.jar;C:\Users\HP\.m2\repository\org\junit\platform\junit-platform-commons\1.8.2\junit-platform-commons-1.8.2.jar;C:\Users\HP\.m2\repository\org\apiguardian\apiguardian-api\1.1.2\apiguardian-api-1.1.2.jar;C:\Users\HP\.m2\repository\org\junit\jupiter\junit-jupiter-engine\5.8.2\junit-jupiter-engine-5.8.2.jar;C:\Users\HP\.m2\repository\org\junit\jupiter\junit-jupiter-api\5.8.2\junit-jupiter-api-5.8.2.jar;C:\Users\HP\.m2\repository\org\junit\vintage\junit-vintage-engine\5.8.2\junit-vintage-engine-5.8.2.jar;C:\Users\HP\.m2\repository\junit\junit\4.13.2\junit-4.13.2.jar;C:\Users\HP\.m2\repository\org\hamcrest\hamcrest-core\1.3\hamcrest-core-1.3.jar;C:\Users\HP\.m2\repository\ch\qos\logback\logback-classic\1.2.10\logback-classic-1.2.10.jar;C:\Users\HP\.m2\repository\ch\qos\logback\logback-core\1.2.10\logback-core-1.2.10.jar;C:\Users\HP\.m2\repository\org\slf4j\slf4j-api\1.7.32\slf4j-api-1.7.32.jar;C:\Users\HP\.m2\repository\org\assertj\assertj-core\3.23.1\assertj-core-3.23.1.jar;C:\Users\HP\.m2\repository\net\bytebuddy\byte-buddy\1.12.10\byte-buddy-1.12.10.jar;"/>
    <property name="java.vm.vendor" value="Oracle Corporation"/>
    <property name="sun.arch.data.model" value="64"/>
    <property name="user.variant" value=""/>
    <property name="java.vendor.url" value="https://java.oracle.com/"/>
    <property name="user.timezone" value="Asia/Jakarta"/>
    <property name="log4j2.formatMsgNoLookups" value="true"/>
    <property name="os.name" value="Windows 11"/>
    <property name="java.vm.specification.version" value="19"/>
    <property name="sun.java.launcher" value="SUN_STANDARD"/>
    <property name="user.country" value="ID"/>
    <property name="sun.boot.library.path" value="C:\Program Files\Java\jdk-19\bin"/>
    <property name="sun.java.command" value="org.apache.maven.surefire.booter.ForkedBooter C:\Users\HP\AppData\Local\Temp\surefire8533382125988432810 2023-06-24T22-20-13_725-jvmRun1 surefire14373380887099660294tmp surefire_09919710522364499475tmp"/>
    <property name="jdk.debug" value="release"/>
    <property name="surefire.test.class.path" value="C:\Dev\CapstoneProjectBaru\SKUYPAY WEB AUTOMATION\target\test-classes;C:\Users\HP\.m2\repository\net\serenity-bdd\serenity-core\3.5.1\serenity-core-3.5.1.jar;C:\Users\HP\.m2\repository\net\serenity-bdd\serenity-model\3.5.1\serenity-model-3.5.1.jar;C:\Users\HP\.m2\repository\org\apache\commons\commons-text\1.10.0\commons-text-1.10.0.jar;C:\Users\HP\.m2\repository\commons-net\commons-net\3.8.0\commons-net-3.8.0.jar;C:\Users\HP\.m2\repository\com\google\guava\guava\31.1-jre\guava-31.1-jre.jar;C:\Users\HP\.m2\repository\com\google\guava\failureaccess\1.0.1\failureaccess-1.0.1.jar;C:\Users\HP\.m2\repository\com\google\guava\listenablefuture\9999.0-empty-to-avoid-conflict-with-guava\listenablefuture-9999.0-empty-to-avoid-conflict-with-guava.jar;C:\Users\HP\.m2\repository\com\google\code\findbugs\jsr305\3.0.2\jsr305-3.0.2.jar;C:\Users\HP\.m2\repository\org\checkerframework\checker-qual\3.12.0\checker-qual-3.12.0.jar;C:\Users\HP\.m2\repository\com\google\errorprone\error_prone_annotations\2.11.0\error_prone_annotations-2.11.0.jar;C:\Users\HP\.m2\repository\com\google\j2objc\j2objc-annotations\1.3\j2objc-annotations-1.3.jar;C:\Users\HP\.m2\repository\com\google\inject\guice\5.1.0\guice-5.1.0.jar;C:\Users\HP\.m2\repository\javax\inject\javax.inject\1\javax.inject-1.jar;C:\Users\HP\.m2\repository\aopalliance\aopalliance\1.0\aopalliance-1.0.jar;C:\Users\HP\.m2\repository\org\jsoup\jsoup\1.14.3\jsoup-1.14.3.jar;C:\Users\HP\.m2\repository\com\thoughtworks\xstream\xstream\1.4.19\xstream-1.4.19.jar;C:\Users\HP\.m2\repository\io\github\x-stream\mxparser\1.2.2\mxparser-1.2.2.jar;C:\Users\HP\.m2\repository\xmlpull\xmlpull\1.1.3.1\xmlpull-1.1.3.1.jar;C:\Users\HP\.m2\repository\com\typesafe\config\1.4.2\config-1.4.2.jar;C:\Users\HP\.m2\repository\org\imgscalr\imgscalr-lib\4.2\imgscalr-lib-4.2.jar;C:\Users\HP\.m2\repository\org\awaitility\awaitility\4.2.0\awaitility-4.2.0.jar;C:\Users\HP\.m2\repository\org\freemarker\freemarker\2.3.31\freemarker-2.3.31.jar;C:\Users\HP\.m2\repository\io\github\classgraph\classgraph\4.8.138\classgraph-4.8.138.jar;C:\Users\HP\.m2\repository\net\sourceforge\jexcelapi\jxl\2.6.12\jxl-2.6.12.jar;C:\Users\HP\.m2\repository\net\bytebuddy\byte-buddy-agent\1.12.18\byte-buddy-agent-1.12.18.jar;C:\Users\HP\.m2\repository\org\objenesis\objenesis\3.1\objenesis-3.1.jar;C:\Users\HP\.m2\repository\net\serenity-bdd\serenity-reports\3.5.1\serenity-reports-3.5.1.jar;C:\Users\HP\.m2\repository\net\serenity-bdd\serenity-stats\3.5.1\serenity-stats-3.5.1.jar;C:\Users\HP\.m2\repository\net\serenity-bdd\serenity-reports-configuration\3.5.1\serenity-reports-configuration-3.5.1.jar;C:\Users\HP\.m2\repository\com\vladsch\flexmark\flexmark-all\0.34.30\flexmark-all-0.34.30.jar;C:\Users\HP\.m2\repository\com\vladsch\flexmark\flexmark\0.34.30\flexmark-0.34.30.jar;C:\Users\HP\.m2\repository\com\vladsch\flexmark\flexmark-ext-abbreviation\0.34.30\flexmark-ext-abbreviation-0.34.30.jar;C:\Users\HP\.m2\repository\com\vladsch\flexmark\flexmark-ext-admonition\0.34.30\flexmark-ext-admonition-0.34.30.jar;C:\Users\HP\.m2\repository\com\vladsch\flexmark\flexmark-ext-anchorlink\0.34.30\flexmark-ext-anchorlink-0.34.30.jar;C:\Users\HP\.m2\repository\com\vladsch\flexmark\flexmark-ext-aside\0.34.30\flexmark-ext-aside-0.34.30.jar;C:\Users\HP\.m2\repository\com\vladsch\flexmark\flexmark-ext-attributes\0.34.30\flexmark-ext-attributes-0.34.30.jar;C:\Users\HP\.m2\repository\com\vladsch\flexmark\flexmark-ext-autolink\0.34.30\flexmark-ext-autolink-0.34.30.jar;C:\Users\HP\.m2\repository\org\nibor\autolink\autolink\0.6.0\autolink-0.6.0.jar;C:\Users\HP\.m2\repository\com\vladsch\flexmark\flexmark-ext-definition\0.34.30\flexmark-ext-definition-0.34.30.jar;C:\Users\HP\.m2\repository\com\vladsch\flexmark\flexmark-ext-emoji\0.34.30\flexmark-ext-emoji-0.34.30.jar;C:\Users\HP\.m2\repository\com\vladsch\flexmark\flexmark-ext-enumerated-reference\0.34.30\flexmark-ext-enumerated-reference-0.34.30.jar;C:\Users\HP\.m2\repository\com\vladsch\flexmark\flexmark-ext-escaped-character\0.34.30\flexmark-ext-escaped-character-0.34.30.jar;C:\Users\HP\.m2\repository\com\vladsch\flexmark\flexmark-ext-footnotes\0.34.30\flexmark-ext-footnotes-0.34.30.jar;C:\Users\HP\.m2\repository\com\vladsch\flexmark\flexmark-ext-gfm-issues\0.34.30\flexmark-ext-gfm-issues-0.34.30.jar;C:\Users\HP\.m2\repository\com\vladsch\flexmark\flexmark-ext-gfm-strikethrough\0.34.30\flexmark-ext-gfm-strikethrough-0.34.30.jar;C:\Users\HP\.m2\repository\com\vladsch\flexmark\flexmark-ext-gfm-tables\0.34.30\flexmark-ext-gfm-tables-0.34.30.jar;C:\Users\HP\.m2\repository\com\vladsch\flexmark\flexmark-ext-gfm-tasklist\0.34.30\flexmark-ext-gfm-tasklist-0.34.30.jar;C:\Users\HP\.m2\repository\com\vladsch\flexmark\flexmark-ext-gfm-users\0.34.30\flexmark-ext-gfm-users-0.34.30.jar;C:\Users\HP\.m2\repository\com\vladsch\flexmark\flexmark-ext-gitlab\0.34.30\flexmark-ext-gitlab-0.34.30.jar;C:\Users\HP\.m2\repository\com\vladsch\flexmark\flexmark-ext-jekyll-front-matter\0.34.30\flexmark-ext-jekyll-front-matter-0.34.30.jar;C:\Users\HP\.m2\repository\com\vladsch\flexmark\flexmark-ext-jekyll-tag\0.34.30\flexmark-ext-jekyll-tag-0.34.30.jar;C:\Users\HP\.m2\repository\com\vladsch\flexmark\flexmark-ext-media-tags\0.34.30\flexmark-ext-media-tags-0.34.30.jar;C:\Users\HP\.m2\repository\com\vladsch\flexmark\flexmark-test-util\0.34.30\flexmark-test-util-0.34.30.jar;C:\Users\HP\.m2\repository\com\vladsch\flexmark\flexmark-ext-ins\0.34.30\flexmark-ext-ins-0.34.30.jar;C:\Users\HP\.m2\repository\com\vladsch\flexmark\flexmark-ext-xwiki-macros\0.34.30\flexmark-ext-xwiki-macros-0.34.30.jar;C:\Users\HP\.m2\repository\com\vladsch\flexmark\flexmark-ext-superscript\0.34.30\flexmark-ext-superscript-0.34.30.jar;C:\Users\HP\.m2\repository\com\vladsch\flexmark\flexmark-ext-tables\0.34.30\flexmark-ext-tables-0.34.30.jar;C:\Users\HP\.m2\repository\com\vladsch\flexmark\flexmark-ext-toc\0.34.30\flexmark-ext-toc-0.34.30.jar;C:\Users\HP\.m2\repository\com\vladsch\flexmark\flexmark-ext-typographic\0.34.30\flexmark-ext-typographic-0.34.30.jar;C:\Users\HP\.m2\repository\com\vladsch\flexmark\flexmark-ext-wikilink\0.34.30\flexmark-ext-wikilink-0.34.30.jar;C:\Users\HP\.m2\repository\com\vladsch\flexmark\flexmark-ext-yaml-front-matter\0.34.30\flexmark-ext-yaml-front-matter-0.34.30.jar;C:\Users\HP\.m2\repository\com\vladsch\flexmark\flexmark-ext-youtube-embedded\0.34.30\flexmark-ext-youtube-embedded-0.34.30.jar;C:\Users\HP\.m2\repository\com\vladsch\flexmark\flexmark-formatter\0.34.30\flexmark-formatter-0.34.30.jar;C:\Users\HP\.m2\repository\com\vladsch\flexmark\flexmark-html-parser\0.34.30\flexmark-html-parser-0.34.30.jar;C:\Users\HP\.m2\repository\com\vladsch\flexmark\flexmark-jira-converter\0.34.30\flexmark-jira-converter-0.34.30.jar;C:\Users\HP\.m2\repository\com\vladsch\flexmark\flexmark-pdf-converter\0.34.30\flexmark-pdf-converter-0.34.30.jar;C:\Users\HP\.m2\repository\com\openhtmltopdf\openhtmltopdf-core\0.0.1-RC13\openhtmltopdf-core-0.0.1-RC13.jar;C:\Users\HP\.m2\repository\com\openhtmltopdf\openhtmltopdf-pdfbox\0.0.1-RC13\openhtmltopdf-pdfbox-0.0.1-RC13.jar;C:\Users\HP\.m2\repository\org\apache\pdfbox\pdfbox\2.0.8\pdfbox-2.0.8.jar;C:\Users\HP\.m2\repository\org\apache\pdfbox\fontbox\2.0.8\fontbox-2.0.8.jar;C:\Users\HP\.m2\repository\org\apache\pdfbox\xmpbox\2.0.8\xmpbox-2.0.8.jar;C:\Users\HP\.m2\repository\de\rototor\pdfbox\graphics2d\0.12\graphics2d-0.12.jar;C:\Users\HP\.m2\repository\com\openhtmltopdf\openhtmltopdf-rtl-support\0.0.1-RC13\openhtmltopdf-rtl-support-0.0.1-RC13.jar;C:\Users\HP\.m2\repository\com\ibm\icu\icu4j\59.1\icu4j-59.1.jar;C:\Users\HP\.m2\repository\com\openhtmltopdf\openhtmltopdf-jsoup-dom-converter\0.0.1-RC13\openhtmltopdf-jsoup-dom-converter-0.0.1-RC13.jar;C:\Users\HP\.m2\repository\com\vladsch\flexmark\flexmark-profile-pegdown\0.34.30\flexmark-profile-pegdown-0.34.30.jar;C:\Users\HP\.m2\repository\com\vladsch\flexmark\flexmark-util\0.34.30\flexmark-util-0.34.30.jar;C:\Users\HP\.m2\repository\com\vladsch\flexmark\flexmark-youtrack-converter\0.34.30\flexmark-youtrack-converter-0.34.30.jar;C:\Users\HP\.m2\repository\es\nitaur\markdown\txtmark\0.16\txtmark-0.16.jar;C:\Users\HP\.m2\repository\net\serenity-bdd\serenity-report-resources\3.5.1\serenity-report-resources-3.5.1.jar;C:\Users\HP\.m2\repository\com\google\code\gson\gson\2.9.0\gson-2.9.0.jar;C:\Users\HP\.m2\repository\com\fasterxml\jackson\core\jackson-core\2.13.4\jackson-core-2.13.4.jar;C:\Users\HP\.m2\repository\com\fasterxml\jackson\core\jackson-databind\2.13.4\jackson-databind-2.13.4.jar;C:\Users\HP\.m2\repository\com\fasterxml\jackson\core\jackson-annotations\2.13.4\jackson-annotations-2.13.4.jar;C:\Users\HP\.m2\repository\commons-codec\commons-codec\1.15\commons-codec-1.15.jar;C:\Users\HP\.m2\repository\commons-io\commons-io\2.11.0\commons-io-2.11.0.jar;C:\Users\HP\.m2\repository\org\apache\httpcomponents\httpclient\4.5.13\httpclient-4.5.13.jar;C:\Users\HP\.m2\repository\org\apache\httpcomponents\httpcore\4.4.13\httpcore-4.4.13.jar;C:\Users\HP\.m2\repository\commons-logging\commons-logging\1.2\commons-logging-1.2.jar;C:\Users\HP\.m2\repository\org\seleniumhq\selenium\selenium-java\4.7.1\selenium-java-4.7.1.jar;C:\Users\HP\.m2\repository\org\seleniumhq\selenium\selenium-devtools-v106\4.7.1\selenium-devtools-v106-4.7.1.jar;C:\Users\HP\.m2\repository\org\seleniumhq\selenium\selenium-devtools-v107\4.7.1\selenium-devtools-v107-4.7.1.jar;C:\Users\HP\.m2\repository\org\seleniumhq\selenium\selenium-devtools-v108\4.7.1\selenium-devtools-v108-4.7.1.jar;C:\Users\HP\.m2\repository\org\seleniumhq\selenium\selenium-devtools-v85\4.7.1\selenium-devtools-v85-4.7.1.jar;C:\Users\HP\.m2\repository\org\seleniumhq\selenium\selenium-remote-driver\4.7.1\selenium-remote-driver-4.7.1.jar;C:\Users\HP\.m2\repository\com\beust\jcommander\1.82\jcommander-1.82.jar;C:\Users\HP\.m2\repository\io\netty\netty-buffer\4.1.84.Final\netty-buffer-4.1.84.Final.jar;C:\Users\HP\.m2\repository\io\netty\netty-codec-http\4.1.84.Final\netty-codec-http-4.1.84.Final.jar;C:\Users\HP\.m2\repository\io\netty\netty-codec\4.1.84.Final\netty-codec-4.1.84.Final.jar;C:\Users\HP\.m2\repository\io\netty\netty-handler\4.1.84.Final\netty-handler-4.1.84.Final.jar;C:\Users\HP\.m2\repository\io\netty\netty-common\4.1.84.Final\netty-common-4.1.84.Final.jar;C:\Users\HP\.m2\repository\io\netty\netty-transport-classes-epoll\4.1.84.Final\netty-transport-classes-epoll-4.1.84.Final.jar;C:\Users\HP\.m2\repository\io\netty\netty-transport-classes-kqueue\4.1.84.Final\netty-transport-classes-kqueue-4.1.84.Final.jar;C:\Users\HP\.m2\repository\io\netty\netty-transport-native-epoll\4.1.84.Final\netty-transport-native-epoll-4.1.84.Final.jar;C:\Users\HP\.m2\repository\io\netty\netty-transport-native-kqueue\4.1.84.Final\netty-transport-native-kqueue-4.1.84.Final.jar;C:\Users\HP\.m2\repository\io\netty\netty-transport-native-unix-common\4.1.84.Final\netty-transport-native-unix-common-4.1.84.Final.jar;C:\Users\HP\.m2\repository\io\netty\netty-transport\4.1.84.Final\netty-transport-4.1.84.Final.jar;C:\Users\HP\.m2\repository\io\netty\netty-resolver\4.1.84.Final\netty-resolver-4.1.84.Final.jar;C:\Users\HP\.m2\repository\io\opentelemetry\opentelemetry-api\1.19.0\opentelemetry-api-1.19.0.jar;C:\Users\HP\.m2\repository\io\opentelemetry\opentelemetry-context\1.19.0\opentelemetry-context-1.19.0.jar;C:\Users\HP\.m2\repository\io\opentelemetry\opentelemetry-exporter-logging\1.19.0\opentelemetry-exporter-logging-1.19.0.jar;C:\Users\HP\.m2\repository\io\opentelemetry\opentelemetry-sdk-metrics\1.19.0\opentelemetry-sdk-metrics-1.19.0.jar;C:\Users\HP\.m2\repository\io\opentelemetry\opentelemetry-sdk-logs\1.19.0-alpha\opentelemetry-sdk-logs-1.19.0-alpha.jar;C:\Users\HP\.m2\repository\io\opentelemetry\opentelemetry-api-logs\1.19.0-alpha\opentelemetry-api-logs-1.19.0-alpha.jar;C:\Users\HP\.m2\repository\io\opentelemetry\opentelemetry-sdk-common\1.19.0\opentelemetry-sdk-common-1.19.0.jar;C:\Users\HP\.m2\repository\io\opentelemetry\opentelemetry-sdk-extension-autoconfigure-spi\1.19.0\opentelemetry-sdk-extension-autoconfigure-spi-1.19.0.jar;C:\Users\HP\.m2\repository\io\opentelemetry\opentelemetry-sdk-extension-autoconfigure\1.19.0-alpha\opentelemetry-sdk-extension-autoconfigure-1.19.0-alpha.jar;C:\Users\HP\.m2\repository\io\opentelemetry\opentelemetry-exporter-common\1.19.0\opentelemetry-exporter-common-1.19.0.jar;C:\Users\HP\.m2\repository\io\opentelemetry\opentelemetry-sdk-trace\1.19.0\opentelemetry-sdk-trace-1.19.0.jar;C:\Users\HP\.m2\repository\io\opentelemetry\opentelemetry-sdk\1.19.0\opentelemetry-sdk-1.19.0.jar;C:\Users\HP\.m2\repository\io\opentelemetry\opentelemetry-semconv\1.19.0-alpha\opentelemetry-semconv-1.19.0-alpha.jar;C:\Users\HP\.m2\repository\io\ous\jtoml\2.0.0\jtoml-2.0.0.jar;C:\Users\HP\.m2\repository\org\apache\commons\commons-exec\1.3\commons-exec-1.3.jar;C:\Users\HP\.m2\repository\org\asynchttpclient\async-http-client\2.12.3\async-http-client-2.12.3.jar;C:\Users\HP\.m2\repository\org\asynchttpclient\async-http-client-netty-utils\2.12.3\async-http-client-netty-utils-2.12.3.jar;C:\Users\HP\.m2\repository\io\netty\netty-codec-socks\4.1.60.Final\netty-codec-socks-4.1.60.Final.jar;C:\Users\HP\.m2\repository\io\netty\netty-handler-proxy\4.1.60.Final\netty-handler-proxy-4.1.60.Final.jar;C:\Users\HP\.m2\repository\io\netty\netty-transport-native-epoll\4.1.60.Final\netty-transport-native-epoll-4.1.60.Final-linux-x86_64.jar;C:\Users\HP\.m2\repository\io\netty\netty-transport-native-kqueue\4.1.60.Final\netty-transport-native-kqueue-4.1.60.Final-osx-x86_64.jar;C:\Users\HP\.m2\repository\org\reactivestreams\reactive-streams\1.0.3\reactive-streams-1.0.3.jar;C:\Users\HP\.m2\repository\com\typesafe\netty\netty-reactive-streams\2.0.4\netty-reactive-streams-2.0.4.jar;C:\Users\HP\.m2\repository\org\seleniumhq\selenium\selenium-manager\4.7.1\selenium-manager-4.7.1.jar;C:\Users\HP\.m2\repository\org\seleniumhq\selenium\selenium-safari-driver\4.7.1\selenium-safari-driver-4.7.1.jar;C:\Users\HP\.m2\repository\org\seleniumhq\selenium\selenium-api\4.7.1\selenium-api-4.7.1.jar;C:\Users\HP\.m2\repository\org\seleniumhq\selenium\selenium-support\4.7.1\selenium-support-4.7.1.jar;C:\Users\HP\.m2\repository\com\google\auto\service\auto-service-annotations\1.0.1\auto-service-annotations-1.0.1.jar;C:\Users\HP\.m2\repository\com\google\auto\service\auto-service\1.0.1\auto-service-1.0.1.jar;C:\Users\HP\.m2\repository\com\google\auto\auto-common\1.2\auto-common-1.2.jar;C:\Users\HP\.m2\repository\org\seleniumhq\selenium\selenium-json\4.7.1\selenium-json-4.7.1.jar;C:\Users\HP\.m2\repository\org\seleniumhq\selenium\selenium-chrome-driver\4.7.1\selenium-chrome-driver-4.7.1.jar;C:\Users\HP\.m2\repository\org\seleniumhq\selenium\selenium-chromium-driver\4.7.1\selenium-chromium-driver-4.7.1.jar;C:\Users\HP\.m2\repository\org\seleniumhq\selenium\selenium-firefox-driver\4.7.1\selenium-firefox-driver-4.7.1.jar;C:\Users\HP\.m2\repository\org\seleniumhq\selenium\selenium-http\4.7.1\selenium-http-4.7.1.jar;C:\Users\HP\.m2\repository\dev\failsafe\failsafe\3.3.0\failsafe-3.3.0.jar;C:\Users\HP\.m2\repository\org\seleniumhq\selenium\selenium-edge-driver\4.7.1\selenium-edge-driver-4.7.1.jar;C:\Users\HP\.m2\repository\org\seleniumhq\selenium\selenium-ie-driver\4.7.1\selenium-ie-driver-4.7.1.jar;C:\Users\HP\.m2\repository\org\projectlombok\lombok\1.18.20\lombok-1.18.20.jar;C:\Users\HP\.m2\repository\io\appium\java-client\8.3.0\java-client-8.3.0.jar;C:\Users\HP\.m2\repository\commons-validator\commons-validator\1.7\commons-validator-1.7.jar;C:\Users\HP\.m2\repository\commons-digester\commons-digester\2.1\commons-digester-2.1.jar;C:\Users\HP\.m2\repository\org\apache\groovy\groovy\4.0.6\groovy-4.0.6.jar;C:\Users\HP\.m2\repository\net\sf\opencsv\opencsv\2.0\opencsv-2.0.jar;C:\Users\HP\.m2\repository\commons-beanutils\commons-beanutils\1.9.4\commons-beanutils-1.9.4.jar;C:\Users\HP\.m2\repository\org\apache\commons\commons-lang3\3.12.0\commons-lang3-3.12.0.jar;C:\Users\HP\.m2\repository\commons-collections\commons-collections\3.2.2\commons-collections-3.2.2.jar;C:\Users\HP\.m2\repository\org\fluentlenium\fluentlenium-core\0.10.2\fluentlenium-core-0.10.2.jar;C:\Users\HP\.m2\repository\io\github\bonigarcia\webdrivermanager\5.3.0\webdrivermanager-5.3.0.jar;C:\Users\HP\.m2\repository\com\github\docker-java\docker-java\3.2.13\docker-java-3.2.13.jar;C:\Users\HP\.m2\repository\com\github\docker-java\docker-java-core\3.2.13\docker-java-core-3.2.13.jar;C:\Users\HP\.m2\repository\com\github\docker-java\docker-java-api\3.2.13\docker-java-api-3.2.13.jar;C:\Users\HP\.m2\repository\org\apache\commons\commons-compress\1.21\commons-compress-1.21.jar;C:\Users\HP\.m2\repository\org\bouncycastle\bcpkix-jdk15on\1.64\bcpkix-jdk15on-1.64.jar;C:\Users\HP\.m2\repository\org\bouncycastle\bcprov-jdk15on\1.64\bcprov-jdk15on-1.64.jar;C:\Users\HP\.m2\repository\org\slf4j\jcl-over-slf4j\1.7.30\jcl-over-slf4j-1.7.30.jar;C:\Users\HP\.m2\repository\com\github\docker-java\docker-java-transport-httpclient5\3.2.13\docker-java-transport-httpclient5-3.2.13.jar;C:\Users\HP\.m2\repository\com\github\docker-java\docker-java-transport\3.2.13\docker-java-transport-3.2.13.jar;C:\Users\HP\.m2\repository\net\java\dev\jna\jna\5.8.0\jna-5.8.0.jar;C:\Users\HP\.m2\repository\org\brotli\dec\0.1.2\dec-0.1.2.jar;C:\Users\HP\.m2\repository\org\apache\httpcomponents\client5\httpclient5\5.1.3\httpclient5-5.1.3.jar;C:\Users\HP\.m2\repository\org\apache\httpcomponents\core5\httpcore5\5.1.3\httpcore5-5.1.3.jar;C:\Users\HP\.m2\repository\org\apache\httpcomponents\core5\httpcore5-h2\5.1.3\httpcore5-h2-5.1.3.jar;C:\Users\HP\.m2\repository\com\jhlabs\filters\2.0.235\filters-2.0.235.jar;C:\Users\HP\.m2\repository\com\paulhammant\ngwebdriver\1.1.6\ngwebdriver-1.1.6.jar;C:\Users\HP\.m2\repository\joda-time\joda-time\2.8.2\joda-time-2.8.2.jar;C:\Users\HP\.m2\repository\org\hamcrest\hamcrest\2.2\hamcrest-2.2.jar;C:\Users\HP\.m2\repository\com\google\jimfs\jimfs\1.2\jimfs-1.2.jar;C:\Users\HP\.m2\repository\org\mockito\mockito-core\3.3.3\mockito-core-3.3.3.jar;C:\Users\HP\.m2\repository\javax\xml\bind\jaxb-api\2.3.1\jaxb-api-2.3.1.jar;C:\Users\HP\.m2\repository\javax\activation\javax.activation-api\1.2.0\javax.activation-api-1.2.0.jar;C:\Users\HP\.m2\repository\com\sun\xml\bind\jaxb-core\2.3.0.1\jaxb-core-2.3.0.1.jar;C:\Users\HP\.m2\repository\com\sun\xml\bind\jaxb-impl\2.3.3\jaxb-impl-2.3.3.jar;C:\Users\HP\.m2\repository\jakarta\xml\bind\jakarta.xml.bind-api\2.3.3\jakarta.xml.bind-api-2.3.3.jar;C:\Users\HP\.m2\repository\com\sun\activation\jakarta.activation\1.2.2\jakarta.activation-1.2.2.jar;C:\Users\HP\.m2\repository\javax\activation\activation\1.1.1\activation-1.1.1.jar;C:\Users\HP\.m2\repository\net\serenity-bdd\serenity-cucumber\3.5.1\serenity-cucumber-3.5.1.jar;C:\Users\HP\.m2\repository\io\cucumber\cucumber-core\7.8.1\cucumber-core-7.8.1.jar;C:\Users\HP\.m2\repository\io\cucumber\cucumber-gherkin\7.8.1\cucumber-gherkin-7.8.1.jar;C:\Users\HP\.m2\repository\io\cucumber\cucumber-gherkin-messages\7.8.1\cucumber-gherkin-messages-7.8.1.jar;C:\Users\HP\.m2\repository\io\cucumber\gherkin\24.0.0\gherkin-24.0.0.jar;C:\Users\HP\.m2\repository\io\cucumber\messages\19.1.4\messages-19.1.4.jar;C:\Users\HP\.m2\repository\io\cucumber\tag-expressions\4.1.0\tag-expressions-4.1.0.jar;C:\Users\HP\.m2\repository\io\cucumber\cucumber-expressions\16.0.0\cucumber-expressions-16.0.0.jar;C:\Users\HP\.m2\repository\io\cucumber\datatable\7.8.1\datatable-7.8.1.jar;C:\Users\HP\.m2\repository\io\cucumber\cucumber-plugin\7.8.1\cucumber-plugin-7.8.1.jar;C:\Users\HP\.m2\repository\io\cucumber\docstring\7.8.1\docstring-7.8.1.jar;C:\Users\HP\.m2\repository\io\cucumber\html-formatter\20.1.0\html-formatter-20.1.0.jar;C:\Users\HP\.m2\repository\io\cucumber\ci-environment\9.1.0\ci-environment-9.1.0.jar;C:\Users\HP\.m2\repository\io\cucumber\cucumber-java\7.8.1\cucumber-java-7.8.1.jar;C:\Users\HP\.m2\repository\io\cucumber\cucumber-junit\7.8.1\cucumber-junit-7.8.1.jar;C:\Users\HP\.m2\repository\org\apache\commons\commons-csv\1.5\commons-csv-1.5.jar;C:\Users\HP\.m2\repository\net\serenity-bdd\serenity-screenplay\3.5.1\serenity-screenplay-3.5.1.jar;C:\Users\HP\.m2\repository\net\serenity-bdd\serenity-screenplay-webdriver\3.5.1\serenity-screenplay-webdriver-3.5.1.jar;C:\Users\HP\.m2\repository\net\serenity-bdd\serenity-ensure\3.5.1\serenity-ensure-3.5.1.jar;C:\Users\HP\.m2\repository\net\serenity-bdd\serenity-junit\3.5.1\serenity-junit-3.5.1.jar;C:\Users\HP\.m2\repository\org\jetbrains\kotlin\kotlin-stdlib\1.7.21\kotlin-stdlib-1.7.21.jar;C:\Users\HP\.m2\repository\org\jetbrains\kotlin\kotlin-stdlib-common\1.7.21\kotlin-stdlib-common-1.7.21.jar;C:\Users\HP\.m2\repository\org\jetbrains\annotations\13.0\annotations-13.0.jar;C:\Users\HP\.m2\repository\org\junit\platform\junit-platform-launcher\1.8.2\junit-platform-launcher-1.8.2.jar;C:\Users\HP\.m2\repository\org\junit\platform\junit-platform-engine\1.8.2\junit-platform-engine-1.8.2.jar;C:\Users\HP\.m2\repository\org\opentest4j\opentest4j\1.2.0\opentest4j-1.2.0.jar;C:\Users\HP\.m2\repository\org\junit\platform\junit-platform-commons\1.8.2\junit-platform-commons-1.8.2.jar;C:\Users\HP\.m2\repository\org\apiguardian\apiguardian-api\1.1.2\apiguardian-api-1.1.2.jar;C:\Users\HP\.m2\repository\org\junit\jupiter\junit-jupiter-engine\5.8.2\junit-jupiter-engine-5.8.2.jar;C:\Users\HP\.m2\repository\org\junit\jupiter\junit-jupiter-api\5.8.2\junit-jupiter-api-5.8.2.jar;C:\Users\HP\.m2\repository\org\junit\vintage\junit-vintage-engine\5.8.2\junit-vintage-engine-5.8.2.jar;C:\Users\HP\.m2\repository\junit\junit\4.13.2\junit-4.13.2.jar;C:\Users\HP\.m2\repository\org\hamcrest\hamcrest-core\1.3\hamcrest-core-1.3.jar;C:\Users\HP\.m2\repository\ch\qos\logback\logback-classic\1.2.10\logback-classic-1.2.10.jar;C:\Users\HP\.m2\repository\ch\qos\logback\logback-core\1.2.10\logback-core-1.2.10.jar;C:\Users\HP\.m2\repository\org\slf4j\slf4j-api\1.7.32\slf4j-api-1.7.32.jar;C:\Users\HP\.m2\repository\org\assertj\assertj-core\3.23.1\assertj-core-3.23.1.jar;C:\Users\HP\.m2\repository\net\bytebuddy\byte-buddy\1.12.10\byte-buddy-1.12.10.jar;"/>
    <property name="sun.cpu.endian" value="little"/>
    <property name="user.home" value="C:\Users\HP"/>
    <property name="user.language" value="en"/>
    <property name="java.specification.vendor" value="Oracle Corporation"/>
    <property name="jdk.module.path" value="C:\Dev\CapstoneProjectBaru\SKUYPAY WEB AUTOMATION\target\skuypayweb-1.0-SNAPSHOT.jar"/>
    <property name="java.version.date" value="2023-01-17"/>
    <property name="java.home" value="C:\Program Files\Java\jdk-19"/>
    <property name="file.separator" value="\"/>
    <property name="basedir" value="C:\Dev\CapstoneProjectBaru\SKUYPAY WEB AUTOMATION"/>
    <property name="java.vm.compressedOopsMode" value="32-bit"/>
    <property name="line.separator" value="&#10;"/>
    <property name="java.vm.specification.vendor" value="Oracle Corporation"/>
    <property name="java.specification.name" value="Java Platform API Specification"/>
    <property name="surefire.real.class.path" value="C:\Users\HP\.m2\repository\org\apache\maven\surefire\surefire-booter\3.0.0-M5\surefire-booter-3.0.0-M5.jar;C:\Users\HP\.m2\repository\org\apache\maven\surefire\surefire-api\3.0.0-M5\surefire-api-3.0.0-M5.jar;C:\Users\HP\.m2\repository\org\apache\maven\surefire\surefire-logger-api\3.0.0-M5\surefire-logger-api-3.0.0-M5.jar;C:\Users\HP\.m2\repository\org\apache\maven\surefire\surefire-shared-utils\3.0.0-M4\surefire-shared-utils-3.0.0-M4.jar;C:\Users\HP\.m2\repository\org\apache\maven\surefire\surefire-extensions-spi\3.0.0-M5\surefire-extensions-spi-3.0.0-M5.jar;C:\Dev\CapstoneProjectBaru\SKUYPAY WEB AUTOMATION\target\test-classes;C:\Users\HP\.m2\repository\net\serenity-bdd\serenity-core\3.5.1\serenity-core-3.5.1.jar;C:\Users\HP\.m2\repository\net\serenity-bdd\serenity-model\3.5.1\serenity-model-3.5.1.jar;C:\Users\HP\.m2\repository\org\apache\commons\commons-text\1.10.0\commons-text-1.10.0.jar;C:\Users\HP\.m2\repository\commons-net\commons-net\3.8.0\commons-net-3.8.0.jar;C:\Users\HP\.m2\repository\com\google\guava\guava\31.1-jre\guava-31.1-jre.jar;C:\Users\HP\.m2\repository\com\google\guava\failureaccess\1.0.1\failureaccess-1.0.1.jar;C:\Users\HP\.m2\repository\com\google\guava\listenablefuture\9999.0-empty-to-avoid-conflict-with-guava\listenablefuture-9999.0-empty-to-avoid-conflict-with-guava.jar;C:\Users\HP\.m2\repository\com\google\code\findbugs\jsr305\3.0.2\jsr305-3.0.2.jar;C:\Users\HP\.m2\repository\org\checkerframework\checker-qual\3.12.0\checker-qual-3.12.0.jar;C:\Users\HP\.m2\repository\com\google\errorprone\error_prone_annotations\2.11.0\error_prone_annotations-2.11.0.jar;C:\Users\HP\.m2\repository\com\google\j2objc\j2objc-annotations\1.3\j2objc-annotations-1.3.jar;C:\Users\HP\.m2\repository\com\google\inject\guice\5.1.0\guice-5.1.0.jar;C:\Users\HP\.m2\repository\javax\inject\javax.inject\1\javax.inject-1.jar;C:\Users\HP\.m2\repository\aopalliance\aopalliance\1.0\aopalliance-1.0.jar;C:\Users\HP\.m2\repository\org\jsoup\jsoup\1.14.3\jsoup-1.14.3.jar;C:\Users\HP\.m2\repository\com\thoughtworks\xstream\xstream\1.4.19\xstream-1.4.19.jar;C:\Users\HP\.m2\repository\io\github\x-stream\mxparser\1.2.2\mxparser-1.2.2.jar;C:\Users\HP\.m2\repository\xmlpull\xmlpull\1.1.3.1\xmlpull-1.1.3.1.jar;C:\Users\HP\.m2\repository\com\typesafe\config\1.4.2\config-1.4.2.jar;C:\Users\HP\.m2\repository\org\imgscalr\imgscalr-lib\4.2\imgscalr-lib-4.2.jar;C:\Users\HP\.m2\repository\org\awaitility\awaitility\4.2.0\awaitility-4.2.0.jar;C:\Users\HP\.m2\repository\org\freemarker\freemarker\2.3.31\freemarker-2.3.31.jar;C:\Users\HP\.m2\repository\io\github\classgraph\classgraph\4.8.138\classgraph-4.8.138.jar;C:\Users\HP\.m2\repository\net\sourceforge\jexcelapi\jxl\2.6.12\jxl-2.6.12.jar;C:\Users\HP\.m2\repository\net\bytebuddy\byte-buddy-agent\1.12.18\byte-buddy-agent-1.12.18.jar;C:\Users\HP\.m2\repository\org\objenesis\objenesis\3.1\objenesis-3.1.jar;C:\Users\HP\.m2\repository\net\serenity-bdd\serenity-reports\3.5.1\serenity-reports-3.5.1.jar;C:\Users\HP\.m2\repository\net\serenity-bdd\serenity-stats\3.5.1\serenity-stats-3.5.1.jar;C:\Users\HP\.m2\repository\net\serenity-bdd\serenity-reports-configuration\3.5.1\serenity-reports-configuration-3.5.1.jar;C:\Users\HP\.m2\repository\com\vladsch\flexmark\flexmark-all\0.34.30\flexmark-all-0.34.30.jar;C:\Users\HP\.m2\repository\com\vladsch\flexmark\flexmark\0.34.30\flexmark-0.34.30.jar;C:\Users\HP\.m2\repository\com\vladsch\flexmark\flexmark-ext-abbreviation\0.34.30\flexmark-ext-abbreviation-0.34.30.jar;C:\Users\HP\.m2\repository\com\vladsch\flexmark\flexmark-ext-admonition\0.34.30\flexmark-ext-admonition-0.34.30.jar;C:\Users\HP\.m2\repository\com\vladsch\flexmark\flexmark-ext-anchorlink\0.34.30\flexmark-ext-anchorlink-0.34.30.jar;C:\Users\HP\.m2\repository\com\vladsch\flexmark\flexmark-ext-aside\0.34.30\flexmark-ext-aside-0.34.30.jar;C:\Users\HP\.m2\repository\com\vladsch\flexmark\flexmark-ext-attributes\0.34.30\flexmark-ext-attributes-0.34.30.jar;C:\Users\HP\.m2\repository\com\vladsch\flexmark\flexmark-ext-autolink\0.34.30\flexmark-ext-autolink-0.34.30.jar;C:\Users\HP\.m2\repository\org\nibor\autolink\autolink\0.6.0\autolink-0.6.0.jar;C:\Users\HP\.m2\repository\com\vladsch\flexmark\flexmark-ext-definition\0.34.30\flexmark-ext-definition-0.34.30.jar;C:\Users\HP\.m2\repository\com\vladsch\flexmark\flexmark-ext-emoji\0.34.30\flexmark-ext-emoji-0.34.30.jar;C:\Users\HP\.m2\repository\com\vladsch\flexmark\flexmark-ext-enumerated-reference\0.34.30\flexmark-ext-enumerated-reference-0.34.30.jar;C:\Users\HP\.m2\repository\com\vladsch\flexmark\flexmark-ext-escaped-character\0.34.30\flexmark-ext-escaped-character-0.34.30.jar;C:\Users\HP\.m2\repository\com\vladsch\flexmark\flexmark-ext-footnotes\0.34.30\flexmark-ext-footnotes-0.34.30.jar;C:\Users\HP\.m2\repository\com\vladsch\flexmark\flexmark-ext-gfm-issues\0.34.30\flexmark-ext-gfm-issues-0.34.30.jar;C:\Users\HP\.m2\repository\com\vladsch\flexmark\flexmark-ext-gfm-strikethrough\0.34.30\flexmark-ext-gfm-strikethrough-0.34.30.jar;C:\Users\HP\.m2\repository\com\vladsch\flexmark\flexmark-ext-gfm-tables\0.34.30\flexmark-ext-gfm-tables-0.34.30.jar;C:\Users\HP\.m2\repository\com\vladsch\flexmark\flexmark-ext-gfm-tasklist\0.34.30\flexmark-ext-gfm-tasklist-0.34.30.jar;C:\Users\HP\.m2\repository\com\vladsch\flexmark\flexmark-ext-gfm-users\0.34.30\flexmark-ext-gfm-users-0.34.30.jar;C:\Users\HP\.m2\repository\com\vladsch\flexmark\flexmark-ext-gitlab\0.34.30\flexmark-ext-gitlab-0.34.30.jar;C:\Users\HP\.m2\repository\com\vladsch\flexmark\flexmark-ext-jekyll-front-matter\0.34.30\flexmark-ext-jekyll-front-matter-0.34.30.jar;C:\Users\HP\.m2\repository\com\vladsch\flexmark\flexmark-ext-jekyll-tag\0.34.30\flexmark-ext-jekyll-tag-0.34.30.jar;C:\Users\HP\.m2\repository\com\vladsch\flexmark\flexmark-ext-media-tags\0.34.30\flexmark-ext-media-tags-0.34.30.jar;C:\Users\HP\.m2\repository\com\vladsch\flexmark\flexmark-test-util\0.34.30\flexmark-test-util-0.34.30.jar;C:\Users\HP\.m2\repository\com\vladsch\flexmark\flexmark-ext-ins\0.34.30\flexmark-ext-ins-0.34.30.jar;C:\Users\HP\.m2\repository\com\vladsch\flexmark\flexmark-ext-xwiki-macros\0.34.30\flexmark-ext-xwiki-macros-0.34.30.jar;C:\Users\HP\.m2\repository\com\vladsch\flexmark\flexmark-ext-superscript\0.34.30\flexmark-ext-superscript-0.34.30.jar;C:\Users\HP\.m2\repository\com\vladsch\flexmark\flexmark-ext-tables\0.34.30\flexmark-ext-tables-0.34.30.jar;C:\Users\HP\.m2\repository\com\vladsch\flexmark\flexmark-ext-toc\0.34.30\flexmark-ext-toc-0.34.30.jar;C:\Users\HP\.m2\repository\com\vladsch\flexmark\flexmark-ext-typographic\0.34.30\flexmark-ext-typographic-0.34.30.jar;C:\Users\HP\.m2\repository\com\vladsch\flexmark\flexmark-ext-wikilink\0.34.30\flexmark-ext-wikilink-0.34.30.jar;C:\Users\HP\.m2\repository\com\vladsch\flexmark\flexmark-ext-yaml-front-matter\0.34.30\flexmark-ext-yaml-front-matter-0.34.30.jar;C:\Users\HP\.m2\repository\com\vladsch\flexmark\flexmark-ext-youtube-embedded\0.34.30\flexmark-ext-youtube-embedded-0.34.30.jar;C:\Users\HP\.m2\repository\com\vladsch\flexmark\flexmark-formatter\0.34.30\flexmark-formatter-0.34.30.jar;C:\Users\HP\.m2\repository\com\vladsch\flexmark\flexmark-html-parser\0.34.30\flexmark-html-parser-0.34.30.jar;C:\Users\HP\.m2\repository\com\vladsch\flexmark\flexmark-jira-converter\0.34.30\flexmark-jira-converter-0.34.30.jar;C:\Users\HP\.m2\repository\com\vladsch\flexmark\flexmark-pdf-converter\0.34.30\flexmark-pdf-converter-0.34.30.jar;C:\Users\HP\.m2\repository\com\openhtmltopdf\openhtmltopdf-core\0.0.1-RC13\openhtmltopdf-core-0.0.1-RC13.jar;C:\Users\HP\.m2\repository\com\openhtmltopdf\openhtmltopdf-pdfbox\0.0.1-RC13\openhtmltopdf-pdfbox-0.0.1-RC13.jar;C:\Users\HP\.m2\repository\org\apache\pdfbox\pdfbox\2.0.8\pdfbox-2.0.8.jar;C:\Users\HP\.m2\repository\org\apache\pdfbox\fontbox\2.0.8\fontbox-2.0.8.jar;C:\Users\HP\.m2\repository\org\apache\pdfbox\xmpbox\2.0.8\xmpbox-2.0.8.jar;C:\Users\HP\.m2\repository\de\rototor\pdfbox\graphics2d\0.12\graphics2d-0.12.jar;C:\Users\HP\.m2\repository\com\openhtmltopdf\openhtmltopdf-rtl-support\0.0.1-RC13\openhtmltopdf-rtl-support-0.0.1-RC13.jar;C:\Users\HP\.m2\repository\com\ibm\icu\icu4j\59.1\icu4j-59.1.jar;C:\Users\HP\.m2\repository\com\openhtmltopdf\openhtmltopdf-jsoup-dom-converter\0.0.1-RC13\openhtmltopdf-jsoup-dom-converter-0.0.1-RC13.jar;C:\Users\HP\.m2\repository\com\vladsch\flexmark\flexmark-profile-pegdown\0.34.30\flexmark-profile-pegdown-0.34.30.jar;C:\Users\HP\.m2\repository\com\vladsch\flexmark\flexmark-util\0.34.30\flexmark-util-0.34.30.jar;C:\Users\HP\.m2\repository\com\vladsch\flexmark\flexmark-youtrack-converter\0.34.30\flexmark-youtrack-converter-0.34.30.jar;C:\Users\HP\.m2\repository\es\nitaur\markdown\txtmark\0.16\txtmark-0.16.jar;C:\Users\HP\.m2\repository\net\serenity-bdd\serenity-report-resources\3.5.1\serenity-report-resources-3.5.1.jar;C:\Users\HP\.m2\repository\com\google\code\gson\gson\2.9.0\gson-2.9.0.jar;C:\Users\HP\.m2\repository\com\fasterxml\jackson\core\jackson-core\2.13.4\jackson-core-2.13.4.jar;C:\Users\HP\.m2\repository\com\fasterxml\jackson\core\jackson-databind\2.13.4\jackson-databind-2.13.4.jar;C:\Users\HP\.m2\repository\com\fasterxml\jackson\core\jackson-annotations\2.13.4\jackson-annotations-2.13.4.jar;C:\Users\HP\.m2\repository\commons-codec\commons-codec\1.15\commons-codec-1.15.jar;C:\Users\HP\.m2\repository\commons-io\commons-io\2.11.0\commons-io-2.11.0.jar;C:\Users\HP\.m2\repository\org\apache\httpcomponents\httpclient\4.5.13\httpclient-4.5.13.jar;C:\Users\HP\.m2\repository\org\apache\httpcomponents\httpcore\4.4.13\httpcore-4.4.13.jar;C:\Users\HP\.m2\repository\commons-logging\commons-logging\1.2\commons-logging-1.2.jar;C:\Users\HP\.m2\repository\org\seleniumhq\selenium\selenium-java\4.7.1\selenium-java-4.7.1.jar;C:\Users\HP\.m2\repository\org\seleniumhq\selenium\selenium-devtools-v106\4.7.1\selenium-devtools-v106-4.7.1.jar;C:\Users\HP\.m2\repository\org\seleniumhq\selenium\selenium-devtools-v107\4.7.1\selenium-devtools-v107-4.7.1.jar;C:\Users\HP\.m2\repository\org\seleniumhq\selenium\selenium-devtools-v108\4.7.1\selenium-devtools-v108-4.7.1.jar;C:\Users\HP\.m2\repository\org\seleniumhq\selenium\selenium-devtools-v85\4.7.1\selenium-devtools-v85-4.7.1.jar;C:\Users\HP\.m2\repository\org\seleniumhq\selenium\selenium-remote-driver\4.7.1\selenium-remote-driver-4.7.1.jar;C:\Users\HP\.m2\repository\com\beust\jcommander\1.82\jcommander-1.82.jar;C:\Users\HP\.m2\repository\io\netty\netty-buffer\4.1.84.Final\netty-buffer-4.1.84.Final.jar;C:\Users\HP\.m2\repository\io\netty\netty-codec-http\4.1.84.Final\netty-codec-http-4.1.84.Final.jar;C:\Users\HP\.m2\repository\io\netty\netty-codec\4.1.84.Final\netty-codec-4.1.84.Final.jar;C:\Users\HP\.m2\repository\io\netty\netty-handler\4.1.84.Final\netty-handler-4.1.84.Final.jar;C:\Users\HP\.m2\repository\io\netty\netty-common\4.1.84.Final\netty-common-4.1.84.Final.jar;C:\Users\HP\.m2\repository\io\netty\netty-transport-classes-epoll\4.1.84.Final\netty-transport-classes-epoll-4.1.84.Final.jar;C:\Users\HP\.m2\repository\io\netty\netty-transport-classes-kqueue\4.1.84.Final\netty-transport-classes-kqueue-4.1.84.Final.jar;C:\Users\HP\.m2\repository\io\netty\netty-transport-native-epoll\4.1.84.Final\netty-transport-native-epoll-4.1.84.Final.jar;C:\Users\HP\.m2\repository\io\netty\netty-transport-native-kqueue\4.1.84.Final\netty-transport-native-kqueue-4.1.84.Final.jar;C:\Users\HP\.m2\repository\io\netty\netty-transport-native-unix-common\4.1.84.Final\netty-transport-native-unix-common-4.1.84.Final.jar;C:\Users\HP\.m2\repository\io\netty\netty-transport\4.1.84.Final\netty-transport-4.1.84.Final.jar;C:\Users\HP\.m2\repository\io\netty\netty-resolver\4.1.84.Final\netty-resolver-4.1.84.Final.jar;C:\Users\HP\.m2\repository\io\opentelemetry\opentelemetry-api\1.19.0\opentelemetry-api-1.19.0.jar;C:\Users\HP\.m2\repository\io\opentelemetry\opentelemetry-context\1.19.0\opentelemetry-context-1.19.0.jar;C:\Users\HP\.m2\repository\io\opentelemetry\opentelemetry-exporter-logging\1.19.0\opentelemetry-exporter-logging-1.19.0.jar;C:\Users\HP\.m2\repository\io\opentelemetry\opentelemetry-sdk-metrics\1.19.0\opentelemetry-sdk-metrics-1.19.0.jar;C:\Users\HP\.m2\repository\io\opentelemetry\opentelemetry-sdk-logs\1.19.0-alpha\opentelemetry-sdk-logs-1.19.0-alpha.jar;C:\Users\HP\.m2\repository\io\opentelemetry\opentelemetry-api-logs\1.19.0-alpha\opentelemetry-api-logs-1.19.0-alpha.jar;C:\Users\HP\.m2\repository\io\opentelemetry\opentelemetry-sdk-common\1.19.0\opentelemetry-sdk-common-1.19.0.jar;C:\Users\HP\.m2\repository\io\opentelemetry\opentelemetry-sdk-extension-autoconfigure-spi\1.19.0\opentelemetry-sdk-extension-autoconfigure-spi-1.19.0.jar;C:\Users\HP\.m2\repository\io\opentelemetry\opentelemetry-sdk-extension-autoconfigure\1.19.0-alpha\opentelemetry-sdk-extension-autoconfigure-1.19.0-alpha.jar;C:\Users\HP\.m2\repository\io\opentelemetry\opentelemetry-exporter-common\1.19.0\opentelemetry-exporter-common-1.19.0.jar;C:\Users\HP\.m2\repository\io\opentelemetry\opentelemetry-sdk-trace\1.19.0\opentelemetry-sdk-trace-1.19.0.jar;C:\Users\HP\.m2\repository\io\opentelemetry\opentelemetry-sdk\1.19.0\opentelemetry-sdk-1.19.0.jar;C:\Users\HP\.m2\repository\io\opentelemetry\opentelemetry-semconv\1.19.0-alpha\opentelemetry-semconv-1.19.0-alpha.jar;C:\Users\HP\.m2\repository\io\ous\jtoml\2.0.0\jtoml-2.0.0.jar;C:\Users\HP\.m2\repository\org\apache\commons\commons-exec\1.3\commons-exec-1.3.jar;C:\Users\HP\.m2\repository\org\asynchttpclient\async-http-client\2.12.3\async-http-client-2.12.3.jar;C:\Users\HP\.m2\repository\org\asynchttpclient\async-http-client-netty-utils\2.12.3\async-http-client-netty-utils-2.12.3.jar;C:\Users\HP\.m2\repository\io\netty\netty-codec-socks\4.1.60.Final\netty-codec-socks-4.1.60.Final.jar;C:\Users\HP\.m2\repository\io\netty\netty-handler-proxy\4.1.60.Final\netty-handler-proxy-4.1.60.Final.jar;C:\Users\HP\.m2\repository\io\netty\netty-transport-native-epoll\4.1.60.Final\netty-transport-native-epoll-4.1.60.Final-linux-x86_64.jar;C:\Users\HP\.m2\repository\io\netty\netty-transport-native-kqueue\4.1.60.Final\netty-transport-native-kqueue-4.1.60.Final-osx-x86_64.jar;C:\Users\HP\.m2\repository\org\reactivestreams\reactive-streams\1.0.3\reactive-streams-1.0.3.jar;C:\Users\HP\.m2\repository\com\typesafe\netty\netty-reactive-streams\2.0.4\netty-reactive-streams-2.0.4.jar;C:\Users\HP\.m2\repository\org\seleniumhq\selenium\selenium-manager\4.7.1\selenium-manager-4.7.1.jar;C:\Users\HP\.m2\repository\org\seleniumhq\selenium\selenium-safari-driver\4.7.1\selenium-safari-driver-4.7.1.jar;C:\Users\HP\.m2\repository\org\seleniumhq\selenium\selenium-api\4.7.1\selenium-api-4.7.1.jar;C:\Users\HP\.m2\repository\org\seleniumhq\selenium\selenium-support\4.7.1\selenium-support-4.7.1.jar;C:\Users\HP\.m2\repository\com\google\auto\service\auto-service-annotations\1.0.1\auto-service-annotations-1.0.1.jar;C:\Users\HP\.m2\repository\com\google\auto\service\auto-service\1.0.1\auto-service-1.0.1.jar;C:\Users\HP\.m2\repository\com\google\auto\auto-common\1.2\auto-common-1.2.jar;C:\Users\HP\.m2\repository\org\seleniumhq\selenium\selenium-json\4.7.1\selenium-json-4.7.1.jar;C:\Users\HP\.m2\repository\org\seleniumhq\selenium\selenium-chrome-driver\4.7.1\selenium-chrome-driver-4.7.1.jar;C:\Users\HP\.m2\repository\org\seleniumhq\selenium\selenium-chromium-driver\4.7.1\selenium-chromium-driver-4.7.1.jar;C:\Users\HP\.m2\repository\org\seleniumhq\selenium\selenium-firefox-driver\4.7.1\selenium-firefox-driver-4.7.1.jar;C:\Users\HP\.m2\repository\org\seleniumhq\selenium\selenium-http\4.7.1\selenium-http-4.7.1.jar;C:\Users\HP\.m2\repository\dev\failsafe\failsafe\3.3.0\failsafe-3.3.0.jar;C:\Users\HP\.m2\repository\org\seleniumhq\selenium\selenium-edge-driver\4.7.1\selenium-edge-driver-4.7.1.jar;C:\Users\HP\.m2\repository\org\seleniumhq\selenium\selenium-ie-driver\4.7.1\selenium-ie-driver-4.7.1.jar;C:\Users\HP\.m2\repository\org\projectlombok\lombok\1.18.20\lombok-1.18.20.jar;C:\Users\HP\.m2\repository\io\appium\java-client\8.3.0\java-client-8.3.0.jar;C:\Users\HP\.m2\repository\commons-validator\commons-validator\1.7\commons-validator-1.7.jar;C:\Users\HP\.m2\repository\commons-digester\commons-digester\2.1\commons-digester-2.1.jar;C:\Users\HP\.m2\repository\org\apache\groovy\groovy\4.0.6\groovy-4.0.6.jar;C:\Users\HP\.m2\repository\net\sf\opencsv\opencsv\2.0\opencsv-2.0.jar;C:\Users\HP\.m2\repository\commons-beanutils\commons-beanutils\1.9.4\commons-beanutils-1.9.4.jar;C:\Users\HP\.m2\repository\org\apache\commons\commons-lang3\3.12.0\commons-lang3-3.12.0.jar;C:\Users\HP\.m2\repository\commons-collections\commons-collections\3.2.2\commons-collections-3.2.2.jar;C:\Users\HP\.m2\repository\org\fluentlenium\fluentlenium-core\0.10.2\fluentlenium-core-0.10.2.jar;C:\Users\HP\.m2\repository\io\github\bonigarcia\webdrivermanager\5.3.0\webdrivermanager-5.3.0.jar;C:\Users\HP\.m2\repository\com\github\docker-java\docker-java\3.2.13\docker-java-3.2.13.jar;C:\Users\HP\.m2\repository\com\github\docker-java\docker-java-core\3.2.13\docker-java-core-3.2.13.jar;C:\Users\HP\.m2\repository\com\github\docker-java\docker-java-api\3.2.13\docker-java-api-3.2.13.jar;C:\Users\HP\.m2\repository\org\apache\commons\commons-compress\1.21\commons-compress-1.21.jar;C:\Users\HP\.m2\repository\org\bouncycastle\bcpkix-jdk15on\1.64\bcpkix-jdk15on-1.64.jar;C:\Users\HP\.m2\repository\org\bouncycastle\bcprov-jdk15on\1.64\bcprov-jdk15on-1.64.jar;C:\Users\HP\.m2\repository\org\slf4j\jcl-over-slf4j\1.7.30\jcl-over-slf4j-1.7.30.jar;C:\Users\HP\.m2\repository\com\github\docker-java\docker-java-transport-httpclient5\3.2.13\docker-java-transport-httpclient5-3.2.13.jar;C:\Users\HP\.m2\repository\com\github\docker-java\docker-java-transport\3.2.13\docker-java-transport-3.2.13.jar;C:\Users\HP\.m2\repository\net\java\dev\jna\jna\5.8.0\jna-5.8.0.jar;C:\Users\HP\.m2\repository\org\brotli\dec\0.1.2\dec-0.1.2.jar;C:\Users\HP\.m2\repository\org\apache\httpcomponents\client5\httpclient5\5.1.3\httpclient5-5.1.3.jar;C:\Users\HP\.m2\repository\org\apache\httpcomponents\core5\httpcore5\5.1.3\httpcore5-5.1.3.jar;C:\Users\HP\.m2\repository\org\apache\httpcomponents\core5\httpcore5-h2\5.1.3\httpcore5-h2-5.1.3.jar;C:\Users\HP\.m2\repository\com\jhlabs\filters\2.0.235\filters-2.0.235.jar;C:\Users\HP\.m2\repository\com\paulhammant\ngwebdriver\1.1.6\ngwebdriver-1.1.6.jar;C:\Users\HP\.m2\repository\joda-time\joda-time\2.8.2\joda-time-2.8.2.jar;C:\Users\HP\.m2\repository\org\hamcrest\hamcrest\2.2\hamcrest-2.2.jar;C:\Users\HP\.m2\repository\com\google\jimfs\jimfs\1.2\jimfs-1.2.jar;C:\Users\HP\.m2\repository\org\mockito\mockito-core\3.3.3\mockito-core-3.3.3.jar;C:\Users\HP\.m2\repository\javax\xml\bind\jaxb-api\2.3.1\jaxb-api-2.3.1.jar;C:\Users\HP\.m2\repository\javax\activation\javax.activation-api\1.2.0\javax.activation-api-1.2.0.jar;C:\Users\HP\.m2\repository\com\sun\xml\bind\jaxb-core\2.3.0.1\jaxb-core-2.3.0.1.jar;C:\Users\HP\.m2\repository\com\sun\xml\bind\jaxb-impl\2.3.3\jaxb-impl-2.3.3.jar;C:\Users\HP\.m2\repository\jakarta\xml\bind\jakarta.xml.bind-api\2.3.3\jakarta.xml.bind-api-2.3.3.jar;C:\Users\HP\.m2\repository\com\sun\activation\jakarta.activation\1.2.2\jakarta.activation-1.2.2.jar;C:\Users\HP\.m2\repository\javax\activation\activation\1.1.1\activation-1.1.1.jar;C:\Users\HP\.m2\repository\net\serenity-bdd\serenity-cucumber\3.5.1\serenity-cucumber-3.5.1.jar;C:\Users\HP\.m2\repository\io\cucumber\cucumber-core\7.8.1\cucumber-core-7.8.1.jar;C:\Users\HP\.m2\repository\io\cucumber\cucumber-gherkin\7.8.1\cucumber-gherkin-7.8.1.jar;C:\Users\HP\.m2\repository\io\cucumber\cucumber-gherkin-messages\7.8.1\cucumber-gherkin-messages-7.8.1.jar;C:\Users\HP\.m2\repository\io\cucumber\gherkin\24.0.0\gherkin-24.0.0.jar;C:\Users\HP\.m2\repository\io\cucumber\messages\19.1.4\messages-19.1.4.jar;C:\Users\HP\.m2\repository\io\cucumber\tag-expressions\4.1.0\tag-expressions-4.1.0.jar;C:\Users\HP\.m2\repository\io\cucumber\cucumber-expressions\16.0.0\cucumber-expressions-16.0.0.jar;C:\Users\HP\.m2\repository\io\cucumber\datatable\7.8.1\datatable-7.8.1.jar;C:\Users\HP\.m2\repository\io\cucumber\cucumber-plugin\7.8.1\cucumber-plugin-7.8.1.jar;C:\Users\HP\.m2\repository\io\cucumber\docstring\7.8.1\docstring-7.8.1.jar;C:\Users\HP\.m2\repository\io\cucumber\html-formatter\20.1.0\html-formatter-20.1.0.jar;C:\Users\HP\.m2\repository\io\cucumber\ci-environment\9.1.0\ci-environment-9.1.0.jar;C:\Users\HP\.m2\repository\io\cucumber\cucumber-java\7.8.1\cucumber-java-7.8.1.jar;C:\Users\HP\.m2\repository\io\cucumber\cucumber-junit\7.8.1\cucumber-junit-7.8.1.jar;C:\Users\HP\.m2\repository\org\apache\commons\commons-csv\1.5\commons-csv-1.5.jar;C:\Users\HP\.m2\repository\net\serenity-bdd\serenity-screenplay\3.5.1\serenity-screenplay-3.5.1.jar;C:\Users\HP\.m2\repository\net\serenity-bdd\serenity-screenplay-webdriver\3.5.1\serenity-screenplay-webdriver-3.5.1.jar;C:\Users\HP\.m2\repository\net\serenity-bdd\serenity-ensure\3.5.1\serenity-ensure-3.5.1.jar;C:\Users\HP\.m2\repository\net\serenity-bdd\serenity-junit\3.5.1\serenity-junit-3.5.1.jar;C:\Users\HP\.m2\repository\org\jetbrains\kotlin\kotlin-stdlib\1.7.21\kotlin-stdlib-1.7.21.jar;C:\Users\HP\.m2\repository\org\jetbrains\kotlin\kotlin-stdlib-common\1.7.21\kotlin-stdlib-common-1.7.21.jar;C:\Users\HP\.m2\repository\org\jetbrains\annotations\13.0\annotations-13.0.jar;C:\Users\HP\.m2\repository\org\junit\platform\junit-platform-launcher\1.8.2\junit-platform-launcher-1.8.2.jar;C:\Users\HP\.m2\repository\org\junit\platform\junit-platform-engine\1.8.2\junit-platform-engine-1.8.2.jar;C:\Users\HP\.m2\repository\org\opentest4j\opentest4j\1.2.0\opentest4j-1.2.0.jar;C:\Users\HP\.m2\repository\org\junit\platform\junit-platform-commons\1.8.2\junit-platform-commons-1.8.2.jar;C:\Users\HP\.m2\repository\org\apiguardian\apiguardian-api\1.1.2\apiguardian-api-1.1.2.jar;C:\Users\HP\.m2\repository\org\junit\jupiter\junit-jupiter-engine\5.8.2\junit-jupiter-engine-5.8.2.jar;C:\Users\HP\.m2\repository\org\junit\jupiter\junit-jupiter-api\5.8.2\junit-jupiter-api-5.8.2.jar;C:\Users\HP\.m2\repository\org\junit\vintage\junit-vintage-engine\5.8.2\junit-vintage-engine-5.8.2.jar;C:\Users\HP\.m2\repository\junit\junit\4.13.2\junit-4.13.2.jar;C:\Users\HP\.m2\repository\org\hamcrest\hamcrest-core\1.3\hamcrest-core-1.3.jar;C:\Users\HP\.m2\repository\ch\qos\logback\logback-classic\1.2.10\logback-classic-1.2.10.jar;C:\Users\HP\.m2\repository\ch\qos\logback\logback-core\1.2.10\logback-core-1.2.10.jar;C:\Users\HP\.m2\repository\org\slf4j\slf4j-api\1.7.32\slf4j-api-1.7.32.jar;C:\Users\HP\.m2\repository\org\assertj\assertj-core\3.23.1\assertj-core-3.23.1.jar;C:\Users\HP\.m2\repository\net\bytebuddy\byte-buddy\1.12.10\byte-buddy-1.12.10.jar;C:\Users\HP\.m2\repository\org\apache\maven\surefire\surefire-junit-platform\3.0.0-M5\surefire-junit-platform-3.0.0-M5.jar;C:\Users\HP\.m2\repository\org\apache\maven\surefire\common-java5\3.0.0-M5\common-java5-3.0.0-M5.jar"/>
    <property name="user.script" value=""/>
    <property name="java.protocol.handler.pkgs" value="com.google.common"/>
    <property name="sun.management.compiler" value="HotSpot 64-Bit Tiered Compilers"/>
    <property name="java.runtime.version" value="19.0.2+7-44"/>
    <property name="user.name" value="HP"/>
    <property name="stdout.encoding" value="Cp1252"/>
    <property name="path.separator" value=";"/>
    <property name="os.version" value="10.0"/>
    <property name="java.runtime.name" value="Java(TM) SE Runtime Environment"/>
    <property name="file.encoding" value="UTF-8"/>
    <property name="webdriver.base.url" value=""/>
    <property name="java.vm.name" value="Java HotSpot(TM) 64-Bit Server VM"/>
    <property name="localRepository" value="C:\Users\HP\.m2\repository"/>
    <property name="java.vendor.url.bug" value="https://bugreport.java.com/bugreport/"/>
    <property name="java.io.tmpdir" value="C:\Users\HP\AppData\Local\Temp\"/>
    <property name="java.version" value="19.0.2"/>
    <property name="user.dir" value="C:\Dev\CapstoneProjectBaru\SKUYPAY WEB AUTOMATION"/>
    <property name="os.arch" value="amd64"/>
    <property name="java.vm.specification.name" value="Java Virtual Machine Specification"/>
    <property name="sun.os.patch.level" value=""/>
    <property name="native.encoding" value="Cp1252"/>
    <property name="java.library.path" value="C:\Program Files\Java\jdk-19\bin;C:\WINDOWS\Sun\Java\bin;C:\WINDOWS\system32;C:\WINDOWS;C:\Program Files\Common Files\Oracle\Java\javapath;C:\Program Files\Java\jdk1.8.0_361\bin;c:\Program Files (x86)\Common Files\Intel\Shared Files\cpp\bin\Intel64;C:\WINDOWS\system32;C:\WINDOWS;C:\WINDOWS\System32\Wbem;C:\WINDOWS\System32\WindowsPowerShell\v1.0\;C:\WINDOWS\System32\OpenSSH\;C:\Users\apache-maven-3.9.1-bin\bin;%MAVEN_HOME%\bin;C:\Users\HP\AppData\Local\Android\Sdk;C:\Users\HP\AppData\Local\Android\Sdk\platform-tools;C:\Program Files\nodejs\;C:\Program Files\Git\cmd;C:\Users\HP\AppData\Local\Microsoft\WindowsApps;C:\Program Files\JetBrains\IntelliJ IDEA Community Edition 2022.3.2\bin;C:\Users\HP\AppData\Local\GitHubDesktop\bin;C:\Users\HP\AppData\Local\Programs\Microsoft VS Code\bin;C:\Users\HP\AppData\Roaming\npm;."/>
    <property name="java.vm.info" value="mixed mode"/>
    <property name="stderr.encoding" value="Cp1252"/>
    <property name="java.vendor" value="Oracle Corporation"/>
    <property name="java.vm.version" value="19.0.2+7-44"/>
    <property name="sun.io.unicode.encoding" value="UnicodeLittle"/>
    <property name="java.class.version" value="63.0"/>
  </properties>
  <testcase name="Admin dapat melihat semua riwayat transaksi" classname="Transaksi" time="28.849">
    <system-out><![CDATA[22:20:20.076 [main] DEBUG net.thucydides.core.guice.Injectors - Created injector for module net.thucydides.core.guice.ThucydidesModule
22:20:20.678 [main] INFO io.cucumber.core.plugin.SerenityReporter - Running feature from file:///C:/Dev/CapstoneProjectBaru/SKUYPAY%20WEB%20AUTOMATION/src/test/resources/features/Transaksi.feature
22:20:20.999 [main] DEBUG net.thucydides.core.guice.Injectors - Created injector for module net.thucydides.core.guice.webdriver.WebDriverModule
22:20:21.066 [main] INFO  - 

-------------------------------------------------------------------------------------
     _______. _______ .______       _______ .__   __.  __  .___________.____    ____ 
    /       ||   ____||   _  \     |   ____||  \ |  | |  | |           |\   \  /   / 
   |   (----`|  |__   |  |_)  |    |  |__   |   \|  | |  | `---|  |----` \   \/   /  
    \   \    |   __|  |      /     |   __|  |  . `  | |  |     |  |       \_    _/   
.----)   |   |  |____ |  |\  \----.|  |____ |  |\   | |  |     |  |         |  |     
|_______/    |_______|| _| `._____||_______||__| \__| |__|     |__|         |__|    
                                                                                     
 News and tutorials at http://www.serenity-bdd.info                                  
 Documentation at https://wakaleo.gitbooks.io/the-serenity-book/content/             
 Join the Serenity Community on Gitter: https://gitter.im/serenity-bdd/serenity-core 
 Serenity BDD Support and Training at http://serenity-bdd.info/#/trainingandsupport  
-------------------------------------------------------------------------------------

22:20:21.073 [main] DEBUG net.thucydides.core.steps.StepEventBus - Test suite started for story net.thucydides.core.model.Story@e4d277e8
22:20:21.081 [main] INFO  - Test Suite Started: Transaksi
22:20:21.110 [main] INFO io.cucumber.core.plugin.SerenityReporter - Running feature from file:///C:/Dev/CapstoneProjectBaru/SKUYPAY%20WEB%20AUTOMATION/src/test/resources/features/Transaksi.feature
22:20:21.117 [main] DEBUG net.thucydides.core.steps.StepEventBus - Test suite started for story net.thucydides.core.model.Story@e4d277e8
22:20:21.118 [main] INFO  - Test Suite Started: Transaksi

@Transaksi-01
Scenario: Admin dapat melihat semua riwayat transaksi &amp#27;[90m# src/test/resources/features/Transaksi.feature:4&amp#27;[0m
22:20:21.325 [main] INFO io.cucumber.core.plugin.SerenityReporter - Running feature from file:///C:/Dev/CapstoneProjectBaru/SKUYPAY%20WEB%20AUTOMATION/src/test/resources/features/Transaksi.feature
22:20:21.580 [main] INFO  - 
  _____   ___   ___   _____     ___   _____     _     ___   _____   ___   ___  
 |_   _| | __| / __| |_   _|   / __| |_   _|   /_\   | _ \ |_   _| | __| |   \ 
   | |   | _|  \__ \   | |     \__ \   | |    / _ \  |   /   | |   | _|  | |) |
   |_|   |___| |___/   |_|     |___/   |_|   /_/ \_\ |_|_\   |_|   |___| |___/ 

Admin dapat melihat semua riwayat transaksi(transaksi;admin-dapat-melihat-semua-riwayat-transaksi)
--------------------------------------------------------------------------------
22:20:23.241 [main] DEBUG net.thucydides.core.steps.StepInterceptor - STARTING STEP: TransaksiSteps.adminMelakukanLoginAkun - diHomepageSkuyPay
22:20:23.332 [main] INFO net.serenitybdd.core.webdriver.driverproviders.DriverProvider - Using WebDriverManager configuration for chrome
22:20:24.053 [main] DEBUG io.github.bonigarcia.wdm.cache.ResolutionCache - Resolution chrome=114 in cache (valid until 23:15:04 24/06/2023 WIB)
22:20:24.056 [main] DEBUG io.github.bonigarcia.wdm.cache.ResolutionCache - Resolution chrome114=114.0.5735.90 in cache (valid until 18:40:18 25/06/2023 WIB)
22:20:24.057 [main] INFO io.github.bonigarcia.wdm.WebDriverManager - Using chromedriver 114.0.5735.90 (resolved driver for Chrome 114)
22:20:24.106 [main] DEBUG io.github.bonigarcia.wdm.WebDriverManager - Driver chromedriver 114.0.5735.90 found in cache
22:20:24.107 [main] INFO io.github.bonigarcia.wdm.WebDriverManager - Exporting webdriver.chrome.driver as C:\Users\HP\.cache\selenium\chromedriver\win32\114.0.5735.90\chromedriver.exe
22:20:24.348 [main] INFO net.serenitybdd.core.webdriver.driverproviders.ChromeDriverProvider - Starting Chrome driver instance with capabilities:
22:20:24.355 [main] INFO net.serenitybdd.core.webdriver.driverproviders.ChromeDriverProvider - Capabilities {acceptInsecureCerts: true, browserName: chrome, goog:chromeOptions: {args: [remote-allow-origins=*, test-type, no-sandbox, ignore-certificate-errors, start-maximized, incognito, disable-infobars, disable-gpu, disable-default-apps, disable-popup-blocking, remote-allow-origins=*, test-type, no-sandbox, ignore-certificate-errors, start-maximized, incognito, disable-infobars, disable-gpu, disable-default-apps, disable-popup-blocking], extensions: []}}
22:20:24.515 [main] DEBUG io.netty.util.internal.logging.InternalLoggerFactory - Using SLF4J as the default logging framework
22:20:24.523 [main] DEBUG io.netty.util.ResourceLeakDetector - -Dio.netty.leakDetection.level: simple
22:20:24.523 [main] DEBUG io.netty.util.ResourceLeakDetector - -Dio.netty.leakDetection.targetRecords: 4
22:20:24.530 [main] DEBUG io.netty.util.ResourceLeakDetectorFactory - Loaded default ResourceLeakDetector: io.netty.util.ResourceLeakDetector@781dbe44
22:20:24.564 [main] DEBUG io.netty.util.internal.PlatformDependent0 - -Dio.netty.noUnsafe: false
22:20:24.564 [main] DEBUG io.netty.util.internal.PlatformDependent0 - Java version: 19
22:20:24.566 [main] DEBUG io.netty.util.internal.PlatformDependent0 - sun.misc.Unsafe.theUnsafe: available
22:20:24.568 [main] DEBUG io.netty.util.internal.PlatformDependent0 - sun.misc.Unsafe.copyMemory: available
22:20:24.569 [main] DEBUG io.netty.util.internal.PlatformDependent0 - sun.misc.Unsafe.storeFence: available
22:20:24.572 [main] DEBUG io.netty.util.internal.PlatformDependent0 - java.nio.Buffer.address: available
22:20:24.574 [main] DEBUG io.netty.util.internal.PlatformDependent0 - direct buffer constructor: unavailable: Reflective setAccessible(true) disabled
22:20:24.576 [main] DEBUG io.netty.util.internal.PlatformDependent0 - java.nio.Bits.unaligned: available, true
22:20:24.579 [main] DEBUG io.netty.util.internal.PlatformDependent0 - jdk.internal.misc.Unsafe.allocateUninitializedArray(int): unavailable: class io.netty.util.internal.PlatformDependent0$7 cannot access class jdk.internal.misc.Unsafe (in module java.base) because module java.base does not export jdk.internal.misc to unnamed module @3e6ef8ad
22:20:24.582 [main] DEBUG io.netty.util.internal.PlatformDependent0 - java.nio.DirectByteBuffer.<init>(long, int): unavailable
22:20:24.582 [main] DEBUG io.netty.util.internal.PlatformDependent - sun.misc.Unsafe: available
22:20:24.585 [main] DEBUG io.netty.util.internal.PlatformDependent - maxDirectMemory: 1589641216 bytes (maybe)
22:20:24.585 [main] DEBUG io.netty.util.internal.PlatformDependent - -Dio.netty.tmpdir: C:\Users\HP\AppData\Local\Temp (java.io.tmpdir)
22:20:24.586 [main] DEBUG io.netty.util.internal.PlatformDependent - -Dio.netty.bitMode: 64 (sun.arch.data.model)
22:20:24.586 [main] DEBUG io.netty.util.internal.PlatformDependent - Platform: Windows
22:20:24.588 [main] DEBUG io.netty.util.internal.PlatformDependent - -Dio.netty.maxDirectMemory: -1 bytes
22:20:24.588 [main] DEBUG io.netty.util.internal.PlatformDependent - -Dio.netty.uninitializedArrayAllocationThreshold: -1
22:20:24.591 [main] DEBUG io.netty.util.internal.CleanerJava9 - java.nio.ByteBuffer.cleaner(): available
22:20:24.591 [main] DEBUG io.netty.util.internal.PlatformDependent - -Dio.netty.noPreferDirect: false
22:20:24.603 [main] DEBUG io.netty.util.internal.PlatformDependent - org.jctools-core.MpscChunkedArrayQueue: available
22:20:24.639 [main] DEBUG io.netty.util.internal.InternalThreadLocalMap - -Dio.netty.threadLocalMap.stringBuilder.initialSize: 1024
22:20:24.639 [main] DEBUG io.netty.util.internal.InternalThreadLocalMap - -Dio.netty.threadLocalMap.stringBuilder.maxSize: 4096
22:20:24.747 [main] DEBUG io.netty.handler.ssl.JdkSslContext - Default protocols (JDK): [TLSv1.3, TLSv1.2] 
22:20:24.747 [main] DEBUG io.netty.handler.ssl.JdkSslContext - Default cipher suites (JDK): [TLS_ECDHE_ECDSA_WITH_AES_256_GCM_SHA384, TLS_ECDHE_ECDSA_WITH_AES_128_GCM_SHA256, TLS_ECDHE_RSA_WITH_AES_128_GCM_SHA256, TLS_ECDHE_RSA_WITH_AES_256_GCM_SHA384, TLS_ECDHE_RSA_WITH_AES_128_CBC_SHA, TLS_ECDHE_RSA_WITH_AES_256_CBC_SHA, TLS_RSA_WITH_AES_128_GCM_SHA256, TLS_RSA_WITH_AES_128_CBC_SHA, TLS_RSA_WITH_AES_256_CBC_SHA, TLS_AES_128_GCM_SHA256, TLS_AES_256_GCM_SHA384]
22:20:24.800 [main] DEBUG io.netty.channel.MultithreadEventLoopGroup - -Dio.netty.eventLoopThreads: 16
22:20:24.819 [main] DEBUG io.netty.channel.nio.NioEventLoop - -Dio.netty.noKeySetOptimization: false
22:20:24.820 [main] DEBUG io.netty.channel.nio.NioEventLoop - -Dio.netty.selectorAutoRebuildThreshold: 512
22:20:24.931 [main] DEBUG io.netty.buffer.PooledByteBufAllocator - -Dio.netty.allocator.numHeapArenas: 16
22:20:24.931 [main] DEBUG io.netty.buffer.PooledByteBufAllocator - -Dio.netty.allocator.numDirectArenas: 16
22:20:24.931 [main] DEBUG io.netty.buffer.PooledByteBufAllocator - -Dio.netty.allocator.pageSize: 8192
22:20:24.931 [main] DEBUG io.netty.buffer.PooledByteBufAllocator - -Dio.netty.allocator.maxOrder: 9
22:20:24.931 [main] DEBUG io.netty.buffer.PooledByteBufAllocator - -Dio.netty.allocator.chunkSize: 4194304
22:20:24.931 [main] DEBUG io.netty.buffer.PooledByteBufAllocator - -Dio.netty.allocator.smallCacheSize: 256
22:20:24.931 [main] DEBUG io.netty.buffer.PooledByteBufAllocator - -Dio.netty.allocator.normalCacheSize: 64
22:20:24.931 [main] DEBUG io.netty.buffer.PooledByteBufAllocator - -Dio.netty.allocator.maxCachedBufferCapacity: 32768
22:20:24.932 [main] DEBUG io.netty.buffer.PooledByteBufAllocator - -Dio.netty.allocator.cacheTrimInterval: 8192
22:20:24.932 [main] DEBUG io.netty.buffer.PooledByteBufAllocator - -Dio.netty.allocator.cacheTrimIntervalMillis: 0
22:20:24.932 [main] DEBUG io.netty.buffer.PooledByteBufAllocator - -Dio.netty.allocator.useCacheForAllThreads: false
22:20:24.932 [main] DEBUG io.netty.buffer.PooledByteBufAllocator - -Dio.netty.allocator.maxCachedByteBuffersPerChunk: 1023
22:20:24.951 [main] DEBUG io.netty.buffer.ByteBufUtil - -Dio.netty.allocator.type: pooled
22:20:24.951 [main] DEBUG io.netty.buffer.ByteBufUtil - -Dio.netty.threadLocalDirectBufferSize: 0
22:20:24.951 [main] DEBUG io.netty.buffer.ByteBufUtil - -Dio.netty.maxThreadLocalCharBufferSize: 16384
22:20:25.486 [Forwarding newSession on session null to remote] DEBUG io.netty.channel.DefaultChannelId - -Dio.netty.processId: 12636 (auto-detected)
22:20:25.489 [Forwarding newSession on session null to remote] DEBUG io.netty.util.NetUtil - -Djava.net.preferIPv4Stack: false
22:20:25.490 [Forwarding newSession on session null to remote] DEBUG io.netty.util.NetUtil - -Djava.net.preferIPv6Addresses: false
22:20:25.514 [Forwarding newSession on session null to remote] DEBUG io.netty.util.NetUtilInitializations - Loopback interface: lo (Software Loopback Interface 1, 127.0.0.1)
22:20:25.515 [Forwarding newSession on session null to remote] DEBUG io.netty.util.NetUtil - Failed to get SOMAXCONN from sysctl and file \proc\sys\net\core\somaxconn. Default: 200
22:20:25.603 [Forwarding newSession on session null to remote] DEBUG io.netty.channel.DefaultChannelId - -Dio.netty.machineId: cc:6b:1e:ff:fe:34:9f:97 (auto-detected)
22:20:25.687 [AsyncHttpClient-1-2] DEBUG io.netty.buffer.AbstractByteBuf - -Dio.netty.buffer.checkAccessible: true
22:20:25.687 [AsyncHttpClient-1-2] DEBUG io.netty.buffer.AbstractByteBuf - -Dio.netty.buffer.checkBounds: true
22:20:25.687 [AsyncHttpClient-1-2] DEBUG io.netty.util.ResourceLeakDetectorFactory - Loaded default ResourceLeakDetector: io.netty.util.ResourceLeakDetector@562d51a1
22:20:25.707 [AsyncHttpClient-1-2] DEBUG org.asynchttpclient.netty.channel.NettyConnectListener - Using new Channel '[id: 0x1f7c3932, L:/127.0.0.1:63376 - R:localhost/127.0.0.1:37276]' for 'POST' to '/session'
22:20:25.745 [AsyncHttpClient-1-2] DEBUG io.netty.util.Recycler - -Dio.netty.recycler.maxCapacityPerThread: 4096
22:20:25.745 [AsyncHttpClient-1-2] DEBUG io.netty.util.Recycler - -Dio.netty.recycler.ratio: 8
22:20:25.745 [AsyncHttpClient-1-2] DEBUG io.netty.util.Recycler - -Dio.netty.recycler.chunkSize: 32
22:20:25.745 [AsyncHttpClient-1-2] DEBUG io.netty.util.Recycler - -Dio.netty.recycler.blocking: false
22:20:27.790 [AsyncHttpClient-1-2] DEBUG io.netty.handler.codec.compression.Brotli - brotli4j not in the classpath; Brotli support will be unavailable.
22:20:27.791 [AsyncHttpClient-1-2] DEBUG org.asynchttpclient.netty.handler.HttpHandler - 

Request DefaultHttpRequest(decodeResult: success, version: HTTP/1.1)
POST /session HTTP/1.1
User-Agent: selenium/4.7.1 (java windows)
Content-Length: 1629
Content-Type: application/json; charset=utf-8
host: localhost:37276
accept: */*

Response DefaultHttpResponse(decodeResult: success, version: HTTP/1.1)
HTTP/1.1 200 OK
Content-Type: application/json; charset=utf-8
cache-control: no-cache
content-length: 857

22:20:27.821 [AsyncHttpClient-1-2] DEBUG org.asynchttpclient.netty.channel.ChannelManager - Adding key: http://localhost:37276 for channel [id: 0x1f7c3932, L:/127.0.0.1:63376 - R:localhost/127.0.0.1:37276]
22:20:28.019 [AsyncHttpClient-1-1] DEBUG org.asynchttpclient.netty.channel.DefaultChannelPool - Entry count for : http://localhost:37276 : 1
22:20:28.138 [AsyncHttpClient-1-3] DEBUG org.asynchttpclient.netty.channel.NettyConnectListener - Using new Channel '[id: 0x0ab25699, L:/127.0.0.1:63385 - R:localhost/127.0.0.1:63377]' for 'GET' to '/json/version'
22:20:28.148 [AsyncHttpClient-1-3] DEBUG org.asynchttpclient.netty.handler.HttpHandler - 

Request DefaultFullHttpRequest(decodeResult: success, version: HTTP/1.1, content: EmptyByteBufBE)
GET /json/version HTTP/1.1
User-Agent: selenium/4.7.1 (java windows)
host: localhost:63377
accept: */*

Response DefaultHttpResponse(decodeResult: success, version: HTTP/1.1)
HTTP/1.1 200 OK
Content-Security-Policy: frame-ancestors 'none'
Content-Type: application/json; charset=UTF-8
content-length: 424

22:20:28.149 [AsyncHttpClient-1-3] DEBUG org.asynchttpclient.netty.channel.ChannelManager - Adding key: http://localhost:63377 for channel [id: 0x0ab25699, L:/127.0.0.1:63385 - R:localhost/127.0.0.1:63377]
22:20:28.171 [main] DEBUG io.netty.util.internal.ThreadLocalRandom - -Dio.netty.initialSeedUniquifier: 0x7b0a613f657d3938
22:20:28.181 [AsyncHttpClient-1-4] DEBUG org.asynchttpclient.netty.channel.NettyConnectListener - Using new Channel '[id: 0x623e89d5, L:/127.0.0.1:63386 - R:localhost/127.0.0.1:63377]' for 'GET' to '/devtools/browser/416c2230-ebc4-46f6-8a0c-2902f145d523'
22:20:28.191 [AsyncHttpClient-1-4] DEBUG org.asynchttpclient.netty.handler.WebSocketHandler - 

Request DefaultFullHttpRequest(decodeResult: success, version: HTTP/1.1, content: EmptyByteBufBE)
GET /devtools/browser/416c2230-ebc4-46f6-8a0c-2902f145d523 HTTP/1.1
upgrade: websocket
connection: upgrade
sec-websocket-key: 2D7zn+Z5z4Kk54b0SQsVjw==
sec-websocket-version: 13
origin: http://localhost:63377
host: localhost:63377
accept: */*
user-agent: AHC/2.1

Response DefaultHttpResponse(decodeResult: success, version: HTTP/1.1)
HTTP/1.1 101 WebSocket Protocol Handshake
Upgrade: WebSocket
Connection: Upgrade
Sec-WebSocket-Accept: yvq1Xj7NHCWAOtdBRFFY5bbe0kY=

22:20:29.126 [AsyncHttpClient-1-1] DEBUG org.asynchttpclient.netty.channel.DefaultChannelPool - Entry count for : http://localhost:63377 : 1
22:20:29.126 [AsyncHttpClient-1-1] DEBUG org.asynchttpclient.netty.channel.DefaultChannelPool - Entry count for : http://localhost:37276 : 1
22:20:29.807 [main] DEBUG net.thucydides.core.reflection.ClassFinder - Could not load class .starter.CucumberTestSuite
22:20:29.808 [main] DEBUG net.thucydides.core.reflection.ClassFinder - Could not load class .starter.pages.BPJSpage
22:20:29.808 [main] DEBUG net.thucydides.core.reflection.ClassFinder - Could not load class .starter.pages.PDAMPage
22:20:29.808 [main] DEBUG net.thucydides.core.reflection.ClassFinder - Could not load class .starter.pages.PromoPage
22:20:29.808 [main] DEBUG net.thucydides.core.reflection.ClassFinder - Could not load class .starter.pages.PulsanPaketData
22:20:29.808 [main] DEBUG net.thucydides.core.reflection.ClassFinder - Could not load class .starter.pages.TopUpPage
22:20:29.808 [main] DEBUG net.thucydides.core.reflection.ClassFinder - Could not load class .starter.pages.TransaksiPage
22:20:29.808 [main] DEBUG net.thucydides.core.reflection.ClassFinder - Could not load class .starter.pages.WifiPage
22:20:29.808 [main] DEBUG net.thucydides.core.reflection.ClassFinder - Could not load class .starter.stepdefinitions.BPJSsteps
22:20:29.808 [main] DEBUG net.thucydides.core.reflection.ClassFinder - Could not load class .starter.stepdefinitions.PDAMSteps
22:20:29.808 [main] DEBUG net.thucydides.core.reflection.ClassFinder - Could not load class .starter.stepdefinitions.PromoSteps
22:20:29.808 [main] DEBUG net.thucydides.core.reflection.ClassFinder - Could not load class .starter.stepdefinitions.PulsanPaketDataSteps
22:20:29.809 [main] DEBUG net.thucydides.core.reflection.ClassFinder - Could not load class .starter.stepdefinitions.TopUpSteps
22:20:29.809 [main] DEBUG net.thucydides.core.reflection.ClassFinder - Could not load class .starter.stepdefinitions.TransaksiSteps
22:20:29.809 [main] DEBUG net.thucydides.core.reflection.ClassFinder - Could not load class .starter.stepdefinitions.WifiSteps
22:20:29.810 [main] DEBUG net.thucydides.core.reflection.ClassFinder - Could not load class META-INF.versions.9.com.sun.istack.logging.StackHelper
22:20:29.811 [main] DEBUG net.thucydides.core.reflection.ClassFinder - Could not load class META-INF.versions.9.com.sun.xml.bind.v2.runtime.reflect.opt.AccessorInjector
22:20:29.812 [main] DEBUG net.thucydides.core.reflection.ClassFinder - Could not load class META-INF.versions.9.com.sun.xml.bind.v2.runtime.reflect.opt.Injector
22:20:29.813 [main] DEBUG net.thucydides.core.reflection.ClassFinder - Could not load class META-INF.versions.9.com.sun.xml.bind.v2.runtime.reflect.opt.OptimizedAccessorFactory
22:20:29.814 [main] DEBUG net.thucydides.core.reflection.ClassFinder - Could not load class META-INF.versions.9.com.sun.xml.bind.v2.runtime.reflect.opt.OptimizedTransducedAccessorFactory
22:20:29.815 [main] DEBUG net.thucydides.core.reflection.ClassFinder - Could not load class META-INF.versions.9.io.opentelemetry.sdk.internal.CurrentJavaVersionSpecific
22:20:29.816 [main] DEBUG net.thucydides.core.reflection.ClassFinder - Could not load class META-INF.versions.9.io.opentelemetry.sdk.internal.Java9VersionSpecific
22:20:29.818 [main] DEBUG net.thucydides.core.reflection.ClassFinder - Could not load class META-INF.versions.9.javax.xml.bind.ModuleUtil
22:20:29.819 [main] DEBUG net.thucydides.core.reflection.ClassFinder - Could not load class META-INF.versions.9.module-info
22:20:29.821 [main] DEBUG net.thucydides.core.reflection.ClassFinder - Could not load class META-INF.versions.9.org.junit.platform.commons.util.ModuleUtils
22:20:30.212 [AsyncHttpClient-1-1] DEBUG org.asynchttpclient.netty.channel.DefaultChannelPool - Entry count for : http://localhost:63377 : 1
22:20:30.212 [AsyncHttpClient-1-1] DEBUG org.asynchttpclient.netty.channel.DefaultChannelPool - Entry count for : http://localhost:37276 : 1
22:20:30.432 [main] DEBUG net.thucydides.core.reflection.ClassFinder - Could not load class com.google.gson.internal.
22:20:30.796 [main] DEBUG net.thucydides.core.reflection.ClassFinder - Could not load class com.sun.xml.bind.v2.runtime.output.FastInfosetStreamWriterOutput
22:20:31.318 [AsyncHttpClient-1-1] DEBUG org.asynchttpclient.netty.channel.DefaultChannelPool - Entry count for : http://localhost:63377 : 1
22:20:31.318 [AsyncHttpClient-1-1] DEBUG org.asynchttpclient.netty.channel.DefaultChannelPool - Entry count for : http://localhost:37276 : 1
22:20:31.804 [main] DEBUG net.thucydides.core.reflection.ClassFinder - Could not load class module-info
22:20:32.422 [AsyncHttpClient-1-1] DEBUG org.asynchttpclient.netty.channel.DefaultChannelPool - Entry count for : http://localhost:63377 : 1
22:20:32.422 [AsyncHttpClient-1-1] DEBUG org.asynchttpclient.netty.channel.DefaultChannelPool - Entry count for : http://localhost:37276 : 1
22:20:33.519 [AsyncHttpClient-1-1] DEBUG org.asynchttpclient.netty.channel.DefaultChannelPool - Entry count for : http://localhost:63377 : 1
22:20:33.527 [AsyncHttpClient-1-1] DEBUG org.asynchttpclient.netty.channel.DefaultChannelPool - Entry count for : http://localhost:37276 : 1
22:20:34.617 [AsyncHttpClient-1-1] DEBUG org.asynchttpclient.netty.channel.DefaultChannelPool - Entry count for : http://localhost:63377 : 1
22:20:34.617 [AsyncHttpClient-1-1] DEBUG org.asynchttpclient.netty.channel.DefaultChannelPool - Entry count for : http://localhost:37276 : 1
22:20:35.714 [AsyncHttpClient-1-1] DEBUG org.asynchttpclient.netty.channel.DefaultChannelPool - Entry count for : http://localhost:63377 : 1
22:20:35.714 [AsyncHttpClient-1-1] DEBUG org.asynchttpclient.netty.channel.DefaultChannelPool - Entry count for : http://localhost:37276 : 1
22:20:36.812 [AsyncHttpClient-1-1] DEBUG org.asynchttpclient.netty.channel.DefaultChannelPool - Entry count for : http://localhost:63377 : 1
22:20:36.812 [AsyncHttpClient-1-1] DEBUG org.asynchttpclient.netty.channel.DefaultChannelPool - Entry count for : http://localhost:37276 : 1
22:20:37.911 [AsyncHttpClient-1-1] DEBUG org.asynchttpclient.netty.channel.DefaultChannelPool - Entry count for : http://localhost:63377 : 1
22:20:37.911 [AsyncHttpClient-1-1] DEBUG org.asynchttpclient.netty.channel.DefaultChannelPool - Entry count for : http://localhost:37276 : 1
22:20:38.265 [Forwarding get on session 4578cf1c5f13ff694115b91c5065c0a5 to remote] DEBUG org.asynchttpclient.netty.request.NettyRequestSender - Using pooled Channel '[id: 0x1f7c3932, L:/127.0.0.1:63376 - R:localhost/127.0.0.1:37276]' for 'POST' to 'http://localhost:37276/session/4578cf1c5f13ff694115b91c5065c0a5/url'
22:20:38.265 [Forwarding get on session 4578cf1c5f13ff694115b91c5065c0a5 to remote] DEBUG org.asynchttpclient.netty.request.NettyRequestSender - Using open Channel [id: 0x1f7c3932, L:/127.0.0.1:63376 - R:localhost/127.0.0.1:37276] for POST '/session/4578cf1c5f13ff694115b91c5065c0a5/url'
22:20:39.012 [AsyncHttpClient-1-1] DEBUG org.asynchttpclient.netty.channel.DefaultChannelPool - Entry count for : http://localhost:63377 : 1
22:20:39.998 [AsyncHttpClient-1-2] DEBUG org.asynchttpclient.netty.handler.HttpHandler - 

Request DefaultHttpRequest(decodeResult: success, version: HTTP/1.1)
POST /session/4578cf1c5f13ff694115b91c5065c0a5/url HTTP/1.1
User-Agent: selenium/4.7.1 (java windows)
Content-Length: 69
Content-Type: application/json; charset=utf-8
host: localhost:37276
accept: */*

Response DefaultHttpResponse(decodeResult: success, version: HTTP/1.1)
HTTP/1.1 200 OK
Content-Type: application/json; charset=utf-8
cache-control: no-cache
content-length: 14

22:20:40.006 [AsyncHttpClient-1-2] DEBUG org.asynchttpclient.netty.channel.ChannelManager - Adding key: http://localhost:37276 for channel [id: 0x1f7c3932, L:/127.0.0.1:63376 - R:localhost/127.0.0.1:37276]
22:20:40.014 [Forwarding setTimeout on session 4578cf1c5f13ff694115b91c5065c0a5 to remote] DEBUG org.asynchttpclient.netty.request.NettyRequestSender - Using pooled Channel '[id: 0x1f7c3932, L:/127.0.0.1:63376 - R:localhost/127.0.0.1:37276]' for 'POST' to 'http://localhost:37276/session/4578cf1c5f13ff694115b91c5065c0a5/timeouts'
22:20:40.014 [Forwarding setTimeout on session 4578cf1c5f13ff694115b91c5065c0a5 to remote] DEBUG org.asynchttpclient.netty.request.NettyRequestSender - Using open Channel [id: 0x1f7c3932, L:/127.0.0.1:63376 - R:localhost/127.0.0.1:37276] for POST '/session/4578cf1c5f13ff694115b91c5065c0a5/timeouts'
22:20:40.022 [AsyncHttpClient-1-2] DEBUG org.asynchttpclient.netty.handler.HttpHandler - 

Request DefaultHttpRequest(decodeResult: success, version: HTTP/1.1)
POST /session/4578cf1c5f13ff694115b91c5065c0a5/timeouts HTTP/1.1
User-Agent: selenium/4.7.1 (java windows)
Content-Length: 22
Content-Type: application/json; charset=utf-8
host: localhost:37276
accept: */*

Response DefaultHttpResponse(decodeResult: success, version: HTTP/1.1)
HTTP/1.1 200 OK
Content-Type: application/json; charset=utf-8
cache-control: no-cache
content-length: 14

22:20:40.022 [AsyncHttpClient-1-2] DEBUG org.asynchttpclient.netty.channel.ChannelManager - Adding key: http://localhost:37276 for channel [id: 0x1f7c3932, L:/127.0.0.1:63376 - R:localhost/127.0.0.1:37276]
22:20:40.038 [Forwarding getCurrentUrl on session 4578cf1c5f13ff694115b91c5065c0a5 to remote] DEBUG org.asynchttpclient.netty.request.NettyRequestSender - Using pooled Channel '[id: 0x1f7c3932, L:/127.0.0.1:63376 - R:localhost/127.0.0.1:37276]' for 'GET' to 'http://localhost:37276/session/4578cf1c5f13ff694115b91c5065c0a5/url'
22:20:40.038 [Forwarding getCurrentUrl on session 4578cf1c5f13ff694115b91c5065c0a5 to remote] DEBUG org.asynchttpclient.netty.request.NettyRequestSender - Using open Channel [id: 0x1f7c3932, L:/127.0.0.1:63376 - R:localhost/127.0.0.1:37276] for GET '/session/4578cf1c5f13ff694115b91c5065c0a5/url'
22:20:40.046 [AsyncHttpClient-1-2] DEBUG org.asynchttpclient.netty.handler.HttpHandler - 

Request DefaultFullHttpRequest(decodeResult: success, version: HTTP/1.1, content: EmptyByteBufBE)
GET /session/4578cf1c5f13ff694115b91c5065c0a5/url HTTP/1.1
User-Agent: selenium/4.7.1 (java windows)
Cache-Control: no-cache
Content-Type: application/json; charset=utf-8
host: localhost:37276
accept: */*

Response DefaultHttpResponse(decodeResult: success, version: HTTP/1.1)
HTTP/1.1 200 OK
Content-Type: application/json; charset=utf-8
cache-control: no-cache
content-length: 51

22:20:40.054 [AsyncHttpClient-1-2] DEBUG org.asynchttpclient.netty.channel.ChannelManager - Adding key: http://localhost:37276 for channel [id: 0x1f7c3932, L:/127.0.0.1:63376 - R:localhost/127.0.0.1:37276]
22:20:40.062 [Forwarding getCurrentUrl on session 4578cf1c5f13ff694115b91c5065c0a5 to remote] DEBUG org.asynchttpclient.netty.request.NettyRequestSender - Using pooled Channel '[id: 0x1f7c3932, L:/127.0.0.1:63376 - R:localhost/127.0.0.1:37276]' for 'GET' to 'http://localhost:37276/session/4578cf1c5f13ff694115b91c5065c0a5/url'
22:20:40.062 [Forwarding getCurrentUrl on session 4578cf1c5f13ff694115b91c5065c0a5 to remote] DEBUG org.asynchttpclient.netty.request.NettyRequestSender - Using open Channel [id: 0x1f7c3932, L:/127.0.0.1:63376 - R:localhost/127.0.0.1:37276] for GET '/session/4578cf1c5f13ff694115b91c5065c0a5/url'
22:20:40.070 [AsyncHttpClient-1-2] DEBUG org.asynchttpclient.netty.handler.HttpHandler - 

Request DefaultFullHttpRequest(decodeResult: success, version: HTTP/1.1, content: EmptyByteBufBE)
GET /session/4578cf1c5f13ff694115b91c5065c0a5/url HTTP/1.1
User-Agent: selenium/4.7.1 (java windows)
Cache-Control: no-cache
Content-Type: application/json; charset=utf-8
host: localhost:37276
accept: */*

Response DefaultHttpResponse(decodeResult: success, version: HTTP/1.1)
HTTP/1.1 200 OK
Content-Type: application/json; charset=utf-8
cache-control: no-cache
content-length: 51

22:20:40.070 [AsyncHttpClient-1-2] DEBUG org.asynchttpclient.netty.channel.ChannelManager - Adding key: http://localhost:37276 for channel [id: 0x1f7c3932, L:/127.0.0.1:63376 - R:localhost/127.0.0.1:37276]
22:20:40.102 [Forwarding findElement on session 4578cf1c5f13ff694115b91c5065c0a5 to remote] DEBUG org.asynchttpclient.netty.request.NettyRequestSender - Using pooled Channel '[id: 0x1f7c3932, L:/127.0.0.1:63376 - R:localhost/127.0.0.1:37276]' for 'POST' to 'http://localhost:37276/session/4578cf1c5f13ff694115b91c5065c0a5/element'
22:20:40.102 [Forwarding findElement on session 4578cf1c5f13ff694115b91c5065c0a5 to remote] DEBUG org.asynchttpclient.netty.request.NettyRequestSender - Using open Channel [id: 0x1f7c3932, L:/127.0.0.1:63376 - R:localhost/127.0.0.1:37276] for POST '/session/4578cf1c5f13ff694115b91c5065c0a5/element'
22:20:40.126 [AsyncHttpClient-1-1] DEBUG org.asynchttpclient.netty.channel.DefaultChannelPool - Entry count for : http://localhost:63377 : 1
22:20:40.126 [AsyncHttpClient-1-2] DEBUG org.asynchttpclient.netty.handler.HttpHandler - 

Request DefaultHttpRequest(decodeResult: success, version: HTTP/1.1)
POST /session/4578cf1c5f13ff694115b91c5065c0a5/element HTTP/1.1
User-Agent: selenium/4.7.1 (java windows)
Content-Length: 84
Content-Type: application/json; charset=utf-8
host: localhost:37276
accept: */*

Response DefaultHttpResponse(decodeResult: success, version: HTTP/1.1)
HTTP/1.1 200 OK
Content-Type: application/json; charset=utf-8
cache-control: no-cache
content-length: 95

22:20:40.126 [AsyncHttpClient-1-2] DEBUG org.asynchttpclient.netty.channel.ChannelManager - Adding key: http://localhost:37276 for channel [id: 0x1f7c3932, L:/127.0.0.1:63376 - R:localhost/127.0.0.1:37276]
22:20:40.166 [Forwarding isElementDisplayed on session 4578cf1c5f13ff694115b91c5065c0a5 to remote] DEBUG org.asynchttpclient.netty.request.NettyRequestSender - Using pooled Channel '[id: 0x1f7c3932, L:/127.0.0.1:63376 - R:localhost/127.0.0.1:37276]' for 'POST' to 'http://localhost:37276/session/4578cf1c5f13ff694115b91c5065c0a5/execute/sync'
22:20:40.166 [Forwarding isElementDisplayed on session 4578cf1c5f13ff694115b91c5065c0a5 to remote] DEBUG org.asynchttpclient.netty.request.NettyRequestSender - Using open Channel [id: 0x1f7c3932, L:/127.0.0.1:63376 - R:localhost/127.0.0.1:37276] for POST '/session/4578cf1c5f13ff694115b91c5065c0a5/execute/sync'
22:20:40.207 [AsyncHttpClient-1-2] DEBUG org.asynchttpclient.netty.handler.HttpHandler - 

Request DefaultHttpRequest(decodeResult: success, version: HTTP/1.1)
POST /session/4578cf1c5f13ff694115b91c5065c0a5/execute/sync HTTP/1.1
User-Agent: selenium/4.7.1 (java windows)
Content-Length: 48787
Content-Type: application/json; charset=utf-8
host: localhost:37276
accept: */*

Response DefaultHttpResponse(decodeResult: success, version: HTTP/1.1)
HTTP/1.1 200 OK
Content-Type: application/json; charset=utf-8
cache-control: no-cache
content-length: 14

22:20:40.207 [AsyncHttpClient-1-2] DEBUG org.asynchttpclient.netty.channel.ChannelManager - Adding key: http://localhost:37276 for channel [id: 0x1f7c3932, L:/127.0.0.1:63376 - R:localhost/127.0.0.1:37276]
22:20:40.214 [Forwarding isElementDisplayed on session 4578cf1c5f13ff694115b91c5065c0a5 to remote] DEBUG org.asynchttpclient.netty.request.NettyRequestSender - Using pooled Channel '[id: 0x1f7c3932, L:/127.0.0.1:63376 - R:localhost/127.0.0.1:37276]' for 'POST' to 'http://localhost:37276/session/4578cf1c5f13ff694115b91c5065c0a5/execute/sync'
22:20:40.214 [Forwarding isElementDisplayed on session 4578cf1c5f13ff694115b91c5065c0a5 to remote] DEBUG org.asynchttpclient.netty.request.NettyRequestSender - Using open Channel [id: 0x1f7c3932, L:/127.0.0.1:63376 - R:localhost/127.0.0.1:37276] for POST '/session/4578cf1c5f13ff694115b91c5065c0a5/execute/sync'
22:20:40.246 [AsyncHttpClient-1-2] DEBUG org.asynchttpclient.netty.handler.HttpHandler - 

Request DefaultHttpRequest(decodeResult: success, version: HTTP/1.1)
POST /session/4578cf1c5f13ff694115b91c5065c0a5/execute/sync HTTP/1.1
User-Agent: selenium/4.7.1 (java windows)
Content-Length: 48787
Content-Type: application/json; charset=utf-8
host: localhost:37276
accept: */*

Response DefaultHttpResponse(decodeResult: success, version: HTTP/1.1)
HTTP/1.1 200 OK
Content-Type: application/json; charset=utf-8
cache-control: no-cache
content-length: 14

22:20:40.246 [AsyncHttpClient-1-2] DEBUG org.asynchttpclient.netty.channel.ChannelManager - Adding key: http://localhost:37276 for channel [id: 0x1f7c3932, L:/127.0.0.1:63376 - R:localhost/127.0.0.1:37276]
22:20:40.286 [main] DEBUG net.serenitybdd.core.photography.Darkroom - Opening darkroom
22:20:40.294 [Darkroom Processing Line] DEBUG net.serenitybdd.core.photography.DarkroomProcessingLine - Darkroom processing line starting up
22:20:40.310 [Forwarding getCurrentWindowHandle on session 4578cf1c5f13ff694115b91c5065c0a5 to remote] DEBUG org.asynchttpclient.netty.request.NettyRequestSender - Using pooled Channel '[id: 0x1f7c3932, L:/127.0.0.1:63376 - R:localhost/127.0.0.1:37276]' for 'GET' to 'http://localhost:37276/session/4578cf1c5f13ff694115b91c5065c0a5/window'
22:20:40.310 [Forwarding getCurrentWindowHandle on session 4578cf1c5f13ff694115b91c5065c0a5 to remote] DEBUG org.asynchttpclient.netty.request.NettyRequestSender - Using open Channel [id: 0x1f7c3932, L:/127.0.0.1:63376 - R:localhost/127.0.0.1:37276] for GET '/session/4578cf1c5f13ff694115b91c5065c0a5/window'
22:20:40.319 [AsyncHttpClient-1-2] DEBUG org.asynchttpclient.netty.handler.HttpHandler - 

Request DefaultFullHttpRequest(decodeResult: success, version: HTTP/1.1, content: EmptyByteBufBE)
GET /session/4578cf1c5f13ff694115b91c5065c0a5/window HTTP/1.1
User-Agent: selenium/4.7.1 (java windows)
Cache-Control: no-cache
Content-Type: application/json; charset=utf-8
host: localhost:37276
accept: */*

Response DefaultHttpResponse(decodeResult: success, version: HTTP/1.1)
HTTP/1.1 200 OK
Content-Type: application/json; charset=utf-8
cache-control: no-cache
content-length: 44

22:20:40.319 [AsyncHttpClient-1-2] DEBUG org.asynchttpclient.netty.channel.ChannelManager - Adding key: http://localhost:37276 for channel [id: 0x1f7c3932, L:/127.0.0.1:63376 - R:localhost/127.0.0.1:37276]
22:20:40.319 [Forwarding getAlertText on session 4578cf1c5f13ff694115b91c5065c0a5 to remote] DEBUG org.asynchttpclient.netty.request.NettyRequestSender - Using pooled Channel '[id: 0x1f7c3932, L:/127.0.0.1:63376 - R:localhost/127.0.0.1:37276]' for 'GET' to 'http://localhost:37276/session/4578cf1c5f13ff694115b91c5065c0a5/alert/text'
22:20:40.319 [Forwarding getAlertText on session 4578cf1c5f13ff694115b91c5065c0a5 to remote] DEBUG org.asynchttpclient.netty.request.NettyRequestSender - Using open Channel [id: 0x1f7c3932, L:/127.0.0.1:63376 - R:localhost/127.0.0.1:37276] for GET '/session/4578cf1c5f13ff694115b91c5065c0a5/alert/text'
22:20:40.327 [AsyncHttpClient-1-2] DEBUG org.asynchttpclient.netty.handler.HttpHandler - 

Request DefaultFullHttpRequest(decodeResult: success, version: HTTP/1.1, content: EmptyByteBufBE)
GET /session/4578cf1c5f13ff694115b91c5065c0a5/alert/text HTTP/1.1
User-Agent: selenium/4.7.1 (java windows)
Cache-Control: no-cache
Content-Type: application/json; charset=utf-8
host: localhost:37276
accept: */*

Response DefaultHttpResponse(decodeResult: success, version: HTTP/1.1)
HTTP/1.1 404 Not Found
Content-Type: application/json; charset=utf-8
cache-control: no-cache
content-length: 821

22:20:40.327 [AsyncHttpClient-1-2] DEBUG org.asynchttpclient.netty.channel.ChannelManager - Adding key: http://localhost:37276 for channel [id: 0x1f7c3932, L:/127.0.0.1:63376 - R:localhost/127.0.0.1:37276]
22:20:40.343 [Forwarding switchToWindow on session 4578cf1c5f13ff694115b91c5065c0a5 to remote] DEBUG org.asynchttpclient.netty.request.NettyRequestSender - Using pooled Channel '[id: 0x1f7c3932, L:/127.0.0.1:63376 - R:localhost/127.0.0.1:37276]' for 'POST' to 'http://localhost:37276/session/4578cf1c5f13ff694115b91c5065c0a5/window'
22:20:40.343 [Forwarding switchToWindow on session 4578cf1c5f13ff694115b91c5065c0a5 to remote] DEBUG org.asynchttpclient.netty.request.NettyRequestSender - Using open Channel [id: 0x1f7c3932, L:/127.0.0.1:63376 - R:localhost/127.0.0.1:37276] for POST '/session/4578cf1c5f13ff694115b91c5065c0a5/window'
22:20:40.343 [AsyncHttpClient-1-2] DEBUG org.asynchttpclient.netty.handler.HttpHandler - 

Request DefaultHttpRequest(decodeResult: success, version: HTTP/1.1)
POST /session/4578cf1c5f13ff694115b91c5065c0a5/window HTTP/1.1
User-Agent: selenium/4.7.1 (java windows)
Content-Length: 50
Content-Type: application/json; charset=utf-8
host: localhost:37276
accept: */*

Response DefaultHttpResponse(decodeResult: success, version: HTTP/1.1)
HTTP/1.1 200 OK
Content-Type: application/json; charset=utf-8
cache-control: no-cache
content-length: 14

22:20:40.343 [AsyncHttpClient-1-2] DEBUG org.asynchttpclient.netty.channel.ChannelManager - Adding key: http://localhost:37276 for channel [id: 0x1f7c3932, L:/127.0.0.1:63376 - R:localhost/127.0.0.1:37276]
22:20:40.351 [Forwarding getCurrentUrl on session 4578cf1c5f13ff694115b91c5065c0a5 to remote] DEBUG org.asynchttpclient.netty.request.NettyRequestSender - Using pooled Channel '[id: 0x1f7c3932, L:/127.0.0.1:63376 - R:localhost/127.0.0.1:37276]' for 'GET' to 'http://localhost:37276/session/4578cf1c5f13ff694115b91c5065c0a5/url'
22:20:40.351 [Forwarding getCurrentUrl on session 4578cf1c5f13ff694115b91c5065c0a5 to remote] DEBUG org.asynchttpclient.netty.request.NettyRequestSender - Using open Channel [id: 0x1f7c3932, L:/127.0.0.1:63376 - R:localhost/127.0.0.1:37276] for GET '/session/4578cf1c5f13ff694115b91c5065c0a5/url'
22:20:40.359 [AsyncHttpClient-1-2] DEBUG org.asynchttpclient.netty.handler.HttpHandler - 

Request DefaultFullHttpRequest(decodeResult: success, version: HTTP/1.1, content: EmptyByteBufBE)
GET /session/4578cf1c5f13ff694115b91c5065c0a5/url HTTP/1.1
User-Agent: selenium/4.7.1 (java windows)
Cache-Control: no-cache
Content-Type: application/json; charset=utf-8
host: localhost:37276
accept: */*

Response DefaultHttpResponse(decodeResult: success, version: HTTP/1.1)
HTTP/1.1 200 OK
Content-Type: application/json; charset=utf-8
cache-control: no-cache
content-length: 51

22:20:40.359 [AsyncHttpClient-1-2] DEBUG org.asynchttpclient.netty.channel.ChannelManager - Adding key: http://localhost:37276 for channel [id: 0x1f7c3932, L:/127.0.0.1:63376 - R:localhost/127.0.0.1:37276]
22:20:40.359 [Forwarding screenshot on session 4578cf1c5f13ff694115b91c5065c0a5 to remote] DEBUG org.asynchttpclient.netty.request.NettyRequestSender - Using pooled Channel '[id: 0x1f7c3932, L:/127.0.0.1:63376 - R:localhost/127.0.0.1:37276]' for 'GET' to 'http://localhost:37276/session/4578cf1c5f13ff694115b91c5065c0a5/screenshot'
22:20:40.359 [Forwarding screenshot on session 4578cf1c5f13ff694115b91c5065c0a5 to remote] DEBUG org.asynchttpclient.netty.request.NettyRequestSender - Using open Channel [id: 0x1f7c3932, L:/127.0.0.1:63376 - R:localhost/127.0.0.1:37276] for GET '/session/4578cf1c5f13ff694115b91c5065c0a5/screenshot'
22:20:40.537 [AsyncHttpClient-1-2] DEBUG org.asynchttpclient.netty.handler.HttpHandler - 

Request DefaultFullHttpRequest(decodeResult: success, version: HTTP/1.1, content: EmptyByteBufBE)
GET /session/4578cf1c5f13ff694115b91c5065c0a5/screenshot HTTP/1.1
User-Agent: selenium/4.7.1 (java windows)
Cache-Control: no-cache
Content-Type: application/json; charset=utf-8
host: localhost:37276
accept: */*

Response DefaultHttpResponse(decodeResult: success, version: HTTP/1.1)
HTTP/1.1 200 OK
Content-Type: application/json; charset=utf-8
cache-control: no-cache
content-length: 190072

22:20:40.537 [AsyncHttpClient-1-2] DEBUG org.asynchttpclient.netty.channel.ChannelManager - Adding key: http://localhost:37276 for channel [id: 0x1f7c3932, L:/127.0.0.1:63376 - R:localhost/127.0.0.1:37276]
22:20:40.673 [main] DEBUG net.serenitybdd.core.photography.Darkroom - Send negative for processing for target\site\serenity\d1261d317105f2022b291c8c21a98672b375594a0da6ede8cb611245ceac006a.png
22:20:40.673 [Darkroom Processing Line] DEBUG net.serenitybdd.core.photography.DarkroomProcessingLine - Processing screenshot image in /var/screenshots/screenshot-2332698849902992832
22:20:40.673 [Darkroom Processing Line] DEBUG net.serenitybdd.core.photography.DarkroomProcessingLine - Saving screenshot to target\site\serenity\d1261d317105f2022b291c8c21a98672b375594a0da6ede8cb611245ceac006a.png
22:20:40.681 [main] DEBUG net.thucydides.core.steps.StepInterceptor - STEP DONE: diHomepageSkuyPay
22:20:40.689 [main] DEBUG net.thucydides.core.steps.StepInterceptor - STARTING STEP: TransaksiSteps.adminMelakukanLoginAkun - inputfieldemail
22:20:40.708 [Forwarding findElement on session 4578cf1c5f13ff694115b91c5065c0a5 to remote] DEBUG org.asynchttpclient.netty.request.NettyRequestSender - Using pooled Channel '[id: 0x1f7c3932, L:/127.0.0.1:63376 - R:localhost/127.0.0.1:37276]' for 'POST' to 'http://localhost:37276/session/4578cf1c5f13ff694115b91c5065c0a5/element'
22:20:40.708 [Forwarding findElement on session 4578cf1c5f13ff694115b91c5065c0a5 to remote] DEBUG org.asynchttpclient.netty.request.NettyRequestSender - Using open Channel [id: 0x1f7c3932, L:/127.0.0.1:63376 - R:localhost/127.0.0.1:37276] for POST '/session/4578cf1c5f13ff694115b91c5065c0a5/element'
22:20:40.721 [AsyncHttpClient-1-2] DEBUG org.asynchttpclient.netty.handler.HttpHandler - 

Request DefaultHttpRequest(decodeResult: success, version: HTTP/1.1)
POST /session/4578cf1c5f13ff694115b91c5065c0a5/element HTTP/1.1
User-Agent: selenium/4.7.1 (java windows)
Content-Length: 84
Content-Type: application/json; charset=utf-8
host: localhost:37276
accept: */*

Response DefaultHttpResponse(decodeResult: success, version: HTTP/1.1)
HTTP/1.1 200 OK
Content-Type: application/json; charset=utf-8
cache-control: no-cache
content-length: 95

22:20:40.721 [AsyncHttpClient-1-2] DEBUG org.asynchttpclient.netty.channel.ChannelManager - Adding key: http://localhost:37276 for channel [id: 0x1f7c3932, L:/127.0.0.1:63376 - R:localhost/127.0.0.1:37276]
22:20:40.729 [Forwarding getElementTagName on session 4578cf1c5f13ff694115b91c5065c0a5 to remote] DEBUG org.asynchttpclient.netty.request.NettyRequestSender - Using pooled Channel '[id: 0x1f7c3932, L:/127.0.0.1:63376 - R:localhost/127.0.0.1:37276]' for 'GET' to 'http://localhost:37276/session/4578cf1c5f13ff694115b91c5065c0a5/element/AF2DC5B78D69C6139DD124D5DE46B59D_element_11/name'
22:20:40.729 [Forwarding getElementTagName on session 4578cf1c5f13ff694115b91c5065c0a5 to remote] DEBUG org.asynchttpclient.netty.request.NettyRequestSender - Using open Channel [id: 0x1f7c3932, L:/127.0.0.1:63376 - R:localhost/127.0.0.1:37276] for GET '/session/4578cf1c5f13ff694115b91c5065c0a5/element/AF2DC5B78D69C6139DD124D5DE46B59D_element_11/name'
22:20:40.737 [AsyncHttpClient-1-2] DEBUG org.asynchttpclient.netty.handler.HttpHandler - 

Request DefaultFullHttpRequest(decodeResult: success, version: HTTP/1.1, content: EmptyByteBufBE)
GET /session/4578cf1c5f13ff694115b91c5065c0a5/element/AF2DC5B78D69C6139DD124D5DE46B59D_element_11/name HTTP/1.1
User-Agent: selenium/4.7.1 (java windows)
Cache-Control: no-cache
Content-Type: application/json; charset=utf-8
host: localhost:37276
accept: */*

Response DefaultHttpResponse(decodeResult: success, version: HTTP/1.1)
HTTP/1.1 200 OK
Content-Type: application/json; charset=utf-8
cache-control: no-cache
content-length: 17

22:20:40.737 [AsyncHttpClient-1-2] DEBUG org.asynchttpclient.netty.channel.ChannelManager - Adding key: http://localhost:37276 for channel [id: 0x1f7c3932, L:/127.0.0.1:63376 - R:localhost/127.0.0.1:37276]
22:20:40.737 [Forwarding getElementTagName on session 4578cf1c5f13ff694115b91c5065c0a5 to remote] DEBUG org.asynchttpclient.netty.request.NettyRequestSender - Using pooled Channel '[id: 0x1f7c3932, L:/127.0.0.1:63376 - R:localhost/127.0.0.1:37276]' for 'GET' to 'http://localhost:37276/session/4578cf1c5f13ff694115b91c5065c0a5/element/AF2DC5B78D69C6139DD124D5DE46B59D_element_11/name'
22:20:40.737 [Forwarding getElementTagName on session 4578cf1c5f13ff694115b91c5065c0a5 to remote] DEBUG org.asynchttpclient.netty.request.NettyRequestSender - Using open Channel [id: 0x1f7c3932, L:/127.0.0.1:63376 - R:localhost/127.0.0.1:37276] for GET '/session/4578cf1c5f13ff694115b91c5065c0a5/element/AF2DC5B78D69C6139DD124D5DE46B59D_element_11/name'
22:20:40.753 [AsyncHttpClient-1-2] DEBUG org.asynchttpclient.netty.handler.HttpHandler - 

Request DefaultFullHttpRequest(decodeResult: success, version: HTTP/1.1, content: EmptyByteBufBE)
GET /session/4578cf1c5f13ff694115b91c5065c0a5/element/AF2DC5B78D69C6139DD124D5DE46B59D_element_11/name HTTP/1.1
User-Agent: selenium/4.7.1 (java windows)
Cache-Control: no-cache
Content-Type: application/json; charset=utf-8
host: localhost:37276
accept: */*

Response DefaultHttpResponse(decodeResult: success, version: HTTP/1.1)
HTTP/1.1 200 OK
Content-Type: application/json; charset=utf-8
cache-control: no-cache
content-length: 17

22:20:40.753 [AsyncHttpClient-1-2] DEBUG org.asynchttpclient.netty.channel.ChannelManager - Adding key: http://localhost:37276 for channel [id: 0x1f7c3932, L:/127.0.0.1:63376 - R:localhost/127.0.0.1:37276]
22:20:40.753 [Forwarding isElementEnabled on session 4578cf1c5f13ff694115b91c5065c0a5 to remote] DEBUG org.asynchttpclient.netty.request.NettyRequestSender - Using pooled Channel '[id: 0x1f7c3932, L:/127.0.0.1:63376 - R:localhost/127.0.0.1:37276]' for 'GET' to 'http://localhost:37276/session/4578cf1c5f13ff694115b91c5065c0a5/element/AF2DC5B78D69C6139DD124D5DE46B59D_element_11/enabled'
22:20:40.753 [Forwarding isElementEnabled on session 4578cf1c5f13ff694115b91c5065c0a5 to remote] DEBUG org.asynchttpclient.netty.request.NettyRequestSender - Using open Channel [id: 0x1f7c3932, L:/127.0.0.1:63376 - R:localhost/127.0.0.1:37276] for GET '/session/4578cf1c5f13ff694115b91c5065c0a5/element/AF2DC5B78D69C6139DD124D5DE46B59D_element_11/enabled'
22:20:40.777 [AsyncHttpClient-1-2] DEBUG org.asynchttpclient.netty.handler.HttpHandler - 

Request DefaultFullHttpRequest(decodeResult: success, version: HTTP/1.1, content: EmptyByteBufBE)
GET /session/4578cf1c5f13ff694115b91c5065c0a5/element/AF2DC5B78D69C6139DD124D5DE46B59D_element_11/enabled HTTP/1.1
User-Agent: selenium/4.7.1 (java windows)
Cache-Control: no-cache
Content-Type: application/json; charset=utf-8
host: localhost:37276
accept: */*

Response DefaultHttpResponse(decodeResult: success, version: HTTP/1.1)
HTTP/1.1 200 OK
Content-Type: application/json; charset=utf-8
cache-control: no-cache
content-length: 14

22:20:40.777 [AsyncHttpClient-1-2] DEBUG org.asynchttpclient.netty.channel.ChannelManager - Adding key: http://localhost:37276 for channel [id: 0x1f7c3932, L:/127.0.0.1:63376 - R:localhost/127.0.0.1:37276]
22:20:40.777 [Forwarding isElementEnabled on session 4578cf1c5f13ff694115b91c5065c0a5 to remote] DEBUG org.asynchttpclient.netty.request.NettyRequestSender - Using pooled Channel '[id: 0x1f7c3932, L:/127.0.0.1:63376 - R:localhost/127.0.0.1:37276]' for 'GET' to 'http://localhost:37276/session/4578cf1c5f13ff694115b91c5065c0a5/element/AF2DC5B78D69C6139DD124D5DE46B59D_element_11/enabled'
22:20:40.777 [Forwarding isElementEnabled on session 4578cf1c5f13ff694115b91c5065c0a5 to remote] DEBUG org.asynchttpclient.netty.request.NettyRequestSender - Using open Channel [id: 0x1f7c3932, L:/127.0.0.1:63376 - R:localhost/127.0.0.1:37276] for GET '/session/4578cf1c5f13ff694115b91c5065c0a5/element/AF2DC5B78D69C6139DD124D5DE46B59D_element_11/enabled'
22:20:40.793 [AsyncHttpClient-1-2] DEBUG org.asynchttpclient.netty.handler.HttpHandler - 

Request DefaultFullHttpRequest(decodeResult: success, version: HTTP/1.1, content: EmptyByteBufBE)
GET /session/4578cf1c5f13ff694115b91c5065c0a5/element/AF2DC5B78D69C6139DD124D5DE46B59D_element_11/enabled HTTP/1.1
User-Agent: selenium/4.7.1 (java windows)
Cache-Control: no-cache
Content-Type: application/json; charset=utf-8
host: localhost:37276
accept: */*

Response DefaultHttpResponse(decodeResult: success, version: HTTP/1.1)
HTTP/1.1 200 OK
Content-Type: application/json; charset=utf-8
cache-control: no-cache
content-length: 14

22:20:40.793 [AsyncHttpClient-1-2] DEBUG org.asynchttpclient.netty.channel.ChannelManager - Adding key: http://localhost:37276 for channel [id: 0x1f7c3932, L:/127.0.0.1:63376 - R:localhost/127.0.0.1:37276]
22:20:40.801 [Forwarding findElement on session 4578cf1c5f13ff694115b91c5065c0a5 to remote] DEBUG org.asynchttpclient.netty.request.NettyRequestSender - Using pooled Channel '[id: 0x1f7c3932, L:/127.0.0.1:63376 - R:localhost/127.0.0.1:37276]' for 'POST' to 'http://localhost:37276/session/4578cf1c5f13ff694115b91c5065c0a5/element'
22:20:40.801 [Forwarding findElement on session 4578cf1c5f13ff694115b91c5065c0a5 to remote] DEBUG org.asynchttpclient.netty.request.NettyRequestSender - Using open Channel [id: 0x1f7c3932, L:/127.0.0.1:63376 - R:localhost/127.0.0.1:37276] for POST '/session/4578cf1c5f13ff694115b91c5065c0a5/element'
22:20:40.809 [AsyncHttpClient-1-2] DEBUG org.asynchttpclient.netty.handler.HttpHandler - 

Request DefaultHttpRequest(decodeResult: success, version: HTTP/1.1)
POST /session/4578cf1c5f13ff694115b91c5065c0a5/element HTTP/1.1
User-Agent: selenium/4.7.1 (java windows)
Content-Length: 84
Content-Type: application/json; charset=utf-8
host: localhost:37276
accept: */*

Response DefaultHttpResponse(decodeResult: success, version: HTTP/1.1)
HTTP/1.1 200 OK
Content-Type: application/json; charset=utf-8
cache-control: no-cache
content-length: 95

22:20:40.809 [AsyncHttpClient-1-2] DEBUG org.asynchttpclient.netty.channel.ChannelManager - Adding key: http://localhost:37276 for channel [id: 0x1f7c3932, L:/127.0.0.1:63376 - R:localhost/127.0.0.1:37276]
22:20:40.817 [Forwarding clickElement on session 4578cf1c5f13ff694115b91c5065c0a5 to remote] DEBUG org.asynchttpclient.netty.request.NettyRequestSender - Using pooled Channel '[id: 0x1f7c3932, L:/127.0.0.1:63376 - R:localhost/127.0.0.1:37276]' for 'POST' to 'http://localhost:37276/session/4578cf1c5f13ff694115b91c5065c0a5/element/AF2DC5B78D69C6139DD124D5DE46B59D_element_11/click'
22:20:40.817 [Forwarding clickElement on session 4578cf1c5f13ff694115b91c5065c0a5 to remote] DEBUG org.asynchttpclient.netty.request.NettyRequestSender - Using open Channel [id: 0x1f7c3932, L:/127.0.0.1:63376 - R:localhost/127.0.0.1:37276] for POST '/session/4578cf1c5f13ff694115b91c5065c0a5/element/AF2DC5B78D69C6139DD124D5DE46B59D_element_11/click'
22:20:40.945 [AsyncHttpClient-1-2] DEBUG org.asynchttpclient.netty.handler.HttpHandler - 

Request DefaultHttpRequest(decodeResult: success, version: HTTP/1.1)
POST /session/4578cf1c5f13ff694115b91c5065c0a5/element/AF2DC5B78D69C6139DD124D5DE46B59D_element_11/click HTTP/1.1
User-Agent: selenium/4.7.1 (java windows)
Content-Length: 57
Content-Type: application/json; charset=utf-8
host: localhost:37276
accept: */*

Response DefaultHttpResponse(decodeResult: success, version: HTTP/1.1)
HTTP/1.1 200 OK
Content-Type: application/json; charset=utf-8
cache-control: no-cache
content-length: 14

22:20:40.945 [AsyncHttpClient-1-2] DEBUG org.asynchttpclient.netty.channel.ChannelManager - Adding key: http://localhost:37276 for channel [id: 0x1f7c3932, L:/127.0.0.1:63376 - R:localhost/127.0.0.1:37276]
22:20:40.953 [Forwarding findElement on session 4578cf1c5f13ff694115b91c5065c0a5 to remote] DEBUG org.asynchttpclient.netty.request.NettyRequestSender - Using pooled Channel '[id: 0x1f7c3932, L:/127.0.0.1:63376 - R:localhost/127.0.0.1:37276]' for 'POST' to 'http://localhost:37276/session/4578cf1c5f13ff694115b91c5065c0a5/element'
22:20:40.961 [Forwarding findElement on session 4578cf1c5f13ff694115b91c5065c0a5 to remote] DEBUG org.asynchttpclient.netty.request.NettyRequestSender - Using open Channel [id: 0x1f7c3932, L:/127.0.0.1:63376 - R:localhost/127.0.0.1:37276] for POST '/session/4578cf1c5f13ff694115b91c5065c0a5/element'
22:20:40.969 [AsyncHttpClient-1-2] DEBUG org.asynchttpclient.netty.handler.HttpHandler - 

Request DefaultHttpRequest(decodeResult: success, version: HTTP/1.1)
POST /session/4578cf1c5f13ff694115b91c5065c0a5/element HTTP/1.1
User-Agent: selenium/4.7.1 (java windows)
Content-Length: 84
Content-Type: application/json; charset=utf-8
host: localhost:37276
accept: */*

Response DefaultHttpResponse(decodeResult: success, version: HTTP/1.1)
HTTP/1.1 200 OK
Content-Type: application/json; charset=utf-8
cache-control: no-cache
content-length: 95

22:20:40.969 [AsyncHttpClient-1-2] DEBUG org.asynchttpclient.netty.channel.ChannelManager - Adding key: http://localhost:37276 for channel [id: 0x1f7c3932, L:/127.0.0.1:63376 - R:localhost/127.0.0.1:37276]
22:20:40.977 [Forwarding clearElement on session 4578cf1c5f13ff694115b91c5065c0a5 to remote] DEBUG org.asynchttpclient.netty.request.NettyRequestSender - Using pooled Channel '[id: 0x1f7c3932, L:/127.0.0.1:63376 - R:localhost/127.0.0.1:37276]' for 'POST' to 'http://localhost:37276/session/4578cf1c5f13ff694115b91c5065c0a5/element/AF2DC5B78D69C6139DD124D5DE46B59D_element_11/clear'
22:20:40.977 [Forwarding clearElement on session 4578cf1c5f13ff694115b91c5065c0a5 to remote] DEBUG org.asynchttpclient.netty.request.NettyRequestSender - Using open Channel [id: 0x1f7c3932, L:/127.0.0.1:63376 - R:localhost/127.0.0.1:37276] for POST '/session/4578cf1c5f13ff694115b91c5065c0a5/element/AF2DC5B78D69C6139DD124D5DE46B59D_element_11/clear'
22:20:41.033 [AsyncHttpClient-1-2] DEBUG org.asynchttpclient.netty.handler.HttpHandler - 

Request DefaultHttpRequest(decodeResult: success, version: HTTP/1.1)
POST /session/4578cf1c5f13ff694115b91c5065c0a5/element/AF2DC5B78D69C6139DD124D5DE46B59D_element_11/clear HTTP/1.1
User-Agent: selenium/4.7.1 (java windows)
Content-Length: 57
Content-Type: application/json; charset=utf-8
host: localhost:37276
accept: */*

Response DefaultHttpResponse(decodeResult: success, version: HTTP/1.1)
HTTP/1.1 200 OK
Content-Type: application/json; charset=utf-8
cache-control: no-cache
content-length: 14

22:20:41.033 [AsyncHttpClient-1-2] DEBUG org.asynchttpclient.netty.channel.ChannelManager - Adding key: http://localhost:37276 for channel [id: 0x1f7c3932, L:/127.0.0.1:63376 - R:localhost/127.0.0.1:37276]
22:20:41.042 [Forwarding sendKeysToElement on session 4578cf1c5f13ff694115b91c5065c0a5 to remote] DEBUG org.asynchttpclient.netty.request.NettyRequestSender - Using pooled Channel '[id: 0x1f7c3932, L:/127.0.0.1:63376 - R:localhost/127.0.0.1:37276]' for 'POST' to 'http://localhost:37276/session/4578cf1c5f13ff694115b91c5065c0a5/element/AF2DC5B78D69C6139DD124D5DE46B59D_element_11/value'
22:20:41.042 [Forwarding sendKeysToElement on session 4578cf1c5f13ff694115b91c5065c0a5 to remote] DEBUG org.asynchttpclient.netty.request.NettyRequestSender - Using open Channel [id: 0x1f7c3932, L:/127.0.0.1:63376 - R:localhost/127.0.0.1:37276] for POST '/session/4578cf1c5f13ff694115b91c5065c0a5/element/AF2DC5B78D69C6139DD124D5DE46B59D_element_11/value'
22:20:41.169 [AsyncHttpClient-1-2] DEBUG org.asynchttpclient.netty.handler.HttpHandler - 

Request DefaultHttpRequest(decodeResult: success, version: HTTP/1.1)
POST /session/4578cf1c5f13ff694115b91c5065c0a5/element/AF2DC5B78D69C6139DD124D5DE46B59D_element_11/value HTTP/1.1
User-Agent: selenium/4.7.1 (java windows)
Content-Length: 228
Content-Type: application/json; charset=utf-8
host: localhost:37276
accept: */*

Response DefaultHttpResponse(decodeResult: success, version: HTTP/1.1)
HTTP/1.1 200 OK
Content-Type: application/json; charset=utf-8
cache-control: no-cache
content-length: 14

22:20:41.169 [AsyncHttpClient-1-2] DEBUG org.asynchttpclient.netty.channel.ChannelManager - Adding key: http://localhost:37276 for channel [id: 0x1f7c3932, L:/127.0.0.1:63376 - R:localhost/127.0.0.1:37276]
22:20:41.185 [Forwarding getCurrentWindowHandle on session 4578cf1c5f13ff694115b91c5065c0a5 to remote] DEBUG org.asynchttpclient.netty.request.NettyRequestSender - Using pooled Channel '[id: 0x1f7c3932, L:/127.0.0.1:63376 - R:localhost/127.0.0.1:37276]' for 'GET' to 'http://localhost:37276/session/4578cf1c5f13ff694115b91c5065c0a5/window'
22:20:41.185 [Forwarding getCurrentWindowHandle on session 4578cf1c5f13ff694115b91c5065c0a5 to remote] DEBUG org.asynchttpclient.netty.request.NettyRequestSender - Using open Channel [id: 0x1f7c3932, L:/127.0.0.1:63376 - R:localhost/127.0.0.1:37276] for GET '/session/4578cf1c5f13ff694115b91c5065c0a5/window'
22:20:41.185 [AsyncHttpClient-1-2] DEBUG org.asynchttpclient.netty.handler.HttpHandler - 

Request DefaultFullHttpRequest(decodeResult: success, version: HTTP/1.1, content: EmptyByteBufBE)
GET /session/4578cf1c5f13ff694115b91c5065c0a5/window HTTP/1.1
User-Agent: selenium/4.7.1 (java windows)
Cache-Control: no-cache
Content-Type: application/json; charset=utf-8
host: localhost:37276
accept: */*

Response DefaultHttpResponse(decodeResult: success, version: HTTP/1.1)
HTTP/1.1 200 OK
Content-Type: application/json; charset=utf-8
cache-control: no-cache
content-length: 44

22:20:41.185 [AsyncHttpClient-1-2] DEBUG org.asynchttpclient.netty.channel.ChannelManager - Adding key: http://localhost:37276 for channel [id: 0x1f7c3932, L:/127.0.0.1:63376 - R:localhost/127.0.0.1:37276]
22:20:41.185 [Forwarding getAlertText on session 4578cf1c5f13ff694115b91c5065c0a5 to remote] DEBUG org.asynchttpclient.netty.request.NettyRequestSender - Using pooled Channel '[id: 0x1f7c3932, L:/127.0.0.1:63376 - R:localhost/127.0.0.1:37276]' for 'GET' to 'http://localhost:37276/session/4578cf1c5f13ff694115b91c5065c0a5/alert/text'
22:20:41.185 [Forwarding getAlertText on session 4578cf1c5f13ff694115b91c5065c0a5 to remote] DEBUG org.asynchttpclient.netty.request.NettyRequestSender - Using open Channel [id: 0x1f7c3932, L:/127.0.0.1:63376 - R:localhost/127.0.0.1:37276] for GET '/session/4578cf1c5f13ff694115b91c5065c0a5/alert/text'
22:20:41.193 [AsyncHttpClient-1-2] DEBUG org.asynchttpclient.netty.handler.HttpHandler - 

Request DefaultFullHttpRequest(decodeResult: success, version: HTTP/1.1, content: EmptyByteBufBE)
GET /session/4578cf1c5f13ff694115b91c5065c0a5/alert/text HTTP/1.1
User-Agent: selenium/4.7.1 (java windows)
Cache-Control: no-cache
Content-Type: application/json; charset=utf-8
host: localhost:37276
accept: */*

Response DefaultHttpResponse(decodeResult: success, version: HTTP/1.1)
HTTP/1.1 404 Not Found
Content-Type: application/json; charset=utf-8
cache-control: no-cache
content-length: 821

22:20:41.193 [AsyncHttpClient-1-2] DEBUG org.asynchttpclient.netty.channel.ChannelManager - Adding key: http://localhost:37276 for channel [id: 0x1f7c3932, L:/127.0.0.1:63376 - R:localhost/127.0.0.1:37276]
22:20:41.193 [Forwarding switchToWindow on session 4578cf1c5f13ff694115b91c5065c0a5 to remote] DEBUG org.asynchttpclient.netty.request.NettyRequestSender - Using pooled Channel '[id: 0x1f7c3932, L:/127.0.0.1:63376 - R:localhost/127.0.0.1:37276]' for 'POST' to 'http://localhost:37276/session/4578cf1c5f13ff694115b91c5065c0a5/window'
22:20:41.193 [Forwarding switchToWindow on session 4578cf1c5f13ff694115b91c5065c0a5 to remote] DEBUG org.asynchttpclient.netty.request.NettyRequestSender - Using open Channel [id: 0x1f7c3932, L:/127.0.0.1:63376 - R:localhost/127.0.0.1:37276] for POST '/session/4578cf1c5f13ff694115b91c5065c0a5/window'
22:20:41.201 [AsyncHttpClient-1-2] DEBUG org.asynchttpclient.netty.handler.HttpHandler - 

Request DefaultHttpRequest(decodeResult: success, version: HTTP/1.1)
POST /session/4578cf1c5f13ff694115b91c5065c0a5/window HTTP/1.1
User-Agent: selenium/4.7.1 (java windows)
Content-Length: 50
Content-Type: application/json; charset=utf-8
host: localhost:37276
accept: */*

Response DefaultHttpResponse(decodeResult: success, version: HTTP/1.1)
HTTP/1.1 200 OK
Content-Type: application/json; charset=utf-8
cache-control: no-cache
content-length: 14

22:20:41.201 [AsyncHttpClient-1-2] DEBUG org.asynchttpclient.netty.channel.ChannelManager - Adding key: http://localhost:37276 for channel [id: 0x1f7c3932, L:/127.0.0.1:63376 - R:localhost/127.0.0.1:37276]
22:20:41.201 [Forwarding getCurrentUrl on session 4578cf1c5f13ff694115b91c5065c0a5 to remote] DEBUG org.asynchttpclient.netty.request.NettyRequestSender - Using pooled Channel '[id: 0x1f7c3932, L:/127.0.0.1:63376 - R:localhost/127.0.0.1:37276]' for 'GET' to 'http://localhost:37276/session/4578cf1c5f13ff694115b91c5065c0a5/url'
22:20:41.201 [Forwarding getCurrentUrl on session 4578cf1c5f13ff694115b91c5065c0a5 to remote] DEBUG org.asynchttpclient.netty.request.NettyRequestSender - Using open Channel [id: 0x1f7c3932, L:/127.0.0.1:63376 - R:localhost/127.0.0.1:37276] for GET '/session/4578cf1c5f13ff694115b91c5065c0a5/url'
22:20:41.209 [AsyncHttpClient-1-2] DEBUG org.asynchttpclient.netty.handler.HttpHandler - 

Request DefaultFullHttpRequest(decodeResult: success, version: HTTP/1.1, content: EmptyByteBufBE)
GET /session/4578cf1c5f13ff694115b91c5065c0a5/url HTTP/1.1
User-Agent: selenium/4.7.1 (java windows)
Cache-Control: no-cache
Content-Type: application/json; charset=utf-8
host: localhost:37276
accept: */*

Response DefaultHttpResponse(decodeResult: success, version: HTTP/1.1)
HTTP/1.1 200 OK
Content-Type: application/json; charset=utf-8
cache-control: no-cache
content-length: 51

22:20:41.209 [AsyncHttpClient-1-2] DEBUG org.asynchttpclient.netty.channel.ChannelManager - Adding key: http://localhost:37276 for channel [id: 0x1f7c3932, L:/127.0.0.1:63376 - R:localhost/127.0.0.1:37276]
22:20:41.217 [AsyncHttpClient-1-1] DEBUG org.asynchttpclient.netty.channel.DefaultChannelPool - Entry count for : http://localhost:63377 : 1
22:20:41.217 [Forwarding screenshot on session 4578cf1c5f13ff694115b91c5065c0a5 to remote] DEBUG org.asynchttpclient.netty.request.NettyRequestSender - Using pooled Channel '[id: 0x1f7c3932, L:/127.0.0.1:63376 - R:localhost/127.0.0.1:37276]' for 'GET' to 'http://localhost:37276/session/4578cf1c5f13ff694115b91c5065c0a5/screenshot'
22:20:41.217 [Forwarding screenshot on session 4578cf1c5f13ff694115b91c5065c0a5 to remote] DEBUG org.asynchttpclient.netty.request.NettyRequestSender - Using open Channel [id: 0x1f7c3932, L:/127.0.0.1:63376 - R:localhost/127.0.0.1:37276] for GET '/session/4578cf1c5f13ff694115b91c5065c0a5/screenshot'
22:20:41.386 [AsyncHttpClient-1-2] DEBUG org.asynchttpclient.netty.handler.HttpHandler - 

Request DefaultFullHttpRequest(decodeResult: success, version: HTTP/1.1, content: EmptyByteBufBE)
GET /session/4578cf1c5f13ff694115b91c5065c0a5/screenshot HTTP/1.1
User-Agent: selenium/4.7.1 (java windows)
Cache-Control: no-cache
Content-Type: application/json; charset=utf-8
host: localhost:37276
accept: */*

Response DefaultHttpResponse(decodeResult: success, version: HTTP/1.1)
HTTP/1.1 200 OK
Content-Type: application/json; charset=utf-8
cache-control: no-cache
content-length: 192440

22:20:41.386 [AsyncHttpClient-1-2] DEBUG org.asynchttpclient.netty.channel.ChannelManager - Adding key: http://localhost:37276 for channel [id: 0x1f7c3932, L:/127.0.0.1:63376 - R:localhost/127.0.0.1:37276]
22:20:41.394 [main] DEBUG net.serenitybdd.core.photography.Darkroom - Send negative for processing for target\site\serenity\82af9b4d23dce5d2c172b7bd1d3eac742b4703310d0937898c7393eb58671bd7.png
22:20:41.394 [main] DEBUG net.thucydides.core.steps.StepInterceptor - STEP DONE: inputfieldemail
22:20:41.394 [Darkroom Processing Line] DEBUG net.serenitybdd.core.photography.DarkroomProcessingLine - Processing screenshot image in /var/screenshots/screenshot-12336300014340483460
22:20:41.394 [Darkroom Processing Line] DEBUG net.serenitybdd.core.photography.DarkroomProcessingLine - Saving screenshot to target\site\serenity\82af9b4d23dce5d2c172b7bd1d3eac742b4703310d0937898c7393eb58671bd7.png
22:20:41.409 [main] DEBUG net.thucydides.core.steps.StepInterceptor - STARTING STEP: TransaksiSteps.adminMelakukanLoginAkun - inputfieldpassword
22:20:41.411 [Forwarding findElement on session 4578cf1c5f13ff694115b91c5065c0a5 to remote] DEBUG org.asynchttpclient.netty.request.NettyRequestSender - Using pooled Channel '[id: 0x1f7c3932, L:/127.0.0.1:63376 - R:localhost/127.0.0.1:37276]' for 'POST' to 'http://localhost:37276/session/4578cf1c5f13ff694115b91c5065c0a5/element'
22:20:41.411 [Forwarding findElement on session 4578cf1c5f13ff694115b91c5065c0a5 to remote] DEBUG org.asynchttpclient.netty.request.NettyRequestSender - Using open Channel [id: 0x1f7c3932, L:/127.0.0.1:63376 - R:localhost/127.0.0.1:37276] for POST '/session/4578cf1c5f13ff694115b91c5065c0a5/element'
22:20:41.435 [AsyncHttpClient-1-2] DEBUG org.asynchttpclient.netty.handler.HttpHandler - 

Request DefaultHttpRequest(decodeResult: success, version: HTTP/1.1)
POST /session/4578cf1c5f13ff694115b91c5065c0a5/element HTTP/1.1
User-Agent: selenium/4.7.1 (java windows)
Content-Length: 72
Content-Type: application/json; charset=utf-8
host: localhost:37276
accept: */*

Response DefaultHttpResponse(decodeResult: success, version: HTTP/1.1)
HTTP/1.1 200 OK
Content-Type: application/json; charset=utf-8
cache-control: no-cache
content-length: 94

22:20:41.435 [AsyncHttpClient-1-2] DEBUG org.asynchttpclient.netty.channel.ChannelManager - Adding key: http://localhost:37276 for channel [id: 0x1f7c3932, L:/127.0.0.1:63376 - R:localhost/127.0.0.1:37276]
22:20:41.435 [Forwarding getElementTagName on session 4578cf1c5f13ff694115b91c5065c0a5 to remote] DEBUG org.asynchttpclient.netty.request.NettyRequestSender - Using pooled Channel '[id: 0x1f7c3932, L:/127.0.0.1:63376 - R:localhost/127.0.0.1:37276]' for 'GET' to 'http://localhost:37276/session/4578cf1c5f13ff694115b91c5065c0a5/element/AF2DC5B78D69C6139DD124D5DE46B59D_element_5/name'
22:20:41.435 [Forwarding getElementTagName on session 4578cf1c5f13ff694115b91c5065c0a5 to remote] DEBUG org.asynchttpclient.netty.request.NettyRequestSender - Using open Channel [id: 0x1f7c3932, L:/127.0.0.1:63376 - R:localhost/127.0.0.1:37276] for GET '/session/4578cf1c5f13ff694115b91c5065c0a5/element/AF2DC5B78D69C6139DD124D5DE46B59D_element_5/name'
22:20:41.443 [AsyncHttpClient-1-2] DEBUG org.asynchttpclient.netty.handler.HttpHandler - 

Request DefaultFullHttpRequest(decodeResult: success, version: HTTP/1.1, content: EmptyByteBufBE)
GET /session/4578cf1c5f13ff694115b91c5065c0a5/element/AF2DC5B78D69C6139DD124D5DE46B59D_element_5/name HTTP/1.1
User-Agent: selenium/4.7.1 (java windows)
Cache-Control: no-cache
Content-Type: application/json; charset=utf-8
host: localhost:37276
accept: */*

Response DefaultHttpResponse(decodeResult: success, version: HTTP/1.1)
HTTP/1.1 200 OK
Content-Type: application/json; charset=utf-8
cache-control: no-cache
content-length: 17

22:20:41.443 [AsyncHttpClient-1-2] DEBUG org.asynchttpclient.netty.channel.ChannelManager - Adding key: http://localhost:37276 for channel [id: 0x1f7c3932, L:/127.0.0.1:63376 - R:localhost/127.0.0.1:37276]
22:20:41.451 [Forwarding getElementTagName on session 4578cf1c5f13ff694115b91c5065c0a5 to remote] DEBUG org.asynchttpclient.netty.request.NettyRequestSender - Using pooled Channel '[id: 0x1f7c3932, L:/127.0.0.1:63376 - R:localhost/127.0.0.1:37276]' for 'GET' to 'http://localhost:37276/session/4578cf1c5f13ff694115b91c5065c0a5/element/AF2DC5B78D69C6139DD124D5DE46B59D_element_5/name'
22:20:41.451 [Forwarding getElementTagName on session 4578cf1c5f13ff694115b91c5065c0a5 to remote] DEBUG org.asynchttpclient.netty.request.NettyRequestSender - Using open Channel [id: 0x1f7c3932, L:/127.0.0.1:63376 - R:localhost/127.0.0.1:37276] for GET '/session/4578cf1c5f13ff694115b91c5065c0a5/element/AF2DC5B78D69C6139DD124D5DE46B59D_element_5/name'
22:20:41.459 [AsyncHttpClient-1-2] DEBUG org.asynchttpclient.netty.handler.HttpHandler - 

Request DefaultFullHttpRequest(decodeResult: success, version: HTTP/1.1, content: EmptyByteBufBE)
GET /session/4578cf1c5f13ff694115b91c5065c0a5/element/AF2DC5B78D69C6139DD124D5DE46B59D_element_5/name HTTP/1.1
User-Agent: selenium/4.7.1 (java windows)
Cache-Control: no-cache
Content-Type: application/json; charset=utf-8
host: localhost:37276
accept: */*

Response DefaultHttpResponse(decodeResult: success, version: HTTP/1.1)
HTTP/1.1 200 OK
Content-Type: application/json; charset=utf-8
cache-control: no-cache
content-length: 17

22:20:41.459 [AsyncHttpClient-1-2] DEBUG org.asynchttpclient.netty.channel.ChannelManager - Adding key: http://localhost:37276 for channel [id: 0x1f7c3932, L:/127.0.0.1:63376 - R:localhost/127.0.0.1:37276]
22:20:41.459 [Forwarding isElementEnabled on session 4578cf1c5f13ff694115b91c5065c0a5 to remote] DEBUG org.asynchttpclient.netty.request.NettyRequestSender - Using pooled Channel '[id: 0x1f7c3932, L:/127.0.0.1:63376 - R:localhost/127.0.0.1:37276]' for 'GET' to 'http://localhost:37276/session/4578cf1c5f13ff694115b91c5065c0a5/element/AF2DC5B78D69C6139DD124D5DE46B59D_element_5/enabled'
22:20:41.459 [Forwarding isElementEnabled on session 4578cf1c5f13ff694115b91c5065c0a5 to remote] DEBUG org.asynchttpclient.netty.request.NettyRequestSender - Using open Channel [id: 0x1f7c3932, L:/127.0.0.1:63376 - R:localhost/127.0.0.1:37276] for GET '/session/4578cf1c5f13ff694115b91c5065c0a5/element/AF2DC5B78D69C6139DD124D5DE46B59D_element_5/enabled'
22:20:41.475 [AsyncHttpClient-1-2] DEBUG org.asynchttpclient.netty.handler.HttpHandler - 

Request DefaultFullHttpRequest(decodeResult: success, version: HTTP/1.1, content: EmptyByteBufBE)
GET /session/4578cf1c5f13ff694115b91c5065c0a5/element/AF2DC5B78D69C6139DD124D5DE46B59D_element_5/enabled HTTP/1.1
User-Agent: selenium/4.7.1 (java windows)
Cache-Control: no-cache
Content-Type: application/json; charset=utf-8
host: localhost:37276
accept: */*

Response DefaultHttpResponse(decodeResult: success, version: HTTP/1.1)
HTTP/1.1 200 OK
Content-Type: application/json; charset=utf-8
cache-control: no-cache
content-length: 14

22:20:41.475 [AsyncHttpClient-1-2] DEBUG org.asynchttpclient.netty.channel.ChannelManager - Adding key: http://localhost:37276 for channel [id: 0x1f7c3932, L:/127.0.0.1:63376 - R:localhost/127.0.0.1:37276]
22:20:41.483 [Forwarding isElementEnabled on session 4578cf1c5f13ff694115b91c5065c0a5 to remote] DEBUG org.asynchttpclient.netty.request.NettyRequestSender - Using pooled Channel '[id: 0x1f7c3932, L:/127.0.0.1:63376 - R:localhost/127.0.0.1:37276]' for 'GET' to 'http://localhost:37276/session/4578cf1c5f13ff694115b91c5065c0a5/element/AF2DC5B78D69C6139DD124D5DE46B59D_element_5/enabled'
22:20:41.483 [Forwarding isElementEnabled on session 4578cf1c5f13ff694115b91c5065c0a5 to remote] DEBUG org.asynchttpclient.netty.request.NettyRequestSender - Using open Channel [id: 0x1f7c3932, L:/127.0.0.1:63376 - R:localhost/127.0.0.1:37276] for GET '/session/4578cf1c5f13ff694115b91c5065c0a5/element/AF2DC5B78D69C6139DD124D5DE46B59D_element_5/enabled'
22:20:41.491 [AsyncHttpClient-1-2] DEBUG org.asynchttpclient.netty.handler.HttpHandler - 

Request DefaultFullHttpRequest(decodeResult: success, version: HTTP/1.1, content: EmptyByteBufBE)
GET /session/4578cf1c5f13ff694115b91c5065c0a5/element/AF2DC5B78D69C6139DD124D5DE46B59D_element_5/enabled HTTP/1.1
User-Agent: selenium/4.7.1 (java windows)
Cache-Control: no-cache
Content-Type: application/json; charset=utf-8
host: localhost:37276
accept: */*

Response DefaultHttpResponse(decodeResult: success, version: HTTP/1.1)
HTTP/1.1 200 OK
Content-Type: application/json; charset=utf-8
cache-control: no-cache
content-length: 14

22:20:41.491 [AsyncHttpClient-1-2] DEBUG org.asynchttpclient.netty.channel.ChannelManager - Adding key: http://localhost:37276 for channel [id: 0x1f7c3932, L:/127.0.0.1:63376 - R:localhost/127.0.0.1:37276]
22:20:41.491 [Forwarding findElement on session 4578cf1c5f13ff694115b91c5065c0a5 to remote] DEBUG org.asynchttpclient.netty.request.NettyRequestSender - Using pooled Channel '[id: 0x1f7c3932, L:/127.0.0.1:63376 - R:localhost/127.0.0.1:37276]' for 'POST' to 'http://localhost:37276/session/4578cf1c5f13ff694115b91c5065c0a5/element'
22:20:41.499 [Forwarding findElement on session 4578cf1c5f13ff694115b91c5065c0a5 to remote] DEBUG org.asynchttpclient.netty.request.NettyRequestSender - Using open Channel [id: 0x1f7c3932, L:/127.0.0.1:63376 - R:localhost/127.0.0.1:37276] for POST '/session/4578cf1c5f13ff694115b91c5065c0a5/element'
22:20:41.509 [AsyncHttpClient-1-2] DEBUG org.asynchttpclient.netty.handler.HttpHandler - 

Request DefaultHttpRequest(decodeResult: success, version: HTTP/1.1)
POST /session/4578cf1c5f13ff694115b91c5065c0a5/element HTTP/1.1
User-Agent: selenium/4.7.1 (java windows)
Content-Length: 72
Content-Type: application/json; charset=utf-8
host: localhost:37276
accept: */*

Response DefaultHttpResponse(decodeResult: success, version: HTTP/1.1)
HTTP/1.1 200 OK
Content-Type: application/json; charset=utf-8
cache-control: no-cache
content-length: 94

22:20:41.509 [AsyncHttpClient-1-2] DEBUG org.asynchttpclient.netty.channel.ChannelManager - Adding key: http://localhost:37276 for channel [id: 0x1f7c3932, L:/127.0.0.1:63376 - R:localhost/127.0.0.1:37276]
22:20:41.515 [Forwarding clickElement on session 4578cf1c5f13ff694115b91c5065c0a5 to remote] DEBUG org.asynchttpclient.netty.request.NettyRequestSender - Using pooled Channel '[id: 0x1f7c3932, L:/127.0.0.1:63376 - R:localhost/127.0.0.1:37276]' for 'POST' to 'http://localhost:37276/session/4578cf1c5f13ff694115b91c5065c0a5/element/AF2DC5B78D69C6139DD124D5DE46B59D_element_5/click'
22:20:41.515 [Forwarding clickElement on session 4578cf1c5f13ff694115b91c5065c0a5 to remote] DEBUG org.asynchttpclient.netty.request.NettyRequestSender - Using open Channel [id: 0x1f7c3932, L:/127.0.0.1:63376 - R:localhost/127.0.0.1:37276] for POST '/session/4578cf1c5f13ff694115b91c5065c0a5/element/AF2DC5B78D69C6139DD124D5DE46B59D_element_5/click'
22:20:41.628 [AsyncHttpClient-1-2] DEBUG org.asynchttpclient.netty.handler.HttpHandler - 

Request DefaultHttpRequest(decodeResult: success, version: HTTP/1.1)
POST /session/4578cf1c5f13ff694115b91c5065c0a5/element/AF2DC5B78D69C6139DD124D5DE46B59D_element_5/click HTTP/1.1
User-Agent: selenium/4.7.1 (java windows)
Content-Length: 56
Content-Type: application/json; charset=utf-8
host: localhost:37276
accept: */*

Response DefaultHttpResponse(decodeResult: success, version: HTTP/1.1)
HTTP/1.1 200 OK
Content-Type: application/json; charset=utf-8
cache-control: no-cache
content-length: 14

22:20:41.628 [AsyncHttpClient-1-2] DEBUG org.asynchttpclient.netty.channel.ChannelManager - Adding key: http://localhost:37276 for channel [id: 0x1f7c3932, L:/127.0.0.1:63376 - R:localhost/127.0.0.1:37276]
22:20:41.636 [Forwarding findElement on session 4578cf1c5f13ff694115b91c5065c0a5 to remote] DEBUG org.asynchttpclient.netty.request.NettyRequestSender - Using pooled Channel '[id: 0x1f7c3932, L:/127.0.0.1:63376 - R:localhost/127.0.0.1:37276]' for 'POST' to 'http://localhost:37276/session/4578cf1c5f13ff694115b91c5065c0a5/element'
22:20:41.644 [Forwarding findElement on session 4578cf1c5f13ff694115b91c5065c0a5 to remote] DEBUG org.asynchttpclient.netty.request.NettyRequestSender - Using open Channel [id: 0x1f7c3932, L:/127.0.0.1:63376 - R:localhost/127.0.0.1:37276] for POST '/session/4578cf1c5f13ff694115b91c5065c0a5/element'
22:20:41.660 [AsyncHttpClient-1-2] DEBUG org.asynchttpclient.netty.handler.HttpHandler - 

Request DefaultHttpRequest(decodeResult: success, version: HTTP/1.1)
POST /session/4578cf1c5f13ff694115b91c5065c0a5/element HTTP/1.1
User-Agent: selenium/4.7.1 (java windows)
Content-Length: 72
Content-Type: application/json; charset=utf-8
host: localhost:37276
accept: */*

Response DefaultHttpResponse(decodeResult: success, version: HTTP/1.1)
HTTP/1.1 200 OK
Content-Type: application/json; charset=utf-8
cache-control: no-cache
content-length: 94

22:20:41.660 [AsyncHttpClient-1-2] DEBUG org.asynchttpclient.netty.channel.ChannelManager - Adding key: http://localhost:37276 for channel [id: 0x1f7c3932, L:/127.0.0.1:63376 - R:localhost/127.0.0.1:37276]
22:20:41.668 [Forwarding clearElement on session 4578cf1c5f13ff694115b91c5065c0a5 to remote] DEBUG org.asynchttpclient.netty.request.NettyRequestSender - Using pooled Channel '[id: 0x1f7c3932, L:/127.0.0.1:63376 - R:localhost/127.0.0.1:37276]' for 'POST' to 'http://localhost:37276/session/4578cf1c5f13ff694115b91c5065c0a5/element/AF2DC5B78D69C6139DD124D5DE46B59D_element_5/clear'
22:20:41.668 [Forwarding clearElement on session 4578cf1c5f13ff694115b91c5065c0a5 to remote] DEBUG org.asynchttpclient.netty.request.NettyRequestSender - Using open Channel [id: 0x1f7c3932, L:/127.0.0.1:63376 - R:localhost/127.0.0.1:37276] for POST '/session/4578cf1c5f13ff694115b91c5065c0a5/element/AF2DC5B78D69C6139DD124D5DE46B59D_element_5/clear'
22:20:41.740 [AsyncHttpClient-1-2] DEBUG org.asynchttpclient.netty.handler.HttpHandler - 

Request DefaultHttpRequest(decodeResult: success, version: HTTP/1.1)
POST /session/4578cf1c5f13ff694115b91c5065c0a5/element/AF2DC5B78D69C6139DD124D5DE46B59D_element_5/clear HTTP/1.1
User-Agent: selenium/4.7.1 (java windows)
Content-Length: 56
Content-Type: application/json; charset=utf-8
host: localhost:37276
accept: */*

Response DefaultHttpResponse(decodeResult: success, version: HTTP/1.1)
HTTP/1.1 200 OK
Content-Type: application/json; charset=utf-8
cache-control: no-cache
content-length: 14

22:20:41.740 [AsyncHttpClient-1-2] DEBUG org.asynchttpclient.netty.channel.ChannelManager - Adding key: http://localhost:37276 for channel [id: 0x1f7c3932, L:/127.0.0.1:63376 - R:localhost/127.0.0.1:37276]
22:20:41.748 [Forwarding sendKeysToElement on session 4578cf1c5f13ff694115b91c5065c0a5 to remote] DEBUG org.asynchttpclient.netty.request.NettyRequestSender - Using pooled Channel '[id: 0x1f7c3932, L:/127.0.0.1:63376 - R:localhost/127.0.0.1:37276]' for 'POST' to 'http://localhost:37276/session/4578cf1c5f13ff694115b91c5065c0a5/element/AF2DC5B78D69C6139DD124D5DE46B59D_element_5/value'
22:20:41.748 [Forwarding sendKeysToElement on session 4578cf1c5f13ff694115b91c5065c0a5 to remote] DEBUG org.asynchttpclient.netty.request.NettyRequestSender - Using open Channel [id: 0x1f7c3932, L:/127.0.0.1:63376 - R:localhost/127.0.0.1:37276] for POST '/session/4578cf1c5f13ff694115b91c5065c0a5/element/AF2DC5B78D69C6139DD124D5DE46B59D_element_5/value'
22:20:41.852 [AsyncHttpClient-1-2] DEBUG org.asynchttpclient.netty.handler.HttpHandler - 

Request DefaultHttpRequest(decodeResult: success, version: HTTP/1.1)
POST /session/4578cf1c5f13ff694115b91c5065c0a5/element/AF2DC5B78D69C6139DD124D5DE46B59D_element_5/value HTTP/1.1
User-Agent: selenium/4.7.1 (java windows)
Content-Length: 167
Content-Type: application/json; charset=utf-8
host: localhost:37276
accept: */*

Response DefaultHttpResponse(decodeResult: success, version: HTTP/1.1)
HTTP/1.1 200 OK
Content-Type: application/json; charset=utf-8
cache-control: no-cache
content-length: 14

22:20:41.852 [AsyncHttpClient-1-2] DEBUG org.asynchttpclient.netty.channel.ChannelManager - Adding key: http://localhost:37276 for channel [id: 0x1f7c3932, L:/127.0.0.1:63376 - R:localhost/127.0.0.1:37276]
22:20:41.868 [Forwarding getCurrentWindowHandle on session 4578cf1c5f13ff694115b91c5065c0a5 to remote] DEBUG org.asynchttpclient.netty.request.NettyRequestSender - Using pooled Channel '[id: 0x1f7c3932, L:/127.0.0.1:63376 - R:localhost/127.0.0.1:37276]' for 'GET' to 'http://localhost:37276/session/4578cf1c5f13ff694115b91c5065c0a5/window'
22:20:41.868 [Forwarding getCurrentWindowHandle on session 4578cf1c5f13ff694115b91c5065c0a5 to remote] DEBUG org.asynchttpclient.netty.request.NettyRequestSender - Using open Channel [id: 0x1f7c3932, L:/127.0.0.1:63376 - R:localhost/127.0.0.1:37276] for GET '/session/4578cf1c5f13ff694115b91c5065c0a5/window'
22:20:41.868 [AsyncHttpClient-1-2] DEBUG org.asynchttpclient.netty.handler.HttpHandler - 

Request DefaultFullHttpRequest(decodeResult: success, version: HTTP/1.1, content: EmptyByteBufBE)
GET /session/4578cf1c5f13ff694115b91c5065c0a5/window HTTP/1.1
User-Agent: selenium/4.7.1 (java windows)
Cache-Control: no-cache
Content-Type: application/json; charset=utf-8
host: localhost:37276
accept: */*

Response DefaultHttpResponse(decodeResult: success, version: HTTP/1.1)
HTTP/1.1 200 OK
Content-Type: application/json; charset=utf-8
cache-control: no-cache
content-length: 44

22:20:41.868 [AsyncHttpClient-1-2] DEBUG org.asynchttpclient.netty.channel.ChannelManager - Adding key: http://localhost:37276 for channel [id: 0x1f7c3932, L:/127.0.0.1:63376 - R:localhost/127.0.0.1:37276]
22:20:41.876 [Forwarding getAlertText on session 4578cf1c5f13ff694115b91c5065c0a5 to remote] DEBUG org.asynchttpclient.netty.request.NettyRequestSender - Using pooled Channel '[id: 0x1f7c3932, L:/127.0.0.1:63376 - R:localhost/127.0.0.1:37276]' for 'GET' to 'http://localhost:37276/session/4578cf1c5f13ff694115b91c5065c0a5/alert/text'
22:20:41.876 [Forwarding getAlertText on session 4578cf1c5f13ff694115b91c5065c0a5 to remote] DEBUG org.asynchttpclient.netty.request.NettyRequestSender - Using open Channel [id: 0x1f7c3932, L:/127.0.0.1:63376 - R:localhost/127.0.0.1:37276] for GET '/session/4578cf1c5f13ff694115b91c5065c0a5/alert/text'
22:20:41.876 [AsyncHttpClient-1-2] DEBUG org.asynchttpclient.netty.handler.HttpHandler - 

Request DefaultFullHttpRequest(decodeResult: success, version: HTTP/1.1, content: EmptyByteBufBE)
GET /session/4578cf1c5f13ff694115b91c5065c0a5/alert/text HTTP/1.1
User-Agent: selenium/4.7.1 (java windows)
Cache-Control: no-cache
Content-Type: application/json; charset=utf-8
host: localhost:37276
accept: */*

Response DefaultHttpResponse(decodeResult: success, version: HTTP/1.1)
HTTP/1.1 404 Not Found
Content-Type: application/json; charset=utf-8
cache-control: no-cache
content-length: 821

22:20:41.876 [AsyncHttpClient-1-2] DEBUG org.asynchttpclient.netty.channel.ChannelManager - Adding key: http://localhost:37276 for channel [id: 0x1f7c3932, L:/127.0.0.1:63376 - R:localhost/127.0.0.1:37276]
22:20:41.884 [Forwarding switchToWindow on session 4578cf1c5f13ff694115b91c5065c0a5 to remote] DEBUG org.asynchttpclient.netty.request.NettyRequestSender - Using pooled Channel '[id: 0x1f7c3932, L:/127.0.0.1:63376 - R:localhost/127.0.0.1:37276]' for 'POST' to 'http://localhost:37276/session/4578cf1c5f13ff694115b91c5065c0a5/window'
22:20:41.884 [Forwarding switchToWindow on session 4578cf1c5f13ff694115b91c5065c0a5 to remote] DEBUG org.asynchttpclient.netty.request.NettyRequestSender - Using open Channel [id: 0x1f7c3932, L:/127.0.0.1:63376 - R:localhost/127.0.0.1:37276] for POST '/session/4578cf1c5f13ff694115b91c5065c0a5/window'
22:20:41.892 [AsyncHttpClient-1-2] DEBUG org.asynchttpclient.netty.handler.HttpHandler - 

Request DefaultHttpRequest(decodeResult: success, version: HTTP/1.1)
POST /session/4578cf1c5f13ff694115b91c5065c0a5/window HTTP/1.1
User-Agent: selenium/4.7.1 (java windows)
Content-Length: 50
Content-Type: application/json; charset=utf-8
host: localhost:37276
accept: */*

Response DefaultHttpResponse(decodeResult: success, version: HTTP/1.1)
HTTP/1.1 200 OK
Content-Type: application/json; charset=utf-8
cache-control: no-cache
content-length: 14

22:20:41.892 [AsyncHttpClient-1-2] DEBUG org.asynchttpclient.netty.channel.ChannelManager - Adding key: http://localhost:37276 for channel [id: 0x1f7c3932, L:/127.0.0.1:63376 - R:localhost/127.0.0.1:37276]
22:20:41.892 [Forwarding getCurrentUrl on session 4578cf1c5f13ff694115b91c5065c0a5 to remote] DEBUG org.asynchttpclient.netty.request.NettyRequestSender - Using pooled Channel '[id: 0x1f7c3932, L:/127.0.0.1:63376 - R:localhost/127.0.0.1:37276]' for 'GET' to 'http://localhost:37276/session/4578cf1c5f13ff694115b91c5065c0a5/url'
22:20:41.892 [Forwarding getCurrentUrl on session 4578cf1c5f13ff694115b91c5065c0a5 to remote] DEBUG org.asynchttpclient.netty.request.NettyRequestSender - Using open Channel [id: 0x1f7c3932, L:/127.0.0.1:63376 - R:localhost/127.0.0.1:37276] for GET '/session/4578cf1c5f13ff694115b91c5065c0a5/url'
22:20:41.900 [AsyncHttpClient-1-2] DEBUG org.asynchttpclient.netty.handler.HttpHandler - 

Request DefaultFullHttpRequest(decodeResult: success, version: HTTP/1.1, content: EmptyByteBufBE)
GET /session/4578cf1c5f13ff694115b91c5065c0a5/url HTTP/1.1
User-Agent: selenium/4.7.1 (java windows)
Cache-Control: no-cache
Content-Type: application/json; charset=utf-8
host: localhost:37276
accept: */*

Response DefaultHttpResponse(decodeResult: success, version: HTTP/1.1)
HTTP/1.1 200 OK
Content-Type: application/json; charset=utf-8
cache-control: no-cache
content-length: 51

22:20:41.900 [AsyncHttpClient-1-2] DEBUG org.asynchttpclient.netty.channel.ChannelManager - Adding key: http://localhost:37276 for channel [id: 0x1f7c3932, L:/127.0.0.1:63376 - R:localhost/127.0.0.1:37276]
22:20:41.900 [Forwarding screenshot on session 4578cf1c5f13ff694115b91c5065c0a5 to remote] DEBUG org.asynchttpclient.netty.request.NettyRequestSender - Using pooled Channel '[id: 0x1f7c3932, L:/127.0.0.1:63376 - R:localhost/127.0.0.1:37276]' for 'GET' to 'http://localhost:37276/session/4578cf1c5f13ff694115b91c5065c0a5/screenshot'
22:20:41.900 [Forwarding screenshot on session 4578cf1c5f13ff694115b91c5065c0a5 to remote] DEBUG org.asynchttpclient.netty.request.NettyRequestSender - Using open Channel [id: 0x1f7c3932, L:/127.0.0.1:63376 - R:localhost/127.0.0.1:37276] for GET '/session/4578cf1c5f13ff694115b91c5065c0a5/screenshot'
22:20:42.068 [AsyncHttpClient-1-2] DEBUG org.asynchttpclient.netty.handler.HttpHandler - 

Request DefaultFullHttpRequest(decodeResult: success, version: HTTP/1.1, content: EmptyByteBufBE)
GET /session/4578cf1c5f13ff694115b91c5065c0a5/screenshot HTTP/1.1
User-Agent: selenium/4.7.1 (java windows)
Cache-Control: no-cache
Content-Type: application/json; charset=utf-8
host: localhost:37276
accept: */*

Response DefaultHttpResponse(decodeResult: success, version: HTTP/1.1)
HTTP/1.1 200 OK
Content-Type: application/json; charset=utf-8
cache-control: no-cache
content-length: 192532

22:20:42.068 [AsyncHttpClient-1-2] DEBUG org.asynchttpclient.netty.channel.ChannelManager - Adding key: http://localhost:37276 for channel [id: 0x1f7c3932, L:/127.0.0.1:63376 - R:localhost/127.0.0.1:37276]
22:20:42.084 [main] DEBUG net.serenitybdd.core.photography.Darkroom - Send negative for processing for target\site\serenity\372cd5eb6808b95fe05dee555d325c4ebd2d128ba4874584201b23a118581cb6.png
22:20:42.092 [main] DEBUG net.thucydides.core.steps.StepInterceptor - STEP DONE: inputfieldpassword
22:20:42.092 [Darkroom Processing Line] DEBUG net.serenitybdd.core.photography.DarkroomProcessingLine - Processing screenshot image in /var/screenshots/screenshot-10245933490408593203
22:20:42.092 [Darkroom Processing Line] DEBUG net.serenitybdd.core.photography.DarkroomProcessingLine - Saving screenshot to target\site\serenity\372cd5eb6808b95fe05dee555d325c4ebd2d128ba4874584201b23a118581cb6.png
22:20:42.092 [main] DEBUG net.thucydides.core.steps.StepInterceptor - STARTING STEP: TransaksiSteps.adminMelakukanLoginAkun - klikbuttonmasuk
22:20:42.100 [Forwarding findElement on session 4578cf1c5f13ff694115b91c5065c0a5 to remote] DEBUG org.asynchttpclient.netty.request.NettyRequestSender - Using pooled Channel '[id: 0x1f7c3932, L:/127.0.0.1:63376 - R:localhost/127.0.0.1:37276]' for 'POST' to 'http://localhost:37276/session/4578cf1c5f13ff694115b91c5065c0a5/element'
22:20:42.100 [Forwarding findElement on session 4578cf1c5f13ff694115b91c5065c0a5 to remote] DEBUG org.asynchttpclient.netty.request.NettyRequestSender - Using open Channel [id: 0x1f7c3932, L:/127.0.0.1:63376 - R:localhost/127.0.0.1:37276] for POST '/session/4578cf1c5f13ff694115b91c5065c0a5/element'
22:20:42.124 [AsyncHttpClient-1-2] DEBUG org.asynchttpclient.netty.handler.HttpHandler - 

Request DefaultHttpRequest(decodeResult: success, version: HTTP/1.1)
POST /session/4578cf1c5f13ff694115b91c5065c0a5/element HTTP/1.1
User-Agent: selenium/4.7.1 (java windows)
Content-Length: 113
Content-Type: application/json; charset=utf-8
host: localhost:37276
accept: */*

Response DefaultHttpResponse(decodeResult: success, version: HTTP/1.1)
HTTP/1.1 200 OK
Content-Type: application/json; charset=utf-8
cache-control: no-cache
content-length: 95

22:20:42.132 [AsyncHttpClient-1-2] DEBUG org.asynchttpclient.netty.channel.ChannelManager - Adding key: http://localhost:37276 for channel [id: 0x1f7c3932, L:/127.0.0.1:63376 - R:localhost/127.0.0.1:37276]
22:20:42.132 [Forwarding getElementTagName on session 4578cf1c5f13ff694115b91c5065c0a5 to remote] DEBUG org.asynchttpclient.netty.request.NettyRequestSender - Using pooled Channel '[id: 0x1f7c3932, L:/127.0.0.1:63376 - R:localhost/127.0.0.1:37276]' for 'GET' to 'http://localhost:37276/session/4578cf1c5f13ff694115b91c5065c0a5/element/AF2DC5B78D69C6139DD124D5DE46B59D_element_12/name'
22:20:42.132 [Forwarding getElementTagName on session 4578cf1c5f13ff694115b91c5065c0a5 to remote] DEBUG org.asynchttpclient.netty.request.NettyRequestSender - Using open Channel [id: 0x1f7c3932, L:/127.0.0.1:63376 - R:localhost/127.0.0.1:37276] for GET '/session/4578cf1c5f13ff694115b91c5065c0a5/element/AF2DC5B78D69C6139DD124D5DE46B59D_element_12/name'
22:20:42.140 [AsyncHttpClient-1-2] DEBUG org.asynchttpclient.netty.handler.HttpHandler - 

Request DefaultFullHttpRequest(decodeResult: success, version: HTTP/1.1, content: EmptyByteBufBE)
GET /session/4578cf1c5f13ff694115b91c5065c0a5/element/AF2DC5B78D69C6139DD124D5DE46B59D_element_12/name HTTP/1.1
User-Agent: selenium/4.7.1 (java windows)
Cache-Control: no-cache
Content-Type: application/json; charset=utf-8
host: localhost:37276
accept: */*

Response DefaultHttpResponse(decodeResult: success, version: HTTP/1.1)
HTTP/1.1 200 OK
Content-Type: application/json; charset=utf-8
cache-control: no-cache
content-length: 18

22:20:42.140 [AsyncHttpClient-1-2] DEBUG org.asynchttpclient.netty.channel.ChannelManager - Adding key: http://localhost:37276 for channel [id: 0x1f7c3932, L:/127.0.0.1:63376 - R:localhost/127.0.0.1:37276]
22:20:42.148 [Forwarding getElementTagName on session 4578cf1c5f13ff694115b91c5065c0a5 to remote] DEBUG org.asynchttpclient.netty.request.NettyRequestSender - Using pooled Channel '[id: 0x1f7c3932, L:/127.0.0.1:63376 - R:localhost/127.0.0.1:37276]' for 'GET' to 'http://localhost:37276/session/4578cf1c5f13ff694115b91c5065c0a5/element/AF2DC5B78D69C6139DD124D5DE46B59D_element_12/name'
22:20:42.148 [Forwarding getElementTagName on session 4578cf1c5f13ff694115b91c5065c0a5 to remote] DEBUG org.asynchttpclient.netty.request.NettyRequestSender - Using open Channel [id: 0x1f7c3932, L:/127.0.0.1:63376 - R:localhost/127.0.0.1:37276] for GET '/session/4578cf1c5f13ff694115b91c5065c0a5/element/AF2DC5B78D69C6139DD124D5DE46B59D_element_12/name'
22:20:42.156 [AsyncHttpClient-1-2] DEBUG org.asynchttpclient.netty.handler.HttpHandler - 

Request DefaultFullHttpRequest(decodeResult: success, version: HTTP/1.1, content: EmptyByteBufBE)
GET /session/4578cf1c5f13ff694115b91c5065c0a5/element/AF2DC5B78D69C6139DD124D5DE46B59D_element_12/name HTTP/1.1
User-Agent: selenium/4.7.1 (java windows)
Cache-Control: no-cache
Content-Type: application/json; charset=utf-8
host: localhost:37276
accept: */*

Response DefaultHttpResponse(decodeResult: success, version: HTTP/1.1)
HTTP/1.1 200 OK
Content-Type: application/json; charset=utf-8
cache-control: no-cache
content-length: 18

22:20:42.156 [AsyncHttpClient-1-2] DEBUG org.asynchttpclient.netty.channel.ChannelManager - Adding key: http://localhost:37276 for channel [id: 0x1f7c3932, L:/127.0.0.1:63376 - R:localhost/127.0.0.1:37276]
22:20:42.164 [Forwarding isElementEnabled on session 4578cf1c5f13ff694115b91c5065c0a5 to remote] DEBUG org.asynchttpclient.netty.request.NettyRequestSender - Using pooled Channel '[id: 0x1f7c3932, L:/127.0.0.1:63376 - R:localhost/127.0.0.1:37276]' for 'GET' to 'http://localhost:37276/session/4578cf1c5f13ff694115b91c5065c0a5/element/AF2DC5B78D69C6139DD124D5DE46B59D_element_12/enabled'
22:20:42.164 [Forwarding isElementEnabled on session 4578cf1c5f13ff694115b91c5065c0a5 to remote] DEBUG org.asynchttpclient.netty.request.NettyRequestSender - Using open Channel [id: 0x1f7c3932, L:/127.0.0.1:63376 - R:localhost/127.0.0.1:37276] for GET '/session/4578cf1c5f13ff694115b91c5065c0a5/element/AF2DC5B78D69C6139DD124D5DE46B59D_element_12/enabled'
22:20:42.180 [AsyncHttpClient-1-2] DEBUG org.asynchttpclient.netty.handler.HttpHandler - 

Request DefaultFullHttpRequest(decodeResult: success, version: HTTP/1.1, content: EmptyByteBufBE)
GET /session/4578cf1c5f13ff694115b91c5065c0a5/element/AF2DC5B78D69C6139DD124D5DE46B59D_element_12/enabled HTTP/1.1
User-Agent: selenium/4.7.1 (java windows)
Cache-Control: no-cache
Content-Type: application/json; charset=utf-8
host: localhost:37276
accept: */*

Response DefaultHttpResponse(decodeResult: success, version: HTTP/1.1)
HTTP/1.1 200 OK
Content-Type: application/json; charset=utf-8
cache-control: no-cache
content-length: 14

22:20:42.180 [AsyncHttpClient-1-2] DEBUG org.asynchttpclient.netty.channel.ChannelManager - Adding key: http://localhost:37276 for channel [id: 0x1f7c3932, L:/127.0.0.1:63376 - R:localhost/127.0.0.1:37276]
22:20:42.180 [Forwarding isElementEnabled on session 4578cf1c5f13ff694115b91c5065c0a5 to remote] DEBUG org.asynchttpclient.netty.request.NettyRequestSender - Using pooled Channel '[id: 0x1f7c3932, L:/127.0.0.1:63376 - R:localhost/127.0.0.1:37276]' for 'GET' to 'http://localhost:37276/session/4578cf1c5f13ff694115b91c5065c0a5/element/AF2DC5B78D69C6139DD124D5DE46B59D_element_12/enabled'
22:20:42.180 [Forwarding isElementEnabled on session 4578cf1c5f13ff694115b91c5065c0a5 to remote] DEBUG org.asynchttpclient.netty.request.NettyRequestSender - Using open Channel [id: 0x1f7c3932, L:/127.0.0.1:63376 - R:localhost/127.0.0.1:37276] for GET '/session/4578cf1c5f13ff694115b91c5065c0a5/element/AF2DC5B78D69C6139DD124D5DE46B59D_element_12/enabled'
22:20:42.197 [AsyncHttpClient-1-2] DEBUG org.asynchttpclient.netty.handler.HttpHandler - 

Request DefaultFullHttpRequest(decodeResult: success, version: HTTP/1.1, content: EmptyByteBufBE)
GET /session/4578cf1c5f13ff694115b91c5065c0a5/element/AF2DC5B78D69C6139DD124D5DE46B59D_element_12/enabled HTTP/1.1
User-Agent: selenium/4.7.1 (java windows)
Cache-Control: no-cache
Content-Type: application/json; charset=utf-8
host: localhost:37276
accept: */*

Response DefaultHttpResponse(decodeResult: success, version: HTTP/1.1)
HTTP/1.1 200 OK
Content-Type: application/json; charset=utf-8
cache-control: no-cache
content-length: 14

22:20:42.197 [AsyncHttpClient-1-2] DEBUG org.asynchttpclient.netty.channel.ChannelManager - Adding key: http://localhost:37276 for channel [id: 0x1f7c3932, L:/127.0.0.1:63376 - R:localhost/127.0.0.1:37276]
22:20:42.205 [Forwarding findElement on session 4578cf1c5f13ff694115b91c5065c0a5 to remote] DEBUG org.asynchttpclient.netty.request.NettyRequestSender - Using pooled Channel '[id: 0x1f7c3932, L:/127.0.0.1:63376 - R:localhost/127.0.0.1:37276]' for 'POST' to 'http://localhost:37276/session/4578cf1c5f13ff694115b91c5065c0a5/element'
22:20:42.205 [Forwarding findElement on session 4578cf1c5f13ff694115b91c5065c0a5 to remote] DEBUG org.asynchttpclient.netty.request.NettyRequestSender - Using open Channel [id: 0x1f7c3932, L:/127.0.0.1:63376 - R:localhost/127.0.0.1:37276] for POST '/session/4578cf1c5f13ff694115b91c5065c0a5/element'
22:20:42.221 [AsyncHttpClient-1-2] DEBUG org.asynchttpclient.netty.handler.HttpHandler - 

Request DefaultHttpRequest(decodeResult: success, version: HTTP/1.1)
POST /session/4578cf1c5f13ff694115b91c5065c0a5/element HTTP/1.1
User-Agent: selenium/4.7.1 (java windows)
Content-Length: 113
Content-Type: application/json; charset=utf-8
host: localhost:37276
accept: */*

Response DefaultHttpResponse(decodeResult: success, version: HTTP/1.1)
HTTP/1.1 200 OK
Content-Type: application/json; charset=utf-8
cache-control: no-cache
content-length: 95

22:20:42.221 [AsyncHttpClient-1-2] DEBUG org.asynchttpclient.netty.channel.ChannelManager - Adding key: http://localhost:37276 for channel [id: 0x1f7c3932, L:/127.0.0.1:63376 - R:localhost/127.0.0.1:37276]
22:20:42.229 [Forwarding clickElement on session 4578cf1c5f13ff694115b91c5065c0a5 to remote] DEBUG org.asynchttpclient.netty.request.NettyRequestSender - Using pooled Channel '[id: 0x1f7c3932, L:/127.0.0.1:63376 - R:localhost/127.0.0.1:37276]' for 'POST' to 'http://localhost:37276/session/4578cf1c5f13ff694115b91c5065c0a5/element/AF2DC5B78D69C6139DD124D5DE46B59D_element_12/click'
22:20:42.229 [Forwarding clickElement on session 4578cf1c5f13ff694115b91c5065c0a5 to remote] DEBUG org.asynchttpclient.netty.request.NettyRequestSender - Using open Channel [id: 0x1f7c3932, L:/127.0.0.1:63376 - R:localhost/127.0.0.1:37276] for POST '/session/4578cf1c5f13ff694115b91c5065c0a5/element/AF2DC5B78D69C6139DD124D5DE46B59D_element_12/click'
22:20:42.301 [AsyncHttpClient-1-2] DEBUG org.asynchttpclient.netty.handler.HttpHandler - 

Request DefaultHttpRequest(decodeResult: success, version: HTTP/1.1)
POST /session/4578cf1c5f13ff694115b91c5065c0a5/element/AF2DC5B78D69C6139DD124D5DE46B59D_element_12/click HTTP/1.1
User-Agent: selenium/4.7.1 (java windows)
Content-Length: 57
Content-Type: application/json; charset=utf-8
host: localhost:37276
accept: */*

Response DefaultHttpResponse(decodeResult: success, version: HTTP/1.1)
HTTP/1.1 200 OK
Content-Type: application/json; charset=utf-8
cache-control: no-cache
content-length: 14

22:20:42.301 [AsyncHttpClient-1-2] DEBUG org.asynchttpclient.netty.channel.ChannelManager - Adding key: http://localhost:37276 for channel [id: 0x1f7c3932, L:/127.0.0.1:63376 - R:localhost/127.0.0.1:37276]
22:20:42.317 [Forwarding getCurrentWindowHandle on session 4578cf1c5f13ff694115b91c5065c0a5 to remote] DEBUG org.asynchttpclient.netty.request.NettyRequestSender - Using pooled Channel '[id: 0x1f7c3932, L:/127.0.0.1:63376 - R:localhost/127.0.0.1:37276]' for 'GET' to 'http://localhost:37276/session/4578cf1c5f13ff694115b91c5065c0a5/window'
22:20:42.317 [Forwarding getCurrentWindowHandle on session 4578cf1c5f13ff694115b91c5065c0a5 to remote] DEBUG org.asynchttpclient.netty.request.NettyRequestSender - Using open Channel [id: 0x1f7c3932, L:/127.0.0.1:63376 - R:localhost/127.0.0.1:37276] for GET '/session/4578cf1c5f13ff694115b91c5065c0a5/window'
22:20:42.317 [AsyncHttpClient-1-1] DEBUG org.asynchttpclient.netty.channel.DefaultChannelPool - Entry count for : http://localhost:63377 : 1
22:20:42.317 [AsyncHttpClient-1-2] DEBUG org.asynchttpclient.netty.handler.HttpHandler - 

Request DefaultFullHttpRequest(decodeResult: success, version: HTTP/1.1, content: EmptyByteBufBE)
GET /session/4578cf1c5f13ff694115b91c5065c0a5/window HTTP/1.1
User-Agent: selenium/4.7.1 (java windows)
Cache-Control: no-cache
Content-Type: application/json; charset=utf-8
host: localhost:37276
accept: */*

Response DefaultHttpResponse(decodeResult: success, version: HTTP/1.1)
HTTP/1.1 200 OK
Content-Type: application/json; charset=utf-8
cache-control: no-cache
content-length: 44

22:20:42.317 [AsyncHttpClient-1-2] DEBUG org.asynchttpclient.netty.channel.ChannelManager - Adding key: http://localhost:37276 for channel [id: 0x1f7c3932, L:/127.0.0.1:63376 - R:localhost/127.0.0.1:37276]
22:20:42.317 [Forwarding getAlertText on session 4578cf1c5f13ff694115b91c5065c0a5 to remote] DEBUG org.asynchttpclient.netty.request.NettyRequestSender - Using pooled Channel '[id: 0x1f7c3932, L:/127.0.0.1:63376 - R:localhost/127.0.0.1:37276]' for 'GET' to 'http://localhost:37276/session/4578cf1c5f13ff694115b91c5065c0a5/alert/text'
22:20:42.317 [Forwarding getAlertText on session 4578cf1c5f13ff694115b91c5065c0a5 to remote] DEBUG org.asynchttpclient.netty.request.NettyRequestSender - Using open Channel [id: 0x1f7c3932, L:/127.0.0.1:63376 - R:localhost/127.0.0.1:37276] for GET '/session/4578cf1c5f13ff694115b91c5065c0a5/alert/text'
22:20:42.325 [AsyncHttpClient-1-2] DEBUG org.asynchttpclient.netty.handler.HttpHandler - 

Request DefaultFullHttpRequest(decodeResult: success, version: HTTP/1.1, content: EmptyByteBufBE)
GET /session/4578cf1c5f13ff694115b91c5065c0a5/alert/text HTTP/1.1
User-Agent: selenium/4.7.1 (java windows)
Cache-Control: no-cache
Content-Type: application/json; charset=utf-8
host: localhost:37276
accept: */*

Response DefaultHttpResponse(decodeResult: success, version: HTTP/1.1)
HTTP/1.1 404 Not Found
Content-Type: application/json; charset=utf-8
cache-control: no-cache
content-length: 821

22:20:42.325 [AsyncHttpClient-1-2] DEBUG org.asynchttpclient.netty.channel.ChannelManager - Adding key: http://localhost:37276 for channel [id: 0x1f7c3932, L:/127.0.0.1:63376 - R:localhost/127.0.0.1:37276]
22:20:42.325 [Forwarding switchToWindow on session 4578cf1c5f13ff694115b91c5065c0a5 to remote] DEBUG org.asynchttpclient.netty.request.NettyRequestSender - Using pooled Channel '[id: 0x1f7c3932, L:/127.0.0.1:63376 - R:localhost/127.0.0.1:37276]' for 'POST' to 'http://localhost:37276/session/4578cf1c5f13ff694115b91c5065c0a5/window'
22:20:42.333 [Forwarding switchToWindow on session 4578cf1c5f13ff694115b91c5065c0a5 to remote] DEBUG org.asynchttpclient.netty.request.NettyRequestSender - Using open Channel [id: 0x1f7c3932, L:/127.0.0.1:63376 - R:localhost/127.0.0.1:37276] for POST '/session/4578cf1c5f13ff694115b91c5065c0a5/window'
22:20:42.333 [AsyncHttpClient-1-2] DEBUG org.asynchttpclient.netty.handler.HttpHandler - 

Request DefaultHttpRequest(decodeResult: success, version: HTTP/1.1)
POST /session/4578cf1c5f13ff694115b91c5065c0a5/window HTTP/1.1
User-Agent: selenium/4.7.1 (java windows)
Content-Length: 50
Content-Type: application/json; charset=utf-8
host: localhost:37276
accept: */*

Response DefaultHttpResponse(decodeResult: success, version: HTTP/1.1)
HTTP/1.1 200 OK
Content-Type: application/json; charset=utf-8
cache-control: no-cache
content-length: 14

22:20:42.333 [AsyncHttpClient-1-2] DEBUG org.asynchttpclient.netty.channel.ChannelManager - Adding key: http://localhost:37276 for channel [id: 0x1f7c3932, L:/127.0.0.1:63376 - R:localhost/127.0.0.1:37276]
22:20:42.333 [Forwarding getCurrentUrl on session 4578cf1c5f13ff694115b91c5065c0a5 to remote] DEBUG org.asynchttpclient.netty.request.NettyRequestSender - Using pooled Channel '[id: 0x1f7c3932, L:/127.0.0.1:63376 - R:localhost/127.0.0.1:37276]' for 'GET' to 'http://localhost:37276/session/4578cf1c5f13ff694115b91c5065c0a5/url'
22:20:42.333 [Forwarding getCurrentUrl on session 4578cf1c5f13ff694115b91c5065c0a5 to remote] DEBUG org.asynchttpclient.netty.request.NettyRequestSender - Using open Channel [id: 0x1f7c3932, L:/127.0.0.1:63376 - R:localhost/127.0.0.1:37276] for GET '/session/4578cf1c5f13ff694115b91c5065c0a5/url'
22:20:42.349 [AsyncHttpClient-1-2] DEBUG org.asynchttpclient.netty.handler.HttpHandler - 

Request DefaultFullHttpRequest(decodeResult: success, version: HTTP/1.1, content: EmptyByteBufBE)
GET /session/4578cf1c5f13ff694115b91c5065c0a5/url HTTP/1.1
User-Agent: selenium/4.7.1 (java windows)
Cache-Control: no-cache
Content-Type: application/json; charset=utf-8
host: localhost:37276
accept: */*

Response DefaultHttpResponse(decodeResult: success, version: HTTP/1.1)
HTTP/1.1 200 OK
Content-Type: application/json; charset=utf-8
cache-control: no-cache
content-length: 51

22:20:42.349 [AsyncHttpClient-1-2] DEBUG org.asynchttpclient.netty.channel.ChannelManager - Adding key: http://localhost:37276 for channel [id: 0x1f7c3932, L:/127.0.0.1:63376 - R:localhost/127.0.0.1:37276]
22:20:42.349 [Forwarding screenshot on session 4578cf1c5f13ff694115b91c5065c0a5 to remote] DEBUG org.asynchttpclient.netty.request.NettyRequestSender - Using pooled Channel '[id: 0x1f7c3932, L:/127.0.0.1:63376 - R:localhost/127.0.0.1:37276]' for 'GET' to 'http://localhost:37276/session/4578cf1c5f13ff694115b91c5065c0a5/screenshot'
22:20:42.349 [Forwarding screenshot on session 4578cf1c5f13ff694115b91c5065c0a5 to remote] DEBUG org.asynchttpclient.netty.request.NettyRequestSender - Using open Channel [id: 0x1f7c3932, L:/127.0.0.1:63376 - R:localhost/127.0.0.1:37276] for GET '/session/4578cf1c5f13ff694115b91c5065c0a5/screenshot'
22:20:42.549 [AsyncHttpClient-1-2] DEBUG org.asynchttpclient.netty.handler.HttpHandler - 

Request DefaultFullHttpRequest(decodeResult: success, version: HTTP/1.1, content: EmptyByteBufBE)
GET /session/4578cf1c5f13ff694115b91c5065c0a5/screenshot HTTP/1.1
User-Agent: selenium/4.7.1 (java windows)
Cache-Control: no-cache
Content-Type: application/json; charset=utf-8
host: localhost:37276
accept: */*

Response DefaultHttpResponse(decodeResult: success, version: HTTP/1.1)
HTTP/1.1 200 OK
Content-Type: application/json; charset=utf-8
cache-control: no-cache
content-length: 192552

22:20:42.557 [AsyncHttpClient-1-2] DEBUG org.asynchttpclient.netty.channel.ChannelManager - Adding key: http://localhost:37276 for channel [id: 0x1f7c3932, L:/127.0.0.1:63376 - R:localhost/127.0.0.1:37276]
22:20:42.565 [main] DEBUG net.serenitybdd.core.photography.Darkroom - Send negative for processing for target\site\serenity\ab83ef727c8b8636b85bbf353969d47359a8f6352e7d8eb02c08c92d6e040239.png
22:20:42.565 [Darkroom Processing Line] DEBUG net.serenitybdd.core.photography.DarkroomProcessingLine - Processing screenshot image in /var/screenshots/screenshot-3755120516555545538
22:20:42.565 [main] DEBUG net.thucydides.core.steps.StepInterceptor - STEP DONE: klikbuttonmasuk
22:20:42.565 [Darkroom Processing Line] DEBUG net.serenitybdd.core.photography.DarkroomProcessingLine - Saving screenshot to target\site\serenity\ab83ef727c8b8636b85bbf353969d47359a8f6352e7d8eb02c08c92d6e040239.png
  &amp#27;[32mGiven &amp#27;[0m&amp#27;[32mAdmin melakukan login akun&amp#27;[0m                    &amp#27;[90m# starter.stepdefinitions.TransaksiSteps.adminMelakukanLoginAkun()&amp#27;[0m
22:20:42.598 [main] DEBUG net.thucydides.core.steps.StepInterceptor - STARTING STEP: TransaksiSteps.padaBerandaAdminKlikTransaksi - klikmenutransaksi
22:20:42.622 [Forwarding findElement on session 4578cf1c5f13ff694115b91c5065c0a5 to remote] DEBUG org.asynchttpclient.netty.request.NettyRequestSender - Using pooled Channel '[id: 0x1f7c3932, L:/127.0.0.1:63376 - R:localhost/127.0.0.1:37276]' for 'POST' to 'http://localhost:37276/session/4578cf1c5f13ff694115b91c5065c0a5/element'
22:20:42.622 [Forwarding findElement on session 4578cf1c5f13ff694115b91c5065c0a5 to remote] DEBUG org.asynchttpclient.netty.request.NettyRequestSender - Using open Channel [id: 0x1f7c3932, L:/127.0.0.1:63376 - R:localhost/127.0.0.1:37276] for POST '/session/4578cf1c5f13ff694115b91c5065c0a5/element'
22:20:42.942 [AsyncHttpClient-1-2] DEBUG org.asynchttpclient.netty.handler.HttpHandler - 

Request DefaultHttpRequest(decodeResult: success, version: HTTP/1.1)
POST /session/4578cf1c5f13ff694115b91c5065c0a5/element HTTP/1.1
User-Agent: selenium/4.7.1 (java windows)
Content-Length: 81
Content-Type: application/json; charset=utf-8
host: localhost:37276
accept: */*

Response DefaultHttpResponse(decodeResult: success, version: HTTP/1.1)
HTTP/1.1 200 OK
Content-Type: application/json; charset=utf-8
cache-control: no-cache
content-length: 95

22:20:42.942 [AsyncHttpClient-1-2] DEBUG org.asynchttpclient.netty.channel.ChannelManager - Adding key: http://localhost:37276 for channel [id: 0x1f7c3932, L:/127.0.0.1:63376 - R:localhost/127.0.0.1:37276]
22:20:42.950 [Forwarding getElementTagName on session 4578cf1c5f13ff694115b91c5065c0a5 to remote] DEBUG org.asynchttpclient.netty.request.NettyRequestSender - Using pooled Channel '[id: 0x1f7c3932, L:/127.0.0.1:63376 - R:localhost/127.0.0.1:37276]' for 'GET' to 'http://localhost:37276/session/4578cf1c5f13ff694115b91c5065c0a5/element/AF2DC5B78D69C6139DD124D5DE46B59D_element_15/name'
22:20:42.950 [Forwarding getElementTagName on session 4578cf1c5f13ff694115b91c5065c0a5 to remote] DEBUG org.asynchttpclient.netty.request.NettyRequestSender - Using open Channel [id: 0x1f7c3932, L:/127.0.0.1:63376 - R:localhost/127.0.0.1:37276] for GET '/session/4578cf1c5f13ff694115b91c5065c0a5/element/AF2DC5B78D69C6139DD124D5DE46B59D_element_15/name'
22:20:42.982 [AsyncHttpClient-1-2] DEBUG org.asynchttpclient.netty.handler.HttpHandler - 

Request DefaultFullHttpRequest(decodeResult: success, version: HTTP/1.1, content: EmptyByteBufBE)
GET /session/4578cf1c5f13ff694115b91c5065c0a5/element/AF2DC5B78D69C6139DD124D5DE46B59D_element_15/name HTTP/1.1
User-Agent: selenium/4.7.1 (java windows)
Cache-Control: no-cache
Content-Type: application/json; charset=utf-8
host: localhost:37276
accept: */*

Response DefaultHttpResponse(decodeResult: success, version: HTTP/1.1)
HTTP/1.1 200 OK
Content-Type: application/json; charset=utf-8
cache-control: no-cache
content-length: 13

22:20:42.990 [AsyncHttpClient-1-2] DEBUG org.asynchttpclient.netty.channel.ChannelManager - Adding key: http://localhost:37276 for channel [id: 0x1f7c3932, L:/127.0.0.1:63376 - R:localhost/127.0.0.1:37276]
22:20:42.990 [Forwarding getElementTagName on session 4578cf1c5f13ff694115b91c5065c0a5 to remote] DEBUG org.asynchttpclient.netty.request.NettyRequestSender - Using pooled Channel '[id: 0x1f7c3932, L:/127.0.0.1:63376 - R:localhost/127.0.0.1:37276]' for 'GET' to 'http://localhost:37276/session/4578cf1c5f13ff694115b91c5065c0a5/element/AF2DC5B78D69C6139DD124D5DE46B59D_element_15/name'
22:20:42.990 [Forwarding getElementTagName on session 4578cf1c5f13ff694115b91c5065c0a5 to remote] DEBUG org.asynchttpclient.netty.request.NettyRequestSender - Using open Channel [id: 0x1f7c3932, L:/127.0.0.1:63376 - R:localhost/127.0.0.1:37276] for GET '/session/4578cf1c5f13ff694115b91c5065c0a5/element/AF2DC5B78D69C6139DD124D5DE46B59D_element_15/name'
22:20:43.005 [AsyncHttpClient-1-2] DEBUG org.asynchttpclient.netty.handler.HttpHandler - 

Request DefaultFullHttpRequest(decodeResult: success, version: HTTP/1.1, content: EmptyByteBufBE)
GET /session/4578cf1c5f13ff694115b91c5065c0a5/element/AF2DC5B78D69C6139DD124D5DE46B59D_element_15/name HTTP/1.1
User-Agent: selenium/4.7.1 (java windows)
Cache-Control: no-cache
Content-Type: application/json; charset=utf-8
host: localhost:37276
accept: */*

Response DefaultHttpResponse(decodeResult: success, version: HTTP/1.1)
HTTP/1.1 200 OK
Content-Type: application/json; charset=utf-8
cache-control: no-cache
content-length: 13

22:20:43.005 [AsyncHttpClient-1-2] DEBUG org.asynchttpclient.netty.channel.ChannelManager - Adding key: http://localhost:37276 for channel [id: 0x1f7c3932, L:/127.0.0.1:63376 - R:localhost/127.0.0.1:37276]
22:20:43.011 [Forwarding findElement on session 4578cf1c5f13ff694115b91c5065c0a5 to remote] DEBUG org.asynchttpclient.netty.request.NettyRequestSender - Using pooled Channel '[id: 0x1f7c3932, L:/127.0.0.1:63376 - R:localhost/127.0.0.1:37276]' for 'POST' to 'http://localhost:37276/session/4578cf1c5f13ff694115b91c5065c0a5/element'
22:20:43.011 [Forwarding findElement on session 4578cf1c5f13ff694115b91c5065c0a5 to remote] DEBUG org.asynchttpclient.netty.request.NettyRequestSender - Using open Channel [id: 0x1f7c3932, L:/127.0.0.1:63376 - R:localhost/127.0.0.1:37276] for POST '/session/4578cf1c5f13ff694115b91c5065c0a5/element'
22:20:43.025 [AsyncHttpClient-1-2] DEBUG org.asynchttpclient.netty.handler.HttpHandler - 

Request DefaultHttpRequest(decodeResult: success, version: HTTP/1.1)
POST /session/4578cf1c5f13ff694115b91c5065c0a5/element HTTP/1.1
User-Agent: selenium/4.7.1 (java windows)
Content-Length: 81
Content-Type: application/json; charset=utf-8
host: localhost:37276
accept: */*

Response DefaultHttpResponse(decodeResult: success, version: HTTP/1.1)
HTTP/1.1 200 OK
Content-Type: application/json; charset=utf-8
cache-control: no-cache
content-length: 95

22:20:43.025 [AsyncHttpClient-1-2] DEBUG org.asynchttpclient.netty.channel.ChannelManager - Adding key: http://localhost:37276 for channel [id: 0x1f7c3932, L:/127.0.0.1:63376 - R:localhost/127.0.0.1:37276]
22:20:43.025 [Forwarding clickElement on session 4578cf1c5f13ff694115b91c5065c0a5 to remote] DEBUG org.asynchttpclient.netty.request.NettyRequestSender - Using pooled Channel '[id: 0x1f7c3932, L:/127.0.0.1:63376 - R:localhost/127.0.0.1:37276]' for 'POST' to 'http://localhost:37276/session/4578cf1c5f13ff694115b91c5065c0a5/element/AF2DC5B78D69C6139DD124D5DE46B59D_element_15/click'
22:20:43.025 [Forwarding clickElement on session 4578cf1c5f13ff694115b91c5065c0a5 to remote] DEBUG org.asynchttpclient.netty.request.NettyRequestSender - Using open Channel [id: 0x1f7c3932, L:/127.0.0.1:63376 - R:localhost/127.0.0.1:37276] for POST '/session/4578cf1c5f13ff694115b91c5065c0a5/element/AF2DC5B78D69C6139DD124D5DE46B59D_element_15/click'
22:20:43.418 [AsyncHttpClient-1-1] DEBUG org.asynchttpclient.netty.channel.DefaultChannelPool - Entry count for : http://localhost:63377 : 1
22:20:44.253 [AsyncHttpClient-1-2] DEBUG org.asynchttpclient.netty.handler.HttpHandler - 

Request DefaultHttpRequest(decodeResult: success, version: HTTP/1.1)
POST /session/4578cf1c5f13ff694115b91c5065c0a5/element/AF2DC5B78D69C6139DD124D5DE46B59D_element_15/click HTTP/1.1
User-Agent: selenium/4.7.1 (java windows)
Content-Length: 57
Content-Type: application/json; charset=utf-8
host: localhost:37276
accept: */*

Response DefaultHttpResponse(decodeResult: success, version: HTTP/1.1)
HTTP/1.1 400 Bad Request
Content-Type: application/json; charset=utf-8
cache-control: no-cache
content-length: 1259

22:20:44.253 [AsyncHttpClient-1-2] DEBUG org.asynchttpclient.netty.channel.ChannelManager - Adding key: http://localhost:37276 for channel [id: 0x1f7c3932, L:/127.0.0.1:63376 - R:localhost/127.0.0.1:37276]
22:20:44.517 [AsyncHttpClient-1-1] DEBUG org.asynchttpclient.netty.channel.DefaultChannelPool - Entry count for : http://localhost:63377 : 1
22:20:44.517 [AsyncHttpClient-1-1] DEBUG org.asynchttpclient.netty.channel.DefaultChannelPool - Entry count for : http://localhost:37276 : 1
22:20:44.517 [Forwarding clickElement on session 4578cf1c5f13ff694115b91c5065c0a5 to remote] DEBUG org.asynchttpclient.netty.request.NettyRequestSender - Using pooled Channel '[id: 0x1f7c3932, L:/127.0.0.1:63376 - R:localhost/127.0.0.1:37276]' for 'POST' to 'http://localhost:37276/session/4578cf1c5f13ff694115b91c5065c0a5/element/AF2DC5B78D69C6139DD124D5DE46B59D_element_15/click'
22:20:44.517 [Forwarding clickElement on session 4578cf1c5f13ff694115b91c5065c0a5 to remote] DEBUG org.asynchttpclient.netty.request.NettyRequestSender - Using open Channel [id: 0x1f7c3932, L:/127.0.0.1:63376 - R:localhost/127.0.0.1:37276] for POST '/session/4578cf1c5f13ff694115b91c5065c0a5/element/AF2DC5B78D69C6139DD124D5DE46B59D_element_15/click'
22:20:45.616 [AsyncHttpClient-1-1] DEBUG org.asynchttpclient.netty.channel.DefaultChannelPool - Entry count for : http://localhost:63377 : 1
22:20:45.624 [AsyncHttpClient-1-2] DEBUG org.asynchttpclient.netty.handler.HttpHandler - 

Request DefaultHttpRequest(decodeResult: success, version: HTTP/1.1)
POST /session/4578cf1c5f13ff694115b91c5065c0a5/element/AF2DC5B78D69C6139DD124D5DE46B59D_element_15/click HTTP/1.1
User-Agent: selenium/4.7.1 (java windows)
Content-Length: 57
Content-Type: application/json; charset=utf-8
host: localhost:37276
accept: */*

Response DefaultHttpResponse(decodeResult: success, version: HTTP/1.1)
HTTP/1.1 400 Bad Request
Content-Type: application/json; charset=utf-8
cache-control: no-cache
content-length: 1259

22:20:45.624 [AsyncHttpClient-1-2] DEBUG org.asynchttpclient.netty.channel.ChannelManager - Adding key: http://localhost:37276 for channel [id: 0x1f7c3932, L:/127.0.0.1:63376 - R:localhost/127.0.0.1:37276]
22:20:45.880 [Forwarding clickElement on session 4578cf1c5f13ff694115b91c5065c0a5 to remote] DEBUG org.asynchttpclient.netty.request.NettyRequestSender - Using pooled Channel '[id: 0x1f7c3932, L:/127.0.0.1:63376 - R:localhost/127.0.0.1:37276]' for 'POST' to 'http://localhost:37276/session/4578cf1c5f13ff694115b91c5065c0a5/element/AF2DC5B78D69C6139DD124D5DE46B59D_element_15/click'
22:20:45.880 [Forwarding clickElement on session 4578cf1c5f13ff694115b91c5065c0a5 to remote] DEBUG org.asynchttpclient.netty.request.NettyRequestSender - Using open Channel [id: 0x1f7c3932, L:/127.0.0.1:63376 - R:localhost/127.0.0.1:37276] for POST '/session/4578cf1c5f13ff694115b91c5065c0a5/element/AF2DC5B78D69C6139DD124D5DE46B59D_element_15/click'
22:20:46.033 [AsyncHttpClient-1-2] DEBUG org.asynchttpclient.netty.handler.HttpHandler - 

Request DefaultHttpRequest(decodeResult: success, version: HTTP/1.1)
POST /session/4578cf1c5f13ff694115b91c5065c0a5/element/AF2DC5B78D69C6139DD124D5DE46B59D_element_15/click HTTP/1.1
User-Agent: selenium/4.7.1 (java windows)
Content-Length: 57
Content-Type: application/json; charset=utf-8
host: localhost:37276
accept: */*

Response DefaultHttpResponse(decodeResult: success, version: HTTP/1.1)
HTTP/1.1 200 OK
Content-Type: application/json; charset=utf-8
cache-control: no-cache
content-length: 14

22:20:46.033 [AsyncHttpClient-1-2] DEBUG org.asynchttpclient.netty.channel.ChannelManager - Adding key: http://localhost:37276 for channel [id: 0x1f7c3932, L:/127.0.0.1:63376 - R:localhost/127.0.0.1:37276]
22:20:46.057 [Forwarding getCurrentWindowHandle on session 4578cf1c5f13ff694115b91c5065c0a5 to remote] DEBUG org.asynchttpclient.netty.request.NettyRequestSender - Using pooled Channel '[id: 0x1f7c3932, L:/127.0.0.1:63376 - R:localhost/127.0.0.1:37276]' for 'GET' to 'http://localhost:37276/session/4578cf1c5f13ff694115b91c5065c0a5/window'
22:20:46.057 [Forwarding getCurrentWindowHandle on session 4578cf1c5f13ff694115b91c5065c0a5 to remote] DEBUG org.asynchttpclient.netty.request.NettyRequestSender - Using open Channel [id: 0x1f7c3932, L:/127.0.0.1:63376 - R:localhost/127.0.0.1:37276] for GET '/session/4578cf1c5f13ff694115b91c5065c0a5/window'
22:20:46.057 [AsyncHttpClient-1-2] DEBUG org.asynchttpclient.netty.handler.HttpHandler - 

Request DefaultFullHttpRequest(decodeResult: success, version: HTTP/1.1, content: EmptyByteBufBE)
GET /session/4578cf1c5f13ff694115b91c5065c0a5/window HTTP/1.1
User-Agent: selenium/4.7.1 (java windows)
Cache-Control: no-cache
Content-Type: application/json; charset=utf-8
host: localhost:37276
accept: */*

Response DefaultHttpResponse(decodeResult: success, version: HTTP/1.1)
HTTP/1.1 200 OK
Content-Type: application/json; charset=utf-8
cache-control: no-cache
content-length: 44

22:20:46.057 [AsyncHttpClient-1-2] DEBUG org.asynchttpclient.netty.channel.ChannelManager - Adding key: http://localhost:37276 for channel [id: 0x1f7c3932, L:/127.0.0.1:63376 - R:localhost/127.0.0.1:37276]
22:20:46.065 [Forwarding getAlertText on session 4578cf1c5f13ff694115b91c5065c0a5 to remote] DEBUG org.asynchttpclient.netty.request.NettyRequestSender - Using pooled Channel '[id: 0x1f7c3932, L:/127.0.0.1:63376 - R:localhost/127.0.0.1:37276]' for 'GET' to 'http://localhost:37276/session/4578cf1c5f13ff694115b91c5065c0a5/alert/text'
22:20:46.065 [Forwarding getAlertText on session 4578cf1c5f13ff694115b91c5065c0a5 to remote] DEBUG org.asynchttpclient.netty.request.NettyRequestSender - Using open Channel [id: 0x1f7c3932, L:/127.0.0.1:63376 - R:localhost/127.0.0.1:37276] for GET '/session/4578cf1c5f13ff694115b91c5065c0a5/alert/text'
22:20:46.081 [AsyncHttpClient-1-2] DEBUG org.asynchttpclient.netty.handler.HttpHandler - 

Request DefaultFullHttpRequest(decodeResult: success, version: HTTP/1.1, content: EmptyByteBufBE)
GET /session/4578cf1c5f13ff694115b91c5065c0a5/alert/text HTTP/1.1
User-Agent: selenium/4.7.1 (java windows)
Cache-Control: no-cache
Content-Type: application/json; charset=utf-8
host: localhost:37276
accept: */*

Response DefaultHttpResponse(decodeResult: success, version: HTTP/1.1)
HTTP/1.1 404 Not Found
Content-Type: application/json; charset=utf-8
cache-control: no-cache
content-length: 821

22:20:46.081 [AsyncHttpClient-1-2] DEBUG org.asynchttpclient.netty.channel.ChannelManager - Adding key: http://localhost:37276 for channel [id: 0x1f7c3932, L:/127.0.0.1:63376 - R:localhost/127.0.0.1:37276]
22:20:46.089 [Forwarding switchToWindow on session 4578cf1c5f13ff694115b91c5065c0a5 to remote] DEBUG org.asynchttpclient.netty.request.NettyRequestSender - Using pooled Channel '[id: 0x1f7c3932, L:/127.0.0.1:63376 - R:localhost/127.0.0.1:37276]' for 'POST' to 'http://localhost:37276/session/4578cf1c5f13ff694115b91c5065c0a5/window'
22:20:46.089 [Forwarding switchToWindow on session 4578cf1c5f13ff694115b91c5065c0a5 to remote] DEBUG org.asynchttpclient.netty.request.NettyRequestSender - Using open Channel [id: 0x1f7c3932, L:/127.0.0.1:63376 - R:localhost/127.0.0.1:37276] for POST '/session/4578cf1c5f13ff694115b91c5065c0a5/window'
22:20:46.097 [AsyncHttpClient-1-2] DEBUG org.asynchttpclient.netty.handler.HttpHandler - 

Request DefaultHttpRequest(decodeResult: success, version: HTTP/1.1)
POST /session/4578cf1c5f13ff694115b91c5065c0a5/window HTTP/1.1
User-Agent: selenium/4.7.1 (java windows)
Content-Length: 50
Content-Type: application/json; charset=utf-8
host: localhost:37276
accept: */*

Response DefaultHttpResponse(decodeResult: success, version: HTTP/1.1)
HTTP/1.1 200 OK
Content-Type: application/json; charset=utf-8
cache-control: no-cache
content-length: 14

22:20:46.097 [AsyncHttpClient-1-2] DEBUG org.asynchttpclient.netty.channel.ChannelManager - Adding key: http://localhost:37276 for channel [id: 0x1f7c3932, L:/127.0.0.1:63376 - R:localhost/127.0.0.1:37276]
22:20:46.097 [Forwarding getCurrentUrl on session 4578cf1c5f13ff694115b91c5065c0a5 to remote] DEBUG org.asynchttpclient.netty.request.NettyRequestSender - Using pooled Channel '[id: 0x1f7c3932, L:/127.0.0.1:63376 - R:localhost/127.0.0.1:37276]' for 'GET' to 'http://localhost:37276/session/4578cf1c5f13ff694115b91c5065c0a5/url'
22:20:46.097 [Forwarding getCurrentUrl on session 4578cf1c5f13ff694115b91c5065c0a5 to remote] DEBUG org.asynchttpclient.netty.request.NettyRequestSender - Using open Channel [id: 0x1f7c3932, L:/127.0.0.1:63376 - R:localhost/127.0.0.1:37276] for GET '/session/4578cf1c5f13ff694115b91c5065c0a5/url'
22:20:46.161 [AsyncHttpClient-1-2] DEBUG org.asynchttpclient.netty.handler.HttpHandler - 

Request DefaultFullHttpRequest(decodeResult: success, version: HTTP/1.1, content: EmptyByteBufBE)
GET /session/4578cf1c5f13ff694115b91c5065c0a5/url HTTP/1.1
User-Agent: selenium/4.7.1 (java windows)
Cache-Control: no-cache
Content-Type: application/json; charset=utf-8
host: localhost:37276
accept: */*

Response DefaultHttpResponse(decodeResult: success, version: HTTP/1.1)
HTTP/1.1 200 OK
Content-Type: application/json; charset=utf-8
cache-control: no-cache
content-length: 55

22:20:46.161 [AsyncHttpClient-1-2] DEBUG org.asynchttpclient.netty.channel.ChannelManager - Adding key: http://localhost:37276 for channel [id: 0x1f7c3932, L:/127.0.0.1:63376 - R:localhost/127.0.0.1:37276]
22:20:46.161 [Forwarding screenshot on session 4578cf1c5f13ff694115b91c5065c0a5 to remote] DEBUG org.asynchttpclient.netty.request.NettyRequestSender - Using pooled Channel '[id: 0x1f7c3932, L:/127.0.0.1:63376 - R:localhost/127.0.0.1:37276]' for 'GET' to 'http://localhost:37276/session/4578cf1c5f13ff694115b91c5065c0a5/screenshot'
22:20:46.161 [Forwarding screenshot on session 4578cf1c5f13ff694115b91c5065c0a5 to remote] DEBUG org.asynchttpclient.netty.request.NettyRequestSender - Using open Channel [id: 0x1f7c3932, L:/127.0.0.1:63376 - R:localhost/127.0.0.1:37276] for GET '/session/4578cf1c5f13ff694115b91c5065c0a5/screenshot'
22:20:46.313 [AsyncHttpClient-1-2] DEBUG org.asynchttpclient.netty.handler.HttpHandler - 

Request DefaultFullHttpRequest(decodeResult: success, version: HTTP/1.1, content: EmptyByteBufBE)
GET /session/4578cf1c5f13ff694115b91c5065c0a5/screenshot HTTP/1.1
User-Agent: selenium/4.7.1 (java windows)
Cache-Control: no-cache
Content-Type: application/json; charset=utf-8
host: localhost:37276
accept: */*

Response DefaultHttpResponse(decodeResult: success, version: HTTP/1.1)
HTTP/1.1 200 OK
Content-Type: application/json; charset=utf-8
cache-control: no-cache
content-length: 100756

22:20:46.313 [AsyncHttpClient-1-2] DEBUG org.asynchttpclient.netty.channel.ChannelManager - Adding key: http://localhost:37276 for channel [id: 0x1f7c3932, L:/127.0.0.1:63376 - R:localhost/127.0.0.1:37276]
22:20:46.315 [main] DEBUG net.serenitybdd.core.photography.Darkroom - Send negative for processing for target\site\serenity\82b0fe418ca1e02511453ccbbd6ad5db69ef6b690366130a1963bc28ef9459a7.png
22:20:46.315 [main] DEBUG net.thucydides.core.steps.StepInterceptor - STEP DONE: klikmenutransaksi
22:20:46.315 [Darkroom Processing Line] DEBUG net.serenitybdd.core.photography.DarkroomProcessingLine - Processing screenshot image in /var/screenshots/screenshot-7944302815699487835
22:20:46.315 [Darkroom Processing Line] DEBUG net.serenitybdd.core.photography.DarkroomProcessingLine - Saving screenshot to target\site\serenity\82b0fe418ca1e02511453ccbbd6ad5db69ef6b690366130a1963bc28ef9459a7.png
  &amp#27;[32mWhen &amp#27;[0m&amp#27;[32mPada Beranda, Admin klik Transaksi&amp#27;[0m             &amp#27;[90m# starter.stepdefinitions.TransaksiSteps.padaBerandaAdminKlikTransaksi()&amp#27;[0m
22:20:46.337 [main] DEBUG net.thucydides.core.steps.StepInterceptor - STARTING STEP: TransaksiSteps.adminKlikSemua - pilihitemsemua
22:20:46.345 [Forwarding findElement on session 4578cf1c5f13ff694115b91c5065c0a5 to remote] DEBUG org.asynchttpclient.netty.request.NettyRequestSender - Using pooled Channel '[id: 0x1f7c3932, L:/127.0.0.1:63376 - R:localhost/127.0.0.1:37276]' for 'POST' to 'http://localhost:37276/session/4578cf1c5f13ff694115b91c5065c0a5/element'
22:20:46.345 [Forwarding findElement on session 4578cf1c5f13ff694115b91c5065c0a5 to remote] DEBUG org.asynchttpclient.netty.request.NettyRequestSender - Using open Channel [id: 0x1f7c3932, L:/127.0.0.1:63376 - R:localhost/127.0.0.1:37276] for POST '/session/4578cf1c5f13ff694115b91c5065c0a5/element'
22:20:46.362 [AsyncHttpClient-1-2] DEBUG org.asynchttpclient.netty.handler.HttpHandler - 

Request DefaultHttpRequest(decodeResult: success, version: HTTP/1.1)
POST /session/4578cf1c5f13ff694115b91c5065c0a5/element HTTP/1.1
User-Agent: selenium/4.7.1 (java windows)
Content-Length: 81
Content-Type: application/json; charset=utf-8
host: localhost:37276
accept: */*

Response DefaultHttpResponse(decodeResult: success, version: HTTP/1.1)
HTTP/1.1 200 OK
Content-Type: application/json; charset=utf-8
cache-control: no-cache
content-length: 95

22:20:46.362 [AsyncHttpClient-1-2] DEBUG org.asynchttpclient.netty.channel.ChannelManager - Adding key: http://localhost:37276 for channel [id: 0x1f7c3932, L:/127.0.0.1:63376 - R:localhost/127.0.0.1:37276]
22:20:46.370 [Forwarding getElementTagName on session 4578cf1c5f13ff694115b91c5065c0a5 to remote] DEBUG org.asynchttpclient.netty.request.NettyRequestSender - Using pooled Channel '[id: 0x1f7c3932, L:/127.0.0.1:63376 - R:localhost/127.0.0.1:37276]' for 'GET' to 'http://localhost:37276/session/4578cf1c5f13ff694115b91c5065c0a5/element/AF2DC5B78D69C6139DD124D5DE46B59D_element_25/name'
22:20:46.370 [Forwarding getElementTagName on session 4578cf1c5f13ff694115b91c5065c0a5 to remote] DEBUG org.asynchttpclient.netty.request.NettyRequestSender - Using open Channel [id: 0x1f7c3932, L:/127.0.0.1:63376 - R:localhost/127.0.0.1:37276] for GET '/session/4578cf1c5f13ff694115b91c5065c0a5/element/AF2DC5B78D69C6139DD124D5DE46B59D_element_25/name'
22:20:46.378 [AsyncHttpClient-1-2] DEBUG org.asynchttpclient.netty.handler.HttpHandler - 

Request DefaultFullHttpRequest(decodeResult: success, version: HTTP/1.1, content: EmptyByteBufBE)
GET /session/4578cf1c5f13ff694115b91c5065c0a5/element/AF2DC5B78D69C6139DD124D5DE46B59D_element_25/name HTTP/1.1
User-Agent: selenium/4.7.1 (java windows)
Cache-Control: no-cache
Content-Type: application/json; charset=utf-8
host: localhost:37276
accept: */*

Response DefaultHttpResponse(decodeResult: success, version: HTTP/1.1)
HTTP/1.1 200 OK
Content-Type: application/json; charset=utf-8
cache-control: no-cache
content-length: 13

22:20:46.378 [AsyncHttpClient-1-2] DEBUG org.asynchttpclient.netty.channel.ChannelManager - Adding key: http://localhost:37276 for channel [id: 0x1f7c3932, L:/127.0.0.1:63376 - R:localhost/127.0.0.1:37276]
22:20:46.386 [Forwarding getElementTagName on session 4578cf1c5f13ff694115b91c5065c0a5 to remote] DEBUG org.asynchttpclient.netty.request.NettyRequestSender - Using pooled Channel '[id: 0x1f7c3932, L:/127.0.0.1:63376 - R:localhost/127.0.0.1:37276]' for 'GET' to 'http://localhost:37276/session/4578cf1c5f13ff694115b91c5065c0a5/element/AF2DC5B78D69C6139DD124D5DE46B59D_element_25/name'
22:20:46.386 [Forwarding getElementTagName on session 4578cf1c5f13ff694115b91c5065c0a5 to remote] DEBUG org.asynchttpclient.netty.request.NettyRequestSender - Using open Channel [id: 0x1f7c3932, L:/127.0.0.1:63376 - R:localhost/127.0.0.1:37276] for GET '/session/4578cf1c5f13ff694115b91c5065c0a5/element/AF2DC5B78D69C6139DD124D5DE46B59D_element_25/name'
22:20:46.394 [AsyncHttpClient-1-2] DEBUG org.asynchttpclient.netty.handler.HttpHandler - 

Request DefaultFullHttpRequest(decodeResult: success, version: HTTP/1.1, content: EmptyByteBufBE)
GET /session/4578cf1c5f13ff694115b91c5065c0a5/element/AF2DC5B78D69C6139DD124D5DE46B59D_element_25/name HTTP/1.1
User-Agent: selenium/4.7.1 (java windows)
Cache-Control: no-cache
Content-Type: application/json; charset=utf-8
host: localhost:37276
accept: */*

Response DefaultHttpResponse(decodeResult: success, version: HTTP/1.1)
HTTP/1.1 200 OK
Content-Type: application/json; charset=utf-8
cache-control: no-cache
content-length: 13

22:20:46.394 [AsyncHttpClient-1-2] DEBUG org.asynchttpclient.netty.channel.ChannelManager - Adding key: http://localhost:37276 for channel [id: 0x1f7c3932, L:/127.0.0.1:63376 - R:localhost/127.0.0.1:37276]
22:20:46.394 [Forwarding findElement on session 4578cf1c5f13ff694115b91c5065c0a5 to remote] DEBUG org.asynchttpclient.netty.request.NettyRequestSender - Using pooled Channel '[id: 0x1f7c3932, L:/127.0.0.1:63376 - R:localhost/127.0.0.1:37276]' for 'POST' to 'http://localhost:37276/session/4578cf1c5f13ff694115b91c5065c0a5/element'
22:20:46.394 [Forwarding findElement on session 4578cf1c5f13ff694115b91c5065c0a5 to remote] DEBUG org.asynchttpclient.netty.request.NettyRequestSender - Using open Channel [id: 0x1f7c3932, L:/127.0.0.1:63376 - R:localhost/127.0.0.1:37276] for POST '/session/4578cf1c5f13ff694115b91c5065c0a5/element'
22:20:46.415 [AsyncHttpClient-1-2] DEBUG org.asynchttpclient.netty.handler.HttpHandler - 

Request DefaultHttpRequest(decodeResult: success, version: HTTP/1.1)
POST /session/4578cf1c5f13ff694115b91c5065c0a5/element HTTP/1.1
User-Agent: selenium/4.7.1 (java windows)
Content-Length: 81
Content-Type: application/json; charset=utf-8
host: localhost:37276
accept: */*

Response DefaultHttpResponse(decodeResult: success, version: HTTP/1.1)
HTTP/1.1 200 OK
Content-Type: application/json; charset=utf-8
cache-control: no-cache
content-length: 95

22:20:46.415 [AsyncHttpClient-1-2] DEBUG org.asynchttpclient.netty.channel.ChannelManager - Adding key: http://localhost:37276 for channel [id: 0x1f7c3932, L:/127.0.0.1:63376 - R:localhost/127.0.0.1:37276]
22:20:46.418 [Forwarding clickElement on session 4578cf1c5f13ff694115b91c5065c0a5 to remote] DEBUG org.asynchttpclient.netty.request.NettyRequestSender - Using pooled Channel '[id: 0x1f7c3932, L:/127.0.0.1:63376 - R:localhost/127.0.0.1:37276]' for 'POST' to 'http://localhost:37276/session/4578cf1c5f13ff694115b91c5065c0a5/element/AF2DC5B78D69C6139DD124D5DE46B59D_element_25/click'
22:20:46.418 [Forwarding clickElement on session 4578cf1c5f13ff694115b91c5065c0a5 to remote] DEBUG org.asynchttpclient.netty.request.NettyRequestSender - Using open Channel [id: 0x1f7c3932, L:/127.0.0.1:63376 - R:localhost/127.0.0.1:37276] for POST '/session/4578cf1c5f13ff694115b91c5065c0a5/element/AF2DC5B78D69C6139DD124D5DE46B59D_element_25/click'
22:20:46.482 [AsyncHttpClient-1-2] DEBUG org.asynchttpclient.netty.handler.HttpHandler - 

Request DefaultHttpRequest(decodeResult: success, version: HTTP/1.1)
POST /session/4578cf1c5f13ff694115b91c5065c0a5/element/AF2DC5B78D69C6139DD124D5DE46B59D_element_25/click HTTP/1.1
User-Agent: selenium/4.7.1 (java windows)
Content-Length: 57
Content-Type: application/json; charset=utf-8
host: localhost:37276
accept: */*

Response DefaultHttpResponse(decodeResult: success, version: HTTP/1.1)
HTTP/1.1 200 OK
Content-Type: application/json; charset=utf-8
cache-control: no-cache
content-length: 14

22:20:46.482 [AsyncHttpClient-1-2] DEBUG org.asynchttpclient.netty.channel.ChannelManager - Adding key: http://localhost:37276 for channel [id: 0x1f7c3932, L:/127.0.0.1:63376 - R:localhost/127.0.0.1:37276]
22:20:46.498 [Forwarding getCurrentWindowHandle on session 4578cf1c5f13ff694115b91c5065c0a5 to remote] DEBUG org.asynchttpclient.netty.request.NettyRequestSender - Using pooled Channel '[id: 0x1f7c3932, L:/127.0.0.1:63376 - R:localhost/127.0.0.1:37276]' for 'GET' to 'http://localhost:37276/session/4578cf1c5f13ff694115b91c5065c0a5/window'
22:20:46.498 [Forwarding getCurrentWindowHandle on session 4578cf1c5f13ff694115b91c5065c0a5 to remote] DEBUG org.asynchttpclient.netty.request.NettyRequestSender - Using open Channel [id: 0x1f7c3932, L:/127.0.0.1:63376 - R:localhost/127.0.0.1:37276] for GET '/session/4578cf1c5f13ff694115b91c5065c0a5/window'
22:20:46.498 [AsyncHttpClient-1-2] DEBUG org.asynchttpclient.netty.handler.HttpHandler - 

Request DefaultFullHttpRequest(decodeResult: success, version: HTTP/1.1, content: EmptyByteBufBE)
GET /session/4578cf1c5f13ff694115b91c5065c0a5/window HTTP/1.1
User-Agent: selenium/4.7.1 (java windows)
Cache-Control: no-cache
Content-Type: application/json; charset=utf-8
host: localhost:37276
accept: */*

Response DefaultHttpResponse(decodeResult: success, version: HTTP/1.1)
HTTP/1.1 200 OK
Content-Type: application/json; charset=utf-8
cache-control: no-cache
content-length: 44

22:20:46.498 [AsyncHttpClient-1-2] DEBUG org.asynchttpclient.netty.channel.ChannelManager - Adding key: http://localhost:37276 for channel [id: 0x1f7c3932, L:/127.0.0.1:63376 - R:localhost/127.0.0.1:37276]
22:20:46.506 [Forwarding getAlertText on session 4578cf1c5f13ff694115b91c5065c0a5 to remote] DEBUG org.asynchttpclient.netty.request.NettyRequestSender - Using pooled Channel '[id: 0x1f7c3932, L:/127.0.0.1:63376 - R:localhost/127.0.0.1:37276]' for 'GET' to 'http://localhost:37276/session/4578cf1c5f13ff694115b91c5065c0a5/alert/text'
22:20:46.506 [Forwarding getAlertText on session 4578cf1c5f13ff694115b91c5065c0a5 to remote] DEBUG org.asynchttpclient.netty.request.NettyRequestSender - Using open Channel [id: 0x1f7c3932, L:/127.0.0.1:63376 - R:localhost/127.0.0.1:37276] for GET '/session/4578cf1c5f13ff694115b91c5065c0a5/alert/text'
22:20:46.515 [AsyncHttpClient-1-2] DEBUG org.asynchttpclient.netty.handler.HttpHandler - 

Request DefaultFullHttpRequest(decodeResult: success, version: HTTP/1.1, content: EmptyByteBufBE)
GET /session/4578cf1c5f13ff694115b91c5065c0a5/alert/text HTTP/1.1
User-Agent: selenium/4.7.1 (java windows)
Cache-Control: no-cache
Content-Type: application/json; charset=utf-8
host: localhost:37276
accept: */*

Response DefaultHttpResponse(decodeResult: success, version: HTTP/1.1)
HTTP/1.1 404 Not Found
Content-Type: application/json; charset=utf-8
cache-control: no-cache
content-length: 821

22:20:46.515 [AsyncHttpClient-1-2] DEBUG org.asynchttpclient.netty.channel.ChannelManager - Adding key: http://localhost:37276 for channel [id: 0x1f7c3932, L:/127.0.0.1:63376 - R:localhost/127.0.0.1:37276]
22:20:46.515 [Forwarding switchToWindow on session 4578cf1c5f13ff694115b91c5065c0a5 to remote] DEBUG org.asynchttpclient.netty.request.NettyRequestSender - Using pooled Channel '[id: 0x1f7c3932, L:/127.0.0.1:63376 - R:localhost/127.0.0.1:37276]' for 'POST' to 'http://localhost:37276/session/4578cf1c5f13ff694115b91c5065c0a5/window'
22:20:46.515 [Forwarding switchToWindow on session 4578cf1c5f13ff694115b91c5065c0a5 to remote] DEBUG org.asynchttpclient.netty.request.NettyRequestSender - Using open Channel [id: 0x1f7c3932, L:/127.0.0.1:63376 - R:localhost/127.0.0.1:37276] for POST '/session/4578cf1c5f13ff694115b91c5065c0a5/window'
22:20:46.522 [AsyncHttpClient-1-2] DEBUG org.asynchttpclient.netty.handler.HttpHandler - 

Request DefaultHttpRequest(decodeResult: success, version: HTTP/1.1)
POST /session/4578cf1c5f13ff694115b91c5065c0a5/window HTTP/1.1
User-Agent: selenium/4.7.1 (java windows)
Content-Length: 50
Content-Type: application/json; charset=utf-8
host: localhost:37276
accept: */*

Response DefaultHttpResponse(decodeResult: success, version: HTTP/1.1)
HTTP/1.1 200 OK
Content-Type: application/json; charset=utf-8
cache-control: no-cache
content-length: 14

22:20:46.522 [AsyncHttpClient-1-2] DEBUG org.asynchttpclient.netty.channel.ChannelManager - Adding key: http://localhost:37276 for channel [id: 0x1f7c3932, L:/127.0.0.1:63376 - R:localhost/127.0.0.1:37276]
22:20:46.522 [Forwarding getCurrentUrl on session 4578cf1c5f13ff694115b91c5065c0a5 to remote] DEBUG org.asynchttpclient.netty.request.NettyRequestSender - Using pooled Channel '[id: 0x1f7c3932, L:/127.0.0.1:63376 - R:localhost/127.0.0.1:37276]' for 'GET' to 'http://localhost:37276/session/4578cf1c5f13ff694115b91c5065c0a5/url'
22:20:46.522 [Forwarding getCurrentUrl on session 4578cf1c5f13ff694115b91c5065c0a5 to remote] DEBUG org.asynchttpclient.netty.request.NettyRequestSender - Using open Channel [id: 0x1f7c3932, L:/127.0.0.1:63376 - R:localhost/127.0.0.1:37276] for GET '/session/4578cf1c5f13ff694115b91c5065c0a5/url'
22:20:46.530 [AsyncHttpClient-1-2] DEBUG org.asynchttpclient.netty.handler.HttpHandler - 

Request DefaultFullHttpRequest(decodeResult: success, version: HTTP/1.1, content: EmptyByteBufBE)
GET /session/4578cf1c5f13ff694115b91c5065c0a5/url HTTP/1.1
User-Agent: selenium/4.7.1 (java windows)
Cache-Control: no-cache
Content-Type: application/json; charset=utf-8
host: localhost:37276
accept: */*

Response DefaultHttpResponse(decodeResult: success, version: HTTP/1.1)
HTTP/1.1 200 OK
Content-Type: application/json; charset=utf-8
cache-control: no-cache
content-length: 55

22:20:46.530 [AsyncHttpClient-1-2] DEBUG org.asynchttpclient.netty.channel.ChannelManager - Adding key: http://localhost:37276 for channel [id: 0x1f7c3932, L:/127.0.0.1:63376 - R:localhost/127.0.0.1:37276]
22:20:46.538 [Forwarding screenshot on session 4578cf1c5f13ff694115b91c5065c0a5 to remote] DEBUG org.asynchttpclient.netty.request.NettyRequestSender - Using pooled Channel '[id: 0x1f7c3932, L:/127.0.0.1:63376 - R:localhost/127.0.0.1:37276]' for 'GET' to 'http://localhost:37276/session/4578cf1c5f13ff694115b91c5065c0a5/screenshot'
22:20:46.538 [Forwarding screenshot on session 4578cf1c5f13ff694115b91c5065c0a5 to remote] DEBUG org.asynchttpclient.netty.request.NettyRequestSender - Using open Channel [id: 0x1f7c3932, L:/127.0.0.1:63376 - R:localhost/127.0.0.1:37276] for GET '/session/4578cf1c5f13ff694115b91c5065c0a5/screenshot'
22:20:46.666 [AsyncHttpClient-1-2] DEBUG org.asynchttpclient.netty.handler.HttpHandler - 

Request DefaultFullHttpRequest(decodeResult: success, version: HTTP/1.1, content: EmptyByteBufBE)
GET /session/4578cf1c5f13ff694115b91c5065c0a5/screenshot HTTP/1.1
User-Agent: selenium/4.7.1 (java windows)
Cache-Control: no-cache
Content-Type: application/json; charset=utf-8
host: localhost:37276
accept: */*

Response DefaultHttpResponse(decodeResult: success, version: HTTP/1.1)
HTTP/1.1 200 OK
Content-Type: application/json; charset=utf-8
cache-control: no-cache
content-length: 101472

22:20:46.666 [AsyncHttpClient-1-2] DEBUG org.asynchttpclient.netty.channel.ChannelManager - Adding key: http://localhost:37276 for channel [id: 0x1f7c3932, L:/127.0.0.1:63376 - R:localhost/127.0.0.1:37276]
22:20:46.666 [main] DEBUG net.serenitybdd.core.photography.Darkroom - Send negative for processing for target\site\serenity\29193bab92ef657c7f51947440a296adb9f2d37de400c04540f810ac0fdec9b5.png
22:20:46.666 [main] DEBUG net.thucydides.core.steps.StepInterceptor - STEP DONE: pilihitemsemua
22:20:46.666 [Darkroom Processing Line] DEBUG net.serenitybdd.core.photography.DarkroomProcessingLine - Processing screenshot image in /var/screenshots/screenshot-3833662957115388090
22:20:46.666 [Darkroom Processing Line] DEBUG net.serenitybdd.core.photography.DarkroomProcessingLine - Saving screenshot to target\site\serenity\29193bab92ef657c7f51947440a296adb9f2d37de400c04540f810ac0fdec9b5.png
22:20:46.674 [main] DEBUG net.thucydides.core.steps.StepInterceptor - STARTING STEP: TransaksiSteps.adminKlikSemua - adastatusgagal
22:20:46.682 [Forwarding findElement on session 4578cf1c5f13ff694115b91c5065c0a5 to remote] DEBUG org.asynchttpclient.netty.request.NettyRequestSender - Using pooled Channel '[id: 0x1f7c3932, L:/127.0.0.1:63376 - R:localhost/127.0.0.1:37276]' for 'POST' to 'http://localhost:37276/session/4578cf1c5f13ff694115b91c5065c0a5/element'
22:20:46.682 [Forwarding findElement on session 4578cf1c5f13ff694115b91c5065c0a5 to remote] DEBUG org.asynchttpclient.netty.request.NettyRequestSender - Using open Channel [id: 0x1f7c3932, L:/127.0.0.1:63376 - R:localhost/127.0.0.1:37276] for POST '/session/4578cf1c5f13ff694115b91c5065c0a5/element'
22:20:46.715 [AsyncHttpClient-1-1] DEBUG org.asynchttpclient.netty.channel.DefaultChannelPool - Entry count for : http://localhost:63377 : 1
22:20:47.812 [AsyncHttpClient-1-1] DEBUG org.asynchttpclient.netty.channel.DefaultChannelPool - Entry count for : http://localhost:63377 : 1
22:20:48.701 [AsyncHttpClient-1-2] DEBUG org.asynchttpclient.netty.handler.HttpHandler - 

Request DefaultHttpRequest(decodeResult: success, version: HTTP/1.1)
POST /session/4578cf1c5f13ff694115b91c5065c0a5/element HTTP/1.1
User-Agent: selenium/4.7.1 (java windows)
Content-Length: 96
Content-Type: application/json; charset=utf-8
host: localhost:37276
accept: */*

Response DefaultHttpResponse(decodeResult: success, version: HTTP/1.1)
HTTP/1.1 404 Not Found
Content-Type: application/json; charset=utf-8
cache-control: no-cache
content-length: 970

22:20:48.701 [AsyncHttpClient-1-2] DEBUG org.asynchttpclient.netty.channel.ChannelManager - Adding key: http://localhost:37276 for channel [id: 0x1f7c3932, L:/127.0.0.1:63376 - R:localhost/127.0.0.1:37276]
22:20:48.709 [Forwarding getCurrentWindowHandle on session 4578cf1c5f13ff694115b91c5065c0a5 to remote] DEBUG org.asynchttpclient.netty.request.NettyRequestSender - Using pooled Channel '[id: 0x1f7c3932, L:/127.0.0.1:63376 - R:localhost/127.0.0.1:37276]' for 'GET' to 'http://localhost:37276/session/4578cf1c5f13ff694115b91c5065c0a5/window'
22:20:48.709 [Forwarding getCurrentWindowHandle on session 4578cf1c5f13ff694115b91c5065c0a5 to remote] DEBUG org.asynchttpclient.netty.request.NettyRequestSender - Using open Channel [id: 0x1f7c3932, L:/127.0.0.1:63376 - R:localhost/127.0.0.1:37276] for GET '/session/4578cf1c5f13ff694115b91c5065c0a5/window'
22:20:48.717 [AsyncHttpClient-1-2] DEBUG org.asynchttpclient.netty.handler.HttpHandler - 

Request DefaultFullHttpRequest(decodeResult: success, version: HTTP/1.1, content: EmptyByteBufBE)
GET /session/4578cf1c5f13ff694115b91c5065c0a5/window HTTP/1.1
User-Agent: selenium/4.7.1 (java windows)
Cache-Control: no-cache
Content-Type: application/json; charset=utf-8
host: localhost:37276
accept: */*

Response DefaultHttpResponse(decodeResult: success, version: HTTP/1.1)
HTTP/1.1 200 OK
Content-Type: application/json; charset=utf-8
cache-control: no-cache
content-length: 44

22:20:48.717 [AsyncHttpClient-1-2] DEBUG org.asynchttpclient.netty.channel.ChannelManager - Adding key: http://localhost:37276 for channel [id: 0x1f7c3932, L:/127.0.0.1:63376 - R:localhost/127.0.0.1:37276]
22:20:48.717 [Forwarding getAlertText on session 4578cf1c5f13ff694115b91c5065c0a5 to remote] DEBUG org.asynchttpclient.netty.request.NettyRequestSender - Using pooled Channel '[id: 0x1f7c3932, L:/127.0.0.1:63376 - R:localhost/127.0.0.1:37276]' for 'GET' to 'http://localhost:37276/session/4578cf1c5f13ff694115b91c5065c0a5/alert/text'
22:20:48.717 [Forwarding getAlertText on session 4578cf1c5f13ff694115b91c5065c0a5 to remote] DEBUG org.asynchttpclient.netty.request.NettyRequestSender - Using open Channel [id: 0x1f7c3932, L:/127.0.0.1:63376 - R:localhost/127.0.0.1:37276] for GET '/session/4578cf1c5f13ff694115b91c5065c0a5/alert/text'
22:20:48.725 [AsyncHttpClient-1-2] DEBUG org.asynchttpclient.netty.handler.HttpHandler - 

Request DefaultFullHttpRequest(decodeResult: success, version: HTTP/1.1, content: EmptyByteBufBE)
GET /session/4578cf1c5f13ff694115b91c5065c0a5/alert/text HTTP/1.1
User-Agent: selenium/4.7.1 (java windows)
Cache-Control: no-cache
Content-Type: application/json; charset=utf-8
host: localhost:37276
accept: */*

Response DefaultHttpResponse(decodeResult: success, version: HTTP/1.1)
HTTP/1.1 404 Not Found
Content-Type: application/json; charset=utf-8
cache-control: no-cache
content-length: 821

22:20:48.725 [AsyncHttpClient-1-2] DEBUG org.asynchttpclient.netty.channel.ChannelManager - Adding key: http://localhost:37276 for channel [id: 0x1f7c3932, L:/127.0.0.1:63376 - R:localhost/127.0.0.1:37276]
22:20:48.725 [Forwarding switchToWindow on session 4578cf1c5f13ff694115b91c5065c0a5 to remote] DEBUG org.asynchttpclient.netty.request.NettyRequestSender - Using pooled Channel '[id: 0x1f7c3932, L:/127.0.0.1:63376 - R:localhost/127.0.0.1:37276]' for 'POST' to 'http://localhost:37276/session/4578cf1c5f13ff694115b91c5065c0a5/window'
22:20:48.725 [Forwarding switchToWindow on session 4578cf1c5f13ff694115b91c5065c0a5 to remote] DEBUG org.asynchttpclient.netty.request.NettyRequestSender - Using open Channel [id: 0x1f7c3932, L:/127.0.0.1:63376 - R:localhost/127.0.0.1:37276] for POST '/session/4578cf1c5f13ff694115b91c5065c0a5/window'
22:20:48.733 [AsyncHttpClient-1-2] DEBUG org.asynchttpclient.netty.handler.HttpHandler - 

Request DefaultHttpRequest(decodeResult: success, version: HTTP/1.1)
POST /session/4578cf1c5f13ff694115b91c5065c0a5/window HTTP/1.1
User-Agent: selenium/4.7.1 (java windows)
Content-Length: 50
Content-Type: application/json; charset=utf-8
host: localhost:37276
accept: */*

Response DefaultHttpResponse(decodeResult: success, version: HTTP/1.1)
HTTP/1.1 200 OK
Content-Type: application/json; charset=utf-8
cache-control: no-cache
content-length: 14

22:20:48.733 [AsyncHttpClient-1-2] DEBUG org.asynchttpclient.netty.channel.ChannelManager - Adding key: http://localhost:37276 for channel [id: 0x1f7c3932, L:/127.0.0.1:63376 - R:localhost/127.0.0.1:37276]
22:20:48.733 [Forwarding getCurrentUrl on session 4578cf1c5f13ff694115b91c5065c0a5 to remote] DEBUG org.asynchttpclient.netty.request.NettyRequestSender - Using pooled Channel '[id: 0x1f7c3932, L:/127.0.0.1:63376 - R:localhost/127.0.0.1:37276]' for 'GET' to 'http://localhost:37276/session/4578cf1c5f13ff694115b91c5065c0a5/url'
22:20:48.733 [Forwarding getCurrentUrl on session 4578cf1c5f13ff694115b91c5065c0a5 to remote] DEBUG org.asynchttpclient.netty.request.NettyRequestSender - Using open Channel [id: 0x1f7c3932, L:/127.0.0.1:63376 - R:localhost/127.0.0.1:37276] for GET '/session/4578cf1c5f13ff694115b91c5065c0a5/url'
22:20:48.741 [AsyncHttpClient-1-2] DEBUG org.asynchttpclient.netty.handler.HttpHandler - 

Request DefaultFullHttpRequest(decodeResult: success, version: HTTP/1.1, content: EmptyByteBufBE)
GET /session/4578cf1c5f13ff694115b91c5065c0a5/url HTTP/1.1
User-Agent: selenium/4.7.1 (java windows)
Cache-Control: no-cache
Content-Type: application/json; charset=utf-8
host: localhost:37276
accept: */*

Response DefaultHttpResponse(decodeResult: success, version: HTTP/1.1)
HTTP/1.1 200 OK
Content-Type: application/json; charset=utf-8
cache-control: no-cache
content-length: 55

22:20:48.741 [AsyncHttpClient-1-2] DEBUG org.asynchttpclient.netty.channel.ChannelManager - Adding key: http://localhost:37276 for channel [id: 0x1f7c3932, L:/127.0.0.1:63376 - R:localhost/127.0.0.1:37276]
22:20:48.741 [Forwarding screenshot on session 4578cf1c5f13ff694115b91c5065c0a5 to remote] DEBUG org.asynchttpclient.netty.request.NettyRequestSender - Using pooled Channel '[id: 0x1f7c3932, L:/127.0.0.1:63376 - R:localhost/127.0.0.1:37276]' for 'GET' to 'http://localhost:37276/session/4578cf1c5f13ff694115b91c5065c0a5/screenshot'
22:20:48.741 [Forwarding screenshot on session 4578cf1c5f13ff694115b91c5065c0a5 to remote] DEBUG org.asynchttpclient.netty.request.NettyRequestSender - Using open Channel [id: 0x1f7c3932, L:/127.0.0.1:63376 - R:localhost/127.0.0.1:37276] for GET '/session/4578cf1c5f13ff694115b91c5065c0a5/screenshot'
22:20:48.869 [AsyncHttpClient-1-2] DEBUG org.asynchttpclient.netty.handler.HttpHandler - 

Request DefaultFullHttpRequest(decodeResult: success, version: HTTP/1.1, content: EmptyByteBufBE)
GET /session/4578cf1c5f13ff694115b91c5065c0a5/screenshot HTTP/1.1
User-Agent: selenium/4.7.1 (java windows)
Cache-Control: no-cache
Content-Type: application/json; charset=utf-8
host: localhost:37276
accept: */*

Response DefaultHttpResponse(decodeResult: success, version: HTTP/1.1)
HTTP/1.1 200 OK
Content-Type: application/json; charset=utf-8
cache-control: no-cache
content-length: 101468

22:20:48.869 [AsyncHttpClient-1-2] DEBUG org.asynchttpclient.netty.channel.ChannelManager - Adding key: http://localhost:37276 for channel [id: 0x1f7c3932, L:/127.0.0.1:63376 - R:localhost/127.0.0.1:37276]
22:20:48.877 [main] DEBUG net.serenitybdd.core.photography.Darkroom - Send negative for processing for target\site\serenity\26d1ba78820f272bb3d38f3e1be90012ffc35dcad79e5668aabc126244575f13.png
22:20:48.877 [Darkroom Processing Line] DEBUG net.serenitybdd.core.photography.DarkroomProcessingLine - Processing screenshot image in /var/screenshots/screenshot-2233089520260790870
22:20:48.877 [main] DEBUG net.thucydides.core.steps.StepInterceptor - STEP DONE: adastatusgagal
22:20:48.877 [Darkroom Processing Line] DEBUG net.serenitybdd.core.photography.DarkroomProcessingLine - Saving screenshot to target\site\serenity\26d1ba78820f272bb3d38f3e1be90012ffc35dcad79e5668aabc126244575f13.png
22:20:48.885 [main] DEBUG net.thucydides.core.steps.StepInterceptor - STARTING STEP: TransaksiSteps.adminKlikSemua - adastatusselesai
22:20:48.885 [Forwarding findElement on session 4578cf1c5f13ff694115b91c5065c0a5 to remote] DEBUG org.asynchttpclient.netty.request.NettyRequestSender - Using pooled Channel '[id: 0x1f7c3932, L:/127.0.0.1:63376 - R:localhost/127.0.0.1:37276]' for 'POST' to 'http://localhost:37276/session/4578cf1c5f13ff694115b91c5065c0a5/element'
22:20:48.885 [Forwarding findElement on session 4578cf1c5f13ff694115b91c5065c0a5 to remote] DEBUG org.asynchttpclient.netty.request.NettyRequestSender - Using open Channel [id: 0x1f7c3932, L:/127.0.0.1:63376 - R:localhost/127.0.0.1:37276] for POST '/session/4578cf1c5f13ff694115b91c5065c0a5/element'
22:20:48.909 [AsyncHttpClient-1-2] DEBUG org.asynchttpclient.netty.handler.HttpHandler - 

Request DefaultHttpRequest(decodeResult: success, version: HTTP/1.1)
POST /session/4578cf1c5f13ff694115b91c5065c0a5/element HTTP/1.1
User-Agent: selenium/4.7.1 (java windows)
Content-Length: 87
Content-Type: application/json; charset=utf-8
host: localhost:37276
accept: */*

Response DefaultHttpResponse(decodeResult: success, version: HTTP/1.1)
HTTP/1.1 200 OK
Content-Type: application/json; charset=utf-8
cache-control: no-cache
content-length: 95

22:20:48.917 [AsyncHttpClient-1-1] DEBUG org.asynchttpclient.netty.channel.DefaultChannelPool - Entry count for : http://localhost:63377 : 1
22:20:48.917 [AsyncHttpClient-1-2] DEBUG org.asynchttpclient.netty.channel.ChannelManager - Adding key: http://localhost:37276 for channel [id: 0x1f7c3932, L:/127.0.0.1:63376 - R:localhost/127.0.0.1:37276]
22:20:48.917 [Forwarding isElementDisplayed on session 4578cf1c5f13ff694115b91c5065c0a5 to remote] DEBUG org.asynchttpclient.netty.request.NettyRequestSender - Using pooled Channel '[id: 0x1f7c3932, L:/127.0.0.1:63376 - R:localhost/127.0.0.1:37276]' for 'POST' to 'http://localhost:37276/session/4578cf1c5f13ff694115b91c5065c0a5/execute/sync'
22:20:48.917 [Forwarding isElementDisplayed on session 4578cf1c5f13ff694115b91c5065c0a5 to remote] DEBUG org.asynchttpclient.netty.request.NettyRequestSender - Using open Channel [id: 0x1f7c3932, L:/127.0.0.1:63376 - R:localhost/127.0.0.1:37276] for POST '/session/4578cf1c5f13ff694115b91c5065c0a5/execute/sync'
22:20:48.941 [AsyncHttpClient-1-2] DEBUG org.asynchttpclient.netty.handler.HttpHandler - 

Request DefaultHttpRequest(decodeResult: success, version: HTTP/1.1)
POST /session/4578cf1c5f13ff694115b91c5065c0a5/execute/sync HTTP/1.1
User-Agent: selenium/4.7.1 (java windows)
Content-Length: 48787
Content-Type: application/json; charset=utf-8
host: localhost:37276
accept: */*

Response DefaultHttpResponse(decodeResult: success, version: HTTP/1.1)
HTTP/1.1 200 OK
Content-Type: application/json; charset=utf-8
cache-control: no-cache
content-length: 14

22:20:48.941 [AsyncHttpClient-1-2] DEBUG org.asynchttpclient.netty.channel.ChannelManager - Adding key: http://localhost:37276 for channel [id: 0x1f7c3932, L:/127.0.0.1:63376 - R:localhost/127.0.0.1:37276]
22:20:48.949 [Forwarding isElementDisplayed on session 4578cf1c5f13ff694115b91c5065c0a5 to remote] DEBUG org.asynchttpclient.netty.request.NettyRequestSender - Using pooled Channel '[id: 0x1f7c3932, L:/127.0.0.1:63376 - R:localhost/127.0.0.1:37276]' for 'POST' to 'http://localhost:37276/session/4578cf1c5f13ff694115b91c5065c0a5/execute/sync'
22:20:48.949 [Forwarding isElementDisplayed on session 4578cf1c5f13ff694115b91c5065c0a5 to remote] DEBUG org.asynchttpclient.netty.request.NettyRequestSender - Using open Channel [id: 0x1f7c3932, L:/127.0.0.1:63376 - R:localhost/127.0.0.1:37276] for POST '/session/4578cf1c5f13ff694115b91c5065c0a5/execute/sync'
22:20:48.965 [AsyncHttpClient-1-2] DEBUG org.asynchttpclient.netty.handler.HttpHandler - 

Request DefaultHttpRequest(decodeResult: success, version: HTTP/1.1)
POST /session/4578cf1c5f13ff694115b91c5065c0a5/execute/sync HTTP/1.1
User-Agent: selenium/4.7.1 (java windows)
Content-Length: 48787
Content-Type: application/json; charset=utf-8
host: localhost:37276
accept: */*

Response DefaultHttpResponse(decodeResult: success, version: HTTP/1.1)
HTTP/1.1 200 OK
Content-Type: application/json; charset=utf-8
cache-control: no-cache
content-length: 14

22:20:48.965 [AsyncHttpClient-1-2] DEBUG org.asynchttpclient.netty.channel.ChannelManager - Adding key: http://localhost:37276 for channel [id: 0x1f7c3932, L:/127.0.0.1:63376 - R:localhost/127.0.0.1:37276]
22:20:48.981 [Forwarding getCurrentWindowHandle on session 4578cf1c5f13ff694115b91c5065c0a5 to remote] DEBUG org.asynchttpclient.netty.request.NettyRequestSender - Using pooled Channel '[id: 0x1f7c3932, L:/127.0.0.1:63376 - R:localhost/127.0.0.1:37276]' for 'GET' to 'http://localhost:37276/session/4578cf1c5f13ff694115b91c5065c0a5/window'
22:20:48.981 [Forwarding getCurrentWindowHandle on session 4578cf1c5f13ff694115b91c5065c0a5 to remote] DEBUG org.asynchttpclient.netty.request.NettyRequestSender - Using open Channel [id: 0x1f7c3932, L:/127.0.0.1:63376 - R:localhost/127.0.0.1:37276] for GET '/session/4578cf1c5f13ff694115b91c5065c0a5/window'
22:20:48.981 [AsyncHttpClient-1-2] DEBUG org.asynchttpclient.netty.handler.HttpHandler - 

Request DefaultFullHttpRequest(decodeResult: success, version: HTTP/1.1, content: EmptyByteBufBE)
GET /session/4578cf1c5f13ff694115b91c5065c0a5/window HTTP/1.1
User-Agent: selenium/4.7.1 (java windows)
Cache-Control: no-cache
Content-Type: application/json; charset=utf-8
host: localhost:37276
accept: */*

Response DefaultHttpResponse(decodeResult: success, version: HTTP/1.1)
HTTP/1.1 200 OK
Content-Type: application/json; charset=utf-8
cache-control: no-cache
content-length: 44

22:20:48.981 [AsyncHttpClient-1-2] DEBUG org.asynchttpclient.netty.channel.ChannelManager - Adding key: http://localhost:37276 for channel [id: 0x1f7c3932, L:/127.0.0.1:63376 - R:localhost/127.0.0.1:37276]
22:20:48.981 [Forwarding getAlertText on session 4578cf1c5f13ff694115b91c5065c0a5 to remote] DEBUG org.asynchttpclient.netty.request.NettyRequestSender - Using pooled Channel '[id: 0x1f7c3932, L:/127.0.0.1:63376 - R:localhost/127.0.0.1:37276]' for 'GET' to 'http://localhost:37276/session/4578cf1c5f13ff694115b91c5065c0a5/alert/text'
22:20:48.981 [Forwarding getAlertText on session 4578cf1c5f13ff694115b91c5065c0a5 to remote] DEBUG org.asynchttpclient.netty.request.NettyRequestSender - Using open Channel [id: 0x1f7c3932, L:/127.0.0.1:63376 - R:localhost/127.0.0.1:37276] for GET '/session/4578cf1c5f13ff694115b91c5065c0a5/alert/text'
22:20:48.989 [AsyncHttpClient-1-2] DEBUG org.asynchttpclient.netty.handler.HttpHandler - 

Request DefaultFullHttpRequest(decodeResult: success, version: HTTP/1.1, content: EmptyByteBufBE)
GET /session/4578cf1c5f13ff694115b91c5065c0a5/alert/text HTTP/1.1
User-Agent: selenium/4.7.1 (java windows)
Cache-Control: no-cache
Content-Type: application/json; charset=utf-8
host: localhost:37276
accept: */*

Response DefaultHttpResponse(decodeResult: success, version: HTTP/1.1)
HTTP/1.1 404 Not Found
Content-Type: application/json; charset=utf-8
cache-control: no-cache
content-length: 821

22:20:48.989 [AsyncHttpClient-1-2] DEBUG org.asynchttpclient.netty.channel.ChannelManager - Adding key: http://localhost:37276 for channel [id: 0x1f7c3932, L:/127.0.0.1:63376 - R:localhost/127.0.0.1:37276]
22:20:48.989 [Forwarding switchToWindow on session 4578cf1c5f13ff694115b91c5065c0a5 to remote] DEBUG org.asynchttpclient.netty.request.NettyRequestSender - Using pooled Channel '[id: 0x1f7c3932, L:/127.0.0.1:63376 - R:localhost/127.0.0.1:37276]' for 'POST' to 'http://localhost:37276/session/4578cf1c5f13ff694115b91c5065c0a5/window'
22:20:48.989 [Forwarding switchToWindow on session 4578cf1c5f13ff694115b91c5065c0a5 to remote] DEBUG org.asynchttpclient.netty.request.NettyRequestSender - Using open Channel [id: 0x1f7c3932, L:/127.0.0.1:63376 - R:localhost/127.0.0.1:37276] for POST '/session/4578cf1c5f13ff694115b91c5065c0a5/window'
22:20:48.999 [AsyncHttpClient-1-2] DEBUG org.asynchttpclient.netty.handler.HttpHandler - 

Request DefaultHttpRequest(decodeResult: success, version: HTTP/1.1)
POST /session/4578cf1c5f13ff694115b91c5065c0a5/window HTTP/1.1
User-Agent: selenium/4.7.1 (java windows)
Content-Length: 50
Content-Type: application/json; charset=utf-8
host: localhost:37276
accept: */*

Response DefaultHttpResponse(decodeResult: success, version: HTTP/1.1)
HTTP/1.1 200 OK
Content-Type: application/json; charset=utf-8
cache-control: no-cache
content-length: 14

22:20:48.999 [AsyncHttpClient-1-2] DEBUG org.asynchttpclient.netty.channel.ChannelManager - Adding key: http://localhost:37276 for channel [id: 0x1f7c3932, L:/127.0.0.1:63376 - R:localhost/127.0.0.1:37276]
22:20:48.999 [Forwarding getCurrentUrl on session 4578cf1c5f13ff694115b91c5065c0a5 to remote] DEBUG org.asynchttpclient.netty.request.NettyRequestSender - Using pooled Channel '[id: 0x1f7c3932, L:/127.0.0.1:63376 - R:localhost/127.0.0.1:37276]' for 'GET' to 'http://localhost:37276/session/4578cf1c5f13ff694115b91c5065c0a5/url'
22:20:48.999 [Forwarding getCurrentUrl on session 4578cf1c5f13ff694115b91c5065c0a5 to remote] DEBUG org.asynchttpclient.netty.request.NettyRequestSender - Using open Channel [id: 0x1f7c3932, L:/127.0.0.1:63376 - R:localhost/127.0.0.1:37276] for GET '/session/4578cf1c5f13ff694115b91c5065c0a5/url'
22:20:49.005 [AsyncHttpClient-1-2] DEBUG org.asynchttpclient.netty.handler.HttpHandler - 

Request DefaultFullHttpRequest(decodeResult: success, version: HTTP/1.1, content: EmptyByteBufBE)
GET /session/4578cf1c5f13ff694115b91c5065c0a5/url HTTP/1.1
User-Agent: selenium/4.7.1 (java windows)
Cache-Control: no-cache
Content-Type: application/json; charset=utf-8
host: localhost:37276
accept: */*

Response DefaultHttpResponse(decodeResult: success, version: HTTP/1.1)
HTTP/1.1 200 OK
Content-Type: application/json; charset=utf-8
cache-control: no-cache
content-length: 55

22:20:49.005 [AsyncHttpClient-1-2] DEBUG org.asynchttpclient.netty.channel.ChannelManager - Adding key: http://localhost:37276 for channel [id: 0x1f7c3932, L:/127.0.0.1:63376 - R:localhost/127.0.0.1:37276]
22:20:49.013 [Forwarding screenshot on session 4578cf1c5f13ff694115b91c5065c0a5 to remote] DEBUG org.asynchttpclient.netty.request.NettyRequestSender - Using pooled Channel '[id: 0x1f7c3932, L:/127.0.0.1:63376 - R:localhost/127.0.0.1:37276]' for 'GET' to 'http://localhost:37276/session/4578cf1c5f13ff694115b91c5065c0a5/screenshot'
22:20:49.013 [Forwarding screenshot on session 4578cf1c5f13ff694115b91c5065c0a5 to remote] DEBUG org.asynchttpclient.netty.request.NettyRequestSender - Using open Channel [id: 0x1f7c3932, L:/127.0.0.1:63376 - R:localhost/127.0.0.1:37276] for GET '/session/4578cf1c5f13ff694115b91c5065c0a5/screenshot'
22:20:49.149 [AsyncHttpClient-1-2] DEBUG org.asynchttpclient.netty.handler.HttpHandler - 

Request DefaultFullHttpRequest(decodeResult: success, version: HTTP/1.1, content: EmptyByteBufBE)
GET /session/4578cf1c5f13ff694115b91c5065c0a5/screenshot HTTP/1.1
User-Agent: selenium/4.7.1 (java windows)
Cache-Control: no-cache
Content-Type: application/json; charset=utf-8
host: localhost:37276
accept: */*

Response DefaultHttpResponse(decodeResult: success, version: HTTP/1.1)
HTTP/1.1 200 OK
Content-Type: application/json; charset=utf-8
cache-control: no-cache
content-length: 101468

22:20:49.158 [AsyncHttpClient-1-2] DEBUG org.asynchttpclient.netty.channel.ChannelManager - Adding key: http://localhost:37276 for channel [id: 0x1f7c3932, L:/127.0.0.1:63376 - R:localhost/127.0.0.1:37276]
22:20:49.166 [main] DEBUG net.serenitybdd.core.photography.Darkroom - Send negative for processing for target\site\serenity\26d1ba78820f272bb3d38f3e1be90012ffc35dcad79e5668aabc126244575f13.png
22:20:49.166 [main] DEBUG net.thucydides.core.steps.StepInterceptor - STEP DONE: adastatusselesai
  &amp#27;[32mAnd &amp#27;[0m&amp#27;[32mAdmin klik Semua&amp#27;[0m                                &amp#27;[90m# starter.stepdefinitions.TransaksiSteps.adminKlikSemua()&amp#27;[0m
22:20:49.182 [main] INFO  - 
  _____   ___   ___   _____     ___     _     ___   ___   ___   ___  
 |_   _| | __| / __| |_   _|   | _ \   /_\   / __| / __| | __| |   \ 
   | |   | _|  \__ \   | |     |  _/  / _ \  \__ \ \__ \ | _|  | |) |
   |_|   |___| |___/   |_|     |_|   /_/ \_\ |___/ |___/ |___| |___/ 

Admin dapat melihat semua riwayat transaksi
----------------------------------------------------------------------
22:20:49.270 [Driver Command Executor] DEBUG org.asynchttpclient.netty.request.NettyRequestSender - Using pooled Channel '[id: 0x1f7c3932, L:/127.0.0.1:63376 - R:localhost/127.0.0.1:37276]' for 'DELETE' to 'http://localhost:37276/session/4578cf1c5f13ff694115b91c5065c0a5'
22:20:49.270 [Driver Command Executor] DEBUG org.asynchttpclient.netty.request.NettyRequestSender - Using open Channel [id: 0x1f7c3932, L:/127.0.0.1:63376 - R:localhost/127.0.0.1:37276] for DELETE '/session/4578cf1c5f13ff694115b91c5065c0a5'
22:20:49.278 [AsyncHttpClient-1-4] DEBUG org.asynchttpclient.netty.handler.WebSocketHandler - Unexpected I/O exception on channel [id: 0x623e89d5, L:/127.0.0.1:63386 - R:localhost/127.0.0.1:63377]
java.io.IOException: An established connection was aborted by the software in your host machine
	at java.base/sun.nio.ch.SocketDispatcher.read0(Native Method)
	at java.base/sun.nio.ch.SocketDispatcher.read(SocketDispatcher.java:46)
	at java.base/sun.nio.ch.IOUtil.readIntoNativeBuffer(IOUtil.java:339)
	at java.base/sun.nio.ch.IOUtil.read(IOUtil.java:293)
	at java.base/sun.nio.ch.IOUtil.read(IOUtil.java:268)
	at java.base/sun.nio.ch.SocketChannelImpl.read(SocketChannelImpl.java:425)
	at io.netty.buffer.PooledByteBuf.setBytes(PooledByteBuf.java:259)
	at io.netty.buffer.AbstractByteBuf.writeBytes(AbstractByteBuf.java:1132)
	at io.netty.channel.socket.nio.NioSocketChannel.doReadBytes(NioSocketChannel.java:357)
	at io.netty.channel.nio.AbstractNioByteChannel$NioByteUnsafe.read(AbstractNioByteChannel.java:151)
	at io.netty.channel.nio.NioEventLoop.processSelectedKey(NioEventLoop.java:788)
	at io.netty.channel.nio.NioEventLoop.processSelectedKeysOptimized(NioEventLoop.java:724)
	at io.netty.channel.nio.NioEventLoop.processSelectedKeys(NioEventLoop.java:650)
	at io.netty.channel.nio.NioEventLoop.run(NioEventLoop.java:562)
	at io.netty.util.concurrent.SingleThreadEventExecutor$4.run(SingleThreadEventExecutor.java:997)
	at io.netty.util.internal.ThreadExecutorMap$2.run(ThreadExecutorMap.java:74)
	at io.netty.util.concurrent.FastThreadLocalRunnable.run(FastThreadLocalRunnable.java:30)
	at java.base/java.lang.Thread.run(Thread.java:1589)
22:20:49.278 [AsyncHttpClient-1-4] DEBUG org.asynchttpclient.netty.handler.WebSocketHandler - Trying to recover from dead Channel: [id: 0x623e89d5, L:/127.0.0.1:63386 - R:localhost/127.0.0.1:63377]
22:20:49.278 [AsyncHttpClient-1-4] DEBUG org.asynchttpclient.netty.handler.WebSocketHandler - Channel Closed: [id: 0x623e89d5, L:/127.0.0.1:63386 ! R:localhost/127.0.0.1:63377] with attribute NettyResponseFuture{currentRetry=0,
	isDone=1,
	isCancelled=0,
	asyncHandler=org.asynchttpclient.ws.WebSocketUpgradeHandler@1a8f50ae,
	nettyRequest=org.asynchttpclient.netty.request.NettyRequest@46866c4f,
	future=java.util.concurrent.CompletableFuture@3b582f26[Completed normally],
	uri=ws://localhost:63377/devtools/browser/416c2230-ebc4-46f6-8a0c-2902f145d523,
	keepAlive=true,
	redirectCount=0,
	timeoutsHolder=null,
	inAuth=0,
	touch=1687620049278}
22:20:49.286 [AsyncHttpClient-1-4] DEBUG org.asynchttpclient.netty.channel.ChannelManager - Closing Channel [id: 0x623e89d5, L:/127.0.0.1:63386 ! R:localhost/127.0.0.1:63377] 
22:20:49.502 [AsyncHttpClient-1-3] DEBUG org.asynchttpclient.netty.handler.HttpHandler - Unexpected I/O exception on channel [id: 0x0ab25699, L:/127.0.0.1:63385 - R:localhost/127.0.0.1:63377]
java.net.SocketException: Connection reset
	at java.base/sun.nio.ch.SocketChannelImpl.throwConnectionReset(SocketChannelImpl.java:401)
	at java.base/sun.nio.ch.SocketChannelImpl.read(SocketChannelImpl.java:434)
	at io.netty.buffer.PooledByteBuf.setBytes(PooledByteBuf.java:259)
	at io.netty.buffer.AbstractByteBuf.writeBytes(AbstractByteBuf.java:1132)
	at io.netty.channel.socket.nio.NioSocketChannel.doReadBytes(NioSocketChannel.java:357)
	at io.netty.channel.nio.AbstractNioByteChannel$NioByteUnsafe.read(AbstractNioByteChannel.java:151)
	at io.netty.channel.nio.NioEventLoop.processSelectedKey(NioEventLoop.java:788)
	at io.netty.channel.nio.NioEventLoop.processSelectedKeysOptimized(NioEventLoop.java:724)
	at io.netty.channel.nio.NioEventLoop.processSelectedKeys(NioEventLoop.java:650)
	at io.netty.channel.nio.NioEventLoop.run(NioEventLoop.java:562)
	at io.netty.util.concurrent.SingleThreadEventExecutor$4.run(SingleThreadEventExecutor.java:997)
	at io.netty.util.internal.ThreadExecutorMap$2.run(ThreadExecutorMap.java:74)
	at io.netty.util.concurrent.FastThreadLocalRunnable.run(FastThreadLocalRunnable.java:30)
	at java.base/java.lang.Thread.run(Thread.java:1589)
22:20:49.502 [AsyncHttpClient-1-3] DEBUG org.asynchttpclient.netty.channel.ChannelManager - Closing Channel [id: 0x0ab25699, L:/127.0.0.1:63385 - R:localhost/127.0.0.1:63377] 
22:20:49.510 [AsyncHttpClient-1-3] DEBUG org.asynchttpclient.netty.handler.HttpHandler - Channel Closed: [id: 0x0ab25699, L:/127.0.0.1:63385 ! R:localhost/127.0.0.1:63377] with attribute DISCARD
22:20:49.622 [AsyncHttpClient-1-2] DEBUG org.asynchttpclient.netty.handler.HttpHandler - 

Request DefaultFullHttpRequest(decodeResult: success, version: HTTP/1.1, content: EmptyByteBufBE)
DELETE /session/4578cf1c5f13ff694115b91c5065c0a5 HTTP/1.1
User-Agent: selenium/4.7.1 (java windows)
Content-Type: application/json; charset=utf-8
host: localhost:37276
accept: */*

Response DefaultHttpResponse(decodeResult: success, version: HTTP/1.1)
HTTP/1.1 200 OK
Content-Type: application/json; charset=utf-8
cache-control: no-cache
content-length: 14

22:20:49.622 [AsyncHttpClient-1-2] DEBUG org.asynchttpclient.netty.channel.ChannelManager - Adding key: http://localhost:37276 for channel [id: 0x1f7c3932, L:/127.0.0.1:63376 - R:localhost/127.0.0.1:37276]
22:20:49.878 [AsyncHttpClient-1-2] DEBUG org.asynchttpclient.netty.handler.HttpHandler - Channel Closed: [id: 0x1f7c3932, L:/127.0.0.1:63376 ! R:localhost/127.0.0.1:37276] with attribute DISCARD
]]></system-out>
    <system-err><![CDATA[Starting ChromeDriver 114.0.5735.90 (386bc09e8f4f2e025eddae123f36f6263096ae49-refs/branch-heads/5735@{#1052}) on port 37276
Only local connections are allowed.
Please see https://chromedriver.chromium.org/security-considerations for suggestions on keeping ChromeDriver safe.
ChromeDriver was started successfully.
Jun 24, 2023 10:20:28 PM org.openqa.selenium.devtools.CdpVersionFinder findNearestMatch
WARNING: Unable to find CDP implementation matching 114
Jun 24, 2023 10:20:28 PM org.openqa.selenium.chromium.ChromiumDriver lambda$new$3
WARNING: Unable to find version of CDP to use for . You may need to include a dependency on a specific version of the CDP using something similar to `org.seleniumhq.selenium:selenium-devtools-v86:4.7.1` where the version ("v86") matches the version of the chromium-based browser you're using and the version number of the artifact is the same as Selenium's.
]]></system-err>
  </testcase>
  <testcase name="Admin dapat melihat semua riwayat transaksi yang difilter hanya status selesai saja" classname="Transaksi" time="16.645">
    <error type="net.thucydides.core.webdriver.exceptions.ElementShouldBeEnabledException"><![CDATA[net.thucydides.core.webdriver.exceptions.ElementShouldBeEnabledException: Expected enabled element was not enabled
Caused by: org.openqa.selenium.TimeoutException: Expected condition failed: waiting for By.xpath: //a[@id='react-aria7549791933-1-tab-selesai'] to be enabled (tried for 5 second(s) with 100 milliseconds interval)
Caused by: org.openqa.selenium.NoSuchElementException: 
no such element: Unable to locate element: {"method":"xpath","selector":"//a[@id='react-aria7549791933-1-tab-selesai']"}
  (Session info: chrome=114.0.5735.134)
For documentation on this error, please visit: https://selenium.dev/exceptions/#no_such_element
Build info: version: '4.7.1', revision: 'c6795baf1a3'
System info: os.name: 'Windows 11', os.arch: 'amd64', os.version: '10.0', java.version: '19.0.2'
Driver info: org.openqa.selenium.chrome.ChromeDriver
Command: [e60882a4c871844debfcbe81b029068d, findElement {using=xpath, value=//a[@id='react-aria7549791933-1-tab-selesai']}]
Capabilities {acceptInsecureCerts: true, browserName: chrome, browserVersion: 114.0.5735.134, chrome: {chromedriverVersion: 114.0.5735.90 (386bc09e8f4f..., userDataDir: C:\Users\HP\AppData\Local\T...}, goog:chromeOptions: {debuggerAddress: localhost:63421}, networkConnectionEnabled: false, pageLoadStrategy: normal, platformName: WINDOWS, proxy: Proxy(), se:cdp: ws://localhost:63421/devtoo..., se:cdpVersion: 114.0.5735.134, setWindowRect: true, strictFileInteractability: false, timeouts: {implicit: 0, pageLoad: 300000, script: 30000}, unhandledPromptBehavior: dismiss and notify, webauthn:extension:credBlob: true, webauthn:extension:largeBlob: true, webauthn:extension:minPinLength: true, webauthn:extension:prf: true, webauthn:virtualAuthenticators: true}
Session ID: e60882a4c871844debfcbe81b029068d
]]></error>
    <system-out><![CDATA[
@Transaksi-02
Scenario: Admin dapat melihat semua riwayat transaksi yang difilter hanya status selesai saja &amp#27;[90m# src/test/resources/features/Transaksi.feature:10&amp#27;[0m
22:20:50.006 [main] INFO io.cucumber.core.plugin.SerenityReporter - Running feature from file:///C:/Dev/CapstoneProjectBaru/SKUYPAY%20WEB%20AUTOMATION/src/test/resources/features/Transaksi.feature
22:20:50.014 [main] INFO  - 
  _____   ___   ___   _____     ___   _____     _     ___   _____   ___   ___  
 |_   _| | __| / __| |_   _|   / __| |_   _|   /_\   | _ \ |_   _| | __| |   \ 
   | |   | _|  \__ \   | |     \__ \   | |    / _ \  |   /   | |   | _|  | |) |
   |_|   |___| |___/   |_|     |___/   |_|   /_/ \_\ |_|_\   |_|   |___| |___/ 

Admin dapat melihat semua riwayat transaksi yang difilter hanya status selesai saja(transaksi;admin-dapat-melihat-semua-riwayat-transaksi-yang-difilter-hanya-status-selesai-saja)
--------------------------------------------------------------------------------
22:20:50.022 [AsyncHttpClient-1-1] DEBUG org.asynchttpclient.netty.channel.DefaultChannelPool - Entry count for : http://localhost:63377 : 1
22:20:50.022 [AsyncHttpClient-1-1] DEBUG org.asynchttpclient.netty.channel.DefaultChannelPool - Entry count for : http://localhost:37276 : 1
22:20:50.022 [AsyncHttpClient-1-1] DEBUG org.asynchttpclient.netty.channel.DefaultChannelPool - Adding Candidate expired Channel [id: 0x0ab25699, L:/127.0.0.1:63385 ! R:localhost/127.0.0.1:63377] isIdleTimeoutExpired=false isRemotelyClosed=true isTtlExpired=false
22:20:50.022 [AsyncHttpClient-1-1] DEBUG org.asynchttpclient.netty.channel.DefaultChannelPool - Closing Idle Channel [id: 0x0ab25699, L:/127.0.0.1:63385 ! R:localhost/127.0.0.1:63377]
22:20:50.022 [AsyncHttpClient-1-1] DEBUG org.asynchttpclient.netty.channel.DefaultChannelPool - Adding Candidate expired Channel [id: 0x1f7c3932, L:/127.0.0.1:63376 ! R:localhost/127.0.0.1:37276] isIdleTimeoutExpired=false isRemotelyClosed=true isTtlExpired=false
22:20:50.022 [AsyncHttpClient-1-1] DEBUG org.asynchttpclient.netty.channel.DefaultChannelPool - Closing Idle Channel [id: 0x1f7c3932, L:/127.0.0.1:63376 ! R:localhost/127.0.0.1:37276]
22:20:50.022 [AsyncHttpClient-1-1] DEBUG org.asynchttpclient.netty.channel.DefaultChannelPool - Closed 2 connections out of 2 in 0 ms
22:20:50.263 [main] DEBUG net.thucydides.core.steps.StepInterceptor - STARTING STEP: TransaksiSteps.adminMelakukanLoginAkun - diHomepageSkuyPay
22:20:50.383 [main] INFO net.serenitybdd.core.webdriver.driverproviders.ChromeDriverProvider - Starting Chrome driver instance with capabilities:
22:20:50.383 [main] INFO net.serenitybdd.core.webdriver.driverproviders.ChromeDriverProvider - Capabilities {acceptInsecureCerts: true, browserName: chrome, goog:chromeOptions: {args: [remote-allow-origins=*, test-type, no-sandbox, ignore-certificate-errors, start-maximized, incognito, disable-infobars, disable-gpu, disable-default-apps, disable-popup-blocking, remote-allow-origins=*, test-type, no-sandbox, ignore-certificate-errors, start-maximized, incognito, disable-infobars, disable-gpu, disable-default-apps, disable-popup-blocking], extensions: []}}
22:20:50.552 [AsyncHttpClient-1-5] DEBUG org.asynchttpclient.netty.channel.NettyConnectListener - Using new Channel '[id: 0x323793c9, L:/127.0.0.1:63420 - R:localhost/127.0.0.1:43497]' for 'POST' to '/session'
22:20:52.224 [AsyncHttpClient-1-5] DEBUG org.asynchttpclient.netty.handler.HttpHandler - 

Request DefaultHttpRequest(decodeResult: success, version: HTTP/1.1)
POST /session HTTP/1.1
User-Agent: selenium/4.7.1 (java windows)
Content-Length: 1629
Content-Type: application/json; charset=utf-8
host: localhost:43497
accept: */*

Response DefaultHttpResponse(decodeResult: success, version: HTTP/1.1)
HTTP/1.1 200 OK
Content-Type: application/json; charset=utf-8
cache-control: no-cache
content-length: 855

22:20:52.224 [AsyncHttpClient-1-5] DEBUG org.asynchttpclient.netty.channel.ChannelManager - Adding key: http://localhost:43497 for channel [id: 0x323793c9, L:/127.0.0.1:63420 - R:localhost/127.0.0.1:43497]
22:20:52.248 [AsyncHttpClient-1-6] DEBUG org.asynchttpclient.netty.channel.NettyConnectListener - Using new Channel '[id: 0x4c036555, L:/127.0.0.1:63428 - R:localhost/127.0.0.1:63421]' for 'GET' to '/json/version'
22:20:52.256 [AsyncHttpClient-1-6] DEBUG org.asynchttpclient.netty.handler.HttpHandler - 

Request DefaultFullHttpRequest(decodeResult: success, version: HTTP/1.1, content: EmptyByteBufBE)
GET /json/version HTTP/1.1
User-Agent: selenium/4.7.1 (java windows)
host: localhost:63421
accept: */*

Response DefaultHttpResponse(decodeResult: success, version: HTTP/1.1)
HTTP/1.1 200 OK
Content-Security-Policy: frame-ancestors 'none'
Content-Type: application/json; charset=UTF-8
content-length: 424

22:20:52.256 [AsyncHttpClient-1-6] DEBUG org.asynchttpclient.netty.channel.ChannelManager - Adding key: http://localhost:63421 for channel [id: 0x4c036555, L:/127.0.0.1:63428 - R:localhost/127.0.0.1:63421]
22:20:52.264 [AsyncHttpClient-1-7] DEBUG org.asynchttpclient.netty.channel.NettyConnectListener - Using new Channel '[id: 0xc77f9d74, L:/127.0.0.1:63429 - R:localhost/127.0.0.1:63421]' for 'GET' to '/devtools/browser/a7c0aa7c-8290-444a-9caf-999be5e53061'
22:20:52.304 [AsyncHttpClient-1-7] DEBUG org.asynchttpclient.netty.handler.WebSocketHandler - 

Request DefaultFullHttpRequest(decodeResult: success, version: HTTP/1.1, content: EmptyByteBufBE)
GET /devtools/browser/a7c0aa7c-8290-444a-9caf-999be5e53061 HTTP/1.1
upgrade: websocket
connection: upgrade
sec-websocket-key: /pLDCkaHv9om/lbysQookw==
sec-websocket-version: 13
origin: http://localhost:63421
host: localhost:63421
accept: */*
user-agent: AHC/2.1

Response DefaultHttpResponse(decodeResult: success, version: HTTP/1.1)
HTTP/1.1 101 WebSocket Protocol Handshake
Upgrade: WebSocket
Connection: Upgrade
Sec-WebSocket-Accept: UyRgdBgjitdD7YZSLYX7K0N6/S8=

22:20:52.320 [Forwarding get on session e60882a4c871844debfcbe81b029068d to remote] DEBUG org.asynchttpclient.netty.request.NettyRequestSender - Using pooled Channel '[id: 0x323793c9, L:/127.0.0.1:63420 - R:localhost/127.0.0.1:43497]' for 'POST' to 'http://localhost:43497/session/e60882a4c871844debfcbe81b029068d/url'
22:20:52.320 [Forwarding get on session e60882a4c871844debfcbe81b029068d to remote] DEBUG org.asynchttpclient.netty.request.NettyRequestSender - Using open Channel [id: 0x323793c9, L:/127.0.0.1:63420 - R:localhost/127.0.0.1:43497] for POST '/session/e60882a4c871844debfcbe81b029068d/url'
22:20:53.325 [AsyncHttpClient-1-1] DEBUG org.asynchttpclient.netty.channel.DefaultChannelPool - Entry count for : http://localhost:63421 : 1
22:20:53.357 [AsyncHttpClient-1-5] DEBUG org.asynchttpclient.netty.handler.HttpHandler - 

Request DefaultHttpRequest(decodeResult: success, version: HTTP/1.1)
POST /session/e60882a4c871844debfcbe81b029068d/url HTTP/1.1
User-Agent: selenium/4.7.1 (java windows)
Content-Length: 69
Content-Type: application/json; charset=utf-8
host: localhost:43497
accept: */*

Response DefaultHttpResponse(decodeResult: success, version: HTTP/1.1)
HTTP/1.1 200 OK
Content-Type: application/json; charset=utf-8
cache-control: no-cache
content-length: 14

22:20:53.357 [AsyncHttpClient-1-5] DEBUG org.asynchttpclient.netty.channel.ChannelManager - Adding key: http://localhost:43497 for channel [id: 0x323793c9, L:/127.0.0.1:63420 - R:localhost/127.0.0.1:43497]
22:20:53.373 [Forwarding setTimeout on session e60882a4c871844debfcbe81b029068d to remote] DEBUG org.asynchttpclient.netty.request.NettyRequestSender - Using pooled Channel '[id: 0x323793c9, L:/127.0.0.1:63420 - R:localhost/127.0.0.1:43497]' for 'POST' to 'http://localhost:43497/session/e60882a4c871844debfcbe81b029068d/timeouts'
22:20:53.373 [Forwarding setTimeout on session e60882a4c871844debfcbe81b029068d to remote] DEBUG org.asynchttpclient.netty.request.NettyRequestSender - Using open Channel [id: 0x323793c9, L:/127.0.0.1:63420 - R:localhost/127.0.0.1:43497] for POST '/session/e60882a4c871844debfcbe81b029068d/timeouts'
22:20:53.373 [AsyncHttpClient-1-5] DEBUG org.asynchttpclient.netty.handler.HttpHandler - 

Request DefaultHttpRequest(decodeResult: success, version: HTTP/1.1)
POST /session/e60882a4c871844debfcbe81b029068d/timeouts HTTP/1.1
User-Agent: selenium/4.7.1 (java windows)
Content-Length: 22
Content-Type: application/json; charset=utf-8
host: localhost:43497
accept: */*

Response DefaultHttpResponse(decodeResult: success, version: HTTP/1.1)
HTTP/1.1 200 OK
Content-Type: application/json; charset=utf-8
cache-control: no-cache
content-length: 14

22:20:53.373 [AsyncHttpClient-1-5] DEBUG org.asynchttpclient.netty.channel.ChannelManager - Adding key: http://localhost:43497 for channel [id: 0x323793c9, L:/127.0.0.1:63420 - R:localhost/127.0.0.1:43497]
22:20:53.381 [Forwarding getCurrentUrl on session e60882a4c871844debfcbe81b029068d to remote] DEBUG org.asynchttpclient.netty.request.NettyRequestSender - Using pooled Channel '[id: 0x323793c9, L:/127.0.0.1:63420 - R:localhost/127.0.0.1:43497]' for 'GET' to 'http://localhost:43497/session/e60882a4c871844debfcbe81b029068d/url'
22:20:53.381 [Forwarding getCurrentUrl on session e60882a4c871844debfcbe81b029068d to remote] DEBUG org.asynchttpclient.netty.request.NettyRequestSender - Using open Channel [id: 0x323793c9, L:/127.0.0.1:63420 - R:localhost/127.0.0.1:43497] for GET '/session/e60882a4c871844debfcbe81b029068d/url'
22:20:53.405 [AsyncHttpClient-1-5] DEBUG org.asynchttpclient.netty.handler.HttpHandler - 

Request DefaultFullHttpRequest(decodeResult: success, version: HTTP/1.1, content: EmptyByteBufBE)
GET /session/e60882a4c871844debfcbe81b029068d/url HTTP/1.1
User-Agent: selenium/4.7.1 (java windows)
Cache-Control: no-cache
Content-Type: application/json; charset=utf-8
host: localhost:43497
accept: */*

Response DefaultHttpResponse(decodeResult: success, version: HTTP/1.1)
HTTP/1.1 200 OK
Content-Type: application/json; charset=utf-8
cache-control: no-cache
content-length: 51

22:20:53.405 [AsyncHttpClient-1-5] DEBUG org.asynchttpclient.netty.channel.ChannelManager - Adding key: http://localhost:43497 for channel [id: 0x323793c9, L:/127.0.0.1:63420 - R:localhost/127.0.0.1:43497]
22:20:53.413 [Forwarding getCurrentUrl on session e60882a4c871844debfcbe81b029068d to remote] DEBUG org.asynchttpclient.netty.request.NettyRequestSender - Using pooled Channel '[id: 0x323793c9, L:/127.0.0.1:63420 - R:localhost/127.0.0.1:43497]' for 'GET' to 'http://localhost:43497/session/e60882a4c871844debfcbe81b029068d/url'
22:20:53.413 [Forwarding getCurrentUrl on session e60882a4c871844debfcbe81b029068d to remote] DEBUG org.asynchttpclient.netty.request.NettyRequestSender - Using open Channel [id: 0x323793c9, L:/127.0.0.1:63420 - R:localhost/127.0.0.1:43497] for GET '/session/e60882a4c871844debfcbe81b029068d/url'
22:20:53.429 [AsyncHttpClient-1-5] DEBUG org.asynchttpclient.netty.handler.HttpHandler - 

Request DefaultFullHttpRequest(decodeResult: success, version: HTTP/1.1, content: EmptyByteBufBE)
GET /session/e60882a4c871844debfcbe81b029068d/url HTTP/1.1
User-Agent: selenium/4.7.1 (java windows)
Cache-Control: no-cache
Content-Type: application/json; charset=utf-8
host: localhost:43497
accept: */*

Response DefaultHttpResponse(decodeResult: success, version: HTTP/1.1)
HTTP/1.1 200 OK
Content-Type: application/json; charset=utf-8
cache-control: no-cache
content-length: 51

22:20:53.429 [AsyncHttpClient-1-5] DEBUG org.asynchttpclient.netty.channel.ChannelManager - Adding key: http://localhost:43497 for channel [id: 0x323793c9, L:/127.0.0.1:63420 - R:localhost/127.0.0.1:43497]
22:20:53.439 [Forwarding findElement on session e60882a4c871844debfcbe81b029068d to remote] DEBUG org.asynchttpclient.netty.request.NettyRequestSender - Using pooled Channel '[id: 0x323793c9, L:/127.0.0.1:63420 - R:localhost/127.0.0.1:43497]' for 'POST' to 'http://localhost:43497/session/e60882a4c871844debfcbe81b029068d/element'
22:20:53.439 [Forwarding findElement on session e60882a4c871844debfcbe81b029068d to remote] DEBUG org.asynchttpclient.netty.request.NettyRequestSender - Using open Channel [id: 0x323793c9, L:/127.0.0.1:63420 - R:localhost/127.0.0.1:43497] for POST '/session/e60882a4c871844debfcbe81b029068d/element'
22:20:53.455 [AsyncHttpClient-1-5] DEBUG org.asynchttpclient.netty.handler.HttpHandler - 

Request DefaultHttpRequest(decodeResult: success, version: HTTP/1.1)
POST /session/e60882a4c871844debfcbe81b029068d/element HTTP/1.1
User-Agent: selenium/4.7.1 (java windows)
Content-Length: 84
Content-Type: application/json; charset=utf-8
host: localhost:43497
accept: */*

Response DefaultHttpResponse(decodeResult: success, version: HTTP/1.1)
HTTP/1.1 200 OK
Content-Type: application/json; charset=utf-8
cache-control: no-cache
content-length: 95

22:20:53.455 [AsyncHttpClient-1-5] DEBUG org.asynchttpclient.netty.channel.ChannelManager - Adding key: http://localhost:43497 for channel [id: 0x323793c9, L:/127.0.0.1:63420 - R:localhost/127.0.0.1:43497]
22:20:53.463 [Forwarding isElementDisplayed on session e60882a4c871844debfcbe81b029068d to remote] DEBUG org.asynchttpclient.netty.request.NettyRequestSender - Using pooled Channel '[id: 0x323793c9, L:/127.0.0.1:63420 - R:localhost/127.0.0.1:43497]' for 'POST' to 'http://localhost:43497/session/e60882a4c871844debfcbe81b029068d/execute/sync'
22:20:53.463 [Forwarding isElementDisplayed on session e60882a4c871844debfcbe81b029068d to remote] DEBUG org.asynchttpclient.netty.request.NettyRequestSender - Using open Channel [id: 0x323793c9, L:/127.0.0.1:63420 - R:localhost/127.0.0.1:43497] for POST '/session/e60882a4c871844debfcbe81b029068d/execute/sync'
22:20:53.487 [AsyncHttpClient-1-5] DEBUG org.asynchttpclient.netty.handler.HttpHandler - 

Request DefaultHttpRequest(decodeResult: success, version: HTTP/1.1)
POST /session/e60882a4c871844debfcbe81b029068d/execute/sync HTTP/1.1
User-Agent: selenium/4.7.1 (java windows)
Content-Length: 48787
Content-Type: application/json; charset=utf-8
host: localhost:43497
accept: */*

Response DefaultHttpResponse(decodeResult: success, version: HTTP/1.1)
HTTP/1.1 200 OK
Content-Type: application/json; charset=utf-8
cache-control: no-cache
content-length: 14

22:20:53.487 [AsyncHttpClient-1-5] DEBUG org.asynchttpclient.netty.channel.ChannelManager - Adding key: http://localhost:43497 for channel [id: 0x323793c9, L:/127.0.0.1:63420 - R:localhost/127.0.0.1:43497]
22:20:53.487 [Forwarding isElementDisplayed on session e60882a4c871844debfcbe81b029068d to remote] DEBUG org.asynchttpclient.netty.request.NettyRequestSender - Using pooled Channel '[id: 0x323793c9, L:/127.0.0.1:63420 - R:localhost/127.0.0.1:43497]' for 'POST' to 'http://localhost:43497/session/e60882a4c871844debfcbe81b029068d/execute/sync'
22:20:53.487 [Forwarding isElementDisplayed on session e60882a4c871844debfcbe81b029068d to remote] DEBUG org.asynchttpclient.netty.request.NettyRequestSender - Using open Channel [id: 0x323793c9, L:/127.0.0.1:63420 - R:localhost/127.0.0.1:43497] for POST '/session/e60882a4c871844debfcbe81b029068d/execute/sync'
22:20:53.511 [AsyncHttpClient-1-5] DEBUG org.asynchttpclient.netty.handler.HttpHandler - 

Request DefaultHttpRequest(decodeResult: success, version: HTTP/1.1)
POST /session/e60882a4c871844debfcbe81b029068d/execute/sync HTTP/1.1
User-Agent: selenium/4.7.1 (java windows)
Content-Length: 48787
Content-Type: application/json; charset=utf-8
host: localhost:43497
accept: */*

Response DefaultHttpResponse(decodeResult: success, version: HTTP/1.1)
HTTP/1.1 200 OK
Content-Type: application/json; charset=utf-8
cache-control: no-cache
content-length: 14

22:20:53.511 [AsyncHttpClient-1-5] DEBUG org.asynchttpclient.netty.channel.ChannelManager - Adding key: http://localhost:43497 for channel [id: 0x323793c9, L:/127.0.0.1:63420 - R:localhost/127.0.0.1:43497]
22:20:53.521 [Forwarding getCurrentWindowHandle on session e60882a4c871844debfcbe81b029068d to remote] DEBUG org.asynchttpclient.netty.request.NettyRequestSender - Using pooled Channel '[id: 0x323793c9, L:/127.0.0.1:63420 - R:localhost/127.0.0.1:43497]' for 'GET' to 'http://localhost:43497/session/e60882a4c871844debfcbe81b029068d/window'
22:20:53.521 [Forwarding getCurrentWindowHandle on session e60882a4c871844debfcbe81b029068d to remote] DEBUG org.asynchttpclient.netty.request.NettyRequestSender - Using open Channel [id: 0x323793c9, L:/127.0.0.1:63420 - R:localhost/127.0.0.1:43497] for GET '/session/e60882a4c871844debfcbe81b029068d/window'
22:20:53.521 [AsyncHttpClient-1-5] DEBUG org.asynchttpclient.netty.handler.HttpHandler - 

Request DefaultFullHttpRequest(decodeResult: success, version: HTTP/1.1, content: EmptyByteBufBE)
GET /session/e60882a4c871844debfcbe81b029068d/window HTTP/1.1
User-Agent: selenium/4.7.1 (java windows)
Cache-Control: no-cache
Content-Type: application/json; charset=utf-8
host: localhost:43497
accept: */*

Response DefaultHttpResponse(decodeResult: success, version: HTTP/1.1)
HTTP/1.1 200 OK
Content-Type: application/json; charset=utf-8
cache-control: no-cache
content-length: 44

22:20:53.521 [AsyncHttpClient-1-5] DEBUG org.asynchttpclient.netty.channel.ChannelManager - Adding key: http://localhost:43497 for channel [id: 0x323793c9, L:/127.0.0.1:63420 - R:localhost/127.0.0.1:43497]
22:20:53.527 [Forwarding getAlertText on session e60882a4c871844debfcbe81b029068d to remote] DEBUG org.asynchttpclient.netty.request.NettyRequestSender - Using pooled Channel '[id: 0x323793c9, L:/127.0.0.1:63420 - R:localhost/127.0.0.1:43497]' for 'GET' to 'http://localhost:43497/session/e60882a4c871844debfcbe81b029068d/alert/text'
22:20:53.527 [Forwarding getAlertText on session e60882a4c871844debfcbe81b029068d to remote] DEBUG org.asynchttpclient.netty.request.NettyRequestSender - Using open Channel [id: 0x323793c9, L:/127.0.0.1:63420 - R:localhost/127.0.0.1:43497] for GET '/session/e60882a4c871844debfcbe81b029068d/alert/text'
22:20:53.527 [AsyncHttpClient-1-5] DEBUG org.asynchttpclient.netty.handler.HttpHandler - 

Request DefaultFullHttpRequest(decodeResult: success, version: HTTP/1.1, content: EmptyByteBufBE)
GET /session/e60882a4c871844debfcbe81b029068d/alert/text HTTP/1.1
User-Agent: selenium/4.7.1 (java windows)
Cache-Control: no-cache
Content-Type: application/json; charset=utf-8
host: localhost:43497
accept: */*

Response DefaultHttpResponse(decodeResult: success, version: HTTP/1.1)
HTTP/1.1 404 Not Found
Content-Type: application/json; charset=utf-8
cache-control: no-cache
content-length: 821

22:20:53.527 [AsyncHttpClient-1-5] DEBUG org.asynchttpclient.netty.channel.ChannelManager - Adding key: http://localhost:43497 for channel [id: 0x323793c9, L:/127.0.0.1:63420 - R:localhost/127.0.0.1:43497]
22:20:53.527 [Forwarding switchToWindow on session e60882a4c871844debfcbe81b029068d to remote] DEBUG org.asynchttpclient.netty.request.NettyRequestSender - Using pooled Channel '[id: 0x323793c9, L:/127.0.0.1:63420 - R:localhost/127.0.0.1:43497]' for 'POST' to 'http://localhost:43497/session/e60882a4c871844debfcbe81b029068d/window'
22:20:53.527 [Forwarding switchToWindow on session e60882a4c871844debfcbe81b029068d to remote] DEBUG org.asynchttpclient.netty.request.NettyRequestSender - Using open Channel [id: 0x323793c9, L:/127.0.0.1:63420 - R:localhost/127.0.0.1:43497] for POST '/session/e60882a4c871844debfcbe81b029068d/window'
22:20:53.535 [AsyncHttpClient-1-5] DEBUG org.asynchttpclient.netty.handler.HttpHandler - 

Request DefaultHttpRequest(decodeResult: success, version: HTTP/1.1)
POST /session/e60882a4c871844debfcbe81b029068d/window HTTP/1.1
User-Agent: selenium/4.7.1 (java windows)
Content-Length: 50
Content-Type: application/json; charset=utf-8
host: localhost:43497
accept: */*

Response DefaultHttpResponse(decodeResult: success, version: HTTP/1.1)
HTTP/1.1 200 OK
Content-Type: application/json; charset=utf-8
cache-control: no-cache
content-length: 14

22:20:53.535 [AsyncHttpClient-1-5] DEBUG org.asynchttpclient.netty.channel.ChannelManager - Adding key: http://localhost:43497 for channel [id: 0x323793c9, L:/127.0.0.1:63420 - R:localhost/127.0.0.1:43497]
22:20:53.535 [Forwarding getCurrentUrl on session e60882a4c871844debfcbe81b029068d to remote] DEBUG org.asynchttpclient.netty.request.NettyRequestSender - Using pooled Channel '[id: 0x323793c9, L:/127.0.0.1:63420 - R:localhost/127.0.0.1:43497]' for 'GET' to 'http://localhost:43497/session/e60882a4c871844debfcbe81b029068d/url'
22:20:53.535 [Forwarding getCurrentUrl on session e60882a4c871844debfcbe81b029068d to remote] DEBUG org.asynchttpclient.netty.request.NettyRequestSender - Using open Channel [id: 0x323793c9, L:/127.0.0.1:63420 - R:localhost/127.0.0.1:43497] for GET '/session/e60882a4c871844debfcbe81b029068d/url'
22:20:53.546 [AsyncHttpClient-1-5] DEBUG org.asynchttpclient.netty.handler.HttpHandler - 

Request DefaultFullHttpRequest(decodeResult: success, version: HTTP/1.1, content: EmptyByteBufBE)
GET /session/e60882a4c871844debfcbe81b029068d/url HTTP/1.1
User-Agent: selenium/4.7.1 (java windows)
Cache-Control: no-cache
Content-Type: application/json; charset=utf-8
host: localhost:43497
accept: */*

Response DefaultHttpResponse(decodeResult: success, version: HTTP/1.1)
HTTP/1.1 200 OK
Content-Type: application/json; charset=utf-8
cache-control: no-cache
content-length: 51

22:20:53.546 [AsyncHttpClient-1-5] DEBUG org.asynchttpclient.netty.channel.ChannelManager - Adding key: http://localhost:43497 for channel [id: 0x323793c9, L:/127.0.0.1:63420 - R:localhost/127.0.0.1:43497]
22:20:53.552 [Forwarding screenshot on session e60882a4c871844debfcbe81b029068d to remote] DEBUG org.asynchttpclient.netty.request.NettyRequestSender - Using pooled Channel '[id: 0x323793c9, L:/127.0.0.1:63420 - R:localhost/127.0.0.1:43497]' for 'GET' to 'http://localhost:43497/session/e60882a4c871844debfcbe81b029068d/screenshot'
22:20:53.552 [Forwarding screenshot on session e60882a4c871844debfcbe81b029068d to remote] DEBUG org.asynchttpclient.netty.request.NettyRequestSender - Using open Channel [id: 0x323793c9, L:/127.0.0.1:63420 - R:localhost/127.0.0.1:43497] for GET '/session/e60882a4c871844debfcbe81b029068d/screenshot'
22:20:53.736 [AsyncHttpClient-1-5] DEBUG org.asynchttpclient.netty.handler.HttpHandler - 

Request DefaultFullHttpRequest(decodeResult: success, version: HTTP/1.1, content: EmptyByteBufBE)
GET /session/e60882a4c871844debfcbe81b029068d/screenshot HTTP/1.1
User-Agent: selenium/4.7.1 (java windows)
Cache-Control: no-cache
Content-Type: application/json; charset=utf-8
host: localhost:43497
accept: */*

Response DefaultHttpResponse(decodeResult: success, version: HTTP/1.1)
HTTP/1.1 200 OK
Content-Type: application/json; charset=utf-8
cache-control: no-cache
content-length: 190072

22:20:53.736 [AsyncHttpClient-1-5] DEBUG org.asynchttpclient.netty.channel.ChannelManager - Adding key: http://localhost:43497 for channel [id: 0x323793c9, L:/127.0.0.1:63420 - R:localhost/127.0.0.1:43497]
22:20:53.745 [main] DEBUG net.serenitybdd.core.photography.Darkroom - Send negative for processing for target\site\serenity\d1261d317105f2022b291c8c21a98672b375594a0da6ede8cb611245ceac006a.png
22:20:53.745 [main] DEBUG net.thucydides.core.steps.StepInterceptor - STEP DONE: diHomepageSkuyPay
22:20:53.753 [main] DEBUG net.thucydides.core.steps.StepInterceptor - STARTING STEP: TransaksiSteps.adminMelakukanLoginAkun - inputfieldemail
22:20:53.753 [Forwarding findElement on session e60882a4c871844debfcbe81b029068d to remote] DEBUG org.asynchttpclient.netty.request.NettyRequestSender - Using pooled Channel '[id: 0x323793c9, L:/127.0.0.1:63420 - R:localhost/127.0.0.1:43497]' for 'POST' to 'http://localhost:43497/session/e60882a4c871844debfcbe81b029068d/element'
22:20:53.753 [Forwarding findElement on session e60882a4c871844debfcbe81b029068d to remote] DEBUG org.asynchttpclient.netty.request.NettyRequestSender - Using open Channel [id: 0x323793c9, L:/127.0.0.1:63420 - R:localhost/127.0.0.1:43497] for POST '/session/e60882a4c871844debfcbe81b029068d/element'
22:20:53.769 [AsyncHttpClient-1-5] DEBUG org.asynchttpclient.netty.handler.HttpHandler - 

Request DefaultHttpRequest(decodeResult: success, version: HTTP/1.1)
POST /session/e60882a4c871844debfcbe81b029068d/element HTTP/1.1
User-Agent: selenium/4.7.1 (java windows)
Content-Length: 84
Content-Type: application/json; charset=utf-8
host: localhost:43497
accept: */*

Response DefaultHttpResponse(decodeResult: success, version: HTTP/1.1)
HTTP/1.1 200 OK
Content-Type: application/json; charset=utf-8
cache-control: no-cache
content-length: 95

22:20:53.769 [AsyncHttpClient-1-5] DEBUG org.asynchttpclient.netty.channel.ChannelManager - Adding key: http://localhost:43497 for channel [id: 0x323793c9, L:/127.0.0.1:63420 - R:localhost/127.0.0.1:43497]
22:20:53.769 [Forwarding getElementTagName on session e60882a4c871844debfcbe81b029068d to remote] DEBUG org.asynchttpclient.netty.request.NettyRequestSender - Using pooled Channel '[id: 0x323793c9, L:/127.0.0.1:63420 - R:localhost/127.0.0.1:43497]' for 'GET' to 'http://localhost:43497/session/e60882a4c871844debfcbe81b029068d/element/88225E231C65750610109095C4608371_element_11/name'
22:20:53.777 [Forwarding getElementTagName on session e60882a4c871844debfcbe81b029068d to remote] DEBUG org.asynchttpclient.netty.request.NettyRequestSender - Using open Channel [id: 0x323793c9, L:/127.0.0.1:63420 - R:localhost/127.0.0.1:43497] for GET '/session/e60882a4c871844debfcbe81b029068d/element/88225E231C65750610109095C4608371_element_11/name'
22:20:53.785 [AsyncHttpClient-1-5] DEBUG org.asynchttpclient.netty.handler.HttpHandler - 

Request DefaultFullHttpRequest(decodeResult: success, version: HTTP/1.1, content: EmptyByteBufBE)
GET /session/e60882a4c871844debfcbe81b029068d/element/88225E231C65750610109095C4608371_element_11/name HTTP/1.1
User-Agent: selenium/4.7.1 (java windows)
Cache-Control: no-cache
Content-Type: application/json; charset=utf-8
host: localhost:43497
accept: */*

Response DefaultHttpResponse(decodeResult: success, version: HTTP/1.1)
HTTP/1.1 200 OK
Content-Type: application/json; charset=utf-8
cache-control: no-cache
content-length: 17

22:20:53.785 [AsyncHttpClient-1-5] DEBUG org.asynchttpclient.netty.channel.ChannelManager - Adding key: http://localhost:43497 for channel [id: 0x323793c9, L:/127.0.0.1:63420 - R:localhost/127.0.0.1:43497]
22:20:53.785 [Forwarding getElementTagName on session e60882a4c871844debfcbe81b029068d to remote] DEBUG org.asynchttpclient.netty.request.NettyRequestSender - Using pooled Channel '[id: 0x323793c9, L:/127.0.0.1:63420 - R:localhost/127.0.0.1:43497]' for 'GET' to 'http://localhost:43497/session/e60882a4c871844debfcbe81b029068d/element/88225E231C65750610109095C4608371_element_11/name'
22:20:53.785 [Forwarding getElementTagName on session e60882a4c871844debfcbe81b029068d to remote] DEBUG org.asynchttpclient.netty.request.NettyRequestSender - Using open Channel [id: 0x323793c9, L:/127.0.0.1:63420 - R:localhost/127.0.0.1:43497] for GET '/session/e60882a4c871844debfcbe81b029068d/element/88225E231C65750610109095C4608371_element_11/name'
22:20:53.793 [AsyncHttpClient-1-5] DEBUG org.asynchttpclient.netty.handler.HttpHandler - 

Request DefaultFullHttpRequest(decodeResult: success, version: HTTP/1.1, content: EmptyByteBufBE)
GET /session/e60882a4c871844debfcbe81b029068d/element/88225E231C65750610109095C4608371_element_11/name HTTP/1.1
User-Agent: selenium/4.7.1 (java windows)
Cache-Control: no-cache
Content-Type: application/json; charset=utf-8
host: localhost:43497
accept: */*

Response DefaultHttpResponse(decodeResult: success, version: HTTP/1.1)
HTTP/1.1 200 OK
Content-Type: application/json; charset=utf-8
cache-control: no-cache
content-length: 17

22:20:53.793 [AsyncHttpClient-1-5] DEBUG org.asynchttpclient.netty.channel.ChannelManager - Adding key: http://localhost:43497 for channel [id: 0x323793c9, L:/127.0.0.1:63420 - R:localhost/127.0.0.1:43497]
22:20:53.801 [Forwarding isElementEnabled on session e60882a4c871844debfcbe81b029068d to remote] DEBUG org.asynchttpclient.netty.request.NettyRequestSender - Using pooled Channel '[id: 0x323793c9, L:/127.0.0.1:63420 - R:localhost/127.0.0.1:43497]' for 'GET' to 'http://localhost:43497/session/e60882a4c871844debfcbe81b029068d/element/88225E231C65750610109095C4608371_element_11/enabled'
22:20:53.801 [Forwarding isElementEnabled on session e60882a4c871844debfcbe81b029068d to remote] DEBUG org.asynchttpclient.netty.request.NettyRequestSender - Using open Channel [id: 0x323793c9, L:/127.0.0.1:63420 - R:localhost/127.0.0.1:43497] for GET '/session/e60882a4c871844debfcbe81b029068d/element/88225E231C65750610109095C4608371_element_11/enabled'
22:20:53.817 [AsyncHttpClient-1-5] DEBUG org.asynchttpclient.netty.handler.HttpHandler - 

Request DefaultFullHttpRequest(decodeResult: success, version: HTTP/1.1, content: EmptyByteBufBE)
GET /session/e60882a4c871844debfcbe81b029068d/element/88225E231C65750610109095C4608371_element_11/enabled HTTP/1.1
User-Agent: selenium/4.7.1 (java windows)
Cache-Control: no-cache
Content-Type: application/json; charset=utf-8
host: localhost:43497
accept: */*

Response DefaultHttpResponse(decodeResult: success, version: HTTP/1.1)
HTTP/1.1 200 OK
Content-Type: application/json; charset=utf-8
cache-control: no-cache
content-length: 14

22:20:53.817 [AsyncHttpClient-1-5] DEBUG org.asynchttpclient.netty.channel.ChannelManager - Adding key: http://localhost:43497 for channel [id: 0x323793c9, L:/127.0.0.1:63420 - R:localhost/127.0.0.1:43497]
22:20:53.817 [Forwarding isElementEnabled on session e60882a4c871844debfcbe81b029068d to remote] DEBUG org.asynchttpclient.netty.request.NettyRequestSender - Using pooled Channel '[id: 0x323793c9, L:/127.0.0.1:63420 - R:localhost/127.0.0.1:43497]' for 'GET' to 'http://localhost:43497/session/e60882a4c871844debfcbe81b029068d/element/88225E231C65750610109095C4608371_element_11/enabled'
22:20:53.817 [Forwarding isElementEnabled on session e60882a4c871844debfcbe81b029068d to remote] DEBUG org.asynchttpclient.netty.request.NettyRequestSender - Using open Channel [id: 0x323793c9, L:/127.0.0.1:63420 - R:localhost/127.0.0.1:43497] for GET '/session/e60882a4c871844debfcbe81b029068d/element/88225E231C65750610109095C4608371_element_11/enabled'
22:20:53.833 [AsyncHttpClient-1-5] DEBUG org.asynchttpclient.netty.handler.HttpHandler - 

Request DefaultFullHttpRequest(decodeResult: success, version: HTTP/1.1, content: EmptyByteBufBE)
GET /session/e60882a4c871844debfcbe81b029068d/element/88225E231C65750610109095C4608371_element_11/enabled HTTP/1.1
User-Agent: selenium/4.7.1 (java windows)
Cache-Control: no-cache
Content-Type: application/json; charset=utf-8
host: localhost:43497
accept: */*

Response DefaultHttpResponse(decodeResult: success, version: HTTP/1.1)
HTTP/1.1 200 OK
Content-Type: application/json; charset=utf-8
cache-control: no-cache
content-length: 14

22:20:53.833 [AsyncHttpClient-1-5] DEBUG org.asynchttpclient.netty.channel.ChannelManager - Adding key: http://localhost:43497 for channel [id: 0x323793c9, L:/127.0.0.1:63420 - R:localhost/127.0.0.1:43497]
22:20:53.841 [Forwarding findElement on session e60882a4c871844debfcbe81b029068d to remote] DEBUG org.asynchttpclient.netty.request.NettyRequestSender - Using pooled Channel '[id: 0x323793c9, L:/127.0.0.1:63420 - R:localhost/127.0.0.1:43497]' for 'POST' to 'http://localhost:43497/session/e60882a4c871844debfcbe81b029068d/element'
22:20:53.841 [Forwarding findElement on session e60882a4c871844debfcbe81b029068d to remote] DEBUG org.asynchttpclient.netty.request.NettyRequestSender - Using open Channel [id: 0x323793c9, L:/127.0.0.1:63420 - R:localhost/127.0.0.1:43497] for POST '/session/e60882a4c871844debfcbe81b029068d/element'
22:20:53.873 [AsyncHttpClient-1-5] DEBUG org.asynchttpclient.netty.handler.HttpHandler - 

Request DefaultHttpRequest(decodeResult: success, version: HTTP/1.1)
POST /session/e60882a4c871844debfcbe81b029068d/element HTTP/1.1
User-Agent: selenium/4.7.1 (java windows)
Content-Length: 84
Content-Type: application/json; charset=utf-8
host: localhost:43497
accept: */*

Response DefaultHttpResponse(decodeResult: success, version: HTTP/1.1)
HTTP/1.1 200 OK
Content-Type: application/json; charset=utf-8
cache-control: no-cache
content-length: 95

22:20:53.873 [AsyncHttpClient-1-5] DEBUG org.asynchttpclient.netty.channel.ChannelManager - Adding key: http://localhost:43497 for channel [id: 0x323793c9, L:/127.0.0.1:63420 - R:localhost/127.0.0.1:43497]
22:20:53.873 [Forwarding clickElement on session e60882a4c871844debfcbe81b029068d to remote] DEBUG org.asynchttpclient.netty.request.NettyRequestSender - Using pooled Channel '[id: 0x323793c9, L:/127.0.0.1:63420 - R:localhost/127.0.0.1:43497]' for 'POST' to 'http://localhost:43497/session/e60882a4c871844debfcbe81b029068d/element/88225E231C65750610109095C4608371_element_11/click'
22:20:53.873 [Forwarding clickElement on session e60882a4c871844debfcbe81b029068d to remote] DEBUG org.asynchttpclient.netty.request.NettyRequestSender - Using open Channel [id: 0x323793c9, L:/127.0.0.1:63420 - R:localhost/127.0.0.1:43497] for POST '/session/e60882a4c871844debfcbe81b029068d/element/88225E231C65750610109095C4608371_element_11/click'
22:20:54.009 [AsyncHttpClient-1-5] DEBUG org.asynchttpclient.netty.handler.HttpHandler - 

Request DefaultHttpRequest(decodeResult: success, version: HTTP/1.1)
POST /session/e60882a4c871844debfcbe81b029068d/element/88225E231C65750610109095C4608371_element_11/click HTTP/1.1
User-Agent: selenium/4.7.1 (java windows)
Content-Length: 57
Content-Type: application/json; charset=utf-8
host: localhost:43497
accept: */*

Response DefaultHttpResponse(decodeResult: success, version: HTTP/1.1)
HTTP/1.1 200 OK
Content-Type: application/json; charset=utf-8
cache-control: no-cache
content-length: 14

22:20:54.009 [AsyncHttpClient-1-5] DEBUG org.asynchttpclient.netty.channel.ChannelManager - Adding key: http://localhost:43497 for channel [id: 0x323793c9, L:/127.0.0.1:63420 - R:localhost/127.0.0.1:43497]
22:20:54.017 [Forwarding findElement on session e60882a4c871844debfcbe81b029068d to remote] DEBUG org.asynchttpclient.netty.request.NettyRequestSender - Using pooled Channel '[id: 0x323793c9, L:/127.0.0.1:63420 - R:localhost/127.0.0.1:43497]' for 'POST' to 'http://localhost:43497/session/e60882a4c871844debfcbe81b029068d/element'
22:20:54.017 [Forwarding findElement on session e60882a4c871844debfcbe81b029068d to remote] DEBUG org.asynchttpclient.netty.request.NettyRequestSender - Using open Channel [id: 0x323793c9, L:/127.0.0.1:63420 - R:localhost/127.0.0.1:43497] for POST '/session/e60882a4c871844debfcbe81b029068d/element'
22:20:54.033 [AsyncHttpClient-1-5] DEBUG org.asynchttpclient.netty.handler.HttpHandler - 

Request DefaultHttpRequest(decodeResult: success, version: HTTP/1.1)
POST /session/e60882a4c871844debfcbe81b029068d/element HTTP/1.1
User-Agent: selenium/4.7.1 (java windows)
Content-Length: 84
Content-Type: application/json; charset=utf-8
host: localhost:43497
accept: */*

Response DefaultHttpResponse(decodeResult: success, version: HTTP/1.1)
HTTP/1.1 200 OK
Content-Type: application/json; charset=utf-8
cache-control: no-cache
content-length: 95

22:20:54.033 [AsyncHttpClient-1-5] DEBUG org.asynchttpclient.netty.channel.ChannelManager - Adding key: http://localhost:43497 for channel [id: 0x323793c9, L:/127.0.0.1:63420 - R:localhost/127.0.0.1:43497]
22:20:54.041 [Forwarding clearElement on session e60882a4c871844debfcbe81b029068d to remote] DEBUG org.asynchttpclient.netty.request.NettyRequestSender - Using pooled Channel '[id: 0x323793c9, L:/127.0.0.1:63420 - R:localhost/127.0.0.1:43497]' for 'POST' to 'http://localhost:43497/session/e60882a4c871844debfcbe81b029068d/element/88225E231C65750610109095C4608371_element_11/clear'
22:20:54.041 [Forwarding clearElement on session e60882a4c871844debfcbe81b029068d to remote] DEBUG org.asynchttpclient.netty.request.NettyRequestSender - Using open Channel [id: 0x323793c9, L:/127.0.0.1:63420 - R:localhost/127.0.0.1:43497] for POST '/session/e60882a4c871844debfcbe81b029068d/element/88225E231C65750610109095C4608371_element_11/clear'
22:20:54.105 [AsyncHttpClient-1-5] DEBUG org.asynchttpclient.netty.handler.HttpHandler - 

Request DefaultHttpRequest(decodeResult: success, version: HTTP/1.1)
POST /session/e60882a4c871844debfcbe81b029068d/element/88225E231C65750610109095C4608371_element_11/clear HTTP/1.1
User-Agent: selenium/4.7.1 (java windows)
Content-Length: 57
Content-Type: application/json; charset=utf-8
host: localhost:43497
accept: */*

Response DefaultHttpResponse(decodeResult: success, version: HTTP/1.1)
HTTP/1.1 200 OK
Content-Type: application/json; charset=utf-8
cache-control: no-cache
content-length: 14

22:20:54.105 [AsyncHttpClient-1-5] DEBUG org.asynchttpclient.netty.channel.ChannelManager - Adding key: http://localhost:43497 for channel [id: 0x323793c9, L:/127.0.0.1:63420 - R:localhost/127.0.0.1:43497]
22:20:54.113 [Forwarding sendKeysToElement on session e60882a4c871844debfcbe81b029068d to remote] DEBUG org.asynchttpclient.netty.request.NettyRequestSender - Using pooled Channel '[id: 0x323793c9, L:/127.0.0.1:63420 - R:localhost/127.0.0.1:43497]' for 'POST' to 'http://localhost:43497/session/e60882a4c871844debfcbe81b029068d/element/88225E231C65750610109095C4608371_element_11/value'
22:20:54.113 [Forwarding sendKeysToElement on session e60882a4c871844debfcbe81b029068d to remote] DEBUG org.asynchttpclient.netty.request.NettyRequestSender - Using open Channel [id: 0x323793c9, L:/127.0.0.1:63420 - R:localhost/127.0.0.1:43497] for POST '/session/e60882a4c871844debfcbe81b029068d/element/88225E231C65750610109095C4608371_element_11/value'
22:20:54.249 [AsyncHttpClient-1-5] DEBUG org.asynchttpclient.netty.handler.HttpHandler - 

Request DefaultHttpRequest(decodeResult: success, version: HTTP/1.1)
POST /session/e60882a4c871844debfcbe81b029068d/element/88225E231C65750610109095C4608371_element_11/value HTTP/1.1
User-Agent: selenium/4.7.1 (java windows)
Content-Length: 228
Content-Type: application/json; charset=utf-8
host: localhost:43497
accept: */*

Response DefaultHttpResponse(decodeResult: success, version: HTTP/1.1)
HTTP/1.1 200 OK
Content-Type: application/json; charset=utf-8
cache-control: no-cache
content-length: 14

22:20:54.249 [AsyncHttpClient-1-5] DEBUG org.asynchttpclient.netty.channel.ChannelManager - Adding key: http://localhost:43497 for channel [id: 0x323793c9, L:/127.0.0.1:63420 - R:localhost/127.0.0.1:43497]
22:20:54.265 [Forwarding getCurrentWindowHandle on session e60882a4c871844debfcbe81b029068d to remote] DEBUG org.asynchttpclient.netty.request.NettyRequestSender - Using pooled Channel '[id: 0x323793c9, L:/127.0.0.1:63420 - R:localhost/127.0.0.1:43497]' for 'GET' to 'http://localhost:43497/session/e60882a4c871844debfcbe81b029068d/window'
22:20:54.265 [Forwarding getCurrentWindowHandle on session e60882a4c871844debfcbe81b029068d to remote] DEBUG org.asynchttpclient.netty.request.NettyRequestSender - Using open Channel [id: 0x323793c9, L:/127.0.0.1:63420 - R:localhost/127.0.0.1:43497] for GET '/session/e60882a4c871844debfcbe81b029068d/window'
22:20:54.265 [AsyncHttpClient-1-5] DEBUG org.asynchttpclient.netty.handler.HttpHandler - 

Request DefaultFullHttpRequest(decodeResult: success, version: HTTP/1.1, content: EmptyByteBufBE)
GET /session/e60882a4c871844debfcbe81b029068d/window HTTP/1.1
User-Agent: selenium/4.7.1 (java windows)
Cache-Control: no-cache
Content-Type: application/json; charset=utf-8
host: localhost:43497
accept: */*

Response DefaultHttpResponse(decodeResult: success, version: HTTP/1.1)
HTTP/1.1 200 OK
Content-Type: application/json; charset=utf-8
cache-control: no-cache
content-length: 44

22:20:54.265 [AsyncHttpClient-1-5] DEBUG org.asynchttpclient.netty.channel.ChannelManager - Adding key: http://localhost:43497 for channel [id: 0x323793c9, L:/127.0.0.1:63420 - R:localhost/127.0.0.1:43497]
22:20:54.265 [Forwarding getAlertText on session e60882a4c871844debfcbe81b029068d to remote] DEBUG org.asynchttpclient.netty.request.NettyRequestSender - Using pooled Channel '[id: 0x323793c9, L:/127.0.0.1:63420 - R:localhost/127.0.0.1:43497]' for 'GET' to 'http://localhost:43497/session/e60882a4c871844debfcbe81b029068d/alert/text'
22:20:54.265 [Forwarding getAlertText on session e60882a4c871844debfcbe81b029068d to remote] DEBUG org.asynchttpclient.netty.request.NettyRequestSender - Using open Channel [id: 0x323793c9, L:/127.0.0.1:63420 - R:localhost/127.0.0.1:43497] for GET '/session/e60882a4c871844debfcbe81b029068d/alert/text'
22:20:54.273 [AsyncHttpClient-1-5] DEBUG org.asynchttpclient.netty.handler.HttpHandler - 

Request DefaultFullHttpRequest(decodeResult: success, version: HTTP/1.1, content: EmptyByteBufBE)
GET /session/e60882a4c871844debfcbe81b029068d/alert/text HTTP/1.1
User-Agent: selenium/4.7.1 (java windows)
Cache-Control: no-cache
Content-Type: application/json; charset=utf-8
host: localhost:43497
accept: */*

Response DefaultHttpResponse(decodeResult: success, version: HTTP/1.1)
HTTP/1.1 404 Not Found
Content-Type: application/json; charset=utf-8
cache-control: no-cache
content-length: 821

22:20:54.273 [AsyncHttpClient-1-5] DEBUG org.asynchttpclient.netty.channel.ChannelManager - Adding key: http://localhost:43497 for channel [id: 0x323793c9, L:/127.0.0.1:63420 - R:localhost/127.0.0.1:43497]
22:20:54.275 [Forwarding switchToWindow on session e60882a4c871844debfcbe81b029068d to remote] DEBUG org.asynchttpclient.netty.request.NettyRequestSender - Using pooled Channel '[id: 0x323793c9, L:/127.0.0.1:63420 - R:localhost/127.0.0.1:43497]' for 'POST' to 'http://localhost:43497/session/e60882a4c871844debfcbe81b029068d/window'
22:20:54.275 [Forwarding switchToWindow on session e60882a4c871844debfcbe81b029068d to remote] DEBUG org.asynchttpclient.netty.request.NettyRequestSender - Using open Channel [id: 0x323793c9, L:/127.0.0.1:63420 - R:localhost/127.0.0.1:43497] for POST '/session/e60882a4c871844debfcbe81b029068d/window'
22:20:54.281 [AsyncHttpClient-1-5] DEBUG org.asynchttpclient.netty.handler.HttpHandler - 

Request DefaultHttpRequest(decodeResult: success, version: HTTP/1.1)
POST /session/e60882a4c871844debfcbe81b029068d/window HTTP/1.1
User-Agent: selenium/4.7.1 (java windows)
Content-Length: 50
Content-Type: application/json; charset=utf-8
host: localhost:43497
accept: */*

Response DefaultHttpResponse(decodeResult: success, version: HTTP/1.1)
HTTP/1.1 200 OK
Content-Type: application/json; charset=utf-8
cache-control: no-cache
content-length: 14

22:20:54.281 [AsyncHttpClient-1-5] DEBUG org.asynchttpclient.netty.channel.ChannelManager - Adding key: http://localhost:43497 for channel [id: 0x323793c9, L:/127.0.0.1:63420 - R:localhost/127.0.0.1:43497]
22:20:54.281 [Forwarding getCurrentUrl on session e60882a4c871844debfcbe81b029068d to remote] DEBUG org.asynchttpclient.netty.request.NettyRequestSender - Using pooled Channel '[id: 0x323793c9, L:/127.0.0.1:63420 - R:localhost/127.0.0.1:43497]' for 'GET' to 'http://localhost:43497/session/e60882a4c871844debfcbe81b029068d/url'
22:20:54.281 [Forwarding getCurrentUrl on session e60882a4c871844debfcbe81b029068d to remote] DEBUG org.asynchttpclient.netty.request.NettyRequestSender - Using open Channel [id: 0x323793c9, L:/127.0.0.1:63420 - R:localhost/127.0.0.1:43497] for GET '/session/e60882a4c871844debfcbe81b029068d/url'
22:20:54.289 [AsyncHttpClient-1-5] DEBUG org.asynchttpclient.netty.handler.HttpHandler - 

Request DefaultFullHttpRequest(decodeResult: success, version: HTTP/1.1, content: EmptyByteBufBE)
GET /session/e60882a4c871844debfcbe81b029068d/url HTTP/1.1
User-Agent: selenium/4.7.1 (java windows)
Cache-Control: no-cache
Content-Type: application/json; charset=utf-8
host: localhost:43497
accept: */*

Response DefaultHttpResponse(decodeResult: success, version: HTTP/1.1)
HTTP/1.1 200 OK
Content-Type: application/json; charset=utf-8
cache-control: no-cache
content-length: 51

22:20:54.289 [AsyncHttpClient-1-5] DEBUG org.asynchttpclient.netty.channel.ChannelManager - Adding key: http://localhost:43497 for channel [id: 0x323793c9, L:/127.0.0.1:63420 - R:localhost/127.0.0.1:43497]
22:20:54.297 [Forwarding screenshot on session e60882a4c871844debfcbe81b029068d to remote] DEBUG org.asynchttpclient.netty.request.NettyRequestSender - Using pooled Channel '[id: 0x323793c9, L:/127.0.0.1:63420 - R:localhost/127.0.0.1:43497]' for 'GET' to 'http://localhost:43497/session/e60882a4c871844debfcbe81b029068d/screenshot'
22:20:54.297 [Forwarding screenshot on session e60882a4c871844debfcbe81b029068d to remote] DEBUG org.asynchttpclient.netty.request.NettyRequestSender - Using open Channel [id: 0x323793c9, L:/127.0.0.1:63420 - R:localhost/127.0.0.1:43497] for GET '/session/e60882a4c871844debfcbe81b029068d/screenshot'
22:20:54.413 [AsyncHttpClient-1-1] DEBUG org.asynchttpclient.netty.channel.DefaultChannelPool - Entry count for : http://localhost:63421 : 1
22:20:54.461 [AsyncHttpClient-1-5] DEBUG org.asynchttpclient.netty.handler.HttpHandler - 

Request DefaultFullHttpRequest(decodeResult: success, version: HTTP/1.1, content: EmptyByteBufBE)
GET /session/e60882a4c871844debfcbe81b029068d/screenshot HTTP/1.1
User-Agent: selenium/4.7.1 (java windows)
Cache-Control: no-cache
Content-Type: application/json; charset=utf-8
host: localhost:43497
accept: */*

Response DefaultHttpResponse(decodeResult: success, version: HTTP/1.1)
HTTP/1.1 200 OK
Content-Type: application/json; charset=utf-8
cache-control: no-cache
content-length: 192440

22:20:54.461 [AsyncHttpClient-1-5] DEBUG org.asynchttpclient.netty.channel.ChannelManager - Adding key: http://localhost:43497 for channel [id: 0x323793c9, L:/127.0.0.1:63420 - R:localhost/127.0.0.1:43497]
22:20:54.469 [main] DEBUG net.serenitybdd.core.photography.Darkroom - Send negative for processing for target\site\serenity\82af9b4d23dce5d2c172b7bd1d3eac742b4703310d0937898c7393eb58671bd7.png
22:20:54.469 [main] DEBUG net.thucydides.core.steps.StepInterceptor - STEP DONE: inputfieldemail
22:20:54.477 [main] DEBUG net.thucydides.core.steps.StepInterceptor - STARTING STEP: TransaksiSteps.adminMelakukanLoginAkun - inputfieldpassword
22:20:54.477 [Forwarding findElement on session e60882a4c871844debfcbe81b029068d to remote] DEBUG org.asynchttpclient.netty.request.NettyRequestSender - Using pooled Channel '[id: 0x323793c9, L:/127.0.0.1:63420 - R:localhost/127.0.0.1:43497]' for 'POST' to 'http://localhost:43497/session/e60882a4c871844debfcbe81b029068d/element'
22:20:54.477 [Forwarding findElement on session e60882a4c871844debfcbe81b029068d to remote] DEBUG org.asynchttpclient.netty.request.NettyRequestSender - Using open Channel [id: 0x323793c9, L:/127.0.0.1:63420 - R:localhost/127.0.0.1:43497] for POST '/session/e60882a4c871844debfcbe81b029068d/element'
22:20:54.501 [AsyncHttpClient-1-5] DEBUG org.asynchttpclient.netty.handler.HttpHandler - 

Request DefaultHttpRequest(decodeResult: success, version: HTTP/1.1)
POST /session/e60882a4c871844debfcbe81b029068d/element HTTP/1.1
User-Agent: selenium/4.7.1 (java windows)
Content-Length: 72
Content-Type: application/json; charset=utf-8
host: localhost:43497
accept: */*

Response DefaultHttpResponse(decodeResult: success, version: HTTP/1.1)
HTTP/1.1 200 OK
Content-Type: application/json; charset=utf-8
cache-control: no-cache
content-length: 94

22:20:54.501 [AsyncHttpClient-1-5] DEBUG org.asynchttpclient.netty.channel.ChannelManager - Adding key: http://localhost:43497 for channel [id: 0x323793c9, L:/127.0.0.1:63420 - R:localhost/127.0.0.1:43497]
22:20:54.501 [Forwarding getElementTagName on session e60882a4c871844debfcbe81b029068d to remote] DEBUG org.asynchttpclient.netty.request.NettyRequestSender - Using pooled Channel '[id: 0x323793c9, L:/127.0.0.1:63420 - R:localhost/127.0.0.1:43497]' for 'GET' to 'http://localhost:43497/session/e60882a4c871844debfcbe81b029068d/element/88225E231C65750610109095C4608371_element_7/name'
22:20:54.501 [Forwarding getElementTagName on session e60882a4c871844debfcbe81b029068d to remote] DEBUG org.asynchttpclient.netty.request.NettyRequestSender - Using open Channel [id: 0x323793c9, L:/127.0.0.1:63420 - R:localhost/127.0.0.1:43497] for GET '/session/e60882a4c871844debfcbe81b029068d/element/88225E231C65750610109095C4608371_element_7/name'
22:20:54.511 [AsyncHttpClient-1-5] DEBUG org.asynchttpclient.netty.handler.HttpHandler - 

Request DefaultFullHttpRequest(decodeResult: success, version: HTTP/1.1, content: EmptyByteBufBE)
GET /session/e60882a4c871844debfcbe81b029068d/element/88225E231C65750610109095C4608371_element_7/name HTTP/1.1
User-Agent: selenium/4.7.1 (java windows)
Cache-Control: no-cache
Content-Type: application/json; charset=utf-8
host: localhost:43497
accept: */*

Response DefaultHttpResponse(decodeResult: success, version: HTTP/1.1)
HTTP/1.1 200 OK
Content-Type: application/json; charset=utf-8
cache-control: no-cache
content-length: 17

22:20:54.511 [AsyncHttpClient-1-5] DEBUG org.asynchttpclient.netty.channel.ChannelManager - Adding key: http://localhost:43497 for channel [id: 0x323793c9, L:/127.0.0.1:63420 - R:localhost/127.0.0.1:43497]
22:20:54.511 [Forwarding getElementTagName on session e60882a4c871844debfcbe81b029068d to remote] DEBUG org.asynchttpclient.netty.request.NettyRequestSender - Using pooled Channel '[id: 0x323793c9, L:/127.0.0.1:63420 - R:localhost/127.0.0.1:43497]' for 'GET' to 'http://localhost:43497/session/e60882a4c871844debfcbe81b029068d/element/88225E231C65750610109095C4608371_element_7/name'
22:20:54.511 [Forwarding getElementTagName on session e60882a4c871844debfcbe81b029068d to remote] DEBUG org.asynchttpclient.netty.request.NettyRequestSender - Using open Channel [id: 0x323793c9, L:/127.0.0.1:63420 - R:localhost/127.0.0.1:43497] for GET '/session/e60882a4c871844debfcbe81b029068d/element/88225E231C65750610109095C4608371_element_7/name'
22:20:54.523 [AsyncHttpClient-1-5] DEBUG org.asynchttpclient.netty.handler.HttpHandler - 

Request DefaultFullHttpRequest(decodeResult: success, version: HTTP/1.1, content: EmptyByteBufBE)
GET /session/e60882a4c871844debfcbe81b029068d/element/88225E231C65750610109095C4608371_element_7/name HTTP/1.1
User-Agent: selenium/4.7.1 (java windows)
Cache-Control: no-cache
Content-Type: application/json; charset=utf-8
host: localhost:43497
accept: */*

Response DefaultHttpResponse(decodeResult: success, version: HTTP/1.1)
HTTP/1.1 200 OK
Content-Type: application/json; charset=utf-8
cache-control: no-cache
content-length: 17

22:20:54.523 [AsyncHttpClient-1-5] DEBUG org.asynchttpclient.netty.channel.ChannelManager - Adding key: http://localhost:43497 for channel [id: 0x323793c9, L:/127.0.0.1:63420 - R:localhost/127.0.0.1:43497]
22:20:54.527 [Forwarding isElementEnabled on session e60882a4c871844debfcbe81b029068d to remote] DEBUG org.asynchttpclient.netty.request.NettyRequestSender - Using pooled Channel '[id: 0x323793c9, L:/127.0.0.1:63420 - R:localhost/127.0.0.1:43497]' for 'GET' to 'http://localhost:43497/session/e60882a4c871844debfcbe81b029068d/element/88225E231C65750610109095C4608371_element_7/enabled'
22:20:54.527 [Forwarding isElementEnabled on session e60882a4c871844debfcbe81b029068d to remote] DEBUG org.asynchttpclient.netty.request.NettyRequestSender - Using open Channel [id: 0x323793c9, L:/127.0.0.1:63420 - R:localhost/127.0.0.1:43497] for GET '/session/e60882a4c871844debfcbe81b029068d/element/88225E231C65750610109095C4608371_element_7/enabled'
22:20:54.535 [AsyncHttpClient-1-5] DEBUG org.asynchttpclient.netty.handler.HttpHandler - 

Request DefaultFullHttpRequest(decodeResult: success, version: HTTP/1.1, content: EmptyByteBufBE)
GET /session/e60882a4c871844debfcbe81b029068d/element/88225E231C65750610109095C4608371_element_7/enabled HTTP/1.1
User-Agent: selenium/4.7.1 (java windows)
Cache-Control: no-cache
Content-Type: application/json; charset=utf-8
host: localhost:43497
accept: */*

Response DefaultHttpResponse(decodeResult: success, version: HTTP/1.1)
HTTP/1.1 200 OK
Content-Type: application/json; charset=utf-8
cache-control: no-cache
content-length: 14

22:20:54.535 [AsyncHttpClient-1-5] DEBUG org.asynchttpclient.netty.channel.ChannelManager - Adding key: http://localhost:43497 for channel [id: 0x323793c9, L:/127.0.0.1:63420 - R:localhost/127.0.0.1:43497]
22:20:54.543 [Forwarding isElementEnabled on session e60882a4c871844debfcbe81b029068d to remote] DEBUG org.asynchttpclient.netty.request.NettyRequestSender - Using pooled Channel '[id: 0x323793c9, L:/127.0.0.1:63420 - R:localhost/127.0.0.1:43497]' for 'GET' to 'http://localhost:43497/session/e60882a4c871844debfcbe81b029068d/element/88225E231C65750610109095C4608371_element_7/enabled'
22:20:54.543 [Forwarding isElementEnabled on session e60882a4c871844debfcbe81b029068d to remote] DEBUG org.asynchttpclient.netty.request.NettyRequestSender - Using open Channel [id: 0x323793c9, L:/127.0.0.1:63420 - R:localhost/127.0.0.1:43497] for GET '/session/e60882a4c871844debfcbe81b029068d/element/88225E231C65750610109095C4608371_element_7/enabled'
22:20:54.551 [AsyncHttpClient-1-5] DEBUG org.asynchttpclient.netty.handler.HttpHandler - 

Request DefaultFullHttpRequest(decodeResult: success, version: HTTP/1.1, content: EmptyByteBufBE)
GET /session/e60882a4c871844debfcbe81b029068d/element/88225E231C65750610109095C4608371_element_7/enabled HTTP/1.1
User-Agent: selenium/4.7.1 (java windows)
Cache-Control: no-cache
Content-Type: application/json; charset=utf-8
host: localhost:43497
accept: */*

Response DefaultHttpResponse(decodeResult: success, version: HTTP/1.1)
HTTP/1.1 200 OK
Content-Type: application/json; charset=utf-8
cache-control: no-cache
content-length: 14

22:20:54.551 [AsyncHttpClient-1-5] DEBUG org.asynchttpclient.netty.channel.ChannelManager - Adding key: http://localhost:43497 for channel [id: 0x323793c9, L:/127.0.0.1:63420 - R:localhost/127.0.0.1:43497]
22:20:54.551 [Forwarding findElement on session e60882a4c871844debfcbe81b029068d to remote] DEBUG org.asynchttpclient.netty.request.NettyRequestSender - Using pooled Channel '[id: 0x323793c9, L:/127.0.0.1:63420 - R:localhost/127.0.0.1:43497]' for 'POST' to 'http://localhost:43497/session/e60882a4c871844debfcbe81b029068d/element'
22:20:54.551 [Forwarding findElement on session e60882a4c871844debfcbe81b029068d to remote] DEBUG org.asynchttpclient.netty.request.NettyRequestSender - Using open Channel [id: 0x323793c9, L:/127.0.0.1:63420 - R:localhost/127.0.0.1:43497] for POST '/session/e60882a4c871844debfcbe81b029068d/element'
22:20:54.567 [AsyncHttpClient-1-5] DEBUG org.asynchttpclient.netty.handler.HttpHandler - 

Request DefaultHttpRequest(decodeResult: success, version: HTTP/1.1)
POST /session/e60882a4c871844debfcbe81b029068d/element HTTP/1.1
User-Agent: selenium/4.7.1 (java windows)
Content-Length: 72
Content-Type: application/json; charset=utf-8
host: localhost:43497
accept: */*

Response DefaultHttpResponse(decodeResult: success, version: HTTP/1.1)
HTTP/1.1 200 OK
Content-Type: application/json; charset=utf-8
cache-control: no-cache
content-length: 94

22:20:54.567 [AsyncHttpClient-1-5] DEBUG org.asynchttpclient.netty.channel.ChannelManager - Adding key: http://localhost:43497 for channel [id: 0x323793c9, L:/127.0.0.1:63420 - R:localhost/127.0.0.1:43497]
22:20:54.575 [Forwarding clickElement on session e60882a4c871844debfcbe81b029068d to remote] DEBUG org.asynchttpclient.netty.request.NettyRequestSender - Using pooled Channel '[id: 0x323793c9, L:/127.0.0.1:63420 - R:localhost/127.0.0.1:43497]' for 'POST' to 'http://localhost:43497/session/e60882a4c871844debfcbe81b029068d/element/88225E231C65750610109095C4608371_element_7/click'
22:20:54.575 [Forwarding clickElement on session e60882a4c871844debfcbe81b029068d to remote] DEBUG org.asynchttpclient.netty.request.NettyRequestSender - Using open Channel [id: 0x323793c9, L:/127.0.0.1:63420 - R:localhost/127.0.0.1:43497] for POST '/session/e60882a4c871844debfcbe81b029068d/element/88225E231C65750610109095C4608371_element_7/click'
22:20:54.639 [AsyncHttpClient-1-5] DEBUG org.asynchttpclient.netty.handler.HttpHandler - 

Request DefaultHttpRequest(decodeResult: success, version: HTTP/1.1)
POST /session/e60882a4c871844debfcbe81b029068d/element/88225E231C65750610109095C4608371_element_7/click HTTP/1.1
User-Agent: selenium/4.7.1 (java windows)
Content-Length: 56
Content-Type: application/json; charset=utf-8
host: localhost:43497
accept: */*

Response DefaultHttpResponse(decodeResult: success, version: HTTP/1.1)
HTTP/1.1 200 OK
Content-Type: application/json; charset=utf-8
cache-control: no-cache
content-length: 14

22:20:54.639 [AsyncHttpClient-1-5] DEBUG org.asynchttpclient.netty.channel.ChannelManager - Adding key: http://localhost:43497 for channel [id: 0x323793c9, L:/127.0.0.1:63420 - R:localhost/127.0.0.1:43497]
22:20:54.647 [Forwarding findElement on session e60882a4c871844debfcbe81b029068d to remote] DEBUG org.asynchttpclient.netty.request.NettyRequestSender - Using pooled Channel '[id: 0x323793c9, L:/127.0.0.1:63420 - R:localhost/127.0.0.1:43497]' for 'POST' to 'http://localhost:43497/session/e60882a4c871844debfcbe81b029068d/element'
22:20:54.647 [Forwarding findElement on session e60882a4c871844debfcbe81b029068d to remote] DEBUG org.asynchttpclient.netty.request.NettyRequestSender - Using open Channel [id: 0x323793c9, L:/127.0.0.1:63420 - R:localhost/127.0.0.1:43497] for POST '/session/e60882a4c871844debfcbe81b029068d/element'
22:20:54.663 [AsyncHttpClient-1-5] DEBUG org.asynchttpclient.netty.handler.HttpHandler - 

Request DefaultHttpRequest(decodeResult: success, version: HTTP/1.1)
POST /session/e60882a4c871844debfcbe81b029068d/element HTTP/1.1
User-Agent: selenium/4.7.1 (java windows)
Content-Length: 72
Content-Type: application/json; charset=utf-8
host: localhost:43497
accept: */*

Response DefaultHttpResponse(decodeResult: success, version: HTTP/1.1)
HTTP/1.1 200 OK
Content-Type: application/json; charset=utf-8
cache-control: no-cache
content-length: 94

22:20:54.663 [AsyncHttpClient-1-5] DEBUG org.asynchttpclient.netty.channel.ChannelManager - Adding key: http://localhost:43497 for channel [id: 0x323793c9, L:/127.0.0.1:63420 - R:localhost/127.0.0.1:43497]
22:20:54.671 [Forwarding clearElement on session e60882a4c871844debfcbe81b029068d to remote] DEBUG org.asynchttpclient.netty.request.NettyRequestSender - Using pooled Channel '[id: 0x323793c9, L:/127.0.0.1:63420 - R:localhost/127.0.0.1:43497]' for 'POST' to 'http://localhost:43497/session/e60882a4c871844debfcbe81b029068d/element/88225E231C65750610109095C4608371_element_7/clear'
22:20:54.671 [Forwarding clearElement on session e60882a4c871844debfcbe81b029068d to remote] DEBUG org.asynchttpclient.netty.request.NettyRequestSender - Using open Channel [id: 0x323793c9, L:/127.0.0.1:63420 - R:localhost/127.0.0.1:43497] for POST '/session/e60882a4c871844debfcbe81b029068d/element/88225E231C65750610109095C4608371_element_7/clear'
22:20:54.711 [AsyncHttpClient-1-5] DEBUG org.asynchttpclient.netty.handler.HttpHandler - 

Request DefaultHttpRequest(decodeResult: success, version: HTTP/1.1)
POST /session/e60882a4c871844debfcbe81b029068d/element/88225E231C65750610109095C4608371_element_7/clear HTTP/1.1
User-Agent: selenium/4.7.1 (java windows)
Content-Length: 56
Content-Type: application/json; charset=utf-8
host: localhost:43497
accept: */*

Response DefaultHttpResponse(decodeResult: success, version: HTTP/1.1)
HTTP/1.1 200 OK
Content-Type: application/json; charset=utf-8
cache-control: no-cache
content-length: 14

22:20:54.711 [AsyncHttpClient-1-5] DEBUG org.asynchttpclient.netty.channel.ChannelManager - Adding key: http://localhost:43497 for channel [id: 0x323793c9, L:/127.0.0.1:63420 - R:localhost/127.0.0.1:43497]
22:20:54.723 [Forwarding sendKeysToElement on session e60882a4c871844debfcbe81b029068d to remote] DEBUG org.asynchttpclient.netty.request.NettyRequestSender - Using pooled Channel '[id: 0x323793c9, L:/127.0.0.1:63420 - R:localhost/127.0.0.1:43497]' for 'POST' to 'http://localhost:43497/session/e60882a4c871844debfcbe81b029068d/element/88225E231C65750610109095C4608371_element_7/value'
22:20:54.723 [Forwarding sendKeysToElement on session e60882a4c871844debfcbe81b029068d to remote] DEBUG org.asynchttpclient.netty.request.NettyRequestSender - Using open Channel [id: 0x323793c9, L:/127.0.0.1:63420 - R:localhost/127.0.0.1:43497] for POST '/session/e60882a4c871844debfcbe81b029068d/element/88225E231C65750610109095C4608371_element_7/value'
22:20:54.792 [AsyncHttpClient-1-5] DEBUG org.asynchttpclient.netty.handler.HttpHandler - 

Request DefaultHttpRequest(decodeResult: success, version: HTTP/1.1)
POST /session/e60882a4c871844debfcbe81b029068d/element/88225E231C65750610109095C4608371_element_7/value HTTP/1.1
User-Agent: selenium/4.7.1 (java windows)
Content-Length: 167
Content-Type: application/json; charset=utf-8
host: localhost:43497
accept: */*

Response DefaultHttpResponse(decodeResult: success, version: HTTP/1.1)
HTTP/1.1 200 OK
Content-Type: application/json; charset=utf-8
cache-control: no-cache
content-length: 14

22:20:54.792 [AsyncHttpClient-1-5] DEBUG org.asynchttpclient.netty.channel.ChannelManager - Adding key: http://localhost:43497 for channel [id: 0x323793c9, L:/127.0.0.1:63420 - R:localhost/127.0.0.1:43497]
22:20:54.808 [Forwarding getCurrentWindowHandle on session e60882a4c871844debfcbe81b029068d to remote] DEBUG org.asynchttpclient.netty.request.NettyRequestSender - Using pooled Channel '[id: 0x323793c9, L:/127.0.0.1:63420 - R:localhost/127.0.0.1:43497]' for 'GET' to 'http://localhost:43497/session/e60882a4c871844debfcbe81b029068d/window'
22:20:54.808 [Forwarding getCurrentWindowHandle on session e60882a4c871844debfcbe81b029068d to remote] DEBUG org.asynchttpclient.netty.request.NettyRequestSender - Using open Channel [id: 0x323793c9, L:/127.0.0.1:63420 - R:localhost/127.0.0.1:43497] for GET '/session/e60882a4c871844debfcbe81b029068d/window'
22:20:54.808 [AsyncHttpClient-1-5] DEBUG org.asynchttpclient.netty.handler.HttpHandler - 

Request DefaultFullHttpRequest(decodeResult: success, version: HTTP/1.1, content: EmptyByteBufBE)
GET /session/e60882a4c871844debfcbe81b029068d/window HTTP/1.1
User-Agent: selenium/4.7.1 (java windows)
Cache-Control: no-cache
Content-Type: application/json; charset=utf-8
host: localhost:43497
accept: */*

Response DefaultHttpResponse(decodeResult: success, version: HTTP/1.1)
HTTP/1.1 200 OK
Content-Type: application/json; charset=utf-8
cache-control: no-cache
content-length: 44

22:20:54.808 [AsyncHttpClient-1-5] DEBUG org.asynchttpclient.netty.channel.ChannelManager - Adding key: http://localhost:43497 for channel [id: 0x323793c9, L:/127.0.0.1:63420 - R:localhost/127.0.0.1:43497]
22:20:54.808 [Forwarding getAlertText on session e60882a4c871844debfcbe81b029068d to remote] DEBUG org.asynchttpclient.netty.request.NettyRequestSender - Using pooled Channel '[id: 0x323793c9, L:/127.0.0.1:63420 - R:localhost/127.0.0.1:43497]' for 'GET' to 'http://localhost:43497/session/e60882a4c871844debfcbe81b029068d/alert/text'
22:20:54.808 [Forwarding getAlertText on session e60882a4c871844debfcbe81b029068d to remote] DEBUG org.asynchttpclient.netty.request.NettyRequestSender - Using open Channel [id: 0x323793c9, L:/127.0.0.1:63420 - R:localhost/127.0.0.1:43497] for GET '/session/e60882a4c871844debfcbe81b029068d/alert/text'
22:20:54.816 [AsyncHttpClient-1-5] DEBUG org.asynchttpclient.netty.handler.HttpHandler - 

Request DefaultFullHttpRequest(decodeResult: success, version: HTTP/1.1, content: EmptyByteBufBE)
GET /session/e60882a4c871844debfcbe81b029068d/alert/text HTTP/1.1
User-Agent: selenium/4.7.1 (java windows)
Cache-Control: no-cache
Content-Type: application/json; charset=utf-8
host: localhost:43497
accept: */*

Response DefaultHttpResponse(decodeResult: success, version: HTTP/1.1)
HTTP/1.1 404 Not Found
Content-Type: application/json; charset=utf-8
cache-control: no-cache
content-length: 821

22:20:54.816 [AsyncHttpClient-1-5] DEBUG org.asynchttpclient.netty.channel.ChannelManager - Adding key: http://localhost:43497 for channel [id: 0x323793c9, L:/127.0.0.1:63420 - R:localhost/127.0.0.1:43497]
22:20:54.816 [Forwarding switchToWindow on session e60882a4c871844debfcbe81b029068d to remote] DEBUG org.asynchttpclient.netty.request.NettyRequestSender - Using pooled Channel '[id: 0x323793c9, L:/127.0.0.1:63420 - R:localhost/127.0.0.1:43497]' for 'POST' to 'http://localhost:43497/session/e60882a4c871844debfcbe81b029068d/window'
22:20:54.816 [Forwarding switchToWindow on session e60882a4c871844debfcbe81b029068d to remote] DEBUG org.asynchttpclient.netty.request.NettyRequestSender - Using open Channel [id: 0x323793c9, L:/127.0.0.1:63420 - R:localhost/127.0.0.1:43497] for POST '/session/e60882a4c871844debfcbe81b029068d/window'
22:20:54.824 [AsyncHttpClient-1-5] DEBUG org.asynchttpclient.netty.handler.HttpHandler - 

Request DefaultHttpRequest(decodeResult: success, version: HTTP/1.1)
POST /session/e60882a4c871844debfcbe81b029068d/window HTTP/1.1
User-Agent: selenium/4.7.1 (java windows)
Content-Length: 50
Content-Type: application/json; charset=utf-8
host: localhost:43497
accept: */*

Response DefaultHttpResponse(decodeResult: success, version: HTTP/1.1)
HTTP/1.1 200 OK
Content-Type: application/json; charset=utf-8
cache-control: no-cache
content-length: 14

22:20:54.824 [AsyncHttpClient-1-5] DEBUG org.asynchttpclient.netty.channel.ChannelManager - Adding key: http://localhost:43497 for channel [id: 0x323793c9, L:/127.0.0.1:63420 - R:localhost/127.0.0.1:43497]
22:20:54.824 [Forwarding getCurrentUrl on session e60882a4c871844debfcbe81b029068d to remote] DEBUG org.asynchttpclient.netty.request.NettyRequestSender - Using pooled Channel '[id: 0x323793c9, L:/127.0.0.1:63420 - R:localhost/127.0.0.1:43497]' for 'GET' to 'http://localhost:43497/session/e60882a4c871844debfcbe81b029068d/url'
22:20:54.824 [Forwarding getCurrentUrl on session e60882a4c871844debfcbe81b029068d to remote] DEBUG org.asynchttpclient.netty.request.NettyRequestSender - Using open Channel [id: 0x323793c9, L:/127.0.0.1:63420 - R:localhost/127.0.0.1:43497] for GET '/session/e60882a4c871844debfcbe81b029068d/url'
22:20:54.833 [AsyncHttpClient-1-5] DEBUG org.asynchttpclient.netty.handler.HttpHandler - 

Request DefaultFullHttpRequest(decodeResult: success, version: HTTP/1.1, content: EmptyByteBufBE)
GET /session/e60882a4c871844debfcbe81b029068d/url HTTP/1.1
User-Agent: selenium/4.7.1 (java windows)
Cache-Control: no-cache
Content-Type: application/json; charset=utf-8
host: localhost:43497
accept: */*

Response DefaultHttpResponse(decodeResult: success, version: HTTP/1.1)
HTTP/1.1 200 OK
Content-Type: application/json; charset=utf-8
cache-control: no-cache
content-length: 51

22:20:54.833 [AsyncHttpClient-1-5] DEBUG org.asynchttpclient.netty.channel.ChannelManager - Adding key: http://localhost:43497 for channel [id: 0x323793c9, L:/127.0.0.1:63420 - R:localhost/127.0.0.1:43497]
22:20:54.833 [Forwarding screenshot on session e60882a4c871844debfcbe81b029068d to remote] DEBUG org.asynchttpclient.netty.request.NettyRequestSender - Using pooled Channel '[id: 0x323793c9, L:/127.0.0.1:63420 - R:localhost/127.0.0.1:43497]' for 'GET' to 'http://localhost:43497/session/e60882a4c871844debfcbe81b029068d/screenshot'
22:20:54.833 [Forwarding screenshot on session e60882a4c871844debfcbe81b029068d to remote] DEBUG org.asynchttpclient.netty.request.NettyRequestSender - Using open Channel [id: 0x323793c9, L:/127.0.0.1:63420 - R:localhost/127.0.0.1:43497] for GET '/session/e60882a4c871844debfcbe81b029068d/screenshot'
22:20:55.001 [AsyncHttpClient-1-5] DEBUG org.asynchttpclient.netty.handler.HttpHandler - 

Request DefaultFullHttpRequest(decodeResult: success, version: HTTP/1.1, content: EmptyByteBufBE)
GET /session/e60882a4c871844debfcbe81b029068d/screenshot HTTP/1.1
User-Agent: selenium/4.7.1 (java windows)
Cache-Control: no-cache
Content-Type: application/json; charset=utf-8
host: localhost:43497
accept: */*

Response DefaultHttpResponse(decodeResult: success, version: HTTP/1.1)
HTTP/1.1 200 OK
Content-Type: application/json; charset=utf-8
cache-control: no-cache
content-length: 192532

22:20:55.009 [AsyncHttpClient-1-5] DEBUG org.asynchttpclient.netty.channel.ChannelManager - Adding key: http://localhost:43497 for channel [id: 0x323793c9, L:/127.0.0.1:63420 - R:localhost/127.0.0.1:43497]
22:20:55.009 [main] DEBUG net.serenitybdd.core.photography.Darkroom - Send negative for processing for target\site\serenity\372cd5eb6808b95fe05dee555d325c4ebd2d128ba4874584201b23a118581cb6.png
22:20:55.017 [main] DEBUG net.thucydides.core.steps.StepInterceptor - STEP DONE: inputfieldpassword
22:20:55.017 [main] DEBUG net.thucydides.core.steps.StepInterceptor - STARTING STEP: TransaksiSteps.adminMelakukanLoginAkun - klikbuttonmasuk
22:20:55.025 [Forwarding findElement on session e60882a4c871844debfcbe81b029068d to remote] DEBUG org.asynchttpclient.netty.request.NettyRequestSender - Using pooled Channel '[id: 0x323793c9, L:/127.0.0.1:63420 - R:localhost/127.0.0.1:43497]' for 'POST' to 'http://localhost:43497/session/e60882a4c871844debfcbe81b029068d/element'
22:20:55.025 [Forwarding findElement on session e60882a4c871844debfcbe81b029068d to remote] DEBUG org.asynchttpclient.netty.request.NettyRequestSender - Using open Channel [id: 0x323793c9, L:/127.0.0.1:63420 - R:localhost/127.0.0.1:43497] for POST '/session/e60882a4c871844debfcbe81b029068d/element'
22:20:55.049 [AsyncHttpClient-1-5] DEBUG org.asynchttpclient.netty.handler.HttpHandler - 

Request DefaultHttpRequest(decodeResult: success, version: HTTP/1.1)
POST /session/e60882a4c871844debfcbe81b029068d/element HTTP/1.1
User-Agent: selenium/4.7.1 (java windows)
Content-Length: 113
Content-Type: application/json; charset=utf-8
host: localhost:43497
accept: */*

Response DefaultHttpResponse(decodeResult: success, version: HTTP/1.1)
HTTP/1.1 200 OK
Content-Type: application/json; charset=utf-8
cache-control: no-cache
content-length: 95

22:20:55.049 [AsyncHttpClient-1-5] DEBUG org.asynchttpclient.netty.channel.ChannelManager - Adding key: http://localhost:43497 for channel [id: 0x323793c9, L:/127.0.0.1:63420 - R:localhost/127.0.0.1:43497]
22:20:55.049 [Forwarding getElementTagName on session e60882a4c871844debfcbe81b029068d to remote] DEBUG org.asynchttpclient.netty.request.NettyRequestSender - Using pooled Channel '[id: 0x323793c9, L:/127.0.0.1:63420 - R:localhost/127.0.0.1:43497]' for 'GET' to 'http://localhost:43497/session/e60882a4c871844debfcbe81b029068d/element/88225E231C65750610109095C4608371_element_12/name'
22:20:55.049 [Forwarding getElementTagName on session e60882a4c871844debfcbe81b029068d to remote] DEBUG org.asynchttpclient.netty.request.NettyRequestSender - Using open Channel [id: 0x323793c9, L:/127.0.0.1:63420 - R:localhost/127.0.0.1:43497] for GET '/session/e60882a4c871844debfcbe81b029068d/element/88225E231C65750610109095C4608371_element_12/name'
22:20:55.057 [AsyncHttpClient-1-5] DEBUG org.asynchttpclient.netty.handler.HttpHandler - 

Request DefaultFullHttpRequest(decodeResult: success, version: HTTP/1.1, content: EmptyByteBufBE)
GET /session/e60882a4c871844debfcbe81b029068d/element/88225E231C65750610109095C4608371_element_12/name HTTP/1.1
User-Agent: selenium/4.7.1 (java windows)
Cache-Control: no-cache
Content-Type: application/json; charset=utf-8
host: localhost:43497
accept: */*

Response DefaultHttpResponse(decodeResult: success, version: HTTP/1.1)
HTTP/1.1 200 OK
Content-Type: application/json; charset=utf-8
cache-control: no-cache
content-length: 18

22:20:55.057 [AsyncHttpClient-1-5] DEBUG org.asynchttpclient.netty.channel.ChannelManager - Adding key: http://localhost:43497 for channel [id: 0x323793c9, L:/127.0.0.1:63420 - R:localhost/127.0.0.1:43497]
22:20:55.065 [Forwarding getElementTagName on session e60882a4c871844debfcbe81b029068d to remote] DEBUG org.asynchttpclient.netty.request.NettyRequestSender - Using pooled Channel '[id: 0x323793c9, L:/127.0.0.1:63420 - R:localhost/127.0.0.1:43497]' for 'GET' to 'http://localhost:43497/session/e60882a4c871844debfcbe81b029068d/element/88225E231C65750610109095C4608371_element_12/name'
22:20:55.065 [Forwarding getElementTagName on session e60882a4c871844debfcbe81b029068d to remote] DEBUG org.asynchttpclient.netty.request.NettyRequestSender - Using open Channel [id: 0x323793c9, L:/127.0.0.1:63420 - R:localhost/127.0.0.1:43497] for GET '/session/e60882a4c871844debfcbe81b029068d/element/88225E231C65750610109095C4608371_element_12/name'
22:20:55.073 [AsyncHttpClient-1-5] DEBUG org.asynchttpclient.netty.handler.HttpHandler - 

Request DefaultFullHttpRequest(decodeResult: success, version: HTTP/1.1, content: EmptyByteBufBE)
GET /session/e60882a4c871844debfcbe81b029068d/element/88225E231C65750610109095C4608371_element_12/name HTTP/1.1
User-Agent: selenium/4.7.1 (java windows)
Cache-Control: no-cache
Content-Type: application/json; charset=utf-8
host: localhost:43497
accept: */*

Response DefaultHttpResponse(decodeResult: success, version: HTTP/1.1)
HTTP/1.1 200 OK
Content-Type: application/json; charset=utf-8
cache-control: no-cache
content-length: 18

22:20:55.073 [AsyncHttpClient-1-5] DEBUG org.asynchttpclient.netty.channel.ChannelManager - Adding key: http://localhost:43497 for channel [id: 0x323793c9, L:/127.0.0.1:63420 - R:localhost/127.0.0.1:43497]
22:20:55.073 [Forwarding isElementEnabled on session e60882a4c871844debfcbe81b029068d to remote] DEBUG org.asynchttpclient.netty.request.NettyRequestSender - Using pooled Channel '[id: 0x323793c9, L:/127.0.0.1:63420 - R:localhost/127.0.0.1:43497]' for 'GET' to 'http://localhost:43497/session/e60882a4c871844debfcbe81b029068d/element/88225E231C65750610109095C4608371_element_12/enabled'
22:20:55.073 [Forwarding isElementEnabled on session e60882a4c871844debfcbe81b029068d to remote] DEBUG org.asynchttpclient.netty.request.NettyRequestSender - Using open Channel [id: 0x323793c9, L:/127.0.0.1:63420 - R:localhost/127.0.0.1:43497] for GET '/session/e60882a4c871844debfcbe81b029068d/element/88225E231C65750610109095C4608371_element_12/enabled'
22:20:55.089 [AsyncHttpClient-1-5] DEBUG org.asynchttpclient.netty.handler.HttpHandler - 

Request DefaultFullHttpRequest(decodeResult: success, version: HTTP/1.1, content: EmptyByteBufBE)
GET /session/e60882a4c871844debfcbe81b029068d/element/88225E231C65750610109095C4608371_element_12/enabled HTTP/1.1
User-Agent: selenium/4.7.1 (java windows)
Cache-Control: no-cache
Content-Type: application/json; charset=utf-8
host: localhost:43497
accept: */*

Response DefaultHttpResponse(decodeResult: success, version: HTTP/1.1)
HTTP/1.1 200 OK
Content-Type: application/json; charset=utf-8
cache-control: no-cache
content-length: 14

22:20:55.089 [AsyncHttpClient-1-5] DEBUG org.asynchttpclient.netty.channel.ChannelManager - Adding key: http://localhost:43497 for channel [id: 0x323793c9, L:/127.0.0.1:63420 - R:localhost/127.0.0.1:43497]
22:20:55.097 [Forwarding isElementEnabled on session e60882a4c871844debfcbe81b029068d to remote] DEBUG org.asynchttpclient.netty.request.NettyRequestSender - Using pooled Channel '[id: 0x323793c9, L:/127.0.0.1:63420 - R:localhost/127.0.0.1:43497]' for 'GET' to 'http://localhost:43497/session/e60882a4c871844debfcbe81b029068d/element/88225E231C65750610109095C4608371_element_12/enabled'
22:20:55.097 [Forwarding isElementEnabled on session e60882a4c871844debfcbe81b029068d to remote] DEBUG org.asynchttpclient.netty.request.NettyRequestSender - Using open Channel [id: 0x323793c9, L:/127.0.0.1:63420 - R:localhost/127.0.0.1:43497] for GET '/session/e60882a4c871844debfcbe81b029068d/element/88225E231C65750610109095C4608371_element_12/enabled'
22:20:55.105 [AsyncHttpClient-1-5] DEBUG org.asynchttpclient.netty.handler.HttpHandler - 

Request DefaultFullHttpRequest(decodeResult: success, version: HTTP/1.1, content: EmptyByteBufBE)
GET /session/e60882a4c871844debfcbe81b029068d/element/88225E231C65750610109095C4608371_element_12/enabled HTTP/1.1
User-Agent: selenium/4.7.1 (java windows)
Cache-Control: no-cache
Content-Type: application/json; charset=utf-8
host: localhost:43497
accept: */*

Response DefaultHttpResponse(decodeResult: success, version: HTTP/1.1)
HTTP/1.1 200 OK
Content-Type: application/json; charset=utf-8
cache-control: no-cache
content-length: 14

22:20:55.105 [AsyncHttpClient-1-5] DEBUG org.asynchttpclient.netty.channel.ChannelManager - Adding key: http://localhost:43497 for channel [id: 0x323793c9, L:/127.0.0.1:63420 - R:localhost/127.0.0.1:43497]
22:20:55.113 [Forwarding findElement on session e60882a4c871844debfcbe81b029068d to remote] DEBUG org.asynchttpclient.netty.request.NettyRequestSender - Using pooled Channel '[id: 0x323793c9, L:/127.0.0.1:63420 - R:localhost/127.0.0.1:43497]' for 'POST' to 'http://localhost:43497/session/e60882a4c871844debfcbe81b029068d/element'
22:20:55.113 [Forwarding findElement on session e60882a4c871844debfcbe81b029068d to remote] DEBUG org.asynchttpclient.netty.request.NettyRequestSender - Using open Channel [id: 0x323793c9, L:/127.0.0.1:63420 - R:localhost/127.0.0.1:43497] for POST '/session/e60882a4c871844debfcbe81b029068d/element'
22:20:55.129 [AsyncHttpClient-1-5] DEBUG org.asynchttpclient.netty.handler.HttpHandler - 

Request DefaultHttpRequest(decodeResult: success, version: HTTP/1.1)
POST /session/e60882a4c871844debfcbe81b029068d/element HTTP/1.1
User-Agent: selenium/4.7.1 (java windows)
Content-Length: 113
Content-Type: application/json; charset=utf-8
host: localhost:43497
accept: */*

Response DefaultHttpResponse(decodeResult: success, version: HTTP/1.1)
HTTP/1.1 200 OK
Content-Type: application/json; charset=utf-8
cache-control: no-cache
content-length: 95

22:20:55.129 [AsyncHttpClient-1-5] DEBUG org.asynchttpclient.netty.channel.ChannelManager - Adding key: http://localhost:43497 for channel [id: 0x323793c9, L:/127.0.0.1:63420 - R:localhost/127.0.0.1:43497]
22:20:55.129 [Forwarding clickElement on session e60882a4c871844debfcbe81b029068d to remote] DEBUG org.asynchttpclient.netty.request.NettyRequestSender - Using pooled Channel '[id: 0x323793c9, L:/127.0.0.1:63420 - R:localhost/127.0.0.1:43497]' for 'POST' to 'http://localhost:43497/session/e60882a4c871844debfcbe81b029068d/element/88225E231C65750610109095C4608371_element_12/click'
22:20:55.129 [Forwarding clickElement on session e60882a4c871844debfcbe81b029068d to remote] DEBUG org.asynchttpclient.netty.request.NettyRequestSender - Using open Channel [id: 0x323793c9, L:/127.0.0.1:63420 - R:localhost/127.0.0.1:43497] for POST '/session/e60882a4c871844debfcbe81b029068d/element/88225E231C65750610109095C4608371_element_12/click'
22:20:55.209 [AsyncHttpClient-1-5] DEBUG org.asynchttpclient.netty.handler.HttpHandler - 

Request DefaultHttpRequest(decodeResult: success, version: HTTP/1.1)
POST /session/e60882a4c871844debfcbe81b029068d/element/88225E231C65750610109095C4608371_element_12/click HTTP/1.1
User-Agent: selenium/4.7.1 (java windows)
Content-Length: 57
Content-Type: application/json; charset=utf-8
host: localhost:43497
accept: */*

Response DefaultHttpResponse(decodeResult: success, version: HTTP/1.1)
HTTP/1.1 200 OK
Content-Type: application/json; charset=utf-8
cache-control: no-cache
content-length: 14

22:20:55.209 [AsyncHttpClient-1-5] DEBUG org.asynchttpclient.netty.channel.ChannelManager - Adding key: http://localhost:43497 for channel [id: 0x323793c9, L:/127.0.0.1:63420 - R:localhost/127.0.0.1:43497]
22:20:55.225 [Forwarding getCurrentWindowHandle on session e60882a4c871844debfcbe81b029068d to remote] DEBUG org.asynchttpclient.netty.request.NettyRequestSender - Using pooled Channel '[id: 0x323793c9, L:/127.0.0.1:63420 - R:localhost/127.0.0.1:43497]' for 'GET' to 'http://localhost:43497/session/e60882a4c871844debfcbe81b029068d/window'
22:20:55.225 [Forwarding getCurrentWindowHandle on session e60882a4c871844debfcbe81b029068d to remote] DEBUG org.asynchttpclient.netty.request.NettyRequestSender - Using open Channel [id: 0x323793c9, L:/127.0.0.1:63420 - R:localhost/127.0.0.1:43497] for GET '/session/e60882a4c871844debfcbe81b029068d/window'
22:20:55.233 [AsyncHttpClient-1-5] DEBUG org.asynchttpclient.netty.handler.HttpHandler - 

Request DefaultFullHttpRequest(decodeResult: success, version: HTTP/1.1, content: EmptyByteBufBE)
GET /session/e60882a4c871844debfcbe81b029068d/window HTTP/1.1
User-Agent: selenium/4.7.1 (java windows)
Cache-Control: no-cache
Content-Type: application/json; charset=utf-8
host: localhost:43497
accept: */*

Response DefaultHttpResponse(decodeResult: success, version: HTTP/1.1)
HTTP/1.1 200 OK
Content-Type: application/json; charset=utf-8
cache-control: no-cache
content-length: 44

22:20:55.233 [AsyncHttpClient-1-5] DEBUG org.asynchttpclient.netty.channel.ChannelManager - Adding key: http://localhost:43497 for channel [id: 0x323793c9, L:/127.0.0.1:63420 - R:localhost/127.0.0.1:43497]
22:20:55.233 [Forwarding getAlertText on session e60882a4c871844debfcbe81b029068d to remote] DEBUG org.asynchttpclient.netty.request.NettyRequestSender - Using pooled Channel '[id: 0x323793c9, L:/127.0.0.1:63420 - R:localhost/127.0.0.1:43497]' for 'GET' to 'http://localhost:43497/session/e60882a4c871844debfcbe81b029068d/alert/text'
22:20:55.233 [Forwarding getAlertText on session e60882a4c871844debfcbe81b029068d to remote] DEBUG org.asynchttpclient.netty.request.NettyRequestSender - Using open Channel [id: 0x323793c9, L:/127.0.0.1:63420 - R:localhost/127.0.0.1:43497] for GET '/session/e60882a4c871844debfcbe81b029068d/alert/text'
22:20:55.241 [AsyncHttpClient-1-5] DEBUG org.asynchttpclient.netty.handler.HttpHandler - 

Request DefaultFullHttpRequest(decodeResult: success, version: HTTP/1.1, content: EmptyByteBufBE)
GET /session/e60882a4c871844debfcbe81b029068d/alert/text HTTP/1.1
User-Agent: selenium/4.7.1 (java windows)
Cache-Control: no-cache
Content-Type: application/json; charset=utf-8
host: localhost:43497
accept: */*

Response DefaultHttpResponse(decodeResult: success, version: HTTP/1.1)
HTTP/1.1 404 Not Found
Content-Type: application/json; charset=utf-8
cache-control: no-cache
content-length: 821

22:20:55.241 [AsyncHttpClient-1-5] DEBUG org.asynchttpclient.netty.channel.ChannelManager - Adding key: http://localhost:43497 for channel [id: 0x323793c9, L:/127.0.0.1:63420 - R:localhost/127.0.0.1:43497]
22:20:55.241 [Forwarding switchToWindow on session e60882a4c871844debfcbe81b029068d to remote] DEBUG org.asynchttpclient.netty.request.NettyRequestSender - Using pooled Channel '[id: 0x323793c9, L:/127.0.0.1:63420 - R:localhost/127.0.0.1:43497]' for 'POST' to 'http://localhost:43497/session/e60882a4c871844debfcbe81b029068d/window'
22:20:55.241 [Forwarding switchToWindow on session e60882a4c871844debfcbe81b029068d to remote] DEBUG org.asynchttpclient.netty.request.NettyRequestSender - Using open Channel [id: 0x323793c9, L:/127.0.0.1:63420 - R:localhost/127.0.0.1:43497] for POST '/session/e60882a4c871844debfcbe81b029068d/window'
22:20:55.249 [AsyncHttpClient-1-5] DEBUG org.asynchttpclient.netty.handler.HttpHandler - 

Request DefaultHttpRequest(decodeResult: success, version: HTTP/1.1)
POST /session/e60882a4c871844debfcbe81b029068d/window HTTP/1.1
User-Agent: selenium/4.7.1 (java windows)
Content-Length: 50
Content-Type: application/json; charset=utf-8
host: localhost:43497
accept: */*

Response DefaultHttpResponse(decodeResult: success, version: HTTP/1.1)
HTTP/1.1 200 OK
Content-Type: application/json; charset=utf-8
cache-control: no-cache
content-length: 14

22:20:55.249 [AsyncHttpClient-1-5] DEBUG org.asynchttpclient.netty.channel.ChannelManager - Adding key: http://localhost:43497 for channel [id: 0x323793c9, L:/127.0.0.1:63420 - R:localhost/127.0.0.1:43497]
22:20:55.249 [Forwarding getCurrentUrl on session e60882a4c871844debfcbe81b029068d to remote] DEBUG org.asynchttpclient.netty.request.NettyRequestSender - Using pooled Channel '[id: 0x323793c9, L:/127.0.0.1:63420 - R:localhost/127.0.0.1:43497]' for 'GET' to 'http://localhost:43497/session/e60882a4c871844debfcbe81b029068d/url'
22:20:55.249 [Forwarding getCurrentUrl on session e60882a4c871844debfcbe81b029068d to remote] DEBUG org.asynchttpclient.netty.request.NettyRequestSender - Using open Channel [id: 0x323793c9, L:/127.0.0.1:63420 - R:localhost/127.0.0.1:43497] for GET '/session/e60882a4c871844debfcbe81b029068d/url'
22:20:55.265 [AsyncHttpClient-1-5] DEBUG org.asynchttpclient.netty.handler.HttpHandler - 

Request DefaultFullHttpRequest(decodeResult: success, version: HTTP/1.1, content: EmptyByteBufBE)
GET /session/e60882a4c871844debfcbe81b029068d/url HTTP/1.1
User-Agent: selenium/4.7.1 (java windows)
Cache-Control: no-cache
Content-Type: application/json; charset=utf-8
host: localhost:43497
accept: */*

Response DefaultHttpResponse(decodeResult: success, version: HTTP/1.1)
HTTP/1.1 200 OK
Content-Type: application/json; charset=utf-8
cache-control: no-cache
content-length: 51

22:20:55.265 [AsyncHttpClient-1-5] DEBUG org.asynchttpclient.netty.channel.ChannelManager - Adding key: http://localhost:43497 for channel [id: 0x323793c9, L:/127.0.0.1:63420 - R:localhost/127.0.0.1:43497]
22:20:55.265 [Forwarding screenshot on session e60882a4c871844debfcbe81b029068d to remote] DEBUG org.asynchttpclient.netty.request.NettyRequestSender - Using pooled Channel '[id: 0x323793c9, L:/127.0.0.1:63420 - R:localhost/127.0.0.1:43497]' for 'GET' to 'http://localhost:43497/session/e60882a4c871844debfcbe81b029068d/screenshot'
22:20:55.265 [Forwarding screenshot on session e60882a4c871844debfcbe81b029068d to remote] DEBUG org.asynchttpclient.netty.request.NettyRequestSender - Using open Channel [id: 0x323793c9, L:/127.0.0.1:63420 - R:localhost/127.0.0.1:43497] for GET '/session/e60882a4c871844debfcbe81b029068d/screenshot'
22:20:55.450 [AsyncHttpClient-1-5] DEBUG org.asynchttpclient.netty.handler.HttpHandler - 

Request DefaultFullHttpRequest(decodeResult: success, version: HTTP/1.1, content: EmptyByteBufBE)
GET /session/e60882a4c871844debfcbe81b029068d/screenshot HTTP/1.1
User-Agent: selenium/4.7.1 (java windows)
Cache-Control: no-cache
Content-Type: application/json; charset=utf-8
host: localhost:43497
accept: */*

Response DefaultHttpResponse(decodeResult: success, version: HTTP/1.1)
HTTP/1.1 200 OK
Content-Type: application/json; charset=utf-8
cache-control: no-cache
content-length: 192552

22:20:55.450 [AsyncHttpClient-1-5] DEBUG org.asynchttpclient.netty.channel.ChannelManager - Adding key: http://localhost:43497 for channel [id: 0x323793c9, L:/127.0.0.1:63420 - R:localhost/127.0.0.1:43497]
22:20:55.466 [main] DEBUG net.serenitybdd.core.photography.Darkroom - Send negative for processing for target\site\serenity\ab83ef727c8b8636b85bbf353969d47359a8f6352e7d8eb02c08c92d6e040239.png
22:20:55.466 [main] DEBUG net.thucydides.core.steps.StepInterceptor - STEP DONE: klikbuttonmasuk
  &amp#27;[32mGiven &amp#27;[0m&amp#27;[32mAdmin melakukan login akun&amp#27;[0m                                                            &amp#27;[90m# starter.stepdefinitions.TransaksiSteps.adminMelakukanLoginAkun()&amp#27;[0m
22:20:55.482 [main] DEBUG net.thucydides.core.steps.StepInterceptor - STARTING STEP: TransaksiSteps.padaBerandaAdminKlikTransaksi - klikmenutransaksi
22:20:55.490 [Forwarding findElement on session e60882a4c871844debfcbe81b029068d to remote] DEBUG org.asynchttpclient.netty.request.NettyRequestSender - Using pooled Channel '[id: 0x323793c9, L:/127.0.0.1:63420 - R:localhost/127.0.0.1:43497]' for 'POST' to 'http://localhost:43497/session/e60882a4c871844debfcbe81b029068d/element'
22:20:55.490 [Forwarding findElement on session e60882a4c871844debfcbe81b029068d to remote] DEBUG org.asynchttpclient.netty.request.NettyRequestSender - Using open Channel [id: 0x323793c9, L:/127.0.0.1:63420 - R:localhost/127.0.0.1:43497] for POST '/session/e60882a4c871844debfcbe81b029068d/element'
22:20:55.514 [AsyncHttpClient-1-1] DEBUG org.asynchttpclient.netty.channel.DefaultChannelPool - Entry count for : http://localhost:63421 : 1
22:20:56.016 [AsyncHttpClient-1-5] DEBUG org.asynchttpclient.netty.handler.HttpHandler - 

Request DefaultHttpRequest(decodeResult: success, version: HTTP/1.1)
POST /session/e60882a4c871844debfcbe81b029068d/element HTTP/1.1
User-Agent: selenium/4.7.1 (java windows)
Content-Length: 81
Content-Type: application/json; charset=utf-8
host: localhost:43497
accept: */*

Response DefaultHttpResponse(decodeResult: success, version: HTTP/1.1)
HTTP/1.1 200 OK
Content-Type: application/json; charset=utf-8
cache-control: no-cache
content-length: 95

22:20:56.016 [AsyncHttpClient-1-5] DEBUG org.asynchttpclient.netty.channel.ChannelManager - Adding key: http://localhost:43497 for channel [id: 0x323793c9, L:/127.0.0.1:63420 - R:localhost/127.0.0.1:43497]
22:20:56.016 [Forwarding getElementTagName on session e60882a4c871844debfcbe81b029068d to remote] DEBUG org.asynchttpclient.netty.request.NettyRequestSender - Using pooled Channel '[id: 0x323793c9, L:/127.0.0.1:63420 - R:localhost/127.0.0.1:43497]' for 'GET' to 'http://localhost:43497/session/e60882a4c871844debfcbe81b029068d/element/88225E231C65750610109095C4608371_element_19/name'
22:20:56.016 [Forwarding getElementTagName on session e60882a4c871844debfcbe81b029068d to remote] DEBUG org.asynchttpclient.netty.request.NettyRequestSender - Using open Channel [id: 0x323793c9, L:/127.0.0.1:63420 - R:localhost/127.0.0.1:43497] for GET '/session/e60882a4c871844debfcbe81b029068d/element/88225E231C65750610109095C4608371_element_19/name'
22:20:56.121 [AsyncHttpClient-1-5] DEBUG org.asynchttpclient.netty.handler.HttpHandler - 

Request DefaultFullHttpRequest(decodeResult: success, version: HTTP/1.1, content: EmptyByteBufBE)
GET /session/e60882a4c871844debfcbe81b029068d/element/88225E231C65750610109095C4608371_element_19/name HTTP/1.1
User-Agent: selenium/4.7.1 (java windows)
Cache-Control: no-cache
Content-Type: application/json; charset=utf-8
host: localhost:43497
accept: */*

Response DefaultHttpResponse(decodeResult: success, version: HTTP/1.1)
HTTP/1.1 200 OK
Content-Type: application/json; charset=utf-8
cache-control: no-cache
content-length: 13

22:20:56.121 [AsyncHttpClient-1-5] DEBUG org.asynchttpclient.netty.channel.ChannelManager - Adding key: http://localhost:43497 for channel [id: 0x323793c9, L:/127.0.0.1:63420 - R:localhost/127.0.0.1:43497]
22:20:56.121 [Forwarding getElementTagName on session e60882a4c871844debfcbe81b029068d to remote] DEBUG org.asynchttpclient.netty.request.NettyRequestSender - Using pooled Channel '[id: 0x323793c9, L:/127.0.0.1:63420 - R:localhost/127.0.0.1:43497]' for 'GET' to 'http://localhost:43497/session/e60882a4c871844debfcbe81b029068d/element/88225E231C65750610109095C4608371_element_19/name'
22:20:56.121 [Forwarding getElementTagName on session e60882a4c871844debfcbe81b029068d to remote] DEBUG org.asynchttpclient.netty.request.NettyRequestSender - Using open Channel [id: 0x323793c9, L:/127.0.0.1:63420 - R:localhost/127.0.0.1:43497] for GET '/session/e60882a4c871844debfcbe81b029068d/element/88225E231C65750610109095C4608371_element_19/name'
22:20:56.137 [AsyncHttpClient-1-5] DEBUG org.asynchttpclient.netty.handler.HttpHandler - 

Request DefaultFullHttpRequest(decodeResult: success, version: HTTP/1.1, content: EmptyByteBufBE)
GET /session/e60882a4c871844debfcbe81b029068d/element/88225E231C65750610109095C4608371_element_19/name HTTP/1.1
User-Agent: selenium/4.7.1 (java windows)
Cache-Control: no-cache
Content-Type: application/json; charset=utf-8
host: localhost:43497
accept: */*

Response DefaultHttpResponse(decodeResult: success, version: HTTP/1.1)
HTTP/1.1 200 OK
Content-Type: application/json; charset=utf-8
cache-control: no-cache
content-length: 13

22:20:56.137 [AsyncHttpClient-1-5] DEBUG org.asynchttpclient.netty.channel.ChannelManager - Adding key: http://localhost:43497 for channel [id: 0x323793c9, L:/127.0.0.1:63420 - R:localhost/127.0.0.1:43497]
22:20:56.137 [Forwarding findElement on session e60882a4c871844debfcbe81b029068d to remote] DEBUG org.asynchttpclient.netty.request.NettyRequestSender - Using pooled Channel '[id: 0x323793c9, L:/127.0.0.1:63420 - R:localhost/127.0.0.1:43497]' for 'POST' to 'http://localhost:43497/session/e60882a4c871844debfcbe81b029068d/element'
22:20:56.137 [Forwarding findElement on session e60882a4c871844debfcbe81b029068d to remote] DEBUG org.asynchttpclient.netty.request.NettyRequestSender - Using open Channel [id: 0x323793c9, L:/127.0.0.1:63420 - R:localhost/127.0.0.1:43497] for POST '/session/e60882a4c871844debfcbe81b029068d/element'
22:20:56.161 [AsyncHttpClient-1-5] DEBUG org.asynchttpclient.netty.handler.HttpHandler - 

Request DefaultHttpRequest(decodeResult: success, version: HTTP/1.1)
POST /session/e60882a4c871844debfcbe81b029068d/element HTTP/1.1
User-Agent: selenium/4.7.1 (java windows)
Content-Length: 81
Content-Type: application/json; charset=utf-8
host: localhost:43497
accept: */*

Response DefaultHttpResponse(decodeResult: success, version: HTTP/1.1)
HTTP/1.1 200 OK
Content-Type: application/json; charset=utf-8
cache-control: no-cache
content-length: 95

22:20:56.161 [AsyncHttpClient-1-5] DEBUG org.asynchttpclient.netty.channel.ChannelManager - Adding key: http://localhost:43497 for channel [id: 0x323793c9, L:/127.0.0.1:63420 - R:localhost/127.0.0.1:43497]
22:20:56.161 [Forwarding clickElement on session e60882a4c871844debfcbe81b029068d to remote] DEBUG org.asynchttpclient.netty.request.NettyRequestSender - Using pooled Channel '[id: 0x323793c9, L:/127.0.0.1:63420 - R:localhost/127.0.0.1:43497]' for 'POST' to 'http://localhost:43497/session/e60882a4c871844debfcbe81b029068d/element/88225E231C65750610109095C4608371_element_19/click'
22:20:56.161 [Forwarding clickElement on session e60882a4c871844debfcbe81b029068d to remote] DEBUG org.asynchttpclient.netty.request.NettyRequestSender - Using open Channel [id: 0x323793c9, L:/127.0.0.1:63420 - R:localhost/127.0.0.1:43497] for POST '/session/e60882a4c871844debfcbe81b029068d/element/88225E231C65750610109095C4608371_element_19/click'
22:20:56.612 [AsyncHttpClient-1-1] DEBUG org.asynchttpclient.netty.channel.DefaultChannelPool - Entry count for : http://localhost:63421 : 1
22:20:57.296 [AsyncHttpClient-1-5] DEBUG org.asynchttpclient.netty.handler.HttpHandler - 

Request DefaultHttpRequest(decodeResult: success, version: HTTP/1.1)
POST /session/e60882a4c871844debfcbe81b029068d/element/88225E231C65750610109095C4608371_element_19/click HTTP/1.1
User-Agent: selenium/4.7.1 (java windows)
Content-Length: 57
Content-Type: application/json; charset=utf-8
host: localhost:43497
accept: */*

Response DefaultHttpResponse(decodeResult: success, version: HTTP/1.1)
HTTP/1.1 400 Bad Request
Content-Type: application/json; charset=utf-8
cache-control: no-cache
content-length: 1259

22:20:57.296 [AsyncHttpClient-1-5] DEBUG org.asynchttpclient.netty.channel.ChannelManager - Adding key: http://localhost:43497 for channel [id: 0x323793c9, L:/127.0.0.1:63420 - R:localhost/127.0.0.1:43497]
22:20:57.554 [Forwarding clickElement on session e60882a4c871844debfcbe81b029068d to remote] DEBUG org.asynchttpclient.netty.request.NettyRequestSender - Using pooled Channel '[id: 0x323793c9, L:/127.0.0.1:63420 - R:localhost/127.0.0.1:43497]' for 'POST' to 'http://localhost:43497/session/e60882a4c871844debfcbe81b029068d/element/88225E231C65750610109095C4608371_element_19/click'
22:20:57.554 [Forwarding clickElement on session e60882a4c871844debfcbe81b029068d to remote] DEBUG org.asynchttpclient.netty.request.NettyRequestSender - Using open Channel [id: 0x323793c9, L:/127.0.0.1:63420 - R:localhost/127.0.0.1:43497] for POST '/session/e60882a4c871844debfcbe81b029068d/element/88225E231C65750610109095C4608371_element_19/click'
22:20:57.722 [AsyncHttpClient-1-1] DEBUG org.asynchttpclient.netty.channel.DefaultChannelPool - Entry count for : http://localhost:63421 : 1
22:20:58.628 [AsyncHttpClient-1-5] DEBUG org.asynchttpclient.netty.handler.HttpHandler - 

Request DefaultHttpRequest(decodeResult: success, version: HTTP/1.1)
POST /session/e60882a4c871844debfcbe81b029068d/element/88225E231C65750610109095C4608371_element_19/click HTTP/1.1
User-Agent: selenium/4.7.1 (java windows)
Content-Length: 57
Content-Type: application/json; charset=utf-8
host: localhost:43497
accept: */*

Response DefaultHttpResponse(decodeResult: success, version: HTTP/1.1)
HTTP/1.1 400 Bad Request
Content-Type: application/json; charset=utf-8
cache-control: no-cache
content-length: 1259

22:20:58.628 [AsyncHttpClient-1-5] DEBUG org.asynchttpclient.netty.channel.ChannelManager - Adding key: http://localhost:43497 for channel [id: 0x323793c9, L:/127.0.0.1:63420 - R:localhost/127.0.0.1:43497]
22:20:58.820 [AsyncHttpClient-1-1] DEBUG org.asynchttpclient.netty.channel.DefaultChannelPool - Entry count for : http://localhost:63421 : 1
22:20:58.820 [AsyncHttpClient-1-1] DEBUG org.asynchttpclient.netty.channel.DefaultChannelPool - Entry count for : http://localhost:43497 : 1
22:20:58.884 [Forwarding clickElement on session e60882a4c871844debfcbe81b029068d to remote] DEBUG org.asynchttpclient.netty.request.NettyRequestSender - Using pooled Channel '[id: 0x323793c9, L:/127.0.0.1:63420 - R:localhost/127.0.0.1:43497]' for 'POST' to 'http://localhost:43497/session/e60882a4c871844debfcbe81b029068d/element/88225E231C65750610109095C4608371_element_19/click'
22:20:58.884 [Forwarding clickElement on session e60882a4c871844debfcbe81b029068d to remote] DEBUG org.asynchttpclient.netty.request.NettyRequestSender - Using open Channel [id: 0x323793c9, L:/127.0.0.1:63420 - R:localhost/127.0.0.1:43497] for POST '/session/e60882a4c871844debfcbe81b029068d/element/88225E231C65750610109095C4608371_element_19/click'
22:20:59.109 [AsyncHttpClient-1-5] DEBUG org.asynchttpclient.netty.handler.HttpHandler - 

Request DefaultHttpRequest(decodeResult: success, version: HTTP/1.1)
POST /session/e60882a4c871844debfcbe81b029068d/element/88225E231C65750610109095C4608371_element_19/click HTTP/1.1
User-Agent: selenium/4.7.1 (java windows)
Content-Length: 57
Content-Type: application/json; charset=utf-8
host: localhost:43497
accept: */*

Response DefaultHttpResponse(decodeResult: success, version: HTTP/1.1)
HTTP/1.1 200 OK
Content-Type: application/json; charset=utf-8
cache-control: no-cache
content-length: 14

22:20:59.110 [AsyncHttpClient-1-5] DEBUG org.asynchttpclient.netty.channel.ChannelManager - Adding key: http://localhost:43497 for channel [id: 0x323793c9, L:/127.0.0.1:63420 - R:localhost/127.0.0.1:43497]
22:20:59.121 [Forwarding getCurrentWindowHandle on session e60882a4c871844debfcbe81b029068d to remote] DEBUG org.asynchttpclient.netty.request.NettyRequestSender - Using pooled Channel '[id: 0x323793c9, L:/127.0.0.1:63420 - R:localhost/127.0.0.1:43497]' for 'GET' to 'http://localhost:43497/session/e60882a4c871844debfcbe81b029068d/window'
22:20:59.121 [Forwarding getCurrentWindowHandle on session e60882a4c871844debfcbe81b029068d to remote] DEBUG org.asynchttpclient.netty.request.NettyRequestSender - Using open Channel [id: 0x323793c9, L:/127.0.0.1:63420 - R:localhost/127.0.0.1:43497] for GET '/session/e60882a4c871844debfcbe81b029068d/window'
22:20:59.121 [AsyncHttpClient-1-5] DEBUG org.asynchttpclient.netty.handler.HttpHandler - 

Request DefaultFullHttpRequest(decodeResult: success, version: HTTP/1.1, content: EmptyByteBufBE)
GET /session/e60882a4c871844debfcbe81b029068d/window HTTP/1.1
User-Agent: selenium/4.7.1 (java windows)
Cache-Control: no-cache
Content-Type: application/json; charset=utf-8
host: localhost:43497
accept: */*

Response DefaultHttpResponse(decodeResult: success, version: HTTP/1.1)
HTTP/1.1 200 OK
Content-Type: application/json; charset=utf-8
cache-control: no-cache
content-length: 44

22:20:59.121 [AsyncHttpClient-1-5] DEBUG org.asynchttpclient.netty.channel.ChannelManager - Adding key: http://localhost:43497 for channel [id: 0x323793c9, L:/127.0.0.1:63420 - R:localhost/127.0.0.1:43497]
22:20:59.129 [Forwarding getAlertText on session e60882a4c871844debfcbe81b029068d to remote] DEBUG org.asynchttpclient.netty.request.NettyRequestSender - Using pooled Channel '[id: 0x323793c9, L:/127.0.0.1:63420 - R:localhost/127.0.0.1:43497]' for 'GET' to 'http://localhost:43497/session/e60882a4c871844debfcbe81b029068d/alert/text'
22:20:59.129 [Forwarding getAlertText on session e60882a4c871844debfcbe81b029068d to remote] DEBUG org.asynchttpclient.netty.request.NettyRequestSender - Using open Channel [id: 0x323793c9, L:/127.0.0.1:63420 - R:localhost/127.0.0.1:43497] for GET '/session/e60882a4c871844debfcbe81b029068d/alert/text'
22:20:59.129 [AsyncHttpClient-1-5] DEBUG org.asynchttpclient.netty.handler.HttpHandler - 

Request DefaultFullHttpRequest(decodeResult: success, version: HTTP/1.1, content: EmptyByteBufBE)
GET /session/e60882a4c871844debfcbe81b029068d/alert/text HTTP/1.1
User-Agent: selenium/4.7.1 (java windows)
Cache-Control: no-cache
Content-Type: application/json; charset=utf-8
host: localhost:43497
accept: */*

Response DefaultHttpResponse(decodeResult: success, version: HTTP/1.1)
HTTP/1.1 404 Not Found
Content-Type: application/json; charset=utf-8
cache-control: no-cache
content-length: 821

22:20:59.129 [AsyncHttpClient-1-5] DEBUG org.asynchttpclient.netty.channel.ChannelManager - Adding key: http://localhost:43497 for channel [id: 0x323793c9, L:/127.0.0.1:63420 - R:localhost/127.0.0.1:43497]
22:20:59.137 [Forwarding switchToWindow on session e60882a4c871844debfcbe81b029068d to remote] DEBUG org.asynchttpclient.netty.request.NettyRequestSender - Using pooled Channel '[id: 0x323793c9, L:/127.0.0.1:63420 - R:localhost/127.0.0.1:43497]' for 'POST' to 'http://localhost:43497/session/e60882a4c871844debfcbe81b029068d/window'
22:20:59.137 [Forwarding switchToWindow on session e60882a4c871844debfcbe81b029068d to remote] DEBUG org.asynchttpclient.netty.request.NettyRequestSender - Using open Channel [id: 0x323793c9, L:/127.0.0.1:63420 - R:localhost/127.0.0.1:43497] for POST '/session/e60882a4c871844debfcbe81b029068d/window'
22:20:59.137 [AsyncHttpClient-1-5] DEBUG org.asynchttpclient.netty.handler.HttpHandler - 

Request DefaultHttpRequest(decodeResult: success, version: HTTP/1.1)
POST /session/e60882a4c871844debfcbe81b029068d/window HTTP/1.1
User-Agent: selenium/4.7.1 (java windows)
Content-Length: 50
Content-Type: application/json; charset=utf-8
host: localhost:43497
accept: */*

Response DefaultHttpResponse(decodeResult: success, version: HTTP/1.1)
HTTP/1.1 200 OK
Content-Type: application/json; charset=utf-8
cache-control: no-cache
content-length: 14

22:20:59.137 [AsyncHttpClient-1-5] DEBUG org.asynchttpclient.netty.channel.ChannelManager - Adding key: http://localhost:43497 for channel [id: 0x323793c9, L:/127.0.0.1:63420 - R:localhost/127.0.0.1:43497]
22:20:59.145 [Forwarding getCurrentUrl on session e60882a4c871844debfcbe81b029068d to remote] DEBUG org.asynchttpclient.netty.request.NettyRequestSender - Using pooled Channel '[id: 0x323793c9, L:/127.0.0.1:63420 - R:localhost/127.0.0.1:43497]' for 'GET' to 'http://localhost:43497/session/e60882a4c871844debfcbe81b029068d/url'
22:20:59.145 [Forwarding getCurrentUrl on session e60882a4c871844debfcbe81b029068d to remote] DEBUG org.asynchttpclient.netty.request.NettyRequestSender - Using open Channel [id: 0x323793c9, L:/127.0.0.1:63420 - R:localhost/127.0.0.1:43497] for GET '/session/e60882a4c871844debfcbe81b029068d/url'
22:20:59.193 [AsyncHttpClient-1-5] DEBUG org.asynchttpclient.netty.handler.HttpHandler - 

Request DefaultFullHttpRequest(decodeResult: success, version: HTTP/1.1, content: EmptyByteBufBE)
GET /session/e60882a4c871844debfcbe81b029068d/url HTTP/1.1
User-Agent: selenium/4.7.1 (java windows)
Cache-Control: no-cache
Content-Type: application/json; charset=utf-8
host: localhost:43497
accept: */*

Response DefaultHttpResponse(decodeResult: success, version: HTTP/1.1)
HTTP/1.1 200 OK
Content-Type: application/json; charset=utf-8
cache-control: no-cache
content-length: 55

22:20:59.193 [AsyncHttpClient-1-5] DEBUG org.asynchttpclient.netty.channel.ChannelManager - Adding key: http://localhost:43497 for channel [id: 0x323793c9, L:/127.0.0.1:63420 - R:localhost/127.0.0.1:43497]
22:20:59.193 [Forwarding screenshot on session e60882a4c871844debfcbe81b029068d to remote] DEBUG org.asynchttpclient.netty.request.NettyRequestSender - Using pooled Channel '[id: 0x323793c9, L:/127.0.0.1:63420 - R:localhost/127.0.0.1:43497]' for 'GET' to 'http://localhost:43497/session/e60882a4c871844debfcbe81b029068d/screenshot'
22:20:59.193 [Forwarding screenshot on session e60882a4c871844debfcbe81b029068d to remote] DEBUG org.asynchttpclient.netty.request.NettyRequestSender - Using open Channel [id: 0x323793c9, L:/127.0.0.1:63420 - R:localhost/127.0.0.1:43497] for GET '/session/e60882a4c871844debfcbe81b029068d/screenshot'
22:20:59.324 [AsyncHttpClient-1-5] DEBUG org.asynchttpclient.netty.handler.HttpHandler - 

Request DefaultFullHttpRequest(decodeResult: success, version: HTTP/1.1, content: EmptyByteBufBE)
GET /session/e60882a4c871844debfcbe81b029068d/screenshot HTTP/1.1
User-Agent: selenium/4.7.1 (java windows)
Cache-Control: no-cache
Content-Type: application/json; charset=utf-8
host: localhost:43497
accept: */*

Response DefaultHttpResponse(decodeResult: success, version: HTTP/1.1)
HTTP/1.1 200 OK
Content-Type: application/json; charset=utf-8
cache-control: no-cache
content-length: 101080

22:20:59.324 [AsyncHttpClient-1-5] DEBUG org.asynchttpclient.netty.channel.ChannelManager - Adding key: http://localhost:43497 for channel [id: 0x323793c9, L:/127.0.0.1:63420 - R:localhost/127.0.0.1:43497]
22:20:59.328 [main] DEBUG net.serenitybdd.core.photography.Darkroom - Send negative for processing for target\site\serenity\baf946c982829216caeb78e3dced4476ef408887253d23b13cdb1def9df6eb05.png
22:20:59.328 [main] DEBUG net.thucydides.core.steps.StepInterceptor - STEP DONE: klikmenutransaksi
22:20:59.328 [Darkroom Processing Line] DEBUG net.serenitybdd.core.photography.DarkroomProcessingLine - Processing screenshot image in /var/screenshots/screenshot-7268052127420964794
22:20:59.328 [Darkroom Processing Line] DEBUG net.serenitybdd.core.photography.DarkroomProcessingLine - Saving screenshot to target\site\serenity\baf946c982829216caeb78e3dced4476ef408887253d23b13cdb1def9df6eb05.png
  &amp#27;[32mWhen &amp#27;[0m&amp#27;[32mPada Beranda, Admin klik Transaksi&amp#27;[0m                                                     &amp#27;[90m# starter.stepdefinitions.TransaksiSteps.padaBerandaAdminKlikTransaksi()&amp#27;[0m
22:20:59.348 [main] DEBUG net.thucydides.core.steps.StepInterceptor - STARTING STEP: TransaksiSteps.adminKlikSelesai - pilihitemselesai
22:20:59.356 [Forwarding findElement on session e60882a4c871844debfcbe81b029068d to remote] DEBUG org.asynchttpclient.netty.request.NettyRequestSender - Using pooled Channel '[id: 0x323793c9, L:/127.0.0.1:63420 - R:localhost/127.0.0.1:43497]' for 'POST' to 'http://localhost:43497/session/e60882a4c871844debfcbe81b029068d/element'
22:20:59.356 [Forwarding findElement on session e60882a4c871844debfcbe81b029068d to remote] DEBUG org.asynchttpclient.netty.request.NettyRequestSender - Using open Channel [id: 0x323793c9, L:/127.0.0.1:63420 - R:localhost/127.0.0.1:43497] for POST '/session/e60882a4c871844debfcbe81b029068d/element'
22:20:59.920 [AsyncHttpClient-1-1] DEBUG org.asynchttpclient.netty.channel.DefaultChannelPool - Entry count for : http://localhost:63421 : 1
22:21:01.011 [AsyncHttpClient-1-1] DEBUG org.asynchttpclient.netty.channel.DefaultChannelPool - Entry count for : http://localhost:63421 : 1
22:21:01.403 [AsyncHttpClient-1-5] DEBUG org.asynchttpclient.netty.handler.HttpHandler - 

Request DefaultHttpRequest(decodeResult: success, version: HTTP/1.1)
POST /session/e60882a4c871844debfcbe81b029068d/element HTTP/1.1
User-Agent: selenium/4.7.1 (java windows)
Content-Length: 92
Content-Type: application/json; charset=utf-8
host: localhost:43497
accept: */*

Response DefaultHttpResponse(decodeResult: success, version: HTTP/1.1)
HTTP/1.1 404 Not Found
Content-Type: application/json; charset=utf-8
cache-control: no-cache
content-length: 966

22:21:01.403 [AsyncHttpClient-1-5] DEBUG org.asynchttpclient.netty.channel.ChannelManager - Adding key: http://localhost:43497 for channel [id: 0x323793c9, L:/127.0.0.1:63420 - R:localhost/127.0.0.1:43497]
22:21:01.513 [Forwarding findElement on session e60882a4c871844debfcbe81b029068d to remote] DEBUG org.asynchttpclient.netty.request.NettyRequestSender - Using pooled Channel '[id: 0x323793c9, L:/127.0.0.1:63420 - R:localhost/127.0.0.1:43497]' for 'POST' to 'http://localhost:43497/session/e60882a4c871844debfcbe81b029068d/element'
22:21:01.513 [Forwarding findElement on session e60882a4c871844debfcbe81b029068d to remote] DEBUG org.asynchttpclient.netty.request.NettyRequestSender - Using open Channel [id: 0x323793c9, L:/127.0.0.1:63420 - R:localhost/127.0.0.1:43497] for POST '/session/e60882a4c871844debfcbe81b029068d/element'
22:21:02.117 [AsyncHttpClient-1-1] DEBUG org.asynchttpclient.netty.channel.DefaultChannelPool - Entry count for : http://localhost:63421 : 1
22:21:03.217 [AsyncHttpClient-1-1] DEBUG org.asynchttpclient.netty.channel.DefaultChannelPool - Entry count for : http://localhost:63421 : 1
22:21:03.577 [AsyncHttpClient-1-5] DEBUG org.asynchttpclient.netty.handler.HttpHandler - 

Request DefaultHttpRequest(decodeResult: success, version: HTTP/1.1)
POST /session/e60882a4c871844debfcbe81b029068d/element HTTP/1.1
User-Agent: selenium/4.7.1 (java windows)
Content-Length: 92
Content-Type: application/json; charset=utf-8
host: localhost:43497
accept: */*

Response DefaultHttpResponse(decodeResult: success, version: HTTP/1.1)
HTTP/1.1 404 Not Found
Content-Type: application/json; charset=utf-8
cache-control: no-cache
content-length: 966

22:21:03.577 [AsyncHttpClient-1-5] DEBUG org.asynchttpclient.netty.channel.ChannelManager - Adding key: http://localhost:43497 for channel [id: 0x323793c9, L:/127.0.0.1:63420 - R:localhost/127.0.0.1:43497]
22:21:03.689 [Forwarding findElement on session e60882a4c871844debfcbe81b029068d to remote] DEBUG org.asynchttpclient.netty.request.NettyRequestSender - Using pooled Channel '[id: 0x323793c9, L:/127.0.0.1:63420 - R:localhost/127.0.0.1:43497]' for 'POST' to 'http://localhost:43497/session/e60882a4c871844debfcbe81b029068d/element'
22:21:03.689 [Forwarding findElement on session e60882a4c871844debfcbe81b029068d to remote] DEBUG org.asynchttpclient.netty.request.NettyRequestSender - Using open Channel [id: 0x323793c9, L:/127.0.0.1:63420 - R:localhost/127.0.0.1:43497] for POST '/session/e60882a4c871844debfcbe81b029068d/element'
22:21:04.311 [AsyncHttpClient-1-1] DEBUG org.asynchttpclient.netty.channel.DefaultChannelPool - Entry count for : http://localhost:63421 : 1
22:21:05.413 [AsyncHttpClient-1-1] DEBUG org.asynchttpclient.netty.channel.DefaultChannelPool - Entry count for : http://localhost:63421 : 1
22:21:05.734 [AsyncHttpClient-1-5] DEBUG org.asynchttpclient.netty.handler.HttpHandler - 

Request DefaultHttpRequest(decodeResult: success, version: HTTP/1.1)
POST /session/e60882a4c871844debfcbe81b029068d/element HTTP/1.1
User-Agent: selenium/4.7.1 (java windows)
Content-Length: 92
Content-Type: application/json; charset=utf-8
host: localhost:43497
accept: */*

Response DefaultHttpResponse(decodeResult: success, version: HTTP/1.1)
HTTP/1.1 404 Not Found
Content-Type: application/json; charset=utf-8
cache-control: no-cache
content-length: 966

22:21:05.734 [AsyncHttpClient-1-5] DEBUG org.asynchttpclient.netty.channel.ChannelManager - Adding key: http://localhost:43497 for channel [id: 0x323793c9, L:/127.0.0.1:63420 - R:localhost/127.0.0.1:43497]
22:21:05.742 [Forwarding getCurrentWindowHandle on session e60882a4c871844debfcbe81b029068d to remote] DEBUG org.asynchttpclient.netty.request.NettyRequestSender - Using pooled Channel '[id: 0x323793c9, L:/127.0.0.1:63420 - R:localhost/127.0.0.1:43497]' for 'GET' to 'http://localhost:43497/session/e60882a4c871844debfcbe81b029068d/window'
22:21:05.742 [Forwarding getCurrentWindowHandle on session e60882a4c871844debfcbe81b029068d to remote] DEBUG org.asynchttpclient.netty.request.NettyRequestSender - Using open Channel [id: 0x323793c9, L:/127.0.0.1:63420 - R:localhost/127.0.0.1:43497] for GET '/session/e60882a4c871844debfcbe81b029068d/window'
22:21:05.750 [AsyncHttpClient-1-5] DEBUG org.asynchttpclient.netty.handler.HttpHandler - 

Request DefaultFullHttpRequest(decodeResult: success, version: HTTP/1.1, content: EmptyByteBufBE)
GET /session/e60882a4c871844debfcbe81b029068d/window HTTP/1.1
User-Agent: selenium/4.7.1 (java windows)
Cache-Control: no-cache
Content-Type: application/json; charset=utf-8
host: localhost:43497
accept: */*

Response DefaultHttpResponse(decodeResult: success, version: HTTP/1.1)
HTTP/1.1 200 OK
Content-Type: application/json; charset=utf-8
cache-control: no-cache
content-length: 44

22:21:05.750 [AsyncHttpClient-1-5] DEBUG org.asynchttpclient.netty.channel.ChannelManager - Adding key: http://localhost:43497 for channel [id: 0x323793c9, L:/127.0.0.1:63420 - R:localhost/127.0.0.1:43497]
22:21:05.750 [Forwarding getAlertText on session e60882a4c871844debfcbe81b029068d to remote] DEBUG org.asynchttpclient.netty.request.NettyRequestSender - Using pooled Channel '[id: 0x323793c9, L:/127.0.0.1:63420 - R:localhost/127.0.0.1:43497]' for 'GET' to 'http://localhost:43497/session/e60882a4c871844debfcbe81b029068d/alert/text'
22:21:05.750 [Forwarding getAlertText on session e60882a4c871844debfcbe81b029068d to remote] DEBUG org.asynchttpclient.netty.request.NettyRequestSender - Using open Channel [id: 0x323793c9, L:/127.0.0.1:63420 - R:localhost/127.0.0.1:43497] for GET '/session/e60882a4c871844debfcbe81b029068d/alert/text'
22:21:05.750 [AsyncHttpClient-1-5] DEBUG org.asynchttpclient.netty.handler.HttpHandler - 

Request DefaultFullHttpRequest(decodeResult: success, version: HTTP/1.1, content: EmptyByteBufBE)
GET /session/e60882a4c871844debfcbe81b029068d/alert/text HTTP/1.1
User-Agent: selenium/4.7.1 (java windows)
Cache-Control: no-cache
Content-Type: application/json; charset=utf-8
host: localhost:43497
accept: */*

Response DefaultHttpResponse(decodeResult: success, version: HTTP/1.1)
HTTP/1.1 404 Not Found
Content-Type: application/json; charset=utf-8
cache-control: no-cache
content-length: 821

22:21:05.750 [AsyncHttpClient-1-5] DEBUG org.asynchttpclient.netty.channel.ChannelManager - Adding key: http://localhost:43497 for channel [id: 0x323793c9, L:/127.0.0.1:63420 - R:localhost/127.0.0.1:43497]
22:21:05.758 [Forwarding switchToWindow on session e60882a4c871844debfcbe81b029068d to remote] DEBUG org.asynchttpclient.netty.request.NettyRequestSender - Using pooled Channel '[id: 0x323793c9, L:/127.0.0.1:63420 - R:localhost/127.0.0.1:43497]' for 'POST' to 'http://localhost:43497/session/e60882a4c871844debfcbe81b029068d/window'
22:21:05.758 [Forwarding switchToWindow on session e60882a4c871844debfcbe81b029068d to remote] DEBUG org.asynchttpclient.netty.request.NettyRequestSender - Using open Channel [id: 0x323793c9, L:/127.0.0.1:63420 - R:localhost/127.0.0.1:43497] for POST '/session/e60882a4c871844debfcbe81b029068d/window'
22:21:05.760 [AsyncHttpClient-1-5] DEBUG org.asynchttpclient.netty.handler.HttpHandler - 

Request DefaultHttpRequest(decodeResult: success, version: HTTP/1.1)
POST /session/e60882a4c871844debfcbe81b029068d/window HTTP/1.1
User-Agent: selenium/4.7.1 (java windows)
Content-Length: 50
Content-Type: application/json; charset=utf-8
host: localhost:43497
accept: */*

Response DefaultHttpResponse(decodeResult: success, version: HTTP/1.1)
HTTP/1.1 200 OK
Content-Type: application/json; charset=utf-8
cache-control: no-cache
content-length: 14

22:21:05.760 [AsyncHttpClient-1-5] DEBUG org.asynchttpclient.netty.channel.ChannelManager - Adding key: http://localhost:43497 for channel [id: 0x323793c9, L:/127.0.0.1:63420 - R:localhost/127.0.0.1:43497]
22:21:05.760 [Forwarding getCurrentUrl on session e60882a4c871844debfcbe81b029068d to remote] DEBUG org.asynchttpclient.netty.request.NettyRequestSender - Using pooled Channel '[id: 0x323793c9, L:/127.0.0.1:63420 - R:localhost/127.0.0.1:43497]' for 'GET' to 'http://localhost:43497/session/e60882a4c871844debfcbe81b029068d/url'
22:21:05.760 [Forwarding getCurrentUrl on session e60882a4c871844debfcbe81b029068d to remote] DEBUG org.asynchttpclient.netty.request.NettyRequestSender - Using open Channel [id: 0x323793c9, L:/127.0.0.1:63420 - R:localhost/127.0.0.1:43497] for GET '/session/e60882a4c871844debfcbe81b029068d/url'
22:21:05.768 [AsyncHttpClient-1-5] DEBUG org.asynchttpclient.netty.handler.HttpHandler - 

Request DefaultFullHttpRequest(decodeResult: success, version: HTTP/1.1, content: EmptyByteBufBE)
GET /session/e60882a4c871844debfcbe81b029068d/url HTTP/1.1
User-Agent: selenium/4.7.1 (java windows)
Cache-Control: no-cache
Content-Type: application/json; charset=utf-8
host: localhost:43497
accept: */*

Response DefaultHttpResponse(decodeResult: success, version: HTTP/1.1)
HTTP/1.1 200 OK
Content-Type: application/json; charset=utf-8
cache-control: no-cache
content-length: 55

22:21:05.768 [AsyncHttpClient-1-5] DEBUG org.asynchttpclient.netty.channel.ChannelManager - Adding key: http://localhost:43497 for channel [id: 0x323793c9, L:/127.0.0.1:63420 - R:localhost/127.0.0.1:43497]
22:21:05.768 [Forwarding screenshot on session e60882a4c871844debfcbe81b029068d to remote] DEBUG org.asynchttpclient.netty.request.NettyRequestSender - Using pooled Channel '[id: 0x323793c9, L:/127.0.0.1:63420 - R:localhost/127.0.0.1:43497]' for 'GET' to 'http://localhost:43497/session/e60882a4c871844debfcbe81b029068d/screenshot'
22:21:05.768 [Forwarding screenshot on session e60882a4c871844debfcbe81b029068d to remote] DEBUG org.asynchttpclient.netty.request.NettyRequestSender - Using open Channel [id: 0x323793c9, L:/127.0.0.1:63420 - R:localhost/127.0.0.1:43497] for GET '/session/e60882a4c871844debfcbe81b029068d/screenshot'
22:21:05.909 [AsyncHttpClient-1-5] DEBUG org.asynchttpclient.netty.handler.HttpHandler - 

Request DefaultFullHttpRequest(decodeResult: success, version: HTTP/1.1, content: EmptyByteBufBE)
GET /session/e60882a4c871844debfcbe81b029068d/screenshot HTTP/1.1
User-Agent: selenium/4.7.1 (java windows)
Cache-Control: no-cache
Content-Type: application/json; charset=utf-8
host: localhost:43497
accept: */*

Response DefaultHttpResponse(decodeResult: success, version: HTTP/1.1)
HTTP/1.1 200 OK
Content-Type: application/json; charset=utf-8
cache-control: no-cache
content-length: 100756

22:21:05.909 [AsyncHttpClient-1-5] DEBUG org.asynchttpclient.netty.channel.ChannelManager - Adding key: http://localhost:43497 for channel [id: 0x323793c9, L:/127.0.0.1:63420 - R:localhost/127.0.0.1:43497]
22:21:05.909 [main] DEBUG net.serenitybdd.core.photography.Darkroom - Send negative for processing for target\site\serenity\82b0fe418ca1e02511453ccbbd6ad5db69ef6b690366130a1963bc28ef9459a7.png
22:21:05.917 [Forwarding getPageSource on session e60882a4c871844debfcbe81b029068d to remote] DEBUG org.asynchttpclient.netty.request.NettyRequestSender - Using pooled Channel '[id: 0x323793c9, L:/127.0.0.1:63420 - R:localhost/127.0.0.1:43497]' for 'POST' to 'http://localhost:43497/session/e60882a4c871844debfcbe81b029068d/execute/sync'
22:21:05.917 [Forwarding getPageSource on session e60882a4c871844debfcbe81b029068d to remote] DEBUG org.asynchttpclient.netty.request.NettyRequestSender - Using open Channel [id: 0x323793c9, L:/127.0.0.1:63420 - R:localhost/127.0.0.1:43497] for POST '/session/e60882a4c871844debfcbe81b029068d/execute/sync'
22:21:05.933 [AsyncHttpClient-1-5] DEBUG org.asynchttpclient.netty.handler.HttpHandler - 

Request DefaultHttpRequest(decodeResult: success, version: HTTP/1.1)
POST /session/e60882a4c871844debfcbe81b029068d/execute/sync HTTP/1.1
User-Agent: selenium/4.7.1 (java windows)
Content-Length: 176
Content-Type: application/json; charset=utf-8
host: localhost:43497
accept: */*

Response DefaultHttpResponse(decodeResult: success, version: HTTP/1.1)
HTTP/1.1 200 OK
Content-Type: application/json; charset=utf-8
cache-control: no-cache
content-length: 60830

22:21:05.933 [AsyncHttpClient-1-5] DEBUG org.asynchttpclient.netty.channel.ChannelManager - Adding key: http://localhost:43497 for channel [id: 0x323793c9, L:/127.0.0.1:63420 - R:localhost/127.0.0.1:43497]
22:21:06.077 [Forwarding getCurrentUrl on session e60882a4c871844debfcbe81b029068d to remote] DEBUG org.asynchttpclient.netty.request.NettyRequestSender - Using pooled Channel '[id: 0x323793c9, L:/127.0.0.1:63420 - R:localhost/127.0.0.1:43497]' for 'GET' to 'http://localhost:43497/session/e60882a4c871844debfcbe81b029068d/url'
22:21:06.077 [Forwarding getCurrentUrl on session e60882a4c871844debfcbe81b029068d to remote] DEBUG org.asynchttpclient.netty.request.NettyRequestSender - Using open Channel [id: 0x323793c9, L:/127.0.0.1:63420 - R:localhost/127.0.0.1:43497] for GET '/session/e60882a4c871844debfcbe81b029068d/url'
22:21:06.085 [AsyncHttpClient-1-5] DEBUG org.asynchttpclient.netty.handler.HttpHandler - 

Request DefaultFullHttpRequest(decodeResult: success, version: HTTP/1.1, content: EmptyByteBufBE)
GET /session/e60882a4c871844debfcbe81b029068d/url HTTP/1.1
User-Agent: selenium/4.7.1 (java windows)
Cache-Control: no-cache
Content-Type: application/json; charset=utf-8
host: localhost:43497
accept: */*

Response DefaultHttpResponse(decodeResult: success, version: HTTP/1.1)
HTTP/1.1 200 OK
Content-Type: application/json; charset=utf-8
cache-control: no-cache
content-length: 55

22:21:06.085 [AsyncHttpClient-1-5] DEBUG org.asynchttpclient.netty.channel.ChannelManager - Adding key: http://localhost:43497 for channel [id: 0x323793c9, L:/127.0.0.1:63420 - R:localhost/127.0.0.1:43497]
  &amp#27;[31mAnd &amp#27;[0m&amp#27;[31mAdmin klik Selesai&amp#27;[0m                                                                      &amp#27;[90m# starter.stepdefinitions.TransaksiSteps.adminKlikSelesai()&amp#27;[0m
      &amp#27;[31mnet.thucydides.core.webdriver.exceptions.ElementShouldBeEnabledException: Expected enabled element was not enabled
	at net.serenitybdd.core.pages.WebElementFacadeImpl.waitUntilEnabled(WebElementFacadeImpl.java:1122)
	at net.serenitybdd.core.pages.WebElementFacadeImpl.waitUntilElementAvailable(WebElementFacadeImpl.java:906)
	at net.serenitybdd.core.pages.WebElementFacadeImpl.click(WebElementFacadeImpl.java:1204)
	at net.serenitybdd.core.pages.WebElementFacadeImpl.click(WebElementFacadeImpl.java:1224)
	at skuypayweb@1.0-SNAPSHOT/starter.pages.TransaksiPage.pilihitemselesai(TransaksiPage.java:84)
	at skuypayweb@1.0-SNAPSHOT/starter.pages.TransaksiPage$ByteBuddy$kt9FdcJS.pilihitemselesai$accessor$PVoTZRgc(Unknown Source)
	at java.base/jdk.internal.reflect.DirectMethodHandleAccessor.invoke(DirectMethodHandleAccessor.java:104)
	at java.base/java.lang.reflect.Method.invoke(Method.java:578)
	at net.thucydides.core.steps.StepInterceptor.invokeMethod(StepInterceptor.java:503)
	at net.thucydides.core.steps.StepInterceptor.executeTestStepMethod(StepInterceptor.java:483)
	at net.thucydides.core.steps.StepInterceptor.runTestStep(StepInterceptor.java:457)
	at net.thucydides.core.steps.StepInterceptor.runOrSkipMethod(StepInterceptor.java:209)
	at net.thucydides.core.steps.StepInterceptor.testStepResult(StepInterceptor.java:196)
	at net.thucydides.core.steps.StepInterceptor.intercept(StepInterceptor.java:84)
	at net.thucydides.core.steps.ProxyConfiguration$InterceptorDispatcher.intercept(ProxyConfiguration.java:51)
	at skuypayweb@1.0-SNAPSHOT/starter.pages.TransaksiPage$ByteBuddy$kt9FdcJS.pilihitemselesai(Unknown Source)
	at skuypayweb@1.0-SNAPSHOT/starter.stepdefinitions.TransaksiSteps.adminKlikSelesai(TransaksiSteps.java:35)
	at ✽.Admin klik Selesai(file:///C:/Dev/CapstoneProjectBaru/SKUYPAY%20WEB%20AUTOMATION/src/test/resources/features/Transaksi.feature:13)
Caused by: org.openqa.selenium.TimeoutException: Expected condition failed: waiting for By.xpath: //a[@id='react-aria7549791933-1-tab-selesai'] to be enabled (tried for 5 second(s) with 100 milliseconds interval)
	at org.openqa.selenium.support.ui.FluentWait.timeoutException(FluentWait.java:263)
	at org.openqa.selenium.support.ui.FluentWait.until(FluentWait.java:231)
	at net.serenitybdd.core.pages.WebElementFacadeImpl.waitUntilEnabled(WebElementFacadeImpl.java:1119)
	at net.serenitybdd.core.pages.WebElementFacadeImpl.waitUntilElementAvailable(WebElementFacadeImpl.java:906)
	at net.serenitybdd.core.pages.WebElementFacadeImpl.click(WebElementFacadeImpl.java:1204)
	at net.serenitybdd.core.pages.WebElementFacadeImpl.click(WebElementFacadeImpl.java:1224)
	at skuypayweb@1.0-SNAPSHOT/starter.pages.TransaksiPage.pilihitemselesai(TransaksiPage.java:84)
	at skuypayweb@1.0-SNAPSHOT/starter.pages.TransaksiPage$ByteBuddy$kt9FdcJS.pilihitemselesai$accessor$PVoTZRgc(Unknown Source)
	at java.base/jdk.internal.reflect.DirectMethodHandleAccessor.invoke(DirectMethodHandleAccessor.java:104)
	at java.base/java.lang.reflect.Method.invoke(Method.java:578)
	at net.thucydides.core.steps.StepInterceptor.invokeMethod(StepInterceptor.java:503)
	at net.thucydides.core.steps.StepInterceptor.executeTestStepMethod(StepInterceptor.java:483)
	at net.thucydides.core.steps.StepInterceptor.runTestStep(StepInterceptor.java:457)
	at net.thucydides.core.steps.StepInterceptor.runOrSkipMethod(StepInterceptor.java:209)
	at net.thucydides.core.steps.StepInterceptor.testStepResult(StepInterceptor.java:196)
	at net.thucydides.core.steps.StepInterceptor.intercept(StepInterceptor.java:84)
	at net.thucydides.core.steps.ProxyConfiguration$InterceptorDispatcher.intercept(ProxyConfiguration.java:51)
	at skuypayweb@1.0-SNAPSHOT/starter.pages.TransaksiPage$ByteBuddy$kt9FdcJS.pilihitemselesai(Unknown Source)
	at skuypayweb@1.0-SNAPSHOT/starter.stepdefinitions.TransaksiSteps.adminKlikSelesai(TransaksiSteps.java:35)
	at java.base/jdk.internal.reflect.DirectMethodHandleAccessor.invoke(DirectMethodHandleAccessor.java:104)
	at java.base/java.lang.reflect.Method.invoke(Method.java:578)
	at io.cucumber.java.Invoker.doInvoke(Invoker.java:66)
	at io.cucumber.java.Invoker.invoke(Invoker.java:24)
	at io.cucumber.java.AbstractGlueDefinition.invokeMethod(AbstractGlueDefinition.java:47)
	at io.cucumber.java.JavaStepDefinition.execute(JavaStepDefinition.java:29)
	at io.cucumber.core.runner.CoreStepDefinition.execute(CoreStepDefinition.java:66)
	at io.cucumber.core.runner.PickleStepDefinitionMatch.runStep(PickleStepDefinitionMatch.java:63)
	at io.cucumber.core.runner.ExecutionMode$1.execute(ExecutionMode.java:10)
	at io.cucumber.core.runner.TestStep.executeStep(TestStep.java:85)
	at io.cucumber.core.runner.TestStep.run(TestStep.java:57)
	at io.cucumber.core.runner.PickleStepTestStep.run(PickleStepTestStep.java:51)
	at io.cucumber.core.runner.TestCase.run(TestCase.java:84)
	at io.cucumber.core.runner.Runner.runPickle(Runner.java:75)
	at io.cucumber.junit.PickleRunners$NoStepDescriptions.lambda$run$0(PickleRunners.java:151)
	at io.cucumber.core.runtime.CucumberExecutionContext.lambda$runTestCase$5(CucumberExecutionContext.java:129)
	at io.cucumber.core.runtime.RethrowingThrowableCollector.executeAndThrow(RethrowingThrowableCollector.java:23)
	at io.cucumber.core.runtime.CucumberExecutionContext.runTestCase(CucumberExecutionContext.java:129)
	at io.cucumber.junit.PickleRunners$NoStepDescriptions.run(PickleRunners.java:148)
	at io.cucumber.junit.FeatureRunner.runChild(FeatureRunner.java:144)
	at io.cucumber.junit.FeatureRunner.runChild(FeatureRunner.java:28)
	at org.junit.runners.ParentRunner$4.run(ParentRunner.java:331)
	at org.junit.runners.ParentRunner$1.schedule(ParentRunner.java:79)
	at org.junit.runners.ParentRunner.runChildren(ParentRunner.java:329)
	at org.junit.runners.ParentRunner.access$100(ParentRunner.java:66)
	at org.junit.runners.ParentRunner$2.evaluate(ParentRunner.java:293)
	at org.junit.runners.ParentRunner$3.evaluate(ParentRunner.java:306)
	at org.junit.runners.ParentRunner.run(ParentRunner.java:413)
	at io.cucumber.junit.FeatureRunner.run(FeatureRunner.java:137)
	at io.cucumber.junit.CucumberSerenityRunner.runChild(CucumberSerenityRunner.java:259)
	at io.cucumber.junit.CucumberSerenityRunner.runChild(CucumberSerenityRunner.java:59)
	at org.junit.runners.ParentRunner$4.run(ParentRunner.java:331)
	at org.junit.runners.ParentRunner$1.schedule(ParentRunner.java:79)
	at org.junit.runners.ParentRunner.runChildren(ParentRunner.java:329)
	at org.junit.runners.ParentRunner.access$100(ParentRunner.java:66)
	at org.junit.runners.ParentRunner$2.evaluate(ParentRunner.java:293)
	at io.cucumber.junit.CucumberSerenityRunner$RunCucumber.evaluate(CucumberSerenityRunner.java:288)
	at org.junit.runners.ParentRunner$3.evaluate(ParentRunner.java:306)
	at org.junit.runners.ParentRunner.run(ParentRunner.java:413)
	at org.junit.runner.JUnitCore.run(JUnitCore.java:137)
	at org.junit.runner.JUnitCore.run(JUnitCore.java:115)
	at org.junit.vintage.engine.execution.RunnerExecutor.execute(RunnerExecutor.java:42)
	at org.junit.vintage.engine.VintageTestEngine.executeAllChildren(VintageTestEngine.java:80)
	at org.junit.vintage.engine.VintageTestEngine.execute(VintageTestEngine.java:72)
	at org.junit.platform.launcher.core.EngineExecutionOrchestrator.execute(EngineExecutionOrchestrator.java:107)
	at org.junit.platform.launcher.core.EngineExecutionOrchestrator.execute(EngineExecutionOrchestrator.java:88)
	at org.junit.platform.launcher.core.EngineExecutionOrchestrator.lambda$execute$0(EngineExecutionOrchestrator.java:54)
	at org.junit.platform.launcher.core.EngineExecutionOrchestrator.withInterceptedStreams(EngineExecutionOrchestrator.java:67)
	at org.junit.platform.launcher.core.EngineExecutionOrchestrator.execute(EngineExecutionOrchestrator.java:52)
	at org.junit.platform.launcher.core.DefaultLauncher.execute(DefaultLauncher.java:114)
	at org.junit.platform.launcher.core.DefaultLauncher.execute(DefaultLauncher.java:86)
	at org.junit.platform.launcher.core.DefaultLauncherSession$DelegatingLauncher.execute(DefaultLauncherSession.java:86)
	at org.junit.platform.launcher.core.SessionPerRequestLauncher.execute(SessionPerRequestLauncher.java:53)
	at org.apache.maven.surefire.junitplatform.JUnitPlatformProvider.execute(JUnitPlatformProvider.java:188)
	at org.apache.maven.surefire.junitplatform.JUnitPlatformProvider.invokeAllTests(JUnitPlatformProvider.java:154)
	at org.apache.maven.surefire.junitplatform.JUnitPlatformProvider.invoke(JUnitPlatformProvider.java:128)
	at org.apache.maven.surefire.booter.ForkedBooter.runSuitesInProcess(ForkedBooter.java:428)
	at org.apache.maven.surefire.booter.ForkedBooter.execute(ForkedBooter.java:162)
	at org.apache.maven.surefire.booter.ForkedBooter.run(ForkedBooter.java:562)
	at org.apache.maven.surefire.booter.ForkedBooter.main(ForkedBooter.java:548)
Caused by: org.openqa.selenium.NoSuchElementException: no such element: Unable to locate element: {"method":"xpath","selector":"//a[@id='react-aria7549791933-1-tab-selesai']"}
  (Session info: chrome=114.0.5735.134)
For documentation on this error, please visit: https://selenium.dev/exceptions/#no_such_element
Build info: version: '4.7.1', revision: 'c6795baf1a3'
System info: os.name: 'Windows 11', os.arch: 'amd64', os.version: '10.0', java.version: '19.0.2'
Driver info: org.openqa.selenium.chrome.ChromeDriver
Command: [e60882a4c871844debfcbe81b029068d, findElement {using=xpath, value=//a[@id='react-aria7549791933-1-tab-selesai']}]
Capabilities {acceptInsecureCerts: true, browserName: chrome, browserVersion: 114.0.5735.134, chrome: {chromedriverVersion: 114.0.5735.90 (386bc09e8f4f..., userDataDir: C:\Users\HP\AppData\Local\T...}, goog:chromeOptions: {debuggerAddress: localhost:63421}, networkConnectionEnabled: false, pageLoadStrategy: normal, platformName: WINDOWS, proxy: Proxy(), se:cdp: ws://localhost:63421/devtoo..., se:cdpVersion: 114.0.5735.134, setWindowRect: true, strictFileInteractability: false, timeouts: {implicit: 0, pageLoad: 300000, script: 30000}, unhandledPromptBehavior: dismiss and notify, webauthn:extension:credBlob: true, webauthn:extension:largeBlob: true, webauthn:extension:minPinLength: true, webauthn:extension:prf: true, webauthn:virtualAuthenticators: true}
Session ID: e60882a4c871844debfcbe81b029068d
	at java.base/jdk.internal.reflect.DirectConstructorHandleAccessor.newInstance(DirectConstructorHandleAccessor.java:67)
	at java.base/java.lang.reflect.Constructor.newInstanceWithCaller(Constructor.java:500)
	at java.base/java.lang.reflect.Constructor.newInstance(Constructor.java:484)
	at org.openqa.selenium.remote.codec.w3c.W3CHttpResponseCodec.createException(W3CHttpResponseCodec.java:200)
	at org.openqa.selenium.remote.codec.w3c.W3CHttpResponseCodec.decode(W3CHttpResponseCodec.java:133)
	at org.openqa.selenium.remote.codec.w3c.W3CHttpResponseCodec.decode(W3CHttpResponseCodec.java:53)
	at org.openqa.selenium.remote.HttpCommandExecutor.execute(HttpCommandExecutor.java:184)
	at org.openqa.selenium.remote.service.DriverCommandExecutor.invokeExecute(DriverCommandExecutor.java:167)
	at org.openqa.selenium.remote.service.DriverCommandExecutor.execute(DriverCommandExecutor.java:142)
	at org.openqa.selenium.remote.RemoteWebDriver.execute(RemoteWebDriver.java:551)
	at org.openqa.selenium.remote.ElementLocation$ElementFinder$2.findElement(ElementLocation.java:162)
	at org.openqa.selenium.remote.ElementLocation.findElement(ElementLocation.java:60)
	at org.openqa.selenium.remote.RemoteWebDriver.findElement(RemoteWebDriver.java:367)
	at org.openqa.selenium.remote.RemoteWebDriver.findElement(RemoteWebDriver.java:359)
	at net.thucydides.core.webdriver.WebDriverFacade.findElement(WebDriverFacade.java:239)
	at net.serenitybdd.core.pages.WebElementResolverByLocator.resolveForDriver(WebElementResolverByLocator.java:25)
	at net.serenitybdd.core.pages.WebElementFacadeImpl.getResolvedElement(WebElementFacadeImpl.java:189)
	at net.serenitybdd.core.pages.WebElementFacadeImpl.getElement(WebElementFacadeImpl.java:184)
	at net.serenitybdd.core.pages.WebElementExpectations$3.apply(WebElementExpectations.java:63)
	at net.serenitybdd.core.pages.WebElementExpectations$3.apply(WebElementExpectations.java:55)
	at org.openqa.selenium.support.ui.FluentWait.until(FluentWait.java:208)
	... 77 more
&amp#27;[0m
22:21:06.141 [main] ERROR  - 
  _____   ___   ___   _____     ___     _     ___   _      ___   ___  
 |_   _| | __| / __| |_   _|   | __|   /_\   |_ _| | |    | __| |   \ 
   | |   | _|  \__ \   | |     | _|   / _ \   | |  | |__  | _|  | |) |
   |_|   |___| |___/   |_|     |_|   /_/ \_\ |___| |____| |___| |___/ 

Admin dapat melihat semua riwayat transaksi yang difilter hanya status selesai saja
-----------------------------------------------------------------------
22:21:06.141 [main] DEBUG  - RELATED ISSUES: 
22:21:06.141 [main] ERROR  -     Test failed at step: Pilihitemselesai
22:21:06.149 [main] ERROR  -     Expected enabled element was not enabled
22:21:06.149 [AsyncHttpClient-1-7] DEBUG org.asynchttpclient.netty.handler.WebSocketHandler - Channel Closed: [id: 0xc77f9d74, L:/127.0.0.1:63429 ! R:localhost/127.0.0.1:63421] with attribute NettyResponseFuture{currentRetry=0,
	isDone=1,
	isCancelled=0,
	asyncHandler=org.asynchttpclient.ws.WebSocketUpgradeHandler@531ef785,
	nettyRequest=org.asynchttpclient.netty.request.NettyRequest@161c7382,
	future=java.util.concurrent.CompletableFuture@7bf04480[Completed normally],
	uri=ws://localhost:63421/devtools/browser/a7c0aa7c-8290-444a-9caf-999be5e53061,
	keepAlive=true,
	redirectCount=0,
	timeoutsHolder=null,
	inAuth=0,
	touch=1687620052304}
22:21:06.149 [AsyncHttpClient-1-7] DEBUG org.asynchttpclient.netty.channel.ChannelManager - Closing Channel [id: 0xc77f9d74, L:/127.0.0.1:63429 ! R:localhost/127.0.0.1:63421] 
22:21:06.149 [Driver Command Executor] DEBUG org.asynchttpclient.netty.request.NettyRequestSender - Using pooled Channel '[id: 0x323793c9, L:/127.0.0.1:63420 - R:localhost/127.0.0.1:43497]' for 'DELETE' to 'http://localhost:43497/session/e60882a4c871844debfcbe81b029068d'
22:21:06.149 [Driver Command Executor] DEBUG org.asynchttpclient.netty.request.NettyRequestSender - Using open Channel [id: 0x323793c9, L:/127.0.0.1:63420 - R:localhost/127.0.0.1:43497] for DELETE '/session/e60882a4c871844debfcbe81b029068d'
22:21:06.269 [AsyncHttpClient-1-6] DEBUG org.asynchttpclient.netty.handler.HttpHandler - Unexpected I/O exception on channel [id: 0x4c036555, L:/127.0.0.1:63428 - R:localhost/127.0.0.1:63421]
java.net.SocketException: Connection reset
	at java.base/sun.nio.ch.SocketChannelImpl.throwConnectionReset(SocketChannelImpl.java:401)
	at java.base/sun.nio.ch.SocketChannelImpl.read(SocketChannelImpl.java:434)
	at io.netty.buffer.PooledByteBuf.setBytes(PooledByteBuf.java:259)
	at io.netty.buffer.AbstractByteBuf.writeBytes(AbstractByteBuf.java:1132)
	at io.netty.channel.socket.nio.NioSocketChannel.doReadBytes(NioSocketChannel.java:357)
	at io.netty.channel.nio.AbstractNioByteChannel$NioByteUnsafe.read(AbstractNioByteChannel.java:151)
	at io.netty.channel.nio.NioEventLoop.processSelectedKey(NioEventLoop.java:788)
	at io.netty.channel.nio.NioEventLoop.processSelectedKeysOptimized(NioEventLoop.java:724)
	at io.netty.channel.nio.NioEventLoop.processSelectedKeys(NioEventLoop.java:650)
	at io.netty.channel.nio.NioEventLoop.run(NioEventLoop.java:562)
	at io.netty.util.concurrent.SingleThreadEventExecutor$4.run(SingleThreadEventExecutor.java:997)
	at io.netty.util.internal.ThreadExecutorMap$2.run(ThreadExecutorMap.java:74)
	at io.netty.util.concurrent.FastThreadLocalRunnable.run(FastThreadLocalRunnable.java:30)
	at java.base/java.lang.Thread.run(Thread.java:1589)
22:21:06.269 [AsyncHttpClient-1-6] DEBUG org.asynchttpclient.netty.channel.ChannelManager - Closing Channel [id: 0x4c036555, L:/127.0.0.1:63428 - R:localhost/127.0.0.1:63421] 
22:21:06.269 [AsyncHttpClient-1-6] DEBUG org.asynchttpclient.netty.handler.HttpHandler - Channel Closed: [id: 0x4c036555, L:/127.0.0.1:63428 ! R:localhost/127.0.0.1:63421] with attribute DISCARD
22:21:06.412 [AsyncHttpClient-1-5] DEBUG org.asynchttpclient.netty.handler.HttpHandler - 

Request DefaultFullHttpRequest(decodeResult: success, version: HTTP/1.1, content: EmptyByteBufBE)
DELETE /session/e60882a4c871844debfcbe81b029068d HTTP/1.1
User-Agent: selenium/4.7.1 (java windows)
Content-Type: application/json; charset=utf-8
host: localhost:43497
accept: */*

Response DefaultHttpResponse(decodeResult: success, version: HTTP/1.1)
HTTP/1.1 200 OK
Content-Type: application/json; charset=utf-8
cache-control: no-cache
content-length: 14

22:21:06.412 [AsyncHttpClient-1-5] DEBUG org.asynchttpclient.netty.channel.ChannelManager - Adding key: http://localhost:43497 for channel [id: 0x323793c9, L:/127.0.0.1:63420 - R:localhost/127.0.0.1:43497]
22:21:06.516 [AsyncHttpClient-1-5] DEBUG org.asynchttpclient.netty.handler.HttpHandler - Channel Closed: [id: 0x323793c9, L:/127.0.0.1:63420 ! R:localhost/127.0.0.1:43497] with attribute DISCARD
22:21:06.524 [AsyncHttpClient-1-1] DEBUG org.asynchttpclient.netty.channel.DefaultChannelPool - Entry count for : http://localhost:63421 : 1
22:21:06.524 [AsyncHttpClient-1-1] DEBUG org.asynchttpclient.netty.channel.DefaultChannelPool - Entry count for : http://localhost:43497 : 1
22:21:06.524 [AsyncHttpClient-1-1] DEBUG org.asynchttpclient.netty.channel.DefaultChannelPool - Adding Candidate expired Channel [id: 0x4c036555, L:/127.0.0.1:63428 ! R:localhost/127.0.0.1:63421] isIdleTimeoutExpired=false isRemotelyClosed=true isTtlExpired=false
22:21:06.524 [AsyncHttpClient-1-1] DEBUG org.asynchttpclient.netty.channel.DefaultChannelPool - Closing Idle Channel [id: 0x4c036555, L:/127.0.0.1:63428 ! R:localhost/127.0.0.1:63421]
22:21:06.524 [AsyncHttpClient-1-1] DEBUG org.asynchttpclient.netty.channel.DefaultChannelPool - Adding Candidate expired Channel [id: 0x323793c9, L:/127.0.0.1:63420 ! R:localhost/127.0.0.1:43497] isIdleTimeoutExpired=false isRemotelyClosed=true isTtlExpired=false
22:21:06.524 [AsyncHttpClient-1-1] DEBUG org.asynchttpclient.netty.channel.DefaultChannelPool - Closing Idle Channel [id: 0x323793c9, L:/127.0.0.1:63420 ! R:localhost/127.0.0.1:43497]
22:21:06.524 [AsyncHttpClient-1-1] DEBUG org.asynchttpclient.netty.channel.DefaultChannelPool - Closed 2 connections out of 2 in 0 ms
]]></system-out>
    <system-err><![CDATA[Starting ChromeDriver 114.0.5735.90 (386bc09e8f4f2e025eddae123f36f6263096ae49-refs/branch-heads/5735@{#1052}) on port 43497
Only local connections are allowed.
Please see https://chromedriver.chromium.org/security-considerations for suggestions on keeping ChromeDriver safe.
ChromeDriver was started successfully.
Jun 24, 2023 10:20:52 PM org.openqa.selenium.devtools.CdpVersionFinder findNearestMatch
WARNING: Unable to find CDP implementation matching 114
Jun 24, 2023 10:20:52 PM org.openqa.selenium.chromium.ChromiumDriver lambda$new$3
WARNING: Unable to find version of CDP to use for . You may need to include a dependency on a specific version of the CDP using something similar to `org.seleniumhq.selenium:selenium-devtools-v86:4.7.1` where the version ("v86") matches the version of the chromium-based browser you're using and the version number of the artifact is the same as Selenium's.
]]></system-err>
  </testcase>
  <testcase name="Admin dapat melihat semua riwayat transaksi yang difilter hanya status belum bayar saja" classname="Transaksi" time="12.408">
    <system-out><![CDATA[
@Transaksi-03
Scenario: Admin dapat melihat semua riwayat transaksi yang difilter hanya status belum bayar saja &amp#27;[90m# src/test/resources/features/Transaksi.feature:16&amp#27;[0m
22:21:06.651 [main] INFO io.cucumber.core.plugin.SerenityReporter - Running feature from file:///C:/Dev/CapstoneProjectBaru/SKUYPAY%20WEB%20AUTOMATION/src/test/resources/features/Transaksi.feature
22:21:06.651 [main] INFO  - 
  _____   ___   ___   _____     ___   _____     _     ___   _____   ___   ___  
 |_   _| | __| / __| |_   _|   / __| |_   _|   /_\   | _ \ |_   _| | __| |   \ 
   | |   | _|  \__ \   | |     \__ \   | |    / _ \  |   /   | |   | _|  | |) |
   |_|   |___| |___/   |_|     |___/   |_|   /_/ \_\ |_|_\   |_|   |___| |___/ 

Admin dapat melihat semua riwayat transaksi yang difilter hanya status belum bayar saja(transaksi;admin-dapat-melihat-semua-riwayat-transaksi-yang-difilter-hanya-status-belum-bayar-saja)
--------------------------------------------------------------------------------
22:21:06.723 [main] DEBUG net.thucydides.core.steps.StepInterceptor - STARTING STEP: TransaksiSteps.adminMelakukanLoginAkun - diHomepageSkuyPay
22:21:06.836 [main] INFO net.serenitybdd.core.webdriver.driverproviders.ChromeDriverProvider - Starting Chrome driver instance with capabilities:
22:21:06.836 [main] INFO net.serenitybdd.core.webdriver.driverproviders.ChromeDriverProvider - Capabilities {acceptInsecureCerts: true, browserName: chrome, goog:chromeOptions: {args: [remote-allow-origins=*, test-type, no-sandbox, ignore-certificate-errors, start-maximized, incognito, disable-infobars, disable-gpu, disable-default-apps, disable-popup-blocking, remote-allow-origins=*, test-type, no-sandbox, ignore-certificate-errors, start-maximized, incognito, disable-infobars, disable-gpu, disable-default-apps, disable-popup-blocking], extensions: []}}
22:21:07.321 [AsyncHttpClient-1-8] DEBUG org.asynchttpclient.netty.channel.NettyConnectListener - Using new Channel '[id: 0x0b6a85fc, L:/127.0.0.1:63451 - R:localhost/127.0.0.1:2191]' for 'POST' to '/session'
22:21:09.856 [AsyncHttpClient-1-8] DEBUG org.asynchttpclient.netty.handler.HttpHandler - 

Request DefaultHttpRequest(decodeResult: success, version: HTTP/1.1)
POST /session HTTP/1.1
User-Agent: selenium/4.7.1 (java windows)
Content-Length: 1629
Content-Type: application/json; charset=utf-8
host: localhost:2191
accept: */*

Response DefaultHttpResponse(decodeResult: success, version: HTTP/1.1)
HTTP/1.1 200 OK
Content-Type: application/json; charset=utf-8
cache-control: no-cache
content-length: 856

22:21:09.856 [AsyncHttpClient-1-8] DEBUG org.asynchttpclient.netty.channel.ChannelManager - Adding key: http://localhost:2191 for channel [id: 0x0b6a85fc, L:/127.0.0.1:63451 - R:localhost/127.0.0.1:2191]
22:21:09.896 [AsyncHttpClient-1-9] DEBUG org.asynchttpclient.netty.channel.NettyConnectListener - Using new Channel '[id: 0xb80cd701, L:/127.0.0.1:63460 - R:localhost/127.0.0.1:63453]' for 'GET' to '/json/version'
22:21:09.904 [AsyncHttpClient-1-9] DEBUG org.asynchttpclient.netty.handler.HttpHandler - 

Request DefaultFullHttpRequest(decodeResult: success, version: HTTP/1.1, content: EmptyByteBufBE)
GET /json/version HTTP/1.1
User-Agent: selenium/4.7.1 (java windows)
host: localhost:63453
accept: */*

Response DefaultHttpResponse(decodeResult: success, version: HTTP/1.1)
HTTP/1.1 200 OK
Content-Security-Policy: frame-ancestors 'none'
Content-Type: application/json; charset=UTF-8
content-length: 424

22:21:09.904 [AsyncHttpClient-1-9] DEBUG org.asynchttpclient.netty.channel.ChannelManager - Adding key: http://localhost:63453 for channel [id: 0xb80cd701, L:/127.0.0.1:63460 - R:localhost/127.0.0.1:63453]
22:21:09.912 [AsyncHttpClient-1-10] DEBUG org.asynchttpclient.netty.channel.NettyConnectListener - Using new Channel '[id: 0xa8e94ca4, L:/127.0.0.1:63461 - R:localhost/127.0.0.1:63453]' for 'GET' to '/devtools/browser/752b4960-ed8d-4e50-ac8a-9110a8134edd'
22:21:09.920 [AsyncHttpClient-1-10] DEBUG org.asynchttpclient.netty.handler.WebSocketHandler - 

Request DefaultFullHttpRequest(decodeResult: success, version: HTTP/1.1, content: EmptyByteBufBE)
GET /devtools/browser/752b4960-ed8d-4e50-ac8a-9110a8134edd HTTP/1.1
upgrade: websocket
connection: upgrade
sec-websocket-key: FgWod3vBojTD2JKJ/93IhA==
sec-websocket-version: 13
origin: http://localhost:63453
host: localhost:63453
accept: */*
user-agent: AHC/2.1

Response DefaultHttpResponse(decodeResult: success, version: HTTP/1.1)
HTTP/1.1 101 WebSocket Protocol Handshake
Upgrade: WebSocket
Connection: Upgrade
Sec-WebSocket-Accept: H+uJXpoShwR4vIn3STNqt57Vfnk=

22:21:09.936 [Forwarding get on session 6131b3ea610f9df98faaa5ac1bbf0126 to remote] DEBUG org.asynchttpclient.netty.request.NettyRequestSender - Using pooled Channel '[id: 0x0b6a85fc, L:/127.0.0.1:63451 - R:localhost/127.0.0.1:2191]' for 'POST' to 'http://localhost:2191/session/6131b3ea610f9df98faaa5ac1bbf0126/url'
22:21:09.936 [Forwarding get on session 6131b3ea610f9df98faaa5ac1bbf0126 to remote] DEBUG org.asynchttpclient.netty.request.NettyRequestSender - Using open Channel [id: 0x0b6a85fc, L:/127.0.0.1:63451 - R:localhost/127.0.0.1:2191] for POST '/session/6131b3ea610f9df98faaa5ac1bbf0126/url'
22:21:10.913 [AsyncHttpClient-1-1] DEBUG org.asynchttpclient.netty.channel.DefaultChannelPool - Entry count for : http://localhost:63453 : 1
22:21:12.012 [AsyncHttpClient-1-1] DEBUG org.asynchttpclient.netty.channel.DefaultChannelPool - Entry count for : http://localhost:63453 : 1
22:21:12.052 [AsyncHttpClient-1-8] DEBUG org.asynchttpclient.netty.handler.HttpHandler - 

Request DefaultHttpRequest(decodeResult: success, version: HTTP/1.1)
POST /session/6131b3ea610f9df98faaa5ac1bbf0126/url HTTP/1.1
User-Agent: selenium/4.7.1 (java windows)
Content-Length: 69
Content-Type: application/json; charset=utf-8
host: localhost:2191
accept: */*

Response DefaultHttpResponse(decodeResult: success, version: HTTP/1.1)
HTTP/1.1 200 OK
Content-Type: application/json; charset=utf-8
cache-control: no-cache
content-length: 14

22:21:12.052 [AsyncHttpClient-1-8] DEBUG org.asynchttpclient.netty.channel.ChannelManager - Adding key: http://localhost:2191 for channel [id: 0x0b6a85fc, L:/127.0.0.1:63451 - R:localhost/127.0.0.1:2191]
22:21:12.060 [Forwarding setTimeout on session 6131b3ea610f9df98faaa5ac1bbf0126 to remote] DEBUG org.asynchttpclient.netty.request.NettyRequestSender - Using pooled Channel '[id: 0x0b6a85fc, L:/127.0.0.1:63451 - R:localhost/127.0.0.1:2191]' for 'POST' to 'http://localhost:2191/session/6131b3ea610f9df98faaa5ac1bbf0126/timeouts'
22:21:12.060 [Forwarding setTimeout on session 6131b3ea610f9df98faaa5ac1bbf0126 to remote] DEBUG org.asynchttpclient.netty.request.NettyRequestSender - Using open Channel [id: 0x0b6a85fc, L:/127.0.0.1:63451 - R:localhost/127.0.0.1:2191] for POST '/session/6131b3ea610f9df98faaa5ac1bbf0126/timeouts'
22:21:12.060 [AsyncHttpClient-1-8] DEBUG org.asynchttpclient.netty.handler.HttpHandler - 

Request DefaultHttpRequest(decodeResult: success, version: HTTP/1.1)
POST /session/6131b3ea610f9df98faaa5ac1bbf0126/timeouts HTTP/1.1
User-Agent: selenium/4.7.1 (java windows)
Content-Length: 22
Content-Type: application/json; charset=utf-8
host: localhost:2191
accept: */*

Response DefaultHttpResponse(decodeResult: success, version: HTTP/1.1)
HTTP/1.1 200 OK
Content-Type: application/json; charset=utf-8
cache-control: no-cache
content-length: 14

22:21:12.060 [AsyncHttpClient-1-8] DEBUG org.asynchttpclient.netty.channel.ChannelManager - Adding key: http://localhost:2191 for channel [id: 0x0b6a85fc, L:/127.0.0.1:63451 - R:localhost/127.0.0.1:2191]
22:21:12.068 [Forwarding getCurrentUrl on session 6131b3ea610f9df98faaa5ac1bbf0126 to remote] DEBUG org.asynchttpclient.netty.request.NettyRequestSender - Using pooled Channel '[id: 0x0b6a85fc, L:/127.0.0.1:63451 - R:localhost/127.0.0.1:2191]' for 'GET' to 'http://localhost:2191/session/6131b3ea610f9df98faaa5ac1bbf0126/url'
22:21:12.068 [Forwarding getCurrentUrl on session 6131b3ea610f9df98faaa5ac1bbf0126 to remote] DEBUG org.asynchttpclient.netty.request.NettyRequestSender - Using open Channel [id: 0x0b6a85fc, L:/127.0.0.1:63451 - R:localhost/127.0.0.1:2191] for GET '/session/6131b3ea610f9df98faaa5ac1bbf0126/url'
22:21:12.084 [AsyncHttpClient-1-8] DEBUG org.asynchttpclient.netty.handler.HttpHandler - 

Request DefaultFullHttpRequest(decodeResult: success, version: HTTP/1.1, content: EmptyByteBufBE)
GET /session/6131b3ea610f9df98faaa5ac1bbf0126/url HTTP/1.1
User-Agent: selenium/4.7.1 (java windows)
Cache-Control: no-cache
Content-Type: application/json; charset=utf-8
host: localhost:2191
accept: */*

Response DefaultHttpResponse(decodeResult: success, version: HTTP/1.1)
HTTP/1.1 200 OK
Content-Type: application/json; charset=utf-8
cache-control: no-cache
content-length: 51

22:21:12.084 [AsyncHttpClient-1-8] DEBUG org.asynchttpclient.netty.channel.ChannelManager - Adding key: http://localhost:2191 for channel [id: 0x0b6a85fc, L:/127.0.0.1:63451 - R:localhost/127.0.0.1:2191]
22:21:12.092 [Forwarding getCurrentUrl on session 6131b3ea610f9df98faaa5ac1bbf0126 to remote] DEBUG org.asynchttpclient.netty.request.NettyRequestSender - Using pooled Channel '[id: 0x0b6a85fc, L:/127.0.0.1:63451 - R:localhost/127.0.0.1:2191]' for 'GET' to 'http://localhost:2191/session/6131b3ea610f9df98faaa5ac1bbf0126/url'
22:21:12.092 [Forwarding getCurrentUrl on session 6131b3ea610f9df98faaa5ac1bbf0126 to remote] DEBUG org.asynchttpclient.netty.request.NettyRequestSender - Using open Channel [id: 0x0b6a85fc, L:/127.0.0.1:63451 - R:localhost/127.0.0.1:2191] for GET '/session/6131b3ea610f9df98faaa5ac1bbf0126/url'
22:21:12.100 [AsyncHttpClient-1-8] DEBUG org.asynchttpclient.netty.handler.HttpHandler - 

Request DefaultFullHttpRequest(decodeResult: success, version: HTTP/1.1, content: EmptyByteBufBE)
GET /session/6131b3ea610f9df98faaa5ac1bbf0126/url HTTP/1.1
User-Agent: selenium/4.7.1 (java windows)
Cache-Control: no-cache
Content-Type: application/json; charset=utf-8
host: localhost:2191
accept: */*

Response DefaultHttpResponse(decodeResult: success, version: HTTP/1.1)
HTTP/1.1 200 OK
Content-Type: application/json; charset=utf-8
cache-control: no-cache
content-length: 51

22:21:12.100 [AsyncHttpClient-1-8] DEBUG org.asynchttpclient.netty.channel.ChannelManager - Adding key: http://localhost:2191 for channel [id: 0x0b6a85fc, L:/127.0.0.1:63451 - R:localhost/127.0.0.1:2191]
22:21:12.111 [Forwarding findElement on session 6131b3ea610f9df98faaa5ac1bbf0126 to remote] DEBUG org.asynchttpclient.netty.request.NettyRequestSender - Using pooled Channel '[id: 0x0b6a85fc, L:/127.0.0.1:63451 - R:localhost/127.0.0.1:2191]' for 'POST' to 'http://localhost:2191/session/6131b3ea610f9df98faaa5ac1bbf0126/element'
22:21:12.111 [Forwarding findElement on session 6131b3ea610f9df98faaa5ac1bbf0126 to remote] DEBUG org.asynchttpclient.netty.request.NettyRequestSender - Using open Channel [id: 0x0b6a85fc, L:/127.0.0.1:63451 - R:localhost/127.0.0.1:2191] for POST '/session/6131b3ea610f9df98faaa5ac1bbf0126/element'
22:21:12.135 [AsyncHttpClient-1-8] DEBUG org.asynchttpclient.netty.handler.HttpHandler - 

Request DefaultHttpRequest(decodeResult: success, version: HTTP/1.1)
POST /session/6131b3ea610f9df98faaa5ac1bbf0126/element HTTP/1.1
User-Agent: selenium/4.7.1 (java windows)
Content-Length: 84
Content-Type: application/json; charset=utf-8
host: localhost:2191
accept: */*

Response DefaultHttpResponse(decodeResult: success, version: HTTP/1.1)
HTTP/1.1 200 OK
Content-Type: application/json; charset=utf-8
cache-control: no-cache
content-length: 95

22:21:12.135 [AsyncHttpClient-1-8] DEBUG org.asynchttpclient.netty.channel.ChannelManager - Adding key: http://localhost:2191 for channel [id: 0x0b6a85fc, L:/127.0.0.1:63451 - R:localhost/127.0.0.1:2191]
22:21:12.135 [Forwarding isElementDisplayed on session 6131b3ea610f9df98faaa5ac1bbf0126 to remote] DEBUG org.asynchttpclient.netty.request.NettyRequestSender - Using pooled Channel '[id: 0x0b6a85fc, L:/127.0.0.1:63451 - R:localhost/127.0.0.1:2191]' for 'POST' to 'http://localhost:2191/session/6131b3ea610f9df98faaa5ac1bbf0126/execute/sync'
22:21:12.135 [Forwarding isElementDisplayed on session 6131b3ea610f9df98faaa5ac1bbf0126 to remote] DEBUG org.asynchttpclient.netty.request.NettyRequestSender - Using open Channel [id: 0x0b6a85fc, L:/127.0.0.1:63451 - R:localhost/127.0.0.1:2191] for POST '/session/6131b3ea610f9df98faaa5ac1bbf0126/execute/sync'
22:21:12.159 [AsyncHttpClient-1-8] DEBUG org.asynchttpclient.netty.handler.HttpHandler - 

Request DefaultHttpRequest(decodeResult: success, version: HTTP/1.1)
POST /session/6131b3ea610f9df98faaa5ac1bbf0126/execute/sync HTTP/1.1
User-Agent: selenium/4.7.1 (java windows)
Content-Length: 48787
Content-Type: application/json; charset=utf-8
host: localhost:2191
accept: */*

Response DefaultHttpResponse(decodeResult: success, version: HTTP/1.1)
HTTP/1.1 200 OK
Content-Type: application/json; charset=utf-8
cache-control: no-cache
content-length: 14

22:21:12.159 [AsyncHttpClient-1-8] DEBUG org.asynchttpclient.netty.channel.ChannelManager - Adding key: http://localhost:2191 for channel [id: 0x0b6a85fc, L:/127.0.0.1:63451 - R:localhost/127.0.0.1:2191]
22:21:12.167 [Forwarding isElementDisplayed on session 6131b3ea610f9df98faaa5ac1bbf0126 to remote] DEBUG org.asynchttpclient.netty.request.NettyRequestSender - Using pooled Channel '[id: 0x0b6a85fc, L:/127.0.0.1:63451 - R:localhost/127.0.0.1:2191]' for 'POST' to 'http://localhost:2191/session/6131b3ea610f9df98faaa5ac1bbf0126/execute/sync'
22:21:12.167 [Forwarding isElementDisplayed on session 6131b3ea610f9df98faaa5ac1bbf0126 to remote] DEBUG org.asynchttpclient.netty.request.NettyRequestSender - Using open Channel [id: 0x0b6a85fc, L:/127.0.0.1:63451 - R:localhost/127.0.0.1:2191] for POST '/session/6131b3ea610f9df98faaa5ac1bbf0126/execute/sync'
22:21:12.191 [AsyncHttpClient-1-8] DEBUG org.asynchttpclient.netty.handler.HttpHandler - 

Request DefaultHttpRequest(decodeResult: success, version: HTTP/1.1)
POST /session/6131b3ea610f9df98faaa5ac1bbf0126/execute/sync HTTP/1.1
User-Agent: selenium/4.7.1 (java windows)
Content-Length: 48787
Content-Type: application/json; charset=utf-8
host: localhost:2191
accept: */*

Response DefaultHttpResponse(decodeResult: success, version: HTTP/1.1)
HTTP/1.1 200 OK
Content-Type: application/json; charset=utf-8
cache-control: no-cache
content-length: 14

22:21:12.191 [AsyncHttpClient-1-8] DEBUG org.asynchttpclient.netty.channel.ChannelManager - Adding key: http://localhost:2191 for channel [id: 0x0b6a85fc, L:/127.0.0.1:63451 - R:localhost/127.0.0.1:2191]
22:21:12.199 [Forwarding getCurrentWindowHandle on session 6131b3ea610f9df98faaa5ac1bbf0126 to remote] DEBUG org.asynchttpclient.netty.request.NettyRequestSender - Using pooled Channel '[id: 0x0b6a85fc, L:/127.0.0.1:63451 - R:localhost/127.0.0.1:2191]' for 'GET' to 'http://localhost:2191/session/6131b3ea610f9df98faaa5ac1bbf0126/window'
22:21:12.199 [Forwarding getCurrentWindowHandle on session 6131b3ea610f9df98faaa5ac1bbf0126 to remote] DEBUG org.asynchttpclient.netty.request.NettyRequestSender - Using open Channel [id: 0x0b6a85fc, L:/127.0.0.1:63451 - R:localhost/127.0.0.1:2191] for GET '/session/6131b3ea610f9df98faaa5ac1bbf0126/window'
22:21:12.199 [AsyncHttpClient-1-8] DEBUG org.asynchttpclient.netty.handler.HttpHandler - 

Request DefaultFullHttpRequest(decodeResult: success, version: HTTP/1.1, content: EmptyByteBufBE)
GET /session/6131b3ea610f9df98faaa5ac1bbf0126/window HTTP/1.1
User-Agent: selenium/4.7.1 (java windows)
Cache-Control: no-cache
Content-Type: application/json; charset=utf-8
host: localhost:2191
accept: */*

Response DefaultHttpResponse(decodeResult: success, version: HTTP/1.1)
HTTP/1.1 200 OK
Content-Type: application/json; charset=utf-8
cache-control: no-cache
content-length: 44

22:21:12.199 [AsyncHttpClient-1-8] DEBUG org.asynchttpclient.netty.channel.ChannelManager - Adding key: http://localhost:2191 for channel [id: 0x0b6a85fc, L:/127.0.0.1:63451 - R:localhost/127.0.0.1:2191]
22:21:12.199 [Forwarding getAlertText on session 6131b3ea610f9df98faaa5ac1bbf0126 to remote] DEBUG org.asynchttpclient.netty.request.NettyRequestSender - Using pooled Channel '[id: 0x0b6a85fc, L:/127.0.0.1:63451 - R:localhost/127.0.0.1:2191]' for 'GET' to 'http://localhost:2191/session/6131b3ea610f9df98faaa5ac1bbf0126/alert/text'
22:21:12.199 [Forwarding getAlertText on session 6131b3ea610f9df98faaa5ac1bbf0126 to remote] DEBUG org.asynchttpclient.netty.request.NettyRequestSender - Using open Channel [id: 0x0b6a85fc, L:/127.0.0.1:63451 - R:localhost/127.0.0.1:2191] for GET '/session/6131b3ea610f9df98faaa5ac1bbf0126/alert/text'
22:21:12.207 [AsyncHttpClient-1-8] DEBUG org.asynchttpclient.netty.handler.HttpHandler - 

Request DefaultFullHttpRequest(decodeResult: success, version: HTTP/1.1, content: EmptyByteBufBE)
GET /session/6131b3ea610f9df98faaa5ac1bbf0126/alert/text HTTP/1.1
User-Agent: selenium/4.7.1 (java windows)
Cache-Control: no-cache
Content-Type: application/json; charset=utf-8
host: localhost:2191
accept: */*

Response DefaultHttpResponse(decodeResult: success, version: HTTP/1.1)
HTTP/1.1 404 Not Found
Content-Type: application/json; charset=utf-8
cache-control: no-cache
content-length: 821

22:21:12.207 [AsyncHttpClient-1-8] DEBUG org.asynchttpclient.netty.channel.ChannelManager - Adding key: http://localhost:2191 for channel [id: 0x0b6a85fc, L:/127.0.0.1:63451 - R:localhost/127.0.0.1:2191]
22:21:12.207 [Forwarding switchToWindow on session 6131b3ea610f9df98faaa5ac1bbf0126 to remote] DEBUG org.asynchttpclient.netty.request.NettyRequestSender - Using pooled Channel '[id: 0x0b6a85fc, L:/127.0.0.1:63451 - R:localhost/127.0.0.1:2191]' for 'POST' to 'http://localhost:2191/session/6131b3ea610f9df98faaa5ac1bbf0126/window'
22:21:12.207 [Forwarding switchToWindow on session 6131b3ea610f9df98faaa5ac1bbf0126 to remote] DEBUG org.asynchttpclient.netty.request.NettyRequestSender - Using open Channel [id: 0x0b6a85fc, L:/127.0.0.1:63451 - R:localhost/127.0.0.1:2191] for POST '/session/6131b3ea610f9df98faaa5ac1bbf0126/window'
22:21:12.215 [AsyncHttpClient-1-8] DEBUG org.asynchttpclient.netty.handler.HttpHandler - 

Request DefaultHttpRequest(decodeResult: success, version: HTTP/1.1)
POST /session/6131b3ea610f9df98faaa5ac1bbf0126/window HTTP/1.1
User-Agent: selenium/4.7.1 (java windows)
Content-Length: 50
Content-Type: application/json; charset=utf-8
host: localhost:2191
accept: */*

Response DefaultHttpResponse(decodeResult: success, version: HTTP/1.1)
HTTP/1.1 200 OK
Content-Type: application/json; charset=utf-8
cache-control: no-cache
content-length: 14

22:21:12.215 [AsyncHttpClient-1-8] DEBUG org.asynchttpclient.netty.channel.ChannelManager - Adding key: http://localhost:2191 for channel [id: 0x0b6a85fc, L:/127.0.0.1:63451 - R:localhost/127.0.0.1:2191]
22:21:12.215 [Forwarding getCurrentUrl on session 6131b3ea610f9df98faaa5ac1bbf0126 to remote] DEBUG org.asynchttpclient.netty.request.NettyRequestSender - Using pooled Channel '[id: 0x0b6a85fc, L:/127.0.0.1:63451 - R:localhost/127.0.0.1:2191]' for 'GET' to 'http://localhost:2191/session/6131b3ea610f9df98faaa5ac1bbf0126/url'
22:21:12.215 [Forwarding getCurrentUrl on session 6131b3ea610f9df98faaa5ac1bbf0126 to remote] DEBUG org.asynchttpclient.netty.request.NettyRequestSender - Using open Channel [id: 0x0b6a85fc, L:/127.0.0.1:63451 - R:localhost/127.0.0.1:2191] for GET '/session/6131b3ea610f9df98faaa5ac1bbf0126/url'
22:21:12.223 [AsyncHttpClient-1-8] DEBUG org.asynchttpclient.netty.handler.HttpHandler - 

Request DefaultFullHttpRequest(decodeResult: success, version: HTTP/1.1, content: EmptyByteBufBE)
GET /session/6131b3ea610f9df98faaa5ac1bbf0126/url HTTP/1.1
User-Agent: selenium/4.7.1 (java windows)
Cache-Control: no-cache
Content-Type: application/json; charset=utf-8
host: localhost:2191
accept: */*

Response DefaultHttpResponse(decodeResult: success, version: HTTP/1.1)
HTTP/1.1 200 OK
Content-Type: application/json; charset=utf-8
cache-control: no-cache
content-length: 51

22:21:12.223 [AsyncHttpClient-1-8] DEBUG org.asynchttpclient.netty.channel.ChannelManager - Adding key: http://localhost:2191 for channel [id: 0x0b6a85fc, L:/127.0.0.1:63451 - R:localhost/127.0.0.1:2191]
22:21:12.223 [Forwarding screenshot on session 6131b3ea610f9df98faaa5ac1bbf0126 to remote] DEBUG org.asynchttpclient.netty.request.NettyRequestSender - Using pooled Channel '[id: 0x0b6a85fc, L:/127.0.0.1:63451 - R:localhost/127.0.0.1:2191]' for 'GET' to 'http://localhost:2191/session/6131b3ea610f9df98faaa5ac1bbf0126/screenshot'
22:21:12.223 [Forwarding screenshot on session 6131b3ea610f9df98faaa5ac1bbf0126 to remote] DEBUG org.asynchttpclient.netty.request.NettyRequestSender - Using open Channel [id: 0x0b6a85fc, L:/127.0.0.1:63451 - R:localhost/127.0.0.1:2191] for GET '/session/6131b3ea610f9df98faaa5ac1bbf0126/screenshot'
22:21:12.383 [AsyncHttpClient-1-8] DEBUG org.asynchttpclient.netty.handler.HttpHandler - 

Request DefaultFullHttpRequest(decodeResult: success, version: HTTP/1.1, content: EmptyByteBufBE)
GET /session/6131b3ea610f9df98faaa5ac1bbf0126/screenshot HTTP/1.1
User-Agent: selenium/4.7.1 (java windows)
Cache-Control: no-cache
Content-Type: application/json; charset=utf-8
host: localhost:2191
accept: */*

Response DefaultHttpResponse(decodeResult: success, version: HTTP/1.1)
HTTP/1.1 200 OK
Content-Type: application/json; charset=utf-8
cache-control: no-cache
content-length: 190072

22:21:12.383 [AsyncHttpClient-1-8] DEBUG org.asynchttpclient.netty.channel.ChannelManager - Adding key: http://localhost:2191 for channel [id: 0x0b6a85fc, L:/127.0.0.1:63451 - R:localhost/127.0.0.1:2191]
22:21:12.391 [main] DEBUG net.serenitybdd.core.photography.Darkroom - Send negative for processing for target\site\serenity\d1261d317105f2022b291c8c21a98672b375594a0da6ede8cb611245ceac006a.png
22:21:12.391 [main] DEBUG net.thucydides.core.steps.StepInterceptor - STEP DONE: diHomepageSkuyPay
22:21:12.399 [main] DEBUG net.thucydides.core.steps.StepInterceptor - STARTING STEP: TransaksiSteps.adminMelakukanLoginAkun - inputfieldemail
22:21:12.399 [Forwarding findElement on session 6131b3ea610f9df98faaa5ac1bbf0126 to remote] DEBUG org.asynchttpclient.netty.request.NettyRequestSender - Using pooled Channel '[id: 0x0b6a85fc, L:/127.0.0.1:63451 - R:localhost/127.0.0.1:2191]' for 'POST' to 'http://localhost:2191/session/6131b3ea610f9df98faaa5ac1bbf0126/element'
22:21:12.399 [Forwarding findElement on session 6131b3ea610f9df98faaa5ac1bbf0126 to remote] DEBUG org.asynchttpclient.netty.request.NettyRequestSender - Using open Channel [id: 0x0b6a85fc, L:/127.0.0.1:63451 - R:localhost/127.0.0.1:2191] for POST '/session/6131b3ea610f9df98faaa5ac1bbf0126/element'
22:21:12.415 [AsyncHttpClient-1-8] DEBUG org.asynchttpclient.netty.handler.HttpHandler - 

Request DefaultHttpRequest(decodeResult: success, version: HTTP/1.1)
POST /session/6131b3ea610f9df98faaa5ac1bbf0126/element HTTP/1.1
User-Agent: selenium/4.7.1 (java windows)
Content-Length: 84
Content-Type: application/json; charset=utf-8
host: localhost:2191
accept: */*

Response DefaultHttpResponse(decodeResult: success, version: HTTP/1.1)
HTTP/1.1 200 OK
Content-Type: application/json; charset=utf-8
cache-control: no-cache
content-length: 95

22:21:12.415 [AsyncHttpClient-1-8] DEBUG org.asynchttpclient.netty.channel.ChannelManager - Adding key: http://localhost:2191 for channel [id: 0x0b6a85fc, L:/127.0.0.1:63451 - R:localhost/127.0.0.1:2191]
22:21:12.423 [Forwarding getElementTagName on session 6131b3ea610f9df98faaa5ac1bbf0126 to remote] DEBUG org.asynchttpclient.netty.request.NettyRequestSender - Using pooled Channel '[id: 0x0b6a85fc, L:/127.0.0.1:63451 - R:localhost/127.0.0.1:2191]' for 'GET' to 'http://localhost:2191/session/6131b3ea610f9df98faaa5ac1bbf0126/element/62808F59B947E2A500603E0791655CAE_element_11/name'
22:21:12.423 [Forwarding getElementTagName on session 6131b3ea610f9df98faaa5ac1bbf0126 to remote] DEBUG org.asynchttpclient.netty.request.NettyRequestSender - Using open Channel [id: 0x0b6a85fc, L:/127.0.0.1:63451 - R:localhost/127.0.0.1:2191] for GET '/session/6131b3ea610f9df98faaa5ac1bbf0126/element/62808F59B947E2A500603E0791655CAE_element_11/name'
22:21:12.431 [AsyncHttpClient-1-8] DEBUG org.asynchttpclient.netty.handler.HttpHandler - 

Request DefaultFullHttpRequest(decodeResult: success, version: HTTP/1.1, content: EmptyByteBufBE)
GET /session/6131b3ea610f9df98faaa5ac1bbf0126/element/62808F59B947E2A500603E0791655CAE_element_11/name HTTP/1.1
User-Agent: selenium/4.7.1 (java windows)
Cache-Control: no-cache
Content-Type: application/json; charset=utf-8
host: localhost:2191
accept: */*

Response DefaultHttpResponse(decodeResult: success, version: HTTP/1.1)
HTTP/1.1 200 OK
Content-Type: application/json; charset=utf-8
cache-control: no-cache
content-length: 17

22:21:12.431 [AsyncHttpClient-1-8] DEBUG org.asynchttpclient.netty.channel.ChannelManager - Adding key: http://localhost:2191 for channel [id: 0x0b6a85fc, L:/127.0.0.1:63451 - R:localhost/127.0.0.1:2191]
22:21:12.431 [Forwarding getElementTagName on session 6131b3ea610f9df98faaa5ac1bbf0126 to remote] DEBUG org.asynchttpclient.netty.request.NettyRequestSender - Using pooled Channel '[id: 0x0b6a85fc, L:/127.0.0.1:63451 - R:localhost/127.0.0.1:2191]' for 'GET' to 'http://localhost:2191/session/6131b3ea610f9df98faaa5ac1bbf0126/element/62808F59B947E2A500603E0791655CAE_element_11/name'
22:21:12.431 [Forwarding getElementTagName on session 6131b3ea610f9df98faaa5ac1bbf0126 to remote] DEBUG org.asynchttpclient.netty.request.NettyRequestSender - Using open Channel [id: 0x0b6a85fc, L:/127.0.0.1:63451 - R:localhost/127.0.0.1:2191] for GET '/session/6131b3ea610f9df98faaa5ac1bbf0126/element/62808F59B947E2A500603E0791655CAE_element_11/name'
22:21:12.439 [AsyncHttpClient-1-8] DEBUG org.asynchttpclient.netty.handler.HttpHandler - 

Request DefaultFullHttpRequest(decodeResult: success, version: HTTP/1.1, content: EmptyByteBufBE)
GET /session/6131b3ea610f9df98faaa5ac1bbf0126/element/62808F59B947E2A500603E0791655CAE_element_11/name HTTP/1.1
User-Agent: selenium/4.7.1 (java windows)
Cache-Control: no-cache
Content-Type: application/json; charset=utf-8
host: localhost:2191
accept: */*

Response DefaultHttpResponse(decodeResult: success, version: HTTP/1.1)
HTTP/1.1 200 OK
Content-Type: application/json; charset=utf-8
cache-control: no-cache
content-length: 17

22:21:12.447 [AsyncHttpClient-1-8] DEBUG org.asynchttpclient.netty.channel.ChannelManager - Adding key: http://localhost:2191 for channel [id: 0x0b6a85fc, L:/127.0.0.1:63451 - R:localhost/127.0.0.1:2191]
22:21:12.448 [Forwarding isElementEnabled on session 6131b3ea610f9df98faaa5ac1bbf0126 to remote] DEBUG org.asynchttpclient.netty.request.NettyRequestSender - Using pooled Channel '[id: 0x0b6a85fc, L:/127.0.0.1:63451 - R:localhost/127.0.0.1:2191]' for 'GET' to 'http://localhost:2191/session/6131b3ea610f9df98faaa5ac1bbf0126/element/62808F59B947E2A500603E0791655CAE_element_11/enabled'
22:21:12.448 [Forwarding isElementEnabled on session 6131b3ea610f9df98faaa5ac1bbf0126 to remote] DEBUG org.asynchttpclient.netty.request.NettyRequestSender - Using open Channel [id: 0x0b6a85fc, L:/127.0.0.1:63451 - R:localhost/127.0.0.1:2191] for GET '/session/6131b3ea610f9df98faaa5ac1bbf0126/element/62808F59B947E2A500603E0791655CAE_element_11/enabled'
22:21:12.463 [AsyncHttpClient-1-8] DEBUG org.asynchttpclient.netty.handler.HttpHandler - 

Request DefaultFullHttpRequest(decodeResult: success, version: HTTP/1.1, content: EmptyByteBufBE)
GET /session/6131b3ea610f9df98faaa5ac1bbf0126/element/62808F59B947E2A500603E0791655CAE_element_11/enabled HTTP/1.1
User-Agent: selenium/4.7.1 (java windows)
Cache-Control: no-cache
Content-Type: application/json; charset=utf-8
host: localhost:2191
accept: */*

Response DefaultHttpResponse(decodeResult: success, version: HTTP/1.1)
HTTP/1.1 200 OK
Content-Type: application/json; charset=utf-8
cache-control: no-cache
content-length: 14

22:21:12.463 [AsyncHttpClient-1-8] DEBUG org.asynchttpclient.netty.channel.ChannelManager - Adding key: http://localhost:2191 for channel [id: 0x0b6a85fc, L:/127.0.0.1:63451 - R:localhost/127.0.0.1:2191]
22:21:12.463 [Forwarding isElementEnabled on session 6131b3ea610f9df98faaa5ac1bbf0126 to remote] DEBUG org.asynchttpclient.netty.request.NettyRequestSender - Using pooled Channel '[id: 0x0b6a85fc, L:/127.0.0.1:63451 - R:localhost/127.0.0.1:2191]' for 'GET' to 'http://localhost:2191/session/6131b3ea610f9df98faaa5ac1bbf0126/element/62808F59B947E2A500603E0791655CAE_element_11/enabled'
22:21:12.463 [Forwarding isElementEnabled on session 6131b3ea610f9df98faaa5ac1bbf0126 to remote] DEBUG org.asynchttpclient.netty.request.NettyRequestSender - Using open Channel [id: 0x0b6a85fc, L:/127.0.0.1:63451 - R:localhost/127.0.0.1:2191] for GET '/session/6131b3ea610f9df98faaa5ac1bbf0126/element/62808F59B947E2A500603E0791655CAE_element_11/enabled'
22:21:12.479 [AsyncHttpClient-1-8] DEBUG org.asynchttpclient.netty.handler.HttpHandler - 

Request DefaultFullHttpRequest(decodeResult: success, version: HTTP/1.1, content: EmptyByteBufBE)
GET /session/6131b3ea610f9df98faaa5ac1bbf0126/element/62808F59B947E2A500603E0791655CAE_element_11/enabled HTTP/1.1
User-Agent: selenium/4.7.1 (java windows)
Cache-Control: no-cache
Content-Type: application/json; charset=utf-8
host: localhost:2191
accept: */*

Response DefaultHttpResponse(decodeResult: success, version: HTTP/1.1)
HTTP/1.1 200 OK
Content-Type: application/json; charset=utf-8
cache-control: no-cache
content-length: 14

22:21:12.479 [AsyncHttpClient-1-8] DEBUG org.asynchttpclient.netty.channel.ChannelManager - Adding key: http://localhost:2191 for channel [id: 0x0b6a85fc, L:/127.0.0.1:63451 - R:localhost/127.0.0.1:2191]
22:21:12.479 [Forwarding findElement on session 6131b3ea610f9df98faaa5ac1bbf0126 to remote] DEBUG org.asynchttpclient.netty.request.NettyRequestSender - Using pooled Channel '[id: 0x0b6a85fc, L:/127.0.0.1:63451 - R:localhost/127.0.0.1:2191]' for 'POST' to 'http://localhost:2191/session/6131b3ea610f9df98faaa5ac1bbf0126/element'
22:21:12.479 [Forwarding findElement on session 6131b3ea610f9df98faaa5ac1bbf0126 to remote] DEBUG org.asynchttpclient.netty.request.NettyRequestSender - Using open Channel [id: 0x0b6a85fc, L:/127.0.0.1:63451 - R:localhost/127.0.0.1:2191] for POST '/session/6131b3ea610f9df98faaa5ac1bbf0126/element'
22:21:12.512 [AsyncHttpClient-1-8] DEBUG org.asynchttpclient.netty.handler.HttpHandler - 

Request DefaultHttpRequest(decodeResult: success, version: HTTP/1.1)
POST /session/6131b3ea610f9df98faaa5ac1bbf0126/element HTTP/1.1
User-Agent: selenium/4.7.1 (java windows)
Content-Length: 84
Content-Type: application/json; charset=utf-8
host: localhost:2191
accept: */*

Response DefaultHttpResponse(decodeResult: success, version: HTTP/1.1)
HTTP/1.1 200 OK
Content-Type: application/json; charset=utf-8
cache-control: no-cache
content-length: 95

22:21:12.512 [AsyncHttpClient-1-8] DEBUG org.asynchttpclient.netty.channel.ChannelManager - Adding key: http://localhost:2191 for channel [id: 0x0b6a85fc, L:/127.0.0.1:63451 - R:localhost/127.0.0.1:2191]
22:21:12.512 [Forwarding clickElement on session 6131b3ea610f9df98faaa5ac1bbf0126 to remote] DEBUG org.asynchttpclient.netty.request.NettyRequestSender - Using pooled Channel '[id: 0x0b6a85fc, L:/127.0.0.1:63451 - R:localhost/127.0.0.1:2191]' for 'POST' to 'http://localhost:2191/session/6131b3ea610f9df98faaa5ac1bbf0126/element/62808F59B947E2A500603E0791655CAE_element_11/click'
22:21:12.512 [Forwarding clickElement on session 6131b3ea610f9df98faaa5ac1bbf0126 to remote] DEBUG org.asynchttpclient.netty.request.NettyRequestSender - Using open Channel [id: 0x0b6a85fc, L:/127.0.0.1:63451 - R:localhost/127.0.0.1:2191] for POST '/session/6131b3ea610f9df98faaa5ac1bbf0126/element/62808F59B947E2A500603E0791655CAE_element_11/click'
22:21:12.675 [AsyncHttpClient-1-8] DEBUG org.asynchttpclient.netty.handler.HttpHandler - 

Request DefaultHttpRequest(decodeResult: success, version: HTTP/1.1)
POST /session/6131b3ea610f9df98faaa5ac1bbf0126/element/62808F59B947E2A500603E0791655CAE_element_11/click HTTP/1.1
User-Agent: selenium/4.7.1 (java windows)
Content-Length: 57
Content-Type: application/json; charset=utf-8
host: localhost:2191
accept: */*

Response DefaultHttpResponse(decodeResult: success, version: HTTP/1.1)
HTTP/1.1 200 OK
Content-Type: application/json; charset=utf-8
cache-control: no-cache
content-length: 14

22:21:12.675 [AsyncHttpClient-1-8] DEBUG org.asynchttpclient.netty.channel.ChannelManager - Adding key: http://localhost:2191 for channel [id: 0x0b6a85fc, L:/127.0.0.1:63451 - R:localhost/127.0.0.1:2191]
22:21:12.691 [Forwarding findElement on session 6131b3ea610f9df98faaa5ac1bbf0126 to remote] DEBUG org.asynchttpclient.netty.request.NettyRequestSender - Using pooled Channel '[id: 0x0b6a85fc, L:/127.0.0.1:63451 - R:localhost/127.0.0.1:2191]' for 'POST' to 'http://localhost:2191/session/6131b3ea610f9df98faaa5ac1bbf0126/element'
22:21:12.691 [Forwarding findElement on session 6131b3ea610f9df98faaa5ac1bbf0126 to remote] DEBUG org.asynchttpclient.netty.request.NettyRequestSender - Using open Channel [id: 0x0b6a85fc, L:/127.0.0.1:63451 - R:localhost/127.0.0.1:2191] for POST '/session/6131b3ea610f9df98faaa5ac1bbf0126/element'
22:21:12.699 [AsyncHttpClient-1-8] DEBUG org.asynchttpclient.netty.handler.HttpHandler - 

Request DefaultHttpRequest(decodeResult: success, version: HTTP/1.1)
POST /session/6131b3ea610f9df98faaa5ac1bbf0126/element HTTP/1.1
User-Agent: selenium/4.7.1 (java windows)
Content-Length: 84
Content-Type: application/json; charset=utf-8
host: localhost:2191
accept: */*

Response DefaultHttpResponse(decodeResult: success, version: HTTP/1.1)
HTTP/1.1 200 OK
Content-Type: application/json; charset=utf-8
cache-control: no-cache
content-length: 95

22:21:12.699 [AsyncHttpClient-1-8] DEBUG org.asynchttpclient.netty.channel.ChannelManager - Adding key: http://localhost:2191 for channel [id: 0x0b6a85fc, L:/127.0.0.1:63451 - R:localhost/127.0.0.1:2191]
22:21:12.707 [Forwarding clearElement on session 6131b3ea610f9df98faaa5ac1bbf0126 to remote] DEBUG org.asynchttpclient.netty.request.NettyRequestSender - Using pooled Channel '[id: 0x0b6a85fc, L:/127.0.0.1:63451 - R:localhost/127.0.0.1:2191]' for 'POST' to 'http://localhost:2191/session/6131b3ea610f9df98faaa5ac1bbf0126/element/62808F59B947E2A500603E0791655CAE_element_11/clear'
22:21:12.707 [Forwarding clearElement on session 6131b3ea610f9df98faaa5ac1bbf0126 to remote] DEBUG org.asynchttpclient.netty.request.NettyRequestSender - Using open Channel [id: 0x0b6a85fc, L:/127.0.0.1:63451 - R:localhost/127.0.0.1:2191] for POST '/session/6131b3ea610f9df98faaa5ac1bbf0126/element/62808F59B947E2A500603E0791655CAE_element_11/clear'
22:21:12.756 [AsyncHttpClient-1-8] DEBUG org.asynchttpclient.netty.handler.HttpHandler - 

Request DefaultHttpRequest(decodeResult: success, version: HTTP/1.1)
POST /session/6131b3ea610f9df98faaa5ac1bbf0126/element/62808F59B947E2A500603E0791655CAE_element_11/clear HTTP/1.1
User-Agent: selenium/4.7.1 (java windows)
Content-Length: 57
Content-Type: application/json; charset=utf-8
host: localhost:2191
accept: */*

Response DefaultHttpResponse(decodeResult: success, version: HTTP/1.1)
HTTP/1.1 200 OK
Content-Type: application/json; charset=utf-8
cache-control: no-cache
content-length: 14

22:21:12.756 [AsyncHttpClient-1-8] DEBUG org.asynchttpclient.netty.channel.ChannelManager - Adding key: http://localhost:2191 for channel [id: 0x0b6a85fc, L:/127.0.0.1:63451 - R:localhost/127.0.0.1:2191]
22:21:12.764 [Forwarding sendKeysToElement on session 6131b3ea610f9df98faaa5ac1bbf0126 to remote] DEBUG org.asynchttpclient.netty.request.NettyRequestSender - Using pooled Channel '[id: 0x0b6a85fc, L:/127.0.0.1:63451 - R:localhost/127.0.0.1:2191]' for 'POST' to 'http://localhost:2191/session/6131b3ea610f9df98faaa5ac1bbf0126/element/62808F59B947E2A500603E0791655CAE_element_11/value'
22:21:12.764 [Forwarding sendKeysToElement on session 6131b3ea610f9df98faaa5ac1bbf0126 to remote] DEBUG org.asynchttpclient.netty.request.NettyRequestSender - Using open Channel [id: 0x0b6a85fc, L:/127.0.0.1:63451 - R:localhost/127.0.0.1:2191] for POST '/session/6131b3ea610f9df98faaa5ac1bbf0126/element/62808F59B947E2A500603E0791655CAE_element_11/value'
22:21:12.900 [AsyncHttpClient-1-8] DEBUG org.asynchttpclient.netty.handler.HttpHandler - 

Request DefaultHttpRequest(decodeResult: success, version: HTTP/1.1)
POST /session/6131b3ea610f9df98faaa5ac1bbf0126/element/62808F59B947E2A500603E0791655CAE_element_11/value HTTP/1.1
User-Agent: selenium/4.7.1 (java windows)
Content-Length: 228
Content-Type: application/json; charset=utf-8
host: localhost:2191
accept: */*

Response DefaultHttpResponse(decodeResult: success, version: HTTP/1.1)
HTTP/1.1 200 OK
Content-Type: application/json; charset=utf-8
cache-control: no-cache
content-length: 14

22:21:12.900 [AsyncHttpClient-1-8] DEBUG org.asynchttpclient.netty.channel.ChannelManager - Adding key: http://localhost:2191 for channel [id: 0x0b6a85fc, L:/127.0.0.1:63451 - R:localhost/127.0.0.1:2191]
22:21:12.908 [Forwarding getCurrentWindowHandle on session 6131b3ea610f9df98faaa5ac1bbf0126 to remote] DEBUG org.asynchttpclient.netty.request.NettyRequestSender - Using pooled Channel '[id: 0x0b6a85fc, L:/127.0.0.1:63451 - R:localhost/127.0.0.1:2191]' for 'GET' to 'http://localhost:2191/session/6131b3ea610f9df98faaa5ac1bbf0126/window'
22:21:12.908 [Forwarding getCurrentWindowHandle on session 6131b3ea610f9df98faaa5ac1bbf0126 to remote] DEBUG org.asynchttpclient.netty.request.NettyRequestSender - Using open Channel [id: 0x0b6a85fc, L:/127.0.0.1:63451 - R:localhost/127.0.0.1:2191] for GET '/session/6131b3ea610f9df98faaa5ac1bbf0126/window'
22:21:12.908 [AsyncHttpClient-1-8] DEBUG org.asynchttpclient.netty.handler.HttpHandler - 

Request DefaultFullHttpRequest(decodeResult: success, version: HTTP/1.1, content: EmptyByteBufBE)
GET /session/6131b3ea610f9df98faaa5ac1bbf0126/window HTTP/1.1
User-Agent: selenium/4.7.1 (java windows)
Cache-Control: no-cache
Content-Type: application/json; charset=utf-8
host: localhost:2191
accept: */*

Response DefaultHttpResponse(decodeResult: success, version: HTTP/1.1)
HTTP/1.1 200 OK
Content-Type: application/json; charset=utf-8
cache-control: no-cache
content-length: 44

22:21:12.916 [AsyncHttpClient-1-8] DEBUG org.asynchttpclient.netty.channel.ChannelManager - Adding key: http://localhost:2191 for channel [id: 0x0b6a85fc, L:/127.0.0.1:63451 - R:localhost/127.0.0.1:2191]
22:21:12.916 [Forwarding getAlertText on session 6131b3ea610f9df98faaa5ac1bbf0126 to remote] DEBUG org.asynchttpclient.netty.request.NettyRequestSender - Using pooled Channel '[id: 0x0b6a85fc, L:/127.0.0.1:63451 - R:localhost/127.0.0.1:2191]' for 'GET' to 'http://localhost:2191/session/6131b3ea610f9df98faaa5ac1bbf0126/alert/text'
22:21:12.916 [Forwarding getAlertText on session 6131b3ea610f9df98faaa5ac1bbf0126 to remote] DEBUG org.asynchttpclient.netty.request.NettyRequestSender - Using open Channel [id: 0x0b6a85fc, L:/127.0.0.1:63451 - R:localhost/127.0.0.1:2191] for GET '/session/6131b3ea610f9df98faaa5ac1bbf0126/alert/text'
22:21:12.916 [AsyncHttpClient-1-8] DEBUG org.asynchttpclient.netty.handler.HttpHandler - 

Request DefaultFullHttpRequest(decodeResult: success, version: HTTP/1.1, content: EmptyByteBufBE)
GET /session/6131b3ea610f9df98faaa5ac1bbf0126/alert/text HTTP/1.1
User-Agent: selenium/4.7.1 (java windows)
Cache-Control: no-cache
Content-Type: application/json; charset=utf-8
host: localhost:2191
accept: */*

Response DefaultHttpResponse(decodeResult: success, version: HTTP/1.1)
HTTP/1.1 404 Not Found
Content-Type: application/json; charset=utf-8
cache-control: no-cache
content-length: 821

22:21:12.916 [AsyncHttpClient-1-8] DEBUG org.asynchttpclient.netty.channel.ChannelManager - Adding key: http://localhost:2191 for channel [id: 0x0b6a85fc, L:/127.0.0.1:63451 - R:localhost/127.0.0.1:2191]
22:21:12.924 [Forwarding switchToWindow on session 6131b3ea610f9df98faaa5ac1bbf0126 to remote] DEBUG org.asynchttpclient.netty.request.NettyRequestSender - Using pooled Channel '[id: 0x0b6a85fc, L:/127.0.0.1:63451 - R:localhost/127.0.0.1:2191]' for 'POST' to 'http://localhost:2191/session/6131b3ea610f9df98faaa5ac1bbf0126/window'
22:21:12.924 [Forwarding switchToWindow on session 6131b3ea610f9df98faaa5ac1bbf0126 to remote] DEBUG org.asynchttpclient.netty.request.NettyRequestSender - Using open Channel [id: 0x0b6a85fc, L:/127.0.0.1:63451 - R:localhost/127.0.0.1:2191] for POST '/session/6131b3ea610f9df98faaa5ac1bbf0126/window'
22:21:12.924 [AsyncHttpClient-1-8] DEBUG org.asynchttpclient.netty.handler.HttpHandler - 

Request DefaultHttpRequest(decodeResult: success, version: HTTP/1.1)
POST /session/6131b3ea610f9df98faaa5ac1bbf0126/window HTTP/1.1
User-Agent: selenium/4.7.1 (java windows)
Content-Length: 50
Content-Type: application/json; charset=utf-8
host: localhost:2191
accept: */*

Response DefaultHttpResponse(decodeResult: success, version: HTTP/1.1)
HTTP/1.1 200 OK
Content-Type: application/json; charset=utf-8
cache-control: no-cache
content-length: 14

22:21:12.924 [AsyncHttpClient-1-8] DEBUG org.asynchttpclient.netty.channel.ChannelManager - Adding key: http://localhost:2191 for channel [id: 0x0b6a85fc, L:/127.0.0.1:63451 - R:localhost/127.0.0.1:2191]
22:21:12.924 [Forwarding getCurrentUrl on session 6131b3ea610f9df98faaa5ac1bbf0126 to remote] DEBUG org.asynchttpclient.netty.request.NettyRequestSender - Using pooled Channel '[id: 0x0b6a85fc, L:/127.0.0.1:63451 - R:localhost/127.0.0.1:2191]' for 'GET' to 'http://localhost:2191/session/6131b3ea610f9df98faaa5ac1bbf0126/url'
22:21:12.924 [Forwarding getCurrentUrl on session 6131b3ea610f9df98faaa5ac1bbf0126 to remote] DEBUG org.asynchttpclient.netty.request.NettyRequestSender - Using open Channel [id: 0x0b6a85fc, L:/127.0.0.1:63451 - R:localhost/127.0.0.1:2191] for GET '/session/6131b3ea610f9df98faaa5ac1bbf0126/url'
22:21:12.932 [AsyncHttpClient-1-8] DEBUG org.asynchttpclient.netty.handler.HttpHandler - 

Request DefaultFullHttpRequest(decodeResult: success, version: HTTP/1.1, content: EmptyByteBufBE)
GET /session/6131b3ea610f9df98faaa5ac1bbf0126/url HTTP/1.1
User-Agent: selenium/4.7.1 (java windows)
Cache-Control: no-cache
Content-Type: application/json; charset=utf-8
host: localhost:2191
accept: */*

Response DefaultHttpResponse(decodeResult: success, version: HTTP/1.1)
HTTP/1.1 200 OK
Content-Type: application/json; charset=utf-8
cache-control: no-cache
content-length: 51

22:21:12.932 [AsyncHttpClient-1-8] DEBUG org.asynchttpclient.netty.channel.ChannelManager - Adding key: http://localhost:2191 for channel [id: 0x0b6a85fc, L:/127.0.0.1:63451 - R:localhost/127.0.0.1:2191]
22:21:12.940 [Forwarding screenshot on session 6131b3ea610f9df98faaa5ac1bbf0126 to remote] DEBUG org.asynchttpclient.netty.request.NettyRequestSender - Using pooled Channel '[id: 0x0b6a85fc, L:/127.0.0.1:63451 - R:localhost/127.0.0.1:2191]' for 'GET' to 'http://localhost:2191/session/6131b3ea610f9df98faaa5ac1bbf0126/screenshot'
22:21:12.940 [Forwarding screenshot on session 6131b3ea610f9df98faaa5ac1bbf0126 to remote] DEBUG org.asynchttpclient.netty.request.NettyRequestSender - Using open Channel [id: 0x0b6a85fc, L:/127.0.0.1:63451 - R:localhost/127.0.0.1:2191] for GET '/session/6131b3ea610f9df98faaa5ac1bbf0126/screenshot'
22:21:13.100 [AsyncHttpClient-1-8] DEBUG org.asynchttpclient.netty.handler.HttpHandler - 

Request DefaultFullHttpRequest(decodeResult: success, version: HTTP/1.1, content: EmptyByteBufBE)
GET /session/6131b3ea610f9df98faaa5ac1bbf0126/screenshot HTTP/1.1
User-Agent: selenium/4.7.1 (java windows)
Cache-Control: no-cache
Content-Type: application/json; charset=utf-8
host: localhost:2191
accept: */*

Response DefaultHttpResponse(decodeResult: success, version: HTTP/1.1)
HTTP/1.1 200 OK
Content-Type: application/json; charset=utf-8
cache-control: no-cache
content-length: 192440

22:21:13.100 [AsyncHttpClient-1-8] DEBUG org.asynchttpclient.netty.channel.ChannelManager - Adding key: http://localhost:2191 for channel [id: 0x0b6a85fc, L:/127.0.0.1:63451 - R:localhost/127.0.0.1:2191]
22:21:13.108 [main] DEBUG net.serenitybdd.core.photography.Darkroom - Send negative for processing for target\site\serenity\82af9b4d23dce5d2c172b7bd1d3eac742b4703310d0937898c7393eb58671bd7.png
22:21:13.108 [main] DEBUG net.thucydides.core.steps.StepInterceptor - STEP DONE: inputfieldemail
22:21:13.108 [main] DEBUG net.thucydides.core.steps.StepInterceptor - STARTING STEP: TransaksiSteps.adminMelakukanLoginAkun - inputfieldpassword
22:21:13.116 [AsyncHttpClient-1-1] DEBUG org.asynchttpclient.netty.channel.DefaultChannelPool - Entry count for : http://localhost:63453 : 1
22:21:13.116 [AsyncHttpClient-1-1] DEBUG org.asynchttpclient.netty.channel.DefaultChannelPool - Entry count for : http://localhost:2191 : 1
22:21:13.116 [Forwarding findElement on session 6131b3ea610f9df98faaa5ac1bbf0126 to remote] DEBUG org.asynchttpclient.netty.request.NettyRequestSender - Using pooled Channel '[id: 0x0b6a85fc, L:/127.0.0.1:63451 - R:localhost/127.0.0.1:2191]' for 'POST' to 'http://localhost:2191/session/6131b3ea610f9df98faaa5ac1bbf0126/element'
22:21:13.116 [Forwarding findElement on session 6131b3ea610f9df98faaa5ac1bbf0126 to remote] DEBUG org.asynchttpclient.netty.request.NettyRequestSender - Using open Channel [id: 0x0b6a85fc, L:/127.0.0.1:63451 - R:localhost/127.0.0.1:2191] for POST '/session/6131b3ea610f9df98faaa5ac1bbf0126/element'
22:21:13.132 [AsyncHttpClient-1-8] DEBUG org.asynchttpclient.netty.handler.HttpHandler - 

Request DefaultHttpRequest(decodeResult: success, version: HTTP/1.1)
POST /session/6131b3ea610f9df98faaa5ac1bbf0126/element HTTP/1.1
User-Agent: selenium/4.7.1 (java windows)
Content-Length: 72
Content-Type: application/json; charset=utf-8
host: localhost:2191
accept: */*

Response DefaultHttpResponse(decodeResult: success, version: HTTP/1.1)
HTTP/1.1 200 OK
Content-Type: application/json; charset=utf-8
cache-control: no-cache
content-length: 94

22:21:13.132 [AsyncHttpClient-1-8] DEBUG org.asynchttpclient.netty.channel.ChannelManager - Adding key: http://localhost:2191 for channel [id: 0x0b6a85fc, L:/127.0.0.1:63451 - R:localhost/127.0.0.1:2191]
22:21:13.132 [Forwarding getElementTagName on session 6131b3ea610f9df98faaa5ac1bbf0126 to remote] DEBUG org.asynchttpclient.netty.request.NettyRequestSender - Using pooled Channel '[id: 0x0b6a85fc, L:/127.0.0.1:63451 - R:localhost/127.0.0.1:2191]' for 'GET' to 'http://localhost:2191/session/6131b3ea610f9df98faaa5ac1bbf0126/element/62808F59B947E2A500603E0791655CAE_element_5/name'
22:21:13.132 [Forwarding getElementTagName on session 6131b3ea610f9df98faaa5ac1bbf0126 to remote] DEBUG org.asynchttpclient.netty.request.NettyRequestSender - Using open Channel [id: 0x0b6a85fc, L:/127.0.0.1:63451 - R:localhost/127.0.0.1:2191] for GET '/session/6131b3ea610f9df98faaa5ac1bbf0126/element/62808F59B947E2A500603E0791655CAE_element_5/name'
22:21:13.140 [AsyncHttpClient-1-8] DEBUG org.asynchttpclient.netty.handler.HttpHandler - 

Request DefaultFullHttpRequest(decodeResult: success, version: HTTP/1.1, content: EmptyByteBufBE)
GET /session/6131b3ea610f9df98faaa5ac1bbf0126/element/62808F59B947E2A500603E0791655CAE_element_5/name HTTP/1.1
User-Agent: selenium/4.7.1 (java windows)
Cache-Control: no-cache
Content-Type: application/json; charset=utf-8
host: localhost:2191
accept: */*

Response DefaultHttpResponse(decodeResult: success, version: HTTP/1.1)
HTTP/1.1 200 OK
Content-Type: application/json; charset=utf-8
cache-control: no-cache
content-length: 17

22:21:13.140 [AsyncHttpClient-1-8] DEBUG org.asynchttpclient.netty.channel.ChannelManager - Adding key: http://localhost:2191 for channel [id: 0x0b6a85fc, L:/127.0.0.1:63451 - R:localhost/127.0.0.1:2191]
22:21:13.148 [Forwarding getElementTagName on session 6131b3ea610f9df98faaa5ac1bbf0126 to remote] DEBUG org.asynchttpclient.netty.request.NettyRequestSender - Using pooled Channel '[id: 0x0b6a85fc, L:/127.0.0.1:63451 - R:localhost/127.0.0.1:2191]' for 'GET' to 'http://localhost:2191/session/6131b3ea610f9df98faaa5ac1bbf0126/element/62808F59B947E2A500603E0791655CAE_element_5/name'
22:21:13.148 [Forwarding getElementTagName on session 6131b3ea610f9df98faaa5ac1bbf0126 to remote] DEBUG org.asynchttpclient.netty.request.NettyRequestSender - Using open Channel [id: 0x0b6a85fc, L:/127.0.0.1:63451 - R:localhost/127.0.0.1:2191] for GET '/session/6131b3ea610f9df98faaa5ac1bbf0126/element/62808F59B947E2A500603E0791655CAE_element_5/name'
22:21:13.156 [AsyncHttpClient-1-8] DEBUG org.asynchttpclient.netty.handler.HttpHandler - 

Request DefaultFullHttpRequest(decodeResult: success, version: HTTP/1.1, content: EmptyByteBufBE)
GET /session/6131b3ea610f9df98faaa5ac1bbf0126/element/62808F59B947E2A500603E0791655CAE_element_5/name HTTP/1.1
User-Agent: selenium/4.7.1 (java windows)
Cache-Control: no-cache
Content-Type: application/json; charset=utf-8
host: localhost:2191
accept: */*

Response DefaultHttpResponse(decodeResult: success, version: HTTP/1.1)
HTTP/1.1 200 OK
Content-Type: application/json; charset=utf-8
cache-control: no-cache
content-length: 17

22:21:13.156 [AsyncHttpClient-1-8] DEBUG org.asynchttpclient.netty.channel.ChannelManager - Adding key: http://localhost:2191 for channel [id: 0x0b6a85fc, L:/127.0.0.1:63451 - R:localhost/127.0.0.1:2191]
22:21:13.156 [Forwarding isElementEnabled on session 6131b3ea610f9df98faaa5ac1bbf0126 to remote] DEBUG org.asynchttpclient.netty.request.NettyRequestSender - Using pooled Channel '[id: 0x0b6a85fc, L:/127.0.0.1:63451 - R:localhost/127.0.0.1:2191]' for 'GET' to 'http://localhost:2191/session/6131b3ea610f9df98faaa5ac1bbf0126/element/62808F59B947E2A500603E0791655CAE_element_5/enabled'
22:21:13.156 [Forwarding isElementEnabled on session 6131b3ea610f9df98faaa5ac1bbf0126 to remote] DEBUG org.asynchttpclient.netty.request.NettyRequestSender - Using open Channel [id: 0x0b6a85fc, L:/127.0.0.1:63451 - R:localhost/127.0.0.1:2191] for GET '/session/6131b3ea610f9df98faaa5ac1bbf0126/element/62808F59B947E2A500603E0791655CAE_element_5/enabled'
22:21:13.172 [AsyncHttpClient-1-8] DEBUG org.asynchttpclient.netty.handler.HttpHandler - 

Request DefaultFullHttpRequest(decodeResult: success, version: HTTP/1.1, content: EmptyByteBufBE)
GET /session/6131b3ea610f9df98faaa5ac1bbf0126/element/62808F59B947E2A500603E0791655CAE_element_5/enabled HTTP/1.1
User-Agent: selenium/4.7.1 (java windows)
Cache-Control: no-cache
Content-Type: application/json; charset=utf-8
host: localhost:2191
accept: */*

Response DefaultHttpResponse(decodeResult: success, version: HTTP/1.1)
HTTP/1.1 200 OK
Content-Type: application/json; charset=utf-8
cache-control: no-cache
content-length: 14

22:21:13.172 [AsyncHttpClient-1-8] DEBUG org.asynchttpclient.netty.channel.ChannelManager - Adding key: http://localhost:2191 for channel [id: 0x0b6a85fc, L:/127.0.0.1:63451 - R:localhost/127.0.0.1:2191]
22:21:13.172 [Forwarding isElementEnabled on session 6131b3ea610f9df98faaa5ac1bbf0126 to remote] DEBUG org.asynchttpclient.netty.request.NettyRequestSender - Using pooled Channel '[id: 0x0b6a85fc, L:/127.0.0.1:63451 - R:localhost/127.0.0.1:2191]' for 'GET' to 'http://localhost:2191/session/6131b3ea610f9df98faaa5ac1bbf0126/element/62808F59B947E2A500603E0791655CAE_element_5/enabled'
22:21:13.172 [Forwarding isElementEnabled on session 6131b3ea610f9df98faaa5ac1bbf0126 to remote] DEBUG org.asynchttpclient.netty.request.NettyRequestSender - Using open Channel [id: 0x0b6a85fc, L:/127.0.0.1:63451 - R:localhost/127.0.0.1:2191] for GET '/session/6131b3ea610f9df98faaa5ac1bbf0126/element/62808F59B947E2A500603E0791655CAE_element_5/enabled'
22:21:13.180 [AsyncHttpClient-1-8] DEBUG org.asynchttpclient.netty.handler.HttpHandler - 

Request DefaultFullHttpRequest(decodeResult: success, version: HTTP/1.1, content: EmptyByteBufBE)
GET /session/6131b3ea610f9df98faaa5ac1bbf0126/element/62808F59B947E2A500603E0791655CAE_element_5/enabled HTTP/1.1
User-Agent: selenium/4.7.1 (java windows)
Cache-Control: no-cache
Content-Type: application/json; charset=utf-8
host: localhost:2191
accept: */*

Response DefaultHttpResponse(decodeResult: success, version: HTTP/1.1)
HTTP/1.1 200 OK
Content-Type: application/json; charset=utf-8
cache-control: no-cache
content-length: 14

22:21:13.180 [AsyncHttpClient-1-8] DEBUG org.asynchttpclient.netty.channel.ChannelManager - Adding key: http://localhost:2191 for channel [id: 0x0b6a85fc, L:/127.0.0.1:63451 - R:localhost/127.0.0.1:2191]
22:21:13.188 [Forwarding findElement on session 6131b3ea610f9df98faaa5ac1bbf0126 to remote] DEBUG org.asynchttpclient.netty.request.NettyRequestSender - Using pooled Channel '[id: 0x0b6a85fc, L:/127.0.0.1:63451 - R:localhost/127.0.0.1:2191]' for 'POST' to 'http://localhost:2191/session/6131b3ea610f9df98faaa5ac1bbf0126/element'
22:21:13.188 [Forwarding findElement on session 6131b3ea610f9df98faaa5ac1bbf0126 to remote] DEBUG org.asynchttpclient.netty.request.NettyRequestSender - Using open Channel [id: 0x0b6a85fc, L:/127.0.0.1:63451 - R:localhost/127.0.0.1:2191] for POST '/session/6131b3ea610f9df98faaa5ac1bbf0126/element'
22:21:13.196 [AsyncHttpClient-1-8] DEBUG org.asynchttpclient.netty.handler.HttpHandler - 

Request DefaultHttpRequest(decodeResult: success, version: HTTP/1.1)
POST /session/6131b3ea610f9df98faaa5ac1bbf0126/element HTTP/1.1
User-Agent: selenium/4.7.1 (java windows)
Content-Length: 72
Content-Type: application/json; charset=utf-8
host: localhost:2191
accept: */*

Response DefaultHttpResponse(decodeResult: success, version: HTTP/1.1)
HTTP/1.1 200 OK
Content-Type: application/json; charset=utf-8
cache-control: no-cache
content-length: 94

22:21:13.196 [AsyncHttpClient-1-8] DEBUG org.asynchttpclient.netty.channel.ChannelManager - Adding key: http://localhost:2191 for channel [id: 0x0b6a85fc, L:/127.0.0.1:63451 - R:localhost/127.0.0.1:2191]
22:21:13.204 [Forwarding clickElement on session 6131b3ea610f9df98faaa5ac1bbf0126 to remote] DEBUG org.asynchttpclient.netty.request.NettyRequestSender - Using pooled Channel '[id: 0x0b6a85fc, L:/127.0.0.1:63451 - R:localhost/127.0.0.1:2191]' for 'POST' to 'http://localhost:2191/session/6131b3ea610f9df98faaa5ac1bbf0126/element/62808F59B947E2A500603E0791655CAE_element_5/click'
22:21:13.204 [Forwarding clickElement on session 6131b3ea610f9df98faaa5ac1bbf0126 to remote] DEBUG org.asynchttpclient.netty.request.NettyRequestSender - Using open Channel [id: 0x0b6a85fc, L:/127.0.0.1:63451 - R:localhost/127.0.0.1:2191] for POST '/session/6131b3ea610f9df98faaa5ac1bbf0126/element/62808F59B947E2A500603E0791655CAE_element_5/click'
22:21:13.276 [AsyncHttpClient-1-8] DEBUG org.asynchttpclient.netty.handler.HttpHandler - 

Request DefaultHttpRequest(decodeResult: success, version: HTTP/1.1)
POST /session/6131b3ea610f9df98faaa5ac1bbf0126/element/62808F59B947E2A500603E0791655CAE_element_5/click HTTP/1.1
User-Agent: selenium/4.7.1 (java windows)
Content-Length: 56
Content-Type: application/json; charset=utf-8
host: localhost:2191
accept: */*

Response DefaultHttpResponse(decodeResult: success, version: HTTP/1.1)
HTTP/1.1 200 OK
Content-Type: application/json; charset=utf-8
cache-control: no-cache
content-length: 14

22:21:13.276 [AsyncHttpClient-1-8] DEBUG org.asynchttpclient.netty.channel.ChannelManager - Adding key: http://localhost:2191 for channel [id: 0x0b6a85fc, L:/127.0.0.1:63451 - R:localhost/127.0.0.1:2191]
22:21:13.284 [Forwarding findElement on session 6131b3ea610f9df98faaa5ac1bbf0126 to remote] DEBUG org.asynchttpclient.netty.request.NettyRequestSender - Using pooled Channel '[id: 0x0b6a85fc, L:/127.0.0.1:63451 - R:localhost/127.0.0.1:2191]' for 'POST' to 'http://localhost:2191/session/6131b3ea610f9df98faaa5ac1bbf0126/element'
22:21:13.284 [Forwarding findElement on session 6131b3ea610f9df98faaa5ac1bbf0126 to remote] DEBUG org.asynchttpclient.netty.request.NettyRequestSender - Using open Channel [id: 0x0b6a85fc, L:/127.0.0.1:63451 - R:localhost/127.0.0.1:2191] for POST '/session/6131b3ea610f9df98faaa5ac1bbf0126/element'
22:21:13.292 [AsyncHttpClient-1-8] DEBUG org.asynchttpclient.netty.handler.HttpHandler - 

Request DefaultHttpRequest(decodeResult: success, version: HTTP/1.1)
POST /session/6131b3ea610f9df98faaa5ac1bbf0126/element HTTP/1.1
User-Agent: selenium/4.7.1 (java windows)
Content-Length: 72
Content-Type: application/json; charset=utf-8
host: localhost:2191
accept: */*

Response DefaultHttpResponse(decodeResult: success, version: HTTP/1.1)
HTTP/1.1 200 OK
Content-Type: application/json; charset=utf-8
cache-control: no-cache
content-length: 94

22:21:13.300 [AsyncHttpClient-1-8] DEBUG org.asynchttpclient.netty.channel.ChannelManager - Adding key: http://localhost:2191 for channel [id: 0x0b6a85fc, L:/127.0.0.1:63451 - R:localhost/127.0.0.1:2191]
22:21:13.300 [Forwarding clearElement on session 6131b3ea610f9df98faaa5ac1bbf0126 to remote] DEBUG org.asynchttpclient.netty.request.NettyRequestSender - Using pooled Channel '[id: 0x0b6a85fc, L:/127.0.0.1:63451 - R:localhost/127.0.0.1:2191]' for 'POST' to 'http://localhost:2191/session/6131b3ea610f9df98faaa5ac1bbf0126/element/62808F59B947E2A500603E0791655CAE_element_5/clear'
22:21:13.300 [Forwarding clearElement on session 6131b3ea610f9df98faaa5ac1bbf0126 to remote] DEBUG org.asynchttpclient.netty.request.NettyRequestSender - Using open Channel [id: 0x0b6a85fc, L:/127.0.0.1:63451 - R:localhost/127.0.0.1:2191] for POST '/session/6131b3ea610f9df98faaa5ac1bbf0126/element/62808F59B947E2A500603E0791655CAE_element_5/clear'
22:21:13.348 [AsyncHttpClient-1-8] DEBUG org.asynchttpclient.netty.handler.HttpHandler - 

Request DefaultHttpRequest(decodeResult: success, version: HTTP/1.1)
POST /session/6131b3ea610f9df98faaa5ac1bbf0126/element/62808F59B947E2A500603E0791655CAE_element_5/clear HTTP/1.1
User-Agent: selenium/4.7.1 (java windows)
Content-Length: 56
Content-Type: application/json; charset=utf-8
host: localhost:2191
accept: */*

Response DefaultHttpResponse(decodeResult: success, version: HTTP/1.1)
HTTP/1.1 200 OK
Content-Type: application/json; charset=utf-8
cache-control: no-cache
content-length: 14

22:21:13.356 [AsyncHttpClient-1-8] DEBUG org.asynchttpclient.netty.channel.ChannelManager - Adding key: http://localhost:2191 for channel [id: 0x0b6a85fc, L:/127.0.0.1:63451 - R:localhost/127.0.0.1:2191]
22:21:13.356 [Forwarding sendKeysToElement on session 6131b3ea610f9df98faaa5ac1bbf0126 to remote] DEBUG org.asynchttpclient.netty.request.NettyRequestSender - Using pooled Channel '[id: 0x0b6a85fc, L:/127.0.0.1:63451 - R:localhost/127.0.0.1:2191]' for 'POST' to 'http://localhost:2191/session/6131b3ea610f9df98faaa5ac1bbf0126/element/62808F59B947E2A500603E0791655CAE_element_5/value'
22:21:13.356 [Forwarding sendKeysToElement on session 6131b3ea610f9df98faaa5ac1bbf0126 to remote] DEBUG org.asynchttpclient.netty.request.NettyRequestSender - Using open Channel [id: 0x0b6a85fc, L:/127.0.0.1:63451 - R:localhost/127.0.0.1:2191] for POST '/session/6131b3ea610f9df98faaa5ac1bbf0126/element/62808F59B947E2A500603E0791655CAE_element_5/value'
22:21:13.437 [AsyncHttpClient-1-8] DEBUG org.asynchttpclient.netty.handler.HttpHandler - 

Request DefaultHttpRequest(decodeResult: success, version: HTTP/1.1)
POST /session/6131b3ea610f9df98faaa5ac1bbf0126/element/62808F59B947E2A500603E0791655CAE_element_5/value HTTP/1.1
User-Agent: selenium/4.7.1 (java windows)
Content-Length: 167
Content-Type: application/json; charset=utf-8
host: localhost:2191
accept: */*

Response DefaultHttpResponse(decodeResult: success, version: HTTP/1.1)
HTTP/1.1 200 OK
Content-Type: application/json; charset=utf-8
cache-control: no-cache
content-length: 14

22:21:13.437 [AsyncHttpClient-1-8] DEBUG org.asynchttpclient.netty.channel.ChannelManager - Adding key: http://localhost:2191 for channel [id: 0x0b6a85fc, L:/127.0.0.1:63451 - R:localhost/127.0.0.1:2191]
22:21:13.448 [Forwarding getCurrentWindowHandle on session 6131b3ea610f9df98faaa5ac1bbf0126 to remote] DEBUG org.asynchttpclient.netty.request.NettyRequestSender - Using pooled Channel '[id: 0x0b6a85fc, L:/127.0.0.1:63451 - R:localhost/127.0.0.1:2191]' for 'GET' to 'http://localhost:2191/session/6131b3ea610f9df98faaa5ac1bbf0126/window'
22:21:13.448 [Forwarding getCurrentWindowHandle on session 6131b3ea610f9df98faaa5ac1bbf0126 to remote] DEBUG org.asynchttpclient.netty.request.NettyRequestSender - Using open Channel [id: 0x0b6a85fc, L:/127.0.0.1:63451 - R:localhost/127.0.0.1:2191] for GET '/session/6131b3ea610f9df98faaa5ac1bbf0126/window'
22:21:13.448 [AsyncHttpClient-1-8] DEBUG org.asynchttpclient.netty.handler.HttpHandler - 

Request DefaultFullHttpRequest(decodeResult: success, version: HTTP/1.1, content: EmptyByteBufBE)
GET /session/6131b3ea610f9df98faaa5ac1bbf0126/window HTTP/1.1
User-Agent: selenium/4.7.1 (java windows)
Cache-Control: no-cache
Content-Type: application/json; charset=utf-8
host: localhost:2191
accept: */*

Response DefaultHttpResponse(decodeResult: success, version: HTTP/1.1)
HTTP/1.1 200 OK
Content-Type: application/json; charset=utf-8
cache-control: no-cache
content-length: 44

22:21:13.448 [AsyncHttpClient-1-8] DEBUG org.asynchttpclient.netty.channel.ChannelManager - Adding key: http://localhost:2191 for channel [id: 0x0b6a85fc, L:/127.0.0.1:63451 - R:localhost/127.0.0.1:2191]
22:21:13.448 [Forwarding getAlertText on session 6131b3ea610f9df98faaa5ac1bbf0126 to remote] DEBUG org.asynchttpclient.netty.request.NettyRequestSender - Using pooled Channel '[id: 0x0b6a85fc, L:/127.0.0.1:63451 - R:localhost/127.0.0.1:2191]' for 'GET' to 'http://localhost:2191/session/6131b3ea610f9df98faaa5ac1bbf0126/alert/text'
22:21:13.448 [Forwarding getAlertText on session 6131b3ea610f9df98faaa5ac1bbf0126 to remote] DEBUG org.asynchttpclient.netty.request.NettyRequestSender - Using open Channel [id: 0x0b6a85fc, L:/127.0.0.1:63451 - R:localhost/127.0.0.1:2191] for GET '/session/6131b3ea610f9df98faaa5ac1bbf0126/alert/text'
22:21:13.453 [AsyncHttpClient-1-8] DEBUG org.asynchttpclient.netty.handler.HttpHandler - 

Request DefaultFullHttpRequest(decodeResult: success, version: HTTP/1.1, content: EmptyByteBufBE)
GET /session/6131b3ea610f9df98faaa5ac1bbf0126/alert/text HTTP/1.1
User-Agent: selenium/4.7.1 (java windows)
Cache-Control: no-cache
Content-Type: application/json; charset=utf-8
host: localhost:2191
accept: */*

Response DefaultHttpResponse(decodeResult: success, version: HTTP/1.1)
HTTP/1.1 404 Not Found
Content-Type: application/json; charset=utf-8
cache-control: no-cache
content-length: 821

22:21:13.453 [AsyncHttpClient-1-8] DEBUG org.asynchttpclient.netty.channel.ChannelManager - Adding key: http://localhost:2191 for channel [id: 0x0b6a85fc, L:/127.0.0.1:63451 - R:localhost/127.0.0.1:2191]
22:21:13.453 [Forwarding switchToWindow on session 6131b3ea610f9df98faaa5ac1bbf0126 to remote] DEBUG org.asynchttpclient.netty.request.NettyRequestSender - Using pooled Channel '[id: 0x0b6a85fc, L:/127.0.0.1:63451 - R:localhost/127.0.0.1:2191]' for 'POST' to 'http://localhost:2191/session/6131b3ea610f9df98faaa5ac1bbf0126/window'
22:21:13.453 [Forwarding switchToWindow on session 6131b3ea610f9df98faaa5ac1bbf0126 to remote] DEBUG org.asynchttpclient.netty.request.NettyRequestSender - Using open Channel [id: 0x0b6a85fc, L:/127.0.0.1:63451 - R:localhost/127.0.0.1:2191] for POST '/session/6131b3ea610f9df98faaa5ac1bbf0126/window'
22:21:13.461 [AsyncHttpClient-1-8] DEBUG org.asynchttpclient.netty.handler.HttpHandler - 

Request DefaultHttpRequest(decodeResult: success, version: HTTP/1.1)
POST /session/6131b3ea610f9df98faaa5ac1bbf0126/window HTTP/1.1
User-Agent: selenium/4.7.1 (java windows)
Content-Length: 50
Content-Type: application/json; charset=utf-8
host: localhost:2191
accept: */*

Response DefaultHttpResponse(decodeResult: success, version: HTTP/1.1)
HTTP/1.1 200 OK
Content-Type: application/json; charset=utf-8
cache-control: no-cache
content-length: 14

22:21:13.461 [AsyncHttpClient-1-8] DEBUG org.asynchttpclient.netty.channel.ChannelManager - Adding key: http://localhost:2191 for channel [id: 0x0b6a85fc, L:/127.0.0.1:63451 - R:localhost/127.0.0.1:2191]
22:21:13.461 [Forwarding getCurrentUrl on session 6131b3ea610f9df98faaa5ac1bbf0126 to remote] DEBUG org.asynchttpclient.netty.request.NettyRequestSender - Using pooled Channel '[id: 0x0b6a85fc, L:/127.0.0.1:63451 - R:localhost/127.0.0.1:2191]' for 'GET' to 'http://localhost:2191/session/6131b3ea610f9df98faaa5ac1bbf0126/url'
22:21:13.461 [Forwarding getCurrentUrl on session 6131b3ea610f9df98faaa5ac1bbf0126 to remote] DEBUG org.asynchttpclient.netty.request.NettyRequestSender - Using open Channel [id: 0x0b6a85fc, L:/127.0.0.1:63451 - R:localhost/127.0.0.1:2191] for GET '/session/6131b3ea610f9df98faaa5ac1bbf0126/url'
22:21:13.469 [AsyncHttpClient-1-8] DEBUG org.asynchttpclient.netty.handler.HttpHandler - 

Request DefaultFullHttpRequest(decodeResult: success, version: HTTP/1.1, content: EmptyByteBufBE)
GET /session/6131b3ea610f9df98faaa5ac1bbf0126/url HTTP/1.1
User-Agent: selenium/4.7.1 (java windows)
Cache-Control: no-cache
Content-Type: application/json; charset=utf-8
host: localhost:2191
accept: */*

Response DefaultHttpResponse(decodeResult: success, version: HTTP/1.1)
HTTP/1.1 200 OK
Content-Type: application/json; charset=utf-8
cache-control: no-cache
content-length: 51

22:21:13.469 [AsyncHttpClient-1-8] DEBUG org.asynchttpclient.netty.channel.ChannelManager - Adding key: http://localhost:2191 for channel [id: 0x0b6a85fc, L:/127.0.0.1:63451 - R:localhost/127.0.0.1:2191]
22:21:13.469 [Forwarding screenshot on session 6131b3ea610f9df98faaa5ac1bbf0126 to remote] DEBUG org.asynchttpclient.netty.request.NettyRequestSender - Using pooled Channel '[id: 0x0b6a85fc, L:/127.0.0.1:63451 - R:localhost/127.0.0.1:2191]' for 'GET' to 'http://localhost:2191/session/6131b3ea610f9df98faaa5ac1bbf0126/screenshot'
22:21:13.469 [Forwarding screenshot on session 6131b3ea610f9df98faaa5ac1bbf0126 to remote] DEBUG org.asynchttpclient.netty.request.NettyRequestSender - Using open Channel [id: 0x0b6a85fc, L:/127.0.0.1:63451 - R:localhost/127.0.0.1:2191] for GET '/session/6131b3ea610f9df98faaa5ac1bbf0126/screenshot'
22:21:13.632 [AsyncHttpClient-1-8] DEBUG org.asynchttpclient.netty.handler.HttpHandler - 

Request DefaultFullHttpRequest(decodeResult: success, version: HTTP/1.1, content: EmptyByteBufBE)
GET /session/6131b3ea610f9df98faaa5ac1bbf0126/screenshot HTTP/1.1
User-Agent: selenium/4.7.1 (java windows)
Cache-Control: no-cache
Content-Type: application/json; charset=utf-8
host: localhost:2191
accept: */*

Response DefaultHttpResponse(decodeResult: success, version: HTTP/1.1)
HTTP/1.1 200 OK
Content-Type: application/json; charset=utf-8
cache-control: no-cache
content-length: 192532

22:21:13.640 [AsyncHttpClient-1-8] DEBUG org.asynchttpclient.netty.channel.ChannelManager - Adding key: http://localhost:2191 for channel [id: 0x0b6a85fc, L:/127.0.0.1:63451 - R:localhost/127.0.0.1:2191]
22:21:13.640 [main] DEBUG net.serenitybdd.core.photography.Darkroom - Send negative for processing for target\site\serenity\372cd5eb6808b95fe05dee555d325c4ebd2d128ba4874584201b23a118581cb6.png
22:21:13.640 [main] DEBUG net.thucydides.core.steps.StepInterceptor - STEP DONE: inputfieldpassword
22:21:13.649 [main] DEBUG net.thucydides.core.steps.StepInterceptor - STARTING STEP: TransaksiSteps.adminMelakukanLoginAkun - klikbuttonmasuk
22:21:13.656 [Forwarding findElement on session 6131b3ea610f9df98faaa5ac1bbf0126 to remote] DEBUG org.asynchttpclient.netty.request.NettyRequestSender - Using pooled Channel '[id: 0x0b6a85fc, L:/127.0.0.1:63451 - R:localhost/127.0.0.1:2191]' for 'POST' to 'http://localhost:2191/session/6131b3ea610f9df98faaa5ac1bbf0126/element'
22:21:13.656 [Forwarding findElement on session 6131b3ea610f9df98faaa5ac1bbf0126 to remote] DEBUG org.asynchttpclient.netty.request.NettyRequestSender - Using open Channel [id: 0x0b6a85fc, L:/127.0.0.1:63451 - R:localhost/127.0.0.1:2191] for POST '/session/6131b3ea610f9df98faaa5ac1bbf0126/element'
22:21:13.672 [AsyncHttpClient-1-8] DEBUG org.asynchttpclient.netty.handler.HttpHandler - 

Request DefaultHttpRequest(decodeResult: success, version: HTTP/1.1)
POST /session/6131b3ea610f9df98faaa5ac1bbf0126/element HTTP/1.1
User-Agent: selenium/4.7.1 (java windows)
Content-Length: 113
Content-Type: application/json; charset=utf-8
host: localhost:2191
accept: */*

Response DefaultHttpResponse(decodeResult: success, version: HTTP/1.1)
HTTP/1.1 200 OK
Content-Type: application/json; charset=utf-8
cache-control: no-cache
content-length: 95

22:21:13.672 [AsyncHttpClient-1-8] DEBUG org.asynchttpclient.netty.channel.ChannelManager - Adding key: http://localhost:2191 for channel [id: 0x0b6a85fc, L:/127.0.0.1:63451 - R:localhost/127.0.0.1:2191]
22:21:13.672 [Forwarding getElementTagName on session 6131b3ea610f9df98faaa5ac1bbf0126 to remote] DEBUG org.asynchttpclient.netty.request.NettyRequestSender - Using pooled Channel '[id: 0x0b6a85fc, L:/127.0.0.1:63451 - R:localhost/127.0.0.1:2191]' for 'GET' to 'http://localhost:2191/session/6131b3ea610f9df98faaa5ac1bbf0126/element/62808F59B947E2A500603E0791655CAE_element_12/name'
22:21:13.672 [Forwarding getElementTagName on session 6131b3ea610f9df98faaa5ac1bbf0126 to remote] DEBUG org.asynchttpclient.netty.request.NettyRequestSender - Using open Channel [id: 0x0b6a85fc, L:/127.0.0.1:63451 - R:localhost/127.0.0.1:2191] for GET '/session/6131b3ea610f9df98faaa5ac1bbf0126/element/62808F59B947E2A500603E0791655CAE_element_12/name'
22:21:13.688 [AsyncHttpClient-1-8] DEBUG org.asynchttpclient.netty.handler.HttpHandler - 

Request DefaultFullHttpRequest(decodeResult: success, version: HTTP/1.1, content: EmptyByteBufBE)
GET /session/6131b3ea610f9df98faaa5ac1bbf0126/element/62808F59B947E2A500603E0791655CAE_element_12/name HTTP/1.1
User-Agent: selenium/4.7.1 (java windows)
Cache-Control: no-cache
Content-Type: application/json; charset=utf-8
host: localhost:2191
accept: */*

Response DefaultHttpResponse(decodeResult: success, version: HTTP/1.1)
HTTP/1.1 200 OK
Content-Type: application/json; charset=utf-8
cache-control: no-cache
content-length: 18

22:21:13.688 [AsyncHttpClient-1-8] DEBUG org.asynchttpclient.netty.channel.ChannelManager - Adding key: http://localhost:2191 for channel [id: 0x0b6a85fc, L:/127.0.0.1:63451 - R:localhost/127.0.0.1:2191]
22:21:13.688 [Forwarding getElementTagName on session 6131b3ea610f9df98faaa5ac1bbf0126 to remote] DEBUG org.asynchttpclient.netty.request.NettyRequestSender - Using pooled Channel '[id: 0x0b6a85fc, L:/127.0.0.1:63451 - R:localhost/127.0.0.1:2191]' for 'GET' to 'http://localhost:2191/session/6131b3ea610f9df98faaa5ac1bbf0126/element/62808F59B947E2A500603E0791655CAE_element_12/name'
22:21:13.688 [Forwarding getElementTagName on session 6131b3ea610f9df98faaa5ac1bbf0126 to remote] DEBUG org.asynchttpclient.netty.request.NettyRequestSender - Using open Channel [id: 0x0b6a85fc, L:/127.0.0.1:63451 - R:localhost/127.0.0.1:2191] for GET '/session/6131b3ea610f9df98faaa5ac1bbf0126/element/62808F59B947E2A500603E0791655CAE_element_12/name'
22:21:13.698 [AsyncHttpClient-1-8] DEBUG org.asynchttpclient.netty.handler.HttpHandler - 

Request DefaultFullHttpRequest(decodeResult: success, version: HTTP/1.1, content: EmptyByteBufBE)
GET /session/6131b3ea610f9df98faaa5ac1bbf0126/element/62808F59B947E2A500603E0791655CAE_element_12/name HTTP/1.1
User-Agent: selenium/4.7.1 (java windows)
Cache-Control: no-cache
Content-Type: application/json; charset=utf-8
host: localhost:2191
accept: */*

Response DefaultHttpResponse(decodeResult: success, version: HTTP/1.1)
HTTP/1.1 200 OK
Content-Type: application/json; charset=utf-8
cache-control: no-cache
content-length: 18

22:21:13.698 [AsyncHttpClient-1-8] DEBUG org.asynchttpclient.netty.channel.ChannelManager - Adding key: http://localhost:2191 for channel [id: 0x0b6a85fc, L:/127.0.0.1:63451 - R:localhost/127.0.0.1:2191]
22:21:13.704 [Forwarding isElementEnabled on session 6131b3ea610f9df98faaa5ac1bbf0126 to remote] DEBUG org.asynchttpclient.netty.request.NettyRequestSender - Using pooled Channel '[id: 0x0b6a85fc, L:/127.0.0.1:63451 - R:localhost/127.0.0.1:2191]' for 'GET' to 'http://localhost:2191/session/6131b3ea610f9df98faaa5ac1bbf0126/element/62808F59B947E2A500603E0791655CAE_element_12/enabled'
22:21:13.704 [Forwarding isElementEnabled on session 6131b3ea610f9df98faaa5ac1bbf0126 to remote] DEBUG org.asynchttpclient.netty.request.NettyRequestSender - Using open Channel [id: 0x0b6a85fc, L:/127.0.0.1:63451 - R:localhost/127.0.0.1:2191] for GET '/session/6131b3ea610f9df98faaa5ac1bbf0126/element/62808F59B947E2A500603E0791655CAE_element_12/enabled'
22:21:13.720 [AsyncHttpClient-1-8] DEBUG org.asynchttpclient.netty.handler.HttpHandler - 

Request DefaultFullHttpRequest(decodeResult: success, version: HTTP/1.1, content: EmptyByteBufBE)
GET /session/6131b3ea610f9df98faaa5ac1bbf0126/element/62808F59B947E2A500603E0791655CAE_element_12/enabled HTTP/1.1
User-Agent: selenium/4.7.1 (java windows)
Cache-Control: no-cache
Content-Type: application/json; charset=utf-8
host: localhost:2191
accept: */*

Response DefaultHttpResponse(decodeResult: success, version: HTTP/1.1)
HTTP/1.1 200 OK
Content-Type: application/json; charset=utf-8
cache-control: no-cache
content-length: 14

22:21:13.720 [AsyncHttpClient-1-8] DEBUG org.asynchttpclient.netty.channel.ChannelManager - Adding key: http://localhost:2191 for channel [id: 0x0b6a85fc, L:/127.0.0.1:63451 - R:localhost/127.0.0.1:2191]
22:21:13.720 [Forwarding isElementEnabled on session 6131b3ea610f9df98faaa5ac1bbf0126 to remote] DEBUG org.asynchttpclient.netty.request.NettyRequestSender - Using pooled Channel '[id: 0x0b6a85fc, L:/127.0.0.1:63451 - R:localhost/127.0.0.1:2191]' for 'GET' to 'http://localhost:2191/session/6131b3ea610f9df98faaa5ac1bbf0126/element/62808F59B947E2A500603E0791655CAE_element_12/enabled'
22:21:13.720 [Forwarding isElementEnabled on session 6131b3ea610f9df98faaa5ac1bbf0126 to remote] DEBUG org.asynchttpclient.netty.request.NettyRequestSender - Using open Channel [id: 0x0b6a85fc, L:/127.0.0.1:63451 - R:localhost/127.0.0.1:2191] for GET '/session/6131b3ea610f9df98faaa5ac1bbf0126/element/62808F59B947E2A500603E0791655CAE_element_12/enabled'
22:21:13.750 [AsyncHttpClient-1-8] DEBUG org.asynchttpclient.netty.handler.HttpHandler - 

Request DefaultFullHttpRequest(decodeResult: success, version: HTTP/1.1, content: EmptyByteBufBE)
GET /session/6131b3ea610f9df98faaa5ac1bbf0126/element/62808F59B947E2A500603E0791655CAE_element_12/enabled HTTP/1.1
User-Agent: selenium/4.7.1 (java windows)
Cache-Control: no-cache
Content-Type: application/json; charset=utf-8
host: localhost:2191
accept: */*

Response DefaultHttpResponse(decodeResult: success, version: HTTP/1.1)
HTTP/1.1 200 OK
Content-Type: application/json; charset=utf-8
cache-control: no-cache
content-length: 14

22:21:13.750 [AsyncHttpClient-1-8] DEBUG org.asynchttpclient.netty.channel.ChannelManager - Adding key: http://localhost:2191 for channel [id: 0x0b6a85fc, L:/127.0.0.1:63451 - R:localhost/127.0.0.1:2191]
22:21:13.752 [Forwarding findElement on session 6131b3ea610f9df98faaa5ac1bbf0126 to remote] DEBUG org.asynchttpclient.netty.request.NettyRequestSender - Using pooled Channel '[id: 0x0b6a85fc, L:/127.0.0.1:63451 - R:localhost/127.0.0.1:2191]' for 'POST' to 'http://localhost:2191/session/6131b3ea610f9df98faaa5ac1bbf0126/element'
22:21:13.752 [Forwarding findElement on session 6131b3ea610f9df98faaa5ac1bbf0126 to remote] DEBUG org.asynchttpclient.netty.request.NettyRequestSender - Using open Channel [id: 0x0b6a85fc, L:/127.0.0.1:63451 - R:localhost/127.0.0.1:2191] for POST '/session/6131b3ea610f9df98faaa5ac1bbf0126/element'
22:21:13.776 [AsyncHttpClient-1-8] DEBUG org.asynchttpclient.netty.handler.HttpHandler - 

Request DefaultHttpRequest(decodeResult: success, version: HTTP/1.1)
POST /session/6131b3ea610f9df98faaa5ac1bbf0126/element HTTP/1.1
User-Agent: selenium/4.7.1 (java windows)
Content-Length: 113
Content-Type: application/json; charset=utf-8
host: localhost:2191
accept: */*

Response DefaultHttpResponse(decodeResult: success, version: HTTP/1.1)
HTTP/1.1 200 OK
Content-Type: application/json; charset=utf-8
cache-control: no-cache
content-length: 95

22:21:13.784 [AsyncHttpClient-1-8] DEBUG org.asynchttpclient.netty.channel.ChannelManager - Adding key: http://localhost:2191 for channel [id: 0x0b6a85fc, L:/127.0.0.1:63451 - R:localhost/127.0.0.1:2191]
22:21:13.784 [Forwarding clickElement on session 6131b3ea610f9df98faaa5ac1bbf0126 to remote] DEBUG org.asynchttpclient.netty.request.NettyRequestSender - Using pooled Channel '[id: 0x0b6a85fc, L:/127.0.0.1:63451 - R:localhost/127.0.0.1:2191]' for 'POST' to 'http://localhost:2191/session/6131b3ea610f9df98faaa5ac1bbf0126/element/62808F59B947E2A500603E0791655CAE_element_12/click'
22:21:13.784 [Forwarding clickElement on session 6131b3ea610f9df98faaa5ac1bbf0126 to remote] DEBUG org.asynchttpclient.netty.request.NettyRequestSender - Using open Channel [id: 0x0b6a85fc, L:/127.0.0.1:63451 - R:localhost/127.0.0.1:2191] for POST '/session/6131b3ea610f9df98faaa5ac1bbf0126/element/62808F59B947E2A500603E0791655CAE_element_12/click'
22:21:13.898 [AsyncHttpClient-1-8] DEBUG org.asynchttpclient.netty.handler.HttpHandler - 

Request DefaultHttpRequest(decodeResult: success, version: HTTP/1.1)
POST /session/6131b3ea610f9df98faaa5ac1bbf0126/element/62808F59B947E2A500603E0791655CAE_element_12/click HTTP/1.1
User-Agent: selenium/4.7.1 (java windows)
Content-Length: 57
Content-Type: application/json; charset=utf-8
host: localhost:2191
accept: */*

Response DefaultHttpResponse(decodeResult: success, version: HTTP/1.1)
HTTP/1.1 200 OK
Content-Type: application/json; charset=utf-8
cache-control: no-cache
content-length: 14

22:21:13.898 [AsyncHttpClient-1-8] DEBUG org.asynchttpclient.netty.channel.ChannelManager - Adding key: http://localhost:2191 for channel [id: 0x0b6a85fc, L:/127.0.0.1:63451 - R:localhost/127.0.0.1:2191]
22:21:13.914 [Forwarding getCurrentWindowHandle on session 6131b3ea610f9df98faaa5ac1bbf0126 to remote] DEBUG org.asynchttpclient.netty.request.NettyRequestSender - Using pooled Channel '[id: 0x0b6a85fc, L:/127.0.0.1:63451 - R:localhost/127.0.0.1:2191]' for 'GET' to 'http://localhost:2191/session/6131b3ea610f9df98faaa5ac1bbf0126/window'
22:21:13.914 [Forwarding getCurrentWindowHandle on session 6131b3ea610f9df98faaa5ac1bbf0126 to remote] DEBUG org.asynchttpclient.netty.request.NettyRequestSender - Using open Channel [id: 0x0b6a85fc, L:/127.0.0.1:63451 - R:localhost/127.0.0.1:2191] for GET '/session/6131b3ea610f9df98faaa5ac1bbf0126/window'
22:21:13.914 [AsyncHttpClient-1-8] DEBUG org.asynchttpclient.netty.handler.HttpHandler - 

Request DefaultFullHttpRequest(decodeResult: success, version: HTTP/1.1, content: EmptyByteBufBE)
GET /session/6131b3ea610f9df98faaa5ac1bbf0126/window HTTP/1.1
User-Agent: selenium/4.7.1 (java windows)
Cache-Control: no-cache
Content-Type: application/json; charset=utf-8
host: localhost:2191
accept: */*

Response DefaultHttpResponse(decodeResult: success, version: HTTP/1.1)
HTTP/1.1 200 OK
Content-Type: application/json; charset=utf-8
cache-control: no-cache
content-length: 44

22:21:13.914 [AsyncHttpClient-1-8] DEBUG org.asynchttpclient.netty.channel.ChannelManager - Adding key: http://localhost:2191 for channel [id: 0x0b6a85fc, L:/127.0.0.1:63451 - R:localhost/127.0.0.1:2191]
22:21:13.914 [Forwarding getAlertText on session 6131b3ea610f9df98faaa5ac1bbf0126 to remote] DEBUG org.asynchttpclient.netty.request.NettyRequestSender - Using pooled Channel '[id: 0x0b6a85fc, L:/127.0.0.1:63451 - R:localhost/127.0.0.1:2191]' for 'GET' to 'http://localhost:2191/session/6131b3ea610f9df98faaa5ac1bbf0126/alert/text'
22:21:13.914 [Forwarding getAlertText on session 6131b3ea610f9df98faaa5ac1bbf0126 to remote] DEBUG org.asynchttpclient.netty.request.NettyRequestSender - Using open Channel [id: 0x0b6a85fc, L:/127.0.0.1:63451 - R:localhost/127.0.0.1:2191] for GET '/session/6131b3ea610f9df98faaa5ac1bbf0126/alert/text'
22:21:13.922 [AsyncHttpClient-1-8] DEBUG org.asynchttpclient.netty.handler.HttpHandler - 

Request DefaultFullHttpRequest(decodeResult: success, version: HTTP/1.1, content: EmptyByteBufBE)
GET /session/6131b3ea610f9df98faaa5ac1bbf0126/alert/text HTTP/1.1
User-Agent: selenium/4.7.1 (java windows)
Cache-Control: no-cache
Content-Type: application/json; charset=utf-8
host: localhost:2191
accept: */*

Response DefaultHttpResponse(decodeResult: success, version: HTTP/1.1)
HTTP/1.1 404 Not Found
Content-Type: application/json; charset=utf-8
cache-control: no-cache
content-length: 821

22:21:13.922 [AsyncHttpClient-1-8] DEBUG org.asynchttpclient.netty.channel.ChannelManager - Adding key: http://localhost:2191 for channel [id: 0x0b6a85fc, L:/127.0.0.1:63451 - R:localhost/127.0.0.1:2191]
22:21:13.922 [Forwarding switchToWindow on session 6131b3ea610f9df98faaa5ac1bbf0126 to remote] DEBUG org.asynchttpclient.netty.request.NettyRequestSender - Using pooled Channel '[id: 0x0b6a85fc, L:/127.0.0.1:63451 - R:localhost/127.0.0.1:2191]' for 'POST' to 'http://localhost:2191/session/6131b3ea610f9df98faaa5ac1bbf0126/window'
22:21:13.922 [Forwarding switchToWindow on session 6131b3ea610f9df98faaa5ac1bbf0126 to remote] DEBUG org.asynchttpclient.netty.request.NettyRequestSender - Using open Channel [id: 0x0b6a85fc, L:/127.0.0.1:63451 - R:localhost/127.0.0.1:2191] for POST '/session/6131b3ea610f9df98faaa5ac1bbf0126/window'
22:21:13.930 [AsyncHttpClient-1-8] DEBUG org.asynchttpclient.netty.handler.HttpHandler - 

Request DefaultHttpRequest(decodeResult: success, version: HTTP/1.1)
POST /session/6131b3ea610f9df98faaa5ac1bbf0126/window HTTP/1.1
User-Agent: selenium/4.7.1 (java windows)
Content-Length: 50
Content-Type: application/json; charset=utf-8
host: localhost:2191
accept: */*

Response DefaultHttpResponse(decodeResult: success, version: HTTP/1.1)
HTTP/1.1 200 OK
Content-Type: application/json; charset=utf-8
cache-control: no-cache
content-length: 14

22:21:13.930 [AsyncHttpClient-1-8] DEBUG org.asynchttpclient.netty.channel.ChannelManager - Adding key: http://localhost:2191 for channel [id: 0x0b6a85fc, L:/127.0.0.1:63451 - R:localhost/127.0.0.1:2191]
22:21:13.938 [Forwarding getCurrentUrl on session 6131b3ea610f9df98faaa5ac1bbf0126 to remote] DEBUG org.asynchttpclient.netty.request.NettyRequestSender - Using pooled Channel '[id: 0x0b6a85fc, L:/127.0.0.1:63451 - R:localhost/127.0.0.1:2191]' for 'GET' to 'http://localhost:2191/session/6131b3ea610f9df98faaa5ac1bbf0126/url'
22:21:13.938 [Forwarding getCurrentUrl on session 6131b3ea610f9df98faaa5ac1bbf0126 to remote] DEBUG org.asynchttpclient.netty.request.NettyRequestSender - Using open Channel [id: 0x0b6a85fc, L:/127.0.0.1:63451 - R:localhost/127.0.0.1:2191] for GET '/session/6131b3ea610f9df98faaa5ac1bbf0126/url'
22:21:13.946 [AsyncHttpClient-1-8] DEBUG org.asynchttpclient.netty.handler.HttpHandler - 

Request DefaultFullHttpRequest(decodeResult: success, version: HTTP/1.1, content: EmptyByteBufBE)
GET /session/6131b3ea610f9df98faaa5ac1bbf0126/url HTTP/1.1
User-Agent: selenium/4.7.1 (java windows)
Cache-Control: no-cache
Content-Type: application/json; charset=utf-8
host: localhost:2191
accept: */*

Response DefaultHttpResponse(decodeResult: success, version: HTTP/1.1)
HTTP/1.1 200 OK
Content-Type: application/json; charset=utf-8
cache-control: no-cache
content-length: 51

22:21:13.946 [AsyncHttpClient-1-8] DEBUG org.asynchttpclient.netty.channel.ChannelManager - Adding key: http://localhost:2191 for channel [id: 0x0b6a85fc, L:/127.0.0.1:63451 - R:localhost/127.0.0.1:2191]
22:21:13.946 [Forwarding screenshot on session 6131b3ea610f9df98faaa5ac1bbf0126 to remote] DEBUG org.asynchttpclient.netty.request.NettyRequestSender - Using pooled Channel '[id: 0x0b6a85fc, L:/127.0.0.1:63451 - R:localhost/127.0.0.1:2191]' for 'GET' to 'http://localhost:2191/session/6131b3ea610f9df98faaa5ac1bbf0126/screenshot'
22:21:13.946 [Forwarding screenshot on session 6131b3ea610f9df98faaa5ac1bbf0126 to remote] DEBUG org.asynchttpclient.netty.request.NettyRequestSender - Using open Channel [id: 0x0b6a85fc, L:/127.0.0.1:63451 - R:localhost/127.0.0.1:2191] for GET '/session/6131b3ea610f9df98faaa5ac1bbf0126/screenshot'
22:21:14.174 [AsyncHttpClient-1-8] DEBUG org.asynchttpclient.netty.handler.HttpHandler - 

Request DefaultFullHttpRequest(decodeResult: success, version: HTTP/1.1, content: EmptyByteBufBE)
GET /session/6131b3ea610f9df98faaa5ac1bbf0126/screenshot HTTP/1.1
User-Agent: selenium/4.7.1 (java windows)
Cache-Control: no-cache
Content-Type: application/json; charset=utf-8
host: localhost:2191
accept: */*

Response DefaultHttpResponse(decodeResult: success, version: HTTP/1.1)
HTTP/1.1 200 OK
Content-Type: application/json; charset=utf-8
cache-control: no-cache
content-length: 192552

22:21:14.177 [AsyncHttpClient-1-8] DEBUG org.asynchttpclient.netty.channel.ChannelManager - Adding key: http://localhost:2191 for channel [id: 0x0b6a85fc, L:/127.0.0.1:63451 - R:localhost/127.0.0.1:2191]
22:21:14.190 [main] DEBUG net.serenitybdd.core.photography.Darkroom - Send negative for processing for target\site\serenity\ab83ef727c8b8636b85bbf353969d47359a8f6352e7d8eb02c08c92d6e040239.png
22:21:14.190 [main] DEBUG net.thucydides.core.steps.StepInterceptor - STEP DONE: klikbuttonmasuk
  &amp#27;[32mGiven &amp#27;[0m&amp#27;[32mAdmin melakukan login akun&amp#27;[0m                                                                &amp#27;[90m# starter.stepdefinitions.TransaksiSteps.adminMelakukanLoginAkun()&amp#27;[0m
22:21:14.210 [main] DEBUG net.thucydides.core.steps.StepInterceptor - STARTING STEP: TransaksiSteps.padaBerandaAdminKlikTransaksi - klikmenutransaksi
22:21:14.212 [AsyncHttpClient-1-1] DEBUG org.asynchttpclient.netty.channel.DefaultChannelPool - Entry count for : http://localhost:63453 : 1
22:21:14.212 [AsyncHttpClient-1-1] DEBUG org.asynchttpclient.netty.channel.DefaultChannelPool - Entry count for : http://localhost:2191 : 1
22:21:14.214 [Forwarding findElement on session 6131b3ea610f9df98faaa5ac1bbf0126 to remote] DEBUG org.asynchttpclient.netty.request.NettyRequestSender - Using pooled Channel '[id: 0x0b6a85fc, L:/127.0.0.1:63451 - R:localhost/127.0.0.1:2191]' for 'POST' to 'http://localhost:2191/session/6131b3ea610f9df98faaa5ac1bbf0126/element'
22:21:14.214 [Forwarding findElement on session 6131b3ea610f9df98faaa5ac1bbf0126 to remote] DEBUG org.asynchttpclient.netty.request.NettyRequestSender - Using open Channel [id: 0x0b6a85fc, L:/127.0.0.1:63451 - R:localhost/127.0.0.1:2191] for POST '/session/6131b3ea610f9df98faaa5ac1bbf0126/element'
22:21:14.652 [AsyncHttpClient-1-8] DEBUG org.asynchttpclient.netty.handler.HttpHandler - 

Request DefaultHttpRequest(decodeResult: success, version: HTTP/1.1)
POST /session/6131b3ea610f9df98faaa5ac1bbf0126/element HTTP/1.1
User-Agent: selenium/4.7.1 (java windows)
Content-Length: 81
Content-Type: application/json; charset=utf-8
host: localhost:2191
accept: */*

Response DefaultHttpResponse(decodeResult: success, version: HTTP/1.1)
HTTP/1.1 200 OK
Content-Type: application/json; charset=utf-8
cache-control: no-cache
content-length: 95

22:21:14.652 [AsyncHttpClient-1-8] DEBUG org.asynchttpclient.netty.channel.ChannelManager - Adding key: http://localhost:2191 for channel [id: 0x0b6a85fc, L:/127.0.0.1:63451 - R:localhost/127.0.0.1:2191]
22:21:14.660 [Forwarding getElementTagName on session 6131b3ea610f9df98faaa5ac1bbf0126 to remote] DEBUG org.asynchttpclient.netty.request.NettyRequestSender - Using pooled Channel '[id: 0x0b6a85fc, L:/127.0.0.1:63451 - R:localhost/127.0.0.1:2191]' for 'GET' to 'http://localhost:2191/session/6131b3ea610f9df98faaa5ac1bbf0126/element/62808F59B947E2A500603E0791655CAE_element_17/name'
22:21:14.660 [Forwarding getElementTagName on session 6131b3ea610f9df98faaa5ac1bbf0126 to remote] DEBUG org.asynchttpclient.netty.request.NettyRequestSender - Using open Channel [id: 0x0b6a85fc, L:/127.0.0.1:63451 - R:localhost/127.0.0.1:2191] for GET '/session/6131b3ea610f9df98faaa5ac1bbf0126/element/62808F59B947E2A500603E0791655CAE_element_17/name'
22:21:14.775 [AsyncHttpClient-1-8] DEBUG org.asynchttpclient.netty.handler.HttpHandler - 

Request DefaultFullHttpRequest(decodeResult: success, version: HTTP/1.1, content: EmptyByteBufBE)
GET /session/6131b3ea610f9df98faaa5ac1bbf0126/element/62808F59B947E2A500603E0791655CAE_element_17/name HTTP/1.1
User-Agent: selenium/4.7.1 (java windows)
Cache-Control: no-cache
Content-Type: application/json; charset=utf-8
host: localhost:2191
accept: */*

Response DefaultHttpResponse(decodeResult: success, version: HTTP/1.1)
HTTP/1.1 200 OK
Content-Type: application/json; charset=utf-8
cache-control: no-cache
content-length: 13

22:21:14.775 [AsyncHttpClient-1-8] DEBUG org.asynchttpclient.netty.channel.ChannelManager - Adding key: http://localhost:2191 for channel [id: 0x0b6a85fc, L:/127.0.0.1:63451 - R:localhost/127.0.0.1:2191]
22:21:14.783 [Forwarding getElementTagName on session 6131b3ea610f9df98faaa5ac1bbf0126 to remote] DEBUG org.asynchttpclient.netty.request.NettyRequestSender - Using pooled Channel '[id: 0x0b6a85fc, L:/127.0.0.1:63451 - R:localhost/127.0.0.1:2191]' for 'GET' to 'http://localhost:2191/session/6131b3ea610f9df98faaa5ac1bbf0126/element/62808F59B947E2A500603E0791655CAE_element_17/name'
22:21:14.783 [Forwarding getElementTagName on session 6131b3ea610f9df98faaa5ac1bbf0126 to remote] DEBUG org.asynchttpclient.netty.request.NettyRequestSender - Using open Channel [id: 0x0b6a85fc, L:/127.0.0.1:63451 - R:localhost/127.0.0.1:2191] for GET '/session/6131b3ea610f9df98faaa5ac1bbf0126/element/62808F59B947E2A500603E0791655CAE_element_17/name'
22:21:14.850 [AsyncHttpClient-1-8] DEBUG org.asynchttpclient.netty.handler.HttpHandler - 

Request DefaultFullHttpRequest(decodeResult: success, version: HTTP/1.1, content: EmptyByteBufBE)
GET /session/6131b3ea610f9df98faaa5ac1bbf0126/element/62808F59B947E2A500603E0791655CAE_element_17/name HTTP/1.1
User-Agent: selenium/4.7.1 (java windows)
Cache-Control: no-cache
Content-Type: application/json; charset=utf-8
host: localhost:2191
accept: */*

Response DefaultHttpResponse(decodeResult: success, version: HTTP/1.1)
HTTP/1.1 200 OK
Content-Type: application/json; charset=utf-8
cache-control: no-cache
content-length: 13

22:21:14.850 [AsyncHttpClient-1-8] DEBUG org.asynchttpclient.netty.channel.ChannelManager - Adding key: http://localhost:2191 for channel [id: 0x0b6a85fc, L:/127.0.0.1:63451 - R:localhost/127.0.0.1:2191]
22:21:14.857 [Forwarding findElement on session 6131b3ea610f9df98faaa5ac1bbf0126 to remote] DEBUG org.asynchttpclient.netty.request.NettyRequestSender - Using pooled Channel '[id: 0x0b6a85fc, L:/127.0.0.1:63451 - R:localhost/127.0.0.1:2191]' for 'POST' to 'http://localhost:2191/session/6131b3ea610f9df98faaa5ac1bbf0126/element'
22:21:14.857 [Forwarding findElement on session 6131b3ea610f9df98faaa5ac1bbf0126 to remote] DEBUG org.asynchttpclient.netty.request.NettyRequestSender - Using open Channel [id: 0x0b6a85fc, L:/127.0.0.1:63451 - R:localhost/127.0.0.1:2191] for POST '/session/6131b3ea610f9df98faaa5ac1bbf0126/element'
22:21:14.880 [AsyncHttpClient-1-8] DEBUG org.asynchttpclient.netty.handler.HttpHandler - 

Request DefaultHttpRequest(decodeResult: success, version: HTTP/1.1)
POST /session/6131b3ea610f9df98faaa5ac1bbf0126/element HTTP/1.1
User-Agent: selenium/4.7.1 (java windows)
Content-Length: 81
Content-Type: application/json; charset=utf-8
host: localhost:2191
accept: */*

Response DefaultHttpResponse(decodeResult: success, version: HTTP/1.1)
HTTP/1.1 200 OK
Content-Type: application/json; charset=utf-8
cache-control: no-cache
content-length: 95

22:21:14.880 [AsyncHttpClient-1-8] DEBUG org.asynchttpclient.netty.channel.ChannelManager - Adding key: http://localhost:2191 for channel [id: 0x0b6a85fc, L:/127.0.0.1:63451 - R:localhost/127.0.0.1:2191]
22:21:14.880 [Forwarding clickElement on session 6131b3ea610f9df98faaa5ac1bbf0126 to remote] DEBUG org.asynchttpclient.netty.request.NettyRequestSender - Using pooled Channel '[id: 0x0b6a85fc, L:/127.0.0.1:63451 - R:localhost/127.0.0.1:2191]' for 'POST' to 'http://localhost:2191/session/6131b3ea610f9df98faaa5ac1bbf0126/element/62808F59B947E2A500603E0791655CAE_element_17/click'
22:21:14.880 [Forwarding clickElement on session 6131b3ea610f9df98faaa5ac1bbf0126 to remote] DEBUG org.asynchttpclient.netty.request.NettyRequestSender - Using open Channel [id: 0x0b6a85fc, L:/127.0.0.1:63451 - R:localhost/127.0.0.1:2191] for POST '/session/6131b3ea610f9df98faaa5ac1bbf0126/element/62808F59B947E2A500603E0791655CAE_element_17/click'
22:21:15.315 [AsyncHttpClient-1-1] DEBUG org.asynchttpclient.netty.channel.DefaultChannelPool - Entry count for : http://localhost:63453 : 1
22:21:16.029 [AsyncHttpClient-1-8] DEBUG org.asynchttpclient.netty.handler.HttpHandler - 

Request DefaultHttpRequest(decodeResult: success, version: HTTP/1.1)
POST /session/6131b3ea610f9df98faaa5ac1bbf0126/element/62808F59B947E2A500603E0791655CAE_element_17/click HTTP/1.1
User-Agent: selenium/4.7.1 (java windows)
Content-Length: 57
Content-Type: application/json; charset=utf-8
host: localhost:2191
accept: */*

Response DefaultHttpResponse(decodeResult: success, version: HTTP/1.1)
HTTP/1.1 400 Bad Request
Content-Type: application/json; charset=utf-8
cache-control: no-cache
content-length: 1259

22:21:16.029 [AsyncHttpClient-1-8] DEBUG org.asynchttpclient.netty.channel.ChannelManager - Adding key: http://localhost:2191 for channel [id: 0x0b6a85fc, L:/127.0.0.1:63451 - R:localhost/127.0.0.1:2191]
22:21:16.284 [Forwarding clickElement on session 6131b3ea610f9df98faaa5ac1bbf0126 to remote] DEBUG org.asynchttpclient.netty.request.NettyRequestSender - Using pooled Channel '[id: 0x0b6a85fc, L:/127.0.0.1:63451 - R:localhost/127.0.0.1:2191]' for 'POST' to 'http://localhost:2191/session/6131b3ea610f9df98faaa5ac1bbf0126/element/62808F59B947E2A500603E0791655CAE_element_17/click'
22:21:16.284 [Forwarding clickElement on session 6131b3ea610f9df98faaa5ac1bbf0126 to remote] DEBUG org.asynchttpclient.netty.request.NettyRequestSender - Using open Channel [id: 0x0b6a85fc, L:/127.0.0.1:63451 - R:localhost/127.0.0.1:2191] for POST '/session/6131b3ea610f9df98faaa5ac1bbf0126/element/62808F59B947E2A500603E0791655CAE_element_17/click'
22:21:16.412 [AsyncHttpClient-1-1] DEBUG org.asynchttpclient.netty.channel.DefaultChannelPool - Entry count for : http://localhost:63453 : 1
22:21:17.352 [AsyncHttpClient-1-8] DEBUG org.asynchttpclient.netty.handler.HttpHandler - 

Request DefaultHttpRequest(decodeResult: success, version: HTTP/1.1)
POST /session/6131b3ea610f9df98faaa5ac1bbf0126/element/62808F59B947E2A500603E0791655CAE_element_17/click HTTP/1.1
User-Agent: selenium/4.7.1 (java windows)
Content-Length: 57
Content-Type: application/json; charset=utf-8
host: localhost:2191
accept: */*

Response DefaultHttpResponse(decodeResult: success, version: HTTP/1.1)
HTTP/1.1 400 Bad Request
Content-Type: application/json; charset=utf-8
cache-control: no-cache
content-length: 1259

22:21:17.352 [AsyncHttpClient-1-8] DEBUG org.asynchttpclient.netty.channel.ChannelManager - Adding key: http://localhost:2191 for channel [id: 0x0b6a85fc, L:/127.0.0.1:63451 - R:localhost/127.0.0.1:2191]
22:21:17.518 [AsyncHttpClient-1-1] DEBUG org.asynchttpclient.netty.channel.DefaultChannelPool - Entry count for : http://localhost:63453 : 1
22:21:17.518 [AsyncHttpClient-1-1] DEBUG org.asynchttpclient.netty.channel.DefaultChannelPool - Entry count for : http://localhost:2191 : 1
22:21:17.614 [Forwarding clickElement on session 6131b3ea610f9df98faaa5ac1bbf0126 to remote] DEBUG org.asynchttpclient.netty.request.NettyRequestSender - Using pooled Channel '[id: 0x0b6a85fc, L:/127.0.0.1:63451 - R:localhost/127.0.0.1:2191]' for 'POST' to 'http://localhost:2191/session/6131b3ea610f9df98faaa5ac1bbf0126/element/62808F59B947E2A500603E0791655CAE_element_17/click'
22:21:17.614 [Forwarding clickElement on session 6131b3ea610f9df98faaa5ac1bbf0126 to remote] DEBUG org.asynchttpclient.netty.request.NettyRequestSender - Using open Channel [id: 0x0b6a85fc, L:/127.0.0.1:63451 - R:localhost/127.0.0.1:2191] for POST '/session/6131b3ea610f9df98faaa5ac1bbf0126/element/62808F59B947E2A500603E0791655CAE_element_17/click'
22:21:17.752 [AsyncHttpClient-1-8] DEBUG org.asynchttpclient.netty.handler.HttpHandler - 

Request DefaultHttpRequest(decodeResult: success, version: HTTP/1.1)
POST /session/6131b3ea610f9df98faaa5ac1bbf0126/element/62808F59B947E2A500603E0791655CAE_element_17/click HTTP/1.1
User-Agent: selenium/4.7.1 (java windows)
Content-Length: 57
Content-Type: application/json; charset=utf-8
host: localhost:2191
accept: */*

Response DefaultHttpResponse(decodeResult: success, version: HTTP/1.1)
HTTP/1.1 200 OK
Content-Type: application/json; charset=utf-8
cache-control: no-cache
content-length: 14

22:21:17.752 [AsyncHttpClient-1-8] DEBUG org.asynchttpclient.netty.channel.ChannelManager - Adding key: http://localhost:2191 for channel [id: 0x0b6a85fc, L:/127.0.0.1:63451 - R:localhost/127.0.0.1:2191]
22:21:17.768 [Forwarding getCurrentWindowHandle on session 6131b3ea610f9df98faaa5ac1bbf0126 to remote] DEBUG org.asynchttpclient.netty.request.NettyRequestSender - Using pooled Channel '[id: 0x0b6a85fc, L:/127.0.0.1:63451 - R:localhost/127.0.0.1:2191]' for 'GET' to 'http://localhost:2191/session/6131b3ea610f9df98faaa5ac1bbf0126/window'
22:21:17.768 [Forwarding getCurrentWindowHandle on session 6131b3ea610f9df98faaa5ac1bbf0126 to remote] DEBUG org.asynchttpclient.netty.request.NettyRequestSender - Using open Channel [id: 0x0b6a85fc, L:/127.0.0.1:63451 - R:localhost/127.0.0.1:2191] for GET '/session/6131b3ea610f9df98faaa5ac1bbf0126/window'
22:21:17.768 [AsyncHttpClient-1-8] DEBUG org.asynchttpclient.netty.handler.HttpHandler - 

Request DefaultFullHttpRequest(decodeResult: success, version: HTTP/1.1, content: EmptyByteBufBE)
GET /session/6131b3ea610f9df98faaa5ac1bbf0126/window HTTP/1.1
User-Agent: selenium/4.7.1 (java windows)
Cache-Control: no-cache
Content-Type: application/json; charset=utf-8
host: localhost:2191
accept: */*

Response DefaultHttpResponse(decodeResult: success, version: HTTP/1.1)
HTTP/1.1 200 OK
Content-Type: application/json; charset=utf-8
cache-control: no-cache
content-length: 44

22:21:17.768 [AsyncHttpClient-1-8] DEBUG org.asynchttpclient.netty.channel.ChannelManager - Adding key: http://localhost:2191 for channel [id: 0x0b6a85fc, L:/127.0.0.1:63451 - R:localhost/127.0.0.1:2191]
22:21:17.776 [Forwarding getAlertText on session 6131b3ea610f9df98faaa5ac1bbf0126 to remote] DEBUG org.asynchttpclient.netty.request.NettyRequestSender - Using pooled Channel '[id: 0x0b6a85fc, L:/127.0.0.1:63451 - R:localhost/127.0.0.1:2191]' for 'GET' to 'http://localhost:2191/session/6131b3ea610f9df98faaa5ac1bbf0126/alert/text'
22:21:17.776 [Forwarding getAlertText on session 6131b3ea610f9df98faaa5ac1bbf0126 to remote] DEBUG org.asynchttpclient.netty.request.NettyRequestSender - Using open Channel [id: 0x0b6a85fc, L:/127.0.0.1:63451 - R:localhost/127.0.0.1:2191] for GET '/session/6131b3ea610f9df98faaa5ac1bbf0126/alert/text'
22:21:17.776 [AsyncHttpClient-1-8] DEBUG org.asynchttpclient.netty.handler.HttpHandler - 

Request DefaultFullHttpRequest(decodeResult: success, version: HTTP/1.1, content: EmptyByteBufBE)
GET /session/6131b3ea610f9df98faaa5ac1bbf0126/alert/text HTTP/1.1
User-Agent: selenium/4.7.1 (java windows)
Cache-Control: no-cache
Content-Type: application/json; charset=utf-8
host: localhost:2191
accept: */*

Response DefaultHttpResponse(decodeResult: success, version: HTTP/1.1)
HTTP/1.1 404 Not Found
Content-Type: application/json; charset=utf-8
cache-control: no-cache
content-length: 821

22:21:17.776 [AsyncHttpClient-1-8] DEBUG org.asynchttpclient.netty.channel.ChannelManager - Adding key: http://localhost:2191 for channel [id: 0x0b6a85fc, L:/127.0.0.1:63451 - R:localhost/127.0.0.1:2191]
22:21:17.784 [Forwarding switchToWindow on session 6131b3ea610f9df98faaa5ac1bbf0126 to remote] DEBUG org.asynchttpclient.netty.request.NettyRequestSender - Using pooled Channel '[id: 0x0b6a85fc, L:/127.0.0.1:63451 - R:localhost/127.0.0.1:2191]' for 'POST' to 'http://localhost:2191/session/6131b3ea610f9df98faaa5ac1bbf0126/window'
22:21:17.784 [Forwarding switchToWindow on session 6131b3ea610f9df98faaa5ac1bbf0126 to remote] DEBUG org.asynchttpclient.netty.request.NettyRequestSender - Using open Channel [id: 0x0b6a85fc, L:/127.0.0.1:63451 - R:localhost/127.0.0.1:2191] for POST '/session/6131b3ea610f9df98faaa5ac1bbf0126/window'
22:21:17.792 [AsyncHttpClient-1-8] DEBUG org.asynchttpclient.netty.handler.HttpHandler - 

Request DefaultHttpRequest(decodeResult: success, version: HTTP/1.1)
POST /session/6131b3ea610f9df98faaa5ac1bbf0126/window HTTP/1.1
User-Agent: selenium/4.7.1 (java windows)
Content-Length: 50
Content-Type: application/json; charset=utf-8
host: localhost:2191
accept: */*

Response DefaultHttpResponse(decodeResult: success, version: HTTP/1.1)
HTTP/1.1 200 OK
Content-Type: application/json; charset=utf-8
cache-control: no-cache
content-length: 14

22:21:17.792 [AsyncHttpClient-1-8] DEBUG org.asynchttpclient.netty.channel.ChannelManager - Adding key: http://localhost:2191 for channel [id: 0x0b6a85fc, L:/127.0.0.1:63451 - R:localhost/127.0.0.1:2191]
22:21:17.792 [Forwarding getCurrentUrl on session 6131b3ea610f9df98faaa5ac1bbf0126 to remote] DEBUG org.asynchttpclient.netty.request.NettyRequestSender - Using pooled Channel '[id: 0x0b6a85fc, L:/127.0.0.1:63451 - R:localhost/127.0.0.1:2191]' for 'GET' to 'http://localhost:2191/session/6131b3ea610f9df98faaa5ac1bbf0126/url'
22:21:17.792 [Forwarding getCurrentUrl on session 6131b3ea610f9df98faaa5ac1bbf0126 to remote] DEBUG org.asynchttpclient.netty.request.NettyRequestSender - Using open Channel [id: 0x0b6a85fc, L:/127.0.0.1:63451 - R:localhost/127.0.0.1:2191] for GET '/session/6131b3ea610f9df98faaa5ac1bbf0126/url'
22:21:17.864 [AsyncHttpClient-1-8] DEBUG org.asynchttpclient.netty.handler.HttpHandler - 

Request DefaultFullHttpRequest(decodeResult: success, version: HTTP/1.1, content: EmptyByteBufBE)
GET /session/6131b3ea610f9df98faaa5ac1bbf0126/url HTTP/1.1
User-Agent: selenium/4.7.1 (java windows)
Cache-Control: no-cache
Content-Type: application/json; charset=utf-8
host: localhost:2191
accept: */*

Response DefaultHttpResponse(decodeResult: success, version: HTTP/1.1)
HTTP/1.1 200 OK
Content-Type: application/json; charset=utf-8
cache-control: no-cache
content-length: 55

22:21:17.872 [AsyncHttpClient-1-8] DEBUG org.asynchttpclient.netty.channel.ChannelManager - Adding key: http://localhost:2191 for channel [id: 0x0b6a85fc, L:/127.0.0.1:63451 - R:localhost/127.0.0.1:2191]
22:21:17.872 [Forwarding screenshot on session 6131b3ea610f9df98faaa5ac1bbf0126 to remote] DEBUG org.asynchttpclient.netty.request.NettyRequestSender - Using pooled Channel '[id: 0x0b6a85fc, L:/127.0.0.1:63451 - R:localhost/127.0.0.1:2191]' for 'GET' to 'http://localhost:2191/session/6131b3ea610f9df98faaa5ac1bbf0126/screenshot'
22:21:17.872 [Forwarding screenshot on session 6131b3ea610f9df98faaa5ac1bbf0126 to remote] DEBUG org.asynchttpclient.netty.request.NettyRequestSender - Using open Channel [id: 0x0b6a85fc, L:/127.0.0.1:63451 - R:localhost/127.0.0.1:2191] for GET '/session/6131b3ea610f9df98faaa5ac1bbf0126/screenshot'
22:21:18.029 [AsyncHttpClient-1-8] DEBUG org.asynchttpclient.netty.handler.HttpHandler - 

Request DefaultFullHttpRequest(decodeResult: success, version: HTTP/1.1, content: EmptyByteBufBE)
GET /session/6131b3ea610f9df98faaa5ac1bbf0126/screenshot HTTP/1.1
User-Agent: selenium/4.7.1 (java windows)
Cache-Control: no-cache
Content-Type: application/json; charset=utf-8
host: localhost:2191
accept: */*

Response DefaultHttpResponse(decodeResult: success, version: HTTP/1.1)
HTTP/1.1 200 OK
Content-Type: application/json; charset=utf-8
cache-control: no-cache
content-length: 100756

22:21:18.029 [AsyncHttpClient-1-8] DEBUG org.asynchttpclient.netty.channel.ChannelManager - Adding key: http://localhost:2191 for channel [id: 0x0b6a85fc, L:/127.0.0.1:63451 - R:localhost/127.0.0.1:2191]
22:21:18.037 [main] DEBUG net.serenitybdd.core.photography.Darkroom - Send negative for processing for target\site\serenity\82b0fe418ca1e02511453ccbbd6ad5db69ef6b690366130a1963bc28ef9459a7.png
22:21:18.037 [main] DEBUG net.thucydides.core.steps.StepInterceptor - STEP DONE: klikmenutransaksi
  &amp#27;[32mWhen &amp#27;[0m&amp#27;[32mPada Beranda, Admin klik Transaksi&amp#27;[0m                                                         &amp#27;[90m# starter.stepdefinitions.TransaksiSteps.padaBerandaAdminKlikTransaksi()&amp#27;[0m
22:21:18.052 [main] DEBUG net.thucydides.core.steps.StepInterceptor - STARTING STEP: TransaksiSteps.adminKlikBelumBayar - pilihitembelumbayar
22:21:18.060 [Forwarding findElement on session 6131b3ea610f9df98faaa5ac1bbf0126 to remote] DEBUG org.asynchttpclient.netty.request.NettyRequestSender - Using pooled Channel '[id: 0x0b6a85fc, L:/127.0.0.1:63451 - R:localhost/127.0.0.1:2191]' for 'POST' to 'http://localhost:2191/session/6131b3ea610f9df98faaa5ac1bbf0126/element'
22:21:18.060 [Forwarding findElement on session 6131b3ea610f9df98faaa5ac1bbf0126 to remote] DEBUG org.asynchttpclient.netty.request.NettyRequestSender - Using open Channel [id: 0x0b6a85fc, L:/127.0.0.1:63451 - R:localhost/127.0.0.1:2191] for POST '/session/6131b3ea610f9df98faaa5ac1bbf0126/element'
22:21:18.084 [AsyncHttpClient-1-8] DEBUG org.asynchttpclient.netty.handler.HttpHandler - 

Request DefaultHttpRequest(decodeResult: success, version: HTTP/1.1)
POST /session/6131b3ea610f9df98faaa5ac1bbf0126/element HTTP/1.1
User-Agent: selenium/4.7.1 (java windows)
Content-Length: 82
Content-Type: application/json; charset=utf-8
host: localhost:2191
accept: */*

Response DefaultHttpResponse(decodeResult: success, version: HTTP/1.1)
HTTP/1.1 200 OK
Content-Type: application/json; charset=utf-8
cache-control: no-cache
content-length: 95

22:21:18.084 [AsyncHttpClient-1-8] DEBUG org.asynchttpclient.netty.channel.ChannelManager - Adding key: http://localhost:2191 for channel [id: 0x0b6a85fc, L:/127.0.0.1:63451 - R:localhost/127.0.0.1:2191]
22:21:18.084 [Forwarding getElementTagName on session 6131b3ea610f9df98faaa5ac1bbf0126 to remote] DEBUG org.asynchttpclient.netty.request.NettyRequestSender - Using pooled Channel '[id: 0x0b6a85fc, L:/127.0.0.1:63451 - R:localhost/127.0.0.1:2191]' for 'GET' to 'http://localhost:2191/session/6131b3ea610f9df98faaa5ac1bbf0126/element/62808F59B947E2A500603E0791655CAE_element_25/name'
22:21:18.084 [Forwarding getElementTagName on session 6131b3ea610f9df98faaa5ac1bbf0126 to remote] DEBUG org.asynchttpclient.netty.request.NettyRequestSender - Using open Channel [id: 0x0b6a85fc, L:/127.0.0.1:63451 - R:localhost/127.0.0.1:2191] for GET '/session/6131b3ea610f9df98faaa5ac1bbf0126/element/62808F59B947E2A500603E0791655CAE_element_25/name'
22:21:18.100 [AsyncHttpClient-1-8] DEBUG org.asynchttpclient.netty.handler.HttpHandler - 

Request DefaultFullHttpRequest(decodeResult: success, version: HTTP/1.1, content: EmptyByteBufBE)
GET /session/6131b3ea610f9df98faaa5ac1bbf0126/element/62808F59B947E2A500603E0791655CAE_element_25/name HTTP/1.1
User-Agent: selenium/4.7.1 (java windows)
Cache-Control: no-cache
Content-Type: application/json; charset=utf-8
host: localhost:2191
accept: */*

Response DefaultHttpResponse(decodeResult: success, version: HTTP/1.1)
HTTP/1.1 200 OK
Content-Type: application/json; charset=utf-8
cache-control: no-cache
content-length: 13

22:21:18.100 [AsyncHttpClient-1-8] DEBUG org.asynchttpclient.netty.channel.ChannelManager - Adding key: http://localhost:2191 for channel [id: 0x0b6a85fc, L:/127.0.0.1:63451 - R:localhost/127.0.0.1:2191]
22:21:18.100 [Forwarding getElementTagName on session 6131b3ea610f9df98faaa5ac1bbf0126 to remote] DEBUG org.asynchttpclient.netty.request.NettyRequestSender - Using pooled Channel '[id: 0x0b6a85fc, L:/127.0.0.1:63451 - R:localhost/127.0.0.1:2191]' for 'GET' to 'http://localhost:2191/session/6131b3ea610f9df98faaa5ac1bbf0126/element/62808F59B947E2A500603E0791655CAE_element_25/name'
22:21:18.100 [Forwarding getElementTagName on session 6131b3ea610f9df98faaa5ac1bbf0126 to remote] DEBUG org.asynchttpclient.netty.request.NettyRequestSender - Using open Channel [id: 0x0b6a85fc, L:/127.0.0.1:63451 - R:localhost/127.0.0.1:2191] for GET '/session/6131b3ea610f9df98faaa5ac1bbf0126/element/62808F59B947E2A500603E0791655CAE_element_25/name'
22:21:18.108 [AsyncHttpClient-1-8] DEBUG org.asynchttpclient.netty.handler.HttpHandler - 

Request DefaultFullHttpRequest(decodeResult: success, version: HTTP/1.1, content: EmptyByteBufBE)
GET /session/6131b3ea610f9df98faaa5ac1bbf0126/element/62808F59B947E2A500603E0791655CAE_element_25/name HTTP/1.1
User-Agent: selenium/4.7.1 (java windows)
Cache-Control: no-cache
Content-Type: application/json; charset=utf-8
host: localhost:2191
accept: */*

Response DefaultHttpResponse(decodeResult: success, version: HTTP/1.1)
HTTP/1.1 200 OK
Content-Type: application/json; charset=utf-8
cache-control: no-cache
content-length: 13

22:21:18.108 [AsyncHttpClient-1-8] DEBUG org.asynchttpclient.netty.channel.ChannelManager - Adding key: http://localhost:2191 for channel [id: 0x0b6a85fc, L:/127.0.0.1:63451 - R:localhost/127.0.0.1:2191]
22:21:18.116 [Forwarding findElement on session 6131b3ea610f9df98faaa5ac1bbf0126 to remote] DEBUG org.asynchttpclient.netty.request.NettyRequestSender - Using pooled Channel '[id: 0x0b6a85fc, L:/127.0.0.1:63451 - R:localhost/127.0.0.1:2191]' for 'POST' to 'http://localhost:2191/session/6131b3ea610f9df98faaa5ac1bbf0126/element'
22:21:18.116 [Forwarding findElement on session 6131b3ea610f9df98faaa5ac1bbf0126 to remote] DEBUG org.asynchttpclient.netty.request.NettyRequestSender - Using open Channel [id: 0x0b6a85fc, L:/127.0.0.1:63451 - R:localhost/127.0.0.1:2191] for POST '/session/6131b3ea610f9df98faaa5ac1bbf0126/element'
22:21:18.132 [AsyncHttpClient-1-8] DEBUG org.asynchttpclient.netty.handler.HttpHandler - 

Request DefaultHttpRequest(decodeResult: success, version: HTTP/1.1)
POST /session/6131b3ea610f9df98faaa5ac1bbf0126/element HTTP/1.1
User-Agent: selenium/4.7.1 (java windows)
Content-Length: 82
Content-Type: application/json; charset=utf-8
host: localhost:2191
accept: */*

Response DefaultHttpResponse(decodeResult: success, version: HTTP/1.1)
HTTP/1.1 200 OK
Content-Type: application/json; charset=utf-8
cache-control: no-cache
content-length: 95

22:21:18.132 [AsyncHttpClient-1-8] DEBUG org.asynchttpclient.netty.channel.ChannelManager - Adding key: http://localhost:2191 for channel [id: 0x0b6a85fc, L:/127.0.0.1:63451 - R:localhost/127.0.0.1:2191]
22:21:18.132 [Forwarding clickElement on session 6131b3ea610f9df98faaa5ac1bbf0126 to remote] DEBUG org.asynchttpclient.netty.request.NettyRequestSender - Using pooled Channel '[id: 0x0b6a85fc, L:/127.0.0.1:63451 - R:localhost/127.0.0.1:2191]' for 'POST' to 'http://localhost:2191/session/6131b3ea610f9df98faaa5ac1bbf0126/element/62808F59B947E2A500603E0791655CAE_element_25/click'
22:21:18.132 [Forwarding clickElement on session 6131b3ea610f9df98faaa5ac1bbf0126 to remote] DEBUG org.asynchttpclient.netty.request.NettyRequestSender - Using open Channel [id: 0x0b6a85fc, L:/127.0.0.1:63451 - R:localhost/127.0.0.1:2191] for POST '/session/6131b3ea610f9df98faaa5ac1bbf0126/element/62808F59B947E2A500603E0791655CAE_element_25/click'
22:21:18.244 [AsyncHttpClient-1-8] DEBUG org.asynchttpclient.netty.handler.HttpHandler - 

Request DefaultHttpRequest(decodeResult: success, version: HTTP/1.1)
POST /session/6131b3ea610f9df98faaa5ac1bbf0126/element/62808F59B947E2A500603E0791655CAE_element_25/click HTTP/1.1
User-Agent: selenium/4.7.1 (java windows)
Content-Length: 57
Content-Type: application/json; charset=utf-8
host: localhost:2191
accept: */*

Response DefaultHttpResponse(decodeResult: success, version: HTTP/1.1)
HTTP/1.1 200 OK
Content-Type: application/json; charset=utf-8
cache-control: no-cache
content-length: 14

22:21:18.252 [AsyncHttpClient-1-8] DEBUG org.asynchttpclient.netty.channel.ChannelManager - Adding key: http://localhost:2191 for channel [id: 0x0b6a85fc, L:/127.0.0.1:63451 - R:localhost/127.0.0.1:2191]
22:21:18.268 [Forwarding getCurrentWindowHandle on session 6131b3ea610f9df98faaa5ac1bbf0126 to remote] DEBUG org.asynchttpclient.netty.request.NettyRequestSender - Using pooled Channel '[id: 0x0b6a85fc, L:/127.0.0.1:63451 - R:localhost/127.0.0.1:2191]' for 'GET' to 'http://localhost:2191/session/6131b3ea610f9df98faaa5ac1bbf0126/window'
22:21:18.268 [Forwarding getCurrentWindowHandle on session 6131b3ea610f9df98faaa5ac1bbf0126 to remote] DEBUG org.asynchttpclient.netty.request.NettyRequestSender - Using open Channel [id: 0x0b6a85fc, L:/127.0.0.1:63451 - R:localhost/127.0.0.1:2191] for GET '/session/6131b3ea610f9df98faaa5ac1bbf0126/window'
22:21:18.268 [AsyncHttpClient-1-8] DEBUG org.asynchttpclient.netty.handler.HttpHandler - 

Request DefaultFullHttpRequest(decodeResult: success, version: HTTP/1.1, content: EmptyByteBufBE)
GET /session/6131b3ea610f9df98faaa5ac1bbf0126/window HTTP/1.1
User-Agent: selenium/4.7.1 (java windows)
Cache-Control: no-cache
Content-Type: application/json; charset=utf-8
host: localhost:2191
accept: */*

Response DefaultHttpResponse(decodeResult: success, version: HTTP/1.1)
HTTP/1.1 200 OK
Content-Type: application/json; charset=utf-8
cache-control: no-cache
content-length: 44

22:21:18.268 [AsyncHttpClient-1-8] DEBUG org.asynchttpclient.netty.channel.ChannelManager - Adding key: http://localhost:2191 for channel [id: 0x0b6a85fc, L:/127.0.0.1:63451 - R:localhost/127.0.0.1:2191]
22:21:18.276 [Forwarding getAlertText on session 6131b3ea610f9df98faaa5ac1bbf0126 to remote] DEBUG org.asynchttpclient.netty.request.NettyRequestSender - Using pooled Channel '[id: 0x0b6a85fc, L:/127.0.0.1:63451 - R:localhost/127.0.0.1:2191]' for 'GET' to 'http://localhost:2191/session/6131b3ea610f9df98faaa5ac1bbf0126/alert/text'
22:21:18.276 [Forwarding getAlertText on session 6131b3ea610f9df98faaa5ac1bbf0126 to remote] DEBUG org.asynchttpclient.netty.request.NettyRequestSender - Using open Channel [id: 0x0b6a85fc, L:/127.0.0.1:63451 - R:localhost/127.0.0.1:2191] for GET '/session/6131b3ea610f9df98faaa5ac1bbf0126/alert/text'
22:21:18.276 [AsyncHttpClient-1-8] DEBUG org.asynchttpclient.netty.handler.HttpHandler - 

Request DefaultFullHttpRequest(decodeResult: success, version: HTTP/1.1, content: EmptyByteBufBE)
GET /session/6131b3ea610f9df98faaa5ac1bbf0126/alert/text HTTP/1.1
User-Agent: selenium/4.7.1 (java windows)
Cache-Control: no-cache
Content-Type: application/json; charset=utf-8
host: localhost:2191
accept: */*

Response DefaultHttpResponse(decodeResult: success, version: HTTP/1.1)
HTTP/1.1 404 Not Found
Content-Type: application/json; charset=utf-8
cache-control: no-cache
content-length: 821

22:21:18.276 [AsyncHttpClient-1-8] DEBUG org.asynchttpclient.netty.channel.ChannelManager - Adding key: http://localhost:2191 for channel [id: 0x0b6a85fc, L:/127.0.0.1:63451 - R:localhost/127.0.0.1:2191]
22:21:18.284 [Forwarding switchToWindow on session 6131b3ea610f9df98faaa5ac1bbf0126 to remote] DEBUG org.asynchttpclient.netty.request.NettyRequestSender - Using pooled Channel '[id: 0x0b6a85fc, L:/127.0.0.1:63451 - R:localhost/127.0.0.1:2191]' for 'POST' to 'http://localhost:2191/session/6131b3ea610f9df98faaa5ac1bbf0126/window'
22:21:18.284 [Forwarding switchToWindow on session 6131b3ea610f9df98faaa5ac1bbf0126 to remote] DEBUG org.asynchttpclient.netty.request.NettyRequestSender - Using open Channel [id: 0x0b6a85fc, L:/127.0.0.1:63451 - R:localhost/127.0.0.1:2191] for POST '/session/6131b3ea610f9df98faaa5ac1bbf0126/window'
22:21:18.284 [AsyncHttpClient-1-8] DEBUG org.asynchttpclient.netty.handler.HttpHandler - 

Request DefaultHttpRequest(decodeResult: success, version: HTTP/1.1)
POST /session/6131b3ea610f9df98faaa5ac1bbf0126/window HTTP/1.1
User-Agent: selenium/4.7.1 (java windows)
Content-Length: 50
Content-Type: application/json; charset=utf-8
host: localhost:2191
accept: */*

Response DefaultHttpResponse(decodeResult: success, version: HTTP/1.1)
HTTP/1.1 200 OK
Content-Type: application/json; charset=utf-8
cache-control: no-cache
content-length: 14

22:21:18.284 [AsyncHttpClient-1-8] DEBUG org.asynchttpclient.netty.channel.ChannelManager - Adding key: http://localhost:2191 for channel [id: 0x0b6a85fc, L:/127.0.0.1:63451 - R:localhost/127.0.0.1:2191]
22:21:18.292 [Forwarding getCurrentUrl on session 6131b3ea610f9df98faaa5ac1bbf0126 to remote] DEBUG org.asynchttpclient.netty.request.NettyRequestSender - Using pooled Channel '[id: 0x0b6a85fc, L:/127.0.0.1:63451 - R:localhost/127.0.0.1:2191]' for 'GET' to 'http://localhost:2191/session/6131b3ea610f9df98faaa5ac1bbf0126/url'
22:21:18.292 [Forwarding getCurrentUrl on session 6131b3ea610f9df98faaa5ac1bbf0126 to remote] DEBUG org.asynchttpclient.netty.request.NettyRequestSender - Using open Channel [id: 0x0b6a85fc, L:/127.0.0.1:63451 - R:localhost/127.0.0.1:2191] for GET '/session/6131b3ea610f9df98faaa5ac1bbf0126/url'
22:21:18.312 [AsyncHttpClient-1-8] DEBUG org.asynchttpclient.netty.handler.HttpHandler - 

Request DefaultFullHttpRequest(decodeResult: success, version: HTTP/1.1, content: EmptyByteBufBE)
GET /session/6131b3ea610f9df98faaa5ac1bbf0126/url HTTP/1.1
User-Agent: selenium/4.7.1 (java windows)
Cache-Control: no-cache
Content-Type: application/json; charset=utf-8
host: localhost:2191
accept: */*

Response DefaultHttpResponse(decodeResult: success, version: HTTP/1.1)
HTTP/1.1 200 OK
Content-Type: application/json; charset=utf-8
cache-control: no-cache
content-length: 55

22:21:18.312 [AsyncHttpClient-1-8] DEBUG org.asynchttpclient.netty.channel.ChannelManager - Adding key: http://localhost:2191 for channel [id: 0x0b6a85fc, L:/127.0.0.1:63451 - R:localhost/127.0.0.1:2191]
22:21:18.320 [Forwarding screenshot on session 6131b3ea610f9df98faaa5ac1bbf0126 to remote] DEBUG org.asynchttpclient.netty.request.NettyRequestSender - Using pooled Channel '[id: 0x0b6a85fc, L:/127.0.0.1:63451 - R:localhost/127.0.0.1:2191]' for 'GET' to 'http://localhost:2191/session/6131b3ea610f9df98faaa5ac1bbf0126/screenshot'
22:21:18.320 [Forwarding screenshot on session 6131b3ea610f9df98faaa5ac1bbf0126 to remote] DEBUG org.asynchttpclient.netty.request.NettyRequestSender - Using open Channel [id: 0x0b6a85fc, L:/127.0.0.1:63451 - R:localhost/127.0.0.1:2191] for GET '/session/6131b3ea610f9df98faaa5ac1bbf0126/screenshot'
22:21:18.490 [AsyncHttpClient-1-8] DEBUG org.asynchttpclient.netty.handler.HttpHandler - 

Request DefaultFullHttpRequest(decodeResult: success, version: HTTP/1.1, content: EmptyByteBufBE)
GET /session/6131b3ea610f9df98faaa5ac1bbf0126/screenshot HTTP/1.1
User-Agent: selenium/4.7.1 (java windows)
Cache-Control: no-cache
Content-Type: application/json; charset=utf-8
host: localhost:2191
accept: */*

Response DefaultHttpResponse(decodeResult: success, version: HTTP/1.1)
HTTP/1.1 200 OK
Content-Type: application/json; charset=utf-8
cache-control: no-cache
content-length: 52792

22:21:18.490 [AsyncHttpClient-1-8] DEBUG org.asynchttpclient.netty.channel.ChannelManager - Adding key: http://localhost:2191 for channel [id: 0x0b6a85fc, L:/127.0.0.1:63451 - R:localhost/127.0.0.1:2191]
22:21:18.498 [main] DEBUG net.serenitybdd.core.photography.Darkroom - Send negative for processing for target\site\serenity\13c688cbc6b42ab8c4bb80cc4272dc4d0bcfd9095e89fd439fecad0861fe07bd.png
22:21:18.498 [main] DEBUG net.thucydides.core.steps.StepInterceptor - STEP DONE: pilihitembelumbayar
22:21:18.498 [Darkroom Processing Line] DEBUG net.serenitybdd.core.photography.DarkroomProcessingLine - Processing screenshot image in /var/screenshots/screenshot-961313895063586365
22:21:18.498 [Darkroom Processing Line] DEBUG net.serenitybdd.core.photography.DarkroomProcessingLine - Saving screenshot to target\site\serenity\13c688cbc6b42ab8c4bb80cc4272dc4d0bcfd9095e89fd439fecad0861fe07bd.png
  &amp#27;[32mAnd &amp#27;[0m&amp#27;[32mAdmin klik belum bayar&amp#27;[0m                                                                      &amp#27;[90m# starter.stepdefinitions.TransaksiSteps.adminKlikBelumBayar()&amp#27;[0m
22:21:18.512 [main] INFO  - 
  _____   ___   ___   _____     ___     _     ___   ___   ___   ___  
 |_   _| | __| / __| |_   _|   | _ \   /_\   / __| / __| | __| |   \ 
   | |   | _|  \__ \   | |     |  _/  / _ \  \__ \ \__ \ | _|  | |) |
   |_|   |___| |___/   |_|     |_|   /_/ \_\ |___/ |___/ |___| |___/ 

Admin dapat melihat semua riwayat transaksi yang difilter hanya status belum bayar saja
----------------------------------------------------------------------
22:21:18.520 [AsyncHttpClient-1-10] DEBUG org.asynchttpclient.netty.handler.WebSocketHandler - Channel Closed: [id: 0xa8e94ca4, L:/127.0.0.1:63461 ! R:localhost/127.0.0.1:63453] with attribute NettyResponseFuture{currentRetry=0,
	isDone=1,
	isCancelled=0,
	asyncHandler=org.asynchttpclient.ws.WebSocketUpgradeHandler@fd6d0f6,
	nettyRequest=org.asynchttpclient.netty.request.NettyRequest@4ad45f68,
	future=java.util.concurrent.CompletableFuture@3ad62f3f[Completed normally],
	uri=ws://localhost:63453/devtools/browser/752b4960-ed8d-4e50-ac8a-9110a8134edd,
	keepAlive=true,
	redirectCount=0,
	timeoutsHolder=null,
	inAuth=0,
	touch=1687620069920}
22:21:18.520 [AsyncHttpClient-1-10] DEBUG org.asynchttpclient.netty.channel.ChannelManager - Closing Channel [id: 0xa8e94ca4, L:/127.0.0.1:63461 ! R:localhost/127.0.0.1:63453] 
22:21:18.520 [Driver Command Executor] DEBUG org.asynchttpclient.netty.request.NettyRequestSender - Using pooled Channel '[id: 0x0b6a85fc, L:/127.0.0.1:63451 - R:localhost/127.0.0.1:2191]' for 'DELETE' to 'http://localhost:2191/session/6131b3ea610f9df98faaa5ac1bbf0126'
22:21:18.520 [Driver Command Executor] DEBUG org.asynchttpclient.netty.request.NettyRequestSender - Using open Channel [id: 0x0b6a85fc, L:/127.0.0.1:63451 - R:localhost/127.0.0.1:2191] for DELETE '/session/6131b3ea610f9df98faaa5ac1bbf0126'
22:21:18.611 [AsyncHttpClient-1-1] DEBUG org.asynchttpclient.netty.channel.DefaultChannelPool - Entry count for : http://localhost:63453 : 1
22:21:18.715 [AsyncHttpClient-1-9] DEBUG org.asynchttpclient.netty.handler.HttpHandler - Unexpected I/O exception on channel [id: 0xb80cd701, L:/127.0.0.1:63460 - R:localhost/127.0.0.1:63453]
java.net.SocketException: Connection reset
	at java.base/sun.nio.ch.SocketChannelImpl.throwConnectionReset(SocketChannelImpl.java:401)
	at java.base/sun.nio.ch.SocketChannelImpl.read(SocketChannelImpl.java:434)
	at io.netty.buffer.PooledByteBuf.setBytes(PooledByteBuf.java:259)
	at io.netty.buffer.AbstractByteBuf.writeBytes(AbstractByteBuf.java:1132)
	at io.netty.channel.socket.nio.NioSocketChannel.doReadBytes(NioSocketChannel.java:357)
	at io.netty.channel.nio.AbstractNioByteChannel$NioByteUnsafe.read(AbstractNioByteChannel.java:151)
	at io.netty.channel.nio.NioEventLoop.processSelectedKey(NioEventLoop.java:788)
	at io.netty.channel.nio.NioEventLoop.processSelectedKeysOptimized(NioEventLoop.java:724)
	at io.netty.channel.nio.NioEventLoop.processSelectedKeys(NioEventLoop.java:650)
	at io.netty.channel.nio.NioEventLoop.run(NioEventLoop.java:562)
	at io.netty.util.concurrent.SingleThreadEventExecutor$4.run(SingleThreadEventExecutor.java:997)
	at io.netty.util.internal.ThreadExecutorMap$2.run(ThreadExecutorMap.java:74)
	at io.netty.util.concurrent.FastThreadLocalRunnable.run(FastThreadLocalRunnable.java:30)
	at java.base/java.lang.Thread.run(Thread.java:1589)
22:21:18.715 [AsyncHttpClient-1-9] DEBUG org.asynchttpclient.netty.channel.ChannelManager - Closing Channel [id: 0xb80cd701, L:/127.0.0.1:63460 - R:localhost/127.0.0.1:63453] 
22:21:18.715 [AsyncHttpClient-1-9] DEBUG org.asynchttpclient.netty.handler.HttpHandler - Channel Closed: [id: 0xb80cd701, L:/127.0.0.1:63460 ! R:localhost/127.0.0.1:63453] with attribute DISCARD
22:21:18.853 [AsyncHttpClient-1-8] DEBUG org.asynchttpclient.netty.handler.HttpHandler - 

Request DefaultFullHttpRequest(decodeResult: success, version: HTTP/1.1, content: EmptyByteBufBE)
DELETE /session/6131b3ea610f9df98faaa5ac1bbf0126 HTTP/1.1
User-Agent: selenium/4.7.1 (java windows)
Content-Type: application/json; charset=utf-8
host: localhost:2191
accept: */*

Response DefaultHttpResponse(decodeResult: success, version: HTTP/1.1)
HTTP/1.1 200 OK
Content-Type: application/json; charset=utf-8
cache-control: no-cache
content-length: 14

22:21:18.853 [AsyncHttpClient-1-8] DEBUG org.asynchttpclient.netty.channel.ChannelManager - Adding key: http://localhost:2191 for channel [id: 0x0b6a85fc, L:/127.0.0.1:63451 - R:localhost/127.0.0.1:2191]
22:21:18.955 [AsyncHttpClient-1-8] DEBUG org.asynchttpclient.netty.handler.HttpHandler - Channel Closed: [id: 0x0b6a85fc, L:/127.0.0.1:63451 ! R:localhost/127.0.0.1:2191] with attribute DISCARD
]]></system-out>
    <system-err><![CDATA[Starting ChromeDriver 114.0.5735.90 (386bc09e8f4f2e025eddae123f36f6263096ae49-refs/branch-heads/5735@{#1052}) on port 2191
Only local connections are allowed.
Please see https://chromedriver.chromium.org/security-considerations for suggestions on keeping ChromeDriver safe.
ChromeDriver was started successfully.
Jun 24, 2023 10:21:09 PM org.openqa.selenium.devtools.CdpVersionFinder findNearestMatch
WARNING: Unable to find CDP implementation matching 114
Jun 24, 2023 10:21:09 PM org.openqa.selenium.chromium.ChromiumDriver lambda$new$3
WARNING: Unable to find version of CDP to use for . You may need to include a dependency on a specific version of the CDP using something similar to `org.seleniumhq.selenium:selenium-devtools-v86:4.7.1` where the version ("v86") matches the version of the chromium-based browser you're using and the version number of the artifact is the same as Selenium's.
]]></system-err>
  </testcase>
  <testcase name="Admin dapat melihat semua riwayat transaksi yang difilter hanya status gagal saja" classname="Transaksi" time="11.648">
    <system-out><![CDATA[
@Transaksi-04
Scenario: Admin dapat melihat semua riwayat transaksi yang difilter hanya status gagal saja &amp#27;[90m# src/test/resources/features/Transaksi.feature:22&amp#27;[0m
22:21:19.059 [main] INFO io.cucumber.core.plugin.SerenityReporter - Running feature from file:///C:/Dev/CapstoneProjectBaru/SKUYPAY%20WEB%20AUTOMATION/src/test/resources/features/Transaksi.feature
22:21:19.059 [main] INFO  - 
  _____   ___   ___   _____     ___   _____     _     ___   _____   ___   ___  
 |_   _| | __| / __| |_   _|   / __| |_   _|   /_\   | _ \ |_   _| | __| |   \ 
   | |   | _|  \__ \   | |     \__ \   | |    / _ \  |   /   | |   | _|  | |) |
   |_|   |___| |___/   |_|     |___/   |_|   /_/ \_\ |_|_\   |_|   |___| |___/ 

Admin dapat melihat semua riwayat transaksi yang difilter hanya status gagal saja(transaksi;admin-dapat-melihat-semua-riwayat-transaksi-yang-difilter-hanya-status-gagal-saja)
--------------------------------------------------------------------------------
22:21:19.099 [main] DEBUG net.thucydides.core.steps.StepInterceptor - STARTING STEP: TransaksiSteps.adminMelakukanLoginAkun - diHomepageSkuyPay
22:21:19.196 [main] INFO net.serenitybdd.core.webdriver.driverproviders.ChromeDriverProvider - Starting Chrome driver instance with capabilities:
22:21:19.196 [main] INFO net.serenitybdd.core.webdriver.driverproviders.ChromeDriverProvider - Capabilities {acceptInsecureCerts: true, browserName: chrome, goog:chromeOptions: {args: [remote-allow-origins=*, test-type, no-sandbox, ignore-certificate-errors, start-maximized, incognito, disable-infobars, disable-gpu, disable-default-apps, disable-popup-blocking, remote-allow-origins=*, test-type, no-sandbox, ignore-certificate-errors, start-maximized, incognito, disable-infobars, disable-gpu, disable-default-apps, disable-popup-blocking], extensions: []}}
22:21:19.489 [AsyncHttpClient-1-11] DEBUG org.asynchttpclient.netty.channel.NettyConnectListener - Using new Channel '[id: 0x3897771e, L:/127.0.0.1:63492 - R:localhost/127.0.0.1:42055]' for 'POST' to '/session'
22:21:19.721 [AsyncHttpClient-1-1] DEBUG org.asynchttpclient.netty.channel.DefaultChannelPool - Entry count for : http://localhost:63453 : 1
22:21:19.721 [AsyncHttpClient-1-1] DEBUG org.asynchttpclient.netty.channel.DefaultChannelPool - Entry count for : http://localhost:2191 : 1
22:21:19.721 [AsyncHttpClient-1-1] DEBUG org.asynchttpclient.netty.channel.DefaultChannelPool - Adding Candidate expired Channel [id: 0xb80cd701, L:/127.0.0.1:63460 ! R:localhost/127.0.0.1:63453] isIdleTimeoutExpired=false isRemotelyClosed=true isTtlExpired=false
22:21:19.721 [AsyncHttpClient-1-1] DEBUG org.asynchttpclient.netty.channel.DefaultChannelPool - Closing Idle Channel [id: 0xb80cd701, L:/127.0.0.1:63460 ! R:localhost/127.0.0.1:63453]
22:21:19.721 [AsyncHttpClient-1-1] DEBUG org.asynchttpclient.netty.channel.DefaultChannelPool - Adding Candidate expired Channel [id: 0x0b6a85fc, L:/127.0.0.1:63451 ! R:localhost/127.0.0.1:2191] isIdleTimeoutExpired=false isRemotelyClosed=true isTtlExpired=false
22:21:19.721 [AsyncHttpClient-1-1] DEBUG org.asynchttpclient.netty.channel.DefaultChannelPool - Closing Idle Channel [id: 0x0b6a85fc, L:/127.0.0.1:63451 ! R:localhost/127.0.0.1:2191]
22:21:19.721 [AsyncHttpClient-1-1] DEBUG org.asynchttpclient.netty.channel.DefaultChannelPool - Closed 2 connections out of 2 in 0 ms
22:21:21.767 [AsyncHttpClient-1-11] DEBUG org.asynchttpclient.netty.handler.HttpHandler - 

Request DefaultHttpRequest(decodeResult: success, version: HTTP/1.1)
POST /session HTTP/1.1
User-Agent: selenium/4.7.1 (java windows)
Content-Length: 1629
Content-Type: application/json; charset=utf-8
host: localhost:42055
accept: */*

Response DefaultHttpResponse(decodeResult: success, version: HTTP/1.1)
HTTP/1.1 200 OK
Content-Type: application/json; charset=utf-8
cache-control: no-cache
content-length: 856

22:21:21.767 [AsyncHttpClient-1-11] DEBUG org.asynchttpclient.netty.channel.ChannelManager - Adding key: http://localhost:42055 for channel [id: 0x3897771e, L:/127.0.0.1:63492 - R:localhost/127.0.0.1:42055]
22:21:21.778 [AsyncHttpClient-1-12] DEBUG org.asynchttpclient.netty.channel.NettyConnectListener - Using new Channel '[id: 0x08c71355, L:/127.0.0.1:63501 - R:localhost/127.0.0.1:63494]' for 'GET' to '/json/version'
22:21:21.786 [AsyncHttpClient-1-12] DEBUG org.asynchttpclient.netty.handler.HttpHandler - 

Request DefaultFullHttpRequest(decodeResult: success, version: HTTP/1.1, content: EmptyByteBufBE)
GET /json/version HTTP/1.1
User-Agent: selenium/4.7.1 (java windows)
host: localhost:63494
accept: */*

Response DefaultHttpResponse(decodeResult: success, version: HTTP/1.1)
HTTP/1.1 200 OK
Content-Security-Policy: frame-ancestors 'none'
Content-Type: application/json; charset=UTF-8
content-length: 424

22:21:21.786 [AsyncHttpClient-1-12] DEBUG org.asynchttpclient.netty.channel.ChannelManager - Adding key: http://localhost:63494 for channel [id: 0x08c71355, L:/127.0.0.1:63501 - R:localhost/127.0.0.1:63494]
22:21:21.794 [AsyncHttpClient-1-13] DEBUG org.asynchttpclient.netty.channel.NettyConnectListener - Using new Channel '[id: 0xbccf113f, L:/127.0.0.1:63502 - R:localhost/127.0.0.1:63494]' for 'GET' to '/devtools/browser/8ca68ac5-23b3-40d3-b455-9b619a00ff4b'
22:21:21.802 [AsyncHttpClient-1-13] DEBUG org.asynchttpclient.netty.handler.WebSocketHandler - 

Request DefaultFullHttpRequest(decodeResult: success, version: HTTP/1.1, content: EmptyByteBufBE)
GET /devtools/browser/8ca68ac5-23b3-40d3-b455-9b619a00ff4b HTTP/1.1
upgrade: websocket
connection: upgrade
sec-websocket-key: JAPi7AZHr3cXQHeyPElinQ==
sec-websocket-version: 13
origin: http://localhost:63494
host: localhost:63494
accept: */*
user-agent: AHC/2.1

Response DefaultHttpResponse(decodeResult: success, version: HTTP/1.1)
HTTP/1.1 101 WebSocket Protocol Handshake
Upgrade: WebSocket
Connection: Upgrade
Sec-WebSocket-Accept: 8NXN9LVMH+RqRXrXFLlc8syEGFo=

22:21:21.826 [Forwarding get on session 6a36f850a33382628e34fa7206362cbb to remote] DEBUG org.asynchttpclient.netty.request.NettyRequestSender - Using pooled Channel '[id: 0x3897771e, L:/127.0.0.1:63492 - R:localhost/127.0.0.1:42055]' for 'POST' to 'http://localhost:42055/session/6a36f850a33382628e34fa7206362cbb/url'
22:21:21.826 [Forwarding get on session 6a36f850a33382628e34fa7206362cbb to remote] DEBUG org.asynchttpclient.netty.request.NettyRequestSender - Using open Channel [id: 0x3897771e, L:/127.0.0.1:63492 - R:localhost/127.0.0.1:42055] for POST '/session/6a36f850a33382628e34fa7206362cbb/url'
22:21:21.911 [AsyncHttpClient-1-1] DEBUG org.asynchttpclient.netty.channel.DefaultChannelPool - Entry count for : http://localhost:63494 : 1
22:21:23.017 [AsyncHttpClient-1-1] DEBUG org.asynchttpclient.netty.channel.DefaultChannelPool - Entry count for : http://localhost:63494 : 1
22:21:24.122 [AsyncHttpClient-1-1] DEBUG org.asynchttpclient.netty.channel.DefaultChannelPool - Entry count for : http://localhost:63494 : 1
22:21:24.271 [AsyncHttpClient-1-11] DEBUG org.asynchttpclient.netty.handler.HttpHandler - 

Request DefaultHttpRequest(decodeResult: success, version: HTTP/1.1)
POST /session/6a36f850a33382628e34fa7206362cbb/url HTTP/1.1
User-Agent: selenium/4.7.1 (java windows)
Content-Length: 69
Content-Type: application/json; charset=utf-8
host: localhost:42055
accept: */*

Response DefaultHttpResponse(decodeResult: success, version: HTTP/1.1)
HTTP/1.1 200 OK
Content-Type: application/json; charset=utf-8
cache-control: no-cache
content-length: 14

22:21:24.279 [AsyncHttpClient-1-11] DEBUG org.asynchttpclient.netty.channel.ChannelManager - Adding key: http://localhost:42055 for channel [id: 0x3897771e, L:/127.0.0.1:63492 - R:localhost/127.0.0.1:42055]
22:21:24.279 [Forwarding setTimeout on session 6a36f850a33382628e34fa7206362cbb to remote] DEBUG org.asynchttpclient.netty.request.NettyRequestSender - Using pooled Channel '[id: 0x3897771e, L:/127.0.0.1:63492 - R:localhost/127.0.0.1:42055]' for 'POST' to 'http://localhost:42055/session/6a36f850a33382628e34fa7206362cbb/timeouts'
22:21:24.279 [Forwarding setTimeout on session 6a36f850a33382628e34fa7206362cbb to remote] DEBUG org.asynchttpclient.netty.request.NettyRequestSender - Using open Channel [id: 0x3897771e, L:/127.0.0.1:63492 - R:localhost/127.0.0.1:42055] for POST '/session/6a36f850a33382628e34fa7206362cbb/timeouts'
22:21:24.279 [AsyncHttpClient-1-11] DEBUG org.asynchttpclient.netty.handler.HttpHandler - 

Request DefaultHttpRequest(decodeResult: success, version: HTTP/1.1)
POST /session/6a36f850a33382628e34fa7206362cbb/timeouts HTTP/1.1
User-Agent: selenium/4.7.1 (java windows)
Content-Length: 22
Content-Type: application/json; charset=utf-8
host: localhost:42055
accept: */*

Response DefaultHttpResponse(decodeResult: success, version: HTTP/1.1)
HTTP/1.1 200 OK
Content-Type: application/json; charset=utf-8
cache-control: no-cache
content-length: 14

22:21:24.279 [AsyncHttpClient-1-11] DEBUG org.asynchttpclient.netty.channel.ChannelManager - Adding key: http://localhost:42055 for channel [id: 0x3897771e, L:/127.0.0.1:63492 - R:localhost/127.0.0.1:42055]
22:21:24.287 [Forwarding getCurrentUrl on session 6a36f850a33382628e34fa7206362cbb to remote] DEBUG org.asynchttpclient.netty.request.NettyRequestSender - Using pooled Channel '[id: 0x3897771e, L:/127.0.0.1:63492 - R:localhost/127.0.0.1:42055]' for 'GET' to 'http://localhost:42055/session/6a36f850a33382628e34fa7206362cbb/url'
22:21:24.287 [Forwarding getCurrentUrl on session 6a36f850a33382628e34fa7206362cbb to remote] DEBUG org.asynchttpclient.netty.request.NettyRequestSender - Using open Channel [id: 0x3897771e, L:/127.0.0.1:63492 - R:localhost/127.0.0.1:42055] for GET '/session/6a36f850a33382628e34fa7206362cbb/url'
22:21:24.307 [AsyncHttpClient-1-11] DEBUG org.asynchttpclient.netty.handler.HttpHandler - 

Request DefaultFullHttpRequest(decodeResult: success, version: HTTP/1.1, content: EmptyByteBufBE)
GET /session/6a36f850a33382628e34fa7206362cbb/url HTTP/1.1
User-Agent: selenium/4.7.1 (java windows)
Cache-Control: no-cache
Content-Type: application/json; charset=utf-8
host: localhost:42055
accept: */*

Response DefaultHttpResponse(decodeResult: success, version: HTTP/1.1)
HTTP/1.1 200 OK
Content-Type: application/json; charset=utf-8
cache-control: no-cache
content-length: 51

22:21:24.308 [AsyncHttpClient-1-11] DEBUG org.asynchttpclient.netty.channel.ChannelManager - Adding key: http://localhost:42055 for channel [id: 0x3897771e, L:/127.0.0.1:63492 - R:localhost/127.0.0.1:42055]
22:21:24.311 [Forwarding getCurrentUrl on session 6a36f850a33382628e34fa7206362cbb to remote] DEBUG org.asynchttpclient.netty.request.NettyRequestSender - Using pooled Channel '[id: 0x3897771e, L:/127.0.0.1:63492 - R:localhost/127.0.0.1:42055]' for 'GET' to 'http://localhost:42055/session/6a36f850a33382628e34fa7206362cbb/url'
22:21:24.311 [Forwarding getCurrentUrl on session 6a36f850a33382628e34fa7206362cbb to remote] DEBUG org.asynchttpclient.netty.request.NettyRequestSender - Using open Channel [id: 0x3897771e, L:/127.0.0.1:63492 - R:localhost/127.0.0.1:42055] for GET '/session/6a36f850a33382628e34fa7206362cbb/url'
22:21:24.319 [AsyncHttpClient-1-11] DEBUG org.asynchttpclient.netty.handler.HttpHandler - 

Request DefaultFullHttpRequest(decodeResult: success, version: HTTP/1.1, content: EmptyByteBufBE)
GET /session/6a36f850a33382628e34fa7206362cbb/url HTTP/1.1
User-Agent: selenium/4.7.1 (java windows)
Cache-Control: no-cache
Content-Type: application/json; charset=utf-8
host: localhost:42055
accept: */*

Response DefaultHttpResponse(decodeResult: success, version: HTTP/1.1)
HTTP/1.1 200 OK
Content-Type: application/json; charset=utf-8
cache-control: no-cache
content-length: 51

22:21:24.319 [AsyncHttpClient-1-11] DEBUG org.asynchttpclient.netty.channel.ChannelManager - Adding key: http://localhost:42055 for channel [id: 0x3897771e, L:/127.0.0.1:63492 - R:localhost/127.0.0.1:42055]
22:21:24.319 [Forwarding findElement on session 6a36f850a33382628e34fa7206362cbb to remote] DEBUG org.asynchttpclient.netty.request.NettyRequestSender - Using pooled Channel '[id: 0x3897771e, L:/127.0.0.1:63492 - R:localhost/127.0.0.1:42055]' for 'POST' to 'http://localhost:42055/session/6a36f850a33382628e34fa7206362cbb/element'
22:21:24.319 [Forwarding findElement on session 6a36f850a33382628e34fa7206362cbb to remote] DEBUG org.asynchttpclient.netty.request.NettyRequestSender - Using open Channel [id: 0x3897771e, L:/127.0.0.1:63492 - R:localhost/127.0.0.1:42055] for POST '/session/6a36f850a33382628e34fa7206362cbb/element'
22:21:24.343 [AsyncHttpClient-1-11] DEBUG org.asynchttpclient.netty.handler.HttpHandler - 

Request DefaultHttpRequest(decodeResult: success, version: HTTP/1.1)
POST /session/6a36f850a33382628e34fa7206362cbb/element HTTP/1.1
User-Agent: selenium/4.7.1 (java windows)
Content-Length: 84
Content-Type: application/json; charset=utf-8
host: localhost:42055
accept: */*

Response DefaultHttpResponse(decodeResult: success, version: HTTP/1.1)
HTTP/1.1 200 OK
Content-Type: application/json; charset=utf-8
cache-control: no-cache
content-length: 94

22:21:24.343 [AsyncHttpClient-1-11] DEBUG org.asynchttpclient.netty.channel.ChannelManager - Adding key: http://localhost:42055 for channel [id: 0x3897771e, L:/127.0.0.1:63492 - R:localhost/127.0.0.1:42055]
22:21:24.351 [Forwarding isElementDisplayed on session 6a36f850a33382628e34fa7206362cbb to remote] DEBUG org.asynchttpclient.netty.request.NettyRequestSender - Using pooled Channel '[id: 0x3897771e, L:/127.0.0.1:63492 - R:localhost/127.0.0.1:42055]' for 'POST' to 'http://localhost:42055/session/6a36f850a33382628e34fa7206362cbb/execute/sync'
22:21:24.351 [Forwarding isElementDisplayed on session 6a36f850a33382628e34fa7206362cbb to remote] DEBUG org.asynchttpclient.netty.request.NettyRequestSender - Using open Channel [id: 0x3897771e, L:/127.0.0.1:63492 - R:localhost/127.0.0.1:42055] for POST '/session/6a36f850a33382628e34fa7206362cbb/execute/sync'
22:21:24.375 [AsyncHttpClient-1-11] DEBUG org.asynchttpclient.netty.handler.HttpHandler - 

Request DefaultHttpRequest(decodeResult: success, version: HTTP/1.1)
POST /session/6a36f850a33382628e34fa7206362cbb/execute/sync HTTP/1.1
User-Agent: selenium/4.7.1 (java windows)
Content-Length: 48786
Content-Type: application/json; charset=utf-8
host: localhost:42055
accept: */*

Response DefaultHttpResponse(decodeResult: success, version: HTTP/1.1)
HTTP/1.1 200 OK
Content-Type: application/json; charset=utf-8
cache-control: no-cache
content-length: 14

22:21:24.375 [AsyncHttpClient-1-11] DEBUG org.asynchttpclient.netty.channel.ChannelManager - Adding key: http://localhost:42055 for channel [id: 0x3897771e, L:/127.0.0.1:63492 - R:localhost/127.0.0.1:42055]
22:21:24.375 [Forwarding isElementDisplayed on session 6a36f850a33382628e34fa7206362cbb to remote] DEBUG org.asynchttpclient.netty.request.NettyRequestSender - Using pooled Channel '[id: 0x3897771e, L:/127.0.0.1:63492 - R:localhost/127.0.0.1:42055]' for 'POST' to 'http://localhost:42055/session/6a36f850a33382628e34fa7206362cbb/execute/sync'
22:21:24.375 [Forwarding isElementDisplayed on session 6a36f850a33382628e34fa7206362cbb to remote] DEBUG org.asynchttpclient.netty.request.NettyRequestSender - Using open Channel [id: 0x3897771e, L:/127.0.0.1:63492 - R:localhost/127.0.0.1:42055] for POST '/session/6a36f850a33382628e34fa7206362cbb/execute/sync'
22:21:24.400 [AsyncHttpClient-1-11] DEBUG org.asynchttpclient.netty.handler.HttpHandler - 

Request DefaultHttpRequest(decodeResult: success, version: HTTP/1.1)
POST /session/6a36f850a33382628e34fa7206362cbb/execute/sync HTTP/1.1
User-Agent: selenium/4.7.1 (java windows)
Content-Length: 48786
Content-Type: application/json; charset=utf-8
host: localhost:42055
accept: */*

Response DefaultHttpResponse(decodeResult: success, version: HTTP/1.1)
HTTP/1.1 200 OK
Content-Type: application/json; charset=utf-8
cache-control: no-cache
content-length: 14

22:21:24.400 [AsyncHttpClient-1-11] DEBUG org.asynchttpclient.netty.channel.ChannelManager - Adding key: http://localhost:42055 for channel [id: 0x3897771e, L:/127.0.0.1:63492 - R:localhost/127.0.0.1:42055]
22:21:24.408 [Forwarding getCurrentWindowHandle on session 6a36f850a33382628e34fa7206362cbb to remote] DEBUG org.asynchttpclient.netty.request.NettyRequestSender - Using pooled Channel '[id: 0x3897771e, L:/127.0.0.1:63492 - R:localhost/127.0.0.1:42055]' for 'GET' to 'http://localhost:42055/session/6a36f850a33382628e34fa7206362cbb/window'
22:21:24.408 [Forwarding getCurrentWindowHandle on session 6a36f850a33382628e34fa7206362cbb to remote] DEBUG org.asynchttpclient.netty.request.NettyRequestSender - Using open Channel [id: 0x3897771e, L:/127.0.0.1:63492 - R:localhost/127.0.0.1:42055] for GET '/session/6a36f850a33382628e34fa7206362cbb/window'
22:21:24.408 [AsyncHttpClient-1-11] DEBUG org.asynchttpclient.netty.handler.HttpHandler - 

Request DefaultFullHttpRequest(decodeResult: success, version: HTTP/1.1, content: EmptyByteBufBE)
GET /session/6a36f850a33382628e34fa7206362cbb/window HTTP/1.1
User-Agent: selenium/4.7.1 (java windows)
Cache-Control: no-cache
Content-Type: application/json; charset=utf-8
host: localhost:42055
accept: */*

Response DefaultHttpResponse(decodeResult: success, version: HTTP/1.1)
HTTP/1.1 200 OK
Content-Type: application/json; charset=utf-8
cache-control: no-cache
content-length: 44

22:21:24.408 [AsyncHttpClient-1-11] DEBUG org.asynchttpclient.netty.channel.ChannelManager - Adding key: http://localhost:42055 for channel [id: 0x3897771e, L:/127.0.0.1:63492 - R:localhost/127.0.0.1:42055]
22:21:24.416 [Forwarding getAlertText on session 6a36f850a33382628e34fa7206362cbb to remote] DEBUG org.asynchttpclient.netty.request.NettyRequestSender - Using pooled Channel '[id: 0x3897771e, L:/127.0.0.1:63492 - R:localhost/127.0.0.1:42055]' for 'GET' to 'http://localhost:42055/session/6a36f850a33382628e34fa7206362cbb/alert/text'
22:21:24.416 [Forwarding getAlertText on session 6a36f850a33382628e34fa7206362cbb to remote] DEBUG org.asynchttpclient.netty.request.NettyRequestSender - Using open Channel [id: 0x3897771e, L:/127.0.0.1:63492 - R:localhost/127.0.0.1:42055] for GET '/session/6a36f850a33382628e34fa7206362cbb/alert/text'
22:21:24.417 [AsyncHttpClient-1-11] DEBUG org.asynchttpclient.netty.handler.HttpHandler - 

Request DefaultFullHttpRequest(decodeResult: success, version: HTTP/1.1, content: EmptyByteBufBE)
GET /session/6a36f850a33382628e34fa7206362cbb/alert/text HTTP/1.1
User-Agent: selenium/4.7.1 (java windows)
Cache-Control: no-cache
Content-Type: application/json; charset=utf-8
host: localhost:42055
accept: */*

Response DefaultHttpResponse(decodeResult: success, version: HTTP/1.1)
HTTP/1.1 404 Not Found
Content-Type: application/json; charset=utf-8
cache-control: no-cache
content-length: 821

22:21:24.417 [AsyncHttpClient-1-11] DEBUG org.asynchttpclient.netty.channel.ChannelManager - Adding key: http://localhost:42055 for channel [id: 0x3897771e, L:/127.0.0.1:63492 - R:localhost/127.0.0.1:42055]
22:21:24.417 [Forwarding switchToWindow on session 6a36f850a33382628e34fa7206362cbb to remote] DEBUG org.asynchttpclient.netty.request.NettyRequestSender - Using pooled Channel '[id: 0x3897771e, L:/127.0.0.1:63492 - R:localhost/127.0.0.1:42055]' for 'POST' to 'http://localhost:42055/session/6a36f850a33382628e34fa7206362cbb/window'
22:21:24.417 [Forwarding switchToWindow on session 6a36f850a33382628e34fa7206362cbb to remote] DEBUG org.asynchttpclient.netty.request.NettyRequestSender - Using open Channel [id: 0x3897771e, L:/127.0.0.1:63492 - R:localhost/127.0.0.1:42055] for POST '/session/6a36f850a33382628e34fa7206362cbb/window'
22:21:24.424 [AsyncHttpClient-1-11] DEBUG org.asynchttpclient.netty.handler.HttpHandler - 

Request DefaultHttpRequest(decodeResult: success, version: HTTP/1.1)
POST /session/6a36f850a33382628e34fa7206362cbb/window HTTP/1.1
User-Agent: selenium/4.7.1 (java windows)
Content-Length: 50
Content-Type: application/json; charset=utf-8
host: localhost:42055
accept: */*

Response DefaultHttpResponse(decodeResult: success, version: HTTP/1.1)
HTTP/1.1 200 OK
Content-Type: application/json; charset=utf-8
cache-control: no-cache
content-length: 14

22:21:24.424 [AsyncHttpClient-1-11] DEBUG org.asynchttpclient.netty.channel.ChannelManager - Adding key: http://localhost:42055 for channel [id: 0x3897771e, L:/127.0.0.1:63492 - R:localhost/127.0.0.1:42055]
22:21:24.424 [Forwarding getCurrentUrl on session 6a36f850a33382628e34fa7206362cbb to remote] DEBUG org.asynchttpclient.netty.request.NettyRequestSender - Using pooled Channel '[id: 0x3897771e, L:/127.0.0.1:63492 - R:localhost/127.0.0.1:42055]' for 'GET' to 'http://localhost:42055/session/6a36f850a33382628e34fa7206362cbb/url'
22:21:24.424 [Forwarding getCurrentUrl on session 6a36f850a33382628e34fa7206362cbb to remote] DEBUG org.asynchttpclient.netty.request.NettyRequestSender - Using open Channel [id: 0x3897771e, L:/127.0.0.1:63492 - R:localhost/127.0.0.1:42055] for GET '/session/6a36f850a33382628e34fa7206362cbb/url'
22:21:24.432 [AsyncHttpClient-1-11] DEBUG org.asynchttpclient.netty.handler.HttpHandler - 

Request DefaultFullHttpRequest(decodeResult: success, version: HTTP/1.1, content: EmptyByteBufBE)
GET /session/6a36f850a33382628e34fa7206362cbb/url HTTP/1.1
User-Agent: selenium/4.7.1 (java windows)
Cache-Control: no-cache
Content-Type: application/json; charset=utf-8
host: localhost:42055
accept: */*

Response DefaultHttpResponse(decodeResult: success, version: HTTP/1.1)
HTTP/1.1 200 OK
Content-Type: application/json; charset=utf-8
cache-control: no-cache
content-length: 51

22:21:24.432 [AsyncHttpClient-1-11] DEBUG org.asynchttpclient.netty.channel.ChannelManager - Adding key: http://localhost:42055 for channel [id: 0x3897771e, L:/127.0.0.1:63492 - R:localhost/127.0.0.1:42055]
22:21:24.440 [Forwarding screenshot on session 6a36f850a33382628e34fa7206362cbb to remote] DEBUG org.asynchttpclient.netty.request.NettyRequestSender - Using pooled Channel '[id: 0x3897771e, L:/127.0.0.1:63492 - R:localhost/127.0.0.1:42055]' for 'GET' to 'http://localhost:42055/session/6a36f850a33382628e34fa7206362cbb/screenshot'
22:21:24.440 [Forwarding screenshot on session 6a36f850a33382628e34fa7206362cbb to remote] DEBUG org.asynchttpclient.netty.request.NettyRequestSender - Using open Channel [id: 0x3897771e, L:/127.0.0.1:63492 - R:localhost/127.0.0.1:42055] for GET '/session/6a36f850a33382628e34fa7206362cbb/screenshot'
22:21:24.545 [AsyncHttpClient-1-11] DEBUG org.asynchttpclient.netty.handler.HttpHandler - 

Request DefaultFullHttpRequest(decodeResult: success, version: HTTP/1.1, content: EmptyByteBufBE)
GET /session/6a36f850a33382628e34fa7206362cbb/screenshot HTTP/1.1
User-Agent: selenium/4.7.1 (java windows)
Cache-Control: no-cache
Content-Type: application/json; charset=utf-8
host: localhost:42055
accept: */*

Response DefaultHttpResponse(decodeResult: success, version: HTTP/1.1)
HTTP/1.1 200 OK
Content-Type: application/json; charset=utf-8
cache-control: no-cache
content-length: 14472

22:21:24.545 [AsyncHttpClient-1-11] DEBUG org.asynchttpclient.netty.channel.ChannelManager - Adding key: http://localhost:42055 for channel [id: 0x3897771e, L:/127.0.0.1:63492 - R:localhost/127.0.0.1:42055]
22:21:24.545 [main] DEBUG net.serenitybdd.core.photography.Darkroom - Send negative for processing for target\site\serenity\a1d44b71468c9a4f470d63f3379184d8a1aa3fd06d75e8f5f2cf3473b5a07a30.png
22:21:24.545 [main] DEBUG net.thucydides.core.steps.StepInterceptor - STEP DONE: diHomepageSkuyPay
22:21:24.545 [Darkroom Processing Line] DEBUG net.serenitybdd.core.photography.DarkroomProcessingLine - Processing screenshot image in /var/screenshots/screenshot-8524115537026407549
22:21:24.545 [Darkroom Processing Line] DEBUG net.serenitybdd.core.photography.DarkroomProcessingLine - Saving screenshot to target\site\serenity\a1d44b71468c9a4f470d63f3379184d8a1aa3fd06d75e8f5f2cf3473b5a07a30.png
22:21:24.553 [main] DEBUG net.thucydides.core.steps.StepInterceptor - STARTING STEP: TransaksiSteps.adminMelakukanLoginAkun - inputfieldemail
22:21:24.561 [Forwarding findElement on session 6a36f850a33382628e34fa7206362cbb to remote] DEBUG org.asynchttpclient.netty.request.NettyRequestSender - Using pooled Channel '[id: 0x3897771e, L:/127.0.0.1:63492 - R:localhost/127.0.0.1:42055]' for 'POST' to 'http://localhost:42055/session/6a36f850a33382628e34fa7206362cbb/element'
22:21:24.561 [Forwarding findElement on session 6a36f850a33382628e34fa7206362cbb to remote] DEBUG org.asynchttpclient.netty.request.NettyRequestSender - Using open Channel [id: 0x3897771e, L:/127.0.0.1:63492 - R:localhost/127.0.0.1:42055] for POST '/session/6a36f850a33382628e34fa7206362cbb/element'
22:21:24.569 [AsyncHttpClient-1-11] DEBUG org.asynchttpclient.netty.handler.HttpHandler - 

Request DefaultHttpRequest(decodeResult: success, version: HTTP/1.1)
POST /session/6a36f850a33382628e34fa7206362cbb/element HTTP/1.1
User-Agent: selenium/4.7.1 (java windows)
Content-Length: 84
Content-Type: application/json; charset=utf-8
host: localhost:42055
accept: */*

Response DefaultHttpResponse(decodeResult: success, version: HTTP/1.1)
HTTP/1.1 200 OK
Content-Type: application/json; charset=utf-8
cache-control: no-cache
content-length: 94

22:21:24.577 [AsyncHttpClient-1-11] DEBUG org.asynchttpclient.netty.channel.ChannelManager - Adding key: http://localhost:42055 for channel [id: 0x3897771e, L:/127.0.0.1:63492 - R:localhost/127.0.0.1:42055]
22:21:24.577 [Forwarding getElementTagName on session 6a36f850a33382628e34fa7206362cbb to remote] DEBUG org.asynchttpclient.netty.request.NettyRequestSender - Using pooled Channel '[id: 0x3897771e, L:/127.0.0.1:63492 - R:localhost/127.0.0.1:42055]' for 'GET' to 'http://localhost:42055/session/6a36f850a33382628e34fa7206362cbb/element/7A571972410AA39D8032F07712C20DAF_element_9/name'
22:21:24.577 [Forwarding getElementTagName on session 6a36f850a33382628e34fa7206362cbb to remote] DEBUG org.asynchttpclient.netty.request.NettyRequestSender - Using open Channel [id: 0x3897771e, L:/127.0.0.1:63492 - R:localhost/127.0.0.1:42055] for GET '/session/6a36f850a33382628e34fa7206362cbb/element/7A571972410AA39D8032F07712C20DAF_element_9/name'
22:21:24.593 [AsyncHttpClient-1-11] DEBUG org.asynchttpclient.netty.handler.HttpHandler - 

Request DefaultFullHttpRequest(decodeResult: success, version: HTTP/1.1, content: EmptyByteBufBE)
GET /session/6a36f850a33382628e34fa7206362cbb/element/7A571972410AA39D8032F07712C20DAF_element_9/name HTTP/1.1
User-Agent: selenium/4.7.1 (java windows)
Cache-Control: no-cache
Content-Type: application/json; charset=utf-8
host: localhost:42055
accept: */*

Response DefaultHttpResponse(decodeResult: success, version: HTTP/1.1)
HTTP/1.1 200 OK
Content-Type: application/json; charset=utf-8
cache-control: no-cache
content-length: 17

22:21:24.593 [AsyncHttpClient-1-11] DEBUG org.asynchttpclient.netty.channel.ChannelManager - Adding key: http://localhost:42055 for channel [id: 0x3897771e, L:/127.0.0.1:63492 - R:localhost/127.0.0.1:42055]
22:21:24.593 [Forwarding getElementTagName on session 6a36f850a33382628e34fa7206362cbb to remote] DEBUG org.asynchttpclient.netty.request.NettyRequestSender - Using pooled Channel '[id: 0x3897771e, L:/127.0.0.1:63492 - R:localhost/127.0.0.1:42055]' for 'GET' to 'http://localhost:42055/session/6a36f850a33382628e34fa7206362cbb/element/7A571972410AA39D8032F07712C20DAF_element_9/name'
22:21:24.593 [Forwarding getElementTagName on session 6a36f850a33382628e34fa7206362cbb to remote] DEBUG org.asynchttpclient.netty.request.NettyRequestSender - Using open Channel [id: 0x3897771e, L:/127.0.0.1:63492 - R:localhost/127.0.0.1:42055] for GET '/session/6a36f850a33382628e34fa7206362cbb/element/7A571972410AA39D8032F07712C20DAF_element_9/name'
22:21:24.601 [AsyncHttpClient-1-11] DEBUG org.asynchttpclient.netty.handler.HttpHandler - 

Request DefaultFullHttpRequest(decodeResult: success, version: HTTP/1.1, content: EmptyByteBufBE)
GET /session/6a36f850a33382628e34fa7206362cbb/element/7A571972410AA39D8032F07712C20DAF_element_9/name HTTP/1.1
User-Agent: selenium/4.7.1 (java windows)
Cache-Control: no-cache
Content-Type: application/json; charset=utf-8
host: localhost:42055
accept: */*

Response DefaultHttpResponse(decodeResult: success, version: HTTP/1.1)
HTTP/1.1 200 OK
Content-Type: application/json; charset=utf-8
cache-control: no-cache
content-length: 17

22:21:24.601 [AsyncHttpClient-1-11] DEBUG org.asynchttpclient.netty.channel.ChannelManager - Adding key: http://localhost:42055 for channel [id: 0x3897771e, L:/127.0.0.1:63492 - R:localhost/127.0.0.1:42055]
22:21:24.601 [Forwarding isElementEnabled on session 6a36f850a33382628e34fa7206362cbb to remote] DEBUG org.asynchttpclient.netty.request.NettyRequestSender - Using pooled Channel '[id: 0x3897771e, L:/127.0.0.1:63492 - R:localhost/127.0.0.1:42055]' for 'GET' to 'http://localhost:42055/session/6a36f850a33382628e34fa7206362cbb/element/7A571972410AA39D8032F07712C20DAF_element_9/enabled'
22:21:24.601 [Forwarding isElementEnabled on session 6a36f850a33382628e34fa7206362cbb to remote] DEBUG org.asynchttpclient.netty.request.NettyRequestSender - Using open Channel [id: 0x3897771e, L:/127.0.0.1:63492 - R:localhost/127.0.0.1:42055] for GET '/session/6a36f850a33382628e34fa7206362cbb/element/7A571972410AA39D8032F07712C20DAF_element_9/enabled'
22:21:24.621 [AsyncHttpClient-1-11] DEBUG org.asynchttpclient.netty.handler.HttpHandler - 

Request DefaultFullHttpRequest(decodeResult: success, version: HTTP/1.1, content: EmptyByteBufBE)
GET /session/6a36f850a33382628e34fa7206362cbb/element/7A571972410AA39D8032F07712C20DAF_element_9/enabled HTTP/1.1
User-Agent: selenium/4.7.1 (java windows)
Cache-Control: no-cache
Content-Type: application/json; charset=utf-8
host: localhost:42055
accept: */*

Response DefaultHttpResponse(decodeResult: success, version: HTTP/1.1)
HTTP/1.1 200 OK
Content-Type: application/json; charset=utf-8
cache-control: no-cache
content-length: 14

22:21:24.621 [AsyncHttpClient-1-11] DEBUG org.asynchttpclient.netty.channel.ChannelManager - Adding key: http://localhost:42055 for channel [id: 0x3897771e, L:/127.0.0.1:63492 - R:localhost/127.0.0.1:42055]
22:21:24.621 [Forwarding isElementEnabled on session 6a36f850a33382628e34fa7206362cbb to remote] DEBUG org.asynchttpclient.netty.request.NettyRequestSender - Using pooled Channel '[id: 0x3897771e, L:/127.0.0.1:63492 - R:localhost/127.0.0.1:42055]' for 'GET' to 'http://localhost:42055/session/6a36f850a33382628e34fa7206362cbb/element/7A571972410AA39D8032F07712C20DAF_element_9/enabled'
22:21:24.621 [Forwarding isElementEnabled on session 6a36f850a33382628e34fa7206362cbb to remote] DEBUG org.asynchttpclient.netty.request.NettyRequestSender - Using open Channel [id: 0x3897771e, L:/127.0.0.1:63492 - R:localhost/127.0.0.1:42055] for GET '/session/6a36f850a33382628e34fa7206362cbb/element/7A571972410AA39D8032F07712C20DAF_element_9/enabled'
22:21:24.637 [AsyncHttpClient-1-11] DEBUG org.asynchttpclient.netty.handler.HttpHandler - 

Request DefaultFullHttpRequest(decodeResult: success, version: HTTP/1.1, content: EmptyByteBufBE)
GET /session/6a36f850a33382628e34fa7206362cbb/element/7A571972410AA39D8032F07712C20DAF_element_9/enabled HTTP/1.1
User-Agent: selenium/4.7.1 (java windows)
Cache-Control: no-cache
Content-Type: application/json; charset=utf-8
host: localhost:42055
accept: */*

Response DefaultHttpResponse(decodeResult: success, version: HTTP/1.1)
HTTP/1.1 200 OK
Content-Type: application/json; charset=utf-8
cache-control: no-cache
content-length: 14

22:21:24.637 [AsyncHttpClient-1-11] DEBUG org.asynchttpclient.netty.channel.ChannelManager - Adding key: http://localhost:42055 for channel [id: 0x3897771e, L:/127.0.0.1:63492 - R:localhost/127.0.0.1:42055]
22:21:24.645 [Forwarding findElement on session 6a36f850a33382628e34fa7206362cbb to remote] DEBUG org.asynchttpclient.netty.request.NettyRequestSender - Using pooled Channel '[id: 0x3897771e, L:/127.0.0.1:63492 - R:localhost/127.0.0.1:42055]' for 'POST' to 'http://localhost:42055/session/6a36f850a33382628e34fa7206362cbb/element'
22:21:24.645 [Forwarding findElement on session 6a36f850a33382628e34fa7206362cbb to remote] DEBUG org.asynchttpclient.netty.request.NettyRequestSender - Using open Channel [id: 0x3897771e, L:/127.0.0.1:63492 - R:localhost/127.0.0.1:42055] for POST '/session/6a36f850a33382628e34fa7206362cbb/element'
22:21:24.661 [AsyncHttpClient-1-11] DEBUG org.asynchttpclient.netty.handler.HttpHandler - 

Request DefaultHttpRequest(decodeResult: success, version: HTTP/1.1)
POST /session/6a36f850a33382628e34fa7206362cbb/element HTTP/1.1
User-Agent: selenium/4.7.1 (java windows)
Content-Length: 84
Content-Type: application/json; charset=utf-8
host: localhost:42055
accept: */*

Response DefaultHttpResponse(decodeResult: success, version: HTTP/1.1)
HTTP/1.1 200 OK
Content-Type: application/json; charset=utf-8
cache-control: no-cache
content-length: 94

22:21:24.661 [AsyncHttpClient-1-11] DEBUG org.asynchttpclient.netty.channel.ChannelManager - Adding key: http://localhost:42055 for channel [id: 0x3897771e, L:/127.0.0.1:63492 - R:localhost/127.0.0.1:42055]
22:21:24.669 [Forwarding clickElement on session 6a36f850a33382628e34fa7206362cbb to remote] DEBUG org.asynchttpclient.netty.request.NettyRequestSender - Using pooled Channel '[id: 0x3897771e, L:/127.0.0.1:63492 - R:localhost/127.0.0.1:42055]' for 'POST' to 'http://localhost:42055/session/6a36f850a33382628e34fa7206362cbb/element/7A571972410AA39D8032F07712C20DAF_element_9/click'
22:21:24.669 [Forwarding clickElement on session 6a36f850a33382628e34fa7206362cbb to remote] DEBUG org.asynchttpclient.netty.request.NettyRequestSender - Using open Channel [id: 0x3897771e, L:/127.0.0.1:63492 - R:localhost/127.0.0.1:42055] for POST '/session/6a36f850a33382628e34fa7206362cbb/element/7A571972410AA39D8032F07712C20DAF_element_9/click'
22:21:24.781 [AsyncHttpClient-1-11] DEBUG org.asynchttpclient.netty.handler.HttpHandler - 

Request DefaultHttpRequest(decodeResult: success, version: HTTP/1.1)
POST /session/6a36f850a33382628e34fa7206362cbb/element/7A571972410AA39D8032F07712C20DAF_element_9/click HTTP/1.1
User-Agent: selenium/4.7.1 (java windows)
Content-Length: 56
Content-Type: application/json; charset=utf-8
host: localhost:42055
accept: */*

Response DefaultHttpResponse(decodeResult: success, version: HTTP/1.1)
HTTP/1.1 200 OK
Content-Type: application/json; charset=utf-8
cache-control: no-cache
content-length: 14

22:21:24.781 [AsyncHttpClient-1-11] DEBUG org.asynchttpclient.netty.channel.ChannelManager - Adding key: http://localhost:42055 for channel [id: 0x3897771e, L:/127.0.0.1:63492 - R:localhost/127.0.0.1:42055]
22:21:24.789 [Forwarding findElement on session 6a36f850a33382628e34fa7206362cbb to remote] DEBUG org.asynchttpclient.netty.request.NettyRequestSender - Using pooled Channel '[id: 0x3897771e, L:/127.0.0.1:63492 - R:localhost/127.0.0.1:42055]' for 'POST' to 'http://localhost:42055/session/6a36f850a33382628e34fa7206362cbb/element'
22:21:24.789 [Forwarding findElement on session 6a36f850a33382628e34fa7206362cbb to remote] DEBUG org.asynchttpclient.netty.request.NettyRequestSender - Using open Channel [id: 0x3897771e, L:/127.0.0.1:63492 - R:localhost/127.0.0.1:42055] for POST '/session/6a36f850a33382628e34fa7206362cbb/element'
22:21:24.805 [AsyncHttpClient-1-11] DEBUG org.asynchttpclient.netty.handler.HttpHandler - 

Request DefaultHttpRequest(decodeResult: success, version: HTTP/1.1)
POST /session/6a36f850a33382628e34fa7206362cbb/element HTTP/1.1
User-Agent: selenium/4.7.1 (java windows)
Content-Length: 84
Content-Type: application/json; charset=utf-8
host: localhost:42055
accept: */*

Response DefaultHttpResponse(decodeResult: success, version: HTTP/1.1)
HTTP/1.1 200 OK
Content-Type: application/json; charset=utf-8
cache-control: no-cache
content-length: 94

22:21:24.805 [AsyncHttpClient-1-11] DEBUG org.asynchttpclient.netty.channel.ChannelManager - Adding key: http://localhost:42055 for channel [id: 0x3897771e, L:/127.0.0.1:63492 - R:localhost/127.0.0.1:42055]
22:21:24.805 [Forwarding clearElement on session 6a36f850a33382628e34fa7206362cbb to remote] DEBUG org.asynchttpclient.netty.request.NettyRequestSender - Using pooled Channel '[id: 0x3897771e, L:/127.0.0.1:63492 - R:localhost/127.0.0.1:42055]' for 'POST' to 'http://localhost:42055/session/6a36f850a33382628e34fa7206362cbb/element/7A571972410AA39D8032F07712C20DAF_element_9/clear'
22:21:24.805 [Forwarding clearElement on session 6a36f850a33382628e34fa7206362cbb to remote] DEBUG org.asynchttpclient.netty.request.NettyRequestSender - Using open Channel [id: 0x3897771e, L:/127.0.0.1:63492 - R:localhost/127.0.0.1:42055] for POST '/session/6a36f850a33382628e34fa7206362cbb/element/7A571972410AA39D8032F07712C20DAF_element_9/clear'
22:21:24.869 [AsyncHttpClient-1-11] DEBUG org.asynchttpclient.netty.handler.HttpHandler - 

Request DefaultHttpRequest(decodeResult: success, version: HTTP/1.1)
POST /session/6a36f850a33382628e34fa7206362cbb/element/7A571972410AA39D8032F07712C20DAF_element_9/clear HTTP/1.1
User-Agent: selenium/4.7.1 (java windows)
Content-Length: 56
Content-Type: application/json; charset=utf-8
host: localhost:42055
accept: */*

Response DefaultHttpResponse(decodeResult: success, version: HTTP/1.1)
HTTP/1.1 200 OK
Content-Type: application/json; charset=utf-8
cache-control: no-cache
content-length: 14

22:21:24.869 [AsyncHttpClient-1-11] DEBUG org.asynchttpclient.netty.channel.ChannelManager - Adding key: http://localhost:42055 for channel [id: 0x3897771e, L:/127.0.0.1:63492 - R:localhost/127.0.0.1:42055]
22:21:24.869 [Forwarding sendKeysToElement on session 6a36f850a33382628e34fa7206362cbb to remote] DEBUG org.asynchttpclient.netty.request.NettyRequestSender - Using pooled Channel '[id: 0x3897771e, L:/127.0.0.1:63492 - R:localhost/127.0.0.1:42055]' for 'POST' to 'http://localhost:42055/session/6a36f850a33382628e34fa7206362cbb/element/7A571972410AA39D8032F07712C20DAF_element_9/value'
22:21:24.869 [Forwarding sendKeysToElement on session 6a36f850a33382628e34fa7206362cbb to remote] DEBUG org.asynchttpclient.netty.request.NettyRequestSender - Using open Channel [id: 0x3897771e, L:/127.0.0.1:63492 - R:localhost/127.0.0.1:42055] for POST '/session/6a36f850a33382628e34fa7206362cbb/element/7A571972410AA39D8032F07712C20DAF_element_9/value'
22:21:25.006 [AsyncHttpClient-1-11] DEBUG org.asynchttpclient.netty.handler.HttpHandler - 

Request DefaultHttpRequest(decodeResult: success, version: HTTP/1.1)
POST /session/6a36f850a33382628e34fa7206362cbb/element/7A571972410AA39D8032F07712C20DAF_element_9/value HTTP/1.1
User-Agent: selenium/4.7.1 (java windows)
Content-Length: 227
Content-Type: application/json; charset=utf-8
host: localhost:42055
accept: */*

Response DefaultHttpResponse(decodeResult: success, version: HTTP/1.1)
HTTP/1.1 200 OK
Content-Type: application/json; charset=utf-8
cache-control: no-cache
content-length: 14

22:21:25.006 [AsyncHttpClient-1-11] DEBUG org.asynchttpclient.netty.channel.ChannelManager - Adding key: http://localhost:42055 for channel [id: 0x3897771e, L:/127.0.0.1:63492 - R:localhost/127.0.0.1:42055]
22:21:25.014 [Forwarding getCurrentWindowHandle on session 6a36f850a33382628e34fa7206362cbb to remote] DEBUG org.asynchttpclient.netty.request.NettyRequestSender - Using pooled Channel '[id: 0x3897771e, L:/127.0.0.1:63492 - R:localhost/127.0.0.1:42055]' for 'GET' to 'http://localhost:42055/session/6a36f850a33382628e34fa7206362cbb/window'
22:21:25.014 [Forwarding getCurrentWindowHandle on session 6a36f850a33382628e34fa7206362cbb to remote] DEBUG org.asynchttpclient.netty.request.NettyRequestSender - Using open Channel [id: 0x3897771e, L:/127.0.0.1:63492 - R:localhost/127.0.0.1:42055] for GET '/session/6a36f850a33382628e34fa7206362cbb/window'
22:21:25.014 [AsyncHttpClient-1-11] DEBUG org.asynchttpclient.netty.handler.HttpHandler - 

Request DefaultFullHttpRequest(decodeResult: success, version: HTTP/1.1, content: EmptyByteBufBE)
GET /session/6a36f850a33382628e34fa7206362cbb/window HTTP/1.1
User-Agent: selenium/4.7.1 (java windows)
Cache-Control: no-cache
Content-Type: application/json; charset=utf-8
host: localhost:42055
accept: */*

Response DefaultHttpResponse(decodeResult: success, version: HTTP/1.1)
HTTP/1.1 200 OK
Content-Type: application/json; charset=utf-8
cache-control: no-cache
content-length: 44

22:21:25.014 [AsyncHttpClient-1-11] DEBUG org.asynchttpclient.netty.channel.ChannelManager - Adding key: http://localhost:42055 for channel [id: 0x3897771e, L:/127.0.0.1:63492 - R:localhost/127.0.0.1:42055]
22:21:25.022 [Forwarding getAlertText on session 6a36f850a33382628e34fa7206362cbb to remote] DEBUG org.asynchttpclient.netty.request.NettyRequestSender - Using pooled Channel '[id: 0x3897771e, L:/127.0.0.1:63492 - R:localhost/127.0.0.1:42055]' for 'GET' to 'http://localhost:42055/session/6a36f850a33382628e34fa7206362cbb/alert/text'
22:21:25.022 [Forwarding getAlertText on session 6a36f850a33382628e34fa7206362cbb to remote] DEBUG org.asynchttpclient.netty.request.NettyRequestSender - Using open Channel [id: 0x3897771e, L:/127.0.0.1:63492 - R:localhost/127.0.0.1:42055] for GET '/session/6a36f850a33382628e34fa7206362cbb/alert/text'
22:21:25.022 [AsyncHttpClient-1-11] DEBUG org.asynchttpclient.netty.handler.HttpHandler - 

Request DefaultFullHttpRequest(decodeResult: success, version: HTTP/1.1, content: EmptyByteBufBE)
GET /session/6a36f850a33382628e34fa7206362cbb/alert/text HTTP/1.1
User-Agent: selenium/4.7.1 (java windows)
Cache-Control: no-cache
Content-Type: application/json; charset=utf-8
host: localhost:42055
accept: */*

Response DefaultHttpResponse(decodeResult: success, version: HTTP/1.1)
HTTP/1.1 404 Not Found
Content-Type: application/json; charset=utf-8
cache-control: no-cache
content-length: 821

22:21:25.022 [AsyncHttpClient-1-11] DEBUG org.asynchttpclient.netty.channel.ChannelManager - Adding key: http://localhost:42055 for channel [id: 0x3897771e, L:/127.0.0.1:63492 - R:localhost/127.0.0.1:42055]
22:21:25.022 [Forwarding switchToWindow on session 6a36f850a33382628e34fa7206362cbb to remote] DEBUG org.asynchttpclient.netty.request.NettyRequestSender - Using pooled Channel '[id: 0x3897771e, L:/127.0.0.1:63492 - R:localhost/127.0.0.1:42055]' for 'POST' to 'http://localhost:42055/session/6a36f850a33382628e34fa7206362cbb/window'
22:21:25.022 [Forwarding switchToWindow on session 6a36f850a33382628e34fa7206362cbb to remote] DEBUG org.asynchttpclient.netty.request.NettyRequestSender - Using open Channel [id: 0x3897771e, L:/127.0.0.1:63492 - R:localhost/127.0.0.1:42055] for POST '/session/6a36f850a33382628e34fa7206362cbb/window'
22:21:25.030 [AsyncHttpClient-1-11] DEBUG org.asynchttpclient.netty.handler.HttpHandler - 

Request DefaultHttpRequest(decodeResult: success, version: HTTP/1.1)
POST /session/6a36f850a33382628e34fa7206362cbb/window HTTP/1.1
User-Agent: selenium/4.7.1 (java windows)
Content-Length: 50
Content-Type: application/json; charset=utf-8
host: localhost:42055
accept: */*

Response DefaultHttpResponse(decodeResult: success, version: HTTP/1.1)
HTTP/1.1 200 OK
Content-Type: application/json; charset=utf-8
cache-control: no-cache
content-length: 14

22:21:25.030 [AsyncHttpClient-1-11] DEBUG org.asynchttpclient.netty.channel.ChannelManager - Adding key: http://localhost:42055 for channel [id: 0x3897771e, L:/127.0.0.1:63492 - R:localhost/127.0.0.1:42055]
22:21:25.030 [Forwarding getCurrentUrl on session 6a36f850a33382628e34fa7206362cbb to remote] DEBUG org.asynchttpclient.netty.request.NettyRequestSender - Using pooled Channel '[id: 0x3897771e, L:/127.0.0.1:63492 - R:localhost/127.0.0.1:42055]' for 'GET' to 'http://localhost:42055/session/6a36f850a33382628e34fa7206362cbb/url'
22:21:25.030 [Forwarding getCurrentUrl on session 6a36f850a33382628e34fa7206362cbb to remote] DEBUG org.asynchttpclient.netty.request.NettyRequestSender - Using open Channel [id: 0x3897771e, L:/127.0.0.1:63492 - R:localhost/127.0.0.1:42055] for GET '/session/6a36f850a33382628e34fa7206362cbb/url'
22:21:25.039 [AsyncHttpClient-1-11] DEBUG org.asynchttpclient.netty.handler.HttpHandler - 

Request DefaultFullHttpRequest(decodeResult: success, version: HTTP/1.1, content: EmptyByteBufBE)
GET /session/6a36f850a33382628e34fa7206362cbb/url HTTP/1.1
User-Agent: selenium/4.7.1 (java windows)
Cache-Control: no-cache
Content-Type: application/json; charset=utf-8
host: localhost:42055
accept: */*

Response DefaultHttpResponse(decodeResult: success, version: HTTP/1.1)
HTTP/1.1 200 OK
Content-Type: application/json; charset=utf-8
cache-control: no-cache
content-length: 51

22:21:25.039 [AsyncHttpClient-1-11] DEBUG org.asynchttpclient.netty.channel.ChannelManager - Adding key: http://localhost:42055 for channel [id: 0x3897771e, L:/127.0.0.1:63492 - R:localhost/127.0.0.1:42055]
22:21:25.039 [Forwarding screenshot on session 6a36f850a33382628e34fa7206362cbb to remote] DEBUG org.asynchttpclient.netty.request.NettyRequestSender - Using pooled Channel '[id: 0x3897771e, L:/127.0.0.1:63492 - R:localhost/127.0.0.1:42055]' for 'GET' to 'http://localhost:42055/session/6a36f850a33382628e34fa7206362cbb/screenshot'
22:21:25.039 [Forwarding screenshot on session 6a36f850a33382628e34fa7206362cbb to remote] DEBUG org.asynchttpclient.netty.request.NettyRequestSender - Using open Channel [id: 0x3897771e, L:/127.0.0.1:63492 - R:localhost/127.0.0.1:42055] for GET '/session/6a36f850a33382628e34fa7206362cbb/screenshot'
22:21:25.215 [AsyncHttpClient-1-11] DEBUG org.asynchttpclient.netty.handler.HttpHandler - 

Request DefaultFullHttpRequest(decodeResult: success, version: HTTP/1.1, content: EmptyByteBufBE)
GET /session/6a36f850a33382628e34fa7206362cbb/screenshot HTTP/1.1
User-Agent: selenium/4.7.1 (java windows)
Cache-Control: no-cache
Content-Type: application/json; charset=utf-8
host: localhost:42055
accept: */*

Response DefaultHttpResponse(decodeResult: success, version: HTTP/1.1)
HTTP/1.1 200 OK
Content-Type: application/json; charset=utf-8
cache-control: no-cache
content-length: 192440

22:21:25.215 [AsyncHttpClient-1-11] DEBUG org.asynchttpclient.netty.channel.ChannelManager - Adding key: http://localhost:42055 for channel [id: 0x3897771e, L:/127.0.0.1:63492 - R:localhost/127.0.0.1:42055]
22:21:25.215 [main] DEBUG net.serenitybdd.core.photography.Darkroom - Send negative for processing for target\site\serenity\82af9b4d23dce5d2c172b7bd1d3eac742b4703310d0937898c7393eb58671bd7.png
22:21:25.215 [main] DEBUG net.thucydides.core.steps.StepInterceptor - STEP DONE: inputfieldemail
22:21:25.223 [AsyncHttpClient-1-1] DEBUG org.asynchttpclient.netty.channel.DefaultChannelPool - Entry count for : http://localhost:63494 : 1
22:21:25.223 [AsyncHttpClient-1-1] DEBUG org.asynchttpclient.netty.channel.DefaultChannelPool - Entry count for : http://localhost:42055 : 1
22:21:25.223 [main] DEBUG net.thucydides.core.steps.StepInterceptor - STARTING STEP: TransaksiSteps.adminMelakukanLoginAkun - inputfieldpassword
22:21:25.223 [Forwarding findElement on session 6a36f850a33382628e34fa7206362cbb to remote] DEBUG org.asynchttpclient.netty.request.NettyRequestSender - Using pooled Channel '[id: 0x3897771e, L:/127.0.0.1:63492 - R:localhost/127.0.0.1:42055]' for 'POST' to 'http://localhost:42055/session/6a36f850a33382628e34fa7206362cbb/element'
22:21:25.231 [Forwarding findElement on session 6a36f850a33382628e34fa7206362cbb to remote] DEBUG org.asynchttpclient.netty.request.NettyRequestSender - Using open Channel [id: 0x3897771e, L:/127.0.0.1:63492 - R:localhost/127.0.0.1:42055] for POST '/session/6a36f850a33382628e34fa7206362cbb/element'
22:21:25.248 [AsyncHttpClient-1-11] DEBUG org.asynchttpclient.netty.handler.HttpHandler - 

Request DefaultHttpRequest(decodeResult: success, version: HTTP/1.1)
POST /session/6a36f850a33382628e34fa7206362cbb/element HTTP/1.1
User-Agent: selenium/4.7.1 (java windows)
Content-Length: 72
Content-Type: application/json; charset=utf-8
host: localhost:42055
accept: */*

Response DefaultHttpResponse(decodeResult: success, version: HTTP/1.1)
HTTP/1.1 200 OK
Content-Type: application/json; charset=utf-8
cache-control: no-cache
content-length: 94

22:21:25.248 [AsyncHttpClient-1-11] DEBUG org.asynchttpclient.netty.channel.ChannelManager - Adding key: http://localhost:42055 for channel [id: 0x3897771e, L:/127.0.0.1:63492 - R:localhost/127.0.0.1:42055]
22:21:25.248 [Forwarding getElementTagName on session 6a36f850a33382628e34fa7206362cbb to remote] DEBUG org.asynchttpclient.netty.request.NettyRequestSender - Using pooled Channel '[id: 0x3897771e, L:/127.0.0.1:63492 - R:localhost/127.0.0.1:42055]' for 'GET' to 'http://localhost:42055/session/6a36f850a33382628e34fa7206362cbb/element/7A571972410AA39D8032F07712C20DAF_element_5/name'
22:21:25.248 [Forwarding getElementTagName on session 6a36f850a33382628e34fa7206362cbb to remote] DEBUG org.asynchttpclient.netty.request.NettyRequestSender - Using open Channel [id: 0x3897771e, L:/127.0.0.1:63492 - R:localhost/127.0.0.1:42055] for GET '/session/6a36f850a33382628e34fa7206362cbb/element/7A571972410AA39D8032F07712C20DAF_element_5/name'
22:21:25.256 [AsyncHttpClient-1-11] DEBUG org.asynchttpclient.netty.handler.HttpHandler - 

Request DefaultFullHttpRequest(decodeResult: success, version: HTTP/1.1, content: EmptyByteBufBE)
GET /session/6a36f850a33382628e34fa7206362cbb/element/7A571972410AA39D8032F07712C20DAF_element_5/name HTTP/1.1
User-Agent: selenium/4.7.1 (java windows)
Cache-Control: no-cache
Content-Type: application/json; charset=utf-8
host: localhost:42055
accept: */*

Response DefaultHttpResponse(decodeResult: success, version: HTTP/1.1)
HTTP/1.1 200 OK
Content-Type: application/json; charset=utf-8
cache-control: no-cache
content-length: 17

22:21:25.256 [AsyncHttpClient-1-11] DEBUG org.asynchttpclient.netty.channel.ChannelManager - Adding key: http://localhost:42055 for channel [id: 0x3897771e, L:/127.0.0.1:63492 - R:localhost/127.0.0.1:42055]
22:21:25.264 [Forwarding getElementTagName on session 6a36f850a33382628e34fa7206362cbb to remote] DEBUG org.asynchttpclient.netty.request.NettyRequestSender - Using pooled Channel '[id: 0x3897771e, L:/127.0.0.1:63492 - R:localhost/127.0.0.1:42055]' for 'GET' to 'http://localhost:42055/session/6a36f850a33382628e34fa7206362cbb/element/7A571972410AA39D8032F07712C20DAF_element_5/name'
22:21:25.264 [Forwarding getElementTagName on session 6a36f850a33382628e34fa7206362cbb to remote] DEBUG org.asynchttpclient.netty.request.NettyRequestSender - Using open Channel [id: 0x3897771e, L:/127.0.0.1:63492 - R:localhost/127.0.0.1:42055] for GET '/session/6a36f850a33382628e34fa7206362cbb/element/7A571972410AA39D8032F07712C20DAF_element_5/name'
22:21:25.272 [AsyncHttpClient-1-11] DEBUG org.asynchttpclient.netty.handler.HttpHandler - 

Request DefaultFullHttpRequest(decodeResult: success, version: HTTP/1.1, content: EmptyByteBufBE)
GET /session/6a36f850a33382628e34fa7206362cbb/element/7A571972410AA39D8032F07712C20DAF_element_5/name HTTP/1.1
User-Agent: selenium/4.7.1 (java windows)
Cache-Control: no-cache
Content-Type: application/json; charset=utf-8
host: localhost:42055
accept: */*

Response DefaultHttpResponse(decodeResult: success, version: HTTP/1.1)
HTTP/1.1 200 OK
Content-Type: application/json; charset=utf-8
cache-control: no-cache
content-length: 17

22:21:25.272 [AsyncHttpClient-1-11] DEBUG org.asynchttpclient.netty.channel.ChannelManager - Adding key: http://localhost:42055 for channel [id: 0x3897771e, L:/127.0.0.1:63492 - R:localhost/127.0.0.1:42055]
22:21:25.272 [Forwarding isElementEnabled on session 6a36f850a33382628e34fa7206362cbb to remote] DEBUG org.asynchttpclient.netty.request.NettyRequestSender - Using pooled Channel '[id: 0x3897771e, L:/127.0.0.1:63492 - R:localhost/127.0.0.1:42055]' for 'GET' to 'http://localhost:42055/session/6a36f850a33382628e34fa7206362cbb/element/7A571972410AA39D8032F07712C20DAF_element_5/enabled'
22:21:25.272 [Forwarding isElementEnabled on session 6a36f850a33382628e34fa7206362cbb to remote] DEBUG org.asynchttpclient.netty.request.NettyRequestSender - Using open Channel [id: 0x3897771e, L:/127.0.0.1:63492 - R:localhost/127.0.0.1:42055] for GET '/session/6a36f850a33382628e34fa7206362cbb/element/7A571972410AA39D8032F07712C20DAF_element_5/enabled'
22:21:25.288 [AsyncHttpClient-1-11] DEBUG org.asynchttpclient.netty.handler.HttpHandler - 

Request DefaultFullHttpRequest(decodeResult: success, version: HTTP/1.1, content: EmptyByteBufBE)
GET /session/6a36f850a33382628e34fa7206362cbb/element/7A571972410AA39D8032F07712C20DAF_element_5/enabled HTTP/1.1
User-Agent: selenium/4.7.1 (java windows)
Cache-Control: no-cache
Content-Type: application/json; charset=utf-8
host: localhost:42055
accept: */*

Response DefaultHttpResponse(decodeResult: success, version: HTTP/1.1)
HTTP/1.1 200 OK
Content-Type: application/json; charset=utf-8
cache-control: no-cache
content-length: 14

22:21:25.288 [AsyncHttpClient-1-11] DEBUG org.asynchttpclient.netty.channel.ChannelManager - Adding key: http://localhost:42055 for channel [id: 0x3897771e, L:/127.0.0.1:63492 - R:localhost/127.0.0.1:42055]
22:21:25.288 [Forwarding isElementEnabled on session 6a36f850a33382628e34fa7206362cbb to remote] DEBUG org.asynchttpclient.netty.request.NettyRequestSender - Using pooled Channel '[id: 0x3897771e, L:/127.0.0.1:63492 - R:localhost/127.0.0.1:42055]' for 'GET' to 'http://localhost:42055/session/6a36f850a33382628e34fa7206362cbb/element/7A571972410AA39D8032F07712C20DAF_element_5/enabled'
22:21:25.288 [Forwarding isElementEnabled on session 6a36f850a33382628e34fa7206362cbb to remote] DEBUG org.asynchttpclient.netty.request.NettyRequestSender - Using open Channel [id: 0x3897771e, L:/127.0.0.1:63492 - R:localhost/127.0.0.1:42055] for GET '/session/6a36f850a33382628e34fa7206362cbb/element/7A571972410AA39D8032F07712C20DAF_element_5/enabled'
22:21:25.296 [AsyncHttpClient-1-11] DEBUG org.asynchttpclient.netty.handler.HttpHandler - 

Request DefaultFullHttpRequest(decodeResult: success, version: HTTP/1.1, content: EmptyByteBufBE)
GET /session/6a36f850a33382628e34fa7206362cbb/element/7A571972410AA39D8032F07712C20DAF_element_5/enabled HTTP/1.1
User-Agent: selenium/4.7.1 (java windows)
Cache-Control: no-cache
Content-Type: application/json; charset=utf-8
host: localhost:42055
accept: */*

Response DefaultHttpResponse(decodeResult: success, version: HTTP/1.1)
HTTP/1.1 200 OK
Content-Type: application/json; charset=utf-8
cache-control: no-cache
content-length: 14

22:21:25.304 [AsyncHttpClient-1-11] DEBUG org.asynchttpclient.netty.channel.ChannelManager - Adding key: http://localhost:42055 for channel [id: 0x3897771e, L:/127.0.0.1:63492 - R:localhost/127.0.0.1:42055]
22:21:25.307 [Forwarding findElement on session 6a36f850a33382628e34fa7206362cbb to remote] DEBUG org.asynchttpclient.netty.request.NettyRequestSender - Using pooled Channel '[id: 0x3897771e, L:/127.0.0.1:63492 - R:localhost/127.0.0.1:42055]' for 'POST' to 'http://localhost:42055/session/6a36f850a33382628e34fa7206362cbb/element'
22:21:25.307 [Forwarding findElement on session 6a36f850a33382628e34fa7206362cbb to remote] DEBUG org.asynchttpclient.netty.request.NettyRequestSender - Using open Channel [id: 0x3897771e, L:/127.0.0.1:63492 - R:localhost/127.0.0.1:42055] for POST '/session/6a36f850a33382628e34fa7206362cbb/element'
22:21:25.319 [AsyncHttpClient-1-11] DEBUG org.asynchttpclient.netty.handler.HttpHandler - 

Request DefaultHttpRequest(decodeResult: success, version: HTTP/1.1)
POST /session/6a36f850a33382628e34fa7206362cbb/element HTTP/1.1
User-Agent: selenium/4.7.1 (java windows)
Content-Length: 72
Content-Type: application/json; charset=utf-8
host: localhost:42055
accept: */*

Response DefaultHttpResponse(decodeResult: success, version: HTTP/1.1)
HTTP/1.1 200 OK
Content-Type: application/json; charset=utf-8
cache-control: no-cache
content-length: 94

22:21:25.319 [AsyncHttpClient-1-11] DEBUG org.asynchttpclient.netty.channel.ChannelManager - Adding key: http://localhost:42055 for channel [id: 0x3897771e, L:/127.0.0.1:63492 - R:localhost/127.0.0.1:42055]
22:21:25.319 [Forwarding clickElement on session 6a36f850a33382628e34fa7206362cbb to remote] DEBUG org.asynchttpclient.netty.request.NettyRequestSender - Using pooled Channel '[id: 0x3897771e, L:/127.0.0.1:63492 - R:localhost/127.0.0.1:42055]' for 'POST' to 'http://localhost:42055/session/6a36f850a33382628e34fa7206362cbb/element/7A571972410AA39D8032F07712C20DAF_element_5/click'
22:21:25.319 [Forwarding clickElement on session 6a36f850a33382628e34fa7206362cbb to remote] DEBUG org.asynchttpclient.netty.request.NettyRequestSender - Using open Channel [id: 0x3897771e, L:/127.0.0.1:63492 - R:localhost/127.0.0.1:42055] for POST '/session/6a36f850a33382628e34fa7206362cbb/element/7A571972410AA39D8032F07712C20DAF_element_5/click'
22:21:25.408 [AsyncHttpClient-1-11] DEBUG org.asynchttpclient.netty.handler.HttpHandler - 

Request DefaultHttpRequest(decodeResult: success, version: HTTP/1.1)
POST /session/6a36f850a33382628e34fa7206362cbb/element/7A571972410AA39D8032F07712C20DAF_element_5/click HTTP/1.1
User-Agent: selenium/4.7.1 (java windows)
Content-Length: 56
Content-Type: application/json; charset=utf-8
host: localhost:42055
accept: */*

Response DefaultHttpResponse(decodeResult: success, version: HTTP/1.1)
HTTP/1.1 200 OK
Content-Type: application/json; charset=utf-8
cache-control: no-cache
content-length: 14

22:21:25.408 [AsyncHttpClient-1-11] DEBUG org.asynchttpclient.netty.channel.ChannelManager - Adding key: http://localhost:42055 for channel [id: 0x3897771e, L:/127.0.0.1:63492 - R:localhost/127.0.0.1:42055]
22:21:25.416 [Forwarding findElement on session 6a36f850a33382628e34fa7206362cbb to remote] DEBUG org.asynchttpclient.netty.request.NettyRequestSender - Using pooled Channel '[id: 0x3897771e, L:/127.0.0.1:63492 - R:localhost/127.0.0.1:42055]' for 'POST' to 'http://localhost:42055/session/6a36f850a33382628e34fa7206362cbb/element'
22:21:25.416 [Forwarding findElement on session 6a36f850a33382628e34fa7206362cbb to remote] DEBUG org.asynchttpclient.netty.request.NettyRequestSender - Using open Channel [id: 0x3897771e, L:/127.0.0.1:63492 - R:localhost/127.0.0.1:42055] for POST '/session/6a36f850a33382628e34fa7206362cbb/element'
22:21:25.432 [AsyncHttpClient-1-11] DEBUG org.asynchttpclient.netty.handler.HttpHandler - 

Request DefaultHttpRequest(decodeResult: success, version: HTTP/1.1)
POST /session/6a36f850a33382628e34fa7206362cbb/element HTTP/1.1
User-Agent: selenium/4.7.1 (java windows)
Content-Length: 72
Content-Type: application/json; charset=utf-8
host: localhost:42055
accept: */*

Response DefaultHttpResponse(decodeResult: success, version: HTTP/1.1)
HTTP/1.1 200 OK
Content-Type: application/json; charset=utf-8
cache-control: no-cache
content-length: 94

22:21:25.432 [AsyncHttpClient-1-11] DEBUG org.asynchttpclient.netty.channel.ChannelManager - Adding key: http://localhost:42055 for channel [id: 0x3897771e, L:/127.0.0.1:63492 - R:localhost/127.0.0.1:42055]
22:21:25.432 [Forwarding clearElement on session 6a36f850a33382628e34fa7206362cbb to remote] DEBUG org.asynchttpclient.netty.request.NettyRequestSender - Using pooled Channel '[id: 0x3897771e, L:/127.0.0.1:63492 - R:localhost/127.0.0.1:42055]' for 'POST' to 'http://localhost:42055/session/6a36f850a33382628e34fa7206362cbb/element/7A571972410AA39D8032F07712C20DAF_element_5/clear'
22:21:25.432 [Forwarding clearElement on session 6a36f850a33382628e34fa7206362cbb to remote] DEBUG org.asynchttpclient.netty.request.NettyRequestSender - Using open Channel [id: 0x3897771e, L:/127.0.0.1:63492 - R:localhost/127.0.0.1:42055] for POST '/session/6a36f850a33382628e34fa7206362cbb/element/7A571972410AA39D8032F07712C20DAF_element_5/clear'
22:21:25.488 [AsyncHttpClient-1-11] DEBUG org.asynchttpclient.netty.handler.HttpHandler - 

Request DefaultHttpRequest(decodeResult: success, version: HTTP/1.1)
POST /session/6a36f850a33382628e34fa7206362cbb/element/7A571972410AA39D8032F07712C20DAF_element_5/clear HTTP/1.1
User-Agent: selenium/4.7.1 (java windows)
Content-Length: 56
Content-Type: application/json; charset=utf-8
host: localhost:42055
accept: */*

Response DefaultHttpResponse(decodeResult: success, version: HTTP/1.1)
HTTP/1.1 200 OK
Content-Type: application/json; charset=utf-8
cache-control: no-cache
content-length: 14

22:21:25.488 [AsyncHttpClient-1-11] DEBUG org.asynchttpclient.netty.channel.ChannelManager - Adding key: http://localhost:42055 for channel [id: 0x3897771e, L:/127.0.0.1:63492 - R:localhost/127.0.0.1:42055]
22:21:25.488 [Forwarding sendKeysToElement on session 6a36f850a33382628e34fa7206362cbb to remote] DEBUG org.asynchttpclient.netty.request.NettyRequestSender - Using pooled Channel '[id: 0x3897771e, L:/127.0.0.1:63492 - R:localhost/127.0.0.1:42055]' for 'POST' to 'http://localhost:42055/session/6a36f850a33382628e34fa7206362cbb/element/7A571972410AA39D8032F07712C20DAF_element_5/value'
22:21:25.488 [Forwarding sendKeysToElement on session 6a36f850a33382628e34fa7206362cbb to remote] DEBUG org.asynchttpclient.netty.request.NettyRequestSender - Using open Channel [id: 0x3897771e, L:/127.0.0.1:63492 - R:localhost/127.0.0.1:42055] for POST '/session/6a36f850a33382628e34fa7206362cbb/element/7A571972410AA39D8032F07712C20DAF_element_5/value'
22:21:25.563 [AsyncHttpClient-1-11] DEBUG org.asynchttpclient.netty.handler.HttpHandler - 

Request DefaultHttpRequest(decodeResult: success, version: HTTP/1.1)
POST /session/6a36f850a33382628e34fa7206362cbb/element/7A571972410AA39D8032F07712C20DAF_element_5/value HTTP/1.1
User-Agent: selenium/4.7.1 (java windows)
Content-Length: 167
Content-Type: application/json; charset=utf-8
host: localhost:42055
accept: */*

Response DefaultHttpResponse(decodeResult: success, version: HTTP/1.1)
HTTP/1.1 200 OK
Content-Type: application/json; charset=utf-8
cache-control: no-cache
content-length: 14

22:21:25.563 [AsyncHttpClient-1-11] DEBUG org.asynchttpclient.netty.channel.ChannelManager - Adding key: http://localhost:42055 for channel [id: 0x3897771e, L:/127.0.0.1:63492 - R:localhost/127.0.0.1:42055]
22:21:25.568 [Forwarding getCurrentWindowHandle on session 6a36f850a33382628e34fa7206362cbb to remote] DEBUG org.asynchttpclient.netty.request.NettyRequestSender - Using pooled Channel '[id: 0x3897771e, L:/127.0.0.1:63492 - R:localhost/127.0.0.1:42055]' for 'GET' to 'http://localhost:42055/session/6a36f850a33382628e34fa7206362cbb/window'
22:21:25.568 [Forwarding getCurrentWindowHandle on session 6a36f850a33382628e34fa7206362cbb to remote] DEBUG org.asynchttpclient.netty.request.NettyRequestSender - Using open Channel [id: 0x3897771e, L:/127.0.0.1:63492 - R:localhost/127.0.0.1:42055] for GET '/session/6a36f850a33382628e34fa7206362cbb/window'
22:21:25.576 [AsyncHttpClient-1-11] DEBUG org.asynchttpclient.netty.handler.HttpHandler - 

Request DefaultFullHttpRequest(decodeResult: success, version: HTTP/1.1, content: EmptyByteBufBE)
GET /session/6a36f850a33382628e34fa7206362cbb/window HTTP/1.1
User-Agent: selenium/4.7.1 (java windows)
Cache-Control: no-cache
Content-Type: application/json; charset=utf-8
host: localhost:42055
accept: */*

Response DefaultHttpResponse(decodeResult: success, version: HTTP/1.1)
HTTP/1.1 200 OK
Content-Type: application/json; charset=utf-8
cache-control: no-cache
content-length: 44

22:21:25.576 [AsyncHttpClient-1-11] DEBUG org.asynchttpclient.netty.channel.ChannelManager - Adding key: http://localhost:42055 for channel [id: 0x3897771e, L:/127.0.0.1:63492 - R:localhost/127.0.0.1:42055]
22:21:25.576 [Forwarding getAlertText on session 6a36f850a33382628e34fa7206362cbb to remote] DEBUG org.asynchttpclient.netty.request.NettyRequestSender - Using pooled Channel '[id: 0x3897771e, L:/127.0.0.1:63492 - R:localhost/127.0.0.1:42055]' for 'GET' to 'http://localhost:42055/session/6a36f850a33382628e34fa7206362cbb/alert/text'
22:21:25.576 [Forwarding getAlertText on session 6a36f850a33382628e34fa7206362cbb to remote] DEBUG org.asynchttpclient.netty.request.NettyRequestSender - Using open Channel [id: 0x3897771e, L:/127.0.0.1:63492 - R:localhost/127.0.0.1:42055] for GET '/session/6a36f850a33382628e34fa7206362cbb/alert/text'
22:21:25.576 [AsyncHttpClient-1-11] DEBUG org.asynchttpclient.netty.handler.HttpHandler - 

Request DefaultFullHttpRequest(decodeResult: success, version: HTTP/1.1, content: EmptyByteBufBE)
GET /session/6a36f850a33382628e34fa7206362cbb/alert/text HTTP/1.1
User-Agent: selenium/4.7.1 (java windows)
Cache-Control: no-cache
Content-Type: application/json; charset=utf-8
host: localhost:42055
accept: */*

Response DefaultHttpResponse(decodeResult: success, version: HTTP/1.1)
HTTP/1.1 404 Not Found
Content-Type: application/json; charset=utf-8
cache-control: no-cache
content-length: 821

22:21:25.576 [AsyncHttpClient-1-11] DEBUG org.asynchttpclient.netty.channel.ChannelManager - Adding key: http://localhost:42055 for channel [id: 0x3897771e, L:/127.0.0.1:63492 - R:localhost/127.0.0.1:42055]
22:21:25.584 [Forwarding switchToWindow on session 6a36f850a33382628e34fa7206362cbb to remote] DEBUG org.asynchttpclient.netty.request.NettyRequestSender - Using pooled Channel '[id: 0x3897771e, L:/127.0.0.1:63492 - R:localhost/127.0.0.1:42055]' for 'POST' to 'http://localhost:42055/session/6a36f850a33382628e34fa7206362cbb/window'
22:21:25.584 [Forwarding switchToWindow on session 6a36f850a33382628e34fa7206362cbb to remote] DEBUG org.asynchttpclient.netty.request.NettyRequestSender - Using open Channel [id: 0x3897771e, L:/127.0.0.1:63492 - R:localhost/127.0.0.1:42055] for POST '/session/6a36f850a33382628e34fa7206362cbb/window'
22:21:25.584 [AsyncHttpClient-1-11] DEBUG org.asynchttpclient.netty.handler.HttpHandler - 

Request DefaultHttpRequest(decodeResult: success, version: HTTP/1.1)
POST /session/6a36f850a33382628e34fa7206362cbb/window HTTP/1.1
User-Agent: selenium/4.7.1 (java windows)
Content-Length: 50
Content-Type: application/json; charset=utf-8
host: localhost:42055
accept: */*

Response DefaultHttpResponse(decodeResult: success, version: HTTP/1.1)
HTTP/1.1 200 OK
Content-Type: application/json; charset=utf-8
cache-control: no-cache
content-length: 14

22:21:25.584 [AsyncHttpClient-1-11] DEBUG org.asynchttpclient.netty.channel.ChannelManager - Adding key: http://localhost:42055 for channel [id: 0x3897771e, L:/127.0.0.1:63492 - R:localhost/127.0.0.1:42055]
22:21:25.584 [Forwarding getCurrentUrl on session 6a36f850a33382628e34fa7206362cbb to remote] DEBUG org.asynchttpclient.netty.request.NettyRequestSender - Using pooled Channel '[id: 0x3897771e, L:/127.0.0.1:63492 - R:localhost/127.0.0.1:42055]' for 'GET' to 'http://localhost:42055/session/6a36f850a33382628e34fa7206362cbb/url'
22:21:25.584 [Forwarding getCurrentUrl on session 6a36f850a33382628e34fa7206362cbb to remote] DEBUG org.asynchttpclient.netty.request.NettyRequestSender - Using open Channel [id: 0x3897771e, L:/127.0.0.1:63492 - R:localhost/127.0.0.1:42055] for GET '/session/6a36f850a33382628e34fa7206362cbb/url'
22:21:25.592 [AsyncHttpClient-1-11] DEBUG org.asynchttpclient.netty.handler.HttpHandler - 

Request DefaultFullHttpRequest(decodeResult: success, version: HTTP/1.1, content: EmptyByteBufBE)
GET /session/6a36f850a33382628e34fa7206362cbb/url HTTP/1.1
User-Agent: selenium/4.7.1 (java windows)
Cache-Control: no-cache
Content-Type: application/json; charset=utf-8
host: localhost:42055
accept: */*

Response DefaultHttpResponse(decodeResult: success, version: HTTP/1.1)
HTTP/1.1 200 OK
Content-Type: application/json; charset=utf-8
cache-control: no-cache
content-length: 51

22:21:25.592 [AsyncHttpClient-1-11] DEBUG org.asynchttpclient.netty.channel.ChannelManager - Adding key: http://localhost:42055 for channel [id: 0x3897771e, L:/127.0.0.1:63492 - R:localhost/127.0.0.1:42055]
22:21:25.600 [Forwarding screenshot on session 6a36f850a33382628e34fa7206362cbb to remote] DEBUG org.asynchttpclient.netty.request.NettyRequestSender - Using pooled Channel '[id: 0x3897771e, L:/127.0.0.1:63492 - R:localhost/127.0.0.1:42055]' for 'GET' to 'http://localhost:42055/session/6a36f850a33382628e34fa7206362cbb/screenshot'
22:21:25.600 [Forwarding screenshot on session 6a36f850a33382628e34fa7206362cbb to remote] DEBUG org.asynchttpclient.netty.request.NettyRequestSender - Using open Channel [id: 0x3897771e, L:/127.0.0.1:63492 - R:localhost/127.0.0.1:42055] for GET '/session/6a36f850a33382628e34fa7206362cbb/screenshot'
22:21:25.768 [AsyncHttpClient-1-11] DEBUG org.asynchttpclient.netty.handler.HttpHandler - 

Request DefaultFullHttpRequest(decodeResult: success, version: HTTP/1.1, content: EmptyByteBufBE)
GET /session/6a36f850a33382628e34fa7206362cbb/screenshot HTTP/1.1
User-Agent: selenium/4.7.1 (java windows)
Cache-Control: no-cache
Content-Type: application/json; charset=utf-8
host: localhost:42055
accept: */*

Response DefaultHttpResponse(decodeResult: success, version: HTTP/1.1)
HTTP/1.1 200 OK
Content-Type: application/json; charset=utf-8
cache-control: no-cache
content-length: 192532

22:21:25.768 [AsyncHttpClient-1-11] DEBUG org.asynchttpclient.netty.channel.ChannelManager - Adding key: http://localhost:42055 for channel [id: 0x3897771e, L:/127.0.0.1:63492 - R:localhost/127.0.0.1:42055]
22:21:25.776 [main] DEBUG net.serenitybdd.core.photography.Darkroom - Send negative for processing for target\site\serenity\372cd5eb6808b95fe05dee555d325c4ebd2d128ba4874584201b23a118581cb6.png
22:21:25.776 [main] DEBUG net.thucydides.core.steps.StepInterceptor - STEP DONE: inputfieldpassword
22:21:25.785 [main] DEBUG net.thucydides.core.steps.StepInterceptor - STARTING STEP: TransaksiSteps.adminMelakukanLoginAkun - klikbuttonmasuk
22:21:25.785 [Forwarding findElement on session 6a36f850a33382628e34fa7206362cbb to remote] DEBUG org.asynchttpclient.netty.request.NettyRequestSender - Using pooled Channel '[id: 0x3897771e, L:/127.0.0.1:63492 - R:localhost/127.0.0.1:42055]' for 'POST' to 'http://localhost:42055/session/6a36f850a33382628e34fa7206362cbb/element'
22:21:25.785 [Forwarding findElement on session 6a36f850a33382628e34fa7206362cbb to remote] DEBUG org.asynchttpclient.netty.request.NettyRequestSender - Using open Channel [id: 0x3897771e, L:/127.0.0.1:63492 - R:localhost/127.0.0.1:42055] for POST '/session/6a36f850a33382628e34fa7206362cbb/element'
22:21:25.810 [AsyncHttpClient-1-11] DEBUG org.asynchttpclient.netty.handler.HttpHandler - 

Request DefaultHttpRequest(decodeResult: success, version: HTTP/1.1)
POST /session/6a36f850a33382628e34fa7206362cbb/element HTTP/1.1
User-Agent: selenium/4.7.1 (java windows)
Content-Length: 113
Content-Type: application/json; charset=utf-8
host: localhost:42055
accept: */*

Response DefaultHttpResponse(decodeResult: success, version: HTTP/1.1)
HTTP/1.1 200 OK
Content-Type: application/json; charset=utf-8
cache-control: no-cache
content-length: 95

22:21:25.811 [AsyncHttpClient-1-11] DEBUG org.asynchttpclient.netty.channel.ChannelManager - Adding key: http://localhost:42055 for channel [id: 0x3897771e, L:/127.0.0.1:63492 - R:localhost/127.0.0.1:42055]
22:21:25.812 [Forwarding getElementTagName on session 6a36f850a33382628e34fa7206362cbb to remote] DEBUG org.asynchttpclient.netty.request.NettyRequestSender - Using pooled Channel '[id: 0x3897771e, L:/127.0.0.1:63492 - R:localhost/127.0.0.1:42055]' for 'GET' to 'http://localhost:42055/session/6a36f850a33382628e34fa7206362cbb/element/7A571972410AA39D8032F07712C20DAF_element_12/name'
22:21:25.812 [Forwarding getElementTagName on session 6a36f850a33382628e34fa7206362cbb to remote] DEBUG org.asynchttpclient.netty.request.NettyRequestSender - Using open Channel [id: 0x3897771e, L:/127.0.0.1:63492 - R:localhost/127.0.0.1:42055] for GET '/session/6a36f850a33382628e34fa7206362cbb/element/7A571972410AA39D8032F07712C20DAF_element_12/name'
22:21:25.820 [AsyncHttpClient-1-11] DEBUG org.asynchttpclient.netty.handler.HttpHandler - 

Request DefaultFullHttpRequest(decodeResult: success, version: HTTP/1.1, content: EmptyByteBufBE)
GET /session/6a36f850a33382628e34fa7206362cbb/element/7A571972410AA39D8032F07712C20DAF_element_12/name HTTP/1.1
User-Agent: selenium/4.7.1 (java windows)
Cache-Control: no-cache
Content-Type: application/json; charset=utf-8
host: localhost:42055
accept: */*

Response DefaultHttpResponse(decodeResult: success, version: HTTP/1.1)
HTTP/1.1 200 OK
Content-Type: application/json; charset=utf-8
cache-control: no-cache
content-length: 18

22:21:25.820 [AsyncHttpClient-1-11] DEBUG org.asynchttpclient.netty.channel.ChannelManager - Adding key: http://localhost:42055 for channel [id: 0x3897771e, L:/127.0.0.1:63492 - R:localhost/127.0.0.1:42055]
22:21:25.820 [Forwarding getElementTagName on session 6a36f850a33382628e34fa7206362cbb to remote] DEBUG org.asynchttpclient.netty.request.NettyRequestSender - Using pooled Channel '[id: 0x3897771e, L:/127.0.0.1:63492 - R:localhost/127.0.0.1:42055]' for 'GET' to 'http://localhost:42055/session/6a36f850a33382628e34fa7206362cbb/element/7A571972410AA39D8032F07712C20DAF_element_12/name'
22:21:25.820 [Forwarding getElementTagName on session 6a36f850a33382628e34fa7206362cbb to remote] DEBUG org.asynchttpclient.netty.request.NettyRequestSender - Using open Channel [id: 0x3897771e, L:/127.0.0.1:63492 - R:localhost/127.0.0.1:42055] for GET '/session/6a36f850a33382628e34fa7206362cbb/element/7A571972410AA39D8032F07712C20DAF_element_12/name'
22:21:25.828 [AsyncHttpClient-1-11] DEBUG org.asynchttpclient.netty.handler.HttpHandler - 

Request DefaultFullHttpRequest(decodeResult: success, version: HTTP/1.1, content: EmptyByteBufBE)
GET /session/6a36f850a33382628e34fa7206362cbb/element/7A571972410AA39D8032F07712C20DAF_element_12/name HTTP/1.1
User-Agent: selenium/4.7.1 (java windows)
Cache-Control: no-cache
Content-Type: application/json; charset=utf-8
host: localhost:42055
accept: */*

Response DefaultHttpResponse(decodeResult: success, version: HTTP/1.1)
HTTP/1.1 200 OK
Content-Type: application/json; charset=utf-8
cache-control: no-cache
content-length: 18

22:21:25.828 [AsyncHttpClient-1-11] DEBUG org.asynchttpclient.netty.channel.ChannelManager - Adding key: http://localhost:42055 for channel [id: 0x3897771e, L:/127.0.0.1:63492 - R:localhost/127.0.0.1:42055]
22:21:25.836 [Forwarding isElementEnabled on session 6a36f850a33382628e34fa7206362cbb to remote] DEBUG org.asynchttpclient.netty.request.NettyRequestSender - Using pooled Channel '[id: 0x3897771e, L:/127.0.0.1:63492 - R:localhost/127.0.0.1:42055]' for 'GET' to 'http://localhost:42055/session/6a36f850a33382628e34fa7206362cbb/element/7A571972410AA39D8032F07712C20DAF_element_12/enabled'
22:21:25.836 [Forwarding isElementEnabled on session 6a36f850a33382628e34fa7206362cbb to remote] DEBUG org.asynchttpclient.netty.request.NettyRequestSender - Using open Channel [id: 0x3897771e, L:/127.0.0.1:63492 - R:localhost/127.0.0.1:42055] for GET '/session/6a36f850a33382628e34fa7206362cbb/element/7A571972410AA39D8032F07712C20DAF_element_12/enabled'
22:21:25.852 [AsyncHttpClient-1-11] DEBUG org.asynchttpclient.netty.handler.HttpHandler - 

Request DefaultFullHttpRequest(decodeResult: success, version: HTTP/1.1, content: EmptyByteBufBE)
GET /session/6a36f850a33382628e34fa7206362cbb/element/7A571972410AA39D8032F07712C20DAF_element_12/enabled HTTP/1.1
User-Agent: selenium/4.7.1 (java windows)
Cache-Control: no-cache
Content-Type: application/json; charset=utf-8
host: localhost:42055
accept: */*

Response DefaultHttpResponse(decodeResult: success, version: HTTP/1.1)
HTTP/1.1 200 OK
Content-Type: application/json; charset=utf-8
cache-control: no-cache
content-length: 14

22:21:25.852 [AsyncHttpClient-1-11] DEBUG org.asynchttpclient.netty.channel.ChannelManager - Adding key: http://localhost:42055 for channel [id: 0x3897771e, L:/127.0.0.1:63492 - R:localhost/127.0.0.1:42055]
22:21:25.852 [Forwarding isElementEnabled on session 6a36f850a33382628e34fa7206362cbb to remote] DEBUG org.asynchttpclient.netty.request.NettyRequestSender - Using pooled Channel '[id: 0x3897771e, L:/127.0.0.1:63492 - R:localhost/127.0.0.1:42055]' for 'GET' to 'http://localhost:42055/session/6a36f850a33382628e34fa7206362cbb/element/7A571972410AA39D8032F07712C20DAF_element_12/enabled'
22:21:25.852 [Forwarding isElementEnabled on session 6a36f850a33382628e34fa7206362cbb to remote] DEBUG org.asynchttpclient.netty.request.NettyRequestSender - Using open Channel [id: 0x3897771e, L:/127.0.0.1:63492 - R:localhost/127.0.0.1:42055] for GET '/session/6a36f850a33382628e34fa7206362cbb/element/7A571972410AA39D8032F07712C20DAF_element_12/enabled'
22:21:25.868 [AsyncHttpClient-1-11] DEBUG org.asynchttpclient.netty.handler.HttpHandler - 

Request DefaultFullHttpRequest(decodeResult: success, version: HTTP/1.1, content: EmptyByteBufBE)
GET /session/6a36f850a33382628e34fa7206362cbb/element/7A571972410AA39D8032F07712C20DAF_element_12/enabled HTTP/1.1
User-Agent: selenium/4.7.1 (java windows)
Cache-Control: no-cache
Content-Type: application/json; charset=utf-8
host: localhost:42055
accept: */*

Response DefaultHttpResponse(decodeResult: success, version: HTTP/1.1)
HTTP/1.1 200 OK
Content-Type: application/json; charset=utf-8
cache-control: no-cache
content-length: 14

22:21:25.868 [AsyncHttpClient-1-11] DEBUG org.asynchttpclient.netty.channel.ChannelManager - Adding key: http://localhost:42055 for channel [id: 0x3897771e, L:/127.0.0.1:63492 - R:localhost/127.0.0.1:42055]
22:21:25.876 [Forwarding findElement on session 6a36f850a33382628e34fa7206362cbb to remote] DEBUG org.asynchttpclient.netty.request.NettyRequestSender - Using pooled Channel '[id: 0x3897771e, L:/127.0.0.1:63492 - R:localhost/127.0.0.1:42055]' for 'POST' to 'http://localhost:42055/session/6a36f850a33382628e34fa7206362cbb/element'
22:21:25.876 [Forwarding findElement on session 6a36f850a33382628e34fa7206362cbb to remote] DEBUG org.asynchttpclient.netty.request.NettyRequestSender - Using open Channel [id: 0x3897771e, L:/127.0.0.1:63492 - R:localhost/127.0.0.1:42055] for POST '/session/6a36f850a33382628e34fa7206362cbb/element'
22:21:25.884 [AsyncHttpClient-1-11] DEBUG org.asynchttpclient.netty.handler.HttpHandler - 

Request DefaultHttpRequest(decodeResult: success, version: HTTP/1.1)
POST /session/6a36f850a33382628e34fa7206362cbb/element HTTP/1.1
User-Agent: selenium/4.7.1 (java windows)
Content-Length: 113
Content-Type: application/json; charset=utf-8
host: localhost:42055
accept: */*

Response DefaultHttpResponse(decodeResult: success, version: HTTP/1.1)
HTTP/1.1 200 OK
Content-Type: application/json; charset=utf-8
cache-control: no-cache
content-length: 95

22:21:25.884 [AsyncHttpClient-1-11] DEBUG org.asynchttpclient.netty.channel.ChannelManager - Adding key: http://localhost:42055 for channel [id: 0x3897771e, L:/127.0.0.1:63492 - R:localhost/127.0.0.1:42055]
22:21:25.892 [Forwarding clickElement on session 6a36f850a33382628e34fa7206362cbb to remote] DEBUG org.asynchttpclient.netty.request.NettyRequestSender - Using pooled Channel '[id: 0x3897771e, L:/127.0.0.1:63492 - R:localhost/127.0.0.1:42055]' for 'POST' to 'http://localhost:42055/session/6a36f850a33382628e34fa7206362cbb/element/7A571972410AA39D8032F07712C20DAF_element_12/click'
22:21:25.892 [Forwarding clickElement on session 6a36f850a33382628e34fa7206362cbb to remote] DEBUG org.asynchttpclient.netty.request.NettyRequestSender - Using open Channel [id: 0x3897771e, L:/127.0.0.1:63492 - R:localhost/127.0.0.1:42055] for POST '/session/6a36f850a33382628e34fa7206362cbb/element/7A571972410AA39D8032F07712C20DAF_element_12/click'
22:21:25.964 [AsyncHttpClient-1-11] DEBUG org.asynchttpclient.netty.handler.HttpHandler - 

Request DefaultHttpRequest(decodeResult: success, version: HTTP/1.1)
POST /session/6a36f850a33382628e34fa7206362cbb/element/7A571972410AA39D8032F07712C20DAF_element_12/click HTTP/1.1
User-Agent: selenium/4.7.1 (java windows)
Content-Length: 57
Content-Type: application/json; charset=utf-8
host: localhost:42055
accept: */*

Response DefaultHttpResponse(decodeResult: success, version: HTTP/1.1)
HTTP/1.1 200 OK
Content-Type: application/json; charset=utf-8
cache-control: no-cache
content-length: 14

22:21:25.964 [AsyncHttpClient-1-11] DEBUG org.asynchttpclient.netty.channel.ChannelManager - Adding key: http://localhost:42055 for channel [id: 0x3897771e, L:/127.0.0.1:63492 - R:localhost/127.0.0.1:42055]
22:21:25.988 [Forwarding getCurrentWindowHandle on session 6a36f850a33382628e34fa7206362cbb to remote] DEBUG org.asynchttpclient.netty.request.NettyRequestSender - Using pooled Channel '[id: 0x3897771e, L:/127.0.0.1:63492 - R:localhost/127.0.0.1:42055]' for 'GET' to 'http://localhost:42055/session/6a36f850a33382628e34fa7206362cbb/window'
22:21:25.988 [Forwarding getCurrentWindowHandle on session 6a36f850a33382628e34fa7206362cbb to remote] DEBUG org.asynchttpclient.netty.request.NettyRequestSender - Using open Channel [id: 0x3897771e, L:/127.0.0.1:63492 - R:localhost/127.0.0.1:42055] for GET '/session/6a36f850a33382628e34fa7206362cbb/window'
22:21:25.988 [AsyncHttpClient-1-11] DEBUG org.asynchttpclient.netty.handler.HttpHandler - 

Request DefaultFullHttpRequest(decodeResult: success, version: HTTP/1.1, content: EmptyByteBufBE)
GET /session/6a36f850a33382628e34fa7206362cbb/window HTTP/1.1
User-Agent: selenium/4.7.1 (java windows)
Cache-Control: no-cache
Content-Type: application/json; charset=utf-8
host: localhost:42055
accept: */*

Response DefaultHttpResponse(decodeResult: success, version: HTTP/1.1)
HTTP/1.1 200 OK
Content-Type: application/json; charset=utf-8
cache-control: no-cache
content-length: 44

22:21:25.988 [AsyncHttpClient-1-11] DEBUG org.asynchttpclient.netty.channel.ChannelManager - Adding key: http://localhost:42055 for channel [id: 0x3897771e, L:/127.0.0.1:63492 - R:localhost/127.0.0.1:42055]
22:21:25.988 [Forwarding getAlertText on session 6a36f850a33382628e34fa7206362cbb to remote] DEBUG org.asynchttpclient.netty.request.NettyRequestSender - Using pooled Channel '[id: 0x3897771e, L:/127.0.0.1:63492 - R:localhost/127.0.0.1:42055]' for 'GET' to 'http://localhost:42055/session/6a36f850a33382628e34fa7206362cbb/alert/text'
22:21:25.988 [Forwarding getAlertText on session 6a36f850a33382628e34fa7206362cbb to remote] DEBUG org.asynchttpclient.netty.request.NettyRequestSender - Using open Channel [id: 0x3897771e, L:/127.0.0.1:63492 - R:localhost/127.0.0.1:42055] for GET '/session/6a36f850a33382628e34fa7206362cbb/alert/text'
22:21:25.996 [AsyncHttpClient-1-11] DEBUG org.asynchttpclient.netty.handler.HttpHandler - 

Request DefaultFullHttpRequest(decodeResult: success, version: HTTP/1.1, content: EmptyByteBufBE)
GET /session/6a36f850a33382628e34fa7206362cbb/alert/text HTTP/1.1
User-Agent: selenium/4.7.1 (java windows)
Cache-Control: no-cache
Content-Type: application/json; charset=utf-8
host: localhost:42055
accept: */*

Response DefaultHttpResponse(decodeResult: success, version: HTTP/1.1)
HTTP/1.1 404 Not Found
Content-Type: application/json; charset=utf-8
cache-control: no-cache
content-length: 821

22:21:25.996 [AsyncHttpClient-1-11] DEBUG org.asynchttpclient.netty.channel.ChannelManager - Adding key: http://localhost:42055 for channel [id: 0x3897771e, L:/127.0.0.1:63492 - R:localhost/127.0.0.1:42055]
22:21:25.996 [Forwarding switchToWindow on session 6a36f850a33382628e34fa7206362cbb to remote] DEBUG org.asynchttpclient.netty.request.NettyRequestSender - Using pooled Channel '[id: 0x3897771e, L:/127.0.0.1:63492 - R:localhost/127.0.0.1:42055]' for 'POST' to 'http://localhost:42055/session/6a36f850a33382628e34fa7206362cbb/window'
22:21:25.996 [Forwarding switchToWindow on session 6a36f850a33382628e34fa7206362cbb to remote] DEBUG org.asynchttpclient.netty.request.NettyRequestSender - Using open Channel [id: 0x3897771e, L:/127.0.0.1:63492 - R:localhost/127.0.0.1:42055] for POST '/session/6a36f850a33382628e34fa7206362cbb/window'
22:21:26.004 [AsyncHttpClient-1-11] DEBUG org.asynchttpclient.netty.handler.HttpHandler - 

Request DefaultHttpRequest(decodeResult: success, version: HTTP/1.1)
POST /session/6a36f850a33382628e34fa7206362cbb/window HTTP/1.1
User-Agent: selenium/4.7.1 (java windows)
Content-Length: 50
Content-Type: application/json; charset=utf-8
host: localhost:42055
accept: */*

Response DefaultHttpResponse(decodeResult: success, version: HTTP/1.1)
HTTP/1.1 200 OK
Content-Type: application/json; charset=utf-8
cache-control: no-cache
content-length: 14

22:21:26.004 [AsyncHttpClient-1-11] DEBUG org.asynchttpclient.netty.channel.ChannelManager - Adding key: http://localhost:42055 for channel [id: 0x3897771e, L:/127.0.0.1:63492 - R:localhost/127.0.0.1:42055]
22:21:26.004 [Forwarding getCurrentUrl on session 6a36f850a33382628e34fa7206362cbb to remote] DEBUG org.asynchttpclient.netty.request.NettyRequestSender - Using pooled Channel '[id: 0x3897771e, L:/127.0.0.1:63492 - R:localhost/127.0.0.1:42055]' for 'GET' to 'http://localhost:42055/session/6a36f850a33382628e34fa7206362cbb/url'
22:21:26.004 [Forwarding getCurrentUrl on session 6a36f850a33382628e34fa7206362cbb to remote] DEBUG org.asynchttpclient.netty.request.NettyRequestSender - Using open Channel [id: 0x3897771e, L:/127.0.0.1:63492 - R:localhost/127.0.0.1:42055] for GET '/session/6a36f850a33382628e34fa7206362cbb/url'
22:21:26.012 [AsyncHttpClient-1-11] DEBUG org.asynchttpclient.netty.handler.HttpHandler - 

Request DefaultFullHttpRequest(decodeResult: success, version: HTTP/1.1, content: EmptyByteBufBE)
GET /session/6a36f850a33382628e34fa7206362cbb/url HTTP/1.1
User-Agent: selenium/4.7.1 (java windows)
Cache-Control: no-cache
Content-Type: application/json; charset=utf-8
host: localhost:42055
accept: */*

Response DefaultHttpResponse(decodeResult: success, version: HTTP/1.1)
HTTP/1.1 200 OK
Content-Type: application/json; charset=utf-8
cache-control: no-cache
content-length: 51

22:21:26.012 [AsyncHttpClient-1-11] DEBUG org.asynchttpclient.netty.channel.ChannelManager - Adding key: http://localhost:42055 for channel [id: 0x3897771e, L:/127.0.0.1:63492 - R:localhost/127.0.0.1:42055]
22:21:26.012 [Forwarding screenshot on session 6a36f850a33382628e34fa7206362cbb to remote] DEBUG org.asynchttpclient.netty.request.NettyRequestSender - Using pooled Channel '[id: 0x3897771e, L:/127.0.0.1:63492 - R:localhost/127.0.0.1:42055]' for 'GET' to 'http://localhost:42055/session/6a36f850a33382628e34fa7206362cbb/screenshot'
22:21:26.012 [Forwarding screenshot on session 6a36f850a33382628e34fa7206362cbb to remote] DEBUG org.asynchttpclient.netty.request.NettyRequestSender - Using open Channel [id: 0x3897771e, L:/127.0.0.1:63492 - R:localhost/127.0.0.1:42055] for GET '/session/6a36f850a33382628e34fa7206362cbb/screenshot'
22:21:26.237 [AsyncHttpClient-1-11] DEBUG org.asynchttpclient.netty.handler.HttpHandler - 

Request DefaultFullHttpRequest(decodeResult: success, version: HTTP/1.1, content: EmptyByteBufBE)
GET /session/6a36f850a33382628e34fa7206362cbb/screenshot HTTP/1.1
User-Agent: selenium/4.7.1 (java windows)
Cache-Control: no-cache
Content-Type: application/json; charset=utf-8
host: localhost:42055
accept: */*

Response DefaultHttpResponse(decodeResult: success, version: HTTP/1.1)
HTTP/1.1 200 OK
Content-Type: application/json; charset=utf-8
cache-control: no-cache
content-length: 192512

22:21:26.237 [AsyncHttpClient-1-11] DEBUG org.asynchttpclient.netty.channel.ChannelManager - Adding key: http://localhost:42055 for channel [id: 0x3897771e, L:/127.0.0.1:63492 - R:localhost/127.0.0.1:42055]
22:21:26.245 [main] DEBUG net.serenitybdd.core.photography.Darkroom - Send negative for processing for target\site\serenity\2fa12fc4218820bcf138b81971a567e6773119bba182e1700ccdfceb279587f4.png
22:21:26.245 [main] DEBUG net.thucydides.core.steps.StepInterceptor - STEP DONE: klikbuttonmasuk
22:21:26.253 [Darkroom Processing Line] DEBUG net.serenitybdd.core.photography.DarkroomProcessingLine - Processing screenshot image in /var/screenshots/screenshot-7856398507162602470
22:21:26.253 [Darkroom Processing Line] DEBUG net.serenitybdd.core.photography.DarkroomProcessingLine - Saving screenshot to target\site\serenity\2fa12fc4218820bcf138b81971a567e6773119bba182e1700ccdfceb279587f4.png
  &amp#27;[32mGiven &amp#27;[0m&amp#27;[32mAdmin melakukan login akun&amp#27;[0m                                                          &amp#27;[90m# starter.stepdefinitions.TransaksiSteps.adminMelakukanLoginAkun()&amp#27;[0m
22:21:26.270 [main] DEBUG net.thucydides.core.steps.StepInterceptor - STARTING STEP: TransaksiSteps.padaBerandaAdminKlikTransaksi - klikmenutransaksi
22:21:26.270 [Forwarding findElement on session 6a36f850a33382628e34fa7206362cbb to remote] DEBUG org.asynchttpclient.netty.request.NettyRequestSender - Using pooled Channel '[id: 0x3897771e, L:/127.0.0.1:63492 - R:localhost/127.0.0.1:42055]' for 'POST' to 'http://localhost:42055/session/6a36f850a33382628e34fa7206362cbb/element'
22:21:26.270 [Forwarding findElement on session 6a36f850a33382628e34fa7206362cbb to remote] DEBUG org.asynchttpclient.netty.request.NettyRequestSender - Using open Channel [id: 0x3897771e, L:/127.0.0.1:63492 - R:localhost/127.0.0.1:42055] for POST '/session/6a36f850a33382628e34fa7206362cbb/element'
22:21:26.318 [AsyncHttpClient-1-1] DEBUG org.asynchttpclient.netty.channel.DefaultChannelPool - Entry count for : http://localhost:63494 : 1
22:21:26.569 [AsyncHttpClient-1-11] DEBUG org.asynchttpclient.netty.handler.HttpHandler - 

Request DefaultHttpRequest(decodeResult: success, version: HTTP/1.1)
POST /session/6a36f850a33382628e34fa7206362cbb/element HTTP/1.1
User-Agent: selenium/4.7.1 (java windows)
Content-Length: 81
Content-Type: application/json; charset=utf-8
host: localhost:42055
accept: */*

Response DefaultHttpResponse(decodeResult: success, version: HTTP/1.1)
HTTP/1.1 200 OK
Content-Type: application/json; charset=utf-8
cache-control: no-cache
content-length: 95

22:21:26.569 [AsyncHttpClient-1-11] DEBUG org.asynchttpclient.netty.channel.ChannelManager - Adding key: http://localhost:42055 for channel [id: 0x3897771e, L:/127.0.0.1:63492 - R:localhost/127.0.0.1:42055]
22:21:26.569 [Forwarding getElementTagName on session 6a36f850a33382628e34fa7206362cbb to remote] DEBUG org.asynchttpclient.netty.request.NettyRequestSender - Using pooled Channel '[id: 0x3897771e, L:/127.0.0.1:63492 - R:localhost/127.0.0.1:42055]' for 'GET' to 'http://localhost:42055/session/6a36f850a33382628e34fa7206362cbb/element/7A571972410AA39D8032F07712C20DAF_element_17/name'
22:21:26.569 [Forwarding getElementTagName on session 6a36f850a33382628e34fa7206362cbb to remote] DEBUG org.asynchttpclient.netty.request.NettyRequestSender - Using open Channel [id: 0x3897771e, L:/127.0.0.1:63492 - R:localhost/127.0.0.1:42055] for GET '/session/6a36f850a33382628e34fa7206362cbb/element/7A571972410AA39D8032F07712C20DAF_element_17/name'
22:21:26.601 [AsyncHttpClient-1-11] DEBUG org.asynchttpclient.netty.handler.HttpHandler - 

Request DefaultFullHttpRequest(decodeResult: success, version: HTTP/1.1, content: EmptyByteBufBE)
GET /session/6a36f850a33382628e34fa7206362cbb/element/7A571972410AA39D8032F07712C20DAF_element_17/name HTTP/1.1
User-Agent: selenium/4.7.1 (java windows)
Cache-Control: no-cache
Content-Type: application/json; charset=utf-8
host: localhost:42055
accept: */*

Response DefaultHttpResponse(decodeResult: success, version: HTTP/1.1)
HTTP/1.1 200 OK
Content-Type: application/json; charset=utf-8
cache-control: no-cache
content-length: 13

22:21:26.601 [AsyncHttpClient-1-11] DEBUG org.asynchttpclient.netty.channel.ChannelManager - Adding key: http://localhost:42055 for channel [id: 0x3897771e, L:/127.0.0.1:63492 - R:localhost/127.0.0.1:42055]
22:21:26.609 [Forwarding getElementTagName on session 6a36f850a33382628e34fa7206362cbb to remote] DEBUG org.asynchttpclient.netty.request.NettyRequestSender - Using pooled Channel '[id: 0x3897771e, L:/127.0.0.1:63492 - R:localhost/127.0.0.1:42055]' for 'GET' to 'http://localhost:42055/session/6a36f850a33382628e34fa7206362cbb/element/7A571972410AA39D8032F07712C20DAF_element_17/name'
22:21:26.610 [Forwarding getElementTagName on session 6a36f850a33382628e34fa7206362cbb to remote] DEBUG org.asynchttpclient.netty.request.NettyRequestSender - Using open Channel [id: 0x3897771e, L:/127.0.0.1:63492 - R:localhost/127.0.0.1:42055] for GET '/session/6a36f850a33382628e34fa7206362cbb/element/7A571972410AA39D8032F07712C20DAF_element_17/name'
22:21:26.676 [AsyncHttpClient-1-11] DEBUG org.asynchttpclient.netty.handler.HttpHandler - 

Request DefaultFullHttpRequest(decodeResult: success, version: HTTP/1.1, content: EmptyByteBufBE)
GET /session/6a36f850a33382628e34fa7206362cbb/element/7A571972410AA39D8032F07712C20DAF_element_17/name HTTP/1.1
User-Agent: selenium/4.7.1 (java windows)
Cache-Control: no-cache
Content-Type: application/json; charset=utf-8
host: localhost:42055
accept: */*

Response DefaultHttpResponse(decodeResult: success, version: HTTP/1.1)
HTTP/1.1 200 OK
Content-Type: application/json; charset=utf-8
cache-control: no-cache
content-length: 13

22:21:26.676 [AsyncHttpClient-1-11] DEBUG org.asynchttpclient.netty.channel.ChannelManager - Adding key: http://localhost:42055 for channel [id: 0x3897771e, L:/127.0.0.1:63492 - R:localhost/127.0.0.1:42055]
22:21:26.676 [Forwarding findElement on session 6a36f850a33382628e34fa7206362cbb to remote] DEBUG org.asynchttpclient.netty.request.NettyRequestSender - Using pooled Channel '[id: 0x3897771e, L:/127.0.0.1:63492 - R:localhost/127.0.0.1:42055]' for 'POST' to 'http://localhost:42055/session/6a36f850a33382628e34fa7206362cbb/element'
22:21:26.676 [Forwarding findElement on session 6a36f850a33382628e34fa7206362cbb to remote] DEBUG org.asynchttpclient.netty.request.NettyRequestSender - Using open Channel [id: 0x3897771e, L:/127.0.0.1:63492 - R:localhost/127.0.0.1:42055] for POST '/session/6a36f850a33382628e34fa7206362cbb/element'
22:21:26.700 [AsyncHttpClient-1-11] DEBUG org.asynchttpclient.netty.handler.HttpHandler - 

Request DefaultHttpRequest(decodeResult: success, version: HTTP/1.1)
POST /session/6a36f850a33382628e34fa7206362cbb/element HTTP/1.1
User-Agent: selenium/4.7.1 (java windows)
Content-Length: 81
Content-Type: application/json; charset=utf-8
host: localhost:42055
accept: */*

Response DefaultHttpResponse(decodeResult: success, version: HTTP/1.1)
HTTP/1.1 200 OK
Content-Type: application/json; charset=utf-8
cache-control: no-cache
content-length: 95

22:21:26.700 [AsyncHttpClient-1-11] DEBUG org.asynchttpclient.netty.channel.ChannelManager - Adding key: http://localhost:42055 for channel [id: 0x3897771e, L:/127.0.0.1:63492 - R:localhost/127.0.0.1:42055]
22:21:26.700 [Forwarding clickElement on session 6a36f850a33382628e34fa7206362cbb to remote] DEBUG org.asynchttpclient.netty.request.NettyRequestSender - Using pooled Channel '[id: 0x3897771e, L:/127.0.0.1:63492 - R:localhost/127.0.0.1:42055]' for 'POST' to 'http://localhost:42055/session/6a36f850a33382628e34fa7206362cbb/element/7A571972410AA39D8032F07712C20DAF_element_17/click'
22:21:26.700 [Forwarding clickElement on session 6a36f850a33382628e34fa7206362cbb to remote] DEBUG org.asynchttpclient.netty.request.NettyRequestSender - Using open Channel [id: 0x3897771e, L:/127.0.0.1:63492 - R:localhost/127.0.0.1:42055] for POST '/session/6a36f850a33382628e34fa7206362cbb/element/7A571972410AA39D8032F07712C20DAF_element_17/click'
22:21:27.417 [AsyncHttpClient-1-1] DEBUG org.asynchttpclient.netty.channel.DefaultChannelPool - Entry count for : http://localhost:63494 : 1
22:21:27.824 [AsyncHttpClient-1-11] DEBUG org.asynchttpclient.netty.handler.HttpHandler - 

Request DefaultHttpRequest(decodeResult: success, version: HTTP/1.1)
POST /session/6a36f850a33382628e34fa7206362cbb/element/7A571972410AA39D8032F07712C20DAF_element_17/click HTTP/1.1
User-Agent: selenium/4.7.1 (java windows)
Content-Length: 57
Content-Type: application/json; charset=utf-8
host: localhost:42055
accept: */*

Response DefaultHttpResponse(decodeResult: success, version: HTTP/1.1)
HTTP/1.1 400 Bad Request
Content-Type: application/json; charset=utf-8
cache-control: no-cache
content-length: 1259

22:21:27.824 [AsyncHttpClient-1-11] DEBUG org.asynchttpclient.netty.channel.ChannelManager - Adding key: http://localhost:42055 for channel [id: 0x3897771e, L:/127.0.0.1:63492 - R:localhost/127.0.0.1:42055]
22:21:28.084 [Forwarding clickElement on session 6a36f850a33382628e34fa7206362cbb to remote] DEBUG org.asynchttpclient.netty.request.NettyRequestSender - Using pooled Channel '[id: 0x3897771e, L:/127.0.0.1:63492 - R:localhost/127.0.0.1:42055]' for 'POST' to 'http://localhost:42055/session/6a36f850a33382628e34fa7206362cbb/element/7A571972410AA39D8032F07712C20DAF_element_17/click'
22:21:28.084 [Forwarding clickElement on session 6a36f850a33382628e34fa7206362cbb to remote] DEBUG org.asynchttpclient.netty.request.NettyRequestSender - Using open Channel [id: 0x3897771e, L:/127.0.0.1:63492 - R:localhost/127.0.0.1:42055] for POST '/session/6a36f850a33382628e34fa7206362cbb/element/7A571972410AA39D8032F07712C20DAF_element_17/click'
22:21:28.512 [AsyncHttpClient-1-1] DEBUG org.asynchttpclient.netty.channel.DefaultChannelPool - Entry count for : http://localhost:63494 : 1
22:21:29.209 [AsyncHttpClient-1-11] DEBUG org.asynchttpclient.netty.handler.HttpHandler - 

Request DefaultHttpRequest(decodeResult: success, version: HTTP/1.1)
POST /session/6a36f850a33382628e34fa7206362cbb/element/7A571972410AA39D8032F07712C20DAF_element_17/click HTTP/1.1
User-Agent: selenium/4.7.1 (java windows)
Content-Length: 57
Content-Type: application/json; charset=utf-8
host: localhost:42055
accept: */*

Response DefaultHttpResponse(decodeResult: success, version: HTTP/1.1)
HTTP/1.1 400 Bad Request
Content-Type: application/json; charset=utf-8
cache-control: no-cache
content-length: 1259

22:21:29.209 [AsyncHttpClient-1-11] DEBUG org.asynchttpclient.netty.channel.ChannelManager - Adding key: http://localhost:42055 for channel [id: 0x3897771e, L:/127.0.0.1:63492 - R:localhost/127.0.0.1:42055]
22:21:29.476 [Forwarding clickElement on session 6a36f850a33382628e34fa7206362cbb to remote] DEBUG org.asynchttpclient.netty.request.NettyRequestSender - Using pooled Channel '[id: 0x3897771e, L:/127.0.0.1:63492 - R:localhost/127.0.0.1:42055]' for 'POST' to 'http://localhost:42055/session/6a36f850a33382628e34fa7206362cbb/element/7A571972410AA39D8032F07712C20DAF_element_17/click'
22:21:29.477 [Forwarding clickElement on session 6a36f850a33382628e34fa7206362cbb to remote] DEBUG org.asynchttpclient.netty.request.NettyRequestSender - Using open Channel [id: 0x3897771e, L:/127.0.0.1:63492 - R:localhost/127.0.0.1:42055] for POST '/session/6a36f850a33382628e34fa7206362cbb/element/7A571972410AA39D8032F07712C20DAF_element_17/click'
22:21:29.624 [AsyncHttpClient-1-1] DEBUG org.asynchttpclient.netty.channel.DefaultChannelPool - Entry count for : http://localhost:63494 : 1
22:21:29.680 [AsyncHttpClient-1-11] DEBUG org.asynchttpclient.netty.handler.HttpHandler - 

Request DefaultHttpRequest(decodeResult: success, version: HTTP/1.1)
POST /session/6a36f850a33382628e34fa7206362cbb/element/7A571972410AA39D8032F07712C20DAF_element_17/click HTTP/1.1
User-Agent: selenium/4.7.1 (java windows)
Content-Length: 57
Content-Type: application/json; charset=utf-8
host: localhost:42055
accept: */*

Response DefaultHttpResponse(decodeResult: success, version: HTTP/1.1)
HTTP/1.1 200 OK
Content-Type: application/json; charset=utf-8
cache-control: no-cache
content-length: 14

22:21:29.680 [AsyncHttpClient-1-11] DEBUG org.asynchttpclient.netty.channel.ChannelManager - Adding key: http://localhost:42055 for channel [id: 0x3897771e, L:/127.0.0.1:63492 - R:localhost/127.0.0.1:42055]
22:21:29.688 [Forwarding getCurrentWindowHandle on session 6a36f850a33382628e34fa7206362cbb to remote] DEBUG org.asynchttpclient.netty.request.NettyRequestSender - Using pooled Channel '[id: 0x3897771e, L:/127.0.0.1:63492 - R:localhost/127.0.0.1:42055]' for 'GET' to 'http://localhost:42055/session/6a36f850a33382628e34fa7206362cbb/window'
22:21:29.688 [Forwarding getCurrentWindowHandle on session 6a36f850a33382628e34fa7206362cbb to remote] DEBUG org.asynchttpclient.netty.request.NettyRequestSender - Using open Channel [id: 0x3897771e, L:/127.0.0.1:63492 - R:localhost/127.0.0.1:42055] for GET '/session/6a36f850a33382628e34fa7206362cbb/window'
22:21:29.696 [AsyncHttpClient-1-11] DEBUG org.asynchttpclient.netty.handler.HttpHandler - 

Request DefaultFullHttpRequest(decodeResult: success, version: HTTP/1.1, content: EmptyByteBufBE)
GET /session/6a36f850a33382628e34fa7206362cbb/window HTTP/1.1
User-Agent: selenium/4.7.1 (java windows)
Cache-Control: no-cache
Content-Type: application/json; charset=utf-8
host: localhost:42055
accept: */*

Response DefaultHttpResponse(decodeResult: success, version: HTTP/1.1)
HTTP/1.1 200 OK
Content-Type: application/json; charset=utf-8
cache-control: no-cache
content-length: 44

22:21:29.696 [AsyncHttpClient-1-11] DEBUG org.asynchttpclient.netty.channel.ChannelManager - Adding key: http://localhost:42055 for channel [id: 0x3897771e, L:/127.0.0.1:63492 - R:localhost/127.0.0.1:42055]
22:21:29.696 [Forwarding getAlertText on session 6a36f850a33382628e34fa7206362cbb to remote] DEBUG org.asynchttpclient.netty.request.NettyRequestSender - Using pooled Channel '[id: 0x3897771e, L:/127.0.0.1:63492 - R:localhost/127.0.0.1:42055]' for 'GET' to 'http://localhost:42055/session/6a36f850a33382628e34fa7206362cbb/alert/text'
22:21:29.696 [Forwarding getAlertText on session 6a36f850a33382628e34fa7206362cbb to remote] DEBUG org.asynchttpclient.netty.request.NettyRequestSender - Using open Channel [id: 0x3897771e, L:/127.0.0.1:63492 - R:localhost/127.0.0.1:42055] for GET '/session/6a36f850a33382628e34fa7206362cbb/alert/text'
22:21:29.696 [AsyncHttpClient-1-11] DEBUG org.asynchttpclient.netty.handler.HttpHandler - 

Request DefaultFullHttpRequest(decodeResult: success, version: HTTP/1.1, content: EmptyByteBufBE)
GET /session/6a36f850a33382628e34fa7206362cbb/alert/text HTTP/1.1
User-Agent: selenium/4.7.1 (java windows)
Cache-Control: no-cache
Content-Type: application/json; charset=utf-8
host: localhost:42055
accept: */*

Response DefaultHttpResponse(decodeResult: success, version: HTTP/1.1)
HTTP/1.1 404 Not Found
Content-Type: application/json; charset=utf-8
cache-control: no-cache
content-length: 821

22:21:29.696 [AsyncHttpClient-1-11] DEBUG org.asynchttpclient.netty.channel.ChannelManager - Adding key: http://localhost:42055 for channel [id: 0x3897771e, L:/127.0.0.1:63492 - R:localhost/127.0.0.1:42055]
22:21:29.704 [Forwarding switchToWindow on session 6a36f850a33382628e34fa7206362cbb to remote] DEBUG org.asynchttpclient.netty.request.NettyRequestSender - Using pooled Channel '[id: 0x3897771e, L:/127.0.0.1:63492 - R:localhost/127.0.0.1:42055]' for 'POST' to 'http://localhost:42055/session/6a36f850a33382628e34fa7206362cbb/window'
22:21:29.705 [Forwarding switchToWindow on session 6a36f850a33382628e34fa7206362cbb to remote] DEBUG org.asynchttpclient.netty.request.NettyRequestSender - Using open Channel [id: 0x3897771e, L:/127.0.0.1:63492 - R:localhost/127.0.0.1:42055] for POST '/session/6a36f850a33382628e34fa7206362cbb/window'
22:21:29.709 [AsyncHttpClient-1-11] DEBUG org.asynchttpclient.netty.handler.HttpHandler - 

Request DefaultHttpRequest(decodeResult: success, version: HTTP/1.1)
POST /session/6a36f850a33382628e34fa7206362cbb/window HTTP/1.1
User-Agent: selenium/4.7.1 (java windows)
Content-Length: 50
Content-Type: application/json; charset=utf-8
host: localhost:42055
accept: */*

Response DefaultHttpResponse(decodeResult: success, version: HTTP/1.1)
HTTP/1.1 200 OK
Content-Type: application/json; charset=utf-8
cache-control: no-cache
content-length: 14

22:21:29.710 [AsyncHttpClient-1-11] DEBUG org.asynchttpclient.netty.channel.ChannelManager - Adding key: http://localhost:42055 for channel [id: 0x3897771e, L:/127.0.0.1:63492 - R:localhost/127.0.0.1:42055]
22:21:29.711 [Forwarding getCurrentUrl on session 6a36f850a33382628e34fa7206362cbb to remote] DEBUG org.asynchttpclient.netty.request.NettyRequestSender - Using pooled Channel '[id: 0x3897771e, L:/127.0.0.1:63492 - R:localhost/127.0.0.1:42055]' for 'GET' to 'http://localhost:42055/session/6a36f850a33382628e34fa7206362cbb/url'
22:21:29.711 [Forwarding getCurrentUrl on session 6a36f850a33382628e34fa7206362cbb to remote] DEBUG org.asynchttpclient.netty.request.NettyRequestSender - Using open Channel [id: 0x3897771e, L:/127.0.0.1:63492 - R:localhost/127.0.0.1:42055] for GET '/session/6a36f850a33382628e34fa7206362cbb/url'
22:21:29.720 [AsyncHttpClient-1-11] DEBUG org.asynchttpclient.netty.handler.HttpHandler - 

Request DefaultFullHttpRequest(decodeResult: success, version: HTTP/1.1, content: EmptyByteBufBE)
GET /session/6a36f850a33382628e34fa7206362cbb/url HTTP/1.1
User-Agent: selenium/4.7.1 (java windows)
Cache-Control: no-cache
Content-Type: application/json; charset=utf-8
host: localhost:42055
accept: */*

Response DefaultHttpResponse(decodeResult: success, version: HTTP/1.1)
HTTP/1.1 200 OK
Content-Type: application/json; charset=utf-8
cache-control: no-cache
content-length: 55

22:21:29.720 [AsyncHttpClient-1-11] DEBUG org.asynchttpclient.netty.channel.ChannelManager - Adding key: http://localhost:42055 for channel [id: 0x3897771e, L:/127.0.0.1:63492 - R:localhost/127.0.0.1:42055]
22:21:29.720 [Forwarding screenshot on session 6a36f850a33382628e34fa7206362cbb to remote] DEBUG org.asynchttpclient.netty.request.NettyRequestSender - Using pooled Channel '[id: 0x3897771e, L:/127.0.0.1:63492 - R:localhost/127.0.0.1:42055]' for 'GET' to 'http://localhost:42055/session/6a36f850a33382628e34fa7206362cbb/screenshot'
22:21:29.720 [Forwarding screenshot on session 6a36f850a33382628e34fa7206362cbb to remote] DEBUG org.asynchttpclient.netty.request.NettyRequestSender - Using open Channel [id: 0x3897771e, L:/127.0.0.1:63492 - R:localhost/127.0.0.1:42055] for GET '/session/6a36f850a33382628e34fa7206362cbb/screenshot'
22:21:29.875 [AsyncHttpClient-1-11] DEBUG org.asynchttpclient.netty.handler.HttpHandler - 

Request DefaultFullHttpRequest(decodeResult: success, version: HTTP/1.1, content: EmptyByteBufBE)
GET /session/6a36f850a33382628e34fa7206362cbb/screenshot HTTP/1.1
User-Agent: selenium/4.7.1 (java windows)
Cache-Control: no-cache
Content-Type: application/json; charset=utf-8
host: localhost:42055
accept: */*

Response DefaultHttpResponse(decodeResult: success, version: HTTP/1.1)
HTTP/1.1 200 OK
Content-Type: application/json; charset=utf-8
cache-control: no-cache
content-length: 101132

22:21:29.876 [AsyncHttpClient-1-11] DEBUG org.asynchttpclient.netty.channel.ChannelManager - Adding key: http://localhost:42055 for channel [id: 0x3897771e, L:/127.0.0.1:63492 - R:localhost/127.0.0.1:42055]
22:21:29.876 [main] DEBUG net.serenitybdd.core.photography.Darkroom - Send negative for processing for target\site\serenity\8ee371137e7a88ceb7131d455debcb77cbe049c7a8056c681d3e5289336151dc.png
22:21:29.876 [main] DEBUG net.thucydides.core.steps.StepInterceptor - STEP DONE: klikmenutransaksi
  &amp#27;[32mWhen &amp#27;[0m&amp#27;[32mPada Beranda, Admin klik Transaksi&amp#27;[0m                                                   &amp#27;[90m# starter.stepdefinitions.TransaksiSteps.padaBerandaAdminKlikTransaksi()&amp#27;[0m
22:21:29.876 [Darkroom Processing Line] DEBUG net.serenitybdd.core.photography.DarkroomProcessingLine - Processing screenshot image in /var/screenshots/screenshot-13657215747668406208
22:21:29.876 [Darkroom Processing Line] DEBUG net.serenitybdd.core.photography.DarkroomProcessingLine - Saving screenshot to target\site\serenity\8ee371137e7a88ceb7131d455debcb77cbe049c7a8056c681d3e5289336151dc.png
22:21:29.892 [main] DEBUG net.thucydides.core.steps.StepInterceptor - STARTING STEP: TransaksiSteps.adminKlikGagal - pilihitemgagal
22:21:29.900 [Forwarding findElement on session 6a36f850a33382628e34fa7206362cbb to remote] DEBUG org.asynchttpclient.netty.request.NettyRequestSender - Using pooled Channel '[id: 0x3897771e, L:/127.0.0.1:63492 - R:localhost/127.0.0.1:42055]' for 'POST' to 'http://localhost:42055/session/6a36f850a33382628e34fa7206362cbb/element'
22:21:29.900 [Forwarding findElement on session 6a36f850a33382628e34fa7206362cbb to remote] DEBUG org.asynchttpclient.netty.request.NettyRequestSender - Using open Channel [id: 0x3897771e, L:/127.0.0.1:63492 - R:localhost/127.0.0.1:42055] for POST '/session/6a36f850a33382628e34fa7206362cbb/element'
22:21:29.924 [AsyncHttpClient-1-11] DEBUG org.asynchttpclient.netty.handler.HttpHandler - 

Request DefaultHttpRequest(decodeResult: success, version: HTTP/1.1)
POST /session/6a36f850a33382628e34fa7206362cbb/element HTTP/1.1
User-Agent: selenium/4.7.1 (java windows)
Content-Length: 81
Content-Type: application/json; charset=utf-8
host: localhost:42055
accept: */*

Response DefaultHttpResponse(decodeResult: success, version: HTTP/1.1)
HTTP/1.1 200 OK
Content-Type: application/json; charset=utf-8
cache-control: no-cache
content-length: 95

22:21:29.924 [AsyncHttpClient-1-11] DEBUG org.asynchttpclient.netty.channel.ChannelManager - Adding key: http://localhost:42055 for channel [id: 0x3897771e, L:/127.0.0.1:63492 - R:localhost/127.0.0.1:42055]
22:21:29.924 [Forwarding getElementTagName on session 6a36f850a33382628e34fa7206362cbb to remote] DEBUG org.asynchttpclient.netty.request.NettyRequestSender - Using pooled Channel '[id: 0x3897771e, L:/127.0.0.1:63492 - R:localhost/127.0.0.1:42055]' for 'GET' to 'http://localhost:42055/session/6a36f850a33382628e34fa7206362cbb/element/7A571972410AA39D8032F07712C20DAF_element_25/name'
22:21:29.924 [Forwarding getElementTagName on session 6a36f850a33382628e34fa7206362cbb to remote] DEBUG org.asynchttpclient.netty.request.NettyRequestSender - Using open Channel [id: 0x3897771e, L:/127.0.0.1:63492 - R:localhost/127.0.0.1:42055] for GET '/session/6a36f850a33382628e34fa7206362cbb/element/7A571972410AA39D8032F07712C20DAF_element_25/name'
22:21:29.940 [AsyncHttpClient-1-11] DEBUG org.asynchttpclient.netty.handler.HttpHandler - 

Request DefaultFullHttpRequest(decodeResult: success, version: HTTP/1.1, content: EmptyByteBufBE)
GET /session/6a36f850a33382628e34fa7206362cbb/element/7A571972410AA39D8032F07712C20DAF_element_25/name HTTP/1.1
User-Agent: selenium/4.7.1 (java windows)
Cache-Control: no-cache
Content-Type: application/json; charset=utf-8
host: localhost:42055
accept: */*

Response DefaultHttpResponse(decodeResult: success, version: HTTP/1.1)
HTTP/1.1 200 OK
Content-Type: application/json; charset=utf-8
cache-control: no-cache
content-length: 13

22:21:29.940 [AsyncHttpClient-1-11] DEBUG org.asynchttpclient.netty.channel.ChannelManager - Adding key: http://localhost:42055 for channel [id: 0x3897771e, L:/127.0.0.1:63492 - R:localhost/127.0.0.1:42055]
22:21:29.940 [Forwarding getElementTagName on session 6a36f850a33382628e34fa7206362cbb to remote] DEBUG org.asynchttpclient.netty.request.NettyRequestSender - Using pooled Channel '[id: 0x3897771e, L:/127.0.0.1:63492 - R:localhost/127.0.0.1:42055]' for 'GET' to 'http://localhost:42055/session/6a36f850a33382628e34fa7206362cbb/element/7A571972410AA39D8032F07712C20DAF_element_25/name'
22:21:29.940 [Forwarding getElementTagName on session 6a36f850a33382628e34fa7206362cbb to remote] DEBUG org.asynchttpclient.netty.request.NettyRequestSender - Using open Channel [id: 0x3897771e, L:/127.0.0.1:63492 - R:localhost/127.0.0.1:42055] for GET '/session/6a36f850a33382628e34fa7206362cbb/element/7A571972410AA39D8032F07712C20DAF_element_25/name'
22:21:29.948 [AsyncHttpClient-1-11] DEBUG org.asynchttpclient.netty.handler.HttpHandler - 

Request DefaultFullHttpRequest(decodeResult: success, version: HTTP/1.1, content: EmptyByteBufBE)
GET /session/6a36f850a33382628e34fa7206362cbb/element/7A571972410AA39D8032F07712C20DAF_element_25/name HTTP/1.1
User-Agent: selenium/4.7.1 (java windows)
Cache-Control: no-cache
Content-Type: application/json; charset=utf-8
host: localhost:42055
accept: */*

Response DefaultHttpResponse(decodeResult: success, version: HTTP/1.1)
HTTP/1.1 200 OK
Content-Type: application/json; charset=utf-8
cache-control: no-cache
content-length: 13

22:21:29.948 [AsyncHttpClient-1-11] DEBUG org.asynchttpclient.netty.channel.ChannelManager - Adding key: http://localhost:42055 for channel [id: 0x3897771e, L:/127.0.0.1:63492 - R:localhost/127.0.0.1:42055]
22:21:29.956 [Forwarding findElement on session 6a36f850a33382628e34fa7206362cbb to remote] DEBUG org.asynchttpclient.netty.request.NettyRequestSender - Using pooled Channel '[id: 0x3897771e, L:/127.0.0.1:63492 - R:localhost/127.0.0.1:42055]' for 'POST' to 'http://localhost:42055/session/6a36f850a33382628e34fa7206362cbb/element'
22:21:29.956 [Forwarding findElement on session 6a36f850a33382628e34fa7206362cbb to remote] DEBUG org.asynchttpclient.netty.request.NettyRequestSender - Using open Channel [id: 0x3897771e, L:/127.0.0.1:63492 - R:localhost/127.0.0.1:42055] for POST '/session/6a36f850a33382628e34fa7206362cbb/element'
22:21:29.972 [AsyncHttpClient-1-11] DEBUG org.asynchttpclient.netty.handler.HttpHandler - 

Request DefaultHttpRequest(decodeResult: success, version: HTTP/1.1)
POST /session/6a36f850a33382628e34fa7206362cbb/element HTTP/1.1
User-Agent: selenium/4.7.1 (java windows)
Content-Length: 81
Content-Type: application/json; charset=utf-8
host: localhost:42055
accept: */*

Response DefaultHttpResponse(decodeResult: success, version: HTTP/1.1)
HTTP/1.1 200 OK
Content-Type: application/json; charset=utf-8
cache-control: no-cache
content-length: 95

22:21:29.972 [AsyncHttpClient-1-11] DEBUG org.asynchttpclient.netty.channel.ChannelManager - Adding key: http://localhost:42055 for channel [id: 0x3897771e, L:/127.0.0.1:63492 - R:localhost/127.0.0.1:42055]
22:21:29.972 [Forwarding clickElement on session 6a36f850a33382628e34fa7206362cbb to remote] DEBUG org.asynchttpclient.netty.request.NettyRequestSender - Using pooled Channel '[id: 0x3897771e, L:/127.0.0.1:63492 - R:localhost/127.0.0.1:42055]' for 'POST' to 'http://localhost:42055/session/6a36f850a33382628e34fa7206362cbb/element/7A571972410AA39D8032F07712C20DAF_element_25/click'
22:21:29.972 [Forwarding clickElement on session 6a36f850a33382628e34fa7206362cbb to remote] DEBUG org.asynchttpclient.netty.request.NettyRequestSender - Using open Channel [id: 0x3897771e, L:/127.0.0.1:63492 - R:localhost/127.0.0.1:42055] for POST '/session/6a36f850a33382628e34fa7206362cbb/element/7A571972410AA39D8032F07712C20DAF_element_25/click'
22:21:30.052 [AsyncHttpClient-1-11] DEBUG org.asynchttpclient.netty.handler.HttpHandler - 

Request DefaultHttpRequest(decodeResult: success, version: HTTP/1.1)
POST /session/6a36f850a33382628e34fa7206362cbb/element/7A571972410AA39D8032F07712C20DAF_element_25/click HTTP/1.1
User-Agent: selenium/4.7.1 (java windows)
Content-Length: 57
Content-Type: application/json; charset=utf-8
host: localhost:42055
accept: */*

Response DefaultHttpResponse(decodeResult: success, version: HTTP/1.1)
HTTP/1.1 200 OK
Content-Type: application/json; charset=utf-8
cache-control: no-cache
content-length: 14

22:21:30.060 [AsyncHttpClient-1-11] DEBUG org.asynchttpclient.netty.channel.ChannelManager - Adding key: http://localhost:42055 for channel [id: 0x3897771e, L:/127.0.0.1:63492 - R:localhost/127.0.0.1:42055]
22:21:30.069 [Forwarding getCurrentWindowHandle on session 6a36f850a33382628e34fa7206362cbb to remote] DEBUG org.asynchttpclient.netty.request.NettyRequestSender - Using pooled Channel '[id: 0x3897771e, L:/127.0.0.1:63492 - R:localhost/127.0.0.1:42055]' for 'GET' to 'http://localhost:42055/session/6a36f850a33382628e34fa7206362cbb/window'
22:21:30.069 [Forwarding getCurrentWindowHandle on session 6a36f850a33382628e34fa7206362cbb to remote] DEBUG org.asynchttpclient.netty.request.NettyRequestSender - Using open Channel [id: 0x3897771e, L:/127.0.0.1:63492 - R:localhost/127.0.0.1:42055] for GET '/session/6a36f850a33382628e34fa7206362cbb/window'
22:21:30.077 [AsyncHttpClient-1-11] DEBUG org.asynchttpclient.netty.handler.HttpHandler - 

Request DefaultFullHttpRequest(decodeResult: success, version: HTTP/1.1, content: EmptyByteBufBE)
GET /session/6a36f850a33382628e34fa7206362cbb/window HTTP/1.1
User-Agent: selenium/4.7.1 (java windows)
Cache-Control: no-cache
Content-Type: application/json; charset=utf-8
host: localhost:42055
accept: */*

Response DefaultHttpResponse(decodeResult: success, version: HTTP/1.1)
HTTP/1.1 200 OK
Content-Type: application/json; charset=utf-8
cache-control: no-cache
content-length: 44

22:21:30.077 [AsyncHttpClient-1-11] DEBUG org.asynchttpclient.netty.channel.ChannelManager - Adding key: http://localhost:42055 for channel [id: 0x3897771e, L:/127.0.0.1:63492 - R:localhost/127.0.0.1:42055]
22:21:30.077 [Forwarding getAlertText on session 6a36f850a33382628e34fa7206362cbb to remote] DEBUG org.asynchttpclient.netty.request.NettyRequestSender - Using pooled Channel '[id: 0x3897771e, L:/127.0.0.1:63492 - R:localhost/127.0.0.1:42055]' for 'GET' to 'http://localhost:42055/session/6a36f850a33382628e34fa7206362cbb/alert/text'
22:21:30.077 [Forwarding getAlertText on session 6a36f850a33382628e34fa7206362cbb to remote] DEBUG org.asynchttpclient.netty.request.NettyRequestSender - Using open Channel [id: 0x3897771e, L:/127.0.0.1:63492 - R:localhost/127.0.0.1:42055] for GET '/session/6a36f850a33382628e34fa7206362cbb/alert/text'
22:21:30.077 [AsyncHttpClient-1-11] DEBUG org.asynchttpclient.netty.handler.HttpHandler - 

Request DefaultFullHttpRequest(decodeResult: success, version: HTTP/1.1, content: EmptyByteBufBE)
GET /session/6a36f850a33382628e34fa7206362cbb/alert/text HTTP/1.1
User-Agent: selenium/4.7.1 (java windows)
Cache-Control: no-cache
Content-Type: application/json; charset=utf-8
host: localhost:42055
accept: */*

Response DefaultHttpResponse(decodeResult: success, version: HTTP/1.1)
HTTP/1.1 404 Not Found
Content-Type: application/json; charset=utf-8
cache-control: no-cache
content-length: 821

22:21:30.077 [AsyncHttpClient-1-11] DEBUG org.asynchttpclient.netty.channel.ChannelManager - Adding key: http://localhost:42055 for channel [id: 0x3897771e, L:/127.0.0.1:63492 - R:localhost/127.0.0.1:42055]
22:21:30.085 [Forwarding switchToWindow on session 6a36f850a33382628e34fa7206362cbb to remote] DEBUG org.asynchttpclient.netty.request.NettyRequestSender - Using pooled Channel '[id: 0x3897771e, L:/127.0.0.1:63492 - R:localhost/127.0.0.1:42055]' for 'POST' to 'http://localhost:42055/session/6a36f850a33382628e34fa7206362cbb/window'
22:21:30.085 [Forwarding switchToWindow on session 6a36f850a33382628e34fa7206362cbb to remote] DEBUG org.asynchttpclient.netty.request.NettyRequestSender - Using open Channel [id: 0x3897771e, L:/127.0.0.1:63492 - R:localhost/127.0.0.1:42055] for POST '/session/6a36f850a33382628e34fa7206362cbb/window'
22:21:30.093 [AsyncHttpClient-1-11] DEBUG org.asynchttpclient.netty.handler.HttpHandler - 

Request DefaultHttpRequest(decodeResult: success, version: HTTP/1.1)
POST /session/6a36f850a33382628e34fa7206362cbb/window HTTP/1.1
User-Agent: selenium/4.7.1 (java windows)
Content-Length: 50
Content-Type: application/json; charset=utf-8
host: localhost:42055
accept: */*

Response DefaultHttpResponse(decodeResult: success, version: HTTP/1.1)
HTTP/1.1 200 OK
Content-Type: application/json; charset=utf-8
cache-control: no-cache
content-length: 14

22:21:30.093 [AsyncHttpClient-1-11] DEBUG org.asynchttpclient.netty.channel.ChannelManager - Adding key: http://localhost:42055 for channel [id: 0x3897771e, L:/127.0.0.1:63492 - R:localhost/127.0.0.1:42055]
22:21:30.093 [Forwarding getCurrentUrl on session 6a36f850a33382628e34fa7206362cbb to remote] DEBUG org.asynchttpclient.netty.request.NettyRequestSender - Using pooled Channel '[id: 0x3897771e, L:/127.0.0.1:63492 - R:localhost/127.0.0.1:42055]' for 'GET' to 'http://localhost:42055/session/6a36f850a33382628e34fa7206362cbb/url'
22:21:30.093 [Forwarding getCurrentUrl on session 6a36f850a33382628e34fa7206362cbb to remote] DEBUG org.asynchttpclient.netty.request.NettyRequestSender - Using open Channel [id: 0x3897771e, L:/127.0.0.1:63492 - R:localhost/127.0.0.1:42055] for GET '/session/6a36f850a33382628e34fa7206362cbb/url'
22:21:30.109 [AsyncHttpClient-1-11] DEBUG org.asynchttpclient.netty.handler.HttpHandler - 

Request DefaultFullHttpRequest(decodeResult: success, version: HTTP/1.1, content: EmptyByteBufBE)
GET /session/6a36f850a33382628e34fa7206362cbb/url HTTP/1.1
User-Agent: selenium/4.7.1 (java windows)
Cache-Control: no-cache
Content-Type: application/json; charset=utf-8
host: localhost:42055
accept: */*

Response DefaultHttpResponse(decodeResult: success, version: HTTP/1.1)
HTTP/1.1 200 OK
Content-Type: application/json; charset=utf-8
cache-control: no-cache
content-length: 55

22:21:30.109 [AsyncHttpClient-1-11] DEBUG org.asynchttpclient.netty.channel.ChannelManager - Adding key: http://localhost:42055 for channel [id: 0x3897771e, L:/127.0.0.1:63492 - R:localhost/127.0.0.1:42055]
22:21:30.109 [Forwarding screenshot on session 6a36f850a33382628e34fa7206362cbb to remote] DEBUG org.asynchttpclient.netty.request.NettyRequestSender - Using pooled Channel '[id: 0x3897771e, L:/127.0.0.1:63492 - R:localhost/127.0.0.1:42055]' for 'GET' to 'http://localhost:42055/session/6a36f850a33382628e34fa7206362cbb/screenshot'
22:21:30.109 [Forwarding screenshot on session 6a36f850a33382628e34fa7206362cbb to remote] DEBUG org.asynchttpclient.netty.request.NettyRequestSender - Using open Channel [id: 0x3897771e, L:/127.0.0.1:63492 - R:localhost/127.0.0.1:42055] for GET '/session/6a36f850a33382628e34fa7206362cbb/screenshot'
22:21:30.277 [AsyncHttpClient-1-11] DEBUG org.asynchttpclient.netty.handler.HttpHandler - 

Request DefaultFullHttpRequest(decodeResult: success, version: HTTP/1.1, content: EmptyByteBufBE)
GET /session/6a36f850a33382628e34fa7206362cbb/screenshot HTTP/1.1
User-Agent: selenium/4.7.1 (java windows)
Cache-Control: no-cache
Content-Type: application/json; charset=utf-8
host: localhost:42055
accept: */*

Response DefaultHttpResponse(decodeResult: success, version: HTTP/1.1)
HTTP/1.1 200 OK
Content-Type: application/json; charset=utf-8
cache-control: no-cache
content-length: 61920

22:21:30.277 [AsyncHttpClient-1-11] DEBUG org.asynchttpclient.netty.channel.ChannelManager - Adding key: http://localhost:42055 for channel [id: 0x3897771e, L:/127.0.0.1:63492 - R:localhost/127.0.0.1:42055]
22:21:30.285 [main] DEBUG net.serenitybdd.core.photography.Darkroom - Send negative for processing for target\site\serenity\0bea0eecf5ab5235228d33ba8a51dfa3f68ed92949bd46d7d298c3c415762bcc.png
22:21:30.285 [main] DEBUG net.thucydides.core.steps.StepInterceptor - STEP DONE: pilihitemgagal
  &amp#27;[32mAnd &amp#27;[0m&amp#27;[32mAdmin klik Gagal&amp#27;[0m                                                                      &amp#27;[90m# starter.stepdefinitions.TransaksiSteps.adminKlikGagal()&amp#27;[0m
22:21:30.285 [Darkroom Processing Line] DEBUG net.serenitybdd.core.photography.DarkroomProcessingLine - Processing screenshot image in /var/screenshots/screenshot-15861453607870767975
22:21:30.285 [Darkroom Processing Line] DEBUG net.serenitybdd.core.photography.DarkroomProcessingLine - Saving screenshot to target\site\serenity\0bea0eecf5ab5235228d33ba8a51dfa3f68ed92949bd46d7d298c3c415762bcc.png
22:21:30.308 [main] INFO  - 
  _____   ___   ___   _____     ___     _     ___   ___   ___   ___  
 |_   _| | __| / __| |_   _|   | _ \   /_\   / __| / __| | __| |   \ 
   | |   | _|  \__ \   | |     |  _/  / _ \  \__ \ \__ \ | _|  | |) |
   |_|   |___| |___/   |_|     |_|   /_/ \_\ |___/ |___/ |___| |___/ 

Admin dapat melihat semua riwayat transaksi yang difilter hanya status gagal saja
----------------------------------------------------------------------
22:21:30.308 [AsyncHttpClient-1-13] DEBUG org.asynchttpclient.netty.handler.WebSocketHandler - Channel Closed: [id: 0xbccf113f, L:/127.0.0.1:63502 ! R:localhost/127.0.0.1:63494] with attribute NettyResponseFuture{currentRetry=0,
	isDone=1,
	isCancelled=0,
	asyncHandler=org.asynchttpclient.ws.WebSocketUpgradeHandler@373bc574,
	nettyRequest=org.asynchttpclient.netty.request.NettyRequest@72395df7,
	future=java.util.concurrent.CompletableFuture@52aa7e3a[Completed normally],
	uri=ws://localhost:63494/devtools/browser/8ca68ac5-23b3-40d3-b455-9b619a00ff4b,
	keepAlive=true,
	redirectCount=0,
	timeoutsHolder=null,
	inAuth=0,
	touch=1687620081802}
22:21:30.308 [AsyncHttpClient-1-13] DEBUG org.asynchttpclient.netty.channel.ChannelManager - Closing Channel [id: 0xbccf113f, L:/127.0.0.1:63502 ! R:localhost/127.0.0.1:63494] 
22:21:30.308 [Driver Command Executor] DEBUG org.asynchttpclient.netty.request.NettyRequestSender - Using pooled Channel '[id: 0x3897771e, L:/127.0.0.1:63492 - R:localhost/127.0.0.1:42055]' for 'DELETE' to 'http://localhost:42055/session/6a36f850a33382628e34fa7206362cbb'
22:21:30.308 [Driver Command Executor] DEBUG org.asynchttpclient.netty.request.NettyRequestSender - Using open Channel [id: 0x3897771e, L:/127.0.0.1:63492 - R:localhost/127.0.0.1:42055] for DELETE '/session/6a36f850a33382628e34fa7206362cbb'
22:21:30.460 [AsyncHttpClient-1-12] DEBUG org.asynchttpclient.netty.handler.HttpHandler - Unexpected I/O exception on channel [id: 0x08c71355, L:/127.0.0.1:63501 - R:localhost/127.0.0.1:63494]
java.net.SocketException: Connection reset
	at java.base/sun.nio.ch.SocketChannelImpl.throwConnectionReset(SocketChannelImpl.java:401)
	at java.base/sun.nio.ch.SocketChannelImpl.read(SocketChannelImpl.java:434)
	at io.netty.buffer.PooledByteBuf.setBytes(PooledByteBuf.java:259)
	at io.netty.buffer.AbstractByteBuf.writeBytes(AbstractByteBuf.java:1132)
	at io.netty.channel.socket.nio.NioSocketChannel.doReadBytes(NioSocketChannel.java:357)
	at io.netty.channel.nio.AbstractNioByteChannel$NioByteUnsafe.read(AbstractNioByteChannel.java:151)
	at io.netty.channel.nio.NioEventLoop.processSelectedKey(NioEventLoop.java:788)
	at io.netty.channel.nio.NioEventLoop.processSelectedKeysOptimized(NioEventLoop.java:724)
	at io.netty.channel.nio.NioEventLoop.processSelectedKeys(NioEventLoop.java:650)
	at io.netty.channel.nio.NioEventLoop.run(NioEventLoop.java:562)
	at io.netty.util.concurrent.SingleThreadEventExecutor$4.run(SingleThreadEventExecutor.java:997)
	at io.netty.util.internal.ThreadExecutorMap$2.run(ThreadExecutorMap.java:74)
	at io.netty.util.concurrent.FastThreadLocalRunnable.run(FastThreadLocalRunnable.java:30)
	at java.base/java.lang.Thread.run(Thread.java:1589)
22:21:30.460 [AsyncHttpClient-1-12] DEBUG org.asynchttpclient.netty.channel.ChannelManager - Closing Channel [id: 0x08c71355, L:/127.0.0.1:63501 - R:localhost/127.0.0.1:63494] 
22:21:30.460 [AsyncHttpClient-1-12] DEBUG org.asynchttpclient.netty.handler.HttpHandler - Channel Closed: [id: 0x08c71355, L:/127.0.0.1:63501 ! R:localhost/127.0.0.1:63494] with attribute DISCARD
22:21:30.513 [AsyncHttpClient-1-11] DEBUG org.asynchttpclient.netty.handler.HttpHandler - 

Request DefaultFullHttpRequest(decodeResult: success, version: HTTP/1.1, content: EmptyByteBufBE)
DELETE /session/6a36f850a33382628e34fa7206362cbb HTTP/1.1
User-Agent: selenium/4.7.1 (java windows)
Content-Type: application/json; charset=utf-8
host: localhost:42055
accept: */*

Response DefaultHttpResponse(decodeResult: success, version: HTTP/1.1)
HTTP/1.1 200 OK
Content-Type: application/json; charset=utf-8
cache-control: no-cache
content-length: 14

22:21:30.513 [AsyncHttpClient-1-11] DEBUG org.asynchttpclient.netty.channel.ChannelManager - Adding key: http://localhost:42055 for channel [id: 0x3897771e, L:/127.0.0.1:63492 - R:localhost/127.0.0.1:42055]
22:21:30.610 [AsyncHttpClient-1-11] DEBUG org.asynchttpclient.netty.handler.HttpHandler - Channel Closed: [id: 0x3897771e, L:/127.0.0.1:63492 ! R:localhost/127.0.0.1:42055] with attribute DISCARD
]]></system-out>
    <system-err><![CDATA[Starting ChromeDriver 114.0.5735.90 (386bc09e8f4f2e025eddae123f36f6263096ae49-refs/branch-heads/5735@{#1052}) on port 42055
Only local connections are allowed.
Please see https://chromedriver.chromium.org/security-considerations for suggestions on keeping ChromeDriver safe.
ChromeDriver was started successfully.
Jun 24, 2023 10:21:21 PM org.openqa.selenium.devtools.CdpVersionFinder findNearestMatch
WARNING: Unable to find CDP implementation matching 114
Jun 24, 2023 10:21:21 PM org.openqa.selenium.chromium.ChromiumDriver lambda$new$3
WARNING: Unable to find version of CDP to use for . You may need to include a dependency on a specific version of the CDP using something similar to `org.seleniumhq.selenium:selenium-devtools-v86:4.7.1` where the version ("v86") matches the version of the chromium-based browser you're using and the version number of the artifact is the same as Selenium's.
]]></system-err>
  </testcase>
  <testcase name="Admin dapat mencari transaksi" classname="Transaksi" time="17.307">
    <error type="net.thucydides.core.webdriver.exceptions.ElementShouldBeEnabledException"><![CDATA[net.thucydides.core.webdriver.exceptions.ElementShouldBeEnabledException: Expected enabled element was not enabled
Caused by: org.openqa.selenium.TimeoutException: Expected condition failed: waiting for By.xpath: //input[@placeholder="Cari Transaksi"] to be enabled (tried for 5 second(s) with 100 milliseconds interval)
Caused by: org.openqa.selenium.NoSuchElementException: 
no such element: Unable to locate element: {"method":"xpath","selector":"//input[@placeholder="Cari Transaksi"]"}
  (Session info: chrome=114.0.5735.134)
For documentation on this error, please visit: https://selenium.dev/exceptions/#no_such_element
Build info: version: '4.7.1', revision: 'c6795baf1a3'
System info: os.name: 'Windows 11', os.arch: 'amd64', os.version: '10.0', java.version: '19.0.2'
Driver info: org.openqa.selenium.chrome.ChromeDriver
Command: [c898dafc69b7fbe3794281a7a3288504, findElement {using=xpath, value=//input[@placeholder="Cari Transaksi"]}]
Capabilities {acceptInsecureCerts: true, browserName: chrome, browserVersion: 114.0.5735.134, chrome: {chromedriverVersion: 114.0.5735.90 (386bc09e8f4f..., userDataDir: C:\Users\HP\AppData\Local\T...}, goog:chromeOptions: {debuggerAddress: localhost:63532}, networkConnectionEnabled: false, pageLoadStrategy: normal, platformName: WINDOWS, proxy: Proxy(), se:cdp: ws://localhost:63532/devtoo..., se:cdpVersion: 114.0.5735.134, setWindowRect: true, strictFileInteractability: false, timeouts: {implicit: 0, pageLoad: 300000, script: 30000}, unhandledPromptBehavior: dismiss and notify, webauthn:extension:credBlob: true, webauthn:extension:largeBlob: true, webauthn:extension:minPinLength: true, webauthn:extension:prf: true, webauthn:virtualAuthenticators: true}
Session ID: c898dafc69b7fbe3794281a7a3288504
]]></error>
    <system-out><![CDATA[
@Transaksi-05
Scenario: Admin dapat mencari transaksi             &amp#27;[90m# src/test/resources/features/Transaksi.feature:28&amp#27;[0m
22:21:30.715 [main] INFO io.cucumber.core.plugin.SerenityReporter - Running feature from file:///C:/Dev/CapstoneProjectBaru/SKUYPAY%20WEB%20AUTOMATION/src/test/resources/features/Transaksi.feature
22:21:30.715 [AsyncHttpClient-1-1] DEBUG org.asynchttpclient.netty.channel.DefaultChannelPool - Entry count for : http://localhost:63494 : 1
22:21:30.715 [AsyncHttpClient-1-1] DEBUG org.asynchttpclient.netty.channel.DefaultChannelPool - Entry count for : http://localhost:42055 : 1
22:21:30.715 [AsyncHttpClient-1-1] DEBUG org.asynchttpclient.netty.channel.DefaultChannelPool - Adding Candidate expired Channel [id: 0x08c71355, L:/127.0.0.1:63501 ! R:localhost/127.0.0.1:63494] isIdleTimeoutExpired=false isRemotelyClosed=true isTtlExpired=false
22:21:30.715 [AsyncHttpClient-1-1] DEBUG org.asynchttpclient.netty.channel.DefaultChannelPool - Closing Idle Channel [id: 0x08c71355, L:/127.0.0.1:63501 ! R:localhost/127.0.0.1:63494]
22:21:30.715 [AsyncHttpClient-1-1] DEBUG org.asynchttpclient.netty.channel.DefaultChannelPool - Adding Candidate expired Channel [id: 0x3897771e, L:/127.0.0.1:63492 ! R:localhost/127.0.0.1:42055] isIdleTimeoutExpired=false isRemotelyClosed=true isTtlExpired=false
22:21:30.715 [AsyncHttpClient-1-1] DEBUG org.asynchttpclient.netty.channel.DefaultChannelPool - Closing Idle Channel [id: 0x3897771e, L:/127.0.0.1:63492 ! R:localhost/127.0.0.1:42055]
22:21:30.715 [AsyncHttpClient-1-1] DEBUG org.asynchttpclient.netty.channel.DefaultChannelPool - Closed 2 connections out of 2 in 0 ms
22:21:30.715 [main] INFO  - 
  _____   ___   ___   _____     ___   _____     _     ___   _____   ___   ___  
 |_   _| | __| / __| |_   _|   / __| |_   _|   /_\   | _ \ |_   _| | __| |   \ 
   | |   | _|  \__ \   | |     \__ \   | |    / _ \  |   /   | |   | _|  | |) |
   |_|   |___| |___/   |_|     |___/   |_|   /_/ \_\ |_|_\   |_|   |___| |___/ 

Admin dapat mencari transaksi(transaksi;admin-dapat-mencari-transaksi)
--------------------------------------------------------------------------------
22:21:30.755 [main] DEBUG net.thucydides.core.steps.StepInterceptor - STARTING STEP: TransaksiSteps.adminMelakukanLoginAkun - diHomepageSkuyPay
22:21:30.835 [main] INFO net.serenitybdd.core.webdriver.driverproviders.ChromeDriverProvider - Starting Chrome driver instance with capabilities:
22:21:30.835 [main] INFO net.serenitybdd.core.webdriver.driverproviders.ChromeDriverProvider - Capabilities {acceptInsecureCerts: true, browserName: chrome, goog:chromeOptions: {args: [remote-allow-origins=*, test-type, no-sandbox, ignore-certificate-errors, start-maximized, incognito, disable-infobars, disable-gpu, disable-default-apps, disable-popup-blocking, remote-allow-origins=*, test-type, no-sandbox, ignore-certificate-errors, start-maximized, incognito, disable-infobars, disable-gpu, disable-default-apps, disable-popup-blocking], extensions: []}}
22:21:31.020 [AsyncHttpClient-1-14] DEBUG org.asynchttpclient.netty.channel.NettyConnectListener - Using new Channel '[id: 0xb77b1066, L:/127.0.0.1:63530 - R:localhost/127.0.0.1:22931]' for 'POST' to '/session'
22:21:32.847 [AsyncHttpClient-1-14] DEBUG org.asynchttpclient.netty.handler.HttpHandler - 

Request DefaultHttpRequest(decodeResult: success, version: HTTP/1.1)
POST /session HTTP/1.1
User-Agent: selenium/4.7.1 (java windows)
Content-Length: 1629
Content-Type: application/json; charset=utf-8
host: localhost:22931
accept: */*

Response DefaultHttpResponse(decodeResult: success, version: HTTP/1.1)
HTTP/1.1 200 OK
Content-Type: application/json; charset=utf-8
cache-control: no-cache
content-length: 856

22:21:32.847 [AsyncHttpClient-1-14] DEBUG org.asynchttpclient.netty.channel.ChannelManager - Adding key: http://localhost:22931 for channel [id: 0xb77b1066, L:/127.0.0.1:63530 - R:localhost/127.0.0.1:22931]
22:21:32.872 [AsyncHttpClient-1-15] DEBUG org.asynchttpclient.netty.channel.NettyConnectListener - Using new Channel '[id: 0x4a178e6d, L:/127.0.0.1:63539 - R:localhost/127.0.0.1:63532]' for 'GET' to '/json/version'
22:21:32.872 [AsyncHttpClient-1-15] DEBUG org.asynchttpclient.netty.handler.HttpHandler - 

Request DefaultFullHttpRequest(decodeResult: success, version: HTTP/1.1, content: EmptyByteBufBE)
GET /json/version HTTP/1.1
User-Agent: selenium/4.7.1 (java windows)
host: localhost:63532
accept: */*

Response DefaultHttpResponse(decodeResult: success, version: HTTP/1.1)
HTTP/1.1 200 OK
Content-Security-Policy: frame-ancestors 'none'
Content-Type: application/json; charset=UTF-8
content-length: 424

22:21:32.872 [AsyncHttpClient-1-15] DEBUG org.asynchttpclient.netty.channel.ChannelManager - Adding key: http://localhost:63532 for channel [id: 0x4a178e6d, L:/127.0.0.1:63539 - R:localhost/127.0.0.1:63532]
22:21:32.880 [AsyncHttpClient-1-16] DEBUG org.asynchttpclient.netty.channel.NettyConnectListener - Using new Channel '[id: 0xa5ad1e95, L:/127.0.0.1:63540 - R:localhost/127.0.0.1:63532]' for 'GET' to '/devtools/browser/602ea0f4-1a10-4ea9-8363-e94f87851b2c'
22:21:32.888 [AsyncHttpClient-1-16] DEBUG org.asynchttpclient.netty.handler.WebSocketHandler - 

Request DefaultFullHttpRequest(decodeResult: success, version: HTTP/1.1, content: EmptyByteBufBE)
GET /devtools/browser/602ea0f4-1a10-4ea9-8363-e94f87851b2c HTTP/1.1
upgrade: websocket
connection: upgrade
sec-websocket-key: zoiCT/xvTml5dZtewWhKNQ==
sec-websocket-version: 13
origin: http://localhost:63532
host: localhost:63532
accept: */*
user-agent: AHC/2.1

Response DefaultHttpResponse(decodeResult: success, version: HTTP/1.1)
HTTP/1.1 101 WebSocket Protocol Handshake
Upgrade: WebSocket
Connection: Upgrade
Sec-WebSocket-Accept: iVIvODhkXnAhbhWepnT3JbF3ypo=

22:21:32.896 [Forwarding get on session c898dafc69b7fbe3794281a7a3288504 to remote] DEBUG org.asynchttpclient.netty.request.NettyRequestSender - Using pooled Channel '[id: 0xb77b1066, L:/127.0.0.1:63530 - R:localhost/127.0.0.1:22931]' for 'POST' to 'http://localhost:22931/session/c898dafc69b7fbe3794281a7a3288504/url'
22:21:32.896 [Forwarding get on session c898dafc69b7fbe3794281a7a3288504 to remote] DEBUG org.asynchttpclient.netty.request.NettyRequestSender - Using open Channel [id: 0xb77b1066, L:/127.0.0.1:63530 - R:localhost/127.0.0.1:22931] for POST '/session/c898dafc69b7fbe3794281a7a3288504/url'
22:21:32.912 [AsyncHttpClient-1-1] DEBUG org.asynchttpclient.netty.channel.DefaultChannelPool - Entry count for : http://localhost:63532 : 1
22:21:34.011 [AsyncHttpClient-1-1] DEBUG org.asynchttpclient.netty.channel.DefaultChannelPool - Entry count for : http://localhost:63532 : 1
22:21:34.664 [AsyncHttpClient-1-14] DEBUG org.asynchttpclient.netty.handler.HttpHandler - 

Request DefaultHttpRequest(decodeResult: success, version: HTTP/1.1)
POST /session/c898dafc69b7fbe3794281a7a3288504/url HTTP/1.1
User-Agent: selenium/4.7.1 (java windows)
Content-Length: 69
Content-Type: application/json; charset=utf-8
host: localhost:22931
accept: */*

Response DefaultHttpResponse(decodeResult: success, version: HTTP/1.1)
HTTP/1.1 200 OK
Content-Type: application/json; charset=utf-8
cache-control: no-cache
content-length: 14

22:21:34.672 [AsyncHttpClient-1-14] DEBUG org.asynchttpclient.netty.channel.ChannelManager - Adding key: http://localhost:22931 for channel [id: 0xb77b1066, L:/127.0.0.1:63530 - R:localhost/127.0.0.1:22931]
22:21:34.674 [Forwarding setTimeout on session c898dafc69b7fbe3794281a7a3288504 to remote] DEBUG org.asynchttpclient.netty.request.NettyRequestSender - Using pooled Channel '[id: 0xb77b1066, L:/127.0.0.1:63530 - R:localhost/127.0.0.1:22931]' for 'POST' to 'http://localhost:22931/session/c898dafc69b7fbe3794281a7a3288504/timeouts'
22:21:34.674 [Forwarding setTimeout on session c898dafc69b7fbe3794281a7a3288504 to remote] DEBUG org.asynchttpclient.netty.request.NettyRequestSender - Using open Channel [id: 0xb77b1066, L:/127.0.0.1:63530 - R:localhost/127.0.0.1:22931] for POST '/session/c898dafc69b7fbe3794281a7a3288504/timeouts'
22:21:34.674 [AsyncHttpClient-1-14] DEBUG org.asynchttpclient.netty.handler.HttpHandler - 

Request DefaultHttpRequest(decodeResult: success, version: HTTP/1.1)
POST /session/c898dafc69b7fbe3794281a7a3288504/timeouts HTTP/1.1
User-Agent: selenium/4.7.1 (java windows)
Content-Length: 22
Content-Type: application/json; charset=utf-8
host: localhost:22931
accept: */*

Response DefaultHttpResponse(decodeResult: success, version: HTTP/1.1)
HTTP/1.1 200 OK
Content-Type: application/json; charset=utf-8
cache-control: no-cache
content-length: 14

22:21:34.674 [AsyncHttpClient-1-14] DEBUG org.asynchttpclient.netty.channel.ChannelManager - Adding key: http://localhost:22931 for channel [id: 0xb77b1066, L:/127.0.0.1:63530 - R:localhost/127.0.0.1:22931]
22:21:34.680 [Forwarding getCurrentUrl on session c898dafc69b7fbe3794281a7a3288504 to remote] DEBUG org.asynchttpclient.netty.request.NettyRequestSender - Using pooled Channel '[id: 0xb77b1066, L:/127.0.0.1:63530 - R:localhost/127.0.0.1:22931]' for 'GET' to 'http://localhost:22931/session/c898dafc69b7fbe3794281a7a3288504/url'
22:21:34.680 [Forwarding getCurrentUrl on session c898dafc69b7fbe3794281a7a3288504 to remote] DEBUG org.asynchttpclient.netty.request.NettyRequestSender - Using open Channel [id: 0xb77b1066, L:/127.0.0.1:63530 - R:localhost/127.0.0.1:22931] for GET '/session/c898dafc69b7fbe3794281a7a3288504/url'
22:21:34.696 [AsyncHttpClient-1-14] DEBUG org.asynchttpclient.netty.handler.HttpHandler - 

Request DefaultFullHttpRequest(decodeResult: success, version: HTTP/1.1, content: EmptyByteBufBE)
GET /session/c898dafc69b7fbe3794281a7a3288504/url HTTP/1.1
User-Agent: selenium/4.7.1 (java windows)
Cache-Control: no-cache
Content-Type: application/json; charset=utf-8
host: localhost:22931
accept: */*

Response DefaultHttpResponse(decodeResult: success, version: HTTP/1.1)
HTTP/1.1 200 OK
Content-Type: application/json; charset=utf-8
cache-control: no-cache
content-length: 51

22:21:34.696 [AsyncHttpClient-1-14] DEBUG org.asynchttpclient.netty.channel.ChannelManager - Adding key: http://localhost:22931 for channel [id: 0xb77b1066, L:/127.0.0.1:63530 - R:localhost/127.0.0.1:22931]
22:21:34.696 [Forwarding getCurrentUrl on session c898dafc69b7fbe3794281a7a3288504 to remote] DEBUG org.asynchttpclient.netty.request.NettyRequestSender - Using pooled Channel '[id: 0xb77b1066, L:/127.0.0.1:63530 - R:localhost/127.0.0.1:22931]' for 'GET' to 'http://localhost:22931/session/c898dafc69b7fbe3794281a7a3288504/url'
22:21:34.696 [Forwarding getCurrentUrl on session c898dafc69b7fbe3794281a7a3288504 to remote] DEBUG org.asynchttpclient.netty.request.NettyRequestSender - Using open Channel [id: 0xb77b1066, L:/127.0.0.1:63530 - R:localhost/127.0.0.1:22931] for GET '/session/c898dafc69b7fbe3794281a7a3288504/url'
22:21:34.704 [AsyncHttpClient-1-14] DEBUG org.asynchttpclient.netty.handler.HttpHandler - 

Request DefaultFullHttpRequest(decodeResult: success, version: HTTP/1.1, content: EmptyByteBufBE)
GET /session/c898dafc69b7fbe3794281a7a3288504/url HTTP/1.1
User-Agent: selenium/4.7.1 (java windows)
Cache-Control: no-cache
Content-Type: application/json; charset=utf-8
host: localhost:22931
accept: */*

Response DefaultHttpResponse(decodeResult: success, version: HTTP/1.1)
HTTP/1.1 200 OK
Content-Type: application/json; charset=utf-8
cache-control: no-cache
content-length: 51

22:21:34.704 [AsyncHttpClient-1-14] DEBUG org.asynchttpclient.netty.channel.ChannelManager - Adding key: http://localhost:22931 for channel [id: 0xb77b1066, L:/127.0.0.1:63530 - R:localhost/127.0.0.1:22931]
22:21:34.712 [Forwarding findElement on session c898dafc69b7fbe3794281a7a3288504 to remote] DEBUG org.asynchttpclient.netty.request.NettyRequestSender - Using pooled Channel '[id: 0xb77b1066, L:/127.0.0.1:63530 - R:localhost/127.0.0.1:22931]' for 'POST' to 'http://localhost:22931/session/c898dafc69b7fbe3794281a7a3288504/element'
22:21:34.712 [Forwarding findElement on session c898dafc69b7fbe3794281a7a3288504 to remote] DEBUG org.asynchttpclient.netty.request.NettyRequestSender - Using open Channel [id: 0xb77b1066, L:/127.0.0.1:63530 - R:localhost/127.0.0.1:22931] for POST '/session/c898dafc69b7fbe3794281a7a3288504/element'
22:21:34.736 [AsyncHttpClient-1-14] DEBUG org.asynchttpclient.netty.handler.HttpHandler - 

Request DefaultHttpRequest(decodeResult: success, version: HTTP/1.1)
POST /session/c898dafc69b7fbe3794281a7a3288504/element HTTP/1.1
User-Agent: selenium/4.7.1 (java windows)
Content-Length: 84
Content-Type: application/json; charset=utf-8
host: localhost:22931
accept: */*

Response DefaultHttpResponse(decodeResult: success, version: HTTP/1.1)
HTTP/1.1 200 OK
Content-Type: application/json; charset=utf-8
cache-control: no-cache
content-length: 95

22:21:34.736 [AsyncHttpClient-1-14] DEBUG org.asynchttpclient.netty.channel.ChannelManager - Adding key: http://localhost:22931 for channel [id: 0xb77b1066, L:/127.0.0.1:63530 - R:localhost/127.0.0.1:22931]
22:21:34.744 [Forwarding isElementDisplayed on session c898dafc69b7fbe3794281a7a3288504 to remote] DEBUG org.asynchttpclient.netty.request.NettyRequestSender - Using pooled Channel '[id: 0xb77b1066, L:/127.0.0.1:63530 - R:localhost/127.0.0.1:22931]' for 'POST' to 'http://localhost:22931/session/c898dafc69b7fbe3794281a7a3288504/execute/sync'
22:21:34.744 [Forwarding isElementDisplayed on session c898dafc69b7fbe3794281a7a3288504 to remote] DEBUG org.asynchttpclient.netty.request.NettyRequestSender - Using open Channel [id: 0xb77b1066, L:/127.0.0.1:63530 - R:localhost/127.0.0.1:22931] for POST '/session/c898dafc69b7fbe3794281a7a3288504/execute/sync'
22:21:34.761 [AsyncHttpClient-1-14] DEBUG org.asynchttpclient.netty.handler.HttpHandler - 

Request DefaultHttpRequest(decodeResult: success, version: HTTP/1.1)
POST /session/c898dafc69b7fbe3794281a7a3288504/execute/sync HTTP/1.1
User-Agent: selenium/4.7.1 (java windows)
Content-Length: 48787
Content-Type: application/json; charset=utf-8
host: localhost:22931
accept: */*

Response DefaultHttpResponse(decodeResult: success, version: HTTP/1.1)
HTTP/1.1 200 OK
Content-Type: application/json; charset=utf-8
cache-control: no-cache
content-length: 14

22:21:34.761 [AsyncHttpClient-1-14] DEBUG org.asynchttpclient.netty.channel.ChannelManager - Adding key: http://localhost:22931 for channel [id: 0xb77b1066, L:/127.0.0.1:63530 - R:localhost/127.0.0.1:22931]
22:21:34.768 [Forwarding isElementDisplayed on session c898dafc69b7fbe3794281a7a3288504 to remote] DEBUG org.asynchttpclient.netty.request.NettyRequestSender - Using pooled Channel '[id: 0xb77b1066, L:/127.0.0.1:63530 - R:localhost/127.0.0.1:22931]' for 'POST' to 'http://localhost:22931/session/c898dafc69b7fbe3794281a7a3288504/execute/sync'
22:21:34.768 [Forwarding isElementDisplayed on session c898dafc69b7fbe3794281a7a3288504 to remote] DEBUG org.asynchttpclient.netty.request.NettyRequestSender - Using open Channel [id: 0xb77b1066, L:/127.0.0.1:63530 - R:localhost/127.0.0.1:22931] for POST '/session/c898dafc69b7fbe3794281a7a3288504/execute/sync'
22:21:34.792 [AsyncHttpClient-1-14] DEBUG org.asynchttpclient.netty.handler.HttpHandler - 

Request DefaultHttpRequest(decodeResult: success, version: HTTP/1.1)
POST /session/c898dafc69b7fbe3794281a7a3288504/execute/sync HTTP/1.1
User-Agent: selenium/4.7.1 (java windows)
Content-Length: 48787
Content-Type: application/json; charset=utf-8
host: localhost:22931
accept: */*

Response DefaultHttpResponse(decodeResult: success, version: HTTP/1.1)
HTTP/1.1 200 OK
Content-Type: application/json; charset=utf-8
cache-control: no-cache
content-length: 14

22:21:34.792 [AsyncHttpClient-1-14] DEBUG org.asynchttpclient.netty.channel.ChannelManager - Adding key: http://localhost:22931 for channel [id: 0xb77b1066, L:/127.0.0.1:63530 - R:localhost/127.0.0.1:22931]
22:21:34.800 [Forwarding getCurrentWindowHandle on session c898dafc69b7fbe3794281a7a3288504 to remote] DEBUG org.asynchttpclient.netty.request.NettyRequestSender - Using pooled Channel '[id: 0xb77b1066, L:/127.0.0.1:63530 - R:localhost/127.0.0.1:22931]' for 'GET' to 'http://localhost:22931/session/c898dafc69b7fbe3794281a7a3288504/window'
22:21:34.800 [Forwarding getCurrentWindowHandle on session c898dafc69b7fbe3794281a7a3288504 to remote] DEBUG org.asynchttpclient.netty.request.NettyRequestSender - Using open Channel [id: 0xb77b1066, L:/127.0.0.1:63530 - R:localhost/127.0.0.1:22931] for GET '/session/c898dafc69b7fbe3794281a7a3288504/window'
22:21:34.800 [AsyncHttpClient-1-14] DEBUG org.asynchttpclient.netty.handler.HttpHandler - 

Request DefaultFullHttpRequest(decodeResult: success, version: HTTP/1.1, content: EmptyByteBufBE)
GET /session/c898dafc69b7fbe3794281a7a3288504/window HTTP/1.1
User-Agent: selenium/4.7.1 (java windows)
Cache-Control: no-cache
Content-Type: application/json; charset=utf-8
host: localhost:22931
accept: */*

Response DefaultHttpResponse(decodeResult: success, version: HTTP/1.1)
HTTP/1.1 200 OK
Content-Type: application/json; charset=utf-8
cache-control: no-cache
content-length: 44

22:21:34.800 [AsyncHttpClient-1-14] DEBUG org.asynchttpclient.netty.channel.ChannelManager - Adding key: http://localhost:22931 for channel [id: 0xb77b1066, L:/127.0.0.1:63530 - R:localhost/127.0.0.1:22931]
22:21:34.800 [Forwarding getAlertText on session c898dafc69b7fbe3794281a7a3288504 to remote] DEBUG org.asynchttpclient.netty.request.NettyRequestSender - Using pooled Channel '[id: 0xb77b1066, L:/127.0.0.1:63530 - R:localhost/127.0.0.1:22931]' for 'GET' to 'http://localhost:22931/session/c898dafc69b7fbe3794281a7a3288504/alert/text'
22:21:34.800 [Forwarding getAlertText on session c898dafc69b7fbe3794281a7a3288504 to remote] DEBUG org.asynchttpclient.netty.request.NettyRequestSender - Using open Channel [id: 0xb77b1066, L:/127.0.0.1:63530 - R:localhost/127.0.0.1:22931] for GET '/session/c898dafc69b7fbe3794281a7a3288504/alert/text'
22:21:34.800 [AsyncHttpClient-1-14] DEBUG org.asynchttpclient.netty.handler.HttpHandler - 

Request DefaultFullHttpRequest(decodeResult: success, version: HTTP/1.1, content: EmptyByteBufBE)
GET /session/c898dafc69b7fbe3794281a7a3288504/alert/text HTTP/1.1
User-Agent: selenium/4.7.1 (java windows)
Cache-Control: no-cache
Content-Type: application/json; charset=utf-8
host: localhost:22931
accept: */*

Response DefaultHttpResponse(decodeResult: success, version: HTTP/1.1)
HTTP/1.1 404 Not Found
Content-Type: application/json; charset=utf-8
cache-control: no-cache
content-length: 821

22:21:34.800 [AsyncHttpClient-1-14] DEBUG org.asynchttpclient.netty.channel.ChannelManager - Adding key: http://localhost:22931 for channel [id: 0xb77b1066, L:/127.0.0.1:63530 - R:localhost/127.0.0.1:22931]
22:21:34.808 [Forwarding switchToWindow on session c898dafc69b7fbe3794281a7a3288504 to remote] DEBUG org.asynchttpclient.netty.request.NettyRequestSender - Using pooled Channel '[id: 0xb77b1066, L:/127.0.0.1:63530 - R:localhost/127.0.0.1:22931]' for 'POST' to 'http://localhost:22931/session/c898dafc69b7fbe3794281a7a3288504/window'
22:21:34.808 [Forwarding switchToWindow on session c898dafc69b7fbe3794281a7a3288504 to remote] DEBUG org.asynchttpclient.netty.request.NettyRequestSender - Using open Channel [id: 0xb77b1066, L:/127.0.0.1:63530 - R:localhost/127.0.0.1:22931] for POST '/session/c898dafc69b7fbe3794281a7a3288504/window'
22:21:34.808 [AsyncHttpClient-1-14] DEBUG org.asynchttpclient.netty.handler.HttpHandler - 

Request DefaultHttpRequest(decodeResult: success, version: HTTP/1.1)
POST /session/c898dafc69b7fbe3794281a7a3288504/window HTTP/1.1
User-Agent: selenium/4.7.1 (java windows)
Content-Length: 50
Content-Type: application/json; charset=utf-8
host: localhost:22931
accept: */*

Response DefaultHttpResponse(decodeResult: success, version: HTTP/1.1)
HTTP/1.1 200 OK
Content-Type: application/json; charset=utf-8
cache-control: no-cache
content-length: 14

22:21:34.808 [AsyncHttpClient-1-14] DEBUG org.asynchttpclient.netty.channel.ChannelManager - Adding key: http://localhost:22931 for channel [id: 0xb77b1066, L:/127.0.0.1:63530 - R:localhost/127.0.0.1:22931]
22:21:34.816 [Forwarding getCurrentUrl on session c898dafc69b7fbe3794281a7a3288504 to remote] DEBUG org.asynchttpclient.netty.request.NettyRequestSender - Using pooled Channel '[id: 0xb77b1066, L:/127.0.0.1:63530 - R:localhost/127.0.0.1:22931]' for 'GET' to 'http://localhost:22931/session/c898dafc69b7fbe3794281a7a3288504/url'
22:21:34.816 [Forwarding getCurrentUrl on session c898dafc69b7fbe3794281a7a3288504 to remote] DEBUG org.asynchttpclient.netty.request.NettyRequestSender - Using open Channel [id: 0xb77b1066, L:/127.0.0.1:63530 - R:localhost/127.0.0.1:22931] for GET '/session/c898dafc69b7fbe3794281a7a3288504/url'
22:21:34.824 [AsyncHttpClient-1-14] DEBUG org.asynchttpclient.netty.handler.HttpHandler - 

Request DefaultFullHttpRequest(decodeResult: success, version: HTTP/1.1, content: EmptyByteBufBE)
GET /session/c898dafc69b7fbe3794281a7a3288504/url HTTP/1.1
User-Agent: selenium/4.7.1 (java windows)
Cache-Control: no-cache
Content-Type: application/json; charset=utf-8
host: localhost:22931
accept: */*

Response DefaultHttpResponse(decodeResult: success, version: HTTP/1.1)
HTTP/1.1 200 OK
Content-Type: application/json; charset=utf-8
cache-control: no-cache
content-length: 51

22:21:34.824 [AsyncHttpClient-1-14] DEBUG org.asynchttpclient.netty.channel.ChannelManager - Adding key: http://localhost:22931 for channel [id: 0xb77b1066, L:/127.0.0.1:63530 - R:localhost/127.0.0.1:22931]
22:21:34.824 [Forwarding screenshot on session c898dafc69b7fbe3794281a7a3288504 to remote] DEBUG org.asynchttpclient.netty.request.NettyRequestSender - Using pooled Channel '[id: 0xb77b1066, L:/127.0.0.1:63530 - R:localhost/127.0.0.1:22931]' for 'GET' to 'http://localhost:22931/session/c898dafc69b7fbe3794281a7a3288504/screenshot'
22:21:34.824 [Forwarding screenshot on session c898dafc69b7fbe3794281a7a3288504 to remote] DEBUG org.asynchttpclient.netty.request.NettyRequestSender - Using open Channel [id: 0xb77b1066, L:/127.0.0.1:63530 - R:localhost/127.0.0.1:22931] for GET '/session/c898dafc69b7fbe3794281a7a3288504/screenshot'
22:21:34.984 [AsyncHttpClient-1-14] DEBUG org.asynchttpclient.netty.handler.HttpHandler - 

Request DefaultFullHttpRequest(decodeResult: success, version: HTTP/1.1, content: EmptyByteBufBE)
GET /session/c898dafc69b7fbe3794281a7a3288504/screenshot HTTP/1.1
User-Agent: selenium/4.7.1 (java windows)
Cache-Control: no-cache
Content-Type: application/json; charset=utf-8
host: localhost:22931
accept: */*

Response DefaultHttpResponse(decodeResult: success, version: HTTP/1.1)
HTTP/1.1 200 OK
Content-Type: application/json; charset=utf-8
cache-control: no-cache
content-length: 190072

22:21:34.984 [AsyncHttpClient-1-14] DEBUG org.asynchttpclient.netty.channel.ChannelManager - Adding key: http://localhost:22931 for channel [id: 0xb77b1066, L:/127.0.0.1:63530 - R:localhost/127.0.0.1:22931]
22:21:34.992 [main] DEBUG net.serenitybdd.core.photography.Darkroom - Send negative for processing for target\site\serenity\d1261d317105f2022b291c8c21a98672b375594a0da6ede8cb611245ceac006a.png
22:21:34.992 [main] DEBUG net.thucydides.core.steps.StepInterceptor - STEP DONE: diHomepageSkuyPay
22:21:34.992 [main] DEBUG net.thucydides.core.steps.StepInterceptor - STARTING STEP: TransaksiSteps.adminMelakukanLoginAkun - inputfieldemail
22:21:35.000 [Forwarding findElement on session c898dafc69b7fbe3794281a7a3288504 to remote] DEBUG org.asynchttpclient.netty.request.NettyRequestSender - Using pooled Channel '[id: 0xb77b1066, L:/127.0.0.1:63530 - R:localhost/127.0.0.1:22931]' for 'POST' to 'http://localhost:22931/session/c898dafc69b7fbe3794281a7a3288504/element'
22:21:35.000 [Forwarding findElement on session c898dafc69b7fbe3794281a7a3288504 to remote] DEBUG org.asynchttpclient.netty.request.NettyRequestSender - Using open Channel [id: 0xb77b1066, L:/127.0.0.1:63530 - R:localhost/127.0.0.1:22931] for POST '/session/c898dafc69b7fbe3794281a7a3288504/element'
22:21:35.016 [AsyncHttpClient-1-14] DEBUG org.asynchttpclient.netty.handler.HttpHandler - 

Request DefaultHttpRequest(decodeResult: success, version: HTTP/1.1)
POST /session/c898dafc69b7fbe3794281a7a3288504/element HTTP/1.1
User-Agent: selenium/4.7.1 (java windows)
Content-Length: 84
Content-Type: application/json; charset=utf-8
host: localhost:22931
accept: */*

Response DefaultHttpResponse(decodeResult: success, version: HTTP/1.1)
HTTP/1.1 200 OK
Content-Type: application/json; charset=utf-8
cache-control: no-cache
content-length: 95

22:21:35.016 [AsyncHttpClient-1-14] DEBUG org.asynchttpclient.netty.channel.ChannelManager - Adding key: http://localhost:22931 for channel [id: 0xb77b1066, L:/127.0.0.1:63530 - R:localhost/127.0.0.1:22931]
22:21:35.016 [Forwarding getElementTagName on session c898dafc69b7fbe3794281a7a3288504 to remote] DEBUG org.asynchttpclient.netty.request.NettyRequestSender - Using pooled Channel '[id: 0xb77b1066, L:/127.0.0.1:63530 - R:localhost/127.0.0.1:22931]' for 'GET' to 'http://localhost:22931/session/c898dafc69b7fbe3794281a7a3288504/element/B868A0C7555180E4A36C22A5C448EA29_element_11/name'
22:21:35.016 [Forwarding getElementTagName on session c898dafc69b7fbe3794281a7a3288504 to remote] DEBUG org.asynchttpclient.netty.request.NettyRequestSender - Using open Channel [id: 0xb77b1066, L:/127.0.0.1:63530 - R:localhost/127.0.0.1:22931] for GET '/session/c898dafc69b7fbe3794281a7a3288504/element/B868A0C7555180E4A36C22A5C448EA29_element_11/name'
22:21:35.024 [AsyncHttpClient-1-14] DEBUG org.asynchttpclient.netty.handler.HttpHandler - 

Request DefaultFullHttpRequest(decodeResult: success, version: HTTP/1.1, content: EmptyByteBufBE)
GET /session/c898dafc69b7fbe3794281a7a3288504/element/B868A0C7555180E4A36C22A5C448EA29_element_11/name HTTP/1.1
User-Agent: selenium/4.7.1 (java windows)
Cache-Control: no-cache
Content-Type: application/json; charset=utf-8
host: localhost:22931
accept: */*

Response DefaultHttpResponse(decodeResult: success, version: HTTP/1.1)
HTTP/1.1 200 OK
Content-Type: application/json; charset=utf-8
cache-control: no-cache
content-length: 17

22:21:35.024 [AsyncHttpClient-1-14] DEBUG org.asynchttpclient.netty.channel.ChannelManager - Adding key: http://localhost:22931 for channel [id: 0xb77b1066, L:/127.0.0.1:63530 - R:localhost/127.0.0.1:22931]
22:21:35.024 [Forwarding getElementTagName on session c898dafc69b7fbe3794281a7a3288504 to remote] DEBUG org.asynchttpclient.netty.request.NettyRequestSender - Using pooled Channel '[id: 0xb77b1066, L:/127.0.0.1:63530 - R:localhost/127.0.0.1:22931]' for 'GET' to 'http://localhost:22931/session/c898dafc69b7fbe3794281a7a3288504/element/B868A0C7555180E4A36C22A5C448EA29_element_11/name'
22:21:35.024 [Forwarding getElementTagName on session c898dafc69b7fbe3794281a7a3288504 to remote] DEBUG org.asynchttpclient.netty.request.NettyRequestSender - Using open Channel [id: 0xb77b1066, L:/127.0.0.1:63530 - R:localhost/127.0.0.1:22931] for GET '/session/c898dafc69b7fbe3794281a7a3288504/element/B868A0C7555180E4A36C22A5C448EA29_element_11/name'
22:21:35.032 [AsyncHttpClient-1-14] DEBUG org.asynchttpclient.netty.handler.HttpHandler - 

Request DefaultFullHttpRequest(decodeResult: success, version: HTTP/1.1, content: EmptyByteBufBE)
GET /session/c898dafc69b7fbe3794281a7a3288504/element/B868A0C7555180E4A36C22A5C448EA29_element_11/name HTTP/1.1
User-Agent: selenium/4.7.1 (java windows)
Cache-Control: no-cache
Content-Type: application/json; charset=utf-8
host: localhost:22931
accept: */*

Response DefaultHttpResponse(decodeResult: success, version: HTTP/1.1)
HTTP/1.1 200 OK
Content-Type: application/json; charset=utf-8
cache-control: no-cache
content-length: 17

22:21:35.032 [AsyncHttpClient-1-14] DEBUG org.asynchttpclient.netty.channel.ChannelManager - Adding key: http://localhost:22931 for channel [id: 0xb77b1066, L:/127.0.0.1:63530 - R:localhost/127.0.0.1:22931]
22:21:35.040 [Forwarding isElementEnabled on session c898dafc69b7fbe3794281a7a3288504 to remote] DEBUG org.asynchttpclient.netty.request.NettyRequestSender - Using pooled Channel '[id: 0xb77b1066, L:/127.0.0.1:63530 - R:localhost/127.0.0.1:22931]' for 'GET' to 'http://localhost:22931/session/c898dafc69b7fbe3794281a7a3288504/element/B868A0C7555180E4A36C22A5C448EA29_element_11/enabled'
22:21:35.040 [Forwarding isElementEnabled on session c898dafc69b7fbe3794281a7a3288504 to remote] DEBUG org.asynchttpclient.netty.request.NettyRequestSender - Using open Channel [id: 0xb77b1066, L:/127.0.0.1:63530 - R:localhost/127.0.0.1:22931] for GET '/session/c898dafc69b7fbe3794281a7a3288504/element/B868A0C7555180E4A36C22A5C448EA29_element_11/enabled'
22:21:35.056 [AsyncHttpClient-1-14] DEBUG org.asynchttpclient.netty.handler.HttpHandler - 

Request DefaultFullHttpRequest(decodeResult: success, version: HTTP/1.1, content: EmptyByteBufBE)
GET /session/c898dafc69b7fbe3794281a7a3288504/element/B868A0C7555180E4A36C22A5C448EA29_element_11/enabled HTTP/1.1
User-Agent: selenium/4.7.1 (java windows)
Cache-Control: no-cache
Content-Type: application/json; charset=utf-8
host: localhost:22931
accept: */*

Response DefaultHttpResponse(decodeResult: success, version: HTTP/1.1)
HTTP/1.1 200 OK
Content-Type: application/json; charset=utf-8
cache-control: no-cache
content-length: 14

22:21:35.056 [AsyncHttpClient-1-14] DEBUG org.asynchttpclient.netty.channel.ChannelManager - Adding key: http://localhost:22931 for channel [id: 0xb77b1066, L:/127.0.0.1:63530 - R:localhost/127.0.0.1:22931]
22:21:35.056 [Forwarding isElementEnabled on session c898dafc69b7fbe3794281a7a3288504 to remote] DEBUG org.asynchttpclient.netty.request.NettyRequestSender - Using pooled Channel '[id: 0xb77b1066, L:/127.0.0.1:63530 - R:localhost/127.0.0.1:22931]' for 'GET' to 'http://localhost:22931/session/c898dafc69b7fbe3794281a7a3288504/element/B868A0C7555180E4A36C22A5C448EA29_element_11/enabled'
22:21:35.056 [Forwarding isElementEnabled on session c898dafc69b7fbe3794281a7a3288504 to remote] DEBUG org.asynchttpclient.netty.request.NettyRequestSender - Using open Channel [id: 0xb77b1066, L:/127.0.0.1:63530 - R:localhost/127.0.0.1:22931] for GET '/session/c898dafc69b7fbe3794281a7a3288504/element/B868A0C7555180E4A36C22A5C448EA29_element_11/enabled'
22:21:35.075 [AsyncHttpClient-1-14] DEBUG org.asynchttpclient.netty.handler.HttpHandler - 

Request DefaultFullHttpRequest(decodeResult: success, version: HTTP/1.1, content: EmptyByteBufBE)
GET /session/c898dafc69b7fbe3794281a7a3288504/element/B868A0C7555180E4A36C22A5C448EA29_element_11/enabled HTTP/1.1
User-Agent: selenium/4.7.1 (java windows)
Cache-Control: no-cache
Content-Type: application/json; charset=utf-8
host: localhost:22931
accept: */*

Response DefaultHttpResponse(decodeResult: success, version: HTTP/1.1)
HTTP/1.1 200 OK
Content-Type: application/json; charset=utf-8
cache-control: no-cache
content-length: 14

22:21:35.075 [AsyncHttpClient-1-14] DEBUG org.asynchttpclient.netty.channel.ChannelManager - Adding key: http://localhost:22931 for channel [id: 0xb77b1066, L:/127.0.0.1:63530 - R:localhost/127.0.0.1:22931]
22:21:35.080 [Forwarding findElement on session c898dafc69b7fbe3794281a7a3288504 to remote] DEBUG org.asynchttpclient.netty.request.NettyRequestSender - Using pooled Channel '[id: 0xb77b1066, L:/127.0.0.1:63530 - R:localhost/127.0.0.1:22931]' for 'POST' to 'http://localhost:22931/session/c898dafc69b7fbe3794281a7a3288504/element'
22:21:35.080 [Forwarding findElement on session c898dafc69b7fbe3794281a7a3288504 to remote] DEBUG org.asynchttpclient.netty.request.NettyRequestSender - Using open Channel [id: 0xb77b1066, L:/127.0.0.1:63530 - R:localhost/127.0.0.1:22931] for POST '/session/c898dafc69b7fbe3794281a7a3288504/element'
22:21:35.104 [AsyncHttpClient-1-14] DEBUG org.asynchttpclient.netty.handler.HttpHandler - 

Request DefaultHttpRequest(decodeResult: success, version: HTTP/1.1)
POST /session/c898dafc69b7fbe3794281a7a3288504/element HTTP/1.1
User-Agent: selenium/4.7.1 (java windows)
Content-Length: 84
Content-Type: application/json; charset=utf-8
host: localhost:22931
accept: */*

Response DefaultHttpResponse(decodeResult: success, version: HTTP/1.1)
HTTP/1.1 200 OK
Content-Type: application/json; charset=utf-8
cache-control: no-cache
content-length: 95

22:21:35.104 [AsyncHttpClient-1-14] DEBUG org.asynchttpclient.netty.channel.ChannelManager - Adding key: http://localhost:22931 for channel [id: 0xb77b1066, L:/127.0.0.1:63530 - R:localhost/127.0.0.1:22931]
22:21:35.104 [Forwarding clickElement on session c898dafc69b7fbe3794281a7a3288504 to remote] DEBUG org.asynchttpclient.netty.request.NettyRequestSender - Using pooled Channel '[id: 0xb77b1066, L:/127.0.0.1:63530 - R:localhost/127.0.0.1:22931]' for 'POST' to 'http://localhost:22931/session/c898dafc69b7fbe3794281a7a3288504/element/B868A0C7555180E4A36C22A5C448EA29_element_11/click'
22:21:35.104 [Forwarding clickElement on session c898dafc69b7fbe3794281a7a3288504 to remote] DEBUG org.asynchttpclient.netty.request.NettyRequestSender - Using open Channel [id: 0xb77b1066, L:/127.0.0.1:63530 - R:localhost/127.0.0.1:22931] for POST '/session/c898dafc69b7fbe3794281a7a3288504/element/B868A0C7555180E4A36C22A5C448EA29_element_11/click'
22:21:35.112 [AsyncHttpClient-1-1] DEBUG org.asynchttpclient.netty.channel.DefaultChannelPool - Entry count for : http://localhost:63532 : 1
22:21:35.248 [AsyncHttpClient-1-14] DEBUG org.asynchttpclient.netty.handler.HttpHandler - 

Request DefaultHttpRequest(decodeResult: success, version: HTTP/1.1)
POST /session/c898dafc69b7fbe3794281a7a3288504/element/B868A0C7555180E4A36C22A5C448EA29_element_11/click HTTP/1.1
User-Agent: selenium/4.7.1 (java windows)
Content-Length: 57
Content-Type: application/json; charset=utf-8
host: localhost:22931
accept: */*

Response DefaultHttpResponse(decodeResult: success, version: HTTP/1.1)
HTTP/1.1 200 OK
Content-Type: application/json; charset=utf-8
cache-control: no-cache
content-length: 14

22:21:35.248 [AsyncHttpClient-1-14] DEBUG org.asynchttpclient.netty.channel.ChannelManager - Adding key: http://localhost:22931 for channel [id: 0xb77b1066, L:/127.0.0.1:63530 - R:localhost/127.0.0.1:22931]
22:21:35.256 [Forwarding findElement on session c898dafc69b7fbe3794281a7a3288504 to remote] DEBUG org.asynchttpclient.netty.request.NettyRequestSender - Using pooled Channel '[id: 0xb77b1066, L:/127.0.0.1:63530 - R:localhost/127.0.0.1:22931]' for 'POST' to 'http://localhost:22931/session/c898dafc69b7fbe3794281a7a3288504/element'
22:21:35.256 [Forwarding findElement on session c898dafc69b7fbe3794281a7a3288504 to remote] DEBUG org.asynchttpclient.netty.request.NettyRequestSender - Using open Channel [id: 0xb77b1066, L:/127.0.0.1:63530 - R:localhost/127.0.0.1:22931] for POST '/session/c898dafc69b7fbe3794281a7a3288504/element'
22:21:35.275 [AsyncHttpClient-1-14] DEBUG org.asynchttpclient.netty.handler.HttpHandler - 

Request DefaultHttpRequest(decodeResult: success, version: HTTP/1.1)
POST /session/c898dafc69b7fbe3794281a7a3288504/element HTTP/1.1
User-Agent: selenium/4.7.1 (java windows)
Content-Length: 84
Content-Type: application/json; charset=utf-8
host: localhost:22931
accept: */*

Response DefaultHttpResponse(decodeResult: success, version: HTTP/1.1)
HTTP/1.1 200 OK
Content-Type: application/json; charset=utf-8
cache-control: no-cache
content-length: 95

22:21:35.275 [AsyncHttpClient-1-14] DEBUG org.asynchttpclient.netty.channel.ChannelManager - Adding key: http://localhost:22931 for channel [id: 0xb77b1066, L:/127.0.0.1:63530 - R:localhost/127.0.0.1:22931]
22:21:35.280 [Forwarding clearElement on session c898dafc69b7fbe3794281a7a3288504 to remote] DEBUG org.asynchttpclient.netty.request.NettyRequestSender - Using pooled Channel '[id: 0xb77b1066, L:/127.0.0.1:63530 - R:localhost/127.0.0.1:22931]' for 'POST' to 'http://localhost:22931/session/c898dafc69b7fbe3794281a7a3288504/element/B868A0C7555180E4A36C22A5C448EA29_element_11/clear'
22:21:35.280 [Forwarding clearElement on session c898dafc69b7fbe3794281a7a3288504 to remote] DEBUG org.asynchttpclient.netty.request.NettyRequestSender - Using open Channel [id: 0xb77b1066, L:/127.0.0.1:63530 - R:localhost/127.0.0.1:22931] for POST '/session/c898dafc69b7fbe3794281a7a3288504/element/B868A0C7555180E4A36C22A5C448EA29_element_11/clear'
22:21:35.328 [AsyncHttpClient-1-14] DEBUG org.asynchttpclient.netty.handler.HttpHandler - 

Request DefaultHttpRequest(decodeResult: success, version: HTTP/1.1)
POST /session/c898dafc69b7fbe3794281a7a3288504/element/B868A0C7555180E4A36C22A5C448EA29_element_11/clear HTTP/1.1
User-Agent: selenium/4.7.1 (java windows)
Content-Length: 57
Content-Type: application/json; charset=utf-8
host: localhost:22931
accept: */*

Response DefaultHttpResponse(decodeResult: success, version: HTTP/1.1)
HTTP/1.1 200 OK
Content-Type: application/json; charset=utf-8
cache-control: no-cache
content-length: 14

22:21:35.328 [AsyncHttpClient-1-14] DEBUG org.asynchttpclient.netty.channel.ChannelManager - Adding key: http://localhost:22931 for channel [id: 0xb77b1066, L:/127.0.0.1:63530 - R:localhost/127.0.0.1:22931]
22:21:35.336 [Forwarding sendKeysToElement on session c898dafc69b7fbe3794281a7a3288504 to remote] DEBUG org.asynchttpclient.netty.request.NettyRequestSender - Using pooled Channel '[id: 0xb77b1066, L:/127.0.0.1:63530 - R:localhost/127.0.0.1:22931]' for 'POST' to 'http://localhost:22931/session/c898dafc69b7fbe3794281a7a3288504/element/B868A0C7555180E4A36C22A5C448EA29_element_11/value'
22:21:35.336 [Forwarding sendKeysToElement on session c898dafc69b7fbe3794281a7a3288504 to remote] DEBUG org.asynchttpclient.netty.request.NettyRequestSender - Using open Channel [id: 0xb77b1066, L:/127.0.0.1:63530 - R:localhost/127.0.0.1:22931] for POST '/session/c898dafc69b7fbe3794281a7a3288504/element/B868A0C7555180E4A36C22A5C448EA29_element_11/value'
22:21:35.496 [AsyncHttpClient-1-14] DEBUG org.asynchttpclient.netty.handler.HttpHandler - 

Request DefaultHttpRequest(decodeResult: success, version: HTTP/1.1)
POST /session/c898dafc69b7fbe3794281a7a3288504/element/B868A0C7555180E4A36C22A5C448EA29_element_11/value HTTP/1.1
User-Agent: selenium/4.7.1 (java windows)
Content-Length: 228
Content-Type: application/json; charset=utf-8
host: localhost:22931
accept: */*

Response DefaultHttpResponse(decodeResult: success, version: HTTP/1.1)
HTTP/1.1 200 OK
Content-Type: application/json; charset=utf-8
cache-control: no-cache
content-length: 14

22:21:35.496 [AsyncHttpClient-1-14] DEBUG org.asynchttpclient.netty.channel.ChannelManager - Adding key: http://localhost:22931 for channel [id: 0xb77b1066, L:/127.0.0.1:63530 - R:localhost/127.0.0.1:22931]
22:21:35.512 [Forwarding getCurrentWindowHandle on session c898dafc69b7fbe3794281a7a3288504 to remote] DEBUG org.asynchttpclient.netty.request.NettyRequestSender - Using pooled Channel '[id: 0xb77b1066, L:/127.0.0.1:63530 - R:localhost/127.0.0.1:22931]' for 'GET' to 'http://localhost:22931/session/c898dafc69b7fbe3794281a7a3288504/window'
22:21:35.512 [Forwarding getCurrentWindowHandle on session c898dafc69b7fbe3794281a7a3288504 to remote] DEBUG org.asynchttpclient.netty.request.NettyRequestSender - Using open Channel [id: 0xb77b1066, L:/127.0.0.1:63530 - R:localhost/127.0.0.1:22931] for GET '/session/c898dafc69b7fbe3794281a7a3288504/window'
22:21:35.512 [AsyncHttpClient-1-14] DEBUG org.asynchttpclient.netty.handler.HttpHandler - 

Request DefaultFullHttpRequest(decodeResult: success, version: HTTP/1.1, content: EmptyByteBufBE)
GET /session/c898dafc69b7fbe3794281a7a3288504/window HTTP/1.1
User-Agent: selenium/4.7.1 (java windows)
Cache-Control: no-cache
Content-Type: application/json; charset=utf-8
host: localhost:22931
accept: */*

Response DefaultHttpResponse(decodeResult: success, version: HTTP/1.1)
HTTP/1.1 200 OK
Content-Type: application/json; charset=utf-8
cache-control: no-cache
content-length: 44

22:21:35.512 [AsyncHttpClient-1-14] DEBUG org.asynchttpclient.netty.channel.ChannelManager - Adding key: http://localhost:22931 for channel [id: 0xb77b1066, L:/127.0.0.1:63530 - R:localhost/127.0.0.1:22931]
22:21:35.512 [Forwarding getAlertText on session c898dafc69b7fbe3794281a7a3288504 to remote] DEBUG org.asynchttpclient.netty.request.NettyRequestSender - Using pooled Channel '[id: 0xb77b1066, L:/127.0.0.1:63530 - R:localhost/127.0.0.1:22931]' for 'GET' to 'http://localhost:22931/session/c898dafc69b7fbe3794281a7a3288504/alert/text'
22:21:35.512 [Forwarding getAlertText on session c898dafc69b7fbe3794281a7a3288504 to remote] DEBUG org.asynchttpclient.netty.request.NettyRequestSender - Using open Channel [id: 0xb77b1066, L:/127.0.0.1:63530 - R:localhost/127.0.0.1:22931] for GET '/session/c898dafc69b7fbe3794281a7a3288504/alert/text'
22:21:35.512 [AsyncHttpClient-1-14] DEBUG org.asynchttpclient.netty.handler.HttpHandler - 

Request DefaultFullHttpRequest(decodeResult: success, version: HTTP/1.1, content: EmptyByteBufBE)
GET /session/c898dafc69b7fbe3794281a7a3288504/alert/text HTTP/1.1
User-Agent: selenium/4.7.1 (java windows)
Cache-Control: no-cache
Content-Type: application/json; charset=utf-8
host: localhost:22931
accept: */*

Response DefaultHttpResponse(decodeResult: success, version: HTTP/1.1)
HTTP/1.1 404 Not Found
Content-Type: application/json; charset=utf-8
cache-control: no-cache
content-length: 821

22:21:35.512 [AsyncHttpClient-1-14] DEBUG org.asynchttpclient.netty.channel.ChannelManager - Adding key: http://localhost:22931 for channel [id: 0xb77b1066, L:/127.0.0.1:63530 - R:localhost/127.0.0.1:22931]
22:21:35.520 [Forwarding switchToWindow on session c898dafc69b7fbe3794281a7a3288504 to remote] DEBUG org.asynchttpclient.netty.request.NettyRequestSender - Using pooled Channel '[id: 0xb77b1066, L:/127.0.0.1:63530 - R:localhost/127.0.0.1:22931]' for 'POST' to 'http://localhost:22931/session/c898dafc69b7fbe3794281a7a3288504/window'
22:21:35.520 [Forwarding switchToWindow on session c898dafc69b7fbe3794281a7a3288504 to remote] DEBUG org.asynchttpclient.netty.request.NettyRequestSender - Using open Channel [id: 0xb77b1066, L:/127.0.0.1:63530 - R:localhost/127.0.0.1:22931] for POST '/session/c898dafc69b7fbe3794281a7a3288504/window'
22:21:35.520 [AsyncHttpClient-1-14] DEBUG org.asynchttpclient.netty.handler.HttpHandler - 

Request DefaultHttpRequest(decodeResult: success, version: HTTP/1.1)
POST /session/c898dafc69b7fbe3794281a7a3288504/window HTTP/1.1
User-Agent: selenium/4.7.1 (java windows)
Content-Length: 50
Content-Type: application/json; charset=utf-8
host: localhost:22931
accept: */*

Response DefaultHttpResponse(decodeResult: success, version: HTTP/1.1)
HTTP/1.1 200 OK
Content-Type: application/json; charset=utf-8
cache-control: no-cache
content-length: 14

22:21:35.520 [AsyncHttpClient-1-14] DEBUG org.asynchttpclient.netty.channel.ChannelManager - Adding key: http://localhost:22931 for channel [id: 0xb77b1066, L:/127.0.0.1:63530 - R:localhost/127.0.0.1:22931]
22:21:35.520 [Forwarding getCurrentUrl on session c898dafc69b7fbe3794281a7a3288504 to remote] DEBUG org.asynchttpclient.netty.request.NettyRequestSender - Using pooled Channel '[id: 0xb77b1066, L:/127.0.0.1:63530 - R:localhost/127.0.0.1:22931]' for 'GET' to 'http://localhost:22931/session/c898dafc69b7fbe3794281a7a3288504/url'
22:21:35.520 [Forwarding getCurrentUrl on session c898dafc69b7fbe3794281a7a3288504 to remote] DEBUG org.asynchttpclient.netty.request.NettyRequestSender - Using open Channel [id: 0xb77b1066, L:/127.0.0.1:63530 - R:localhost/127.0.0.1:22931] for GET '/session/c898dafc69b7fbe3794281a7a3288504/url'
22:21:35.528 [AsyncHttpClient-1-14] DEBUG org.asynchttpclient.netty.handler.HttpHandler - 

Request DefaultFullHttpRequest(decodeResult: success, version: HTTP/1.1, content: EmptyByteBufBE)
GET /session/c898dafc69b7fbe3794281a7a3288504/url HTTP/1.1
User-Agent: selenium/4.7.1 (java windows)
Cache-Control: no-cache
Content-Type: application/json; charset=utf-8
host: localhost:22931
accept: */*

Response DefaultHttpResponse(decodeResult: success, version: HTTP/1.1)
HTTP/1.1 200 OK
Content-Type: application/json; charset=utf-8
cache-control: no-cache
content-length: 51

22:21:35.528 [AsyncHttpClient-1-14] DEBUG org.asynchttpclient.netty.channel.ChannelManager - Adding key: http://localhost:22931 for channel [id: 0xb77b1066, L:/127.0.0.1:63530 - R:localhost/127.0.0.1:22931]
22:21:35.536 [Forwarding screenshot on session c898dafc69b7fbe3794281a7a3288504 to remote] DEBUG org.asynchttpclient.netty.request.NettyRequestSender - Using pooled Channel '[id: 0xb77b1066, L:/127.0.0.1:63530 - R:localhost/127.0.0.1:22931]' for 'GET' to 'http://localhost:22931/session/c898dafc69b7fbe3794281a7a3288504/screenshot'
22:21:35.536 [Forwarding screenshot on session c898dafc69b7fbe3794281a7a3288504 to remote] DEBUG org.asynchttpclient.netty.request.NettyRequestSender - Using open Channel [id: 0xb77b1066, L:/127.0.0.1:63530 - R:localhost/127.0.0.1:22931] for GET '/session/c898dafc69b7fbe3794281a7a3288504/screenshot'
22:21:35.699 [AsyncHttpClient-1-14] DEBUG org.asynchttpclient.netty.handler.HttpHandler - 

Request DefaultFullHttpRequest(decodeResult: success, version: HTTP/1.1, content: EmptyByteBufBE)
GET /session/c898dafc69b7fbe3794281a7a3288504/screenshot HTTP/1.1
User-Agent: selenium/4.7.1 (java windows)
Cache-Control: no-cache
Content-Type: application/json; charset=utf-8
host: localhost:22931
accept: */*

Response DefaultHttpResponse(decodeResult: success, version: HTTP/1.1)
HTTP/1.1 200 OK
Content-Type: application/json; charset=utf-8
cache-control: no-cache
content-length: 192440

22:21:35.699 [AsyncHttpClient-1-14] DEBUG org.asynchttpclient.netty.channel.ChannelManager - Adding key: http://localhost:22931 for channel [id: 0xb77b1066, L:/127.0.0.1:63530 - R:localhost/127.0.0.1:22931]
22:21:35.707 [main] DEBUG net.serenitybdd.core.photography.Darkroom - Send negative for processing for target\site\serenity\82af9b4d23dce5d2c172b7bd1d3eac742b4703310d0937898c7393eb58671bd7.png
22:21:35.707 [main] DEBUG net.thucydides.core.steps.StepInterceptor - STEP DONE: inputfieldemail
22:21:35.715 [main] DEBUG net.thucydides.core.steps.StepInterceptor - STARTING STEP: TransaksiSteps.adminMelakukanLoginAkun - inputfieldpassword
22:21:35.715 [Forwarding findElement on session c898dafc69b7fbe3794281a7a3288504 to remote] DEBUG org.asynchttpclient.netty.request.NettyRequestSender - Using pooled Channel '[id: 0xb77b1066, L:/127.0.0.1:63530 - R:localhost/127.0.0.1:22931]' for 'POST' to 'http://localhost:22931/session/c898dafc69b7fbe3794281a7a3288504/element'
22:21:35.715 [Forwarding findElement on session c898dafc69b7fbe3794281a7a3288504 to remote] DEBUG org.asynchttpclient.netty.request.NettyRequestSender - Using open Channel [id: 0xb77b1066, L:/127.0.0.1:63530 - R:localhost/127.0.0.1:22931] for POST '/session/c898dafc69b7fbe3794281a7a3288504/element'
22:21:35.739 [AsyncHttpClient-1-14] DEBUG org.asynchttpclient.netty.handler.HttpHandler - 

Request DefaultHttpRequest(decodeResult: success, version: HTTP/1.1)
POST /session/c898dafc69b7fbe3794281a7a3288504/element HTTP/1.1
User-Agent: selenium/4.7.1 (java windows)
Content-Length: 72
Content-Type: application/json; charset=utf-8
host: localhost:22931
accept: */*

Response DefaultHttpResponse(decodeResult: success, version: HTTP/1.1)
HTTP/1.1 200 OK
Content-Type: application/json; charset=utf-8
cache-control: no-cache
content-length: 94

22:21:35.739 [AsyncHttpClient-1-14] DEBUG org.asynchttpclient.netty.channel.ChannelManager - Adding key: http://localhost:22931 for channel [id: 0xb77b1066, L:/127.0.0.1:63530 - R:localhost/127.0.0.1:22931]
22:21:35.739 [Forwarding getElementTagName on session c898dafc69b7fbe3794281a7a3288504 to remote] DEBUG org.asynchttpclient.netty.request.NettyRequestSender - Using pooled Channel '[id: 0xb77b1066, L:/127.0.0.1:63530 - R:localhost/127.0.0.1:22931]' for 'GET' to 'http://localhost:22931/session/c898dafc69b7fbe3794281a7a3288504/element/B868A0C7555180E4A36C22A5C448EA29_element_5/name'
22:21:35.739 [Forwarding getElementTagName on session c898dafc69b7fbe3794281a7a3288504 to remote] DEBUG org.asynchttpclient.netty.request.NettyRequestSender - Using open Channel [id: 0xb77b1066, L:/127.0.0.1:63530 - R:localhost/127.0.0.1:22931] for GET '/session/c898dafc69b7fbe3794281a7a3288504/element/B868A0C7555180E4A36C22A5C448EA29_element_5/name'
22:21:35.747 [AsyncHttpClient-1-14] DEBUG org.asynchttpclient.netty.handler.HttpHandler - 

Request DefaultFullHttpRequest(decodeResult: success, version: HTTP/1.1, content: EmptyByteBufBE)
GET /session/c898dafc69b7fbe3794281a7a3288504/element/B868A0C7555180E4A36C22A5C448EA29_element_5/name HTTP/1.1
User-Agent: selenium/4.7.1 (java windows)
Cache-Control: no-cache
Content-Type: application/json; charset=utf-8
host: localhost:22931
accept: */*

Response DefaultHttpResponse(decodeResult: success, version: HTTP/1.1)
HTTP/1.1 200 OK
Content-Type: application/json; charset=utf-8
cache-control: no-cache
content-length: 17

22:21:35.747 [AsyncHttpClient-1-14] DEBUG org.asynchttpclient.netty.channel.ChannelManager - Adding key: http://localhost:22931 for channel [id: 0xb77b1066, L:/127.0.0.1:63530 - R:localhost/127.0.0.1:22931]
22:21:35.747 [Forwarding getElementTagName on session c898dafc69b7fbe3794281a7a3288504 to remote] DEBUG org.asynchttpclient.netty.request.NettyRequestSender - Using pooled Channel '[id: 0xb77b1066, L:/127.0.0.1:63530 - R:localhost/127.0.0.1:22931]' for 'GET' to 'http://localhost:22931/session/c898dafc69b7fbe3794281a7a3288504/element/B868A0C7555180E4A36C22A5C448EA29_element_5/name'
22:21:35.747 [Forwarding getElementTagName on session c898dafc69b7fbe3794281a7a3288504 to remote] DEBUG org.asynchttpclient.netty.request.NettyRequestSender - Using open Channel [id: 0xb77b1066, L:/127.0.0.1:63530 - R:localhost/127.0.0.1:22931] for GET '/session/c898dafc69b7fbe3794281a7a3288504/element/B868A0C7555180E4A36C22A5C448EA29_element_5/name'
22:21:35.755 [AsyncHttpClient-1-14] DEBUG org.asynchttpclient.netty.handler.HttpHandler - 

Request DefaultFullHttpRequest(decodeResult: success, version: HTTP/1.1, content: EmptyByteBufBE)
GET /session/c898dafc69b7fbe3794281a7a3288504/element/B868A0C7555180E4A36C22A5C448EA29_element_5/name HTTP/1.1
User-Agent: selenium/4.7.1 (java windows)
Cache-Control: no-cache
Content-Type: application/json; charset=utf-8
host: localhost:22931
accept: */*

Response DefaultHttpResponse(decodeResult: success, version: HTTP/1.1)
HTTP/1.1 200 OK
Content-Type: application/json; charset=utf-8
cache-control: no-cache
content-length: 17

22:21:35.755 [AsyncHttpClient-1-14] DEBUG org.asynchttpclient.netty.channel.ChannelManager - Adding key: http://localhost:22931 for channel [id: 0xb77b1066, L:/127.0.0.1:63530 - R:localhost/127.0.0.1:22931]
22:21:35.755 [Forwarding isElementEnabled on session c898dafc69b7fbe3794281a7a3288504 to remote] DEBUG org.asynchttpclient.netty.request.NettyRequestSender - Using pooled Channel '[id: 0xb77b1066, L:/127.0.0.1:63530 - R:localhost/127.0.0.1:22931]' for 'GET' to 'http://localhost:22931/session/c898dafc69b7fbe3794281a7a3288504/element/B868A0C7555180E4A36C22A5C448EA29_element_5/enabled'
22:21:35.755 [Forwarding isElementEnabled on session c898dafc69b7fbe3794281a7a3288504 to remote] DEBUG org.asynchttpclient.netty.request.NettyRequestSender - Using open Channel [id: 0xb77b1066, L:/127.0.0.1:63530 - R:localhost/127.0.0.1:22931] for GET '/session/c898dafc69b7fbe3794281a7a3288504/element/B868A0C7555180E4A36C22A5C448EA29_element_5/enabled'
22:21:35.771 [AsyncHttpClient-1-14] DEBUG org.asynchttpclient.netty.handler.HttpHandler - 

Request DefaultFullHttpRequest(decodeResult: success, version: HTTP/1.1, content: EmptyByteBufBE)
GET /session/c898dafc69b7fbe3794281a7a3288504/element/B868A0C7555180E4A36C22A5C448EA29_element_5/enabled HTTP/1.1
User-Agent: selenium/4.7.1 (java windows)
Cache-Control: no-cache
Content-Type: application/json; charset=utf-8
host: localhost:22931
accept: */*

Response DefaultHttpResponse(decodeResult: success, version: HTTP/1.1)
HTTP/1.1 200 OK
Content-Type: application/json; charset=utf-8
cache-control: no-cache
content-length: 14

22:21:35.771 [AsyncHttpClient-1-14] DEBUG org.asynchttpclient.netty.channel.ChannelManager - Adding key: http://localhost:22931 for channel [id: 0xb77b1066, L:/127.0.0.1:63530 - R:localhost/127.0.0.1:22931]
22:21:35.775 [Forwarding isElementEnabled on session c898dafc69b7fbe3794281a7a3288504 to remote] DEBUG org.asynchttpclient.netty.request.NettyRequestSender - Using pooled Channel '[id: 0xb77b1066, L:/127.0.0.1:63530 - R:localhost/127.0.0.1:22931]' for 'GET' to 'http://localhost:22931/session/c898dafc69b7fbe3794281a7a3288504/element/B868A0C7555180E4A36C22A5C448EA29_element_5/enabled'
22:21:35.775 [Forwarding isElementEnabled on session c898dafc69b7fbe3794281a7a3288504 to remote] DEBUG org.asynchttpclient.netty.request.NettyRequestSender - Using open Channel [id: 0xb77b1066, L:/127.0.0.1:63530 - R:localhost/127.0.0.1:22931] for GET '/session/c898dafc69b7fbe3794281a7a3288504/element/B868A0C7555180E4A36C22A5C448EA29_element_5/enabled'
22:21:35.779 [AsyncHttpClient-1-14] DEBUG org.asynchttpclient.netty.handler.HttpHandler - 

Request DefaultFullHttpRequest(decodeResult: success, version: HTTP/1.1, content: EmptyByteBufBE)
GET /session/c898dafc69b7fbe3794281a7a3288504/element/B868A0C7555180E4A36C22A5C448EA29_element_5/enabled HTTP/1.1
User-Agent: selenium/4.7.1 (java windows)
Cache-Control: no-cache
Content-Type: application/json; charset=utf-8
host: localhost:22931
accept: */*

Response DefaultHttpResponse(decodeResult: success, version: HTTP/1.1)
HTTP/1.1 200 OK
Content-Type: application/json; charset=utf-8
cache-control: no-cache
content-length: 14

22:21:35.779 [AsyncHttpClient-1-14] DEBUG org.asynchttpclient.netty.channel.ChannelManager - Adding key: http://localhost:22931 for channel [id: 0xb77b1066, L:/127.0.0.1:63530 - R:localhost/127.0.0.1:22931]
22:21:35.787 [Forwarding findElement on session c898dafc69b7fbe3794281a7a3288504 to remote] DEBUG org.asynchttpclient.netty.request.NettyRequestSender - Using pooled Channel '[id: 0xb77b1066, L:/127.0.0.1:63530 - R:localhost/127.0.0.1:22931]' for 'POST' to 'http://localhost:22931/session/c898dafc69b7fbe3794281a7a3288504/element'
22:21:35.787 [Forwarding findElement on session c898dafc69b7fbe3794281a7a3288504 to remote] DEBUG org.asynchttpclient.netty.request.NettyRequestSender - Using open Channel [id: 0xb77b1066, L:/127.0.0.1:63530 - R:localhost/127.0.0.1:22931] for POST '/session/c898dafc69b7fbe3794281a7a3288504/element'
22:21:35.795 [AsyncHttpClient-1-14] DEBUG org.asynchttpclient.netty.handler.HttpHandler - 

Request DefaultHttpRequest(decodeResult: success, version: HTTP/1.1)
POST /session/c898dafc69b7fbe3794281a7a3288504/element HTTP/1.1
User-Agent: selenium/4.7.1 (java windows)
Content-Length: 72
Content-Type: application/json; charset=utf-8
host: localhost:22931
accept: */*

Response DefaultHttpResponse(decodeResult: success, version: HTTP/1.1)
HTTP/1.1 200 OK
Content-Type: application/json; charset=utf-8
cache-control: no-cache
content-length: 94

22:21:35.795 [AsyncHttpClient-1-14] DEBUG org.asynchttpclient.netty.channel.ChannelManager - Adding key: http://localhost:22931 for channel [id: 0xb77b1066, L:/127.0.0.1:63530 - R:localhost/127.0.0.1:22931]
22:21:35.803 [Forwarding clickElement on session c898dafc69b7fbe3794281a7a3288504 to remote] DEBUG org.asynchttpclient.netty.request.NettyRequestSender - Using pooled Channel '[id: 0xb77b1066, L:/127.0.0.1:63530 - R:localhost/127.0.0.1:22931]' for 'POST' to 'http://localhost:22931/session/c898dafc69b7fbe3794281a7a3288504/element/B868A0C7555180E4A36C22A5C448EA29_element_5/click'
22:21:35.803 [Forwarding clickElement on session c898dafc69b7fbe3794281a7a3288504 to remote] DEBUG org.asynchttpclient.netty.request.NettyRequestSender - Using open Channel [id: 0xb77b1066, L:/127.0.0.1:63530 - R:localhost/127.0.0.1:22931] for POST '/session/c898dafc69b7fbe3794281a7a3288504/element/B868A0C7555180E4A36C22A5C448EA29_element_5/click'
22:21:35.868 [AsyncHttpClient-1-14] DEBUG org.asynchttpclient.netty.handler.HttpHandler - 

Request DefaultHttpRequest(decodeResult: success, version: HTTP/1.1)
POST /session/c898dafc69b7fbe3794281a7a3288504/element/B868A0C7555180E4A36C22A5C448EA29_element_5/click HTTP/1.1
User-Agent: selenium/4.7.1 (java windows)
Content-Length: 56
Content-Type: application/json; charset=utf-8
host: localhost:22931
accept: */*

Response DefaultHttpResponse(decodeResult: success, version: HTTP/1.1)
HTTP/1.1 200 OK
Content-Type: application/json; charset=utf-8
cache-control: no-cache
content-length: 14

22:21:35.868 [AsyncHttpClient-1-14] DEBUG org.asynchttpclient.netty.channel.ChannelManager - Adding key: http://localhost:22931 for channel [id: 0xb77b1066, L:/127.0.0.1:63530 - R:localhost/127.0.0.1:22931]
22:21:35.875 [Forwarding findElement on session c898dafc69b7fbe3794281a7a3288504 to remote] DEBUG org.asynchttpclient.netty.request.NettyRequestSender - Using pooled Channel '[id: 0xb77b1066, L:/127.0.0.1:63530 - R:localhost/127.0.0.1:22931]' for 'POST' to 'http://localhost:22931/session/c898dafc69b7fbe3794281a7a3288504/element'
22:21:35.875 [Forwarding findElement on session c898dafc69b7fbe3794281a7a3288504 to remote] DEBUG org.asynchttpclient.netty.request.NettyRequestSender - Using open Channel [id: 0xb77b1066, L:/127.0.0.1:63530 - R:localhost/127.0.0.1:22931] for POST '/session/c898dafc69b7fbe3794281a7a3288504/element'
22:21:35.891 [AsyncHttpClient-1-14] DEBUG org.asynchttpclient.netty.handler.HttpHandler - 

Request DefaultHttpRequest(decodeResult: success, version: HTTP/1.1)
POST /session/c898dafc69b7fbe3794281a7a3288504/element HTTP/1.1
User-Agent: selenium/4.7.1 (java windows)
Content-Length: 72
Content-Type: application/json; charset=utf-8
host: localhost:22931
accept: */*

Response DefaultHttpResponse(decodeResult: success, version: HTTP/1.1)
HTTP/1.1 200 OK
Content-Type: application/json; charset=utf-8
cache-control: no-cache
content-length: 94

22:21:35.891 [AsyncHttpClient-1-14] DEBUG org.asynchttpclient.netty.channel.ChannelManager - Adding key: http://localhost:22931 for channel [id: 0xb77b1066, L:/127.0.0.1:63530 - R:localhost/127.0.0.1:22931]
22:21:35.899 [Forwarding clearElement on session c898dafc69b7fbe3794281a7a3288504 to remote] DEBUG org.asynchttpclient.netty.request.NettyRequestSender - Using pooled Channel '[id: 0xb77b1066, L:/127.0.0.1:63530 - R:localhost/127.0.0.1:22931]' for 'POST' to 'http://localhost:22931/session/c898dafc69b7fbe3794281a7a3288504/element/B868A0C7555180E4A36C22A5C448EA29_element_5/clear'
22:21:35.899 [Forwarding clearElement on session c898dafc69b7fbe3794281a7a3288504 to remote] DEBUG org.asynchttpclient.netty.request.NettyRequestSender - Using open Channel [id: 0xb77b1066, L:/127.0.0.1:63530 - R:localhost/127.0.0.1:22931] for POST '/session/c898dafc69b7fbe3794281a7a3288504/element/B868A0C7555180E4A36C22A5C448EA29_element_5/clear'
22:21:35.947 [AsyncHttpClient-1-14] DEBUG org.asynchttpclient.netty.handler.HttpHandler - 

Request DefaultHttpRequest(decodeResult: success, version: HTTP/1.1)
POST /session/c898dafc69b7fbe3794281a7a3288504/element/B868A0C7555180E4A36C22A5C448EA29_element_5/clear HTTP/1.1
User-Agent: selenium/4.7.1 (java windows)
Content-Length: 56
Content-Type: application/json; charset=utf-8
host: localhost:22931
accept: */*

Response DefaultHttpResponse(decodeResult: success, version: HTTP/1.1)
HTTP/1.1 200 OK
Content-Type: application/json; charset=utf-8
cache-control: no-cache
content-length: 14

22:21:35.947 [AsyncHttpClient-1-14] DEBUG org.asynchttpclient.netty.channel.ChannelManager - Adding key: http://localhost:22931 for channel [id: 0xb77b1066, L:/127.0.0.1:63530 - R:localhost/127.0.0.1:22931]
22:21:35.947 [Forwarding sendKeysToElement on session c898dafc69b7fbe3794281a7a3288504 to remote] DEBUG org.asynchttpclient.netty.request.NettyRequestSender - Using pooled Channel '[id: 0xb77b1066, L:/127.0.0.1:63530 - R:localhost/127.0.0.1:22931]' for 'POST' to 'http://localhost:22931/session/c898dafc69b7fbe3794281a7a3288504/element/B868A0C7555180E4A36C22A5C448EA29_element_5/value'
22:21:35.947 [Forwarding sendKeysToElement on session c898dafc69b7fbe3794281a7a3288504 to remote] DEBUG org.asynchttpclient.netty.request.NettyRequestSender - Using open Channel [id: 0xb77b1066, L:/127.0.0.1:63530 - R:localhost/127.0.0.1:22931] for POST '/session/c898dafc69b7fbe3794281a7a3288504/element/B868A0C7555180E4A36C22A5C448EA29_element_5/value'
22:21:36.012 [AsyncHttpClient-1-14] DEBUG org.asynchttpclient.netty.handler.HttpHandler - 

Request DefaultHttpRequest(decodeResult: success, version: HTTP/1.1)
POST /session/c898dafc69b7fbe3794281a7a3288504/element/B868A0C7555180E4A36C22A5C448EA29_element_5/value HTTP/1.1
User-Agent: selenium/4.7.1 (java windows)
Content-Length: 167
Content-Type: application/json; charset=utf-8
host: localhost:22931
accept: */*

Response DefaultHttpResponse(decodeResult: success, version: HTTP/1.1)
HTTP/1.1 200 OK
Content-Type: application/json; charset=utf-8
cache-control: no-cache
content-length: 14

22:21:36.020 [AsyncHttpClient-1-14] DEBUG org.asynchttpclient.netty.channel.ChannelManager - Adding key: http://localhost:22931 for channel [id: 0xb77b1066, L:/127.0.0.1:63530 - R:localhost/127.0.0.1:22931]
22:21:36.028 [Forwarding getCurrentWindowHandle on session c898dafc69b7fbe3794281a7a3288504 to remote] DEBUG org.asynchttpclient.netty.request.NettyRequestSender - Using pooled Channel '[id: 0xb77b1066, L:/127.0.0.1:63530 - R:localhost/127.0.0.1:22931]' for 'GET' to 'http://localhost:22931/session/c898dafc69b7fbe3794281a7a3288504/window'
22:21:36.028 [Forwarding getCurrentWindowHandle on session c898dafc69b7fbe3794281a7a3288504 to remote] DEBUG org.asynchttpclient.netty.request.NettyRequestSender - Using open Channel [id: 0xb77b1066, L:/127.0.0.1:63530 - R:localhost/127.0.0.1:22931] for GET '/session/c898dafc69b7fbe3794281a7a3288504/window'
22:21:36.028 [AsyncHttpClient-1-14] DEBUG org.asynchttpclient.netty.handler.HttpHandler - 

Request DefaultFullHttpRequest(decodeResult: success, version: HTTP/1.1, content: EmptyByteBufBE)
GET /session/c898dafc69b7fbe3794281a7a3288504/window HTTP/1.1
User-Agent: selenium/4.7.1 (java windows)
Cache-Control: no-cache
Content-Type: application/json; charset=utf-8
host: localhost:22931
accept: */*

Response DefaultHttpResponse(decodeResult: success, version: HTTP/1.1)
HTTP/1.1 200 OK
Content-Type: application/json; charset=utf-8
cache-control: no-cache
content-length: 44

22:21:36.028 [AsyncHttpClient-1-14] DEBUG org.asynchttpclient.netty.channel.ChannelManager - Adding key: http://localhost:22931 for channel [id: 0xb77b1066, L:/127.0.0.1:63530 - R:localhost/127.0.0.1:22931]
22:21:36.028 [Forwarding getAlertText on session c898dafc69b7fbe3794281a7a3288504 to remote] DEBUG org.asynchttpclient.netty.request.NettyRequestSender - Using pooled Channel '[id: 0xb77b1066, L:/127.0.0.1:63530 - R:localhost/127.0.0.1:22931]' for 'GET' to 'http://localhost:22931/session/c898dafc69b7fbe3794281a7a3288504/alert/text'
22:21:36.028 [Forwarding getAlertText on session c898dafc69b7fbe3794281a7a3288504 to remote] DEBUG org.asynchttpclient.netty.request.NettyRequestSender - Using open Channel [id: 0xb77b1066, L:/127.0.0.1:63530 - R:localhost/127.0.0.1:22931] for GET '/session/c898dafc69b7fbe3794281a7a3288504/alert/text'
22:21:36.036 [AsyncHttpClient-1-14] DEBUG org.asynchttpclient.netty.handler.HttpHandler - 

Request DefaultFullHttpRequest(decodeResult: success, version: HTTP/1.1, content: EmptyByteBufBE)
GET /session/c898dafc69b7fbe3794281a7a3288504/alert/text HTTP/1.1
User-Agent: selenium/4.7.1 (java windows)
Cache-Control: no-cache
Content-Type: application/json; charset=utf-8
host: localhost:22931
accept: */*

Response DefaultHttpResponse(decodeResult: success, version: HTTP/1.1)
HTTP/1.1 404 Not Found
Content-Type: application/json; charset=utf-8
cache-control: no-cache
content-length: 821

22:21:36.036 [AsyncHttpClient-1-14] DEBUG org.asynchttpclient.netty.channel.ChannelManager - Adding key: http://localhost:22931 for channel [id: 0xb77b1066, L:/127.0.0.1:63530 - R:localhost/127.0.0.1:22931]
22:21:36.036 [Forwarding switchToWindow on session c898dafc69b7fbe3794281a7a3288504 to remote] DEBUG org.asynchttpclient.netty.request.NettyRequestSender - Using pooled Channel '[id: 0xb77b1066, L:/127.0.0.1:63530 - R:localhost/127.0.0.1:22931]' for 'POST' to 'http://localhost:22931/session/c898dafc69b7fbe3794281a7a3288504/window'
22:21:36.036 [Forwarding switchToWindow on session c898dafc69b7fbe3794281a7a3288504 to remote] DEBUG org.asynchttpclient.netty.request.NettyRequestSender - Using open Channel [id: 0xb77b1066, L:/127.0.0.1:63530 - R:localhost/127.0.0.1:22931] for POST '/session/c898dafc69b7fbe3794281a7a3288504/window'
22:21:36.042 [AsyncHttpClient-1-14] DEBUG org.asynchttpclient.netty.handler.HttpHandler - 

Request DefaultHttpRequest(decodeResult: success, version: HTTP/1.1)
POST /session/c898dafc69b7fbe3794281a7a3288504/window HTTP/1.1
User-Agent: selenium/4.7.1 (java windows)
Content-Length: 50
Content-Type: application/json; charset=utf-8
host: localhost:22931
accept: */*

Response DefaultHttpResponse(decodeResult: success, version: HTTP/1.1)
HTTP/1.1 200 OK
Content-Type: application/json; charset=utf-8
cache-control: no-cache
content-length: 14

22:21:36.042 [AsyncHttpClient-1-14] DEBUG org.asynchttpclient.netty.channel.ChannelManager - Adding key: http://localhost:22931 for channel [id: 0xb77b1066, L:/127.0.0.1:63530 - R:localhost/127.0.0.1:22931]
22:21:36.044 [Forwarding getCurrentUrl on session c898dafc69b7fbe3794281a7a3288504 to remote] DEBUG org.asynchttpclient.netty.request.NettyRequestSender - Using pooled Channel '[id: 0xb77b1066, L:/127.0.0.1:63530 - R:localhost/127.0.0.1:22931]' for 'GET' to 'http://localhost:22931/session/c898dafc69b7fbe3794281a7a3288504/url'
22:21:36.044 [Forwarding getCurrentUrl on session c898dafc69b7fbe3794281a7a3288504 to remote] DEBUG org.asynchttpclient.netty.request.NettyRequestSender - Using open Channel [id: 0xb77b1066, L:/127.0.0.1:63530 - R:localhost/127.0.0.1:22931] for GET '/session/c898dafc69b7fbe3794281a7a3288504/url'
22:21:36.052 [AsyncHttpClient-1-14] DEBUG org.asynchttpclient.netty.handler.HttpHandler - 

Request DefaultFullHttpRequest(decodeResult: success, version: HTTP/1.1, content: EmptyByteBufBE)
GET /session/c898dafc69b7fbe3794281a7a3288504/url HTTP/1.1
User-Agent: selenium/4.7.1 (java windows)
Cache-Control: no-cache
Content-Type: application/json; charset=utf-8
host: localhost:22931
accept: */*

Response DefaultHttpResponse(decodeResult: success, version: HTTP/1.1)
HTTP/1.1 200 OK
Content-Type: application/json; charset=utf-8
cache-control: no-cache
content-length: 51

22:21:36.052 [AsyncHttpClient-1-14] DEBUG org.asynchttpclient.netty.channel.ChannelManager - Adding key: http://localhost:22931 for channel [id: 0xb77b1066, L:/127.0.0.1:63530 - R:localhost/127.0.0.1:22931]
22:21:36.052 [Forwarding screenshot on session c898dafc69b7fbe3794281a7a3288504 to remote] DEBUG org.asynchttpclient.netty.request.NettyRequestSender - Using pooled Channel '[id: 0xb77b1066, L:/127.0.0.1:63530 - R:localhost/127.0.0.1:22931]' for 'GET' to 'http://localhost:22931/session/c898dafc69b7fbe3794281a7a3288504/screenshot'
22:21:36.052 [Forwarding screenshot on session c898dafc69b7fbe3794281a7a3288504 to remote] DEBUG org.asynchttpclient.netty.request.NettyRequestSender - Using open Channel [id: 0xb77b1066, L:/127.0.0.1:63530 - R:localhost/127.0.0.1:22931] for GET '/session/c898dafc69b7fbe3794281a7a3288504/screenshot'
22:21:36.212 [AsyncHttpClient-1-1] DEBUG org.asynchttpclient.netty.channel.DefaultChannelPool - Entry count for : http://localhost:63532 : 1
22:21:36.228 [AsyncHttpClient-1-14] DEBUG org.asynchttpclient.netty.handler.HttpHandler - 

Request DefaultFullHttpRequest(decodeResult: success, version: HTTP/1.1, content: EmptyByteBufBE)
GET /session/c898dafc69b7fbe3794281a7a3288504/screenshot HTTP/1.1
User-Agent: selenium/4.7.1 (java windows)
Cache-Control: no-cache
Content-Type: application/json; charset=utf-8
host: localhost:22931
accept: */*

Response DefaultHttpResponse(decodeResult: success, version: HTTP/1.1)
HTTP/1.1 200 OK
Content-Type: application/json; charset=utf-8
cache-control: no-cache
content-length: 192532

22:21:36.228 [AsyncHttpClient-1-14] DEBUG org.asynchttpclient.netty.channel.ChannelManager - Adding key: http://localhost:22931 for channel [id: 0xb77b1066, L:/127.0.0.1:63530 - R:localhost/127.0.0.1:22931]
22:21:36.236 [main] DEBUG net.serenitybdd.core.photography.Darkroom - Send negative for processing for target\site\serenity\372cd5eb6808b95fe05dee555d325c4ebd2d128ba4874584201b23a118581cb6.png
22:21:36.236 [main] DEBUG net.thucydides.core.steps.StepInterceptor - STEP DONE: inputfieldpassword
22:21:36.252 [main] DEBUG net.thucydides.core.steps.StepInterceptor - STARTING STEP: TransaksiSteps.adminMelakukanLoginAkun - klikbuttonmasuk
22:21:36.257 [Forwarding findElement on session c898dafc69b7fbe3794281a7a3288504 to remote] DEBUG org.asynchttpclient.netty.request.NettyRequestSender - Using pooled Channel '[id: 0xb77b1066, L:/127.0.0.1:63530 - R:localhost/127.0.0.1:22931]' for 'POST' to 'http://localhost:22931/session/c898dafc69b7fbe3794281a7a3288504/element'
22:21:36.257 [Forwarding findElement on session c898dafc69b7fbe3794281a7a3288504 to remote] DEBUG org.asynchttpclient.netty.request.NettyRequestSender - Using open Channel [id: 0xb77b1066, L:/127.0.0.1:63530 - R:localhost/127.0.0.1:22931] for POST '/session/c898dafc69b7fbe3794281a7a3288504/element'
22:21:36.284 [AsyncHttpClient-1-14] DEBUG org.asynchttpclient.netty.handler.HttpHandler - 

Request DefaultHttpRequest(decodeResult: success, version: HTTP/1.1)
POST /session/c898dafc69b7fbe3794281a7a3288504/element HTTP/1.1
User-Agent: selenium/4.7.1 (java windows)
Content-Length: 113
Content-Type: application/json; charset=utf-8
host: localhost:22931
accept: */*

Response DefaultHttpResponse(decodeResult: success, version: HTTP/1.1)
HTTP/1.1 200 OK
Content-Type: application/json; charset=utf-8
cache-control: no-cache
content-length: 95

22:21:36.284 [AsyncHttpClient-1-14] DEBUG org.asynchttpclient.netty.channel.ChannelManager - Adding key: http://localhost:22931 for channel [id: 0xb77b1066, L:/127.0.0.1:63530 - R:localhost/127.0.0.1:22931]
22:21:36.284 [Forwarding getElementTagName on session c898dafc69b7fbe3794281a7a3288504 to remote] DEBUG org.asynchttpclient.netty.request.NettyRequestSender - Using pooled Channel '[id: 0xb77b1066, L:/127.0.0.1:63530 - R:localhost/127.0.0.1:22931]' for 'GET' to 'http://localhost:22931/session/c898dafc69b7fbe3794281a7a3288504/element/B868A0C7555180E4A36C22A5C448EA29_element_12/name'
22:21:36.284 [Forwarding getElementTagName on session c898dafc69b7fbe3794281a7a3288504 to remote] DEBUG org.asynchttpclient.netty.request.NettyRequestSender - Using open Channel [id: 0xb77b1066, L:/127.0.0.1:63530 - R:localhost/127.0.0.1:22931] for GET '/session/c898dafc69b7fbe3794281a7a3288504/element/B868A0C7555180E4A36C22A5C448EA29_element_12/name'
22:21:36.300 [AsyncHttpClient-1-14] DEBUG org.asynchttpclient.netty.handler.HttpHandler - 

Request DefaultFullHttpRequest(decodeResult: success, version: HTTP/1.1, content: EmptyByteBufBE)
GET /session/c898dafc69b7fbe3794281a7a3288504/element/B868A0C7555180E4A36C22A5C448EA29_element_12/name HTTP/1.1
User-Agent: selenium/4.7.1 (java windows)
Cache-Control: no-cache
Content-Type: application/json; charset=utf-8
host: localhost:22931
accept: */*

Response DefaultHttpResponse(decodeResult: success, version: HTTP/1.1)
HTTP/1.1 200 OK
Content-Type: application/json; charset=utf-8
cache-control: no-cache
content-length: 18

22:21:36.300 [AsyncHttpClient-1-14] DEBUG org.asynchttpclient.netty.channel.ChannelManager - Adding key: http://localhost:22931 for channel [id: 0xb77b1066, L:/127.0.0.1:63530 - R:localhost/127.0.0.1:22931]
22:21:36.308 [Forwarding getElementTagName on session c898dafc69b7fbe3794281a7a3288504 to remote] DEBUG org.asynchttpclient.netty.request.NettyRequestSender - Using pooled Channel '[id: 0xb77b1066, L:/127.0.0.1:63530 - R:localhost/127.0.0.1:22931]' for 'GET' to 'http://localhost:22931/session/c898dafc69b7fbe3794281a7a3288504/element/B868A0C7555180E4A36C22A5C448EA29_element_12/name'
22:21:36.308 [Forwarding getElementTagName on session c898dafc69b7fbe3794281a7a3288504 to remote] DEBUG org.asynchttpclient.netty.request.NettyRequestSender - Using open Channel [id: 0xb77b1066, L:/127.0.0.1:63530 - R:localhost/127.0.0.1:22931] for GET '/session/c898dafc69b7fbe3794281a7a3288504/element/B868A0C7555180E4A36C22A5C448EA29_element_12/name'
22:21:36.324 [AsyncHttpClient-1-14] DEBUG org.asynchttpclient.netty.handler.HttpHandler - 

Request DefaultFullHttpRequest(decodeResult: success, version: HTTP/1.1, content: EmptyByteBufBE)
GET /session/c898dafc69b7fbe3794281a7a3288504/element/B868A0C7555180E4A36C22A5C448EA29_element_12/name HTTP/1.1
User-Agent: selenium/4.7.1 (java windows)
Cache-Control: no-cache
Content-Type: application/json; charset=utf-8
host: localhost:22931
accept: */*

Response DefaultHttpResponse(decodeResult: success, version: HTTP/1.1)
HTTP/1.1 200 OK
Content-Type: application/json; charset=utf-8
cache-control: no-cache
content-length: 18

22:21:36.324 [AsyncHttpClient-1-14] DEBUG org.asynchttpclient.netty.channel.ChannelManager - Adding key: http://localhost:22931 for channel [id: 0xb77b1066, L:/127.0.0.1:63530 - R:localhost/127.0.0.1:22931]
22:21:36.324 [Forwarding isElementEnabled on session c898dafc69b7fbe3794281a7a3288504 to remote] DEBUG org.asynchttpclient.netty.request.NettyRequestSender - Using pooled Channel '[id: 0xb77b1066, L:/127.0.0.1:63530 - R:localhost/127.0.0.1:22931]' for 'GET' to 'http://localhost:22931/session/c898dafc69b7fbe3794281a7a3288504/element/B868A0C7555180E4A36C22A5C448EA29_element_12/enabled'
22:21:36.324 [Forwarding isElementEnabled on session c898dafc69b7fbe3794281a7a3288504 to remote] DEBUG org.asynchttpclient.netty.request.NettyRequestSender - Using open Channel [id: 0xb77b1066, L:/127.0.0.1:63530 - R:localhost/127.0.0.1:22931] for GET '/session/c898dafc69b7fbe3794281a7a3288504/element/B868A0C7555180E4A36C22A5C448EA29_element_12/enabled'
22:21:36.348 [AsyncHttpClient-1-14] DEBUG org.asynchttpclient.netty.handler.HttpHandler - 

Request DefaultFullHttpRequest(decodeResult: success, version: HTTP/1.1, content: EmptyByteBufBE)
GET /session/c898dafc69b7fbe3794281a7a3288504/element/B868A0C7555180E4A36C22A5C448EA29_element_12/enabled HTTP/1.1
User-Agent: selenium/4.7.1 (java windows)
Cache-Control: no-cache
Content-Type: application/json; charset=utf-8
host: localhost:22931
accept: */*

Response DefaultHttpResponse(decodeResult: success, version: HTTP/1.1)
HTTP/1.1 200 OK
Content-Type: application/json; charset=utf-8
cache-control: no-cache
content-length: 14

22:21:36.348 [AsyncHttpClient-1-14] DEBUG org.asynchttpclient.netty.channel.ChannelManager - Adding key: http://localhost:22931 for channel [id: 0xb77b1066, L:/127.0.0.1:63530 - R:localhost/127.0.0.1:22931]
22:21:36.356 [Forwarding isElementEnabled on session c898dafc69b7fbe3794281a7a3288504 to remote] DEBUG org.asynchttpclient.netty.request.NettyRequestSender - Using pooled Channel '[id: 0xb77b1066, L:/127.0.0.1:63530 - R:localhost/127.0.0.1:22931]' for 'GET' to 'http://localhost:22931/session/c898dafc69b7fbe3794281a7a3288504/element/B868A0C7555180E4A36C22A5C448EA29_element_12/enabled'
22:21:36.356 [Forwarding isElementEnabled on session c898dafc69b7fbe3794281a7a3288504 to remote] DEBUG org.asynchttpclient.netty.request.NettyRequestSender - Using open Channel [id: 0xb77b1066, L:/127.0.0.1:63530 - R:localhost/127.0.0.1:22931] for GET '/session/c898dafc69b7fbe3794281a7a3288504/element/B868A0C7555180E4A36C22A5C448EA29_element_12/enabled'
22:21:36.380 [AsyncHttpClient-1-14] DEBUG org.asynchttpclient.netty.handler.HttpHandler - 

Request DefaultFullHttpRequest(decodeResult: success, version: HTTP/1.1, content: EmptyByteBufBE)
GET /session/c898dafc69b7fbe3794281a7a3288504/element/B868A0C7555180E4A36C22A5C448EA29_element_12/enabled HTTP/1.1
User-Agent: selenium/4.7.1 (java windows)
Cache-Control: no-cache
Content-Type: application/json; charset=utf-8
host: localhost:22931
accept: */*

Response DefaultHttpResponse(decodeResult: success, version: HTTP/1.1)
HTTP/1.1 200 OK
Content-Type: application/json; charset=utf-8
cache-control: no-cache
content-length: 14

22:21:36.380 [AsyncHttpClient-1-14] DEBUG org.asynchttpclient.netty.channel.ChannelManager - Adding key: http://localhost:22931 for channel [id: 0xb77b1066, L:/127.0.0.1:63530 - R:localhost/127.0.0.1:22931]
22:21:36.388 [Forwarding findElement on session c898dafc69b7fbe3794281a7a3288504 to remote] DEBUG org.asynchttpclient.netty.request.NettyRequestSender - Using pooled Channel '[id: 0xb77b1066, L:/127.0.0.1:63530 - R:localhost/127.0.0.1:22931]' for 'POST' to 'http://localhost:22931/session/c898dafc69b7fbe3794281a7a3288504/element'
22:21:36.388 [Forwarding findElement on session c898dafc69b7fbe3794281a7a3288504 to remote] DEBUG org.asynchttpclient.netty.request.NettyRequestSender - Using open Channel [id: 0xb77b1066, L:/127.0.0.1:63530 - R:localhost/127.0.0.1:22931] for POST '/session/c898dafc69b7fbe3794281a7a3288504/element'
22:21:36.404 [AsyncHttpClient-1-14] DEBUG org.asynchttpclient.netty.handler.HttpHandler - 

Request DefaultHttpRequest(decodeResult: success, version: HTTP/1.1)
POST /session/c898dafc69b7fbe3794281a7a3288504/element HTTP/1.1
User-Agent: selenium/4.7.1 (java windows)
Content-Length: 113
Content-Type: application/json; charset=utf-8
host: localhost:22931
accept: */*

Response DefaultHttpResponse(decodeResult: success, version: HTTP/1.1)
HTTP/1.1 200 OK
Content-Type: application/json; charset=utf-8
cache-control: no-cache
content-length: 95

22:21:36.404 [AsyncHttpClient-1-14] DEBUG org.asynchttpclient.netty.channel.ChannelManager - Adding key: http://localhost:22931 for channel [id: 0xb77b1066, L:/127.0.0.1:63530 - R:localhost/127.0.0.1:22931]
22:21:36.412 [Forwarding clickElement on session c898dafc69b7fbe3794281a7a3288504 to remote] DEBUG org.asynchttpclient.netty.request.NettyRequestSender - Using pooled Channel '[id: 0xb77b1066, L:/127.0.0.1:63530 - R:localhost/127.0.0.1:22931]' for 'POST' to 'http://localhost:22931/session/c898dafc69b7fbe3794281a7a3288504/element/B868A0C7555180E4A36C22A5C448EA29_element_12/click'
22:21:36.412 [Forwarding clickElement on session c898dafc69b7fbe3794281a7a3288504 to remote] DEBUG org.asynchttpclient.netty.request.NettyRequestSender - Using open Channel [id: 0xb77b1066, L:/127.0.0.1:63530 - R:localhost/127.0.0.1:22931] for POST '/session/c898dafc69b7fbe3794281a7a3288504/element/B868A0C7555180E4A36C22A5C448EA29_element_12/click'
22:21:36.519 [AsyncHttpClient-1-14] DEBUG org.asynchttpclient.netty.handler.HttpHandler - 

Request DefaultHttpRequest(decodeResult: success, version: HTTP/1.1)
POST /session/c898dafc69b7fbe3794281a7a3288504/element/B868A0C7555180E4A36C22A5C448EA29_element_12/click HTTP/1.1
User-Agent: selenium/4.7.1 (java windows)
Content-Length: 57
Content-Type: application/json; charset=utf-8
host: localhost:22931
accept: */*

Response DefaultHttpResponse(decodeResult: success, version: HTTP/1.1)
HTTP/1.1 200 OK
Content-Type: application/json; charset=utf-8
cache-control: no-cache
content-length: 14

22:21:36.519 [AsyncHttpClient-1-14] DEBUG org.asynchttpclient.netty.channel.ChannelManager - Adding key: http://localhost:22931 for channel [id: 0xb77b1066, L:/127.0.0.1:63530 - R:localhost/127.0.0.1:22931]
22:21:36.535 [Forwarding getCurrentWindowHandle on session c898dafc69b7fbe3794281a7a3288504 to remote] DEBUG org.asynchttpclient.netty.request.NettyRequestSender - Using pooled Channel '[id: 0xb77b1066, L:/127.0.0.1:63530 - R:localhost/127.0.0.1:22931]' for 'GET' to 'http://localhost:22931/session/c898dafc69b7fbe3794281a7a3288504/window'
22:21:36.535 [Forwarding getCurrentWindowHandle on session c898dafc69b7fbe3794281a7a3288504 to remote] DEBUG org.asynchttpclient.netty.request.NettyRequestSender - Using open Channel [id: 0xb77b1066, L:/127.0.0.1:63530 - R:localhost/127.0.0.1:22931] for GET '/session/c898dafc69b7fbe3794281a7a3288504/window'
22:21:36.535 [AsyncHttpClient-1-14] DEBUG org.asynchttpclient.netty.handler.HttpHandler - 

Request DefaultFullHttpRequest(decodeResult: success, version: HTTP/1.1, content: EmptyByteBufBE)
GET /session/c898dafc69b7fbe3794281a7a3288504/window HTTP/1.1
User-Agent: selenium/4.7.1 (java windows)
Cache-Control: no-cache
Content-Type: application/json; charset=utf-8
host: localhost:22931
accept: */*

Response DefaultHttpResponse(decodeResult: success, version: HTTP/1.1)
HTTP/1.1 200 OK
Content-Type: application/json; charset=utf-8
cache-control: no-cache
content-length: 44

22:21:36.535 [AsyncHttpClient-1-14] DEBUG org.asynchttpclient.netty.channel.ChannelManager - Adding key: http://localhost:22931 for channel [id: 0xb77b1066, L:/127.0.0.1:63530 - R:localhost/127.0.0.1:22931]
22:21:36.543 [Forwarding getAlertText on session c898dafc69b7fbe3794281a7a3288504 to remote] DEBUG org.asynchttpclient.netty.request.NettyRequestSender - Using pooled Channel '[id: 0xb77b1066, L:/127.0.0.1:63530 - R:localhost/127.0.0.1:22931]' for 'GET' to 'http://localhost:22931/session/c898dafc69b7fbe3794281a7a3288504/alert/text'
22:21:36.543 [Forwarding getAlertText on session c898dafc69b7fbe3794281a7a3288504 to remote] DEBUG org.asynchttpclient.netty.request.NettyRequestSender - Using open Channel [id: 0xb77b1066, L:/127.0.0.1:63530 - R:localhost/127.0.0.1:22931] for GET '/session/c898dafc69b7fbe3794281a7a3288504/alert/text'
22:21:36.543 [AsyncHttpClient-1-14] DEBUG org.asynchttpclient.netty.handler.HttpHandler - 

Request DefaultFullHttpRequest(decodeResult: success, version: HTTP/1.1, content: EmptyByteBufBE)
GET /session/c898dafc69b7fbe3794281a7a3288504/alert/text HTTP/1.1
User-Agent: selenium/4.7.1 (java windows)
Cache-Control: no-cache
Content-Type: application/json; charset=utf-8
host: localhost:22931
accept: */*

Response DefaultHttpResponse(decodeResult: success, version: HTTP/1.1)
HTTP/1.1 404 Not Found
Content-Type: application/json; charset=utf-8
cache-control: no-cache
content-length: 821

22:21:36.543 [AsyncHttpClient-1-14] DEBUG org.asynchttpclient.netty.channel.ChannelManager - Adding key: http://localhost:22931 for channel [id: 0xb77b1066, L:/127.0.0.1:63530 - R:localhost/127.0.0.1:22931]
22:21:36.551 [Forwarding switchToWindow on session c898dafc69b7fbe3794281a7a3288504 to remote] DEBUG org.asynchttpclient.netty.request.NettyRequestSender - Using pooled Channel '[id: 0xb77b1066, L:/127.0.0.1:63530 - R:localhost/127.0.0.1:22931]' for 'POST' to 'http://localhost:22931/session/c898dafc69b7fbe3794281a7a3288504/window'
22:21:36.551 [Forwarding switchToWindow on session c898dafc69b7fbe3794281a7a3288504 to remote] DEBUG org.asynchttpclient.netty.request.NettyRequestSender - Using open Channel [id: 0xb77b1066, L:/127.0.0.1:63530 - R:localhost/127.0.0.1:22931] for POST '/session/c898dafc69b7fbe3794281a7a3288504/window'
22:21:36.551 [AsyncHttpClient-1-14] DEBUG org.asynchttpclient.netty.handler.HttpHandler - 

Request DefaultHttpRequest(decodeResult: success, version: HTTP/1.1)
POST /session/c898dafc69b7fbe3794281a7a3288504/window HTTP/1.1
User-Agent: selenium/4.7.1 (java windows)
Content-Length: 50
Content-Type: application/json; charset=utf-8
host: localhost:22931
accept: */*

Response DefaultHttpResponse(decodeResult: success, version: HTTP/1.1)
HTTP/1.1 200 OK
Content-Type: application/json; charset=utf-8
cache-control: no-cache
content-length: 14

22:21:36.551 [AsyncHttpClient-1-14] DEBUG org.asynchttpclient.netty.channel.ChannelManager - Adding key: http://localhost:22931 for channel [id: 0xb77b1066, L:/127.0.0.1:63530 - R:localhost/127.0.0.1:22931]
22:21:36.559 [Forwarding getCurrentUrl on session c898dafc69b7fbe3794281a7a3288504 to remote] DEBUG org.asynchttpclient.netty.request.NettyRequestSender - Using pooled Channel '[id: 0xb77b1066, L:/127.0.0.1:63530 - R:localhost/127.0.0.1:22931]' for 'GET' to 'http://localhost:22931/session/c898dafc69b7fbe3794281a7a3288504/url'
22:21:36.559 [Forwarding getCurrentUrl on session c898dafc69b7fbe3794281a7a3288504 to remote] DEBUG org.asynchttpclient.netty.request.NettyRequestSender - Using open Channel [id: 0xb77b1066, L:/127.0.0.1:63530 - R:localhost/127.0.0.1:22931] for GET '/session/c898dafc69b7fbe3794281a7a3288504/url'
22:21:36.570 [AsyncHttpClient-1-14] DEBUG org.asynchttpclient.netty.handler.HttpHandler - 

Request DefaultFullHttpRequest(decodeResult: success, version: HTTP/1.1, content: EmptyByteBufBE)
GET /session/c898dafc69b7fbe3794281a7a3288504/url HTTP/1.1
User-Agent: selenium/4.7.1 (java windows)
Cache-Control: no-cache
Content-Type: application/json; charset=utf-8
host: localhost:22931
accept: */*

Response DefaultHttpResponse(decodeResult: success, version: HTTP/1.1)
HTTP/1.1 200 OK
Content-Type: application/json; charset=utf-8
cache-control: no-cache
content-length: 51

22:21:36.570 [AsyncHttpClient-1-14] DEBUG org.asynchttpclient.netty.channel.ChannelManager - Adding key: http://localhost:22931 for channel [id: 0xb77b1066, L:/127.0.0.1:63530 - R:localhost/127.0.0.1:22931]
22:21:36.577 [Forwarding screenshot on session c898dafc69b7fbe3794281a7a3288504 to remote] DEBUG org.asynchttpclient.netty.request.NettyRequestSender - Using pooled Channel '[id: 0xb77b1066, L:/127.0.0.1:63530 - R:localhost/127.0.0.1:22931]' for 'GET' to 'http://localhost:22931/session/c898dafc69b7fbe3794281a7a3288504/screenshot'
22:21:36.577 [Forwarding screenshot on session c898dafc69b7fbe3794281a7a3288504 to remote] DEBUG org.asynchttpclient.netty.request.NettyRequestSender - Using open Channel [id: 0xb77b1066, L:/127.0.0.1:63530 - R:localhost/127.0.0.1:22931] for GET '/session/c898dafc69b7fbe3794281a7a3288504/screenshot'
22:21:36.794 [AsyncHttpClient-1-14] DEBUG org.asynchttpclient.netty.handler.HttpHandler - 

Request DefaultFullHttpRequest(decodeResult: success, version: HTTP/1.1, content: EmptyByteBufBE)
GET /session/c898dafc69b7fbe3794281a7a3288504/screenshot HTTP/1.1
User-Agent: selenium/4.7.1 (java windows)
Cache-Control: no-cache
Content-Type: application/json; charset=utf-8
host: localhost:22931
accept: */*

Response DefaultHttpResponse(decodeResult: success, version: HTTP/1.1)
HTTP/1.1 200 OK
Content-Type: application/json; charset=utf-8
cache-control: no-cache
content-length: 192552

22:21:36.794 [AsyncHttpClient-1-14] DEBUG org.asynchttpclient.netty.channel.ChannelManager - Adding key: http://localhost:22931 for channel [id: 0xb77b1066, L:/127.0.0.1:63530 - R:localhost/127.0.0.1:22931]
22:21:36.802 [main] DEBUG net.serenitybdd.core.photography.Darkroom - Send negative for processing for target\site\serenity\ab83ef727c8b8636b85bbf353969d47359a8f6352e7d8eb02c08c92d6e040239.png
22:21:36.802 [main] DEBUG net.thucydides.core.steps.StepInterceptor - STEP DONE: klikbuttonmasuk
  &amp#27;[32mGiven &amp#27;[0m&amp#27;[32mAdmin melakukan login akun&amp#27;[0m                  &amp#27;[90m# starter.stepdefinitions.TransaksiSteps.adminMelakukanLoginAkun()&amp#27;[0m
22:21:36.818 [main] DEBUG net.thucydides.core.steps.StepInterceptor - STARTING STEP: TransaksiSteps.padaBerandaAdminKlikTransaksi - klikmenutransaksi
22:21:36.826 [Forwarding findElement on session c898dafc69b7fbe3794281a7a3288504 to remote] DEBUG org.asynchttpclient.netty.request.NettyRequestSender - Using pooled Channel '[id: 0xb77b1066, L:/127.0.0.1:63530 - R:localhost/127.0.0.1:22931]' for 'POST' to 'http://localhost:22931/session/c898dafc69b7fbe3794281a7a3288504/element'
22:21:36.826 [Forwarding findElement on session c898dafc69b7fbe3794281a7a3288504 to remote] DEBUG org.asynchttpclient.netty.request.NettyRequestSender - Using open Channel [id: 0xb77b1066, L:/127.0.0.1:63530 - R:localhost/127.0.0.1:22931] for POST '/session/c898dafc69b7fbe3794281a7a3288504/element'
22:21:37.312 [AsyncHttpClient-1-1] DEBUG org.asynchttpclient.netty.channel.DefaultChannelPool - Entry count for : http://localhost:63532 : 1
22:21:37.444 [AsyncHttpClient-1-14] DEBUG org.asynchttpclient.netty.handler.HttpHandler - 

Request DefaultHttpRequest(decodeResult: success, version: HTTP/1.1)
POST /session/c898dafc69b7fbe3794281a7a3288504/element HTTP/1.1
User-Agent: selenium/4.7.1 (java windows)
Content-Length: 81
Content-Type: application/json; charset=utf-8
host: localhost:22931
accept: */*

Response DefaultHttpResponse(decodeResult: success, version: HTTP/1.1)
HTTP/1.1 200 OK
Content-Type: application/json; charset=utf-8
cache-control: no-cache
content-length: 95

22:21:37.444 [AsyncHttpClient-1-14] DEBUG org.asynchttpclient.netty.channel.ChannelManager - Adding key: http://localhost:22931 for channel [id: 0xb77b1066, L:/127.0.0.1:63530 - R:localhost/127.0.0.1:22931]
22:21:37.444 [Forwarding getElementTagName on session c898dafc69b7fbe3794281a7a3288504 to remote] DEBUG org.asynchttpclient.netty.request.NettyRequestSender - Using pooled Channel '[id: 0xb77b1066, L:/127.0.0.1:63530 - R:localhost/127.0.0.1:22931]' for 'GET' to 'http://localhost:22931/session/c898dafc69b7fbe3794281a7a3288504/element/B868A0C7555180E4A36C22A5C448EA29_element_17/name'
22:21:37.444 [Forwarding getElementTagName on session c898dafc69b7fbe3794281a7a3288504 to remote] DEBUG org.asynchttpclient.netty.request.NettyRequestSender - Using open Channel [id: 0xb77b1066, L:/127.0.0.1:63530 - R:localhost/127.0.0.1:22931] for GET '/session/c898dafc69b7fbe3794281a7a3288504/element/B868A0C7555180E4A36C22A5C448EA29_element_17/name'
22:21:37.556 [AsyncHttpClient-1-14] DEBUG org.asynchttpclient.netty.handler.HttpHandler - 

Request DefaultFullHttpRequest(decodeResult: success, version: HTTP/1.1, content: EmptyByteBufBE)
GET /session/c898dafc69b7fbe3794281a7a3288504/element/B868A0C7555180E4A36C22A5C448EA29_element_17/name HTTP/1.1
User-Agent: selenium/4.7.1 (java windows)
Cache-Control: no-cache
Content-Type: application/json; charset=utf-8
host: localhost:22931
accept: */*

Response DefaultHttpResponse(decodeResult: success, version: HTTP/1.1)
HTTP/1.1 200 OK
Content-Type: application/json; charset=utf-8
cache-control: no-cache
content-length: 13

22:21:37.556 [AsyncHttpClient-1-14] DEBUG org.asynchttpclient.netty.channel.ChannelManager - Adding key: http://localhost:22931 for channel [id: 0xb77b1066, L:/127.0.0.1:63530 - R:localhost/127.0.0.1:22931]
22:21:37.564 [Forwarding getElementTagName on session c898dafc69b7fbe3794281a7a3288504 to remote] DEBUG org.asynchttpclient.netty.request.NettyRequestSender - Using pooled Channel '[id: 0xb77b1066, L:/127.0.0.1:63530 - R:localhost/127.0.0.1:22931]' for 'GET' to 'http://localhost:22931/session/c898dafc69b7fbe3794281a7a3288504/element/B868A0C7555180E4A36C22A5C448EA29_element_17/name'
22:21:37.564 [Forwarding getElementTagName on session c898dafc69b7fbe3794281a7a3288504 to remote] DEBUG org.asynchttpclient.netty.request.NettyRequestSender - Using open Channel [id: 0xb77b1066, L:/127.0.0.1:63530 - R:localhost/127.0.0.1:22931] for GET '/session/c898dafc69b7fbe3794281a7a3288504/element/B868A0C7555180E4A36C22A5C448EA29_element_17/name'
22:21:37.596 [AsyncHttpClient-1-14] DEBUG org.asynchttpclient.netty.handler.HttpHandler - 

Request DefaultFullHttpRequest(decodeResult: success, version: HTTP/1.1, content: EmptyByteBufBE)
GET /session/c898dafc69b7fbe3794281a7a3288504/element/B868A0C7555180E4A36C22A5C448EA29_element_17/name HTTP/1.1
User-Agent: selenium/4.7.1 (java windows)
Cache-Control: no-cache
Content-Type: application/json; charset=utf-8
host: localhost:22931
accept: */*

Response DefaultHttpResponse(decodeResult: success, version: HTTP/1.1)
HTTP/1.1 200 OK
Content-Type: application/json; charset=utf-8
cache-control: no-cache
content-length: 13

22:21:37.596 [AsyncHttpClient-1-14] DEBUG org.asynchttpclient.netty.channel.ChannelManager - Adding key: http://localhost:22931 for channel [id: 0xb77b1066, L:/127.0.0.1:63530 - R:localhost/127.0.0.1:22931]
22:21:37.596 [Forwarding findElement on session c898dafc69b7fbe3794281a7a3288504 to remote] DEBUG org.asynchttpclient.netty.request.NettyRequestSender - Using pooled Channel '[id: 0xb77b1066, L:/127.0.0.1:63530 - R:localhost/127.0.0.1:22931]' for 'POST' to 'http://localhost:22931/session/c898dafc69b7fbe3794281a7a3288504/element'
22:21:37.596 [Forwarding findElement on session c898dafc69b7fbe3794281a7a3288504 to remote] DEBUG org.asynchttpclient.netty.request.NettyRequestSender - Using open Channel [id: 0xb77b1066, L:/127.0.0.1:63530 - R:localhost/127.0.0.1:22931] for POST '/session/c898dafc69b7fbe3794281a7a3288504/element'
22:21:37.628 [AsyncHttpClient-1-14] DEBUG org.asynchttpclient.netty.handler.HttpHandler - 

Request DefaultHttpRequest(decodeResult: success, version: HTTP/1.1)
POST /session/c898dafc69b7fbe3794281a7a3288504/element HTTP/1.1
User-Agent: selenium/4.7.1 (java windows)
Content-Length: 81
Content-Type: application/json; charset=utf-8
host: localhost:22931
accept: */*

Response DefaultHttpResponse(decodeResult: success, version: HTTP/1.1)
HTTP/1.1 200 OK
Content-Type: application/json; charset=utf-8
cache-control: no-cache
content-length: 95

22:21:37.628 [AsyncHttpClient-1-14] DEBUG org.asynchttpclient.netty.channel.ChannelManager - Adding key: http://localhost:22931 for channel [id: 0xb77b1066, L:/127.0.0.1:63530 - R:localhost/127.0.0.1:22931]
22:21:37.636 [Forwarding clickElement on session c898dafc69b7fbe3794281a7a3288504 to remote] DEBUG org.asynchttpclient.netty.request.NettyRequestSender - Using pooled Channel '[id: 0xb77b1066, L:/127.0.0.1:63530 - R:localhost/127.0.0.1:22931]' for 'POST' to 'http://localhost:22931/session/c898dafc69b7fbe3794281a7a3288504/element/B868A0C7555180E4A36C22A5C448EA29_element_17/click'
22:21:37.636 [Forwarding clickElement on session c898dafc69b7fbe3794281a7a3288504 to remote] DEBUG org.asynchttpclient.netty.request.NettyRequestSender - Using open Channel [id: 0xb77b1066, L:/127.0.0.1:63530 - R:localhost/127.0.0.1:22931] for POST '/session/c898dafc69b7fbe3794281a7a3288504/element/B868A0C7555180E4A36C22A5C448EA29_element_17/click'
22:21:38.415 [AsyncHttpClient-1-1] DEBUG org.asynchttpclient.netty.channel.DefaultChannelPool - Entry count for : http://localhost:63532 : 1
22:21:38.779 [AsyncHttpClient-1-14] DEBUG org.asynchttpclient.netty.handler.HttpHandler - 

Request DefaultHttpRequest(decodeResult: success, version: HTTP/1.1)
POST /session/c898dafc69b7fbe3794281a7a3288504/element/B868A0C7555180E4A36C22A5C448EA29_element_17/click HTTP/1.1
User-Agent: selenium/4.7.1 (java windows)
Content-Length: 57
Content-Type: application/json; charset=utf-8
host: localhost:22931
accept: */*

Response DefaultHttpResponse(decodeResult: success, version: HTTP/1.1)
HTTP/1.1 400 Bad Request
Content-Type: application/json; charset=utf-8
cache-control: no-cache
content-length: 1259

22:21:38.779 [AsyncHttpClient-1-14] DEBUG org.asynchttpclient.netty.channel.ChannelManager - Adding key: http://localhost:22931 for channel [id: 0xb77b1066, L:/127.0.0.1:63530 - R:localhost/127.0.0.1:22931]
22:21:39.037 [Forwarding clickElement on session c898dafc69b7fbe3794281a7a3288504 to remote] DEBUG org.asynchttpclient.netty.request.NettyRequestSender - Using pooled Channel '[id: 0xb77b1066, L:/127.0.0.1:63530 - R:localhost/127.0.0.1:22931]' for 'POST' to 'http://localhost:22931/session/c898dafc69b7fbe3794281a7a3288504/element/B868A0C7555180E4A36C22A5C448EA29_element_17/click'
22:21:39.037 [Forwarding clickElement on session c898dafc69b7fbe3794281a7a3288504 to remote] DEBUG org.asynchttpclient.netty.request.NettyRequestSender - Using open Channel [id: 0xb77b1066, L:/127.0.0.1:63530 - R:localhost/127.0.0.1:22931] for POST '/session/c898dafc69b7fbe3794281a7a3288504/element/B868A0C7555180E4A36C22A5C448EA29_element_17/click'
22:21:39.513 [AsyncHttpClient-1-1] DEBUG org.asynchttpclient.netty.channel.DefaultChannelPool - Entry count for : http://localhost:63532 : 1
22:21:40.113 [AsyncHttpClient-1-14] DEBUG org.asynchttpclient.netty.handler.HttpHandler - 

Request DefaultHttpRequest(decodeResult: success, version: HTTP/1.1)
POST /session/c898dafc69b7fbe3794281a7a3288504/element/B868A0C7555180E4A36C22A5C448EA29_element_17/click HTTP/1.1
User-Agent: selenium/4.7.1 (java windows)
Content-Length: 57
Content-Type: application/json; charset=utf-8
host: localhost:22931
accept: */*

Response DefaultHttpResponse(decodeResult: success, version: HTTP/1.1)
HTTP/1.1 400 Bad Request
Content-Type: application/json; charset=utf-8
cache-control: no-cache
content-length: 1259

22:21:40.113 [AsyncHttpClient-1-14] DEBUG org.asynchttpclient.netty.channel.ChannelManager - Adding key: http://localhost:22931 for channel [id: 0xb77b1066, L:/127.0.0.1:63530 - R:localhost/127.0.0.1:22931]
22:21:40.372 [Forwarding clickElement on session c898dafc69b7fbe3794281a7a3288504 to remote] DEBUG org.asynchttpclient.netty.request.NettyRequestSender - Using pooled Channel '[id: 0xb77b1066, L:/127.0.0.1:63530 - R:localhost/127.0.0.1:22931]' for 'POST' to 'http://localhost:22931/session/c898dafc69b7fbe3794281a7a3288504/element/B868A0C7555180E4A36C22A5C448EA29_element_17/click'
22:21:40.372 [Forwarding clickElement on session c898dafc69b7fbe3794281a7a3288504 to remote] DEBUG org.asynchttpclient.netty.request.NettyRequestSender - Using open Channel [id: 0xb77b1066, L:/127.0.0.1:63530 - R:localhost/127.0.0.1:22931] for POST '/session/c898dafc69b7fbe3794281a7a3288504/element/B868A0C7555180E4A36C22A5C448EA29_element_17/click'
22:21:40.502 [AsyncHttpClient-1-14] DEBUG org.asynchttpclient.netty.handler.HttpHandler - 

Request DefaultHttpRequest(decodeResult: success, version: HTTP/1.1)
POST /session/c898dafc69b7fbe3794281a7a3288504/element/B868A0C7555180E4A36C22A5C448EA29_element_17/click HTTP/1.1
User-Agent: selenium/4.7.1 (java windows)
Content-Length: 57
Content-Type: application/json; charset=utf-8
host: localhost:22931
accept: */*

Response DefaultHttpResponse(decodeResult: success, version: HTTP/1.1)
HTTP/1.1 200 OK
Content-Type: application/json; charset=utf-8
cache-control: no-cache
content-length: 14

22:21:40.503 [AsyncHttpClient-1-14] DEBUG org.asynchttpclient.netty.channel.ChannelManager - Adding key: http://localhost:22931 for channel [id: 0xb77b1066, L:/127.0.0.1:63530 - R:localhost/127.0.0.1:22931]
22:21:40.517 [Forwarding getCurrentWindowHandle on session c898dafc69b7fbe3794281a7a3288504 to remote] DEBUG org.asynchttpclient.netty.request.NettyRequestSender - Using pooled Channel '[id: 0xb77b1066, L:/127.0.0.1:63530 - R:localhost/127.0.0.1:22931]' for 'GET' to 'http://localhost:22931/session/c898dafc69b7fbe3794281a7a3288504/window'
22:21:40.518 [Forwarding getCurrentWindowHandle on session c898dafc69b7fbe3794281a7a3288504 to remote] DEBUG org.asynchttpclient.netty.request.NettyRequestSender - Using open Channel [id: 0xb77b1066, L:/127.0.0.1:63530 - R:localhost/127.0.0.1:22931] for GET '/session/c898dafc69b7fbe3794281a7a3288504/window'
22:21:40.519 [AsyncHttpClient-1-14] DEBUG org.asynchttpclient.netty.handler.HttpHandler - 

Request DefaultFullHttpRequest(decodeResult: success, version: HTTP/1.1, content: EmptyByteBufBE)
GET /session/c898dafc69b7fbe3794281a7a3288504/window HTTP/1.1
User-Agent: selenium/4.7.1 (java windows)
Cache-Control: no-cache
Content-Type: application/json; charset=utf-8
host: localhost:22931
accept: */*

Response DefaultHttpResponse(decodeResult: success, version: HTTP/1.1)
HTTP/1.1 200 OK
Content-Type: application/json; charset=utf-8
cache-control: no-cache
content-length: 44

22:21:40.519 [AsyncHttpClient-1-14] DEBUG org.asynchttpclient.netty.channel.ChannelManager - Adding key: http://localhost:22931 for channel [id: 0xb77b1066, L:/127.0.0.1:63530 - R:localhost/127.0.0.1:22931]
22:21:40.523 [Forwarding getAlertText on session c898dafc69b7fbe3794281a7a3288504 to remote] DEBUG org.asynchttpclient.netty.request.NettyRequestSender - Using pooled Channel '[id: 0xb77b1066, L:/127.0.0.1:63530 - R:localhost/127.0.0.1:22931]' for 'GET' to 'http://localhost:22931/session/c898dafc69b7fbe3794281a7a3288504/alert/text'
22:21:40.523 [Forwarding getAlertText on session c898dafc69b7fbe3794281a7a3288504 to remote] DEBUG org.asynchttpclient.netty.request.NettyRequestSender - Using open Channel [id: 0xb77b1066, L:/127.0.0.1:63530 - R:localhost/127.0.0.1:22931] for GET '/session/c898dafc69b7fbe3794281a7a3288504/alert/text'
22:21:40.529 [AsyncHttpClient-1-14] DEBUG org.asynchttpclient.netty.handler.HttpHandler - 

Request DefaultFullHttpRequest(decodeResult: success, version: HTTP/1.1, content: EmptyByteBufBE)
GET /session/c898dafc69b7fbe3794281a7a3288504/alert/text HTTP/1.1
User-Agent: selenium/4.7.1 (java windows)
Cache-Control: no-cache
Content-Type: application/json; charset=utf-8
host: localhost:22931
accept: */*

Response DefaultHttpResponse(decodeResult: success, version: HTTP/1.1)
HTTP/1.1 404 Not Found
Content-Type: application/json; charset=utf-8
cache-control: no-cache
content-length: 821

22:21:40.530 [AsyncHttpClient-1-14] DEBUG org.asynchttpclient.netty.channel.ChannelManager - Adding key: http://localhost:22931 for channel [id: 0xb77b1066, L:/127.0.0.1:63530 - R:localhost/127.0.0.1:22931]
22:21:40.536 [Forwarding switchToWindow on session c898dafc69b7fbe3794281a7a3288504 to remote] DEBUG org.asynchttpclient.netty.request.NettyRequestSender - Using pooled Channel '[id: 0xb77b1066, L:/127.0.0.1:63530 - R:localhost/127.0.0.1:22931]' for 'POST' to 'http://localhost:22931/session/c898dafc69b7fbe3794281a7a3288504/window'
22:21:40.536 [Forwarding switchToWindow on session c898dafc69b7fbe3794281a7a3288504 to remote] DEBUG org.asynchttpclient.netty.request.NettyRequestSender - Using open Channel [id: 0xb77b1066, L:/127.0.0.1:63530 - R:localhost/127.0.0.1:22931] for POST '/session/c898dafc69b7fbe3794281a7a3288504/window'
22:21:40.545 [AsyncHttpClient-1-14] DEBUG org.asynchttpclient.netty.handler.HttpHandler - 

Request DefaultHttpRequest(decodeResult: success, version: HTTP/1.1)
POST /session/c898dafc69b7fbe3794281a7a3288504/window HTTP/1.1
User-Agent: selenium/4.7.1 (java windows)
Content-Length: 50
Content-Type: application/json; charset=utf-8
host: localhost:22931
accept: */*

Response DefaultHttpResponse(decodeResult: success, version: HTTP/1.1)
HTTP/1.1 200 OK
Content-Type: application/json; charset=utf-8
cache-control: no-cache
content-length: 14

22:21:40.546 [AsyncHttpClient-1-14] DEBUG org.asynchttpclient.netty.channel.ChannelManager - Adding key: http://localhost:22931 for channel [id: 0xb77b1066, L:/127.0.0.1:63530 - R:localhost/127.0.0.1:22931]
22:21:40.547 [Forwarding getCurrentUrl on session c898dafc69b7fbe3794281a7a3288504 to remote] DEBUG org.asynchttpclient.netty.request.NettyRequestSender - Using pooled Channel '[id: 0xb77b1066, L:/127.0.0.1:63530 - R:localhost/127.0.0.1:22931]' for 'GET' to 'http://localhost:22931/session/c898dafc69b7fbe3794281a7a3288504/url'
22:21:40.547 [Forwarding getCurrentUrl on session c898dafc69b7fbe3794281a7a3288504 to remote] DEBUG org.asynchttpclient.netty.request.NettyRequestSender - Using open Channel [id: 0xb77b1066, L:/127.0.0.1:63530 - R:localhost/127.0.0.1:22931] for GET '/session/c898dafc69b7fbe3794281a7a3288504/url'
22:21:40.608 [AsyncHttpClient-1-14] DEBUG org.asynchttpclient.netty.handler.HttpHandler - 

Request DefaultFullHttpRequest(decodeResult: success, version: HTTP/1.1, content: EmptyByteBufBE)
GET /session/c898dafc69b7fbe3794281a7a3288504/url HTTP/1.1
User-Agent: selenium/4.7.1 (java windows)
Cache-Control: no-cache
Content-Type: application/json; charset=utf-8
host: localhost:22931
accept: */*

Response DefaultHttpResponse(decodeResult: success, version: HTTP/1.1)
HTTP/1.1 200 OK
Content-Type: application/json; charset=utf-8
cache-control: no-cache
content-length: 55

22:21:40.609 [AsyncHttpClient-1-14] DEBUG org.asynchttpclient.netty.channel.ChannelManager - Adding key: http://localhost:22931 for channel [id: 0xb77b1066, L:/127.0.0.1:63530 - R:localhost/127.0.0.1:22931]
22:21:40.610 [Forwarding screenshot on session c898dafc69b7fbe3794281a7a3288504 to remote] DEBUG org.asynchttpclient.netty.request.NettyRequestSender - Using pooled Channel '[id: 0xb77b1066, L:/127.0.0.1:63530 - R:localhost/127.0.0.1:22931]' for 'GET' to 'http://localhost:22931/session/c898dafc69b7fbe3794281a7a3288504/screenshot'
22:21:40.610 [Forwarding screenshot on session c898dafc69b7fbe3794281a7a3288504 to remote] DEBUG org.asynchttpclient.netty.request.NettyRequestSender - Using open Channel [id: 0xb77b1066, L:/127.0.0.1:63530 - R:localhost/127.0.0.1:22931] for GET '/session/c898dafc69b7fbe3794281a7a3288504/screenshot'
22:21:40.614 [AsyncHttpClient-1-1] DEBUG org.asynchttpclient.netty.channel.DefaultChannelPool - Entry count for : http://localhost:63532 : 1
22:21:40.763 [AsyncHttpClient-1-14] DEBUG org.asynchttpclient.netty.handler.HttpHandler - 

Request DefaultFullHttpRequest(decodeResult: success, version: HTTP/1.1, content: EmptyByteBufBE)
GET /session/c898dafc69b7fbe3794281a7a3288504/screenshot HTTP/1.1
User-Agent: selenium/4.7.1 (java windows)
Cache-Control: no-cache
Content-Type: application/json; charset=utf-8
host: localhost:22931
accept: */*

Response DefaultHttpResponse(decodeResult: success, version: HTTP/1.1)
HTTP/1.1 200 OK
Content-Type: application/json; charset=utf-8
cache-control: no-cache
content-length: 100756

22:21:40.763 [AsyncHttpClient-1-14] DEBUG org.asynchttpclient.netty.channel.ChannelManager - Adding key: http://localhost:22931 for channel [id: 0xb77b1066, L:/127.0.0.1:63530 - R:localhost/127.0.0.1:22931]
22:21:40.771 [main] DEBUG net.serenitybdd.core.photography.Darkroom - Send negative for processing for target\site\serenity\82b0fe418ca1e02511453ccbbd6ad5db69ef6b690366130a1963bc28ef9459a7.png
22:21:40.771 [main] DEBUG net.thucydides.core.steps.StepInterceptor - STEP DONE: klikmenutransaksi
  &amp#27;[32mWhen &amp#27;[0m&amp#27;[32mPada Beranda, Admin klik Transaksi&amp#27;[0m           &amp#27;[90m# starter.stepdefinitions.TransaksiSteps.padaBerandaAdminKlikTransaksi()&amp#27;[0m
22:21:40.787 [main] DEBUG net.thucydides.core.steps.StepInterceptor - STARTING STEP: TransaksiSteps.adminKlikFieldCari - klikcaritransaksi
22:21:40.787 [Forwarding findElement on session c898dafc69b7fbe3794281a7a3288504 to remote] DEBUG org.asynchttpclient.netty.request.NettyRequestSender - Using pooled Channel '[id: 0xb77b1066, L:/127.0.0.1:63530 - R:localhost/127.0.0.1:22931]' for 'POST' to 'http://localhost:22931/session/c898dafc69b7fbe3794281a7a3288504/element'
22:21:40.787 [Forwarding findElement on session c898dafc69b7fbe3794281a7a3288504 to remote] DEBUG org.asynchttpclient.netty.request.NettyRequestSender - Using open Channel [id: 0xb77b1066, L:/127.0.0.1:63530 - R:localhost/127.0.0.1:22931] for POST '/session/c898dafc69b7fbe3794281a7a3288504/element'
22:21:41.712 [AsyncHttpClient-1-1] DEBUG org.asynchttpclient.netty.channel.DefaultChannelPool - Entry count for : http://localhost:63532 : 1
22:21:42.816 [AsyncHttpClient-1-1] DEBUG org.asynchttpclient.netty.channel.DefaultChannelPool - Entry count for : http://localhost:63532 : 1
22:21:42.856 [AsyncHttpClient-1-14] DEBUG org.asynchttpclient.netty.handler.HttpHandler - 

Request DefaultHttpRequest(decodeResult: success, version: HTTP/1.1)
POST /session/c898dafc69b7fbe3794281a7a3288504/element HTTP/1.1
User-Agent: selenium/4.7.1 (java windows)
Content-Length: 87
Content-Type: application/json; charset=utf-8
host: localhost:22931
accept: */*

Response DefaultHttpResponse(decodeResult: success, version: HTTP/1.1)
HTTP/1.1 404 Not Found
Content-Type: application/json; charset=utf-8
cache-control: no-cache
content-length: 961

22:21:42.856 [AsyncHttpClient-1-14] DEBUG org.asynchttpclient.netty.channel.ChannelManager - Adding key: http://localhost:22931 for channel [id: 0xb77b1066, L:/127.0.0.1:63530 - R:localhost/127.0.0.1:22931]
22:21:42.965 [Forwarding findElement on session c898dafc69b7fbe3794281a7a3288504 to remote] DEBUG org.asynchttpclient.netty.request.NettyRequestSender - Using pooled Channel '[id: 0xb77b1066, L:/127.0.0.1:63530 - R:localhost/127.0.0.1:22931]' for 'POST' to 'http://localhost:22931/session/c898dafc69b7fbe3794281a7a3288504/element'
22:21:42.965 [Forwarding findElement on session c898dafc69b7fbe3794281a7a3288504 to remote] DEBUG org.asynchttpclient.netty.request.NettyRequestSender - Using open Channel [id: 0xb77b1066, L:/127.0.0.1:63530 - R:localhost/127.0.0.1:22931] for POST '/session/c898dafc69b7fbe3794281a7a3288504/element'
22:21:43.921 [AsyncHttpClient-1-1] DEBUG org.asynchttpclient.netty.channel.DefaultChannelPool - Entry count for : http://localhost:63532 : 1
22:21:45.005 [AsyncHttpClient-1-14] DEBUG org.asynchttpclient.netty.handler.HttpHandler - 

Request DefaultHttpRequest(decodeResult: success, version: HTTP/1.1)
POST /session/c898dafc69b7fbe3794281a7a3288504/element HTTP/1.1
User-Agent: selenium/4.7.1 (java windows)
Content-Length: 87
Content-Type: application/json; charset=utf-8
host: localhost:22931
accept: */*

Response DefaultHttpResponse(decodeResult: success, version: HTTP/1.1)
HTTP/1.1 404 Not Found
Content-Type: application/json; charset=utf-8
cache-control: no-cache
content-length: 961

22:21:45.005 [AsyncHttpClient-1-14] DEBUG org.asynchttpclient.netty.channel.ChannelManager - Adding key: http://localhost:22931 for channel [id: 0xb77b1066, L:/127.0.0.1:63530 - R:localhost/127.0.0.1:22931]
22:21:45.013 [AsyncHttpClient-1-1] DEBUG org.asynchttpclient.netty.channel.DefaultChannelPool - Entry count for : http://localhost:63532 : 1
22:21:45.013 [AsyncHttpClient-1-1] DEBUG org.asynchttpclient.netty.channel.DefaultChannelPool - Entry count for : http://localhost:22931 : 1
22:21:45.113 [Forwarding findElement on session c898dafc69b7fbe3794281a7a3288504 to remote] DEBUG org.asynchttpclient.netty.request.NettyRequestSender - Using pooled Channel '[id: 0xb77b1066, L:/127.0.0.1:63530 - R:localhost/127.0.0.1:22931]' for 'POST' to 'http://localhost:22931/session/c898dafc69b7fbe3794281a7a3288504/element'
22:21:45.113 [Forwarding findElement on session c898dafc69b7fbe3794281a7a3288504 to remote] DEBUG org.asynchttpclient.netty.request.NettyRequestSender - Using open Channel [id: 0xb77b1066, L:/127.0.0.1:63530 - R:localhost/127.0.0.1:22931] for POST '/session/c898dafc69b7fbe3794281a7a3288504/element'
22:21:46.112 [AsyncHttpClient-1-1] DEBUG org.asynchttpclient.netty.channel.DefaultChannelPool - Entry count for : http://localhost:63532 : 1
22:21:47.160 [AsyncHttpClient-1-14] DEBUG org.asynchttpclient.netty.handler.HttpHandler - 

Request DefaultHttpRequest(decodeResult: success, version: HTTP/1.1)
POST /session/c898dafc69b7fbe3794281a7a3288504/element HTTP/1.1
User-Agent: selenium/4.7.1 (java windows)
Content-Length: 87
Content-Type: application/json; charset=utf-8
host: localhost:22931
accept: */*

Response DefaultHttpResponse(decodeResult: success, version: HTTP/1.1)
HTTP/1.1 404 Not Found
Content-Type: application/json; charset=utf-8
cache-control: no-cache
content-length: 961

22:21:47.160 [AsyncHttpClient-1-14] DEBUG org.asynchttpclient.netty.channel.ChannelManager - Adding key: http://localhost:22931 for channel [id: 0xb77b1066, L:/127.0.0.1:63530 - R:localhost/127.0.0.1:22931]
22:21:47.168 [Forwarding getCurrentWindowHandle on session c898dafc69b7fbe3794281a7a3288504 to remote] DEBUG org.asynchttpclient.netty.request.NettyRequestSender - Using pooled Channel '[id: 0xb77b1066, L:/127.0.0.1:63530 - R:localhost/127.0.0.1:22931]' for 'GET' to 'http://localhost:22931/session/c898dafc69b7fbe3794281a7a3288504/window'
22:21:47.168 [Forwarding getCurrentWindowHandle on session c898dafc69b7fbe3794281a7a3288504 to remote] DEBUG org.asynchttpclient.netty.request.NettyRequestSender - Using open Channel [id: 0xb77b1066, L:/127.0.0.1:63530 - R:localhost/127.0.0.1:22931] for GET '/session/c898dafc69b7fbe3794281a7a3288504/window'
22:21:47.168 [AsyncHttpClient-1-14] DEBUG org.asynchttpclient.netty.handler.HttpHandler - 

Request DefaultFullHttpRequest(decodeResult: success, version: HTTP/1.1, content: EmptyByteBufBE)
GET /session/c898dafc69b7fbe3794281a7a3288504/window HTTP/1.1
User-Agent: selenium/4.7.1 (java windows)
Cache-Control: no-cache
Content-Type: application/json; charset=utf-8
host: localhost:22931
accept: */*

Response DefaultHttpResponse(decodeResult: success, version: HTTP/1.1)
HTTP/1.1 200 OK
Content-Type: application/json; charset=utf-8
cache-control: no-cache
content-length: 44

22:21:47.168 [AsyncHttpClient-1-14] DEBUG org.asynchttpclient.netty.channel.ChannelManager - Adding key: http://localhost:22931 for channel [id: 0xb77b1066, L:/127.0.0.1:63530 - R:localhost/127.0.0.1:22931]
22:21:47.176 [Forwarding getAlertText on session c898dafc69b7fbe3794281a7a3288504 to remote] DEBUG org.asynchttpclient.netty.request.NettyRequestSender - Using pooled Channel '[id: 0xb77b1066, L:/127.0.0.1:63530 - R:localhost/127.0.0.1:22931]' for 'GET' to 'http://localhost:22931/session/c898dafc69b7fbe3794281a7a3288504/alert/text'
22:21:47.176 [Forwarding getAlertText on session c898dafc69b7fbe3794281a7a3288504 to remote] DEBUG org.asynchttpclient.netty.request.NettyRequestSender - Using open Channel [id: 0xb77b1066, L:/127.0.0.1:63530 - R:localhost/127.0.0.1:22931] for GET '/session/c898dafc69b7fbe3794281a7a3288504/alert/text'
22:21:47.176 [AsyncHttpClient-1-14] DEBUG org.asynchttpclient.netty.handler.HttpHandler - 

Request DefaultFullHttpRequest(decodeResult: success, version: HTTP/1.1, content: EmptyByteBufBE)
GET /session/c898dafc69b7fbe3794281a7a3288504/alert/text HTTP/1.1
User-Agent: selenium/4.7.1 (java windows)
Cache-Control: no-cache
Content-Type: application/json; charset=utf-8
host: localhost:22931
accept: */*

Response DefaultHttpResponse(decodeResult: success, version: HTTP/1.1)
HTTP/1.1 404 Not Found
Content-Type: application/json; charset=utf-8
cache-control: no-cache
content-length: 821

22:21:47.176 [AsyncHttpClient-1-14] DEBUG org.asynchttpclient.netty.channel.ChannelManager - Adding key: http://localhost:22931 for channel [id: 0xb77b1066, L:/127.0.0.1:63530 - R:localhost/127.0.0.1:22931]
22:21:47.184 [Forwarding switchToWindow on session c898dafc69b7fbe3794281a7a3288504 to remote] DEBUG org.asynchttpclient.netty.request.NettyRequestSender - Using pooled Channel '[id: 0xb77b1066, L:/127.0.0.1:63530 - R:localhost/127.0.0.1:22931]' for 'POST' to 'http://localhost:22931/session/c898dafc69b7fbe3794281a7a3288504/window'
22:21:47.184 [Forwarding switchToWindow on session c898dafc69b7fbe3794281a7a3288504 to remote] DEBUG org.asynchttpclient.netty.request.NettyRequestSender - Using open Channel [id: 0xb77b1066, L:/127.0.0.1:63530 - R:localhost/127.0.0.1:22931] for POST '/session/c898dafc69b7fbe3794281a7a3288504/window'
22:21:47.184 [AsyncHttpClient-1-14] DEBUG org.asynchttpclient.netty.handler.HttpHandler - 

Request DefaultHttpRequest(decodeResult: success, version: HTTP/1.1)
POST /session/c898dafc69b7fbe3794281a7a3288504/window HTTP/1.1
User-Agent: selenium/4.7.1 (java windows)
Content-Length: 50
Content-Type: application/json; charset=utf-8
host: localhost:22931
accept: */*

Response DefaultHttpResponse(decodeResult: success, version: HTTP/1.1)
HTTP/1.1 200 OK
Content-Type: application/json; charset=utf-8
cache-control: no-cache
content-length: 14

22:21:47.190 [AsyncHttpClient-1-14] DEBUG org.asynchttpclient.netty.channel.ChannelManager - Adding key: http://localhost:22931 for channel [id: 0xb77b1066, L:/127.0.0.1:63530 - R:localhost/127.0.0.1:22931]
22:21:47.190 [Forwarding getCurrentUrl on session c898dafc69b7fbe3794281a7a3288504 to remote] DEBUG org.asynchttpclient.netty.request.NettyRequestSender - Using pooled Channel '[id: 0xb77b1066, L:/127.0.0.1:63530 - R:localhost/127.0.0.1:22931]' for 'GET' to 'http://localhost:22931/session/c898dafc69b7fbe3794281a7a3288504/url'
22:21:47.190 [Forwarding getCurrentUrl on session c898dafc69b7fbe3794281a7a3288504 to remote] DEBUG org.asynchttpclient.netty.request.NettyRequestSender - Using open Channel [id: 0xb77b1066, L:/127.0.0.1:63530 - R:localhost/127.0.0.1:22931] for GET '/session/c898dafc69b7fbe3794281a7a3288504/url'
22:21:47.200 [AsyncHttpClient-1-14] DEBUG org.asynchttpclient.netty.handler.HttpHandler - 

Request DefaultFullHttpRequest(decodeResult: success, version: HTTP/1.1, content: EmptyByteBufBE)
GET /session/c898dafc69b7fbe3794281a7a3288504/url HTTP/1.1
User-Agent: selenium/4.7.1 (java windows)
Cache-Control: no-cache
Content-Type: application/json; charset=utf-8
host: localhost:22931
accept: */*

Response DefaultHttpResponse(decodeResult: success, version: HTTP/1.1)
HTTP/1.1 200 OK
Content-Type: application/json; charset=utf-8
cache-control: no-cache
content-length: 55

22:21:47.200 [AsyncHttpClient-1-14] DEBUG org.asynchttpclient.netty.channel.ChannelManager - Adding key: http://localhost:22931 for channel [id: 0xb77b1066, L:/127.0.0.1:63530 - R:localhost/127.0.0.1:22931]
22:21:47.200 [Forwarding screenshot on session c898dafc69b7fbe3794281a7a3288504 to remote] DEBUG org.asynchttpclient.netty.request.NettyRequestSender - Using pooled Channel '[id: 0xb77b1066, L:/127.0.0.1:63530 - R:localhost/127.0.0.1:22931]' for 'GET' to 'http://localhost:22931/session/c898dafc69b7fbe3794281a7a3288504/screenshot'
22:21:47.200 [Forwarding screenshot on session c898dafc69b7fbe3794281a7a3288504 to remote] DEBUG org.asynchttpclient.netty.request.NettyRequestSender - Using open Channel [id: 0xb77b1066, L:/127.0.0.1:63530 - R:localhost/127.0.0.1:22931] for GET '/session/c898dafc69b7fbe3794281a7a3288504/screenshot'
22:21:47.214 [AsyncHttpClient-1-1] DEBUG org.asynchttpclient.netty.channel.DefaultChannelPool - Entry count for : http://localhost:63532 : 1
22:21:47.341 [AsyncHttpClient-1-14] DEBUG org.asynchttpclient.netty.handler.HttpHandler - 

Request DefaultFullHttpRequest(decodeResult: success, version: HTTP/1.1, content: EmptyByteBufBE)
GET /session/c898dafc69b7fbe3794281a7a3288504/screenshot HTTP/1.1
User-Agent: selenium/4.7.1 (java windows)
Cache-Control: no-cache
Content-Type: application/json; charset=utf-8
host: localhost:22931
accept: */*

Response DefaultHttpResponse(decodeResult: success, version: HTTP/1.1)
HTTP/1.1 200 OK
Content-Type: application/json; charset=utf-8
cache-control: no-cache
content-length: 100756

22:21:47.341 [AsyncHttpClient-1-14] DEBUG org.asynchttpclient.netty.channel.ChannelManager - Adding key: http://localhost:22931 for channel [id: 0xb77b1066, L:/127.0.0.1:63530 - R:localhost/127.0.0.1:22931]
22:21:47.350 [main] DEBUG net.serenitybdd.core.photography.Darkroom - Send negative for processing for target\site\serenity\82b0fe418ca1e02511453ccbbd6ad5db69ef6b690366130a1963bc28ef9459a7.png
22:21:47.350 [Forwarding getPageSource on session c898dafc69b7fbe3794281a7a3288504 to remote] DEBUG org.asynchttpclient.netty.request.NettyRequestSender - Using pooled Channel '[id: 0xb77b1066, L:/127.0.0.1:63530 - R:localhost/127.0.0.1:22931]' for 'POST' to 'http://localhost:22931/session/c898dafc69b7fbe3794281a7a3288504/execute/sync'
22:21:47.350 [Forwarding getPageSource on session c898dafc69b7fbe3794281a7a3288504 to remote] DEBUG org.asynchttpclient.netty.request.NettyRequestSender - Using open Channel [id: 0xb77b1066, L:/127.0.0.1:63530 - R:localhost/127.0.0.1:22931] for POST '/session/c898dafc69b7fbe3794281a7a3288504/execute/sync'
22:21:47.374 [AsyncHttpClient-1-14] DEBUG org.asynchttpclient.netty.handler.HttpHandler - 

Request DefaultHttpRequest(decodeResult: success, version: HTTP/1.1)
POST /session/c898dafc69b7fbe3794281a7a3288504/execute/sync HTTP/1.1
User-Agent: selenium/4.7.1 (java windows)
Content-Length: 176
Content-Type: application/json; charset=utf-8
host: localhost:22931
accept: */*

Response DefaultHttpResponse(decodeResult: success, version: HTTP/1.1)
HTTP/1.1 200 OK
Content-Type: application/json; charset=utf-8
cache-control: no-cache
content-length: 60830

22:21:47.374 [AsyncHttpClient-1-14] DEBUG org.asynchttpclient.netty.channel.ChannelManager - Adding key: http://localhost:22931 for channel [id: 0xb77b1066, L:/127.0.0.1:63530 - R:localhost/127.0.0.1:22931]
22:21:47.406 [Forwarding getCurrentUrl on session c898dafc69b7fbe3794281a7a3288504 to remote] DEBUG org.asynchttpclient.netty.request.NettyRequestSender - Using pooled Channel '[id: 0xb77b1066, L:/127.0.0.1:63530 - R:localhost/127.0.0.1:22931]' for 'GET' to 'http://localhost:22931/session/c898dafc69b7fbe3794281a7a3288504/url'
22:21:47.406 [Forwarding getCurrentUrl on session c898dafc69b7fbe3794281a7a3288504 to remote] DEBUG org.asynchttpclient.netty.request.NettyRequestSender - Using open Channel [id: 0xb77b1066, L:/127.0.0.1:63530 - R:localhost/127.0.0.1:22931] for GET '/session/c898dafc69b7fbe3794281a7a3288504/url'
22:21:47.422 [AsyncHttpClient-1-14] DEBUG org.asynchttpclient.netty.handler.HttpHandler - 

Request DefaultFullHttpRequest(decodeResult: success, version: HTTP/1.1, content: EmptyByteBufBE)
GET /session/c898dafc69b7fbe3794281a7a3288504/url HTTP/1.1
User-Agent: selenium/4.7.1 (java windows)
Cache-Control: no-cache
Content-Type: application/json; charset=utf-8
host: localhost:22931
accept: */*

Response DefaultHttpResponse(decodeResult: success, version: HTTP/1.1)
HTTP/1.1 200 OK
Content-Type: application/json; charset=utf-8
cache-control: no-cache
content-length: 55

22:21:47.422 [AsyncHttpClient-1-14] DEBUG org.asynchttpclient.netty.channel.ChannelManager - Adding key: http://localhost:22931 for channel [id: 0xb77b1066, L:/127.0.0.1:63530 - R:localhost/127.0.0.1:22931]
  &amp#27;[31mAnd &amp#27;[0m&amp#27;[31mAdmin klik field cari&amp#27;[0m                         &amp#27;[90m# starter.stepdefinitions.TransaksiSteps.adminKlikFieldCari()&amp#27;[0m
      &amp#27;[31mnet.thucydides.core.webdriver.exceptions.ElementShouldBeEnabledException: Expected enabled element was not enabled
	at net.serenitybdd.core.pages.WebElementFacadeImpl.waitUntilEnabled(WebElementFacadeImpl.java:1122)
	at net.serenitybdd.core.pages.WebElementFacadeImpl.waitUntilElementAvailable(WebElementFacadeImpl.java:906)
	at net.serenitybdd.core.pages.WebElementFacadeImpl.click(WebElementFacadeImpl.java:1204)
	at net.serenitybdd.core.pages.WebElementFacadeImpl.click(WebElementFacadeImpl.java:1224)
	at skuypayweb@1.0-SNAPSHOT/starter.pages.TransaksiPage.klikcaritransaksi(TransaksiPage.java:96)
	at skuypayweb@1.0-SNAPSHOT/starter.pages.TransaksiPage$ByteBuddy$kt9FdcJS.klikcaritransaksi$accessor$PVoTZRgc(Unknown Source)
	at java.base/jdk.internal.reflect.DirectMethodHandleAccessor.invoke(DirectMethodHandleAccessor.java:104)
	at java.base/java.lang.reflect.Method.invoke(Method.java:578)
	at net.thucydides.core.steps.StepInterceptor.invokeMethod(StepInterceptor.java:503)
	at net.thucydides.core.steps.StepInterceptor.executeTestStepMethod(StepInterceptor.java:483)
	at net.thucydides.core.steps.StepInterceptor.runTestStep(StepInterceptor.java:457)
	at net.thucydides.core.steps.StepInterceptor.runOrSkipMethod(StepInterceptor.java:209)
	at net.thucydides.core.steps.StepInterceptor.testStepResult(StepInterceptor.java:196)
	at net.thucydides.core.steps.StepInterceptor.intercept(StepInterceptor.java:84)
	at net.thucydides.core.steps.ProxyConfiguration$InterceptorDispatcher.intercept(ProxyConfiguration.java:51)
	at skuypayweb@1.0-SNAPSHOT/starter.pages.TransaksiPage$ByteBuddy$kt9FdcJS.klikcaritransaksi(Unknown Source)
	at skuypayweb@1.0-SNAPSHOT/starter.stepdefinitions.TransaksiSteps.adminKlikFieldCari(TransaksiSteps.java:47)
	at ✽.Admin klik field cari(file:///C:/Dev/CapstoneProjectBaru/SKUYPAY%20WEB%20AUTOMATION/src/test/resources/features/Transaksi.feature:31)
Caused by: org.openqa.selenium.TimeoutException: Expected condition failed: waiting for By.xpath: //input[@placeholder="Cari Transaksi"] to be enabled (tried for 5 second(s) with 100 milliseconds interval)
	at org.openqa.selenium.support.ui.FluentWait.timeoutException(FluentWait.java:263)
	at org.openqa.selenium.support.ui.FluentWait.until(FluentWait.java:231)
	at net.serenitybdd.core.pages.WebElementFacadeImpl.waitUntilEnabled(WebElementFacadeImpl.java:1119)
	at net.serenitybdd.core.pages.WebElementFacadeImpl.waitUntilElementAvailable(WebElementFacadeImpl.java:906)
	at net.serenitybdd.core.pages.WebElementFacadeImpl.click(WebElementFacadeImpl.java:1204)
	at net.serenitybdd.core.pages.WebElementFacadeImpl.click(WebElementFacadeImpl.java:1224)
	at skuypayweb@1.0-SNAPSHOT/starter.pages.TransaksiPage.klikcaritransaksi(TransaksiPage.java:96)
	at skuypayweb@1.0-SNAPSHOT/starter.pages.TransaksiPage$ByteBuddy$kt9FdcJS.klikcaritransaksi$accessor$PVoTZRgc(Unknown Source)
	at java.base/jdk.internal.reflect.DirectMethodHandleAccessor.invoke(DirectMethodHandleAccessor.java:104)
	at java.base/java.lang.reflect.Method.invoke(Method.java:578)
	at net.thucydides.core.steps.StepInterceptor.invokeMethod(StepInterceptor.java:503)
	at net.thucydides.core.steps.StepInterceptor.executeTestStepMethod(StepInterceptor.java:483)
	at net.thucydides.core.steps.StepInterceptor.runTestStep(StepInterceptor.java:457)
	at net.thucydides.core.steps.StepInterceptor.runOrSkipMethod(StepInterceptor.java:209)
	at net.thucydides.core.steps.StepInterceptor.testStepResult(StepInterceptor.java:196)
	at net.thucydides.core.steps.StepInterceptor.intercept(StepInterceptor.java:84)
	at net.thucydides.core.steps.ProxyConfiguration$InterceptorDispatcher.intercept(ProxyConfiguration.java:51)
	at skuypayweb@1.0-SNAPSHOT/starter.pages.TransaksiPage$ByteBuddy$kt9FdcJS.klikcaritransaksi(Unknown Source)
	at skuypayweb@1.0-SNAPSHOT/starter.stepdefinitions.TransaksiSteps.adminKlikFieldCari(TransaksiSteps.java:47)
	at java.base/jdk.internal.reflect.DirectMethodHandleAccessor.invoke(DirectMethodHandleAccessor.java:104)
	at java.base/java.lang.reflect.Method.invoke(Method.java:578)
	at io.cucumber.java.Invoker.doInvoke(Invoker.java:66)
	at io.cucumber.java.Invoker.invoke(Invoker.java:24)
	at io.cucumber.java.AbstractGlueDefinition.invokeMethod(AbstractGlueDefinition.java:47)
	at io.cucumber.java.JavaStepDefinition.execute(JavaStepDefinition.java:29)
	at io.cucumber.core.runner.CoreStepDefinition.execute(CoreStepDefinition.java:66)
	at io.cucumber.core.runner.PickleStepDefinitionMatch.runStep(PickleStepDefinitionMatch.java:63)
	at io.cucumber.core.runner.ExecutionMode$1.execute(ExecutionMode.java:10)
	at io.cucumber.core.runner.TestStep.executeStep(TestStep.java:85)
	at io.cucumber.core.runner.TestStep.run(TestStep.java:57)
	at io.cucumber.core.runner.PickleStepTestStep.run(PickleStepTestStep.java:51)
	at io.cucumber.core.runner.TestCase.run(TestCase.java:84)
	at io.cucumber.core.runner.Runner.runPickle(Runner.java:75)
	at io.cucumber.junit.PickleRunners$NoStepDescriptions.lambda$run$0(PickleRunners.java:151)
	at io.cucumber.core.runtime.CucumberExecutionContext.lambda$runTestCase$5(CucumberExecutionContext.java:129)
	at io.cucumber.core.runtime.RethrowingThrowableCollector.executeAndThrow(RethrowingThrowableCollector.java:23)
	at io.cucumber.core.runtime.CucumberExecutionContext.runTestCase(CucumberExecutionContext.java:129)
	at io.cucumber.junit.PickleRunners$NoStepDescriptions.run(PickleRunners.java:148)
	at io.cucumber.junit.FeatureRunner.runChild(FeatureRunner.java:144)
	at io.cucumber.junit.FeatureRunner.runChild(FeatureRunner.java:28)
	at org.junit.runners.ParentRunner$4.run(ParentRunner.java:331)
	at org.junit.runners.ParentRunner$1.schedule(ParentRunner.java:79)
	at org.junit.runners.ParentRunner.runChildren(ParentRunner.java:329)
	at org.junit.runners.ParentRunner.access$100(ParentRunner.java:66)
	at org.junit.runners.ParentRunner$2.evaluate(ParentRunner.java:293)
	at org.junit.runners.ParentRunner$3.evaluate(ParentRunner.java:306)
	at org.junit.runners.ParentRunner.run(ParentRunner.java:413)
	at io.cucumber.junit.FeatureRunner.run(FeatureRunner.java:137)
	at io.cucumber.junit.CucumberSerenityRunner.runChild(CucumberSerenityRunner.java:259)
	at io.cucumber.junit.CucumberSerenityRunner.runChild(CucumberSerenityRunner.java:59)
	at org.junit.runners.ParentRunner$4.run(ParentRunner.java:331)
	at org.junit.runners.ParentRunner$1.schedule(ParentRunner.java:79)
	at org.junit.runners.ParentRunner.runChildren(ParentRunner.java:329)
	at org.junit.runners.ParentRunner.access$100(ParentRunner.java:66)
	at org.junit.runners.ParentRunner$2.evaluate(ParentRunner.java:293)
	at io.cucumber.junit.CucumberSerenityRunner$RunCucumber.evaluate(CucumberSerenityRunner.java:288)
	at org.junit.runners.ParentRunner$3.evaluate(ParentRunner.java:306)
	at org.junit.runners.ParentRunner.run(ParentRunner.java:413)
	at org.junit.runner.JUnitCore.run(JUnitCore.java:137)
	at org.junit.runner.JUnitCore.run(JUnitCore.java:115)
	at org.junit.vintage.engine.execution.RunnerExecutor.execute(RunnerExecutor.java:42)
	at org.junit.vintage.engine.VintageTestEngine.executeAllChildren(VintageTestEngine.java:80)
	at org.junit.vintage.engine.VintageTestEngine.execute(VintageTestEngine.java:72)
	at org.junit.platform.launcher.core.EngineExecutionOrchestrator.execute(EngineExecutionOrchestrator.java:107)
	at org.junit.platform.launcher.core.EngineExecutionOrchestrator.execute(EngineExecutionOrchestrator.java:88)
	at org.junit.platform.launcher.core.EngineExecutionOrchestrator.lambda$execute$0(EngineExecutionOrchestrator.java:54)
	at org.junit.platform.launcher.core.EngineExecutionOrchestrator.withInterceptedStreams(EngineExecutionOrchestrator.java:67)
	at org.junit.platform.launcher.core.EngineExecutionOrchestrator.execute(EngineExecutionOrchestrator.java:52)
	at org.junit.platform.launcher.core.DefaultLauncher.execute(DefaultLauncher.java:114)
	at org.junit.platform.launcher.core.DefaultLauncher.execute(DefaultLauncher.java:86)
	at org.junit.platform.launcher.core.DefaultLauncherSession$DelegatingLauncher.execute(DefaultLauncherSession.java:86)
	at org.junit.platform.launcher.core.SessionPerRequestLauncher.execute(SessionPerRequestLauncher.java:53)
	at org.apache.maven.surefire.junitplatform.JUnitPlatformProvider.execute(JUnitPlatformProvider.java:188)
	at org.apache.maven.surefire.junitplatform.JUnitPlatformProvider.invokeAllTests(JUnitPlatformProvider.java:154)
	at org.apache.maven.surefire.junitplatform.JUnitPlatformProvider.invoke(JUnitPlatformProvider.java:128)
	at org.apache.maven.surefire.booter.ForkedBooter.runSuitesInProcess(ForkedBooter.java:428)
	at org.apache.maven.surefire.booter.ForkedBooter.execute(ForkedBooter.java:162)
	at org.apache.maven.surefire.booter.ForkedBooter.run(ForkedBooter.java:562)
	at org.apache.maven.surefire.booter.ForkedBooter.main(ForkedBooter.java:548)
Caused by: org.openqa.selenium.NoSuchElementException: no such element: Unable to locate element: {"method":"xpath","selector":"//input[@placeholder="Cari Transaksi"]"}
  (Session info: chrome=114.0.5735.134)
For documentation on this error, please visit: https://selenium.dev/exceptions/#no_such_element
Build info: version: '4.7.1', revision: 'c6795baf1a3'
System info: os.name: 'Windows 11', os.arch: 'amd64', os.version: '10.0', java.version: '19.0.2'
Driver info: org.openqa.selenium.chrome.ChromeDriver
Command: [c898dafc69b7fbe3794281a7a3288504, findElement {using=xpath, value=//input[@placeholder="Cari Transaksi"]}]
Capabilities {acceptInsecureCerts: true, browserName: chrome, browserVersion: 114.0.5735.134, chrome: {chromedriverVersion: 114.0.5735.90 (386bc09e8f4f..., userDataDir: C:\Users\HP\AppData\Local\T...}, goog:chromeOptions: {debuggerAddress: localhost:63532}, networkConnectionEnabled: false, pageLoadStrategy: normal, platformName: WINDOWS, proxy: Proxy(), se:cdp: ws://localhost:63532/devtoo..., se:cdpVersion: 114.0.5735.134, setWindowRect: true, strictFileInteractability: false, timeouts: {implicit: 0, pageLoad: 300000, script: 30000}, unhandledPromptBehavior: dismiss and notify, webauthn:extension:credBlob: true, webauthn:extension:largeBlob: true, webauthn:extension:minPinLength: true, webauthn:extension:prf: true, webauthn:virtualAuthenticators: true}
Session ID: c898dafc69b7fbe3794281a7a3288504
	at java.base/jdk.internal.reflect.DirectConstructorHandleAccessor.newInstance(DirectConstructorHandleAccessor.java:67)
	at java.base/java.lang.reflect.Constructor.newInstanceWithCaller(Constructor.java:500)
	at java.base/java.lang.reflect.Constructor.newInstance(Constructor.java:484)
	at org.openqa.selenium.remote.codec.w3c.W3CHttpResponseCodec.createException(W3CHttpResponseCodec.java:200)
	at org.openqa.selenium.remote.codec.w3c.W3CHttpResponseCodec.decode(W3CHttpResponseCodec.java:133)
	at org.openqa.selenium.remote.codec.w3c.W3CHttpResponseCodec.decode(W3CHttpResponseCodec.java:53)
	at org.openqa.selenium.remote.HttpCommandExecutor.execute(HttpCommandExecutor.java:184)
	at org.openqa.selenium.remote.service.DriverCommandExecutor.invokeExecute(DriverCommandExecutor.java:167)
	at org.openqa.selenium.remote.service.DriverCommandExecutor.execute(DriverCommandExecutor.java:142)
	at org.openqa.selenium.remote.RemoteWebDriver.execute(RemoteWebDriver.java:551)
	at org.openqa.selenium.remote.ElementLocation$ElementFinder$2.findElement(ElementLocation.java:162)
	at org.openqa.selenium.remote.ElementLocation.findElement(ElementLocation.java:60)
	at org.openqa.selenium.remote.RemoteWebDriver.findElement(RemoteWebDriver.java:367)
	at org.openqa.selenium.remote.RemoteWebDriver.findElement(RemoteWebDriver.java:359)
	at net.thucydides.core.webdriver.WebDriverFacade.findElement(WebDriverFacade.java:239)
	at net.serenitybdd.core.pages.WebElementResolverByLocator.resolveForDriver(WebElementResolverByLocator.java:25)
	at net.serenitybdd.core.pages.WebElementFacadeImpl.getResolvedElement(WebElementFacadeImpl.java:189)
	at net.serenitybdd.core.pages.WebElementFacadeImpl.getElement(WebElementFacadeImpl.java:184)
	at net.serenitybdd.core.pages.WebElementExpectations$3.apply(WebElementExpectations.java:63)
	at net.serenitybdd.core.pages.WebElementExpectations$3.apply(WebElementExpectations.java:55)
	at org.openqa.selenium.support.ui.FluentWait.until(FluentWait.java:208)
	... 77 more
&amp#27;[0m
  &amp#27;[36mThen &amp#27;[0m&amp#27;[36mAdmin input field cari&amp#27;[0m                       &amp#27;[90m# starter.stepdefinitions.TransaksiSteps.adminInputFieldCari()&amp#27;[0m
  &amp#27;[36mAnd &amp#27;[0m&amp#27;[36mAdmin klik enter dan terlihat hasil pencarian&amp#27;[0m &amp#27;[90m# starter.stepdefinitions.TransaksiSteps.adminKlikEnter()&amp#27;[0m
22:21:47.494 [main] ERROR  - 
  _____   ___   ___   _____     ___     _     ___   _      ___   ___  
 |_   _| | __| / __| |_   _|   | __|   /_\   |_ _| | |    | __| |   \ 
   | |   | _|  \__ \   | |     | _|   / _ \   | |  | |__  | _|  | |) |
   |_|   |___| |___/   |_|     |_|   /_/ \_\ |___| |____| |___| |___/ 

Admin dapat mencari transaksi
-----------------------------------------------------------------------
22:21:47.494 [main] DEBUG  - RELATED ISSUES: 
22:21:47.494 [main] ERROR  -     Test failed at step: Klikcaritransaksi
22:21:47.494 [main] ERROR  -     Expected enabled element was not enabled
22:21:47.503 [Driver Command Executor] DEBUG org.asynchttpclient.netty.request.NettyRequestSender - Using pooled Channel '[id: 0xb77b1066, L:/127.0.0.1:63530 - R:localhost/127.0.0.1:22931]' for 'DELETE' to 'http://localhost:22931/session/c898dafc69b7fbe3794281a7a3288504'
22:21:47.503 [Driver Command Executor] DEBUG org.asynchttpclient.netty.request.NettyRequestSender - Using open Channel [id: 0xb77b1066, L:/127.0.0.1:63530 - R:localhost/127.0.0.1:22931] for DELETE '/session/c898dafc69b7fbe3794281a7a3288504'
22:21:47.506 [AsyncHttpClient-1-16] DEBUG org.asynchttpclient.netty.handler.WebSocketHandler - Channel Closed: [id: 0xa5ad1e95, L:/127.0.0.1:63540 ! R:localhost/127.0.0.1:63532] with attribute NettyResponseFuture{currentRetry=0,
	isDone=1,
	isCancelled=0,
	asyncHandler=org.asynchttpclient.ws.WebSocketUpgradeHandler@77f584,
	nettyRequest=org.asynchttpclient.netty.request.NettyRequest@45756bee,
	future=java.util.concurrent.CompletableFuture@337b358a[Completed normally],
	uri=ws://localhost:63532/devtools/browser/602ea0f4-1a10-4ea9-8363-e94f87851b2c,
	keepAlive=true,
	redirectCount=0,
	timeoutsHolder=null,
	inAuth=0,
	touch=1687620092888}
22:21:47.506 [AsyncHttpClient-1-16] DEBUG org.asynchttpclient.netty.channel.ChannelManager - Closing Channel [id: 0xa5ad1e95, L:/127.0.0.1:63540 ! R:localhost/127.0.0.1:63532] 
22:21:47.615 [AsyncHttpClient-1-15] DEBUG org.asynchttpclient.netty.handler.HttpHandler - Unexpected I/O exception on channel [id: 0x4a178e6d, L:/127.0.0.1:63539 - R:localhost/127.0.0.1:63532]
java.net.SocketException: Connection reset
	at java.base/sun.nio.ch.SocketChannelImpl.throwConnectionReset(SocketChannelImpl.java:401)
	at java.base/sun.nio.ch.SocketChannelImpl.read(SocketChannelImpl.java:434)
	at io.netty.buffer.PooledByteBuf.setBytes(PooledByteBuf.java:259)
	at io.netty.buffer.AbstractByteBuf.writeBytes(AbstractByteBuf.java:1132)
	at io.netty.channel.socket.nio.NioSocketChannel.doReadBytes(NioSocketChannel.java:357)
	at io.netty.channel.nio.AbstractNioByteChannel$NioByteUnsafe.read(AbstractNioByteChannel.java:151)
	at io.netty.channel.nio.NioEventLoop.processSelectedKey(NioEventLoop.java:788)
	at io.netty.channel.nio.NioEventLoop.processSelectedKeysOptimized(NioEventLoop.java:724)
	at io.netty.channel.nio.NioEventLoop.processSelectedKeys(NioEventLoop.java:650)
	at io.netty.channel.nio.NioEventLoop.run(NioEventLoop.java:562)
	at io.netty.util.concurrent.SingleThreadEventExecutor$4.run(SingleThreadEventExecutor.java:997)
	at io.netty.util.internal.ThreadExecutorMap$2.run(ThreadExecutorMap.java:74)
	at io.netty.util.concurrent.FastThreadLocalRunnable.run(FastThreadLocalRunnable.java:30)
	at java.base/java.lang.Thread.run(Thread.java:1589)
22:21:47.615 [AsyncHttpClient-1-15] DEBUG org.asynchttpclient.netty.channel.ChannelManager - Closing Channel [id: 0x4a178e6d, L:/127.0.0.1:63539 - R:localhost/127.0.0.1:63532] 
22:21:47.615 [AsyncHttpClient-1-15] DEBUG org.asynchttpclient.netty.handler.HttpHandler - Channel Closed: [id: 0x4a178e6d, L:/127.0.0.1:63539 ! R:localhost/127.0.0.1:63532] with attribute DISCARD
22:21:47.812 [AsyncHttpClient-1-14] DEBUG org.asynchttpclient.netty.handler.HttpHandler - 

Request DefaultFullHttpRequest(decodeResult: success, version: HTTP/1.1, content: EmptyByteBufBE)
DELETE /session/c898dafc69b7fbe3794281a7a3288504 HTTP/1.1
User-Agent: selenium/4.7.1 (java windows)
Content-Type: application/json; charset=utf-8
host: localhost:22931
accept: */*

Response DefaultHttpResponse(decodeResult: success, version: HTTP/1.1)
HTTP/1.1 200 OK
Content-Type: application/json; charset=utf-8
cache-control: no-cache
content-length: 14

22:21:47.812 [AsyncHttpClient-1-14] DEBUG org.asynchttpclient.netty.channel.ChannelManager - Adding key: http://localhost:22931 for channel [id: 0xb77b1066, L:/127.0.0.1:63530 - R:localhost/127.0.0.1:22931]
22:21:47.908 [AsyncHttpClient-1-14] DEBUG org.asynchttpclient.netty.handler.HttpHandler - Channel Closed: [id: 0xb77b1066, L:/127.0.0.1:63530 ! R:localhost/127.0.0.1:22931] with attribute DISCARD
]]></system-out>
    <system-err><![CDATA[Starting ChromeDriver 114.0.5735.90 (386bc09e8f4f2e025eddae123f36f6263096ae49-refs/branch-heads/5735@{#1052}) on port 22931
Only local connections are allowed.
Please see https://chromedriver.chromium.org/security-considerations for suggestions on keeping ChromeDriver safe.
ChromeDriver was started successfully.
Jun 24, 2023 10:21:32 PM org.openqa.selenium.devtools.CdpVersionFinder findNearestMatch
WARNING: Unable to find CDP implementation matching 114
Jun 24, 2023 10:21:32 PM org.openqa.selenium.chromium.ChromiumDriver lambda$new$3
WARNING: Unable to find version of CDP to use for . You may need to include a dependency on a specific version of the CDP using something similar to `org.seleniumhq.selenium:selenium-devtools-v86:4.7.1` where the version ("v86") matches the version of the chromium-based browser you're using and the version number of the artifact is the same as Selenium's.
]]></system-err>
  </testcase>
</testsuite>