<?xml version="1.0" encoding="UTF-8"?>
<testsuite xmlns:xsi="http://www.w3.org/2001/XMLSchema-instance" xsi:noNamespaceSchemaLocation="https://maven.apache.org/surefire/maven-failsafe-plugin/xsd/failsafe-test-report-3.0.xsd" version="3.0" name="starter.CucumberTestSuite" time="35.216" tests="1" errors="1" skipped="0" failures="0">
  <properties>
    <property name="java.specification.version" value="19"/>
    <property name="webdriver.chrome.driver" value="C:\Users\HP\.cache\selenium\chromedriver\win32\114.0.5735.90\chromedriver.exe"/>
    <property name="sun.cpu.isalist" value="amd64"/>
    <property name="sun.jnu.encoding" value="Cp1252"/>
    <property name="java.class.path" value="C:\Dev\CapstoneProjectBaru\SKUYPAY WEB AUTOMATION\target\test-classes;C:\Users\HP\.m2\repository\net\serenity-bdd\serenity-core\3.5.1\serenity-core-3.5.1.jar;C:\Users\HP\.m2\repository\net\serenity-bdd\serenity-model\3.5.1\serenity-model-3.5.1.jar;C:\Users\HP\.m2\repository\org\apache\commons\commons-text\1.10.0\commons-text-1.10.0.jar;C:\Users\HP\.m2\repository\commons-net\commons-net\3.8.0\commons-net-3.8.0.jar;C:\Users\HP\.m2\repository\com\google\guava\guava\31.1-jre\guava-31.1-jre.jar;C:\Users\HP\.m2\repository\com\google\guava\failureaccess\1.0.1\failureaccess-1.0.1.jar;C:\Users\HP\.m2\repository\com\google\guava\listenablefuture\9999.0-empty-to-avoid-conflict-with-guava\listenablefuture-9999.0-empty-to-avoid-conflict-with-guava.jar;C:\Users\HP\.m2\repository\com\google\code\findbugs\jsr305\3.0.2\jsr305-3.0.2.jar;C:\Users\HP\.m2\repository\org\checkerframework\checker-qual\3.12.0\checker-qual-3.12.0.jar;C:\Users\HP\.m2\repository\com\google\errorprone\error_prone_annotations\2.11.0\error_prone_annotations-2.11.0.jar;C:\Users\HP\.m2\repository\com\google\j2objc\j2objc-annotations\1.3\j2objc-annotations-1.3.jar;C:\Users\HP\.m2\repository\com\google\inject\guice\5.1.0\guice-5.1.0.jar;C:\Users\HP\.m2\repository\javax\inject\javax.inject\1\javax.inject-1.jar;C:\Users\HP\.m2\repository\aopalliance\aopalliance\1.0\aopalliance-1.0.jar;C:\Users\HP\.m2\repository\org\jsoup\jsoup\1.14.3\jsoup-1.14.3.jar;C:\Users\HP\.m2\repository\com\thoughtworks\xstream\xstream\1.4.19\xstream-1.4.19.jar;C:\Users\HP\.m2\repository\io\github\x-stream\mxparser\1.2.2\mxparser-1.2.2.jar;C:\Users\HP\.m2\repository\xmlpull\xmlpull\1.1.3.1\xmlpull-1.1.3.1.jar;C:\Users\HP\.m2\repository\com\typesafe\config\1.4.2\config-1.4.2.jar;C:\Users\HP\.m2\repository\org\imgscalr\imgscalr-lib\4.2\imgscalr-lib-4.2.jar;C:\Users\HP\.m2\repository\org\awaitility\awaitility\4.2.0\awaitility-4.2.0.jar;C:\Users\HP\.m2\repository\org\freemarker\freemarker\2.3.31\freemarker-2.3.31.jar;C:\Users\HP\.m2\repository\io\github\classgraph\classgraph\4.8.138\classgraph-4.8.138.jar;C:\Users\HP\.m2\repository\net\sourceforge\jexcelapi\jxl\2.6.12\jxl-2.6.12.jar;C:\Users\HP\.m2\repository\net\bytebuddy\byte-buddy-agent\1.12.18\byte-buddy-agent-1.12.18.jar;C:\Users\HP\.m2\repository\org\objenesis\objenesis\3.1\objenesis-3.1.jar;C:\Users\HP\.m2\repository\net\serenity-bdd\serenity-reports\3.5.1\serenity-reports-3.5.1.jar;C:\Users\HP\.m2\repository\net\serenity-bdd\serenity-stats\3.5.1\serenity-stats-3.5.1.jar;C:\Users\HP\.m2\repository\net\serenity-bdd\serenity-reports-configuration\3.5.1\serenity-reports-configuration-3.5.1.jar;C:\Users\HP\.m2\repository\com\vladsch\flexmark\flexmark-all\0.34.30\flexmark-all-0.34.30.jar;C:\Users\HP\.m2\repository\com\vladsch\flexmark\flexmark\0.34.30\flexmark-0.34.30.jar;C:\Users\HP\.m2\repository\com\vladsch\flexmark\flexmark-ext-abbreviation\0.34.30\flexmark-ext-abbreviation-0.34.30.jar;C:\Users\HP\.m2\repository\com\vladsch\flexmark\flexmark-ext-admonition\0.34.30\flexmark-ext-admonition-0.34.30.jar;C:\Users\HP\.m2\repository\com\vladsch\flexmark\flexmark-ext-anchorlink\0.34.30\flexmark-ext-anchorlink-0.34.30.jar;C:\Users\HP\.m2\repository\com\vladsch\flexmark\flexmark-ext-aside\0.34.30\flexmark-ext-aside-0.34.30.jar;C:\Users\HP\.m2\repository\com\vladsch\flexmark\flexmark-ext-attributes\0.34.30\flexmark-ext-attributes-0.34.30.jar;C:\Users\HP\.m2\repository\com\vladsch\flexmark\flexmark-ext-autolink\0.34.30\flexmark-ext-autolink-0.34.30.jar;C:\Users\HP\.m2\repository\org\nibor\autolink\autolink\0.6.0\autolink-0.6.0.jar;C:\Users\HP\.m2\repository\com\vladsch\flexmark\flexmark-ext-definition\0.34.30\flexmark-ext-definition-0.34.30.jar;C:\Users\HP\.m2\repository\com\vladsch\flexmark\flexmark-ext-emoji\0.34.30\flexmark-ext-emoji-0.34.30.jar;C:\Users\HP\.m2\repository\com\vladsch\flexmark\flexmark-ext-enumerated-reference\0.34.30\flexmark-ext-enumerated-reference-0.34.30.jar;C:\Users\HP\.m2\repository\com\vladsch\flexmark\flexmark-ext-escaped-character\0.34.30\flexmark-ext-escaped-character-0.34.30.jar;C:\Users\HP\.m2\repository\com\vladsch\flexmark\flexmark-ext-footnotes\0.34.30\flexmark-ext-footnotes-0.34.30.jar;C:\Users\HP\.m2\repository\com\vladsch\flexmark\flexmark-ext-gfm-issues\0.34.30\flexmark-ext-gfm-issues-0.34.30.jar;C:\Users\HP\.m2\repository\com\vladsch\flexmark\flexmark-ext-gfm-strikethrough\0.34.30\flexmark-ext-gfm-strikethrough-0.34.30.jar;C:\Users\HP\.m2\repository\com\vladsch\flexmark\flexmark-ext-gfm-tables\0.34.30\flexmark-ext-gfm-tables-0.34.30.jar;C:\Users\HP\.m2\repository\com\vladsch\flexmark\flexmark-ext-gfm-tasklist\0.34.30\flexmark-ext-gfm-tasklist-0.34.30.jar;C:\Users\HP\.m2\repository\com\vladsch\flexmark\flexmark-ext-gfm-users\0.34.30\flexmark-ext-gfm-users-0.34.30.jar;C:\Users\HP\.m2\repository\com\vladsch\flexmark\flexmark-ext-gitlab\0.34.30\flexmark-ext-gitlab-0.34.30.jar;C:\Users\HP\.m2\repository\com\vladsch\flexmark\flexmark-ext-jekyll-front-matter\0.34.30\flexmark-ext-jekyll-front-matter-0.34.30.jar;C:\Users\HP\.m2\repository\com\vladsch\flexmark\flexmark-ext-jekyll-tag\0.34.30\flexmark-ext-jekyll-tag-0.34.30.jar;C:\Users\HP\.m2\repository\com\vladsch\flexmark\flexmark-ext-media-tags\0.34.30\flexmark-ext-media-tags-0.34.30.jar;C:\Users\HP\.m2\repository\com\vladsch\flexmark\flexmark-test-util\0.34.30\flexmark-test-util-0.34.30.jar;C:\Users\HP\.m2\repository\com\vladsch\flexmark\flexmark-ext-ins\0.34.30\flexmark-ext-ins-0.34.30.jar;C:\Users\HP\.m2\repository\com\vladsch\flexmark\flexmark-ext-xwiki-macros\0.34.30\flexmark-ext-xwiki-macros-0.34.30.jar;C:\Users\HP\.m2\repository\com\vladsch\flexmark\flexmark-ext-superscript\0.34.30\flexmark-ext-superscript-0.34.30.jar;C:\Users\HP\.m2\repository\com\vladsch\flexmark\flexmark-ext-tables\0.34.30\flexmark-ext-tables-0.34.30.jar;C:\Users\HP\.m2\repository\com\vladsch\flexmark\flexmark-ext-toc\0.34.30\flexmark-ext-toc-0.34.30.jar;C:\Users\HP\.m2\repository\com\vladsch\flexmark\flexmark-ext-typographic\0.34.30\flexmark-ext-typographic-0.34.30.jar;C:\Users\HP\.m2\repository\com\vladsch\flexmark\flexmark-ext-wikilink\0.34.30\flexmark-ext-wikilink-0.34.30.jar;C:\Users\HP\.m2\repository\com\vladsch\flexmark\flexmark-ext-yaml-front-matter\0.34.30\flexmark-ext-yaml-front-matter-0.34.30.jar;C:\Users\HP\.m2\repository\com\vladsch\flexmark\flexmark-ext-youtube-embedded\0.34.30\flexmark-ext-youtube-embedded-0.34.30.jar;C:\Users\HP\.m2\repository\com\vladsch\flexmark\flexmark-formatter\0.34.30\flexmark-formatter-0.34.30.jar;C:\Users\HP\.m2\repository\com\vladsch\flexmark\flexmark-html-parser\0.34.30\flexmark-html-parser-0.34.30.jar;C:\Users\HP\.m2\repository\com\vladsch\flexmark\flexmark-jira-converter\0.34.30\flexmark-jira-converter-0.34.30.jar;C:\Users\HP\.m2\repository\com\vladsch\flexmark\flexmark-pdf-converter\0.34.30\flexmark-pdf-converter-0.34.30.jar;C:\Users\HP\.m2\repository\com\openhtmltopdf\openhtmltopdf-core\0.0.1-RC13\openhtmltopdf-core-0.0.1-RC13.jar;C:\Users\HP\.m2\repository\com\openhtmltopdf\openhtmltopdf-pdfbox\0.0.1-RC13\openhtmltopdf-pdfbox-0.0.1-RC13.jar;C:\Users\HP\.m2\repository\org\apache\pdfbox\pdfbox\2.0.8\pdfbox-2.0.8.jar;C:\Users\HP\.m2\repository\org\apache\pdfbox\fontbox\2.0.8\fontbox-2.0.8.jar;C:\Users\HP\.m2\repository\org\apache\pdfbox\xmpbox\2.0.8\xmpbox-2.0.8.jar;C:\Users\HP\.m2\repository\de\rototor\pdfbox\graphics2d\0.12\graphics2d-0.12.jar;C:\Users\HP\.m2\repository\com\openhtmltopdf\openhtmltopdf-rtl-support\0.0.1-RC13\openhtmltopdf-rtl-support-0.0.1-RC13.jar;C:\Users\HP\.m2\repository\com\ibm\icu\icu4j\59.1\icu4j-59.1.jar;C:\Users\HP\.m2\repository\com\openhtmltopdf\openhtmltopdf-jsoup-dom-converter\0.0.1-RC13\openhtmltopdf-jsoup-dom-converter-0.0.1-RC13.jar;C:\Users\HP\.m2\repository\com\vladsch\flexmark\flexmark-profile-pegdown\0.34.30\flexmark-profile-pegdown-0.34.30.jar;C:\Users\HP\.m2\repository\com\vladsch\flexmark\flexmark-util\0.34.30\flexmark-util-0.34.30.jar;C:\Users\HP\.m2\repository\com\vladsch\flexmark\flexmark-youtrack-converter\0.34.30\flexmark-youtrack-converter-0.34.30.jar;C:\Users\HP\.m2\repository\es\nitaur\markdown\txtmark\0.16\txtmark-0.16.jar;C:\Users\HP\.m2\repository\net\serenity-bdd\serenity-report-resources\3.5.1\serenity-report-resources-3.5.1.jar;C:\Users\HP\.m2\repository\com\google\code\gson\gson\2.9.0\gson-2.9.0.jar;C:\Users\HP\.m2\repository\com\fasterxml\jackson\core\jackson-core\2.13.4\jackson-core-2.13.4.jar;C:\Users\HP\.m2\repository\com\fasterxml\jackson\core\jackson-databind\2.13.4\jackson-databind-2.13.4.jar;C:\Users\HP\.m2\repository\com\fasterxml\jackson\core\jackson-annotations\2.13.4\jackson-annotations-2.13.4.jar;C:\Users\HP\.m2\repository\commons-codec\commons-codec\1.15\commons-codec-1.15.jar;C:\Users\HP\.m2\repository\commons-io\commons-io\2.11.0\commons-io-2.11.0.jar;C:\Users\HP\.m2\repository\org\apache\httpcomponents\httpclient\4.5.13\httpclient-4.5.13.jar;C:\Users\HP\.m2\repository\org\apache\httpcomponents\httpcore\4.4.13\httpcore-4.4.13.jar;C:\Users\HP\.m2\repository\commons-logging\commons-logging\1.2\commons-logging-1.2.jar;C:\Users\HP\.m2\repository\org\seleniumhq\selenium\selenium-java\4.7.1\selenium-java-4.7.1.jar;C:\Users\HP\.m2\repository\org\seleniumhq\selenium\selenium-devtools-v106\4.7.1\selenium-devtools-v106-4.7.1.jar;C:\Users\HP\.m2\repository\org\seleniumhq\selenium\selenium-devtools-v107\4.7.1\selenium-devtools-v107-4.7.1.jar;C:\Users\HP\.m2\repository\org\seleniumhq\selenium\selenium-devtools-v108\4.7.1\selenium-devtools-v108-4.7.1.jar;C:\Users\HP\.m2\repository\org\seleniumhq\selenium\selenium-devtools-v85\4.7.1\selenium-devtools-v85-4.7.1.jar;C:\Users\HP\.m2\repository\org\seleniumhq\selenium\selenium-remote-driver\4.7.1\selenium-remote-driver-4.7.1.jar;C:\Users\HP\.m2\repository\com\beust\jcommander\1.82\jcommander-1.82.jar;C:\Users\HP\.m2\repository\io\netty\netty-buffer\4.1.84.Final\netty-buffer-4.1.84.Final.jar;C:\Users\HP\.m2\repository\io\netty\netty-codec-http\4.1.84.Final\netty-codec-http-4.1.84.Final.jar;C:\Users\HP\.m2\repository\io\netty\netty-codec\4.1.84.Final\netty-codec-4.1.84.Final.jar;C:\Users\HP\.m2\repository\io\netty\netty-handler\4.1.84.Final\netty-handler-4.1.84.Final.jar;C:\Users\HP\.m2\repository\io\netty\netty-common\4.1.84.Final\netty-common-4.1.84.Final.jar;C:\Users\HP\.m2\repository\io\netty\netty-transport-classes-epoll\4.1.84.Final\netty-transport-classes-epoll-4.1.84.Final.jar;C:\Users\HP\.m2\repository\io\netty\netty-transport-classes-kqueue\4.1.84.Final\netty-transport-classes-kqueue-4.1.84.Final.jar;C:\Users\HP\.m2\repository\io\netty\netty-transport-native-epoll\4.1.84.Final\netty-transport-native-epoll-4.1.84.Final.jar;C:\Users\HP\.m2\repository\io\netty\netty-transport-native-kqueue\4.1.84.Final\netty-transport-native-kqueue-4.1.84.Final.jar;C:\Users\HP\.m2\repository\io\netty\netty-transport-native-unix-common\4.1.84.Final\netty-transport-native-unix-common-4.1.84.Final.jar;C:\Users\HP\.m2\repository\io\netty\netty-transport\4.1.84.Final\netty-transport-4.1.84.Final.jar;C:\Users\HP\.m2\repository\io\netty\netty-resolver\4.1.84.Final\netty-resolver-4.1.84.Final.jar;C:\Users\HP\.m2\repository\io\opentelemetry\opentelemetry-api\1.19.0\opentelemetry-api-1.19.0.jar;C:\Users\HP\.m2\repository\io\opentelemetry\opentelemetry-context\1.19.0\opentelemetry-context-1.19.0.jar;C:\Users\HP\.m2\repository\io\opentelemetry\opentelemetry-exporter-logging\1.19.0\opentelemetry-exporter-logging-1.19.0.jar;C:\Users\HP\.m2\repository\io\opentelemetry\opentelemetry-sdk-metrics\1.19.0\opentelemetry-sdk-metrics-1.19.0.jar;C:\Users\HP\.m2\repository\io\opentelemetry\opentelemetry-sdk-logs\1.19.0-alpha\opentelemetry-sdk-logs-1.19.0-alpha.jar;C:\Users\HP\.m2\repository\io\opentelemetry\opentelemetry-api-logs\1.19.0-alpha\opentelemetry-api-logs-1.19.0-alpha.jar;C:\Users\HP\.m2\repository\io\opentelemetry\opentelemetry-sdk-common\1.19.0\opentelemetry-sdk-common-1.19.0.jar;C:\Users\HP\.m2\repository\io\opentelemetry\opentelemetry-sdk-extension-autoconfigure-spi\1.19.0\opentelemetry-sdk-extension-autoconfigure-spi-1.19.0.jar;C:\Users\HP\.m2\repository\io\opentelemetry\opentelemetry-sdk-extension-autoconfigure\1.19.0-alpha\opentelemetry-sdk-extension-autoconfigure-1.19.0-alpha.jar;C:\Users\HP\.m2\repository\io\opentelemetry\opentelemetry-exporter-common\1.19.0\opentelemetry-exporter-common-1.19.0.jar;C:\Users\HP\.m2\repository\io\opentelemetry\opentelemetry-sdk-trace\1.19.0\opentelemetry-sdk-trace-1.19.0.jar;C:\Users\HP\.m2\repository\io\opentelemetry\opentelemetry-sdk\1.19.0\opentelemetry-sdk-1.19.0.jar;C:\Users\HP\.m2\repository\io\opentelemetry\opentelemetry-semconv\1.19.0-alpha\opentelemetry-semconv-1.19.0-alpha.jar;C:\Users\HP\.m2\repository\io\ous\jtoml\2.0.0\jtoml-2.0.0.jar;C:\Users\HP\.m2\repository\org\apache\commons\commons-exec\1.3\commons-exec-1.3.jar;C:\Users\HP\.m2\repository\org\asynchttpclient\async-http-client\2.12.3\async-http-client-2.12.3.jar;C:\Users\HP\.m2\repository\org\asynchttpclient\async-http-client-netty-utils\2.12.3\async-http-client-netty-utils-2.12.3.jar;C:\Users\HP\.m2\repository\io\netty\netty-codec-socks\4.1.60.Final\netty-codec-socks-4.1.60.Final.jar;C:\Users\HP\.m2\repository\io\netty\netty-handler-proxy\4.1.60.Final\netty-handler-proxy-4.1.60.Final.jar;C:\Users\HP\.m2\repository\io\netty\netty-transport-native-epoll\4.1.60.Final\netty-transport-native-epoll-4.1.60.Final-linux-x86_64.jar;C:\Users\HP\.m2\repository\io\netty\netty-transport-native-kqueue\4.1.60.Final\netty-transport-native-kqueue-4.1.60.Final-osx-x86_64.jar;C:\Users\HP\.m2\repository\org\reactivestreams\reactive-streams\1.0.3\reactive-streams-1.0.3.jar;C:\Users\HP\.m2\repository\com\typesafe\netty\netty-reactive-streams\2.0.4\netty-reactive-streams-2.0.4.jar;C:\Users\HP\.m2\repository\org\seleniumhq\selenium\selenium-manager\4.7.1\selenium-manager-4.7.1.jar;C:\Users\HP\.m2\repository\org\seleniumhq\selenium\selenium-safari-driver\4.7.1\selenium-safari-driver-4.7.1.jar;C:\Users\HP\.m2\repository\org\seleniumhq\selenium\selenium-api\4.7.1\selenium-api-4.7.1.jar;C:\Users\HP\.m2\repository\org\seleniumhq\selenium\selenium-support\4.7.1\selenium-support-4.7.1.jar;C:\Users\HP\.m2\repository\com\google\auto\service\auto-service-annotations\1.0.1\auto-service-annotations-1.0.1.jar;C:\Users\HP\.m2\repository\com\google\auto\service\auto-service\1.0.1\auto-service-1.0.1.jar;C:\Users\HP\.m2\repository\com\google\auto\auto-common\1.2\auto-common-1.2.jar;C:\Users\HP\.m2\repository\org\seleniumhq\selenium\selenium-json\4.7.1\selenium-json-4.7.1.jar;C:\Users\HP\.m2\repository\org\seleniumhq\selenium\selenium-chrome-driver\4.7.1\selenium-chrome-driver-4.7.1.jar;C:\Users\HP\.m2\repository\org\seleniumhq\selenium\selenium-chromium-driver\4.7.1\selenium-chromium-driver-4.7.1.jar;C:\Users\HP\.m2\repository\org\seleniumhq\selenium\selenium-firefox-driver\4.7.1\selenium-firefox-driver-4.7.1.jar;C:\Users\HP\.m2\repository\org\seleniumhq\selenium\selenium-http\4.7.1\selenium-http-4.7.1.jar;C:\Users\HP\.m2\repository\dev\failsafe\failsafe\3.3.0\failsafe-3.3.0.jar;C:\Users\HP\.m2\repository\org\seleniumhq\selenium\selenium-edge-driver\4.7.1\selenium-edge-driver-4.7.1.jar;C:\Users\HP\.m2\repository\org\seleniumhq\selenium\selenium-ie-driver\4.7.1\selenium-ie-driver-4.7.1.jar;C:\Users\HP\.m2\repository\org\projectlombok\lombok\1.18.20\lombok-1.18.20.jar;C:\Users\HP\.m2\repository\io\appium\java-client\8.3.0\java-client-8.3.0.jar;C:\Users\HP\.m2\repository\commons-validator\commons-validator\1.7\commons-validator-1.7.jar;C:\Users\HP\.m2\repository\commons-digester\commons-digester\2.1\commons-digester-2.1.jar;C:\Users\HP\.m2\repository\org\apache\groovy\groovy\4.0.6\groovy-4.0.6.jar;C:\Users\HP\.m2\repository\net\sf\opencsv\opencsv\2.0\opencsv-2.0.jar;C:\Users\HP\.m2\repository\commons-beanutils\commons-beanutils\1.9.4\commons-beanutils-1.9.4.jar;C:\Users\HP\.m2\repository\org\apache\commons\commons-lang3\3.12.0\commons-lang3-3.12.0.jar;C:\Users\HP\.m2\repository\commons-collections\commons-collections\3.2.2\commons-collections-3.2.2.jar;C:\Users\HP\.m2\repository\org\fluentlenium\fluentlenium-core\0.10.2\fluentlenium-core-0.10.2.jar;C:\Users\HP\.m2\repository\io\github\bonigarcia\webdrivermanager\5.3.0\webdrivermanager-5.3.0.jar;C:\Users\HP\.m2\repository\com\github\docker-java\docker-java\3.2.13\docker-java-3.2.13.jar;C:\Users\HP\.m2\repository\com\github\docker-java\docker-java-core\3.2.13\docker-java-core-3.2.13.jar;C:\Users\HP\.m2\repository\com\github\docker-java\docker-java-api\3.2.13\docker-java-api-3.2.13.jar;C:\Users\HP\.m2\repository\org\apache\commons\commons-compress\1.21\commons-compress-1.21.jar;C:\Users\HP\.m2\repository\org\bouncycastle\bcpkix-jdk15on\1.64\bcpkix-jdk15on-1.64.jar;C:\Users\HP\.m2\repository\org\bouncycastle\bcprov-jdk15on\1.64\bcprov-jdk15on-1.64.jar;C:\Users\HP\.m2\repository\org\slf4j\jcl-over-slf4j\1.7.30\jcl-over-slf4j-1.7.30.jar;C:\Users\HP\.m2\repository\com\github\docker-java\docker-java-transport-httpclient5\3.2.13\docker-java-transport-httpclient5-3.2.13.jar;C:\Users\HP\.m2\repository\com\github\docker-java\docker-java-transport\3.2.13\docker-java-transport-3.2.13.jar;C:\Users\HP\.m2\repository\net\java\dev\jna\jna\5.8.0\jna-5.8.0.jar;C:\Users\HP\.m2\repository\org\brotli\dec\0.1.2\dec-0.1.2.jar;C:\Users\HP\.m2\repository\org\apache\httpcomponents\client5\httpclient5\5.1.3\httpclient5-5.1.3.jar;C:\Users\HP\.m2\repository\org\apache\httpcomponents\core5\httpcore5\5.1.3\httpcore5-5.1.3.jar;C:\Users\HP\.m2\repository\org\apache\httpcomponents\core5\httpcore5-h2\5.1.3\httpcore5-h2-5.1.3.jar;C:\Users\HP\.m2\repository\com\jhlabs\filters\2.0.235\filters-2.0.235.jar;C:\Users\HP\.m2\repository\com\paulhammant\ngwebdriver\1.1.6\ngwebdriver-1.1.6.jar;C:\Users\HP\.m2\repository\joda-time\joda-time\2.8.2\joda-time-2.8.2.jar;C:\Users\HP\.m2\repository\org\hamcrest\hamcrest\2.2\hamcrest-2.2.jar;C:\Users\HP\.m2\repository\com\google\jimfs\jimfs\1.2\jimfs-1.2.jar;C:\Users\HP\.m2\repository\org\mockito\mockito-core\3.3.3\mockito-core-3.3.3.jar;C:\Users\HP\.m2\repository\javax\xml\bind\jaxb-api\2.3.1\jaxb-api-2.3.1.jar;C:\Users\HP\.m2\repository\javax\activation\javax.activation-api\1.2.0\javax.activation-api-1.2.0.jar;C:\Users\HP\.m2\repository\com\sun\xml\bind\jaxb-core\2.3.0.1\jaxb-core-2.3.0.1.jar;C:\Users\HP\.m2\repository\com\sun\xml\bind\jaxb-impl\2.3.3\jaxb-impl-2.3.3.jar;C:\Users\HP\.m2\repository\jakarta\xml\bind\jakarta.xml.bind-api\2.3.3\jakarta.xml.bind-api-2.3.3.jar;C:\Users\HP\.m2\repository\com\sun\activation\jakarta.activation\1.2.2\jakarta.activation-1.2.2.jar;C:\Users\HP\.m2\repository\javax\activation\activation\1.1.1\activation-1.1.1.jar;C:\Users\HP\.m2\repository\net\serenity-bdd\serenity-cucumber\3.5.1\serenity-cucumber-3.5.1.jar;C:\Users\HP\.m2\repository\io\cucumber\cucumber-core\7.8.1\cucumber-core-7.8.1.jar;C:\Users\HP\.m2\repository\io\cucumber\cucumber-gherkin\7.8.1\cucumber-gherkin-7.8.1.jar;C:\Users\HP\.m2\repository\io\cucumber\cucumber-gherkin-messages\7.8.1\cucumber-gherkin-messages-7.8.1.jar;C:\Users\HP\.m2\repository\io\cucumber\gherkin\24.0.0\gherkin-24.0.0.jar;C:\Users\HP\.m2\repository\io\cucumber\messages\19.1.4\messages-19.1.4.jar;C:\Users\HP\.m2\repository\io\cucumber\tag-expressions\4.1.0\tag-expressions-4.1.0.jar;C:\Users\HP\.m2\repository\io\cucumber\cucumber-expressions\16.0.0\cucumber-expressions-16.0.0.jar;C:\Users\HP\.m2\repository\io\cucumber\datatable\7.8.1\datatable-7.8.1.jar;C:\Users\HP\.m2\repository\io\cucumber\cucumber-plugin\7.8.1\cucumber-plugin-7.8.1.jar;C:\Users\HP\.m2\repository\io\cucumber\docstring\7.8.1\docstring-7.8.1.jar;C:\Users\HP\.m2\repository\io\cucumber\html-formatter\20.1.0\html-formatter-20.1.0.jar;C:\Users\HP\.m2\repository\io\cucumber\ci-environment\9.1.0\ci-environment-9.1.0.jar;C:\Users\HP\.m2\repository\io\cucumber\cucumber-java\7.8.1\cucumber-java-7.8.1.jar;C:\Users\HP\.m2\repository\io\cucumber\cucumber-junit\7.8.1\cucumber-junit-7.8.1.jar;C:\Users\HP\.m2\repository\org\apache\commons\commons-csv\1.5\commons-csv-1.5.jar;C:\Users\HP\.m2\repository\net\serenity-bdd\serenity-screenplay\3.5.1\serenity-screenplay-3.5.1.jar;C:\Users\HP\.m2\repository\net\serenity-bdd\serenity-screenplay-webdriver\3.5.1\serenity-screenplay-webdriver-3.5.1.jar;C:\Users\HP\.m2\repository\net\serenity-bdd\serenity-ensure\3.5.1\serenity-ensure-3.5.1.jar;C:\Users\HP\.m2\repository\net\serenity-bdd\serenity-junit\3.5.1\serenity-junit-3.5.1.jar;C:\Users\HP\.m2\repository\org\jetbrains\kotlin\kotlin-stdlib\1.7.21\kotlin-stdlib-1.7.21.jar;C:\Users\HP\.m2\repository\org\jetbrains\kotlin\kotlin-stdlib-common\1.7.21\kotlin-stdlib-common-1.7.21.jar;C:\Users\HP\.m2\repository\org\jetbrains\annotations\13.0\annotations-13.0.jar;C:\Users\HP\.m2\repository\org\junit\platform\junit-platform-launcher\1.8.2\junit-platform-launcher-1.8.2.jar;C:\Users\HP\.m2\repository\org\junit\platform\junit-platform-engine\1.8.2\junit-platform-engine-1.8.2.jar;C:\Users\HP\.m2\repository\org\opentest4j\opentest4j\1.2.0\opentest4j-1.2.0.jar;C:\Users\HP\.m2\repository\org\junit\platform\junit-platform-commons\1.8.2\junit-platform-commons-1.8.2.jar;C:\Users\HP\.m2\repository\org\apiguardian\apiguardian-api\1.1.2\apiguardian-api-1.1.2.jar;C:\Users\HP\.m2\repository\org\junit\jupiter\junit-jupiter-engine\5.8.2\junit-jupiter-engine-5.8.2.jar;C:\Users\HP\.m2\repository\org\junit\jupiter\junit-jupiter-api\5.8.2\junit-jupiter-api-5.8.2.jar;C:\Users\HP\.m2\repository\org\junit\vintage\junit-vintage-engine\5.8.2\junit-vintage-engine-5.8.2.jar;C:\Users\HP\.m2\repository\junit\junit\4.13.2\junit-4.13.2.jar;C:\Users\HP\.m2\repository\org\hamcrest\hamcrest-core\1.3\hamcrest-core-1.3.jar;C:\Users\HP\.m2\repository\ch\qos\logback\logback-classic\1.2.10\logback-classic-1.2.10.jar;C:\Users\HP\.m2\repository\ch\qos\logback\logback-core\1.2.10\logback-core-1.2.10.jar;C:\Users\HP\.m2\repository\org\slf4j\slf4j-api\1.7.32\slf4j-api-1.7.32.jar;C:\Users\HP\.m2\repository\org\assertj\assertj-core\3.23.1\assertj-core-3.23.1.jar;C:\Users\HP\.m2\repository\net\bytebuddy\byte-buddy\1.12.10\byte-buddy-1.12.10.jar;"/>
    <property name="java.vm.vendor" value="Oracle Corporation"/>
    <property name="sun.arch.data.model" value="64"/>
    <property name="user.variant" value=""/>
    <property name="java.vendor.url" value="https://java.oracle.com/"/>
    <property name="user.timezone" value="Asia/Jakarta"/>
    <property name="log4j2.formatMsgNoLookups" value="true"/>
    <property name="os.name" value="Windows 11"/>
    <property name="java.vm.specification.version" value="19"/>
    <property name="sun.java.launcher" value="SUN_STANDARD"/>
    <property name="user.country" value="ID"/>
    <property name="sun.boot.library.path" value="C:\Program Files\Java\jdk-19\bin"/>
    <property name="sun.java.command" value="org.apache.maven.surefire.booter.ForkedBooter C:\Users\HP\AppData\Local\Temp\surefire477954485896498978 2023-06-24T00-42-57_455-jvmRun1 surefire2555066751985969868tmp surefire_07817262978429669963tmp"/>
    <property name="jdk.debug" value="release"/>
    <property name="surefire.test.class.path" value="C:\Dev\CapstoneProjectBaru\SKUYPAY WEB AUTOMATION\target\test-classes;C:\Users\HP\.m2\repository\net\serenity-bdd\serenity-core\3.5.1\serenity-core-3.5.1.jar;C:\Users\HP\.m2\repository\net\serenity-bdd\serenity-model\3.5.1\serenity-model-3.5.1.jar;C:\Users\HP\.m2\repository\org\apache\commons\commons-text\1.10.0\commons-text-1.10.0.jar;C:\Users\HP\.m2\repository\commons-net\commons-net\3.8.0\commons-net-3.8.0.jar;C:\Users\HP\.m2\repository\com\google\guava\guava\31.1-jre\guava-31.1-jre.jar;C:\Users\HP\.m2\repository\com\google\guava\failureaccess\1.0.1\failureaccess-1.0.1.jar;C:\Users\HP\.m2\repository\com\google\guava\listenablefuture\9999.0-empty-to-avoid-conflict-with-guava\listenablefuture-9999.0-empty-to-avoid-conflict-with-guava.jar;C:\Users\HP\.m2\repository\com\google\code\findbugs\jsr305\3.0.2\jsr305-3.0.2.jar;C:\Users\HP\.m2\repository\org\checkerframework\checker-qual\3.12.0\checker-qual-3.12.0.jar;C:\Users\HP\.m2\repository\com\google\errorprone\error_prone_annotations\2.11.0\error_prone_annotations-2.11.0.jar;C:\Users\HP\.m2\repository\com\google\j2objc\j2objc-annotations\1.3\j2objc-annotations-1.3.jar;C:\Users\HP\.m2\repository\com\google\inject\guice\5.1.0\guice-5.1.0.jar;C:\Users\HP\.m2\repository\javax\inject\javax.inject\1\javax.inject-1.jar;C:\Users\HP\.m2\repository\aopalliance\aopalliance\1.0\aopalliance-1.0.jar;C:\Users\HP\.m2\repository\org\jsoup\jsoup\1.14.3\jsoup-1.14.3.jar;C:\Users\HP\.m2\repository\com\thoughtworks\xstream\xstream\1.4.19\xstream-1.4.19.jar;C:\Users\HP\.m2\repository\io\github\x-stream\mxparser\1.2.2\mxparser-1.2.2.jar;C:\Users\HP\.m2\repository\xmlpull\xmlpull\1.1.3.1\xmlpull-1.1.3.1.jar;C:\Users\HP\.m2\repository\com\typesafe\config\1.4.2\config-1.4.2.jar;C:\Users\HP\.m2\repository\org\imgscalr\imgscalr-lib\4.2\imgscalr-lib-4.2.jar;C:\Users\HP\.m2\repository\org\awaitility\awaitility\4.2.0\awaitility-4.2.0.jar;C:\Users\HP\.m2\repository\org\freemarker\freemarker\2.3.31\freemarker-2.3.31.jar;C:\Users\HP\.m2\repository\io\github\classgraph\classgraph\4.8.138\classgraph-4.8.138.jar;C:\Users\HP\.m2\repository\net\sourceforge\jexcelapi\jxl\2.6.12\jxl-2.6.12.jar;C:\Users\HP\.m2\repository\net\bytebuddy\byte-buddy-agent\1.12.18\byte-buddy-agent-1.12.18.jar;C:\Users\HP\.m2\repository\org\objenesis\objenesis\3.1\objenesis-3.1.jar;C:\Users\HP\.m2\repository\net\serenity-bdd\serenity-reports\3.5.1\serenity-reports-3.5.1.jar;C:\Users\HP\.m2\repository\net\serenity-bdd\serenity-stats\3.5.1\serenity-stats-3.5.1.jar;C:\Users\HP\.m2\repository\net\serenity-bdd\serenity-reports-configuration\3.5.1\serenity-reports-configuration-3.5.1.jar;C:\Users\HP\.m2\repository\com\vladsch\flexmark\flexmark-all\0.34.30\flexmark-all-0.34.30.jar;C:\Users\HP\.m2\repository\com\vladsch\flexmark\flexmark\0.34.30\flexmark-0.34.30.jar;C:\Users\HP\.m2\repository\com\vladsch\flexmark\flexmark-ext-abbreviation\0.34.30\flexmark-ext-abbreviation-0.34.30.jar;C:\Users\HP\.m2\repository\com\vladsch\flexmark\flexmark-ext-admonition\0.34.30\flexmark-ext-admonition-0.34.30.jar;C:\Users\HP\.m2\repository\com\vladsch\flexmark\flexmark-ext-anchorlink\0.34.30\flexmark-ext-anchorlink-0.34.30.jar;C:\Users\HP\.m2\repository\com\vladsch\flexmark\flexmark-ext-aside\0.34.30\flexmark-ext-aside-0.34.30.jar;C:\Users\HP\.m2\repository\com\vladsch\flexmark\flexmark-ext-attributes\0.34.30\flexmark-ext-attributes-0.34.30.jar;C:\Users\HP\.m2\repository\com\vladsch\flexmark\flexmark-ext-autolink\0.34.30\flexmark-ext-autolink-0.34.30.jar;C:\Users\HP\.m2\repository\org\nibor\autolink\autolink\0.6.0\autolink-0.6.0.jar;C:\Users\HP\.m2\repository\com\vladsch\flexmark\flexmark-ext-definition\0.34.30\flexmark-ext-definition-0.34.30.jar;C:\Users\HP\.m2\repository\com\vladsch\flexmark\flexmark-ext-emoji\0.34.30\flexmark-ext-emoji-0.34.30.jar;C:\Users\HP\.m2\repository\com\vladsch\flexmark\flexmark-ext-enumerated-reference\0.34.30\flexmark-ext-enumerated-reference-0.34.30.jar;C:\Users\HP\.m2\repository\com\vladsch\flexmark\flexmark-ext-escaped-character\0.34.30\flexmark-ext-escaped-character-0.34.30.jar;C:\Users\HP\.m2\repository\com\vladsch\flexmark\flexmark-ext-footnotes\0.34.30\flexmark-ext-footnotes-0.34.30.jar;C:\Users\HP\.m2\repository\com\vladsch\flexmark\flexmark-ext-gfm-issues\0.34.30\flexmark-ext-gfm-issues-0.34.30.jar;C:\Users\HP\.m2\repository\com\vladsch\flexmark\flexmark-ext-gfm-strikethrough\0.34.30\flexmark-ext-gfm-strikethrough-0.34.30.jar;C:\Users\HP\.m2\repository\com\vladsch\flexmark\flexmark-ext-gfm-tables\0.34.30\flexmark-ext-gfm-tables-0.34.30.jar;C:\Users\HP\.m2\repository\com\vladsch\flexmark\flexmark-ext-gfm-tasklist\0.34.30\flexmark-ext-gfm-tasklist-0.34.30.jar;C:\Users\HP\.m2\repository\com\vladsch\flexmark\flexmark-ext-gfm-users\0.34.30\flexmark-ext-gfm-users-0.34.30.jar;C:\Users\HP\.m2\repository\com\vladsch\flexmark\flexmark-ext-gitlab\0.34.30\flexmark-ext-gitlab-0.34.30.jar;C:\Users\HP\.m2\repository\com\vladsch\flexmark\flexmark-ext-jekyll-front-matter\0.34.30\flexmark-ext-jekyll-front-matter-0.34.30.jar;C:\Users\HP\.m2\repository\com\vladsch\flexmark\flexmark-ext-jekyll-tag\0.34.30\flexmark-ext-jekyll-tag-0.34.30.jar;C:\Users\HP\.m2\repository\com\vladsch\flexmark\flexmark-ext-media-tags\0.34.30\flexmark-ext-media-tags-0.34.30.jar;C:\Users\HP\.m2\repository\com\vladsch\flexmark\flexmark-test-util\0.34.30\flexmark-test-util-0.34.30.jar;C:\Users\HP\.m2\repository\com\vladsch\flexmark\flexmark-ext-ins\0.34.30\flexmark-ext-ins-0.34.30.jar;C:\Users\HP\.m2\repository\com\vladsch\flexmark\flexmark-ext-xwiki-macros\0.34.30\flexmark-ext-xwiki-macros-0.34.30.jar;C:\Users\HP\.m2\repository\com\vladsch\flexmark\flexmark-ext-superscript\0.34.30\flexmark-ext-superscript-0.34.30.jar;C:\Users\HP\.m2\repository\com\vladsch\flexmark\flexmark-ext-tables\0.34.30\flexmark-ext-tables-0.34.30.jar;C:\Users\HP\.m2\repository\com\vladsch\flexmark\flexmark-ext-toc\0.34.30\flexmark-ext-toc-0.34.30.jar;C:\Users\HP\.m2\repository\com\vladsch\flexmark\flexmark-ext-typographic\0.34.30\flexmark-ext-typographic-0.34.30.jar;C:\Users\HP\.m2\repository\com\vladsch\flexmark\flexmark-ext-wikilink\0.34.30\flexmark-ext-wikilink-0.34.30.jar;C:\Users\HP\.m2\repository\com\vladsch\flexmark\flexmark-ext-yaml-front-matter\0.34.30\flexmark-ext-yaml-front-matter-0.34.30.jar;C:\Users\HP\.m2\repository\com\vladsch\flexmark\flexmark-ext-youtube-embedded\0.34.30\flexmark-ext-youtube-embedded-0.34.30.jar;C:\Users\HP\.m2\repository\com\vladsch\flexmark\flexmark-formatter\0.34.30\flexmark-formatter-0.34.30.jar;C:\Users\HP\.m2\repository\com\vladsch\flexmark\flexmark-html-parser\0.34.30\flexmark-html-parser-0.34.30.jar;C:\Users\HP\.m2\repository\com\vladsch\flexmark\flexmark-jira-converter\0.34.30\flexmark-jira-converter-0.34.30.jar;C:\Users\HP\.m2\repository\com\vladsch\flexmark\flexmark-pdf-converter\0.34.30\flexmark-pdf-converter-0.34.30.jar;C:\Users\HP\.m2\repository\com\openhtmltopdf\openhtmltopdf-core\0.0.1-RC13\openhtmltopdf-core-0.0.1-RC13.jar;C:\Users\HP\.m2\repository\com\openhtmltopdf\openhtmltopdf-pdfbox\0.0.1-RC13\openhtmltopdf-pdfbox-0.0.1-RC13.jar;C:\Users\HP\.m2\repository\org\apache\pdfbox\pdfbox\2.0.8\pdfbox-2.0.8.jar;C:\Users\HP\.m2\repository\org\apache\pdfbox\fontbox\2.0.8\fontbox-2.0.8.jar;C:\Users\HP\.m2\repository\org\apache\pdfbox\xmpbox\2.0.8\xmpbox-2.0.8.jar;C:\Users\HP\.m2\repository\de\rototor\pdfbox\graphics2d\0.12\graphics2d-0.12.jar;C:\Users\HP\.m2\repository\com\openhtmltopdf\openhtmltopdf-rtl-support\0.0.1-RC13\openhtmltopdf-rtl-support-0.0.1-RC13.jar;C:\Users\HP\.m2\repository\com\ibm\icu\icu4j\59.1\icu4j-59.1.jar;C:\Users\HP\.m2\repository\com\openhtmltopdf\openhtmltopdf-jsoup-dom-converter\0.0.1-RC13\openhtmltopdf-jsoup-dom-converter-0.0.1-RC13.jar;C:\Users\HP\.m2\repository\com\vladsch\flexmark\flexmark-profile-pegdown\0.34.30\flexmark-profile-pegdown-0.34.30.jar;C:\Users\HP\.m2\repository\com\vladsch\flexmark\flexmark-util\0.34.30\flexmark-util-0.34.30.jar;C:\Users\HP\.m2\repository\com\vladsch\flexmark\flexmark-youtrack-converter\0.34.30\flexmark-youtrack-converter-0.34.30.jar;C:\Users\HP\.m2\repository\es\nitaur\markdown\txtmark\0.16\txtmark-0.16.jar;C:\Users\HP\.m2\repository\net\serenity-bdd\serenity-report-resources\3.5.1\serenity-report-resources-3.5.1.jar;C:\Users\HP\.m2\repository\com\google\code\gson\gson\2.9.0\gson-2.9.0.jar;C:\Users\HP\.m2\repository\com\fasterxml\jackson\core\jackson-core\2.13.4\jackson-core-2.13.4.jar;C:\Users\HP\.m2\repository\com\fasterxml\jackson\core\jackson-databind\2.13.4\jackson-databind-2.13.4.jar;C:\Users\HP\.m2\repository\com\fasterxml\jackson\core\jackson-annotations\2.13.4\jackson-annotations-2.13.4.jar;C:\Users\HP\.m2\repository\commons-codec\commons-codec\1.15\commons-codec-1.15.jar;C:\Users\HP\.m2\repository\commons-io\commons-io\2.11.0\commons-io-2.11.0.jar;C:\Users\HP\.m2\repository\org\apache\httpcomponents\httpclient\4.5.13\httpclient-4.5.13.jar;C:\Users\HP\.m2\repository\org\apache\httpcomponents\httpcore\4.4.13\httpcore-4.4.13.jar;C:\Users\HP\.m2\repository\commons-logging\commons-logging\1.2\commons-logging-1.2.jar;C:\Users\HP\.m2\repository\org\seleniumhq\selenium\selenium-java\4.7.1\selenium-java-4.7.1.jar;C:\Users\HP\.m2\repository\org\seleniumhq\selenium\selenium-devtools-v106\4.7.1\selenium-devtools-v106-4.7.1.jar;C:\Users\HP\.m2\repository\org\seleniumhq\selenium\selenium-devtools-v107\4.7.1\selenium-devtools-v107-4.7.1.jar;C:\Users\HP\.m2\repository\org\seleniumhq\selenium\selenium-devtools-v108\4.7.1\selenium-devtools-v108-4.7.1.jar;C:\Users\HP\.m2\repository\org\seleniumhq\selenium\selenium-devtools-v85\4.7.1\selenium-devtools-v85-4.7.1.jar;C:\Users\HP\.m2\repository\org\seleniumhq\selenium\selenium-remote-driver\4.7.1\selenium-remote-driver-4.7.1.jar;C:\Users\HP\.m2\repository\com\beust\jcommander\1.82\jcommander-1.82.jar;C:\Users\HP\.m2\repository\io\netty\netty-buffer\4.1.84.Final\netty-buffer-4.1.84.Final.jar;C:\Users\HP\.m2\repository\io\netty\netty-codec-http\4.1.84.Final\netty-codec-http-4.1.84.Final.jar;C:\Users\HP\.m2\repository\io\netty\netty-codec\4.1.84.Final\netty-codec-4.1.84.Final.jar;C:\Users\HP\.m2\repository\io\netty\netty-handler\4.1.84.Final\netty-handler-4.1.84.Final.jar;C:\Users\HP\.m2\repository\io\netty\netty-common\4.1.84.Final\netty-common-4.1.84.Final.jar;C:\Users\HP\.m2\repository\io\netty\netty-transport-classes-epoll\4.1.84.Final\netty-transport-classes-epoll-4.1.84.Final.jar;C:\Users\HP\.m2\repository\io\netty\netty-transport-classes-kqueue\4.1.84.Final\netty-transport-classes-kqueue-4.1.84.Final.jar;C:\Users\HP\.m2\repository\io\netty\netty-transport-native-epoll\4.1.84.Final\netty-transport-native-epoll-4.1.84.Final.jar;C:\Users\HP\.m2\repository\io\netty\netty-transport-native-kqueue\4.1.84.Final\netty-transport-native-kqueue-4.1.84.Final.jar;C:\Users\HP\.m2\repository\io\netty\netty-transport-native-unix-common\4.1.84.Final\netty-transport-native-unix-common-4.1.84.Final.jar;C:\Users\HP\.m2\repository\io\netty\netty-transport\4.1.84.Final\netty-transport-4.1.84.Final.jar;C:\Users\HP\.m2\repository\io\netty\netty-resolver\4.1.84.Final\netty-resolver-4.1.84.Final.jar;C:\Users\HP\.m2\repository\io\opentelemetry\opentelemetry-api\1.19.0\opentelemetry-api-1.19.0.jar;C:\Users\HP\.m2\repository\io\opentelemetry\opentelemetry-context\1.19.0\opentelemetry-context-1.19.0.jar;C:\Users\HP\.m2\repository\io\opentelemetry\opentelemetry-exporter-logging\1.19.0\opentelemetry-exporter-logging-1.19.0.jar;C:\Users\HP\.m2\repository\io\opentelemetry\opentelemetry-sdk-metrics\1.19.0\opentelemetry-sdk-metrics-1.19.0.jar;C:\Users\HP\.m2\repository\io\opentelemetry\opentelemetry-sdk-logs\1.19.0-alpha\opentelemetry-sdk-logs-1.19.0-alpha.jar;C:\Users\HP\.m2\repository\io\opentelemetry\opentelemetry-api-logs\1.19.0-alpha\opentelemetry-api-logs-1.19.0-alpha.jar;C:\Users\HP\.m2\repository\io\opentelemetry\opentelemetry-sdk-common\1.19.0\opentelemetry-sdk-common-1.19.0.jar;C:\Users\HP\.m2\repository\io\opentelemetry\opentelemetry-sdk-extension-autoconfigure-spi\1.19.0\opentelemetry-sdk-extension-autoconfigure-spi-1.19.0.jar;C:\Users\HP\.m2\repository\io\opentelemetry\opentelemetry-sdk-extension-autoconfigure\1.19.0-alpha\opentelemetry-sdk-extension-autoconfigure-1.19.0-alpha.jar;C:\Users\HP\.m2\repository\io\opentelemetry\opentelemetry-exporter-common\1.19.0\opentelemetry-exporter-common-1.19.0.jar;C:\Users\HP\.m2\repository\io\opentelemetry\opentelemetry-sdk-trace\1.19.0\opentelemetry-sdk-trace-1.19.0.jar;C:\Users\HP\.m2\repository\io\opentelemetry\opentelemetry-sdk\1.19.0\opentelemetry-sdk-1.19.0.jar;C:\Users\HP\.m2\repository\io\opentelemetry\opentelemetry-semconv\1.19.0-alpha\opentelemetry-semconv-1.19.0-alpha.jar;C:\Users\HP\.m2\repository\io\ous\jtoml\2.0.0\jtoml-2.0.0.jar;C:\Users\HP\.m2\repository\org\apache\commons\commons-exec\1.3\commons-exec-1.3.jar;C:\Users\HP\.m2\repository\org\asynchttpclient\async-http-client\2.12.3\async-http-client-2.12.3.jar;C:\Users\HP\.m2\repository\org\asynchttpclient\async-http-client-netty-utils\2.12.3\async-http-client-netty-utils-2.12.3.jar;C:\Users\HP\.m2\repository\io\netty\netty-codec-socks\4.1.60.Final\netty-codec-socks-4.1.60.Final.jar;C:\Users\HP\.m2\repository\io\netty\netty-handler-proxy\4.1.60.Final\netty-handler-proxy-4.1.60.Final.jar;C:\Users\HP\.m2\repository\io\netty\netty-transport-native-epoll\4.1.60.Final\netty-transport-native-epoll-4.1.60.Final-linux-x86_64.jar;C:\Users\HP\.m2\repository\io\netty\netty-transport-native-kqueue\4.1.60.Final\netty-transport-native-kqueue-4.1.60.Final-osx-x86_64.jar;C:\Users\HP\.m2\repository\org\reactivestreams\reactive-streams\1.0.3\reactive-streams-1.0.3.jar;C:\Users\HP\.m2\repository\com\typesafe\netty\netty-reactive-streams\2.0.4\netty-reactive-streams-2.0.4.jar;C:\Users\HP\.m2\repository\org\seleniumhq\selenium\selenium-manager\4.7.1\selenium-manager-4.7.1.jar;C:\Users\HP\.m2\repository\org\seleniumhq\selenium\selenium-safari-driver\4.7.1\selenium-safari-driver-4.7.1.jar;C:\Users\HP\.m2\repository\org\seleniumhq\selenium\selenium-api\4.7.1\selenium-api-4.7.1.jar;C:\Users\HP\.m2\repository\org\seleniumhq\selenium\selenium-support\4.7.1\selenium-support-4.7.1.jar;C:\Users\HP\.m2\repository\com\google\auto\service\auto-service-annotations\1.0.1\auto-service-annotations-1.0.1.jar;C:\Users\HP\.m2\repository\com\google\auto\service\auto-service\1.0.1\auto-service-1.0.1.jar;C:\Users\HP\.m2\repository\com\google\auto\auto-common\1.2\auto-common-1.2.jar;C:\Users\HP\.m2\repository\org\seleniumhq\selenium\selenium-json\4.7.1\selenium-json-4.7.1.jar;C:\Users\HP\.m2\repository\org\seleniumhq\selenium\selenium-chrome-driver\4.7.1\selenium-chrome-driver-4.7.1.jar;C:\Users\HP\.m2\repository\org\seleniumhq\selenium\selenium-chromium-driver\4.7.1\selenium-chromium-driver-4.7.1.jar;C:\Users\HP\.m2\repository\org\seleniumhq\selenium\selenium-firefox-driver\4.7.1\selenium-firefox-driver-4.7.1.jar;C:\Users\HP\.m2\repository\org\seleniumhq\selenium\selenium-http\4.7.1\selenium-http-4.7.1.jar;C:\Users\HP\.m2\repository\dev\failsafe\failsafe\3.3.0\failsafe-3.3.0.jar;C:\Users\HP\.m2\repository\org\seleniumhq\selenium\selenium-edge-driver\4.7.1\selenium-edge-driver-4.7.1.jar;C:\Users\HP\.m2\repository\org\seleniumhq\selenium\selenium-ie-driver\4.7.1\selenium-ie-driver-4.7.1.jar;C:\Users\HP\.m2\repository\org\projectlombok\lombok\1.18.20\lombok-1.18.20.jar;C:\Users\HP\.m2\repository\io\appium\java-client\8.3.0\java-client-8.3.0.jar;C:\Users\HP\.m2\repository\commons-validator\commons-validator\1.7\commons-validator-1.7.jar;C:\Users\HP\.m2\repository\commons-digester\commons-digester\2.1\commons-digester-2.1.jar;C:\Users\HP\.m2\repository\org\apache\groovy\groovy\4.0.6\groovy-4.0.6.jar;C:\Users\HP\.m2\repository\net\sf\opencsv\opencsv\2.0\opencsv-2.0.jar;C:\Users\HP\.m2\repository\commons-beanutils\commons-beanutils\1.9.4\commons-beanutils-1.9.4.jar;C:\Users\HP\.m2\repository\org\apache\commons\commons-lang3\3.12.0\commons-lang3-3.12.0.jar;C:\Users\HP\.m2\repository\commons-collections\commons-collections\3.2.2\commons-collections-3.2.2.jar;C:\Users\HP\.m2\repository\org\fluentlenium\fluentlenium-core\0.10.2\fluentlenium-core-0.10.2.jar;C:\Users\HP\.m2\repository\io\github\bonigarcia\webdrivermanager\5.3.0\webdrivermanager-5.3.0.jar;C:\Users\HP\.m2\repository\com\github\docker-java\docker-java\3.2.13\docker-java-3.2.13.jar;C:\Users\HP\.m2\repository\com\github\docker-java\docker-java-core\3.2.13\docker-java-core-3.2.13.jar;C:\Users\HP\.m2\repository\com\github\docker-java\docker-java-api\3.2.13\docker-java-api-3.2.13.jar;C:\Users\HP\.m2\repository\org\apache\commons\commons-compress\1.21\commons-compress-1.21.jar;C:\Users\HP\.m2\repository\org\bouncycastle\bcpkix-jdk15on\1.64\bcpkix-jdk15on-1.64.jar;C:\Users\HP\.m2\repository\org\bouncycastle\bcprov-jdk15on\1.64\bcprov-jdk15on-1.64.jar;C:\Users\HP\.m2\repository\org\slf4j\jcl-over-slf4j\1.7.30\jcl-over-slf4j-1.7.30.jar;C:\Users\HP\.m2\repository\com\github\docker-java\docker-java-transport-httpclient5\3.2.13\docker-java-transport-httpclient5-3.2.13.jar;C:\Users\HP\.m2\repository\com\github\docker-java\docker-java-transport\3.2.13\docker-java-transport-3.2.13.jar;C:\Users\HP\.m2\repository\net\java\dev\jna\jna\5.8.0\jna-5.8.0.jar;C:\Users\HP\.m2\repository\org\brotli\dec\0.1.2\dec-0.1.2.jar;C:\Users\HP\.m2\repository\org\apache\httpcomponents\client5\httpclient5\5.1.3\httpclient5-5.1.3.jar;C:\Users\HP\.m2\repository\org\apache\httpcomponents\core5\httpcore5\5.1.3\httpcore5-5.1.3.jar;C:\Users\HP\.m2\repository\org\apache\httpcomponents\core5\httpcore5-h2\5.1.3\httpcore5-h2-5.1.3.jar;C:\Users\HP\.m2\repository\com\jhlabs\filters\2.0.235\filters-2.0.235.jar;C:\Users\HP\.m2\repository\com\paulhammant\ngwebdriver\1.1.6\ngwebdriver-1.1.6.jar;C:\Users\HP\.m2\repository\joda-time\joda-time\2.8.2\joda-time-2.8.2.jar;C:\Users\HP\.m2\repository\org\hamcrest\hamcrest\2.2\hamcrest-2.2.jar;C:\Users\HP\.m2\repository\com\google\jimfs\jimfs\1.2\jimfs-1.2.jar;C:\Users\HP\.m2\repository\org\mockito\mockito-core\3.3.3\mockito-core-3.3.3.jar;C:\Users\HP\.m2\repository\javax\xml\bind\jaxb-api\2.3.1\jaxb-api-2.3.1.jar;C:\Users\HP\.m2\repository\javax\activation\javax.activation-api\1.2.0\javax.activation-api-1.2.0.jar;C:\Users\HP\.m2\repository\com\sun\xml\bind\jaxb-core\2.3.0.1\jaxb-core-2.3.0.1.jar;C:\Users\HP\.m2\repository\com\sun\xml\bind\jaxb-impl\2.3.3\jaxb-impl-2.3.3.jar;C:\Users\HP\.m2\repository\jakarta\xml\bind\jakarta.xml.bind-api\2.3.3\jakarta.xml.bind-api-2.3.3.jar;C:\Users\HP\.m2\repository\com\sun\activation\jakarta.activation\1.2.2\jakarta.activation-1.2.2.jar;C:\Users\HP\.m2\repository\javax\activation\activation\1.1.1\activation-1.1.1.jar;C:\Users\HP\.m2\repository\net\serenity-bdd\serenity-cucumber\3.5.1\serenity-cucumber-3.5.1.jar;C:\Users\HP\.m2\repository\io\cucumber\cucumber-core\7.8.1\cucumber-core-7.8.1.jar;C:\Users\HP\.m2\repository\io\cucumber\cucumber-gherkin\7.8.1\cucumber-gherkin-7.8.1.jar;C:\Users\HP\.m2\repository\io\cucumber\cucumber-gherkin-messages\7.8.1\cucumber-gherkin-messages-7.8.1.jar;C:\Users\HP\.m2\repository\io\cucumber\gherkin\24.0.0\gherkin-24.0.0.jar;C:\Users\HP\.m2\repository\io\cucumber\messages\19.1.4\messages-19.1.4.jar;C:\Users\HP\.m2\repository\io\cucumber\tag-expressions\4.1.0\tag-expressions-4.1.0.jar;C:\Users\HP\.m2\repository\io\cucumber\cucumber-expressions\16.0.0\cucumber-expressions-16.0.0.jar;C:\Users\HP\.m2\repository\io\cucumber\datatable\7.8.1\datatable-7.8.1.jar;C:\Users\HP\.m2\repository\io\cucumber\cucumber-plugin\7.8.1\cucumber-plugin-7.8.1.jar;C:\Users\HP\.m2\repository\io\cucumber\docstring\7.8.1\docstring-7.8.1.jar;C:\Users\HP\.m2\repository\io\cucumber\html-formatter\20.1.0\html-formatter-20.1.0.jar;C:\Users\HP\.m2\repository\io\cucumber\ci-environment\9.1.0\ci-environment-9.1.0.jar;C:\Users\HP\.m2\repository\io\cucumber\cucumber-java\7.8.1\cucumber-java-7.8.1.jar;C:\Users\HP\.m2\repository\io\cucumber\cucumber-junit\7.8.1\cucumber-junit-7.8.1.jar;C:\Users\HP\.m2\repository\org\apache\commons\commons-csv\1.5\commons-csv-1.5.jar;C:\Users\HP\.m2\repository\net\serenity-bdd\serenity-screenplay\3.5.1\serenity-screenplay-3.5.1.jar;C:\Users\HP\.m2\repository\net\serenity-bdd\serenity-screenplay-webdriver\3.5.1\serenity-screenplay-webdriver-3.5.1.jar;C:\Users\HP\.m2\repository\net\serenity-bdd\serenity-ensure\3.5.1\serenity-ensure-3.5.1.jar;C:\Users\HP\.m2\repository\net\serenity-bdd\serenity-junit\3.5.1\serenity-junit-3.5.1.jar;C:\Users\HP\.m2\repository\org\jetbrains\kotlin\kotlin-stdlib\1.7.21\kotlin-stdlib-1.7.21.jar;C:\Users\HP\.m2\repository\org\jetbrains\kotlin\kotlin-stdlib-common\1.7.21\kotlin-stdlib-common-1.7.21.jar;C:\Users\HP\.m2\repository\org\jetbrains\annotations\13.0\annotations-13.0.jar;C:\Users\HP\.m2\repository\org\junit\platform\junit-platform-launcher\1.8.2\junit-platform-launcher-1.8.2.jar;C:\Users\HP\.m2\repository\org\junit\platform\junit-platform-engine\1.8.2\junit-platform-engine-1.8.2.jar;C:\Users\HP\.m2\repository\org\opentest4j\opentest4j\1.2.0\opentest4j-1.2.0.jar;C:\Users\HP\.m2\repository\org\junit\platform\junit-platform-commons\1.8.2\junit-platform-commons-1.8.2.jar;C:\Users\HP\.m2\repository\org\apiguardian\apiguardian-api\1.1.2\apiguardian-api-1.1.2.jar;C:\Users\HP\.m2\repository\org\junit\jupiter\junit-jupiter-engine\5.8.2\junit-jupiter-engine-5.8.2.jar;C:\Users\HP\.m2\repository\org\junit\jupiter\junit-jupiter-api\5.8.2\junit-jupiter-api-5.8.2.jar;C:\Users\HP\.m2\repository\org\junit\vintage\junit-vintage-engine\5.8.2\junit-vintage-engine-5.8.2.jar;C:\Users\HP\.m2\repository\junit\junit\4.13.2\junit-4.13.2.jar;C:\Users\HP\.m2\repository\org\hamcrest\hamcrest-core\1.3\hamcrest-core-1.3.jar;C:\Users\HP\.m2\repository\ch\qos\logback\logback-classic\1.2.10\logback-classic-1.2.10.jar;C:\Users\HP\.m2\repository\ch\qos\logback\logback-core\1.2.10\logback-core-1.2.10.jar;C:\Users\HP\.m2\repository\org\slf4j\slf4j-api\1.7.32\slf4j-api-1.7.32.jar;C:\Users\HP\.m2\repository\org\assertj\assertj-core\3.23.1\assertj-core-3.23.1.jar;C:\Users\HP\.m2\repository\net\bytebuddy\byte-buddy\1.12.10\byte-buddy-1.12.10.jar;"/>
    <property name="sun.cpu.endian" value="little"/>
    <property name="user.home" value="C:\Users\HP"/>
    <property name="user.language" value="en"/>
    <property name="java.specification.vendor" value="Oracle Corporation"/>
    <property name="jdk.module.path" value="C:\Dev\CapstoneProjectBaru\SKUYPAY WEB AUTOMATION\target\skuypayweb-1.0-SNAPSHOT.jar"/>
    <property name="java.version.date" value="2023-01-17"/>
    <property name="java.home" value="C:\Program Files\Java\jdk-19"/>
    <property name="file.separator" value="\"/>
    <property name="basedir" value="C:\Dev\CapstoneProjectBaru\SKUYPAY WEB AUTOMATION"/>
    <property name="java.vm.compressedOopsMode" value="32-bit"/>
    <property name="line.separator" value="&#10;"/>
    <property name="java.vm.specification.vendor" value="Oracle Corporation"/>
    <property name="java.specification.name" value="Java Platform API Specification"/>
    <property name="surefire.real.class.path" value="C:\Users\HP\.m2\repository\org\apache\maven\surefire\surefire-booter\3.0.0-M5\surefire-booter-3.0.0-M5.jar;C:\Users\HP\.m2\repository\org\apache\maven\surefire\surefire-api\3.0.0-M5\surefire-api-3.0.0-M5.jar;C:\Users\HP\.m2\repository\org\apache\maven\surefire\surefire-logger-api\3.0.0-M5\surefire-logger-api-3.0.0-M5.jar;C:\Users\HP\.m2\repository\org\apache\maven\surefire\surefire-shared-utils\3.0.0-M4\surefire-shared-utils-3.0.0-M4.jar;C:\Users\HP\.m2\repository\org\apache\maven\surefire\surefire-extensions-spi\3.0.0-M5\surefire-extensions-spi-3.0.0-M5.jar;C:\Dev\CapstoneProjectBaru\SKUYPAY WEB AUTOMATION\target\test-classes;C:\Users\HP\.m2\repository\net\serenity-bdd\serenity-core\3.5.1\serenity-core-3.5.1.jar;C:\Users\HP\.m2\repository\net\serenity-bdd\serenity-model\3.5.1\serenity-model-3.5.1.jar;C:\Users\HP\.m2\repository\org\apache\commons\commons-text\1.10.0\commons-text-1.10.0.jar;C:\Users\HP\.m2\repository\commons-net\commons-net\3.8.0\commons-net-3.8.0.jar;C:\Users\HP\.m2\repository\com\google\guava\guava\31.1-jre\guava-31.1-jre.jar;C:\Users\HP\.m2\repository\com\google\guava\failureaccess\1.0.1\failureaccess-1.0.1.jar;C:\Users\HP\.m2\repository\com\google\guava\listenablefuture\9999.0-empty-to-avoid-conflict-with-guava\listenablefuture-9999.0-empty-to-avoid-conflict-with-guava.jar;C:\Users\HP\.m2\repository\com\google\code\findbugs\jsr305\3.0.2\jsr305-3.0.2.jar;C:\Users\HP\.m2\repository\org\checkerframework\checker-qual\3.12.0\checker-qual-3.12.0.jar;C:\Users\HP\.m2\repository\com\google\errorprone\error_prone_annotations\2.11.0\error_prone_annotations-2.11.0.jar;C:\Users\HP\.m2\repository\com\google\j2objc\j2objc-annotations\1.3\j2objc-annotations-1.3.jar;C:\Users\HP\.m2\repository\com\google\inject\guice\5.1.0\guice-5.1.0.jar;C:\Users\HP\.m2\repository\javax\inject\javax.inject\1\javax.inject-1.jar;C:\Users\HP\.m2\repository\aopalliance\aopalliance\1.0\aopalliance-1.0.jar;C:\Users\HP\.m2\repository\org\jsoup\jsoup\1.14.3\jsoup-1.14.3.jar;C:\Users\HP\.m2\repository\com\thoughtworks\xstream\xstream\1.4.19\xstream-1.4.19.jar;C:\Users\HP\.m2\repository\io\github\x-stream\mxparser\1.2.2\mxparser-1.2.2.jar;C:\Users\HP\.m2\repository\xmlpull\xmlpull\1.1.3.1\xmlpull-1.1.3.1.jar;C:\Users\HP\.m2\repository\com\typesafe\config\1.4.2\config-1.4.2.jar;C:\Users\HP\.m2\repository\org\imgscalr\imgscalr-lib\4.2\imgscalr-lib-4.2.jar;C:\Users\HP\.m2\repository\org\awaitility\awaitility\4.2.0\awaitility-4.2.0.jar;C:\Users\HP\.m2\repository\org\freemarker\freemarker\2.3.31\freemarker-2.3.31.jar;C:\Users\HP\.m2\repository\io\github\classgraph\classgraph\4.8.138\classgraph-4.8.138.jar;C:\Users\HP\.m2\repository\net\sourceforge\jexcelapi\jxl\2.6.12\jxl-2.6.12.jar;C:\Users\HP\.m2\repository\net\bytebuddy\byte-buddy-agent\1.12.18\byte-buddy-agent-1.12.18.jar;C:\Users\HP\.m2\repository\org\objenesis\objenesis\3.1\objenesis-3.1.jar;C:\Users\HP\.m2\repository\net\serenity-bdd\serenity-reports\3.5.1\serenity-reports-3.5.1.jar;C:\Users\HP\.m2\repository\net\serenity-bdd\serenity-stats\3.5.1\serenity-stats-3.5.1.jar;C:\Users\HP\.m2\repository\net\serenity-bdd\serenity-reports-configuration\3.5.1\serenity-reports-configuration-3.5.1.jar;C:\Users\HP\.m2\repository\com\vladsch\flexmark\flexmark-all\0.34.30\flexmark-all-0.34.30.jar;C:\Users\HP\.m2\repository\com\vladsch\flexmark\flexmark\0.34.30\flexmark-0.34.30.jar;C:\Users\HP\.m2\repository\com\vladsch\flexmark\flexmark-ext-abbreviation\0.34.30\flexmark-ext-abbreviation-0.34.30.jar;C:\Users\HP\.m2\repository\com\vladsch\flexmark\flexmark-ext-admonition\0.34.30\flexmark-ext-admonition-0.34.30.jar;C:\Users\HP\.m2\repository\com\vladsch\flexmark\flexmark-ext-anchorlink\0.34.30\flexmark-ext-anchorlink-0.34.30.jar;C:\Users\HP\.m2\repository\com\vladsch\flexmark\flexmark-ext-aside\0.34.30\flexmark-ext-aside-0.34.30.jar;C:\Users\HP\.m2\repository\com\vladsch\flexmark\flexmark-ext-attributes\0.34.30\flexmark-ext-attributes-0.34.30.jar;C:\Users\HP\.m2\repository\com\vladsch\flexmark\flexmark-ext-autolink\0.34.30\flexmark-ext-autolink-0.34.30.jar;C:\Users\HP\.m2\repository\org\nibor\autolink\autolink\0.6.0\autolink-0.6.0.jar;C:\Users\HP\.m2\repository\com\vladsch\flexmark\flexmark-ext-definition\0.34.30\flexmark-ext-definition-0.34.30.jar;C:\Users\HP\.m2\repository\com\vladsch\flexmark\flexmark-ext-emoji\0.34.30\flexmark-ext-emoji-0.34.30.jar;C:\Users\HP\.m2\repository\com\vladsch\flexmark\flexmark-ext-enumerated-reference\0.34.30\flexmark-ext-enumerated-reference-0.34.30.jar;C:\Users\HP\.m2\repository\com\vladsch\flexmark\flexmark-ext-escaped-character\0.34.30\flexmark-ext-escaped-character-0.34.30.jar;C:\Users\HP\.m2\repository\com\vladsch\flexmark\flexmark-ext-footnotes\0.34.30\flexmark-ext-footnotes-0.34.30.jar;C:\Users\HP\.m2\repository\com\vladsch\flexmark\flexmark-ext-gfm-issues\0.34.30\flexmark-ext-gfm-issues-0.34.30.jar;C:\Users\HP\.m2\repository\com\vladsch\flexmark\flexmark-ext-gfm-strikethrough\0.34.30\flexmark-ext-gfm-strikethrough-0.34.30.jar;C:\Users\HP\.m2\repository\com\vladsch\flexmark\flexmark-ext-gfm-tables\0.34.30\flexmark-ext-gfm-tables-0.34.30.jar;C:\Users\HP\.m2\repository\com\vladsch\flexmark\flexmark-ext-gfm-tasklist\0.34.30\flexmark-ext-gfm-tasklist-0.34.30.jar;C:\Users\HP\.m2\repository\com\vladsch\flexmark\flexmark-ext-gfm-users\0.34.30\flexmark-ext-gfm-users-0.34.30.jar;C:\Users\HP\.m2\repository\com\vladsch\flexmark\flexmark-ext-gitlab\0.34.30\flexmark-ext-gitlab-0.34.30.jar;C:\Users\HP\.m2\repository\com\vladsch\flexmark\flexmark-ext-jekyll-front-matter\0.34.30\flexmark-ext-jekyll-front-matter-0.34.30.jar;C:\Users\HP\.m2\repository\com\vladsch\flexmark\flexmark-ext-jekyll-tag\0.34.30\flexmark-ext-jekyll-tag-0.34.30.jar;C:\Users\HP\.m2\repository\com\vladsch\flexmark\flexmark-ext-media-tags\0.34.30\flexmark-ext-media-tags-0.34.30.jar;C:\Users\HP\.m2\repository\com\vladsch\flexmark\flexmark-test-util\0.34.30\flexmark-test-util-0.34.30.jar;C:\Users\HP\.m2\repository\com\vladsch\flexmark\flexmark-ext-ins\0.34.30\flexmark-ext-ins-0.34.30.jar;C:\Users\HP\.m2\repository\com\vladsch\flexmark\flexmark-ext-xwiki-macros\0.34.30\flexmark-ext-xwiki-macros-0.34.30.jar;C:\Users\HP\.m2\repository\com\vladsch\flexmark\flexmark-ext-superscript\0.34.30\flexmark-ext-superscript-0.34.30.jar;C:\Users\HP\.m2\repository\com\vladsch\flexmark\flexmark-ext-tables\0.34.30\flexmark-ext-tables-0.34.30.jar;C:\Users\HP\.m2\repository\com\vladsch\flexmark\flexmark-ext-toc\0.34.30\flexmark-ext-toc-0.34.30.jar;C:\Users\HP\.m2\repository\com\vladsch\flexmark\flexmark-ext-typographic\0.34.30\flexmark-ext-typographic-0.34.30.jar;C:\Users\HP\.m2\repository\com\vladsch\flexmark\flexmark-ext-wikilink\0.34.30\flexmark-ext-wikilink-0.34.30.jar;C:\Users\HP\.m2\repository\com\vladsch\flexmark\flexmark-ext-yaml-front-matter\0.34.30\flexmark-ext-yaml-front-matter-0.34.30.jar;C:\Users\HP\.m2\repository\com\vladsch\flexmark\flexmark-ext-youtube-embedded\0.34.30\flexmark-ext-youtube-embedded-0.34.30.jar;C:\Users\HP\.m2\repository\com\vladsch\flexmark\flexmark-formatter\0.34.30\flexmark-formatter-0.34.30.jar;C:\Users\HP\.m2\repository\com\vladsch\flexmark\flexmark-html-parser\0.34.30\flexmark-html-parser-0.34.30.jar;C:\Users\HP\.m2\repository\com\vladsch\flexmark\flexmark-jira-converter\0.34.30\flexmark-jira-converter-0.34.30.jar;C:\Users\HP\.m2\repository\com\vladsch\flexmark\flexmark-pdf-converter\0.34.30\flexmark-pdf-converter-0.34.30.jar;C:\Users\HP\.m2\repository\com\openhtmltopdf\openhtmltopdf-core\0.0.1-RC13\openhtmltopdf-core-0.0.1-RC13.jar;C:\Users\HP\.m2\repository\com\openhtmltopdf\openhtmltopdf-pdfbox\0.0.1-RC13\openhtmltopdf-pdfbox-0.0.1-RC13.jar;C:\Users\HP\.m2\repository\org\apache\pdfbox\pdfbox\2.0.8\pdfbox-2.0.8.jar;C:\Users\HP\.m2\repository\org\apache\pdfbox\fontbox\2.0.8\fontbox-2.0.8.jar;C:\Users\HP\.m2\repository\org\apache\pdfbox\xmpbox\2.0.8\xmpbox-2.0.8.jar;C:\Users\HP\.m2\repository\de\rototor\pdfbox\graphics2d\0.12\graphics2d-0.12.jar;C:\Users\HP\.m2\repository\com\openhtmltopdf\openhtmltopdf-rtl-support\0.0.1-RC13\openhtmltopdf-rtl-support-0.0.1-RC13.jar;C:\Users\HP\.m2\repository\com\ibm\icu\icu4j\59.1\icu4j-59.1.jar;C:\Users\HP\.m2\repository\com\openhtmltopdf\openhtmltopdf-jsoup-dom-converter\0.0.1-RC13\openhtmltopdf-jsoup-dom-converter-0.0.1-RC13.jar;C:\Users\HP\.m2\repository\com\vladsch\flexmark\flexmark-profile-pegdown\0.34.30\flexmark-profile-pegdown-0.34.30.jar;C:\Users\HP\.m2\repository\com\vladsch\flexmark\flexmark-util\0.34.30\flexmark-util-0.34.30.jar;C:\Users\HP\.m2\repository\com\vladsch\flexmark\flexmark-youtrack-converter\0.34.30\flexmark-youtrack-converter-0.34.30.jar;C:\Users\HP\.m2\repository\es\nitaur\markdown\txtmark\0.16\txtmark-0.16.jar;C:\Users\HP\.m2\repository\net\serenity-bdd\serenity-report-resources\3.5.1\serenity-report-resources-3.5.1.jar;C:\Users\HP\.m2\repository\com\google\code\gson\gson\2.9.0\gson-2.9.0.jar;C:\Users\HP\.m2\repository\com\fasterxml\jackson\core\jackson-core\2.13.4\jackson-core-2.13.4.jar;C:\Users\HP\.m2\repository\com\fasterxml\jackson\core\jackson-databind\2.13.4\jackson-databind-2.13.4.jar;C:\Users\HP\.m2\repository\com\fasterxml\jackson\core\jackson-annotations\2.13.4\jackson-annotations-2.13.4.jar;C:\Users\HP\.m2\repository\commons-codec\commons-codec\1.15\commons-codec-1.15.jar;C:\Users\HP\.m2\repository\commons-io\commons-io\2.11.0\commons-io-2.11.0.jar;C:\Users\HP\.m2\repository\org\apache\httpcomponents\httpclient\4.5.13\httpclient-4.5.13.jar;C:\Users\HP\.m2\repository\org\apache\httpcomponents\httpcore\4.4.13\httpcore-4.4.13.jar;C:\Users\HP\.m2\repository\commons-logging\commons-logging\1.2\commons-logging-1.2.jar;C:\Users\HP\.m2\repository\org\seleniumhq\selenium\selenium-java\4.7.1\selenium-java-4.7.1.jar;C:\Users\HP\.m2\repository\org\seleniumhq\selenium\selenium-devtools-v106\4.7.1\selenium-devtools-v106-4.7.1.jar;C:\Users\HP\.m2\repository\org\seleniumhq\selenium\selenium-devtools-v107\4.7.1\selenium-devtools-v107-4.7.1.jar;C:\Users\HP\.m2\repository\org\seleniumhq\selenium\selenium-devtools-v108\4.7.1\selenium-devtools-v108-4.7.1.jar;C:\Users\HP\.m2\repository\org\seleniumhq\selenium\selenium-devtools-v85\4.7.1\selenium-devtools-v85-4.7.1.jar;C:\Users\HP\.m2\repository\org\seleniumhq\selenium\selenium-remote-driver\4.7.1\selenium-remote-driver-4.7.1.jar;C:\Users\HP\.m2\repository\com\beust\jcommander\1.82\jcommander-1.82.jar;C:\Users\HP\.m2\repository\io\netty\netty-buffer\4.1.84.Final\netty-buffer-4.1.84.Final.jar;C:\Users\HP\.m2\repository\io\netty\netty-codec-http\4.1.84.Final\netty-codec-http-4.1.84.Final.jar;C:\Users\HP\.m2\repository\io\netty\netty-codec\4.1.84.Final\netty-codec-4.1.84.Final.jar;C:\Users\HP\.m2\repository\io\netty\netty-handler\4.1.84.Final\netty-handler-4.1.84.Final.jar;C:\Users\HP\.m2\repository\io\netty\netty-common\4.1.84.Final\netty-common-4.1.84.Final.jar;C:\Users\HP\.m2\repository\io\netty\netty-transport-classes-epoll\4.1.84.Final\netty-transport-classes-epoll-4.1.84.Final.jar;C:\Users\HP\.m2\repository\io\netty\netty-transport-classes-kqueue\4.1.84.Final\netty-transport-classes-kqueue-4.1.84.Final.jar;C:\Users\HP\.m2\repository\io\netty\netty-transport-native-epoll\4.1.84.Final\netty-transport-native-epoll-4.1.84.Final.jar;C:\Users\HP\.m2\repository\io\netty\netty-transport-native-kqueue\4.1.84.Final\netty-transport-native-kqueue-4.1.84.Final.jar;C:\Users\HP\.m2\repository\io\netty\netty-transport-native-unix-common\4.1.84.Final\netty-transport-native-unix-common-4.1.84.Final.jar;C:\Users\HP\.m2\repository\io\netty\netty-transport\4.1.84.Final\netty-transport-4.1.84.Final.jar;C:\Users\HP\.m2\repository\io\netty\netty-resolver\4.1.84.Final\netty-resolver-4.1.84.Final.jar;C:\Users\HP\.m2\repository\io\opentelemetry\opentelemetry-api\1.19.0\opentelemetry-api-1.19.0.jar;C:\Users\HP\.m2\repository\io\opentelemetry\opentelemetry-context\1.19.0\opentelemetry-context-1.19.0.jar;C:\Users\HP\.m2\repository\io\opentelemetry\opentelemetry-exporter-logging\1.19.0\opentelemetry-exporter-logging-1.19.0.jar;C:\Users\HP\.m2\repository\io\opentelemetry\opentelemetry-sdk-metrics\1.19.0\opentelemetry-sdk-metrics-1.19.0.jar;C:\Users\HP\.m2\repository\io\opentelemetry\opentelemetry-sdk-logs\1.19.0-alpha\opentelemetry-sdk-logs-1.19.0-alpha.jar;C:\Users\HP\.m2\repository\io\opentelemetry\opentelemetry-api-logs\1.19.0-alpha\opentelemetry-api-logs-1.19.0-alpha.jar;C:\Users\HP\.m2\repository\io\opentelemetry\opentelemetry-sdk-common\1.19.0\opentelemetry-sdk-common-1.19.0.jar;C:\Users\HP\.m2\repository\io\opentelemetry\opentelemetry-sdk-extension-autoconfigure-spi\1.19.0\opentelemetry-sdk-extension-autoconfigure-spi-1.19.0.jar;C:\Users\HP\.m2\repository\io\opentelemetry\opentelemetry-sdk-extension-autoconfigure\1.19.0-alpha\opentelemetry-sdk-extension-autoconfigure-1.19.0-alpha.jar;C:\Users\HP\.m2\repository\io\opentelemetry\opentelemetry-exporter-common\1.19.0\opentelemetry-exporter-common-1.19.0.jar;C:\Users\HP\.m2\repository\io\opentelemetry\opentelemetry-sdk-trace\1.19.0\opentelemetry-sdk-trace-1.19.0.jar;C:\Users\HP\.m2\repository\io\opentelemetry\opentelemetry-sdk\1.19.0\opentelemetry-sdk-1.19.0.jar;C:\Users\HP\.m2\repository\io\opentelemetry\opentelemetry-semconv\1.19.0-alpha\opentelemetry-semconv-1.19.0-alpha.jar;C:\Users\HP\.m2\repository\io\ous\jtoml\2.0.0\jtoml-2.0.0.jar;C:\Users\HP\.m2\repository\org\apache\commons\commons-exec\1.3\commons-exec-1.3.jar;C:\Users\HP\.m2\repository\org\asynchttpclient\async-http-client\2.12.3\async-http-client-2.12.3.jar;C:\Users\HP\.m2\repository\org\asynchttpclient\async-http-client-netty-utils\2.12.3\async-http-client-netty-utils-2.12.3.jar;C:\Users\HP\.m2\repository\io\netty\netty-codec-socks\4.1.60.Final\netty-codec-socks-4.1.60.Final.jar;C:\Users\HP\.m2\repository\io\netty\netty-handler-proxy\4.1.60.Final\netty-handler-proxy-4.1.60.Final.jar;C:\Users\HP\.m2\repository\io\netty\netty-transport-native-epoll\4.1.60.Final\netty-transport-native-epoll-4.1.60.Final-linux-x86_64.jar;C:\Users\HP\.m2\repository\io\netty\netty-transport-native-kqueue\4.1.60.Final\netty-transport-native-kqueue-4.1.60.Final-osx-x86_64.jar;C:\Users\HP\.m2\repository\org\reactivestreams\reactive-streams\1.0.3\reactive-streams-1.0.3.jar;C:\Users\HP\.m2\repository\com\typesafe\netty\netty-reactive-streams\2.0.4\netty-reactive-streams-2.0.4.jar;C:\Users\HP\.m2\repository\org\seleniumhq\selenium\selenium-manager\4.7.1\selenium-manager-4.7.1.jar;C:\Users\HP\.m2\repository\org\seleniumhq\selenium\selenium-safari-driver\4.7.1\selenium-safari-driver-4.7.1.jar;C:\Users\HP\.m2\repository\org\seleniumhq\selenium\selenium-api\4.7.1\selenium-api-4.7.1.jar;C:\Users\HP\.m2\repository\org\seleniumhq\selenium\selenium-support\4.7.1\selenium-support-4.7.1.jar;C:\Users\HP\.m2\repository\com\google\auto\service\auto-service-annotations\1.0.1\auto-service-annotations-1.0.1.jar;C:\Users\HP\.m2\repository\com\google\auto\service\auto-service\1.0.1\auto-service-1.0.1.jar;C:\Users\HP\.m2\repository\com\google\auto\auto-common\1.2\auto-common-1.2.jar;C:\Users\HP\.m2\repository\org\seleniumhq\selenium\selenium-json\4.7.1\selenium-json-4.7.1.jar;C:\Users\HP\.m2\repository\org\seleniumhq\selenium\selenium-chrome-driver\4.7.1\selenium-chrome-driver-4.7.1.jar;C:\Users\HP\.m2\repository\org\seleniumhq\selenium\selenium-chromium-driver\4.7.1\selenium-chromium-driver-4.7.1.jar;C:\Users\HP\.m2\repository\org\seleniumhq\selenium\selenium-firefox-driver\4.7.1\selenium-firefox-driver-4.7.1.jar;C:\Users\HP\.m2\repository\org\seleniumhq\selenium\selenium-http\4.7.1\selenium-http-4.7.1.jar;C:\Users\HP\.m2\repository\dev\failsafe\failsafe\3.3.0\failsafe-3.3.0.jar;C:\Users\HP\.m2\repository\org\seleniumhq\selenium\selenium-edge-driver\4.7.1\selenium-edge-driver-4.7.1.jar;C:\Users\HP\.m2\repository\org\seleniumhq\selenium\selenium-ie-driver\4.7.1\selenium-ie-driver-4.7.1.jar;C:\Users\HP\.m2\repository\org\projectlombok\lombok\1.18.20\lombok-1.18.20.jar;C:\Users\HP\.m2\repository\io\appium\java-client\8.3.0\java-client-8.3.0.jar;C:\Users\HP\.m2\repository\commons-validator\commons-validator\1.7\commons-validator-1.7.jar;C:\Users\HP\.m2\repository\commons-digester\commons-digester\2.1\commons-digester-2.1.jar;C:\Users\HP\.m2\repository\org\apache\groovy\groovy\4.0.6\groovy-4.0.6.jar;C:\Users\HP\.m2\repository\net\sf\opencsv\opencsv\2.0\opencsv-2.0.jar;C:\Users\HP\.m2\repository\commons-beanutils\commons-beanutils\1.9.4\commons-beanutils-1.9.4.jar;C:\Users\HP\.m2\repository\org\apache\commons\commons-lang3\3.12.0\commons-lang3-3.12.0.jar;C:\Users\HP\.m2\repository\commons-collections\commons-collections\3.2.2\commons-collections-3.2.2.jar;C:\Users\HP\.m2\repository\org\fluentlenium\fluentlenium-core\0.10.2\fluentlenium-core-0.10.2.jar;C:\Users\HP\.m2\repository\io\github\bonigarcia\webdrivermanager\5.3.0\webdrivermanager-5.3.0.jar;C:\Users\HP\.m2\repository\com\github\docker-java\docker-java\3.2.13\docker-java-3.2.13.jar;C:\Users\HP\.m2\repository\com\github\docker-java\docker-java-core\3.2.13\docker-java-core-3.2.13.jar;C:\Users\HP\.m2\repository\com\github\docker-java\docker-java-api\3.2.13\docker-java-api-3.2.13.jar;C:\Users\HP\.m2\repository\org\apache\commons\commons-compress\1.21\commons-compress-1.21.jar;C:\Users\HP\.m2\repository\org\bouncycastle\bcpkix-jdk15on\1.64\bcpkix-jdk15on-1.64.jar;C:\Users\HP\.m2\repository\org\bouncycastle\bcprov-jdk15on\1.64\bcprov-jdk15on-1.64.jar;C:\Users\HP\.m2\repository\org\slf4j\jcl-over-slf4j\1.7.30\jcl-over-slf4j-1.7.30.jar;C:\Users\HP\.m2\repository\com\github\docker-java\docker-java-transport-httpclient5\3.2.13\docker-java-transport-httpclient5-3.2.13.jar;C:\Users\HP\.m2\repository\com\github\docker-java\docker-java-transport\3.2.13\docker-java-transport-3.2.13.jar;C:\Users\HP\.m2\repository\net\java\dev\jna\jna\5.8.0\jna-5.8.0.jar;C:\Users\HP\.m2\repository\org\brotli\dec\0.1.2\dec-0.1.2.jar;C:\Users\HP\.m2\repository\org\apache\httpcomponents\client5\httpclient5\5.1.3\httpclient5-5.1.3.jar;C:\Users\HP\.m2\repository\org\apache\httpcomponents\core5\httpcore5\5.1.3\httpcore5-5.1.3.jar;C:\Users\HP\.m2\repository\org\apache\httpcomponents\core5\httpcore5-h2\5.1.3\httpcore5-h2-5.1.3.jar;C:\Users\HP\.m2\repository\com\jhlabs\filters\2.0.235\filters-2.0.235.jar;C:\Users\HP\.m2\repository\com\paulhammant\ngwebdriver\1.1.6\ngwebdriver-1.1.6.jar;C:\Users\HP\.m2\repository\joda-time\joda-time\2.8.2\joda-time-2.8.2.jar;C:\Users\HP\.m2\repository\org\hamcrest\hamcrest\2.2\hamcrest-2.2.jar;C:\Users\HP\.m2\repository\com\google\jimfs\jimfs\1.2\jimfs-1.2.jar;C:\Users\HP\.m2\repository\org\mockito\mockito-core\3.3.3\mockito-core-3.3.3.jar;C:\Users\HP\.m2\repository\javax\xml\bind\jaxb-api\2.3.1\jaxb-api-2.3.1.jar;C:\Users\HP\.m2\repository\javax\activation\javax.activation-api\1.2.0\javax.activation-api-1.2.0.jar;C:\Users\HP\.m2\repository\com\sun\xml\bind\jaxb-core\2.3.0.1\jaxb-core-2.3.0.1.jar;C:\Users\HP\.m2\repository\com\sun\xml\bind\jaxb-impl\2.3.3\jaxb-impl-2.3.3.jar;C:\Users\HP\.m2\repository\jakarta\xml\bind\jakarta.xml.bind-api\2.3.3\jakarta.xml.bind-api-2.3.3.jar;C:\Users\HP\.m2\repository\com\sun\activation\jakarta.activation\1.2.2\jakarta.activation-1.2.2.jar;C:\Users\HP\.m2\repository\javax\activation\activation\1.1.1\activation-1.1.1.jar;C:\Users\HP\.m2\repository\net\serenity-bdd\serenity-cucumber\3.5.1\serenity-cucumber-3.5.1.jar;C:\Users\HP\.m2\repository\io\cucumber\cucumber-core\7.8.1\cucumber-core-7.8.1.jar;C:\Users\HP\.m2\repository\io\cucumber\cucumber-gherkin\7.8.1\cucumber-gherkin-7.8.1.jar;C:\Users\HP\.m2\repository\io\cucumber\cucumber-gherkin-messages\7.8.1\cucumber-gherkin-messages-7.8.1.jar;C:\Users\HP\.m2\repository\io\cucumber\gherkin\24.0.0\gherkin-24.0.0.jar;C:\Users\HP\.m2\repository\io\cucumber\messages\19.1.4\messages-19.1.4.jar;C:\Users\HP\.m2\repository\io\cucumber\tag-expressions\4.1.0\tag-expressions-4.1.0.jar;C:\Users\HP\.m2\repository\io\cucumber\cucumber-expressions\16.0.0\cucumber-expressions-16.0.0.jar;C:\Users\HP\.m2\repository\io\cucumber\datatable\7.8.1\datatable-7.8.1.jar;C:\Users\HP\.m2\repository\io\cucumber\cucumber-plugin\7.8.1\cucumber-plugin-7.8.1.jar;C:\Users\HP\.m2\repository\io\cucumber\docstring\7.8.1\docstring-7.8.1.jar;C:\Users\HP\.m2\repository\io\cucumber\html-formatter\20.1.0\html-formatter-20.1.0.jar;C:\Users\HP\.m2\repository\io\cucumber\ci-environment\9.1.0\ci-environment-9.1.0.jar;C:\Users\HP\.m2\repository\io\cucumber\cucumber-java\7.8.1\cucumber-java-7.8.1.jar;C:\Users\HP\.m2\repository\io\cucumber\cucumber-junit\7.8.1\cucumber-junit-7.8.1.jar;C:\Users\HP\.m2\repository\org\apache\commons\commons-csv\1.5\commons-csv-1.5.jar;C:\Users\HP\.m2\repository\net\serenity-bdd\serenity-screenplay\3.5.1\serenity-screenplay-3.5.1.jar;C:\Users\HP\.m2\repository\net\serenity-bdd\serenity-screenplay-webdriver\3.5.1\serenity-screenplay-webdriver-3.5.1.jar;C:\Users\HP\.m2\repository\net\serenity-bdd\serenity-ensure\3.5.1\serenity-ensure-3.5.1.jar;C:\Users\HP\.m2\repository\net\serenity-bdd\serenity-junit\3.5.1\serenity-junit-3.5.1.jar;C:\Users\HP\.m2\repository\org\jetbrains\kotlin\kotlin-stdlib\1.7.21\kotlin-stdlib-1.7.21.jar;C:\Users\HP\.m2\repository\org\jetbrains\kotlin\kotlin-stdlib-common\1.7.21\kotlin-stdlib-common-1.7.21.jar;C:\Users\HP\.m2\repository\org\jetbrains\annotations\13.0\annotations-13.0.jar;C:\Users\HP\.m2\repository\org\junit\platform\junit-platform-launcher\1.8.2\junit-platform-launcher-1.8.2.jar;C:\Users\HP\.m2\repository\org\junit\platform\junit-platform-engine\1.8.2\junit-platform-engine-1.8.2.jar;C:\Users\HP\.m2\repository\org\opentest4j\opentest4j\1.2.0\opentest4j-1.2.0.jar;C:\Users\HP\.m2\repository\org\junit\platform\junit-platform-commons\1.8.2\junit-platform-commons-1.8.2.jar;C:\Users\HP\.m2\repository\org\apiguardian\apiguardian-api\1.1.2\apiguardian-api-1.1.2.jar;C:\Users\HP\.m2\repository\org\junit\jupiter\junit-jupiter-engine\5.8.2\junit-jupiter-engine-5.8.2.jar;C:\Users\HP\.m2\repository\org\junit\jupiter\junit-jupiter-api\5.8.2\junit-jupiter-api-5.8.2.jar;C:\Users\HP\.m2\repository\org\junit\vintage\junit-vintage-engine\5.8.2\junit-vintage-engine-5.8.2.jar;C:\Users\HP\.m2\repository\junit\junit\4.13.2\junit-4.13.2.jar;C:\Users\HP\.m2\repository\org\hamcrest\hamcrest-core\1.3\hamcrest-core-1.3.jar;C:\Users\HP\.m2\repository\ch\qos\logback\logback-classic\1.2.10\logback-classic-1.2.10.jar;C:\Users\HP\.m2\repository\ch\qos\logback\logback-core\1.2.10\logback-core-1.2.10.jar;C:\Users\HP\.m2\repository\org\slf4j\slf4j-api\1.7.32\slf4j-api-1.7.32.jar;C:\Users\HP\.m2\repository\org\assertj\assertj-core\3.23.1\assertj-core-3.23.1.jar;C:\Users\HP\.m2\repository\net\bytebuddy\byte-buddy\1.12.10\byte-buddy-1.12.10.jar;C:\Users\HP\.m2\repository\org\apache\maven\surefire\surefire-junit-platform\3.0.0-M5\surefire-junit-platform-3.0.0-M5.jar;C:\Users\HP\.m2\repository\org\apache\maven\surefire\common-java5\3.0.0-M5\common-java5-3.0.0-M5.jar"/>
    <property name="user.script" value=""/>
    <property name="java.protocol.handler.pkgs" value="com.google.common"/>
    <property name="sun.management.compiler" value="HotSpot 64-Bit Tiered Compilers"/>
    <property name="java.runtime.version" value="19.0.2+7-44"/>
    <property name="user.name" value="HP"/>
    <property name="stdout.encoding" value="Cp1252"/>
    <property name="path.separator" value=";"/>
    <property name="os.version" value="10.0"/>
    <property name="java.runtime.name" value="Java(TM) SE Runtime Environment"/>
    <property name="file.encoding" value="UTF-8"/>
    <property name="webdriver.base.url" value=""/>
    <property name="java.vm.name" value="Java HotSpot(TM) 64-Bit Server VM"/>
    <property name="localRepository" value="C:\Users\HP\.m2\repository"/>
    <property name="java.vendor.url.bug" value="https://bugreport.java.com/bugreport/"/>
    <property name="java.io.tmpdir" value="C:\Users\HP\AppData\Local\Temp\"/>
    <property name="java.version" value="19.0.2"/>
    <property name="user.dir" value="C:\Dev\CapstoneProjectBaru\SKUYPAY WEB AUTOMATION"/>
    <property name="os.arch" value="amd64"/>
    <property name="java.vm.specification.name" value="Java Virtual Machine Specification"/>
    <property name="sun.os.patch.level" value=""/>
    <property name="native.encoding" value="Cp1252"/>
    <property name="java.library.path" value="C:\Program Files\Java\jdk-19\bin;C:\WINDOWS\Sun\Java\bin;C:\WINDOWS\system32;C:\WINDOWS;C:\Program Files\Common Files\Oracle\Java\javapath;C:\Program Files\Java\jdk1.8.0_361\bin;c:\Program Files (x86)\Common Files\Intel\Shared Files\cpp\bin\Intel64;C:\WINDOWS\system32;C:\WINDOWS;C:\WINDOWS\System32\Wbem;C:\WINDOWS\System32\WindowsPowerShell\v1.0\;C:\WINDOWS\System32\OpenSSH\;C:\Users\apache-maven-3.9.1-bin\bin;%MAVEN_HOME%\bin;C:\Users\HP\AppData\Local\Android\Sdk;C:\Users\HP\AppData\Local\Android\Sdk\platform-tools;C:\Program Files\nodejs\;C:\Program Files\Git\cmd;C:\Users\HP\AppData\Local\Microsoft\WindowsApps;C:\Program Files\JetBrains\IntelliJ IDEA Community Edition 2022.3.2\bin;C:\Users\HP\AppData\Local\GitHubDesktop\bin;C:\Users\HP\AppData\Local\Programs\Microsoft VS Code\bin;C:\Users\HP\AppData\Roaming\npm;C:\Users\HP\AppData\Local\gitkraken\bin;."/>
    <property name="java.vm.info" value="mixed mode"/>
    <property name="stderr.encoding" value="Cp1252"/>
    <property name="java.vendor" value="Oracle Corporation"/>
    <property name="java.vm.version" value="19.0.2+7-44"/>
    <property name="sun.io.unicode.encoding" value="UnicodeLittle"/>
    <property name="java.class.version" value="63.0"/>
  </properties>
  <testcase name="Admin berhasil menambahkan produk BPJS" classname="Layanan BPJS" time="28.115">
    <error type="net.thucydides.core.webdriver.exceptions.ElementShouldBeEnabledException"><![CDATA[net.thucydides.core.webdriver.exceptions.ElementShouldBeEnabledException: Expected enabled element was not enabled
Caused by: org.openqa.selenium.TimeoutException: Expected condition failed: waiting for By.xpath: //a[normalize-space()='Layanan'] to be enabled (tried for 5 second(s) with 100 milliseconds interval)
Caused by: org.openqa.selenium.NoSuchElementException: 
no such element: Unable to locate element: {"method":"xpath","selector":"//a[normalize-space()='Layanan']"}
  (Session info: chrome=114.0.5735.134)
For documentation on this error, please visit: https://selenium.dev/exceptions/#no_such_element
Build info: version: '4.7.1', revision: 'c6795baf1a3'
System info: os.name: 'Windows 11', os.arch: 'amd64', os.version: '10.0', java.version: '19.0.2'
Driver info: org.openqa.selenium.chrome.ChromeDriver
Command: [c0d8108d2ceab1d629176972e499beee, findElement {using=xpath, value=//a[normalize-space()='Layanan']}]
Capabilities {acceptInsecureCerts: true, browserName: chrome, browserVersion: 114.0.5735.134, chrome: {chromedriverVersion: 114.0.5735.90 (386bc09e8f4f..., userDataDir: C:\Users\HP\AppData\Local\T...}, goog:chromeOptions: {debuggerAddress: localhost:50804}, networkConnectionEnabled: false, pageLoadStrategy: normal, platformName: WINDOWS, proxy: Proxy(), se:cdp: ws://localhost:50804/devtoo..., se:cdpVersion: 114.0.5735.134, setWindowRect: true, strictFileInteractability: false, timeouts: {implicit: 0, pageLoad: 300000, script: 30000}, unhandledPromptBehavior: dismiss and notify, webauthn:extension:credBlob: true, webauthn:extension:largeBlob: true, webauthn:extension:minPinLength: true, webauthn:extension:prf: true, webauthn:virtualAuthenticators: true}
Session ID: c0d8108d2ceab1d629176972e499beee
]]></error>
    <system-out><![CDATA[00:43:01.906 [main] DEBUG net.thucydides.core.guice.Injectors - Created injector for module net.thucydides.core.guice.ThucydidesModule
00:43:02.319 [main] INFO io.cucumber.core.plugin.SerenityReporter - Running feature from file:///C:/Dev/CapstoneProjectBaru/SKUYPAY%20WEB%20AUTOMATION/src/test/resources/features/BPJS.feature
00:43:02.513 [main] DEBUG net.thucydides.core.guice.Injectors - Created injector for module net.thucydides.core.guice.webdriver.WebDriverModule
00:43:02.555 [main] INFO  - 

-------------------------------------------------------------------------------------
     _______. _______ .______       _______ .__   __.  __  .___________.____    ____ 
    /       ||   ____||   _  \     |   ____||  \ |  | |  | |           |\   \  /   / 
   |   (----`|  |__   |  |_)  |    |  |__   |   \|  | |  | `---|  |----` \   \/   /  
    \   \    |   __|  |      /     |   __|  |  . `  | |  |     |  |       \_    _/   
.----)   |   |  |____ |  |\  \----.|  |____ |  |\   | |  |     |  |         |  |     
|_______/    |_______|| _| `._____||_______||__| \__| |__|     |__|         |__|    
                                                                                     
 News and tutorials at http://www.serenity-bdd.info                                  
 Documentation at https://wakaleo.gitbooks.io/the-serenity-book/content/             
 Join the Serenity Community on Gitter: https://gitter.im/serenity-bdd/serenity-core 
 Serenity BDD Support and Training at http://serenity-bdd.info/#/trainingandsupport  
-------------------------------------------------------------------------------------

00:43:02.559 [main] DEBUG net.thucydides.core.steps.StepEventBus - Test suite started for story net.thucydides.core.model.Story@3b553d19
00:43:02.561 [main] INFO  - Test Suite Started: Layanan BPJS
00:43:02.577 [main] INFO io.cucumber.core.plugin.SerenityReporter - Running feature from file:///C:/Dev/CapstoneProjectBaru/SKUYPAY%20WEB%20AUTOMATION/src/test/resources/features/BPJS.feature
00:43:02.582 [main] DEBUG net.thucydides.core.steps.StepEventBus - Test suite started for story net.thucydides.core.model.Story@3b553d19
00:43:02.582 [main] INFO  - Test Suite Started: Layanan BPJS

@BPJS-01
Scenario: Admin berhasil menambahkan produk BPJS                           &amp#27;[90m# src/test/resources/features/BPJS.feature:4&amp#27;[0m
00:43:02.711 [main] INFO io.cucumber.core.plugin.SerenityReporter - Running feature from file:///C:/Dev/CapstoneProjectBaru/SKUYPAY%20WEB%20AUTOMATION/src/test/resources/features/BPJS.feature
00:43:02.830 [main] INFO  - 
  _____   ___   ___   _____     ___   _____     _     ___   _____   ___   ___  
 |_   _| | __| / __| |_   _|   / __| |_   _|   /_\   | _ \ |_   _| | __| |   \ 
   | |   | _|  \__ \   | |     \__ \   | |    / _ \  |   /   | |   | _|  | |) |
   |_|   |___| |___/   |_|     |___/   |_|   /_/ \_\ |_|_\   |_|   |___| |___/ 

Admin berhasil menambahkan produk BPJS(layanan-bpjs;admin-berhasil-menambahkan-produk-bpjs)
--------------------------------------------------------------------------------
00:43:03.821 [main] DEBUG net.thucydides.core.steps.StepInterceptor - STARTING STEP: BPJSsteps.adminMelakukanLoginAkunUntukFiturBPJS - diHomepageSkuyPay
00:43:03.875 [main] INFO net.serenitybdd.core.webdriver.driverproviders.DriverProvider - Using WebDriverManager configuration for chrome
00:43:04.349 [main] DEBUG io.github.bonigarcia.wdm.cache.ResolutionCache - Resolution chrome=114 in cache (valid until 01:05:30 24/06/2023 WIB)
00:43:04.351 [main] DEBUG io.github.bonigarcia.wdm.cache.ResolutionCache - Resolution chrome114=114.0.5735.90 in cache (valid until 06:29:25 24/06/2023 WIB)
00:43:04.352 [main] INFO io.github.bonigarcia.wdm.WebDriverManager - Using chromedriver 114.0.5735.90 (resolved driver for Chrome 114)
00:43:04.383 [main] DEBUG io.github.bonigarcia.wdm.WebDriverManager - Driver chromedriver 114.0.5735.90 found in cache
00:43:04.385 [main] INFO io.github.bonigarcia.wdm.WebDriverManager - Exporting webdriver.chrome.driver as C:\Users\HP\.cache\selenium\chromedriver\win32\114.0.5735.90\chromedriver.exe
00:43:04.506 [main] INFO net.serenitybdd.core.webdriver.driverproviders.ChromeDriverProvider - Starting Chrome driver instance with capabilities:
00:43:04.510 [main] INFO net.serenitybdd.core.webdriver.driverproviders.ChromeDriverProvider - Capabilities {acceptInsecureCerts: true, browserName: chrome, goog:chromeOptions: {args: [remote-allow-origins=*, test-type, no-sandbox, ignore-certificate-errors, start-maximized, incognito, disable-infobars, disable-gpu, disable-default-apps, disable-popup-blocking, remote-allow-origins=*, test-type, no-sandbox, ignore-certificate-errors, start-maximized, incognito, disable-infobars, disable-gpu, disable-default-apps, disable-popup-blocking], extensions: []}}
00:43:04.582 [main] DEBUG io.netty.util.internal.logging.InternalLoggerFactory - Using SLF4J as the default logging framework
00:43:04.584 [main] DEBUG io.netty.util.ResourceLeakDetector - -Dio.netty.leakDetection.level: simple
00:43:04.585 [main] DEBUG io.netty.util.ResourceLeakDetector - -Dio.netty.leakDetection.targetRecords: 4
00:43:04.589 [main] DEBUG io.netty.util.ResourceLeakDetectorFactory - Loaded default ResourceLeakDetector: io.netty.util.ResourceLeakDetector@5db0003d
00:43:04.607 [main] DEBUG io.netty.util.internal.PlatformDependent0 - -Dio.netty.noUnsafe: false
00:43:04.607 [main] DEBUG io.netty.util.internal.PlatformDependent0 - Java version: 19
00:43:04.608 [main] DEBUG io.netty.util.internal.PlatformDependent0 - sun.misc.Unsafe.theUnsafe: available
00:43:04.609 [main] DEBUG io.netty.util.internal.PlatformDependent0 - sun.misc.Unsafe.copyMemory: available
00:43:04.610 [main] DEBUG io.netty.util.internal.PlatformDependent0 - sun.misc.Unsafe.storeFence: available
00:43:04.611 [main] DEBUG io.netty.util.internal.PlatformDependent0 - java.nio.Buffer.address: available
00:43:04.612 [main] DEBUG io.netty.util.internal.PlatformDependent0 - direct buffer constructor: unavailable: Reflective setAccessible(true) disabled
00:43:04.612 [main] DEBUG io.netty.util.internal.PlatformDependent0 - java.nio.Bits.unaligned: available, true
00:43:04.614 [main] DEBUG io.netty.util.internal.PlatformDependent0 - jdk.internal.misc.Unsafe.allocateUninitializedArray(int): unavailable: class io.netty.util.internal.PlatformDependent0$7 cannot access class jdk.internal.misc.Unsafe (in module java.base) because module java.base does not export jdk.internal.misc to unnamed module @3e6ef8ad
00:43:04.616 [main] DEBUG io.netty.util.internal.PlatformDependent0 - java.nio.DirectByteBuffer.<init>(long, int): unavailable
00:43:04.616 [main] DEBUG io.netty.util.internal.PlatformDependent - sun.misc.Unsafe: available
00:43:04.618 [main] DEBUG io.netty.util.internal.PlatformDependent - maxDirectMemory: 1589641216 bytes (maybe)
00:43:04.618 [main] DEBUG io.netty.util.internal.PlatformDependent - -Dio.netty.tmpdir: C:\Users\HP\AppData\Local\Temp (java.io.tmpdir)
00:43:04.618 [main] DEBUG io.netty.util.internal.PlatformDependent - -Dio.netty.bitMode: 64 (sun.arch.data.model)
00:43:04.618 [main] DEBUG io.netty.util.internal.PlatformDependent - Platform: Windows
00:43:04.619 [main] DEBUG io.netty.util.internal.PlatformDependent - -Dio.netty.maxDirectMemory: -1 bytes
00:43:04.619 [main] DEBUG io.netty.util.internal.PlatformDependent - -Dio.netty.uninitializedArrayAllocationThreshold: -1
00:43:04.620 [main] DEBUG io.netty.util.internal.CleanerJava9 - java.nio.ByteBuffer.cleaner(): available
00:43:04.620 [main] DEBUG io.netty.util.internal.PlatformDependent - -Dio.netty.noPreferDirect: false
00:43:04.627 [main] DEBUG io.netty.util.internal.PlatformDependent - org.jctools-core.MpscChunkedArrayQueue: available
00:43:04.643 [main] DEBUG io.netty.util.internal.InternalThreadLocalMap - -Dio.netty.threadLocalMap.stringBuilder.initialSize: 1024
00:43:04.643 [main] DEBUG io.netty.util.internal.InternalThreadLocalMap - -Dio.netty.threadLocalMap.stringBuilder.maxSize: 4096
00:43:04.700 [main] DEBUG io.netty.handler.ssl.JdkSslContext - Default protocols (JDK): [TLSv1.3, TLSv1.2] 
00:43:04.700 [main] DEBUG io.netty.handler.ssl.JdkSslContext - Default cipher suites (JDK): [TLS_ECDHE_ECDSA_WITH_AES_256_GCM_SHA384, TLS_ECDHE_ECDSA_WITH_AES_128_GCM_SHA256, TLS_ECDHE_RSA_WITH_AES_128_GCM_SHA256, TLS_ECDHE_RSA_WITH_AES_256_GCM_SHA384, TLS_ECDHE_RSA_WITH_AES_128_CBC_SHA, TLS_ECDHE_RSA_WITH_AES_256_CBC_SHA, TLS_RSA_WITH_AES_128_GCM_SHA256, TLS_RSA_WITH_AES_128_CBC_SHA, TLS_RSA_WITH_AES_256_CBC_SHA, TLS_AES_128_GCM_SHA256, TLS_AES_256_GCM_SHA384]
00:43:04.723 [main] DEBUG io.netty.channel.MultithreadEventLoopGroup - -Dio.netty.eventLoopThreads: 16
00:43:04.736 [main] DEBUG io.netty.channel.nio.NioEventLoop - -Dio.netty.noKeySetOptimization: false
00:43:04.736 [main] DEBUG io.netty.channel.nio.NioEventLoop - -Dio.netty.selectorAutoRebuildThreshold: 512
00:43:04.786 [main] DEBUG io.netty.buffer.PooledByteBufAllocator - -Dio.netty.allocator.numHeapArenas: 16
00:43:04.786 [main] DEBUG io.netty.buffer.PooledByteBufAllocator - -Dio.netty.allocator.numDirectArenas: 16
00:43:04.786 [main] DEBUG io.netty.buffer.PooledByteBufAllocator - -Dio.netty.allocator.pageSize: 8192
00:43:04.786 [main] DEBUG io.netty.buffer.PooledByteBufAllocator - -Dio.netty.allocator.maxOrder: 9
00:43:04.786 [main] DEBUG io.netty.buffer.PooledByteBufAllocator - -Dio.netty.allocator.chunkSize: 4194304
00:43:04.786 [main] DEBUG io.netty.buffer.PooledByteBufAllocator - -Dio.netty.allocator.smallCacheSize: 256
00:43:04.786 [main] DEBUG io.netty.buffer.PooledByteBufAllocator - -Dio.netty.allocator.normalCacheSize: 64
00:43:04.786 [main] DEBUG io.netty.buffer.PooledByteBufAllocator - -Dio.netty.allocator.maxCachedBufferCapacity: 32768
00:43:04.786 [main] DEBUG io.netty.buffer.PooledByteBufAllocator - -Dio.netty.allocator.cacheTrimInterval: 8192
00:43:04.787 [main] DEBUG io.netty.buffer.PooledByteBufAllocator - -Dio.netty.allocator.cacheTrimIntervalMillis: 0
00:43:04.787 [main] DEBUG io.netty.buffer.PooledByteBufAllocator - -Dio.netty.allocator.useCacheForAllThreads: false
00:43:04.787 [main] DEBUG io.netty.buffer.PooledByteBufAllocator - -Dio.netty.allocator.maxCachedByteBuffersPerChunk: 1023
00:43:04.803 [main] DEBUG io.netty.buffer.ByteBufUtil - -Dio.netty.allocator.type: pooled
00:43:04.803 [main] DEBUG io.netty.buffer.ByteBufUtil - -Dio.netty.threadLocalDirectBufferSize: 0
00:43:04.803 [main] DEBUG io.netty.buffer.ByteBufUtil - -Dio.netty.maxThreadLocalCharBufferSize: 16384
00:43:05.078 [Forwarding newSession on session null to remote] DEBUG io.netty.channel.DefaultChannelId - -Dio.netty.processId: 3480 (auto-detected)
00:43:05.080 [Forwarding newSession on session null to remote] DEBUG io.netty.util.NetUtil - -Djava.net.preferIPv4Stack: false
00:43:05.080 [Forwarding newSession on session null to remote] DEBUG io.netty.util.NetUtil - -Djava.net.preferIPv6Addresses: false
00:43:05.094 [Forwarding newSession on session null to remote] DEBUG io.netty.util.NetUtilInitializations - Loopback interface: lo (Software Loopback Interface 1, 127.0.0.1)
00:43:05.094 [Forwarding newSession on session null to remote] DEBUG io.netty.util.NetUtil - Failed to get SOMAXCONN from sysctl and file \proc\sys\net\core\somaxconn. Default: 200
00:43:05.144 [Forwarding newSession on session null to remote] DEBUG io.netty.channel.DefaultChannelId - -Dio.netty.machineId: cc:6b:1e:ff:fe:34:9f:97 (auto-detected)
00:43:05.192 [AsyncHttpClient-1-2] DEBUG io.netty.buffer.AbstractByteBuf - -Dio.netty.buffer.checkAccessible: true
00:43:05.192 [AsyncHttpClient-1-2] DEBUG io.netty.buffer.AbstractByteBuf - -Dio.netty.buffer.checkBounds: true
00:43:05.192 [AsyncHttpClient-1-2] DEBUG io.netty.util.ResourceLeakDetectorFactory - Loaded default ResourceLeakDetector: io.netty.util.ResourceLeakDetector@2149606
00:43:05.203 [AsyncHttpClient-1-2] DEBUG org.asynchttpclient.netty.channel.NettyConnectListener - Using new Channel '[id: 0x5f220397, L:/127.0.0.1:50802 - R:localhost/127.0.0.1:34870]' for 'POST' to '/session'
00:43:05.217 [AsyncHttpClient-1-2] DEBUG io.netty.util.Recycler - -Dio.netty.recycler.maxCapacityPerThread: 4096
00:43:05.217 [AsyncHttpClient-1-2] DEBUG io.netty.util.Recycler - -Dio.netty.recycler.ratio: 8
00:43:05.217 [AsyncHttpClient-1-2] DEBUG io.netty.util.Recycler - -Dio.netty.recycler.chunkSize: 32
00:43:05.217 [AsyncHttpClient-1-2] DEBUG io.netty.util.Recycler - -Dio.netty.recycler.blocking: false
00:43:06.647 [AsyncHttpClient-1-2] DEBUG io.netty.handler.codec.compression.Brotli - brotli4j not in the classpath; Brotli support will be unavailable.
00:43:06.648 [AsyncHttpClient-1-2] DEBUG org.asynchttpclient.netty.handler.HttpHandler - 

Request DefaultHttpRequest(decodeResult: success, version: HTTP/1.1)
POST /session HTTP/1.1
User-Agent: selenium/4.7.1 (java windows)
Content-Length: 1629
Content-Type: application/json; charset=utf-8
host: localhost:34870
accept: */*

Response DefaultHttpResponse(decodeResult: success, version: HTTP/1.1)
HTTP/1.1 200 OK
Content-Type: application/json; charset=utf-8
cache-control: no-cache
content-length: 857

00:43:06.667 [AsyncHttpClient-1-2] DEBUG org.asynchttpclient.netty.channel.ChannelManager - Adding key: http://localhost:34870 for channel [id: 0x5f220397, L:/127.0.0.1:50802 - R:localhost/127.0.0.1:34870]
00:43:06.833 [AsyncHttpClient-1-1] DEBUG org.asynchttpclient.netty.channel.DefaultChannelPool - Entry count for : http://localhost:34870 : 1
00:43:06.866 [AsyncHttpClient-1-3] DEBUG org.asynchttpclient.netty.channel.NettyConnectListener - Using new Channel '[id: 0x0b5faa91, L:/127.0.0.1:50811 - R:localhost/127.0.0.1:50804]' for 'GET' to '/json/version'
00:43:06.873 [AsyncHttpClient-1-3] DEBUG org.asynchttpclient.netty.handler.HttpHandler - 

Request DefaultFullHttpRequest(decodeResult: success, version: HTTP/1.1, content: EmptyByteBufBE)
GET /json/version HTTP/1.1
User-Agent: selenium/4.7.1 (java windows)
host: localhost:50804
accept: */*

Response DefaultHttpResponse(decodeResult: success, version: HTTP/1.1)
HTTP/1.1 200 OK
Content-Security-Policy: frame-ancestors 'none'
Content-Type: application/json; charset=UTF-8
content-length: 424

00:43:06.873 [AsyncHttpClient-1-3] DEBUG org.asynchttpclient.netty.channel.ChannelManager - Adding key: http://localhost:50804 for channel [id: 0x0b5faa91, L:/127.0.0.1:50811 - R:localhost/127.0.0.1:50804]
00:43:06.889 [main] DEBUG io.netty.util.internal.ThreadLocalRandom - -Dio.netty.initialSeedUniquifier: 0x40a27b5830f4d85d
00:43:06.893 [AsyncHttpClient-1-4] DEBUG org.asynchttpclient.netty.channel.NettyConnectListener - Using new Channel '[id: 0x8046ed04, L:/127.0.0.1:50812 - R:localhost/127.0.0.1:50804]' for 'GET' to '/devtools/browser/e25f9b64-b0c8-4709-a2d2-04b94e885bb6'
00:43:06.899 [AsyncHttpClient-1-4] DEBUG org.asynchttpclient.netty.handler.WebSocketHandler - 

Request DefaultFullHttpRequest(decodeResult: success, version: HTTP/1.1, content: EmptyByteBufBE)
GET /devtools/browser/e25f9b64-b0c8-4709-a2d2-04b94e885bb6 HTTP/1.1
upgrade: websocket
connection: upgrade
sec-websocket-key: 4hU9L3NtqVnS3sQFhcUOKQ==
sec-websocket-version: 13
origin: http://localhost:50804
host: localhost:50804
accept: */*
user-agent: AHC/2.1

Response DefaultHttpResponse(decodeResult: success, version: HTTP/1.1)
HTTP/1.1 101 WebSocket Protocol Handshake
Upgrade: WebSocket
Connection: Upgrade
Sec-WebSocket-Accept: t9zlaYCa+qcI1Y9H2HMyXNknSgg=

00:43:07.933 [AsyncHttpClient-1-1] DEBUG org.asynchttpclient.netty.channel.DefaultChannelPool - Entry count for : http://localhost:34870 : 1
00:43:07.933 [AsyncHttpClient-1-1] DEBUG org.asynchttpclient.netty.channel.DefaultChannelPool - Entry count for : http://localhost:50804 : 1
00:43:08.553 [main] DEBUG net.thucydides.core.reflection.ClassFinder - Could not load class .starter.CucumberTestSuite
00:43:08.553 [main] DEBUG net.thucydides.core.reflection.ClassFinder - Could not load class .starter.pages.BPJSpage
00:43:08.553 [main] DEBUG net.thucydides.core.reflection.ClassFinder - Could not load class .starter.pages.PDAMPage
00:43:08.554 [main] DEBUG net.thucydides.core.reflection.ClassFinder - Could not load class .starter.pages.PromoPage
00:43:08.554 [main] DEBUG net.thucydides.core.reflection.ClassFinder - Could not load class .starter.pages.PulsanPaketData
00:43:08.554 [main] DEBUG net.thucydides.core.reflection.ClassFinder - Could not load class .starter.pages.TopUpPage
00:43:08.554 [main] DEBUG net.thucydides.core.reflection.ClassFinder - Could not load class .starter.pages.TransaksiPage
00:43:08.554 [main] DEBUG net.thucydides.core.reflection.ClassFinder - Could not load class .starter.pages.WifiPage
00:43:08.554 [main] DEBUG net.thucydides.core.reflection.ClassFinder - Could not load class .starter.stepdefinitions.BPJSsteps
00:43:08.554 [main] DEBUG net.thucydides.core.reflection.ClassFinder - Could not load class .starter.stepdefinitions.PDAMSteps
00:43:08.554 [main] DEBUG net.thucydides.core.reflection.ClassFinder - Could not load class .starter.stepdefinitions.PromoSteps
00:43:08.554 [main] DEBUG net.thucydides.core.reflection.ClassFinder - Could not load class .starter.stepdefinitions.PulsanPaketDataSteps
00:43:08.555 [main] DEBUG net.thucydides.core.reflection.ClassFinder - Could not load class .starter.stepdefinitions.TopUpSteps
00:43:08.555 [main] DEBUG net.thucydides.core.reflection.ClassFinder - Could not load class .starter.stepdefinitions.TransaksiSteps
00:43:08.555 [main] DEBUG net.thucydides.core.reflection.ClassFinder - Could not load class .starter.stepdefinitions.WifiSteps
00:43:08.557 [main] DEBUG net.thucydides.core.reflection.ClassFinder - Could not load class META-INF.versions.9.com.sun.istack.logging.StackHelper
00:43:08.559 [main] DEBUG net.thucydides.core.reflection.ClassFinder - Could not load class META-INF.versions.9.com.sun.xml.bind.v2.runtime.reflect.opt.AccessorInjector
00:43:08.560 [main] DEBUG net.thucydides.core.reflection.ClassFinder - Could not load class META-INF.versions.9.com.sun.xml.bind.v2.runtime.reflect.opt.Injector
00:43:08.562 [main] DEBUG net.thucydides.core.reflection.ClassFinder - Could not load class META-INF.versions.9.com.sun.xml.bind.v2.runtime.reflect.opt.OptimizedAccessorFactory
00:43:08.563 [main] DEBUG net.thucydides.core.reflection.ClassFinder - Could not load class META-INF.versions.9.com.sun.xml.bind.v2.runtime.reflect.opt.OptimizedTransducedAccessorFactory
00:43:08.566 [main] DEBUG net.thucydides.core.reflection.ClassFinder - Could not load class META-INF.versions.9.io.opentelemetry.sdk.internal.CurrentJavaVersionSpecific
00:43:08.567 [main] DEBUG net.thucydides.core.reflection.ClassFinder - Could not load class META-INF.versions.9.io.opentelemetry.sdk.internal.Java9VersionSpecific
00:43:08.569 [main] DEBUG net.thucydides.core.reflection.ClassFinder - Could not load class META-INF.versions.9.javax.xml.bind.ModuleUtil
00:43:08.570 [main] DEBUG net.thucydides.core.reflection.ClassFinder - Could not load class META-INF.versions.9.module-info
00:43:08.572 [main] DEBUG net.thucydides.core.reflection.ClassFinder - Could not load class META-INF.versions.9.org.junit.platform.commons.util.ModuleUtils
00:43:09.044 [AsyncHttpClient-1-1] DEBUG org.asynchttpclient.netty.channel.DefaultChannelPool - Entry count for : http://localhost:34870 : 1
00:43:09.044 [AsyncHttpClient-1-1] DEBUG org.asynchttpclient.netty.channel.DefaultChannelPool - Entry count for : http://localhost:50804 : 1
00:43:09.684 [main] DEBUG net.thucydides.core.reflection.ClassFinder - Could not load class com.google.gson.internal.
00:43:10.151 [AsyncHttpClient-1-1] DEBUG org.asynchttpclient.netty.channel.DefaultChannelPool - Entry count for : http://localhost:34870 : 1
00:43:10.154 [AsyncHttpClient-1-1] DEBUG org.asynchttpclient.netty.channel.DefaultChannelPool - Entry count for : http://localhost:50804 : 1
00:43:10.210 [main] DEBUG net.thucydides.core.reflection.ClassFinder - Could not load class com.sun.xml.bind.v2.runtime.output.FastInfosetStreamWriterOutput
00:43:11.166 [main] DEBUG net.thucydides.core.reflection.ClassFinder - Could not load class module-info
00:43:11.232 [AsyncHttpClient-1-1] DEBUG org.asynchttpclient.netty.channel.DefaultChannelPool - Entry count for : http://localhost:34870 : 1
00:43:11.232 [AsyncHttpClient-1-1] DEBUG org.asynchttpclient.netty.channel.DefaultChannelPool - Entry count for : http://localhost:50804 : 1
00:43:12.336 [AsyncHttpClient-1-1] DEBUG org.asynchttpclient.netty.channel.DefaultChannelPool - Entry count for : http://localhost:34870 : 1
00:43:12.336 [AsyncHttpClient-1-1] DEBUG org.asynchttpclient.netty.channel.DefaultChannelPool - Entry count for : http://localhost:50804 : 1
00:43:13.432 [AsyncHttpClient-1-1] DEBUG org.asynchttpclient.netty.channel.DefaultChannelPool - Entry count for : http://localhost:34870 : 1
00:43:13.432 [AsyncHttpClient-1-1] DEBUG org.asynchttpclient.netty.channel.DefaultChannelPool - Entry count for : http://localhost:50804 : 1
00:43:14.540 [AsyncHttpClient-1-1] DEBUG org.asynchttpclient.netty.channel.DefaultChannelPool - Entry count for : http://localhost:34870 : 1
00:43:14.540 [AsyncHttpClient-1-1] DEBUG org.asynchttpclient.netty.channel.DefaultChannelPool - Entry count for : http://localhost:50804 : 1
00:43:15.024 [Forwarding get on session c0d8108d2ceab1d629176972e499beee to remote] DEBUG org.asynchttpclient.netty.request.NettyRequestSender - Using pooled Channel '[id: 0x5f220397, L:/127.0.0.1:50802 - R:localhost/127.0.0.1:34870]' for 'POST' to 'http://localhost:34870/session/c0d8108d2ceab1d629176972e499beee/url'
00:43:15.024 [Forwarding get on session c0d8108d2ceab1d629176972e499beee to remote] DEBUG org.asynchttpclient.netty.request.NettyRequestSender - Using open Channel [id: 0x5f220397, L:/127.0.0.1:50802 - R:localhost/127.0.0.1:34870] for POST '/session/c0d8108d2ceab1d629176972e499beee/url'
00:43:15.639 [AsyncHttpClient-1-1] DEBUG org.asynchttpclient.netty.channel.DefaultChannelPool - Entry count for : http://localhost:50804 : 1
00:43:15.808 [AsyncHttpClient-1-2] DEBUG org.asynchttpclient.netty.handler.HttpHandler - 

Request DefaultHttpRequest(decodeResult: success, version: HTTP/1.1)
POST /session/c0d8108d2ceab1d629176972e499beee/url HTTP/1.1
User-Agent: selenium/4.7.1 (java windows)
Content-Length: 69
Content-Type: application/json; charset=utf-8
host: localhost:34870
accept: */*

Response DefaultHttpResponse(decodeResult: success, version: HTTP/1.1)
HTTP/1.1 200 OK
Content-Type: application/json; charset=utf-8
cache-control: no-cache
content-length: 14

00:43:15.810 [AsyncHttpClient-1-2] DEBUG org.asynchttpclient.netty.channel.ChannelManager - Adding key: http://localhost:34870 for channel [id: 0x5f220397, L:/127.0.0.1:50802 - R:localhost/127.0.0.1:34870]
00:43:15.822 [Forwarding setTimeout on session c0d8108d2ceab1d629176972e499beee to remote] DEBUG org.asynchttpclient.netty.request.NettyRequestSender - Using pooled Channel '[id: 0x5f220397, L:/127.0.0.1:50802 - R:localhost/127.0.0.1:34870]' for 'POST' to 'http://localhost:34870/session/c0d8108d2ceab1d629176972e499beee/timeouts'
00:43:15.822 [Forwarding setTimeout on session c0d8108d2ceab1d629176972e499beee to remote] DEBUG org.asynchttpclient.netty.request.NettyRequestSender - Using open Channel [id: 0x5f220397, L:/127.0.0.1:50802 - R:localhost/127.0.0.1:34870] for POST '/session/c0d8108d2ceab1d629176972e499beee/timeouts'
00:43:15.826 [AsyncHttpClient-1-2] DEBUG org.asynchttpclient.netty.handler.HttpHandler - 

Request DefaultHttpRequest(decodeResult: success, version: HTTP/1.1)
POST /session/c0d8108d2ceab1d629176972e499beee/timeouts HTTP/1.1
User-Agent: selenium/4.7.1 (java windows)
Content-Length: 22
Content-Type: application/json; charset=utf-8
host: localhost:34870
accept: */*

Response DefaultHttpResponse(decodeResult: success, version: HTTP/1.1)
HTTP/1.1 200 OK
Content-Type: application/json; charset=utf-8
cache-control: no-cache
content-length: 14

00:43:15.827 [AsyncHttpClient-1-2] DEBUG org.asynchttpclient.netty.channel.ChannelManager - Adding key: http://localhost:34870 for channel [id: 0x5f220397, L:/127.0.0.1:50802 - R:localhost/127.0.0.1:34870]
00:43:15.837 [Forwarding getCurrentUrl on session c0d8108d2ceab1d629176972e499beee to remote] DEBUG org.asynchttpclient.netty.request.NettyRequestSender - Using pooled Channel '[id: 0x5f220397, L:/127.0.0.1:50802 - R:localhost/127.0.0.1:34870]' for 'GET' to 'http://localhost:34870/session/c0d8108d2ceab1d629176972e499beee/url'
00:43:15.837 [Forwarding getCurrentUrl on session c0d8108d2ceab1d629176972e499beee to remote] DEBUG org.asynchttpclient.netty.request.NettyRequestSender - Using open Channel [id: 0x5f220397, L:/127.0.0.1:50802 - R:localhost/127.0.0.1:34870] for GET '/session/c0d8108d2ceab1d629176972e499beee/url'
00:43:15.846 [AsyncHttpClient-1-2] DEBUG org.asynchttpclient.netty.handler.HttpHandler - 

Request DefaultFullHttpRequest(decodeResult: success, version: HTTP/1.1, content: EmptyByteBufBE)
GET /session/c0d8108d2ceab1d629176972e499beee/url HTTP/1.1
User-Agent: selenium/4.7.1 (java windows)
Cache-Control: no-cache
Content-Type: application/json; charset=utf-8
host: localhost:34870
accept: */*

Response DefaultHttpResponse(decodeResult: success, version: HTTP/1.1)
HTTP/1.1 200 OK
Content-Type: application/json; charset=utf-8
cache-control: no-cache
content-length: 51

00:43:15.847 [AsyncHttpClient-1-2] DEBUG org.asynchttpclient.netty.channel.ChannelManager - Adding key: http://localhost:34870 for channel [id: 0x5f220397, L:/127.0.0.1:50802 - R:localhost/127.0.0.1:34870]
00:43:15.855 [Forwarding getCurrentUrl on session c0d8108d2ceab1d629176972e499beee to remote] DEBUG org.asynchttpclient.netty.request.NettyRequestSender - Using pooled Channel '[id: 0x5f220397, L:/127.0.0.1:50802 - R:localhost/127.0.0.1:34870]' for 'GET' to 'http://localhost:34870/session/c0d8108d2ceab1d629176972e499beee/url'
00:43:15.855 [Forwarding getCurrentUrl on session c0d8108d2ceab1d629176972e499beee to remote] DEBUG org.asynchttpclient.netty.request.NettyRequestSender - Using open Channel [id: 0x5f220397, L:/127.0.0.1:50802 - R:localhost/127.0.0.1:34870] for GET '/session/c0d8108d2ceab1d629176972e499beee/url'
00:43:15.862 [AsyncHttpClient-1-2] DEBUG org.asynchttpclient.netty.handler.HttpHandler - 

Request DefaultFullHttpRequest(decodeResult: success, version: HTTP/1.1, content: EmptyByteBufBE)
GET /session/c0d8108d2ceab1d629176972e499beee/url HTTP/1.1
User-Agent: selenium/4.7.1 (java windows)
Cache-Control: no-cache
Content-Type: application/json; charset=utf-8
host: localhost:34870
accept: */*

Response DefaultHttpResponse(decodeResult: success, version: HTTP/1.1)
HTTP/1.1 200 OK
Content-Type: application/json; charset=utf-8
cache-control: no-cache
content-length: 51

00:43:15.863 [AsyncHttpClient-1-2] DEBUG org.asynchttpclient.netty.channel.ChannelManager - Adding key: http://localhost:34870 for channel [id: 0x5f220397, L:/127.0.0.1:50802 - R:localhost/127.0.0.1:34870]
00:43:15.880 [Forwarding findElement on session c0d8108d2ceab1d629176972e499beee to remote] DEBUG org.asynchttpclient.netty.request.NettyRequestSender - Using pooled Channel '[id: 0x5f220397, L:/127.0.0.1:50802 - R:localhost/127.0.0.1:34870]' for 'POST' to 'http://localhost:34870/session/c0d8108d2ceab1d629176972e499beee/element'
00:43:15.881 [Forwarding findElement on session c0d8108d2ceab1d629176972e499beee to remote] DEBUG org.asynchttpclient.netty.request.NettyRequestSender - Using open Channel [id: 0x5f220397, L:/127.0.0.1:50802 - R:localhost/127.0.0.1:34870] for POST '/session/c0d8108d2ceab1d629176972e499beee/element'
00:43:15.897 [AsyncHttpClient-1-2] DEBUG org.asynchttpclient.netty.handler.HttpHandler - 

Request DefaultHttpRequest(decodeResult: success, version: HTTP/1.1)
POST /session/c0d8108d2ceab1d629176972e499beee/element HTTP/1.1
User-Agent: selenium/4.7.1 (java windows)
Content-Length: 84
Content-Type: application/json; charset=utf-8
host: localhost:34870
accept: */*

Response DefaultHttpResponse(decodeResult: success, version: HTTP/1.1)
HTTP/1.1 200 OK
Content-Type: application/json; charset=utf-8
cache-control: no-cache
content-length: 95

00:43:15.897 [AsyncHttpClient-1-2] DEBUG org.asynchttpclient.netty.channel.ChannelManager - Adding key: http://localhost:34870 for channel [id: 0x5f220397, L:/127.0.0.1:50802 - R:localhost/127.0.0.1:34870]
00:43:15.908 [Forwarding isElementDisplayed on session c0d8108d2ceab1d629176972e499beee to remote] DEBUG org.asynchttpclient.netty.request.NettyRequestSender - Using pooled Channel '[id: 0x5f220397, L:/127.0.0.1:50802 - R:localhost/127.0.0.1:34870]' for 'POST' to 'http://localhost:34870/session/c0d8108d2ceab1d629176972e499beee/execute/sync'
00:43:15.908 [Forwarding isElementDisplayed on session c0d8108d2ceab1d629176972e499beee to remote] DEBUG org.asynchttpclient.netty.request.NettyRequestSender - Using open Channel [id: 0x5f220397, L:/127.0.0.1:50802 - R:localhost/127.0.0.1:34870] for POST '/session/c0d8108d2ceab1d629176972e499beee/execute/sync'
00:43:15.928 [AsyncHttpClient-1-2] DEBUG org.asynchttpclient.netty.handler.HttpHandler - 

Request DefaultHttpRequest(decodeResult: success, version: HTTP/1.1)
POST /session/c0d8108d2ceab1d629176972e499beee/execute/sync HTTP/1.1
User-Agent: selenium/4.7.1 (java windows)
Content-Length: 48787
Content-Type: application/json; charset=utf-8
host: localhost:34870
accept: */*

Response DefaultHttpResponse(decodeResult: success, version: HTTP/1.1)
HTTP/1.1 200 OK
Content-Type: application/json; charset=utf-8
cache-control: no-cache
content-length: 14

00:43:15.929 [AsyncHttpClient-1-2] DEBUG org.asynchttpclient.netty.channel.ChannelManager - Adding key: http://localhost:34870 for channel [id: 0x5f220397, L:/127.0.0.1:50802 - R:localhost/127.0.0.1:34870]
00:43:15.934 [Forwarding isElementDisplayed on session c0d8108d2ceab1d629176972e499beee to remote] DEBUG org.asynchttpclient.netty.request.NettyRequestSender - Using pooled Channel '[id: 0x5f220397, L:/127.0.0.1:50802 - R:localhost/127.0.0.1:34870]' for 'POST' to 'http://localhost:34870/session/c0d8108d2ceab1d629176972e499beee/execute/sync'
00:43:15.935 [Forwarding isElementDisplayed on session c0d8108d2ceab1d629176972e499beee to remote] DEBUG org.asynchttpclient.netty.request.NettyRequestSender - Using open Channel [id: 0x5f220397, L:/127.0.0.1:50802 - R:localhost/127.0.0.1:34870] for POST '/session/c0d8108d2ceab1d629176972e499beee/execute/sync'
00:43:15.967 [AsyncHttpClient-1-2] DEBUG org.asynchttpclient.netty.handler.HttpHandler - 

Request DefaultHttpRequest(decodeResult: success, version: HTTP/1.1)
POST /session/c0d8108d2ceab1d629176972e499beee/execute/sync HTTP/1.1
User-Agent: selenium/4.7.1 (java windows)
Content-Length: 48787
Content-Type: application/json; charset=utf-8
host: localhost:34870
accept: */*

Response DefaultHttpResponse(decodeResult: success, version: HTTP/1.1)
HTTP/1.1 200 OK
Content-Type: application/json; charset=utf-8
cache-control: no-cache
content-length: 14

00:43:15.982 [AsyncHttpClient-1-2] DEBUG org.asynchttpclient.netty.channel.ChannelManager - Adding key: http://localhost:34870 for channel [id: 0x5f220397, L:/127.0.0.1:50802 - R:localhost/127.0.0.1:34870]
00:43:16.744 [AsyncHttpClient-1-1] DEBUG org.asynchttpclient.netty.channel.DefaultChannelPool - Entry count for : http://localhost:34870 : 1
00:43:16.744 [AsyncHttpClient-1-1] DEBUG org.asynchttpclient.netty.channel.DefaultChannelPool - Entry count for : http://localhost:50804 : 1
00:43:17.519 [main] DEBUG net.serenitybdd.core.photography.Darkroom - Opening darkroom
00:43:17.519 [Darkroom Processing Line] DEBUG net.serenitybdd.core.photography.DarkroomProcessingLine - Darkroom processing line starting up
00:43:17.530 [Forwarding getCurrentWindowHandle on session c0d8108d2ceab1d629176972e499beee to remote] DEBUG org.asynchttpclient.netty.request.NettyRequestSender - Using pooled Channel '[id: 0x5f220397, L:/127.0.0.1:50802 - R:localhost/127.0.0.1:34870]' for 'GET' to 'http://localhost:34870/session/c0d8108d2ceab1d629176972e499beee/window'
00:43:17.531 [Forwarding getCurrentWindowHandle on session c0d8108d2ceab1d629176972e499beee to remote] DEBUG org.asynchttpclient.netty.request.NettyRequestSender - Using open Channel [id: 0x5f220397, L:/127.0.0.1:50802 - R:localhost/127.0.0.1:34870] for GET '/session/c0d8108d2ceab1d629176972e499beee/window'
00:43:17.532 [AsyncHttpClient-1-2] DEBUG org.asynchttpclient.netty.handler.HttpHandler - 

Request DefaultFullHttpRequest(decodeResult: success, version: HTTP/1.1, content: EmptyByteBufBE)
GET /session/c0d8108d2ceab1d629176972e499beee/window HTTP/1.1
User-Agent: selenium/4.7.1 (java windows)
Cache-Control: no-cache
Content-Type: application/json; charset=utf-8
host: localhost:34870
accept: */*

Response DefaultHttpResponse(decodeResult: success, version: HTTP/1.1)
HTTP/1.1 200 OK
Content-Type: application/json; charset=utf-8
cache-control: no-cache
content-length: 44

00:43:17.533 [AsyncHttpClient-1-2] DEBUG org.asynchttpclient.netty.channel.ChannelManager - Adding key: http://localhost:34870 for channel [id: 0x5f220397, L:/127.0.0.1:50802 - R:localhost/127.0.0.1:34870]
00:43:17.536 [Forwarding getAlertText on session c0d8108d2ceab1d629176972e499beee to remote] DEBUG org.asynchttpclient.netty.request.NettyRequestSender - Using pooled Channel '[id: 0x5f220397, L:/127.0.0.1:50802 - R:localhost/127.0.0.1:34870]' for 'GET' to 'http://localhost:34870/session/c0d8108d2ceab1d629176972e499beee/alert/text'
00:43:17.536 [Forwarding getAlertText on session c0d8108d2ceab1d629176972e499beee to remote] DEBUG org.asynchttpclient.netty.request.NettyRequestSender - Using open Channel [id: 0x5f220397, L:/127.0.0.1:50802 - R:localhost/127.0.0.1:34870] for GET '/session/c0d8108d2ceab1d629176972e499beee/alert/text'
00:43:17.538 [AsyncHttpClient-1-2] DEBUG org.asynchttpclient.netty.handler.HttpHandler - 

Request DefaultFullHttpRequest(decodeResult: success, version: HTTP/1.1, content: EmptyByteBufBE)
GET /session/c0d8108d2ceab1d629176972e499beee/alert/text HTTP/1.1
User-Agent: selenium/4.7.1 (java windows)
Cache-Control: no-cache
Content-Type: application/json; charset=utf-8
host: localhost:34870
accept: */*

Response DefaultHttpResponse(decodeResult: success, version: HTTP/1.1)
HTTP/1.1 404 Not Found
Content-Type: application/json; charset=utf-8
cache-control: no-cache
content-length: 849

00:43:17.538 [AsyncHttpClient-1-2] DEBUG org.asynchttpclient.netty.channel.ChannelManager - Adding key: http://localhost:34870 for channel [id: 0x5f220397, L:/127.0.0.1:50802 - R:localhost/127.0.0.1:34870]
00:43:17.549 [Forwarding switchToWindow on session c0d8108d2ceab1d629176972e499beee to remote] DEBUG org.asynchttpclient.netty.request.NettyRequestSender - Using pooled Channel '[id: 0x5f220397, L:/127.0.0.1:50802 - R:localhost/127.0.0.1:34870]' for 'POST' to 'http://localhost:34870/session/c0d8108d2ceab1d629176972e499beee/window'
00:43:17.549 [Forwarding switchToWindow on session c0d8108d2ceab1d629176972e499beee to remote] DEBUG org.asynchttpclient.netty.request.NettyRequestSender - Using open Channel [id: 0x5f220397, L:/127.0.0.1:50802 - R:localhost/127.0.0.1:34870] for POST '/session/c0d8108d2ceab1d629176972e499beee/window'
00:43:17.553 [AsyncHttpClient-1-2] DEBUG org.asynchttpclient.netty.handler.HttpHandler - 

Request DefaultHttpRequest(decodeResult: success, version: HTTP/1.1)
POST /session/c0d8108d2ceab1d629176972e499beee/window HTTP/1.1
User-Agent: selenium/4.7.1 (java windows)
Content-Length: 50
Content-Type: application/json; charset=utf-8
host: localhost:34870
accept: */*

Response DefaultHttpResponse(decodeResult: success, version: HTTP/1.1)
HTTP/1.1 200 OK
Content-Type: application/json; charset=utf-8
cache-control: no-cache
content-length: 14

00:43:17.553 [AsyncHttpClient-1-2] DEBUG org.asynchttpclient.netty.channel.ChannelManager - Adding key: http://localhost:34870 for channel [id: 0x5f220397, L:/127.0.0.1:50802 - R:localhost/127.0.0.1:34870]
00:43:17.555 [Forwarding getCurrentUrl on session c0d8108d2ceab1d629176972e499beee to remote] DEBUG org.asynchttpclient.netty.request.NettyRequestSender - Using pooled Channel '[id: 0x5f220397, L:/127.0.0.1:50802 - R:localhost/127.0.0.1:34870]' for 'GET' to 'http://localhost:34870/session/c0d8108d2ceab1d629176972e499beee/url'
00:43:17.555 [Forwarding getCurrentUrl on session c0d8108d2ceab1d629176972e499beee to remote] DEBUG org.asynchttpclient.netty.request.NettyRequestSender - Using open Channel [id: 0x5f220397, L:/127.0.0.1:50802 - R:localhost/127.0.0.1:34870] for GET '/session/c0d8108d2ceab1d629176972e499beee/url'
00:43:17.560 [AsyncHttpClient-1-2] DEBUG org.asynchttpclient.netty.handler.HttpHandler - 

Request DefaultFullHttpRequest(decodeResult: success, version: HTTP/1.1, content: EmptyByteBufBE)
GET /session/c0d8108d2ceab1d629176972e499beee/url HTTP/1.1
User-Agent: selenium/4.7.1 (java windows)
Cache-Control: no-cache
Content-Type: application/json; charset=utf-8
host: localhost:34870
accept: */*

Response DefaultHttpResponse(decodeResult: success, version: HTTP/1.1)
HTTP/1.1 200 OK
Content-Type: application/json; charset=utf-8
cache-control: no-cache
content-length: 51

00:43:17.560 [AsyncHttpClient-1-2] DEBUG org.asynchttpclient.netty.channel.ChannelManager - Adding key: http://localhost:34870 for channel [id: 0x5f220397, L:/127.0.0.1:50802 - R:localhost/127.0.0.1:34870]
00:43:17.563 [Forwarding screenshot on session c0d8108d2ceab1d629176972e499beee to remote] DEBUG org.asynchttpclient.netty.request.NettyRequestSender - Using pooled Channel '[id: 0x5f220397, L:/127.0.0.1:50802 - R:localhost/127.0.0.1:34870]' for 'GET' to 'http://localhost:34870/session/c0d8108d2ceab1d629176972e499beee/screenshot'
00:43:17.563 [Forwarding screenshot on session c0d8108d2ceab1d629176972e499beee to remote] DEBUG org.asynchttpclient.netty.request.NettyRequestSender - Using open Channel [id: 0x5f220397, L:/127.0.0.1:50802 - R:localhost/127.0.0.1:34870] for GET '/session/c0d8108d2ceab1d629176972e499beee/screenshot'
00:43:17.680 [AsyncHttpClient-1-2] DEBUG org.asynchttpclient.netty.handler.HttpHandler - 

Request DefaultFullHttpRequest(decodeResult: success, version: HTTP/1.1, content: EmptyByteBufBE)
GET /session/c0d8108d2ceab1d629176972e499beee/screenshot HTTP/1.1
User-Agent: selenium/4.7.1 (java windows)
Cache-Control: no-cache
Content-Type: application/json; charset=utf-8
host: localhost:34870
accept: */*

Response DefaultHttpResponse(decodeResult: success, version: HTTP/1.1)
HTTP/1.1 200 OK
Content-Type: application/json; charset=utf-8
cache-control: no-cache
content-length: 190240

00:43:17.682 [AsyncHttpClient-1-2] DEBUG org.asynchttpclient.netty.channel.ChannelManager - Adding key: http://localhost:34870 for channel [id: 0x5f220397, L:/127.0.0.1:50802 - R:localhost/127.0.0.1:34870]
00:43:17.761 [main] DEBUG net.serenitybdd.core.photography.Darkroom - Send negative for processing for target\site\serenity\5d3dc21bcad1dabd20d1e4cb9395e40a200962782026595f63e17458f0e762ed.png
00:43:17.762 [Darkroom Processing Line] DEBUG net.serenitybdd.core.photography.DarkroomProcessingLine - Processing screenshot image in /var/screenshots/screenshot-4176242884361116597
00:43:17.762 [Darkroom Processing Line] DEBUG net.serenitybdd.core.photography.DarkroomProcessingLine - Saving screenshot to target\site\serenity\5d3dc21bcad1dabd20d1e4cb9395e40a200962782026595f63e17458f0e762ed.png
00:43:17.766 [main] DEBUG net.thucydides.core.steps.StepInterceptor - STEP DONE: diHomepageSkuyPay
00:43:17.776 [main] DEBUG net.thucydides.core.steps.StepInterceptor - STARTING STEP: BPJSsteps.adminMelakukanLoginAkunUntukFiturBPJS - inputfieldemail
00:43:17.787 [Forwarding findElement on session c0d8108d2ceab1d629176972e499beee to remote] DEBUG org.asynchttpclient.netty.request.NettyRequestSender - Using pooled Channel '[id: 0x5f220397, L:/127.0.0.1:50802 - R:localhost/127.0.0.1:34870]' for 'POST' to 'http://localhost:34870/session/c0d8108d2ceab1d629176972e499beee/element'
00:43:17.788 [Forwarding findElement on session c0d8108d2ceab1d629176972e499beee to remote] DEBUG org.asynchttpclient.netty.request.NettyRequestSender - Using open Channel [id: 0x5f220397, L:/127.0.0.1:50802 - R:localhost/127.0.0.1:34870] for POST '/session/c0d8108d2ceab1d629176972e499beee/element'
00:43:17.800 [AsyncHttpClient-1-2] DEBUG org.asynchttpclient.netty.handler.HttpHandler - 

Request DefaultHttpRequest(decodeResult: success, version: HTTP/1.1)
POST /session/c0d8108d2ceab1d629176972e499beee/element HTTP/1.1
User-Agent: selenium/4.7.1 (java windows)
Content-Length: 84
Content-Type: application/json; charset=utf-8
host: localhost:34870
accept: */*

Response DefaultHttpResponse(decodeResult: success, version: HTTP/1.1)
HTTP/1.1 200 OK
Content-Type: application/json; charset=utf-8
cache-control: no-cache
content-length: 95

00:43:17.800 [AsyncHttpClient-1-2] DEBUG org.asynchttpclient.netty.channel.ChannelManager - Adding key: http://localhost:34870 for channel [id: 0x5f220397, L:/127.0.0.1:50802 - R:localhost/127.0.0.1:34870]
00:43:17.803 [Forwarding getElementTagName on session c0d8108d2ceab1d629176972e499beee to remote] DEBUG org.asynchttpclient.netty.request.NettyRequestSender - Using pooled Channel '[id: 0x5f220397, L:/127.0.0.1:50802 - R:localhost/127.0.0.1:34870]' for 'GET' to 'http://localhost:34870/session/c0d8108d2ceab1d629176972e499beee/element/1B593F8592DB6FC4FA78ADFEDA5AD6EB_element_11/name'
00:43:17.803 [Forwarding getElementTagName on session c0d8108d2ceab1d629176972e499beee to remote] DEBUG org.asynchttpclient.netty.request.NettyRequestSender - Using open Channel [id: 0x5f220397, L:/127.0.0.1:50802 - R:localhost/127.0.0.1:34870] for GET '/session/c0d8108d2ceab1d629176972e499beee/element/1B593F8592DB6FC4FA78ADFEDA5AD6EB_element_11/name'
00:43:17.809 [AsyncHttpClient-1-2] DEBUG org.asynchttpclient.netty.handler.HttpHandler - 

Request DefaultFullHttpRequest(decodeResult: success, version: HTTP/1.1, content: EmptyByteBufBE)
GET /session/c0d8108d2ceab1d629176972e499beee/element/1B593F8592DB6FC4FA78ADFEDA5AD6EB_element_11/name HTTP/1.1
User-Agent: selenium/4.7.1 (java windows)
Cache-Control: no-cache
Content-Type: application/json; charset=utf-8
host: localhost:34870
accept: */*

Response DefaultHttpResponse(decodeResult: success, version: HTTP/1.1)
HTTP/1.1 200 OK
Content-Type: application/json; charset=utf-8
cache-control: no-cache
content-length: 17

00:43:17.810 [AsyncHttpClient-1-2] DEBUG org.asynchttpclient.netty.channel.ChannelManager - Adding key: http://localhost:34870 for channel [id: 0x5f220397, L:/127.0.0.1:50802 - R:localhost/127.0.0.1:34870]
00:43:17.813 [Forwarding getElementTagName on session c0d8108d2ceab1d629176972e499beee to remote] DEBUG org.asynchttpclient.netty.request.NettyRequestSender - Using pooled Channel '[id: 0x5f220397, L:/127.0.0.1:50802 - R:localhost/127.0.0.1:34870]' for 'GET' to 'http://localhost:34870/session/c0d8108d2ceab1d629176972e499beee/element/1B593F8592DB6FC4FA78ADFEDA5AD6EB_element_11/name'
00:43:17.813 [Forwarding getElementTagName on session c0d8108d2ceab1d629176972e499beee to remote] DEBUG org.asynchttpclient.netty.request.NettyRequestSender - Using open Channel [id: 0x5f220397, L:/127.0.0.1:50802 - R:localhost/127.0.0.1:34870] for GET '/session/c0d8108d2ceab1d629176972e499beee/element/1B593F8592DB6FC4FA78ADFEDA5AD6EB_element_11/name'
00:43:17.819 [AsyncHttpClient-1-2] DEBUG org.asynchttpclient.netty.handler.HttpHandler - 

Request DefaultFullHttpRequest(decodeResult: success, version: HTTP/1.1, content: EmptyByteBufBE)
GET /session/c0d8108d2ceab1d629176972e499beee/element/1B593F8592DB6FC4FA78ADFEDA5AD6EB_element_11/name HTTP/1.1
User-Agent: selenium/4.7.1 (java windows)
Cache-Control: no-cache
Content-Type: application/json; charset=utf-8
host: localhost:34870
accept: */*

Response DefaultHttpResponse(decodeResult: success, version: HTTP/1.1)
HTTP/1.1 200 OK
Content-Type: application/json; charset=utf-8
cache-control: no-cache
content-length: 17

00:43:17.819 [AsyncHttpClient-1-2] DEBUG org.asynchttpclient.netty.channel.ChannelManager - Adding key: http://localhost:34870 for channel [id: 0x5f220397, L:/127.0.0.1:50802 - R:localhost/127.0.0.1:34870]
00:43:17.823 [Forwarding isElementEnabled on session c0d8108d2ceab1d629176972e499beee to remote] DEBUG org.asynchttpclient.netty.request.NettyRequestSender - Using pooled Channel '[id: 0x5f220397, L:/127.0.0.1:50802 - R:localhost/127.0.0.1:34870]' for 'GET' to 'http://localhost:34870/session/c0d8108d2ceab1d629176972e499beee/element/1B593F8592DB6FC4FA78ADFEDA5AD6EB_element_11/enabled'
00:43:17.823 [Forwarding isElementEnabled on session c0d8108d2ceab1d629176972e499beee to remote] DEBUG org.asynchttpclient.netty.request.NettyRequestSender - Using open Channel [id: 0x5f220397, L:/127.0.0.1:50802 - R:localhost/127.0.0.1:34870] for GET '/session/c0d8108d2ceab1d629176972e499beee/element/1B593F8592DB6FC4FA78ADFEDA5AD6EB_element_11/enabled'
00:43:17.835 [AsyncHttpClient-1-2] DEBUG org.asynchttpclient.netty.handler.HttpHandler - 

Request DefaultFullHttpRequest(decodeResult: success, version: HTTP/1.1, content: EmptyByteBufBE)
GET /session/c0d8108d2ceab1d629176972e499beee/element/1B593F8592DB6FC4FA78ADFEDA5AD6EB_element_11/enabled HTTP/1.1
User-Agent: selenium/4.7.1 (java windows)
Cache-Control: no-cache
Content-Type: application/json; charset=utf-8
host: localhost:34870
accept: */*

Response DefaultHttpResponse(decodeResult: success, version: HTTP/1.1)
HTTP/1.1 200 OK
Content-Type: application/json; charset=utf-8
cache-control: no-cache
content-length: 14

00:43:17.835 [AsyncHttpClient-1-2] DEBUG org.asynchttpclient.netty.channel.ChannelManager - Adding key: http://localhost:34870 for channel [id: 0x5f220397, L:/127.0.0.1:50802 - R:localhost/127.0.0.1:34870]
00:43:17.837 [Forwarding isElementEnabled on session c0d8108d2ceab1d629176972e499beee to remote] DEBUG org.asynchttpclient.netty.request.NettyRequestSender - Using pooled Channel '[id: 0x5f220397, L:/127.0.0.1:50802 - R:localhost/127.0.0.1:34870]' for 'GET' to 'http://localhost:34870/session/c0d8108d2ceab1d629176972e499beee/element/1B593F8592DB6FC4FA78ADFEDA5AD6EB_element_11/enabled'
00:43:17.837 [Forwarding isElementEnabled on session c0d8108d2ceab1d629176972e499beee to remote] DEBUG org.asynchttpclient.netty.request.NettyRequestSender - Using open Channel [id: 0x5f220397, L:/127.0.0.1:50802 - R:localhost/127.0.0.1:34870] for GET '/session/c0d8108d2ceab1d629176972e499beee/element/1B593F8592DB6FC4FA78ADFEDA5AD6EB_element_11/enabled'
00:43:17.841 [AsyncHttpClient-1-1] DEBUG org.asynchttpclient.netty.channel.DefaultChannelPool - Entry count for : http://localhost:50804 : 1
00:43:17.845 [AsyncHttpClient-1-2] DEBUG org.asynchttpclient.netty.handler.HttpHandler - 

Request DefaultFullHttpRequest(decodeResult: success, version: HTTP/1.1, content: EmptyByteBufBE)
GET /session/c0d8108d2ceab1d629176972e499beee/element/1B593F8592DB6FC4FA78ADFEDA5AD6EB_element_11/enabled HTTP/1.1
User-Agent: selenium/4.7.1 (java windows)
Cache-Control: no-cache
Content-Type: application/json; charset=utf-8
host: localhost:34870
accept: */*

Response DefaultHttpResponse(decodeResult: success, version: HTTP/1.1)
HTTP/1.1 200 OK
Content-Type: application/json; charset=utf-8
cache-control: no-cache
content-length: 14

00:43:17.845 [AsyncHttpClient-1-2] DEBUG org.asynchttpclient.netty.channel.ChannelManager - Adding key: http://localhost:34870 for channel [id: 0x5f220397, L:/127.0.0.1:50802 - R:localhost/127.0.0.1:34870]
00:43:17.850 [Forwarding findElement on session c0d8108d2ceab1d629176972e499beee to remote] DEBUG org.asynchttpclient.netty.request.NettyRequestSender - Using pooled Channel '[id: 0x5f220397, L:/127.0.0.1:50802 - R:localhost/127.0.0.1:34870]' for 'POST' to 'http://localhost:34870/session/c0d8108d2ceab1d629176972e499beee/element'
00:43:17.850 [Forwarding findElement on session c0d8108d2ceab1d629176972e499beee to remote] DEBUG org.asynchttpclient.netty.request.NettyRequestSender - Using open Channel [id: 0x5f220397, L:/127.0.0.1:50802 - R:localhost/127.0.0.1:34870] for POST '/session/c0d8108d2ceab1d629176972e499beee/element'
00:43:17.860 [AsyncHttpClient-1-2] DEBUG org.asynchttpclient.netty.handler.HttpHandler - 

Request DefaultHttpRequest(decodeResult: success, version: HTTP/1.1)
POST /session/c0d8108d2ceab1d629176972e499beee/element HTTP/1.1
User-Agent: selenium/4.7.1 (java windows)
Content-Length: 84
Content-Type: application/json; charset=utf-8
host: localhost:34870
accept: */*

Response DefaultHttpResponse(decodeResult: success, version: HTTP/1.1)
HTTP/1.1 200 OK
Content-Type: application/json; charset=utf-8
cache-control: no-cache
content-length: 95

00:43:17.860 [AsyncHttpClient-1-2] DEBUG org.asynchttpclient.netty.channel.ChannelManager - Adding key: http://localhost:34870 for channel [id: 0x5f220397, L:/127.0.0.1:50802 - R:localhost/127.0.0.1:34870]
00:43:17.863 [Forwarding clickElement on session c0d8108d2ceab1d629176972e499beee to remote] DEBUG org.asynchttpclient.netty.request.NettyRequestSender - Using pooled Channel '[id: 0x5f220397, L:/127.0.0.1:50802 - R:localhost/127.0.0.1:34870]' for 'POST' to 'http://localhost:34870/session/c0d8108d2ceab1d629176972e499beee/element/1B593F8592DB6FC4FA78ADFEDA5AD6EB_element_11/click'
00:43:17.863 [Forwarding clickElement on session c0d8108d2ceab1d629176972e499beee to remote] DEBUG org.asynchttpclient.netty.request.NettyRequestSender - Using open Channel [id: 0x5f220397, L:/127.0.0.1:50802 - R:localhost/127.0.0.1:34870] for POST '/session/c0d8108d2ceab1d629176972e499beee/element/1B593F8592DB6FC4FA78ADFEDA5AD6EB_element_11/click'
00:43:17.936 [AsyncHttpClient-1-2] DEBUG org.asynchttpclient.netty.handler.HttpHandler - 

Request DefaultHttpRequest(decodeResult: success, version: HTTP/1.1)
POST /session/c0d8108d2ceab1d629176972e499beee/element/1B593F8592DB6FC4FA78ADFEDA5AD6EB_element_11/click HTTP/1.1
User-Agent: selenium/4.7.1 (java windows)
Content-Length: 57
Content-Type: application/json; charset=utf-8
host: localhost:34870
accept: */*

Response DefaultHttpResponse(decodeResult: success, version: HTTP/1.1)
HTTP/1.1 200 OK
Content-Type: application/json; charset=utf-8
cache-control: no-cache
content-length: 14

00:43:17.936 [AsyncHttpClient-1-2] DEBUG org.asynchttpclient.netty.channel.ChannelManager - Adding key: http://localhost:34870 for channel [id: 0x5f220397, L:/127.0.0.1:50802 - R:localhost/127.0.0.1:34870]
00:43:17.946 [Forwarding findElement on session c0d8108d2ceab1d629176972e499beee to remote] DEBUG org.asynchttpclient.netty.request.NettyRequestSender - Using pooled Channel '[id: 0x5f220397, L:/127.0.0.1:50802 - R:localhost/127.0.0.1:34870]' for 'POST' to 'http://localhost:34870/session/c0d8108d2ceab1d629176972e499beee/element'
00:43:17.946 [Forwarding findElement on session c0d8108d2ceab1d629176972e499beee to remote] DEBUG org.asynchttpclient.netty.request.NettyRequestSender - Using open Channel [id: 0x5f220397, L:/127.0.0.1:50802 - R:localhost/127.0.0.1:34870] for POST '/session/c0d8108d2ceab1d629176972e499beee/element'
00:43:17.958 [AsyncHttpClient-1-2] DEBUG org.asynchttpclient.netty.handler.HttpHandler - 

Request DefaultHttpRequest(decodeResult: success, version: HTTP/1.1)
POST /session/c0d8108d2ceab1d629176972e499beee/element HTTP/1.1
User-Agent: selenium/4.7.1 (java windows)
Content-Length: 84
Content-Type: application/json; charset=utf-8
host: localhost:34870
accept: */*

Response DefaultHttpResponse(decodeResult: success, version: HTTP/1.1)
HTTP/1.1 200 OK
Content-Type: application/json; charset=utf-8
cache-control: no-cache
content-length: 95

00:43:17.958 [AsyncHttpClient-1-2] DEBUG org.asynchttpclient.netty.channel.ChannelManager - Adding key: http://localhost:34870 for channel [id: 0x5f220397, L:/127.0.0.1:50802 - R:localhost/127.0.0.1:34870]
00:43:17.960 [Forwarding clearElement on session c0d8108d2ceab1d629176972e499beee to remote] DEBUG org.asynchttpclient.netty.request.NettyRequestSender - Using pooled Channel '[id: 0x5f220397, L:/127.0.0.1:50802 - R:localhost/127.0.0.1:34870]' for 'POST' to 'http://localhost:34870/session/c0d8108d2ceab1d629176972e499beee/element/1B593F8592DB6FC4FA78ADFEDA5AD6EB_element_11/clear'
00:43:17.961 [Forwarding clearElement on session c0d8108d2ceab1d629176972e499beee to remote] DEBUG org.asynchttpclient.netty.request.NettyRequestSender - Using open Channel [id: 0x5f220397, L:/127.0.0.1:50802 - R:localhost/127.0.0.1:34870] for POST '/session/c0d8108d2ceab1d629176972e499beee/element/1B593F8592DB6FC4FA78ADFEDA5AD6EB_element_11/clear'
00:43:17.998 [AsyncHttpClient-1-2] DEBUG org.asynchttpclient.netty.handler.HttpHandler - 

Request DefaultHttpRequest(decodeResult: success, version: HTTP/1.1)
POST /session/c0d8108d2ceab1d629176972e499beee/element/1B593F8592DB6FC4FA78ADFEDA5AD6EB_element_11/clear HTTP/1.1
User-Agent: selenium/4.7.1 (java windows)
Content-Length: 57
Content-Type: application/json; charset=utf-8
host: localhost:34870
accept: */*

Response DefaultHttpResponse(decodeResult: success, version: HTTP/1.1)
HTTP/1.1 200 OK
Content-Type: application/json; charset=utf-8
cache-control: no-cache
content-length: 14

00:43:17.999 [AsyncHttpClient-1-2] DEBUG org.asynchttpclient.netty.channel.ChannelManager - Adding key: http://localhost:34870 for channel [id: 0x5f220397, L:/127.0.0.1:50802 - R:localhost/127.0.0.1:34870]
00:43:18.004 [Forwarding sendKeysToElement on session c0d8108d2ceab1d629176972e499beee to remote] DEBUG org.asynchttpclient.netty.request.NettyRequestSender - Using pooled Channel '[id: 0x5f220397, L:/127.0.0.1:50802 - R:localhost/127.0.0.1:34870]' for 'POST' to 'http://localhost:34870/session/c0d8108d2ceab1d629176972e499beee/element/1B593F8592DB6FC4FA78ADFEDA5AD6EB_element_11/value'
00:43:18.004 [Forwarding sendKeysToElement on session c0d8108d2ceab1d629176972e499beee to remote] DEBUG org.asynchttpclient.netty.request.NettyRequestSender - Using open Channel [id: 0x5f220397, L:/127.0.0.1:50802 - R:localhost/127.0.0.1:34870] for POST '/session/c0d8108d2ceab1d629176972e499beee/element/1B593F8592DB6FC4FA78ADFEDA5AD6EB_element_11/value'
00:43:18.099 [AsyncHttpClient-1-2] DEBUG org.asynchttpclient.netty.handler.HttpHandler - 

Request DefaultHttpRequest(decodeResult: success, version: HTTP/1.1)
POST /session/c0d8108d2ceab1d629176972e499beee/element/1B593F8592DB6FC4FA78ADFEDA5AD6EB_element_11/value HTTP/1.1
User-Agent: selenium/4.7.1 (java windows)
Content-Length: 228
Content-Type: application/json; charset=utf-8
host: localhost:34870
accept: */*

Response DefaultHttpResponse(decodeResult: success, version: HTTP/1.1)
HTTP/1.1 200 OK
Content-Type: application/json; charset=utf-8
cache-control: no-cache
content-length: 14

00:43:18.099 [AsyncHttpClient-1-2] DEBUG org.asynchttpclient.netty.channel.ChannelManager - Adding key: http://localhost:34870 for channel [id: 0x5f220397, L:/127.0.0.1:50802 - R:localhost/127.0.0.1:34870]
00:43:18.941 [AsyncHttpClient-1-1] DEBUG org.asynchttpclient.netty.channel.DefaultChannelPool - Entry count for : http://localhost:34870 : 1
00:43:18.941 [AsyncHttpClient-1-1] DEBUG org.asynchttpclient.netty.channel.DefaultChannelPool - Entry count for : http://localhost:50804 : 1
00:43:19.624 [Forwarding getCurrentWindowHandle on session c0d8108d2ceab1d629176972e499beee to remote] DEBUG org.asynchttpclient.netty.request.NettyRequestSender - Using pooled Channel '[id: 0x5f220397, L:/127.0.0.1:50802 - R:localhost/127.0.0.1:34870]' for 'GET' to 'http://localhost:34870/session/c0d8108d2ceab1d629176972e499beee/window'
00:43:19.624 [Forwarding getCurrentWindowHandle on session c0d8108d2ceab1d629176972e499beee to remote] DEBUG org.asynchttpclient.netty.request.NettyRequestSender - Using open Channel [id: 0x5f220397, L:/127.0.0.1:50802 - R:localhost/127.0.0.1:34870] for GET '/session/c0d8108d2ceab1d629176972e499beee/window'
00:43:19.626 [AsyncHttpClient-1-2] DEBUG org.asynchttpclient.netty.handler.HttpHandler - 

Request DefaultFullHttpRequest(decodeResult: success, version: HTTP/1.1, content: EmptyByteBufBE)
GET /session/c0d8108d2ceab1d629176972e499beee/window HTTP/1.1
User-Agent: selenium/4.7.1 (java windows)
Cache-Control: no-cache
Content-Type: application/json; charset=utf-8
host: localhost:34870
accept: */*

Response DefaultHttpResponse(decodeResult: success, version: HTTP/1.1)
HTTP/1.1 200 OK
Content-Type: application/json; charset=utf-8
cache-control: no-cache
content-length: 44

00:43:19.627 [AsyncHttpClient-1-2] DEBUG org.asynchttpclient.netty.channel.ChannelManager - Adding key: http://localhost:34870 for channel [id: 0x5f220397, L:/127.0.0.1:50802 - R:localhost/127.0.0.1:34870]
00:43:19.629 [Forwarding getAlertText on session c0d8108d2ceab1d629176972e499beee to remote] DEBUG org.asynchttpclient.netty.request.NettyRequestSender - Using pooled Channel '[id: 0x5f220397, L:/127.0.0.1:50802 - R:localhost/127.0.0.1:34870]' for 'GET' to 'http://localhost:34870/session/c0d8108d2ceab1d629176972e499beee/alert/text'
00:43:19.629 [Forwarding getAlertText on session c0d8108d2ceab1d629176972e499beee to remote] DEBUG org.asynchttpclient.netty.request.NettyRequestSender - Using open Channel [id: 0x5f220397, L:/127.0.0.1:50802 - R:localhost/127.0.0.1:34870] for GET '/session/c0d8108d2ceab1d629176972e499beee/alert/text'
00:43:19.632 [AsyncHttpClient-1-2] DEBUG org.asynchttpclient.netty.handler.HttpHandler - 

Request DefaultFullHttpRequest(decodeResult: success, version: HTTP/1.1, content: EmptyByteBufBE)
GET /session/c0d8108d2ceab1d629176972e499beee/alert/text HTTP/1.1
User-Agent: selenium/4.7.1 (java windows)
Cache-Control: no-cache
Content-Type: application/json; charset=utf-8
host: localhost:34870
accept: */*

Response DefaultHttpResponse(decodeResult: success, version: HTTP/1.1)
HTTP/1.1 404 Not Found
Content-Type: application/json; charset=utf-8
cache-control: no-cache
content-length: 849

00:43:19.632 [AsyncHttpClient-1-2] DEBUG org.asynchttpclient.netty.channel.ChannelManager - Adding key: http://localhost:34870 for channel [id: 0x5f220397, L:/127.0.0.1:50802 - R:localhost/127.0.0.1:34870]
00:43:19.635 [Forwarding switchToWindow on session c0d8108d2ceab1d629176972e499beee to remote] DEBUG org.asynchttpclient.netty.request.NettyRequestSender - Using pooled Channel '[id: 0x5f220397, L:/127.0.0.1:50802 - R:localhost/127.0.0.1:34870]' for 'POST' to 'http://localhost:34870/session/c0d8108d2ceab1d629176972e499beee/window'
00:43:19.635 [Forwarding switchToWindow on session c0d8108d2ceab1d629176972e499beee to remote] DEBUG org.asynchttpclient.netty.request.NettyRequestSender - Using open Channel [id: 0x5f220397, L:/127.0.0.1:50802 - R:localhost/127.0.0.1:34870] for POST '/session/c0d8108d2ceab1d629176972e499beee/window'
00:43:19.638 [AsyncHttpClient-1-2] DEBUG org.asynchttpclient.netty.handler.HttpHandler - 

Request DefaultHttpRequest(decodeResult: success, version: HTTP/1.1)
POST /session/c0d8108d2ceab1d629176972e499beee/window HTTP/1.1
User-Agent: selenium/4.7.1 (java windows)
Content-Length: 50
Content-Type: application/json; charset=utf-8
host: localhost:34870
accept: */*

Response DefaultHttpResponse(decodeResult: success, version: HTTP/1.1)
HTTP/1.1 200 OK
Content-Type: application/json; charset=utf-8
cache-control: no-cache
content-length: 14

00:43:19.638 [AsyncHttpClient-1-2] DEBUG org.asynchttpclient.netty.channel.ChannelManager - Adding key: http://localhost:34870 for channel [id: 0x5f220397, L:/127.0.0.1:50802 - R:localhost/127.0.0.1:34870]
00:43:19.640 [Forwarding getCurrentUrl on session c0d8108d2ceab1d629176972e499beee to remote] DEBUG org.asynchttpclient.netty.request.NettyRequestSender - Using pooled Channel '[id: 0x5f220397, L:/127.0.0.1:50802 - R:localhost/127.0.0.1:34870]' for 'GET' to 'http://localhost:34870/session/c0d8108d2ceab1d629176972e499beee/url'
00:43:19.640 [Forwarding getCurrentUrl on session c0d8108d2ceab1d629176972e499beee to remote] DEBUG org.asynchttpclient.netty.request.NettyRequestSender - Using open Channel [id: 0x5f220397, L:/127.0.0.1:50802 - R:localhost/127.0.0.1:34870] for GET '/session/c0d8108d2ceab1d629176972e499beee/url'
00:43:19.645 [AsyncHttpClient-1-2] DEBUG org.asynchttpclient.netty.handler.HttpHandler - 

Request DefaultFullHttpRequest(decodeResult: success, version: HTTP/1.1, content: EmptyByteBufBE)
GET /session/c0d8108d2ceab1d629176972e499beee/url HTTP/1.1
User-Agent: selenium/4.7.1 (java windows)
Cache-Control: no-cache
Content-Type: application/json; charset=utf-8
host: localhost:34870
accept: */*

Response DefaultHttpResponse(decodeResult: success, version: HTTP/1.1)
HTTP/1.1 200 OK
Content-Type: application/json; charset=utf-8
cache-control: no-cache
content-length: 51

00:43:19.646 [AsyncHttpClient-1-2] DEBUG org.asynchttpclient.netty.channel.ChannelManager - Adding key: http://localhost:34870 for channel [id: 0x5f220397, L:/127.0.0.1:50802 - R:localhost/127.0.0.1:34870]
00:43:19.647 [Forwarding screenshot on session c0d8108d2ceab1d629176972e499beee to remote] DEBUG org.asynchttpclient.netty.request.NettyRequestSender - Using pooled Channel '[id: 0x5f220397, L:/127.0.0.1:50802 - R:localhost/127.0.0.1:34870]' for 'GET' to 'http://localhost:34870/session/c0d8108d2ceab1d629176972e499beee/screenshot'
00:43:19.647 [Forwarding screenshot on session c0d8108d2ceab1d629176972e499beee to remote] DEBUG org.asynchttpclient.netty.request.NettyRequestSender - Using open Channel [id: 0x5f220397, L:/127.0.0.1:50802 - R:localhost/127.0.0.1:34870] for GET '/session/c0d8108d2ceab1d629176972e499beee/screenshot'
00:43:19.764 [AsyncHttpClient-1-2] DEBUG org.asynchttpclient.netty.handler.HttpHandler - 

Request DefaultFullHttpRequest(decodeResult: success, version: HTTP/1.1, content: EmptyByteBufBE)
GET /session/c0d8108d2ceab1d629176972e499beee/screenshot HTTP/1.1
User-Agent: selenium/4.7.1 (java windows)
Cache-Control: no-cache
Content-Type: application/json; charset=utf-8
host: localhost:34870
accept: */*

Response DefaultHttpResponse(decodeResult: success, version: HTTP/1.1)
HTTP/1.1 200 OK
Content-Type: application/json; charset=utf-8
cache-control: no-cache
content-length: 192440

00:43:19.766 [AsyncHttpClient-1-2] DEBUG org.asynchttpclient.netty.channel.ChannelManager - Adding key: http://localhost:34870 for channel [id: 0x5f220397, L:/127.0.0.1:50802 - R:localhost/127.0.0.1:34870]
00:43:19.774 [main] DEBUG net.serenitybdd.core.photography.Darkroom - Send negative for processing for target\site\serenity\82af9b4d23dce5d2c172b7bd1d3eac742b4703310d0937898c7393eb58671bd7.png
00:43:19.774 [Darkroom Processing Line] DEBUG net.serenitybdd.core.photography.DarkroomProcessingLine - Processing screenshot image in /var/screenshots/screenshot-10448059600043388240
00:43:19.774 [Darkroom Processing Line] DEBUG net.serenitybdd.core.photography.DarkroomProcessingLine - Saving screenshot to target\site\serenity\82af9b4d23dce5d2c172b7bd1d3eac742b4703310d0937898c7393eb58671bd7.png
00:43:19.774 [main] DEBUG net.thucydides.core.steps.StepInterceptor - STEP DONE: inputfieldemail
00:43:19.780 [main] DEBUG net.thucydides.core.steps.StepInterceptor - STARTING STEP: BPJSsteps.adminMelakukanLoginAkunUntukFiturBPJS - inputfieldpassword
00:43:19.785 [Forwarding findElement on session c0d8108d2ceab1d629176972e499beee to remote] DEBUG org.asynchttpclient.netty.request.NettyRequestSender - Using pooled Channel '[id: 0x5f220397, L:/127.0.0.1:50802 - R:localhost/127.0.0.1:34870]' for 'POST' to 'http://localhost:34870/session/c0d8108d2ceab1d629176972e499beee/element'
00:43:19.785 [Forwarding findElement on session c0d8108d2ceab1d629176972e499beee to remote] DEBUG org.asynchttpclient.netty.request.NettyRequestSender - Using open Channel [id: 0x5f220397, L:/127.0.0.1:50802 - R:localhost/127.0.0.1:34870] for POST '/session/c0d8108d2ceab1d629176972e499beee/element'
00:43:19.801 [AsyncHttpClient-1-2] DEBUG org.asynchttpclient.netty.handler.HttpHandler - 

Request DefaultHttpRequest(decodeResult: success, version: HTTP/1.1)
POST /session/c0d8108d2ceab1d629176972e499beee/element HTTP/1.1
User-Agent: selenium/4.7.1 (java windows)
Content-Length: 72
Content-Type: application/json; charset=utf-8
host: localhost:34870
accept: */*

Response DefaultHttpResponse(decodeResult: success, version: HTTP/1.1)
HTTP/1.1 200 OK
Content-Type: application/json; charset=utf-8
cache-control: no-cache
content-length: 94

00:43:19.801 [AsyncHttpClient-1-2] DEBUG org.asynchttpclient.netty.channel.ChannelManager - Adding key: http://localhost:34870 for channel [id: 0x5f220397, L:/127.0.0.1:50802 - R:localhost/127.0.0.1:34870]
00:43:19.803 [Forwarding getElementTagName on session c0d8108d2ceab1d629176972e499beee to remote] DEBUG org.asynchttpclient.netty.request.NettyRequestSender - Using pooled Channel '[id: 0x5f220397, L:/127.0.0.1:50802 - R:localhost/127.0.0.1:34870]' for 'GET' to 'http://localhost:34870/session/c0d8108d2ceab1d629176972e499beee/element/1B593F8592DB6FC4FA78ADFEDA5AD6EB_element_5/name'
00:43:19.803 [Forwarding getElementTagName on session c0d8108d2ceab1d629176972e499beee to remote] DEBUG org.asynchttpclient.netty.request.NettyRequestSender - Using open Channel [id: 0x5f220397, L:/127.0.0.1:50802 - R:localhost/127.0.0.1:34870] for GET '/session/c0d8108d2ceab1d629176972e499beee/element/1B593F8592DB6FC4FA78ADFEDA5AD6EB_element_5/name'
00:43:19.809 [AsyncHttpClient-1-2] DEBUG org.asynchttpclient.netty.handler.HttpHandler - 

Request DefaultFullHttpRequest(decodeResult: success, version: HTTP/1.1, content: EmptyByteBufBE)
GET /session/c0d8108d2ceab1d629176972e499beee/element/1B593F8592DB6FC4FA78ADFEDA5AD6EB_element_5/name HTTP/1.1
User-Agent: selenium/4.7.1 (java windows)
Cache-Control: no-cache
Content-Type: application/json; charset=utf-8
host: localhost:34870
accept: */*

Response DefaultHttpResponse(decodeResult: success, version: HTTP/1.1)
HTTP/1.1 200 OK
Content-Type: application/json; charset=utf-8
cache-control: no-cache
content-length: 17

00:43:19.810 [AsyncHttpClient-1-2] DEBUG org.asynchttpclient.netty.channel.ChannelManager - Adding key: http://localhost:34870 for channel [id: 0x5f220397, L:/127.0.0.1:50802 - R:localhost/127.0.0.1:34870]
00:43:19.812 [Forwarding getElementTagName on session c0d8108d2ceab1d629176972e499beee to remote] DEBUG org.asynchttpclient.netty.request.NettyRequestSender - Using pooled Channel '[id: 0x5f220397, L:/127.0.0.1:50802 - R:localhost/127.0.0.1:34870]' for 'GET' to 'http://localhost:34870/session/c0d8108d2ceab1d629176972e499beee/element/1B593F8592DB6FC4FA78ADFEDA5AD6EB_element_5/name'
00:43:19.812 [Forwarding getElementTagName on session c0d8108d2ceab1d629176972e499beee to remote] DEBUG org.asynchttpclient.netty.request.NettyRequestSender - Using open Channel [id: 0x5f220397, L:/127.0.0.1:50802 - R:localhost/127.0.0.1:34870] for GET '/session/c0d8108d2ceab1d629176972e499beee/element/1B593F8592DB6FC4FA78ADFEDA5AD6EB_element_5/name'
00:43:19.818 [AsyncHttpClient-1-2] DEBUG org.asynchttpclient.netty.handler.HttpHandler - 

Request DefaultFullHttpRequest(decodeResult: success, version: HTTP/1.1, content: EmptyByteBufBE)
GET /session/c0d8108d2ceab1d629176972e499beee/element/1B593F8592DB6FC4FA78ADFEDA5AD6EB_element_5/name HTTP/1.1
User-Agent: selenium/4.7.1 (java windows)
Cache-Control: no-cache
Content-Type: application/json; charset=utf-8
host: localhost:34870
accept: */*

Response DefaultHttpResponse(decodeResult: success, version: HTTP/1.1)
HTTP/1.1 200 OK
Content-Type: application/json; charset=utf-8
cache-control: no-cache
content-length: 17

00:43:19.818 [AsyncHttpClient-1-2] DEBUG org.asynchttpclient.netty.channel.ChannelManager - Adding key: http://localhost:34870 for channel [id: 0x5f220397, L:/127.0.0.1:50802 - R:localhost/127.0.0.1:34870]
00:43:19.823 [Forwarding isElementEnabled on session c0d8108d2ceab1d629176972e499beee to remote] DEBUG org.asynchttpclient.netty.request.NettyRequestSender - Using pooled Channel '[id: 0x5f220397, L:/127.0.0.1:50802 - R:localhost/127.0.0.1:34870]' for 'GET' to 'http://localhost:34870/session/c0d8108d2ceab1d629176972e499beee/element/1B593F8592DB6FC4FA78ADFEDA5AD6EB_element_5/enabled'
00:43:19.823 [Forwarding isElementEnabled on session c0d8108d2ceab1d629176972e499beee to remote] DEBUG org.asynchttpclient.netty.request.NettyRequestSender - Using open Channel [id: 0x5f220397, L:/127.0.0.1:50802 - R:localhost/127.0.0.1:34870] for GET '/session/c0d8108d2ceab1d629176972e499beee/element/1B593F8592DB6FC4FA78ADFEDA5AD6EB_element_5/enabled'
00:43:19.832 [AsyncHttpClient-1-2] DEBUG org.asynchttpclient.netty.handler.HttpHandler - 

Request DefaultFullHttpRequest(decodeResult: success, version: HTTP/1.1, content: EmptyByteBufBE)
GET /session/c0d8108d2ceab1d629176972e499beee/element/1B593F8592DB6FC4FA78ADFEDA5AD6EB_element_5/enabled HTTP/1.1
User-Agent: selenium/4.7.1 (java windows)
Cache-Control: no-cache
Content-Type: application/json; charset=utf-8
host: localhost:34870
accept: */*

Response DefaultHttpResponse(decodeResult: success, version: HTTP/1.1)
HTTP/1.1 200 OK
Content-Type: application/json; charset=utf-8
cache-control: no-cache
content-length: 14

00:43:19.833 [AsyncHttpClient-1-2] DEBUG org.asynchttpclient.netty.channel.ChannelManager - Adding key: http://localhost:34870 for channel [id: 0x5f220397, L:/127.0.0.1:50802 - R:localhost/127.0.0.1:34870]
00:43:19.835 [Forwarding isElementEnabled on session c0d8108d2ceab1d629176972e499beee to remote] DEBUG org.asynchttpclient.netty.request.NettyRequestSender - Using pooled Channel '[id: 0x5f220397, L:/127.0.0.1:50802 - R:localhost/127.0.0.1:34870]' for 'GET' to 'http://localhost:34870/session/c0d8108d2ceab1d629176972e499beee/element/1B593F8592DB6FC4FA78ADFEDA5AD6EB_element_5/enabled'
00:43:19.835 [Forwarding isElementEnabled on session c0d8108d2ceab1d629176972e499beee to remote] DEBUG org.asynchttpclient.netty.request.NettyRequestSender - Using open Channel [id: 0x5f220397, L:/127.0.0.1:50802 - R:localhost/127.0.0.1:34870] for GET '/session/c0d8108d2ceab1d629176972e499beee/element/1B593F8592DB6FC4FA78ADFEDA5AD6EB_element_5/enabled'
00:43:19.842 [AsyncHttpClient-1-2] DEBUG org.asynchttpclient.netty.handler.HttpHandler - 

Request DefaultFullHttpRequest(decodeResult: success, version: HTTP/1.1, content: EmptyByteBufBE)
GET /session/c0d8108d2ceab1d629176972e499beee/element/1B593F8592DB6FC4FA78ADFEDA5AD6EB_element_5/enabled HTTP/1.1
User-Agent: selenium/4.7.1 (java windows)
Cache-Control: no-cache
Content-Type: application/json; charset=utf-8
host: localhost:34870
accept: */*

Response DefaultHttpResponse(decodeResult: success, version: HTTP/1.1)
HTTP/1.1 200 OK
Content-Type: application/json; charset=utf-8
cache-control: no-cache
content-length: 14

00:43:19.842 [AsyncHttpClient-1-2] DEBUG org.asynchttpclient.netty.channel.ChannelManager - Adding key: http://localhost:34870 for channel [id: 0x5f220397, L:/127.0.0.1:50802 - R:localhost/127.0.0.1:34870]
00:43:19.845 [Forwarding findElement on session c0d8108d2ceab1d629176972e499beee to remote] DEBUG org.asynchttpclient.netty.request.NettyRequestSender - Using pooled Channel '[id: 0x5f220397, L:/127.0.0.1:50802 - R:localhost/127.0.0.1:34870]' for 'POST' to 'http://localhost:34870/session/c0d8108d2ceab1d629176972e499beee/element'
00:43:19.845 [Forwarding findElement on session c0d8108d2ceab1d629176972e499beee to remote] DEBUG org.asynchttpclient.netty.request.NettyRequestSender - Using open Channel [id: 0x5f220397, L:/127.0.0.1:50802 - R:localhost/127.0.0.1:34870] for POST '/session/c0d8108d2ceab1d629176972e499beee/element'
00:43:19.855 [AsyncHttpClient-1-2] DEBUG org.asynchttpclient.netty.handler.HttpHandler - 

Request DefaultHttpRequest(decodeResult: success, version: HTTP/1.1)
POST /session/c0d8108d2ceab1d629176972e499beee/element HTTP/1.1
User-Agent: selenium/4.7.1 (java windows)
Content-Length: 72
Content-Type: application/json; charset=utf-8
host: localhost:34870
accept: */*

Response DefaultHttpResponse(decodeResult: success, version: HTTP/1.1)
HTTP/1.1 200 OK
Content-Type: application/json; charset=utf-8
cache-control: no-cache
content-length: 94

00:43:19.856 [AsyncHttpClient-1-2] DEBUG org.asynchttpclient.netty.channel.ChannelManager - Adding key: http://localhost:34870 for channel [id: 0x5f220397, L:/127.0.0.1:50802 - R:localhost/127.0.0.1:34870]
00:43:19.858 [Forwarding clickElement on session c0d8108d2ceab1d629176972e499beee to remote] DEBUG org.asynchttpclient.netty.request.NettyRequestSender - Using pooled Channel '[id: 0x5f220397, L:/127.0.0.1:50802 - R:localhost/127.0.0.1:34870]' for 'POST' to 'http://localhost:34870/session/c0d8108d2ceab1d629176972e499beee/element/1B593F8592DB6FC4FA78ADFEDA5AD6EB_element_5/click'
00:43:19.858 [Forwarding clickElement on session c0d8108d2ceab1d629176972e499beee to remote] DEBUG org.asynchttpclient.netty.request.NettyRequestSender - Using open Channel [id: 0x5f220397, L:/127.0.0.1:50802 - R:localhost/127.0.0.1:34870] for POST '/session/c0d8108d2ceab1d629176972e499beee/element/1B593F8592DB6FC4FA78ADFEDA5AD6EB_element_5/click'
00:43:19.906 [AsyncHttpClient-1-2] DEBUG org.asynchttpclient.netty.handler.HttpHandler - 

Request DefaultHttpRequest(decodeResult: success, version: HTTP/1.1)
POST /session/c0d8108d2ceab1d629176972e499beee/element/1B593F8592DB6FC4FA78ADFEDA5AD6EB_element_5/click HTTP/1.1
User-Agent: selenium/4.7.1 (java windows)
Content-Length: 56
Content-Type: application/json; charset=utf-8
host: localhost:34870
accept: */*

Response DefaultHttpResponse(decodeResult: success, version: HTTP/1.1)
HTTP/1.1 200 OK
Content-Type: application/json; charset=utf-8
cache-control: no-cache
content-length: 14

00:43:19.907 [AsyncHttpClient-1-2] DEBUG org.asynchttpclient.netty.channel.ChannelManager - Adding key: http://localhost:34870 for channel [id: 0x5f220397, L:/127.0.0.1:50802 - R:localhost/127.0.0.1:34870]
00:43:19.923 [Forwarding findElement on session c0d8108d2ceab1d629176972e499beee to remote] DEBUG org.asynchttpclient.netty.request.NettyRequestSender - Using pooled Channel '[id: 0x5f220397, L:/127.0.0.1:50802 - R:localhost/127.0.0.1:34870]' for 'POST' to 'http://localhost:34870/session/c0d8108d2ceab1d629176972e499beee/element'
00:43:19.924 [Forwarding findElement on session c0d8108d2ceab1d629176972e499beee to remote] DEBUG org.asynchttpclient.netty.request.NettyRequestSender - Using open Channel [id: 0x5f220397, L:/127.0.0.1:50802 - R:localhost/127.0.0.1:34870] for POST '/session/c0d8108d2ceab1d629176972e499beee/element'
00:43:19.936 [AsyncHttpClient-1-2] DEBUG org.asynchttpclient.netty.handler.HttpHandler - 

Request DefaultHttpRequest(decodeResult: success, version: HTTP/1.1)
POST /session/c0d8108d2ceab1d629176972e499beee/element HTTP/1.1
User-Agent: selenium/4.7.1 (java windows)
Content-Length: 72
Content-Type: application/json; charset=utf-8
host: localhost:34870
accept: */*

Response DefaultHttpResponse(decodeResult: success, version: HTTP/1.1)
HTTP/1.1 200 OK
Content-Type: application/json; charset=utf-8
cache-control: no-cache
content-length: 94

00:43:19.936 [AsyncHttpClient-1-2] DEBUG org.asynchttpclient.netty.channel.ChannelManager - Adding key: http://localhost:34870 for channel [id: 0x5f220397, L:/127.0.0.1:50802 - R:localhost/127.0.0.1:34870]
00:43:19.938 [Forwarding clearElement on session c0d8108d2ceab1d629176972e499beee to remote] DEBUG org.asynchttpclient.netty.request.NettyRequestSender - Using pooled Channel '[id: 0x5f220397, L:/127.0.0.1:50802 - R:localhost/127.0.0.1:34870]' for 'POST' to 'http://localhost:34870/session/c0d8108d2ceab1d629176972e499beee/element/1B593F8592DB6FC4FA78ADFEDA5AD6EB_element_5/clear'
00:43:19.939 [Forwarding clearElement on session c0d8108d2ceab1d629176972e499beee to remote] DEBUG org.asynchttpclient.netty.request.NettyRequestSender - Using open Channel [id: 0x5f220397, L:/127.0.0.1:50802 - R:localhost/127.0.0.1:34870] for POST '/session/c0d8108d2ceab1d629176972e499beee/element/1B593F8592DB6FC4FA78ADFEDA5AD6EB_element_5/clear'
00:43:19.984 [AsyncHttpClient-1-2] DEBUG org.asynchttpclient.netty.handler.HttpHandler - 

Request DefaultHttpRequest(decodeResult: success, version: HTTP/1.1)
POST /session/c0d8108d2ceab1d629176972e499beee/element/1B593F8592DB6FC4FA78ADFEDA5AD6EB_element_5/clear HTTP/1.1
User-Agent: selenium/4.7.1 (java windows)
Content-Length: 56
Content-Type: application/json; charset=utf-8
host: localhost:34870
accept: */*

Response DefaultHttpResponse(decodeResult: success, version: HTTP/1.1)
HTTP/1.1 200 OK
Content-Type: application/json; charset=utf-8
cache-control: no-cache
content-length: 14

00:43:19.985 [AsyncHttpClient-1-2] DEBUG org.asynchttpclient.netty.channel.ChannelManager - Adding key: http://localhost:34870 for channel [id: 0x5f220397, L:/127.0.0.1:50802 - R:localhost/127.0.0.1:34870]
00:43:19.988 [Forwarding sendKeysToElement on session c0d8108d2ceab1d629176972e499beee to remote] DEBUG org.asynchttpclient.netty.request.NettyRequestSender - Using pooled Channel '[id: 0x5f220397, L:/127.0.0.1:50802 - R:localhost/127.0.0.1:34870]' for 'POST' to 'http://localhost:34870/session/c0d8108d2ceab1d629176972e499beee/element/1B593F8592DB6FC4FA78ADFEDA5AD6EB_element_5/value'
00:43:19.988 [Forwarding sendKeysToElement on session c0d8108d2ceab1d629176972e499beee to remote] DEBUG org.asynchttpclient.netty.request.NettyRequestSender - Using open Channel [id: 0x5f220397, L:/127.0.0.1:50802 - R:localhost/127.0.0.1:34870] for POST '/session/c0d8108d2ceab1d629176972e499beee/element/1B593F8592DB6FC4FA78ADFEDA5AD6EB_element_5/value'
00:43:20.036 [AsyncHttpClient-1-1] DEBUG org.asynchttpclient.netty.channel.DefaultChannelPool - Entry count for : http://localhost:50804 : 1
00:43:20.064 [AsyncHttpClient-1-2] DEBUG org.asynchttpclient.netty.handler.HttpHandler - 

Request DefaultHttpRequest(decodeResult: success, version: HTTP/1.1)
POST /session/c0d8108d2ceab1d629176972e499beee/element/1B593F8592DB6FC4FA78ADFEDA5AD6EB_element_5/value HTTP/1.1
User-Agent: selenium/4.7.1 (java windows)
Content-Length: 167
Content-Type: application/json; charset=utf-8
host: localhost:34870
accept: */*

Response DefaultHttpResponse(decodeResult: success, version: HTTP/1.1)
HTTP/1.1 200 OK
Content-Type: application/json; charset=utf-8
cache-control: no-cache
content-length: 14

00:43:20.064 [AsyncHttpClient-1-2] DEBUG org.asynchttpclient.netty.channel.ChannelManager - Adding key: http://localhost:34870 for channel [id: 0x5f220397, L:/127.0.0.1:50802 - R:localhost/127.0.0.1:34870]
00:43:21.146 [AsyncHttpClient-1-1] DEBUG org.asynchttpclient.netty.channel.DefaultChannelPool - Entry count for : http://localhost:34870 : 1
00:43:21.146 [AsyncHttpClient-1-1] DEBUG org.asynchttpclient.netty.channel.DefaultChannelPool - Entry count for : http://localhost:50804 : 1
00:43:21.583 [Forwarding getCurrentWindowHandle on session c0d8108d2ceab1d629176972e499beee to remote] DEBUG org.asynchttpclient.netty.request.NettyRequestSender - Using pooled Channel '[id: 0x5f220397, L:/127.0.0.1:50802 - R:localhost/127.0.0.1:34870]' for 'GET' to 'http://localhost:34870/session/c0d8108d2ceab1d629176972e499beee/window'
00:43:21.583 [Forwarding getCurrentWindowHandle on session c0d8108d2ceab1d629176972e499beee to remote] DEBUG org.asynchttpclient.netty.request.NettyRequestSender - Using open Channel [id: 0x5f220397, L:/127.0.0.1:50802 - R:localhost/127.0.0.1:34870] for GET '/session/c0d8108d2ceab1d629176972e499beee/window'
00:43:21.584 [AsyncHttpClient-1-2] DEBUG org.asynchttpclient.netty.handler.HttpHandler - 

Request DefaultFullHttpRequest(decodeResult: success, version: HTTP/1.1, content: EmptyByteBufBE)
GET /session/c0d8108d2ceab1d629176972e499beee/window HTTP/1.1
User-Agent: selenium/4.7.1 (java windows)
Cache-Control: no-cache
Content-Type: application/json; charset=utf-8
host: localhost:34870
accept: */*

Response DefaultHttpResponse(decodeResult: success, version: HTTP/1.1)
HTTP/1.1 200 OK
Content-Type: application/json; charset=utf-8
cache-control: no-cache
content-length: 44

00:43:21.584 [AsyncHttpClient-1-2] DEBUG org.asynchttpclient.netty.channel.ChannelManager - Adding key: http://localhost:34870 for channel [id: 0x5f220397, L:/127.0.0.1:50802 - R:localhost/127.0.0.1:34870]
00:43:21.586 [Forwarding getAlertText on session c0d8108d2ceab1d629176972e499beee to remote] DEBUG org.asynchttpclient.netty.request.NettyRequestSender - Using pooled Channel '[id: 0x5f220397, L:/127.0.0.1:50802 - R:localhost/127.0.0.1:34870]' for 'GET' to 'http://localhost:34870/session/c0d8108d2ceab1d629176972e499beee/alert/text'
00:43:21.586 [Forwarding getAlertText on session c0d8108d2ceab1d629176972e499beee to remote] DEBUG org.asynchttpclient.netty.request.NettyRequestSender - Using open Channel [id: 0x5f220397, L:/127.0.0.1:50802 - R:localhost/127.0.0.1:34870] for GET '/session/c0d8108d2ceab1d629176972e499beee/alert/text'
00:43:21.588 [AsyncHttpClient-1-2] DEBUG org.asynchttpclient.netty.handler.HttpHandler - 

Request DefaultFullHttpRequest(decodeResult: success, version: HTTP/1.1, content: EmptyByteBufBE)
GET /session/c0d8108d2ceab1d629176972e499beee/alert/text HTTP/1.1
User-Agent: selenium/4.7.1 (java windows)
Cache-Control: no-cache
Content-Type: application/json; charset=utf-8
host: localhost:34870
accept: */*

Response DefaultHttpResponse(decodeResult: success, version: HTTP/1.1)
HTTP/1.1 404 Not Found
Content-Type: application/json; charset=utf-8
cache-control: no-cache
content-length: 849

00:43:21.588 [AsyncHttpClient-1-2] DEBUG org.asynchttpclient.netty.channel.ChannelManager - Adding key: http://localhost:34870 for channel [id: 0x5f220397, L:/127.0.0.1:50802 - R:localhost/127.0.0.1:34870]
00:43:21.592 [Forwarding switchToWindow on session c0d8108d2ceab1d629176972e499beee to remote] DEBUG org.asynchttpclient.netty.request.NettyRequestSender - Using pooled Channel '[id: 0x5f220397, L:/127.0.0.1:50802 - R:localhost/127.0.0.1:34870]' for 'POST' to 'http://localhost:34870/session/c0d8108d2ceab1d629176972e499beee/window'
00:43:21.592 [Forwarding switchToWindow on session c0d8108d2ceab1d629176972e499beee to remote] DEBUG org.asynchttpclient.netty.request.NettyRequestSender - Using open Channel [id: 0x5f220397, L:/127.0.0.1:50802 - R:localhost/127.0.0.1:34870] for POST '/session/c0d8108d2ceab1d629176972e499beee/window'
00:43:21.594 [AsyncHttpClient-1-2] DEBUG org.asynchttpclient.netty.handler.HttpHandler - 

Request DefaultHttpRequest(decodeResult: success, version: HTTP/1.1)
POST /session/c0d8108d2ceab1d629176972e499beee/window HTTP/1.1
User-Agent: selenium/4.7.1 (java windows)
Content-Length: 50
Content-Type: application/json; charset=utf-8
host: localhost:34870
accept: */*

Response DefaultHttpResponse(decodeResult: success, version: HTTP/1.1)
HTTP/1.1 200 OK
Content-Type: application/json; charset=utf-8
cache-control: no-cache
content-length: 14

00:43:21.595 [AsyncHttpClient-1-2] DEBUG org.asynchttpclient.netty.channel.ChannelManager - Adding key: http://localhost:34870 for channel [id: 0x5f220397, L:/127.0.0.1:50802 - R:localhost/127.0.0.1:34870]
00:43:21.596 [Forwarding getCurrentUrl on session c0d8108d2ceab1d629176972e499beee to remote] DEBUG org.asynchttpclient.netty.request.NettyRequestSender - Using pooled Channel '[id: 0x5f220397, L:/127.0.0.1:50802 - R:localhost/127.0.0.1:34870]' for 'GET' to 'http://localhost:34870/session/c0d8108d2ceab1d629176972e499beee/url'
00:43:21.596 [Forwarding getCurrentUrl on session c0d8108d2ceab1d629176972e499beee to remote] DEBUG org.asynchttpclient.netty.request.NettyRequestSender - Using open Channel [id: 0x5f220397, L:/127.0.0.1:50802 - R:localhost/127.0.0.1:34870] for GET '/session/c0d8108d2ceab1d629176972e499beee/url'
00:43:21.601 [AsyncHttpClient-1-2] DEBUG org.asynchttpclient.netty.handler.HttpHandler - 

Request DefaultFullHttpRequest(decodeResult: success, version: HTTP/1.1, content: EmptyByteBufBE)
GET /session/c0d8108d2ceab1d629176972e499beee/url HTTP/1.1
User-Agent: selenium/4.7.1 (java windows)
Cache-Control: no-cache
Content-Type: application/json; charset=utf-8
host: localhost:34870
accept: */*

Response DefaultHttpResponse(decodeResult: success, version: HTTP/1.1)
HTTP/1.1 200 OK
Content-Type: application/json; charset=utf-8
cache-control: no-cache
content-length: 51

00:43:21.601 [AsyncHttpClient-1-2] DEBUG org.asynchttpclient.netty.channel.ChannelManager - Adding key: http://localhost:34870 for channel [id: 0x5f220397, L:/127.0.0.1:50802 - R:localhost/127.0.0.1:34870]
00:43:21.603 [Forwarding screenshot on session c0d8108d2ceab1d629176972e499beee to remote] DEBUG org.asynchttpclient.netty.request.NettyRequestSender - Using pooled Channel '[id: 0x5f220397, L:/127.0.0.1:50802 - R:localhost/127.0.0.1:34870]' for 'GET' to 'http://localhost:34870/session/c0d8108d2ceab1d629176972e499beee/screenshot'
00:43:21.603 [Forwarding screenshot on session c0d8108d2ceab1d629176972e499beee to remote] DEBUG org.asynchttpclient.netty.request.NettyRequestSender - Using open Channel [id: 0x5f220397, L:/127.0.0.1:50802 - R:localhost/127.0.0.1:34870] for GET '/session/c0d8108d2ceab1d629176972e499beee/screenshot'
00:43:21.715 [AsyncHttpClient-1-2] DEBUG org.asynchttpclient.netty.handler.HttpHandler - 

Request DefaultFullHttpRequest(decodeResult: success, version: HTTP/1.1, content: EmptyByteBufBE)
GET /session/c0d8108d2ceab1d629176972e499beee/screenshot HTTP/1.1
User-Agent: selenium/4.7.1 (java windows)
Cache-Control: no-cache
Content-Type: application/json; charset=utf-8
host: localhost:34870
accept: */*

Response DefaultHttpResponse(decodeResult: success, version: HTTP/1.1)
HTTP/1.1 200 OK
Content-Type: application/json; charset=utf-8
cache-control: no-cache
content-length: 192532

00:43:21.717 [AsyncHttpClient-1-2] DEBUG org.asynchttpclient.netty.channel.ChannelManager - Adding key: http://localhost:34870 for channel [id: 0x5f220397, L:/127.0.0.1:50802 - R:localhost/127.0.0.1:34870]
00:43:21.727 [main] DEBUG net.serenitybdd.core.photography.Darkroom - Send negative for processing for target\site\serenity\372cd5eb6808b95fe05dee555d325c4ebd2d128ba4874584201b23a118581cb6.png
00:43:21.728 [Darkroom Processing Line] DEBUG net.serenitybdd.core.photography.DarkroomProcessingLine - Processing screenshot image in /var/screenshots/screenshot-1423090235835980706
00:43:21.728 [Darkroom Processing Line] DEBUG net.serenitybdd.core.photography.DarkroomProcessingLine - Saving screenshot to target\site\serenity\372cd5eb6808b95fe05dee555d325c4ebd2d128ba4874584201b23a118581cb6.png
00:43:21.728 [main] DEBUG net.thucydides.core.steps.StepInterceptor - STEP DONE: inputfieldpassword
00:43:21.733 [main] DEBUG net.thucydides.core.steps.StepInterceptor - STARTING STEP: BPJSsteps.adminMelakukanLoginAkunUntukFiturBPJS - klikbuttonmasuk
00:43:21.737 [Forwarding findElement on session c0d8108d2ceab1d629176972e499beee to remote] DEBUG org.asynchttpclient.netty.request.NettyRequestSender - Using pooled Channel '[id: 0x5f220397, L:/127.0.0.1:50802 - R:localhost/127.0.0.1:34870]' for 'POST' to 'http://localhost:34870/session/c0d8108d2ceab1d629176972e499beee/element'
00:43:21.737 [Forwarding findElement on session c0d8108d2ceab1d629176972e499beee to remote] DEBUG org.asynchttpclient.netty.request.NettyRequestSender - Using open Channel [id: 0x5f220397, L:/127.0.0.1:50802 - R:localhost/127.0.0.1:34870] for POST '/session/c0d8108d2ceab1d629176972e499beee/element'
00:43:21.754 [AsyncHttpClient-1-2] DEBUG org.asynchttpclient.netty.handler.HttpHandler - 

Request DefaultHttpRequest(decodeResult: success, version: HTTP/1.1)
POST /session/c0d8108d2ceab1d629176972e499beee/element HTTP/1.1
User-Agent: selenium/4.7.1 (java windows)
Content-Length: 113
Content-Type: application/json; charset=utf-8
host: localhost:34870
accept: */*

Response DefaultHttpResponse(decodeResult: success, version: HTTP/1.1)
HTTP/1.1 200 OK
Content-Type: application/json; charset=utf-8
cache-control: no-cache
content-length: 95

00:43:21.754 [AsyncHttpClient-1-2] DEBUG org.asynchttpclient.netty.channel.ChannelManager - Adding key: http://localhost:34870 for channel [id: 0x5f220397, L:/127.0.0.1:50802 - R:localhost/127.0.0.1:34870]
00:43:21.757 [Forwarding getElementTagName on session c0d8108d2ceab1d629176972e499beee to remote] DEBUG org.asynchttpclient.netty.request.NettyRequestSender - Using pooled Channel '[id: 0x5f220397, L:/127.0.0.1:50802 - R:localhost/127.0.0.1:34870]' for 'GET' to 'http://localhost:34870/session/c0d8108d2ceab1d629176972e499beee/element/1B593F8592DB6FC4FA78ADFEDA5AD6EB_element_12/name'
00:43:21.757 [Forwarding getElementTagName on session c0d8108d2ceab1d629176972e499beee to remote] DEBUG org.asynchttpclient.netty.request.NettyRequestSender - Using open Channel [id: 0x5f220397, L:/127.0.0.1:50802 - R:localhost/127.0.0.1:34870] for GET '/session/c0d8108d2ceab1d629176972e499beee/element/1B593F8592DB6FC4FA78ADFEDA5AD6EB_element_12/name'
00:43:21.764 [AsyncHttpClient-1-2] DEBUG org.asynchttpclient.netty.handler.HttpHandler - 

Request DefaultFullHttpRequest(decodeResult: success, version: HTTP/1.1, content: EmptyByteBufBE)
GET /session/c0d8108d2ceab1d629176972e499beee/element/1B593F8592DB6FC4FA78ADFEDA5AD6EB_element_12/name HTTP/1.1
User-Agent: selenium/4.7.1 (java windows)
Cache-Control: no-cache
Content-Type: application/json; charset=utf-8
host: localhost:34870
accept: */*

Response DefaultHttpResponse(decodeResult: success, version: HTTP/1.1)
HTTP/1.1 200 OK
Content-Type: application/json; charset=utf-8
cache-control: no-cache
content-length: 18

00:43:21.764 [AsyncHttpClient-1-2] DEBUG org.asynchttpclient.netty.channel.ChannelManager - Adding key: http://localhost:34870 for channel [id: 0x5f220397, L:/127.0.0.1:50802 - R:localhost/127.0.0.1:34870]
00:43:21.766 [Forwarding getElementTagName on session c0d8108d2ceab1d629176972e499beee to remote] DEBUG org.asynchttpclient.netty.request.NettyRequestSender - Using pooled Channel '[id: 0x5f220397, L:/127.0.0.1:50802 - R:localhost/127.0.0.1:34870]' for 'GET' to 'http://localhost:34870/session/c0d8108d2ceab1d629176972e499beee/element/1B593F8592DB6FC4FA78ADFEDA5AD6EB_element_12/name'
00:43:21.766 [Forwarding getElementTagName on session c0d8108d2ceab1d629176972e499beee to remote] DEBUG org.asynchttpclient.netty.request.NettyRequestSender - Using open Channel [id: 0x5f220397, L:/127.0.0.1:50802 - R:localhost/127.0.0.1:34870] for GET '/session/c0d8108d2ceab1d629176972e499beee/element/1B593F8592DB6FC4FA78ADFEDA5AD6EB_element_12/name'
00:43:21.772 [AsyncHttpClient-1-2] DEBUG org.asynchttpclient.netty.handler.HttpHandler - 

Request DefaultFullHttpRequest(decodeResult: success, version: HTTP/1.1, content: EmptyByteBufBE)
GET /session/c0d8108d2ceab1d629176972e499beee/element/1B593F8592DB6FC4FA78ADFEDA5AD6EB_element_12/name HTTP/1.1
User-Agent: selenium/4.7.1 (java windows)
Cache-Control: no-cache
Content-Type: application/json; charset=utf-8
host: localhost:34870
accept: */*

Response DefaultHttpResponse(decodeResult: success, version: HTTP/1.1)
HTTP/1.1 200 OK
Content-Type: application/json; charset=utf-8
cache-control: no-cache
content-length: 18

00:43:21.773 [AsyncHttpClient-1-2] DEBUG org.asynchttpclient.netty.channel.ChannelManager - Adding key: http://localhost:34870 for channel [id: 0x5f220397, L:/127.0.0.1:50802 - R:localhost/127.0.0.1:34870]
00:43:21.776 [Forwarding isElementEnabled on session c0d8108d2ceab1d629176972e499beee to remote] DEBUG org.asynchttpclient.netty.request.NettyRequestSender - Using pooled Channel '[id: 0x5f220397, L:/127.0.0.1:50802 - R:localhost/127.0.0.1:34870]' for 'GET' to 'http://localhost:34870/session/c0d8108d2ceab1d629176972e499beee/element/1B593F8592DB6FC4FA78ADFEDA5AD6EB_element_12/enabled'
00:43:21.776 [Forwarding isElementEnabled on session c0d8108d2ceab1d629176972e499beee to remote] DEBUG org.asynchttpclient.netty.request.NettyRequestSender - Using open Channel [id: 0x5f220397, L:/127.0.0.1:50802 - R:localhost/127.0.0.1:34870] for GET '/session/c0d8108d2ceab1d629176972e499beee/element/1B593F8592DB6FC4FA78ADFEDA5AD6EB_element_12/enabled'
00:43:21.784 [AsyncHttpClient-1-2] DEBUG org.asynchttpclient.netty.handler.HttpHandler - 

Request DefaultFullHttpRequest(decodeResult: success, version: HTTP/1.1, content: EmptyByteBufBE)
GET /session/c0d8108d2ceab1d629176972e499beee/element/1B593F8592DB6FC4FA78ADFEDA5AD6EB_element_12/enabled HTTP/1.1
User-Agent: selenium/4.7.1 (java windows)
Cache-Control: no-cache
Content-Type: application/json; charset=utf-8
host: localhost:34870
accept: */*

Response DefaultHttpResponse(decodeResult: success, version: HTTP/1.1)
HTTP/1.1 200 OK
Content-Type: application/json; charset=utf-8
cache-control: no-cache
content-length: 14

00:43:21.784 [AsyncHttpClient-1-2] DEBUG org.asynchttpclient.netty.channel.ChannelManager - Adding key: http://localhost:34870 for channel [id: 0x5f220397, L:/127.0.0.1:50802 - R:localhost/127.0.0.1:34870]
00:43:21.786 [Forwarding isElementEnabled on session c0d8108d2ceab1d629176972e499beee to remote] DEBUG org.asynchttpclient.netty.request.NettyRequestSender - Using pooled Channel '[id: 0x5f220397, L:/127.0.0.1:50802 - R:localhost/127.0.0.1:34870]' for 'GET' to 'http://localhost:34870/session/c0d8108d2ceab1d629176972e499beee/element/1B593F8592DB6FC4FA78ADFEDA5AD6EB_element_12/enabled'
00:43:21.786 [Forwarding isElementEnabled on session c0d8108d2ceab1d629176972e499beee to remote] DEBUG org.asynchttpclient.netty.request.NettyRequestSender - Using open Channel [id: 0x5f220397, L:/127.0.0.1:50802 - R:localhost/127.0.0.1:34870] for GET '/session/c0d8108d2ceab1d629176972e499beee/element/1B593F8592DB6FC4FA78ADFEDA5AD6EB_element_12/enabled'
00:43:21.794 [AsyncHttpClient-1-2] DEBUG org.asynchttpclient.netty.handler.HttpHandler - 

Request DefaultFullHttpRequest(decodeResult: success, version: HTTP/1.1, content: EmptyByteBufBE)
GET /session/c0d8108d2ceab1d629176972e499beee/element/1B593F8592DB6FC4FA78ADFEDA5AD6EB_element_12/enabled HTTP/1.1
User-Agent: selenium/4.7.1 (java windows)
Cache-Control: no-cache
Content-Type: application/json; charset=utf-8
host: localhost:34870
accept: */*

Response DefaultHttpResponse(decodeResult: success, version: HTTP/1.1)
HTTP/1.1 200 OK
Content-Type: application/json; charset=utf-8
cache-control: no-cache
content-length: 14

00:43:21.795 [AsyncHttpClient-1-2] DEBUG org.asynchttpclient.netty.channel.ChannelManager - Adding key: http://localhost:34870 for channel [id: 0x5f220397, L:/127.0.0.1:50802 - R:localhost/127.0.0.1:34870]
00:43:21.798 [Forwarding findElement on session c0d8108d2ceab1d629176972e499beee to remote] DEBUG org.asynchttpclient.netty.request.NettyRequestSender - Using pooled Channel '[id: 0x5f220397, L:/127.0.0.1:50802 - R:localhost/127.0.0.1:34870]' for 'POST' to 'http://localhost:34870/session/c0d8108d2ceab1d629176972e499beee/element'
00:43:21.798 [Forwarding findElement on session c0d8108d2ceab1d629176972e499beee to remote] DEBUG org.asynchttpclient.netty.request.NettyRequestSender - Using open Channel [id: 0x5f220397, L:/127.0.0.1:50802 - R:localhost/127.0.0.1:34870] for POST '/session/c0d8108d2ceab1d629176972e499beee/element'
00:43:21.808 [AsyncHttpClient-1-2] DEBUG org.asynchttpclient.netty.handler.HttpHandler - 

Request DefaultHttpRequest(decodeResult: success, version: HTTP/1.1)
POST /session/c0d8108d2ceab1d629176972e499beee/element HTTP/1.1
User-Agent: selenium/4.7.1 (java windows)
Content-Length: 113
Content-Type: application/json; charset=utf-8
host: localhost:34870
accept: */*

Response DefaultHttpResponse(decodeResult: success, version: HTTP/1.1)
HTTP/1.1 200 OK
Content-Type: application/json; charset=utf-8
cache-control: no-cache
content-length: 95

00:43:21.808 [AsyncHttpClient-1-2] DEBUG org.asynchttpclient.netty.channel.ChannelManager - Adding key: http://localhost:34870 for channel [id: 0x5f220397, L:/127.0.0.1:50802 - R:localhost/127.0.0.1:34870]
00:43:21.810 [Forwarding clickElement on session c0d8108d2ceab1d629176972e499beee to remote] DEBUG org.asynchttpclient.netty.request.NettyRequestSender - Using pooled Channel '[id: 0x5f220397, L:/127.0.0.1:50802 - R:localhost/127.0.0.1:34870]' for 'POST' to 'http://localhost:34870/session/c0d8108d2ceab1d629176972e499beee/element/1B593F8592DB6FC4FA78ADFEDA5AD6EB_element_12/click'
00:43:21.810 [Forwarding clickElement on session c0d8108d2ceab1d629176972e499beee to remote] DEBUG org.asynchttpclient.netty.request.NettyRequestSender - Using open Channel [id: 0x5f220397, L:/127.0.0.1:50802 - R:localhost/127.0.0.1:34870] for POST '/session/c0d8108d2ceab1d629176972e499beee/element/1B593F8592DB6FC4FA78ADFEDA5AD6EB_element_12/click'
00:43:21.862 [AsyncHttpClient-1-2] DEBUG org.asynchttpclient.netty.handler.HttpHandler - 

Request DefaultHttpRequest(decodeResult: success, version: HTTP/1.1)
POST /session/c0d8108d2ceab1d629176972e499beee/element/1B593F8592DB6FC4FA78ADFEDA5AD6EB_element_12/click HTTP/1.1
User-Agent: selenium/4.7.1 (java windows)
Content-Length: 57
Content-Type: application/json; charset=utf-8
host: localhost:34870
accept: */*

Response DefaultHttpResponse(decodeResult: success, version: HTTP/1.1)
HTTP/1.1 200 OK
Content-Type: application/json; charset=utf-8
cache-control: no-cache
content-length: 14

00:43:21.862 [AsyncHttpClient-1-2] DEBUG org.asynchttpclient.netty.channel.ChannelManager - Adding key: http://localhost:34870 for channel [id: 0x5f220397, L:/127.0.0.1:50802 - R:localhost/127.0.0.1:34870]
00:43:22.236 [AsyncHttpClient-1-1] DEBUG org.asynchttpclient.netty.channel.DefaultChannelPool - Entry count for : http://localhost:34870 : 1
00:43:22.236 [AsyncHttpClient-1-1] DEBUG org.asynchttpclient.netty.channel.DefaultChannelPool - Entry count for : http://localhost:50804 : 1
00:43:23.345 [AsyncHttpClient-1-1] DEBUG org.asynchttpclient.netty.channel.DefaultChannelPool - Entry count for : http://localhost:34870 : 1
00:43:23.345 [AsyncHttpClient-1-1] DEBUG org.asynchttpclient.netty.channel.DefaultChannelPool - Entry count for : http://localhost:50804 : 1
00:43:23.382 [Forwarding getCurrentWindowHandle on session c0d8108d2ceab1d629176972e499beee to remote] DEBUG org.asynchttpclient.netty.request.NettyRequestSender - Using pooled Channel '[id: 0x5f220397, L:/127.0.0.1:50802 - R:localhost/127.0.0.1:34870]' for 'GET' to 'http://localhost:34870/session/c0d8108d2ceab1d629176972e499beee/window'
00:43:23.382 [Forwarding getCurrentWindowHandle on session c0d8108d2ceab1d629176972e499beee to remote] DEBUG org.asynchttpclient.netty.request.NettyRequestSender - Using open Channel [id: 0x5f220397, L:/127.0.0.1:50802 - R:localhost/127.0.0.1:34870] for GET '/session/c0d8108d2ceab1d629176972e499beee/window'
00:43:23.383 [AsyncHttpClient-1-2] DEBUG org.asynchttpclient.netty.handler.HttpHandler - 

Request DefaultFullHttpRequest(decodeResult: success, version: HTTP/1.1, content: EmptyByteBufBE)
GET /session/c0d8108d2ceab1d629176972e499beee/window HTTP/1.1
User-Agent: selenium/4.7.1 (java windows)
Cache-Control: no-cache
Content-Type: application/json; charset=utf-8
host: localhost:34870
accept: */*

Response DefaultHttpResponse(decodeResult: success, version: HTTP/1.1)
HTTP/1.1 200 OK
Content-Type: application/json; charset=utf-8
cache-control: no-cache
content-length: 44

00:43:23.383 [AsyncHttpClient-1-2] DEBUG org.asynchttpclient.netty.channel.ChannelManager - Adding key: http://localhost:34870 for channel [id: 0x5f220397, L:/127.0.0.1:50802 - R:localhost/127.0.0.1:34870]
00:43:23.385 [Forwarding getAlertText on session c0d8108d2ceab1d629176972e499beee to remote] DEBUG org.asynchttpclient.netty.request.NettyRequestSender - Using pooled Channel '[id: 0x5f220397, L:/127.0.0.1:50802 - R:localhost/127.0.0.1:34870]' for 'GET' to 'http://localhost:34870/session/c0d8108d2ceab1d629176972e499beee/alert/text'
00:43:23.385 [Forwarding getAlertText on session c0d8108d2ceab1d629176972e499beee to remote] DEBUG org.asynchttpclient.netty.request.NettyRequestSender - Using open Channel [id: 0x5f220397, L:/127.0.0.1:50802 - R:localhost/127.0.0.1:34870] for GET '/session/c0d8108d2ceab1d629176972e499beee/alert/text'
00:43:23.387 [AsyncHttpClient-1-2] DEBUG org.asynchttpclient.netty.handler.HttpHandler - 

Request DefaultFullHttpRequest(decodeResult: success, version: HTTP/1.1, content: EmptyByteBufBE)
GET /session/c0d8108d2ceab1d629176972e499beee/alert/text HTTP/1.1
User-Agent: selenium/4.7.1 (java windows)
Cache-Control: no-cache
Content-Type: application/json; charset=utf-8
host: localhost:34870
accept: */*

Response DefaultHttpResponse(decodeResult: success, version: HTTP/1.1)
HTTP/1.1 404 Not Found
Content-Type: application/json; charset=utf-8
cache-control: no-cache
content-length: 849

00:43:23.387 [AsyncHttpClient-1-2] DEBUG org.asynchttpclient.netty.channel.ChannelManager - Adding key: http://localhost:34870 for channel [id: 0x5f220397, L:/127.0.0.1:50802 - R:localhost/127.0.0.1:34870]
00:43:23.390 [Forwarding switchToWindow on session c0d8108d2ceab1d629176972e499beee to remote] DEBUG org.asynchttpclient.netty.request.NettyRequestSender - Using pooled Channel '[id: 0x5f220397, L:/127.0.0.1:50802 - R:localhost/127.0.0.1:34870]' for 'POST' to 'http://localhost:34870/session/c0d8108d2ceab1d629176972e499beee/window'
00:43:23.390 [Forwarding switchToWindow on session c0d8108d2ceab1d629176972e499beee to remote] DEBUG org.asynchttpclient.netty.request.NettyRequestSender - Using open Channel [id: 0x5f220397, L:/127.0.0.1:50802 - R:localhost/127.0.0.1:34870] for POST '/session/c0d8108d2ceab1d629176972e499beee/window'
00:43:23.392 [AsyncHttpClient-1-2] DEBUG org.asynchttpclient.netty.handler.HttpHandler - 

Request DefaultHttpRequest(decodeResult: success, version: HTTP/1.1)
POST /session/c0d8108d2ceab1d629176972e499beee/window HTTP/1.1
User-Agent: selenium/4.7.1 (java windows)
Content-Length: 50
Content-Type: application/json; charset=utf-8
host: localhost:34870
accept: */*

Response DefaultHttpResponse(decodeResult: success, version: HTTP/1.1)
HTTP/1.1 200 OK
Content-Type: application/json; charset=utf-8
cache-control: no-cache
content-length: 14

00:43:23.392 [AsyncHttpClient-1-2] DEBUG org.asynchttpclient.netty.channel.ChannelManager - Adding key: http://localhost:34870 for channel [id: 0x5f220397, L:/127.0.0.1:50802 - R:localhost/127.0.0.1:34870]
00:43:23.393 [Forwarding getCurrentUrl on session c0d8108d2ceab1d629176972e499beee to remote] DEBUG org.asynchttpclient.netty.request.NettyRequestSender - Using pooled Channel '[id: 0x5f220397, L:/127.0.0.1:50802 - R:localhost/127.0.0.1:34870]' for 'GET' to 'http://localhost:34870/session/c0d8108d2ceab1d629176972e499beee/url'
00:43:23.394 [Forwarding getCurrentUrl on session c0d8108d2ceab1d629176972e499beee to remote] DEBUG org.asynchttpclient.netty.request.NettyRequestSender - Using open Channel [id: 0x5f220397, L:/127.0.0.1:50802 - R:localhost/127.0.0.1:34870] for GET '/session/c0d8108d2ceab1d629176972e499beee/url'
00:43:23.398 [AsyncHttpClient-1-2] DEBUG org.asynchttpclient.netty.handler.HttpHandler - 

Request DefaultFullHttpRequest(decodeResult: success, version: HTTP/1.1, content: EmptyByteBufBE)
GET /session/c0d8108d2ceab1d629176972e499beee/url HTTP/1.1
User-Agent: selenium/4.7.1 (java windows)
Cache-Control: no-cache
Content-Type: application/json; charset=utf-8
host: localhost:34870
accept: */*

Response DefaultHttpResponse(decodeResult: success, version: HTTP/1.1)
HTTP/1.1 200 OK
Content-Type: application/json; charset=utf-8
cache-control: no-cache
content-length: 51

00:43:23.398 [AsyncHttpClient-1-2] DEBUG org.asynchttpclient.netty.channel.ChannelManager - Adding key: http://localhost:34870 for channel [id: 0x5f220397, L:/127.0.0.1:50802 - R:localhost/127.0.0.1:34870]
00:43:23.399 [Forwarding screenshot on session c0d8108d2ceab1d629176972e499beee to remote] DEBUG org.asynchttpclient.netty.request.NettyRequestSender - Using pooled Channel '[id: 0x5f220397, L:/127.0.0.1:50802 - R:localhost/127.0.0.1:34870]' for 'GET' to 'http://localhost:34870/session/c0d8108d2ceab1d629176972e499beee/screenshot'
00:43:23.399 [Forwarding screenshot on session c0d8108d2ceab1d629176972e499beee to remote] DEBUG org.asynchttpclient.netty.request.NettyRequestSender - Using open Channel [id: 0x5f220397, L:/127.0.0.1:50802 - R:localhost/127.0.0.1:34870] for GET '/session/c0d8108d2ceab1d629176972e499beee/screenshot'
00:43:23.513 [AsyncHttpClient-1-2] DEBUG org.asynchttpclient.netty.handler.HttpHandler - 

Request DefaultFullHttpRequest(decodeResult: success, version: HTTP/1.1, content: EmptyByteBufBE)
GET /session/c0d8108d2ceab1d629176972e499beee/screenshot HTTP/1.1
User-Agent: selenium/4.7.1 (java windows)
Cache-Control: no-cache
Content-Type: application/json; charset=utf-8
host: localhost:34870
accept: */*

Response DefaultHttpResponse(decodeResult: success, version: HTTP/1.1)
HTTP/1.1 200 OK
Content-Type: application/json; charset=utf-8
cache-control: no-cache
content-length: 192972

00:43:23.515 [AsyncHttpClient-1-2] DEBUG org.asynchttpclient.netty.channel.ChannelManager - Adding key: http://localhost:34870 for channel [id: 0x5f220397, L:/127.0.0.1:50802 - R:localhost/127.0.0.1:34870]
00:43:23.521 [main] DEBUG net.serenitybdd.core.photography.Darkroom - Send negative for processing for target\site\serenity\a6c7dfe87b3d631fdbf0bffb308e0bda3f45da084a8ed2383e89a3ec3c1981f5.png
00:43:23.521 [main] DEBUG net.thucydides.core.steps.StepInterceptor - STEP DONE: klikbuttonmasuk
00:43:23.521 [Darkroom Processing Line] DEBUG net.serenitybdd.core.photography.DarkroomProcessingLine - Processing screenshot image in /var/screenshots/screenshot-382844003423029858
00:43:23.522 [Darkroom Processing Line] DEBUG net.serenitybdd.core.photography.DarkroomProcessingLine - Saving screenshot to target\site\serenity\a6c7dfe87b3d631fdbf0bffb308e0bda3f45da084a8ed2383e89a3ec3c1981f5.png
  &amp#27;[32mGiven &amp#27;[0m&amp#27;[32mAdmin melakukan login akun untuk fitur BPJS&amp#27;[0m                        &amp#27;[90m# starter.stepdefinitions.BPJSsteps.adminMelakukanLoginAkunUntukFiturBPJS()&amp#27;[0m
00:43:23.540 [main] DEBUG net.thucydides.core.steps.StepInterceptor - STARTING STEP: BPJSsteps.padaBerandaAdminKlikLayananUntukFiturBPJS - klikmenulayanan
00:43:23.544 [Forwarding findElement on session c0d8108d2ceab1d629176972e499beee to remote] DEBUG org.asynchttpclient.netty.request.NettyRequestSender - Using pooled Channel '[id: 0x5f220397, L:/127.0.0.1:50802 - R:localhost/127.0.0.1:34870]' for 'POST' to 'http://localhost:34870/session/c0d8108d2ceab1d629176972e499beee/element'
00:43:23.544 [Forwarding findElement on session c0d8108d2ceab1d629176972e499beee to remote] DEBUG org.asynchttpclient.netty.request.NettyRequestSender - Using open Channel [id: 0x5f220397, L:/127.0.0.1:50802 - R:localhost/127.0.0.1:34870] for POST '/session/c0d8108d2ceab1d629176972e499beee/element'
00:43:24.440 [AsyncHttpClient-1-1] DEBUG org.asynchttpclient.netty.channel.DefaultChannelPool - Entry count for : http://localhost:50804 : 1
00:43:25.537 [AsyncHttpClient-1-1] DEBUG org.asynchttpclient.netty.channel.DefaultChannelPool - Entry count for : http://localhost:50804 : 1
00:43:25.606 [AsyncHttpClient-1-2] DEBUG org.asynchttpclient.netty.handler.HttpHandler - 

Request DefaultHttpRequest(decodeResult: success, version: HTTP/1.1)
POST /session/c0d8108d2ceab1d629176972e499beee/element HTTP/1.1
User-Agent: selenium/4.7.1 (java windows)
Content-Length: 79
Content-Type: application/json; charset=utf-8
host: localhost:34870
accept: */*

Response DefaultHttpResponse(decodeResult: success, version: HTTP/1.1)
HTTP/1.1 404 Not Found
Content-Type: application/json; charset=utf-8
cache-control: no-cache
content-length: 981

00:43:25.606 [AsyncHttpClient-1-2] DEBUG org.asynchttpclient.netty.channel.ChannelManager - Adding key: http://localhost:34870 for channel [id: 0x5f220397, L:/127.0.0.1:50802 - R:localhost/127.0.0.1:34870]
00:43:25.724 [Forwarding findElement on session c0d8108d2ceab1d629176972e499beee to remote] DEBUG org.asynchttpclient.netty.request.NettyRequestSender - Using pooled Channel '[id: 0x5f220397, L:/127.0.0.1:50802 - R:localhost/127.0.0.1:34870]' for 'POST' to 'http://localhost:34870/session/c0d8108d2ceab1d629176972e499beee/element'
00:43:25.725 [Forwarding findElement on session c0d8108d2ceab1d629176972e499beee to remote] DEBUG org.asynchttpclient.netty.request.NettyRequestSender - Using open Channel [id: 0x5f220397, L:/127.0.0.1:50802 - R:localhost/127.0.0.1:34870] for POST '/session/c0d8108d2ceab1d629176972e499beee/element'
00:43:26.634 [AsyncHttpClient-1-1] DEBUG org.asynchttpclient.netty.channel.DefaultChannelPool - Entry count for : http://localhost:50804 : 1
00:43:27.739 [AsyncHttpClient-1-1] DEBUG org.asynchttpclient.netty.channel.DefaultChannelPool - Entry count for : http://localhost:50804 : 1
00:43:27.762 [AsyncHttpClient-1-2] DEBUG org.asynchttpclient.netty.handler.HttpHandler - 

Request DefaultHttpRequest(decodeResult: success, version: HTTP/1.1)
POST /session/c0d8108d2ceab1d629176972e499beee/element HTTP/1.1
User-Agent: selenium/4.7.1 (java windows)
Content-Length: 79
Content-Type: application/json; charset=utf-8
host: localhost:34870
accept: */*

Response DefaultHttpResponse(decodeResult: success, version: HTTP/1.1)
HTTP/1.1 404 Not Found
Content-Type: application/json; charset=utf-8
cache-control: no-cache
content-length: 981

00:43:27.762 [AsyncHttpClient-1-2] DEBUG org.asynchttpclient.netty.channel.ChannelManager - Adding key: http://localhost:34870 for channel [id: 0x5f220397, L:/127.0.0.1:50802 - R:localhost/127.0.0.1:34870]
00:43:27.879 [Forwarding findElement on session c0d8108d2ceab1d629176972e499beee to remote] DEBUG org.asynchttpclient.netty.request.NettyRequestSender - Using pooled Channel '[id: 0x5f220397, L:/127.0.0.1:50802 - R:localhost/127.0.0.1:34870]' for 'POST' to 'http://localhost:34870/session/c0d8108d2ceab1d629176972e499beee/element'
00:43:27.879 [Forwarding findElement on session c0d8108d2ceab1d629176972e499beee to remote] DEBUG org.asynchttpclient.netty.request.NettyRequestSender - Using open Channel [id: 0x5f220397, L:/127.0.0.1:50802 - R:localhost/127.0.0.1:34870] for POST '/session/c0d8108d2ceab1d629176972e499beee/element'
00:43:28.834 [AsyncHttpClient-1-1] DEBUG org.asynchttpclient.netty.channel.DefaultChannelPool - Entry count for : http://localhost:50804 : 1
00:43:29.924 [AsyncHttpClient-1-2] DEBUG org.asynchttpclient.netty.handler.HttpHandler - 

Request DefaultHttpRequest(decodeResult: success, version: HTTP/1.1)
POST /session/c0d8108d2ceab1d629176972e499beee/element HTTP/1.1
User-Agent: selenium/4.7.1 (java windows)
Content-Length: 79
Content-Type: application/json; charset=utf-8
host: localhost:34870
accept: */*

Response DefaultHttpResponse(decodeResult: success, version: HTTP/1.1)
HTTP/1.1 404 Not Found
Content-Type: application/json; charset=utf-8
cache-control: no-cache
content-length: 981

00:43:29.925 [AsyncHttpClient-1-2] DEBUG org.asynchttpclient.netty.channel.ChannelManager - Adding key: http://localhost:34870 for channel [id: 0x5f220397, L:/127.0.0.1:50802 - R:localhost/127.0.0.1:34870]
00:43:29.934 [AsyncHttpClient-1-1] DEBUG org.asynchttpclient.netty.channel.DefaultChannelPool - Entry count for : http://localhost:34870 : 1
00:43:29.934 [AsyncHttpClient-1-1] DEBUG org.asynchttpclient.netty.channel.DefaultChannelPool - Entry count for : http://localhost:50804 : 1
00:43:29.935 [Forwarding getCurrentWindowHandle on session c0d8108d2ceab1d629176972e499beee to remote] DEBUG org.asynchttpclient.netty.request.NettyRequestSender - Using pooled Channel '[id: 0x5f220397, L:/127.0.0.1:50802 - R:localhost/127.0.0.1:34870]' for 'GET' to 'http://localhost:34870/session/c0d8108d2ceab1d629176972e499beee/window'
00:43:29.935 [Forwarding getCurrentWindowHandle on session c0d8108d2ceab1d629176972e499beee to remote] DEBUG org.asynchttpclient.netty.request.NettyRequestSender - Using open Channel [id: 0x5f220397, L:/127.0.0.1:50802 - R:localhost/127.0.0.1:34870] for GET '/session/c0d8108d2ceab1d629176972e499beee/window'
00:43:29.936 [AsyncHttpClient-1-2] DEBUG org.asynchttpclient.netty.handler.HttpHandler - 

Request DefaultFullHttpRequest(decodeResult: success, version: HTTP/1.1, content: EmptyByteBufBE)
GET /session/c0d8108d2ceab1d629176972e499beee/window HTTP/1.1
User-Agent: selenium/4.7.1 (java windows)
Cache-Control: no-cache
Content-Type: application/json; charset=utf-8
host: localhost:34870
accept: */*

Response DefaultHttpResponse(decodeResult: success, version: HTTP/1.1)
HTTP/1.1 200 OK
Content-Type: application/json; charset=utf-8
cache-control: no-cache
content-length: 44

00:43:29.937 [AsyncHttpClient-1-2] DEBUG org.asynchttpclient.netty.channel.ChannelManager - Adding key: http://localhost:34870 for channel [id: 0x5f220397, L:/127.0.0.1:50802 - R:localhost/127.0.0.1:34870]
00:43:29.938 [Forwarding getAlertText on session c0d8108d2ceab1d629176972e499beee to remote] DEBUG org.asynchttpclient.netty.request.NettyRequestSender - Using pooled Channel '[id: 0x5f220397, L:/127.0.0.1:50802 - R:localhost/127.0.0.1:34870]' for 'GET' to 'http://localhost:34870/session/c0d8108d2ceab1d629176972e499beee/alert/text'
00:43:29.938 [Forwarding getAlertText on session c0d8108d2ceab1d629176972e499beee to remote] DEBUG org.asynchttpclient.netty.request.NettyRequestSender - Using open Channel [id: 0x5f220397, L:/127.0.0.1:50802 - R:localhost/127.0.0.1:34870] for GET '/session/c0d8108d2ceab1d629176972e499beee/alert/text'
00:43:29.940 [AsyncHttpClient-1-2] DEBUG org.asynchttpclient.netty.handler.HttpHandler - 

Request DefaultFullHttpRequest(decodeResult: success, version: HTTP/1.1, content: EmptyByteBufBE)
GET /session/c0d8108d2ceab1d629176972e499beee/alert/text HTTP/1.1
User-Agent: selenium/4.7.1 (java windows)
Cache-Control: no-cache
Content-Type: application/json; charset=utf-8
host: localhost:34870
accept: */*

Response DefaultHttpResponse(decodeResult: success, version: HTTP/1.1)
HTTP/1.1 404 Not Found
Content-Type: application/json; charset=utf-8
cache-control: no-cache
content-length: 849

00:43:29.940 [AsyncHttpClient-1-2] DEBUG org.asynchttpclient.netty.channel.ChannelManager - Adding key: http://localhost:34870 for channel [id: 0x5f220397, L:/127.0.0.1:50802 - R:localhost/127.0.0.1:34870]
00:43:29.942 [Forwarding switchToWindow on session c0d8108d2ceab1d629176972e499beee to remote] DEBUG org.asynchttpclient.netty.request.NettyRequestSender - Using pooled Channel '[id: 0x5f220397, L:/127.0.0.1:50802 - R:localhost/127.0.0.1:34870]' for 'POST' to 'http://localhost:34870/session/c0d8108d2ceab1d629176972e499beee/window'
00:43:29.942 [Forwarding switchToWindow on session c0d8108d2ceab1d629176972e499beee to remote] DEBUG org.asynchttpclient.netty.request.NettyRequestSender - Using open Channel [id: 0x5f220397, L:/127.0.0.1:50802 - R:localhost/127.0.0.1:34870] for POST '/session/c0d8108d2ceab1d629176972e499beee/window'
00:43:29.944 [AsyncHttpClient-1-2] DEBUG org.asynchttpclient.netty.handler.HttpHandler - 

Request DefaultHttpRequest(decodeResult: success, version: HTTP/1.1)
POST /session/c0d8108d2ceab1d629176972e499beee/window HTTP/1.1
User-Agent: selenium/4.7.1 (java windows)
Content-Length: 50
Content-Type: application/json; charset=utf-8
host: localhost:34870
accept: */*

Response DefaultHttpResponse(decodeResult: success, version: HTTP/1.1)
HTTP/1.1 200 OK
Content-Type: application/json; charset=utf-8
cache-control: no-cache
content-length: 14

00:43:29.945 [AsyncHttpClient-1-2] DEBUG org.asynchttpclient.netty.channel.ChannelManager - Adding key: http://localhost:34870 for channel [id: 0x5f220397, L:/127.0.0.1:50802 - R:localhost/127.0.0.1:34870]
00:43:29.946 [Forwarding getCurrentUrl on session c0d8108d2ceab1d629176972e499beee to remote] DEBUG org.asynchttpclient.netty.request.NettyRequestSender - Using pooled Channel '[id: 0x5f220397, L:/127.0.0.1:50802 - R:localhost/127.0.0.1:34870]' for 'GET' to 'http://localhost:34870/session/c0d8108d2ceab1d629176972e499beee/url'
00:43:29.946 [Forwarding getCurrentUrl on session c0d8108d2ceab1d629176972e499beee to remote] DEBUG org.asynchttpclient.netty.request.NettyRequestSender - Using open Channel [id: 0x5f220397, L:/127.0.0.1:50802 - R:localhost/127.0.0.1:34870] for GET '/session/c0d8108d2ceab1d629176972e499beee/url'
00:43:29.952 [AsyncHttpClient-1-2] DEBUG org.asynchttpclient.netty.handler.HttpHandler - 

Request DefaultFullHttpRequest(decodeResult: success, version: HTTP/1.1, content: EmptyByteBufBE)
GET /session/c0d8108d2ceab1d629176972e499beee/url HTTP/1.1
User-Agent: selenium/4.7.1 (java windows)
Cache-Control: no-cache
Content-Type: application/json; charset=utf-8
host: localhost:34870
accept: */*

Response DefaultHttpResponse(decodeResult: success, version: HTTP/1.1)
HTTP/1.1 200 OK
Content-Type: application/json; charset=utf-8
cache-control: no-cache
content-length: 51

00:43:29.952 [AsyncHttpClient-1-2] DEBUG org.asynchttpclient.netty.channel.ChannelManager - Adding key: http://localhost:34870 for channel [id: 0x5f220397, L:/127.0.0.1:50802 - R:localhost/127.0.0.1:34870]
00:43:29.954 [Forwarding screenshot on session c0d8108d2ceab1d629176972e499beee to remote] DEBUG org.asynchttpclient.netty.request.NettyRequestSender - Using pooled Channel '[id: 0x5f220397, L:/127.0.0.1:50802 - R:localhost/127.0.0.1:34870]' for 'GET' to 'http://localhost:34870/session/c0d8108d2ceab1d629176972e499beee/screenshot'
00:43:29.954 [Forwarding screenshot on session c0d8108d2ceab1d629176972e499beee to remote] DEBUG org.asynchttpclient.netty.request.NettyRequestSender - Using open Channel [id: 0x5f220397, L:/127.0.0.1:50802 - R:localhost/127.0.0.1:34870] for GET '/session/c0d8108d2ceab1d629176972e499beee/screenshot'
00:43:30.077 [AsyncHttpClient-1-2] DEBUG org.asynchttpclient.netty.handler.HttpHandler - 

Request DefaultFullHttpRequest(decodeResult: success, version: HTTP/1.1, content: EmptyByteBufBE)
GET /session/c0d8108d2ceab1d629176972e499beee/screenshot HTTP/1.1
User-Agent: selenium/4.7.1 (java windows)
Cache-Control: no-cache
Content-Type: application/json; charset=utf-8
host: localhost:34870
accept: */*

Response DefaultHttpResponse(decodeResult: success, version: HTTP/1.1)
HTTP/1.1 200 OK
Content-Type: application/json; charset=utf-8
cache-control: no-cache
content-length: 192972

00:43:30.079 [AsyncHttpClient-1-2] DEBUG org.asynchttpclient.netty.channel.ChannelManager - Adding key: http://localhost:34870 for channel [id: 0x5f220397, L:/127.0.0.1:50802 - R:localhost/127.0.0.1:34870]
00:43:30.083 [main] DEBUG net.serenitybdd.core.photography.Darkroom - Send negative for processing for target\site\serenity\a6c7dfe87b3d631fdbf0bffb308e0bda3f45da084a8ed2383e89a3ec3c1981f5.png
00:43:30.085 [Forwarding getPageSource on session c0d8108d2ceab1d629176972e499beee to remote] DEBUG org.asynchttpclient.netty.request.NettyRequestSender - Using pooled Channel '[id: 0x5f220397, L:/127.0.0.1:50802 - R:localhost/127.0.0.1:34870]' for 'POST' to 'http://localhost:34870/session/c0d8108d2ceab1d629176972e499beee/execute/sync'
00:43:30.086 [Forwarding getPageSource on session c0d8108d2ceab1d629176972e499beee to remote] DEBUG org.asynchttpclient.netty.request.NettyRequestSender - Using open Channel [id: 0x5f220397, L:/127.0.0.1:50802 - R:localhost/127.0.0.1:34870] for POST '/session/c0d8108d2ceab1d629176972e499beee/execute/sync'
00:43:30.094 [AsyncHttpClient-1-2] DEBUG org.asynchttpclient.netty.handler.HttpHandler - 

Request DefaultHttpRequest(decodeResult: success, version: HTTP/1.1)
POST /session/c0d8108d2ceab1d629176972e499beee/execute/sync HTTP/1.1
User-Agent: selenium/4.7.1 (java windows)
Content-Length: 176
Content-Type: application/json; charset=utf-8
host: localhost:34870
accept: */*

Response DefaultHttpResponse(decodeResult: success, version: HTTP/1.1)
HTTP/1.1 200 OK
Content-Type: application/json; charset=utf-8
cache-control: no-cache
content-length: 25896

00:43:30.094 [AsyncHttpClient-1-2] DEBUG org.asynchttpclient.netty.channel.ChannelManager - Adding key: http://localhost:34870 for channel [id: 0x5f220397, L:/127.0.0.1:50802 - R:localhost/127.0.0.1:34870]
00:43:30.180 [Forwarding getCurrentUrl on session c0d8108d2ceab1d629176972e499beee to remote] DEBUG org.asynchttpclient.netty.request.NettyRequestSender - Using pooled Channel '[id: 0x5f220397, L:/127.0.0.1:50802 - R:localhost/127.0.0.1:34870]' for 'GET' to 'http://localhost:34870/session/c0d8108d2ceab1d629176972e499beee/url'
00:43:30.181 [Forwarding getCurrentUrl on session c0d8108d2ceab1d629176972e499beee to remote] DEBUG org.asynchttpclient.netty.request.NettyRequestSender - Using open Channel [id: 0x5f220397, L:/127.0.0.1:50802 - R:localhost/127.0.0.1:34870] for GET '/session/c0d8108d2ceab1d629176972e499beee/url'
00:43:30.187 [AsyncHttpClient-1-2] DEBUG org.asynchttpclient.netty.handler.HttpHandler - 

Request DefaultFullHttpRequest(decodeResult: success, version: HTTP/1.1, content: EmptyByteBufBE)
GET /session/c0d8108d2ceab1d629176972e499beee/url HTTP/1.1
User-Agent: selenium/4.7.1 (java windows)
Cache-Control: no-cache
Content-Type: application/json; charset=utf-8
host: localhost:34870
accept: */*

Response DefaultHttpResponse(decodeResult: success, version: HTTP/1.1)
HTTP/1.1 200 OK
Content-Type: application/json; charset=utf-8
cache-control: no-cache
content-length: 51

00:43:30.187 [AsyncHttpClient-1-2] DEBUG org.asynchttpclient.netty.channel.ChannelManager - Adding key: http://localhost:34870 for channel [id: 0x5f220397, L:/127.0.0.1:50802 - R:localhost/127.0.0.1:34870]
  &amp#27;[31mWhen &amp#27;[0m&amp#27;[31mPada Beranda, Admin klik Layanan untuk fitur BPJS&amp#27;[0m                   &amp#27;[90m# starter.stepdefinitions.BPJSsteps.padaBerandaAdminKlikLayananUntukFiturBPJS()&amp#27;[0m
      &amp#27;[31mnet.thucydides.core.webdriver.exceptions.ElementShouldBeEnabledException: Expected enabled element was not enabled
	at net.serenitybdd.core.pages.WebElementFacadeImpl.waitUntilEnabled(WebElementFacadeImpl.java:1122)
	at net.serenitybdd.core.pages.WebElementFacadeImpl.waitUntilElementAvailable(WebElementFacadeImpl.java:906)
	at net.serenitybdd.core.pages.WebElementFacadeImpl.click(WebElementFacadeImpl.java:1204)
	at net.serenitybdd.core.pages.WebElementFacadeImpl.click(WebElementFacadeImpl.java:1224)
	at skuypayweb@1.0-SNAPSHOT/starter.pages.BPJSpage.klikmenulayanan(BPJSpage.java:101)
	at skuypayweb@1.0-SNAPSHOT/starter.pages.BPJSpage$ByteBuddy$wZX2qanR.klikmenulayanan$accessor$R8IPnW0c(Unknown Source)
	at java.base/jdk.internal.reflect.DirectMethodHandleAccessor.invoke(DirectMethodHandleAccessor.java:104)
	at java.base/java.lang.reflect.Method.invoke(Method.java:578)
	at net.thucydides.core.steps.StepInterceptor.invokeMethod(StepInterceptor.java:503)
	at net.thucydides.core.steps.StepInterceptor.executeTestStepMethod(StepInterceptor.java:483)
	at net.thucydides.core.steps.StepInterceptor.runTestStep(StepInterceptor.java:457)
	at net.thucydides.core.steps.StepInterceptor.runOrSkipMethod(StepInterceptor.java:209)
	at net.thucydides.core.steps.StepInterceptor.testStepResult(StepInterceptor.java:196)
	at net.thucydides.core.steps.StepInterceptor.intercept(StepInterceptor.java:84)
	at net.thucydides.core.steps.ProxyConfiguration$InterceptorDispatcher.intercept(ProxyConfiguration.java:51)
	at skuypayweb@1.0-SNAPSHOT/starter.pages.BPJSpage$ByteBuddy$wZX2qanR.klikmenulayanan(Unknown Source)
	at skuypayweb@1.0-SNAPSHOT/starter.stepdefinitions.BPJSsteps.padaBerandaAdminKlikLayananUntukFiturBPJS(BPJSsteps.java:23)
	at ✽.Pada Beranda, Admin klik Layanan untuk fitur BPJS(file:///C:/Dev/CapstoneProjectBaru/SKUYPAY%20WEB%20AUTOMATION/src/test/resources/features/BPJS.feature:6)
Caused by: org.openqa.selenium.TimeoutException: Expected condition failed: waiting for By.xpath: //a[normalize-space()='Layanan'] to be enabled (tried for 5 second(s) with 100 milliseconds interval)
	at org.openqa.selenium.support.ui.FluentWait.timeoutException(FluentWait.java:263)
	at org.openqa.selenium.support.ui.FluentWait.until(FluentWait.java:231)
	at net.serenitybdd.core.pages.WebElementFacadeImpl.waitUntilEnabled(WebElementFacadeImpl.java:1119)
	at net.serenitybdd.core.pages.WebElementFacadeImpl.waitUntilElementAvailable(WebElementFacadeImpl.java:906)
	at net.serenitybdd.core.pages.WebElementFacadeImpl.click(WebElementFacadeImpl.java:1204)
	at net.serenitybdd.core.pages.WebElementFacadeImpl.click(WebElementFacadeImpl.java:1224)
	at skuypayweb@1.0-SNAPSHOT/starter.pages.BPJSpage.klikmenulayanan(BPJSpage.java:101)
	at skuypayweb@1.0-SNAPSHOT/starter.pages.BPJSpage$ByteBuddy$wZX2qanR.klikmenulayanan$accessor$R8IPnW0c(Unknown Source)
	at java.base/jdk.internal.reflect.DirectMethodHandleAccessor.invoke(DirectMethodHandleAccessor.java:104)
	at java.base/java.lang.reflect.Method.invoke(Method.java:578)
	at net.thucydides.core.steps.StepInterceptor.invokeMethod(StepInterceptor.java:503)
	at net.thucydides.core.steps.StepInterceptor.executeTestStepMethod(StepInterceptor.java:483)
	at net.thucydides.core.steps.StepInterceptor.runTestStep(StepInterceptor.java:457)
	at net.thucydides.core.steps.StepInterceptor.runOrSkipMethod(StepInterceptor.java:209)
	at net.thucydides.core.steps.StepInterceptor.testStepResult(StepInterceptor.java:196)
	at net.thucydides.core.steps.StepInterceptor.intercept(StepInterceptor.java:84)
	at net.thucydides.core.steps.ProxyConfiguration$InterceptorDispatcher.intercept(ProxyConfiguration.java:51)
	at skuypayweb@1.0-SNAPSHOT/starter.pages.BPJSpage$ByteBuddy$wZX2qanR.klikmenulayanan(Unknown Source)
	at skuypayweb@1.0-SNAPSHOT/starter.stepdefinitions.BPJSsteps.padaBerandaAdminKlikLayananUntukFiturBPJS(BPJSsteps.java:23)
	at java.base/jdk.internal.reflect.DirectMethodHandleAccessor.invoke(DirectMethodHandleAccessor.java:104)
	at java.base/java.lang.reflect.Method.invoke(Method.java:578)
	at io.cucumber.java.Invoker.doInvoke(Invoker.java:66)
	at io.cucumber.java.Invoker.invoke(Invoker.java:24)
	at io.cucumber.java.AbstractGlueDefinition.invokeMethod(AbstractGlueDefinition.java:47)
	at io.cucumber.java.JavaStepDefinition.execute(JavaStepDefinition.java:29)
	at io.cucumber.core.runner.CoreStepDefinition.execute(CoreStepDefinition.java:66)
	at io.cucumber.core.runner.PickleStepDefinitionMatch.runStep(PickleStepDefinitionMatch.java:63)
	at io.cucumber.core.runner.ExecutionMode$1.execute(ExecutionMode.java:10)
	at io.cucumber.core.runner.TestStep.executeStep(TestStep.java:85)
	at io.cucumber.core.runner.TestStep.run(TestStep.java:57)
	at io.cucumber.core.runner.PickleStepTestStep.run(PickleStepTestStep.java:51)
	at io.cucumber.core.runner.TestCase.run(TestCase.java:84)
	at io.cucumber.core.runner.Runner.runPickle(Runner.java:75)
	at io.cucumber.junit.PickleRunners$NoStepDescriptions.lambda$run$0(PickleRunners.java:151)
	at io.cucumber.core.runtime.CucumberExecutionContext.lambda$runTestCase$5(CucumberExecutionContext.java:129)
	at io.cucumber.core.runtime.RethrowingThrowableCollector.executeAndThrow(RethrowingThrowableCollector.java:23)
	at io.cucumber.core.runtime.CucumberExecutionContext.runTestCase(CucumberExecutionContext.java:129)
	at io.cucumber.junit.PickleRunners$NoStepDescriptions.run(PickleRunners.java:148)
	at io.cucumber.junit.FeatureRunner.runChild(FeatureRunner.java:144)
	at io.cucumber.junit.FeatureRunner.runChild(FeatureRunner.java:28)
	at org.junit.runners.ParentRunner$4.run(ParentRunner.java:331)
	at org.junit.runners.ParentRunner$1.schedule(ParentRunner.java:79)
	at org.junit.runners.ParentRunner.runChildren(ParentRunner.java:329)
	at org.junit.runners.ParentRunner.access$100(ParentRunner.java:66)
	at org.junit.runners.ParentRunner$2.evaluate(ParentRunner.java:293)
	at org.junit.runners.ParentRunner$3.evaluate(ParentRunner.java:306)
	at org.junit.runners.ParentRunner.run(ParentRunner.java:413)
	at io.cucumber.junit.FeatureRunner.run(FeatureRunner.java:137)
	at io.cucumber.junit.CucumberSerenityRunner.runChild(CucumberSerenityRunner.java:259)
	at io.cucumber.junit.CucumberSerenityRunner.runChild(CucumberSerenityRunner.java:59)
	at org.junit.runners.ParentRunner$4.run(ParentRunner.java:331)
	at org.junit.runners.ParentRunner$1.schedule(ParentRunner.java:79)
	at org.junit.runners.ParentRunner.runChildren(ParentRunner.java:329)
	at org.junit.runners.ParentRunner.access$100(ParentRunner.java:66)
	at org.junit.runners.ParentRunner$2.evaluate(ParentRunner.java:293)
	at io.cucumber.junit.CucumberSerenityRunner$RunCucumber.evaluate(CucumberSerenityRunner.java:288)
	at org.junit.runners.ParentRunner$3.evaluate(ParentRunner.java:306)
	at org.junit.runners.ParentRunner.run(ParentRunner.java:413)
	at org.junit.runner.JUnitCore.run(JUnitCore.java:137)
	at org.junit.runner.JUnitCore.run(JUnitCore.java:115)
	at org.junit.vintage.engine.execution.RunnerExecutor.execute(RunnerExecutor.java:42)
	at org.junit.vintage.engine.VintageTestEngine.executeAllChildren(VintageTestEngine.java:80)
	at org.junit.vintage.engine.VintageTestEngine.execute(VintageTestEngine.java:72)
	at org.junit.platform.launcher.core.EngineExecutionOrchestrator.execute(EngineExecutionOrchestrator.java:107)
	at org.junit.platform.launcher.core.EngineExecutionOrchestrator.execute(EngineExecutionOrchestrator.java:88)
	at org.junit.platform.launcher.core.EngineExecutionOrchestrator.lambda$execute$0(EngineExecutionOrchestrator.java:54)
	at org.junit.platform.launcher.core.EngineExecutionOrchestrator.withInterceptedStreams(EngineExecutionOrchestrator.java:67)
	at org.junit.platform.launcher.core.EngineExecutionOrchestrator.execute(EngineExecutionOrchestrator.java:52)
	at org.junit.platform.launcher.core.DefaultLauncher.execute(DefaultLauncher.java:114)
	at org.junit.platform.launcher.core.DefaultLauncher.execute(DefaultLauncher.java:86)
	at org.junit.platform.launcher.core.DefaultLauncherSession$DelegatingLauncher.execute(DefaultLauncherSession.java:86)
	at org.junit.platform.launcher.core.SessionPerRequestLauncher.execute(SessionPerRequestLauncher.java:53)
	at org.apache.maven.surefire.junitplatform.JUnitPlatformProvider.execute(JUnitPlatformProvider.java:188)
	at org.apache.maven.surefire.junitplatform.JUnitPlatformProvider.invokeAllTests(JUnitPlatformProvider.java:154)
	at org.apache.maven.surefire.junitplatform.JUnitPlatformProvider.invoke(JUnitPlatformProvider.java:128)
	at org.apache.maven.surefire.booter.ForkedBooter.runSuitesInProcess(ForkedBooter.java:428)
	at org.apache.maven.surefire.booter.ForkedBooter.execute(ForkedBooter.java:162)
	at org.apache.maven.surefire.booter.ForkedBooter.run(ForkedBooter.java:562)
	at org.apache.maven.surefire.booter.ForkedBooter.main(ForkedBooter.java:548)
Caused by: org.openqa.selenium.NoSuchElementException: no such element: Unable to locate element: {"method":"xpath","selector":"//a[normalize-space()='Layanan']"}
  (Session info: chrome=114.0.5735.134)
For documentation on this error, please visit: https://selenium.dev/exceptions/#no_such_element
Build info: version: '4.7.1', revision: 'c6795baf1a3'
System info: os.name: 'Windows 11', os.arch: 'amd64', os.version: '10.0', java.version: '19.0.2'
Driver info: org.openqa.selenium.chrome.ChromeDriver
Command: [c0d8108d2ceab1d629176972e499beee, findElement {using=xpath, value=//a[normalize-space()='Layanan']}]
Capabilities {acceptInsecureCerts: true, browserName: chrome, browserVersion: 114.0.5735.134, chrome: {chromedriverVersion: 114.0.5735.90 (386bc09e8f4f..., userDataDir: C:\Users\HP\AppData\Local\T...}, goog:chromeOptions: {debuggerAddress: localhost:50804}, networkConnectionEnabled: false, pageLoadStrategy: normal, platformName: WINDOWS, proxy: Proxy(), se:cdp: ws://localhost:50804/devtoo..., se:cdpVersion: 114.0.5735.134, setWindowRect: true, strictFileInteractability: false, timeouts: {implicit: 0, pageLoad: 300000, script: 30000}, unhandledPromptBehavior: dismiss and notify, webauthn:extension:credBlob: true, webauthn:extension:largeBlob: true, webauthn:extension:minPinLength: true, webauthn:extension:prf: true, webauthn:virtualAuthenticators: true}
Session ID: c0d8108d2ceab1d629176972e499beee
	at java.base/jdk.internal.reflect.DirectConstructorHandleAccessor.newInstance(DirectConstructorHandleAccessor.java:67)
	at java.base/java.lang.reflect.Constructor.newInstanceWithCaller(Constructor.java:500)
	at java.base/java.lang.reflect.Constructor.newInstance(Constructor.java:484)
	at org.openqa.selenium.remote.codec.w3c.W3CHttpResponseCodec.createException(W3CHttpResponseCodec.java:200)
	at org.openqa.selenium.remote.codec.w3c.W3CHttpResponseCodec.decode(W3CHttpResponseCodec.java:133)
	at org.openqa.selenium.remote.codec.w3c.W3CHttpResponseCodec.decode(W3CHttpResponseCodec.java:53)
	at org.openqa.selenium.remote.HttpCommandExecutor.execute(HttpCommandExecutor.java:184)
	at org.openqa.selenium.remote.service.DriverCommandExecutor.invokeExecute(DriverCommandExecutor.java:167)
	at org.openqa.selenium.remote.service.DriverCommandExecutor.execute(DriverCommandExecutor.java:142)
	at org.openqa.selenium.remote.RemoteWebDriver.execute(RemoteWebDriver.java:551)
	at org.openqa.selenium.remote.ElementLocation$ElementFinder$2.findElement(ElementLocation.java:162)
	at org.openqa.selenium.remote.ElementLocation.findElement(ElementLocation.java:60)
	at org.openqa.selenium.remote.RemoteWebDriver.findElement(RemoteWebDriver.java:367)
	at org.openqa.selenium.remote.RemoteWebDriver.findElement(RemoteWebDriver.java:359)
	at net.thucydides.core.webdriver.WebDriverFacade.findElement(WebDriverFacade.java:239)
	at net.serenitybdd.core.pages.WebElementResolverByLocator.resolveForDriver(WebElementResolverByLocator.java:25)
	at net.serenitybdd.core.pages.WebElementFacadeImpl.getResolvedElement(WebElementFacadeImpl.java:189)
	at net.serenitybdd.core.pages.WebElementFacadeImpl.getElement(WebElementFacadeImpl.java:184)
	at net.serenitybdd.core.pages.WebElementExpectations$3.apply(WebElementExpectations.java:63)
	at net.serenitybdd.core.pages.WebElementExpectations$3.apply(WebElementExpectations.java:55)
	at org.openqa.selenium.support.ui.FluentWait.until(FluentWait.java:208)
	... 77 more
&amp#27;[0m
  &amp#27;[36mAnd &amp#27;[0m&amp#27;[36mAdmin klik BPJS&amp#27;[0m                                                      &amp#27;[90m# starter.stepdefinitions.BPJSsteps.adminKlikBPJS()&amp#27;[0m
  &amp#27;[36mThen &amp#27;[0m&amp#27;[36mAdmin klik button + tambah BPJS&amp#27;[0m                                     &amp#27;[90m# starter.stepdefinitions.BPJSsteps.adminKlikButtonTambahBPJS()&amp#27;[0m
  &amp#27;[36mAnd &amp#27;[0m&amp#27;[36mAdmin input kode BPJS&amp#27;[0m                                                &amp#27;[90m# starter.stepdefinitions.BPJSsteps.adminInputKodeBPJS()&amp#27;[0m
  &amp#27;[36mThen &amp#27;[0m&amp#27;[36mAdmin input jenis BPJS&amp#27;[0m                                              &amp#27;[90m# starter.stepdefinitions.BPJSsteps.adminInputJenisBPJS()&amp#27;[0m
  &amp#27;[36mAnd &amp#27;[0m&amp#27;[36mAdmin klik button simpan dan muncul pop up berhasil ditambahkan BPJS&amp#27;[0m &amp#27;[90m# starter.stepdefinitions.BPJSsteps.adminKlikButtonSimpanDanMunculPopUpBerhasilDitambahkanBPJS()&amp#27;[0m
  &amp#27;[36mThen &amp#27;[0m&amp#27;[36mproduk berhasil ditambah dan kembali ke halaman BPJS&amp#27;[0m                &amp#27;[90m# starter.stepdefinitions.BPJSsteps.produkBerhasilDitambahDanKembaliKeHalamanBPJS()&amp#27;[0m
00:43:30.312 [main] ERROR  - 
  _____   ___   ___   _____     ___     _     ___   _      ___   ___  
 |_   _| | __| / __| |_   _|   | __|   /_\   |_ _| | |    | __| |   \ 
   | |   | _|  \__ \   | |     | _|   / _ \   | |  | |__  | _|  | |) |
   |_|   |___| |___/   |_|     |_|   /_/ \_\ |___| |____| |___| |___/ 

Admin berhasil menambahkan produk BPJS
-----------------------------------------------------------------------
00:43:30.315 [main] DEBUG  - RELATED ISSUES: 
00:43:30.317 [main] ERROR  -     Test failed at step: Klikmenulayanan
00:43:30.318 [main] ERROR  -     Expected enabled element was not enabled
00:43:30.384 [Driver Command Executor] DEBUG org.asynchttpclient.netty.request.NettyRequestSender - Using pooled Channel '[id: 0x5f220397, L:/127.0.0.1:50802 - R:localhost/127.0.0.1:34870]' for 'DELETE' to 'http://localhost:34870/session/c0d8108d2ceab1d629176972e499beee'
00:43:30.384 [Driver Command Executor] DEBUG org.asynchttpclient.netty.request.NettyRequestSender - Using open Channel [id: 0x5f220397, L:/127.0.0.1:50802 - R:localhost/127.0.0.1:34870] for DELETE '/session/c0d8108d2ceab1d629176972e499beee'
00:43:30.389 [AsyncHttpClient-1-4] DEBUG org.asynchttpclient.netty.handler.WebSocketHandler - Unexpected I/O exception on channel [id: 0x8046ed04, L:/127.0.0.1:50812 - R:localhost/127.0.0.1:50804]
java.io.IOException: An established connection was aborted by the software in your host machine
	at java.base/sun.nio.ch.SocketDispatcher.read0(Native Method)
	at java.base/sun.nio.ch.SocketDispatcher.read(SocketDispatcher.java:46)
	at java.base/sun.nio.ch.IOUtil.readIntoNativeBuffer(IOUtil.java:339)
	at java.base/sun.nio.ch.IOUtil.read(IOUtil.java:293)
	at java.base/sun.nio.ch.IOUtil.read(IOUtil.java:268)
	at java.base/sun.nio.ch.SocketChannelImpl.read(SocketChannelImpl.java:425)
	at io.netty.buffer.PooledByteBuf.setBytes(PooledByteBuf.java:259)
	at io.netty.buffer.AbstractByteBuf.writeBytes(AbstractByteBuf.java:1132)
	at io.netty.channel.socket.nio.NioSocketChannel.doReadBytes(NioSocketChannel.java:357)
	at io.netty.channel.nio.AbstractNioByteChannel$NioByteUnsafe.read(AbstractNioByteChannel.java:151)
	at io.netty.channel.nio.NioEventLoop.processSelectedKey(NioEventLoop.java:788)
	at io.netty.channel.nio.NioEventLoop.processSelectedKeysOptimized(NioEventLoop.java:724)
	at io.netty.channel.nio.NioEventLoop.processSelectedKeys(NioEventLoop.java:650)
	at io.netty.channel.nio.NioEventLoop.run(NioEventLoop.java:562)
	at io.netty.util.concurrent.SingleThreadEventExecutor$4.run(SingleThreadEventExecutor.java:997)
	at io.netty.util.internal.ThreadExecutorMap$2.run(ThreadExecutorMap.java:74)
	at io.netty.util.concurrent.FastThreadLocalRunnable.run(FastThreadLocalRunnable.java:30)
	at java.base/java.lang.Thread.run(Thread.java:1589)
00:43:30.390 [AsyncHttpClient-1-4] DEBUG org.asynchttpclient.netty.handler.WebSocketHandler - Trying to recover from dead Channel: [id: 0x8046ed04, L:/127.0.0.1:50812 - R:localhost/127.0.0.1:50804]
00:43:30.391 [AsyncHttpClient-1-4] DEBUG org.asynchttpclient.netty.handler.WebSocketHandler - Channel Closed: [id: 0x8046ed04, L:/127.0.0.1:50812 ! R:localhost/127.0.0.1:50804] with attribute NettyResponseFuture{currentRetry=0,
	isDone=1,
	isCancelled=0,
	asyncHandler=org.asynchttpclient.ws.WebSocketUpgradeHandler@300db687,
	nettyRequest=org.asynchttpclient.netty.request.NettyRequest@4010860a,
	future=java.util.concurrent.CompletableFuture@6d834638[Completed normally],
	uri=ws://localhost:50804/devtools/browser/e25f9b64-b0c8-4709-a2d2-04b94e885bb6,
	keepAlive=true,
	redirectCount=0,
	timeoutsHolder=null,
	inAuth=0,
	touch=1687542210389}
00:43:30.393 [AsyncHttpClient-1-4] DEBUG org.asynchttpclient.netty.channel.ChannelManager - Closing Channel [id: 0x8046ed04, L:/127.0.0.1:50812 ! R:localhost/127.0.0.1:50804] 
00:43:30.460 [AsyncHttpClient-1-3] DEBUG org.asynchttpclient.netty.handler.HttpHandler - Unexpected I/O exception on channel [id: 0x0b5faa91, L:/127.0.0.1:50811 - R:localhost/127.0.0.1:50804]
java.net.SocketException: Connection reset
	at java.base/sun.nio.ch.SocketChannelImpl.throwConnectionReset(SocketChannelImpl.java:401)
	at java.base/sun.nio.ch.SocketChannelImpl.read(SocketChannelImpl.java:434)
	at io.netty.buffer.PooledByteBuf.setBytes(PooledByteBuf.java:259)
	at io.netty.buffer.AbstractByteBuf.writeBytes(AbstractByteBuf.java:1132)
	at io.netty.channel.socket.nio.NioSocketChannel.doReadBytes(NioSocketChannel.java:357)
	at io.netty.channel.nio.AbstractNioByteChannel$NioByteUnsafe.read(AbstractNioByteChannel.java:151)
	at io.netty.channel.nio.NioEventLoop.processSelectedKey(NioEventLoop.java:788)
	at io.netty.channel.nio.NioEventLoop.processSelectedKeysOptimized(NioEventLoop.java:724)
	at io.netty.channel.nio.NioEventLoop.processSelectedKeys(NioEventLoop.java:650)
	at io.netty.channel.nio.NioEventLoop.run(NioEventLoop.java:562)
	at io.netty.util.concurrent.SingleThreadEventExecutor$4.run(SingleThreadEventExecutor.java:997)
	at io.netty.util.internal.ThreadExecutorMap$2.run(ThreadExecutorMap.java:74)
	at io.netty.util.concurrent.FastThreadLocalRunnable.run(FastThreadLocalRunnable.java:30)
	at java.base/java.lang.Thread.run(Thread.java:1589)
00:43:30.460 [AsyncHttpClient-1-3] DEBUG org.asynchttpclient.netty.channel.ChannelManager - Closing Channel [id: 0x0b5faa91, L:/127.0.0.1:50811 - R:localhost/127.0.0.1:50804] 
00:43:30.463 [AsyncHttpClient-1-3] DEBUG org.asynchttpclient.netty.handler.HttpHandler - Channel Closed: [id: 0x0b5faa91, L:/127.0.0.1:50811 ! R:localhost/127.0.0.1:50804] with attribute DISCARD
00:43:30.604 [AsyncHttpClient-1-2] DEBUG org.asynchttpclient.netty.handler.HttpHandler - 

Request DefaultFullHttpRequest(decodeResult: success, version: HTTP/1.1, content: EmptyByteBufBE)
DELETE /session/c0d8108d2ceab1d629176972e499beee HTTP/1.1
User-Agent: selenium/4.7.1 (java windows)
Content-Type: application/json; charset=utf-8
host: localhost:34870
accept: */*

Response DefaultHttpResponse(decodeResult: success, version: HTTP/1.1)
HTTP/1.1 200 OK
Content-Type: application/json; charset=utf-8
cache-control: no-cache
content-length: 14

00:43:30.605 [AsyncHttpClient-1-2] DEBUG org.asynchttpclient.netty.channel.ChannelManager - Adding key: http://localhost:34870 for channel [id: 0x5f220397, L:/127.0.0.1:50802 - R:localhost/127.0.0.1:34870]
00:43:30.654 [AsyncHttpClient-1-2] DEBUG org.asynchttpclient.netty.handler.HttpHandler - Channel Closed: [id: 0x5f220397, L:/127.0.0.1:50802 ! R:localhost/127.0.0.1:34870] with attribute DISCARD
]]></system-out>
    <system-err><![CDATA[Starting ChromeDriver 114.0.5735.90 (386bc09e8f4f2e025eddae123f36f6263096ae49-refs/branch-heads/5735@{#1052}) on port 34870
Only local connections are allowed.
Please see https://chromedriver.chromium.org/security-considerations for suggestions on keeping ChromeDriver safe.
ChromeDriver was started successfully.
Jun 24, 2023 12:43:06 AM org.openqa.selenium.devtools.CdpVersionFinder findNearestMatch
WARNING: Unable to find CDP implementation matching 114
Jun 24, 2023 12:43:06 AM org.openqa.selenium.chromium.ChromiumDriver lambda$new$3
WARNING: Unable to find version of CDP to use for . You may need to include a dependency on a specific version of the CDP using something similar to `org.seleniumhq.selenium:selenium-devtools-v86:4.7.1` where the version ("v86") matches the version of the chromium-based browser you're using and the version number of the artifact is the same as Selenium's.
]]></system-err>
  </testcase>
</testsuite>